<?xml version="1.0" encoding="UTF-8" standalone="no"?><?xml-stylesheet type="text/xsl" href="../../data/ralloc.xsl"?><ralloc><code entrylabel="L0" exitlabel="L1" tempsize="0"><frame FP="T0" RV="T1" argssize="0" depth="1" label="_main" locssize="16" size="32"/><instructions><instruction code="L0"/><instruction code="SETL  $0, 3"/><instruction code="INCML $0, 0"/><instruction code="INCMH $0, 0"/><instruction code="INCH  $0, 0"/><instruction code="OR $1, $0, 0"/><instruction code="SETL  $0, 2"/><instruction code="INCML $0, 0"/><instruction code="INCMH $0, 0"/><instruction code="INCH  $0, 0"/><instruction code="OR $0, $0, 0"/><instruction code="ADD $0, $1, $0"/><instruction code="OR $1, $0, 0"/><instruction code="LDA $0, _i"/><instruction code="STO $0, $1, 0"/><instruction code="LDA $0, _i"/><instruction code="OR $0, $0, 0"/><instruction code="OR $1, $0, 0"/><instruction code="SETL  $0, 1"/><instruction code="INCML $0, 0"/><instruction code="INCMH $0, 0"/><instruction code="INCH  $0, 0"/><instruction code="OR $0, $0, 0"/><instruction code="NEG $0, 0, $0"/><instruction code="OR $0, $0, 0"/><instruction code="MUL $0, $1, $0"/><instruction code="OR $1, $0, 0"/><instruction code="SETL  $0, 7"/><instruction code="INCML $0, 0"/><instruction code="INCMH $0, 0"/><instruction code="INCH  $0, 0"/><instruction code="OR $0, $0, 0"/><instruction code="ADD $0, $1, $0"/><instruction code="OR $1, $0, 0"/><instruction code="SETL  $0, 8"/><instruction code="INCML $0, 0"/><instruction code="INCMH $0, 0"/><instruction code="INCH  $0, 0"/><instruction code="NEG $0, 0, $0"/><instruction code="ADD $0, $2, $0"/><instruction code="STO $0, $1, 0"/><instruction code="SETL  $0, 0"/><instruction code="INCML $0, 0"/><instruction code="INCMH $0, 0"/><instruction code="INCH  $0, 0"/><instruction code="OR $0, $0, 0"/><instruction code="OR $0, $0, 0"/><instruction code="LDA $0, L1"/><instruction code="GO $0, $0, 0"/></instructions></code></ralloc>