<?xml version="1.0" encoding="UTF-8" standalone="no"?><?xml-stylesheet type="text/xsl" href="../../data/ralloc.xsl"?><ralloc><code entrylabel="L4" exitlabel="L5" tempsize="0"><frame FP="T6" RV="T7" argssize="16" depth="1" label="_main" locssize="16" size="48"/><instructions><instruction code="L4"/><instruction code="SETL  $0, 0"/><instruction code="INCML $0, 0"/><instruction code="INCMH $0, 0"/><instruction code="INCH  $0, 0"/><instruction code="OR $1, $0, 0"/><instruction code="SETL  $0, 2"/><instruction code="INCML $0, 0"/><instruction code="INCMH $0, 0"/><instruction code="INCH  $0, 0"/><instruction code="OR $0, $0, 0"/><instruction code="STO $1, $254, 8"/><instruction code="STO $0, $254, 16"/><instruction code="LDA $0, _f"/><instruction code="PUSHJ $16, $0, 0"/><instruction code="LDO $0, $254, 0"/><instruction code="OR $0, $0, 0"/><instruction code="SETL  $0, 0"/><instruction code="INCML $0, 0"/><instruction code="INCMH $0, 0"/><instruction code="INCH  $0, 0"/><instruction code="OR $0, $0, 0"/><instruction code="OR $0, $0, 0"/><instruction code="LDA $0, L5"/><instruction code="GO $0, $0, 0"/></instructions></code><code entrylabel="L7" exitlabel="L8" tempsize="0"><frame FP="T10" RV="T11" argssize="16" depth="2" label="L0" locssize="0" size="32"/><instructions><instruction code="L7"/><instruction code="OR $1, $0, 0"/><instruction code="OR $2, $1, 0"/><instruction code="SETL  $1, 8"/><instruction code="INCML $1, 0"/><instruction code="INCMH $1, 0"/><instruction code="INCH  $1, 0"/><instruction code="OR $1, $1, 0"/><instruction code="ADD $1, $2, $1"/><instruction code="OR $1, $1, 0"/><instruction code="OR $0, $1, 0"/><instruction code="OR $2, $0, 0"/><instruction code="SETL  $1, 8"/><instruction code="INCML $1, 0"/><instruction code="INCMH $1, 0"/><instruction code="INCH  $1, 0"/><instruction code="OR $1, $1, 0"/><instruction code="ADD $1, $2, $1"/><instruction code="OR $1, $1, 0"/><instruction code="OR $2, $1, 0"/><instruction code="SETL  $1, 1"/><instruction code="INCML $1, 0"/><instruction code="INCMH $1, 0"/><instruction code="INCH  $1, 0"/><instruction code="OR $1, $1, 0"/><instruction code="CMP $1, $2, $1"/><instruction code="ZSZ $1, $1, 1"/><instruction code="OR $1, $1, 0"/><instruction code="BNZ $1, L1"/><instruction code="L6"/><instruction code="LDA $1, L2"/><instruction code="GO $1, $1, 0"/><instruction code="L1"/><instruction code="SETL  $1, 1"/><instruction code="INCML $1, 0"/><instruction code="INCMH $1, 0"/><instruction code="INCH  $1, 0"/><instruction code="OR $0, $1, 0"/><instruction code="LDA $1, L3"/><instruction code="GO $1, $1, 0"/><instruction code="L2"/><instruction code="OR $2, $0, 0"/><instruction code="OR $1, $0, 0"/><instruction code="SETL  $0, 8"/><instruction code="INCML $0, 0"/><instruction code="INCMH $0, 0"/><instruction code="INCH  $0, 0"/><instruction code="OR $0, $0, 0"/><instruction code="ADD $0, $1, $0"/><instruction code="OR $0, $0, 0"/><instruction code="OR $1, $0, 0"/><instruction code="SETL  $0, 1"/><instruction code="INCML $0, 0"/><instruction code="INCMH $0, 0"/><instruction code="INCH  $0, 0"/><instruction code="OR $0, $0, 0"/><instruction code="ADD $0, $1, $0"/><instruction code="OR $0, $0, 0"/><instruction code="STO $2, $254, 8"/><instruction code="STO $0, $254, 16"/><instruction code="LDA $0, L0"/><instruction code="PUSHJ $16, $0, 0"/><instruction code="LDO $0, $254, 0"/><instruction code="OR $0, $0, 0"/><instruction code="L3"/><instruction code="SETL  $0, 0"/><instruction code="INCML $0, 0"/><instruction code="INCMH $0, 0"/><instruction code="INCH  $0, 0"/><instruction code="OR $0, $0, 0"/><instruction code="OR $0, $0, 0"/><instruction code="LDA $0, L8"/><instruction code="GO $0, $0, 0"/></instructions></code><code entrylabel="L9" exitlabel="L10" tempsize="0"><frame FP="T8" RV="T9" argssize="16" depth="1" label="_f" locssize="0" size="32"/><instructions><instruction code="L9"/><instruction code="OR $1, $0, 0"/><instruction code="SETL  $0, 0"/><instruction code="INCML $0, 0"/><instruction code="INCMH $0, 0"/><instruction code="INCH  $0, 0"/><instruction code="OR $0, $0, 0"/><instruction code="STO $1, $254, 8"/><instruction code="STO $0, $254, 16"/><instruction code="LDA $0, L0"/><instruction code="PUSHJ $16, $0, 0"/><instruction code="LDO $0, $254, 0"/><instruction code="OR $0, $0, 0"/><instruction code="SETL  $0, 0"/><instruction code="INCML $0, 0"/><instruction code="INCMH $0, 0"/><instruction code="INCH  $0, 0"/><instruction code="OR $0, $0, 0"/><instruction code="OR $0, $0, 0"/><instruction code="LDA $0, L10"/><instruction code="GO $0, $0, 0"/></instructions></code></ralloc>