<?xml version="1.0" encoding="UTF-8" standalone="no"?><?xml-stylesheet type="text/xsl" href="../../data/ralloc.xsl"?><ralloc><code entrylabel="L0" exitlabel="L1" tempsize="0"><frame FP="T6" RV="T7" argssize="16" depth="1" label="_main" locssize="0" size="32"/><instructions><instruction code="L0"/><instruction code="SETL  $0, 0"/><instruction code="INCML $0, 0"/><instruction code="INCMH $0, 0"/><instruction code="INCH  $0, 0"/><instruction code="OR $1, $0, 0"/><instruction code="SETL  $0, 0"/><instruction code="INCML $0, 0"/><instruction code="INCMH $0, 0"/><instruction code="INCH  $0, 0"/><instruction code="OR $0, $0, 0"/><instruction code="STO $1, $254, 8"/><instruction code="STO $0, $254, 16"/><instruction code="LDA $0, _putInt"/><instruction code="PUSHJ $16, $0, 0"/><instruction code="LDO $0, $254, 0"/><instruction code="OR $0, $0, 0"/><instruction code="SETL  $0, 0"/><instruction code="INCML $0, 0"/><instruction code="INCMH $0, 0"/><instruction code="INCH  $0, 0"/><instruction code="OR $0, $0, 0"/><instruction code="OR $0, $0, 0"/><instruction code="LDA $0, L1"/><instruction code="GO $0, $0, 0"/></instructions></code></ralloc>