<?xml version="1.0" encoding="UTF-8" standalone="no"?><?xml-stylesheet type="text/xsl" href="../../data/imcgen.xsl"?><imcgen><node label="Source"><node label="Decls"><node label="FunDecl" lexeme="putInt"><node label="ParDecls"><node label="ParDecl" lexeme="n"><node label="AtomType" spec="INT"><location loc="1.14--1.16"/></node><location loc="1.12--1.16"/><access depth="1" offset="8" size="8"/></node><location loc="1.12--1.16"/></node><node label="AtomType" spec="VOID"><location loc="1.19--1.22"/></node><location loc="1.1--1.23"/></node><node label="FunDecl" lexeme="putChar"><node label="ParDecls"><node label="ParDecl" lexeme="c"><node label="AtomType" spec="CHAR"><location loc="2.15--2.18"/></node><location loc="2.13--2.18"/><access depth="1" offset="8" size="8"/></node><location loc="2.13--2.18"/></node><node label="AtomType" spec="VOID"><location loc="2.21--2.24"/></node><location loc="2.1--2.25"/></node><node label="FunDecl" lexeme="putString"><node label="ParDecls"><node label="ParDecl" lexeme="s"><node label="PtrType"><node label="AtomType" spec="CHAR"><location loc="3.21--3.24"/></node><location loc="3.17--3.24"/><type label="PTR"><type label="CHAR"/></type></node><location loc="3.15--3.24"/><access depth="1" offset="8" size="8"/></node><location loc="3.15--3.24"/></node><node label="AtomType" spec="VOID"><location loc="3.27--3.30"/></node><location loc="3.1--3.31"/></node><node label="FunDef" lexeme="main"><node label="ParDecls"><location loc="0.0--0.0"/></node><node label="AtomType" spec="INT"><location loc="5.12--5.14"/></node><node label="BlockExpr"><node label="Decls"><node label="VarDecl" lexeme="n"><node label="AtomType" spec="INT"><location loc="70.13--70.15"/></node><location loc="70.7--70.16"/><access depth="1" offset="-8" size="8"/></node><node label="VarDecl" lexeme="m"><node label="AtomType" spec="INT"><location loc="70.24--70.26"/></node><location loc="70.18--70.27"/><access depth="1" offset="-16" size="8"/></node><location loc="70.7--70.27"/></node><node label="Stmts"><node label="ExprStmt"><node label="FunName" lexeme="putString"><node label="Args"><node label="AtomExpr" lexeme="&quot; facItr: &quot;" spec="STR"><location loc="7.17--7.27"/><type label="PTR"><type label="CHAR"/></type><imc name="NAME" value="L5"/></node><location loc="7.17--7.27"/></node><location loc="7.7--7.28"/><declaredAt location="3.1--3.31"/><type label="VOID"/><imc name="CALL" value="_putString"><imc name="CONST" value="0"/><imc name="NAME" value="L5"/></imc></node><location loc="7.7--7.28"/><imc name="ESTMT"><imc name="CALL" value="_putString"><imc name="CONST" value="0"/><imc name="NAME" value="L5"/></imc></imc></node><node label="ExprStmt"><node label="FunName" lexeme="putChar"><node label="Args"><node label="CastExpr"><node label="AtomExpr" lexeme="10" spec="INT"><location loc="7.40--7.41"/><type label="INT"/><imc name="CONST" value="10"/></node><node label="AtomType" spec="CHAR"><location loc="7.43--7.46"/></node><location loc="7.42--7.47"/><type label="CHAR"/><imc name="BINOP" value="MOD"><imc name="CONST" value="10"/><imc name="CONST" value="256"/></imc></node><location loc="7.42--7.47"/></node><location loc="7.31--7.48"/><declaredAt location="2.1--2.25"/><type label="VOID"/><imc name="CALL" value="_putChar"><imc name="CONST" value="0"/><imc name="BINOP" value="MOD"><imc name="CONST" value="10"/><imc name="CONST" value="256"/></imc></imc></node><location loc="7.31--7.48"/><imc name="ESTMT"><imc name="CALL" value="_putChar"><imc name="CONST" value="0"/><imc name="BINOP" value="MOD"><imc name="CONST" value="10"/><imc name="CONST" value="256"/></imc></imc></imc></node><node label="AssignStmt"><node label="VarName" lexeme="n"><location loc="8.7--8.7"/><declaredAt location="70.7--70.16"/><imc name="BINOP" value="ADD"><imc name="TEMP" value="6"/><imc name="CONST" value="-8"/></imc></node><node label="AtomExpr" lexeme="1" spec="INT"><location loc="8.9--8.9"/><type label="INT"/><imc name="CONST" value="1"/></node><location loc="8.7--8.9"/><imc name="MOVE"><imc name="MEM"><imc name="BINOP" value="ADD"><imc name="TEMP" value="6"/><imc name="CONST" value="-8"/></imc></imc><imc name="CONST" value="1"/></imc></node><node label="WhileStmt"><node label="BinExpr" spec="LEQ"><node label="VarName" lexeme="n"><location loc="9.13--9.13"/><declaredAt location="70.7--70.16"/><imc name="MEM"><imc name="BINOP" value="ADD"><imc name="TEMP" value="6"/><imc name="CONST" value="-8"/></imc></imc></node><node label="AtomExpr" lexeme="10" spec="INT"><location loc="9.16--9.17"/><type label="INT"/><imc name="CONST" value="10"/></node><location loc="9.13--9.17"/><type label="BOOL"/><imc name="BINOP" value="LEQ"><imc name="MEM"><imc name="BINOP" value="ADD"><imc name="TEMP" value="6"/><imc name="CONST" value="-8"/></imc></imc><imc name="CONST" value="10"/></imc></node><node label="Stmts"><node label="ExprStmt"><node label="FunName" lexeme="putInt"><node label="Args"><node label="VarName" lexeme="n"><location loc="10.16--10.16"/><declaredAt location="70.7--70.16"/><type label="INT"/><imc name="MEM"><imc name="BINOP" value="ADD"><imc name="TEMP" value="6"/><imc name="CONST" value="-8"/></imc></imc></node><location loc="10.16--10.16"/></node><location loc="10.9--10.17"/><declaredAt location="1.1--1.23"/><type label="VOID"/><imc name="CALL" value="_putInt"><imc name="CONST" value="0"/><imc name="MEM"><imc name="BINOP" value="ADD"><imc name="TEMP" value="6"/><imc name="CONST" value="-8"/></imc></imc></imc></node><location loc="10.9--10.17"/><imc name="ESTMT"><imc name="CALL" value="_putInt"><imc name="CONST" value="0"/><imc name="MEM"><imc name="BINOP" value="ADD"><imc name="TEMP" value="6"/><imc name="CONST" value="-8"/></imc></imc></imc></imc></node><node label="ExprStmt"><node label="FunName" lexeme="putString"><node label="Args"><node label="AtomExpr" lexeme="&quot; :  &quot;" spec="STR"><location loc="10.30--10.35"/><type label="PTR"><type label="CHAR"/></type><imc name="NAME" value="L6"/></node><location loc="10.30--10.35"/></node><location loc="10.20--10.36"/><declaredAt location="3.1--3.31"/><type label="VOID"/><imc name="CALL" value="_putString"><imc name="CONST" value="0"/><imc name="NAME" value="L6"/></imc></node><location loc="10.20--10.36"/><imc name="ESTMT"><imc name="CALL" value="_putString"><imc name="CONST" value="0"/><imc name="NAME" value="L6"/></imc></imc></node><node label="ExprStmt"><node label="FunName" lexeme="putInt"><node label="Args"><node label="FunName" lexeme="facItr"><node label="Args"><node label="VarName" lexeme="n"><location loc="11.23--11.23"/><declaredAt location="70.7--70.16"/><type label="INT"/><imc name="MEM"><imc name="BINOP" value="ADD"><imc name="TEMP" value="6"/><imc name="CONST" value="-8"/></imc></imc></node><location loc="11.23--11.23"/></node><location loc="11.16--11.24"/><declaredAt location="73.1--79.6"/><type label="INT"/><imc name="CALL" value="_facItr"><imc name="CONST" value="0"/><imc name="MEM"><imc name="BINOP" value="ADD"><imc name="TEMP" value="6"/><imc name="CONST" value="-8"/></imc></imc></imc></node><location loc="11.16--11.24"/></node><location loc="11.9--11.25"/><declaredAt location="1.1--1.23"/><type label="VOID"/><imc name="CALL" value="_putInt"><imc name="CONST" value="0"/><imc name="CALL" value="_facItr"><imc name="CONST" value="0"/><imc name="MEM"><imc name="BINOP" value="ADD"><imc name="TEMP" value="6"/><imc name="CONST" value="-8"/></imc></imc></imc></imc></node><location loc="11.9--11.25"/><imc name="ESTMT"><imc name="CALL" value="_putInt"><imc name="CONST" value="0"/><imc name="CALL" value="_facItr"><imc name="CONST" value="0"/><imc name="MEM"><imc name="BINOP" value="ADD"><imc name="TEMP" value="6"/><imc name="CONST" value="-8"/></imc></imc></imc></imc></imc></node><node label="ExprStmt"><node label="FunName" lexeme="putChar"><node label="Args"><node label="CastExpr"><node label="AtomExpr" lexeme="10" spec="INT"><location loc="12.18--12.19"/><type label="INT"/><imc name="CONST" value="10"/></node><node label="AtomType" spec="CHAR"><location loc="12.21--12.24"/></node><location loc="12.20--12.25"/><type label="CHAR"/><imc name="BINOP" value="MOD"><imc name="CONST" value="10"/><imc name="CONST" value="256"/></imc></node><location loc="12.20--12.25"/></node><location loc="12.9--12.26"/><declaredAt location="2.1--2.25"/><type label="VOID"/><imc name="CALL" value="_putChar"><imc name="CONST" value="0"/><imc name="BINOP" value="MOD"><imc name="CONST" value="10"/><imc name="CONST" value="256"/></imc></imc></node><location loc="12.9--12.26"/><imc name="ESTMT"><imc name="CALL" value="_putChar"><imc name="CONST" value="0"/><imc name="BINOP" value="MOD"><imc name="CONST" value="10"/><imc name="CONST" value="256"/></imc></imc></imc></node><node label="AssignStmt"><node label="VarName" lexeme="n"><location loc="13.9--13.9"/><declaredAt location="70.7--70.16"/><imc name="BINOP" value="ADD"><imc name="TEMP" value="6"/><imc name="CONST" value="-8"/></imc></node><node label="BinExpr" spec="ADD"><node label="VarName" lexeme="n"><location loc="13.11--13.11"/><declaredAt location="70.7--70.16"/><imc name="MEM"><imc name="BINOP" value="ADD"><imc name="TEMP" value="6"/><imc name="CONST" value="-8"/></imc></imc></node><node label="AtomExpr" lexeme="1" spec="INT"><location loc="13.13--13.13"/><type label="INT"/><imc name="CONST" value="1"/></node><location loc="13.11--13.13"/><type label="INT"/><imc name="BINOP" value="ADD"><imc name="MEM"><imc name="BINOP" value="ADD"><imc name="TEMP" value="6"/><imc name="CONST" value="-8"/></imc></imc><imc name="CONST" value="1"/></imc></node><location loc="13.9--13.13"/><imc name="MOVE"><imc name="MEM"><imc name="BINOP" value="ADD"><imc name="TEMP" value="6"/><imc name="CONST" value="-8"/></imc></imc><imc name="BINOP" value="ADD"><imc name="MEM"><imc name="BINOP" value="ADD"><imc name="TEMP" value="6"/><imc name="CONST" value="-8"/></imc></imc><imc name="CONST" value="1"/></imc></imc></node><location loc="10.9--13.13"/></node><location loc="9.7--14.9"/><imc name="STMTS"><imc name="LABEL" value="L7"/><imc name="CJUMP" value="L8:L9"><imc name="BINOP" value="LEQ"><imc name="MEM"><imc name="BINOP" value="ADD"><imc name="TEMP" value="6"/><imc name="CONST" value="-8"/></imc></imc><imc name="CONST" value="10"/></imc></imc><imc name="LABEL" value="L8"/><imc name="STMTS"><imc name="ESTMT"><imc name="CALL" value="_putInt"><imc name="CONST" value="0"/><imc name="MEM"><imc name="BINOP" value="ADD"><imc name="TEMP" value="6"/><imc name="CONST" value="-8"/></imc></imc></imc></imc><imc name="ESTMT"><imc name="CALL" value="_putString"><imc name="CONST" value="0"/><imc name="NAME" value="L6"/></imc></imc><imc name="ESTMT"><imc name="CALL" value="_putInt"><imc name="CONST" value="0"/><imc name="CALL" value="_facItr"><imc name="CONST" value="0"/><imc name="MEM"><imc name="BINOP" value="ADD"><imc name="TEMP" value="6"/><imc name="CONST" value="-8"/></imc></imc></imc></imc></imc><imc name="ESTMT"><imc name="CALL" value="_putChar"><imc name="CONST" value="0"/><imc name="BINOP" value="MOD"><imc name="CONST" value="10"/><imc name="CONST" value="256"/></imc></imc></imc><imc name="MOVE"><imc name="MEM"><imc name="BINOP" value="ADD"><imc name="TEMP" value="6"/><imc name="CONST" value="-8"/></imc></imc><imc name="BINOP" value="ADD"><imc name="MEM"><imc name="BINOP" value="ADD"><imc name="TEMP" value="6"/><imc name="CONST" value="-8"/></imc></imc><imc name="CONST" value="1"/></imc></imc></imc><imc name="JUMP" value="L7"/><imc name="LABEL" value="L9"/></imc></node><node label="ExprStmt"><node label="FunName" lexeme="putString"><node label="Args"><node label="AtomExpr" lexeme="&quot; facRec: &quot;" spec="STR"><location loc="16.17--16.27"/><type label="PTR"><type label="CHAR"/></type><imc name="NAME" value="L10"/></node><location loc="16.17--16.27"/></node><location loc="16.7--16.28"/><declaredAt location="3.1--3.31"/><type label="VOID"/><imc name="CALL" value="_putString"><imc name="CONST" value="0"/><imc name="NAME" value="L10"/></imc></node><location loc="16.7--16.28"/><imc name="ESTMT"><imc name="CALL" value="_putString"><imc name="CONST" value="0"/><imc name="NAME" value="L10"/></imc></imc></node><node label="ExprStmt"><node label="FunName" lexeme="putChar"><node label="Args"><node label="CastExpr"><node label="AtomExpr" lexeme="10" spec="INT"><location loc="16.40--16.41"/><type label="INT"/><imc name="CONST" value="10"/></node><node label="AtomType" spec="CHAR"><location loc="16.43--16.46"/></node><location loc="16.42--16.47"/><type label="CHAR"/><imc name="BINOP" value="MOD"><imc name="CONST" value="10"/><imc name="CONST" value="256"/></imc></node><location loc="16.42--16.47"/></node><location loc="16.31--16.48"/><declaredAt location="2.1--2.25"/><type label="VOID"/><imc name="CALL" value="_putChar"><imc name="CONST" value="0"/><imc name="BINOP" value="MOD"><imc name="CONST" value="10"/><imc name="CONST" value="256"/></imc></imc></node><location loc="16.31--16.48"/><imc name="ESTMT"><imc name="CALL" value="_putChar"><imc name="CONST" value="0"/><imc name="BINOP" value="MOD"><imc name="CONST" value="10"/><imc name="CONST" value="256"/></imc></imc></imc></node><node label="AssignStmt"><node label="VarName" lexeme="n"><location loc="17.7--17.7"/><declaredAt location="70.7--70.16"/><imc name="BINOP" value="ADD"><imc name="TEMP" value="6"/><imc name="CONST" value="-8"/></imc></node><node label="AtomExpr" lexeme="1" spec="INT"><location loc="17.9--17.9"/><type label="INT"/><imc name="CONST" value="1"/></node><location loc="17.7--17.9"/><imc name="MOVE"><imc name="MEM"><imc name="BINOP" value="ADD"><imc name="TEMP" value="6"/><imc name="CONST" value="-8"/></imc></imc><imc name="CONST" value="1"/></imc></node><node label="WhileStmt"><node label="BinExpr" spec="LEQ"><node label="VarName" lexeme="n"><location loc="18.13--18.13"/><declaredAt location="70.7--70.16"/><imc name="MEM"><imc name="BINOP" value="ADD"><imc name="TEMP" value="6"/><imc name="CONST" value="-8"/></imc></imc></node><node label="AtomExpr" lexeme="10" spec="INT"><location loc="18.16--18.17"/><type label="INT"/><imc name="CONST" value="10"/></node><location loc="18.13--18.17"/><type label="BOOL"/><imc name="BINOP" value="LEQ"><imc name="MEM"><imc name="BINOP" value="ADD"><imc name="TEMP" value="6"/><imc name="CONST" value="-8"/></imc></imc><imc name="CONST" value="10"/></imc></node><node label="Stmts"><node label="ExprStmt"><node label="FunName" lexeme="putInt"><node label="Args"><node label="VarName" lexeme="n"><location loc="19.16--19.16"/><declaredAt location="70.7--70.16"/><type label="INT"/><imc name="MEM"><imc name="BINOP" value="ADD"><imc name="TEMP" value="6"/><imc name="CONST" value="-8"/></imc></imc></node><location loc="19.16--19.16"/></node><location loc="19.9--19.17"/><declaredAt location="1.1--1.23"/><type label="VOID"/><imc name="CALL" value="_putInt"><imc name="CONST" value="0"/><imc name="MEM"><imc name="BINOP" value="ADD"><imc name="TEMP" value="6"/><imc name="CONST" value="-8"/></imc></imc></imc></node><location loc="19.9--19.17"/><imc name="ESTMT"><imc name="CALL" value="_putInt"><imc name="CONST" value="0"/><imc name="MEM"><imc name="BINOP" value="ADD"><imc name="TEMP" value="6"/><imc name="CONST" value="-8"/></imc></imc></imc></imc></node><node label="ExprStmt"><node label="FunName" lexeme="putString"><node label="Args"><node label="AtomExpr" lexeme="&quot; :  &quot;" spec="STR"><location loc="19.30--19.35"/><type label="PTR"><type label="CHAR"/></type><imc name="NAME" value="L11"/></node><location loc="19.30--19.35"/></node><location loc="19.20--19.36"/><declaredAt location="3.1--3.31"/><type label="VOID"/><imc name="CALL" value="_putString"><imc name="CONST" value="0"/><imc name="NAME" value="L11"/></imc></node><location loc="19.20--19.36"/><imc name="ESTMT"><imc name="CALL" value="_putString"><imc name="CONST" value="0"/><imc name="NAME" value="L11"/></imc></imc></node><node label="ExprStmt"><node label="FunName" lexeme="putInt"><node label="Args"><node label="FunName" lexeme="facRec"><node label="Args"><node label="VarName" lexeme="n"><location loc="20.23--20.23"/><declaredAt location="70.7--70.16"/><type label="INT"/><imc name="MEM"><imc name="BINOP" value="ADD"><imc name="TEMP" value="6"/><imc name="CONST" value="-8"/></imc></imc></node><location loc="20.23--20.23"/></node><location loc="20.16--20.24"/><declaredAt location="81.1--86.6"/><type label="INT"/><imc name="CALL" value="_facRec"><imc name="CONST" value="0"/><imc name="MEM"><imc name="BINOP" value="ADD"><imc name="TEMP" value="6"/><imc name="CONST" value="-8"/></imc></imc></imc></node><location loc="20.16--20.24"/></node><location loc="20.9--20.25"/><declaredAt location="1.1--1.23"/><type label="VOID"/><imc name="CALL" value="_putInt"><imc name="CONST" value="0"/><imc name="CALL" value="_facRec"><imc name="CONST" value="0"/><imc name="MEM"><imc name="BINOP" value="ADD"><imc name="TEMP" value="6"/><imc name="CONST" value="-8"/></imc></imc></imc></imc></node><location loc="20.9--20.25"/><imc name="ESTMT"><imc name="CALL" value="_putInt"><imc name="CONST" value="0"/><imc name="CALL" value="_facRec"><imc name="CONST" value="0"/><imc name="MEM"><imc name="BINOP" value="ADD"><imc name="TEMP" value="6"/><imc name="CONST" value="-8"/></imc></imc></imc></imc></imc></node><node label="ExprStmt"><node label="FunName" lexeme="putChar"><node label="Args"><node label="CastExpr"><node label="AtomExpr" lexeme="10" spec="INT"><location loc="21.18--21.19"/><type label="INT"/><imc name="CONST" value="10"/></node><node label="AtomType" spec="CHAR"><location loc="21.21--21.24"/></node><location loc="21.20--21.25"/><type label="CHAR"/><imc name="BINOP" value="MOD"><imc name="CONST" value="10"/><imc name="CONST" value="256"/></imc></node><location loc="21.20--21.25"/></node><location loc="21.9--21.26"/><declaredAt location="2.1--2.25"/><type label="VOID"/><imc name="CALL" value="_putChar"><imc name="CONST" value="0"/><imc name="BINOP" value="MOD"><imc name="CONST" value="10"/><imc name="CONST" value="256"/></imc></imc></node><location loc="21.9--21.26"/><imc name="ESTMT"><imc name="CALL" value="_putChar"><imc name="CONST" value="0"/><imc name="BINOP" value="MOD"><imc name="CONST" value="10"/><imc name="CONST" value="256"/></imc></imc></imc></node><node label="AssignStmt"><node label="VarName" lexeme="n"><location loc="22.9--22.9"/><declaredAt location="70.7--70.16"/><imc name="BINOP" value="ADD"><imc name="TEMP" value="6"/><imc name="CONST" value="-8"/></imc></node><node label="BinExpr" spec="ADD"><node label="VarName" lexeme="n"><location loc="22.11--22.11"/><declaredAt location="70.7--70.16"/><imc name="MEM"><imc name="BINOP" value="ADD"><imc name="TEMP" value="6"/><imc name="CONST" value="-8"/></imc></imc></node><node label="AtomExpr" lexeme="1" spec="INT"><location loc="22.13--22.13"/><type label="INT"/><imc name="CONST" value="1"/></node><location loc="22.11--22.13"/><type label="INT"/><imc name="BINOP" value="ADD"><imc name="MEM"><imc name="BINOP" value="ADD"><imc name="TEMP" value="6"/><imc name="CONST" value="-8"/></imc></imc><imc name="CONST" value="1"/></imc></node><location loc="22.9--22.13"/><imc name="MOVE"><imc name="MEM"><imc name="BINOP" value="ADD"><imc name="TEMP" value="6"/><imc name="CONST" value="-8"/></imc></imc><imc name="BINOP" value="ADD"><imc name="MEM"><imc name="BINOP" value="ADD"><imc name="TEMP" value="6"/><imc name="CONST" value="-8"/></imc></imc><imc name="CONST" value="1"/></imc></imc></node><location loc="19.9--22.13"/></node><location loc="18.7--23.9"/><imc name="STMTS"><imc name="LABEL" value="L12"/><imc name="CJUMP" value="L13:L14"><imc name="BINOP" value="LEQ"><imc name="MEM"><imc name="BINOP" value="ADD"><imc name="TEMP" value="6"/><imc name="CONST" value="-8"/></imc></imc><imc name="CONST" value="10"/></imc></imc><imc name="LABEL" value="L13"/><imc name="STMTS"><imc name="ESTMT"><imc name="CALL" value="_putInt"><imc name="CONST" value="0"/><imc name="MEM"><imc name="BINOP" value="ADD"><imc name="TEMP" value="6"/><imc name="CONST" value="-8"/></imc></imc></imc></imc><imc name="ESTMT"><imc name="CALL" value="_putString"><imc name="CONST" value="0"/><imc name="NAME" value="L11"/></imc></imc><imc name="ESTMT"><imc name="CALL" value="_putInt"><imc name="CONST" value="0"/><imc name="CALL" value="_facRec"><imc name="CONST" value="0"/><imc name="MEM"><imc name="BINOP" value="ADD"><imc name="TEMP" value="6"/><imc name="CONST" value="-8"/></imc></imc></imc></imc></imc><imc name="ESTMT"><imc name="CALL" value="_putChar"><imc name="CONST" value="0"/><imc name="BINOP" value="MOD"><imc name="CONST" value="10"/><imc name="CONST" value="256"/></imc></imc></imc><imc name="MOVE"><imc name="MEM"><imc name="BINOP" value="ADD"><imc name="TEMP" value="6"/><imc name="CONST" value="-8"/></imc></imc><imc name="BINOP" value="ADD"><imc name="MEM"><imc name="BINOP" value="ADD"><imc name="TEMP" value="6"/><imc name="CONST" value="-8"/></imc></imc><imc name="CONST" value="1"/></imc></imc></imc><imc name="JUMP" value="L12"/><imc name="LABEL" value="L14"/></imc></node><node label="ExprStmt"><node label="FunName" lexeme="putString"><node label="Args"><node label="AtomExpr" lexeme="&quot; fibItr: &quot;" spec="STR"><location loc="25.17--25.27"/><type label="PTR"><type label="CHAR"/></type><imc name="NAME" value="L15"/></node><location loc="25.17--25.27"/></node><location loc="25.7--25.28"/><declaredAt location="3.1--3.31"/><type label="VOID"/><imc name="CALL" value="_putString"><imc name="CONST" value="0"/><imc name="NAME" value="L15"/></imc></node><location loc="25.7--25.28"/><imc name="ESTMT"><imc name="CALL" value="_putString"><imc name="CONST" value="0"/><imc name="NAME" value="L15"/></imc></imc></node><node label="ExprStmt"><node label="FunName" lexeme="putChar"><node label="Args"><node label="CastExpr"><node label="AtomExpr" lexeme="10" spec="INT"><location loc="25.40--25.41"/><type label="INT"/><imc name="CONST" value="10"/></node><node label="AtomType" spec="CHAR"><location loc="25.43--25.46"/></node><location loc="25.42--25.47"/><type label="CHAR"/><imc name="BINOP" value="MOD"><imc name="CONST" value="10"/><imc name="CONST" value="256"/></imc></node><location loc="25.42--25.47"/></node><location loc="25.31--25.48"/><declaredAt location="2.1--2.25"/><type label="VOID"/><imc name="CALL" value="_putChar"><imc name="CONST" value="0"/><imc name="BINOP" value="MOD"><imc name="CONST" value="10"/><imc name="CONST" value="256"/></imc></imc></node><location loc="25.31--25.48"/><imc name="ESTMT"><imc name="CALL" value="_putChar"><imc name="CONST" value="0"/><imc name="BINOP" value="MOD"><imc name="CONST" value="10"/><imc name="CONST" value="256"/></imc></imc></imc></node><node label="AssignStmt"><node label="VarName" lexeme="n"><location loc="26.7--26.7"/><declaredAt location="70.7--70.16"/><imc name="BINOP" value="ADD"><imc name="TEMP" value="6"/><imc name="CONST" value="-8"/></imc></node><node label="AtomExpr" lexeme="1" spec="INT"><location loc="26.9--26.9"/><type label="INT"/><imc name="CONST" value="1"/></node><location loc="26.7--26.9"/><imc name="MOVE"><imc name="MEM"><imc name="BINOP" value="ADD"><imc name="TEMP" value="6"/><imc name="CONST" value="-8"/></imc></imc><imc name="CONST" value="1"/></imc></node><node label="WhileStmt"><node label="BinExpr" spec="LEQ"><node label="VarName" lexeme="n"><location loc="27.13--27.13"/><declaredAt location="70.7--70.16"/><imc name="MEM"><imc name="BINOP" value="ADD"><imc name="TEMP" value="6"/><imc name="CONST" value="-8"/></imc></imc></node><node label="AtomExpr" lexeme="10" spec="INT"><location loc="27.16--27.17"/><type label="INT"/><imc name="CONST" value="10"/></node><location loc="27.13--27.17"/><type label="BOOL"/><imc name="BINOP" value="LEQ"><imc name="MEM"><imc name="BINOP" value="ADD"><imc name="TEMP" value="6"/><imc name="CONST" value="-8"/></imc></imc><imc name="CONST" value="10"/></imc></node><node label="Stmts"><node label="ExprStmt"><node label="FunName" lexeme="putInt"><node label="Args"><node label="VarName" lexeme="n"><location loc="28.16--28.16"/><declaredAt location="70.7--70.16"/><type label="INT"/><imc name="MEM"><imc name="BINOP" value="ADD"><imc name="TEMP" value="6"/><imc name="CONST" value="-8"/></imc></imc></node><location loc="28.16--28.16"/></node><location loc="28.9--28.17"/><declaredAt location="1.1--1.23"/><type label="VOID"/><imc name="CALL" value="_putInt"><imc name="CONST" value="0"/><imc name="MEM"><imc name="BINOP" value="ADD"><imc name="TEMP" value="6"/><imc name="CONST" value="-8"/></imc></imc></imc></node><location loc="28.9--28.17"/><imc name="ESTMT"><imc name="CALL" value="_putInt"><imc name="CONST" value="0"/><imc name="MEM"><imc name="BINOP" value="ADD"><imc name="TEMP" value="6"/><imc name="CONST" value="-8"/></imc></imc></imc></imc></node><node label="ExprStmt"><node label="FunName" lexeme="putString"><node label="Args"><node label="AtomExpr" lexeme="&quot; :  &quot;" spec="STR"><location loc="28.30--28.35"/><type label="PTR"><type label="CHAR"/></type><imc name="NAME" value="L16"/></node><location loc="28.30--28.35"/></node><location loc="28.20--28.36"/><declaredAt location="3.1--3.31"/><type label="VOID"/><imc name="CALL" value="_putString"><imc name="CONST" value="0"/><imc name="NAME" value="L16"/></imc></node><location loc="28.20--28.36"/><imc name="ESTMT"><imc name="CALL" value="_putString"><imc name="CONST" value="0"/><imc name="NAME" value="L16"/></imc></imc></node><node label="ExprStmt"><node label="FunName" lexeme="putInt"><node label="Args"><node label="FunName" lexeme="fibItr"><node label="Args"><node label="VarName" lexeme="n"><location loc="29.23--29.23"/><declaredAt location="70.7--70.16"/><type label="INT"/><imc name="MEM"><imc name="BINOP" value="ADD"><imc name="TEMP" value="6"/><imc name="CONST" value="-8"/></imc></imc></node><location loc="29.23--29.23"/></node><location loc="29.16--29.24"/><declaredAt location="88.1--99.6"/><type label="INT"/><imc name="CALL" value="_fibItr"><imc name="CONST" value="0"/><imc name="MEM"><imc name="BINOP" value="ADD"><imc name="TEMP" value="6"/><imc name="CONST" value="-8"/></imc></imc></imc></node><location loc="29.16--29.24"/></node><location loc="29.9--29.25"/><declaredAt location="1.1--1.23"/><type label="VOID"/><imc name="CALL" value="_putInt"><imc name="CONST" value="0"/><imc name="CALL" value="_fibItr"><imc name="CONST" value="0"/><imc name="MEM"><imc name="BINOP" value="ADD"><imc name="TEMP" value="6"/><imc name="CONST" value="-8"/></imc></imc></imc></imc></node><location loc="29.9--29.25"/><imc name="ESTMT"><imc name="CALL" value="_putInt"><imc name="CONST" value="0"/><imc name="CALL" value="_fibItr"><imc name="CONST" value="0"/><imc name="MEM"><imc name="BINOP" value="ADD"><imc name="TEMP" value="6"/><imc name="CONST" value="-8"/></imc></imc></imc></imc></imc></node><node label="ExprStmt"><node label="FunName" lexeme="putChar"><node label="Args"><node label="CastExpr"><node label="AtomExpr" lexeme="10" spec="INT"><location loc="30.18--30.19"/><type label="INT"/><imc name="CONST" value="10"/></node><node label="AtomType" spec="CHAR"><location loc="30.21--30.24"/></node><location loc="30.20--30.25"/><type label="CHAR"/><imc name="BINOP" value="MOD"><imc name="CONST" value="10"/><imc name="CONST" value="256"/></imc></node><location loc="30.20--30.25"/></node><location loc="30.9--30.26"/><declaredAt location="2.1--2.25"/><type label="VOID"/><imc name="CALL" value="_putChar"><imc name="CONST" value="0"/><imc name="BINOP" value="MOD"><imc name="CONST" value="10"/><imc name="CONST" value="256"/></imc></imc></node><location loc="30.9--30.26"/><imc name="ESTMT"><imc name="CALL" value="_putChar"><imc name="CONST" value="0"/><imc name="BINOP" value="MOD"><imc name="CONST" value="10"/><imc name="CONST" value="256"/></imc></imc></imc></node><node label="AssignStmt"><node label="VarName" lexeme="n"><location loc="31.9--31.9"/><declaredAt location="70.7--70.16"/><imc name="BINOP" value="ADD"><imc name="TEMP" value="6"/><imc name="CONST" value="-8"/></imc></node><node label="BinExpr" spec="ADD"><node label="VarName" lexeme="n"><location loc="31.11--31.11"/><declaredAt location="70.7--70.16"/><imc name="MEM"><imc name="BINOP" value="ADD"><imc name="TEMP" value="6"/><imc name="CONST" value="-8"/></imc></imc></node><node label="AtomExpr" lexeme="1" spec="INT"><location loc="31.13--31.13"/><type label="INT"/><imc name="CONST" value="1"/></node><location loc="31.11--31.13"/><type label="INT"/><imc name="BINOP" value="ADD"><imc name="MEM"><imc name="BINOP" value="ADD"><imc name="TEMP" value="6"/><imc name="CONST" value="-8"/></imc></imc><imc name="CONST" value="1"/></imc></node><location loc="31.9--31.13"/><imc name="MOVE"><imc name="MEM"><imc name="BINOP" value="ADD"><imc name="TEMP" value="6"/><imc name="CONST" value="-8"/></imc></imc><imc name="BINOP" value="ADD"><imc name="MEM"><imc name="BINOP" value="ADD"><imc name="TEMP" value="6"/><imc name="CONST" value="-8"/></imc></imc><imc name="CONST" value="1"/></imc></imc></node><location loc="28.9--31.13"/></node><location loc="27.7--32.9"/><imc name="STMTS"><imc name="LABEL" value="L17"/><imc name="CJUMP" value="L18:L19"><imc name="BINOP" value="LEQ"><imc name="MEM"><imc name="BINOP" value="ADD"><imc name="TEMP" value="6"/><imc name="CONST" value="-8"/></imc></imc><imc name="CONST" value="10"/></imc></imc><imc name="LABEL" value="L18"/><imc name="STMTS"><imc name="ESTMT"><imc name="CALL" value="_putInt"><imc name="CONST" value="0"/><imc name="MEM"><imc name="BINOP" value="ADD"><imc name="TEMP" value="6"/><imc name="CONST" value="-8"/></imc></imc></imc></imc><imc name="ESTMT"><imc name="CALL" value="_putString"><imc name="CONST" value="0"/><imc name="NAME" value="L16"/></imc></imc><imc name="ESTMT"><imc name="CALL" value="_putInt"><imc name="CONST" value="0"/><imc name="CALL" value="_fibItr"><imc name="CONST" value="0"/><imc name="MEM"><imc name="BINOP" value="ADD"><imc name="TEMP" value="6"/><imc name="CONST" value="-8"/></imc></imc></imc></imc></imc><imc name="ESTMT"><imc name="CALL" value="_putChar"><imc name="CONST" value="0"/><imc name="BINOP" value="MOD"><imc name="CONST" value="10"/><imc name="CONST" value="256"/></imc></imc></imc><imc name="MOVE"><imc name="MEM"><imc name="BINOP" value="ADD"><imc name="TEMP" value="6"/><imc name="CONST" value="-8"/></imc></imc><imc name="BINOP" value="ADD"><imc name="MEM"><imc name="BINOP" value="ADD"><imc name="TEMP" value="6"/><imc name="CONST" value="-8"/></imc></imc><imc name="CONST" value="1"/></imc></imc></imc><imc name="JUMP" value="L17"/><imc name="LABEL" value="L19"/></imc></node><node label="ExprStmt"><node label="FunName" lexeme="putString"><node label="Args"><node label="AtomExpr" lexeme="&quot; fibRec: &quot;" spec="STR"><location loc="34.17--34.27"/><type label="PTR"><type label="CHAR"/></type><imc name="NAME" value="L20"/></node><location loc="34.17--34.27"/></node><location loc="34.7--34.28"/><declaredAt location="3.1--3.31"/><type label="VOID"/><imc name="CALL" value="_putString"><imc name="CONST" value="0"/><imc name="NAME" value="L20"/></imc></node><location loc="34.7--34.28"/><imc name="ESTMT"><imc name="CALL" value="_putString"><imc name="CONST" value="0"/><imc name="NAME" value="L20"/></imc></imc></node><node label="ExprStmt"><node label="FunName" lexeme="putChar"><node label="Args"><node label="CastExpr"><node label="AtomExpr" lexeme="10" spec="INT"><location loc="34.40--34.41"/><type label="INT"/><imc name="CONST" value="10"/></node><node label="AtomType" spec="CHAR"><location loc="34.43--34.46"/></node><location loc="34.42--34.47"/><type label="CHAR"/><imc name="BINOP" value="MOD"><imc name="CONST" value="10"/><imc name="CONST" value="256"/></imc></node><location loc="34.42--34.47"/></node><location loc="34.31--34.48"/><declaredAt location="2.1--2.25"/><type label="VOID"/><imc name="CALL" value="_putChar"><imc name="CONST" value="0"/><imc name="BINOP" value="MOD"><imc name="CONST" value="10"/><imc name="CONST" value="256"/></imc></imc></node><location loc="34.31--34.48"/><imc name="ESTMT"><imc name="CALL" value="_putChar"><imc name="CONST" value="0"/><imc name="BINOP" value="MOD"><imc name="CONST" value="10"/><imc name="CONST" value="256"/></imc></imc></imc></node><node label="AssignStmt"><node label="VarName" lexeme="n"><location loc="35.7--35.7"/><declaredAt location="70.7--70.16"/><imc name="BINOP" value="ADD"><imc name="TEMP" value="6"/><imc name="CONST" value="-8"/></imc></node><node label="AtomExpr" lexeme="1" spec="INT"><location loc="35.9--35.9"/><type label="INT"/><imc name="CONST" value="1"/></node><location loc="35.7--35.9"/><imc name="MOVE"><imc name="MEM"><imc name="BINOP" value="ADD"><imc name="TEMP" value="6"/><imc name="CONST" value="-8"/></imc></imc><imc name="CONST" value="1"/></imc></node><node label="WhileStmt"><node label="BinExpr" spec="LEQ"><node label="VarName" lexeme="n"><location loc="36.13--36.13"/><declaredAt location="70.7--70.16"/><imc name="MEM"><imc name="BINOP" value="ADD"><imc name="TEMP" value="6"/><imc name="CONST" value="-8"/></imc></imc></node><node label="AtomExpr" lexeme="10" spec="INT"><location loc="36.16--36.17"/><type label="INT"/><imc name="CONST" value="10"/></node><location loc="36.13--36.17"/><type label="BOOL"/><imc name="BINOP" value="LEQ"><imc name="MEM"><imc name="BINOP" value="ADD"><imc name="TEMP" value="6"/><imc name="CONST" value="-8"/></imc></imc><imc name="CONST" value="10"/></imc></node><node label="Stmts"><node label="ExprStmt"><node label="FunName" lexeme="putInt"><node label="Args"><node label="VarName" lexeme="n"><location loc="37.16--37.16"/><declaredAt location="70.7--70.16"/><type label="INT"/><imc name="MEM"><imc name="BINOP" value="ADD"><imc name="TEMP" value="6"/><imc name="CONST" value="-8"/></imc></imc></node><location loc="37.16--37.16"/></node><location loc="37.9--37.17"/><declaredAt location="1.1--1.23"/><type label="VOID"/><imc name="CALL" value="_putInt"><imc name="CONST" value="0"/><imc name="MEM"><imc name="BINOP" value="ADD"><imc name="TEMP" value="6"/><imc name="CONST" value="-8"/></imc></imc></imc></node><location loc="37.9--37.17"/><imc name="ESTMT"><imc name="CALL" value="_putInt"><imc name="CONST" value="0"/><imc name="MEM"><imc name="BINOP" value="ADD"><imc name="TEMP" value="6"/><imc name="CONST" value="-8"/></imc></imc></imc></imc></node><node label="ExprStmt"><node label="FunName" lexeme="putString"><node label="Args"><node label="AtomExpr" lexeme="&quot; :  &quot;" spec="STR"><location loc="37.30--37.35"/><type label="PTR"><type label="CHAR"/></type><imc name="NAME" value="L21"/></node><location loc="37.30--37.35"/></node><location loc="37.20--37.36"/><declaredAt location="3.1--3.31"/><type label="VOID"/><imc name="CALL" value="_putString"><imc name="CONST" value="0"/><imc name="NAME" value="L21"/></imc></node><location loc="37.20--37.36"/><imc name="ESTMT"><imc name="CALL" value="_putString"><imc name="CONST" value="0"/><imc name="NAME" value="L21"/></imc></imc></node><node label="ExprStmt"><node label="FunName" lexeme="putInt"><node label="Args"><node label="FunName" lexeme="fibRec"><node label="Args"><node label="VarName" lexeme="n"><location loc="38.23--38.23"/><declaredAt location="70.7--70.16"/><type label="INT"/><imc name="MEM"><imc name="BINOP" value="ADD"><imc name="TEMP" value="6"/><imc name="CONST" value="-8"/></imc></imc></node><location loc="38.23--38.23"/></node><location loc="38.16--38.24"/><declaredAt location="101.1--106.6"/><type label="INT"/><imc name="CALL" value="_fibRec"><imc name="CONST" value="0"/><imc name="MEM"><imc name="BINOP" value="ADD"><imc name="TEMP" value="6"/><imc name="CONST" value="-8"/></imc></imc></imc></node><location loc="38.16--38.24"/></node><location loc="38.9--38.25"/><declaredAt location="1.1--1.23"/><type label="VOID"/><imc name="CALL" value="_putInt"><imc name="CONST" value="0"/><imc name="CALL" value="_fibRec"><imc name="CONST" value="0"/><imc name="MEM"><imc name="BINOP" value="ADD"><imc name="TEMP" value="6"/><imc name="CONST" value="-8"/></imc></imc></imc></imc></node><location loc="38.9--38.25"/><imc name="ESTMT"><imc name="CALL" value="_putInt"><imc name="CONST" value="0"/><imc name="CALL" value="_fibRec"><imc name="CONST" value="0"/><imc name="MEM"><imc name="BINOP" value="ADD"><imc name="TEMP" value="6"/><imc name="CONST" value="-8"/></imc></imc></imc></imc></imc></node><node label="ExprStmt"><node label="FunName" lexeme="putChar"><node label="Args"><node label="CastExpr"><node label="AtomExpr" lexeme="10" spec="INT"><location loc="39.18--39.19"/><type label="INT"/><imc name="CONST" value="10"/></node><node label="AtomType" spec="CHAR"><location loc="39.21--39.24"/></node><location loc="39.20--39.25"/><type label="CHAR"/><imc name="BINOP" value="MOD"><imc name="CONST" value="10"/><imc name="CONST" value="256"/></imc></node><location loc="39.20--39.25"/></node><location loc="39.9--39.26"/><declaredAt location="2.1--2.25"/><type label="VOID"/><imc name="CALL" value="_putChar"><imc name="CONST" value="0"/><imc name="BINOP" value="MOD"><imc name="CONST" value="10"/><imc name="CONST" value="256"/></imc></imc></node><location loc="39.9--39.26"/><imc name="ESTMT"><imc name="CALL" value="_putChar"><imc name="CONST" value="0"/><imc name="BINOP" value="MOD"><imc name="CONST" value="10"/><imc name="CONST" value="256"/></imc></imc></imc></node><node label="AssignStmt"><node label="VarName" lexeme="n"><location loc="40.9--40.9"/><declaredAt location="70.7--70.16"/><imc name="BINOP" value="ADD"><imc name="TEMP" value="6"/><imc name="CONST" value="-8"/></imc></node><node label="BinExpr" spec="ADD"><node label="VarName" lexeme="n"><location loc="40.11--40.11"/><declaredAt location="70.7--70.16"/><imc name="MEM"><imc name="BINOP" value="ADD"><imc name="TEMP" value="6"/><imc name="CONST" value="-8"/></imc></imc></node><node label="AtomExpr" lexeme="1" spec="INT"><location loc="40.13--40.13"/><type label="INT"/><imc name="CONST" value="1"/></node><location loc="40.11--40.13"/><type label="INT"/><imc name="BINOP" value="ADD"><imc name="MEM"><imc name="BINOP" value="ADD"><imc name="TEMP" value="6"/><imc name="CONST" value="-8"/></imc></imc><imc name="CONST" value="1"/></imc></node><location loc="40.9--40.13"/><imc name="MOVE"><imc name="MEM"><imc name="BINOP" value="ADD"><imc name="TEMP" value="6"/><imc name="CONST" value="-8"/></imc></imc><imc name="BINOP" value="ADD"><imc name="MEM"><imc name="BINOP" value="ADD"><imc name="TEMP" value="6"/><imc name="CONST" value="-8"/></imc></imc><imc name="CONST" value="1"/></imc></imc></node><location loc="37.9--40.13"/></node><location loc="36.7--41.9"/><imc name="STMTS"><imc name="LABEL" value="L22"/><imc name="CJUMP" value="L23:L24"><imc name="BINOP" value="LEQ"><imc name="MEM"><imc name="BINOP" value="ADD"><imc name="TEMP" value="6"/><imc name="CONST" value="-8"/></imc></imc><imc name="CONST" value="10"/></imc></imc><imc name="LABEL" value="L23"/><imc name="STMTS"><imc name="ESTMT"><imc name="CALL" value="_putInt"><imc name="CONST" value="0"/><imc name="MEM"><imc name="BINOP" value="ADD"><imc name="TEMP" value="6"/><imc name="CONST" value="-8"/></imc></imc></imc></imc><imc name="ESTMT"><imc name="CALL" value="_putString"><imc name="CONST" value="0"/><imc name="NAME" value="L21"/></imc></imc><imc name="ESTMT"><imc name="CALL" value="_putInt"><imc name="CONST" value="0"/><imc name="CALL" value="_fibRec"><imc name="CONST" value="0"/><imc name="MEM"><imc name="BINOP" value="ADD"><imc name="TEMP" value="6"/><imc name="CONST" value="-8"/></imc></imc></imc></imc></imc><imc name="ESTMT"><imc name="CALL" value="_putChar"><imc name="CONST" value="0"/><imc name="BINOP" value="MOD"><imc name="CONST" value="10"/><imc name="CONST" value="256"/></imc></imc></imc><imc name="MOVE"><imc name="MEM"><imc name="BINOP" value="ADD"><imc name="TEMP" value="6"/><imc name="CONST" value="-8"/></imc></imc><imc name="BINOP" value="ADD"><imc name="MEM"><imc name="BINOP" value="ADD"><imc name="TEMP" value="6"/><imc name="CONST" value="-8"/></imc></imc><imc name="CONST" value="1"/></imc></imc></imc><imc name="JUMP" value="L22"/><imc name="LABEL" value="L24"/></imc></node><node label="ExprStmt"><node label="FunName" lexeme="putString"><node label="Args"><node label="AtomExpr" lexeme="&quot; Combs: &quot;" spec="STR"><location loc="44.17--44.26"/><type label="PTR"><type label="CHAR"/></type><imc name="NAME" value="L25"/></node><location loc="44.17--44.26"/></node><location loc="44.7--44.27"/><declaredAt location="3.1--3.31"/><type label="VOID"/><imc name="CALL" value="_putString"><imc name="CONST" value="0"/><imc name="NAME" value="L25"/></imc></node><location loc="44.7--44.27"/><imc name="ESTMT"><imc name="CALL" value="_putString"><imc name="CONST" value="0"/><imc name="NAME" value="L25"/></imc></imc></node><node label="ExprStmt"><node label="FunName" lexeme="putChar"><node label="Args"><node label="CastExpr"><node label="AtomExpr" lexeme="10" spec="INT"><location loc="44.39--44.40"/><type label="INT"/><imc name="CONST" value="10"/></node><node label="AtomType" spec="CHAR"><location loc="44.42--44.45"/></node><location loc="44.41--44.46"/><type label="CHAR"/><imc name="BINOP" value="MOD"><imc name="CONST" value="10"/><imc name="CONST" value="256"/></imc></node><location loc="44.41--44.46"/></node><location loc="44.30--44.47"/><declaredAt location="2.1--2.25"/><type label="VOID"/><imc name="CALL" value="_putChar"><imc name="CONST" value="0"/><imc name="BINOP" value="MOD"><imc name="CONST" value="10"/><imc name="CONST" value="256"/></imc></imc></node><location loc="44.30--44.47"/><imc name="ESTMT"><imc name="CALL" value="_putChar"><imc name="CONST" value="0"/><imc name="BINOP" value="MOD"><imc name="CONST" value="10"/><imc name="CONST" value="256"/></imc></imc></imc></node><node label="ExprStmt"><node label="FunName" lexeme="combs"><node label="Args"><node label="AtomExpr" lexeme="4" spec="INT"><location loc="45.13--45.13"/><type label="INT"/><imc name="CONST" value="4"/></node><node label="AtomExpr" lexeme="3" spec="INT"><location loc="45.15--45.15"/><type label="INT"/><imc name="CONST" value="3"/></node><location loc="45.13--45.15"/></node><location loc="45.7--45.16"/><declaredAt location="108.1--135.6"/><type label="INT"/><imc name="CALL" value="_combs"><imc name="CONST" value="0"/><imc name="CONST" value="4"/><imc name="CONST" value="3"/></imc></node><location loc="45.7--45.16"/><imc name="ESTMT"><imc name="CALL" value="_combs"><imc name="CONST" value="0"/><imc name="CONST" value="4"/><imc name="CONST" value="3"/></imc></imc></node><node label="ExprStmt"><node label="FunName" lexeme="putString"><node label="Args"><node label="AtomExpr" lexeme="&quot;Sudoku:&quot;" spec="STR"><location loc="47.17--47.25"/><type label="PTR"><type label="CHAR"/></type><imc name="NAME" value="L26"/></node><location loc="47.17--47.25"/></node><location loc="47.7--47.26"/><declaredAt location="3.1--3.31"/><type label="VOID"/><imc name="CALL" value="_putString"><imc name="CONST" value="0"/><imc name="NAME" value="L26"/></imc></node><location loc="47.7--47.26"/><imc name="ESTMT"><imc name="CALL" value="_putString"><imc name="CONST" value="0"/><imc name="NAME" value="L26"/></imc></imc></node><node label="ExprStmt"><node label="FunName" lexeme="putChar"><node label="Args"><node label="CastExpr"><node label="AtomExpr" lexeme="10" spec="INT"><location loc="47.38--47.39"/><type label="INT"/><imc name="CONST" value="10"/></node><node label="AtomType" spec="CHAR"><location loc="47.41--47.44"/></node><location loc="47.40--47.45"/><type label="CHAR"/><imc name="BINOP" value="MOD"><imc name="CONST" value="10"/><imc name="CONST" value="256"/></imc></node><location loc="47.40--47.45"/></node><location loc="47.29--47.46"/><declaredAt location="2.1--2.25"/><type label="VOID"/><imc name="CALL" value="_putChar"><imc name="CONST" value="0"/><imc name="BINOP" value="MOD"><imc name="CONST" value="10"/><imc name="CONST" value="256"/></imc></imc></node><location loc="47.29--47.46"/><imc name="ESTMT"><imc name="CALL" value="_putChar"><imc name="CONST" value="0"/><imc name="BINOP" value="MOD"><imc name="CONST" value="10"/><imc name="CONST" value="256"/></imc></imc></imc></node><node label="ExprStmt"><node label="BlockExpr"><node label="Decls"><node label="VarDecl" lexeme="t"><node label="ArrType"><node label="AtomExpr" lexeme="9" spec="INT"><location loc="64.19--64.19"/></node><node label="ArrType"><node label="AtomExpr" lexeme="9" spec="INT"><location loc="64.26--64.26"/></node><node label="AtomType" spec="INT"><location loc="64.29--64.31"/></node><location loc="64.22--64.31"/><type label="ARR(9)" len="9"><type label="INT"/></type></node><location loc="64.15--64.31"/><type label="ARR(9)" len="9"><type label="ARR(9)" len="9"><type label="INT"/></type></type></node><location loc="64.9--64.32"/><access depth="1" offset="-664" size="648"/></node><node label="VarDecl" lexeme="count"><node label="AtomType" spec="INT"><location loc="65.19--65.21"/></node><location loc="65.9--65.22"/><access depth="1" offset="-672" size="8"/></node><location loc="64.9--65.22"/></node><node label="Stmts"><node label="AssignStmt"><node label="ArrExpr"><node label="ArrExpr"><node label="VarName" lexeme="t"><location loc="48.9--48.9"/><declaredAt location="64.9--64.32"/><imc name="BINOP" value="ADD"><imc name="TEMP" value="6"/><imc name="CONST" value="-664"/></imc></node><node label="AtomExpr" lexeme="0" spec="INT"><location loc="48.11--48.11"/><type label="INT"/><imc name="CONST" value="0"/></node><location loc="48.9--48.12"/><type label="ARR(9)" len="9"><type label="INT"/></type><addr/><imc name="BINOP" value="ADD"><imc name="BINOP" value="ADD"><imc name="TEMP" value="6"/><imc name="CONST" value="-664"/></imc><imc name="BINOP" value="MUL"><imc name="CONST" value="0"/><imc name="CONST" value="72"/></imc></imc></node><node label="AtomExpr" lexeme="0" spec="INT"><location loc="48.14--48.14"/><type label="INT"/><imc name="CONST" value="0"/></node><location loc="48.9--48.15"/><type label="INT"/><addr/><imc name="BINOP" value="ADD"><imc name="BINOP" value="ADD"><imc name="BINOP" value="ADD"><imc name="TEMP" value="6"/><imc name="CONST" value="-664"/></imc><imc name="BINOP" value="MUL"><imc name="CONST" value="0"/><imc name="CONST" value="72"/></imc></imc><imc name="BINOP" value="MUL"><imc name="CONST" value="0"/><imc name="CONST" value="8"/></imc></imc></node><node label="AtomExpr" lexeme="0" spec="INT"><location loc="48.17--48.17"/><type label="INT"/><imc name="CONST" value="0"/></node><location loc="48.9--48.17"/><imc name="MOVE"><imc name="MEM"><imc name="BINOP" value="ADD"><imc name="BINOP" value="ADD"><imc name="BINOP" value="ADD"><imc name="TEMP" value="6"/><imc name="CONST" value="-664"/></imc><imc name="BINOP" value="MUL"><imc name="CONST" value="0"/><imc name="CONST" value="72"/></imc></imc><imc name="BINOP" value="MUL"><imc name="CONST" value="0"/><imc name="CONST" value="8"/></imc></imc></imc><imc name="CONST" value="0"/></imc></node><node label="AssignStmt"><node label="ArrExpr"><node label="ArrExpr"><node label="VarName" lexeme="t"><location loc="48.20--48.20"/><declaredAt location="64.9--64.32"/><imc name="BINOP" value="ADD"><imc name="TEMP" value="6"/><imc name="CONST" value="-664"/></imc></node><node label="AtomExpr" lexeme="0" spec="INT"><location loc="48.22--48.22"/><type label="INT"/><imc name="CONST" value="0"/></node><location loc="48.20--48.23"/><type label="ARR(9)" len="9"><type label="INT"/></type><addr/><imc name="BINOP" value="ADD"><imc name="BINOP" value="ADD"><imc name="TEMP" value="6"/><imc name="CONST" value="-664"/></imc><imc name="BINOP" value="MUL"><imc name="CONST" value="0"/><imc name="CONST" value="72"/></imc></imc></node><node label="AtomExpr" lexeme="1" spec="INT"><location loc="48.25--48.25"/><type label="INT"/><imc name="CONST" value="1"/></node><location loc="48.20--48.26"/><type label="INT"/><addr/><imc name="BINOP" value="ADD"><imc name="BINOP" value="ADD"><imc name="BINOP" value="ADD"><imc name="TEMP" value="6"/><imc name="CONST" value="-664"/></imc><imc name="BINOP" value="MUL"><imc name="CONST" value="0"/><imc name="CONST" value="72"/></imc></imc><imc name="BINOP" value="MUL"><imc name="CONST" value="1"/><imc name="CONST" value="8"/></imc></imc></node><node label="AtomExpr" lexeme="0" spec="INT"><location loc="48.28--48.28"/><type label="INT"/><imc name="CONST" value="0"/></node><location loc="48.20--48.28"/><imc name="MOVE"><imc name="MEM"><imc name="BINOP" value="ADD"><imc name="BINOP" value="ADD"><imc name="BINOP" value="ADD"><imc name="TEMP" value="6"/><imc name="CONST" value="-664"/></imc><imc name="BINOP" value="MUL"><imc name="CONST" value="0"/><imc name="CONST" value="72"/></imc></imc><imc name="BINOP" value="MUL"><imc name="CONST" value="1"/><imc name="CONST" value="8"/></imc></imc></imc><imc name="CONST" value="0"/></imc></node><node label="AssignStmt"><node label="ArrExpr"><node label="ArrExpr"><node label="VarName" lexeme="t"><location loc="48.31--48.31"/><declaredAt location="64.9--64.32"/><imc name="BINOP" value="ADD"><imc name="TEMP" value="6"/><imc name="CONST" value="-664"/></imc></node><node label="AtomExpr" lexeme="0" spec="INT"><location loc="48.33--48.33"/><type label="INT"/><imc name="CONST" value="0"/></node><location loc="48.31--48.34"/><type label="ARR(9)" len="9"><type label="INT"/></type><addr/><imc name="BINOP" value="ADD"><imc name="BINOP" value="ADD"><imc name="TEMP" value="6"/><imc name="CONST" value="-664"/></imc><imc name="BINOP" value="MUL"><imc name="CONST" value="0"/><imc name="CONST" value="72"/></imc></imc></node><node label="AtomExpr" lexeme="2" spec="INT"><location loc="48.36--48.36"/><type label="INT"/><imc name="CONST" value="2"/></node><location loc="48.31--48.37"/><type label="INT"/><addr/><imc name="BINOP" value="ADD"><imc name="BINOP" value="ADD"><imc name="BINOP" value="ADD"><imc name="TEMP" value="6"/><imc name="CONST" value="-664"/></imc><imc name="BINOP" value="MUL"><imc name="CONST" value="0"/><imc name="CONST" value="72"/></imc></imc><imc name="BINOP" value="MUL"><imc name="CONST" value="2"/><imc name="CONST" value="8"/></imc></imc></node><node label="AtomExpr" lexeme="3" spec="INT"><location loc="48.39--48.39"/><type label="INT"/><imc name="CONST" value="3"/></node><location loc="48.31--48.39"/><imc name="MOVE"><imc name="MEM"><imc name="BINOP" value="ADD"><imc name="BINOP" value="ADD"><imc name="BINOP" value="ADD"><imc name="TEMP" value="6"/><imc name="CONST" value="-664"/></imc><imc name="BINOP" value="MUL"><imc name="CONST" value="0"/><imc name="CONST" value="72"/></imc></imc><imc name="BINOP" value="MUL"><imc name="CONST" value="2"/><imc name="CONST" value="8"/></imc></imc></imc><imc name="CONST" value="3"/></imc></node><node label="AssignStmt"><node label="ArrExpr"><node label="ArrExpr"><node label="VarName" lexeme="t"><location loc="48.44--48.44"/><declaredAt location="64.9--64.32"/><imc name="BINOP" value="ADD"><imc name="TEMP" value="6"/><imc name="CONST" value="-664"/></imc></node><node label="AtomExpr" lexeme="0" spec="INT"><location loc="48.46--48.46"/><type label="INT"/><imc name="CONST" value="0"/></node><location loc="48.44--48.47"/><type label="ARR(9)" len="9"><type label="INT"/></type><addr/><imc name="BINOP" value="ADD"><imc name="BINOP" value="ADD"><imc name="TEMP" value="6"/><imc name="CONST" value="-664"/></imc><imc name="BINOP" value="MUL"><imc name="CONST" value="0"/><imc name="CONST" value="72"/></imc></imc></node><node label="AtomExpr" lexeme="3" spec="INT"><location loc="48.49--48.49"/><type label="INT"/><imc name="CONST" value="3"/></node><location loc="48.44--48.50"/><type label="INT"/><addr/><imc name="BINOP" value="ADD"><imc name="BINOP" value="ADD"><imc name="BINOP" value="ADD"><imc name="TEMP" value="6"/><imc name="CONST" value="-664"/></imc><imc name="BINOP" value="MUL"><imc name="CONST" value="0"/><imc name="CONST" value="72"/></imc></imc><imc name="BINOP" value="MUL"><imc name="CONST" value="3"/><imc name="CONST" value="8"/></imc></imc></node><node label="AtomExpr" lexeme="0" spec="INT"><location loc="48.52--48.52"/><type label="INT"/><imc name="CONST" value="0"/></node><location loc="48.44--48.52"/><imc name="MOVE"><imc name="MEM"><imc name="BINOP" value="ADD"><imc name="BINOP" value="ADD"><imc name="BINOP" value="ADD"><imc name="TEMP" value="6"/><imc name="CONST" value="-664"/></imc><imc name="BINOP" value="MUL"><imc name="CONST" value="0"/><imc name="CONST" value="72"/></imc></imc><imc name="BINOP" value="MUL"><imc name="CONST" value="3"/><imc name="CONST" value="8"/></imc></imc></imc><imc name="CONST" value="0"/></imc></node><node label="AssignStmt"><node label="ArrExpr"><node label="ArrExpr"><node label="VarName" lexeme="t"><location loc="48.55--48.55"/><declaredAt location="64.9--64.32"/><imc name="BINOP" value="ADD"><imc name="TEMP" value="6"/><imc name="CONST" value="-664"/></imc></node><node label="AtomExpr" lexeme="0" spec="INT"><location loc="48.57--48.57"/><type label="INT"/><imc name="CONST" value="0"/></node><location loc="48.55--48.58"/><type label="ARR(9)" len="9"><type label="INT"/></type><addr/><imc name="BINOP" value="ADD"><imc name="BINOP" value="ADD"><imc name="TEMP" value="6"/><imc name="CONST" value="-664"/></imc><imc name="BINOP" value="MUL"><imc name="CONST" value="0"/><imc name="CONST" value="72"/></imc></imc></node><node label="AtomExpr" lexeme="4" spec="INT"><location loc="48.60--48.60"/><type label="INT"/><imc name="CONST" value="4"/></node><location loc="48.55--48.61"/><type label="INT"/><addr/><imc name="BINOP" value="ADD"><imc name="BINOP" value="ADD"><imc name="BINOP" value="ADD"><imc name="TEMP" value="6"/><imc name="CONST" value="-664"/></imc><imc name="BINOP" value="MUL"><imc name="CONST" value="0"/><imc name="CONST" value="72"/></imc></imc><imc name="BINOP" value="MUL"><imc name="CONST" value="4"/><imc name="CONST" value="8"/></imc></imc></node><node label="AtomExpr" lexeme="0" spec="INT"><location loc="48.63--48.63"/><type label="INT"/><imc name="CONST" value="0"/></node><location loc="48.55--48.63"/><imc name="MOVE"><imc name="MEM"><imc name="BINOP" value="ADD"><imc name="BINOP" value="ADD"><imc name="BINOP" value="ADD"><imc name="TEMP" value="6"/><imc name="CONST" value="-664"/></imc><imc name="BINOP" value="MUL"><imc name="CONST" value="0"/><imc name="CONST" value="72"/></imc></imc><imc name="BINOP" value="MUL"><imc name="CONST" value="4"/><imc name="CONST" value="8"/></imc></imc></imc><imc name="CONST" value="0"/></imc></node><node label="AssignStmt"><node label="ArrExpr"><node label="ArrExpr"><node label="VarName" lexeme="t"><location loc="48.66--48.66"/><declaredAt location="64.9--64.32"/><imc name="BINOP" value="ADD"><imc name="TEMP" value="6"/><imc name="CONST" value="-664"/></imc></node><node label="AtomExpr" lexeme="0" spec="INT"><location loc="48.68--48.68"/><type label="INT"/><imc name="CONST" value="0"/></node><location loc="48.66--48.69"/><type label="ARR(9)" len="9"><type label="INT"/></type><addr/><imc name="BINOP" value="ADD"><imc name="BINOP" value="ADD"><imc name="TEMP" value="6"/><imc name="CONST" value="-664"/></imc><imc name="BINOP" value="MUL"><imc name="CONST" value="0"/><imc name="CONST" value="72"/></imc></imc></node><node label="AtomExpr" lexeme="5" spec="INT"><location loc="48.71--48.71"/><type label="INT"/><imc name="CONST" value="5"/></node><location loc="48.66--48.72"/><type label="INT"/><addr/><imc name="BINOP" value="ADD"><imc name="BINOP" value="ADD"><imc name="BINOP" value="ADD"><imc name="TEMP" value="6"/><imc name="CONST" value="-664"/></imc><imc name="BINOP" value="MUL"><imc name="CONST" value="0"/><imc name="CONST" value="72"/></imc></imc><imc name="BINOP" value="MUL"><imc name="CONST" value="5"/><imc name="CONST" value="8"/></imc></imc></node><node label="AtomExpr" lexeme="0" spec="INT"><location loc="48.74--48.74"/><type label="INT"/><imc name="CONST" value="0"/></node><location loc="48.66--48.74"/><imc name="MOVE"><imc name="MEM"><imc name="BINOP" value="ADD"><imc name="BINOP" value="ADD"><imc name="BINOP" value="ADD"><imc name="TEMP" value="6"/><imc name="CONST" value="-664"/></imc><imc name="BINOP" value="MUL"><imc name="CONST" value="0"/><imc name="CONST" value="72"/></imc></imc><imc name="BINOP" value="MUL"><imc name="CONST" value="5"/><imc name="CONST" value="8"/></imc></imc></imc><imc name="CONST" value="0"/></imc></node><node label="AssignStmt"><node label="ArrExpr"><node label="ArrExpr"><node label="VarName" lexeme="t"><location loc="48.79--48.79"/><declaredAt location="64.9--64.32"/><imc name="BINOP" value="ADD"><imc name="TEMP" value="6"/><imc name="CONST" value="-664"/></imc></node><node label="AtomExpr" lexeme="0" spec="INT"><location loc="48.81--48.81"/><type label="INT"/><imc name="CONST" value="0"/></node><location loc="48.79--48.82"/><type label="ARR(9)" len="9"><type label="INT"/></type><addr/><imc name="BINOP" value="ADD"><imc name="BINOP" value="ADD"><imc name="TEMP" value="6"/><imc name="CONST" value="-664"/></imc><imc name="BINOP" value="MUL"><imc name="CONST" value="0"/><imc name="CONST" value="72"/></imc></imc></node><node label="AtomExpr" lexeme="6" spec="INT"><location loc="48.84--48.84"/><type label="INT"/><imc name="CONST" value="6"/></node><location loc="48.79--48.85"/><type label="INT"/><addr/><imc name="BINOP" value="ADD"><imc name="BINOP" value="ADD"><imc name="BINOP" value="ADD"><imc name="TEMP" value="6"/><imc name="CONST" value="-664"/></imc><imc name="BINOP" value="MUL"><imc name="CONST" value="0"/><imc name="CONST" value="72"/></imc></imc><imc name="BINOP" value="MUL"><imc name="CONST" value="6"/><imc name="CONST" value="8"/></imc></imc></node><node label="AtomExpr" lexeme="0" spec="INT"><location loc="48.87--48.87"/><type label="INT"/><imc name="CONST" value="0"/></node><location loc="48.79--48.87"/><imc name="MOVE"><imc name="MEM"><imc name="BINOP" value="ADD"><imc name="BINOP" value="ADD"><imc name="BINOP" value="ADD"><imc name="TEMP" value="6"/><imc name="CONST" value="-664"/></imc><imc name="BINOP" value="MUL"><imc name="CONST" value="0"/><imc name="CONST" value="72"/></imc></imc><imc name="BINOP" value="MUL"><imc name="CONST" value="6"/><imc name="CONST" value="8"/></imc></imc></imc><imc name="CONST" value="0"/></imc></node><node label="AssignStmt"><node label="ArrExpr"><node label="ArrExpr"><node label="VarName" lexeme="t"><location loc="48.90--48.90"/><declaredAt location="64.9--64.32"/><imc name="BINOP" value="ADD"><imc name="TEMP" value="6"/><imc name="CONST" value="-664"/></imc></node><node label="AtomExpr" lexeme="0" spec="INT"><location loc="48.92--48.92"/><type label="INT"/><imc name="CONST" value="0"/></node><location loc="48.90--48.93"/><type label="ARR(9)" len="9"><type label="INT"/></type><addr/><imc name="BINOP" value="ADD"><imc name="BINOP" value="ADD"><imc name="TEMP" value="6"/><imc name="CONST" value="-664"/></imc><imc name="BINOP" value="MUL"><imc name="CONST" value="0"/><imc name="CONST" value="72"/></imc></imc></node><node label="AtomExpr" lexeme="7" spec="INT"><location loc="48.95--48.95"/><type label="INT"/><imc name="CONST" value="7"/></node><location loc="48.90--48.96"/><type label="INT"/><addr/><imc name="BINOP" value="ADD"><imc name="BINOP" value="ADD"><imc name="BINOP" value="ADD"><imc name="TEMP" value="6"/><imc name="CONST" value="-664"/></imc><imc name="BINOP" value="MUL"><imc name="CONST" value="0"/><imc name="CONST" value="72"/></imc></imc><imc name="BINOP" value="MUL"><imc name="CONST" value="7"/><imc name="CONST" value="8"/></imc></imc></node><node label="AtomExpr" lexeme="9" spec="INT"><location loc="48.98--48.98"/><type label="INT"/><imc name="CONST" value="9"/></node><location loc="48.90--48.98"/><imc name="MOVE"><imc name="MEM"><imc name="BINOP" value="ADD"><imc name="BINOP" value="ADD"><imc name="BINOP" value="ADD"><imc name="TEMP" value="6"/><imc name="CONST" value="-664"/></imc><imc name="BINOP" value="MUL"><imc name="CONST" value="0"/><imc name="CONST" value="72"/></imc></imc><imc name="BINOP" value="MUL"><imc name="CONST" value="7"/><imc name="CONST" value="8"/></imc></imc></imc><imc name="CONST" value="9"/></imc></node><node label="AssignStmt"><node label="ArrExpr"><node label="ArrExpr"><node label="VarName" lexeme="t"><location loc="48.101--48.101"/><declaredAt location="64.9--64.32"/><imc name="BINOP" value="ADD"><imc name="TEMP" value="6"/><imc name="CONST" value="-664"/></imc></node><node label="AtomExpr" lexeme="0" spec="INT"><location loc="48.103--48.103"/><type label="INT"/><imc name="CONST" value="0"/></node><location loc="48.101--48.104"/><type label="ARR(9)" len="9"><type label="INT"/></type><addr/><imc name="BINOP" value="ADD"><imc name="BINOP" value="ADD"><imc name="TEMP" value="6"/><imc name="CONST" value="-664"/></imc><imc name="BINOP" value="MUL"><imc name="CONST" value="0"/><imc name="CONST" value="72"/></imc></imc></node><node label="AtomExpr" lexeme="8" spec="INT"><location loc="48.106--48.106"/><type label="INT"/><imc name="CONST" value="8"/></node><location loc="48.101--48.107"/><type label="INT"/><addr/><imc name="BINOP" value="ADD"><imc name="BINOP" value="ADD"><imc name="BINOP" value="ADD"><imc name="TEMP" value="6"/><imc name="CONST" value="-664"/></imc><imc name="BINOP" value="MUL"><imc name="CONST" value="0"/><imc name="CONST" value="72"/></imc></imc><imc name="BINOP" value="MUL"><imc name="CONST" value="8"/><imc name="CONST" value="8"/></imc></imc></node><node label="AtomExpr" lexeme="0" spec="INT"><location loc="48.109--48.109"/><type label="INT"/><imc name="CONST" value="0"/></node><location loc="48.101--48.109"/><imc name="MOVE"><imc name="MEM"><imc name="BINOP" value="ADD"><imc name="BINOP" value="ADD"><imc name="BINOP" value="ADD"><imc name="TEMP" value="6"/><imc name="CONST" value="-664"/></imc><imc name="BINOP" value="MUL"><imc name="CONST" value="0"/><imc name="CONST" value="72"/></imc></imc><imc name="BINOP" value="MUL"><imc name="CONST" value="8"/><imc name="CONST" value="8"/></imc></imc></imc><imc name="CONST" value="0"/></imc></node><node label="AssignStmt"><node label="ArrExpr"><node label="ArrExpr"><node label="VarName" lexeme="t"><location loc="49.9--49.9"/><declaredAt location="64.9--64.32"/><imc name="BINOP" value="ADD"><imc name="TEMP" value="6"/><imc name="CONST" value="-664"/></imc></node><node label="AtomExpr" lexeme="1" spec="INT"><location loc="49.11--49.11"/><type label="INT"/><imc name="CONST" value="1"/></node><location loc="49.9--49.12"/><type label="ARR(9)" len="9"><type label="INT"/></type><addr/><imc name="BINOP" value="ADD"><imc name="BINOP" value="ADD"><imc name="TEMP" value="6"/><imc name="CONST" value="-664"/></imc><imc name="BINOP" value="MUL"><imc name="CONST" value="1"/><imc name="CONST" value="72"/></imc></imc></node><node label="AtomExpr" lexeme="0" spec="INT"><location loc="49.14--49.14"/><type label="INT"/><imc name="CONST" value="0"/></node><location loc="49.9--49.15"/><type label="INT"/><addr/><imc name="BINOP" value="ADD"><imc name="BINOP" value="ADD"><imc name="BINOP" value="ADD"><imc name="TEMP" value="6"/><imc name="CONST" value="-664"/></imc><imc name="BINOP" value="MUL"><imc name="CONST" value="1"/><imc name="CONST" value="72"/></imc></imc><imc name="BINOP" value="MUL"><imc name="CONST" value="0"/><imc name="CONST" value="8"/></imc></imc></node><node label="AtomExpr" lexeme="9" spec="INT"><location loc="49.17--49.17"/><type label="INT"/><imc name="CONST" value="9"/></node><location loc="49.9--49.17"/><imc name="MOVE"><imc name="MEM"><imc name="BINOP" value="ADD"><imc name="BINOP" value="ADD"><imc name="BINOP" value="ADD"><imc name="TEMP" value="6"/><imc name="CONST" value="-664"/></imc><imc name="BINOP" value="MUL"><imc name="CONST" value="1"/><imc name="CONST" value="72"/></imc></imc><imc name="BINOP" value="MUL"><imc name="CONST" value="0"/><imc name="CONST" value="8"/></imc></imc></imc><imc name="CONST" value="9"/></imc></node><node label="AssignStmt"><node label="ArrExpr"><node label="ArrExpr"><node label="VarName" lexeme="t"><location loc="49.20--49.20"/><declaredAt location="64.9--64.32"/><imc name="BINOP" value="ADD"><imc name="TEMP" value="6"/><imc name="CONST" value="-664"/></imc></node><node label="AtomExpr" lexeme="1" spec="INT"><location loc="49.22--49.22"/><type label="INT"/><imc name="CONST" value="1"/></node><location loc="49.20--49.23"/><type label="ARR(9)" len="9"><type label="INT"/></type><addr/><imc name="BINOP" value="ADD"><imc name="BINOP" value="ADD"><imc name="TEMP" value="6"/><imc name="CONST" value="-664"/></imc><imc name="BINOP" value="MUL"><imc name="CONST" value="1"/><imc name="CONST" value="72"/></imc></imc></node><node label="AtomExpr" lexeme="1" spec="INT"><location loc="49.25--49.25"/><type label="INT"/><imc name="CONST" value="1"/></node><location loc="49.20--49.26"/><type label="INT"/><addr/><imc name="BINOP" value="ADD"><imc name="BINOP" value="ADD"><imc name="BINOP" value="ADD"><imc name="TEMP" value="6"/><imc name="CONST" value="-664"/></imc><imc name="BINOP" value="MUL"><imc name="CONST" value="1"/><imc name="CONST" value="72"/></imc></imc><imc name="BINOP" value="MUL"><imc name="CONST" value="1"/><imc name="CONST" value="8"/></imc></imc></node><node label="AtomExpr" lexeme="0" spec="INT"><location loc="49.28--49.28"/><type label="INT"/><imc name="CONST" value="0"/></node><location loc="49.20--49.28"/><imc name="MOVE"><imc name="MEM"><imc name="BINOP" value="ADD"><imc name="BINOP" value="ADD"><imc name="BINOP" value="ADD"><imc name="TEMP" value="6"/><imc name="CONST" value="-664"/></imc><imc name="BINOP" value="MUL"><imc name="CONST" value="1"/><imc name="CONST" value="72"/></imc></imc><imc name="BINOP" value="MUL"><imc name="CONST" value="1"/><imc name="CONST" value="8"/></imc></imc></imc><imc name="CONST" value="0"/></imc></node><node label="AssignStmt"><node label="ArrExpr"><node label="ArrExpr"><node label="VarName" lexeme="t"><location loc="49.31--49.31"/><declaredAt location="64.9--64.32"/><imc name="BINOP" value="ADD"><imc name="TEMP" value="6"/><imc name="CONST" value="-664"/></imc></node><node label="AtomExpr" lexeme="1" spec="INT"><location loc="49.33--49.33"/><type label="INT"/><imc name="CONST" value="1"/></node><location loc="49.31--49.34"/><type label="ARR(9)" len="9"><type label="INT"/></type><addr/><imc name="BINOP" value="ADD"><imc name="BINOP" value="ADD"><imc name="TEMP" value="6"/><imc name="CONST" value="-664"/></imc><imc name="BINOP" value="MUL"><imc name="CONST" value="1"/><imc name="CONST" value="72"/></imc></imc></node><node label="AtomExpr" lexeme="2" spec="INT"><location loc="49.36--49.36"/><type label="INT"/><imc name="CONST" value="2"/></node><location loc="49.31--49.37"/><type label="INT"/><addr/><imc name="BINOP" value="ADD"><imc name="BINOP" value="ADD"><imc name="BINOP" value="ADD"><imc name="TEMP" value="6"/><imc name="CONST" value="-664"/></imc><imc name="BINOP" value="MUL"><imc name="CONST" value="1"/><imc name="CONST" value="72"/></imc></imc><imc name="BINOP" value="MUL"><imc name="CONST" value="2"/><imc name="CONST" value="8"/></imc></imc></node><node label="AtomExpr" lexeme="0" spec="INT"><location loc="49.39--49.39"/><type label="INT"/><imc name="CONST" value="0"/></node><location loc="49.31--49.39"/><imc name="MOVE"><imc name="MEM"><imc name="BINOP" value="ADD"><imc name="BINOP" value="ADD"><imc name="BINOP" value="ADD"><imc name="TEMP" value="6"/><imc name="CONST" value="-664"/></imc><imc name="BINOP" value="MUL"><imc name="CONST" value="1"/><imc name="CONST" value="72"/></imc></imc><imc name="BINOP" value="MUL"><imc name="CONST" value="2"/><imc name="CONST" value="8"/></imc></imc></imc><imc name="CONST" value="0"/></imc></node><node label="AssignStmt"><node label="ArrExpr"><node label="ArrExpr"><node label="VarName" lexeme="t"><location loc="49.44--49.44"/><declaredAt location="64.9--64.32"/><imc name="BINOP" value="ADD"><imc name="TEMP" value="6"/><imc name="CONST" value="-664"/></imc></node><node label="AtomExpr" lexeme="1" spec="INT"><location loc="49.46--49.46"/><type label="INT"/><imc name="CONST" value="1"/></node><location loc="49.44--49.47"/><type label="ARR(9)" len="9"><type label="INT"/></type><addr/><imc name="BINOP" value="ADD"><imc name="BINOP" value="ADD"><imc name="TEMP" value="6"/><imc name="CONST" value="-664"/></imc><imc name="BINOP" value="MUL"><imc name="CONST" value="1"/><imc name="CONST" value="72"/></imc></imc></node><node label="AtomExpr" lexeme="3" spec="INT"><location loc="49.49--49.49"/><type label="INT"/><imc name="CONST" value="3"/></node><location loc="49.44--49.50"/><type label="INT"/><addr/><imc name="BINOP" value="ADD"><imc name="BINOP" value="ADD"><imc name="BINOP" value="ADD"><imc name="TEMP" value="6"/><imc name="CONST" value="-664"/></imc><imc name="BINOP" value="MUL"><imc name="CONST" value="1"/><imc name="CONST" value="72"/></imc></imc><imc name="BINOP" value="MUL"><imc name="CONST" value="3"/><imc name="CONST" value="8"/></imc></imc></node><node label="AtomExpr" lexeme="0" spec="INT"><location loc="49.52--49.52"/><type label="INT"/><imc name="CONST" value="0"/></node><location loc="49.44--49.52"/><imc name="MOVE"><imc name="MEM"><imc name="BINOP" value="ADD"><imc name="BINOP" value="ADD"><imc name="BINOP" value="ADD"><imc name="TEMP" value="6"/><imc name="CONST" value="-664"/></imc><imc name="BINOP" value="MUL"><imc name="CONST" value="1"/><imc name="CONST" value="72"/></imc></imc><imc name="BINOP" value="MUL"><imc name="CONST" value="3"/><imc name="CONST" value="8"/></imc></imc></imc><imc name="CONST" value="0"/></imc></node><node label="AssignStmt"><node label="ArrExpr"><node label="ArrExpr"><node label="VarName" lexeme="t"><location loc="49.55--49.55"/><declaredAt location="64.9--64.32"/><imc name="BINOP" value="ADD"><imc name="TEMP" value="6"/><imc name="CONST" value="-664"/></imc></node><node label="AtomExpr" lexeme="1" spec="INT"><location loc="49.57--49.57"/><type label="INT"/><imc name="CONST" value="1"/></node><location loc="49.55--49.58"/><type label="ARR(9)" len="9"><type label="INT"/></type><addr/><imc name="BINOP" value="ADD"><imc name="BINOP" value="ADD"><imc name="TEMP" value="6"/><imc name="CONST" value="-664"/></imc><imc name="BINOP" value="MUL"><imc name="CONST" value="1"/><imc name="CONST" value="72"/></imc></imc></node><node label="AtomExpr" lexeme="4" spec="INT"><location loc="49.60--49.60"/><type label="INT"/><imc name="CONST" value="4"/></node><location loc="49.55--49.61"/><type label="INT"/><addr/><imc name="BINOP" value="ADD"><imc name="BINOP" value="ADD"><imc name="BINOP" value="ADD"><imc name="TEMP" value="6"/><imc name="CONST" value="-664"/></imc><imc name="BINOP" value="MUL"><imc name="CONST" value="1"/><imc name="CONST" value="72"/></imc></imc><imc name="BINOP" value="MUL"><imc name="CONST" value="4"/><imc name="CONST" value="8"/></imc></imc></node><node label="AtomExpr" lexeme="8" spec="INT"><location loc="49.63--49.63"/><type label="INT"/><imc name="CONST" value="8"/></node><location loc="49.55--49.63"/><imc name="MOVE"><imc name="MEM"><imc name="BINOP" value="ADD"><imc name="BINOP" value="ADD"><imc name="BINOP" value="ADD"><imc name="TEMP" value="6"/><imc name="CONST" value="-664"/></imc><imc name="BINOP" value="MUL"><imc name="CONST" value="1"/><imc name="CONST" value="72"/></imc></imc><imc name="BINOP" value="MUL"><imc name="CONST" value="4"/><imc name="CONST" value="8"/></imc></imc></imc><imc name="CONST" value="8"/></imc></node><node label="AssignStmt"><node label="ArrExpr"><node label="ArrExpr"><node label="VarName" lexeme="t"><location loc="49.66--49.66"/><declaredAt location="64.9--64.32"/><imc name="BINOP" value="ADD"><imc name="TEMP" value="6"/><imc name="CONST" value="-664"/></imc></node><node label="AtomExpr" lexeme="1" spec="INT"><location loc="49.68--49.68"/><type label="INT"/><imc name="CONST" value="1"/></node><location loc="49.66--49.69"/><type label="ARR(9)" len="9"><type label="INT"/></type><addr/><imc name="BINOP" value="ADD"><imc name="BINOP" value="ADD"><imc name="TEMP" value="6"/><imc name="CONST" value="-664"/></imc><imc name="BINOP" value="MUL"><imc name="CONST" value="1"/><imc name="CONST" value="72"/></imc></imc></node><node label="AtomExpr" lexeme="5" spec="INT"><location loc="49.71--49.71"/><type label="INT"/><imc name="CONST" value="5"/></node><location loc="49.66--49.72"/><type label="INT"/><addr/><imc name="BINOP" value="ADD"><imc name="BINOP" value="ADD"><imc name="BINOP" value="ADD"><imc name="TEMP" value="6"/><imc name="CONST" value="-664"/></imc><imc name="BINOP" value="MUL"><imc name="CONST" value="1"/><imc name="CONST" value="72"/></imc></imc><imc name="BINOP" value="MUL"><imc name="CONST" value="5"/><imc name="CONST" value="8"/></imc></imc></node><node label="AtomExpr" lexeme="4" spec="INT"><location loc="49.74--49.74"/><type label="INT"/><imc name="CONST" value="4"/></node><location loc="49.66--49.74"/><imc name="MOVE"><imc name="MEM"><imc name="BINOP" value="ADD"><imc name="BINOP" value="ADD"><imc name="BINOP" value="ADD"><imc name="TEMP" value="6"/><imc name="CONST" value="-664"/></imc><imc name="BINOP" value="MUL"><imc name="CONST" value="1"/><imc name="CONST" value="72"/></imc></imc><imc name="BINOP" value="MUL"><imc name="CONST" value="5"/><imc name="CONST" value="8"/></imc></imc></imc><imc name="CONST" value="4"/></imc></node><node label="AssignStmt"><node label="ArrExpr"><node label="ArrExpr"><node label="VarName" lexeme="t"><location loc="49.79--49.79"/><declaredAt location="64.9--64.32"/><imc name="BINOP" value="ADD"><imc name="TEMP" value="6"/><imc name="CONST" value="-664"/></imc></node><node label="AtomExpr" lexeme="1" spec="INT"><location loc="49.81--49.81"/><type label="INT"/><imc name="CONST" value="1"/></node><location loc="49.79--49.82"/><type label="ARR(9)" len="9"><type label="INT"/></type><addr/><imc name="BINOP" value="ADD"><imc name="BINOP" value="ADD"><imc name="TEMP" value="6"/><imc name="CONST" value="-664"/></imc><imc name="BINOP" value="MUL"><imc name="CONST" value="1"/><imc name="CONST" value="72"/></imc></imc></node><node label="AtomExpr" lexeme="6" spec="INT"><location loc="49.84--49.84"/><type label="INT"/><imc name="CONST" value="6"/></node><location loc="49.79--49.85"/><type label="INT"/><addr/><imc name="BINOP" value="ADD"><imc name="BINOP" value="ADD"><imc name="BINOP" value="ADD"><imc name="TEMP" value="6"/><imc name="CONST" value="-664"/></imc><imc name="BINOP" value="MUL"><imc name="CONST" value="1"/><imc name="CONST" value="72"/></imc></imc><imc name="BINOP" value="MUL"><imc name="CONST" value="6"/><imc name="CONST" value="8"/></imc></imc></node><node label="AtomExpr" lexeme="0" spec="INT"><location loc="49.87--49.87"/><type label="INT"/><imc name="CONST" value="0"/></node><location loc="49.79--49.87"/><imc name="MOVE"><imc name="MEM"><imc name="BINOP" value="ADD"><imc name="BINOP" value="ADD"><imc name="BINOP" value="ADD"><imc name="TEMP" value="6"/><imc name="CONST" value="-664"/></imc><imc name="BINOP" value="MUL"><imc name="CONST" value="1"/><imc name="CONST" value="72"/></imc></imc><imc name="BINOP" value="MUL"><imc name="CONST" value="6"/><imc name="CONST" value="8"/></imc></imc></imc><imc name="CONST" value="0"/></imc></node><node label="AssignStmt"><node label="ArrExpr"><node label="ArrExpr"><node label="VarName" lexeme="t"><location loc="49.90--49.90"/><declaredAt location="64.9--64.32"/><imc name="BINOP" value="ADD"><imc name="TEMP" value="6"/><imc name="CONST" value="-664"/></imc></node><node label="AtomExpr" lexeme="1" spec="INT"><location loc="49.92--49.92"/><type label="INT"/><imc name="CONST" value="1"/></node><location loc="49.90--49.93"/><type label="ARR(9)" len="9"><type label="INT"/></type><addr/><imc name="BINOP" value="ADD"><imc name="BINOP" value="ADD"><imc name="TEMP" value="6"/><imc name="CONST" value="-664"/></imc><imc name="BINOP" value="MUL"><imc name="CONST" value="1"/><imc name="CONST" value="72"/></imc></imc></node><node label="AtomExpr" lexeme="7" spec="INT"><location loc="49.95--49.95"/><type label="INT"/><imc name="CONST" value="7"/></node><location loc="49.90--49.96"/><type label="INT"/><addr/><imc name="BINOP" value="ADD"><imc name="BINOP" value="ADD"><imc name="BINOP" value="ADD"><imc name="TEMP" value="6"/><imc name="CONST" value="-664"/></imc><imc name="BINOP" value="MUL"><imc name="CONST" value="1"/><imc name="CONST" value="72"/></imc></imc><imc name="BINOP" value="MUL"><imc name="CONST" value="7"/><imc name="CONST" value="8"/></imc></imc></node><node label="AtomExpr" lexeme="0" spec="INT"><location loc="49.98--49.98"/><type label="INT"/><imc name="CONST" value="0"/></node><location loc="49.90--49.98"/><imc name="MOVE"><imc name="MEM"><imc name="BINOP" value="ADD"><imc name="BINOP" value="ADD"><imc name="BINOP" value="ADD"><imc name="TEMP" value="6"/><imc name="CONST" value="-664"/></imc><imc name="BINOP" value="MUL"><imc name="CONST" value="1"/><imc name="CONST" value="72"/></imc></imc><imc name="BINOP" value="MUL"><imc name="CONST" value="7"/><imc name="CONST" value="8"/></imc></imc></imc><imc name="CONST" value="0"/></imc></node><node label="AssignStmt"><node label="ArrExpr"><node label="ArrExpr"><node label="VarName" lexeme="t"><location loc="49.101--49.101"/><declaredAt location="64.9--64.32"/><imc name="BINOP" value="ADD"><imc name="TEMP" value="6"/><imc name="CONST" value="-664"/></imc></node><node label="AtomExpr" lexeme="1" spec="INT"><location loc="49.103--49.103"/><type label="INT"/><imc name="CONST" value="1"/></node><location loc="49.101--49.104"/><type label="ARR(9)" len="9"><type label="INT"/></type><addr/><imc name="BINOP" value="ADD"><imc name="BINOP" value="ADD"><imc name="TEMP" value="6"/><imc name="CONST" value="-664"/></imc><imc name="BINOP" value="MUL"><imc name="CONST" value="1"/><imc name="CONST" value="72"/></imc></imc></node><node label="AtomExpr" lexeme="8" spec="INT"><location loc="49.106--49.106"/><type label="INT"/><imc name="CONST" value="8"/></node><location loc="49.101--49.107"/><type label="INT"/><addr/><imc name="BINOP" value="ADD"><imc name="BINOP" value="ADD"><imc name="BINOP" value="ADD"><imc name="TEMP" value="6"/><imc name="CONST" value="-664"/></imc><imc name="BINOP" value="MUL"><imc name="CONST" value="1"/><imc name="CONST" value="72"/></imc></imc><imc name="BINOP" value="MUL"><imc name="CONST" value="8"/><imc name="CONST" value="8"/></imc></imc></node><node label="AtomExpr" lexeme="6" spec="INT"><location loc="49.109--49.109"/><type label="INT"/><imc name="CONST" value="6"/></node><location loc="49.101--49.109"/><imc name="MOVE"><imc name="MEM"><imc name="BINOP" value="ADD"><imc name="BINOP" value="ADD"><imc name="BINOP" value="ADD"><imc name="TEMP" value="6"/><imc name="CONST" value="-664"/></imc><imc name="BINOP" value="MUL"><imc name="CONST" value="1"/><imc name="CONST" value="72"/></imc></imc><imc name="BINOP" value="MUL"><imc name="CONST" value="8"/><imc name="CONST" value="8"/></imc></imc></imc><imc name="CONST" value="6"/></imc></node><node label="AssignStmt"><node label="ArrExpr"><node label="ArrExpr"><node label="VarName" lexeme="t"><location loc="50.9--50.9"/><declaredAt location="64.9--64.32"/><imc name="BINOP" value="ADD"><imc name="TEMP" value="6"/><imc name="CONST" value="-664"/></imc></node><node label="AtomExpr" lexeme="2" spec="INT"><location loc="50.11--50.11"/><type label="INT"/><imc name="CONST" value="2"/></node><location loc="50.9--50.12"/><type label="ARR(9)" len="9"><type label="INT"/></type><addr/><imc name="BINOP" value="ADD"><imc name="BINOP" value="ADD"><imc name="TEMP" value="6"/><imc name="CONST" value="-664"/></imc><imc name="BINOP" value="MUL"><imc name="CONST" value="2"/><imc name="CONST" value="72"/></imc></imc></node><node label="AtomExpr" lexeme="0" spec="INT"><location loc="50.14--50.14"/><type label="INT"/><imc name="CONST" value="0"/></node><location loc="50.9--50.15"/><type label="INT"/><addr/><imc name="BINOP" value="ADD"><imc name="BINOP" value="ADD"><imc name="BINOP" value="ADD"><imc name="TEMP" value="6"/><imc name="CONST" value="-664"/></imc><imc name="BINOP" value="MUL"><imc name="CONST" value="2"/><imc name="CONST" value="72"/></imc></imc><imc name="BINOP" value="MUL"><imc name="CONST" value="0"/><imc name="CONST" value="8"/></imc></imc></node><node label="AtomExpr" lexeme="8" spec="INT"><location loc="50.17--50.17"/><type label="INT"/><imc name="CONST" value="8"/></node><location loc="50.9--50.17"/><imc name="MOVE"><imc name="MEM"><imc name="BINOP" value="ADD"><imc name="BINOP" value="ADD"><imc name="BINOP" value="ADD"><imc name="TEMP" value="6"/><imc name="CONST" value="-664"/></imc><imc name="BINOP" value="MUL"><imc name="CONST" value="2"/><imc name="CONST" value="72"/></imc></imc><imc name="BINOP" value="MUL"><imc name="CONST" value="0"/><imc name="CONST" value="8"/></imc></imc></imc><imc name="CONST" value="8"/></imc></node><node label="AssignStmt"><node label="ArrExpr"><node label="ArrExpr"><node label="VarName" lexeme="t"><location loc="50.20--50.20"/><declaredAt location="64.9--64.32"/><imc name="BINOP" value="ADD"><imc name="TEMP" value="6"/><imc name="CONST" value="-664"/></imc></node><node label="AtomExpr" lexeme="2" spec="INT"><location loc="50.22--50.22"/><type label="INT"/><imc name="CONST" value="2"/></node><location loc="50.20--50.23"/><type label="ARR(9)" len="9"><type label="INT"/></type><addr/><imc name="BINOP" value="ADD"><imc name="BINOP" value="ADD"><imc name="TEMP" value="6"/><imc name="CONST" value="-664"/></imc><imc name="BINOP" value="MUL"><imc name="CONST" value="2"/><imc name="CONST" value="72"/></imc></imc></node><node label="AtomExpr" lexeme="1" spec="INT"><location loc="50.25--50.25"/><type label="INT"/><imc name="CONST" value="1"/></node><location loc="50.20--50.26"/><type label="INT"/><addr/><imc name="BINOP" value="ADD"><imc name="BINOP" value="ADD"><imc name="BINOP" value="ADD"><imc name="TEMP" value="6"/><imc name="CONST" value="-664"/></imc><imc name="BINOP" value="MUL"><imc name="CONST" value="2"/><imc name="CONST" value="72"/></imc></imc><imc name="BINOP" value="MUL"><imc name="CONST" value="1"/><imc name="CONST" value="8"/></imc></imc></node><node label="AtomExpr" lexeme="2" spec="INT"><location loc="50.28--50.28"/><type label="INT"/><imc name="CONST" value="2"/></node><location loc="50.20--50.28"/><imc name="MOVE"><imc name="MEM"><imc name="BINOP" value="ADD"><imc name="BINOP" value="ADD"><imc name="BINOP" value="ADD"><imc name="TEMP" value="6"/><imc name="CONST" value="-664"/></imc><imc name="BINOP" value="MUL"><imc name="CONST" value="2"/><imc name="CONST" value="72"/></imc></imc><imc name="BINOP" value="MUL"><imc name="CONST" value="1"/><imc name="CONST" value="8"/></imc></imc></imc><imc name="CONST" value="2"/></imc></node><node label="AssignStmt"><node label="ArrExpr"><node label="ArrExpr"><node label="VarName" lexeme="t"><location loc="50.31--50.31"/><declaredAt location="64.9--64.32"/><imc name="BINOP" value="ADD"><imc name="TEMP" value="6"/><imc name="CONST" value="-664"/></imc></node><node label="AtomExpr" lexeme="2" spec="INT"><location loc="50.33--50.33"/><type label="INT"/><imc name="CONST" value="2"/></node><location loc="50.31--50.34"/><type label="ARR(9)" len="9"><type label="INT"/></type><addr/><imc name="BINOP" value="ADD"><imc name="BINOP" value="ADD"><imc name="TEMP" value="6"/><imc name="CONST" value="-664"/></imc><imc name="BINOP" value="MUL"><imc name="CONST" value="2"/><imc name="CONST" value="72"/></imc></imc></node><node label="AtomExpr" lexeme="2" spec="INT"><location loc="50.36--50.36"/><type label="INT"/><imc name="CONST" value="2"/></node><location loc="50.31--50.37"/><type label="INT"/><addr/><imc name="BINOP" value="ADD"><imc name="BINOP" value="ADD"><imc name="BINOP" value="ADD"><imc name="TEMP" value="6"/><imc name="CONST" value="-664"/></imc><imc name="BINOP" value="MUL"><imc name="CONST" value="2"/><imc name="CONST" value="72"/></imc></imc><imc name="BINOP" value="MUL"><imc name="CONST" value="2"/><imc name="CONST" value="8"/></imc></imc></node><node label="AtomExpr" lexeme="0" spec="INT"><location loc="50.39--50.39"/><type label="INT"/><imc name="CONST" value="0"/></node><location loc="50.31--50.39"/><imc name="MOVE"><imc name="MEM"><imc name="BINOP" value="ADD"><imc name="BINOP" value="ADD"><imc name="BINOP" value="ADD"><imc name="TEMP" value="6"/><imc name="CONST" value="-664"/></imc><imc name="BINOP" value="MUL"><imc name="CONST" value="2"/><imc name="CONST" value="72"/></imc></imc><imc name="BINOP" value="MUL"><imc name="CONST" value="2"/><imc name="CONST" value="8"/></imc></imc></imc><imc name="CONST" value="0"/></imc></node><node label="AssignStmt"><node label="ArrExpr"><node label="ArrExpr"><node label="VarName" lexeme="t"><location loc="50.44--50.44"/><declaredAt location="64.9--64.32"/><imc name="BINOP" value="ADD"><imc name="TEMP" value="6"/><imc name="CONST" value="-664"/></imc></node><node label="AtomExpr" lexeme="2" spec="INT"><location loc="50.46--50.46"/><type label="INT"/><imc name="CONST" value="2"/></node><location loc="50.44--50.47"/><type label="ARR(9)" len="9"><type label="INT"/></type><addr/><imc name="BINOP" value="ADD"><imc name="BINOP" value="ADD"><imc name="TEMP" value="6"/><imc name="CONST" value="-664"/></imc><imc name="BINOP" value="MUL"><imc name="CONST" value="2"/><imc name="CONST" value="72"/></imc></imc></node><node label="AtomExpr" lexeme="3" spec="INT"><location loc="50.49--50.49"/><type label="INT"/><imc name="CONST" value="3"/></node><location loc="50.44--50.50"/><type label="INT"/><addr/><imc name="BINOP" value="ADD"><imc name="BINOP" value="ADD"><imc name="BINOP" value="ADD"><imc name="TEMP" value="6"/><imc name="CONST" value="-664"/></imc><imc name="BINOP" value="MUL"><imc name="CONST" value="2"/><imc name="CONST" value="72"/></imc></imc><imc name="BINOP" value="MUL"><imc name="CONST" value="3"/><imc name="CONST" value="8"/></imc></imc></node><node label="AtomExpr" lexeme="0" spec="INT"><location loc="50.52--50.52"/><type label="INT"/><imc name="CONST" value="0"/></node><location loc="50.44--50.52"/><imc name="MOVE"><imc name="MEM"><imc name="BINOP" value="ADD"><imc name="BINOP" value="ADD"><imc name="BINOP" value="ADD"><imc name="TEMP" value="6"/><imc name="CONST" value="-664"/></imc><imc name="BINOP" value="MUL"><imc name="CONST" value="2"/><imc name="CONST" value="72"/></imc></imc><imc name="BINOP" value="MUL"><imc name="CONST" value="3"/><imc name="CONST" value="8"/></imc></imc></imc><imc name="CONST" value="0"/></imc></node><node label="AssignStmt"><node label="ArrExpr"><node label="ArrExpr"><node label="VarName" lexeme="t"><location loc="50.55--50.55"/><declaredAt location="64.9--64.32"/><imc name="BINOP" value="ADD"><imc name="TEMP" value="6"/><imc name="CONST" value="-664"/></imc></node><node label="AtomExpr" lexeme="2" spec="INT"><location loc="50.57--50.57"/><type label="INT"/><imc name="CONST" value="2"/></node><location loc="50.55--50.58"/><type label="ARR(9)" len="9"><type label="INT"/></type><addr/><imc name="BINOP" value="ADD"><imc name="BINOP" value="ADD"><imc name="TEMP" value="6"/><imc name="CONST" value="-664"/></imc><imc name="BINOP" value="MUL"><imc name="CONST" value="2"/><imc name="CONST" value="72"/></imc></imc></node><node label="AtomExpr" lexeme="4" spec="INT"><location loc="50.60--50.60"/><type label="INT"/><imc name="CONST" value="4"/></node><location loc="50.55--50.61"/><type label="INT"/><addr/><imc name="BINOP" value="ADD"><imc name="BINOP" value="ADD"><imc name="BINOP" value="ADD"><imc name="TEMP" value="6"/><imc name="CONST" value="-664"/></imc><imc name="BINOP" value="MUL"><imc name="CONST" value="2"/><imc name="CONST" value="72"/></imc></imc><imc name="BINOP" value="MUL"><imc name="CONST" value="4"/><imc name="CONST" value="8"/></imc></imc></node><node label="AtomExpr" lexeme="9" spec="INT"><location loc="50.63--50.63"/><type label="INT"/><imc name="CONST" value="9"/></node><location loc="50.55--50.63"/><imc name="MOVE"><imc name="MEM"><imc name="BINOP" value="ADD"><imc name="BINOP" value="ADD"><imc name="BINOP" value="ADD"><imc name="TEMP" value="6"/><imc name="CONST" value="-664"/></imc><imc name="BINOP" value="MUL"><imc name="CONST" value="2"/><imc name="CONST" value="72"/></imc></imc><imc name="BINOP" value="MUL"><imc name="CONST" value="4"/><imc name="CONST" value="8"/></imc></imc></imc><imc name="CONST" value="9"/></imc></node><node label="AssignStmt"><node label="ArrExpr"><node label="ArrExpr"><node label="VarName" lexeme="t"><location loc="50.66--50.66"/><declaredAt location="64.9--64.32"/><imc name="BINOP" value="ADD"><imc name="TEMP" value="6"/><imc name="CONST" value="-664"/></imc></node><node label="AtomExpr" lexeme="2" spec="INT"><location loc="50.68--50.68"/><type label="INT"/><imc name="CONST" value="2"/></node><location loc="50.66--50.69"/><type label="ARR(9)" len="9"><type label="INT"/></type><addr/><imc name="BINOP" value="ADD"><imc name="BINOP" value="ADD"><imc name="TEMP" value="6"/><imc name="CONST" value="-664"/></imc><imc name="BINOP" value="MUL"><imc name="CONST" value="2"/><imc name="CONST" value="72"/></imc></imc></node><node label="AtomExpr" lexeme="5" spec="INT"><location loc="50.71--50.71"/><type label="INT"/><imc name="CONST" value="5"/></node><location loc="50.66--50.72"/><type label="INT"/><addr/><imc name="BINOP" value="ADD"><imc name="BINOP" value="ADD"><imc name="BINOP" value="ADD"><imc name="TEMP" value="6"/><imc name="CONST" value="-664"/></imc><imc name="BINOP" value="MUL"><imc name="CONST" value="2"/><imc name="CONST" value="72"/></imc></imc><imc name="BINOP" value="MUL"><imc name="CONST" value="5"/><imc name="CONST" value="8"/></imc></imc></node><node label="AtomExpr" lexeme="0" spec="INT"><location loc="50.74--50.74"/><type label="INT"/><imc name="CONST" value="0"/></node><location loc="50.66--50.74"/><imc name="MOVE"><imc name="MEM"><imc name="BINOP" value="ADD"><imc name="BINOP" value="ADD"><imc name="BINOP" value="ADD"><imc name="TEMP" value="6"/><imc name="CONST" value="-664"/></imc><imc name="BINOP" value="MUL"><imc name="CONST" value="2"/><imc name="CONST" value="72"/></imc></imc><imc name="BINOP" value="MUL"><imc name="CONST" value="5"/><imc name="CONST" value="8"/></imc></imc></imc><imc name="CONST" value="0"/></imc></node><node label="AssignStmt"><node label="ArrExpr"><node label="ArrExpr"><node label="VarName" lexeme="t"><location loc="50.79--50.79"/><declaredAt location="64.9--64.32"/><imc name="BINOP" value="ADD"><imc name="TEMP" value="6"/><imc name="CONST" value="-664"/></imc></node><node label="AtomExpr" lexeme="2" spec="INT"><location loc="50.81--50.81"/><type label="INT"/><imc name="CONST" value="2"/></node><location loc="50.79--50.82"/><type label="ARR(9)" len="9"><type label="INT"/></type><addr/><imc name="BINOP" value="ADD"><imc name="BINOP" value="ADD"><imc name="TEMP" value="6"/><imc name="CONST" value="-664"/></imc><imc name="BINOP" value="MUL"><imc name="CONST" value="2"/><imc name="CONST" value="72"/></imc></imc></node><node label="AtomExpr" lexeme="6" spec="INT"><location loc="50.84--50.84"/><type label="INT"/><imc name="CONST" value="6"/></node><location loc="50.79--50.85"/><type label="INT"/><addr/><imc name="BINOP" value="ADD"><imc name="BINOP" value="ADD"><imc name="BINOP" value="ADD"><imc name="TEMP" value="6"/><imc name="CONST" value="-664"/></imc><imc name="BINOP" value="MUL"><imc name="CONST" value="2"/><imc name="CONST" value="72"/></imc></imc><imc name="BINOP" value="MUL"><imc name="CONST" value="6"/><imc name="CONST" value="8"/></imc></imc></node><node label="AtomExpr" lexeme="0" spec="INT"><location loc="50.87--50.87"/><type label="INT"/><imc name="CONST" value="0"/></node><location loc="50.79--50.87"/><imc name="MOVE"><imc name="MEM"><imc name="BINOP" value="ADD"><imc name="BINOP" value="ADD"><imc name="BINOP" value="ADD"><imc name="TEMP" value="6"/><imc name="CONST" value="-664"/></imc><imc name="BINOP" value="MUL"><imc name="CONST" value="2"/><imc name="CONST" value="72"/></imc></imc><imc name="BINOP" value="MUL"><imc name="CONST" value="6"/><imc name="CONST" value="8"/></imc></imc></imc><imc name="CONST" value="0"/></imc></node><node label="AssignStmt"><node label="ArrExpr"><node label="ArrExpr"><node label="VarName" lexeme="t"><location loc="50.90--50.90"/><declaredAt location="64.9--64.32"/><imc name="BINOP" value="ADD"><imc name="TEMP" value="6"/><imc name="CONST" value="-664"/></imc></node><node label="AtomExpr" lexeme="2" spec="INT"><location loc="50.92--50.92"/><type label="INT"/><imc name="CONST" value="2"/></node><location loc="50.90--50.93"/><type label="ARR(9)" len="9"><type label="INT"/></type><addr/><imc name="BINOP" value="ADD"><imc name="BINOP" value="ADD"><imc name="TEMP" value="6"/><imc name="CONST" value="-664"/></imc><imc name="BINOP" value="MUL"><imc name="CONST" value="2"/><imc name="CONST" value="72"/></imc></imc></node><node label="AtomExpr" lexeme="7" spec="INT"><location loc="50.95--50.95"/><type label="INT"/><imc name="CONST" value="7"/></node><location loc="50.90--50.96"/><type label="INT"/><addr/><imc name="BINOP" value="ADD"><imc name="BINOP" value="ADD"><imc name="BINOP" value="ADD"><imc name="TEMP" value="6"/><imc name="CONST" value="-664"/></imc><imc name="BINOP" value="MUL"><imc name="CONST" value="2"/><imc name="CONST" value="72"/></imc></imc><imc name="BINOP" value="MUL"><imc name="CONST" value="7"/><imc name="CONST" value="8"/></imc></imc></node><node label="AtomExpr" lexeme="0" spec="INT"><location loc="50.98--50.98"/><type label="INT"/><imc name="CONST" value="0"/></node><location loc="50.90--50.98"/><imc name="MOVE"><imc name="MEM"><imc name="BINOP" value="ADD"><imc name="BINOP" value="ADD"><imc name="BINOP" value="ADD"><imc name="TEMP" value="6"/><imc name="CONST" value="-664"/></imc><imc name="BINOP" value="MUL"><imc name="CONST" value="2"/><imc name="CONST" value="72"/></imc></imc><imc name="BINOP" value="MUL"><imc name="CONST" value="7"/><imc name="CONST" value="8"/></imc></imc></imc><imc name="CONST" value="0"/></imc></node><node label="AssignStmt"><node label="ArrExpr"><node label="ArrExpr"><node label="VarName" lexeme="t"><location loc="50.101--50.101"/><declaredAt location="64.9--64.32"/><imc name="BINOP" value="ADD"><imc name="TEMP" value="6"/><imc name="CONST" value="-664"/></imc></node><node label="AtomExpr" lexeme="2" spec="INT"><location loc="50.103--50.103"/><type label="INT"/><imc name="CONST" value="2"/></node><location loc="50.101--50.104"/><type label="ARR(9)" len="9"><type label="INT"/></type><addr/><imc name="BINOP" value="ADD"><imc name="BINOP" value="ADD"><imc name="TEMP" value="6"/><imc name="CONST" value="-664"/></imc><imc name="BINOP" value="MUL"><imc name="CONST" value="2"/><imc name="CONST" value="72"/></imc></imc></node><node label="AtomExpr" lexeme="8" spec="INT"><location loc="50.106--50.106"/><type label="INT"/><imc name="CONST" value="8"/></node><location loc="50.101--50.107"/><type label="INT"/><addr/><imc name="BINOP" value="ADD"><imc name="BINOP" value="ADD"><imc name="BINOP" value="ADD"><imc name="TEMP" value="6"/><imc name="CONST" value="-664"/></imc><imc name="BINOP" value="MUL"><imc name="CONST" value="2"/><imc name="CONST" value="72"/></imc></imc><imc name="BINOP" value="MUL"><imc name="CONST" value="8"/><imc name="CONST" value="8"/></imc></imc></node><node label="AtomExpr" lexeme="0" spec="INT"><location loc="50.109--50.109"/><type label="INT"/><imc name="CONST" value="0"/></node><location loc="50.101--50.109"/><imc name="MOVE"><imc name="MEM"><imc name="BINOP" value="ADD"><imc name="BINOP" value="ADD"><imc name="BINOP" value="ADD"><imc name="TEMP" value="6"/><imc name="CONST" value="-664"/></imc><imc name="BINOP" value="MUL"><imc name="CONST" value="2"/><imc name="CONST" value="72"/></imc></imc><imc name="BINOP" value="MUL"><imc name="CONST" value="8"/><imc name="CONST" value="8"/></imc></imc></imc><imc name="CONST" value="0"/></imc></node><node label="AssignStmt"><node label="ArrExpr"><node label="ArrExpr"><node label="VarName" lexeme="t"><location loc="52.9--52.9"/><declaredAt location="64.9--64.32"/><imc name="BINOP" value="ADD"><imc name="TEMP" value="6"/><imc name="CONST" value="-664"/></imc></node><node label="AtomExpr" lexeme="3" spec="INT"><location loc="52.11--52.11"/><type label="INT"/><imc name="CONST" value="3"/></node><location loc="52.9--52.12"/><type label="ARR(9)" len="9"><type label="INT"/></type><addr/><imc name="BINOP" value="ADD"><imc name="BINOP" value="ADD"><imc name="TEMP" value="6"/><imc name="CONST" value="-664"/></imc><imc name="BINOP" value="MUL"><imc name="CONST" value="3"/><imc name="CONST" value="72"/></imc></imc></node><node label="AtomExpr" lexeme="0" spec="INT"><location loc="52.14--52.14"/><type label="INT"/><imc name="CONST" value="0"/></node><location loc="52.9--52.15"/><type label="INT"/><addr/><imc name="BINOP" value="ADD"><imc name="BINOP" value="ADD"><imc name="BINOP" value="ADD"><imc name="TEMP" value="6"/><imc name="CONST" value="-664"/></imc><imc name="BINOP" value="MUL"><imc name="CONST" value="3"/><imc name="CONST" value="72"/></imc></imc><imc name="BINOP" value="MUL"><imc name="CONST" value="0"/><imc name="CONST" value="8"/></imc></imc></node><node label="AtomExpr" lexeme="0" spec="INT"><location loc="52.17--52.17"/><type label="INT"/><imc name="CONST" value="0"/></node><location loc="52.9--52.17"/><imc name="MOVE"><imc name="MEM"><imc name="BINOP" value="ADD"><imc name="BINOP" value="ADD"><imc name="BINOP" value="ADD"><imc name="TEMP" value="6"/><imc name="CONST" value="-664"/></imc><imc name="BINOP" value="MUL"><imc name="CONST" value="3"/><imc name="CONST" value="72"/></imc></imc><imc name="BINOP" value="MUL"><imc name="CONST" value="0"/><imc name="CONST" value="8"/></imc></imc></imc><imc name="CONST" value="0"/></imc></node><node label="AssignStmt"><node label="ArrExpr"><node label="ArrExpr"><node label="VarName" lexeme="t"><location loc="52.20--52.20"/><declaredAt location="64.9--64.32"/><imc name="BINOP" value="ADD"><imc name="TEMP" value="6"/><imc name="CONST" value="-664"/></imc></node><node label="AtomExpr" lexeme="3" spec="INT"><location loc="52.22--52.22"/><type label="INT"/><imc name="CONST" value="3"/></node><location loc="52.20--52.23"/><type label="ARR(9)" len="9"><type label="INT"/></type><addr/><imc name="BINOP" value="ADD"><imc name="BINOP" value="ADD"><imc name="TEMP" value="6"/><imc name="CONST" value="-664"/></imc><imc name="BINOP" value="MUL"><imc name="CONST" value="3"/><imc name="CONST" value="72"/></imc></imc></node><node label="AtomExpr" lexeme="1" spec="INT"><location loc="52.25--52.25"/><type label="INT"/><imc name="CONST" value="1"/></node><location loc="52.20--52.26"/><type label="INT"/><addr/><imc name="BINOP" value="ADD"><imc name="BINOP" value="ADD"><imc name="BINOP" value="ADD"><imc name="TEMP" value="6"/><imc name="CONST" value="-664"/></imc><imc name="BINOP" value="MUL"><imc name="CONST" value="3"/><imc name="CONST" value="72"/></imc></imc><imc name="BINOP" value="MUL"><imc name="CONST" value="1"/><imc name="CONST" value="8"/></imc></imc></node><node label="AtomExpr" lexeme="1" spec="INT"><location loc="52.28--52.28"/><type label="INT"/><imc name="CONST" value="1"/></node><location loc="52.20--52.28"/><imc name="MOVE"><imc name="MEM"><imc name="BINOP" value="ADD"><imc name="BINOP" value="ADD"><imc name="BINOP" value="ADD"><imc name="TEMP" value="6"/><imc name="CONST" value="-664"/></imc><imc name="BINOP" value="MUL"><imc name="CONST" value="3"/><imc name="CONST" value="72"/></imc></imc><imc name="BINOP" value="MUL"><imc name="CONST" value="1"/><imc name="CONST" value="8"/></imc></imc></imc><imc name="CONST" value="1"/></imc></node><node label="AssignStmt"><node label="ArrExpr"><node label="ArrExpr"><node label="VarName" lexeme="t"><location loc="52.31--52.31"/><declaredAt location="64.9--64.32"/><imc name="BINOP" value="ADD"><imc name="TEMP" value="6"/><imc name="CONST" value="-664"/></imc></node><node label="AtomExpr" lexeme="3" spec="INT"><location loc="52.33--52.33"/><type label="INT"/><imc name="CONST" value="3"/></node><location loc="52.31--52.34"/><type label="ARR(9)" len="9"><type label="INT"/></type><addr/><imc name="BINOP" value="ADD"><imc name="BINOP" value="ADD"><imc name="TEMP" value="6"/><imc name="CONST" value="-664"/></imc><imc name="BINOP" value="MUL"><imc name="CONST" value="3"/><imc name="CONST" value="72"/></imc></imc></node><node label="AtomExpr" lexeme="2" spec="INT"><location loc="52.36--52.36"/><type label="INT"/><imc name="CONST" value="2"/></node><location loc="52.31--52.37"/><type label="INT"/><addr/><imc name="BINOP" value="ADD"><imc name="BINOP" value="ADD"><imc name="BINOP" value="ADD"><imc name="TEMP" value="6"/><imc name="CONST" value="-664"/></imc><imc name="BINOP" value="MUL"><imc name="CONST" value="3"/><imc name="CONST" value="72"/></imc></imc><imc name="BINOP" value="MUL"><imc name="CONST" value="2"/><imc name="CONST" value="8"/></imc></imc></node><node label="AtomExpr" lexeme="4" spec="INT"><location loc="52.39--52.39"/><type label="INT"/><imc name="CONST" value="4"/></node><location loc="52.31--52.39"/><imc name="MOVE"><imc name="MEM"><imc name="BINOP" value="ADD"><imc name="BINOP" value="ADD"><imc name="BINOP" value="ADD"><imc name="TEMP" value="6"/><imc name="CONST" value="-664"/></imc><imc name="BINOP" value="MUL"><imc name="CONST" value="3"/><imc name="CONST" value="72"/></imc></imc><imc name="BINOP" value="MUL"><imc name="CONST" value="2"/><imc name="CONST" value="8"/></imc></imc></imc><imc name="CONST" value="4"/></imc></node><node label="AssignStmt"><node label="ArrExpr"><node label="ArrExpr"><node label="VarName" lexeme="t"><location loc="52.44--52.44"/><declaredAt location="64.9--64.32"/><imc name="BINOP" value="ADD"><imc name="TEMP" value="6"/><imc name="CONST" value="-664"/></imc></node><node label="AtomExpr" lexeme="3" spec="INT"><location loc="52.46--52.46"/><type label="INT"/><imc name="CONST" value="3"/></node><location loc="52.44--52.47"/><type label="ARR(9)" len="9"><type label="INT"/></type><addr/><imc name="BINOP" value="ADD"><imc name="BINOP" value="ADD"><imc name="TEMP" value="6"/><imc name="CONST" value="-664"/></imc><imc name="BINOP" value="MUL"><imc name="CONST" value="3"/><imc name="CONST" value="72"/></imc></imc></node><node label="AtomExpr" lexeme="3" spec="INT"><location loc="52.49--52.49"/><type label="INT"/><imc name="CONST" value="3"/></node><location loc="52.44--52.50"/><type label="INT"/><addr/><imc name="BINOP" value="ADD"><imc name="BINOP" value="ADD"><imc name="BINOP" value="ADD"><imc name="TEMP" value="6"/><imc name="CONST" value="-664"/></imc><imc name="BINOP" value="MUL"><imc name="CONST" value="3"/><imc name="CONST" value="72"/></imc></imc><imc name="BINOP" value="MUL"><imc name="CONST" value="3"/><imc name="CONST" value="8"/></imc></imc></node><node label="AtomExpr" lexeme="8" spec="INT"><location loc="52.52--52.52"/><type label="INT"/><imc name="CONST" value="8"/></node><location loc="52.44--52.52"/><imc name="MOVE"><imc name="MEM"><imc name="BINOP" value="ADD"><imc name="BINOP" value="ADD"><imc name="BINOP" value="ADD"><imc name="TEMP" value="6"/><imc name="CONST" value="-664"/></imc><imc name="BINOP" value="MUL"><imc name="CONST" value="3"/><imc name="CONST" value="72"/></imc></imc><imc name="BINOP" value="MUL"><imc name="CONST" value="3"/><imc name="CONST" value="8"/></imc></imc></imc><imc name="CONST" value="8"/></imc></node><node label="AssignStmt"><node label="ArrExpr"><node label="ArrExpr"><node label="VarName" lexeme="t"><location loc="52.55--52.55"/><declaredAt location="64.9--64.32"/><imc name="BINOP" value="ADD"><imc name="TEMP" value="6"/><imc name="CONST" value="-664"/></imc></node><node label="AtomExpr" lexeme="3" spec="INT"><location loc="52.57--52.57"/><type label="INT"/><imc name="CONST" value="3"/></node><location loc="52.55--52.58"/><type label="ARR(9)" len="9"><type label="INT"/></type><addr/><imc name="BINOP" value="ADD"><imc name="BINOP" value="ADD"><imc name="TEMP" value="6"/><imc name="CONST" value="-664"/></imc><imc name="BINOP" value="MUL"><imc name="CONST" value="3"/><imc name="CONST" value="72"/></imc></imc></node><node label="AtomExpr" lexeme="4" spec="INT"><location loc="52.60--52.60"/><type label="INT"/><imc name="CONST" value="4"/></node><location loc="52.55--52.61"/><type label="INT"/><addr/><imc name="BINOP" value="ADD"><imc name="BINOP" value="ADD"><imc name="BINOP" value="ADD"><imc name="TEMP" value="6"/><imc name="CONST" value="-664"/></imc><imc name="BINOP" value="MUL"><imc name="CONST" value="3"/><imc name="CONST" value="72"/></imc></imc><imc name="BINOP" value="MUL"><imc name="CONST" value="4"/><imc name="CONST" value="8"/></imc></imc></node><node label="AtomExpr" lexeme="0" spec="INT"><location loc="52.63--52.63"/><type label="INT"/><imc name="CONST" value="0"/></node><location loc="52.55--52.63"/><imc name="MOVE"><imc name="MEM"><imc name="BINOP" value="ADD"><imc name="BINOP" value="ADD"><imc name="BINOP" value="ADD"><imc name="TEMP" value="6"/><imc name="CONST" value="-664"/></imc><imc name="BINOP" value="MUL"><imc name="CONST" value="3"/><imc name="CONST" value="72"/></imc></imc><imc name="BINOP" value="MUL"><imc name="CONST" value="4"/><imc name="CONST" value="8"/></imc></imc></imc><imc name="CONST" value="0"/></imc></node><node label="AssignStmt"><node label="ArrExpr"><node label="ArrExpr"><node label="VarName" lexeme="t"><location loc="52.66--52.66"/><declaredAt location="64.9--64.32"/><imc name="BINOP" value="ADD"><imc name="TEMP" value="6"/><imc name="CONST" value="-664"/></imc></node><node label="AtomExpr" lexeme="3" spec="INT"><location loc="52.68--52.68"/><type label="INT"/><imc name="CONST" value="3"/></node><location loc="52.66--52.69"/><type label="ARR(9)" len="9"><type label="INT"/></type><addr/><imc name="BINOP" value="ADD"><imc name="BINOP" value="ADD"><imc name="TEMP" value="6"/><imc name="CONST" value="-664"/></imc><imc name="BINOP" value="MUL"><imc name="CONST" value="3"/><imc name="CONST" value="72"/></imc></imc></node><node label="AtomExpr" lexeme="5" spec="INT"><location loc="52.71--52.71"/><type label="INT"/><imc name="CONST" value="5"/></node><location loc="52.66--52.72"/><type label="INT"/><addr/><imc name="BINOP" value="ADD"><imc name="BINOP" value="ADD"><imc name="BINOP" value="ADD"><imc name="TEMP" value="6"/><imc name="CONST" value="-664"/></imc><imc name="BINOP" value="MUL"><imc name="CONST" value="3"/><imc name="CONST" value="72"/></imc></imc><imc name="BINOP" value="MUL"><imc name="CONST" value="5"/><imc name="CONST" value="8"/></imc></imc></node><node label="AtomExpr" lexeme="0" spec="INT"><location loc="52.74--52.74"/><type label="INT"/><imc name="CONST" value="0"/></node><location loc="52.66--52.74"/><imc name="MOVE"><imc name="MEM"><imc name="BINOP" value="ADD"><imc name="BINOP" value="ADD"><imc name="BINOP" value="ADD"><imc name="TEMP" value="6"/><imc name="CONST" value="-664"/></imc><imc name="BINOP" value="MUL"><imc name="CONST" value="3"/><imc name="CONST" value="72"/></imc></imc><imc name="BINOP" value="MUL"><imc name="CONST" value="5"/><imc name="CONST" value="8"/></imc></imc></imc><imc name="CONST" value="0"/></imc></node><node label="AssignStmt"><node label="ArrExpr"><node label="ArrExpr"><node label="VarName" lexeme="t"><location loc="52.79--52.79"/><declaredAt location="64.9--64.32"/><imc name="BINOP" value="ADD"><imc name="TEMP" value="6"/><imc name="CONST" value="-664"/></imc></node><node label="AtomExpr" lexeme="3" spec="INT"><location loc="52.81--52.81"/><type label="INT"/><imc name="CONST" value="3"/></node><location loc="52.79--52.82"/><type label="ARR(9)" len="9"><type label="INT"/></type><addr/><imc name="BINOP" value="ADD"><imc name="BINOP" value="ADD"><imc name="TEMP" value="6"/><imc name="CONST" value="-664"/></imc><imc name="BINOP" value="MUL"><imc name="CONST" value="3"/><imc name="CONST" value="72"/></imc></imc></node><node label="AtomExpr" lexeme="6" spec="INT"><location loc="52.84--52.84"/><type label="INT"/><imc name="CONST" value="6"/></node><location loc="52.79--52.85"/><type label="INT"/><addr/><imc name="BINOP" value="ADD"><imc name="BINOP" value="ADD"><imc name="BINOP" value="ADD"><imc name="TEMP" value="6"/><imc name="CONST" value="-664"/></imc><imc name="BINOP" value="MUL"><imc name="CONST" value="3"/><imc name="CONST" value="72"/></imc></imc><imc name="BINOP" value="MUL"><imc name="CONST" value="6"/><imc name="CONST" value="8"/></imc></imc></node><node label="AtomExpr" lexeme="0" spec="INT"><location loc="52.87--52.87"/><type label="INT"/><imc name="CONST" value="0"/></node><location loc="52.79--52.87"/><imc name="MOVE"><imc name="MEM"><imc name="BINOP" value="ADD"><imc name="BINOP" value="ADD"><imc name="BINOP" value="ADD"><imc name="TEMP" value="6"/><imc name="CONST" value="-664"/></imc><imc name="BINOP" value="MUL"><imc name="CONST" value="3"/><imc name="CONST" value="72"/></imc></imc><imc name="BINOP" value="MUL"><imc name="CONST" value="6"/><imc name="CONST" value="8"/></imc></imc></imc><imc name="CONST" value="0"/></imc></node><node label="AssignStmt"><node label="ArrExpr"><node label="ArrExpr"><node label="VarName" lexeme="t"><location loc="52.90--52.90"/><declaredAt location="64.9--64.32"/><imc name="BINOP" value="ADD"><imc name="TEMP" value="6"/><imc name="CONST" value="-664"/></imc></node><node label="AtomExpr" lexeme="3" spec="INT"><location loc="52.92--52.92"/><type label="INT"/><imc name="CONST" value="3"/></node><location loc="52.90--52.93"/><type label="ARR(9)" len="9"><type label="INT"/></type><addr/><imc name="BINOP" value="ADD"><imc name="BINOP" value="ADD"><imc name="TEMP" value="6"/><imc name="CONST" value="-664"/></imc><imc name="BINOP" value="MUL"><imc name="CONST" value="3"/><imc name="CONST" value="72"/></imc></imc></node><node label="AtomExpr" lexeme="7" spec="INT"><location loc="52.95--52.95"/><type label="INT"/><imc name="CONST" value="7"/></node><location loc="52.90--52.96"/><type label="INT"/><addr/><imc name="BINOP" value="ADD"><imc name="BINOP" value="ADD"><imc name="BINOP" value="ADD"><imc name="TEMP" value="6"/><imc name="CONST" value="-664"/></imc><imc name="BINOP" value="MUL"><imc name="CONST" value="3"/><imc name="CONST" value="72"/></imc></imc><imc name="BINOP" value="MUL"><imc name="CONST" value="7"/><imc name="CONST" value="8"/></imc></imc></node><node label="AtomExpr" lexeme="5" spec="INT"><location loc="52.98--52.98"/><type label="INT"/><imc name="CONST" value="5"/></node><location loc="52.90--52.98"/><imc name="MOVE"><imc name="MEM"><imc name="BINOP" value="ADD"><imc name="BINOP" value="ADD"><imc name="BINOP" value="ADD"><imc name="TEMP" value="6"/><imc name="CONST" value="-664"/></imc><imc name="BINOP" value="MUL"><imc name="CONST" value="3"/><imc name="CONST" value="72"/></imc></imc><imc name="BINOP" value="MUL"><imc name="CONST" value="7"/><imc name="CONST" value="8"/></imc></imc></imc><imc name="CONST" value="5"/></imc></node><node label="AssignStmt"><node label="ArrExpr"><node label="ArrExpr"><node label="VarName" lexeme="t"><location loc="52.101--52.101"/><declaredAt location="64.9--64.32"/><imc name="BINOP" value="ADD"><imc name="TEMP" value="6"/><imc name="CONST" value="-664"/></imc></node><node label="AtomExpr" lexeme="3" spec="INT"><location loc="52.103--52.103"/><type label="INT"/><imc name="CONST" value="3"/></node><location loc="52.101--52.104"/><type label="ARR(9)" len="9"><type label="INT"/></type><addr/><imc name="BINOP" value="ADD"><imc name="BINOP" value="ADD"><imc name="TEMP" value="6"/><imc name="CONST" value="-664"/></imc><imc name="BINOP" value="MUL"><imc name="CONST" value="3"/><imc name="CONST" value="72"/></imc></imc></node><node label="AtomExpr" lexeme="8" spec="INT"><location loc="52.106--52.106"/><type label="INT"/><imc name="CONST" value="8"/></node><location loc="52.101--52.107"/><type label="INT"/><addr/><imc name="BINOP" value="ADD"><imc name="BINOP" value="ADD"><imc name="BINOP" value="ADD"><imc name="TEMP" value="6"/><imc name="CONST" value="-664"/></imc><imc name="BINOP" value="MUL"><imc name="CONST" value="3"/><imc name="CONST" value="72"/></imc></imc><imc name="BINOP" value="MUL"><imc name="CONST" value="8"/><imc name="CONST" value="8"/></imc></imc></node><node label="AtomExpr" lexeme="0" spec="INT"><location loc="52.109--52.109"/><type label="INT"/><imc name="CONST" value="0"/></node><location loc="52.101--52.109"/><imc name="MOVE"><imc name="MEM"><imc name="BINOP" value="ADD"><imc name="BINOP" value="ADD"><imc name="BINOP" value="ADD"><imc name="TEMP" value="6"/><imc name="CONST" value="-664"/></imc><imc name="BINOP" value="MUL"><imc name="CONST" value="3"/><imc name="CONST" value="72"/></imc></imc><imc name="BINOP" value="MUL"><imc name="CONST" value="8"/><imc name="CONST" value="8"/></imc></imc></imc><imc name="CONST" value="0"/></imc></node><node label="AssignStmt"><node label="ArrExpr"><node label="ArrExpr"><node label="VarName" lexeme="t"><location loc="53.9--53.9"/><declaredAt location="64.9--64.32"/><imc name="BINOP" value="ADD"><imc name="TEMP" value="6"/><imc name="CONST" value="-664"/></imc></node><node label="AtomExpr" lexeme="4" spec="INT"><location loc="53.11--53.11"/><type label="INT"/><imc name="CONST" value="4"/></node><location loc="53.9--53.12"/><type label="ARR(9)" len="9"><type label="INT"/></type><addr/><imc name="BINOP" value="ADD"><imc name="BINOP" value="ADD"><imc name="TEMP" value="6"/><imc name="CONST" value="-664"/></imc><imc name="BINOP" value="MUL"><imc name="CONST" value="4"/><imc name="CONST" value="72"/></imc></imc></node><node label="AtomExpr" lexeme="0" spec="INT"><location loc="53.14--53.14"/><type label="INT"/><imc name="CONST" value="0"/></node><location loc="53.9--53.15"/><type label="INT"/><addr/><imc name="BINOP" value="ADD"><imc name="BINOP" value="ADD"><imc name="BINOP" value="ADD"><imc name="TEMP" value="6"/><imc name="CONST" value="-664"/></imc><imc name="BINOP" value="MUL"><imc name="CONST" value="4"/><imc name="CONST" value="72"/></imc></imc><imc name="BINOP" value="MUL"><imc name="CONST" value="0"/><imc name="CONST" value="8"/></imc></imc></node><node label="AtomExpr" lexeme="3" spec="INT"><location loc="53.17--53.17"/><type label="INT"/><imc name="CONST" value="3"/></node><location loc="53.9--53.17"/><imc name="MOVE"><imc name="MEM"><imc name="BINOP" value="ADD"><imc name="BINOP" value="ADD"><imc name="BINOP" value="ADD"><imc name="TEMP" value="6"/><imc name="CONST" value="-664"/></imc><imc name="BINOP" value="MUL"><imc name="CONST" value="4"/><imc name="CONST" value="72"/></imc></imc><imc name="BINOP" value="MUL"><imc name="CONST" value="0"/><imc name="CONST" value="8"/></imc></imc></imc><imc name="CONST" value="3"/></imc></node><node label="AssignStmt"><node label="ArrExpr"><node label="ArrExpr"><node label="VarName" lexeme="t"><location loc="53.20--53.20"/><declaredAt location="64.9--64.32"/><imc name="BINOP" value="ADD"><imc name="TEMP" value="6"/><imc name="CONST" value="-664"/></imc></node><node label="AtomExpr" lexeme="4" spec="INT"><location loc="53.22--53.22"/><type label="INT"/><imc name="CONST" value="4"/></node><location loc="53.20--53.23"/><type label="ARR(9)" len="9"><type label="INT"/></type><addr/><imc name="BINOP" value="ADD"><imc name="BINOP" value="ADD"><imc name="TEMP" value="6"/><imc name="CONST" value="-664"/></imc><imc name="BINOP" value="MUL"><imc name="CONST" value="4"/><imc name="CONST" value="72"/></imc></imc></node><node label="AtomExpr" lexeme="1" spec="INT"><location loc="53.25--53.25"/><type label="INT"/><imc name="CONST" value="1"/></node><location loc="53.20--53.26"/><type label="INT"/><addr/><imc name="BINOP" value="ADD"><imc name="BINOP" value="ADD"><imc name="BINOP" value="ADD"><imc name="TEMP" value="6"/><imc name="CONST" value="-664"/></imc><imc name="BINOP" value="MUL"><imc name="CONST" value="4"/><imc name="CONST" value="72"/></imc></imc><imc name="BINOP" value="MUL"><imc name="CONST" value="1"/><imc name="CONST" value="8"/></imc></imc></node><node label="AtomExpr" lexeme="0" spec="INT"><location loc="53.28--53.28"/><type label="INT"/><imc name="CONST" value="0"/></node><location loc="53.20--53.28"/><imc name="MOVE"><imc name="MEM"><imc name="BINOP" value="ADD"><imc name="BINOP" value="ADD"><imc name="BINOP" value="ADD"><imc name="TEMP" value="6"/><imc name="CONST" value="-664"/></imc><imc name="BINOP" value="MUL"><imc name="CONST" value="4"/><imc name="CONST" value="72"/></imc></imc><imc name="BINOP" value="MUL"><imc name="CONST" value="1"/><imc name="CONST" value="8"/></imc></imc></imc><imc name="CONST" value="0"/></imc></node><node label="AssignStmt"><node label="ArrExpr"><node label="ArrExpr"><node label="VarName" lexeme="t"><location loc="53.31--53.31"/><declaredAt location="64.9--64.32"/><imc name="BINOP" value="ADD"><imc name="TEMP" value="6"/><imc name="CONST" value="-664"/></imc></node><node label="AtomExpr" lexeme="4" spec="INT"><location loc="53.33--53.33"/><type label="INT"/><imc name="CONST" value="4"/></node><location loc="53.31--53.34"/><type label="ARR(9)" len="9"><type label="INT"/></type><addr/><imc name="BINOP" value="ADD"><imc name="BINOP" value="ADD"><imc name="TEMP" value="6"/><imc name="CONST" value="-664"/></imc><imc name="BINOP" value="MUL"><imc name="CONST" value="4"/><imc name="CONST" value="72"/></imc></imc></node><node label="AtomExpr" lexeme="2" spec="INT"><location loc="53.36--53.36"/><type label="INT"/><imc name="CONST" value="2"/></node><location loc="53.31--53.37"/><type label="INT"/><addr/><imc name="BINOP" value="ADD"><imc name="BINOP" value="ADD"><imc name="BINOP" value="ADD"><imc name="TEMP" value="6"/><imc name="CONST" value="-664"/></imc><imc name="BINOP" value="MUL"><imc name="CONST" value="4"/><imc name="CONST" value="72"/></imc></imc><imc name="BINOP" value="MUL"><imc name="CONST" value="2"/><imc name="CONST" value="8"/></imc></imc></node><node label="AtomExpr" lexeme="0" spec="INT"><location loc="53.39--53.39"/><type label="INT"/><imc name="CONST" value="0"/></node><location loc="53.31--53.39"/><imc name="MOVE"><imc name="MEM"><imc name="BINOP" value="ADD"><imc name="BINOP" value="ADD"><imc name="BINOP" value="ADD"><imc name="TEMP" value="6"/><imc name="CONST" value="-664"/></imc><imc name="BINOP" value="MUL"><imc name="CONST" value="4"/><imc name="CONST" value="72"/></imc></imc><imc name="BINOP" value="MUL"><imc name="CONST" value="2"/><imc name="CONST" value="8"/></imc></imc></imc><imc name="CONST" value="0"/></imc></node><node label="AssignStmt"><node label="ArrExpr"><node label="ArrExpr"><node label="VarName" lexeme="t"><location loc="53.44--53.44"/><declaredAt location="64.9--64.32"/><imc name="BINOP" value="ADD"><imc name="TEMP" value="6"/><imc name="CONST" value="-664"/></imc></node><node label="AtomExpr" lexeme="4" spec="INT"><location loc="53.46--53.46"/><type label="INT"/><imc name="CONST" value="4"/></node><location loc="53.44--53.47"/><type label="ARR(9)" len="9"><type label="INT"/></type><addr/><imc name="BINOP" value="ADD"><imc name="BINOP" value="ADD"><imc name="TEMP" value="6"/><imc name="CONST" value="-664"/></imc><imc name="BINOP" value="MUL"><imc name="CONST" value="4"/><imc name="CONST" value="72"/></imc></imc></node><node label="AtomExpr" lexeme="3" spec="INT"><location loc="53.49--53.49"/><type label="INT"/><imc name="CONST" value="3"/></node><location loc="53.44--53.50"/><type label="INT"/><addr/><imc name="BINOP" value="ADD"><imc name="BINOP" value="ADD"><imc name="BINOP" value="ADD"><imc name="TEMP" value="6"/><imc name="CONST" value="-664"/></imc><imc name="BINOP" value="MUL"><imc name="CONST" value="4"/><imc name="CONST" value="72"/></imc></imc><imc name="BINOP" value="MUL"><imc name="CONST" value="3"/><imc name="CONST" value="8"/></imc></imc></node><node label="AtomExpr" lexeme="0" spec="INT"><location loc="53.52--53.52"/><type label="INT"/><imc name="CONST" value="0"/></node><location loc="53.44--53.52"/><imc name="MOVE"><imc name="MEM"><imc name="BINOP" value="ADD"><imc name="BINOP" value="ADD"><imc name="BINOP" value="ADD"><imc name="TEMP" value="6"/><imc name="CONST" value="-664"/></imc><imc name="BINOP" value="MUL"><imc name="CONST" value="4"/><imc name="CONST" value="72"/></imc></imc><imc name="BINOP" value="MUL"><imc name="CONST" value="3"/><imc name="CONST" value="8"/></imc></imc></imc><imc name="CONST" value="0"/></imc></node><node label="AssignStmt"><node label="ArrExpr"><node label="ArrExpr"><node label="VarName" lexeme="t"><location loc="53.55--53.55"/><declaredAt location="64.9--64.32"/><imc name="BINOP" value="ADD"><imc name="TEMP" value="6"/><imc name="CONST" value="-664"/></imc></node><node label="AtomExpr" lexeme="4" spec="INT"><location loc="53.57--53.57"/><type label="INT"/><imc name="CONST" value="4"/></node><location loc="53.55--53.58"/><type label="ARR(9)" len="9"><type label="INT"/></type><addr/><imc name="BINOP" value="ADD"><imc name="BINOP" value="ADD"><imc name="TEMP" value="6"/><imc name="CONST" value="-664"/></imc><imc name="BINOP" value="MUL"><imc name="CONST" value="4"/><imc name="CONST" value="72"/></imc></imc></node><node label="AtomExpr" lexeme="4" spec="INT"><location loc="53.60--53.60"/><type label="INT"/><imc name="CONST" value="4"/></node><location loc="53.55--53.61"/><type label="INT"/><addr/><imc name="BINOP" value="ADD"><imc name="BINOP" value="ADD"><imc name="BINOP" value="ADD"><imc name="TEMP" value="6"/><imc name="CONST" value="-664"/></imc><imc name="BINOP" value="MUL"><imc name="CONST" value="4"/><imc name="CONST" value="72"/></imc></imc><imc name="BINOP" value="MUL"><imc name="CONST" value="4"/><imc name="CONST" value="8"/></imc></imc></node><node label="AtomExpr" lexeme="0" spec="INT"><location loc="53.63--53.63"/><type label="INT"/><imc name="CONST" value="0"/></node><location loc="53.55--53.63"/><imc name="MOVE"><imc name="MEM"><imc name="BINOP" value="ADD"><imc name="BINOP" value="ADD"><imc name="BINOP" value="ADD"><imc name="TEMP" value="6"/><imc name="CONST" value="-664"/></imc><imc name="BINOP" value="MUL"><imc name="CONST" value="4"/><imc name="CONST" value="72"/></imc></imc><imc name="BINOP" value="MUL"><imc name="CONST" value="4"/><imc name="CONST" value="8"/></imc></imc></imc><imc name="CONST" value="0"/></imc></node><node label="AssignStmt"><node label="ArrExpr"><node label="ArrExpr"><node label="VarName" lexeme="t"><location loc="53.66--53.66"/><declaredAt location="64.9--64.32"/><imc name="BINOP" value="ADD"><imc name="TEMP" value="6"/><imc name="CONST" value="-664"/></imc></node><node label="AtomExpr" lexeme="4" spec="INT"><location loc="53.68--53.68"/><type label="INT"/><imc name="CONST" value="4"/></node><location loc="53.66--53.69"/><type label="ARR(9)" len="9"><type label="INT"/></type><addr/><imc name="BINOP" value="ADD"><imc name="BINOP" value="ADD"><imc name="TEMP" value="6"/><imc name="CONST" value="-664"/></imc><imc name="BINOP" value="MUL"><imc name="CONST" value="4"/><imc name="CONST" value="72"/></imc></imc></node><node label="AtomExpr" lexeme="5" spec="INT"><location loc="53.71--53.71"/><type label="INT"/><imc name="CONST" value="5"/></node><location loc="53.66--53.72"/><type label="INT"/><addr/><imc name="BINOP" value="ADD"><imc name="BINOP" value="ADD"><imc name="BINOP" value="ADD"><imc name="TEMP" value="6"/><imc name="CONST" value="-664"/></imc><imc name="BINOP" value="MUL"><imc name="CONST" value="4"/><imc name="CONST" value="72"/></imc></imc><imc name="BINOP" value="MUL"><imc name="CONST" value="5"/><imc name="CONST" value="8"/></imc></imc></node><node label="AtomExpr" lexeme="0" spec="INT"><location loc="53.74--53.74"/><type label="INT"/><imc name="CONST" value="0"/></node><location loc="53.66--53.74"/><imc name="MOVE"><imc name="MEM"><imc name="BINOP" value="ADD"><imc name="BINOP" value="ADD"><imc name="BINOP" value="ADD"><imc name="TEMP" value="6"/><imc name="CONST" value="-664"/></imc><imc name="BINOP" value="MUL"><imc name="CONST" value="4"/><imc name="CONST" value="72"/></imc></imc><imc name="BINOP" value="MUL"><imc name="CONST" value="5"/><imc name="CONST" value="8"/></imc></imc></imc><imc name="CONST" value="0"/></imc></node><node label="AssignStmt"><node label="ArrExpr"><node label="ArrExpr"><node label="VarName" lexeme="t"><location loc="53.79--53.79"/><declaredAt location="64.9--64.32"/><imc name="BINOP" value="ADD"><imc name="TEMP" value="6"/><imc name="CONST" value="-664"/></imc></node><node label="AtomExpr" lexeme="4" spec="INT"><location loc="53.81--53.81"/><type label="INT"/><imc name="CONST" value="4"/></node><location loc="53.79--53.82"/><type label="ARR(9)" len="9"><type label="INT"/></type><addr/><imc name="BINOP" value="ADD"><imc name="BINOP" value="ADD"><imc name="TEMP" value="6"/><imc name="CONST" value="-664"/></imc><imc name="BINOP" value="MUL"><imc name="CONST" value="4"/><imc name="CONST" value="72"/></imc></imc></node><node label="AtomExpr" lexeme="6" spec="INT"><location loc="53.84--53.84"/><type label="INT"/><imc name="CONST" value="6"/></node><location loc="53.79--53.85"/><type label="INT"/><addr/><imc name="BINOP" value="ADD"><imc name="BINOP" value="ADD"><imc name="BINOP" value="ADD"><imc name="TEMP" value="6"/><imc name="CONST" value="-664"/></imc><imc name="BINOP" value="MUL"><imc name="CONST" value="4"/><imc name="CONST" value="72"/></imc></imc><imc name="BINOP" value="MUL"><imc name="CONST" value="6"/><imc name="CONST" value="8"/></imc></imc></node><node label="AtomExpr" lexeme="6" spec="INT"><location loc="53.87--53.87"/><type label="INT"/><imc name="CONST" value="6"/></node><location loc="53.79--53.87"/><imc name="MOVE"><imc name="MEM"><imc name="BINOP" value="ADD"><imc name="BINOP" value="ADD"><imc name="BINOP" value="ADD"><imc name="TEMP" value="6"/><imc name="CONST" value="-664"/></imc><imc name="BINOP" value="MUL"><imc name="CONST" value="4"/><imc name="CONST" value="72"/></imc></imc><imc name="BINOP" value="MUL"><imc name="CONST" value="6"/><imc name="CONST" value="8"/></imc></imc></imc><imc name="CONST" value="6"/></imc></node><node label="AssignStmt"><node label="ArrExpr"><node label="ArrExpr"><node label="VarName" lexeme="t"><location loc="53.90--53.90"/><declaredAt location="64.9--64.32"/><imc name="BINOP" value="ADD"><imc name="TEMP" value="6"/><imc name="CONST" value="-664"/></imc></node><node label="AtomExpr" lexeme="4" spec="INT"><location loc="53.92--53.92"/><type label="INT"/><imc name="CONST" value="4"/></node><location loc="53.90--53.93"/><type label="ARR(9)" len="9"><type label="INT"/></type><addr/><imc name="BINOP" value="ADD"><imc name="BINOP" value="ADD"><imc name="TEMP" value="6"/><imc name="CONST" value="-664"/></imc><imc name="BINOP" value="MUL"><imc name="CONST" value="4"/><imc name="CONST" value="72"/></imc></imc></node><node label="AtomExpr" lexeme="7" spec="INT"><location loc="53.95--53.95"/><type label="INT"/><imc name="CONST" value="7"/></node><location loc="53.90--53.96"/><type label="INT"/><addr/><imc name="BINOP" value="ADD"><imc name="BINOP" value="ADD"><imc name="BINOP" value="ADD"><imc name="TEMP" value="6"/><imc name="CONST" value="-664"/></imc><imc name="BINOP" value="MUL"><imc name="CONST" value="4"/><imc name="CONST" value="72"/></imc></imc><imc name="BINOP" value="MUL"><imc name="CONST" value="7"/><imc name="CONST" value="8"/></imc></imc></node><node label="AtomExpr" lexeme="7" spec="INT"><location loc="53.98--53.98"/><type label="INT"/><imc name="CONST" value="7"/></node><location loc="53.90--53.98"/><imc name="MOVE"><imc name="MEM"><imc name="BINOP" value="ADD"><imc name="BINOP" value="ADD"><imc name="BINOP" value="ADD"><imc name="TEMP" value="6"/><imc name="CONST" value="-664"/></imc><imc name="BINOP" value="MUL"><imc name="CONST" value="4"/><imc name="CONST" value="72"/></imc></imc><imc name="BINOP" value="MUL"><imc name="CONST" value="7"/><imc name="CONST" value="8"/></imc></imc></imc><imc name="CONST" value="7"/></imc></node><node label="AssignStmt"><node label="ArrExpr"><node label="ArrExpr"><node label="VarName" lexeme="t"><location loc="53.101--53.101"/><declaredAt location="64.9--64.32"/><imc name="BINOP" value="ADD"><imc name="TEMP" value="6"/><imc name="CONST" value="-664"/></imc></node><node label="AtomExpr" lexeme="4" spec="INT"><location loc="53.103--53.103"/><type label="INT"/><imc name="CONST" value="4"/></node><location loc="53.101--53.104"/><type label="ARR(9)" len="9"><type label="INT"/></type><addr/><imc name="BINOP" value="ADD"><imc name="BINOP" value="ADD"><imc name="TEMP" value="6"/><imc name="CONST" value="-664"/></imc><imc name="BINOP" value="MUL"><imc name="CONST" value="4"/><imc name="CONST" value="72"/></imc></imc></node><node label="AtomExpr" lexeme="8" spec="INT"><location loc="53.106--53.106"/><type label="INT"/><imc name="CONST" value="8"/></node><location loc="53.101--53.107"/><type label="INT"/><addr/><imc name="BINOP" value="ADD"><imc name="BINOP" value="ADD"><imc name="BINOP" value="ADD"><imc name="TEMP" value="6"/><imc name="CONST" value="-664"/></imc><imc name="BINOP" value="MUL"><imc name="CONST" value="4"/><imc name="CONST" value="72"/></imc></imc><imc name="BINOP" value="MUL"><imc name="CONST" value="8"/><imc name="CONST" value="8"/></imc></imc></node><node label="AtomExpr" lexeme="0" spec="INT"><location loc="53.109--53.109"/><type label="INT"/><imc name="CONST" value="0"/></node><location loc="53.101--53.109"/><imc name="MOVE"><imc name="MEM"><imc name="BINOP" value="ADD"><imc name="BINOP" value="ADD"><imc name="BINOP" value="ADD"><imc name="TEMP" value="6"/><imc name="CONST" value="-664"/></imc><imc name="BINOP" value="MUL"><imc name="CONST" value="4"/><imc name="CONST" value="72"/></imc></imc><imc name="BINOP" value="MUL"><imc name="CONST" value="8"/><imc name="CONST" value="8"/></imc></imc></imc><imc name="CONST" value="0"/></imc></node><node label="AssignStmt"><node label="ArrExpr"><node label="ArrExpr"><node label="VarName" lexeme="t"><location loc="54.9--54.9"/><declaredAt location="64.9--64.32"/><imc name="BINOP" value="ADD"><imc name="TEMP" value="6"/><imc name="CONST" value="-664"/></imc></node><node label="AtomExpr" lexeme="5" spec="INT"><location loc="54.11--54.11"/><type label="INT"/><imc name="CONST" value="5"/></node><location loc="54.9--54.12"/><type label="ARR(9)" len="9"><type label="INT"/></type><addr/><imc name="BINOP" value="ADD"><imc name="BINOP" value="ADD"><imc name="TEMP" value="6"/><imc name="CONST" value="-664"/></imc><imc name="BINOP" value="MUL"><imc name="CONST" value="5"/><imc name="CONST" value="72"/></imc></imc></node><node label="AtomExpr" lexeme="0" spec="INT"><location loc="54.14--54.14"/><type label="INT"/><imc name="CONST" value="0"/></node><location loc="54.9--54.15"/><type label="INT"/><addr/><imc name="BINOP" value="ADD"><imc name="BINOP" value="ADD"><imc name="BINOP" value="ADD"><imc name="TEMP" value="6"/><imc name="CONST" value="-664"/></imc><imc name="BINOP" value="MUL"><imc name="CONST" value="5"/><imc name="CONST" value="72"/></imc></imc><imc name="BINOP" value="MUL"><imc name="CONST" value="0"/><imc name="CONST" value="8"/></imc></imc></node><node label="AtomExpr" lexeme="0" spec="INT"><location loc="54.17--54.17"/><type label="INT"/><imc name="CONST" value="0"/></node><location loc="54.9--54.17"/><imc name="MOVE"><imc name="MEM"><imc name="BINOP" value="ADD"><imc name="BINOP" value="ADD"><imc name="BINOP" value="ADD"><imc name="TEMP" value="6"/><imc name="CONST" value="-664"/></imc><imc name="BINOP" value="MUL"><imc name="CONST" value="5"/><imc name="CONST" value="72"/></imc></imc><imc name="BINOP" value="MUL"><imc name="CONST" value="0"/><imc name="CONST" value="8"/></imc></imc></imc><imc name="CONST" value="0"/></imc></node><node label="AssignStmt"><node label="ArrExpr"><node label="ArrExpr"><node label="VarName" lexeme="t"><location loc="54.20--54.20"/><declaredAt location="64.9--64.32"/><imc name="BINOP" value="ADD"><imc name="TEMP" value="6"/><imc name="CONST" value="-664"/></imc></node><node label="AtomExpr" lexeme="5" spec="INT"><location loc="54.22--54.22"/><type label="INT"/><imc name="CONST" value="5"/></node><location loc="54.20--54.23"/><type label="ARR(9)" len="9"><type label="INT"/></type><addr/><imc name="BINOP" value="ADD"><imc name="BINOP" value="ADD"><imc name="TEMP" value="6"/><imc name="CONST" value="-664"/></imc><imc name="BINOP" value="MUL"><imc name="CONST" value="5"/><imc name="CONST" value="72"/></imc></imc></node><node label="AtomExpr" lexeme="1" spec="INT"><location loc="54.25--54.25"/><type label="INT"/><imc name="CONST" value="1"/></node><location loc="54.20--54.26"/><type label="INT"/><addr/><imc name="BINOP" value="ADD"><imc name="BINOP" value="ADD"><imc name="BINOP" value="ADD"><imc name="TEMP" value="6"/><imc name="CONST" value="-664"/></imc><imc name="BINOP" value="MUL"><imc name="CONST" value="5"/><imc name="CONST" value="72"/></imc></imc><imc name="BINOP" value="MUL"><imc name="CONST" value="1"/><imc name="CONST" value="8"/></imc></imc></node><node label="AtomExpr" lexeme="0" spec="INT"><location loc="54.28--54.28"/><type label="INT"/><imc name="CONST" value="0"/></node><location loc="54.20--54.28"/><imc name="MOVE"><imc name="MEM"><imc name="BINOP" value="ADD"><imc name="BINOP" value="ADD"><imc name="BINOP" value="ADD"><imc name="TEMP" value="6"/><imc name="CONST" value="-664"/></imc><imc name="BINOP" value="MUL"><imc name="CONST" value="5"/><imc name="CONST" value="72"/></imc></imc><imc name="BINOP" value="MUL"><imc name="CONST" value="1"/><imc name="CONST" value="8"/></imc></imc></imc><imc name="CONST" value="0"/></imc></node><node label="AssignStmt"><node label="ArrExpr"><node label="ArrExpr"><node label="VarName" lexeme="t"><location loc="54.31--54.31"/><declaredAt location="64.9--64.32"/><imc name="BINOP" value="ADD"><imc name="TEMP" value="6"/><imc name="CONST" value="-664"/></imc></node><node label="AtomExpr" lexeme="5" spec="INT"><location loc="54.33--54.33"/><type label="INT"/><imc name="CONST" value="5"/></node><location loc="54.31--54.34"/><type label="ARR(9)" len="9"><type label="INT"/></type><addr/><imc name="BINOP" value="ADD"><imc name="BINOP" value="ADD"><imc name="TEMP" value="6"/><imc name="CONST" value="-664"/></imc><imc name="BINOP" value="MUL"><imc name="CONST" value="5"/><imc name="CONST" value="72"/></imc></imc></node><node label="AtomExpr" lexeme="2" spec="INT"><location loc="54.36--54.36"/><type label="INT"/><imc name="CONST" value="2"/></node><location loc="54.31--54.37"/><type label="INT"/><addr/><imc name="BINOP" value="ADD"><imc name="BINOP" value="ADD"><imc name="BINOP" value="ADD"><imc name="TEMP" value="6"/><imc name="CONST" value="-664"/></imc><imc name="BINOP" value="MUL"><imc name="CONST" value="5"/><imc name="CONST" value="72"/></imc></imc><imc name="BINOP" value="MUL"><imc name="CONST" value="2"/><imc name="CONST" value="8"/></imc></imc></node><node label="AtomExpr" lexeme="0" spec="INT"><location loc="54.39--54.39"/><type label="INT"/><imc name="CONST" value="0"/></node><location loc="54.31--54.39"/><imc name="MOVE"><imc name="MEM"><imc name="BINOP" value="ADD"><imc name="BINOP" value="ADD"><imc name="BINOP" value="ADD"><imc name="TEMP" value="6"/><imc name="CONST" value="-664"/></imc><imc name="BINOP" value="MUL"><imc name="CONST" value="5"/><imc name="CONST" value="72"/></imc></imc><imc name="BINOP" value="MUL"><imc name="CONST" value="2"/><imc name="CONST" value="8"/></imc></imc></imc><imc name="CONST" value="0"/></imc></node><node label="AssignStmt"><node label="ArrExpr"><node label="ArrExpr"><node label="VarName" lexeme="t"><location loc="54.44--54.44"/><declaredAt location="64.9--64.32"/><imc name="BINOP" value="ADD"><imc name="TEMP" value="6"/><imc name="CONST" value="-664"/></imc></node><node label="AtomExpr" lexeme="5" spec="INT"><location loc="54.46--54.46"/><type label="INT"/><imc name="CONST" value="5"/></node><location loc="54.44--54.47"/><type label="ARR(9)" len="9"><type label="INT"/></type><addr/><imc name="BINOP" value="ADD"><imc name="BINOP" value="ADD"><imc name="TEMP" value="6"/><imc name="CONST" value="-664"/></imc><imc name="BINOP" value="MUL"><imc name="CONST" value="5"/><imc name="CONST" value="72"/></imc></imc></node><node label="AtomExpr" lexeme="3" spec="INT"><location loc="54.49--54.49"/><type label="INT"/><imc name="CONST" value="3"/></node><location loc="54.44--54.50"/><type label="INT"/><addr/><imc name="BINOP" value="ADD"><imc name="BINOP" value="ADD"><imc name="BINOP" value="ADD"><imc name="TEMP" value="6"/><imc name="CONST" value="-664"/></imc><imc name="BINOP" value="MUL"><imc name="CONST" value="5"/><imc name="CONST" value="72"/></imc></imc><imc name="BINOP" value="MUL"><imc name="CONST" value="3"/><imc name="CONST" value="8"/></imc></imc></node><node label="AtomExpr" lexeme="0" spec="INT"><location loc="54.52--54.52"/><type label="INT"/><imc name="CONST" value="0"/></node><location loc="54.44--54.52"/><imc name="MOVE"><imc name="MEM"><imc name="BINOP" value="ADD"><imc name="BINOP" value="ADD"><imc name="BINOP" value="ADD"><imc name="TEMP" value="6"/><imc name="CONST" value="-664"/></imc><imc name="BINOP" value="MUL"><imc name="CONST" value="5"/><imc name="CONST" value="72"/></imc></imc><imc name="BINOP" value="MUL"><imc name="CONST" value="3"/><imc name="CONST" value="8"/></imc></imc></imc><imc name="CONST" value="0"/></imc></node><node label="AssignStmt"><node label="ArrExpr"><node label="ArrExpr"><node label="VarName" lexeme="t"><location loc="54.55--54.55"/><declaredAt location="64.9--64.32"/><imc name="BINOP" value="ADD"><imc name="TEMP" value="6"/><imc name="CONST" value="-664"/></imc></node><node label="AtomExpr" lexeme="5" spec="INT"><location loc="54.57--54.57"/><type label="INT"/><imc name="CONST" value="5"/></node><location loc="54.55--54.58"/><type label="ARR(9)" len="9"><type label="INT"/></type><addr/><imc name="BINOP" value="ADD"><imc name="BINOP" value="ADD"><imc name="TEMP" value="6"/><imc name="CONST" value="-664"/></imc><imc name="BINOP" value="MUL"><imc name="CONST" value="5"/><imc name="CONST" value="72"/></imc></imc></node><node label="AtomExpr" lexeme="4" spec="INT"><location loc="54.60--54.60"/><type label="INT"/><imc name="CONST" value="4"/></node><location loc="54.55--54.61"/><type label="INT"/><addr/><imc name="BINOP" value="ADD"><imc name="BINOP" value="ADD"><imc name="BINOP" value="ADD"><imc name="TEMP" value="6"/><imc name="CONST" value="-664"/></imc><imc name="BINOP" value="MUL"><imc name="CONST" value="5"/><imc name="CONST" value="72"/></imc></imc><imc name="BINOP" value="MUL"><imc name="CONST" value="4"/><imc name="CONST" value="8"/></imc></imc></node><node label="AtomExpr" lexeme="0" spec="INT"><location loc="54.63--54.63"/><type label="INT"/><imc name="CONST" value="0"/></node><location loc="54.55--54.63"/><imc name="MOVE"><imc name="MEM"><imc name="BINOP" value="ADD"><imc name="BINOP" value="ADD"><imc name="BINOP" value="ADD"><imc name="TEMP" value="6"/><imc name="CONST" value="-664"/></imc><imc name="BINOP" value="MUL"><imc name="CONST" value="5"/><imc name="CONST" value="72"/></imc></imc><imc name="BINOP" value="MUL"><imc name="CONST" value="4"/><imc name="CONST" value="8"/></imc></imc></imc><imc name="CONST" value="0"/></imc></node><node label="AssignStmt"><node label="ArrExpr"><node label="ArrExpr"><node label="VarName" lexeme="t"><location loc="54.66--54.66"/><declaredAt location="64.9--64.32"/><imc name="BINOP" value="ADD"><imc name="TEMP" value="6"/><imc name="CONST" value="-664"/></imc></node><node label="AtomExpr" lexeme="5" spec="INT"><location loc="54.68--54.68"/><type label="INT"/><imc name="CONST" value="5"/></node><location loc="54.66--54.69"/><type label="ARR(9)" len="9"><type label="INT"/></type><addr/><imc name="BINOP" value="ADD"><imc name="BINOP" value="ADD"><imc name="TEMP" value="6"/><imc name="CONST" value="-664"/></imc><imc name="BINOP" value="MUL"><imc name="CONST" value="5"/><imc name="CONST" value="72"/></imc></imc></node><node label="AtomExpr" lexeme="5" spec="INT"><location loc="54.71--54.71"/><type label="INT"/><imc name="CONST" value="5"/></node><location loc="54.66--54.72"/><type label="INT"/><addr/><imc name="BINOP" value="ADD"><imc name="BINOP" value="ADD"><imc name="BINOP" value="ADD"><imc name="TEMP" value="6"/><imc name="CONST" value="-664"/></imc><imc name="BINOP" value="MUL"><imc name="CONST" value="5"/><imc name="CONST" value="72"/></imc></imc><imc name="BINOP" value="MUL"><imc name="CONST" value="5"/><imc name="CONST" value="8"/></imc></imc></node><node label="AtomExpr" lexeme="9" spec="INT"><location loc="54.74--54.74"/><type label="INT"/><imc name="CONST" value="9"/></node><location loc="54.66--54.74"/><imc name="MOVE"><imc name="MEM"><imc name="BINOP" value="ADD"><imc name="BINOP" value="ADD"><imc name="BINOP" value="ADD"><imc name="TEMP" value="6"/><imc name="CONST" value="-664"/></imc><imc name="BINOP" value="MUL"><imc name="CONST" value="5"/><imc name="CONST" value="72"/></imc></imc><imc name="BINOP" value="MUL"><imc name="CONST" value="5"/><imc name="CONST" value="8"/></imc></imc></imc><imc name="CONST" value="9"/></imc></node><node label="AssignStmt"><node label="ArrExpr"><node label="ArrExpr"><node label="VarName" lexeme="t"><location loc="54.79--54.79"/><declaredAt location="64.9--64.32"/><imc name="BINOP" value="ADD"><imc name="TEMP" value="6"/><imc name="CONST" value="-664"/></imc></node><node label="AtomExpr" lexeme="5" spec="INT"><location loc="54.81--54.81"/><type label="INT"/><imc name="CONST" value="5"/></node><location loc="54.79--54.82"/><type label="ARR(9)" len="9"><type label="INT"/></type><addr/><imc name="BINOP" value="ADD"><imc name="BINOP" value="ADD"><imc name="TEMP" value="6"/><imc name="CONST" value="-664"/></imc><imc name="BINOP" value="MUL"><imc name="CONST" value="5"/><imc name="CONST" value="72"/></imc></imc></node><node label="AtomExpr" lexeme="6" spec="INT"><location loc="54.84--54.84"/><type label="INT"/><imc name="CONST" value="6"/></node><location loc="54.79--54.85"/><type label="INT"/><addr/><imc name="BINOP" value="ADD"><imc name="BINOP" value="ADD"><imc name="BINOP" value="ADD"><imc name="TEMP" value="6"/><imc name="CONST" value="-664"/></imc><imc name="BINOP" value="MUL"><imc name="CONST" value="5"/><imc name="CONST" value="72"/></imc></imc><imc name="BINOP" value="MUL"><imc name="CONST" value="6"/><imc name="CONST" value="8"/></imc></imc></node><node label="AtomExpr" lexeme="0" spec="INT"><location loc="54.87--54.87"/><type label="INT"/><imc name="CONST" value="0"/></node><location loc="54.79--54.87"/><imc name="MOVE"><imc name="MEM"><imc name="BINOP" value="ADD"><imc name="BINOP" value="ADD"><imc name="BINOP" value="ADD"><imc name="TEMP" value="6"/><imc name="CONST" value="-664"/></imc><imc name="BINOP" value="MUL"><imc name="CONST" value="5"/><imc name="CONST" value="72"/></imc></imc><imc name="BINOP" value="MUL"><imc name="CONST" value="6"/><imc name="CONST" value="8"/></imc></imc></imc><imc name="CONST" value="0"/></imc></node><node label="AssignStmt"><node label="ArrExpr"><node label="ArrExpr"><node label="VarName" lexeme="t"><location loc="54.90--54.90"/><declaredAt location="64.9--64.32"/><imc name="BINOP" value="ADD"><imc name="TEMP" value="6"/><imc name="CONST" value="-664"/></imc></node><node label="AtomExpr" lexeme="5" spec="INT"><location loc="54.92--54.92"/><type label="INT"/><imc name="CONST" value="5"/></node><location loc="54.90--54.93"/><type label="ARR(9)" len="9"><type label="INT"/></type><addr/><imc name="BINOP" value="ADD"><imc name="BINOP" value="ADD"><imc name="TEMP" value="6"/><imc name="CONST" value="-664"/></imc><imc name="BINOP" value="MUL"><imc name="CONST" value="5"/><imc name="CONST" value="72"/></imc></imc></node><node label="AtomExpr" lexeme="7" spec="INT"><location loc="54.95--54.95"/><type label="INT"/><imc name="CONST" value="7"/></node><location loc="54.90--54.96"/><type label="INT"/><addr/><imc name="BINOP" value="ADD"><imc name="BINOP" value="ADD"><imc name="BINOP" value="ADD"><imc name="TEMP" value="6"/><imc name="CONST" value="-664"/></imc><imc name="BINOP" value="MUL"><imc name="CONST" value="5"/><imc name="CONST" value="72"/></imc></imc><imc name="BINOP" value="MUL"><imc name="CONST" value="7"/><imc name="CONST" value="8"/></imc></imc></node><node label="AtomExpr" lexeme="0" spec="INT"><location loc="54.98--54.98"/><type label="INT"/><imc name="CONST" value="0"/></node><location loc="54.90--54.98"/><imc name="MOVE"><imc name="MEM"><imc name="BINOP" value="ADD"><imc name="BINOP" value="ADD"><imc name="BINOP" value="ADD"><imc name="TEMP" value="6"/><imc name="CONST" value="-664"/></imc><imc name="BINOP" value="MUL"><imc name="CONST" value="5"/><imc name="CONST" value="72"/></imc></imc><imc name="BINOP" value="MUL"><imc name="CONST" value="7"/><imc name="CONST" value="8"/></imc></imc></imc><imc name="CONST" value="0"/></imc></node><node label="AssignStmt"><node label="ArrExpr"><node label="ArrExpr"><node label="VarName" lexeme="t"><location loc="54.101--54.101"/><declaredAt location="64.9--64.32"/><imc name="BINOP" value="ADD"><imc name="TEMP" value="6"/><imc name="CONST" value="-664"/></imc></node><node label="AtomExpr" lexeme="5" spec="INT"><location loc="54.103--54.103"/><type label="INT"/><imc name="CONST" value="5"/></node><location loc="54.101--54.104"/><type label="ARR(9)" len="9"><type label="INT"/></type><addr/><imc name="BINOP" value="ADD"><imc name="BINOP" value="ADD"><imc name="TEMP" value="6"/><imc name="CONST" value="-664"/></imc><imc name="BINOP" value="MUL"><imc name="CONST" value="5"/><imc name="CONST" value="72"/></imc></imc></node><node label="AtomExpr" lexeme="8" spec="INT"><location loc="54.106--54.106"/><type label="INT"/><imc name="CONST" value="8"/></node><location loc="54.101--54.107"/><type label="INT"/><addr/><imc name="BINOP" value="ADD"><imc name="BINOP" value="ADD"><imc name="BINOP" value="ADD"><imc name="TEMP" value="6"/><imc name="CONST" value="-664"/></imc><imc name="BINOP" value="MUL"><imc name="CONST" value="5"/><imc name="CONST" value="72"/></imc></imc><imc name="BINOP" value="MUL"><imc name="CONST" value="8"/><imc name="CONST" value="8"/></imc></imc></node><node label="AtomExpr" lexeme="0" spec="INT"><location loc="54.109--54.109"/><type label="INT"/><imc name="CONST" value="0"/></node><location loc="54.101--54.109"/><imc name="MOVE"><imc name="MEM"><imc name="BINOP" value="ADD"><imc name="BINOP" value="ADD"><imc name="BINOP" value="ADD"><imc name="TEMP" value="6"/><imc name="CONST" value="-664"/></imc><imc name="BINOP" value="MUL"><imc name="CONST" value="5"/><imc name="CONST" value="72"/></imc></imc><imc name="BINOP" value="MUL"><imc name="CONST" value="8"/><imc name="CONST" value="8"/></imc></imc></imc><imc name="CONST" value="0"/></imc></node><node label="AssignStmt"><node label="ArrExpr"><node label="ArrExpr"><node label="VarName" lexeme="t"><location loc="56.9--56.9"/><declaredAt location="64.9--64.32"/><imc name="BINOP" value="ADD"><imc name="TEMP" value="6"/><imc name="CONST" value="-664"/></imc></node><node label="AtomExpr" lexeme="6" spec="INT"><location loc="56.11--56.11"/><type label="INT"/><imc name="CONST" value="6"/></node><location loc="56.9--56.12"/><type label="ARR(9)" len="9"><type label="INT"/></type><addr/><imc name="BINOP" value="ADD"><imc name="BINOP" value="ADD"><imc name="TEMP" value="6"/><imc name="CONST" value="-664"/></imc><imc name="BINOP" value="MUL"><imc name="CONST" value="6"/><imc name="CONST" value="72"/></imc></imc></node><node label="AtomExpr" lexeme="0" spec="INT"><location loc="56.14--56.14"/><type label="INT"/><imc name="CONST" value="0"/></node><location loc="56.9--56.15"/><type label="INT"/><addr/><imc name="BINOP" value="ADD"><imc name="BINOP" value="ADD"><imc name="BINOP" value="ADD"><imc name="TEMP" value="6"/><imc name="CONST" value="-664"/></imc><imc name="BINOP" value="MUL"><imc name="CONST" value="6"/><imc name="CONST" value="72"/></imc></imc><imc name="BINOP" value="MUL"><imc name="CONST" value="0"/><imc name="CONST" value="8"/></imc></imc></node><node label="AtomExpr" lexeme="0" spec="INT"><location loc="56.17--56.17"/><type label="INT"/><imc name="CONST" value="0"/></node><location loc="56.9--56.17"/><imc name="MOVE"><imc name="MEM"><imc name="BINOP" value="ADD"><imc name="BINOP" value="ADD"><imc name="BINOP" value="ADD"><imc name="TEMP" value="6"/><imc name="CONST" value="-664"/></imc><imc name="BINOP" value="MUL"><imc name="CONST" value="6"/><imc name="CONST" value="72"/></imc></imc><imc name="BINOP" value="MUL"><imc name="CONST" value="0"/><imc name="CONST" value="8"/></imc></imc></imc><imc name="CONST" value="0"/></imc></node><node label="AssignStmt"><node label="ArrExpr"><node label="ArrExpr"><node label="VarName" lexeme="t"><location loc="56.20--56.20"/><declaredAt location="64.9--64.32"/><imc name="BINOP" value="ADD"><imc name="TEMP" value="6"/><imc name="CONST" value="-664"/></imc></node><node label="AtomExpr" lexeme="6" spec="INT"><location loc="56.22--56.22"/><type label="INT"/><imc name="CONST" value="6"/></node><location loc="56.20--56.23"/><type label="ARR(9)" len="9"><type label="INT"/></type><addr/><imc name="BINOP" value="ADD"><imc name="BINOP" value="ADD"><imc name="TEMP" value="6"/><imc name="CONST" value="-664"/></imc><imc name="BINOP" value="MUL"><imc name="CONST" value="6"/><imc name="CONST" value="72"/></imc></imc></node><node label="AtomExpr" lexeme="1" spec="INT"><location loc="56.25--56.25"/><type label="INT"/><imc name="CONST" value="1"/></node><location loc="56.20--56.26"/><type label="INT"/><addr/><imc name="BINOP" value="ADD"><imc name="BINOP" value="ADD"><imc name="BINOP" value="ADD"><imc name="TEMP" value="6"/><imc name="CONST" value="-664"/></imc><imc name="BINOP" value="MUL"><imc name="CONST" value="6"/><imc name="CONST" value="72"/></imc></imc><imc name="BINOP" value="MUL"><imc name="CONST" value="1"/><imc name="CONST" value="8"/></imc></imc></node><node label="AtomExpr" lexeme="0" spec="INT"><location loc="56.28--56.28"/><type label="INT"/><imc name="CONST" value="0"/></node><location loc="56.20--56.28"/><imc name="MOVE"><imc name="MEM"><imc name="BINOP" value="ADD"><imc name="BINOP" value="ADD"><imc name="BINOP" value="ADD"><imc name="TEMP" value="6"/><imc name="CONST" value="-664"/></imc><imc name="BINOP" value="MUL"><imc name="CONST" value="6"/><imc name="CONST" value="72"/></imc></imc><imc name="BINOP" value="MUL"><imc name="CONST" value="1"/><imc name="CONST" value="8"/></imc></imc></imc><imc name="CONST" value="0"/></imc></node><node label="AssignStmt"><node label="ArrExpr"><node label="ArrExpr"><node label="VarName" lexeme="t"><location loc="56.31--56.31"/><declaredAt location="64.9--64.32"/><imc name="BINOP" value="ADD"><imc name="TEMP" value="6"/><imc name="CONST" value="-664"/></imc></node><node label="AtomExpr" lexeme="6" spec="INT"><location loc="56.33--56.33"/><type label="INT"/><imc name="CONST" value="6"/></node><location loc="56.31--56.34"/><type label="ARR(9)" len="9"><type label="INT"/></type><addr/><imc name="BINOP" value="ADD"><imc name="BINOP" value="ADD"><imc name="TEMP" value="6"/><imc name="CONST" value="-664"/></imc><imc name="BINOP" value="MUL"><imc name="CONST" value="6"/><imc name="CONST" value="72"/></imc></imc></node><node label="AtomExpr" lexeme="2" spec="INT"><location loc="56.36--56.36"/><type label="INT"/><imc name="CONST" value="2"/></node><location loc="56.31--56.37"/><type label="INT"/><addr/><imc name="BINOP" value="ADD"><imc name="BINOP" value="ADD"><imc name="BINOP" value="ADD"><imc name="TEMP" value="6"/><imc name="CONST" value="-664"/></imc><imc name="BINOP" value="MUL"><imc name="CONST" value="6"/><imc name="CONST" value="72"/></imc></imc><imc name="BINOP" value="MUL"><imc name="CONST" value="2"/><imc name="CONST" value="8"/></imc></imc></node><node label="AtomExpr" lexeme="0" spec="INT"><location loc="56.39--56.39"/><type label="INT"/><imc name="CONST" value="0"/></node><location loc="56.31--56.39"/><imc name="MOVE"><imc name="MEM"><imc name="BINOP" value="ADD"><imc name="BINOP" value="ADD"><imc name="BINOP" value="ADD"><imc name="TEMP" value="6"/><imc name="CONST" value="-664"/></imc><imc name="BINOP" value="MUL"><imc name="CONST" value="6"/><imc name="CONST" value="72"/></imc></imc><imc name="BINOP" value="MUL"><imc name="CONST" value="2"/><imc name="CONST" value="8"/></imc></imc></imc><imc name="CONST" value="0"/></imc></node><node label="AssignStmt"><node label="ArrExpr"><node label="ArrExpr"><node label="VarName" lexeme="t"><location loc="56.44--56.44"/><declaredAt location="64.9--64.32"/><imc name="BINOP" value="ADD"><imc name="TEMP" value="6"/><imc name="CONST" value="-664"/></imc></node><node label="AtomExpr" lexeme="6" spec="INT"><location loc="56.46--56.46"/><type label="INT"/><imc name="CONST" value="6"/></node><location loc="56.44--56.47"/><type label="ARR(9)" len="9"><type label="INT"/></type><addr/><imc name="BINOP" value="ADD"><imc name="BINOP" value="ADD"><imc name="TEMP" value="6"/><imc name="CONST" value="-664"/></imc><imc name="BINOP" value="MUL"><imc name="CONST" value="6"/><imc name="CONST" value="72"/></imc></imc></node><node label="AtomExpr" lexeme="3" spec="INT"><location loc="56.49--56.49"/><type label="INT"/><imc name="CONST" value="3"/></node><location loc="56.44--56.50"/><type label="INT"/><addr/><imc name="BINOP" value="ADD"><imc name="BINOP" value="ADD"><imc name="BINOP" value="ADD"><imc name="TEMP" value="6"/><imc name="CONST" value="-664"/></imc><imc name="BINOP" value="MUL"><imc name="CONST" value="6"/><imc name="CONST" value="72"/></imc></imc><imc name="BINOP" value="MUL"><imc name="CONST" value="3"/><imc name="CONST" value="8"/></imc></imc></node><node label="AtomExpr" lexeme="0" spec="INT"><location loc="56.52--56.52"/><type label="INT"/><imc name="CONST" value="0"/></node><location loc="56.44--56.52"/><imc name="MOVE"><imc name="MEM"><imc name="BINOP" value="ADD"><imc name="BINOP" value="ADD"><imc name="BINOP" value="ADD"><imc name="TEMP" value="6"/><imc name="CONST" value="-664"/></imc><imc name="BINOP" value="MUL"><imc name="CONST" value="6"/><imc name="CONST" value="72"/></imc></imc><imc name="BINOP" value="MUL"><imc name="CONST" value="3"/><imc name="CONST" value="8"/></imc></imc></imc><imc name="CONST" value="0"/></imc></node><node label="AssignStmt"><node label="ArrExpr"><node label="ArrExpr"><node label="VarName" lexeme="t"><location loc="56.55--56.55"/><declaredAt location="64.9--64.32"/><imc name="BINOP" value="ADD"><imc name="TEMP" value="6"/><imc name="CONST" value="-664"/></imc></node><node label="AtomExpr" lexeme="6" spec="INT"><location loc="56.57--56.57"/><type label="INT"/><imc name="CONST" value="6"/></node><location loc="56.55--56.58"/><type label="ARR(9)" len="9"><type label="INT"/></type><addr/><imc name="BINOP" value="ADD"><imc name="BINOP" value="ADD"><imc name="TEMP" value="6"/><imc name="CONST" value="-664"/></imc><imc name="BINOP" value="MUL"><imc name="CONST" value="6"/><imc name="CONST" value="72"/></imc></imc></node><node label="AtomExpr" lexeme="4" spec="INT"><location loc="56.60--56.60"/><type label="INT"/><imc name="CONST" value="4"/></node><location loc="56.55--56.61"/><type label="INT"/><addr/><imc name="BINOP" value="ADD"><imc name="BINOP" value="ADD"><imc name="BINOP" value="ADD"><imc name="TEMP" value="6"/><imc name="CONST" value="-664"/></imc><imc name="BINOP" value="MUL"><imc name="CONST" value="6"/><imc name="CONST" value="72"/></imc></imc><imc name="BINOP" value="MUL"><imc name="CONST" value="4"/><imc name="CONST" value="8"/></imc></imc></node><node label="AtomExpr" lexeme="0" spec="INT"><location loc="56.63--56.63"/><type label="INT"/><imc name="CONST" value="0"/></node><location loc="56.55--56.63"/><imc name="MOVE"><imc name="MEM"><imc name="BINOP" value="ADD"><imc name="BINOP" value="ADD"><imc name="BINOP" value="ADD"><imc name="TEMP" value="6"/><imc name="CONST" value="-664"/></imc><imc name="BINOP" value="MUL"><imc name="CONST" value="6"/><imc name="CONST" value="72"/></imc></imc><imc name="BINOP" value="MUL"><imc name="CONST" value="4"/><imc name="CONST" value="8"/></imc></imc></imc><imc name="CONST" value="0"/></imc></node><node label="AssignStmt"><node label="ArrExpr"><node label="ArrExpr"><node label="VarName" lexeme="t"><location loc="56.66--56.66"/><declaredAt location="64.9--64.32"/><imc name="BINOP" value="ADD"><imc name="TEMP" value="6"/><imc name="CONST" value="-664"/></imc></node><node label="AtomExpr" lexeme="6" spec="INT"><location loc="56.68--56.68"/><type label="INT"/><imc name="CONST" value="6"/></node><location loc="56.66--56.69"/><type label="ARR(9)" len="9"><type label="INT"/></type><addr/><imc name="BINOP" value="ADD"><imc name="BINOP" value="ADD"><imc name="TEMP" value="6"/><imc name="CONST" value="-664"/></imc><imc name="BINOP" value="MUL"><imc name="CONST" value="6"/><imc name="CONST" value="72"/></imc></imc></node><node label="AtomExpr" lexeme="5" spec="INT"><location loc="56.71--56.71"/><type label="INT"/><imc name="CONST" value="5"/></node><location loc="56.66--56.72"/><type label="INT"/><addr/><imc name="BINOP" value="ADD"><imc name="BINOP" value="ADD"><imc name="BINOP" value="ADD"><imc name="TEMP" value="6"/><imc name="CONST" value="-664"/></imc><imc name="BINOP" value="MUL"><imc name="CONST" value="6"/><imc name="CONST" value="72"/></imc></imc><imc name="BINOP" value="MUL"><imc name="CONST" value="5"/><imc name="CONST" value="8"/></imc></imc></node><node label="AtomExpr" lexeme="1" spec="INT"><location loc="56.74--56.74"/><type label="INT"/><imc name="CONST" value="1"/></node><location loc="56.66--56.74"/><imc name="MOVE"><imc name="MEM"><imc name="BINOP" value="ADD"><imc name="BINOP" value="ADD"><imc name="BINOP" value="ADD"><imc name="TEMP" value="6"/><imc name="CONST" value="-664"/></imc><imc name="BINOP" value="MUL"><imc name="CONST" value="6"/><imc name="CONST" value="72"/></imc></imc><imc name="BINOP" value="MUL"><imc name="CONST" value="5"/><imc name="CONST" value="8"/></imc></imc></imc><imc name="CONST" value="1"/></imc></node><node label="AssignStmt"><node label="ArrExpr"><node label="ArrExpr"><node label="VarName" lexeme="t"><location loc="56.79--56.79"/><declaredAt location="64.9--64.32"/><imc name="BINOP" value="ADD"><imc name="TEMP" value="6"/><imc name="CONST" value="-664"/></imc></node><node label="AtomExpr" lexeme="6" spec="INT"><location loc="56.81--56.81"/><type label="INT"/><imc name="CONST" value="6"/></node><location loc="56.79--56.82"/><type label="ARR(9)" len="9"><type label="INT"/></type><addr/><imc name="BINOP" value="ADD"><imc name="BINOP" value="ADD"><imc name="TEMP" value="6"/><imc name="CONST" value="-664"/></imc><imc name="BINOP" value="MUL"><imc name="CONST" value="6"/><imc name="CONST" value="72"/></imc></imc></node><node label="AtomExpr" lexeme="6" spec="INT"><location loc="56.84--56.84"/><type label="INT"/><imc name="CONST" value="6"/></node><location loc="56.79--56.85"/><type label="INT"/><addr/><imc name="BINOP" value="ADD"><imc name="BINOP" value="ADD"><imc name="BINOP" value="ADD"><imc name="TEMP" value="6"/><imc name="CONST" value="-664"/></imc><imc name="BINOP" value="MUL"><imc name="CONST" value="6"/><imc name="CONST" value="72"/></imc></imc><imc name="BINOP" value="MUL"><imc name="CONST" value="6"/><imc name="CONST" value="8"/></imc></imc></node><node label="AtomExpr" lexeme="0" spec="INT"><location loc="56.87--56.87"/><type label="INT"/><imc name="CONST" value="0"/></node><location loc="56.79--56.87"/><imc name="MOVE"><imc name="MEM"><imc name="BINOP" value="ADD"><imc name="BINOP" value="ADD"><imc name="BINOP" value="ADD"><imc name="TEMP" value="6"/><imc name="CONST" value="-664"/></imc><imc name="BINOP" value="MUL"><imc name="CONST" value="6"/><imc name="CONST" value="72"/></imc></imc><imc name="BINOP" value="MUL"><imc name="CONST" value="6"/><imc name="CONST" value="8"/></imc></imc></imc><imc name="CONST" value="0"/></imc></node><node label="AssignStmt"><node label="ArrExpr"><node label="ArrExpr"><node label="VarName" lexeme="t"><location loc="56.90--56.90"/><declaredAt location="64.9--64.32"/><imc name="BINOP" value="ADD"><imc name="TEMP" value="6"/><imc name="CONST" value="-664"/></imc></node><node label="AtomExpr" lexeme="6" spec="INT"><location loc="56.92--56.92"/><type label="INT"/><imc name="CONST" value="6"/></node><location loc="56.90--56.93"/><type label="ARR(9)" len="9"><type label="INT"/></type><addr/><imc name="BINOP" value="ADD"><imc name="BINOP" value="ADD"><imc name="TEMP" value="6"/><imc name="CONST" value="-664"/></imc><imc name="BINOP" value="MUL"><imc name="CONST" value="6"/><imc name="CONST" value="72"/></imc></imc></node><node label="AtomExpr" lexeme="7" spec="INT"><location loc="56.95--56.95"/><type label="INT"/><imc name="CONST" value="7"/></node><location loc="56.90--56.96"/><type label="INT"/><addr/><imc name="BINOP" value="ADD"><imc name="BINOP" value="ADD"><imc name="BINOP" value="ADD"><imc name="TEMP" value="6"/><imc name="CONST" value="-664"/></imc><imc name="BINOP" value="MUL"><imc name="CONST" value="6"/><imc name="CONST" value="72"/></imc></imc><imc name="BINOP" value="MUL"><imc name="CONST" value="7"/><imc name="CONST" value="8"/></imc></imc></node><node label="AtomExpr" lexeme="0" spec="INT"><location loc="56.98--56.98"/><type label="INT"/><imc name="CONST" value="0"/></node><location loc="56.90--56.98"/><imc name="MOVE"><imc name="MEM"><imc name="BINOP" value="ADD"><imc name="BINOP" value="ADD"><imc name="BINOP" value="ADD"><imc name="TEMP" value="6"/><imc name="CONST" value="-664"/></imc><imc name="BINOP" value="MUL"><imc name="CONST" value="6"/><imc name="CONST" value="72"/></imc></imc><imc name="BINOP" value="MUL"><imc name="CONST" value="7"/><imc name="CONST" value="8"/></imc></imc></imc><imc name="CONST" value="0"/></imc></node><node label="AssignStmt"><node label="ArrExpr"><node label="ArrExpr"><node label="VarName" lexeme="t"><location loc="56.101--56.101"/><declaredAt location="64.9--64.32"/><imc name="BINOP" value="ADD"><imc name="TEMP" value="6"/><imc name="CONST" value="-664"/></imc></node><node label="AtomExpr" lexeme="6" spec="INT"><location loc="56.103--56.103"/><type label="INT"/><imc name="CONST" value="6"/></node><location loc="56.101--56.104"/><type label="ARR(9)" len="9"><type label="INT"/></type><addr/><imc name="BINOP" value="ADD"><imc name="BINOP" value="ADD"><imc name="TEMP" value="6"/><imc name="CONST" value="-664"/></imc><imc name="BINOP" value="MUL"><imc name="CONST" value="6"/><imc name="CONST" value="72"/></imc></imc></node><node label="AtomExpr" lexeme="8" spec="INT"><location loc="56.106--56.106"/><type label="INT"/><imc name="CONST" value="8"/></node><location loc="56.101--56.107"/><type label="INT"/><addr/><imc name="BINOP" value="ADD"><imc name="BINOP" value="ADD"><imc name="BINOP" value="ADD"><imc name="TEMP" value="6"/><imc name="CONST" value="-664"/></imc><imc name="BINOP" value="MUL"><imc name="CONST" value="6"/><imc name="CONST" value="72"/></imc></imc><imc name="BINOP" value="MUL"><imc name="CONST" value="8"/><imc name="CONST" value="8"/></imc></imc></node><node label="AtomExpr" lexeme="7" spec="INT"><location loc="56.109--56.109"/><type label="INT"/><imc name="CONST" value="7"/></node><location loc="56.101--56.109"/><imc name="MOVE"><imc name="MEM"><imc name="BINOP" value="ADD"><imc name="BINOP" value="ADD"><imc name="BINOP" value="ADD"><imc name="TEMP" value="6"/><imc name="CONST" value="-664"/></imc><imc name="BINOP" value="MUL"><imc name="CONST" value="6"/><imc name="CONST" value="72"/></imc></imc><imc name="BINOP" value="MUL"><imc name="CONST" value="8"/><imc name="CONST" value="8"/></imc></imc></imc><imc name="CONST" value="7"/></imc></node><node label="AssignStmt"><node label="ArrExpr"><node label="ArrExpr"><node label="VarName" lexeme="t"><location loc="57.9--57.9"/><declaredAt location="64.9--64.32"/><imc name="BINOP" value="ADD"><imc name="TEMP" value="6"/><imc name="CONST" value="-664"/></imc></node><node label="AtomExpr" lexeme="7" spec="INT"><location loc="57.11--57.11"/><type label="INT"/><imc name="CONST" value="7"/></node><location loc="57.9--57.12"/><type label="ARR(9)" len="9"><type label="INT"/></type><addr/><imc name="BINOP" value="ADD"><imc name="BINOP" value="ADD"><imc name="TEMP" value="6"/><imc name="CONST" value="-664"/></imc><imc name="BINOP" value="MUL"><imc name="CONST" value="7"/><imc name="CONST" value="72"/></imc></imc></node><node label="AtomExpr" lexeme="0" spec="INT"><location loc="57.14--57.14"/><type label="INT"/><imc name="CONST" value="0"/></node><location loc="57.9--57.15"/><type label="INT"/><addr/><imc name="BINOP" value="ADD"><imc name="BINOP" value="ADD"><imc name="BINOP" value="ADD"><imc name="TEMP" value="6"/><imc name="CONST" value="-664"/></imc><imc name="BINOP" value="MUL"><imc name="CONST" value="7"/><imc name="CONST" value="72"/></imc></imc><imc name="BINOP" value="MUL"><imc name="CONST" value="0"/><imc name="CONST" value="8"/></imc></imc></node><node label="AtomExpr" lexeme="1" spec="INT"><location loc="57.17--57.17"/><type label="INT"/><imc name="CONST" value="1"/></node><location loc="57.9--57.17"/><imc name="MOVE"><imc name="MEM"><imc name="BINOP" value="ADD"><imc name="BINOP" value="ADD"><imc name="BINOP" value="ADD"><imc name="TEMP" value="6"/><imc name="CONST" value="-664"/></imc><imc name="BINOP" value="MUL"><imc name="CONST" value="7"/><imc name="CONST" value="72"/></imc></imc><imc name="BINOP" value="MUL"><imc name="CONST" value="0"/><imc name="CONST" value="8"/></imc></imc></imc><imc name="CONST" value="1"/></imc></node><node label="AssignStmt"><node label="ArrExpr"><node label="ArrExpr"><node label="VarName" lexeme="t"><location loc="57.20--57.20"/><declaredAt location="64.9--64.32"/><imc name="BINOP" value="ADD"><imc name="TEMP" value="6"/><imc name="CONST" value="-664"/></imc></node><node label="AtomExpr" lexeme="7" spec="INT"><location loc="57.22--57.22"/><type label="INT"/><imc name="CONST" value="7"/></node><location loc="57.20--57.23"/><type label="ARR(9)" len="9"><type label="INT"/></type><addr/><imc name="BINOP" value="ADD"><imc name="BINOP" value="ADD"><imc name="TEMP" value="6"/><imc name="CONST" value="-664"/></imc><imc name="BINOP" value="MUL"><imc name="CONST" value="7"/><imc name="CONST" value="72"/></imc></imc></node><node label="AtomExpr" lexeme="1" spec="INT"><location loc="57.25--57.25"/><type label="INT"/><imc name="CONST" value="1"/></node><location loc="57.20--57.26"/><type label="INT"/><addr/><imc name="BINOP" value="ADD"><imc name="BINOP" value="ADD"><imc name="BINOP" value="ADD"><imc name="TEMP" value="6"/><imc name="CONST" value="-664"/></imc><imc name="BINOP" value="MUL"><imc name="CONST" value="7"/><imc name="CONST" value="72"/></imc></imc><imc name="BINOP" value="MUL"><imc name="CONST" value="1"/><imc name="CONST" value="8"/></imc></imc></node><node label="AtomExpr" lexeme="0" spec="INT"><location loc="57.28--57.28"/><type label="INT"/><imc name="CONST" value="0"/></node><location loc="57.20--57.28"/><imc name="MOVE"><imc name="MEM"><imc name="BINOP" value="ADD"><imc name="BINOP" value="ADD"><imc name="BINOP" value="ADD"><imc name="TEMP" value="6"/><imc name="CONST" value="-664"/></imc><imc name="BINOP" value="MUL"><imc name="CONST" value="7"/><imc name="CONST" value="72"/></imc></imc><imc name="BINOP" value="MUL"><imc name="CONST" value="1"/><imc name="CONST" value="8"/></imc></imc></imc><imc name="CONST" value="0"/></imc></node><node label="AssignStmt"><node label="ArrExpr"><node label="ArrExpr"><node label="VarName" lexeme="t"><location loc="57.31--57.31"/><declaredAt location="64.9--64.32"/><imc name="BINOP" value="ADD"><imc name="TEMP" value="6"/><imc name="CONST" value="-664"/></imc></node><node label="AtomExpr" lexeme="7" spec="INT"><location loc="57.33--57.33"/><type label="INT"/><imc name="CONST" value="7"/></node><location loc="57.31--57.34"/><type label="ARR(9)" len="9"><type label="INT"/></type><addr/><imc name="BINOP" value="ADD"><imc name="BINOP" value="ADD"><imc name="TEMP" value="6"/><imc name="CONST" value="-664"/></imc><imc name="BINOP" value="MUL"><imc name="CONST" value="7"/><imc name="CONST" value="72"/></imc></imc></node><node label="AtomExpr" lexeme="2" spec="INT"><location loc="57.36--57.36"/><type label="INT"/><imc name="CONST" value="2"/></node><location loc="57.31--57.37"/><type label="INT"/><addr/><imc name="BINOP" value="ADD"><imc name="BINOP" value="ADD"><imc name="BINOP" value="ADD"><imc name="TEMP" value="6"/><imc name="CONST" value="-664"/></imc><imc name="BINOP" value="MUL"><imc name="CONST" value="7"/><imc name="CONST" value="72"/></imc></imc><imc name="BINOP" value="MUL"><imc name="CONST" value="2"/><imc name="CONST" value="8"/></imc></imc></node><node label="AtomExpr" lexeme="0" spec="INT"><location loc="57.39--57.39"/><type label="INT"/><imc name="CONST" value="0"/></node><location loc="57.31--57.39"/><imc name="MOVE"><imc name="MEM"><imc name="BINOP" value="ADD"><imc name="BINOP" value="ADD"><imc name="BINOP" value="ADD"><imc name="TEMP" value="6"/><imc name="CONST" value="-664"/></imc><imc name="BINOP" value="MUL"><imc name="CONST" value="7"/><imc name="CONST" value="72"/></imc></imc><imc name="BINOP" value="MUL"><imc name="CONST" value="2"/><imc name="CONST" value="8"/></imc></imc></imc><imc name="CONST" value="0"/></imc></node><node label="AssignStmt"><node label="ArrExpr"><node label="ArrExpr"><node label="VarName" lexeme="t"><location loc="57.44--57.44"/><declaredAt location="64.9--64.32"/><imc name="BINOP" value="ADD"><imc name="TEMP" value="6"/><imc name="CONST" value="-664"/></imc></node><node label="AtomExpr" lexeme="7" spec="INT"><location loc="57.46--57.46"/><type label="INT"/><imc name="CONST" value="7"/></node><location loc="57.44--57.47"/><type label="ARR(9)" len="9"><type label="INT"/></type><addr/><imc name="BINOP" value="ADD"><imc name="BINOP" value="ADD"><imc name="TEMP" value="6"/><imc name="CONST" value="-664"/></imc><imc name="BINOP" value="MUL"><imc name="CONST" value="7"/><imc name="CONST" value="72"/></imc></imc></node><node label="AtomExpr" lexeme="3" spec="INT"><location loc="57.49--57.49"/><type label="INT"/><imc name="CONST" value="3"/></node><location loc="57.44--57.50"/><type label="INT"/><addr/><imc name="BINOP" value="ADD"><imc name="BINOP" value="ADD"><imc name="BINOP" value="ADD"><imc name="TEMP" value="6"/><imc name="CONST" value="-664"/></imc><imc name="BINOP" value="MUL"><imc name="CONST" value="7"/><imc name="CONST" value="72"/></imc></imc><imc name="BINOP" value="MUL"><imc name="CONST" value="3"/><imc name="CONST" value="8"/></imc></imc></node><node label="AtomExpr" lexeme="0" spec="INT"><location loc="57.52--57.52"/><type label="INT"/><imc name="CONST" value="0"/></node><location loc="57.44--57.52"/><imc name="MOVE"><imc name="MEM"><imc name="BINOP" value="ADD"><imc name="BINOP" value="ADD"><imc name="BINOP" value="ADD"><imc name="TEMP" value="6"/><imc name="CONST" value="-664"/></imc><imc name="BINOP" value="MUL"><imc name="CONST" value="7"/><imc name="CONST" value="72"/></imc></imc><imc name="BINOP" value="MUL"><imc name="CONST" value="3"/><imc name="CONST" value="8"/></imc></imc></imc><imc name="CONST" value="0"/></imc></node><node label="AssignStmt"><node label="ArrExpr"><node label="ArrExpr"><node label="VarName" lexeme="t"><location loc="57.55--57.55"/><declaredAt location="64.9--64.32"/><imc name="BINOP" value="ADD"><imc name="TEMP" value="6"/><imc name="CONST" value="-664"/></imc></node><node label="AtomExpr" lexeme="7" spec="INT"><location loc="57.57--57.57"/><type label="INT"/><imc name="CONST" value="7"/></node><location loc="57.55--57.58"/><type label="ARR(9)" len="9"><type label="INT"/></type><addr/><imc name="BINOP" value="ADD"><imc name="BINOP" value="ADD"><imc name="TEMP" value="6"/><imc name="CONST" value="-664"/></imc><imc name="BINOP" value="MUL"><imc name="CONST" value="7"/><imc name="CONST" value="72"/></imc></imc></node><node label="AtomExpr" lexeme="4" spec="INT"><location loc="57.60--57.60"/><type label="INT"/><imc name="CONST" value="4"/></node><location loc="57.55--57.61"/><type label="INT"/><addr/><imc name="BINOP" value="ADD"><imc name="BINOP" value="ADD"><imc name="BINOP" value="ADD"><imc name="TEMP" value="6"/><imc name="CONST" value="-664"/></imc><imc name="BINOP" value="MUL"><imc name="CONST" value="7"/><imc name="CONST" value="72"/></imc></imc><imc name="BINOP" value="MUL"><imc name="CONST" value="4"/><imc name="CONST" value="8"/></imc></imc></node><node label="AtomExpr" lexeme="0" spec="INT"><location loc="57.63--57.63"/><type label="INT"/><imc name="CONST" value="0"/></node><location loc="57.55--57.63"/><imc name="MOVE"><imc name="MEM"><imc name="BINOP" value="ADD"><imc name="BINOP" value="ADD"><imc name="BINOP" value="ADD"><imc name="TEMP" value="6"/><imc name="CONST" value="-664"/></imc><imc name="BINOP" value="MUL"><imc name="CONST" value="7"/><imc name="CONST" value="72"/></imc></imc><imc name="BINOP" value="MUL"><imc name="CONST" value="4"/><imc name="CONST" value="8"/></imc></imc></imc><imc name="CONST" value="0"/></imc></node><node label="AssignStmt"><node label="ArrExpr"><node label="ArrExpr"><node label="VarName" lexeme="t"><location loc="57.66--57.66"/><declaredAt location="64.9--64.32"/><imc name="BINOP" value="ADD"><imc name="TEMP" value="6"/><imc name="CONST" value="-664"/></imc></node><node label="AtomExpr" lexeme="7" spec="INT"><location loc="57.68--57.68"/><type label="INT"/><imc name="CONST" value="7"/></node><location loc="57.66--57.69"/><type label="ARR(9)" len="9"><type label="INT"/></type><addr/><imc name="BINOP" value="ADD"><imc name="BINOP" value="ADD"><imc name="TEMP" value="6"/><imc name="CONST" value="-664"/></imc><imc name="BINOP" value="MUL"><imc name="CONST" value="7"/><imc name="CONST" value="72"/></imc></imc></node><node label="AtomExpr" lexeme="5" spec="INT"><location loc="57.71--57.71"/><type label="INT"/><imc name="CONST" value="5"/></node><location loc="57.66--57.72"/><type label="INT"/><addr/><imc name="BINOP" value="ADD"><imc name="BINOP" value="ADD"><imc name="BINOP" value="ADD"><imc name="TEMP" value="6"/><imc name="CONST" value="-664"/></imc><imc name="BINOP" value="MUL"><imc name="CONST" value="7"/><imc name="CONST" value="72"/></imc></imc><imc name="BINOP" value="MUL"><imc name="CONST" value="5"/><imc name="CONST" value="8"/></imc></imc></node><node label="AtomExpr" lexeme="2" spec="INT"><location loc="57.74--57.74"/><type label="INT"/><imc name="CONST" value="2"/></node><location loc="57.66--57.74"/><imc name="MOVE"><imc name="MEM"><imc name="BINOP" value="ADD"><imc name="BINOP" value="ADD"><imc name="BINOP" value="ADD"><imc name="TEMP" value="6"/><imc name="CONST" value="-664"/></imc><imc name="BINOP" value="MUL"><imc name="CONST" value="7"/><imc name="CONST" value="72"/></imc></imc><imc name="BINOP" value="MUL"><imc name="CONST" value="5"/><imc name="CONST" value="8"/></imc></imc></imc><imc name="CONST" value="2"/></imc></node><node label="AssignStmt"><node label="ArrExpr"><node label="ArrExpr"><node label="VarName" lexeme="t"><location loc="57.79--57.79"/><declaredAt location="64.9--64.32"/><imc name="BINOP" value="ADD"><imc name="TEMP" value="6"/><imc name="CONST" value="-664"/></imc></node><node label="AtomExpr" lexeme="7" spec="INT"><location loc="57.81--57.81"/><type label="INT"/><imc name="CONST" value="7"/></node><location loc="57.79--57.82"/><type label="ARR(9)" len="9"><type label="INT"/></type><addr/><imc name="BINOP" value="ADD"><imc name="BINOP" value="ADD"><imc name="TEMP" value="6"/><imc name="CONST" value="-664"/></imc><imc name="BINOP" value="MUL"><imc name="CONST" value="7"/><imc name="CONST" value="72"/></imc></imc></node><node label="AtomExpr" lexeme="6" spec="INT"><location loc="57.84--57.84"/><type label="INT"/><imc name="CONST" value="6"/></node><location loc="57.79--57.85"/><type label="INT"/><addr/><imc name="BINOP" value="ADD"><imc name="BINOP" value="ADD"><imc name="BINOP" value="ADD"><imc name="TEMP" value="6"/><imc name="CONST" value="-664"/></imc><imc name="BINOP" value="MUL"><imc name="CONST" value="7"/><imc name="CONST" value="72"/></imc></imc><imc name="BINOP" value="MUL"><imc name="CONST" value="6"/><imc name="CONST" value="8"/></imc></imc></node><node label="AtomExpr" lexeme="4" spec="INT"><location loc="57.87--57.87"/><type label="INT"/><imc name="CONST" value="4"/></node><location loc="57.79--57.87"/><imc name="MOVE"><imc name="MEM"><imc name="BINOP" value="ADD"><imc name="BINOP" value="ADD"><imc name="BINOP" value="ADD"><imc name="TEMP" value="6"/><imc name="CONST" value="-664"/></imc><imc name="BINOP" value="MUL"><imc name="CONST" value="7"/><imc name="CONST" value="72"/></imc></imc><imc name="BINOP" value="MUL"><imc name="CONST" value="6"/><imc name="CONST" value="8"/></imc></imc></imc><imc name="CONST" value="4"/></imc></node><node label="AssignStmt"><node label="ArrExpr"><node label="ArrExpr"><node label="VarName" lexeme="t"><location loc="57.90--57.90"/><declaredAt location="64.9--64.32"/><imc name="BINOP" value="ADD"><imc name="TEMP" value="6"/><imc name="CONST" value="-664"/></imc></node><node label="AtomExpr" lexeme="7" spec="INT"><location loc="57.92--57.92"/><type label="INT"/><imc name="CONST" value="7"/></node><location loc="57.90--57.93"/><type label="ARR(9)" len="9"><type label="INT"/></type><addr/><imc name="BINOP" value="ADD"><imc name="BINOP" value="ADD"><imc name="TEMP" value="6"/><imc name="CONST" value="-664"/></imc><imc name="BINOP" value="MUL"><imc name="CONST" value="7"/><imc name="CONST" value="72"/></imc></imc></node><node label="AtomExpr" lexeme="7" spec="INT"><location loc="57.95--57.95"/><type label="INT"/><imc name="CONST" value="7"/></node><location loc="57.90--57.96"/><type label="INT"/><addr/><imc name="BINOP" value="ADD"><imc name="BINOP" value="ADD"><imc name="BINOP" value="ADD"><imc name="TEMP" value="6"/><imc name="CONST" value="-664"/></imc><imc name="BINOP" value="MUL"><imc name="CONST" value="7"/><imc name="CONST" value="72"/></imc></imc><imc name="BINOP" value="MUL"><imc name="CONST" value="7"/><imc name="CONST" value="8"/></imc></imc></node><node label="AtomExpr" lexeme="0" spec="INT"><location loc="57.98--57.98"/><type label="INT"/><imc name="CONST" value="0"/></node><location loc="57.90--57.98"/><imc name="MOVE"><imc name="MEM"><imc name="BINOP" value="ADD"><imc name="BINOP" value="ADD"><imc name="BINOP" value="ADD"><imc name="TEMP" value="6"/><imc name="CONST" value="-664"/></imc><imc name="BINOP" value="MUL"><imc name="CONST" value="7"/><imc name="CONST" value="72"/></imc></imc><imc name="BINOP" value="MUL"><imc name="CONST" value="7"/><imc name="CONST" value="8"/></imc></imc></imc><imc name="CONST" value="0"/></imc></node><node label="AssignStmt"><node label="ArrExpr"><node label="ArrExpr"><node label="VarName" lexeme="t"><location loc="57.101--57.101"/><declaredAt location="64.9--64.32"/><imc name="BINOP" value="ADD"><imc name="TEMP" value="6"/><imc name="CONST" value="-664"/></imc></node><node label="AtomExpr" lexeme="7" spec="INT"><location loc="57.103--57.103"/><type label="INT"/><imc name="CONST" value="7"/></node><location loc="57.101--57.104"/><type label="ARR(9)" len="9"><type label="INT"/></type><addr/><imc name="BINOP" value="ADD"><imc name="BINOP" value="ADD"><imc name="TEMP" value="6"/><imc name="CONST" value="-664"/></imc><imc name="BINOP" value="MUL"><imc name="CONST" value="7"/><imc name="CONST" value="72"/></imc></imc></node><node label="AtomExpr" lexeme="8" spec="INT"><location loc="57.106--57.106"/><type label="INT"/><imc name="CONST" value="8"/></node><location loc="57.101--57.107"/><type label="INT"/><addr/><imc name="BINOP" value="ADD"><imc name="BINOP" value="ADD"><imc name="BINOP" value="ADD"><imc name="TEMP" value="6"/><imc name="CONST" value="-664"/></imc><imc name="BINOP" value="MUL"><imc name="CONST" value="7"/><imc name="CONST" value="72"/></imc></imc><imc name="BINOP" value="MUL"><imc name="CONST" value="8"/><imc name="CONST" value="8"/></imc></imc></node><node label="AtomExpr" lexeme="0" spec="INT"><location loc="57.109--57.109"/><type label="INT"/><imc name="CONST" value="0"/></node><location loc="57.101--57.109"/><imc name="MOVE"><imc name="MEM"><imc name="BINOP" value="ADD"><imc name="BINOP" value="ADD"><imc name="BINOP" value="ADD"><imc name="TEMP" value="6"/><imc name="CONST" value="-664"/></imc><imc name="BINOP" value="MUL"><imc name="CONST" value="7"/><imc name="CONST" value="72"/></imc></imc><imc name="BINOP" value="MUL"><imc name="CONST" value="8"/><imc name="CONST" value="8"/></imc></imc></imc><imc name="CONST" value="0"/></imc></node><node label="AssignStmt"><node label="ArrExpr"><node label="ArrExpr"><node label="VarName" lexeme="t"><location loc="58.9--58.9"/><declaredAt location="64.9--64.32"/><imc name="BINOP" value="ADD"><imc name="TEMP" value="6"/><imc name="CONST" value="-664"/></imc></node><node label="AtomExpr" lexeme="8" spec="INT"><location loc="58.11--58.11"/><type label="INT"/><imc name="CONST" value="8"/></node><location loc="58.9--58.12"/><type label="ARR(9)" len="9"><type label="INT"/></type><addr/><imc name="BINOP" value="ADD"><imc name="BINOP" value="ADD"><imc name="TEMP" value="6"/><imc name="CONST" value="-664"/></imc><imc name="BINOP" value="MUL"><imc name="CONST" value="8"/><imc name="CONST" value="72"/></imc></imc></node><node label="AtomExpr" lexeme="0" spec="INT"><location loc="58.14--58.14"/><type label="INT"/><imc name="CONST" value="0"/></node><location loc="58.9--58.15"/><type label="INT"/><addr/><imc name="BINOP" value="ADD"><imc name="BINOP" value="ADD"><imc name="BINOP" value="ADD"><imc name="TEMP" value="6"/><imc name="CONST" value="-664"/></imc><imc name="BINOP" value="MUL"><imc name="CONST" value="8"/><imc name="CONST" value="72"/></imc></imc><imc name="BINOP" value="MUL"><imc name="CONST" value="0"/><imc name="CONST" value="8"/></imc></imc></node><node label="AtomExpr" lexeme="5" spec="INT"><location loc="58.17--58.17"/><type label="INT"/><imc name="CONST" value="5"/></node><location loc="58.9--58.17"/><imc name="MOVE"><imc name="MEM"><imc name="BINOP" value="ADD"><imc name="BINOP" value="ADD"><imc name="BINOP" value="ADD"><imc name="TEMP" value="6"/><imc name="CONST" value="-664"/></imc><imc name="BINOP" value="MUL"><imc name="CONST" value="8"/><imc name="CONST" value="72"/></imc></imc><imc name="BINOP" value="MUL"><imc name="CONST" value="0"/><imc name="CONST" value="8"/></imc></imc></imc><imc name="CONST" value="5"/></imc></node><node label="AssignStmt"><node label="ArrExpr"><node label="ArrExpr"><node label="VarName" lexeme="t"><location loc="58.20--58.20"/><declaredAt location="64.9--64.32"/><imc name="BINOP" value="ADD"><imc name="TEMP" value="6"/><imc name="CONST" value="-664"/></imc></node><node label="AtomExpr" lexeme="8" spec="INT"><location loc="58.22--58.22"/><type label="INT"/><imc name="CONST" value="8"/></node><location loc="58.20--58.23"/><type label="ARR(9)" len="9"><type label="INT"/></type><addr/><imc name="BINOP" value="ADD"><imc name="BINOP" value="ADD"><imc name="TEMP" value="6"/><imc name="CONST" value="-664"/></imc><imc name="BINOP" value="MUL"><imc name="CONST" value="8"/><imc name="CONST" value="72"/></imc></imc></node><node label="AtomExpr" lexeme="1" spec="INT"><location loc="58.25--58.25"/><type label="INT"/><imc name="CONST" value="1"/></node><location loc="58.20--58.26"/><type label="INT"/><addr/><imc name="BINOP" value="ADD"><imc name="BINOP" value="ADD"><imc name="BINOP" value="ADD"><imc name="TEMP" value="6"/><imc name="CONST" value="-664"/></imc><imc name="BINOP" value="MUL"><imc name="CONST" value="8"/><imc name="CONST" value="72"/></imc></imc><imc name="BINOP" value="MUL"><imc name="CONST" value="1"/><imc name="CONST" value="8"/></imc></imc></node><node label="AtomExpr" lexeme="7" spec="INT"><location loc="58.28--58.28"/><type label="INT"/><imc name="CONST" value="7"/></node><location loc="58.20--58.28"/><imc name="MOVE"><imc name="MEM"><imc name="BINOP" value="ADD"><imc name="BINOP" value="ADD"><imc name="BINOP" value="ADD"><imc name="TEMP" value="6"/><imc name="CONST" value="-664"/></imc><imc name="BINOP" value="MUL"><imc name="CONST" value="8"/><imc name="CONST" value="72"/></imc></imc><imc name="BINOP" value="MUL"><imc name="CONST" value="1"/><imc name="CONST" value="8"/></imc></imc></imc><imc name="CONST" value="7"/></imc></node><node label="AssignStmt"><node label="ArrExpr"><node label="ArrExpr"><node label="VarName" lexeme="t"><location loc="58.31--58.31"/><declaredAt location="64.9--64.32"/><imc name="BINOP" value="ADD"><imc name="TEMP" value="6"/><imc name="CONST" value="-664"/></imc></node><node label="AtomExpr" lexeme="8" spec="INT"><location loc="58.33--58.33"/><type label="INT"/><imc name="CONST" value="8"/></node><location loc="58.31--58.34"/><type label="ARR(9)" len="9"><type label="INT"/></type><addr/><imc name="BINOP" value="ADD"><imc name="BINOP" value="ADD"><imc name="TEMP" value="6"/><imc name="CONST" value="-664"/></imc><imc name="BINOP" value="MUL"><imc name="CONST" value="8"/><imc name="CONST" value="72"/></imc></imc></node><node label="AtomExpr" lexeme="2" spec="INT"><location loc="58.36--58.36"/><type label="INT"/><imc name="CONST" value="2"/></node><location loc="58.31--58.37"/><type label="INT"/><addr/><imc name="BINOP" value="ADD"><imc name="BINOP" value="ADD"><imc name="BINOP" value="ADD"><imc name="TEMP" value="6"/><imc name="CONST" value="-664"/></imc><imc name="BINOP" value="MUL"><imc name="CONST" value="8"/><imc name="CONST" value="72"/></imc></imc><imc name="BINOP" value="MUL"><imc name="CONST" value="2"/><imc name="CONST" value="8"/></imc></imc></node><node label="AtomExpr" lexeme="0" spec="INT"><location loc="58.39--58.39"/><type label="INT"/><imc name="CONST" value="0"/></node><location loc="58.31--58.39"/><imc name="MOVE"><imc name="MEM"><imc name="BINOP" value="ADD"><imc name="BINOP" value="ADD"><imc name="BINOP" value="ADD"><imc name="TEMP" value="6"/><imc name="CONST" value="-664"/></imc><imc name="BINOP" value="MUL"><imc name="CONST" value="8"/><imc name="CONST" value="72"/></imc></imc><imc name="BINOP" value="MUL"><imc name="CONST" value="2"/><imc name="CONST" value="8"/></imc></imc></imc><imc name="CONST" value="0"/></imc></node><node label="AssignStmt"><node label="ArrExpr"><node label="ArrExpr"><node label="VarName" lexeme="t"><location loc="58.44--58.44"/><declaredAt location="64.9--64.32"/><imc name="BINOP" value="ADD"><imc name="TEMP" value="6"/><imc name="CONST" value="-664"/></imc></node><node label="AtomExpr" lexeme="8" spec="INT"><location loc="58.46--58.46"/><type label="INT"/><imc name="CONST" value="8"/></node><location loc="58.44--58.47"/><type label="ARR(9)" len="9"><type label="INT"/></type><addr/><imc name="BINOP" value="ADD"><imc name="BINOP" value="ADD"><imc name="TEMP" value="6"/><imc name="CONST" value="-664"/></imc><imc name="BINOP" value="MUL"><imc name="CONST" value="8"/><imc name="CONST" value="72"/></imc></imc></node><node label="AtomExpr" lexeme="3" spec="INT"><location loc="58.49--58.49"/><type label="INT"/><imc name="CONST" value="3"/></node><location loc="58.44--58.50"/><type label="INT"/><addr/><imc name="BINOP" value="ADD"><imc name="BINOP" value="ADD"><imc name="BINOP" value="ADD"><imc name="TEMP" value="6"/><imc name="CONST" value="-664"/></imc><imc name="BINOP" value="MUL"><imc name="CONST" value="8"/><imc name="CONST" value="72"/></imc></imc><imc name="BINOP" value="MUL"><imc name="CONST" value="3"/><imc name="CONST" value="8"/></imc></imc></node><node label="AtomExpr" lexeme="0" spec="INT"><location loc="58.52--58.52"/><type label="INT"/><imc name="CONST" value="0"/></node><location loc="58.44--58.52"/><imc name="MOVE"><imc name="MEM"><imc name="BINOP" value="ADD"><imc name="BINOP" value="ADD"><imc name="BINOP" value="ADD"><imc name="TEMP" value="6"/><imc name="CONST" value="-664"/></imc><imc name="BINOP" value="MUL"><imc name="CONST" value="8"/><imc name="CONST" value="72"/></imc></imc><imc name="BINOP" value="MUL"><imc name="CONST" value="3"/><imc name="CONST" value="8"/></imc></imc></imc><imc name="CONST" value="0"/></imc></node><node label="AssignStmt"><node label="ArrExpr"><node label="ArrExpr"><node label="VarName" lexeme="t"><location loc="58.55--58.55"/><declaredAt location="64.9--64.32"/><imc name="BINOP" value="ADD"><imc name="TEMP" value="6"/><imc name="CONST" value="-664"/></imc></node><node label="AtomExpr" lexeme="8" spec="INT"><location loc="58.57--58.57"/><type label="INT"/><imc name="CONST" value="8"/></node><location loc="58.55--58.58"/><type label="ARR(9)" len="9"><type label="INT"/></type><addr/><imc name="BINOP" value="ADD"><imc name="BINOP" value="ADD"><imc name="TEMP" value="6"/><imc name="CONST" value="-664"/></imc><imc name="BINOP" value="MUL"><imc name="CONST" value="8"/><imc name="CONST" value="72"/></imc></imc></node><node label="AtomExpr" lexeme="4" spec="INT"><location loc="58.60--58.60"/><type label="INT"/><imc name="CONST" value="4"/></node><location loc="58.55--58.61"/><type label="INT"/><addr/><imc name="BINOP" value="ADD"><imc name="BINOP" value="ADD"><imc name="BINOP" value="ADD"><imc name="TEMP" value="6"/><imc name="CONST" value="-664"/></imc><imc name="BINOP" value="MUL"><imc name="CONST" value="8"/><imc name="CONST" value="72"/></imc></imc><imc name="BINOP" value="MUL"><imc name="CONST" value="4"/><imc name="CONST" value="8"/></imc></imc></node><node label="AtomExpr" lexeme="4" spec="INT"><location loc="58.63--58.63"/><type label="INT"/><imc name="CONST" value="4"/></node><location loc="58.55--58.63"/><imc name="MOVE"><imc name="MEM"><imc name="BINOP" value="ADD"><imc name="BINOP" value="ADD"><imc name="BINOP" value="ADD"><imc name="TEMP" value="6"/><imc name="CONST" value="-664"/></imc><imc name="BINOP" value="MUL"><imc name="CONST" value="8"/><imc name="CONST" value="72"/></imc></imc><imc name="BINOP" value="MUL"><imc name="CONST" value="4"/><imc name="CONST" value="8"/></imc></imc></imc><imc name="CONST" value="4"/></imc></node><node label="AssignStmt"><node label="ArrExpr"><node label="ArrExpr"><node label="VarName" lexeme="t"><location loc="58.66--58.66"/><declaredAt location="64.9--64.32"/><imc name="BINOP" value="ADD"><imc name="TEMP" value="6"/><imc name="CONST" value="-664"/></imc></node><node label="AtomExpr" lexeme="8" spec="INT"><location loc="58.68--58.68"/><type label="INT"/><imc name="CONST" value="8"/></node><location loc="58.66--58.69"/><type label="ARR(9)" len="9"><type label="INT"/></type><addr/><imc name="BINOP" value="ADD"><imc name="BINOP" value="ADD"><imc name="TEMP" value="6"/><imc name="CONST" value="-664"/></imc><imc name="BINOP" value="MUL"><imc name="CONST" value="8"/><imc name="CONST" value="72"/></imc></imc></node><node label="AtomExpr" lexeme="5" spec="INT"><location loc="58.71--58.71"/><type label="INT"/><imc name="CONST" value="5"/></node><location loc="58.66--58.72"/><type label="INT"/><addr/><imc name="BINOP" value="ADD"><imc name="BINOP" value="ADD"><imc name="BINOP" value="ADD"><imc name="TEMP" value="6"/><imc name="CONST" value="-664"/></imc><imc name="BINOP" value="MUL"><imc name="CONST" value="8"/><imc name="CONST" value="72"/></imc></imc><imc name="BINOP" value="MUL"><imc name="CONST" value="5"/><imc name="CONST" value="8"/></imc></imc></node><node label="AtomExpr" lexeme="0" spec="INT"><location loc="58.74--58.74"/><type label="INT"/><imc name="CONST" value="0"/></node><location loc="58.66--58.74"/><imc name="MOVE"><imc name="MEM"><imc name="BINOP" value="ADD"><imc name="BINOP" value="ADD"><imc name="BINOP" value="ADD"><imc name="TEMP" value="6"/><imc name="CONST" value="-664"/></imc><imc name="BINOP" value="MUL"><imc name="CONST" value="8"/><imc name="CONST" value="72"/></imc></imc><imc name="BINOP" value="MUL"><imc name="CONST" value="5"/><imc name="CONST" value="8"/></imc></imc></imc><imc name="CONST" value="0"/></imc></node><node label="AssignStmt"><node label="ArrExpr"><node label="ArrExpr"><node label="VarName" lexeme="t"><location loc="58.79--58.79"/><declaredAt location="64.9--64.32"/><imc name="BINOP" value="ADD"><imc name="TEMP" value="6"/><imc name="CONST" value="-664"/></imc></node><node label="AtomExpr" lexeme="8" spec="INT"><location loc="58.81--58.81"/><type label="INT"/><imc name="CONST" value="8"/></node><location loc="58.79--58.82"/><type label="ARR(9)" len="9"><type label="INT"/></type><addr/><imc name="BINOP" value="ADD"><imc name="BINOP" value="ADD"><imc name="TEMP" value="6"/><imc name="CONST" value="-664"/></imc><imc name="BINOP" value="MUL"><imc name="CONST" value="8"/><imc name="CONST" value="72"/></imc></imc></node><node label="AtomExpr" lexeme="6" spec="INT"><location loc="58.84--58.84"/><type label="INT"/><imc name="CONST" value="6"/></node><location loc="58.79--58.85"/><type label="INT"/><addr/><imc name="BINOP" value="ADD"><imc name="BINOP" value="ADD"><imc name="BINOP" value="ADD"><imc name="TEMP" value="6"/><imc name="CONST" value="-664"/></imc><imc name="BINOP" value="MUL"><imc name="CONST" value="8"/><imc name="CONST" value="72"/></imc></imc><imc name="BINOP" value="MUL"><imc name="CONST" value="6"/><imc name="CONST" value="8"/></imc></imc></node><node label="AtomExpr" lexeme="9" spec="INT"><location loc="58.87--58.87"/><type label="INT"/><imc name="CONST" value="9"/></node><location loc="58.79--58.87"/><imc name="MOVE"><imc name="MEM"><imc name="BINOP" value="ADD"><imc name="BINOP" value="ADD"><imc name="BINOP" value="ADD"><imc name="TEMP" value="6"/><imc name="CONST" value="-664"/></imc><imc name="BINOP" value="MUL"><imc name="CONST" value="8"/><imc name="CONST" value="72"/></imc></imc><imc name="BINOP" value="MUL"><imc name="CONST" value="6"/><imc name="CONST" value="8"/></imc></imc></imc><imc name="CONST" value="9"/></imc></node><node label="AssignStmt"><node label="ArrExpr"><node label="ArrExpr"><node label="VarName" lexeme="t"><location loc="58.90--58.90"/><declaredAt location="64.9--64.32"/><imc name="BINOP" value="ADD"><imc name="TEMP" value="6"/><imc name="CONST" value="-664"/></imc></node><node label="AtomExpr" lexeme="8" spec="INT"><location loc="58.92--58.92"/><type label="INT"/><imc name="CONST" value="8"/></node><location loc="58.90--58.93"/><type label="ARR(9)" len="9"><type label="INT"/></type><addr/><imc name="BINOP" value="ADD"><imc name="BINOP" value="ADD"><imc name="TEMP" value="6"/><imc name="CONST" value="-664"/></imc><imc name="BINOP" value="MUL"><imc name="CONST" value="8"/><imc name="CONST" value="72"/></imc></imc></node><node label="AtomExpr" lexeme="7" spec="INT"><location loc="58.95--58.95"/><type label="INT"/><imc name="CONST" value="7"/></node><location loc="58.90--58.96"/><type label="INT"/><addr/><imc name="BINOP" value="ADD"><imc name="BINOP" value="ADD"><imc name="BINOP" value="ADD"><imc name="TEMP" value="6"/><imc name="CONST" value="-664"/></imc><imc name="BINOP" value="MUL"><imc name="CONST" value="8"/><imc name="CONST" value="72"/></imc></imc><imc name="BINOP" value="MUL"><imc name="CONST" value="7"/><imc name="CONST" value="8"/></imc></imc></node><node label="AtomExpr" lexeme="3" spec="INT"><location loc="58.98--58.98"/><type label="INT"/><imc name="CONST" value="3"/></node><location loc="58.90--58.98"/><imc name="MOVE"><imc name="MEM"><imc name="BINOP" value="ADD"><imc name="BINOP" value="ADD"><imc name="BINOP" value="ADD"><imc name="TEMP" value="6"/><imc name="CONST" value="-664"/></imc><imc name="BINOP" value="MUL"><imc name="CONST" value="8"/><imc name="CONST" value="72"/></imc></imc><imc name="BINOP" value="MUL"><imc name="CONST" value="7"/><imc name="CONST" value="8"/></imc></imc></imc><imc name="CONST" value="3"/></imc></node><node label="AssignStmt"><node label="ArrExpr"><node label="ArrExpr"><node label="VarName" lexeme="t"><location loc="58.101--58.101"/><declaredAt location="64.9--64.32"/><imc name="BINOP" value="ADD"><imc name="TEMP" value="6"/><imc name="CONST" value="-664"/></imc></node><node label="AtomExpr" lexeme="8" spec="INT"><location loc="58.103--58.103"/><type label="INT"/><imc name="CONST" value="8"/></node><location loc="58.101--58.104"/><type label="ARR(9)" len="9"><type label="INT"/></type><addr/><imc name="BINOP" value="ADD"><imc name="BINOP" value="ADD"><imc name="TEMP" value="6"/><imc name="CONST" value="-664"/></imc><imc name="BINOP" value="MUL"><imc name="CONST" value="8"/><imc name="CONST" value="72"/></imc></imc></node><node label="AtomExpr" lexeme="8" spec="INT"><location loc="58.106--58.106"/><type label="INT"/><imc name="CONST" value="8"/></node><location loc="58.101--58.107"/><type label="INT"/><addr/><imc name="BINOP" value="ADD"><imc name="BINOP" value="ADD"><imc name="BINOP" value="ADD"><imc name="TEMP" value="6"/><imc name="CONST" value="-664"/></imc><imc name="BINOP" value="MUL"><imc name="CONST" value="8"/><imc name="CONST" value="72"/></imc></imc><imc name="BINOP" value="MUL"><imc name="CONST" value="8"/><imc name="CONST" value="8"/></imc></imc></node><node label="AtomExpr" lexeme="0" spec="INT"><location loc="58.109--58.109"/><type label="INT"/><imc name="CONST" value="0"/></node><location loc="58.101--58.109"/><imc name="MOVE"><imc name="MEM"><imc name="BINOP" value="ADD"><imc name="BINOP" value="ADD"><imc name="BINOP" value="ADD"><imc name="TEMP" value="6"/><imc name="CONST" value="-664"/></imc><imc name="BINOP" value="MUL"><imc name="CONST" value="8"/><imc name="CONST" value="72"/></imc></imc><imc name="BINOP" value="MUL"><imc name="CONST" value="8"/><imc name="CONST" value="8"/></imc></imc></imc><imc name="CONST" value="0"/></imc></node><node label="AssignStmt"><node label="VarName" lexeme="count"><location loc="60.9--60.13"/><declaredAt location="65.9--65.22"/><imc name="BINOP" value="ADD"><imc name="TEMP" value="6"/><imc name="CONST" value="-672"/></imc></node><node label="FunName" lexeme="sudoku"><node label="Args"><node label="UnExpr" spec="ADDR"><node label="VarName" lexeme="t"><location loc="60.23--60.23"/><declaredAt location="64.9--64.32"/><imc name="BINOP" value="ADD"><imc name="TEMP" value="6"/><imc name="CONST" value="-664"/></imc></node><location loc="60.22--60.23"/><type label="PTR"><type label="ARR(9)" len="9"><type label="ARR(9)" len="9"><type label="INT"/></type></type></type><imc name="BINOP" value="ADD"><imc name="TEMP" value="6"/><imc name="CONST" value="-664"/></imc></node><location loc="60.22--60.23"/></node><location loc="60.15--60.24"/><declaredAt location="137.1--251.6"/><type label="INT"/><imc name="CALL" value="_sudoku"><imc name="CONST" value="0"/><imc name="BINOP" value="ADD"><imc name="TEMP" value="6"/><imc name="CONST" value="-664"/></imc></imc></node><location loc="60.9--60.24"/><imc name="MOVE"><imc name="MEM"><imc name="BINOP" value="ADD"><imc name="TEMP" value="6"/><imc name="CONST" value="-672"/></imc></imc><imc name="CALL" value="_sudoku"><imc name="CONST" value="0"/><imc name="BINOP" value="ADD"><imc name="TEMP" value="6"/><imc name="CONST" value="-664"/></imc></imc></imc></node><node label="ExprStmt"><node label="FunName" lexeme="putInt"><node label="Args"><node label="VarName" lexeme="count"><location loc="61.16--61.20"/><declaredAt location="65.9--65.22"/><type label="INT"/><imc name="MEM"><imc name="BINOP" value="ADD"><imc name="TEMP" value="6"/><imc name="CONST" value="-672"/></imc></imc></node><location loc="61.16--61.20"/></node><location loc="61.9--61.21"/><declaredAt location="1.1--1.23"/><type label="VOID"/><imc name="CALL" value="_putInt"><imc name="CONST" value="0"/><imc name="MEM"><imc name="BINOP" value="ADD"><imc name="TEMP" value="6"/><imc name="CONST" value="-672"/></imc></imc></imc></node><location loc="61.9--61.21"/><imc name="ESTMT"><imc name="CALL" value="_putInt"><imc name="CONST" value="0"/><imc name="MEM"><imc name="BINOP" value="ADD"><imc name="TEMP" value="6"/><imc name="CONST" value="-672"/></imc></imc></imc></imc></node><node label="ExprStmt"><node label="FunName" lexeme="putChar"><node label="Args"><node label="CastExpr"><node label="AtomExpr" lexeme="10" spec="INT"><location loc="61.33--61.34"/><type label="INT"/><imc name="CONST" value="10"/></node><node label="AtomType" spec="CHAR"><location loc="61.36--61.39"/></node><location loc="61.35--61.40"/><type label="CHAR"/><imc name="BINOP" value="MOD"><imc name="CONST" value="10"/><imc name="CONST" value="256"/></imc></node><location loc="61.35--61.40"/></node><location loc="61.24--61.41"/><declaredAt location="2.1--2.25"/><type label="VOID"/><imc name="CALL" value="_putChar"><imc name="CONST" value="0"/><imc name="BINOP" value="MOD"><imc name="CONST" value="10"/><imc name="CONST" value="256"/></imc></imc></node><location loc="61.24--61.41"/><imc name="ESTMT"><imc name="CALL" value="_putChar"><imc name="CONST" value="0"/><imc name="BINOP" value="MOD"><imc name="CONST" value="10"/><imc name="CONST" value="256"/></imc></imc></imc></node><location loc="48.9--61.41"/></node><node label="AtomExpr" lexeme="none" spec="VOID"><location loc="62.9--62.12"/><type label="VOID"/><imc name="CONST" value="0"/></node><location loc="48.9--65.22"/><type label="VOID"/><imc name="SEXPR"><imc name="STMTS"><imc name="MOVE"><imc name="MEM"><imc name="BINOP" value="ADD"><imc name="BINOP" value="ADD"><imc name="BINOP" value="ADD"><imc name="TEMP" value="6"/><imc name="CONST" value="-664"/></imc><imc name="BINOP" value="MUL"><imc name="CONST" value="0"/><imc name="CONST" value="72"/></imc></imc><imc name="BINOP" value="MUL"><imc name="CONST" value="0"/><imc name="CONST" value="8"/></imc></imc></imc><imc name="CONST" value="0"/></imc><imc name="MOVE"><imc name="MEM"><imc name="BINOP" value="ADD"><imc name="BINOP" value="ADD"><imc name="BINOP" value="ADD"><imc name="TEMP" value="6"/><imc name="CONST" value="-664"/></imc><imc name="BINOP" value="MUL"><imc name="CONST" value="0"/><imc name="CONST" value="72"/></imc></imc><imc name="BINOP" value="MUL"><imc name="CONST" value="1"/><imc name="CONST" value="8"/></imc></imc></imc><imc name="CONST" value="0"/></imc><imc name="MOVE"><imc name="MEM"><imc name="BINOP" value="ADD"><imc name="BINOP" value="ADD"><imc name="BINOP" value="ADD"><imc name="TEMP" value="6"/><imc name="CONST" value="-664"/></imc><imc name="BINOP" value="MUL"><imc name="CONST" value="0"/><imc name="CONST" value="72"/></imc></imc><imc name="BINOP" value="MUL"><imc name="CONST" value="2"/><imc name="CONST" value="8"/></imc></imc></imc><imc name="CONST" value="3"/></imc><imc name="MOVE"><imc name="MEM"><imc name="BINOP" value="ADD"><imc name="BINOP" value="ADD"><imc name="BINOP" value="ADD"><imc name="TEMP" value="6"/><imc name="CONST" value="-664"/></imc><imc name="BINOP" value="MUL"><imc name="CONST" value="0"/><imc name="CONST" value="72"/></imc></imc><imc name="BINOP" value="MUL"><imc name="CONST" value="3"/><imc name="CONST" value="8"/></imc></imc></imc><imc name="CONST" value="0"/></imc><imc name="MOVE"><imc name="MEM"><imc name="BINOP" value="ADD"><imc name="BINOP" value="ADD"><imc name="BINOP" value="ADD"><imc name="TEMP" value="6"/><imc name="CONST" value="-664"/></imc><imc name="BINOP" value="MUL"><imc name="CONST" value="0"/><imc name="CONST" value="72"/></imc></imc><imc name="BINOP" value="MUL"><imc name="CONST" value="4"/><imc name="CONST" value="8"/></imc></imc></imc><imc name="CONST" value="0"/></imc><imc name="MOVE"><imc name="MEM"><imc name="BINOP" value="ADD"><imc name="BINOP" value="ADD"><imc name="BINOP" value="ADD"><imc name="TEMP" value="6"/><imc name="CONST" value="-664"/></imc><imc name="BINOP" value="MUL"><imc name="CONST" value="0"/><imc name="CONST" value="72"/></imc></imc><imc name="BINOP" value="MUL"><imc name="CONST" value="5"/><imc name="CONST" value="8"/></imc></imc></imc><imc name="CONST" value="0"/></imc><imc name="MOVE"><imc name="MEM"><imc name="BINOP" value="ADD"><imc name="BINOP" value="ADD"><imc name="BINOP" value="ADD"><imc name="TEMP" value="6"/><imc name="CONST" value="-664"/></imc><imc name="BINOP" value="MUL"><imc name="CONST" value="0"/><imc name="CONST" value="72"/></imc></imc><imc name="BINOP" value="MUL"><imc name="CONST" value="6"/><imc name="CONST" value="8"/></imc></imc></imc><imc name="CONST" value="0"/></imc><imc name="MOVE"><imc name="MEM"><imc name="BINOP" value="ADD"><imc name="BINOP" value="ADD"><imc name="BINOP" value="ADD"><imc name="TEMP" value="6"/><imc name="CONST" value="-664"/></imc><imc name="BINOP" value="MUL"><imc name="CONST" value="0"/><imc name="CONST" value="72"/></imc></imc><imc name="BINOP" value="MUL"><imc name="CONST" value="7"/><imc name="CONST" value="8"/></imc></imc></imc><imc name="CONST" value="9"/></imc><imc name="MOVE"><imc name="MEM"><imc name="BINOP" value="ADD"><imc name="BINOP" value="ADD"><imc name="BINOP" value="ADD"><imc name="TEMP" value="6"/><imc name="CONST" value="-664"/></imc><imc name="BINOP" value="MUL"><imc name="CONST" value="0"/><imc name="CONST" value="72"/></imc></imc><imc name="BINOP" value="MUL"><imc name="CONST" value="8"/><imc name="CONST" value="8"/></imc></imc></imc><imc name="CONST" value="0"/></imc><imc name="MOVE"><imc name="MEM"><imc name="BINOP" value="ADD"><imc name="BINOP" value="ADD"><imc name="BINOP" value="ADD"><imc name="TEMP" value="6"/><imc name="CONST" value="-664"/></imc><imc name="BINOP" value="MUL"><imc name="CONST" value="1"/><imc name="CONST" value="72"/></imc></imc><imc name="BINOP" value="MUL"><imc name="CONST" value="0"/><imc name="CONST" value="8"/></imc></imc></imc><imc name="CONST" value="9"/></imc><imc name="MOVE"><imc name="MEM"><imc name="BINOP" value="ADD"><imc name="BINOP" value="ADD"><imc name="BINOP" value="ADD"><imc name="TEMP" value="6"/><imc name="CONST" value="-664"/></imc><imc name="BINOP" value="MUL"><imc name="CONST" value="1"/><imc name="CONST" value="72"/></imc></imc><imc name="BINOP" value="MUL"><imc name="CONST" value="1"/><imc name="CONST" value="8"/></imc></imc></imc><imc name="CONST" value="0"/></imc><imc name="MOVE"><imc name="MEM"><imc name="BINOP" value="ADD"><imc name="BINOP" value="ADD"><imc name="BINOP" value="ADD"><imc name="TEMP" value="6"/><imc name="CONST" value="-664"/></imc><imc name="BINOP" value="MUL"><imc name="CONST" value="1"/><imc name="CONST" value="72"/></imc></imc><imc name="BINOP" value="MUL"><imc name="CONST" value="2"/><imc name="CONST" value="8"/></imc></imc></imc><imc name="CONST" value="0"/></imc><imc name="MOVE"><imc name="MEM"><imc name="BINOP" value="ADD"><imc name="BINOP" value="ADD"><imc name="BINOP" value="ADD"><imc name="TEMP" value="6"/><imc name="CONST" value="-664"/></imc><imc name="BINOP" value="MUL"><imc name="CONST" value="1"/><imc name="CONST" value="72"/></imc></imc><imc name="BINOP" value="MUL"><imc name="CONST" value="3"/><imc name="CONST" value="8"/></imc></imc></imc><imc name="CONST" value="0"/></imc><imc name="MOVE"><imc name="MEM"><imc name="BINOP" value="ADD"><imc name="BINOP" value="ADD"><imc name="BINOP" value="ADD"><imc name="TEMP" value="6"/><imc name="CONST" value="-664"/></imc><imc name="BINOP" value="MUL"><imc name="CONST" value="1"/><imc name="CONST" value="72"/></imc></imc><imc name="BINOP" value="MUL"><imc name="CONST" value="4"/><imc name="CONST" value="8"/></imc></imc></imc><imc name="CONST" value="8"/></imc><imc name="MOVE"><imc name="MEM"><imc name="BINOP" value="ADD"><imc name="BINOP" value="ADD"><imc name="BINOP" value="ADD"><imc name="TEMP" value="6"/><imc name="CONST" value="-664"/></imc><imc name="BINOP" value="MUL"><imc name="CONST" value="1"/><imc name="CONST" value="72"/></imc></imc><imc name="BINOP" value="MUL"><imc name="CONST" value="5"/><imc name="CONST" value="8"/></imc></imc></imc><imc name="CONST" value="4"/></imc><imc name="MOVE"><imc name="MEM"><imc name="BINOP" value="ADD"><imc name="BINOP" value="ADD"><imc name="BINOP" value="ADD"><imc name="TEMP" value="6"/><imc name="CONST" value="-664"/></imc><imc name="BINOP" value="MUL"><imc name="CONST" value="1"/><imc name="CONST" value="72"/></imc></imc><imc name="BINOP" value="MUL"><imc name="CONST" value="6"/><imc name="CONST" value="8"/></imc></imc></imc><imc name="CONST" value="0"/></imc><imc name="MOVE"><imc name="MEM"><imc name="BINOP" value="ADD"><imc name="BINOP" value="ADD"><imc name="BINOP" value="ADD"><imc name="TEMP" value="6"/><imc name="CONST" value="-664"/></imc><imc name="BINOP" value="MUL"><imc name="CONST" value="1"/><imc name="CONST" value="72"/></imc></imc><imc name="BINOP" value="MUL"><imc name="CONST" value="7"/><imc name="CONST" value="8"/></imc></imc></imc><imc name="CONST" value="0"/></imc><imc name="MOVE"><imc name="MEM"><imc name="BINOP" value="ADD"><imc name="BINOP" value="ADD"><imc name="BINOP" value="ADD"><imc name="TEMP" value="6"/><imc name="CONST" value="-664"/></imc><imc name="BINOP" value="MUL"><imc name="CONST" value="1"/><imc name="CONST" value="72"/></imc></imc><imc name="BINOP" value="MUL"><imc name="CONST" value="8"/><imc name="CONST" value="8"/></imc></imc></imc><imc name="CONST" value="6"/></imc><imc name="MOVE"><imc name="MEM"><imc name="BINOP" value="ADD"><imc name="BINOP" value="ADD"><imc name="BINOP" value="ADD"><imc name="TEMP" value="6"/><imc name="CONST" value="-664"/></imc><imc name="BINOP" value="MUL"><imc name="CONST" value="2"/><imc name="CONST" value="72"/></imc></imc><imc name="BINOP" value="MUL"><imc name="CONST" value="0"/><imc name="CONST" value="8"/></imc></imc></imc><imc name="CONST" value="8"/></imc><imc name="MOVE"><imc name="MEM"><imc name="BINOP" value="ADD"><imc name="BINOP" value="ADD"><imc name="BINOP" value="ADD"><imc name="TEMP" value="6"/><imc name="CONST" value="-664"/></imc><imc name="BINOP" value="MUL"><imc name="CONST" value="2"/><imc name="CONST" value="72"/></imc></imc><imc name="BINOP" value="MUL"><imc name="CONST" value="1"/><imc name="CONST" value="8"/></imc></imc></imc><imc name="CONST" value="2"/></imc><imc name="MOVE"><imc name="MEM"><imc name="BINOP" value="ADD"><imc name="BINOP" value="ADD"><imc name="BINOP" value="ADD"><imc name="TEMP" value="6"/><imc name="CONST" value="-664"/></imc><imc name="BINOP" value="MUL"><imc name="CONST" value="2"/><imc name="CONST" value="72"/></imc></imc><imc name="BINOP" value="MUL"><imc name="CONST" value="2"/><imc name="CONST" value="8"/></imc></imc></imc><imc name="CONST" value="0"/></imc><imc name="MOVE"><imc name="MEM"><imc name="BINOP" value="ADD"><imc name="BINOP" value="ADD"><imc name="BINOP" value="ADD"><imc name="TEMP" value="6"/><imc name="CONST" value="-664"/></imc><imc name="BINOP" value="MUL"><imc name="CONST" value="2"/><imc name="CONST" value="72"/></imc></imc><imc name="BINOP" value="MUL"><imc name="CONST" value="3"/><imc name="CONST" value="8"/></imc></imc></imc><imc name="CONST" value="0"/></imc><imc name="MOVE"><imc name="MEM"><imc name="BINOP" value="ADD"><imc name="BINOP" value="ADD"><imc name="BINOP" value="ADD"><imc name="TEMP" value="6"/><imc name="CONST" value="-664"/></imc><imc name="BINOP" value="MUL"><imc name="CONST" value="2"/><imc name="CONST" value="72"/></imc></imc><imc name="BINOP" value="MUL"><imc name="CONST" value="4"/><imc name="CONST" value="8"/></imc></imc></imc><imc name="CONST" value="9"/></imc><imc name="MOVE"><imc name="MEM"><imc name="BINOP" value="ADD"><imc name="BINOP" value="ADD"><imc name="BINOP" value="ADD"><imc name="TEMP" value="6"/><imc name="CONST" value="-664"/></imc><imc name="BINOP" value="MUL"><imc name="CONST" value="2"/><imc name="CONST" value="72"/></imc></imc><imc name="BINOP" value="MUL"><imc name="CONST" value="5"/><imc name="CONST" value="8"/></imc></imc></imc><imc name="CONST" value="0"/></imc><imc name="MOVE"><imc name="MEM"><imc name="BINOP" value="ADD"><imc name="BINOP" value="ADD"><imc name="BINOP" value="ADD"><imc name="TEMP" value="6"/><imc name="CONST" value="-664"/></imc><imc name="BINOP" value="MUL"><imc name="CONST" value="2"/><imc name="CONST" value="72"/></imc></imc><imc name="BINOP" value="MUL"><imc name="CONST" value="6"/><imc name="CONST" value="8"/></imc></imc></imc><imc name="CONST" value="0"/></imc><imc name="MOVE"><imc name="MEM"><imc name="BINOP" value="ADD"><imc name="BINOP" value="ADD"><imc name="BINOP" value="ADD"><imc name="TEMP" value="6"/><imc name="CONST" value="-664"/></imc><imc name="BINOP" value="MUL"><imc name="CONST" value="2"/><imc name="CONST" value="72"/></imc></imc><imc name="BINOP" value="MUL"><imc name="CONST" value="7"/><imc name="CONST" value="8"/></imc></imc></imc><imc name="CONST" value="0"/></imc><imc name="MOVE"><imc name="MEM"><imc name="BINOP" value="ADD"><imc name="BINOP" value="ADD"><imc name="BINOP" value="ADD"><imc name="TEMP" value="6"/><imc name="CONST" value="-664"/></imc><imc name="BINOP" value="MUL"><imc name="CONST" value="2"/><imc name="CONST" value="72"/></imc></imc><imc name="BINOP" value="MUL"><imc name="CONST" value="8"/><imc name="CONST" value="8"/></imc></imc></imc><imc name="CONST" value="0"/></imc><imc name="MOVE"><imc name="MEM"><imc name="BINOP" value="ADD"><imc name="BINOP" value="ADD"><imc name="BINOP" value="ADD"><imc name="TEMP" value="6"/><imc name="CONST" value="-664"/></imc><imc name="BINOP" value="MUL"><imc name="CONST" value="3"/><imc name="CONST" value="72"/></imc></imc><imc name="BINOP" value="MUL"><imc name="CONST" value="0"/><imc name="CONST" value="8"/></imc></imc></imc><imc name="CONST" value="0"/></imc><imc name="MOVE"><imc name="MEM"><imc name="BINOP" value="ADD"><imc name="BINOP" value="ADD"><imc name="BINOP" value="ADD"><imc name="TEMP" value="6"/><imc name="CONST" value="-664"/></imc><imc name="BINOP" value="MUL"><imc name="CONST" value="3"/><imc name="CONST" value="72"/></imc></imc><imc name="BINOP" value="MUL"><imc name="CONST" value="1"/><imc name="CONST" value="8"/></imc></imc></imc><imc name="CONST" value="1"/></imc><imc name="MOVE"><imc name="MEM"><imc name="BINOP" value="ADD"><imc name="BINOP" value="ADD"><imc name="BINOP" value="ADD"><imc name="TEMP" value="6"/><imc name="CONST" value="-664"/></imc><imc name="BINOP" value="MUL"><imc name="CONST" value="3"/><imc name="CONST" value="72"/></imc></imc><imc name="BINOP" value="MUL"><imc name="CONST" value="2"/><imc name="CONST" value="8"/></imc></imc></imc><imc name="CONST" value="4"/></imc><imc name="MOVE"><imc name="MEM"><imc name="BINOP" value="ADD"><imc name="BINOP" value="ADD"><imc name="BINOP" value="ADD"><imc name="TEMP" value="6"/><imc name="CONST" value="-664"/></imc><imc name="BINOP" value="MUL"><imc name="CONST" value="3"/><imc name="CONST" value="72"/></imc></imc><imc name="BINOP" value="MUL"><imc name="CONST" value="3"/><imc name="CONST" value="8"/></imc></imc></imc><imc name="CONST" value="8"/></imc><imc name="MOVE"><imc name="MEM"><imc name="BINOP" value="ADD"><imc name="BINOP" value="ADD"><imc name="BINOP" value="ADD"><imc name="TEMP" value="6"/><imc name="CONST" value="-664"/></imc><imc name="BINOP" value="MUL"><imc name="CONST" value="3"/><imc name="CONST" value="72"/></imc></imc><imc name="BINOP" value="MUL"><imc name="CONST" value="4"/><imc name="CONST" value="8"/></imc></imc></imc><imc name="CONST" value="0"/></imc><imc name="MOVE"><imc name="MEM"><imc name="BINOP" value="ADD"><imc name="BINOP" value="ADD"><imc name="BINOP" value="ADD"><imc name="TEMP" value="6"/><imc name="CONST" value="-664"/></imc><imc name="BINOP" value="MUL"><imc name="CONST" value="3"/><imc name="CONST" value="72"/></imc></imc><imc name="BINOP" value="MUL"><imc name="CONST" value="5"/><imc name="CONST" value="8"/></imc></imc></imc><imc name="CONST" value="0"/></imc><imc name="MOVE"><imc name="MEM"><imc name="BINOP" value="ADD"><imc name="BINOP" value="ADD"><imc name="BINOP" value="ADD"><imc name="TEMP" value="6"/><imc name="CONST" value="-664"/></imc><imc name="BINOP" value="MUL"><imc name="CONST" value="3"/><imc name="CONST" value="72"/></imc></imc><imc name="BINOP" value="MUL"><imc name="CONST" value="6"/><imc name="CONST" value="8"/></imc></imc></imc><imc name="CONST" value="0"/></imc><imc name="MOVE"><imc name="MEM"><imc name="BINOP" value="ADD"><imc name="BINOP" value="ADD"><imc name="BINOP" value="ADD"><imc name="TEMP" value="6"/><imc name="CONST" value="-664"/></imc><imc name="BINOP" value="MUL"><imc name="CONST" value="3"/><imc name="CONST" value="72"/></imc></imc><imc name="BINOP" value="MUL"><imc name="CONST" value="7"/><imc name="CONST" value="8"/></imc></imc></imc><imc name="CONST" value="5"/></imc><imc name="MOVE"><imc name="MEM"><imc name="BINOP" value="ADD"><imc name="BINOP" value="ADD"><imc name="BINOP" value="ADD"><imc name="TEMP" value="6"/><imc name="CONST" value="-664"/></imc><imc name="BINOP" value="MUL"><imc name="CONST" value="3"/><imc name="CONST" value="72"/></imc></imc><imc name="BINOP" value="MUL"><imc name="CONST" value="8"/><imc name="CONST" value="8"/></imc></imc></imc><imc name="CONST" value="0"/></imc><imc name="MOVE"><imc name="MEM"><imc name="BINOP" value="ADD"><imc name="BINOP" value="ADD"><imc name="BINOP" value="ADD"><imc name="TEMP" value="6"/><imc name="CONST" value="-664"/></imc><imc name="BINOP" value="MUL"><imc name="CONST" value="4"/><imc name="CONST" value="72"/></imc></imc><imc name="BINOP" value="MUL"><imc name="CONST" value="0"/><imc name="CONST" value="8"/></imc></imc></imc><imc name="CONST" value="3"/></imc><imc name="MOVE"><imc name="MEM"><imc name="BINOP" value="ADD"><imc name="BINOP" value="ADD"><imc name="BINOP" value="ADD"><imc name="TEMP" value="6"/><imc name="CONST" value="-664"/></imc><imc name="BINOP" value="MUL"><imc name="CONST" value="4"/><imc name="CONST" value="72"/></imc></imc><imc name="BINOP" value="MUL"><imc name="CONST" value="1"/><imc name="CONST" value="8"/></imc></imc></imc><imc name="CONST" value="0"/></imc><imc name="MOVE"><imc name="MEM"><imc name="BINOP" value="ADD"><imc name="BINOP" value="ADD"><imc name="BINOP" value="ADD"><imc name="TEMP" value="6"/><imc name="CONST" value="-664"/></imc><imc name="BINOP" value="MUL"><imc name="CONST" value="4"/><imc name="CONST" value="72"/></imc></imc><imc name="BINOP" value="MUL"><imc name="CONST" value="2"/><imc name="CONST" value="8"/></imc></imc></imc><imc name="CONST" value="0"/></imc><imc name="MOVE"><imc name="MEM"><imc name="BINOP" value="ADD"><imc name="BINOP" value="ADD"><imc name="BINOP" value="ADD"><imc name="TEMP" value="6"/><imc name="CONST" value="-664"/></imc><imc name="BINOP" value="MUL"><imc name="CONST" value="4"/><imc name="CONST" value="72"/></imc></imc><imc name="BINOP" value="MUL"><imc name="CONST" value="3"/><imc name="CONST" value="8"/></imc></imc></imc><imc name="CONST" value="0"/></imc><imc name="MOVE"><imc name="MEM"><imc name="BINOP" value="ADD"><imc name="BINOP" value="ADD"><imc name="BINOP" value="ADD"><imc name="TEMP" value="6"/><imc name="CONST" value="-664"/></imc><imc name="BINOP" value="MUL"><imc name="CONST" value="4"/><imc name="CONST" value="72"/></imc></imc><imc name="BINOP" value="MUL"><imc name="CONST" value="4"/><imc name="CONST" value="8"/></imc></imc></imc><imc name="CONST" value="0"/></imc><imc name="MOVE"><imc name="MEM"><imc name="BINOP" value="ADD"><imc name="BINOP" value="ADD"><imc name="BINOP" value="ADD"><imc name="TEMP" value="6"/><imc name="CONST" value="-664"/></imc><imc name="BINOP" value="MUL"><imc name="CONST" value="4"/><imc name="CONST" value="72"/></imc></imc><imc name="BINOP" value="MUL"><imc name="CONST" value="5"/><imc name="CONST" value="8"/></imc></imc></imc><imc name="CONST" value="0"/></imc><imc name="MOVE"><imc name="MEM"><imc name="BINOP" value="ADD"><imc name="BINOP" value="ADD"><imc name="BINOP" value="ADD"><imc name="TEMP" value="6"/><imc name="CONST" value="-664"/></imc><imc name="BINOP" value="MUL"><imc name="CONST" value="4"/><imc name="CONST" value="72"/></imc></imc><imc name="BINOP" value="MUL"><imc name="CONST" value="6"/><imc name="CONST" value="8"/></imc></imc></imc><imc name="CONST" value="6"/></imc><imc name="MOVE"><imc name="MEM"><imc name="BINOP" value="ADD"><imc name="BINOP" value="ADD"><imc name="BINOP" value="ADD"><imc name="TEMP" value="6"/><imc name="CONST" value="-664"/></imc><imc name="BINOP" value="MUL"><imc name="CONST" value="4"/><imc name="CONST" value="72"/></imc></imc><imc name="BINOP" value="MUL"><imc name="CONST" value="7"/><imc name="CONST" value="8"/></imc></imc></imc><imc name="CONST" value="7"/></imc><imc name="MOVE"><imc name="MEM"><imc name="BINOP" value="ADD"><imc name="BINOP" value="ADD"><imc name="BINOP" value="ADD"><imc name="TEMP" value="6"/><imc name="CONST" value="-664"/></imc><imc name="BINOP" value="MUL"><imc name="CONST" value="4"/><imc name="CONST" value="72"/></imc></imc><imc name="BINOP" value="MUL"><imc name="CONST" value="8"/><imc name="CONST" value="8"/></imc></imc></imc><imc name="CONST" value="0"/></imc><imc name="MOVE"><imc name="MEM"><imc name="BINOP" value="ADD"><imc name="BINOP" value="ADD"><imc name="BINOP" value="ADD"><imc name="TEMP" value="6"/><imc name="CONST" value="-664"/></imc><imc name="BINOP" value="MUL"><imc name="CONST" value="5"/><imc name="CONST" value="72"/></imc></imc><imc name="BINOP" value="MUL"><imc name="CONST" value="0"/><imc name="CONST" value="8"/></imc></imc></imc><imc name="CONST" value="0"/></imc><imc name="MOVE"><imc name="MEM"><imc name="BINOP" value="ADD"><imc name="BINOP" value="ADD"><imc name="BINOP" value="ADD"><imc name="TEMP" value="6"/><imc name="CONST" value="-664"/></imc><imc name="BINOP" value="MUL"><imc name="CONST" value="5"/><imc name="CONST" value="72"/></imc></imc><imc name="BINOP" value="MUL"><imc name="CONST" value="1"/><imc name="CONST" value="8"/></imc></imc></imc><imc name="CONST" value="0"/></imc><imc name="MOVE"><imc name="MEM"><imc name="BINOP" value="ADD"><imc name="BINOP" value="ADD"><imc name="BINOP" value="ADD"><imc name="TEMP" value="6"/><imc name="CONST" value="-664"/></imc><imc name="BINOP" value="MUL"><imc name="CONST" value="5"/><imc name="CONST" value="72"/></imc></imc><imc name="BINOP" value="MUL"><imc name="CONST" value="2"/><imc name="CONST" value="8"/></imc></imc></imc><imc name="CONST" value="0"/></imc><imc name="MOVE"><imc name="MEM"><imc name="BINOP" value="ADD"><imc name="BINOP" value="ADD"><imc name="BINOP" value="ADD"><imc name="TEMP" value="6"/><imc name="CONST" value="-664"/></imc><imc name="BINOP" value="MUL"><imc name="CONST" value="5"/><imc name="CONST" value="72"/></imc></imc><imc name="BINOP" value="MUL"><imc name="CONST" value="3"/><imc name="CONST" value="8"/></imc></imc></imc><imc name="CONST" value="0"/></imc><imc name="MOVE"><imc name="MEM"><imc name="BINOP" value="ADD"><imc name="BINOP" value="ADD"><imc name="BINOP" value="ADD"><imc name="TEMP" value="6"/><imc name="CONST" value="-664"/></imc><imc name="BINOP" value="MUL"><imc name="CONST" value="5"/><imc name="CONST" value="72"/></imc></imc><imc name="BINOP" value="MUL"><imc name="CONST" value="4"/><imc name="CONST" value="8"/></imc></imc></imc><imc name="CONST" value="0"/></imc><imc name="MOVE"><imc name="MEM"><imc name="BINOP" value="ADD"><imc name="BINOP" value="ADD"><imc name="BINOP" value="ADD"><imc name="TEMP" value="6"/><imc name="CONST" value="-664"/></imc><imc name="BINOP" value="MUL"><imc name="CONST" value="5"/><imc name="CONST" value="72"/></imc></imc><imc name="BINOP" value="MUL"><imc name="CONST" value="5"/><imc name="CONST" value="8"/></imc></imc></imc><imc name="CONST" value="9"/></imc><imc name="MOVE"><imc name="MEM"><imc name="BINOP" value="ADD"><imc name="BINOP" value="ADD"><imc name="BINOP" value="ADD"><imc name="TEMP" value="6"/><imc name="CONST" value="-664"/></imc><imc name="BINOP" value="MUL"><imc name="CONST" value="5"/><imc name="CONST" value="72"/></imc></imc><imc name="BINOP" value="MUL"><imc name="CONST" value="6"/><imc name="CONST" value="8"/></imc></imc></imc><imc name="CONST" value="0"/></imc><imc name="MOVE"><imc name="MEM"><imc name="BINOP" value="ADD"><imc name="BINOP" value="ADD"><imc name="BINOP" value="ADD"><imc name="TEMP" value="6"/><imc name="CONST" value="-664"/></imc><imc name="BINOP" value="MUL"><imc name="CONST" value="5"/><imc name="CONST" value="72"/></imc></imc><imc name="BINOP" value="MUL"><imc name="CONST" value="7"/><imc name="CONST" value="8"/></imc></imc></imc><imc name="CONST" value="0"/></imc><imc name="MOVE"><imc name="MEM"><imc name="BINOP" value="ADD"><imc name="BINOP" value="ADD"><imc name="BINOP" value="ADD"><imc name="TEMP" value="6"/><imc name="CONST" value="-664"/></imc><imc name="BINOP" value="MUL"><imc name="CONST" value="5"/><imc name="CONST" value="72"/></imc></imc><imc name="BINOP" value="MUL"><imc name="CONST" value="8"/><imc name="CONST" value="8"/></imc></imc></imc><imc name="CONST" value="0"/></imc><imc name="MOVE"><imc name="MEM"><imc name="BINOP" value="ADD"><imc name="BINOP" value="ADD"><imc name="BINOP" value="ADD"><imc name="TEMP" value="6"/><imc name="CONST" value="-664"/></imc><imc name="BINOP" value="MUL"><imc name="CONST" value="6"/><imc name="CONST" value="72"/></imc></imc><imc name="BINOP" value="MUL"><imc name="CONST" value="0"/><imc name="CONST" value="8"/></imc></imc></imc><imc name="CONST" value="0"/></imc><imc name="MOVE"><imc name="MEM"><imc name="BINOP" value="ADD"><imc name="BINOP" value="ADD"><imc name="BINOP" value="ADD"><imc name="TEMP" value="6"/><imc name="CONST" value="-664"/></imc><imc name="BINOP" value="MUL"><imc name="CONST" value="6"/><imc name="CONST" value="72"/></imc></imc><imc name="BINOP" value="MUL"><imc name="CONST" value="1"/><imc name="CONST" value="8"/></imc></imc></imc><imc name="CONST" value="0"/></imc><imc name="MOVE"><imc name="MEM"><imc name="BINOP" value="ADD"><imc name="BINOP" value="ADD"><imc name="BINOP" value="ADD"><imc name="TEMP" value="6"/><imc name="CONST" value="-664"/></imc><imc name="BINOP" value="MUL"><imc name="CONST" value="6"/><imc name="CONST" value="72"/></imc></imc><imc name="BINOP" value="MUL"><imc name="CONST" value="2"/><imc name="CONST" value="8"/></imc></imc></imc><imc name="CONST" value="0"/></imc><imc name="MOVE"><imc name="MEM"><imc name="BINOP" value="ADD"><imc name="BINOP" value="ADD"><imc name="BINOP" value="ADD"><imc name="TEMP" value="6"/><imc name="CONST" value="-664"/></imc><imc name="BINOP" value="MUL"><imc name="CONST" value="6"/><imc name="CONST" value="72"/></imc></imc><imc name="BINOP" value="MUL"><imc name="CONST" value="3"/><imc name="CONST" value="8"/></imc></imc></imc><imc name="CONST" value="0"/></imc><imc name="MOVE"><imc name="MEM"><imc name="BINOP" value="ADD"><imc name="BINOP" value="ADD"><imc name="BINOP" value="ADD"><imc name="TEMP" value="6"/><imc name="CONST" value="-664"/></imc><imc name="BINOP" value="MUL"><imc name="CONST" value="6"/><imc name="CONST" value="72"/></imc></imc><imc name="BINOP" value="MUL"><imc name="CONST" value="4"/><imc name="CONST" value="8"/></imc></imc></imc><imc name="CONST" value="0"/></imc><imc name="MOVE"><imc name="MEM"><imc name="BINOP" value="ADD"><imc name="BINOP" value="ADD"><imc name="BINOP" value="ADD"><imc name="TEMP" value="6"/><imc name="CONST" value="-664"/></imc><imc name="BINOP" value="MUL"><imc name="CONST" value="6"/><imc name="CONST" value="72"/></imc></imc><imc name="BINOP" value="MUL"><imc name="CONST" value="5"/><imc name="CONST" value="8"/></imc></imc></imc><imc name="CONST" value="1"/></imc><imc name="MOVE"><imc name="MEM"><imc name="BINOP" value="ADD"><imc name="BINOP" value="ADD"><imc name="BINOP" value="ADD"><imc name="TEMP" value="6"/><imc name="CONST" value="-664"/></imc><imc name="BINOP" value="MUL"><imc name="CONST" value="6"/><imc name="CONST" value="72"/></imc></imc><imc name="BINOP" value="MUL"><imc name="CONST" value="6"/><imc name="CONST" value="8"/></imc></imc></imc><imc name="CONST" value="0"/></imc><imc name="MOVE"><imc name="MEM"><imc name="BINOP" value="ADD"><imc name="BINOP" value="ADD"><imc name="BINOP" value="ADD"><imc name="TEMP" value="6"/><imc name="CONST" value="-664"/></imc><imc name="BINOP" value="MUL"><imc name="CONST" value="6"/><imc name="CONST" value="72"/></imc></imc><imc name="BINOP" value="MUL"><imc name="CONST" value="7"/><imc name="CONST" value="8"/></imc></imc></imc><imc name="CONST" value="0"/></imc><imc name="MOVE"><imc name="MEM"><imc name="BINOP" value="ADD"><imc name="BINOP" value="ADD"><imc name="BINOP" value="ADD"><imc name="TEMP" value="6"/><imc name="CONST" value="-664"/></imc><imc name="BINOP" value="MUL"><imc name="CONST" value="6"/><imc name="CONST" value="72"/></imc></imc><imc name="BINOP" value="MUL"><imc name="CONST" value="8"/><imc name="CONST" value="8"/></imc></imc></imc><imc name="CONST" value="7"/></imc><imc name="MOVE"><imc name="MEM"><imc name="BINOP" value="ADD"><imc name="BINOP" value="ADD"><imc name="BINOP" value="ADD"><imc name="TEMP" value="6"/><imc name="CONST" value="-664"/></imc><imc name="BINOP" value="MUL"><imc name="CONST" value="7"/><imc name="CONST" value="72"/></imc></imc><imc name="BINOP" value="MUL"><imc name="CONST" value="0"/><imc name="CONST" value="8"/></imc></imc></imc><imc name="CONST" value="1"/></imc><imc name="MOVE"><imc name="MEM"><imc name="BINOP" value="ADD"><imc name="BINOP" value="ADD"><imc name="BINOP" value="ADD"><imc name="TEMP" value="6"/><imc name="CONST" value="-664"/></imc><imc name="BINOP" value="MUL"><imc name="CONST" value="7"/><imc name="CONST" value="72"/></imc></imc><imc name="BINOP" value="MUL"><imc name="CONST" value="1"/><imc name="CONST" value="8"/></imc></imc></imc><imc name="CONST" value="0"/></imc><imc name="MOVE"><imc name="MEM"><imc name="BINOP" value="ADD"><imc name="BINOP" value="ADD"><imc name="BINOP" value="ADD"><imc name="TEMP" value="6"/><imc name="CONST" value="-664"/></imc><imc name="BINOP" value="MUL"><imc name="CONST" value="7"/><imc name="CONST" value="72"/></imc></imc><imc name="BINOP" value="MUL"><imc name="CONST" value="2"/><imc name="CONST" value="8"/></imc></imc></imc><imc name="CONST" value="0"/></imc><imc name="MOVE"><imc name="MEM"><imc name="BINOP" value="ADD"><imc name="BINOP" value="ADD"><imc name="BINOP" value="ADD"><imc name="TEMP" value="6"/><imc name="CONST" value="-664"/></imc><imc name="BINOP" value="MUL"><imc name="CONST" value="7"/><imc name="CONST" value="72"/></imc></imc><imc name="BINOP" value="MUL"><imc name="CONST" value="3"/><imc name="CONST" value="8"/></imc></imc></imc><imc name="CONST" value="0"/></imc><imc name="MOVE"><imc name="MEM"><imc name="BINOP" value="ADD"><imc name="BINOP" value="ADD"><imc name="BINOP" value="ADD"><imc name="TEMP" value="6"/><imc name="CONST" value="-664"/></imc><imc name="BINOP" value="MUL"><imc name="CONST" value="7"/><imc name="CONST" value="72"/></imc></imc><imc name="BINOP" value="MUL"><imc name="CONST" value="4"/><imc name="CONST" value="8"/></imc></imc></imc><imc name="CONST" value="0"/></imc><imc name="MOVE"><imc name="MEM"><imc name="BINOP" value="ADD"><imc name="BINOP" value="ADD"><imc name="BINOP" value="ADD"><imc name="TEMP" value="6"/><imc name="CONST" value="-664"/></imc><imc name="BINOP" value="MUL"><imc name="CONST" value="7"/><imc name="CONST" value="72"/></imc></imc><imc name="BINOP" value="MUL"><imc name="CONST" value="5"/><imc name="CONST" value="8"/></imc></imc></imc><imc name="CONST" value="2"/></imc><imc name="MOVE"><imc name="MEM"><imc name="BINOP" value="ADD"><imc name="BINOP" value="ADD"><imc name="BINOP" value="ADD"><imc name="TEMP" value="6"/><imc name="CONST" value="-664"/></imc><imc name="BINOP" value="MUL"><imc name="CONST" value="7"/><imc name="CONST" value="72"/></imc></imc><imc name="BINOP" value="MUL"><imc name="CONST" value="6"/><imc name="CONST" value="8"/></imc></imc></imc><imc name="CONST" value="4"/></imc><imc name="MOVE"><imc name="MEM"><imc name="BINOP" value="ADD"><imc name="BINOP" value="ADD"><imc name="BINOP" value="ADD"><imc name="TEMP" value="6"/><imc name="CONST" value="-664"/></imc><imc name="BINOP" value="MUL"><imc name="CONST" value="7"/><imc name="CONST" value="72"/></imc></imc><imc name="BINOP" value="MUL"><imc name="CONST" value="7"/><imc name="CONST" value="8"/></imc></imc></imc><imc name="CONST" value="0"/></imc><imc name="MOVE"><imc name="MEM"><imc name="BINOP" value="ADD"><imc name="BINOP" value="ADD"><imc name="BINOP" value="ADD"><imc name="TEMP" value="6"/><imc name="CONST" value="-664"/></imc><imc name="BINOP" value="MUL"><imc name="CONST" value="7"/><imc name="CONST" value="72"/></imc></imc><imc name="BINOP" value="MUL"><imc name="CONST" value="8"/><imc name="CONST" value="8"/></imc></imc></imc><imc name="CONST" value="0"/></imc><imc name="MOVE"><imc name="MEM"><imc name="BINOP" value="ADD"><imc name="BINOP" value="ADD"><imc name="BINOP" value="ADD"><imc name="TEMP" value="6"/><imc name="CONST" value="-664"/></imc><imc name="BINOP" value="MUL"><imc name="CONST" value="8"/><imc name="CONST" value="72"/></imc></imc><imc name="BINOP" value="MUL"><imc name="CONST" value="0"/><imc name="CONST" value="8"/></imc></imc></imc><imc name="CONST" value="5"/></imc><imc name="MOVE"><imc name="MEM"><imc name="BINOP" value="ADD"><imc name="BINOP" value="ADD"><imc name="BINOP" value="ADD"><imc name="TEMP" value="6"/><imc name="CONST" value="-664"/></imc><imc name="BINOP" value="MUL"><imc name="CONST" value="8"/><imc name="CONST" value="72"/></imc></imc><imc name="BINOP" value="MUL"><imc name="CONST" value="1"/><imc name="CONST" value="8"/></imc></imc></imc><imc name="CONST" value="7"/></imc><imc name="MOVE"><imc name="MEM"><imc name="BINOP" value="ADD"><imc name="BINOP" value="ADD"><imc name="BINOP" value="ADD"><imc name="TEMP" value="6"/><imc name="CONST" value="-664"/></imc><imc name="BINOP" value="MUL"><imc name="CONST" value="8"/><imc name="CONST" value="72"/></imc></imc><imc name="BINOP" value="MUL"><imc name="CONST" value="2"/><imc name="CONST" value="8"/></imc></imc></imc><imc name="CONST" value="0"/></imc><imc name="MOVE"><imc name="MEM"><imc name="BINOP" value="ADD"><imc name="BINOP" value="ADD"><imc name="BINOP" value="ADD"><imc name="TEMP" value="6"/><imc name="CONST" value="-664"/></imc><imc name="BINOP" value="MUL"><imc name="CONST" value="8"/><imc name="CONST" value="72"/></imc></imc><imc name="BINOP" value="MUL"><imc name="CONST" value="3"/><imc name="CONST" value="8"/></imc></imc></imc><imc name="CONST" value="0"/></imc><imc name="MOVE"><imc name="MEM"><imc name="BINOP" value="ADD"><imc name="BINOP" value="ADD"><imc name="BINOP" value="ADD"><imc name="TEMP" value="6"/><imc name="CONST" value="-664"/></imc><imc name="BINOP" value="MUL"><imc name="CONST" value="8"/><imc name="CONST" value="72"/></imc></imc><imc name="BINOP" value="MUL"><imc name="CONST" value="4"/><imc name="CONST" value="8"/></imc></imc></imc><imc name="CONST" value="4"/></imc><imc name="MOVE"><imc name="MEM"><imc name="BINOP" value="ADD"><imc name="BINOP" value="ADD"><imc name="BINOP" value="ADD"><imc name="TEMP" value="6"/><imc name="CONST" value="-664"/></imc><imc name="BINOP" value="MUL"><imc name="CONST" value="8"/><imc name="CONST" value="72"/></imc></imc><imc name="BINOP" value="MUL"><imc name="CONST" value="5"/><imc name="CONST" value="8"/></imc></imc></imc><imc name="CONST" value="0"/></imc><imc name="MOVE"><imc name="MEM"><imc name="BINOP" value="ADD"><imc name="BINOP" value="ADD"><imc name="BINOP" value="ADD"><imc name="TEMP" value="6"/><imc name="CONST" value="-664"/></imc><imc name="BINOP" value="MUL"><imc name="CONST" value="8"/><imc name="CONST" value="72"/></imc></imc><imc name="BINOP" value="MUL"><imc name="CONST" value="6"/><imc name="CONST" value="8"/></imc></imc></imc><imc name="CONST" value="9"/></imc><imc name="MOVE"><imc name="MEM"><imc name="BINOP" value="ADD"><imc name="BINOP" value="ADD"><imc name="BINOP" value="ADD"><imc name="TEMP" value="6"/><imc name="CONST" value="-664"/></imc><imc name="BINOP" value="MUL"><imc name="CONST" value="8"/><imc name="CONST" value="72"/></imc></imc><imc name="BINOP" value="MUL"><imc name="CONST" value="7"/><imc name="CONST" value="8"/></imc></imc></imc><imc name="CONST" value="3"/></imc><imc name="MOVE"><imc name="MEM"><imc name="BINOP" value="ADD"><imc name="BINOP" value="ADD"><imc name="BINOP" value="ADD"><imc name="TEMP" value="6"/><imc name="CONST" value="-664"/></imc><imc name="BINOP" value="MUL"><imc name="CONST" value="8"/><imc name="CONST" value="72"/></imc></imc><imc name="BINOP" value="MUL"><imc name="CONST" value="8"/><imc name="CONST" value="8"/></imc></imc></imc><imc name="CONST" value="0"/></imc><imc name="MOVE"><imc name="MEM"><imc name="BINOP" value="ADD"><imc name="TEMP" value="6"/><imc name="CONST" value="-672"/></imc></imc><imc name="CALL" value="_sudoku"><imc name="CONST" value="0"/><imc name="BINOP" value="ADD"><imc name="TEMP" value="6"/><imc name="CONST" value="-664"/></imc></imc></imc><imc name="ESTMT"><imc name="CALL" value="_putInt"><imc name="CONST" value="0"/><imc name="MEM"><imc name="BINOP" value="ADD"><imc name="TEMP" value="6"/><imc name="CONST" value="-672"/></imc></imc></imc></imc><imc name="ESTMT"><imc name="CALL" value="_putChar"><imc name="CONST" value="0"/><imc name="BINOP" value="MOD"><imc name="CONST" value="10"/><imc name="CONST" value="256"/></imc></imc></imc></imc><imc name="CONST" value="0"/></imc></node><location loc="48.7--66.7"/><imc name="ESTMT"><imc name="SEXPR"><imc name="STMTS"><imc name="MOVE"><imc name="MEM"><imc name="BINOP" value="ADD"><imc name="BINOP" value="ADD"><imc name="BINOP" value="ADD"><imc name="TEMP" value="6"/><imc name="CONST" value="-664"/></imc><imc name="BINOP" value="MUL"><imc name="CONST" value="0"/><imc name="CONST" value="72"/></imc></imc><imc name="BINOP" value="MUL"><imc name="CONST" value="0"/><imc name="CONST" value="8"/></imc></imc></imc><imc name="CONST" value="0"/></imc><imc name="MOVE"><imc name="MEM"><imc name="BINOP" value="ADD"><imc name="BINOP" value="ADD"><imc name="BINOP" value="ADD"><imc name="TEMP" value="6"/><imc name="CONST" value="-664"/></imc><imc name="BINOP" value="MUL"><imc name="CONST" value="0"/><imc name="CONST" value="72"/></imc></imc><imc name="BINOP" value="MUL"><imc name="CONST" value="1"/><imc name="CONST" value="8"/></imc></imc></imc><imc name="CONST" value="0"/></imc><imc name="MOVE"><imc name="MEM"><imc name="BINOP" value="ADD"><imc name="BINOP" value="ADD"><imc name="BINOP" value="ADD"><imc name="TEMP" value="6"/><imc name="CONST" value="-664"/></imc><imc name="BINOP" value="MUL"><imc name="CONST" value="0"/><imc name="CONST" value="72"/></imc></imc><imc name="BINOP" value="MUL"><imc name="CONST" value="2"/><imc name="CONST" value="8"/></imc></imc></imc><imc name="CONST" value="3"/></imc><imc name="MOVE"><imc name="MEM"><imc name="BINOP" value="ADD"><imc name="BINOP" value="ADD"><imc name="BINOP" value="ADD"><imc name="TEMP" value="6"/><imc name="CONST" value="-664"/></imc><imc name="BINOP" value="MUL"><imc name="CONST" value="0"/><imc name="CONST" value="72"/></imc></imc><imc name="BINOP" value="MUL"><imc name="CONST" value="3"/><imc name="CONST" value="8"/></imc></imc></imc><imc name="CONST" value="0"/></imc><imc name="MOVE"><imc name="MEM"><imc name="BINOP" value="ADD"><imc name="BINOP" value="ADD"><imc name="BINOP" value="ADD"><imc name="TEMP" value="6"/><imc name="CONST" value="-664"/></imc><imc name="BINOP" value="MUL"><imc name="CONST" value="0"/><imc name="CONST" value="72"/></imc></imc><imc name="BINOP" value="MUL"><imc name="CONST" value="4"/><imc name="CONST" value="8"/></imc></imc></imc><imc name="CONST" value="0"/></imc><imc name="MOVE"><imc name="MEM"><imc name="BINOP" value="ADD"><imc name="BINOP" value="ADD"><imc name="BINOP" value="ADD"><imc name="TEMP" value="6"/><imc name="CONST" value="-664"/></imc><imc name="BINOP" value="MUL"><imc name="CONST" value="0"/><imc name="CONST" value="72"/></imc></imc><imc name="BINOP" value="MUL"><imc name="CONST" value="5"/><imc name="CONST" value="8"/></imc></imc></imc><imc name="CONST" value="0"/></imc><imc name="MOVE"><imc name="MEM"><imc name="BINOP" value="ADD"><imc name="BINOP" value="ADD"><imc name="BINOP" value="ADD"><imc name="TEMP" value="6"/><imc name="CONST" value="-664"/></imc><imc name="BINOP" value="MUL"><imc name="CONST" value="0"/><imc name="CONST" value="72"/></imc></imc><imc name="BINOP" value="MUL"><imc name="CONST" value="6"/><imc name="CONST" value="8"/></imc></imc></imc><imc name="CONST" value="0"/></imc><imc name="MOVE"><imc name="MEM"><imc name="BINOP" value="ADD"><imc name="BINOP" value="ADD"><imc name="BINOP" value="ADD"><imc name="TEMP" value="6"/><imc name="CONST" value="-664"/></imc><imc name="BINOP" value="MUL"><imc name="CONST" value="0"/><imc name="CONST" value="72"/></imc></imc><imc name="BINOP" value="MUL"><imc name="CONST" value="7"/><imc name="CONST" value="8"/></imc></imc></imc><imc name="CONST" value="9"/></imc><imc name="MOVE"><imc name="MEM"><imc name="BINOP" value="ADD"><imc name="BINOP" value="ADD"><imc name="BINOP" value="ADD"><imc name="TEMP" value="6"/><imc name="CONST" value="-664"/></imc><imc name="BINOP" value="MUL"><imc name="CONST" value="0"/><imc name="CONST" value="72"/></imc></imc><imc name="BINOP" value="MUL"><imc name="CONST" value="8"/><imc name="CONST" value="8"/></imc></imc></imc><imc name="CONST" value="0"/></imc><imc name="MOVE"><imc name="MEM"><imc name="BINOP" value="ADD"><imc name="BINOP" value="ADD"><imc name="BINOP" value="ADD"><imc name="TEMP" value="6"/><imc name="CONST" value="-664"/></imc><imc name="BINOP" value="MUL"><imc name="CONST" value="1"/><imc name="CONST" value="72"/></imc></imc><imc name="BINOP" value="MUL"><imc name="CONST" value="0"/><imc name="CONST" value="8"/></imc></imc></imc><imc name="CONST" value="9"/></imc><imc name="MOVE"><imc name="MEM"><imc name="BINOP" value="ADD"><imc name="BINOP" value="ADD"><imc name="BINOP" value="ADD"><imc name="TEMP" value="6"/><imc name="CONST" value="-664"/></imc><imc name="BINOP" value="MUL"><imc name="CONST" value="1"/><imc name="CONST" value="72"/></imc></imc><imc name="BINOP" value="MUL"><imc name="CONST" value="1"/><imc name="CONST" value="8"/></imc></imc></imc><imc name="CONST" value="0"/></imc><imc name="MOVE"><imc name="MEM"><imc name="BINOP" value="ADD"><imc name="BINOP" value="ADD"><imc name="BINOP" value="ADD"><imc name="TEMP" value="6"/><imc name="CONST" value="-664"/></imc><imc name="BINOP" value="MUL"><imc name="CONST" value="1"/><imc name="CONST" value="72"/></imc></imc><imc name="BINOP" value="MUL"><imc name="CONST" value="2"/><imc name="CONST" value="8"/></imc></imc></imc><imc name="CONST" value="0"/></imc><imc name="MOVE"><imc name="MEM"><imc name="BINOP" value="ADD"><imc name="BINOP" value="ADD"><imc name="BINOP" value="ADD"><imc name="TEMP" value="6"/><imc name="CONST" value="-664"/></imc><imc name="BINOP" value="MUL"><imc name="CONST" value="1"/><imc name="CONST" value="72"/></imc></imc><imc name="BINOP" value="MUL"><imc name="CONST" value="3"/><imc name="CONST" value="8"/></imc></imc></imc><imc name="CONST" value="0"/></imc><imc name="MOVE"><imc name="MEM"><imc name="BINOP" value="ADD"><imc name="BINOP" value="ADD"><imc name="BINOP" value="ADD"><imc name="TEMP" value="6"/><imc name="CONST" value="-664"/></imc><imc name="BINOP" value="MUL"><imc name="CONST" value="1"/><imc name="CONST" value="72"/></imc></imc><imc name="BINOP" value="MUL"><imc name="CONST" value="4"/><imc name="CONST" value="8"/></imc></imc></imc><imc name="CONST" value="8"/></imc><imc name="MOVE"><imc name="MEM"><imc name="BINOP" value="ADD"><imc name="BINOP" value="ADD"><imc name="BINOP" value="ADD"><imc name="TEMP" value="6"/><imc name="CONST" value="-664"/></imc><imc name="BINOP" value="MUL"><imc name="CONST" value="1"/><imc name="CONST" value="72"/></imc></imc><imc name="BINOP" value="MUL"><imc name="CONST" value="5"/><imc name="CONST" value="8"/></imc></imc></imc><imc name="CONST" value="4"/></imc><imc name="MOVE"><imc name="MEM"><imc name="BINOP" value="ADD"><imc name="BINOP" value="ADD"><imc name="BINOP" value="ADD"><imc name="TEMP" value="6"/><imc name="CONST" value="-664"/></imc><imc name="BINOP" value="MUL"><imc name="CONST" value="1"/><imc name="CONST" value="72"/></imc></imc><imc name="BINOP" value="MUL"><imc name="CONST" value="6"/><imc name="CONST" value="8"/></imc></imc></imc><imc name="CONST" value="0"/></imc><imc name="MOVE"><imc name="MEM"><imc name="BINOP" value="ADD"><imc name="BINOP" value="ADD"><imc name="BINOP" value="ADD"><imc name="TEMP" value="6"/><imc name="CONST" value="-664"/></imc><imc name="BINOP" value="MUL"><imc name="CONST" value="1"/><imc name="CONST" value="72"/></imc></imc><imc name="BINOP" value="MUL"><imc name="CONST" value="7"/><imc name="CONST" value="8"/></imc></imc></imc><imc name="CONST" value="0"/></imc><imc name="MOVE"><imc name="MEM"><imc name="BINOP" value="ADD"><imc name="BINOP" value="ADD"><imc name="BINOP" value="ADD"><imc name="TEMP" value="6"/><imc name="CONST" value="-664"/></imc><imc name="BINOP" value="MUL"><imc name="CONST" value="1"/><imc name="CONST" value="72"/></imc></imc><imc name="BINOP" value="MUL"><imc name="CONST" value="8"/><imc name="CONST" value="8"/></imc></imc></imc><imc name="CONST" value="6"/></imc><imc name="MOVE"><imc name="MEM"><imc name="BINOP" value="ADD"><imc name="BINOP" value="ADD"><imc name="BINOP" value="ADD"><imc name="TEMP" value="6"/><imc name="CONST" value="-664"/></imc><imc name="BINOP" value="MUL"><imc name="CONST" value="2"/><imc name="CONST" value="72"/></imc></imc><imc name="BINOP" value="MUL"><imc name="CONST" value="0"/><imc name="CONST" value="8"/></imc></imc></imc><imc name="CONST" value="8"/></imc><imc name="MOVE"><imc name="MEM"><imc name="BINOP" value="ADD"><imc name="BINOP" value="ADD"><imc name="BINOP" value="ADD"><imc name="TEMP" value="6"/><imc name="CONST" value="-664"/></imc><imc name="BINOP" value="MUL"><imc name="CONST" value="2"/><imc name="CONST" value="72"/></imc></imc><imc name="BINOP" value="MUL"><imc name="CONST" value="1"/><imc name="CONST" value="8"/></imc></imc></imc><imc name="CONST" value="2"/></imc><imc name="MOVE"><imc name="MEM"><imc name="BINOP" value="ADD"><imc name="BINOP" value="ADD"><imc name="BINOP" value="ADD"><imc name="TEMP" value="6"/><imc name="CONST" value="-664"/></imc><imc name="BINOP" value="MUL"><imc name="CONST" value="2"/><imc name="CONST" value="72"/></imc></imc><imc name="BINOP" value="MUL"><imc name="CONST" value="2"/><imc name="CONST" value="8"/></imc></imc></imc><imc name="CONST" value="0"/></imc><imc name="MOVE"><imc name="MEM"><imc name="BINOP" value="ADD"><imc name="BINOP" value="ADD"><imc name="BINOP" value="ADD"><imc name="TEMP" value="6"/><imc name="CONST" value="-664"/></imc><imc name="BINOP" value="MUL"><imc name="CONST" value="2"/><imc name="CONST" value="72"/></imc></imc><imc name="BINOP" value="MUL"><imc name="CONST" value="3"/><imc name="CONST" value="8"/></imc></imc></imc><imc name="CONST" value="0"/></imc><imc name="MOVE"><imc name="MEM"><imc name="BINOP" value="ADD"><imc name="BINOP" value="ADD"><imc name="BINOP" value="ADD"><imc name="TEMP" value="6"/><imc name="CONST" value="-664"/></imc><imc name="BINOP" value="MUL"><imc name="CONST" value="2"/><imc name="CONST" value="72"/></imc></imc><imc name="BINOP" value="MUL"><imc name="CONST" value="4"/><imc name="CONST" value="8"/></imc></imc></imc><imc name="CONST" value="9"/></imc><imc name="MOVE"><imc name="MEM"><imc name="BINOP" value="ADD"><imc name="BINOP" value="ADD"><imc name="BINOP" value="ADD"><imc name="TEMP" value="6"/><imc name="CONST" value="-664"/></imc><imc name="BINOP" value="MUL"><imc name="CONST" value="2"/><imc name="CONST" value="72"/></imc></imc><imc name="BINOP" value="MUL"><imc name="CONST" value="5"/><imc name="CONST" value="8"/></imc></imc></imc><imc name="CONST" value="0"/></imc><imc name="MOVE"><imc name="MEM"><imc name="BINOP" value="ADD"><imc name="BINOP" value="ADD"><imc name="BINOP" value="ADD"><imc name="TEMP" value="6"/><imc name="CONST" value="-664"/></imc><imc name="BINOP" value="MUL"><imc name="CONST" value="2"/><imc name="CONST" value="72"/></imc></imc><imc name="BINOP" value="MUL"><imc name="CONST" value="6"/><imc name="CONST" value="8"/></imc></imc></imc><imc name="CONST" value="0"/></imc><imc name="MOVE"><imc name="MEM"><imc name="BINOP" value="ADD"><imc name="BINOP" value="ADD"><imc name="BINOP" value="ADD"><imc name="TEMP" value="6"/><imc name="CONST" value="-664"/></imc><imc name="BINOP" value="MUL"><imc name="CONST" value="2"/><imc name="CONST" value="72"/></imc></imc><imc name="BINOP" value="MUL"><imc name="CONST" value="7"/><imc name="CONST" value="8"/></imc></imc></imc><imc name="CONST" value="0"/></imc><imc name="MOVE"><imc name="MEM"><imc name="BINOP" value="ADD"><imc name="BINOP" value="ADD"><imc name="BINOP" value="ADD"><imc name="TEMP" value="6"/><imc name="CONST" value="-664"/></imc><imc name="BINOP" value="MUL"><imc name="CONST" value="2"/><imc name="CONST" value="72"/></imc></imc><imc name="BINOP" value="MUL"><imc name="CONST" value="8"/><imc name="CONST" value="8"/></imc></imc></imc><imc name="CONST" value="0"/></imc><imc name="MOVE"><imc name="MEM"><imc name="BINOP" value="ADD"><imc name="BINOP" value="ADD"><imc name="BINOP" value="ADD"><imc name="TEMP" value="6"/><imc name="CONST" value="-664"/></imc><imc name="BINOP" value="MUL"><imc name="CONST" value="3"/><imc name="CONST" value="72"/></imc></imc><imc name="BINOP" value="MUL"><imc name="CONST" value="0"/><imc name="CONST" value="8"/></imc></imc></imc><imc name="CONST" value="0"/></imc><imc name="MOVE"><imc name="MEM"><imc name="BINOP" value="ADD"><imc name="BINOP" value="ADD"><imc name="BINOP" value="ADD"><imc name="TEMP" value="6"/><imc name="CONST" value="-664"/></imc><imc name="BINOP" value="MUL"><imc name="CONST" value="3"/><imc name="CONST" value="72"/></imc></imc><imc name="BINOP" value="MUL"><imc name="CONST" value="1"/><imc name="CONST" value="8"/></imc></imc></imc><imc name="CONST" value="1"/></imc><imc name="MOVE"><imc name="MEM"><imc name="BINOP" value="ADD"><imc name="BINOP" value="ADD"><imc name="BINOP" value="ADD"><imc name="TEMP" value="6"/><imc name="CONST" value="-664"/></imc><imc name="BINOP" value="MUL"><imc name="CONST" value="3"/><imc name="CONST" value="72"/></imc></imc><imc name="BINOP" value="MUL"><imc name="CONST" value="2"/><imc name="CONST" value="8"/></imc></imc></imc><imc name="CONST" value="4"/></imc><imc name="MOVE"><imc name="MEM"><imc name="BINOP" value="ADD"><imc name="BINOP" value="ADD"><imc name="BINOP" value="ADD"><imc name="TEMP" value="6"/><imc name="CONST" value="-664"/></imc><imc name="BINOP" value="MUL"><imc name="CONST" value="3"/><imc name="CONST" value="72"/></imc></imc><imc name="BINOP" value="MUL"><imc name="CONST" value="3"/><imc name="CONST" value="8"/></imc></imc></imc><imc name="CONST" value="8"/></imc><imc name="MOVE"><imc name="MEM"><imc name="BINOP" value="ADD"><imc name="BINOP" value="ADD"><imc name="BINOP" value="ADD"><imc name="TEMP" value="6"/><imc name="CONST" value="-664"/></imc><imc name="BINOP" value="MUL"><imc name="CONST" value="3"/><imc name="CONST" value="72"/></imc></imc><imc name="BINOP" value="MUL"><imc name="CONST" value="4"/><imc name="CONST" value="8"/></imc></imc></imc><imc name="CONST" value="0"/></imc><imc name="MOVE"><imc name="MEM"><imc name="BINOP" value="ADD"><imc name="BINOP" value="ADD"><imc name="BINOP" value="ADD"><imc name="TEMP" value="6"/><imc name="CONST" value="-664"/></imc><imc name="BINOP" value="MUL"><imc name="CONST" value="3"/><imc name="CONST" value="72"/></imc></imc><imc name="BINOP" value="MUL"><imc name="CONST" value="5"/><imc name="CONST" value="8"/></imc></imc></imc><imc name="CONST" value="0"/></imc><imc name="MOVE"><imc name="MEM"><imc name="BINOP" value="ADD"><imc name="BINOP" value="ADD"><imc name="BINOP" value="ADD"><imc name="TEMP" value="6"/><imc name="CONST" value="-664"/></imc><imc name="BINOP" value="MUL"><imc name="CONST" value="3"/><imc name="CONST" value="72"/></imc></imc><imc name="BINOP" value="MUL"><imc name="CONST" value="6"/><imc name="CONST" value="8"/></imc></imc></imc><imc name="CONST" value="0"/></imc><imc name="MOVE"><imc name="MEM"><imc name="BINOP" value="ADD"><imc name="BINOP" value="ADD"><imc name="BINOP" value="ADD"><imc name="TEMP" value="6"/><imc name="CONST" value="-664"/></imc><imc name="BINOP" value="MUL"><imc name="CONST" value="3"/><imc name="CONST" value="72"/></imc></imc><imc name="BINOP" value="MUL"><imc name="CONST" value="7"/><imc name="CONST" value="8"/></imc></imc></imc><imc name="CONST" value="5"/></imc><imc name="MOVE"><imc name="MEM"><imc name="BINOP" value="ADD"><imc name="BINOP" value="ADD"><imc name="BINOP" value="ADD"><imc name="TEMP" value="6"/><imc name="CONST" value="-664"/></imc><imc name="BINOP" value="MUL"><imc name="CONST" value="3"/><imc name="CONST" value="72"/></imc></imc><imc name="BINOP" value="MUL"><imc name="CONST" value="8"/><imc name="CONST" value="8"/></imc></imc></imc><imc name="CONST" value="0"/></imc><imc name="MOVE"><imc name="MEM"><imc name="BINOP" value="ADD"><imc name="BINOP" value="ADD"><imc name="BINOP" value="ADD"><imc name="TEMP" value="6"/><imc name="CONST" value="-664"/></imc><imc name="BINOP" value="MUL"><imc name="CONST" value="4"/><imc name="CONST" value="72"/></imc></imc><imc name="BINOP" value="MUL"><imc name="CONST" value="0"/><imc name="CONST" value="8"/></imc></imc></imc><imc name="CONST" value="3"/></imc><imc name="MOVE"><imc name="MEM"><imc name="BINOP" value="ADD"><imc name="BINOP" value="ADD"><imc name="BINOP" value="ADD"><imc name="TEMP" value="6"/><imc name="CONST" value="-664"/></imc><imc name="BINOP" value="MUL"><imc name="CONST" value="4"/><imc name="CONST" value="72"/></imc></imc><imc name="BINOP" value="MUL"><imc name="CONST" value="1"/><imc name="CONST" value="8"/></imc></imc></imc><imc name="CONST" value="0"/></imc><imc name="MOVE"><imc name="MEM"><imc name="BINOP" value="ADD"><imc name="BINOP" value="ADD"><imc name="BINOP" value="ADD"><imc name="TEMP" value="6"/><imc name="CONST" value="-664"/></imc><imc name="BINOP" value="MUL"><imc name="CONST" value="4"/><imc name="CONST" value="72"/></imc></imc><imc name="BINOP" value="MUL"><imc name="CONST" value="2"/><imc name="CONST" value="8"/></imc></imc></imc><imc name="CONST" value="0"/></imc><imc name="MOVE"><imc name="MEM"><imc name="BINOP" value="ADD"><imc name="BINOP" value="ADD"><imc name="BINOP" value="ADD"><imc name="TEMP" value="6"/><imc name="CONST" value="-664"/></imc><imc name="BINOP" value="MUL"><imc name="CONST" value="4"/><imc name="CONST" value="72"/></imc></imc><imc name="BINOP" value="MUL"><imc name="CONST" value="3"/><imc name="CONST" value="8"/></imc></imc></imc><imc name="CONST" value="0"/></imc><imc name="MOVE"><imc name="MEM"><imc name="BINOP" value="ADD"><imc name="BINOP" value="ADD"><imc name="BINOP" value="ADD"><imc name="TEMP" value="6"/><imc name="CONST" value="-664"/></imc><imc name="BINOP" value="MUL"><imc name="CONST" value="4"/><imc name="CONST" value="72"/></imc></imc><imc name="BINOP" value="MUL"><imc name="CONST" value="4"/><imc name="CONST" value="8"/></imc></imc></imc><imc name="CONST" value="0"/></imc><imc name="MOVE"><imc name="MEM"><imc name="BINOP" value="ADD"><imc name="BINOP" value="ADD"><imc name="BINOP" value="ADD"><imc name="TEMP" value="6"/><imc name="CONST" value="-664"/></imc><imc name="BINOP" value="MUL"><imc name="CONST" value="4"/><imc name="CONST" value="72"/></imc></imc><imc name="BINOP" value="MUL"><imc name="CONST" value="5"/><imc name="CONST" value="8"/></imc></imc></imc><imc name="CONST" value="0"/></imc><imc name="MOVE"><imc name="MEM"><imc name="BINOP" value="ADD"><imc name="BINOP" value="ADD"><imc name="BINOP" value="ADD"><imc name="TEMP" value="6"/><imc name="CONST" value="-664"/></imc><imc name="BINOP" value="MUL"><imc name="CONST" value="4"/><imc name="CONST" value="72"/></imc></imc><imc name="BINOP" value="MUL"><imc name="CONST" value="6"/><imc name="CONST" value="8"/></imc></imc></imc><imc name="CONST" value="6"/></imc><imc name="MOVE"><imc name="MEM"><imc name="BINOP" value="ADD"><imc name="BINOP" value="ADD"><imc name="BINOP" value="ADD"><imc name="TEMP" value="6"/><imc name="CONST" value="-664"/></imc><imc name="BINOP" value="MUL"><imc name="CONST" value="4"/><imc name="CONST" value="72"/></imc></imc><imc name="BINOP" value="MUL"><imc name="CONST" value="7"/><imc name="CONST" value="8"/></imc></imc></imc><imc name="CONST" value="7"/></imc><imc name="MOVE"><imc name="MEM"><imc name="BINOP" value="ADD"><imc name="BINOP" value="ADD"><imc name="BINOP" value="ADD"><imc name="TEMP" value="6"/><imc name="CONST" value="-664"/></imc><imc name="BINOP" value="MUL"><imc name="CONST" value="4"/><imc name="CONST" value="72"/></imc></imc><imc name="BINOP" value="MUL"><imc name="CONST" value="8"/><imc name="CONST" value="8"/></imc></imc></imc><imc name="CONST" value="0"/></imc><imc name="MOVE"><imc name="MEM"><imc name="BINOP" value="ADD"><imc name="BINOP" value="ADD"><imc name="BINOP" value="ADD"><imc name="TEMP" value="6"/><imc name="CONST" value="-664"/></imc><imc name="BINOP" value="MUL"><imc name="CONST" value="5"/><imc name="CONST" value="72"/></imc></imc><imc name="BINOP" value="MUL"><imc name="CONST" value="0"/><imc name="CONST" value="8"/></imc></imc></imc><imc name="CONST" value="0"/></imc><imc name="MOVE"><imc name="MEM"><imc name="BINOP" value="ADD"><imc name="BINOP" value="ADD"><imc name="BINOP" value="ADD"><imc name="TEMP" value="6"/><imc name="CONST" value="-664"/></imc><imc name="BINOP" value="MUL"><imc name="CONST" value="5"/><imc name="CONST" value="72"/></imc></imc><imc name="BINOP" value="MUL"><imc name="CONST" value="1"/><imc name="CONST" value="8"/></imc></imc></imc><imc name="CONST" value="0"/></imc><imc name="MOVE"><imc name="MEM"><imc name="BINOP" value="ADD"><imc name="BINOP" value="ADD"><imc name="BINOP" value="ADD"><imc name="TEMP" value="6"/><imc name="CONST" value="-664"/></imc><imc name="BINOP" value="MUL"><imc name="CONST" value="5"/><imc name="CONST" value="72"/></imc></imc><imc name="BINOP" value="MUL"><imc name="CONST" value="2"/><imc name="CONST" value="8"/></imc></imc></imc><imc name="CONST" value="0"/></imc><imc name="MOVE"><imc name="MEM"><imc name="BINOP" value="ADD"><imc name="BINOP" value="ADD"><imc name="BINOP" value="ADD"><imc name="TEMP" value="6"/><imc name="CONST" value="-664"/></imc><imc name="BINOP" value="MUL"><imc name="CONST" value="5"/><imc name="CONST" value="72"/></imc></imc><imc name="BINOP" value="MUL"><imc name="CONST" value="3"/><imc name="CONST" value="8"/></imc></imc></imc><imc name="CONST" value="0"/></imc><imc name="MOVE"><imc name="MEM"><imc name="BINOP" value="ADD"><imc name="BINOP" value="ADD"><imc name="BINOP" value="ADD"><imc name="TEMP" value="6"/><imc name="CONST" value="-664"/></imc><imc name="BINOP" value="MUL"><imc name="CONST" value="5"/><imc name="CONST" value="72"/></imc></imc><imc name="BINOP" value="MUL"><imc name="CONST" value="4"/><imc name="CONST" value="8"/></imc></imc></imc><imc name="CONST" value="0"/></imc><imc name="MOVE"><imc name="MEM"><imc name="BINOP" value="ADD"><imc name="BINOP" value="ADD"><imc name="BINOP" value="ADD"><imc name="TEMP" value="6"/><imc name="CONST" value="-664"/></imc><imc name="BINOP" value="MUL"><imc name="CONST" value="5"/><imc name="CONST" value="72"/></imc></imc><imc name="BINOP" value="MUL"><imc name="CONST" value="5"/><imc name="CONST" value="8"/></imc></imc></imc><imc name="CONST" value="9"/></imc><imc name="MOVE"><imc name="MEM"><imc name="BINOP" value="ADD"><imc name="BINOP" value="ADD"><imc name="BINOP" value="ADD"><imc name="TEMP" value="6"/><imc name="CONST" value="-664"/></imc><imc name="BINOP" value="MUL"><imc name="CONST" value="5"/><imc name="CONST" value="72"/></imc></imc><imc name="BINOP" value="MUL"><imc name="CONST" value="6"/><imc name="CONST" value="8"/></imc></imc></imc><imc name="CONST" value="0"/></imc><imc name="MOVE"><imc name="MEM"><imc name="BINOP" value="ADD"><imc name="BINOP" value="ADD"><imc name="BINOP" value="ADD"><imc name="TEMP" value="6"/><imc name="CONST" value="-664"/></imc><imc name="BINOP" value="MUL"><imc name="CONST" value="5"/><imc name="CONST" value="72"/></imc></imc><imc name="BINOP" value="MUL"><imc name="CONST" value="7"/><imc name="CONST" value="8"/></imc></imc></imc><imc name="CONST" value="0"/></imc><imc name="MOVE"><imc name="MEM"><imc name="BINOP" value="ADD"><imc name="BINOP" value="ADD"><imc name="BINOP" value="ADD"><imc name="TEMP" value="6"/><imc name="CONST" value="-664"/></imc><imc name="BINOP" value="MUL"><imc name="CONST" value="5"/><imc name="CONST" value="72"/></imc></imc><imc name="BINOP" value="MUL"><imc name="CONST" value="8"/><imc name="CONST" value="8"/></imc></imc></imc><imc name="CONST" value="0"/></imc><imc name="MOVE"><imc name="MEM"><imc name="BINOP" value="ADD"><imc name="BINOP" value="ADD"><imc name="BINOP" value="ADD"><imc name="TEMP" value="6"/><imc name="CONST" value="-664"/></imc><imc name="BINOP" value="MUL"><imc name="CONST" value="6"/><imc name="CONST" value="72"/></imc></imc><imc name="BINOP" value="MUL"><imc name="CONST" value="0"/><imc name="CONST" value="8"/></imc></imc></imc><imc name="CONST" value="0"/></imc><imc name="MOVE"><imc name="MEM"><imc name="BINOP" value="ADD"><imc name="BINOP" value="ADD"><imc name="BINOP" value="ADD"><imc name="TEMP" value="6"/><imc name="CONST" value="-664"/></imc><imc name="BINOP" value="MUL"><imc name="CONST" value="6"/><imc name="CONST" value="72"/></imc></imc><imc name="BINOP" value="MUL"><imc name="CONST" value="1"/><imc name="CONST" value="8"/></imc></imc></imc><imc name="CONST" value="0"/></imc><imc name="MOVE"><imc name="MEM"><imc name="BINOP" value="ADD"><imc name="BINOP" value="ADD"><imc name="BINOP" value="ADD"><imc name="TEMP" value="6"/><imc name="CONST" value="-664"/></imc><imc name="BINOP" value="MUL"><imc name="CONST" value="6"/><imc name="CONST" value="72"/></imc></imc><imc name="BINOP" value="MUL"><imc name="CONST" value="2"/><imc name="CONST" value="8"/></imc></imc></imc><imc name="CONST" value="0"/></imc><imc name="MOVE"><imc name="MEM"><imc name="BINOP" value="ADD"><imc name="BINOP" value="ADD"><imc name="BINOP" value="ADD"><imc name="TEMP" value="6"/><imc name="CONST" value="-664"/></imc><imc name="BINOP" value="MUL"><imc name="CONST" value="6"/><imc name="CONST" value="72"/></imc></imc><imc name="BINOP" value="MUL"><imc name="CONST" value="3"/><imc name="CONST" value="8"/></imc></imc></imc><imc name="CONST" value="0"/></imc><imc name="MOVE"><imc name="MEM"><imc name="BINOP" value="ADD"><imc name="BINOP" value="ADD"><imc name="BINOP" value="ADD"><imc name="TEMP" value="6"/><imc name="CONST" value="-664"/></imc><imc name="BINOP" value="MUL"><imc name="CONST" value="6"/><imc name="CONST" value="72"/></imc></imc><imc name="BINOP" value="MUL"><imc name="CONST" value="4"/><imc name="CONST" value="8"/></imc></imc></imc><imc name="CONST" value="0"/></imc><imc name="MOVE"><imc name="MEM"><imc name="BINOP" value="ADD"><imc name="BINOP" value="ADD"><imc name="BINOP" value="ADD"><imc name="TEMP" value="6"/><imc name="CONST" value="-664"/></imc><imc name="BINOP" value="MUL"><imc name="CONST" value="6"/><imc name="CONST" value="72"/></imc></imc><imc name="BINOP" value="MUL"><imc name="CONST" value="5"/><imc name="CONST" value="8"/></imc></imc></imc><imc name="CONST" value="1"/></imc><imc name="MOVE"><imc name="MEM"><imc name="BINOP" value="ADD"><imc name="BINOP" value="ADD"><imc name="BINOP" value="ADD"><imc name="TEMP" value="6"/><imc name="CONST" value="-664"/></imc><imc name="BINOP" value="MUL"><imc name="CONST" value="6"/><imc name="CONST" value="72"/></imc></imc><imc name="BINOP" value="MUL"><imc name="CONST" value="6"/><imc name="CONST" value="8"/></imc></imc></imc><imc name="CONST" value="0"/></imc><imc name="MOVE"><imc name="MEM"><imc name="BINOP" value="ADD"><imc name="BINOP" value="ADD"><imc name="BINOP" value="ADD"><imc name="TEMP" value="6"/><imc name="CONST" value="-664"/></imc><imc name="BINOP" value="MUL"><imc name="CONST" value="6"/><imc name="CONST" value="72"/></imc></imc><imc name="BINOP" value="MUL"><imc name="CONST" value="7"/><imc name="CONST" value="8"/></imc></imc></imc><imc name="CONST" value="0"/></imc><imc name="MOVE"><imc name="MEM"><imc name="BINOP" value="ADD"><imc name="BINOP" value="ADD"><imc name="BINOP" value="ADD"><imc name="TEMP" value="6"/><imc name="CONST" value="-664"/></imc><imc name="BINOP" value="MUL"><imc name="CONST" value="6"/><imc name="CONST" value="72"/></imc></imc><imc name="BINOP" value="MUL"><imc name="CONST" value="8"/><imc name="CONST" value="8"/></imc></imc></imc><imc name="CONST" value="7"/></imc><imc name="MOVE"><imc name="MEM"><imc name="BINOP" value="ADD"><imc name="BINOP" value="ADD"><imc name="BINOP" value="ADD"><imc name="TEMP" value="6"/><imc name="CONST" value="-664"/></imc><imc name="BINOP" value="MUL"><imc name="CONST" value="7"/><imc name="CONST" value="72"/></imc></imc><imc name="BINOP" value="MUL"><imc name="CONST" value="0"/><imc name="CONST" value="8"/></imc></imc></imc><imc name="CONST" value="1"/></imc><imc name="MOVE"><imc name="MEM"><imc name="BINOP" value="ADD"><imc name="BINOP" value="ADD"><imc name="BINOP" value="ADD"><imc name="TEMP" value="6"/><imc name="CONST" value="-664"/></imc><imc name="BINOP" value="MUL"><imc name="CONST" value="7"/><imc name="CONST" value="72"/></imc></imc><imc name="BINOP" value="MUL"><imc name="CONST" value="1"/><imc name="CONST" value="8"/></imc></imc></imc><imc name="CONST" value="0"/></imc><imc name="MOVE"><imc name="MEM"><imc name="BINOP" value="ADD"><imc name="BINOP" value="ADD"><imc name="BINOP" value="ADD"><imc name="TEMP" value="6"/><imc name="CONST" value="-664"/></imc><imc name="BINOP" value="MUL"><imc name="CONST" value="7"/><imc name="CONST" value="72"/></imc></imc><imc name="BINOP" value="MUL"><imc name="CONST" value="2"/><imc name="CONST" value="8"/></imc></imc></imc><imc name="CONST" value="0"/></imc><imc name="MOVE"><imc name="MEM"><imc name="BINOP" value="ADD"><imc name="BINOP" value="ADD"><imc name="BINOP" value="ADD"><imc name="TEMP" value="6"/><imc name="CONST" value="-664"/></imc><imc name="BINOP" value="MUL"><imc name="CONST" value="7"/><imc name="CONST" value="72"/></imc></imc><imc name="BINOP" value="MUL"><imc name="CONST" value="3"/><imc name="CONST" value="8"/></imc></imc></imc><imc name="CONST" value="0"/></imc><imc name="MOVE"><imc name="MEM"><imc name="BINOP" value="ADD"><imc name="BINOP" value="ADD"><imc name="BINOP" value="ADD"><imc name="TEMP" value="6"/><imc name="CONST" value="-664"/></imc><imc name="BINOP" value="MUL"><imc name="CONST" value="7"/><imc name="CONST" value="72"/></imc></imc><imc name="BINOP" value="MUL"><imc name="CONST" value="4"/><imc name="CONST" value="8"/></imc></imc></imc><imc name="CONST" value="0"/></imc><imc name="MOVE"><imc name="MEM"><imc name="BINOP" value="ADD"><imc name="BINOP" value="ADD"><imc name="BINOP" value="ADD"><imc name="TEMP" value="6"/><imc name="CONST" value="-664"/></imc><imc name="BINOP" value="MUL"><imc name="CONST" value="7"/><imc name="CONST" value="72"/></imc></imc><imc name="BINOP" value="MUL"><imc name="CONST" value="5"/><imc name="CONST" value="8"/></imc></imc></imc><imc name="CONST" value="2"/></imc><imc name="MOVE"><imc name="MEM"><imc name="BINOP" value="ADD"><imc name="BINOP" value="ADD"><imc name="BINOP" value="ADD"><imc name="TEMP" value="6"/><imc name="CONST" value="-664"/></imc><imc name="BINOP" value="MUL"><imc name="CONST" value="7"/><imc name="CONST" value="72"/></imc></imc><imc name="BINOP" value="MUL"><imc name="CONST" value="6"/><imc name="CONST" value="8"/></imc></imc></imc><imc name="CONST" value="4"/></imc><imc name="MOVE"><imc name="MEM"><imc name="BINOP" value="ADD"><imc name="BINOP" value="ADD"><imc name="BINOP" value="ADD"><imc name="TEMP" value="6"/><imc name="CONST" value="-664"/></imc><imc name="BINOP" value="MUL"><imc name="CONST" value="7"/><imc name="CONST" value="72"/></imc></imc><imc name="BINOP" value="MUL"><imc name="CONST" value="7"/><imc name="CONST" value="8"/></imc></imc></imc><imc name="CONST" value="0"/></imc><imc name="MOVE"><imc name="MEM"><imc name="BINOP" value="ADD"><imc name="BINOP" value="ADD"><imc name="BINOP" value="ADD"><imc name="TEMP" value="6"/><imc name="CONST" value="-664"/></imc><imc name="BINOP" value="MUL"><imc name="CONST" value="7"/><imc name="CONST" value="72"/></imc></imc><imc name="BINOP" value="MUL"><imc name="CONST" value="8"/><imc name="CONST" value="8"/></imc></imc></imc><imc name="CONST" value="0"/></imc><imc name="MOVE"><imc name="MEM"><imc name="BINOP" value="ADD"><imc name="BINOP" value="ADD"><imc name="BINOP" value="ADD"><imc name="TEMP" value="6"/><imc name="CONST" value="-664"/></imc><imc name="BINOP" value="MUL"><imc name="CONST" value="8"/><imc name="CONST" value="72"/></imc></imc><imc name="BINOP" value="MUL"><imc name="CONST" value="0"/><imc name="CONST" value="8"/></imc></imc></imc><imc name="CONST" value="5"/></imc><imc name="MOVE"><imc name="MEM"><imc name="BINOP" value="ADD"><imc name="BINOP" value="ADD"><imc name="BINOP" value="ADD"><imc name="TEMP" value="6"/><imc name="CONST" value="-664"/></imc><imc name="BINOP" value="MUL"><imc name="CONST" value="8"/><imc name="CONST" value="72"/></imc></imc><imc name="BINOP" value="MUL"><imc name="CONST" value="1"/><imc name="CONST" value="8"/></imc></imc></imc><imc name="CONST" value="7"/></imc><imc name="MOVE"><imc name="MEM"><imc name="BINOP" value="ADD"><imc name="BINOP" value="ADD"><imc name="BINOP" value="ADD"><imc name="TEMP" value="6"/><imc name="CONST" value="-664"/></imc><imc name="BINOP" value="MUL"><imc name="CONST" value="8"/><imc name="CONST" value="72"/></imc></imc><imc name="BINOP" value="MUL"><imc name="CONST" value="2"/><imc name="CONST" value="8"/></imc></imc></imc><imc name="CONST" value="0"/></imc><imc name="MOVE"><imc name="MEM"><imc name="BINOP" value="ADD"><imc name="BINOP" value="ADD"><imc name="BINOP" value="ADD"><imc name="TEMP" value="6"/><imc name="CONST" value="-664"/></imc><imc name="BINOP" value="MUL"><imc name="CONST" value="8"/><imc name="CONST" value="72"/></imc></imc><imc name="BINOP" value="MUL"><imc name="CONST" value="3"/><imc name="CONST" value="8"/></imc></imc></imc><imc name="CONST" value="0"/></imc><imc name="MOVE"><imc name="MEM"><imc name="BINOP" value="ADD"><imc name="BINOP" value="ADD"><imc name="BINOP" value="ADD"><imc name="TEMP" value="6"/><imc name="CONST" value="-664"/></imc><imc name="BINOP" value="MUL"><imc name="CONST" value="8"/><imc name="CONST" value="72"/></imc></imc><imc name="BINOP" value="MUL"><imc name="CONST" value="4"/><imc name="CONST" value="8"/></imc></imc></imc><imc name="CONST" value="4"/></imc><imc name="MOVE"><imc name="MEM"><imc name="BINOP" value="ADD"><imc name="BINOP" value="ADD"><imc name="BINOP" value="ADD"><imc name="TEMP" value="6"/><imc name="CONST" value="-664"/></imc><imc name="BINOP" value="MUL"><imc name="CONST" value="8"/><imc name="CONST" value="72"/></imc></imc><imc name="BINOP" value="MUL"><imc name="CONST" value="5"/><imc name="CONST" value="8"/></imc></imc></imc><imc name="CONST" value="0"/></imc><imc name="MOVE"><imc name="MEM"><imc name="BINOP" value="ADD"><imc name="BINOP" value="ADD"><imc name="BINOP" value="ADD"><imc name="TEMP" value="6"/><imc name="CONST" value="-664"/></imc><imc name="BINOP" value="MUL"><imc name="CONST" value="8"/><imc name="CONST" value="72"/></imc></imc><imc name="BINOP" value="MUL"><imc name="CONST" value="6"/><imc name="CONST" value="8"/></imc></imc></imc><imc name="CONST" value="9"/></imc><imc name="MOVE"><imc name="MEM"><imc name="BINOP" value="ADD"><imc name="BINOP" value="ADD"><imc name="BINOP" value="ADD"><imc name="TEMP" value="6"/><imc name="CONST" value="-664"/></imc><imc name="BINOP" value="MUL"><imc name="CONST" value="8"/><imc name="CONST" value="72"/></imc></imc><imc name="BINOP" value="MUL"><imc name="CONST" value="7"/><imc name="CONST" value="8"/></imc></imc></imc><imc name="CONST" value="3"/></imc><imc name="MOVE"><imc name="MEM"><imc name="BINOP" value="ADD"><imc name="BINOP" value="ADD"><imc name="BINOP" value="ADD"><imc name="TEMP" value="6"/><imc name="CONST" value="-664"/></imc><imc name="BINOP" value="MUL"><imc name="CONST" value="8"/><imc name="CONST" value="72"/></imc></imc><imc name="BINOP" value="MUL"><imc name="CONST" value="8"/><imc name="CONST" value="8"/></imc></imc></imc><imc name="CONST" value="0"/></imc><imc name="MOVE"><imc name="MEM"><imc name="BINOP" value="ADD"><imc name="TEMP" value="6"/><imc name="CONST" value="-672"/></imc></imc><imc name="CALL" value="_sudoku"><imc name="CONST" value="0"/><imc name="BINOP" value="ADD"><imc name="TEMP" value="6"/><imc name="CONST" value="-664"/></imc></imc></imc><imc name="ESTMT"><imc name="CALL" value="_putInt"><imc name="CONST" value="0"/><imc name="MEM"><imc name="BINOP" value="ADD"><imc name="TEMP" value="6"/><imc name="CONST" value="-672"/></imc></imc></imc></imc><imc name="ESTMT"><imc name="CALL" value="_putChar"><imc name="CONST" value="0"/><imc name="BINOP" value="MOD"><imc name="CONST" value="10"/><imc name="CONST" value="256"/></imc></imc></imc></imc><imc name="CONST" value="0"/></imc></imc></node><location loc="7.7--66.7"/></node><node label="AtomExpr" lexeme="0" spec="INT"><location loc="68.9--68.9"/><type label="INT"/><imc name="CONST" value="0"/></node><location loc="7.7--70.27"/><type label="INT"/><imc name="SEXPR"><imc name="STMTS"><imc name="ESTMT"><imc name="CALL" value="_putString"><imc name="CONST" value="0"/><imc name="NAME" value="L5"/></imc></imc><imc name="ESTMT"><imc name="CALL" value="_putChar"><imc name="CONST" value="0"/><imc name="BINOP" value="MOD"><imc name="CONST" value="10"/><imc name="CONST" value="256"/></imc></imc></imc><imc name="MOVE"><imc name="MEM"><imc name="BINOP" value="ADD"><imc name="TEMP" value="6"/><imc name="CONST" value="-8"/></imc></imc><imc name="CONST" value="1"/></imc><imc name="STMTS"><imc name="LABEL" value="L7"/><imc name="CJUMP" value="L8:L9"><imc name="BINOP" value="LEQ"><imc name="MEM"><imc name="BINOP" value="ADD"><imc name="TEMP" value="6"/><imc name="CONST" value="-8"/></imc></imc><imc name="CONST" value="10"/></imc></imc><imc name="LABEL" value="L8"/><imc name="STMTS"><imc name="ESTMT"><imc name="CALL" value="_putInt"><imc name="CONST" value="0"/><imc name="MEM"><imc name="BINOP" value="ADD"><imc name="TEMP" value="6"/><imc name="CONST" value="-8"/></imc></imc></imc></imc><imc name="ESTMT"><imc name="CALL" value="_putString"><imc name="CONST" value="0"/><imc name="NAME" value="L6"/></imc></imc><imc name="ESTMT"><imc name="CALL" value="_putInt"><imc name="CONST" value="0"/><imc name="CALL" value="_facItr"><imc name="CONST" value="0"/><imc name="MEM"><imc name="BINOP" value="ADD"><imc name="TEMP" value="6"/><imc name="CONST" value="-8"/></imc></imc></imc></imc></imc><imc name="ESTMT"><imc name="CALL" value="_putChar"><imc name="CONST" value="0"/><imc name="BINOP" value="MOD"><imc name="CONST" value="10"/><imc name="CONST" value="256"/></imc></imc></imc><imc name="MOVE"><imc name="MEM"><imc name="BINOP" value="ADD"><imc name="TEMP" value="6"/><imc name="CONST" value="-8"/></imc></imc><imc name="BINOP" value="ADD"><imc name="MEM"><imc name="BINOP" value="ADD"><imc name="TEMP" value="6"/><imc name="CONST" value="-8"/></imc></imc><imc name="CONST" value="1"/></imc></imc></imc><imc name="JUMP" value="L7"/><imc name="LABEL" value="L9"/></imc><imc name="ESTMT"><imc name="CALL" value="_putString"><imc name="CONST" value="0"/><imc name="NAME" value="L10"/></imc></imc><imc name="ESTMT"><imc name="CALL" value="_putChar"><imc name="CONST" value="0"/><imc name="BINOP" value="MOD"><imc name="CONST" value="10"/><imc name="CONST" value="256"/></imc></imc></imc><imc name="MOVE"><imc name="MEM"><imc name="BINOP" value="ADD"><imc name="TEMP" value="6"/><imc name="CONST" value="-8"/></imc></imc><imc name="CONST" value="1"/></imc><imc name="STMTS"><imc name="LABEL" value="L12"/><imc name="CJUMP" value="L13:L14"><imc name="BINOP" value="LEQ"><imc name="MEM"><imc name="BINOP" value="ADD"><imc name="TEMP" value="6"/><imc name="CONST" value="-8"/></imc></imc><imc name="CONST" value="10"/></imc></imc><imc name="LABEL" value="L13"/><imc name="STMTS"><imc name="ESTMT"><imc name="CALL" value="_putInt"><imc name="CONST" value="0"/><imc name="MEM"><imc name="BINOP" value="ADD"><imc name="TEMP" value="6"/><imc name="CONST" value="-8"/></imc></imc></imc></imc><imc name="ESTMT"><imc name="CALL" value="_putString"><imc name="CONST" value="0"/><imc name="NAME" value="L11"/></imc></imc><imc name="ESTMT"><imc name="CALL" value="_putInt"><imc name="CONST" value="0"/><imc name="CALL" value="_facRec"><imc name="CONST" value="0"/><imc name="MEM"><imc name="BINOP" value="ADD"><imc name="TEMP" value="6"/><imc name="CONST" value="-8"/></imc></imc></imc></imc></imc><imc name="ESTMT"><imc name="CALL" value="_putChar"><imc name="CONST" value="0"/><imc name="BINOP" value="MOD"><imc name="CONST" value="10"/><imc name="CONST" value="256"/></imc></imc></imc><imc name="MOVE"><imc name="MEM"><imc name="BINOP" value="ADD"><imc name="TEMP" value="6"/><imc name="CONST" value="-8"/></imc></imc><imc name="BINOP" value="ADD"><imc name="MEM"><imc name="BINOP" value="ADD"><imc name="TEMP" value="6"/><imc name="CONST" value="-8"/></imc></imc><imc name="CONST" value="1"/></imc></imc></imc><imc name="JUMP" value="L12"/><imc name="LABEL" value="L14"/></imc><imc name="ESTMT"><imc name="CALL" value="_putString"><imc name="CONST" value="0"/><imc name="NAME" value="L15"/></imc></imc><imc name="ESTMT"><imc name="CALL" value="_putChar"><imc name="CONST" value="0"/><imc name="BINOP" value="MOD"><imc name="CONST" value="10"/><imc name="CONST" value="256"/></imc></imc></imc><imc name="MOVE"><imc name="MEM"><imc name="BINOP" value="ADD"><imc name="TEMP" value="6"/><imc name="CONST" value="-8"/></imc></imc><imc name="CONST" value="1"/></imc><imc name="STMTS"><imc name="LABEL" value="L17"/><imc name="CJUMP" value="L18:L19"><imc name="BINOP" value="LEQ"><imc name="MEM"><imc name="BINOP" value="ADD"><imc name="TEMP" value="6"/><imc name="CONST" value="-8"/></imc></imc><imc name="CONST" value="10"/></imc></imc><imc name="LABEL" value="L18"/><imc name="STMTS"><imc name="ESTMT"><imc name="CALL" value="_putInt"><imc name="CONST" value="0"/><imc name="MEM"><imc name="BINOP" value="ADD"><imc name="TEMP" value="6"/><imc name="CONST" value="-8"/></imc></imc></imc></imc><imc name="ESTMT"><imc name="CALL" value="_putString"><imc name="CONST" value="0"/><imc name="NAME" value="L16"/></imc></imc><imc name="ESTMT"><imc name="CALL" value="_putInt"><imc name="CONST" value="0"/><imc name="CALL" value="_fibItr"><imc name="CONST" value="0"/><imc name="MEM"><imc name="BINOP" value="ADD"><imc name="TEMP" value="6"/><imc name="CONST" value="-8"/></imc></imc></imc></imc></imc><imc name="ESTMT"><imc name="CALL" value="_putChar"><imc name="CONST" value="0"/><imc name="BINOP" value="MOD"><imc name="CONST" value="10"/><imc name="CONST" value="256"/></imc></imc></imc><imc name="MOVE"><imc name="MEM"><imc name="BINOP" value="ADD"><imc name="TEMP" value="6"/><imc name="CONST" value="-8"/></imc></imc><imc name="BINOP" value="ADD"><imc name="MEM"><imc name="BINOP" value="ADD"><imc name="TEMP" value="6"/><imc name="CONST" value="-8"/></imc></imc><imc name="CONST" value="1"/></imc></imc></imc><imc name="JUMP" value="L17"/><imc name="LABEL" value="L19"/></imc><imc name="ESTMT"><imc name="CALL" value="_putString"><imc name="CONST" value="0"/><imc name="NAME" value="L20"/></imc></imc><imc name="ESTMT"><imc name="CALL" value="_putChar"><imc name="CONST" value="0"/><imc name="BINOP" value="MOD"><imc name="CONST" value="10"/><imc name="CONST" value="256"/></imc></imc></imc><imc name="MOVE"><imc name="MEM"><imc name="BINOP" value="ADD"><imc name="TEMP" value="6"/><imc name="CONST" value="-8"/></imc></imc><imc name="CONST" value="1"/></imc><imc name="STMTS"><imc name="LABEL" value="L22"/><imc name="CJUMP" value="L23:L24"><imc name="BINOP" value="LEQ"><imc name="MEM"><imc name="BINOP" value="ADD"><imc name="TEMP" value="6"/><imc name="CONST" value="-8"/></imc></imc><imc name="CONST" value="10"/></imc></imc><imc name="LABEL" value="L23"/><imc name="STMTS"><imc name="ESTMT"><imc name="CALL" value="_putInt"><imc name="CONST" value="0"/><imc name="MEM"><imc name="BINOP" value="ADD"><imc name="TEMP" value="6"/><imc name="CONST" value="-8"/></imc></imc></imc></imc><imc name="ESTMT"><imc name="CALL" value="_putString"><imc name="CONST" value="0"/><imc name="NAME" value="L21"/></imc></imc><imc name="ESTMT"><imc name="CALL" value="_putInt"><imc name="CONST" value="0"/><imc name="CALL" value="_fibRec"><imc name="CONST" value="0"/><imc name="MEM"><imc name="BINOP" value="ADD"><imc name="TEMP" value="6"/><imc name="CONST" value="-8"/></imc></imc></imc></imc></imc><imc name="ESTMT"><imc name="CALL" value="_putChar"><imc name="CONST" value="0"/><imc name="BINOP" value="MOD"><imc name="CONST" value="10"/><imc name="CONST" value="256"/></imc></imc></imc><imc name="MOVE"><imc name="MEM"><imc name="BINOP" value="ADD"><imc name="TEMP" value="6"/><imc name="CONST" value="-8"/></imc></imc><imc name="BINOP" value="ADD"><imc name="MEM"><imc name="BINOP" value="ADD"><imc name="TEMP" value="6"/><imc name="CONST" value="-8"/></imc></imc><imc name="CONST" value="1"/></imc></imc></imc><imc name="JUMP" value="L22"/><imc name="LABEL" value="L24"/></imc><imc name="ESTMT"><imc name="CALL" value="_putString"><imc name="CONST" value="0"/><imc name="NAME" value="L25"/></imc></imc><imc name="ESTMT"><imc name="CALL" value="_putChar"><imc name="CONST" value="0"/><imc name="BINOP" value="MOD"><imc name="CONST" value="10"/><imc name="CONST" value="256"/></imc></imc></imc><imc name="ESTMT"><imc name="CALL" value="_combs"><imc name="CONST" value="0"/><imc name="CONST" value="4"/><imc name="CONST" value="3"/></imc></imc><imc name="ESTMT"><imc name="CALL" value="_putString"><imc name="CONST" value="0"/><imc name="NAME" value="L26"/></imc></imc><imc name="ESTMT"><imc name="CALL" value="_putChar"><imc name="CONST" value="0"/><imc name="BINOP" value="MOD"><imc name="CONST" value="10"/><imc name="CONST" value="256"/></imc></imc></imc><imc name="ESTMT"><imc name="SEXPR"><imc name="STMTS"><imc name="MOVE"><imc name="MEM"><imc name="BINOP" value="ADD"><imc name="BINOP" value="ADD"><imc name="BINOP" value="ADD"><imc name="TEMP" value="6"/><imc name="CONST" value="-664"/></imc><imc name="BINOP" value="MUL"><imc name="CONST" value="0"/><imc name="CONST" value="72"/></imc></imc><imc name="BINOP" value="MUL"><imc name="CONST" value="0"/><imc name="CONST" value="8"/></imc></imc></imc><imc name="CONST" value="0"/></imc><imc name="MOVE"><imc name="MEM"><imc name="BINOP" value="ADD"><imc name="BINOP" value="ADD"><imc name="BINOP" value="ADD"><imc name="TEMP" value="6"/><imc name="CONST" value="-664"/></imc><imc name="BINOP" value="MUL"><imc name="CONST" value="0"/><imc name="CONST" value="72"/></imc></imc><imc name="BINOP" value="MUL"><imc name="CONST" value="1"/><imc name="CONST" value="8"/></imc></imc></imc><imc name="CONST" value="0"/></imc><imc name="MOVE"><imc name="MEM"><imc name="BINOP" value="ADD"><imc name="BINOP" value="ADD"><imc name="BINOP" value="ADD"><imc name="TEMP" value="6"/><imc name="CONST" value="-664"/></imc><imc name="BINOP" value="MUL"><imc name="CONST" value="0"/><imc name="CONST" value="72"/></imc></imc><imc name="BINOP" value="MUL"><imc name="CONST" value="2"/><imc name="CONST" value="8"/></imc></imc></imc><imc name="CONST" value="3"/></imc><imc name="MOVE"><imc name="MEM"><imc name="BINOP" value="ADD"><imc name="BINOP" value="ADD"><imc name="BINOP" value="ADD"><imc name="TEMP" value="6"/><imc name="CONST" value="-664"/></imc><imc name="BINOP" value="MUL"><imc name="CONST" value="0"/><imc name="CONST" value="72"/></imc></imc><imc name="BINOP" value="MUL"><imc name="CONST" value="3"/><imc name="CONST" value="8"/></imc></imc></imc><imc name="CONST" value="0"/></imc><imc name="MOVE"><imc name="MEM"><imc name="BINOP" value="ADD"><imc name="BINOP" value="ADD"><imc name="BINOP" value="ADD"><imc name="TEMP" value="6"/><imc name="CONST" value="-664"/></imc><imc name="BINOP" value="MUL"><imc name="CONST" value="0"/><imc name="CONST" value="72"/></imc></imc><imc name="BINOP" value="MUL"><imc name="CONST" value="4"/><imc name="CONST" value="8"/></imc></imc></imc><imc name="CONST" value="0"/></imc><imc name="MOVE"><imc name="MEM"><imc name="BINOP" value="ADD"><imc name="BINOP" value="ADD"><imc name="BINOP" value="ADD"><imc name="TEMP" value="6"/><imc name="CONST" value="-664"/></imc><imc name="BINOP" value="MUL"><imc name="CONST" value="0"/><imc name="CONST" value="72"/></imc></imc><imc name="BINOP" value="MUL"><imc name="CONST" value="5"/><imc name="CONST" value="8"/></imc></imc></imc><imc name="CONST" value="0"/></imc><imc name="MOVE"><imc name="MEM"><imc name="BINOP" value="ADD"><imc name="BINOP" value="ADD"><imc name="BINOP" value="ADD"><imc name="TEMP" value="6"/><imc name="CONST" value="-664"/></imc><imc name="BINOP" value="MUL"><imc name="CONST" value="0"/><imc name="CONST" value="72"/></imc></imc><imc name="BINOP" value="MUL"><imc name="CONST" value="6"/><imc name="CONST" value="8"/></imc></imc></imc><imc name="CONST" value="0"/></imc><imc name="MOVE"><imc name="MEM"><imc name="BINOP" value="ADD"><imc name="BINOP" value="ADD"><imc name="BINOP" value="ADD"><imc name="TEMP" value="6"/><imc name="CONST" value="-664"/></imc><imc name="BINOP" value="MUL"><imc name="CONST" value="0"/><imc name="CONST" value="72"/></imc></imc><imc name="BINOP" value="MUL"><imc name="CONST" value="7"/><imc name="CONST" value="8"/></imc></imc></imc><imc name="CONST" value="9"/></imc><imc name="MOVE"><imc name="MEM"><imc name="BINOP" value="ADD"><imc name="BINOP" value="ADD"><imc name="BINOP" value="ADD"><imc name="TEMP" value="6"/><imc name="CONST" value="-664"/></imc><imc name="BINOP" value="MUL"><imc name="CONST" value="0"/><imc name="CONST" value="72"/></imc></imc><imc name="BINOP" value="MUL"><imc name="CONST" value="8"/><imc name="CONST" value="8"/></imc></imc></imc><imc name="CONST" value="0"/></imc><imc name="MOVE"><imc name="MEM"><imc name="BINOP" value="ADD"><imc name="BINOP" value="ADD"><imc name="BINOP" value="ADD"><imc name="TEMP" value="6"/><imc name="CONST" value="-664"/></imc><imc name="BINOP" value="MUL"><imc name="CONST" value="1"/><imc name="CONST" value="72"/></imc></imc><imc name="BINOP" value="MUL"><imc name="CONST" value="0"/><imc name="CONST" value="8"/></imc></imc></imc><imc name="CONST" value="9"/></imc><imc name="MOVE"><imc name="MEM"><imc name="BINOP" value="ADD"><imc name="BINOP" value="ADD"><imc name="BINOP" value="ADD"><imc name="TEMP" value="6"/><imc name="CONST" value="-664"/></imc><imc name="BINOP" value="MUL"><imc name="CONST" value="1"/><imc name="CONST" value="72"/></imc></imc><imc name="BINOP" value="MUL"><imc name="CONST" value="1"/><imc name="CONST" value="8"/></imc></imc></imc><imc name="CONST" value="0"/></imc><imc name="MOVE"><imc name="MEM"><imc name="BINOP" value="ADD"><imc name="BINOP" value="ADD"><imc name="BINOP" value="ADD"><imc name="TEMP" value="6"/><imc name="CONST" value="-664"/></imc><imc name="BINOP" value="MUL"><imc name="CONST" value="1"/><imc name="CONST" value="72"/></imc></imc><imc name="BINOP" value="MUL"><imc name="CONST" value="2"/><imc name="CONST" value="8"/></imc></imc></imc><imc name="CONST" value="0"/></imc><imc name="MOVE"><imc name="MEM"><imc name="BINOP" value="ADD"><imc name="BINOP" value="ADD"><imc name="BINOP" value="ADD"><imc name="TEMP" value="6"/><imc name="CONST" value="-664"/></imc><imc name="BINOP" value="MUL"><imc name="CONST" value="1"/><imc name="CONST" value="72"/></imc></imc><imc name="BINOP" value="MUL"><imc name="CONST" value="3"/><imc name="CONST" value="8"/></imc></imc></imc><imc name="CONST" value="0"/></imc><imc name="MOVE"><imc name="MEM"><imc name="BINOP" value="ADD"><imc name="BINOP" value="ADD"><imc name="BINOP" value="ADD"><imc name="TEMP" value="6"/><imc name="CONST" value="-664"/></imc><imc name="BINOP" value="MUL"><imc name="CONST" value="1"/><imc name="CONST" value="72"/></imc></imc><imc name="BINOP" value="MUL"><imc name="CONST" value="4"/><imc name="CONST" value="8"/></imc></imc></imc><imc name="CONST" value="8"/></imc><imc name="MOVE"><imc name="MEM"><imc name="BINOP" value="ADD"><imc name="BINOP" value="ADD"><imc name="BINOP" value="ADD"><imc name="TEMP" value="6"/><imc name="CONST" value="-664"/></imc><imc name="BINOP" value="MUL"><imc name="CONST" value="1"/><imc name="CONST" value="72"/></imc></imc><imc name="BINOP" value="MUL"><imc name="CONST" value="5"/><imc name="CONST" value="8"/></imc></imc></imc><imc name="CONST" value="4"/></imc><imc name="MOVE"><imc name="MEM"><imc name="BINOP" value="ADD"><imc name="BINOP" value="ADD"><imc name="BINOP" value="ADD"><imc name="TEMP" value="6"/><imc name="CONST" value="-664"/></imc><imc name="BINOP" value="MUL"><imc name="CONST" value="1"/><imc name="CONST" value="72"/></imc></imc><imc name="BINOP" value="MUL"><imc name="CONST" value="6"/><imc name="CONST" value="8"/></imc></imc></imc><imc name="CONST" value="0"/></imc><imc name="MOVE"><imc name="MEM"><imc name="BINOP" value="ADD"><imc name="BINOP" value="ADD"><imc name="BINOP" value="ADD"><imc name="TEMP" value="6"/><imc name="CONST" value="-664"/></imc><imc name="BINOP" value="MUL"><imc name="CONST" value="1"/><imc name="CONST" value="72"/></imc></imc><imc name="BINOP" value="MUL"><imc name="CONST" value="7"/><imc name="CONST" value="8"/></imc></imc></imc><imc name="CONST" value="0"/></imc><imc name="MOVE"><imc name="MEM"><imc name="BINOP" value="ADD"><imc name="BINOP" value="ADD"><imc name="BINOP" value="ADD"><imc name="TEMP" value="6"/><imc name="CONST" value="-664"/></imc><imc name="BINOP" value="MUL"><imc name="CONST" value="1"/><imc name="CONST" value="72"/></imc></imc><imc name="BINOP" value="MUL"><imc name="CONST" value="8"/><imc name="CONST" value="8"/></imc></imc></imc><imc name="CONST" value="6"/></imc><imc name="MOVE"><imc name="MEM"><imc name="BINOP" value="ADD"><imc name="BINOP" value="ADD"><imc name="BINOP" value="ADD"><imc name="TEMP" value="6"/><imc name="CONST" value="-664"/></imc><imc name="BINOP" value="MUL"><imc name="CONST" value="2"/><imc name="CONST" value="72"/></imc></imc><imc name="BINOP" value="MUL"><imc name="CONST" value="0"/><imc name="CONST" value="8"/></imc></imc></imc><imc name="CONST" value="8"/></imc><imc name="MOVE"><imc name="MEM"><imc name="BINOP" value="ADD"><imc name="BINOP" value="ADD"><imc name="BINOP" value="ADD"><imc name="TEMP" value="6"/><imc name="CONST" value="-664"/></imc><imc name="BINOP" value="MUL"><imc name="CONST" value="2"/><imc name="CONST" value="72"/></imc></imc><imc name="BINOP" value="MUL"><imc name="CONST" value="1"/><imc name="CONST" value="8"/></imc></imc></imc><imc name="CONST" value="2"/></imc><imc name="MOVE"><imc name="MEM"><imc name="BINOP" value="ADD"><imc name="BINOP" value="ADD"><imc name="BINOP" value="ADD"><imc name="TEMP" value="6"/><imc name="CONST" value="-664"/></imc><imc name="BINOP" value="MUL"><imc name="CONST" value="2"/><imc name="CONST" value="72"/></imc></imc><imc name="BINOP" value="MUL"><imc name="CONST" value="2"/><imc name="CONST" value="8"/></imc></imc></imc><imc name="CONST" value="0"/></imc><imc name="MOVE"><imc name="MEM"><imc name="BINOP" value="ADD"><imc name="BINOP" value="ADD"><imc name="BINOP" value="ADD"><imc name="TEMP" value="6"/><imc name="CONST" value="-664"/></imc><imc name="BINOP" value="MUL"><imc name="CONST" value="2"/><imc name="CONST" value="72"/></imc></imc><imc name="BINOP" value="MUL"><imc name="CONST" value="3"/><imc name="CONST" value="8"/></imc></imc></imc><imc name="CONST" value="0"/></imc><imc name="MOVE"><imc name="MEM"><imc name="BINOP" value="ADD"><imc name="BINOP" value="ADD"><imc name="BINOP" value="ADD"><imc name="TEMP" value="6"/><imc name="CONST" value="-664"/></imc><imc name="BINOP" value="MUL"><imc name="CONST" value="2"/><imc name="CONST" value="72"/></imc></imc><imc name="BINOP" value="MUL"><imc name="CONST" value="4"/><imc name="CONST" value="8"/></imc></imc></imc><imc name="CONST" value="9"/></imc><imc name="MOVE"><imc name="MEM"><imc name="BINOP" value="ADD"><imc name="BINOP" value="ADD"><imc name="BINOP" value="ADD"><imc name="TEMP" value="6"/><imc name="CONST" value="-664"/></imc><imc name="BINOP" value="MUL"><imc name="CONST" value="2"/><imc name="CONST" value="72"/></imc></imc><imc name="BINOP" value="MUL"><imc name="CONST" value="5"/><imc name="CONST" value="8"/></imc></imc></imc><imc name="CONST" value="0"/></imc><imc name="MOVE"><imc name="MEM"><imc name="BINOP" value="ADD"><imc name="BINOP" value="ADD"><imc name="BINOP" value="ADD"><imc name="TEMP" value="6"/><imc name="CONST" value="-664"/></imc><imc name="BINOP" value="MUL"><imc name="CONST" value="2"/><imc name="CONST" value="72"/></imc></imc><imc name="BINOP" value="MUL"><imc name="CONST" value="6"/><imc name="CONST" value="8"/></imc></imc></imc><imc name="CONST" value="0"/></imc><imc name="MOVE"><imc name="MEM"><imc name="BINOP" value="ADD"><imc name="BINOP" value="ADD"><imc name="BINOP" value="ADD"><imc name="TEMP" value="6"/><imc name="CONST" value="-664"/></imc><imc name="BINOP" value="MUL"><imc name="CONST" value="2"/><imc name="CONST" value="72"/></imc></imc><imc name="BINOP" value="MUL"><imc name="CONST" value="7"/><imc name="CONST" value="8"/></imc></imc></imc><imc name="CONST" value="0"/></imc><imc name="MOVE"><imc name="MEM"><imc name="BINOP" value="ADD"><imc name="BINOP" value="ADD"><imc name="BINOP" value="ADD"><imc name="TEMP" value="6"/><imc name="CONST" value="-664"/></imc><imc name="BINOP" value="MUL"><imc name="CONST" value="2"/><imc name="CONST" value="72"/></imc></imc><imc name="BINOP" value="MUL"><imc name="CONST" value="8"/><imc name="CONST" value="8"/></imc></imc></imc><imc name="CONST" value="0"/></imc><imc name="MOVE"><imc name="MEM"><imc name="BINOP" value="ADD"><imc name="BINOP" value="ADD"><imc name="BINOP" value="ADD"><imc name="TEMP" value="6"/><imc name="CONST" value="-664"/></imc><imc name="BINOP" value="MUL"><imc name="CONST" value="3"/><imc name="CONST" value="72"/></imc></imc><imc name="BINOP" value="MUL"><imc name="CONST" value="0"/><imc name="CONST" value="8"/></imc></imc></imc><imc name="CONST" value="0"/></imc><imc name="MOVE"><imc name="MEM"><imc name="BINOP" value="ADD"><imc name="BINOP" value="ADD"><imc name="BINOP" value="ADD"><imc name="TEMP" value="6"/><imc name="CONST" value="-664"/></imc><imc name="BINOP" value="MUL"><imc name="CONST" value="3"/><imc name="CONST" value="72"/></imc></imc><imc name="BINOP" value="MUL"><imc name="CONST" value="1"/><imc name="CONST" value="8"/></imc></imc></imc><imc name="CONST" value="1"/></imc><imc name="MOVE"><imc name="MEM"><imc name="BINOP" value="ADD"><imc name="BINOP" value="ADD"><imc name="BINOP" value="ADD"><imc name="TEMP" value="6"/><imc name="CONST" value="-664"/></imc><imc name="BINOP" value="MUL"><imc name="CONST" value="3"/><imc name="CONST" value="72"/></imc></imc><imc name="BINOP" value="MUL"><imc name="CONST" value="2"/><imc name="CONST" value="8"/></imc></imc></imc><imc name="CONST" value="4"/></imc><imc name="MOVE"><imc name="MEM"><imc name="BINOP" value="ADD"><imc name="BINOP" value="ADD"><imc name="BINOP" value="ADD"><imc name="TEMP" value="6"/><imc name="CONST" value="-664"/></imc><imc name="BINOP" value="MUL"><imc name="CONST" value="3"/><imc name="CONST" value="72"/></imc></imc><imc name="BINOP" value="MUL"><imc name="CONST" value="3"/><imc name="CONST" value="8"/></imc></imc></imc><imc name="CONST" value="8"/></imc><imc name="MOVE"><imc name="MEM"><imc name="BINOP" value="ADD"><imc name="BINOP" value="ADD"><imc name="BINOP" value="ADD"><imc name="TEMP" value="6"/><imc name="CONST" value="-664"/></imc><imc name="BINOP" value="MUL"><imc name="CONST" value="3"/><imc name="CONST" value="72"/></imc></imc><imc name="BINOP" value="MUL"><imc name="CONST" value="4"/><imc name="CONST" value="8"/></imc></imc></imc><imc name="CONST" value="0"/></imc><imc name="MOVE"><imc name="MEM"><imc name="BINOP" value="ADD"><imc name="BINOP" value="ADD"><imc name="BINOP" value="ADD"><imc name="TEMP" value="6"/><imc name="CONST" value="-664"/></imc><imc name="BINOP" value="MUL"><imc name="CONST" value="3"/><imc name="CONST" value="72"/></imc></imc><imc name="BINOP" value="MUL"><imc name="CONST" value="5"/><imc name="CONST" value="8"/></imc></imc></imc><imc name="CONST" value="0"/></imc><imc name="MOVE"><imc name="MEM"><imc name="BINOP" value="ADD"><imc name="BINOP" value="ADD"><imc name="BINOP" value="ADD"><imc name="TEMP" value="6"/><imc name="CONST" value="-664"/></imc><imc name="BINOP" value="MUL"><imc name="CONST" value="3"/><imc name="CONST" value="72"/></imc></imc><imc name="BINOP" value="MUL"><imc name="CONST" value="6"/><imc name="CONST" value="8"/></imc></imc></imc><imc name="CONST" value="0"/></imc><imc name="MOVE"><imc name="MEM"><imc name="BINOP" value="ADD"><imc name="BINOP" value="ADD"><imc name="BINOP" value="ADD"><imc name="TEMP" value="6"/><imc name="CONST" value="-664"/></imc><imc name="BINOP" value="MUL"><imc name="CONST" value="3"/><imc name="CONST" value="72"/></imc></imc><imc name="BINOP" value="MUL"><imc name="CONST" value="7"/><imc name="CONST" value="8"/></imc></imc></imc><imc name="CONST" value="5"/></imc><imc name="MOVE"><imc name="MEM"><imc name="BINOP" value="ADD"><imc name="BINOP" value="ADD"><imc name="BINOP" value="ADD"><imc name="TEMP" value="6"/><imc name="CONST" value="-664"/></imc><imc name="BINOP" value="MUL"><imc name="CONST" value="3"/><imc name="CONST" value="72"/></imc></imc><imc name="BINOP" value="MUL"><imc name="CONST" value="8"/><imc name="CONST" value="8"/></imc></imc></imc><imc name="CONST" value="0"/></imc><imc name="MOVE"><imc name="MEM"><imc name="BINOP" value="ADD"><imc name="BINOP" value="ADD"><imc name="BINOP" value="ADD"><imc name="TEMP" value="6"/><imc name="CONST" value="-664"/></imc><imc name="BINOP" value="MUL"><imc name="CONST" value="4"/><imc name="CONST" value="72"/></imc></imc><imc name="BINOP" value="MUL"><imc name="CONST" value="0"/><imc name="CONST" value="8"/></imc></imc></imc><imc name="CONST" value="3"/></imc><imc name="MOVE"><imc name="MEM"><imc name="BINOP" value="ADD"><imc name="BINOP" value="ADD"><imc name="BINOP" value="ADD"><imc name="TEMP" value="6"/><imc name="CONST" value="-664"/></imc><imc name="BINOP" value="MUL"><imc name="CONST" value="4"/><imc name="CONST" value="72"/></imc></imc><imc name="BINOP" value="MUL"><imc name="CONST" value="1"/><imc name="CONST" value="8"/></imc></imc></imc><imc name="CONST" value="0"/></imc><imc name="MOVE"><imc name="MEM"><imc name="BINOP" value="ADD"><imc name="BINOP" value="ADD"><imc name="BINOP" value="ADD"><imc name="TEMP" value="6"/><imc name="CONST" value="-664"/></imc><imc name="BINOP" value="MUL"><imc name="CONST" value="4"/><imc name="CONST" value="72"/></imc></imc><imc name="BINOP" value="MUL"><imc name="CONST" value="2"/><imc name="CONST" value="8"/></imc></imc></imc><imc name="CONST" value="0"/></imc><imc name="MOVE"><imc name="MEM"><imc name="BINOP" value="ADD"><imc name="BINOP" value="ADD"><imc name="BINOP" value="ADD"><imc name="TEMP" value="6"/><imc name="CONST" value="-664"/></imc><imc name="BINOP" value="MUL"><imc name="CONST" value="4"/><imc name="CONST" value="72"/></imc></imc><imc name="BINOP" value="MUL"><imc name="CONST" value="3"/><imc name="CONST" value="8"/></imc></imc></imc><imc name="CONST" value="0"/></imc><imc name="MOVE"><imc name="MEM"><imc name="BINOP" value="ADD"><imc name="BINOP" value="ADD"><imc name="BINOP" value="ADD"><imc name="TEMP" value="6"/><imc name="CONST" value="-664"/></imc><imc name="BINOP" value="MUL"><imc name="CONST" value="4"/><imc name="CONST" value="72"/></imc></imc><imc name="BINOP" value="MUL"><imc name="CONST" value="4"/><imc name="CONST" value="8"/></imc></imc></imc><imc name="CONST" value="0"/></imc><imc name="MOVE"><imc name="MEM"><imc name="BINOP" value="ADD"><imc name="BINOP" value="ADD"><imc name="BINOP" value="ADD"><imc name="TEMP" value="6"/><imc name="CONST" value="-664"/></imc><imc name="BINOP" value="MUL"><imc name="CONST" value="4"/><imc name="CONST" value="72"/></imc></imc><imc name="BINOP" value="MUL"><imc name="CONST" value="5"/><imc name="CONST" value="8"/></imc></imc></imc><imc name="CONST" value="0"/></imc><imc name="MOVE"><imc name="MEM"><imc name="BINOP" value="ADD"><imc name="BINOP" value="ADD"><imc name="BINOP" value="ADD"><imc name="TEMP" value="6"/><imc name="CONST" value="-664"/></imc><imc name="BINOP" value="MUL"><imc name="CONST" value="4"/><imc name="CONST" value="72"/></imc></imc><imc name="BINOP" value="MUL"><imc name="CONST" value="6"/><imc name="CONST" value="8"/></imc></imc></imc><imc name="CONST" value="6"/></imc><imc name="MOVE"><imc name="MEM"><imc name="BINOP" value="ADD"><imc name="BINOP" value="ADD"><imc name="BINOP" value="ADD"><imc name="TEMP" value="6"/><imc name="CONST" value="-664"/></imc><imc name="BINOP" value="MUL"><imc name="CONST" value="4"/><imc name="CONST" value="72"/></imc></imc><imc name="BINOP" value="MUL"><imc name="CONST" value="7"/><imc name="CONST" value="8"/></imc></imc></imc><imc name="CONST" value="7"/></imc><imc name="MOVE"><imc name="MEM"><imc name="BINOP" value="ADD"><imc name="BINOP" value="ADD"><imc name="BINOP" value="ADD"><imc name="TEMP" value="6"/><imc name="CONST" value="-664"/></imc><imc name="BINOP" value="MUL"><imc name="CONST" value="4"/><imc name="CONST" value="72"/></imc></imc><imc name="BINOP" value="MUL"><imc name="CONST" value="8"/><imc name="CONST" value="8"/></imc></imc></imc><imc name="CONST" value="0"/></imc><imc name="MOVE"><imc name="MEM"><imc name="BINOP" value="ADD"><imc name="BINOP" value="ADD"><imc name="BINOP" value="ADD"><imc name="TEMP" value="6"/><imc name="CONST" value="-664"/></imc><imc name="BINOP" value="MUL"><imc name="CONST" value="5"/><imc name="CONST" value="72"/></imc></imc><imc name="BINOP" value="MUL"><imc name="CONST" value="0"/><imc name="CONST" value="8"/></imc></imc></imc><imc name="CONST" value="0"/></imc><imc name="MOVE"><imc name="MEM"><imc name="BINOP" value="ADD"><imc name="BINOP" value="ADD"><imc name="BINOP" value="ADD"><imc name="TEMP" value="6"/><imc name="CONST" value="-664"/></imc><imc name="BINOP" value="MUL"><imc name="CONST" value="5"/><imc name="CONST" value="72"/></imc></imc><imc name="BINOP" value="MUL"><imc name="CONST" value="1"/><imc name="CONST" value="8"/></imc></imc></imc><imc name="CONST" value="0"/></imc><imc name="MOVE"><imc name="MEM"><imc name="BINOP" value="ADD"><imc name="BINOP" value="ADD"><imc name="BINOP" value="ADD"><imc name="TEMP" value="6"/><imc name="CONST" value="-664"/></imc><imc name="BINOP" value="MUL"><imc name="CONST" value="5"/><imc name="CONST" value="72"/></imc></imc><imc name="BINOP" value="MUL"><imc name="CONST" value="2"/><imc name="CONST" value="8"/></imc></imc></imc><imc name="CONST" value="0"/></imc><imc name="MOVE"><imc name="MEM"><imc name="BINOP" value="ADD"><imc name="BINOP" value="ADD"><imc name="BINOP" value="ADD"><imc name="TEMP" value="6"/><imc name="CONST" value="-664"/></imc><imc name="BINOP" value="MUL"><imc name="CONST" value="5"/><imc name="CONST" value="72"/></imc></imc><imc name="BINOP" value="MUL"><imc name="CONST" value="3"/><imc name="CONST" value="8"/></imc></imc></imc><imc name="CONST" value="0"/></imc><imc name="MOVE"><imc name="MEM"><imc name="BINOP" value="ADD"><imc name="BINOP" value="ADD"><imc name="BINOP" value="ADD"><imc name="TEMP" value="6"/><imc name="CONST" value="-664"/></imc><imc name="BINOP" value="MUL"><imc name="CONST" value="5"/><imc name="CONST" value="72"/></imc></imc><imc name="BINOP" value="MUL"><imc name="CONST" value="4"/><imc name="CONST" value="8"/></imc></imc></imc><imc name="CONST" value="0"/></imc><imc name="MOVE"><imc name="MEM"><imc name="BINOP" value="ADD"><imc name="BINOP" value="ADD"><imc name="BINOP" value="ADD"><imc name="TEMP" value="6"/><imc name="CONST" value="-664"/></imc><imc name="BINOP" value="MUL"><imc name="CONST" value="5"/><imc name="CONST" value="72"/></imc></imc><imc name="BINOP" value="MUL"><imc name="CONST" value="5"/><imc name="CONST" value="8"/></imc></imc></imc><imc name="CONST" value="9"/></imc><imc name="MOVE"><imc name="MEM"><imc name="BINOP" value="ADD"><imc name="BINOP" value="ADD"><imc name="BINOP" value="ADD"><imc name="TEMP" value="6"/><imc name="CONST" value="-664"/></imc><imc name="BINOP" value="MUL"><imc name="CONST" value="5"/><imc name="CONST" value="72"/></imc></imc><imc name="BINOP" value="MUL"><imc name="CONST" value="6"/><imc name="CONST" value="8"/></imc></imc></imc><imc name="CONST" value="0"/></imc><imc name="MOVE"><imc name="MEM"><imc name="BINOP" value="ADD"><imc name="BINOP" value="ADD"><imc name="BINOP" value="ADD"><imc name="TEMP" value="6"/><imc name="CONST" value="-664"/></imc><imc name="BINOP" value="MUL"><imc name="CONST" value="5"/><imc name="CONST" value="72"/></imc></imc><imc name="BINOP" value="MUL"><imc name="CONST" value="7"/><imc name="CONST" value="8"/></imc></imc></imc><imc name="CONST" value="0"/></imc><imc name="MOVE"><imc name="MEM"><imc name="BINOP" value="ADD"><imc name="BINOP" value="ADD"><imc name="BINOP" value="ADD"><imc name="TEMP" value="6"/><imc name="CONST" value="-664"/></imc><imc name="BINOP" value="MUL"><imc name="CONST" value="5"/><imc name="CONST" value="72"/></imc></imc><imc name="BINOP" value="MUL"><imc name="CONST" value="8"/><imc name="CONST" value="8"/></imc></imc></imc><imc name="CONST" value="0"/></imc><imc name="MOVE"><imc name="MEM"><imc name="BINOP" value="ADD"><imc name="BINOP" value="ADD"><imc name="BINOP" value="ADD"><imc name="TEMP" value="6"/><imc name="CONST" value="-664"/></imc><imc name="BINOP" value="MUL"><imc name="CONST" value="6"/><imc name="CONST" value="72"/></imc></imc><imc name="BINOP" value="MUL"><imc name="CONST" value="0"/><imc name="CONST" value="8"/></imc></imc></imc><imc name="CONST" value="0"/></imc><imc name="MOVE"><imc name="MEM"><imc name="BINOP" value="ADD"><imc name="BINOP" value="ADD"><imc name="BINOP" value="ADD"><imc name="TEMP" value="6"/><imc name="CONST" value="-664"/></imc><imc name="BINOP" value="MUL"><imc name="CONST" value="6"/><imc name="CONST" value="72"/></imc></imc><imc name="BINOP" value="MUL"><imc name="CONST" value="1"/><imc name="CONST" value="8"/></imc></imc></imc><imc name="CONST" value="0"/></imc><imc name="MOVE"><imc name="MEM"><imc name="BINOP" value="ADD"><imc name="BINOP" value="ADD"><imc name="BINOP" value="ADD"><imc name="TEMP" value="6"/><imc name="CONST" value="-664"/></imc><imc name="BINOP" value="MUL"><imc name="CONST" value="6"/><imc name="CONST" value="72"/></imc></imc><imc name="BINOP" value="MUL"><imc name="CONST" value="2"/><imc name="CONST" value="8"/></imc></imc></imc><imc name="CONST" value="0"/></imc><imc name="MOVE"><imc name="MEM"><imc name="BINOP" value="ADD"><imc name="BINOP" value="ADD"><imc name="BINOP" value="ADD"><imc name="TEMP" value="6"/><imc name="CONST" value="-664"/></imc><imc name="BINOP" value="MUL"><imc name="CONST" value="6"/><imc name="CONST" value="72"/></imc></imc><imc name="BINOP" value="MUL"><imc name="CONST" value="3"/><imc name="CONST" value="8"/></imc></imc></imc><imc name="CONST" value="0"/></imc><imc name="MOVE"><imc name="MEM"><imc name="BINOP" value="ADD"><imc name="BINOP" value="ADD"><imc name="BINOP" value="ADD"><imc name="TEMP" value="6"/><imc name="CONST" value="-664"/></imc><imc name="BINOP" value="MUL"><imc name="CONST" value="6"/><imc name="CONST" value="72"/></imc></imc><imc name="BINOP" value="MUL"><imc name="CONST" value="4"/><imc name="CONST" value="8"/></imc></imc></imc><imc name="CONST" value="0"/></imc><imc name="MOVE"><imc name="MEM"><imc name="BINOP" value="ADD"><imc name="BINOP" value="ADD"><imc name="BINOP" value="ADD"><imc name="TEMP" value="6"/><imc name="CONST" value="-664"/></imc><imc name="BINOP" value="MUL"><imc name="CONST" value="6"/><imc name="CONST" value="72"/></imc></imc><imc name="BINOP" value="MUL"><imc name="CONST" value="5"/><imc name="CONST" value="8"/></imc></imc></imc><imc name="CONST" value="1"/></imc><imc name="MOVE"><imc name="MEM"><imc name="BINOP" value="ADD"><imc name="BINOP" value="ADD"><imc name="BINOP" value="ADD"><imc name="TEMP" value="6"/><imc name="CONST" value="-664"/></imc><imc name="BINOP" value="MUL"><imc name="CONST" value="6"/><imc name="CONST" value="72"/></imc></imc><imc name="BINOP" value="MUL"><imc name="CONST" value="6"/><imc name="CONST" value="8"/></imc></imc></imc><imc name="CONST" value="0"/></imc><imc name="MOVE"><imc name="MEM"><imc name="BINOP" value="ADD"><imc name="BINOP" value="ADD"><imc name="BINOP" value="ADD"><imc name="TEMP" value="6"/><imc name="CONST" value="-664"/></imc><imc name="BINOP" value="MUL"><imc name="CONST" value="6"/><imc name="CONST" value="72"/></imc></imc><imc name="BINOP" value="MUL"><imc name="CONST" value="7"/><imc name="CONST" value="8"/></imc></imc></imc><imc name="CONST" value="0"/></imc><imc name="MOVE"><imc name="MEM"><imc name="BINOP" value="ADD"><imc name="BINOP" value="ADD"><imc name="BINOP" value="ADD"><imc name="TEMP" value="6"/><imc name="CONST" value="-664"/></imc><imc name="BINOP" value="MUL"><imc name="CONST" value="6"/><imc name="CONST" value="72"/></imc></imc><imc name="BINOP" value="MUL"><imc name="CONST" value="8"/><imc name="CONST" value="8"/></imc></imc></imc><imc name="CONST" value="7"/></imc><imc name="MOVE"><imc name="MEM"><imc name="BINOP" value="ADD"><imc name="BINOP" value="ADD"><imc name="BINOP" value="ADD"><imc name="TEMP" value="6"/><imc name="CONST" value="-664"/></imc><imc name="BINOP" value="MUL"><imc name="CONST" value="7"/><imc name="CONST" value="72"/></imc></imc><imc name="BINOP" value="MUL"><imc name="CONST" value="0"/><imc name="CONST" value="8"/></imc></imc></imc><imc name="CONST" value="1"/></imc><imc name="MOVE"><imc name="MEM"><imc name="BINOP" value="ADD"><imc name="BINOP" value="ADD"><imc name="BINOP" value="ADD"><imc name="TEMP" value="6"/><imc name="CONST" value="-664"/></imc><imc name="BINOP" value="MUL"><imc name="CONST" value="7"/><imc name="CONST" value="72"/></imc></imc><imc name="BINOP" value="MUL"><imc name="CONST" value="1"/><imc name="CONST" value="8"/></imc></imc></imc><imc name="CONST" value="0"/></imc><imc name="MOVE"><imc name="MEM"><imc name="BINOP" value="ADD"><imc name="BINOP" value="ADD"><imc name="BINOP" value="ADD"><imc name="TEMP" value="6"/><imc name="CONST" value="-664"/></imc><imc name="BINOP" value="MUL"><imc name="CONST" value="7"/><imc name="CONST" value="72"/></imc></imc><imc name="BINOP" value="MUL"><imc name="CONST" value="2"/><imc name="CONST" value="8"/></imc></imc></imc><imc name="CONST" value="0"/></imc><imc name="MOVE"><imc name="MEM"><imc name="BINOP" value="ADD"><imc name="BINOP" value="ADD"><imc name="BINOP" value="ADD"><imc name="TEMP" value="6"/><imc name="CONST" value="-664"/></imc><imc name="BINOP" value="MUL"><imc name="CONST" value="7"/><imc name="CONST" value="72"/></imc></imc><imc name="BINOP" value="MUL"><imc name="CONST" value="3"/><imc name="CONST" value="8"/></imc></imc></imc><imc name="CONST" value="0"/></imc><imc name="MOVE"><imc name="MEM"><imc name="BINOP" value="ADD"><imc name="BINOP" value="ADD"><imc name="BINOP" value="ADD"><imc name="TEMP" value="6"/><imc name="CONST" value="-664"/></imc><imc name="BINOP" value="MUL"><imc name="CONST" value="7"/><imc name="CONST" value="72"/></imc></imc><imc name="BINOP" value="MUL"><imc name="CONST" value="4"/><imc name="CONST" value="8"/></imc></imc></imc><imc name="CONST" value="0"/></imc><imc name="MOVE"><imc name="MEM"><imc name="BINOP" value="ADD"><imc name="BINOP" value="ADD"><imc name="BINOP" value="ADD"><imc name="TEMP" value="6"/><imc name="CONST" value="-664"/></imc><imc name="BINOP" value="MUL"><imc name="CONST" value="7"/><imc name="CONST" value="72"/></imc></imc><imc name="BINOP" value="MUL"><imc name="CONST" value="5"/><imc name="CONST" value="8"/></imc></imc></imc><imc name="CONST" value="2"/></imc><imc name="MOVE"><imc name="MEM"><imc name="BINOP" value="ADD"><imc name="BINOP" value="ADD"><imc name="BINOP" value="ADD"><imc name="TEMP" value="6"/><imc name="CONST" value="-664"/></imc><imc name="BINOP" value="MUL"><imc name="CONST" value="7"/><imc name="CONST" value="72"/></imc></imc><imc name="BINOP" value="MUL"><imc name="CONST" value="6"/><imc name="CONST" value="8"/></imc></imc></imc><imc name="CONST" value="4"/></imc><imc name="MOVE"><imc name="MEM"><imc name="BINOP" value="ADD"><imc name="BINOP" value="ADD"><imc name="BINOP" value="ADD"><imc name="TEMP" value="6"/><imc name="CONST" value="-664"/></imc><imc name="BINOP" value="MUL"><imc name="CONST" value="7"/><imc name="CONST" value="72"/></imc></imc><imc name="BINOP" value="MUL"><imc name="CONST" value="7"/><imc name="CONST" value="8"/></imc></imc></imc><imc name="CONST" value="0"/></imc><imc name="MOVE"><imc name="MEM"><imc name="BINOP" value="ADD"><imc name="BINOP" value="ADD"><imc name="BINOP" value="ADD"><imc name="TEMP" value="6"/><imc name="CONST" value="-664"/></imc><imc name="BINOP" value="MUL"><imc name="CONST" value="7"/><imc name="CONST" value="72"/></imc></imc><imc name="BINOP" value="MUL"><imc name="CONST" value="8"/><imc name="CONST" value="8"/></imc></imc></imc><imc name="CONST" value="0"/></imc><imc name="MOVE"><imc name="MEM"><imc name="BINOP" value="ADD"><imc name="BINOP" value="ADD"><imc name="BINOP" value="ADD"><imc name="TEMP" value="6"/><imc name="CONST" value="-664"/></imc><imc name="BINOP" value="MUL"><imc name="CONST" value="8"/><imc name="CONST" value="72"/></imc></imc><imc name="BINOP" value="MUL"><imc name="CONST" value="0"/><imc name="CONST" value="8"/></imc></imc></imc><imc name="CONST" value="5"/></imc><imc name="MOVE"><imc name="MEM"><imc name="BINOP" value="ADD"><imc name="BINOP" value="ADD"><imc name="BINOP" value="ADD"><imc name="TEMP" value="6"/><imc name="CONST" value="-664"/></imc><imc name="BINOP" value="MUL"><imc name="CONST" value="8"/><imc name="CONST" value="72"/></imc></imc><imc name="BINOP" value="MUL"><imc name="CONST" value="1"/><imc name="CONST" value="8"/></imc></imc></imc><imc name="CONST" value="7"/></imc><imc name="MOVE"><imc name="MEM"><imc name="BINOP" value="ADD"><imc name="BINOP" value="ADD"><imc name="BINOP" value="ADD"><imc name="TEMP" value="6"/><imc name="CONST" value="-664"/></imc><imc name="BINOP" value="MUL"><imc name="CONST" value="8"/><imc name="CONST" value="72"/></imc></imc><imc name="BINOP" value="MUL"><imc name="CONST" value="2"/><imc name="CONST" value="8"/></imc></imc></imc><imc name="CONST" value="0"/></imc><imc name="MOVE"><imc name="MEM"><imc name="BINOP" value="ADD"><imc name="BINOP" value="ADD"><imc name="BINOP" value="ADD"><imc name="TEMP" value="6"/><imc name="CONST" value="-664"/></imc><imc name="BINOP" value="MUL"><imc name="CONST" value="8"/><imc name="CONST" value="72"/></imc></imc><imc name="BINOP" value="MUL"><imc name="CONST" value="3"/><imc name="CONST" value="8"/></imc></imc></imc><imc name="CONST" value="0"/></imc><imc name="MOVE"><imc name="MEM"><imc name="BINOP" value="ADD"><imc name="BINOP" value="ADD"><imc name="BINOP" value="ADD"><imc name="TEMP" value="6"/><imc name="CONST" value="-664"/></imc><imc name="BINOP" value="MUL"><imc name="CONST" value="8"/><imc name="CONST" value="72"/></imc></imc><imc name="BINOP" value="MUL"><imc name="CONST" value="4"/><imc name="CONST" value="8"/></imc></imc></imc><imc name="CONST" value="4"/></imc><imc name="MOVE"><imc name="MEM"><imc name="BINOP" value="ADD"><imc name="BINOP" value="ADD"><imc name="BINOP" value="ADD"><imc name="TEMP" value="6"/><imc name="CONST" value="-664"/></imc><imc name="BINOP" value="MUL"><imc name="CONST" value="8"/><imc name="CONST" value="72"/></imc></imc><imc name="BINOP" value="MUL"><imc name="CONST" value="5"/><imc name="CONST" value="8"/></imc></imc></imc><imc name="CONST" value="0"/></imc><imc name="MOVE"><imc name="MEM"><imc name="BINOP" value="ADD"><imc name="BINOP" value="ADD"><imc name="BINOP" value="ADD"><imc name="TEMP" value="6"/><imc name="CONST" value="-664"/></imc><imc name="BINOP" value="MUL"><imc name="CONST" value="8"/><imc name="CONST" value="72"/></imc></imc><imc name="BINOP" value="MUL"><imc name="CONST" value="6"/><imc name="CONST" value="8"/></imc></imc></imc><imc name="CONST" value="9"/></imc><imc name="MOVE"><imc name="MEM"><imc name="BINOP" value="ADD"><imc name="BINOP" value="ADD"><imc name="BINOP" value="ADD"><imc name="TEMP" value="6"/><imc name="CONST" value="-664"/></imc><imc name="BINOP" value="MUL"><imc name="CONST" value="8"/><imc name="CONST" value="72"/></imc></imc><imc name="BINOP" value="MUL"><imc name="CONST" value="7"/><imc name="CONST" value="8"/></imc></imc></imc><imc name="CONST" value="3"/></imc><imc name="MOVE"><imc name="MEM"><imc name="BINOP" value="ADD"><imc name="BINOP" value="ADD"><imc name="BINOP" value="ADD"><imc name="TEMP" value="6"/><imc name="CONST" value="-664"/></imc><imc name="BINOP" value="MUL"><imc name="CONST" value="8"/><imc name="CONST" value="72"/></imc></imc><imc name="BINOP" value="MUL"><imc name="CONST" value="8"/><imc name="CONST" value="8"/></imc></imc></imc><imc name="CONST" value="0"/></imc><imc name="MOVE"><imc name="MEM"><imc name="BINOP" value="ADD"><imc name="TEMP" value="6"/><imc name="CONST" value="-672"/></imc></imc><imc name="CALL" value="_sudoku"><imc name="CONST" value="0"/><imc name="BINOP" value="ADD"><imc name="TEMP" value="6"/><imc name="CONST" value="-664"/></imc></imc></imc><imc name="ESTMT"><imc name="CALL" value="_putInt"><imc name="CONST" value="0"/><imc name="MEM"><imc name="BINOP" value="ADD"><imc name="TEMP" value="6"/><imc name="CONST" value="-672"/></imc></imc></imc></imc><imc name="ESTMT"><imc name="CALL" value="_putChar"><imc name="CONST" value="0"/><imc name="BINOP" value="MOD"><imc name="CONST" value="10"/><imc name="CONST" value="256"/></imc></imc></imc></imc><imc name="CONST" value="0"/></imc></imc></imc><imc name="CONST" value="0"/></imc></node><location loc="5.1--71.6"/><frame FP="T6" RV="T7" argssize="24" depth="1" label="_main" locssize="672" size="712"/></node><node label="FunDef" lexeme="facItr"><node label="ParDecls"><node label="ParDecl" lexeme="n"><node label="AtomType" spec="INT"><location loc="73.14--73.16"/></node><location loc="73.12--73.16"/><access depth="1" offset="8" size="8"/></node><location loc="73.12--73.16"/></node><node label="AtomType" spec="INT"><location loc="73.19--73.21"/></node><node label="BlockExpr"><node label="Decls"><node label="VarDecl" lexeme="f"><node label="AtomType" spec="INT"><location loc="78.13--78.15"/></node><location loc="78.7--78.16"/><access depth="1" offset="-8" size="8"/></node><location loc="78.7--78.16"/></node><node label="Stmts"><node label="AssignStmt"><node label="VarName" lexeme="f"><location loc="74.7--74.7"/><declaredAt location="78.7--78.16"/><imc name="BINOP" value="ADD"><imc name="TEMP" value="8"/><imc name="CONST" value="-8"/></imc></node><node label="AtomExpr" lexeme="1" spec="INT"><location loc="74.9--74.9"/><type label="INT"/><imc name="CONST" value="1"/></node><location loc="74.7--74.9"/><imc name="MOVE"><imc name="MEM"><imc name="BINOP" value="ADD"><imc name="TEMP" value="8"/><imc name="CONST" value="-8"/></imc></imc><imc name="CONST" value="1"/></imc></node><node label="WhileStmt"><node label="BinExpr" spec="GTH"><node label="VarName" lexeme="n"><location loc="75.13--75.13"/><declaredAt location="73.12--73.16"/><imc name="MEM"><imc name="BINOP" value="ADD"><imc name="TEMP" value="8"/><imc name="CONST" value="8"/></imc></imc></node><node label="AtomExpr" lexeme="0" spec="INT"><location loc="75.15--75.15"/><type label="INT"/><imc name="CONST" value="0"/></node><location loc="75.13--75.15"/><type label="BOOL"/><imc name="BINOP" value="GTH"><imc name="MEM"><imc name="BINOP" value="ADD"><imc name="TEMP" value="8"/><imc name="CONST" value="8"/></imc></imc><imc name="CONST" value="0"/></imc></node><node label="Stmts"><node label="AssignStmt"><node label="VarName" lexeme="f"><location loc="75.20--75.20"/><declaredAt location="78.7--78.16"/><imc name="BINOP" value="ADD"><imc name="TEMP" value="8"/><imc name="CONST" value="-8"/></imc></node><node label="BinExpr" spec="MUL"><node label="VarName" lexeme="f"><location loc="75.22--75.22"/><declaredAt location="78.7--78.16"/><imc name="MEM"><imc name="BINOP" value="ADD"><imc name="TEMP" value="8"/><imc name="CONST" value="-8"/></imc></imc></node><node label="VarName" lexeme="n"><location loc="75.24--75.24"/><declaredAt location="73.12--73.16"/><imc name="MEM"><imc name="BINOP" value="ADD"><imc name="TEMP" value="8"/><imc name="CONST" value="8"/></imc></imc></node><location loc="75.22--75.24"/><type label="INT"/><imc name="BINOP" value="MUL"><imc name="MEM"><imc name="BINOP" value="ADD"><imc name="TEMP" value="8"/><imc name="CONST" value="-8"/></imc></imc><imc name="MEM"><imc name="BINOP" value="ADD"><imc name="TEMP" value="8"/><imc name="CONST" value="8"/></imc></imc></imc></node><location loc="75.20--75.24"/><imc name="MOVE"><imc name="MEM"><imc name="BINOP" value="ADD"><imc name="TEMP" value="8"/><imc name="CONST" value="-8"/></imc></imc><imc name="BINOP" value="MUL"><imc name="MEM"><imc name="BINOP" value="ADD"><imc name="TEMP" value="8"/><imc name="CONST" value="-8"/></imc></imc><imc name="MEM"><imc name="BINOP" value="ADD"><imc name="TEMP" value="8"/><imc name="CONST" value="8"/></imc></imc></imc></imc></node><node label="AssignStmt"><node label="VarName" lexeme="n"><location loc="75.27--75.27"/><declaredAt location="73.12--73.16"/><imc name="BINOP" value="ADD"><imc name="TEMP" value="8"/><imc name="CONST" value="8"/></imc></node><node label="BinExpr" spec="SUB"><node label="VarName" lexeme="n"><location loc="75.29--75.29"/><declaredAt location="73.12--73.16"/><imc name="MEM"><imc name="BINOP" value="ADD"><imc name="TEMP" value="8"/><imc name="CONST" value="8"/></imc></imc></node><node label="AtomExpr" lexeme="1" spec="INT"><location loc="75.31--75.31"/><type label="INT"/><imc name="CONST" value="1"/></node><location loc="75.29--75.31"/><type label="INT"/><imc name="BINOP" value="SUB"><imc name="MEM"><imc name="BINOP" value="ADD"><imc name="TEMP" value="8"/><imc name="CONST" value="8"/></imc></imc><imc name="CONST" value="1"/></imc></node><location loc="75.27--75.31"/><imc name="MOVE"><imc name="MEM"><imc name="BINOP" value="ADD"><imc name="TEMP" value="8"/><imc name="CONST" value="8"/></imc></imc><imc name="BINOP" value="SUB"><imc name="MEM"><imc name="BINOP" value="ADD"><imc name="TEMP" value="8"/><imc name="CONST" value="8"/></imc></imc><imc name="CONST" value="1"/></imc></imc></node><location loc="75.20--75.31"/></node><location loc="75.7--75.36"/><imc name="STMTS"><imc name="LABEL" value="L27"/><imc name="CJUMP" value="L28:L29"><imc name="BINOP" value="GTH"><imc name="MEM"><imc name="BINOP" value="ADD"><imc name="TEMP" value="8"/><imc name="CONST" value="8"/></imc></imc><imc name="CONST" value="0"/></imc></imc><imc name="LABEL" value="L28"/><imc name="STMTS"><imc name="MOVE"><imc name="MEM"><imc name="BINOP" value="ADD"><imc name="TEMP" value="8"/><imc name="CONST" value="-8"/></imc></imc><imc name="BINOP" value="MUL"><imc name="MEM"><imc name="BINOP" value="ADD"><imc name="TEMP" value="8"/><imc name="CONST" value="-8"/></imc></imc><imc name="MEM"><imc name="BINOP" value="ADD"><imc name="TEMP" value="8"/><imc name="CONST" value="8"/></imc></imc></imc></imc><imc name="MOVE"><imc name="MEM"><imc name="BINOP" value="ADD"><imc name="TEMP" value="8"/><imc name="CONST" value="8"/></imc></imc><imc name="BINOP" value="SUB"><imc name="MEM"><imc name="BINOP" value="ADD"><imc name="TEMP" value="8"/><imc name="CONST" value="8"/></imc></imc><imc name="CONST" value="1"/></imc></imc></imc><imc name="JUMP" value="L27"/><imc name="LABEL" value="L29"/></imc></node><location loc="74.7--75.36"/></node><node label="VarName" lexeme="f"><location loc="76.7--76.7"/><declaredAt location="78.7--78.16"/><imc name="MEM"><imc name="BINOP" value="ADD"><imc name="TEMP" value="8"/><imc name="CONST" value="-8"/></imc></imc></node><location loc="74.7--78.16"/><type label="INT"/><imc name="SEXPR"><imc name="STMTS"><imc name="MOVE"><imc name="MEM"><imc name="BINOP" value="ADD"><imc name="TEMP" value="8"/><imc name="CONST" value="-8"/></imc></imc><imc name="CONST" value="1"/></imc><imc name="STMTS"><imc name="LABEL" value="L27"/><imc name="CJUMP" value="L28:L29"><imc name="BINOP" value="GTH"><imc name="MEM"><imc name="BINOP" value="ADD"><imc name="TEMP" value="8"/><imc name="CONST" value="8"/></imc></imc><imc name="CONST" value="0"/></imc></imc><imc name="LABEL" value="L28"/><imc name="STMTS"><imc name="MOVE"><imc name="MEM"><imc name="BINOP" value="ADD"><imc name="TEMP" value="8"/><imc name="CONST" value="-8"/></imc></imc><imc name="BINOP" value="MUL"><imc name="MEM"><imc name="BINOP" value="ADD"><imc name="TEMP" value="8"/><imc name="CONST" value="-8"/></imc></imc><imc name="MEM"><imc name="BINOP" value="ADD"><imc name="TEMP" value="8"/><imc name="CONST" value="8"/></imc></imc></imc></imc><imc name="MOVE"><imc name="MEM"><imc name="BINOP" value="ADD"><imc name="TEMP" value="8"/><imc name="CONST" value="8"/></imc></imc><imc name="BINOP" value="SUB"><imc name="MEM"><imc name="BINOP" value="ADD"><imc name="TEMP" value="8"/><imc name="CONST" value="8"/></imc></imc><imc name="CONST" value="1"/></imc></imc></imc><imc name="JUMP" value="L27"/><imc name="LABEL" value="L29"/></imc></imc><imc name="MEM"><imc name="BINOP" value="ADD"><imc name="TEMP" value="8"/><imc name="CONST" value="-8"/></imc></imc></imc></node><location loc="73.1--79.6"/><frame FP="T8" RV="T9" argssize="0" depth="1" label="_facItr" locssize="8" size="24"/></node><node label="FunDef" lexeme="facRec"><node label="ParDecls"><node label="ParDecl" lexeme="n"><node label="AtomType" spec="INT"><location loc="81.14--81.16"/></node><location loc="81.12--81.16"/><access depth="1" offset="8" size="8"/></node><location loc="81.12--81.16"/></node><node label="AtomType" spec="INT"><location loc="81.19--81.21"/></node><node label="BlockExpr"><node label="Decls"><node label="VarDecl" lexeme="f"><node label="AtomType" spec="INT"><location loc="85.13--85.15"/></node><location loc="85.7--85.16"/><access depth="1" offset="-8" size="8"/></node><location loc="85.7--85.16"/></node><node label="Stmts"><node label="IfStmt"><node label="BinExpr" spec="EQU"><node label="VarName" lexeme="n"><location loc="82.10--82.10"/><declaredAt location="81.12--81.16"/><imc name="MEM"><imc name="BINOP" value="ADD"><imc name="TEMP" value="10"/><imc name="CONST" value="8"/></imc></imc></node><node label="AtomExpr" lexeme="1" spec="INT"><location loc="82.13--82.13"/><type label="INT"/><imc name="CONST" value="1"/></node><location loc="82.10--82.13"/><type label="BOOL"/><imc name="BINOP" value="EQU"><imc name="MEM"><imc name="BINOP" value="ADD"><imc name="TEMP" value="10"/><imc name="CONST" value="8"/></imc></imc><imc name="CONST" value="1"/></imc></node><node label="Stmts"><node label="AssignStmt"><node label="VarName" lexeme="f"><location loc="82.20--82.20"/><declaredAt location="85.7--85.16"/><imc name="BINOP" value="ADD"><imc name="TEMP" value="10"/><imc name="CONST" value="-8"/></imc></node><node label="AtomExpr" lexeme="1" spec="INT"><location loc="82.22--82.22"/><type label="INT"/><imc name="CONST" value="1"/></node><location loc="82.20--82.22"/><imc name="MOVE"><imc name="MEM"><imc name="BINOP" value="ADD"><imc name="TEMP" value="10"/><imc name="CONST" value="-8"/></imc></imc><imc name="CONST" value="1"/></imc></node><location loc="82.20--82.22"/></node><node label="Stmts"><node label="AssignStmt"><node label="VarName" lexeme="f"><location loc="82.30--82.30"/><declaredAt location="85.7--85.16"/><imc name="BINOP" value="ADD"><imc name="TEMP" value="10"/><imc name="CONST" value="-8"/></imc></node><node label="BinExpr" spec="MUL"><node label="VarName" lexeme="n"><location loc="82.32--82.32"/><declaredAt location="81.12--81.16"/><imc name="MEM"><imc name="BINOP" value="ADD"><imc name="TEMP" value="10"/><imc name="CONST" value="8"/></imc></imc></node><node label="FunName" lexeme="facRec"><node label="Args"><node label="BinExpr" spec="SUB"><node label="VarName" lexeme="n"><location loc="82.41--82.41"/><declaredAt location="81.12--81.16"/><imc name="MEM"><imc name="BINOP" value="ADD"><imc name="TEMP" value="10"/><imc name="CONST" value="8"/></imc></imc></node><node label="AtomExpr" lexeme="1" spec="INT"><location loc="82.43--82.43"/><type label="INT"/><imc name="CONST" value="1"/></node><location loc="82.41--82.43"/><type label="INT"/><imc name="BINOP" value="SUB"><imc name="MEM"><imc name="BINOP" value="ADD"><imc name="TEMP" value="10"/><imc name="CONST" value="8"/></imc></imc><imc name="CONST" value="1"/></imc></node><location loc="82.41--82.43"/></node><location loc="82.34--82.44"/><declaredAt location="81.1--86.6"/><type label="INT"/><imc name="CALL" value="_facRec"><imc name="CONST" value="0"/><imc name="BINOP" value="SUB"><imc name="MEM"><imc name="BINOP" value="ADD"><imc name="TEMP" value="10"/><imc name="CONST" value="8"/></imc></imc><imc name="CONST" value="1"/></imc></imc></node><location loc="82.32--82.44"/><type label="INT"/><imc name="BINOP" value="MUL"><imc name="MEM"><imc name="BINOP" value="ADD"><imc name="TEMP" value="10"/><imc name="CONST" value="8"/></imc></imc><imc name="CALL" value="_facRec"><imc name="CONST" value="0"/><imc name="BINOP" value="SUB"><imc name="MEM"><imc name="BINOP" value="ADD"><imc name="TEMP" value="10"/><imc name="CONST" value="8"/></imc></imc><imc name="CONST" value="1"/></imc></imc></imc></node><location loc="82.30--82.44"/><imc name="MOVE"><imc name="MEM"><imc name="BINOP" value="ADD"><imc name="TEMP" value="10"/><imc name="CONST" value="-8"/></imc></imc><imc name="BINOP" value="MUL"><imc name="MEM"><imc name="BINOP" value="ADD"><imc name="TEMP" value="10"/><imc name="CONST" value="8"/></imc></imc><imc name="CALL" value="_facRec"><imc name="CONST" value="0"/><imc name="BINOP" value="SUB"><imc name="MEM"><imc name="BINOP" value="ADD"><imc name="TEMP" value="10"/><imc name="CONST" value="8"/></imc></imc><imc name="CONST" value="1"/></imc></imc></imc></imc></node><location loc="82.30--82.44"/></node><location loc="82.7--82.49"/><imc name="STMTS"><imc name="CJUMP" value="L30:L31"><imc name="BINOP" value="EQU"><imc name="MEM"><imc name="BINOP" value="ADD"><imc name="TEMP" value="10"/><imc name="CONST" value="8"/></imc></imc><imc name="CONST" value="1"/></imc></imc><imc name="LABEL" value="L30"/><imc name="STMTS"><imc name="MOVE"><imc name="MEM"><imc name="BINOP" value="ADD"><imc name="TEMP" value="10"/><imc name="CONST" value="-8"/></imc></imc><imc name="CONST" value="1"/></imc></imc><imc name="JUMP" value="L32"/><imc name="LABEL" value="L31"/><imc name="STMTS"><imc name="MOVE"><imc name="MEM"><imc name="BINOP" value="ADD"><imc name="TEMP" value="10"/><imc name="CONST" value="-8"/></imc></imc><imc name="BINOP" value="MUL"><imc name="MEM"><imc name="BINOP" value="ADD"><imc name="TEMP" value="10"/><imc name="CONST" value="8"/></imc></imc><imc name="CALL" value="_facRec"><imc name="CONST" value="0"/><imc name="BINOP" value="SUB"><imc name="MEM"><imc name="BINOP" value="ADD"><imc name="TEMP" value="10"/><imc name="CONST" value="8"/></imc></imc><imc name="CONST" value="1"/></imc></imc></imc></imc></imc><imc name="LABEL" value="L32"/></imc></node><location loc="82.7--82.49"/></node><node label="VarName" lexeme="f"><location loc="83.7--83.7"/><declaredAt location="85.7--85.16"/><imc name="MEM"><imc name="BINOP" value="ADD"><imc name="TEMP" value="10"/><imc name="CONST" value="-8"/></imc></imc></node><location loc="82.7--85.16"/><type label="INT"/><imc name="SEXPR"><imc name="STMTS"><imc name="STMTS"><imc name="CJUMP" value="L30:L31"><imc name="BINOP" value="EQU"><imc name="MEM"><imc name="BINOP" value="ADD"><imc name="TEMP" value="10"/><imc name="CONST" value="8"/></imc></imc><imc name="CONST" value="1"/></imc></imc><imc name="LABEL" value="L30"/><imc name="STMTS"><imc name="MOVE"><imc name="MEM"><imc name="BINOP" value="ADD"><imc name="TEMP" value="10"/><imc name="CONST" value="-8"/></imc></imc><imc name="CONST" value="1"/></imc></imc><imc name="JUMP" value="L32"/><imc name="LABEL" value="L31"/><imc name="STMTS"><imc name="MOVE"><imc name="MEM"><imc name="BINOP" value="ADD"><imc name="TEMP" value="10"/><imc name="CONST" value="-8"/></imc></imc><imc name="BINOP" value="MUL"><imc name="MEM"><imc name="BINOP" value="ADD"><imc name="TEMP" value="10"/><imc name="CONST" value="8"/></imc></imc><imc name="CALL" value="_facRec"><imc name="CONST" value="0"/><imc name="BINOP" value="SUB"><imc name="MEM"><imc name="BINOP" value="ADD"><imc name="TEMP" value="10"/><imc name="CONST" value="8"/></imc></imc><imc name="CONST" value="1"/></imc></imc></imc></imc></imc><imc name="LABEL" value="L32"/></imc></imc><imc name="MEM"><imc name="BINOP" value="ADD"><imc name="TEMP" value="10"/><imc name="CONST" value="-8"/></imc></imc></imc></node><location loc="81.1--86.6"/><frame FP="T10" RV="T11" argssize="16" depth="1" label="_facRec" locssize="8" size="40"/></node><node label="FunDef" lexeme="fibItr"><node label="ParDecls"><node label="ParDecl" lexeme="n"><node label="AtomType" spec="INT"><location loc="88.14--88.16"/></node><location loc="88.12--88.16"/><access depth="1" offset="8" size="8"/></node><location loc="88.12--88.16"/></node><node label="AtomType" spec="INT"><location loc="88.19--88.21"/></node><node label="BlockExpr"><node label="Decls"><node label="VarDecl" lexeme="f"><node label="AtomType" spec="INT"><location loc="96.13--96.15"/></node><location loc="96.7--96.16"/><access depth="1" offset="-8" size="8"/></node><node label="VarDecl" lexeme="fm1"><node label="AtomType" spec="INT"><location loc="97.15--97.17"/></node><location loc="97.7--97.18"/><access depth="1" offset="-16" size="8"/></node><node label="VarDecl" lexeme="fm2"><node label="AtomType" spec="INT"><location loc="98.15--98.17"/></node><location loc="98.7--98.18"/><access depth="1" offset="-24" size="8"/></node><location loc="96.7--98.18"/></node><node label="Stmts"><node label="AssignStmt"><node label="VarName" lexeme="f"><location loc="89.7--89.7"/><declaredAt location="96.7--96.16"/><imc name="BINOP" value="ADD"><imc name="TEMP" value="12"/><imc name="CONST" value="-8"/></imc></node><node label="AtomExpr" lexeme="1" spec="INT"><location loc="89.9--89.9"/><type label="INT"/><imc name="CONST" value="1"/></node><location loc="89.7--89.9"/><imc name="MOVE"><imc name="MEM"><imc name="BINOP" value="ADD"><imc name="TEMP" value="12"/><imc name="CONST" value="-8"/></imc></imc><imc name="CONST" value="1"/></imc></node><node label="AssignStmt"><node label="VarName" lexeme="fm1"><location loc="89.12--89.14"/><declaredAt location="97.7--97.18"/><imc name="BINOP" value="ADD"><imc name="TEMP" value="12"/><imc name="CONST" value="-16"/></imc></node><node label="AtomExpr" lexeme="1" spec="INT"><location loc="89.16--89.16"/><type label="INT"/><imc name="CONST" value="1"/></node><location loc="89.12--89.16"/><imc name="MOVE"><imc name="MEM"><imc name="BINOP" value="ADD"><imc name="TEMP" value="12"/><imc name="CONST" value="-16"/></imc></imc><imc name="CONST" value="1"/></imc></node><node label="AssignStmt"><node label="VarName" lexeme="fm2"><location loc="89.19--89.21"/><declaredAt location="98.7--98.18"/><imc name="BINOP" value="ADD"><imc name="TEMP" value="12"/><imc name="CONST" value="-24"/></imc></node><node label="AtomExpr" lexeme="0" spec="INT"><location loc="89.23--89.23"/><type label="INT"/><imc name="CONST" value="0"/></node><location loc="89.19--89.23"/><imc name="MOVE"><imc name="MEM"><imc name="BINOP" value="ADD"><imc name="TEMP" value="12"/><imc name="CONST" value="-24"/></imc></imc><imc name="CONST" value="0"/></imc></node><node label="WhileStmt"><node label="BinExpr" spec="GTH"><node label="VarName" lexeme="n"><location loc="90.13--90.13"/><declaredAt location="88.12--88.16"/><imc name="MEM"><imc name="BINOP" value="ADD"><imc name="TEMP" value="12"/><imc name="CONST" value="8"/></imc></imc></node><node label="AtomExpr" lexeme="1" spec="INT"><location loc="90.15--90.15"/><type label="INT"/><imc name="CONST" value="1"/></node><location loc="90.13--90.15"/><type label="BOOL"/><imc name="BINOP" value="GTH"><imc name="MEM"><imc name="BINOP" value="ADD"><imc name="TEMP" value="12"/><imc name="CONST" value="8"/></imc></imc><imc name="CONST" value="1"/></imc></node><node label="Stmts"><node label="AssignStmt"><node label="VarName" lexeme="f"><location loc="91.9--91.9"/><declaredAt location="96.7--96.16"/><imc name="BINOP" value="ADD"><imc name="TEMP" value="12"/><imc name="CONST" value="-8"/></imc></node><node label="BinExpr" spec="ADD"><node label="VarName" lexeme="fm1"><location loc="91.11--91.13"/><declaredAt location="97.7--97.18"/><imc name="MEM"><imc name="BINOP" value="ADD"><imc name="TEMP" value="12"/><imc name="CONST" value="-16"/></imc></imc></node><node label="VarName" lexeme="fm2"><location loc="91.15--91.17"/><declaredAt location="98.7--98.18"/><imc name="MEM"><imc name="BINOP" value="ADD"><imc name="TEMP" value="12"/><imc name="CONST" value="-24"/></imc></imc></node><location loc="91.11--91.17"/><type label="INT"/><imc name="BINOP" value="ADD"><imc name="MEM"><imc name="BINOP" value="ADD"><imc name="TEMP" value="12"/><imc name="CONST" value="-16"/></imc></imc><imc name="MEM"><imc name="BINOP" value="ADD"><imc name="TEMP" value="12"/><imc name="CONST" value="-24"/></imc></imc></imc></node><location loc="91.9--91.17"/><imc name="MOVE"><imc name="MEM"><imc name="BINOP" value="ADD"><imc name="TEMP" value="12"/><imc name="CONST" value="-8"/></imc></imc><imc name="BINOP" value="ADD"><imc name="MEM"><imc name="BINOP" value="ADD"><imc name="TEMP" value="12"/><imc name="CONST" value="-16"/></imc></imc><imc name="MEM"><imc name="BINOP" value="ADD"><imc name="TEMP" value="12"/><imc name="CONST" value="-24"/></imc></imc></imc></imc></node><node label="AssignStmt"><node label="VarName" lexeme="fm2"><location loc="91.19--91.21"/><declaredAt location="98.7--98.18"/><imc name="BINOP" value="ADD"><imc name="TEMP" value="12"/><imc name="CONST" value="-24"/></imc></node><node label="VarName" lexeme="fm1"><location loc="91.23--91.25"/><declaredAt location="97.7--97.18"/><imc name="MEM"><imc name="BINOP" value="ADD"><imc name="TEMP" value="12"/><imc name="CONST" value="-16"/></imc></imc></node><location loc="91.19--91.25"/><imc name="MOVE"><imc name="MEM"><imc name="BINOP" value="ADD"><imc name="TEMP" value="12"/><imc name="CONST" value="-24"/></imc></imc><imc name="MEM"><imc name="BINOP" value="ADD"><imc name="TEMP" value="12"/><imc name="CONST" value="-16"/></imc></imc></imc></node><node label="AssignStmt"><node label="VarName" lexeme="fm1"><location loc="91.27--91.29"/><declaredAt location="97.7--97.18"/><imc name="BINOP" value="ADD"><imc name="TEMP" value="12"/><imc name="CONST" value="-16"/></imc></node><node label="VarName" lexeme="f"><location loc="91.31--91.31"/><declaredAt location="96.7--96.16"/><imc name="MEM"><imc name="BINOP" value="ADD"><imc name="TEMP" value="12"/><imc name="CONST" value="-8"/></imc></imc></node><location loc="91.27--91.31"/><imc name="MOVE"><imc name="MEM"><imc name="BINOP" value="ADD"><imc name="TEMP" value="12"/><imc name="CONST" value="-16"/></imc></imc><imc name="MEM"><imc name="BINOP" value="ADD"><imc name="TEMP" value="12"/><imc name="CONST" value="-8"/></imc></imc></imc></node><node label="AssignStmt"><node label="VarName" lexeme="n"><location loc="92.9--92.9"/><declaredAt location="88.12--88.16"/><imc name="BINOP" value="ADD"><imc name="TEMP" value="12"/><imc name="CONST" value="8"/></imc></node><node label="BinExpr" spec="SUB"><node label="VarName" lexeme="n"><location loc="92.11--92.11"/><declaredAt location="88.12--88.16"/><imc name="MEM"><imc name="BINOP" value="ADD"><imc name="TEMP" value="12"/><imc name="CONST" value="8"/></imc></imc></node><node label="AtomExpr" lexeme="1" spec="INT"><location loc="92.13--92.13"/><type label="INT"/><imc name="CONST" value="1"/></node><location loc="92.11--92.13"/><type label="INT"/><imc name="BINOP" value="SUB"><imc name="MEM"><imc name="BINOP" value="ADD"><imc name="TEMP" value="12"/><imc name="CONST" value="8"/></imc></imc><imc name="CONST" value="1"/></imc></node><location loc="92.9--92.13"/><imc name="MOVE"><imc name="MEM"><imc name="BINOP" value="ADD"><imc name="TEMP" value="12"/><imc name="CONST" value="8"/></imc></imc><imc name="BINOP" value="SUB"><imc name="MEM"><imc name="BINOP" value="ADD"><imc name="TEMP" value="12"/><imc name="CONST" value="8"/></imc></imc><imc name="CONST" value="1"/></imc></imc></node><location loc="91.9--92.13"/></node><location loc="90.7--93.9"/><imc name="STMTS"><imc name="LABEL" value="L33"/><imc name="CJUMP" value="L34:L35"><imc name="BINOP" value="GTH"><imc name="MEM"><imc name="BINOP" value="ADD"><imc name="TEMP" value="12"/><imc name="CONST" value="8"/></imc></imc><imc name="CONST" value="1"/></imc></imc><imc name="LABEL" value="L34"/><imc name="STMTS"><imc name="MOVE"><imc name="MEM"><imc name="BINOP" value="ADD"><imc name="TEMP" value="12"/><imc name="CONST" value="-8"/></imc></imc><imc name="BINOP" value="ADD"><imc name="MEM"><imc name="BINOP" value="ADD"><imc name="TEMP" value="12"/><imc name="CONST" value="-16"/></imc></imc><imc name="MEM"><imc name="BINOP" value="ADD"><imc name="TEMP" value="12"/><imc name="CONST" value="-24"/></imc></imc></imc></imc><imc name="MOVE"><imc name="MEM"><imc name="BINOP" value="ADD"><imc name="TEMP" value="12"/><imc name="CONST" value="-24"/></imc></imc><imc name="MEM"><imc name="BINOP" value="ADD"><imc name="TEMP" value="12"/><imc name="CONST" value="-16"/></imc></imc></imc><imc name="MOVE"><imc name="MEM"><imc name="BINOP" value="ADD"><imc name="TEMP" value="12"/><imc name="CONST" value="-16"/></imc></imc><imc name="MEM"><imc name="BINOP" value="ADD"><imc name="TEMP" value="12"/><imc name="CONST" value="-8"/></imc></imc></imc><imc name="MOVE"><imc name="MEM"><imc name="BINOP" value="ADD"><imc name="TEMP" value="12"/><imc name="CONST" value="8"/></imc></imc><imc name="BINOP" value="SUB"><imc name="MEM"><imc name="BINOP" value="ADD"><imc name="TEMP" value="12"/><imc name="CONST" value="8"/></imc></imc><imc name="CONST" value="1"/></imc></imc></imc><imc name="JUMP" value="L33"/><imc name="LABEL" value="L35"/></imc></node><location loc="89.7--93.9"/></node><node label="VarName" lexeme="f"><location loc="94.7--94.7"/><declaredAt location="96.7--96.16"/><imc name="MEM"><imc name="BINOP" value="ADD"><imc name="TEMP" value="12"/><imc name="CONST" value="-8"/></imc></imc></node><location loc="89.7--98.18"/><type label="INT"/><imc name="SEXPR"><imc name="STMTS"><imc name="MOVE"><imc name="MEM"><imc name="BINOP" value="ADD"><imc name="TEMP" value="12"/><imc name="CONST" value="-8"/></imc></imc><imc name="CONST" value="1"/></imc><imc name="MOVE"><imc name="MEM"><imc name="BINOP" value="ADD"><imc name="TEMP" value="12"/><imc name="CONST" value="-16"/></imc></imc><imc name="CONST" value="1"/></imc><imc name="MOVE"><imc name="MEM"><imc name="BINOP" value="ADD"><imc name="TEMP" value="12"/><imc name="CONST" value="-24"/></imc></imc><imc name="CONST" value="0"/></imc><imc name="STMTS"><imc name="LABEL" value="L33"/><imc name="CJUMP" value="L34:L35"><imc name="BINOP" value="GTH"><imc name="MEM"><imc name="BINOP" value="ADD"><imc name="TEMP" value="12"/><imc name="CONST" value="8"/></imc></imc><imc name="CONST" value="1"/></imc></imc><imc name="LABEL" value="L34"/><imc name="STMTS"><imc name="MOVE"><imc name="MEM"><imc name="BINOP" value="ADD"><imc name="TEMP" value="12"/><imc name="CONST" value="-8"/></imc></imc><imc name="BINOP" value="ADD"><imc name="MEM"><imc name="BINOP" value="ADD"><imc name="TEMP" value="12"/><imc name="CONST" value="-16"/></imc></imc><imc name="MEM"><imc name="BINOP" value="ADD"><imc name="TEMP" value="12"/><imc name="CONST" value="-24"/></imc></imc></imc></imc><imc name="MOVE"><imc name="MEM"><imc name="BINOP" value="ADD"><imc name="TEMP" value="12"/><imc name="CONST" value="-24"/></imc></imc><imc name="MEM"><imc name="BINOP" value="ADD"><imc name="TEMP" value="12"/><imc name="CONST" value="-16"/></imc></imc></imc><imc name="MOVE"><imc name="MEM"><imc name="BINOP" value="ADD"><imc name="TEMP" value="12"/><imc name="CONST" value="-16"/></imc></imc><imc name="MEM"><imc name="BINOP" value="ADD"><imc name="TEMP" value="12"/><imc name="CONST" value="-8"/></imc></imc></imc><imc name="MOVE"><imc name="MEM"><imc name="BINOP" value="ADD"><imc name="TEMP" value="12"/><imc name="CONST" value="8"/></imc></imc><imc name="BINOP" value="SUB"><imc name="MEM"><imc name="BINOP" value="ADD"><imc name="TEMP" value="12"/><imc name="CONST" value="8"/></imc></imc><imc name="CONST" value="1"/></imc></imc></imc><imc name="JUMP" value="L33"/><imc name="LABEL" value="L35"/></imc></imc><imc name="MEM"><imc name="BINOP" value="ADD"><imc name="TEMP" value="12"/><imc name="CONST" value="-8"/></imc></imc></imc></node><location loc="88.1--99.6"/><frame FP="T12" RV="T13" argssize="0" depth="1" label="_fibItr" locssize="24" size="40"/></node><node label="FunDef" lexeme="fibRec"><node label="ParDecls"><node label="ParDecl" lexeme="n"><node label="AtomType" spec="INT"><location loc="101.14--101.16"/></node><location loc="101.12--101.16"/><access depth="1" offset="8" size="8"/></node><location loc="101.12--101.16"/></node><node label="AtomType" spec="INT"><location loc="101.19--101.21"/></node><node label="BlockExpr"><node label="Decls"><node label="VarDecl" lexeme="f"><node label="AtomType" spec="INT"><location loc="105.13--105.15"/></node><location loc="105.7--105.16"/><access depth="1" offset="-8" size="8"/></node><location loc="105.7--105.16"/></node><node label="Stmts"><node label="IfStmt"><node label="BinExpr" spec="LEQ"><node label="VarName" lexeme="n"><location loc="102.10--102.10"/><declaredAt location="101.12--101.16"/><imc name="MEM"><imc name="BINOP" value="ADD"><imc name="TEMP" value="14"/><imc name="CONST" value="8"/></imc></imc></node><node label="AtomExpr" lexeme="2" spec="INT"><location loc="102.13--102.13"/><type label="INT"/><imc name="CONST" value="2"/></node><location loc="102.10--102.13"/><type label="BOOL"/><imc name="BINOP" value="LEQ"><imc name="MEM"><imc name="BINOP" value="ADD"><imc name="TEMP" value="14"/><imc name="CONST" value="8"/></imc></imc><imc name="CONST" value="2"/></imc></node><node label="Stmts"><node label="AssignStmt"><node label="VarName" lexeme="f"><location loc="102.20--102.20"/><declaredAt location="105.7--105.16"/><imc name="BINOP" value="ADD"><imc name="TEMP" value="14"/><imc name="CONST" value="-8"/></imc></node><node label="AtomExpr" lexeme="1" spec="INT"><location loc="102.22--102.22"/><type label="INT"/><imc name="CONST" value="1"/></node><location loc="102.20--102.22"/><imc name="MOVE"><imc name="MEM"><imc name="BINOP" value="ADD"><imc name="TEMP" value="14"/><imc name="CONST" value="-8"/></imc></imc><imc name="CONST" value="1"/></imc></node><location loc="102.20--102.22"/></node><node label="Stmts"><node label="AssignStmt"><node label="VarName" lexeme="f"><location loc="102.30--102.30"/><declaredAt location="105.7--105.16"/><imc name="BINOP" value="ADD"><imc name="TEMP" value="14"/><imc name="CONST" value="-8"/></imc></node><node label="BinExpr" spec="ADD"><node label="FunName" lexeme="fibRec"><node label="Args"><node label="BinExpr" spec="SUB"><node label="VarName" lexeme="n"><location loc="102.39--102.39"/><declaredAt location="101.12--101.16"/><imc name="MEM"><imc name="BINOP" value="ADD"><imc name="TEMP" value="14"/><imc name="CONST" value="8"/></imc></imc></node><node label="AtomExpr" lexeme="1" spec="INT"><location loc="102.41--102.41"/><type label="INT"/><imc name="CONST" value="1"/></node><location loc="102.39--102.41"/><type label="INT"/><imc name="BINOP" value="SUB"><imc name="MEM"><imc name="BINOP" value="ADD"><imc name="TEMP" value="14"/><imc name="CONST" value="8"/></imc></imc><imc name="CONST" value="1"/></imc></node><location loc="102.39--102.41"/></node><location loc="102.32--102.42"/><declaredAt location="101.1--106.6"/><type label="INT"/><imc name="CALL" value="_fibRec"><imc name="CONST" value="0"/><imc name="BINOP" value="SUB"><imc name="MEM"><imc name="BINOP" value="ADD"><imc name="TEMP" value="14"/><imc name="CONST" value="8"/></imc></imc><imc name="CONST" value="1"/></imc></imc></node><node label="FunName" lexeme="fibRec"><node label="Args"><node label="BinExpr" spec="SUB"><node label="VarName" lexeme="n"><location loc="102.51--102.51"/><declaredAt location="101.12--101.16"/><imc name="MEM"><imc name="BINOP" value="ADD"><imc name="TEMP" value="14"/><imc name="CONST" value="8"/></imc></imc></node><node label="AtomExpr" lexeme="2" spec="INT"><location loc="102.53--102.53"/><type label="INT"/><imc name="CONST" value="2"/></node><location loc="102.51--102.53"/><type label="INT"/><imc name="BINOP" value="SUB"><imc name="MEM"><imc name="BINOP" value="ADD"><imc name="TEMP" value="14"/><imc name="CONST" value="8"/></imc></imc><imc name="CONST" value="2"/></imc></node><location loc="102.51--102.53"/></node><location loc="102.44--102.54"/><declaredAt location="101.1--106.6"/><type label="INT"/><imc name="CALL" value="_fibRec"><imc name="CONST" value="0"/><imc name="BINOP" value="SUB"><imc name="MEM"><imc name="BINOP" value="ADD"><imc name="TEMP" value="14"/><imc name="CONST" value="8"/></imc></imc><imc name="CONST" value="2"/></imc></imc></node><location loc="102.32--102.54"/><type label="INT"/><imc name="BINOP" value="ADD"><imc name="CALL" value="_fibRec"><imc name="CONST" value="0"/><imc name="BINOP" value="SUB"><imc name="MEM"><imc name="BINOP" value="ADD"><imc name="TEMP" value="14"/><imc name="CONST" value="8"/></imc></imc><imc name="CONST" value="1"/></imc></imc><imc name="CALL" value="_fibRec"><imc name="CONST" value="0"/><imc name="BINOP" value="SUB"><imc name="MEM"><imc name="BINOP" value="ADD"><imc name="TEMP" value="14"/><imc name="CONST" value="8"/></imc></imc><imc name="CONST" value="2"/></imc></imc></imc></node><location loc="102.30--102.54"/><imc name="MOVE"><imc name="MEM"><imc name="BINOP" value="ADD"><imc name="TEMP" value="14"/><imc name="CONST" value="-8"/></imc></imc><imc name="BINOP" value="ADD"><imc name="CALL" value="_fibRec"><imc name="CONST" value="0"/><imc name="BINOP" value="SUB"><imc name="MEM"><imc name="BINOP" value="ADD"><imc name="TEMP" value="14"/><imc name="CONST" value="8"/></imc></imc><imc name="CONST" value="1"/></imc></imc><imc name="CALL" value="_fibRec"><imc name="CONST" value="0"/><imc name="BINOP" value="SUB"><imc name="MEM"><imc name="BINOP" value="ADD"><imc name="TEMP" value="14"/><imc name="CONST" value="8"/></imc></imc><imc name="CONST" value="2"/></imc></imc></imc></imc></node><location loc="102.30--102.54"/></node><location loc="102.7--102.59"/><imc name="STMTS"><imc name="CJUMP" value="L36:L37"><imc name="BINOP" value="LEQ"><imc name="MEM"><imc name="BINOP" value="ADD"><imc name="TEMP" value="14"/><imc name="CONST" value="8"/></imc></imc><imc name="CONST" value="2"/></imc></imc><imc name="LABEL" value="L36"/><imc name="STMTS"><imc name="MOVE"><imc name="MEM"><imc name="BINOP" value="ADD"><imc name="TEMP" value="14"/><imc name="CONST" value="-8"/></imc></imc><imc name="CONST" value="1"/></imc></imc><imc name="JUMP" value="L38"/><imc name="LABEL" value="L37"/><imc name="STMTS"><imc name="MOVE"><imc name="MEM"><imc name="BINOP" value="ADD"><imc name="TEMP" value="14"/><imc name="CONST" value="-8"/></imc></imc><imc name="BINOP" value="ADD"><imc name="CALL" value="_fibRec"><imc name="CONST" value="0"/><imc name="BINOP" value="SUB"><imc name="MEM"><imc name="BINOP" value="ADD"><imc name="TEMP" value="14"/><imc name="CONST" value="8"/></imc></imc><imc name="CONST" value="1"/></imc></imc><imc name="CALL" value="_fibRec"><imc name="CONST" value="0"/><imc name="BINOP" value="SUB"><imc name="MEM"><imc name="BINOP" value="ADD"><imc name="TEMP" value="14"/><imc name="CONST" value="8"/></imc></imc><imc name="CONST" value="2"/></imc></imc></imc></imc></imc><imc name="LABEL" value="L38"/></imc></node><location loc="102.7--102.59"/></node><node label="VarName" lexeme="f"><location loc="103.7--103.7"/><declaredAt location="105.7--105.16"/><imc name="MEM"><imc name="BINOP" value="ADD"><imc name="TEMP" value="14"/><imc name="CONST" value="-8"/></imc></imc></node><location loc="102.7--105.16"/><type label="INT"/><imc name="SEXPR"><imc name="STMTS"><imc name="STMTS"><imc name="CJUMP" value="L36:L37"><imc name="BINOP" value="LEQ"><imc name="MEM"><imc name="BINOP" value="ADD"><imc name="TEMP" value="14"/><imc name="CONST" value="8"/></imc></imc><imc name="CONST" value="2"/></imc></imc><imc name="LABEL" value="L36"/><imc name="STMTS"><imc name="MOVE"><imc name="MEM"><imc name="BINOP" value="ADD"><imc name="TEMP" value="14"/><imc name="CONST" value="-8"/></imc></imc><imc name="CONST" value="1"/></imc></imc><imc name="JUMP" value="L38"/><imc name="LABEL" value="L37"/><imc name="STMTS"><imc name="MOVE"><imc name="MEM"><imc name="BINOP" value="ADD"><imc name="TEMP" value="14"/><imc name="CONST" value="-8"/></imc></imc><imc name="BINOP" value="ADD"><imc name="CALL" value="_fibRec"><imc name="CONST" value="0"/><imc name="BINOP" value="SUB"><imc name="MEM"><imc name="BINOP" value="ADD"><imc name="TEMP" value="14"/><imc name="CONST" value="8"/></imc></imc><imc name="CONST" value="1"/></imc></imc><imc name="CALL" value="_fibRec"><imc name="CONST" value="0"/><imc name="BINOP" value="SUB"><imc name="MEM"><imc name="BINOP" value="ADD"><imc name="TEMP" value="14"/><imc name="CONST" value="8"/></imc></imc><imc name="CONST" value="2"/></imc></imc></imc></imc></imc><imc name="LABEL" value="L38"/></imc></imc><imc name="MEM"><imc name="BINOP" value="ADD"><imc name="TEMP" value="14"/><imc name="CONST" value="-8"/></imc></imc></imc></node><location loc="101.1--106.6"/><frame FP="T14" RV="T15" argssize="16" depth="1" label="_fibRec" locssize="8" size="40"/></node><node label="FunDef" lexeme="combs"><node label="ParDecls"><node label="ParDecl" lexeme="n"><node label="AtomType" spec="INT"><location loc="108.13--108.15"/></node><location loc="108.11--108.15"/><access depth="1" offset="8" size="8"/></node><node label="ParDecl" lexeme="k"><node label="AtomType" spec="INT"><location loc="108.19--108.21"/></node><location loc="108.17--108.21"/><access depth="1" offset="16" size="8"/></node><location loc="108.11--108.21"/></node><node label="AtomType" spec="INT"><location loc="108.24--108.26"/></node><node label="BlockExpr"><node label="Decls"><node label="VarDecl" lexeme="c"><node label="ArrType"><node label="AtomExpr" lexeme="100" spec="INT"><location loc="113.17--113.19"/></node><node label="AtomType" spec="INT"><location loc="113.21--113.23"/></node><location loc="113.13--113.23"/><type label="ARR(100)" len="100"><type label="INT"/></type></node><location loc="113.7--113.24"/><access depth="1" offset="-800" size="800"/></node><node label="VarDecl" lexeme="i"><node label="AtomType" spec="INT"><location loc="114.13--114.15"/></node><location loc="114.7--114.16"/><access depth="1" offset="-808" size="8"/></node><node label="FunDef" lexeme="gen"><node label="ParDecls"><node label="ParDecl" lexeme="i"><node label="AtomType" spec="INT"><location loc="115.17--115.19"/></node><location loc="115.15--115.19"/><access depth="2" offset="8" size="8"/></node><location loc="115.15--115.19"/></node><node label="AtomType" spec="INT"><location loc="115.22--115.24"/></node><node label="BlockExpr"><node label="Decls"><node label="VarDecl" lexeme="j"><node label="AtomType" spec="INT"><location loc="133.17--133.19"/></node><location loc="133.11--133.20"/><access depth="2" offset="-8" size="8"/></node><location loc="133.11--133.20"/></node><node label="Stmts"><node label="IfStmt"><node label="BinExpr" spec="EQU"><node label="VarName" lexeme="i"><location loc="116.14--116.14"/><declaredAt location="115.15--115.19"/><imc name="MEM"><imc name="BINOP" value="ADD"><imc name="TEMP" value="18"/><imc name="CONST" value="8"/></imc></imc></node><node label="VarName" lexeme="n"><location loc="116.17--116.17"/><declaredAt location="108.11--108.15"/><imc name="MEM"><imc name="BINOP" value="ADD"><imc name="MEM"><imc name="TEMP" value="18"/></imc><imc name="CONST" value="8"/></imc></imc></node><location loc="116.14--116.17"/><type label="BOOL"/><imc name="BINOP" value="EQU"><imc name="MEM"><imc name="BINOP" value="ADD"><imc name="TEMP" value="18"/><imc name="CONST" value="8"/></imc></imc><imc name="MEM"><imc name="BINOP" value="ADD"><imc name="MEM"><imc name="TEMP" value="18"/></imc><imc name="CONST" value="8"/></imc></imc></imc></node><node label="Stmts"><node label="AssignStmt"><node label="VarName" lexeme="j"><location loc="117.13--117.13"/><declaredAt location="133.11--133.20"/><imc name="BINOP" value="ADD"><imc name="TEMP" value="18"/><imc name="CONST" value="-8"/></imc></node><node label="AtomExpr" lexeme="0" spec="INT"><location loc="117.15--117.15"/><type label="INT"/><imc name="CONST" value="0"/></node><location loc="117.13--117.15"/><imc name="MOVE"><imc name="MEM"><imc name="BINOP" value="ADD"><imc name="TEMP" value="18"/><imc name="CONST" value="-8"/></imc></imc><imc name="CONST" value="0"/></imc></node><node label="WhileStmt"><node label="BinExpr" spec="LTH"><node label="VarName" lexeme="j"><location loc="118.19--118.19"/><declaredAt location="133.11--133.20"/><imc name="MEM"><imc name="BINOP" value="ADD"><imc name="TEMP" value="18"/><imc name="CONST" value="-8"/></imc></imc></node><node label="VarName" lexeme="n"><location loc="118.21--118.21"/><declaredAt location="108.11--108.15"/><imc name="MEM"><imc name="BINOP" value="ADD"><imc name="MEM"><imc name="TEMP" value="18"/></imc><imc name="CONST" value="8"/></imc></imc></node><location loc="118.19--118.21"/><type label="BOOL"/><imc name="BINOP" value="LTH"><imc name="MEM"><imc name="BINOP" value="ADD"><imc name="TEMP" value="18"/><imc name="CONST" value="-8"/></imc></imc><imc name="MEM"><imc name="BINOP" value="ADD"><imc name="MEM"><imc name="TEMP" value="18"/></imc><imc name="CONST" value="8"/></imc></imc></imc></node><node label="Stmts"><node label="ExprStmt"><node label="FunName" lexeme="putInt"><node label="Args"><node label="ArrExpr"><node label="VarName" lexeme="c"><location loc="119.22--119.22"/><declaredAt location="113.7--113.24"/><imc name="BINOP" value="ADD"><imc name="MEM"><imc name="TEMP" value="18"/></imc><imc name="CONST" value="-800"/></imc></node><node label="VarName" lexeme="j"><location loc="119.24--119.24"/><declaredAt location="133.11--133.20"/><imc name="MEM"><imc name="BINOP" value="ADD"><imc name="TEMP" value="18"/><imc name="CONST" value="-8"/></imc></imc></node><location loc="119.22--119.25"/><type label="INT"/><addr/><imc name="MEM"><imc name="BINOP" value="ADD"><imc name="BINOP" value="ADD"><imc name="MEM"><imc name="TEMP" value="18"/></imc><imc name="CONST" value="-800"/></imc><imc name="BINOP" value="MUL"><imc name="MEM"><imc name="BINOP" value="ADD"><imc name="TEMP" value="18"/><imc name="CONST" value="-8"/></imc></imc><imc name="CONST" value="8"/></imc></imc></imc></node><location loc="119.22--119.25"/></node><location loc="119.15--119.26"/><declaredAt location="1.1--1.23"/><type label="VOID"/><imc name="CALL" value="_putInt"><imc name="CONST" value="0"/><imc name="MEM"><imc name="BINOP" value="ADD"><imc name="BINOP" value="ADD"><imc name="MEM"><imc name="TEMP" value="18"/></imc><imc name="CONST" value="-800"/></imc><imc name="BINOP" value="MUL"><imc name="MEM"><imc name="BINOP" value="ADD"><imc name="TEMP" value="18"/><imc name="CONST" value="-8"/></imc></imc><imc name="CONST" value="8"/></imc></imc></imc></imc></node><location loc="119.15--119.26"/><imc name="ESTMT"><imc name="CALL" value="_putInt"><imc name="CONST" value="0"/><imc name="MEM"><imc name="BINOP" value="ADD"><imc name="BINOP" value="ADD"><imc name="MEM"><imc name="TEMP" value="18"/></imc><imc name="CONST" value="-800"/></imc><imc name="BINOP" value="MUL"><imc name="MEM"><imc name="BINOP" value="ADD"><imc name="TEMP" value="18"/><imc name="CONST" value="-8"/></imc></imc><imc name="CONST" value="8"/></imc></imc></imc></imc></imc></node><node label="ExprStmt"><node label="FunName" lexeme="putChar"><node label="Args"><node label="AtomExpr" lexeme="' '" spec="CHAR"><location loc="120.23--120.25"/><type label="CHAR"/><imc name="CONST" value="32"/></node><location loc="120.23--120.25"/></node><location loc="120.15--120.26"/><declaredAt location="2.1--2.25"/><type label="VOID"/><imc name="CALL" value="_putChar"><imc name="CONST" value="0"/><imc name="CONST" value="32"/></imc></node><location loc="120.15--120.26"/><imc name="ESTMT"><imc name="CALL" value="_putChar"><imc name="CONST" value="0"/><imc name="CONST" value="32"/></imc></imc></node><node label="AssignStmt"><node label="VarName" lexeme="j"><location loc="121.15--121.15"/><declaredAt location="133.11--133.20"/><imc name="BINOP" value="ADD"><imc name="TEMP" value="18"/><imc name="CONST" value="-8"/></imc></node><node label="BinExpr" spec="ADD"><node label="VarName" lexeme="j"><location loc="121.17--121.17"/><declaredAt location="133.11--133.20"/><imc name="MEM"><imc name="BINOP" value="ADD"><imc name="TEMP" value="18"/><imc name="CONST" value="-8"/></imc></imc></node><node label="AtomExpr" lexeme="1" spec="INT"><location loc="121.19--121.19"/><type label="INT"/><imc name="CONST" value="1"/></node><location loc="121.17--121.19"/><type label="INT"/><imc name="BINOP" value="ADD"><imc name="MEM"><imc name="BINOP" value="ADD"><imc name="TEMP" value="18"/><imc name="CONST" value="-8"/></imc></imc><imc name="CONST" value="1"/></imc></node><location loc="121.15--121.19"/><imc name="MOVE"><imc name="MEM"><imc name="BINOP" value="ADD"><imc name="TEMP" value="18"/><imc name="CONST" value="-8"/></imc></imc><imc name="BINOP" value="ADD"><imc name="MEM"><imc name="BINOP" value="ADD"><imc name="TEMP" value="18"/><imc name="CONST" value="-8"/></imc></imc><imc name="CONST" value="1"/></imc></imc></node><location loc="119.15--121.19"/></node><location loc="118.13--122.15"/><imc name="STMTS"><imc name="LABEL" value="L39"/><imc name="CJUMP" value="L40:L41"><imc name="BINOP" value="LTH"><imc name="MEM"><imc name="BINOP" value="ADD"><imc name="TEMP" value="18"/><imc name="CONST" value="-8"/></imc></imc><imc name="MEM"><imc name="BINOP" value="ADD"><imc name="MEM"><imc name="TEMP" value="18"/></imc><imc name="CONST" value="8"/></imc></imc></imc></imc><imc name="LABEL" value="L40"/><imc name="STMTS"><imc name="ESTMT"><imc name="CALL" value="_putInt"><imc name="CONST" value="0"/><imc name="MEM"><imc name="BINOP" value="ADD"><imc name="BINOP" value="ADD"><imc name="MEM"><imc name="TEMP" value="18"/></imc><imc name="CONST" value="-800"/></imc><imc name="BINOP" value="MUL"><imc name="MEM"><imc name="BINOP" value="ADD"><imc name="TEMP" value="18"/><imc name="CONST" value="-8"/></imc></imc><imc name="CONST" value="8"/></imc></imc></imc></imc></imc><imc name="ESTMT"><imc name="CALL" value="_putChar"><imc name="CONST" value="0"/><imc name="CONST" value="32"/></imc></imc><imc name="MOVE"><imc name="MEM"><imc name="BINOP" value="ADD"><imc name="TEMP" value="18"/><imc name="CONST" value="-8"/></imc></imc><imc name="BINOP" value="ADD"><imc name="MEM"><imc name="BINOP" value="ADD"><imc name="TEMP" value="18"/><imc name="CONST" value="-8"/></imc></imc><imc name="CONST" value="1"/></imc></imc></imc><imc name="JUMP" value="L39"/><imc name="LABEL" value="L41"/></imc></node><node label="ExprStmt"><node label="FunName" lexeme="putChar"><node label="Args"><node label="CastExpr"><node label="AtomExpr" lexeme="10" spec="INT"><location loc="123.22--123.23"/><type label="INT"/><imc name="CONST" value="10"/></node><node label="AtomType" spec="CHAR"><location loc="123.25--123.28"/></node><location loc="123.24--123.29"/><type label="CHAR"/><imc name="BINOP" value="MOD"><imc name="CONST" value="10"/><imc name="CONST" value="256"/></imc></node><location loc="123.24--123.29"/></node><location loc="123.13--123.30"/><declaredAt location="2.1--2.25"/><type label="VOID"/><imc name="CALL" value="_putChar"><imc name="CONST" value="0"/><imc name="BINOP" value="MOD"><imc name="CONST" value="10"/><imc name="CONST" value="256"/></imc></imc></node><location loc="123.13--123.30"/><imc name="ESTMT"><imc name="CALL" value="_putChar"><imc name="CONST" value="0"/><imc name="BINOP" value="MOD"><imc name="CONST" value="10"/><imc name="CONST" value="256"/></imc></imc></imc></node><location loc="117.13--123.30"/></node><node label="Stmts"><node label="AssignStmt"><node label="VarName" lexeme="j"><location loc="125.13--125.13"/><declaredAt location="133.11--133.20"/><imc name="BINOP" value="ADD"><imc name="TEMP" value="18"/><imc name="CONST" value="-8"/></imc></node><node label="AtomExpr" lexeme="1" spec="INT"><location loc="125.15--125.15"/><type label="INT"/><imc name="CONST" value="1"/></node><location loc="125.13--125.15"/><imc name="MOVE"><imc name="MEM"><imc name="BINOP" value="ADD"><imc name="TEMP" value="18"/><imc name="CONST" value="-8"/></imc></imc><imc name="CONST" value="1"/></imc></node><node label="WhileStmt"><node label="BinExpr" spec="LEQ"><node label="VarName" lexeme="j"><location loc="126.19--126.19"/><declaredAt location="133.11--133.20"/><imc name="MEM"><imc name="BINOP" value="ADD"><imc name="TEMP" value="18"/><imc name="CONST" value="-8"/></imc></imc></node><node label="VarName" lexeme="k"><location loc="126.22--126.22"/><declaredAt location="108.17--108.21"/><imc name="MEM"><imc name="BINOP" value="ADD"><imc name="MEM"><imc name="TEMP" value="18"/></imc><imc name="CONST" value="16"/></imc></imc></node><location loc="126.19--126.22"/><type label="BOOL"/><imc name="BINOP" value="LEQ"><imc name="MEM"><imc name="BINOP" value="ADD"><imc name="TEMP" value="18"/><imc name="CONST" value="-8"/></imc></imc><imc name="MEM"><imc name="BINOP" value="ADD"><imc name="MEM"><imc name="TEMP" value="18"/></imc><imc name="CONST" value="16"/></imc></imc></imc></node><node label="Stmts"><node label="AssignStmt"><node label="ArrExpr"><node label="VarName" lexeme="c"><location loc="127.15--127.15"/><declaredAt location="113.7--113.24"/><imc name="BINOP" value="ADD"><imc name="MEM"><imc name="TEMP" value="18"/></imc><imc name="CONST" value="-800"/></imc></node><node label="VarName" lexeme="i"><location loc="127.17--127.17"/><declaredAt location="115.15--115.19"/><imc name="MEM"><imc name="BINOP" value="ADD"><imc name="TEMP" value="18"/><imc name="CONST" value="8"/></imc></imc></node><location loc="127.15--127.18"/><type label="INT"/><addr/><imc name="BINOP" value="ADD"><imc name="BINOP" value="ADD"><imc name="MEM"><imc name="TEMP" value="18"/></imc><imc name="CONST" value="-800"/></imc><imc name="BINOP" value="MUL"><imc name="MEM"><imc name="BINOP" value="ADD"><imc name="TEMP" value="18"/><imc name="CONST" value="8"/></imc></imc><imc name="CONST" value="8"/></imc></imc></node><node label="VarName" lexeme="j"><location loc="127.22--127.22"/><declaredAt location="133.11--133.20"/><imc name="MEM"><imc name="BINOP" value="ADD"><imc name="TEMP" value="18"/><imc name="CONST" value="-8"/></imc></imc></node><location loc="127.15--127.22"/><imc name="MOVE"><imc name="MEM"><imc name="BINOP" value="ADD"><imc name="BINOP" value="ADD"><imc name="MEM"><imc name="TEMP" value="18"/></imc><imc name="CONST" value="-800"/></imc><imc name="BINOP" value="MUL"><imc name="MEM"><imc name="BINOP" value="ADD"><imc name="TEMP" value="18"/><imc name="CONST" value="8"/></imc></imc><imc name="CONST" value="8"/></imc></imc></imc><imc name="MEM"><imc name="BINOP" value="ADD"><imc name="TEMP" value="18"/><imc name="CONST" value="-8"/></imc></imc></imc></node><node label="AssignStmt"><node label="VarName" lexeme="j"><location loc="127.25--127.25"/><declaredAt location="133.11--133.20"/><imc name="BINOP" value="ADD"><imc name="TEMP" value="18"/><imc name="CONST" value="-8"/></imc></node><node label="BinExpr" spec="ADD"><node label="VarName" lexeme="j"><location loc="127.27--127.27"/><declaredAt location="133.11--133.20"/><imc name="MEM"><imc name="BINOP" value="ADD"><imc name="TEMP" value="18"/><imc name="CONST" value="-8"/></imc></imc></node><node label="AtomExpr" lexeme="1" spec="INT"><location loc="127.29--127.29"/><type label="INT"/><imc name="CONST" value="1"/></node><location loc="127.27--127.29"/><type label="INT"/><imc name="BINOP" value="ADD"><imc name="MEM"><imc name="BINOP" value="ADD"><imc name="TEMP" value="18"/><imc name="CONST" value="-8"/></imc></imc><imc name="CONST" value="1"/></imc></node><location loc="127.25--127.29"/><imc name="MOVE"><imc name="MEM"><imc name="BINOP" value="ADD"><imc name="TEMP" value="18"/><imc name="CONST" value="-8"/></imc></imc><imc name="BINOP" value="ADD"><imc name="MEM"><imc name="BINOP" value="ADD"><imc name="TEMP" value="18"/><imc name="CONST" value="-8"/></imc></imc><imc name="CONST" value="1"/></imc></imc></node><node label="ExprStmt"><node label="FunName" lexeme="gen"><node label="Args"><node label="BinExpr" spec="ADD"><node label="VarName" lexeme="i"><location loc="128.19--128.19"/><declaredAt location="115.15--115.19"/><imc name="MEM"><imc name="BINOP" value="ADD"><imc name="TEMP" value="18"/><imc name="CONST" value="8"/></imc></imc></node><node label="AtomExpr" lexeme="1" spec="INT"><location loc="128.21--128.21"/><type label="INT"/><imc name="CONST" value="1"/></node><location loc="128.19--128.21"/><type label="INT"/><imc name="BINOP" value="ADD"><imc name="MEM"><imc name="BINOP" value="ADD"><imc name="TEMP" value="18"/><imc name="CONST" value="8"/></imc></imc><imc name="CONST" value="1"/></imc></node><location loc="128.19--128.21"/></node><location loc="128.15--128.22"/><declaredAt location="115.7--134.10"/><type label="INT"/><imc name="CALL" value="L0"><imc name="MEM"><imc name="TEMP" value="18"/></imc><imc name="BINOP" value="ADD"><imc name="MEM"><imc name="BINOP" value="ADD"><imc name="TEMP" value="18"/><imc name="CONST" value="8"/></imc></imc><imc name="CONST" value="1"/></imc></imc></node><location loc="128.15--128.22"/><imc name="ESTMT"><imc name="CALL" value="L0"><imc name="MEM"><imc name="TEMP" value="18"/></imc><imc name="BINOP" value="ADD"><imc name="MEM"><imc name="BINOP" value="ADD"><imc name="TEMP" value="18"/><imc name="CONST" value="8"/></imc></imc><imc name="CONST" value="1"/></imc></imc></imc></node><location loc="127.15--128.22"/></node><location loc="126.13--129.15"/><imc name="STMTS"><imc name="LABEL" value="L42"/><imc name="CJUMP" value="L43:L44"><imc name="BINOP" value="LEQ"><imc name="MEM"><imc name="BINOP" value="ADD"><imc name="TEMP" value="18"/><imc name="CONST" value="-8"/></imc></imc><imc name="MEM"><imc name="BINOP" value="ADD"><imc name="MEM"><imc name="TEMP" value="18"/></imc><imc name="CONST" value="16"/></imc></imc></imc></imc><imc name="LABEL" value="L43"/><imc name="STMTS"><imc name="MOVE"><imc name="MEM"><imc name="BINOP" value="ADD"><imc name="BINOP" value="ADD"><imc name="MEM"><imc name="TEMP" value="18"/></imc><imc name="CONST" value="-800"/></imc><imc name="BINOP" value="MUL"><imc name="MEM"><imc name="BINOP" value="ADD"><imc name="TEMP" value="18"/><imc name="CONST" value="8"/></imc></imc><imc name="CONST" value="8"/></imc></imc></imc><imc name="MEM"><imc name="BINOP" value="ADD"><imc name="TEMP" value="18"/><imc name="CONST" value="-8"/></imc></imc></imc><imc name="MOVE"><imc name="MEM"><imc name="BINOP" value="ADD"><imc name="TEMP" value="18"/><imc name="CONST" value="-8"/></imc></imc><imc name="BINOP" value="ADD"><imc name="MEM"><imc name="BINOP" value="ADD"><imc name="TEMP" value="18"/><imc name="CONST" value="-8"/></imc></imc><imc name="CONST" value="1"/></imc></imc><imc name="ESTMT"><imc name="CALL" value="L0"><imc name="MEM"><imc name="TEMP" value="18"/></imc><imc name="BINOP" value="ADD"><imc name="MEM"><imc name="BINOP" value="ADD"><imc name="TEMP" value="18"/><imc name="CONST" value="8"/></imc></imc><imc name="CONST" value="1"/></imc></imc></imc></imc><imc name="JUMP" value="L42"/><imc name="LABEL" value="L44"/></imc></node><location loc="125.13--129.15"/></node><location loc="116.11--130.13"/><imc name="STMTS"><imc name="CJUMP" value="L45:L46"><imc name="BINOP" value="EQU"><imc name="MEM"><imc name="BINOP" value="ADD"><imc name="TEMP" value="18"/><imc name="CONST" value="8"/></imc></imc><imc name="MEM"><imc name="BINOP" value="ADD"><imc name="MEM"><imc name="TEMP" value="18"/></imc><imc name="CONST" value="8"/></imc></imc></imc></imc><imc name="LABEL" value="L45"/><imc name="STMTS"><imc name="MOVE"><imc name="MEM"><imc name="BINOP" value="ADD"><imc name="TEMP" value="18"/><imc name="CONST" value="-8"/></imc></imc><imc name="CONST" value="0"/></imc><imc name="STMTS"><imc name="LABEL" value="L39"/><imc name="CJUMP" value="L40:L41"><imc name="BINOP" value="LTH"><imc name="MEM"><imc name="BINOP" value="ADD"><imc name="TEMP" value="18"/><imc name="CONST" value="-8"/></imc></imc><imc name="MEM"><imc name="BINOP" value="ADD"><imc name="MEM"><imc name="TEMP" value="18"/></imc><imc name="CONST" value="8"/></imc></imc></imc></imc><imc name="LABEL" value="L40"/><imc name="STMTS"><imc name="ESTMT"><imc name="CALL" value="_putInt"><imc name="CONST" value="0"/><imc name="MEM"><imc name="BINOP" value="ADD"><imc name="BINOP" value="ADD"><imc name="MEM"><imc name="TEMP" value="18"/></imc><imc name="CONST" value="-800"/></imc><imc name="BINOP" value="MUL"><imc name="MEM"><imc name="BINOP" value="ADD"><imc name="TEMP" value="18"/><imc name="CONST" value="-8"/></imc></imc><imc name="CONST" value="8"/></imc></imc></imc></imc></imc><imc name="ESTMT"><imc name="CALL" value="_putChar"><imc name="CONST" value="0"/><imc name="CONST" value="32"/></imc></imc><imc name="MOVE"><imc name="MEM"><imc name="BINOP" value="ADD"><imc name="TEMP" value="18"/><imc name="CONST" value="-8"/></imc></imc><imc name="BINOP" value="ADD"><imc name="MEM"><imc name="BINOP" value="ADD"><imc name="TEMP" value="18"/><imc name="CONST" value="-8"/></imc></imc><imc name="CONST" value="1"/></imc></imc></imc><imc name="JUMP" value="L39"/><imc name="LABEL" value="L41"/></imc><imc name="ESTMT"><imc name="CALL" value="_putChar"><imc name="CONST" value="0"/><imc name="BINOP" value="MOD"><imc name="CONST" value="10"/><imc name="CONST" value="256"/></imc></imc></imc></imc><imc name="JUMP" value="L47"/><imc name="LABEL" value="L46"/><imc name="STMTS"><imc name="MOVE"><imc name="MEM"><imc name="BINOP" value="ADD"><imc name="TEMP" value="18"/><imc name="CONST" value="-8"/></imc></imc><imc name="CONST" value="1"/></imc><imc name="STMTS"><imc name="LABEL" value="L42"/><imc name="CJUMP" value="L43:L44"><imc name="BINOP" value="LEQ"><imc name="MEM"><imc name="BINOP" value="ADD"><imc name="TEMP" value="18"/><imc name="CONST" value="-8"/></imc></imc><imc name="MEM"><imc name="BINOP" value="ADD"><imc name="MEM"><imc name="TEMP" value="18"/></imc><imc name="CONST" value="16"/></imc></imc></imc></imc><imc name="LABEL" value="L43"/><imc name="STMTS"><imc name="MOVE"><imc name="MEM"><imc name="BINOP" value="ADD"><imc name="BINOP" value="ADD"><imc name="MEM"><imc name="TEMP" value="18"/></imc><imc name="CONST" value="-800"/></imc><imc name="BINOP" value="MUL"><imc name="MEM"><imc name="BINOP" value="ADD"><imc name="TEMP" value="18"/><imc name="CONST" value="8"/></imc></imc><imc name="CONST" value="8"/></imc></imc></imc><imc name="MEM"><imc name="BINOP" value="ADD"><imc name="TEMP" value="18"/><imc name="CONST" value="-8"/></imc></imc></imc><imc name="MOVE"><imc name="MEM"><imc name="BINOP" value="ADD"><imc name="TEMP" value="18"/><imc name="CONST" value="-8"/></imc></imc><imc name="BINOP" value="ADD"><imc name="MEM"><imc name="BINOP" value="ADD"><imc name="TEMP" value="18"/><imc name="CONST" value="-8"/></imc></imc><imc name="CONST" value="1"/></imc></imc><imc name="ESTMT"><imc name="CALL" value="L0"><imc name="MEM"><imc name="TEMP" value="18"/></imc><imc name="BINOP" value="ADD"><imc name="MEM"><imc name="BINOP" value="ADD"><imc name="TEMP" value="18"/><imc name="CONST" value="8"/></imc></imc><imc name="CONST" value="1"/></imc></imc></imc></imc><imc name="JUMP" value="L42"/><imc name="LABEL" value="L44"/></imc></imc><imc name="LABEL" value="L47"/></imc></node><location loc="116.11--130.13"/></node><node label="AtomExpr" lexeme="0" spec="INT"><location loc="131.11--131.11"/><type label="INT"/><imc name="CONST" value="0"/></node><location loc="116.11--133.20"/><type label="INT"/><imc name="SEXPR"><imc name="STMTS"><imc name="STMTS"><imc name="CJUMP" value="L45:L46"><imc name="BINOP" value="EQU"><imc name="MEM"><imc name="BINOP" value="ADD"><imc name="TEMP" value="18"/><imc name="CONST" value="8"/></imc></imc><imc name="MEM"><imc name="BINOP" value="ADD"><imc name="MEM"><imc name="TEMP" value="18"/></imc><imc name="CONST" value="8"/></imc></imc></imc></imc><imc name="LABEL" value="L45"/><imc name="STMTS"><imc name="MOVE"><imc name="MEM"><imc name="BINOP" value="ADD"><imc name="TEMP" value="18"/><imc name="CONST" value="-8"/></imc></imc><imc name="CONST" value="0"/></imc><imc name="STMTS"><imc name="LABEL" value="L39"/><imc name="CJUMP" value="L40:L41"><imc name="BINOP" value="LTH"><imc name="MEM"><imc name="BINOP" value="ADD"><imc name="TEMP" value="18"/><imc name="CONST" value="-8"/></imc></imc><imc name="MEM"><imc name="BINOP" value="ADD"><imc name="MEM"><imc name="TEMP" value="18"/></imc><imc name="CONST" value="8"/></imc></imc></imc></imc><imc name="LABEL" value="L40"/><imc name="STMTS"><imc name="ESTMT"><imc name="CALL" value="_putInt"><imc name="CONST" value="0"/><imc name="MEM"><imc name="BINOP" value="ADD"><imc name="BINOP" value="ADD"><imc name="MEM"><imc name="TEMP" value="18"/></imc><imc name="CONST" value="-800"/></imc><imc name="BINOP" value="MUL"><imc name="MEM"><imc name="BINOP" value="ADD"><imc name="TEMP" value="18"/><imc name="CONST" value="-8"/></imc></imc><imc name="CONST" value="8"/></imc></imc></imc></imc></imc><imc name="ESTMT"><imc name="CALL" value="_putChar"><imc name="CONST" value="0"/><imc name="CONST" value="32"/></imc></imc><imc name="MOVE"><imc name="MEM"><imc name="BINOP" value="ADD"><imc name="TEMP" value="18"/><imc name="CONST" value="-8"/></imc></imc><imc name="BINOP" value="ADD"><imc name="MEM"><imc name="BINOP" value="ADD"><imc name="TEMP" value="18"/><imc name="CONST" value="-8"/></imc></imc><imc name="CONST" value="1"/></imc></imc></imc><imc name="JUMP" value="L39"/><imc name="LABEL" value="L41"/></imc><imc name="ESTMT"><imc name="CALL" value="_putChar"><imc name="CONST" value="0"/><imc name="BINOP" value="MOD"><imc name="CONST" value="10"/><imc name="CONST" value="256"/></imc></imc></imc></imc><imc name="JUMP" value="L47"/><imc name="LABEL" value="L46"/><imc name="STMTS"><imc name="MOVE"><imc name="MEM"><imc name="BINOP" value="ADD"><imc name="TEMP" value="18"/><imc name="CONST" value="-8"/></imc></imc><imc name="CONST" value="1"/></imc><imc name="STMTS"><imc name="LABEL" value="L42"/><imc name="CJUMP" value="L43:L44"><imc name="BINOP" value="LEQ"><imc name="MEM"><imc name="BINOP" value="ADD"><imc name="TEMP" value="18"/><imc name="CONST" value="-8"/></imc></imc><imc name="MEM"><imc name="BINOP" value="ADD"><imc name="MEM"><imc name="TEMP" value="18"/></imc><imc name="CONST" value="16"/></imc></imc></imc></imc><imc name="LABEL" value="L43"/><imc name="STMTS"><imc name="MOVE"><imc name="MEM"><imc name="BINOP" value="ADD"><imc name="BINOP" value="ADD"><imc name="MEM"><imc name="TEMP" value="18"/></imc><imc name="CONST" value="-800"/></imc><imc name="BINOP" value="MUL"><imc name="MEM"><imc name="BINOP" value="ADD"><imc name="TEMP" value="18"/><imc name="CONST" value="8"/></imc></imc><imc name="CONST" value="8"/></imc></imc></imc><imc name="MEM"><imc name="BINOP" value="ADD"><imc name="TEMP" value="18"/><imc name="CONST" value="-8"/></imc></imc></imc><imc name="MOVE"><imc name="MEM"><imc name="BINOP" value="ADD"><imc name="TEMP" value="18"/><imc name="CONST" value="-8"/></imc></imc><imc name="BINOP" value="ADD"><imc name="MEM"><imc name="BINOP" value="ADD"><imc name="TEMP" value="18"/><imc name="CONST" value="-8"/></imc></imc><imc name="CONST" value="1"/></imc></imc><imc name="ESTMT"><imc name="CALL" value="L0"><imc name="MEM"><imc name="TEMP" value="18"/></imc><imc name="BINOP" value="ADD"><imc name="MEM"><imc name="BINOP" value="ADD"><imc name="TEMP" value="18"/><imc name="CONST" value="8"/></imc></imc><imc name="CONST" value="1"/></imc></imc></imc></imc><imc name="JUMP" value="L42"/><imc name="LABEL" value="L44"/></imc></imc><imc name="LABEL" value="L47"/></imc></imc><imc name="CONST" value="0"/></imc></node><location loc="115.7--134.10"/><frame FP="T18" RV="T19" argssize="16" depth="2" label="L0" locssize="8" size="40"/></node><location loc="113.7--134.10"/></node><node label="Stmts"><node label="AssignStmt"><node label="VarName" lexeme="i"><location loc="109.7--109.7"/><declaredAt location="114.7--114.16"/><imc name="BINOP" value="ADD"><imc name="TEMP" value="16"/><imc name="CONST" value="-808"/></imc></node><node label="AtomExpr" lexeme="0" spec="INT"><location loc="109.9--109.9"/><type label="INT"/><imc name="CONST" value="0"/></node><location loc="109.7--109.9"/><imc name="MOVE"><imc name="MEM"><imc name="BINOP" value="ADD"><imc name="TEMP" value="16"/><imc name="CONST" value="-808"/></imc></imc><imc name="CONST" value="0"/></imc></node><node label="WhileStmt"><node label="BinExpr" spec="LTH"><node label="VarName" lexeme="i"><location loc="109.18--109.18"/><declaredAt location="114.7--114.16"/><imc name="MEM"><imc name="BINOP" value="ADD"><imc name="TEMP" value="16"/><imc name="CONST" value="-808"/></imc></imc></node><node label="AtomExpr" lexeme="100" spec="INT"><location loc="109.20--109.22"/><type label="INT"/><imc name="CONST" value="100"/></node><location loc="109.18--109.22"/><type label="BOOL"/><imc name="BINOP" value="LTH"><imc name="MEM"><imc name="BINOP" value="ADD"><imc name="TEMP" value="16"/><imc name="CONST" value="-808"/></imc></imc><imc name="CONST" value="100"/></imc></node><node label="Stmts"><node label="AssignStmt"><node label="ArrExpr"><node label="VarName" lexeme="c"><location loc="109.27--109.27"/><declaredAt location="113.7--113.24"/><imc name="BINOP" value="ADD"><imc name="TEMP" value="16"/><imc name="CONST" value="-800"/></imc></node><node label="VarName" lexeme="i"><location loc="109.29--109.29"/><declaredAt location="114.7--114.16"/><imc name="MEM"><imc name="BINOP" value="ADD"><imc name="TEMP" value="16"/><imc name="CONST" value="-808"/></imc></imc></node><location loc="109.27--109.30"/><type label="INT"/><addr/><imc name="BINOP" value="ADD"><imc name="BINOP" value="ADD"><imc name="TEMP" value="16"/><imc name="CONST" value="-800"/></imc><imc name="BINOP" value="MUL"><imc name="MEM"><imc name="BINOP" value="ADD"><imc name="TEMP" value="16"/><imc name="CONST" value="-808"/></imc></imc><imc name="CONST" value="8"/></imc></imc></node><node label="AtomExpr" lexeme="0" spec="INT"><location loc="109.32--109.32"/><type label="INT"/><imc name="CONST" value="0"/></node><location loc="109.27--109.32"/><imc name="MOVE"><imc name="MEM"><imc name="BINOP" value="ADD"><imc name="BINOP" value="ADD"><imc name="TEMP" value="16"/><imc name="CONST" value="-800"/></imc><imc name="BINOP" value="MUL"><imc name="MEM"><imc name="BINOP" value="ADD"><imc name="TEMP" value="16"/><imc name="CONST" value="-808"/></imc></imc><imc name="CONST" value="8"/></imc></imc></imc><imc name="CONST" value="0"/></imc></node><node label="AssignStmt"><node label="VarName" lexeme="i"><location loc="109.35--109.35"/><declaredAt location="114.7--114.16"/><imc name="BINOP" value="ADD"><imc name="TEMP" value="16"/><imc name="CONST" value="-808"/></imc></node><node label="BinExpr" spec="ADD"><node label="VarName" lexeme="i"><location loc="109.37--109.37"/><declaredAt location="114.7--114.16"/><imc name="MEM"><imc name="BINOP" value="ADD"><imc name="TEMP" value="16"/><imc name="CONST" value="-808"/></imc></imc></node><node label="AtomExpr" lexeme="1" spec="INT"><location loc="109.39--109.39"/><type label="INT"/><imc name="CONST" value="1"/></node><location loc="109.37--109.39"/><type label="INT"/><imc name="BINOP" value="ADD"><imc name="MEM"><imc name="BINOP" value="ADD"><imc name="TEMP" value="16"/><imc name="CONST" value="-808"/></imc></imc><imc name="CONST" value="1"/></imc></node><location loc="109.35--109.39"/><imc name="MOVE"><imc name="MEM"><imc name="BINOP" value="ADD"><imc name="TEMP" value="16"/><imc name="CONST" value="-808"/></imc></imc><imc name="BINOP" value="ADD"><imc name="MEM"><imc name="BINOP" value="ADD"><imc name="TEMP" value="16"/><imc name="CONST" value="-808"/></imc></imc><imc name="CONST" value="1"/></imc></imc></node><location loc="109.27--109.39"/></node><location loc="109.12--109.44"/><imc name="STMTS"><imc name="LABEL" value="L48"/><imc name="CJUMP" value="L49:L50"><imc name="BINOP" value="LTH"><imc name="MEM"><imc name="BINOP" value="ADD"><imc name="TEMP" value="16"/><imc name="CONST" value="-808"/></imc></imc><imc name="CONST" value="100"/></imc></imc><imc name="LABEL" value="L49"/><imc name="STMTS"><imc name="MOVE"><imc name="MEM"><imc name="BINOP" value="ADD"><imc name="BINOP" value="ADD"><imc name="TEMP" value="16"/><imc name="CONST" value="-800"/></imc><imc name="BINOP" value="MUL"><imc name="MEM"><imc name="BINOP" value="ADD"><imc name="TEMP" value="16"/><imc name="CONST" value="-808"/></imc></imc><imc name="CONST" value="8"/></imc></imc></imc><imc name="CONST" value="0"/></imc><imc name="MOVE"><imc name="MEM"><imc name="BINOP" value="ADD"><imc name="TEMP" value="16"/><imc name="CONST" value="-808"/></imc></imc><imc name="BINOP" value="ADD"><imc name="MEM"><imc name="BINOP" value="ADD"><imc name="TEMP" value="16"/><imc name="CONST" value="-808"/></imc></imc><imc name="CONST" value="1"/></imc></imc></imc><imc name="JUMP" value="L48"/><imc name="LABEL" value="L50"/></imc></node><node label="ExprStmt"><node label="FunName" lexeme="gen"><node label="Args"><node label="AtomExpr" lexeme="0" spec="INT"><location loc="110.11--110.11"/><type label="INT"/><imc name="CONST" value="0"/></node><location loc="110.11--110.11"/></node><location loc="110.7--110.12"/><declaredAt location="115.7--134.10"/><type label="INT"/><imc name="CALL" value="L0"><imc name="TEMP" value="16"/><imc name="CONST" value="0"/></imc></node><location loc="110.7--110.12"/><imc name="ESTMT"><imc name="CALL" value="L0"><imc name="TEMP" value="16"/><imc name="CONST" value="0"/></imc></imc></node><location loc="109.7--110.12"/></node><node label="AtomExpr" lexeme="0" spec="INT"><location loc="111.7--111.7"/><type label="INT"/><imc name="CONST" value="0"/></node><location loc="109.7--134.10"/><type label="INT"/><imc name="SEXPR"><imc name="STMTS"><imc name="MOVE"><imc name="MEM"><imc name="BINOP" value="ADD"><imc name="TEMP" value="16"/><imc name="CONST" value="-808"/></imc></imc><imc name="CONST" value="0"/></imc><imc name="STMTS"><imc name="LABEL" value="L48"/><imc name="CJUMP" value="L49:L50"><imc name="BINOP" value="LTH"><imc name="MEM"><imc name="BINOP" value="ADD"><imc name="TEMP" value="16"/><imc name="CONST" value="-808"/></imc></imc><imc name="CONST" value="100"/></imc></imc><imc name="LABEL" value="L49"/><imc name="STMTS"><imc name="MOVE"><imc name="MEM"><imc name="BINOP" value="ADD"><imc name="BINOP" value="ADD"><imc name="TEMP" value="16"/><imc name="CONST" value="-800"/></imc><imc name="BINOP" value="MUL"><imc name="MEM"><imc name="BINOP" value="ADD"><imc name="TEMP" value="16"/><imc name="CONST" value="-808"/></imc></imc><imc name="CONST" value="8"/></imc></imc></imc><imc name="CONST" value="0"/></imc><imc name="MOVE"><imc name="MEM"><imc name="BINOP" value="ADD"><imc name="TEMP" value="16"/><imc name="CONST" value="-808"/></imc></imc><imc name="BINOP" value="ADD"><imc name="MEM"><imc name="BINOP" value="ADD"><imc name="TEMP" value="16"/><imc name="CONST" value="-808"/></imc></imc><imc name="CONST" value="1"/></imc></imc></imc><imc name="JUMP" value="L48"/><imc name="LABEL" value="L50"/></imc><imc name="ESTMT"><imc name="CALL" value="L0"><imc name="TEMP" value="16"/><imc name="CONST" value="0"/></imc></imc></imc><imc name="CONST" value="0"/></imc></node><location loc="108.1--135.6"/><frame FP="T16" RV="T17" argssize="16" depth="1" label="_combs" locssize="808" size="840"/></node><node label="FunDef" lexeme="sudoku"><node label="ParDecls"><node label="ParDecl" lexeme="t2d"><node label="PtrType"><node label="ArrType"><node label="AtomExpr" lexeme="9" spec="INT"><location loc="137.24--137.24"/></node><node label="ArrType"><node label="AtomExpr" lexeme="9" spec="INT"><location loc="137.31--137.31"/></node><node label="AtomType" spec="INT"><location loc="137.34--137.36"/></node><location loc="137.27--137.36"/><type label="ARR(9)" len="9"><type label="INT"/></type></node><location loc="137.20--137.36"/><type label="ARR(9)" len="9"><type label="ARR(9)" len="9"><type label="INT"/></type></type></node><location loc="137.16--137.36"/><type label="PTR"><type label="ARR(9)" len="9"><type label="ARR(9)" len="9"><type label="INT"/></type></type></type></node><location loc="137.12--137.36"/><access depth="1" offset="8" size="8"/></node><location loc="137.12--137.36"/></node><node label="AtomType" spec="INT"><location loc="137.39--137.41"/></node><node label="BlockExpr"><node label="Decls"><node label="VarDecl" lexeme="t1d"><node label="PtrType"><node label="ArrType"><node label="AtomExpr" lexeme="81" spec="INT"><location loc="141.23--141.24"/></node><node label="AtomType" spec="INT"><location loc="141.27--141.29"/></node><location loc="141.19--141.29"/><type label="ARR(81)" len="81"><type label="INT"/></type></node><location loc="141.15--141.29"/><type label="PTR"><type label="ARR(81)" len="81"><type label="INT"/></type></type></node><location loc="141.7--141.30"/><access depth="1" offset="-8" size="8"/></node><node label="FunDef" lexeme="check_h"><node label="ParDecls"><node label="ParDecl" lexeme="j"><node label="AtomType" spec="INT"><location loc="142.21--142.23"/></node><location loc="142.19--142.23"/><access depth="2" offset="8" size="8"/></node><location loc="142.19--142.23"/></node><node label="AtomType" spec="BOOL"><location loc="142.26--142.29"/></node><node label="BlockExpr"><node label="Decls"><node label="VarDecl" lexeme="mask"><node label="ArrType"><node label="AtomExpr" lexeme="10" spec="INT"><location loc="157.26--157.27"/></node><node label="AtomType" spec="BOOL"><location loc="157.30--157.33"/></node><location loc="157.22--157.33"/><type label="ARR(10)" len="10"><type label="BOOL"/></type></node><location loc="157.13--157.34"/><access depth="2" offset="-80" size="80"/></node><node label="VarDecl" lexeme="i"><node label="AtomType" spec="INT"><location loc="158.19--158.21"/></node><location loc="158.13--158.22"/><access depth="2" offset="-88" size="8"/></node><node label="VarDecl" lexeme="check"><node label="AtomType" spec="BOOL"><location loc="159.23--159.26"/></node><location loc="159.13--159.27"/><access depth="2" offset="-96" size="8"/></node><location loc="157.13--159.27"/></node><node label="Stmts"><node label="AssignStmt"><node label="VarName" lexeme="check"><location loc="143.13--143.17"/><declaredAt location="159.13--159.27"/><imc name="BINOP" value="ADD"><imc name="TEMP" value="22"/><imc name="CONST" value="-96"/></imc></node><node label="AtomExpr" lexeme="true" spec="BOOL"><location loc="143.19--143.22"/><type label="BOOL"/><imc name="CONST" value="1"/></node><location loc="143.13--143.22"/><imc name="MOVE"><imc name="MEM"><imc name="BINOP" value="ADD"><imc name="TEMP" value="22"/><imc name="CONST" value="-96"/></imc></imc><imc name="CONST" value="1"/></imc></node><node label="AssignStmt"><node label="VarName" lexeme="i"><location loc="144.13--144.13"/><declaredAt location="158.13--158.22"/><imc name="BINOP" value="ADD"><imc name="TEMP" value="22"/><imc name="CONST" value="-88"/></imc></node><node label="AtomExpr" lexeme="1" spec="INT"><location loc="144.15--144.15"/><type label="INT"/><imc name="CONST" value="1"/></node><location loc="144.13--144.15"/><imc name="MOVE"><imc name="MEM"><imc name="BINOP" value="ADD"><imc name="TEMP" value="22"/><imc name="CONST" value="-88"/></imc></imc><imc name="CONST" value="1"/></imc></node><node label="WhileStmt"><node label="BinExpr" spec="LEQ"><node label="VarName" lexeme="i"><location loc="144.24--144.24"/><declaredAt location="158.13--158.22"/><imc name="MEM"><imc name="BINOP" value="ADD"><imc name="TEMP" value="22"/><imc name="CONST" value="-88"/></imc></imc></node><node label="AtomExpr" lexeme="9" spec="INT"><location loc="144.27--144.27"/><type label="INT"/><imc name="CONST" value="9"/></node><location loc="144.24--144.27"/><type label="BOOL"/><imc name="BINOP" value="LEQ"><imc name="MEM"><imc name="BINOP" value="ADD"><imc name="TEMP" value="22"/><imc name="CONST" value="-88"/></imc></imc><imc name="CONST" value="9"/></imc></node><node label="Stmts"><node label="AssignStmt"><node label="ArrExpr"><node label="VarName" lexeme="mask"><location loc="144.32--144.35"/><declaredAt location="157.13--157.34"/><imc name="BINOP" value="ADD"><imc name="TEMP" value="22"/><imc name="CONST" value="-80"/></imc></node><node label="VarName" lexeme="i"><location loc="144.37--144.37"/><declaredAt location="158.13--158.22"/><imc name="MEM"><imc name="BINOP" value="ADD"><imc name="TEMP" value="22"/><imc name="CONST" value="-88"/></imc></imc></node><location loc="144.32--144.38"/><type label="BOOL"/><addr/><imc name="BINOP" value="ADD"><imc name="BINOP" value="ADD"><imc name="TEMP" value="22"/><imc name="CONST" value="-80"/></imc><imc name="BINOP" value="MUL"><imc name="MEM"><imc name="BINOP" value="ADD"><imc name="TEMP" value="22"/><imc name="CONST" value="-88"/></imc></imc><imc name="CONST" value="8"/></imc></imc></node><node label="AtomExpr" lexeme="false" spec="BOOL"><location loc="144.40--144.44"/><type label="BOOL"/><imc name="CONST" value="0"/></node><location loc="144.32--144.44"/><imc name="MOVE"><imc name="MEM"><imc name="BINOP" value="ADD"><imc name="BINOP" value="ADD"><imc name="TEMP" value="22"/><imc name="CONST" value="-80"/></imc><imc name="BINOP" value="MUL"><imc name="MEM"><imc name="BINOP" value="ADD"><imc name="TEMP" value="22"/><imc name="CONST" value="-88"/></imc></imc><imc name="CONST" value="8"/></imc></imc></imc><imc name="CONST" value="0"/></imc></node><node label="AssignStmt"><node label="VarName" lexeme="i"><location loc="144.47--144.47"/><declaredAt location="158.13--158.22"/><imc name="BINOP" value="ADD"><imc name="TEMP" value="22"/><imc name="CONST" value="-88"/></imc></node><node label="BinExpr" spec="ADD"><node label="VarName" lexeme="i"><location loc="144.49--144.49"/><declaredAt location="158.13--158.22"/><imc name="MEM"><imc name="BINOP" value="ADD"><imc name="TEMP" value="22"/><imc name="CONST" value="-88"/></imc></imc></node><node label="AtomExpr" lexeme="1" spec="INT"><location loc="144.51--144.51"/><type label="INT"/><imc name="CONST" value="1"/></node><location loc="144.49--144.51"/><type label="INT"/><imc name="BINOP" value="ADD"><imc name="MEM"><imc name="BINOP" value="ADD"><imc name="TEMP" value="22"/><imc name="CONST" value="-88"/></imc></imc><imc name="CONST" value="1"/></imc></node><location loc="144.47--144.51"/><imc name="MOVE"><imc name="MEM"><imc name="BINOP" value="ADD"><imc name="TEMP" value="22"/><imc name="CONST" value="-88"/></imc></imc><imc name="BINOP" value="ADD"><imc name="MEM"><imc name="BINOP" value="ADD"><imc name="TEMP" value="22"/><imc name="CONST" value="-88"/></imc></imc><imc name="CONST" value="1"/></imc></imc></node><location loc="144.32--144.51"/></node><location loc="144.18--144.56"/><imc name="STMTS"><imc name="LABEL" value="L51"/><imc name="CJUMP" value="L52:L53"><imc name="BINOP" value="LEQ"><imc name="MEM"><imc name="BINOP" value="ADD"><imc name="TEMP" value="22"/><imc name="CONST" value="-88"/></imc></imc><imc name="CONST" value="9"/></imc></imc><imc name="LABEL" value="L52"/><imc name="STMTS"><imc name="MOVE"><imc name="MEM"><imc name="BINOP" value="ADD"><imc name="BINOP" value="ADD"><imc name="TEMP" value="22"/><imc name="CONST" value="-80"/></imc><imc name="BINOP" value="MUL"><imc name="MEM"><imc name="BINOP" value="ADD"><imc name="TEMP" value="22"/><imc name="CONST" value="-88"/></imc></imc><imc name="CONST" value="8"/></imc></imc></imc><imc name="CONST" value="0"/></imc><imc name="MOVE"><imc name="MEM"><imc name="BINOP" value="ADD"><imc name="TEMP" value="22"/><imc name="CONST" value="-88"/></imc></imc><imc name="BINOP" value="ADD"><imc name="MEM"><imc name="BINOP" value="ADD"><imc name="TEMP" value="22"/><imc name="CONST" value="-88"/></imc></imc><imc name="CONST" value="1"/></imc></imc></imc><imc name="JUMP" value="L51"/><imc name="LABEL" value="L53"/></imc></node><node label="AssignStmt"><node label="VarName" lexeme="i"><location loc="145.13--145.13"/><declaredAt location="158.13--158.22"/><imc name="BINOP" value="ADD"><imc name="TEMP" value="22"/><imc name="CONST" value="-88"/></imc></node><node label="AtomExpr" lexeme="0" spec="INT"><location loc="145.15--145.15"/><type label="INT"/><imc name="CONST" value="0"/></node><location loc="145.13--145.15"/><imc name="MOVE"><imc name="MEM"><imc name="BINOP" value="ADD"><imc name="TEMP" value="22"/><imc name="CONST" value="-88"/></imc></imc><imc name="CONST" value="0"/></imc></node><node label="WhileStmt"><node label="BinExpr" spec="LTH"><node label="VarName" lexeme="i"><location loc="146.19--146.19"/><declaredAt location="158.13--158.22"/><imc name="MEM"><imc name="BINOP" value="ADD"><imc name="TEMP" value="22"/><imc name="CONST" value="-88"/></imc></imc></node><node label="AtomExpr" lexeme="9" spec="INT"><location loc="146.21--146.21"/><type label="INT"/><imc name="CONST" value="9"/></node><location loc="146.19--146.21"/><type label="BOOL"/><imc name="BINOP" value="LTH"><imc name="MEM"><imc name="BINOP" value="ADD"><imc name="TEMP" value="22"/><imc name="CONST" value="-88"/></imc></imc><imc name="CONST" value="9"/></imc></node><node label="Stmts"><node label="IfStmt"><node label="BinExpr" spec="NEQ"><node label="ArrExpr"><node label="ArrExpr"><node label="UnExpr" spec="DATA"><node label="VarName" lexeme="t2d"><location loc="147.20--147.22"/><declaredAt location="137.12--137.36"/><type label="PTR"><type label="ARR(9)" len="9"><type label="ARR(9)" len="9"><type label="INT"/></type></type></type><imc name="MEM"><imc name="BINOP" value="ADD"><imc name="MEM"><imc name="TEMP" value="22"/></imc><imc name="CONST" value="8"/></imc></imc></node><location loc="147.19--147.22"/><type label="ARR(9)" len="9"><type label="ARR(9)" len="9"><type label="INT"/></type></type><addr/><imc name="BINOP" value="ADD"><imc name="MEM"><imc name="TEMP" value="22"/></imc><imc name="CONST" value="8"/></imc></node><node label="VarName" lexeme="j"><location loc="147.25--147.25"/><declaredAt location="142.19--142.23"/><imc name="MEM"><imc name="BINOP" value="ADD"><imc name="TEMP" value="22"/><imc name="CONST" value="8"/></imc></imc></node><location loc="147.19--147.26"/><type label="ARR(9)" len="9"><type label="INT"/></type><addr/><imc name="BINOP" value="ADD"><imc name="MEM"><imc name="BINOP" value="ADD"><imc name="MEM"><imc name="TEMP" value="22"/></imc><imc name="CONST" value="8"/></imc></imc><imc name="BINOP" value="MUL"><imc name="MEM"><imc name="BINOP" value="ADD"><imc name="TEMP" value="22"/><imc name="CONST" value="8"/></imc></imc><imc name="CONST" value="72"/></imc></imc></node><node label="VarName" lexeme="i"><location loc="147.28--147.28"/><declaredAt location="158.13--158.22"/><imc name="MEM"><imc name="BINOP" value="ADD"><imc name="TEMP" value="22"/><imc name="CONST" value="-88"/></imc></imc></node><location loc="147.19--147.29"/><type label="INT"/><addr/><imc name="MEM"><imc name="BINOP" value="ADD"><imc name="BINOP" value="ADD"><imc name="MEM"><imc name="BINOP" value="ADD"><imc name="MEM"><imc name="TEMP" value="22"/></imc><imc name="CONST" value="8"/></imc></imc><imc name="BINOP" value="MUL"><imc name="MEM"><imc name="BINOP" value="ADD"><imc name="TEMP" value="22"/><imc name="CONST" value="8"/></imc></imc><imc name="CONST" value="72"/></imc></imc><imc name="BINOP" value="MUL"><imc name="MEM"><imc name="BINOP" value="ADD"><imc name="TEMP" value="22"/><imc name="CONST" value="-88"/></imc></imc><imc name="CONST" value="8"/></imc></imc></imc></node><node label="AtomExpr" lexeme="0" spec="INT"><location loc="147.32--147.32"/><type label="INT"/><imc name="CONST" value="0"/></node><location loc="147.19--147.32"/><type label="BOOL"/><imc name="BINOP" value="NEQ"><imc name="MEM"><imc name="BINOP" value="ADD"><imc name="BINOP" value="ADD"><imc name="MEM"><imc name="BINOP" value="ADD"><imc name="MEM"><imc name="TEMP" value="22"/></imc><imc name="CONST" value="8"/></imc></imc><imc name="BINOP" value="MUL"><imc name="MEM"><imc name="BINOP" value="ADD"><imc name="TEMP" value="22"/><imc name="CONST" value="8"/></imc></imc><imc name="CONST" value="72"/></imc></imc><imc name="BINOP" value="MUL"><imc name="MEM"><imc name="BINOP" value="ADD"><imc name="TEMP" value="22"/><imc name="CONST" value="-88"/></imc></imc><imc name="CONST" value="8"/></imc></imc></imc><imc name="CONST" value="0"/></imc></node><node label="Stmts"><node label="IfStmt"><node label="ArrExpr"><node label="VarName" lexeme="mask"><location loc="148.20--148.23"/><declaredAt location="157.13--157.34"/><imc name="BINOP" value="ADD"><imc name="TEMP" value="22"/><imc name="CONST" value="-80"/></imc></node><node label="ArrExpr"><node label="ArrExpr"><node label="UnExpr" spec="DATA"><node label="VarName" lexeme="t2d"><location loc="148.27--148.29"/><declaredAt location="137.12--137.36"/><type label="PTR"><type label="ARR(9)" len="9"><type label="ARR(9)" len="9"><type label="INT"/></type></type></type><imc name="MEM"><imc name="BINOP" value="ADD"><imc name="MEM"><imc name="TEMP" value="22"/></imc><imc name="CONST" value="8"/></imc></imc></node><location loc="148.26--148.29"/><type label="ARR(9)" len="9"><type label="ARR(9)" len="9"><type label="INT"/></type></type><addr/><imc name="BINOP" value="ADD"><imc name="MEM"><imc name="TEMP" value="22"/></imc><imc name="CONST" value="8"/></imc></node><node label="VarName" lexeme="j"><location loc="148.32--148.32"/><declaredAt location="142.19--142.23"/><imc name="MEM"><imc name="BINOP" value="ADD"><imc name="TEMP" value="22"/><imc name="CONST" value="8"/></imc></imc></node><location loc="148.26--148.33"/><type label="ARR(9)" len="9"><type label="INT"/></type><addr/><imc name="BINOP" value="ADD"><imc name="MEM"><imc name="BINOP" value="ADD"><imc name="MEM"><imc name="TEMP" value="22"/></imc><imc name="CONST" value="8"/></imc></imc><imc name="BINOP" value="MUL"><imc name="MEM"><imc name="BINOP" value="ADD"><imc name="TEMP" value="22"/><imc name="CONST" value="8"/></imc></imc><imc name="CONST" value="72"/></imc></imc></node><node label="VarName" lexeme="i"><location loc="148.35--148.35"/><declaredAt location="158.13--158.22"/><imc name="MEM"><imc name="BINOP" value="ADD"><imc name="TEMP" value="22"/><imc name="CONST" value="-88"/></imc></imc></node><location loc="148.26--148.36"/><type label="INT"/><addr/><imc name="MEM"><imc name="BINOP" value="ADD"><imc name="BINOP" value="ADD"><imc name="MEM"><imc name="BINOP" value="ADD"><imc name="MEM"><imc name="TEMP" value="22"/></imc><imc name="CONST" value="8"/></imc></imc><imc name="BINOP" value="MUL"><imc name="MEM"><imc name="BINOP" value="ADD"><imc name="TEMP" value="22"/><imc name="CONST" value="8"/></imc></imc><imc name="CONST" value="72"/></imc></imc><imc name="BINOP" value="MUL"><imc name="MEM"><imc name="BINOP" value="ADD"><imc name="TEMP" value="22"/><imc name="CONST" value="-88"/></imc></imc><imc name="CONST" value="8"/></imc></imc></imc></node><location loc="148.20--148.37"/><type label="BOOL"/><addr/><imc name="MEM"><imc name="BINOP" value="ADD"><imc name="BINOP" value="ADD"><imc name="TEMP" value="22"/><imc name="CONST" value="-80"/></imc><imc name="BINOP" value="MUL"><imc name="MEM"><imc name="BINOP" value="ADD"><imc name="BINOP" value="ADD"><imc name="MEM"><imc name="BINOP" value="ADD"><imc name="MEM"><imc name="TEMP" value="22"/></imc><imc name="CONST" value="8"/></imc></imc><imc name="BINOP" value="MUL"><imc name="MEM"><imc name="BINOP" value="ADD"><imc name="TEMP" value="22"/><imc name="CONST" value="8"/></imc></imc><imc name="CONST" value="72"/></imc></imc><imc name="BINOP" value="MUL"><imc name="MEM"><imc name="BINOP" value="ADD"><imc name="TEMP" value="22"/><imc name="CONST" value="-88"/></imc></imc><imc name="CONST" value="8"/></imc></imc></imc><imc name="CONST" value="8"/></imc></imc></imc></node><node label="Stmts"><node label="AssignStmt"><node label="VarName" lexeme="check"><location loc="149.24--149.28"/><declaredAt location="159.13--159.27"/><imc name="BINOP" value="ADD"><imc name="TEMP" value="22"/><imc name="CONST" value="-96"/></imc></node><node label="AtomExpr" lexeme="false" spec="BOOL"><location loc="149.30--149.34"/><type label="BOOL"/><imc name="CONST" value="0"/></node><location loc="149.24--149.34"/><imc name="MOVE"><imc name="MEM"><imc name="BINOP" value="ADD"><imc name="TEMP" value="22"/><imc name="CONST" value="-96"/></imc></imc><imc name="CONST" value="0"/></imc></node><location loc="149.24--149.34"/></node><node label="Stmts"><node label="AssignStmt"><node label="ArrExpr"><node label="VarName" lexeme="mask"><location loc="150.24--150.27"/><declaredAt location="157.13--157.34"/><imc name="BINOP" value="ADD"><imc name="TEMP" value="22"/><imc name="CONST" value="-80"/></imc></node><node label="ArrExpr"><node label="ArrExpr"><node label="UnExpr" spec="DATA"><node label="VarName" lexeme="t2d"><location loc="150.31--150.33"/><declaredAt location="137.12--137.36"/><type label="PTR"><type label="ARR(9)" len="9"><type label="ARR(9)" len="9"><type label="INT"/></type></type></type><imc name="MEM"><imc name="BINOP" value="ADD"><imc name="MEM"><imc name="TEMP" value="22"/></imc><imc name="CONST" value="8"/></imc></imc></node><location loc="150.30--150.33"/><type label="ARR(9)" len="9"><type label="ARR(9)" len="9"><type label="INT"/></type></type><addr/><imc name="BINOP" value="ADD"><imc name="MEM"><imc name="TEMP" value="22"/></imc><imc name="CONST" value="8"/></imc></node><node label="VarName" lexeme="j"><location loc="150.36--150.36"/><declaredAt location="142.19--142.23"/><imc name="MEM"><imc name="BINOP" value="ADD"><imc name="TEMP" value="22"/><imc name="CONST" value="8"/></imc></imc></node><location loc="150.30--150.37"/><type label="ARR(9)" len="9"><type label="INT"/></type><addr/><imc name="BINOP" value="ADD"><imc name="MEM"><imc name="BINOP" value="ADD"><imc name="MEM"><imc name="TEMP" value="22"/></imc><imc name="CONST" value="8"/></imc></imc><imc name="BINOP" value="MUL"><imc name="MEM"><imc name="BINOP" value="ADD"><imc name="TEMP" value="22"/><imc name="CONST" value="8"/></imc></imc><imc name="CONST" value="72"/></imc></imc></node><node label="VarName" lexeme="i"><location loc="150.39--150.39"/><declaredAt location="158.13--158.22"/><imc name="MEM"><imc name="BINOP" value="ADD"><imc name="TEMP" value="22"/><imc name="CONST" value="-88"/></imc></imc></node><location loc="150.30--150.40"/><type label="INT"/><addr/><imc name="MEM"><imc name="BINOP" value="ADD"><imc name="BINOP" value="ADD"><imc name="MEM"><imc name="BINOP" value="ADD"><imc name="MEM"><imc name="TEMP" value="22"/></imc><imc name="CONST" value="8"/></imc></imc><imc name="BINOP" value="MUL"><imc name="MEM"><imc name="BINOP" value="ADD"><imc name="TEMP" value="22"/><imc name="CONST" value="8"/></imc></imc><imc name="CONST" value="72"/></imc></imc><imc name="BINOP" value="MUL"><imc name="MEM"><imc name="BINOP" value="ADD"><imc name="TEMP" value="22"/><imc name="CONST" value="-88"/></imc></imc><imc name="CONST" value="8"/></imc></imc></imc></node><location loc="150.24--150.41"/><type label="BOOL"/><addr/><imc name="BINOP" value="ADD"><imc name="BINOP" value="ADD"><imc name="TEMP" value="22"/><imc name="CONST" value="-80"/></imc><imc name="BINOP" value="MUL"><imc name="MEM"><imc name="BINOP" value="ADD"><imc name="BINOP" value="ADD"><imc name="MEM"><imc name="BINOP" value="ADD"><imc name="MEM"><imc name="TEMP" value="22"/></imc><imc name="CONST" value="8"/></imc></imc><imc name="BINOP" value="MUL"><imc name="MEM"><imc name="BINOP" value="ADD"><imc name="TEMP" value="22"/><imc name="CONST" value="8"/></imc></imc><imc name="CONST" value="72"/></imc></imc><imc name="BINOP" value="MUL"><imc name="MEM"><imc name="BINOP" value="ADD"><imc name="TEMP" value="22"/><imc name="CONST" value="-88"/></imc></imc><imc name="CONST" value="8"/></imc></imc></imc><imc name="CONST" value="8"/></imc></imc></node><node label="AtomExpr" lexeme="true" spec="BOOL"><location loc="150.43--150.46"/><type label="BOOL"/><imc name="CONST" value="1"/></node><location loc="150.24--150.46"/><imc name="MOVE"><imc name="MEM"><imc name="BINOP" value="ADD"><imc name="BINOP" value="ADD"><imc name="TEMP" value="22"/><imc name="CONST" value="-80"/></imc><imc name="BINOP" value="MUL"><imc name="MEM"><imc name="BINOP" value="ADD"><imc name="BINOP" value="ADD"><imc name="MEM"><imc name="BINOP" value="ADD"><imc name="MEM"><imc name="TEMP" value="22"/></imc><imc name="CONST" value="8"/></imc></imc><imc name="BINOP" value="MUL"><imc name="MEM"><imc name="BINOP" value="ADD"><imc name="TEMP" value="22"/><imc name="CONST" value="8"/></imc></imc><imc name="CONST" value="72"/></imc></imc><imc name="BINOP" value="MUL"><imc name="MEM"><imc name="BINOP" value="ADD"><imc name="TEMP" value="22"/><imc name="CONST" value="-88"/></imc></imc><imc name="CONST" value="8"/></imc></imc></imc><imc name="CONST" value="8"/></imc></imc></imc><imc name="CONST" value="1"/></imc></node><location loc="150.24--150.46"/></node><location loc="148.17--151.19"/><imc name="STMTS"><imc name="CJUMP" value="L54:L55"><imc name="MEM"><imc name="BINOP" value="ADD"><imc name="BINOP" value="ADD"><imc name="TEMP" value="22"/><imc name="CONST" value="-80"/></imc><imc name="BINOP" value="MUL"><imc name="MEM"><imc name="BINOP" value="ADD"><imc name="BINOP" value="ADD"><imc name="MEM"><imc name="BINOP" value="ADD"><imc name="MEM"><imc name="TEMP" value="22"/></imc><imc name="CONST" value="8"/></imc></imc><imc name="BINOP" value="MUL"><imc name="MEM"><imc name="BINOP" value="ADD"><imc name="TEMP" value="22"/><imc name="CONST" value="8"/></imc></imc><imc name="CONST" value="72"/></imc></imc><imc name="BINOP" value="MUL"><imc name="MEM"><imc name="BINOP" value="ADD"><imc name="TEMP" value="22"/><imc name="CONST" value="-88"/></imc></imc><imc name="CONST" value="8"/></imc></imc></imc><imc name="CONST" value="8"/></imc></imc></imc></imc><imc name="LABEL" value="L54"/><imc name="STMTS"><imc name="MOVE"><imc name="MEM"><imc name="BINOP" value="ADD"><imc name="TEMP" value="22"/><imc name="CONST" value="-96"/></imc></imc><imc name="CONST" value="0"/></imc></imc><imc name="JUMP" value="L56"/><imc name="LABEL" value="L55"/><imc name="STMTS"><imc name="MOVE"><imc name="MEM"><imc name="BINOP" value="ADD"><imc name="BINOP" value="ADD"><imc name="TEMP" value="22"/><imc name="CONST" value="-80"/></imc><imc name="BINOP" value="MUL"><imc name="MEM"><imc name="BINOP" value="ADD"><imc name="BINOP" value="ADD"><imc name="MEM"><imc name="BINOP" value="ADD"><imc name="MEM"><imc name="TEMP" value="22"/></imc><imc name="CONST" value="8"/></imc></imc><imc name="BINOP" value="MUL"><imc name="MEM"><imc name="BINOP" value="ADD"><imc name="TEMP" value="22"/><imc name="CONST" value="8"/></imc></imc><imc name="CONST" value="72"/></imc></imc><imc name="BINOP" value="MUL"><imc name="MEM"><imc name="BINOP" value="ADD"><imc name="TEMP" value="22"/><imc name="CONST" value="-88"/></imc></imc><imc name="CONST" value="8"/></imc></imc></imc><imc name="CONST" value="8"/></imc></imc></imc><imc name="CONST" value="1"/></imc></imc><imc name="LABEL" value="L56"/></imc></node><location loc="148.17--151.19"/></node><node label="Stmts"><location loc="0.0--0.0"/></node><location loc="147.15--152.17"/><imc name="STMTS"><imc name="CJUMP" value="L57:L58"><imc name="BINOP" value="NEQ"><imc name="MEM"><imc name="BINOP" value="ADD"><imc name="BINOP" value="ADD"><imc name="MEM"><imc name="BINOP" value="ADD"><imc name="MEM"><imc name="TEMP" value="22"/></imc><imc name="CONST" value="8"/></imc></imc><imc name="BINOP" value="MUL"><imc name="MEM"><imc name="BINOP" value="ADD"><imc name="TEMP" value="22"/><imc name="CONST" value="8"/></imc></imc><imc name="CONST" value="72"/></imc></imc><imc name="BINOP" value="MUL"><imc name="MEM"><imc name="BINOP" value="ADD"><imc name="TEMP" value="22"/><imc name="CONST" value="-88"/></imc></imc><imc name="CONST" value="8"/></imc></imc></imc><imc name="CONST" value="0"/></imc></imc><imc name="LABEL" value="L57"/><imc name="STMTS"><imc name="STMTS"><imc name="CJUMP" value="L54:L55"><imc name="MEM"><imc name="BINOP" value="ADD"><imc name="BINOP" value="ADD"><imc name="TEMP" value="22"/><imc name="CONST" value="-80"/></imc><imc name="BINOP" value="MUL"><imc name="MEM"><imc name="BINOP" value="ADD"><imc name="BINOP" value="ADD"><imc name="MEM"><imc name="BINOP" value="ADD"><imc name="MEM"><imc name="TEMP" value="22"/></imc><imc name="CONST" value="8"/></imc></imc><imc name="BINOP" value="MUL"><imc name="MEM"><imc name="BINOP" value="ADD"><imc name="TEMP" value="22"/><imc name="CONST" value="8"/></imc></imc><imc name="CONST" value="72"/></imc></imc><imc name="BINOP" value="MUL"><imc name="MEM"><imc name="BINOP" value="ADD"><imc name="TEMP" value="22"/><imc name="CONST" value="-88"/></imc></imc><imc name="CONST" value="8"/></imc></imc></imc><imc name="CONST" value="8"/></imc></imc></imc></imc><imc name="LABEL" value="L54"/><imc name="STMTS"><imc name="MOVE"><imc name="MEM"><imc name="BINOP" value="ADD"><imc name="TEMP" value="22"/><imc name="CONST" value="-96"/></imc></imc><imc name="CONST" value="0"/></imc></imc><imc name="JUMP" value="L56"/><imc name="LABEL" value="L55"/><imc name="STMTS"><imc name="MOVE"><imc name="MEM"><imc name="BINOP" value="ADD"><imc name="BINOP" value="ADD"><imc name="TEMP" value="22"/><imc name="CONST" value="-80"/></imc><imc name="BINOP" value="MUL"><imc name="MEM"><imc name="BINOP" value="ADD"><imc name="BINOP" value="ADD"><imc name="MEM"><imc name="BINOP" value="ADD"><imc name="MEM"><imc name="TEMP" value="22"/></imc><imc name="CONST" value="8"/></imc></imc><imc name="BINOP" value="MUL"><imc name="MEM"><imc name="BINOP" value="ADD"><imc name="TEMP" value="22"/><imc name="CONST" value="8"/></imc></imc><imc name="CONST" value="72"/></imc></imc><imc name="BINOP" value="MUL"><imc name="MEM"><imc name="BINOP" value="ADD"><imc name="TEMP" value="22"/><imc name="CONST" value="-88"/></imc></imc><imc name="CONST" value="8"/></imc></imc></imc><imc name="CONST" value="8"/></imc></imc></imc><imc name="CONST" value="1"/></imc></imc><imc name="LABEL" value="L56"/></imc></imc><imc name="LABEL" value="L58"/></imc></node><node label="AssignStmt"><node label="VarName" lexeme="i"><location loc="153.15--153.15"/><declaredAt location="158.13--158.22"/><imc name="BINOP" value="ADD"><imc name="TEMP" value="22"/><imc name="CONST" value="-88"/></imc></node><node label="BinExpr" spec="ADD"><node label="VarName" lexeme="i"><location loc="153.17--153.17"/><declaredAt location="158.13--158.22"/><imc name="MEM"><imc name="BINOP" value="ADD"><imc name="TEMP" value="22"/><imc name="CONST" value="-88"/></imc></imc></node><node label="AtomExpr" lexeme="1" spec="INT"><location loc="153.19--153.19"/><type label="INT"/><imc name="CONST" value="1"/></node><location loc="153.17--153.19"/><type label="INT"/><imc name="BINOP" value="ADD"><imc name="MEM"><imc name="BINOP" value="ADD"><imc name="TEMP" value="22"/><imc name="CONST" value="-88"/></imc></imc><imc name="CONST" value="1"/></imc></node><location loc="153.15--153.19"/><imc name="MOVE"><imc name="MEM"><imc name="BINOP" value="ADD"><imc name="TEMP" value="22"/><imc name="CONST" value="-88"/></imc></imc><imc name="BINOP" value="ADD"><imc name="MEM"><imc name="BINOP" value="ADD"><imc name="TEMP" value="22"/><imc name="CONST" value="-88"/></imc></imc><imc name="CONST" value="1"/></imc></imc></node><location loc="147.15--153.19"/></node><location loc="146.13--154.15"/><imc name="STMTS"><imc name="LABEL" value="L59"/><imc name="CJUMP" value="L60:L61"><imc name="BINOP" value="LTH"><imc name="MEM"><imc name="BINOP" value="ADD"><imc name="TEMP" value="22"/><imc name="CONST" value="-88"/></imc></imc><imc name="CONST" value="9"/></imc></imc><imc name="LABEL" value="L60"/><imc name="STMTS"><imc name="STMTS"><imc name="CJUMP" value="L57:L58"><imc name="BINOP" value="NEQ"><imc name="MEM"><imc name="BINOP" value="ADD"><imc name="BINOP" value="ADD"><imc name="MEM"><imc name="BINOP" value="ADD"><imc name="MEM"><imc name="TEMP" value="22"/></imc><imc name="CONST" value="8"/></imc></imc><imc name="BINOP" value="MUL"><imc name="MEM"><imc name="BINOP" value="ADD"><imc name="TEMP" value="22"/><imc name="CONST" value="8"/></imc></imc><imc name="CONST" value="72"/></imc></imc><imc name="BINOP" value="MUL"><imc name="MEM"><imc name="BINOP" value="ADD"><imc name="TEMP" value="22"/><imc name="CONST" value="-88"/></imc></imc><imc name="CONST" value="8"/></imc></imc></imc><imc name="CONST" value="0"/></imc></imc><imc name="LABEL" value="L57"/><imc name="STMTS"><imc name="STMTS"><imc name="CJUMP" value="L54:L55"><imc name="MEM"><imc name="BINOP" value="ADD"><imc name="BINOP" value="ADD"><imc name="TEMP" value="22"/><imc name="CONST" value="-80"/></imc><imc name="BINOP" value="MUL"><imc name="MEM"><imc name="BINOP" value="ADD"><imc name="BINOP" value="ADD"><imc name="MEM"><imc name="BINOP" value="ADD"><imc name="MEM"><imc name="TEMP" value="22"/></imc><imc name="CONST" value="8"/></imc></imc><imc name="BINOP" value="MUL"><imc name="MEM"><imc name="BINOP" value="ADD"><imc name="TEMP" value="22"/><imc name="CONST" value="8"/></imc></imc><imc name="CONST" value="72"/></imc></imc><imc name="BINOP" value="MUL"><imc name="MEM"><imc name="BINOP" value="ADD"><imc name="TEMP" value="22"/><imc name="CONST" value="-88"/></imc></imc><imc name="CONST" value="8"/></imc></imc></imc><imc name="CONST" value="8"/></imc></imc></imc></imc><imc name="LABEL" value="L54"/><imc name="STMTS"><imc name="MOVE"><imc name="MEM"><imc name="BINOP" value="ADD"><imc name="TEMP" value="22"/><imc name="CONST" value="-96"/></imc></imc><imc name="CONST" value="0"/></imc></imc><imc name="JUMP" value="L56"/><imc name="LABEL" value="L55"/><imc name="STMTS"><imc name="MOVE"><imc name="MEM"><imc name="BINOP" value="ADD"><imc name="BINOP" value="ADD"><imc name="TEMP" value="22"/><imc name="CONST" value="-80"/></imc><imc name="BINOP" value="MUL"><imc name="MEM"><imc name="BINOP" value="ADD"><imc name="BINOP" value="ADD"><imc name="MEM"><imc name="BINOP" value="ADD"><imc name="MEM"><imc name="TEMP" value="22"/></imc><imc name="CONST" value="8"/></imc></imc><imc name="BINOP" value="MUL"><imc name="MEM"><imc name="BINOP" value="ADD"><imc name="TEMP" value="22"/><imc name="CONST" value="8"/></imc></imc><imc name="CONST" value="72"/></imc></imc><imc name="BINOP" value="MUL"><imc name="MEM"><imc name="BINOP" value="ADD"><imc name="TEMP" value="22"/><imc name="CONST" value="-88"/></imc></imc><imc name="CONST" value="8"/></imc></imc></imc><imc name="CONST" value="8"/></imc></imc></imc><imc name="CONST" value="1"/></imc></imc><imc name="LABEL" value="L56"/></imc></imc><imc name="LABEL" value="L58"/></imc><imc name="MOVE"><imc name="MEM"><imc name="BINOP" value="ADD"><imc name="TEMP" value="22"/><imc name="CONST" value="-88"/></imc></imc><imc name="BINOP" value="ADD"><imc name="MEM"><imc name="BINOP" value="ADD"><imc name="TEMP" value="22"/><imc name="CONST" value="-88"/></imc></imc><imc name="CONST" value="1"/></imc></imc></imc><imc name="JUMP" value="L59"/><imc name="LABEL" value="L61"/></imc></node><location loc="143.13--154.15"/></node><node label="VarName" lexeme="check"><location loc="155.13--155.17"/><declaredAt location="159.13--159.27"/><imc name="MEM"><imc name="BINOP" value="ADD"><imc name="TEMP" value="22"/><imc name="CONST" value="-96"/></imc></imc></node><location loc="143.13--159.27"/><type label="BOOL"/><imc name="SEXPR"><imc name="STMTS"><imc name="MOVE"><imc name="MEM"><imc name="BINOP" value="ADD"><imc name="TEMP" value="22"/><imc name="CONST" value="-96"/></imc></imc><imc name="CONST" value="1"/></imc><imc name="MOVE"><imc name="MEM"><imc name="BINOP" value="ADD"><imc name="TEMP" value="22"/><imc name="CONST" value="-88"/></imc></imc><imc name="CONST" value="1"/></imc><imc name="STMTS"><imc name="LABEL" value="L51"/><imc name="CJUMP" value="L52:L53"><imc name="BINOP" value="LEQ"><imc name="MEM"><imc name="BINOP" value="ADD"><imc name="TEMP" value="22"/><imc name="CONST" value="-88"/></imc></imc><imc name="CONST" value="9"/></imc></imc><imc name="LABEL" value="L52"/><imc name="STMTS"><imc name="MOVE"><imc name="MEM"><imc name="BINOP" value="ADD"><imc name="BINOP" value="ADD"><imc name="TEMP" value="22"/><imc name="CONST" value="-80"/></imc><imc name="BINOP" value="MUL"><imc name="MEM"><imc name="BINOP" value="ADD"><imc name="TEMP" value="22"/><imc name="CONST" value="-88"/></imc></imc><imc name="CONST" value="8"/></imc></imc></imc><imc name="CONST" value="0"/></imc><imc name="MOVE"><imc name="MEM"><imc name="BINOP" value="ADD"><imc name="TEMP" value="22"/><imc name="CONST" value="-88"/></imc></imc><imc name="BINOP" value="ADD"><imc name="MEM"><imc name="BINOP" value="ADD"><imc name="TEMP" value="22"/><imc name="CONST" value="-88"/></imc></imc><imc name="CONST" value="1"/></imc></imc></imc><imc name="JUMP" value="L51"/><imc name="LABEL" value="L53"/></imc><imc name="MOVE"><imc name="MEM"><imc name="BINOP" value="ADD"><imc name="TEMP" value="22"/><imc name="CONST" value="-88"/></imc></imc><imc name="CONST" value="0"/></imc><imc name="STMTS"><imc name="LABEL" value="L59"/><imc name="CJUMP" value="L60:L61"><imc name="BINOP" value="LTH"><imc name="MEM"><imc name="BINOP" value="ADD"><imc name="TEMP" value="22"/><imc name="CONST" value="-88"/></imc></imc><imc name="CONST" value="9"/></imc></imc><imc name="LABEL" value="L60"/><imc name="STMTS"><imc name="STMTS"><imc name="CJUMP" value="L57:L58"><imc name="BINOP" value="NEQ"><imc name="MEM"><imc name="BINOP" value="ADD"><imc name="BINOP" value="ADD"><imc name="MEM"><imc name="BINOP" value="ADD"><imc name="MEM"><imc name="TEMP" value="22"/></imc><imc name="CONST" value="8"/></imc></imc><imc name="BINOP" value="MUL"><imc name="MEM"><imc name="BINOP" value="ADD"><imc name="TEMP" value="22"/><imc name="CONST" value="8"/></imc></imc><imc name="CONST" value="72"/></imc></imc><imc name="BINOP" value="MUL"><imc name="MEM"><imc name="BINOP" value="ADD"><imc name="TEMP" value="22"/><imc name="CONST" value="-88"/></imc></imc><imc name="CONST" value="8"/></imc></imc></imc><imc name="CONST" value="0"/></imc></imc><imc name="LABEL" value="L57"/><imc name="STMTS"><imc name="STMTS"><imc name="CJUMP" value="L54:L55"><imc name="MEM"><imc name="BINOP" value="ADD"><imc name="BINOP" value="ADD"><imc name="TEMP" value="22"/><imc name="CONST" value="-80"/></imc><imc name="BINOP" value="MUL"><imc name="MEM"><imc name="BINOP" value="ADD"><imc name="BINOP" value="ADD"><imc name="MEM"><imc name="BINOP" value="ADD"><imc name="MEM"><imc name="TEMP" value="22"/></imc><imc name="CONST" value="8"/></imc></imc><imc name="BINOP" value="MUL"><imc name="MEM"><imc name="BINOP" value="ADD"><imc name="TEMP" value="22"/><imc name="CONST" value="8"/></imc></imc><imc name="CONST" value="72"/></imc></imc><imc name="BINOP" value="MUL"><imc name="MEM"><imc name="BINOP" value="ADD"><imc name="TEMP" value="22"/><imc name="CONST" value="-88"/></imc></imc><imc name="CONST" value="8"/></imc></imc></imc><imc name="CONST" value="8"/></imc></imc></imc></imc><imc name="LABEL" value="L54"/><imc name="STMTS"><imc name="MOVE"><imc name="MEM"><imc name="BINOP" value="ADD"><imc name="TEMP" value="22"/><imc name="CONST" value="-96"/></imc></imc><imc name="CONST" value="0"/></imc></imc><imc name="JUMP" value="L56"/><imc name="LABEL" value="L55"/><imc name="STMTS"><imc name="MOVE"><imc name="MEM"><imc name="BINOP" value="ADD"><imc name="BINOP" value="ADD"><imc name="TEMP" value="22"/><imc name="CONST" value="-80"/></imc><imc name="BINOP" value="MUL"><imc name="MEM"><imc name="BINOP" value="ADD"><imc name="BINOP" value="ADD"><imc name="MEM"><imc name="BINOP" value="ADD"><imc name="MEM"><imc name="TEMP" value="22"/></imc><imc name="CONST" value="8"/></imc></imc><imc name="BINOP" value="MUL"><imc name="MEM"><imc name="BINOP" value="ADD"><imc name="TEMP" value="22"/><imc name="CONST" value="8"/></imc></imc><imc name="CONST" value="72"/></imc></imc><imc name="BINOP" value="MUL"><imc name="MEM"><imc name="BINOP" value="ADD"><imc name="TEMP" value="22"/><imc name="CONST" value="-88"/></imc></imc><imc name="CONST" value="8"/></imc></imc></imc><imc name="CONST" value="8"/></imc></imc></imc><imc name="CONST" value="1"/></imc></imc><imc name="LABEL" value="L56"/></imc></imc><imc name="LABEL" value="L58"/></imc><imc name="MOVE"><imc name="MEM"><imc name="BINOP" value="ADD"><imc name="TEMP" value="22"/><imc name="CONST" value="-88"/></imc></imc><imc name="BINOP" value="ADD"><imc name="MEM"><imc name="BINOP" value="ADD"><imc name="TEMP" value="22"/><imc name="CONST" value="-88"/></imc></imc><imc name="CONST" value="1"/></imc></imc></imc><imc name="JUMP" value="L59"/><imc name="LABEL" value="L61"/></imc></imc><imc name="MEM"><imc name="BINOP" value="ADD"><imc name="TEMP" value="22"/><imc name="CONST" value="-96"/></imc></imc></imc></node><location loc="142.7--160.12"/><frame FP="T22" RV="T23" argssize="0" depth="2" label="L1" locssize="96" size="112"/></node><node label="FunDef" lexeme="check_v"><node label="ParDecls"><node label="ParDecl" lexeme="i"><node label="AtomType" spec="INT"><location loc="161.21--161.23"/></node><location loc="161.19--161.23"/><access depth="2" offset="8" size="8"/></node><location loc="161.19--161.23"/></node><node label="AtomType" spec="BOOL"><location loc="161.26--161.29"/></node><node label="BlockExpr"><node label="Decls"><node label="VarDecl" lexeme="mask"><node label="ArrType"><node label="AtomExpr" lexeme="10" spec="INT"><location loc="176.26--176.27"/></node><node label="AtomType" spec="BOOL"><location loc="176.30--176.33"/></node><location loc="176.22--176.33"/><type label="ARR(10)" len="10"><type label="BOOL"/></type></node><location loc="176.13--176.34"/><access depth="2" offset="-80" size="80"/></node><node label="VarDecl" lexeme="j"><node label="AtomType" spec="INT"><location loc="177.19--177.21"/></node><location loc="177.13--177.22"/><access depth="2" offset="-88" size="8"/></node><node label="VarDecl" lexeme="check"><node label="AtomType" spec="BOOL"><location loc="178.23--178.26"/></node><location loc="178.13--178.27"/><access depth="2" offset="-96" size="8"/></node><location loc="176.13--178.27"/></node><node label="Stmts"><node label="AssignStmt"><node label="VarName" lexeme="check"><location loc="162.13--162.17"/><declaredAt location="178.13--178.27"/><imc name="BINOP" value="ADD"><imc name="TEMP" value="24"/><imc name="CONST" value="-96"/></imc></node><node label="AtomExpr" lexeme="true" spec="BOOL"><location loc="162.19--162.22"/><type label="BOOL"/><imc name="CONST" value="1"/></node><location loc="162.13--162.22"/><imc name="MOVE"><imc name="MEM"><imc name="BINOP" value="ADD"><imc name="TEMP" value="24"/><imc name="CONST" value="-96"/></imc></imc><imc name="CONST" value="1"/></imc></node><node label="AssignStmt"><node label="VarName" lexeme="j"><location loc="163.13--163.13"/><declaredAt location="177.13--177.22"/><imc name="BINOP" value="ADD"><imc name="TEMP" value="24"/><imc name="CONST" value="-88"/></imc></node><node label="AtomExpr" lexeme="1" spec="INT"><location loc="163.15--163.15"/><type label="INT"/><imc name="CONST" value="1"/></node><location loc="163.13--163.15"/><imc name="MOVE"><imc name="MEM"><imc name="BINOP" value="ADD"><imc name="TEMP" value="24"/><imc name="CONST" value="-88"/></imc></imc><imc name="CONST" value="1"/></imc></node><node label="WhileStmt"><node label="BinExpr" spec="LEQ"><node label="VarName" lexeme="j"><location loc="163.24--163.24"/><declaredAt location="177.13--177.22"/><imc name="MEM"><imc name="BINOP" value="ADD"><imc name="TEMP" value="24"/><imc name="CONST" value="-88"/></imc></imc></node><node label="AtomExpr" lexeme="9" spec="INT"><location loc="163.27--163.27"/><type label="INT"/><imc name="CONST" value="9"/></node><location loc="163.24--163.27"/><type label="BOOL"/><imc name="BINOP" value="LEQ"><imc name="MEM"><imc name="BINOP" value="ADD"><imc name="TEMP" value="24"/><imc name="CONST" value="-88"/></imc></imc><imc name="CONST" value="9"/></imc></node><node label="Stmts"><node label="AssignStmt"><node label="ArrExpr"><node label="VarName" lexeme="mask"><location loc="163.32--163.35"/><declaredAt location="176.13--176.34"/><imc name="BINOP" value="ADD"><imc name="TEMP" value="24"/><imc name="CONST" value="-80"/></imc></node><node label="VarName" lexeme="j"><location loc="163.37--163.37"/><declaredAt location="177.13--177.22"/><imc name="MEM"><imc name="BINOP" value="ADD"><imc name="TEMP" value="24"/><imc name="CONST" value="-88"/></imc></imc></node><location loc="163.32--163.38"/><type label="BOOL"/><addr/><imc name="BINOP" value="ADD"><imc name="BINOP" value="ADD"><imc name="TEMP" value="24"/><imc name="CONST" value="-80"/></imc><imc name="BINOP" value="MUL"><imc name="MEM"><imc name="BINOP" value="ADD"><imc name="TEMP" value="24"/><imc name="CONST" value="-88"/></imc></imc><imc name="CONST" value="8"/></imc></imc></node><node label="AtomExpr" lexeme="false" spec="BOOL"><location loc="163.40--163.44"/><type label="BOOL"/><imc name="CONST" value="0"/></node><location loc="163.32--163.44"/><imc name="MOVE"><imc name="MEM"><imc name="BINOP" value="ADD"><imc name="BINOP" value="ADD"><imc name="TEMP" value="24"/><imc name="CONST" value="-80"/></imc><imc name="BINOP" value="MUL"><imc name="MEM"><imc name="BINOP" value="ADD"><imc name="TEMP" value="24"/><imc name="CONST" value="-88"/></imc></imc><imc name="CONST" value="8"/></imc></imc></imc><imc name="CONST" value="0"/></imc></node><node label="AssignStmt"><node label="VarName" lexeme="j"><location loc="163.47--163.47"/><declaredAt location="177.13--177.22"/><imc name="BINOP" value="ADD"><imc name="TEMP" value="24"/><imc name="CONST" value="-88"/></imc></node><node label="BinExpr" spec="ADD"><node label="VarName" lexeme="j"><location loc="163.49--163.49"/><declaredAt location="177.13--177.22"/><imc name="MEM"><imc name="BINOP" value="ADD"><imc name="TEMP" value="24"/><imc name="CONST" value="-88"/></imc></imc></node><node label="AtomExpr" lexeme="1" spec="INT"><location loc="163.51--163.51"/><type label="INT"/><imc name="CONST" value="1"/></node><location loc="163.49--163.51"/><type label="INT"/><imc name="BINOP" value="ADD"><imc name="MEM"><imc name="BINOP" value="ADD"><imc name="TEMP" value="24"/><imc name="CONST" value="-88"/></imc></imc><imc name="CONST" value="1"/></imc></node><location loc="163.47--163.51"/><imc name="MOVE"><imc name="MEM"><imc name="BINOP" value="ADD"><imc name="TEMP" value="24"/><imc name="CONST" value="-88"/></imc></imc><imc name="BINOP" value="ADD"><imc name="MEM"><imc name="BINOP" value="ADD"><imc name="TEMP" value="24"/><imc name="CONST" value="-88"/></imc></imc><imc name="CONST" value="1"/></imc></imc></node><location loc="163.32--163.51"/></node><location loc="163.18--163.56"/><imc name="STMTS"><imc name="LABEL" value="L62"/><imc name="CJUMP" value="L63:L64"><imc name="BINOP" value="LEQ"><imc name="MEM"><imc name="BINOP" value="ADD"><imc name="TEMP" value="24"/><imc name="CONST" value="-88"/></imc></imc><imc name="CONST" value="9"/></imc></imc><imc name="LABEL" value="L63"/><imc name="STMTS"><imc name="MOVE"><imc name="MEM"><imc name="BINOP" value="ADD"><imc name="BINOP" value="ADD"><imc name="TEMP" value="24"/><imc name="CONST" value="-80"/></imc><imc name="BINOP" value="MUL"><imc name="MEM"><imc name="BINOP" value="ADD"><imc name="TEMP" value="24"/><imc name="CONST" value="-88"/></imc></imc><imc name="CONST" value="8"/></imc></imc></imc><imc name="CONST" value="0"/></imc><imc name="MOVE"><imc name="MEM"><imc name="BINOP" value="ADD"><imc name="TEMP" value="24"/><imc name="CONST" value="-88"/></imc></imc><imc name="BINOP" value="ADD"><imc name="MEM"><imc name="BINOP" value="ADD"><imc name="TEMP" value="24"/><imc name="CONST" value="-88"/></imc></imc><imc name="CONST" value="1"/></imc></imc></imc><imc name="JUMP" value="L62"/><imc name="LABEL" value="L64"/></imc></node><node label="AssignStmt"><node label="VarName" lexeme="j"><location loc="164.13--164.13"/><declaredAt location="177.13--177.22"/><imc name="BINOP" value="ADD"><imc name="TEMP" value="24"/><imc name="CONST" value="-88"/></imc></node><node label="AtomExpr" lexeme="0" spec="INT"><location loc="164.15--164.15"/><type label="INT"/><imc name="CONST" value="0"/></node><location loc="164.13--164.15"/><imc name="MOVE"><imc name="MEM"><imc name="BINOP" value="ADD"><imc name="TEMP" value="24"/><imc name="CONST" value="-88"/></imc></imc><imc name="CONST" value="0"/></imc></node><node label="WhileStmt"><node label="BinExpr" spec="LTH"><node label="VarName" lexeme="j"><location loc="165.19--165.19"/><declaredAt location="177.13--177.22"/><imc name="MEM"><imc name="BINOP" value="ADD"><imc name="TEMP" value="24"/><imc name="CONST" value="-88"/></imc></imc></node><node label="AtomExpr" lexeme="9" spec="INT"><location loc="165.21--165.21"/><type label="INT"/><imc name="CONST" value="9"/></node><location loc="165.19--165.21"/><type label="BOOL"/><imc name="BINOP" value="LTH"><imc name="MEM"><imc name="BINOP" value="ADD"><imc name="TEMP" value="24"/><imc name="CONST" value="-88"/></imc></imc><imc name="CONST" value="9"/></imc></node><node label="Stmts"><node label="IfStmt"><node label="BinExpr" spec="NEQ"><node label="ArrExpr"><node label="ArrExpr"><node label="UnExpr" spec="DATA"><node label="VarName" lexeme="t2d"><location loc="166.20--166.22"/><declaredAt location="137.12--137.36"/><type label="PTR"><type label="ARR(9)" len="9"><type label="ARR(9)" len="9"><type label="INT"/></type></type></type><imc name="MEM"><imc name="BINOP" value="ADD"><imc name="MEM"><imc name="TEMP" value="24"/></imc><imc name="CONST" value="8"/></imc></imc></node><location loc="166.19--166.22"/><type label="ARR(9)" len="9"><type label="ARR(9)" len="9"><type label="INT"/></type></type><addr/><imc name="BINOP" value="ADD"><imc name="MEM"><imc name="TEMP" value="24"/></imc><imc name="CONST" value="8"/></imc></node><node label="VarName" lexeme="j"><location loc="166.25--166.25"/><declaredAt location="177.13--177.22"/><imc name="MEM"><imc name="BINOP" value="ADD"><imc name="TEMP" value="24"/><imc name="CONST" value="-88"/></imc></imc></node><location loc="166.19--166.26"/><type label="ARR(9)" len="9"><type label="INT"/></type><addr/><imc name="BINOP" value="ADD"><imc name="MEM"><imc name="BINOP" value="ADD"><imc name="MEM"><imc name="TEMP" value="24"/></imc><imc name="CONST" value="8"/></imc></imc><imc name="BINOP" value="MUL"><imc name="MEM"><imc name="BINOP" value="ADD"><imc name="TEMP" value="24"/><imc name="CONST" value="-88"/></imc></imc><imc name="CONST" value="72"/></imc></imc></node><node label="VarName" lexeme="i"><location loc="166.28--166.28"/><declaredAt location="161.19--161.23"/><imc name="MEM"><imc name="BINOP" value="ADD"><imc name="TEMP" value="24"/><imc name="CONST" value="8"/></imc></imc></node><location loc="166.19--166.29"/><type label="INT"/><addr/><imc name="MEM"><imc name="BINOP" value="ADD"><imc name="BINOP" value="ADD"><imc name="MEM"><imc name="BINOP" value="ADD"><imc name="MEM"><imc name="TEMP" value="24"/></imc><imc name="CONST" value="8"/></imc></imc><imc name="BINOP" value="MUL"><imc name="MEM"><imc name="BINOP" value="ADD"><imc name="TEMP" value="24"/><imc name="CONST" value="-88"/></imc></imc><imc name="CONST" value="72"/></imc></imc><imc name="BINOP" value="MUL"><imc name="MEM"><imc name="BINOP" value="ADD"><imc name="TEMP" value="24"/><imc name="CONST" value="8"/></imc></imc><imc name="CONST" value="8"/></imc></imc></imc></node><node label="AtomExpr" lexeme="0" spec="INT"><location loc="166.32--166.32"/><type label="INT"/><imc name="CONST" value="0"/></node><location loc="166.19--166.32"/><type label="BOOL"/><imc name="BINOP" value="NEQ"><imc name="MEM"><imc name="BINOP" value="ADD"><imc name="BINOP" value="ADD"><imc name="MEM"><imc name="BINOP" value="ADD"><imc name="MEM"><imc name="TEMP" value="24"/></imc><imc name="CONST" value="8"/></imc></imc><imc name="BINOP" value="MUL"><imc name="MEM"><imc name="BINOP" value="ADD"><imc name="TEMP" value="24"/><imc name="CONST" value="-88"/></imc></imc><imc name="CONST" value="72"/></imc></imc><imc name="BINOP" value="MUL"><imc name="MEM"><imc name="BINOP" value="ADD"><imc name="TEMP" value="24"/><imc name="CONST" value="8"/></imc></imc><imc name="CONST" value="8"/></imc></imc></imc><imc name="CONST" value="0"/></imc></node><node label="Stmts"><node label="IfStmt"><node label="ArrExpr"><node label="VarName" lexeme="mask"><location loc="167.20--167.23"/><declaredAt location="176.13--176.34"/><imc name="BINOP" value="ADD"><imc name="TEMP" value="24"/><imc name="CONST" value="-80"/></imc></node><node label="ArrExpr"><node label="ArrExpr"><node label="UnExpr" spec="DATA"><node label="VarName" lexeme="t2d"><location loc="167.27--167.29"/><declaredAt location="137.12--137.36"/><type label="PTR"><type label="ARR(9)" len="9"><type label="ARR(9)" len="9"><type label="INT"/></type></type></type><imc name="MEM"><imc name="BINOP" value="ADD"><imc name="MEM"><imc name="TEMP" value="24"/></imc><imc name="CONST" value="8"/></imc></imc></node><location loc="167.26--167.29"/><type label="ARR(9)" len="9"><type label="ARR(9)" len="9"><type label="INT"/></type></type><addr/><imc name="BINOP" value="ADD"><imc name="MEM"><imc name="TEMP" value="24"/></imc><imc name="CONST" value="8"/></imc></node><node label="VarName" lexeme="j"><location loc="167.32--167.32"/><declaredAt location="177.13--177.22"/><imc name="MEM"><imc name="BINOP" value="ADD"><imc name="TEMP" value="24"/><imc name="CONST" value="-88"/></imc></imc></node><location loc="167.26--167.33"/><type label="ARR(9)" len="9"><type label="INT"/></type><addr/><imc name="BINOP" value="ADD"><imc name="MEM"><imc name="BINOP" value="ADD"><imc name="MEM"><imc name="TEMP" value="24"/></imc><imc name="CONST" value="8"/></imc></imc><imc name="BINOP" value="MUL"><imc name="MEM"><imc name="BINOP" value="ADD"><imc name="TEMP" value="24"/><imc name="CONST" value="-88"/></imc></imc><imc name="CONST" value="72"/></imc></imc></node><node label="VarName" lexeme="i"><location loc="167.35--167.35"/><declaredAt location="161.19--161.23"/><imc name="MEM"><imc name="BINOP" value="ADD"><imc name="TEMP" value="24"/><imc name="CONST" value="8"/></imc></imc></node><location loc="167.26--167.36"/><type label="INT"/><addr/><imc name="MEM"><imc name="BINOP" value="ADD"><imc name="BINOP" value="ADD"><imc name="MEM"><imc name="BINOP" value="ADD"><imc name="MEM"><imc name="TEMP" value="24"/></imc><imc name="CONST" value="8"/></imc></imc><imc name="BINOP" value="MUL"><imc name="MEM"><imc name="BINOP" value="ADD"><imc name="TEMP" value="24"/><imc name="CONST" value="-88"/></imc></imc><imc name="CONST" value="72"/></imc></imc><imc name="BINOP" value="MUL"><imc name="MEM"><imc name="BINOP" value="ADD"><imc name="TEMP" value="24"/><imc name="CONST" value="8"/></imc></imc><imc name="CONST" value="8"/></imc></imc></imc></node><location loc="167.20--167.37"/><type label="BOOL"/><addr/><imc name="MEM"><imc name="BINOP" value="ADD"><imc name="BINOP" value="ADD"><imc name="TEMP" value="24"/><imc name="CONST" value="-80"/></imc><imc name="BINOP" value="MUL"><imc name="MEM"><imc name="BINOP" value="ADD"><imc name="BINOP" value="ADD"><imc name="MEM"><imc name="BINOP" value="ADD"><imc name="MEM"><imc name="TEMP" value="24"/></imc><imc name="CONST" value="8"/></imc></imc><imc name="BINOP" value="MUL"><imc name="MEM"><imc name="BINOP" value="ADD"><imc name="TEMP" value="24"/><imc name="CONST" value="-88"/></imc></imc><imc name="CONST" value="72"/></imc></imc><imc name="BINOP" value="MUL"><imc name="MEM"><imc name="BINOP" value="ADD"><imc name="TEMP" value="24"/><imc name="CONST" value="8"/></imc></imc><imc name="CONST" value="8"/></imc></imc></imc><imc name="CONST" value="8"/></imc></imc></imc></node><node label="Stmts"><node label="AssignStmt"><node label="VarName" lexeme="check"><location loc="168.24--168.28"/><declaredAt location="178.13--178.27"/><imc name="BINOP" value="ADD"><imc name="TEMP" value="24"/><imc name="CONST" value="-96"/></imc></node><node label="AtomExpr" lexeme="false" spec="BOOL"><location loc="168.30--168.34"/><type label="BOOL"/><imc name="CONST" value="0"/></node><location loc="168.24--168.34"/><imc name="MOVE"><imc name="MEM"><imc name="BINOP" value="ADD"><imc name="TEMP" value="24"/><imc name="CONST" value="-96"/></imc></imc><imc name="CONST" value="0"/></imc></node><location loc="168.24--168.34"/></node><node label="Stmts"><node label="AssignStmt"><node label="ArrExpr"><node label="VarName" lexeme="mask"><location loc="169.24--169.27"/><declaredAt location="176.13--176.34"/><imc name="BINOP" value="ADD"><imc name="TEMP" value="24"/><imc name="CONST" value="-80"/></imc></node><node label="ArrExpr"><node label="ArrExpr"><node label="UnExpr" spec="DATA"><node label="VarName" lexeme="t2d"><location loc="169.31--169.33"/><declaredAt location="137.12--137.36"/><type label="PTR"><type label="ARR(9)" len="9"><type label="ARR(9)" len="9"><type label="INT"/></type></type></type><imc name="MEM"><imc name="BINOP" value="ADD"><imc name="MEM"><imc name="TEMP" value="24"/></imc><imc name="CONST" value="8"/></imc></imc></node><location loc="169.30--169.33"/><type label="ARR(9)" len="9"><type label="ARR(9)" len="9"><type label="INT"/></type></type><addr/><imc name="BINOP" value="ADD"><imc name="MEM"><imc name="TEMP" value="24"/></imc><imc name="CONST" value="8"/></imc></node><node label="VarName" lexeme="j"><location loc="169.36--169.36"/><declaredAt location="177.13--177.22"/><imc name="MEM"><imc name="BINOP" value="ADD"><imc name="TEMP" value="24"/><imc name="CONST" value="-88"/></imc></imc></node><location loc="169.30--169.37"/><type label="ARR(9)" len="9"><type label="INT"/></type><addr/><imc name="BINOP" value="ADD"><imc name="MEM"><imc name="BINOP" value="ADD"><imc name="MEM"><imc name="TEMP" value="24"/></imc><imc name="CONST" value="8"/></imc></imc><imc name="BINOP" value="MUL"><imc name="MEM"><imc name="BINOP" value="ADD"><imc name="TEMP" value="24"/><imc name="CONST" value="-88"/></imc></imc><imc name="CONST" value="72"/></imc></imc></node><node label="VarName" lexeme="i"><location loc="169.39--169.39"/><declaredAt location="161.19--161.23"/><imc name="MEM"><imc name="BINOP" value="ADD"><imc name="TEMP" value="24"/><imc name="CONST" value="8"/></imc></imc></node><location loc="169.30--169.40"/><type label="INT"/><addr/><imc name="MEM"><imc name="BINOP" value="ADD"><imc name="BINOP" value="ADD"><imc name="MEM"><imc name="BINOP" value="ADD"><imc name="MEM"><imc name="TEMP" value="24"/></imc><imc name="CONST" value="8"/></imc></imc><imc name="BINOP" value="MUL"><imc name="MEM"><imc name="BINOP" value="ADD"><imc name="TEMP" value="24"/><imc name="CONST" value="-88"/></imc></imc><imc name="CONST" value="72"/></imc></imc><imc name="BINOP" value="MUL"><imc name="MEM"><imc name="BINOP" value="ADD"><imc name="TEMP" value="24"/><imc name="CONST" value="8"/></imc></imc><imc name="CONST" value="8"/></imc></imc></imc></node><location loc="169.24--169.41"/><type label="BOOL"/><addr/><imc name="BINOP" value="ADD"><imc name="BINOP" value="ADD"><imc name="TEMP" value="24"/><imc name="CONST" value="-80"/></imc><imc name="BINOP" value="MUL"><imc name="MEM"><imc name="BINOP" value="ADD"><imc name="BINOP" value="ADD"><imc name="MEM"><imc name="BINOP" value="ADD"><imc name="MEM"><imc name="TEMP" value="24"/></imc><imc name="CONST" value="8"/></imc></imc><imc name="BINOP" value="MUL"><imc name="MEM"><imc name="BINOP" value="ADD"><imc name="TEMP" value="24"/><imc name="CONST" value="-88"/></imc></imc><imc name="CONST" value="72"/></imc></imc><imc name="BINOP" value="MUL"><imc name="MEM"><imc name="BINOP" value="ADD"><imc name="TEMP" value="24"/><imc name="CONST" value="8"/></imc></imc><imc name="CONST" value="8"/></imc></imc></imc><imc name="CONST" value="8"/></imc></imc></node><node label="AtomExpr" lexeme="true" spec="BOOL"><location loc="169.43--169.46"/><type label="BOOL"/><imc name="CONST" value="1"/></node><location loc="169.24--169.46"/><imc name="MOVE"><imc name="MEM"><imc name="BINOP" value="ADD"><imc name="BINOP" value="ADD"><imc name="TEMP" value="24"/><imc name="CONST" value="-80"/></imc><imc name="BINOP" value="MUL"><imc name="MEM"><imc name="BINOP" value="ADD"><imc name="BINOP" value="ADD"><imc name="MEM"><imc name="BINOP" value="ADD"><imc name="MEM"><imc name="TEMP" value="24"/></imc><imc name="CONST" value="8"/></imc></imc><imc name="BINOP" value="MUL"><imc name="MEM"><imc name="BINOP" value="ADD"><imc name="TEMP" value="24"/><imc name="CONST" value="-88"/></imc></imc><imc name="CONST" value="72"/></imc></imc><imc name="BINOP" value="MUL"><imc name="MEM"><imc name="BINOP" value="ADD"><imc name="TEMP" value="24"/><imc name="CONST" value="8"/></imc></imc><imc name="CONST" value="8"/></imc></imc></imc><imc name="CONST" value="8"/></imc></imc></imc><imc name="CONST" value="1"/></imc></node><location loc="169.24--169.46"/></node><location loc="167.17--170.19"/><imc name="STMTS"><imc name="CJUMP" value="L65:L66"><imc name="MEM"><imc name="BINOP" value="ADD"><imc name="BINOP" value="ADD"><imc name="TEMP" value="24"/><imc name="CONST" value="-80"/></imc><imc name="BINOP" value="MUL"><imc name="MEM"><imc name="BINOP" value="ADD"><imc name="BINOP" value="ADD"><imc name="MEM"><imc name="BINOP" value="ADD"><imc name="MEM"><imc name="TEMP" value="24"/></imc><imc name="CONST" value="8"/></imc></imc><imc name="BINOP" value="MUL"><imc name="MEM"><imc name="BINOP" value="ADD"><imc name="TEMP" value="24"/><imc name="CONST" value="-88"/></imc></imc><imc name="CONST" value="72"/></imc></imc><imc name="BINOP" value="MUL"><imc name="MEM"><imc name="BINOP" value="ADD"><imc name="TEMP" value="24"/><imc name="CONST" value="8"/></imc></imc><imc name="CONST" value="8"/></imc></imc></imc><imc name="CONST" value="8"/></imc></imc></imc></imc><imc name="LABEL" value="L65"/><imc name="STMTS"><imc name="MOVE"><imc name="MEM"><imc name="BINOP" value="ADD"><imc name="TEMP" value="24"/><imc name="CONST" value="-96"/></imc></imc><imc name="CONST" value="0"/></imc></imc><imc name="JUMP" value="L67"/><imc name="LABEL" value="L66"/><imc name="STMTS"><imc name="MOVE"><imc name="MEM"><imc name="BINOP" value="ADD"><imc name="BINOP" value="ADD"><imc name="TEMP" value="24"/><imc name="CONST" value="-80"/></imc><imc name="BINOP" value="MUL"><imc name="MEM"><imc name="BINOP" value="ADD"><imc name="BINOP" value="ADD"><imc name="MEM"><imc name="BINOP" value="ADD"><imc name="MEM"><imc name="TEMP" value="24"/></imc><imc name="CONST" value="8"/></imc></imc><imc name="BINOP" value="MUL"><imc name="MEM"><imc name="BINOP" value="ADD"><imc name="TEMP" value="24"/><imc name="CONST" value="-88"/></imc></imc><imc name="CONST" value="72"/></imc></imc><imc name="BINOP" value="MUL"><imc name="MEM"><imc name="BINOP" value="ADD"><imc name="TEMP" value="24"/><imc name="CONST" value="8"/></imc></imc><imc name="CONST" value="8"/></imc></imc></imc><imc name="CONST" value="8"/></imc></imc></imc><imc name="CONST" value="1"/></imc></imc><imc name="LABEL" value="L67"/></imc></node><location loc="167.17--170.19"/></node><node label="Stmts"><location loc="0.0--0.0"/></node><location loc="166.15--171.17"/><imc name="STMTS"><imc name="CJUMP" value="L68:L69"><imc name="BINOP" value="NEQ"><imc name="MEM"><imc name="BINOP" value="ADD"><imc name="BINOP" value="ADD"><imc name="MEM"><imc name="BINOP" value="ADD"><imc name="MEM"><imc name="TEMP" value="24"/></imc><imc name="CONST" value="8"/></imc></imc><imc name="BINOP" value="MUL"><imc name="MEM"><imc name="BINOP" value="ADD"><imc name="TEMP" value="24"/><imc name="CONST" value="-88"/></imc></imc><imc name="CONST" value="72"/></imc></imc><imc name="BINOP" value="MUL"><imc name="MEM"><imc name="BINOP" value="ADD"><imc name="TEMP" value="24"/><imc name="CONST" value="8"/></imc></imc><imc name="CONST" value="8"/></imc></imc></imc><imc name="CONST" value="0"/></imc></imc><imc name="LABEL" value="L68"/><imc name="STMTS"><imc name="STMTS"><imc name="CJUMP" value="L65:L66"><imc name="MEM"><imc name="BINOP" value="ADD"><imc name="BINOP" value="ADD"><imc name="TEMP" value="24"/><imc name="CONST" value="-80"/></imc><imc name="BINOP" value="MUL"><imc name="MEM"><imc name="BINOP" value="ADD"><imc name="BINOP" value="ADD"><imc name="MEM"><imc name="BINOP" value="ADD"><imc name="MEM"><imc name="TEMP" value="24"/></imc><imc name="CONST" value="8"/></imc></imc><imc name="BINOP" value="MUL"><imc name="MEM"><imc name="BINOP" value="ADD"><imc name="TEMP" value="24"/><imc name="CONST" value="-88"/></imc></imc><imc name="CONST" value="72"/></imc></imc><imc name="BINOP" value="MUL"><imc name="MEM"><imc name="BINOP" value="ADD"><imc name="TEMP" value="24"/><imc name="CONST" value="8"/></imc></imc><imc name="CONST" value="8"/></imc></imc></imc><imc name="CONST" value="8"/></imc></imc></imc></imc><imc name="LABEL" value="L65"/><imc name="STMTS"><imc name="MOVE"><imc name="MEM"><imc name="BINOP" value="ADD"><imc name="TEMP" value="24"/><imc name="CONST" value="-96"/></imc></imc><imc name="CONST" value="0"/></imc></imc><imc name="JUMP" value="L67"/><imc name="LABEL" value="L66"/><imc name="STMTS"><imc name="MOVE"><imc name="MEM"><imc name="BINOP" value="ADD"><imc name="BINOP" value="ADD"><imc name="TEMP" value="24"/><imc name="CONST" value="-80"/></imc><imc name="BINOP" value="MUL"><imc name="MEM"><imc name="BINOP" value="ADD"><imc name="BINOP" value="ADD"><imc name="MEM"><imc name="BINOP" value="ADD"><imc name="MEM"><imc name="TEMP" value="24"/></imc><imc name="CONST" value="8"/></imc></imc><imc name="BINOP" value="MUL"><imc name="MEM"><imc name="BINOP" value="ADD"><imc name="TEMP" value="24"/><imc name="CONST" value="-88"/></imc></imc><imc name="CONST" value="72"/></imc></imc><imc name="BINOP" value="MUL"><imc name="MEM"><imc name="BINOP" value="ADD"><imc name="TEMP" value="24"/><imc name="CONST" value="8"/></imc></imc><imc name="CONST" value="8"/></imc></imc></imc><imc name="CONST" value="8"/></imc></imc></imc><imc name="CONST" value="1"/></imc></imc><imc name="LABEL" value="L67"/></imc></imc><imc name="LABEL" value="L69"/></imc></node><node label="AssignStmt"><node label="VarName" lexeme="j"><location loc="172.15--172.15"/><declaredAt location="177.13--177.22"/><imc name="BINOP" value="ADD"><imc name="TEMP" value="24"/><imc name="CONST" value="-88"/></imc></node><node label="BinExpr" spec="ADD"><node label="VarName" lexeme="j"><location loc="172.17--172.17"/><declaredAt location="177.13--177.22"/><imc name="MEM"><imc name="BINOP" value="ADD"><imc name="TEMP" value="24"/><imc name="CONST" value="-88"/></imc></imc></node><node label="AtomExpr" lexeme="1" spec="INT"><location loc="172.19--172.19"/><type label="INT"/><imc name="CONST" value="1"/></node><location loc="172.17--172.19"/><type label="INT"/><imc name="BINOP" value="ADD"><imc name="MEM"><imc name="BINOP" value="ADD"><imc name="TEMP" value="24"/><imc name="CONST" value="-88"/></imc></imc><imc name="CONST" value="1"/></imc></node><location loc="172.15--172.19"/><imc name="MOVE"><imc name="MEM"><imc name="BINOP" value="ADD"><imc name="TEMP" value="24"/><imc name="CONST" value="-88"/></imc></imc><imc name="BINOP" value="ADD"><imc name="MEM"><imc name="BINOP" value="ADD"><imc name="TEMP" value="24"/><imc name="CONST" value="-88"/></imc></imc><imc name="CONST" value="1"/></imc></imc></node><location loc="166.15--172.19"/></node><location loc="165.13--173.15"/><imc name="STMTS"><imc name="LABEL" value="L70"/><imc name="CJUMP" value="L71:L72"><imc name="BINOP" value="LTH"><imc name="MEM"><imc name="BINOP" value="ADD"><imc name="TEMP" value="24"/><imc name="CONST" value="-88"/></imc></imc><imc name="CONST" value="9"/></imc></imc><imc name="LABEL" value="L71"/><imc name="STMTS"><imc name="STMTS"><imc name="CJUMP" value="L68:L69"><imc name="BINOP" value="NEQ"><imc name="MEM"><imc name="BINOP" value="ADD"><imc name="BINOP" value="ADD"><imc name="MEM"><imc name="BINOP" value="ADD"><imc name="MEM"><imc name="TEMP" value="24"/></imc><imc name="CONST" value="8"/></imc></imc><imc name="BINOP" value="MUL"><imc name="MEM"><imc name="BINOP" value="ADD"><imc name="TEMP" value="24"/><imc name="CONST" value="-88"/></imc></imc><imc name="CONST" value="72"/></imc></imc><imc name="BINOP" value="MUL"><imc name="MEM"><imc name="BINOP" value="ADD"><imc name="TEMP" value="24"/><imc name="CONST" value="8"/></imc></imc><imc name="CONST" value="8"/></imc></imc></imc><imc name="CONST" value="0"/></imc></imc><imc name="LABEL" value="L68"/><imc name="STMTS"><imc name="STMTS"><imc name="CJUMP" value="L65:L66"><imc name="MEM"><imc name="BINOP" value="ADD"><imc name="BINOP" value="ADD"><imc name="TEMP" value="24"/><imc name="CONST" value="-80"/></imc><imc name="BINOP" value="MUL"><imc name="MEM"><imc name="BINOP" value="ADD"><imc name="BINOP" value="ADD"><imc name="MEM"><imc name="BINOP" value="ADD"><imc name="MEM"><imc name="TEMP" value="24"/></imc><imc name="CONST" value="8"/></imc></imc><imc name="BINOP" value="MUL"><imc name="MEM"><imc name="BINOP" value="ADD"><imc name="TEMP" value="24"/><imc name="CONST" value="-88"/></imc></imc><imc name="CONST" value="72"/></imc></imc><imc name="BINOP" value="MUL"><imc name="MEM"><imc name="BINOP" value="ADD"><imc name="TEMP" value="24"/><imc name="CONST" value="8"/></imc></imc><imc name="CONST" value="8"/></imc></imc></imc><imc name="CONST" value="8"/></imc></imc></imc></imc><imc name="LABEL" value="L65"/><imc name="STMTS"><imc name="MOVE"><imc name="MEM"><imc name="BINOP" value="ADD"><imc name="TEMP" value="24"/><imc name="CONST" value="-96"/></imc></imc><imc name="CONST" value="0"/></imc></imc><imc name="JUMP" value="L67"/><imc name="LABEL" value="L66"/><imc name="STMTS"><imc name="MOVE"><imc name="MEM"><imc name="BINOP" value="ADD"><imc name="BINOP" value="ADD"><imc name="TEMP" value="24"/><imc name="CONST" value="-80"/></imc><imc name="BINOP" value="MUL"><imc name="MEM"><imc name="BINOP" value="ADD"><imc name="BINOP" value="ADD"><imc name="MEM"><imc name="BINOP" value="ADD"><imc name="MEM"><imc name="TEMP" value="24"/></imc><imc name="CONST" value="8"/></imc></imc><imc name="BINOP" value="MUL"><imc name="MEM"><imc name="BINOP" value="ADD"><imc name="TEMP" value="24"/><imc name="CONST" value="-88"/></imc></imc><imc name="CONST" value="72"/></imc></imc><imc name="BINOP" value="MUL"><imc name="MEM"><imc name="BINOP" value="ADD"><imc name="TEMP" value="24"/><imc name="CONST" value="8"/></imc></imc><imc name="CONST" value="8"/></imc></imc></imc><imc name="CONST" value="8"/></imc></imc></imc><imc name="CONST" value="1"/></imc></imc><imc name="LABEL" value="L67"/></imc></imc><imc name="LABEL" value="L69"/></imc><imc name="MOVE"><imc name="MEM"><imc name="BINOP" value="ADD"><imc name="TEMP" value="24"/><imc name="CONST" value="-88"/></imc></imc><imc name="BINOP" value="ADD"><imc name="MEM"><imc name="BINOP" value="ADD"><imc name="TEMP" value="24"/><imc name="CONST" value="-88"/></imc></imc><imc name="CONST" value="1"/></imc></imc></imc><imc name="JUMP" value="L70"/><imc name="LABEL" value="L72"/></imc></node><location loc="162.13--173.15"/></node><node label="VarName" lexeme="check"><location loc="174.13--174.17"/><declaredAt location="178.13--178.27"/><imc name="MEM"><imc name="BINOP" value="ADD"><imc name="TEMP" value="24"/><imc name="CONST" value="-96"/></imc></imc></node><location loc="162.13--178.27"/><type label="BOOL"/><imc name="SEXPR"><imc name="STMTS"><imc name="MOVE"><imc name="MEM"><imc name="BINOP" value="ADD"><imc name="TEMP" value="24"/><imc name="CONST" value="-96"/></imc></imc><imc name="CONST" value="1"/></imc><imc name="MOVE"><imc name="MEM"><imc name="BINOP" value="ADD"><imc name="TEMP" value="24"/><imc name="CONST" value="-88"/></imc></imc><imc name="CONST" value="1"/></imc><imc name="STMTS"><imc name="LABEL" value="L62"/><imc name="CJUMP" value="L63:L64"><imc name="BINOP" value="LEQ"><imc name="MEM"><imc name="BINOP" value="ADD"><imc name="TEMP" value="24"/><imc name="CONST" value="-88"/></imc></imc><imc name="CONST" value="9"/></imc></imc><imc name="LABEL" value="L63"/><imc name="STMTS"><imc name="MOVE"><imc name="MEM"><imc name="BINOP" value="ADD"><imc name="BINOP" value="ADD"><imc name="TEMP" value="24"/><imc name="CONST" value="-80"/></imc><imc name="BINOP" value="MUL"><imc name="MEM"><imc name="BINOP" value="ADD"><imc name="TEMP" value="24"/><imc name="CONST" value="-88"/></imc></imc><imc name="CONST" value="8"/></imc></imc></imc><imc name="CONST" value="0"/></imc><imc name="MOVE"><imc name="MEM"><imc name="BINOP" value="ADD"><imc name="TEMP" value="24"/><imc name="CONST" value="-88"/></imc></imc><imc name="BINOP" value="ADD"><imc name="MEM"><imc name="BINOP" value="ADD"><imc name="TEMP" value="24"/><imc name="CONST" value="-88"/></imc></imc><imc name="CONST" value="1"/></imc></imc></imc><imc name="JUMP" value="L62"/><imc name="LABEL" value="L64"/></imc><imc name="MOVE"><imc name="MEM"><imc name="BINOP" value="ADD"><imc name="TEMP" value="24"/><imc name="CONST" value="-88"/></imc></imc><imc name="CONST" value="0"/></imc><imc name="STMTS"><imc name="LABEL" value="L70"/><imc name="CJUMP" value="L71:L72"><imc name="BINOP" value="LTH"><imc name="MEM"><imc name="BINOP" value="ADD"><imc name="TEMP" value="24"/><imc name="CONST" value="-88"/></imc></imc><imc name="CONST" value="9"/></imc></imc><imc name="LABEL" value="L71"/><imc name="STMTS"><imc name="STMTS"><imc name="CJUMP" value="L68:L69"><imc name="BINOP" value="NEQ"><imc name="MEM"><imc name="BINOP" value="ADD"><imc name="BINOP" value="ADD"><imc name="MEM"><imc name="BINOP" value="ADD"><imc name="MEM"><imc name="TEMP" value="24"/></imc><imc name="CONST" value="8"/></imc></imc><imc name="BINOP" value="MUL"><imc name="MEM"><imc name="BINOP" value="ADD"><imc name="TEMP" value="24"/><imc name="CONST" value="-88"/></imc></imc><imc name="CONST" value="72"/></imc></imc><imc name="BINOP" value="MUL"><imc name="MEM"><imc name="BINOP" value="ADD"><imc name="TEMP" value="24"/><imc name="CONST" value="8"/></imc></imc><imc name="CONST" value="8"/></imc></imc></imc><imc name="CONST" value="0"/></imc></imc><imc name="LABEL" value="L68"/><imc name="STMTS"><imc name="STMTS"><imc name="CJUMP" value="L65:L66"><imc name="MEM"><imc name="BINOP" value="ADD"><imc name="BINOP" value="ADD"><imc name="TEMP" value="24"/><imc name="CONST" value="-80"/></imc><imc name="BINOP" value="MUL"><imc name="MEM"><imc name="BINOP" value="ADD"><imc name="BINOP" value="ADD"><imc name="MEM"><imc name="BINOP" value="ADD"><imc name="MEM"><imc name="TEMP" value="24"/></imc><imc name="CONST" value="8"/></imc></imc><imc name="BINOP" value="MUL"><imc name="MEM"><imc name="BINOP" value="ADD"><imc name="TEMP" value="24"/><imc name="CONST" value="-88"/></imc></imc><imc name="CONST" value="72"/></imc></imc><imc name="BINOP" value="MUL"><imc name="MEM"><imc name="BINOP" value="ADD"><imc name="TEMP" value="24"/><imc name="CONST" value="8"/></imc></imc><imc name="CONST" value="8"/></imc></imc></imc><imc name="CONST" value="8"/></imc></imc></imc></imc><imc name="LABEL" value="L65"/><imc name="STMTS"><imc name="MOVE"><imc name="MEM"><imc name="BINOP" value="ADD"><imc name="TEMP" value="24"/><imc name="CONST" value="-96"/></imc></imc><imc name="CONST" value="0"/></imc></imc><imc name="JUMP" value="L67"/><imc name="LABEL" value="L66"/><imc name="STMTS"><imc name="MOVE"><imc name="MEM"><imc name="BINOP" value="ADD"><imc name="BINOP" value="ADD"><imc name="TEMP" value="24"/><imc name="CONST" value="-80"/></imc><imc name="BINOP" value="MUL"><imc name="MEM"><imc name="BINOP" value="ADD"><imc name="BINOP" value="ADD"><imc name="MEM"><imc name="BINOP" value="ADD"><imc name="MEM"><imc name="TEMP" value="24"/></imc><imc name="CONST" value="8"/></imc></imc><imc name="BINOP" value="MUL"><imc name="MEM"><imc name="BINOP" value="ADD"><imc name="TEMP" value="24"/><imc name="CONST" value="-88"/></imc></imc><imc name="CONST" value="72"/></imc></imc><imc name="BINOP" value="MUL"><imc name="MEM"><imc name="BINOP" value="ADD"><imc name="TEMP" value="24"/><imc name="CONST" value="8"/></imc></imc><imc name="CONST" value="8"/></imc></imc></imc><imc name="CONST" value="8"/></imc></imc></imc><imc name="CONST" value="1"/></imc></imc><imc name="LABEL" value="L67"/></imc></imc><imc name="LABEL" value="L69"/></imc><imc name="MOVE"><imc name="MEM"><imc name="BINOP" value="ADD"><imc name="TEMP" value="24"/><imc name="CONST" value="-88"/></imc></imc><imc name="BINOP" value="ADD"><imc name="MEM"><imc name="BINOP" value="ADD"><imc name="TEMP" value="24"/><imc name="CONST" value="-88"/></imc></imc><imc name="CONST" value="1"/></imc></imc></imc><imc name="JUMP" value="L70"/><imc name="LABEL" value="L72"/></imc></imc><imc name="MEM"><imc name="BINOP" value="ADD"><imc name="TEMP" value="24"/><imc name="CONST" value="-96"/></imc></imc></imc></node><location loc="161.7--179.12"/><frame FP="T24" RV="T25" argssize="0" depth="2" label="L2" locssize="96" size="112"/></node><node label="FunDef" lexeme="check_q"><node label="ParDecls"><node label="ParDecl" lexeme="i"><node label="AtomType" spec="INT"><location loc="180.21--180.23"/></node><location loc="180.19--180.23"/><access depth="2" offset="8" size="8"/></node><node label="ParDecl" lexeme="j"><node label="AtomType" spec="INT"><location loc="180.27--180.29"/></node><location loc="180.25--180.29"/><access depth="2" offset="16" size="8"/></node><location loc="180.19--180.29"/></node><node label="AtomType" spec="BOOL"><location loc="180.32--180.35"/></node><node label="BlockExpr"><node label="Decls"><node label="VarDecl" lexeme="mask"><node label="ArrType"><node label="AtomExpr" lexeme="10" spec="INT"><location loc="199.26--199.27"/></node><node label="AtomType" spec="BOOL"><location loc="199.30--199.33"/></node><location loc="199.22--199.33"/><type label="ARR(10)" len="10"><type label="BOOL"/></type></node><location loc="199.13--199.34"/><access depth="2" offset="-80" size="80"/></node><node label="VarDecl" lexeme="ii"><node label="AtomType" spec="INT"><location loc="200.20--200.22"/></node><location loc="200.13--200.23"/><access depth="2" offset="-88" size="8"/></node><node label="VarDecl" lexeme="jj"><node label="AtomType" spec="INT"><location loc="201.20--201.22"/></node><location loc="201.13--201.23"/><access depth="2" offset="-96" size="8"/></node><node label="VarDecl" lexeme="k"><node label="AtomType" spec="INT"><location loc="202.19--202.21"/></node><location loc="202.13--202.22"/><access depth="2" offset="-104" size="8"/></node><node label="VarDecl" lexeme="check"><node label="AtomType" spec="BOOL"><location loc="203.23--203.26"/></node><location loc="203.13--203.27"/><access depth="2" offset="-112" size="8"/></node><location loc="199.13--203.27"/></node><node label="Stmts"><node label="AssignStmt"><node label="VarName" lexeme="check"><location loc="181.13--181.17"/><declaredAt location="203.13--203.27"/><imc name="BINOP" value="ADD"><imc name="TEMP" value="26"/><imc name="CONST" value="-112"/></imc></node><node label="AtomExpr" lexeme="true" spec="BOOL"><location loc="181.19--181.22"/><type label="BOOL"/><imc name="CONST" value="1"/></node><location loc="181.13--181.22"/><imc name="MOVE"><imc name="MEM"><imc name="BINOP" value="ADD"><imc name="TEMP" value="26"/><imc name="CONST" value="-112"/></imc></imc><imc name="CONST" value="1"/></imc></node><node label="AssignStmt"><node label="VarName" lexeme="k"><location loc="182.13--182.13"/><declaredAt location="202.13--202.22"/><imc name="BINOP" value="ADD"><imc name="TEMP" value="26"/><imc name="CONST" value="-104"/></imc></node><node label="AtomExpr" lexeme="1" spec="INT"><location loc="182.15--182.15"/><type label="INT"/><imc name="CONST" value="1"/></node><location loc="182.13--182.15"/><imc name="MOVE"><imc name="MEM"><imc name="BINOP" value="ADD"><imc name="TEMP" value="26"/><imc name="CONST" value="-104"/></imc></imc><imc name="CONST" value="1"/></imc></node><node label="WhileStmt"><node label="BinExpr" spec="LEQ"><node label="VarName" lexeme="k"><location loc="182.24--182.24"/><declaredAt location="202.13--202.22"/><imc name="MEM"><imc name="BINOP" value="ADD"><imc name="TEMP" value="26"/><imc name="CONST" value="-104"/></imc></imc></node><node label="AtomExpr" lexeme="9" spec="INT"><location loc="182.27--182.27"/><type label="INT"/><imc name="CONST" value="9"/></node><location loc="182.24--182.27"/><type label="BOOL"/><imc name="BINOP" value="LEQ"><imc name="MEM"><imc name="BINOP" value="ADD"><imc name="TEMP" value="26"/><imc name="CONST" value="-104"/></imc></imc><imc name="CONST" value="9"/></imc></node><node label="Stmts"><node label="AssignStmt"><node label="ArrExpr"><node label="VarName" lexeme="mask"><location loc="182.32--182.35"/><declaredAt location="199.13--199.34"/><imc name="BINOP" value="ADD"><imc name="TEMP" value="26"/><imc name="CONST" value="-80"/></imc></node><node label="VarName" lexeme="k"><location loc="182.37--182.37"/><declaredAt location="202.13--202.22"/><imc name="MEM"><imc name="BINOP" value="ADD"><imc name="TEMP" value="26"/><imc name="CONST" value="-104"/></imc></imc></node><location loc="182.32--182.38"/><type label="BOOL"/><addr/><imc name="BINOP" value="ADD"><imc name="BINOP" value="ADD"><imc name="TEMP" value="26"/><imc name="CONST" value="-80"/></imc><imc name="BINOP" value="MUL"><imc name="MEM"><imc name="BINOP" value="ADD"><imc name="TEMP" value="26"/><imc name="CONST" value="-104"/></imc></imc><imc name="CONST" value="8"/></imc></imc></node><node label="AtomExpr" lexeme="false" spec="BOOL"><location loc="182.40--182.44"/><type label="BOOL"/><imc name="CONST" value="0"/></node><location loc="182.32--182.44"/><imc name="MOVE"><imc name="MEM"><imc name="BINOP" value="ADD"><imc name="BINOP" value="ADD"><imc name="TEMP" value="26"/><imc name="CONST" value="-80"/></imc><imc name="BINOP" value="MUL"><imc name="MEM"><imc name="BINOP" value="ADD"><imc name="TEMP" value="26"/><imc name="CONST" value="-104"/></imc></imc><imc name="CONST" value="8"/></imc></imc></imc><imc name="CONST" value="0"/></imc></node><node label="AssignStmt"><node label="VarName" lexeme="k"><location loc="182.47--182.47"/><declaredAt location="202.13--202.22"/><imc name="BINOP" value="ADD"><imc name="TEMP" value="26"/><imc name="CONST" value="-104"/></imc></node><node label="BinExpr" spec="ADD"><node label="VarName" lexeme="k"><location loc="182.49--182.49"/><declaredAt location="202.13--202.22"/><imc name="MEM"><imc name="BINOP" value="ADD"><imc name="TEMP" value="26"/><imc name="CONST" value="-104"/></imc></imc></node><node label="AtomExpr" lexeme="1" spec="INT"><location loc="182.51--182.51"/><type label="INT"/><imc name="CONST" value="1"/></node><location loc="182.49--182.51"/><type label="INT"/><imc name="BINOP" value="ADD"><imc name="MEM"><imc name="BINOP" value="ADD"><imc name="TEMP" value="26"/><imc name="CONST" value="-104"/></imc></imc><imc name="CONST" value="1"/></imc></node><location loc="182.47--182.51"/><imc name="MOVE"><imc name="MEM"><imc name="BINOP" value="ADD"><imc name="TEMP" value="26"/><imc name="CONST" value="-104"/></imc></imc><imc name="BINOP" value="ADD"><imc name="MEM"><imc name="BINOP" value="ADD"><imc name="TEMP" value="26"/><imc name="CONST" value="-104"/></imc></imc><imc name="CONST" value="1"/></imc></imc></node><location loc="182.32--182.51"/></node><location loc="182.18--182.56"/><imc name="STMTS"><imc name="LABEL" value="L73"/><imc name="CJUMP" value="L74:L75"><imc name="BINOP" value="LEQ"><imc name="MEM"><imc name="BINOP" value="ADD"><imc name="TEMP" value="26"/><imc name="CONST" value="-104"/></imc></imc><imc name="CONST" value="9"/></imc></imc><imc name="LABEL" value="L74"/><imc name="STMTS"><imc name="MOVE"><imc name="MEM"><imc name="BINOP" value="ADD"><imc name="BINOP" value="ADD"><imc name="TEMP" value="26"/><imc name="CONST" value="-80"/></imc><imc name="BINOP" value="MUL"><imc name="MEM"><imc name="BINOP" value="ADD"><imc name="TEMP" value="26"/><imc name="CONST" value="-104"/></imc></imc><imc name="CONST" value="8"/></imc></imc></imc><imc name="CONST" value="0"/></imc><imc name="MOVE"><imc name="MEM"><imc name="BINOP" value="ADD"><imc name="TEMP" value="26"/><imc name="CONST" value="-104"/></imc></imc><imc name="BINOP" value="ADD"><imc name="MEM"><imc name="BINOP" value="ADD"><imc name="TEMP" value="26"/><imc name="CONST" value="-104"/></imc></imc><imc name="CONST" value="1"/></imc></imc></imc><imc name="JUMP" value="L73"/><imc name="LABEL" value="L75"/></imc></node><node label="AssignStmt"><node label="VarName" lexeme="jj"><location loc="183.13--183.14"/><declaredAt location="201.13--201.23"/><imc name="BINOP" value="ADD"><imc name="TEMP" value="26"/><imc name="CONST" value="-96"/></imc></node><node label="AtomExpr" lexeme="0" spec="INT"><location loc="183.16--183.16"/><type label="INT"/><imc name="CONST" value="0"/></node><location loc="183.13--183.16"/><imc name="MOVE"><imc name="MEM"><imc name="BINOP" value="ADD"><imc name="TEMP" value="26"/><imc name="CONST" value="-96"/></imc></imc><imc name="CONST" value="0"/></imc></node><node label="WhileStmt"><node label="BinExpr" spec="LTH"><node label="VarName" lexeme="jj"><location loc="184.19--184.20"/><declaredAt location="201.13--201.23"/><imc name="MEM"><imc name="BINOP" value="ADD"><imc name="TEMP" value="26"/><imc name="CONST" value="-96"/></imc></imc></node><node label="AtomExpr" lexeme="3" spec="INT"><location loc="184.22--184.22"/><type label="INT"/><imc name="CONST" value="3"/></node><location loc="184.19--184.22"/><type label="BOOL"/><imc name="BINOP" value="LTH"><imc name="MEM"><imc name="BINOP" value="ADD"><imc name="TEMP" value="26"/><imc name="CONST" value="-96"/></imc></imc><imc name="CONST" value="3"/></imc></node><node label="Stmts"><node label="AssignStmt"><node label="VarName" lexeme="ii"><location loc="185.15--185.16"/><declaredAt location="200.13--200.23"/><imc name="BINOP" value="ADD"><imc name="TEMP" value="26"/><imc name="CONST" value="-88"/></imc></node><node label="AtomExpr" lexeme="0" spec="INT"><location loc="185.18--185.18"/><type label="INT"/><imc name="CONST" value="0"/></node><location loc="185.15--185.18"/><imc name="MOVE"><imc name="MEM"><imc name="BINOP" value="ADD"><imc name="TEMP" value="26"/><imc name="CONST" value="-88"/></imc></imc><imc name="CONST" value="0"/></imc></node><node label="WhileStmt"><node label="BinExpr" spec="LTH"><node label="VarName" lexeme="ii"><location loc="186.21--186.22"/><declaredAt location="200.13--200.23"/><imc name="MEM"><imc name="BINOP" value="ADD"><imc name="TEMP" value="26"/><imc name="CONST" value="-88"/></imc></imc></node><node label="AtomExpr" lexeme="3" spec="INT"><location loc="186.24--186.24"/><type label="INT"/><imc name="CONST" value="3"/></node><location loc="186.21--186.24"/><type label="BOOL"/><imc name="BINOP" value="LTH"><imc name="MEM"><imc name="BINOP" value="ADD"><imc name="TEMP" value="26"/><imc name="CONST" value="-88"/></imc></imc><imc name="CONST" value="3"/></imc></node><node label="Stmts"><node label="IfStmt"><node label="BinExpr" spec="NEQ"><node label="ArrExpr"><node label="ArrExpr"><node label="UnExpr" spec="DATA"><node label="VarName" lexeme="t2d"><location loc="187.22--187.24"/><declaredAt location="137.12--137.36"/><type label="PTR"><type label="ARR(9)" len="9"><type label="ARR(9)" len="9"><type label="INT"/></type></type></type><imc name="MEM"><imc name="BINOP" value="ADD"><imc name="MEM"><imc name="TEMP" value="26"/></imc><imc name="CONST" value="8"/></imc></imc></node><location loc="187.21--187.24"/><type label="ARR(9)" len="9"><type label="ARR(9)" len="9"><type label="INT"/></type></type><addr/><imc name="BINOP" value="ADD"><imc name="MEM"><imc name="TEMP" value="26"/></imc><imc name="CONST" value="8"/></imc></node><node label="BinExpr" spec="ADD"><node label="BinExpr" spec="MUL"><node label="VarName" lexeme="j"><location loc="187.27--187.27"/><declaredAt location="180.25--180.29"/><imc name="MEM"><imc name="BINOP" value="ADD"><imc name="TEMP" value="26"/><imc name="CONST" value="16"/></imc></imc></node><node label="AtomExpr" lexeme="3" spec="INT"><location loc="187.29--187.29"/><type label="INT"/><imc name="CONST" value="3"/></node><location loc="187.27--187.29"/><type label="INT"/><imc name="BINOP" value="MUL"><imc name="MEM"><imc name="BINOP" value="ADD"><imc name="TEMP" value="26"/><imc name="CONST" value="16"/></imc></imc><imc name="CONST" value="3"/></imc></node><node label="VarName" lexeme="jj"><location loc="187.31--187.32"/><declaredAt location="201.13--201.23"/><imc name="MEM"><imc name="BINOP" value="ADD"><imc name="TEMP" value="26"/><imc name="CONST" value="-96"/></imc></imc></node><location loc="187.27--187.32"/><type label="INT"/><imc name="BINOP" value="ADD"><imc name="BINOP" value="MUL"><imc name="MEM"><imc name="BINOP" value="ADD"><imc name="TEMP" value="26"/><imc name="CONST" value="16"/></imc></imc><imc name="CONST" value="3"/></imc><imc name="MEM"><imc name="BINOP" value="ADD"><imc name="TEMP" value="26"/><imc name="CONST" value="-96"/></imc></imc></imc></node><location loc="187.21--187.33"/><type label="ARR(9)" len="9"><type label="INT"/></type><addr/><imc name="BINOP" value="ADD"><imc name="MEM"><imc name="BINOP" value="ADD"><imc name="MEM"><imc name="TEMP" value="26"/></imc><imc name="CONST" value="8"/></imc></imc><imc name="BINOP" value="MUL"><imc name="BINOP" value="ADD"><imc name="BINOP" value="MUL"><imc name="MEM"><imc name="BINOP" value="ADD"><imc name="TEMP" value="26"/><imc name="CONST" value="16"/></imc></imc><imc name="CONST" value="3"/></imc><imc name="MEM"><imc name="BINOP" value="ADD"><imc name="TEMP" value="26"/><imc name="CONST" value="-96"/></imc></imc></imc><imc name="CONST" value="72"/></imc></imc></node><node label="BinExpr" spec="ADD"><node label="BinExpr" spec="MUL"><node label="VarName" lexeme="i"><location loc="187.35--187.35"/><declaredAt location="180.19--180.23"/><imc name="MEM"><imc name="BINOP" value="ADD"><imc name="TEMP" value="26"/><imc name="CONST" value="8"/></imc></imc></node><node label="AtomExpr" lexeme="3" spec="INT"><location loc="187.37--187.37"/><type label="INT"/><imc name="CONST" value="3"/></node><location loc="187.35--187.37"/><type label="INT"/><imc name="BINOP" value="MUL"><imc name="MEM"><imc name="BINOP" value="ADD"><imc name="TEMP" value="26"/><imc name="CONST" value="8"/></imc></imc><imc name="CONST" value="3"/></imc></node><node label="VarName" lexeme="ii"><location loc="187.39--187.40"/><declaredAt location="200.13--200.23"/><imc name="MEM"><imc name="BINOP" value="ADD"><imc name="TEMP" value="26"/><imc name="CONST" value="-88"/></imc></imc></node><location loc="187.35--187.40"/><type label="INT"/><imc name="BINOP" value="ADD"><imc name="BINOP" value="MUL"><imc name="MEM"><imc name="BINOP" value="ADD"><imc name="TEMP" value="26"/><imc name="CONST" value="8"/></imc></imc><imc name="CONST" value="3"/></imc><imc name="MEM"><imc name="BINOP" value="ADD"><imc name="TEMP" value="26"/><imc name="CONST" value="-88"/></imc></imc></imc></node><location loc="187.21--187.41"/><type label="INT"/><addr/><imc name="MEM"><imc name="BINOP" value="ADD"><imc name="BINOP" value="ADD"><imc name="MEM"><imc name="BINOP" value="ADD"><imc name="MEM"><imc name="TEMP" value="26"/></imc><imc name="CONST" value="8"/></imc></imc><imc name="BINOP" value="MUL"><imc name="BINOP" value="ADD"><imc name="BINOP" value="MUL"><imc name="MEM"><imc name="BINOP" value="ADD"><imc name="TEMP" value="26"/><imc name="CONST" value="16"/></imc></imc><imc name="CONST" value="3"/></imc><imc name="MEM"><imc name="BINOP" value="ADD"><imc name="TEMP" value="26"/><imc name="CONST" value="-96"/></imc></imc></imc><imc name="CONST" value="72"/></imc></imc><imc name="BINOP" value="MUL"><imc name="BINOP" value="ADD"><imc name="BINOP" value="MUL"><imc name="MEM"><imc name="BINOP" value="ADD"><imc name="TEMP" value="26"/><imc name="CONST" value="8"/></imc></imc><imc name="CONST" value="3"/></imc><imc name="MEM"><imc name="BINOP" value="ADD"><imc name="TEMP" value="26"/><imc name="CONST" value="-88"/></imc></imc></imc><imc name="CONST" value="8"/></imc></imc></imc></node><node label="AtomExpr" lexeme="0" spec="INT"><location loc="187.44--187.44"/><type label="INT"/><imc name="CONST" value="0"/></node><location loc="187.21--187.44"/><type label="BOOL"/><imc name="BINOP" value="NEQ"><imc name="MEM"><imc name="BINOP" value="ADD"><imc name="BINOP" value="ADD"><imc name="MEM"><imc name="BINOP" value="ADD"><imc name="MEM"><imc name="TEMP" value="26"/></imc><imc name="CONST" value="8"/></imc></imc><imc name="BINOP" value="MUL"><imc name="BINOP" value="ADD"><imc name="BINOP" value="MUL"><imc name="MEM"><imc name="BINOP" value="ADD"><imc name="TEMP" value="26"/><imc name="CONST" value="16"/></imc></imc><imc name="CONST" value="3"/></imc><imc name="MEM"><imc name="BINOP" value="ADD"><imc name="TEMP" value="26"/><imc name="CONST" value="-96"/></imc></imc></imc><imc name="CONST" value="72"/></imc></imc><imc name="BINOP" value="MUL"><imc name="BINOP" value="ADD"><imc name="BINOP" value="MUL"><imc name="MEM"><imc name="BINOP" value="ADD"><imc name="TEMP" value="26"/><imc name="CONST" value="8"/></imc></imc><imc name="CONST" value="3"/></imc><imc name="MEM"><imc name="BINOP" value="ADD"><imc name="TEMP" value="26"/><imc name="CONST" value="-88"/></imc></imc></imc><imc name="CONST" value="8"/></imc></imc></imc><imc name="CONST" value="0"/></imc></node><node label="Stmts"><node label="IfStmt"><node label="ArrExpr"><node label="VarName" lexeme="mask"><location loc="188.22--188.25"/><declaredAt location="199.13--199.34"/><imc name="BINOP" value="ADD"><imc name="TEMP" value="26"/><imc name="CONST" value="-80"/></imc></node><node label="ArrExpr"><node label="ArrExpr"><node label="UnExpr" spec="DATA"><node label="VarName" lexeme="t2d"><location loc="188.29--188.31"/><declaredAt location="137.12--137.36"/><type label="PTR"><type label="ARR(9)" len="9"><type label="ARR(9)" len="9"><type label="INT"/></type></type></type><imc name="MEM"><imc name="BINOP" value="ADD"><imc name="MEM"><imc name="TEMP" value="26"/></imc><imc name="CONST" value="8"/></imc></imc></node><location loc="188.28--188.31"/><type label="ARR(9)" len="9"><type label="ARR(9)" len="9"><type label="INT"/></type></type><addr/><imc name="BINOP" value="ADD"><imc name="MEM"><imc name="TEMP" value="26"/></imc><imc name="CONST" value="8"/></imc></node><node label="BinExpr" spec="ADD"><node label="BinExpr" spec="MUL"><node label="VarName" lexeme="j"><location loc="188.34--188.34"/><declaredAt location="180.25--180.29"/><imc name="MEM"><imc name="BINOP" value="ADD"><imc name="TEMP" value="26"/><imc name="CONST" value="16"/></imc></imc></node><node label="AtomExpr" lexeme="3" spec="INT"><location loc="188.36--188.36"/><type label="INT"/><imc name="CONST" value="3"/></node><location loc="188.34--188.36"/><type label="INT"/><imc name="BINOP" value="MUL"><imc name="MEM"><imc name="BINOP" value="ADD"><imc name="TEMP" value="26"/><imc name="CONST" value="16"/></imc></imc><imc name="CONST" value="3"/></imc></node><node label="VarName" lexeme="jj"><location loc="188.38--188.39"/><declaredAt location="201.13--201.23"/><imc name="MEM"><imc name="BINOP" value="ADD"><imc name="TEMP" value="26"/><imc name="CONST" value="-96"/></imc></imc></node><location loc="188.34--188.39"/><type label="INT"/><imc name="BINOP" value="ADD"><imc name="BINOP" value="MUL"><imc name="MEM"><imc name="BINOP" value="ADD"><imc name="TEMP" value="26"/><imc name="CONST" value="16"/></imc></imc><imc name="CONST" value="3"/></imc><imc name="MEM"><imc name="BINOP" value="ADD"><imc name="TEMP" value="26"/><imc name="CONST" value="-96"/></imc></imc></imc></node><location loc="188.28--188.40"/><type label="ARR(9)" len="9"><type label="INT"/></type><addr/><imc name="BINOP" value="ADD"><imc name="MEM"><imc name="BINOP" value="ADD"><imc name="MEM"><imc name="TEMP" value="26"/></imc><imc name="CONST" value="8"/></imc></imc><imc name="BINOP" value="MUL"><imc name="BINOP" value="ADD"><imc name="BINOP" value="MUL"><imc name="MEM"><imc name="BINOP" value="ADD"><imc name="TEMP" value="26"/><imc name="CONST" value="16"/></imc></imc><imc name="CONST" value="3"/></imc><imc name="MEM"><imc name="BINOP" value="ADD"><imc name="TEMP" value="26"/><imc name="CONST" value="-96"/></imc></imc></imc><imc name="CONST" value="72"/></imc></imc></node><node label="BinExpr" spec="ADD"><node label="BinExpr" spec="MUL"><node label="VarName" lexeme="i"><location loc="188.42--188.42"/><declaredAt location="180.19--180.23"/><imc name="MEM"><imc name="BINOP" value="ADD"><imc name="TEMP" value="26"/><imc name="CONST" value="8"/></imc></imc></node><node label="AtomExpr" lexeme="3" spec="INT"><location loc="188.44--188.44"/><type label="INT"/><imc name="CONST" value="3"/></node><location loc="188.42--188.44"/><type label="INT"/><imc name="BINOP" value="MUL"><imc name="MEM"><imc name="BINOP" value="ADD"><imc name="TEMP" value="26"/><imc name="CONST" value="8"/></imc></imc><imc name="CONST" value="3"/></imc></node><node label="VarName" lexeme="ii"><location loc="188.46--188.47"/><declaredAt location="200.13--200.23"/><imc name="MEM"><imc name="BINOP" value="ADD"><imc name="TEMP" value="26"/><imc name="CONST" value="-88"/></imc></imc></node><location loc="188.42--188.47"/><type label="INT"/><imc name="BINOP" value="ADD"><imc name="BINOP" value="MUL"><imc name="MEM"><imc name="BINOP" value="ADD"><imc name="TEMP" value="26"/><imc name="CONST" value="8"/></imc></imc><imc name="CONST" value="3"/></imc><imc name="MEM"><imc name="BINOP" value="ADD"><imc name="TEMP" value="26"/><imc name="CONST" value="-88"/></imc></imc></imc></node><location loc="188.28--188.48"/><type label="INT"/><addr/><imc name="MEM"><imc name="BINOP" value="ADD"><imc name="BINOP" value="ADD"><imc name="MEM"><imc name="BINOP" value="ADD"><imc name="MEM"><imc name="TEMP" value="26"/></imc><imc name="CONST" value="8"/></imc></imc><imc name="BINOP" value="MUL"><imc name="BINOP" value="ADD"><imc name="BINOP" value="MUL"><imc name="MEM"><imc name="BINOP" value="ADD"><imc name="TEMP" value="26"/><imc name="CONST" value="16"/></imc></imc><imc name="CONST" value="3"/></imc><imc name="MEM"><imc name="BINOP" value="ADD"><imc name="TEMP" value="26"/><imc name="CONST" value="-96"/></imc></imc></imc><imc name="CONST" value="72"/></imc></imc><imc name="BINOP" value="MUL"><imc name="BINOP" value="ADD"><imc name="BINOP" value="MUL"><imc name="MEM"><imc name="BINOP" value="ADD"><imc name="TEMP" value="26"/><imc name="CONST" value="8"/></imc></imc><imc name="CONST" value="3"/></imc><imc name="MEM"><imc name="BINOP" value="ADD"><imc name="TEMP" value="26"/><imc name="CONST" value="-88"/></imc></imc></imc><imc name="CONST" value="8"/></imc></imc></imc></node><location loc="188.22--188.49"/><type label="BOOL"/><addr/><imc name="MEM"><imc name="BINOP" value="ADD"><imc name="BINOP" value="ADD"><imc name="TEMP" value="26"/><imc name="CONST" value="-80"/></imc><imc name="BINOP" value="MUL"><imc name="MEM"><imc name="BINOP" value="ADD"><imc name="BINOP" value="ADD"><imc name="MEM"><imc name="BINOP" value="ADD"><imc name="MEM"><imc name="TEMP" value="26"/></imc><imc name="CONST" value="8"/></imc></imc><imc name="BINOP" value="MUL"><imc name="BINOP" value="ADD"><imc name="BINOP" value="MUL"><imc name="MEM"><imc name="BINOP" value="ADD"><imc name="TEMP" value="26"/><imc name="CONST" value="16"/></imc></imc><imc name="CONST" value="3"/></imc><imc name="MEM"><imc name="BINOP" value="ADD"><imc name="TEMP" value="26"/><imc name="CONST" value="-96"/></imc></imc></imc><imc name="CONST" value="72"/></imc></imc><imc name="BINOP" value="MUL"><imc name="BINOP" value="ADD"><imc name="BINOP" value="MUL"><imc name="MEM"><imc name="BINOP" value="ADD"><imc name="TEMP" value="26"/><imc name="CONST" value="8"/></imc></imc><imc name="CONST" value="3"/></imc><imc name="MEM"><imc name="BINOP" value="ADD"><imc name="TEMP" value="26"/><imc name="CONST" value="-88"/></imc></imc></imc><imc name="CONST" value="8"/></imc></imc></imc><imc name="CONST" value="8"/></imc></imc></imc></node><node label="Stmts"><node label="AssignStmt"><node label="VarName" lexeme="check"><location loc="189.26--189.30"/><declaredAt location="203.13--203.27"/><imc name="BINOP" value="ADD"><imc name="TEMP" value="26"/><imc name="CONST" value="-112"/></imc></node><node label="AtomExpr" lexeme="false" spec="BOOL"><location loc="189.32--189.36"/><type label="BOOL"/><imc name="CONST" value="0"/></node><location loc="189.26--189.36"/><imc name="MOVE"><imc name="MEM"><imc name="BINOP" value="ADD"><imc name="TEMP" value="26"/><imc name="CONST" value="-112"/></imc></imc><imc name="CONST" value="0"/></imc></node><location loc="189.26--189.36"/></node><node label="Stmts"><node label="AssignStmt"><node label="ArrExpr"><node label="VarName" lexeme="mask"><location loc="190.26--190.29"/><declaredAt location="199.13--199.34"/><imc name="BINOP" value="ADD"><imc name="TEMP" value="26"/><imc name="CONST" value="-80"/></imc></node><node label="ArrExpr"><node label="ArrExpr"><node label="UnExpr" spec="DATA"><node label="VarName" lexeme="t2d"><location loc="190.33--190.35"/><declaredAt location="137.12--137.36"/><type label="PTR"><type label="ARR(9)" len="9"><type label="ARR(9)" len="9"><type label="INT"/></type></type></type><imc name="MEM"><imc name="BINOP" value="ADD"><imc name="MEM"><imc name="TEMP" value="26"/></imc><imc name="CONST" value="8"/></imc></imc></node><location loc="190.32--190.35"/><type label="ARR(9)" len="9"><type label="ARR(9)" len="9"><type label="INT"/></type></type><addr/><imc name="BINOP" value="ADD"><imc name="MEM"><imc name="TEMP" value="26"/></imc><imc name="CONST" value="8"/></imc></node><node label="BinExpr" spec="ADD"><node label="BinExpr" spec="MUL"><node label="VarName" lexeme="j"><location loc="190.38--190.38"/><declaredAt location="180.25--180.29"/><imc name="MEM"><imc name="BINOP" value="ADD"><imc name="TEMP" value="26"/><imc name="CONST" value="16"/></imc></imc></node><node label="AtomExpr" lexeme="3" spec="INT"><location loc="190.40--190.40"/><type label="INT"/><imc name="CONST" value="3"/></node><location loc="190.38--190.40"/><type label="INT"/><imc name="BINOP" value="MUL"><imc name="MEM"><imc name="BINOP" value="ADD"><imc name="TEMP" value="26"/><imc name="CONST" value="16"/></imc></imc><imc name="CONST" value="3"/></imc></node><node label="VarName" lexeme="jj"><location loc="190.42--190.43"/><declaredAt location="201.13--201.23"/><imc name="MEM"><imc name="BINOP" value="ADD"><imc name="TEMP" value="26"/><imc name="CONST" value="-96"/></imc></imc></node><location loc="190.38--190.43"/><type label="INT"/><imc name="BINOP" value="ADD"><imc name="BINOP" value="MUL"><imc name="MEM"><imc name="BINOP" value="ADD"><imc name="TEMP" value="26"/><imc name="CONST" value="16"/></imc></imc><imc name="CONST" value="3"/></imc><imc name="MEM"><imc name="BINOP" value="ADD"><imc name="TEMP" value="26"/><imc name="CONST" value="-96"/></imc></imc></imc></node><location loc="190.32--190.44"/><type label="ARR(9)" len="9"><type label="INT"/></type><addr/><imc name="BINOP" value="ADD"><imc name="MEM"><imc name="BINOP" value="ADD"><imc name="MEM"><imc name="TEMP" value="26"/></imc><imc name="CONST" value="8"/></imc></imc><imc name="BINOP" value="MUL"><imc name="BINOP" value="ADD"><imc name="BINOP" value="MUL"><imc name="MEM"><imc name="BINOP" value="ADD"><imc name="TEMP" value="26"/><imc name="CONST" value="16"/></imc></imc><imc name="CONST" value="3"/></imc><imc name="MEM"><imc name="BINOP" value="ADD"><imc name="TEMP" value="26"/><imc name="CONST" value="-96"/></imc></imc></imc><imc name="CONST" value="72"/></imc></imc></node><node label="BinExpr" spec="ADD"><node label="BinExpr" spec="MUL"><node label="VarName" lexeme="i"><location loc="190.46--190.46"/><declaredAt location="180.19--180.23"/><imc name="MEM"><imc name="BINOP" value="ADD"><imc name="TEMP" value="26"/><imc name="CONST" value="8"/></imc></imc></node><node label="AtomExpr" lexeme="3" spec="INT"><location loc="190.48--190.48"/><type label="INT"/><imc name="CONST" value="3"/></node><location loc="190.46--190.48"/><type label="INT"/><imc name="BINOP" value="MUL"><imc name="MEM"><imc name="BINOP" value="ADD"><imc name="TEMP" value="26"/><imc name="CONST" value="8"/></imc></imc><imc name="CONST" value="3"/></imc></node><node label="VarName" lexeme="ii"><location loc="190.50--190.51"/><declaredAt location="200.13--200.23"/><imc name="MEM"><imc name="BINOP" value="ADD"><imc name="TEMP" value="26"/><imc name="CONST" value="-88"/></imc></imc></node><location loc="190.46--190.51"/><type label="INT"/><imc name="BINOP" value="ADD"><imc name="BINOP" value="MUL"><imc name="MEM"><imc name="BINOP" value="ADD"><imc name="TEMP" value="26"/><imc name="CONST" value="8"/></imc></imc><imc name="CONST" value="3"/></imc><imc name="MEM"><imc name="BINOP" value="ADD"><imc name="TEMP" value="26"/><imc name="CONST" value="-88"/></imc></imc></imc></node><location loc="190.32--190.52"/><type label="INT"/><addr/><imc name="MEM"><imc name="BINOP" value="ADD"><imc name="BINOP" value="ADD"><imc name="MEM"><imc name="BINOP" value="ADD"><imc name="MEM"><imc name="TEMP" value="26"/></imc><imc name="CONST" value="8"/></imc></imc><imc name="BINOP" value="MUL"><imc name="BINOP" value="ADD"><imc name="BINOP" value="MUL"><imc name="MEM"><imc name="BINOP" value="ADD"><imc name="TEMP" value="26"/><imc name="CONST" value="16"/></imc></imc><imc name="CONST" value="3"/></imc><imc name="MEM"><imc name="BINOP" value="ADD"><imc name="TEMP" value="26"/><imc name="CONST" value="-96"/></imc></imc></imc><imc name="CONST" value="72"/></imc></imc><imc name="BINOP" value="MUL"><imc name="BINOP" value="ADD"><imc name="BINOP" value="MUL"><imc name="MEM"><imc name="BINOP" value="ADD"><imc name="TEMP" value="26"/><imc name="CONST" value="8"/></imc></imc><imc name="CONST" value="3"/></imc><imc name="MEM"><imc name="BINOP" value="ADD"><imc name="TEMP" value="26"/><imc name="CONST" value="-88"/></imc></imc></imc><imc name="CONST" value="8"/></imc></imc></imc></node><location loc="190.26--190.53"/><type label="BOOL"/><addr/><imc name="BINOP" value="ADD"><imc name="BINOP" value="ADD"><imc name="TEMP" value="26"/><imc name="CONST" value="-80"/></imc><imc name="BINOP" value="MUL"><imc name="MEM"><imc name="BINOP" value="ADD"><imc name="BINOP" value="ADD"><imc name="MEM"><imc name="BINOP" value="ADD"><imc name="MEM"><imc name="TEMP" value="26"/></imc><imc name="CONST" value="8"/></imc></imc><imc name="BINOP" value="MUL"><imc name="BINOP" value="ADD"><imc name="BINOP" value="MUL"><imc name="MEM"><imc name="BINOP" value="ADD"><imc name="TEMP" value="26"/><imc name="CONST" value="16"/></imc></imc><imc name="CONST" value="3"/></imc><imc name="MEM"><imc name="BINOP" value="ADD"><imc name="TEMP" value="26"/><imc name="CONST" value="-96"/></imc></imc></imc><imc name="CONST" value="72"/></imc></imc><imc name="BINOP" value="MUL"><imc name="BINOP" value="ADD"><imc name="BINOP" value="MUL"><imc name="MEM"><imc name="BINOP" value="ADD"><imc name="TEMP" value="26"/><imc name="CONST" value="8"/></imc></imc><imc name="CONST" value="3"/></imc><imc name="MEM"><imc name="BINOP" value="ADD"><imc name="TEMP" value="26"/><imc name="CONST" value="-88"/></imc></imc></imc><imc name="CONST" value="8"/></imc></imc></imc><imc name="CONST" value="8"/></imc></imc></node><node label="AtomExpr" lexeme="true" spec="BOOL"><location loc="190.55--190.58"/><type label="BOOL"/><imc name="CONST" value="1"/></node><location loc="190.26--190.58"/><imc name="MOVE"><imc name="MEM"><imc name="BINOP" value="ADD"><imc name="BINOP" value="ADD"><imc name="TEMP" value="26"/><imc name="CONST" value="-80"/></imc><imc name="BINOP" value="MUL"><imc name="MEM"><imc name="BINOP" value="ADD"><imc name="BINOP" value="ADD"><imc name="MEM"><imc name="BINOP" value="ADD"><imc name="MEM"><imc name="TEMP" value="26"/></imc><imc name="CONST" value="8"/></imc></imc><imc name="BINOP" value="MUL"><imc name="BINOP" value="ADD"><imc name="BINOP" value="MUL"><imc name="MEM"><imc name="BINOP" value="ADD"><imc name="TEMP" value="26"/><imc name="CONST" value="16"/></imc></imc><imc name="CONST" value="3"/></imc><imc name="MEM"><imc name="BINOP" value="ADD"><imc name="TEMP" value="26"/><imc name="CONST" value="-96"/></imc></imc></imc><imc name="CONST" value="72"/></imc></imc><imc name="BINOP" value="MUL"><imc name="BINOP" value="ADD"><imc name="BINOP" value="MUL"><imc name="MEM"><imc name="BINOP" value="ADD"><imc name="TEMP" value="26"/><imc name="CONST" value="8"/></imc></imc><imc name="CONST" value="3"/></imc><imc name="MEM"><imc name="BINOP" value="ADD"><imc name="TEMP" value="26"/><imc name="CONST" value="-88"/></imc></imc></imc><imc name="CONST" value="8"/></imc></imc></imc><imc name="CONST" value="8"/></imc></imc></imc><imc name="CONST" value="1"/></imc></node><location loc="190.26--190.58"/></node><location loc="188.19--191.21"/><imc name="STMTS"><imc name="CJUMP" value="L76:L77"><imc name="MEM"><imc name="BINOP" value="ADD"><imc name="BINOP" value="ADD"><imc name="TEMP" value="26"/><imc name="CONST" value="-80"/></imc><imc name="BINOP" value="MUL"><imc name="MEM"><imc name="BINOP" value="ADD"><imc name="BINOP" value="ADD"><imc name="MEM"><imc name="BINOP" value="ADD"><imc name="MEM"><imc name="TEMP" value="26"/></imc><imc name="CONST" value="8"/></imc></imc><imc name="BINOP" value="MUL"><imc name="BINOP" value="ADD"><imc name="BINOP" value="MUL"><imc name="MEM"><imc name="BINOP" value="ADD"><imc name="TEMP" value="26"/><imc name="CONST" value="16"/></imc></imc><imc name="CONST" value="3"/></imc><imc name="MEM"><imc name="BINOP" value="ADD"><imc name="TEMP" value="26"/><imc name="CONST" value="-96"/></imc></imc></imc><imc name="CONST" value="72"/></imc></imc><imc name="BINOP" value="MUL"><imc name="BINOP" value="ADD"><imc name="BINOP" value="MUL"><imc name="MEM"><imc name="BINOP" value="ADD"><imc name="TEMP" value="26"/><imc name="CONST" value="8"/></imc></imc><imc name="CONST" value="3"/></imc><imc name="MEM"><imc name="BINOP" value="ADD"><imc name="TEMP" value="26"/><imc name="CONST" value="-88"/></imc></imc></imc><imc name="CONST" value="8"/></imc></imc></imc><imc name="CONST" value="8"/></imc></imc></imc></imc><imc name="LABEL" value="L76"/><imc name="STMTS"><imc name="MOVE"><imc name="MEM"><imc name="BINOP" value="ADD"><imc name="TEMP" value="26"/><imc name="CONST" value="-112"/></imc></imc><imc name="CONST" value="0"/></imc></imc><imc name="JUMP" value="L78"/><imc name="LABEL" value="L77"/><imc name="STMTS"><imc name="MOVE"><imc name="MEM"><imc name="BINOP" value="ADD"><imc name="BINOP" value="ADD"><imc name="TEMP" value="26"/><imc name="CONST" value="-80"/></imc><imc name="BINOP" value="MUL"><imc name="MEM"><imc name="BINOP" value="ADD"><imc name="BINOP" value="ADD"><imc name="MEM"><imc name="BINOP" value="ADD"><imc name="MEM"><imc name="TEMP" value="26"/></imc><imc name="CONST" value="8"/></imc></imc><imc name="BINOP" value="MUL"><imc name="BINOP" value="ADD"><imc name="BINOP" value="MUL"><imc name="MEM"><imc name="BINOP" value="ADD"><imc name="TEMP" value="26"/><imc name="CONST" value="16"/></imc></imc><imc name="CONST" value="3"/></imc><imc name="MEM"><imc name="BINOP" value="ADD"><imc name="TEMP" value="26"/><imc name="CONST" value="-96"/></imc></imc></imc><imc name="CONST" value="72"/></imc></imc><imc name="BINOP" value="MUL"><imc name="BINOP" value="ADD"><imc name="BINOP" value="MUL"><imc name="MEM"><imc name="BINOP" value="ADD"><imc name="TEMP" value="26"/><imc name="CONST" value="8"/></imc></imc><imc name="CONST" value="3"/></imc><imc name="MEM"><imc name="BINOP" value="ADD"><imc name="TEMP" value="26"/><imc name="CONST" value="-88"/></imc></imc></imc><imc name="CONST" value="8"/></imc></imc></imc><imc name="CONST" value="8"/></imc></imc></imc><imc name="CONST" value="1"/></imc></imc><imc name="LABEL" value="L78"/></imc></node><location loc="188.19--191.21"/></node><node label="Stmts"><location loc="0.0--0.0"/></node><location loc="187.17--192.19"/><imc name="STMTS"><imc name="CJUMP" value="L79:L80"><imc name="BINOP" value="NEQ"><imc name="MEM"><imc name="BINOP" value="ADD"><imc name="BINOP" value="ADD"><imc name="MEM"><imc name="BINOP" value="ADD"><imc name="MEM"><imc name="TEMP" value="26"/></imc><imc name="CONST" value="8"/></imc></imc><imc name="BINOP" value="MUL"><imc name="BINOP" value="ADD"><imc name="BINOP" value="MUL"><imc name="MEM"><imc name="BINOP" value="ADD"><imc name="TEMP" value="26"/><imc name="CONST" value="16"/></imc></imc><imc name="CONST" value="3"/></imc><imc name="MEM"><imc name="BINOP" value="ADD"><imc name="TEMP" value="26"/><imc name="CONST" value="-96"/></imc></imc></imc><imc name="CONST" value="72"/></imc></imc><imc name="BINOP" value="MUL"><imc name="BINOP" value="ADD"><imc name="BINOP" value="MUL"><imc name="MEM"><imc name="BINOP" value="ADD"><imc name="TEMP" value="26"/><imc name="CONST" value="8"/></imc></imc><imc name="CONST" value="3"/></imc><imc name="MEM"><imc name="BINOP" value="ADD"><imc name="TEMP" value="26"/><imc name="CONST" value="-88"/></imc></imc></imc><imc name="CONST" value="8"/></imc></imc></imc><imc name="CONST" value="0"/></imc></imc><imc name="LABEL" value="L79"/><imc name="STMTS"><imc name="STMTS"><imc name="CJUMP" value="L76:L77"><imc name="MEM"><imc name="BINOP" value="ADD"><imc name="BINOP" value="ADD"><imc name="TEMP" value="26"/><imc name="CONST" value="-80"/></imc><imc name="BINOP" value="MUL"><imc name="MEM"><imc name="BINOP" value="ADD"><imc name="BINOP" value="ADD"><imc name="MEM"><imc name="BINOP" value="ADD"><imc name="MEM"><imc name="TEMP" value="26"/></imc><imc name="CONST" value="8"/></imc></imc><imc name="BINOP" value="MUL"><imc name="BINOP" value="ADD"><imc name="BINOP" value="MUL"><imc name="MEM"><imc name="BINOP" value="ADD"><imc name="TEMP" value="26"/><imc name="CONST" value="16"/></imc></imc><imc name="CONST" value="3"/></imc><imc name="MEM"><imc name="BINOP" value="ADD"><imc name="TEMP" value="26"/><imc name="CONST" value="-96"/></imc></imc></imc><imc name="CONST" value="72"/></imc></imc><imc name="BINOP" value="MUL"><imc name="BINOP" value="ADD"><imc name="BINOP" value="MUL"><imc name="MEM"><imc name="BINOP" value="ADD"><imc name="TEMP" value="26"/><imc name="CONST" value="8"/></imc></imc><imc name="CONST" value="3"/></imc><imc name="MEM"><imc name="BINOP" value="ADD"><imc name="TEMP" value="26"/><imc name="CONST" value="-88"/></imc></imc></imc><imc name="CONST" value="8"/></imc></imc></imc><imc name="CONST" value="8"/></imc></imc></imc></imc><imc name="LABEL" value="L76"/><imc name="STMTS"><imc name="MOVE"><imc name="MEM"><imc name="BINOP" value="ADD"><imc name="TEMP" value="26"/><imc name="CONST" value="-112"/></imc></imc><imc name="CONST" value="0"/></imc></imc><imc name="JUMP" value="L78"/><imc name="LABEL" value="L77"/><imc name="STMTS"><imc name="MOVE"><imc name="MEM"><imc name="BINOP" value="ADD"><imc name="BINOP" value="ADD"><imc name="TEMP" value="26"/><imc name="CONST" value="-80"/></imc><imc name="BINOP" value="MUL"><imc name="MEM"><imc name="BINOP" value="ADD"><imc name="BINOP" value="ADD"><imc name="MEM"><imc name="BINOP" value="ADD"><imc name="MEM"><imc name="TEMP" value="26"/></imc><imc name="CONST" value="8"/></imc></imc><imc name="BINOP" value="MUL"><imc name="BINOP" value="ADD"><imc name="BINOP" value="MUL"><imc name="MEM"><imc name="BINOP" value="ADD"><imc name="TEMP" value="26"/><imc name="CONST" value="16"/></imc></imc><imc name="CONST" value="3"/></imc><imc name="MEM"><imc name="BINOP" value="ADD"><imc name="TEMP" value="26"/><imc name="CONST" value="-96"/></imc></imc></imc><imc name="CONST" value="72"/></imc></imc><imc name="BINOP" value="MUL"><imc name="BINOP" value="ADD"><imc name="BINOP" value="MUL"><imc name="MEM"><imc name="BINOP" value="ADD"><imc name="TEMP" value="26"/><imc name="CONST" value="8"/></imc></imc><imc name="CONST" value="3"/></imc><imc name="MEM"><imc name="BINOP" value="ADD"><imc name="TEMP" value="26"/><imc name="CONST" value="-88"/></imc></imc></imc><imc name="CONST" value="8"/></imc></imc></imc><imc name="CONST" value="8"/></imc></imc></imc><imc name="CONST" value="1"/></imc></imc><imc name="LABEL" value="L78"/></imc></imc><imc name="LABEL" value="L80"/></imc></node><node label="AssignStmt"><node label="VarName" lexeme="ii"><location loc="193.17--193.18"/><declaredAt location="200.13--200.23"/><imc name="BINOP" value="ADD"><imc name="TEMP" value="26"/><imc name="CONST" value="-88"/></imc></node><node label="BinExpr" spec="ADD"><node label="VarName" lexeme="ii"><location loc="193.20--193.21"/><declaredAt location="200.13--200.23"/><imc name="MEM"><imc name="BINOP" value="ADD"><imc name="TEMP" value="26"/><imc name="CONST" value="-88"/></imc></imc></node><node label="AtomExpr" lexeme="1" spec="INT"><location loc="193.23--193.23"/><type label="INT"/><imc name="CONST" value="1"/></node><location loc="193.20--193.23"/><type label="INT"/><imc name="BINOP" value="ADD"><imc name="MEM"><imc name="BINOP" value="ADD"><imc name="TEMP" value="26"/><imc name="CONST" value="-88"/></imc></imc><imc name="CONST" value="1"/></imc></node><location loc="193.17--193.23"/><imc name="MOVE"><imc name="MEM"><imc name="BINOP" value="ADD"><imc name="TEMP" value="26"/><imc name="CONST" value="-88"/></imc></imc><imc name="BINOP" value="ADD"><imc name="MEM"><imc name="BINOP" value="ADD"><imc name="TEMP" value="26"/><imc name="CONST" value="-88"/></imc></imc><imc name="CONST" value="1"/></imc></imc></node><location loc="187.17--193.23"/></node><location loc="186.15--194.17"/><imc name="STMTS"><imc name="LABEL" value="L81"/><imc name="CJUMP" value="L82:L83"><imc name="BINOP" value="LTH"><imc name="MEM"><imc name="BINOP" value="ADD"><imc name="TEMP" value="26"/><imc name="CONST" value="-88"/></imc></imc><imc name="CONST" value="3"/></imc></imc><imc name="LABEL" value="L82"/><imc name="STMTS"><imc name="STMTS"><imc name="CJUMP" value="L79:L80"><imc name="BINOP" value="NEQ"><imc name="MEM"><imc name="BINOP" value="ADD"><imc name="BINOP" value="ADD"><imc name="MEM"><imc name="BINOP" value="ADD"><imc name="MEM"><imc name="TEMP" value="26"/></imc><imc name="CONST" value="8"/></imc></imc><imc name="BINOP" value="MUL"><imc name="BINOP" value="ADD"><imc name="BINOP" value="MUL"><imc name="MEM"><imc name="BINOP" value="ADD"><imc name="TEMP" value="26"/><imc name="CONST" value="16"/></imc></imc><imc name="CONST" value="3"/></imc><imc name="MEM"><imc name="BINOP" value="ADD"><imc name="TEMP" value="26"/><imc name="CONST" value="-96"/></imc></imc></imc><imc name="CONST" value="72"/></imc></imc><imc name="BINOP" value="MUL"><imc name="BINOP" value="ADD"><imc name="BINOP" value="MUL"><imc name="MEM"><imc name="BINOP" value="ADD"><imc name="TEMP" value="26"/><imc name="CONST" value="8"/></imc></imc><imc name="CONST" value="3"/></imc><imc name="MEM"><imc name="BINOP" value="ADD"><imc name="TEMP" value="26"/><imc name="CONST" value="-88"/></imc></imc></imc><imc name="CONST" value="8"/></imc></imc></imc><imc name="CONST" value="0"/></imc></imc><imc name="LABEL" value="L79"/><imc name="STMTS"><imc name="STMTS"><imc name="CJUMP" value="L76:L77"><imc name="MEM"><imc name="BINOP" value="ADD"><imc name="BINOP" value="ADD"><imc name="TEMP" value="26"/><imc name="CONST" value="-80"/></imc><imc name="BINOP" value="MUL"><imc name="MEM"><imc name="BINOP" value="ADD"><imc name="BINOP" value="ADD"><imc name="MEM"><imc name="BINOP" value="ADD"><imc name="MEM"><imc name="TEMP" value="26"/></imc><imc name="CONST" value="8"/></imc></imc><imc name="BINOP" value="MUL"><imc name="BINOP" value="ADD"><imc name="BINOP" value="MUL"><imc name="MEM"><imc name="BINOP" value="ADD"><imc name="TEMP" value="26"/><imc name="CONST" value="16"/></imc></imc><imc name="CONST" value="3"/></imc><imc name="MEM"><imc name="BINOP" value="ADD"><imc name="TEMP" value="26"/><imc name="CONST" value="-96"/></imc></imc></imc><imc name="CONST" value="72"/></imc></imc><imc name="BINOP" value="MUL"><imc name="BINOP" value="ADD"><imc name="BINOP" value="MUL"><imc name="MEM"><imc name="BINOP" value="ADD"><imc name="TEMP" value="26"/><imc name="CONST" value="8"/></imc></imc><imc name="CONST" value="3"/></imc><imc name="MEM"><imc name="BINOP" value="ADD"><imc name="TEMP" value="26"/><imc name="CONST" value="-88"/></imc></imc></imc><imc name="CONST" value="8"/></imc></imc></imc><imc name="CONST" value="8"/></imc></imc></imc></imc><imc name="LABEL" value="L76"/><imc name="STMTS"><imc name="MOVE"><imc name="MEM"><imc name="BINOP" value="ADD"><imc name="TEMP" value="26"/><imc name="CONST" value="-112"/></imc></imc><imc name="CONST" value="0"/></imc></imc><imc name="JUMP" value="L78"/><imc name="LABEL" value="L77"/><imc name="STMTS"><imc name="MOVE"><imc name="MEM"><imc name="BINOP" value="ADD"><imc name="BINOP" value="ADD"><imc name="TEMP" value="26"/><imc name="CONST" value="-80"/></imc><imc name="BINOP" value="MUL"><imc name="MEM"><imc name="BINOP" value="ADD"><imc name="BINOP" value="ADD"><imc name="MEM"><imc name="BINOP" value="ADD"><imc name="MEM"><imc name="TEMP" value="26"/></imc><imc name="CONST" value="8"/></imc></imc><imc name="BINOP" value="MUL"><imc name="BINOP" value="ADD"><imc name="BINOP" value="MUL"><imc name="MEM"><imc name="BINOP" value="ADD"><imc name="TEMP" value="26"/><imc name="CONST" value="16"/></imc></imc><imc name="CONST" value="3"/></imc><imc name="MEM"><imc name="BINOP" value="ADD"><imc name="TEMP" value="26"/><imc name="CONST" value="-96"/></imc></imc></imc><imc name="CONST" value="72"/></imc></imc><imc name="BINOP" value="MUL"><imc name="BINOP" value="ADD"><imc name="BINOP" value="MUL"><imc name="MEM"><imc name="BINOP" value="ADD"><imc name="TEMP" value="26"/><imc name="CONST" value="8"/></imc></imc><imc name="CONST" value="3"/></imc><imc name="MEM"><imc name="BINOP" value="ADD"><imc name="TEMP" value="26"/><imc name="CONST" value="-88"/></imc></imc></imc><imc name="CONST" value="8"/></imc></imc></imc><imc name="CONST" value="8"/></imc></imc></imc><imc name="CONST" value="1"/></imc></imc><imc name="LABEL" value="L78"/></imc></imc><imc name="LABEL" value="L80"/></imc><imc name="MOVE"><imc name="MEM"><imc name="BINOP" value="ADD"><imc name="TEMP" value="26"/><imc name="CONST" value="-88"/></imc></imc><imc name="BINOP" value="ADD"><imc name="MEM"><imc name="BINOP" value="ADD"><imc name="TEMP" value="26"/><imc name="CONST" value="-88"/></imc></imc><imc name="CONST" value="1"/></imc></imc></imc><imc name="JUMP" value="L81"/><imc name="LABEL" value="L83"/></imc></node><node label="AssignStmt"><node label="VarName" lexeme="jj"><location loc="195.15--195.16"/><declaredAt location="201.13--201.23"/><imc name="BINOP" value="ADD"><imc name="TEMP" value="26"/><imc name="CONST" value="-96"/></imc></node><node label="BinExpr" spec="ADD"><node label="VarName" lexeme="jj"><location loc="195.18--195.19"/><declaredAt location="201.13--201.23"/><imc name="MEM"><imc name="BINOP" value="ADD"><imc name="TEMP" value="26"/><imc name="CONST" value="-96"/></imc></imc></node><node label="AtomExpr" lexeme="1" spec="INT"><location loc="195.21--195.21"/><type label="INT"/><imc name="CONST" value="1"/></node><location loc="195.18--195.21"/><type label="INT"/><imc name="BINOP" value="ADD"><imc name="MEM"><imc name="BINOP" value="ADD"><imc name="TEMP" value="26"/><imc name="CONST" value="-96"/></imc></imc><imc name="CONST" value="1"/></imc></node><location loc="195.15--195.21"/><imc name="MOVE"><imc name="MEM"><imc name="BINOP" value="ADD"><imc name="TEMP" value="26"/><imc name="CONST" value="-96"/></imc></imc><imc name="BINOP" value="ADD"><imc name="MEM"><imc name="BINOP" value="ADD"><imc name="TEMP" value="26"/><imc name="CONST" value="-96"/></imc></imc><imc name="CONST" value="1"/></imc></imc></node><location loc="185.15--195.21"/></node><location loc="184.13--196.15"/><imc name="STMTS"><imc name="LABEL" value="L84"/><imc name="CJUMP" value="L85:L86"><imc name="BINOP" value="LTH"><imc name="MEM"><imc name="BINOP" value="ADD"><imc name="TEMP" value="26"/><imc name="CONST" value="-96"/></imc></imc><imc name="CONST" value="3"/></imc></imc><imc name="LABEL" value="L85"/><imc name="STMTS"><imc name="MOVE"><imc name="MEM"><imc name="BINOP" value="ADD"><imc name="TEMP" value="26"/><imc name="CONST" value="-88"/></imc></imc><imc name="CONST" value="0"/></imc><imc name="STMTS"><imc name="LABEL" value="L81"/><imc name="CJUMP" value="L82:L83"><imc name="BINOP" value="LTH"><imc name="MEM"><imc name="BINOP" value="ADD"><imc name="TEMP" value="26"/><imc name="CONST" value="-88"/></imc></imc><imc name="CONST" value="3"/></imc></imc><imc name="LABEL" value="L82"/><imc name="STMTS"><imc name="STMTS"><imc name="CJUMP" value="L79:L80"><imc name="BINOP" value="NEQ"><imc name="MEM"><imc name="BINOP" value="ADD"><imc name="BINOP" value="ADD"><imc name="MEM"><imc name="BINOP" value="ADD"><imc name="MEM"><imc name="TEMP" value="26"/></imc><imc name="CONST" value="8"/></imc></imc><imc name="BINOP" value="MUL"><imc name="BINOP" value="ADD"><imc name="BINOP" value="MUL"><imc name="MEM"><imc name="BINOP" value="ADD"><imc name="TEMP" value="26"/><imc name="CONST" value="16"/></imc></imc><imc name="CONST" value="3"/></imc><imc name="MEM"><imc name="BINOP" value="ADD"><imc name="TEMP" value="26"/><imc name="CONST" value="-96"/></imc></imc></imc><imc name="CONST" value="72"/></imc></imc><imc name="BINOP" value="MUL"><imc name="BINOP" value="ADD"><imc name="BINOP" value="MUL"><imc name="MEM"><imc name="BINOP" value="ADD"><imc name="TEMP" value="26"/><imc name="CONST" value="8"/></imc></imc><imc name="CONST" value="3"/></imc><imc name="MEM"><imc name="BINOP" value="ADD"><imc name="TEMP" value="26"/><imc name="CONST" value="-88"/></imc></imc></imc><imc name="CONST" value="8"/></imc></imc></imc><imc name="CONST" value="0"/></imc></imc><imc name="LABEL" value="L79"/><imc name="STMTS"><imc name="STMTS"><imc name="CJUMP" value="L76:L77"><imc name="MEM"><imc name="BINOP" value="ADD"><imc name="BINOP" value="ADD"><imc name="TEMP" value="26"/><imc name="CONST" value="-80"/></imc><imc name="BINOP" value="MUL"><imc name="MEM"><imc name="BINOP" value="ADD"><imc name="BINOP" value="ADD"><imc name="MEM"><imc name="BINOP" value="ADD"><imc name="MEM"><imc name="TEMP" value="26"/></imc><imc name="CONST" value="8"/></imc></imc><imc name="BINOP" value="MUL"><imc name="BINOP" value="ADD"><imc name="BINOP" value="MUL"><imc name="MEM"><imc name="BINOP" value="ADD"><imc name="TEMP" value="26"/><imc name="CONST" value="16"/></imc></imc><imc name="CONST" value="3"/></imc><imc name="MEM"><imc name="BINOP" value="ADD"><imc name="TEMP" value="26"/><imc name="CONST" value="-96"/></imc></imc></imc><imc name="CONST" value="72"/></imc></imc><imc name="BINOP" value="MUL"><imc name="BINOP" value="ADD"><imc name="BINOP" value="MUL"><imc name="MEM"><imc name="BINOP" value="ADD"><imc name="TEMP" value="26"/><imc name="CONST" value="8"/></imc></imc><imc name="CONST" value="3"/></imc><imc name="MEM"><imc name="BINOP" value="ADD"><imc name="TEMP" value="26"/><imc name="CONST" value="-88"/></imc></imc></imc><imc name="CONST" value="8"/></imc></imc></imc><imc name="CONST" value="8"/></imc></imc></imc></imc><imc name="LABEL" value="L76"/><imc name="STMTS"><imc name="MOVE"><imc name="MEM"><imc name="BINOP" value="ADD"><imc name="TEMP" value="26"/><imc name="CONST" value="-112"/></imc></imc><imc name="CONST" value="0"/></imc></imc><imc name="JUMP" value="L78"/><imc name="LABEL" value="L77"/><imc name="STMTS"><imc name="MOVE"><imc name="MEM"><imc name="BINOP" value="ADD"><imc name="BINOP" value="ADD"><imc name="TEMP" value="26"/><imc name="CONST" value="-80"/></imc><imc name="BINOP" value="MUL"><imc name="MEM"><imc name="BINOP" value="ADD"><imc name="BINOP" value="ADD"><imc name="MEM"><imc name="BINOP" value="ADD"><imc name="MEM"><imc name="TEMP" value="26"/></imc><imc name="CONST" value="8"/></imc></imc><imc name="BINOP" value="MUL"><imc name="BINOP" value="ADD"><imc name="BINOP" value="MUL"><imc name="MEM"><imc name="BINOP" value="ADD"><imc name="TEMP" value="26"/><imc name="CONST" value="16"/></imc></imc><imc name="CONST" value="3"/></imc><imc name="MEM"><imc name="BINOP" value="ADD"><imc name="TEMP" value="26"/><imc name="CONST" value="-96"/></imc></imc></imc><imc name="CONST" value="72"/></imc></imc><imc name="BINOP" value="MUL"><imc name="BINOP" value="ADD"><imc name="BINOP" value="MUL"><imc name="MEM"><imc name="BINOP" value="ADD"><imc name="TEMP" value="26"/><imc name="CONST" value="8"/></imc></imc><imc name="CONST" value="3"/></imc><imc name="MEM"><imc name="BINOP" value="ADD"><imc name="TEMP" value="26"/><imc name="CONST" value="-88"/></imc></imc></imc><imc name="CONST" value="8"/></imc></imc></imc><imc name="CONST" value="8"/></imc></imc></imc><imc name="CONST" value="1"/></imc></imc><imc name="LABEL" value="L78"/></imc></imc><imc name="LABEL" value="L80"/></imc><imc name="MOVE"><imc name="MEM"><imc name="BINOP" value="ADD"><imc name="TEMP" value="26"/><imc name="CONST" value="-88"/></imc></imc><imc name="BINOP" value="ADD"><imc name="MEM"><imc name="BINOP" value="ADD"><imc name="TEMP" value="26"/><imc name="CONST" value="-88"/></imc></imc><imc name="CONST" value="1"/></imc></imc></imc><imc name="JUMP" value="L81"/><imc name="LABEL" value="L83"/></imc><imc name="MOVE"><imc name="MEM"><imc name="BINOP" value="ADD"><imc name="TEMP" value="26"/><imc name="CONST" value="-96"/></imc></imc><imc name="BINOP" value="ADD"><imc name="MEM"><imc name="BINOP" value="ADD"><imc name="TEMP" value="26"/><imc name="CONST" value="-96"/></imc></imc><imc name="CONST" value="1"/></imc></imc></imc><imc name="JUMP" value="L84"/><imc name="LABEL" value="L86"/></imc></node><location loc="181.13--196.15"/></node><node label="VarName" lexeme="check"><location loc="197.13--197.17"/><declaredAt location="203.13--203.27"/><imc name="MEM"><imc name="BINOP" value="ADD"><imc name="TEMP" value="26"/><imc name="CONST" value="-112"/></imc></imc></node><location loc="181.13--203.27"/><type label="BOOL"/><imc name="SEXPR"><imc name="STMTS"><imc name="MOVE"><imc name="MEM"><imc name="BINOP" value="ADD"><imc name="TEMP" value="26"/><imc name="CONST" value="-112"/></imc></imc><imc name="CONST" value="1"/></imc><imc name="MOVE"><imc name="MEM"><imc name="BINOP" value="ADD"><imc name="TEMP" value="26"/><imc name="CONST" value="-104"/></imc></imc><imc name="CONST" value="1"/></imc><imc name="STMTS"><imc name="LABEL" value="L73"/><imc name="CJUMP" value="L74:L75"><imc name="BINOP" value="LEQ"><imc name="MEM"><imc name="BINOP" value="ADD"><imc name="TEMP" value="26"/><imc name="CONST" value="-104"/></imc></imc><imc name="CONST" value="9"/></imc></imc><imc name="LABEL" value="L74"/><imc name="STMTS"><imc name="MOVE"><imc name="MEM"><imc name="BINOP" value="ADD"><imc name="BINOP" value="ADD"><imc name="TEMP" value="26"/><imc name="CONST" value="-80"/></imc><imc name="BINOP" value="MUL"><imc name="MEM"><imc name="BINOP" value="ADD"><imc name="TEMP" value="26"/><imc name="CONST" value="-104"/></imc></imc><imc name="CONST" value="8"/></imc></imc></imc><imc name="CONST" value="0"/></imc><imc name="MOVE"><imc name="MEM"><imc name="BINOP" value="ADD"><imc name="TEMP" value="26"/><imc name="CONST" value="-104"/></imc></imc><imc name="BINOP" value="ADD"><imc name="MEM"><imc name="BINOP" value="ADD"><imc name="TEMP" value="26"/><imc name="CONST" value="-104"/></imc></imc><imc name="CONST" value="1"/></imc></imc></imc><imc name="JUMP" value="L73"/><imc name="LABEL" value="L75"/></imc><imc name="MOVE"><imc name="MEM"><imc name="BINOP" value="ADD"><imc name="TEMP" value="26"/><imc name="CONST" value="-96"/></imc></imc><imc name="CONST" value="0"/></imc><imc name="STMTS"><imc name="LABEL" value="L84"/><imc name="CJUMP" value="L85:L86"><imc name="BINOP" value="LTH"><imc name="MEM"><imc name="BINOP" value="ADD"><imc name="TEMP" value="26"/><imc name="CONST" value="-96"/></imc></imc><imc name="CONST" value="3"/></imc></imc><imc name="LABEL" value="L85"/><imc name="STMTS"><imc name="MOVE"><imc name="MEM"><imc name="BINOP" value="ADD"><imc name="TEMP" value="26"/><imc name="CONST" value="-88"/></imc></imc><imc name="CONST" value="0"/></imc><imc name="STMTS"><imc name="LABEL" value="L81"/><imc name="CJUMP" value="L82:L83"><imc name="BINOP" value="LTH"><imc name="MEM"><imc name="BINOP" value="ADD"><imc name="TEMP" value="26"/><imc name="CONST" value="-88"/></imc></imc><imc name="CONST" value="3"/></imc></imc><imc name="LABEL" value="L82"/><imc name="STMTS"><imc name="STMTS"><imc name="CJUMP" value="L79:L80"><imc name="BINOP" value="NEQ"><imc name="MEM"><imc name="BINOP" value="ADD"><imc name="BINOP" value="ADD"><imc name="MEM"><imc name="BINOP" value="ADD"><imc name="MEM"><imc name="TEMP" value="26"/></imc><imc name="CONST" value="8"/></imc></imc><imc name="BINOP" value="MUL"><imc name="BINOP" value="ADD"><imc name="BINOP" value="MUL"><imc name="MEM"><imc name="BINOP" value="ADD"><imc name="TEMP" value="26"/><imc name="CONST" value="16"/></imc></imc><imc name="CONST" value="3"/></imc><imc name="MEM"><imc name="BINOP" value="ADD"><imc name="TEMP" value="26"/><imc name="CONST" value="-96"/></imc></imc></imc><imc name="CONST" value="72"/></imc></imc><imc name="BINOP" value="MUL"><imc name="BINOP" value="ADD"><imc name="BINOP" value="MUL"><imc name="MEM"><imc name="BINOP" value="ADD"><imc name="TEMP" value="26"/><imc name="CONST" value="8"/></imc></imc><imc name="CONST" value="3"/></imc><imc name="MEM"><imc name="BINOP" value="ADD"><imc name="TEMP" value="26"/><imc name="CONST" value="-88"/></imc></imc></imc><imc name="CONST" value="8"/></imc></imc></imc><imc name="CONST" value="0"/></imc></imc><imc name="LABEL" value="L79"/><imc name="STMTS"><imc name="STMTS"><imc name="CJUMP" value="L76:L77"><imc name="MEM"><imc name="BINOP" value="ADD"><imc name="BINOP" value="ADD"><imc name="TEMP" value="26"/><imc name="CONST" value="-80"/></imc><imc name="BINOP" value="MUL"><imc name="MEM"><imc name="BINOP" value="ADD"><imc name="BINOP" value="ADD"><imc name="MEM"><imc name="BINOP" value="ADD"><imc name="MEM"><imc name="TEMP" value="26"/></imc><imc name="CONST" value="8"/></imc></imc><imc name="BINOP" value="MUL"><imc name="BINOP" value="ADD"><imc name="BINOP" value="MUL"><imc name="MEM"><imc name="BINOP" value="ADD"><imc name="TEMP" value="26"/><imc name="CONST" value="16"/></imc></imc><imc name="CONST" value="3"/></imc><imc name="MEM"><imc name="BINOP" value="ADD"><imc name="TEMP" value="26"/><imc name="CONST" value="-96"/></imc></imc></imc><imc name="CONST" value="72"/></imc></imc><imc name="BINOP" value="MUL"><imc name="BINOP" value="ADD"><imc name="BINOP" value="MUL"><imc name="MEM"><imc name="BINOP" value="ADD"><imc name="TEMP" value="26"/><imc name="CONST" value="8"/></imc></imc><imc name="CONST" value="3"/></imc><imc name="MEM"><imc name="BINOP" value="ADD"><imc name="TEMP" value="26"/><imc name="CONST" value="-88"/></imc></imc></imc><imc name="CONST" value="8"/></imc></imc></imc><imc name="CONST" value="8"/></imc></imc></imc></imc><imc name="LABEL" value="L76"/><imc name="STMTS"><imc name="MOVE"><imc name="MEM"><imc name="BINOP" value="ADD"><imc name="TEMP" value="26"/><imc name="CONST" value="-112"/></imc></imc><imc name="CONST" value="0"/></imc></imc><imc name="JUMP" value="L78"/><imc name="LABEL" value="L77"/><imc name="STMTS"><imc name="MOVE"><imc name="MEM"><imc name="BINOP" value="ADD"><imc name="BINOP" value="ADD"><imc name="TEMP" value="26"/><imc name="CONST" value="-80"/></imc><imc name="BINOP" value="MUL"><imc name="MEM"><imc name="BINOP" value="ADD"><imc name="BINOP" value="ADD"><imc name="MEM"><imc name="BINOP" value="ADD"><imc name="MEM"><imc name="TEMP" value="26"/></imc><imc name="CONST" value="8"/></imc></imc><imc name="BINOP" value="MUL"><imc name="BINOP" value="ADD"><imc name="BINOP" value="MUL"><imc name="MEM"><imc name="BINOP" value="ADD"><imc name="TEMP" value="26"/><imc name="CONST" value="16"/></imc></imc><imc name="CONST" value="3"/></imc><imc name="MEM"><imc name="BINOP" value="ADD"><imc name="TEMP" value="26"/><imc name="CONST" value="-96"/></imc></imc></imc><imc name="CONST" value="72"/></imc></imc><imc name="BINOP" value="MUL"><imc name="BINOP" value="ADD"><imc name="BINOP" value="MUL"><imc name="MEM"><imc name="BINOP" value="ADD"><imc name="TEMP" value="26"/><imc name="CONST" value="8"/></imc></imc><imc name="CONST" value="3"/></imc><imc name="MEM"><imc name="BINOP" value="ADD"><imc name="TEMP" value="26"/><imc name="CONST" value="-88"/></imc></imc></imc><imc name="CONST" value="8"/></imc></imc></imc><imc name="CONST" value="8"/></imc></imc></imc><imc name="CONST" value="1"/></imc></imc><imc name="LABEL" value="L78"/></imc></imc><imc name="LABEL" value="L80"/></imc><imc name="MOVE"><imc name="MEM"><imc name="BINOP" value="ADD"><imc name="TEMP" value="26"/><imc name="CONST" value="-88"/></imc></imc><imc name="BINOP" value="ADD"><imc name="MEM"><imc name="BINOP" value="ADD"><imc name="TEMP" value="26"/><imc name="CONST" value="-88"/></imc></imc><imc name="CONST" value="1"/></imc></imc></imc><imc name="JUMP" value="L81"/><imc name="LABEL" value="L83"/></imc><imc name="MOVE"><imc name="MEM"><imc name="BINOP" value="ADD"><imc name="TEMP" value="26"/><imc name="CONST" value="-96"/></imc></imc><imc name="BINOP" value="ADD"><imc name="MEM"><imc name="BINOP" value="ADD"><imc name="TEMP" value="26"/><imc name="CONST" value="-96"/></imc></imc><imc name="CONST" value="1"/></imc></imc></imc><imc name="JUMP" value="L84"/><imc name="LABEL" value="L86"/></imc></imc><imc name="MEM"><imc name="BINOP" value="ADD"><imc name="TEMP" value="26"/><imc name="CONST" value="-112"/></imc></imc></imc></node><location loc="180.7--204.12"/><frame FP="T26" RV="T27" argssize="0" depth="2" label="L3" locssize="112" size="128"/></node><node label="FunDef" lexeme="solve"><node label="ParDecls"><node label="ParDecl" lexeme="k"><node label="AtomType" spec="INT"><location loc="205.19--205.21"/></node><location loc="205.17--205.21"/><access depth="2" offset="8" size="8"/></node><node label="ParDecl" lexeme="n"><node label="AtomType" spec="INT"><location loc="205.25--205.27"/></node><location loc="205.23--205.27"/><access depth="2" offset="16" size="8"/></node><location loc="205.17--205.27"/></node><node label="AtomType" spec="INT"><location loc="205.30--205.32"/></node><node label="BlockExpr"><node label="Decls"><node label="VarDecl" lexeme="count"><node label="AtomType" spec="INT"><location loc="249.23--249.25"/></node><location loc="249.13--249.26"/><access depth="2" offset="-8" size="8"/></node><location loc="249.13--249.26"/></node><node label="Stmts"><node label="IfStmt"><node label="BinExpr" spec="EQU"><node label="VarName" lexeme="k"><location loc="206.16--206.16"/><declaredAt location="205.17--205.21"/><imc name="MEM"><imc name="BINOP" value="ADD"><imc name="TEMP" value="28"/><imc name="CONST" value="8"/></imc></imc></node><node label="VarName" lexeme="n"><location loc="206.19--206.19"/><declaredAt location="205.23--205.27"/><imc name="MEM"><imc name="BINOP" value="ADD"><imc name="TEMP" value="28"/><imc name="CONST" value="16"/></imc></imc></node><location loc="206.16--206.19"/><type label="BOOL"/><imc name="BINOP" value="EQU"><imc name="MEM"><imc name="BINOP" value="ADD"><imc name="TEMP" value="28"/><imc name="CONST" value="8"/></imc></imc><imc name="MEM"><imc name="BINOP" value="ADD"><imc name="TEMP" value="28"/><imc name="CONST" value="16"/></imc></imc></imc></node><node label="Stmts"><node label="ExprStmt"><node label="BlockExpr"><node label="Decls"><node label="VarDecl" lexeme="j"><node label="AtomType" spec="INT"><location loc="223.23--223.25"/></node><location loc="223.17--223.26"/><access depth="2" offset="-16" size="8"/></node><node label="VarDecl" lexeme="i"><node label="AtomType" spec="INT"><location loc="224.23--224.25"/></node><location loc="224.17--224.26"/><access depth="2" offset="-24" size="8"/></node><location loc="223.17--224.26"/></node><node label="Stmts"><node label="IfStmt"><node label="AtomExpr" lexeme="true" spec="BOOL"><location loc="207.20--207.23"/><type label="BOOL"/><imc name="CONST" value="1"/></node><node label="Stmts"><node label="AssignStmt"><node label="VarName" lexeme="j"><location loc="208.19--208.19"/><declaredAt location="223.17--223.26"/><imc name="BINOP" value="ADD"><imc name="TEMP" value="28"/><imc name="CONST" value="-16"/></imc></node><node label="AtomExpr" lexeme="0" spec="INT"><location loc="208.21--208.21"/><type label="INT"/><imc name="CONST" value="0"/></node><location loc="208.19--208.21"/><imc name="MOVE"><imc name="MEM"><imc name="BINOP" value="ADD"><imc name="TEMP" value="28"/><imc name="CONST" value="-16"/></imc></imc><imc name="CONST" value="0"/></imc></node><node label="WhileStmt"><node label="BinExpr" spec="LTH"><node label="VarName" lexeme="j"><location loc="209.25--209.25"/><declaredAt location="223.17--223.26"/><imc name="MEM"><imc name="BINOP" value="ADD"><imc name="TEMP" value="28"/><imc name="CONST" value="-16"/></imc></imc></node><node label="AtomExpr" lexeme="9" spec="INT"><location loc="209.27--209.27"/><type label="INT"/><imc name="CONST" value="9"/></node><location loc="209.25--209.27"/><type label="BOOL"/><imc name="BINOP" value="LTH"><imc name="MEM"><imc name="BINOP" value="ADD"><imc name="TEMP" value="28"/><imc name="CONST" value="-16"/></imc></imc><imc name="CONST" value="9"/></imc></node><node label="Stmts"><node label="AssignStmt"><node label="VarName" lexeme="i"><location loc="210.21--210.21"/><declaredAt location="224.17--224.26"/><imc name="BINOP" value="ADD"><imc name="TEMP" value="28"/><imc name="CONST" value="-24"/></imc></node><node label="AtomExpr" lexeme="0" spec="INT"><location loc="210.23--210.23"/><type label="INT"/><imc name="CONST" value="0"/></node><location loc="210.21--210.23"/><imc name="MOVE"><imc name="MEM"><imc name="BINOP" value="ADD"><imc name="TEMP" value="28"/><imc name="CONST" value="-24"/></imc></imc><imc name="CONST" value="0"/></imc></node><node label="WhileStmt"><node label="BinExpr" spec="LTH"><node label="VarName" lexeme="i"><location loc="211.27--211.27"/><declaredAt location="224.17--224.26"/><imc name="MEM"><imc name="BINOP" value="ADD"><imc name="TEMP" value="28"/><imc name="CONST" value="-24"/></imc></imc></node><node label="AtomExpr" lexeme="9" spec="INT"><location loc="211.29--211.29"/><type label="INT"/><imc name="CONST" value="9"/></node><location loc="211.27--211.29"/><type label="BOOL"/><imc name="BINOP" value="LTH"><imc name="MEM"><imc name="BINOP" value="ADD"><imc name="TEMP" value="28"/><imc name="CONST" value="-24"/></imc></imc><imc name="CONST" value="9"/></imc></node><node label="Stmts"><node label="ExprStmt"><node label="FunName" lexeme="putInt"><node label="Args"><node label="ArrExpr"><node label="ArrExpr"><node label="UnExpr" spec="DATA"><node label="VarName" lexeme="t2d"><location loc="212.32--212.34"/><declaredAt location="137.12--137.36"/><type label="PTR"><type label="ARR(9)" len="9"><type label="ARR(9)" len="9"><type label="INT"/></type></type></type><imc name="MEM"><imc name="BINOP" value="ADD"><imc name="MEM"><imc name="TEMP" value="28"/></imc><imc name="CONST" value="8"/></imc></imc></node><location loc="212.31--212.34"/><type label="ARR(9)" len="9"><type label="ARR(9)" len="9"><type label="INT"/></type></type><addr/><imc name="BINOP" value="ADD"><imc name="MEM"><imc name="TEMP" value="28"/></imc><imc name="CONST" value="8"/></imc></node><node label="VarName" lexeme="j"><location loc="212.37--212.37"/><declaredAt location="223.17--223.26"/><imc name="MEM"><imc name="BINOP" value="ADD"><imc name="TEMP" value="28"/><imc name="CONST" value="-16"/></imc></imc></node><location loc="212.31--212.38"/><type label="ARR(9)" len="9"><type label="INT"/></type><addr/><imc name="BINOP" value="ADD"><imc name="MEM"><imc name="BINOP" value="ADD"><imc name="MEM"><imc name="TEMP" value="28"/></imc><imc name="CONST" value="8"/></imc></imc><imc name="BINOP" value="MUL"><imc name="MEM"><imc name="BINOP" value="ADD"><imc name="TEMP" value="28"/><imc name="CONST" value="-16"/></imc></imc><imc name="CONST" value="72"/></imc></imc></node><node label="VarName" lexeme="i"><location loc="212.40--212.40"/><declaredAt location="224.17--224.26"/><imc name="MEM"><imc name="BINOP" value="ADD"><imc name="TEMP" value="28"/><imc name="CONST" value="-24"/></imc></imc></node><location loc="212.31--212.41"/><type label="INT"/><addr/><imc name="MEM"><imc name="BINOP" value="ADD"><imc name="BINOP" value="ADD"><imc name="MEM"><imc name="BINOP" value="ADD"><imc name="MEM"><imc name="TEMP" value="28"/></imc><imc name="CONST" value="8"/></imc></imc><imc name="BINOP" value="MUL"><imc name="MEM"><imc name="BINOP" value="ADD"><imc name="TEMP" value="28"/><imc name="CONST" value="-16"/></imc></imc><imc name="CONST" value="72"/></imc></imc><imc name="BINOP" value="MUL"><imc name="MEM"><imc name="BINOP" value="ADD"><imc name="TEMP" value="28"/><imc name="CONST" value="-24"/></imc></imc><imc name="CONST" value="8"/></imc></imc></imc></node><location loc="212.31--212.41"/></node><location loc="212.23--212.42"/><declaredAt location="1.1--1.23"/><type label="VOID"/><imc name="CALL" value="_putInt"><imc name="CONST" value="0"/><imc name="MEM"><imc name="BINOP" value="ADD"><imc name="BINOP" value="ADD"><imc name="MEM"><imc name="BINOP" value="ADD"><imc name="MEM"><imc name="TEMP" value="28"/></imc><imc name="CONST" value="8"/></imc></imc><imc name="BINOP" value="MUL"><imc name="MEM"><imc name="BINOP" value="ADD"><imc name="TEMP" value="28"/><imc name="CONST" value="-16"/></imc></imc><imc name="CONST" value="72"/></imc></imc><imc name="BINOP" value="MUL"><imc name="MEM"><imc name="BINOP" value="ADD"><imc name="TEMP" value="28"/><imc name="CONST" value="-24"/></imc></imc><imc name="CONST" value="8"/></imc></imc></imc></imc></node><location loc="212.23--212.42"/><imc name="ESTMT"><imc name="CALL" value="_putInt"><imc name="CONST" value="0"/><imc name="MEM"><imc name="BINOP" value="ADD"><imc name="BINOP" value="ADD"><imc name="MEM"><imc name="BINOP" value="ADD"><imc name="MEM"><imc name="TEMP" value="28"/></imc><imc name="CONST" value="8"/></imc></imc><imc name="BINOP" value="MUL"><imc name="MEM"><imc name="BINOP" value="ADD"><imc name="TEMP" value="28"/><imc name="CONST" value="-16"/></imc></imc><imc name="CONST" value="72"/></imc></imc><imc name="BINOP" value="MUL"><imc name="MEM"><imc name="BINOP" value="ADD"><imc name="TEMP" value="28"/><imc name="CONST" value="-24"/></imc></imc><imc name="CONST" value="8"/></imc></imc></imc></imc></imc></node><node label="ExprStmt"><node label="FunName" lexeme="putChar"><node label="Args"><node label="AtomExpr" lexeme="' '" spec="CHAR"><location loc="213.31--213.33"/><type label="CHAR"/><imc name="CONST" value="32"/></node><location loc="213.31--213.33"/></node><location loc="213.23--213.34"/><declaredAt location="2.1--2.25"/><type label="VOID"/><imc name="CALL" value="_putChar"><imc name="CONST" value="0"/><imc name="CONST" value="32"/></imc></node><location loc="213.23--213.34"/><imc name="ESTMT"><imc name="CALL" value="_putChar"><imc name="CONST" value="0"/><imc name="CONST" value="32"/></imc></imc></node><node label="AssignStmt"><node label="VarName" lexeme="i"><location loc="214.23--214.23"/><declaredAt location="224.17--224.26"/><imc name="BINOP" value="ADD"><imc name="TEMP" value="28"/><imc name="CONST" value="-24"/></imc></node><node label="BinExpr" spec="ADD"><node label="VarName" lexeme="i"><location loc="214.25--214.25"/><declaredAt location="224.17--224.26"/><imc name="MEM"><imc name="BINOP" value="ADD"><imc name="TEMP" value="28"/><imc name="CONST" value="-24"/></imc></imc></node><node label="AtomExpr" lexeme="1" spec="INT"><location loc="214.27--214.27"/><type label="INT"/><imc name="CONST" value="1"/></node><location loc="214.25--214.27"/><type label="INT"/><imc name="BINOP" value="ADD"><imc name="MEM"><imc name="BINOP" value="ADD"><imc name="TEMP" value="28"/><imc name="CONST" value="-24"/></imc></imc><imc name="CONST" value="1"/></imc></node><location loc="214.23--214.27"/><imc name="MOVE"><imc name="MEM"><imc name="BINOP" value="ADD"><imc name="TEMP" value="28"/><imc name="CONST" value="-24"/></imc></imc><imc name="BINOP" value="ADD"><imc name="MEM"><imc name="BINOP" value="ADD"><imc name="TEMP" value="28"/><imc name="CONST" value="-24"/></imc></imc><imc name="CONST" value="1"/></imc></imc></node><location loc="212.23--214.27"/></node><location loc="211.21--215.23"/><imc name="STMTS"><imc name="LABEL" value="L87"/><imc name="CJUMP" value="L88:L89"><imc name="BINOP" value="LTH"><imc name="MEM"><imc name="BINOP" value="ADD"><imc name="TEMP" value="28"/><imc name="CONST" value="-24"/></imc></imc><imc name="CONST" value="9"/></imc></imc><imc name="LABEL" value="L88"/><imc name="STMTS"><imc name="ESTMT"><imc name="CALL" value="_putInt"><imc name="CONST" value="0"/><imc name="MEM"><imc name="BINOP" value="ADD"><imc name="BINOP" value="ADD"><imc name="MEM"><imc name="BINOP" value="ADD"><imc name="MEM"><imc name="TEMP" value="28"/></imc><imc name="CONST" value="8"/></imc></imc><imc name="BINOP" value="MUL"><imc name="MEM"><imc name="BINOP" value="ADD"><imc name="TEMP" value="28"/><imc name="CONST" value="-16"/></imc></imc><imc name="CONST" value="72"/></imc></imc><imc name="BINOP" value="MUL"><imc name="MEM"><imc name="BINOP" value="ADD"><imc name="TEMP" value="28"/><imc name="CONST" value="-24"/></imc></imc><imc name="CONST" value="8"/></imc></imc></imc></imc></imc><imc name="ESTMT"><imc name="CALL" value="_putChar"><imc name="CONST" value="0"/><imc name="CONST" value="32"/></imc></imc><imc name="MOVE"><imc name="MEM"><imc name="BINOP" value="ADD"><imc name="TEMP" value="28"/><imc name="CONST" value="-24"/></imc></imc><imc name="BINOP" value="ADD"><imc name="MEM"><imc name="BINOP" value="ADD"><imc name="TEMP" value="28"/><imc name="CONST" value="-24"/></imc></imc><imc name="CONST" value="1"/></imc></imc></imc><imc name="JUMP" value="L87"/><imc name="LABEL" value="L89"/></imc></node><node label="ExprStmt"><node label="FunName" lexeme="putChar"><node label="Args"><node label="CastExpr"><node label="AtomExpr" lexeme="10" spec="INT"><location loc="216.30--216.31"/><type label="INT"/><imc name="CONST" value="10"/></node><node label="AtomType" spec="CHAR"><location loc="216.33--216.36"/></node><location loc="216.32--216.37"/><type label="CHAR"/><imc name="BINOP" value="MOD"><imc name="CONST" value="10"/><imc name="CONST" value="256"/></imc></node><location loc="216.32--216.37"/></node><location loc="216.21--216.38"/><declaredAt location="2.1--2.25"/><type label="VOID"/><imc name="CALL" value="_putChar"><imc name="CONST" value="0"/><imc name="BINOP" value="MOD"><imc name="CONST" value="10"/><imc name="CONST" value="256"/></imc></imc></node><location loc="216.21--216.38"/><imc name="ESTMT"><imc name="CALL" value="_putChar"><imc name="CONST" value="0"/><imc name="BINOP" value="MOD"><imc name="CONST" value="10"/><imc name="CONST" value="256"/></imc></imc></imc></node><node label="AssignStmt"><node label="VarName" lexeme="j"><location loc="217.21--217.21"/><declaredAt location="223.17--223.26"/><imc name="BINOP" value="ADD"><imc name="TEMP" value="28"/><imc name="CONST" value="-16"/></imc></node><node label="BinExpr" spec="ADD"><node label="VarName" lexeme="j"><location loc="217.23--217.23"/><declaredAt location="223.17--223.26"/><imc name="MEM"><imc name="BINOP" value="ADD"><imc name="TEMP" value="28"/><imc name="CONST" value="-16"/></imc></imc></node><node label="AtomExpr" lexeme="1" spec="INT"><location loc="217.25--217.25"/><type label="INT"/><imc name="CONST" value="1"/></node><location loc="217.23--217.25"/><type label="INT"/><imc name="BINOP" value="ADD"><imc name="MEM"><imc name="BINOP" value="ADD"><imc name="TEMP" value="28"/><imc name="CONST" value="-16"/></imc></imc><imc name="CONST" value="1"/></imc></node><location loc="217.21--217.25"/><imc name="MOVE"><imc name="MEM"><imc name="BINOP" value="ADD"><imc name="TEMP" value="28"/><imc name="CONST" value="-16"/></imc></imc><imc name="BINOP" value="ADD"><imc name="MEM"><imc name="BINOP" value="ADD"><imc name="TEMP" value="28"/><imc name="CONST" value="-16"/></imc></imc><imc name="CONST" value="1"/></imc></imc></node><location loc="210.21--217.25"/></node><location loc="209.19--218.21"/><imc name="STMTS"><imc name="LABEL" value="L90"/><imc name="CJUMP" value="L91:L92"><imc name="BINOP" value="LTH"><imc name="MEM"><imc name="BINOP" value="ADD"><imc name="TEMP" value="28"/><imc name="CONST" value="-16"/></imc></imc><imc name="CONST" value="9"/></imc></imc><imc name="LABEL" value="L91"/><imc name="STMTS"><imc name="MOVE"><imc name="MEM"><imc name="BINOP" value="ADD"><imc name="TEMP" value="28"/><imc name="CONST" value="-24"/></imc></imc><imc name="CONST" value="0"/></imc><imc name="STMTS"><imc name="LABEL" value="L87"/><imc name="CJUMP" value="L88:L89"><imc name="BINOP" value="LTH"><imc name="MEM"><imc name="BINOP" value="ADD"><imc name="TEMP" value="28"/><imc name="CONST" value="-24"/></imc></imc><imc name="CONST" value="9"/></imc></imc><imc name="LABEL" value="L88"/><imc name="STMTS"><imc name="ESTMT"><imc name="CALL" value="_putInt"><imc name="CONST" value="0"/><imc name="MEM"><imc name="BINOP" value="ADD"><imc name="BINOP" value="ADD"><imc name="MEM"><imc name="BINOP" value="ADD"><imc name="MEM"><imc name="TEMP" value="28"/></imc><imc name="CONST" value="8"/></imc></imc><imc name="BINOP" value="MUL"><imc name="MEM"><imc name="BINOP" value="ADD"><imc name="TEMP" value="28"/><imc name="CONST" value="-16"/></imc></imc><imc name="CONST" value="72"/></imc></imc><imc name="BINOP" value="MUL"><imc name="MEM"><imc name="BINOP" value="ADD"><imc name="TEMP" value="28"/><imc name="CONST" value="-24"/></imc></imc><imc name="CONST" value="8"/></imc></imc></imc></imc></imc><imc name="ESTMT"><imc name="CALL" value="_putChar"><imc name="CONST" value="0"/><imc name="CONST" value="32"/></imc></imc><imc name="MOVE"><imc name="MEM"><imc name="BINOP" value="ADD"><imc name="TEMP" value="28"/><imc name="CONST" value="-24"/></imc></imc><imc name="BINOP" value="ADD"><imc name="MEM"><imc name="BINOP" value="ADD"><imc name="TEMP" value="28"/><imc name="CONST" value="-24"/></imc></imc><imc name="CONST" value="1"/></imc></imc></imc><imc name="JUMP" value="L87"/><imc name="LABEL" value="L89"/></imc><imc name="ESTMT"><imc name="CALL" value="_putChar"><imc name="CONST" value="0"/><imc name="BINOP" value="MOD"><imc name="CONST" value="10"/><imc name="CONST" value="256"/></imc></imc></imc><imc name="MOVE"><imc name="MEM"><imc name="BINOP" value="ADD"><imc name="TEMP" value="28"/><imc name="CONST" value="-16"/></imc></imc><imc name="BINOP" value="ADD"><imc name="MEM"><imc name="BINOP" value="ADD"><imc name="TEMP" value="28"/><imc name="CONST" value="-16"/></imc></imc><imc name="CONST" value="1"/></imc></imc></imc><imc name="JUMP" value="L90"/><imc name="LABEL" value="L92"/></imc></node><node label="ExprStmt"><node label="FunName" lexeme="putChar"><node label="Args"><node label="CastExpr"><node label="AtomExpr" lexeme="10" spec="INT"><location loc="219.28--219.29"/><type label="INT"/><imc name="CONST" value="10"/></node><node label="AtomType" spec="CHAR"><location loc="219.31--219.34"/></node><location loc="219.30--219.35"/><type label="CHAR"/><imc name="BINOP" value="MOD"><imc name="CONST" value="10"/><imc name="CONST" value="256"/></imc></node><location loc="219.30--219.35"/></node><location loc="219.19--219.36"/><declaredAt location="2.1--2.25"/><type label="VOID"/><imc name="CALL" value="_putChar"><imc name="CONST" value="0"/><imc name="BINOP" value="MOD"><imc name="CONST" value="10"/><imc name="CONST" value="256"/></imc></imc></node><location loc="219.19--219.36"/><imc name="ESTMT"><imc name="CALL" value="_putChar"><imc name="CONST" value="0"/><imc name="BINOP" value="MOD"><imc name="CONST" value="10"/><imc name="CONST" value="256"/></imc></imc></imc></node><location loc="208.19--219.36"/></node><node label="Stmts"><location loc="0.0--0.0"/></node><location loc="207.17--220.19"/><imc name="STMTS"><imc name="CJUMP" value="L93:L94"><imc name="CONST" value="1"/></imc><imc name="LABEL" value="L93"/><imc name="STMTS"><imc name="MOVE"><imc name="MEM"><imc name="BINOP" value="ADD"><imc name="TEMP" value="28"/><imc name="CONST" value="-16"/></imc></imc><imc name="CONST" value="0"/></imc><imc name="STMTS"><imc name="LABEL" value="L90"/><imc name="CJUMP" value="L91:L92"><imc name="BINOP" value="LTH"><imc name="MEM"><imc name="BINOP" value="ADD"><imc name="TEMP" value="28"/><imc name="CONST" value="-16"/></imc></imc><imc name="CONST" value="9"/></imc></imc><imc name="LABEL" value="L91"/><imc name="STMTS"><imc name="MOVE"><imc name="MEM"><imc name="BINOP" value="ADD"><imc name="TEMP" value="28"/><imc name="CONST" value="-24"/></imc></imc><imc name="CONST" value="0"/></imc><imc name="STMTS"><imc name="LABEL" value="L87"/><imc name="CJUMP" value="L88:L89"><imc name="BINOP" value="LTH"><imc name="MEM"><imc name="BINOP" value="ADD"><imc name="TEMP" value="28"/><imc name="CONST" value="-24"/></imc></imc><imc name="CONST" value="9"/></imc></imc><imc name="LABEL" value="L88"/><imc name="STMTS"><imc name="ESTMT"><imc name="CALL" value="_putInt"><imc name="CONST" value="0"/><imc name="MEM"><imc name="BINOP" value="ADD"><imc name="BINOP" value="ADD"><imc name="MEM"><imc name="BINOP" value="ADD"><imc name="MEM"><imc name="TEMP" value="28"/></imc><imc name="CONST" value="8"/></imc></imc><imc name="BINOP" value="MUL"><imc name="MEM"><imc name="BINOP" value="ADD"><imc name="TEMP" value="28"/><imc name="CONST" value="-16"/></imc></imc><imc name="CONST" value="72"/></imc></imc><imc name="BINOP" value="MUL"><imc name="MEM"><imc name="BINOP" value="ADD"><imc name="TEMP" value="28"/><imc name="CONST" value="-24"/></imc></imc><imc name="CONST" value="8"/></imc></imc></imc></imc></imc><imc name="ESTMT"><imc name="CALL" value="_putChar"><imc name="CONST" value="0"/><imc name="CONST" value="32"/></imc></imc><imc name="MOVE"><imc name="MEM"><imc name="BINOP" value="ADD"><imc name="TEMP" value="28"/><imc name="CONST" value="-24"/></imc></imc><imc name="BINOP" value="ADD"><imc name="MEM"><imc name="BINOP" value="ADD"><imc name="TEMP" value="28"/><imc name="CONST" value="-24"/></imc></imc><imc name="CONST" value="1"/></imc></imc></imc><imc name="JUMP" value="L87"/><imc name="LABEL" value="L89"/></imc><imc name="ESTMT"><imc name="CALL" value="_putChar"><imc name="CONST" value="0"/><imc name="BINOP" value="MOD"><imc name="CONST" value="10"/><imc name="CONST" value="256"/></imc></imc></imc><imc name="MOVE"><imc name="MEM"><imc name="BINOP" value="ADD"><imc name="TEMP" value="28"/><imc name="CONST" value="-16"/></imc></imc><imc name="BINOP" value="ADD"><imc name="MEM"><imc name="BINOP" value="ADD"><imc name="TEMP" value="28"/><imc name="CONST" value="-16"/></imc></imc><imc name="CONST" value="1"/></imc></imc></imc><imc name="JUMP" value="L90"/><imc name="LABEL" value="L92"/></imc><imc name="ESTMT"><imc name="CALL" value="_putChar"><imc name="CONST" value="0"/><imc name="BINOP" value="MOD"><imc name="CONST" value="10"/><imc name="CONST" value="256"/></imc></imc></imc></imc><imc name="LABEL" value="L94"/></imc></node><location loc="207.17--220.19"/></node><node label="AtomExpr" lexeme="none" spec="VOID"><location loc="221.17--221.20"/><type label="VOID"/><imc name="CONST" value="0"/></node><location loc="207.17--224.26"/><type label="VOID"/><imc name="SEXPR"><imc name="STMTS"><imc name="STMTS"><imc name="CJUMP" value="L93:L94"><imc name="CONST" value="1"/></imc><imc name="LABEL" value="L93"/><imc name="STMTS"><imc name="MOVE"><imc name="MEM"><imc name="BINOP" value="ADD"><imc name="TEMP" value="28"/><imc name="CONST" value="-16"/></imc></imc><imc name="CONST" value="0"/></imc><imc name="STMTS"><imc name="LABEL" value="L90"/><imc name="CJUMP" value="L91:L92"><imc name="BINOP" value="LTH"><imc name="MEM"><imc name="BINOP" value="ADD"><imc name="TEMP" value="28"/><imc name="CONST" value="-16"/></imc></imc><imc name="CONST" value="9"/></imc></imc><imc name="LABEL" value="L91"/><imc name="STMTS"><imc name="MOVE"><imc name="MEM"><imc name="BINOP" value="ADD"><imc name="TEMP" value="28"/><imc name="CONST" value="-24"/></imc></imc><imc name="CONST" value="0"/></imc><imc name="STMTS"><imc name="LABEL" value="L87"/><imc name="CJUMP" value="L88:L89"><imc name="BINOP" value="LTH"><imc name="MEM"><imc name="BINOP" value="ADD"><imc name="TEMP" value="28"/><imc name="CONST" value="-24"/></imc></imc><imc name="CONST" value="9"/></imc></imc><imc name="LABEL" value="L88"/><imc name="STMTS"><imc name="ESTMT"><imc name="CALL" value="_putInt"><imc name="CONST" value="0"/><imc name="MEM"><imc name="BINOP" value="ADD"><imc name="BINOP" value="ADD"><imc name="MEM"><imc name="BINOP" value="ADD"><imc name="MEM"><imc name="TEMP" value="28"/></imc><imc name="CONST" value="8"/></imc></imc><imc name="BINOP" value="MUL"><imc name="MEM"><imc name="BINOP" value="ADD"><imc name="TEMP" value="28"/><imc name="CONST" value="-16"/></imc></imc><imc name="CONST" value="72"/></imc></imc><imc name="BINOP" value="MUL"><imc name="MEM"><imc name="BINOP" value="ADD"><imc name="TEMP" value="28"/><imc name="CONST" value="-24"/></imc></imc><imc name="CONST" value="8"/></imc></imc></imc></imc></imc><imc name="ESTMT"><imc name="CALL" value="_putChar"><imc name="CONST" value="0"/><imc name="CONST" value="32"/></imc></imc><imc name="MOVE"><imc name="MEM"><imc name="BINOP" value="ADD"><imc name="TEMP" value="28"/><imc name="CONST" value="-24"/></imc></imc><imc name="BINOP" value="ADD"><imc name="MEM"><imc name="BINOP" value="ADD"><imc name="TEMP" value="28"/><imc name="CONST" value="-24"/></imc></imc><imc name="CONST" value="1"/></imc></imc></imc><imc name="JUMP" value="L87"/><imc name="LABEL" value="L89"/></imc><imc name="ESTMT"><imc name="CALL" value="_putChar"><imc name="CONST" value="0"/><imc name="BINOP" value="MOD"><imc name="CONST" value="10"/><imc name="CONST" value="256"/></imc></imc></imc><imc name="MOVE"><imc name="MEM"><imc name="BINOP" value="ADD"><imc name="TEMP" value="28"/><imc name="CONST" value="-16"/></imc></imc><imc name="BINOP" value="ADD"><imc name="MEM"><imc name="BINOP" value="ADD"><imc name="TEMP" value="28"/><imc name="CONST" value="-16"/></imc></imc><imc name="CONST" value="1"/></imc></imc></imc><imc name="JUMP" value="L90"/><imc name="LABEL" value="L92"/></imc><imc name="ESTMT"><imc name="CALL" value="_putChar"><imc name="CONST" value="0"/><imc name="BINOP" value="MOD"><imc name="CONST" value="10"/><imc name="CONST" value="256"/></imc></imc></imc></imc><imc name="LABEL" value="L94"/></imc></imc><imc name="CONST" value="0"/></imc></node><location loc="207.15--225.15"/><imc name="ESTMT"><imc name="SEXPR"><imc name="STMTS"><imc name="STMTS"><imc name="CJUMP" value="L93:L94"><imc name="CONST" value="1"/></imc><imc name="LABEL" value="L93"/><imc name="STMTS"><imc name="MOVE"><imc name="MEM"><imc name="BINOP" value="ADD"><imc name="TEMP" value="28"/><imc name="CONST" value="-16"/></imc></imc><imc name="CONST" value="0"/></imc><imc name="STMTS"><imc name="LABEL" value="L90"/><imc name="CJUMP" value="L91:L92"><imc name="BINOP" value="LTH"><imc name="MEM"><imc name="BINOP" value="ADD"><imc name="TEMP" value="28"/><imc name="CONST" value="-16"/></imc></imc><imc name="CONST" value="9"/></imc></imc><imc name="LABEL" value="L91"/><imc name="STMTS"><imc name="MOVE"><imc name="MEM"><imc name="BINOP" value="ADD"><imc name="TEMP" value="28"/><imc name="CONST" value="-24"/></imc></imc><imc name="CONST" value="0"/></imc><imc name="STMTS"><imc name="LABEL" value="L87"/><imc name="CJUMP" value="L88:L89"><imc name="BINOP" value="LTH"><imc name="MEM"><imc name="BINOP" value="ADD"><imc name="TEMP" value="28"/><imc name="CONST" value="-24"/></imc></imc><imc name="CONST" value="9"/></imc></imc><imc name="LABEL" value="L88"/><imc name="STMTS"><imc name="ESTMT"><imc name="CALL" value="_putInt"><imc name="CONST" value="0"/><imc name="MEM"><imc name="BINOP" value="ADD"><imc name="BINOP" value="ADD"><imc name="MEM"><imc name="BINOP" value="ADD"><imc name="MEM"><imc name="TEMP" value="28"/></imc><imc name="CONST" value="8"/></imc></imc><imc name="BINOP" value="MUL"><imc name="MEM"><imc name="BINOP" value="ADD"><imc name="TEMP" value="28"/><imc name="CONST" value="-16"/></imc></imc><imc name="CONST" value="72"/></imc></imc><imc name="BINOP" value="MUL"><imc name="MEM"><imc name="BINOP" value="ADD"><imc name="TEMP" value="28"/><imc name="CONST" value="-24"/></imc></imc><imc name="CONST" value="8"/></imc></imc></imc></imc></imc><imc name="ESTMT"><imc name="CALL" value="_putChar"><imc name="CONST" value="0"/><imc name="CONST" value="32"/></imc></imc><imc name="MOVE"><imc name="MEM"><imc name="BINOP" value="ADD"><imc name="TEMP" value="28"/><imc name="CONST" value="-24"/></imc></imc><imc name="BINOP" value="ADD"><imc name="MEM"><imc name="BINOP" value="ADD"><imc name="TEMP" value="28"/><imc name="CONST" value="-24"/></imc></imc><imc name="CONST" value="1"/></imc></imc></imc><imc name="JUMP" value="L87"/><imc name="LABEL" value="L89"/></imc><imc name="ESTMT"><imc name="CALL" value="_putChar"><imc name="CONST" value="0"/><imc name="BINOP" value="MOD"><imc name="CONST" value="10"/><imc name="CONST" value="256"/></imc></imc></imc><imc name="MOVE"><imc name="MEM"><imc name="BINOP" value="ADD"><imc name="TEMP" value="28"/><imc name="CONST" value="-16"/></imc></imc><imc name="BINOP" value="ADD"><imc name="MEM"><imc name="BINOP" value="ADD"><imc name="TEMP" value="28"/><imc name="CONST" value="-16"/></imc></imc><imc name="CONST" value="1"/></imc></imc></imc><imc name="JUMP" value="L90"/><imc name="LABEL" value="L92"/></imc><imc name="ESTMT"><imc name="CALL" value="_putChar"><imc name="CONST" value="0"/><imc name="BINOP" value="MOD"><imc name="CONST" value="10"/><imc name="CONST" value="256"/></imc></imc></imc></imc><imc name="LABEL" value="L94"/></imc></imc><imc name="CONST" value="0"/></imc></imc></node><node label="AssignStmt"><node label="VarName" lexeme="count"><location loc="226.15--226.19"/><declaredAt location="249.13--249.26"/><imc name="BINOP" value="ADD"><imc name="TEMP" value="28"/><imc name="CONST" value="-8"/></imc></node><node label="AtomExpr" lexeme="1" spec="INT"><location loc="226.21--226.21"/><type label="INT"/><imc name="CONST" value="1"/></node><location loc="226.15--226.21"/><imc name="MOVE"><imc name="MEM"><imc name="BINOP" value="ADD"><imc name="TEMP" value="28"/><imc name="CONST" value="-8"/></imc></imc><imc name="CONST" value="1"/></imc></node><location loc="207.15--226.21"/></node><node label="Stmts"><node label="IfStmt"><node label="BinExpr" spec="NEQ"><node label="ArrExpr"><node label="UnExpr" spec="DATA"><node label="VarName" lexeme="t1d"><location loc="228.20--228.22"/><declaredAt location="141.7--141.30"/><type label="PTR"><type label="ARR(81)" len="81"><type label="INT"/></type></type><imc name="MEM"><imc name="BINOP" value="ADD"><imc name="MEM"><imc name="TEMP" value="28"/></imc><imc name="CONST" value="-8"/></imc></imc></node><location loc="228.19--228.22"/><type label="ARR(81)" len="81"><type label="INT"/></type><addr/><imc name="BINOP" value="ADD"><imc name="MEM"><imc name="TEMP" value="28"/></imc><imc name="CONST" value="-8"/></imc></node><node label="VarName" lexeme="k"><location loc="228.25--228.25"/><declaredAt location="205.17--205.21"/><imc name="MEM"><imc name="BINOP" value="ADD"><imc name="TEMP" value="28"/><imc name="CONST" value="8"/></imc></imc></node><location loc="228.19--228.26"/><type label="INT"/><addr/><imc name="MEM"><imc name="BINOP" value="ADD"><imc name="MEM"><imc name="BINOP" value="ADD"><imc name="MEM"><imc name="TEMP" value="28"/></imc><imc name="CONST" value="-8"/></imc></imc><imc name="BINOP" value="MUL"><imc name="MEM"><imc name="BINOP" value="ADD"><imc name="TEMP" value="28"/><imc name="CONST" value="8"/></imc></imc><imc name="CONST" value="8"/></imc></imc></imc></node><node label="AtomExpr" lexeme="0" spec="INT"><location loc="228.29--228.29"/><type label="INT"/><imc name="CONST" value="0"/></node><location loc="228.19--228.29"/><type label="BOOL"/><imc name="BINOP" value="NEQ"><imc name="MEM"><imc name="BINOP" value="ADD"><imc name="MEM"><imc name="BINOP" value="ADD"><imc name="MEM"><imc name="TEMP" value="28"/></imc><imc name="CONST" value="-8"/></imc></imc><imc name="BINOP" value="MUL"><imc name="MEM"><imc name="BINOP" value="ADD"><imc name="TEMP" value="28"/><imc name="CONST" value="8"/></imc></imc><imc name="CONST" value="8"/></imc></imc></imc><imc name="CONST" value="0"/></imc></node><node label="Stmts"><node label="AssignStmt"><node label="VarName" lexeme="count"><location loc="229.17--229.21"/><declaredAt location="249.13--249.26"/><imc name="BINOP" value="ADD"><imc name="TEMP" value="28"/><imc name="CONST" value="-8"/></imc></node><node label="FunName" lexeme="solve"><node label="Args"><node label="BinExpr" spec="ADD"><node label="VarName" lexeme="k"><location loc="229.29--229.29"/><declaredAt location="205.17--205.21"/><imc name="MEM"><imc name="BINOP" value="ADD"><imc name="TEMP" value="28"/><imc name="CONST" value="8"/></imc></imc></node><node label="AtomExpr" lexeme="1" spec="INT"><location loc="229.31--229.31"/><type label="INT"/><imc name="CONST" value="1"/></node><location loc="229.29--229.31"/><type label="INT"/><imc name="BINOP" value="ADD"><imc name="MEM"><imc name="BINOP" value="ADD"><imc name="TEMP" value="28"/><imc name="CONST" value="8"/></imc></imc><imc name="CONST" value="1"/></imc></node><node label="VarName" lexeme="n"><location loc="229.33--229.33"/><declaredAt location="205.23--205.27"/><type label="INT"/><imc name="MEM"><imc name="BINOP" value="ADD"><imc name="TEMP" value="28"/><imc name="CONST" value="16"/></imc></imc></node><location loc="229.29--229.33"/></node><location loc="229.23--229.34"/><declaredAt location="205.7--250.12"/><type label="INT"/><imc name="CALL" value="L4"><imc name="MEM"><imc name="TEMP" value="28"/></imc><imc name="BINOP" value="ADD"><imc name="MEM"><imc name="BINOP" value="ADD"><imc name="TEMP" value="28"/><imc name="CONST" value="8"/></imc></imc><imc name="CONST" value="1"/></imc><imc name="MEM"><imc name="BINOP" value="ADD"><imc name="TEMP" value="28"/><imc name="CONST" value="16"/></imc></imc></imc></node><location loc="229.17--229.34"/><imc name="MOVE"><imc name="MEM"><imc name="BINOP" value="ADD"><imc name="TEMP" value="28"/><imc name="CONST" value="-8"/></imc></imc><imc name="CALL" value="L4"><imc name="MEM"><imc name="TEMP" value="28"/></imc><imc name="BINOP" value="ADD"><imc name="MEM"><imc name="BINOP" value="ADD"><imc name="TEMP" value="28"/><imc name="CONST" value="8"/></imc></imc><imc name="CONST" value="1"/></imc><imc name="MEM"><imc name="BINOP" value="ADD"><imc name="TEMP" value="28"/><imc name="CONST" value="16"/></imc></imc></imc></imc></node><location loc="229.17--229.34"/></node><node label="Stmts"><node label="ExprStmt"><node label="BlockExpr"><node label="Decls"><node label="VarDecl" lexeme="d"><node label="AtomType" spec="INT"><location loc="243.25--243.27"/></node><location loc="243.19--243.28"/><access depth="2" offset="-32" size="8"/></node><location loc="243.19--243.28"/></node><node label="Stmts"><node label="AssignStmt"><node label="VarName" lexeme="count"><location loc="231.19--231.23"/><declaredAt location="249.13--249.26"/><imc name="BINOP" value="ADD"><imc name="TEMP" value="28"/><imc name="CONST" value="-8"/></imc></node><node label="AtomExpr" lexeme="0" spec="INT"><location loc="231.27--231.27"/><type label="INT"/><imc name="CONST" value="0"/></node><location loc="231.19--231.27"/><imc name="MOVE"><imc name="MEM"><imc name="BINOP" value="ADD"><imc name="TEMP" value="28"/><imc name="CONST" value="-8"/></imc></imc><imc name="CONST" value="0"/></imc></node><node label="AssignStmt"><node label="VarName" lexeme="d"><location loc="232.19--232.19"/><declaredAt location="243.19--243.28"/><imc name="BINOP" value="ADD"><imc name="TEMP" value="28"/><imc name="CONST" value="-32"/></imc></node><node label="AtomExpr" lexeme="1" spec="INT"><location loc="232.21--232.21"/><type label="INT"/><imc name="CONST" value="1"/></node><location loc="232.19--232.21"/><imc name="MOVE"><imc name="MEM"><imc name="BINOP" value="ADD"><imc name="TEMP" value="28"/><imc name="CONST" value="-32"/></imc></imc><imc name="CONST" value="1"/></imc></node><node label="WhileStmt"><node label="BinExpr" spec="LEQ"><node label="VarName" lexeme="d"><location loc="233.25--233.25"/><declaredAt location="243.19--243.28"/><imc name="MEM"><imc name="BINOP" value="ADD"><imc name="TEMP" value="28"/><imc name="CONST" value="-32"/></imc></imc></node><node label="AtomExpr" lexeme="9" spec="INT"><location loc="233.28--233.28"/><type label="INT"/><imc name="CONST" value="9"/></node><location loc="233.25--233.28"/><type label="BOOL"/><imc name="BINOP" value="LEQ"><imc name="MEM"><imc name="BINOP" value="ADD"><imc name="TEMP" value="28"/><imc name="CONST" value="-32"/></imc></imc><imc name="CONST" value="9"/></imc></node><node label="Stmts"><node label="AssignStmt"><node label="ArrExpr"><node label="UnExpr" spec="DATA"><node label="VarName" lexeme="t1d"><location loc="234.23--234.25"/><declaredAt location="141.7--141.30"/><type label="PTR"><type label="ARR(81)" len="81"><type label="INT"/></type></type><imc name="MEM"><imc name="BINOP" value="ADD"><imc name="MEM"><imc name="TEMP" value="28"/></imc><imc name="CONST" value="-8"/></imc></imc></node><location loc="234.22--234.25"/><type label="ARR(81)" len="81"><type label="INT"/></type><addr/><imc name="BINOP" value="ADD"><imc name="MEM"><imc name="TEMP" value="28"/></imc><imc name="CONST" value="-8"/></imc></node><node label="VarName" lexeme="k"><location loc="234.28--234.28"/><declaredAt location="205.17--205.21"/><imc name="MEM"><imc name="BINOP" value="ADD"><imc name="TEMP" value="28"/><imc name="CONST" value="8"/></imc></imc></node><location loc="234.22--234.29"/><type label="INT"/><addr/><imc name="BINOP" value="ADD"><imc name="MEM"><imc name="BINOP" value="ADD"><imc name="MEM"><imc name="TEMP" value="28"/></imc><imc name="CONST" value="-8"/></imc></imc><imc name="BINOP" value="MUL"><imc name="MEM"><imc name="BINOP" value="ADD"><imc name="TEMP" value="28"/><imc name="CONST" value="8"/></imc></imc><imc name="CONST" value="8"/></imc></imc></node><node label="VarName" lexeme="d"><location loc="234.31--234.31"/><declaredAt location="243.19--243.28"/><imc name="MEM"><imc name="BINOP" value="ADD"><imc name="TEMP" value="28"/><imc name="CONST" value="-32"/></imc></imc></node><location loc="234.21--234.31"/><imc name="MOVE"><imc name="MEM"><imc name="BINOP" value="ADD"><imc name="MEM"><imc name="BINOP" value="ADD"><imc name="MEM"><imc name="TEMP" value="28"/></imc><imc name="CONST" value="-8"/></imc></imc><imc name="BINOP" value="MUL"><imc name="MEM"><imc name="BINOP" value="ADD"><imc name="TEMP" value="28"/><imc name="CONST" value="8"/></imc></imc><imc name="CONST" value="8"/></imc></imc></imc><imc name="MEM"><imc name="BINOP" value="ADD"><imc name="TEMP" value="28"/><imc name="CONST" value="-32"/></imc></imc></imc></node><node label="IfStmt"><node label="BinExpr" spec="AND"><node label="BinExpr" spec="AND"><node label="FunName" lexeme="check_h"><node label="Args"><node label="BinExpr" spec="DIV"><node label="VarName" lexeme="k"><location loc="235.32--235.32"/><declaredAt location="205.17--205.21"/><imc name="MEM"><imc name="BINOP" value="ADD"><imc name="TEMP" value="28"/><imc name="CONST" value="8"/></imc></imc></node><node label="AtomExpr" lexeme="9" spec="INT"><location loc="235.34--235.34"/><type label="INT"/><imc name="CONST" value="9"/></node><location loc="235.32--235.34"/><type label="INT"/><imc name="BINOP" value="DIV"><imc name="MEM"><imc name="BINOP" value="ADD"><imc name="TEMP" value="28"/><imc name="CONST" value="8"/></imc></imc><imc name="CONST" value="9"/></imc></node><location loc="235.32--235.34"/></node><location loc="235.24--235.35"/><declaredAt location="142.7--160.12"/><type label="BOOL"/><imc name="CALL" value="L1"><imc name="MEM"><imc name="TEMP" value="28"/></imc><imc name="BINOP" value="DIV"><imc name="MEM"><imc name="BINOP" value="ADD"><imc name="TEMP" value="28"/><imc name="CONST" value="8"/></imc></imc><imc name="CONST" value="9"/></imc></imc></node><node label="FunName" lexeme="check_v"><node label="Args"><node label="BinExpr" spec="MOD"><node label="VarName" lexeme="k"><location loc="235.45--235.45"/><declaredAt location="205.17--205.21"/><imc name="MEM"><imc name="BINOP" value="ADD"><imc name="TEMP" value="28"/><imc name="CONST" value="8"/></imc></imc></node><node label="AtomExpr" lexeme="9" spec="INT"><location loc="235.47--235.47"/><type label="INT"/><imc name="CONST" value="9"/></node><location loc="235.45--235.47"/><type label="INT"/><imc name="BINOP" value="MOD"><imc name="MEM"><imc name="BINOP" value="ADD"><imc name="TEMP" value="28"/><imc name="CONST" value="8"/></imc></imc><imc name="CONST" value="9"/></imc></node><location loc="235.45--235.47"/></node><location loc="235.37--235.48"/><declaredAt location="161.7--179.12"/><type label="BOOL"/><imc name="CALL" value="L2"><imc name="MEM"><imc name="TEMP" value="28"/></imc><imc name="BINOP" value="MOD"><imc name="MEM"><imc name="BINOP" value="ADD"><imc name="TEMP" value="28"/><imc name="CONST" value="8"/></imc></imc><imc name="CONST" value="9"/></imc></imc></node><location loc="235.24--235.48"/><type label="BOOL"/><imc name="BINOP" value="AND"><imc name="CALL" value="L1"><imc name="MEM"><imc name="TEMP" value="28"/></imc><imc name="BINOP" value="DIV"><imc name="MEM"><imc name="BINOP" value="ADD"><imc name="TEMP" value="28"/><imc name="CONST" value="8"/></imc></imc><imc name="CONST" value="9"/></imc></imc><imc name="CALL" value="L2"><imc name="MEM"><imc name="TEMP" value="28"/></imc><imc name="BINOP" value="MOD"><imc name="MEM"><imc name="BINOP" value="ADD"><imc name="TEMP" value="28"/><imc name="CONST" value="8"/></imc></imc><imc name="CONST" value="9"/></imc></imc></imc></node><node label="FunName" lexeme="check_q"><node label="Args"><node label="BinExpr" spec="DIV"><node label="BinExpr" spec="DIV"><node label="VarName" lexeme="k"><location loc="235.59--235.59"/><declaredAt location="205.17--205.21"/><imc name="MEM"><imc name="BINOP" value="ADD"><imc name="TEMP" value="28"/><imc name="CONST" value="8"/></imc></imc></node><node label="AtomExpr" lexeme="9" spec="INT"><location loc="235.61--235.61"/><type label="INT"/><imc name="CONST" value="9"/></node><location loc="235.59--235.61"/><type label="INT"/><imc name="BINOP" value="DIV"><imc name="MEM"><imc name="BINOP" value="ADD"><imc name="TEMP" value="28"/><imc name="CONST" value="8"/></imc></imc><imc name="CONST" value="9"/></imc></node><node label="AtomExpr" lexeme="3" spec="INT"><location loc="235.64--235.64"/><type label="INT"/><imc name="CONST" value="3"/></node><location loc="235.59--235.64"/><type label="INT"/><imc name="BINOP" value="DIV"><imc name="BINOP" value="DIV"><imc name="MEM"><imc name="BINOP" value="ADD"><imc name="TEMP" value="28"/><imc name="CONST" value="8"/></imc></imc><imc name="CONST" value="9"/></imc><imc name="CONST" value="3"/></imc></node><node label="BinExpr" spec="DIV"><node label="BinExpr" spec="MOD"><node label="VarName" lexeme="k"><location loc="235.67--235.67"/><declaredAt location="205.17--205.21"/><imc name="MEM"><imc name="BINOP" value="ADD"><imc name="TEMP" value="28"/><imc name="CONST" value="8"/></imc></imc></node><node label="AtomExpr" lexeme="9" spec="INT"><location loc="235.69--235.69"/><type label="INT"/><imc name="CONST" value="9"/></node><location loc="235.67--235.69"/><type label="INT"/><imc name="BINOP" value="MOD"><imc name="MEM"><imc name="BINOP" value="ADD"><imc name="TEMP" value="28"/><imc name="CONST" value="8"/></imc></imc><imc name="CONST" value="9"/></imc></node><node label="AtomExpr" lexeme="3" spec="INT"><location loc="235.72--235.72"/><type label="INT"/><imc name="CONST" value="3"/></node><location loc="235.67--235.72"/><type label="INT"/><imc name="BINOP" value="DIV"><imc name="BINOP" value="MOD"><imc name="MEM"><imc name="BINOP" value="ADD"><imc name="TEMP" value="28"/><imc name="CONST" value="8"/></imc></imc><imc name="CONST" value="9"/></imc><imc name="CONST" value="3"/></imc></node><location loc="235.59--235.72"/></node><location loc="235.50--235.73"/><declaredAt location="180.7--204.12"/><type label="BOOL"/><imc name="CALL" value="L3"><imc name="MEM"><imc name="TEMP" value="28"/></imc><imc name="BINOP" value="DIV"><imc name="BINOP" value="DIV"><imc name="MEM"><imc name="BINOP" value="ADD"><imc name="TEMP" value="28"/><imc name="CONST" value="8"/></imc></imc><imc name="CONST" value="9"/></imc><imc name="CONST" value="3"/></imc><imc name="BINOP" value="DIV"><imc name="BINOP" value="MOD"><imc name="MEM"><imc name="BINOP" value="ADD"><imc name="TEMP" value="28"/><imc name="CONST" value="8"/></imc></imc><imc name="CONST" value="9"/></imc><imc name="CONST" value="3"/></imc></imc></node><location loc="235.24--235.73"/><type label="BOOL"/><imc name="BINOP" value="AND"><imc name="BINOP" value="AND"><imc name="CALL" value="L1"><imc name="MEM"><imc name="TEMP" value="28"/></imc><imc name="BINOP" value="DIV"><imc name="MEM"><imc name="BINOP" value="ADD"><imc name="TEMP" value="28"/><imc name="CONST" value="8"/></imc></imc><imc name="CONST" value="9"/></imc></imc><imc name="CALL" value="L2"><imc name="MEM"><imc name="TEMP" value="28"/></imc><imc name="BINOP" value="MOD"><imc name="MEM"><imc name="BINOP" value="ADD"><imc name="TEMP" value="28"/><imc name="CONST" value="8"/></imc></imc><imc name="CONST" value="9"/></imc></imc></imc><imc name="CALL" value="L3"><imc name="MEM"><imc name="TEMP" value="28"/></imc><imc name="BINOP" value="DIV"><imc name="BINOP" value="DIV"><imc name="MEM"><imc name="BINOP" value="ADD"><imc name="TEMP" value="28"/><imc name="CONST" value="8"/></imc></imc><imc name="CONST" value="9"/></imc><imc name="CONST" value="3"/></imc><imc name="BINOP" value="DIV"><imc name="BINOP" value="MOD"><imc name="MEM"><imc name="BINOP" value="ADD"><imc name="TEMP" value="28"/><imc name="CONST" value="8"/></imc></imc><imc name="CONST" value="9"/></imc><imc name="CONST" value="3"/></imc></imc></imc></node><node label="Stmts"><node label="AssignStmt"><node label="VarName" lexeme="count"><location loc="236.23--236.27"/><declaredAt location="249.13--249.26"/><imc name="BINOP" value="ADD"><imc name="TEMP" value="28"/><imc name="CONST" value="-8"/></imc></node><node label="BinExpr" spec="ADD"><node label="VarName" lexeme="count"><location loc="236.29--236.33"/><declaredAt location="249.13--249.26"/><imc name="MEM"><imc name="BINOP" value="ADD"><imc name="TEMP" value="28"/><imc name="CONST" value="-8"/></imc></imc></node><node label="FunName" lexeme="solve"><node label="Args"><node label="BinExpr" spec="ADD"><node label="VarName" lexeme="k"><location loc="236.41--236.41"/><declaredAt location="205.17--205.21"/><imc name="MEM"><imc name="BINOP" value="ADD"><imc name="TEMP" value="28"/><imc name="CONST" value="8"/></imc></imc></node><node label="AtomExpr" lexeme="1" spec="INT"><location loc="236.43--236.43"/><type label="INT"/><imc name="CONST" value="1"/></node><location loc="236.41--236.43"/><type label="INT"/><imc name="BINOP" value="ADD"><imc name="MEM"><imc name="BINOP" value="ADD"><imc name="TEMP" value="28"/><imc name="CONST" value="8"/></imc></imc><imc name="CONST" value="1"/></imc></node><node label="VarName" lexeme="n"><location loc="236.45--236.45"/><declaredAt location="205.23--205.27"/><type label="INT"/><imc name="MEM"><imc name="BINOP" value="ADD"><imc name="TEMP" value="28"/><imc name="CONST" value="16"/></imc></imc></node><location loc="236.41--236.45"/></node><location loc="236.35--236.46"/><declaredAt location="205.7--250.12"/><type label="INT"/><imc name="CALL" value="L4"><imc name="MEM"><imc name="TEMP" value="28"/></imc><imc name="BINOP" value="ADD"><imc name="MEM"><imc name="BINOP" value="ADD"><imc name="TEMP" value="28"/><imc name="CONST" value="8"/></imc></imc><imc name="CONST" value="1"/></imc><imc name="MEM"><imc name="BINOP" value="ADD"><imc name="TEMP" value="28"/><imc name="CONST" value="16"/></imc></imc></imc></node><location loc="236.29--236.46"/><type label="INT"/><imc name="BINOP" value="ADD"><imc name="MEM"><imc name="BINOP" value="ADD"><imc name="TEMP" value="28"/><imc name="CONST" value="-8"/></imc></imc><imc name="CALL" value="L4"><imc name="MEM"><imc name="TEMP" value="28"/></imc><imc name="BINOP" value="ADD"><imc name="MEM"><imc name="BINOP" value="ADD"><imc name="TEMP" value="28"/><imc name="CONST" value="8"/></imc></imc><imc name="CONST" value="1"/></imc><imc name="MEM"><imc name="BINOP" value="ADD"><imc name="TEMP" value="28"/><imc name="CONST" value="16"/></imc></imc></imc></imc></node><location loc="236.23--236.46"/><imc name="MOVE"><imc name="MEM"><imc name="BINOP" value="ADD"><imc name="TEMP" value="28"/><imc name="CONST" value="-8"/></imc></imc><imc name="BINOP" value="ADD"><imc name="MEM"><imc name="BINOP" value="ADD"><imc name="TEMP" value="28"/><imc name="CONST" value="-8"/></imc></imc><imc name="CALL" value="L4"><imc name="MEM"><imc name="TEMP" value="28"/></imc><imc name="BINOP" value="ADD"><imc name="MEM"><imc name="BINOP" value="ADD"><imc name="TEMP" value="28"/><imc name="CONST" value="8"/></imc></imc><imc name="CONST" value="1"/></imc><imc name="MEM"><imc name="BINOP" value="ADD"><imc name="TEMP" value="28"/><imc name="CONST" value="16"/></imc></imc></imc></imc></imc></node><location loc="236.23--236.46"/></node><node label="Stmts"><location loc="0.0--0.0"/></node><location loc="235.21--237.23"/><imc name="STMTS"><imc name="CJUMP" value="L95:L96"><imc name="BINOP" value="AND"><imc name="BINOP" value="AND"><imc name="CALL" value="L1"><imc name="MEM"><imc name="TEMP" value="28"/></imc><imc name="BINOP" value="DIV"><imc name="MEM"><imc name="BINOP" value="ADD"><imc name="TEMP" value="28"/><imc name="CONST" value="8"/></imc></imc><imc name="CONST" value="9"/></imc></imc><imc name="CALL" value="L2"><imc name="MEM"><imc name="TEMP" value="28"/></imc><imc name="BINOP" value="MOD"><imc name="MEM"><imc name="BINOP" value="ADD"><imc name="TEMP" value="28"/><imc name="CONST" value="8"/></imc></imc><imc name="CONST" value="9"/></imc></imc></imc><imc name="CALL" value="L3"><imc name="MEM"><imc name="TEMP" value="28"/></imc><imc name="BINOP" value="DIV"><imc name="BINOP" value="DIV"><imc name="MEM"><imc name="BINOP" value="ADD"><imc name="TEMP" value="28"/><imc name="CONST" value="8"/></imc></imc><imc name="CONST" value="9"/></imc><imc name="CONST" value="3"/></imc><imc name="BINOP" value="DIV"><imc name="BINOP" value="MOD"><imc name="MEM"><imc name="BINOP" value="ADD"><imc name="TEMP" value="28"/><imc name="CONST" value="8"/></imc></imc><imc name="CONST" value="9"/></imc><imc name="CONST" value="3"/></imc></imc></imc></imc><imc name="LABEL" value="L95"/><imc name="STMTS"><imc name="MOVE"><imc name="MEM"><imc name="BINOP" value="ADD"><imc name="TEMP" value="28"/><imc name="CONST" value="-8"/></imc></imc><imc name="BINOP" value="ADD"><imc name="MEM"><imc name="BINOP" value="ADD"><imc name="TEMP" value="28"/><imc name="CONST" value="-8"/></imc></imc><imc name="CALL" value="L4"><imc name="MEM"><imc name="TEMP" value="28"/></imc><imc name="BINOP" value="ADD"><imc name="MEM"><imc name="BINOP" value="ADD"><imc name="TEMP" value="28"/><imc name="CONST" value="8"/></imc></imc><imc name="CONST" value="1"/></imc><imc name="MEM"><imc name="BINOP" value="ADD"><imc name="TEMP" value="28"/><imc name="CONST" value="16"/></imc></imc></imc></imc></imc></imc><imc name="LABEL" value="L96"/></imc></node><node label="AssignStmt"><node label="ArrExpr"><node label="UnExpr" spec="DATA"><node label="VarName" lexeme="t1d"><location loc="238.23--238.25"/><declaredAt location="141.7--141.30"/><type label="PTR"><type label="ARR(81)" len="81"><type label="INT"/></type></type><imc name="MEM"><imc name="BINOP" value="ADD"><imc name="MEM"><imc name="TEMP" value="28"/></imc><imc name="CONST" value="-8"/></imc></imc></node><location loc="238.22--238.25"/><type label="ARR(81)" len="81"><type label="INT"/></type><addr/><imc name="BINOP" value="ADD"><imc name="MEM"><imc name="TEMP" value="28"/></imc><imc name="CONST" value="-8"/></imc></node><node label="VarName" lexeme="k"><location loc="238.28--238.28"/><declaredAt location="205.17--205.21"/><imc name="MEM"><imc name="BINOP" value="ADD"><imc name="TEMP" value="28"/><imc name="CONST" value="8"/></imc></imc></node><location loc="238.22--238.29"/><type label="INT"/><addr/><imc name="BINOP" value="ADD"><imc name="MEM"><imc name="BINOP" value="ADD"><imc name="MEM"><imc name="TEMP" value="28"/></imc><imc name="CONST" value="-8"/></imc></imc><imc name="BINOP" value="MUL"><imc name="MEM"><imc name="BINOP" value="ADD"><imc name="TEMP" value="28"/><imc name="CONST" value="8"/></imc></imc><imc name="CONST" value="8"/></imc></imc></node><node label="AtomExpr" lexeme="0" spec="INT"><location loc="238.31--238.31"/><type label="INT"/><imc name="CONST" value="0"/></node><location loc="238.21--238.31"/><imc name="MOVE"><imc name="MEM"><imc name="BINOP" value="ADD"><imc name="MEM"><imc name="BINOP" value="ADD"><imc name="MEM"><imc name="TEMP" value="28"/></imc><imc name="CONST" value="-8"/></imc></imc><imc name="BINOP" value="MUL"><imc name="MEM"><imc name="BINOP" value="ADD"><imc name="TEMP" value="28"/><imc name="CONST" value="8"/></imc></imc><imc name="CONST" value="8"/></imc></imc></imc><imc name="CONST" value="0"/></imc></node><node label="AssignStmt"><node label="VarName" lexeme="d"><location loc="239.21--239.21"/><declaredAt location="243.19--243.28"/><imc name="BINOP" value="ADD"><imc name="TEMP" value="28"/><imc name="CONST" value="-32"/></imc></node><node label="BinExpr" spec="ADD"><node label="VarName" lexeme="d"><location loc="239.23--239.23"/><declaredAt location="243.19--243.28"/><imc name="MEM"><imc name="BINOP" value="ADD"><imc name="TEMP" value="28"/><imc name="CONST" value="-32"/></imc></imc></node><node label="AtomExpr" lexeme="1" spec="INT"><location loc="239.25--239.25"/><type label="INT"/><imc name="CONST" value="1"/></node><location loc="239.23--239.25"/><type label="INT"/><imc name="BINOP" value="ADD"><imc name="MEM"><imc name="BINOP" value="ADD"><imc name="TEMP" value="28"/><imc name="CONST" value="-32"/></imc></imc><imc name="CONST" value="1"/></imc></node><location loc="239.21--239.25"/><imc name="MOVE"><imc name="MEM"><imc name="BINOP" value="ADD"><imc name="TEMP" value="28"/><imc name="CONST" value="-32"/></imc></imc><imc name="BINOP" value="ADD"><imc name="MEM"><imc name="BINOP" value="ADD"><imc name="TEMP" value="28"/><imc name="CONST" value="-32"/></imc></imc><imc name="CONST" value="1"/></imc></imc></node><location loc="234.21--239.25"/></node><location loc="233.19--240.21"/><imc name="STMTS"><imc name="LABEL" value="L97"/><imc name="CJUMP" value="L98:L99"><imc name="BINOP" value="LEQ"><imc name="MEM"><imc name="BINOP" value="ADD"><imc name="TEMP" value="28"/><imc name="CONST" value="-32"/></imc></imc><imc name="CONST" value="9"/></imc></imc><imc name="LABEL" value="L98"/><imc name="STMTS"><imc name="MOVE"><imc name="MEM"><imc name="BINOP" value="ADD"><imc name="MEM"><imc name="BINOP" value="ADD"><imc name="MEM"><imc name="TEMP" value="28"/></imc><imc name="CONST" value="-8"/></imc></imc><imc name="BINOP" value="MUL"><imc name="MEM"><imc name="BINOP" value="ADD"><imc name="TEMP" value="28"/><imc name="CONST" value="8"/></imc></imc><imc name="CONST" value="8"/></imc></imc></imc><imc name="MEM"><imc name="BINOP" value="ADD"><imc name="TEMP" value="28"/><imc name="CONST" value="-32"/></imc></imc></imc><imc name="STMTS"><imc name="CJUMP" value="L95:L96"><imc name="BINOP" value="AND"><imc name="BINOP" value="AND"><imc name="CALL" value="L1"><imc name="MEM"><imc name="TEMP" value="28"/></imc><imc name="BINOP" value="DIV"><imc name="MEM"><imc name="BINOP" value="ADD"><imc name="TEMP" value="28"/><imc name="CONST" value="8"/></imc></imc><imc name="CONST" value="9"/></imc></imc><imc name="CALL" value="L2"><imc name="MEM"><imc name="TEMP" value="28"/></imc><imc name="BINOP" value="MOD"><imc name="MEM"><imc name="BINOP" value="ADD"><imc name="TEMP" value="28"/><imc name="CONST" value="8"/></imc></imc><imc name="CONST" value="9"/></imc></imc></imc><imc name="CALL" value="L3"><imc name="MEM"><imc name="TEMP" value="28"/></imc><imc name="BINOP" value="DIV"><imc name="BINOP" value="DIV"><imc name="MEM"><imc name="BINOP" value="ADD"><imc name="TEMP" value="28"/><imc name="CONST" value="8"/></imc></imc><imc name="CONST" value="9"/></imc><imc name="CONST" value="3"/></imc><imc name="BINOP" value="DIV"><imc name="BINOP" value="MOD"><imc name="MEM"><imc name="BINOP" value="ADD"><imc name="TEMP" value="28"/><imc name="CONST" value="8"/></imc></imc><imc name="CONST" value="9"/></imc><imc name="CONST" value="3"/></imc></imc></imc></imc><imc name="LABEL" value="L95"/><imc name="STMTS"><imc name="MOVE"><imc name="MEM"><imc name="BINOP" value="ADD"><imc name="TEMP" value="28"/><imc name="CONST" value="-8"/></imc></imc><imc name="BINOP" value="ADD"><imc name="MEM"><imc name="BINOP" value="ADD"><imc name="TEMP" value="28"/><imc name="CONST" value="-8"/></imc></imc><imc name="CALL" value="L4"><imc name="MEM"><imc name="TEMP" value="28"/></imc><imc name="BINOP" value="ADD"><imc name="MEM"><imc name="BINOP" value="ADD"><imc name="TEMP" value="28"/><imc name="CONST" value="8"/></imc></imc><imc name="CONST" value="1"/></imc><imc name="MEM"><imc name="BINOP" value="ADD"><imc name="TEMP" value="28"/><imc name="CONST" value="16"/></imc></imc></imc></imc></imc></imc><imc name="LABEL" value="L96"/></imc><imc name="MOVE"><imc name="MEM"><imc name="BINOP" value="ADD"><imc name="MEM"><imc name="BINOP" value="ADD"><imc name="MEM"><imc name="TEMP" value="28"/></imc><imc name="CONST" value="-8"/></imc></imc><imc name="BINOP" value="MUL"><imc name="MEM"><imc name="BINOP" value="ADD"><imc name="TEMP" value="28"/><imc name="CONST" value="8"/></imc></imc><imc name="CONST" value="8"/></imc></imc></imc><imc name="CONST" value="0"/></imc><imc name="MOVE"><imc name="MEM"><imc name="BINOP" value="ADD"><imc name="TEMP" value="28"/><imc name="CONST" value="-32"/></imc></imc><imc name="BINOP" value="ADD"><imc name="MEM"><imc name="BINOP" value="ADD"><imc name="TEMP" value="28"/><imc name="CONST" value="-32"/></imc></imc><imc name="CONST" value="1"/></imc></imc></imc><imc name="JUMP" value="L97"/><imc name="LABEL" value="L99"/></imc></node><location loc="231.19--240.21"/></node><node label="AtomExpr" lexeme="none" spec="VOID"><location loc="241.19--241.22"/><type label="VOID"/><imc name="CONST" value="0"/></node><location loc="231.19--243.28"/><type label="VOID"/><imc name="SEXPR"><imc name="STMTS"><imc name="MOVE"><imc name="MEM"><imc name="BINOP" value="ADD"><imc name="TEMP" value="28"/><imc name="CONST" value="-8"/></imc></imc><imc name="CONST" value="0"/></imc><imc name="MOVE"><imc name="MEM"><imc name="BINOP" value="ADD"><imc name="TEMP" value="28"/><imc name="CONST" value="-32"/></imc></imc><imc name="CONST" value="1"/></imc><imc name="STMTS"><imc name="LABEL" value="L97"/><imc name="CJUMP" value="L98:L99"><imc name="BINOP" value="LEQ"><imc name="MEM"><imc name="BINOP" value="ADD"><imc name="TEMP" value="28"/><imc name="CONST" value="-32"/></imc></imc><imc name="CONST" value="9"/></imc></imc><imc name="LABEL" value="L98"/><imc name="STMTS"><imc name="MOVE"><imc name="MEM"><imc name="BINOP" value="ADD"><imc name="MEM"><imc name="BINOP" value="ADD"><imc name="MEM"><imc name="TEMP" value="28"/></imc><imc name="CONST" value="-8"/></imc></imc><imc name="BINOP" value="MUL"><imc name="MEM"><imc name="BINOP" value="ADD"><imc name="TEMP" value="28"/><imc name="CONST" value="8"/></imc></imc><imc name="CONST" value="8"/></imc></imc></imc><imc name="MEM"><imc name="BINOP" value="ADD"><imc name="TEMP" value="28"/><imc name="CONST" value="-32"/></imc></imc></imc><imc name="STMTS"><imc name="CJUMP" value="L95:L96"><imc name="BINOP" value="AND"><imc name="BINOP" value="AND"><imc name="CALL" value="L1"><imc name="MEM"><imc name="TEMP" value="28"/></imc><imc name="BINOP" value="DIV"><imc name="MEM"><imc name="BINOP" value="ADD"><imc name="TEMP" value="28"/><imc name="CONST" value="8"/></imc></imc><imc name="CONST" value="9"/></imc></imc><imc name="CALL" value="L2"><imc name="MEM"><imc name="TEMP" value="28"/></imc><imc name="BINOP" value="MOD"><imc name="MEM"><imc name="BINOP" value="ADD"><imc name="TEMP" value="28"/><imc name="CONST" value="8"/></imc></imc><imc name="CONST" value="9"/></imc></imc></imc><imc name="CALL" value="L3"><imc name="MEM"><imc name="TEMP" value="28"/></imc><imc name="BINOP" value="DIV"><imc name="BINOP" value="DIV"><imc name="MEM"><imc name="BINOP" value="ADD"><imc name="TEMP" value="28"/><imc name="CONST" value="8"/></imc></imc><imc name="CONST" value="9"/></imc><imc name="CONST" value="3"/></imc><imc name="BINOP" value="DIV"><imc name="BINOP" value="MOD"><imc name="MEM"><imc name="BINOP" value="ADD"><imc name="TEMP" value="28"/><imc name="CONST" value="8"/></imc></imc><imc name="CONST" value="9"/></imc><imc name="CONST" value="3"/></imc></imc></imc></imc><imc name="LABEL" value="L95"/><imc name="STMTS"><imc name="MOVE"><imc name="MEM"><imc name="BINOP" value="ADD"><imc name="TEMP" value="28"/><imc name="CONST" value="-8"/></imc></imc><imc name="BINOP" value="ADD"><imc name="MEM"><imc name="BINOP" value="ADD"><imc name="TEMP" value="28"/><imc name="CONST" value="-8"/></imc></imc><imc name="CALL" value="L4"><imc name="MEM"><imc name="TEMP" value="28"/></imc><imc name="BINOP" value="ADD"><imc name="MEM"><imc name="BINOP" value="ADD"><imc name="TEMP" value="28"/><imc name="CONST" value="8"/></imc></imc><imc name="CONST" value="1"/></imc><imc name="MEM"><imc name="BINOP" value="ADD"><imc name="TEMP" value="28"/><imc name="CONST" value="16"/></imc></imc></imc></imc></imc></imc><imc name="LABEL" value="L96"/></imc><imc name="MOVE"><imc name="MEM"><imc name="BINOP" value="ADD"><imc name="MEM"><imc name="BINOP" value="ADD"><imc name="MEM"><imc name="TEMP" value="28"/></imc><imc name="CONST" value="-8"/></imc></imc><imc name="BINOP" value="MUL"><imc name="MEM"><imc name="BINOP" value="ADD"><imc name="TEMP" value="28"/><imc name="CONST" value="8"/></imc></imc><imc name="CONST" value="8"/></imc></imc></imc><imc name="CONST" value="0"/></imc><imc name="MOVE"><imc name="MEM"><imc name="BINOP" value="ADD"><imc name="TEMP" value="28"/><imc name="CONST" value="-32"/></imc></imc><imc name="BINOP" value="ADD"><imc name="MEM"><imc name="BINOP" value="ADD"><imc name="TEMP" value="28"/><imc name="CONST" value="-32"/></imc></imc><imc name="CONST" value="1"/></imc></imc></imc><imc name="JUMP" value="L97"/><imc name="LABEL" value="L99"/></imc></imc><imc name="CONST" value="0"/></imc></node><location loc="231.17--244.17"/><imc name="ESTMT"><imc name="SEXPR"><imc name="STMTS"><imc name="MOVE"><imc name="MEM"><imc name="BINOP" value="ADD"><imc name="TEMP" value="28"/><imc name="CONST" value="-8"/></imc></imc><imc name="CONST" value="0"/></imc><imc name="MOVE"><imc name="MEM"><imc name="BINOP" value="ADD"><imc name="TEMP" value="28"/><imc name="CONST" value="-32"/></imc></imc><imc name="CONST" value="1"/></imc><imc name="STMTS"><imc name="LABEL" value="L97"/><imc name="CJUMP" value="L98:L99"><imc name="BINOP" value="LEQ"><imc name="MEM"><imc name="BINOP" value="ADD"><imc name="TEMP" value="28"/><imc name="CONST" value="-32"/></imc></imc><imc name="CONST" value="9"/></imc></imc><imc name="LABEL" value="L98"/><imc name="STMTS"><imc name="MOVE"><imc name="MEM"><imc name="BINOP" value="ADD"><imc name="MEM"><imc name="BINOP" value="ADD"><imc name="MEM"><imc name="TEMP" value="28"/></imc><imc name="CONST" value="-8"/></imc></imc><imc name="BINOP" value="MUL"><imc name="MEM"><imc name="BINOP" value="ADD"><imc name="TEMP" value="28"/><imc name="CONST" value="8"/></imc></imc><imc name="CONST" value="8"/></imc></imc></imc><imc name="MEM"><imc name="BINOP" value="ADD"><imc name="TEMP" value="28"/><imc name="CONST" value="-32"/></imc></imc></imc><imc name="STMTS"><imc name="CJUMP" value="L95:L96"><imc name="BINOP" value="AND"><imc name="BINOP" value="AND"><imc name="CALL" value="L1"><imc name="MEM"><imc name="TEMP" value="28"/></imc><imc name="BINOP" value="DIV"><imc name="MEM"><imc name="BINOP" value="ADD"><imc name="TEMP" value="28"/><imc name="CONST" value="8"/></imc></imc><imc name="CONST" value="9"/></imc></imc><imc name="CALL" value="L2"><imc name="MEM"><imc name="TEMP" value="28"/></imc><imc name="BINOP" value="MOD"><imc name="MEM"><imc name="BINOP" value="ADD"><imc name="TEMP" value="28"/><imc name="CONST" value="8"/></imc></imc><imc name="CONST" value="9"/></imc></imc></imc><imc name="CALL" value="L3"><imc name="MEM"><imc name="TEMP" value="28"/></imc><imc name="BINOP" value="DIV"><imc name="BINOP" value="DIV"><imc name="MEM"><imc name="BINOP" value="ADD"><imc name="TEMP" value="28"/><imc name="CONST" value="8"/></imc></imc><imc name="CONST" value="9"/></imc><imc name="CONST" value="3"/></imc><imc name="BINOP" value="DIV"><imc name="BINOP" value="MOD"><imc name="MEM"><imc name="BINOP" value="ADD"><imc name="TEMP" value="28"/><imc name="CONST" value="8"/></imc></imc><imc name="CONST" value="9"/></imc><imc name="CONST" value="3"/></imc></imc></imc></imc><imc name="LABEL" value="L95"/><imc name="STMTS"><imc name="MOVE"><imc name="MEM"><imc name="BINOP" value="ADD"><imc name="TEMP" value="28"/><imc name="CONST" value="-8"/></imc></imc><imc name="BINOP" value="ADD"><imc name="MEM"><imc name="BINOP" value="ADD"><imc name="TEMP" value="28"/><imc name="CONST" value="-8"/></imc></imc><imc name="CALL" value="L4"><imc name="MEM"><imc name="TEMP" value="28"/></imc><imc name="BINOP" value="ADD"><imc name="MEM"><imc name="BINOP" value="ADD"><imc name="TEMP" value="28"/><imc name="CONST" value="8"/></imc></imc><imc name="CONST" value="1"/></imc><imc name="MEM"><imc name="BINOP" value="ADD"><imc name="TEMP" value="28"/><imc name="CONST" value="16"/></imc></imc></imc></imc></imc></imc><imc name="LABEL" value="L96"/></imc><imc name="MOVE"><imc name="MEM"><imc name="BINOP" value="ADD"><imc name="MEM"><imc name="BINOP" value="ADD"><imc name="MEM"><imc name="TEMP" value="28"/></imc><imc name="CONST" value="-8"/></imc></imc><imc name="BINOP" value="MUL"><imc name="MEM"><imc name="BINOP" value="ADD"><imc name="TEMP" value="28"/><imc name="CONST" value="8"/></imc></imc><imc name="CONST" value="8"/></imc></imc></imc><imc name="CONST" value="0"/></imc><imc name="MOVE"><imc name="MEM"><imc name="BINOP" value="ADD"><imc name="TEMP" value="28"/><imc name="CONST" value="-32"/></imc></imc><imc name="BINOP" value="ADD"><imc name="MEM"><imc name="BINOP" value="ADD"><imc name="TEMP" value="28"/><imc name="CONST" value="-32"/></imc></imc><imc name="CONST" value="1"/></imc></imc></imc><imc name="JUMP" value="L97"/><imc name="LABEL" value="L99"/></imc></imc><imc name="CONST" value="0"/></imc></imc></node><location loc="231.17--244.17"/></node><location loc="228.15--245.17"/><imc name="STMTS"><imc name="CJUMP" value="L100:L101"><imc name="BINOP" value="NEQ"><imc name="MEM"><imc name="BINOP" value="ADD"><imc name="MEM"><imc name="BINOP" value="ADD"><imc name="MEM"><imc name="TEMP" value="28"/></imc><imc name="CONST" value="-8"/></imc></imc><imc name="BINOP" value="MUL"><imc name="MEM"><imc name="BINOP" value="ADD"><imc name="TEMP" value="28"/><imc name="CONST" value="8"/></imc></imc><imc name="CONST" value="8"/></imc></imc></imc><imc name="CONST" value="0"/></imc></imc><imc name="LABEL" value="L100"/><imc name="STMTS"><imc name="MOVE"><imc name="MEM"><imc name="BINOP" value="ADD"><imc name="TEMP" value="28"/><imc name="CONST" value="-8"/></imc></imc><imc name="CALL" value="L4"><imc name="MEM"><imc name="TEMP" value="28"/></imc><imc name="BINOP" value="ADD"><imc name="MEM"><imc name="BINOP" value="ADD"><imc name="TEMP" value="28"/><imc name="CONST" value="8"/></imc></imc><imc name="CONST" value="1"/></imc><imc name="MEM"><imc name="BINOP" value="ADD"><imc name="TEMP" value="28"/><imc name="CONST" value="16"/></imc></imc></imc></imc></imc><imc name="JUMP" value="L102"/><imc name="LABEL" value="L101"/><imc name="STMTS"><imc name="ESTMT"><imc name="SEXPR"><imc name="STMTS"><imc name="MOVE"><imc name="MEM"><imc name="BINOP" value="ADD"><imc name="TEMP" value="28"/><imc name="CONST" value="-8"/></imc></imc><imc name="CONST" value="0"/></imc><imc name="MOVE"><imc name="MEM"><imc name="BINOP" value="ADD"><imc name="TEMP" value="28"/><imc name="CONST" value="-32"/></imc></imc><imc name="CONST" value="1"/></imc><imc name="STMTS"><imc name="LABEL" value="L97"/><imc name="CJUMP" value="L98:L99"><imc name="BINOP" value="LEQ"><imc name="MEM"><imc name="BINOP" value="ADD"><imc name="TEMP" value="28"/><imc name="CONST" value="-32"/></imc></imc><imc name="CONST" value="9"/></imc></imc><imc name="LABEL" value="L98"/><imc name="STMTS"><imc name="MOVE"><imc name="MEM"><imc name="BINOP" value="ADD"><imc name="MEM"><imc name="BINOP" value="ADD"><imc name="MEM"><imc name="TEMP" value="28"/></imc><imc name="CONST" value="-8"/></imc></imc><imc name="BINOP" value="MUL"><imc name="MEM"><imc name="BINOP" value="ADD"><imc name="TEMP" value="28"/><imc name="CONST" value="8"/></imc></imc><imc name="CONST" value="8"/></imc></imc></imc><imc name="MEM"><imc name="BINOP" value="ADD"><imc name="TEMP" value="28"/><imc name="CONST" value="-32"/></imc></imc></imc><imc name="STMTS"><imc name="CJUMP" value="L95:L96"><imc name="BINOP" value="AND"><imc name="BINOP" value="AND"><imc name="CALL" value="L1"><imc name="MEM"><imc name="TEMP" value="28"/></imc><imc name="BINOP" value="DIV"><imc name="MEM"><imc name="BINOP" value="ADD"><imc name="TEMP" value="28"/><imc name="CONST" value="8"/></imc></imc><imc name="CONST" value="9"/></imc></imc><imc name="CALL" value="L2"><imc name="MEM"><imc name="TEMP" value="28"/></imc><imc name="BINOP" value="MOD"><imc name="MEM"><imc name="BINOP" value="ADD"><imc name="TEMP" value="28"/><imc name="CONST" value="8"/></imc></imc><imc name="CONST" value="9"/></imc></imc></imc><imc name="CALL" value="L3"><imc name="MEM"><imc name="TEMP" value="28"/></imc><imc name="BINOP" value="DIV"><imc name="BINOP" value="DIV"><imc name="MEM"><imc name="BINOP" value="ADD"><imc name="TEMP" value="28"/><imc name="CONST" value="8"/></imc></imc><imc name="CONST" value="9"/></imc><imc name="CONST" value="3"/></imc><imc name="BINOP" value="DIV"><imc name="BINOP" value="MOD"><imc name="MEM"><imc name="BINOP" value="ADD"><imc name="TEMP" value="28"/><imc name="CONST" value="8"/></imc></imc><imc name="CONST" value="9"/></imc><imc name="CONST" value="3"/></imc></imc></imc></imc><imc name="LABEL" value="L95"/><imc name="STMTS"><imc name="MOVE"><imc name="MEM"><imc name="BINOP" value="ADD"><imc name="TEMP" value="28"/><imc name="CONST" value="-8"/></imc></imc><imc name="BINOP" value="ADD"><imc name="MEM"><imc name="BINOP" value="ADD"><imc name="TEMP" value="28"/><imc name="CONST" value="-8"/></imc></imc><imc name="CALL" value="L4"><imc name="MEM"><imc name="TEMP" value="28"/></imc><imc name="BINOP" value="ADD"><imc name="MEM"><imc name="BINOP" value="ADD"><imc name="TEMP" value="28"/><imc name="CONST" value="8"/></imc></imc><imc name="CONST" value="1"/></imc><imc name="MEM"><imc name="BINOP" value="ADD"><imc name="TEMP" value="28"/><imc name="CONST" value="16"/></imc></imc></imc></imc></imc></imc><imc name="LABEL" value="L96"/></imc><imc name="MOVE"><imc name="MEM"><imc name="BINOP" value="ADD"><imc name="MEM"><imc name="BINOP" value="ADD"><imc name="MEM"><imc name="TEMP" value="28"/></imc><imc name="CONST" value="-8"/></imc></imc><imc name="BINOP" value="MUL"><imc name="MEM"><imc name="BINOP" value="ADD"><imc name="TEMP" value="28"/><imc name="CONST" value="8"/></imc></imc><imc name="CONST" value="8"/></imc></imc></imc><imc name="CONST" value="0"/></imc><imc name="MOVE"><imc name="MEM"><imc name="BINOP" value="ADD"><imc name="TEMP" value="28"/><imc name="CONST" value="-32"/></imc></imc><imc name="BINOP" value="ADD"><imc name="MEM"><imc name="BINOP" value="ADD"><imc name="TEMP" value="28"/><imc name="CONST" value="-32"/></imc></imc><imc name="CONST" value="1"/></imc></imc></imc><imc name="JUMP" value="L97"/><imc name="LABEL" value="L99"/></imc></imc><imc name="CONST" value="0"/></imc></imc></imc><imc name="LABEL" value="L102"/></imc></node><location loc="228.15--245.17"/></node><location loc="206.13--246.15"/><imc name="STMTS"><imc name="CJUMP" value="L103:L104"><imc name="BINOP" value="EQU"><imc name="MEM"><imc name="BINOP" value="ADD"><imc name="TEMP" value="28"/><imc name="CONST" value="8"/></imc></imc><imc name="MEM"><imc name="BINOP" value="ADD"><imc name="TEMP" value="28"/><imc name="CONST" value="16"/></imc></imc></imc></imc><imc name="LABEL" value="L103"/><imc name="STMTS"><imc name="ESTMT"><imc name="SEXPR"><imc name="STMTS"><imc name="STMTS"><imc name="CJUMP" value="L93:L94"><imc name="CONST" value="1"/></imc><imc name="LABEL" value="L93"/><imc name="STMTS"><imc name="MOVE"><imc name="MEM"><imc name="BINOP" value="ADD"><imc name="TEMP" value="28"/><imc name="CONST" value="-16"/></imc></imc><imc name="CONST" value="0"/></imc><imc name="STMTS"><imc name="LABEL" value="L90"/><imc name="CJUMP" value="L91:L92"><imc name="BINOP" value="LTH"><imc name="MEM"><imc name="BINOP" value="ADD"><imc name="TEMP" value="28"/><imc name="CONST" value="-16"/></imc></imc><imc name="CONST" value="9"/></imc></imc><imc name="LABEL" value="L91"/><imc name="STMTS"><imc name="MOVE"><imc name="MEM"><imc name="BINOP" value="ADD"><imc name="TEMP" value="28"/><imc name="CONST" value="-24"/></imc></imc><imc name="CONST" value="0"/></imc><imc name="STMTS"><imc name="LABEL" value="L87"/><imc name="CJUMP" value="L88:L89"><imc name="BINOP" value="LTH"><imc name="MEM"><imc name="BINOP" value="ADD"><imc name="TEMP" value="28"/><imc name="CONST" value="-24"/></imc></imc><imc name="CONST" value="9"/></imc></imc><imc name="LABEL" value="L88"/><imc name="STMTS"><imc name="ESTMT"><imc name="CALL" value="_putInt"><imc name="CONST" value="0"/><imc name="MEM"><imc name="BINOP" value="ADD"><imc name="BINOP" value="ADD"><imc name="MEM"><imc name="BINOP" value="ADD"><imc name="MEM"><imc name="TEMP" value="28"/></imc><imc name="CONST" value="8"/></imc></imc><imc name="BINOP" value="MUL"><imc name="MEM"><imc name="BINOP" value="ADD"><imc name="TEMP" value="28"/><imc name="CONST" value="-16"/></imc></imc><imc name="CONST" value="72"/></imc></imc><imc name="BINOP" value="MUL"><imc name="MEM"><imc name="BINOP" value="ADD"><imc name="TEMP" value="28"/><imc name="CONST" value="-24"/></imc></imc><imc name="CONST" value="8"/></imc></imc></imc></imc></imc><imc name="ESTMT"><imc name="CALL" value="_putChar"><imc name="CONST" value="0"/><imc name="CONST" value="32"/></imc></imc><imc name="MOVE"><imc name="MEM"><imc name="BINOP" value="ADD"><imc name="TEMP" value="28"/><imc name="CONST" value="-24"/></imc></imc><imc name="BINOP" value="ADD"><imc name="MEM"><imc name="BINOP" value="ADD"><imc name="TEMP" value="28"/><imc name="CONST" value="-24"/></imc></imc><imc name="CONST" value="1"/></imc></imc></imc><imc name="JUMP" value="L87"/><imc name="LABEL" value="L89"/></imc><imc name="ESTMT"><imc name="CALL" value="_putChar"><imc name="CONST" value="0"/><imc name="BINOP" value="MOD"><imc name="CONST" value="10"/><imc name="CONST" value="256"/></imc></imc></imc><imc name="MOVE"><imc name="MEM"><imc name="BINOP" value="ADD"><imc name="TEMP" value="28"/><imc name="CONST" value="-16"/></imc></imc><imc name="BINOP" value="ADD"><imc name="MEM"><imc name="BINOP" value="ADD"><imc name="TEMP" value="28"/><imc name="CONST" value="-16"/></imc></imc><imc name="CONST" value="1"/></imc></imc></imc><imc name="JUMP" value="L90"/><imc name="LABEL" value="L92"/></imc><imc name="ESTMT"><imc name="CALL" value="_putChar"><imc name="CONST" value="0"/><imc name="BINOP" value="MOD"><imc name="CONST" value="10"/><imc name="CONST" value="256"/></imc></imc></imc></imc><imc name="LABEL" value="L94"/></imc></imc><imc name="CONST" value="0"/></imc></imc><imc name="MOVE"><imc name="MEM"><imc name="BINOP" value="ADD"><imc name="TEMP" value="28"/><imc name="CONST" value="-8"/></imc></imc><imc name="CONST" value="1"/></imc></imc><imc name="JUMP" value="L105"/><imc name="LABEL" value="L104"/><imc name="STMTS"><imc name="STMTS"><imc name="CJUMP" value="L100:L101"><imc name="BINOP" value="NEQ"><imc name="MEM"><imc name="BINOP" value="ADD"><imc name="MEM"><imc name="BINOP" value="ADD"><imc name="MEM"><imc name="TEMP" value="28"/></imc><imc name="CONST" value="-8"/></imc></imc><imc name="BINOP" value="MUL"><imc name="MEM"><imc name="BINOP" value="ADD"><imc name="TEMP" value="28"/><imc name="CONST" value="8"/></imc></imc><imc name="CONST" value="8"/></imc></imc></imc><imc name="CONST" value="0"/></imc></imc><imc name="LABEL" value="L100"/><imc name="STMTS"><imc name="MOVE"><imc name="MEM"><imc name="BINOP" value="ADD"><imc name="TEMP" value="28"/><imc name="CONST" value="-8"/></imc></imc><imc name="CALL" value="L4"><imc name="MEM"><imc name="TEMP" value="28"/></imc><imc name="BINOP" value="ADD"><imc name="MEM"><imc name="BINOP" value="ADD"><imc name="TEMP" value="28"/><imc name="CONST" value="8"/></imc></imc><imc name="CONST" value="1"/></imc><imc name="MEM"><imc name="BINOP" value="ADD"><imc name="TEMP" value="28"/><imc name="CONST" value="16"/></imc></imc></imc></imc></imc><imc name="JUMP" value="L102"/><imc name="LABEL" value="L101"/><imc name="STMTS"><imc name="ESTMT"><imc name="SEXPR"><imc name="STMTS"><imc name="MOVE"><imc name="MEM"><imc name="BINOP" value="ADD"><imc name="TEMP" value="28"/><imc name="CONST" value="-8"/></imc></imc><imc name="CONST" value="0"/></imc><imc name="MOVE"><imc name="MEM"><imc name="BINOP" value="ADD"><imc name="TEMP" value="28"/><imc name="CONST" value="-32"/></imc></imc><imc name="CONST" value="1"/></imc><imc name="STMTS"><imc name="LABEL" value="L97"/><imc name="CJUMP" value="L98:L99"><imc name="BINOP" value="LEQ"><imc name="MEM"><imc name="BINOP" value="ADD"><imc name="TEMP" value="28"/><imc name="CONST" value="-32"/></imc></imc><imc name="CONST" value="9"/></imc></imc><imc name="LABEL" value="L98"/><imc name="STMTS"><imc name="MOVE"><imc name="MEM"><imc name="BINOP" value="ADD"><imc name="MEM"><imc name="BINOP" value="ADD"><imc name="MEM"><imc name="TEMP" value="28"/></imc><imc name="CONST" value="-8"/></imc></imc><imc name="BINOP" value="MUL"><imc name="MEM"><imc name="BINOP" value="ADD"><imc name="TEMP" value="28"/><imc name="CONST" value="8"/></imc></imc><imc name="CONST" value="8"/></imc></imc></imc><imc name="MEM"><imc name="BINOP" value="ADD"><imc name="TEMP" value="28"/><imc name="CONST" value="-32"/></imc></imc></imc><imc name="STMTS"><imc name="CJUMP" value="L95:L96"><imc name="BINOP" value="AND"><imc name="BINOP" value="AND"><imc name="CALL" value="L1"><imc name="MEM"><imc name="TEMP" value="28"/></imc><imc name="BINOP" value="DIV"><imc name="MEM"><imc name="BINOP" value="ADD"><imc name="TEMP" value="28"/><imc name="CONST" value="8"/></imc></imc><imc name="CONST" value="9"/></imc></imc><imc name="CALL" value="L2"><imc name="MEM"><imc name="TEMP" value="28"/></imc><imc name="BINOP" value="MOD"><imc name="MEM"><imc name="BINOP" value="ADD"><imc name="TEMP" value="28"/><imc name="CONST" value="8"/></imc></imc><imc name="CONST" value="9"/></imc></imc></imc><imc name="CALL" value="L3"><imc name="MEM"><imc name="TEMP" value="28"/></imc><imc name="BINOP" value="DIV"><imc name="BINOP" value="DIV"><imc name="MEM"><imc name="BINOP" value="ADD"><imc name="TEMP" value="28"/><imc name="CONST" value="8"/></imc></imc><imc name="CONST" value="9"/></imc><imc name="CONST" value="3"/></imc><imc name="BINOP" value="DIV"><imc name="BINOP" value="MOD"><imc name="MEM"><imc name="BINOP" value="ADD"><imc name="TEMP" value="28"/><imc name="CONST" value="8"/></imc></imc><imc name="CONST" value="9"/></imc><imc name="CONST" value="3"/></imc></imc></imc></imc><imc name="LABEL" value="L95"/><imc name="STMTS"><imc name="MOVE"><imc name="MEM"><imc name="BINOP" value="ADD"><imc name="TEMP" value="28"/><imc name="CONST" value="-8"/></imc></imc><imc name="BINOP" value="ADD"><imc name="MEM"><imc name="BINOP" value="ADD"><imc name="TEMP" value="28"/><imc name="CONST" value="-8"/></imc></imc><imc name="CALL" value="L4"><imc name="MEM"><imc name="TEMP" value="28"/></imc><imc name="BINOP" value="ADD"><imc name="MEM"><imc name="BINOP" value="ADD"><imc name="TEMP" value="28"/><imc name="CONST" value="8"/></imc></imc><imc name="CONST" value="1"/></imc><imc name="MEM"><imc name="BINOP" value="ADD"><imc name="TEMP" value="28"/><imc name="CONST" value="16"/></imc></imc></imc></imc></imc></imc><imc name="LABEL" value="L96"/></imc><imc name="MOVE"><imc name="MEM"><imc name="BINOP" value="ADD"><imc name="MEM"><imc name="BINOP" value="ADD"><imc name="MEM"><imc name="TEMP" value="28"/></imc><imc name="CONST" value="-8"/></imc></imc><imc name="BINOP" value="MUL"><imc name="MEM"><imc name="BINOP" value="ADD"><imc name="TEMP" value="28"/><imc name="CONST" value="8"/></imc></imc><imc name="CONST" value="8"/></imc></imc></imc><imc name="CONST" value="0"/></imc><imc name="MOVE"><imc name="MEM"><imc name="BINOP" value="ADD"><imc name="TEMP" value="28"/><imc name="CONST" value="-32"/></imc></imc><imc name="BINOP" value="ADD"><imc name="MEM"><imc name="BINOP" value="ADD"><imc name="TEMP" value="28"/><imc name="CONST" value="-32"/></imc></imc><imc name="CONST" value="1"/></imc></imc></imc><imc name="JUMP" value="L97"/><imc name="LABEL" value="L99"/></imc></imc><imc name="CONST" value="0"/></imc></imc></imc><imc name="LABEL" value="L102"/></imc></imc><imc name="LABEL" value="L105"/></imc></node><location loc="206.13--246.15"/></node><node label="VarName" lexeme="count"><location loc="247.13--247.17"/><declaredAt location="249.13--249.26"/><imc name="MEM"><imc name="BINOP" value="ADD"><imc name="TEMP" value="28"/><imc name="CONST" value="-8"/></imc></imc></node><location loc="206.13--249.26"/><type label="INT"/><imc name="SEXPR"><imc name="STMTS"><imc name="STMTS"><imc name="CJUMP" value="L103:L104"><imc name="BINOP" value="EQU"><imc name="MEM"><imc name="BINOP" value="ADD"><imc name="TEMP" value="28"/><imc name="CONST" value="8"/></imc></imc><imc name="MEM"><imc name="BINOP" value="ADD"><imc name="TEMP" value="28"/><imc name="CONST" value="16"/></imc></imc></imc></imc><imc name="LABEL" value="L103"/><imc name="STMTS"><imc name="ESTMT"><imc name="SEXPR"><imc name="STMTS"><imc name="STMTS"><imc name="CJUMP" value="L93:L94"><imc name="CONST" value="1"/></imc><imc name="LABEL" value="L93"/><imc name="STMTS"><imc name="MOVE"><imc name="MEM"><imc name="BINOP" value="ADD"><imc name="TEMP" value="28"/><imc name="CONST" value="-16"/></imc></imc><imc name="CONST" value="0"/></imc><imc name="STMTS"><imc name="LABEL" value="L90"/><imc name="CJUMP" value="L91:L92"><imc name="BINOP" value="LTH"><imc name="MEM"><imc name="BINOP" value="ADD"><imc name="TEMP" value="28"/><imc name="CONST" value="-16"/></imc></imc><imc name="CONST" value="9"/></imc></imc><imc name="LABEL" value="L91"/><imc name="STMTS"><imc name="MOVE"><imc name="MEM"><imc name="BINOP" value="ADD"><imc name="TEMP" value="28"/><imc name="CONST" value="-24"/></imc></imc><imc name="CONST" value="0"/></imc><imc name="STMTS"><imc name="LABEL" value="L87"/><imc name="CJUMP" value="L88:L89"><imc name="BINOP" value="LTH"><imc name="MEM"><imc name="BINOP" value="ADD"><imc name="TEMP" value="28"/><imc name="CONST" value="-24"/></imc></imc><imc name="CONST" value="9"/></imc></imc><imc name="LABEL" value="L88"/><imc name="STMTS"><imc name="ESTMT"><imc name="CALL" value="_putInt"><imc name="CONST" value="0"/><imc name="MEM"><imc name="BINOP" value="ADD"><imc name="BINOP" value="ADD"><imc name="MEM"><imc name="BINOP" value="ADD"><imc name="MEM"><imc name="TEMP" value="28"/></imc><imc name="CONST" value="8"/></imc></imc><imc name="BINOP" value="MUL"><imc name="MEM"><imc name="BINOP" value="ADD"><imc name="TEMP" value="28"/><imc name="CONST" value="-16"/></imc></imc><imc name="CONST" value="72"/></imc></imc><imc name="BINOP" value="MUL"><imc name="MEM"><imc name="BINOP" value="ADD"><imc name="TEMP" value="28"/><imc name="CONST" value="-24"/></imc></imc><imc name="CONST" value="8"/></imc></imc></imc></imc></imc><imc name="ESTMT"><imc name="CALL" value="_putChar"><imc name="CONST" value="0"/><imc name="CONST" value="32"/></imc></imc><imc name="MOVE"><imc name="MEM"><imc name="BINOP" value="ADD"><imc name="TEMP" value="28"/><imc name="CONST" value="-24"/></imc></imc><imc name="BINOP" value="ADD"><imc name="MEM"><imc name="BINOP" value="ADD"><imc name="TEMP" value="28"/><imc name="CONST" value="-24"/></imc></imc><imc name="CONST" value="1"/></imc></imc></imc><imc name="JUMP" value="L87"/><imc name="LABEL" value="L89"/></imc><imc name="ESTMT"><imc name="CALL" value="_putChar"><imc name="CONST" value="0"/><imc name="BINOP" value="MOD"><imc name="CONST" value="10"/><imc name="CONST" value="256"/></imc></imc></imc><imc name="MOVE"><imc name="MEM"><imc name="BINOP" value="ADD"><imc name="TEMP" value="28"/><imc name="CONST" value="-16"/></imc></imc><imc name="BINOP" value="ADD"><imc name="MEM"><imc name="BINOP" value="ADD"><imc name="TEMP" value="28"/><imc name="CONST" value="-16"/></imc></imc><imc name="CONST" value="1"/></imc></imc></imc><imc name="JUMP" value="L90"/><imc name="LABEL" value="L92"/></imc><imc name="ESTMT"><imc name="CALL" value="_putChar"><imc name="CONST" value="0"/><imc name="BINOP" value="MOD"><imc name="CONST" value="10"/><imc name="CONST" value="256"/></imc></imc></imc></imc><imc name="LABEL" value="L94"/></imc></imc><imc name="CONST" value="0"/></imc></imc><imc name="MOVE"><imc name="MEM"><imc name="BINOP" value="ADD"><imc name="TEMP" value="28"/><imc name="CONST" value="-8"/></imc></imc><imc name="CONST" value="1"/></imc></imc><imc name="JUMP" value="L105"/><imc name="LABEL" value="L104"/><imc name="STMTS"><imc name="STMTS"><imc name="CJUMP" value="L100:L101"><imc name="BINOP" value="NEQ"><imc name="MEM"><imc name="BINOP" value="ADD"><imc name="MEM"><imc name="BINOP" value="ADD"><imc name="MEM"><imc name="TEMP" value="28"/></imc><imc name="CONST" value="-8"/></imc></imc><imc name="BINOP" value="MUL"><imc name="MEM"><imc name="BINOP" value="ADD"><imc name="TEMP" value="28"/><imc name="CONST" value="8"/></imc></imc><imc name="CONST" value="8"/></imc></imc></imc><imc name="CONST" value="0"/></imc></imc><imc name="LABEL" value="L100"/><imc name="STMTS"><imc name="MOVE"><imc name="MEM"><imc name="BINOP" value="ADD"><imc name="TEMP" value="28"/><imc name="CONST" value="-8"/></imc></imc><imc name="CALL" value="L4"><imc name="MEM"><imc name="TEMP" value="28"/></imc><imc name="BINOP" value="ADD"><imc name="MEM"><imc name="BINOP" value="ADD"><imc name="TEMP" value="28"/><imc name="CONST" value="8"/></imc></imc><imc name="CONST" value="1"/></imc><imc name="MEM"><imc name="BINOP" value="ADD"><imc name="TEMP" value="28"/><imc name="CONST" value="16"/></imc></imc></imc></imc></imc><imc name="JUMP" value="L102"/><imc name="LABEL" value="L101"/><imc name="STMTS"><imc name="ESTMT"><imc name="SEXPR"><imc name="STMTS"><imc name="MOVE"><imc name="MEM"><imc name="BINOP" value="ADD"><imc name="TEMP" value="28"/><imc name="CONST" value="-8"/></imc></imc><imc name="CONST" value="0"/></imc><imc name="MOVE"><imc name="MEM"><imc name="BINOP" value="ADD"><imc name="TEMP" value="28"/><imc name="CONST" value="-32"/></imc></imc><imc name="CONST" value="1"/></imc><imc name="STMTS"><imc name="LABEL" value="L97"/><imc name="CJUMP" value="L98:L99"><imc name="BINOP" value="LEQ"><imc name="MEM"><imc name="BINOP" value="ADD"><imc name="TEMP" value="28"/><imc name="CONST" value="-32"/></imc></imc><imc name="CONST" value="9"/></imc></imc><imc name="LABEL" value="L98"/><imc name="STMTS"><imc name="MOVE"><imc name="MEM"><imc name="BINOP" value="ADD"><imc name="MEM"><imc name="BINOP" value="ADD"><imc name="MEM"><imc name="TEMP" value="28"/></imc><imc name="CONST" value="-8"/></imc></imc><imc name="BINOP" value="MUL"><imc name="MEM"><imc name="BINOP" value="ADD"><imc name="TEMP" value="28"/><imc name="CONST" value="8"/></imc></imc><imc name="CONST" value="8"/></imc></imc></imc><imc name="MEM"><imc name="BINOP" value="ADD"><imc name="TEMP" value="28"/><imc name="CONST" value="-32"/></imc></imc></imc><imc name="STMTS"><imc name="CJUMP" value="L95:L96"><imc name="BINOP" value="AND"><imc name="BINOP" value="AND"><imc name="CALL" value="L1"><imc name="MEM"><imc name="TEMP" value="28"/></imc><imc name="BINOP" value="DIV"><imc name="MEM"><imc name="BINOP" value="ADD"><imc name="TEMP" value="28"/><imc name="CONST" value="8"/></imc></imc><imc name="CONST" value="9"/></imc></imc><imc name="CALL" value="L2"><imc name="MEM"><imc name="TEMP" value="28"/></imc><imc name="BINOP" value="MOD"><imc name="MEM"><imc name="BINOP" value="ADD"><imc name="TEMP" value="28"/><imc name="CONST" value="8"/></imc></imc><imc name="CONST" value="9"/></imc></imc></imc><imc name="CALL" value="L3"><imc name="MEM"><imc name="TEMP" value="28"/></imc><imc name="BINOP" value="DIV"><imc name="BINOP" value="DIV"><imc name="MEM"><imc name="BINOP" value="ADD"><imc name="TEMP" value="28"/><imc name="CONST" value="8"/></imc></imc><imc name="CONST" value="9"/></imc><imc name="CONST" value="3"/></imc><imc name="BINOP" value="DIV"><imc name="BINOP" value="MOD"><imc name="MEM"><imc name="BINOP" value="ADD"><imc name="TEMP" value="28"/><imc name="CONST" value="8"/></imc></imc><imc name="CONST" value="9"/></imc><imc name="CONST" value="3"/></imc></imc></imc></imc><imc name="LABEL" value="L95"/><imc name="STMTS"><imc name="MOVE"><imc name="MEM"><imc name="BINOP" value="ADD"><imc name="TEMP" value="28"/><imc name="CONST" value="-8"/></imc></imc><imc name="BINOP" value="ADD"><imc name="MEM"><imc name="BINOP" value="ADD"><imc name="TEMP" value="28"/><imc name="CONST" value="-8"/></imc></imc><imc name="CALL" value="L4"><imc name="MEM"><imc name="TEMP" value="28"/></imc><imc name="BINOP" value="ADD"><imc name="MEM"><imc name="BINOP" value="ADD"><imc name="TEMP" value="28"/><imc name="CONST" value="8"/></imc></imc><imc name="CONST" value="1"/></imc><imc name="MEM"><imc name="BINOP" value="ADD"><imc name="TEMP" value="28"/><imc name="CONST" value="16"/></imc></imc></imc></imc></imc></imc><imc name="LABEL" value="L96"/></imc><imc name="MOVE"><imc name="MEM"><imc name="BINOP" value="ADD"><imc name="MEM"><imc name="BINOP" value="ADD"><imc name="MEM"><imc name="TEMP" value="28"/></imc><imc name="CONST" value="-8"/></imc></imc><imc name="BINOP" value="MUL"><imc name="MEM"><imc name="BINOP" value="ADD"><imc name="TEMP" value="28"/><imc name="CONST" value="8"/></imc></imc><imc name="CONST" value="8"/></imc></imc></imc><imc name="CONST" value="0"/></imc><imc name="MOVE"><imc name="MEM"><imc name="BINOP" value="ADD"><imc name="TEMP" value="28"/><imc name="CONST" value="-32"/></imc></imc><imc name="BINOP" value="ADD"><imc name="MEM"><imc name="BINOP" value="ADD"><imc name="TEMP" value="28"/><imc name="CONST" value="-32"/></imc></imc><imc name="CONST" value="1"/></imc></imc></imc><imc name="JUMP" value="L97"/><imc name="LABEL" value="L99"/></imc></imc><imc name="CONST" value="0"/></imc></imc></imc><imc name="LABEL" value="L102"/></imc></imc><imc name="LABEL" value="L105"/></imc></imc><imc name="MEM"><imc name="BINOP" value="ADD"><imc name="TEMP" value="28"/><imc name="CONST" value="-8"/></imc></imc></imc></node><location loc="205.7--250.12"/><frame FP="T28" RV="T29" argssize="24" depth="2" label="L4" locssize="32" size="72"/></node><location loc="141.7--250.12"/></node><node label="Stmts"><node label="AssignStmt"><node label="VarName" lexeme="t1d"><location loc="138.7--138.9"/><declaredAt location="141.7--141.30"/><imc name="BINOP" value="ADD"><imc name="TEMP" value="20"/><imc name="CONST" value="-8"/></imc></node><node label="CastExpr"><node label="VarName" lexeme="t2d"><location loc="138.12--138.14"/><declaredAt location="137.12--137.36"/><imc name="MEM"><imc name="BINOP" value="ADD"><imc name="TEMP" value="20"/><imc name="CONST" value="8"/></imc></imc></node><node label="PtrType"><node label="ArrType"><node label="AtomExpr" lexeme="81" spec="INT"><location loc="138.24--138.25"/></node><node label="AtomType" spec="INT"><location loc="138.28--138.30"/></node><location loc="138.20--138.30"/><type label="ARR(81)" len="81"><type label="INT"/></type></node><location loc="138.16--138.30"/><type label="PTR"><type label="ARR(81)" len="81"><type label="INT"/></type></type></node><location loc="138.15--138.31"/><type label="PTR"><type label="ARR(81)" len="81"><type label="INT"/></type></type><imc name="MEM"><imc name="BINOP" value="ADD"><imc name="TEMP" value="20"/><imc name="CONST" value="8"/></imc></imc></node><location loc="138.7--138.31"/><imc name="MOVE"><imc name="MEM"><imc name="BINOP" value="ADD"><imc name="TEMP" value="20"/><imc name="CONST" value="-8"/></imc></imc><imc name="MEM"><imc name="BINOP" value="ADD"><imc name="TEMP" value="20"/><imc name="CONST" value="8"/></imc></imc></imc></node><location loc="138.7--138.31"/></node><node label="FunName" lexeme="solve"><node label="Args"><node label="AtomExpr" lexeme="0" spec="INT"><location loc="139.13--139.13"/><type label="INT"/><imc name="CONST" value="0"/></node><node label="AtomExpr" lexeme="81" spec="INT"><location loc="139.15--139.16"/><type label="INT"/><imc name="CONST" value="81"/></node><location loc="139.13--139.16"/></node><location loc="139.7--139.17"/><declaredAt location="205.7--250.12"/><type label="INT"/><imc name="CALL" value="L4"><imc name="TEMP" value="20"/><imc name="CONST" value="0"/><imc name="CONST" value="81"/></imc></node><location loc="138.7--250.12"/><type label="INT"/><imc name="SEXPR"><imc name="STMTS"><imc name="MOVE"><imc name="MEM"><imc name="BINOP" value="ADD"><imc name="TEMP" value="20"/><imc name="CONST" value="-8"/></imc></imc><imc name="MEM"><imc name="BINOP" value="ADD"><imc name="TEMP" value="20"/><imc name="CONST" value="8"/></imc></imc></imc></imc><imc name="CALL" value="L4"><imc name="TEMP" value="20"/><imc name="CONST" value="0"/><imc name="CONST" value="81"/></imc></imc></node><location loc="137.1--251.6"/><frame FP="T20" RV="T21" argssize="24" depth="1" label="_sudoku" locssize="8" size="48"/></node><location loc="1.1--251.6"/></node><location loc="1.1--251.6"/></node></imcgen>