<?xml version="1.0" encoding="UTF-8" standalone="no"?><?xml-stylesheet type="text/xsl" href="../../data/imcgen.xsl"?><imcgen><node label="Source"><node label="Decls"><node label="TypDecl" lexeme="a"><node label="AtomType" spec="INT"><location loc="1.9--1.11"/></node><location loc="1.1--1.12"/><type label="TYPE" name="a"/></node><node label="TypDecl" lexeme="b"><node label="TypeName" lexeme="a"><location loc="2.9--2.9"/><declaredAt location="1.1--1.12"/></node><location loc="2.1--2.10"/><type label="TYPE" name="b"/></node><node label="TypDecl" lexeme="c"><node label="TypeName" lexeme="a"><location loc="3.9--3.9"/><declaredAt location="1.1--1.12"/></node><location loc="3.1--3.10"/><type label="TYPE" name="c"/></node><node label="TypDecl" lexeme="d"><node label="TypeName" lexeme="c"><location loc="4.9--4.9"/><declaredAt location="3.1--3.10"/></node><location loc="4.1--4.10"/><type label="TYPE" name="d"/></node><node label="VarDecl" lexeme="x"><node label="AtomType" spec="INT"><location loc="6.9--6.11"/></node><location loc="6.1--6.12"/><access label="_x" size="8"/></node><node label="VarDecl" lexeme="y"><node label="AtomType" spec="INT"><location loc="7.9--7.11"/></node><location loc="7.1--7.12"/><access label="_y" size="8"/></node><node label="TypDecl" lexeme="ll"><node label="AtomType" spec="INT"><location loc="9.10--9.12"/></node><location loc="9.1--9.13"/><type label="TYPE" name="ll"/></node><node label="TypDecl" lexeme="pt"><node label="RecType"><node label="CompDecls"><node label="CompDecl" lexeme="x"><node label="AtomType" spec="INT"><location loc="10.18--10.20"/></node><location loc="10.14--10.20"/></node><node label="CompDecl" lexeme="y"><node label="AtomType" spec="INT"><location loc="10.27--10.29"/></node><location loc="10.23--10.29"/></node><location loc="10.14--10.29"/></node><location loc="10.10--10.30"/><type label="REC"><type label="INT"/><type label="INT"/></type></node><location loc="10.1--10.31"/><type label="TYPE" name="pt"/></node><node label="TypDecl" lexeme="pt2"><node label="RecType"><node label="CompDecls"><node label="CompDecl" lexeme="x"><node label="TypeName" lexeme="a"><location loc="11.19--11.19"/><declaredAt location="1.1--1.12"/></node><location loc="11.15--11.19"/></node><node label="CompDecl" lexeme="y"><node label="TypeName" lexeme="c"><location loc="11.26--11.26"/><declaredAt location="3.1--3.10"/></node><location loc="11.22--11.26"/></node><location loc="11.15--11.26"/></node><location loc="11.11--11.27"/><type label="REC"><type label="INT"/><type label="INT"/></type></node><location loc="11.1--11.28"/><type label="TYPE" name="pt2"/></node><node label="TypDecl" lexeme="pt3"><node label="RecType"><node label="CompDecls"><node label="CompDecl" lexeme="x"><node label="TypeName" lexeme="pt"><location loc="12.19--12.20"/><declaredAt location="10.1--10.31"/></node><location loc="12.15--12.20"/></node><node label="CompDecl" lexeme="y"><node label="TypeName" lexeme="pt2"><location loc="12.27--12.29"/><declaredAt location="11.1--11.28"/></node><location loc="12.23--12.29"/></node><location loc="12.15--12.29"/></node><location loc="12.11--12.30"/><type label="REC"><type label="REC"><type label="INT"/><type label="INT"/></type><type label="REC"><type label="INT"/><type label="INT"/></type></type></node><location loc="12.1--12.31"/><type label="TYPE" name="pt3"/></node><node label="VarDecl" lexeme="ptv"><node label="TypeName" lexeme="pt"><location loc="14.11--14.12"/><declaredAt location="10.1--10.31"/></node><location loc="14.1--14.13"/><access label="_ptv" size="16"/></node><node label="VarDecl" lexeme="ptu"><node label="TypeName" lexeme="pt2"><location loc="15.11--15.13"/><declaredAt location="11.1--11.28"/></node><location loc="15.1--15.14"/><access label="_ptu" size="16"/></node><node label="VarDecl" lexeme="ptt"><node label="TypeName" lexeme="pt3"><location loc="16.11--16.13"/><declaredAt location="12.1--12.31"/></node><location loc="16.1--16.14"/><access label="_ptt" size="32"/></node><node label="VarDecl" lexeme="pi"><node label="PtrType"><node label="AtomType" spec="INT"><location loc="18.14--18.16"/></node><location loc="18.10--18.16"/><type label="PTR"><type label="INT"/></type></node><location loc="18.1--18.17"/><access label="_pi" size="8"/></node><node label="FunDef" lexeme="main"><node label="ParDecls"><location loc="0.0--0.0"/></node><node label="AtomType" spec="INT"><location loc="20.14--20.16"/></node><node label="BlockExpr"><node label="Decls"><location loc="0.0--0.0"/></node><node label="Stmts"><node label="AssignStmt"><node label="RecExpr"><node label="VarName" lexeme="ptv"><location loc="21.9--21.11"/><declaredAt location="14.1--14.13"/><imc name="NAME" value="_ptv"/></node><node label="VarName" lexeme="y"><location loc="21.13--21.13"/><declaredAt location="10.23--10.29"/></node><location loc="21.9--21.13"/><type label="INT"/><addr/><imc name="BINOP" value="ADD"><imc name="NAME" value="_ptv"/><imc name="CONST" value="8"/></imc></node><node label="BinExpr" spec="ADD"><node label="BinExpr" spec="MUL"><node label="VarName" lexeme="x"><location loc="21.17--21.17"/><declaredAt location="6.1--6.12"/><imc name="MEM"><imc name="NAME" value="_x"/></imc></node><node label="RecExpr"><node label="VarName" lexeme="ptu"><location loc="21.21--21.23"/><declaredAt location="15.1--15.14"/><imc name="NAME" value="_ptu"/></node><node label="VarName" lexeme="x"><location loc="21.25--21.25"/><declaredAt location="11.15--11.19"/></node><location loc="21.21--21.25"/><type label="INT"/><addr/><imc name="MEM"><imc name="BINOP" value="ADD"><imc name="NAME" value="_ptu"/><imc name="CONST" value="0"/></imc></imc></node><location loc="21.17--21.25"/><type label="INT"/><imc name="BINOP" value="MUL"><imc name="MEM"><imc name="NAME" value="_x"/></imc><imc name="MEM"><imc name="BINOP" value="ADD"><imc name="NAME" value="_ptu"/><imc name="CONST" value="0"/></imc></imc></imc></node><node label="CastExpr"><node label="AtomExpr" lexeme="'c'" spec="CHAR"><location loc="21.30--21.32"/><type label="CHAR"/><imc name="CONST" value="99"/></node><node label="TypeName" lexeme="ll"><location loc="21.36--21.37"/><declaredAt location="9.1--9.13"/></node><location loc="21.34--21.38"/><type label="INT"/><imc name="CONST" value="99"/></node><location loc="21.17--21.38"/><type label="INT"/><imc name="BINOP" value="ADD"><imc name="BINOP" value="MUL"><imc name="MEM"><imc name="NAME" value="_x"/></imc><imc name="MEM"><imc name="BINOP" value="ADD"><imc name="NAME" value="_ptu"/><imc name="CONST" value="0"/></imc></imc></imc><imc name="CONST" value="99"/></imc></node><location loc="21.9--21.38"/><imc name="MOVE"><imc name="MEM"><imc name="BINOP" value="ADD"><imc name="NAME" value="_ptv"/><imc name="CONST" value="8"/></imc></imc><imc name="BINOP" value="ADD"><imc name="BINOP" value="MUL"><imc name="MEM"><imc name="NAME" value="_x"/></imc><imc name="MEM"><imc name="BINOP" value="ADD"><imc name="NAME" value="_ptu"/><imc name="CONST" value="0"/></imc></imc></imc><imc name="CONST" value="99"/></imc></imc></node><node label="AssignStmt"><node label="RecExpr"><node label="RecExpr"><node label="VarName" lexeme="ptt"><location loc="22.9--22.11"/><declaredAt location="16.1--16.14"/><imc name="NAME" value="_ptt"/></node><node label="VarName" lexeme="x"><location loc="22.13--22.13"/><declaredAt location="12.15--12.20"/></node><location loc="22.9--22.13"/><type label="REC"><type label="INT"/><type label="INT"/></type><addr/><imc name="BINOP" value="ADD"><imc name="NAME" value="_ptt"/><imc name="CONST" value="0"/></imc></node><node label="VarName" lexeme="y"><location loc="22.15--22.15"/><declaredAt location="10.23--10.29"/></node><location loc="22.9--22.15"/><type label="INT"/><addr/><imc name="BINOP" value="ADD"><imc name="BINOP" value="ADD"><imc name="NAME" value="_ptt"/><imc name="CONST" value="0"/></imc><imc name="CONST" value="8"/></imc></node><node label="RecExpr"><node label="RecExpr"><node label="VarName" lexeme="ptt"><location loc="22.19--22.21"/><declaredAt location="16.1--16.14"/><imc name="NAME" value="_ptt"/></node><node label="VarName" lexeme="y"><location loc="22.23--22.23"/><declaredAt location="12.23--12.29"/></node><location loc="22.19--22.23"/><type label="REC"><type label="INT"/><type label="INT"/></type><addr/><imc name="BINOP" value="ADD"><imc name="NAME" value="_ptt"/><imc name="CONST" value="16"/></imc></node><node label="VarName" lexeme="x"><location loc="22.25--22.25"/><declaredAt location="11.15--11.19"/></node><location loc="22.19--22.25"/><type label="INT"/><addr/><imc name="MEM"><imc name="BINOP" value="ADD"><imc name="BINOP" value="ADD"><imc name="NAME" value="_ptt"/><imc name="CONST" value="16"/></imc><imc name="CONST" value="0"/></imc></imc></node><location loc="22.9--22.25"/><imc name="MOVE"><imc name="MEM"><imc name="BINOP" value="ADD"><imc name="BINOP" value="ADD"><imc name="NAME" value="_ptt"/><imc name="CONST" value="0"/></imc><imc name="CONST" value="8"/></imc></imc><imc name="MEM"><imc name="BINOP" value="ADD"><imc name="BINOP" value="ADD"><imc name="NAME" value="_ptt"/><imc name="CONST" value="16"/></imc><imc name="CONST" value="0"/></imc></imc></imc></node><location loc="21.9--22.25"/></node><node label="AtomExpr" lexeme="0" spec="INT"><location loc="24.9--24.9"/><type label="INT"/><imc name="CONST" value="0"/></node><location loc="21.9--24.9"/><type label="INT"/><imc name="SEXPR"><imc name="STMTS"><imc name="MOVE"><imc name="MEM"><imc name="BINOP" value="ADD"><imc name="NAME" value="_ptv"/><imc name="CONST" value="8"/></imc></imc><imc name="BINOP" value="ADD"><imc name="BINOP" value="MUL"><imc name="MEM"><imc name="NAME" value="_x"/></imc><imc name="MEM"><imc name="BINOP" value="ADD"><imc name="NAME" value="_ptu"/><imc name="CONST" value="0"/></imc></imc></imc><imc name="CONST" value="99"/></imc></imc><imc name="MOVE"><imc name="MEM"><imc name="BINOP" value="ADD"><imc name="BINOP" value="ADD"><imc name="NAME" value="_ptt"/><imc name="CONST" value="0"/></imc><imc name="CONST" value="8"/></imc></imc><imc name="MEM"><imc name="BINOP" value="ADD"><imc name="BINOP" value="ADD"><imc name="NAME" value="_ptt"/><imc name="CONST" value="16"/></imc><imc name="CONST" value="0"/></imc></imc></imc></imc><imc name="CONST" value="0"/></imc></node><location loc="20.1--25.2"/><frame FP="T0" RV="T1" argssize="0" depth="1" label="_main" locssize="0" size="16"/></node><node label="FunDef" lexeme="f"><node label="ParDecls"><node label="ParDecl" lexeme="x"><node label="AtomType" spec="INT"><location loc="27.11--27.13"/></node><location loc="27.7--27.13"/><access depth="1" offset="8" size="8"/></node><location loc="27.7--27.13"/></node><node label="AtomType" spec="INT"><location loc="27.18--27.20"/></node><node label="BlockExpr"><node label="Decls"><node label="FunDef" lexeme="g"><node label="ParDecls"><location loc="0.0--0.0"/></node><node label="AtomType" spec="INT"><location loc="33.25--33.27"/></node><node label="AtomExpr" lexeme="3" spec="INT"><location loc="33.31--33.31"/><type label="INT"/><imc name="CONST" value="3"/></node><location loc="33.15--33.32"/><frame FP="T4" RV="T5" argssize="0" depth="2" label="L0" locssize="0" size="16"/></node><node label="FunDef" lexeme="g2"><node label="ParDecls"><location loc="0.0--0.0"/></node><node label="AtomType" spec="INT"><location loc="34.20--34.22"/></node><node label="BinExpr" spec="ADD"><node label="AtomExpr" lexeme="3" spec="INT"><location loc="34.26--34.26"/><type label="INT"/><imc name="CONST" value="3"/></node><node label="BlockExpr"><node label="Decls"><location loc="0.0--0.0"/></node><node label="Stmts"><node label="ExprStmt"><node label="AtomExpr" lexeme="true" spec="BOOL"><location loc="34.31--34.34"/><type label="BOOL"/><imc name="CONST" value="1"/></node><location loc="34.31--34.34"/><imc name="ESTMT"><imc name="CONST" value="1"/></imc></node><node label="AssignStmt"><node label="VarName" lexeme="x"><location loc="34.37--34.37"/><declaredAt location="27.7--27.13"/><imc name="BINOP" value="ADD"><imc name="MEM"><imc name="TEMP" value="6"/></imc><imc name="CONST" value="8"/></imc></node><node label="AtomExpr" lexeme="1" spec="INT"><location loc="34.41--34.41"/><type label="INT"/><imc name="CONST" value="1"/></node><location loc="34.37--34.41"/><imc name="MOVE"><imc name="MEM"><imc name="BINOP" value="ADD"><imc name="MEM"><imc name="TEMP" value="6"/></imc><imc name="CONST" value="8"/></imc></imc><imc name="CONST" value="1"/></imc></node><location loc="34.31--34.41"/></node><node label="VarName" lexeme="x"><location loc="34.46--34.46"/><declaredAt location="27.7--27.13"/><imc name="MEM"><imc name="BINOP" value="ADD"><imc name="MEM"><imc name="TEMP" value="6"/></imc><imc name="CONST" value="8"/></imc></imc></node><location loc="34.31--34.46"/><type label="INT"/><imc name="SEXPR"><imc name="STMTS"><imc name="ESTMT"><imc name="CONST" value="1"/></imc><imc name="MOVE"><imc name="MEM"><imc name="BINOP" value="ADD"><imc name="MEM"><imc name="TEMP" value="6"/></imc><imc name="CONST" value="8"/></imc></imc><imc name="CONST" value="1"/></imc></imc><imc name="MEM"><imc name="BINOP" value="ADD"><imc name="MEM"><imc name="TEMP" value="6"/></imc><imc name="CONST" value="8"/></imc></imc></imc></node><location loc="34.26--34.46"/><type label="INT"/><imc name="BINOP" value="ADD"><imc name="CONST" value="3"/><imc name="SEXPR"><imc name="STMTS"><imc name="ESTMT"><imc name="CONST" value="1"/></imc><imc name="MOVE"><imc name="MEM"><imc name="BINOP" value="ADD"><imc name="MEM"><imc name="TEMP" value="6"/></imc><imc name="CONST" value="8"/></imc></imc><imc name="CONST" value="1"/></imc></imc><imc name="MEM"><imc name="BINOP" value="ADD"><imc name="MEM"><imc name="TEMP" value="6"/></imc><imc name="CONST" value="8"/></imc></imc></imc></imc></node><location loc="34.9--34.48"/><frame FP="T6" RV="T7" argssize="0" depth="2" label="L1" locssize="0" size="16"/></node><location loc="33.15--34.48"/></node><node label="Stmts"><node label="AssignStmt"><node label="VarName" lexeme="x"><location loc="28.9--28.9"/><declaredAt location="27.7--27.13"/><imc name="BINOP" value="ADD"><imc name="TEMP" value="2"/><imc name="CONST" value="8"/></imc></node><node label="BinExpr" spec="SUB"><node label="VarName" lexeme="x"><location loc="28.13--28.13"/><declaredAt location="27.7--27.13"/><imc name="MEM"><imc name="BINOP" value="ADD"><imc name="TEMP" value="2"/><imc name="CONST" value="8"/></imc></imc></node><node label="AtomExpr" lexeme="1" spec="INT"><location loc="28.17--28.17"/><type label="INT"/><imc name="CONST" value="1"/></node><location loc="28.13--28.17"/><type label="INT"/><imc name="BINOP" value="SUB"><imc name="MEM"><imc name="BINOP" value="ADD"><imc name="TEMP" value="2"/><imc name="CONST" value="8"/></imc></imc><imc name="CONST" value="1"/></imc></node><location loc="28.9--28.17"/><imc name="MOVE"><imc name="MEM"><imc name="BINOP" value="ADD"><imc name="TEMP" value="2"/><imc name="CONST" value="8"/></imc></imc><imc name="BINOP" value="SUB"><imc name="MEM"><imc name="BINOP" value="ADD"><imc name="TEMP" value="2"/><imc name="CONST" value="8"/></imc></imc><imc name="CONST" value="1"/></imc></imc></node><node label="AssignStmt"><node label="UnExpr" spec="DATA"><node label="VarName" lexeme="pi"><location loc="29.10--29.11"/><declaredAt location="18.1--18.17"/><type label="PTR"><type label="INT"/></type><imc name="MEM"><imc name="NAME" value="_pi"/></imc></node><location loc="29.9--29.11"/><type label="INT"/><addr/><imc name="MEM"><imc name="MEM"><imc name="NAME" value="_pi"/></imc></imc></node><node label="AtomExpr" lexeme="3" spec="INT"><location loc="29.15--29.15"/><type label="INT"/><imc name="CONST" value="3"/></node><location loc="29.9--29.15"/><imc name="MOVE"><imc name="MEM"><imc name="MEM"><imc name="MEM"><imc name="NAME" value="_pi"/></imc></imc></imc><imc name="CONST" value="3"/></imc></node><location loc="28.9--29.15"/></node><node label="BinExpr" spec="ADD"><node label="FunName" lexeme="f"><node label="Args"><node label="BinExpr" spec="SUB"><node label="VarName" lexeme="x"><location loc="31.11--31.11"/><declaredAt location="27.7--27.13"/><imc name="MEM"><imc name="BINOP" value="ADD"><imc name="TEMP" value="2"/><imc name="CONST" value="8"/></imc></imc></node><node label="AtomExpr" lexeme="1" spec="INT"><location loc="31.15--31.15"/><type label="INT"/><imc name="CONST" value="1"/></node><location loc="31.11--31.15"/><type label="INT"/><imc name="BINOP" value="SUB"><imc name="MEM"><imc name="BINOP" value="ADD"><imc name="TEMP" value="2"/><imc name="CONST" value="8"/></imc></imc><imc name="CONST" value="1"/></imc></node><location loc="31.11--31.15"/></node><location loc="31.9--31.16"/><declaredAt location="27.1--35.2"/><type label="INT"/><imc name="CALL" value="_f"><imc name="CONST" value="0"/><imc name="BINOP" value="SUB"><imc name="MEM"><imc name="BINOP" value="ADD"><imc name="TEMP" value="2"/><imc name="CONST" value="8"/></imc></imc><imc name="CONST" value="1"/></imc></imc></node><node label="VarName" lexeme="x"><location loc="31.20--31.20"/><declaredAt location="27.7--27.13"/><imc name="MEM"><imc name="BINOP" value="ADD"><imc name="TEMP" value="2"/><imc name="CONST" value="8"/></imc></imc></node><location loc="31.9--31.20"/><type label="INT"/><imc name="BINOP" value="ADD"><imc name="CALL" value="_f"><imc name="CONST" value="0"/><imc name="BINOP" value="SUB"><imc name="MEM"><imc name="BINOP" value="ADD"><imc name="TEMP" value="2"/><imc name="CONST" value="8"/></imc></imc><imc name="CONST" value="1"/></imc></imc><imc name="MEM"><imc name="BINOP" value="ADD"><imc name="TEMP" value="2"/><imc name="CONST" value="8"/></imc></imc></imc></node><location loc="28.9--34.48"/><type label="INT"/><imc name="SEXPR"><imc name="STMTS"><imc name="MOVE"><imc name="MEM"><imc name="BINOP" value="ADD"><imc name="TEMP" value="2"/><imc name="CONST" value="8"/></imc></imc><imc name="BINOP" value="SUB"><imc name="MEM"><imc name="BINOP" value="ADD"><imc name="TEMP" value="2"/><imc name="CONST" value="8"/></imc></imc><imc name="CONST" value="1"/></imc></imc><imc name="MOVE"><imc name="MEM"><imc name="MEM"><imc name="MEM"><imc name="NAME" value="_pi"/></imc></imc></imc><imc name="CONST" value="3"/></imc></imc><imc name="BINOP" value="ADD"><imc name="CALL" value="_f"><imc name="CONST" value="0"/><imc name="BINOP" value="SUB"><imc name="MEM"><imc name="BINOP" value="ADD"><imc name="TEMP" value="2"/><imc name="CONST" value="8"/></imc></imc><imc name="CONST" value="1"/></imc></imc><imc name="MEM"><imc name="BINOP" value="ADD"><imc name="TEMP" value="2"/><imc name="CONST" value="8"/></imc></imc></imc></imc></node><location loc="27.1--35.2"/><frame FP="T2" RV="T3" argssize="16" depth="1" label="_f" locssize="0" size="32"/></node><node label="FunDecl" lexeme="fx"><node label="ParDecls"><location loc="0.0--0.0"/></node><node label="AtomType" spec="VOID"><location loc="38.12--38.15"/></node><location loc="38.1--38.16"/></node><location loc="1.1--38.16"/></node><location loc="1.1--38.16"/></node></imcgen>