<?xml version="1.0" encoding="UTF-8" standalone="no"?><?xml-stylesheet type="text/xsl" href="../../data/imcgen.xsl"?><imcgen><node label="Source"><node label="Decls"><node label="FunDef" lexeme="three"><node label="ParDecls"><location loc="0.0--0.0"/></node><node label="AtomType" spec="INT"><location loc="1.13--1.15"/></node><node label="BinExpr" spec="ADD"><node label="FunName" lexeme="two"><node label="Args"><node label="FunName" lexeme="three"><node label="Args"><location loc="0.0--0.0"/></node><location loc="1.21--1.27"/><declaredAt location="1.1--1.33"/><type label="INT"/><imc name="CALL" value="_three"><imc name="CONST" value="0"/></imc></node><location loc="1.21--1.27"/></node><location loc="1.17--1.28"/><declaredAt location="3.1--3.19"/><type label="INT"/><imc name="CALL" value="_two"><imc name="CONST" value="0"/><imc name="CALL" value="_three"><imc name="CONST" value="0"/></imc></imc></node><node label="BinExpr" spec="MUL"><node label="AtomExpr" lexeme="3" spec="INT"><location loc="1.30--1.30"/><type label="INT"/><imc name="CONST" value="3"/></node><node label="VarName" lexeme="i"><location loc="1.32--1.32"/><declaredAt location="4.1--4.10"/><imc name="MEM"><imc name="NAME" value="_i"/></imc></node><location loc="1.30--1.32"/><type label="INT"/><imc name="BINOP" value="MUL"><imc name="CONST" value="3"/><imc name="MEM"><imc name="NAME" value="_i"/></imc></imc></node><location loc="1.17--1.32"/><type label="INT"/><imc name="BINOP" value="ADD"><imc name="CALL" value="_two"><imc name="CONST" value="0"/><imc name="CALL" value="_three"><imc name="CONST" value="0"/></imc></imc><imc name="BINOP" value="MUL"><imc name="CONST" value="3"/><imc name="MEM"><imc name="NAME" value="_i"/></imc></imc></imc></node><location loc="1.1--1.33"/><frame FP="T0" RV="T1" argssize="16" depth="1" label="_three" locssize="0" size="32"/></node><node label="FunDef" lexeme="one"><node label="ParDecls"><location loc="0.0--0.0"/></node><node label="PtrType"><node label="AtomType" spec="CHAR"><location loc="2.15--2.18"/></node><location loc="2.11--2.18"/><type label="PTR"><type label="CHAR"/></type></node><node label="CastExpr"><node label="NewExpr"><node label="AtomType" spec="INT"><location loc="2.26--2.28"/></node><location loc="2.22--2.29"/><type label="PTR"><type label="INT"/></type><imc name="CALL" value="__new"><imc name="TEMP" value="2"/><imc name="CONST" value="8"/></imc></node><node label="PtrType"><node label="AtomType" spec="CHAR"><location loc="2.35--2.38"/></node><location loc="2.31--2.38"/><type label="PTR"><type label="CHAR"/></type></node><location loc="2.30--2.39"/><type label="PTR"><type label="CHAR"/></type><imc name="CALL" value="__new"><imc name="TEMP" value="2"/><imc name="CONST" value="8"/></imc></node><location loc="2.1--2.40"/><frame FP="T2" RV="T3" argssize="16" depth="1" label="_one" locssize="0" size="32"/></node><node label="FunDecl" lexeme="two"><node label="ParDecls"><node label="ParDecl" lexeme="i"><node label="AtomType" spec="INT"><location loc="3.11--3.13"/></node><location loc="3.9--3.13"/><access depth="1" offset="8" size="8"/></node><location loc="3.9--3.13"/></node><node label="AtomType" spec="INT"><location loc="3.16--3.18"/></node><location loc="3.1--3.19"/></node><node label="VarDecl" lexeme="i"><node label="AtomType" spec="INT"><location loc="4.7--4.9"/></node><location loc="4.1--4.10"/><access label="_i" size="8"/></node><location loc="1.1--4.10"/></node><location loc="1.1--4.10"/></node></imcgen>