<?xml version="1.0" encoding="UTF-8" standalone="no"?><?xml-stylesheet type="text/xsl" href="../../data/imcgen.xsl"?><imcgen><node label="Source"><node label="Decls"><node label="FunDecl" lexeme="putInt"><node label="ParDecls"><node label="ParDecl" lexeme="n"><node label="AtomType" spec="INT"><location loc="1.14--1.16"/></node><location loc="1.12--1.16"/><access depth="1" offset="8" size="8"/></node><location loc="1.12--1.16"/></node><node label="AtomType" spec="VOID"><location loc="1.19--1.22"/></node><location loc="1.1--1.23"/></node><node label="FunDecl" lexeme="putChar"><node label="ParDecls"><node label="ParDecl" lexeme="c"><node label="AtomType" spec="CHAR"><location loc="2.15--2.18"/></node><location loc="2.13--2.18"/><access depth="1" offset="8" size="8"/></node><location loc="2.13--2.18"/></node><node label="AtomType" spec="VOID"><location loc="2.21--2.24"/></node><location loc="2.1--2.25"/></node><node label="FunDecl" lexeme="putString"><node label="ParDecls"><node label="ParDecl" lexeme="s"><node label="PtrType"><node label="AtomType" spec="CHAR"><location loc="3.21--3.24"/></node><location loc="3.17--3.24"/><type label="PTR"><type label="CHAR"/></type></node><location loc="3.15--3.24"/><access depth="1" offset="8" size="8"/></node><location loc="3.15--3.24"/></node><node label="AtomType" spec="VOID"><location loc="3.27--3.30"/></node><location loc="3.1--3.31"/></node><node label="FunDef" lexeme="main"><node label="ParDecls"><location loc="0.0--0.0"/></node><node label="AtomType" spec="INT"><location loc="5.12--5.14"/></node><node label="BlockExpr"><node label="Decls"><node label="VarDecl" lexeme="n"><node label="AtomType" spec="INT"><location loc="10.13--10.15"/></node><location loc="10.7--10.16"/><access depth="1" offset="-8" size="8"/></node><node label="VarDecl" lexeme="m"><node label="AtomType" spec="INT"><location loc="10.24--10.26"/></node><location loc="10.18--10.27"/><access depth="1" offset="-16" size="8"/></node><location loc="10.7--10.27"/></node><node label="Stmts"><node label="ExprStmt"><node label="FunName" lexeme="f"><node label="Args"><node label="AtomExpr" lexeme="2" spec="INT"><location loc="7.11--7.11"/><type label="INT"/><imc name="CONST" value="2"/></node><location loc="7.11--7.11"/></node><location loc="7.9--7.12"/><declaredAt location="13.1--28.2"/><type label="INT"/><imc name="CALL" value="_f"><imc name="CONST" value="0"/><imc name="CONST" value="2"/></imc></node><location loc="7.9--7.12"/><imc name="ESTMT"><imc name="CALL" value="_f"><imc name="CONST" value="0"/><imc name="CONST" value="2"/></imc></imc></node><location loc="7.9--7.12"/></node><node label="AtomExpr" lexeme="0" spec="INT"><location loc="8.9--8.9"/><type label="INT"/><imc name="CONST" value="0"/></node><location loc="7.9--10.27"/><type label="INT"/><imc name="SEXPR"><imc name="STMTS"><imc name="ESTMT"><imc name="CALL" value="_f"><imc name="CONST" value="0"/><imc name="CONST" value="2"/></imc></imc></imc><imc name="CONST" value="0"/></imc></node><location loc="5.1--11.6"/><frame FP="T6" RV="T7" argssize="16" depth="1" label="_main" locssize="16" size="48"/></node><node label="FunDef" lexeme="f"><node label="ParDecls"><node label="ParDecl" lexeme="x"><node label="AtomType" spec="INT"><location loc="13.11--13.13"/></node><location loc="13.7--13.13"/><access depth="1" offset="8" size="8"/></node><location loc="13.7--13.13"/></node><node label="AtomType" spec="INT"><location loc="13.18--13.20"/></node><node label="BlockExpr"><node label="Decls"><node label="FunDef" lexeme="g"><node label="ParDecls"><node label="ParDecl" lexeme="i"><node label="AtomType" spec="INT"><location loc="17.27--17.29"/></node><location loc="17.23--17.29"/><access depth="2" offset="8" size="8"/></node><location loc="17.23--17.29"/></node><node label="AtomType" spec="INT"><location loc="17.34--17.36"/></node><node label="BlockExpr"><node label="Decls"><location loc="0.0--0.0"/></node><node label="Stmts"><node label="ExprStmt"><node label="VarName" lexeme="x"><location loc="18.25--18.25"/><declaredAt location="13.7--13.13"/><imc name="MEM"><imc name="BINOP" value="ADD"><imc name="MEM"><imc name="TEMP" value="10"/></imc><imc name="CONST" value="8"/></imc></imc></node><location loc="18.25--18.25"/><imc name="ESTMT"><imc name="MEM"><imc name="BINOP" value="ADD"><imc name="MEM"><imc name="TEMP" value="10"/></imc><imc name="CONST" value="8"/></imc></imc></imc></node><node label="IfStmt"><node label="BinExpr" spec="EQU"><node label="VarName" lexeme="i"><location loc="20.28--20.28"/><declaredAt location="17.23--17.29"/><imc name="MEM"><imc name="BINOP" value="ADD"><imc name="TEMP" value="10"/><imc name="CONST" value="8"/></imc></imc></node><node label="AtomExpr" lexeme="1" spec="INT"><location loc="20.33--20.33"/><type label="INT"/><imc name="CONST" value="1"/></node><location loc="20.28--20.33"/><type label="BOOL"/><imc name="BINOP" value="EQU"><imc name="MEM"><imc name="BINOP" value="ADD"><imc name="TEMP" value="10"/><imc name="CONST" value="8"/></imc></imc><imc name="CONST" value="1"/></imc></node><node label="Stmts"><node label="ExprStmt"><node label="AtomExpr" lexeme="true" spec="BOOL"><location loc="21.33--21.36"/><type label="BOOL"/><imc name="CONST" value="1"/></node><location loc="21.33--21.36"/><imc name="ESTMT"><imc name="CONST" value="1"/></imc></node><location loc="21.33--21.36"/></node><node label="Stmts"><node label="ExprStmt"><node label="FunName" lexeme="g"><node label="Args"><node label="BinExpr" spec="ADD"><node label="VarName" lexeme="i"><location loc="23.35--23.35"/><declaredAt location="17.23--17.29"/><imc name="MEM"><imc name="BINOP" value="ADD"><imc name="TEMP" value="10"/><imc name="CONST" value="8"/></imc></imc></node><node label="AtomExpr" lexeme="1" spec="INT"><location loc="23.39--23.39"/><type label="INT"/><imc name="CONST" value="1"/></node><location loc="23.35--23.39"/><type label="INT"/><imc name="BINOP" value="ADD"><imc name="MEM"><imc name="BINOP" value="ADD"><imc name="TEMP" value="10"/><imc name="CONST" value="8"/></imc></imc><imc name="CONST" value="1"/></imc></node><location loc="23.35--23.39"/></node><location loc="23.33--23.40"/><declaredAt location="17.17--27.18"/><type label="INT"/><imc name="CALL" value="L0"><imc name="MEM"><imc name="TEMP" value="10"/></imc><imc name="BINOP" value="ADD"><imc name="MEM"><imc name="BINOP" value="ADD"><imc name="TEMP" value="10"/><imc name="CONST" value="8"/></imc></imc><imc name="CONST" value="1"/></imc></imc></node><location loc="23.33--23.40"/><imc name="ESTMT"><imc name="CALL" value="L0"><imc name="MEM"><imc name="TEMP" value="10"/></imc><imc name="BINOP" value="ADD"><imc name="MEM"><imc name="BINOP" value="ADD"><imc name="TEMP" value="10"/><imc name="CONST" value="8"/></imc></imc><imc name="CONST" value="1"/></imc></imc></imc></node><location loc="23.33--23.40"/></node><location loc="20.25--24.27"/><imc name="STMTS"><imc name="CJUMP" value="L1:L2"><imc name="BINOP" value="EQU"><imc name="MEM"><imc name="BINOP" value="ADD"><imc name="TEMP" value="10"/><imc name="CONST" value="8"/></imc></imc><imc name="CONST" value="1"/></imc></imc><imc name="LABEL" value="L1"/><imc name="STMTS"><imc name="ESTMT"><imc name="CONST" value="1"/></imc></imc><imc name="JUMP" value="L3"/><imc name="LABEL" value="L2"/><imc name="STMTS"><imc name="ESTMT"><imc name="CALL" value="L0"><imc name="MEM"><imc name="TEMP" value="10"/></imc><imc name="BINOP" value="ADD"><imc name="MEM"><imc name="BINOP" value="ADD"><imc name="TEMP" value="10"/><imc name="CONST" value="8"/></imc></imc><imc name="CONST" value="1"/></imc></imc></imc></imc><imc name="LABEL" value="L3"/></imc></node><location loc="18.25--24.27"/></node><node label="AtomExpr" lexeme="0" spec="INT"><location loc="26.27--26.27"/><type label="INT"/><imc name="CONST" value="0"/></node><location loc="18.25--26.27"/><type label="INT"/><imc name="SEXPR"><imc name="STMTS"><imc name="ESTMT"><imc name="MEM"><imc name="BINOP" value="ADD"><imc name="MEM"><imc name="TEMP" value="10"/></imc><imc name="CONST" value="8"/></imc></imc></imc><imc name="STMTS"><imc name="CJUMP" value="L1:L2"><imc name="BINOP" value="EQU"><imc name="MEM"><imc name="BINOP" value="ADD"><imc name="TEMP" value="10"/><imc name="CONST" value="8"/></imc></imc><imc name="CONST" value="1"/></imc></imc><imc name="LABEL" value="L1"/><imc name="STMTS"><imc name="ESTMT"><imc name="CONST" value="1"/></imc></imc><imc name="JUMP" value="L3"/><imc name="LABEL" value="L2"/><imc name="STMTS"><imc name="ESTMT"><imc name="CALL" value="L0"><imc name="MEM"><imc name="TEMP" value="10"/></imc><imc name="BINOP" value="ADD"><imc name="MEM"><imc name="BINOP" value="ADD"><imc name="TEMP" value="10"/><imc name="CONST" value="8"/></imc></imc><imc name="CONST" value="1"/></imc></imc></imc></imc><imc name="LABEL" value="L3"/></imc></imc><imc name="CONST" value="0"/></imc></node><location loc="17.17--27.18"/><frame FP="T10" RV="T11" argssize="16" depth="2" label="L0" locssize="0" size="32"/></node><location loc="17.17--27.18"/></node><node label="Stmts"><node label="ExprStmt"><node label="FunName" lexeme="g"><node label="Args"><node label="AtomExpr" lexeme="0" spec="INT"><location loc="14.11--14.11"/><type label="INT"/><imc name="CONST" value="0"/></node><location loc="14.11--14.11"/></node><location loc="14.9--14.12"/><declaredAt location="17.17--27.18"/><type label="INT"/><imc name="CALL" value="L0"><imc name="CONST" value="0"/><imc name="CONST" value="0"/></imc></node><location loc="14.9--14.12"/><imc name="ESTMT"><imc name="CALL" value="L0"><imc name="CONST" value="0"/><imc name="CONST" value="0"/></imc></imc></node><location loc="14.9--14.12"/></node><node label="AtomExpr" lexeme="0" spec="INT"><location loc="15.11--15.11"/><type label="INT"/><imc name="CONST" value="0"/></node><location loc="14.9--27.18"/><type label="INT"/><imc name="SEXPR"><imc name="STMTS"><imc name="ESTMT"><imc name="CALL" value="L0"><imc name="CONST" value="0"/><imc name="CONST" value="0"/></imc></imc></imc><imc name="CONST" value="0"/></imc></node><location loc="13.1--28.2"/><frame FP="T8" RV="T9" argssize="16" depth="1" label="_f" locssize="0" size="32"/></node><location loc="1.1--28.2"/></node><location loc="1.1--28.2"/></node></imcgen>