<?xml version="1.0" encoding="UTF-8" standalone="no"?><?xml-stylesheet type="text/xsl" href="../../data/imcgen.xsl"?><imcgen><node label="Source"><node label="Decls"><node label="FunDef" lexeme="x"><node label="ParDecls"><location loc="0.0--0.0"/></node><node label="AtomType" spec="CHAR"><location loc="1.11--1.14"/></node><node label="CastExpr"><node label="BinExpr" spec="ADD"><node label="BlockExpr"><node label="Decls"><node label="VarDecl" lexeme="a"><node label="AtomType" spec="CHAR"><location loc="5.23--5.26"/></node><location loc="5.15--5.27"/><access depth="1" offset="-8" size="8"/></node><node label="VarDecl" lexeme="b"><node label="ArrType"><node label="AtomExpr" lexeme="10" spec="INT"><location loc="5.41--5.42"/></node><node label="AtomType" spec="INT"><location loc="5.45--5.47"/></node><location loc="5.37--5.47"/><type label="ARR(10)" len="10"><type label="INT"/></type></node><location loc="5.29--5.48"/><access depth="1" offset="-88" size="80"/></node><location loc="5.15--5.48"/></node><node label="Stmts"><node label="ExprStmt"><node label="AtomExpr" lexeme="true" spec="BOOL"><location loc="2.9--2.12"/><type label="BOOL"/><imc name="CONST" value="1"/></node><location loc="2.9--2.12"/><imc name="ESTMT"><imc name="CONST" value="1"/></imc></node><location loc="2.9--2.12"/></node><node label="VarName" lexeme="a"><location loc="4.9--4.9"/><declaredAt location="5.15--5.27"/><imc name="MEM"><imc name="BINOP" value="ADD"><imc name="TEMP" value="0"/><imc name="CONST" value="-8"/></imc></imc></node><location loc="2.9--5.48"/><type label="CHAR"/><imc name="SEXPR"><imc name="STMTS"><imc name="ESTMT"><imc name="CONST" value="1"/></imc></imc><imc name="MEM"><imc name="BINOP" value="ADD"><imc name="TEMP" value="0"/><imc name="CONST" value="-8"/></imc></imc></imc></node><node label="BlockExpr"><node label="Decls"><location loc="0.0--0.0"/></node><node label="Stmts"><node label="ExprStmt"><node label="AtomExpr" lexeme="true" spec="BOOL"><location loc="6.6--6.9"/><type label="BOOL"/><imc name="CONST" value="1"/></node><location loc="6.6--6.9"/><imc name="ESTMT"><imc name="CONST" value="1"/></imc></node><location loc="6.6--6.9"/></node><node label="AtomExpr" lexeme="'c'" spec="CHAR"><location loc="6.14--6.16"/><type label="CHAR"/><imc name="CONST" value="99"/></node><location loc="6.6--6.16"/><type label="CHAR"/><imc name="SEXPR"><imc name="STMTS"><imc name="ESTMT"><imc name="CONST" value="1"/></imc></imc><imc name="CONST" value="99"/></imc></node><location loc="2.9--6.16"/><type label="INT"/><imc name="BINOP" value="ADD"><imc name="SEXPR"><imc name="STMTS"><imc name="ESTMT"><imc name="CONST" value="1"/></imc></imc><imc name="MEM"><imc name="BINOP" value="ADD"><imc name="TEMP" value="0"/><imc name="CONST" value="-8"/></imc></imc></imc><imc name="SEXPR"><imc name="STMTS"><imc name="ESTMT"><imc name="CONST" value="1"/></imc></imc><imc name="CONST" value="99"/></imc></imc></node><node label="AtomType" spec="CHAR"><location loc="6.21--6.24"/></node><location loc="6.19--6.25"/><type label="CHAR"/><imc name="BINOP" value="MOD"><imc name="BINOP" value="ADD"><imc name="SEXPR"><imc name="STMTS"><imc name="ESTMT"><imc name="CONST" value="1"/></imc></imc><imc name="MEM"><imc name="BINOP" value="ADD"><imc name="TEMP" value="0"/><imc name="CONST" value="-8"/></imc></imc></imc><imc name="SEXPR"><imc name="STMTS"><imc name="ESTMT"><imc name="CONST" value="1"/></imc></imc><imc name="CONST" value="99"/></imc></imc><imc name="CONST" value="256"/></imc></node><location loc="1.1--6.26"/><frame FP="T0" RV="T1" argssize="0" depth="1" label="_x" locssize="88" size="104"/></node><node label="FunDef" lexeme="g"><node label="ParDecls"><node label="ParDecl" lexeme="x"><node label="AtomType" spec="INT"><location loc="8.11--8.13"/></node><location loc="8.7--8.13"/><access depth="1" offset="8" size="8"/></node><node label="ParDecl" lexeme="y"><node label="AtomType" spec="INT"><location loc="8.20--8.22"/></node><location loc="8.16--8.22"/><access depth="1" offset="16" size="8"/></node><node label="ParDecl" lexeme="z"><node label="AtomType" spec="INT"><location loc="8.29--8.31"/></node><location loc="8.25--8.31"/><access depth="1" offset="24" size="8"/></node><node label="ParDecl" lexeme="w"><node label="PtrType"><node label="ArrType"><node label="AtomExpr" lexeme="10" spec="INT"><location loc="8.46--8.47"/></node><node label="AtomType" spec="INT"><location loc="8.50--8.52"/></node><location loc="8.42--8.52"/><type label="ARR(10)" len="10"><type label="INT"/></type></node><location loc="8.38--8.52"/><type label="PTR"><type label="ARR(10)" len="10"><type label="INT"/></type></type></node><location loc="8.34--8.52"/><access depth="1" offset="32" size="8"/></node><location loc="8.7--8.52"/></node><node label="PtrType"><node label="AtomType" spec="VOID"><location loc="8.61--8.64"/></node><location loc="8.57--8.64"/><type label="PTR"><type label="VOID"/></type></node><node label="BlockExpr"><node label="Decls"><location loc="0.0--0.0"/></node><node label="Stmts"><node label="ExprStmt"><node label="AtomExpr" lexeme="true" spec="BOOL"><location loc="9.9--9.12"/><type label="BOOL"/><imc name="CONST" value="1"/></node><location loc="9.9--9.12"/><imc name="ESTMT"><imc name="CONST" value="1"/></imc></node><location loc="9.9--9.12"/></node><node label="AtomExpr" lexeme="null" spec="PTR"><location loc="11.9--11.12"/><type label="PTR"><type label="VOID"/></type><imc name="CONST" value="0"/></node><location loc="9.9--11.12"/><type label="PTR"><type label="VOID"/></type><imc name="SEXPR"><imc name="STMTS"><imc name="ESTMT"><imc name="CONST" value="1"/></imc></imc><imc name="CONST" value="0"/></imc></node><location loc="8.1--12.2"/><frame FP="T2" RV="T3" argssize="0" depth="1" label="_g" locssize="0" size="16"/></node><node label="FunDecl" lexeme="op"><node label="ParDecls"><node label="ParDecl" lexeme="x"><node label="AtomType" spec="INT"><location loc="14.12--14.14"/></node><location loc="14.8--14.14"/><access depth="1" offset="8" size="8"/></node><location loc="14.8--14.14"/></node><node label="AtomType" spec="INT"><location loc="14.19--14.21"/></node><location loc="14.1--14.22"/></node><node label="TypDecl" lexeme="ll"><node label="AtomType" spec="INT"><location loc="16.10--16.12"/></node><location loc="16.1--16.13"/><type label="TYPE" name="ll"/></node><node label="TypDecl" lexeme="myrec"><node label="RecType"><node label="CompDecls"><node label="CompDecl" lexeme="x"><node label="AtomType" spec="INT"><location loc="17.21--17.23"/></node><location loc="17.17--17.23"/></node><node label="CompDecl" lexeme="y"><node label="TypeName" lexeme="ll"><location loc="17.30--17.31"/><declaredAt location="16.1--16.13"/></node><location loc="17.26--17.31"/></node><node label="CompDecl" lexeme="z"><node label="ArrType"><node label="AtomExpr" lexeme="10" spec="INT"><location loc="17.42--17.43"/></node><node label="TypeName" lexeme="ll"><location loc="17.46--17.47"/><declaredAt location="16.1--16.13"/></node><location loc="17.38--17.47"/><type label="ARR(10)" len="10"><type label="INT"/></type></node><location loc="17.34--17.47"/></node><location loc="17.17--17.47"/></node><location loc="17.13--17.48"/><type label="REC"><type label="INT"/><type label="INT"/><type label="ARR(10)" len="10"><type label="INT"/></type></type></node><location loc="17.1--17.49"/><type label="TYPE" name="myrec"/></node><node label="VarDecl" lexeme="global"><node label="TypeName" lexeme="myrec"><location loc="19.14--19.18"/><declaredAt location="17.1--17.49"/></node><location loc="19.1--19.19"/><access label="_global" size="96"/></node><node label="VarDecl" lexeme="ptt"><node label="PtrType"><node label="AtomType" spec="INT"><location loc="22.15--22.17"/></node><location loc="22.11--22.17"/><type label="PTR"><type label="INT"/></type></node><location loc="22.1--22.18"/><access label="_ptt" size="8"/></node><node label="FunDef" lexeme="h"><node label="ParDecls"><node label="ParDecl" lexeme="A"><node label="AtomType" spec="INT"><location loc="24.11--24.13"/></node><location loc="24.7--24.13"/><access depth="1" offset="8" size="8"/></node><node label="ParDecl" lexeme="B"><node label="AtomType" spec="INT"><location loc="24.20--24.22"/></node><location loc="24.16--24.22"/><access depth="1" offset="16" size="8"/></node><node label="ParDecl" lexeme="C"><node label="AtomType" spec="INT"><location loc="24.29--24.31"/></node><location loc="24.25--24.31"/><access depth="1" offset="24" size="8"/></node><location loc="24.7--24.31"/></node><node label="AtomType" spec="VOID"><location loc="24.36--24.39"/></node><node label="BlockExpr"><node label="Decls"><node label="VarDecl" lexeme="y"><node label="PtrType"><node label="ArrType"><node label="AtomExpr" lexeme="10" spec="INT"><location loc="61.33--61.34"/></node><node label="AtomType" spec="INT"><location loc="61.37--61.39"/></node><location loc="61.29--61.39"/><type label="ARR(10)" len="10"><type label="INT"/></type></node><location loc="61.25--61.39"/><type label="PTR"><type label="ARR(10)" len="10"><type label="INT"/></type></type></node><location loc="61.17--61.40"/><access depth="1" offset="-8" size="8"/></node><node label="FunDecl" lexeme="test"><node label="ParDecls"><node label="ParDecl" lexeme="x"><node label="AtomType" spec="INT"><location loc="63.30--63.32"/></node><location loc="63.26--63.32"/><access depth="2" offset="8" size="8"/></node><node label="ParDecl" lexeme="y"><node label="AtomType" spec="INT"><location loc="63.39--63.41"/></node><location loc="63.35--63.41"/><access depth="2" offset="16" size="8"/></node><node label="ParDecl" lexeme="z"><node label="AtomType" spec="INT"><location loc="63.48--63.50"/></node><location loc="63.44--63.50"/><access depth="2" offset="24" size="8"/></node><node label="ParDecl" lexeme="w"><node label="AtomType" spec="INT"><location loc="63.57--63.59"/></node><location loc="63.53--63.59"/><access depth="2" offset="32" size="8"/></node><node label="ParDecl" lexeme="a"><node label="AtomType" spec="INT"><location loc="63.66--63.68"/></node><location loc="63.62--63.68"/><access depth="2" offset="40" size="8"/></node><node label="ParDecl" lexeme="b"><node label="AtomType" spec="INT"><location loc="63.75--63.77"/></node><location loc="63.71--63.77"/><access depth="2" offset="48" size="8"/></node><node label="ParDecl" lexeme="c"><node label="AtomType" spec="INT"><location loc="63.84--63.86"/></node><location loc="63.80--63.86"/><access depth="2" offset="56" size="8"/></node><node label="ParDecl" lexeme="d"><node label="AtomType" spec="INT"><location loc="63.93--63.95"/></node><location loc="63.89--63.95"/><access depth="2" offset="64" size="8"/></node><location loc="63.26--63.95"/></node><node label="AtomType" spec="INT"><location loc="63.100--63.102"/></node><location loc="63.17--63.103"/></node><node label="FunDef" lexeme="op"><node label="ParDecls"><node label="ParDecl" lexeme="lj"><node label="AtomType" spec="INT"><location loc="65.29--65.31"/></node><location loc="65.24--65.31"/><access depth="2" offset="8" size="8"/></node><node label="ParDecl" lexeme="mw"><node label="AtomType" spec="INT"><location loc="65.39--65.41"/></node><location loc="65.34--65.41"/><access depth="2" offset="16" size="8"/></node><location loc="65.24--65.41"/></node><node label="AtomType" spec="INT"><location loc="65.46--65.48"/></node><node label="BlockExpr"><node label="Decls"><node label="VarDecl" lexeme="fx"><node label="AtomType" spec="INT"><location loc="69.40--69.42"/></node><location loc="69.31--69.43"/><access depth="2" offset="-8" size="8"/></node><node label="VarDecl" lexeme="sx"><node label="AtomType" spec="CHAR"><location loc="69.54--69.57"/></node><location loc="69.45--69.58"/><access depth="2" offset="-16" size="8"/></node><node label="FunDef" lexeme="fxx"><node label="ParDecls"><location loc="0.0--0.0"/></node><node label="AtomType" spec="INT"><location loc="69.72--69.74"/></node><node label="BlockExpr"><node label="Decls"><node label="VarDecl" lexeme="px"><node label="ArrType"><node label="AtomExpr" lexeme="10" spec="INT"><location loc="69.128--69.129"/></node><node label="AtomType" spec="INT"><location loc="69.132--69.134"/></node><location loc="69.124--69.134"/><type label="ARR(10)" len="10"><type label="INT"/></type></node><location loc="69.115--69.135"/><access depth="3" offset="-80" size="80"/></node><location loc="69.115--69.135"/></node><node label="Stmts"><node label="ExprStmt"><node label="AtomExpr" lexeme="true" spec="BOOL"><location loc="69.79--69.82"/><type label="BOOL"/><imc name="CONST" value="1"/></node><location loc="69.79--69.82"/><imc name="ESTMT"><imc name="CONST" value="1"/></imc></node><node label="AssignStmt"><node label="VarName" lexeme="stl"><location loc="69.85--69.87"/><declaredAt location="72.17--72.29"/><imc name="BINOP" value="ADD"><imc name="MEM"><imc name="MEM"><imc name="TEMP" value="12"/></imc></imc><imc name="CONST" value="-16"/></imc></node><node label="BinExpr" spec="ADD"><node label="VarName" lexeme="stl"><location loc="69.91--69.93"/><declaredAt location="72.17--72.29"/><imc name="MEM"><imc name="BINOP" value="ADD"><imc name="MEM"><imc name="MEM"><imc name="TEMP" value="12"/></imc></imc><imc name="CONST" value="-16"/></imc></imc></node><node label="AtomExpr" lexeme="1" spec="INT"><location loc="69.97--69.97"/><type label="INT"/><imc name="CONST" value="1"/></node><location loc="69.91--69.97"/><type label="INT"/><imc name="BINOP" value="ADD"><imc name="MEM"><imc name="BINOP" value="ADD"><imc name="MEM"><imc name="MEM"><imc name="TEMP" value="12"/></imc></imc><imc name="CONST" value="-16"/></imc></imc><imc name="CONST" value="1"/></imc></node><location loc="69.85--69.97"/><imc name="MOVE"><imc name="MEM"><imc name="BINOP" value="ADD"><imc name="MEM"><imc name="MEM"><imc name="TEMP" value="12"/></imc></imc><imc name="CONST" value="-16"/></imc></imc><imc name="BINOP" value="ADD"><imc name="MEM"><imc name="BINOP" value="ADD"><imc name="MEM"><imc name="MEM"><imc name="TEMP" value="12"/></imc></imc><imc name="CONST" value="-16"/></imc></imc><imc name="CONST" value="1"/></imc></imc></node><location loc="69.79--69.97"/></node><node label="ArrExpr"><node label="VarName" lexeme="px"><location loc="69.102--69.103"/><declaredAt location="69.115--69.135"/><imc name="BINOP" value="ADD"><imc name="TEMP" value="12"/><imc name="CONST" value="-80"/></imc></node><node label="AtomExpr" lexeme="17" spec="INT"><location loc="69.105--69.106"/><type label="INT"/><imc name="CONST" value="17"/></node><location loc="69.102--69.107"/><type label="INT"/><addr/><imc name="MEM"><imc name="BINOP" value="ADD"><imc name="BINOP" value="ADD"><imc name="TEMP" value="12"/><imc name="CONST" value="-80"/></imc><imc name="BINOP" value="MUL"><imc name="CONST" value="17"/><imc name="CONST" value="8"/></imc></imc></imc></node><location loc="69.79--69.135"/><type label="INT"/><imc name="SEXPR"><imc name="STMTS"><imc name="ESTMT"><imc name="CONST" value="1"/></imc><imc name="MOVE"><imc name="MEM"><imc name="BINOP" value="ADD"><imc name="MEM"><imc name="MEM"><imc name="TEMP" value="12"/></imc></imc><imc name="CONST" value="-16"/></imc></imc><imc name="BINOP" value="ADD"><imc name="MEM"><imc name="BINOP" value="ADD"><imc name="MEM"><imc name="MEM"><imc name="TEMP" value="12"/></imc></imc><imc name="CONST" value="-16"/></imc></imc><imc name="CONST" value="1"/></imc></imc></imc><imc name="MEM"><imc name="BINOP" value="ADD"><imc name="BINOP" value="ADD"><imc name="TEMP" value="12"/><imc name="CONST" value="-80"/></imc><imc name="BINOP" value="MUL"><imc name="CONST" value="17"/><imc name="CONST" value="8"/></imc></imc></imc></imc></node><location loc="69.60--69.137"/><frame FP="T12" RV="T13" argssize="0" depth="3" label="L1" locssize="80" size="96"/></node><node label="FunDef" lexeme="crazy"><node label="ParDecls"><node label="ParDecl" lexeme="x"><node label="AtomType" spec="INT"><location loc="69.153--69.155"/></node><location loc="69.149--69.155"/><access depth="3" offset="8" size="8"/></node><location loc="69.149--69.155"/></node><node label="AtomType" spec="BOOL"><location loc="69.160--69.163"/></node><node label="AtomExpr" lexeme="true" spec="BOOL"><location loc="69.167--69.170"/><type label="BOOL"/><imc name="CONST" value="1"/></node><location loc="69.139--69.171"/><frame FP="T14" RV="T15" argssize="0" depth="3" label="L2" locssize="0" size="16"/></node><location loc="69.31--69.171"/></node><node label="Stmts"><node label="ExprStmt"><node label="FunName" lexeme="h"><node label="Args"><node label="AtomExpr" lexeme="1" spec="INT"><location loc="66.27--66.27"/><type label="INT"/><imc name="CONST" value="1"/></node><node label="RecExpr"><node label="VarName" lexeme="global"><location loc="66.30--66.35"/><declaredAt location="19.1--19.19"/><imc name="NAME" value="_global"/></node><node label="VarName" lexeme="y"><location loc="66.37--66.37"/><declaredAt location="17.26--17.31"/></node><location loc="66.30--66.37"/><type label="INT"/><addr/><imc name="MEM"><imc name="BINOP" value="ADD"><imc name="NAME" value="_global"/><imc name="CONST" value="8"/></imc></imc></node><node label="AtomExpr" lexeme="1" spec="INT"><location loc="66.40--66.40"/><type label="INT"/><imc name="CONST" value="1"/></node><location loc="66.27--66.40"/></node><location loc="66.25--66.41"/><declaredAt location="24.1--85.2"/><type label="VOID"/><imc name="CALL" value="_h"><imc name="CONST" value="0"/><imc name="CONST" value="1"/><imc name="MEM"><imc name="BINOP" value="ADD"><imc name="NAME" value="_global"/><imc name="CONST" value="8"/></imc></imc><imc name="CONST" value="1"/></imc></node><location loc="66.25--66.41"/><imc name="ESTMT"><imc name="CALL" value="_h"><imc name="CONST" value="0"/><imc name="CONST" value="1"/><imc name="MEM"><imc name="BINOP" value="ADD"><imc name="NAME" value="_global"/><imc name="CONST" value="8"/></imc></imc><imc name="CONST" value="1"/></imc></imc></node><location loc="66.25--66.41"/></node><node label="VarName" lexeme="fx"><location loc="68.25--68.26"/><declaredAt location="69.31--69.43"/><imc name="MEM"><imc name="BINOP" value="ADD"><imc name="TEMP" value="10"/><imc name="CONST" value="-8"/></imc></imc></node><location loc="66.25--69.171"/><type label="INT"/><imc name="SEXPR"><imc name="STMTS"><imc name="ESTMT"><imc name="CALL" value="_h"><imc name="CONST" value="0"/><imc name="CONST" value="1"/><imc name="MEM"><imc name="BINOP" value="ADD"><imc name="NAME" value="_global"/><imc name="CONST" value="8"/></imc></imc><imc name="CONST" value="1"/></imc></imc></imc><imc name="MEM"><imc name="BINOP" value="ADD"><imc name="TEMP" value="10"/><imc name="CONST" value="-8"/></imc></imc></imc></node><location loc="65.17--70.18"/><frame FP="T10" RV="T11" argssize="32" depth="2" label="L0" locssize="16" size="64"/></node><node label="VarDecl" lexeme="stl"><node label="TypeName" lexeme="ll"><location loc="72.27--72.28"/><declaredAt location="16.1--16.13"/></node><location loc="72.17--72.29"/><access depth="1" offset="-16" size="8"/></node><node label="VarDecl" lexeme="pt"><node label="TypeName" lexeme="myrec"><location loc="73.26--73.30"/><declaredAt location="17.1--17.49"/></node><location loc="73.17--73.31"/><access depth="1" offset="-112" size="96"/></node><node label="VarDecl" lexeme="ptrx"><node label="PtrType"><node label="TypeName" lexeme="myrec"><location loc="74.32--74.36"/><declaredAt location="17.1--17.49"/></node><location loc="74.28--74.36"/><type label="PTR"><type label="REC"><type label="INT"/><type label="INT"/><type label="ARR(10)" len="10"><type label="INT"/></type></type></type></node><location loc="74.17--74.37"/><access depth="1" offset="-120" size="8"/></node><node label="VarDecl" lexeme="str"><node label="TypeName" lexeme="ll"><location loc="75.27--75.28"/><declaredAt location="16.1--16.13"/></node><location loc="75.17--75.29"/><access depth="1" offset="-128" size="8"/></node><node label="FunDef" lexeme="crazy"><node label="ParDecls"><node label="ParDecl" lexeme="x"><node label="AtomType" spec="INT"><location loc="77.31--77.33"/></node><location loc="77.27--77.33"/><access depth="2" offset="8" size="8"/></node><location loc="77.27--77.33"/></node><node label="AtomType" spec="BOOL"><location loc="77.38--77.41"/></node><node label="BlockExpr"><node label="Decls"><node label="VarDecl" lexeme="nmb"><node label="AtomType" spec="INT"><location loc="83.41--83.43"/></node><location loc="83.31--83.44"/><access depth="2" offset="-8" size="8"/></node><node label="VarDecl" lexeme="xx"><node label="AtomType" spec="BOOL"><location loc="83.55--83.58"/></node><location loc="83.46--83.59"/><access depth="2" offset="-16" size="8"/></node><location loc="83.31--83.59"/></node><node label="Stmts"><node label="ExprStmt"><node label="FunName" lexeme="op"><node label="Args"><node label="VarName" lexeme="nmb"><location loc="78.28--78.30"/><declaredAt location="83.31--83.44"/><type label="INT"/><imc name="MEM"><imc name="BINOP" value="ADD"><imc name="TEMP" value="16"/><imc name="CONST" value="-8"/></imc></imc></node><node label="FunName" lexeme="op"><node label="Args"><node label="AtomExpr" lexeme="1" spec="INT"><location loc="78.36--78.36"/><type label="INT"/><imc name="CONST" value="1"/></node><node label="AtomExpr" lexeme="1" spec="INT"><location loc="78.39--78.39"/><type label="INT"/><imc name="CONST" value="1"/></node><location loc="78.36--78.39"/></node><location loc="78.33--78.40"/><declaredAt location="65.17--70.18"/><type label="INT"/><imc name="CALL" value="L0"><imc name="MEM"><imc name="TEMP" value="16"/></imc><imc name="CONST" value="1"/><imc name="CONST" value="1"/></imc></node><location loc="78.28--78.40"/></node><location loc="78.25--78.41"/><declaredAt location="65.17--70.18"/><type label="INT"/><imc name="CALL" value="L0"><imc name="MEM"><imc name="TEMP" value="16"/></imc><imc name="MEM"><imc name="BINOP" value="ADD"><imc name="TEMP" value="16"/><imc name="CONST" value="-8"/></imc></imc><imc name="CALL" value="L0"><imc name="MEM"><imc name="TEMP" value="16"/></imc><imc name="CONST" value="1"/><imc name="CONST" value="1"/></imc></imc></node><location loc="78.25--78.41"/><imc name="ESTMT"><imc name="CALL" value="L0"><imc name="MEM"><imc name="TEMP" value="16"/></imc><imc name="MEM"><imc name="BINOP" value="ADD"><imc name="TEMP" value="16"/><imc name="CONST" value="-8"/></imc></imc><imc name="CALL" value="L0"><imc name="MEM"><imc name="TEMP" value="16"/></imc><imc name="CONST" value="1"/><imc name="CONST" value="1"/></imc></imc></imc></node><node label="ExprStmt"><node label="VarName" lexeme="A"><location loc="79.25--79.25"/><declaredAt location="24.7--24.13"/><imc name="MEM"><imc name="BINOP" value="ADD"><imc name="MEM"><imc name="TEMP" value="16"/></imc><imc name="CONST" value="8"/></imc></imc></node><location loc="79.25--79.25"/><imc name="ESTMT"><imc name="MEM"><imc name="BINOP" value="ADD"><imc name="MEM"><imc name="TEMP" value="16"/></imc><imc name="CONST" value="8"/></imc></imc></imc></node><node label="ExprStmt"><node label="VarName" lexeme="x"><location loc="80.25--80.25"/><declaredAt location="77.27--77.33"/><imc name="MEM"><imc name="BINOP" value="ADD"><imc name="TEMP" value="16"/><imc name="CONST" value="8"/></imc></imc></node><location loc="80.25--80.25"/><imc name="ESTMT"><imc name="MEM"><imc name="BINOP" value="ADD"><imc name="TEMP" value="16"/><imc name="CONST" value="8"/></imc></imc></imc></node><location loc="78.25--80.25"/></node><node label="UnExpr" spec="NOT"><node label="UnExpr" spec="NOT"><node label="AtomExpr" lexeme="true" spec="BOOL"><location loc="82.27--82.30"/><type label="BOOL"/><imc name="CONST" value="1"/></node><location loc="82.26--82.30"/><type label="BOOL"/><imc name="UNOP" value="NOT"><imc name="CONST" value="1"/></imc></node><location loc="82.25--82.30"/><type label="BOOL"/><imc name="UNOP" value="NOT"><imc name="UNOP" value="NOT"><imc name="CONST" value="1"/></imc></imc></node><location loc="78.25--83.59"/><type label="BOOL"/><imc name="SEXPR"><imc name="STMTS"><imc name="ESTMT"><imc name="CALL" value="L0"><imc name="MEM"><imc name="TEMP" value="16"/></imc><imc name="MEM"><imc name="BINOP" value="ADD"><imc name="TEMP" value="16"/><imc name="CONST" value="-8"/></imc></imc><imc name="CALL" value="L0"><imc name="MEM"><imc name="TEMP" value="16"/></imc><imc name="CONST" value="1"/><imc name="CONST" value="1"/></imc></imc></imc><imc name="ESTMT"><imc name="MEM"><imc name="BINOP" value="ADD"><imc name="MEM"><imc name="TEMP" value="16"/></imc><imc name="CONST" value="8"/></imc></imc></imc><imc name="ESTMT"><imc name="MEM"><imc name="BINOP" value="ADD"><imc name="TEMP" value="16"/><imc name="CONST" value="8"/></imc></imc></imc></imc><imc name="UNOP" value="NOT"><imc name="UNOP" value="NOT"><imc name="CONST" value="1"/></imc></imc></imc></node><location loc="77.17--84.18"/><frame FP="T16" RV="T17" argssize="24" depth="2" label="L3" locssize="16" size="56"/></node><location loc="61.17--84.18"/></node><node label="Stmts"><node label="ExprStmt"><node label="FunName" lexeme="x"><node label="Args"><location loc="0.0--0.0"/></node><location loc="25.9--25.11"/><declaredAt location="1.1--6.26"/><type label="CHAR"/><imc name="CALL" value="_x"><imc name="CONST" value="0"/></imc></node><location loc="25.9--25.11"/><imc name="ESTMT"><imc name="CALL" value="_x"><imc name="CONST" value="0"/></imc></imc></node><node label="AssignStmt"><node label="VarName" lexeme="stl"><location loc="26.9--26.11"/><declaredAt location="72.17--72.29"/><imc name="BINOP" value="ADD"><imc name="TEMP" value="6"/><imc name="CONST" value="-16"/></imc></node><node label="BinExpr" spec="ADD"><node label="UnExpr" spec="DATA"><node label="VarName" lexeme="ptt"><location loc="26.16--26.18"/><declaredAt location="22.1--22.18"/><type label="PTR"><type label="INT"/></type><imc name="MEM"><imc name="NAME" value="_ptt"/></imc></node><location loc="26.15--26.18"/><type label="INT"/><addr/><imc name="MEM"><imc name="MEM"><imc name="NAME" value="_ptt"/></imc></imc></node><node label="AtomExpr" lexeme="3" spec="INT"><location loc="26.22--26.22"/><type label="INT"/><imc name="CONST" value="3"/></node><location loc="26.15--26.22"/><type label="INT"/><imc name="BINOP" value="ADD"><imc name="MEM"><imc name="MEM"><imc name="NAME" value="_ptt"/></imc></imc><imc name="CONST" value="3"/></imc></node><location loc="26.9--26.22"/><imc name="MOVE"><imc name="MEM"><imc name="BINOP" value="ADD"><imc name="TEMP" value="6"/><imc name="CONST" value="-16"/></imc></imc><imc name="BINOP" value="ADD"><imc name="MEM"><imc name="MEM"><imc name="NAME" value="_ptt"/></imc></imc><imc name="CONST" value="3"/></imc></imc></node><node label="ExprStmt"><node label="FunName" lexeme="op"><node label="Args"><node label="BinExpr" spec="ADD"><node label="AtomExpr" lexeme="3" spec="INT"><location loc="27.12--27.12"/><type label="INT"/><imc name="CONST" value="3"/></node><node label="AtomExpr" lexeme="7" spec="INT"><location loc="27.16--27.16"/><type label="INT"/><imc name="CONST" value="7"/></node><location loc="27.12--27.16"/><type label="INT"/><imc name="BINOP" value="ADD"><imc name="CONST" value="3"/><imc name="CONST" value="7"/></imc></node><node label="AtomExpr" lexeme="3" spec="INT"><location loc="27.19--27.19"/><type label="INT"/><imc name="CONST" value="3"/></node><location loc="27.12--27.19"/></node><location loc="27.9--27.20"/><declaredAt location="65.17--70.18"/><type label="INT"/><imc name="CALL" value="L0"><imc name="TEMP" value="6"/><imc name="BINOP" value="ADD"><imc name="CONST" value="3"/><imc name="CONST" value="7"/></imc><imc name="CONST" value="3"/></imc></node><location loc="27.9--27.20"/><imc name="ESTMT"><imc name="CALL" value="L0"><imc name="TEMP" value="6"/><imc name="BINOP" value="ADD"><imc name="CONST" value="3"/><imc name="CONST" value="7"/></imc><imc name="CONST" value="3"/></imc></imc></node><node label="ExprStmt"><node label="FunName" lexeme="g"><node label="Args"><node label="AtomExpr" lexeme="1" spec="INT"><location loc="28.11--28.11"/><type label="INT"/><imc name="CONST" value="1"/></node><node label="CastExpr"><node label="CastExpr"><node label="FunName" lexeme="op"><node label="Args"><node label="CastExpr"><node label="FunName" lexeme="x"><node label="Args"><location loc="0.0--0.0"/></node><location loc="28.20--28.22"/><declaredAt location="1.1--6.26"/><type label="CHAR"/><imc name="CALL" value="_x"><imc name="CONST" value="0"/></imc></node><node label="AtomType" spec="INT"><location loc="28.26--28.28"/></node><location loc="28.24--28.29"/><type label="INT"/><imc name="CALL" value="_x"><imc name="CONST" value="0"/></imc></node><node label="AtomExpr" lexeme="1" spec="INT"><location loc="28.32--28.32"/><type label="INT"/><imc name="CONST" value="1"/></node><location loc="28.24--28.32"/></node><location loc="28.16--28.33"/><declaredAt location="65.17--70.18"/><type label="INT"/><imc name="CALL" value="L0"><imc name="TEMP" value="6"/><imc name="CALL" value="_x"><imc name="CONST" value="0"/></imc><imc name="CONST" value="1"/></imc></node><node label="AtomType" spec="CHAR"><location loc="28.37--28.40"/></node><location loc="28.35--28.41"/><type label="CHAR"/><imc name="BINOP" value="MOD"><imc name="CALL" value="L0"><imc name="TEMP" value="6"/><imc name="CALL" value="_x"><imc name="CONST" value="0"/></imc><imc name="CONST" value="1"/></imc><imc name="CONST" value="256"/></imc></node><node label="AtomType" spec="INT"><location loc="28.45--28.47"/></node><location loc="28.43--28.48"/><type label="INT"/><imc name="BINOP" value="MOD"><imc name="CALL" value="L0"><imc name="TEMP" value="6"/><imc name="CALL" value="_x"><imc name="CONST" value="0"/></imc><imc name="CONST" value="1"/></imc><imc name="CONST" value="256"/></imc></node><node label="AtomExpr" lexeme="1" spec="INT"><location loc="28.51--28.51"/><type label="INT"/><imc name="CONST" value="1"/></node><node label="VarName" lexeme="y"><location loc="28.54--28.54"/><declaredAt location="61.17--61.40"/><type label="PTR"><type label="ARR(10)" len="10"><type label="INT"/></type></type><imc name="MEM"><imc name="BINOP" value="ADD"><imc name="TEMP" value="6"/><imc name="CONST" value="-8"/></imc></imc></node><location loc="28.11--28.54"/></node><location loc="28.9--28.55"/><declaredAt location="8.1--12.2"/><type label="PTR"><type label="VOID"/></type><imc name="CALL" value="_g"><imc name="CONST" value="0"/><imc name="CONST" value="1"/><imc name="BINOP" value="MOD"><imc name="CALL" value="L0"><imc name="TEMP" value="6"/><imc name="CALL" value="_x"><imc name="CONST" value="0"/></imc><imc name="CONST" value="1"/></imc><imc name="CONST" value="256"/></imc><imc name="CONST" value="1"/><imc name="MEM"><imc name="BINOP" value="ADD"><imc name="TEMP" value="6"/><imc name="CONST" value="-8"/></imc></imc></imc></node><location loc="28.9--28.55"/><imc name="ESTMT"><imc name="CALL" value="_g"><imc name="CONST" value="0"/><imc name="CONST" value="1"/><imc name="BINOP" value="MOD"><imc name="CALL" value="L0"><imc name="TEMP" value="6"/><imc name="CALL" value="_x"><imc name="CONST" value="0"/></imc><imc name="CONST" value="1"/></imc><imc name="CONST" value="256"/></imc><imc name="CONST" value="1"/><imc name="MEM"><imc name="BINOP" value="ADD"><imc name="TEMP" value="6"/><imc name="CONST" value="-8"/></imc></imc></imc></imc></node><node label="ExprStmt"><node label="FunName" lexeme="h"><node label="Args"><node label="AtomExpr" lexeme="1" spec="INT"><location loc="29.11--29.11"/><type label="INT"/><imc name="CONST" value="1"/></node><node label="AtomExpr" lexeme="1" spec="INT"><location loc="29.14--29.14"/><type label="INT"/><imc name="CONST" value="1"/></node><node label="AtomExpr" lexeme="1" spec="INT"><location loc="29.17--29.17"/><type label="INT"/><imc name="CONST" value="1"/></node><location loc="29.11--29.17"/></node><location loc="29.9--29.18"/><declaredAt location="24.1--85.2"/><type label="VOID"/><imc name="CALL" value="_h"><imc name="CONST" value="0"/><imc name="CONST" value="1"/><imc name="CONST" value="1"/><imc name="CONST" value="1"/></imc></node><location loc="29.9--29.18"/><imc name="ESTMT"><imc name="CALL" value="_h"><imc name="CONST" value="0"/><imc name="CONST" value="1"/><imc name="CONST" value="1"/><imc name="CONST" value="1"/></imc></imc></node><node label="ExprStmt"><node label="FunName" lexeme="x"><node label="Args"><location loc="0.0--0.0"/></node><location loc="30.9--30.11"/><declaredAt location="1.1--6.26"/><type label="CHAR"/><imc name="CALL" value="_x"><imc name="CONST" value="0"/></imc></node><location loc="30.9--30.11"/><imc name="ESTMT"><imc name="CALL" value="_x"><imc name="CONST" value="0"/></imc></imc></node><node label="ExprStmt"><node label="FunName" lexeme="op"><node label="Args"><node label="AtomExpr" lexeme="17" spec="INT"><location loc="31.12--31.13"/><type label="INT"/><imc name="CONST" value="17"/></node><node label="AtomExpr" lexeme="17" spec="INT"><location loc="31.16--31.17"/><type label="INT"/><imc name="CONST" value="17"/></node><location loc="31.12--31.17"/></node><location loc="31.9--31.18"/><declaredAt location="65.17--70.18"/><type label="INT"/><imc name="CALL" value="L0"><imc name="TEMP" value="6"/><imc name="CONST" value="17"/><imc name="CONST" value="17"/></imc></node><location loc="31.9--31.18"/><imc name="ESTMT"><imc name="CALL" value="L0"><imc name="TEMP" value="6"/><imc name="CONST" value="17"/><imc name="CONST" value="17"/></imc></imc></node><node label="ExprStmt"><node label="FunName" lexeme="test"><node label="Args"><node label="ArrExpr"><node label="RecExpr"><node label="VarName" lexeme="global"><location loc="32.14--32.19"/><declaredAt location="19.1--19.19"/><imc name="NAME" value="_global"/></node><node label="VarName" lexeme="z"><location loc="32.21--32.21"/><declaredAt location="17.34--17.47"/></node><location loc="32.14--32.21"/><type label="ARR(10)" len="10"><type label="INT"/></type><addr/><imc name="BINOP" value="ADD"><imc name="NAME" value="_global"/><imc name="CONST" value="16"/></imc></node><node label="AtomExpr" lexeme="3" spec="INT"><location loc="32.23--32.23"/><type label="INT"/><imc name="CONST" value="3"/></node><location loc="32.14--32.24"/><type label="INT"/><addr/><imc name="MEM"><imc name="BINOP" value="ADD"><imc name="BINOP" value="ADD"><imc name="NAME" value="_global"/><imc name="CONST" value="16"/></imc><imc name="BINOP" value="MUL"><imc name="CONST" value="3"/><imc name="CONST" value="8"/></imc></imc></imc></node><node label="RecExpr"><node label="VarName" lexeme="pt"><location loc="32.27--32.28"/><declaredAt location="73.17--73.31"/><imc name="BINOP" value="ADD"><imc name="TEMP" value="6"/><imc name="CONST" value="-112"/></imc></node><node label="VarName" lexeme="x"><location loc="32.30--32.30"/><declaredAt location="17.17--17.23"/></node><location loc="32.27--32.30"/><type label="INT"/><addr/><imc name="MEM"><imc name="BINOP" value="ADD"><imc name="BINOP" value="ADD"><imc name="TEMP" value="6"/><imc name="CONST" value="-112"/></imc><imc name="CONST" value="0"/></imc></imc></node><node label="RecExpr"><node label="VarName" lexeme="pt"><location loc="32.33--32.34"/><declaredAt location="73.17--73.31"/><imc name="BINOP" value="ADD"><imc name="TEMP" value="6"/><imc name="CONST" value="-112"/></imc></node><node label="VarName" lexeme="y"><location loc="32.36--32.36"/><declaredAt location="17.26--17.31"/></node><location loc="32.33--32.36"/><type label="INT"/><addr/><imc name="MEM"><imc name="BINOP" value="ADD"><imc name="BINOP" value="ADD"><imc name="TEMP" value="6"/><imc name="CONST" value="-112"/></imc><imc name="CONST" value="8"/></imc></imc></node><node label="UnExpr" spec="SUB"><node label="AtomExpr" lexeme="1" spec="INT"><location loc="32.40--32.40"/><type label="INT"/><imc name="CONST" value="1"/></node><location loc="32.39--32.40"/><type label="INT"/><imc name="UNOP" value="NEG"><imc name="CONST" value="1"/></imc></node><node label="AtomExpr" lexeme="17" spec="INT"><location loc="32.43--32.44"/><type label="INT"/><imc name="CONST" value="17"/></node><node label="AtomExpr" lexeme="5" spec="INT"><location loc="32.47--32.47"/><type label="INT"/><imc name="CONST" value="5"/></node><node label="AtomExpr" lexeme="6" spec="INT"><location loc="32.50--32.50"/><type label="INT"/><imc name="CONST" value="6"/></node><node label="UnExpr" spec="DATA"><node label="VarName" lexeme="ptt"><location loc="32.54--32.56"/><declaredAt location="22.1--22.18"/><type label="PTR"><type label="INT"/></type><imc name="MEM"><imc name="NAME" value="_ptt"/></imc></node><location loc="32.53--32.56"/><type label="INT"/><addr/><imc name="MEM"><imc name="MEM"><imc name="NAME" value="_ptt"/></imc></imc></node><location loc="32.14--32.56"/></node><location loc="32.9--32.57"/><declaredAt location="63.17--63.103"/><type label="INT"/><imc name="CALL" value="_test"><imc name="TEMP" value="6"/><imc name="MEM"><imc name="BINOP" value="ADD"><imc name="BINOP" value="ADD"><imc name="NAME" value="_global"/><imc name="CONST" value="16"/></imc><imc name="BINOP" value="MUL"><imc name="CONST" value="3"/><imc name="CONST" value="8"/></imc></imc></imc><imc name="MEM"><imc name="BINOP" value="ADD"><imc name="BINOP" value="ADD"><imc name="TEMP" value="6"/><imc name="CONST" value="-112"/></imc><imc name="CONST" value="0"/></imc></imc><imc name="MEM"><imc name="BINOP" value="ADD"><imc name="BINOP" value="ADD"><imc name="TEMP" value="6"/><imc name="CONST" value="-112"/></imc><imc name="CONST" value="8"/></imc></imc><imc name="UNOP" value="NEG"><imc name="CONST" value="1"/></imc><imc name="CONST" value="17"/><imc name="CONST" value="5"/><imc name="CONST" value="6"/><imc name="MEM"><imc name="MEM"><imc name="NAME" value="_ptt"/></imc></imc></imc></node><location loc="32.9--32.57"/><imc name="ESTMT"><imc name="CALL" value="_test"><imc name="TEMP" value="6"/><imc name="MEM"><imc name="BINOP" value="ADD"><imc name="BINOP" value="ADD"><imc name="NAME" value="_global"/><imc name="CONST" value="16"/></imc><imc name="BINOP" value="MUL"><imc name="CONST" value="3"/><imc name="CONST" value="8"/></imc></imc></imc><imc name="MEM"><imc name="BINOP" value="ADD"><imc name="BINOP" value="ADD"><imc name="TEMP" value="6"/><imc name="CONST" value="-112"/></imc><imc name="CONST" value="0"/></imc></imc><imc name="MEM"><imc name="BINOP" value="ADD"><imc name="BINOP" value="ADD"><imc name="TEMP" value="6"/><imc name="CONST" value="-112"/></imc><imc name="CONST" value="8"/></imc></imc><imc name="UNOP" value="NEG"><imc name="CONST" value="1"/></imc><imc name="CONST" value="17"/><imc name="CONST" value="5"/><imc name="CONST" value="6"/><imc name="MEM"><imc name="MEM"><imc name="NAME" value="_ptt"/></imc></imc></imc></imc></node><node label="ExprStmt"><node label="UnExpr" spec="ADDR"><node label="VarName" lexeme="str"><location loc="33.10--33.12"/><declaredAt location="75.17--75.29"/><imc name="BINOP" value="ADD"><imc name="TEMP" value="6"/><imc name="CONST" value="-128"/></imc></node><location loc="33.9--33.12"/><type label="PTR"><type label="INT"/></type><imc name="BINOP" value="ADD"><imc name="TEMP" value="6"/><imc name="CONST" value="-128"/></imc></node><location loc="33.9--33.12"/><imc name="ESTMT"><imc name="BINOP" value="ADD"><imc name="TEMP" value="6"/><imc name="CONST" value="-128"/></imc></imc></node><node label="ExprStmt"><node label="AtomExpr" lexeme="'c'" spec="CHAR"><location loc="34.9--34.11"/><type label="CHAR"/><imc name="CONST" value="99"/></node><location loc="34.9--34.11"/><imc name="ESTMT"><imc name="CONST" value="99"/></imc></node><node label="IfStmt"><node label="BinExpr" spec="GTH"><node label="FunName" lexeme="x"><node label="Args"><location loc="0.0--0.0"/></node><location loc="35.12--35.14"/><declaredAt location="1.1--6.26"/><type label="CHAR"/><imc name="CALL" value="_x"><imc name="CONST" value="0"/></imc></node><node label="AtomExpr" lexeme="'2'" spec="CHAR"><location loc="35.18--35.20"/><type label="CHAR"/><imc name="CONST" value="50"/></node><location loc="35.12--35.20"/><type label="BOOL"/><imc name="BINOP" value="GTH"><imc name="CALL" value="_x"><imc name="CONST" value="0"/></imc><imc name="CONST" value="50"/></imc></node><node label="Stmts"><node label="AssignStmt"><node label="RecExpr"><node label="VarName" lexeme="global"><location loc="36.17--36.22"/><declaredAt location="19.1--19.19"/><imc name="NAME" value="_global"/></node><node label="VarName" lexeme="x"><location loc="36.24--36.24"/><declaredAt location="17.17--17.23"/></node><location loc="36.17--36.24"/><type label="INT"/><addr/><imc name="BINOP" value="ADD"><imc name="NAME" value="_global"/><imc name="CONST" value="0"/></imc></node><node label="CastExpr"><node label="AtomExpr" lexeme="'2'" spec="CHAR"><location loc="36.29--36.31"/><type label="CHAR"/><imc name="CONST" value="50"/></node><node label="AtomType" spec="INT"><location loc="36.35--36.37"/></node><location loc="36.33--36.38"/><type label="INT"/><imc name="CONST" value="50"/></node><location loc="36.17--36.38"/><imc name="MOVE"><imc name="MEM"><imc name="BINOP" value="ADD"><imc name="NAME" value="_global"/><imc name="CONST" value="0"/></imc></imc><imc name="CONST" value="50"/></imc></node><node label="AssignStmt"><node label="RecExpr"><node label="VarName" lexeme="global"><location loc="37.17--37.22"/><declaredAt location="19.1--19.19"/><imc name="NAME" value="_global"/></node><node label="VarName" lexeme="y"><location loc="37.24--37.24"/><declaredAt location="17.26--17.31"/></node><location loc="37.17--37.24"/><type label="INT"/><addr/><imc name="BINOP" value="ADD"><imc name="NAME" value="_global"/><imc name="CONST" value="8"/></imc></node><node label="BinExpr" spec="ADD"><node label="AtomExpr" lexeme="3" spec="INT"><location loc="37.28--37.28"/><type label="INT"/><imc name="CONST" value="3"/></node><node label="BlockExpr"><node label="Decls"><location loc="0.0--0.0"/></node><node label="Stmts"><node label="AssignStmt"><node label="RecExpr"><node label="VarName" lexeme="global"><location loc="37.33--37.38"/><declaredAt location="19.1--19.19"/><imc name="NAME" value="_global"/></node><node label="VarName" lexeme="x"><location loc="37.40--37.40"/><declaredAt location="17.17--17.23"/></node><location loc="37.33--37.40"/><type label="INT"/><addr/><imc name="BINOP" value="ADD"><imc name="NAME" value="_global"/><imc name="CONST" value="0"/></imc></node><node label="AtomExpr" lexeme="3" spec="INT"><location loc="37.44--37.44"/><type label="INT"/><imc name="CONST" value="3"/></node><location loc="37.33--37.44"/><imc name="MOVE"><imc name="MEM"><imc name="BINOP" value="ADD"><imc name="NAME" value="_global"/><imc name="CONST" value="0"/></imc></imc><imc name="CONST" value="3"/></imc></node><location loc="37.33--37.44"/></node><node label="RecExpr"><node label="VarName" lexeme="global"><location loc="37.49--37.54"/><declaredAt location="19.1--19.19"/><imc name="NAME" value="_global"/></node><node label="VarName" lexeme="x"><location loc="37.56--37.56"/><declaredAt location="17.17--17.23"/></node><location loc="37.49--37.56"/><type label="INT"/><addr/><imc name="MEM"><imc name="BINOP" value="ADD"><imc name="NAME" value="_global"/><imc name="CONST" value="0"/></imc></imc></node><location loc="37.33--37.56"/><type label="INT"/><imc name="SEXPR"><imc name="STMTS"><imc name="MOVE"><imc name="MEM"><imc name="BINOP" value="ADD"><imc name="NAME" value="_global"/><imc name="CONST" value="0"/></imc></imc><imc name="CONST" value="3"/></imc></imc><imc name="MEM"><imc name="BINOP" value="ADD"><imc name="NAME" value="_global"/><imc name="CONST" value="0"/></imc></imc></imc></node><location loc="37.28--37.56"/><type label="INT"/><imc name="BINOP" value="ADD"><imc name="CONST" value="3"/><imc name="SEXPR"><imc name="STMTS"><imc name="MOVE"><imc name="MEM"><imc name="BINOP" value="ADD"><imc name="NAME" value="_global"/><imc name="CONST" value="0"/></imc></imc><imc name="CONST" value="3"/></imc></imc><imc name="MEM"><imc name="BINOP" value="ADD"><imc name="NAME" value="_global"/><imc name="CONST" value="0"/></imc></imc></imc></imc></node><location loc="37.17--37.57"/><imc name="MOVE"><imc name="MEM"><imc name="BINOP" value="ADD"><imc name="NAME" value="_global"/><imc name="CONST" value="8"/></imc></imc><imc name="BINOP" value="ADD"><imc name="CONST" value="3"/><imc name="SEXPR"><imc name="STMTS"><imc name="MOVE"><imc name="MEM"><imc name="BINOP" value="ADD"><imc name="NAME" value="_global"/><imc name="CONST" value="0"/></imc></imc><imc name="CONST" value="3"/></imc></imc><imc name="MEM"><imc name="BINOP" value="ADD"><imc name="NAME" value="_global"/><imc name="CONST" value="0"/></imc></imc></imc></imc></imc></node><location loc="36.17--37.57"/></node><node label="Stmts"><node label="AssignStmt"><node label="RecExpr"><node label="VarName" lexeme="global"><location loc="39.17--39.22"/><declaredAt location="19.1--19.19"/><imc name="NAME" value="_global"/></node><node label="VarName" lexeme="x"><location loc="39.24--39.24"/><declaredAt location="17.17--17.23"/></node><location loc="39.17--39.24"/><type label="INT"/><addr/><imc name="BINOP" value="ADD"><imc name="NAME" value="_global"/><imc name="CONST" value="0"/></imc></node><node label="CastExpr"><node label="AtomExpr" lexeme="'1'" spec="CHAR"><location loc="39.29--39.31"/><type label="CHAR"/><imc name="CONST" value="49"/></node><node label="AtomType" spec="INT"><location loc="39.35--39.37"/></node><location loc="39.33--39.38"/><type label="INT"/><imc name="CONST" value="49"/></node><location loc="39.17--39.38"/><imc name="MOVE"><imc name="MEM"><imc name="BINOP" value="ADD"><imc name="NAME" value="_global"/><imc name="CONST" value="0"/></imc></imc><imc name="CONST" value="49"/></imc></node><node label="AssignStmt"><node label="RecExpr"><node label="VarName" lexeme="global"><location loc="40.17--40.22"/><declaredAt location="19.1--19.19"/><imc name="NAME" value="_global"/></node><node label="VarName" lexeme="y"><location loc="40.24--40.24"/><declaredAt location="17.26--17.31"/></node><location loc="40.17--40.24"/><type label="INT"/><addr/><imc name="BINOP" value="ADD"><imc name="NAME" value="_global"/><imc name="CONST" value="8"/></imc></node><node label="AtomExpr" lexeme="2" spec="INT"><location loc="40.28--40.28"/><type label="INT"/><imc name="CONST" value="2"/></node><location loc="40.17--40.28"/><imc name="MOVE"><imc name="MEM"><imc name="BINOP" value="ADD"><imc name="NAME" value="_global"/><imc name="CONST" value="8"/></imc></imc><imc name="CONST" value="2"/></imc></node><location loc="39.17--40.28"/></node><location loc="35.9--41.11"/><imc name="STMTS"><imc name="CJUMP" value="L4:L5"><imc name="BINOP" value="GTH"><imc name="CALL" value="_x"><imc name="CONST" value="0"/></imc><imc name="CONST" value="50"/></imc></imc><imc name="LABEL" value="L4"/><imc name="STMTS"><imc name="MOVE"><imc name="MEM"><imc name="BINOP" value="ADD"><imc name="NAME" value="_global"/><imc name="CONST" value="0"/></imc></imc><imc name="CONST" value="50"/></imc><imc name="MOVE"><imc name="MEM"><imc name="BINOP" value="ADD"><imc name="NAME" value="_global"/><imc name="CONST" value="8"/></imc></imc><imc name="BINOP" value="ADD"><imc name="CONST" value="3"/><imc name="SEXPR"><imc name="STMTS"><imc name="MOVE"><imc name="MEM"><imc name="BINOP" value="ADD"><imc name="NAME" value="_global"/><imc name="CONST" value="0"/></imc></imc><imc name="CONST" value="3"/></imc></imc><imc name="MEM"><imc name="BINOP" value="ADD"><imc name="NAME" value="_global"/><imc name="CONST" value="0"/></imc></imc></imc></imc></imc></imc><imc name="JUMP" value="L6"/><imc name="LABEL" value="L5"/><imc name="STMTS"><imc name="MOVE"><imc name="MEM"><imc name="BINOP" value="ADD"><imc name="NAME" value="_global"/><imc name="CONST" value="0"/></imc></imc><imc name="CONST" value="49"/></imc><imc name="MOVE"><imc name="MEM"><imc name="BINOP" value="ADD"><imc name="NAME" value="_global"/><imc name="CONST" value="8"/></imc></imc><imc name="CONST" value="2"/></imc></imc><imc name="LABEL" value="L6"/></imc></node><node label="IfStmt"><node label="BinExpr" spec="GTH"><node label="FunName" lexeme="x"><node label="Args"><location loc="0.0--0.0"/></node><location loc="43.12--43.14"/><declaredAt location="1.1--6.26"/><type label="CHAR"/><imc name="CALL" value="_x"><imc name="CONST" value="0"/></imc></node><node label="AtomExpr" lexeme="'2'" spec="CHAR"><location loc="43.18--43.20"/><type label="CHAR"/><imc name="CONST" value="50"/></node><location loc="43.12--43.20"/><type label="BOOL"/><imc name="BINOP" value="GTH"><imc name="CALL" value="_x"><imc name="CONST" value="0"/></imc><imc name="CONST" value="50"/></imc></node><node label="Stmts"><node label="ExprStmt"><node label="AtomExpr" lexeme="true" spec="BOOL"><location loc="43.27--43.30"/><type label="BOOL"/><imc name="CONST" value="1"/></node><location loc="43.27--43.30"/><imc name="ESTMT"><imc name="CONST" value="1"/></imc></node><location loc="43.27--43.30"/></node><node label="Stmts"><location loc="0.0--0.0"/></node><location loc="43.9--43.35"/><imc name="STMTS"><imc name="CJUMP" value="L7:L8"><imc name="BINOP" value="GTH"><imc name="CALL" value="_x"><imc name="CONST" value="0"/></imc><imc name="CONST" value="50"/></imc></imc><imc name="LABEL" value="L7"/><imc name="STMTS"><imc name="ESTMT"><imc name="CONST" value="1"/></imc></imc><imc name="LABEL" value="L8"/></imc></node><node label="WhileStmt"><node label="BinExpr" spec="GTH"><node label="FunName" lexeme="op"><node label="Args"><node label="AtomExpr" lexeme="3" spec="INT"><location loc="45.18--45.18"/><type label="INT"/><imc name="CONST" value="3"/></node><node label="AtomExpr" lexeme="3" spec="INT"><location loc="45.21--45.21"/><type label="INT"/><imc name="CONST" value="3"/></node><location loc="45.18--45.21"/></node><location loc="45.15--45.22"/><declaredAt location="65.17--70.18"/><type label="INT"/><imc name="CALL" value="L0"><imc name="TEMP" value="6"/><imc name="CONST" value="3"/><imc name="CONST" value="3"/></imc></node><node label="AtomExpr" lexeme="0" spec="INT"><location loc="45.26--45.26"/><type label="INT"/><imc name="CONST" value="0"/></node><location loc="45.15--45.26"/><type label="BOOL"/><imc name="BINOP" value="GTH"><imc name="CALL" value="L0"><imc name="TEMP" value="6"/><imc name="CONST" value="3"/><imc name="CONST" value="3"/></imc><imc name="CONST" value="0"/></imc></node><node label="Stmts"><node label="AssignStmt"><node label="VarName" lexeme="stl"><location loc="46.17--46.19"/><declaredAt location="72.17--72.29"/><imc name="BINOP" value="ADD"><imc name="TEMP" value="6"/><imc name="CONST" value="-16"/></imc></node><node label="BinExpr" spec="ADD"><node label="VarName" lexeme="stl"><location loc="46.23--46.25"/><declaredAt location="72.17--72.29"/><imc name="MEM"><imc name="BINOP" value="ADD"><imc name="TEMP" value="6"/><imc name="CONST" value="-16"/></imc></imc></node><node label="AtomExpr" lexeme="17" spec="INT"><location loc="46.29--46.30"/><type label="INT"/><imc name="CONST" value="17"/></node><location loc="46.23--46.30"/><type label="INT"/><imc name="BINOP" value="ADD"><imc name="MEM"><imc name="BINOP" value="ADD"><imc name="TEMP" value="6"/><imc name="CONST" value="-16"/></imc></imc><imc name="CONST" value="17"/></imc></node><location loc="46.17--46.30"/><imc name="MOVE"><imc name="MEM"><imc name="BINOP" value="ADD"><imc name="TEMP" value="6"/><imc name="CONST" value="-16"/></imc></imc><imc name="BINOP" value="ADD"><imc name="MEM"><imc name="BINOP" value="ADD"><imc name="TEMP" value="6"/><imc name="CONST" value="-16"/></imc></imc><imc name="CONST" value="17"/></imc></imc></node><node label="IfStmt"><node label="BinExpr" spec="GEQ"><node label="FunName" lexeme="x"><node label="Args"><location loc="0.0--0.0"/></node><location loc="48.20--48.22"/><declaredAt location="1.1--6.26"/><type label="CHAR"/><imc name="CALL" value="_x"><imc name="CONST" value="0"/></imc></node><node label="AtomExpr" lexeme="'a'" spec="CHAR"><location loc="48.27--48.29"/><type label="CHAR"/><imc name="CONST" value="97"/></node><location loc="48.20--48.29"/><type label="BOOL"/><imc name="BINOP" value="GEQ"><imc name="CALL" value="_x"><imc name="CONST" value="0"/></imc><imc name="CONST" value="97"/></imc></node><node label="Stmts"><node label="AssignStmt"><node label="VarName" lexeme="stl"><location loc="49.25--49.27"/><declaredAt location="72.17--72.29"/><imc name="BINOP" value="ADD"><imc name="TEMP" value="6"/><imc name="CONST" value="-16"/></imc></node><node label="BinExpr" spec="ADD"><node label="VarName" lexeme="stl"><location loc="49.31--49.33"/><declaredAt location="72.17--72.29"/><imc name="MEM"><imc name="BINOP" value="ADD"><imc name="TEMP" value="6"/><imc name="CONST" value="-16"/></imc></imc></node><node label="AtomExpr" lexeme="1" spec="INT"><location loc="49.37--49.37"/><type label="INT"/><imc name="CONST" value="1"/></node><location loc="49.31--49.37"/><type label="INT"/><imc name="BINOP" value="ADD"><imc name="MEM"><imc name="BINOP" value="ADD"><imc name="TEMP" value="6"/><imc name="CONST" value="-16"/></imc></imc><imc name="CONST" value="1"/></imc></node><location loc="49.25--49.37"/><imc name="MOVE"><imc name="MEM"><imc name="BINOP" value="ADD"><imc name="TEMP" value="6"/><imc name="CONST" value="-16"/></imc></imc><imc name="BINOP" value="ADD"><imc name="MEM"><imc name="BINOP" value="ADD"><imc name="TEMP" value="6"/><imc name="CONST" value="-16"/></imc></imc><imc name="CONST" value="1"/></imc></imc></node><node label="AssignStmt"><node label="VarName" lexeme="str"><location loc="50.25--50.27"/><declaredAt location="75.17--75.29"/><imc name="BINOP" value="ADD"><imc name="TEMP" value="6"/><imc name="CONST" value="-128"/></imc></node><node label="BinExpr" spec="ADD"><node label="VarName" lexeme="str"><location loc="50.31--50.33"/><declaredAt location="75.17--75.29"/><imc name="MEM"><imc name="BINOP" value="ADD"><imc name="TEMP" value="6"/><imc name="CONST" value="-128"/></imc></imc></node><node label="AtomExpr" lexeme="3" spec="INT"><location loc="50.37--50.37"/><type label="INT"/><imc name="CONST" value="3"/></node><location loc="50.31--50.37"/><type label="INT"/><imc name="BINOP" value="ADD"><imc name="MEM"><imc name="BINOP" value="ADD"><imc name="TEMP" value="6"/><imc name="CONST" value="-128"/></imc></imc><imc name="CONST" value="3"/></imc></node><location loc="50.25--50.37"/><imc name="MOVE"><imc name="MEM"><imc name="BINOP" value="ADD"><imc name="TEMP" value="6"/><imc name="CONST" value="-128"/></imc></imc><imc name="BINOP" value="ADD"><imc name="MEM"><imc name="BINOP" value="ADD"><imc name="TEMP" value="6"/><imc name="CONST" value="-128"/></imc></imc><imc name="CONST" value="3"/></imc></imc></node><location loc="49.25--50.37"/></node><node label="Stmts"><node label="IfStmt"><node label="BinExpr" spec="LEQ"><node label="FunName" lexeme="x"><node label="Args"><location loc="0.0--0.0"/></node><location loc="52.28--52.30"/><declaredAt location="1.1--6.26"/><type label="CHAR"/><imc name="CALL" value="_x"><imc name="CONST" value="0"/></imc></node><node label="AtomExpr" lexeme="'z'" spec="CHAR"><location loc="52.35--52.37"/><type label="CHAR"/><imc name="CONST" value="122"/></node><location loc="52.28--52.37"/><type label="BOOL"/><imc name="BINOP" value="LEQ"><imc name="CALL" value="_x"><imc name="CONST" value="0"/></imc><imc name="CONST" value="122"/></imc></node><node label="Stmts"><node label="AssignStmt"><node label="VarName" lexeme="str"><location loc="53.33--53.35"/><declaredAt location="75.17--75.29"/><imc name="BINOP" value="ADD"><imc name="TEMP" value="6"/><imc name="CONST" value="-128"/></imc></node><node label="BinExpr" spec="SUB"><node label="VarName" lexeme="str"><location loc="53.39--53.41"/><declaredAt location="75.17--75.29"/><imc name="MEM"><imc name="BINOP" value="ADD"><imc name="TEMP" value="6"/><imc name="CONST" value="-128"/></imc></imc></node><node label="AtomExpr" lexeme="3" spec="INT"><location loc="53.45--53.45"/><type label="INT"/><imc name="CONST" value="3"/></node><location loc="53.39--53.45"/><type label="INT"/><imc name="BINOP" value="SUB"><imc name="MEM"><imc name="BINOP" value="ADD"><imc name="TEMP" value="6"/><imc name="CONST" value="-128"/></imc></imc><imc name="CONST" value="3"/></imc></node><location loc="53.33--53.45"/><imc name="MOVE"><imc name="MEM"><imc name="BINOP" value="ADD"><imc name="TEMP" value="6"/><imc name="CONST" value="-128"/></imc></imc><imc name="BINOP" value="SUB"><imc name="MEM"><imc name="BINOP" value="ADD"><imc name="TEMP" value="6"/><imc name="CONST" value="-128"/></imc></imc><imc name="CONST" value="3"/></imc></imc></node><location loc="53.33--53.45"/></node><node label="Stmts"><location loc="0.0--0.0"/></node><location loc="52.25--54.27"/><imc name="STMTS"><imc name="CJUMP" value="L9:L10"><imc name="BINOP" value="LEQ"><imc name="CALL" value="_x"><imc name="CONST" value="0"/></imc><imc name="CONST" value="122"/></imc></imc><imc name="LABEL" value="L9"/><imc name="STMTS"><imc name="MOVE"><imc name="MEM"><imc name="BINOP" value="ADD"><imc name="TEMP" value="6"/><imc name="CONST" value="-128"/></imc></imc><imc name="BINOP" value="SUB"><imc name="MEM"><imc name="BINOP" value="ADD"><imc name="TEMP" value="6"/><imc name="CONST" value="-128"/></imc></imc><imc name="CONST" value="3"/></imc></imc></imc><imc name="LABEL" value="L10"/></imc></node><location loc="52.25--54.27"/></node><location loc="48.17--55.19"/><imc name="STMTS"><imc name="CJUMP" value="L11:L12"><imc name="BINOP" value="GEQ"><imc name="CALL" value="_x"><imc name="CONST" value="0"/></imc><imc name="CONST" value="97"/></imc></imc><imc name="LABEL" value="L11"/><imc name="STMTS"><imc name="MOVE"><imc name="MEM"><imc name="BINOP" value="ADD"><imc name="TEMP" value="6"/><imc name="CONST" value="-16"/></imc></imc><imc name="BINOP" value="ADD"><imc name="MEM"><imc name="BINOP" value="ADD"><imc name="TEMP" value="6"/><imc name="CONST" value="-16"/></imc></imc><imc name="CONST" value="1"/></imc></imc><imc name="MOVE"><imc name="MEM"><imc name="BINOP" value="ADD"><imc name="TEMP" value="6"/><imc name="CONST" value="-128"/></imc></imc><imc name="BINOP" value="ADD"><imc name="MEM"><imc name="BINOP" value="ADD"><imc name="TEMP" value="6"/><imc name="CONST" value="-128"/></imc></imc><imc name="CONST" value="3"/></imc></imc></imc><imc name="JUMP" value="L13"/><imc name="LABEL" value="L12"/><imc name="STMTS"><imc name="STMTS"><imc name="CJUMP" value="L9:L10"><imc name="BINOP" value="LEQ"><imc name="CALL" value="_x"><imc name="CONST" value="0"/></imc><imc name="CONST" value="122"/></imc></imc><imc name="LABEL" value="L9"/><imc name="STMTS"><imc name="MOVE"><imc name="MEM"><imc name="BINOP" value="ADD"><imc name="TEMP" value="6"/><imc name="CONST" value="-128"/></imc></imc><imc name="BINOP" value="SUB"><imc name="MEM"><imc name="BINOP" value="ADD"><imc name="TEMP" value="6"/><imc name="CONST" value="-128"/></imc></imc><imc name="CONST" value="3"/></imc></imc></imc><imc name="LABEL" value="L10"/></imc></imc><imc name="LABEL" value="L13"/></imc></node><location loc="46.17--55.19"/></node><location loc="45.9--56.11"/><imc name="STMTS"><imc name="LABEL" value="L14"/><imc name="CJUMP" value="L15:L16"><imc name="BINOP" value="GTH"><imc name="CALL" value="L0"><imc name="TEMP" value="6"/><imc name="CONST" value="3"/><imc name="CONST" value="3"/></imc><imc name="CONST" value="0"/></imc></imc><imc name="LABEL" value="L15"/><imc name="STMTS"><imc name="MOVE"><imc name="MEM"><imc name="BINOP" value="ADD"><imc name="TEMP" value="6"/><imc name="CONST" value="-16"/></imc></imc><imc name="BINOP" value="ADD"><imc name="MEM"><imc name="BINOP" value="ADD"><imc name="TEMP" value="6"/><imc name="CONST" value="-16"/></imc></imc><imc name="CONST" value="17"/></imc></imc><imc name="STMTS"><imc name="CJUMP" value="L11:L12"><imc name="BINOP" value="GEQ"><imc name="CALL" value="_x"><imc name="CONST" value="0"/></imc><imc name="CONST" value="97"/></imc></imc><imc name="LABEL" value="L11"/><imc name="STMTS"><imc name="MOVE"><imc name="MEM"><imc name="BINOP" value="ADD"><imc name="TEMP" value="6"/><imc name="CONST" value="-16"/></imc></imc><imc name="BINOP" value="ADD"><imc name="MEM"><imc name="BINOP" value="ADD"><imc name="TEMP" value="6"/><imc name="CONST" value="-16"/></imc></imc><imc name="CONST" value="1"/></imc></imc><imc name="MOVE"><imc name="MEM"><imc name="BINOP" value="ADD"><imc name="TEMP" value="6"/><imc name="CONST" value="-128"/></imc></imc><imc name="BINOP" value="ADD"><imc name="MEM"><imc name="BINOP" value="ADD"><imc name="TEMP" value="6"/><imc name="CONST" value="-128"/></imc></imc><imc name="CONST" value="3"/></imc></imc></imc><imc name="JUMP" value="L13"/><imc name="LABEL" value="L12"/><imc name="STMTS"><imc name="STMTS"><imc name="CJUMP" value="L9:L10"><imc name="BINOP" value="LEQ"><imc name="CALL" value="_x"><imc name="CONST" value="0"/></imc><imc name="CONST" value="122"/></imc></imc><imc name="LABEL" value="L9"/><imc name="STMTS"><imc name="MOVE"><imc name="MEM"><imc name="BINOP" value="ADD"><imc name="TEMP" value="6"/><imc name="CONST" value="-128"/></imc></imc><imc name="BINOP" value="SUB"><imc name="MEM"><imc name="BINOP" value="ADD"><imc name="TEMP" value="6"/><imc name="CONST" value="-128"/></imc></imc><imc name="CONST" value="3"/></imc></imc></imc><imc name="LABEL" value="L10"/></imc></imc><imc name="LABEL" value="L13"/></imc></imc><imc name="JUMP" value="L14"/><imc name="LABEL" value="L16"/></imc></node><location loc="25.9--56.11"/></node><node label="AtomExpr" lexeme="none" spec="VOID"><location loc="59.9--59.12"/><type label="VOID"/><imc name="CONST" value="0"/></node><location loc="25.9--84.18"/><type label="VOID"/><imc name="SEXPR"><imc name="STMTS"><imc name="ESTMT"><imc name="CALL" value="_x"><imc name="CONST" value="0"/></imc></imc><imc name="MOVE"><imc name="MEM"><imc name="BINOP" value="ADD"><imc name="TEMP" value="6"/><imc name="CONST" value="-16"/></imc></imc><imc name="BINOP" value="ADD"><imc name="MEM"><imc name="MEM"><imc name="NAME" value="_ptt"/></imc></imc><imc name="CONST" value="3"/></imc></imc><imc name="ESTMT"><imc name="CALL" value="L0"><imc name="TEMP" value="6"/><imc name="BINOP" value="ADD"><imc name="CONST" value="3"/><imc name="CONST" value="7"/></imc><imc name="CONST" value="3"/></imc></imc><imc name="ESTMT"><imc name="CALL" value="_g"><imc name="CONST" value="0"/><imc name="CONST" value="1"/><imc name="BINOP" value="MOD"><imc name="CALL" value="L0"><imc name="TEMP" value="6"/><imc name="CALL" value="_x"><imc name="CONST" value="0"/></imc><imc name="CONST" value="1"/></imc><imc name="CONST" value="256"/></imc><imc name="CONST" value="1"/><imc name="MEM"><imc name="BINOP" value="ADD"><imc name="TEMP" value="6"/><imc name="CONST" value="-8"/></imc></imc></imc></imc><imc name="ESTMT"><imc name="CALL" value="_h"><imc name="CONST" value="0"/><imc name="CONST" value="1"/><imc name="CONST" value="1"/><imc name="CONST" value="1"/></imc></imc><imc name="ESTMT"><imc name="CALL" value="_x"><imc name="CONST" value="0"/></imc></imc><imc name="ESTMT"><imc name="CALL" value="L0"><imc name="TEMP" value="6"/><imc name="CONST" value="17"/><imc name="CONST" value="17"/></imc></imc><imc name="ESTMT"><imc name="CALL" value="_test"><imc name="TEMP" value="6"/><imc name="MEM"><imc name="BINOP" value="ADD"><imc name="BINOP" value="ADD"><imc name="NAME" value="_global"/><imc name="CONST" value="16"/></imc><imc name="BINOP" value="MUL"><imc name="CONST" value="3"/><imc name="CONST" value="8"/></imc></imc></imc><imc name="MEM"><imc name="BINOP" value="ADD"><imc name="BINOP" value="ADD"><imc name="TEMP" value="6"/><imc name="CONST" value="-112"/></imc><imc name="CONST" value="0"/></imc></imc><imc name="MEM"><imc name="BINOP" value="ADD"><imc name="BINOP" value="ADD"><imc name="TEMP" value="6"/><imc name="CONST" value="-112"/></imc><imc name="CONST" value="8"/></imc></imc><imc name="UNOP" value="NEG"><imc name="CONST" value="1"/></imc><imc name="CONST" value="17"/><imc name="CONST" value="5"/><imc name="CONST" value="6"/><imc name="MEM"><imc name="MEM"><imc name="NAME" value="_ptt"/></imc></imc></imc></imc><imc name="ESTMT"><imc name="BINOP" value="ADD"><imc name="TEMP" value="6"/><imc name="CONST" value="-128"/></imc></imc><imc name="ESTMT"><imc name="CONST" value="99"/></imc><imc name="STMTS"><imc name="CJUMP" value="L4:L5"><imc name="BINOP" value="GTH"><imc name="CALL" value="_x"><imc name="CONST" value="0"/></imc><imc name="CONST" value="50"/></imc></imc><imc name="LABEL" value="L4"/><imc name="STMTS"><imc name="MOVE"><imc name="MEM"><imc name="BINOP" value="ADD"><imc name="NAME" value="_global"/><imc name="CONST" value="0"/></imc></imc><imc name="CONST" value="50"/></imc><imc name="MOVE"><imc name="MEM"><imc name="BINOP" value="ADD"><imc name="NAME" value="_global"/><imc name="CONST" value="8"/></imc></imc><imc name="BINOP" value="ADD"><imc name="CONST" value="3"/><imc name="SEXPR"><imc name="STMTS"><imc name="MOVE"><imc name="MEM"><imc name="BINOP" value="ADD"><imc name="NAME" value="_global"/><imc name="CONST" value="0"/></imc></imc><imc name="CONST" value="3"/></imc></imc><imc name="MEM"><imc name="BINOP" value="ADD"><imc name="NAME" value="_global"/><imc name="CONST" value="0"/></imc></imc></imc></imc></imc></imc><imc name="JUMP" value="L6"/><imc name="LABEL" value="L5"/><imc name="STMTS"><imc name="MOVE"><imc name="MEM"><imc name="BINOP" value="ADD"><imc name="NAME" value="_global"/><imc name="CONST" value="0"/></imc></imc><imc name="CONST" value="49"/></imc><imc name="MOVE"><imc name="MEM"><imc name="BINOP" value="ADD"><imc name="NAME" value="_global"/><imc name="CONST" value="8"/></imc></imc><imc name="CONST" value="2"/></imc></imc><imc name="LABEL" value="L6"/></imc><imc name="STMTS"><imc name="CJUMP" value="L7:L8"><imc name="BINOP" value="GTH"><imc name="CALL" value="_x"><imc name="CONST" value="0"/></imc><imc name="CONST" value="50"/></imc></imc><imc name="LABEL" value="L7"/><imc name="STMTS"><imc name="ESTMT"><imc name="CONST" value="1"/></imc></imc><imc name="LABEL" value="L8"/></imc><imc name="STMTS"><imc name="LABEL" value="L14"/><imc name="CJUMP" value="L15:L16"><imc name="BINOP" value="GTH"><imc name="CALL" value="L0"><imc name="TEMP" value="6"/><imc name="CONST" value="3"/><imc name="CONST" value="3"/></imc><imc name="CONST" value="0"/></imc></imc><imc name="LABEL" value="L15"/><imc name="STMTS"><imc name="MOVE"><imc name="MEM"><imc name="BINOP" value="ADD"><imc name="TEMP" value="6"/><imc name="CONST" value="-16"/></imc></imc><imc name="BINOP" value="ADD"><imc name="MEM"><imc name="BINOP" value="ADD"><imc name="TEMP" value="6"/><imc name="CONST" value="-16"/></imc></imc><imc name="CONST" value="17"/></imc></imc><imc name="STMTS"><imc name="CJUMP" value="L11:L12"><imc name="BINOP" value="GEQ"><imc name="CALL" value="_x"><imc name="CONST" value="0"/></imc><imc name="CONST" value="97"/></imc></imc><imc name="LABEL" value="L11"/><imc name="STMTS"><imc name="MOVE"><imc name="MEM"><imc name="BINOP" value="ADD"><imc name="TEMP" value="6"/><imc name="CONST" value="-16"/></imc></imc><imc name="BINOP" value="ADD"><imc name="MEM"><imc name="BINOP" value="ADD"><imc name="TEMP" value="6"/><imc name="CONST" value="-16"/></imc></imc><imc name="CONST" value="1"/></imc></imc><imc name="MOVE"><imc name="MEM"><imc name="BINOP" value="ADD"><imc name="TEMP" value="6"/><imc name="CONST" value="-128"/></imc></imc><imc name="BINOP" value="ADD"><imc name="MEM"><imc name="BINOP" value="ADD"><imc name="TEMP" value="6"/><imc name="CONST" value="-128"/></imc></imc><imc name="CONST" value="3"/></imc></imc></imc><imc name="JUMP" value="L13"/><imc name="LABEL" value="L12"/><imc name="STMTS"><imc name="STMTS"><imc name="CJUMP" value="L9:L10"><imc name="BINOP" value="LEQ"><imc name="CALL" value="_x"><imc name="CONST" value="0"/></imc><imc name="CONST" value="122"/></imc></imc><imc name="LABEL" value="L9"/><imc name="STMTS"><imc name="MOVE"><imc name="MEM"><imc name="BINOP" value="ADD"><imc name="TEMP" value="6"/><imc name="CONST" value="-128"/></imc></imc><imc name="BINOP" value="SUB"><imc name="MEM"><imc name="BINOP" value="ADD"><imc name="TEMP" value="6"/><imc name="CONST" value="-128"/></imc></imc><imc name="CONST" value="3"/></imc></imc></imc><imc name="LABEL" value="L10"/></imc></imc><imc name="LABEL" value="L13"/></imc></imc><imc name="JUMP" value="L14"/><imc name="LABEL" value="L16"/></imc></imc><imc name="CONST" value="0"/></imc></node><location loc="24.1--85.2"/><frame FP="T6" RV="T7" argssize="72" depth="1" label="_h" locssize="128" size="216"/></node><location loc="1.1--85.2"/></node><location loc="1.1--85.2"/></node></imcgen>