<?xml version="1.0" encoding="UTF-8" standalone="no"?><?xml-stylesheet type="text/xsl" href="../../data/imcgen.xsl"?><imcgen><node label="Source"><node label="Decls"><node label="FunDecl" lexeme="putChar"><node label="ParDecls"><node label="ParDecl" lexeme="x"><node label="AtomType" spec="CHAR"><location loc="1.17--1.20"/></node><location loc="1.13--1.20"/><access depth="1" offset="8" size="8"/></node><location loc="1.13--1.20"/></node><node label="AtomType" spec="VOID"><location loc="1.25--1.28"/></node><location loc="1.1--1.29"/></node><node label="FunDef" lexeme="putInt"><node label="ParDecls"><node label="ParDecl" lexeme="x"><node label="AtomType" spec="INT"><location loc="2.16--2.18"/></node><location loc="2.12--2.18"/><access depth="1" offset="8" size="8"/></node><location loc="2.12--2.18"/></node><node label="AtomType" spec="VOID"><location loc="2.23--2.26"/></node><node label="BlockExpr"><node label="Decls"><location loc="0.0--0.0"/></node><node label="Stmts"><node label="IfStmt"><node label="BinExpr" spec="EQU"><node label="VarName" lexeme="x"><location loc="3.12--3.12"/><declaredAt location="2.12--2.18"/><imc name="MEM"><imc name="BINOP" value="ADD"><imc name="TEMP" value="2"/><imc name="CONST" value="8"/></imc></imc></node><node label="AtomExpr" lexeme="0" spec="INT"><location loc="3.17--3.17"/><type label="INT"/><imc name="CONST" value="0"/></node><location loc="3.12--3.17"/><type label="BOOL"/><imc name="BINOP" value="EQU"><imc name="MEM"><imc name="BINOP" value="ADD"><imc name="TEMP" value="2"/><imc name="CONST" value="8"/></imc></imc><imc name="CONST" value="0"/></imc></node><node label="Stmts"><node label="ExprStmt"><node label="FunName" lexeme="putChar"><node label="Args"><node label="AtomExpr" lexeme="'0'" spec="CHAR"><location loc="4.25--4.27"/><type label="CHAR"/><imc name="CONST" value="48"/></node><location loc="4.25--4.27"/></node><location loc="4.17--4.28"/><declaredAt location="1.1--1.29"/><type label="VOID"/><imc name="CALL" value="_putChar"><imc name="CONST" value="0"/><imc name="CONST" value="48"/></imc></node><location loc="4.17--4.28"/><imc name="ESTMT"><imc name="CALL" value="_putChar"><imc name="CONST" value="0"/><imc name="CONST" value="48"/></imc></imc></node><location loc="4.17--4.28"/></node><node label="Stmts"><node label="IfStmt"><node label="BinExpr" spec="LTH"><node label="VarName" lexeme="x"><location loc="6.20--6.20"/><declaredAt location="2.12--2.18"/><imc name="MEM"><imc name="BINOP" value="ADD"><imc name="TEMP" value="2"/><imc name="CONST" value="8"/></imc></imc></node><node label="AtomExpr" lexeme="0" spec="INT"><location loc="6.24--6.24"/><type label="INT"/><imc name="CONST" value="0"/></node><location loc="6.20--6.24"/><type label="BOOL"/><imc name="BINOP" value="LTH"><imc name="MEM"><imc name="BINOP" value="ADD"><imc name="TEMP" value="2"/><imc name="CONST" value="8"/></imc></imc><imc name="CONST" value="0"/></imc></node><node label="Stmts"><node label="ExprStmt"><node label="FunName" lexeme="putChar"><node label="Args"><node label="AtomExpr" lexeme="'-'" spec="CHAR"><location loc="7.33--7.35"/><type label="CHAR"/><imc name="CONST" value="45"/></node><location loc="7.33--7.35"/></node><location loc="7.25--7.36"/><declaredAt location="1.1--1.29"/><type label="VOID"/><imc name="CALL" value="_putChar"><imc name="CONST" value="0"/><imc name="CONST" value="45"/></imc></node><location loc="7.25--7.36"/><imc name="ESTMT"><imc name="CALL" value="_putChar"><imc name="CONST" value="0"/><imc name="CONST" value="45"/></imc></imc></node><node label="ExprStmt"><node label="FunName" lexeme="putInt"><node label="Args"><node label="UnExpr" spec="SUB"><node label="VarName" lexeme="x"><location loc="8.33--8.33"/><declaredAt location="2.12--2.18"/><imc name="MEM"><imc name="BINOP" value="ADD"><imc name="TEMP" value="2"/><imc name="CONST" value="8"/></imc></imc></node><location loc="8.32--8.33"/><type label="INT"/><imc name="UNOP" value="NEG"><imc name="MEM"><imc name="BINOP" value="ADD"><imc name="TEMP" value="2"/><imc name="CONST" value="8"/></imc></imc></imc></node><location loc="8.32--8.33"/></node><location loc="8.25--8.34"/><declaredAt location="2.1--19.2"/><type label="VOID"/><imc name="CALL" value="_putInt"><imc name="CONST" value="0"/><imc name="UNOP" value="NEG"><imc name="MEM"><imc name="BINOP" value="ADD"><imc name="TEMP" value="2"/><imc name="CONST" value="8"/></imc></imc></imc></imc></node><location loc="8.25--8.34"/><imc name="ESTMT"><imc name="CALL" value="_putInt"><imc name="CONST" value="0"/><imc name="UNOP" value="NEG"><imc name="MEM"><imc name="BINOP" value="ADD"><imc name="TEMP" value="2"/><imc name="CONST" value="8"/></imc></imc></imc></imc></imc></node><location loc="7.25--8.34"/></node><node label="Stmts"><node label="IfStmt"><node label="BinExpr" spec="LTH"><node label="VarName" lexeme="x"><location loc="10.28--10.28"/><declaredAt location="2.12--2.18"/><imc name="MEM"><imc name="BINOP" value="ADD"><imc name="TEMP" value="2"/><imc name="CONST" value="8"/></imc></imc></node><node label="AtomExpr" lexeme="10" spec="INT"><location loc="10.32--10.33"/><type label="INT"/><imc name="CONST" value="10"/></node><location loc="10.28--10.33"/><type label="BOOL"/><imc name="BINOP" value="LTH"><imc name="MEM"><imc name="BINOP" value="ADD"><imc name="TEMP" value="2"/><imc name="CONST" value="8"/></imc></imc><imc name="CONST" value="10"/></imc></node><node label="Stmts"><node label="ExprStmt"><node label="FunName" lexeme="putChar"><node label="Args"><node label="CastExpr"><node label="BinExpr" spec="ADD"><node label="VarName" lexeme="x"><location loc="11.42--11.42"/><declaredAt location="2.12--2.18"/><imc name="MEM"><imc name="BINOP" value="ADD"><imc name="TEMP" value="2"/><imc name="CONST" value="8"/></imc></imc></node><node label="AtomExpr" lexeme="48" spec="INT"><location loc="11.46--11.47"/><type label="INT"/><imc name="CONST" value="48"/></node><location loc="11.42--11.47"/><type label="INT"/><imc name="BINOP" value="ADD"><imc name="MEM"><imc name="BINOP" value="ADD"><imc name="TEMP" value="2"/><imc name="CONST" value="8"/></imc></imc><imc name="CONST" value="48"/></imc></node><node label="AtomType" spec="CHAR"><location loc="11.51--11.54"/></node><location loc="11.49--11.55"/><type label="CHAR"/><imc name="BINOP" value="MOD"><imc name="BINOP" value="ADD"><imc name="MEM"><imc name="BINOP" value="ADD"><imc name="TEMP" value="2"/><imc name="CONST" value="8"/></imc></imc><imc name="CONST" value="48"/></imc><imc name="CONST" value="256"/></imc></node><location loc="11.49--11.55"/></node><location loc="11.33--11.56"/><declaredAt location="1.1--1.29"/><type label="VOID"/><imc name="CALL" value="_putChar"><imc name="CONST" value="0"/><imc name="BINOP" value="MOD"><imc name="BINOP" value="ADD"><imc name="MEM"><imc name="BINOP" value="ADD"><imc name="TEMP" value="2"/><imc name="CONST" value="8"/></imc></imc><imc name="CONST" value="48"/></imc><imc name="CONST" value="256"/></imc></imc></node><location loc="11.33--11.56"/><imc name="ESTMT"><imc name="CALL" value="_putChar"><imc name="CONST" value="0"/><imc name="BINOP" value="MOD"><imc name="BINOP" value="ADD"><imc name="MEM"><imc name="BINOP" value="ADD"><imc name="TEMP" value="2"/><imc name="CONST" value="8"/></imc></imc><imc name="CONST" value="48"/></imc><imc name="CONST" value="256"/></imc></imc></imc></node><location loc="11.33--11.56"/></node><node label="Stmts"><node label="ExprStmt"><node label="FunName" lexeme="putInt"><node label="Args"><node label="BinExpr" spec="DIV"><node label="VarName" lexeme="x"><location loc="13.40--13.40"/><declaredAt location="2.12--2.18"/><imc name="MEM"><imc name="BINOP" value="ADD"><imc name="TEMP" value="2"/><imc name="CONST" value="8"/></imc></imc></node><node label="AtomExpr" lexeme="10" spec="INT"><location loc="13.44--13.45"/><type label="INT"/><imc name="CONST" value="10"/></node><location loc="13.40--13.45"/><type label="INT"/><imc name="BINOP" value="DIV"><imc name="MEM"><imc name="BINOP" value="ADD"><imc name="TEMP" value="2"/><imc name="CONST" value="8"/></imc></imc><imc name="CONST" value="10"/></imc></node><location loc="13.40--13.45"/></node><location loc="13.33--13.46"/><declaredAt location="2.1--19.2"/><type label="VOID"/><imc name="CALL" value="_putInt"><imc name="CONST" value="0"/><imc name="BINOP" value="DIV"><imc name="MEM"><imc name="BINOP" value="ADD"><imc name="TEMP" value="2"/><imc name="CONST" value="8"/></imc></imc><imc name="CONST" value="10"/></imc></imc></node><location loc="13.33--13.46"/><imc name="ESTMT"><imc name="CALL" value="_putInt"><imc name="CONST" value="0"/><imc name="BINOP" value="DIV"><imc name="MEM"><imc name="BINOP" value="ADD"><imc name="TEMP" value="2"/><imc name="CONST" value="8"/></imc></imc><imc name="CONST" value="10"/></imc></imc></imc></node><node label="ExprStmt"><node label="FunName" lexeme="putChar"><node label="Args"><node label="CastExpr"><node label="BinExpr" spec="ADD"><node label="BinExpr" spec="MOD"><node label="VarName" lexeme="x"><location loc="14.42--14.42"/><declaredAt location="2.12--2.18"/><imc name="MEM"><imc name="BINOP" value="ADD"><imc name="TEMP" value="2"/><imc name="CONST" value="8"/></imc></imc></node><node label="AtomExpr" lexeme="10" spec="INT"><location loc="14.46--14.47"/><type label="INT"/><imc name="CONST" value="10"/></node><location loc="14.42--14.47"/><type label="INT"/><imc name="BINOP" value="MOD"><imc name="MEM"><imc name="BINOP" value="ADD"><imc name="TEMP" value="2"/><imc name="CONST" value="8"/></imc></imc><imc name="CONST" value="10"/></imc></node><node label="AtomExpr" lexeme="48" spec="INT"><location loc="14.51--14.52"/><type label="INT"/><imc name="CONST" value="48"/></node><location loc="14.42--14.52"/><type label="INT"/><imc name="BINOP" value="ADD"><imc name="BINOP" value="MOD"><imc name="MEM"><imc name="BINOP" value="ADD"><imc name="TEMP" value="2"/><imc name="CONST" value="8"/></imc></imc><imc name="CONST" value="10"/></imc><imc name="CONST" value="48"/></imc></node><node label="AtomType" spec="CHAR"><location loc="14.56--14.59"/></node><location loc="14.54--14.60"/><type label="CHAR"/><imc name="BINOP" value="MOD"><imc name="BINOP" value="ADD"><imc name="BINOP" value="MOD"><imc name="MEM"><imc name="BINOP" value="ADD"><imc name="TEMP" value="2"/><imc name="CONST" value="8"/></imc></imc><imc name="CONST" value="10"/></imc><imc name="CONST" value="48"/></imc><imc name="CONST" value="256"/></imc></node><location loc="14.54--14.60"/></node><location loc="14.33--14.61"/><declaredAt location="1.1--1.29"/><type label="VOID"/><imc name="CALL" value="_putChar"><imc name="CONST" value="0"/><imc name="BINOP" value="MOD"><imc name="BINOP" value="ADD"><imc name="BINOP" value="MOD"><imc name="MEM"><imc name="BINOP" value="ADD"><imc name="TEMP" value="2"/><imc name="CONST" value="8"/></imc></imc><imc name="CONST" value="10"/></imc><imc name="CONST" value="48"/></imc><imc name="CONST" value="256"/></imc></imc></node><location loc="14.33--14.61"/><imc name="ESTMT"><imc name="CALL" value="_putChar"><imc name="CONST" value="0"/><imc name="BINOP" value="MOD"><imc name="BINOP" value="ADD"><imc name="BINOP" value="MOD"><imc name="MEM"><imc name="BINOP" value="ADD"><imc name="TEMP" value="2"/><imc name="CONST" value="8"/></imc></imc><imc name="CONST" value="10"/></imc><imc name="CONST" value="48"/></imc><imc name="CONST" value="256"/></imc></imc></imc></node><location loc="13.33--14.61"/></node><location loc="10.25--15.27"/><imc name="STMTS"><imc name="CJUMP" value="L0:L1"><imc name="BINOP" value="LTH"><imc name="MEM"><imc name="BINOP" value="ADD"><imc name="TEMP" value="2"/><imc name="CONST" value="8"/></imc></imc><imc name="CONST" value="10"/></imc></imc><imc name="LABEL" value="L0"/><imc name="STMTS"><imc name="ESTMT"><imc name="CALL" value="_putChar"><imc name="CONST" value="0"/><imc name="BINOP" value="MOD"><imc name="BINOP" value="ADD"><imc name="MEM"><imc name="BINOP" value="ADD"><imc name="TEMP" value="2"/><imc name="CONST" value="8"/></imc></imc><imc name="CONST" value="48"/></imc><imc name="CONST" value="256"/></imc></imc></imc></imc><imc name="JUMP" value="L2"/><imc name="LABEL" value="L1"/><imc name="STMTS"><imc name="ESTMT"><imc name="CALL" value="_putInt"><imc name="CONST" value="0"/><imc name="BINOP" value="DIV"><imc name="MEM"><imc name="BINOP" value="ADD"><imc name="TEMP" value="2"/><imc name="CONST" value="8"/></imc></imc><imc name="CONST" value="10"/></imc></imc></imc><imc name="ESTMT"><imc name="CALL" value="_putChar"><imc name="CONST" value="0"/><imc name="BINOP" value="MOD"><imc name="BINOP" value="ADD"><imc name="BINOP" value="MOD"><imc name="MEM"><imc name="BINOP" value="ADD"><imc name="TEMP" value="2"/><imc name="CONST" value="8"/></imc></imc><imc name="CONST" value="10"/></imc><imc name="CONST" value="48"/></imc><imc name="CONST" value="256"/></imc></imc></imc></imc><imc name="LABEL" value="L2"/></imc></node><location loc="10.25--15.27"/></node><location loc="6.17--16.19"/><imc name="STMTS"><imc name="CJUMP" value="L3:L4"><imc name="BINOP" value="LTH"><imc name="MEM"><imc name="BINOP" value="ADD"><imc name="TEMP" value="2"/><imc name="CONST" value="8"/></imc></imc><imc name="CONST" value="0"/></imc></imc><imc name="LABEL" value="L3"/><imc name="STMTS"><imc name="ESTMT"><imc name="CALL" value="_putChar"><imc name="CONST" value="0"/><imc name="CONST" value="45"/></imc></imc><imc name="ESTMT"><imc name="CALL" value="_putInt"><imc name="CONST" value="0"/><imc name="UNOP" value="NEG"><imc name="MEM"><imc name="BINOP" value="ADD"><imc name="TEMP" value="2"/><imc name="CONST" value="8"/></imc></imc></imc></imc></imc></imc><imc name="JUMP" value="L5"/><imc name="LABEL" value="L4"/><imc name="STMTS"><imc name="STMTS"><imc name="CJUMP" value="L0:L1"><imc name="BINOP" value="LTH"><imc name="MEM"><imc name="BINOP" value="ADD"><imc name="TEMP" value="2"/><imc name="CONST" value="8"/></imc></imc><imc name="CONST" value="10"/></imc></imc><imc name="LABEL" value="L0"/><imc name="STMTS"><imc name="ESTMT"><imc name="CALL" value="_putChar"><imc name="CONST" value="0"/><imc name="BINOP" value="MOD"><imc name="BINOP" value="ADD"><imc name="MEM"><imc name="BINOP" value="ADD"><imc name="TEMP" value="2"/><imc name="CONST" value="8"/></imc></imc><imc name="CONST" value="48"/></imc><imc name="CONST" value="256"/></imc></imc></imc></imc><imc name="JUMP" value="L2"/><imc name="LABEL" value="L1"/><imc name="STMTS"><imc name="ESTMT"><imc name="CALL" value="_putInt"><imc name="CONST" value="0"/><imc name="BINOP" value="DIV"><imc name="MEM"><imc name="BINOP" value="ADD"><imc name="TEMP" value="2"/><imc name="CONST" value="8"/></imc></imc><imc name="CONST" value="10"/></imc></imc></imc><imc name="ESTMT"><imc name="CALL" value="_putChar"><imc name="CONST" value="0"/><imc name="BINOP" value="MOD"><imc name="BINOP" value="ADD"><imc name="BINOP" value="MOD"><imc name="MEM"><imc name="BINOP" value="ADD"><imc name="TEMP" value="2"/><imc name="CONST" value="8"/></imc></imc><imc name="CONST" value="10"/></imc><imc name="CONST" value="48"/></imc><imc name="CONST" value="256"/></imc></imc></imc></imc><imc name="LABEL" value="L2"/></imc></imc><imc name="LABEL" value="L5"/></imc></node><location loc="6.17--16.19"/></node><location loc="3.9--17.11"/><imc name="STMTS"><imc name="CJUMP" value="L6:L7"><imc name="BINOP" value="EQU"><imc name="MEM"><imc name="BINOP" value="ADD"><imc name="TEMP" value="2"/><imc name="CONST" value="8"/></imc></imc><imc name="CONST" value="0"/></imc></imc><imc name="LABEL" value="L6"/><imc name="STMTS"><imc name="ESTMT"><imc name="CALL" value="_putChar"><imc name="CONST" value="0"/><imc name="CONST" value="48"/></imc></imc></imc><imc name="JUMP" value="L8"/><imc name="LABEL" value="L7"/><imc name="STMTS"><imc name="STMTS"><imc name="CJUMP" value="L3:L4"><imc name="BINOP" value="LTH"><imc name="MEM"><imc name="BINOP" value="ADD"><imc name="TEMP" value="2"/><imc name="CONST" value="8"/></imc></imc><imc name="CONST" value="0"/></imc></imc><imc name="LABEL" value="L3"/><imc name="STMTS"><imc name="ESTMT"><imc name="CALL" value="_putChar"><imc name="CONST" value="0"/><imc name="CONST" value="45"/></imc></imc><imc name="ESTMT"><imc name="CALL" value="_putInt"><imc name="CONST" value="0"/><imc name="UNOP" value="NEG"><imc name="MEM"><imc name="BINOP" value="ADD"><imc name="TEMP" value="2"/><imc name="CONST" value="8"/></imc></imc></imc></imc></imc></imc><imc name="JUMP" value="L5"/><imc name="LABEL" value="L4"/><imc name="STMTS"><imc name="STMTS"><imc name="CJUMP" value="L0:L1"><imc name="BINOP" value="LTH"><imc name="MEM"><imc name="BINOP" value="ADD"><imc name="TEMP" value="2"/><imc name="CONST" value="8"/></imc></imc><imc name="CONST" value="10"/></imc></imc><imc name="LABEL" value="L0"/><imc name="STMTS"><imc name="ESTMT"><imc name="CALL" value="_putChar"><imc name="CONST" value="0"/><imc name="BINOP" value="MOD"><imc name="BINOP" value="ADD"><imc name="MEM"><imc name="BINOP" value="ADD"><imc name="TEMP" value="2"/><imc name="CONST" value="8"/></imc></imc><imc name="CONST" value="48"/></imc><imc name="CONST" value="256"/></imc></imc></imc></imc><imc name="JUMP" value="L2"/><imc name="LABEL" value="L1"/><imc name="STMTS"><imc name="ESTMT"><imc name="CALL" value="_putInt"><imc name="CONST" value="0"/><imc name="BINOP" value="DIV"><imc name="MEM"><imc name="BINOP" value="ADD"><imc name="TEMP" value="2"/><imc name="CONST" value="8"/></imc></imc><imc name="CONST" value="10"/></imc></imc></imc><imc name="ESTMT"><imc name="CALL" value="_putChar"><imc name="CONST" value="0"/><imc name="BINOP" value="MOD"><imc name="BINOP" value="ADD"><imc name="BINOP" value="MOD"><imc name="MEM"><imc name="BINOP" value="ADD"><imc name="TEMP" value="2"/><imc name="CONST" value="8"/></imc></imc><imc name="CONST" value="10"/></imc><imc name="CONST" value="48"/></imc><imc name="CONST" value="256"/></imc></imc></imc></imc><imc name="LABEL" value="L2"/></imc></imc><imc name="LABEL" value="L5"/></imc></imc><imc name="LABEL" value="L8"/></imc></node><location loc="3.9--17.11"/></node><node label="AtomExpr" lexeme="none" spec="VOID"><location loc="18.11--18.14"/><type label="VOID"/><imc name="CONST" value="0"/></node><location loc="3.9--18.14"/><type label="VOID"/><imc name="SEXPR"><imc name="STMTS"><imc name="STMTS"><imc name="CJUMP" value="L6:L7"><imc name="BINOP" value="EQU"><imc name="MEM"><imc name="BINOP" value="ADD"><imc name="TEMP" value="2"/><imc name="CONST" value="8"/></imc></imc><imc name="CONST" value="0"/></imc></imc><imc name="LABEL" value="L6"/><imc name="STMTS"><imc name="ESTMT"><imc name="CALL" value="_putChar"><imc name="CONST" value="0"/><imc name="CONST" value="48"/></imc></imc></imc><imc name="JUMP" value="L8"/><imc name="LABEL" value="L7"/><imc name="STMTS"><imc name="STMTS"><imc name="CJUMP" value="L3:L4"><imc name="BINOP" value="LTH"><imc name="MEM"><imc name="BINOP" value="ADD"><imc name="TEMP" value="2"/><imc name="CONST" value="8"/></imc></imc><imc name="CONST" value="0"/></imc></imc><imc name="LABEL" value="L3"/><imc name="STMTS"><imc name="ESTMT"><imc name="CALL" value="_putChar"><imc name="CONST" value="0"/><imc name="CONST" value="45"/></imc></imc><imc name="ESTMT"><imc name="CALL" value="_putInt"><imc name="CONST" value="0"/><imc name="UNOP" value="NEG"><imc name="MEM"><imc name="BINOP" value="ADD"><imc name="TEMP" value="2"/><imc name="CONST" value="8"/></imc></imc></imc></imc></imc></imc><imc name="JUMP" value="L5"/><imc name="LABEL" value="L4"/><imc name="STMTS"><imc name="STMTS"><imc name="CJUMP" value="L0:L1"><imc name="BINOP" value="LTH"><imc name="MEM"><imc name="BINOP" value="ADD"><imc name="TEMP" value="2"/><imc name="CONST" value="8"/></imc></imc><imc name="CONST" value="10"/></imc></imc><imc name="LABEL" value="L0"/><imc name="STMTS"><imc name="ESTMT"><imc name="CALL" value="_putChar"><imc name="CONST" value="0"/><imc name="BINOP" value="MOD"><imc name="BINOP" value="ADD"><imc name="MEM"><imc name="BINOP" value="ADD"><imc name="TEMP" value="2"/><imc name="CONST" value="8"/></imc></imc><imc name="CONST" value="48"/></imc><imc name="CONST" value="256"/></imc></imc></imc></imc><imc name="JUMP" value="L2"/><imc name="LABEL" value="L1"/><imc name="STMTS"><imc name="ESTMT"><imc name="CALL" value="_putInt"><imc name="CONST" value="0"/><imc name="BINOP" value="DIV"><imc name="MEM"><imc name="BINOP" value="ADD"><imc name="TEMP" value="2"/><imc name="CONST" value="8"/></imc></imc><imc name="CONST" value="10"/></imc></imc></imc><imc name="ESTMT"><imc name="CALL" value="_putChar"><imc name="CONST" value="0"/><imc name="BINOP" value="MOD"><imc name="BINOP" value="ADD"><imc name="BINOP" value="MOD"><imc name="MEM"><imc name="BINOP" value="ADD"><imc name="TEMP" value="2"/><imc name="CONST" value="8"/></imc></imc><imc name="CONST" value="10"/></imc><imc name="CONST" value="48"/></imc><imc name="CONST" value="256"/></imc></imc></imc></imc><imc name="LABEL" value="L2"/></imc></imc><imc name="LABEL" value="L5"/></imc></imc><imc name="LABEL" value="L8"/></imc></imc><imc name="CONST" value="0"/></imc></node><location loc="2.1--19.2"/><frame FP="T2" RV="T3" argssize="16" depth="1" label="_putInt" locssize="0" size="32"/></node><node label="FunDef" lexeme="g"><node label="ParDecls"><location loc="0.0--0.0"/></node><node label="AtomType" spec="INT"><location loc="21.11--21.13"/></node><node label="AtomExpr" lexeme="17" spec="INT"><location loc="21.17--21.18"/><type label="INT"/><imc name="CONST" value="17"/></node><location loc="21.1--21.19"/><frame FP="T4" RV="T5" argssize="0" depth="1" label="_g" locssize="0" size="16"/></node><node label="FunDef" lexeme="h"><node label="ParDecls"><location loc="0.0--0.0"/></node><node label="AtomType" spec="VOID"><location loc="23.11--23.14"/></node><node label="BlockExpr"><node label="Decls"><node label="VarDecl" lexeme="it"><node label="AtomType" spec="INT"><location loc="34.26--34.28"/></node><location loc="34.17--34.29"/><access depth="1" offset="-8" size="8"/></node><node label="VarDecl" lexeme="x"><node label="ArrType"><node label="AtomExpr" lexeme="10" spec="INT"><location loc="35.29--35.30"/></node><node label="AtomType" spec="INT"><location loc="35.33--35.35"/></node><location loc="35.25--35.35"/><type label="ARR(10)" len="10"><type label="INT"/></type></node><location loc="35.17--35.36"/><access depth="1" offset="-88" size="80"/></node><location loc="34.17--35.36"/></node><node label="Stmts"><node label="AssignStmt"><node label="VarName" lexeme="it"><location loc="25.9--25.10"/><declaredAt location="34.17--34.29"/><imc name="BINOP" value="ADD"><imc name="TEMP" value="6"/><imc name="CONST" value="-8"/></imc></node><node label="AtomExpr" lexeme="1" spec="INT"><location loc="25.14--25.14"/><type label="INT"/><imc name="CONST" value="1"/></node><location loc="25.9--25.14"/><imc name="MOVE"><imc name="MEM"><imc name="BINOP" value="ADD"><imc name="TEMP" value="6"/><imc name="CONST" value="-8"/></imc></imc><imc name="CONST" value="1"/></imc></node><node label="AssignStmt"><node label="ArrExpr"><node label="VarName" lexeme="x"><location loc="26.9--26.9"/><declaredAt location="35.17--35.36"/><imc name="BINOP" value="ADD"><imc name="TEMP" value="6"/><imc name="CONST" value="-88"/></imc></node><node label="AtomExpr" lexeme="0" spec="INT"><location loc="26.11--26.11"/><type label="INT"/><imc name="CONST" value="0"/></node><location loc="26.9--26.12"/><type label="INT"/><addr/><imc name="BINOP" value="ADD"><imc name="BINOP" value="ADD"><imc name="TEMP" value="6"/><imc name="CONST" value="-88"/></imc><imc name="BINOP" value="MUL"><imc name="CONST" value="0"/><imc name="CONST" value="8"/></imc></imc></node><node label="AtomExpr" lexeme="1" spec="INT"><location loc="26.16--26.16"/><type label="INT"/><imc name="CONST" value="1"/></node><location loc="26.9--26.16"/><imc name="MOVE"><imc name="MEM"><imc name="BINOP" value="ADD"><imc name="BINOP" value="ADD"><imc name="TEMP" value="6"/><imc name="CONST" value="-88"/></imc><imc name="BINOP" value="MUL"><imc name="CONST" value="0"/><imc name="CONST" value="8"/></imc></imc></imc><imc name="CONST" value="1"/></imc></node><node label="WhileStmt"><node label="BinExpr" spec="LTH"><node label="VarName" lexeme="it"><location loc="27.15--27.16"/><declaredAt location="34.17--34.29"/><imc name="MEM"><imc name="BINOP" value="ADD"><imc name="TEMP" value="6"/><imc name="CONST" value="-8"/></imc></imc></node><node label="AtomExpr" lexeme="10" spec="INT"><location loc="27.20--27.21"/><type label="INT"/><imc name="CONST" value="10"/></node><location loc="27.15--27.21"/><type label="BOOL"/><imc name="BINOP" value="LTH"><imc name="MEM"><imc name="BINOP" value="ADD"><imc name="TEMP" value="6"/><imc name="CONST" value="-8"/></imc></imc><imc name="CONST" value="10"/></imc></node><node label="Stmts"><node label="AssignStmt"><node label="ArrExpr"><node label="VarName" lexeme="x"><location loc="28.17--28.17"/><declaredAt location="35.17--35.36"/><imc name="BINOP" value="ADD"><imc name="TEMP" value="6"/><imc name="CONST" value="-88"/></imc></node><node label="VarName" lexeme="it"><location loc="28.19--28.20"/><declaredAt location="34.17--34.29"/><imc name="MEM"><imc name="BINOP" value="ADD"><imc name="TEMP" value="6"/><imc name="CONST" value="-8"/></imc></imc></node><location loc="28.17--28.21"/><type label="INT"/><addr/><imc name="BINOP" value="ADD"><imc name="BINOP" value="ADD"><imc name="TEMP" value="6"/><imc name="CONST" value="-88"/></imc><imc name="BINOP" value="MUL"><imc name="MEM"><imc name="BINOP" value="ADD"><imc name="TEMP" value="6"/><imc name="CONST" value="-8"/></imc></imc><imc name="CONST" value="8"/></imc></imc></node><node label="BinExpr" spec="MUL"><node label="ArrExpr"><node label="VarName" lexeme="x"><location loc="28.25--28.25"/><declaredAt location="35.17--35.36"/><imc name="BINOP" value="ADD"><imc name="TEMP" value="6"/><imc name="CONST" value="-88"/></imc></node><node label="BinExpr" spec="SUB"><node label="VarName" lexeme="it"><location loc="28.27--28.28"/><declaredAt location="34.17--34.29"/><imc name="MEM"><imc name="BINOP" value="ADD"><imc name="TEMP" value="6"/><imc name="CONST" value="-8"/></imc></imc></node><node label="AtomExpr" lexeme="1" spec="INT"><location loc="28.32--28.32"/><type label="INT"/><imc name="CONST" value="1"/></node><location loc="28.27--28.32"/><type label="INT"/><imc name="BINOP" value="SUB"><imc name="MEM"><imc name="BINOP" value="ADD"><imc name="TEMP" value="6"/><imc name="CONST" value="-8"/></imc></imc><imc name="CONST" value="1"/></imc></node><location loc="28.25--28.33"/><type label="INT"/><addr/><imc name="MEM"><imc name="BINOP" value="ADD"><imc name="BINOP" value="ADD"><imc name="TEMP" value="6"/><imc name="CONST" value="-88"/></imc><imc name="BINOP" value="MUL"><imc name="BINOP" value="SUB"><imc name="MEM"><imc name="BINOP" value="ADD"><imc name="TEMP" value="6"/><imc name="CONST" value="-8"/></imc></imc><imc name="CONST" value="1"/></imc><imc name="CONST" value="8"/></imc></imc></imc></node><node label="AtomExpr" lexeme="17" spec="INT"><location loc="28.37--28.38"/><type label="INT"/><imc name="CONST" value="17"/></node><location loc="28.25--28.38"/><type label="INT"/><imc name="BINOP" value="MUL"><imc name="MEM"><imc name="BINOP" value="ADD"><imc name="BINOP" value="ADD"><imc name="TEMP" value="6"/><imc name="CONST" value="-88"/></imc><imc name="BINOP" value="MUL"><imc name="BINOP" value="SUB"><imc name="MEM"><imc name="BINOP" value="ADD"><imc name="TEMP" value="6"/><imc name="CONST" value="-8"/></imc></imc><imc name="CONST" value="1"/></imc><imc name="CONST" value="8"/></imc></imc></imc><imc name="CONST" value="17"/></imc></node><location loc="28.17--28.38"/><imc name="MOVE"><imc name="MEM"><imc name="BINOP" value="ADD"><imc name="BINOP" value="ADD"><imc name="TEMP" value="6"/><imc name="CONST" value="-88"/></imc><imc name="BINOP" value="MUL"><imc name="MEM"><imc name="BINOP" value="ADD"><imc name="TEMP" value="6"/><imc name="CONST" value="-8"/></imc></imc><imc name="CONST" value="8"/></imc></imc></imc><imc name="BINOP" value="MUL"><imc name="MEM"><imc name="BINOP" value="ADD"><imc name="BINOP" value="ADD"><imc name="TEMP" value="6"/><imc name="CONST" value="-88"/></imc><imc name="BINOP" value="MUL"><imc name="BINOP" value="SUB"><imc name="MEM"><imc name="BINOP" value="ADD"><imc name="TEMP" value="6"/><imc name="CONST" value="-8"/></imc></imc><imc name="CONST" value="1"/></imc><imc name="CONST" value="8"/></imc></imc></imc><imc name="CONST" value="17"/></imc></imc></node><node label="AssignStmt"><node label="VarName" lexeme="it"><location loc="29.17--29.18"/><declaredAt location="34.17--34.29"/><imc name="BINOP" value="ADD"><imc name="TEMP" value="6"/><imc name="CONST" value="-8"/></imc></node><node label="BinExpr" spec="ADD"><node label="VarName" lexeme="it"><location loc="29.22--29.23"/><declaredAt location="34.17--34.29"/><imc name="MEM"><imc name="BINOP" value="ADD"><imc name="TEMP" value="6"/><imc name="CONST" value="-8"/></imc></imc></node><node label="AtomExpr" lexeme="1" spec="INT"><location loc="29.27--29.27"/><type label="INT"/><imc name="CONST" value="1"/></node><location loc="29.22--29.27"/><type label="INT"/><imc name="BINOP" value="ADD"><imc name="MEM"><imc name="BINOP" value="ADD"><imc name="TEMP" value="6"/><imc name="CONST" value="-8"/></imc></imc><imc name="CONST" value="1"/></imc></node><location loc="29.17--29.27"/><imc name="MOVE"><imc name="MEM"><imc name="BINOP" value="ADD"><imc name="TEMP" value="6"/><imc name="CONST" value="-8"/></imc></imc><imc name="BINOP" value="ADD"><imc name="MEM"><imc name="BINOP" value="ADD"><imc name="TEMP" value="6"/><imc name="CONST" value="-8"/></imc></imc><imc name="CONST" value="1"/></imc></imc></node><location loc="28.17--29.27"/></node><location loc="27.9--30.11"/><imc name="STMTS"><imc name="LABEL" value="L9"/><imc name="CJUMP" value="L10:L11"><imc name="BINOP" value="LTH"><imc name="MEM"><imc name="BINOP" value="ADD"><imc name="TEMP" value="6"/><imc name="CONST" value="-8"/></imc></imc><imc name="CONST" value="10"/></imc></imc><imc name="LABEL" value="L10"/><imc name="STMTS"><imc name="MOVE"><imc name="MEM"><imc name="BINOP" value="ADD"><imc name="BINOP" value="ADD"><imc name="TEMP" value="6"/><imc name="CONST" value="-88"/></imc><imc name="BINOP" value="MUL"><imc name="MEM"><imc name="BINOP" value="ADD"><imc name="TEMP" value="6"/><imc name="CONST" value="-8"/></imc></imc><imc name="CONST" value="8"/></imc></imc></imc><imc name="BINOP" value="MUL"><imc name="MEM"><imc name="BINOP" value="ADD"><imc name="BINOP" value="ADD"><imc name="TEMP" value="6"/><imc name="CONST" value="-88"/></imc><imc name="BINOP" value="MUL"><imc name="BINOP" value="SUB"><imc name="MEM"><imc name="BINOP" value="ADD"><imc name="TEMP" value="6"/><imc name="CONST" value="-8"/></imc></imc><imc name="CONST" value="1"/></imc><imc name="CONST" value="8"/></imc></imc></imc><imc name="CONST" value="17"/></imc></imc><imc name="MOVE"><imc name="MEM"><imc name="BINOP" value="ADD"><imc name="TEMP" value="6"/><imc name="CONST" value="-8"/></imc></imc><imc name="BINOP" value="ADD"><imc name="MEM"><imc name="BINOP" value="ADD"><imc name="TEMP" value="6"/><imc name="CONST" value="-8"/></imc></imc><imc name="CONST" value="1"/></imc></imc></imc><imc name="JUMP" value="L9"/><imc name="LABEL" value="L11"/></imc></node><location loc="25.9--30.11"/></node><node label="AtomExpr" lexeme="none" spec="VOID"><location loc="32.11--32.14"/><type label="VOID"/><imc name="CONST" value="0"/></node><location loc="25.9--35.36"/><type label="VOID"/><imc name="SEXPR"><imc name="STMTS"><imc name="MOVE"><imc name="MEM"><imc name="BINOP" value="ADD"><imc name="TEMP" value="6"/><imc name="CONST" value="-8"/></imc></imc><imc name="CONST" value="1"/></imc><imc name="MOVE"><imc name="MEM"><imc name="BINOP" value="ADD"><imc name="BINOP" value="ADD"><imc name="TEMP" value="6"/><imc name="CONST" value="-88"/></imc><imc name="BINOP" value="MUL"><imc name="CONST" value="0"/><imc name="CONST" value="8"/></imc></imc></imc><imc name="CONST" value="1"/></imc><imc name="STMTS"><imc name="LABEL" value="L9"/><imc name="CJUMP" value="L10:L11"><imc name="BINOP" value="LTH"><imc name="MEM"><imc name="BINOP" value="ADD"><imc name="TEMP" value="6"/><imc name="CONST" value="-8"/></imc></imc><imc name="CONST" value="10"/></imc></imc><imc name="LABEL" value="L10"/><imc name="STMTS"><imc name="MOVE"><imc name="MEM"><imc name="BINOP" value="ADD"><imc name="BINOP" value="ADD"><imc name="TEMP" value="6"/><imc name="CONST" value="-88"/></imc><imc name="BINOP" value="MUL"><imc name="MEM"><imc name="BINOP" value="ADD"><imc name="TEMP" value="6"/><imc name="CONST" value="-8"/></imc></imc><imc name="CONST" value="8"/></imc></imc></imc><imc name="BINOP" value="MUL"><imc name="MEM"><imc name="BINOP" value="ADD"><imc name="BINOP" value="ADD"><imc name="TEMP" value="6"/><imc name="CONST" value="-88"/></imc><imc name="BINOP" value="MUL"><imc name="BINOP" value="SUB"><imc name="MEM"><imc name="BINOP" value="ADD"><imc name="TEMP" value="6"/><imc name="CONST" value="-8"/></imc></imc><imc name="CONST" value="1"/></imc><imc name="CONST" value="8"/></imc></imc></imc><imc name="CONST" value="17"/></imc></imc><imc name="MOVE"><imc name="MEM"><imc name="BINOP" value="ADD"><imc name="TEMP" value="6"/><imc name="CONST" value="-8"/></imc></imc><imc name="BINOP" value="ADD"><imc name="MEM"><imc name="BINOP" value="ADD"><imc name="TEMP" value="6"/><imc name="CONST" value="-8"/></imc></imc><imc name="CONST" value="1"/></imc></imc></imc><imc name="JUMP" value="L9"/><imc name="LABEL" value="L11"/></imc></imc><imc name="CONST" value="0"/></imc></node><location loc="23.1--36.2"/><frame FP="T6" RV="T7" argssize="0" depth="1" label="_h" locssize="88" size="104"/></node><node label="FunDef" lexeme="main"><node label="ParDecls"><location loc="0.0--0.0"/></node><node label="AtomType" spec="INT"><location loc="38.14--38.16"/></node><node label="BlockExpr"><node label="Decls"><location loc="0.0--0.0"/></node><node label="Stmts"><node label="ExprStmt"><node label="FunName" lexeme="h"><node label="Args"><location loc="0.0--0.0"/></node><location loc="40.9--40.11"/><declaredAt location="23.1--36.2"/><type label="VOID"/><imc name="CALL" value="_h"><imc name="CONST" value="0"/></imc></node><location loc="40.9--40.11"/><imc name="ESTMT"><imc name="CALL" value="_h"><imc name="CONST" value="0"/></imc></imc></node><location loc="40.9--40.11"/></node><node label="AtomExpr" lexeme="0" spec="INT"><location loc="42.11--42.11"/><type label="INT"/><imc name="CONST" value="0"/></node><location loc="40.9--42.11"/><type label="INT"/><imc name="SEXPR"><imc name="STMTS"><imc name="ESTMT"><imc name="CALL" value="_h"><imc name="CONST" value="0"/></imc></imc></imc><imc name="CONST" value="0"/></imc></node><location loc="38.1--43.2"/><frame FP="T8" RV="T9" argssize="8" depth="1" label="_main" locssize="0" size="24"/></node><location loc="1.1--43.2"/></node><location loc="1.1--43.2"/></node></imcgen>