<?xml version="1.0" encoding="UTF-8" standalone="no"?><?xml-stylesheet type="text/xsl" href="../../data/imcgen.xsl"?><imcgen><node label="Source"><node label="Decls"><node label="FunDef" lexeme="putInt"><node label="ParDecls"><node label="ParDecl" lexeme="x"><node label="AtomType" spec="INT"><location loc="1.16--1.18"/></node><location loc="1.12--1.18"/><access depth="1" offset="8" size="8"/></node><location loc="1.12--1.18"/></node><node label="AtomType" spec="VOID"><location loc="1.23--1.26"/></node><node label="BlockExpr"><node label="Decls"><location loc="0.0--0.0"/></node><node label="Stmts"><node label="IfStmt"><node label="BinExpr" spec="EQU"><node label="VarName" lexeme="x"><location loc="2.12--2.12"/><declaredAt location="1.12--1.18"/><imc name="MEM"><imc name="BINOP" value="ADD"><imc name="TEMP" value="0"/><imc name="CONST" value="8"/></imc></imc></node><node label="AtomExpr" lexeme="0" spec="INT"><location loc="2.17--2.17"/><type label="INT"/><imc name="CONST" value="0"/></node><location loc="2.12--2.17"/><type label="BOOL"/><imc name="BINOP" value="EQU"><imc name="MEM"><imc name="BINOP" value="ADD"><imc name="TEMP" value="0"/><imc name="CONST" value="8"/></imc></imc><imc name="CONST" value="0"/></imc></node><node label="Stmts"><node label="ExprStmt"><node label="FunName" lexeme="putChar"><node label="Args"><node label="AtomExpr" lexeme="'0'" spec="CHAR"><location loc="3.25--3.27"/><type label="CHAR"/><imc name="CONST" value="48"/></node><location loc="3.25--3.27"/></node><location loc="3.17--3.28"/><declaredAt location="20.1--20.25"/><type label="VOID"/><imc name="CALL" value="_putChar"><imc name="CONST" value="0"/><imc name="CONST" value="48"/></imc></node><location loc="3.17--3.28"/><imc name="ESTMT"><imc name="CALL" value="_putChar"><imc name="CONST" value="0"/><imc name="CONST" value="48"/></imc></imc></node><location loc="3.17--3.28"/></node><node label="Stmts"><node label="IfStmt"><node label="BinExpr" spec="LTH"><node label="VarName" lexeme="x"><location loc="5.20--5.20"/><declaredAt location="1.12--1.18"/><imc name="MEM"><imc name="BINOP" value="ADD"><imc name="TEMP" value="0"/><imc name="CONST" value="8"/></imc></imc></node><node label="AtomExpr" lexeme="0" spec="INT"><location loc="5.24--5.24"/><type label="INT"/><imc name="CONST" value="0"/></node><location loc="5.20--5.24"/><type label="BOOL"/><imc name="BINOP" value="LTH"><imc name="MEM"><imc name="BINOP" value="ADD"><imc name="TEMP" value="0"/><imc name="CONST" value="8"/></imc></imc><imc name="CONST" value="0"/></imc></node><node label="Stmts"><node label="ExprStmt"><node label="FunName" lexeme="putChar"><node label="Args"><node label="AtomExpr" lexeme="'-'" spec="CHAR"><location loc="6.33--6.35"/><type label="CHAR"/><imc name="CONST" value="45"/></node><location loc="6.33--6.35"/></node><location loc="6.25--6.36"/><declaredAt location="20.1--20.25"/><type label="VOID"/><imc name="CALL" value="_putChar"><imc name="CONST" value="0"/><imc name="CONST" value="45"/></imc></node><location loc="6.25--6.36"/><imc name="ESTMT"><imc name="CALL" value="_putChar"><imc name="CONST" value="0"/><imc name="CONST" value="45"/></imc></imc></node><node label="ExprStmt"><node label="FunName" lexeme="putInt"><node label="Args"><node label="UnExpr" spec="SUB"><node label="VarName" lexeme="x"><location loc="7.33--7.33"/><declaredAt location="1.12--1.18"/><imc name="MEM"><imc name="BINOP" value="ADD"><imc name="TEMP" value="0"/><imc name="CONST" value="8"/></imc></imc></node><location loc="7.32--7.33"/><type label="INT"/><imc name="UNOP" value="NEG"><imc name="MEM"><imc name="BINOP" value="ADD"><imc name="TEMP" value="0"/><imc name="CONST" value="8"/></imc></imc></imc></node><location loc="7.32--7.33"/></node><location loc="7.25--7.34"/><declaredAt location="1.1--18.2"/><type label="VOID"/><imc name="CALL" value="_putInt"><imc name="CONST" value="0"/><imc name="UNOP" value="NEG"><imc name="MEM"><imc name="BINOP" value="ADD"><imc name="TEMP" value="0"/><imc name="CONST" value="8"/></imc></imc></imc></imc></node><location loc="7.25--7.34"/><imc name="ESTMT"><imc name="CALL" value="_putInt"><imc name="CONST" value="0"/><imc name="UNOP" value="NEG"><imc name="MEM"><imc name="BINOP" value="ADD"><imc name="TEMP" value="0"/><imc name="CONST" value="8"/></imc></imc></imc></imc></imc></node><location loc="6.25--7.34"/></node><node label="Stmts"><node label="IfStmt"><node label="BinExpr" spec="LTH"><node label="VarName" lexeme="x"><location loc="9.28--9.28"/><declaredAt location="1.12--1.18"/><imc name="MEM"><imc name="BINOP" value="ADD"><imc name="TEMP" value="0"/><imc name="CONST" value="8"/></imc></imc></node><node label="AtomExpr" lexeme="10" spec="INT"><location loc="9.32--9.33"/><type label="INT"/><imc name="CONST" value="10"/></node><location loc="9.28--9.33"/><type label="BOOL"/><imc name="BINOP" value="LTH"><imc name="MEM"><imc name="BINOP" value="ADD"><imc name="TEMP" value="0"/><imc name="CONST" value="8"/></imc></imc><imc name="CONST" value="10"/></imc></node><node label="Stmts"><node label="ExprStmt"><node label="FunName" lexeme="putChar"><node label="Args"><node label="CastExpr"><node label="BinExpr" spec="ADD"><node label="VarName" lexeme="x"><location loc="10.42--10.42"/><declaredAt location="1.12--1.18"/><imc name="MEM"><imc name="BINOP" value="ADD"><imc name="TEMP" value="0"/><imc name="CONST" value="8"/></imc></imc></node><node label="AtomExpr" lexeme="48" spec="INT"><location loc="10.46--10.47"/><type label="INT"/><imc name="CONST" value="48"/></node><location loc="10.42--10.47"/><type label="INT"/><imc name="BINOP" value="ADD"><imc name="MEM"><imc name="BINOP" value="ADD"><imc name="TEMP" value="0"/><imc name="CONST" value="8"/></imc></imc><imc name="CONST" value="48"/></imc></node><node label="AtomType" spec="CHAR"><location loc="10.51--10.54"/></node><location loc="10.49--10.55"/><type label="CHAR"/><imc name="BINOP" value="MOD"><imc name="BINOP" value="ADD"><imc name="MEM"><imc name="BINOP" value="ADD"><imc name="TEMP" value="0"/><imc name="CONST" value="8"/></imc></imc><imc name="CONST" value="48"/></imc><imc name="CONST" value="256"/></imc></node><location loc="10.49--10.55"/></node><location loc="10.33--10.56"/><declaredAt location="20.1--20.25"/><type label="VOID"/><imc name="CALL" value="_putChar"><imc name="CONST" value="0"/><imc name="BINOP" value="MOD"><imc name="BINOP" value="ADD"><imc name="MEM"><imc name="BINOP" value="ADD"><imc name="TEMP" value="0"/><imc name="CONST" value="8"/></imc></imc><imc name="CONST" value="48"/></imc><imc name="CONST" value="256"/></imc></imc></node><location loc="10.33--10.56"/><imc name="ESTMT"><imc name="CALL" value="_putChar"><imc name="CONST" value="0"/><imc name="BINOP" value="MOD"><imc name="BINOP" value="ADD"><imc name="MEM"><imc name="BINOP" value="ADD"><imc name="TEMP" value="0"/><imc name="CONST" value="8"/></imc></imc><imc name="CONST" value="48"/></imc><imc name="CONST" value="256"/></imc></imc></imc></node><location loc="10.33--10.56"/></node><node label="Stmts"><node label="ExprStmt"><node label="FunName" lexeme="putInt"><node label="Args"><node label="BinExpr" spec="DIV"><node label="VarName" lexeme="x"><location loc="12.40--12.40"/><declaredAt location="1.12--1.18"/><imc name="MEM"><imc name="BINOP" value="ADD"><imc name="TEMP" value="0"/><imc name="CONST" value="8"/></imc></imc></node><node label="AtomExpr" lexeme="10" spec="INT"><location loc="12.44--12.45"/><type label="INT"/><imc name="CONST" value="10"/></node><location loc="12.40--12.45"/><type label="INT"/><imc name="BINOP" value="DIV"><imc name="MEM"><imc name="BINOP" value="ADD"><imc name="TEMP" value="0"/><imc name="CONST" value="8"/></imc></imc><imc name="CONST" value="10"/></imc></node><location loc="12.40--12.45"/></node><location loc="12.33--12.46"/><declaredAt location="1.1--18.2"/><type label="VOID"/><imc name="CALL" value="_putInt"><imc name="CONST" value="0"/><imc name="BINOP" value="DIV"><imc name="MEM"><imc name="BINOP" value="ADD"><imc name="TEMP" value="0"/><imc name="CONST" value="8"/></imc></imc><imc name="CONST" value="10"/></imc></imc></node><location loc="12.33--12.46"/><imc name="ESTMT"><imc name="CALL" value="_putInt"><imc name="CONST" value="0"/><imc name="BINOP" value="DIV"><imc name="MEM"><imc name="BINOP" value="ADD"><imc name="TEMP" value="0"/><imc name="CONST" value="8"/></imc></imc><imc name="CONST" value="10"/></imc></imc></imc></node><node label="ExprStmt"><node label="FunName" lexeme="putChar"><node label="Args"><node label="CastExpr"><node label="BinExpr" spec="ADD"><node label="BinExpr" spec="MOD"><node label="VarName" lexeme="x"><location loc="13.42--13.42"/><declaredAt location="1.12--1.18"/><imc name="MEM"><imc name="BINOP" value="ADD"><imc name="TEMP" value="0"/><imc name="CONST" value="8"/></imc></imc></node><node label="AtomExpr" lexeme="10" spec="INT"><location loc="13.46--13.47"/><type label="INT"/><imc name="CONST" value="10"/></node><location loc="13.42--13.47"/><type label="INT"/><imc name="BINOP" value="MOD"><imc name="MEM"><imc name="BINOP" value="ADD"><imc name="TEMP" value="0"/><imc name="CONST" value="8"/></imc></imc><imc name="CONST" value="10"/></imc></node><node label="AtomExpr" lexeme="48" spec="INT"><location loc="13.51--13.52"/><type label="INT"/><imc name="CONST" value="48"/></node><location loc="13.42--13.52"/><type label="INT"/><imc name="BINOP" value="ADD"><imc name="BINOP" value="MOD"><imc name="MEM"><imc name="BINOP" value="ADD"><imc name="TEMP" value="0"/><imc name="CONST" value="8"/></imc></imc><imc name="CONST" value="10"/></imc><imc name="CONST" value="48"/></imc></node><node label="AtomType" spec="CHAR"><location loc="13.56--13.59"/></node><location loc="13.54--13.60"/><type label="CHAR"/><imc name="BINOP" value="MOD"><imc name="BINOP" value="ADD"><imc name="BINOP" value="MOD"><imc name="MEM"><imc name="BINOP" value="ADD"><imc name="TEMP" value="0"/><imc name="CONST" value="8"/></imc></imc><imc name="CONST" value="10"/></imc><imc name="CONST" value="48"/></imc><imc name="CONST" value="256"/></imc></node><location loc="13.54--13.60"/></node><location loc="13.33--13.61"/><declaredAt location="20.1--20.25"/><type label="VOID"/><imc name="CALL" value="_putChar"><imc name="CONST" value="0"/><imc name="BINOP" value="MOD"><imc name="BINOP" value="ADD"><imc name="BINOP" value="MOD"><imc name="MEM"><imc name="BINOP" value="ADD"><imc name="TEMP" value="0"/><imc name="CONST" value="8"/></imc></imc><imc name="CONST" value="10"/></imc><imc name="CONST" value="48"/></imc><imc name="CONST" value="256"/></imc></imc></node><location loc="13.33--13.61"/><imc name="ESTMT"><imc name="CALL" value="_putChar"><imc name="CONST" value="0"/><imc name="BINOP" value="MOD"><imc name="BINOP" value="ADD"><imc name="BINOP" value="MOD"><imc name="MEM"><imc name="BINOP" value="ADD"><imc name="TEMP" value="0"/><imc name="CONST" value="8"/></imc></imc><imc name="CONST" value="10"/></imc><imc name="CONST" value="48"/></imc><imc name="CONST" value="256"/></imc></imc></imc></node><location loc="12.33--13.61"/></node><location loc="9.25--14.27"/><imc name="STMTS"><imc name="CJUMP" value="L0:L1"><imc name="BINOP" value="LTH"><imc name="MEM"><imc name="BINOP" value="ADD"><imc name="TEMP" value="0"/><imc name="CONST" value="8"/></imc></imc><imc name="CONST" value="10"/></imc></imc><imc name="LABEL" value="L0"/><imc name="STMTS"><imc name="ESTMT"><imc name="CALL" value="_putChar"><imc name="CONST" value="0"/><imc name="BINOP" value="MOD"><imc name="BINOP" value="ADD"><imc name="MEM"><imc name="BINOP" value="ADD"><imc name="TEMP" value="0"/><imc name="CONST" value="8"/></imc></imc><imc name="CONST" value="48"/></imc><imc name="CONST" value="256"/></imc></imc></imc></imc><imc name="JUMP" value="L2"/><imc name="LABEL" value="L1"/><imc name="STMTS"><imc name="ESTMT"><imc name="CALL" value="_putInt"><imc name="CONST" value="0"/><imc name="BINOP" value="DIV"><imc name="MEM"><imc name="BINOP" value="ADD"><imc name="TEMP" value="0"/><imc name="CONST" value="8"/></imc></imc><imc name="CONST" value="10"/></imc></imc></imc><imc name="ESTMT"><imc name="CALL" value="_putChar"><imc name="CONST" value="0"/><imc name="BINOP" value="MOD"><imc name="BINOP" value="ADD"><imc name="BINOP" value="MOD"><imc name="MEM"><imc name="BINOP" value="ADD"><imc name="TEMP" value="0"/><imc name="CONST" value="8"/></imc></imc><imc name="CONST" value="10"/></imc><imc name="CONST" value="48"/></imc><imc name="CONST" value="256"/></imc></imc></imc></imc><imc name="LABEL" value="L2"/></imc></node><location loc="9.25--14.27"/></node><location loc="5.17--15.19"/><imc name="STMTS"><imc name="CJUMP" value="L3:L4"><imc name="BINOP" value="LTH"><imc name="MEM"><imc name="BINOP" value="ADD"><imc name="TEMP" value="0"/><imc name="CONST" value="8"/></imc></imc><imc name="CONST" value="0"/></imc></imc><imc name="LABEL" value="L3"/><imc name="STMTS"><imc name="ESTMT"><imc name="CALL" value="_putChar"><imc name="CONST" value="0"/><imc name="CONST" value="45"/></imc></imc><imc name="ESTMT"><imc name="CALL" value="_putInt"><imc name="CONST" value="0"/><imc name="UNOP" value="NEG"><imc name="MEM"><imc name="BINOP" value="ADD"><imc name="TEMP" value="0"/><imc name="CONST" value="8"/></imc></imc></imc></imc></imc></imc><imc name="JUMP" value="L5"/><imc name="LABEL" value="L4"/><imc name="STMTS"><imc name="STMTS"><imc name="CJUMP" value="L0:L1"><imc name="BINOP" value="LTH"><imc name="MEM"><imc name="BINOP" value="ADD"><imc name="TEMP" value="0"/><imc name="CONST" value="8"/></imc></imc><imc name="CONST" value="10"/></imc></imc><imc name="LABEL" value="L0"/><imc name="STMTS"><imc name="ESTMT"><imc name="CALL" value="_putChar"><imc name="CONST" value="0"/><imc name="BINOP" value="MOD"><imc name="BINOP" value="ADD"><imc name="MEM"><imc name="BINOP" value="ADD"><imc name="TEMP" value="0"/><imc name="CONST" value="8"/></imc></imc><imc name="CONST" value="48"/></imc><imc name="CONST" value="256"/></imc></imc></imc></imc><imc name="JUMP" value="L2"/><imc name="LABEL" value="L1"/><imc name="STMTS"><imc name="ESTMT"><imc name="CALL" value="_putInt"><imc name="CONST" value="0"/><imc name="BINOP" value="DIV"><imc name="MEM"><imc name="BINOP" value="ADD"><imc name="TEMP" value="0"/><imc name="CONST" value="8"/></imc></imc><imc name="CONST" value="10"/></imc></imc></imc><imc name="ESTMT"><imc name="CALL" value="_putChar"><imc name="CONST" value="0"/><imc name="BINOP" value="MOD"><imc name="BINOP" value="ADD"><imc name="BINOP" value="MOD"><imc name="MEM"><imc name="BINOP" value="ADD"><imc name="TEMP" value="0"/><imc name="CONST" value="8"/></imc></imc><imc name="CONST" value="10"/></imc><imc name="CONST" value="48"/></imc><imc name="CONST" value="256"/></imc></imc></imc></imc><imc name="LABEL" value="L2"/></imc></imc><imc name="LABEL" value="L5"/></imc></node><location loc="5.17--15.19"/></node><location loc="2.9--16.11"/><imc name="STMTS"><imc name="CJUMP" value="L6:L7"><imc name="BINOP" value="EQU"><imc name="MEM"><imc name="BINOP" value="ADD"><imc name="TEMP" value="0"/><imc name="CONST" value="8"/></imc></imc><imc name="CONST" value="0"/></imc></imc><imc name="LABEL" value="L6"/><imc name="STMTS"><imc name="ESTMT"><imc name="CALL" value="_putChar"><imc name="CONST" value="0"/><imc name="CONST" value="48"/></imc></imc></imc><imc name="JUMP" value="L8"/><imc name="LABEL" value="L7"/><imc name="STMTS"><imc name="STMTS"><imc name="CJUMP" value="L3:L4"><imc name="BINOP" value="LTH"><imc name="MEM"><imc name="BINOP" value="ADD"><imc name="TEMP" value="0"/><imc name="CONST" value="8"/></imc></imc><imc name="CONST" value="0"/></imc></imc><imc name="LABEL" value="L3"/><imc name="STMTS"><imc name="ESTMT"><imc name="CALL" value="_putChar"><imc name="CONST" value="0"/><imc name="CONST" value="45"/></imc></imc><imc name="ESTMT"><imc name="CALL" value="_putInt"><imc name="CONST" value="0"/><imc name="UNOP" value="NEG"><imc name="MEM"><imc name="BINOP" value="ADD"><imc name="TEMP" value="0"/><imc name="CONST" value="8"/></imc></imc></imc></imc></imc></imc><imc name="JUMP" value="L5"/><imc name="LABEL" value="L4"/><imc name="STMTS"><imc name="STMTS"><imc name="CJUMP" value="L0:L1"><imc name="BINOP" value="LTH"><imc name="MEM"><imc name="BINOP" value="ADD"><imc name="TEMP" value="0"/><imc name="CONST" value="8"/></imc></imc><imc name="CONST" value="10"/></imc></imc><imc name="LABEL" value="L0"/><imc name="STMTS"><imc name="ESTMT"><imc name="CALL" value="_putChar"><imc name="CONST" value="0"/><imc name="BINOP" value="MOD"><imc name="BINOP" value="ADD"><imc name="MEM"><imc name="BINOP" value="ADD"><imc name="TEMP" value="0"/><imc name="CONST" value="8"/></imc></imc><imc name="CONST" value="48"/></imc><imc name="CONST" value="256"/></imc></imc></imc></imc><imc name="JUMP" value="L2"/><imc name="LABEL" value="L1"/><imc name="STMTS"><imc name="ESTMT"><imc name="CALL" value="_putInt"><imc name="CONST" value="0"/><imc name="BINOP" value="DIV"><imc name="MEM"><imc name="BINOP" value="ADD"><imc name="TEMP" value="0"/><imc name="CONST" value="8"/></imc></imc><imc name="CONST" value="10"/></imc></imc></imc><imc name="ESTMT"><imc name="CALL" value="_putChar"><imc name="CONST" value="0"/><imc name="BINOP" value="MOD"><imc name="BINOP" value="ADD"><imc name="BINOP" value="MOD"><imc name="MEM"><imc name="BINOP" value="ADD"><imc name="TEMP" value="0"/><imc name="CONST" value="8"/></imc></imc><imc name="CONST" value="10"/></imc><imc name="CONST" value="48"/></imc><imc name="CONST" value="256"/></imc></imc></imc></imc><imc name="LABEL" value="L2"/></imc></imc><imc name="LABEL" value="L5"/></imc></imc><imc name="LABEL" value="L8"/></imc></node><location loc="2.9--16.11"/></node><node label="AtomExpr" lexeme="none" spec="VOID"><location loc="17.11--17.14"/><type label="VOID"/><imc name="CONST" value="0"/></node><location loc="2.9--17.14"/><type label="VOID"/><imc name="SEXPR"><imc name="STMTS"><imc name="STMTS"><imc name="CJUMP" value="L6:L7"><imc name="BINOP" value="EQU"><imc name="MEM"><imc name="BINOP" value="ADD"><imc name="TEMP" value="0"/><imc name="CONST" value="8"/></imc></imc><imc name="CONST" value="0"/></imc></imc><imc name="LABEL" value="L6"/><imc name="STMTS"><imc name="ESTMT"><imc name="CALL" value="_putChar"><imc name="CONST" value="0"/><imc name="CONST" value="48"/></imc></imc></imc><imc name="JUMP" value="L8"/><imc name="LABEL" value="L7"/><imc name="STMTS"><imc name="STMTS"><imc name="CJUMP" value="L3:L4"><imc name="BINOP" value="LTH"><imc name="MEM"><imc name="BINOP" value="ADD"><imc name="TEMP" value="0"/><imc name="CONST" value="8"/></imc></imc><imc name="CONST" value="0"/></imc></imc><imc name="LABEL" value="L3"/><imc name="STMTS"><imc name="ESTMT"><imc name="CALL" value="_putChar"><imc name="CONST" value="0"/><imc name="CONST" value="45"/></imc></imc><imc name="ESTMT"><imc name="CALL" value="_putInt"><imc name="CONST" value="0"/><imc name="UNOP" value="NEG"><imc name="MEM"><imc name="BINOP" value="ADD"><imc name="TEMP" value="0"/><imc name="CONST" value="8"/></imc></imc></imc></imc></imc></imc><imc name="JUMP" value="L5"/><imc name="LABEL" value="L4"/><imc name="STMTS"><imc name="STMTS"><imc name="CJUMP" value="L0:L1"><imc name="BINOP" value="LTH"><imc name="MEM"><imc name="BINOP" value="ADD"><imc name="TEMP" value="0"/><imc name="CONST" value="8"/></imc></imc><imc name="CONST" value="10"/></imc></imc><imc name="LABEL" value="L0"/><imc name="STMTS"><imc name="ESTMT"><imc name="CALL" value="_putChar"><imc name="CONST" value="0"/><imc name="BINOP" value="MOD"><imc name="BINOP" value="ADD"><imc name="MEM"><imc name="BINOP" value="ADD"><imc name="TEMP" value="0"/><imc name="CONST" value="8"/></imc></imc><imc name="CONST" value="48"/></imc><imc name="CONST" value="256"/></imc></imc></imc></imc><imc name="JUMP" value="L2"/><imc name="LABEL" value="L1"/><imc name="STMTS"><imc name="ESTMT"><imc name="CALL" value="_putInt"><imc name="CONST" value="0"/><imc name="BINOP" value="DIV"><imc name="MEM"><imc name="BINOP" value="ADD"><imc name="TEMP" value="0"/><imc name="CONST" value="8"/></imc></imc><imc name="CONST" value="10"/></imc></imc></imc><imc name="ESTMT"><imc name="CALL" value="_putChar"><imc name="CONST" value="0"/><imc name="BINOP" value="MOD"><imc name="BINOP" value="ADD"><imc name="BINOP" value="MOD"><imc name="MEM"><imc name="BINOP" value="ADD"><imc name="TEMP" value="0"/><imc name="CONST" value="8"/></imc></imc><imc name="CONST" value="10"/></imc><imc name="CONST" value="48"/></imc><imc name="CONST" value="256"/></imc></imc></imc></imc><imc name="LABEL" value="L2"/></imc></imc><imc name="LABEL" value="L5"/></imc></imc><imc name="LABEL" value="L8"/></imc></imc><imc name="CONST" value="0"/></imc></node><location loc="1.1--18.2"/><frame FP="T0" RV="T1" argssize="16" depth="1" label="_putInt" locssize="0" size="32"/></node><node label="FunDecl" lexeme="putChar"><node label="ParDecls"><node label="ParDecl" lexeme="c"><node label="AtomType" spec="CHAR"><location loc="20.15--20.18"/></node><location loc="20.13--20.18"/><access depth="1" offset="8" size="8"/></node><location loc="20.13--20.18"/></node><node label="AtomType" spec="VOID"><location loc="20.21--20.24"/></node><location loc="20.1--20.25"/></node><node label="FunDef" lexeme="main"><node label="ParDecls"><location loc="0.0--0.0"/></node><node label="AtomType" spec="INT"><location loc="22.12--22.14"/></node><node label="BlockExpr"><node label="Decls"><node label="VarDecl" lexeme="n"><node label="AtomType" spec="INT"><location loc="30.13--30.15"/></node><location loc="30.7--30.16"/><access depth="1" offset="-8" size="8"/></node><node label="VarDecl" lexeme="m"><node label="AtomType" spec="INT"><location loc="30.24--30.26"/></node><location loc="30.18--30.27"/><access depth="1" offset="-16" size="8"/></node><node label="VarDecl" lexeme="pi"><node label="PtrType"><node label="AtomType" spec="INT"><location loc="30.42--30.44"/></node><location loc="30.38--30.44"/><type label="PTR"><type label="INT"/></type></node><location loc="30.29--30.45"/><access depth="1" offset="-24" size="8"/></node><location loc="30.7--30.45"/></node><node label="Stmts"><node label="AssignStmt"><node label="VarName" lexeme="pi"><location loc="24.9--24.10"/><declaredAt location="30.29--30.45"/><imc name="BINOP" value="ADD"><imc name="TEMP" value="4"/><imc name="CONST" value="-24"/></imc></node><node label="NewExpr"><node label="AtomType" spec="INT"><location loc="24.18--24.20"/></node><location loc="24.14--24.21"/><type label="PTR"><type label="INT"/></type><imc name="CALL" value="_new"><imc name="CONST" value="0"/><imc name="CONST" value="8"/></imc></node><location loc="24.9--24.21"/><imc name="MOVE"><imc name="MEM"><imc name="BINOP" value="ADD"><imc name="TEMP" value="4"/><imc name="CONST" value="-24"/></imc></imc><imc name="CALL" value="_new"><imc name="CONST" value="0"/><imc name="CONST" value="8"/></imc></imc></node><node label="AssignStmt"><node label="UnExpr" spec="DATA"><node label="VarName" lexeme="pi"><location loc="25.11--25.12"/><declaredAt location="30.29--30.45"/><type label="PTR"><type label="INT"/></type><imc name="MEM"><imc name="BINOP" value="ADD"><imc name="TEMP" value="4"/><imc name="CONST" value="-24"/></imc></imc></node><location loc="25.10--25.12"/><type label="INT"/><addr/><imc name="MEM"><imc name="BINOP" value="ADD"><imc name="TEMP" value="4"/><imc name="CONST" value="-24"/></imc></imc></node><node label="AtomExpr" lexeme="51" spec="INT"><location loc="25.17--25.18"/><type label="INT"/><imc name="CONST" value="51"/></node><location loc="25.9--25.18"/><imc name="MOVE"><imc name="MEM"><imc name="MEM"><imc name="BINOP" value="ADD"><imc name="TEMP" value="4"/><imc name="CONST" value="-24"/></imc></imc></imc><imc name="CONST" value="51"/></imc></node><node label="ExprStmt"><node label="FunName" lexeme="putInt"><node label="Args"><node label="UnExpr" spec="DATA"><node label="VarName" lexeme="pi"><location loc="26.18--26.19"/><declaredAt location="30.29--30.45"/><type label="PTR"><type label="INT"/></type><imc name="MEM"><imc name="BINOP" value="ADD"><imc name="TEMP" value="4"/><imc name="CONST" value="-24"/></imc></imc></node><location loc="26.17--26.19"/><type label="INT"/><addr/><imc name="MEM"><imc name="MEM"><imc name="BINOP" value="ADD"><imc name="TEMP" value="4"/><imc name="CONST" value="-24"/></imc></imc></imc></node><location loc="26.17--26.19"/></node><location loc="26.9--26.21"/><declaredAt location="1.1--18.2"/><type label="VOID"/><imc name="CALL" value="_putInt"><imc name="CONST" value="0"/><imc name="MEM"><imc name="MEM"><imc name="BINOP" value="ADD"><imc name="TEMP" value="4"/><imc name="CONST" value="-24"/></imc></imc></imc></imc></node><location loc="26.9--26.21"/><imc name="ESTMT"><imc name="CALL" value="_putInt"><imc name="CONST" value="0"/><imc name="MEM"><imc name="MEM"><imc name="BINOP" value="ADD"><imc name="TEMP" value="4"/><imc name="CONST" value="-24"/></imc></imc></imc></imc></imc></node><location loc="24.9--26.21"/></node><node label="AtomExpr" lexeme="0" spec="INT"><location loc="28.9--28.9"/><type label="INT"/><imc name="CONST" value="0"/></node><location loc="24.9--30.45"/><type label="INT"/><imc name="SEXPR"><imc name="STMTS"><imc name="MOVE"><imc name="MEM"><imc name="BINOP" value="ADD"><imc name="TEMP" value="4"/><imc name="CONST" value="-24"/></imc></imc><imc name="CALL" value="_new"><imc name="CONST" value="0"/><imc name="CONST" value="8"/></imc></imc><imc name="MOVE"><imc name="MEM"><imc name="MEM"><imc name="BINOP" value="ADD"><imc name="TEMP" value="4"/><imc name="CONST" value="-24"/></imc></imc></imc><imc name="CONST" value="51"/></imc><imc name="ESTMT"><imc name="CALL" value="_putInt"><imc name="CONST" value="0"/><imc name="MEM"><imc name="MEM"><imc name="BINOP" value="ADD"><imc name="TEMP" value="4"/><imc name="CONST" value="-24"/></imc></imc></imc></imc></imc></imc><imc name="CONST" value="0"/></imc></node><location loc="22.1--31.6"/><frame FP="T4" RV="T5" argssize="16" depth="1" label="_main" locssize="24" size="56"/></node><location loc="1.1--31.6"/></node><location loc="1.1--31.6"/></node></imcgen>