<?xml version="1.0" encoding="UTF-8" standalone="no"?><?xml-stylesheet type="text/xsl" href="../../data/imcgen.xsl"?><imcgen><node label="Source"><node label="Decls"><node label="FunDecl" lexeme="putInt"><node label="ParDecls"><node label="ParDecl" lexeme="n"><node label="AtomType" spec="INT"><location loc="1.14--1.16"/></node><location loc="1.12--1.16"/><access depth="1" offset="8" size="8"/></node><location loc="1.12--1.16"/></node><node label="AtomType" spec="VOID"><location loc="1.19--1.22"/></node><location loc="1.1--1.23"/></node><node label="FunDecl" lexeme="putChar"><node label="ParDecls"><node label="ParDecl" lexeme="c"><node label="AtomType" spec="CHAR"><location loc="2.15--2.18"/></node><location loc="2.13--2.18"/><access depth="1" offset="8" size="8"/></node><location loc="2.13--2.18"/></node><node label="AtomType" spec="VOID"><location loc="2.21--2.24"/></node><location loc="2.1--2.25"/></node><node label="FunDecl" lexeme="putString"><node label="ParDecls"><node label="ParDecl" lexeme="s"><node label="PtrType"><node label="AtomType" spec="CHAR"><location loc="3.21--3.24"/></node><location loc="3.17--3.24"/><type label="PTR"><type label="CHAR"/></type></node><location loc="3.15--3.24"/><access depth="1" offset="8" size="8"/></node><location loc="3.15--3.24"/></node><node label="AtomType" spec="VOID"><location loc="3.27--3.30"/></node><location loc="3.1--3.31"/></node><node label="FunDef" lexeme="main"><node label="ParDecls"><location loc="0.0--0.0"/></node><node label="AtomType" spec="INT"><location loc="5.12--5.14"/></node><node label="BlockExpr"><node label="Decls"><node label="VarDecl" lexeme="n"><node label="AtomType" spec="INT"><location loc="10.13--10.15"/></node><location loc="10.7--10.16"/><access depth="1" offset="-8" size="8"/></node><node label="VarDecl" lexeme="m"><node label="AtomType" spec="INT"><location loc="10.24--10.26"/></node><location loc="10.18--10.27"/><access depth="1" offset="-16" size="8"/></node><location loc="10.7--10.27"/></node><node label="Stmts"><node label="ExprStmt"><node label="FunName" lexeme="f"><node label="Args"><node label="AtomExpr" lexeme="2" spec="INT"><location loc="7.11--7.11"/><type label="INT"/><imc name="CONST" value="2"/></node><location loc="7.11--7.11"/></node><location loc="7.9--7.12"/><declaredAt location="13.1--33.2"/><type label="INT"/><imc name="CALL" value="_f"><imc name="CONST" value="0"/><imc name="CONST" value="2"/></imc></node><location loc="7.9--7.12"/><imc name="ESTMT"><imc name="CALL" value="_f"><imc name="CONST" value="0"/><imc name="CONST" value="2"/></imc></imc></node><location loc="7.9--7.12"/></node><node label="AtomExpr" lexeme="0" spec="INT"><location loc="8.9--8.9"/><type label="INT"/><imc name="CONST" value="0"/></node><location loc="7.9--10.27"/><type label="INT"/><imc name="SEXPR"><imc name="STMTS"><imc name="ESTMT"><imc name="CALL" value="_f"><imc name="CONST" value="0"/><imc name="CONST" value="2"/></imc></imc></imc><imc name="CONST" value="0"/></imc></node><location loc="5.1--11.6"/><frame FP="T6" RV="T7" argssize="16" depth="1" label="_main" locssize="16" size="48"/></node><node label="FunDef" lexeme="f"><node label="ParDecls"><node label="ParDecl" lexeme="x"><node label="AtomType" spec="INT"><location loc="13.11--13.13"/></node><location loc="13.7--13.13"/><access depth="1" offset="8" size="8"/></node><location loc="13.7--13.13"/></node><node label="AtomType" spec="INT"><location loc="13.18--13.20"/></node><node label="BlockExpr"><node label="Decls"><node label="FunDef" lexeme="g"><node label="ParDecls"><node label="ParDecl" lexeme="i"><node label="AtomType" spec="INT"><location loc="17.27--17.29"/></node><location loc="17.23--17.29"/><access depth="2" offset="8" size="8"/></node><location loc="17.23--17.29"/></node><node label="AtomType" spec="INT"><location loc="17.34--17.36"/></node><node label="BlockExpr"><node label="Decls"><location loc="0.0--0.0"/></node><node label="Stmts"><node label="IfStmt"><node label="BinExpr" spec="EQU"><node label="VarName" lexeme="i"><location loc="18.28--18.28"/><declaredAt location="17.23--17.29"/><imc name="MEM"><imc name="BINOP" value="ADD"><imc name="TEMP" value="10"/><imc name="CONST" value="8"/></imc></imc></node><node label="VarName" lexeme="x"><location loc="18.33--18.33"/><declaredAt location="13.7--13.13"/><imc name="MEM"><imc name="BINOP" value="ADD"><imc name="MEM"><imc name="TEMP" value="10"/></imc><imc name="CONST" value="8"/></imc></imc></node><location loc="18.28--18.33"/><type label="BOOL"/><imc name="BINOP" value="EQU"><imc name="MEM"><imc name="BINOP" value="ADD"><imc name="TEMP" value="10"/><imc name="CONST" value="8"/></imc></imc><imc name="MEM"><imc name="BINOP" value="ADD"><imc name="MEM"><imc name="TEMP" value="10"/></imc><imc name="CONST" value="8"/></imc></imc></imc></node><node label="Stmts"><node label="ExprStmt"><node label="FunName" lexeme="putString"><node label="Args"><node label="AtomExpr" lexeme="&quot;End: &quot;" spec="STR"><location loc="19.43--19.49"/><type label="PTR"><type label="CHAR"/></type><imc name="NAME" value="L1"/></node><location loc="19.43--19.49"/></node><location loc="19.33--19.50"/><declaredAt location="3.1--3.31"/><type label="VOID"/><imc name="CALL" value="_putString"><imc name="MEM"><imc name="MEM"><imc name="TEMP" value="10"/></imc></imc><imc name="NAME" value="L1"/></imc></node><location loc="19.33--19.50"/><imc name="ESTMT"><imc name="CALL" value="_putString"><imc name="MEM"><imc name="MEM"><imc name="TEMP" value="10"/></imc></imc><imc name="NAME" value="L1"/></imc></imc></node><node label="ExprStmt"><node label="FunName" lexeme="putInt"><node label="Args"><node label="VarName" lexeme="i"><location loc="20.40--20.40"/><declaredAt location="17.23--17.29"/><type label="INT"/><imc name="MEM"><imc name="BINOP" value="ADD"><imc name="TEMP" value="10"/><imc name="CONST" value="8"/></imc></imc></node><location loc="20.40--20.40"/></node><location loc="20.33--20.41"/><declaredAt location="1.1--1.23"/><type label="VOID"/><imc name="CALL" value="_putInt"><imc name="MEM"><imc name="MEM"><imc name="TEMP" value="10"/></imc></imc><imc name="MEM"><imc name="BINOP" value="ADD"><imc name="TEMP" value="10"/><imc name="CONST" value="8"/></imc></imc></imc></node><location loc="20.33--20.41"/><imc name="ESTMT"><imc name="CALL" value="_putInt"><imc name="MEM"><imc name="MEM"><imc name="TEMP" value="10"/></imc></imc><imc name="MEM"><imc name="BINOP" value="ADD"><imc name="TEMP" value="10"/><imc name="CONST" value="8"/></imc></imc></imc></imc></node><node label="ExprStmt"><node label="FunName" lexeme="putChar"><node label="Args"><node label="CastExpr"><node label="AtomExpr" lexeme="10" spec="INT"><location loc="21.42--21.43"/><type label="INT"/><imc name="CONST" value="10"/></node><node label="AtomType" spec="CHAR"><location loc="21.47--21.50"/></node><location loc="21.45--21.51"/><type label="CHAR"/><imc name="BINOP" value="MOD"><imc name="CONST" value="10"/><imc name="CONST" value="256"/></imc></node><location loc="21.45--21.51"/></node><location loc="21.33--21.52"/><declaredAt location="2.1--2.25"/><type label="VOID"/><imc name="CALL" value="_putChar"><imc name="MEM"><imc name="MEM"><imc name="TEMP" value="10"/></imc></imc><imc name="BINOP" value="MOD"><imc name="CONST" value="10"/><imc name="CONST" value="256"/></imc></imc></node><location loc="21.33--21.52"/><imc name="ESTMT"><imc name="CALL" value="_putChar"><imc name="MEM"><imc name="MEM"><imc name="TEMP" value="10"/></imc></imc><imc name="BINOP" value="MOD"><imc name="CONST" value="10"/><imc name="CONST" value="256"/></imc></imc></imc></node><location loc="19.33--21.52"/></node><node label="Stmts"><node label="ExprStmt"><node label="FunName" lexeme="putString"><node label="Args"><node label="AtomExpr" lexeme="&quot;i = &quot;" spec="STR"><location loc="23.43--23.48"/><type label="PTR"><type label="CHAR"/></type><imc name="NAME" value="L2"/></node><location loc="23.43--23.48"/></node><location loc="23.33--23.49"/><declaredAt location="3.1--3.31"/><type label="VOID"/><imc name="CALL" value="_putString"><imc name="MEM"><imc name="MEM"><imc name="TEMP" value="10"/></imc></imc><imc name="NAME" value="L2"/></imc></node><location loc="23.33--23.49"/><imc name="ESTMT"><imc name="CALL" value="_putString"><imc name="MEM"><imc name="MEM"><imc name="TEMP" value="10"/></imc></imc><imc name="NAME" value="L2"/></imc></imc></node><node label="ExprStmt"><node label="FunName" lexeme="putInt"><node label="Args"><node label="VarName" lexeme="i"><location loc="24.40--24.40"/><declaredAt location="17.23--17.29"/><type label="INT"/><imc name="MEM"><imc name="BINOP" value="ADD"><imc name="TEMP" value="10"/><imc name="CONST" value="8"/></imc></imc></node><location loc="24.40--24.40"/></node><location loc="24.33--24.41"/><declaredAt location="1.1--1.23"/><type label="VOID"/><imc name="CALL" value="_putInt"><imc name="MEM"><imc name="MEM"><imc name="TEMP" value="10"/></imc></imc><imc name="MEM"><imc name="BINOP" value="ADD"><imc name="TEMP" value="10"/><imc name="CONST" value="8"/></imc></imc></imc></node><location loc="24.33--24.41"/><imc name="ESTMT"><imc name="CALL" value="_putInt"><imc name="MEM"><imc name="MEM"><imc name="TEMP" value="10"/></imc></imc><imc name="MEM"><imc name="BINOP" value="ADD"><imc name="TEMP" value="10"/><imc name="CONST" value="8"/></imc></imc></imc></imc></node><node label="ExprStmt"><node label="FunName" lexeme="putChar"><node label="Args"><node label="CastExpr"><node label="AtomExpr" lexeme="10" spec="INT"><location loc="25.42--25.43"/><type label="INT"/><imc name="CONST" value="10"/></node><node label="AtomType" spec="CHAR"><location loc="25.47--25.50"/></node><location loc="25.45--25.51"/><type label="CHAR"/><imc name="BINOP" value="MOD"><imc name="CONST" value="10"/><imc name="CONST" value="256"/></imc></node><location loc="25.45--25.51"/></node><location loc="25.33--25.52"/><declaredAt location="2.1--2.25"/><type label="VOID"/><imc name="CALL" value="_putChar"><imc name="MEM"><imc name="MEM"><imc name="TEMP" value="10"/></imc></imc><imc name="BINOP" value="MOD"><imc name="CONST" value="10"/><imc name="CONST" value="256"/></imc></imc></node><location loc="25.33--25.52"/><imc name="ESTMT"><imc name="CALL" value="_putChar"><imc name="MEM"><imc name="MEM"><imc name="TEMP" value="10"/></imc></imc><imc name="BINOP" value="MOD"><imc name="CONST" value="10"/><imc name="CONST" value="256"/></imc></imc></imc></node><node label="ExprStmt"><node label="FunName" lexeme="g"><node label="Args"><node label="BinExpr" spec="ADD"><node label="VarName" lexeme="i"><location loc="26.35--26.35"/><declaredAt location="17.23--17.29"/><imc name="MEM"><imc name="BINOP" value="ADD"><imc name="TEMP" value="10"/><imc name="CONST" value="8"/></imc></imc></node><node label="AtomExpr" lexeme="1" spec="INT"><location loc="26.39--26.39"/><type label="INT"/><imc name="CONST" value="1"/></node><location loc="26.35--26.39"/><type label="INT"/><imc name="BINOP" value="ADD"><imc name="MEM"><imc name="BINOP" value="ADD"><imc name="TEMP" value="10"/><imc name="CONST" value="8"/></imc></imc><imc name="CONST" value="1"/></imc></node><location loc="26.35--26.39"/></node><location loc="26.33--26.40"/><declaredAt location="17.17--32.18"/><type label="INT"/><imc name="CALL" value="L0"><imc name="MEM"><imc name="TEMP" value="10"/></imc><imc name="BINOP" value="ADD"><imc name="MEM"><imc name="BINOP" value="ADD"><imc name="TEMP" value="10"/><imc name="CONST" value="8"/></imc></imc><imc name="CONST" value="1"/></imc></imc></node><location loc="26.33--26.40"/><imc name="ESTMT"><imc name="CALL" value="L0"><imc name="MEM"><imc name="TEMP" value="10"/></imc><imc name="BINOP" value="ADD"><imc name="MEM"><imc name="BINOP" value="ADD"><imc name="TEMP" value="10"/><imc name="CONST" value="8"/></imc></imc><imc name="CONST" value="1"/></imc></imc></imc></node><node label="ExprStmt"><node label="FunName" lexeme="putString"><node label="Args"><node label="AtomExpr" lexeme="&quot;ri = &quot;" spec="STR"><location loc="27.43--27.49"/><type label="PTR"><type label="CHAR"/></type><imc name="NAME" value="L3"/></node><location loc="27.43--27.49"/></node><location loc="27.33--27.50"/><declaredAt location="3.1--3.31"/><type label="VOID"/><imc name="CALL" value="_putString"><imc name="MEM"><imc name="MEM"><imc name="TEMP" value="10"/></imc></imc><imc name="NAME" value="L3"/></imc></node><location loc="27.33--27.50"/><imc name="ESTMT"><imc name="CALL" value="_putString"><imc name="MEM"><imc name="MEM"><imc name="TEMP" value="10"/></imc></imc><imc name="NAME" value="L3"/></imc></imc></node><node label="ExprStmt"><node label="FunName" lexeme="putInt"><node label="Args"><node label="VarName" lexeme="i"><location loc="28.40--28.40"/><declaredAt location="17.23--17.29"/><type label="INT"/><imc name="MEM"><imc name="BINOP" value="ADD"><imc name="TEMP" value="10"/><imc name="CONST" value="8"/></imc></imc></node><location loc="28.40--28.40"/></node><location loc="28.33--28.41"/><declaredAt location="1.1--1.23"/><type label="VOID"/><imc name="CALL" value="_putInt"><imc name="MEM"><imc name="MEM"><imc name="TEMP" value="10"/></imc></imc><imc name="MEM"><imc name="BINOP" value="ADD"><imc name="TEMP" value="10"/><imc name="CONST" value="8"/></imc></imc></imc></node><location loc="28.33--28.41"/><imc name="ESTMT"><imc name="CALL" value="_putInt"><imc name="MEM"><imc name="MEM"><imc name="TEMP" value="10"/></imc></imc><imc name="MEM"><imc name="BINOP" value="ADD"><imc name="TEMP" value="10"/><imc name="CONST" value="8"/></imc></imc></imc></imc></node><node label="ExprStmt"><node label="FunName" lexeme="putChar"><node label="Args"><node label="CastExpr"><node label="AtomExpr" lexeme="10" spec="INT"><location loc="29.42--29.43"/><type label="INT"/><imc name="CONST" value="10"/></node><node label="AtomType" spec="CHAR"><location loc="29.47--29.50"/></node><location loc="29.45--29.51"/><type label="CHAR"/><imc name="BINOP" value="MOD"><imc name="CONST" value="10"/><imc name="CONST" value="256"/></imc></node><location loc="29.45--29.51"/></node><location loc="29.33--29.52"/><declaredAt location="2.1--2.25"/><type label="VOID"/><imc name="CALL" value="_putChar"><imc name="MEM"><imc name="MEM"><imc name="TEMP" value="10"/></imc></imc><imc name="BINOP" value="MOD"><imc name="CONST" value="10"/><imc name="CONST" value="256"/></imc></imc></node><location loc="29.33--29.52"/><imc name="ESTMT"><imc name="CALL" value="_putChar"><imc name="MEM"><imc name="MEM"><imc name="TEMP" value="10"/></imc></imc><imc name="BINOP" value="MOD"><imc name="CONST" value="10"/><imc name="CONST" value="256"/></imc></imc></imc></node><location loc="23.33--29.52"/></node><location loc="18.25--30.27"/><imc name="STMTS"><imc name="CJUMP" value="L4:L5"><imc name="BINOP" value="EQU"><imc name="MEM"><imc name="BINOP" value="ADD"><imc name="TEMP" value="10"/><imc name="CONST" value="8"/></imc></imc><imc name="MEM"><imc name="BINOP" value="ADD"><imc name="MEM"><imc name="TEMP" value="10"/></imc><imc name="CONST" value="8"/></imc></imc></imc></imc><imc name="LABEL" value="L4"/><imc name="STMTS"><imc name="ESTMT"><imc name="CALL" value="_putString"><imc name="MEM"><imc name="MEM"><imc name="TEMP" value="10"/></imc></imc><imc name="NAME" value="L1"/></imc></imc><imc name="ESTMT"><imc name="CALL" value="_putInt"><imc name="MEM"><imc name="MEM"><imc name="TEMP" value="10"/></imc></imc><imc name="MEM"><imc name="BINOP" value="ADD"><imc name="TEMP" value="10"/><imc name="CONST" value="8"/></imc></imc></imc></imc><imc name="ESTMT"><imc name="CALL" value="_putChar"><imc name="MEM"><imc name="MEM"><imc name="TEMP" value="10"/></imc></imc><imc name="BINOP" value="MOD"><imc name="CONST" value="10"/><imc name="CONST" value="256"/></imc></imc></imc></imc><imc name="JUMP" value="L6"/><imc name="LABEL" value="L5"/><imc name="STMTS"><imc name="ESTMT"><imc name="CALL" value="_putString"><imc name="MEM"><imc name="MEM"><imc name="TEMP" value="10"/></imc></imc><imc name="NAME" value="L2"/></imc></imc><imc name="ESTMT"><imc name="CALL" value="_putInt"><imc name="MEM"><imc name="MEM"><imc name="TEMP" value="10"/></imc></imc><imc name="MEM"><imc name="BINOP" value="ADD"><imc name="TEMP" value="10"/><imc name="CONST" value="8"/></imc></imc></imc></imc><imc name="ESTMT"><imc name="CALL" value="_putChar"><imc name="MEM"><imc name="MEM"><imc name="TEMP" value="10"/></imc></imc><imc name="BINOP" value="MOD"><imc name="CONST" value="10"/><imc name="CONST" value="256"/></imc></imc></imc><imc name="ESTMT"><imc name="CALL" value="L0"><imc name="MEM"><imc name="TEMP" value="10"/></imc><imc name="BINOP" value="ADD"><imc name="MEM"><imc name="BINOP" value="ADD"><imc name="TEMP" value="10"/><imc name="CONST" value="8"/></imc></imc><imc name="CONST" value="1"/></imc></imc></imc><imc name="ESTMT"><imc name="CALL" value="_putString"><imc name="MEM"><imc name="MEM"><imc name="TEMP" value="10"/></imc></imc><imc name="NAME" value="L3"/></imc></imc><imc name="ESTMT"><imc name="CALL" value="_putInt"><imc name="MEM"><imc name="MEM"><imc name="TEMP" value="10"/></imc></imc><imc name="MEM"><imc name="BINOP" value="ADD"><imc name="TEMP" value="10"/><imc name="CONST" value="8"/></imc></imc></imc></imc><imc name="ESTMT"><imc name="CALL" value="_putChar"><imc name="MEM"><imc name="MEM"><imc name="TEMP" value="10"/></imc></imc><imc name="BINOP" value="MOD"><imc name="CONST" value="10"/><imc name="CONST" value="256"/></imc></imc></imc></imc><imc name="LABEL" value="L6"/></imc></node><location loc="18.25--30.27"/></node><node label="AtomExpr" lexeme="0" spec="INT"><location loc="31.27--31.27"/><type label="INT"/><imc name="CONST" value="0"/></node><location loc="18.25--31.27"/><type label="INT"/><imc name="SEXPR"><imc name="STMTS"><imc name="STMTS"><imc name="CJUMP" value="L4:L5"><imc name="BINOP" value="EQU"><imc name="MEM"><imc name="BINOP" value="ADD"><imc name="TEMP" value="10"/><imc name="CONST" value="8"/></imc></imc><imc name="MEM"><imc name="BINOP" value="ADD"><imc name="MEM"><imc name="TEMP" value="10"/></imc><imc name="CONST" value="8"/></imc></imc></imc></imc><imc name="LABEL" value="L4"/><imc name="STMTS"><imc name="ESTMT"><imc name="CALL" value="_putString"><imc name="MEM"><imc name="MEM"><imc name="TEMP" value="10"/></imc></imc><imc name="NAME" value="L1"/></imc></imc><imc name="ESTMT"><imc name="CALL" value="_putInt"><imc name="MEM"><imc name="MEM"><imc name="TEMP" value="10"/></imc></imc><imc name="MEM"><imc name="BINOP" value="ADD"><imc name="TEMP" value="10"/><imc name="CONST" value="8"/></imc></imc></imc></imc><imc name="ESTMT"><imc name="CALL" value="_putChar"><imc name="MEM"><imc name="MEM"><imc name="TEMP" value="10"/></imc></imc><imc name="BINOP" value="MOD"><imc name="CONST" value="10"/><imc name="CONST" value="256"/></imc></imc></imc></imc><imc name="JUMP" value="L6"/><imc name="LABEL" value="L5"/><imc name="STMTS"><imc name="ESTMT"><imc name="CALL" value="_putString"><imc name="MEM"><imc name="MEM"><imc name="TEMP" value="10"/></imc></imc><imc name="NAME" value="L2"/></imc></imc><imc name="ESTMT"><imc name="CALL" value="_putInt"><imc name="MEM"><imc name="MEM"><imc name="TEMP" value="10"/></imc></imc><imc name="MEM"><imc name="BINOP" value="ADD"><imc name="TEMP" value="10"/><imc name="CONST" value="8"/></imc></imc></imc></imc><imc name="ESTMT"><imc name="CALL" value="_putChar"><imc name="MEM"><imc name="MEM"><imc name="TEMP" value="10"/></imc></imc><imc name="BINOP" value="MOD"><imc name="CONST" value="10"/><imc name="CONST" value="256"/></imc></imc></imc><imc name="ESTMT"><imc name="CALL" value="L0"><imc name="MEM"><imc name="TEMP" value="10"/></imc><imc name="BINOP" value="ADD"><imc name="MEM"><imc name="BINOP" value="ADD"><imc name="TEMP" value="10"/><imc name="CONST" value="8"/></imc></imc><imc name="CONST" value="1"/></imc></imc></imc><imc name="ESTMT"><imc name="CALL" value="_putString"><imc name="MEM"><imc name="MEM"><imc name="TEMP" value="10"/></imc></imc><imc name="NAME" value="L3"/></imc></imc><imc name="ESTMT"><imc name="CALL" value="_putInt"><imc name="MEM"><imc name="MEM"><imc name="TEMP" value="10"/></imc></imc><imc name="MEM"><imc name="BINOP" value="ADD"><imc name="TEMP" value="10"/><imc name="CONST" value="8"/></imc></imc></imc></imc><imc name="ESTMT"><imc name="CALL" value="_putChar"><imc name="MEM"><imc name="MEM"><imc name="TEMP" value="10"/></imc></imc><imc name="BINOP" value="MOD"><imc name="CONST" value="10"/><imc name="CONST" value="256"/></imc></imc></imc></imc><imc name="LABEL" value="L6"/></imc></imc><imc name="CONST" value="0"/></imc></node><location loc="17.17--32.18"/><frame FP="T10" RV="T11" argssize="16" depth="2" label="L0" locssize="0" size="32"/></node><location loc="17.17--32.18"/></node><node label="Stmts"><node label="ExprStmt"><node label="FunName" lexeme="g"><node label="Args"><node label="AtomExpr" lexeme="0" spec="INT"><location loc="14.11--14.11"/><type label="INT"/><imc name="CONST" value="0"/></node><location loc="14.11--14.11"/></node><location loc="14.9--14.12"/><declaredAt location="17.17--32.18"/><type label="INT"/><imc name="CALL" value="L0"><imc name="CONST" value="0"/><imc name="CONST" value="0"/></imc></node><location loc="14.9--14.12"/><imc name="ESTMT"><imc name="CALL" value="L0"><imc name="CONST" value="0"/><imc name="CONST" value="0"/></imc></imc></node><location loc="14.9--14.12"/></node><node label="AtomExpr" lexeme="0" spec="INT"><location loc="15.11--15.11"/><type label="INT"/><imc name="CONST" value="0"/></node><location loc="14.9--32.18"/><type label="INT"/><imc name="SEXPR"><imc name="STMTS"><imc name="ESTMT"><imc name="CALL" value="L0"><imc name="CONST" value="0"/><imc name="CONST" value="0"/></imc></imc></imc><imc name="CONST" value="0"/></imc></node><location loc="13.1--33.2"/><frame FP="T8" RV="T9" argssize="16" depth="1" label="_f" locssize="0" size="32"/></node><location loc="1.1--33.2"/></node><location loc="1.1--33.2"/></node></imcgen>