<?xml version="1.0" encoding="UTF-8" standalone="no"?><?xml-stylesheet type="text/xsl" href="../../data/imcgen.xsl"?><imcgen><node label="Source"><node label="Decls"><node label="VarDecl" lexeme="i"><node label="AtomType" spec="INT"><location loc="1.7--1.9"/></node><location loc="1.1--1.10"/><access label="_i" size="8"/></node><node label="FunDef" lexeme="f1"><node label="ParDecls"><location loc="0.0--0.0"/></node><node label="PtrType"><node label="AtomType" spec="CHAR"><location loc="2.14--2.17"/></node><location loc="2.10--2.17"/><type label="PTR"><type label="CHAR"/></type></node><node label="AtomExpr" lexeme="&quot;one&quot;" spec="STR"><location loc="2.21--2.25"/><type label="PTR"><type label="CHAR"/></type><imc name="NAME" value="L0"/></node><location loc="2.1--2.26"/><frame FP="T0" RV="T1" argssize="0" depth="1" label="_f1" locssize="0" size="16"/></node><node label="FunDef" lexeme="f2"><node label="ParDecls"><location loc="0.0--0.0"/></node><node label="AtomType" spec="INT"><location loc="3.10--3.12"/></node><node label="AtomExpr" lexeme="1" spec="INT"><location loc="3.16--3.16"/><type label="INT"/><imc name="CONST" value="1"/></node><location loc="3.1--3.17"/><frame FP="T2" RV="T3" argssize="0" depth="1" label="_f2" locssize="0" size="16"/></node><node label="FunDef" lexeme="main"><node label="ParDecls"><location loc="0.0--0.0"/></node><node label="AtomType" spec="VOID"><location loc="5.14--5.17"/></node><node label="BlockExpr"><node label="Decls"><location loc="0.0--0.0"/></node><node label="Stmts"><node label="AssignStmt"><node label="VarName" lexeme="i"><location loc="6.9--6.9"/><declaredAt location="1.1--1.10"/><imc name="NAME" value="_i"/></node><node label="BinExpr" spec="ADD"><node label="AtomExpr" lexeme="3" spec="INT"><location loc="6.13--6.13"/><type label="INT"/><imc name="CONST" value="3"/></node><node label="AtomExpr" lexeme="2" spec="INT"><location loc="6.17--6.17"/><type label="INT"/><imc name="CONST" value="2"/></node><location loc="6.13--6.17"/><type label="INT"/><imc name="BINOP" value="ADD"><imc name="CONST" value="3"/><imc name="CONST" value="2"/></imc></node><location loc="6.9--6.17"/><imc name="MOVE"><imc name="MEM"><imc name="NAME" value="_i"/></imc><imc name="BINOP" value="ADD"><imc name="CONST" value="3"/><imc name="CONST" value="2"/></imc></imc></node><node label="ExprStmt"><node label="FunName" lexeme="putInt"><node label="Args"><node label="VarName" lexeme="i"><location loc="7.16--7.16"/><declaredAt location="1.1--1.10"/><type label="INT"/><imc name="MEM"><imc name="NAME" value="_i"/></imc></node><location loc="7.16--7.16"/></node><location loc="7.9--7.17"/><declaredAt location="12.1--12.23"/><type label="VOID"/><imc name="CALL" value="_putInt"><imc name="CONST" value="0"/><imc name="MEM"><imc name="NAME" value="_i"/></imc></imc></node><location loc="7.9--7.17"/><imc name="ESTMT"><imc name="CALL" value="_putInt"><imc name="CONST" value="0"/><imc name="MEM"><imc name="NAME" value="_i"/></imc></imc></imc></node><node label="ExprStmt"><node label="FunName" lexeme="putString"><node label="Args"><node label="AtomExpr" lexeme="&quot;test&quot;" spec="STR"><location loc="8.19--8.24"/><type label="PTR"><type label="CHAR"/></type><imc name="NAME" value="L1"/></node><location loc="8.19--8.24"/></node><location loc="8.9--8.25"/><declaredAt location="14.1--14.31"/><type label="VOID"/><imc name="CALL" value="_putString"><imc name="CONST" value="0"/><imc name="NAME" value="L1"/></imc></node><location loc="8.9--8.25"/><imc name="ESTMT"><imc name="CALL" value="_putString"><imc name="CONST" value="0"/><imc name="NAME" value="L1"/></imc></imc></node><location loc="6.9--8.25"/></node><node label="AtomExpr" lexeme="none" spec="VOID"><location loc="9.11--9.14"/><type label="VOID"/><imc name="CONST" value="0"/></node><location loc="6.9--9.14"/><type label="VOID"/><imc name="SEXPR"><imc name="STMTS"><imc name="MOVE"><imc name="MEM"><imc name="NAME" value="_i"/></imc><imc name="BINOP" value="ADD"><imc name="CONST" value="3"/><imc name="CONST" value="2"/></imc></imc><imc name="ESTMT"><imc name="CALL" value="_putInt"><imc name="CONST" value="0"/><imc name="MEM"><imc name="NAME" value="_i"/></imc></imc></imc><imc name="ESTMT"><imc name="CALL" value="_putString"><imc name="CONST" value="0"/><imc name="NAME" value="L1"/></imc></imc></imc><imc name="CONST" value="0"/></imc></node><location loc="5.1--10.2"/><frame FP="T4" RV="T5" argssize="16" depth="1" label="_main" locssize="0" size="32"/></node><node label="FunDecl" lexeme="putInt"><node label="ParDecls"><node label="ParDecl" lexeme="n"><node label="AtomType" spec="INT"><location loc="12.14--12.16"/></node><location loc="12.12--12.16"/><access depth="1" offset="8" size="8"/></node><location loc="12.12--12.16"/></node><node label="AtomType" spec="VOID"><location loc="12.19--12.22"/></node><location loc="12.1--12.23"/></node><node label="FunDecl" lexeme="putChar"><node label="ParDecls"><node label="ParDecl" lexeme="c"><node label="AtomType" spec="CHAR"><location loc="13.15--13.18"/></node><location loc="13.13--13.18"/><access depth="1" offset="8" size="8"/></node><location loc="13.13--13.18"/></node><node label="AtomType" spec="VOID"><location loc="13.21--13.24"/></node><location loc="13.1--13.25"/></node><node label="FunDecl" lexeme="putString"><node label="ParDecls"><node label="ParDecl" lexeme="s"><node label="PtrType"><node label="AtomType" spec="CHAR"><location loc="14.21--14.24"/></node><location loc="14.17--14.24"/><type label="PTR"><type label="CHAR"/></type></node><location loc="14.15--14.24"/><access depth="1" offset="8" size="8"/></node><location loc="14.15--14.24"/></node><node label="AtomType" spec="VOID"><location loc="14.27--14.30"/></node><location loc="14.1--14.31"/></node><location loc="1.1--14.31"/></node><location loc="1.1--14.31"/></node></imcgen>