<?xml version="1.0" encoding="UTF-8" standalone="no"?><?xml-stylesheet type="text/xsl" href="../../data/imcgen.xsl"?><imcgen><node label="Source"><node label="Decls"><node label="FunDecl" lexeme="putInt"><node label="ParDecls"><node label="ParDecl" lexeme="n"><node label="AtomType" spec="INT"><location loc="1.14--1.16"/></node><location loc="1.12--1.16"/><access depth="1" offset="8" size="8"/></node><location loc="1.12--1.16"/></node><node label="AtomType" spec="VOID"><location loc="1.19--1.22"/></node><location loc="1.1--1.23"/></node><node label="FunDecl" lexeme="putChar"><node label="ParDecls"><node label="ParDecl" lexeme="c"><node label="AtomType" spec="CHAR"><location loc="2.15--2.18"/></node><location loc="2.13--2.18"/><access depth="1" offset="8" size="8"/></node><location loc="2.13--2.18"/></node><node label="AtomType" spec="VOID"><location loc="2.21--2.24"/></node><location loc="2.1--2.25"/></node><node label="FunDecl" lexeme="putString"><node label="ParDecls"><node label="ParDecl" lexeme="s"><node label="PtrType"><node label="AtomType" spec="CHAR"><location loc="3.21--3.24"/></node><location loc="3.17--3.24"/><type label="PTR"><type label="CHAR"/></type></node><location loc="3.15--3.24"/><access depth="1" offset="8" size="8"/></node><location loc="3.15--3.24"/></node><node label="AtomType" spec="VOID"><location loc="3.27--3.30"/></node><location loc="3.1--3.31"/></node><node label="FunDef" lexeme="main"><node label="ParDecls"><location loc="0.0--0.0"/></node><node label="AtomType" spec="INT"><location loc="5.12--5.14"/></node><node label="BlockExpr"><node label="Decls"><node label="VarDecl" lexeme="n"><node label="AtomType" spec="INT"><location loc="50.13--50.15"/></node><location loc="50.7--50.16"/><access depth="1" offset="-8" size="8"/></node><node label="VarDecl" lexeme="m"><node label="AtomType" spec="INT"><location loc="50.24--50.26"/></node><location loc="50.18--50.27"/><access depth="1" offset="-16" size="8"/></node><location loc="50.7--50.27"/></node><node label="Stmts"><node label="ExprStmt"><node label="FunName" lexeme="putString"><node label="Args"><node label="AtomExpr" lexeme="&quot; facItr: &quot;" spec="STR"><location loc="7.17--7.27"/><type label="PTR"><type label="CHAR"/></type><imc name="NAME" value="L5"/></node><location loc="7.17--7.27"/></node><location loc="7.7--7.28"/><declaredAt location="3.1--3.31"/><type label="VOID"/><imc name="CALL" value="_putString"><imc name="CONST" value="0"/><imc name="NAME" value="L5"/></imc></node><location loc="7.7--7.28"/><imc name="ESTMT"><imc name="CALL" value="_putString"><imc name="CONST" value="0"/><imc name="NAME" value="L5"/></imc></imc></node><node label="ExprStmt"><node label="FunName" lexeme="putChar"><node label="Args"><node label="CastExpr"><node label="AtomExpr" lexeme="10" spec="INT"><location loc="7.40--7.41"/><type label="INT"/><imc name="CONST" value="10"/></node><node label="AtomType" spec="CHAR"><location loc="7.43--7.46"/></node><location loc="7.42--7.47"/><type label="CHAR"/><imc name="BINOP" value="MOD"><imc name="CONST" value="10"/><imc name="CONST" value="256"/></imc></node><location loc="7.42--7.47"/></node><location loc="7.31--7.48"/><declaredAt location="2.1--2.25"/><type label="VOID"/><imc name="CALL" value="_putChar"><imc name="CONST" value="0"/><imc name="BINOP" value="MOD"><imc name="CONST" value="10"/><imc name="CONST" value="256"/></imc></imc></node><location loc="7.31--7.48"/><imc name="ESTMT"><imc name="CALL" value="_putChar"><imc name="CONST" value="0"/><imc name="BINOP" value="MOD"><imc name="CONST" value="10"/><imc name="CONST" value="256"/></imc></imc></imc></node><node label="AssignStmt"><node label="VarName" lexeme="n"><location loc="8.7--8.7"/><declaredAt location="50.7--50.16"/><imc name="BINOP" value="ADD"><imc name="TEMP" value="6"/><imc name="CONST" value="-8"/></imc></node><node label="AtomExpr" lexeme="1" spec="INT"><location loc="8.9--8.9"/><type label="INT"/><imc name="CONST" value="1"/></node><location loc="8.7--8.9"/><imc name="MOVE"><imc name="MEM"><imc name="BINOP" value="ADD"><imc name="TEMP" value="6"/><imc name="CONST" value="-8"/></imc></imc><imc name="CONST" value="1"/></imc></node><node label="WhileStmt"><node label="BinExpr" spec="LEQ"><node label="VarName" lexeme="n"><location loc="9.13--9.13"/><declaredAt location="50.7--50.16"/><imc name="MEM"><imc name="BINOP" value="ADD"><imc name="TEMP" value="6"/><imc name="CONST" value="-8"/></imc></imc></node><node label="AtomExpr" lexeme="10" spec="INT"><location loc="9.16--9.17"/><type label="INT"/><imc name="CONST" value="10"/></node><location loc="9.13--9.17"/><type label="BOOL"/><imc name="BINOP" value="LEQ"><imc name="MEM"><imc name="BINOP" value="ADD"><imc name="TEMP" value="6"/><imc name="CONST" value="-8"/></imc></imc><imc name="CONST" value="10"/></imc></node><node label="Stmts"><node label="ExprStmt"><node label="FunName" lexeme="putInt"><node label="Args"><node label="VarName" lexeme="n"><location loc="10.16--10.16"/><declaredAt location="50.7--50.16"/><type label="INT"/><imc name="MEM"><imc name="BINOP" value="ADD"><imc name="TEMP" value="6"/><imc name="CONST" value="-8"/></imc></imc></node><location loc="10.16--10.16"/></node><location loc="10.9--10.17"/><declaredAt location="1.1--1.23"/><type label="VOID"/><imc name="CALL" value="_putInt"><imc name="CONST" value="0"/><imc name="MEM"><imc name="BINOP" value="ADD"><imc name="TEMP" value="6"/><imc name="CONST" value="-8"/></imc></imc></imc></node><location loc="10.9--10.17"/><imc name="ESTMT"><imc name="CALL" value="_putInt"><imc name="CONST" value="0"/><imc name="MEM"><imc name="BINOP" value="ADD"><imc name="TEMP" value="6"/><imc name="CONST" value="-8"/></imc></imc></imc></imc></node><node label="ExprStmt"><node label="FunName" lexeme="putString"><node label="Args"><node label="AtomExpr" lexeme="&quot; :  &quot;" spec="STR"><location loc="10.30--10.35"/><type label="PTR"><type label="CHAR"/></type><imc name="NAME" value="L6"/></node><location loc="10.30--10.35"/></node><location loc="10.20--10.36"/><declaredAt location="3.1--3.31"/><type label="VOID"/><imc name="CALL" value="_putString"><imc name="CONST" value="0"/><imc name="NAME" value="L6"/></imc></node><location loc="10.20--10.36"/><imc name="ESTMT"><imc name="CALL" value="_putString"><imc name="CONST" value="0"/><imc name="NAME" value="L6"/></imc></imc></node><node label="ExprStmt"><node label="FunName" lexeme="putInt"><node label="Args"><node label="FunName" lexeme="facItr"><node label="Args"><node label="VarName" lexeme="n"><location loc="11.23--11.23"/><declaredAt location="50.7--50.16"/><type label="INT"/><imc name="MEM"><imc name="BINOP" value="ADD"><imc name="TEMP" value="6"/><imc name="CONST" value="-8"/></imc></imc></node><location loc="11.23--11.23"/></node><location loc="11.16--11.24"/><declaredAt location="53.1--59.6"/><type label="INT"/><imc name="CALL" value="_facItr"><imc name="CONST" value="0"/><imc name="MEM"><imc name="BINOP" value="ADD"><imc name="TEMP" value="6"/><imc name="CONST" value="-8"/></imc></imc></imc></node><location loc="11.16--11.24"/></node><location loc="11.9--11.25"/><declaredAt location="1.1--1.23"/><type label="VOID"/><imc name="CALL" value="_putInt"><imc name="CONST" value="0"/><imc name="CALL" value="_facItr"><imc name="CONST" value="0"/><imc name="MEM"><imc name="BINOP" value="ADD"><imc name="TEMP" value="6"/><imc name="CONST" value="-8"/></imc></imc></imc></imc></node><location loc="11.9--11.25"/><imc name="ESTMT"><imc name="CALL" value="_putInt"><imc name="CONST" value="0"/><imc name="CALL" value="_facItr"><imc name="CONST" value="0"/><imc name="MEM"><imc name="BINOP" value="ADD"><imc name="TEMP" value="6"/><imc name="CONST" value="-8"/></imc></imc></imc></imc></imc></node><node label="ExprStmt"><node label="FunName" lexeme="putChar"><node label="Args"><node label="CastExpr"><node label="AtomExpr" lexeme="10" spec="INT"><location loc="12.18--12.19"/><type label="INT"/><imc name="CONST" value="10"/></node><node label="AtomType" spec="CHAR"><location loc="12.21--12.24"/></node><location loc="12.20--12.25"/><type label="CHAR"/><imc name="BINOP" value="MOD"><imc name="CONST" value="10"/><imc name="CONST" value="256"/></imc></node><location loc="12.20--12.25"/></node><location loc="12.9--12.26"/><declaredAt location="2.1--2.25"/><type label="VOID"/><imc name="CALL" value="_putChar"><imc name="CONST" value="0"/><imc name="BINOP" value="MOD"><imc name="CONST" value="10"/><imc name="CONST" value="256"/></imc></imc></node><location loc="12.9--12.26"/><imc name="ESTMT"><imc name="CALL" value="_putChar"><imc name="CONST" value="0"/><imc name="BINOP" value="MOD"><imc name="CONST" value="10"/><imc name="CONST" value="256"/></imc></imc></imc></node><node label="AssignStmt"><node label="VarName" lexeme="n"><location loc="13.9--13.9"/><declaredAt location="50.7--50.16"/><imc name="BINOP" value="ADD"><imc name="TEMP" value="6"/><imc name="CONST" value="-8"/></imc></node><node label="BinExpr" spec="ADD"><node label="VarName" lexeme="n"><location loc="13.11--13.11"/><declaredAt location="50.7--50.16"/><imc name="MEM"><imc name="BINOP" value="ADD"><imc name="TEMP" value="6"/><imc name="CONST" value="-8"/></imc></imc></node><node label="AtomExpr" lexeme="1" spec="INT"><location loc="13.13--13.13"/><type label="INT"/><imc name="CONST" value="1"/></node><location loc="13.11--13.13"/><type label="INT"/><imc name="BINOP" value="ADD"><imc name="MEM"><imc name="BINOP" value="ADD"><imc name="TEMP" value="6"/><imc name="CONST" value="-8"/></imc></imc><imc name="CONST" value="1"/></imc></node><location loc="13.9--13.13"/><imc name="MOVE"><imc name="MEM"><imc name="BINOP" value="ADD"><imc name="TEMP" value="6"/><imc name="CONST" value="-8"/></imc></imc><imc name="BINOP" value="ADD"><imc name="MEM"><imc name="BINOP" value="ADD"><imc name="TEMP" value="6"/><imc name="CONST" value="-8"/></imc></imc><imc name="CONST" value="1"/></imc></imc></node><location loc="10.9--13.13"/></node><location loc="9.7--14.9"/><imc name="STMTS"><imc name="LABEL" value="L7"/><imc name="CJUMP" value="L8:L9"><imc name="BINOP" value="LEQ"><imc name="MEM"><imc name="BINOP" value="ADD"><imc name="TEMP" value="6"/><imc name="CONST" value="-8"/></imc></imc><imc name="CONST" value="10"/></imc></imc><imc name="LABEL" value="L8"/><imc name="STMTS"><imc name="ESTMT"><imc name="CALL" value="_putInt"><imc name="CONST" value="0"/><imc name="MEM"><imc name="BINOP" value="ADD"><imc name="TEMP" value="6"/><imc name="CONST" value="-8"/></imc></imc></imc></imc><imc name="ESTMT"><imc name="CALL" value="_putString"><imc name="CONST" value="0"/><imc name="NAME" value="L6"/></imc></imc><imc name="ESTMT"><imc name="CALL" value="_putInt"><imc name="CONST" value="0"/><imc name="CALL" value="_facItr"><imc name="CONST" value="0"/><imc name="MEM"><imc name="BINOP" value="ADD"><imc name="TEMP" value="6"/><imc name="CONST" value="-8"/></imc></imc></imc></imc></imc><imc name="ESTMT"><imc name="CALL" value="_putChar"><imc name="CONST" value="0"/><imc name="BINOP" value="MOD"><imc name="CONST" value="10"/><imc name="CONST" value="256"/></imc></imc></imc><imc name="MOVE"><imc name="MEM"><imc name="BINOP" value="ADD"><imc name="TEMP" value="6"/><imc name="CONST" value="-8"/></imc></imc><imc name="BINOP" value="ADD"><imc name="MEM"><imc name="BINOP" value="ADD"><imc name="TEMP" value="6"/><imc name="CONST" value="-8"/></imc></imc><imc name="CONST" value="1"/></imc></imc></imc><imc name="JUMP" value="L7"/><imc name="LABEL" value="L9"/></imc></node><node label="ExprStmt"><node label="FunName" lexeme="putString"><node label="Args"><node label="AtomExpr" lexeme="&quot; facRec: &quot;" spec="STR"><location loc="16.17--16.27"/><type label="PTR"><type label="CHAR"/></type><imc name="NAME" value="L10"/></node><location loc="16.17--16.27"/></node><location loc="16.7--16.28"/><declaredAt location="3.1--3.31"/><type label="VOID"/><imc name="CALL" value="_putString"><imc name="CONST" value="0"/><imc name="NAME" value="L10"/></imc></node><location loc="16.7--16.28"/><imc name="ESTMT"><imc name="CALL" value="_putString"><imc name="CONST" value="0"/><imc name="NAME" value="L10"/></imc></imc></node><node label="ExprStmt"><node label="FunName" lexeme="putChar"><node label="Args"><node label="CastExpr"><node label="AtomExpr" lexeme="10" spec="INT"><location loc="16.40--16.41"/><type label="INT"/><imc name="CONST" value="10"/></node><node label="AtomType" spec="CHAR"><location loc="16.43--16.46"/></node><location loc="16.42--16.47"/><type label="CHAR"/><imc name="BINOP" value="MOD"><imc name="CONST" value="10"/><imc name="CONST" value="256"/></imc></node><location loc="16.42--16.47"/></node><location loc="16.31--16.48"/><declaredAt location="2.1--2.25"/><type label="VOID"/><imc name="CALL" value="_putChar"><imc name="CONST" value="0"/><imc name="BINOP" value="MOD"><imc name="CONST" value="10"/><imc name="CONST" value="256"/></imc></imc></node><location loc="16.31--16.48"/><imc name="ESTMT"><imc name="CALL" value="_putChar"><imc name="CONST" value="0"/><imc name="BINOP" value="MOD"><imc name="CONST" value="10"/><imc name="CONST" value="256"/></imc></imc></imc></node><node label="AssignStmt"><node label="VarName" lexeme="n"><location loc="17.7--17.7"/><declaredAt location="50.7--50.16"/><imc name="BINOP" value="ADD"><imc name="TEMP" value="6"/><imc name="CONST" value="-8"/></imc></node><node label="AtomExpr" lexeme="1" spec="INT"><location loc="17.9--17.9"/><type label="INT"/><imc name="CONST" value="1"/></node><location loc="17.7--17.9"/><imc name="MOVE"><imc name="MEM"><imc name="BINOP" value="ADD"><imc name="TEMP" value="6"/><imc name="CONST" value="-8"/></imc></imc><imc name="CONST" value="1"/></imc></node><node label="WhileStmt"><node label="BinExpr" spec="LEQ"><node label="VarName" lexeme="n"><location loc="18.13--18.13"/><declaredAt location="50.7--50.16"/><imc name="MEM"><imc name="BINOP" value="ADD"><imc name="TEMP" value="6"/><imc name="CONST" value="-8"/></imc></imc></node><node label="AtomExpr" lexeme="10" spec="INT"><location loc="18.16--18.17"/><type label="INT"/><imc name="CONST" value="10"/></node><location loc="18.13--18.17"/><type label="BOOL"/><imc name="BINOP" value="LEQ"><imc name="MEM"><imc name="BINOP" value="ADD"><imc name="TEMP" value="6"/><imc name="CONST" value="-8"/></imc></imc><imc name="CONST" value="10"/></imc></node><node label="Stmts"><node label="ExprStmt"><node label="FunName" lexeme="putInt"><node label="Args"><node label="VarName" lexeme="n"><location loc="19.16--19.16"/><declaredAt location="50.7--50.16"/><type label="INT"/><imc name="MEM"><imc name="BINOP" value="ADD"><imc name="TEMP" value="6"/><imc name="CONST" value="-8"/></imc></imc></node><location loc="19.16--19.16"/></node><location loc="19.9--19.17"/><declaredAt location="1.1--1.23"/><type label="VOID"/><imc name="CALL" value="_putInt"><imc name="CONST" value="0"/><imc name="MEM"><imc name="BINOP" value="ADD"><imc name="TEMP" value="6"/><imc name="CONST" value="-8"/></imc></imc></imc></node><location loc="19.9--19.17"/><imc name="ESTMT"><imc name="CALL" value="_putInt"><imc name="CONST" value="0"/><imc name="MEM"><imc name="BINOP" value="ADD"><imc name="TEMP" value="6"/><imc name="CONST" value="-8"/></imc></imc></imc></imc></node><node label="ExprStmt"><node label="FunName" lexeme="putString"><node label="Args"><node label="AtomExpr" lexeme="&quot; :  &quot;" spec="STR"><location loc="19.30--19.35"/><type label="PTR"><type label="CHAR"/></type><imc name="NAME" value="L11"/></node><location loc="19.30--19.35"/></node><location loc="19.20--19.36"/><declaredAt location="3.1--3.31"/><type label="VOID"/><imc name="CALL" value="_putString"><imc name="CONST" value="0"/><imc name="NAME" value="L11"/></imc></node><location loc="19.20--19.36"/><imc name="ESTMT"><imc name="CALL" value="_putString"><imc name="CONST" value="0"/><imc name="NAME" value="L11"/></imc></imc></node><node label="ExprStmt"><node label="FunName" lexeme="putInt"><node label="Args"><node label="FunName" lexeme="facRec"><node label="Args"><node label="VarName" lexeme="n"><location loc="20.23--20.23"/><declaredAt location="50.7--50.16"/><type label="INT"/><imc name="MEM"><imc name="BINOP" value="ADD"><imc name="TEMP" value="6"/><imc name="CONST" value="-8"/></imc></imc></node><location loc="20.23--20.23"/></node><location loc="20.16--20.24"/><declaredAt location="61.1--66.6"/><type label="INT"/><imc name="CALL" value="_facRec"><imc name="CONST" value="0"/><imc name="MEM"><imc name="BINOP" value="ADD"><imc name="TEMP" value="6"/><imc name="CONST" value="-8"/></imc></imc></imc></node><location loc="20.16--20.24"/></node><location loc="20.9--20.25"/><declaredAt location="1.1--1.23"/><type label="VOID"/><imc name="CALL" value="_putInt"><imc name="CONST" value="0"/><imc name="CALL" value="_facRec"><imc name="CONST" value="0"/><imc name="MEM"><imc name="BINOP" value="ADD"><imc name="TEMP" value="6"/><imc name="CONST" value="-8"/></imc></imc></imc></imc></node><location loc="20.9--20.25"/><imc name="ESTMT"><imc name="CALL" value="_putInt"><imc name="CONST" value="0"/><imc name="CALL" value="_facRec"><imc name="CONST" value="0"/><imc name="MEM"><imc name="BINOP" value="ADD"><imc name="TEMP" value="6"/><imc name="CONST" value="-8"/></imc></imc></imc></imc></imc></node><node label="ExprStmt"><node label="FunName" lexeme="putChar"><node label="Args"><node label="CastExpr"><node label="AtomExpr" lexeme="10" spec="INT"><location loc="21.18--21.19"/><type label="INT"/><imc name="CONST" value="10"/></node><node label="AtomType" spec="CHAR"><location loc="21.21--21.24"/></node><location loc="21.20--21.25"/><type label="CHAR"/><imc name="BINOP" value="MOD"><imc name="CONST" value="10"/><imc name="CONST" value="256"/></imc></node><location loc="21.20--21.25"/></node><location loc="21.9--21.26"/><declaredAt location="2.1--2.25"/><type label="VOID"/><imc name="CALL" value="_putChar"><imc name="CONST" value="0"/><imc name="BINOP" value="MOD"><imc name="CONST" value="10"/><imc name="CONST" value="256"/></imc></imc></node><location loc="21.9--21.26"/><imc name="ESTMT"><imc name="CALL" value="_putChar"><imc name="CONST" value="0"/><imc name="BINOP" value="MOD"><imc name="CONST" value="10"/><imc name="CONST" value="256"/></imc></imc></imc></node><node label="AssignStmt"><node label="VarName" lexeme="n"><location loc="22.9--22.9"/><declaredAt location="50.7--50.16"/><imc name="BINOP" value="ADD"><imc name="TEMP" value="6"/><imc name="CONST" value="-8"/></imc></node><node label="BinExpr" spec="ADD"><node label="VarName" lexeme="n"><location loc="22.11--22.11"/><declaredAt location="50.7--50.16"/><imc name="MEM"><imc name="BINOP" value="ADD"><imc name="TEMP" value="6"/><imc name="CONST" value="-8"/></imc></imc></node><node label="AtomExpr" lexeme="1" spec="INT"><location loc="22.13--22.13"/><type label="INT"/><imc name="CONST" value="1"/></node><location loc="22.11--22.13"/><type label="INT"/><imc name="BINOP" value="ADD"><imc name="MEM"><imc name="BINOP" value="ADD"><imc name="TEMP" value="6"/><imc name="CONST" value="-8"/></imc></imc><imc name="CONST" value="1"/></imc></node><location loc="22.9--22.13"/><imc name="MOVE"><imc name="MEM"><imc name="BINOP" value="ADD"><imc name="TEMP" value="6"/><imc name="CONST" value="-8"/></imc></imc><imc name="BINOP" value="ADD"><imc name="MEM"><imc name="BINOP" value="ADD"><imc name="TEMP" value="6"/><imc name="CONST" value="-8"/></imc></imc><imc name="CONST" value="1"/></imc></imc></node><location loc="19.9--22.13"/></node><location loc="18.7--23.9"/><imc name="STMTS"><imc name="LABEL" value="L12"/><imc name="CJUMP" value="L13:L14"><imc name="BINOP" value="LEQ"><imc name="MEM"><imc name="BINOP" value="ADD"><imc name="TEMP" value="6"/><imc name="CONST" value="-8"/></imc></imc><imc name="CONST" value="10"/></imc></imc><imc name="LABEL" value="L13"/><imc name="STMTS"><imc name="ESTMT"><imc name="CALL" value="_putInt"><imc name="CONST" value="0"/><imc name="MEM"><imc name="BINOP" value="ADD"><imc name="TEMP" value="6"/><imc name="CONST" value="-8"/></imc></imc></imc></imc><imc name="ESTMT"><imc name="CALL" value="_putString"><imc name="CONST" value="0"/><imc name="NAME" value="L11"/></imc></imc><imc name="ESTMT"><imc name="CALL" value="_putInt"><imc name="CONST" value="0"/><imc name="CALL" value="_facRec"><imc name="CONST" value="0"/><imc name="MEM"><imc name="BINOP" value="ADD"><imc name="TEMP" value="6"/><imc name="CONST" value="-8"/></imc></imc></imc></imc></imc><imc name="ESTMT"><imc name="CALL" value="_putChar"><imc name="CONST" value="0"/><imc name="BINOP" value="MOD"><imc name="CONST" value="10"/><imc name="CONST" value="256"/></imc></imc></imc><imc name="MOVE"><imc name="MEM"><imc name="BINOP" value="ADD"><imc name="TEMP" value="6"/><imc name="CONST" value="-8"/></imc></imc><imc name="BINOP" value="ADD"><imc name="MEM"><imc name="BINOP" value="ADD"><imc name="TEMP" value="6"/><imc name="CONST" value="-8"/></imc></imc><imc name="CONST" value="1"/></imc></imc></imc><imc name="JUMP" value="L12"/><imc name="LABEL" value="L14"/></imc></node><node label="ExprStmt"><node label="FunName" lexeme="putString"><node label="Args"><node label="AtomExpr" lexeme="&quot; fibItr: &quot;" spec="STR"><location loc="25.17--25.27"/><type label="PTR"><type label="CHAR"/></type><imc name="NAME" value="L15"/></node><location loc="25.17--25.27"/></node><location loc="25.7--25.28"/><declaredAt location="3.1--3.31"/><type label="VOID"/><imc name="CALL" value="_putString"><imc name="CONST" value="0"/><imc name="NAME" value="L15"/></imc></node><location loc="25.7--25.28"/><imc name="ESTMT"><imc name="CALL" value="_putString"><imc name="CONST" value="0"/><imc name="NAME" value="L15"/></imc></imc></node><node label="ExprStmt"><node label="FunName" lexeme="putChar"><node label="Args"><node label="CastExpr"><node label="AtomExpr" lexeme="10" spec="INT"><location loc="25.40--25.41"/><type label="INT"/><imc name="CONST" value="10"/></node><node label="AtomType" spec="CHAR"><location loc="25.43--25.46"/></node><location loc="25.42--25.47"/><type label="CHAR"/><imc name="BINOP" value="MOD"><imc name="CONST" value="10"/><imc name="CONST" value="256"/></imc></node><location loc="25.42--25.47"/></node><location loc="25.31--25.48"/><declaredAt location="2.1--2.25"/><type label="VOID"/><imc name="CALL" value="_putChar"><imc name="CONST" value="0"/><imc name="BINOP" value="MOD"><imc name="CONST" value="10"/><imc name="CONST" value="256"/></imc></imc></node><location loc="25.31--25.48"/><imc name="ESTMT"><imc name="CALL" value="_putChar"><imc name="CONST" value="0"/><imc name="BINOP" value="MOD"><imc name="CONST" value="10"/><imc name="CONST" value="256"/></imc></imc></imc></node><node label="AssignStmt"><node label="VarName" lexeme="n"><location loc="26.7--26.7"/><declaredAt location="50.7--50.16"/><imc name="BINOP" value="ADD"><imc name="TEMP" value="6"/><imc name="CONST" value="-8"/></imc></node><node label="AtomExpr" lexeme="1" spec="INT"><location loc="26.9--26.9"/><type label="INT"/><imc name="CONST" value="1"/></node><location loc="26.7--26.9"/><imc name="MOVE"><imc name="MEM"><imc name="BINOP" value="ADD"><imc name="TEMP" value="6"/><imc name="CONST" value="-8"/></imc></imc><imc name="CONST" value="1"/></imc></node><node label="WhileStmt"><node label="BinExpr" spec="LEQ"><node label="VarName" lexeme="n"><location loc="27.13--27.13"/><declaredAt location="50.7--50.16"/><imc name="MEM"><imc name="BINOP" value="ADD"><imc name="TEMP" value="6"/><imc name="CONST" value="-8"/></imc></imc></node><node label="AtomExpr" lexeme="10" spec="INT"><location loc="27.16--27.17"/><type label="INT"/><imc name="CONST" value="10"/></node><location loc="27.13--27.17"/><type label="BOOL"/><imc name="BINOP" value="LEQ"><imc name="MEM"><imc name="BINOP" value="ADD"><imc name="TEMP" value="6"/><imc name="CONST" value="-8"/></imc></imc><imc name="CONST" value="10"/></imc></node><node label="Stmts"><node label="ExprStmt"><node label="FunName" lexeme="putInt"><node label="Args"><node label="VarName" lexeme="n"><location loc="28.16--28.16"/><declaredAt location="50.7--50.16"/><type label="INT"/><imc name="MEM"><imc name="BINOP" value="ADD"><imc name="TEMP" value="6"/><imc name="CONST" value="-8"/></imc></imc></node><location loc="28.16--28.16"/></node><location loc="28.9--28.17"/><declaredAt location="1.1--1.23"/><type label="VOID"/><imc name="CALL" value="_putInt"><imc name="CONST" value="0"/><imc name="MEM"><imc name="BINOP" value="ADD"><imc name="TEMP" value="6"/><imc name="CONST" value="-8"/></imc></imc></imc></node><location loc="28.9--28.17"/><imc name="ESTMT"><imc name="CALL" value="_putInt"><imc name="CONST" value="0"/><imc name="MEM"><imc name="BINOP" value="ADD"><imc name="TEMP" value="6"/><imc name="CONST" value="-8"/></imc></imc></imc></imc></node><node label="ExprStmt"><node label="FunName" lexeme="putString"><node label="Args"><node label="AtomExpr" lexeme="&quot; :  &quot;" spec="STR"><location loc="28.30--28.35"/><type label="PTR"><type label="CHAR"/></type><imc name="NAME" value="L16"/></node><location loc="28.30--28.35"/></node><location loc="28.20--28.36"/><declaredAt location="3.1--3.31"/><type label="VOID"/><imc name="CALL" value="_putString"><imc name="CONST" value="0"/><imc name="NAME" value="L16"/></imc></node><location loc="28.20--28.36"/><imc name="ESTMT"><imc name="CALL" value="_putString"><imc name="CONST" value="0"/><imc name="NAME" value="L16"/></imc></imc></node><node label="ExprStmt"><node label="FunName" lexeme="putInt"><node label="Args"><node label="FunName" lexeme="fibItr"><node label="Args"><node label="VarName" lexeme="n"><location loc="29.23--29.23"/><declaredAt location="50.7--50.16"/><type label="INT"/><imc name="MEM"><imc name="BINOP" value="ADD"><imc name="TEMP" value="6"/><imc name="CONST" value="-8"/></imc></imc></node><location loc="29.23--29.23"/></node><location loc="29.16--29.24"/><declaredAt location="68.1--79.6"/><type label="INT"/><imc name="CALL" value="_fibItr"><imc name="CONST" value="0"/><imc name="MEM"><imc name="BINOP" value="ADD"><imc name="TEMP" value="6"/><imc name="CONST" value="-8"/></imc></imc></imc></node><location loc="29.16--29.24"/></node><location loc="29.9--29.25"/><declaredAt location="1.1--1.23"/><type label="VOID"/><imc name="CALL" value="_putInt"><imc name="CONST" value="0"/><imc name="CALL" value="_fibItr"><imc name="CONST" value="0"/><imc name="MEM"><imc name="BINOP" value="ADD"><imc name="TEMP" value="6"/><imc name="CONST" value="-8"/></imc></imc></imc></imc></node><location loc="29.9--29.25"/><imc name="ESTMT"><imc name="CALL" value="_putInt"><imc name="CONST" value="0"/><imc name="CALL" value="_fibItr"><imc name="CONST" value="0"/><imc name="MEM"><imc name="BINOP" value="ADD"><imc name="TEMP" value="6"/><imc name="CONST" value="-8"/></imc></imc></imc></imc></imc></node><node label="ExprStmt"><node label="FunName" lexeme="putChar"><node label="Args"><node label="CastExpr"><node label="AtomExpr" lexeme="10" spec="INT"><location loc="30.18--30.19"/><type label="INT"/><imc name="CONST" value="10"/></node><node label="AtomType" spec="CHAR"><location loc="30.21--30.24"/></node><location loc="30.20--30.25"/><type label="CHAR"/><imc name="BINOP" value="MOD"><imc name="CONST" value="10"/><imc name="CONST" value="256"/></imc></node><location loc="30.20--30.25"/></node><location loc="30.9--30.26"/><declaredAt location="2.1--2.25"/><type label="VOID"/><imc name="CALL" value="_putChar"><imc name="CONST" value="0"/><imc name="BINOP" value="MOD"><imc name="CONST" value="10"/><imc name="CONST" value="256"/></imc></imc></node><location loc="30.9--30.26"/><imc name="ESTMT"><imc name="CALL" value="_putChar"><imc name="CONST" value="0"/><imc name="BINOP" value="MOD"><imc name="CONST" value="10"/><imc name="CONST" value="256"/></imc></imc></imc></node><node label="AssignStmt"><node label="VarName" lexeme="n"><location loc="31.9--31.9"/><declaredAt location="50.7--50.16"/><imc name="BINOP" value="ADD"><imc name="TEMP" value="6"/><imc name="CONST" value="-8"/></imc></node><node label="BinExpr" spec="ADD"><node label="VarName" lexeme="n"><location loc="31.11--31.11"/><declaredAt location="50.7--50.16"/><imc name="MEM"><imc name="BINOP" value="ADD"><imc name="TEMP" value="6"/><imc name="CONST" value="-8"/></imc></imc></node><node label="AtomExpr" lexeme="1" spec="INT"><location loc="31.13--31.13"/><type label="INT"/><imc name="CONST" value="1"/></node><location loc="31.11--31.13"/><type label="INT"/><imc name="BINOP" value="ADD"><imc name="MEM"><imc name="BINOP" value="ADD"><imc name="TEMP" value="6"/><imc name="CONST" value="-8"/></imc></imc><imc name="CONST" value="1"/></imc></node><location loc="31.9--31.13"/><imc name="MOVE"><imc name="MEM"><imc name="BINOP" value="ADD"><imc name="TEMP" value="6"/><imc name="CONST" value="-8"/></imc></imc><imc name="BINOP" value="ADD"><imc name="MEM"><imc name="BINOP" value="ADD"><imc name="TEMP" value="6"/><imc name="CONST" value="-8"/></imc></imc><imc name="CONST" value="1"/></imc></imc></node><location loc="28.9--31.13"/></node><location loc="27.7--32.9"/><imc name="STMTS"><imc name="LABEL" value="L17"/><imc name="CJUMP" value="L18:L19"><imc name="BINOP" value="LEQ"><imc name="MEM"><imc name="BINOP" value="ADD"><imc name="TEMP" value="6"/><imc name="CONST" value="-8"/></imc></imc><imc name="CONST" value="10"/></imc></imc><imc name="LABEL" value="L18"/><imc name="STMTS"><imc name="ESTMT"><imc name="CALL" value="_putInt"><imc name="CONST" value="0"/><imc name="MEM"><imc name="BINOP" value="ADD"><imc name="TEMP" value="6"/><imc name="CONST" value="-8"/></imc></imc></imc></imc><imc name="ESTMT"><imc name="CALL" value="_putString"><imc name="CONST" value="0"/><imc name="NAME" value="L16"/></imc></imc><imc name="ESTMT"><imc name="CALL" value="_putInt"><imc name="CONST" value="0"/><imc name="CALL" value="_fibItr"><imc name="CONST" value="0"/><imc name="MEM"><imc name="BINOP" value="ADD"><imc name="TEMP" value="6"/><imc name="CONST" value="-8"/></imc></imc></imc></imc></imc><imc name="ESTMT"><imc name="CALL" value="_putChar"><imc name="CONST" value="0"/><imc name="BINOP" value="MOD"><imc name="CONST" value="10"/><imc name="CONST" value="256"/></imc></imc></imc><imc name="MOVE"><imc name="MEM"><imc name="BINOP" value="ADD"><imc name="TEMP" value="6"/><imc name="CONST" value="-8"/></imc></imc><imc name="BINOP" value="ADD"><imc name="MEM"><imc name="BINOP" value="ADD"><imc name="TEMP" value="6"/><imc name="CONST" value="-8"/></imc></imc><imc name="CONST" value="1"/></imc></imc></imc><imc name="JUMP" value="L17"/><imc name="LABEL" value="L19"/></imc></node><node label="ExprStmt"><node label="FunName" lexeme="putString"><node label="Args"><node label="AtomExpr" lexeme="&quot; fibRec: &quot;" spec="STR"><location loc="34.17--34.27"/><type label="PTR"><type label="CHAR"/></type><imc name="NAME" value="L20"/></node><location loc="34.17--34.27"/></node><location loc="34.7--34.28"/><declaredAt location="3.1--3.31"/><type label="VOID"/><imc name="CALL" value="_putString"><imc name="CONST" value="0"/><imc name="NAME" value="L20"/></imc></node><location loc="34.7--34.28"/><imc name="ESTMT"><imc name="CALL" value="_putString"><imc name="CONST" value="0"/><imc name="NAME" value="L20"/></imc></imc></node><node label="ExprStmt"><node label="FunName" lexeme="putChar"><node label="Args"><node label="CastExpr"><node label="AtomExpr" lexeme="10" spec="INT"><location loc="34.40--34.41"/><type label="INT"/><imc name="CONST" value="10"/></node><node label="AtomType" spec="CHAR"><location loc="34.43--34.46"/></node><location loc="34.42--34.47"/><type label="CHAR"/><imc name="BINOP" value="MOD"><imc name="CONST" value="10"/><imc name="CONST" value="256"/></imc></node><location loc="34.42--34.47"/></node><location loc="34.31--34.48"/><declaredAt location="2.1--2.25"/><type label="VOID"/><imc name="CALL" value="_putChar"><imc name="CONST" value="0"/><imc name="BINOP" value="MOD"><imc name="CONST" value="10"/><imc name="CONST" value="256"/></imc></imc></node><location loc="34.31--34.48"/><imc name="ESTMT"><imc name="CALL" value="_putChar"><imc name="CONST" value="0"/><imc name="BINOP" value="MOD"><imc name="CONST" value="10"/><imc name="CONST" value="256"/></imc></imc></imc></node><node label="AssignStmt"><node label="VarName" lexeme="n"><location loc="35.7--35.7"/><declaredAt location="50.7--50.16"/><imc name="BINOP" value="ADD"><imc name="TEMP" value="6"/><imc name="CONST" value="-8"/></imc></node><node label="AtomExpr" lexeme="1" spec="INT"><location loc="35.9--35.9"/><type label="INT"/><imc name="CONST" value="1"/></node><location loc="35.7--35.9"/><imc name="MOVE"><imc name="MEM"><imc name="BINOP" value="ADD"><imc name="TEMP" value="6"/><imc name="CONST" value="-8"/></imc></imc><imc name="CONST" value="1"/></imc></node><node label="WhileStmt"><node label="BinExpr" spec="LEQ"><node label="VarName" lexeme="n"><location loc="36.13--36.13"/><declaredAt location="50.7--50.16"/><imc name="MEM"><imc name="BINOP" value="ADD"><imc name="TEMP" value="6"/><imc name="CONST" value="-8"/></imc></imc></node><node label="AtomExpr" lexeme="10" spec="INT"><location loc="36.16--36.17"/><type label="INT"/><imc name="CONST" value="10"/></node><location loc="36.13--36.17"/><type label="BOOL"/><imc name="BINOP" value="LEQ"><imc name="MEM"><imc name="BINOP" value="ADD"><imc name="TEMP" value="6"/><imc name="CONST" value="-8"/></imc></imc><imc name="CONST" value="10"/></imc></node><node label="Stmts"><node label="ExprStmt"><node label="FunName" lexeme="putInt"><node label="Args"><node label="VarName" lexeme="n"><location loc="37.16--37.16"/><declaredAt location="50.7--50.16"/><type label="INT"/><imc name="MEM"><imc name="BINOP" value="ADD"><imc name="TEMP" value="6"/><imc name="CONST" value="-8"/></imc></imc></node><location loc="37.16--37.16"/></node><location loc="37.9--37.17"/><declaredAt location="1.1--1.23"/><type label="VOID"/><imc name="CALL" value="_putInt"><imc name="CONST" value="0"/><imc name="MEM"><imc name="BINOP" value="ADD"><imc name="TEMP" value="6"/><imc name="CONST" value="-8"/></imc></imc></imc></node><location loc="37.9--37.17"/><imc name="ESTMT"><imc name="CALL" value="_putInt"><imc name="CONST" value="0"/><imc name="MEM"><imc name="BINOP" value="ADD"><imc name="TEMP" value="6"/><imc name="CONST" value="-8"/></imc></imc></imc></imc></node><node label="ExprStmt"><node label="FunName" lexeme="putString"><node label="Args"><node label="AtomExpr" lexeme="&quot; :  &quot;" spec="STR"><location loc="37.30--37.35"/><type label="PTR"><type label="CHAR"/></type><imc name="NAME" value="L21"/></node><location loc="37.30--37.35"/></node><location loc="37.20--37.36"/><declaredAt location="3.1--3.31"/><type label="VOID"/><imc name="CALL" value="_putString"><imc name="CONST" value="0"/><imc name="NAME" value="L21"/></imc></node><location loc="37.20--37.36"/><imc name="ESTMT"><imc name="CALL" value="_putString"><imc name="CONST" value="0"/><imc name="NAME" value="L21"/></imc></imc></node><node label="ExprStmt"><node label="FunName" lexeme="putInt"><node label="Args"><node label="FunName" lexeme="fibRec"><node label="Args"><node label="VarName" lexeme="n"><location loc="38.23--38.23"/><declaredAt location="50.7--50.16"/><type label="INT"/><imc name="MEM"><imc name="BINOP" value="ADD"><imc name="TEMP" value="6"/><imc name="CONST" value="-8"/></imc></imc></node><location loc="38.23--38.23"/></node><location loc="38.16--38.24"/><declaredAt location="81.1--86.6"/><type label="INT"/><imc name="CALL" value="_fibRec"><imc name="CONST" value="0"/><imc name="MEM"><imc name="BINOP" value="ADD"><imc name="TEMP" value="6"/><imc name="CONST" value="-8"/></imc></imc></imc></node><location loc="38.16--38.24"/></node><location loc="38.9--38.25"/><declaredAt location="1.1--1.23"/><type label="VOID"/><imc name="CALL" value="_putInt"><imc name="CONST" value="0"/><imc name="CALL" value="_fibRec"><imc name="CONST" value="0"/><imc name="MEM"><imc name="BINOP" value="ADD"><imc name="TEMP" value="6"/><imc name="CONST" value="-8"/></imc></imc></imc></imc></node><location loc="38.9--38.25"/><imc name="ESTMT"><imc name="CALL" value="_putInt"><imc name="CONST" value="0"/><imc name="CALL" value="_fibRec"><imc name="CONST" value="0"/><imc name="MEM"><imc name="BINOP" value="ADD"><imc name="TEMP" value="6"/><imc name="CONST" value="-8"/></imc></imc></imc></imc></imc></node><node label="ExprStmt"><node label="FunName" lexeme="putChar"><node label="Args"><node label="CastExpr"><node label="AtomExpr" lexeme="10" spec="INT"><location loc="39.18--39.19"/><type label="INT"/><imc name="CONST" value="10"/></node><node label="AtomType" spec="CHAR"><location loc="39.21--39.24"/></node><location loc="39.20--39.25"/><type label="CHAR"/><imc name="BINOP" value="MOD"><imc name="CONST" value="10"/><imc name="CONST" value="256"/></imc></node><location loc="39.20--39.25"/></node><location loc="39.9--39.26"/><declaredAt location="2.1--2.25"/><type label="VOID"/><imc name="CALL" value="_putChar"><imc name="CONST" value="0"/><imc name="BINOP" value="MOD"><imc name="CONST" value="10"/><imc name="CONST" value="256"/></imc></imc></node><location loc="39.9--39.26"/><imc name="ESTMT"><imc name="CALL" value="_putChar"><imc name="CONST" value="0"/><imc name="BINOP" value="MOD"><imc name="CONST" value="10"/><imc name="CONST" value="256"/></imc></imc></imc></node><node label="AssignStmt"><node label="VarName" lexeme="n"><location loc="40.9--40.9"/><declaredAt location="50.7--50.16"/><imc name="BINOP" value="ADD"><imc name="TEMP" value="6"/><imc name="CONST" value="-8"/></imc></node><node label="BinExpr" spec="ADD"><node label="VarName" lexeme="n"><location loc="40.11--40.11"/><declaredAt location="50.7--50.16"/><imc name="MEM"><imc name="BINOP" value="ADD"><imc name="TEMP" value="6"/><imc name="CONST" value="-8"/></imc></imc></node><node label="AtomExpr" lexeme="1" spec="INT"><location loc="40.13--40.13"/><type label="INT"/><imc name="CONST" value="1"/></node><location loc="40.11--40.13"/><type label="INT"/><imc name="BINOP" value="ADD"><imc name="MEM"><imc name="BINOP" value="ADD"><imc name="TEMP" value="6"/><imc name="CONST" value="-8"/></imc></imc><imc name="CONST" value="1"/></imc></node><location loc="40.9--40.13"/><imc name="MOVE"><imc name="MEM"><imc name="BINOP" value="ADD"><imc name="TEMP" value="6"/><imc name="CONST" value="-8"/></imc></imc><imc name="BINOP" value="ADD"><imc name="MEM"><imc name="BINOP" value="ADD"><imc name="TEMP" value="6"/><imc name="CONST" value="-8"/></imc></imc><imc name="CONST" value="1"/></imc></imc></node><location loc="37.9--40.13"/></node><location loc="36.7--41.9"/><imc name="STMTS"><imc name="LABEL" value="L22"/><imc name="CJUMP" value="L23:L24"><imc name="BINOP" value="LEQ"><imc name="MEM"><imc name="BINOP" value="ADD"><imc name="TEMP" value="6"/><imc name="CONST" value="-8"/></imc></imc><imc name="CONST" value="10"/></imc></imc><imc name="LABEL" value="L23"/><imc name="STMTS"><imc name="ESTMT"><imc name="CALL" value="_putInt"><imc name="CONST" value="0"/><imc name="MEM"><imc name="BINOP" value="ADD"><imc name="TEMP" value="6"/><imc name="CONST" value="-8"/></imc></imc></imc></imc><imc name="ESTMT"><imc name="CALL" value="_putString"><imc name="CONST" value="0"/><imc name="NAME" value="L21"/></imc></imc><imc name="ESTMT"><imc name="CALL" value="_putInt"><imc name="CONST" value="0"/><imc name="CALL" value="_fibRec"><imc name="CONST" value="0"/><imc name="MEM"><imc name="BINOP" value="ADD"><imc name="TEMP" value="6"/><imc name="CONST" value="-8"/></imc></imc></imc></imc></imc><imc name="ESTMT"><imc name="CALL" value="_putChar"><imc name="CONST" value="0"/><imc name="BINOP" value="MOD"><imc name="CONST" value="10"/><imc name="CONST" value="256"/></imc></imc></imc><imc name="MOVE"><imc name="MEM"><imc name="BINOP" value="ADD"><imc name="TEMP" value="6"/><imc name="CONST" value="-8"/></imc></imc><imc name="BINOP" value="ADD"><imc name="MEM"><imc name="BINOP" value="ADD"><imc name="TEMP" value="6"/><imc name="CONST" value="-8"/></imc></imc><imc name="CONST" value="1"/></imc></imc></imc><imc name="JUMP" value="L22"/><imc name="LABEL" value="L24"/></imc></node><node label="ExprStmt"><node label="FunName" lexeme="putString"><node label="Args"><node label="AtomExpr" lexeme="&quot; Combs: &quot;" spec="STR"><location loc="44.17--44.26"/><type label="PTR"><type label="CHAR"/></type><imc name="NAME" value="L25"/></node><location loc="44.17--44.26"/></node><location loc="44.7--44.27"/><declaredAt location="3.1--3.31"/><type label="VOID"/><imc name="CALL" value="_putString"><imc name="CONST" value="0"/><imc name="NAME" value="L25"/></imc></node><location loc="44.7--44.27"/><imc name="ESTMT"><imc name="CALL" value="_putString"><imc name="CONST" value="0"/><imc name="NAME" value="L25"/></imc></imc></node><node label="ExprStmt"><node label="FunName" lexeme="putChar"><node label="Args"><node label="CastExpr"><node label="AtomExpr" lexeme="10" spec="INT"><location loc="44.39--44.40"/><type label="INT"/><imc name="CONST" value="10"/></node><node label="AtomType" spec="CHAR"><location loc="44.42--44.45"/></node><location loc="44.41--44.46"/><type label="CHAR"/><imc name="BINOP" value="MOD"><imc name="CONST" value="10"/><imc name="CONST" value="256"/></imc></node><location loc="44.41--44.46"/></node><location loc="44.30--44.47"/><declaredAt location="2.1--2.25"/><type label="VOID"/><imc name="CALL" value="_putChar"><imc name="CONST" value="0"/><imc name="BINOP" value="MOD"><imc name="CONST" value="10"/><imc name="CONST" value="256"/></imc></imc></node><location loc="44.30--44.47"/><imc name="ESTMT"><imc name="CALL" value="_putChar"><imc name="CONST" value="0"/><imc name="BINOP" value="MOD"><imc name="CONST" value="10"/><imc name="CONST" value="256"/></imc></imc></imc></node><node label="ExprStmt"><node label="FunName" lexeme="combs"><node label="Args"><node label="AtomExpr" lexeme="4" spec="INT"><location loc="45.13--45.13"/><type label="INT"/><imc name="CONST" value="4"/></node><node label="AtomExpr" lexeme="3" spec="INT"><location loc="45.15--45.15"/><type label="INT"/><imc name="CONST" value="3"/></node><location loc="45.13--45.15"/></node><location loc="45.7--45.16"/><declaredAt location="88.1--115.6"/><type label="INT"/><imc name="CALL" value="_combs"><imc name="CONST" value="0"/><imc name="CONST" value="4"/><imc name="CONST" value="3"/></imc></node><location loc="45.7--45.16"/><imc name="ESTMT"><imc name="CALL" value="_combs"><imc name="CONST" value="0"/><imc name="CONST" value="4"/><imc name="CONST" value="3"/></imc></imc></node><location loc="7.7--45.16"/></node><node label="AtomExpr" lexeme="0" spec="INT"><location loc="48.9--48.9"/><type label="INT"/><imc name="CONST" value="0"/></node><location loc="7.7--50.27"/><type label="INT"/><imc name="SEXPR"><imc name="STMTS"><imc name="ESTMT"><imc name="CALL" value="_putString"><imc name="CONST" value="0"/><imc name="NAME" value="L5"/></imc></imc><imc name="ESTMT"><imc name="CALL" value="_putChar"><imc name="CONST" value="0"/><imc name="BINOP" value="MOD"><imc name="CONST" value="10"/><imc name="CONST" value="256"/></imc></imc></imc><imc name="MOVE"><imc name="MEM"><imc name="BINOP" value="ADD"><imc name="TEMP" value="6"/><imc name="CONST" value="-8"/></imc></imc><imc name="CONST" value="1"/></imc><imc name="STMTS"><imc name="LABEL" value="L7"/><imc name="CJUMP" value="L8:L9"><imc name="BINOP" value="LEQ"><imc name="MEM"><imc name="BINOP" value="ADD"><imc name="TEMP" value="6"/><imc name="CONST" value="-8"/></imc></imc><imc name="CONST" value="10"/></imc></imc><imc name="LABEL" value="L8"/><imc name="STMTS"><imc name="ESTMT"><imc name="CALL" value="_putInt"><imc name="CONST" value="0"/><imc name="MEM"><imc name="BINOP" value="ADD"><imc name="TEMP" value="6"/><imc name="CONST" value="-8"/></imc></imc></imc></imc><imc name="ESTMT"><imc name="CALL" value="_putString"><imc name="CONST" value="0"/><imc name="NAME" value="L6"/></imc></imc><imc name="ESTMT"><imc name="CALL" value="_putInt"><imc name="CONST" value="0"/><imc name="CALL" value="_facItr"><imc name="CONST" value="0"/><imc name="MEM"><imc name="BINOP" value="ADD"><imc name="TEMP" value="6"/><imc name="CONST" value="-8"/></imc></imc></imc></imc></imc><imc name="ESTMT"><imc name="CALL" value="_putChar"><imc name="CONST" value="0"/><imc name="BINOP" value="MOD"><imc name="CONST" value="10"/><imc name="CONST" value="256"/></imc></imc></imc><imc name="MOVE"><imc name="MEM"><imc name="BINOP" value="ADD"><imc name="TEMP" value="6"/><imc name="CONST" value="-8"/></imc></imc><imc name="BINOP" value="ADD"><imc name="MEM"><imc name="BINOP" value="ADD"><imc name="TEMP" value="6"/><imc name="CONST" value="-8"/></imc></imc><imc name="CONST" value="1"/></imc></imc></imc><imc name="JUMP" value="L7"/><imc name="LABEL" value="L9"/></imc><imc name="ESTMT"><imc name="CALL" value="_putString"><imc name="CONST" value="0"/><imc name="NAME" value="L10"/></imc></imc><imc name="ESTMT"><imc name="CALL" value="_putChar"><imc name="CONST" value="0"/><imc name="BINOP" value="MOD"><imc name="CONST" value="10"/><imc name="CONST" value="256"/></imc></imc></imc><imc name="MOVE"><imc name="MEM"><imc name="BINOP" value="ADD"><imc name="TEMP" value="6"/><imc name="CONST" value="-8"/></imc></imc><imc name="CONST" value="1"/></imc><imc name="STMTS"><imc name="LABEL" value="L12"/><imc name="CJUMP" value="L13:L14"><imc name="BINOP" value="LEQ"><imc name="MEM"><imc name="BINOP" value="ADD"><imc name="TEMP" value="6"/><imc name="CONST" value="-8"/></imc></imc><imc name="CONST" value="10"/></imc></imc><imc name="LABEL" value="L13"/><imc name="STMTS"><imc name="ESTMT"><imc name="CALL" value="_putInt"><imc name="CONST" value="0"/><imc name="MEM"><imc name="BINOP" value="ADD"><imc name="TEMP" value="6"/><imc name="CONST" value="-8"/></imc></imc></imc></imc><imc name="ESTMT"><imc name="CALL" value="_putString"><imc name="CONST" value="0"/><imc name="NAME" value="L11"/></imc></imc><imc name="ESTMT"><imc name="CALL" value="_putInt"><imc name="CONST" value="0"/><imc name="CALL" value="_facRec"><imc name="CONST" value="0"/><imc name="MEM"><imc name="BINOP" value="ADD"><imc name="TEMP" value="6"/><imc name="CONST" value="-8"/></imc></imc></imc></imc></imc><imc name="ESTMT"><imc name="CALL" value="_putChar"><imc name="CONST" value="0"/><imc name="BINOP" value="MOD"><imc name="CONST" value="10"/><imc name="CONST" value="256"/></imc></imc></imc><imc name="MOVE"><imc name="MEM"><imc name="BINOP" value="ADD"><imc name="TEMP" value="6"/><imc name="CONST" value="-8"/></imc></imc><imc name="BINOP" value="ADD"><imc name="MEM"><imc name="BINOP" value="ADD"><imc name="TEMP" value="6"/><imc name="CONST" value="-8"/></imc></imc><imc name="CONST" value="1"/></imc></imc></imc><imc name="JUMP" value="L12"/><imc name="LABEL" value="L14"/></imc><imc name="ESTMT"><imc name="CALL" value="_putString"><imc name="CONST" value="0"/><imc name="NAME" value="L15"/></imc></imc><imc name="ESTMT"><imc name="CALL" value="_putChar"><imc name="CONST" value="0"/><imc name="BINOP" value="MOD"><imc name="CONST" value="10"/><imc name="CONST" value="256"/></imc></imc></imc><imc name="MOVE"><imc name="MEM"><imc name="BINOP" value="ADD"><imc name="TEMP" value="6"/><imc name="CONST" value="-8"/></imc></imc><imc name="CONST" value="1"/></imc><imc name="STMTS"><imc name="LABEL" value="L17"/><imc name="CJUMP" value="L18:L19"><imc name="BINOP" value="LEQ"><imc name="MEM"><imc name="BINOP" value="ADD"><imc name="TEMP" value="6"/><imc name="CONST" value="-8"/></imc></imc><imc name="CONST" value="10"/></imc></imc><imc name="LABEL" value="L18"/><imc name="STMTS"><imc name="ESTMT"><imc name="CALL" value="_putInt"><imc name="CONST" value="0"/><imc name="MEM"><imc name="BINOP" value="ADD"><imc name="TEMP" value="6"/><imc name="CONST" value="-8"/></imc></imc></imc></imc><imc name="ESTMT"><imc name="CALL" value="_putString"><imc name="CONST" value="0"/><imc name="NAME" value="L16"/></imc></imc><imc name="ESTMT"><imc name="CALL" value="_putInt"><imc name="CONST" value="0"/><imc name="CALL" value="_fibItr"><imc name="CONST" value="0"/><imc name="MEM"><imc name="BINOP" value="ADD"><imc name="TEMP" value="6"/><imc name="CONST" value="-8"/></imc></imc></imc></imc></imc><imc name="ESTMT"><imc name="CALL" value="_putChar"><imc name="CONST" value="0"/><imc name="BINOP" value="MOD"><imc name="CONST" value="10"/><imc name="CONST" value="256"/></imc></imc></imc><imc name="MOVE"><imc name="MEM"><imc name="BINOP" value="ADD"><imc name="TEMP" value="6"/><imc name="CONST" value="-8"/></imc></imc><imc name="BINOP" value="ADD"><imc name="MEM"><imc name="BINOP" value="ADD"><imc name="TEMP" value="6"/><imc name="CONST" value="-8"/></imc></imc><imc name="CONST" value="1"/></imc></imc></imc><imc name="JUMP" value="L17"/><imc name="LABEL" value="L19"/></imc><imc name="ESTMT"><imc name="CALL" value="_putString"><imc name="CONST" value="0"/><imc name="NAME" value="L20"/></imc></imc><imc name="ESTMT"><imc name="CALL" value="_putChar"><imc name="CONST" value="0"/><imc name="BINOP" value="MOD"><imc name="CONST" value="10"/><imc name="CONST" value="256"/></imc></imc></imc><imc name="MOVE"><imc name="MEM"><imc name="BINOP" value="ADD"><imc name="TEMP" value="6"/><imc name="CONST" value="-8"/></imc></imc><imc name="CONST" value="1"/></imc><imc name="STMTS"><imc name="LABEL" value="L22"/><imc name="CJUMP" value="L23:L24"><imc name="BINOP" value="LEQ"><imc name="MEM"><imc name="BINOP" value="ADD"><imc name="TEMP" value="6"/><imc name="CONST" value="-8"/></imc></imc><imc name="CONST" value="10"/></imc></imc><imc name="LABEL" value="L23"/><imc name="STMTS"><imc name="ESTMT"><imc name="CALL" value="_putInt"><imc name="CONST" value="0"/><imc name="MEM"><imc name="BINOP" value="ADD"><imc name="TEMP" value="6"/><imc name="CONST" value="-8"/></imc></imc></imc></imc><imc name="ESTMT"><imc name="CALL" value="_putString"><imc name="CONST" value="0"/><imc name="NAME" value="L21"/></imc></imc><imc name="ESTMT"><imc name="CALL" value="_putInt"><imc name="CONST" value="0"/><imc name="CALL" value="_fibRec"><imc name="CONST" value="0"/><imc name="MEM"><imc name="BINOP" value="ADD"><imc name="TEMP" value="6"/><imc name="CONST" value="-8"/></imc></imc></imc></imc></imc><imc name="ESTMT"><imc name="CALL" value="_putChar"><imc name="CONST" value="0"/><imc name="BINOP" value="MOD"><imc name="CONST" value="10"/><imc name="CONST" value="256"/></imc></imc></imc><imc name="MOVE"><imc name="MEM"><imc name="BINOP" value="ADD"><imc name="TEMP" value="6"/><imc name="CONST" value="-8"/></imc></imc><imc name="BINOP" value="ADD"><imc name="MEM"><imc name="BINOP" value="ADD"><imc name="TEMP" value="6"/><imc name="CONST" value="-8"/></imc></imc><imc name="CONST" value="1"/></imc></imc></imc><imc name="JUMP" value="L22"/><imc name="LABEL" value="L24"/></imc><imc name="ESTMT"><imc name="CALL" value="_putString"><imc name="CONST" value="0"/><imc name="NAME" value="L25"/></imc></imc><imc name="ESTMT"><imc name="CALL" value="_putChar"><imc name="CONST" value="0"/><imc name="BINOP" value="MOD"><imc name="CONST" value="10"/><imc name="CONST" value="256"/></imc></imc></imc><imc name="ESTMT"><imc name="CALL" value="_combs"><imc name="CONST" value="0"/><imc name="CONST" value="4"/><imc name="CONST" value="3"/></imc></imc></imc><imc name="CONST" value="0"/></imc></node><location loc="5.1--51.6"/><frame FP="T6" RV="T7" argssize="24" depth="1" label="_main" locssize="16" size="56"/></node><node label="FunDef" lexeme="facItr"><node label="ParDecls"><node label="ParDecl" lexeme="n"><node label="AtomType" spec="INT"><location loc="53.14--53.16"/></node><location loc="53.12--53.16"/><access depth="1" offset="8" size="8"/></node><location loc="53.12--53.16"/></node><node label="AtomType" spec="INT"><location loc="53.19--53.21"/></node><node label="BlockExpr"><node label="Decls"><node label="VarDecl" lexeme="f"><node label="AtomType" spec="INT"><location loc="58.13--58.15"/></node><location loc="58.7--58.16"/><access depth="1" offset="-8" size="8"/></node><location loc="58.7--58.16"/></node><node label="Stmts"><node label="AssignStmt"><node label="VarName" lexeme="f"><location loc="54.7--54.7"/><declaredAt location="58.7--58.16"/><imc name="BINOP" value="ADD"><imc name="TEMP" value="8"/><imc name="CONST" value="-8"/></imc></node><node label="AtomExpr" lexeme="1" spec="INT"><location loc="54.9--54.9"/><type label="INT"/><imc name="CONST" value="1"/></node><location loc="54.7--54.9"/><imc name="MOVE"><imc name="MEM"><imc name="BINOP" value="ADD"><imc name="TEMP" value="8"/><imc name="CONST" value="-8"/></imc></imc><imc name="CONST" value="1"/></imc></node><node label="WhileStmt"><node label="BinExpr" spec="GTH"><node label="VarName" lexeme="n"><location loc="55.13--55.13"/><declaredAt location="53.12--53.16"/><imc name="MEM"><imc name="BINOP" value="ADD"><imc name="TEMP" value="8"/><imc name="CONST" value="8"/></imc></imc></node><node label="AtomExpr" lexeme="0" spec="INT"><location loc="55.15--55.15"/><type label="INT"/><imc name="CONST" value="0"/></node><location loc="55.13--55.15"/><type label="BOOL"/><imc name="BINOP" value="GTH"><imc name="MEM"><imc name="BINOP" value="ADD"><imc name="TEMP" value="8"/><imc name="CONST" value="8"/></imc></imc><imc name="CONST" value="0"/></imc></node><node label="Stmts"><node label="AssignStmt"><node label="VarName" lexeme="f"><location loc="55.20--55.20"/><declaredAt location="58.7--58.16"/><imc name="BINOP" value="ADD"><imc name="TEMP" value="8"/><imc name="CONST" value="-8"/></imc></node><node label="BinExpr" spec="MUL"><node label="VarName" lexeme="f"><location loc="55.22--55.22"/><declaredAt location="58.7--58.16"/><imc name="MEM"><imc name="BINOP" value="ADD"><imc name="TEMP" value="8"/><imc name="CONST" value="-8"/></imc></imc></node><node label="VarName" lexeme="n"><location loc="55.24--55.24"/><declaredAt location="53.12--53.16"/><imc name="MEM"><imc name="BINOP" value="ADD"><imc name="TEMP" value="8"/><imc name="CONST" value="8"/></imc></imc></node><location loc="55.22--55.24"/><type label="INT"/><imc name="BINOP" value="MUL"><imc name="MEM"><imc name="BINOP" value="ADD"><imc name="TEMP" value="8"/><imc name="CONST" value="-8"/></imc></imc><imc name="MEM"><imc name="BINOP" value="ADD"><imc name="TEMP" value="8"/><imc name="CONST" value="8"/></imc></imc></imc></node><location loc="55.20--55.24"/><imc name="MOVE"><imc name="MEM"><imc name="BINOP" value="ADD"><imc name="TEMP" value="8"/><imc name="CONST" value="-8"/></imc></imc><imc name="BINOP" value="MUL"><imc name="MEM"><imc name="BINOP" value="ADD"><imc name="TEMP" value="8"/><imc name="CONST" value="-8"/></imc></imc><imc name="MEM"><imc name="BINOP" value="ADD"><imc name="TEMP" value="8"/><imc name="CONST" value="8"/></imc></imc></imc></imc></node><node label="AssignStmt"><node label="VarName" lexeme="n"><location loc="55.27--55.27"/><declaredAt location="53.12--53.16"/><imc name="BINOP" value="ADD"><imc name="TEMP" value="8"/><imc name="CONST" value="8"/></imc></node><node label="BinExpr" spec="SUB"><node label="VarName" lexeme="n"><location loc="55.29--55.29"/><declaredAt location="53.12--53.16"/><imc name="MEM"><imc name="BINOP" value="ADD"><imc name="TEMP" value="8"/><imc name="CONST" value="8"/></imc></imc></node><node label="AtomExpr" lexeme="1" spec="INT"><location loc="55.31--55.31"/><type label="INT"/><imc name="CONST" value="1"/></node><location loc="55.29--55.31"/><type label="INT"/><imc name="BINOP" value="SUB"><imc name="MEM"><imc name="BINOP" value="ADD"><imc name="TEMP" value="8"/><imc name="CONST" value="8"/></imc></imc><imc name="CONST" value="1"/></imc></node><location loc="55.27--55.31"/><imc name="MOVE"><imc name="MEM"><imc name="BINOP" value="ADD"><imc name="TEMP" value="8"/><imc name="CONST" value="8"/></imc></imc><imc name="BINOP" value="SUB"><imc name="MEM"><imc name="BINOP" value="ADD"><imc name="TEMP" value="8"/><imc name="CONST" value="8"/></imc></imc><imc name="CONST" value="1"/></imc></imc></node><location loc="55.20--55.31"/></node><location loc="55.7--55.36"/><imc name="STMTS"><imc name="LABEL" value="L26"/><imc name="CJUMP" value="L27:L28"><imc name="BINOP" value="GTH"><imc name="MEM"><imc name="BINOP" value="ADD"><imc name="TEMP" value="8"/><imc name="CONST" value="8"/></imc></imc><imc name="CONST" value="0"/></imc></imc><imc name="LABEL" value="L27"/><imc name="STMTS"><imc name="MOVE"><imc name="MEM"><imc name="BINOP" value="ADD"><imc name="TEMP" value="8"/><imc name="CONST" value="-8"/></imc></imc><imc name="BINOP" value="MUL"><imc name="MEM"><imc name="BINOP" value="ADD"><imc name="TEMP" value="8"/><imc name="CONST" value="-8"/></imc></imc><imc name="MEM"><imc name="BINOP" value="ADD"><imc name="TEMP" value="8"/><imc name="CONST" value="8"/></imc></imc></imc></imc><imc name="MOVE"><imc name="MEM"><imc name="BINOP" value="ADD"><imc name="TEMP" value="8"/><imc name="CONST" value="8"/></imc></imc><imc name="BINOP" value="SUB"><imc name="MEM"><imc name="BINOP" value="ADD"><imc name="TEMP" value="8"/><imc name="CONST" value="8"/></imc></imc><imc name="CONST" value="1"/></imc></imc></imc><imc name="JUMP" value="L26"/><imc name="LABEL" value="L28"/></imc></node><location loc="54.7--55.36"/></node><node label="VarName" lexeme="f"><location loc="56.7--56.7"/><declaredAt location="58.7--58.16"/><imc name="MEM"><imc name="BINOP" value="ADD"><imc name="TEMP" value="8"/><imc name="CONST" value="-8"/></imc></imc></node><location loc="54.7--58.16"/><type label="INT"/><imc name="SEXPR"><imc name="STMTS"><imc name="MOVE"><imc name="MEM"><imc name="BINOP" value="ADD"><imc name="TEMP" value="8"/><imc name="CONST" value="-8"/></imc></imc><imc name="CONST" value="1"/></imc><imc name="STMTS"><imc name="LABEL" value="L26"/><imc name="CJUMP" value="L27:L28"><imc name="BINOP" value="GTH"><imc name="MEM"><imc name="BINOP" value="ADD"><imc name="TEMP" value="8"/><imc name="CONST" value="8"/></imc></imc><imc name="CONST" value="0"/></imc></imc><imc name="LABEL" value="L27"/><imc name="STMTS"><imc name="MOVE"><imc name="MEM"><imc name="BINOP" value="ADD"><imc name="TEMP" value="8"/><imc name="CONST" value="-8"/></imc></imc><imc name="BINOP" value="MUL"><imc name="MEM"><imc name="BINOP" value="ADD"><imc name="TEMP" value="8"/><imc name="CONST" value="-8"/></imc></imc><imc name="MEM"><imc name="BINOP" value="ADD"><imc name="TEMP" value="8"/><imc name="CONST" value="8"/></imc></imc></imc></imc><imc name="MOVE"><imc name="MEM"><imc name="BINOP" value="ADD"><imc name="TEMP" value="8"/><imc name="CONST" value="8"/></imc></imc><imc name="BINOP" value="SUB"><imc name="MEM"><imc name="BINOP" value="ADD"><imc name="TEMP" value="8"/><imc name="CONST" value="8"/></imc></imc><imc name="CONST" value="1"/></imc></imc></imc><imc name="JUMP" value="L26"/><imc name="LABEL" value="L28"/></imc></imc><imc name="MEM"><imc name="BINOP" value="ADD"><imc name="TEMP" value="8"/><imc name="CONST" value="-8"/></imc></imc></imc></node><location loc="53.1--59.6"/><frame FP="T8" RV="T9" argssize="0" depth="1" label="_facItr" locssize="8" size="24"/></node><node label="FunDef" lexeme="facRec"><node label="ParDecls"><node label="ParDecl" lexeme="n"><node label="AtomType" spec="INT"><location loc="61.14--61.16"/></node><location loc="61.12--61.16"/><access depth="1" offset="8" size="8"/></node><location loc="61.12--61.16"/></node><node label="AtomType" spec="INT"><location loc="61.19--61.21"/></node><node label="BlockExpr"><node label="Decls"><node label="VarDecl" lexeme="f"><node label="AtomType" spec="INT"><location loc="65.13--65.15"/></node><location loc="65.7--65.16"/><access depth="1" offset="-8" size="8"/></node><location loc="65.7--65.16"/></node><node label="Stmts"><node label="IfStmt"><node label="BinExpr" spec="EQU"><node label="VarName" lexeme="n"><location loc="62.10--62.10"/><declaredAt location="61.12--61.16"/><imc name="MEM"><imc name="BINOP" value="ADD"><imc name="TEMP" value="10"/><imc name="CONST" value="8"/></imc></imc></node><node label="AtomExpr" lexeme="1" spec="INT"><location loc="62.13--62.13"/><type label="INT"/><imc name="CONST" value="1"/></node><location loc="62.10--62.13"/><type label="BOOL"/><imc name="BINOP" value="EQU"><imc name="MEM"><imc name="BINOP" value="ADD"><imc name="TEMP" value="10"/><imc name="CONST" value="8"/></imc></imc><imc name="CONST" value="1"/></imc></node><node label="Stmts"><node label="AssignStmt"><node label="VarName" lexeme="f"><location loc="62.20--62.20"/><declaredAt location="65.7--65.16"/><imc name="BINOP" value="ADD"><imc name="TEMP" value="10"/><imc name="CONST" value="-8"/></imc></node><node label="AtomExpr" lexeme="1" spec="INT"><location loc="62.22--62.22"/><type label="INT"/><imc name="CONST" value="1"/></node><location loc="62.20--62.22"/><imc name="MOVE"><imc name="MEM"><imc name="BINOP" value="ADD"><imc name="TEMP" value="10"/><imc name="CONST" value="-8"/></imc></imc><imc name="CONST" value="1"/></imc></node><location loc="62.20--62.22"/></node><node label="Stmts"><node label="AssignStmt"><node label="VarName" lexeme="f"><location loc="62.30--62.30"/><declaredAt location="65.7--65.16"/><imc name="BINOP" value="ADD"><imc name="TEMP" value="10"/><imc name="CONST" value="-8"/></imc></node><node label="BinExpr" spec="MUL"><node label="VarName" lexeme="n"><location loc="62.32--62.32"/><declaredAt location="61.12--61.16"/><imc name="MEM"><imc name="BINOP" value="ADD"><imc name="TEMP" value="10"/><imc name="CONST" value="8"/></imc></imc></node><node label="FunName" lexeme="facRec"><node label="Args"><node label="BinExpr" spec="SUB"><node label="VarName" lexeme="n"><location loc="62.41--62.41"/><declaredAt location="61.12--61.16"/><imc name="MEM"><imc name="BINOP" value="ADD"><imc name="TEMP" value="10"/><imc name="CONST" value="8"/></imc></imc></node><node label="AtomExpr" lexeme="1" spec="INT"><location loc="62.43--62.43"/><type label="INT"/><imc name="CONST" value="1"/></node><location loc="62.41--62.43"/><type label="INT"/><imc name="BINOP" value="SUB"><imc name="MEM"><imc name="BINOP" value="ADD"><imc name="TEMP" value="10"/><imc name="CONST" value="8"/></imc></imc><imc name="CONST" value="1"/></imc></node><location loc="62.41--62.43"/></node><location loc="62.34--62.44"/><declaredAt location="61.1--66.6"/><type label="INT"/><imc name="CALL" value="_facRec"><imc name="CONST" value="0"/><imc name="BINOP" value="SUB"><imc name="MEM"><imc name="BINOP" value="ADD"><imc name="TEMP" value="10"/><imc name="CONST" value="8"/></imc></imc><imc name="CONST" value="1"/></imc></imc></node><location loc="62.32--62.44"/><type label="INT"/><imc name="BINOP" value="MUL"><imc name="MEM"><imc name="BINOP" value="ADD"><imc name="TEMP" value="10"/><imc name="CONST" value="8"/></imc></imc><imc name="CALL" value="_facRec"><imc name="CONST" value="0"/><imc name="BINOP" value="SUB"><imc name="MEM"><imc name="BINOP" value="ADD"><imc name="TEMP" value="10"/><imc name="CONST" value="8"/></imc></imc><imc name="CONST" value="1"/></imc></imc></imc></node><location loc="62.30--62.44"/><imc name="MOVE"><imc name="MEM"><imc name="BINOP" value="ADD"><imc name="TEMP" value="10"/><imc name="CONST" value="-8"/></imc></imc><imc name="BINOP" value="MUL"><imc name="MEM"><imc name="BINOP" value="ADD"><imc name="TEMP" value="10"/><imc name="CONST" value="8"/></imc></imc><imc name="CALL" value="_facRec"><imc name="CONST" value="0"/><imc name="BINOP" value="SUB"><imc name="MEM"><imc name="BINOP" value="ADD"><imc name="TEMP" value="10"/><imc name="CONST" value="8"/></imc></imc><imc name="CONST" value="1"/></imc></imc></imc></imc></node><location loc="62.30--62.44"/></node><location loc="62.7--62.49"/><imc name="STMTS"><imc name="CJUMP" value="L29:L30"><imc name="BINOP" value="EQU"><imc name="MEM"><imc name="BINOP" value="ADD"><imc name="TEMP" value="10"/><imc name="CONST" value="8"/></imc></imc><imc name="CONST" value="1"/></imc></imc><imc name="LABEL" value="L29"/><imc name="STMTS"><imc name="MOVE"><imc name="MEM"><imc name="BINOP" value="ADD"><imc name="TEMP" value="10"/><imc name="CONST" value="-8"/></imc></imc><imc name="CONST" value="1"/></imc></imc><imc name="JUMP" value="L31"/><imc name="LABEL" value="L30"/><imc name="STMTS"><imc name="MOVE"><imc name="MEM"><imc name="BINOP" value="ADD"><imc name="TEMP" value="10"/><imc name="CONST" value="-8"/></imc></imc><imc name="BINOP" value="MUL"><imc name="MEM"><imc name="BINOP" value="ADD"><imc name="TEMP" value="10"/><imc name="CONST" value="8"/></imc></imc><imc name="CALL" value="_facRec"><imc name="CONST" value="0"/><imc name="BINOP" value="SUB"><imc name="MEM"><imc name="BINOP" value="ADD"><imc name="TEMP" value="10"/><imc name="CONST" value="8"/></imc></imc><imc name="CONST" value="1"/></imc></imc></imc></imc></imc><imc name="LABEL" value="L31"/></imc></node><location loc="62.7--62.49"/></node><node label="VarName" lexeme="f"><location loc="63.7--63.7"/><declaredAt location="65.7--65.16"/><imc name="MEM"><imc name="BINOP" value="ADD"><imc name="TEMP" value="10"/><imc name="CONST" value="-8"/></imc></imc></node><location loc="62.7--65.16"/><type label="INT"/><imc name="SEXPR"><imc name="STMTS"><imc name="STMTS"><imc name="CJUMP" value="L29:L30"><imc name="BINOP" value="EQU"><imc name="MEM"><imc name="BINOP" value="ADD"><imc name="TEMP" value="10"/><imc name="CONST" value="8"/></imc></imc><imc name="CONST" value="1"/></imc></imc><imc name="LABEL" value="L29"/><imc name="STMTS"><imc name="MOVE"><imc name="MEM"><imc name="BINOP" value="ADD"><imc name="TEMP" value="10"/><imc name="CONST" value="-8"/></imc></imc><imc name="CONST" value="1"/></imc></imc><imc name="JUMP" value="L31"/><imc name="LABEL" value="L30"/><imc name="STMTS"><imc name="MOVE"><imc name="MEM"><imc name="BINOP" value="ADD"><imc name="TEMP" value="10"/><imc name="CONST" value="-8"/></imc></imc><imc name="BINOP" value="MUL"><imc name="MEM"><imc name="BINOP" value="ADD"><imc name="TEMP" value="10"/><imc name="CONST" value="8"/></imc></imc><imc name="CALL" value="_facRec"><imc name="CONST" value="0"/><imc name="BINOP" value="SUB"><imc name="MEM"><imc name="BINOP" value="ADD"><imc name="TEMP" value="10"/><imc name="CONST" value="8"/></imc></imc><imc name="CONST" value="1"/></imc></imc></imc></imc></imc><imc name="LABEL" value="L31"/></imc></imc><imc name="MEM"><imc name="BINOP" value="ADD"><imc name="TEMP" value="10"/><imc name="CONST" value="-8"/></imc></imc></imc></node><location loc="61.1--66.6"/><frame FP="T10" RV="T11" argssize="16" depth="1" label="_facRec" locssize="8" size="40"/></node><node label="FunDef" lexeme="fibItr"><node label="ParDecls"><node label="ParDecl" lexeme="n"><node label="AtomType" spec="INT"><location loc="68.14--68.16"/></node><location loc="68.12--68.16"/><access depth="1" offset="8" size="8"/></node><location loc="68.12--68.16"/></node><node label="AtomType" spec="INT"><location loc="68.19--68.21"/></node><node label="BlockExpr"><node label="Decls"><node label="VarDecl" lexeme="f"><node label="AtomType" spec="INT"><location loc="76.13--76.15"/></node><location loc="76.7--76.16"/><access depth="1" offset="-8" size="8"/></node><node label="VarDecl" lexeme="fm1"><node label="AtomType" spec="INT"><location loc="77.15--77.17"/></node><location loc="77.7--77.18"/><access depth="1" offset="-16" size="8"/></node><node label="VarDecl" lexeme="fm2"><node label="AtomType" spec="INT"><location loc="78.15--78.17"/></node><location loc="78.7--78.18"/><access depth="1" offset="-24" size="8"/></node><location loc="76.7--78.18"/></node><node label="Stmts"><node label="AssignStmt"><node label="VarName" lexeme="f"><location loc="69.7--69.7"/><declaredAt location="76.7--76.16"/><imc name="BINOP" value="ADD"><imc name="TEMP" value="12"/><imc name="CONST" value="-8"/></imc></node><node label="AtomExpr" lexeme="1" spec="INT"><location loc="69.9--69.9"/><type label="INT"/><imc name="CONST" value="1"/></node><location loc="69.7--69.9"/><imc name="MOVE"><imc name="MEM"><imc name="BINOP" value="ADD"><imc name="TEMP" value="12"/><imc name="CONST" value="-8"/></imc></imc><imc name="CONST" value="1"/></imc></node><node label="AssignStmt"><node label="VarName" lexeme="fm1"><location loc="69.12--69.14"/><declaredAt location="77.7--77.18"/><imc name="BINOP" value="ADD"><imc name="TEMP" value="12"/><imc name="CONST" value="-16"/></imc></node><node label="AtomExpr" lexeme="1" spec="INT"><location loc="69.16--69.16"/><type label="INT"/><imc name="CONST" value="1"/></node><location loc="69.12--69.16"/><imc name="MOVE"><imc name="MEM"><imc name="BINOP" value="ADD"><imc name="TEMP" value="12"/><imc name="CONST" value="-16"/></imc></imc><imc name="CONST" value="1"/></imc></node><node label="AssignStmt"><node label="VarName" lexeme="fm2"><location loc="69.19--69.21"/><declaredAt location="78.7--78.18"/><imc name="BINOP" value="ADD"><imc name="TEMP" value="12"/><imc name="CONST" value="-24"/></imc></node><node label="AtomExpr" lexeme="0" spec="INT"><location loc="69.23--69.23"/><type label="INT"/><imc name="CONST" value="0"/></node><location loc="69.19--69.23"/><imc name="MOVE"><imc name="MEM"><imc name="BINOP" value="ADD"><imc name="TEMP" value="12"/><imc name="CONST" value="-24"/></imc></imc><imc name="CONST" value="0"/></imc></node><node label="WhileStmt"><node label="BinExpr" spec="GTH"><node label="VarName" lexeme="n"><location loc="70.13--70.13"/><declaredAt location="68.12--68.16"/><imc name="MEM"><imc name="BINOP" value="ADD"><imc name="TEMP" value="12"/><imc name="CONST" value="8"/></imc></imc></node><node label="AtomExpr" lexeme="1" spec="INT"><location loc="70.15--70.15"/><type label="INT"/><imc name="CONST" value="1"/></node><location loc="70.13--70.15"/><type label="BOOL"/><imc name="BINOP" value="GTH"><imc name="MEM"><imc name="BINOP" value="ADD"><imc name="TEMP" value="12"/><imc name="CONST" value="8"/></imc></imc><imc name="CONST" value="1"/></imc></node><node label="Stmts"><node label="AssignStmt"><node label="VarName" lexeme="f"><location loc="71.9--71.9"/><declaredAt location="76.7--76.16"/><imc name="BINOP" value="ADD"><imc name="TEMP" value="12"/><imc name="CONST" value="-8"/></imc></node><node label="BinExpr" spec="ADD"><node label="VarName" lexeme="fm1"><location loc="71.11--71.13"/><declaredAt location="77.7--77.18"/><imc name="MEM"><imc name="BINOP" value="ADD"><imc name="TEMP" value="12"/><imc name="CONST" value="-16"/></imc></imc></node><node label="VarName" lexeme="fm2"><location loc="71.15--71.17"/><declaredAt location="78.7--78.18"/><imc name="MEM"><imc name="BINOP" value="ADD"><imc name="TEMP" value="12"/><imc name="CONST" value="-24"/></imc></imc></node><location loc="71.11--71.17"/><type label="INT"/><imc name="BINOP" value="ADD"><imc name="MEM"><imc name="BINOP" value="ADD"><imc name="TEMP" value="12"/><imc name="CONST" value="-16"/></imc></imc><imc name="MEM"><imc name="BINOP" value="ADD"><imc name="TEMP" value="12"/><imc name="CONST" value="-24"/></imc></imc></imc></node><location loc="71.9--71.17"/><imc name="MOVE"><imc name="MEM"><imc name="BINOP" value="ADD"><imc name="TEMP" value="12"/><imc name="CONST" value="-8"/></imc></imc><imc name="BINOP" value="ADD"><imc name="MEM"><imc name="BINOP" value="ADD"><imc name="TEMP" value="12"/><imc name="CONST" value="-16"/></imc></imc><imc name="MEM"><imc name="BINOP" value="ADD"><imc name="TEMP" value="12"/><imc name="CONST" value="-24"/></imc></imc></imc></imc></node><node label="AssignStmt"><node label="VarName" lexeme="fm2"><location loc="71.19--71.21"/><declaredAt location="78.7--78.18"/><imc name="BINOP" value="ADD"><imc name="TEMP" value="12"/><imc name="CONST" value="-24"/></imc></node><node label="VarName" lexeme="fm1"><location loc="71.23--71.25"/><declaredAt location="77.7--77.18"/><imc name="MEM"><imc name="BINOP" value="ADD"><imc name="TEMP" value="12"/><imc name="CONST" value="-16"/></imc></imc></node><location loc="71.19--71.25"/><imc name="MOVE"><imc name="MEM"><imc name="BINOP" value="ADD"><imc name="TEMP" value="12"/><imc name="CONST" value="-24"/></imc></imc><imc name="MEM"><imc name="BINOP" value="ADD"><imc name="TEMP" value="12"/><imc name="CONST" value="-16"/></imc></imc></imc></node><node label="AssignStmt"><node label="VarName" lexeme="fm1"><location loc="71.27--71.29"/><declaredAt location="77.7--77.18"/><imc name="BINOP" value="ADD"><imc name="TEMP" value="12"/><imc name="CONST" value="-16"/></imc></node><node label="VarName" lexeme="f"><location loc="71.31--71.31"/><declaredAt location="76.7--76.16"/><imc name="MEM"><imc name="BINOP" value="ADD"><imc name="TEMP" value="12"/><imc name="CONST" value="-8"/></imc></imc></node><location loc="71.27--71.31"/><imc name="MOVE"><imc name="MEM"><imc name="BINOP" value="ADD"><imc name="TEMP" value="12"/><imc name="CONST" value="-16"/></imc></imc><imc name="MEM"><imc name="BINOP" value="ADD"><imc name="TEMP" value="12"/><imc name="CONST" value="-8"/></imc></imc></imc></node><node label="AssignStmt"><node label="VarName" lexeme="n"><location loc="72.9--72.9"/><declaredAt location="68.12--68.16"/><imc name="BINOP" value="ADD"><imc name="TEMP" value="12"/><imc name="CONST" value="8"/></imc></node><node label="BinExpr" spec="SUB"><node label="VarName" lexeme="n"><location loc="72.11--72.11"/><declaredAt location="68.12--68.16"/><imc name="MEM"><imc name="BINOP" value="ADD"><imc name="TEMP" value="12"/><imc name="CONST" value="8"/></imc></imc></node><node label="AtomExpr" lexeme="1" spec="INT"><location loc="72.13--72.13"/><type label="INT"/><imc name="CONST" value="1"/></node><location loc="72.11--72.13"/><type label="INT"/><imc name="BINOP" value="SUB"><imc name="MEM"><imc name="BINOP" value="ADD"><imc name="TEMP" value="12"/><imc name="CONST" value="8"/></imc></imc><imc name="CONST" value="1"/></imc></node><location loc="72.9--72.13"/><imc name="MOVE"><imc name="MEM"><imc name="BINOP" value="ADD"><imc name="TEMP" value="12"/><imc name="CONST" value="8"/></imc></imc><imc name="BINOP" value="SUB"><imc name="MEM"><imc name="BINOP" value="ADD"><imc name="TEMP" value="12"/><imc name="CONST" value="8"/></imc></imc><imc name="CONST" value="1"/></imc></imc></node><location loc="71.9--72.13"/></node><location loc="70.7--73.9"/><imc name="STMTS"><imc name="LABEL" value="L32"/><imc name="CJUMP" value="L33:L34"><imc name="BINOP" value="GTH"><imc name="MEM"><imc name="BINOP" value="ADD"><imc name="TEMP" value="12"/><imc name="CONST" value="8"/></imc></imc><imc name="CONST" value="1"/></imc></imc><imc name="LABEL" value="L33"/><imc name="STMTS"><imc name="MOVE"><imc name="MEM"><imc name="BINOP" value="ADD"><imc name="TEMP" value="12"/><imc name="CONST" value="-8"/></imc></imc><imc name="BINOP" value="ADD"><imc name="MEM"><imc name="BINOP" value="ADD"><imc name="TEMP" value="12"/><imc name="CONST" value="-16"/></imc></imc><imc name="MEM"><imc name="BINOP" value="ADD"><imc name="TEMP" value="12"/><imc name="CONST" value="-24"/></imc></imc></imc></imc><imc name="MOVE"><imc name="MEM"><imc name="BINOP" value="ADD"><imc name="TEMP" value="12"/><imc name="CONST" value="-24"/></imc></imc><imc name="MEM"><imc name="BINOP" value="ADD"><imc name="TEMP" value="12"/><imc name="CONST" value="-16"/></imc></imc></imc><imc name="MOVE"><imc name="MEM"><imc name="BINOP" value="ADD"><imc name="TEMP" value="12"/><imc name="CONST" value="-16"/></imc></imc><imc name="MEM"><imc name="BINOP" value="ADD"><imc name="TEMP" value="12"/><imc name="CONST" value="-8"/></imc></imc></imc><imc name="MOVE"><imc name="MEM"><imc name="BINOP" value="ADD"><imc name="TEMP" value="12"/><imc name="CONST" value="8"/></imc></imc><imc name="BINOP" value="SUB"><imc name="MEM"><imc name="BINOP" value="ADD"><imc name="TEMP" value="12"/><imc name="CONST" value="8"/></imc></imc><imc name="CONST" value="1"/></imc></imc></imc><imc name="JUMP" value="L32"/><imc name="LABEL" value="L34"/></imc></node><location loc="69.7--73.9"/></node><node label="VarName" lexeme="f"><location loc="74.7--74.7"/><declaredAt location="76.7--76.16"/><imc name="MEM"><imc name="BINOP" value="ADD"><imc name="TEMP" value="12"/><imc name="CONST" value="-8"/></imc></imc></node><location loc="69.7--78.18"/><type label="INT"/><imc name="SEXPR"><imc name="STMTS"><imc name="MOVE"><imc name="MEM"><imc name="BINOP" value="ADD"><imc name="TEMP" value="12"/><imc name="CONST" value="-8"/></imc></imc><imc name="CONST" value="1"/></imc><imc name="MOVE"><imc name="MEM"><imc name="BINOP" value="ADD"><imc name="TEMP" value="12"/><imc name="CONST" value="-16"/></imc></imc><imc name="CONST" value="1"/></imc><imc name="MOVE"><imc name="MEM"><imc name="BINOP" value="ADD"><imc name="TEMP" value="12"/><imc name="CONST" value="-24"/></imc></imc><imc name="CONST" value="0"/></imc><imc name="STMTS"><imc name="LABEL" value="L32"/><imc name="CJUMP" value="L33:L34"><imc name="BINOP" value="GTH"><imc name="MEM"><imc name="BINOP" value="ADD"><imc name="TEMP" value="12"/><imc name="CONST" value="8"/></imc></imc><imc name="CONST" value="1"/></imc></imc><imc name="LABEL" value="L33"/><imc name="STMTS"><imc name="MOVE"><imc name="MEM"><imc name="BINOP" value="ADD"><imc name="TEMP" value="12"/><imc name="CONST" value="-8"/></imc></imc><imc name="BINOP" value="ADD"><imc name="MEM"><imc name="BINOP" value="ADD"><imc name="TEMP" value="12"/><imc name="CONST" value="-16"/></imc></imc><imc name="MEM"><imc name="BINOP" value="ADD"><imc name="TEMP" value="12"/><imc name="CONST" value="-24"/></imc></imc></imc></imc><imc name="MOVE"><imc name="MEM"><imc name="BINOP" value="ADD"><imc name="TEMP" value="12"/><imc name="CONST" value="-24"/></imc></imc><imc name="MEM"><imc name="BINOP" value="ADD"><imc name="TEMP" value="12"/><imc name="CONST" value="-16"/></imc></imc></imc><imc name="MOVE"><imc name="MEM"><imc name="BINOP" value="ADD"><imc name="TEMP" value="12"/><imc name="CONST" value="-16"/></imc></imc><imc name="MEM"><imc name="BINOP" value="ADD"><imc name="TEMP" value="12"/><imc name="CONST" value="-8"/></imc></imc></imc><imc name="MOVE"><imc name="MEM"><imc name="BINOP" value="ADD"><imc name="TEMP" value="12"/><imc name="CONST" value="8"/></imc></imc><imc name="BINOP" value="SUB"><imc name="MEM"><imc name="BINOP" value="ADD"><imc name="TEMP" value="12"/><imc name="CONST" value="8"/></imc></imc><imc name="CONST" value="1"/></imc></imc></imc><imc name="JUMP" value="L32"/><imc name="LABEL" value="L34"/></imc></imc><imc name="MEM"><imc name="BINOP" value="ADD"><imc name="TEMP" value="12"/><imc name="CONST" value="-8"/></imc></imc></imc></node><location loc="68.1--79.6"/><frame FP="T12" RV="T13" argssize="0" depth="1" label="_fibItr" locssize="24" size="40"/></node><node label="FunDef" lexeme="fibRec"><node label="ParDecls"><node label="ParDecl" lexeme="n"><node label="AtomType" spec="INT"><location loc="81.14--81.16"/></node><location loc="81.12--81.16"/><access depth="1" offset="8" size="8"/></node><location loc="81.12--81.16"/></node><node label="AtomType" spec="INT"><location loc="81.19--81.21"/></node><node label="BlockExpr"><node label="Decls"><node label="VarDecl" lexeme="f"><node label="AtomType" spec="INT"><location loc="85.13--85.15"/></node><location loc="85.7--85.16"/><access depth="1" offset="-8" size="8"/></node><location loc="85.7--85.16"/></node><node label="Stmts"><node label="IfStmt"><node label="BinExpr" spec="LEQ"><node label="VarName" lexeme="n"><location loc="82.10--82.10"/><declaredAt location="81.12--81.16"/><imc name="MEM"><imc name="BINOP" value="ADD"><imc name="TEMP" value="14"/><imc name="CONST" value="8"/></imc></imc></node><node label="AtomExpr" lexeme="2" spec="INT"><location loc="82.13--82.13"/><type label="INT"/><imc name="CONST" value="2"/></node><location loc="82.10--82.13"/><type label="BOOL"/><imc name="BINOP" value="LEQ"><imc name="MEM"><imc name="BINOP" value="ADD"><imc name="TEMP" value="14"/><imc name="CONST" value="8"/></imc></imc><imc name="CONST" value="2"/></imc></node><node label="Stmts"><node label="AssignStmt"><node label="VarName" lexeme="f"><location loc="82.20--82.20"/><declaredAt location="85.7--85.16"/><imc name="BINOP" value="ADD"><imc name="TEMP" value="14"/><imc name="CONST" value="-8"/></imc></node><node label="AtomExpr" lexeme="1" spec="INT"><location loc="82.22--82.22"/><type label="INT"/><imc name="CONST" value="1"/></node><location loc="82.20--82.22"/><imc name="MOVE"><imc name="MEM"><imc name="BINOP" value="ADD"><imc name="TEMP" value="14"/><imc name="CONST" value="-8"/></imc></imc><imc name="CONST" value="1"/></imc></node><location loc="82.20--82.22"/></node><node label="Stmts"><node label="AssignStmt"><node label="VarName" lexeme="f"><location loc="82.30--82.30"/><declaredAt location="85.7--85.16"/><imc name="BINOP" value="ADD"><imc name="TEMP" value="14"/><imc name="CONST" value="-8"/></imc></node><node label="BinExpr" spec="ADD"><node label="FunName" lexeme="fibRec"><node label="Args"><node label="BinExpr" spec="SUB"><node label="VarName" lexeme="n"><location loc="82.39--82.39"/><declaredAt location="81.12--81.16"/><imc name="MEM"><imc name="BINOP" value="ADD"><imc name="TEMP" value="14"/><imc name="CONST" value="8"/></imc></imc></node><node label="AtomExpr" lexeme="1" spec="INT"><location loc="82.41--82.41"/><type label="INT"/><imc name="CONST" value="1"/></node><location loc="82.39--82.41"/><type label="INT"/><imc name="BINOP" value="SUB"><imc name="MEM"><imc name="BINOP" value="ADD"><imc name="TEMP" value="14"/><imc name="CONST" value="8"/></imc></imc><imc name="CONST" value="1"/></imc></node><location loc="82.39--82.41"/></node><location loc="82.32--82.42"/><declaredAt location="81.1--86.6"/><type label="INT"/><imc name="CALL" value="_fibRec"><imc name="CONST" value="0"/><imc name="BINOP" value="SUB"><imc name="MEM"><imc name="BINOP" value="ADD"><imc name="TEMP" value="14"/><imc name="CONST" value="8"/></imc></imc><imc name="CONST" value="1"/></imc></imc></node><node label="FunName" lexeme="fibRec"><node label="Args"><node label="BinExpr" spec="SUB"><node label="VarName" lexeme="n"><location loc="82.51--82.51"/><declaredAt location="81.12--81.16"/><imc name="MEM"><imc name="BINOP" value="ADD"><imc name="TEMP" value="14"/><imc name="CONST" value="8"/></imc></imc></node><node label="AtomExpr" lexeme="2" spec="INT"><location loc="82.53--82.53"/><type label="INT"/><imc name="CONST" value="2"/></node><location loc="82.51--82.53"/><type label="INT"/><imc name="BINOP" value="SUB"><imc name="MEM"><imc name="BINOP" value="ADD"><imc name="TEMP" value="14"/><imc name="CONST" value="8"/></imc></imc><imc name="CONST" value="2"/></imc></node><location loc="82.51--82.53"/></node><location loc="82.44--82.54"/><declaredAt location="81.1--86.6"/><type label="INT"/><imc name="CALL" value="_fibRec"><imc name="CONST" value="0"/><imc name="BINOP" value="SUB"><imc name="MEM"><imc name="BINOP" value="ADD"><imc name="TEMP" value="14"/><imc name="CONST" value="8"/></imc></imc><imc name="CONST" value="2"/></imc></imc></node><location loc="82.32--82.54"/><type label="INT"/><imc name="BINOP" value="ADD"><imc name="CALL" value="_fibRec"><imc name="CONST" value="0"/><imc name="BINOP" value="SUB"><imc name="MEM"><imc name="BINOP" value="ADD"><imc name="TEMP" value="14"/><imc name="CONST" value="8"/></imc></imc><imc name="CONST" value="1"/></imc></imc><imc name="CALL" value="_fibRec"><imc name="CONST" value="0"/><imc name="BINOP" value="SUB"><imc name="MEM"><imc name="BINOP" value="ADD"><imc name="TEMP" value="14"/><imc name="CONST" value="8"/></imc></imc><imc name="CONST" value="2"/></imc></imc></imc></node><location loc="82.30--82.54"/><imc name="MOVE"><imc name="MEM"><imc name="BINOP" value="ADD"><imc name="TEMP" value="14"/><imc name="CONST" value="-8"/></imc></imc><imc name="BINOP" value="ADD"><imc name="CALL" value="_fibRec"><imc name="CONST" value="0"/><imc name="BINOP" value="SUB"><imc name="MEM"><imc name="BINOP" value="ADD"><imc name="TEMP" value="14"/><imc name="CONST" value="8"/></imc></imc><imc name="CONST" value="1"/></imc></imc><imc name="CALL" value="_fibRec"><imc name="CONST" value="0"/><imc name="BINOP" value="SUB"><imc name="MEM"><imc name="BINOP" value="ADD"><imc name="TEMP" value="14"/><imc name="CONST" value="8"/></imc></imc><imc name="CONST" value="2"/></imc></imc></imc></imc></node><location loc="82.30--82.54"/></node><location loc="82.7--82.59"/><imc name="STMTS"><imc name="CJUMP" value="L35:L36"><imc name="BINOP" value="LEQ"><imc name="MEM"><imc name="BINOP" value="ADD"><imc name="TEMP" value="14"/><imc name="CONST" value="8"/></imc></imc><imc name="CONST" value="2"/></imc></imc><imc name="LABEL" value="L35"/><imc name="STMTS"><imc name="MOVE"><imc name="MEM"><imc name="BINOP" value="ADD"><imc name="TEMP" value="14"/><imc name="CONST" value="-8"/></imc></imc><imc name="CONST" value="1"/></imc></imc><imc name="JUMP" value="L37"/><imc name="LABEL" value="L36"/><imc name="STMTS"><imc name="MOVE"><imc name="MEM"><imc name="BINOP" value="ADD"><imc name="TEMP" value="14"/><imc name="CONST" value="-8"/></imc></imc><imc name="BINOP" value="ADD"><imc name="CALL" value="_fibRec"><imc name="CONST" value="0"/><imc name="BINOP" value="SUB"><imc name="MEM"><imc name="BINOP" value="ADD"><imc name="TEMP" value="14"/><imc name="CONST" value="8"/></imc></imc><imc name="CONST" value="1"/></imc></imc><imc name="CALL" value="_fibRec"><imc name="CONST" value="0"/><imc name="BINOP" value="SUB"><imc name="MEM"><imc name="BINOP" value="ADD"><imc name="TEMP" value="14"/><imc name="CONST" value="8"/></imc></imc><imc name="CONST" value="2"/></imc></imc></imc></imc></imc><imc name="LABEL" value="L37"/></imc></node><location loc="82.7--82.59"/></node><node label="VarName" lexeme="f"><location loc="83.7--83.7"/><declaredAt location="85.7--85.16"/><imc name="MEM"><imc name="BINOP" value="ADD"><imc name="TEMP" value="14"/><imc name="CONST" value="-8"/></imc></imc></node><location loc="82.7--85.16"/><type label="INT"/><imc name="SEXPR"><imc name="STMTS"><imc name="STMTS"><imc name="CJUMP" value="L35:L36"><imc name="BINOP" value="LEQ"><imc name="MEM"><imc name="BINOP" value="ADD"><imc name="TEMP" value="14"/><imc name="CONST" value="8"/></imc></imc><imc name="CONST" value="2"/></imc></imc><imc name="LABEL" value="L35"/><imc name="STMTS"><imc name="MOVE"><imc name="MEM"><imc name="BINOP" value="ADD"><imc name="TEMP" value="14"/><imc name="CONST" value="-8"/></imc></imc><imc name="CONST" value="1"/></imc></imc><imc name="JUMP" value="L37"/><imc name="LABEL" value="L36"/><imc name="STMTS"><imc name="MOVE"><imc name="MEM"><imc name="BINOP" value="ADD"><imc name="TEMP" value="14"/><imc name="CONST" value="-8"/></imc></imc><imc name="BINOP" value="ADD"><imc name="CALL" value="_fibRec"><imc name="CONST" value="0"/><imc name="BINOP" value="SUB"><imc name="MEM"><imc name="BINOP" value="ADD"><imc name="TEMP" value="14"/><imc name="CONST" value="8"/></imc></imc><imc name="CONST" value="1"/></imc></imc><imc name="CALL" value="_fibRec"><imc name="CONST" value="0"/><imc name="BINOP" value="SUB"><imc name="MEM"><imc name="BINOP" value="ADD"><imc name="TEMP" value="14"/><imc name="CONST" value="8"/></imc></imc><imc name="CONST" value="2"/></imc></imc></imc></imc></imc><imc name="LABEL" value="L37"/></imc></imc><imc name="MEM"><imc name="BINOP" value="ADD"><imc name="TEMP" value="14"/><imc name="CONST" value="-8"/></imc></imc></imc></node><location loc="81.1--86.6"/><frame FP="T14" RV="T15" argssize="16" depth="1" label="_fibRec" locssize="8" size="40"/></node><node label="FunDef" lexeme="combs"><node label="ParDecls"><node label="ParDecl" lexeme="n"><node label="AtomType" spec="INT"><location loc="88.13--88.15"/></node><location loc="88.11--88.15"/><access depth="1" offset="8" size="8"/></node><node label="ParDecl" lexeme="k"><node label="AtomType" spec="INT"><location loc="88.19--88.21"/></node><location loc="88.17--88.21"/><access depth="1" offset="16" size="8"/></node><location loc="88.11--88.21"/></node><node label="AtomType" spec="INT"><location loc="88.24--88.26"/></node><node label="BlockExpr"><node label="Decls"><node label="VarDecl" lexeme="c"><node label="ArrType"><node label="AtomExpr" lexeme="100" spec="INT"><location loc="93.17--93.19"/></node><node label="AtomType" spec="INT"><location loc="93.21--93.23"/></node><location loc="93.13--93.23"/><type label="ARR(100)" len="100"><type label="INT"/></type></node><location loc="93.7--93.24"/><access depth="1" offset="-800" size="800"/></node><node label="VarDecl" lexeme="i"><node label="AtomType" spec="INT"><location loc="94.13--94.15"/></node><location loc="94.7--94.16"/><access depth="1" offset="-808" size="8"/></node><node label="FunDef" lexeme="gen"><node label="ParDecls"><node label="ParDecl" lexeme="i"><node label="AtomType" spec="INT"><location loc="95.17--95.19"/></node><location loc="95.15--95.19"/><access depth="2" offset="8" size="8"/></node><location loc="95.15--95.19"/></node><node label="AtomType" spec="INT"><location loc="95.22--95.24"/></node><node label="BlockExpr"><node label="Decls"><node label="VarDecl" lexeme="j"><node label="AtomType" spec="INT"><location loc="113.17--113.19"/></node><location loc="113.11--113.20"/><access depth="2" offset="-8" size="8"/></node><location loc="113.11--113.20"/></node><node label="Stmts"><node label="IfStmt"><node label="BinExpr" spec="EQU"><node label="VarName" lexeme="i"><location loc="96.14--96.14"/><declaredAt location="95.15--95.19"/><imc name="MEM"><imc name="BINOP" value="ADD"><imc name="TEMP" value="18"/><imc name="CONST" value="8"/></imc></imc></node><node label="VarName" lexeme="n"><location loc="96.17--96.17"/><declaredAt location="88.11--88.15"/><imc name="MEM"><imc name="BINOP" value="ADD"><imc name="MEM"><imc name="TEMP" value="18"/></imc><imc name="CONST" value="8"/></imc></imc></node><location loc="96.14--96.17"/><type label="BOOL"/><imc name="BINOP" value="EQU"><imc name="MEM"><imc name="BINOP" value="ADD"><imc name="TEMP" value="18"/><imc name="CONST" value="8"/></imc></imc><imc name="MEM"><imc name="BINOP" value="ADD"><imc name="MEM"><imc name="TEMP" value="18"/></imc><imc name="CONST" value="8"/></imc></imc></imc></node><node label="Stmts"><node label="AssignStmt"><node label="VarName" lexeme="j"><location loc="97.13--97.13"/><declaredAt location="113.11--113.20"/><imc name="BINOP" value="ADD"><imc name="TEMP" value="18"/><imc name="CONST" value="-8"/></imc></node><node label="AtomExpr" lexeme="0" spec="INT"><location loc="97.15--97.15"/><type label="INT"/><imc name="CONST" value="0"/></node><location loc="97.13--97.15"/><imc name="MOVE"><imc name="MEM"><imc name="BINOP" value="ADD"><imc name="TEMP" value="18"/><imc name="CONST" value="-8"/></imc></imc><imc name="CONST" value="0"/></imc></node><node label="WhileStmt"><node label="BinExpr" spec="LTH"><node label="VarName" lexeme="j"><location loc="98.19--98.19"/><declaredAt location="113.11--113.20"/><imc name="MEM"><imc name="BINOP" value="ADD"><imc name="TEMP" value="18"/><imc name="CONST" value="-8"/></imc></imc></node><node label="VarName" lexeme="n"><location loc="98.21--98.21"/><declaredAt location="88.11--88.15"/><imc name="MEM"><imc name="BINOP" value="ADD"><imc name="MEM"><imc name="TEMP" value="18"/></imc><imc name="CONST" value="8"/></imc></imc></node><location loc="98.19--98.21"/><type label="BOOL"/><imc name="BINOP" value="LTH"><imc name="MEM"><imc name="BINOP" value="ADD"><imc name="TEMP" value="18"/><imc name="CONST" value="-8"/></imc></imc><imc name="MEM"><imc name="BINOP" value="ADD"><imc name="MEM"><imc name="TEMP" value="18"/></imc><imc name="CONST" value="8"/></imc></imc></imc></node><node label="Stmts"><node label="ExprStmt"><node label="FunName" lexeme="putInt"><node label="Args"><node label="ArrExpr"><node label="VarName" lexeme="c"><location loc="99.22--99.22"/><declaredAt location="93.7--93.24"/><imc name="BINOP" value="ADD"><imc name="MEM"><imc name="TEMP" value="18"/></imc><imc name="CONST" value="-800"/></imc></node><node label="VarName" lexeme="j"><location loc="99.24--99.24"/><declaredAt location="113.11--113.20"/><imc name="MEM"><imc name="BINOP" value="ADD"><imc name="TEMP" value="18"/><imc name="CONST" value="-8"/></imc></imc></node><location loc="99.22--99.25"/><type label="INT"/><addr/><imc name="MEM"><imc name="BINOP" value="ADD"><imc name="BINOP" value="ADD"><imc name="MEM"><imc name="TEMP" value="18"/></imc><imc name="CONST" value="-800"/></imc><imc name="BINOP" value="MUL"><imc name="MEM"><imc name="BINOP" value="ADD"><imc name="TEMP" value="18"/><imc name="CONST" value="-8"/></imc></imc><imc name="CONST" value="8"/></imc></imc></imc></node><location loc="99.22--99.25"/></node><location loc="99.15--99.26"/><declaredAt location="1.1--1.23"/><type label="VOID"/><imc name="CALL" value="_putInt"><imc name="MEM"><imc name="MEM"><imc name="TEMP" value="18"/></imc></imc><imc name="MEM"><imc name="BINOP" value="ADD"><imc name="BINOP" value="ADD"><imc name="MEM"><imc name="TEMP" value="18"/></imc><imc name="CONST" value="-800"/></imc><imc name="BINOP" value="MUL"><imc name="MEM"><imc name="BINOP" value="ADD"><imc name="TEMP" value="18"/><imc name="CONST" value="-8"/></imc></imc><imc name="CONST" value="8"/></imc></imc></imc></imc></node><location loc="99.15--99.26"/><imc name="ESTMT"><imc name="CALL" value="_putInt"><imc name="MEM"><imc name="MEM"><imc name="TEMP" value="18"/></imc></imc><imc name="MEM"><imc name="BINOP" value="ADD"><imc name="BINOP" value="ADD"><imc name="MEM"><imc name="TEMP" value="18"/></imc><imc name="CONST" value="-800"/></imc><imc name="BINOP" value="MUL"><imc name="MEM"><imc name="BINOP" value="ADD"><imc name="TEMP" value="18"/><imc name="CONST" value="-8"/></imc></imc><imc name="CONST" value="8"/></imc></imc></imc></imc></imc></node><node label="ExprStmt"><node label="FunName" lexeme="putChar"><node label="Args"><node label="AtomExpr" lexeme="' '" spec="CHAR"><location loc="100.23--100.25"/><type label="CHAR"/><imc name="CONST" value="32"/></node><location loc="100.23--100.25"/></node><location loc="100.15--100.26"/><declaredAt location="2.1--2.25"/><type label="VOID"/><imc name="CALL" value="_putChar"><imc name="MEM"><imc name="MEM"><imc name="TEMP" value="18"/></imc></imc><imc name="CONST" value="32"/></imc></node><location loc="100.15--100.26"/><imc name="ESTMT"><imc name="CALL" value="_putChar"><imc name="MEM"><imc name="MEM"><imc name="TEMP" value="18"/></imc></imc><imc name="CONST" value="32"/></imc></imc></node><node label="AssignStmt"><node label="VarName" lexeme="j"><location loc="101.15--101.15"/><declaredAt location="113.11--113.20"/><imc name="BINOP" value="ADD"><imc name="TEMP" value="18"/><imc name="CONST" value="-8"/></imc></node><node label="BinExpr" spec="ADD"><node label="VarName" lexeme="j"><location loc="101.17--101.17"/><declaredAt location="113.11--113.20"/><imc name="MEM"><imc name="BINOP" value="ADD"><imc name="TEMP" value="18"/><imc name="CONST" value="-8"/></imc></imc></node><node label="AtomExpr" lexeme="1" spec="INT"><location loc="101.19--101.19"/><type label="INT"/><imc name="CONST" value="1"/></node><location loc="101.17--101.19"/><type label="INT"/><imc name="BINOP" value="ADD"><imc name="MEM"><imc name="BINOP" value="ADD"><imc name="TEMP" value="18"/><imc name="CONST" value="-8"/></imc></imc><imc name="CONST" value="1"/></imc></node><location loc="101.15--101.19"/><imc name="MOVE"><imc name="MEM"><imc name="BINOP" value="ADD"><imc name="TEMP" value="18"/><imc name="CONST" value="-8"/></imc></imc><imc name="BINOP" value="ADD"><imc name="MEM"><imc name="BINOP" value="ADD"><imc name="TEMP" value="18"/><imc name="CONST" value="-8"/></imc></imc><imc name="CONST" value="1"/></imc></imc></node><location loc="99.15--101.19"/></node><location loc="98.13--102.15"/><imc name="STMTS"><imc name="LABEL" value="L38"/><imc name="CJUMP" value="L39:L40"><imc name="BINOP" value="LTH"><imc name="MEM"><imc name="BINOP" value="ADD"><imc name="TEMP" value="18"/><imc name="CONST" value="-8"/></imc></imc><imc name="MEM"><imc name="BINOP" value="ADD"><imc name="MEM"><imc name="TEMP" value="18"/></imc><imc name="CONST" value="8"/></imc></imc></imc></imc><imc name="LABEL" value="L39"/><imc name="STMTS"><imc name="ESTMT"><imc name="CALL" value="_putInt"><imc name="MEM"><imc name="MEM"><imc name="TEMP" value="18"/></imc></imc><imc name="MEM"><imc name="BINOP" value="ADD"><imc name="BINOP" value="ADD"><imc name="MEM"><imc name="TEMP" value="18"/></imc><imc name="CONST" value="-800"/></imc><imc name="BINOP" value="MUL"><imc name="MEM"><imc name="BINOP" value="ADD"><imc name="TEMP" value="18"/><imc name="CONST" value="-8"/></imc></imc><imc name="CONST" value="8"/></imc></imc></imc></imc></imc><imc name="ESTMT"><imc name="CALL" value="_putChar"><imc name="MEM"><imc name="MEM"><imc name="TEMP" value="18"/></imc></imc><imc name="CONST" value="32"/></imc></imc><imc name="MOVE"><imc name="MEM"><imc name="BINOP" value="ADD"><imc name="TEMP" value="18"/><imc name="CONST" value="-8"/></imc></imc><imc name="BINOP" value="ADD"><imc name="MEM"><imc name="BINOP" value="ADD"><imc name="TEMP" value="18"/><imc name="CONST" value="-8"/></imc></imc><imc name="CONST" value="1"/></imc></imc></imc><imc name="JUMP" value="L38"/><imc name="LABEL" value="L40"/></imc></node><node label="ExprStmt"><node label="FunName" lexeme="putChar"><node label="Args"><node label="CastExpr"><node label="AtomExpr" lexeme="10" spec="INT"><location loc="103.22--103.23"/><type label="INT"/><imc name="CONST" value="10"/></node><node label="AtomType" spec="CHAR"><location loc="103.25--103.28"/></node><location loc="103.24--103.29"/><type label="CHAR"/><imc name="BINOP" value="MOD"><imc name="CONST" value="10"/><imc name="CONST" value="256"/></imc></node><location loc="103.24--103.29"/></node><location loc="103.13--103.30"/><declaredAt location="2.1--2.25"/><type label="VOID"/><imc name="CALL" value="_putChar"><imc name="MEM"><imc name="MEM"><imc name="TEMP" value="18"/></imc></imc><imc name="BINOP" value="MOD"><imc name="CONST" value="10"/><imc name="CONST" value="256"/></imc></imc></node><location loc="103.13--103.30"/><imc name="ESTMT"><imc name="CALL" value="_putChar"><imc name="MEM"><imc name="MEM"><imc name="TEMP" value="18"/></imc></imc><imc name="BINOP" value="MOD"><imc name="CONST" value="10"/><imc name="CONST" value="256"/></imc></imc></imc></node><location loc="97.13--103.30"/></node><node label="Stmts"><node label="AssignStmt"><node label="VarName" lexeme="j"><location loc="105.13--105.13"/><declaredAt location="113.11--113.20"/><imc name="BINOP" value="ADD"><imc name="TEMP" value="18"/><imc name="CONST" value="-8"/></imc></node><node label="AtomExpr" lexeme="1" spec="INT"><location loc="105.15--105.15"/><type label="INT"/><imc name="CONST" value="1"/></node><location loc="105.13--105.15"/><imc name="MOVE"><imc name="MEM"><imc name="BINOP" value="ADD"><imc name="TEMP" value="18"/><imc name="CONST" value="-8"/></imc></imc><imc name="CONST" value="1"/></imc></node><node label="WhileStmt"><node label="BinExpr" spec="LEQ"><node label="VarName" lexeme="j"><location loc="106.19--106.19"/><declaredAt location="113.11--113.20"/><imc name="MEM"><imc name="BINOP" value="ADD"><imc name="TEMP" value="18"/><imc name="CONST" value="-8"/></imc></imc></node><node label="VarName" lexeme="k"><location loc="106.22--106.22"/><declaredAt location="88.17--88.21"/><imc name="MEM"><imc name="BINOP" value="ADD"><imc name="MEM"><imc name="TEMP" value="18"/></imc><imc name="CONST" value="16"/></imc></imc></node><location loc="106.19--106.22"/><type label="BOOL"/><imc name="BINOP" value="LEQ"><imc name="MEM"><imc name="BINOP" value="ADD"><imc name="TEMP" value="18"/><imc name="CONST" value="-8"/></imc></imc><imc name="MEM"><imc name="BINOP" value="ADD"><imc name="MEM"><imc name="TEMP" value="18"/></imc><imc name="CONST" value="16"/></imc></imc></imc></node><node label="Stmts"><node label="AssignStmt"><node label="ArrExpr"><node label="VarName" lexeme="c"><location loc="107.15--107.15"/><declaredAt location="93.7--93.24"/><imc name="BINOP" value="ADD"><imc name="MEM"><imc name="TEMP" value="18"/></imc><imc name="CONST" value="-800"/></imc></node><node label="VarName" lexeme="i"><location loc="107.17--107.17"/><declaredAt location="95.15--95.19"/><imc name="MEM"><imc name="BINOP" value="ADD"><imc name="TEMP" value="18"/><imc name="CONST" value="8"/></imc></imc></node><location loc="107.15--107.18"/><type label="INT"/><addr/><imc name="BINOP" value="ADD"><imc name="BINOP" value="ADD"><imc name="MEM"><imc name="TEMP" value="18"/></imc><imc name="CONST" value="-800"/></imc><imc name="BINOP" value="MUL"><imc name="MEM"><imc name="BINOP" value="ADD"><imc name="TEMP" value="18"/><imc name="CONST" value="8"/></imc></imc><imc name="CONST" value="8"/></imc></imc></node><node label="VarName" lexeme="j"><location loc="107.22--107.22"/><declaredAt location="113.11--113.20"/><imc name="MEM"><imc name="BINOP" value="ADD"><imc name="TEMP" value="18"/><imc name="CONST" value="-8"/></imc></imc></node><location loc="107.15--107.22"/><imc name="MOVE"><imc name="MEM"><imc name="BINOP" value="ADD"><imc name="BINOP" value="ADD"><imc name="MEM"><imc name="TEMP" value="18"/></imc><imc name="CONST" value="-800"/></imc><imc name="BINOP" value="MUL"><imc name="MEM"><imc name="BINOP" value="ADD"><imc name="TEMP" value="18"/><imc name="CONST" value="8"/></imc></imc><imc name="CONST" value="8"/></imc></imc></imc><imc name="MEM"><imc name="BINOP" value="ADD"><imc name="TEMP" value="18"/><imc name="CONST" value="-8"/></imc></imc></imc></node><node label="AssignStmt"><node label="VarName" lexeme="j"><location loc="107.25--107.25"/><declaredAt location="113.11--113.20"/><imc name="BINOP" value="ADD"><imc name="TEMP" value="18"/><imc name="CONST" value="-8"/></imc></node><node label="BinExpr" spec="ADD"><node label="VarName" lexeme="j"><location loc="107.27--107.27"/><declaredAt location="113.11--113.20"/><imc name="MEM"><imc name="BINOP" value="ADD"><imc name="TEMP" value="18"/><imc name="CONST" value="-8"/></imc></imc></node><node label="AtomExpr" lexeme="1" spec="INT"><location loc="107.29--107.29"/><type label="INT"/><imc name="CONST" value="1"/></node><location loc="107.27--107.29"/><type label="INT"/><imc name="BINOP" value="ADD"><imc name="MEM"><imc name="BINOP" value="ADD"><imc name="TEMP" value="18"/><imc name="CONST" value="-8"/></imc></imc><imc name="CONST" value="1"/></imc></node><location loc="107.25--107.29"/><imc name="MOVE"><imc name="MEM"><imc name="BINOP" value="ADD"><imc name="TEMP" value="18"/><imc name="CONST" value="-8"/></imc></imc><imc name="BINOP" value="ADD"><imc name="MEM"><imc name="BINOP" value="ADD"><imc name="TEMP" value="18"/><imc name="CONST" value="-8"/></imc></imc><imc name="CONST" value="1"/></imc></imc></node><node label="ExprStmt"><node label="FunName" lexeme="gen"><node label="Args"><node label="BinExpr" spec="ADD"><node label="VarName" lexeme="i"><location loc="108.19--108.19"/><declaredAt location="95.15--95.19"/><imc name="MEM"><imc name="BINOP" value="ADD"><imc name="TEMP" value="18"/><imc name="CONST" value="8"/></imc></imc></node><node label="AtomExpr" lexeme="1" spec="INT"><location loc="108.21--108.21"/><type label="INT"/><imc name="CONST" value="1"/></node><location loc="108.19--108.21"/><type label="INT"/><imc name="BINOP" value="ADD"><imc name="MEM"><imc name="BINOP" value="ADD"><imc name="TEMP" value="18"/><imc name="CONST" value="8"/></imc></imc><imc name="CONST" value="1"/></imc></node><location loc="108.19--108.21"/></node><location loc="108.15--108.22"/><declaredAt location="95.7--114.10"/><type label="INT"/><imc name="CALL" value="L0"><imc name="MEM"><imc name="TEMP" value="18"/></imc><imc name="BINOP" value="ADD"><imc name="MEM"><imc name="BINOP" value="ADD"><imc name="TEMP" value="18"/><imc name="CONST" value="8"/></imc></imc><imc name="CONST" value="1"/></imc></imc></node><location loc="108.15--108.22"/><imc name="ESTMT"><imc name="CALL" value="L0"><imc name="MEM"><imc name="TEMP" value="18"/></imc><imc name="BINOP" value="ADD"><imc name="MEM"><imc name="BINOP" value="ADD"><imc name="TEMP" value="18"/><imc name="CONST" value="8"/></imc></imc><imc name="CONST" value="1"/></imc></imc></imc></node><location loc="107.15--108.22"/></node><location loc="106.13--109.15"/><imc name="STMTS"><imc name="LABEL" value="L41"/><imc name="CJUMP" value="L42:L43"><imc name="BINOP" value="LEQ"><imc name="MEM"><imc name="BINOP" value="ADD"><imc name="TEMP" value="18"/><imc name="CONST" value="-8"/></imc></imc><imc name="MEM"><imc name="BINOP" value="ADD"><imc name="MEM"><imc name="TEMP" value="18"/></imc><imc name="CONST" value="16"/></imc></imc></imc></imc><imc name="LABEL" value="L42"/><imc name="STMTS"><imc name="MOVE"><imc name="MEM"><imc name="BINOP" value="ADD"><imc name="BINOP" value="ADD"><imc name="MEM"><imc name="TEMP" value="18"/></imc><imc name="CONST" value="-800"/></imc><imc name="BINOP" value="MUL"><imc name="MEM"><imc name="BINOP" value="ADD"><imc name="TEMP" value="18"/><imc name="CONST" value="8"/></imc></imc><imc name="CONST" value="8"/></imc></imc></imc><imc name="MEM"><imc name="BINOP" value="ADD"><imc name="TEMP" value="18"/><imc name="CONST" value="-8"/></imc></imc></imc><imc name="MOVE"><imc name="MEM"><imc name="BINOP" value="ADD"><imc name="TEMP" value="18"/><imc name="CONST" value="-8"/></imc></imc><imc name="BINOP" value="ADD"><imc name="MEM"><imc name="BINOP" value="ADD"><imc name="TEMP" value="18"/><imc name="CONST" value="-8"/></imc></imc><imc name="CONST" value="1"/></imc></imc><imc name="ESTMT"><imc name="CALL" value="L0"><imc name="MEM"><imc name="TEMP" value="18"/></imc><imc name="BINOP" value="ADD"><imc name="MEM"><imc name="BINOP" value="ADD"><imc name="TEMP" value="18"/><imc name="CONST" value="8"/></imc></imc><imc name="CONST" value="1"/></imc></imc></imc></imc><imc name="JUMP" value="L41"/><imc name="LABEL" value="L43"/></imc></node><location loc="105.13--109.15"/></node><location loc="96.11--110.13"/><imc name="STMTS"><imc name="CJUMP" value="L44:L45"><imc name="BINOP" value="EQU"><imc name="MEM"><imc name="BINOP" value="ADD"><imc name="TEMP" value="18"/><imc name="CONST" value="8"/></imc></imc><imc name="MEM"><imc name="BINOP" value="ADD"><imc name="MEM"><imc name="TEMP" value="18"/></imc><imc name="CONST" value="8"/></imc></imc></imc></imc><imc name="LABEL" value="L44"/><imc name="STMTS"><imc name="MOVE"><imc name="MEM"><imc name="BINOP" value="ADD"><imc name="TEMP" value="18"/><imc name="CONST" value="-8"/></imc></imc><imc name="CONST" value="0"/></imc><imc name="STMTS"><imc name="LABEL" value="L38"/><imc name="CJUMP" value="L39:L40"><imc name="BINOP" value="LTH"><imc name="MEM"><imc name="BINOP" value="ADD"><imc name="TEMP" value="18"/><imc name="CONST" value="-8"/></imc></imc><imc name="MEM"><imc name="BINOP" value="ADD"><imc name="MEM"><imc name="TEMP" value="18"/></imc><imc name="CONST" value="8"/></imc></imc></imc></imc><imc name="LABEL" value="L39"/><imc name="STMTS"><imc name="ESTMT"><imc name="CALL" value="_putInt"><imc name="MEM"><imc name="MEM"><imc name="TEMP" value="18"/></imc></imc><imc name="MEM"><imc name="BINOP" value="ADD"><imc name="BINOP" value="ADD"><imc name="MEM"><imc name="TEMP" value="18"/></imc><imc name="CONST" value="-800"/></imc><imc name="BINOP" value="MUL"><imc name="MEM"><imc name="BINOP" value="ADD"><imc name="TEMP" value="18"/><imc name="CONST" value="-8"/></imc></imc><imc name="CONST" value="8"/></imc></imc></imc></imc></imc><imc name="ESTMT"><imc name="CALL" value="_putChar"><imc name="MEM"><imc name="MEM"><imc name="TEMP" value="18"/></imc></imc><imc name="CONST" value="32"/></imc></imc><imc name="MOVE"><imc name="MEM"><imc name="BINOP" value="ADD"><imc name="TEMP" value="18"/><imc name="CONST" value="-8"/></imc></imc><imc name="BINOP" value="ADD"><imc name="MEM"><imc name="BINOP" value="ADD"><imc name="TEMP" value="18"/><imc name="CONST" value="-8"/></imc></imc><imc name="CONST" value="1"/></imc></imc></imc><imc name="JUMP" value="L38"/><imc name="LABEL" value="L40"/></imc><imc name="ESTMT"><imc name="CALL" value="_putChar"><imc name="MEM"><imc name="MEM"><imc name="TEMP" value="18"/></imc></imc><imc name="BINOP" value="MOD"><imc name="CONST" value="10"/><imc name="CONST" value="256"/></imc></imc></imc></imc><imc name="JUMP" value="L46"/><imc name="LABEL" value="L45"/><imc name="STMTS"><imc name="MOVE"><imc name="MEM"><imc name="BINOP" value="ADD"><imc name="TEMP" value="18"/><imc name="CONST" value="-8"/></imc></imc><imc name="CONST" value="1"/></imc><imc name="STMTS"><imc name="LABEL" value="L41"/><imc name="CJUMP" value="L42:L43"><imc name="BINOP" value="LEQ"><imc name="MEM"><imc name="BINOP" value="ADD"><imc name="TEMP" value="18"/><imc name="CONST" value="-8"/></imc></imc><imc name="MEM"><imc name="BINOP" value="ADD"><imc name="MEM"><imc name="TEMP" value="18"/></imc><imc name="CONST" value="16"/></imc></imc></imc></imc><imc name="LABEL" value="L42"/><imc name="STMTS"><imc name="MOVE"><imc name="MEM"><imc name="BINOP" value="ADD"><imc name="BINOP" value="ADD"><imc name="MEM"><imc name="TEMP" value="18"/></imc><imc name="CONST" value="-800"/></imc><imc name="BINOP" value="MUL"><imc name="MEM"><imc name="BINOP" value="ADD"><imc name="TEMP" value="18"/><imc name="CONST" value="8"/></imc></imc><imc name="CONST" value="8"/></imc></imc></imc><imc name="MEM"><imc name="BINOP" value="ADD"><imc name="TEMP" value="18"/><imc name="CONST" value="-8"/></imc></imc></imc><imc name="MOVE"><imc name="MEM"><imc name="BINOP" value="ADD"><imc name="TEMP" value="18"/><imc name="CONST" value="-8"/></imc></imc><imc name="BINOP" value="ADD"><imc name="MEM"><imc name="BINOP" value="ADD"><imc name="TEMP" value="18"/><imc name="CONST" value="-8"/></imc></imc><imc name="CONST" value="1"/></imc></imc><imc name="ESTMT"><imc name="CALL" value="L0"><imc name="MEM"><imc name="TEMP" value="18"/></imc><imc name="BINOP" value="ADD"><imc name="MEM"><imc name="BINOP" value="ADD"><imc name="TEMP" value="18"/><imc name="CONST" value="8"/></imc></imc><imc name="CONST" value="1"/></imc></imc></imc></imc><imc name="JUMP" value="L41"/><imc name="LABEL" value="L43"/></imc></imc><imc name="LABEL" value="L46"/></imc></node><location loc="96.11--110.13"/></node><node label="AtomExpr" lexeme="0" spec="INT"><location loc="111.11--111.11"/><type label="INT"/><imc name="CONST" value="0"/></node><location loc="96.11--113.20"/><type label="INT"/><imc name="SEXPR"><imc name="STMTS"><imc name="STMTS"><imc name="CJUMP" value="L44:L45"><imc name="BINOP" value="EQU"><imc name="MEM"><imc name="BINOP" value="ADD"><imc name="TEMP" value="18"/><imc name="CONST" value="8"/></imc></imc><imc name="MEM"><imc name="BINOP" value="ADD"><imc name="MEM"><imc name="TEMP" value="18"/></imc><imc name="CONST" value="8"/></imc></imc></imc></imc><imc name="LABEL" value="L44"/><imc name="STMTS"><imc name="MOVE"><imc name="MEM"><imc name="BINOP" value="ADD"><imc name="TEMP" value="18"/><imc name="CONST" value="-8"/></imc></imc><imc name="CONST" value="0"/></imc><imc name="STMTS"><imc name="LABEL" value="L38"/><imc name="CJUMP" value="L39:L40"><imc name="BINOP" value="LTH"><imc name="MEM"><imc name="BINOP" value="ADD"><imc name="TEMP" value="18"/><imc name="CONST" value="-8"/></imc></imc><imc name="MEM"><imc name="BINOP" value="ADD"><imc name="MEM"><imc name="TEMP" value="18"/></imc><imc name="CONST" value="8"/></imc></imc></imc></imc><imc name="LABEL" value="L39"/><imc name="STMTS"><imc name="ESTMT"><imc name="CALL" value="_putInt"><imc name="MEM"><imc name="MEM"><imc name="TEMP" value="18"/></imc></imc><imc name="MEM"><imc name="BINOP" value="ADD"><imc name="BINOP" value="ADD"><imc name="MEM"><imc name="TEMP" value="18"/></imc><imc name="CONST" value="-800"/></imc><imc name="BINOP" value="MUL"><imc name="MEM"><imc name="BINOP" value="ADD"><imc name="TEMP" value="18"/><imc name="CONST" value="-8"/></imc></imc><imc name="CONST" value="8"/></imc></imc></imc></imc></imc><imc name="ESTMT"><imc name="CALL" value="_putChar"><imc name="MEM"><imc name="MEM"><imc name="TEMP" value="18"/></imc></imc><imc name="CONST" value="32"/></imc></imc><imc name="MOVE"><imc name="MEM"><imc name="BINOP" value="ADD"><imc name="TEMP" value="18"/><imc name="CONST" value="-8"/></imc></imc><imc name="BINOP" value="ADD"><imc name="MEM"><imc name="BINOP" value="ADD"><imc name="TEMP" value="18"/><imc name="CONST" value="-8"/></imc></imc><imc name="CONST" value="1"/></imc></imc></imc><imc name="JUMP" value="L38"/><imc name="LABEL" value="L40"/></imc><imc name="ESTMT"><imc name="CALL" value="_putChar"><imc name="MEM"><imc name="MEM"><imc name="TEMP" value="18"/></imc></imc><imc name="BINOP" value="MOD"><imc name="CONST" value="10"/><imc name="CONST" value="256"/></imc></imc></imc></imc><imc name="JUMP" value="L46"/><imc name="LABEL" value="L45"/><imc name="STMTS"><imc name="MOVE"><imc name="MEM"><imc name="BINOP" value="ADD"><imc name="TEMP" value="18"/><imc name="CONST" value="-8"/></imc></imc><imc name="CONST" value="1"/></imc><imc name="STMTS"><imc name="LABEL" value="L41"/><imc name="CJUMP" value="L42:L43"><imc name="BINOP" value="LEQ"><imc name="MEM"><imc name="BINOP" value="ADD"><imc name="TEMP" value="18"/><imc name="CONST" value="-8"/></imc></imc><imc name="MEM"><imc name="BINOP" value="ADD"><imc name="MEM"><imc name="TEMP" value="18"/></imc><imc name="CONST" value="16"/></imc></imc></imc></imc><imc name="LABEL" value="L42"/><imc name="STMTS"><imc name="MOVE"><imc name="MEM"><imc name="BINOP" value="ADD"><imc name="BINOP" value="ADD"><imc name="MEM"><imc name="TEMP" value="18"/></imc><imc name="CONST" value="-800"/></imc><imc name="BINOP" value="MUL"><imc name="MEM"><imc name="BINOP" value="ADD"><imc name="TEMP" value="18"/><imc name="CONST" value="8"/></imc></imc><imc name="CONST" value="8"/></imc></imc></imc><imc name="MEM"><imc name="BINOP" value="ADD"><imc name="TEMP" value="18"/><imc name="CONST" value="-8"/></imc></imc></imc><imc name="MOVE"><imc name="MEM"><imc name="BINOP" value="ADD"><imc name="TEMP" value="18"/><imc name="CONST" value="-8"/></imc></imc><imc name="BINOP" value="ADD"><imc name="MEM"><imc name="BINOP" value="ADD"><imc name="TEMP" value="18"/><imc name="CONST" value="-8"/></imc></imc><imc name="CONST" value="1"/></imc></imc><imc name="ESTMT"><imc name="CALL" value="L0"><imc name="MEM"><imc name="TEMP" value="18"/></imc><imc name="BINOP" value="ADD"><imc name="MEM"><imc name="BINOP" value="ADD"><imc name="TEMP" value="18"/><imc name="CONST" value="8"/></imc></imc><imc name="CONST" value="1"/></imc></imc></imc></imc><imc name="JUMP" value="L41"/><imc name="LABEL" value="L43"/></imc></imc><imc name="LABEL" value="L46"/></imc></imc><imc name="CONST" value="0"/></imc></node><location loc="95.7--114.10"/><frame FP="T18" RV="T19" argssize="16" depth="2" label="L0" locssize="8" size="40"/></node><location loc="93.7--114.10"/></node><node label="Stmts"><node label="AssignStmt"><node label="VarName" lexeme="i"><location loc="89.7--89.7"/><declaredAt location="94.7--94.16"/><imc name="BINOP" value="ADD"><imc name="TEMP" value="16"/><imc name="CONST" value="-808"/></imc></node><node label="AtomExpr" lexeme="0" spec="INT"><location loc="89.9--89.9"/><type label="INT"/><imc name="CONST" value="0"/></node><location loc="89.7--89.9"/><imc name="MOVE"><imc name="MEM"><imc name="BINOP" value="ADD"><imc name="TEMP" value="16"/><imc name="CONST" value="-808"/></imc></imc><imc name="CONST" value="0"/></imc></node><node label="WhileStmt"><node label="BinExpr" spec="LTH"><node label="VarName" lexeme="i"><location loc="89.18--89.18"/><declaredAt location="94.7--94.16"/><imc name="MEM"><imc name="BINOP" value="ADD"><imc name="TEMP" value="16"/><imc name="CONST" value="-808"/></imc></imc></node><node label="AtomExpr" lexeme="100" spec="INT"><location loc="89.20--89.22"/><type label="INT"/><imc name="CONST" value="100"/></node><location loc="89.18--89.22"/><type label="BOOL"/><imc name="BINOP" value="LTH"><imc name="MEM"><imc name="BINOP" value="ADD"><imc name="TEMP" value="16"/><imc name="CONST" value="-808"/></imc></imc><imc name="CONST" value="100"/></imc></node><node label="Stmts"><node label="AssignStmt"><node label="ArrExpr"><node label="VarName" lexeme="c"><location loc="89.27--89.27"/><declaredAt location="93.7--93.24"/><imc name="BINOP" value="ADD"><imc name="TEMP" value="16"/><imc name="CONST" value="-800"/></imc></node><node label="VarName" lexeme="i"><location loc="89.29--89.29"/><declaredAt location="94.7--94.16"/><imc name="MEM"><imc name="BINOP" value="ADD"><imc name="TEMP" value="16"/><imc name="CONST" value="-808"/></imc></imc></node><location loc="89.27--89.30"/><type label="INT"/><addr/><imc name="BINOP" value="ADD"><imc name="BINOP" value="ADD"><imc name="TEMP" value="16"/><imc name="CONST" value="-800"/></imc><imc name="BINOP" value="MUL"><imc name="MEM"><imc name="BINOP" value="ADD"><imc name="TEMP" value="16"/><imc name="CONST" value="-808"/></imc></imc><imc name="CONST" value="8"/></imc></imc></node><node label="AtomExpr" lexeme="0" spec="INT"><location loc="89.32--89.32"/><type label="INT"/><imc name="CONST" value="0"/></node><location loc="89.27--89.32"/><imc name="MOVE"><imc name="MEM"><imc name="BINOP" value="ADD"><imc name="BINOP" value="ADD"><imc name="TEMP" value="16"/><imc name="CONST" value="-800"/></imc><imc name="BINOP" value="MUL"><imc name="MEM"><imc name="BINOP" value="ADD"><imc name="TEMP" value="16"/><imc name="CONST" value="-808"/></imc></imc><imc name="CONST" value="8"/></imc></imc></imc><imc name="CONST" value="0"/></imc></node><node label="AssignStmt"><node label="VarName" lexeme="i"><location loc="89.35--89.35"/><declaredAt location="94.7--94.16"/><imc name="BINOP" value="ADD"><imc name="TEMP" value="16"/><imc name="CONST" value="-808"/></imc></node><node label="BinExpr" spec="ADD"><node label="VarName" lexeme="i"><location loc="89.37--89.37"/><declaredAt location="94.7--94.16"/><imc name="MEM"><imc name="BINOP" value="ADD"><imc name="TEMP" value="16"/><imc name="CONST" value="-808"/></imc></imc></node><node label="AtomExpr" lexeme="1" spec="INT"><location loc="89.39--89.39"/><type label="INT"/><imc name="CONST" value="1"/></node><location loc="89.37--89.39"/><type label="INT"/><imc name="BINOP" value="ADD"><imc name="MEM"><imc name="BINOP" value="ADD"><imc name="TEMP" value="16"/><imc name="CONST" value="-808"/></imc></imc><imc name="CONST" value="1"/></imc></node><location loc="89.35--89.39"/><imc name="MOVE"><imc name="MEM"><imc name="BINOP" value="ADD"><imc name="TEMP" value="16"/><imc name="CONST" value="-808"/></imc></imc><imc name="BINOP" value="ADD"><imc name="MEM"><imc name="BINOP" value="ADD"><imc name="TEMP" value="16"/><imc name="CONST" value="-808"/></imc></imc><imc name="CONST" value="1"/></imc></imc></node><location loc="89.27--89.39"/></node><location loc="89.12--89.44"/><imc name="STMTS"><imc name="LABEL" value="L47"/><imc name="CJUMP" value="L48:L49"><imc name="BINOP" value="LTH"><imc name="MEM"><imc name="BINOP" value="ADD"><imc name="TEMP" value="16"/><imc name="CONST" value="-808"/></imc></imc><imc name="CONST" value="100"/></imc></imc><imc name="LABEL" value="L48"/><imc name="STMTS"><imc name="MOVE"><imc name="MEM"><imc name="BINOP" value="ADD"><imc name="BINOP" value="ADD"><imc name="TEMP" value="16"/><imc name="CONST" value="-800"/></imc><imc name="BINOP" value="MUL"><imc name="MEM"><imc name="BINOP" value="ADD"><imc name="TEMP" value="16"/><imc name="CONST" value="-808"/></imc></imc><imc name="CONST" value="8"/></imc></imc></imc><imc name="CONST" value="0"/></imc><imc name="MOVE"><imc name="MEM"><imc name="BINOP" value="ADD"><imc name="TEMP" value="16"/><imc name="CONST" value="-808"/></imc></imc><imc name="BINOP" value="ADD"><imc name="MEM"><imc name="BINOP" value="ADD"><imc name="TEMP" value="16"/><imc name="CONST" value="-808"/></imc></imc><imc name="CONST" value="1"/></imc></imc></imc><imc name="JUMP" value="L47"/><imc name="LABEL" value="L49"/></imc></node><node label="ExprStmt"><node label="FunName" lexeme="gen"><node label="Args"><node label="AtomExpr" lexeme="0" spec="INT"><location loc="90.11--90.11"/><type label="INT"/><imc name="CONST" value="0"/></node><location loc="90.11--90.11"/></node><location loc="90.7--90.12"/><declaredAt location="95.7--114.10"/><type label="INT"/><imc name="CALL" value="L0"><imc name="CONST" value="0"/><imc name="CONST" value="0"/></imc></node><location loc="90.7--90.12"/><imc name="ESTMT"><imc name="CALL" value="L0"><imc name="CONST" value="0"/><imc name="CONST" value="0"/></imc></imc></node><location loc="89.7--90.12"/></node><node label="AtomExpr" lexeme="0" spec="INT"><location loc="91.7--91.7"/><type label="INT"/><imc name="CONST" value="0"/></node><location loc="89.7--114.10"/><type label="INT"/><imc name="SEXPR"><imc name="STMTS"><imc name="MOVE"><imc name="MEM"><imc name="BINOP" value="ADD"><imc name="TEMP" value="16"/><imc name="CONST" value="-808"/></imc></imc><imc name="CONST" value="0"/></imc><imc name="STMTS"><imc name="LABEL" value="L47"/><imc name="CJUMP" value="L48:L49"><imc name="BINOP" value="LTH"><imc name="MEM"><imc name="BINOP" value="ADD"><imc name="TEMP" value="16"/><imc name="CONST" value="-808"/></imc></imc><imc name="CONST" value="100"/></imc></imc><imc name="LABEL" value="L48"/><imc name="STMTS"><imc name="MOVE"><imc name="MEM"><imc name="BINOP" value="ADD"><imc name="BINOP" value="ADD"><imc name="TEMP" value="16"/><imc name="CONST" value="-800"/></imc><imc name="BINOP" value="MUL"><imc name="MEM"><imc name="BINOP" value="ADD"><imc name="TEMP" value="16"/><imc name="CONST" value="-808"/></imc></imc><imc name="CONST" value="8"/></imc></imc></imc><imc name="CONST" value="0"/></imc><imc name="MOVE"><imc name="MEM"><imc name="BINOP" value="ADD"><imc name="TEMP" value="16"/><imc name="CONST" value="-808"/></imc></imc><imc name="BINOP" value="ADD"><imc name="MEM"><imc name="BINOP" value="ADD"><imc name="TEMP" value="16"/><imc name="CONST" value="-808"/></imc></imc><imc name="CONST" value="1"/></imc></imc></imc><imc name="JUMP" value="L47"/><imc name="LABEL" value="L49"/></imc><imc name="ESTMT"><imc name="CALL" value="L0"><imc name="CONST" value="0"/><imc name="CONST" value="0"/></imc></imc></imc><imc name="CONST" value="0"/></imc></node><location loc="88.1--115.6"/><frame FP="T16" RV="T17" argssize="16" depth="1" label="_combs" locssize="808" size="840"/></node><node label="FunDef" lexeme="sudoku"><node label="ParDecls"><node label="ParDecl" lexeme="t2d"><node label="PtrType"><node label="ArrType"><node label="AtomExpr" lexeme="9" spec="INT"><location loc="117.24--117.24"/></node><node label="ArrType"><node label="AtomExpr" lexeme="9" spec="INT"><location loc="117.31--117.31"/></node><node label="AtomType" spec="INT"><location loc="117.34--117.36"/></node><location loc="117.27--117.36"/><type label="ARR(9)" len="9"><type label="INT"/></type></node><location loc="117.20--117.36"/><type label="ARR(9)" len="9"><type label="ARR(9)" len="9"><type label="INT"/></type></type></node><location loc="117.16--117.36"/><type label="PTR"><type label="ARR(9)" len="9"><type label="ARR(9)" len="9"><type label="INT"/></type></type></type></node><location loc="117.12--117.36"/><access depth="1" offset="8" size="8"/></node><location loc="117.12--117.36"/></node><node label="AtomType" spec="INT"><location loc="117.39--117.41"/></node><node label="BlockExpr"><node label="Decls"><node label="VarDecl" lexeme="t1d"><node label="PtrType"><node label="ArrType"><node label="AtomExpr" lexeme="81" spec="INT"><location loc="121.23--121.24"/></node><node label="AtomType" spec="INT"><location loc="121.27--121.29"/></node><location loc="121.19--121.29"/><type label="ARR(81)" len="81"><type label="INT"/></type></node><location loc="121.15--121.29"/><type label="PTR"><type label="ARR(81)" len="81"><type label="INT"/></type></type></node><location loc="121.7--121.30"/><access depth="1" offset="-8" size="8"/></node><node label="FunDef" lexeme="check_h"><node label="ParDecls"><node label="ParDecl" lexeme="j"><node label="AtomType" spec="INT"><location loc="122.21--122.23"/></node><location loc="122.19--122.23"/><access depth="2" offset="8" size="8"/></node><location loc="122.19--122.23"/></node><node label="AtomType" spec="BOOL"><location loc="122.26--122.29"/></node><node label="BlockExpr"><node label="Decls"><node label="VarDecl" lexeme="mask"><node label="ArrType"><node label="AtomExpr" lexeme="10" spec="INT"><location loc="137.26--137.27"/></node><node label="AtomType" spec="BOOL"><location loc="137.30--137.33"/></node><location loc="137.22--137.33"/><type label="ARR(10)" len="10"><type label="BOOL"/></type></node><location loc="137.13--137.34"/><access depth="2" offset="-80" size="80"/></node><node label="VarDecl" lexeme="i"><node label="AtomType" spec="INT"><location loc="138.19--138.21"/></node><location loc="138.13--138.22"/><access depth="2" offset="-88" size="8"/></node><node label="VarDecl" lexeme="check"><node label="AtomType" spec="BOOL"><location loc="139.23--139.26"/></node><location loc="139.13--139.27"/><access depth="2" offset="-96" size="8"/></node><location loc="137.13--139.27"/></node><node label="Stmts"><node label="AssignStmt"><node label="VarName" lexeme="check"><location loc="123.13--123.17"/><declaredAt location="139.13--139.27"/><imc name="BINOP" value="ADD"><imc name="TEMP" value="22"/><imc name="CONST" value="-96"/></imc></node><node label="AtomExpr" lexeme="true" spec="BOOL"><location loc="123.19--123.22"/><type label="BOOL"/><imc name="CONST" value="1"/></node><location loc="123.13--123.22"/><imc name="MOVE"><imc name="MEM"><imc name="BINOP" value="ADD"><imc name="TEMP" value="22"/><imc name="CONST" value="-96"/></imc></imc><imc name="CONST" value="1"/></imc></node><node label="AssignStmt"><node label="VarName" lexeme="i"><location loc="124.13--124.13"/><declaredAt location="138.13--138.22"/><imc name="BINOP" value="ADD"><imc name="TEMP" value="22"/><imc name="CONST" value="-88"/></imc></node><node label="AtomExpr" lexeme="1" spec="INT"><location loc="124.15--124.15"/><type label="INT"/><imc name="CONST" value="1"/></node><location loc="124.13--124.15"/><imc name="MOVE"><imc name="MEM"><imc name="BINOP" value="ADD"><imc name="TEMP" value="22"/><imc name="CONST" value="-88"/></imc></imc><imc name="CONST" value="1"/></imc></node><node label="WhileStmt"><node label="BinExpr" spec="LEQ"><node label="VarName" lexeme="i"><location loc="124.24--124.24"/><declaredAt location="138.13--138.22"/><imc name="MEM"><imc name="BINOP" value="ADD"><imc name="TEMP" value="22"/><imc name="CONST" value="-88"/></imc></imc></node><node label="AtomExpr" lexeme="9" spec="INT"><location loc="124.27--124.27"/><type label="INT"/><imc name="CONST" value="9"/></node><location loc="124.24--124.27"/><type label="BOOL"/><imc name="BINOP" value="LEQ"><imc name="MEM"><imc name="BINOP" value="ADD"><imc name="TEMP" value="22"/><imc name="CONST" value="-88"/></imc></imc><imc name="CONST" value="9"/></imc></node><node label="Stmts"><node label="AssignStmt"><node label="ArrExpr"><node label="VarName" lexeme="mask"><location loc="124.32--124.35"/><declaredAt location="137.13--137.34"/><imc name="BINOP" value="ADD"><imc name="TEMP" value="22"/><imc name="CONST" value="-80"/></imc></node><node label="VarName" lexeme="i"><location loc="124.37--124.37"/><declaredAt location="138.13--138.22"/><imc name="MEM"><imc name="BINOP" value="ADD"><imc name="TEMP" value="22"/><imc name="CONST" value="-88"/></imc></imc></node><location loc="124.32--124.38"/><type label="BOOL"/><addr/><imc name="BINOP" value="ADD"><imc name="BINOP" value="ADD"><imc name="TEMP" value="22"/><imc name="CONST" value="-80"/></imc><imc name="BINOP" value="MUL"><imc name="MEM"><imc name="BINOP" value="ADD"><imc name="TEMP" value="22"/><imc name="CONST" value="-88"/></imc></imc><imc name="CONST" value="8"/></imc></imc></node><node label="AtomExpr" lexeme="false" spec="BOOL"><location loc="124.40--124.44"/><type label="BOOL"/><imc name="CONST" value="0"/></node><location loc="124.32--124.44"/><imc name="MOVE"><imc name="MEM"><imc name="BINOP" value="ADD"><imc name="BINOP" value="ADD"><imc name="TEMP" value="22"/><imc name="CONST" value="-80"/></imc><imc name="BINOP" value="MUL"><imc name="MEM"><imc name="BINOP" value="ADD"><imc name="TEMP" value="22"/><imc name="CONST" value="-88"/></imc></imc><imc name="CONST" value="8"/></imc></imc></imc><imc name="CONST" value="0"/></imc></node><node label="AssignStmt"><node label="VarName" lexeme="i"><location loc="124.47--124.47"/><declaredAt location="138.13--138.22"/><imc name="BINOP" value="ADD"><imc name="TEMP" value="22"/><imc name="CONST" value="-88"/></imc></node><node label="BinExpr" spec="ADD"><node label="VarName" lexeme="i"><location loc="124.49--124.49"/><declaredAt location="138.13--138.22"/><imc name="MEM"><imc name="BINOP" value="ADD"><imc name="TEMP" value="22"/><imc name="CONST" value="-88"/></imc></imc></node><node label="AtomExpr" lexeme="1" spec="INT"><location loc="124.51--124.51"/><type label="INT"/><imc name="CONST" value="1"/></node><location loc="124.49--124.51"/><type label="INT"/><imc name="BINOP" value="ADD"><imc name="MEM"><imc name="BINOP" value="ADD"><imc name="TEMP" value="22"/><imc name="CONST" value="-88"/></imc></imc><imc name="CONST" value="1"/></imc></node><location loc="124.47--124.51"/><imc name="MOVE"><imc name="MEM"><imc name="BINOP" value="ADD"><imc name="TEMP" value="22"/><imc name="CONST" value="-88"/></imc></imc><imc name="BINOP" value="ADD"><imc name="MEM"><imc name="BINOP" value="ADD"><imc name="TEMP" value="22"/><imc name="CONST" value="-88"/></imc></imc><imc name="CONST" value="1"/></imc></imc></node><location loc="124.32--124.51"/></node><location loc="124.18--124.56"/><imc name="STMTS"><imc name="LABEL" value="L50"/><imc name="CJUMP" value="L51:L52"><imc name="BINOP" value="LEQ"><imc name="MEM"><imc name="BINOP" value="ADD"><imc name="TEMP" value="22"/><imc name="CONST" value="-88"/></imc></imc><imc name="CONST" value="9"/></imc></imc><imc name="LABEL" value="L51"/><imc name="STMTS"><imc name="MOVE"><imc name="MEM"><imc name="BINOP" value="ADD"><imc name="BINOP" value="ADD"><imc name="TEMP" value="22"/><imc name="CONST" value="-80"/></imc><imc name="BINOP" value="MUL"><imc name="MEM"><imc name="BINOP" value="ADD"><imc name="TEMP" value="22"/><imc name="CONST" value="-88"/></imc></imc><imc name="CONST" value="8"/></imc></imc></imc><imc name="CONST" value="0"/></imc><imc name="MOVE"><imc name="MEM"><imc name="BINOP" value="ADD"><imc name="TEMP" value="22"/><imc name="CONST" value="-88"/></imc></imc><imc name="BINOP" value="ADD"><imc name="MEM"><imc name="BINOP" value="ADD"><imc name="TEMP" value="22"/><imc name="CONST" value="-88"/></imc></imc><imc name="CONST" value="1"/></imc></imc></imc><imc name="JUMP" value="L50"/><imc name="LABEL" value="L52"/></imc></node><node label="AssignStmt"><node label="VarName" lexeme="i"><location loc="125.13--125.13"/><declaredAt location="138.13--138.22"/><imc name="BINOP" value="ADD"><imc name="TEMP" value="22"/><imc name="CONST" value="-88"/></imc></node><node label="AtomExpr" lexeme="0" spec="INT"><location loc="125.15--125.15"/><type label="INT"/><imc name="CONST" value="0"/></node><location loc="125.13--125.15"/><imc name="MOVE"><imc name="MEM"><imc name="BINOP" value="ADD"><imc name="TEMP" value="22"/><imc name="CONST" value="-88"/></imc></imc><imc name="CONST" value="0"/></imc></node><node label="WhileStmt"><node label="BinExpr" spec="LTH"><node label="VarName" lexeme="i"><location loc="126.19--126.19"/><declaredAt location="138.13--138.22"/><imc name="MEM"><imc name="BINOP" value="ADD"><imc name="TEMP" value="22"/><imc name="CONST" value="-88"/></imc></imc></node><node label="AtomExpr" lexeme="9" spec="INT"><location loc="126.21--126.21"/><type label="INT"/><imc name="CONST" value="9"/></node><location loc="126.19--126.21"/><type label="BOOL"/><imc name="BINOP" value="LTH"><imc name="MEM"><imc name="BINOP" value="ADD"><imc name="TEMP" value="22"/><imc name="CONST" value="-88"/></imc></imc><imc name="CONST" value="9"/></imc></node><node label="Stmts"><node label="IfStmt"><node label="BinExpr" spec="NEQ"><node label="ArrExpr"><node label="ArrExpr"><node label="UnExpr" spec="DATA"><node label="VarName" lexeme="t2d"><location loc="127.20--127.22"/><declaredAt location="117.12--117.36"/><type label="PTR"><type label="ARR(9)" len="9"><type label="ARR(9)" len="9"><type label="INT"/></type></type></type><imc name="MEM"><imc name="BINOP" value="ADD"><imc name="MEM"><imc name="TEMP" value="22"/></imc><imc name="CONST" value="8"/></imc></imc></node><location loc="127.19--127.22"/><type label="ARR(9)" len="9"><type label="ARR(9)" len="9"><type label="INT"/></type></type><addr/><imc name="BINOP" value="ADD"><imc name="MEM"><imc name="TEMP" value="22"/></imc><imc name="CONST" value="8"/></imc></node><node label="VarName" lexeme="j"><location loc="127.25--127.25"/><declaredAt location="122.19--122.23"/><imc name="MEM"><imc name="BINOP" value="ADD"><imc name="TEMP" value="22"/><imc name="CONST" value="8"/></imc></imc></node><location loc="127.19--127.26"/><type label="ARR(9)" len="9"><type label="INT"/></type><addr/><imc name="BINOP" value="ADD"><imc name="MEM"><imc name="BINOP" value="ADD"><imc name="MEM"><imc name="TEMP" value="22"/></imc><imc name="CONST" value="8"/></imc></imc><imc name="BINOP" value="MUL"><imc name="MEM"><imc name="BINOP" value="ADD"><imc name="TEMP" value="22"/><imc name="CONST" value="8"/></imc></imc><imc name="CONST" value="72"/></imc></imc></node><node label="VarName" lexeme="i"><location loc="127.28--127.28"/><declaredAt location="138.13--138.22"/><imc name="MEM"><imc name="BINOP" value="ADD"><imc name="TEMP" value="22"/><imc name="CONST" value="-88"/></imc></imc></node><location loc="127.19--127.29"/><type label="INT"/><addr/><imc name="MEM"><imc name="BINOP" value="ADD"><imc name="BINOP" value="ADD"><imc name="MEM"><imc name="BINOP" value="ADD"><imc name="MEM"><imc name="TEMP" value="22"/></imc><imc name="CONST" value="8"/></imc></imc><imc name="BINOP" value="MUL"><imc name="MEM"><imc name="BINOP" value="ADD"><imc name="TEMP" value="22"/><imc name="CONST" value="8"/></imc></imc><imc name="CONST" value="72"/></imc></imc><imc name="BINOP" value="MUL"><imc name="MEM"><imc name="BINOP" value="ADD"><imc name="TEMP" value="22"/><imc name="CONST" value="-88"/></imc></imc><imc name="CONST" value="8"/></imc></imc></imc></node><node label="AtomExpr" lexeme="0" spec="INT"><location loc="127.32--127.32"/><type label="INT"/><imc name="CONST" value="0"/></node><location loc="127.19--127.32"/><type label="BOOL"/><imc name="BINOP" value="NEQ"><imc name="MEM"><imc name="BINOP" value="ADD"><imc name="BINOP" value="ADD"><imc name="MEM"><imc name="BINOP" value="ADD"><imc name="MEM"><imc name="TEMP" value="22"/></imc><imc name="CONST" value="8"/></imc></imc><imc name="BINOP" value="MUL"><imc name="MEM"><imc name="BINOP" value="ADD"><imc name="TEMP" value="22"/><imc name="CONST" value="8"/></imc></imc><imc name="CONST" value="72"/></imc></imc><imc name="BINOP" value="MUL"><imc name="MEM"><imc name="BINOP" value="ADD"><imc name="TEMP" value="22"/><imc name="CONST" value="-88"/></imc></imc><imc name="CONST" value="8"/></imc></imc></imc><imc name="CONST" value="0"/></imc></node><node label="Stmts"><node label="IfStmt"><node label="ArrExpr"><node label="VarName" lexeme="mask"><location loc="128.20--128.23"/><declaredAt location="137.13--137.34"/><imc name="BINOP" value="ADD"><imc name="TEMP" value="22"/><imc name="CONST" value="-80"/></imc></node><node label="ArrExpr"><node label="ArrExpr"><node label="UnExpr" spec="DATA"><node label="VarName" lexeme="t2d"><location loc="128.27--128.29"/><declaredAt location="117.12--117.36"/><type label="PTR"><type label="ARR(9)" len="9"><type label="ARR(9)" len="9"><type label="INT"/></type></type></type><imc name="MEM"><imc name="BINOP" value="ADD"><imc name="MEM"><imc name="TEMP" value="22"/></imc><imc name="CONST" value="8"/></imc></imc></node><location loc="128.26--128.29"/><type label="ARR(9)" len="9"><type label="ARR(9)" len="9"><type label="INT"/></type></type><addr/><imc name="BINOP" value="ADD"><imc name="MEM"><imc name="TEMP" value="22"/></imc><imc name="CONST" value="8"/></imc></node><node label="VarName" lexeme="j"><location loc="128.32--128.32"/><declaredAt location="122.19--122.23"/><imc name="MEM"><imc name="BINOP" value="ADD"><imc name="TEMP" value="22"/><imc name="CONST" value="8"/></imc></imc></node><location loc="128.26--128.33"/><type label="ARR(9)" len="9"><type label="INT"/></type><addr/><imc name="BINOP" value="ADD"><imc name="MEM"><imc name="BINOP" value="ADD"><imc name="MEM"><imc name="TEMP" value="22"/></imc><imc name="CONST" value="8"/></imc></imc><imc name="BINOP" value="MUL"><imc name="MEM"><imc name="BINOP" value="ADD"><imc name="TEMP" value="22"/><imc name="CONST" value="8"/></imc></imc><imc name="CONST" value="72"/></imc></imc></node><node label="VarName" lexeme="i"><location loc="128.35--128.35"/><declaredAt location="138.13--138.22"/><imc name="MEM"><imc name="BINOP" value="ADD"><imc name="TEMP" value="22"/><imc name="CONST" value="-88"/></imc></imc></node><location loc="128.26--128.36"/><type label="INT"/><addr/><imc name="MEM"><imc name="BINOP" value="ADD"><imc name="BINOP" value="ADD"><imc name="MEM"><imc name="BINOP" value="ADD"><imc name="MEM"><imc name="TEMP" value="22"/></imc><imc name="CONST" value="8"/></imc></imc><imc name="BINOP" value="MUL"><imc name="MEM"><imc name="BINOP" value="ADD"><imc name="TEMP" value="22"/><imc name="CONST" value="8"/></imc></imc><imc name="CONST" value="72"/></imc></imc><imc name="BINOP" value="MUL"><imc name="MEM"><imc name="BINOP" value="ADD"><imc name="TEMP" value="22"/><imc name="CONST" value="-88"/></imc></imc><imc name="CONST" value="8"/></imc></imc></imc></node><location loc="128.20--128.37"/><type label="BOOL"/><addr/><imc name="MEM"><imc name="BINOP" value="ADD"><imc name="BINOP" value="ADD"><imc name="TEMP" value="22"/><imc name="CONST" value="-80"/></imc><imc name="BINOP" value="MUL"><imc name="MEM"><imc name="BINOP" value="ADD"><imc name="BINOP" value="ADD"><imc name="MEM"><imc name="BINOP" value="ADD"><imc name="MEM"><imc name="TEMP" value="22"/></imc><imc name="CONST" value="8"/></imc></imc><imc name="BINOP" value="MUL"><imc name="MEM"><imc name="BINOP" value="ADD"><imc name="TEMP" value="22"/><imc name="CONST" value="8"/></imc></imc><imc name="CONST" value="72"/></imc></imc><imc name="BINOP" value="MUL"><imc name="MEM"><imc name="BINOP" value="ADD"><imc name="TEMP" value="22"/><imc name="CONST" value="-88"/></imc></imc><imc name="CONST" value="8"/></imc></imc></imc><imc name="CONST" value="8"/></imc></imc></imc></node><node label="Stmts"><node label="AssignStmt"><node label="VarName" lexeme="check"><location loc="129.24--129.28"/><declaredAt location="139.13--139.27"/><imc name="BINOP" value="ADD"><imc name="TEMP" value="22"/><imc name="CONST" value="-96"/></imc></node><node label="AtomExpr" lexeme="false" spec="BOOL"><location loc="129.30--129.34"/><type label="BOOL"/><imc name="CONST" value="0"/></node><location loc="129.24--129.34"/><imc name="MOVE"><imc name="MEM"><imc name="BINOP" value="ADD"><imc name="TEMP" value="22"/><imc name="CONST" value="-96"/></imc></imc><imc name="CONST" value="0"/></imc></node><location loc="129.24--129.34"/></node><node label="Stmts"><node label="AssignStmt"><node label="ArrExpr"><node label="VarName" lexeme="mask"><location loc="130.24--130.27"/><declaredAt location="137.13--137.34"/><imc name="BINOP" value="ADD"><imc name="TEMP" value="22"/><imc name="CONST" value="-80"/></imc></node><node label="ArrExpr"><node label="ArrExpr"><node label="UnExpr" spec="DATA"><node label="VarName" lexeme="t2d"><location loc="130.31--130.33"/><declaredAt location="117.12--117.36"/><type label="PTR"><type label="ARR(9)" len="9"><type label="ARR(9)" len="9"><type label="INT"/></type></type></type><imc name="MEM"><imc name="BINOP" value="ADD"><imc name="MEM"><imc name="TEMP" value="22"/></imc><imc name="CONST" value="8"/></imc></imc></node><location loc="130.30--130.33"/><type label="ARR(9)" len="9"><type label="ARR(9)" len="9"><type label="INT"/></type></type><addr/><imc name="BINOP" value="ADD"><imc name="MEM"><imc name="TEMP" value="22"/></imc><imc name="CONST" value="8"/></imc></node><node label="VarName" lexeme="j"><location loc="130.36--130.36"/><declaredAt location="122.19--122.23"/><imc name="MEM"><imc name="BINOP" value="ADD"><imc name="TEMP" value="22"/><imc name="CONST" value="8"/></imc></imc></node><location loc="130.30--130.37"/><type label="ARR(9)" len="9"><type label="INT"/></type><addr/><imc name="BINOP" value="ADD"><imc name="MEM"><imc name="BINOP" value="ADD"><imc name="MEM"><imc name="TEMP" value="22"/></imc><imc name="CONST" value="8"/></imc></imc><imc name="BINOP" value="MUL"><imc name="MEM"><imc name="BINOP" value="ADD"><imc name="TEMP" value="22"/><imc name="CONST" value="8"/></imc></imc><imc name="CONST" value="72"/></imc></imc></node><node label="VarName" lexeme="i"><location loc="130.39--130.39"/><declaredAt location="138.13--138.22"/><imc name="MEM"><imc name="BINOP" value="ADD"><imc name="TEMP" value="22"/><imc name="CONST" value="-88"/></imc></imc></node><location loc="130.30--130.40"/><type label="INT"/><addr/><imc name="MEM"><imc name="BINOP" value="ADD"><imc name="BINOP" value="ADD"><imc name="MEM"><imc name="BINOP" value="ADD"><imc name="MEM"><imc name="TEMP" value="22"/></imc><imc name="CONST" value="8"/></imc></imc><imc name="BINOP" value="MUL"><imc name="MEM"><imc name="BINOP" value="ADD"><imc name="TEMP" value="22"/><imc name="CONST" value="8"/></imc></imc><imc name="CONST" value="72"/></imc></imc><imc name="BINOP" value="MUL"><imc name="MEM"><imc name="BINOP" value="ADD"><imc name="TEMP" value="22"/><imc name="CONST" value="-88"/></imc></imc><imc name="CONST" value="8"/></imc></imc></imc></node><location loc="130.24--130.41"/><type label="BOOL"/><addr/><imc name="BINOP" value="ADD"><imc name="BINOP" value="ADD"><imc name="TEMP" value="22"/><imc name="CONST" value="-80"/></imc><imc name="BINOP" value="MUL"><imc name="MEM"><imc name="BINOP" value="ADD"><imc name="BINOP" value="ADD"><imc name="MEM"><imc name="BINOP" value="ADD"><imc name="MEM"><imc name="TEMP" value="22"/></imc><imc name="CONST" value="8"/></imc></imc><imc name="BINOP" value="MUL"><imc name="MEM"><imc name="BINOP" value="ADD"><imc name="TEMP" value="22"/><imc name="CONST" value="8"/></imc></imc><imc name="CONST" value="72"/></imc></imc><imc name="BINOP" value="MUL"><imc name="MEM"><imc name="BINOP" value="ADD"><imc name="TEMP" value="22"/><imc name="CONST" value="-88"/></imc></imc><imc name="CONST" value="8"/></imc></imc></imc><imc name="CONST" value="8"/></imc></imc></node><node label="AtomExpr" lexeme="true" spec="BOOL"><location loc="130.43--130.46"/><type label="BOOL"/><imc name="CONST" value="1"/></node><location loc="130.24--130.46"/><imc name="MOVE"><imc name="MEM"><imc name="BINOP" value="ADD"><imc name="BINOP" value="ADD"><imc name="TEMP" value="22"/><imc name="CONST" value="-80"/></imc><imc name="BINOP" value="MUL"><imc name="MEM"><imc name="BINOP" value="ADD"><imc name="BINOP" value="ADD"><imc name="MEM"><imc name="BINOP" value="ADD"><imc name="MEM"><imc name="TEMP" value="22"/></imc><imc name="CONST" value="8"/></imc></imc><imc name="BINOP" value="MUL"><imc name="MEM"><imc name="BINOP" value="ADD"><imc name="TEMP" value="22"/><imc name="CONST" value="8"/></imc></imc><imc name="CONST" value="72"/></imc></imc><imc name="BINOP" value="MUL"><imc name="MEM"><imc name="BINOP" value="ADD"><imc name="TEMP" value="22"/><imc name="CONST" value="-88"/></imc></imc><imc name="CONST" value="8"/></imc></imc></imc><imc name="CONST" value="8"/></imc></imc></imc><imc name="CONST" value="1"/></imc></node><location loc="130.24--130.46"/></node><location loc="128.17--131.19"/><imc name="STMTS"><imc name="CJUMP" value="L53:L54"><imc name="MEM"><imc name="BINOP" value="ADD"><imc name="BINOP" value="ADD"><imc name="TEMP" value="22"/><imc name="CONST" value="-80"/></imc><imc name="BINOP" value="MUL"><imc name="MEM"><imc name="BINOP" value="ADD"><imc name="BINOP" value="ADD"><imc name="MEM"><imc name="BINOP" value="ADD"><imc name="MEM"><imc name="TEMP" value="22"/></imc><imc name="CONST" value="8"/></imc></imc><imc name="BINOP" value="MUL"><imc name="MEM"><imc name="BINOP" value="ADD"><imc name="TEMP" value="22"/><imc name="CONST" value="8"/></imc></imc><imc name="CONST" value="72"/></imc></imc><imc name="BINOP" value="MUL"><imc name="MEM"><imc name="BINOP" value="ADD"><imc name="TEMP" value="22"/><imc name="CONST" value="-88"/></imc></imc><imc name="CONST" value="8"/></imc></imc></imc><imc name="CONST" value="8"/></imc></imc></imc></imc><imc name="LABEL" value="L53"/><imc name="STMTS"><imc name="MOVE"><imc name="MEM"><imc name="BINOP" value="ADD"><imc name="TEMP" value="22"/><imc name="CONST" value="-96"/></imc></imc><imc name="CONST" value="0"/></imc></imc><imc name="JUMP" value="L55"/><imc name="LABEL" value="L54"/><imc name="STMTS"><imc name="MOVE"><imc name="MEM"><imc name="BINOP" value="ADD"><imc name="BINOP" value="ADD"><imc name="TEMP" value="22"/><imc name="CONST" value="-80"/></imc><imc name="BINOP" value="MUL"><imc name="MEM"><imc name="BINOP" value="ADD"><imc name="BINOP" value="ADD"><imc name="MEM"><imc name="BINOP" value="ADD"><imc name="MEM"><imc name="TEMP" value="22"/></imc><imc name="CONST" value="8"/></imc></imc><imc name="BINOP" value="MUL"><imc name="MEM"><imc name="BINOP" value="ADD"><imc name="TEMP" value="22"/><imc name="CONST" value="8"/></imc></imc><imc name="CONST" value="72"/></imc></imc><imc name="BINOP" value="MUL"><imc name="MEM"><imc name="BINOP" value="ADD"><imc name="TEMP" value="22"/><imc name="CONST" value="-88"/></imc></imc><imc name="CONST" value="8"/></imc></imc></imc><imc name="CONST" value="8"/></imc></imc></imc><imc name="CONST" value="1"/></imc></imc><imc name="LABEL" value="L55"/></imc></node><location loc="128.17--131.19"/></node><node label="Stmts"><location loc="0.0--0.0"/></node><location loc="127.15--132.17"/><imc name="STMTS"><imc name="CJUMP" value="L56:L57"><imc name="BINOP" value="NEQ"><imc name="MEM"><imc name="BINOP" value="ADD"><imc name="BINOP" value="ADD"><imc name="MEM"><imc name="BINOP" value="ADD"><imc name="MEM"><imc name="TEMP" value="22"/></imc><imc name="CONST" value="8"/></imc></imc><imc name="BINOP" value="MUL"><imc name="MEM"><imc name="BINOP" value="ADD"><imc name="TEMP" value="22"/><imc name="CONST" value="8"/></imc></imc><imc name="CONST" value="72"/></imc></imc><imc name="BINOP" value="MUL"><imc name="MEM"><imc name="BINOP" value="ADD"><imc name="TEMP" value="22"/><imc name="CONST" value="-88"/></imc></imc><imc name="CONST" value="8"/></imc></imc></imc><imc name="CONST" value="0"/></imc></imc><imc name="LABEL" value="L56"/><imc name="STMTS"><imc name="STMTS"><imc name="CJUMP" value="L53:L54"><imc name="MEM"><imc name="BINOP" value="ADD"><imc name="BINOP" value="ADD"><imc name="TEMP" value="22"/><imc name="CONST" value="-80"/></imc><imc name="BINOP" value="MUL"><imc name="MEM"><imc name="BINOP" value="ADD"><imc name="BINOP" value="ADD"><imc name="MEM"><imc name="BINOP" value="ADD"><imc name="MEM"><imc name="TEMP" value="22"/></imc><imc name="CONST" value="8"/></imc></imc><imc name="BINOP" value="MUL"><imc name="MEM"><imc name="BINOP" value="ADD"><imc name="TEMP" value="22"/><imc name="CONST" value="8"/></imc></imc><imc name="CONST" value="72"/></imc></imc><imc name="BINOP" value="MUL"><imc name="MEM"><imc name="BINOP" value="ADD"><imc name="TEMP" value="22"/><imc name="CONST" value="-88"/></imc></imc><imc name="CONST" value="8"/></imc></imc></imc><imc name="CONST" value="8"/></imc></imc></imc></imc><imc name="LABEL" value="L53"/><imc name="STMTS"><imc name="MOVE"><imc name="MEM"><imc name="BINOP" value="ADD"><imc name="TEMP" value="22"/><imc name="CONST" value="-96"/></imc></imc><imc name="CONST" value="0"/></imc></imc><imc name="JUMP" value="L55"/><imc name="LABEL" value="L54"/><imc name="STMTS"><imc name="MOVE"><imc name="MEM"><imc name="BINOP" value="ADD"><imc name="BINOP" value="ADD"><imc name="TEMP" value="22"/><imc name="CONST" value="-80"/></imc><imc name="BINOP" value="MUL"><imc name="MEM"><imc name="BINOP" value="ADD"><imc name="BINOP" value="ADD"><imc name="MEM"><imc name="BINOP" value="ADD"><imc name="MEM"><imc name="TEMP" value="22"/></imc><imc name="CONST" value="8"/></imc></imc><imc name="BINOP" value="MUL"><imc name="MEM"><imc name="BINOP" value="ADD"><imc name="TEMP" value="22"/><imc name="CONST" value="8"/></imc></imc><imc name="CONST" value="72"/></imc></imc><imc name="BINOP" value="MUL"><imc name="MEM"><imc name="BINOP" value="ADD"><imc name="TEMP" value="22"/><imc name="CONST" value="-88"/></imc></imc><imc name="CONST" value="8"/></imc></imc></imc><imc name="CONST" value="8"/></imc></imc></imc><imc name="CONST" value="1"/></imc></imc><imc name="LABEL" value="L55"/></imc></imc><imc name="LABEL" value="L57"/></imc></node><node label="AssignStmt"><node label="VarName" lexeme="i"><location loc="133.15--133.15"/><declaredAt location="138.13--138.22"/><imc name="BINOP" value="ADD"><imc name="TEMP" value="22"/><imc name="CONST" value="-88"/></imc></node><node label="BinExpr" spec="ADD"><node label="VarName" lexeme="i"><location loc="133.17--133.17"/><declaredAt location="138.13--138.22"/><imc name="MEM"><imc name="BINOP" value="ADD"><imc name="TEMP" value="22"/><imc name="CONST" value="-88"/></imc></imc></node><node label="AtomExpr" lexeme="1" spec="INT"><location loc="133.19--133.19"/><type label="INT"/><imc name="CONST" value="1"/></node><location loc="133.17--133.19"/><type label="INT"/><imc name="BINOP" value="ADD"><imc name="MEM"><imc name="BINOP" value="ADD"><imc name="TEMP" value="22"/><imc name="CONST" value="-88"/></imc></imc><imc name="CONST" value="1"/></imc></node><location loc="133.15--133.19"/><imc name="MOVE"><imc name="MEM"><imc name="BINOP" value="ADD"><imc name="TEMP" value="22"/><imc name="CONST" value="-88"/></imc></imc><imc name="BINOP" value="ADD"><imc name="MEM"><imc name="BINOP" value="ADD"><imc name="TEMP" value="22"/><imc name="CONST" value="-88"/></imc></imc><imc name="CONST" value="1"/></imc></imc></node><location loc="127.15--133.19"/></node><location loc="126.13--134.15"/><imc name="STMTS"><imc name="LABEL" value="L58"/><imc name="CJUMP" value="L59:L60"><imc name="BINOP" value="LTH"><imc name="MEM"><imc name="BINOP" value="ADD"><imc name="TEMP" value="22"/><imc name="CONST" value="-88"/></imc></imc><imc name="CONST" value="9"/></imc></imc><imc name="LABEL" value="L59"/><imc name="STMTS"><imc name="STMTS"><imc name="CJUMP" value="L56:L57"><imc name="BINOP" value="NEQ"><imc name="MEM"><imc name="BINOP" value="ADD"><imc name="BINOP" value="ADD"><imc name="MEM"><imc name="BINOP" value="ADD"><imc name="MEM"><imc name="TEMP" value="22"/></imc><imc name="CONST" value="8"/></imc></imc><imc name="BINOP" value="MUL"><imc name="MEM"><imc name="BINOP" value="ADD"><imc name="TEMP" value="22"/><imc name="CONST" value="8"/></imc></imc><imc name="CONST" value="72"/></imc></imc><imc name="BINOP" value="MUL"><imc name="MEM"><imc name="BINOP" value="ADD"><imc name="TEMP" value="22"/><imc name="CONST" value="-88"/></imc></imc><imc name="CONST" value="8"/></imc></imc></imc><imc name="CONST" value="0"/></imc></imc><imc name="LABEL" value="L56"/><imc name="STMTS"><imc name="STMTS"><imc name="CJUMP" value="L53:L54"><imc name="MEM"><imc name="BINOP" value="ADD"><imc name="BINOP" value="ADD"><imc name="TEMP" value="22"/><imc name="CONST" value="-80"/></imc><imc name="BINOP" value="MUL"><imc name="MEM"><imc name="BINOP" value="ADD"><imc name="BINOP" value="ADD"><imc name="MEM"><imc name="BINOP" value="ADD"><imc name="MEM"><imc name="TEMP" value="22"/></imc><imc name="CONST" value="8"/></imc></imc><imc name="BINOP" value="MUL"><imc name="MEM"><imc name="BINOP" value="ADD"><imc name="TEMP" value="22"/><imc name="CONST" value="8"/></imc></imc><imc name="CONST" value="72"/></imc></imc><imc name="BINOP" value="MUL"><imc name="MEM"><imc name="BINOP" value="ADD"><imc name="TEMP" value="22"/><imc name="CONST" value="-88"/></imc></imc><imc name="CONST" value="8"/></imc></imc></imc><imc name="CONST" value="8"/></imc></imc></imc></imc><imc name="LABEL" value="L53"/><imc name="STMTS"><imc name="MOVE"><imc name="MEM"><imc name="BINOP" value="ADD"><imc name="TEMP" value="22"/><imc name="CONST" value="-96"/></imc></imc><imc name="CONST" value="0"/></imc></imc><imc name="JUMP" value="L55"/><imc name="LABEL" value="L54"/><imc name="STMTS"><imc name="MOVE"><imc name="MEM"><imc name="BINOP" value="ADD"><imc name="BINOP" value="ADD"><imc name="TEMP" value="22"/><imc name="CONST" value="-80"/></imc><imc name="BINOP" value="MUL"><imc name="MEM"><imc name="BINOP" value="ADD"><imc name="BINOP" value="ADD"><imc name="MEM"><imc name="BINOP" value="ADD"><imc name="MEM"><imc name="TEMP" value="22"/></imc><imc name="CONST" value="8"/></imc></imc><imc name="BINOP" value="MUL"><imc name="MEM"><imc name="BINOP" value="ADD"><imc name="TEMP" value="22"/><imc name="CONST" value="8"/></imc></imc><imc name="CONST" value="72"/></imc></imc><imc name="BINOP" value="MUL"><imc name="MEM"><imc name="BINOP" value="ADD"><imc name="TEMP" value="22"/><imc name="CONST" value="-88"/></imc></imc><imc name="CONST" value="8"/></imc></imc></imc><imc name="CONST" value="8"/></imc></imc></imc><imc name="CONST" value="1"/></imc></imc><imc name="LABEL" value="L55"/></imc></imc><imc name="LABEL" value="L57"/></imc><imc name="MOVE"><imc name="MEM"><imc name="BINOP" value="ADD"><imc name="TEMP" value="22"/><imc name="CONST" value="-88"/></imc></imc><imc name="BINOP" value="ADD"><imc name="MEM"><imc name="BINOP" value="ADD"><imc name="TEMP" value="22"/><imc name="CONST" value="-88"/></imc></imc><imc name="CONST" value="1"/></imc></imc></imc><imc name="JUMP" value="L58"/><imc name="LABEL" value="L60"/></imc></node><location loc="123.13--134.15"/></node><node label="VarName" lexeme="check"><location loc="135.13--135.17"/><declaredAt location="139.13--139.27"/><imc name="MEM"><imc name="BINOP" value="ADD"><imc name="TEMP" value="22"/><imc name="CONST" value="-96"/></imc></imc></node><location loc="123.13--139.27"/><type label="BOOL"/><imc name="SEXPR"><imc name="STMTS"><imc name="MOVE"><imc name="MEM"><imc name="BINOP" value="ADD"><imc name="TEMP" value="22"/><imc name="CONST" value="-96"/></imc></imc><imc name="CONST" value="1"/></imc><imc name="MOVE"><imc name="MEM"><imc name="BINOP" value="ADD"><imc name="TEMP" value="22"/><imc name="CONST" value="-88"/></imc></imc><imc name="CONST" value="1"/></imc><imc name="STMTS"><imc name="LABEL" value="L50"/><imc name="CJUMP" value="L51:L52"><imc name="BINOP" value="LEQ"><imc name="MEM"><imc name="BINOP" value="ADD"><imc name="TEMP" value="22"/><imc name="CONST" value="-88"/></imc></imc><imc name="CONST" value="9"/></imc></imc><imc name="LABEL" value="L51"/><imc name="STMTS"><imc name="MOVE"><imc name="MEM"><imc name="BINOP" value="ADD"><imc name="BINOP" value="ADD"><imc name="TEMP" value="22"/><imc name="CONST" value="-80"/></imc><imc name="BINOP" value="MUL"><imc name="MEM"><imc name="BINOP" value="ADD"><imc name="TEMP" value="22"/><imc name="CONST" value="-88"/></imc></imc><imc name="CONST" value="8"/></imc></imc></imc><imc name="CONST" value="0"/></imc><imc name="MOVE"><imc name="MEM"><imc name="BINOP" value="ADD"><imc name="TEMP" value="22"/><imc name="CONST" value="-88"/></imc></imc><imc name="BINOP" value="ADD"><imc name="MEM"><imc name="BINOP" value="ADD"><imc name="TEMP" value="22"/><imc name="CONST" value="-88"/></imc></imc><imc name="CONST" value="1"/></imc></imc></imc><imc name="JUMP" value="L50"/><imc name="LABEL" value="L52"/></imc><imc name="MOVE"><imc name="MEM"><imc name="BINOP" value="ADD"><imc name="TEMP" value="22"/><imc name="CONST" value="-88"/></imc></imc><imc name="CONST" value="0"/></imc><imc name="STMTS"><imc name="LABEL" value="L58"/><imc name="CJUMP" value="L59:L60"><imc name="BINOP" value="LTH"><imc name="MEM"><imc name="BINOP" value="ADD"><imc name="TEMP" value="22"/><imc name="CONST" value="-88"/></imc></imc><imc name="CONST" value="9"/></imc></imc><imc name="LABEL" value="L59"/><imc name="STMTS"><imc name="STMTS"><imc name="CJUMP" value="L56:L57"><imc name="BINOP" value="NEQ"><imc name="MEM"><imc name="BINOP" value="ADD"><imc name="BINOP" value="ADD"><imc name="MEM"><imc name="BINOP" value="ADD"><imc name="MEM"><imc name="TEMP" value="22"/></imc><imc name="CONST" value="8"/></imc></imc><imc name="BINOP" value="MUL"><imc name="MEM"><imc name="BINOP" value="ADD"><imc name="TEMP" value="22"/><imc name="CONST" value="8"/></imc></imc><imc name="CONST" value="72"/></imc></imc><imc name="BINOP" value="MUL"><imc name="MEM"><imc name="BINOP" value="ADD"><imc name="TEMP" value="22"/><imc name="CONST" value="-88"/></imc></imc><imc name="CONST" value="8"/></imc></imc></imc><imc name="CONST" value="0"/></imc></imc><imc name="LABEL" value="L56"/><imc name="STMTS"><imc name="STMTS"><imc name="CJUMP" value="L53:L54"><imc name="MEM"><imc name="BINOP" value="ADD"><imc name="BINOP" value="ADD"><imc name="TEMP" value="22"/><imc name="CONST" value="-80"/></imc><imc name="BINOP" value="MUL"><imc name="MEM"><imc name="BINOP" value="ADD"><imc name="BINOP" value="ADD"><imc name="MEM"><imc name="BINOP" value="ADD"><imc name="MEM"><imc name="TEMP" value="22"/></imc><imc name="CONST" value="8"/></imc></imc><imc name="BINOP" value="MUL"><imc name="MEM"><imc name="BINOP" value="ADD"><imc name="TEMP" value="22"/><imc name="CONST" value="8"/></imc></imc><imc name="CONST" value="72"/></imc></imc><imc name="BINOP" value="MUL"><imc name="MEM"><imc name="BINOP" value="ADD"><imc name="TEMP" value="22"/><imc name="CONST" value="-88"/></imc></imc><imc name="CONST" value="8"/></imc></imc></imc><imc name="CONST" value="8"/></imc></imc></imc></imc><imc name="LABEL" value="L53"/><imc name="STMTS"><imc name="MOVE"><imc name="MEM"><imc name="BINOP" value="ADD"><imc name="TEMP" value="22"/><imc name="CONST" value="-96"/></imc></imc><imc name="CONST" value="0"/></imc></imc><imc name="JUMP" value="L55"/><imc name="LABEL" value="L54"/><imc name="STMTS"><imc name="MOVE"><imc name="MEM"><imc name="BINOP" value="ADD"><imc name="BINOP" value="ADD"><imc name="TEMP" value="22"/><imc name="CONST" value="-80"/></imc><imc name="BINOP" value="MUL"><imc name="MEM"><imc name="BINOP" value="ADD"><imc name="BINOP" value="ADD"><imc name="MEM"><imc name="BINOP" value="ADD"><imc name="MEM"><imc name="TEMP" value="22"/></imc><imc name="CONST" value="8"/></imc></imc><imc name="BINOP" value="MUL"><imc name="MEM"><imc name="BINOP" value="ADD"><imc name="TEMP" value="22"/><imc name="CONST" value="8"/></imc></imc><imc name="CONST" value="72"/></imc></imc><imc name="BINOP" value="MUL"><imc name="MEM"><imc name="BINOP" value="ADD"><imc name="TEMP" value="22"/><imc name="CONST" value="-88"/></imc></imc><imc name="CONST" value="8"/></imc></imc></imc><imc name="CONST" value="8"/></imc></imc></imc><imc name="CONST" value="1"/></imc></imc><imc name="LABEL" value="L55"/></imc></imc><imc name="LABEL" value="L57"/></imc><imc name="MOVE"><imc name="MEM"><imc name="BINOP" value="ADD"><imc name="TEMP" value="22"/><imc name="CONST" value="-88"/></imc></imc><imc name="BINOP" value="ADD"><imc name="MEM"><imc name="BINOP" value="ADD"><imc name="TEMP" value="22"/><imc name="CONST" value="-88"/></imc></imc><imc name="CONST" value="1"/></imc></imc></imc><imc name="JUMP" value="L58"/><imc name="LABEL" value="L60"/></imc></imc><imc name="MEM"><imc name="BINOP" value="ADD"><imc name="TEMP" value="22"/><imc name="CONST" value="-96"/></imc></imc></imc></node><location loc="122.7--140.12"/><frame FP="T22" RV="T23" argssize="0" depth="2" label="L1" locssize="96" size="112"/></node><node label="FunDef" lexeme="check_v"><node label="ParDecls"><node label="ParDecl" lexeme="i"><node label="AtomType" spec="INT"><location loc="141.21--141.23"/></node><location loc="141.19--141.23"/><access depth="2" offset="8" size="8"/></node><location loc="141.19--141.23"/></node><node label="AtomType" spec="BOOL"><location loc="141.26--141.29"/></node><node label="BlockExpr"><node label="Decls"><node label="VarDecl" lexeme="mask"><node label="ArrType"><node label="AtomExpr" lexeme="10" spec="INT"><location loc="156.26--156.27"/></node><node label="AtomType" spec="BOOL"><location loc="156.30--156.33"/></node><location loc="156.22--156.33"/><type label="ARR(10)" len="10"><type label="BOOL"/></type></node><location loc="156.13--156.34"/><access depth="2" offset="-80" size="80"/></node><node label="VarDecl" lexeme="j"><node label="AtomType" spec="INT"><location loc="157.19--157.21"/></node><location loc="157.13--157.22"/><access depth="2" offset="-88" size="8"/></node><node label="VarDecl" lexeme="check"><node label="AtomType" spec="BOOL"><location loc="158.23--158.26"/></node><location loc="158.13--158.27"/><access depth="2" offset="-96" size="8"/></node><location loc="156.13--158.27"/></node><node label="Stmts"><node label="AssignStmt"><node label="VarName" lexeme="check"><location loc="142.13--142.17"/><declaredAt location="158.13--158.27"/><imc name="BINOP" value="ADD"><imc name="TEMP" value="24"/><imc name="CONST" value="-96"/></imc></node><node label="AtomExpr" lexeme="true" spec="BOOL"><location loc="142.19--142.22"/><type label="BOOL"/><imc name="CONST" value="1"/></node><location loc="142.13--142.22"/><imc name="MOVE"><imc name="MEM"><imc name="BINOP" value="ADD"><imc name="TEMP" value="24"/><imc name="CONST" value="-96"/></imc></imc><imc name="CONST" value="1"/></imc></node><node label="AssignStmt"><node label="VarName" lexeme="j"><location loc="143.13--143.13"/><declaredAt location="157.13--157.22"/><imc name="BINOP" value="ADD"><imc name="TEMP" value="24"/><imc name="CONST" value="-88"/></imc></node><node label="AtomExpr" lexeme="1" spec="INT"><location loc="143.15--143.15"/><type label="INT"/><imc name="CONST" value="1"/></node><location loc="143.13--143.15"/><imc name="MOVE"><imc name="MEM"><imc name="BINOP" value="ADD"><imc name="TEMP" value="24"/><imc name="CONST" value="-88"/></imc></imc><imc name="CONST" value="1"/></imc></node><node label="WhileStmt"><node label="BinExpr" spec="LEQ"><node label="VarName" lexeme="j"><location loc="143.24--143.24"/><declaredAt location="157.13--157.22"/><imc name="MEM"><imc name="BINOP" value="ADD"><imc name="TEMP" value="24"/><imc name="CONST" value="-88"/></imc></imc></node><node label="AtomExpr" lexeme="9" spec="INT"><location loc="143.27--143.27"/><type label="INT"/><imc name="CONST" value="9"/></node><location loc="143.24--143.27"/><type label="BOOL"/><imc name="BINOP" value="LEQ"><imc name="MEM"><imc name="BINOP" value="ADD"><imc name="TEMP" value="24"/><imc name="CONST" value="-88"/></imc></imc><imc name="CONST" value="9"/></imc></node><node label="Stmts"><node label="AssignStmt"><node label="ArrExpr"><node label="VarName" lexeme="mask"><location loc="143.32--143.35"/><declaredAt location="156.13--156.34"/><imc name="BINOP" value="ADD"><imc name="TEMP" value="24"/><imc name="CONST" value="-80"/></imc></node><node label="VarName" lexeme="j"><location loc="143.37--143.37"/><declaredAt location="157.13--157.22"/><imc name="MEM"><imc name="BINOP" value="ADD"><imc name="TEMP" value="24"/><imc name="CONST" value="-88"/></imc></imc></node><location loc="143.32--143.38"/><type label="BOOL"/><addr/><imc name="BINOP" value="ADD"><imc name="BINOP" value="ADD"><imc name="TEMP" value="24"/><imc name="CONST" value="-80"/></imc><imc name="BINOP" value="MUL"><imc name="MEM"><imc name="BINOP" value="ADD"><imc name="TEMP" value="24"/><imc name="CONST" value="-88"/></imc></imc><imc name="CONST" value="8"/></imc></imc></node><node label="AtomExpr" lexeme="false" spec="BOOL"><location loc="143.40--143.44"/><type label="BOOL"/><imc name="CONST" value="0"/></node><location loc="143.32--143.44"/><imc name="MOVE"><imc name="MEM"><imc name="BINOP" value="ADD"><imc name="BINOP" value="ADD"><imc name="TEMP" value="24"/><imc name="CONST" value="-80"/></imc><imc name="BINOP" value="MUL"><imc name="MEM"><imc name="BINOP" value="ADD"><imc name="TEMP" value="24"/><imc name="CONST" value="-88"/></imc></imc><imc name="CONST" value="8"/></imc></imc></imc><imc name="CONST" value="0"/></imc></node><node label="AssignStmt"><node label="VarName" lexeme="j"><location loc="143.47--143.47"/><declaredAt location="157.13--157.22"/><imc name="BINOP" value="ADD"><imc name="TEMP" value="24"/><imc name="CONST" value="-88"/></imc></node><node label="BinExpr" spec="ADD"><node label="VarName" lexeme="j"><location loc="143.49--143.49"/><declaredAt location="157.13--157.22"/><imc name="MEM"><imc name="BINOP" value="ADD"><imc name="TEMP" value="24"/><imc name="CONST" value="-88"/></imc></imc></node><node label="AtomExpr" lexeme="1" spec="INT"><location loc="143.51--143.51"/><type label="INT"/><imc name="CONST" value="1"/></node><location loc="143.49--143.51"/><type label="INT"/><imc name="BINOP" value="ADD"><imc name="MEM"><imc name="BINOP" value="ADD"><imc name="TEMP" value="24"/><imc name="CONST" value="-88"/></imc></imc><imc name="CONST" value="1"/></imc></node><location loc="143.47--143.51"/><imc name="MOVE"><imc name="MEM"><imc name="BINOP" value="ADD"><imc name="TEMP" value="24"/><imc name="CONST" value="-88"/></imc></imc><imc name="BINOP" value="ADD"><imc name="MEM"><imc name="BINOP" value="ADD"><imc name="TEMP" value="24"/><imc name="CONST" value="-88"/></imc></imc><imc name="CONST" value="1"/></imc></imc></node><location loc="143.32--143.51"/></node><location loc="143.18--143.56"/><imc name="STMTS"><imc name="LABEL" value="L61"/><imc name="CJUMP" value="L62:L63"><imc name="BINOP" value="LEQ"><imc name="MEM"><imc name="BINOP" value="ADD"><imc name="TEMP" value="24"/><imc name="CONST" value="-88"/></imc></imc><imc name="CONST" value="9"/></imc></imc><imc name="LABEL" value="L62"/><imc name="STMTS"><imc name="MOVE"><imc name="MEM"><imc name="BINOP" value="ADD"><imc name="BINOP" value="ADD"><imc name="TEMP" value="24"/><imc name="CONST" value="-80"/></imc><imc name="BINOP" value="MUL"><imc name="MEM"><imc name="BINOP" value="ADD"><imc name="TEMP" value="24"/><imc name="CONST" value="-88"/></imc></imc><imc name="CONST" value="8"/></imc></imc></imc><imc name="CONST" value="0"/></imc><imc name="MOVE"><imc name="MEM"><imc name="BINOP" value="ADD"><imc name="TEMP" value="24"/><imc name="CONST" value="-88"/></imc></imc><imc name="BINOP" value="ADD"><imc name="MEM"><imc name="BINOP" value="ADD"><imc name="TEMP" value="24"/><imc name="CONST" value="-88"/></imc></imc><imc name="CONST" value="1"/></imc></imc></imc><imc name="JUMP" value="L61"/><imc name="LABEL" value="L63"/></imc></node><node label="AssignStmt"><node label="VarName" lexeme="j"><location loc="144.13--144.13"/><declaredAt location="157.13--157.22"/><imc name="BINOP" value="ADD"><imc name="TEMP" value="24"/><imc name="CONST" value="-88"/></imc></node><node label="AtomExpr" lexeme="0" spec="INT"><location loc="144.15--144.15"/><type label="INT"/><imc name="CONST" value="0"/></node><location loc="144.13--144.15"/><imc name="MOVE"><imc name="MEM"><imc name="BINOP" value="ADD"><imc name="TEMP" value="24"/><imc name="CONST" value="-88"/></imc></imc><imc name="CONST" value="0"/></imc></node><node label="WhileStmt"><node label="BinExpr" spec="LTH"><node label="VarName" lexeme="j"><location loc="145.19--145.19"/><declaredAt location="157.13--157.22"/><imc name="MEM"><imc name="BINOP" value="ADD"><imc name="TEMP" value="24"/><imc name="CONST" value="-88"/></imc></imc></node><node label="AtomExpr" lexeme="9" spec="INT"><location loc="145.21--145.21"/><type label="INT"/><imc name="CONST" value="9"/></node><location loc="145.19--145.21"/><type label="BOOL"/><imc name="BINOP" value="LTH"><imc name="MEM"><imc name="BINOP" value="ADD"><imc name="TEMP" value="24"/><imc name="CONST" value="-88"/></imc></imc><imc name="CONST" value="9"/></imc></node><node label="Stmts"><node label="IfStmt"><node label="BinExpr" spec="NEQ"><node label="ArrExpr"><node label="ArrExpr"><node label="UnExpr" spec="DATA"><node label="VarName" lexeme="t2d"><location loc="146.20--146.22"/><declaredAt location="117.12--117.36"/><type label="PTR"><type label="ARR(9)" len="9"><type label="ARR(9)" len="9"><type label="INT"/></type></type></type><imc name="MEM"><imc name="BINOP" value="ADD"><imc name="MEM"><imc name="TEMP" value="24"/></imc><imc name="CONST" value="8"/></imc></imc></node><location loc="146.19--146.22"/><type label="ARR(9)" len="9"><type label="ARR(9)" len="9"><type label="INT"/></type></type><addr/><imc name="BINOP" value="ADD"><imc name="MEM"><imc name="TEMP" value="24"/></imc><imc name="CONST" value="8"/></imc></node><node label="VarName" lexeme="j"><location loc="146.25--146.25"/><declaredAt location="157.13--157.22"/><imc name="MEM"><imc name="BINOP" value="ADD"><imc name="TEMP" value="24"/><imc name="CONST" value="-88"/></imc></imc></node><location loc="146.19--146.26"/><type label="ARR(9)" len="9"><type label="INT"/></type><addr/><imc name="BINOP" value="ADD"><imc name="MEM"><imc name="BINOP" value="ADD"><imc name="MEM"><imc name="TEMP" value="24"/></imc><imc name="CONST" value="8"/></imc></imc><imc name="BINOP" value="MUL"><imc name="MEM"><imc name="BINOP" value="ADD"><imc name="TEMP" value="24"/><imc name="CONST" value="-88"/></imc></imc><imc name="CONST" value="72"/></imc></imc></node><node label="VarName" lexeme="i"><location loc="146.28--146.28"/><declaredAt location="141.19--141.23"/><imc name="MEM"><imc name="BINOP" value="ADD"><imc name="TEMP" value="24"/><imc name="CONST" value="8"/></imc></imc></node><location loc="146.19--146.29"/><type label="INT"/><addr/><imc name="MEM"><imc name="BINOP" value="ADD"><imc name="BINOP" value="ADD"><imc name="MEM"><imc name="BINOP" value="ADD"><imc name="MEM"><imc name="TEMP" value="24"/></imc><imc name="CONST" value="8"/></imc></imc><imc name="BINOP" value="MUL"><imc name="MEM"><imc name="BINOP" value="ADD"><imc name="TEMP" value="24"/><imc name="CONST" value="-88"/></imc></imc><imc name="CONST" value="72"/></imc></imc><imc name="BINOP" value="MUL"><imc name="MEM"><imc name="BINOP" value="ADD"><imc name="TEMP" value="24"/><imc name="CONST" value="8"/></imc></imc><imc name="CONST" value="8"/></imc></imc></imc></node><node label="AtomExpr" lexeme="0" spec="INT"><location loc="146.32--146.32"/><type label="INT"/><imc name="CONST" value="0"/></node><location loc="146.19--146.32"/><type label="BOOL"/><imc name="BINOP" value="NEQ"><imc name="MEM"><imc name="BINOP" value="ADD"><imc name="BINOP" value="ADD"><imc name="MEM"><imc name="BINOP" value="ADD"><imc name="MEM"><imc name="TEMP" value="24"/></imc><imc name="CONST" value="8"/></imc></imc><imc name="BINOP" value="MUL"><imc name="MEM"><imc name="BINOP" value="ADD"><imc name="TEMP" value="24"/><imc name="CONST" value="-88"/></imc></imc><imc name="CONST" value="72"/></imc></imc><imc name="BINOP" value="MUL"><imc name="MEM"><imc name="BINOP" value="ADD"><imc name="TEMP" value="24"/><imc name="CONST" value="8"/></imc></imc><imc name="CONST" value="8"/></imc></imc></imc><imc name="CONST" value="0"/></imc></node><node label="Stmts"><node label="IfStmt"><node label="ArrExpr"><node label="VarName" lexeme="mask"><location loc="147.20--147.23"/><declaredAt location="156.13--156.34"/><imc name="BINOP" value="ADD"><imc name="TEMP" value="24"/><imc name="CONST" value="-80"/></imc></node><node label="ArrExpr"><node label="ArrExpr"><node label="UnExpr" spec="DATA"><node label="VarName" lexeme="t2d"><location loc="147.27--147.29"/><declaredAt location="117.12--117.36"/><type label="PTR"><type label="ARR(9)" len="9"><type label="ARR(9)" len="9"><type label="INT"/></type></type></type><imc name="MEM"><imc name="BINOP" value="ADD"><imc name="MEM"><imc name="TEMP" value="24"/></imc><imc name="CONST" value="8"/></imc></imc></node><location loc="147.26--147.29"/><type label="ARR(9)" len="9"><type label="ARR(9)" len="9"><type label="INT"/></type></type><addr/><imc name="BINOP" value="ADD"><imc name="MEM"><imc name="TEMP" value="24"/></imc><imc name="CONST" value="8"/></imc></node><node label="VarName" lexeme="j"><location loc="147.32--147.32"/><declaredAt location="157.13--157.22"/><imc name="MEM"><imc name="BINOP" value="ADD"><imc name="TEMP" value="24"/><imc name="CONST" value="-88"/></imc></imc></node><location loc="147.26--147.33"/><type label="ARR(9)" len="9"><type label="INT"/></type><addr/><imc name="BINOP" value="ADD"><imc name="MEM"><imc name="BINOP" value="ADD"><imc name="MEM"><imc name="TEMP" value="24"/></imc><imc name="CONST" value="8"/></imc></imc><imc name="BINOP" value="MUL"><imc name="MEM"><imc name="BINOP" value="ADD"><imc name="TEMP" value="24"/><imc name="CONST" value="-88"/></imc></imc><imc name="CONST" value="72"/></imc></imc></node><node label="VarName" lexeme="i"><location loc="147.35--147.35"/><declaredAt location="141.19--141.23"/><imc name="MEM"><imc name="BINOP" value="ADD"><imc name="TEMP" value="24"/><imc name="CONST" value="8"/></imc></imc></node><location loc="147.26--147.36"/><type label="INT"/><addr/><imc name="MEM"><imc name="BINOP" value="ADD"><imc name="BINOP" value="ADD"><imc name="MEM"><imc name="BINOP" value="ADD"><imc name="MEM"><imc name="TEMP" value="24"/></imc><imc name="CONST" value="8"/></imc></imc><imc name="BINOP" value="MUL"><imc name="MEM"><imc name="BINOP" value="ADD"><imc name="TEMP" value="24"/><imc name="CONST" value="-88"/></imc></imc><imc name="CONST" value="72"/></imc></imc><imc name="BINOP" value="MUL"><imc name="MEM"><imc name="BINOP" value="ADD"><imc name="TEMP" value="24"/><imc name="CONST" value="8"/></imc></imc><imc name="CONST" value="8"/></imc></imc></imc></node><location loc="147.20--147.37"/><type label="BOOL"/><addr/><imc name="MEM"><imc name="BINOP" value="ADD"><imc name="BINOP" value="ADD"><imc name="TEMP" value="24"/><imc name="CONST" value="-80"/></imc><imc name="BINOP" value="MUL"><imc name="MEM"><imc name="BINOP" value="ADD"><imc name="BINOP" value="ADD"><imc name="MEM"><imc name="BINOP" value="ADD"><imc name="MEM"><imc name="TEMP" value="24"/></imc><imc name="CONST" value="8"/></imc></imc><imc name="BINOP" value="MUL"><imc name="MEM"><imc name="BINOP" value="ADD"><imc name="TEMP" value="24"/><imc name="CONST" value="-88"/></imc></imc><imc name="CONST" value="72"/></imc></imc><imc name="BINOP" value="MUL"><imc name="MEM"><imc name="BINOP" value="ADD"><imc name="TEMP" value="24"/><imc name="CONST" value="8"/></imc></imc><imc name="CONST" value="8"/></imc></imc></imc><imc name="CONST" value="8"/></imc></imc></imc></node><node label="Stmts"><node label="AssignStmt"><node label="VarName" lexeme="check"><location loc="148.24--148.28"/><declaredAt location="158.13--158.27"/><imc name="BINOP" value="ADD"><imc name="TEMP" value="24"/><imc name="CONST" value="-96"/></imc></node><node label="AtomExpr" lexeme="false" spec="BOOL"><location loc="148.30--148.34"/><type label="BOOL"/><imc name="CONST" value="0"/></node><location loc="148.24--148.34"/><imc name="MOVE"><imc name="MEM"><imc name="BINOP" value="ADD"><imc name="TEMP" value="24"/><imc name="CONST" value="-96"/></imc></imc><imc name="CONST" value="0"/></imc></node><location loc="148.24--148.34"/></node><node label="Stmts"><node label="AssignStmt"><node label="ArrExpr"><node label="VarName" lexeme="mask"><location loc="149.24--149.27"/><declaredAt location="156.13--156.34"/><imc name="BINOP" value="ADD"><imc name="TEMP" value="24"/><imc name="CONST" value="-80"/></imc></node><node label="ArrExpr"><node label="ArrExpr"><node label="UnExpr" spec="DATA"><node label="VarName" lexeme="t2d"><location loc="149.31--149.33"/><declaredAt location="117.12--117.36"/><type label="PTR"><type label="ARR(9)" len="9"><type label="ARR(9)" len="9"><type label="INT"/></type></type></type><imc name="MEM"><imc name="BINOP" value="ADD"><imc name="MEM"><imc name="TEMP" value="24"/></imc><imc name="CONST" value="8"/></imc></imc></node><location loc="149.30--149.33"/><type label="ARR(9)" len="9"><type label="ARR(9)" len="9"><type label="INT"/></type></type><addr/><imc name="BINOP" value="ADD"><imc name="MEM"><imc name="TEMP" value="24"/></imc><imc name="CONST" value="8"/></imc></node><node label="VarName" lexeme="j"><location loc="149.36--149.36"/><declaredAt location="157.13--157.22"/><imc name="MEM"><imc name="BINOP" value="ADD"><imc name="TEMP" value="24"/><imc name="CONST" value="-88"/></imc></imc></node><location loc="149.30--149.37"/><type label="ARR(9)" len="9"><type label="INT"/></type><addr/><imc name="BINOP" value="ADD"><imc name="MEM"><imc name="BINOP" value="ADD"><imc name="MEM"><imc name="TEMP" value="24"/></imc><imc name="CONST" value="8"/></imc></imc><imc name="BINOP" value="MUL"><imc name="MEM"><imc name="BINOP" value="ADD"><imc name="TEMP" value="24"/><imc name="CONST" value="-88"/></imc></imc><imc name="CONST" value="72"/></imc></imc></node><node label="VarName" lexeme="i"><location loc="149.39--149.39"/><declaredAt location="141.19--141.23"/><imc name="MEM"><imc name="BINOP" value="ADD"><imc name="TEMP" value="24"/><imc name="CONST" value="8"/></imc></imc></node><location loc="149.30--149.40"/><type label="INT"/><addr/><imc name="MEM"><imc name="BINOP" value="ADD"><imc name="BINOP" value="ADD"><imc name="MEM"><imc name="BINOP" value="ADD"><imc name="MEM"><imc name="TEMP" value="24"/></imc><imc name="CONST" value="8"/></imc></imc><imc name="BINOP" value="MUL"><imc name="MEM"><imc name="BINOP" value="ADD"><imc name="TEMP" value="24"/><imc name="CONST" value="-88"/></imc></imc><imc name="CONST" value="72"/></imc></imc><imc name="BINOP" value="MUL"><imc name="MEM"><imc name="BINOP" value="ADD"><imc name="TEMP" value="24"/><imc name="CONST" value="8"/></imc></imc><imc name="CONST" value="8"/></imc></imc></imc></node><location loc="149.24--149.41"/><type label="BOOL"/><addr/><imc name="BINOP" value="ADD"><imc name="BINOP" value="ADD"><imc name="TEMP" value="24"/><imc name="CONST" value="-80"/></imc><imc name="BINOP" value="MUL"><imc name="MEM"><imc name="BINOP" value="ADD"><imc name="BINOP" value="ADD"><imc name="MEM"><imc name="BINOP" value="ADD"><imc name="MEM"><imc name="TEMP" value="24"/></imc><imc name="CONST" value="8"/></imc></imc><imc name="BINOP" value="MUL"><imc name="MEM"><imc name="BINOP" value="ADD"><imc name="TEMP" value="24"/><imc name="CONST" value="-88"/></imc></imc><imc name="CONST" value="72"/></imc></imc><imc name="BINOP" value="MUL"><imc name="MEM"><imc name="BINOP" value="ADD"><imc name="TEMP" value="24"/><imc name="CONST" value="8"/></imc></imc><imc name="CONST" value="8"/></imc></imc></imc><imc name="CONST" value="8"/></imc></imc></node><node label="AtomExpr" lexeme="true" spec="BOOL"><location loc="149.43--149.46"/><type label="BOOL"/><imc name="CONST" value="1"/></node><location loc="149.24--149.46"/><imc name="MOVE"><imc name="MEM"><imc name="BINOP" value="ADD"><imc name="BINOP" value="ADD"><imc name="TEMP" value="24"/><imc name="CONST" value="-80"/></imc><imc name="BINOP" value="MUL"><imc name="MEM"><imc name="BINOP" value="ADD"><imc name="BINOP" value="ADD"><imc name="MEM"><imc name="BINOP" value="ADD"><imc name="MEM"><imc name="TEMP" value="24"/></imc><imc name="CONST" value="8"/></imc></imc><imc name="BINOP" value="MUL"><imc name="MEM"><imc name="BINOP" value="ADD"><imc name="TEMP" value="24"/><imc name="CONST" value="-88"/></imc></imc><imc name="CONST" value="72"/></imc></imc><imc name="BINOP" value="MUL"><imc name="MEM"><imc name="BINOP" value="ADD"><imc name="TEMP" value="24"/><imc name="CONST" value="8"/></imc></imc><imc name="CONST" value="8"/></imc></imc></imc><imc name="CONST" value="8"/></imc></imc></imc><imc name="CONST" value="1"/></imc></node><location loc="149.24--149.46"/></node><location loc="147.17--150.19"/><imc name="STMTS"><imc name="CJUMP" value="L64:L65"><imc name="MEM"><imc name="BINOP" value="ADD"><imc name="BINOP" value="ADD"><imc name="TEMP" value="24"/><imc name="CONST" value="-80"/></imc><imc name="BINOP" value="MUL"><imc name="MEM"><imc name="BINOP" value="ADD"><imc name="BINOP" value="ADD"><imc name="MEM"><imc name="BINOP" value="ADD"><imc name="MEM"><imc name="TEMP" value="24"/></imc><imc name="CONST" value="8"/></imc></imc><imc name="BINOP" value="MUL"><imc name="MEM"><imc name="BINOP" value="ADD"><imc name="TEMP" value="24"/><imc name="CONST" value="-88"/></imc></imc><imc name="CONST" value="72"/></imc></imc><imc name="BINOP" value="MUL"><imc name="MEM"><imc name="BINOP" value="ADD"><imc name="TEMP" value="24"/><imc name="CONST" value="8"/></imc></imc><imc name="CONST" value="8"/></imc></imc></imc><imc name="CONST" value="8"/></imc></imc></imc></imc><imc name="LABEL" value="L64"/><imc name="STMTS"><imc name="MOVE"><imc name="MEM"><imc name="BINOP" value="ADD"><imc name="TEMP" value="24"/><imc name="CONST" value="-96"/></imc></imc><imc name="CONST" value="0"/></imc></imc><imc name="JUMP" value="L66"/><imc name="LABEL" value="L65"/><imc name="STMTS"><imc name="MOVE"><imc name="MEM"><imc name="BINOP" value="ADD"><imc name="BINOP" value="ADD"><imc name="TEMP" value="24"/><imc name="CONST" value="-80"/></imc><imc name="BINOP" value="MUL"><imc name="MEM"><imc name="BINOP" value="ADD"><imc name="BINOP" value="ADD"><imc name="MEM"><imc name="BINOP" value="ADD"><imc name="MEM"><imc name="TEMP" value="24"/></imc><imc name="CONST" value="8"/></imc></imc><imc name="BINOP" value="MUL"><imc name="MEM"><imc name="BINOP" value="ADD"><imc name="TEMP" value="24"/><imc name="CONST" value="-88"/></imc></imc><imc name="CONST" value="72"/></imc></imc><imc name="BINOP" value="MUL"><imc name="MEM"><imc name="BINOP" value="ADD"><imc name="TEMP" value="24"/><imc name="CONST" value="8"/></imc></imc><imc name="CONST" value="8"/></imc></imc></imc><imc name="CONST" value="8"/></imc></imc></imc><imc name="CONST" value="1"/></imc></imc><imc name="LABEL" value="L66"/></imc></node><location loc="147.17--150.19"/></node><node label="Stmts"><location loc="0.0--0.0"/></node><location loc="146.15--151.17"/><imc name="STMTS"><imc name="CJUMP" value="L67:L68"><imc name="BINOP" value="NEQ"><imc name="MEM"><imc name="BINOP" value="ADD"><imc name="BINOP" value="ADD"><imc name="MEM"><imc name="BINOP" value="ADD"><imc name="MEM"><imc name="TEMP" value="24"/></imc><imc name="CONST" value="8"/></imc></imc><imc name="BINOP" value="MUL"><imc name="MEM"><imc name="BINOP" value="ADD"><imc name="TEMP" value="24"/><imc name="CONST" value="-88"/></imc></imc><imc name="CONST" value="72"/></imc></imc><imc name="BINOP" value="MUL"><imc name="MEM"><imc name="BINOP" value="ADD"><imc name="TEMP" value="24"/><imc name="CONST" value="8"/></imc></imc><imc name="CONST" value="8"/></imc></imc></imc><imc name="CONST" value="0"/></imc></imc><imc name="LABEL" value="L67"/><imc name="STMTS"><imc name="STMTS"><imc name="CJUMP" value="L64:L65"><imc name="MEM"><imc name="BINOP" value="ADD"><imc name="BINOP" value="ADD"><imc name="TEMP" value="24"/><imc name="CONST" value="-80"/></imc><imc name="BINOP" value="MUL"><imc name="MEM"><imc name="BINOP" value="ADD"><imc name="BINOP" value="ADD"><imc name="MEM"><imc name="BINOP" value="ADD"><imc name="MEM"><imc name="TEMP" value="24"/></imc><imc name="CONST" value="8"/></imc></imc><imc name="BINOP" value="MUL"><imc name="MEM"><imc name="BINOP" value="ADD"><imc name="TEMP" value="24"/><imc name="CONST" value="-88"/></imc></imc><imc name="CONST" value="72"/></imc></imc><imc name="BINOP" value="MUL"><imc name="MEM"><imc name="BINOP" value="ADD"><imc name="TEMP" value="24"/><imc name="CONST" value="8"/></imc></imc><imc name="CONST" value="8"/></imc></imc></imc><imc name="CONST" value="8"/></imc></imc></imc></imc><imc name="LABEL" value="L64"/><imc name="STMTS"><imc name="MOVE"><imc name="MEM"><imc name="BINOP" value="ADD"><imc name="TEMP" value="24"/><imc name="CONST" value="-96"/></imc></imc><imc name="CONST" value="0"/></imc></imc><imc name="JUMP" value="L66"/><imc name="LABEL" value="L65"/><imc name="STMTS"><imc name="MOVE"><imc name="MEM"><imc name="BINOP" value="ADD"><imc name="BINOP" value="ADD"><imc name="TEMP" value="24"/><imc name="CONST" value="-80"/></imc><imc name="BINOP" value="MUL"><imc name="MEM"><imc name="BINOP" value="ADD"><imc name="BINOP" value="ADD"><imc name="MEM"><imc name="BINOP" value="ADD"><imc name="MEM"><imc name="TEMP" value="24"/></imc><imc name="CONST" value="8"/></imc></imc><imc name="BINOP" value="MUL"><imc name="MEM"><imc name="BINOP" value="ADD"><imc name="TEMP" value="24"/><imc name="CONST" value="-88"/></imc></imc><imc name="CONST" value="72"/></imc></imc><imc name="BINOP" value="MUL"><imc name="MEM"><imc name="BINOP" value="ADD"><imc name="TEMP" value="24"/><imc name="CONST" value="8"/></imc></imc><imc name="CONST" value="8"/></imc></imc></imc><imc name="CONST" value="8"/></imc></imc></imc><imc name="CONST" value="1"/></imc></imc><imc name="LABEL" value="L66"/></imc></imc><imc name="LABEL" value="L68"/></imc></node><node label="AssignStmt"><node label="VarName" lexeme="j"><location loc="152.15--152.15"/><declaredAt location="157.13--157.22"/><imc name="BINOP" value="ADD"><imc name="TEMP" value="24"/><imc name="CONST" value="-88"/></imc></node><node label="BinExpr" spec="ADD"><node label="VarName" lexeme="j"><location loc="152.17--152.17"/><declaredAt location="157.13--157.22"/><imc name="MEM"><imc name="BINOP" value="ADD"><imc name="TEMP" value="24"/><imc name="CONST" value="-88"/></imc></imc></node><node label="AtomExpr" lexeme="1" spec="INT"><location loc="152.19--152.19"/><type label="INT"/><imc name="CONST" value="1"/></node><location loc="152.17--152.19"/><type label="INT"/><imc name="BINOP" value="ADD"><imc name="MEM"><imc name="BINOP" value="ADD"><imc name="TEMP" value="24"/><imc name="CONST" value="-88"/></imc></imc><imc name="CONST" value="1"/></imc></node><location loc="152.15--152.19"/><imc name="MOVE"><imc name="MEM"><imc name="BINOP" value="ADD"><imc name="TEMP" value="24"/><imc name="CONST" value="-88"/></imc></imc><imc name="BINOP" value="ADD"><imc name="MEM"><imc name="BINOP" value="ADD"><imc name="TEMP" value="24"/><imc name="CONST" value="-88"/></imc></imc><imc name="CONST" value="1"/></imc></imc></node><location loc="146.15--152.19"/></node><location loc="145.13--153.15"/><imc name="STMTS"><imc name="LABEL" value="L69"/><imc name="CJUMP" value="L70:L71"><imc name="BINOP" value="LTH"><imc name="MEM"><imc name="BINOP" value="ADD"><imc name="TEMP" value="24"/><imc name="CONST" value="-88"/></imc></imc><imc name="CONST" value="9"/></imc></imc><imc name="LABEL" value="L70"/><imc name="STMTS"><imc name="STMTS"><imc name="CJUMP" value="L67:L68"><imc name="BINOP" value="NEQ"><imc name="MEM"><imc name="BINOP" value="ADD"><imc name="BINOP" value="ADD"><imc name="MEM"><imc name="BINOP" value="ADD"><imc name="MEM"><imc name="TEMP" value="24"/></imc><imc name="CONST" value="8"/></imc></imc><imc name="BINOP" value="MUL"><imc name="MEM"><imc name="BINOP" value="ADD"><imc name="TEMP" value="24"/><imc name="CONST" value="-88"/></imc></imc><imc name="CONST" value="72"/></imc></imc><imc name="BINOP" value="MUL"><imc name="MEM"><imc name="BINOP" value="ADD"><imc name="TEMP" value="24"/><imc name="CONST" value="8"/></imc></imc><imc name="CONST" value="8"/></imc></imc></imc><imc name="CONST" value="0"/></imc></imc><imc name="LABEL" value="L67"/><imc name="STMTS"><imc name="STMTS"><imc name="CJUMP" value="L64:L65"><imc name="MEM"><imc name="BINOP" value="ADD"><imc name="BINOP" value="ADD"><imc name="TEMP" value="24"/><imc name="CONST" value="-80"/></imc><imc name="BINOP" value="MUL"><imc name="MEM"><imc name="BINOP" value="ADD"><imc name="BINOP" value="ADD"><imc name="MEM"><imc name="BINOP" value="ADD"><imc name="MEM"><imc name="TEMP" value="24"/></imc><imc name="CONST" value="8"/></imc></imc><imc name="BINOP" value="MUL"><imc name="MEM"><imc name="BINOP" value="ADD"><imc name="TEMP" value="24"/><imc name="CONST" value="-88"/></imc></imc><imc name="CONST" value="72"/></imc></imc><imc name="BINOP" value="MUL"><imc name="MEM"><imc name="BINOP" value="ADD"><imc name="TEMP" value="24"/><imc name="CONST" value="8"/></imc></imc><imc name="CONST" value="8"/></imc></imc></imc><imc name="CONST" value="8"/></imc></imc></imc></imc><imc name="LABEL" value="L64"/><imc name="STMTS"><imc name="MOVE"><imc name="MEM"><imc name="BINOP" value="ADD"><imc name="TEMP" value="24"/><imc name="CONST" value="-96"/></imc></imc><imc name="CONST" value="0"/></imc></imc><imc name="JUMP" value="L66"/><imc name="LABEL" value="L65"/><imc name="STMTS"><imc name="MOVE"><imc name="MEM"><imc name="BINOP" value="ADD"><imc name="BINOP" value="ADD"><imc name="TEMP" value="24"/><imc name="CONST" value="-80"/></imc><imc name="BINOP" value="MUL"><imc name="MEM"><imc name="BINOP" value="ADD"><imc name="BINOP" value="ADD"><imc name="MEM"><imc name="BINOP" value="ADD"><imc name="MEM"><imc name="TEMP" value="24"/></imc><imc name="CONST" value="8"/></imc></imc><imc name="BINOP" value="MUL"><imc name="MEM"><imc name="BINOP" value="ADD"><imc name="TEMP" value="24"/><imc name="CONST" value="-88"/></imc></imc><imc name="CONST" value="72"/></imc></imc><imc name="BINOP" value="MUL"><imc name="MEM"><imc name="BINOP" value="ADD"><imc name="TEMP" value="24"/><imc name="CONST" value="8"/></imc></imc><imc name="CONST" value="8"/></imc></imc></imc><imc name="CONST" value="8"/></imc></imc></imc><imc name="CONST" value="1"/></imc></imc><imc name="LABEL" value="L66"/></imc></imc><imc name="LABEL" value="L68"/></imc><imc name="MOVE"><imc name="MEM"><imc name="BINOP" value="ADD"><imc name="TEMP" value="24"/><imc name="CONST" value="-88"/></imc></imc><imc name="BINOP" value="ADD"><imc name="MEM"><imc name="BINOP" value="ADD"><imc name="TEMP" value="24"/><imc name="CONST" value="-88"/></imc></imc><imc name="CONST" value="1"/></imc></imc></imc><imc name="JUMP" value="L69"/><imc name="LABEL" value="L71"/></imc></node><location loc="142.13--153.15"/></node><node label="VarName" lexeme="check"><location loc="154.13--154.17"/><declaredAt location="158.13--158.27"/><imc name="MEM"><imc name="BINOP" value="ADD"><imc name="TEMP" value="24"/><imc name="CONST" value="-96"/></imc></imc></node><location loc="142.13--158.27"/><type label="BOOL"/><imc name="SEXPR"><imc name="STMTS"><imc name="MOVE"><imc name="MEM"><imc name="BINOP" value="ADD"><imc name="TEMP" value="24"/><imc name="CONST" value="-96"/></imc></imc><imc name="CONST" value="1"/></imc><imc name="MOVE"><imc name="MEM"><imc name="BINOP" value="ADD"><imc name="TEMP" value="24"/><imc name="CONST" value="-88"/></imc></imc><imc name="CONST" value="1"/></imc><imc name="STMTS"><imc name="LABEL" value="L61"/><imc name="CJUMP" value="L62:L63"><imc name="BINOP" value="LEQ"><imc name="MEM"><imc name="BINOP" value="ADD"><imc name="TEMP" value="24"/><imc name="CONST" value="-88"/></imc></imc><imc name="CONST" value="9"/></imc></imc><imc name="LABEL" value="L62"/><imc name="STMTS"><imc name="MOVE"><imc name="MEM"><imc name="BINOP" value="ADD"><imc name="BINOP" value="ADD"><imc name="TEMP" value="24"/><imc name="CONST" value="-80"/></imc><imc name="BINOP" value="MUL"><imc name="MEM"><imc name="BINOP" value="ADD"><imc name="TEMP" value="24"/><imc name="CONST" value="-88"/></imc></imc><imc name="CONST" value="8"/></imc></imc></imc><imc name="CONST" value="0"/></imc><imc name="MOVE"><imc name="MEM"><imc name="BINOP" value="ADD"><imc name="TEMP" value="24"/><imc name="CONST" value="-88"/></imc></imc><imc name="BINOP" value="ADD"><imc name="MEM"><imc name="BINOP" value="ADD"><imc name="TEMP" value="24"/><imc name="CONST" value="-88"/></imc></imc><imc name="CONST" value="1"/></imc></imc></imc><imc name="JUMP" value="L61"/><imc name="LABEL" value="L63"/></imc><imc name="MOVE"><imc name="MEM"><imc name="BINOP" value="ADD"><imc name="TEMP" value="24"/><imc name="CONST" value="-88"/></imc></imc><imc name="CONST" value="0"/></imc><imc name="STMTS"><imc name="LABEL" value="L69"/><imc name="CJUMP" value="L70:L71"><imc name="BINOP" value="LTH"><imc name="MEM"><imc name="BINOP" value="ADD"><imc name="TEMP" value="24"/><imc name="CONST" value="-88"/></imc></imc><imc name="CONST" value="9"/></imc></imc><imc name="LABEL" value="L70"/><imc name="STMTS"><imc name="STMTS"><imc name="CJUMP" value="L67:L68"><imc name="BINOP" value="NEQ"><imc name="MEM"><imc name="BINOP" value="ADD"><imc name="BINOP" value="ADD"><imc name="MEM"><imc name="BINOP" value="ADD"><imc name="MEM"><imc name="TEMP" value="24"/></imc><imc name="CONST" value="8"/></imc></imc><imc name="BINOP" value="MUL"><imc name="MEM"><imc name="BINOP" value="ADD"><imc name="TEMP" value="24"/><imc name="CONST" value="-88"/></imc></imc><imc name="CONST" value="72"/></imc></imc><imc name="BINOP" value="MUL"><imc name="MEM"><imc name="BINOP" value="ADD"><imc name="TEMP" value="24"/><imc name="CONST" value="8"/></imc></imc><imc name="CONST" value="8"/></imc></imc></imc><imc name="CONST" value="0"/></imc></imc><imc name="LABEL" value="L67"/><imc name="STMTS"><imc name="STMTS"><imc name="CJUMP" value="L64:L65"><imc name="MEM"><imc name="BINOP" value="ADD"><imc name="BINOP" value="ADD"><imc name="TEMP" value="24"/><imc name="CONST" value="-80"/></imc><imc name="BINOP" value="MUL"><imc name="MEM"><imc name="BINOP" value="ADD"><imc name="BINOP" value="ADD"><imc name="MEM"><imc name="BINOP" value="ADD"><imc name="MEM"><imc name="TEMP" value="24"/></imc><imc name="CONST" value="8"/></imc></imc><imc name="BINOP" value="MUL"><imc name="MEM"><imc name="BINOP" value="ADD"><imc name="TEMP" value="24"/><imc name="CONST" value="-88"/></imc></imc><imc name="CONST" value="72"/></imc></imc><imc name="BINOP" value="MUL"><imc name="MEM"><imc name="BINOP" value="ADD"><imc name="TEMP" value="24"/><imc name="CONST" value="8"/></imc></imc><imc name="CONST" value="8"/></imc></imc></imc><imc name="CONST" value="8"/></imc></imc></imc></imc><imc name="LABEL" value="L64"/><imc name="STMTS"><imc name="MOVE"><imc name="MEM"><imc name="BINOP" value="ADD"><imc name="TEMP" value="24"/><imc name="CONST" value="-96"/></imc></imc><imc name="CONST" value="0"/></imc></imc><imc name="JUMP" value="L66"/><imc name="LABEL" value="L65"/><imc name="STMTS"><imc name="MOVE"><imc name="MEM"><imc name="BINOP" value="ADD"><imc name="BINOP" value="ADD"><imc name="TEMP" value="24"/><imc name="CONST" value="-80"/></imc><imc name="BINOP" value="MUL"><imc name="MEM"><imc name="BINOP" value="ADD"><imc name="BINOP" value="ADD"><imc name="MEM"><imc name="BINOP" value="ADD"><imc name="MEM"><imc name="TEMP" value="24"/></imc><imc name="CONST" value="8"/></imc></imc><imc name="BINOP" value="MUL"><imc name="MEM"><imc name="BINOP" value="ADD"><imc name="TEMP" value="24"/><imc name="CONST" value="-88"/></imc></imc><imc name="CONST" value="72"/></imc></imc><imc name="BINOP" value="MUL"><imc name="MEM"><imc name="BINOP" value="ADD"><imc name="TEMP" value="24"/><imc name="CONST" value="8"/></imc></imc><imc name="CONST" value="8"/></imc></imc></imc><imc name="CONST" value="8"/></imc></imc></imc><imc name="CONST" value="1"/></imc></imc><imc name="LABEL" value="L66"/></imc></imc><imc name="LABEL" value="L68"/></imc><imc name="MOVE"><imc name="MEM"><imc name="BINOP" value="ADD"><imc name="TEMP" value="24"/><imc name="CONST" value="-88"/></imc></imc><imc name="BINOP" value="ADD"><imc name="MEM"><imc name="BINOP" value="ADD"><imc name="TEMP" value="24"/><imc name="CONST" value="-88"/></imc></imc><imc name="CONST" value="1"/></imc></imc></imc><imc name="JUMP" value="L69"/><imc name="LABEL" value="L71"/></imc></imc><imc name="MEM"><imc name="BINOP" value="ADD"><imc name="TEMP" value="24"/><imc name="CONST" value="-96"/></imc></imc></imc></node><location loc="141.7--159.12"/><frame FP="T24" RV="T25" argssize="0" depth="2" label="L2" locssize="96" size="112"/></node><node label="FunDef" lexeme="check_q"><node label="ParDecls"><node label="ParDecl" lexeme="i"><node label="AtomType" spec="INT"><location loc="160.21--160.23"/></node><location loc="160.19--160.23"/><access depth="2" offset="8" size="8"/></node><node label="ParDecl" lexeme="j"><node label="AtomType" spec="INT"><location loc="160.27--160.29"/></node><location loc="160.25--160.29"/><access depth="2" offset="16" size="8"/></node><location loc="160.19--160.29"/></node><node label="AtomType" spec="BOOL"><location loc="160.32--160.35"/></node><node label="BlockExpr"><node label="Decls"><node label="VarDecl" lexeme="mask"><node label="ArrType"><node label="AtomExpr" lexeme="10" spec="INT"><location loc="179.26--179.27"/></node><node label="AtomType" spec="BOOL"><location loc="179.30--179.33"/></node><location loc="179.22--179.33"/><type label="ARR(10)" len="10"><type label="BOOL"/></type></node><location loc="179.13--179.34"/><access depth="2" offset="-80" size="80"/></node><node label="VarDecl" lexeme="ii"><node label="AtomType" spec="INT"><location loc="180.20--180.22"/></node><location loc="180.13--180.23"/><access depth="2" offset="-88" size="8"/></node><node label="VarDecl" lexeme="jj"><node label="AtomType" spec="INT"><location loc="181.20--181.22"/></node><location loc="181.13--181.23"/><access depth="2" offset="-96" size="8"/></node><node label="VarDecl" lexeme="k"><node label="AtomType" spec="INT"><location loc="182.19--182.21"/></node><location loc="182.13--182.22"/><access depth="2" offset="-104" size="8"/></node><node label="VarDecl" lexeme="check"><node label="AtomType" spec="BOOL"><location loc="183.23--183.26"/></node><location loc="183.13--183.27"/><access depth="2" offset="-112" size="8"/></node><location loc="179.13--183.27"/></node><node label="Stmts"><node label="AssignStmt"><node label="VarName" lexeme="check"><location loc="161.13--161.17"/><declaredAt location="183.13--183.27"/><imc name="BINOP" value="ADD"><imc name="TEMP" value="26"/><imc name="CONST" value="-112"/></imc></node><node label="AtomExpr" lexeme="true" spec="BOOL"><location loc="161.19--161.22"/><type label="BOOL"/><imc name="CONST" value="1"/></node><location loc="161.13--161.22"/><imc name="MOVE"><imc name="MEM"><imc name="BINOP" value="ADD"><imc name="TEMP" value="26"/><imc name="CONST" value="-112"/></imc></imc><imc name="CONST" value="1"/></imc></node><node label="AssignStmt"><node label="VarName" lexeme="k"><location loc="162.13--162.13"/><declaredAt location="182.13--182.22"/><imc name="BINOP" value="ADD"><imc name="TEMP" value="26"/><imc name="CONST" value="-104"/></imc></node><node label="AtomExpr" lexeme="1" spec="INT"><location loc="162.15--162.15"/><type label="INT"/><imc name="CONST" value="1"/></node><location loc="162.13--162.15"/><imc name="MOVE"><imc name="MEM"><imc name="BINOP" value="ADD"><imc name="TEMP" value="26"/><imc name="CONST" value="-104"/></imc></imc><imc name="CONST" value="1"/></imc></node><node label="WhileStmt"><node label="BinExpr" spec="LEQ"><node label="VarName" lexeme="k"><location loc="162.24--162.24"/><declaredAt location="182.13--182.22"/><imc name="MEM"><imc name="BINOP" value="ADD"><imc name="TEMP" value="26"/><imc name="CONST" value="-104"/></imc></imc></node><node label="AtomExpr" lexeme="9" spec="INT"><location loc="162.27--162.27"/><type label="INT"/><imc name="CONST" value="9"/></node><location loc="162.24--162.27"/><type label="BOOL"/><imc name="BINOP" value="LEQ"><imc name="MEM"><imc name="BINOP" value="ADD"><imc name="TEMP" value="26"/><imc name="CONST" value="-104"/></imc></imc><imc name="CONST" value="9"/></imc></node><node label="Stmts"><node label="AssignStmt"><node label="ArrExpr"><node label="VarName" lexeme="mask"><location loc="162.32--162.35"/><declaredAt location="179.13--179.34"/><imc name="BINOP" value="ADD"><imc name="TEMP" value="26"/><imc name="CONST" value="-80"/></imc></node><node label="VarName" lexeme="k"><location loc="162.37--162.37"/><declaredAt location="182.13--182.22"/><imc name="MEM"><imc name="BINOP" value="ADD"><imc name="TEMP" value="26"/><imc name="CONST" value="-104"/></imc></imc></node><location loc="162.32--162.38"/><type label="BOOL"/><addr/><imc name="BINOP" value="ADD"><imc name="BINOP" value="ADD"><imc name="TEMP" value="26"/><imc name="CONST" value="-80"/></imc><imc name="BINOP" value="MUL"><imc name="MEM"><imc name="BINOP" value="ADD"><imc name="TEMP" value="26"/><imc name="CONST" value="-104"/></imc></imc><imc name="CONST" value="8"/></imc></imc></node><node label="AtomExpr" lexeme="false" spec="BOOL"><location loc="162.40--162.44"/><type label="BOOL"/><imc name="CONST" value="0"/></node><location loc="162.32--162.44"/><imc name="MOVE"><imc name="MEM"><imc name="BINOP" value="ADD"><imc name="BINOP" value="ADD"><imc name="TEMP" value="26"/><imc name="CONST" value="-80"/></imc><imc name="BINOP" value="MUL"><imc name="MEM"><imc name="BINOP" value="ADD"><imc name="TEMP" value="26"/><imc name="CONST" value="-104"/></imc></imc><imc name="CONST" value="8"/></imc></imc></imc><imc name="CONST" value="0"/></imc></node><node label="AssignStmt"><node label="VarName" lexeme="k"><location loc="162.47--162.47"/><declaredAt location="182.13--182.22"/><imc name="BINOP" value="ADD"><imc name="TEMP" value="26"/><imc name="CONST" value="-104"/></imc></node><node label="BinExpr" spec="ADD"><node label="VarName" lexeme="k"><location loc="162.49--162.49"/><declaredAt location="182.13--182.22"/><imc name="MEM"><imc name="BINOP" value="ADD"><imc name="TEMP" value="26"/><imc name="CONST" value="-104"/></imc></imc></node><node label="AtomExpr" lexeme="1" spec="INT"><location loc="162.51--162.51"/><type label="INT"/><imc name="CONST" value="1"/></node><location loc="162.49--162.51"/><type label="INT"/><imc name="BINOP" value="ADD"><imc name="MEM"><imc name="BINOP" value="ADD"><imc name="TEMP" value="26"/><imc name="CONST" value="-104"/></imc></imc><imc name="CONST" value="1"/></imc></node><location loc="162.47--162.51"/><imc name="MOVE"><imc name="MEM"><imc name="BINOP" value="ADD"><imc name="TEMP" value="26"/><imc name="CONST" value="-104"/></imc></imc><imc name="BINOP" value="ADD"><imc name="MEM"><imc name="BINOP" value="ADD"><imc name="TEMP" value="26"/><imc name="CONST" value="-104"/></imc></imc><imc name="CONST" value="1"/></imc></imc></node><location loc="162.32--162.51"/></node><location loc="162.18--162.56"/><imc name="STMTS"><imc name="LABEL" value="L72"/><imc name="CJUMP" value="L73:L74"><imc name="BINOP" value="LEQ"><imc name="MEM"><imc name="BINOP" value="ADD"><imc name="TEMP" value="26"/><imc name="CONST" value="-104"/></imc></imc><imc name="CONST" value="9"/></imc></imc><imc name="LABEL" value="L73"/><imc name="STMTS"><imc name="MOVE"><imc name="MEM"><imc name="BINOP" value="ADD"><imc name="BINOP" value="ADD"><imc name="TEMP" value="26"/><imc name="CONST" value="-80"/></imc><imc name="BINOP" value="MUL"><imc name="MEM"><imc name="BINOP" value="ADD"><imc name="TEMP" value="26"/><imc name="CONST" value="-104"/></imc></imc><imc name="CONST" value="8"/></imc></imc></imc><imc name="CONST" value="0"/></imc><imc name="MOVE"><imc name="MEM"><imc name="BINOP" value="ADD"><imc name="TEMP" value="26"/><imc name="CONST" value="-104"/></imc></imc><imc name="BINOP" value="ADD"><imc name="MEM"><imc name="BINOP" value="ADD"><imc name="TEMP" value="26"/><imc name="CONST" value="-104"/></imc></imc><imc name="CONST" value="1"/></imc></imc></imc><imc name="JUMP" value="L72"/><imc name="LABEL" value="L74"/></imc></node><node label="AssignStmt"><node label="VarName" lexeme="jj"><location loc="163.13--163.14"/><declaredAt location="181.13--181.23"/><imc name="BINOP" value="ADD"><imc name="TEMP" value="26"/><imc name="CONST" value="-96"/></imc></node><node label="AtomExpr" lexeme="0" spec="INT"><location loc="163.16--163.16"/><type label="INT"/><imc name="CONST" value="0"/></node><location loc="163.13--163.16"/><imc name="MOVE"><imc name="MEM"><imc name="BINOP" value="ADD"><imc name="TEMP" value="26"/><imc name="CONST" value="-96"/></imc></imc><imc name="CONST" value="0"/></imc></node><node label="WhileStmt"><node label="BinExpr" spec="LTH"><node label="VarName" lexeme="jj"><location loc="164.19--164.20"/><declaredAt location="181.13--181.23"/><imc name="MEM"><imc name="BINOP" value="ADD"><imc name="TEMP" value="26"/><imc name="CONST" value="-96"/></imc></imc></node><node label="AtomExpr" lexeme="3" spec="INT"><location loc="164.22--164.22"/><type label="INT"/><imc name="CONST" value="3"/></node><location loc="164.19--164.22"/><type label="BOOL"/><imc name="BINOP" value="LTH"><imc name="MEM"><imc name="BINOP" value="ADD"><imc name="TEMP" value="26"/><imc name="CONST" value="-96"/></imc></imc><imc name="CONST" value="3"/></imc></node><node label="Stmts"><node label="AssignStmt"><node label="VarName" lexeme="ii"><location loc="165.15--165.16"/><declaredAt location="180.13--180.23"/><imc name="BINOP" value="ADD"><imc name="TEMP" value="26"/><imc name="CONST" value="-88"/></imc></node><node label="AtomExpr" lexeme="0" spec="INT"><location loc="165.18--165.18"/><type label="INT"/><imc name="CONST" value="0"/></node><location loc="165.15--165.18"/><imc name="MOVE"><imc name="MEM"><imc name="BINOP" value="ADD"><imc name="TEMP" value="26"/><imc name="CONST" value="-88"/></imc></imc><imc name="CONST" value="0"/></imc></node><node label="WhileStmt"><node label="BinExpr" spec="LTH"><node label="VarName" lexeme="ii"><location loc="166.21--166.22"/><declaredAt location="180.13--180.23"/><imc name="MEM"><imc name="BINOP" value="ADD"><imc name="TEMP" value="26"/><imc name="CONST" value="-88"/></imc></imc></node><node label="AtomExpr" lexeme="3" spec="INT"><location loc="166.24--166.24"/><type label="INT"/><imc name="CONST" value="3"/></node><location loc="166.21--166.24"/><type label="BOOL"/><imc name="BINOP" value="LTH"><imc name="MEM"><imc name="BINOP" value="ADD"><imc name="TEMP" value="26"/><imc name="CONST" value="-88"/></imc></imc><imc name="CONST" value="3"/></imc></node><node label="Stmts"><node label="IfStmt"><node label="BinExpr" spec="NEQ"><node label="ArrExpr"><node label="ArrExpr"><node label="UnExpr" spec="DATA"><node label="VarName" lexeme="t2d"><location loc="167.22--167.24"/><declaredAt location="117.12--117.36"/><type label="PTR"><type label="ARR(9)" len="9"><type label="ARR(9)" len="9"><type label="INT"/></type></type></type><imc name="MEM"><imc name="BINOP" value="ADD"><imc name="MEM"><imc name="TEMP" value="26"/></imc><imc name="CONST" value="8"/></imc></imc></node><location loc="167.21--167.24"/><type label="ARR(9)" len="9"><type label="ARR(9)" len="9"><type label="INT"/></type></type><addr/><imc name="BINOP" value="ADD"><imc name="MEM"><imc name="TEMP" value="26"/></imc><imc name="CONST" value="8"/></imc></node><node label="BinExpr" spec="ADD"><node label="BinExpr" spec="MUL"><node label="VarName" lexeme="j"><location loc="167.27--167.27"/><declaredAt location="160.25--160.29"/><imc name="MEM"><imc name="BINOP" value="ADD"><imc name="TEMP" value="26"/><imc name="CONST" value="16"/></imc></imc></node><node label="AtomExpr" lexeme="3" spec="INT"><location loc="167.29--167.29"/><type label="INT"/><imc name="CONST" value="3"/></node><location loc="167.27--167.29"/><type label="INT"/><imc name="BINOP" value="MUL"><imc name="MEM"><imc name="BINOP" value="ADD"><imc name="TEMP" value="26"/><imc name="CONST" value="16"/></imc></imc><imc name="CONST" value="3"/></imc></node><node label="VarName" lexeme="jj"><location loc="167.31--167.32"/><declaredAt location="181.13--181.23"/><imc name="MEM"><imc name="BINOP" value="ADD"><imc name="TEMP" value="26"/><imc name="CONST" value="-96"/></imc></imc></node><location loc="167.27--167.32"/><type label="INT"/><imc name="BINOP" value="ADD"><imc name="BINOP" value="MUL"><imc name="MEM"><imc name="BINOP" value="ADD"><imc name="TEMP" value="26"/><imc name="CONST" value="16"/></imc></imc><imc name="CONST" value="3"/></imc><imc name="MEM"><imc name="BINOP" value="ADD"><imc name="TEMP" value="26"/><imc name="CONST" value="-96"/></imc></imc></imc></node><location loc="167.21--167.33"/><type label="ARR(9)" len="9"><type label="INT"/></type><addr/><imc name="BINOP" value="ADD"><imc name="MEM"><imc name="BINOP" value="ADD"><imc name="MEM"><imc name="TEMP" value="26"/></imc><imc name="CONST" value="8"/></imc></imc><imc name="BINOP" value="MUL"><imc name="BINOP" value="ADD"><imc name="BINOP" value="MUL"><imc name="MEM"><imc name="BINOP" value="ADD"><imc name="TEMP" value="26"/><imc name="CONST" value="16"/></imc></imc><imc name="CONST" value="3"/></imc><imc name="MEM"><imc name="BINOP" value="ADD"><imc name="TEMP" value="26"/><imc name="CONST" value="-96"/></imc></imc></imc><imc name="CONST" value="72"/></imc></imc></node><node label="BinExpr" spec="ADD"><node label="BinExpr" spec="MUL"><node label="VarName" lexeme="i"><location loc="167.35--167.35"/><declaredAt location="160.19--160.23"/><imc name="MEM"><imc name="BINOP" value="ADD"><imc name="TEMP" value="26"/><imc name="CONST" value="8"/></imc></imc></node><node label="AtomExpr" lexeme="3" spec="INT"><location loc="167.37--167.37"/><type label="INT"/><imc name="CONST" value="3"/></node><location loc="167.35--167.37"/><type label="INT"/><imc name="BINOP" value="MUL"><imc name="MEM"><imc name="BINOP" value="ADD"><imc name="TEMP" value="26"/><imc name="CONST" value="8"/></imc></imc><imc name="CONST" value="3"/></imc></node><node label="VarName" lexeme="ii"><location loc="167.39--167.40"/><declaredAt location="180.13--180.23"/><imc name="MEM"><imc name="BINOP" value="ADD"><imc name="TEMP" value="26"/><imc name="CONST" value="-88"/></imc></imc></node><location loc="167.35--167.40"/><type label="INT"/><imc name="BINOP" value="ADD"><imc name="BINOP" value="MUL"><imc name="MEM"><imc name="BINOP" value="ADD"><imc name="TEMP" value="26"/><imc name="CONST" value="8"/></imc></imc><imc name="CONST" value="3"/></imc><imc name="MEM"><imc name="BINOP" value="ADD"><imc name="TEMP" value="26"/><imc name="CONST" value="-88"/></imc></imc></imc></node><location loc="167.21--167.41"/><type label="INT"/><addr/><imc name="MEM"><imc name="BINOP" value="ADD"><imc name="BINOP" value="ADD"><imc name="MEM"><imc name="BINOP" value="ADD"><imc name="MEM"><imc name="TEMP" value="26"/></imc><imc name="CONST" value="8"/></imc></imc><imc name="BINOP" value="MUL"><imc name="BINOP" value="ADD"><imc name="BINOP" value="MUL"><imc name="MEM"><imc name="BINOP" value="ADD"><imc name="TEMP" value="26"/><imc name="CONST" value="16"/></imc></imc><imc name="CONST" value="3"/></imc><imc name="MEM"><imc name="BINOP" value="ADD"><imc name="TEMP" value="26"/><imc name="CONST" value="-96"/></imc></imc></imc><imc name="CONST" value="72"/></imc></imc><imc name="BINOP" value="MUL"><imc name="BINOP" value="ADD"><imc name="BINOP" value="MUL"><imc name="MEM"><imc name="BINOP" value="ADD"><imc name="TEMP" value="26"/><imc name="CONST" value="8"/></imc></imc><imc name="CONST" value="3"/></imc><imc name="MEM"><imc name="BINOP" value="ADD"><imc name="TEMP" value="26"/><imc name="CONST" value="-88"/></imc></imc></imc><imc name="CONST" value="8"/></imc></imc></imc></node><node label="AtomExpr" lexeme="0" spec="INT"><location loc="167.44--167.44"/><type label="INT"/><imc name="CONST" value="0"/></node><location loc="167.21--167.44"/><type label="BOOL"/><imc name="BINOP" value="NEQ"><imc name="MEM"><imc name="BINOP" value="ADD"><imc name="BINOP" value="ADD"><imc name="MEM"><imc name="BINOP" value="ADD"><imc name="MEM"><imc name="TEMP" value="26"/></imc><imc name="CONST" value="8"/></imc></imc><imc name="BINOP" value="MUL"><imc name="BINOP" value="ADD"><imc name="BINOP" value="MUL"><imc name="MEM"><imc name="BINOP" value="ADD"><imc name="TEMP" value="26"/><imc name="CONST" value="16"/></imc></imc><imc name="CONST" value="3"/></imc><imc name="MEM"><imc name="BINOP" value="ADD"><imc name="TEMP" value="26"/><imc name="CONST" value="-96"/></imc></imc></imc><imc name="CONST" value="72"/></imc></imc><imc name="BINOP" value="MUL"><imc name="BINOP" value="ADD"><imc name="BINOP" value="MUL"><imc name="MEM"><imc name="BINOP" value="ADD"><imc name="TEMP" value="26"/><imc name="CONST" value="8"/></imc></imc><imc name="CONST" value="3"/></imc><imc name="MEM"><imc name="BINOP" value="ADD"><imc name="TEMP" value="26"/><imc name="CONST" value="-88"/></imc></imc></imc><imc name="CONST" value="8"/></imc></imc></imc><imc name="CONST" value="0"/></imc></node><node label="Stmts"><node label="IfStmt"><node label="ArrExpr"><node label="VarName" lexeme="mask"><location loc="168.22--168.25"/><declaredAt location="179.13--179.34"/><imc name="BINOP" value="ADD"><imc name="TEMP" value="26"/><imc name="CONST" value="-80"/></imc></node><node label="ArrExpr"><node label="ArrExpr"><node label="UnExpr" spec="DATA"><node label="VarName" lexeme="t2d"><location loc="168.29--168.31"/><declaredAt location="117.12--117.36"/><type label="PTR"><type label="ARR(9)" len="9"><type label="ARR(9)" len="9"><type label="INT"/></type></type></type><imc name="MEM"><imc name="BINOP" value="ADD"><imc name="MEM"><imc name="TEMP" value="26"/></imc><imc name="CONST" value="8"/></imc></imc></node><location loc="168.28--168.31"/><type label="ARR(9)" len="9"><type label="ARR(9)" len="9"><type label="INT"/></type></type><addr/><imc name="BINOP" value="ADD"><imc name="MEM"><imc name="TEMP" value="26"/></imc><imc name="CONST" value="8"/></imc></node><node label="BinExpr" spec="ADD"><node label="BinExpr" spec="MUL"><node label="VarName" lexeme="j"><location loc="168.34--168.34"/><declaredAt location="160.25--160.29"/><imc name="MEM"><imc name="BINOP" value="ADD"><imc name="TEMP" value="26"/><imc name="CONST" value="16"/></imc></imc></node><node label="AtomExpr" lexeme="3" spec="INT"><location loc="168.36--168.36"/><type label="INT"/><imc name="CONST" value="3"/></node><location loc="168.34--168.36"/><type label="INT"/><imc name="BINOP" value="MUL"><imc name="MEM"><imc name="BINOP" value="ADD"><imc name="TEMP" value="26"/><imc name="CONST" value="16"/></imc></imc><imc name="CONST" value="3"/></imc></node><node label="VarName" lexeme="jj"><location loc="168.38--168.39"/><declaredAt location="181.13--181.23"/><imc name="MEM"><imc name="BINOP" value="ADD"><imc name="TEMP" value="26"/><imc name="CONST" value="-96"/></imc></imc></node><location loc="168.34--168.39"/><type label="INT"/><imc name="BINOP" value="ADD"><imc name="BINOP" value="MUL"><imc name="MEM"><imc name="BINOP" value="ADD"><imc name="TEMP" value="26"/><imc name="CONST" value="16"/></imc></imc><imc name="CONST" value="3"/></imc><imc name="MEM"><imc name="BINOP" value="ADD"><imc name="TEMP" value="26"/><imc name="CONST" value="-96"/></imc></imc></imc></node><location loc="168.28--168.40"/><type label="ARR(9)" len="9"><type label="INT"/></type><addr/><imc name="BINOP" value="ADD"><imc name="MEM"><imc name="BINOP" value="ADD"><imc name="MEM"><imc name="TEMP" value="26"/></imc><imc name="CONST" value="8"/></imc></imc><imc name="BINOP" value="MUL"><imc name="BINOP" value="ADD"><imc name="BINOP" value="MUL"><imc name="MEM"><imc name="BINOP" value="ADD"><imc name="TEMP" value="26"/><imc name="CONST" value="16"/></imc></imc><imc name="CONST" value="3"/></imc><imc name="MEM"><imc name="BINOP" value="ADD"><imc name="TEMP" value="26"/><imc name="CONST" value="-96"/></imc></imc></imc><imc name="CONST" value="72"/></imc></imc></node><node label="BinExpr" spec="ADD"><node label="BinExpr" spec="MUL"><node label="VarName" lexeme="i"><location loc="168.42--168.42"/><declaredAt location="160.19--160.23"/><imc name="MEM"><imc name="BINOP" value="ADD"><imc name="TEMP" value="26"/><imc name="CONST" value="8"/></imc></imc></node><node label="AtomExpr" lexeme="3" spec="INT"><location loc="168.44--168.44"/><type label="INT"/><imc name="CONST" value="3"/></node><location loc="168.42--168.44"/><type label="INT"/><imc name="BINOP" value="MUL"><imc name="MEM"><imc name="BINOP" value="ADD"><imc name="TEMP" value="26"/><imc name="CONST" value="8"/></imc></imc><imc name="CONST" value="3"/></imc></node><node label="VarName" lexeme="ii"><location loc="168.46--168.47"/><declaredAt location="180.13--180.23"/><imc name="MEM"><imc name="BINOP" value="ADD"><imc name="TEMP" value="26"/><imc name="CONST" value="-88"/></imc></imc></node><location loc="168.42--168.47"/><type label="INT"/><imc name="BINOP" value="ADD"><imc name="BINOP" value="MUL"><imc name="MEM"><imc name="BINOP" value="ADD"><imc name="TEMP" value="26"/><imc name="CONST" value="8"/></imc></imc><imc name="CONST" value="3"/></imc><imc name="MEM"><imc name="BINOP" value="ADD"><imc name="TEMP" value="26"/><imc name="CONST" value="-88"/></imc></imc></imc></node><location loc="168.28--168.48"/><type label="INT"/><addr/><imc name="MEM"><imc name="BINOP" value="ADD"><imc name="BINOP" value="ADD"><imc name="MEM"><imc name="BINOP" value="ADD"><imc name="MEM"><imc name="TEMP" value="26"/></imc><imc name="CONST" value="8"/></imc></imc><imc name="BINOP" value="MUL"><imc name="BINOP" value="ADD"><imc name="BINOP" value="MUL"><imc name="MEM"><imc name="BINOP" value="ADD"><imc name="TEMP" value="26"/><imc name="CONST" value="16"/></imc></imc><imc name="CONST" value="3"/></imc><imc name="MEM"><imc name="BINOP" value="ADD"><imc name="TEMP" value="26"/><imc name="CONST" value="-96"/></imc></imc></imc><imc name="CONST" value="72"/></imc></imc><imc name="BINOP" value="MUL"><imc name="BINOP" value="ADD"><imc name="BINOP" value="MUL"><imc name="MEM"><imc name="BINOP" value="ADD"><imc name="TEMP" value="26"/><imc name="CONST" value="8"/></imc></imc><imc name="CONST" value="3"/></imc><imc name="MEM"><imc name="BINOP" value="ADD"><imc name="TEMP" value="26"/><imc name="CONST" value="-88"/></imc></imc></imc><imc name="CONST" value="8"/></imc></imc></imc></node><location loc="168.22--168.49"/><type label="BOOL"/><addr/><imc name="MEM"><imc name="BINOP" value="ADD"><imc name="BINOP" value="ADD"><imc name="TEMP" value="26"/><imc name="CONST" value="-80"/></imc><imc name="BINOP" value="MUL"><imc name="MEM"><imc name="BINOP" value="ADD"><imc name="BINOP" value="ADD"><imc name="MEM"><imc name="BINOP" value="ADD"><imc name="MEM"><imc name="TEMP" value="26"/></imc><imc name="CONST" value="8"/></imc></imc><imc name="BINOP" value="MUL"><imc name="BINOP" value="ADD"><imc name="BINOP" value="MUL"><imc name="MEM"><imc name="BINOP" value="ADD"><imc name="TEMP" value="26"/><imc name="CONST" value="16"/></imc></imc><imc name="CONST" value="3"/></imc><imc name="MEM"><imc name="BINOP" value="ADD"><imc name="TEMP" value="26"/><imc name="CONST" value="-96"/></imc></imc></imc><imc name="CONST" value="72"/></imc></imc><imc name="BINOP" value="MUL"><imc name="BINOP" value="ADD"><imc name="BINOP" value="MUL"><imc name="MEM"><imc name="BINOP" value="ADD"><imc name="TEMP" value="26"/><imc name="CONST" value="8"/></imc></imc><imc name="CONST" value="3"/></imc><imc name="MEM"><imc name="BINOP" value="ADD"><imc name="TEMP" value="26"/><imc name="CONST" value="-88"/></imc></imc></imc><imc name="CONST" value="8"/></imc></imc></imc><imc name="CONST" value="8"/></imc></imc></imc></node><node label="Stmts"><node label="AssignStmt"><node label="VarName" lexeme="check"><location loc="169.26--169.30"/><declaredAt location="183.13--183.27"/><imc name="BINOP" value="ADD"><imc name="TEMP" value="26"/><imc name="CONST" value="-112"/></imc></node><node label="AtomExpr" lexeme="false" spec="BOOL"><location loc="169.32--169.36"/><type label="BOOL"/><imc name="CONST" value="0"/></node><location loc="169.26--169.36"/><imc name="MOVE"><imc name="MEM"><imc name="BINOP" value="ADD"><imc name="TEMP" value="26"/><imc name="CONST" value="-112"/></imc></imc><imc name="CONST" value="0"/></imc></node><location loc="169.26--169.36"/></node><node label="Stmts"><node label="AssignStmt"><node label="ArrExpr"><node label="VarName" lexeme="mask"><location loc="170.26--170.29"/><declaredAt location="179.13--179.34"/><imc name="BINOP" value="ADD"><imc name="TEMP" value="26"/><imc name="CONST" value="-80"/></imc></node><node label="ArrExpr"><node label="ArrExpr"><node label="UnExpr" spec="DATA"><node label="VarName" lexeme="t2d"><location loc="170.33--170.35"/><declaredAt location="117.12--117.36"/><type label="PTR"><type label="ARR(9)" len="9"><type label="ARR(9)" len="9"><type label="INT"/></type></type></type><imc name="MEM"><imc name="BINOP" value="ADD"><imc name="MEM"><imc name="TEMP" value="26"/></imc><imc name="CONST" value="8"/></imc></imc></node><location loc="170.32--170.35"/><type label="ARR(9)" len="9"><type label="ARR(9)" len="9"><type label="INT"/></type></type><addr/><imc name="BINOP" value="ADD"><imc name="MEM"><imc name="TEMP" value="26"/></imc><imc name="CONST" value="8"/></imc></node><node label="BinExpr" spec="ADD"><node label="BinExpr" spec="MUL"><node label="VarName" lexeme="j"><location loc="170.38--170.38"/><declaredAt location="160.25--160.29"/><imc name="MEM"><imc name="BINOP" value="ADD"><imc name="TEMP" value="26"/><imc name="CONST" value="16"/></imc></imc></node><node label="AtomExpr" lexeme="3" spec="INT"><location loc="170.40--170.40"/><type label="INT"/><imc name="CONST" value="3"/></node><location loc="170.38--170.40"/><type label="INT"/><imc name="BINOP" value="MUL"><imc name="MEM"><imc name="BINOP" value="ADD"><imc name="TEMP" value="26"/><imc name="CONST" value="16"/></imc></imc><imc name="CONST" value="3"/></imc></node><node label="VarName" lexeme="jj"><location loc="170.42--170.43"/><declaredAt location="181.13--181.23"/><imc name="MEM"><imc name="BINOP" value="ADD"><imc name="TEMP" value="26"/><imc name="CONST" value="-96"/></imc></imc></node><location loc="170.38--170.43"/><type label="INT"/><imc name="BINOP" value="ADD"><imc name="BINOP" value="MUL"><imc name="MEM"><imc name="BINOP" value="ADD"><imc name="TEMP" value="26"/><imc name="CONST" value="16"/></imc></imc><imc name="CONST" value="3"/></imc><imc name="MEM"><imc name="BINOP" value="ADD"><imc name="TEMP" value="26"/><imc name="CONST" value="-96"/></imc></imc></imc></node><location loc="170.32--170.44"/><type label="ARR(9)" len="9"><type label="INT"/></type><addr/><imc name="BINOP" value="ADD"><imc name="MEM"><imc name="BINOP" value="ADD"><imc name="MEM"><imc name="TEMP" value="26"/></imc><imc name="CONST" value="8"/></imc></imc><imc name="BINOP" value="MUL"><imc name="BINOP" value="ADD"><imc name="BINOP" value="MUL"><imc name="MEM"><imc name="BINOP" value="ADD"><imc name="TEMP" value="26"/><imc name="CONST" value="16"/></imc></imc><imc name="CONST" value="3"/></imc><imc name="MEM"><imc name="BINOP" value="ADD"><imc name="TEMP" value="26"/><imc name="CONST" value="-96"/></imc></imc></imc><imc name="CONST" value="72"/></imc></imc></node><node label="BinExpr" spec="ADD"><node label="BinExpr" spec="MUL"><node label="VarName" lexeme="i"><location loc="170.46--170.46"/><declaredAt location="160.19--160.23"/><imc name="MEM"><imc name="BINOP" value="ADD"><imc name="TEMP" value="26"/><imc name="CONST" value="8"/></imc></imc></node><node label="AtomExpr" lexeme="3" spec="INT"><location loc="170.48--170.48"/><type label="INT"/><imc name="CONST" value="3"/></node><location loc="170.46--170.48"/><type label="INT"/><imc name="BINOP" value="MUL"><imc name="MEM"><imc name="BINOP" value="ADD"><imc name="TEMP" value="26"/><imc name="CONST" value="8"/></imc></imc><imc name="CONST" value="3"/></imc></node><node label="VarName" lexeme="ii"><location loc="170.50--170.51"/><declaredAt location="180.13--180.23"/><imc name="MEM"><imc name="BINOP" value="ADD"><imc name="TEMP" value="26"/><imc name="CONST" value="-88"/></imc></imc></node><location loc="170.46--170.51"/><type label="INT"/><imc name="BINOP" value="ADD"><imc name="BINOP" value="MUL"><imc name="MEM"><imc name="BINOP" value="ADD"><imc name="TEMP" value="26"/><imc name="CONST" value="8"/></imc></imc><imc name="CONST" value="3"/></imc><imc name="MEM"><imc name="BINOP" value="ADD"><imc name="TEMP" value="26"/><imc name="CONST" value="-88"/></imc></imc></imc></node><location loc="170.32--170.52"/><type label="INT"/><addr/><imc name="MEM"><imc name="BINOP" value="ADD"><imc name="BINOP" value="ADD"><imc name="MEM"><imc name="BINOP" value="ADD"><imc name="MEM"><imc name="TEMP" value="26"/></imc><imc name="CONST" value="8"/></imc></imc><imc name="BINOP" value="MUL"><imc name="BINOP" value="ADD"><imc name="BINOP" value="MUL"><imc name="MEM"><imc name="BINOP" value="ADD"><imc name="TEMP" value="26"/><imc name="CONST" value="16"/></imc></imc><imc name="CONST" value="3"/></imc><imc name="MEM"><imc name="BINOP" value="ADD"><imc name="TEMP" value="26"/><imc name="CONST" value="-96"/></imc></imc></imc><imc name="CONST" value="72"/></imc></imc><imc name="BINOP" value="MUL"><imc name="BINOP" value="ADD"><imc name="BINOP" value="MUL"><imc name="MEM"><imc name="BINOP" value="ADD"><imc name="TEMP" value="26"/><imc name="CONST" value="8"/></imc></imc><imc name="CONST" value="3"/></imc><imc name="MEM"><imc name="BINOP" value="ADD"><imc name="TEMP" value="26"/><imc name="CONST" value="-88"/></imc></imc></imc><imc name="CONST" value="8"/></imc></imc></imc></node><location loc="170.26--170.53"/><type label="BOOL"/><addr/><imc name="BINOP" value="ADD"><imc name="BINOP" value="ADD"><imc name="TEMP" value="26"/><imc name="CONST" value="-80"/></imc><imc name="BINOP" value="MUL"><imc name="MEM"><imc name="BINOP" value="ADD"><imc name="BINOP" value="ADD"><imc name="MEM"><imc name="BINOP" value="ADD"><imc name="MEM"><imc name="TEMP" value="26"/></imc><imc name="CONST" value="8"/></imc></imc><imc name="BINOP" value="MUL"><imc name="BINOP" value="ADD"><imc name="BINOP" value="MUL"><imc name="MEM"><imc name="BINOP" value="ADD"><imc name="TEMP" value="26"/><imc name="CONST" value="16"/></imc></imc><imc name="CONST" value="3"/></imc><imc name="MEM"><imc name="BINOP" value="ADD"><imc name="TEMP" value="26"/><imc name="CONST" value="-96"/></imc></imc></imc><imc name="CONST" value="72"/></imc></imc><imc name="BINOP" value="MUL"><imc name="BINOP" value="ADD"><imc name="BINOP" value="MUL"><imc name="MEM"><imc name="BINOP" value="ADD"><imc name="TEMP" value="26"/><imc name="CONST" value="8"/></imc></imc><imc name="CONST" value="3"/></imc><imc name="MEM"><imc name="BINOP" value="ADD"><imc name="TEMP" value="26"/><imc name="CONST" value="-88"/></imc></imc></imc><imc name="CONST" value="8"/></imc></imc></imc><imc name="CONST" value="8"/></imc></imc></node><node label="AtomExpr" lexeme="true" spec="BOOL"><location loc="170.55--170.58"/><type label="BOOL"/><imc name="CONST" value="1"/></node><location loc="170.26--170.58"/><imc name="MOVE"><imc name="MEM"><imc name="BINOP" value="ADD"><imc name="BINOP" value="ADD"><imc name="TEMP" value="26"/><imc name="CONST" value="-80"/></imc><imc name="BINOP" value="MUL"><imc name="MEM"><imc name="BINOP" value="ADD"><imc name="BINOP" value="ADD"><imc name="MEM"><imc name="BINOP" value="ADD"><imc name="MEM"><imc name="TEMP" value="26"/></imc><imc name="CONST" value="8"/></imc></imc><imc name="BINOP" value="MUL"><imc name="BINOP" value="ADD"><imc name="BINOP" value="MUL"><imc name="MEM"><imc name="BINOP" value="ADD"><imc name="TEMP" value="26"/><imc name="CONST" value="16"/></imc></imc><imc name="CONST" value="3"/></imc><imc name="MEM"><imc name="BINOP" value="ADD"><imc name="TEMP" value="26"/><imc name="CONST" value="-96"/></imc></imc></imc><imc name="CONST" value="72"/></imc></imc><imc name="BINOP" value="MUL"><imc name="BINOP" value="ADD"><imc name="BINOP" value="MUL"><imc name="MEM"><imc name="BINOP" value="ADD"><imc name="TEMP" value="26"/><imc name="CONST" value="8"/></imc></imc><imc name="CONST" value="3"/></imc><imc name="MEM"><imc name="BINOP" value="ADD"><imc name="TEMP" value="26"/><imc name="CONST" value="-88"/></imc></imc></imc><imc name="CONST" value="8"/></imc></imc></imc><imc name="CONST" value="8"/></imc></imc></imc><imc name="CONST" value="1"/></imc></node><location loc="170.26--170.58"/></node><location loc="168.19--171.21"/><imc name="STMTS"><imc name="CJUMP" value="L75:L76"><imc name="MEM"><imc name="BINOP" value="ADD"><imc name="BINOP" value="ADD"><imc name="TEMP" value="26"/><imc name="CONST" value="-80"/></imc><imc name="BINOP" value="MUL"><imc name="MEM"><imc name="BINOP" value="ADD"><imc name="BINOP" value="ADD"><imc name="MEM"><imc name="BINOP" value="ADD"><imc name="MEM"><imc name="TEMP" value="26"/></imc><imc name="CONST" value="8"/></imc></imc><imc name="BINOP" value="MUL"><imc name="BINOP" value="ADD"><imc name="BINOP" value="MUL"><imc name="MEM"><imc name="BINOP" value="ADD"><imc name="TEMP" value="26"/><imc name="CONST" value="16"/></imc></imc><imc name="CONST" value="3"/></imc><imc name="MEM"><imc name="BINOP" value="ADD"><imc name="TEMP" value="26"/><imc name="CONST" value="-96"/></imc></imc></imc><imc name="CONST" value="72"/></imc></imc><imc name="BINOP" value="MUL"><imc name="BINOP" value="ADD"><imc name="BINOP" value="MUL"><imc name="MEM"><imc name="BINOP" value="ADD"><imc name="TEMP" value="26"/><imc name="CONST" value="8"/></imc></imc><imc name="CONST" value="3"/></imc><imc name="MEM"><imc name="BINOP" value="ADD"><imc name="TEMP" value="26"/><imc name="CONST" value="-88"/></imc></imc></imc><imc name="CONST" value="8"/></imc></imc></imc><imc name="CONST" value="8"/></imc></imc></imc></imc><imc name="LABEL" value="L75"/><imc name="STMTS"><imc name="MOVE"><imc name="MEM"><imc name="BINOP" value="ADD"><imc name="TEMP" value="26"/><imc name="CONST" value="-112"/></imc></imc><imc name="CONST" value="0"/></imc></imc><imc name="JUMP" value="L77"/><imc name="LABEL" value="L76"/><imc name="STMTS"><imc name="MOVE"><imc name="MEM"><imc name="BINOP" value="ADD"><imc name="BINOP" value="ADD"><imc name="TEMP" value="26"/><imc name="CONST" value="-80"/></imc><imc name="BINOP" value="MUL"><imc name="MEM"><imc name="BINOP" value="ADD"><imc name="BINOP" value="ADD"><imc name="MEM"><imc name="BINOP" value="ADD"><imc name="MEM"><imc name="TEMP" value="26"/></imc><imc name="CONST" value="8"/></imc></imc><imc name="BINOP" value="MUL"><imc name="BINOP" value="ADD"><imc name="BINOP" value="MUL"><imc name="MEM"><imc name="BINOP" value="ADD"><imc name="TEMP" value="26"/><imc name="CONST" value="16"/></imc></imc><imc name="CONST" value="3"/></imc><imc name="MEM"><imc name="BINOP" value="ADD"><imc name="TEMP" value="26"/><imc name="CONST" value="-96"/></imc></imc></imc><imc name="CONST" value="72"/></imc></imc><imc name="BINOP" value="MUL"><imc name="BINOP" value="ADD"><imc name="BINOP" value="MUL"><imc name="MEM"><imc name="BINOP" value="ADD"><imc name="TEMP" value="26"/><imc name="CONST" value="8"/></imc></imc><imc name="CONST" value="3"/></imc><imc name="MEM"><imc name="BINOP" value="ADD"><imc name="TEMP" value="26"/><imc name="CONST" value="-88"/></imc></imc></imc><imc name="CONST" value="8"/></imc></imc></imc><imc name="CONST" value="8"/></imc></imc></imc><imc name="CONST" value="1"/></imc></imc><imc name="LABEL" value="L77"/></imc></node><location loc="168.19--171.21"/></node><node label="Stmts"><location loc="0.0--0.0"/></node><location loc="167.17--172.19"/><imc name="STMTS"><imc name="CJUMP" value="L78:L79"><imc name="BINOP" value="NEQ"><imc name="MEM"><imc name="BINOP" value="ADD"><imc name="BINOP" value="ADD"><imc name="MEM"><imc name="BINOP" value="ADD"><imc name="MEM"><imc name="TEMP" value="26"/></imc><imc name="CONST" value="8"/></imc></imc><imc name="BINOP" value="MUL"><imc name="BINOP" value="ADD"><imc name="BINOP" value="MUL"><imc name="MEM"><imc name="BINOP" value="ADD"><imc name="TEMP" value="26"/><imc name="CONST" value="16"/></imc></imc><imc name="CONST" value="3"/></imc><imc name="MEM"><imc name="BINOP" value="ADD"><imc name="TEMP" value="26"/><imc name="CONST" value="-96"/></imc></imc></imc><imc name="CONST" value="72"/></imc></imc><imc name="BINOP" value="MUL"><imc name="BINOP" value="ADD"><imc name="BINOP" value="MUL"><imc name="MEM"><imc name="BINOP" value="ADD"><imc name="TEMP" value="26"/><imc name="CONST" value="8"/></imc></imc><imc name="CONST" value="3"/></imc><imc name="MEM"><imc name="BINOP" value="ADD"><imc name="TEMP" value="26"/><imc name="CONST" value="-88"/></imc></imc></imc><imc name="CONST" value="8"/></imc></imc></imc><imc name="CONST" value="0"/></imc></imc><imc name="LABEL" value="L78"/><imc name="STMTS"><imc name="STMTS"><imc name="CJUMP" value="L75:L76"><imc name="MEM"><imc name="BINOP" value="ADD"><imc name="BINOP" value="ADD"><imc name="TEMP" value="26"/><imc name="CONST" value="-80"/></imc><imc name="BINOP" value="MUL"><imc name="MEM"><imc name="BINOP" value="ADD"><imc name="BINOP" value="ADD"><imc name="MEM"><imc name="BINOP" value="ADD"><imc name="MEM"><imc name="TEMP" value="26"/></imc><imc name="CONST" value="8"/></imc></imc><imc name="BINOP" value="MUL"><imc name="BINOP" value="ADD"><imc name="BINOP" value="MUL"><imc name="MEM"><imc name="BINOP" value="ADD"><imc name="TEMP" value="26"/><imc name="CONST" value="16"/></imc></imc><imc name="CONST" value="3"/></imc><imc name="MEM"><imc name="BINOP" value="ADD"><imc name="TEMP" value="26"/><imc name="CONST" value="-96"/></imc></imc></imc><imc name="CONST" value="72"/></imc></imc><imc name="BINOP" value="MUL"><imc name="BINOP" value="ADD"><imc name="BINOP" value="MUL"><imc name="MEM"><imc name="BINOP" value="ADD"><imc name="TEMP" value="26"/><imc name="CONST" value="8"/></imc></imc><imc name="CONST" value="3"/></imc><imc name="MEM"><imc name="BINOP" value="ADD"><imc name="TEMP" value="26"/><imc name="CONST" value="-88"/></imc></imc></imc><imc name="CONST" value="8"/></imc></imc></imc><imc name="CONST" value="8"/></imc></imc></imc></imc><imc name="LABEL" value="L75"/><imc name="STMTS"><imc name="MOVE"><imc name="MEM"><imc name="BINOP" value="ADD"><imc name="TEMP" value="26"/><imc name="CONST" value="-112"/></imc></imc><imc name="CONST" value="0"/></imc></imc><imc name="JUMP" value="L77"/><imc name="LABEL" value="L76"/><imc name="STMTS"><imc name="MOVE"><imc name="MEM"><imc name="BINOP" value="ADD"><imc name="BINOP" value="ADD"><imc name="TEMP" value="26"/><imc name="CONST" value="-80"/></imc><imc name="BINOP" value="MUL"><imc name="MEM"><imc name="BINOP" value="ADD"><imc name="BINOP" value="ADD"><imc name="MEM"><imc name="BINOP" value="ADD"><imc name="MEM"><imc name="TEMP" value="26"/></imc><imc name="CONST" value="8"/></imc></imc><imc name="BINOP" value="MUL"><imc name="BINOP" value="ADD"><imc name="BINOP" value="MUL"><imc name="MEM"><imc name="BINOP" value="ADD"><imc name="TEMP" value="26"/><imc name="CONST" value="16"/></imc></imc><imc name="CONST" value="3"/></imc><imc name="MEM"><imc name="BINOP" value="ADD"><imc name="TEMP" value="26"/><imc name="CONST" value="-96"/></imc></imc></imc><imc name="CONST" value="72"/></imc></imc><imc name="BINOP" value="MUL"><imc name="BINOP" value="ADD"><imc name="BINOP" value="MUL"><imc name="MEM"><imc name="BINOP" value="ADD"><imc name="TEMP" value="26"/><imc name="CONST" value="8"/></imc></imc><imc name="CONST" value="3"/></imc><imc name="MEM"><imc name="BINOP" value="ADD"><imc name="TEMP" value="26"/><imc name="CONST" value="-88"/></imc></imc></imc><imc name="CONST" value="8"/></imc></imc></imc><imc name="CONST" value="8"/></imc></imc></imc><imc name="CONST" value="1"/></imc></imc><imc name="LABEL" value="L77"/></imc></imc><imc name="LABEL" value="L79"/></imc></node><node label="AssignStmt"><node label="VarName" lexeme="ii"><location loc="173.17--173.18"/><declaredAt location="180.13--180.23"/><imc name="BINOP" value="ADD"><imc name="TEMP" value="26"/><imc name="CONST" value="-88"/></imc></node><node label="BinExpr" spec="ADD"><node label="VarName" lexeme="ii"><location loc="173.20--173.21"/><declaredAt location="180.13--180.23"/><imc name="MEM"><imc name="BINOP" value="ADD"><imc name="TEMP" value="26"/><imc name="CONST" value="-88"/></imc></imc></node><node label="AtomExpr" lexeme="1" spec="INT"><location loc="173.23--173.23"/><type label="INT"/><imc name="CONST" value="1"/></node><location loc="173.20--173.23"/><type label="INT"/><imc name="BINOP" value="ADD"><imc name="MEM"><imc name="BINOP" value="ADD"><imc name="TEMP" value="26"/><imc name="CONST" value="-88"/></imc></imc><imc name="CONST" value="1"/></imc></node><location loc="173.17--173.23"/><imc name="MOVE"><imc name="MEM"><imc name="BINOP" value="ADD"><imc name="TEMP" value="26"/><imc name="CONST" value="-88"/></imc></imc><imc name="BINOP" value="ADD"><imc name="MEM"><imc name="BINOP" value="ADD"><imc name="TEMP" value="26"/><imc name="CONST" value="-88"/></imc></imc><imc name="CONST" value="1"/></imc></imc></node><location loc="167.17--173.23"/></node><location loc="166.15--174.17"/><imc name="STMTS"><imc name="LABEL" value="L80"/><imc name="CJUMP" value="L81:L82"><imc name="BINOP" value="LTH"><imc name="MEM"><imc name="BINOP" value="ADD"><imc name="TEMP" value="26"/><imc name="CONST" value="-88"/></imc></imc><imc name="CONST" value="3"/></imc></imc><imc name="LABEL" value="L81"/><imc name="STMTS"><imc name="STMTS"><imc name="CJUMP" value="L78:L79"><imc name="BINOP" value="NEQ"><imc name="MEM"><imc name="BINOP" value="ADD"><imc name="BINOP" value="ADD"><imc name="MEM"><imc name="BINOP" value="ADD"><imc name="MEM"><imc name="TEMP" value="26"/></imc><imc name="CONST" value="8"/></imc></imc><imc name="BINOP" value="MUL"><imc name="BINOP" value="ADD"><imc name="BINOP" value="MUL"><imc name="MEM"><imc name="BINOP" value="ADD"><imc name="TEMP" value="26"/><imc name="CONST" value="16"/></imc></imc><imc name="CONST" value="3"/></imc><imc name="MEM"><imc name="BINOP" value="ADD"><imc name="TEMP" value="26"/><imc name="CONST" value="-96"/></imc></imc></imc><imc name="CONST" value="72"/></imc></imc><imc name="BINOP" value="MUL"><imc name="BINOP" value="ADD"><imc name="BINOP" value="MUL"><imc name="MEM"><imc name="BINOP" value="ADD"><imc name="TEMP" value="26"/><imc name="CONST" value="8"/></imc></imc><imc name="CONST" value="3"/></imc><imc name="MEM"><imc name="BINOP" value="ADD"><imc name="TEMP" value="26"/><imc name="CONST" value="-88"/></imc></imc></imc><imc name="CONST" value="8"/></imc></imc></imc><imc name="CONST" value="0"/></imc></imc><imc name="LABEL" value="L78"/><imc name="STMTS"><imc name="STMTS"><imc name="CJUMP" value="L75:L76"><imc name="MEM"><imc name="BINOP" value="ADD"><imc name="BINOP" value="ADD"><imc name="TEMP" value="26"/><imc name="CONST" value="-80"/></imc><imc name="BINOP" value="MUL"><imc name="MEM"><imc name="BINOP" value="ADD"><imc name="BINOP" value="ADD"><imc name="MEM"><imc name="BINOP" value="ADD"><imc name="MEM"><imc name="TEMP" value="26"/></imc><imc name="CONST" value="8"/></imc></imc><imc name="BINOP" value="MUL"><imc name="BINOP" value="ADD"><imc name="BINOP" value="MUL"><imc name="MEM"><imc name="BINOP" value="ADD"><imc name="TEMP" value="26"/><imc name="CONST" value="16"/></imc></imc><imc name="CONST" value="3"/></imc><imc name="MEM"><imc name="BINOP" value="ADD"><imc name="TEMP" value="26"/><imc name="CONST" value="-96"/></imc></imc></imc><imc name="CONST" value="72"/></imc></imc><imc name="BINOP" value="MUL"><imc name="BINOP" value="ADD"><imc name="BINOP" value="MUL"><imc name="MEM"><imc name="BINOP" value="ADD"><imc name="TEMP" value="26"/><imc name="CONST" value="8"/></imc></imc><imc name="CONST" value="3"/></imc><imc name="MEM"><imc name="BINOP" value="ADD"><imc name="TEMP" value="26"/><imc name="CONST" value="-88"/></imc></imc></imc><imc name="CONST" value="8"/></imc></imc></imc><imc name="CONST" value="8"/></imc></imc></imc></imc><imc name="LABEL" value="L75"/><imc name="STMTS"><imc name="MOVE"><imc name="MEM"><imc name="BINOP" value="ADD"><imc name="TEMP" value="26"/><imc name="CONST" value="-112"/></imc></imc><imc name="CONST" value="0"/></imc></imc><imc name="JUMP" value="L77"/><imc name="LABEL" value="L76"/><imc name="STMTS"><imc name="MOVE"><imc name="MEM"><imc name="BINOP" value="ADD"><imc name="BINOP" value="ADD"><imc name="TEMP" value="26"/><imc name="CONST" value="-80"/></imc><imc name="BINOP" value="MUL"><imc name="MEM"><imc name="BINOP" value="ADD"><imc name="BINOP" value="ADD"><imc name="MEM"><imc name="BINOP" value="ADD"><imc name="MEM"><imc name="TEMP" value="26"/></imc><imc name="CONST" value="8"/></imc></imc><imc name="BINOP" value="MUL"><imc name="BINOP" value="ADD"><imc name="BINOP" value="MUL"><imc name="MEM"><imc name="BINOP" value="ADD"><imc name="TEMP" value="26"/><imc name="CONST" value="16"/></imc></imc><imc name="CONST" value="3"/></imc><imc name="MEM"><imc name="BINOP" value="ADD"><imc name="TEMP" value="26"/><imc name="CONST" value="-96"/></imc></imc></imc><imc name="CONST" value="72"/></imc></imc><imc name="BINOP" value="MUL"><imc name="BINOP" value="ADD"><imc name="BINOP" value="MUL"><imc name="MEM"><imc name="BINOP" value="ADD"><imc name="TEMP" value="26"/><imc name="CONST" value="8"/></imc></imc><imc name="CONST" value="3"/></imc><imc name="MEM"><imc name="BINOP" value="ADD"><imc name="TEMP" value="26"/><imc name="CONST" value="-88"/></imc></imc></imc><imc name="CONST" value="8"/></imc></imc></imc><imc name="CONST" value="8"/></imc></imc></imc><imc name="CONST" value="1"/></imc></imc><imc name="LABEL" value="L77"/></imc></imc><imc name="LABEL" value="L79"/></imc><imc name="MOVE"><imc name="MEM"><imc name="BINOP" value="ADD"><imc name="TEMP" value="26"/><imc name="CONST" value="-88"/></imc></imc><imc name="BINOP" value="ADD"><imc name="MEM"><imc name="BINOP" value="ADD"><imc name="TEMP" value="26"/><imc name="CONST" value="-88"/></imc></imc><imc name="CONST" value="1"/></imc></imc></imc><imc name="JUMP" value="L80"/><imc name="LABEL" value="L82"/></imc></node><node label="AssignStmt"><node label="VarName" lexeme="jj"><location loc="175.15--175.16"/><declaredAt location="181.13--181.23"/><imc name="BINOP" value="ADD"><imc name="TEMP" value="26"/><imc name="CONST" value="-96"/></imc></node><node label="BinExpr" spec="ADD"><node label="VarName" lexeme="jj"><location loc="175.18--175.19"/><declaredAt location="181.13--181.23"/><imc name="MEM"><imc name="BINOP" value="ADD"><imc name="TEMP" value="26"/><imc name="CONST" value="-96"/></imc></imc></node><node label="AtomExpr" lexeme="1" spec="INT"><location loc="175.21--175.21"/><type label="INT"/><imc name="CONST" value="1"/></node><location loc="175.18--175.21"/><type label="INT"/><imc name="BINOP" value="ADD"><imc name="MEM"><imc name="BINOP" value="ADD"><imc name="TEMP" value="26"/><imc name="CONST" value="-96"/></imc></imc><imc name="CONST" value="1"/></imc></node><location loc="175.15--175.21"/><imc name="MOVE"><imc name="MEM"><imc name="BINOP" value="ADD"><imc name="TEMP" value="26"/><imc name="CONST" value="-96"/></imc></imc><imc name="BINOP" value="ADD"><imc name="MEM"><imc name="BINOP" value="ADD"><imc name="TEMP" value="26"/><imc name="CONST" value="-96"/></imc></imc><imc name="CONST" value="1"/></imc></imc></node><location loc="165.15--175.21"/></node><location loc="164.13--176.15"/><imc name="STMTS"><imc name="LABEL" value="L83"/><imc name="CJUMP" value="L84:L85"><imc name="BINOP" value="LTH"><imc name="MEM"><imc name="BINOP" value="ADD"><imc name="TEMP" value="26"/><imc name="CONST" value="-96"/></imc></imc><imc name="CONST" value="3"/></imc></imc><imc name="LABEL" value="L84"/><imc name="STMTS"><imc name="MOVE"><imc name="MEM"><imc name="BINOP" value="ADD"><imc name="TEMP" value="26"/><imc name="CONST" value="-88"/></imc></imc><imc name="CONST" value="0"/></imc><imc name="STMTS"><imc name="LABEL" value="L80"/><imc name="CJUMP" value="L81:L82"><imc name="BINOP" value="LTH"><imc name="MEM"><imc name="BINOP" value="ADD"><imc name="TEMP" value="26"/><imc name="CONST" value="-88"/></imc></imc><imc name="CONST" value="3"/></imc></imc><imc name="LABEL" value="L81"/><imc name="STMTS"><imc name="STMTS"><imc name="CJUMP" value="L78:L79"><imc name="BINOP" value="NEQ"><imc name="MEM"><imc name="BINOP" value="ADD"><imc name="BINOP" value="ADD"><imc name="MEM"><imc name="BINOP" value="ADD"><imc name="MEM"><imc name="TEMP" value="26"/></imc><imc name="CONST" value="8"/></imc></imc><imc name="BINOP" value="MUL"><imc name="BINOP" value="ADD"><imc name="BINOP" value="MUL"><imc name="MEM"><imc name="BINOP" value="ADD"><imc name="TEMP" value="26"/><imc name="CONST" value="16"/></imc></imc><imc name="CONST" value="3"/></imc><imc name="MEM"><imc name="BINOP" value="ADD"><imc name="TEMP" value="26"/><imc name="CONST" value="-96"/></imc></imc></imc><imc name="CONST" value="72"/></imc></imc><imc name="BINOP" value="MUL"><imc name="BINOP" value="ADD"><imc name="BINOP" value="MUL"><imc name="MEM"><imc name="BINOP" value="ADD"><imc name="TEMP" value="26"/><imc name="CONST" value="8"/></imc></imc><imc name="CONST" value="3"/></imc><imc name="MEM"><imc name="BINOP" value="ADD"><imc name="TEMP" value="26"/><imc name="CONST" value="-88"/></imc></imc></imc><imc name="CONST" value="8"/></imc></imc></imc><imc name="CONST" value="0"/></imc></imc><imc name="LABEL" value="L78"/><imc name="STMTS"><imc name="STMTS"><imc name="CJUMP" value="L75:L76"><imc name="MEM"><imc name="BINOP" value="ADD"><imc name="BINOP" value="ADD"><imc name="TEMP" value="26"/><imc name="CONST" value="-80"/></imc><imc name="BINOP" value="MUL"><imc name="MEM"><imc name="BINOP" value="ADD"><imc name="BINOP" value="ADD"><imc name="MEM"><imc name="BINOP" value="ADD"><imc name="MEM"><imc name="TEMP" value="26"/></imc><imc name="CONST" value="8"/></imc></imc><imc name="BINOP" value="MUL"><imc name="BINOP" value="ADD"><imc name="BINOP" value="MUL"><imc name="MEM"><imc name="BINOP" value="ADD"><imc name="TEMP" value="26"/><imc name="CONST" value="16"/></imc></imc><imc name="CONST" value="3"/></imc><imc name="MEM"><imc name="BINOP" value="ADD"><imc name="TEMP" value="26"/><imc name="CONST" value="-96"/></imc></imc></imc><imc name="CONST" value="72"/></imc></imc><imc name="BINOP" value="MUL"><imc name="BINOP" value="ADD"><imc name="BINOP" value="MUL"><imc name="MEM"><imc name="BINOP" value="ADD"><imc name="TEMP" value="26"/><imc name="CONST" value="8"/></imc></imc><imc name="CONST" value="3"/></imc><imc name="MEM"><imc name="BINOP" value="ADD"><imc name="TEMP" value="26"/><imc name="CONST" value="-88"/></imc></imc></imc><imc name="CONST" value="8"/></imc></imc></imc><imc name="CONST" value="8"/></imc></imc></imc></imc><imc name="LABEL" value="L75"/><imc name="STMTS"><imc name="MOVE"><imc name="MEM"><imc name="BINOP" value="ADD"><imc name="TEMP" value="26"/><imc name="CONST" value="-112"/></imc></imc><imc name="CONST" value="0"/></imc></imc><imc name="JUMP" value="L77"/><imc name="LABEL" value="L76"/><imc name="STMTS"><imc name="MOVE"><imc name="MEM"><imc name="BINOP" value="ADD"><imc name="BINOP" value="ADD"><imc name="TEMP" value="26"/><imc name="CONST" value="-80"/></imc><imc name="BINOP" value="MUL"><imc name="MEM"><imc name="BINOP" value="ADD"><imc name="BINOP" value="ADD"><imc name="MEM"><imc name="BINOP" value="ADD"><imc name="MEM"><imc name="TEMP" value="26"/></imc><imc name="CONST" value="8"/></imc></imc><imc name="BINOP" value="MUL"><imc name="BINOP" value="ADD"><imc name="BINOP" value="MUL"><imc name="MEM"><imc name="BINOP" value="ADD"><imc name="TEMP" value="26"/><imc name="CONST" value="16"/></imc></imc><imc name="CONST" value="3"/></imc><imc name="MEM"><imc name="BINOP" value="ADD"><imc name="TEMP" value="26"/><imc name="CONST" value="-96"/></imc></imc></imc><imc name="CONST" value="72"/></imc></imc><imc name="BINOP" value="MUL"><imc name="BINOP" value="ADD"><imc name="BINOP" value="MUL"><imc name="MEM"><imc name="BINOP" value="ADD"><imc name="TEMP" value="26"/><imc name="CONST" value="8"/></imc></imc><imc name="CONST" value="3"/></imc><imc name="MEM"><imc name="BINOP" value="ADD"><imc name="TEMP" value="26"/><imc name="CONST" value="-88"/></imc></imc></imc><imc name="CONST" value="8"/></imc></imc></imc><imc name="CONST" value="8"/></imc></imc></imc><imc name="CONST" value="1"/></imc></imc><imc name="LABEL" value="L77"/></imc></imc><imc name="LABEL" value="L79"/></imc><imc name="MOVE"><imc name="MEM"><imc name="BINOP" value="ADD"><imc name="TEMP" value="26"/><imc name="CONST" value="-88"/></imc></imc><imc name="BINOP" value="ADD"><imc name="MEM"><imc name="BINOP" value="ADD"><imc name="TEMP" value="26"/><imc name="CONST" value="-88"/></imc></imc><imc name="CONST" value="1"/></imc></imc></imc><imc name="JUMP" value="L80"/><imc name="LABEL" value="L82"/></imc><imc name="MOVE"><imc name="MEM"><imc name="BINOP" value="ADD"><imc name="TEMP" value="26"/><imc name="CONST" value="-96"/></imc></imc><imc name="BINOP" value="ADD"><imc name="MEM"><imc name="BINOP" value="ADD"><imc name="TEMP" value="26"/><imc name="CONST" value="-96"/></imc></imc><imc name="CONST" value="1"/></imc></imc></imc><imc name="JUMP" value="L83"/><imc name="LABEL" value="L85"/></imc></node><location loc="161.13--176.15"/></node><node label="VarName" lexeme="check"><location loc="177.13--177.17"/><declaredAt location="183.13--183.27"/><imc name="MEM"><imc name="BINOP" value="ADD"><imc name="TEMP" value="26"/><imc name="CONST" value="-112"/></imc></imc></node><location loc="161.13--183.27"/><type label="BOOL"/><imc name="SEXPR"><imc name="STMTS"><imc name="MOVE"><imc name="MEM"><imc name="BINOP" value="ADD"><imc name="TEMP" value="26"/><imc name="CONST" value="-112"/></imc></imc><imc name="CONST" value="1"/></imc><imc name="MOVE"><imc name="MEM"><imc name="BINOP" value="ADD"><imc name="TEMP" value="26"/><imc name="CONST" value="-104"/></imc></imc><imc name="CONST" value="1"/></imc><imc name="STMTS"><imc name="LABEL" value="L72"/><imc name="CJUMP" value="L73:L74"><imc name="BINOP" value="LEQ"><imc name="MEM"><imc name="BINOP" value="ADD"><imc name="TEMP" value="26"/><imc name="CONST" value="-104"/></imc></imc><imc name="CONST" value="9"/></imc></imc><imc name="LABEL" value="L73"/><imc name="STMTS"><imc name="MOVE"><imc name="MEM"><imc name="BINOP" value="ADD"><imc name="BINOP" value="ADD"><imc name="TEMP" value="26"/><imc name="CONST" value="-80"/></imc><imc name="BINOP" value="MUL"><imc name="MEM"><imc name="BINOP" value="ADD"><imc name="TEMP" value="26"/><imc name="CONST" value="-104"/></imc></imc><imc name="CONST" value="8"/></imc></imc></imc><imc name="CONST" value="0"/></imc><imc name="MOVE"><imc name="MEM"><imc name="BINOP" value="ADD"><imc name="TEMP" value="26"/><imc name="CONST" value="-104"/></imc></imc><imc name="BINOP" value="ADD"><imc name="MEM"><imc name="BINOP" value="ADD"><imc name="TEMP" value="26"/><imc name="CONST" value="-104"/></imc></imc><imc name="CONST" value="1"/></imc></imc></imc><imc name="JUMP" value="L72"/><imc name="LABEL" value="L74"/></imc><imc name="MOVE"><imc name="MEM"><imc name="BINOP" value="ADD"><imc name="TEMP" value="26"/><imc name="CONST" value="-96"/></imc></imc><imc name="CONST" value="0"/></imc><imc name="STMTS"><imc name="LABEL" value="L83"/><imc name="CJUMP" value="L84:L85"><imc name="BINOP" value="LTH"><imc name="MEM"><imc name="BINOP" value="ADD"><imc name="TEMP" value="26"/><imc name="CONST" value="-96"/></imc></imc><imc name="CONST" value="3"/></imc></imc><imc name="LABEL" value="L84"/><imc name="STMTS"><imc name="MOVE"><imc name="MEM"><imc name="BINOP" value="ADD"><imc name="TEMP" value="26"/><imc name="CONST" value="-88"/></imc></imc><imc name="CONST" value="0"/></imc><imc name="STMTS"><imc name="LABEL" value="L80"/><imc name="CJUMP" value="L81:L82"><imc name="BINOP" value="LTH"><imc name="MEM"><imc name="BINOP" value="ADD"><imc name="TEMP" value="26"/><imc name="CONST" value="-88"/></imc></imc><imc name="CONST" value="3"/></imc></imc><imc name="LABEL" value="L81"/><imc name="STMTS"><imc name="STMTS"><imc name="CJUMP" value="L78:L79"><imc name="BINOP" value="NEQ"><imc name="MEM"><imc name="BINOP" value="ADD"><imc name="BINOP" value="ADD"><imc name="MEM"><imc name="BINOP" value="ADD"><imc name="MEM"><imc name="TEMP" value="26"/></imc><imc name="CONST" value="8"/></imc></imc><imc name="BINOP" value="MUL"><imc name="BINOP" value="ADD"><imc name="BINOP" value="MUL"><imc name="MEM"><imc name="BINOP" value="ADD"><imc name="TEMP" value="26"/><imc name="CONST" value="16"/></imc></imc><imc name="CONST" value="3"/></imc><imc name="MEM"><imc name="BINOP" value="ADD"><imc name="TEMP" value="26"/><imc name="CONST" value="-96"/></imc></imc></imc><imc name="CONST" value="72"/></imc></imc><imc name="BINOP" value="MUL"><imc name="BINOP" value="ADD"><imc name="BINOP" value="MUL"><imc name="MEM"><imc name="BINOP" value="ADD"><imc name="TEMP" value="26"/><imc name="CONST" value="8"/></imc></imc><imc name="CONST" value="3"/></imc><imc name="MEM"><imc name="BINOP" value="ADD"><imc name="TEMP" value="26"/><imc name="CONST" value="-88"/></imc></imc></imc><imc name="CONST" value="8"/></imc></imc></imc><imc name="CONST" value="0"/></imc></imc><imc name="LABEL" value="L78"/><imc name="STMTS"><imc name="STMTS"><imc name="CJUMP" value="L75:L76"><imc name="MEM"><imc name="BINOP" value="ADD"><imc name="BINOP" value="ADD"><imc name="TEMP" value="26"/><imc name="CONST" value="-80"/></imc><imc name="BINOP" value="MUL"><imc name="MEM"><imc name="BINOP" value="ADD"><imc name="BINOP" value="ADD"><imc name="MEM"><imc name="BINOP" value="ADD"><imc name="MEM"><imc name="TEMP" value="26"/></imc><imc name="CONST" value="8"/></imc></imc><imc name="BINOP" value="MUL"><imc name="BINOP" value="ADD"><imc name="BINOP" value="MUL"><imc name="MEM"><imc name="BINOP" value="ADD"><imc name="TEMP" value="26"/><imc name="CONST" value="16"/></imc></imc><imc name="CONST" value="3"/></imc><imc name="MEM"><imc name="BINOP" value="ADD"><imc name="TEMP" value="26"/><imc name="CONST" value="-96"/></imc></imc></imc><imc name="CONST" value="72"/></imc></imc><imc name="BINOP" value="MUL"><imc name="BINOP" value="ADD"><imc name="BINOP" value="MUL"><imc name="MEM"><imc name="BINOP" value="ADD"><imc name="TEMP" value="26"/><imc name="CONST" value="8"/></imc></imc><imc name="CONST" value="3"/></imc><imc name="MEM"><imc name="BINOP" value="ADD"><imc name="TEMP" value="26"/><imc name="CONST" value="-88"/></imc></imc></imc><imc name="CONST" value="8"/></imc></imc></imc><imc name="CONST" value="8"/></imc></imc></imc></imc><imc name="LABEL" value="L75"/><imc name="STMTS"><imc name="MOVE"><imc name="MEM"><imc name="BINOP" value="ADD"><imc name="TEMP" value="26"/><imc name="CONST" value="-112"/></imc></imc><imc name="CONST" value="0"/></imc></imc><imc name="JUMP" value="L77"/><imc name="LABEL" value="L76"/><imc name="STMTS"><imc name="MOVE"><imc name="MEM"><imc name="BINOP" value="ADD"><imc name="BINOP" value="ADD"><imc name="TEMP" value="26"/><imc name="CONST" value="-80"/></imc><imc name="BINOP" value="MUL"><imc name="MEM"><imc name="BINOP" value="ADD"><imc name="BINOP" value="ADD"><imc name="MEM"><imc name="BINOP" value="ADD"><imc name="MEM"><imc name="TEMP" value="26"/></imc><imc name="CONST" value="8"/></imc></imc><imc name="BINOP" value="MUL"><imc name="BINOP" value="ADD"><imc name="BINOP" value="MUL"><imc name="MEM"><imc name="BINOP" value="ADD"><imc name="TEMP" value="26"/><imc name="CONST" value="16"/></imc></imc><imc name="CONST" value="3"/></imc><imc name="MEM"><imc name="BINOP" value="ADD"><imc name="TEMP" value="26"/><imc name="CONST" value="-96"/></imc></imc></imc><imc name="CONST" value="72"/></imc></imc><imc name="BINOP" value="MUL"><imc name="BINOP" value="ADD"><imc name="BINOP" value="MUL"><imc name="MEM"><imc name="BINOP" value="ADD"><imc name="TEMP" value="26"/><imc name="CONST" value="8"/></imc></imc><imc name="CONST" value="3"/></imc><imc name="MEM"><imc name="BINOP" value="ADD"><imc name="TEMP" value="26"/><imc name="CONST" value="-88"/></imc></imc></imc><imc name="CONST" value="8"/></imc></imc></imc><imc name="CONST" value="8"/></imc></imc></imc><imc name="CONST" value="1"/></imc></imc><imc name="LABEL" value="L77"/></imc></imc><imc name="LABEL" value="L79"/></imc><imc name="MOVE"><imc name="MEM"><imc name="BINOP" value="ADD"><imc name="TEMP" value="26"/><imc name="CONST" value="-88"/></imc></imc><imc name="BINOP" value="ADD"><imc name="MEM"><imc name="BINOP" value="ADD"><imc name="TEMP" value="26"/><imc name="CONST" value="-88"/></imc></imc><imc name="CONST" value="1"/></imc></imc></imc><imc name="JUMP" value="L80"/><imc name="LABEL" value="L82"/></imc><imc name="MOVE"><imc name="MEM"><imc name="BINOP" value="ADD"><imc name="TEMP" value="26"/><imc name="CONST" value="-96"/></imc></imc><imc name="BINOP" value="ADD"><imc name="MEM"><imc name="BINOP" value="ADD"><imc name="TEMP" value="26"/><imc name="CONST" value="-96"/></imc></imc><imc name="CONST" value="1"/></imc></imc></imc><imc name="JUMP" value="L83"/><imc name="LABEL" value="L85"/></imc></imc><imc name="MEM"><imc name="BINOP" value="ADD"><imc name="TEMP" value="26"/><imc name="CONST" value="-112"/></imc></imc></imc></node><location loc="160.7--184.12"/><frame FP="T26" RV="T27" argssize="0" depth="2" label="L3" locssize="112" size="128"/></node><node label="FunDef" lexeme="solve"><node label="ParDecls"><node label="ParDecl" lexeme="k"><node label="AtomType" spec="INT"><location loc="185.19--185.21"/></node><location loc="185.17--185.21"/><access depth="2" offset="8" size="8"/></node><node label="ParDecl" lexeme="n"><node label="AtomType" spec="INT"><location loc="185.25--185.27"/></node><location loc="185.23--185.27"/><access depth="2" offset="16" size="8"/></node><location loc="185.17--185.27"/></node><node label="AtomType" spec="INT"><location loc="185.30--185.32"/></node><node label="BlockExpr"><node label="Decls"><node label="VarDecl" lexeme="count"><node label="AtomType" spec="INT"><location loc="229.23--229.25"/></node><location loc="229.13--229.26"/><access depth="2" offset="-8" size="8"/></node><location loc="229.13--229.26"/></node><node label="Stmts"><node label="IfStmt"><node label="BinExpr" spec="EQU"><node label="VarName" lexeme="k"><location loc="186.16--186.16"/><declaredAt location="185.17--185.21"/><imc name="MEM"><imc name="BINOP" value="ADD"><imc name="TEMP" value="28"/><imc name="CONST" value="8"/></imc></imc></node><node label="VarName" lexeme="n"><location loc="186.19--186.19"/><declaredAt location="185.23--185.27"/><imc name="MEM"><imc name="BINOP" value="ADD"><imc name="TEMP" value="28"/><imc name="CONST" value="16"/></imc></imc></node><location loc="186.16--186.19"/><type label="BOOL"/><imc name="BINOP" value="EQU"><imc name="MEM"><imc name="BINOP" value="ADD"><imc name="TEMP" value="28"/><imc name="CONST" value="8"/></imc></imc><imc name="MEM"><imc name="BINOP" value="ADD"><imc name="TEMP" value="28"/><imc name="CONST" value="16"/></imc></imc></imc></node><node label="Stmts"><node label="ExprStmt"><node label="BlockExpr"><node label="Decls"><node label="VarDecl" lexeme="j"><node label="AtomType" spec="INT"><location loc="203.23--203.25"/></node><location loc="203.17--203.26"/><access depth="2" offset="-16" size="8"/></node><node label="VarDecl" lexeme="i"><node label="AtomType" spec="INT"><location loc="204.23--204.25"/></node><location loc="204.17--204.26"/><access depth="2" offset="-24" size="8"/></node><location loc="203.17--204.26"/></node><node label="Stmts"><node label="IfStmt"><node label="AtomExpr" lexeme="true" spec="BOOL"><location loc="187.20--187.23"/><type label="BOOL"/><imc name="CONST" value="1"/></node><node label="Stmts"><node label="AssignStmt"><node label="VarName" lexeme="j"><location loc="188.19--188.19"/><declaredAt location="203.17--203.26"/><imc name="BINOP" value="ADD"><imc name="TEMP" value="28"/><imc name="CONST" value="-16"/></imc></node><node label="AtomExpr" lexeme="0" spec="INT"><location loc="188.21--188.21"/><type label="INT"/><imc name="CONST" value="0"/></node><location loc="188.19--188.21"/><imc name="MOVE"><imc name="MEM"><imc name="BINOP" value="ADD"><imc name="TEMP" value="28"/><imc name="CONST" value="-16"/></imc></imc><imc name="CONST" value="0"/></imc></node><node label="WhileStmt"><node label="BinExpr" spec="LTH"><node label="VarName" lexeme="j"><location loc="189.25--189.25"/><declaredAt location="203.17--203.26"/><imc name="MEM"><imc name="BINOP" value="ADD"><imc name="TEMP" value="28"/><imc name="CONST" value="-16"/></imc></imc></node><node label="AtomExpr" lexeme="9" spec="INT"><location loc="189.27--189.27"/><type label="INT"/><imc name="CONST" value="9"/></node><location loc="189.25--189.27"/><type label="BOOL"/><imc name="BINOP" value="LTH"><imc name="MEM"><imc name="BINOP" value="ADD"><imc name="TEMP" value="28"/><imc name="CONST" value="-16"/></imc></imc><imc name="CONST" value="9"/></imc></node><node label="Stmts"><node label="AssignStmt"><node label="VarName" lexeme="i"><location loc="190.21--190.21"/><declaredAt location="204.17--204.26"/><imc name="BINOP" value="ADD"><imc name="TEMP" value="28"/><imc name="CONST" value="-24"/></imc></node><node label="AtomExpr" lexeme="0" spec="INT"><location loc="190.23--190.23"/><type label="INT"/><imc name="CONST" value="0"/></node><location loc="190.21--190.23"/><imc name="MOVE"><imc name="MEM"><imc name="BINOP" value="ADD"><imc name="TEMP" value="28"/><imc name="CONST" value="-24"/></imc></imc><imc name="CONST" value="0"/></imc></node><node label="WhileStmt"><node label="BinExpr" spec="LTH"><node label="VarName" lexeme="i"><location loc="191.27--191.27"/><declaredAt location="204.17--204.26"/><imc name="MEM"><imc name="BINOP" value="ADD"><imc name="TEMP" value="28"/><imc name="CONST" value="-24"/></imc></imc></node><node label="AtomExpr" lexeme="9" spec="INT"><location loc="191.29--191.29"/><type label="INT"/><imc name="CONST" value="9"/></node><location loc="191.27--191.29"/><type label="BOOL"/><imc name="BINOP" value="LTH"><imc name="MEM"><imc name="BINOP" value="ADD"><imc name="TEMP" value="28"/><imc name="CONST" value="-24"/></imc></imc><imc name="CONST" value="9"/></imc></node><node label="Stmts"><node label="ExprStmt"><node label="FunName" lexeme="putInt"><node label="Args"><node label="ArrExpr"><node label="ArrExpr"><node label="UnExpr" spec="DATA"><node label="VarName" lexeme="t2d"><location loc="192.32--192.34"/><declaredAt location="117.12--117.36"/><type label="PTR"><type label="ARR(9)" len="9"><type label="ARR(9)" len="9"><type label="INT"/></type></type></type><imc name="MEM"><imc name="BINOP" value="ADD"><imc name="MEM"><imc name="TEMP" value="28"/></imc><imc name="CONST" value="8"/></imc></imc></node><location loc="192.31--192.34"/><type label="ARR(9)" len="9"><type label="ARR(9)" len="9"><type label="INT"/></type></type><addr/><imc name="BINOP" value="ADD"><imc name="MEM"><imc name="TEMP" value="28"/></imc><imc name="CONST" value="8"/></imc></node><node label="VarName" lexeme="j"><location loc="192.37--192.37"/><declaredAt location="203.17--203.26"/><imc name="MEM"><imc name="BINOP" value="ADD"><imc name="TEMP" value="28"/><imc name="CONST" value="-16"/></imc></imc></node><location loc="192.31--192.38"/><type label="ARR(9)" len="9"><type label="INT"/></type><addr/><imc name="BINOP" value="ADD"><imc name="MEM"><imc name="BINOP" value="ADD"><imc name="MEM"><imc name="TEMP" value="28"/></imc><imc name="CONST" value="8"/></imc></imc><imc name="BINOP" value="MUL"><imc name="MEM"><imc name="BINOP" value="ADD"><imc name="TEMP" value="28"/><imc name="CONST" value="-16"/></imc></imc><imc name="CONST" value="72"/></imc></imc></node><node label="VarName" lexeme="i"><location loc="192.40--192.40"/><declaredAt location="204.17--204.26"/><imc name="MEM"><imc name="BINOP" value="ADD"><imc name="TEMP" value="28"/><imc name="CONST" value="-24"/></imc></imc></node><location loc="192.31--192.41"/><type label="INT"/><addr/><imc name="MEM"><imc name="BINOP" value="ADD"><imc name="BINOP" value="ADD"><imc name="MEM"><imc name="BINOP" value="ADD"><imc name="MEM"><imc name="TEMP" value="28"/></imc><imc name="CONST" value="8"/></imc></imc><imc name="BINOP" value="MUL"><imc name="MEM"><imc name="BINOP" value="ADD"><imc name="TEMP" value="28"/><imc name="CONST" value="-16"/></imc></imc><imc name="CONST" value="72"/></imc></imc><imc name="BINOP" value="MUL"><imc name="MEM"><imc name="BINOP" value="ADD"><imc name="TEMP" value="28"/><imc name="CONST" value="-24"/></imc></imc><imc name="CONST" value="8"/></imc></imc></imc></node><location loc="192.31--192.41"/></node><location loc="192.23--192.42"/><declaredAt location="1.1--1.23"/><type label="VOID"/><imc name="CALL" value="_putInt"><imc name="MEM"><imc name="MEM"><imc name="TEMP" value="28"/></imc></imc><imc name="MEM"><imc name="BINOP" value="ADD"><imc name="BINOP" value="ADD"><imc name="MEM"><imc name="BINOP" value="ADD"><imc name="MEM"><imc name="TEMP" value="28"/></imc><imc name="CONST" value="8"/></imc></imc><imc name="BINOP" value="MUL"><imc name="MEM"><imc name="BINOP" value="ADD"><imc name="TEMP" value="28"/><imc name="CONST" value="-16"/></imc></imc><imc name="CONST" value="72"/></imc></imc><imc name="BINOP" value="MUL"><imc name="MEM"><imc name="BINOP" value="ADD"><imc name="TEMP" value="28"/><imc name="CONST" value="-24"/></imc></imc><imc name="CONST" value="8"/></imc></imc></imc></imc></node><location loc="192.23--192.42"/><imc name="ESTMT"><imc name="CALL" value="_putInt"><imc name="MEM"><imc name="MEM"><imc name="TEMP" value="28"/></imc></imc><imc name="MEM"><imc name="BINOP" value="ADD"><imc name="BINOP" value="ADD"><imc name="MEM"><imc name="BINOP" value="ADD"><imc name="MEM"><imc name="TEMP" value="28"/></imc><imc name="CONST" value="8"/></imc></imc><imc name="BINOP" value="MUL"><imc name="MEM"><imc name="BINOP" value="ADD"><imc name="TEMP" value="28"/><imc name="CONST" value="-16"/></imc></imc><imc name="CONST" value="72"/></imc></imc><imc name="BINOP" value="MUL"><imc name="MEM"><imc name="BINOP" value="ADD"><imc name="TEMP" value="28"/><imc name="CONST" value="-24"/></imc></imc><imc name="CONST" value="8"/></imc></imc></imc></imc></imc></node><node label="ExprStmt"><node label="FunName" lexeme="putChar"><node label="Args"><node label="AtomExpr" lexeme="' '" spec="CHAR"><location loc="193.31--193.33"/><type label="CHAR"/><imc name="CONST" value="32"/></node><location loc="193.31--193.33"/></node><location loc="193.23--193.34"/><declaredAt location="2.1--2.25"/><type label="VOID"/><imc name="CALL" value="_putChar"><imc name="MEM"><imc name="MEM"><imc name="TEMP" value="28"/></imc></imc><imc name="CONST" value="32"/></imc></node><location loc="193.23--193.34"/><imc name="ESTMT"><imc name="CALL" value="_putChar"><imc name="MEM"><imc name="MEM"><imc name="TEMP" value="28"/></imc></imc><imc name="CONST" value="32"/></imc></imc></node><node label="AssignStmt"><node label="VarName" lexeme="i"><location loc="194.23--194.23"/><declaredAt location="204.17--204.26"/><imc name="BINOP" value="ADD"><imc name="TEMP" value="28"/><imc name="CONST" value="-24"/></imc></node><node label="BinExpr" spec="ADD"><node label="VarName" lexeme="i"><location loc="194.25--194.25"/><declaredAt location="204.17--204.26"/><imc name="MEM"><imc name="BINOP" value="ADD"><imc name="TEMP" value="28"/><imc name="CONST" value="-24"/></imc></imc></node><node label="AtomExpr" lexeme="1" spec="INT"><location loc="194.27--194.27"/><type label="INT"/><imc name="CONST" value="1"/></node><location loc="194.25--194.27"/><type label="INT"/><imc name="BINOP" value="ADD"><imc name="MEM"><imc name="BINOP" value="ADD"><imc name="TEMP" value="28"/><imc name="CONST" value="-24"/></imc></imc><imc name="CONST" value="1"/></imc></node><location loc="194.23--194.27"/><imc name="MOVE"><imc name="MEM"><imc name="BINOP" value="ADD"><imc name="TEMP" value="28"/><imc name="CONST" value="-24"/></imc></imc><imc name="BINOP" value="ADD"><imc name="MEM"><imc name="BINOP" value="ADD"><imc name="TEMP" value="28"/><imc name="CONST" value="-24"/></imc></imc><imc name="CONST" value="1"/></imc></imc></node><location loc="192.23--194.27"/></node><location loc="191.21--195.23"/><imc name="STMTS"><imc name="LABEL" value="L86"/><imc name="CJUMP" value="L87:L88"><imc name="BINOP" value="LTH"><imc name="MEM"><imc name="BINOP" value="ADD"><imc name="TEMP" value="28"/><imc name="CONST" value="-24"/></imc></imc><imc name="CONST" value="9"/></imc></imc><imc name="LABEL" value="L87"/><imc name="STMTS"><imc name="ESTMT"><imc name="CALL" value="_putInt"><imc name="MEM"><imc name="MEM"><imc name="TEMP" value="28"/></imc></imc><imc name="MEM"><imc name="BINOP" value="ADD"><imc name="BINOP" value="ADD"><imc name="MEM"><imc name="BINOP" value="ADD"><imc name="MEM"><imc name="TEMP" value="28"/></imc><imc name="CONST" value="8"/></imc></imc><imc name="BINOP" value="MUL"><imc name="MEM"><imc name="BINOP" value="ADD"><imc name="TEMP" value="28"/><imc name="CONST" value="-16"/></imc></imc><imc name="CONST" value="72"/></imc></imc><imc name="BINOP" value="MUL"><imc name="MEM"><imc name="BINOP" value="ADD"><imc name="TEMP" value="28"/><imc name="CONST" value="-24"/></imc></imc><imc name="CONST" value="8"/></imc></imc></imc></imc></imc><imc name="ESTMT"><imc name="CALL" value="_putChar"><imc name="MEM"><imc name="MEM"><imc name="TEMP" value="28"/></imc></imc><imc name="CONST" value="32"/></imc></imc><imc name="MOVE"><imc name="MEM"><imc name="BINOP" value="ADD"><imc name="TEMP" value="28"/><imc name="CONST" value="-24"/></imc></imc><imc name="BINOP" value="ADD"><imc name="MEM"><imc name="BINOP" value="ADD"><imc name="TEMP" value="28"/><imc name="CONST" value="-24"/></imc></imc><imc name="CONST" value="1"/></imc></imc></imc><imc name="JUMP" value="L86"/><imc name="LABEL" value="L88"/></imc></node><node label="ExprStmt"><node label="FunName" lexeme="putChar"><node label="Args"><node label="CastExpr"><node label="AtomExpr" lexeme="10" spec="INT"><location loc="196.30--196.31"/><type label="INT"/><imc name="CONST" value="10"/></node><node label="AtomType" spec="CHAR"><location loc="196.33--196.36"/></node><location loc="196.32--196.37"/><type label="CHAR"/><imc name="BINOP" value="MOD"><imc name="CONST" value="10"/><imc name="CONST" value="256"/></imc></node><location loc="196.32--196.37"/></node><location loc="196.21--196.38"/><declaredAt location="2.1--2.25"/><type label="VOID"/><imc name="CALL" value="_putChar"><imc name="MEM"><imc name="MEM"><imc name="TEMP" value="28"/></imc></imc><imc name="BINOP" value="MOD"><imc name="CONST" value="10"/><imc name="CONST" value="256"/></imc></imc></node><location loc="196.21--196.38"/><imc name="ESTMT"><imc name="CALL" value="_putChar"><imc name="MEM"><imc name="MEM"><imc name="TEMP" value="28"/></imc></imc><imc name="BINOP" value="MOD"><imc name="CONST" value="10"/><imc name="CONST" value="256"/></imc></imc></imc></node><node label="AssignStmt"><node label="VarName" lexeme="j"><location loc="197.21--197.21"/><declaredAt location="203.17--203.26"/><imc name="BINOP" value="ADD"><imc name="TEMP" value="28"/><imc name="CONST" value="-16"/></imc></node><node label="BinExpr" spec="ADD"><node label="VarName" lexeme="j"><location loc="197.23--197.23"/><declaredAt location="203.17--203.26"/><imc name="MEM"><imc name="BINOP" value="ADD"><imc name="TEMP" value="28"/><imc name="CONST" value="-16"/></imc></imc></node><node label="AtomExpr" lexeme="1" spec="INT"><location loc="197.25--197.25"/><type label="INT"/><imc name="CONST" value="1"/></node><location loc="197.23--197.25"/><type label="INT"/><imc name="BINOP" value="ADD"><imc name="MEM"><imc name="BINOP" value="ADD"><imc name="TEMP" value="28"/><imc name="CONST" value="-16"/></imc></imc><imc name="CONST" value="1"/></imc></node><location loc="197.21--197.25"/><imc name="MOVE"><imc name="MEM"><imc name="BINOP" value="ADD"><imc name="TEMP" value="28"/><imc name="CONST" value="-16"/></imc></imc><imc name="BINOP" value="ADD"><imc name="MEM"><imc name="BINOP" value="ADD"><imc name="TEMP" value="28"/><imc name="CONST" value="-16"/></imc></imc><imc name="CONST" value="1"/></imc></imc></node><location loc="190.21--197.25"/></node><location loc="189.19--198.21"/><imc name="STMTS"><imc name="LABEL" value="L89"/><imc name="CJUMP" value="L90:L91"><imc name="BINOP" value="LTH"><imc name="MEM"><imc name="BINOP" value="ADD"><imc name="TEMP" value="28"/><imc name="CONST" value="-16"/></imc></imc><imc name="CONST" value="9"/></imc></imc><imc name="LABEL" value="L90"/><imc name="STMTS"><imc name="MOVE"><imc name="MEM"><imc name="BINOP" value="ADD"><imc name="TEMP" value="28"/><imc name="CONST" value="-24"/></imc></imc><imc name="CONST" value="0"/></imc><imc name="STMTS"><imc name="LABEL" value="L86"/><imc name="CJUMP" value="L87:L88"><imc name="BINOP" value="LTH"><imc name="MEM"><imc name="BINOP" value="ADD"><imc name="TEMP" value="28"/><imc name="CONST" value="-24"/></imc></imc><imc name="CONST" value="9"/></imc></imc><imc name="LABEL" value="L87"/><imc name="STMTS"><imc name="ESTMT"><imc name="CALL" value="_putInt"><imc name="MEM"><imc name="MEM"><imc name="TEMP" value="28"/></imc></imc><imc name="MEM"><imc name="BINOP" value="ADD"><imc name="BINOP" value="ADD"><imc name="MEM"><imc name="BINOP" value="ADD"><imc name="MEM"><imc name="TEMP" value="28"/></imc><imc name="CONST" value="8"/></imc></imc><imc name="BINOP" value="MUL"><imc name="MEM"><imc name="BINOP" value="ADD"><imc name="TEMP" value="28"/><imc name="CONST" value="-16"/></imc></imc><imc name="CONST" value="72"/></imc></imc><imc name="BINOP" value="MUL"><imc name="MEM"><imc name="BINOP" value="ADD"><imc name="TEMP" value="28"/><imc name="CONST" value="-24"/></imc></imc><imc name="CONST" value="8"/></imc></imc></imc></imc></imc><imc name="ESTMT"><imc name="CALL" value="_putChar"><imc name="MEM"><imc name="MEM"><imc name="TEMP" value="28"/></imc></imc><imc name="CONST" value="32"/></imc></imc><imc name="MOVE"><imc name="MEM"><imc name="BINOP" value="ADD"><imc name="TEMP" value="28"/><imc name="CONST" value="-24"/></imc></imc><imc name="BINOP" value="ADD"><imc name="MEM"><imc name="BINOP" value="ADD"><imc name="TEMP" value="28"/><imc name="CONST" value="-24"/></imc></imc><imc name="CONST" value="1"/></imc></imc></imc><imc name="JUMP" value="L86"/><imc name="LABEL" value="L88"/></imc><imc name="ESTMT"><imc name="CALL" value="_putChar"><imc name="MEM"><imc name="MEM"><imc name="TEMP" value="28"/></imc></imc><imc name="BINOP" value="MOD"><imc name="CONST" value="10"/><imc name="CONST" value="256"/></imc></imc></imc><imc name="MOVE"><imc name="MEM"><imc name="BINOP" value="ADD"><imc name="TEMP" value="28"/><imc name="CONST" value="-16"/></imc></imc><imc name="BINOP" value="ADD"><imc name="MEM"><imc name="BINOP" value="ADD"><imc name="TEMP" value="28"/><imc name="CONST" value="-16"/></imc></imc><imc name="CONST" value="1"/></imc></imc></imc><imc name="JUMP" value="L89"/><imc name="LABEL" value="L91"/></imc></node><node label="ExprStmt"><node label="FunName" lexeme="putChar"><node label="Args"><node label="CastExpr"><node label="AtomExpr" lexeme="10" spec="INT"><location loc="199.28--199.29"/><type label="INT"/><imc name="CONST" value="10"/></node><node label="AtomType" spec="CHAR"><location loc="199.31--199.34"/></node><location loc="199.30--199.35"/><type label="CHAR"/><imc name="BINOP" value="MOD"><imc name="CONST" value="10"/><imc name="CONST" value="256"/></imc></node><location loc="199.30--199.35"/></node><location loc="199.19--199.36"/><declaredAt location="2.1--2.25"/><type label="VOID"/><imc name="CALL" value="_putChar"><imc name="MEM"><imc name="MEM"><imc name="TEMP" value="28"/></imc></imc><imc name="BINOP" value="MOD"><imc name="CONST" value="10"/><imc name="CONST" value="256"/></imc></imc></node><location loc="199.19--199.36"/><imc name="ESTMT"><imc name="CALL" value="_putChar"><imc name="MEM"><imc name="MEM"><imc name="TEMP" value="28"/></imc></imc><imc name="BINOP" value="MOD"><imc name="CONST" value="10"/><imc name="CONST" value="256"/></imc></imc></imc></node><location loc="188.19--199.36"/></node><node label="Stmts"><location loc="0.0--0.0"/></node><location loc="187.17--200.19"/><imc name="STMTS"><imc name="CJUMP" value="L92:L93"><imc name="CONST" value="1"/></imc><imc name="LABEL" value="L92"/><imc name="STMTS"><imc name="MOVE"><imc name="MEM"><imc name="BINOP" value="ADD"><imc name="TEMP" value="28"/><imc name="CONST" value="-16"/></imc></imc><imc name="CONST" value="0"/></imc><imc name="STMTS"><imc name="LABEL" value="L89"/><imc name="CJUMP" value="L90:L91"><imc name="BINOP" value="LTH"><imc name="MEM"><imc name="BINOP" value="ADD"><imc name="TEMP" value="28"/><imc name="CONST" value="-16"/></imc></imc><imc name="CONST" value="9"/></imc></imc><imc name="LABEL" value="L90"/><imc name="STMTS"><imc name="MOVE"><imc name="MEM"><imc name="BINOP" value="ADD"><imc name="TEMP" value="28"/><imc name="CONST" value="-24"/></imc></imc><imc name="CONST" value="0"/></imc><imc name="STMTS"><imc name="LABEL" value="L86"/><imc name="CJUMP" value="L87:L88"><imc name="BINOP" value="LTH"><imc name="MEM"><imc name="BINOP" value="ADD"><imc name="TEMP" value="28"/><imc name="CONST" value="-24"/></imc></imc><imc name="CONST" value="9"/></imc></imc><imc name="LABEL" value="L87"/><imc name="STMTS"><imc name="ESTMT"><imc name="CALL" value="_putInt"><imc name="MEM"><imc name="MEM"><imc name="TEMP" value="28"/></imc></imc><imc name="MEM"><imc name="BINOP" value="ADD"><imc name="BINOP" value="ADD"><imc name="MEM"><imc name="BINOP" value="ADD"><imc name="MEM"><imc name="TEMP" value="28"/></imc><imc name="CONST" value="8"/></imc></imc><imc name="BINOP" value="MUL"><imc name="MEM"><imc name="BINOP" value="ADD"><imc name="TEMP" value="28"/><imc name="CONST" value="-16"/></imc></imc><imc name="CONST" value="72"/></imc></imc><imc name="BINOP" value="MUL"><imc name="MEM"><imc name="BINOP" value="ADD"><imc name="TEMP" value="28"/><imc name="CONST" value="-24"/></imc></imc><imc name="CONST" value="8"/></imc></imc></imc></imc></imc><imc name="ESTMT"><imc name="CALL" value="_putChar"><imc name="MEM"><imc name="MEM"><imc name="TEMP" value="28"/></imc></imc><imc name="CONST" value="32"/></imc></imc><imc name="MOVE"><imc name="MEM"><imc name="BINOP" value="ADD"><imc name="TEMP" value="28"/><imc name="CONST" value="-24"/></imc></imc><imc name="BINOP" value="ADD"><imc name="MEM"><imc name="BINOP" value="ADD"><imc name="TEMP" value="28"/><imc name="CONST" value="-24"/></imc></imc><imc name="CONST" value="1"/></imc></imc></imc><imc name="JUMP" value="L86"/><imc name="LABEL" value="L88"/></imc><imc name="ESTMT"><imc name="CALL" value="_putChar"><imc name="MEM"><imc name="MEM"><imc name="TEMP" value="28"/></imc></imc><imc name="BINOP" value="MOD"><imc name="CONST" value="10"/><imc name="CONST" value="256"/></imc></imc></imc><imc name="MOVE"><imc name="MEM"><imc name="BINOP" value="ADD"><imc name="TEMP" value="28"/><imc name="CONST" value="-16"/></imc></imc><imc name="BINOP" value="ADD"><imc name="MEM"><imc name="BINOP" value="ADD"><imc name="TEMP" value="28"/><imc name="CONST" value="-16"/></imc></imc><imc name="CONST" value="1"/></imc></imc></imc><imc name="JUMP" value="L89"/><imc name="LABEL" value="L91"/></imc><imc name="ESTMT"><imc name="CALL" value="_putChar"><imc name="MEM"><imc name="MEM"><imc name="TEMP" value="28"/></imc></imc><imc name="BINOP" value="MOD"><imc name="CONST" value="10"/><imc name="CONST" value="256"/></imc></imc></imc></imc><imc name="LABEL" value="L93"/></imc></node><location loc="187.17--200.19"/></node><node label="AtomExpr" lexeme="none" spec="VOID"><location loc="201.17--201.20"/><type label="VOID"/><imc name="CONST" value="0"/></node><location loc="187.17--204.26"/><type label="VOID"/><imc name="SEXPR"><imc name="STMTS"><imc name="STMTS"><imc name="CJUMP" value="L92:L93"><imc name="CONST" value="1"/></imc><imc name="LABEL" value="L92"/><imc name="STMTS"><imc name="MOVE"><imc name="MEM"><imc name="BINOP" value="ADD"><imc name="TEMP" value="28"/><imc name="CONST" value="-16"/></imc></imc><imc name="CONST" value="0"/></imc><imc name="STMTS"><imc name="LABEL" value="L89"/><imc name="CJUMP" value="L90:L91"><imc name="BINOP" value="LTH"><imc name="MEM"><imc name="BINOP" value="ADD"><imc name="TEMP" value="28"/><imc name="CONST" value="-16"/></imc></imc><imc name="CONST" value="9"/></imc></imc><imc name="LABEL" value="L90"/><imc name="STMTS"><imc name="MOVE"><imc name="MEM"><imc name="BINOP" value="ADD"><imc name="TEMP" value="28"/><imc name="CONST" value="-24"/></imc></imc><imc name="CONST" value="0"/></imc><imc name="STMTS"><imc name="LABEL" value="L86"/><imc name="CJUMP" value="L87:L88"><imc name="BINOP" value="LTH"><imc name="MEM"><imc name="BINOP" value="ADD"><imc name="TEMP" value="28"/><imc name="CONST" value="-24"/></imc></imc><imc name="CONST" value="9"/></imc></imc><imc name="LABEL" value="L87"/><imc name="STMTS"><imc name="ESTMT"><imc name="CALL" value="_putInt"><imc name="MEM"><imc name="MEM"><imc name="TEMP" value="28"/></imc></imc><imc name="MEM"><imc name="BINOP" value="ADD"><imc name="BINOP" value="ADD"><imc name="MEM"><imc name="BINOP" value="ADD"><imc name="MEM"><imc name="TEMP" value="28"/></imc><imc name="CONST" value="8"/></imc></imc><imc name="BINOP" value="MUL"><imc name="MEM"><imc name="BINOP" value="ADD"><imc name="TEMP" value="28"/><imc name="CONST" value="-16"/></imc></imc><imc name="CONST" value="72"/></imc></imc><imc name="BINOP" value="MUL"><imc name="MEM"><imc name="BINOP" value="ADD"><imc name="TEMP" value="28"/><imc name="CONST" value="-24"/></imc></imc><imc name="CONST" value="8"/></imc></imc></imc></imc></imc><imc name="ESTMT"><imc name="CALL" value="_putChar"><imc name="MEM"><imc name="MEM"><imc name="TEMP" value="28"/></imc></imc><imc name="CONST" value="32"/></imc></imc><imc name="MOVE"><imc name="MEM"><imc name="BINOP" value="ADD"><imc name="TEMP" value="28"/><imc name="CONST" value="-24"/></imc></imc><imc name="BINOP" value="ADD"><imc name="MEM"><imc name="BINOP" value="ADD"><imc name="TEMP" value="28"/><imc name="CONST" value="-24"/></imc></imc><imc name="CONST" value="1"/></imc></imc></imc><imc name="JUMP" value="L86"/><imc name="LABEL" value="L88"/></imc><imc name="ESTMT"><imc name="CALL" value="_putChar"><imc name="MEM"><imc name="MEM"><imc name="TEMP" value="28"/></imc></imc><imc name="BINOP" value="MOD"><imc name="CONST" value="10"/><imc name="CONST" value="256"/></imc></imc></imc><imc name="MOVE"><imc name="MEM"><imc name="BINOP" value="ADD"><imc name="TEMP" value="28"/><imc name="CONST" value="-16"/></imc></imc><imc name="BINOP" value="ADD"><imc name="MEM"><imc name="BINOP" value="ADD"><imc name="TEMP" value="28"/><imc name="CONST" value="-16"/></imc></imc><imc name="CONST" value="1"/></imc></imc></imc><imc name="JUMP" value="L89"/><imc name="LABEL" value="L91"/></imc><imc name="ESTMT"><imc name="CALL" value="_putChar"><imc name="MEM"><imc name="MEM"><imc name="TEMP" value="28"/></imc></imc><imc name="BINOP" value="MOD"><imc name="CONST" value="10"/><imc name="CONST" value="256"/></imc></imc></imc></imc><imc name="LABEL" value="L93"/></imc></imc><imc name="CONST" value="0"/></imc></node><location loc="187.15--205.15"/><imc name="ESTMT"><imc name="SEXPR"><imc name="STMTS"><imc name="STMTS"><imc name="CJUMP" value="L92:L93"><imc name="CONST" value="1"/></imc><imc name="LABEL" value="L92"/><imc name="STMTS"><imc name="MOVE"><imc name="MEM"><imc name="BINOP" value="ADD"><imc name="TEMP" value="28"/><imc name="CONST" value="-16"/></imc></imc><imc name="CONST" value="0"/></imc><imc name="STMTS"><imc name="LABEL" value="L89"/><imc name="CJUMP" value="L90:L91"><imc name="BINOP" value="LTH"><imc name="MEM"><imc name="BINOP" value="ADD"><imc name="TEMP" value="28"/><imc name="CONST" value="-16"/></imc></imc><imc name="CONST" value="9"/></imc></imc><imc name="LABEL" value="L90"/><imc name="STMTS"><imc name="MOVE"><imc name="MEM"><imc name="BINOP" value="ADD"><imc name="TEMP" value="28"/><imc name="CONST" value="-24"/></imc></imc><imc name="CONST" value="0"/></imc><imc name="STMTS"><imc name="LABEL" value="L86"/><imc name="CJUMP" value="L87:L88"><imc name="BINOP" value="LTH"><imc name="MEM"><imc name="BINOP" value="ADD"><imc name="TEMP" value="28"/><imc name="CONST" value="-24"/></imc></imc><imc name="CONST" value="9"/></imc></imc><imc name="LABEL" value="L87"/><imc name="STMTS"><imc name="ESTMT"><imc name="CALL" value="_putInt"><imc name="MEM"><imc name="MEM"><imc name="TEMP" value="28"/></imc></imc><imc name="MEM"><imc name="BINOP" value="ADD"><imc name="BINOP" value="ADD"><imc name="MEM"><imc name="BINOP" value="ADD"><imc name="MEM"><imc name="TEMP" value="28"/></imc><imc name="CONST" value="8"/></imc></imc><imc name="BINOP" value="MUL"><imc name="MEM"><imc name="BINOP" value="ADD"><imc name="TEMP" value="28"/><imc name="CONST" value="-16"/></imc></imc><imc name="CONST" value="72"/></imc></imc><imc name="BINOP" value="MUL"><imc name="MEM"><imc name="BINOP" value="ADD"><imc name="TEMP" value="28"/><imc name="CONST" value="-24"/></imc></imc><imc name="CONST" value="8"/></imc></imc></imc></imc></imc><imc name="ESTMT"><imc name="CALL" value="_putChar"><imc name="MEM"><imc name="MEM"><imc name="TEMP" value="28"/></imc></imc><imc name="CONST" value="32"/></imc></imc><imc name="MOVE"><imc name="MEM"><imc name="BINOP" value="ADD"><imc name="TEMP" value="28"/><imc name="CONST" value="-24"/></imc></imc><imc name="BINOP" value="ADD"><imc name="MEM"><imc name="BINOP" value="ADD"><imc name="TEMP" value="28"/><imc name="CONST" value="-24"/></imc></imc><imc name="CONST" value="1"/></imc></imc></imc><imc name="JUMP" value="L86"/><imc name="LABEL" value="L88"/></imc><imc name="ESTMT"><imc name="CALL" value="_putChar"><imc name="MEM"><imc name="MEM"><imc name="TEMP" value="28"/></imc></imc><imc name="BINOP" value="MOD"><imc name="CONST" value="10"/><imc name="CONST" value="256"/></imc></imc></imc><imc name="MOVE"><imc name="MEM"><imc name="BINOP" value="ADD"><imc name="TEMP" value="28"/><imc name="CONST" value="-16"/></imc></imc><imc name="BINOP" value="ADD"><imc name="MEM"><imc name="BINOP" value="ADD"><imc name="TEMP" value="28"/><imc name="CONST" value="-16"/></imc></imc><imc name="CONST" value="1"/></imc></imc></imc><imc name="JUMP" value="L89"/><imc name="LABEL" value="L91"/></imc><imc name="ESTMT"><imc name="CALL" value="_putChar"><imc name="MEM"><imc name="MEM"><imc name="TEMP" value="28"/></imc></imc><imc name="BINOP" value="MOD"><imc name="CONST" value="10"/><imc name="CONST" value="256"/></imc></imc></imc></imc><imc name="LABEL" value="L93"/></imc></imc><imc name="CONST" value="0"/></imc></imc></node><node label="AssignStmt"><node label="VarName" lexeme="count"><location loc="206.15--206.19"/><declaredAt location="229.13--229.26"/><imc name="BINOP" value="ADD"><imc name="TEMP" value="28"/><imc name="CONST" value="-8"/></imc></node><node label="AtomExpr" lexeme="1" spec="INT"><location loc="206.21--206.21"/><type label="INT"/><imc name="CONST" value="1"/></node><location loc="206.15--206.21"/><imc name="MOVE"><imc name="MEM"><imc name="BINOP" value="ADD"><imc name="TEMP" value="28"/><imc name="CONST" value="-8"/></imc></imc><imc name="CONST" value="1"/></imc></node><location loc="187.15--206.21"/></node><node label="Stmts"><node label="IfStmt"><node label="BinExpr" spec="NEQ"><node label="ArrExpr"><node label="UnExpr" spec="DATA"><node label="VarName" lexeme="t1d"><location loc="208.20--208.22"/><declaredAt location="121.7--121.30"/><type label="PTR"><type label="ARR(81)" len="81"><type label="INT"/></type></type><imc name="MEM"><imc name="BINOP" value="ADD"><imc name="MEM"><imc name="TEMP" value="28"/></imc><imc name="CONST" value="-8"/></imc></imc></node><location loc="208.19--208.22"/><type label="ARR(81)" len="81"><type label="INT"/></type><addr/><imc name="BINOP" value="ADD"><imc name="MEM"><imc name="TEMP" value="28"/></imc><imc name="CONST" value="-8"/></imc></node><node label="VarName" lexeme="k"><location loc="208.25--208.25"/><declaredAt location="185.17--185.21"/><imc name="MEM"><imc name="BINOP" value="ADD"><imc name="TEMP" value="28"/><imc name="CONST" value="8"/></imc></imc></node><location loc="208.19--208.26"/><type label="INT"/><addr/><imc name="MEM"><imc name="BINOP" value="ADD"><imc name="MEM"><imc name="BINOP" value="ADD"><imc name="MEM"><imc name="TEMP" value="28"/></imc><imc name="CONST" value="-8"/></imc></imc><imc name="BINOP" value="MUL"><imc name="MEM"><imc name="BINOP" value="ADD"><imc name="TEMP" value="28"/><imc name="CONST" value="8"/></imc></imc><imc name="CONST" value="8"/></imc></imc></imc></node><node label="AtomExpr" lexeme="0" spec="INT"><location loc="208.29--208.29"/><type label="INT"/><imc name="CONST" value="0"/></node><location loc="208.19--208.29"/><type label="BOOL"/><imc name="BINOP" value="NEQ"><imc name="MEM"><imc name="BINOP" value="ADD"><imc name="MEM"><imc name="BINOP" value="ADD"><imc name="MEM"><imc name="TEMP" value="28"/></imc><imc name="CONST" value="-8"/></imc></imc><imc name="BINOP" value="MUL"><imc name="MEM"><imc name="BINOP" value="ADD"><imc name="TEMP" value="28"/><imc name="CONST" value="8"/></imc></imc><imc name="CONST" value="8"/></imc></imc></imc><imc name="CONST" value="0"/></imc></node><node label="Stmts"><node label="AssignStmt"><node label="VarName" lexeme="count"><location loc="209.17--209.21"/><declaredAt location="229.13--229.26"/><imc name="BINOP" value="ADD"><imc name="TEMP" value="28"/><imc name="CONST" value="-8"/></imc></node><node label="FunName" lexeme="solve"><node label="Args"><node label="BinExpr" spec="ADD"><node label="VarName" lexeme="k"><location loc="209.29--209.29"/><declaredAt location="185.17--185.21"/><imc name="MEM"><imc name="BINOP" value="ADD"><imc name="TEMP" value="28"/><imc name="CONST" value="8"/></imc></imc></node><node label="AtomExpr" lexeme="1" spec="INT"><location loc="209.31--209.31"/><type label="INT"/><imc name="CONST" value="1"/></node><location loc="209.29--209.31"/><type label="INT"/><imc name="BINOP" value="ADD"><imc name="MEM"><imc name="BINOP" value="ADD"><imc name="TEMP" value="28"/><imc name="CONST" value="8"/></imc></imc><imc name="CONST" value="1"/></imc></node><node label="VarName" lexeme="n"><location loc="209.33--209.33"/><declaredAt location="185.23--185.27"/><type label="INT"/><imc name="MEM"><imc name="BINOP" value="ADD"><imc name="TEMP" value="28"/><imc name="CONST" value="16"/></imc></imc></node><location loc="209.29--209.33"/></node><location loc="209.23--209.34"/><declaredAt location="185.7--230.12"/><type label="INT"/><imc name="CALL" value="L4"><imc name="MEM"><imc name="TEMP" value="28"/></imc><imc name="BINOP" value="ADD"><imc name="MEM"><imc name="BINOP" value="ADD"><imc name="TEMP" value="28"/><imc name="CONST" value="8"/></imc></imc><imc name="CONST" value="1"/></imc><imc name="MEM"><imc name="BINOP" value="ADD"><imc name="TEMP" value="28"/><imc name="CONST" value="16"/></imc></imc></imc></node><location loc="209.17--209.34"/><imc name="MOVE"><imc name="MEM"><imc name="BINOP" value="ADD"><imc name="TEMP" value="28"/><imc name="CONST" value="-8"/></imc></imc><imc name="CALL" value="L4"><imc name="MEM"><imc name="TEMP" value="28"/></imc><imc name="BINOP" value="ADD"><imc name="MEM"><imc name="BINOP" value="ADD"><imc name="TEMP" value="28"/><imc name="CONST" value="8"/></imc></imc><imc name="CONST" value="1"/></imc><imc name="MEM"><imc name="BINOP" value="ADD"><imc name="TEMP" value="28"/><imc name="CONST" value="16"/></imc></imc></imc></imc></node><location loc="209.17--209.34"/></node><node label="Stmts"><node label="ExprStmt"><node label="BlockExpr"><node label="Decls"><node label="VarDecl" lexeme="d"><node label="AtomType" spec="INT"><location loc="223.25--223.27"/></node><location loc="223.19--223.28"/><access depth="2" offset="-32" size="8"/></node><location loc="223.19--223.28"/></node><node label="Stmts"><node label="AssignStmt"><node label="VarName" lexeme="count"><location loc="211.19--211.23"/><declaredAt location="229.13--229.26"/><imc name="BINOP" value="ADD"><imc name="TEMP" value="28"/><imc name="CONST" value="-8"/></imc></node><node label="AtomExpr" lexeme="0" spec="INT"><location loc="211.27--211.27"/><type label="INT"/><imc name="CONST" value="0"/></node><location loc="211.19--211.27"/><imc name="MOVE"><imc name="MEM"><imc name="BINOP" value="ADD"><imc name="TEMP" value="28"/><imc name="CONST" value="-8"/></imc></imc><imc name="CONST" value="0"/></imc></node><node label="AssignStmt"><node label="VarName" lexeme="d"><location loc="212.19--212.19"/><declaredAt location="223.19--223.28"/><imc name="BINOP" value="ADD"><imc name="TEMP" value="28"/><imc name="CONST" value="-32"/></imc></node><node label="AtomExpr" lexeme="1" spec="INT"><location loc="212.21--212.21"/><type label="INT"/><imc name="CONST" value="1"/></node><location loc="212.19--212.21"/><imc name="MOVE"><imc name="MEM"><imc name="BINOP" value="ADD"><imc name="TEMP" value="28"/><imc name="CONST" value="-32"/></imc></imc><imc name="CONST" value="1"/></imc></node><node label="WhileStmt"><node label="BinExpr" spec="LEQ"><node label="VarName" lexeme="d"><location loc="213.25--213.25"/><declaredAt location="223.19--223.28"/><imc name="MEM"><imc name="BINOP" value="ADD"><imc name="TEMP" value="28"/><imc name="CONST" value="-32"/></imc></imc></node><node label="AtomExpr" lexeme="9" spec="INT"><location loc="213.28--213.28"/><type label="INT"/><imc name="CONST" value="9"/></node><location loc="213.25--213.28"/><type label="BOOL"/><imc name="BINOP" value="LEQ"><imc name="MEM"><imc name="BINOP" value="ADD"><imc name="TEMP" value="28"/><imc name="CONST" value="-32"/></imc></imc><imc name="CONST" value="9"/></imc></node><node label="Stmts"><node label="AssignStmt"><node label="ArrExpr"><node label="UnExpr" spec="DATA"><node label="VarName" lexeme="t1d"><location loc="214.23--214.25"/><declaredAt location="121.7--121.30"/><type label="PTR"><type label="ARR(81)" len="81"><type label="INT"/></type></type><imc name="MEM"><imc name="BINOP" value="ADD"><imc name="MEM"><imc name="TEMP" value="28"/></imc><imc name="CONST" value="-8"/></imc></imc></node><location loc="214.22--214.25"/><type label="ARR(81)" len="81"><type label="INT"/></type><addr/><imc name="BINOP" value="ADD"><imc name="MEM"><imc name="TEMP" value="28"/></imc><imc name="CONST" value="-8"/></imc></node><node label="VarName" lexeme="k"><location loc="214.28--214.28"/><declaredAt location="185.17--185.21"/><imc name="MEM"><imc name="BINOP" value="ADD"><imc name="TEMP" value="28"/><imc name="CONST" value="8"/></imc></imc></node><location loc="214.22--214.29"/><type label="INT"/><addr/><imc name="BINOP" value="ADD"><imc name="MEM"><imc name="BINOP" value="ADD"><imc name="MEM"><imc name="TEMP" value="28"/></imc><imc name="CONST" value="-8"/></imc></imc><imc name="BINOP" value="MUL"><imc name="MEM"><imc name="BINOP" value="ADD"><imc name="TEMP" value="28"/><imc name="CONST" value="8"/></imc></imc><imc name="CONST" value="8"/></imc></imc></node><node label="VarName" lexeme="d"><location loc="214.31--214.31"/><declaredAt location="223.19--223.28"/><imc name="MEM"><imc name="BINOP" value="ADD"><imc name="TEMP" value="28"/><imc name="CONST" value="-32"/></imc></imc></node><location loc="214.21--214.31"/><imc name="MOVE"><imc name="MEM"><imc name="BINOP" value="ADD"><imc name="MEM"><imc name="BINOP" value="ADD"><imc name="MEM"><imc name="TEMP" value="28"/></imc><imc name="CONST" value="-8"/></imc></imc><imc name="BINOP" value="MUL"><imc name="MEM"><imc name="BINOP" value="ADD"><imc name="TEMP" value="28"/><imc name="CONST" value="8"/></imc></imc><imc name="CONST" value="8"/></imc></imc></imc><imc name="MEM"><imc name="BINOP" value="ADD"><imc name="TEMP" value="28"/><imc name="CONST" value="-32"/></imc></imc></imc></node><node label="IfStmt"><node label="BinExpr" spec="AND"><node label="BinExpr" spec="AND"><node label="FunName" lexeme="check_h"><node label="Args"><node label="BinExpr" spec="DIV"><node label="VarName" lexeme="k"><location loc="215.32--215.32"/><declaredAt location="185.17--185.21"/><imc name="MEM"><imc name="BINOP" value="ADD"><imc name="TEMP" value="28"/><imc name="CONST" value="8"/></imc></imc></node><node label="AtomExpr" lexeme="9" spec="INT"><location loc="215.34--215.34"/><type label="INT"/><imc name="CONST" value="9"/></node><location loc="215.32--215.34"/><type label="INT"/><imc name="BINOP" value="DIV"><imc name="MEM"><imc name="BINOP" value="ADD"><imc name="TEMP" value="28"/><imc name="CONST" value="8"/></imc></imc><imc name="CONST" value="9"/></imc></node><location loc="215.32--215.34"/></node><location loc="215.24--215.35"/><declaredAt location="122.7--140.12"/><type label="BOOL"/><imc name="CALL" value="L1"><imc name="MEM"><imc name="TEMP" value="28"/></imc><imc name="BINOP" value="DIV"><imc name="MEM"><imc name="BINOP" value="ADD"><imc name="TEMP" value="28"/><imc name="CONST" value="8"/></imc></imc><imc name="CONST" value="9"/></imc></imc></node><node label="FunName" lexeme="check_v"><node label="Args"><node label="BinExpr" spec="MOD"><node label="VarName" lexeme="k"><location loc="215.45--215.45"/><declaredAt location="185.17--185.21"/><imc name="MEM"><imc name="BINOP" value="ADD"><imc name="TEMP" value="28"/><imc name="CONST" value="8"/></imc></imc></node><node label="AtomExpr" lexeme="9" spec="INT"><location loc="215.47--215.47"/><type label="INT"/><imc name="CONST" value="9"/></node><location loc="215.45--215.47"/><type label="INT"/><imc name="BINOP" value="MOD"><imc name="MEM"><imc name="BINOP" value="ADD"><imc name="TEMP" value="28"/><imc name="CONST" value="8"/></imc></imc><imc name="CONST" value="9"/></imc></node><location loc="215.45--215.47"/></node><location loc="215.37--215.48"/><declaredAt location="141.7--159.12"/><type label="BOOL"/><imc name="CALL" value="L2"><imc name="MEM"><imc name="TEMP" value="28"/></imc><imc name="BINOP" value="MOD"><imc name="MEM"><imc name="BINOP" value="ADD"><imc name="TEMP" value="28"/><imc name="CONST" value="8"/></imc></imc><imc name="CONST" value="9"/></imc></imc></node><location loc="215.24--215.48"/><type label="BOOL"/><imc name="BINOP" value="AND"><imc name="CALL" value="L1"><imc name="MEM"><imc name="TEMP" value="28"/></imc><imc name="BINOP" value="DIV"><imc name="MEM"><imc name="BINOP" value="ADD"><imc name="TEMP" value="28"/><imc name="CONST" value="8"/></imc></imc><imc name="CONST" value="9"/></imc></imc><imc name="CALL" value="L2"><imc name="MEM"><imc name="TEMP" value="28"/></imc><imc name="BINOP" value="MOD"><imc name="MEM"><imc name="BINOP" value="ADD"><imc name="TEMP" value="28"/><imc name="CONST" value="8"/></imc></imc><imc name="CONST" value="9"/></imc></imc></imc></node><node label="FunName" lexeme="check_q"><node label="Args"><node label="BinExpr" spec="DIV"><node label="BinExpr" spec="DIV"><node label="VarName" lexeme="k"><location loc="215.59--215.59"/><declaredAt location="185.17--185.21"/><imc name="MEM"><imc name="BINOP" value="ADD"><imc name="TEMP" value="28"/><imc name="CONST" value="8"/></imc></imc></node><node label="AtomExpr" lexeme="9" spec="INT"><location loc="215.61--215.61"/><type label="INT"/><imc name="CONST" value="9"/></node><location loc="215.59--215.61"/><type label="INT"/><imc name="BINOP" value="DIV"><imc name="MEM"><imc name="BINOP" value="ADD"><imc name="TEMP" value="28"/><imc name="CONST" value="8"/></imc></imc><imc name="CONST" value="9"/></imc></node><node label="AtomExpr" lexeme="3" spec="INT"><location loc="215.64--215.64"/><type label="INT"/><imc name="CONST" value="3"/></node><location loc="215.59--215.64"/><type label="INT"/><imc name="BINOP" value="DIV"><imc name="BINOP" value="DIV"><imc name="MEM"><imc name="BINOP" value="ADD"><imc name="TEMP" value="28"/><imc name="CONST" value="8"/></imc></imc><imc name="CONST" value="9"/></imc><imc name="CONST" value="3"/></imc></node><node label="BinExpr" spec="DIV"><node label="BinExpr" spec="MOD"><node label="VarName" lexeme="k"><location loc="215.67--215.67"/><declaredAt location="185.17--185.21"/><imc name="MEM"><imc name="BINOP" value="ADD"><imc name="TEMP" value="28"/><imc name="CONST" value="8"/></imc></imc></node><node label="AtomExpr" lexeme="9" spec="INT"><location loc="215.69--215.69"/><type label="INT"/><imc name="CONST" value="9"/></node><location loc="215.67--215.69"/><type label="INT"/><imc name="BINOP" value="MOD"><imc name="MEM"><imc name="BINOP" value="ADD"><imc name="TEMP" value="28"/><imc name="CONST" value="8"/></imc></imc><imc name="CONST" value="9"/></imc></node><node label="AtomExpr" lexeme="3" spec="INT"><location loc="215.72--215.72"/><type label="INT"/><imc name="CONST" value="3"/></node><location loc="215.67--215.72"/><type label="INT"/><imc name="BINOP" value="DIV"><imc name="BINOP" value="MOD"><imc name="MEM"><imc name="BINOP" value="ADD"><imc name="TEMP" value="28"/><imc name="CONST" value="8"/></imc></imc><imc name="CONST" value="9"/></imc><imc name="CONST" value="3"/></imc></node><location loc="215.59--215.72"/></node><location loc="215.50--215.73"/><declaredAt location="160.7--184.12"/><type label="BOOL"/><imc name="CALL" value="L3"><imc name="MEM"><imc name="TEMP" value="28"/></imc><imc name="BINOP" value="DIV"><imc name="BINOP" value="DIV"><imc name="MEM"><imc name="BINOP" value="ADD"><imc name="TEMP" value="28"/><imc name="CONST" value="8"/></imc></imc><imc name="CONST" value="9"/></imc><imc name="CONST" value="3"/></imc><imc name="BINOP" value="DIV"><imc name="BINOP" value="MOD"><imc name="MEM"><imc name="BINOP" value="ADD"><imc name="TEMP" value="28"/><imc name="CONST" value="8"/></imc></imc><imc name="CONST" value="9"/></imc><imc name="CONST" value="3"/></imc></imc></node><location loc="215.24--215.73"/><type label="BOOL"/><imc name="BINOP" value="AND"><imc name="BINOP" value="AND"><imc name="CALL" value="L1"><imc name="MEM"><imc name="TEMP" value="28"/></imc><imc name="BINOP" value="DIV"><imc name="MEM"><imc name="BINOP" value="ADD"><imc name="TEMP" value="28"/><imc name="CONST" value="8"/></imc></imc><imc name="CONST" value="9"/></imc></imc><imc name="CALL" value="L2"><imc name="MEM"><imc name="TEMP" value="28"/></imc><imc name="BINOP" value="MOD"><imc name="MEM"><imc name="BINOP" value="ADD"><imc name="TEMP" value="28"/><imc name="CONST" value="8"/></imc></imc><imc name="CONST" value="9"/></imc></imc></imc><imc name="CALL" value="L3"><imc name="MEM"><imc name="TEMP" value="28"/></imc><imc name="BINOP" value="DIV"><imc name="BINOP" value="DIV"><imc name="MEM"><imc name="BINOP" value="ADD"><imc name="TEMP" value="28"/><imc name="CONST" value="8"/></imc></imc><imc name="CONST" value="9"/></imc><imc name="CONST" value="3"/></imc><imc name="BINOP" value="DIV"><imc name="BINOP" value="MOD"><imc name="MEM"><imc name="BINOP" value="ADD"><imc name="TEMP" value="28"/><imc name="CONST" value="8"/></imc></imc><imc name="CONST" value="9"/></imc><imc name="CONST" value="3"/></imc></imc></imc></node><node label="Stmts"><node label="AssignStmt"><node label="VarName" lexeme="count"><location loc="216.23--216.27"/><declaredAt location="229.13--229.26"/><imc name="BINOP" value="ADD"><imc name="TEMP" value="28"/><imc name="CONST" value="-8"/></imc></node><node label="BinExpr" spec="ADD"><node label="VarName" lexeme="count"><location loc="216.29--216.33"/><declaredAt location="229.13--229.26"/><imc name="MEM"><imc name="BINOP" value="ADD"><imc name="TEMP" value="28"/><imc name="CONST" value="-8"/></imc></imc></node><node label="FunName" lexeme="solve"><node label="Args"><node label="BinExpr" spec="ADD"><node label="VarName" lexeme="k"><location loc="216.41--216.41"/><declaredAt location="185.17--185.21"/><imc name="MEM"><imc name="BINOP" value="ADD"><imc name="TEMP" value="28"/><imc name="CONST" value="8"/></imc></imc></node><node label="AtomExpr" lexeme="1" spec="INT"><location loc="216.43--216.43"/><type label="INT"/><imc name="CONST" value="1"/></node><location loc="216.41--216.43"/><type label="INT"/><imc name="BINOP" value="ADD"><imc name="MEM"><imc name="BINOP" value="ADD"><imc name="TEMP" value="28"/><imc name="CONST" value="8"/></imc></imc><imc name="CONST" value="1"/></imc></node><node label="VarName" lexeme="n"><location loc="216.45--216.45"/><declaredAt location="185.23--185.27"/><type label="INT"/><imc name="MEM"><imc name="BINOP" value="ADD"><imc name="TEMP" value="28"/><imc name="CONST" value="16"/></imc></imc></node><location loc="216.41--216.45"/></node><location loc="216.35--216.46"/><declaredAt location="185.7--230.12"/><type label="INT"/><imc name="CALL" value="L4"><imc name="MEM"><imc name="TEMP" value="28"/></imc><imc name="BINOP" value="ADD"><imc name="MEM"><imc name="BINOP" value="ADD"><imc name="TEMP" value="28"/><imc name="CONST" value="8"/></imc></imc><imc name="CONST" value="1"/></imc><imc name="MEM"><imc name="BINOP" value="ADD"><imc name="TEMP" value="28"/><imc name="CONST" value="16"/></imc></imc></imc></node><location loc="216.29--216.46"/><type label="INT"/><imc name="BINOP" value="ADD"><imc name="MEM"><imc name="BINOP" value="ADD"><imc name="TEMP" value="28"/><imc name="CONST" value="-8"/></imc></imc><imc name="CALL" value="L4"><imc name="MEM"><imc name="TEMP" value="28"/></imc><imc name="BINOP" value="ADD"><imc name="MEM"><imc name="BINOP" value="ADD"><imc name="TEMP" value="28"/><imc name="CONST" value="8"/></imc></imc><imc name="CONST" value="1"/></imc><imc name="MEM"><imc name="BINOP" value="ADD"><imc name="TEMP" value="28"/><imc name="CONST" value="16"/></imc></imc></imc></imc></node><location loc="216.23--216.46"/><imc name="MOVE"><imc name="MEM"><imc name="BINOP" value="ADD"><imc name="TEMP" value="28"/><imc name="CONST" value="-8"/></imc></imc><imc name="BINOP" value="ADD"><imc name="MEM"><imc name="BINOP" value="ADD"><imc name="TEMP" value="28"/><imc name="CONST" value="-8"/></imc></imc><imc name="CALL" value="L4"><imc name="MEM"><imc name="TEMP" value="28"/></imc><imc name="BINOP" value="ADD"><imc name="MEM"><imc name="BINOP" value="ADD"><imc name="TEMP" value="28"/><imc name="CONST" value="8"/></imc></imc><imc name="CONST" value="1"/></imc><imc name="MEM"><imc name="BINOP" value="ADD"><imc name="TEMP" value="28"/><imc name="CONST" value="16"/></imc></imc></imc></imc></imc></node><location loc="216.23--216.46"/></node><node label="Stmts"><location loc="0.0--0.0"/></node><location loc="215.21--217.23"/><imc name="STMTS"><imc name="CJUMP" value="L94:L95"><imc name="BINOP" value="AND"><imc name="BINOP" value="AND"><imc name="CALL" value="L1"><imc name="MEM"><imc name="TEMP" value="28"/></imc><imc name="BINOP" value="DIV"><imc name="MEM"><imc name="BINOP" value="ADD"><imc name="TEMP" value="28"/><imc name="CONST" value="8"/></imc></imc><imc name="CONST" value="9"/></imc></imc><imc name="CALL" value="L2"><imc name="MEM"><imc name="TEMP" value="28"/></imc><imc name="BINOP" value="MOD"><imc name="MEM"><imc name="BINOP" value="ADD"><imc name="TEMP" value="28"/><imc name="CONST" value="8"/></imc></imc><imc name="CONST" value="9"/></imc></imc></imc><imc name="CALL" value="L3"><imc name="MEM"><imc name="TEMP" value="28"/></imc><imc name="BINOP" value="DIV"><imc name="BINOP" value="DIV"><imc name="MEM"><imc name="BINOP" value="ADD"><imc name="TEMP" value="28"/><imc name="CONST" value="8"/></imc></imc><imc name="CONST" value="9"/></imc><imc name="CONST" value="3"/></imc><imc name="BINOP" value="DIV"><imc name="BINOP" value="MOD"><imc name="MEM"><imc name="BINOP" value="ADD"><imc name="TEMP" value="28"/><imc name="CONST" value="8"/></imc></imc><imc name="CONST" value="9"/></imc><imc name="CONST" value="3"/></imc></imc></imc></imc><imc name="LABEL" value="L94"/><imc name="STMTS"><imc name="MOVE"><imc name="MEM"><imc name="BINOP" value="ADD"><imc name="TEMP" value="28"/><imc name="CONST" value="-8"/></imc></imc><imc name="BINOP" value="ADD"><imc name="MEM"><imc name="BINOP" value="ADD"><imc name="TEMP" value="28"/><imc name="CONST" value="-8"/></imc></imc><imc name="CALL" value="L4"><imc name="MEM"><imc name="TEMP" value="28"/></imc><imc name="BINOP" value="ADD"><imc name="MEM"><imc name="BINOP" value="ADD"><imc name="TEMP" value="28"/><imc name="CONST" value="8"/></imc></imc><imc name="CONST" value="1"/></imc><imc name="MEM"><imc name="BINOP" value="ADD"><imc name="TEMP" value="28"/><imc name="CONST" value="16"/></imc></imc></imc></imc></imc></imc><imc name="LABEL" value="L95"/></imc></node><node label="AssignStmt"><node label="ArrExpr"><node label="UnExpr" spec="DATA"><node label="VarName" lexeme="t1d"><location loc="218.23--218.25"/><declaredAt location="121.7--121.30"/><type label="PTR"><type label="ARR(81)" len="81"><type label="INT"/></type></type><imc name="MEM"><imc name="BINOP" value="ADD"><imc name="MEM"><imc name="TEMP" value="28"/></imc><imc name="CONST" value="-8"/></imc></imc></node><location loc="218.22--218.25"/><type label="ARR(81)" len="81"><type label="INT"/></type><addr/><imc name="BINOP" value="ADD"><imc name="MEM"><imc name="TEMP" value="28"/></imc><imc name="CONST" value="-8"/></imc></node><node label="VarName" lexeme="k"><location loc="218.28--218.28"/><declaredAt location="185.17--185.21"/><imc name="MEM"><imc name="BINOP" value="ADD"><imc name="TEMP" value="28"/><imc name="CONST" value="8"/></imc></imc></node><location loc="218.22--218.29"/><type label="INT"/><addr/><imc name="BINOP" value="ADD"><imc name="MEM"><imc name="BINOP" value="ADD"><imc name="MEM"><imc name="TEMP" value="28"/></imc><imc name="CONST" value="-8"/></imc></imc><imc name="BINOP" value="MUL"><imc name="MEM"><imc name="BINOP" value="ADD"><imc name="TEMP" value="28"/><imc name="CONST" value="8"/></imc></imc><imc name="CONST" value="8"/></imc></imc></node><node label="AtomExpr" lexeme="0" spec="INT"><location loc="218.31--218.31"/><type label="INT"/><imc name="CONST" value="0"/></node><location loc="218.21--218.31"/><imc name="MOVE"><imc name="MEM"><imc name="BINOP" value="ADD"><imc name="MEM"><imc name="BINOP" value="ADD"><imc name="MEM"><imc name="TEMP" value="28"/></imc><imc name="CONST" value="-8"/></imc></imc><imc name="BINOP" value="MUL"><imc name="MEM"><imc name="BINOP" value="ADD"><imc name="TEMP" value="28"/><imc name="CONST" value="8"/></imc></imc><imc name="CONST" value="8"/></imc></imc></imc><imc name="CONST" value="0"/></imc></node><node label="AssignStmt"><node label="VarName" lexeme="d"><location loc="219.21--219.21"/><declaredAt location="223.19--223.28"/><imc name="BINOP" value="ADD"><imc name="TEMP" value="28"/><imc name="CONST" value="-32"/></imc></node><node label="BinExpr" spec="ADD"><node label="VarName" lexeme="d"><location loc="219.23--219.23"/><declaredAt location="223.19--223.28"/><imc name="MEM"><imc name="BINOP" value="ADD"><imc name="TEMP" value="28"/><imc name="CONST" value="-32"/></imc></imc></node><node label="AtomExpr" lexeme="1" spec="INT"><location loc="219.25--219.25"/><type label="INT"/><imc name="CONST" value="1"/></node><location loc="219.23--219.25"/><type label="INT"/><imc name="BINOP" value="ADD"><imc name="MEM"><imc name="BINOP" value="ADD"><imc name="TEMP" value="28"/><imc name="CONST" value="-32"/></imc></imc><imc name="CONST" value="1"/></imc></node><location loc="219.21--219.25"/><imc name="MOVE"><imc name="MEM"><imc name="BINOP" value="ADD"><imc name="TEMP" value="28"/><imc name="CONST" value="-32"/></imc></imc><imc name="BINOP" value="ADD"><imc name="MEM"><imc name="BINOP" value="ADD"><imc name="TEMP" value="28"/><imc name="CONST" value="-32"/></imc></imc><imc name="CONST" value="1"/></imc></imc></node><location loc="214.21--219.25"/></node><location loc="213.19--220.21"/><imc name="STMTS"><imc name="LABEL" value="L96"/><imc name="CJUMP" value="L97:L98"><imc name="BINOP" value="LEQ"><imc name="MEM"><imc name="BINOP" value="ADD"><imc name="TEMP" value="28"/><imc name="CONST" value="-32"/></imc></imc><imc name="CONST" value="9"/></imc></imc><imc name="LABEL" value="L97"/><imc name="STMTS"><imc name="MOVE"><imc name="MEM"><imc name="BINOP" value="ADD"><imc name="MEM"><imc name="BINOP" value="ADD"><imc name="MEM"><imc name="TEMP" value="28"/></imc><imc name="CONST" value="-8"/></imc></imc><imc name="BINOP" value="MUL"><imc name="MEM"><imc name="BINOP" value="ADD"><imc name="TEMP" value="28"/><imc name="CONST" value="8"/></imc></imc><imc name="CONST" value="8"/></imc></imc></imc><imc name="MEM"><imc name="BINOP" value="ADD"><imc name="TEMP" value="28"/><imc name="CONST" value="-32"/></imc></imc></imc><imc name="STMTS"><imc name="CJUMP" value="L94:L95"><imc name="BINOP" value="AND"><imc name="BINOP" value="AND"><imc name="CALL" value="L1"><imc name="MEM"><imc name="TEMP" value="28"/></imc><imc name="BINOP" value="DIV"><imc name="MEM"><imc name="BINOP" value="ADD"><imc name="TEMP" value="28"/><imc name="CONST" value="8"/></imc></imc><imc name="CONST" value="9"/></imc></imc><imc name="CALL" value="L2"><imc name="MEM"><imc name="TEMP" value="28"/></imc><imc name="BINOP" value="MOD"><imc name="MEM"><imc name="BINOP" value="ADD"><imc name="TEMP" value="28"/><imc name="CONST" value="8"/></imc></imc><imc name="CONST" value="9"/></imc></imc></imc><imc name="CALL" value="L3"><imc name="MEM"><imc name="TEMP" value="28"/></imc><imc name="BINOP" value="DIV"><imc name="BINOP" value="DIV"><imc name="MEM"><imc name="BINOP" value="ADD"><imc name="TEMP" value="28"/><imc name="CONST" value="8"/></imc></imc><imc name="CONST" value="9"/></imc><imc name="CONST" value="3"/></imc><imc name="BINOP" value="DIV"><imc name="BINOP" value="MOD"><imc name="MEM"><imc name="BINOP" value="ADD"><imc name="TEMP" value="28"/><imc name="CONST" value="8"/></imc></imc><imc name="CONST" value="9"/></imc><imc name="CONST" value="3"/></imc></imc></imc></imc><imc name="LABEL" value="L94"/><imc name="STMTS"><imc name="MOVE"><imc name="MEM"><imc name="BINOP" value="ADD"><imc name="TEMP" value="28"/><imc name="CONST" value="-8"/></imc></imc><imc name="BINOP" value="ADD"><imc name="MEM"><imc name="BINOP" value="ADD"><imc name="TEMP" value="28"/><imc name="CONST" value="-8"/></imc></imc><imc name="CALL" value="L4"><imc name="MEM"><imc name="TEMP" value="28"/></imc><imc name="BINOP" value="ADD"><imc name="MEM"><imc name="BINOP" value="ADD"><imc name="TEMP" value="28"/><imc name="CONST" value="8"/></imc></imc><imc name="CONST" value="1"/></imc><imc name="MEM"><imc name="BINOP" value="ADD"><imc name="TEMP" value="28"/><imc name="CONST" value="16"/></imc></imc></imc></imc></imc></imc><imc name="LABEL" value="L95"/></imc><imc name="MOVE"><imc name="MEM"><imc name="BINOP" value="ADD"><imc name="MEM"><imc name="BINOP" value="ADD"><imc name="MEM"><imc name="TEMP" value="28"/></imc><imc name="CONST" value="-8"/></imc></imc><imc name="BINOP" value="MUL"><imc name="MEM"><imc name="BINOP" value="ADD"><imc name="TEMP" value="28"/><imc name="CONST" value="8"/></imc></imc><imc name="CONST" value="8"/></imc></imc></imc><imc name="CONST" value="0"/></imc><imc name="MOVE"><imc name="MEM"><imc name="BINOP" value="ADD"><imc name="TEMP" value="28"/><imc name="CONST" value="-32"/></imc></imc><imc name="BINOP" value="ADD"><imc name="MEM"><imc name="BINOP" value="ADD"><imc name="TEMP" value="28"/><imc name="CONST" value="-32"/></imc></imc><imc name="CONST" value="1"/></imc></imc></imc><imc name="JUMP" value="L96"/><imc name="LABEL" value="L98"/></imc></node><location loc="211.19--220.21"/></node><node label="AtomExpr" lexeme="none" spec="VOID"><location loc="221.19--221.22"/><type label="VOID"/><imc name="CONST" value="0"/></node><location loc="211.19--223.28"/><type label="VOID"/><imc name="SEXPR"><imc name="STMTS"><imc name="MOVE"><imc name="MEM"><imc name="BINOP" value="ADD"><imc name="TEMP" value="28"/><imc name="CONST" value="-8"/></imc></imc><imc name="CONST" value="0"/></imc><imc name="MOVE"><imc name="MEM"><imc name="BINOP" value="ADD"><imc name="TEMP" value="28"/><imc name="CONST" value="-32"/></imc></imc><imc name="CONST" value="1"/></imc><imc name="STMTS"><imc name="LABEL" value="L96"/><imc name="CJUMP" value="L97:L98"><imc name="BINOP" value="LEQ"><imc name="MEM"><imc name="BINOP" value="ADD"><imc name="TEMP" value="28"/><imc name="CONST" value="-32"/></imc></imc><imc name="CONST" value="9"/></imc></imc><imc name="LABEL" value="L97"/><imc name="STMTS"><imc name="MOVE"><imc name="MEM"><imc name="BINOP" value="ADD"><imc name="MEM"><imc name="BINOP" value="ADD"><imc name="MEM"><imc name="TEMP" value="28"/></imc><imc name="CONST" value="-8"/></imc></imc><imc name="BINOP" value="MUL"><imc name="MEM"><imc name="BINOP" value="ADD"><imc name="TEMP" value="28"/><imc name="CONST" value="8"/></imc></imc><imc name="CONST" value="8"/></imc></imc></imc><imc name="MEM"><imc name="BINOP" value="ADD"><imc name="TEMP" value="28"/><imc name="CONST" value="-32"/></imc></imc></imc><imc name="STMTS"><imc name="CJUMP" value="L94:L95"><imc name="BINOP" value="AND"><imc name="BINOP" value="AND"><imc name="CALL" value="L1"><imc name="MEM"><imc name="TEMP" value="28"/></imc><imc name="BINOP" value="DIV"><imc name="MEM"><imc name="BINOP" value="ADD"><imc name="TEMP" value="28"/><imc name="CONST" value="8"/></imc></imc><imc name="CONST" value="9"/></imc></imc><imc name="CALL" value="L2"><imc name="MEM"><imc name="TEMP" value="28"/></imc><imc name="BINOP" value="MOD"><imc name="MEM"><imc name="BINOP" value="ADD"><imc name="TEMP" value="28"/><imc name="CONST" value="8"/></imc></imc><imc name="CONST" value="9"/></imc></imc></imc><imc name="CALL" value="L3"><imc name="MEM"><imc name="TEMP" value="28"/></imc><imc name="BINOP" value="DIV"><imc name="BINOP" value="DIV"><imc name="MEM"><imc name="BINOP" value="ADD"><imc name="TEMP" value="28"/><imc name="CONST" value="8"/></imc></imc><imc name="CONST" value="9"/></imc><imc name="CONST" value="3"/></imc><imc name="BINOP" value="DIV"><imc name="BINOP" value="MOD"><imc name="MEM"><imc name="BINOP" value="ADD"><imc name="TEMP" value="28"/><imc name="CONST" value="8"/></imc></imc><imc name="CONST" value="9"/></imc><imc name="CONST" value="3"/></imc></imc></imc></imc><imc name="LABEL" value="L94"/><imc name="STMTS"><imc name="MOVE"><imc name="MEM"><imc name="BINOP" value="ADD"><imc name="TEMP" value="28"/><imc name="CONST" value="-8"/></imc></imc><imc name="BINOP" value="ADD"><imc name="MEM"><imc name="BINOP" value="ADD"><imc name="TEMP" value="28"/><imc name="CONST" value="-8"/></imc></imc><imc name="CALL" value="L4"><imc name="MEM"><imc name="TEMP" value="28"/></imc><imc name="BINOP" value="ADD"><imc name="MEM"><imc name="BINOP" value="ADD"><imc name="TEMP" value="28"/><imc name="CONST" value="8"/></imc></imc><imc name="CONST" value="1"/></imc><imc name="MEM"><imc name="BINOP" value="ADD"><imc name="TEMP" value="28"/><imc name="CONST" value="16"/></imc></imc></imc></imc></imc></imc><imc name="LABEL" value="L95"/></imc><imc name="MOVE"><imc name="MEM"><imc name="BINOP" value="ADD"><imc name="MEM"><imc name="BINOP" value="ADD"><imc name="MEM"><imc name="TEMP" value="28"/></imc><imc name="CONST" value="-8"/></imc></imc><imc name="BINOP" value="MUL"><imc name="MEM"><imc name="BINOP" value="ADD"><imc name="TEMP" value="28"/><imc name="CONST" value="8"/></imc></imc><imc name="CONST" value="8"/></imc></imc></imc><imc name="CONST" value="0"/></imc><imc name="MOVE"><imc name="MEM"><imc name="BINOP" value="ADD"><imc name="TEMP" value="28"/><imc name="CONST" value="-32"/></imc></imc><imc name="BINOP" value="ADD"><imc name="MEM"><imc name="BINOP" value="ADD"><imc name="TEMP" value="28"/><imc name="CONST" value="-32"/></imc></imc><imc name="CONST" value="1"/></imc></imc></imc><imc name="JUMP" value="L96"/><imc name="LABEL" value="L98"/></imc></imc><imc name="CONST" value="0"/></imc></node><location loc="211.17--224.17"/><imc name="ESTMT"><imc name="SEXPR"><imc name="STMTS"><imc name="MOVE"><imc name="MEM"><imc name="BINOP" value="ADD"><imc name="TEMP" value="28"/><imc name="CONST" value="-8"/></imc></imc><imc name="CONST" value="0"/></imc><imc name="MOVE"><imc name="MEM"><imc name="BINOP" value="ADD"><imc name="TEMP" value="28"/><imc name="CONST" value="-32"/></imc></imc><imc name="CONST" value="1"/></imc><imc name="STMTS"><imc name="LABEL" value="L96"/><imc name="CJUMP" value="L97:L98"><imc name="BINOP" value="LEQ"><imc name="MEM"><imc name="BINOP" value="ADD"><imc name="TEMP" value="28"/><imc name="CONST" value="-32"/></imc></imc><imc name="CONST" value="9"/></imc></imc><imc name="LABEL" value="L97"/><imc name="STMTS"><imc name="MOVE"><imc name="MEM"><imc name="BINOP" value="ADD"><imc name="MEM"><imc name="BINOP" value="ADD"><imc name="MEM"><imc name="TEMP" value="28"/></imc><imc name="CONST" value="-8"/></imc></imc><imc name="BINOP" value="MUL"><imc name="MEM"><imc name="BINOP" value="ADD"><imc name="TEMP" value="28"/><imc name="CONST" value="8"/></imc></imc><imc name="CONST" value="8"/></imc></imc></imc><imc name="MEM"><imc name="BINOP" value="ADD"><imc name="TEMP" value="28"/><imc name="CONST" value="-32"/></imc></imc></imc><imc name="STMTS"><imc name="CJUMP" value="L94:L95"><imc name="BINOP" value="AND"><imc name="BINOP" value="AND"><imc name="CALL" value="L1"><imc name="MEM"><imc name="TEMP" value="28"/></imc><imc name="BINOP" value="DIV"><imc name="MEM"><imc name="BINOP" value="ADD"><imc name="TEMP" value="28"/><imc name="CONST" value="8"/></imc></imc><imc name="CONST" value="9"/></imc></imc><imc name="CALL" value="L2"><imc name="MEM"><imc name="TEMP" value="28"/></imc><imc name="BINOP" value="MOD"><imc name="MEM"><imc name="BINOP" value="ADD"><imc name="TEMP" value="28"/><imc name="CONST" value="8"/></imc></imc><imc name="CONST" value="9"/></imc></imc></imc><imc name="CALL" value="L3"><imc name="MEM"><imc name="TEMP" value="28"/></imc><imc name="BINOP" value="DIV"><imc name="BINOP" value="DIV"><imc name="MEM"><imc name="BINOP" value="ADD"><imc name="TEMP" value="28"/><imc name="CONST" value="8"/></imc></imc><imc name="CONST" value="9"/></imc><imc name="CONST" value="3"/></imc><imc name="BINOP" value="DIV"><imc name="BINOP" value="MOD"><imc name="MEM"><imc name="BINOP" value="ADD"><imc name="TEMP" value="28"/><imc name="CONST" value="8"/></imc></imc><imc name="CONST" value="9"/></imc><imc name="CONST" value="3"/></imc></imc></imc></imc><imc name="LABEL" value="L94"/><imc name="STMTS"><imc name="MOVE"><imc name="MEM"><imc name="BINOP" value="ADD"><imc name="TEMP" value="28"/><imc name="CONST" value="-8"/></imc></imc><imc name="BINOP" value="ADD"><imc name="MEM"><imc name="BINOP" value="ADD"><imc name="TEMP" value="28"/><imc name="CONST" value="-8"/></imc></imc><imc name="CALL" value="L4"><imc name="MEM"><imc name="TEMP" value="28"/></imc><imc name="BINOP" value="ADD"><imc name="MEM"><imc name="BINOP" value="ADD"><imc name="TEMP" value="28"/><imc name="CONST" value="8"/></imc></imc><imc name="CONST" value="1"/></imc><imc name="MEM"><imc name="BINOP" value="ADD"><imc name="TEMP" value="28"/><imc name="CONST" value="16"/></imc></imc></imc></imc></imc></imc><imc name="LABEL" value="L95"/></imc><imc name="MOVE"><imc name="MEM"><imc name="BINOP" value="ADD"><imc name="MEM"><imc name="BINOP" value="ADD"><imc name="MEM"><imc name="TEMP" value="28"/></imc><imc name="CONST" value="-8"/></imc></imc><imc name="BINOP" value="MUL"><imc name="MEM"><imc name="BINOP" value="ADD"><imc name="TEMP" value="28"/><imc name="CONST" value="8"/></imc></imc><imc name="CONST" value="8"/></imc></imc></imc><imc name="CONST" value="0"/></imc><imc name="MOVE"><imc name="MEM"><imc name="BINOP" value="ADD"><imc name="TEMP" value="28"/><imc name="CONST" value="-32"/></imc></imc><imc name="BINOP" value="ADD"><imc name="MEM"><imc name="BINOP" value="ADD"><imc name="TEMP" value="28"/><imc name="CONST" value="-32"/></imc></imc><imc name="CONST" value="1"/></imc></imc></imc><imc name="JUMP" value="L96"/><imc name="LABEL" value="L98"/></imc></imc><imc name="CONST" value="0"/></imc></imc></node><location loc="211.17--224.17"/></node><location loc="208.15--225.17"/><imc name="STMTS"><imc name="CJUMP" value="L99:L100"><imc name="BINOP" value="NEQ"><imc name="MEM"><imc name="BINOP" value="ADD"><imc name="MEM"><imc name="BINOP" value="ADD"><imc name="MEM"><imc name="TEMP" value="28"/></imc><imc name="CONST" value="-8"/></imc></imc><imc name="BINOP" value="MUL"><imc name="MEM"><imc name="BINOP" value="ADD"><imc name="TEMP" value="28"/><imc name="CONST" value="8"/></imc></imc><imc name="CONST" value="8"/></imc></imc></imc><imc name="CONST" value="0"/></imc></imc><imc name="LABEL" value="L99"/><imc name="STMTS"><imc name="MOVE"><imc name="MEM"><imc name="BINOP" value="ADD"><imc name="TEMP" value="28"/><imc name="CONST" value="-8"/></imc></imc><imc name="CALL" value="L4"><imc name="MEM"><imc name="TEMP" value="28"/></imc><imc name="BINOP" value="ADD"><imc name="MEM"><imc name="BINOP" value="ADD"><imc name="TEMP" value="28"/><imc name="CONST" value="8"/></imc></imc><imc name="CONST" value="1"/></imc><imc name="MEM"><imc name="BINOP" value="ADD"><imc name="TEMP" value="28"/><imc name="CONST" value="16"/></imc></imc></imc></imc></imc><imc name="JUMP" value="L101"/><imc name="LABEL" value="L100"/><imc name="STMTS"><imc name="ESTMT"><imc name="SEXPR"><imc name="STMTS"><imc name="MOVE"><imc name="MEM"><imc name="BINOP" value="ADD"><imc name="TEMP" value="28"/><imc name="CONST" value="-8"/></imc></imc><imc name="CONST" value="0"/></imc><imc name="MOVE"><imc name="MEM"><imc name="BINOP" value="ADD"><imc name="TEMP" value="28"/><imc name="CONST" value="-32"/></imc></imc><imc name="CONST" value="1"/></imc><imc name="STMTS"><imc name="LABEL" value="L96"/><imc name="CJUMP" value="L97:L98"><imc name="BINOP" value="LEQ"><imc name="MEM"><imc name="BINOP" value="ADD"><imc name="TEMP" value="28"/><imc name="CONST" value="-32"/></imc></imc><imc name="CONST" value="9"/></imc></imc><imc name="LABEL" value="L97"/><imc name="STMTS"><imc name="MOVE"><imc name="MEM"><imc name="BINOP" value="ADD"><imc name="MEM"><imc name="BINOP" value="ADD"><imc name="MEM"><imc name="TEMP" value="28"/></imc><imc name="CONST" value="-8"/></imc></imc><imc name="BINOP" value="MUL"><imc name="MEM"><imc name="BINOP" value="ADD"><imc name="TEMP" value="28"/><imc name="CONST" value="8"/></imc></imc><imc name="CONST" value="8"/></imc></imc></imc><imc name="MEM"><imc name="BINOP" value="ADD"><imc name="TEMP" value="28"/><imc name="CONST" value="-32"/></imc></imc></imc><imc name="STMTS"><imc name="CJUMP" value="L94:L95"><imc name="BINOP" value="AND"><imc name="BINOP" value="AND"><imc name="CALL" value="L1"><imc name="MEM"><imc name="TEMP" value="28"/></imc><imc name="BINOP" value="DIV"><imc name="MEM"><imc name="BINOP" value="ADD"><imc name="TEMP" value="28"/><imc name="CONST" value="8"/></imc></imc><imc name="CONST" value="9"/></imc></imc><imc name="CALL" value="L2"><imc name="MEM"><imc name="TEMP" value="28"/></imc><imc name="BINOP" value="MOD"><imc name="MEM"><imc name="BINOP" value="ADD"><imc name="TEMP" value="28"/><imc name="CONST" value="8"/></imc></imc><imc name="CONST" value="9"/></imc></imc></imc><imc name="CALL" value="L3"><imc name="MEM"><imc name="TEMP" value="28"/></imc><imc name="BINOP" value="DIV"><imc name="BINOP" value="DIV"><imc name="MEM"><imc name="BINOP" value="ADD"><imc name="TEMP" value="28"/><imc name="CONST" value="8"/></imc></imc><imc name="CONST" value="9"/></imc><imc name="CONST" value="3"/></imc><imc name="BINOP" value="DIV"><imc name="BINOP" value="MOD"><imc name="MEM"><imc name="BINOP" value="ADD"><imc name="TEMP" value="28"/><imc name="CONST" value="8"/></imc></imc><imc name="CONST" value="9"/></imc><imc name="CONST" value="3"/></imc></imc></imc></imc><imc name="LABEL" value="L94"/><imc name="STMTS"><imc name="MOVE"><imc name="MEM"><imc name="BINOP" value="ADD"><imc name="TEMP" value="28"/><imc name="CONST" value="-8"/></imc></imc><imc name="BINOP" value="ADD"><imc name="MEM"><imc name="BINOP" value="ADD"><imc name="TEMP" value="28"/><imc name="CONST" value="-8"/></imc></imc><imc name="CALL" value="L4"><imc name="MEM"><imc name="TEMP" value="28"/></imc><imc name="BINOP" value="ADD"><imc name="MEM"><imc name="BINOP" value="ADD"><imc name="TEMP" value="28"/><imc name="CONST" value="8"/></imc></imc><imc name="CONST" value="1"/></imc><imc name="MEM"><imc name="BINOP" value="ADD"><imc name="TEMP" value="28"/><imc name="CONST" value="16"/></imc></imc></imc></imc></imc></imc><imc name="LABEL" value="L95"/></imc><imc name="MOVE"><imc name="MEM"><imc name="BINOP" value="ADD"><imc name="MEM"><imc name="BINOP" value="ADD"><imc name="MEM"><imc name="TEMP" value="28"/></imc><imc name="CONST" value="-8"/></imc></imc><imc name="BINOP" value="MUL"><imc name="MEM"><imc name="BINOP" value="ADD"><imc name="TEMP" value="28"/><imc name="CONST" value="8"/></imc></imc><imc name="CONST" value="8"/></imc></imc></imc><imc name="CONST" value="0"/></imc><imc name="MOVE"><imc name="MEM"><imc name="BINOP" value="ADD"><imc name="TEMP" value="28"/><imc name="CONST" value="-32"/></imc></imc><imc name="BINOP" value="ADD"><imc name="MEM"><imc name="BINOP" value="ADD"><imc name="TEMP" value="28"/><imc name="CONST" value="-32"/></imc></imc><imc name="CONST" value="1"/></imc></imc></imc><imc name="JUMP" value="L96"/><imc name="LABEL" value="L98"/></imc></imc><imc name="CONST" value="0"/></imc></imc></imc><imc name="LABEL" value="L101"/></imc></node><location loc="208.15--225.17"/></node><location loc="186.13--226.15"/><imc name="STMTS"><imc name="CJUMP" value="L102:L103"><imc name="BINOP" value="EQU"><imc name="MEM"><imc name="BINOP" value="ADD"><imc name="TEMP" value="28"/><imc name="CONST" value="8"/></imc></imc><imc name="MEM"><imc name="BINOP" value="ADD"><imc name="TEMP" value="28"/><imc name="CONST" value="16"/></imc></imc></imc></imc><imc name="LABEL" value="L102"/><imc name="STMTS"><imc name="ESTMT"><imc name="SEXPR"><imc name="STMTS"><imc name="STMTS"><imc name="CJUMP" value="L92:L93"><imc name="CONST" value="1"/></imc><imc name="LABEL" value="L92"/><imc name="STMTS"><imc name="MOVE"><imc name="MEM"><imc name="BINOP" value="ADD"><imc name="TEMP" value="28"/><imc name="CONST" value="-16"/></imc></imc><imc name="CONST" value="0"/></imc><imc name="STMTS"><imc name="LABEL" value="L89"/><imc name="CJUMP" value="L90:L91"><imc name="BINOP" value="LTH"><imc name="MEM"><imc name="BINOP" value="ADD"><imc name="TEMP" value="28"/><imc name="CONST" value="-16"/></imc></imc><imc name="CONST" value="9"/></imc></imc><imc name="LABEL" value="L90"/><imc name="STMTS"><imc name="MOVE"><imc name="MEM"><imc name="BINOP" value="ADD"><imc name="TEMP" value="28"/><imc name="CONST" value="-24"/></imc></imc><imc name="CONST" value="0"/></imc><imc name="STMTS"><imc name="LABEL" value="L86"/><imc name="CJUMP" value="L87:L88"><imc name="BINOP" value="LTH"><imc name="MEM"><imc name="BINOP" value="ADD"><imc name="TEMP" value="28"/><imc name="CONST" value="-24"/></imc></imc><imc name="CONST" value="9"/></imc></imc><imc name="LABEL" value="L87"/><imc name="STMTS"><imc name="ESTMT"><imc name="CALL" value="_putInt"><imc name="MEM"><imc name="MEM"><imc name="TEMP" value="28"/></imc></imc><imc name="MEM"><imc name="BINOP" value="ADD"><imc name="BINOP" value="ADD"><imc name="MEM"><imc name="BINOP" value="ADD"><imc name="MEM"><imc name="TEMP" value="28"/></imc><imc name="CONST" value="8"/></imc></imc><imc name="BINOP" value="MUL"><imc name="MEM"><imc name="BINOP" value="ADD"><imc name="TEMP" value="28"/><imc name="CONST" value="-16"/></imc></imc><imc name="CONST" value="72"/></imc></imc><imc name="BINOP" value="MUL"><imc name="MEM"><imc name="BINOP" value="ADD"><imc name="TEMP" value="28"/><imc name="CONST" value="-24"/></imc></imc><imc name="CONST" value="8"/></imc></imc></imc></imc></imc><imc name="ESTMT"><imc name="CALL" value="_putChar"><imc name="MEM"><imc name="MEM"><imc name="TEMP" value="28"/></imc></imc><imc name="CONST" value="32"/></imc></imc><imc name="MOVE"><imc name="MEM"><imc name="BINOP" value="ADD"><imc name="TEMP" value="28"/><imc name="CONST" value="-24"/></imc></imc><imc name="BINOP" value="ADD"><imc name="MEM"><imc name="BINOP" value="ADD"><imc name="TEMP" value="28"/><imc name="CONST" value="-24"/></imc></imc><imc name="CONST" value="1"/></imc></imc></imc><imc name="JUMP" value="L86"/><imc name="LABEL" value="L88"/></imc><imc name="ESTMT"><imc name="CALL" value="_putChar"><imc name="MEM"><imc name="MEM"><imc name="TEMP" value="28"/></imc></imc><imc name="BINOP" value="MOD"><imc name="CONST" value="10"/><imc name="CONST" value="256"/></imc></imc></imc><imc name="MOVE"><imc name="MEM"><imc name="BINOP" value="ADD"><imc name="TEMP" value="28"/><imc name="CONST" value="-16"/></imc></imc><imc name="BINOP" value="ADD"><imc name="MEM"><imc name="BINOP" value="ADD"><imc name="TEMP" value="28"/><imc name="CONST" value="-16"/></imc></imc><imc name="CONST" value="1"/></imc></imc></imc><imc name="JUMP" value="L89"/><imc name="LABEL" value="L91"/></imc><imc name="ESTMT"><imc name="CALL" value="_putChar"><imc name="MEM"><imc name="MEM"><imc name="TEMP" value="28"/></imc></imc><imc name="BINOP" value="MOD"><imc name="CONST" value="10"/><imc name="CONST" value="256"/></imc></imc></imc></imc><imc name="LABEL" value="L93"/></imc></imc><imc name="CONST" value="0"/></imc></imc><imc name="MOVE"><imc name="MEM"><imc name="BINOP" value="ADD"><imc name="TEMP" value="28"/><imc name="CONST" value="-8"/></imc></imc><imc name="CONST" value="1"/></imc></imc><imc name="JUMP" value="L104"/><imc name="LABEL" value="L103"/><imc name="STMTS"><imc name="STMTS"><imc name="CJUMP" value="L99:L100"><imc name="BINOP" value="NEQ"><imc name="MEM"><imc name="BINOP" value="ADD"><imc name="MEM"><imc name="BINOP" value="ADD"><imc name="MEM"><imc name="TEMP" value="28"/></imc><imc name="CONST" value="-8"/></imc></imc><imc name="BINOP" value="MUL"><imc name="MEM"><imc name="BINOP" value="ADD"><imc name="TEMP" value="28"/><imc name="CONST" value="8"/></imc></imc><imc name="CONST" value="8"/></imc></imc></imc><imc name="CONST" value="0"/></imc></imc><imc name="LABEL" value="L99"/><imc name="STMTS"><imc name="MOVE"><imc name="MEM"><imc name="BINOP" value="ADD"><imc name="TEMP" value="28"/><imc name="CONST" value="-8"/></imc></imc><imc name="CALL" value="L4"><imc name="MEM"><imc name="TEMP" value="28"/></imc><imc name="BINOP" value="ADD"><imc name="MEM"><imc name="BINOP" value="ADD"><imc name="TEMP" value="28"/><imc name="CONST" value="8"/></imc></imc><imc name="CONST" value="1"/></imc><imc name="MEM"><imc name="BINOP" value="ADD"><imc name="TEMP" value="28"/><imc name="CONST" value="16"/></imc></imc></imc></imc></imc><imc name="JUMP" value="L101"/><imc name="LABEL" value="L100"/><imc name="STMTS"><imc name="ESTMT"><imc name="SEXPR"><imc name="STMTS"><imc name="MOVE"><imc name="MEM"><imc name="BINOP" value="ADD"><imc name="TEMP" value="28"/><imc name="CONST" value="-8"/></imc></imc><imc name="CONST" value="0"/></imc><imc name="MOVE"><imc name="MEM"><imc name="BINOP" value="ADD"><imc name="TEMP" value="28"/><imc name="CONST" value="-32"/></imc></imc><imc name="CONST" value="1"/></imc><imc name="STMTS"><imc name="LABEL" value="L96"/><imc name="CJUMP" value="L97:L98"><imc name="BINOP" value="LEQ"><imc name="MEM"><imc name="BINOP" value="ADD"><imc name="TEMP" value="28"/><imc name="CONST" value="-32"/></imc></imc><imc name="CONST" value="9"/></imc></imc><imc name="LABEL" value="L97"/><imc name="STMTS"><imc name="MOVE"><imc name="MEM"><imc name="BINOP" value="ADD"><imc name="MEM"><imc name="BINOP" value="ADD"><imc name="MEM"><imc name="TEMP" value="28"/></imc><imc name="CONST" value="-8"/></imc></imc><imc name="BINOP" value="MUL"><imc name="MEM"><imc name="BINOP" value="ADD"><imc name="TEMP" value="28"/><imc name="CONST" value="8"/></imc></imc><imc name="CONST" value="8"/></imc></imc></imc><imc name="MEM"><imc name="BINOP" value="ADD"><imc name="TEMP" value="28"/><imc name="CONST" value="-32"/></imc></imc></imc><imc name="STMTS"><imc name="CJUMP" value="L94:L95"><imc name="BINOP" value="AND"><imc name="BINOP" value="AND"><imc name="CALL" value="L1"><imc name="MEM"><imc name="TEMP" value="28"/></imc><imc name="BINOP" value="DIV"><imc name="MEM"><imc name="BINOP" value="ADD"><imc name="TEMP" value="28"/><imc name="CONST" value="8"/></imc></imc><imc name="CONST" value="9"/></imc></imc><imc name="CALL" value="L2"><imc name="MEM"><imc name="TEMP" value="28"/></imc><imc name="BINOP" value="MOD"><imc name="MEM"><imc name="BINOP" value="ADD"><imc name="TEMP" value="28"/><imc name="CONST" value="8"/></imc></imc><imc name="CONST" value="9"/></imc></imc></imc><imc name="CALL" value="L3"><imc name="MEM"><imc name="TEMP" value="28"/></imc><imc name="BINOP" value="DIV"><imc name="BINOP" value="DIV"><imc name="MEM"><imc name="BINOP" value="ADD"><imc name="TEMP" value="28"/><imc name="CONST" value="8"/></imc></imc><imc name="CONST" value="9"/></imc><imc name="CONST" value="3"/></imc><imc name="BINOP" value="DIV"><imc name="BINOP" value="MOD"><imc name="MEM"><imc name="BINOP" value="ADD"><imc name="TEMP" value="28"/><imc name="CONST" value="8"/></imc></imc><imc name="CONST" value="9"/></imc><imc name="CONST" value="3"/></imc></imc></imc></imc><imc name="LABEL" value="L94"/><imc name="STMTS"><imc name="MOVE"><imc name="MEM"><imc name="BINOP" value="ADD"><imc name="TEMP" value="28"/><imc name="CONST" value="-8"/></imc></imc><imc name="BINOP" value="ADD"><imc name="MEM"><imc name="BINOP" value="ADD"><imc name="TEMP" value="28"/><imc name="CONST" value="-8"/></imc></imc><imc name="CALL" value="L4"><imc name="MEM"><imc name="TEMP" value="28"/></imc><imc name="BINOP" value="ADD"><imc name="MEM"><imc name="BINOP" value="ADD"><imc name="TEMP" value="28"/><imc name="CONST" value="8"/></imc></imc><imc name="CONST" value="1"/></imc><imc name="MEM"><imc name="BINOP" value="ADD"><imc name="TEMP" value="28"/><imc name="CONST" value="16"/></imc></imc></imc></imc></imc></imc><imc name="LABEL" value="L95"/></imc><imc name="MOVE"><imc name="MEM"><imc name="BINOP" value="ADD"><imc name="MEM"><imc name="BINOP" value="ADD"><imc name="MEM"><imc name="TEMP" value="28"/></imc><imc name="CONST" value="-8"/></imc></imc><imc name="BINOP" value="MUL"><imc name="MEM"><imc name="BINOP" value="ADD"><imc name="TEMP" value="28"/><imc name="CONST" value="8"/></imc></imc><imc name="CONST" value="8"/></imc></imc></imc><imc name="CONST" value="0"/></imc><imc name="MOVE"><imc name="MEM"><imc name="BINOP" value="ADD"><imc name="TEMP" value="28"/><imc name="CONST" value="-32"/></imc></imc><imc name="BINOP" value="ADD"><imc name="MEM"><imc name="BINOP" value="ADD"><imc name="TEMP" value="28"/><imc name="CONST" value="-32"/></imc></imc><imc name="CONST" value="1"/></imc></imc></imc><imc name="JUMP" value="L96"/><imc name="LABEL" value="L98"/></imc></imc><imc name="CONST" value="0"/></imc></imc></imc><imc name="LABEL" value="L101"/></imc></imc><imc name="LABEL" value="L104"/></imc></node><location loc="186.13--226.15"/></node><node label="VarName" lexeme="count"><location loc="227.13--227.17"/><declaredAt location="229.13--229.26"/><imc name="MEM"><imc name="BINOP" value="ADD"><imc name="TEMP" value="28"/><imc name="CONST" value="-8"/></imc></imc></node><location loc="186.13--229.26"/><type label="INT"/><imc name="SEXPR"><imc name="STMTS"><imc name="STMTS"><imc name="CJUMP" value="L102:L103"><imc name="BINOP" value="EQU"><imc name="MEM"><imc name="BINOP" value="ADD"><imc name="TEMP" value="28"/><imc name="CONST" value="8"/></imc></imc><imc name="MEM"><imc name="BINOP" value="ADD"><imc name="TEMP" value="28"/><imc name="CONST" value="16"/></imc></imc></imc></imc><imc name="LABEL" value="L102"/><imc name="STMTS"><imc name="ESTMT"><imc name="SEXPR"><imc name="STMTS"><imc name="STMTS"><imc name="CJUMP" value="L92:L93"><imc name="CONST" value="1"/></imc><imc name="LABEL" value="L92"/><imc name="STMTS"><imc name="MOVE"><imc name="MEM"><imc name="BINOP" value="ADD"><imc name="TEMP" value="28"/><imc name="CONST" value="-16"/></imc></imc><imc name="CONST" value="0"/></imc><imc name="STMTS"><imc name="LABEL" value="L89"/><imc name="CJUMP" value="L90:L91"><imc name="BINOP" value="LTH"><imc name="MEM"><imc name="BINOP" value="ADD"><imc name="TEMP" value="28"/><imc name="CONST" value="-16"/></imc></imc><imc name="CONST" value="9"/></imc></imc><imc name="LABEL" value="L90"/><imc name="STMTS"><imc name="MOVE"><imc name="MEM"><imc name="BINOP" value="ADD"><imc name="TEMP" value="28"/><imc name="CONST" value="-24"/></imc></imc><imc name="CONST" value="0"/></imc><imc name="STMTS"><imc name="LABEL" value="L86"/><imc name="CJUMP" value="L87:L88"><imc name="BINOP" value="LTH"><imc name="MEM"><imc name="BINOP" value="ADD"><imc name="TEMP" value="28"/><imc name="CONST" value="-24"/></imc></imc><imc name="CONST" value="9"/></imc></imc><imc name="LABEL" value="L87"/><imc name="STMTS"><imc name="ESTMT"><imc name="CALL" value="_putInt"><imc name="MEM"><imc name="MEM"><imc name="TEMP" value="28"/></imc></imc><imc name="MEM"><imc name="BINOP" value="ADD"><imc name="BINOP" value="ADD"><imc name="MEM"><imc name="BINOP" value="ADD"><imc name="MEM"><imc name="TEMP" value="28"/></imc><imc name="CONST" value="8"/></imc></imc><imc name="BINOP" value="MUL"><imc name="MEM"><imc name="BINOP" value="ADD"><imc name="TEMP" value="28"/><imc name="CONST" value="-16"/></imc></imc><imc name="CONST" value="72"/></imc></imc><imc name="BINOP" value="MUL"><imc name="MEM"><imc name="BINOP" value="ADD"><imc name="TEMP" value="28"/><imc name="CONST" value="-24"/></imc></imc><imc name="CONST" value="8"/></imc></imc></imc></imc></imc><imc name="ESTMT"><imc name="CALL" value="_putChar"><imc name="MEM"><imc name="MEM"><imc name="TEMP" value="28"/></imc></imc><imc name="CONST" value="32"/></imc></imc><imc name="MOVE"><imc name="MEM"><imc name="BINOP" value="ADD"><imc name="TEMP" value="28"/><imc name="CONST" value="-24"/></imc></imc><imc name="BINOP" value="ADD"><imc name="MEM"><imc name="BINOP" value="ADD"><imc name="TEMP" value="28"/><imc name="CONST" value="-24"/></imc></imc><imc name="CONST" value="1"/></imc></imc></imc><imc name="JUMP" value="L86"/><imc name="LABEL" value="L88"/></imc><imc name="ESTMT"><imc name="CALL" value="_putChar"><imc name="MEM"><imc name="MEM"><imc name="TEMP" value="28"/></imc></imc><imc name="BINOP" value="MOD"><imc name="CONST" value="10"/><imc name="CONST" value="256"/></imc></imc></imc><imc name="MOVE"><imc name="MEM"><imc name="BINOP" value="ADD"><imc name="TEMP" value="28"/><imc name="CONST" value="-16"/></imc></imc><imc name="BINOP" value="ADD"><imc name="MEM"><imc name="BINOP" value="ADD"><imc name="TEMP" value="28"/><imc name="CONST" value="-16"/></imc></imc><imc name="CONST" value="1"/></imc></imc></imc><imc name="JUMP" value="L89"/><imc name="LABEL" value="L91"/></imc><imc name="ESTMT"><imc name="CALL" value="_putChar"><imc name="MEM"><imc name="MEM"><imc name="TEMP" value="28"/></imc></imc><imc name="BINOP" value="MOD"><imc name="CONST" value="10"/><imc name="CONST" value="256"/></imc></imc></imc></imc><imc name="LABEL" value="L93"/></imc></imc><imc name="CONST" value="0"/></imc></imc><imc name="MOVE"><imc name="MEM"><imc name="BINOP" value="ADD"><imc name="TEMP" value="28"/><imc name="CONST" value="-8"/></imc></imc><imc name="CONST" value="1"/></imc></imc><imc name="JUMP" value="L104"/><imc name="LABEL" value="L103"/><imc name="STMTS"><imc name="STMTS"><imc name="CJUMP" value="L99:L100"><imc name="BINOP" value="NEQ"><imc name="MEM"><imc name="BINOP" value="ADD"><imc name="MEM"><imc name="BINOP" value="ADD"><imc name="MEM"><imc name="TEMP" value="28"/></imc><imc name="CONST" value="-8"/></imc></imc><imc name="BINOP" value="MUL"><imc name="MEM"><imc name="BINOP" value="ADD"><imc name="TEMP" value="28"/><imc name="CONST" value="8"/></imc></imc><imc name="CONST" value="8"/></imc></imc></imc><imc name="CONST" value="0"/></imc></imc><imc name="LABEL" value="L99"/><imc name="STMTS"><imc name="MOVE"><imc name="MEM"><imc name="BINOP" value="ADD"><imc name="TEMP" value="28"/><imc name="CONST" value="-8"/></imc></imc><imc name="CALL" value="L4"><imc name="MEM"><imc name="TEMP" value="28"/></imc><imc name="BINOP" value="ADD"><imc name="MEM"><imc name="BINOP" value="ADD"><imc name="TEMP" value="28"/><imc name="CONST" value="8"/></imc></imc><imc name="CONST" value="1"/></imc><imc name="MEM"><imc name="BINOP" value="ADD"><imc name="TEMP" value="28"/><imc name="CONST" value="16"/></imc></imc></imc></imc></imc><imc name="JUMP" value="L101"/><imc name="LABEL" value="L100"/><imc name="STMTS"><imc name="ESTMT"><imc name="SEXPR"><imc name="STMTS"><imc name="MOVE"><imc name="MEM"><imc name="BINOP" value="ADD"><imc name="TEMP" value="28"/><imc name="CONST" value="-8"/></imc></imc><imc name="CONST" value="0"/></imc><imc name="MOVE"><imc name="MEM"><imc name="BINOP" value="ADD"><imc name="TEMP" value="28"/><imc name="CONST" value="-32"/></imc></imc><imc name="CONST" value="1"/></imc><imc name="STMTS"><imc name="LABEL" value="L96"/><imc name="CJUMP" value="L97:L98"><imc name="BINOP" value="LEQ"><imc name="MEM"><imc name="BINOP" value="ADD"><imc name="TEMP" value="28"/><imc name="CONST" value="-32"/></imc></imc><imc name="CONST" value="9"/></imc></imc><imc name="LABEL" value="L97"/><imc name="STMTS"><imc name="MOVE"><imc name="MEM"><imc name="BINOP" value="ADD"><imc name="MEM"><imc name="BINOP" value="ADD"><imc name="MEM"><imc name="TEMP" value="28"/></imc><imc name="CONST" value="-8"/></imc></imc><imc name="BINOP" value="MUL"><imc name="MEM"><imc name="BINOP" value="ADD"><imc name="TEMP" value="28"/><imc name="CONST" value="8"/></imc></imc><imc name="CONST" value="8"/></imc></imc></imc><imc name="MEM"><imc name="BINOP" value="ADD"><imc name="TEMP" value="28"/><imc name="CONST" value="-32"/></imc></imc></imc><imc name="STMTS"><imc name="CJUMP" value="L94:L95"><imc name="BINOP" value="AND"><imc name="BINOP" value="AND"><imc name="CALL" value="L1"><imc name="MEM"><imc name="TEMP" value="28"/></imc><imc name="BINOP" value="DIV"><imc name="MEM"><imc name="BINOP" value="ADD"><imc name="TEMP" value="28"/><imc name="CONST" value="8"/></imc></imc><imc name="CONST" value="9"/></imc></imc><imc name="CALL" value="L2"><imc name="MEM"><imc name="TEMP" value="28"/></imc><imc name="BINOP" value="MOD"><imc name="MEM"><imc name="BINOP" value="ADD"><imc name="TEMP" value="28"/><imc name="CONST" value="8"/></imc></imc><imc name="CONST" value="9"/></imc></imc></imc><imc name="CALL" value="L3"><imc name="MEM"><imc name="TEMP" value="28"/></imc><imc name="BINOP" value="DIV"><imc name="BINOP" value="DIV"><imc name="MEM"><imc name="BINOP" value="ADD"><imc name="TEMP" value="28"/><imc name="CONST" value="8"/></imc></imc><imc name="CONST" value="9"/></imc><imc name="CONST" value="3"/></imc><imc name="BINOP" value="DIV"><imc name="BINOP" value="MOD"><imc name="MEM"><imc name="BINOP" value="ADD"><imc name="TEMP" value="28"/><imc name="CONST" value="8"/></imc></imc><imc name="CONST" value="9"/></imc><imc name="CONST" value="3"/></imc></imc></imc></imc><imc name="LABEL" value="L94"/><imc name="STMTS"><imc name="MOVE"><imc name="MEM"><imc name="BINOP" value="ADD"><imc name="TEMP" value="28"/><imc name="CONST" value="-8"/></imc></imc><imc name="BINOP" value="ADD"><imc name="MEM"><imc name="BINOP" value="ADD"><imc name="TEMP" value="28"/><imc name="CONST" value="-8"/></imc></imc><imc name="CALL" value="L4"><imc name="MEM"><imc name="TEMP" value="28"/></imc><imc name="BINOP" value="ADD"><imc name="MEM"><imc name="BINOP" value="ADD"><imc name="TEMP" value="28"/><imc name="CONST" value="8"/></imc></imc><imc name="CONST" value="1"/></imc><imc name="MEM"><imc name="BINOP" value="ADD"><imc name="TEMP" value="28"/><imc name="CONST" value="16"/></imc></imc></imc></imc></imc></imc><imc name="LABEL" value="L95"/></imc><imc name="MOVE"><imc name="MEM"><imc name="BINOP" value="ADD"><imc name="MEM"><imc name="BINOP" value="ADD"><imc name="MEM"><imc name="TEMP" value="28"/></imc><imc name="CONST" value="-8"/></imc></imc><imc name="BINOP" value="MUL"><imc name="MEM"><imc name="BINOP" value="ADD"><imc name="TEMP" value="28"/><imc name="CONST" value="8"/></imc></imc><imc name="CONST" value="8"/></imc></imc></imc><imc name="CONST" value="0"/></imc><imc name="MOVE"><imc name="MEM"><imc name="BINOP" value="ADD"><imc name="TEMP" value="28"/><imc name="CONST" value="-32"/></imc></imc><imc name="BINOP" value="ADD"><imc name="MEM"><imc name="BINOP" value="ADD"><imc name="TEMP" value="28"/><imc name="CONST" value="-32"/></imc></imc><imc name="CONST" value="1"/></imc></imc></imc><imc name="JUMP" value="L96"/><imc name="LABEL" value="L98"/></imc></imc><imc name="CONST" value="0"/></imc></imc></imc><imc name="LABEL" value="L101"/></imc></imc><imc name="LABEL" value="L104"/></imc></imc><imc name="MEM"><imc name="BINOP" value="ADD"><imc name="TEMP" value="28"/><imc name="CONST" value="-8"/></imc></imc></imc></node><location loc="185.7--230.12"/><frame FP="T28" RV="T29" argssize="24" depth="2" label="L4" locssize="32" size="72"/></node><location loc="121.7--230.12"/></node><node label="Stmts"><node label="AssignStmt"><node label="VarName" lexeme="t1d"><location loc="118.7--118.9"/><declaredAt location="121.7--121.30"/><imc name="BINOP" value="ADD"><imc name="TEMP" value="20"/><imc name="CONST" value="-8"/></imc></node><node label="CastExpr"><node label="VarName" lexeme="t2d"><location loc="118.12--118.14"/><declaredAt location="117.12--117.36"/><imc name="MEM"><imc name="BINOP" value="ADD"><imc name="TEMP" value="20"/><imc name="CONST" value="8"/></imc></imc></node><node label="PtrType"><node label="ArrType"><node label="AtomExpr" lexeme="81" spec="INT"><location loc="118.24--118.25"/></node><node label="AtomType" spec="INT"><location loc="118.28--118.30"/></node><location loc="118.20--118.30"/><type label="ARR(81)" len="81"><type label="INT"/></type></node><location loc="118.16--118.30"/><type label="PTR"><type label="ARR(81)" len="81"><type label="INT"/></type></type></node><location loc="118.15--118.31"/><type label="PTR"><type label="ARR(81)" len="81"><type label="INT"/></type></type><imc name="MEM"><imc name="BINOP" value="ADD"><imc name="TEMP" value="20"/><imc name="CONST" value="8"/></imc></imc></node><location loc="118.7--118.31"/><imc name="MOVE"><imc name="MEM"><imc name="BINOP" value="ADD"><imc name="TEMP" value="20"/><imc name="CONST" value="-8"/></imc></imc><imc name="MEM"><imc name="BINOP" value="ADD"><imc name="TEMP" value="20"/><imc name="CONST" value="8"/></imc></imc></imc></node><location loc="118.7--118.31"/></node><node label="FunName" lexeme="solve"><node label="Args"><node label="AtomExpr" lexeme="0" spec="INT"><location loc="119.13--119.13"/><type label="INT"/><imc name="CONST" value="0"/></node><node label="AtomExpr" lexeme="81" spec="INT"><location loc="119.15--119.16"/><type label="INT"/><imc name="CONST" value="81"/></node><location loc="119.13--119.16"/></node><location loc="119.7--119.17"/><declaredAt location="185.7--230.12"/><type label="INT"/><imc name="CALL" value="L4"><imc name="CONST" value="0"/><imc name="CONST" value="0"/><imc name="CONST" value="81"/></imc></node><location loc="118.7--230.12"/><type label="INT"/><imc name="SEXPR"><imc name="STMTS"><imc name="MOVE"><imc name="MEM"><imc name="BINOP" value="ADD"><imc name="TEMP" value="20"/><imc name="CONST" value="-8"/></imc></imc><imc name="MEM"><imc name="BINOP" value="ADD"><imc name="TEMP" value="20"/><imc name="CONST" value="8"/></imc></imc></imc></imc><imc name="CALL" value="L4"><imc name="CONST" value="0"/><imc name="CONST" value="0"/><imc name="CONST" value="81"/></imc></imc></node><location loc="117.1--231.6"/><frame FP="T20" RV="T21" argssize="24" depth="1" label="_sudoku" locssize="8" size="48"/></node><location loc="1.1--231.6"/></node><location loc="1.1--231.6"/></node></imcgen>