<?xml version="1.0" encoding="UTF-8" standalone="no"?><?xml-stylesheet type="text/xsl" href="../../data/imcgen.xsl"?><imcgen><node label="Source"><node label="Decls"><node label="VarDecl" lexeme="i"><node label="AtomType" spec="INT"><location loc="1.7--1.9"/></node><location loc="1.1--1.10"/><access label="_i" size="8"/></node><node label="FunDef" lexeme="f1"><node label="ParDecls"><location loc="0.0--0.0"/></node><node label="PtrType"><node label="AtomType" spec="CHAR"><location loc="2.14--2.17"/></node><location loc="2.10--2.17"/><type label="PTR"><type label="CHAR"/></type></node><node label="AtomExpr" lexeme="&quot;1+2&quot;" spec="STR"><location loc="2.21--2.25"/><type label="PTR"><type label="CHAR"/></type><imc name="NAME" value="L0"/></node><location loc="2.1--2.26"/><frame FP="T0" RV="T1" argssize="0" depth="1" label="_f1" locssize="0" size="16"/></node><location loc="1.1--2.26"/></node><location loc="1.1--2.26"/></node></imcgen>