<?xml version="1.0" encoding="UTF-8" standalone="no"?><?xml-stylesheet type="text/xsl" href="../../data/imcgen.xsl"?><imcgen><node label="Source"><node label="Decls"><node label="FunDecl" lexeme="putInt"><node label="ParDecls"><node label="ParDecl" lexeme="n"><node label="AtomType" spec="INT"><location loc="1.14--1.16"/></node><location loc="1.12--1.16"/><access depth="1" offset="8" size="8"/></node><location loc="1.12--1.16"/></node><node label="AtomType" spec="VOID"><location loc="1.19--1.22"/></node><location loc="1.1--1.23"/></node><node label="FunDecl" lexeme="putChar"><node label="ParDecls"><node label="ParDecl" lexeme="c"><node label="AtomType" spec="CHAR"><location loc="2.15--2.18"/></node><location loc="2.13--2.18"/><access depth="1" offset="8" size="8"/></node><location loc="2.13--2.18"/></node><node label="AtomType" spec="VOID"><location loc="2.21--2.24"/></node><location loc="2.1--2.25"/></node><node label="FunDecl" lexeme="putString"><node label="ParDecls"><node label="ParDecl" lexeme="s"><node label="PtrType"><node label="AtomType" spec="CHAR"><location loc="3.21--3.24"/></node><location loc="3.17--3.24"/><type label="PTR"><type label="CHAR"/></type></node><location loc="3.15--3.24"/><access depth="1" offset="8" size="8"/></node><location loc="3.15--3.24"/></node><node label="AtomType" spec="VOID"><location loc="3.27--3.30"/></node><location loc="3.1--3.31"/></node><node label="FunDef" lexeme="main"><node label="ParDecls"><location loc="0.0--0.0"/></node><node label="AtomType" spec="INT"><location loc="5.12--5.14"/></node><node label="BlockExpr"><node label="Decls"><node label="VarDecl" lexeme="n"><node label="AtomType" spec="INT"><location loc="13.13--13.15"/></node><location loc="13.7--13.16"/><access depth="1" offset="-8" size="8"/></node><node label="VarDecl" lexeme="m"><node label="AtomType" spec="INT"><location loc="13.24--13.26"/></node><location loc="13.18--13.27"/><access depth="1" offset="-16" size="8"/></node><location loc="13.7--13.27"/></node><node label="Stmts"><node label="ExprStmt"><node label="FunName" lexeme="putString"><node label="Args"><node label="AtomExpr" lexeme="&quot; Combs: &quot;" spec="STR"><location loc="7.17--7.26"/><type label="PTR"><type label="CHAR"/></type><imc name="NAME" value="L1"/></node><location loc="7.17--7.26"/></node><location loc="7.7--7.27"/><declaredAt location="3.1--3.31"/><type label="VOID"/><imc name="CALL" value="_putString"><imc name="CONST" value="0"/><imc name="NAME" value="L1"/></imc></node><location loc="7.7--7.27"/><imc name="ESTMT"><imc name="CALL" value="_putString"><imc name="CONST" value="0"/><imc name="NAME" value="L1"/></imc></imc></node><node label="ExprStmt"><node label="FunName" lexeme="putChar"><node label="Args"><node label="CastExpr"><node label="AtomExpr" lexeme="10" spec="INT"><location loc="7.39--7.40"/><type label="INT"/><imc name="CONST" value="10"/></node><node label="AtomType" spec="CHAR"><location loc="7.42--7.45"/></node><location loc="7.41--7.46"/><type label="CHAR"/><imc name="BINOP" value="MOD"><imc name="CONST" value="10"/><imc name="CONST" value="256"/></imc></node><location loc="7.41--7.46"/></node><location loc="7.30--7.47"/><declaredAt location="2.1--2.25"/><type label="VOID"/><imc name="CALL" value="_putChar"><imc name="CONST" value="0"/><imc name="BINOP" value="MOD"><imc name="CONST" value="10"/><imc name="CONST" value="256"/></imc></imc></node><location loc="7.30--7.47"/><imc name="ESTMT"><imc name="CALL" value="_putChar"><imc name="CONST" value="0"/><imc name="BINOP" value="MOD"><imc name="CONST" value="10"/><imc name="CONST" value="256"/></imc></imc></imc></node><node label="ExprStmt"><node label="FunName" lexeme="combs"><node label="Args"><node label="AtomExpr" lexeme="4" spec="INT"><location loc="8.13--8.13"/><type label="INT"/><imc name="CONST" value="4"/></node><node label="AtomExpr" lexeme="3" spec="INT"><location loc="8.15--8.15"/><type label="INT"/><imc name="CONST" value="3"/></node><location loc="8.13--8.15"/></node><location loc="8.7--8.16"/><declaredAt location="16.1--43.6"/><type label="INT"/><imc name="CALL" value="_combs"><imc name="CONST" value="0"/><imc name="CONST" value="4"/><imc name="CONST" value="3"/></imc></node><location loc="8.7--8.16"/><imc name="ESTMT"><imc name="CALL" value="_combs"><imc name="CONST" value="0"/><imc name="CONST" value="4"/><imc name="CONST" value="3"/></imc></imc></node><location loc="7.7--8.16"/></node><node label="AtomExpr" lexeme="0" spec="INT"><location loc="11.9--11.9"/><type label="INT"/><imc name="CONST" value="0"/></node><location loc="7.7--13.27"/><type label="INT"/><imc name="SEXPR"><imc name="STMTS"><imc name="ESTMT"><imc name="CALL" value="_putString"><imc name="CONST" value="0"/><imc name="NAME" value="L1"/></imc></imc><imc name="ESTMT"><imc name="CALL" value="_putChar"><imc name="CONST" value="0"/><imc name="BINOP" value="MOD"><imc name="CONST" value="10"/><imc name="CONST" value="256"/></imc></imc></imc><imc name="ESTMT"><imc name="CALL" value="_combs"><imc name="CONST" value="0"/><imc name="CONST" value="4"/><imc name="CONST" value="3"/></imc></imc></imc><imc name="CONST" value="0"/></imc></node><location loc="5.1--14.6"/><frame FP="T6" RV="T7" argssize="24" depth="1" label="_main" locssize="16" size="56"/></node><node label="FunDef" lexeme="combs"><node label="ParDecls"><node label="ParDecl" lexeme="n"><node label="AtomType" spec="INT"><location loc="16.13--16.15"/></node><location loc="16.11--16.15"/><access depth="1" offset="8" size="8"/></node><node label="ParDecl" lexeme="k"><node label="AtomType" spec="INT"><location loc="16.19--16.21"/></node><location loc="16.17--16.21"/><access depth="1" offset="16" size="8"/></node><location loc="16.11--16.21"/></node><node label="AtomType" spec="INT"><location loc="16.24--16.26"/></node><node label="BlockExpr"><node label="Decls"><node label="VarDecl" lexeme="c"><node label="ArrType"><node label="AtomExpr" lexeme="100" spec="INT"><location loc="21.17--21.19"/></node><node label="AtomType" spec="INT"><location loc="21.21--21.23"/></node><location loc="21.13--21.23"/><type label="ARR(100)" len="100"><type label="INT"/></type></node><location loc="21.7--21.24"/><access depth="1" offset="-800" size="800"/></node><node label="VarDecl" lexeme="i"><node label="AtomType" spec="INT"><location loc="22.13--22.15"/></node><location loc="22.7--22.16"/><access depth="1" offset="-808" size="8"/></node><node label="FunDef" lexeme="gen"><node label="ParDecls"><node label="ParDecl" lexeme="i"><node label="AtomType" spec="INT"><location loc="23.17--23.19"/></node><location loc="23.15--23.19"/><access depth="2" offset="8" size="8"/></node><location loc="23.15--23.19"/></node><node label="AtomType" spec="INT"><location loc="23.22--23.24"/></node><node label="BlockExpr"><node label="Decls"><node label="VarDecl" lexeme="j"><node label="AtomType" spec="INT"><location loc="41.17--41.19"/></node><location loc="41.11--41.20"/><access depth="2" offset="-8" size="8"/></node><location loc="41.11--41.20"/></node><node label="Stmts"><node label="IfStmt"><node label="BinExpr" spec="EQU"><node label="VarName" lexeme="i"><location loc="24.14--24.14"/><declaredAt location="23.15--23.19"/><imc name="MEM"><imc name="BINOP" value="ADD"><imc name="TEMP" value="10"/><imc name="CONST" value="8"/></imc></imc></node><node label="VarName" lexeme="n"><location loc="24.17--24.17"/><declaredAt location="16.11--16.15"/><imc name="MEM"><imc name="BINOP" value="ADD"><imc name="MEM"><imc name="TEMP" value="10"/></imc><imc name="CONST" value="8"/></imc></imc></node><location loc="24.14--24.17"/><type label="BOOL"/><imc name="BINOP" value="EQU"><imc name="MEM"><imc name="BINOP" value="ADD"><imc name="TEMP" value="10"/><imc name="CONST" value="8"/></imc></imc><imc name="MEM"><imc name="BINOP" value="ADD"><imc name="MEM"><imc name="TEMP" value="10"/></imc><imc name="CONST" value="8"/></imc></imc></imc></node><node label="Stmts"><node label="AssignStmt"><node label="VarName" lexeme="j"><location loc="25.13--25.13"/><declaredAt location="41.11--41.20"/><imc name="BINOP" value="ADD"><imc name="TEMP" value="10"/><imc name="CONST" value="-8"/></imc></node><node label="AtomExpr" lexeme="0" spec="INT"><location loc="25.15--25.15"/><type label="INT"/><imc name="CONST" value="0"/></node><location loc="25.13--25.15"/><imc name="MOVE"><imc name="MEM"><imc name="BINOP" value="ADD"><imc name="TEMP" value="10"/><imc name="CONST" value="-8"/></imc></imc><imc name="CONST" value="0"/></imc></node><node label="WhileStmt"><node label="BinExpr" spec="LTH"><node label="VarName" lexeme="j"><location loc="26.19--26.19"/><declaredAt location="41.11--41.20"/><imc name="MEM"><imc name="BINOP" value="ADD"><imc name="TEMP" value="10"/><imc name="CONST" value="-8"/></imc></imc></node><node label="VarName" lexeme="n"><location loc="26.21--26.21"/><declaredAt location="16.11--16.15"/><imc name="MEM"><imc name="BINOP" value="ADD"><imc name="MEM"><imc name="TEMP" value="10"/></imc><imc name="CONST" value="8"/></imc></imc></node><location loc="26.19--26.21"/><type label="BOOL"/><imc name="BINOP" value="LTH"><imc name="MEM"><imc name="BINOP" value="ADD"><imc name="TEMP" value="10"/><imc name="CONST" value="-8"/></imc></imc><imc name="MEM"><imc name="BINOP" value="ADD"><imc name="MEM"><imc name="TEMP" value="10"/></imc><imc name="CONST" value="8"/></imc></imc></imc></node><node label="Stmts"><node label="ExprStmt"><node label="FunName" lexeme="putInt"><node label="Args"><node label="ArrExpr"><node label="VarName" lexeme="c"><location loc="27.22--27.22"/><declaredAt location="21.7--21.24"/><imc name="BINOP" value="ADD"><imc name="MEM"><imc name="TEMP" value="10"/></imc><imc name="CONST" value="-800"/></imc></node><node label="VarName" lexeme="j"><location loc="27.24--27.24"/><declaredAt location="41.11--41.20"/><imc name="MEM"><imc name="BINOP" value="ADD"><imc name="TEMP" value="10"/><imc name="CONST" value="-8"/></imc></imc></node><location loc="27.22--27.25"/><type label="INT"/><addr/><imc name="MEM"><imc name="BINOP" value="ADD"><imc name="BINOP" value="ADD"><imc name="MEM"><imc name="TEMP" value="10"/></imc><imc name="CONST" value="-800"/></imc><imc name="BINOP" value="MUL"><imc name="MEM"><imc name="BINOP" value="ADD"><imc name="TEMP" value="10"/><imc name="CONST" value="-8"/></imc></imc><imc name="CONST" value="8"/></imc></imc></imc></node><location loc="27.22--27.25"/></node><location loc="27.15--27.26"/><declaredAt location="1.1--1.23"/><type label="VOID"/><imc name="CALL" value="_putInt"><imc name="MEM"><imc name="MEM"><imc name="TEMP" value="10"/></imc></imc><imc name="MEM"><imc name="BINOP" value="ADD"><imc name="BINOP" value="ADD"><imc name="MEM"><imc name="TEMP" value="10"/></imc><imc name="CONST" value="-800"/></imc><imc name="BINOP" value="MUL"><imc name="MEM"><imc name="BINOP" value="ADD"><imc name="TEMP" value="10"/><imc name="CONST" value="-8"/></imc></imc><imc name="CONST" value="8"/></imc></imc></imc></imc></node><location loc="27.15--27.26"/><imc name="ESTMT"><imc name="CALL" value="_putInt"><imc name="MEM"><imc name="MEM"><imc name="TEMP" value="10"/></imc></imc><imc name="MEM"><imc name="BINOP" value="ADD"><imc name="BINOP" value="ADD"><imc name="MEM"><imc name="TEMP" value="10"/></imc><imc name="CONST" value="-800"/></imc><imc name="BINOP" value="MUL"><imc name="MEM"><imc name="BINOP" value="ADD"><imc name="TEMP" value="10"/><imc name="CONST" value="-8"/></imc></imc><imc name="CONST" value="8"/></imc></imc></imc></imc></imc></node><node label="ExprStmt"><node label="FunName" lexeme="putChar"><node label="Args"><node label="AtomExpr" lexeme="' '" spec="CHAR"><location loc="28.23--28.25"/><type label="CHAR"/><imc name="CONST" value="32"/></node><location loc="28.23--28.25"/></node><location loc="28.15--28.26"/><declaredAt location="2.1--2.25"/><type label="VOID"/><imc name="CALL" value="_putChar"><imc name="MEM"><imc name="MEM"><imc name="TEMP" value="10"/></imc></imc><imc name="CONST" value="32"/></imc></node><location loc="28.15--28.26"/><imc name="ESTMT"><imc name="CALL" value="_putChar"><imc name="MEM"><imc name="MEM"><imc name="TEMP" value="10"/></imc></imc><imc name="CONST" value="32"/></imc></imc></node><node label="AssignStmt"><node label="VarName" lexeme="j"><location loc="29.15--29.15"/><declaredAt location="41.11--41.20"/><imc name="BINOP" value="ADD"><imc name="TEMP" value="10"/><imc name="CONST" value="-8"/></imc></node><node label="BinExpr" spec="ADD"><node label="VarName" lexeme="j"><location loc="29.17--29.17"/><declaredAt location="41.11--41.20"/><imc name="MEM"><imc name="BINOP" value="ADD"><imc name="TEMP" value="10"/><imc name="CONST" value="-8"/></imc></imc></node><node label="AtomExpr" lexeme="1" spec="INT"><location loc="29.19--29.19"/><type label="INT"/><imc name="CONST" value="1"/></node><location loc="29.17--29.19"/><type label="INT"/><imc name="BINOP" value="ADD"><imc name="MEM"><imc name="BINOP" value="ADD"><imc name="TEMP" value="10"/><imc name="CONST" value="-8"/></imc></imc><imc name="CONST" value="1"/></imc></node><location loc="29.15--29.19"/><imc name="MOVE"><imc name="MEM"><imc name="BINOP" value="ADD"><imc name="TEMP" value="10"/><imc name="CONST" value="-8"/></imc></imc><imc name="BINOP" value="ADD"><imc name="MEM"><imc name="BINOP" value="ADD"><imc name="TEMP" value="10"/><imc name="CONST" value="-8"/></imc></imc><imc name="CONST" value="1"/></imc></imc></node><location loc="27.15--29.19"/></node><location loc="26.13--30.15"/><imc name="STMTS"><imc name="LABEL" value="L2"/><imc name="CJUMP" value="L3:L4"><imc name="BINOP" value="LTH"><imc name="MEM"><imc name="BINOP" value="ADD"><imc name="TEMP" value="10"/><imc name="CONST" value="-8"/></imc></imc><imc name="MEM"><imc name="BINOP" value="ADD"><imc name="MEM"><imc name="TEMP" value="10"/></imc><imc name="CONST" value="8"/></imc></imc></imc></imc><imc name="LABEL" value="L3"/><imc name="STMTS"><imc name="ESTMT"><imc name="CALL" value="_putInt"><imc name="MEM"><imc name="MEM"><imc name="TEMP" value="10"/></imc></imc><imc name="MEM"><imc name="BINOP" value="ADD"><imc name="BINOP" value="ADD"><imc name="MEM"><imc name="TEMP" value="10"/></imc><imc name="CONST" value="-800"/></imc><imc name="BINOP" value="MUL"><imc name="MEM"><imc name="BINOP" value="ADD"><imc name="TEMP" value="10"/><imc name="CONST" value="-8"/></imc></imc><imc name="CONST" value="8"/></imc></imc></imc></imc></imc><imc name="ESTMT"><imc name="CALL" value="_putChar"><imc name="MEM"><imc name="MEM"><imc name="TEMP" value="10"/></imc></imc><imc name="CONST" value="32"/></imc></imc><imc name="MOVE"><imc name="MEM"><imc name="BINOP" value="ADD"><imc name="TEMP" value="10"/><imc name="CONST" value="-8"/></imc></imc><imc name="BINOP" value="ADD"><imc name="MEM"><imc name="BINOP" value="ADD"><imc name="TEMP" value="10"/><imc name="CONST" value="-8"/></imc></imc><imc name="CONST" value="1"/></imc></imc></imc><imc name="JUMP" value="L2"/><imc name="LABEL" value="L4"/></imc></node><node label="ExprStmt"><node label="FunName" lexeme="putChar"><node label="Args"><node label="CastExpr"><node label="AtomExpr" lexeme="10" spec="INT"><location loc="31.22--31.23"/><type label="INT"/><imc name="CONST" value="10"/></node><node label="AtomType" spec="CHAR"><location loc="31.25--31.28"/></node><location loc="31.24--31.29"/><type label="CHAR"/><imc name="BINOP" value="MOD"><imc name="CONST" value="10"/><imc name="CONST" value="256"/></imc></node><location loc="31.24--31.29"/></node><location loc="31.13--31.30"/><declaredAt location="2.1--2.25"/><type label="VOID"/><imc name="CALL" value="_putChar"><imc name="MEM"><imc name="MEM"><imc name="TEMP" value="10"/></imc></imc><imc name="BINOP" value="MOD"><imc name="CONST" value="10"/><imc name="CONST" value="256"/></imc></imc></node><location loc="31.13--31.30"/><imc name="ESTMT"><imc name="CALL" value="_putChar"><imc name="MEM"><imc name="MEM"><imc name="TEMP" value="10"/></imc></imc><imc name="BINOP" value="MOD"><imc name="CONST" value="10"/><imc name="CONST" value="256"/></imc></imc></imc></node><location loc="25.13--31.30"/></node><node label="Stmts"><node label="AssignStmt"><node label="VarName" lexeme="j"><location loc="33.13--33.13"/><declaredAt location="41.11--41.20"/><imc name="BINOP" value="ADD"><imc name="TEMP" value="10"/><imc name="CONST" value="-8"/></imc></node><node label="AtomExpr" lexeme="1" spec="INT"><location loc="33.15--33.15"/><type label="INT"/><imc name="CONST" value="1"/></node><location loc="33.13--33.15"/><imc name="MOVE"><imc name="MEM"><imc name="BINOP" value="ADD"><imc name="TEMP" value="10"/><imc name="CONST" value="-8"/></imc></imc><imc name="CONST" value="1"/></imc></node><node label="WhileStmt"><node label="BinExpr" spec="LEQ"><node label="VarName" lexeme="j"><location loc="34.19--34.19"/><declaredAt location="41.11--41.20"/><imc name="MEM"><imc name="BINOP" value="ADD"><imc name="TEMP" value="10"/><imc name="CONST" value="-8"/></imc></imc></node><node label="VarName" lexeme="k"><location loc="34.22--34.22"/><declaredAt location="16.17--16.21"/><imc name="MEM"><imc name="BINOP" value="ADD"><imc name="MEM"><imc name="TEMP" value="10"/></imc><imc name="CONST" value="16"/></imc></imc></node><location loc="34.19--34.22"/><type label="BOOL"/><imc name="BINOP" value="LEQ"><imc name="MEM"><imc name="BINOP" value="ADD"><imc name="TEMP" value="10"/><imc name="CONST" value="-8"/></imc></imc><imc name="MEM"><imc name="BINOP" value="ADD"><imc name="MEM"><imc name="TEMP" value="10"/></imc><imc name="CONST" value="16"/></imc></imc></imc></node><node label="Stmts"><node label="AssignStmt"><node label="ArrExpr"><node label="VarName" lexeme="c"><location loc="35.15--35.15"/><declaredAt location="21.7--21.24"/><imc name="BINOP" value="ADD"><imc name="MEM"><imc name="TEMP" value="10"/></imc><imc name="CONST" value="-800"/></imc></node><node label="VarName" lexeme="i"><location loc="35.17--35.17"/><declaredAt location="23.15--23.19"/><imc name="MEM"><imc name="BINOP" value="ADD"><imc name="TEMP" value="10"/><imc name="CONST" value="8"/></imc></imc></node><location loc="35.15--35.18"/><type label="INT"/><addr/><imc name="BINOP" value="ADD"><imc name="BINOP" value="ADD"><imc name="MEM"><imc name="TEMP" value="10"/></imc><imc name="CONST" value="-800"/></imc><imc name="BINOP" value="MUL"><imc name="MEM"><imc name="BINOP" value="ADD"><imc name="TEMP" value="10"/><imc name="CONST" value="8"/></imc></imc><imc name="CONST" value="8"/></imc></imc></node><node label="VarName" lexeme="j"><location loc="35.22--35.22"/><declaredAt location="41.11--41.20"/><imc name="MEM"><imc name="BINOP" value="ADD"><imc name="TEMP" value="10"/><imc name="CONST" value="-8"/></imc></imc></node><location loc="35.15--35.22"/><imc name="MOVE"><imc name="MEM"><imc name="BINOP" value="ADD"><imc name="BINOP" value="ADD"><imc name="MEM"><imc name="TEMP" value="10"/></imc><imc name="CONST" value="-800"/></imc><imc name="BINOP" value="MUL"><imc name="MEM"><imc name="BINOP" value="ADD"><imc name="TEMP" value="10"/><imc name="CONST" value="8"/></imc></imc><imc name="CONST" value="8"/></imc></imc></imc><imc name="MEM"><imc name="BINOP" value="ADD"><imc name="TEMP" value="10"/><imc name="CONST" value="-8"/></imc></imc></imc></node><node label="AssignStmt"><node label="VarName" lexeme="j"><location loc="35.25--35.25"/><declaredAt location="41.11--41.20"/><imc name="BINOP" value="ADD"><imc name="TEMP" value="10"/><imc name="CONST" value="-8"/></imc></node><node label="BinExpr" spec="ADD"><node label="VarName" lexeme="j"><location loc="35.27--35.27"/><declaredAt location="41.11--41.20"/><imc name="MEM"><imc name="BINOP" value="ADD"><imc name="TEMP" value="10"/><imc name="CONST" value="-8"/></imc></imc></node><node label="AtomExpr" lexeme="1" spec="INT"><location loc="35.29--35.29"/><type label="INT"/><imc name="CONST" value="1"/></node><location loc="35.27--35.29"/><type label="INT"/><imc name="BINOP" value="ADD"><imc name="MEM"><imc name="BINOP" value="ADD"><imc name="TEMP" value="10"/><imc name="CONST" value="-8"/></imc></imc><imc name="CONST" value="1"/></imc></node><location loc="35.25--35.29"/><imc name="MOVE"><imc name="MEM"><imc name="BINOP" value="ADD"><imc name="TEMP" value="10"/><imc name="CONST" value="-8"/></imc></imc><imc name="BINOP" value="ADD"><imc name="MEM"><imc name="BINOP" value="ADD"><imc name="TEMP" value="10"/><imc name="CONST" value="-8"/></imc></imc><imc name="CONST" value="1"/></imc></imc></node><node label="ExprStmt"><node label="FunName" lexeme="gen"><node label="Args"><node label="BinExpr" spec="ADD"><node label="VarName" lexeme="i"><location loc="36.19--36.19"/><declaredAt location="23.15--23.19"/><imc name="MEM"><imc name="BINOP" value="ADD"><imc name="TEMP" value="10"/><imc name="CONST" value="8"/></imc></imc></node><node label="AtomExpr" lexeme="1" spec="INT"><location loc="36.21--36.21"/><type label="INT"/><imc name="CONST" value="1"/></node><location loc="36.19--36.21"/><type label="INT"/><imc name="BINOP" value="ADD"><imc name="MEM"><imc name="BINOP" value="ADD"><imc name="TEMP" value="10"/><imc name="CONST" value="8"/></imc></imc><imc name="CONST" value="1"/></imc></node><location loc="36.19--36.21"/></node><location loc="36.15--36.22"/><declaredAt location="23.7--42.10"/><type label="INT"/><imc name="CALL" value="L0"><imc name="MEM"><imc name="TEMP" value="10"/></imc><imc name="BINOP" value="ADD"><imc name="MEM"><imc name="BINOP" value="ADD"><imc name="TEMP" value="10"/><imc name="CONST" value="8"/></imc></imc><imc name="CONST" value="1"/></imc></imc></node><location loc="36.15--36.22"/><imc name="ESTMT"><imc name="CALL" value="L0"><imc name="MEM"><imc name="TEMP" value="10"/></imc><imc name="BINOP" value="ADD"><imc name="MEM"><imc name="BINOP" value="ADD"><imc name="TEMP" value="10"/><imc name="CONST" value="8"/></imc></imc><imc name="CONST" value="1"/></imc></imc></imc></node><location loc="35.15--36.22"/></node><location loc="34.13--37.15"/><imc name="STMTS"><imc name="LABEL" value="L5"/><imc name="CJUMP" value="L6:L7"><imc name="BINOP" value="LEQ"><imc name="MEM"><imc name="BINOP" value="ADD"><imc name="TEMP" value="10"/><imc name="CONST" value="-8"/></imc></imc><imc name="MEM"><imc name="BINOP" value="ADD"><imc name="MEM"><imc name="TEMP" value="10"/></imc><imc name="CONST" value="16"/></imc></imc></imc></imc><imc name="LABEL" value="L6"/><imc name="STMTS"><imc name="MOVE"><imc name="MEM"><imc name="BINOP" value="ADD"><imc name="BINOP" value="ADD"><imc name="MEM"><imc name="TEMP" value="10"/></imc><imc name="CONST" value="-800"/></imc><imc name="BINOP" value="MUL"><imc name="MEM"><imc name="BINOP" value="ADD"><imc name="TEMP" value="10"/><imc name="CONST" value="8"/></imc></imc><imc name="CONST" value="8"/></imc></imc></imc><imc name="MEM"><imc name="BINOP" value="ADD"><imc name="TEMP" value="10"/><imc name="CONST" value="-8"/></imc></imc></imc><imc name="MOVE"><imc name="MEM"><imc name="BINOP" value="ADD"><imc name="TEMP" value="10"/><imc name="CONST" value="-8"/></imc></imc><imc name="BINOP" value="ADD"><imc name="MEM"><imc name="BINOP" value="ADD"><imc name="TEMP" value="10"/><imc name="CONST" value="-8"/></imc></imc><imc name="CONST" value="1"/></imc></imc><imc name="ESTMT"><imc name="CALL" value="L0"><imc name="MEM"><imc name="TEMP" value="10"/></imc><imc name="BINOP" value="ADD"><imc name="MEM"><imc name="BINOP" value="ADD"><imc name="TEMP" value="10"/><imc name="CONST" value="8"/></imc></imc><imc name="CONST" value="1"/></imc></imc></imc></imc><imc name="JUMP" value="L5"/><imc name="LABEL" value="L7"/></imc></node><location loc="33.13--37.15"/></node><location loc="24.11--38.13"/><imc name="STMTS"><imc name="CJUMP" value="L8:L9"><imc name="BINOP" value="EQU"><imc name="MEM"><imc name="BINOP" value="ADD"><imc name="TEMP" value="10"/><imc name="CONST" value="8"/></imc></imc><imc name="MEM"><imc name="BINOP" value="ADD"><imc name="MEM"><imc name="TEMP" value="10"/></imc><imc name="CONST" value="8"/></imc></imc></imc></imc><imc name="LABEL" value="L8"/><imc name="STMTS"><imc name="MOVE"><imc name="MEM"><imc name="BINOP" value="ADD"><imc name="TEMP" value="10"/><imc name="CONST" value="-8"/></imc></imc><imc name="CONST" value="0"/></imc><imc name="STMTS"><imc name="LABEL" value="L2"/><imc name="CJUMP" value="L3:L4"><imc name="BINOP" value="LTH"><imc name="MEM"><imc name="BINOP" value="ADD"><imc name="TEMP" value="10"/><imc name="CONST" value="-8"/></imc></imc><imc name="MEM"><imc name="BINOP" value="ADD"><imc name="MEM"><imc name="TEMP" value="10"/></imc><imc name="CONST" value="8"/></imc></imc></imc></imc><imc name="LABEL" value="L3"/><imc name="STMTS"><imc name="ESTMT"><imc name="CALL" value="_putInt"><imc name="MEM"><imc name="MEM"><imc name="TEMP" value="10"/></imc></imc><imc name="MEM"><imc name="BINOP" value="ADD"><imc name="BINOP" value="ADD"><imc name="MEM"><imc name="TEMP" value="10"/></imc><imc name="CONST" value="-800"/></imc><imc name="BINOP" value="MUL"><imc name="MEM"><imc name="BINOP" value="ADD"><imc name="TEMP" value="10"/><imc name="CONST" value="-8"/></imc></imc><imc name="CONST" value="8"/></imc></imc></imc></imc></imc><imc name="ESTMT"><imc name="CALL" value="_putChar"><imc name="MEM"><imc name="MEM"><imc name="TEMP" value="10"/></imc></imc><imc name="CONST" value="32"/></imc></imc><imc name="MOVE"><imc name="MEM"><imc name="BINOP" value="ADD"><imc name="TEMP" value="10"/><imc name="CONST" value="-8"/></imc></imc><imc name="BINOP" value="ADD"><imc name="MEM"><imc name="BINOP" value="ADD"><imc name="TEMP" value="10"/><imc name="CONST" value="-8"/></imc></imc><imc name="CONST" value="1"/></imc></imc></imc><imc name="JUMP" value="L2"/><imc name="LABEL" value="L4"/></imc><imc name="ESTMT"><imc name="CALL" value="_putChar"><imc name="MEM"><imc name="MEM"><imc name="TEMP" value="10"/></imc></imc><imc name="BINOP" value="MOD"><imc name="CONST" value="10"/><imc name="CONST" value="256"/></imc></imc></imc></imc><imc name="JUMP" value="L10"/><imc name="LABEL" value="L9"/><imc name="STMTS"><imc name="MOVE"><imc name="MEM"><imc name="BINOP" value="ADD"><imc name="TEMP" value="10"/><imc name="CONST" value="-8"/></imc></imc><imc name="CONST" value="1"/></imc><imc name="STMTS"><imc name="LABEL" value="L5"/><imc name="CJUMP" value="L6:L7"><imc name="BINOP" value="LEQ"><imc name="MEM"><imc name="BINOP" value="ADD"><imc name="TEMP" value="10"/><imc name="CONST" value="-8"/></imc></imc><imc name="MEM"><imc name="BINOP" value="ADD"><imc name="MEM"><imc name="TEMP" value="10"/></imc><imc name="CONST" value="16"/></imc></imc></imc></imc><imc name="LABEL" value="L6"/><imc name="STMTS"><imc name="MOVE"><imc name="MEM"><imc name="BINOP" value="ADD"><imc name="BINOP" value="ADD"><imc name="MEM"><imc name="TEMP" value="10"/></imc><imc name="CONST" value="-800"/></imc><imc name="BINOP" value="MUL"><imc name="MEM"><imc name="BINOP" value="ADD"><imc name="TEMP" value="10"/><imc name="CONST" value="8"/></imc></imc><imc name="CONST" value="8"/></imc></imc></imc><imc name="MEM"><imc name="BINOP" value="ADD"><imc name="TEMP" value="10"/><imc name="CONST" value="-8"/></imc></imc></imc><imc name="MOVE"><imc name="MEM"><imc name="BINOP" value="ADD"><imc name="TEMP" value="10"/><imc name="CONST" value="-8"/></imc></imc><imc name="BINOP" value="ADD"><imc name="MEM"><imc name="BINOP" value="ADD"><imc name="TEMP" value="10"/><imc name="CONST" value="-8"/></imc></imc><imc name="CONST" value="1"/></imc></imc><imc name="ESTMT"><imc name="CALL" value="L0"><imc name="MEM"><imc name="TEMP" value="10"/></imc><imc name="BINOP" value="ADD"><imc name="MEM"><imc name="BINOP" value="ADD"><imc name="TEMP" value="10"/><imc name="CONST" value="8"/></imc></imc><imc name="CONST" value="1"/></imc></imc></imc></imc><imc name="JUMP" value="L5"/><imc name="LABEL" value="L7"/></imc></imc><imc name="LABEL" value="L10"/></imc></node><location loc="24.11--38.13"/></node><node label="AtomExpr" lexeme="0" spec="INT"><location loc="39.11--39.11"/><type label="INT"/><imc name="CONST" value="0"/></node><location loc="24.11--41.20"/><type label="INT"/><imc name="SEXPR"><imc name="STMTS"><imc name="STMTS"><imc name="CJUMP" value="L8:L9"><imc name="BINOP" value="EQU"><imc name="MEM"><imc name="BINOP" value="ADD"><imc name="TEMP" value="10"/><imc name="CONST" value="8"/></imc></imc><imc name="MEM"><imc name="BINOP" value="ADD"><imc name="MEM"><imc name="TEMP" value="10"/></imc><imc name="CONST" value="8"/></imc></imc></imc></imc><imc name="LABEL" value="L8"/><imc name="STMTS"><imc name="MOVE"><imc name="MEM"><imc name="BINOP" value="ADD"><imc name="TEMP" value="10"/><imc name="CONST" value="-8"/></imc></imc><imc name="CONST" value="0"/></imc><imc name="STMTS"><imc name="LABEL" value="L2"/><imc name="CJUMP" value="L3:L4"><imc name="BINOP" value="LTH"><imc name="MEM"><imc name="BINOP" value="ADD"><imc name="TEMP" value="10"/><imc name="CONST" value="-8"/></imc></imc><imc name="MEM"><imc name="BINOP" value="ADD"><imc name="MEM"><imc name="TEMP" value="10"/></imc><imc name="CONST" value="8"/></imc></imc></imc></imc><imc name="LABEL" value="L3"/><imc name="STMTS"><imc name="ESTMT"><imc name="CALL" value="_putInt"><imc name="MEM"><imc name="MEM"><imc name="TEMP" value="10"/></imc></imc><imc name="MEM"><imc name="BINOP" value="ADD"><imc name="BINOP" value="ADD"><imc name="MEM"><imc name="TEMP" value="10"/></imc><imc name="CONST" value="-800"/></imc><imc name="BINOP" value="MUL"><imc name="MEM"><imc name="BINOP" value="ADD"><imc name="TEMP" value="10"/><imc name="CONST" value="-8"/></imc></imc><imc name="CONST" value="8"/></imc></imc></imc></imc></imc><imc name="ESTMT"><imc name="CALL" value="_putChar"><imc name="MEM"><imc name="MEM"><imc name="TEMP" value="10"/></imc></imc><imc name="CONST" value="32"/></imc></imc><imc name="MOVE"><imc name="MEM"><imc name="BINOP" value="ADD"><imc name="TEMP" value="10"/><imc name="CONST" value="-8"/></imc></imc><imc name="BINOP" value="ADD"><imc name="MEM"><imc name="BINOP" value="ADD"><imc name="TEMP" value="10"/><imc name="CONST" value="-8"/></imc></imc><imc name="CONST" value="1"/></imc></imc></imc><imc name="JUMP" value="L2"/><imc name="LABEL" value="L4"/></imc><imc name="ESTMT"><imc name="CALL" value="_putChar"><imc name="MEM"><imc name="MEM"><imc name="TEMP" value="10"/></imc></imc><imc name="BINOP" value="MOD"><imc name="CONST" value="10"/><imc name="CONST" value="256"/></imc></imc></imc></imc><imc name="JUMP" value="L10"/><imc name="LABEL" value="L9"/><imc name="STMTS"><imc name="MOVE"><imc name="MEM"><imc name="BINOP" value="ADD"><imc name="TEMP" value="10"/><imc name="CONST" value="-8"/></imc></imc><imc name="CONST" value="1"/></imc><imc name="STMTS"><imc name="LABEL" value="L5"/><imc name="CJUMP" value="L6:L7"><imc name="BINOP" value="LEQ"><imc name="MEM"><imc name="BINOP" value="ADD"><imc name="TEMP" value="10"/><imc name="CONST" value="-8"/></imc></imc><imc name="MEM"><imc name="BINOP" value="ADD"><imc name="MEM"><imc name="TEMP" value="10"/></imc><imc name="CONST" value="16"/></imc></imc></imc></imc><imc name="LABEL" value="L6"/><imc name="STMTS"><imc name="MOVE"><imc name="MEM"><imc name="BINOP" value="ADD"><imc name="BINOP" value="ADD"><imc name="MEM"><imc name="TEMP" value="10"/></imc><imc name="CONST" value="-800"/></imc><imc name="BINOP" value="MUL"><imc name="MEM"><imc name="BINOP" value="ADD"><imc name="TEMP" value="10"/><imc name="CONST" value="8"/></imc></imc><imc name="CONST" value="8"/></imc></imc></imc><imc name="MEM"><imc name="BINOP" value="ADD"><imc name="TEMP" value="10"/><imc name="CONST" value="-8"/></imc></imc></imc><imc name="MOVE"><imc name="MEM"><imc name="BINOP" value="ADD"><imc name="TEMP" value="10"/><imc name="CONST" value="-8"/></imc></imc><imc name="BINOP" value="ADD"><imc name="MEM"><imc name="BINOP" value="ADD"><imc name="TEMP" value="10"/><imc name="CONST" value="-8"/></imc></imc><imc name="CONST" value="1"/></imc></imc><imc name="ESTMT"><imc name="CALL" value="L0"><imc name="MEM"><imc name="TEMP" value="10"/></imc><imc name="BINOP" value="ADD"><imc name="MEM"><imc name="BINOP" value="ADD"><imc name="TEMP" value="10"/><imc name="CONST" value="8"/></imc></imc><imc name="CONST" value="1"/></imc></imc></imc></imc><imc name="JUMP" value="L5"/><imc name="LABEL" value="L7"/></imc></imc><imc name="LABEL" value="L10"/></imc></imc><imc name="CONST" value="0"/></imc></node><location loc="23.7--42.10"/><frame FP="T10" RV="T11" argssize="16" depth="2" label="L0" locssize="8" size="40"/></node><location loc="21.7--42.10"/></node><node label="Stmts"><node label="AssignStmt"><node label="VarName" lexeme="i"><location loc="17.7--17.7"/><declaredAt location="22.7--22.16"/><imc name="BINOP" value="ADD"><imc name="TEMP" value="8"/><imc name="CONST" value="-808"/></imc></node><node label="AtomExpr" lexeme="0" spec="INT"><location loc="17.9--17.9"/><type label="INT"/><imc name="CONST" value="0"/></node><location loc="17.7--17.9"/><imc name="MOVE"><imc name="MEM"><imc name="BINOP" value="ADD"><imc name="TEMP" value="8"/><imc name="CONST" value="-808"/></imc></imc><imc name="CONST" value="0"/></imc></node><node label="WhileStmt"><node label="BinExpr" spec="LTH"><node label="VarName" lexeme="i"><location loc="17.18--17.18"/><declaredAt location="22.7--22.16"/><imc name="MEM"><imc name="BINOP" value="ADD"><imc name="TEMP" value="8"/><imc name="CONST" value="-808"/></imc></imc></node><node label="AtomExpr" lexeme="100" spec="INT"><location loc="17.20--17.22"/><type label="INT"/><imc name="CONST" value="100"/></node><location loc="17.18--17.22"/><type label="BOOL"/><imc name="BINOP" value="LTH"><imc name="MEM"><imc name="BINOP" value="ADD"><imc name="TEMP" value="8"/><imc name="CONST" value="-808"/></imc></imc><imc name="CONST" value="100"/></imc></node><node label="Stmts"><node label="AssignStmt"><node label="ArrExpr"><node label="VarName" lexeme="c"><location loc="17.27--17.27"/><declaredAt location="21.7--21.24"/><imc name="BINOP" value="ADD"><imc name="TEMP" value="8"/><imc name="CONST" value="-800"/></imc></node><node label="VarName" lexeme="i"><location loc="17.29--17.29"/><declaredAt location="22.7--22.16"/><imc name="MEM"><imc name="BINOP" value="ADD"><imc name="TEMP" value="8"/><imc name="CONST" value="-808"/></imc></imc></node><location loc="17.27--17.30"/><type label="INT"/><addr/><imc name="BINOP" value="ADD"><imc name="BINOP" value="ADD"><imc name="TEMP" value="8"/><imc name="CONST" value="-800"/></imc><imc name="BINOP" value="MUL"><imc name="MEM"><imc name="BINOP" value="ADD"><imc name="TEMP" value="8"/><imc name="CONST" value="-808"/></imc></imc><imc name="CONST" value="8"/></imc></imc></node><node label="AtomExpr" lexeme="0" spec="INT"><location loc="17.32--17.32"/><type label="INT"/><imc name="CONST" value="0"/></node><location loc="17.27--17.32"/><imc name="MOVE"><imc name="MEM"><imc name="BINOP" value="ADD"><imc name="BINOP" value="ADD"><imc name="TEMP" value="8"/><imc name="CONST" value="-800"/></imc><imc name="BINOP" value="MUL"><imc name="MEM"><imc name="BINOP" value="ADD"><imc name="TEMP" value="8"/><imc name="CONST" value="-808"/></imc></imc><imc name="CONST" value="8"/></imc></imc></imc><imc name="CONST" value="0"/></imc></node><node label="AssignStmt"><node label="VarName" lexeme="i"><location loc="17.35--17.35"/><declaredAt location="22.7--22.16"/><imc name="BINOP" value="ADD"><imc name="TEMP" value="8"/><imc name="CONST" value="-808"/></imc></node><node label="BinExpr" spec="ADD"><node label="VarName" lexeme="i"><location loc="17.37--17.37"/><declaredAt location="22.7--22.16"/><imc name="MEM"><imc name="BINOP" value="ADD"><imc name="TEMP" value="8"/><imc name="CONST" value="-808"/></imc></imc></node><node label="AtomExpr" lexeme="1" spec="INT"><location loc="17.39--17.39"/><type label="INT"/><imc name="CONST" value="1"/></node><location loc="17.37--17.39"/><type label="INT"/><imc name="BINOP" value="ADD"><imc name="MEM"><imc name="BINOP" value="ADD"><imc name="TEMP" value="8"/><imc name="CONST" value="-808"/></imc></imc><imc name="CONST" value="1"/></imc></node><location loc="17.35--17.39"/><imc name="MOVE"><imc name="MEM"><imc name="BINOP" value="ADD"><imc name="TEMP" value="8"/><imc name="CONST" value="-808"/></imc></imc><imc name="BINOP" value="ADD"><imc name="MEM"><imc name="BINOP" value="ADD"><imc name="TEMP" value="8"/><imc name="CONST" value="-808"/></imc></imc><imc name="CONST" value="1"/></imc></imc></node><location loc="17.27--17.39"/></node><location loc="17.12--17.44"/><imc name="STMTS"><imc name="LABEL" value="L11"/><imc name="CJUMP" value="L12:L13"><imc name="BINOP" value="LTH"><imc name="MEM"><imc name="BINOP" value="ADD"><imc name="TEMP" value="8"/><imc name="CONST" value="-808"/></imc></imc><imc name="CONST" value="100"/></imc></imc><imc name="LABEL" value="L12"/><imc name="STMTS"><imc name="MOVE"><imc name="MEM"><imc name="BINOP" value="ADD"><imc name="BINOP" value="ADD"><imc name="TEMP" value="8"/><imc name="CONST" value="-800"/></imc><imc name="BINOP" value="MUL"><imc name="MEM"><imc name="BINOP" value="ADD"><imc name="TEMP" value="8"/><imc name="CONST" value="-808"/></imc></imc><imc name="CONST" value="8"/></imc></imc></imc><imc name="CONST" value="0"/></imc><imc name="MOVE"><imc name="MEM"><imc name="BINOP" value="ADD"><imc name="TEMP" value="8"/><imc name="CONST" value="-808"/></imc></imc><imc name="BINOP" value="ADD"><imc name="MEM"><imc name="BINOP" value="ADD"><imc name="TEMP" value="8"/><imc name="CONST" value="-808"/></imc></imc><imc name="CONST" value="1"/></imc></imc></imc><imc name="JUMP" value="L11"/><imc name="LABEL" value="L13"/></imc></node><node label="ExprStmt"><node label="FunName" lexeme="gen"><node label="Args"><node label="AtomExpr" lexeme="0" spec="INT"><location loc="18.11--18.11"/><type label="INT"/><imc name="CONST" value="0"/></node><location loc="18.11--18.11"/></node><location loc="18.7--18.12"/><declaredAt location="23.7--42.10"/><type label="INT"/><imc name="CALL" value="L0"><imc name="CONST" value="0"/><imc name="CONST" value="0"/></imc></node><location loc="18.7--18.12"/><imc name="ESTMT"><imc name="CALL" value="L0"><imc name="CONST" value="0"/><imc name="CONST" value="0"/></imc></imc></node><location loc="17.7--18.12"/></node><node label="AtomExpr" lexeme="0" spec="INT"><location loc="19.7--19.7"/><type label="INT"/><imc name="CONST" value="0"/></node><location loc="17.7--42.10"/><type label="INT"/><imc name="SEXPR"><imc name="STMTS"><imc name="MOVE"><imc name="MEM"><imc name="BINOP" value="ADD"><imc name="TEMP" value="8"/><imc name="CONST" value="-808"/></imc></imc><imc name="CONST" value="0"/></imc><imc name="STMTS"><imc name="LABEL" value="L11"/><imc name="CJUMP" value="L12:L13"><imc name="BINOP" value="LTH"><imc name="MEM"><imc name="BINOP" value="ADD"><imc name="TEMP" value="8"/><imc name="CONST" value="-808"/></imc></imc><imc name="CONST" value="100"/></imc></imc><imc name="LABEL" value="L12"/><imc name="STMTS"><imc name="MOVE"><imc name="MEM"><imc name="BINOP" value="ADD"><imc name="BINOP" value="ADD"><imc name="TEMP" value="8"/><imc name="CONST" value="-800"/></imc><imc name="BINOP" value="MUL"><imc name="MEM"><imc name="BINOP" value="ADD"><imc name="TEMP" value="8"/><imc name="CONST" value="-808"/></imc></imc><imc name="CONST" value="8"/></imc></imc></imc><imc name="CONST" value="0"/></imc><imc name="MOVE"><imc name="MEM"><imc name="BINOP" value="ADD"><imc name="TEMP" value="8"/><imc name="CONST" value="-808"/></imc></imc><imc name="BINOP" value="ADD"><imc name="MEM"><imc name="BINOP" value="ADD"><imc name="TEMP" value="8"/><imc name="CONST" value="-808"/></imc></imc><imc name="CONST" value="1"/></imc></imc></imc><imc name="JUMP" value="L11"/><imc name="LABEL" value="L13"/></imc><imc name="ESTMT"><imc name="CALL" value="L0"><imc name="CONST" value="0"/><imc name="CONST" value="0"/></imc></imc></imc><imc name="CONST" value="0"/></imc></node><location loc="16.1--43.6"/><frame FP="T8" RV="T9" argssize="16" depth="1" label="_combs" locssize="808" size="840"/></node><location loc="1.1--43.6"/></node><location loc="1.1--43.6"/></node></imcgen>