<?xml version="1.0" encoding="UTF-8" standalone="no"?><?xml-stylesheet type="text/xsl" href="../../data/imcgen.xsl"?><imcgen><node label="Source"><node label="Decls"><node label="TypDecl" lexeme="r"><node label="RecType"><node label="CompDecls"><node label="CompDecl" lexeme="a"><node label="AtomType" spec="INT"><location loc="1.17--1.19"/></node><location loc="1.13--1.19"/></node><node label="CompDecl" lexeme="b"><node label="AtomType" spec="INT"><location loc="1.26--1.28"/></node><location loc="1.22--1.28"/></node><node label="CompDecl" lexeme="c"><node label="TypeName" lexeme="ll"><location loc="1.35--1.36"/><declaredAt location="2.1--2.13"/></node><location loc="1.31--1.36"/></node><location loc="1.13--1.36"/></node><location loc="1.9--1.37"/><type label="REC"><type label="INT"/><type label="INT"/><type label="INT"/></type></node><location loc="1.1--1.38"/><type label="TYPE" name="r"/></node><node label="TypDecl" lexeme="ll"><node label="AtomType" spec="INT"><location loc="2.10--2.12"/></node><location loc="2.1--2.13"/><type label="TYPE" name="ll"/></node><node label="TypDecl" lexeme="rr"><node label="RecType"><node label="CompDecls"><node label="CompDecl" lexeme="rr"><node label="AtomType" spec="CHAR"><location loc="4.19--4.22"/></node><location loc="4.14--4.22"/></node><node label="CompDecl" lexeme="b"><node label="AtomType" spec="INT"><location loc="4.29--4.31"/></node><location loc="4.25--4.31"/></node><location loc="4.14--4.31"/></node><location loc="4.10--4.32"/><type label="REC"><type label="CHAR"/><type label="INT"/></type></node><location loc="4.1--4.33"/><type label="TYPE" name="rr"/></node><node label="TypDecl" lexeme="xx"><node label="RecType"><node label="CompDecls"><node label="CompDecl" lexeme="pp"><node label="PtrType"><node label="TypeName" lexeme="rr"><location loc="6.23--6.24"/><declaredAt location="4.1--4.33"/></node><location loc="6.19--6.24"/><type label="PTR"><type label="REC"><type label="CHAR"/><type label="INT"/></type></type></node><location loc="6.14--6.24"/></node><node label="CompDecl" lexeme="ppp"><node label="PtrType"><node label="PtrType"><node label="TypeName" lexeme="rr"><location loc="6.41--6.42"/><declaredAt location="4.1--4.33"/></node><location loc="6.37--6.42"/><type label="PTR"><type label="REC"><type label="CHAR"/><type label="INT"/></type></type></node><location loc="6.33--6.42"/><type label="PTR"><type label="PTR"><type label="REC"><type label="CHAR"/><type label="INT"/></type></type></type></node><location loc="6.27--6.42"/></node><node label="CompDecl" lexeme="r"><node label="TypeName" lexeme="r"><location loc="6.49--6.49"/><declaredAt location="1.1--1.38"/></node><location loc="6.45--6.49"/></node><location loc="6.14--6.49"/></node><location loc="6.10--6.50"/><type label="REC"><type label="PTR"><type label="REC"><type label="CHAR"/><type label="INT"/></type></type><type label="PTR"><type label="PTR"><type label="REC"><type label="CHAR"/><type label="INT"/></type></type></type><type label="REC"><type label="INT"/><type label="INT"/><type label="INT"/></type></type></node><location loc="6.1--6.51"/><type label="TYPE" name="xx"/></node><node label="TypDecl" lexeme="zz"><node label="PtrType"><node label="TypeName" lexeme="xx"><location loc="8.14--8.15"/><declaredAt location="6.1--6.51"/></node><location loc="8.10--8.15"/><type label="PTR"><type label="REC"><type label="PTR"><type label="REC"><type label="CHAR"/><type label="INT"/></type></type><type label="PTR"><type label="PTR"><type label="REC"><type label="CHAR"/><type label="INT"/></type></type></type><type label="REC"><type label="INT"/><type label="INT"/><type label="INT"/></type></type></type></node><location loc="8.1--8.16"/><type label="TYPE" name="zz"/></node><node label="VarDecl" lexeme="vr"><node label="PtrType"><node label="AtomType" spec="INT"><location loc="10.14--10.16"/></node><location loc="10.10--10.16"/><type label="PTR"><type label="INT"/></type></node><location loc="10.1--10.17"/><access init="0" label="_vr" size="8"/></node><node label="VarDecl" lexeme="zzz"><node label="TypeName" lexeme="zz"><location loc="12.11--12.12"/><declaredAt location="8.1--8.16"/></node><location loc="12.1--12.13"/><access init="0" label="_zzz" size="8"/></node><node label="FunDef" lexeme="f"><node label="ParDecls"><node label="ParDecl" lexeme="x"><node label="AtomType" spec="INT"><location loc="14.11--14.13"/></node><location loc="14.7--14.13"/><access depth="1" offset="8" size="8"/></node><node label="ParDecl" lexeme="y"><node label="AtomType" spec="INT"><location loc="14.20--14.22"/></node><location loc="14.16--14.22"/><access depth="1" offset="16" size="8"/></node><node label="ParDecl" lexeme="z"><node label="AtomType" spec="INT"><location loc="14.29--14.31"/></node><location loc="14.25--14.31"/><access depth="1" offset="24" size="8"/></node><node label="ParDecl" lexeme="w"><node label="PtrType"><node label="TypeName" lexeme="rr"><location loc="14.42--14.43"/><declaredAt location="4.1--4.33"/></node><location loc="14.38--14.43"/><type label="PTR"><type label="REC"><type label="CHAR"/><type label="INT"/></type></type></node><location loc="14.34--14.43"/><access depth="1" offset="32" size="8"/></node><location loc="14.7--14.43"/></node><node label="AtomType" spec="VOID"><location loc="14.48--14.51"/></node><node label="BlockExpr"><node label="Decls"><node label="VarDecl" lexeme="x"><node label="AtomType" spec="INT"><location loc="29.25--29.27"/></node><location loc="29.17--29.28"/><access depth="1" offset="-8" size="8"/></node><node label="VarDecl" lexeme="y"><node label="TypeName" lexeme="r"><location loc="30.25--30.25"/><declaredAt location="1.1--1.38"/></node><location loc="30.17--30.26"/><access depth="1" offset="-32" size="24"/></node><node label="VarDecl" lexeme="z"><node label="PtrType"><node label="TypeName" lexeme="r"><location loc="31.29--31.29"/><declaredAt location="1.1--1.38"/></node><location loc="31.25--31.29"/><type label="PTR"><type label="REC"><type label="INT"/><type label="INT"/><type label="INT"/></type></type></node><location loc="31.17--31.30"/><access depth="1" offset="-40" size="8"/></node><location loc="29.17--31.30"/></node><node label="Stmts"><node label="ExprStmt"><node label="RecExpr"><node label="VarName" lexeme="y"><location loc="15.9--15.9"/><declaredAt location="30.17--30.26"/><imc name="BINOP" value="ADD"><imc name="TEMP" value="0"/><imc name="CONST" value="-32"/></imc></node><node label="VarName" lexeme="b"><location loc="15.11--15.11"/><declaredAt location="1.22--1.28"/></node><location loc="15.9--15.11"/><type label="INT"/><addr/><imc name="MEM"><imc name="BINOP" value="ADD"><imc name="BINOP" value="ADD"><imc name="TEMP" value="0"/><imc name="CONST" value="-32"/></imc><imc name="CONST" value="8"/></imc></imc></node><location loc="15.9--15.11"/><imc name="ESTMT"><imc name="MEM"><imc name="BINOP" value="ADD"><imc name="BINOP" value="ADD"><imc name="TEMP" value="0"/><imc name="CONST" value="-32"/></imc><imc name="CONST" value="8"/></imc></imc></imc></node><node label="ExprStmt"><node label="UnExpr" spec="ADD"><node label="AtomExpr" lexeme="5" spec="INT"><location loc="16.10--16.10"/><type label="INT"/><imc name="CONST" value="5"/></node><location loc="16.9--16.10"/><type label="INT"/><imc name="CONST" value="5"/></node><location loc="16.9--16.10"/><imc name="ESTMT"><imc name="CONST" value="5"/></imc></node><node label="ExprStmt"><node label="UnExpr" spec="ADD"><node label="UnExpr" spec="ADD"><node label="AtomExpr" lexeme="55" spec="INT"><location loc="17.11--17.12"/><type label="INT"/><imc name="CONST" value="55"/></node><location loc="17.10--17.12"/><type label="INT"/><imc name="CONST" value="55"/></node><location loc="17.9--17.12"/><type label="INT"/><imc name="CONST" value="55"/></node><location loc="17.9--17.12"/><imc name="ESTMT"><imc name="CONST" value="55"/></imc></node><node label="ExprStmt"><node label="UnExpr" spec="SUB"><node label="UnExpr" spec="ADD"><node label="AtomExpr" lexeme="55" spec="INT"><location loc="18.11--18.12"/><type label="INT"/><imc name="CONST" value="55"/></node><location loc="18.10--18.12"/><type label="INT"/><imc name="CONST" value="55"/></node><location loc="18.9--18.12"/><type label="INT"/><imc name="UNOP" value="NEG"><imc name="CONST" value="55"/></imc></node><location loc="18.9--18.12"/><imc name="ESTMT"><imc name="UNOP" value="NEG"><imc name="CONST" value="55"/></imc></imc></node><node label="ExprStmt"><node label="BinExpr" spec="ADD"><node label="UnExpr" spec="SUB"><node label="AtomExpr" lexeme="55" spec="INT"><location loc="19.10--19.11"/><type label="INT"/><imc name="CONST" value="55"/></node><location loc="19.9--19.11"/><type label="INT"/><imc name="UNOP" value="NEG"><imc name="CONST" value="55"/></imc></node><node label="AtomExpr" lexeme="55" spec="INT"><location loc="19.13--19.14"/><type label="INT"/><imc name="CONST" value="55"/></node><location loc="19.9--19.14"/><type label="INT"/><imc name="BINOP" value="ADD"><imc name="UNOP" value="NEG"><imc name="CONST" value="55"/></imc><imc name="CONST" value="55"/></imc></node><location loc="19.9--19.14"/><imc name="ESTMT"><imc name="BINOP" value="ADD"><imc name="UNOP" value="NEG"><imc name="CONST" value="55"/></imc><imc name="CONST" value="55"/></imc></imc></node><node label="ExprStmt"><node label="UnExpr" spec="ADD"><node label="UnExpr" spec="ADD"><node label="UnExpr" spec="SUB"><node label="UnExpr" spec="ADD"><node label="UnExpr" spec="ADD"><node label="AtomExpr" lexeme="17" spec="INT"><location loc="20.14--20.15"/><type label="INT"/><imc name="CONST" value="17"/></node><location loc="20.13--20.15"/><type label="INT"/><imc name="CONST" value="17"/></node><location loc="20.12--20.15"/><type label="INT"/><imc name="CONST" value="17"/></node><location loc="20.11--20.15"/><type label="INT"/><imc name="UNOP" value="NEG"><imc name="CONST" value="17"/></imc></node><location loc="20.10--20.15"/><type label="INT"/><imc name="UNOP" value="NEG"><imc name="CONST" value="17"/></imc></node><location loc="20.9--20.15"/><type label="INT"/><imc name="UNOP" value="NEG"><imc name="CONST" value="17"/></imc></node><location loc="20.9--20.15"/><imc name="ESTMT"><imc name="UNOP" value="NEG"><imc name="CONST" value="17"/></imc></imc></node><node label="ExprStmt"><node label="UnExpr" spec="ADDR"><node label="VarName" lexeme="vr"><location loc="21.10--21.11"/><declaredAt location="10.1--10.17"/><imc name="NAME" value="_vr"/></node><location loc="21.9--21.11"/><type label="PTR"><type label="PTR"><type label="INT"/></type></type><imc name="NAME" value="_vr"/></node><location loc="21.9--21.11"/><imc name="ESTMT"><imc name="NAME" value="_vr"/></imc></node><node label="ExprStmt"><node label="UnExpr" spec="DATA"><node label="VarName" lexeme="zzz"><location loc="22.10--22.12"/><declaredAt location="12.1--12.13"/><type label="PTR"><type label="REC"><type label="PTR"><type label="REC"><type label="CHAR"/><type label="INT"/></type></type><type label="PTR"><type label="PTR"><type label="REC"><type label="CHAR"/><type label="INT"/></type></type></type><type label="REC"><type label="INT"/><type label="INT"/><type label="INT"/></type></type></type><imc name="NAME" value="_zzz"/></node><location loc="22.9--22.12"/><type label="REC"><type label="PTR"><type label="REC"><type label="CHAR"/><type label="INT"/></type></type><type label="PTR"><type label="PTR"><type label="REC"><type label="CHAR"/><type label="INT"/></type></type></type><type label="REC"><type label="INT"/><type label="INT"/><type label="INT"/></type></type><addr/><imc name="MEM"><imc name="NAME" value="_zzz"/></imc></node><location loc="22.9--22.12"/><imc name="ESTMT"><imc name="MEM"><imc name="NAME" value="_zzz"/></imc></imc></node><node label="ExprStmt"><node label="UnExpr" spec="ADDR"><node label="VarName" lexeme="x"><location loc="23.10--23.10"/><declaredAt location="29.17--29.28"/><imc name="BINOP" value="ADD"><imc name="TEMP" value="0"/><imc name="CONST" value="-8"/></imc></node><location loc="23.9--23.10"/><type label="PTR"><type label="INT"/></type><imc name="BINOP" value="ADD"><imc name="TEMP" value="0"/><imc name="CONST" value="-8"/></imc></node><location loc="23.9--23.10"/><imc name="ESTMT"><imc name="BINOP" value="ADD"><imc name="TEMP" value="0"/><imc name="CONST" value="-8"/></imc></imc></node><node label="AssignStmt"><node label="VarName" lexeme="z"><location loc="24.9--24.9"/><declaredAt location="31.17--31.30"/><imc name="BINOP" value="ADD"><imc name="TEMP" value="0"/><imc name="CONST" value="-40"/></imc></node><node label="NewExpr"><node label="TypeName" lexeme="r"><location loc="24.17--24.17"/><declaredAt location="1.1--1.38"/></node><location loc="24.13--24.18"/><type label="PTR"><type label="REC"><type label="INT"/><type label="INT"/><type label="INT"/></type></type><imc name="CALL" value="__new"><imc name="TEMP" value="0"/><imc name="CONST" value="24"/></imc></node><location loc="24.9--24.18"/><imc name="MOVE"><imc name="MEM"><imc name="BINOP" value="ADD"><imc name="TEMP" value="0"/><imc name="CONST" value="-40"/></imc></imc><imc name="CALL" value="__new"><imc name="TEMP" value="0"/><imc name="CONST" value="24"/></imc></imc></node><node label="ExprStmt"><node label="AtomExpr" lexeme="&quot;xx_string&quot;" spec="STR"><location loc="25.9--25.19"/><type label="PTR"><type label="CHAR"/></type><imc name="NAME" value="L0"/></node><location loc="25.9--25.19"/><imc name="ESTMT"><imc name="NAME" value="L0"/></imc></node><node label="AssignStmt"><node label="VarName" lexeme="x"><location loc="26.9--26.9"/><declaredAt location="29.17--29.28"/><imc name="BINOP" value="ADD"><imc name="TEMP" value="0"/><imc name="CONST" value="-8"/></imc></node><node label="BinExpr" spec="ADD"><node label="RecExpr"><node label="VarName" lexeme="y"><location loc="26.13--26.13"/><declaredAt location="30.17--30.26"/><imc name="BINOP" value="ADD"><imc name="TEMP" value="0"/><imc name="CONST" value="-32"/></imc></node><node label="VarName" lexeme="a"><location loc="26.15--26.15"/><declaredAt location="1.13--1.19"/></node><location loc="26.13--26.15"/><type label="INT"/><addr/><imc name="MEM"><imc name="BINOP" value="ADD"><imc name="BINOP" value="ADD"><imc name="TEMP" value="0"/><imc name="CONST" value="-32"/></imc><imc name="CONST" value="0"/></imc></imc></node><node label="BinExpr" spec="MOD"><node label="BinExpr" spec="MUL"><node label="RecExpr"><node label="VarName" lexeme="y"><location loc="26.19--26.19"/><declaredAt location="30.17--30.26"/><imc name="BINOP" value="ADD"><imc name="TEMP" value="0"/><imc name="CONST" value="-32"/></imc></node><node label="VarName" lexeme="b"><location loc="26.21--26.21"/><declaredAt location="1.22--1.28"/></node><location loc="26.19--26.21"/><type label="INT"/><addr/><imc name="MEM"><imc name="BINOP" value="ADD"><imc name="BINOP" value="ADD"><imc name="TEMP" value="0"/><imc name="CONST" value="-32"/></imc><imc name="CONST" value="8"/></imc></imc></node><node label="RecExpr"><node label="VarName" lexeme="y"><location loc="26.25--26.25"/><declaredAt location="30.17--30.26"/><imc name="BINOP" value="ADD"><imc name="TEMP" value="0"/><imc name="CONST" value="-32"/></imc></node><node label="VarName" lexeme="c"><location loc="26.27--26.27"/><declaredAt location="1.31--1.36"/></node><location loc="26.25--26.27"/><type label="INT"/><addr/><imc name="MEM"><imc name="BINOP" value="ADD"><imc name="BINOP" value="ADD"><imc name="TEMP" value="0"/><imc name="CONST" value="-32"/></imc><imc name="CONST" value="16"/></imc></imc></node><location loc="26.19--26.27"/><type label="INT"/><imc name="BINOP" value="MUL"><imc name="MEM"><imc name="BINOP" value="ADD"><imc name="BINOP" value="ADD"><imc name="TEMP" value="0"/><imc name="CONST" value="-32"/></imc><imc name="CONST" value="8"/></imc></imc><imc name="MEM"><imc name="BINOP" value="ADD"><imc name="BINOP" value="ADD"><imc name="TEMP" value="0"/><imc name="CONST" value="-32"/></imc><imc name="CONST" value="16"/></imc></imc></imc></node><node label="RecExpr"><node label="VarName" lexeme="y"><location loc="26.31--26.31"/><declaredAt location="30.17--30.26"/><imc name="BINOP" value="ADD"><imc name="TEMP" value="0"/><imc name="CONST" value="-32"/></imc></node><node label="VarName" lexeme="a"><location loc="26.33--26.33"/><declaredAt location="1.13--1.19"/></node><location loc="26.31--26.33"/><type label="INT"/><addr/><imc name="MEM"><imc name="BINOP" value="ADD"><imc name="BINOP" value="ADD"><imc name="TEMP" value="0"/><imc name="CONST" value="-32"/></imc><imc name="CONST" value="0"/></imc></imc></node><location loc="26.19--26.33"/><type label="INT"/><imc name="BINOP" value="MOD"><imc name="BINOP" value="MUL"><imc name="MEM"><imc name="BINOP" value="ADD"><imc name="BINOP" value="ADD"><imc name="TEMP" value="0"/><imc name="CONST" value="-32"/></imc><imc name="CONST" value="8"/></imc></imc><imc name="MEM"><imc name="BINOP" value="ADD"><imc name="BINOP" value="ADD"><imc name="TEMP" value="0"/><imc name="CONST" value="-32"/></imc><imc name="CONST" value="16"/></imc></imc></imc><imc name="MEM"><imc name="BINOP" value="ADD"><imc name="BINOP" value="ADD"><imc name="TEMP" value="0"/><imc name="CONST" value="-32"/></imc><imc name="CONST" value="0"/></imc></imc></imc></node><location loc="26.13--26.33"/><type label="INT"/><imc name="BINOP" value="ADD"><imc name="MEM"><imc name="BINOP" value="ADD"><imc name="BINOP" value="ADD"><imc name="TEMP" value="0"/><imc name="CONST" value="-32"/></imc><imc name="CONST" value="0"/></imc></imc><imc name="BINOP" value="MOD"><imc name="BINOP" value="MUL"><imc name="MEM"><imc name="BINOP" value="ADD"><imc name="BINOP" value="ADD"><imc name="TEMP" value="0"/><imc name="CONST" value="-32"/></imc><imc name="CONST" value="8"/></imc></imc><imc name="MEM"><imc name="BINOP" value="ADD"><imc name="BINOP" value="ADD"><imc name="TEMP" value="0"/><imc name="CONST" value="-32"/></imc><imc name="CONST" value="16"/></imc></imc></imc><imc name="MEM"><imc name="BINOP" value="ADD"><imc name="BINOP" value="ADD"><imc name="TEMP" value="0"/><imc name="CONST" value="-32"/></imc><imc name="CONST" value="0"/></imc></imc></imc></imc></node><location loc="26.9--26.33"/><imc name="MOVE"><imc name="MEM"><imc name="BINOP" value="ADD"><imc name="TEMP" value="0"/><imc name="CONST" value="-8"/></imc></imc><imc name="BINOP" value="ADD"><imc name="MEM"><imc name="BINOP" value="ADD"><imc name="BINOP" value="ADD"><imc name="TEMP" value="0"/><imc name="CONST" value="-32"/></imc><imc name="CONST" value="0"/></imc></imc><imc name="BINOP" value="MOD"><imc name="BINOP" value="MUL"><imc name="MEM"><imc name="BINOP" value="ADD"><imc name="BINOP" value="ADD"><imc name="TEMP" value="0"/><imc name="CONST" value="-32"/></imc><imc name="CONST" value="8"/></imc></imc><imc name="MEM"><imc name="BINOP" value="ADD"><imc name="BINOP" value="ADD"><imc name="TEMP" value="0"/><imc name="CONST" value="-32"/></imc><imc name="CONST" value="16"/></imc></imc></imc><imc name="MEM"><imc name="BINOP" value="ADD"><imc name="BINOP" value="ADD"><imc name="TEMP" value="0"/><imc name="CONST" value="-32"/></imc><imc name="CONST" value="0"/></imc></imc></imc></imc></imc></node><location loc="15.9--26.33"/></node><node label="AtomExpr" lexeme="none" spec="VOID"><location loc="27.11--27.14"/><type label="VOID"/><imc name="CONST" value="0"/></node><location loc="15.9--31.30"/><type label="VOID"/><imc name="SEXPR"><imc name="STMTS"><imc name="ESTMT"><imc name="MEM"><imc name="BINOP" value="ADD"><imc name="BINOP" value="ADD"><imc name="TEMP" value="0"/><imc name="CONST" value="-32"/></imc><imc name="CONST" value="8"/></imc></imc></imc><imc name="ESTMT"><imc name="CONST" value="5"/></imc><imc name="ESTMT"><imc name="CONST" value="55"/></imc><imc name="ESTMT"><imc name="UNOP" value="NEG"><imc name="CONST" value="55"/></imc></imc><imc name="ESTMT"><imc name="BINOP" value="ADD"><imc name="UNOP" value="NEG"><imc name="CONST" value="55"/></imc><imc name="CONST" value="55"/></imc></imc><imc name="ESTMT"><imc name="UNOP" value="NEG"><imc name="CONST" value="17"/></imc></imc><imc name="ESTMT"><imc name="NAME" value="_vr"/></imc><imc name="ESTMT"><imc name="MEM"><imc name="NAME" value="_zzz"/></imc></imc><imc name="ESTMT"><imc name="BINOP" value="ADD"><imc name="TEMP" value="0"/><imc name="CONST" value="-8"/></imc></imc><imc name="MOVE"><imc name="MEM"><imc name="BINOP" value="ADD"><imc name="TEMP" value="0"/><imc name="CONST" value="-40"/></imc></imc><imc name="CALL" value="__new"><imc name="TEMP" value="0"/><imc name="CONST" value="24"/></imc></imc><imc name="ESTMT"><imc name="NAME" value="L0"/></imc><imc name="MOVE"><imc name="MEM"><imc name="BINOP" value="ADD"><imc name="TEMP" value="0"/><imc name="CONST" value="-8"/></imc></imc><imc name="BINOP" value="ADD"><imc name="MEM"><imc name="BINOP" value="ADD"><imc name="BINOP" value="ADD"><imc name="TEMP" value="0"/><imc name="CONST" value="-32"/></imc><imc name="CONST" value="0"/></imc></imc><imc name="BINOP" value="MOD"><imc name="BINOP" value="MUL"><imc name="MEM"><imc name="BINOP" value="ADD"><imc name="BINOP" value="ADD"><imc name="TEMP" value="0"/><imc name="CONST" value="-32"/></imc><imc name="CONST" value="8"/></imc></imc><imc name="MEM"><imc name="BINOP" value="ADD"><imc name="BINOP" value="ADD"><imc name="TEMP" value="0"/><imc name="CONST" value="-32"/></imc><imc name="CONST" value="16"/></imc></imc></imc><imc name="MEM"><imc name="BINOP" value="ADD"><imc name="BINOP" value="ADD"><imc name="TEMP" value="0"/><imc name="CONST" value="-32"/></imc><imc name="CONST" value="0"/></imc></imc></imc></imc></imc></imc><imc name="CONST" value="0"/></imc></node><location loc="14.1--32.2"/><frame FP="T0" RV="T1" argssize="16" depth="1" label="_f" locssize="40" size="72"/></node><location loc="1.1--32.2"/></node><location loc="1.1--32.2"/></node></imcgen>