<?xml version="1.0" encoding="UTF-8" standalone="no"?><?xml-stylesheet type="text/xsl" href="../../data/imcgen.xsl"?><imcgen><node label="Source"><node label="Decls"><node label="FunDecl" lexeme="putInt"><node label="ParDecls"><node label="ParDecl" lexeme="n"><node label="AtomType" spec="INT"><location loc="1.14--1.16"/></node><location loc="1.12--1.16"/><access depth="1" offset="8" size="8"/></node><location loc="1.12--1.16"/></node><node label="AtomType" spec="VOID"><location loc="1.19--1.22"/></node><location loc="1.1--1.23"/></node><node label="FunDecl" lexeme="putChar"><node label="ParDecls"><node label="ParDecl" lexeme="c"><node label="AtomType" spec="CHAR"><location loc="2.15--2.18"/></node><location loc="2.13--2.18"/><access depth="1" offset="8" size="8"/></node><location loc="2.13--2.18"/></node><node label="AtomType" spec="VOID"><location loc="2.21--2.24"/></node><location loc="2.1--2.25"/></node><node label="FunDecl" lexeme="putString"><node label="ParDecls"><node label="ParDecl" lexeme="s"><node label="PtrType"><node label="AtomType" spec="CHAR"><location loc="3.21--3.24"/></node><location loc="3.17--3.24"/><type label="PTR"><type label="CHAR"/></type></node><location loc="3.15--3.24"/><access depth="1" offset="8" size="8"/></node><location loc="3.15--3.24"/></node><node label="AtomType" spec="VOID"><location loc="3.27--3.30"/></node><location loc="3.1--3.31"/></node><node label="FunDef" lexeme="main"><node label="ParDecls"><location loc="0.0--0.0"/></node><node label="AtomType" spec="INT"><location loc="5.14--5.16"/></node><node label="BlockExpr"><node label="Decls"><location loc="0.0--0.0"/></node><node label="Stmts"><node label="ExprStmt"><node label="FunName" lexeme="putInt"><node label="Args"><node label="AtomExpr" lexeme="0" spec="INT"><location loc="6.16--6.16"/><type label="INT"/><imc name="CONST" value="0"/></node><location loc="6.16--6.16"/></node><location loc="6.9--6.17"/><declaredAt location="1.1--1.23"/><type label="VOID"/><imc name="CALL" value="_putInt"><imc name="CONST" value="0"/><imc name="CONST" value="0"/></imc></node><location loc="6.9--6.17"/><imc name="ESTMT"><imc name="CALL" value="_putInt"><imc name="CONST" value="0"/><imc name="CONST" value="0"/></imc></imc></node><location loc="6.9--6.17"/></node><node label="AtomExpr" lexeme="0" spec="INT"><location loc="7.11--7.11"/><type label="INT"/><imc name="CONST" value="0"/></node><location loc="6.9--7.11"/><type label="INT"/><imc name="SEXPR"><imc name="STMTS"><imc name="ESTMT"><imc name="CALL" value="_putInt"><imc name="CONST" value="0"/><imc name="CONST" value="0"/></imc></imc></imc><imc name="CONST" value="0"/></imc></node><location loc="5.1--8.2"/><frame FP="T6" RV="T7" argssize="16" depth="1" label="_main" locssize="0" size="32"/></node><location loc="1.1--8.2"/></node><location loc="1.1--8.2"/></node></imcgen>