<?xml version="1.0" encoding="UTF-8" standalone="no"?><?xml-stylesheet type="text/xsl" href="../../data/seman.xsl"?><seman><node label="Source"><node label="Decls"><node label="VarDecl" lexeme="a"><node label="ArrType"><node label="AtomExpr" lexeme="10" spec="INT"><location loc="1.13--1.14"/></node><node label="AtomType" spec="INT"><location loc="1.17--1.19"/></node><location loc="1.9--1.19"/><type label="ARR(10)" len="10"><type label="INT"/></type></node><location loc="1.1--1.20"/></node><node label="TypDecl" lexeme="point"><node label="RecType"><node label="CompDecls"><node label="CompDecl" lexeme="x"><node label="TypeName" lexeme="ll"><location loc="2.21--2.22"/><declaredAt location="6.1--6.13"/></node><location loc="2.17--2.22"/></node><node label="CompDecl" lexeme="y"><node label="AtomType" spec="CHAR"><location loc="2.29--2.32"/></node><location loc="2.25--2.32"/></node><location loc="2.17--2.32"/></node><location loc="2.13--2.33"/><type label="REC"><type label="INT"/><type label="CHAR"/></type></node><location loc="2.1--2.34"/><type label="TYPE" name="point"/></node><node label="VarDecl" lexeme="pt"><node label="TypeName" lexeme="point"><location loc="3.10--3.14"/><declaredAt location="2.1--2.34"/></node><location loc="3.1--3.15"/></node><node label="VarDecl" lexeme="pxt"><node label="AtomType" spec="INT"><location loc="4.11--4.13"/></node><location loc="4.1--4.14"/></node><node label="TypDecl" lexeme="ll"><node label="AtomType" spec="INT"><location loc="6.10--6.12"/></node><location loc="6.1--6.13"/><type label="TYPE" name="ll"/></node><node label="FunDef" lexeme="f"><node label="ParDecls"><location loc="0.0--0.0"/></node><node label="AtomType" spec="INT"><location loc="8.11--8.13"/></node><node label="BlockExpr"><node label="Decls"><location loc="0.0--0.0"/></node><node label="Stmts"><node label="AssignStmt"><node label="RecExpr"><node label="VarName" lexeme="pt"><location loc="9.9--9.10"/><declaredAt location="3.1--3.15"/></node><node label="VarName" lexeme="x"><location loc="9.12--9.12"/></node><location loc="9.9--9.12"/><type label="INT"/><addr/></node><node label="AtomExpr" lexeme="1" spec="INT"><location loc="9.16--9.16"/><type label="INT"/></node><location loc="9.9--9.16"/></node><location loc="9.9--9.16"/></node><node label="AtomExpr" lexeme="1" spec="INT"><location loc="11.9--11.9"/><type label="INT"/></node><location loc="9.9--11.9"/><type label="INT"/></node><location loc="8.1--12.2"/></node><location loc="1.1--12.2"/></node><location loc="1.1--12.2"/></node></seman>