<?xml version="1.0" encoding="UTF-8" standalone="no"?><?xml-stylesheet type="text/xsl" href="../../data/seman.xsl"?><seman><node label="Source"><node label="Decls"><node label="FunDef" lexeme="f"><node label="ParDecls"><location loc="0.0--0.0"/></node><node label="AtomType" spec="INT"><location loc="1.11--1.13"/></node><node label="BlockExpr"><node label="Decls"><location loc="0.0--0.0"/></node><node label="Stmts"><node label="AssignStmt"><node label="VarName" lexeme="i"><location loc="2.9--2.9"/><declaredAt location="8.1--8.12"/></node><node label="BinExpr" spec="ADD"><node label="VarName" lexeme="i"><location loc="2.13--2.13"/><declaredAt location="8.1--8.12"/></node><node label="AtomExpr" lexeme="1" spec="INT"><location loc="2.17--2.17"/></node><location loc="2.13--2.17"/></node><location loc="2.9--2.17"/></node><node label="ExprStmt"><node label="ArrExpr"><node label="VarName" lexeme="i"><location loc="3.9--3.9"/><declaredAt location="8.1--8.12"/></node><node label="AtomExpr" lexeme="3" spec="INT"><location loc="3.11--3.11"/></node><location loc="3.9--3.12"/><addr/></node><location loc="3.9--3.12"/></node><location loc="2.9--3.12"/></node><node label="AtomExpr" lexeme="true" spec="BOOL"><location loc="5.9--5.12"/></node><location loc="2.9--5.12"/></node><location loc="1.1--6.2"/></node><node label="VarDecl" lexeme="i"><node label="AtomType" spec="INT"><location loc="8.9--8.11"/></node><location loc="8.1--8.12"/></node><node label="TypDecl" lexeme="r"><node label="RecType"><node label="CompDecls"><node label="CompDecl" lexeme="x"><node label="AtomType" spec="INT"><location loc="10.17--10.19"/></node><location loc="10.13--10.19"/></node><node label="CompDecl" lexeme="y"><node label="AtomType" spec="INT"><location loc="10.26--10.28"/></node><location loc="10.22--10.28"/></node><location loc="10.13--10.28"/></node><location loc="10.9--10.29"/></node><location loc="10.1--10.30"/><type label="TYPE" name="r"/></node><node label="TypDecl" lexeme="rr"><node label="RecType"><node label="CompDecls"><node label="CompDecl" lexeme="z"><node label="AtomType" spec="INT"><location loc="11.18--11.20"/></node><location loc="11.14--11.20"/></node><node label="CompDecl" lexeme="w"><node label="TypeName" lexeme="r"><location loc="11.27--11.27"/><declaredAt location="10.1--10.30"/></node><location loc="11.23--11.27"/></node><location loc="11.14--11.27"/></node><location loc="11.10--11.28"/></node><location loc="11.1--11.29"/><type label="TYPE" name="rr"/></node><node label="VarDecl" lexeme="x"><node label="TypeName" lexeme="r"><location loc="13.9--13.9"/><declaredAt location="10.1--10.30"/></node><location loc="13.1--13.10"/></node><node label="VarDecl" lexeme="xx"><node label="TypeName" lexeme="rr"><location loc="14.10--14.11"/><declaredAt location="11.1--11.29"/></node><location loc="14.1--14.12"/></node><node label="FunDef" lexeme="g"><node label="ParDecls"><location loc="0.0--0.0"/></node><node label="AtomType" spec="VOID"><location loc="16.11--16.14"/></node><node label="BlockExpr"><node label="Decls"><location loc="0.0--0.0"/></node><node label="Stmts"><node label="AssignStmt"><node label="VarName" lexeme="i"><location loc="17.9--17.9"/><declaredAt location="8.1--8.12"/></node><node label="BinExpr" spec="ADD"><node label="VarName" lexeme="i"><location loc="17.13--17.13"/><declaredAt location="8.1--8.12"/></node><node label="AtomExpr" lexeme="1" spec="INT"><location loc="17.17--17.17"/></node><location loc="17.13--17.17"/></node><location loc="17.9--17.17"/></node><node label="ExprStmt"><node label="RecExpr"><node label="VarName" lexeme="x"><location loc="18.9--18.9"/><declaredAt location="13.1--13.10"/></node><node label="VarName" lexeme="y"><location loc="18.11--18.11"/></node><location loc="18.9--18.11"/><addr/></node><location loc="18.9--18.11"/></node><node label="ExprStmt"><node label="RecExpr"><node label="RecExpr"><node label="VarName" lexeme="xx"><location loc="19.9--19.10"/><declaredAt location="14.1--14.12"/></node><node label="VarName" lexeme="w"><location loc="19.12--19.12"/></node><location loc="19.9--19.12"/><addr/></node><node label="VarName" lexeme="y"><location loc="19.14--19.14"/></node><location loc="19.9--19.14"/><addr/></node><location loc="19.9--19.14"/></node><location loc="17.9--19.14"/></node><node label="AtomExpr" lexeme="none" spec="VOID"><location loc="21.9--21.12"/></node><location loc="17.9--21.12"/></node><location loc="16.1--22.2"/></node><location loc="1.1--22.2"/></node><location loc="1.1--22.2"/></node></seman>