<?xml version="1.0" encoding="UTF-8" standalone="no"?><?xml-stylesheet type="text/xsl" href="../../data/seman.xsl"?><seman><node label="Source"><node label="Decls"><node label="FunDef" lexeme="x"><node label="ParDecls"><location loc="0.0--0.0"/></node><node label="AtomType" spec="CHAR"><location loc="1.11--1.14"/></node><node label="BlockExpr"><node label="Decls"><node label="VarDecl" lexeme="a"><node label="AtomType" spec="CHAR"><location loc="5.23--5.26"/></node><location loc="5.15--5.27"/></node><node label="VarDecl" lexeme="b"><node label="ArrType"><node label="AtomExpr" lexeme="10" spec="INT"><location loc="5.41--5.42"/></node><node label="AtomType" spec="INT"><location loc="5.45--5.47"/></node><location loc="5.37--5.47"/></node><location loc="5.29--5.48"/></node><location loc="5.15--5.48"/></node><node label="Stmts"><node label="ExprStmt"><node label="AtomExpr" lexeme="true" spec="BOOL"><location loc="2.9--2.12"/></node><location loc="2.9--2.12"/></node><location loc="2.9--2.12"/></node><node label="VarName" lexeme="a"><location loc="4.9--4.9"/><declaredAt location="5.15--5.27"/></node><location loc="2.9--5.48"/></node><location loc="1.1--6.2"/></node><node label="FunDef" lexeme="g"><node label="ParDecls"><node label="ParDecl" lexeme="x"><node label="AtomType" spec="INT"><location loc="8.11--8.13"/></node><location loc="8.7--8.13"/></node><node label="ParDecl" lexeme="y"><node label="AtomType" spec="INT"><location loc="8.20--8.22"/></node><location loc="8.16--8.22"/></node><node label="ParDecl" lexeme="z"><node label="AtomType" spec="INT"><location loc="8.29--8.31"/></node><location loc="8.25--8.31"/></node><node label="ParDecl" lexeme="w"><node label="PtrType"><node label="ArrType"><node label="AtomExpr" lexeme="10" spec="INT"><location loc="8.46--8.47"/></node><node label="AtomType" spec="INT"><location loc="8.50--8.52"/></node><location loc="8.42--8.52"/></node><location loc="8.38--8.52"/></node><location loc="8.34--8.52"/></node><location loc="8.7--8.52"/></node><node label="PtrType"><node label="AtomType" spec="VOID"><location loc="8.61--8.64"/></node><location loc="8.57--8.64"/></node><node label="BlockExpr"><node label="Decls"><location loc="0.0--0.0"/></node><node label="Stmts"><node label="ExprStmt"><node label="AtomExpr" lexeme="true" spec="BOOL"><location loc="9.9--9.12"/></node><location loc="9.9--9.12"/></node><location loc="9.9--9.12"/></node><node label="AtomExpr" lexeme="null" spec="PTR"><location loc="11.9--11.12"/></node><location loc="9.9--11.12"/></node><location loc="8.1--12.2"/></node><node label="FunDef" lexeme="h"><node label="ParDecls"><location loc="0.0--0.0"/></node><node label="AtomType" spec="VOID"><location loc="14.11--14.14"/></node><node label="BlockExpr"><node label="Decls"><node label="VarDecl" lexeme="y"><node label="PtrType"><node label="ArrType"><node label="AtomExpr" lexeme="10" spec="INT"><location loc="19.31--19.32"/></node><node label="AtomType" spec="INT"><location loc="19.35--19.37"/></node><location loc="19.27--19.37"/></node><location loc="19.23--19.37"/></node><location loc="19.15--19.38"/></node><location loc="19.15--19.38"/></node><node label="Stmts"><node label="ExprStmt"><node label="FunName" lexeme="x"><node label="Args"><location loc="0.0--0.0"/></node><location loc="15.9--15.11"/><declaredAt location="1.1--6.2"/></node><location loc="15.9--15.11"/></node><node label="ExprStmt"><node label="FunName" lexeme="g"><node label="Args"><node label="AtomExpr" lexeme="1" spec="INT"><location loc="16.11--16.11"/></node><node label="AtomExpr" lexeme="1" spec="INT"><location loc="16.14--16.14"/></node><node label="AtomExpr" lexeme="1" spec="INT"><location loc="16.17--16.17"/></node><node label="VarName" lexeme="y"><location loc="16.20--16.20"/><declaredAt location="19.15--19.38"/></node><location loc="16.11--16.20"/></node><location loc="16.9--16.21"/><declaredAt location="8.1--12.2"/></node><location loc="16.9--16.21"/></node><location loc="15.9--16.21"/></node><node label="AtomExpr" lexeme="none" spec="VOID"><location loc="18.9--18.12"/></node><location loc="15.9--19.38"/></node><location loc="14.1--20.2"/></node><location loc="1.1--20.2"/></node><location loc="1.1--20.2"/></node></seman>