<?xml version="1.0" encoding="UTF-8" standalone="no"?><?xml-stylesheet type="text/xsl" href="../../data/seman.xsl"?><seman><node label="Source"><node label="Decls"><node label="FunDef" lexeme="f"><node label="ParDecls"><location loc="0.0--0.0"/></node><node label="AtomType" spec="INT"><location loc="1.11--1.13"/></node><node label="BinExpr" spec="ADD"><node label="CastExpr"><node label="FunName" lexeme="g"><node label="Args"><node label="AtomExpr" lexeme="3" spec="INT"><location loc="1.20--1.20"/></node><location loc="1.20--1.20"/></node><location loc="1.18--1.21"/><declaredAt location="5.1--5.33"/></node><node label="AtomType" spec="INT"><location loc="1.25--1.27"/></node><location loc="1.17--1.28"/></node><node label="AtomExpr" lexeme="17" spec="INT"><location loc="1.32--1.33"/></node><location loc="1.17--1.33"/></node><location loc="1.1--1.34"/></node><node label="VarDecl" lexeme="ekv"><node label="TypeName" lexeme="_type"><location loc="3.11--3.15"/><declaredAt location="7.1--7.17"/></node><location loc="3.1--3.16"/></node><node label="FunDef" lexeme="g"><node label="ParDecls"><node label="ParDecl" lexeme="x"><node label="AtomType" spec="INT"><location loc="5.11--5.13"/></node><location loc="5.7--5.13"/></node><location loc="5.7--5.13"/></node><node label="AtomType" spec="CHAR"><location loc="5.18--5.21"/></node><node label="BinExpr" spec="ADD"><node label="VarName" lexeme="ekv"><location loc="5.25--5.27"/><declaredAt location="3.1--3.16"/></node><node label="AtomExpr" lexeme="69" spec="INT"><location loc="5.31--5.32"/></node><location loc="5.25--5.32"/></node><location loc="5.1--5.33"/></node><node label="TypDecl" lexeme="_type"><node label="AtomType" spec="VOID"><location loc="7.13--7.16"/></node><location loc="7.1--7.17"/><type label="TYPE" name="_type"/></node><node label="FunDef" lexeme="fx"><node label="ParDecls"><node label="ParDecl" lexeme="x"><node label="AtomType" spec="INT"><location loc="9.12--9.14"/></node><location loc="9.8--9.14"/></node><node label="ParDecl" lexeme="y"><node label="AtomType" spec="CHAR"><location loc="9.21--9.24"/></node><location loc="9.17--9.24"/></node><location loc="9.8--9.24"/></node><node label="AtomType" spec="VOID"><location loc="9.29--9.32"/></node><node label="BlockExpr"><node label="Decls"><node label="FunDef" lexeme="p"><node label="ParDecls"><location loc="0.0--0.0"/></node><node label="TypeName" lexeme="_type"><location loc="10.78--10.82"/><declaredAt location="7.1--7.17"/></node><node label="AtomExpr" lexeme="17" spec="INT"><location loc="10.86--10.87"/></node><location loc="10.68--10.88"/></node><location loc="10.68--10.88"/></node><node label="Stmts"><node label="AssignStmt"><node label="VarName" lexeme="ekv"><location loc="10.9--10.11"/><declaredAt location="3.1--3.16"/></node><node label="BinExpr" spec="MUL"><node label="VarName" lexeme="ekv"><location loc="10.18--10.20"/><declaredAt location="3.1--3.16"/></node><node label="BinExpr" spec="ADD"><node label="AtomExpr" lexeme="15" spec="INT"><location loc="10.28--10.29"/></node><node label="AtomExpr" lexeme="2" spec="INT"><location loc="10.33--10.33"/></node><location loc="10.28--10.33"/></node><location loc="10.18--10.33"/></node><location loc="10.9--10.34"/></node><location loc="10.9--10.34"/></node><node label="BinExpr" spec="ADD"><node label="BinExpr" spec="ADD"><node label="BinExpr" spec="ADD"><node label="VarName" lexeme="x"><location loc="10.39--10.39"/><declaredAt location="9.8--9.14"/></node><node label="FunName" lexeme="f"><node label="Args"><location loc="0.0--0.0"/></node><location loc="10.43--10.45"/><declaredAt location="1.1--1.34"/></node><location loc="10.39--10.45"/></node><node label="VarName" lexeme="ekv"><location loc="10.49--10.51"/><declaredAt location="3.1--3.16"/></node><location loc="10.39--10.51"/></node><node label="FunName" lexeme="p"><node label="Args"><node label="VarName" lexeme="ekv"><location loc="10.57--10.59"/><declaredAt location="3.1--3.16"/></node><location loc="10.57--10.59"/></node><location loc="10.55--10.60"/><declaredAt location="10.68--10.88"/></node><location loc="10.39--10.60"/></node><location loc="10.9--10.88"/></node><location loc="9.1--11.2"/></node><node label="FunDef" lexeme="nw"><node label="ParDecls"><location loc="0.0--0.0"/></node><node label="AtomType" spec="VOID"><location loc="13.12--13.15"/></node><node label="BlockExpr"><node label="Decls"><location loc="0.0--0.0"/></node><node label="Stmts"><node label="ExprStmt"><node label="BinExpr" spec="ADD"><node label="BinExpr" spec="ADD"><node label="AtomExpr" lexeme="3" spec="INT"><location loc="14.9--14.9"/></node><node label="AtomExpr" lexeme="7" spec="INT"><location loc="14.13--14.13"/></node><location loc="14.9--14.13"/></node><node label="AtomExpr" lexeme="7" spec="INT"><location loc="14.17--14.17"/></node><location loc="14.9--14.17"/></node><location loc="14.9--14.17"/></node><location loc="14.9--14.17"/></node><node label="AtomExpr" lexeme="none" spec="VOID"><location loc="14.22--14.25"/></node><location loc="14.9--14.25"/></node><location loc="13.1--15.2"/></node><location loc="1.1--15.2"/></node><location loc="1.1--15.2"/></node></seman>