<?xml version="1.0" encoding="UTF-8" standalone="no"?><?xml-stylesheet type="text/xsl" href="../../data/seman.xsl"?><seman><node label="Source"><node label="Decls"><node label="TypDecl" lexeme="ll"><node label="TypeName" lexeme="long"><location loc="1.10--1.13"/><declaredAt location="2.1--2.15"/></node><location loc="1.1--1.14"/><type label="TYPE" name="ll"/></node><node label="TypDecl" lexeme="long"><node label="AtomType" spec="INT"><location loc="2.12--2.14"/></node><location loc="2.1--2.15"/><type label="TYPE" name="long"/></node><node label="TypDecl" lexeme="pi"><node label="PtrType"><node label="AtomType" spec="INT"><location loc="4.14--4.16"/></node><location loc="4.10--4.16"/></node><location loc="4.1--4.17"/><type label="TYPE" name="pi"/></node><node label="TypDecl" lexeme="ppi"><node label="PtrType"><node label="TypeName" lexeme="pi"><location loc="5.15--5.16"/><declaredAt location="4.1--4.17"/></node><location loc="5.11--5.16"/></node><location loc="5.1--5.17"/><type label="TYPE" name="ppi"/></node><node label="TypDecl" lexeme="r"><node label="RecType"><node label="CompDecls"><node label="CompDecl" lexeme="x"><node label="AtomType" spec="INT"><location loc="7.17--7.19"/></node><location loc="7.13--7.19"/></node><location loc="7.13--7.19"/></node><location loc="7.9--7.20"/></node><location loc="7.1--7.21"/><type label="TYPE" name="r"/></node><node label="TypDecl" lexeme="pr"><node label="RecType"><node label="CompDecls"><node label="CompDecl" lexeme="x"><node label="TypeName" lexeme="ll"><location loc="8.18--8.19"/><declaredAt location="1.1--1.14"/></node><location loc="8.14--8.19"/></node><node label="CompDecl" lexeme="y"><node label="TypeName" lexeme="long"><location loc="8.26--8.29"/><declaredAt location="2.1--2.15"/></node><location loc="8.22--8.29"/></node><node label="CompDecl" lexeme="z"><node label="PtrType"><node label="PtrType"><node label="ArrType"><node label="BinExpr" spec="ADD"><node label="AtomExpr" lexeme="1" spec="INT"><location loc="8.50--8.50"/></node><node label="AtomExpr" lexeme="5" spec="INT"><location loc="8.54--8.54"/></node><location loc="8.50--8.54"/></node><node label="PtrType"><node label="TypeName" lexeme="r"><location loc="8.61--8.61"/><declaredAt location="7.1--7.21"/></node><location loc="8.57--8.61"/></node><location loc="8.46--8.61"/></node><location loc="8.42--8.61"/></node><location loc="8.36--8.61"/></node><location loc="8.32--8.63"/></node><node label="CompDecl" lexeme="w"><node label="PtrType"><node label="AtomType" spec="VOID"><location loc="8.74--8.77"/></node><location loc="8.70--8.77"/></node><location loc="8.66--8.77"/></node><location loc="8.14--8.77"/></node><location loc="8.10--8.78"/></node><location loc="8.1--8.79"/><type label="TYPE" name="pr"/></node><node label="VarDecl" lexeme="i"><node label="ArrType"><node label="BinExpr" spec="ADD"><node label="BinExpr" spec="ADD"><node label="UnExpr" spec="SUB"><node label="UnExpr" spec="SUB"><node label="AtomExpr" lexeme="17" spec="INT"><location loc="10.15--10.16"/></node><location loc="10.14--10.16"/></node><location loc="10.13--10.16"/></node><node label="AtomExpr" lexeme="69" spec="INT"><location loc="10.20--10.21"/></node><location loc="10.13--10.21"/></node><node label="BinExpr" spec="ADD"><node label="BinExpr" spec="MUL"><node label="BinExpr" spec="SUB"><node label="AtomExpr" lexeme="3" spec="INT"><location loc="10.27--10.27"/></node><node label="AtomExpr" lexeme="1" spec="INT"><location loc="10.31--10.31"/></node><location loc="10.27--10.31"/></node><node label="AtomExpr" lexeme="2" spec="INT"><location loc="10.36--10.36"/></node><location loc="10.27--10.36"/></node><node label="AtomExpr" lexeme="1" spec="INT"><location loc="10.41--10.41"/></node><location loc="10.27--10.41"/></node><location loc="10.13--10.41"/></node><node label="ArrType"><node label="AtomExpr" lexeme="1" spec="INT"><location loc="10.50--10.50"/></node><node label="AtomType" spec="INT"><location loc="10.53--10.55"/></node><location loc="10.46--10.55"/></node><location loc="10.9--10.55"/></node><location loc="10.1--10.56"/></node><node label="FunDef" lexeme="f"><node label="ParDecls"><location loc="0.0--0.0"/></node><node label="AtomType" spec="VOID"><location loc="12.11--12.14"/></node><node label="BinExpr" spec="ADD"><node label="BinExpr" spec="ADD"><node label="BinExpr" spec="ADD"><node label="BinExpr" spec="ADD"><node label="AtomExpr" lexeme="null" spec="PTR"><location loc="12.18--12.21"/></node><node label="AtomExpr" lexeme="none" spec="VOID"><location loc="12.25--12.28"/></node><location loc="12.18--12.28"/></node><node label="UnExpr" spec="DATA"><node label="VarName" lexeme="i"><location loc="12.33--12.33"/><declaredAt location="10.1--10.56"/></node><location loc="12.32--12.33"/></node><location loc="12.18--12.33"/></node><node label="UnExpr" spec="ADDR"><node label="VarName" lexeme="i"><location loc="12.38--12.38"/><declaredAt location="10.1--10.56"/></node><location loc="12.37--12.38"/></node><location loc="12.18--12.38"/></node><node label="BlockExpr"><node label="Decls"><location loc="0.0--0.0"/></node><node label="Stmts"><node label="AssignStmt"><node label="VarName" lexeme="i"><location loc="12.44--12.44"/><declaredAt location="10.1--10.56"/></node><node label="NewExpr"><node label="TypeName" lexeme="ll"><location loc="12.52--12.53"/><declaredAt location="1.1--1.14"/></node><location loc="12.48--12.54"/></node><location loc="12.44--12.54"/></node><node label="ExprStmt"><node label="DelExpr"><node label="VarName" lexeme="i"><location loc="12.61--12.61"/><declaredAt location="10.1--10.56"/></node><location loc="12.57--12.62"/></node><location loc="12.57--12.62"/></node><location loc="12.44--12.62"/></node><node label="AtomExpr" lexeme="none" spec="VOID"><location loc="12.67--12.70"/></node><location loc="12.44--12.70"/></node><location loc="12.18--12.70"/></node><location loc="12.1--12.72"/></node><node label="FunDef" lexeme="g"><node label="ParDecls"><location loc="0.0--0.0"/></node><node label="AtomType" spec="VOID"><location loc="14.11--14.14"/></node><node label="BlockExpr"><node label="Decls"><location loc="0.0--0.0"/></node><node label="Stmts"><node label="IfStmt"><node label="AtomExpr" lexeme="true" spec="BOOL"><location loc="15.12--15.15"/></node><node label="Stmts"><node label="AssignStmt"><node label="VarName" lexeme="i"><location loc="16.17--16.17"/><declaredAt location="10.1--10.56"/></node><node label="AtomExpr" lexeme="1" spec="INT"><location loc="16.21--16.21"/></node><location loc="16.17--16.21"/></node><location loc="16.17--16.21"/></node><node label="Stmts"><node label="AssignStmt"><node label="VarName" lexeme="i"><location loc="18.17--18.17"/><declaredAt location="10.1--10.56"/></node><node label="AtomExpr" lexeme="2" spec="INT"><location loc="18.21--18.21"/></node><location loc="18.17--18.21"/></node><location loc="18.17--18.21"/></node><location loc="15.9--19.11"/></node><location loc="15.9--19.11"/></node><node label="AtomExpr" lexeme="none" spec="VOID"><location loc="22.9--22.12"/></node><location loc="15.9--22.12"/></node><location loc="14.1--23.2"/></node><location loc="1.1--23.2"/></node><location loc="1.1--23.2"/></node></seman>