<?xml version="1.0" encoding="UTF-8" standalone="no"?><?xml-stylesheet type="text/xsl" href="../../data/seman.xsl"?><seman><node label="Source"><node label="Decls"><node label="TypDecl" lexeme="a"><node label="AtomType" spec="INT"><location loc="1.9--1.11"/></node><location loc="1.1--1.12"/><type label="TYPE" name="a"/></node><node label="TypDecl" lexeme="b"><node label="TypeName" lexeme="a"><location loc="2.9--2.9"/><declaredAt location="1.1--1.12"/></node><location loc="2.1--2.10"/><type label="TYPE" name="b"/></node><node label="TypDecl" lexeme="c"><node label="TypeName" lexeme="a"><location loc="3.9--3.9"/><declaredAt location="1.1--1.12"/></node><location loc="3.1--3.10"/><type label="TYPE" name="c"/></node><node label="TypDecl" lexeme="d"><node label="TypeName" lexeme="c"><location loc="4.9--4.9"/><declaredAt location="3.1--3.10"/></node><location loc="4.1--4.10"/><type label="TYPE" name="d"/></node><node label="VarDecl" lexeme="x"><node label="AtomType" spec="INT"><location loc="6.9--6.11"/></node><location loc="6.1--6.12"/></node><node label="VarDecl" lexeme="y"><node label="AtomType" spec="INT"><location loc="7.9--7.11"/></node><location loc="7.1--7.12"/></node><node label="TypDecl" lexeme="ll"><node label="AtomType" spec="INT"><location loc="9.10--9.12"/></node><location loc="9.1--9.13"/><type label="TYPE" name="ll"/></node><node label="TypDecl" lexeme="pt"><node label="RecType"><node label="CompDecls"><node label="CompDecl" lexeme="x"><node label="AtomType" spec="INT"><location loc="10.18--10.20"/></node><location loc="10.14--10.20"/></node><node label="CompDecl" lexeme="y"><node label="AtomType" spec="INT"><location loc="10.27--10.29"/></node><location loc="10.23--10.29"/></node><location loc="10.14--10.29"/></node><location loc="10.10--10.30"/></node><location loc="10.1--10.31"/><type label="TYPE" name="pt"/></node><node label="TypDecl" lexeme="pt2"><node label="RecType"><node label="CompDecls"><node label="CompDecl" lexeme="x"><node label="TypeName" lexeme="a"><location loc="11.19--11.19"/><declaredAt location="1.1--1.12"/></node><location loc="11.15--11.19"/></node><node label="CompDecl" lexeme="y"><node label="TypeName" lexeme="c"><location loc="11.26--11.26"/><declaredAt location="3.1--3.10"/></node><location loc="11.22--11.26"/></node><location loc="11.15--11.26"/></node><location loc="11.11--11.27"/></node><location loc="11.1--11.28"/><type label="TYPE" name="pt2"/></node><node label="TypDecl" lexeme="pt3"><node label="RecType"><node label="CompDecls"><node label="CompDecl" lexeme="x"><node label="TypeName" lexeme="pt"><location loc="12.19--12.20"/><declaredAt location="10.1--10.31"/></node><location loc="12.15--12.20"/></node><node label="CompDecl" lexeme="y"><node label="TypeName" lexeme="pt2"><location loc="12.27--12.29"/><declaredAt location="11.1--11.28"/></node><location loc="12.23--12.29"/></node><location loc="12.15--12.29"/></node><location loc="12.11--12.30"/></node><location loc="12.1--12.31"/><type label="TYPE" name="pt3"/></node><node label="VarDecl" lexeme="ptv"><node label="TypeName" lexeme="pt"><location loc="14.11--14.12"/><declaredAt location="10.1--10.31"/></node><location loc="14.1--14.13"/></node><node label="VarDecl" lexeme="ptu"><node label="TypeName" lexeme="pt2"><location loc="15.11--15.13"/><declaredAt location="11.1--11.28"/></node><location loc="15.1--15.14"/></node><node label="VarDecl" lexeme="ptt"><node label="TypeName" lexeme="pt3"><location loc="16.11--16.13"/><declaredAt location="12.1--12.31"/></node><location loc="16.1--16.14"/></node><node label="VarDecl" lexeme="pi"><node label="PtrType"><node label="AtomType" spec="INT"><location loc="18.14--18.16"/></node><location loc="18.10--18.16"/></node><location loc="18.1--18.17"/></node><node label="FunDef" lexeme="main"><node label="ParDecls"><location loc="0.0--0.0"/></node><node label="AtomType" spec="INT"><location loc="20.14--20.16"/></node><node label="BlockExpr"><node label="Decls"><location loc="0.0--0.0"/></node><node label="Stmts"><node label="AssignStmt"><node label="RecExpr"><node label="VarName" lexeme="ptv"><location loc="21.9--21.11"/><declaredAt location="14.1--14.13"/></node><node label="VarName" lexeme="y"><location loc="21.13--21.13"/></node><location loc="21.9--21.13"/><addr/></node><node label="BinExpr" spec="ADD"><node label="BinExpr" spec="MUL"><node label="VarName" lexeme="x"><location loc="21.17--21.17"/><declaredAt location="6.1--6.12"/></node><node label="RecExpr"><node label="VarName" lexeme="ptu"><location loc="21.21--21.23"/><declaredAt location="15.1--15.14"/></node><node label="VarName" lexeme="x"><location loc="21.25--21.25"/></node><location loc="21.21--21.25"/><addr/></node><location loc="21.17--21.25"/></node><node label="CastExpr"><node label="AtomExpr" lexeme="'c'" spec="CHAR"><location loc="21.30--21.32"/></node><node label="TypeName" lexeme="ll"><location loc="21.36--21.37"/><declaredAt location="9.1--9.13"/></node><location loc="21.29--21.38"/></node><location loc="21.17--21.38"/></node><location loc="21.9--21.38"/></node><node label="AssignStmt"><node label="RecExpr"><node label="RecExpr"><node label="VarName" lexeme="ptt"><location loc="22.9--22.11"/><declaredAt location="16.1--16.14"/></node><node label="VarName" lexeme="x"><location loc="22.13--22.13"/></node><location loc="22.9--22.13"/><addr/></node><node label="VarName" lexeme="y"><location loc="22.15--22.15"/></node><location loc="22.9--22.15"/><addr/></node><node label="RecExpr"><node label="RecExpr"><node label="VarName" lexeme="ptt"><location loc="22.19--22.21"/><declaredAt location="16.1--16.14"/></node><node label="VarName" lexeme="y"><location loc="22.23--22.23"/></node><location loc="22.19--22.23"/><addr/></node><node label="VarName" lexeme="x"><location loc="22.25--22.25"/></node><location loc="22.19--22.25"/><addr/></node><location loc="22.9--22.25"/></node><location loc="21.9--22.25"/></node><node label="AtomExpr" lexeme="0" spec="INT"><location loc="24.9--24.9"/></node><location loc="21.9--24.9"/></node><location loc="20.1--25.2"/></node><node label="FunDef" lexeme="f"><node label="ParDecls"><node label="ParDecl" lexeme="x"><node label="AtomType" spec="INT"><location loc="27.11--27.13"/></node><location loc="27.7--27.13"/></node><location loc="27.7--27.13"/></node><node label="AtomType" spec="INT"><location loc="27.18--27.20"/></node><node label="BlockExpr"><node label="Decls"><location loc="0.0--0.0"/></node><node label="Stmts"><node label="AssignStmt"><node label="VarName" lexeme="x"><location loc="28.9--28.9"/><declaredAt location="27.7--27.13"/></node><node label="BinExpr" spec="SUB"><node label="VarName" lexeme="x"><location loc="28.13--28.13"/><declaredAt location="27.7--27.13"/></node><node label="AtomExpr" lexeme="1" spec="INT"><location loc="28.17--28.17"/></node><location loc="28.13--28.17"/></node><location loc="28.9--28.17"/></node><node label="AssignStmt"><node label="UnExpr" spec="DATA"><node label="VarName" lexeme="pi"><location loc="29.10--29.11"/><declaredAt location="18.1--18.17"/></node><location loc="29.9--29.11"/></node><node label="AtomExpr" lexeme="3" spec="INT"><location loc="29.15--29.15"/></node><location loc="29.9--29.15"/></node><location loc="28.9--29.15"/></node><node label="BinExpr" spec="ADD"><node label="FunName" lexeme="f"><node label="Args"><node label="BinExpr" spec="SUB"><node label="VarName" lexeme="x"><location loc="31.11--31.11"/><declaredAt location="27.7--27.13"/></node><node label="AtomExpr" lexeme="1" spec="INT"><location loc="31.15--31.15"/></node><location loc="31.11--31.15"/></node><location loc="31.11--31.15"/></node><location loc="31.9--31.16"/><declaredAt location="27.1--32.2"/></node><node label="VarName" lexeme="x"><location loc="31.20--31.20"/><declaredAt location="27.7--27.13"/></node><location loc="31.9--31.20"/></node><location loc="28.9--31.20"/></node><location loc="27.1--32.2"/></node><node label="FunDecl" lexeme="fx"><node label="ParDecls"><location loc="0.0--0.0"/></node><node label="AtomType" spec="VOID"><location loc="35.12--35.15"/></node><location loc="35.1--35.16"/></node><node label="FunDecl" lexeme="gx"><node label="ParDecls"><node label="ParDecl" lexeme="x"><node label="PtrType"><node label="ArrType"><node label="AtomExpr" lexeme="10" spec="INT"><location loc="37.20--37.21"/></node><node label="AtomType" spec="INT"><location loc="37.24--37.26"/></node><location loc="37.16--37.26"/></node><location loc="37.12--37.26"/></node><location loc="37.8--37.26"/></node><location loc="37.8--37.26"/></node><node label="PtrType"><node label="ArrType"><node label="AtomExpr" lexeme="10" spec="INT"><location loc="37.39--37.40"/></node><node label="AtomType" spec="INT"><location loc="37.43--37.45"/></node><location loc="37.35--37.45"/></node><location loc="37.31--37.45"/></node><location loc="37.1--37.46"/></node><node label="FunDef" lexeme="complicate"><node label="ParDecls"><location loc="0.0--0.0"/></node><node label="AtomType" spec="INT"><location loc="39.20--39.22"/></node><node label="BinExpr" spec="ADD"><node label="BlockExpr"><node label="Decls"><node label="TypDecl" lexeme="pt4"><node label="TypeName" lexeme="pt"><location loc="42.27--42.28"/><declaredAt location="10.1--10.31"/></node><location loc="42.17--42.29"/><type label="TYPE" name="pt4"/></node><node label="VarDecl" lexeme="nv"><node label="TypeName" lexeme="pt4"><location loc="43.26--43.28"/><declaredAt location="42.17--42.29"/></node><location loc="43.17--43.29"/></node><location loc="42.17--43.29"/></node><node label="Stmts"><node label="ExprStmt"><node label="RecExpr"><node label="VarName" lexeme="nv"><location loc="40.10--40.11"/><declaredAt location="43.17--43.29"/></node><node label="VarName" lexeme="y"><location loc="40.13--40.13"/></node><location loc="40.10--40.13"/><addr/></node><location loc="40.10--40.13"/></node><location loc="40.10--40.13"/></node><node label="AtomExpr" lexeme="17" spec="INT"><location loc="40.18--40.19"/></node><location loc="40.10--43.29"/></node><node label="BlockExpr"><node label="Decls"><node label="TypDecl" lexeme="pt4"><node label="TypeName" lexeme="pt3"><location loc="46.33--46.35"/><declaredAt location="12.1--12.31"/></node><location loc="46.23--46.36"/><type label="TYPE" name="pt4"/></node><node label="VarDecl" lexeme="nv"><node label="TypeName" lexeme="pt4"><location loc="47.26--47.28"/><declaredAt location="46.23--46.36"/></node><location loc="47.17--47.29"/></node><location loc="46.23--47.29"/></node><node label="Stmts"><node label="ExprStmt"><node label="RecExpr"><node label="RecExpr"><node label="VarName" lexeme="nv"><location loc="45.10--45.11"/><declaredAt location="47.17--47.29"/></node><node label="VarName" lexeme="y"><location loc="45.13--45.13"/></node><location loc="45.10--45.13"/><addr/></node><node label="VarName" lexeme="x"><location loc="45.15--45.15"/></node><location loc="45.10--45.15"/><addr/></node><location loc="45.10--45.15"/></node><location loc="45.10--45.15"/></node><node label="AtomExpr" lexeme="17" spec="INT"><location loc="45.20--45.21"/></node><location loc="45.10--47.29"/></node><location loc="40.10--47.29"/></node><location loc="39.1--48.10"/></node><location loc="1.1--48.10"/></node><location loc="1.1--48.10"/></node></seman>