<?xml version="1.0" encoding="UTF-8" standalone="no"?><?xml-stylesheet type="text/xsl" href="../../data/seman.xsl"?><seman><node label="Source"><node label="Decls"><node label="FunDef" lexeme="x"><node label="ParDecls"><node label="ParDecl" lexeme="i"><node label="AtomType" spec="INT"><location loc="1.11--1.13"/></node><location loc="1.7--1.13"/></node><location loc="1.7--1.13"/></node><node label="PtrType"><node label="TypeName" lexeme="r"><location loc="1.22--1.22"/><declaredAt location="6.1--6.21"/></node><location loc="1.18--1.22"/></node><node label="BlockExpr"><node label="Decls"><location loc="0.0--0.0"/></node><node label="Stmts"><node label="ExprStmt"><node label="BinExpr" spec="ADD"><node label="VarName" lexeme="pi"><location loc="1.27--1.28"/><declaredAt location="3.1--3.17"/></node><node label="VarName" lexeme="pc"><location loc="1.32--1.33"/><declaredAt location="4.1--4.18"/></node><location loc="1.27--1.33"/></node><location loc="1.27--1.33"/></node><location loc="1.27--1.33"/></node><node label="AtomExpr" lexeme="true" spec="BOOL"><location loc="1.38--1.41"/></node><location loc="1.27--1.41"/></node><location loc="1.1--1.43"/></node><node label="VarDecl" lexeme="pi"><node label="PtrType"><node label="AtomType" spec="INT"><location loc="3.14--3.16"/></node><location loc="3.10--3.16"/></node><location loc="3.1--3.17"/></node><node label="VarDecl" lexeme="pc"><node label="PtrType"><node label="AtomType" spec="CHAR"><location loc="4.14--4.17"/></node><location loc="4.10--4.17"/></node><location loc="4.1--4.18"/></node><node label="TypDecl" lexeme="r"><node label="RecType"><node label="CompDecls"><node label="CompDecl" lexeme="x"><node label="AtomType" spec="INT"><location loc="6.17--6.19"/></node><location loc="6.13--6.19"/></node><location loc="6.13--6.19"/></node><location loc="6.9--6.20"/></node><location loc="6.1--6.21"/><type label="TYPE" name="r"/></node><node label="VarDecl" lexeme="i"><node label="AtomType" spec="INT"><location loc="9.9--9.11"/></node><location loc="9.1--9.12"/></node><node label="FunDef" lexeme="g"><node label="ParDecls"><location loc="0.0--0.0"/></node><node label="AtomType" spec="INT"><location loc="10.11--10.13"/></node><node label="BlockExpr"><node label="Decls"><location loc="0.0--0.0"/></node><node label="Stmts"><node label="AssignStmt"><node label="VarName" lexeme="i"><location loc="10.18--10.18"/><declaredAt location="9.1--9.12"/></node><node label="BinExpr" spec="ADD"><node label="CastExpr"><node label="FunName" lexeme="x"><node label="Args"><node label="CastExpr"><node label="AtomExpr" lexeme="'2'" spec="CHAR"><location loc="10.26--10.28"/></node><node label="AtomType" spec="INT"><location loc="10.32--10.34"/></node><location loc="10.25--10.35"/></node><location loc="10.25--10.35"/></node><location loc="10.23--10.36"/><declaredAt location="1.1--1.43"/></node><node label="AtomType" spec="INT"><location loc="10.40--10.42"/></node><location loc="10.22--10.43"/></node><node label="CastExpr"><node label="BlockExpr"><node label="Decls"><location loc="0.0--0.0"/></node><node label="Stmts"><node label="ExprStmt"><node label="AtomExpr" lexeme="true" spec="BOOL"><location loc="10.49--10.52"/></node><location loc="10.49--10.52"/></node><location loc="10.49--10.52"/></node><node label="AtomExpr" lexeme="'1'" spec="CHAR"><location loc="10.57--10.59"/></node><location loc="10.49--10.59"/></node><node label="AtomType" spec="INT"><location loc="10.64--10.66"/></node><location loc="10.47--10.67"/></node><location loc="10.22--10.67"/></node><location loc="10.18--10.67"/></node><location loc="10.18--10.67"/></node><node label="CastExpr"><node label="CastExpr"><node label="CastExpr"><node label="AtomExpr" lexeme="1" spec="INT"><location loc="10.75--10.75"/></node><node label="AtomType" spec="INT"><location loc="10.79--10.81"/></node><location loc="10.74--10.82"/></node><node label="AtomType" spec="CHAR"><location loc="10.86--10.89"/></node><location loc="10.73--10.90"/></node><node label="AtomType" spec="INT"><location loc="10.94--10.96"/></node><location loc="10.72--10.97"/></node><location loc="10.18--10.97"/></node><location loc="10.1--10.99"/></node><location loc="1.1--10.99"/></node><location loc="1.1--10.99"/></node></seman>