<?xml version="1.0" encoding="UTF-8" standalone="no"?><?xml-stylesheet type="text/xsl" href="../../data/chunks.xsl"?><chunks><datachunk init="0" label="_i" size="8"/><datachunk init="one" label="L0" size="32"/><codechunk entrylabel="L1" exitlabel="L2"><frame FP="T0" RV="T1" argssize="0" depth="1" label="_f1" locssize="0" size="16"/><stmt><imc name="MOVE"><imc name="TEMP" value="4"/><imc name="NAME" value="L0"/></imc></stmt></codechunk><codechunk entrylabel="L3" exitlabel="L4"><frame FP="T2" RV="T3" argssize="0" depth="1" label="_f2" locssize="0" size="16"/><stmt><imc name="MOVE"><imc name="TEMP" value="5"/><imc name="CONST" value="1"/></imc></stmt></codechunk></chunks>