<?xml version="1.0" encoding="UTF-8" standalone="no"?><?xml-stylesheet type="text/xsl" href="../../data/chunks.xsl"?><chunks><datachunk init="" label="_i" size="8"/><codechunk entrylabel="L0" exitlabel="L1"><frame FP="T0" RV="T1" argssize="0" depth="1" label="_main" locssize="16" size="32"/><stmt><imc name="LABEL" value="L0"/></stmt><stmt><imc name="MOVE"><imc name="TEMP" value="2"/><imc name="NAME" value="_i"/></imc></stmt><stmt><imc name="MOVE"><imc name="TEMP" value="4"/><imc name="CONST" value="3"/></imc></stmt><stmt><imc name="MOVE"><imc name="TEMP" value="5"/><imc name="CONST" value="2"/></imc></stmt><stmt><imc name="MOVE"><imc name="TEMP" value="6"/><imc name="BINOP" value="ADD"><imc name="TEMP" value="4"/><imc name="TEMP" value="5"/></imc></imc></stmt><stmt><imc name="MOVE"><imc name="MEM"><imc name="TEMP" value="2"/></imc><imc name="TEMP" value="6"/></imc></stmt><stmt><imc name="MOVE"><imc name="TEMP" value="7"/><imc name="TEMP" value="0"/></imc></stmt><stmt><imc name="MOVE"><imc name="TEMP" value="8"/><imc name="CONST" value="-8"/></imc></stmt><stmt><imc name="MOVE"><imc name="TEMP" value="9"/><imc name="BINOP" value="ADD"><imc name="TEMP" value="7"/><imc name="TEMP" value="8"/></imc></imc></stmt><stmt><imc name="MOVE"><imc name="TEMP" value="11"/><imc name="NAME" value="_i"/></imc></stmt><stmt><imc name="MOVE"><imc name="TEMP" value="12"/><imc name="MEM"><imc name="TEMP" value="11"/></imc></imc></stmt><stmt><imc name="MOVE"><imc name="TEMP" value="13"/><imc name="CONST" value="1"/></imc></stmt><stmt><imc name="MOVE"><imc name="TEMP" value="14"/><imc name="UNOP" value="NEG"><imc name="TEMP" value="13"/></imc></imc></stmt><stmt><imc name="MOVE"><imc name="TEMP" value="15"/><imc name="BINOP" value="MUL"><imc name="TEMP" value="12"/><imc name="TEMP" value="14"/></imc></imc></stmt><stmt><imc name="MOVE"><imc name="TEMP" value="16"/><imc name="CONST" value="7"/></imc></stmt><stmt><imc name="MOVE"><imc name="TEMP" value="17"/><imc name="BINOP" value="ADD"><imc name="TEMP" value="15"/><imc name="TEMP" value="16"/></imc></imc></stmt><stmt><imc name="MOVE"><imc name="MEM"><imc name="TEMP" value="9"/></imc><imc name="TEMP" value="17"/></imc></stmt><stmt><imc name="MOVE"><imc name="TEMP" value="18"/><imc name="CONST" value="0"/></imc></stmt><stmt><imc name="MOVE"><imc name="TEMP" value="1"/><imc name="TEMP" value="18"/></imc></stmt><stmt><imc name="JUMP" value="L1"/></stmt></codechunk></chunks>