<?xml version="1.0" encoding="UTF-8" standalone="no"?><?xml-stylesheet type="text/xsl" href="../../data/chunks.xsl"?><chunks><datachunk init="0" label="_global" size="96"/><datachunk init="0" label="_ptt" size="8"/><codechunk entrylabel="L17" exitlabel="L18"><frame FP="T0" RV="T1" argssize="0" depth="1" label="_x" locssize="88" size="104"/><stmt><imc name="MOVE"><imc name="TEMP" value="20"/><imc name="TEMP" value="0"/></imc></stmt><stmt><imc name="MOVE"><imc name="TEMP" value="21"/><imc name="CONST" value="-8"/></imc></stmt><stmt><imc name="MOVE"><imc name="TEMP" value="22"/><imc name="BINOP" value="ADD"><imc name="TEMP" value="20"/><imc name="TEMP" value="21"/></imc></imc></stmt><stmt><imc name="MOVE"><imc name="TEMP" value="23"/><imc name="MEM"><imc name="TEMP" value="22"/></imc></imc></stmt><stmt><imc name="MOVE"><imc name="TEMP" value="24"/><imc name="TEMP" value="23"/></imc></stmt><stmt><imc name="MOVE"><imc name="TEMP" value="27"/><imc name="CONST" value="99"/></imc></stmt><stmt><imc name="MOVE"><imc name="TEMP" value="28"/><imc name="TEMP" value="27"/></imc></stmt><stmt><imc name="MOVE"><imc name="TEMP" value="29"/><imc name="BINOP" value="ADD"><imc name="TEMP" value="24"/><imc name="TEMP" value="28"/></imc></imc></stmt><stmt><imc name="MOVE"><imc name="TEMP" value="30"/><imc name="CONST" value="256"/></imc></stmt><stmt><imc name="MOVE"><imc name="TEMP" value="31"/><imc name="BINOP" value="MOD"><imc name="TEMP" value="29"/><imc name="TEMP" value="30"/></imc></imc></stmt></codechunk><codechunk entrylabel="L19" exitlabel="L20"><frame FP="T2" RV="T3" argssize="0" depth="1" label="_g" locssize="0" size="16"/><stmt><imc name="MOVE"><imc name="TEMP" value="34"/><imc name="CONST" value="0"/></imc></stmt><stmt><imc name="MOVE"><imc name="TEMP" value="35"/><imc name="TEMP" value="34"/></imc></stmt></codechunk><codechunk entrylabel="L21" exitlabel="L22"><frame FP="T12" RV="T13" argssize="0" depth="3" label="L1" locssize="80" size="96"/><stmt><imc name="MOVE"><imc name="TEMP" value="38"/><imc name="TEMP" value="12"/></imc></stmt><stmt><imc name="MOVE"><imc name="TEMP" value="39"/><imc name="MEM"><imc name="TEMP" value="38"/></imc></imc></stmt><stmt><imc name="MOVE"><imc name="TEMP" value="40"/><imc name="MEM"><imc name="TEMP" value="39"/></imc></imc></stmt><stmt><imc name="MOVE"><imc name="TEMP" value="41"/><imc name="CONST" value="-16"/></imc></stmt><stmt><imc name="MOVE"><imc name="TEMP" value="42"/><imc name="BINOP" value="ADD"><imc name="TEMP" value="40"/><imc name="TEMP" value="41"/></imc></imc></stmt><stmt><imc name="MOVE"><imc name="TEMP" value="43"/><imc name="MEM"><imc name="TEMP" value="42"/></imc></imc></stmt><stmt><imc name="MOVE"><imc name="TEMP" value="44"/><imc name="TEMP" value="12"/></imc></stmt><stmt><imc name="MOVE"><imc name="TEMP" value="45"/><imc name="MEM"><imc name="TEMP" value="44"/></imc></imc></stmt><stmt><imc name="MOVE"><imc name="TEMP" value="46"/><imc name="MEM"><imc name="TEMP" value="45"/></imc></imc></stmt><stmt><imc name="MOVE"><imc name="TEMP" value="47"/><imc name="CONST" value="-16"/></imc></stmt><stmt><imc name="MOVE"><imc name="TEMP" value="48"/><imc name="BINOP" value="ADD"><imc name="TEMP" value="46"/><imc name="TEMP" value="47"/></imc></imc></stmt><stmt><imc name="MOVE"><imc name="TEMP" value="49"/><imc name="MEM"><imc name="TEMP" value="48"/></imc></imc></stmt><stmt><imc name="MOVE"><imc name="TEMP" value="50"/><imc name="CONST" value="1"/></imc></stmt><stmt><imc name="MOVE"><imc name="TEMP" value="51"/><imc name="BINOP" value="ADD"><imc name="TEMP" value="49"/><imc name="TEMP" value="50"/></imc></imc></stmt><stmt><imc name="MOVE"><imc name="TEMP" value="43"/><imc name="TEMP" value="51"/></imc></stmt><stmt><imc name="MOVE"><imc name="TEMP" value="53"/><imc name="TEMP" value="12"/></imc></stmt><stmt><imc name="MOVE"><imc name="TEMP" value="54"/><imc name="CONST" value="-80"/></imc></stmt><stmt><imc name="MOVE"><imc name="TEMP" value="55"/><imc name="BINOP" value="ADD"><imc name="TEMP" value="53"/><imc name="TEMP" value="54"/></imc></imc></stmt><stmt><imc name="MOVE"><imc name="TEMP" value="56"/><imc name="CONST" value="17"/></imc></stmt><stmt><imc name="MOVE"><imc name="TEMP" value="57"/><imc name="CONST" value="8"/></imc></stmt><stmt><imc name="MOVE"><imc name="TEMP" value="58"/><imc name="BINOP" value="MUL"><imc name="TEMP" value="56"/><imc name="TEMP" value="57"/></imc></imc></stmt><stmt><imc name="MOVE"><imc name="TEMP" value="59"/><imc name="BINOP" value="ADD"><imc name="TEMP" value="55"/><imc name="TEMP" value="58"/></imc></imc></stmt><stmt><imc name="MOVE"><imc name="TEMP" value="60"/><imc name="MEM"><imc name="TEMP" value="59"/></imc></imc></stmt><stmt><imc name="MOVE"><imc name="TEMP" value="61"/><imc name="TEMP" value="60"/></imc></stmt></codechunk><codechunk entrylabel="L23" exitlabel="L24"><frame FP="T14" RV="T15" argssize="0" depth="3" label="L2" locssize="0" size="16"/><stmt><imc name="MOVE"><imc name="TEMP" value="62"/><imc name="CONST" value="1"/></imc></stmt></codechunk><codechunk entrylabel="L25" exitlabel="L26"><frame FP="T10" RV="T11" argssize="32" depth="2" label="L0" locssize="16" size="64"/><stmt><imc name="MOVE"><imc name="TEMP" value="63"/><imc name="TEMP" value="10"/></imc></stmt><stmt><imc name="MOVE"><imc name="TEMP" value="64"/><imc name="MEM"><imc name="TEMP" value="63"/></imc></imc></stmt><stmt><imc name="MOVE"><imc name="TEMP" value="65"/><imc name="CONST" value="1"/></imc></stmt><stmt><imc name="MOVE"><imc name="TEMP" value="66"/><imc name="NAME" value="_global"/></imc></stmt><stmt><imc name="MOVE"><imc name="TEMP" value="67"/><imc name="CONST" value="8"/></imc></stmt><stmt><imc name="MOVE"><imc name="TEMP" value="68"/><imc name="BINOP" value="ADD"><imc name="TEMP" value="66"/><imc name="TEMP" value="67"/></imc></imc></stmt><stmt><imc name="MOVE"><imc name="TEMP" value="69"/><imc name="MEM"><imc name="TEMP" value="68"/></imc></imc></stmt><stmt><imc name="MOVE"><imc name="TEMP" value="70"/><imc name="CONST" value="1"/></imc></stmt><stmt><imc name="MOVE"><imc name="TEMP" value="73"/><imc name="TEMP" value="10"/></imc></stmt><stmt><imc name="MOVE"><imc name="TEMP" value="74"/><imc name="CONST" value="-8"/></imc></stmt><stmt><imc name="MOVE"><imc name="TEMP" value="75"/><imc name="BINOP" value="ADD"><imc name="TEMP" value="73"/><imc name="TEMP" value="74"/></imc></imc></stmt><stmt><imc name="MOVE"><imc name="TEMP" value="76"/><imc name="MEM"><imc name="TEMP" value="75"/></imc></imc></stmt><stmt><imc name="MOVE"><imc name="TEMP" value="77"/><imc name="TEMP" value="76"/></imc></stmt></codechunk><codechunk entrylabel="L27" exitlabel="L28"><frame FP="T16" RV="T17" argssize="24" depth="2" label="L3" locssize="16" size="56"/><stmt><imc name="MOVE"><imc name="TEMP" value="78"/><imc name="TEMP" value="16"/></imc></stmt><stmt><imc name="MOVE"><imc name="TEMP" value="79"/><imc name="MEM"><imc name="TEMP" value="78"/></imc></imc></stmt><stmt><imc name="MOVE"><imc name="TEMP" value="80"/><imc name="TEMP" value="16"/></imc></stmt><stmt><imc name="MOVE"><imc name="TEMP" value="81"/><imc name="CONST" value="-8"/></imc></stmt><stmt><imc name="MOVE"><imc name="TEMP" value="82"/><imc name="BINOP" value="ADD"><imc name="TEMP" value="80"/><imc name="TEMP" value="81"/></imc></imc></stmt><stmt><imc name="MOVE"><imc name="TEMP" value="83"/><imc name="MEM"><imc name="TEMP" value="82"/></imc></imc></stmt><stmt><imc name="MOVE"><imc name="TEMP" value="84"/><imc name="TEMP" value="16"/></imc></stmt><stmt><imc name="MOVE"><imc name="TEMP" value="85"/><imc name="MEM"><imc name="TEMP" value="84"/></imc></imc></stmt><stmt><imc name="MOVE"><imc name="TEMP" value="86"/><imc name="CONST" value="1"/></imc></stmt><stmt><imc name="MOVE"><imc name="TEMP" value="87"/><imc name="CONST" value="1"/></imc></stmt><stmt><imc name="MOVE"><imc name="TEMP" value="88"/><imc name="CALL" value="L0"><imc name="TEMP" value="85"/><imc name="TEMP" value="86"/><imc name="TEMP" value="87"/></imc></imc></stmt><stmt><imc name="MOVE"><imc name="TEMP" value="91"/><imc name="TEMP" value="16"/></imc></stmt><stmt><imc name="MOVE"><imc name="TEMP" value="92"/><imc name="MEM"><imc name="TEMP" value="91"/></imc></imc></stmt><stmt><imc name="MOVE"><imc name="TEMP" value="93"/><imc name="CONST" value="8"/></imc></stmt><stmt><imc name="MOVE"><imc name="TEMP" value="94"/><imc name="BINOP" value="ADD"><imc name="TEMP" value="92"/><imc name="TEMP" value="93"/></imc></imc></stmt><stmt><imc name="MOVE"><imc name="TEMP" value="97"/><imc name="TEMP" value="16"/></imc></stmt><stmt><imc name="MOVE"><imc name="TEMP" value="98"/><imc name="CONST" value="8"/></imc></stmt><stmt><imc name="MOVE"><imc name="TEMP" value="99"/><imc name="BINOP" value="ADD"><imc name="TEMP" value="97"/><imc name="TEMP" value="98"/></imc></imc></stmt><stmt><imc name="MOVE"><imc name="TEMP" value="102"/><imc name="CONST" value="1"/></imc></stmt><stmt><imc name="MOVE"><imc name="TEMP" value="103"/><imc name="UNOP" value="NOT"><imc name="TEMP" value="102"/></imc></imc></stmt><stmt><imc name="MOVE"><imc name="TEMP" value="104"/><imc name="UNOP" value="NOT"><imc name="TEMP" value="103"/></imc></imc></stmt><stmt><imc name="MOVE"><imc name="TEMP" value="105"/><imc name="TEMP" value="104"/></imc></stmt></codechunk><codechunk entrylabel="L34" exitlabel="L35"><frame FP="T6" RV="T7" argssize="72" depth="1" label="_h" locssize="128" size="216"/><stmt><imc name="MOVE"><imc name="TEMP" value="106"/><imc name="TEMP" value="6"/></imc></stmt><stmt><imc name="MOVE"><imc name="TEMP" value="107"/><imc name="MEM"><imc name="TEMP" value="106"/></imc></imc></stmt><stmt><imc name="MOVE"><imc name="TEMP" value="110"/><imc name="TEMP" value="6"/></imc></stmt><stmt><imc name="MOVE"><imc name="TEMP" value="111"/><imc name="CONST" value="-16"/></imc></stmt><stmt><imc name="MOVE"><imc name="TEMP" value="112"/><imc name="BINOP" value="ADD"><imc name="TEMP" value="110"/><imc name="TEMP" value="111"/></imc></imc></stmt><stmt><imc name="MOVE"><imc name="TEMP" value="113"/><imc name="MEM"><imc name="TEMP" value="112"/></imc></imc></stmt><stmt><imc name="MOVE"><imc name="TEMP" value="114"/><imc name="NAME" value="_ptt"/></imc></stmt><stmt><imc name="MOVE"><imc name="TEMP" value="115"/><imc name="MEM"><imc name="TEMP" value="114"/></imc></imc></stmt><stmt><imc name="MOVE"><imc name="TEMP" value="116"/><imc name="CONST" value="3"/></imc></stmt><stmt><imc name="MOVE"><imc name="TEMP" value="117"/><imc name="BINOP" value="ADD"><imc name="TEMP" value="115"/><imc name="TEMP" value="116"/></imc></imc></stmt><stmt><imc name="MOVE"><imc name="TEMP" value="113"/><imc name="TEMP" value="117"/></imc></stmt><stmt><imc name="MOVE"><imc name="TEMP" value="119"/><imc name="TEMP" value="6"/></imc></stmt><stmt><imc name="MOVE"><imc name="TEMP" value="120"/><imc name="MEM"><imc name="TEMP" value="119"/></imc></imc></stmt><stmt><imc name="MOVE"><imc name="TEMP" value="121"/><imc name="CONST" value="3"/></imc></stmt><stmt><imc name="MOVE"><imc name="TEMP" value="122"/><imc name="CONST" value="7"/></imc></stmt><stmt><imc name="MOVE"><imc name="TEMP" value="123"/><imc name="BINOP" value="ADD"><imc name="TEMP" value="121"/><imc name="TEMP" value="122"/></imc></imc></stmt><stmt><imc name="MOVE"><imc name="TEMP" value="124"/><imc name="CONST" value="3"/></imc></stmt><stmt><imc name="MOVE"><imc name="TEMP" value="127"/><imc name="TEMP" value="6"/></imc></stmt><stmt><imc name="MOVE"><imc name="TEMP" value="128"/><imc name="MEM"><imc name="TEMP" value="127"/></imc></imc></stmt><stmt><imc name="MOVE"><imc name="TEMP" value="129"/><imc name="CONST" value="1"/></imc></stmt><stmt><imc name="MOVE"><imc name="TEMP" value="130"/><imc name="TEMP" value="6"/></imc></stmt><stmt><imc name="MOVE"><imc name="TEMP" value="131"/><imc name="MEM"><imc name="TEMP" value="130"/></imc></imc></stmt><stmt><imc name="MOVE"><imc name="TEMP" value="132"/><imc name="TEMP" value="6"/></imc></stmt><stmt><imc name="MOVE"><imc name="TEMP" value="133"/><imc name="MEM"><imc name="TEMP" value="132"/></imc></imc></stmt><stmt><imc name="MOVE"><imc name="TEMP" value="134"/><imc name="CALL" value="_x"><imc name="TEMP" value="133"/></imc></imc></stmt><stmt><imc name="MOVE"><imc name="TEMP" value="135"/><imc name="CONST" value="1"/></imc></stmt><stmt><imc name="MOVE"><imc name="TEMP" value="136"/><imc name="CALL" value="L0"><imc name="TEMP" value="131"/><imc name="TEMP" value="134"/><imc name="TEMP" value="135"/></imc></imc></stmt><stmt><imc name="MOVE"><imc name="TEMP" value="137"/><imc name="CONST" value="256"/></imc></stmt><stmt><imc name="MOVE"><imc name="TEMP" value="138"/><imc name="BINOP" value="MOD"><imc name="TEMP" value="136"/><imc name="TEMP" value="137"/></imc></imc></stmt><stmt><imc name="MOVE"><imc name="TEMP" value="139"/><imc name="CONST" value="1"/></imc></stmt><stmt><imc name="MOVE"><imc name="TEMP" value="140"/><imc name="TEMP" value="6"/></imc></stmt><stmt><imc name="MOVE"><imc name="TEMP" value="141"/><imc name="CONST" value="-8"/></imc></stmt><stmt><imc name="MOVE"><imc name="TEMP" value="142"/><imc name="BINOP" value="ADD"><imc name="TEMP" value="140"/><imc name="TEMP" value="141"/></imc></imc></stmt><stmt><imc name="MOVE"><imc name="TEMP" value="143"/><imc name="MEM"><imc name="TEMP" value="142"/></imc></imc></stmt><stmt><imc name="MOVE"><imc name="TEMP" value="146"/><imc name="TEMP" value="6"/></imc></stmt><stmt><imc name="MOVE"><imc name="TEMP" value="147"/><imc name="MEM"><imc name="TEMP" value="146"/></imc></imc></stmt><stmt><imc name="MOVE"><imc name="TEMP" value="148"/><imc name="CONST" value="1"/></imc></stmt><stmt><imc name="MOVE"><imc name="TEMP" value="149"/><imc name="CONST" value="1"/></imc></stmt><stmt><imc name="MOVE"><imc name="TEMP" value="150"/><imc name="CONST" value="1"/></imc></stmt><stmt><imc name="MOVE"><imc name="TEMP" value="153"/><imc name="TEMP" value="6"/></imc></stmt><stmt><imc name="MOVE"><imc name="TEMP" value="154"/><imc name="MEM"><imc name="TEMP" value="153"/></imc></imc></stmt><stmt><imc name="MOVE"><imc name="TEMP" value="157"/><imc name="TEMP" value="6"/></imc></stmt><stmt><imc name="MOVE"><imc name="TEMP" value="158"/><imc name="MEM"><imc name="TEMP" value="157"/></imc></imc></stmt><stmt><imc name="MOVE"><imc name="TEMP" value="159"/><imc name="CONST" value="17"/></imc></stmt><stmt><imc name="MOVE"><imc name="TEMP" value="160"/><imc name="CONST" value="17"/></imc></stmt><stmt><imc name="MOVE"><imc name="TEMP" value="163"/><imc name="TEMP" value="6"/></imc></stmt><stmt><imc name="MOVE"><imc name="TEMP" value="164"/><imc name="MEM"><imc name="TEMP" value="163"/></imc></imc></stmt><stmt><imc name="MOVE"><imc name="TEMP" value="165"/><imc name="NAME" value="_global"/></imc></stmt><stmt><imc name="MOVE"><imc name="TEMP" value="166"/><imc name="CONST" value="16"/></imc></stmt><stmt><imc name="MOVE"><imc name="TEMP" value="167"/><imc name="BINOP" value="ADD"><imc name="TEMP" value="165"/><imc name="TEMP" value="166"/></imc></imc></stmt><stmt><imc name="MOVE"><imc name="TEMP" value="168"/><imc name="CONST" value="3"/></imc></stmt><stmt><imc name="MOVE"><imc name="TEMP" value="169"/><imc name="CONST" value="8"/></imc></stmt><stmt><imc name="MOVE"><imc name="TEMP" value="170"/><imc name="BINOP" value="MUL"><imc name="TEMP" value="168"/><imc name="TEMP" value="169"/></imc></imc></stmt><stmt><imc name="MOVE"><imc name="TEMP" value="171"/><imc name="BINOP" value="ADD"><imc name="TEMP" value="167"/><imc name="TEMP" value="170"/></imc></imc></stmt><stmt><imc name="MOVE"><imc name="TEMP" value="172"/><imc name="MEM"><imc name="TEMP" value="171"/></imc></imc></stmt><stmt><imc name="MOVE"><imc name="TEMP" value="173"/><imc name="TEMP" value="6"/></imc></stmt><stmt><imc name="MOVE"><imc name="TEMP" value="174"/><imc name="CONST" value="-112"/></imc></stmt><stmt><imc name="MOVE"><imc name="TEMP" value="175"/><imc name="BINOP" value="ADD"><imc name="TEMP" value="173"/><imc name="TEMP" value="174"/></imc></imc></stmt><stmt><imc name="MOVE"><imc name="TEMP" value="176"/><imc name="CONST" value="0"/></imc></stmt><stmt><imc name="MOVE"><imc name="TEMP" value="177"/><imc name="BINOP" value="ADD"><imc name="TEMP" value="175"/><imc name="TEMP" value="176"/></imc></imc></stmt><stmt><imc name="MOVE"><imc name="TEMP" value="178"/><imc name="MEM"><imc name="TEMP" value="177"/></imc></imc></stmt><stmt><imc name="MOVE"><imc name="TEMP" value="179"/><imc name="TEMP" value="6"/></imc></stmt><stmt><imc name="MOVE"><imc name="TEMP" value="180"/><imc name="CONST" value="-112"/></imc></stmt><stmt><imc name="MOVE"><imc name="TEMP" value="181"/><imc name="BINOP" value="ADD"><imc name="TEMP" value="179"/><imc name="TEMP" value="180"/></imc></imc></stmt><stmt><imc name="MOVE"><imc name="TEMP" value="182"/><imc name="CONST" value="8"/></imc></stmt><stmt><imc name="MOVE"><imc name="TEMP" value="183"/><imc name="BINOP" value="ADD"><imc name="TEMP" value="181"/><imc name="TEMP" value="182"/></imc></imc></stmt><stmt><imc name="MOVE"><imc name="TEMP" value="184"/><imc name="MEM"><imc name="TEMP" value="183"/></imc></imc></stmt><stmt><imc name="MOVE"><imc name="TEMP" value="185"/><imc name="CONST" value="1"/></imc></stmt><stmt><imc name="MOVE"><imc name="TEMP" value="186"/><imc name="UNOP" value="NEG"><imc name="TEMP" value="185"/></imc></imc></stmt><stmt><imc name="MOVE"><imc name="TEMP" value="187"/><imc name="CONST" value="17"/></imc></stmt><stmt><imc name="MOVE"><imc name="TEMP" value="188"/><imc name="CONST" value="5"/></imc></stmt><stmt><imc name="MOVE"><imc name="TEMP" value="189"/><imc name="CONST" value="6"/></imc></stmt><stmt><imc name="MOVE"><imc name="TEMP" value="190"/><imc name="NAME" value="_ptt"/></imc></stmt><stmt><imc name="MOVE"><imc name="TEMP" value="191"/><imc name="MEM"><imc name="TEMP" value="190"/></imc></imc></stmt><stmt><imc name="MOVE"><imc name="TEMP" value="194"/><imc name="TEMP" value="6"/></imc></stmt><stmt><imc name="MOVE"><imc name="TEMP" value="195"/><imc name="CONST" value="-128"/></imc></stmt><stmt><imc name="MOVE"><imc name="TEMP" value="200"/><imc name="TEMP" value="6"/></imc></stmt><stmt><imc name="MOVE"><imc name="TEMP" value="201"/><imc name="MEM"><imc name="TEMP" value="200"/></imc></imc></stmt><stmt><imc name="MOVE"><imc name="TEMP" value="202"/><imc name="CALL" value="_x"><imc name="TEMP" value="201"/></imc></imc></stmt><stmt><imc name="MOVE"><imc name="TEMP" value="203"/><imc name="CONST" value="50"/></imc></stmt><stmt><imc name="MOVE"><imc name="TEMP" value="204"/><imc name="BINOP" value="GTH"><imc name="TEMP" value="202"/><imc name="TEMP" value="203"/></imc></imc></stmt><stmt><imc name="CJUMP" value="L4:L29"><imc name="TEMP" value="204"/></imc></stmt><stmt><imc name="LABEL" value="L29"/></stmt><stmt><imc name="JUMP" value="L5"/></stmt><stmt><imc name="LABEL" value="L4"/></stmt><stmt><imc name="MOVE"><imc name="TEMP" value="207"/><imc name="NAME" value="_global"/></imc></stmt><stmt><imc name="MOVE"><imc name="TEMP" value="208"/><imc name="CONST" value="0"/></imc></stmt><stmt><imc name="MOVE"><imc name="TEMP" value="209"/><imc name="BINOP" value="ADD"><imc name="TEMP" value="207"/><imc name="TEMP" value="208"/></imc></imc></stmt><stmt><imc name="MOVE"><imc name="TEMP" value="210"/><imc name="MEM"><imc name="TEMP" value="209"/></imc></imc></stmt><stmt><imc name="MOVE"><imc name="TEMP" value="211"/><imc name="CONST" value="50"/></imc></stmt><stmt><imc name="MOVE"><imc name="TEMP" value="210"/><imc name="TEMP" value="211"/></imc></stmt><stmt><imc name="MOVE"><imc name="TEMP" value="213"/><imc name="NAME" value="_global"/></imc></stmt><stmt><imc name="MOVE"><imc name="TEMP" value="214"/><imc name="CONST" value="8"/></imc></stmt><stmt><imc name="MOVE"><imc name="TEMP" value="215"/><imc name="BINOP" value="ADD"><imc name="TEMP" value="213"/><imc name="TEMP" value="214"/></imc></imc></stmt><stmt><imc name="MOVE"><imc name="TEMP" value="216"/><imc name="MEM"><imc name="TEMP" value="215"/></imc></imc></stmt><stmt><imc name="MOVE"><imc name="TEMP" value="217"/><imc name="CONST" value="3"/></imc></stmt><stmt><imc name="MOVE"><imc name="TEMP" value="218"/><imc name="NAME" value="_global"/></imc></stmt><stmt><imc name="MOVE"><imc name="TEMP" value="219"/><imc name="CONST" value="0"/></imc></stmt><stmt><imc name="MOVE"><imc name="TEMP" value="220"/><imc name="BINOP" value="ADD"><imc name="TEMP" value="218"/><imc name="TEMP" value="219"/></imc></imc></stmt><stmt><imc name="MOVE"><imc name="TEMP" value="221"/><imc name="MEM"><imc name="TEMP" value="220"/></imc></imc></stmt><stmt><imc name="MOVE"><imc name="TEMP" value="222"/><imc name="CONST" value="3"/></imc></stmt><stmt><imc name="MOVE"><imc name="TEMP" value="221"/><imc name="TEMP" value="222"/></imc></stmt><stmt><imc name="MOVE"><imc name="TEMP" value="224"/><imc name="NAME" value="_global"/></imc></stmt><stmt><imc name="MOVE"><imc name="TEMP" value="225"/><imc name="CONST" value="0"/></imc></stmt><stmt><imc name="MOVE"><imc name="TEMP" value="226"/><imc name="BINOP" value="ADD"><imc name="TEMP" value="224"/><imc name="TEMP" value="225"/></imc></imc></stmt><stmt><imc name="MOVE"><imc name="TEMP" value="227"/><imc name="MEM"><imc name="TEMP" value="226"/></imc></imc></stmt><stmt><imc name="MOVE"><imc name="TEMP" value="228"/><imc name="TEMP" value="227"/></imc></stmt><stmt><imc name="MOVE"><imc name="TEMP" value="229"/><imc name="BINOP" value="ADD"><imc name="TEMP" value="217"/><imc name="TEMP" value="228"/></imc></imc></stmt><stmt><imc name="MOVE"><imc name="TEMP" value="216"/><imc name="TEMP" value="229"/></imc></stmt><stmt><imc name="JUMP" value="L6"/></stmt><stmt><imc name="LABEL" value="L5"/></stmt><stmt><imc name="MOVE"><imc name="TEMP" value="234"/><imc name="NAME" value="_global"/></imc></stmt><stmt><imc name="MOVE"><imc name="TEMP" value="235"/><imc name="CONST" value="0"/></imc></stmt><stmt><imc name="MOVE"><imc name="TEMP" value="236"/><imc name="BINOP" value="ADD"><imc name="TEMP" value="234"/><imc name="TEMP" value="235"/></imc></imc></stmt><stmt><imc name="MOVE"><imc name="TEMP" value="237"/><imc name="MEM"><imc name="TEMP" value="236"/></imc></imc></stmt><stmt><imc name="MOVE"><imc name="TEMP" value="238"/><imc name="CONST" value="49"/></imc></stmt><stmt><imc name="MOVE"><imc name="TEMP" value="237"/><imc name="TEMP" value="238"/></imc></stmt><stmt><imc name="MOVE"><imc name="TEMP" value="240"/><imc name="NAME" value="_global"/></imc></stmt><stmt><imc name="MOVE"><imc name="TEMP" value="241"/><imc name="CONST" value="8"/></imc></stmt><stmt><imc name="MOVE"><imc name="TEMP" value="242"/><imc name="BINOP" value="ADD"><imc name="TEMP" value="240"/><imc name="TEMP" value="241"/></imc></imc></stmt><stmt><imc name="MOVE"><imc name="TEMP" value="243"/><imc name="MEM"><imc name="TEMP" value="242"/></imc></imc></stmt><stmt><imc name="MOVE"><imc name="TEMP" value="244"/><imc name="CONST" value="2"/></imc></stmt><stmt><imc name="MOVE"><imc name="TEMP" value="243"/><imc name="TEMP" value="244"/></imc></stmt><stmt><imc name="LABEL" value="L6"/></stmt><stmt><imc name="MOVE"><imc name="TEMP" value="249"/><imc name="TEMP" value="6"/></imc></stmt><stmt><imc name="MOVE"><imc name="TEMP" value="250"/><imc name="MEM"><imc name="TEMP" value="249"/></imc></imc></stmt><stmt><imc name="MOVE"><imc name="TEMP" value="251"/><imc name="CALL" value="_x"><imc name="TEMP" value="250"/></imc></imc></stmt><stmt><imc name="MOVE"><imc name="TEMP" value="252"/><imc name="CONST" value="50"/></imc></stmt><stmt><imc name="MOVE"><imc name="TEMP" value="253"/><imc name="BINOP" value="GTH"><imc name="TEMP" value="251"/><imc name="TEMP" value="252"/></imc></imc></stmt><stmt><imc name="CJUMP" value="L7:L30"><imc name="TEMP" value="253"/></imc></stmt><stmt><imc name="LABEL" value="L30"/></stmt><stmt><imc name="JUMP" value="L8"/></stmt><stmt><imc name="LABEL" value="L7"/></stmt><stmt><imc name="LABEL" value="L8"/></stmt><stmt><imc name="LABEL" value="L14"/></stmt><stmt><imc name="MOVE"><imc name="TEMP" value="262"/><imc name="TEMP" value="6"/></imc></stmt><stmt><imc name="MOVE"><imc name="TEMP" value="263"/><imc name="MEM"><imc name="TEMP" value="262"/></imc></imc></stmt><stmt><imc name="MOVE"><imc name="TEMP" value="264"/><imc name="CONST" value="3"/></imc></stmt><stmt><imc name="MOVE"><imc name="TEMP" value="265"/><imc name="CONST" value="3"/></imc></stmt><stmt><imc name="MOVE"><imc name="TEMP" value="266"/><imc name="CALL" value="L0"><imc name="TEMP" value="263"/><imc name="TEMP" value="264"/><imc name="TEMP" value="265"/></imc></imc></stmt><stmt><imc name="MOVE"><imc name="TEMP" value="267"/><imc name="CONST" value="0"/></imc></stmt><stmt><imc name="MOVE"><imc name="TEMP" value="268"/><imc name="BINOP" value="GTH"><imc name="TEMP" value="266"/><imc name="TEMP" value="267"/></imc></imc></stmt><stmt><imc name="CJUMP" value="L15:L31"><imc name="TEMP" value="268"/></imc></stmt><stmt><imc name="LABEL" value="L31"/></stmt><stmt><imc name="JUMP" value="L16"/></stmt><stmt><imc name="LABEL" value="L15"/></stmt><stmt><imc name="MOVE"><imc name="TEMP" value="271"/><imc name="TEMP" value="6"/></imc></stmt><stmt><imc name="MOVE"><imc name="TEMP" value="272"/><imc name="CONST" value="-16"/></imc></stmt><stmt><imc name="MOVE"><imc name="TEMP" value="273"/><imc name="BINOP" value="ADD"><imc name="TEMP" value="271"/><imc name="TEMP" value="272"/></imc></imc></stmt><stmt><imc name="MOVE"><imc name="TEMP" value="274"/><imc name="MEM"><imc name="TEMP" value="273"/></imc></imc></stmt><stmt><imc name="MOVE"><imc name="TEMP" value="275"/><imc name="TEMP" value="6"/></imc></stmt><stmt><imc name="MOVE"><imc name="TEMP" value="276"/><imc name="CONST" value="-16"/></imc></stmt><stmt><imc name="MOVE"><imc name="TEMP" value="277"/><imc name="BINOP" value="ADD"><imc name="TEMP" value="275"/><imc name="TEMP" value="276"/></imc></imc></stmt><stmt><imc name="MOVE"><imc name="TEMP" value="278"/><imc name="MEM"><imc name="TEMP" value="277"/></imc></imc></stmt><stmt><imc name="MOVE"><imc name="TEMP" value="279"/><imc name="CONST" value="17"/></imc></stmt><stmt><imc name="MOVE"><imc name="TEMP" value="280"/><imc name="BINOP" value="ADD"><imc name="TEMP" value="278"/><imc name="TEMP" value="279"/></imc></imc></stmt><stmt><imc name="MOVE"><imc name="TEMP" value="274"/><imc name="TEMP" value="280"/></imc></stmt><stmt><imc name="MOVE"><imc name="TEMP" value="282"/><imc name="TEMP" value="6"/></imc></stmt><stmt><imc name="MOVE"><imc name="TEMP" value="283"/><imc name="MEM"><imc name="TEMP" value="282"/></imc></imc></stmt><stmt><imc name="MOVE"><imc name="TEMP" value="284"/><imc name="CALL" value="_x"><imc name="TEMP" value="283"/></imc></imc></stmt><stmt><imc name="MOVE"><imc name="TEMP" value="285"/><imc name="CONST" value="97"/></imc></stmt><stmt><imc name="MOVE"><imc name="TEMP" value="286"/><imc name="BINOP" value="GEQ"><imc name="TEMP" value="284"/><imc name="TEMP" value="285"/></imc></imc></stmt><stmt><imc name="CJUMP" value="L11:L32"><imc name="TEMP" value="286"/></imc></stmt><stmt><imc name="LABEL" value="L32"/></stmt><stmt><imc name="JUMP" value="L12"/></stmt><stmt><imc name="LABEL" value="L11"/></stmt><stmt><imc name="MOVE"><imc name="TEMP" value="289"/><imc name="TEMP" value="6"/></imc></stmt><stmt><imc name="MOVE"><imc name="TEMP" value="290"/><imc name="CONST" value="-16"/></imc></stmt><stmt><imc name="MOVE"><imc name="TEMP" value="291"/><imc name="BINOP" value="ADD"><imc name="TEMP" value="289"/><imc name="TEMP" value="290"/></imc></imc></stmt><stmt><imc name="MOVE"><imc name="TEMP" value="292"/><imc name="MEM"><imc name="TEMP" value="291"/></imc></imc></stmt><stmt><imc name="MOVE"><imc name="TEMP" value="293"/><imc name="TEMP" value="6"/></imc></stmt><stmt><imc name="MOVE"><imc name="TEMP" value="294"/><imc name="CONST" value="-16"/></imc></stmt><stmt><imc name="MOVE"><imc name="TEMP" value="295"/><imc name="BINOP" value="ADD"><imc name="TEMP" value="293"/><imc name="TEMP" value="294"/></imc></imc></stmt><stmt><imc name="MOVE"><imc name="TEMP" value="296"/><imc name="MEM"><imc name="TEMP" value="295"/></imc></imc></stmt><stmt><imc name="MOVE"><imc name="TEMP" value="297"/><imc name="CONST" value="1"/></imc></stmt><stmt><imc name="MOVE"><imc name="TEMP" value="298"/><imc name="BINOP" value="ADD"><imc name="TEMP" value="296"/><imc name="TEMP" value="297"/></imc></imc></stmt><stmt><imc name="MOVE"><imc name="TEMP" value="292"/><imc name="TEMP" value="298"/></imc></stmt><stmt><imc name="MOVE"><imc name="TEMP" value="300"/><imc name="TEMP" value="6"/></imc></stmt><stmt><imc name="MOVE"><imc name="TEMP" value="301"/><imc name="CONST" value="-128"/></imc></stmt><stmt><imc name="MOVE"><imc name="TEMP" value="302"/><imc name="BINOP" value="ADD"><imc name="TEMP" value="300"/><imc name="TEMP" value="301"/></imc></imc></stmt><stmt><imc name="MOVE"><imc name="TEMP" value="303"/><imc name="MEM"><imc name="TEMP" value="302"/></imc></imc></stmt><stmt><imc name="MOVE"><imc name="TEMP" value="304"/><imc name="TEMP" value="6"/></imc></stmt><stmt><imc name="MOVE"><imc name="TEMP" value="305"/><imc name="CONST" value="-128"/></imc></stmt><stmt><imc name="MOVE"><imc name="TEMP" value="306"/><imc name="BINOP" value="ADD"><imc name="TEMP" value="304"/><imc name="TEMP" value="305"/></imc></imc></stmt><stmt><imc name="MOVE"><imc name="TEMP" value="307"/><imc name="MEM"><imc name="TEMP" value="306"/></imc></imc></stmt><stmt><imc name="MOVE"><imc name="TEMP" value="308"/><imc name="CONST" value="3"/></imc></stmt><stmt><imc name="MOVE"><imc name="TEMP" value="309"/><imc name="BINOP" value="ADD"><imc name="TEMP" value="307"/><imc name="TEMP" value="308"/></imc></imc></stmt><stmt><imc name="MOVE"><imc name="TEMP" value="303"/><imc name="TEMP" value="309"/></imc></stmt><stmt><imc name="JUMP" value="L13"/></stmt><stmt><imc name="LABEL" value="L12"/></stmt><stmt><imc name="MOVE"><imc name="TEMP" value="314"/><imc name="TEMP" value="6"/></imc></stmt><stmt><imc name="MOVE"><imc name="TEMP" value="315"/><imc name="MEM"><imc name="TEMP" value="314"/></imc></imc></stmt><stmt><imc name="MOVE"><imc name="TEMP" value="316"/><imc name="CALL" value="_x"><imc name="TEMP" value="315"/></imc></imc></stmt><stmt><imc name="MOVE"><imc name="TEMP" value="317"/><imc name="CONST" value="122"/></imc></stmt><stmt><imc name="MOVE"><imc name="TEMP" value="318"/><imc name="BINOP" value="LEQ"><imc name="TEMP" value="316"/><imc name="TEMP" value="317"/></imc></imc></stmt><stmt><imc name="CJUMP" value="L9:L33"><imc name="TEMP" value="318"/></imc></stmt><stmt><imc name="LABEL" value="L33"/></stmt><stmt><imc name="JUMP" value="L10"/></stmt><stmt><imc name="LABEL" value="L9"/></stmt><stmt><imc name="MOVE"><imc name="TEMP" value="321"/><imc name="TEMP" value="6"/></imc></stmt><stmt><imc name="MOVE"><imc name="TEMP" value="322"/><imc name="CONST" value="-128"/></imc></stmt><stmt><imc name="MOVE"><imc name="TEMP" value="323"/><imc name="BINOP" value="ADD"><imc name="TEMP" value="321"/><imc name="TEMP" value="322"/></imc></imc></stmt><stmt><imc name="MOVE"><imc name="TEMP" value="324"/><imc name="MEM"><imc name="TEMP" value="323"/></imc></imc></stmt><stmt><imc name="MOVE"><imc name="TEMP" value="325"/><imc name="TEMP" value="6"/></imc></stmt><stmt><imc name="MOVE"><imc name="TEMP" value="326"/><imc name="CONST" value="-128"/></imc></stmt><stmt><imc name="MOVE"><imc name="TEMP" value="327"/><imc name="BINOP" value="ADD"><imc name="TEMP" value="325"/><imc name="TEMP" value="326"/></imc></imc></stmt><stmt><imc name="MOVE"><imc name="TEMP" value="328"/><imc name="MEM"><imc name="TEMP" value="327"/></imc></imc></stmt><stmt><imc name="MOVE"><imc name="TEMP" value="329"/><imc name="CONST" value="3"/></imc></stmt><stmt><imc name="MOVE"><imc name="TEMP" value="330"/><imc name="BINOP" value="SUB"><imc name="TEMP" value="328"/><imc name="TEMP" value="329"/></imc></imc></stmt><stmt><imc name="MOVE"><imc name="TEMP" value="324"/><imc name="TEMP" value="330"/></imc></stmt><stmt><imc name="LABEL" value="L10"/></stmt><stmt><imc name="LABEL" value="L13"/></stmt><stmt><imc name="JUMP" value="L14"/></stmt><stmt><imc name="LABEL" value="L16"/></stmt><stmt><imc name="MOVE"><imc name="TEMP" value="342"/><imc name="CONST" value="0"/></imc></stmt><stmt><imc name="MOVE"><imc name="TEMP" value="343"/><imc name="TEMP" value="342"/></imc></stmt></codechunk></chunks>