<?xml version="1.0" encoding="UTF-8" standalone="no"?><?xml-stylesheet type="text/xsl" href="../../data/chunks.xsl"?><chunks><datachunk init="" label="_vr" size="8"/><datachunk init="" label="_zzz" size="8"/><datachunk init="&quot;xx_string&quot;" label="L0" size="96"/><codechunk entrylabel="L1" exitlabel="L2"><frame FP="T0" RV="T1" argssize="16" depth="1" label="_f" locssize="40" size="72"/><stmt><imc name="LABEL" value="L1"/></stmt><stmt><imc name="MOVE"><imc name="TEMP" value="4"/><imc name="TEMP" value="0"/></imc></stmt><stmt><imc name="MOVE"><imc name="TEMP" value="5"/><imc name="CONST" value="-32"/></imc></stmt><stmt><imc name="MOVE"><imc name="TEMP" value="6"/><imc name="BINOP" value="ADD"><imc name="TEMP" value="4"/><imc name="TEMP" value="5"/></imc></imc></stmt><stmt><imc name="MOVE"><imc name="TEMP" value="7"/><imc name="CONST" value="8"/></imc></stmt><stmt><imc name="MOVE"><imc name="TEMP" value="8"/><imc name="BINOP" value="ADD"><imc name="TEMP" value="6"/><imc name="TEMP" value="7"/></imc></imc></stmt><stmt><imc name="MOVE"><imc name="TEMP" value="9"/><imc name="MEM"><imc name="TEMP" value="8"/></imc></imc></stmt><stmt><imc name="MOVE"><imc name="TEMP" value="10"/><imc name="CONST" value="5"/></imc></stmt><stmt><imc name="MOVE"><imc name="TEMP" value="11"/><imc name="CONST" value="55"/></imc></stmt><stmt><imc name="MOVE"><imc name="TEMP" value="12"/><imc name="CONST" value="55"/></imc></stmt><stmt><imc name="MOVE"><imc name="TEMP" value="13"/><imc name="UNOP" value="NEG"><imc name="TEMP" value="12"/></imc></imc></stmt><stmt><imc name="MOVE"><imc name="TEMP" value="14"/><imc name="CONST" value="55"/></imc></stmt><stmt><imc name="MOVE"><imc name="TEMP" value="15"/><imc name="UNOP" value="NEG"><imc name="TEMP" value="14"/></imc></imc></stmt><stmt><imc name="MOVE"><imc name="TEMP" value="16"/><imc name="CONST" value="55"/></imc></stmt><stmt><imc name="MOVE"><imc name="TEMP" value="17"/><imc name="BINOP" value="ADD"><imc name="TEMP" value="15"/><imc name="TEMP" value="16"/></imc></imc></stmt><stmt><imc name="MOVE"><imc name="TEMP" value="18"/><imc name="CONST" value="17"/></imc></stmt><stmt><imc name="MOVE"><imc name="TEMP" value="19"/><imc name="UNOP" value="NEG"><imc name="TEMP" value="18"/></imc></imc></stmt><stmt><imc name="MOVE"><imc name="TEMP" value="20"/><imc name="NAME" value="_vr"/></imc></stmt><stmt><imc name="MOVE"><imc name="TEMP" value="21"/><imc name="NAME" value="_zzz"/></imc></stmt><stmt><imc name="MOVE"><imc name="TEMP" value="22"/><imc name="MEM"><imc name="TEMP" value="21"/></imc></imc></stmt><stmt><imc name="MOVE"><imc name="TEMP" value="23"/><imc name="TEMP" value="0"/></imc></stmt><stmt><imc name="MOVE"><imc name="TEMP" value="24"/><imc name="CONST" value="-8"/></imc></stmt><stmt><imc name="MOVE"><imc name="TEMP" value="25"/><imc name="BINOP" value="ADD"><imc name="TEMP" value="23"/><imc name="TEMP" value="24"/></imc></imc></stmt><stmt><imc name="MOVE"><imc name="TEMP" value="26"/><imc name="TEMP" value="0"/></imc></stmt><stmt><imc name="MOVE"><imc name="TEMP" value="27"/><imc name="CONST" value="24"/></imc></stmt><stmt><imc name="MOVE"><imc name="TEMP" value="28"/><imc name="CALL" value="__new"><imc name="TEMP" value="26"/><imc name="TEMP" value="27"/></imc></imc></stmt><stmt><imc name="MOVE"><imc name="MEM"><imc name="BINOP" value="ADD"><imc name="TEMP" value="0"/><imc name="CONST" value="-40"/></imc></imc><imc name="TEMP" value="28"/></imc></stmt><stmt><imc name="MOVE"><imc name="TEMP" value="29"/><imc name="NAME" value="L0"/></imc></stmt><stmt><imc name="MOVE"><imc name="TEMP" value="30"/><imc name="TEMP" value="0"/></imc></stmt><stmt><imc name="MOVE"><imc name="TEMP" value="31"/><imc name="CONST" value="-32"/></imc></stmt><stmt><imc name="MOVE"><imc name="TEMP" value="32"/><imc name="BINOP" value="ADD"><imc name="TEMP" value="30"/><imc name="TEMP" value="31"/></imc></imc></stmt><stmt><imc name="MOVE"><imc name="TEMP" value="33"/><imc name="CONST" value="0"/></imc></stmt><stmt><imc name="MOVE"><imc name="TEMP" value="34"/><imc name="BINOP" value="ADD"><imc name="TEMP" value="32"/><imc name="TEMP" value="33"/></imc></imc></stmt><stmt><imc name="MOVE"><imc name="TEMP" value="35"/><imc name="MEM"><imc name="TEMP" value="34"/></imc></imc></stmt><stmt><imc name="MOVE"><imc name="TEMP" value="36"/><imc name="TEMP" value="0"/></imc></stmt><stmt><imc name="MOVE"><imc name="TEMP" value="37"/><imc name="CONST" value="-32"/></imc></stmt><stmt><imc name="MOVE"><imc name="TEMP" value="38"/><imc name="BINOP" value="ADD"><imc name="TEMP" value="36"/><imc name="TEMP" value="37"/></imc></imc></stmt><stmt><imc name="MOVE"><imc name="TEMP" value="39"/><imc name="CONST" value="8"/></imc></stmt><stmt><imc name="MOVE"><imc name="TEMP" value="40"/><imc name="BINOP" value="ADD"><imc name="TEMP" value="38"/><imc name="TEMP" value="39"/></imc></imc></stmt><stmt><imc name="MOVE"><imc name="TEMP" value="41"/><imc name="MEM"><imc name="TEMP" value="40"/></imc></imc></stmt><stmt><imc name="MOVE"><imc name="TEMP" value="42"/><imc name="TEMP" value="0"/></imc></stmt><stmt><imc name="MOVE"><imc name="TEMP" value="43"/><imc name="CONST" value="-32"/></imc></stmt><stmt><imc name="MOVE"><imc name="TEMP" value="44"/><imc name="BINOP" value="ADD"><imc name="TEMP" value="42"/><imc name="TEMP" value="43"/></imc></imc></stmt><stmt><imc name="MOVE"><imc name="TEMP" value="45"/><imc name="CONST" value="16"/></imc></stmt><stmt><imc name="MOVE"><imc name="TEMP" value="46"/><imc name="BINOP" value="ADD"><imc name="TEMP" value="44"/><imc name="TEMP" value="45"/></imc></imc></stmt><stmt><imc name="MOVE"><imc name="TEMP" value="47"/><imc name="MEM"><imc name="TEMP" value="46"/></imc></imc></stmt><stmt><imc name="MOVE"><imc name="TEMP" value="48"/><imc name="BINOP" value="MUL"><imc name="TEMP" value="41"/><imc name="TEMP" value="47"/></imc></imc></stmt><stmt><imc name="MOVE"><imc name="TEMP" value="49"/><imc name="TEMP" value="0"/></imc></stmt><stmt><imc name="MOVE"><imc name="TEMP" value="50"/><imc name="CONST" value="-32"/></imc></stmt><stmt><imc name="MOVE"><imc name="TEMP" value="51"/><imc name="BINOP" value="ADD"><imc name="TEMP" value="49"/><imc name="TEMP" value="50"/></imc></imc></stmt><stmt><imc name="MOVE"><imc name="TEMP" value="52"/><imc name="CONST" value="0"/></imc></stmt><stmt><imc name="MOVE"><imc name="TEMP" value="53"/><imc name="BINOP" value="ADD"><imc name="TEMP" value="51"/><imc name="TEMP" value="52"/></imc></imc></stmt><stmt><imc name="MOVE"><imc name="TEMP" value="54"/><imc name="MEM"><imc name="TEMP" value="53"/></imc></imc></stmt><stmt><imc name="MOVE"><imc name="TEMP" value="55"/><imc name="BINOP" value="MOD"><imc name="TEMP" value="48"/><imc name="TEMP" value="54"/></imc></imc></stmt><stmt><imc name="MOVE"><imc name="TEMP" value="56"/><imc name="BINOP" value="ADD"><imc name="TEMP" value="35"/><imc name="TEMP" value="55"/></imc></imc></stmt><stmt><imc name="MOVE"><imc name="MEM"><imc name="BINOP" value="ADD"><imc name="TEMP" value="0"/><imc name="CONST" value="-8"/></imc></imc><imc name="TEMP" value="56"/></imc></stmt><stmt><imc name="MOVE"><imc name="TEMP" value="57"/><imc name="CONST" value="0"/></imc></stmt><stmt><imc name="MOVE"><imc name="TEMP" value="1"/><imc name="TEMP" value="57"/></imc></stmt><stmt><imc name="JUMP" value="L2"/></stmt></codechunk><codechunk entrylabel="L3" exitlabel="L4"><frame FP="T2" RV="T3" argssize="0" depth="1" label="_main" locssize="0" size="16"/><stmt><imc name="LABEL" value="L3"/></stmt><stmt><imc name="MOVE"><imc name="TEMP" value="58"/><imc name="CONST" value="1"/></imc></stmt><stmt><imc name="MOVE"><imc name="TEMP" value="59"/><imc name="CONST" value="0"/></imc></stmt><stmt><imc name="MOVE"><imc name="TEMP" value="3"/><imc name="TEMP" value="59"/></imc></stmt><stmt><imc name="JUMP" value="L4"/></stmt></codechunk></chunks>