<?xml version="1.0" encoding="UTF-8" standalone="no"?><?xml-stylesheet type="text/xsl" href="../../data/chunks.xsl"?><chunks><datachunk init="" label="_global" size="96"/><datachunk init="" label="_ptt" size="8"/><codechunk entrylabel="L17" exitlabel="L18"><frame FP="T0" RV="T1" argssize="0" depth="1" label="_x" locssize="88" size="104"/><stmt><imc name="LABEL" value="L17"/></stmt><stmt><imc name="MOVE"><imc name="TEMP" value="20"/><imc name="CONST" value="1"/></imc></stmt><stmt><imc name="MOVE"><imc name="TEMP" value="21"/><imc name="TEMP" value="0"/></imc></stmt><stmt><imc name="MOVE"><imc name="TEMP" value="22"/><imc name="CONST" value="-8"/></imc></stmt><stmt><imc name="MOVE"><imc name="TEMP" value="23"/><imc name="BINOP" value="ADD"><imc name="TEMP" value="21"/><imc name="TEMP" value="22"/></imc></imc></stmt><stmt><imc name="MOVE"><imc name="TEMP" value="24"/><imc name="MEM"><imc name="TEMP" value="23"/></imc></imc></stmt><stmt><imc name="MOVE"><imc name="TEMP" value="25"/><imc name="TEMP" value="24"/></imc></stmt><stmt><imc name="MOVE"><imc name="TEMP" value="26"/><imc name="CONST" value="1"/></imc></stmt><stmt><imc name="MOVE"><imc name="TEMP" value="27"/><imc name="CONST" value="99"/></imc></stmt><stmt><imc name="MOVE"><imc name="TEMP" value="28"/><imc name="TEMP" value="27"/></imc></stmt><stmt><imc name="MOVE"><imc name="TEMP" value="29"/><imc name="BINOP" value="ADD"><imc name="TEMP" value="25"/><imc name="TEMP" value="28"/></imc></imc></stmt><stmt><imc name="MOVE"><imc name="TEMP" value="30"/><imc name="CONST" value="256"/></imc></stmt><stmt><imc name="MOVE"><imc name="TEMP" value="1"/><imc name="BINOP" value="MOD"><imc name="TEMP" value="29"/><imc name="TEMP" value="30"/></imc></imc></stmt><stmt><imc name="JUMP" value="L18"/></stmt></codechunk><codechunk entrylabel="L19" exitlabel="L20"><frame FP="T2" RV="T3" argssize="0" depth="1" label="_g" locssize="0" size="16"/><stmt><imc name="LABEL" value="L19"/></stmt><stmt><imc name="MOVE"><imc name="TEMP" value="31"/><imc name="CONST" value="1"/></imc></stmt><stmt><imc name="MOVE"><imc name="TEMP" value="32"/><imc name="CONST" value="0"/></imc></stmt><stmt><imc name="MOVE"><imc name="TEMP" value="3"/><imc name="TEMP" value="32"/></imc></stmt><stmt><imc name="JUMP" value="L20"/></stmt></codechunk><codechunk entrylabel="L21" exitlabel="L22"><frame FP="T6" RV="T7" argssize="0" depth="1" label="_main" locssize="0" size="16"/><stmt><imc name="LABEL" value="L21"/></stmt><stmt><imc name="MOVE"><imc name="TEMP" value="33"/><imc name="CONST" value="1"/></imc></stmt><stmt><imc name="MOVE"><imc name="TEMP" value="34"/><imc name="CONST" value="0"/></imc></stmt><stmt><imc name="MOVE"><imc name="TEMP" value="7"/><imc name="TEMP" value="34"/></imc></stmt><stmt><imc name="JUMP" value="L22"/></stmt></codechunk><codechunk entrylabel="L23" exitlabel="L24"><frame FP="T14" RV="T15" argssize="0" depth="3" label="L1" locssize="80" size="96"/><stmt><imc name="LABEL" value="L23"/></stmt><stmt><imc name="MOVE"><imc name="TEMP" value="35"/><imc name="CONST" value="1"/></imc></stmt><stmt><imc name="MOVE"><imc name="TEMP" value="36"/><imc name="TEMP" value="14"/></imc></stmt><stmt><imc name="MOVE"><imc name="TEMP" value="37"/><imc name="MEM"><imc name="TEMP" value="36"/></imc></imc></stmt><stmt><imc name="MOVE"><imc name="TEMP" value="38"/><imc name="MEM"><imc name="TEMP" value="37"/></imc></imc></stmt><stmt><imc name="MOVE"><imc name="TEMP" value="39"/><imc name="CONST" value="-16"/></imc></stmt><stmt><imc name="MOVE"><imc name="TEMP" value="40"/><imc name="BINOP" value="ADD"><imc name="TEMP" value="38"/><imc name="TEMP" value="39"/></imc></imc></stmt><stmt><imc name="MOVE"><imc name="TEMP" value="41"/><imc name="MEM"><imc name="TEMP" value="40"/></imc></imc></stmt><stmt><imc name="MOVE"><imc name="TEMP" value="42"/><imc name="CONST" value="1"/></imc></stmt><stmt><imc name="MOVE"><imc name="TEMP" value="43"/><imc name="BINOP" value="ADD"><imc name="TEMP" value="41"/><imc name="TEMP" value="42"/></imc></imc></stmt><stmt><imc name="MOVE"><imc name="MEM"><imc name="BINOP" value="ADD"><imc name="MEM"><imc name="MEM"><imc name="TEMP" value="14"/></imc></imc><imc name="CONST" value="-16"/></imc></imc><imc name="TEMP" value="43"/></imc></stmt><stmt><imc name="MOVE"><imc name="TEMP" value="44"/><imc name="TEMP" value="14"/></imc></stmt><stmt><imc name="MOVE"><imc name="TEMP" value="45"/><imc name="CONST" value="-80"/></imc></stmt><stmt><imc name="MOVE"><imc name="TEMP" value="46"/><imc name="BINOP" value="ADD"><imc name="TEMP" value="44"/><imc name="TEMP" value="45"/></imc></imc></stmt><stmt><imc name="MOVE"><imc name="TEMP" value="47"/><imc name="CONST" value="17"/></imc></stmt><stmt><imc name="MOVE"><imc name="TEMP" value="48"/><imc name="CONST" value="8"/></imc></stmt><stmt><imc name="MOVE"><imc name="TEMP" value="49"/><imc name="BINOP" value="MUL"><imc name="TEMP" value="47"/><imc name="TEMP" value="48"/></imc></imc></stmt><stmt><imc name="MOVE"><imc name="TEMP" value="50"/><imc name="BINOP" value="ADD"><imc name="TEMP" value="46"/><imc name="TEMP" value="49"/></imc></imc></stmt><stmt><imc name="MOVE"><imc name="TEMP" value="51"/><imc name="MEM"><imc name="TEMP" value="50"/></imc></imc></stmt><stmt><imc name="MOVE"><imc name="TEMP" value="15"/><imc name="TEMP" value="51"/></imc></stmt><stmt><imc name="JUMP" value="L24"/></stmt></codechunk><codechunk entrylabel="L25" exitlabel="L26"><frame FP="T16" RV="T17" argssize="0" depth="3" label="L2" locssize="0" size="16"/><stmt><imc name="LABEL" value="L25"/></stmt><stmt><imc name="MOVE"><imc name="TEMP" value="17"/><imc name="CONST" value="1"/></imc></stmt><stmt><imc name="JUMP" value="L26"/></stmt></codechunk><codechunk entrylabel="L27" exitlabel="L28"><frame FP="T12" RV="T13" argssize="32" depth="2" label="L0" locssize="16" size="64"/><stmt><imc name="LABEL" value="L27"/></stmt><stmt><imc name="MOVE"><imc name="TEMP" value="52"/><imc name="CONST" value="0"/></imc></stmt><stmt><imc name="MOVE"><imc name="TEMP" value="53"/><imc name="CONST" value="1"/></imc></stmt><stmt><imc name="MOVE"><imc name="TEMP" value="54"/><imc name="NAME" value="_global"/></imc></stmt><stmt><imc name="MOVE"><imc name="TEMP" value="55"/><imc name="CONST" value="8"/></imc></stmt><stmt><imc name="MOVE"><imc name="TEMP" value="56"/><imc name="BINOP" value="ADD"><imc name="TEMP" value="54"/><imc name="TEMP" value="55"/></imc></imc></stmt><stmt><imc name="MOVE"><imc name="TEMP" value="57"/><imc name="MEM"><imc name="TEMP" value="56"/></imc></imc></stmt><stmt><imc name="MOVE"><imc name="TEMP" value="58"/><imc name="CONST" value="1"/></imc></stmt><stmt><imc name="MOVE"><imc name="TEMP" value="59"/><imc name="CALL" value="_h"><imc name="TEMP" value="52"/><imc name="TEMP" value="53"/><imc name="TEMP" value="57"/><imc name="TEMP" value="58"/></imc></imc></stmt><stmt><imc name="MOVE"><imc name="TEMP" value="60"/><imc name="TEMP" value="12"/></imc></stmt><stmt><imc name="MOVE"><imc name="TEMP" value="61"/><imc name="CONST" value="-8"/></imc></stmt><stmt><imc name="MOVE"><imc name="TEMP" value="62"/><imc name="BINOP" value="ADD"><imc name="TEMP" value="60"/><imc name="TEMP" value="61"/></imc></imc></stmt><stmt><imc name="MOVE"><imc name="TEMP" value="63"/><imc name="MEM"><imc name="TEMP" value="62"/></imc></imc></stmt><stmt><imc name="MOVE"><imc name="TEMP" value="13"/><imc name="TEMP" value="63"/></imc></stmt><stmt><imc name="JUMP" value="L28"/></stmt></codechunk><codechunk entrylabel="L29" exitlabel="L30"><frame FP="T18" RV="T19" argssize="24" depth="2" label="L3" locssize="16" size="56"/><stmt><imc name="LABEL" value="L29"/></stmt><stmt><imc name="MOVE"><imc name="TEMP" value="64"/><imc name="MEM"><imc name="TEMP" value="18"/></imc></imc></stmt><stmt><imc name="MOVE"><imc name="TEMP" value="65"/><imc name="TEMP" value="18"/></imc></stmt><stmt><imc name="MOVE"><imc name="TEMP" value="66"/><imc name="CONST" value="-8"/></imc></stmt><stmt><imc name="MOVE"><imc name="TEMP" value="67"/><imc name="BINOP" value="ADD"><imc name="TEMP" value="65"/><imc name="TEMP" value="66"/></imc></imc></stmt><stmt><imc name="MOVE"><imc name="TEMP" value="68"/><imc name="MEM"><imc name="TEMP" value="67"/></imc></imc></stmt><stmt><imc name="MOVE"><imc name="TEMP" value="69"/><imc name="MEM"><imc name="TEMP" value="18"/></imc></imc></stmt><stmt><imc name="MOVE"><imc name="TEMP" value="70"/><imc name="CONST" value="1"/></imc></stmt><stmt><imc name="MOVE"><imc name="TEMP" value="71"/><imc name="CONST" value="1"/></imc></stmt><stmt><imc name="MOVE"><imc name="TEMP" value="72"/><imc name="CALL" value="L0"><imc name="TEMP" value="69"/><imc name="TEMP" value="70"/><imc name="TEMP" value="71"/></imc></imc></stmt><stmt><imc name="MOVE"><imc name="TEMP" value="73"/><imc name="CALL" value="L0"><imc name="TEMP" value="64"/><imc name="TEMP" value="68"/><imc name="TEMP" value="72"/></imc></imc></stmt><stmt><imc name="MOVE"><imc name="TEMP" value="74"/><imc name="TEMP" value="18"/></imc></stmt><stmt><imc name="MOVE"><imc name="TEMP" value="75"/><imc name="MEM"><imc name="TEMP" value="74"/></imc></imc></stmt><stmt><imc name="MOVE"><imc name="TEMP" value="76"/><imc name="CONST" value="8"/></imc></stmt><stmt><imc name="MOVE"><imc name="TEMP" value="77"/><imc name="BINOP" value="ADD"><imc name="TEMP" value="75"/><imc name="TEMP" value="76"/></imc></imc></stmt><stmt><imc name="MOVE"><imc name="TEMP" value="78"/><imc name="MEM"><imc name="TEMP" value="77"/></imc></imc></stmt><stmt><imc name="MOVE"><imc name="TEMP" value="79"/><imc name="TEMP" value="18"/></imc></stmt><stmt><imc name="MOVE"><imc name="TEMP" value="80"/><imc name="CONST" value="8"/></imc></stmt><stmt><imc name="MOVE"><imc name="TEMP" value="81"/><imc name="BINOP" value="ADD"><imc name="TEMP" value="79"/><imc name="TEMP" value="80"/></imc></imc></stmt><stmt><imc name="MOVE"><imc name="TEMP" value="82"/><imc name="MEM"><imc name="TEMP" value="81"/></imc></imc></stmt><stmt><imc name="MOVE"><imc name="TEMP" value="83"/><imc name="CONST" value="1"/></imc></stmt><stmt><imc name="MOVE"><imc name="TEMP" value="84"/><imc name="UNOP" value="NOT"><imc name="TEMP" value="83"/></imc></imc></stmt><stmt><imc name="MOVE"><imc name="TEMP" value="85"/><imc name="UNOP" value="NOT"><imc name="TEMP" value="84"/></imc></imc></stmt><stmt><imc name="MOVE"><imc name="TEMP" value="19"/><imc name="TEMP" value="85"/></imc></stmt><stmt><imc name="JUMP" value="L30"/></stmt></codechunk><codechunk entrylabel="L36" exitlabel="L37"><frame FP="T8" RV="T9" argssize="72" depth="1" label="_h" locssize="128" size="216"/><stmt><imc name="LABEL" value="L36"/></stmt><stmt><imc name="MOVE"><imc name="TEMP" value="86"/><imc name="CONST" value="0"/></imc></stmt><stmt><imc name="MOVE"><imc name="TEMP" value="87"/><imc name="CALL" value="_x"><imc name="TEMP" value="86"/></imc></imc></stmt><stmt><imc name="MOVE"><imc name="TEMP" value="88"/><imc name="NAME" value="_ptt"/></imc></stmt><stmt><imc name="MOVE"><imc name="TEMP" value="89"/><imc name="MEM"><imc name="TEMP" value="88"/></imc></imc></stmt><stmt><imc name="MOVE"><imc name="TEMP" value="90"/><imc name="CONST" value="3"/></imc></stmt><stmt><imc name="MOVE"><imc name="TEMP" value="91"/><imc name="BINOP" value="ADD"><imc name="TEMP" value="89"/><imc name="TEMP" value="90"/></imc></imc></stmt><stmt><imc name="MOVE"><imc name="MEM"><imc name="BINOP" value="ADD"><imc name="TEMP" value="8"/><imc name="CONST" value="-16"/></imc></imc><imc name="TEMP" value="91"/></imc></stmt><stmt><imc name="MOVE"><imc name="TEMP" value="92"/><imc name="TEMP" value="8"/></imc></stmt><stmt><imc name="MOVE"><imc name="TEMP" value="93"/><imc name="CONST" value="3"/></imc></stmt><stmt><imc name="MOVE"><imc name="TEMP" value="94"/><imc name="CONST" value="7"/></imc></stmt><stmt><imc name="MOVE"><imc name="TEMP" value="95"/><imc name="BINOP" value="ADD"><imc name="TEMP" value="93"/><imc name="TEMP" value="94"/></imc></imc></stmt><stmt><imc name="MOVE"><imc name="TEMP" value="96"/><imc name="CONST" value="3"/></imc></stmt><stmt><imc name="MOVE"><imc name="TEMP" value="97"/><imc name="CALL" value="L0"><imc name="TEMP" value="92"/><imc name="TEMP" value="95"/><imc name="TEMP" value="96"/></imc></imc></stmt><stmt><imc name="MOVE"><imc name="TEMP" value="98"/><imc name="CONST" value="0"/></imc></stmt><stmt><imc name="MOVE"><imc name="TEMP" value="99"/><imc name="CONST" value="1"/></imc></stmt><stmt><imc name="MOVE"><imc name="TEMP" value="100"/><imc name="TEMP" value="8"/></imc></stmt><stmt><imc name="MOVE"><imc name="TEMP" value="101"/><imc name="CONST" value="0"/></imc></stmt><stmt><imc name="MOVE"><imc name="TEMP" value="102"/><imc name="CALL" value="_x"><imc name="TEMP" value="101"/></imc></imc></stmt><stmt><imc name="MOVE"><imc name="TEMP" value="103"/><imc name="CONST" value="1"/></imc></stmt><stmt><imc name="MOVE"><imc name="TEMP" value="104"/><imc name="CALL" value="L0"><imc name="TEMP" value="100"/><imc name="TEMP" value="102"/><imc name="TEMP" value="103"/></imc></imc></stmt><stmt><imc name="MOVE"><imc name="TEMP" value="105"/><imc name="CONST" value="256"/></imc></stmt><stmt><imc name="MOVE"><imc name="TEMP" value="106"/><imc name="BINOP" value="MOD"><imc name="TEMP" value="104"/><imc name="TEMP" value="105"/></imc></imc></stmt><stmt><imc name="MOVE"><imc name="TEMP" value="107"/><imc name="CONST" value="1"/></imc></stmt><stmt><imc name="MOVE"><imc name="TEMP" value="108"/><imc name="TEMP" value="8"/></imc></stmt><stmt><imc name="MOVE"><imc name="TEMP" value="109"/><imc name="CONST" value="-8"/></imc></stmt><stmt><imc name="MOVE"><imc name="TEMP" value="110"/><imc name="BINOP" value="ADD"><imc name="TEMP" value="108"/><imc name="TEMP" value="109"/></imc></imc></stmt><stmt><imc name="MOVE"><imc name="TEMP" value="111"/><imc name="MEM"><imc name="TEMP" value="110"/></imc></imc></stmt><stmt><imc name="MOVE"><imc name="TEMP" value="112"/><imc name="CALL" value="_g"><imc name="TEMP" value="98"/><imc name="TEMP" value="99"/><imc name="TEMP" value="106"/><imc name="TEMP" value="107"/><imc name="TEMP" value="111"/></imc></imc></stmt><stmt><imc name="MOVE"><imc name="TEMP" value="113"/><imc name="CONST" value="0"/></imc></stmt><stmt><imc name="MOVE"><imc name="TEMP" value="114"/><imc name="CONST" value="1"/></imc></stmt><stmt><imc name="MOVE"><imc name="TEMP" value="115"/><imc name="CONST" value="1"/></imc></stmt><stmt><imc name="MOVE"><imc name="TEMP" value="116"/><imc name="CONST" value="1"/></imc></stmt><stmt><imc name="MOVE"><imc name="TEMP" value="117"/><imc name="CALL" value="_h"><imc name="TEMP" value="113"/><imc name="TEMP" value="114"/><imc name="TEMP" value="115"/><imc name="TEMP" value="116"/></imc></imc></stmt><stmt><imc name="MOVE"><imc name="TEMP" value="118"/><imc name="CONST" value="0"/></imc></stmt><stmt><imc name="MOVE"><imc name="TEMP" value="119"/><imc name="CALL" value="_x"><imc name="TEMP" value="118"/></imc></imc></stmt><stmt><imc name="MOVE"><imc name="TEMP" value="120"/><imc name="TEMP" value="8"/></imc></stmt><stmt><imc name="MOVE"><imc name="TEMP" value="121"/><imc name="CONST" value="17"/></imc></stmt><stmt><imc name="MOVE"><imc name="TEMP" value="122"/><imc name="CONST" value="17"/></imc></stmt><stmt><imc name="MOVE"><imc name="TEMP" value="123"/><imc name="CALL" value="L0"><imc name="TEMP" value="120"/><imc name="TEMP" value="121"/><imc name="TEMP" value="122"/></imc></imc></stmt><stmt><imc name="MOVE"><imc name="TEMP" value="124"/><imc name="TEMP" value="8"/></imc></stmt><stmt><imc name="MOVE"><imc name="TEMP" value="125"/><imc name="NAME" value="_global"/></imc></stmt><stmt><imc name="MOVE"><imc name="TEMP" value="126"/><imc name="CONST" value="16"/></imc></stmt><stmt><imc name="MOVE"><imc name="TEMP" value="127"/><imc name="BINOP" value="ADD"><imc name="TEMP" value="125"/><imc name="TEMP" value="126"/></imc></imc></stmt><stmt><imc name="MOVE"><imc name="TEMP" value="128"/><imc name="CONST" value="3"/></imc></stmt><stmt><imc name="MOVE"><imc name="TEMP" value="129"/><imc name="CONST" value="8"/></imc></stmt><stmt><imc name="MOVE"><imc name="TEMP" value="130"/><imc name="BINOP" value="MUL"><imc name="TEMP" value="128"/><imc name="TEMP" value="129"/></imc></imc></stmt><stmt><imc name="MOVE"><imc name="TEMP" value="131"/><imc name="BINOP" value="ADD"><imc name="TEMP" value="127"/><imc name="TEMP" value="130"/></imc></imc></stmt><stmt><imc name="MOVE"><imc name="TEMP" value="132"/><imc name="MEM"><imc name="TEMP" value="131"/></imc></imc></stmt><stmt><imc name="MOVE"><imc name="TEMP" value="133"/><imc name="TEMP" value="8"/></imc></stmt><stmt><imc name="MOVE"><imc name="TEMP" value="134"/><imc name="CONST" value="-112"/></imc></stmt><stmt><imc name="MOVE"><imc name="TEMP" value="135"/><imc name="BINOP" value="ADD"><imc name="TEMP" value="133"/><imc name="TEMP" value="134"/></imc></imc></stmt><stmt><imc name="MOVE"><imc name="TEMP" value="136"/><imc name="CONST" value="0"/></imc></stmt><stmt><imc name="MOVE"><imc name="TEMP" value="137"/><imc name="BINOP" value="ADD"><imc name="TEMP" value="135"/><imc name="TEMP" value="136"/></imc></imc></stmt><stmt><imc name="MOVE"><imc name="TEMP" value="138"/><imc name="MEM"><imc name="TEMP" value="137"/></imc></imc></stmt><stmt><imc name="MOVE"><imc name="TEMP" value="139"/><imc name="TEMP" value="8"/></imc></stmt><stmt><imc name="MOVE"><imc name="TEMP" value="140"/><imc name="CONST" value="-112"/></imc></stmt><stmt><imc name="MOVE"><imc name="TEMP" value="141"/><imc name="BINOP" value="ADD"><imc name="TEMP" value="139"/><imc name="TEMP" value="140"/></imc></imc></stmt><stmt><imc name="MOVE"><imc name="TEMP" value="142"/><imc name="CONST" value="8"/></imc></stmt><stmt><imc name="MOVE"><imc name="TEMP" value="143"/><imc name="BINOP" value="ADD"><imc name="TEMP" value="141"/><imc name="TEMP" value="142"/></imc></imc></stmt><stmt><imc name="MOVE"><imc name="TEMP" value="144"/><imc name="MEM"><imc name="TEMP" value="143"/></imc></imc></stmt><stmt><imc name="MOVE"><imc name="TEMP" value="145"/><imc name="CONST" value="1"/></imc></stmt><stmt><imc name="MOVE"><imc name="TEMP" value="146"/><imc name="UNOP" value="NEG"><imc name="TEMP" value="145"/></imc></imc></stmt><stmt><imc name="MOVE"><imc name="TEMP" value="147"/><imc name="CONST" value="17"/></imc></stmt><stmt><imc name="MOVE"><imc name="TEMP" value="148"/><imc name="CONST" value="5"/></imc></stmt><stmt><imc name="MOVE"><imc name="TEMP" value="149"/><imc name="CONST" value="6"/></imc></stmt><stmt><imc name="MOVE"><imc name="TEMP" value="150"/><imc name="NAME" value="_ptt"/></imc></stmt><stmt><imc name="MOVE"><imc name="TEMP" value="151"/><imc name="MEM"><imc name="TEMP" value="150"/></imc></imc></stmt><stmt><imc name="MOVE"><imc name="TEMP" value="152"/><imc name="CALL" value="_test"><imc name="TEMP" value="124"/><imc name="TEMP" value="132"/><imc name="TEMP" value="138"/><imc name="TEMP" value="144"/><imc name="TEMP" value="146"/><imc name="TEMP" value="147"/><imc name="TEMP" value="148"/><imc name="TEMP" value="149"/><imc name="TEMP" value="151"/></imc></imc></stmt><stmt><imc name="MOVE"><imc name="TEMP" value="153"/><imc name="TEMP" value="8"/></imc></stmt><stmt><imc name="MOVE"><imc name="TEMP" value="154"/><imc name="CONST" value="-128"/></imc></stmt><stmt><imc name="MOVE"><imc name="TEMP" value="155"/><imc name="BINOP" value="ADD"><imc name="TEMP" value="153"/><imc name="TEMP" value="154"/></imc></imc></stmt><stmt><imc name="MOVE"><imc name="TEMP" value="156"/><imc name="CONST" value="99"/></imc></stmt><stmt><imc name="MOVE"><imc name="TEMP" value="157"/><imc name="CONST" value="0"/></imc></stmt><stmt><imc name="MOVE"><imc name="TEMP" value="158"/><imc name="CALL" value="_x"><imc name="TEMP" value="157"/></imc></imc></stmt><stmt><imc name="MOVE"><imc name="TEMP" value="159"/><imc name="CONST" value="50"/></imc></stmt><stmt><imc name="MOVE"><imc name="TEMP" value="160"/><imc name="BINOP" value="GTH"><imc name="TEMP" value="158"/><imc name="TEMP" value="159"/></imc></imc></stmt><stmt><imc name="CJUMP" value="L4:L31"><imc name="TEMP" value="160"/></imc></stmt><stmt><imc name="LABEL" value="L31"/></stmt><stmt><imc name="JUMP" value="L5"/></stmt><stmt><imc name="LABEL" value="L4"/></stmt><stmt><imc name="MOVE"><imc name="TEMP" value="161"/><imc name="CONST" value="50"/></imc></stmt><stmt><imc name="MOVE"><imc name="MEM"><imc name="BINOP" value="ADD"><imc name="NAME" value="_global"/><imc name="CONST" value="0"/></imc></imc><imc name="TEMP" value="161"/></imc></stmt><stmt><imc name="MOVE"><imc name="TEMP" value="162"/><imc name="CONST" value="3"/></imc></stmt><stmt><imc name="MOVE"><imc name="TEMP" value="163"/><imc name="CONST" value="3"/></imc></stmt><stmt><imc name="MOVE"><imc name="MEM"><imc name="BINOP" value="ADD"><imc name="NAME" value="_global"/><imc name="CONST" value="0"/></imc></imc><imc name="TEMP" value="163"/></imc></stmt><stmt><imc name="MOVE"><imc name="TEMP" value="164"/><imc name="NAME" value="_global"/></imc></stmt><stmt><imc name="MOVE"><imc name="TEMP" value="165"/><imc name="CONST" value="0"/></imc></stmt><stmt><imc name="MOVE"><imc name="TEMP" value="166"/><imc name="BINOP" value="ADD"><imc name="TEMP" value="164"/><imc name="TEMP" value="165"/></imc></imc></stmt><stmt><imc name="MOVE"><imc name="TEMP" value="167"/><imc name="MEM"><imc name="TEMP" value="166"/></imc></imc></stmt><stmt><imc name="MOVE"><imc name="TEMP" value="168"/><imc name="TEMP" value="167"/></imc></stmt><stmt><imc name="MOVE"><imc name="TEMP" value="169"/><imc name="BINOP" value="ADD"><imc name="TEMP" value="162"/><imc name="TEMP" value="168"/></imc></imc></stmt><stmt><imc name="MOVE"><imc name="MEM"><imc name="BINOP" value="ADD"><imc name="NAME" value="_global"/><imc name="CONST" value="8"/></imc></imc><imc name="TEMP" value="169"/></imc></stmt><stmt><imc name="JUMP" value="L6"/></stmt><stmt><imc name="LABEL" value="L5"/></stmt><stmt><imc name="MOVE"><imc name="TEMP" value="170"/><imc name="CONST" value="49"/></imc></stmt><stmt><imc name="MOVE"><imc name="MEM"><imc name="BINOP" value="ADD"><imc name="NAME" value="_global"/><imc name="CONST" value="0"/></imc></imc><imc name="TEMP" value="170"/></imc></stmt><stmt><imc name="MOVE"><imc name="TEMP" value="171"/><imc name="CONST" value="2"/></imc></stmt><stmt><imc name="MOVE"><imc name="MEM"><imc name="BINOP" value="ADD"><imc name="NAME" value="_global"/><imc name="CONST" value="8"/></imc></imc><imc name="TEMP" value="171"/></imc></stmt><stmt><imc name="LABEL" value="L6"/></stmt><stmt><imc name="MOVE"><imc name="TEMP" value="172"/><imc name="CONST" value="0"/></imc></stmt><stmt><imc name="MOVE"><imc name="TEMP" value="173"/><imc name="CALL" value="_x"><imc name="TEMP" value="172"/></imc></imc></stmt><stmt><imc name="MOVE"><imc name="TEMP" value="174"/><imc name="CONST" value="50"/></imc></stmt><stmt><imc name="MOVE"><imc name="TEMP" value="175"/><imc name="BINOP" value="GTH"><imc name="TEMP" value="173"/><imc name="TEMP" value="174"/></imc></imc></stmt><stmt><imc name="CJUMP" value="L7:L32"><imc name="TEMP" value="175"/></imc></stmt><stmt><imc name="LABEL" value="L32"/></stmt><stmt><imc name="JUMP" value="L8"/></stmt><stmt><imc name="LABEL" value="L7"/></stmt><stmt><imc name="MOVE"><imc name="TEMP" value="176"/><imc name="CONST" value="1"/></imc></stmt><stmt><imc name="LABEL" value="L8"/></stmt><stmt><imc name="LABEL" value="L14"/></stmt><stmt><imc name="MOVE"><imc name="TEMP" value="177"/><imc name="TEMP" value="8"/></imc></stmt><stmt><imc name="MOVE"><imc name="TEMP" value="178"/><imc name="CONST" value="3"/></imc></stmt><stmt><imc name="MOVE"><imc name="TEMP" value="179"/><imc name="CONST" value="3"/></imc></stmt><stmt><imc name="MOVE"><imc name="TEMP" value="180"/><imc name="CALL" value="L0"><imc name="TEMP" value="177"/><imc name="TEMP" value="178"/><imc name="TEMP" value="179"/></imc></imc></stmt><stmt><imc name="MOVE"><imc name="TEMP" value="181"/><imc name="CONST" value="0"/></imc></stmt><stmt><imc name="MOVE"><imc name="TEMP" value="182"/><imc name="BINOP" value="GTH"><imc name="TEMP" value="180"/><imc name="TEMP" value="181"/></imc></imc></stmt><stmt><imc name="CJUMP" value="L15:L33"><imc name="TEMP" value="182"/></imc></stmt><stmt><imc name="LABEL" value="L33"/></stmt><stmt><imc name="JUMP" value="L16"/></stmt><stmt><imc name="LABEL" value="L15"/></stmt><stmt><imc name="MOVE"><imc name="TEMP" value="183"/><imc name="TEMP" value="8"/></imc></stmt><stmt><imc name="MOVE"><imc name="TEMP" value="184"/><imc name="CONST" value="-16"/></imc></stmt><stmt><imc name="MOVE"><imc name="TEMP" value="185"/><imc name="BINOP" value="ADD"><imc name="TEMP" value="183"/><imc name="TEMP" value="184"/></imc></imc></stmt><stmt><imc name="MOVE"><imc name="TEMP" value="186"/><imc name="MEM"><imc name="TEMP" value="185"/></imc></imc></stmt><stmt><imc name="MOVE"><imc name="TEMP" value="187"/><imc name="CONST" value="17"/></imc></stmt><stmt><imc name="MOVE"><imc name="TEMP" value="188"/><imc name="BINOP" value="ADD"><imc name="TEMP" value="186"/><imc name="TEMP" value="187"/></imc></imc></stmt><stmt><imc name="MOVE"><imc name="MEM"><imc name="BINOP" value="ADD"><imc name="TEMP" value="8"/><imc name="CONST" value="-16"/></imc></imc><imc name="TEMP" value="188"/></imc></stmt><stmt><imc name="MOVE"><imc name="TEMP" value="189"/><imc name="CONST" value="0"/></imc></stmt><stmt><imc name="MOVE"><imc name="TEMP" value="190"/><imc name="CALL" value="_x"><imc name="TEMP" value="189"/></imc></imc></stmt><stmt><imc name="MOVE"><imc name="TEMP" value="191"/><imc name="CONST" value="97"/></imc></stmt><stmt><imc name="MOVE"><imc name="TEMP" value="192"/><imc name="BINOP" value="GEQ"><imc name="TEMP" value="190"/><imc name="TEMP" value="191"/></imc></imc></stmt><stmt><imc name="CJUMP" value="L11:L34"><imc name="TEMP" value="192"/></imc></stmt><stmt><imc name="LABEL" value="L34"/></stmt><stmt><imc name="JUMP" value="L12"/></stmt><stmt><imc name="LABEL" value="L11"/></stmt><stmt><imc name="MOVE"><imc name="TEMP" value="193"/><imc name="TEMP" value="8"/></imc></stmt><stmt><imc name="MOVE"><imc name="TEMP" value="194"/><imc name="CONST" value="-16"/></imc></stmt><stmt><imc name="MOVE"><imc name="TEMP" value="195"/><imc name="BINOP" value="ADD"><imc name="TEMP" value="193"/><imc name="TEMP" value="194"/></imc></imc></stmt><stmt><imc name="MOVE"><imc name="TEMP" value="196"/><imc name="MEM"><imc name="TEMP" value="195"/></imc></imc></stmt><stmt><imc name="MOVE"><imc name="TEMP" value="197"/><imc name="CONST" value="1"/></imc></stmt><stmt><imc name="MOVE"><imc name="TEMP" value="198"/><imc name="BINOP" value="ADD"><imc name="TEMP" value="196"/><imc name="TEMP" value="197"/></imc></imc></stmt><stmt><imc name="MOVE"><imc name="MEM"><imc name="BINOP" value="ADD"><imc name="TEMP" value="8"/><imc name="CONST" value="-16"/></imc></imc><imc name="TEMP" value="198"/></imc></stmt><stmt><imc name="MOVE"><imc name="TEMP" value="199"/><imc name="TEMP" value="8"/></imc></stmt><stmt><imc name="MOVE"><imc name="TEMP" value="200"/><imc name="CONST" value="-128"/></imc></stmt><stmt><imc name="MOVE"><imc name="TEMP" value="201"/><imc name="BINOP" value="ADD"><imc name="TEMP" value="199"/><imc name="TEMP" value="200"/></imc></imc></stmt><stmt><imc name="MOVE"><imc name="TEMP" value="202"/><imc name="MEM"><imc name="TEMP" value="201"/></imc></imc></stmt><stmt><imc name="MOVE"><imc name="TEMP" value="203"/><imc name="CONST" value="3"/></imc></stmt><stmt><imc name="MOVE"><imc name="TEMP" value="204"/><imc name="BINOP" value="ADD"><imc name="TEMP" value="202"/><imc name="TEMP" value="203"/></imc></imc></stmt><stmt><imc name="MOVE"><imc name="MEM"><imc name="BINOP" value="ADD"><imc name="TEMP" value="8"/><imc name="CONST" value="-128"/></imc></imc><imc name="TEMP" value="204"/></imc></stmt><stmt><imc name="JUMP" value="L13"/></stmt><stmt><imc name="LABEL" value="L12"/></stmt><stmt><imc name="MOVE"><imc name="TEMP" value="205"/><imc name="CONST" value="0"/></imc></stmt><stmt><imc name="MOVE"><imc name="TEMP" value="206"/><imc name="CALL" value="_x"><imc name="TEMP" value="205"/></imc></imc></stmt><stmt><imc name="MOVE"><imc name="TEMP" value="207"/><imc name="CONST" value="122"/></imc></stmt><stmt><imc name="MOVE"><imc name="TEMP" value="208"/><imc name="BINOP" value="LEQ"><imc name="TEMP" value="206"/><imc name="TEMP" value="207"/></imc></imc></stmt><stmt><imc name="CJUMP" value="L9:L35"><imc name="TEMP" value="208"/></imc></stmt><stmt><imc name="LABEL" value="L35"/></stmt><stmt><imc name="JUMP" value="L10"/></stmt><stmt><imc name="LABEL" value="L9"/></stmt><stmt><imc name="MOVE"><imc name="TEMP" value="209"/><imc name="TEMP" value="8"/></imc></stmt><stmt><imc name="MOVE"><imc name="TEMP" value="210"/><imc name="CONST" value="-128"/></imc></stmt><stmt><imc name="MOVE"><imc name="TEMP" value="211"/><imc name="BINOP" value="ADD"><imc name="TEMP" value="209"/><imc name="TEMP" value="210"/></imc></imc></stmt><stmt><imc name="MOVE"><imc name="TEMP" value="212"/><imc name="MEM"><imc name="TEMP" value="211"/></imc></imc></stmt><stmt><imc name="MOVE"><imc name="TEMP" value="213"/><imc name="CONST" value="3"/></imc></stmt><stmt><imc name="MOVE"><imc name="TEMP" value="214"/><imc name="BINOP" value="SUB"><imc name="TEMP" value="212"/><imc name="TEMP" value="213"/></imc></imc></stmt><stmt><imc name="MOVE"><imc name="MEM"><imc name="BINOP" value="ADD"><imc name="TEMP" value="8"/><imc name="CONST" value="-128"/></imc></imc><imc name="TEMP" value="214"/></imc></stmt><stmt><imc name="LABEL" value="L10"/></stmt><stmt><imc name="LABEL" value="L13"/></stmt><stmt><imc name="JUMP" value="L14"/></stmt><stmt><imc name="LABEL" value="L16"/></stmt><stmt><imc name="MOVE"><imc name="TEMP" value="215"/><imc name="CONST" value="0"/></imc></stmt><stmt><imc name="MOVE"><imc name="TEMP" value="9"/><imc name="TEMP" value="215"/></imc></stmt><stmt><imc name="JUMP" value="L37"/></stmt></codechunk></chunks>