<?xml version="1.0" encoding="UTF-8" standalone="no"?><?xml-stylesheet type="text/xsl" href="../../data/chunks.xsl"?><chunks><datachunk init="&quot; facItr: &quot;" label="L5" size="96"/><datachunk init="&quot; :  &quot;" label="L6" size="56"/><datachunk init="&quot; facRec: &quot;" label="L10" size="96"/><datachunk init="&quot; :  &quot;" label="L11" size="56"/><datachunk init="&quot; fibItr: &quot;" label="L15" size="96"/><datachunk init="&quot; :  &quot;" label="L16" size="56"/><datachunk init="&quot; fibRec: &quot;" label="L20" size="96"/><datachunk init="&quot; :  &quot;" label="L21" size="56"/><datachunk init="&quot; Combs: &quot;" label="L25" size="88"/><codechunk entrylabel="L109" exitlabel="L110"><frame FP="T6" RV="T7" argssize="24" depth="1" label="_main" locssize="16" size="56"/><stmt><imc name="LABEL" value="L109"/></stmt><stmt><imc name="MOVE"><imc name="TEMP" value="30"/><imc name="CONST" value="0"/></imc></stmt><stmt><imc name="MOVE"><imc name="TEMP" value="31"/><imc name="NAME" value="L5"/></imc></stmt><stmt><imc name="MOVE"><imc name="TEMP" value="32"/><imc name="CALL" value="_putString"><imc name="TEMP" value="30"/><imc name="TEMP" value="31"/></imc></imc></stmt><stmt><imc name="MOVE"><imc name="TEMP" value="33"/><imc name="CONST" value="0"/></imc></stmt><stmt><imc name="MOVE"><imc name="TEMP" value="34"/><imc name="CONST" value="10"/></imc></stmt><stmt><imc name="MOVE"><imc name="TEMP" value="35"/><imc name="CONST" value="256"/></imc></stmt><stmt><imc name="MOVE"><imc name="TEMP" value="36"/><imc name="BINOP" value="MOD"><imc name="TEMP" value="34"/><imc name="TEMP" value="35"/></imc></imc></stmt><stmt><imc name="MOVE"><imc name="TEMP" value="37"/><imc name="CALL" value="_putChar"><imc name="TEMP" value="33"/><imc name="TEMP" value="36"/></imc></imc></stmt><stmt><imc name="MOVE"><imc name="TEMP" value="38"/><imc name="CONST" value="1"/></imc></stmt><stmt><imc name="MOVE"><imc name="MEM"><imc name="BINOP" value="ADD"><imc name="TEMP" value="6"/><imc name="CONST" value="-8"/></imc></imc><imc name="TEMP" value="38"/></imc></stmt><stmt><imc name="LABEL" value="L7"/></stmt><stmt><imc name="MOVE"><imc name="TEMP" value="39"/><imc name="TEMP" value="6"/></imc></stmt><stmt><imc name="MOVE"><imc name="TEMP" value="40"/><imc name="CONST" value="-8"/></imc></stmt><stmt><imc name="MOVE"><imc name="TEMP" value="41"/><imc name="BINOP" value="ADD"><imc name="TEMP" value="39"/><imc name="TEMP" value="40"/></imc></imc></stmt><stmt><imc name="MOVE"><imc name="TEMP" value="42"/><imc name="MEM"><imc name="TEMP" value="41"/></imc></imc></stmt><stmt><imc name="MOVE"><imc name="TEMP" value="43"/><imc name="CONST" value="10"/></imc></stmt><stmt><imc name="MOVE"><imc name="TEMP" value="44"/><imc name="BINOP" value="LEQ"><imc name="TEMP" value="42"/><imc name="TEMP" value="43"/></imc></imc></stmt><stmt><imc name="CJUMP" value="L8:L105"><imc name="TEMP" value="44"/></imc></stmt><stmt><imc name="LABEL" value="L105"/></stmt><stmt><imc name="JUMP" value="L9"/></stmt><stmt><imc name="LABEL" value="L8"/></stmt><stmt><imc name="MOVE"><imc name="TEMP" value="45"/><imc name="CONST" value="0"/></imc></stmt><stmt><imc name="MOVE"><imc name="TEMP" value="46"/><imc name="TEMP" value="6"/></imc></stmt><stmt><imc name="MOVE"><imc name="TEMP" value="47"/><imc name="CONST" value="-8"/></imc></stmt><stmt><imc name="MOVE"><imc name="TEMP" value="48"/><imc name="BINOP" value="ADD"><imc name="TEMP" value="46"/><imc name="TEMP" value="47"/></imc></imc></stmt><stmt><imc name="MOVE"><imc name="TEMP" value="49"/><imc name="MEM"><imc name="TEMP" value="48"/></imc></imc></stmt><stmt><imc name="MOVE"><imc name="TEMP" value="50"/><imc name="CALL" value="_putInt"><imc name="TEMP" value="45"/><imc name="TEMP" value="49"/></imc></imc></stmt><stmt><imc name="MOVE"><imc name="TEMP" value="51"/><imc name="CONST" value="0"/></imc></stmt><stmt><imc name="MOVE"><imc name="TEMP" value="52"/><imc name="NAME" value="L6"/></imc></stmt><stmt><imc name="MOVE"><imc name="TEMP" value="53"/><imc name="CALL" value="_putString"><imc name="TEMP" value="51"/><imc name="TEMP" value="52"/></imc></imc></stmt><stmt><imc name="MOVE"><imc name="TEMP" value="54"/><imc name="CONST" value="0"/></imc></stmt><stmt><imc name="MOVE"><imc name="TEMP" value="55"/><imc name="CONST" value="0"/></imc></stmt><stmt><imc name="MOVE"><imc name="TEMP" value="56"/><imc name="TEMP" value="6"/></imc></stmt><stmt><imc name="MOVE"><imc name="TEMP" value="57"/><imc name="CONST" value="-8"/></imc></stmt><stmt><imc name="MOVE"><imc name="TEMP" value="58"/><imc name="BINOP" value="ADD"><imc name="TEMP" value="56"/><imc name="TEMP" value="57"/></imc></imc></stmt><stmt><imc name="MOVE"><imc name="TEMP" value="59"/><imc name="MEM"><imc name="TEMP" value="58"/></imc></imc></stmt><stmt><imc name="MOVE"><imc name="TEMP" value="60"/><imc name="CALL" value="_facItr"><imc name="TEMP" value="55"/><imc name="TEMP" value="59"/></imc></imc></stmt><stmt><imc name="MOVE"><imc name="TEMP" value="61"/><imc name="CALL" value="_putInt"><imc name="TEMP" value="54"/><imc name="TEMP" value="60"/></imc></imc></stmt><stmt><imc name="MOVE"><imc name="TEMP" value="62"/><imc name="CONST" value="0"/></imc></stmt><stmt><imc name="MOVE"><imc name="TEMP" value="63"/><imc name="CONST" value="10"/></imc></stmt><stmt><imc name="MOVE"><imc name="TEMP" value="64"/><imc name="CONST" value="256"/></imc></stmt><stmt><imc name="MOVE"><imc name="TEMP" value="65"/><imc name="BINOP" value="MOD"><imc name="TEMP" value="63"/><imc name="TEMP" value="64"/></imc></imc></stmt><stmt><imc name="MOVE"><imc name="TEMP" value="66"/><imc name="CALL" value="_putChar"><imc name="TEMP" value="62"/><imc name="TEMP" value="65"/></imc></imc></stmt><stmt><imc name="MOVE"><imc name="TEMP" value="67"/><imc name="TEMP" value="6"/></imc></stmt><stmt><imc name="MOVE"><imc name="TEMP" value="68"/><imc name="CONST" value="-8"/></imc></stmt><stmt><imc name="MOVE"><imc name="TEMP" value="69"/><imc name="BINOP" value="ADD"><imc name="TEMP" value="67"/><imc name="TEMP" value="68"/></imc></imc></stmt><stmt><imc name="MOVE"><imc name="TEMP" value="70"/><imc name="MEM"><imc name="TEMP" value="69"/></imc></imc></stmt><stmt><imc name="MOVE"><imc name="TEMP" value="71"/><imc name="CONST" value="1"/></imc></stmt><stmt><imc name="MOVE"><imc name="TEMP" value="72"/><imc name="BINOP" value="ADD"><imc name="TEMP" value="70"/><imc name="TEMP" value="71"/></imc></imc></stmt><stmt><imc name="MOVE"><imc name="MEM"><imc name="BINOP" value="ADD"><imc name="TEMP" value="6"/><imc name="CONST" value="-8"/></imc></imc><imc name="TEMP" value="72"/></imc></stmt><stmt><imc name="JUMP" value="L7"/></stmt><stmt><imc name="LABEL" value="L9"/></stmt><stmt><imc name="MOVE"><imc name="TEMP" value="73"/><imc name="CONST" value="0"/></imc></stmt><stmt><imc name="MOVE"><imc name="TEMP" value="74"/><imc name="NAME" value="L10"/></imc></stmt><stmt><imc name="MOVE"><imc name="TEMP" value="75"/><imc name="CALL" value="_putString"><imc name="TEMP" value="73"/><imc name="TEMP" value="74"/></imc></imc></stmt><stmt><imc name="MOVE"><imc name="TEMP" value="76"/><imc name="CONST" value="0"/></imc></stmt><stmt><imc name="MOVE"><imc name="TEMP" value="77"/><imc name="CONST" value="10"/></imc></stmt><stmt><imc name="MOVE"><imc name="TEMP" value="78"/><imc name="CONST" value="256"/></imc></stmt><stmt><imc name="MOVE"><imc name="TEMP" value="79"/><imc name="BINOP" value="MOD"><imc name="TEMP" value="77"/><imc name="TEMP" value="78"/></imc></imc></stmt><stmt><imc name="MOVE"><imc name="TEMP" value="80"/><imc name="CALL" value="_putChar"><imc name="TEMP" value="76"/><imc name="TEMP" value="79"/></imc></imc></stmt><stmt><imc name="MOVE"><imc name="TEMP" value="81"/><imc name="CONST" value="1"/></imc></stmt><stmt><imc name="MOVE"><imc name="MEM"><imc name="BINOP" value="ADD"><imc name="TEMP" value="6"/><imc name="CONST" value="-8"/></imc></imc><imc name="TEMP" value="81"/></imc></stmt><stmt><imc name="LABEL" value="L12"/></stmt><stmt><imc name="MOVE"><imc name="TEMP" value="82"/><imc name="TEMP" value="6"/></imc></stmt><stmt><imc name="MOVE"><imc name="TEMP" value="83"/><imc name="CONST" value="-8"/></imc></stmt><stmt><imc name="MOVE"><imc name="TEMP" value="84"/><imc name="BINOP" value="ADD"><imc name="TEMP" value="82"/><imc name="TEMP" value="83"/></imc></imc></stmt><stmt><imc name="MOVE"><imc name="TEMP" value="85"/><imc name="MEM"><imc name="TEMP" value="84"/></imc></imc></stmt><stmt><imc name="MOVE"><imc name="TEMP" value="86"/><imc name="CONST" value="10"/></imc></stmt><stmt><imc name="MOVE"><imc name="TEMP" value="87"/><imc name="BINOP" value="LEQ"><imc name="TEMP" value="85"/><imc name="TEMP" value="86"/></imc></imc></stmt><stmt><imc name="CJUMP" value="L13:L106"><imc name="TEMP" value="87"/></imc></stmt><stmt><imc name="LABEL" value="L106"/></stmt><stmt><imc name="JUMP" value="L14"/></stmt><stmt><imc name="LABEL" value="L13"/></stmt><stmt><imc name="MOVE"><imc name="TEMP" value="88"/><imc name="CONST" value="0"/></imc></stmt><stmt><imc name="MOVE"><imc name="TEMP" value="89"/><imc name="TEMP" value="6"/></imc></stmt><stmt><imc name="MOVE"><imc name="TEMP" value="90"/><imc name="CONST" value="-8"/></imc></stmt><stmt><imc name="MOVE"><imc name="TEMP" value="91"/><imc name="BINOP" value="ADD"><imc name="TEMP" value="89"/><imc name="TEMP" value="90"/></imc></imc></stmt><stmt><imc name="MOVE"><imc name="TEMP" value="92"/><imc name="MEM"><imc name="TEMP" value="91"/></imc></imc></stmt><stmt><imc name="MOVE"><imc name="TEMP" value="93"/><imc name="CALL" value="_putInt"><imc name="TEMP" value="88"/><imc name="TEMP" value="92"/></imc></imc></stmt><stmt><imc name="MOVE"><imc name="TEMP" value="94"/><imc name="CONST" value="0"/></imc></stmt><stmt><imc name="MOVE"><imc name="TEMP" value="95"/><imc name="NAME" value="L11"/></imc></stmt><stmt><imc name="MOVE"><imc name="TEMP" value="96"/><imc name="CALL" value="_putString"><imc name="TEMP" value="94"/><imc name="TEMP" value="95"/></imc></imc></stmt><stmt><imc name="MOVE"><imc name="TEMP" value="97"/><imc name="CONST" value="0"/></imc></stmt><stmt><imc name="MOVE"><imc name="TEMP" value="98"/><imc name="CONST" value="0"/></imc></stmt><stmt><imc name="MOVE"><imc name="TEMP" value="99"/><imc name="TEMP" value="6"/></imc></stmt><stmt><imc name="MOVE"><imc name="TEMP" value="100"/><imc name="CONST" value="-8"/></imc></stmt><stmt><imc name="MOVE"><imc name="TEMP" value="101"/><imc name="BINOP" value="ADD"><imc name="TEMP" value="99"/><imc name="TEMP" value="100"/></imc></imc></stmt><stmt><imc name="MOVE"><imc name="TEMP" value="102"/><imc name="MEM"><imc name="TEMP" value="101"/></imc></imc></stmt><stmt><imc name="MOVE"><imc name="TEMP" value="103"/><imc name="CALL" value="_facRec"><imc name="TEMP" value="98"/><imc name="TEMP" value="102"/></imc></imc></stmt><stmt><imc name="MOVE"><imc name="TEMP" value="104"/><imc name="CALL" value="_putInt"><imc name="TEMP" value="97"/><imc name="TEMP" value="103"/></imc></imc></stmt><stmt><imc name="MOVE"><imc name="TEMP" value="105"/><imc name="CONST" value="0"/></imc></stmt><stmt><imc name="MOVE"><imc name="TEMP" value="106"/><imc name="CONST" value="10"/></imc></stmt><stmt><imc name="MOVE"><imc name="TEMP" value="107"/><imc name="CONST" value="256"/></imc></stmt><stmt><imc name="MOVE"><imc name="TEMP" value="108"/><imc name="BINOP" value="MOD"><imc name="TEMP" value="106"/><imc name="TEMP" value="107"/></imc></imc></stmt><stmt><imc name="MOVE"><imc name="TEMP" value="109"/><imc name="CALL" value="_putChar"><imc name="TEMP" value="105"/><imc name="TEMP" value="108"/></imc></imc></stmt><stmt><imc name="MOVE"><imc name="TEMP" value="110"/><imc name="TEMP" value="6"/></imc></stmt><stmt><imc name="MOVE"><imc name="TEMP" value="111"/><imc name="CONST" value="-8"/></imc></stmt><stmt><imc name="MOVE"><imc name="TEMP" value="112"/><imc name="BINOP" value="ADD"><imc name="TEMP" value="110"/><imc name="TEMP" value="111"/></imc></imc></stmt><stmt><imc name="MOVE"><imc name="TEMP" value="113"/><imc name="MEM"><imc name="TEMP" value="112"/></imc></imc></stmt><stmt><imc name="MOVE"><imc name="TEMP" value="114"/><imc name="CONST" value="1"/></imc></stmt><stmt><imc name="MOVE"><imc name="TEMP" value="115"/><imc name="BINOP" value="ADD"><imc name="TEMP" value="113"/><imc name="TEMP" value="114"/></imc></imc></stmt><stmt><imc name="MOVE"><imc name="MEM"><imc name="BINOP" value="ADD"><imc name="TEMP" value="6"/><imc name="CONST" value="-8"/></imc></imc><imc name="TEMP" value="115"/></imc></stmt><stmt><imc name="JUMP" value="L12"/></stmt><stmt><imc name="LABEL" value="L14"/></stmt><stmt><imc name="MOVE"><imc name="TEMP" value="116"/><imc name="CONST" value="0"/></imc></stmt><stmt><imc name="MOVE"><imc name="TEMP" value="117"/><imc name="NAME" value="L15"/></imc></stmt><stmt><imc name="MOVE"><imc name="TEMP" value="118"/><imc name="CALL" value="_putString"><imc name="TEMP" value="116"/><imc name="TEMP" value="117"/></imc></imc></stmt><stmt><imc name="MOVE"><imc name="TEMP" value="119"/><imc name="CONST" value="0"/></imc></stmt><stmt><imc name="MOVE"><imc name="TEMP" value="120"/><imc name="CONST" value="10"/></imc></stmt><stmt><imc name="MOVE"><imc name="TEMP" value="121"/><imc name="CONST" value="256"/></imc></stmt><stmt><imc name="MOVE"><imc name="TEMP" value="122"/><imc name="BINOP" value="MOD"><imc name="TEMP" value="120"/><imc name="TEMP" value="121"/></imc></imc></stmt><stmt><imc name="MOVE"><imc name="TEMP" value="123"/><imc name="CALL" value="_putChar"><imc name="TEMP" value="119"/><imc name="TEMP" value="122"/></imc></imc></stmt><stmt><imc name="MOVE"><imc name="TEMP" value="124"/><imc name="CONST" value="1"/></imc></stmt><stmt><imc name="MOVE"><imc name="MEM"><imc name="BINOP" value="ADD"><imc name="TEMP" value="6"/><imc name="CONST" value="-8"/></imc></imc><imc name="TEMP" value="124"/></imc></stmt><stmt><imc name="LABEL" value="L17"/></stmt><stmt><imc name="MOVE"><imc name="TEMP" value="125"/><imc name="TEMP" value="6"/></imc></stmt><stmt><imc name="MOVE"><imc name="TEMP" value="126"/><imc name="CONST" value="-8"/></imc></stmt><stmt><imc name="MOVE"><imc name="TEMP" value="127"/><imc name="BINOP" value="ADD"><imc name="TEMP" value="125"/><imc name="TEMP" value="126"/></imc></imc></stmt><stmt><imc name="MOVE"><imc name="TEMP" value="128"/><imc name="MEM"><imc name="TEMP" value="127"/></imc></imc></stmt><stmt><imc name="MOVE"><imc name="TEMP" value="129"/><imc name="CONST" value="10"/></imc></stmt><stmt><imc name="MOVE"><imc name="TEMP" value="130"/><imc name="BINOP" value="LEQ"><imc name="TEMP" value="128"/><imc name="TEMP" value="129"/></imc></imc></stmt><stmt><imc name="CJUMP" value="L18:L107"><imc name="TEMP" value="130"/></imc></stmt><stmt><imc name="LABEL" value="L107"/></stmt><stmt><imc name="JUMP" value="L19"/></stmt><stmt><imc name="LABEL" value="L18"/></stmt><stmt><imc name="MOVE"><imc name="TEMP" value="131"/><imc name="CONST" value="0"/></imc></stmt><stmt><imc name="MOVE"><imc name="TEMP" value="132"/><imc name="TEMP" value="6"/></imc></stmt><stmt><imc name="MOVE"><imc name="TEMP" value="133"/><imc name="CONST" value="-8"/></imc></stmt><stmt><imc name="MOVE"><imc name="TEMP" value="134"/><imc name="BINOP" value="ADD"><imc name="TEMP" value="132"/><imc name="TEMP" value="133"/></imc></imc></stmt><stmt><imc name="MOVE"><imc name="TEMP" value="135"/><imc name="MEM"><imc name="TEMP" value="134"/></imc></imc></stmt><stmt><imc name="MOVE"><imc name="TEMP" value="136"/><imc name="CALL" value="_putInt"><imc name="TEMP" value="131"/><imc name="TEMP" value="135"/></imc></imc></stmt><stmt><imc name="MOVE"><imc name="TEMP" value="137"/><imc name="CONST" value="0"/></imc></stmt><stmt><imc name="MOVE"><imc name="TEMP" value="138"/><imc name="NAME" value="L16"/></imc></stmt><stmt><imc name="MOVE"><imc name="TEMP" value="139"/><imc name="CALL" value="_putString"><imc name="TEMP" value="137"/><imc name="TEMP" value="138"/></imc></imc></stmt><stmt><imc name="MOVE"><imc name="TEMP" value="140"/><imc name="CONST" value="0"/></imc></stmt><stmt><imc name="MOVE"><imc name="TEMP" value="141"/><imc name="CONST" value="0"/></imc></stmt><stmt><imc name="MOVE"><imc name="TEMP" value="142"/><imc name="TEMP" value="6"/></imc></stmt><stmt><imc name="MOVE"><imc name="TEMP" value="143"/><imc name="CONST" value="-8"/></imc></stmt><stmt><imc name="MOVE"><imc name="TEMP" value="144"/><imc name="BINOP" value="ADD"><imc name="TEMP" value="142"/><imc name="TEMP" value="143"/></imc></imc></stmt><stmt><imc name="MOVE"><imc name="TEMP" value="145"/><imc name="MEM"><imc name="TEMP" value="144"/></imc></imc></stmt><stmt><imc name="MOVE"><imc name="TEMP" value="146"/><imc name="CALL" value="_fibItr"><imc name="TEMP" value="141"/><imc name="TEMP" value="145"/></imc></imc></stmt><stmt><imc name="MOVE"><imc name="TEMP" value="147"/><imc name="CALL" value="_putInt"><imc name="TEMP" value="140"/><imc name="TEMP" value="146"/></imc></imc></stmt><stmt><imc name="MOVE"><imc name="TEMP" value="148"/><imc name="CONST" value="0"/></imc></stmt><stmt><imc name="MOVE"><imc name="TEMP" value="149"/><imc name="CONST" value="10"/></imc></stmt><stmt><imc name="MOVE"><imc name="TEMP" value="150"/><imc name="CONST" value="256"/></imc></stmt><stmt><imc name="MOVE"><imc name="TEMP" value="151"/><imc name="BINOP" value="MOD"><imc name="TEMP" value="149"/><imc name="TEMP" value="150"/></imc></imc></stmt><stmt><imc name="MOVE"><imc name="TEMP" value="152"/><imc name="CALL" value="_putChar"><imc name="TEMP" value="148"/><imc name="TEMP" value="151"/></imc></imc></stmt><stmt><imc name="MOVE"><imc name="TEMP" value="153"/><imc name="TEMP" value="6"/></imc></stmt><stmt><imc name="MOVE"><imc name="TEMP" value="154"/><imc name="CONST" value="-8"/></imc></stmt><stmt><imc name="MOVE"><imc name="TEMP" value="155"/><imc name="BINOP" value="ADD"><imc name="TEMP" value="153"/><imc name="TEMP" value="154"/></imc></imc></stmt><stmt><imc name="MOVE"><imc name="TEMP" value="156"/><imc name="MEM"><imc name="TEMP" value="155"/></imc></imc></stmt><stmt><imc name="MOVE"><imc name="TEMP" value="157"/><imc name="CONST" value="1"/></imc></stmt><stmt><imc name="MOVE"><imc name="TEMP" value="158"/><imc name="BINOP" value="ADD"><imc name="TEMP" value="156"/><imc name="TEMP" value="157"/></imc></imc></stmt><stmt><imc name="MOVE"><imc name="MEM"><imc name="BINOP" value="ADD"><imc name="TEMP" value="6"/><imc name="CONST" value="-8"/></imc></imc><imc name="TEMP" value="158"/></imc></stmt><stmt><imc name="JUMP" value="L17"/></stmt><stmt><imc name="LABEL" value="L19"/></stmt><stmt><imc name="MOVE"><imc name="TEMP" value="159"/><imc name="CONST" value="0"/></imc></stmt><stmt><imc name="MOVE"><imc name="TEMP" value="160"/><imc name="NAME" value="L20"/></imc></stmt><stmt><imc name="MOVE"><imc name="TEMP" value="161"/><imc name="CALL" value="_putString"><imc name="TEMP" value="159"/><imc name="TEMP" value="160"/></imc></imc></stmt><stmt><imc name="MOVE"><imc name="TEMP" value="162"/><imc name="CONST" value="0"/></imc></stmt><stmt><imc name="MOVE"><imc name="TEMP" value="163"/><imc name="CONST" value="10"/></imc></stmt><stmt><imc name="MOVE"><imc name="TEMP" value="164"/><imc name="CONST" value="256"/></imc></stmt><stmt><imc name="MOVE"><imc name="TEMP" value="165"/><imc name="BINOP" value="MOD"><imc name="TEMP" value="163"/><imc name="TEMP" value="164"/></imc></imc></stmt><stmt><imc name="MOVE"><imc name="TEMP" value="166"/><imc name="CALL" value="_putChar"><imc name="TEMP" value="162"/><imc name="TEMP" value="165"/></imc></imc></stmt><stmt><imc name="MOVE"><imc name="TEMP" value="167"/><imc name="CONST" value="1"/></imc></stmt><stmt><imc name="MOVE"><imc name="MEM"><imc name="BINOP" value="ADD"><imc name="TEMP" value="6"/><imc name="CONST" value="-8"/></imc></imc><imc name="TEMP" value="167"/></imc></stmt><stmt><imc name="LABEL" value="L22"/></stmt><stmt><imc name="MOVE"><imc name="TEMP" value="168"/><imc name="TEMP" value="6"/></imc></stmt><stmt><imc name="MOVE"><imc name="TEMP" value="169"/><imc name="CONST" value="-8"/></imc></stmt><stmt><imc name="MOVE"><imc name="TEMP" value="170"/><imc name="BINOP" value="ADD"><imc name="TEMP" value="168"/><imc name="TEMP" value="169"/></imc></imc></stmt><stmt><imc name="MOVE"><imc name="TEMP" value="171"/><imc name="MEM"><imc name="TEMP" value="170"/></imc></imc></stmt><stmt><imc name="MOVE"><imc name="TEMP" value="172"/><imc name="CONST" value="10"/></imc></stmt><stmt><imc name="MOVE"><imc name="TEMP" value="173"/><imc name="BINOP" value="LEQ"><imc name="TEMP" value="171"/><imc name="TEMP" value="172"/></imc></imc></stmt><stmt><imc name="CJUMP" value="L23:L108"><imc name="TEMP" value="173"/></imc></stmt><stmt><imc name="LABEL" value="L108"/></stmt><stmt><imc name="JUMP" value="L24"/></stmt><stmt><imc name="LABEL" value="L23"/></stmt><stmt><imc name="MOVE"><imc name="TEMP" value="174"/><imc name="CONST" value="0"/></imc></stmt><stmt><imc name="MOVE"><imc name="TEMP" value="175"/><imc name="TEMP" value="6"/></imc></stmt><stmt><imc name="MOVE"><imc name="TEMP" value="176"/><imc name="CONST" value="-8"/></imc></stmt><stmt><imc name="MOVE"><imc name="TEMP" value="177"/><imc name="BINOP" value="ADD"><imc name="TEMP" value="175"/><imc name="TEMP" value="176"/></imc></imc></stmt><stmt><imc name="MOVE"><imc name="TEMP" value="178"/><imc name="MEM"><imc name="TEMP" value="177"/></imc></imc></stmt><stmt><imc name="MOVE"><imc name="TEMP" value="179"/><imc name="CALL" value="_putInt"><imc name="TEMP" value="174"/><imc name="TEMP" value="178"/></imc></imc></stmt><stmt><imc name="MOVE"><imc name="TEMP" value="180"/><imc name="CONST" value="0"/></imc></stmt><stmt><imc name="MOVE"><imc name="TEMP" value="181"/><imc name="NAME" value="L21"/></imc></stmt><stmt><imc name="MOVE"><imc name="TEMP" value="182"/><imc name="CALL" value="_putString"><imc name="TEMP" value="180"/><imc name="TEMP" value="181"/></imc></imc></stmt><stmt><imc name="MOVE"><imc name="TEMP" value="183"/><imc name="CONST" value="0"/></imc></stmt><stmt><imc name="MOVE"><imc name="TEMP" value="184"/><imc name="CONST" value="0"/></imc></stmt><stmt><imc name="MOVE"><imc name="TEMP" value="185"/><imc name="TEMP" value="6"/></imc></stmt><stmt><imc name="MOVE"><imc name="TEMP" value="186"/><imc name="CONST" value="-8"/></imc></stmt><stmt><imc name="MOVE"><imc name="TEMP" value="187"/><imc name="BINOP" value="ADD"><imc name="TEMP" value="185"/><imc name="TEMP" value="186"/></imc></imc></stmt><stmt><imc name="MOVE"><imc name="TEMP" value="188"/><imc name="MEM"><imc name="TEMP" value="187"/></imc></imc></stmt><stmt><imc name="MOVE"><imc name="TEMP" value="189"/><imc name="CALL" value="_fibRec"><imc name="TEMP" value="184"/><imc name="TEMP" value="188"/></imc></imc></stmt><stmt><imc name="MOVE"><imc name="TEMP" value="190"/><imc name="CALL" value="_putInt"><imc name="TEMP" value="183"/><imc name="TEMP" value="189"/></imc></imc></stmt><stmt><imc name="MOVE"><imc name="TEMP" value="191"/><imc name="CONST" value="0"/></imc></stmt><stmt><imc name="MOVE"><imc name="TEMP" value="192"/><imc name="CONST" value="10"/></imc></stmt><stmt><imc name="MOVE"><imc name="TEMP" value="193"/><imc name="CONST" value="256"/></imc></stmt><stmt><imc name="MOVE"><imc name="TEMP" value="194"/><imc name="BINOP" value="MOD"><imc name="TEMP" value="192"/><imc name="TEMP" value="193"/></imc></imc></stmt><stmt><imc name="MOVE"><imc name="TEMP" value="195"/><imc name="CALL" value="_putChar"><imc name="TEMP" value="191"/><imc name="TEMP" value="194"/></imc></imc></stmt><stmt><imc name="MOVE"><imc name="TEMP" value="196"/><imc name="TEMP" value="6"/></imc></stmt><stmt><imc name="MOVE"><imc name="TEMP" value="197"/><imc name="CONST" value="-8"/></imc></stmt><stmt><imc name="MOVE"><imc name="TEMP" value="198"/><imc name="BINOP" value="ADD"><imc name="TEMP" value="196"/><imc name="TEMP" value="197"/></imc></imc></stmt><stmt><imc name="MOVE"><imc name="TEMP" value="199"/><imc name="MEM"><imc name="TEMP" value="198"/></imc></imc></stmt><stmt><imc name="MOVE"><imc name="TEMP" value="200"/><imc name="CONST" value="1"/></imc></stmt><stmt><imc name="MOVE"><imc name="TEMP" value="201"/><imc name="BINOP" value="ADD"><imc name="TEMP" value="199"/><imc name="TEMP" value="200"/></imc></imc></stmt><stmt><imc name="MOVE"><imc name="MEM"><imc name="BINOP" value="ADD"><imc name="TEMP" value="6"/><imc name="CONST" value="-8"/></imc></imc><imc name="TEMP" value="201"/></imc></stmt><stmt><imc name="JUMP" value="L22"/></stmt><stmt><imc name="LABEL" value="L24"/></stmt><stmt><imc name="MOVE"><imc name="TEMP" value="202"/><imc name="CONST" value="0"/></imc></stmt><stmt><imc name="MOVE"><imc name="TEMP" value="203"/><imc name="NAME" value="L25"/></imc></stmt><stmt><imc name="MOVE"><imc name="TEMP" value="204"/><imc name="CALL" value="_putString"><imc name="TEMP" value="202"/><imc name="TEMP" value="203"/></imc></imc></stmt><stmt><imc name="MOVE"><imc name="TEMP" value="205"/><imc name="CONST" value="0"/></imc></stmt><stmt><imc name="MOVE"><imc name="TEMP" value="206"/><imc name="CONST" value="10"/></imc></stmt><stmt><imc name="MOVE"><imc name="TEMP" value="207"/><imc name="CONST" value="256"/></imc></stmt><stmt><imc name="MOVE"><imc name="TEMP" value="208"/><imc name="BINOP" value="MOD"><imc name="TEMP" value="206"/><imc name="TEMP" value="207"/></imc></imc></stmt><stmt><imc name="MOVE"><imc name="TEMP" value="209"/><imc name="CALL" value="_putChar"><imc name="TEMP" value="205"/><imc name="TEMP" value="208"/></imc></imc></stmt><stmt><imc name="MOVE"><imc name="TEMP" value="210"/><imc name="CONST" value="0"/></imc></stmt><stmt><imc name="MOVE"><imc name="TEMP" value="211"/><imc name="CONST" value="4"/></imc></stmt><stmt><imc name="MOVE"><imc name="TEMP" value="212"/><imc name="CONST" value="3"/></imc></stmt><stmt><imc name="MOVE"><imc name="TEMP" value="213"/><imc name="CALL" value="_combs"><imc name="TEMP" value="210"/><imc name="TEMP" value="211"/><imc name="TEMP" value="212"/></imc></imc></stmt><stmt><imc name="MOVE"><imc name="TEMP" value="214"/><imc name="CONST" value="0"/></imc></stmt><stmt><imc name="MOVE"><imc name="TEMP" value="7"/><imc name="TEMP" value="214"/></imc></stmt><stmt><imc name="JUMP" value="L110"/></stmt></codechunk><codechunk entrylabel="L112" exitlabel="L113"><frame FP="T8" RV="T9" argssize="0" depth="1" label="_facItr" locssize="8" size="24"/><stmt><imc name="LABEL" value="L112"/></stmt><stmt><imc name="MOVE"><imc name="TEMP" value="215"/><imc name="CONST" value="1"/></imc></stmt><stmt><imc name="MOVE"><imc name="MEM"><imc name="BINOP" value="ADD"><imc name="TEMP" value="8"/><imc name="CONST" value="-8"/></imc></imc><imc name="TEMP" value="215"/></imc></stmt><stmt><imc name="LABEL" value="L26"/></stmt><stmt><imc name="MOVE"><imc name="TEMP" value="216"/><imc name="TEMP" value="8"/></imc></stmt><stmt><imc name="MOVE"><imc name="TEMP" value="217"/><imc name="CONST" value="8"/></imc></stmt><stmt><imc name="MOVE"><imc name="TEMP" value="218"/><imc name="BINOP" value="ADD"><imc name="TEMP" value="216"/><imc name="TEMP" value="217"/></imc></imc></stmt><stmt><imc name="MOVE"><imc name="TEMP" value="219"/><imc name="MEM"><imc name="TEMP" value="218"/></imc></imc></stmt><stmt><imc name="MOVE"><imc name="TEMP" value="220"/><imc name="CONST" value="0"/></imc></stmt><stmt><imc name="MOVE"><imc name="TEMP" value="221"/><imc name="BINOP" value="GTH"><imc name="TEMP" value="219"/><imc name="TEMP" value="220"/></imc></imc></stmt><stmt><imc name="CJUMP" value="L27:L111"><imc name="TEMP" value="221"/></imc></stmt><stmt><imc name="LABEL" value="L111"/></stmt><stmt><imc name="JUMP" value="L28"/></stmt><stmt><imc name="LABEL" value="L27"/></stmt><stmt><imc name="MOVE"><imc name="TEMP" value="222"/><imc name="TEMP" value="8"/></imc></stmt><stmt><imc name="MOVE"><imc name="TEMP" value="223"/><imc name="CONST" value="-8"/></imc></stmt><stmt><imc name="MOVE"><imc name="TEMP" value="224"/><imc name="BINOP" value="ADD"><imc name="TEMP" value="222"/><imc name="TEMP" value="223"/></imc></imc></stmt><stmt><imc name="MOVE"><imc name="TEMP" value="225"/><imc name="MEM"><imc name="TEMP" value="224"/></imc></imc></stmt><stmt><imc name="MOVE"><imc name="TEMP" value="226"/><imc name="TEMP" value="8"/></imc></stmt><stmt><imc name="MOVE"><imc name="TEMP" value="227"/><imc name="CONST" value="8"/></imc></stmt><stmt><imc name="MOVE"><imc name="TEMP" value="228"/><imc name="BINOP" value="ADD"><imc name="TEMP" value="226"/><imc name="TEMP" value="227"/></imc></imc></stmt><stmt><imc name="MOVE"><imc name="TEMP" value="229"/><imc name="MEM"><imc name="TEMP" value="228"/></imc></imc></stmt><stmt><imc name="MOVE"><imc name="TEMP" value="230"/><imc name="BINOP" value="MUL"><imc name="TEMP" value="225"/><imc name="TEMP" value="229"/></imc></imc></stmt><stmt><imc name="MOVE"><imc name="MEM"><imc name="BINOP" value="ADD"><imc name="TEMP" value="8"/><imc name="CONST" value="-8"/></imc></imc><imc name="TEMP" value="230"/></imc></stmt><stmt><imc name="MOVE"><imc name="TEMP" value="231"/><imc name="TEMP" value="8"/></imc></stmt><stmt><imc name="MOVE"><imc name="TEMP" value="232"/><imc name="CONST" value="8"/></imc></stmt><stmt><imc name="MOVE"><imc name="TEMP" value="233"/><imc name="BINOP" value="ADD"><imc name="TEMP" value="231"/><imc name="TEMP" value="232"/></imc></imc></stmt><stmt><imc name="MOVE"><imc name="TEMP" value="234"/><imc name="MEM"><imc name="TEMP" value="233"/></imc></imc></stmt><stmt><imc name="MOVE"><imc name="TEMP" value="235"/><imc name="CONST" value="1"/></imc></stmt><stmt><imc name="MOVE"><imc name="TEMP" value="236"/><imc name="BINOP" value="SUB"><imc name="TEMP" value="234"/><imc name="TEMP" value="235"/></imc></imc></stmt><stmt><imc name="MOVE"><imc name="MEM"><imc name="BINOP" value="ADD"><imc name="TEMP" value="8"/><imc name="CONST" value="8"/></imc></imc><imc name="TEMP" value="236"/></imc></stmt><stmt><imc name="JUMP" value="L26"/></stmt><stmt><imc name="LABEL" value="L28"/></stmt><stmt><imc name="MOVE"><imc name="TEMP" value="237"/><imc name="TEMP" value="8"/></imc></stmt><stmt><imc name="MOVE"><imc name="TEMP" value="238"/><imc name="CONST" value="-8"/></imc></stmt><stmt><imc name="MOVE"><imc name="TEMP" value="239"/><imc name="BINOP" value="ADD"><imc name="TEMP" value="237"/><imc name="TEMP" value="238"/></imc></imc></stmt><stmt><imc name="MOVE"><imc name="TEMP" value="240"/><imc name="MEM"><imc name="TEMP" value="239"/></imc></imc></stmt><stmt><imc name="MOVE"><imc name="TEMP" value="9"/><imc name="TEMP" value="240"/></imc></stmt><stmt><imc name="JUMP" value="L113"/></stmt></codechunk><codechunk entrylabel="L115" exitlabel="L116"><frame FP="T10" RV="T11" argssize="16" depth="1" label="_facRec" locssize="8" size="40"/><stmt><imc name="LABEL" value="L115"/></stmt><stmt><imc name="MOVE"><imc name="TEMP" value="241"/><imc name="TEMP" value="10"/></imc></stmt><stmt><imc name="MOVE"><imc name="TEMP" value="242"/><imc name="CONST" value="8"/></imc></stmt><stmt><imc name="MOVE"><imc name="TEMP" value="243"/><imc name="BINOP" value="ADD"><imc name="TEMP" value="241"/><imc name="TEMP" value="242"/></imc></imc></stmt><stmt><imc name="MOVE"><imc name="TEMP" value="244"/><imc name="MEM"><imc name="TEMP" value="243"/></imc></imc></stmt><stmt><imc name="MOVE"><imc name="TEMP" value="245"/><imc name="CONST" value="1"/></imc></stmt><stmt><imc name="MOVE"><imc name="TEMP" value="246"/><imc name="BINOP" value="EQU"><imc name="TEMP" value="244"/><imc name="TEMP" value="245"/></imc></imc></stmt><stmt><imc name="CJUMP" value="L29:L114"><imc name="TEMP" value="246"/></imc></stmt><stmt><imc name="LABEL" value="L114"/></stmt><stmt><imc name="JUMP" value="L30"/></stmt><stmt><imc name="LABEL" value="L29"/></stmt><stmt><imc name="MOVE"><imc name="TEMP" value="247"/><imc name="CONST" value="1"/></imc></stmt><stmt><imc name="MOVE"><imc name="MEM"><imc name="BINOP" value="ADD"><imc name="TEMP" value="10"/><imc name="CONST" value="-8"/></imc></imc><imc name="TEMP" value="247"/></imc></stmt><stmt><imc name="JUMP" value="L31"/></stmt><stmt><imc name="LABEL" value="L30"/></stmt><stmt><imc name="MOVE"><imc name="TEMP" value="248"/><imc name="TEMP" value="10"/></imc></stmt><stmt><imc name="MOVE"><imc name="TEMP" value="249"/><imc name="CONST" value="8"/></imc></stmt><stmt><imc name="MOVE"><imc name="TEMP" value="250"/><imc name="BINOP" value="ADD"><imc name="TEMP" value="248"/><imc name="TEMP" value="249"/></imc></imc></stmt><stmt><imc name="MOVE"><imc name="TEMP" value="251"/><imc name="MEM"><imc name="TEMP" value="250"/></imc></imc></stmt><stmt><imc name="MOVE"><imc name="TEMP" value="252"/><imc name="CONST" value="0"/></imc></stmt><stmt><imc name="MOVE"><imc name="TEMP" value="253"/><imc name="TEMP" value="10"/></imc></stmt><stmt><imc name="MOVE"><imc name="TEMP" value="254"/><imc name="CONST" value="8"/></imc></stmt><stmt><imc name="MOVE"><imc name="TEMP" value="255"/><imc name="BINOP" value="ADD"><imc name="TEMP" value="253"/><imc name="TEMP" value="254"/></imc></imc></stmt><stmt><imc name="MOVE"><imc name="TEMP" value="256"/><imc name="MEM"><imc name="TEMP" value="255"/></imc></imc></stmt><stmt><imc name="MOVE"><imc name="TEMP" value="257"/><imc name="CONST" value="1"/></imc></stmt><stmt><imc name="MOVE"><imc name="TEMP" value="258"/><imc name="BINOP" value="SUB"><imc name="TEMP" value="256"/><imc name="TEMP" value="257"/></imc></imc></stmt><stmt><imc name="MOVE"><imc name="TEMP" value="259"/><imc name="CALL" value="_facRec"><imc name="TEMP" value="252"/><imc name="TEMP" value="258"/></imc></imc></stmt><stmt><imc name="MOVE"><imc name="TEMP" value="260"/><imc name="BINOP" value="MUL"><imc name="TEMP" value="251"/><imc name="TEMP" value="259"/></imc></imc></stmt><stmt><imc name="MOVE"><imc name="MEM"><imc name="BINOP" value="ADD"><imc name="TEMP" value="10"/><imc name="CONST" value="-8"/></imc></imc><imc name="TEMP" value="260"/></imc></stmt><stmt><imc name="LABEL" value="L31"/></stmt><stmt><imc name="MOVE"><imc name="TEMP" value="261"/><imc name="TEMP" value="10"/></imc></stmt><stmt><imc name="MOVE"><imc name="TEMP" value="262"/><imc name="CONST" value="-8"/></imc></stmt><stmt><imc name="MOVE"><imc name="TEMP" value="263"/><imc name="BINOP" value="ADD"><imc name="TEMP" value="261"/><imc name="TEMP" value="262"/></imc></imc></stmt><stmt><imc name="MOVE"><imc name="TEMP" value="264"/><imc name="MEM"><imc name="TEMP" value="263"/></imc></imc></stmt><stmt><imc name="MOVE"><imc name="TEMP" value="11"/><imc name="TEMP" value="264"/></imc></stmt><stmt><imc name="JUMP" value="L116"/></stmt></codechunk><codechunk entrylabel="L118" exitlabel="L119"><frame FP="T12" RV="T13" argssize="0" depth="1" label="_fibItr" locssize="24" size="40"/><stmt><imc name="LABEL" value="L118"/></stmt><stmt><imc name="MOVE"><imc name="TEMP" value="265"/><imc name="CONST" value="1"/></imc></stmt><stmt><imc name="MOVE"><imc name="MEM"><imc name="BINOP" value="ADD"><imc name="TEMP" value="12"/><imc name="CONST" value="-8"/></imc></imc><imc name="TEMP" value="265"/></imc></stmt><stmt><imc name="MOVE"><imc name="TEMP" value="266"/><imc name="CONST" value="1"/></imc></stmt><stmt><imc name="MOVE"><imc name="MEM"><imc name="BINOP" value="ADD"><imc name="TEMP" value="12"/><imc name="CONST" value="-16"/></imc></imc><imc name="TEMP" value="266"/></imc></stmt><stmt><imc name="MOVE"><imc name="TEMP" value="267"/><imc name="CONST" value="0"/></imc></stmt><stmt><imc name="MOVE"><imc name="MEM"><imc name="BINOP" value="ADD"><imc name="TEMP" value="12"/><imc name="CONST" value="-24"/></imc></imc><imc name="TEMP" value="267"/></imc></stmt><stmt><imc name="LABEL" value="L32"/></stmt><stmt><imc name="MOVE"><imc name="TEMP" value="268"/><imc name="TEMP" value="12"/></imc></stmt><stmt><imc name="MOVE"><imc name="TEMP" value="269"/><imc name="CONST" value="8"/></imc></stmt><stmt><imc name="MOVE"><imc name="TEMP" value="270"/><imc name="BINOP" value="ADD"><imc name="TEMP" value="268"/><imc name="TEMP" value="269"/></imc></imc></stmt><stmt><imc name="MOVE"><imc name="TEMP" value="271"/><imc name="MEM"><imc name="TEMP" value="270"/></imc></imc></stmt><stmt><imc name="MOVE"><imc name="TEMP" value="272"/><imc name="CONST" value="1"/></imc></stmt><stmt><imc name="MOVE"><imc name="TEMP" value="273"/><imc name="BINOP" value="GTH"><imc name="TEMP" value="271"/><imc name="TEMP" value="272"/></imc></imc></stmt><stmt><imc name="CJUMP" value="L33:L117"><imc name="TEMP" value="273"/></imc></stmt><stmt><imc name="LABEL" value="L117"/></stmt><stmt><imc name="JUMP" value="L34"/></stmt><stmt><imc name="LABEL" value="L33"/></stmt><stmt><imc name="MOVE"><imc name="TEMP" value="274"/><imc name="TEMP" value="12"/></imc></stmt><stmt><imc name="MOVE"><imc name="TEMP" value="275"/><imc name="CONST" value="-16"/></imc></stmt><stmt><imc name="MOVE"><imc name="TEMP" value="276"/><imc name="BINOP" value="ADD"><imc name="TEMP" value="274"/><imc name="TEMP" value="275"/></imc></imc></stmt><stmt><imc name="MOVE"><imc name="TEMP" value="277"/><imc name="MEM"><imc name="TEMP" value="276"/></imc></imc></stmt><stmt><imc name="MOVE"><imc name="TEMP" value="278"/><imc name="TEMP" value="12"/></imc></stmt><stmt><imc name="MOVE"><imc name="TEMP" value="279"/><imc name="CONST" value="-24"/></imc></stmt><stmt><imc name="MOVE"><imc name="TEMP" value="280"/><imc name="BINOP" value="ADD"><imc name="TEMP" value="278"/><imc name="TEMP" value="279"/></imc></imc></stmt><stmt><imc name="MOVE"><imc name="TEMP" value="281"/><imc name="MEM"><imc name="TEMP" value="280"/></imc></imc></stmt><stmt><imc name="MOVE"><imc name="TEMP" value="282"/><imc name="BINOP" value="ADD"><imc name="TEMP" value="277"/><imc name="TEMP" value="281"/></imc></imc></stmt><stmt><imc name="MOVE"><imc name="MEM"><imc name="BINOP" value="ADD"><imc name="TEMP" value="12"/><imc name="CONST" value="-8"/></imc></imc><imc name="TEMP" value="282"/></imc></stmt><stmt><imc name="MOVE"><imc name="TEMP" value="283"/><imc name="TEMP" value="12"/></imc></stmt><stmt><imc name="MOVE"><imc name="TEMP" value="284"/><imc name="CONST" value="-16"/></imc></stmt><stmt><imc name="MOVE"><imc name="TEMP" value="285"/><imc name="BINOP" value="ADD"><imc name="TEMP" value="283"/><imc name="TEMP" value="284"/></imc></imc></stmt><stmt><imc name="MOVE"><imc name="TEMP" value="286"/><imc name="MEM"><imc name="TEMP" value="285"/></imc></imc></stmt><stmt><imc name="MOVE"><imc name="MEM"><imc name="BINOP" value="ADD"><imc name="TEMP" value="12"/><imc name="CONST" value="-24"/></imc></imc><imc name="TEMP" value="286"/></imc></stmt><stmt><imc name="MOVE"><imc name="TEMP" value="287"/><imc name="TEMP" value="12"/></imc></stmt><stmt><imc name="MOVE"><imc name="TEMP" value="288"/><imc name="CONST" value="-8"/></imc></stmt><stmt><imc name="MOVE"><imc name="TEMP" value="289"/><imc name="BINOP" value="ADD"><imc name="TEMP" value="287"/><imc name="TEMP" value="288"/></imc></imc></stmt><stmt><imc name="MOVE"><imc name="TEMP" value="290"/><imc name="MEM"><imc name="TEMP" value="289"/></imc></imc></stmt><stmt><imc name="MOVE"><imc name="MEM"><imc name="BINOP" value="ADD"><imc name="TEMP" value="12"/><imc name="CONST" value="-16"/></imc></imc><imc name="TEMP" value="290"/></imc></stmt><stmt><imc name="MOVE"><imc name="TEMP" value="291"/><imc name="TEMP" value="12"/></imc></stmt><stmt><imc name="MOVE"><imc name="TEMP" value="292"/><imc name="CONST" value="8"/></imc></stmt><stmt><imc name="MOVE"><imc name="TEMP" value="293"/><imc name="BINOP" value="ADD"><imc name="TEMP" value="291"/><imc name="TEMP" value="292"/></imc></imc></stmt><stmt><imc name="MOVE"><imc name="TEMP" value="294"/><imc name="MEM"><imc name="TEMP" value="293"/></imc></imc></stmt><stmt><imc name="MOVE"><imc name="TEMP" value="295"/><imc name="CONST" value="1"/></imc></stmt><stmt><imc name="MOVE"><imc name="TEMP" value="296"/><imc name="BINOP" value="SUB"><imc name="TEMP" value="294"/><imc name="TEMP" value="295"/></imc></imc></stmt><stmt><imc name="MOVE"><imc name="MEM"><imc name="BINOP" value="ADD"><imc name="TEMP" value="12"/><imc name="CONST" value="8"/></imc></imc><imc name="TEMP" value="296"/></imc></stmt><stmt><imc name="JUMP" value="L32"/></stmt><stmt><imc name="LABEL" value="L34"/></stmt><stmt><imc name="MOVE"><imc name="TEMP" value="297"/><imc name="TEMP" value="12"/></imc></stmt><stmt><imc name="MOVE"><imc name="TEMP" value="298"/><imc name="CONST" value="-8"/></imc></stmt><stmt><imc name="MOVE"><imc name="TEMP" value="299"/><imc name="BINOP" value="ADD"><imc name="TEMP" value="297"/><imc name="TEMP" value="298"/></imc></imc></stmt><stmt><imc name="MOVE"><imc name="TEMP" value="300"/><imc name="MEM"><imc name="TEMP" value="299"/></imc></imc></stmt><stmt><imc name="MOVE"><imc name="TEMP" value="13"/><imc name="TEMP" value="300"/></imc></stmt><stmt><imc name="JUMP" value="L119"/></stmt></codechunk><codechunk entrylabel="L121" exitlabel="L122"><frame FP="T14" RV="T15" argssize="16" depth="1" label="_fibRec" locssize="8" size="40"/><stmt><imc name="LABEL" value="L121"/></stmt><stmt><imc name="MOVE"><imc name="TEMP" value="301"/><imc name="TEMP" value="14"/></imc></stmt><stmt><imc name="MOVE"><imc name="TEMP" value="302"/><imc name="CONST" value="8"/></imc></stmt><stmt><imc name="MOVE"><imc name="TEMP" value="303"/><imc name="BINOP" value="ADD"><imc name="TEMP" value="301"/><imc name="TEMP" value="302"/></imc></imc></stmt><stmt><imc name="MOVE"><imc name="TEMP" value="304"/><imc name="MEM"><imc name="TEMP" value="303"/></imc></imc></stmt><stmt><imc name="MOVE"><imc name="TEMP" value="305"/><imc name="CONST" value="2"/></imc></stmt><stmt><imc name="MOVE"><imc name="TEMP" value="306"/><imc name="BINOP" value="LEQ"><imc name="TEMP" value="304"/><imc name="TEMP" value="305"/></imc></imc></stmt><stmt><imc name="CJUMP" value="L35:L120"><imc name="TEMP" value="306"/></imc></stmt><stmt><imc name="LABEL" value="L120"/></stmt><stmt><imc name="JUMP" value="L36"/></stmt><stmt><imc name="LABEL" value="L35"/></stmt><stmt><imc name="MOVE"><imc name="TEMP" value="307"/><imc name="CONST" value="1"/></imc></stmt><stmt><imc name="MOVE"><imc name="MEM"><imc name="BINOP" value="ADD"><imc name="TEMP" value="14"/><imc name="CONST" value="-8"/></imc></imc><imc name="TEMP" value="307"/></imc></stmt><stmt><imc name="JUMP" value="L37"/></stmt><stmt><imc name="LABEL" value="L36"/></stmt><stmt><imc name="MOVE"><imc name="TEMP" value="308"/><imc name="CONST" value="0"/></imc></stmt><stmt><imc name="MOVE"><imc name="TEMP" value="309"/><imc name="TEMP" value="14"/></imc></stmt><stmt><imc name="MOVE"><imc name="TEMP" value="310"/><imc name="CONST" value="8"/></imc></stmt><stmt><imc name="MOVE"><imc name="TEMP" value="311"/><imc name="BINOP" value="ADD"><imc name="TEMP" value="309"/><imc name="TEMP" value="310"/></imc></imc></stmt><stmt><imc name="MOVE"><imc name="TEMP" value="312"/><imc name="MEM"><imc name="TEMP" value="311"/></imc></imc></stmt><stmt><imc name="MOVE"><imc name="TEMP" value="313"/><imc name="CONST" value="1"/></imc></stmt><stmt><imc name="MOVE"><imc name="TEMP" value="314"/><imc name="BINOP" value="SUB"><imc name="TEMP" value="312"/><imc name="TEMP" value="313"/></imc></imc></stmt><stmt><imc name="MOVE"><imc name="TEMP" value="315"/><imc name="CALL" value="_fibRec"><imc name="TEMP" value="308"/><imc name="TEMP" value="314"/></imc></imc></stmt><stmt><imc name="MOVE"><imc name="TEMP" value="316"/><imc name="CONST" value="0"/></imc></stmt><stmt><imc name="MOVE"><imc name="TEMP" value="317"/><imc name="TEMP" value="14"/></imc></stmt><stmt><imc name="MOVE"><imc name="TEMP" value="318"/><imc name="CONST" value="8"/></imc></stmt><stmt><imc name="MOVE"><imc name="TEMP" value="319"/><imc name="BINOP" value="ADD"><imc name="TEMP" value="317"/><imc name="TEMP" value="318"/></imc></imc></stmt><stmt><imc name="MOVE"><imc name="TEMP" value="320"/><imc name="MEM"><imc name="TEMP" value="319"/></imc></imc></stmt><stmt><imc name="MOVE"><imc name="TEMP" value="321"/><imc name="CONST" value="2"/></imc></stmt><stmt><imc name="MOVE"><imc name="TEMP" value="322"/><imc name="BINOP" value="SUB"><imc name="TEMP" value="320"/><imc name="TEMP" value="321"/></imc></imc></stmt><stmt><imc name="MOVE"><imc name="TEMP" value="323"/><imc name="CALL" value="_fibRec"><imc name="TEMP" value="316"/><imc name="TEMP" value="322"/></imc></imc></stmt><stmt><imc name="MOVE"><imc name="TEMP" value="324"/><imc name="BINOP" value="ADD"><imc name="TEMP" value="315"/><imc name="TEMP" value="323"/></imc></imc></stmt><stmt><imc name="MOVE"><imc name="MEM"><imc name="BINOP" value="ADD"><imc name="TEMP" value="14"/><imc name="CONST" value="-8"/></imc></imc><imc name="TEMP" value="324"/></imc></stmt><stmt><imc name="LABEL" value="L37"/></stmt><stmt><imc name="MOVE"><imc name="TEMP" value="325"/><imc name="TEMP" value="14"/></imc></stmt><stmt><imc name="MOVE"><imc name="TEMP" value="326"/><imc name="CONST" value="-8"/></imc></stmt><stmt><imc name="MOVE"><imc name="TEMP" value="327"/><imc name="BINOP" value="ADD"><imc name="TEMP" value="325"/><imc name="TEMP" value="326"/></imc></imc></stmt><stmt><imc name="MOVE"><imc name="TEMP" value="328"/><imc name="MEM"><imc name="TEMP" value="327"/></imc></imc></stmt><stmt><imc name="MOVE"><imc name="TEMP" value="15"/><imc name="TEMP" value="328"/></imc></stmt><stmt><imc name="JUMP" value="L122"/></stmt></codechunk><codechunk entrylabel="L126" exitlabel="L127"><frame FP="T18" RV="T19" argssize="16" depth="2" label="L0" locssize="8" size="40"/><stmt><imc name="LABEL" value="L126"/></stmt><stmt><imc name="MOVE"><imc name="TEMP" value="329"/><imc name="TEMP" value="18"/></imc></stmt><stmt><imc name="MOVE"><imc name="TEMP" value="330"/><imc name="CONST" value="8"/></imc></stmt><stmt><imc name="MOVE"><imc name="TEMP" value="331"/><imc name="BINOP" value="ADD"><imc name="TEMP" value="329"/><imc name="TEMP" value="330"/></imc></imc></stmt><stmt><imc name="MOVE"><imc name="TEMP" value="332"/><imc name="MEM"><imc name="TEMP" value="331"/></imc></imc></stmt><stmt><imc name="MOVE"><imc name="TEMP" value="333"/><imc name="TEMP" value="18"/></imc></stmt><stmt><imc name="MOVE"><imc name="TEMP" value="334"/><imc name="MEM"><imc name="TEMP" value="333"/></imc></imc></stmt><stmt><imc name="MOVE"><imc name="TEMP" value="335"/><imc name="CONST" value="8"/></imc></stmt><stmt><imc name="MOVE"><imc name="TEMP" value="336"/><imc name="BINOP" value="ADD"><imc name="TEMP" value="334"/><imc name="TEMP" value="335"/></imc></imc></stmt><stmt><imc name="MOVE"><imc name="TEMP" value="337"/><imc name="MEM"><imc name="TEMP" value="336"/></imc></imc></stmt><stmt><imc name="MOVE"><imc name="TEMP" value="338"/><imc name="BINOP" value="EQU"><imc name="TEMP" value="332"/><imc name="TEMP" value="337"/></imc></imc></stmt><stmt><imc name="CJUMP" value="L44:L123"><imc name="TEMP" value="338"/></imc></stmt><stmt><imc name="LABEL" value="L123"/></stmt><stmt><imc name="JUMP" value="L45"/></stmt><stmt><imc name="LABEL" value="L44"/></stmt><stmt><imc name="MOVE"><imc name="TEMP" value="339"/><imc name="CONST" value="0"/></imc></stmt><stmt><imc name="MOVE"><imc name="MEM"><imc name="BINOP" value="ADD"><imc name="TEMP" value="18"/><imc name="CONST" value="-8"/></imc></imc><imc name="TEMP" value="339"/></imc></stmt><stmt><imc name="LABEL" value="L38"/></stmt><stmt><imc name="MOVE"><imc name="TEMP" value="340"/><imc name="TEMP" value="18"/></imc></stmt><stmt><imc name="MOVE"><imc name="TEMP" value="341"/><imc name="CONST" value="-8"/></imc></stmt><stmt><imc name="MOVE"><imc name="TEMP" value="342"/><imc name="BINOP" value="ADD"><imc name="TEMP" value="340"/><imc name="TEMP" value="341"/></imc></imc></stmt><stmt><imc name="MOVE"><imc name="TEMP" value="343"/><imc name="MEM"><imc name="TEMP" value="342"/></imc></imc></stmt><stmt><imc name="MOVE"><imc name="TEMP" value="344"/><imc name="TEMP" value="18"/></imc></stmt><stmt><imc name="MOVE"><imc name="TEMP" value="345"/><imc name="MEM"><imc name="TEMP" value="344"/></imc></imc></stmt><stmt><imc name="MOVE"><imc name="TEMP" value="346"/><imc name="CONST" value="8"/></imc></stmt><stmt><imc name="MOVE"><imc name="TEMP" value="347"/><imc name="BINOP" value="ADD"><imc name="TEMP" value="345"/><imc name="TEMP" value="346"/></imc></imc></stmt><stmt><imc name="MOVE"><imc name="TEMP" value="348"/><imc name="MEM"><imc name="TEMP" value="347"/></imc></imc></stmt><stmt><imc name="MOVE"><imc name="TEMP" value="349"/><imc name="BINOP" value="LTH"><imc name="TEMP" value="343"/><imc name="TEMP" value="348"/></imc></imc></stmt><stmt><imc name="CJUMP" value="L39:L124"><imc name="TEMP" value="349"/></imc></stmt><stmt><imc name="LABEL" value="L124"/></stmt><stmt><imc name="JUMP" value="L40"/></stmt><stmt><imc name="LABEL" value="L39"/></stmt><stmt><imc name="MOVE"><imc name="TEMP" value="350"/><imc name="CONST" value="0"/></imc></stmt><stmt><imc name="MOVE"><imc name="TEMP" value="351"/><imc name="TEMP" value="18"/></imc></stmt><stmt><imc name="MOVE"><imc name="TEMP" value="352"/><imc name="MEM"><imc name="TEMP" value="351"/></imc></imc></stmt><stmt><imc name="MOVE"><imc name="TEMP" value="353"/><imc name="CONST" value="-800"/></imc></stmt><stmt><imc name="MOVE"><imc name="TEMP" value="354"/><imc name="BINOP" value="ADD"><imc name="TEMP" value="352"/><imc name="TEMP" value="353"/></imc></imc></stmt><stmt><imc name="MOVE"><imc name="TEMP" value="355"/><imc name="TEMP" value="18"/></imc></stmt><stmt><imc name="MOVE"><imc name="TEMP" value="356"/><imc name="CONST" value="-8"/></imc></stmt><stmt><imc name="MOVE"><imc name="TEMP" value="357"/><imc name="BINOP" value="ADD"><imc name="TEMP" value="355"/><imc name="TEMP" value="356"/></imc></imc></stmt><stmt><imc name="MOVE"><imc name="TEMP" value="358"/><imc name="MEM"><imc name="TEMP" value="357"/></imc></imc></stmt><stmt><imc name="MOVE"><imc name="TEMP" value="359"/><imc name="CONST" value="8"/></imc></stmt><stmt><imc name="MOVE"><imc name="TEMP" value="360"/><imc name="BINOP" value="MUL"><imc name="TEMP" value="358"/><imc name="TEMP" value="359"/></imc></imc></stmt><stmt><imc name="MOVE"><imc name="TEMP" value="361"/><imc name="BINOP" value="ADD"><imc name="TEMP" value="354"/><imc name="TEMP" value="360"/></imc></imc></stmt><stmt><imc name="MOVE"><imc name="TEMP" value="362"/><imc name="MEM"><imc name="TEMP" value="361"/></imc></imc></stmt><stmt><imc name="MOVE"><imc name="TEMP" value="363"/><imc name="CALL" value="_putInt"><imc name="TEMP" value="350"/><imc name="TEMP" value="362"/></imc></imc></stmt><stmt><imc name="MOVE"><imc name="TEMP" value="364"/><imc name="CONST" value="0"/></imc></stmt><stmt><imc name="MOVE"><imc name="TEMP" value="365"/><imc name="CONST" value="32"/></imc></stmt><stmt><imc name="MOVE"><imc name="TEMP" value="366"/><imc name="CALL" value="_putChar"><imc name="TEMP" value="364"/><imc name="TEMP" value="365"/></imc></imc></stmt><stmt><imc name="MOVE"><imc name="TEMP" value="367"/><imc name="TEMP" value="18"/></imc></stmt><stmt><imc name="MOVE"><imc name="TEMP" value="368"/><imc name="CONST" value="-8"/></imc></stmt><stmt><imc name="MOVE"><imc name="TEMP" value="369"/><imc name="BINOP" value="ADD"><imc name="TEMP" value="367"/><imc name="TEMP" value="368"/></imc></imc></stmt><stmt><imc name="MOVE"><imc name="TEMP" value="370"/><imc name="MEM"><imc name="TEMP" value="369"/></imc></imc></stmt><stmt><imc name="MOVE"><imc name="TEMP" value="371"/><imc name="CONST" value="1"/></imc></stmt><stmt><imc name="MOVE"><imc name="TEMP" value="372"/><imc name="BINOP" value="ADD"><imc name="TEMP" value="370"/><imc name="TEMP" value="371"/></imc></imc></stmt><stmt><imc name="MOVE"><imc name="MEM"><imc name="BINOP" value="ADD"><imc name="TEMP" value="18"/><imc name="CONST" value="-8"/></imc></imc><imc name="TEMP" value="372"/></imc></stmt><stmt><imc name="JUMP" value="L38"/></stmt><stmt><imc name="LABEL" value="L40"/></stmt><stmt><imc name="MOVE"><imc name="TEMP" value="373"/><imc name="CONST" value="0"/></imc></stmt><stmt><imc name="MOVE"><imc name="TEMP" value="374"/><imc name="CONST" value="10"/></imc></stmt><stmt><imc name="MOVE"><imc name="TEMP" value="375"/><imc name="CONST" value="256"/></imc></stmt><stmt><imc name="MOVE"><imc name="TEMP" value="376"/><imc name="BINOP" value="MOD"><imc name="TEMP" value="374"/><imc name="TEMP" value="375"/></imc></imc></stmt><stmt><imc name="MOVE"><imc name="TEMP" value="377"/><imc name="CALL" value="_putChar"><imc name="TEMP" value="373"/><imc name="TEMP" value="376"/></imc></imc></stmt><stmt><imc name="JUMP" value="L46"/></stmt><stmt><imc name="LABEL" value="L45"/></stmt><stmt><imc name="MOVE"><imc name="TEMP" value="378"/><imc name="CONST" value="1"/></imc></stmt><stmt><imc name="MOVE"><imc name="MEM"><imc name="BINOP" value="ADD"><imc name="TEMP" value="18"/><imc name="CONST" value="-8"/></imc></imc><imc name="TEMP" value="378"/></imc></stmt><stmt><imc name="LABEL" value="L41"/></stmt><stmt><imc name="MOVE"><imc name="TEMP" value="379"/><imc name="TEMP" value="18"/></imc></stmt><stmt><imc name="MOVE"><imc name="TEMP" value="380"/><imc name="CONST" value="-8"/></imc></stmt><stmt><imc name="MOVE"><imc name="TEMP" value="381"/><imc name="BINOP" value="ADD"><imc name="TEMP" value="379"/><imc name="TEMP" value="380"/></imc></imc></stmt><stmt><imc name="MOVE"><imc name="TEMP" value="382"/><imc name="MEM"><imc name="TEMP" value="381"/></imc></imc></stmt><stmt><imc name="MOVE"><imc name="TEMP" value="383"/><imc name="TEMP" value="18"/></imc></stmt><stmt><imc name="MOVE"><imc name="TEMP" value="384"/><imc name="MEM"><imc name="TEMP" value="383"/></imc></imc></stmt><stmt><imc name="MOVE"><imc name="TEMP" value="385"/><imc name="CONST" value="16"/></imc></stmt><stmt><imc name="MOVE"><imc name="TEMP" value="386"/><imc name="BINOP" value="ADD"><imc name="TEMP" value="384"/><imc name="TEMP" value="385"/></imc></imc></stmt><stmt><imc name="MOVE"><imc name="TEMP" value="387"/><imc name="MEM"><imc name="TEMP" value="386"/></imc></imc></stmt><stmt><imc name="MOVE"><imc name="TEMP" value="388"/><imc name="BINOP" value="LEQ"><imc name="TEMP" value="382"/><imc name="TEMP" value="387"/></imc></imc></stmt><stmt><imc name="CJUMP" value="L42:L125"><imc name="TEMP" value="388"/></imc></stmt><stmt><imc name="LABEL" value="L125"/></stmt><stmt><imc name="JUMP" value="L43"/></stmt><stmt><imc name="LABEL" value="L42"/></stmt><stmt><imc name="MOVE"><imc name="TEMP" value="389"/><imc name="TEMP" value="18"/></imc></stmt><stmt><imc name="MOVE"><imc name="TEMP" value="390"/><imc name="CONST" value="-8"/></imc></stmt><stmt><imc name="MOVE"><imc name="TEMP" value="391"/><imc name="BINOP" value="ADD"><imc name="TEMP" value="389"/><imc name="TEMP" value="390"/></imc></imc></stmt><stmt><imc name="MOVE"><imc name="TEMP" value="392"/><imc name="MEM"><imc name="TEMP" value="391"/></imc></imc></stmt><stmt><imc name="MOVE"><imc name="MEM"><imc name="BINOP" value="ADD"><imc name="BINOP" value="ADD"><imc name="MEM"><imc name="TEMP" value="18"/></imc><imc name="CONST" value="-800"/></imc><imc name="BINOP" value="MUL"><imc name="MEM"><imc name="BINOP" value="ADD"><imc name="TEMP" value="18"/><imc name="CONST" value="8"/></imc></imc><imc name="CONST" value="8"/></imc></imc></imc><imc name="TEMP" value="392"/></imc></stmt><stmt><imc name="MOVE"><imc name="TEMP" value="393"/><imc name="TEMP" value="18"/></imc></stmt><stmt><imc name="MOVE"><imc name="TEMP" value="394"/><imc name="CONST" value="-8"/></imc></stmt><stmt><imc name="MOVE"><imc name="TEMP" value="395"/><imc name="BINOP" value="ADD"><imc name="TEMP" value="393"/><imc name="TEMP" value="394"/></imc></imc></stmt><stmt><imc name="MOVE"><imc name="TEMP" value="396"/><imc name="MEM"><imc name="TEMP" value="395"/></imc></imc></stmt><stmt><imc name="MOVE"><imc name="TEMP" value="397"/><imc name="CONST" value="1"/></imc></stmt><stmt><imc name="MOVE"><imc name="TEMP" value="398"/><imc name="BINOP" value="ADD"><imc name="TEMP" value="396"/><imc name="TEMP" value="397"/></imc></imc></stmt><stmt><imc name="MOVE"><imc name="MEM"><imc name="BINOP" value="ADD"><imc name="TEMP" value="18"/><imc name="CONST" value="-8"/></imc></imc><imc name="TEMP" value="398"/></imc></stmt><stmt><imc name="MOVE"><imc name="TEMP" value="399"/><imc name="MEM"><imc name="TEMP" value="18"/></imc></imc></stmt><stmt><imc name="MOVE"><imc name="TEMP" value="400"/><imc name="TEMP" value="18"/></imc></stmt><stmt><imc name="MOVE"><imc name="TEMP" value="401"/><imc name="CONST" value="8"/></imc></stmt><stmt><imc name="MOVE"><imc name="TEMP" value="402"/><imc name="BINOP" value="ADD"><imc name="TEMP" value="400"/><imc name="TEMP" value="401"/></imc></imc></stmt><stmt><imc name="MOVE"><imc name="TEMP" value="403"/><imc name="MEM"><imc name="TEMP" value="402"/></imc></imc></stmt><stmt><imc name="MOVE"><imc name="TEMP" value="404"/><imc name="CONST" value="1"/></imc></stmt><stmt><imc name="MOVE"><imc name="TEMP" value="405"/><imc name="BINOP" value="ADD"><imc name="TEMP" value="403"/><imc name="TEMP" value="404"/></imc></imc></stmt><stmt><imc name="MOVE"><imc name="TEMP" value="406"/><imc name="CALL" value="L0"><imc name="TEMP" value="399"/><imc name="TEMP" value="405"/></imc></imc></stmt><stmt><imc name="JUMP" value="L41"/></stmt><stmt><imc name="LABEL" value="L43"/></stmt><stmt><imc name="LABEL" value="L46"/></stmt><stmt><imc name="MOVE"><imc name="TEMP" value="407"/><imc name="CONST" value="0"/></imc></stmt><stmt><imc name="MOVE"><imc name="TEMP" value="19"/><imc name="TEMP" value="407"/></imc></stmt><stmt><imc name="JUMP" value="L127"/></stmt></codechunk><codechunk entrylabel="L129" exitlabel="L130"><frame FP="T16" RV="T17" argssize="16" depth="1" label="_combs" locssize="808" size="840"/><stmt><imc name="LABEL" value="L129"/></stmt><stmt><imc name="MOVE"><imc name="TEMP" value="408"/><imc name="CONST" value="0"/></imc></stmt><stmt><imc name="MOVE"><imc name="MEM"><imc name="BINOP" value="ADD"><imc name="TEMP" value="16"/><imc name="CONST" value="-808"/></imc></imc><imc name="TEMP" value="408"/></imc></stmt><stmt><imc name="LABEL" value="L47"/></stmt><stmt><imc name="MOVE"><imc name="TEMP" value="409"/><imc name="TEMP" value="16"/></imc></stmt><stmt><imc name="MOVE"><imc name="TEMP" value="410"/><imc name="CONST" value="-808"/></imc></stmt><stmt><imc name="MOVE"><imc name="TEMP" value="411"/><imc name="BINOP" value="ADD"><imc name="TEMP" value="409"/><imc name="TEMP" value="410"/></imc></imc></stmt><stmt><imc name="MOVE"><imc name="TEMP" value="412"/><imc name="MEM"><imc name="TEMP" value="411"/></imc></imc></stmt><stmt><imc name="MOVE"><imc name="TEMP" value="413"/><imc name="CONST" value="100"/></imc></stmt><stmt><imc name="MOVE"><imc name="TEMP" value="414"/><imc name="BINOP" value="LTH"><imc name="TEMP" value="412"/><imc name="TEMP" value="413"/></imc></imc></stmt><stmt><imc name="CJUMP" value="L48:L128"><imc name="TEMP" value="414"/></imc></stmt><stmt><imc name="LABEL" value="L128"/></stmt><stmt><imc name="JUMP" value="L49"/></stmt><stmt><imc name="LABEL" value="L48"/></stmt><stmt><imc name="MOVE"><imc name="TEMP" value="415"/><imc name="CONST" value="0"/></imc></stmt><stmt><imc name="MOVE"><imc name="MEM"><imc name="BINOP" value="ADD"><imc name="BINOP" value="ADD"><imc name="TEMP" value="16"/><imc name="CONST" value="-800"/></imc><imc name="BINOP" value="MUL"><imc name="MEM"><imc name="BINOP" value="ADD"><imc name="TEMP" value="16"/><imc name="CONST" value="-808"/></imc></imc><imc name="CONST" value="8"/></imc></imc></imc><imc name="TEMP" value="415"/></imc></stmt><stmt><imc name="MOVE"><imc name="TEMP" value="416"/><imc name="TEMP" value="16"/></imc></stmt><stmt><imc name="MOVE"><imc name="TEMP" value="417"/><imc name="CONST" value="-808"/></imc></stmt><stmt><imc name="MOVE"><imc name="TEMP" value="418"/><imc name="BINOP" value="ADD"><imc name="TEMP" value="416"/><imc name="TEMP" value="417"/></imc></imc></stmt><stmt><imc name="MOVE"><imc name="TEMP" value="419"/><imc name="MEM"><imc name="TEMP" value="418"/></imc></imc></stmt><stmt><imc name="MOVE"><imc name="TEMP" value="420"/><imc name="CONST" value="1"/></imc></stmt><stmt><imc name="MOVE"><imc name="TEMP" value="421"/><imc name="BINOP" value="ADD"><imc name="TEMP" value="419"/><imc name="TEMP" value="420"/></imc></imc></stmt><stmt><imc name="MOVE"><imc name="MEM"><imc name="BINOP" value="ADD"><imc name="TEMP" value="16"/><imc name="CONST" value="-808"/></imc></imc><imc name="TEMP" value="421"/></imc></stmt><stmt><imc name="JUMP" value="L47"/></stmt><stmt><imc name="LABEL" value="L49"/></stmt><stmt><imc name="MOVE"><imc name="TEMP" value="422"/><imc name="TEMP" value="16"/></imc></stmt><stmt><imc name="MOVE"><imc name="TEMP" value="423"/><imc name="CONST" value="0"/></imc></stmt><stmt><imc name="MOVE"><imc name="TEMP" value="424"/><imc name="CALL" value="L0"><imc name="TEMP" value="422"/><imc name="TEMP" value="423"/></imc></imc></stmt><stmt><imc name="MOVE"><imc name="TEMP" value="425"/><imc name="CONST" value="0"/></imc></stmt><stmt><imc name="MOVE"><imc name="TEMP" value="17"/><imc name="TEMP" value="425"/></imc></stmt><stmt><imc name="JUMP" value="L130"/></stmt></codechunk><codechunk entrylabel="L135" exitlabel="L136"><frame FP="T22" RV="T23" argssize="0" depth="2" label="L1" locssize="96" size="112"/><stmt><imc name="LABEL" value="L135"/></stmt><stmt><imc name="MOVE"><imc name="TEMP" value="426"/><imc name="CONST" value="1"/></imc></stmt><stmt><imc name="MOVE"><imc name="MEM"><imc name="BINOP" value="ADD"><imc name="TEMP" value="22"/><imc name="CONST" value="-96"/></imc></imc><imc name="TEMP" value="426"/></imc></stmt><stmt><imc name="MOVE"><imc name="TEMP" value="427"/><imc name="CONST" value="1"/></imc></stmt><stmt><imc name="MOVE"><imc name="MEM"><imc name="BINOP" value="ADD"><imc name="TEMP" value="22"/><imc name="CONST" value="-88"/></imc></imc><imc name="TEMP" value="427"/></imc></stmt><stmt><imc name="LABEL" value="L50"/></stmt><stmt><imc name="MOVE"><imc name="TEMP" value="428"/><imc name="TEMP" value="22"/></imc></stmt><stmt><imc name="MOVE"><imc name="TEMP" value="429"/><imc name="CONST" value="-88"/></imc></stmt><stmt><imc name="MOVE"><imc name="TEMP" value="430"/><imc name="BINOP" value="ADD"><imc name="TEMP" value="428"/><imc name="TEMP" value="429"/></imc></imc></stmt><stmt><imc name="MOVE"><imc name="TEMP" value="431"/><imc name="MEM"><imc name="TEMP" value="430"/></imc></imc></stmt><stmt><imc name="MOVE"><imc name="TEMP" value="432"/><imc name="CONST" value="9"/></imc></stmt><stmt><imc name="MOVE"><imc name="TEMP" value="433"/><imc name="BINOP" value="LEQ"><imc name="TEMP" value="431"/><imc name="TEMP" value="432"/></imc></imc></stmt><stmt><imc name="CJUMP" value="L51:L131"><imc name="TEMP" value="433"/></imc></stmt><stmt><imc name="LABEL" value="L131"/></stmt><stmt><imc name="JUMP" value="L52"/></stmt><stmt><imc name="LABEL" value="L51"/></stmt><stmt><imc name="MOVE"><imc name="TEMP" value="434"/><imc name="CONST" value="0"/></imc></stmt><stmt><imc name="MOVE"><imc name="MEM"><imc name="BINOP" value="ADD"><imc name="BINOP" value="ADD"><imc name="TEMP" value="22"/><imc name="CONST" value="-80"/></imc><imc name="BINOP" value="MUL"><imc name="MEM"><imc name="BINOP" value="ADD"><imc name="TEMP" value="22"/><imc name="CONST" value="-88"/></imc></imc><imc name="CONST" value="8"/></imc></imc></imc><imc name="TEMP" value="434"/></imc></stmt><stmt><imc name="MOVE"><imc name="TEMP" value="435"/><imc name="TEMP" value="22"/></imc></stmt><stmt><imc name="MOVE"><imc name="TEMP" value="436"/><imc name="CONST" value="-88"/></imc></stmt><stmt><imc name="MOVE"><imc name="TEMP" value="437"/><imc name="BINOP" value="ADD"><imc name="TEMP" value="435"/><imc name="TEMP" value="436"/></imc></imc></stmt><stmt><imc name="MOVE"><imc name="TEMP" value="438"/><imc name="MEM"><imc name="TEMP" value="437"/></imc></imc></stmt><stmt><imc name="MOVE"><imc name="TEMP" value="439"/><imc name="CONST" value="1"/></imc></stmt><stmt><imc name="MOVE"><imc name="TEMP" value="440"/><imc name="BINOP" value="ADD"><imc name="TEMP" value="438"/><imc name="TEMP" value="439"/></imc></imc></stmt><stmt><imc name="MOVE"><imc name="MEM"><imc name="BINOP" value="ADD"><imc name="TEMP" value="22"/><imc name="CONST" value="-88"/></imc></imc><imc name="TEMP" value="440"/></imc></stmt><stmt><imc name="JUMP" value="L50"/></stmt><stmt><imc name="LABEL" value="L52"/></stmt><stmt><imc name="MOVE"><imc name="TEMP" value="441"/><imc name="CONST" value="0"/></imc></stmt><stmt><imc name="MOVE"><imc name="MEM"><imc name="BINOP" value="ADD"><imc name="TEMP" value="22"/><imc name="CONST" value="-88"/></imc></imc><imc name="TEMP" value="441"/></imc></stmt><stmt><imc name="LABEL" value="L58"/></stmt><stmt><imc name="MOVE"><imc name="TEMP" value="442"/><imc name="TEMP" value="22"/></imc></stmt><stmt><imc name="MOVE"><imc name="TEMP" value="443"/><imc name="CONST" value="-88"/></imc></stmt><stmt><imc name="MOVE"><imc name="TEMP" value="444"/><imc name="BINOP" value="ADD"><imc name="TEMP" value="442"/><imc name="TEMP" value="443"/></imc></imc></stmt><stmt><imc name="MOVE"><imc name="TEMP" value="445"/><imc name="MEM"><imc name="TEMP" value="444"/></imc></imc></stmt><stmt><imc name="MOVE"><imc name="TEMP" value="446"/><imc name="CONST" value="9"/></imc></stmt><stmt><imc name="MOVE"><imc name="TEMP" value="447"/><imc name="BINOP" value="LTH"><imc name="TEMP" value="445"/><imc name="TEMP" value="446"/></imc></imc></stmt><stmt><imc name="CJUMP" value="L59:L132"><imc name="TEMP" value="447"/></imc></stmt><stmt><imc name="LABEL" value="L132"/></stmt><stmt><imc name="JUMP" value="L60"/></stmt><stmt><imc name="LABEL" value="L59"/></stmt><stmt><imc name="MOVE"><imc name="TEMP" value="448"/><imc name="TEMP" value="22"/></imc></stmt><stmt><imc name="MOVE"><imc name="TEMP" value="449"/><imc name="MEM"><imc name="TEMP" value="448"/></imc></imc></stmt><stmt><imc name="MOVE"><imc name="TEMP" value="450"/><imc name="CONST" value="8"/></imc></stmt><stmt><imc name="MOVE"><imc name="TEMP" value="451"/><imc name="BINOP" value="ADD"><imc name="TEMP" value="449"/><imc name="TEMP" value="450"/></imc></imc></stmt><stmt><imc name="MOVE"><imc name="TEMP" value="452"/><imc name="MEM"><imc name="TEMP" value="451"/></imc></imc></stmt><stmt><imc name="MOVE"><imc name="TEMP" value="453"/><imc name="TEMP" value="22"/></imc></stmt><stmt><imc name="MOVE"><imc name="TEMP" value="454"/><imc name="CONST" value="8"/></imc></stmt><stmt><imc name="MOVE"><imc name="TEMP" value="455"/><imc name="BINOP" value="ADD"><imc name="TEMP" value="453"/><imc name="TEMP" value="454"/></imc></imc></stmt><stmt><imc name="MOVE"><imc name="TEMP" value="456"/><imc name="MEM"><imc name="TEMP" value="455"/></imc></imc></stmt><stmt><imc name="MOVE"><imc name="TEMP" value="457"/><imc name="CONST" value="72"/></imc></stmt><stmt><imc name="MOVE"><imc name="TEMP" value="458"/><imc name="BINOP" value="MUL"><imc name="TEMP" value="456"/><imc name="TEMP" value="457"/></imc></imc></stmt><stmt><imc name="MOVE"><imc name="TEMP" value="459"/><imc name="BINOP" value="ADD"><imc name="TEMP" value="452"/><imc name="TEMP" value="458"/></imc></imc></stmt><stmt><imc name="MOVE"><imc name="TEMP" value="460"/><imc name="TEMP" value="22"/></imc></stmt><stmt><imc name="MOVE"><imc name="TEMP" value="461"/><imc name="CONST" value="-88"/></imc></stmt><stmt><imc name="MOVE"><imc name="TEMP" value="462"/><imc name="BINOP" value="ADD"><imc name="TEMP" value="460"/><imc name="TEMP" value="461"/></imc></imc></stmt><stmt><imc name="MOVE"><imc name="TEMP" value="463"/><imc name="MEM"><imc name="TEMP" value="462"/></imc></imc></stmt><stmt><imc name="MOVE"><imc name="TEMP" value="464"/><imc name="CONST" value="8"/></imc></stmt><stmt><imc name="MOVE"><imc name="TEMP" value="465"/><imc name="BINOP" value="MUL"><imc name="TEMP" value="463"/><imc name="TEMP" value="464"/></imc></imc></stmt><stmt><imc name="MOVE"><imc name="TEMP" value="466"/><imc name="BINOP" value="ADD"><imc name="TEMP" value="459"/><imc name="TEMP" value="465"/></imc></imc></stmt><stmt><imc name="MOVE"><imc name="TEMP" value="467"/><imc name="MEM"><imc name="TEMP" value="466"/></imc></imc></stmt><stmt><imc name="MOVE"><imc name="TEMP" value="468"/><imc name="CONST" value="0"/></imc></stmt><stmt><imc name="MOVE"><imc name="TEMP" value="469"/><imc name="BINOP" value="NEQ"><imc name="TEMP" value="467"/><imc name="TEMP" value="468"/></imc></imc></stmt><stmt><imc name="CJUMP" value="L56:L133"><imc name="TEMP" value="469"/></imc></stmt><stmt><imc name="LABEL" value="L133"/></stmt><stmt><imc name="JUMP" value="L57"/></stmt><stmt><imc name="LABEL" value="L56"/></stmt><stmt><imc name="MOVE"><imc name="TEMP" value="470"/><imc name="TEMP" value="22"/></imc></stmt><stmt><imc name="MOVE"><imc name="TEMP" value="471"/><imc name="CONST" value="-80"/></imc></stmt><stmt><imc name="MOVE"><imc name="TEMP" value="472"/><imc name="BINOP" value="ADD"><imc name="TEMP" value="470"/><imc name="TEMP" value="471"/></imc></imc></stmt><stmt><imc name="MOVE"><imc name="TEMP" value="473"/><imc name="TEMP" value="22"/></imc></stmt><stmt><imc name="MOVE"><imc name="TEMP" value="474"/><imc name="MEM"><imc name="TEMP" value="473"/></imc></imc></stmt><stmt><imc name="MOVE"><imc name="TEMP" value="475"/><imc name="CONST" value="8"/></imc></stmt><stmt><imc name="MOVE"><imc name="TEMP" value="476"/><imc name="BINOP" value="ADD"><imc name="TEMP" value="474"/><imc name="TEMP" value="475"/></imc></imc></stmt><stmt><imc name="MOVE"><imc name="TEMP" value="477"/><imc name="MEM"><imc name="TEMP" value="476"/></imc></imc></stmt><stmt><imc name="MOVE"><imc name="TEMP" value="478"/><imc name="TEMP" value="22"/></imc></stmt><stmt><imc name="MOVE"><imc name="TEMP" value="479"/><imc name="CONST" value="8"/></imc></stmt><stmt><imc name="MOVE"><imc name="TEMP" value="480"/><imc name="BINOP" value="ADD"><imc name="TEMP" value="478"/><imc name="TEMP" value="479"/></imc></imc></stmt><stmt><imc name="MOVE"><imc name="TEMP" value="481"/><imc name="MEM"><imc name="TEMP" value="480"/></imc></imc></stmt><stmt><imc name="MOVE"><imc name="TEMP" value="482"/><imc name="CONST" value="72"/></imc></stmt><stmt><imc name="MOVE"><imc name="TEMP" value="483"/><imc name="BINOP" value="MUL"><imc name="TEMP" value="481"/><imc name="TEMP" value="482"/></imc></imc></stmt><stmt><imc name="MOVE"><imc name="TEMP" value="484"/><imc name="BINOP" value="ADD"><imc name="TEMP" value="477"/><imc name="TEMP" value="483"/></imc></imc></stmt><stmt><imc name="MOVE"><imc name="TEMP" value="485"/><imc name="TEMP" value="22"/></imc></stmt><stmt><imc name="MOVE"><imc name="TEMP" value="486"/><imc name="CONST" value="-88"/></imc></stmt><stmt><imc name="MOVE"><imc name="TEMP" value="487"/><imc name="BINOP" value="ADD"><imc name="TEMP" value="485"/><imc name="TEMP" value="486"/></imc></imc></stmt><stmt><imc name="MOVE"><imc name="TEMP" value="488"/><imc name="MEM"><imc name="TEMP" value="487"/></imc></imc></stmt><stmt><imc name="MOVE"><imc name="TEMP" value="489"/><imc name="CONST" value="8"/></imc></stmt><stmt><imc name="MOVE"><imc name="TEMP" value="490"/><imc name="BINOP" value="MUL"><imc name="TEMP" value="488"/><imc name="TEMP" value="489"/></imc></imc></stmt><stmt><imc name="MOVE"><imc name="TEMP" value="491"/><imc name="BINOP" value="ADD"><imc name="TEMP" value="484"/><imc name="TEMP" value="490"/></imc></imc></stmt><stmt><imc name="MOVE"><imc name="TEMP" value="492"/><imc name="MEM"><imc name="TEMP" value="491"/></imc></imc></stmt><stmt><imc name="MOVE"><imc name="TEMP" value="493"/><imc name="CONST" value="8"/></imc></stmt><stmt><imc name="MOVE"><imc name="TEMP" value="494"/><imc name="BINOP" value="MUL"><imc name="TEMP" value="492"/><imc name="TEMP" value="493"/></imc></imc></stmt><stmt><imc name="MOVE"><imc name="TEMP" value="495"/><imc name="BINOP" value="ADD"><imc name="TEMP" value="472"/><imc name="TEMP" value="494"/></imc></imc></stmt><stmt><imc name="MOVE"><imc name="TEMP" value="496"/><imc name="MEM"><imc name="TEMP" value="495"/></imc></imc></stmt><stmt><imc name="CJUMP" value="L53:L134"><imc name="TEMP" value="496"/></imc></stmt><stmt><imc name="LABEL" value="L134"/></stmt><stmt><imc name="JUMP" value="L54"/></stmt><stmt><imc name="LABEL" value="L53"/></stmt><stmt><imc name="MOVE"><imc name="TEMP" value="497"/><imc name="CONST" value="0"/></imc></stmt><stmt><imc name="MOVE"><imc name="MEM"><imc name="BINOP" value="ADD"><imc name="TEMP" value="22"/><imc name="CONST" value="-96"/></imc></imc><imc name="TEMP" value="497"/></imc></stmt><stmt><imc name="JUMP" value="L55"/></stmt><stmt><imc name="LABEL" value="L54"/></stmt><stmt><imc name="MOVE"><imc name="TEMP" value="498"/><imc name="CONST" value="1"/></imc></stmt><stmt><imc name="MOVE"><imc name="MEM"><imc name="BINOP" value="ADD"><imc name="BINOP" value="ADD"><imc name="TEMP" value="22"/><imc name="CONST" value="-80"/></imc><imc name="BINOP" value="MUL"><imc name="MEM"><imc name="BINOP" value="ADD"><imc name="BINOP" value="ADD"><imc name="MEM"><imc name="BINOP" value="ADD"><imc name="MEM"><imc name="TEMP" value="22"/></imc><imc name="CONST" value="8"/></imc></imc><imc name="BINOP" value="MUL"><imc name="MEM"><imc name="BINOP" value="ADD"><imc name="TEMP" value="22"/><imc name="CONST" value="8"/></imc></imc><imc name="CONST" value="72"/></imc></imc><imc name="BINOP" value="MUL"><imc name="MEM"><imc name="BINOP" value="ADD"><imc name="TEMP" value="22"/><imc name="CONST" value="-88"/></imc></imc><imc name="CONST" value="8"/></imc></imc></imc><imc name="CONST" value="8"/></imc></imc></imc><imc name="TEMP" value="498"/></imc></stmt><stmt><imc name="LABEL" value="L55"/></stmt><stmt><imc name="LABEL" value="L57"/></stmt><stmt><imc name="MOVE"><imc name="TEMP" value="499"/><imc name="TEMP" value="22"/></imc></stmt><stmt><imc name="MOVE"><imc name="TEMP" value="500"/><imc name="CONST" value="-88"/></imc></stmt><stmt><imc name="MOVE"><imc name="TEMP" value="501"/><imc name="BINOP" value="ADD"><imc name="TEMP" value="499"/><imc name="TEMP" value="500"/></imc></imc></stmt><stmt><imc name="MOVE"><imc name="TEMP" value="502"/><imc name="MEM"><imc name="TEMP" value="501"/></imc></imc></stmt><stmt><imc name="MOVE"><imc name="TEMP" value="503"/><imc name="CONST" value="1"/></imc></stmt><stmt><imc name="MOVE"><imc name="TEMP" value="504"/><imc name="BINOP" value="ADD"><imc name="TEMP" value="502"/><imc name="TEMP" value="503"/></imc></imc></stmt><stmt><imc name="MOVE"><imc name="MEM"><imc name="BINOP" value="ADD"><imc name="TEMP" value="22"/><imc name="CONST" value="-88"/></imc></imc><imc name="TEMP" value="504"/></imc></stmt><stmt><imc name="JUMP" value="L58"/></stmt><stmt><imc name="LABEL" value="L60"/></stmt><stmt><imc name="MOVE"><imc name="TEMP" value="505"/><imc name="TEMP" value="22"/></imc></stmt><stmt><imc name="MOVE"><imc name="TEMP" value="506"/><imc name="CONST" value="-96"/></imc></stmt><stmt><imc name="MOVE"><imc name="TEMP" value="507"/><imc name="BINOP" value="ADD"><imc name="TEMP" value="505"/><imc name="TEMP" value="506"/></imc></imc></stmt><stmt><imc name="MOVE"><imc name="TEMP" value="508"/><imc name="MEM"><imc name="TEMP" value="507"/></imc></imc></stmt><stmt><imc name="MOVE"><imc name="TEMP" value="23"/><imc name="TEMP" value="508"/></imc></stmt><stmt><imc name="JUMP" value="L136"/></stmt></codechunk><codechunk entrylabel="L141" exitlabel="L142"><frame FP="T24" RV="T25" argssize="0" depth="2" label="L2" locssize="96" size="112"/><stmt><imc name="LABEL" value="L141"/></stmt><stmt><imc name="MOVE"><imc name="TEMP" value="509"/><imc name="CONST" value="1"/></imc></stmt><stmt><imc name="MOVE"><imc name="MEM"><imc name="BINOP" value="ADD"><imc name="TEMP" value="24"/><imc name="CONST" value="-96"/></imc></imc><imc name="TEMP" value="509"/></imc></stmt><stmt><imc name="MOVE"><imc name="TEMP" value="510"/><imc name="CONST" value="1"/></imc></stmt><stmt><imc name="MOVE"><imc name="MEM"><imc name="BINOP" value="ADD"><imc name="TEMP" value="24"/><imc name="CONST" value="-88"/></imc></imc><imc name="TEMP" value="510"/></imc></stmt><stmt><imc name="LABEL" value="L61"/></stmt><stmt><imc name="MOVE"><imc name="TEMP" value="511"/><imc name="TEMP" value="24"/></imc></stmt><stmt><imc name="MOVE"><imc name="TEMP" value="512"/><imc name="CONST" value="-88"/></imc></stmt><stmt><imc name="MOVE"><imc name="TEMP" value="513"/><imc name="BINOP" value="ADD"><imc name="TEMP" value="511"/><imc name="TEMP" value="512"/></imc></imc></stmt><stmt><imc name="MOVE"><imc name="TEMP" value="514"/><imc name="MEM"><imc name="TEMP" value="513"/></imc></imc></stmt><stmt><imc name="MOVE"><imc name="TEMP" value="515"/><imc name="CONST" value="9"/></imc></stmt><stmt><imc name="MOVE"><imc name="TEMP" value="516"/><imc name="BINOP" value="LEQ"><imc name="TEMP" value="514"/><imc name="TEMP" value="515"/></imc></imc></stmt><stmt><imc name="CJUMP" value="L62:L137"><imc name="TEMP" value="516"/></imc></stmt><stmt><imc name="LABEL" value="L137"/></stmt><stmt><imc name="JUMP" value="L63"/></stmt><stmt><imc name="LABEL" value="L62"/></stmt><stmt><imc name="MOVE"><imc name="TEMP" value="517"/><imc name="CONST" value="0"/></imc></stmt><stmt><imc name="MOVE"><imc name="MEM"><imc name="BINOP" value="ADD"><imc name="BINOP" value="ADD"><imc name="TEMP" value="24"/><imc name="CONST" value="-80"/></imc><imc name="BINOP" value="MUL"><imc name="MEM"><imc name="BINOP" value="ADD"><imc name="TEMP" value="24"/><imc name="CONST" value="-88"/></imc></imc><imc name="CONST" value="8"/></imc></imc></imc><imc name="TEMP" value="517"/></imc></stmt><stmt><imc name="MOVE"><imc name="TEMP" value="518"/><imc name="TEMP" value="24"/></imc></stmt><stmt><imc name="MOVE"><imc name="TEMP" value="519"/><imc name="CONST" value="-88"/></imc></stmt><stmt><imc name="MOVE"><imc name="TEMP" value="520"/><imc name="BINOP" value="ADD"><imc name="TEMP" value="518"/><imc name="TEMP" value="519"/></imc></imc></stmt><stmt><imc name="MOVE"><imc name="TEMP" value="521"/><imc name="MEM"><imc name="TEMP" value="520"/></imc></imc></stmt><stmt><imc name="MOVE"><imc name="TEMP" value="522"/><imc name="CONST" value="1"/></imc></stmt><stmt><imc name="MOVE"><imc name="TEMP" value="523"/><imc name="BINOP" value="ADD"><imc name="TEMP" value="521"/><imc name="TEMP" value="522"/></imc></imc></stmt><stmt><imc name="MOVE"><imc name="MEM"><imc name="BINOP" value="ADD"><imc name="TEMP" value="24"/><imc name="CONST" value="-88"/></imc></imc><imc name="TEMP" value="523"/></imc></stmt><stmt><imc name="JUMP" value="L61"/></stmt><stmt><imc name="LABEL" value="L63"/></stmt><stmt><imc name="MOVE"><imc name="TEMP" value="524"/><imc name="CONST" value="0"/></imc></stmt><stmt><imc name="MOVE"><imc name="MEM"><imc name="BINOP" value="ADD"><imc name="TEMP" value="24"/><imc name="CONST" value="-88"/></imc></imc><imc name="TEMP" value="524"/></imc></stmt><stmt><imc name="LABEL" value="L69"/></stmt><stmt><imc name="MOVE"><imc name="TEMP" value="525"/><imc name="TEMP" value="24"/></imc></stmt><stmt><imc name="MOVE"><imc name="TEMP" value="526"/><imc name="CONST" value="-88"/></imc></stmt><stmt><imc name="MOVE"><imc name="TEMP" value="527"/><imc name="BINOP" value="ADD"><imc name="TEMP" value="525"/><imc name="TEMP" value="526"/></imc></imc></stmt><stmt><imc name="MOVE"><imc name="TEMP" value="528"/><imc name="MEM"><imc name="TEMP" value="527"/></imc></imc></stmt><stmt><imc name="MOVE"><imc name="TEMP" value="529"/><imc name="CONST" value="9"/></imc></stmt><stmt><imc name="MOVE"><imc name="TEMP" value="530"/><imc name="BINOP" value="LTH"><imc name="TEMP" value="528"/><imc name="TEMP" value="529"/></imc></imc></stmt><stmt><imc name="CJUMP" value="L70:L138"><imc name="TEMP" value="530"/></imc></stmt><stmt><imc name="LABEL" value="L138"/></stmt><stmt><imc name="JUMP" value="L71"/></stmt><stmt><imc name="LABEL" value="L70"/></stmt><stmt><imc name="MOVE"><imc name="TEMP" value="531"/><imc name="TEMP" value="24"/></imc></stmt><stmt><imc name="MOVE"><imc name="TEMP" value="532"/><imc name="MEM"><imc name="TEMP" value="531"/></imc></imc></stmt><stmt><imc name="MOVE"><imc name="TEMP" value="533"/><imc name="CONST" value="8"/></imc></stmt><stmt><imc name="MOVE"><imc name="TEMP" value="534"/><imc name="BINOP" value="ADD"><imc name="TEMP" value="532"/><imc name="TEMP" value="533"/></imc></imc></stmt><stmt><imc name="MOVE"><imc name="TEMP" value="535"/><imc name="MEM"><imc name="TEMP" value="534"/></imc></imc></stmt><stmt><imc name="MOVE"><imc name="TEMP" value="536"/><imc name="TEMP" value="24"/></imc></stmt><stmt><imc name="MOVE"><imc name="TEMP" value="537"/><imc name="CONST" value="-88"/></imc></stmt><stmt><imc name="MOVE"><imc name="TEMP" value="538"/><imc name="BINOP" value="ADD"><imc name="TEMP" value="536"/><imc name="TEMP" value="537"/></imc></imc></stmt><stmt><imc name="MOVE"><imc name="TEMP" value="539"/><imc name="MEM"><imc name="TEMP" value="538"/></imc></imc></stmt><stmt><imc name="MOVE"><imc name="TEMP" value="540"/><imc name="CONST" value="72"/></imc></stmt><stmt><imc name="MOVE"><imc name="TEMP" value="541"/><imc name="BINOP" value="MUL"><imc name="TEMP" value="539"/><imc name="TEMP" value="540"/></imc></imc></stmt><stmt><imc name="MOVE"><imc name="TEMP" value="542"/><imc name="BINOP" value="ADD"><imc name="TEMP" value="535"/><imc name="TEMP" value="541"/></imc></imc></stmt><stmt><imc name="MOVE"><imc name="TEMP" value="543"/><imc name="TEMP" value="24"/></imc></stmt><stmt><imc name="MOVE"><imc name="TEMP" value="544"/><imc name="CONST" value="8"/></imc></stmt><stmt><imc name="MOVE"><imc name="TEMP" value="545"/><imc name="BINOP" value="ADD"><imc name="TEMP" value="543"/><imc name="TEMP" value="544"/></imc></imc></stmt><stmt><imc name="MOVE"><imc name="TEMP" value="546"/><imc name="MEM"><imc name="TEMP" value="545"/></imc></imc></stmt><stmt><imc name="MOVE"><imc name="TEMP" value="547"/><imc name="CONST" value="8"/></imc></stmt><stmt><imc name="MOVE"><imc name="TEMP" value="548"/><imc name="BINOP" value="MUL"><imc name="TEMP" value="546"/><imc name="TEMP" value="547"/></imc></imc></stmt><stmt><imc name="MOVE"><imc name="TEMP" value="549"/><imc name="BINOP" value="ADD"><imc name="TEMP" value="542"/><imc name="TEMP" value="548"/></imc></imc></stmt><stmt><imc name="MOVE"><imc name="TEMP" value="550"/><imc name="MEM"><imc name="TEMP" value="549"/></imc></imc></stmt><stmt><imc name="MOVE"><imc name="TEMP" value="551"/><imc name="CONST" value="0"/></imc></stmt><stmt><imc name="MOVE"><imc name="TEMP" value="552"/><imc name="BINOP" value="NEQ"><imc name="TEMP" value="550"/><imc name="TEMP" value="551"/></imc></imc></stmt><stmt><imc name="CJUMP" value="L67:L139"><imc name="TEMP" value="552"/></imc></stmt><stmt><imc name="LABEL" value="L139"/></stmt><stmt><imc name="JUMP" value="L68"/></stmt><stmt><imc name="LABEL" value="L67"/></stmt><stmt><imc name="MOVE"><imc name="TEMP" value="553"/><imc name="TEMP" value="24"/></imc></stmt><stmt><imc name="MOVE"><imc name="TEMP" value="554"/><imc name="CONST" value="-80"/></imc></stmt><stmt><imc name="MOVE"><imc name="TEMP" value="555"/><imc name="BINOP" value="ADD"><imc name="TEMP" value="553"/><imc name="TEMP" value="554"/></imc></imc></stmt><stmt><imc name="MOVE"><imc name="TEMP" value="556"/><imc name="TEMP" value="24"/></imc></stmt><stmt><imc name="MOVE"><imc name="TEMP" value="557"/><imc name="MEM"><imc name="TEMP" value="556"/></imc></imc></stmt><stmt><imc name="MOVE"><imc name="TEMP" value="558"/><imc name="CONST" value="8"/></imc></stmt><stmt><imc name="MOVE"><imc name="TEMP" value="559"/><imc name="BINOP" value="ADD"><imc name="TEMP" value="557"/><imc name="TEMP" value="558"/></imc></imc></stmt><stmt><imc name="MOVE"><imc name="TEMP" value="560"/><imc name="MEM"><imc name="TEMP" value="559"/></imc></imc></stmt><stmt><imc name="MOVE"><imc name="TEMP" value="561"/><imc name="TEMP" value="24"/></imc></stmt><stmt><imc name="MOVE"><imc name="TEMP" value="562"/><imc name="CONST" value="-88"/></imc></stmt><stmt><imc name="MOVE"><imc name="TEMP" value="563"/><imc name="BINOP" value="ADD"><imc name="TEMP" value="561"/><imc name="TEMP" value="562"/></imc></imc></stmt><stmt><imc name="MOVE"><imc name="TEMP" value="564"/><imc name="MEM"><imc name="TEMP" value="563"/></imc></imc></stmt><stmt><imc name="MOVE"><imc name="TEMP" value="565"/><imc name="CONST" value="72"/></imc></stmt><stmt><imc name="MOVE"><imc name="TEMP" value="566"/><imc name="BINOP" value="MUL"><imc name="TEMP" value="564"/><imc name="TEMP" value="565"/></imc></imc></stmt><stmt><imc name="MOVE"><imc name="TEMP" value="567"/><imc name="BINOP" value="ADD"><imc name="TEMP" value="560"/><imc name="TEMP" value="566"/></imc></imc></stmt><stmt><imc name="MOVE"><imc name="TEMP" value="568"/><imc name="TEMP" value="24"/></imc></stmt><stmt><imc name="MOVE"><imc name="TEMP" value="569"/><imc name="CONST" value="8"/></imc></stmt><stmt><imc name="MOVE"><imc name="TEMP" value="570"/><imc name="BINOP" value="ADD"><imc name="TEMP" value="568"/><imc name="TEMP" value="569"/></imc></imc></stmt><stmt><imc name="MOVE"><imc name="TEMP" value="571"/><imc name="MEM"><imc name="TEMP" value="570"/></imc></imc></stmt><stmt><imc name="MOVE"><imc name="TEMP" value="572"/><imc name="CONST" value="8"/></imc></stmt><stmt><imc name="MOVE"><imc name="TEMP" value="573"/><imc name="BINOP" value="MUL"><imc name="TEMP" value="571"/><imc name="TEMP" value="572"/></imc></imc></stmt><stmt><imc name="MOVE"><imc name="TEMP" value="574"/><imc name="BINOP" value="ADD"><imc name="TEMP" value="567"/><imc name="TEMP" value="573"/></imc></imc></stmt><stmt><imc name="MOVE"><imc name="TEMP" value="575"/><imc name="MEM"><imc name="TEMP" value="574"/></imc></imc></stmt><stmt><imc name="MOVE"><imc name="TEMP" value="576"/><imc name="CONST" value="8"/></imc></stmt><stmt><imc name="MOVE"><imc name="TEMP" value="577"/><imc name="BINOP" value="MUL"><imc name="TEMP" value="575"/><imc name="TEMP" value="576"/></imc></imc></stmt><stmt><imc name="MOVE"><imc name="TEMP" value="578"/><imc name="BINOP" value="ADD"><imc name="TEMP" value="555"/><imc name="TEMP" value="577"/></imc></imc></stmt><stmt><imc name="MOVE"><imc name="TEMP" value="579"/><imc name="MEM"><imc name="TEMP" value="578"/></imc></imc></stmt><stmt><imc name="CJUMP" value="L64:L140"><imc name="TEMP" value="579"/></imc></stmt><stmt><imc name="LABEL" value="L140"/></stmt><stmt><imc name="JUMP" value="L65"/></stmt><stmt><imc name="LABEL" value="L64"/></stmt><stmt><imc name="MOVE"><imc name="TEMP" value="580"/><imc name="CONST" value="0"/></imc></stmt><stmt><imc name="MOVE"><imc name="MEM"><imc name="BINOP" value="ADD"><imc name="TEMP" value="24"/><imc name="CONST" value="-96"/></imc></imc><imc name="TEMP" value="580"/></imc></stmt><stmt><imc name="JUMP" value="L66"/></stmt><stmt><imc name="LABEL" value="L65"/></stmt><stmt><imc name="MOVE"><imc name="TEMP" value="581"/><imc name="CONST" value="1"/></imc></stmt><stmt><imc name="MOVE"><imc name="MEM"><imc name="BINOP" value="ADD"><imc name="BINOP" value="ADD"><imc name="TEMP" value="24"/><imc name="CONST" value="-80"/></imc><imc name="BINOP" value="MUL"><imc name="MEM"><imc name="BINOP" value="ADD"><imc name="BINOP" value="ADD"><imc name="MEM"><imc name="BINOP" value="ADD"><imc name="MEM"><imc name="TEMP" value="24"/></imc><imc name="CONST" value="8"/></imc></imc><imc name="BINOP" value="MUL"><imc name="MEM"><imc name="BINOP" value="ADD"><imc name="TEMP" value="24"/><imc name="CONST" value="-88"/></imc></imc><imc name="CONST" value="72"/></imc></imc><imc name="BINOP" value="MUL"><imc name="MEM"><imc name="BINOP" value="ADD"><imc name="TEMP" value="24"/><imc name="CONST" value="8"/></imc></imc><imc name="CONST" value="8"/></imc></imc></imc><imc name="CONST" value="8"/></imc></imc></imc><imc name="TEMP" value="581"/></imc></stmt><stmt><imc name="LABEL" value="L66"/></stmt><stmt><imc name="LABEL" value="L68"/></stmt><stmt><imc name="MOVE"><imc name="TEMP" value="582"/><imc name="TEMP" value="24"/></imc></stmt><stmt><imc name="MOVE"><imc name="TEMP" value="583"/><imc name="CONST" value="-88"/></imc></stmt><stmt><imc name="MOVE"><imc name="TEMP" value="584"/><imc name="BINOP" value="ADD"><imc name="TEMP" value="582"/><imc name="TEMP" value="583"/></imc></imc></stmt><stmt><imc name="MOVE"><imc name="TEMP" value="585"/><imc name="MEM"><imc name="TEMP" value="584"/></imc></imc></stmt><stmt><imc name="MOVE"><imc name="TEMP" value="586"/><imc name="CONST" value="1"/></imc></stmt><stmt><imc name="MOVE"><imc name="TEMP" value="587"/><imc name="BINOP" value="ADD"><imc name="TEMP" value="585"/><imc name="TEMP" value="586"/></imc></imc></stmt><stmt><imc name="MOVE"><imc name="MEM"><imc name="BINOP" value="ADD"><imc name="TEMP" value="24"/><imc name="CONST" value="-88"/></imc></imc><imc name="TEMP" value="587"/></imc></stmt><stmt><imc name="JUMP" value="L69"/></stmt><stmt><imc name="LABEL" value="L71"/></stmt><stmt><imc name="MOVE"><imc name="TEMP" value="588"/><imc name="TEMP" value="24"/></imc></stmt><stmt><imc name="MOVE"><imc name="TEMP" value="589"/><imc name="CONST" value="-96"/></imc></stmt><stmt><imc name="MOVE"><imc name="TEMP" value="590"/><imc name="BINOP" value="ADD"><imc name="TEMP" value="588"/><imc name="TEMP" value="589"/></imc></imc></stmt><stmt><imc name="MOVE"><imc name="TEMP" value="591"/><imc name="MEM"><imc name="TEMP" value="590"/></imc></imc></stmt><stmt><imc name="MOVE"><imc name="TEMP" value="25"/><imc name="TEMP" value="591"/></imc></stmt><stmt><imc name="JUMP" value="L142"/></stmt></codechunk><codechunk entrylabel="L148" exitlabel="L149"><frame FP="T26" RV="T27" argssize="0" depth="2" label="L3" locssize="112" size="128"/><stmt><imc name="LABEL" value="L148"/></stmt><stmt><imc name="MOVE"><imc name="TEMP" value="592"/><imc name="CONST" value="1"/></imc></stmt><stmt><imc name="MOVE"><imc name="MEM"><imc name="BINOP" value="ADD"><imc name="TEMP" value="26"/><imc name="CONST" value="-112"/></imc></imc><imc name="TEMP" value="592"/></imc></stmt><stmt><imc name="MOVE"><imc name="TEMP" value="593"/><imc name="CONST" value="1"/></imc></stmt><stmt><imc name="MOVE"><imc name="MEM"><imc name="BINOP" value="ADD"><imc name="TEMP" value="26"/><imc name="CONST" value="-104"/></imc></imc><imc name="TEMP" value="593"/></imc></stmt><stmt><imc name="LABEL" value="L72"/></stmt><stmt><imc name="MOVE"><imc name="TEMP" value="594"/><imc name="TEMP" value="26"/></imc></stmt><stmt><imc name="MOVE"><imc name="TEMP" value="595"/><imc name="CONST" value="-104"/></imc></stmt><stmt><imc name="MOVE"><imc name="TEMP" value="596"/><imc name="BINOP" value="ADD"><imc name="TEMP" value="594"/><imc name="TEMP" value="595"/></imc></imc></stmt><stmt><imc name="MOVE"><imc name="TEMP" value="597"/><imc name="MEM"><imc name="TEMP" value="596"/></imc></imc></stmt><stmt><imc name="MOVE"><imc name="TEMP" value="598"/><imc name="CONST" value="9"/></imc></stmt><stmt><imc name="MOVE"><imc name="TEMP" value="599"/><imc name="BINOP" value="LEQ"><imc name="TEMP" value="597"/><imc name="TEMP" value="598"/></imc></imc></stmt><stmt><imc name="CJUMP" value="L73:L143"><imc name="TEMP" value="599"/></imc></stmt><stmt><imc name="LABEL" value="L143"/></stmt><stmt><imc name="JUMP" value="L74"/></stmt><stmt><imc name="LABEL" value="L73"/></stmt><stmt><imc name="MOVE"><imc name="TEMP" value="600"/><imc name="CONST" value="0"/></imc></stmt><stmt><imc name="MOVE"><imc name="MEM"><imc name="BINOP" value="ADD"><imc name="BINOP" value="ADD"><imc name="TEMP" value="26"/><imc name="CONST" value="-80"/></imc><imc name="BINOP" value="MUL"><imc name="MEM"><imc name="BINOP" value="ADD"><imc name="TEMP" value="26"/><imc name="CONST" value="-104"/></imc></imc><imc name="CONST" value="8"/></imc></imc></imc><imc name="TEMP" value="600"/></imc></stmt><stmt><imc name="MOVE"><imc name="TEMP" value="601"/><imc name="TEMP" value="26"/></imc></stmt><stmt><imc name="MOVE"><imc name="TEMP" value="602"/><imc name="CONST" value="-104"/></imc></stmt><stmt><imc name="MOVE"><imc name="TEMP" value="603"/><imc name="BINOP" value="ADD"><imc name="TEMP" value="601"/><imc name="TEMP" value="602"/></imc></imc></stmt><stmt><imc name="MOVE"><imc name="TEMP" value="604"/><imc name="MEM"><imc name="TEMP" value="603"/></imc></imc></stmt><stmt><imc name="MOVE"><imc name="TEMP" value="605"/><imc name="CONST" value="1"/></imc></stmt><stmt><imc name="MOVE"><imc name="TEMP" value="606"/><imc name="BINOP" value="ADD"><imc name="TEMP" value="604"/><imc name="TEMP" value="605"/></imc></imc></stmt><stmt><imc name="MOVE"><imc name="MEM"><imc name="BINOP" value="ADD"><imc name="TEMP" value="26"/><imc name="CONST" value="-104"/></imc></imc><imc name="TEMP" value="606"/></imc></stmt><stmt><imc name="JUMP" value="L72"/></stmt><stmt><imc name="LABEL" value="L74"/></stmt><stmt><imc name="MOVE"><imc name="TEMP" value="607"/><imc name="CONST" value="0"/></imc></stmt><stmt><imc name="MOVE"><imc name="MEM"><imc name="BINOP" value="ADD"><imc name="TEMP" value="26"/><imc name="CONST" value="-96"/></imc></imc><imc name="TEMP" value="607"/></imc></stmt><stmt><imc name="LABEL" value="L83"/></stmt><stmt><imc name="MOVE"><imc name="TEMP" value="608"/><imc name="TEMP" value="26"/></imc></stmt><stmt><imc name="MOVE"><imc name="TEMP" value="609"/><imc name="CONST" value="-96"/></imc></stmt><stmt><imc name="MOVE"><imc name="TEMP" value="610"/><imc name="BINOP" value="ADD"><imc name="TEMP" value="608"/><imc name="TEMP" value="609"/></imc></imc></stmt><stmt><imc name="MOVE"><imc name="TEMP" value="611"/><imc name="MEM"><imc name="TEMP" value="610"/></imc></imc></stmt><stmt><imc name="MOVE"><imc name="TEMP" value="612"/><imc name="CONST" value="3"/></imc></stmt><stmt><imc name="MOVE"><imc name="TEMP" value="613"/><imc name="BINOP" value="LTH"><imc name="TEMP" value="611"/><imc name="TEMP" value="612"/></imc></imc></stmt><stmt><imc name="CJUMP" value="L84:L144"><imc name="TEMP" value="613"/></imc></stmt><stmt><imc name="LABEL" value="L144"/></stmt><stmt><imc name="JUMP" value="L85"/></stmt><stmt><imc name="LABEL" value="L84"/></stmt><stmt><imc name="MOVE"><imc name="TEMP" value="614"/><imc name="CONST" value="0"/></imc></stmt><stmt><imc name="MOVE"><imc name="MEM"><imc name="BINOP" value="ADD"><imc name="TEMP" value="26"/><imc name="CONST" value="-88"/></imc></imc><imc name="TEMP" value="614"/></imc></stmt><stmt><imc name="LABEL" value="L80"/></stmt><stmt><imc name="MOVE"><imc name="TEMP" value="615"/><imc name="TEMP" value="26"/></imc></stmt><stmt><imc name="MOVE"><imc name="TEMP" value="616"/><imc name="CONST" value="-88"/></imc></stmt><stmt><imc name="MOVE"><imc name="TEMP" value="617"/><imc name="BINOP" value="ADD"><imc name="TEMP" value="615"/><imc name="TEMP" value="616"/></imc></imc></stmt><stmt><imc name="MOVE"><imc name="TEMP" value="618"/><imc name="MEM"><imc name="TEMP" value="617"/></imc></imc></stmt><stmt><imc name="MOVE"><imc name="TEMP" value="619"/><imc name="CONST" value="3"/></imc></stmt><stmt><imc name="MOVE"><imc name="TEMP" value="620"/><imc name="BINOP" value="LTH"><imc name="TEMP" value="618"/><imc name="TEMP" value="619"/></imc></imc></stmt><stmt><imc name="CJUMP" value="L81:L145"><imc name="TEMP" value="620"/></imc></stmt><stmt><imc name="LABEL" value="L145"/></stmt><stmt><imc name="JUMP" value="L82"/></stmt><stmt><imc name="LABEL" value="L81"/></stmt><stmt><imc name="MOVE"><imc name="TEMP" value="621"/><imc name="TEMP" value="26"/></imc></stmt><stmt><imc name="MOVE"><imc name="TEMP" value="622"/><imc name="MEM"><imc name="TEMP" value="621"/></imc></imc></stmt><stmt><imc name="MOVE"><imc name="TEMP" value="623"/><imc name="CONST" value="8"/></imc></stmt><stmt><imc name="MOVE"><imc name="TEMP" value="624"/><imc name="BINOP" value="ADD"><imc name="TEMP" value="622"/><imc name="TEMP" value="623"/></imc></imc></stmt><stmt><imc name="MOVE"><imc name="TEMP" value="625"/><imc name="MEM"><imc name="TEMP" value="624"/></imc></imc></stmt><stmt><imc name="MOVE"><imc name="TEMP" value="626"/><imc name="TEMP" value="26"/></imc></stmt><stmt><imc name="MOVE"><imc name="TEMP" value="627"/><imc name="CONST" value="16"/></imc></stmt><stmt><imc name="MOVE"><imc name="TEMP" value="628"/><imc name="BINOP" value="ADD"><imc name="TEMP" value="626"/><imc name="TEMP" value="627"/></imc></imc></stmt><stmt><imc name="MOVE"><imc name="TEMP" value="629"/><imc name="MEM"><imc name="TEMP" value="628"/></imc></imc></stmt><stmt><imc name="MOVE"><imc name="TEMP" value="630"/><imc name="CONST" value="3"/></imc></stmt><stmt><imc name="MOVE"><imc name="TEMP" value="631"/><imc name="BINOP" value="MUL"><imc name="TEMP" value="629"/><imc name="TEMP" value="630"/></imc></imc></stmt><stmt><imc name="MOVE"><imc name="TEMP" value="632"/><imc name="TEMP" value="26"/></imc></stmt><stmt><imc name="MOVE"><imc name="TEMP" value="633"/><imc name="CONST" value="-96"/></imc></stmt><stmt><imc name="MOVE"><imc name="TEMP" value="634"/><imc name="BINOP" value="ADD"><imc name="TEMP" value="632"/><imc name="TEMP" value="633"/></imc></imc></stmt><stmt><imc name="MOVE"><imc name="TEMP" value="635"/><imc name="MEM"><imc name="TEMP" value="634"/></imc></imc></stmt><stmt><imc name="MOVE"><imc name="TEMP" value="636"/><imc name="BINOP" value="ADD"><imc name="TEMP" value="631"/><imc name="TEMP" value="635"/></imc></imc></stmt><stmt><imc name="MOVE"><imc name="TEMP" value="637"/><imc name="CONST" value="72"/></imc></stmt><stmt><imc name="MOVE"><imc name="TEMP" value="638"/><imc name="BINOP" value="MUL"><imc name="TEMP" value="636"/><imc name="TEMP" value="637"/></imc></imc></stmt><stmt><imc name="MOVE"><imc name="TEMP" value="639"/><imc name="BINOP" value="ADD"><imc name="TEMP" value="625"/><imc name="TEMP" value="638"/></imc></imc></stmt><stmt><imc name="MOVE"><imc name="TEMP" value="640"/><imc name="TEMP" value="26"/></imc></stmt><stmt><imc name="MOVE"><imc name="TEMP" value="641"/><imc name="CONST" value="8"/></imc></stmt><stmt><imc name="MOVE"><imc name="TEMP" value="642"/><imc name="BINOP" value="ADD"><imc name="TEMP" value="640"/><imc name="TEMP" value="641"/></imc></imc></stmt><stmt><imc name="MOVE"><imc name="TEMP" value="643"/><imc name="MEM"><imc name="TEMP" value="642"/></imc></imc></stmt><stmt><imc name="MOVE"><imc name="TEMP" value="644"/><imc name="CONST" value="3"/></imc></stmt><stmt><imc name="MOVE"><imc name="TEMP" value="645"/><imc name="BINOP" value="MUL"><imc name="TEMP" value="643"/><imc name="TEMP" value="644"/></imc></imc></stmt><stmt><imc name="MOVE"><imc name="TEMP" value="646"/><imc name="TEMP" value="26"/></imc></stmt><stmt><imc name="MOVE"><imc name="TEMP" value="647"/><imc name="CONST" value="-88"/></imc></stmt><stmt><imc name="MOVE"><imc name="TEMP" value="648"/><imc name="BINOP" value="ADD"><imc name="TEMP" value="646"/><imc name="TEMP" value="647"/></imc></imc></stmt><stmt><imc name="MOVE"><imc name="TEMP" value="649"/><imc name="MEM"><imc name="TEMP" value="648"/></imc></imc></stmt><stmt><imc name="MOVE"><imc name="TEMP" value="650"/><imc name="BINOP" value="ADD"><imc name="TEMP" value="645"/><imc name="TEMP" value="649"/></imc></imc></stmt><stmt><imc name="MOVE"><imc name="TEMP" value="651"/><imc name="CONST" value="8"/></imc></stmt><stmt><imc name="MOVE"><imc name="TEMP" value="652"/><imc name="BINOP" value="MUL"><imc name="TEMP" value="650"/><imc name="TEMP" value="651"/></imc></imc></stmt><stmt><imc name="MOVE"><imc name="TEMP" value="653"/><imc name="BINOP" value="ADD"><imc name="TEMP" value="639"/><imc name="TEMP" value="652"/></imc></imc></stmt><stmt><imc name="MOVE"><imc name="TEMP" value="654"/><imc name="MEM"><imc name="TEMP" value="653"/></imc></imc></stmt><stmt><imc name="MOVE"><imc name="TEMP" value="655"/><imc name="CONST" value="0"/></imc></stmt><stmt><imc name="MOVE"><imc name="TEMP" value="656"/><imc name="BINOP" value="NEQ"><imc name="TEMP" value="654"/><imc name="TEMP" value="655"/></imc></imc></stmt><stmt><imc name="CJUMP" value="L78:L146"><imc name="TEMP" value="656"/></imc></stmt><stmt><imc name="LABEL" value="L146"/></stmt><stmt><imc name="JUMP" value="L79"/></stmt><stmt><imc name="LABEL" value="L78"/></stmt><stmt><imc name="MOVE"><imc name="TEMP" value="657"/><imc name="TEMP" value="26"/></imc></stmt><stmt><imc name="MOVE"><imc name="TEMP" value="658"/><imc name="CONST" value="-80"/></imc></stmt><stmt><imc name="MOVE"><imc name="TEMP" value="659"/><imc name="BINOP" value="ADD"><imc name="TEMP" value="657"/><imc name="TEMP" value="658"/></imc></imc></stmt><stmt><imc name="MOVE"><imc name="TEMP" value="660"/><imc name="TEMP" value="26"/></imc></stmt><stmt><imc name="MOVE"><imc name="TEMP" value="661"/><imc name="MEM"><imc name="TEMP" value="660"/></imc></imc></stmt><stmt><imc name="MOVE"><imc name="TEMP" value="662"/><imc name="CONST" value="8"/></imc></stmt><stmt><imc name="MOVE"><imc name="TEMP" value="663"/><imc name="BINOP" value="ADD"><imc name="TEMP" value="661"/><imc name="TEMP" value="662"/></imc></imc></stmt><stmt><imc name="MOVE"><imc name="TEMP" value="664"/><imc name="MEM"><imc name="TEMP" value="663"/></imc></imc></stmt><stmt><imc name="MOVE"><imc name="TEMP" value="665"/><imc name="TEMP" value="26"/></imc></stmt><stmt><imc name="MOVE"><imc name="TEMP" value="666"/><imc name="CONST" value="16"/></imc></stmt><stmt><imc name="MOVE"><imc name="TEMP" value="667"/><imc name="BINOP" value="ADD"><imc name="TEMP" value="665"/><imc name="TEMP" value="666"/></imc></imc></stmt><stmt><imc name="MOVE"><imc name="TEMP" value="668"/><imc name="MEM"><imc name="TEMP" value="667"/></imc></imc></stmt><stmt><imc name="MOVE"><imc name="TEMP" value="669"/><imc name="CONST" value="3"/></imc></stmt><stmt><imc name="MOVE"><imc name="TEMP" value="670"/><imc name="BINOP" value="MUL"><imc name="TEMP" value="668"/><imc name="TEMP" value="669"/></imc></imc></stmt><stmt><imc name="MOVE"><imc name="TEMP" value="671"/><imc name="TEMP" value="26"/></imc></stmt><stmt><imc name="MOVE"><imc name="TEMP" value="672"/><imc name="CONST" value="-96"/></imc></stmt><stmt><imc name="MOVE"><imc name="TEMP" value="673"/><imc name="BINOP" value="ADD"><imc name="TEMP" value="671"/><imc name="TEMP" value="672"/></imc></imc></stmt><stmt><imc name="MOVE"><imc name="TEMP" value="674"/><imc name="MEM"><imc name="TEMP" value="673"/></imc></imc></stmt><stmt><imc name="MOVE"><imc name="TEMP" value="675"/><imc name="BINOP" value="ADD"><imc name="TEMP" value="670"/><imc name="TEMP" value="674"/></imc></imc></stmt><stmt><imc name="MOVE"><imc name="TEMP" value="676"/><imc name="CONST" value="72"/></imc></stmt><stmt><imc name="MOVE"><imc name="TEMP" value="677"/><imc name="BINOP" value="MUL"><imc name="TEMP" value="675"/><imc name="TEMP" value="676"/></imc></imc></stmt><stmt><imc name="MOVE"><imc name="TEMP" value="678"/><imc name="BINOP" value="ADD"><imc name="TEMP" value="664"/><imc name="TEMP" value="677"/></imc></imc></stmt><stmt><imc name="MOVE"><imc name="TEMP" value="679"/><imc name="TEMP" value="26"/></imc></stmt><stmt><imc name="MOVE"><imc name="TEMP" value="680"/><imc name="CONST" value="8"/></imc></stmt><stmt><imc name="MOVE"><imc name="TEMP" value="681"/><imc name="BINOP" value="ADD"><imc name="TEMP" value="679"/><imc name="TEMP" value="680"/></imc></imc></stmt><stmt><imc name="MOVE"><imc name="TEMP" value="682"/><imc name="MEM"><imc name="TEMP" value="681"/></imc></imc></stmt><stmt><imc name="MOVE"><imc name="TEMP" value="683"/><imc name="CONST" value="3"/></imc></stmt><stmt><imc name="MOVE"><imc name="TEMP" value="684"/><imc name="BINOP" value="MUL"><imc name="TEMP" value="682"/><imc name="TEMP" value="683"/></imc></imc></stmt><stmt><imc name="MOVE"><imc name="TEMP" value="685"/><imc name="TEMP" value="26"/></imc></stmt><stmt><imc name="MOVE"><imc name="TEMP" value="686"/><imc name="CONST" value="-88"/></imc></stmt><stmt><imc name="MOVE"><imc name="TEMP" value="687"/><imc name="BINOP" value="ADD"><imc name="TEMP" value="685"/><imc name="TEMP" value="686"/></imc></imc></stmt><stmt><imc name="MOVE"><imc name="TEMP" value="688"/><imc name="MEM"><imc name="TEMP" value="687"/></imc></imc></stmt><stmt><imc name="MOVE"><imc name="TEMP" value="689"/><imc name="BINOP" value="ADD"><imc name="TEMP" value="684"/><imc name="TEMP" value="688"/></imc></imc></stmt><stmt><imc name="MOVE"><imc name="TEMP" value="690"/><imc name="CONST" value="8"/></imc></stmt><stmt><imc name="MOVE"><imc name="TEMP" value="691"/><imc name="BINOP" value="MUL"><imc name="TEMP" value="689"/><imc name="TEMP" value="690"/></imc></imc></stmt><stmt><imc name="MOVE"><imc name="TEMP" value="692"/><imc name="BINOP" value="ADD"><imc name="TEMP" value="678"/><imc name="TEMP" value="691"/></imc></imc></stmt><stmt><imc name="MOVE"><imc name="TEMP" value="693"/><imc name="MEM"><imc name="TEMP" value="692"/></imc></imc></stmt><stmt><imc name="MOVE"><imc name="TEMP" value="694"/><imc name="CONST" value="8"/></imc></stmt><stmt><imc name="MOVE"><imc name="TEMP" value="695"/><imc name="BINOP" value="MUL"><imc name="TEMP" value="693"/><imc name="TEMP" value="694"/></imc></imc></stmt><stmt><imc name="MOVE"><imc name="TEMP" value="696"/><imc name="BINOP" value="ADD"><imc name="TEMP" value="659"/><imc name="TEMP" value="695"/></imc></imc></stmt><stmt><imc name="MOVE"><imc name="TEMP" value="697"/><imc name="MEM"><imc name="TEMP" value="696"/></imc></imc></stmt><stmt><imc name="CJUMP" value="L75:L147"><imc name="TEMP" value="697"/></imc></stmt><stmt><imc name="LABEL" value="L147"/></stmt><stmt><imc name="JUMP" value="L76"/></stmt><stmt><imc name="LABEL" value="L75"/></stmt><stmt><imc name="MOVE"><imc name="TEMP" value="698"/><imc name="CONST" value="0"/></imc></stmt><stmt><imc name="MOVE"><imc name="MEM"><imc name="BINOP" value="ADD"><imc name="TEMP" value="26"/><imc name="CONST" value="-112"/></imc></imc><imc name="TEMP" value="698"/></imc></stmt><stmt><imc name="JUMP" value="L77"/></stmt><stmt><imc name="LABEL" value="L76"/></stmt><stmt><imc name="MOVE"><imc name="TEMP" value="699"/><imc name="CONST" value="1"/></imc></stmt><stmt><imc name="MOVE"><imc name="MEM"><imc name="BINOP" value="ADD"><imc name="BINOP" value="ADD"><imc name="TEMP" value="26"/><imc name="CONST" value="-80"/></imc><imc name="BINOP" value="MUL"><imc name="MEM"><imc name="BINOP" value="ADD"><imc name="BINOP" value="ADD"><imc name="MEM"><imc name="BINOP" value="ADD"><imc name="MEM"><imc name="TEMP" value="26"/></imc><imc name="CONST" value="8"/></imc></imc><imc name="BINOP" value="MUL"><imc name="BINOP" value="ADD"><imc name="BINOP" value="MUL"><imc name="MEM"><imc name="BINOP" value="ADD"><imc name="TEMP" value="26"/><imc name="CONST" value="16"/></imc></imc><imc name="CONST" value="3"/></imc><imc name="MEM"><imc name="BINOP" value="ADD"><imc name="TEMP" value="26"/><imc name="CONST" value="-96"/></imc></imc></imc><imc name="CONST" value="72"/></imc></imc><imc name="BINOP" value="MUL"><imc name="BINOP" value="ADD"><imc name="BINOP" value="MUL"><imc name="MEM"><imc name="BINOP" value="ADD"><imc name="TEMP" value="26"/><imc name="CONST" value="8"/></imc></imc><imc name="CONST" value="3"/></imc><imc name="MEM"><imc name="BINOP" value="ADD"><imc name="TEMP" value="26"/><imc name="CONST" value="-88"/></imc></imc></imc><imc name="CONST" value="8"/></imc></imc></imc><imc name="CONST" value="8"/></imc></imc></imc><imc name="TEMP" value="699"/></imc></stmt><stmt><imc name="LABEL" value="L77"/></stmt><stmt><imc name="LABEL" value="L79"/></stmt><stmt><imc name="MOVE"><imc name="TEMP" value="700"/><imc name="TEMP" value="26"/></imc></stmt><stmt><imc name="MOVE"><imc name="TEMP" value="701"/><imc name="CONST" value="-88"/></imc></stmt><stmt><imc name="MOVE"><imc name="TEMP" value="702"/><imc name="BINOP" value="ADD"><imc name="TEMP" value="700"/><imc name="TEMP" value="701"/></imc></imc></stmt><stmt><imc name="MOVE"><imc name="TEMP" value="703"/><imc name="MEM"><imc name="TEMP" value="702"/></imc></imc></stmt><stmt><imc name="MOVE"><imc name="TEMP" value="704"/><imc name="CONST" value="1"/></imc></stmt><stmt><imc name="MOVE"><imc name="TEMP" value="705"/><imc name="BINOP" value="ADD"><imc name="TEMP" value="703"/><imc name="TEMP" value="704"/></imc></imc></stmt><stmt><imc name="MOVE"><imc name="MEM"><imc name="BINOP" value="ADD"><imc name="TEMP" value="26"/><imc name="CONST" value="-88"/></imc></imc><imc name="TEMP" value="705"/></imc></stmt><stmt><imc name="JUMP" value="L80"/></stmt><stmt><imc name="LABEL" value="L82"/></stmt><stmt><imc name="MOVE"><imc name="TEMP" value="706"/><imc name="TEMP" value="26"/></imc></stmt><stmt><imc name="MOVE"><imc name="TEMP" value="707"/><imc name="CONST" value="-96"/></imc></stmt><stmt><imc name="MOVE"><imc name="TEMP" value="708"/><imc name="BINOP" value="ADD"><imc name="TEMP" value="706"/><imc name="TEMP" value="707"/></imc></imc></stmt><stmt><imc name="MOVE"><imc name="TEMP" value="709"/><imc name="MEM"><imc name="TEMP" value="708"/></imc></imc></stmt><stmt><imc name="MOVE"><imc name="TEMP" value="710"/><imc name="CONST" value="1"/></imc></stmt><stmt><imc name="MOVE"><imc name="TEMP" value="711"/><imc name="BINOP" value="ADD"><imc name="TEMP" value="709"/><imc name="TEMP" value="710"/></imc></imc></stmt><stmt><imc name="MOVE"><imc name="MEM"><imc name="BINOP" value="ADD"><imc name="TEMP" value="26"/><imc name="CONST" value="-96"/></imc></imc><imc name="TEMP" value="711"/></imc></stmt><stmt><imc name="JUMP" value="L83"/></stmt><stmt><imc name="LABEL" value="L85"/></stmt><stmt><imc name="MOVE"><imc name="TEMP" value="712"/><imc name="TEMP" value="26"/></imc></stmt><stmt><imc name="MOVE"><imc name="TEMP" value="713"/><imc name="CONST" value="-112"/></imc></stmt><stmt><imc name="MOVE"><imc name="TEMP" value="714"/><imc name="BINOP" value="ADD"><imc name="TEMP" value="712"/><imc name="TEMP" value="713"/></imc></imc></stmt><stmt><imc name="MOVE"><imc name="TEMP" value="715"/><imc name="MEM"><imc name="TEMP" value="714"/></imc></imc></stmt><stmt><imc name="MOVE"><imc name="TEMP" value="27"/><imc name="TEMP" value="715"/></imc></stmt><stmt><imc name="JUMP" value="L149"/></stmt></codechunk><codechunk entrylabel="L157" exitlabel="L158"><frame FP="T28" RV="T29" argssize="24" depth="2" label="L4" locssize="32" size="72"/><stmt><imc name="LABEL" value="L157"/></stmt><stmt><imc name="MOVE"><imc name="TEMP" value="716"/><imc name="TEMP" value="28"/></imc></stmt><stmt><imc name="MOVE"><imc name="TEMP" value="717"/><imc name="CONST" value="8"/></imc></stmt><stmt><imc name="MOVE"><imc name="TEMP" value="718"/><imc name="BINOP" value="ADD"><imc name="TEMP" value="716"/><imc name="TEMP" value="717"/></imc></imc></stmt><stmt><imc name="MOVE"><imc name="TEMP" value="719"/><imc name="MEM"><imc name="TEMP" value="718"/></imc></imc></stmt><stmt><imc name="MOVE"><imc name="TEMP" value="720"/><imc name="TEMP" value="28"/></imc></stmt><stmt><imc name="MOVE"><imc name="TEMP" value="721"/><imc name="CONST" value="16"/></imc></stmt><stmt><imc name="MOVE"><imc name="TEMP" value="722"/><imc name="BINOP" value="ADD"><imc name="TEMP" value="720"/><imc name="TEMP" value="721"/></imc></imc></stmt><stmt><imc name="MOVE"><imc name="TEMP" value="723"/><imc name="MEM"><imc name="TEMP" value="722"/></imc></imc></stmt><stmt><imc name="MOVE"><imc name="TEMP" value="724"/><imc name="BINOP" value="EQU"><imc name="TEMP" value="719"/><imc name="TEMP" value="723"/></imc></imc></stmt><stmt><imc name="CJUMP" value="L102:L150"><imc name="TEMP" value="724"/></imc></stmt><stmt><imc name="LABEL" value="L150"/></stmt><stmt><imc name="JUMP" value="L103"/></stmt><stmt><imc name="LABEL" value="L102"/></stmt><stmt><imc name="MOVE"><imc name="TEMP" value="725"/><imc name="CONST" value="1"/></imc></stmt><stmt><imc name="CJUMP" value="L92:L151"><imc name="TEMP" value="725"/></imc></stmt><stmt><imc name="LABEL" value="L151"/></stmt><stmt><imc name="JUMP" value="L93"/></stmt><stmt><imc name="LABEL" value="L92"/></stmt><stmt><imc name="MOVE"><imc name="TEMP" value="726"/><imc name="CONST" value="0"/></imc></stmt><stmt><imc name="MOVE"><imc name="MEM"><imc name="BINOP" value="ADD"><imc name="TEMP" value="28"/><imc name="CONST" value="-16"/></imc></imc><imc name="TEMP" value="726"/></imc></stmt><stmt><imc name="LABEL" value="L89"/></stmt><stmt><imc name="MOVE"><imc name="TEMP" value="727"/><imc name="TEMP" value="28"/></imc></stmt><stmt><imc name="MOVE"><imc name="TEMP" value="728"/><imc name="CONST" value="-16"/></imc></stmt><stmt><imc name="MOVE"><imc name="TEMP" value="729"/><imc name="BINOP" value="ADD"><imc name="TEMP" value="727"/><imc name="TEMP" value="728"/></imc></imc></stmt><stmt><imc name="MOVE"><imc name="TEMP" value="730"/><imc name="MEM"><imc name="TEMP" value="729"/></imc></imc></stmt><stmt><imc name="MOVE"><imc name="TEMP" value="731"/><imc name="CONST" value="9"/></imc></stmt><stmt><imc name="MOVE"><imc name="TEMP" value="732"/><imc name="BINOP" value="LTH"><imc name="TEMP" value="730"/><imc name="TEMP" value="731"/></imc></imc></stmt><stmt><imc name="CJUMP" value="L90:L152"><imc name="TEMP" value="732"/></imc></stmt><stmt><imc name="LABEL" value="L152"/></stmt><stmt><imc name="JUMP" value="L91"/></stmt><stmt><imc name="LABEL" value="L90"/></stmt><stmt><imc name="MOVE"><imc name="TEMP" value="733"/><imc name="CONST" value="0"/></imc></stmt><stmt><imc name="MOVE"><imc name="MEM"><imc name="BINOP" value="ADD"><imc name="TEMP" value="28"/><imc name="CONST" value="-24"/></imc></imc><imc name="TEMP" value="733"/></imc></stmt><stmt><imc name="LABEL" value="L86"/></stmt><stmt><imc name="MOVE"><imc name="TEMP" value="734"/><imc name="TEMP" value="28"/></imc></stmt><stmt><imc name="MOVE"><imc name="TEMP" value="735"/><imc name="CONST" value="-24"/></imc></stmt><stmt><imc name="MOVE"><imc name="TEMP" value="736"/><imc name="BINOP" value="ADD"><imc name="TEMP" value="734"/><imc name="TEMP" value="735"/></imc></imc></stmt><stmt><imc name="MOVE"><imc name="TEMP" value="737"/><imc name="MEM"><imc name="TEMP" value="736"/></imc></imc></stmt><stmt><imc name="MOVE"><imc name="TEMP" value="738"/><imc name="CONST" value="9"/></imc></stmt><stmt><imc name="MOVE"><imc name="TEMP" value="739"/><imc name="BINOP" value="LTH"><imc name="TEMP" value="737"/><imc name="TEMP" value="738"/></imc></imc></stmt><stmt><imc name="CJUMP" value="L87:L153"><imc name="TEMP" value="739"/></imc></stmt><stmt><imc name="LABEL" value="L153"/></stmt><stmt><imc name="JUMP" value="L88"/></stmt><stmt><imc name="LABEL" value="L87"/></stmt><stmt><imc name="MOVE"><imc name="TEMP" value="740"/><imc name="CONST" value="0"/></imc></stmt><stmt><imc name="MOVE"><imc name="TEMP" value="741"/><imc name="TEMP" value="28"/></imc></stmt><stmt><imc name="MOVE"><imc name="TEMP" value="742"/><imc name="MEM"><imc name="TEMP" value="741"/></imc></imc></stmt><stmt><imc name="MOVE"><imc name="TEMP" value="743"/><imc name="CONST" value="8"/></imc></stmt><stmt><imc name="MOVE"><imc name="TEMP" value="744"/><imc name="BINOP" value="ADD"><imc name="TEMP" value="742"/><imc name="TEMP" value="743"/></imc></imc></stmt><stmt><imc name="MOVE"><imc name="TEMP" value="745"/><imc name="MEM"><imc name="TEMP" value="744"/></imc></imc></stmt><stmt><imc name="MOVE"><imc name="TEMP" value="746"/><imc name="TEMP" value="28"/></imc></stmt><stmt><imc name="MOVE"><imc name="TEMP" value="747"/><imc name="CONST" value="-16"/></imc></stmt><stmt><imc name="MOVE"><imc name="TEMP" value="748"/><imc name="BINOP" value="ADD"><imc name="TEMP" value="746"/><imc name="TEMP" value="747"/></imc></imc></stmt><stmt><imc name="MOVE"><imc name="TEMP" value="749"/><imc name="MEM"><imc name="TEMP" value="748"/></imc></imc></stmt><stmt><imc name="MOVE"><imc name="TEMP" value="750"/><imc name="CONST" value="72"/></imc></stmt><stmt><imc name="MOVE"><imc name="TEMP" value="751"/><imc name="BINOP" value="MUL"><imc name="TEMP" value="749"/><imc name="TEMP" value="750"/></imc></imc></stmt><stmt><imc name="MOVE"><imc name="TEMP" value="752"/><imc name="BINOP" value="ADD"><imc name="TEMP" value="745"/><imc name="TEMP" value="751"/></imc></imc></stmt><stmt><imc name="MOVE"><imc name="TEMP" value="753"/><imc name="TEMP" value="28"/></imc></stmt><stmt><imc name="MOVE"><imc name="TEMP" value="754"/><imc name="CONST" value="-24"/></imc></stmt><stmt><imc name="MOVE"><imc name="TEMP" value="755"/><imc name="BINOP" value="ADD"><imc name="TEMP" value="753"/><imc name="TEMP" value="754"/></imc></imc></stmt><stmt><imc name="MOVE"><imc name="TEMP" value="756"/><imc name="MEM"><imc name="TEMP" value="755"/></imc></imc></stmt><stmt><imc name="MOVE"><imc name="TEMP" value="757"/><imc name="CONST" value="8"/></imc></stmt><stmt><imc name="MOVE"><imc name="TEMP" value="758"/><imc name="BINOP" value="MUL"><imc name="TEMP" value="756"/><imc name="TEMP" value="757"/></imc></imc></stmt><stmt><imc name="MOVE"><imc name="TEMP" value="759"/><imc name="BINOP" value="ADD"><imc name="TEMP" value="752"/><imc name="TEMP" value="758"/></imc></imc></stmt><stmt><imc name="MOVE"><imc name="TEMP" value="760"/><imc name="MEM"><imc name="TEMP" value="759"/></imc></imc></stmt><stmt><imc name="MOVE"><imc name="TEMP" value="761"/><imc name="CALL" value="_putInt"><imc name="TEMP" value="740"/><imc name="TEMP" value="760"/></imc></imc></stmt><stmt><imc name="MOVE"><imc name="TEMP" value="762"/><imc name="CONST" value="0"/></imc></stmt><stmt><imc name="MOVE"><imc name="TEMP" value="763"/><imc name="CONST" value="32"/></imc></stmt><stmt><imc name="MOVE"><imc name="TEMP" value="764"/><imc name="CALL" value="_putChar"><imc name="TEMP" value="762"/><imc name="TEMP" value="763"/></imc></imc></stmt><stmt><imc name="MOVE"><imc name="TEMP" value="765"/><imc name="TEMP" value="28"/></imc></stmt><stmt><imc name="MOVE"><imc name="TEMP" value="766"/><imc name="CONST" value="-24"/></imc></stmt><stmt><imc name="MOVE"><imc name="TEMP" value="767"/><imc name="BINOP" value="ADD"><imc name="TEMP" value="765"/><imc name="TEMP" value="766"/></imc></imc></stmt><stmt><imc name="MOVE"><imc name="TEMP" value="768"/><imc name="MEM"><imc name="TEMP" value="767"/></imc></imc></stmt><stmt><imc name="MOVE"><imc name="TEMP" value="769"/><imc name="CONST" value="1"/></imc></stmt><stmt><imc name="MOVE"><imc name="TEMP" value="770"/><imc name="BINOP" value="ADD"><imc name="TEMP" value="768"/><imc name="TEMP" value="769"/></imc></imc></stmt><stmt><imc name="MOVE"><imc name="MEM"><imc name="BINOP" value="ADD"><imc name="TEMP" value="28"/><imc name="CONST" value="-24"/></imc></imc><imc name="TEMP" value="770"/></imc></stmt><stmt><imc name="JUMP" value="L86"/></stmt><stmt><imc name="LABEL" value="L88"/></stmt><stmt><imc name="MOVE"><imc name="TEMP" value="771"/><imc name="CONST" value="0"/></imc></stmt><stmt><imc name="MOVE"><imc name="TEMP" value="772"/><imc name="CONST" value="10"/></imc></stmt><stmt><imc name="MOVE"><imc name="TEMP" value="773"/><imc name="CONST" value="256"/></imc></stmt><stmt><imc name="MOVE"><imc name="TEMP" value="774"/><imc name="BINOP" value="MOD"><imc name="TEMP" value="772"/><imc name="TEMP" value="773"/></imc></imc></stmt><stmt><imc name="MOVE"><imc name="TEMP" value="775"/><imc name="CALL" value="_putChar"><imc name="TEMP" value="771"/><imc name="TEMP" value="774"/></imc></imc></stmt><stmt><imc name="MOVE"><imc name="TEMP" value="776"/><imc name="TEMP" value="28"/></imc></stmt><stmt><imc name="MOVE"><imc name="TEMP" value="777"/><imc name="CONST" value="-16"/></imc></stmt><stmt><imc name="MOVE"><imc name="TEMP" value="778"/><imc name="BINOP" value="ADD"><imc name="TEMP" value="776"/><imc name="TEMP" value="777"/></imc></imc></stmt><stmt><imc name="MOVE"><imc name="TEMP" value="779"/><imc name="MEM"><imc name="TEMP" value="778"/></imc></imc></stmt><stmt><imc name="MOVE"><imc name="TEMP" value="780"/><imc name="CONST" value="1"/></imc></stmt><stmt><imc name="MOVE"><imc name="TEMP" value="781"/><imc name="BINOP" value="ADD"><imc name="TEMP" value="779"/><imc name="TEMP" value="780"/></imc></imc></stmt><stmt><imc name="MOVE"><imc name="MEM"><imc name="BINOP" value="ADD"><imc name="TEMP" value="28"/><imc name="CONST" value="-16"/></imc></imc><imc name="TEMP" value="781"/></imc></stmt><stmt><imc name="JUMP" value="L89"/></stmt><stmt><imc name="LABEL" value="L91"/></stmt><stmt><imc name="MOVE"><imc name="TEMP" value="782"/><imc name="CONST" value="0"/></imc></stmt><stmt><imc name="MOVE"><imc name="TEMP" value="783"/><imc name="CONST" value="10"/></imc></stmt><stmt><imc name="MOVE"><imc name="TEMP" value="784"/><imc name="CONST" value="256"/></imc></stmt><stmt><imc name="MOVE"><imc name="TEMP" value="785"/><imc name="BINOP" value="MOD"><imc name="TEMP" value="783"/><imc name="TEMP" value="784"/></imc></imc></stmt><stmt><imc name="MOVE"><imc name="TEMP" value="786"/><imc name="CALL" value="_putChar"><imc name="TEMP" value="782"/><imc name="TEMP" value="785"/></imc></imc></stmt><stmt><imc name="LABEL" value="L93"/></stmt><stmt><imc name="MOVE"><imc name="TEMP" value="787"/><imc name="CONST" value="0"/></imc></stmt><stmt><imc name="MOVE"><imc name="TEMP" value="788"/><imc name="TEMP" value="787"/></imc></stmt><stmt><imc name="MOVE"><imc name="TEMP" value="789"/><imc name="CONST" value="1"/></imc></stmt><stmt><imc name="MOVE"><imc name="MEM"><imc name="BINOP" value="ADD"><imc name="TEMP" value="28"/><imc name="CONST" value="-8"/></imc></imc><imc name="TEMP" value="789"/></imc></stmt><stmt><imc name="JUMP" value="L104"/></stmt><stmt><imc name="LABEL" value="L103"/></stmt><stmt><imc name="MOVE"><imc name="TEMP" value="790"/><imc name="TEMP" value="28"/></imc></stmt><stmt><imc name="MOVE"><imc name="TEMP" value="791"/><imc name="MEM"><imc name="TEMP" value="790"/></imc></imc></stmt><stmt><imc name="MOVE"><imc name="TEMP" value="792"/><imc name="CONST" value="-8"/></imc></stmt><stmt><imc name="MOVE"><imc name="TEMP" value="793"/><imc name="BINOP" value="ADD"><imc name="TEMP" value="791"/><imc name="TEMP" value="792"/></imc></imc></stmt><stmt><imc name="MOVE"><imc name="TEMP" value="794"/><imc name="MEM"><imc name="TEMP" value="793"/></imc></imc></stmt><stmt><imc name="MOVE"><imc name="TEMP" value="795"/><imc name="TEMP" value="28"/></imc></stmt><stmt><imc name="MOVE"><imc name="TEMP" value="796"/><imc name="CONST" value="8"/></imc></stmt><stmt><imc name="MOVE"><imc name="TEMP" value="797"/><imc name="BINOP" value="ADD"><imc name="TEMP" value="795"/><imc name="TEMP" value="796"/></imc></imc></stmt><stmt><imc name="MOVE"><imc name="TEMP" value="798"/><imc name="MEM"><imc name="TEMP" value="797"/></imc></imc></stmt><stmt><imc name="MOVE"><imc name="TEMP" value="799"/><imc name="CONST" value="8"/></imc></stmt><stmt><imc name="MOVE"><imc name="TEMP" value="800"/><imc name="BINOP" value="MUL"><imc name="TEMP" value="798"/><imc name="TEMP" value="799"/></imc></imc></stmt><stmt><imc name="MOVE"><imc name="TEMP" value="801"/><imc name="BINOP" value="ADD"><imc name="TEMP" value="794"/><imc name="TEMP" value="800"/></imc></imc></stmt><stmt><imc name="MOVE"><imc name="TEMP" value="802"/><imc name="MEM"><imc name="TEMP" value="801"/></imc></imc></stmt><stmt><imc name="MOVE"><imc name="TEMP" value="803"/><imc name="CONST" value="0"/></imc></stmt><stmt><imc name="MOVE"><imc name="TEMP" value="804"/><imc name="BINOP" value="NEQ"><imc name="TEMP" value="802"/><imc name="TEMP" value="803"/></imc></imc></stmt><stmt><imc name="CJUMP" value="L99:L154"><imc name="TEMP" value="804"/></imc></stmt><stmt><imc name="LABEL" value="L154"/></stmt><stmt><imc name="JUMP" value="L100"/></stmt><stmt><imc name="LABEL" value="L99"/></stmt><stmt><imc name="MOVE"><imc name="TEMP" value="805"/><imc name="MEM"><imc name="TEMP" value="28"/></imc></imc></stmt><stmt><imc name="MOVE"><imc name="TEMP" value="806"/><imc name="TEMP" value="28"/></imc></stmt><stmt><imc name="MOVE"><imc name="TEMP" value="807"/><imc name="CONST" value="8"/></imc></stmt><stmt><imc name="MOVE"><imc name="TEMP" value="808"/><imc name="BINOP" value="ADD"><imc name="TEMP" value="806"/><imc name="TEMP" value="807"/></imc></imc></stmt><stmt><imc name="MOVE"><imc name="TEMP" value="809"/><imc name="MEM"><imc name="TEMP" value="808"/></imc></imc></stmt><stmt><imc name="MOVE"><imc name="TEMP" value="810"/><imc name="CONST" value="1"/></imc></stmt><stmt><imc name="MOVE"><imc name="TEMP" value="811"/><imc name="BINOP" value="ADD"><imc name="TEMP" value="809"/><imc name="TEMP" value="810"/></imc></imc></stmt><stmt><imc name="MOVE"><imc name="TEMP" value="812"/><imc name="TEMP" value="28"/></imc></stmt><stmt><imc name="MOVE"><imc name="TEMP" value="813"/><imc name="CONST" value="16"/></imc></stmt><stmt><imc name="MOVE"><imc name="TEMP" value="814"/><imc name="BINOP" value="ADD"><imc name="TEMP" value="812"/><imc name="TEMP" value="813"/></imc></imc></stmt><stmt><imc name="MOVE"><imc name="TEMP" value="815"/><imc name="MEM"><imc name="TEMP" value="814"/></imc></imc></stmt><stmt><imc name="MOVE"><imc name="TEMP" value="816"/><imc name="CALL" value="L4"><imc name="TEMP" value="805"/><imc name="TEMP" value="811"/><imc name="TEMP" value="815"/></imc></imc></stmt><stmt><imc name="MOVE"><imc name="MEM"><imc name="BINOP" value="ADD"><imc name="TEMP" value="28"/><imc name="CONST" value="-8"/></imc></imc><imc name="TEMP" value="816"/></imc></stmt><stmt><imc name="JUMP" value="L101"/></stmt><stmt><imc name="LABEL" value="L100"/></stmt><stmt><imc name="MOVE"><imc name="TEMP" value="817"/><imc name="CONST" value="0"/></imc></stmt><stmt><imc name="MOVE"><imc name="MEM"><imc name="BINOP" value="ADD"><imc name="TEMP" value="28"/><imc name="CONST" value="-8"/></imc></imc><imc name="TEMP" value="817"/></imc></stmt><stmt><imc name="MOVE"><imc name="TEMP" value="818"/><imc name="CONST" value="1"/></imc></stmt><stmt><imc name="MOVE"><imc name="MEM"><imc name="BINOP" value="ADD"><imc name="TEMP" value="28"/><imc name="CONST" value="-32"/></imc></imc><imc name="TEMP" value="818"/></imc></stmt><stmt><imc name="LABEL" value="L96"/></stmt><stmt><imc name="MOVE"><imc name="TEMP" value="819"/><imc name="TEMP" value="28"/></imc></stmt><stmt><imc name="MOVE"><imc name="TEMP" value="820"/><imc name="CONST" value="-32"/></imc></stmt><stmt><imc name="MOVE"><imc name="TEMP" value="821"/><imc name="BINOP" value="ADD"><imc name="TEMP" value="819"/><imc name="TEMP" value="820"/></imc></imc></stmt><stmt><imc name="MOVE"><imc name="TEMP" value="822"/><imc name="MEM"><imc name="TEMP" value="821"/></imc></imc></stmt><stmt><imc name="MOVE"><imc name="TEMP" value="823"/><imc name="CONST" value="9"/></imc></stmt><stmt><imc name="MOVE"><imc name="TEMP" value="824"/><imc name="BINOP" value="LEQ"><imc name="TEMP" value="822"/><imc name="TEMP" value="823"/></imc></imc></stmt><stmt><imc name="CJUMP" value="L97:L155"><imc name="TEMP" value="824"/></imc></stmt><stmt><imc name="LABEL" value="L155"/></stmt><stmt><imc name="JUMP" value="L98"/></stmt><stmt><imc name="LABEL" value="L97"/></stmt><stmt><imc name="MOVE"><imc name="TEMP" value="825"/><imc name="TEMP" value="28"/></imc></stmt><stmt><imc name="MOVE"><imc name="TEMP" value="826"/><imc name="CONST" value="-32"/></imc></stmt><stmt><imc name="MOVE"><imc name="TEMP" value="827"/><imc name="BINOP" value="ADD"><imc name="TEMP" value="825"/><imc name="TEMP" value="826"/></imc></imc></stmt><stmt><imc name="MOVE"><imc name="TEMP" value="828"/><imc name="MEM"><imc name="TEMP" value="827"/></imc></imc></stmt><stmt><imc name="MOVE"><imc name="MEM"><imc name="BINOP" value="ADD"><imc name="MEM"><imc name="BINOP" value="ADD"><imc name="MEM"><imc name="TEMP" value="28"/></imc><imc name="CONST" value="-8"/></imc></imc><imc name="BINOP" value="MUL"><imc name="MEM"><imc name="BINOP" value="ADD"><imc name="TEMP" value="28"/><imc name="CONST" value="8"/></imc></imc><imc name="CONST" value="8"/></imc></imc></imc><imc name="TEMP" value="828"/></imc></stmt><stmt><imc name="MOVE"><imc name="TEMP" value="829"/><imc name="MEM"><imc name="TEMP" value="28"/></imc></imc></stmt><stmt><imc name="MOVE"><imc name="TEMP" value="830"/><imc name="TEMP" value="28"/></imc></stmt><stmt><imc name="MOVE"><imc name="TEMP" value="831"/><imc name="CONST" value="8"/></imc></stmt><stmt><imc name="MOVE"><imc name="TEMP" value="832"/><imc name="BINOP" value="ADD"><imc name="TEMP" value="830"/><imc name="TEMP" value="831"/></imc></imc></stmt><stmt><imc name="MOVE"><imc name="TEMP" value="833"/><imc name="MEM"><imc name="TEMP" value="832"/></imc></imc></stmt><stmt><imc name="MOVE"><imc name="TEMP" value="834"/><imc name="CONST" value="9"/></imc></stmt><stmt><imc name="MOVE"><imc name="TEMP" value="835"/><imc name="BINOP" value="DIV"><imc name="TEMP" value="833"/><imc name="TEMP" value="834"/></imc></imc></stmt><stmt><imc name="MOVE"><imc name="TEMP" value="836"/><imc name="CALL" value="L1"><imc name="TEMP" value="829"/><imc name="TEMP" value="835"/></imc></imc></stmt><stmt><imc name="MOVE"><imc name="TEMP" value="837"/><imc name="MEM"><imc name="TEMP" value="28"/></imc></imc></stmt><stmt><imc name="MOVE"><imc name="TEMP" value="838"/><imc name="TEMP" value="28"/></imc></stmt><stmt><imc name="MOVE"><imc name="TEMP" value="839"/><imc name="CONST" value="8"/></imc></stmt><stmt><imc name="MOVE"><imc name="TEMP" value="840"/><imc name="BINOP" value="ADD"><imc name="TEMP" value="838"/><imc name="TEMP" value="839"/></imc></imc></stmt><stmt><imc name="MOVE"><imc name="TEMP" value="841"/><imc name="MEM"><imc name="TEMP" value="840"/></imc></imc></stmt><stmt><imc name="MOVE"><imc name="TEMP" value="842"/><imc name="CONST" value="9"/></imc></stmt><stmt><imc name="MOVE"><imc name="TEMP" value="843"/><imc name="BINOP" value="MOD"><imc name="TEMP" value="841"/><imc name="TEMP" value="842"/></imc></imc></stmt><stmt><imc name="MOVE"><imc name="TEMP" value="844"/><imc name="CALL" value="L2"><imc name="TEMP" value="837"/><imc name="TEMP" value="843"/></imc></imc></stmt><stmt><imc name="MOVE"><imc name="TEMP" value="845"/><imc name="BINOP" value="AND"><imc name="TEMP" value="836"/><imc name="TEMP" value="844"/></imc></imc></stmt><stmt><imc name="MOVE"><imc name="TEMP" value="846"/><imc name="MEM"><imc name="TEMP" value="28"/></imc></imc></stmt><stmt><imc name="MOVE"><imc name="TEMP" value="847"/><imc name="TEMP" value="28"/></imc></stmt><stmt><imc name="MOVE"><imc name="TEMP" value="848"/><imc name="CONST" value="8"/></imc></stmt><stmt><imc name="MOVE"><imc name="TEMP" value="849"/><imc name="BINOP" value="ADD"><imc name="TEMP" value="847"/><imc name="TEMP" value="848"/></imc></imc></stmt><stmt><imc name="MOVE"><imc name="TEMP" value="850"/><imc name="MEM"><imc name="TEMP" value="849"/></imc></imc></stmt><stmt><imc name="MOVE"><imc name="TEMP" value="851"/><imc name="CONST" value="9"/></imc></stmt><stmt><imc name="MOVE"><imc name="TEMP" value="852"/><imc name="BINOP" value="DIV"><imc name="TEMP" value="850"/><imc name="TEMP" value="851"/></imc></imc></stmt><stmt><imc name="MOVE"><imc name="TEMP" value="853"/><imc name="CONST" value="3"/></imc></stmt><stmt><imc name="MOVE"><imc name="TEMP" value="854"/><imc name="BINOP" value="DIV"><imc name="TEMP" value="852"/><imc name="TEMP" value="853"/></imc></imc></stmt><stmt><imc name="MOVE"><imc name="TEMP" value="855"/><imc name="TEMP" value="28"/></imc></stmt><stmt><imc name="MOVE"><imc name="TEMP" value="856"/><imc name="CONST" value="8"/></imc></stmt><stmt><imc name="MOVE"><imc name="TEMP" value="857"/><imc name="BINOP" value="ADD"><imc name="TEMP" value="855"/><imc name="TEMP" value="856"/></imc></imc></stmt><stmt><imc name="MOVE"><imc name="TEMP" value="858"/><imc name="MEM"><imc name="TEMP" value="857"/></imc></imc></stmt><stmt><imc name="MOVE"><imc name="TEMP" value="859"/><imc name="CONST" value="9"/></imc></stmt><stmt><imc name="MOVE"><imc name="TEMP" value="860"/><imc name="BINOP" value="MOD"><imc name="TEMP" value="858"/><imc name="TEMP" value="859"/></imc></imc></stmt><stmt><imc name="MOVE"><imc name="TEMP" value="861"/><imc name="CONST" value="3"/></imc></stmt><stmt><imc name="MOVE"><imc name="TEMP" value="862"/><imc name="BINOP" value="DIV"><imc name="TEMP" value="860"/><imc name="TEMP" value="861"/></imc></imc></stmt><stmt><imc name="MOVE"><imc name="TEMP" value="863"/><imc name="CALL" value="L3"><imc name="TEMP" value="846"/><imc name="TEMP" value="854"/><imc name="TEMP" value="862"/></imc></imc></stmt><stmt><imc name="MOVE"><imc name="TEMP" value="864"/><imc name="BINOP" value="AND"><imc name="TEMP" value="845"/><imc name="TEMP" value="863"/></imc></imc></stmt><stmt><imc name="CJUMP" value="L94:L156"><imc name="TEMP" value="864"/></imc></stmt><stmt><imc name="LABEL" value="L156"/></stmt><stmt><imc name="JUMP" value="L95"/></stmt><stmt><imc name="LABEL" value="L94"/></stmt><stmt><imc name="MOVE"><imc name="TEMP" value="865"/><imc name="TEMP" value="28"/></imc></stmt><stmt><imc name="MOVE"><imc name="TEMP" value="866"/><imc name="CONST" value="-8"/></imc></stmt><stmt><imc name="MOVE"><imc name="TEMP" value="867"/><imc name="BINOP" value="ADD"><imc name="TEMP" value="865"/><imc name="TEMP" value="866"/></imc></imc></stmt><stmt><imc name="MOVE"><imc name="TEMP" value="868"/><imc name="MEM"><imc name="TEMP" value="867"/></imc></imc></stmt><stmt><imc name="MOVE"><imc name="TEMP" value="869"/><imc name="MEM"><imc name="TEMP" value="28"/></imc></imc></stmt><stmt><imc name="MOVE"><imc name="TEMP" value="870"/><imc name="TEMP" value="28"/></imc></stmt><stmt><imc name="MOVE"><imc name="TEMP" value="871"/><imc name="CONST" value="8"/></imc></stmt><stmt><imc name="MOVE"><imc name="TEMP" value="872"/><imc name="BINOP" value="ADD"><imc name="TEMP" value="870"/><imc name="TEMP" value="871"/></imc></imc></stmt><stmt><imc name="MOVE"><imc name="TEMP" value="873"/><imc name="MEM"><imc name="TEMP" value="872"/></imc></imc></stmt><stmt><imc name="MOVE"><imc name="TEMP" value="874"/><imc name="CONST" value="1"/></imc></stmt><stmt><imc name="MOVE"><imc name="TEMP" value="875"/><imc name="BINOP" value="ADD"><imc name="TEMP" value="873"/><imc name="TEMP" value="874"/></imc></imc></stmt><stmt><imc name="MOVE"><imc name="TEMP" value="876"/><imc name="TEMP" value="28"/></imc></stmt><stmt><imc name="MOVE"><imc name="TEMP" value="877"/><imc name="CONST" value="16"/></imc></stmt><stmt><imc name="MOVE"><imc name="TEMP" value="878"/><imc name="BINOP" value="ADD"><imc name="TEMP" value="876"/><imc name="TEMP" value="877"/></imc></imc></stmt><stmt><imc name="MOVE"><imc name="TEMP" value="879"/><imc name="MEM"><imc name="TEMP" value="878"/></imc></imc></stmt><stmt><imc name="MOVE"><imc name="TEMP" value="880"/><imc name="CALL" value="L4"><imc name="TEMP" value="869"/><imc name="TEMP" value="875"/><imc name="TEMP" value="879"/></imc></imc></stmt><stmt><imc name="MOVE"><imc name="TEMP" value="881"/><imc name="BINOP" value="ADD"><imc name="TEMP" value="868"/><imc name="TEMP" value="880"/></imc></imc></stmt><stmt><imc name="MOVE"><imc name="MEM"><imc name="BINOP" value="ADD"><imc name="TEMP" value="28"/><imc name="CONST" value="-8"/></imc></imc><imc name="TEMP" value="881"/></imc></stmt><stmt><imc name="LABEL" value="L95"/></stmt><stmt><imc name="MOVE"><imc name="TEMP" value="882"/><imc name="CONST" value="0"/></imc></stmt><stmt><imc name="MOVE"><imc name="MEM"><imc name="BINOP" value="ADD"><imc name="MEM"><imc name="BINOP" value="ADD"><imc name="MEM"><imc name="TEMP" value="28"/></imc><imc name="CONST" value="-8"/></imc></imc><imc name="BINOP" value="MUL"><imc name="MEM"><imc name="BINOP" value="ADD"><imc name="TEMP" value="28"/><imc name="CONST" value="8"/></imc></imc><imc name="CONST" value="8"/></imc></imc></imc><imc name="TEMP" value="882"/></imc></stmt><stmt><imc name="MOVE"><imc name="TEMP" value="883"/><imc name="TEMP" value="28"/></imc></stmt><stmt><imc name="MOVE"><imc name="TEMP" value="884"/><imc name="CONST" value="-32"/></imc></stmt><stmt><imc name="MOVE"><imc name="TEMP" value="885"/><imc name="BINOP" value="ADD"><imc name="TEMP" value="883"/><imc name="TEMP" value="884"/></imc></imc></stmt><stmt><imc name="MOVE"><imc name="TEMP" value="886"/><imc name="MEM"><imc name="TEMP" value="885"/></imc></imc></stmt><stmt><imc name="MOVE"><imc name="TEMP" value="887"/><imc name="CONST" value="1"/></imc></stmt><stmt><imc name="MOVE"><imc name="TEMP" value="888"/><imc name="BINOP" value="ADD"><imc name="TEMP" value="886"/><imc name="TEMP" value="887"/></imc></imc></stmt><stmt><imc name="MOVE"><imc name="MEM"><imc name="BINOP" value="ADD"><imc name="TEMP" value="28"/><imc name="CONST" value="-32"/></imc></imc><imc name="TEMP" value="888"/></imc></stmt><stmt><imc name="JUMP" value="L96"/></stmt><stmt><imc name="LABEL" value="L98"/></stmt><stmt><imc name="MOVE"><imc name="TEMP" value="889"/><imc name="CONST" value="0"/></imc></stmt><stmt><imc name="MOVE"><imc name="TEMP" value="890"/><imc name="TEMP" value="889"/></imc></stmt><stmt><imc name="LABEL" value="L101"/></stmt><stmt><imc name="LABEL" value="L104"/></stmt><stmt><imc name="MOVE"><imc name="TEMP" value="891"/><imc name="TEMP" value="28"/></imc></stmt><stmt><imc name="MOVE"><imc name="TEMP" value="892"/><imc name="CONST" value="-8"/></imc></stmt><stmt><imc name="MOVE"><imc name="TEMP" value="893"/><imc name="BINOP" value="ADD"><imc name="TEMP" value="891"/><imc name="TEMP" value="892"/></imc></imc></stmt><stmt><imc name="MOVE"><imc name="TEMP" value="894"/><imc name="MEM"><imc name="TEMP" value="893"/></imc></imc></stmt><stmt><imc name="MOVE"><imc name="TEMP" value="29"/><imc name="TEMP" value="894"/></imc></stmt><stmt><imc name="JUMP" value="L158"/></stmt></codechunk><codechunk entrylabel="L159" exitlabel="L160"><frame FP="T20" RV="T21" argssize="24" depth="1" label="_sudoku" locssize="8" size="48"/><stmt><imc name="LABEL" value="L159"/></stmt><stmt><imc name="MOVE"><imc name="TEMP" value="895"/><imc name="TEMP" value="20"/></imc></stmt><stmt><imc name="MOVE"><imc name="TEMP" value="896"/><imc name="CONST" value="8"/></imc></stmt><stmt><imc name="MOVE"><imc name="TEMP" value="897"/><imc name="BINOP" value="ADD"><imc name="TEMP" value="895"/><imc name="TEMP" value="896"/></imc></imc></stmt><stmt><imc name="MOVE"><imc name="TEMP" value="898"/><imc name="MEM"><imc name="TEMP" value="897"/></imc></imc></stmt><stmt><imc name="MOVE"><imc name="MEM"><imc name="BINOP" value="ADD"><imc name="TEMP" value="20"/><imc name="CONST" value="-8"/></imc></imc><imc name="TEMP" value="898"/></imc></stmt><stmt><imc name="MOVE"><imc name="TEMP" value="899"/><imc name="TEMP" value="20"/></imc></stmt><stmt><imc name="MOVE"><imc name="TEMP" value="900"/><imc name="CONST" value="0"/></imc></stmt><stmt><imc name="MOVE"><imc name="TEMP" value="901"/><imc name="CONST" value="81"/></imc></stmt><stmt><imc name="MOVE"><imc name="TEMP" value="902"/><imc name="CALL" value="L4"><imc name="TEMP" value="899"/><imc name="TEMP" value="900"/><imc name="TEMP" value="901"/></imc></imc></stmt><stmt><imc name="MOVE"><imc name="TEMP" value="21"/><imc name="TEMP" value="902"/></imc></stmt><stmt><imc name="JUMP" value="L160"/></stmt></codechunk></chunks>