<?xml version="1.0" encoding="UTF-8" standalone="no"?><?xml-stylesheet type="text/xsl" href="../../data/chunks.xsl"?><chunks><datachunk init="" label="_x" size="8"/><datachunk init="" label="_y" size="8"/><datachunk init="" label="_ptv" size="16"/><datachunk init="" label="_ptu" size="16"/><datachunk init="" label="_ptt" size="32"/><datachunk init="" label="_pi" size="8"/><codechunk entrylabel="L2" exitlabel="L3"><frame FP="T0" RV="T1" argssize="0" depth="1" label="_main" locssize="0" size="16"/><stmt><imc name="LABEL" value="L2"/></stmt><stmt><imc name="MOVE"><imc name="TEMP" value="10"/><imc name="NAME" value="_x"/></imc></stmt><stmt><imc name="MOVE"><imc name="TEMP" value="12"/><imc name="CONST" value="0"/></imc></stmt><stmt><imc name="MOVE"><imc name="MEM"><imc name="TEMP" value="10"/></imc><imc name="TEMP" value="12"/></imc></stmt><stmt><imc name="MOVE"><imc name="TEMP" value="13"/><imc name="NAME" value="_ptu"/></imc></stmt><stmt><imc name="MOVE"><imc name="TEMP" value="14"/><imc name="CONST" value="0"/></imc></stmt><stmt><imc name="MOVE"><imc name="TEMP" value="15"/><imc name="BINOP" value="ADD"><imc name="TEMP" value="13"/><imc name="TEMP" value="14"/></imc></imc></stmt><stmt><imc name="MOVE"><imc name="TEMP" value="17"/><imc name="CONST" value="2"/></imc></stmt><stmt><imc name="MOVE"><imc name="MEM"><imc name="TEMP" value="15"/></imc><imc name="TEMP" value="17"/></imc></stmt><stmt><imc name="MOVE"><imc name="TEMP" value="18"/><imc name="NAME" value="_ptv"/></imc></stmt><stmt><imc name="MOVE"><imc name="TEMP" value="19"/><imc name="CONST" value="8"/></imc></stmt><stmt><imc name="MOVE"><imc name="TEMP" value="20"/><imc name="BINOP" value="ADD"><imc name="TEMP" value="18"/><imc name="TEMP" value="19"/></imc></imc></stmt><stmt><imc name="MOVE"><imc name="TEMP" value="22"/><imc name="NAME" value="_x"/></imc></stmt><stmt><imc name="MOVE"><imc name="TEMP" value="23"/><imc name="MEM"><imc name="TEMP" value="22"/></imc></imc></stmt><stmt><imc name="MOVE"><imc name="TEMP" value="24"/><imc name="NAME" value="_ptu"/></imc></stmt><stmt><imc name="MOVE"><imc name="TEMP" value="25"/><imc name="CONST" value="0"/></imc></stmt><stmt><imc name="MOVE"><imc name="TEMP" value="26"/><imc name="BINOP" value="ADD"><imc name="TEMP" value="24"/><imc name="TEMP" value="25"/></imc></imc></stmt><stmt><imc name="MOVE"><imc name="TEMP" value="27"/><imc name="MEM"><imc name="TEMP" value="26"/></imc></imc></stmt><stmt><imc name="MOVE"><imc name="TEMP" value="28"/><imc name="BINOP" value="MUL"><imc name="TEMP" value="23"/><imc name="TEMP" value="27"/></imc></imc></stmt><stmt><imc name="MOVE"><imc name="TEMP" value="29"/><imc name="CONST" value="99"/></imc></stmt><stmt><imc name="MOVE"><imc name="TEMP" value="30"/><imc name="BINOP" value="ADD"><imc name="TEMP" value="28"/><imc name="TEMP" value="29"/></imc></imc></stmt><stmt><imc name="MOVE"><imc name="TEMP" value="31"/><imc name="CONST" value="97"/></imc></stmt><stmt><imc name="MOVE"><imc name="TEMP" value="32"/><imc name="BINOP" value="SUB"><imc name="TEMP" value="30"/><imc name="TEMP" value="31"/></imc></imc></stmt><stmt><imc name="MOVE"><imc name="MEM"><imc name="TEMP" value="20"/></imc><imc name="TEMP" value="32"/></imc></stmt><stmt><imc name="MOVE"><imc name="TEMP" value="33"/><imc name="NAME" value="_ptt"/></imc></stmt><stmt><imc name="MOVE"><imc name="TEMP" value="34"/><imc name="CONST" value="0"/></imc></stmt><stmt><imc name="MOVE"><imc name="TEMP" value="35"/><imc name="BINOP" value="ADD"><imc name="TEMP" value="33"/><imc name="TEMP" value="34"/></imc></imc></stmt><stmt><imc name="MOVE"><imc name="TEMP" value="36"/><imc name="CONST" value="8"/></imc></stmt><stmt><imc name="MOVE"><imc name="TEMP" value="37"/><imc name="BINOP" value="ADD"><imc name="TEMP" value="35"/><imc name="TEMP" value="36"/></imc></imc></stmt><stmt><imc name="MOVE"><imc name="TEMP" value="39"/><imc name="NAME" value="_ptv"/></imc></stmt><stmt><imc name="MOVE"><imc name="TEMP" value="40"/><imc name="CONST" value="8"/></imc></stmt><stmt><imc name="MOVE"><imc name="TEMP" value="41"/><imc name="BINOP" value="ADD"><imc name="TEMP" value="39"/><imc name="TEMP" value="40"/></imc></imc></stmt><stmt><imc name="MOVE"><imc name="TEMP" value="42"/><imc name="MEM"><imc name="TEMP" value="41"/></imc></imc></stmt><stmt><imc name="MOVE"><imc name="TEMP" value="43"/><imc name="CONST" value="17"/></imc></stmt><stmt><imc name="MOVE"><imc name="TEMP" value="44"/><imc name="BINOP" value="ADD"><imc name="TEMP" value="42"/><imc name="TEMP" value="43"/></imc></imc></stmt><stmt><imc name="MOVE"><imc name="MEM"><imc name="TEMP" value="37"/></imc><imc name="TEMP" value="44"/></imc></stmt><stmt><imc name="MOVE"><imc name="TEMP" value="45"/><imc name="NAME" value="_ptt"/></imc></stmt><stmt><imc name="MOVE"><imc name="TEMP" value="46"/><imc name="CONST" value="0"/></imc></stmt><stmt><imc name="MOVE"><imc name="TEMP" value="47"/><imc name="BINOP" value="ADD"><imc name="TEMP" value="45"/><imc name="TEMP" value="46"/></imc></imc></stmt><stmt><imc name="MOVE"><imc name="TEMP" value="48"/><imc name="CONST" value="8"/></imc></stmt><stmt><imc name="MOVE"><imc name="TEMP" value="49"/><imc name="BINOP" value="ADD"><imc name="TEMP" value="47"/><imc name="TEMP" value="48"/></imc></imc></stmt><stmt><imc name="MOVE"><imc name="TEMP" value="50"/><imc name="MEM"><imc name="TEMP" value="49"/></imc></imc></stmt><stmt><imc name="MOVE"><imc name="TEMP" value="51"/><imc name="TEMP" value="50"/></imc></stmt><stmt><imc name="MOVE"><imc name="TEMP" value="52"/><imc name="CONST" value="3"/></imc></stmt><stmt><imc name="MOVE"><imc name="TEMP" value="1"/><imc name="BINOP" value="ADD"><imc name="TEMP" value="51"/><imc name="TEMP" value="52"/></imc></imc></stmt><stmt><imc name="JUMP" value="L3"/></stmt></codechunk><codechunk entrylabel="L4" exitlabel="L5"><frame FP="T4" RV="T5" argssize="0" depth="2" label="L0" locssize="0" size="16"/><stmt><imc name="LABEL" value="L4"/></stmt><stmt><imc name="MOVE"><imc name="TEMP" value="5"/><imc name="CONST" value="3"/></imc></stmt><stmt><imc name="JUMP" value="L5"/></stmt></codechunk><codechunk entrylabel="L6" exitlabel="L7"><frame FP="T6" RV="T7" argssize="0" depth="2" label="L1" locssize="0" size="16"/><stmt><imc name="LABEL" value="L6"/></stmt><stmt><imc name="MOVE"><imc name="TEMP" value="53"/><imc name="CONST" value="3"/></imc></stmt><stmt><imc name="MOVE"><imc name="TEMP" value="54"/><imc name="CONST" value="1"/></imc></stmt><stmt><imc name="MOVE"><imc name="TEMP" value="55"/><imc name="TEMP" value="6"/></imc></stmt><stmt><imc name="MOVE"><imc name="TEMP" value="56"/><imc name="MEM"><imc name="TEMP" value="55"/></imc></imc></stmt><stmt><imc name="MOVE"><imc name="TEMP" value="57"/><imc name="CONST" value="8"/></imc></stmt><stmt><imc name="MOVE"><imc name="TEMP" value="58"/><imc name="BINOP" value="ADD"><imc name="TEMP" value="56"/><imc name="TEMP" value="57"/></imc></imc></stmt><stmt><imc name="MOVE"><imc name="TEMP" value="60"/><imc name="CONST" value="1"/></imc></stmt><stmt><imc name="MOVE"><imc name="MEM"><imc name="TEMP" value="58"/></imc><imc name="TEMP" value="60"/></imc></stmt><stmt><imc name="MOVE"><imc name="TEMP" value="61"/><imc name="TEMP" value="6"/></imc></stmt><stmt><imc name="MOVE"><imc name="TEMP" value="62"/><imc name="MEM"><imc name="TEMP" value="61"/></imc></imc></stmt><stmt><imc name="MOVE"><imc name="TEMP" value="63"/><imc name="CONST" value="8"/></imc></stmt><stmt><imc name="MOVE"><imc name="TEMP" value="64"/><imc name="BINOP" value="ADD"><imc name="TEMP" value="62"/><imc name="TEMP" value="63"/></imc></imc></stmt><stmt><imc name="MOVE"><imc name="TEMP" value="65"/><imc name="MEM"><imc name="TEMP" value="64"/></imc></imc></stmt><stmt><imc name="MOVE"><imc name="TEMP" value="66"/><imc name="TEMP" value="65"/></imc></stmt><stmt><imc name="MOVE"><imc name="TEMP" value="7"/><imc name="BINOP" value="ADD"><imc name="TEMP" value="53"/><imc name="TEMP" value="66"/></imc></imc></stmt><stmt><imc name="JUMP" value="L7"/></stmt></codechunk><codechunk entrylabel="L8" exitlabel="L9"><frame FP="T2" RV="T3" argssize="8" depth="1" label="_f" locssize="0" size="24"/><stmt><imc name="LABEL" value="L8"/></stmt><stmt><imc name="MOVE"><imc name="TEMP" value="67"/><imc name="TEMP" value="2"/></imc></stmt><stmt><imc name="MOVE"><imc name="TEMP" value="68"/><imc name="CONST" value="8"/></imc></stmt><stmt><imc name="MOVE"><imc name="TEMP" value="69"/><imc name="BINOP" value="ADD"><imc name="TEMP" value="67"/><imc name="TEMP" value="68"/></imc></imc></stmt><stmt><imc name="MOVE"><imc name="TEMP" value="71"/><imc name="TEMP" value="2"/></imc></stmt><stmt><imc name="MOVE"><imc name="TEMP" value="72"/><imc name="CONST" value="8"/></imc></stmt><stmt><imc name="MOVE"><imc name="TEMP" value="73"/><imc name="BINOP" value="ADD"><imc name="TEMP" value="71"/><imc name="TEMP" value="72"/></imc></imc></stmt><stmt><imc name="MOVE"><imc name="TEMP" value="74"/><imc name="MEM"><imc name="TEMP" value="73"/></imc></imc></stmt><stmt><imc name="MOVE"><imc name="TEMP" value="75"/><imc name="CONST" value="1"/></imc></stmt><stmt><imc name="MOVE"><imc name="TEMP" value="76"/><imc name="BINOP" value="SUB"><imc name="TEMP" value="74"/><imc name="TEMP" value="75"/></imc></imc></stmt><stmt><imc name="MOVE"><imc name="TEMP" value="77"/><imc name="TEMP" value="2"/></imc></stmt><stmt><imc name="MOVE"><imc name="TEMP" value="78"/><imc name="CALL" value="L1"><imc name="TEMP" value="77"/></imc></imc></stmt><stmt><imc name="MOVE"><imc name="TEMP" value="79"/><imc name="BINOP" value="ADD"><imc name="TEMP" value="76"/><imc name="TEMP" value="78"/></imc></imc></stmt><stmt><imc name="MOVE"><imc name="MEM"><imc name="TEMP" value="69"/></imc><imc name="TEMP" value="79"/></imc></stmt><stmt><imc name="MOVE"><imc name="TEMP" value="80"/><imc name="NAME" value="_pi"/></imc></stmt><stmt><imc name="MOVE"><imc name="TEMP" value="81"/><imc name="MEM"><imc name="TEMP" value="80"/></imc></imc></stmt><stmt><imc name="MOVE"><imc name="TEMP" value="83"/><imc name="CONST" value="3"/></imc></stmt><stmt><imc name="MOVE"><imc name="MEM"><imc name="TEMP" value="81"/></imc><imc name="TEMP" value="83"/></imc></stmt><stmt><imc name="MOVE"><imc name="TEMP" value="84"/><imc name="TEMP" value="2"/></imc></stmt><stmt><imc name="MOVE"><imc name="TEMP" value="85"/><imc name="CONST" value="8"/></imc></stmt><stmt><imc name="MOVE"><imc name="TEMP" value="86"/><imc name="BINOP" value="ADD"><imc name="TEMP" value="84"/><imc name="TEMP" value="85"/></imc></imc></stmt><stmt><imc name="MOVE"><imc name="TEMP" value="87"/><imc name="MEM"><imc name="TEMP" value="86"/></imc></imc></stmt><stmt><imc name="MOVE"><imc name="TEMP" value="3"/><imc name="TEMP" value="87"/></imc></stmt><stmt><imc name="JUMP" value="L9"/></stmt></codechunk></chunks>