<?xml version="1.0" encoding="UTF-8" standalone="no"?><?xml-stylesheet type="text/xsl" href="../../data/chunks.xsl"?><chunks><codechunk entrylabel="L15" exitlabel="L16"><frame FP="T2" RV="T3" argssize="16" depth="1" label="_putInt" locssize="0" size="32"/><stmt><imc name="LABEL" value="L15"/></stmt><stmt><imc name="MOVE"><imc name="TEMP" value="10"/><imc name="TEMP" value="2"/></imc></stmt><stmt><imc name="MOVE"><imc name="TEMP" value="11"/><imc name="CONST" value="8"/></imc></stmt><stmt><imc name="MOVE"><imc name="TEMP" value="12"/><imc name="BINOP" value="ADD"><imc name="TEMP" value="10"/><imc name="TEMP" value="11"/></imc></imc></stmt><stmt><imc name="MOVE"><imc name="TEMP" value="13"/><imc name="MEM"><imc name="TEMP" value="12"/></imc></imc></stmt><stmt><imc name="MOVE"><imc name="TEMP" value="14"/><imc name="CONST" value="0"/></imc></stmt><stmt><imc name="MOVE"><imc name="TEMP" value="15"/><imc name="BINOP" value="EQU"><imc name="TEMP" value="13"/><imc name="TEMP" value="14"/></imc></imc></stmt><stmt><imc name="CJUMP" value="L6:L12"><imc name="TEMP" value="15"/></imc></stmt><stmt><imc name="LABEL" value="L12"/></stmt><stmt><imc name="JUMP" value="L7"/></stmt><stmt><imc name="LABEL" value="L6"/></stmt><stmt><imc name="MOVE"><imc name="TEMP" value="16"/><imc name="CONST" value="0"/></imc></stmt><stmt><imc name="MOVE"><imc name="TEMP" value="17"/><imc name="CONST" value="48"/></imc></stmt><stmt><imc name="MOVE"><imc name="TEMP" value="18"/><imc name="CALL" value="_putChar"><imc name="TEMP" value="16"/><imc name="TEMP" value="17"/></imc></imc></stmt><stmt><imc name="JUMP" value="L8"/></stmt><stmt><imc name="LABEL" value="L7"/></stmt><stmt><imc name="MOVE"><imc name="TEMP" value="19"/><imc name="TEMP" value="2"/></imc></stmt><stmt><imc name="MOVE"><imc name="TEMP" value="20"/><imc name="CONST" value="8"/></imc></stmt><stmt><imc name="MOVE"><imc name="TEMP" value="21"/><imc name="BINOP" value="ADD"><imc name="TEMP" value="19"/><imc name="TEMP" value="20"/></imc></imc></stmt><stmt><imc name="MOVE"><imc name="TEMP" value="22"/><imc name="MEM"><imc name="TEMP" value="21"/></imc></imc></stmt><stmt><imc name="MOVE"><imc name="TEMP" value="23"/><imc name="CONST" value="0"/></imc></stmt><stmt><imc name="MOVE"><imc name="TEMP" value="24"/><imc name="BINOP" value="LTH"><imc name="TEMP" value="22"/><imc name="TEMP" value="23"/></imc></imc></stmt><stmt><imc name="CJUMP" value="L3:L13"><imc name="TEMP" value="24"/></imc></stmt><stmt><imc name="LABEL" value="L13"/></stmt><stmt><imc name="JUMP" value="L4"/></stmt><stmt><imc name="LABEL" value="L3"/></stmt><stmt><imc name="MOVE"><imc name="TEMP" value="25"/><imc name="CONST" value="0"/></imc></stmt><stmt><imc name="MOVE"><imc name="TEMP" value="26"/><imc name="CONST" value="45"/></imc></stmt><stmt><imc name="MOVE"><imc name="TEMP" value="27"/><imc name="CALL" value="_putChar"><imc name="TEMP" value="25"/><imc name="TEMP" value="26"/></imc></imc></stmt><stmt><imc name="MOVE"><imc name="TEMP" value="28"/><imc name="CONST" value="0"/></imc></stmt><stmt><imc name="MOVE"><imc name="TEMP" value="29"/><imc name="TEMP" value="2"/></imc></stmt><stmt><imc name="MOVE"><imc name="TEMP" value="30"/><imc name="CONST" value="8"/></imc></stmt><stmt><imc name="MOVE"><imc name="TEMP" value="31"/><imc name="BINOP" value="ADD"><imc name="TEMP" value="29"/><imc name="TEMP" value="30"/></imc></imc></stmt><stmt><imc name="MOVE"><imc name="TEMP" value="32"/><imc name="MEM"><imc name="TEMP" value="31"/></imc></imc></stmt><stmt><imc name="MOVE"><imc name="TEMP" value="33"/><imc name="UNOP" value="NEG"><imc name="TEMP" value="32"/></imc></imc></stmt><stmt><imc name="MOVE"><imc name="TEMP" value="34"/><imc name="CALL" value="_putInt"><imc name="TEMP" value="28"/><imc name="TEMP" value="33"/></imc></imc></stmt><stmt><imc name="JUMP" value="L5"/></stmt><stmt><imc name="LABEL" value="L4"/></stmt><stmt><imc name="MOVE"><imc name="TEMP" value="35"/><imc name="TEMP" value="2"/></imc></stmt><stmt><imc name="MOVE"><imc name="TEMP" value="36"/><imc name="CONST" value="8"/></imc></stmt><stmt><imc name="MOVE"><imc name="TEMP" value="37"/><imc name="BINOP" value="ADD"><imc name="TEMP" value="35"/><imc name="TEMP" value="36"/></imc></imc></stmt><stmt><imc name="MOVE"><imc name="TEMP" value="38"/><imc name="MEM"><imc name="TEMP" value="37"/></imc></imc></stmt><stmt><imc name="MOVE"><imc name="TEMP" value="39"/><imc name="CONST" value="10"/></imc></stmt><stmt><imc name="MOVE"><imc name="TEMP" value="40"/><imc name="BINOP" value="LTH"><imc name="TEMP" value="38"/><imc name="TEMP" value="39"/></imc></imc></stmt><stmt><imc name="CJUMP" value="L0:L14"><imc name="TEMP" value="40"/></imc></stmt><stmt><imc name="LABEL" value="L14"/></stmt><stmt><imc name="JUMP" value="L1"/></stmt><stmt><imc name="LABEL" value="L0"/></stmt><stmt><imc name="MOVE"><imc name="TEMP" value="41"/><imc name="CONST" value="0"/></imc></stmt><stmt><imc name="MOVE"><imc name="TEMP" value="42"/><imc name="TEMP" value="2"/></imc></stmt><stmt><imc name="MOVE"><imc name="TEMP" value="43"/><imc name="CONST" value="8"/></imc></stmt><stmt><imc name="MOVE"><imc name="TEMP" value="44"/><imc name="BINOP" value="ADD"><imc name="TEMP" value="42"/><imc name="TEMP" value="43"/></imc></imc></stmt><stmt><imc name="MOVE"><imc name="TEMP" value="45"/><imc name="MEM"><imc name="TEMP" value="44"/></imc></imc></stmt><stmt><imc name="MOVE"><imc name="TEMP" value="46"/><imc name="CONST" value="48"/></imc></stmt><stmt><imc name="MOVE"><imc name="TEMP" value="47"/><imc name="BINOP" value="ADD"><imc name="TEMP" value="45"/><imc name="TEMP" value="46"/></imc></imc></stmt><stmt><imc name="MOVE"><imc name="TEMP" value="48"/><imc name="CONST" value="256"/></imc></stmt><stmt><imc name="MOVE"><imc name="TEMP" value="49"/><imc name="BINOP" value="MOD"><imc name="TEMP" value="47"/><imc name="TEMP" value="48"/></imc></imc></stmt><stmt><imc name="MOVE"><imc name="TEMP" value="50"/><imc name="CALL" value="_putChar"><imc name="TEMP" value="41"/><imc name="TEMP" value="49"/></imc></imc></stmt><stmt><imc name="JUMP" value="L2"/></stmt><stmt><imc name="LABEL" value="L1"/></stmt><stmt><imc name="MOVE"><imc name="TEMP" value="51"/><imc name="CONST" value="0"/></imc></stmt><stmt><imc name="MOVE"><imc name="TEMP" value="52"/><imc name="TEMP" value="2"/></imc></stmt><stmt><imc name="MOVE"><imc name="TEMP" value="53"/><imc name="CONST" value="8"/></imc></stmt><stmt><imc name="MOVE"><imc name="TEMP" value="54"/><imc name="BINOP" value="ADD"><imc name="TEMP" value="52"/><imc name="TEMP" value="53"/></imc></imc></stmt><stmt><imc name="MOVE"><imc name="TEMP" value="55"/><imc name="MEM"><imc name="TEMP" value="54"/></imc></imc></stmt><stmt><imc name="MOVE"><imc name="TEMP" value="56"/><imc name="CONST" value="10"/></imc></stmt><stmt><imc name="MOVE"><imc name="TEMP" value="57"/><imc name="BINOP" value="DIV"><imc name="TEMP" value="55"/><imc name="TEMP" value="56"/></imc></imc></stmt><stmt><imc name="MOVE"><imc name="TEMP" value="58"/><imc name="CALL" value="_putInt"><imc name="TEMP" value="51"/><imc name="TEMP" value="57"/></imc></imc></stmt><stmt><imc name="MOVE"><imc name="TEMP" value="59"/><imc name="CONST" value="0"/></imc></stmt><stmt><imc name="MOVE"><imc name="TEMP" value="60"/><imc name="TEMP" value="2"/></imc></stmt><stmt><imc name="MOVE"><imc name="TEMP" value="61"/><imc name="CONST" value="8"/></imc></stmt><stmt><imc name="MOVE"><imc name="TEMP" value="62"/><imc name="BINOP" value="ADD"><imc name="TEMP" value="60"/><imc name="TEMP" value="61"/></imc></imc></stmt><stmt><imc name="MOVE"><imc name="TEMP" value="63"/><imc name="MEM"><imc name="TEMP" value="62"/></imc></imc></stmt><stmt><imc name="MOVE"><imc name="TEMP" value="64"/><imc name="CONST" value="10"/></imc></stmt><stmt><imc name="MOVE"><imc name="TEMP" value="65"/><imc name="BINOP" value="MOD"><imc name="TEMP" value="63"/><imc name="TEMP" value="64"/></imc></imc></stmt><stmt><imc name="MOVE"><imc name="TEMP" value="66"/><imc name="CONST" value="48"/></imc></stmt><stmt><imc name="MOVE"><imc name="TEMP" value="67"/><imc name="BINOP" value="ADD"><imc name="TEMP" value="65"/><imc name="TEMP" value="66"/></imc></imc></stmt><stmt><imc name="MOVE"><imc name="TEMP" value="68"/><imc name="CONST" value="256"/></imc></stmt><stmt><imc name="MOVE"><imc name="TEMP" value="69"/><imc name="BINOP" value="MOD"><imc name="TEMP" value="67"/><imc name="TEMP" value="68"/></imc></imc></stmt><stmt><imc name="MOVE"><imc name="TEMP" value="70"/><imc name="CALL" value="_putChar"><imc name="TEMP" value="59"/><imc name="TEMP" value="69"/></imc></imc></stmt><stmt><imc name="LABEL" value="L2"/></stmt><stmt><imc name="LABEL" value="L5"/></stmt><stmt><imc name="LABEL" value="L8"/></stmt><stmt><imc name="MOVE"><imc name="TEMP" value="71"/><imc name="CONST" value="0"/></imc></stmt><stmt><imc name="MOVE"><imc name="TEMP" value="3"/><imc name="TEMP" value="71"/></imc></stmt><stmt><imc name="JUMP" value="L16"/></stmt></codechunk><codechunk entrylabel="L17" exitlabel="L18"><frame FP="T4" RV="T5" argssize="0" depth="1" label="_g" locssize="0" size="16"/><stmt><imc name="LABEL" value="L17"/></stmt><stmt><imc name="MOVE"><imc name="TEMP" value="5"/><imc name="CONST" value="17"/></imc></stmt><stmt><imc name="JUMP" value="L18"/></stmt></codechunk><codechunk entrylabel="L20" exitlabel="L21"><frame FP="T6" RV="T7" argssize="0" depth="1" label="_h" locssize="88" size="104"/><stmt><imc name="LABEL" value="L20"/></stmt><stmt><imc name="MOVE"><imc name="TEMP" value="72"/><imc name="TEMP" value="6"/></imc></stmt><stmt><imc name="MOVE"><imc name="TEMP" value="73"/><imc name="CONST" value="-8"/></imc></stmt><stmt><imc name="MOVE"><imc name="TEMP" value="74"/><imc name="BINOP" value="ADD"><imc name="TEMP" value="72"/><imc name="TEMP" value="73"/></imc></imc></stmt><stmt><imc name="MOVE"><imc name="TEMP" value="76"/><imc name="CONST" value="1"/></imc></stmt><stmt><imc name="MOVE"><imc name="MEM"><imc name="TEMP" value="74"/></imc><imc name="TEMP" value="76"/></imc></stmt><stmt><imc name="MOVE"><imc name="TEMP" value="77"/><imc name="TEMP" value="6"/></imc></stmt><stmt><imc name="MOVE"><imc name="TEMP" value="78"/><imc name="CONST" value="-88"/></imc></stmt><stmt><imc name="MOVE"><imc name="TEMP" value="79"/><imc name="BINOP" value="ADD"><imc name="TEMP" value="77"/><imc name="TEMP" value="78"/></imc></imc></stmt><stmt><imc name="MOVE"><imc name="TEMP" value="80"/><imc name="CONST" value="0"/></imc></stmt><stmt><imc name="MOVE"><imc name="TEMP" value="81"/><imc name="CONST" value="8"/></imc></stmt><stmt><imc name="MOVE"><imc name="TEMP" value="82"/><imc name="BINOP" value="MUL"><imc name="TEMP" value="80"/><imc name="TEMP" value="81"/></imc></imc></stmt><stmt><imc name="MOVE"><imc name="TEMP" value="83"/><imc name="BINOP" value="ADD"><imc name="TEMP" value="79"/><imc name="TEMP" value="82"/></imc></imc></stmt><stmt><imc name="MOVE"><imc name="TEMP" value="85"/><imc name="CONST" value="1"/></imc></stmt><stmt><imc name="MOVE"><imc name="MEM"><imc name="TEMP" value="83"/></imc><imc name="TEMP" value="85"/></imc></stmt><stmt><imc name="LABEL" value="L9"/></stmt><stmt><imc name="MOVE"><imc name="TEMP" value="86"/><imc name="TEMP" value="6"/></imc></stmt><stmt><imc name="MOVE"><imc name="TEMP" value="87"/><imc name="CONST" value="-8"/></imc></stmt><stmt><imc name="MOVE"><imc name="TEMP" value="88"/><imc name="BINOP" value="ADD"><imc name="TEMP" value="86"/><imc name="TEMP" value="87"/></imc></imc></stmt><stmt><imc name="MOVE"><imc name="TEMP" value="89"/><imc name="MEM"><imc name="TEMP" value="88"/></imc></imc></stmt><stmt><imc name="MOVE"><imc name="TEMP" value="90"/><imc name="CONST" value="10"/></imc></stmt><stmt><imc name="MOVE"><imc name="TEMP" value="91"/><imc name="BINOP" value="LTH"><imc name="TEMP" value="89"/><imc name="TEMP" value="90"/></imc></imc></stmt><stmt><imc name="CJUMP" value="L10:L19"><imc name="TEMP" value="91"/></imc></stmt><stmt><imc name="LABEL" value="L19"/></stmt><stmt><imc name="JUMP" value="L11"/></stmt><stmt><imc name="LABEL" value="L10"/></stmt><stmt><imc name="MOVE"><imc name="TEMP" value="92"/><imc name="TEMP" value="6"/></imc></stmt><stmt><imc name="MOVE"><imc name="TEMP" value="93"/><imc name="CONST" value="-88"/></imc></stmt><stmt><imc name="MOVE"><imc name="TEMP" value="94"/><imc name="BINOP" value="ADD"><imc name="TEMP" value="92"/><imc name="TEMP" value="93"/></imc></imc></stmt><stmt><imc name="MOVE"><imc name="TEMP" value="95"/><imc name="TEMP" value="6"/></imc></stmt><stmt><imc name="MOVE"><imc name="TEMP" value="96"/><imc name="CONST" value="-8"/></imc></stmt><stmt><imc name="MOVE"><imc name="TEMP" value="97"/><imc name="BINOP" value="ADD"><imc name="TEMP" value="95"/><imc name="TEMP" value="96"/></imc></imc></stmt><stmt><imc name="MOVE"><imc name="TEMP" value="98"/><imc name="MEM"><imc name="TEMP" value="97"/></imc></imc></stmt><stmt><imc name="MOVE"><imc name="TEMP" value="99"/><imc name="CONST" value="8"/></imc></stmt><stmt><imc name="MOVE"><imc name="TEMP" value="100"/><imc name="BINOP" value="MUL"><imc name="TEMP" value="98"/><imc name="TEMP" value="99"/></imc></imc></stmt><stmt><imc name="MOVE"><imc name="TEMP" value="101"/><imc name="BINOP" value="ADD"><imc name="TEMP" value="94"/><imc name="TEMP" value="100"/></imc></imc></stmt><stmt><imc name="MOVE"><imc name="TEMP" value="103"/><imc name="TEMP" value="6"/></imc></stmt><stmt><imc name="MOVE"><imc name="TEMP" value="104"/><imc name="CONST" value="-88"/></imc></stmt><stmt><imc name="MOVE"><imc name="TEMP" value="105"/><imc name="BINOP" value="ADD"><imc name="TEMP" value="103"/><imc name="TEMP" value="104"/></imc></imc></stmt><stmt><imc name="MOVE"><imc name="TEMP" value="106"/><imc name="TEMP" value="6"/></imc></stmt><stmt><imc name="MOVE"><imc name="TEMP" value="107"/><imc name="CONST" value="-8"/></imc></stmt><stmt><imc name="MOVE"><imc name="TEMP" value="108"/><imc name="BINOP" value="ADD"><imc name="TEMP" value="106"/><imc name="TEMP" value="107"/></imc></imc></stmt><stmt><imc name="MOVE"><imc name="TEMP" value="109"/><imc name="MEM"><imc name="TEMP" value="108"/></imc></imc></stmt><stmt><imc name="MOVE"><imc name="TEMP" value="110"/><imc name="CONST" value="1"/></imc></stmt><stmt><imc name="MOVE"><imc name="TEMP" value="111"/><imc name="BINOP" value="SUB"><imc name="TEMP" value="109"/><imc name="TEMP" value="110"/></imc></imc></stmt><stmt><imc name="MOVE"><imc name="TEMP" value="112"/><imc name="CONST" value="8"/></imc></stmt><stmt><imc name="MOVE"><imc name="TEMP" value="113"/><imc name="BINOP" value="MUL"><imc name="TEMP" value="111"/><imc name="TEMP" value="112"/></imc></imc></stmt><stmt><imc name="MOVE"><imc name="TEMP" value="114"/><imc name="BINOP" value="ADD"><imc name="TEMP" value="105"/><imc name="TEMP" value="113"/></imc></imc></stmt><stmt><imc name="MOVE"><imc name="TEMP" value="115"/><imc name="MEM"><imc name="TEMP" value="114"/></imc></imc></stmt><stmt><imc name="MOVE"><imc name="TEMP" value="116"/><imc name="CONST" value="17"/></imc></stmt><stmt><imc name="MOVE"><imc name="TEMP" value="117"/><imc name="BINOP" value="MUL"><imc name="TEMP" value="115"/><imc name="TEMP" value="116"/></imc></imc></stmt><stmt><imc name="MOVE"><imc name="MEM"><imc name="TEMP" value="101"/></imc><imc name="TEMP" value="117"/></imc></stmt><stmt><imc name="MOVE"><imc name="TEMP" value="118"/><imc name="TEMP" value="6"/></imc></stmt><stmt><imc name="MOVE"><imc name="TEMP" value="119"/><imc name="CONST" value="-8"/></imc></stmt><stmt><imc name="MOVE"><imc name="TEMP" value="120"/><imc name="BINOP" value="ADD"><imc name="TEMP" value="118"/><imc name="TEMP" value="119"/></imc></imc></stmt><stmt><imc name="MOVE"><imc name="TEMP" value="122"/><imc name="TEMP" value="6"/></imc></stmt><stmt><imc name="MOVE"><imc name="TEMP" value="123"/><imc name="CONST" value="-8"/></imc></stmt><stmt><imc name="MOVE"><imc name="TEMP" value="124"/><imc name="BINOP" value="ADD"><imc name="TEMP" value="122"/><imc name="TEMP" value="123"/></imc></imc></stmt><stmt><imc name="MOVE"><imc name="TEMP" value="125"/><imc name="MEM"><imc name="TEMP" value="124"/></imc></imc></stmt><stmt><imc name="MOVE"><imc name="TEMP" value="126"/><imc name="CONST" value="1"/></imc></stmt><stmt><imc name="MOVE"><imc name="TEMP" value="127"/><imc name="BINOP" value="ADD"><imc name="TEMP" value="125"/><imc name="TEMP" value="126"/></imc></imc></stmt><stmt><imc name="MOVE"><imc name="MEM"><imc name="TEMP" value="120"/></imc><imc name="TEMP" value="127"/></imc></stmt><stmt><imc name="JUMP" value="L9"/></stmt><stmt><imc name="LABEL" value="L11"/></stmt><stmt><imc name="MOVE"><imc name="TEMP" value="128"/><imc name="CONST" value="0"/></imc></stmt><stmt><imc name="MOVE"><imc name="TEMP" value="7"/><imc name="TEMP" value="128"/></imc></stmt><stmt><imc name="JUMP" value="L21"/></stmt></codechunk><codechunk entrylabel="L22" exitlabel="L23"><frame FP="T8" RV="T9" argssize="8" depth="1" label="_main" locssize="0" size="24"/><stmt><imc name="LABEL" value="L22"/></stmt><stmt><imc name="MOVE"><imc name="TEMP" value="129"/><imc name="CONST" value="0"/></imc></stmt><stmt><imc name="MOVE"><imc name="TEMP" value="130"/><imc name="CALL" value="_h"><imc name="TEMP" value="129"/></imc></imc></stmt><stmt><imc name="MOVE"><imc name="TEMP" value="131"/><imc name="CONST" value="0"/></imc></stmt><stmt><imc name="MOVE"><imc name="TEMP" value="9"/><imc name="TEMP" value="131"/></imc></stmt><stmt><imc name="JUMP" value="L23"/></stmt></codechunk></chunks>