<?xml version="1.0" encoding="UTF-8" standalone="no"?><?xml-stylesheet type="text/xsl" href="../../data/chunks.xsl"?><chunks><datachunk init="" label="_i" size="8"/><datachunk init="&quot;one&quot;" label="L0" size="48"/><datachunk init="&quot;test&quot;" label="L1" size="56"/><codechunk entrylabel="L2" exitlabel="L3"><frame FP="T0" RV="T1" argssize="0" depth="1" label="_f1" locssize="0" size="16"/><stmt><imc name="LABEL" value="L2"/></stmt><stmt><imc name="MOVE"><imc name="TEMP" value="1"/><imc name="NAME" value="L0"/></imc></stmt><stmt><imc name="JUMP" value="L3"/></stmt></codechunk><codechunk entrylabel="L4" exitlabel="L5"><frame FP="T2" RV="T3" argssize="0" depth="1" label="_f2" locssize="0" size="16"/><stmt><imc name="LABEL" value="L4"/></stmt><stmt><imc name="MOVE"><imc name="TEMP" value="3"/><imc name="CONST" value="1"/></imc></stmt><stmt><imc name="JUMP" value="L5"/></stmt></codechunk><codechunk entrylabel="L6" exitlabel="L7"><frame FP="T4" RV="T5" argssize="16" depth="1" label="_main" locssize="0" size="32"/><stmt><imc name="LABEL" value="L6"/></stmt><stmt><imc name="MOVE"><imc name="TEMP" value="12"/><imc name="CONST" value="3"/></imc></stmt><stmt><imc name="MOVE"><imc name="TEMP" value="13"/><imc name="CONST" value="2"/></imc></stmt><stmt><imc name="MOVE"><imc name="TEMP" value="14"/><imc name="BINOP" value="ADD"><imc name="TEMP" value="12"/><imc name="TEMP" value="13"/></imc></imc></stmt><stmt><imc name="MOVE"><imc name="MEM"><imc name="NAME" value="_i"/></imc><imc name="TEMP" value="14"/></imc></stmt><stmt><imc name="MOVE"><imc name="TEMP" value="15"/><imc name="CONST" value="0"/></imc></stmt><stmt><imc name="MOVE"><imc name="TEMP" value="16"/><imc name="NAME" value="L1"/></imc></stmt><stmt><imc name="MOVE"><imc name="TEMP" value="17"/><imc name="CALL" value="_putString"><imc name="TEMP" value="15"/><imc name="TEMP" value="16"/></imc></imc></stmt><stmt><imc name="MOVE"><imc name="TEMP" value="18"/><imc name="CONST" value="0"/></imc></stmt><stmt><imc name="MOVE"><imc name="TEMP" value="5"/><imc name="TEMP" value="18"/></imc></stmt><stmt><imc name="JUMP" value="L7"/></stmt></codechunk></chunks>