<?xml version="1.0" encoding="UTF-8" standalone="no"?><?xml-stylesheet type="text/xsl" href="../../data/chunks.xsl"?><chunks><datachunk init="0" label="_vr" size="8"/><datachunk init="0" label="_zzz" size="8"/><datachunk init="xx_string" label="L0" size="80"/><codechunk entrylabel="L1" exitlabel="L2"><frame FP="T0" RV="T1" argssize="16" depth="1" label="_f" locssize="40" size="72"/><stmt><imc name="MOVE"><imc name="TEMP" value="2"/><imc name="TEMP" value="0"/></imc></stmt><stmt><imc name="MOVE"><imc name="TEMP" value="3"/><imc name="CONST" value="-32"/></imc></stmt><stmt><imc name="MOVE"><imc name="TEMP" value="4"/><imc name="BINOP" value="ADD"><imc name="TEMP" value="2"/><imc name="TEMP" value="3"/></imc></imc></stmt><stmt><imc name="MOVE"><imc name="TEMP" value="5"/><imc name="CONST" value="8"/></imc></stmt><stmt><imc name="MOVE"><imc name="TEMP" value="6"/><imc name="BINOP" value="ADD"><imc name="TEMP" value="4"/><imc name="TEMP" value="5"/></imc></imc></stmt><stmt><imc name="MOVE"><imc name="TEMP" value="13"/><imc name="CONST" value="55"/></imc></stmt><stmt><imc name="MOVE"><imc name="TEMP" value="16"/><imc name="CONST" value="55"/></imc></stmt><stmt><imc name="MOVE"><imc name="TEMP" value="17"/><imc name="UNOP" value="NEG"><imc name="TEMP" value="16"/></imc></imc></stmt><stmt><imc name="MOVE"><imc name="TEMP" value="18"/><imc name="CONST" value="55"/></imc></stmt><stmt><imc name="MOVE"><imc name="TEMP" value="21"/><imc name="CONST" value="17"/></imc></stmt><stmt><imc name="MOVE"><imc name="TEMP" value="26"/><imc name="NAME" value="_zzz"/></imc></stmt><stmt><imc name="MOVE"><imc name="TEMP" value="29"/><imc name="TEMP" value="0"/></imc></stmt><stmt><imc name="MOVE"><imc name="TEMP" value="30"/><imc name="CONST" value="-8"/></imc></stmt><stmt><imc name="MOVE"><imc name="TEMP" value="33"/><imc name="TEMP" value="0"/></imc></stmt><stmt><imc name="MOVE"><imc name="TEMP" value="34"/><imc name="CONST" value="-40"/></imc></stmt><stmt><imc name="MOVE"><imc name="TEMP" value="35"/><imc name="BINOP" value="ADD"><imc name="TEMP" value="33"/><imc name="TEMP" value="34"/></imc></imc></stmt><stmt><imc name="MOVE"><imc name="TEMP" value="36"/><imc name="MEM"><imc name="TEMP" value="35"/></imc></imc></stmt><stmt><imc name="MOVE"><imc name="TEMP" value="37"/><imc name="TEMP" value="0"/></imc></stmt><stmt><imc name="MOVE"><imc name="TEMP" value="38"/><imc name="CONST" value="24"/></imc></stmt><stmt><imc name="MOVE"><imc name="TEMP" value="39"/><imc name="CALL" value="__new"><imc name="TEMP" value="37"/><imc name="TEMP" value="38"/></imc></imc></stmt><stmt><imc name="MOVE"><imc name="TEMP" value="36"/><imc name="TEMP" value="39"/></imc></stmt><stmt><imc name="MOVE"><imc name="TEMP" value="43"/><imc name="TEMP" value="0"/></imc></stmt><stmt><imc name="MOVE"><imc name="TEMP" value="44"/><imc name="CONST" value="-8"/></imc></stmt><stmt><imc name="MOVE"><imc name="TEMP" value="45"/><imc name="BINOP" value="ADD"><imc name="TEMP" value="43"/><imc name="TEMP" value="44"/></imc></imc></stmt><stmt><imc name="MOVE"><imc name="TEMP" value="46"/><imc name="MEM"><imc name="TEMP" value="45"/></imc></imc></stmt><stmt><imc name="MOVE"><imc name="TEMP" value="47"/><imc name="TEMP" value="0"/></imc></stmt><stmt><imc name="MOVE"><imc name="TEMP" value="48"/><imc name="CONST" value="-32"/></imc></stmt><stmt><imc name="MOVE"><imc name="TEMP" value="49"/><imc name="BINOP" value="ADD"><imc name="TEMP" value="47"/><imc name="TEMP" value="48"/></imc></imc></stmt><stmt><imc name="MOVE"><imc name="TEMP" value="50"/><imc name="CONST" value="0"/></imc></stmt><stmt><imc name="MOVE"><imc name="TEMP" value="51"/><imc name="BINOP" value="ADD"><imc name="TEMP" value="49"/><imc name="TEMP" value="50"/></imc></imc></stmt><stmt><imc name="MOVE"><imc name="TEMP" value="52"/><imc name="MEM"><imc name="TEMP" value="51"/></imc></imc></stmt><stmt><imc name="MOVE"><imc name="TEMP" value="53"/><imc name="TEMP" value="0"/></imc></stmt><stmt><imc name="MOVE"><imc name="TEMP" value="54"/><imc name="CONST" value="-32"/></imc></stmt><stmt><imc name="MOVE"><imc name="TEMP" value="55"/><imc name="BINOP" value="ADD"><imc name="TEMP" value="53"/><imc name="TEMP" value="54"/></imc></imc></stmt><stmt><imc name="MOVE"><imc name="TEMP" value="56"/><imc name="CONST" value="8"/></imc></stmt><stmt><imc name="MOVE"><imc name="TEMP" value="57"/><imc name="BINOP" value="ADD"><imc name="TEMP" value="55"/><imc name="TEMP" value="56"/></imc></imc></stmt><stmt><imc name="MOVE"><imc name="TEMP" value="58"/><imc name="MEM"><imc name="TEMP" value="57"/></imc></imc></stmt><stmt><imc name="MOVE"><imc name="TEMP" value="59"/><imc name="TEMP" value="0"/></imc></stmt><stmt><imc name="MOVE"><imc name="TEMP" value="60"/><imc name="CONST" value="-32"/></imc></stmt><stmt><imc name="MOVE"><imc name="TEMP" value="61"/><imc name="BINOP" value="ADD"><imc name="TEMP" value="59"/><imc name="TEMP" value="60"/></imc></imc></stmt><stmt><imc name="MOVE"><imc name="TEMP" value="62"/><imc name="CONST" value="16"/></imc></stmt><stmt><imc name="MOVE"><imc name="TEMP" value="63"/><imc name="BINOP" value="ADD"><imc name="TEMP" value="61"/><imc name="TEMP" value="62"/></imc></imc></stmt><stmt><imc name="MOVE"><imc name="TEMP" value="64"/><imc name="MEM"><imc name="TEMP" value="63"/></imc></imc></stmt><stmt><imc name="MOVE"><imc name="TEMP" value="65"/><imc name="BINOP" value="MUL"><imc name="TEMP" value="58"/><imc name="TEMP" value="64"/></imc></imc></stmt><stmt><imc name="MOVE"><imc name="TEMP" value="66"/><imc name="TEMP" value="0"/></imc></stmt><stmt><imc name="MOVE"><imc name="TEMP" value="67"/><imc name="CONST" value="-32"/></imc></stmt><stmt><imc name="MOVE"><imc name="TEMP" value="68"/><imc name="BINOP" value="ADD"><imc name="TEMP" value="66"/><imc name="TEMP" value="67"/></imc></imc></stmt><stmt><imc name="MOVE"><imc name="TEMP" value="69"/><imc name="CONST" value="0"/></imc></stmt><stmt><imc name="MOVE"><imc name="TEMP" value="70"/><imc name="BINOP" value="ADD"><imc name="TEMP" value="68"/><imc name="TEMP" value="69"/></imc></imc></stmt><stmt><imc name="MOVE"><imc name="TEMP" value="71"/><imc name="MEM"><imc name="TEMP" value="70"/></imc></imc></stmt><stmt><imc name="MOVE"><imc name="TEMP" value="72"/><imc name="BINOP" value="MOD"><imc name="TEMP" value="65"/><imc name="TEMP" value="71"/></imc></imc></stmt><stmt><imc name="MOVE"><imc name="TEMP" value="73"/><imc name="BINOP" value="ADD"><imc name="TEMP" value="52"/><imc name="TEMP" value="72"/></imc></imc></stmt><stmt><imc name="MOVE"><imc name="TEMP" value="46"/><imc name="TEMP" value="73"/></imc></stmt><stmt><imc name="MOVE"><imc name="TEMP" value="75"/><imc name="CONST" value="0"/></imc></stmt><stmt><imc name="MOVE"><imc name="TEMP" value="76"/><imc name="TEMP" value="75"/></imc></stmt></codechunk></chunks>