<?xml version="1.0" encoding="UTF-8" standalone="no"?><?xml-stylesheet type="text/xsl" href="../../data/chunks.xsl"?><chunks><codechunk entrylabel="L0" exitlabel="L1"><frame FP="T6" RV="T7" argssize="16" depth="1" label="_main" locssize="0" size="32"/><stmt><imc name="LABEL" value="L0"/></stmt><stmt><imc name="MOVE"><imc name="TEMP" value="8"/><imc name="CONST" value="0"/></imc></stmt><stmt><imc name="MOVE"><imc name="TEMP" value="9"/><imc name="CONST" value="0"/></imc></stmt><stmt><imc name="MOVE"><imc name="TEMP" value="10"/><imc name="CALL" value="_putInt"><imc name="TEMP" value="8"/><imc name="TEMP" value="9"/></imc></imc></stmt><stmt><imc name="MOVE"><imc name="TEMP" value="11"/><imc name="CONST" value="0"/></imc></stmt><stmt><imc name="MOVE"><imc name="TEMP" value="7"/><imc name="TEMP" value="11"/></imc></stmt><stmt><imc name="JUMP" value="L1"/></stmt></codechunk></chunks>