<?xml version="1.0" encoding="UTF-8" standalone="no"?><?xml-stylesheet type="text/xsl" href="../../data/chunks.xsl"?><chunks><datachunk init="" label="_a" size="80"/><datachunk init="" label="_pt" size="16"/><datachunk init="" label="_pxt" size="8"/><datachunk init="" label="_l" size="8"/><codechunk entrylabel="L0" exitlabel="L1"><frame FP="T0" RV="T1" argssize="0" depth="1" label="_main" locssize="0" size="16"/><stmt><imc name="LABEL" value="L0"/></stmt><stmt><imc name="MOVE"><imc name="TEMP" value="2"/><imc name="CONST" value="1"/></imc></stmt><stmt><imc name="MOVE"><imc name="MEM"><imc name="BINOP" value="ADD"><imc name="NAME" value="_pt"/><imc name="CONST" value="0"/></imc></imc><imc name="TEMP" value="2"/></imc></stmt><stmt><imc name="MOVE"><imc name="TEMP" value="3"/><imc name="CONST" value="17"/></imc></stmt><stmt><imc name="MOVE"><imc name="MEM"><imc name="NAME" value="_l"/></imc><imc name="TEMP" value="3"/></imc></stmt><stmt><imc name="MOVE"><imc name="TEMP" value="4"/><imc name="NAME" value="_pt"/></imc></stmt><stmt><imc name="MOVE"><imc name="TEMP" value="5"/><imc name="CONST" value="0"/></imc></stmt><stmt><imc name="MOVE"><imc name="TEMP" value="6"/><imc name="BINOP" value="ADD"><imc name="TEMP" value="4"/><imc name="TEMP" value="5"/></imc></imc></stmt><stmt><imc name="MOVE"><imc name="TEMP" value="7"/><imc name="MEM"><imc name="TEMP" value="6"/></imc></imc></stmt><stmt><imc name="MOVE"><imc name="TEMP" value="8"/><imc name="NAME" value="_l"/></imc></stmt><stmt><imc name="MOVE"><imc name="TEMP" value="9"/><imc name="MEM"><imc name="TEMP" value="8"/></imc></imc></stmt><stmt><imc name="MOVE"><imc name="TEMP" value="10"/><imc name="BINOP" value="ADD"><imc name="TEMP" value="7"/><imc name="TEMP" value="9"/></imc></imc></stmt><stmt><imc name="MOVE"><imc name="TEMP" value="11"/><imc name="CONST" value="1"/></imc></stmt><stmt><imc name="MOVE"><imc name="TEMP" value="12"/><imc name="BINOP" value="SUB"><imc name="TEMP" value="10"/><imc name="TEMP" value="11"/></imc></imc></stmt><stmt><imc name="MOVE"><imc name="TEMP" value="1"/><imc name="TEMP" value="12"/></imc></stmt><stmt><imc name="JUMP" value="L1"/></stmt></codechunk></chunks>