<?xml version="1.0" encoding="UTF-8" standalone="no"?><?xml-stylesheet type="text/xsl" href="../../data/frames.xsl"?><frames><node label="Source"><node label="Decls"><node label="FunDef" lexeme="x"><node label="ParDecls"><location loc="0.0--0.0"/></node><node label="AtomType" spec="CHAR"><location loc="1.11--1.14"/></node><node label="BlockExpr"><node label="Decls"><node label="VarDecl" lexeme="a"><node label="AtomType" spec="CHAR"><location loc="5.23--5.26"/></node><location loc="5.15--5.27"/><access depth="1" offset="-8" size="8"/></node><node label="VarDecl" lexeme="b"><node label="ArrType"><node label="AtomExpr" lexeme="10" spec="INT"><location loc="5.41--5.42"/></node><node label="AtomType" spec="INT"><location loc="5.45--5.47"/></node><location loc="5.37--5.47"/><type label="ARR(10)" len="10"><type label="INT"/></type></node><location loc="5.29--5.48"/><access depth="1" offset="-88" size="80"/></node><location loc="5.15--5.48"/></node><node label="Stmts"><node label="ExprStmt"><node label="AtomExpr" lexeme="true" spec="BOOL"><location loc="2.9--2.12"/><type label="BOOL"/></node><location loc="2.9--2.12"/></node><location loc="2.9--2.12"/></node><node label="VarName" lexeme="a"><location loc="4.9--4.9"/><declaredAt location="5.15--5.27"/></node><location loc="2.9--5.48"/><type label="CHAR"/></node><location loc="1.1--6.2"/><frame argssize="0" depth="1" label="_x" locssize="88" size="104"/></node><node label="FunDef" lexeme="g"><node label="ParDecls"><node label="ParDecl" lexeme="x"><node label="AtomType" spec="INT"><location loc="8.11--8.13"/></node><location loc="8.7--8.13"/></node><node label="ParDecl" lexeme="y"><node label="AtomType" spec="INT"><location loc="8.20--8.22"/></node><location loc="8.16--8.22"/></node><node label="ParDecl" lexeme="z"><node label="AtomType" spec="INT"><location loc="8.29--8.31"/></node><location loc="8.25--8.31"/></node><node label="ParDecl" lexeme="w"><node label="PtrType"><node label="ArrType"><node label="AtomExpr" lexeme="10" spec="INT"><location loc="8.46--8.47"/></node><node label="AtomType" spec="INT"><location loc="8.50--8.52"/></node><location loc="8.42--8.52"/><type label="ARR(10)" len="10"><type label="INT"/></type></node><location loc="8.38--8.52"/><type label="PTR"><type label="ARR(10)" len="10"><type label="INT"/></type></type></node><location loc="8.34--8.52"/></node><location loc="8.7--8.52"/></node><node label="PtrType"><node label="AtomType" spec="VOID"><location loc="8.61--8.64"/></node><location loc="8.57--8.64"/><type label="PTR"><type label="VOID"/></type></node><node label="BlockExpr"><node label="Decls"><location loc="0.0--0.0"/></node><node label="Stmts"><node label="ExprStmt"><node label="AtomExpr" lexeme="true" spec="BOOL"><location loc="9.9--9.12"/><type label="BOOL"/></node><location loc="9.9--9.12"/></node><location loc="9.9--9.12"/></node><node label="AtomExpr" lexeme="null" spec="PTR"><location loc="11.9--11.12"/><type label="PTR"><type label="VOID"/></type></node><location loc="9.9--11.12"/><type label="PTR"><type label="VOID"/></type></node><location loc="8.1--12.2"/><frame argssize="0" depth="1" label="_g" locssize="0" size="16"/></node><node label="FunDecl" lexeme="op"><node label="ParDecls"><node label="ParDecl" lexeme="x"><node label="AtomType" spec="INT"><location loc="14.12--14.14"/></node><location loc="14.8--14.14"/></node><location loc="14.8--14.14"/></node><node label="AtomType" spec="INT"><location loc="14.19--14.21"/></node><location loc="14.1--14.22"/></node><node label="TypDecl" lexeme="ll"><node label="AtomType" spec="INT"><location loc="16.10--16.12"/></node><location loc="16.1--16.13"/><type label="TYPE" name="ll"/></node><node label="TypDecl" lexeme="myrec"><node label="RecType"><node label="CompDecls"><node label="CompDecl" lexeme="x"><node label="AtomType" spec="INT"><location loc="17.21--17.23"/></node><location loc="17.17--17.23"/></node><node label="CompDecl" lexeme="y"><node label="TypeName" lexeme="ll"><location loc="17.30--17.31"/><declaredAt location="16.1--16.13"/></node><location loc="17.26--17.31"/></node><node label="CompDecl" lexeme="z"><node label="ArrType"><node label="AtomExpr" lexeme="10" spec="INT"><location loc="17.42--17.43"/></node><node label="TypeName" lexeme="ll"><location loc="17.46--17.47"/><declaredAt location="16.1--16.13"/></node><location loc="17.38--17.47"/><type label="ARR(10)" len="10"><type label="INT"/></type></node><location loc="17.34--17.47"/></node><location loc="17.17--17.47"/></node><location loc="17.13--17.48"/><type label="REC"><type label="INT"/><type label="INT"/><type label="ARR(10)" len="10"><type label="INT"/></type></type></node><location loc="17.1--17.49"/><type label="TYPE" name="myrec"/></node><node label="VarDecl" lexeme="global"><node label="TypeName" lexeme="myrec"><location loc="19.14--19.18"/><declaredAt location="17.1--17.49"/></node><location loc="19.1--19.19"/><access init="0" label="_global" size="96"/></node><node label="FunDef" lexeme="h"><node label="ParDecls"><node label="ParDecl" lexeme="A"><node label="AtomType" spec="INT"><location loc="21.11--21.13"/></node><location loc="21.7--21.13"/></node><node label="ParDecl" lexeme="B"><node label="AtomType" spec="INT"><location loc="21.20--21.22"/></node><location loc="21.16--21.22"/></node><node label="ParDecl" lexeme="C"><node label="AtomType" spec="INT"><location loc="21.29--21.31"/></node><location loc="21.25--21.31"/></node><location loc="21.7--21.31"/></node><node label="AtomType" spec="VOID"><location loc="21.36--21.39"/></node><node label="BlockExpr"><node label="Decls"><node label="VarDecl" lexeme="y"><node label="PtrType"><node label="ArrType"><node label="AtomExpr" lexeme="10" spec="INT"><location loc="32.33--32.34"/></node><node label="AtomType" spec="INT"><location loc="32.37--32.39"/></node><location loc="32.29--32.39"/><type label="ARR(10)" len="10"><type label="INT"/></type></node><location loc="32.25--32.39"/><type label="PTR"><type label="ARR(10)" len="10"><type label="INT"/></type></type></node><location loc="32.17--32.40"/><access depth="1" offset="-8" size="8"/></node><node label="FunDecl" lexeme="test"><node label="ParDecls"><node label="ParDecl" lexeme="x"><node label="AtomType" spec="INT"><location loc="34.30--34.32"/></node><location loc="34.26--34.32"/></node><node label="ParDecl" lexeme="y"><node label="AtomType" spec="INT"><location loc="34.39--34.41"/></node><location loc="34.35--34.41"/></node><node label="ParDecl" lexeme="z"><node label="AtomType" spec="INT"><location loc="34.48--34.50"/></node><location loc="34.44--34.50"/></node><node label="ParDecl" lexeme="w"><node label="AtomType" spec="INT"><location loc="34.57--34.59"/></node><location loc="34.53--34.59"/></node><node label="ParDecl" lexeme="a"><node label="AtomType" spec="INT"><location loc="34.66--34.68"/></node><location loc="34.62--34.68"/></node><node label="ParDecl" lexeme="b"><node label="AtomType" spec="INT"><location loc="34.75--34.77"/></node><location loc="34.71--34.77"/></node><node label="ParDecl" lexeme="c"><node label="AtomType" spec="INT"><location loc="34.84--34.86"/></node><location loc="34.80--34.86"/></node><node label="ParDecl" lexeme="d"><node label="AtomType" spec="INT"><location loc="34.93--34.95"/></node><location loc="34.89--34.95"/></node><location loc="34.26--34.95"/></node><node label="AtomType" spec="INT"><location loc="34.100--34.102"/></node><location loc="34.17--34.103"/></node><node label="FunDef" lexeme="op"><node label="ParDecls"><node label="ParDecl" lexeme="lj"><node label="AtomType" spec="INT"><location loc="36.29--36.31"/></node><location loc="36.24--36.31"/></node><node label="ParDecl" lexeme="mw"><node label="AtomType" spec="INT"><location loc="36.39--36.41"/></node><location loc="36.34--36.41"/></node><location loc="36.24--36.41"/></node><node label="AtomType" spec="INT"><location loc="36.46--36.48"/></node><node label="BlockExpr"><node label="Decls"><node label="VarDecl" lexeme="fx"><node label="AtomType" spec="INT"><location loc="40.40--40.42"/></node><location loc="40.31--40.43"/><access depth="2" offset="-8" size="8"/></node><node label="VarDecl" lexeme="sx"><node label="AtomType" spec="CHAR"><location loc="40.54--40.57"/></node><location loc="40.45--40.58"/><access depth="2" offset="-16" size="8"/></node><node label="FunDef" lexeme="fxx"><node label="ParDecls"><location loc="0.0--0.0"/></node><node label="AtomType" spec="INT"><location loc="40.72--40.74"/></node><node label="BlockExpr"><node label="Decls"><node label="VarDecl" lexeme="px"><node label="ArrType"><node label="AtomExpr" lexeme="10" spec="INT"><location loc="40.113--40.114"/></node><node label="AtomType" spec="INT"><location loc="40.117--40.119"/></node><location loc="40.109--40.119"/><type label="ARR(10)" len="10"><type label="INT"/></type></node><location loc="40.100--40.120"/><access depth="3" offset="-80" size="80"/></node><location loc="40.100--40.120"/></node><node label="Stmts"><node label="ExprStmt"><node label="AtomExpr" lexeme="true" spec="BOOL"><location loc="40.79--40.82"/><type label="BOOL"/></node><location loc="40.79--40.82"/></node><location loc="40.79--40.82"/></node><node label="ArrExpr"><node label="VarName" lexeme="px"><location loc="40.87--40.88"/><declaredAt location="40.100--40.120"/></node><node label="AtomExpr" lexeme="17" spec="INT"><location loc="40.90--40.91"/><type label="INT"/></node><location loc="40.87--40.92"/><type label="INT"/><addr/></node><location loc="40.79--40.120"/><type label="INT"/></node><location loc="40.60--40.122"/><frame argssize="0" depth="3" label="_fxx" locssize="80" size="96"/></node><location loc="40.31--40.122"/></node><node label="Stmts"><node label="ExprStmt"><node label="FunName" lexeme="h"><node label="Args"><node label="AtomExpr" lexeme="1" spec="INT"><location loc="37.27--37.27"/><type label="INT"/></node><node label="RecExpr"><node label="VarName" lexeme="global"><location loc="37.30--37.35"/><declaredAt location="19.1--19.19"/></node><node label="VarName" lexeme="y"><location loc="37.37--37.37"/></node><location loc="37.30--37.37"/><type label="INT"/><addr/></node><node label="AtomExpr" lexeme="1" spec="INT"><location loc="37.40--37.40"/><type label="INT"/></node><location loc="37.27--37.40"/></node><location loc="37.25--37.41"/><declaredAt location="21.1--52.2"/><type label="VOID"/></node><location loc="37.25--37.41"/></node><location loc="37.25--37.41"/></node><node label="VarName" lexeme="fx"><location loc="39.25--39.26"/><declaredAt location="40.31--40.43"/></node><location loc="37.25--40.122"/><type label="INT"/></node><location loc="36.17--41.18"/><frame argssize="32" depth="2" label="_op" locssize="16" size="64"/></node><node label="VarDecl" lexeme="pt"><node label="TypeName" lexeme="myrec"><location loc="43.26--43.30"/><declaredAt location="17.1--17.49"/></node><location loc="43.17--43.31"/><access depth="1" offset="-104" size="96"/></node><node label="VarDecl" lexeme="ptrx"><node label="PtrType"><node label="TypeName" lexeme="myrec"><location loc="44.32--44.36"/><declaredAt location="17.1--17.49"/></node><location loc="44.28--44.36"/><type label="PTR"><type label="REC"><type label="INT"/><type label="INT"/><type label="ARR(10)" len="10"><type label="INT"/></type></type></type></node><location loc="44.17--44.37"/><access depth="1" offset="-112" size="8"/></node><node label="FunDef" lexeme="crazy"><node label="ParDecls"><node label="ParDecl" lexeme="x"><node label="AtomType" spec="INT"><location loc="46.31--46.33"/></node><location loc="46.27--46.33"/></node><location loc="46.27--46.33"/></node><node label="AtomType" spec="BOOL"><location loc="46.38--46.41"/></node><node label="BlockExpr"><node label="Decls"><node label="VarDecl" lexeme="nmb"><node label="AtomType" spec="INT"><location loc="50.41--50.43"/></node><location loc="50.31--50.44"/><access depth="2" offset="-8" size="8"/></node><node label="VarDecl" lexeme="xx"><node label="AtomType" spec="BOOL"><location loc="50.55--50.58"/></node><location loc="50.46--50.59"/><access depth="2" offset="-16" size="8"/></node><location loc="50.31--50.59"/></node><node label="Stmts"><node label="ExprStmt"><node label="FunName" lexeme="op"><node label="Args"><node label="VarName" lexeme="nmb"><location loc="47.28--47.30"/><declaredAt location="50.31--50.44"/><type label="INT"/></node><node label="FunName" lexeme="op"><node label="Args"><node label="AtomExpr" lexeme="1" spec="INT"><location loc="47.36--47.36"/><type label="INT"/></node><node label="AtomExpr" lexeme="1" spec="INT"><location loc="47.39--47.39"/><type label="INT"/></node><location loc="47.36--47.39"/></node><location loc="47.33--47.40"/><declaredAt location="36.17--41.18"/><type label="INT"/></node><location loc="47.28--47.40"/></node><location loc="47.25--47.41"/><declaredAt location="36.17--41.18"/><type label="INT"/></node><location loc="47.25--47.41"/></node><location loc="47.25--47.41"/></node><node label="UnExpr" spec="NOT"><node label="UnExpr" spec="NOT"><node label="AtomExpr" lexeme="true" spec="BOOL"><location loc="49.27--49.30"/><type label="BOOL"/></node><location loc="49.26--49.30"/><type label="BOOL"/></node><location loc="49.25--49.30"/><type label="BOOL"/></node><location loc="47.25--50.59"/><type label="BOOL"/></node><location loc="46.17--51.18"/><frame argssize="24" depth="2" label="_crazy" locssize="16" size="56"/></node><location loc="32.17--51.18"/></node><node label="Stmts"><node label="ExprStmt"><node label="FunName" lexeme="x"><node label="Args"><location loc="0.0--0.0"/></node><location loc="22.9--22.11"/><declaredAt location="1.1--6.2"/><type label="CHAR"/></node><location loc="22.9--22.11"/></node><node label="ExprStmt"><node label="FunName" lexeme="op"><node label="Args"><node label="BinExpr" spec="ADD"><node label="AtomExpr" lexeme="3" spec="INT"><location loc="23.12--23.12"/><type label="INT"/></node><node label="AtomExpr" lexeme="7" spec="INT"><location loc="23.16--23.16"/><type label="INT"/></node><location loc="23.12--23.16"/><type label="INT"/></node><node label="AtomExpr" lexeme="3" spec="INT"><location loc="23.19--23.19"/><type label="INT"/></node><location loc="23.12--23.19"/></node><location loc="23.9--23.20"/><declaredAt location="36.17--41.18"/><type label="INT"/></node><location loc="23.9--23.20"/></node><node label="ExprStmt"><node label="FunName" lexeme="g"><node label="Args"><node label="AtomExpr" lexeme="1" spec="INT"><location loc="24.11--24.11"/><type label="INT"/></node><node label="CastExpr"><node label="CastExpr"><node label="FunName" lexeme="op"><node label="Args"><node label="CastExpr"><node label="FunName" lexeme="x"><node label="Args"><location loc="0.0--0.0"/></node><location loc="24.20--24.22"/><declaredAt location="1.1--6.2"/><type label="CHAR"/></node><node label="AtomType" spec="INT"><location loc="24.26--24.28"/></node><location loc="24.19--24.29"/><type label="INT"/></node><node label="AtomExpr" lexeme="1" spec="INT"><location loc="24.32--24.32"/><type label="INT"/></node><location loc="24.19--24.32"/></node><location loc="24.16--24.33"/><declaredAt location="36.17--41.18"/><type label="INT"/></node><node label="AtomType" spec="CHAR"><location loc="24.37--24.40"/></node><location loc="24.15--24.41"/><type label="CHAR"/></node><node label="AtomType" spec="INT"><location loc="24.45--24.47"/></node><location loc="24.14--24.48"/><type label="INT"/></node><node label="AtomExpr" lexeme="1" spec="INT"><location loc="24.51--24.51"/><type label="INT"/></node><node label="VarName" lexeme="y"><location loc="24.54--24.54"/><declaredAt location="32.17--32.40"/><type label="PTR"><type label="ARR(10)" len="10"><type label="INT"/></type></type></node><location loc="24.11--24.54"/></node><location loc="24.9--24.55"/><declaredAt location="8.1--12.2"/><type label="PTR"><type label="VOID"/></type></node><location loc="24.9--24.55"/></node><node label="ExprStmt"><node label="FunName" lexeme="h"><node label="Args"><node label="AtomExpr" lexeme="1" spec="INT"><location loc="25.11--25.11"/><type label="INT"/></node><node label="AtomExpr" lexeme="1" spec="INT"><location loc="25.14--25.14"/><type label="INT"/></node><node label="AtomExpr" lexeme="1" spec="INT"><location loc="25.17--25.17"/><type label="INT"/></node><location loc="25.11--25.17"/></node><location loc="25.9--25.18"/><declaredAt location="21.1--52.2"/><type label="VOID"/></node><location loc="25.9--25.18"/></node><node label="ExprStmt"><node label="FunName" lexeme="x"><node label="Args"><location loc="0.0--0.0"/></node><location loc="26.9--26.11"/><declaredAt location="1.1--6.2"/><type label="CHAR"/></node><location loc="26.9--26.11"/></node><node label="ExprStmt"><node label="FunName" lexeme="op"><node label="Args"><node label="AtomExpr" lexeme="17" spec="INT"><location loc="27.12--27.13"/><type label="INT"/></node><node label="AtomExpr" lexeme="17" spec="INT"><location loc="27.16--27.17"/><type label="INT"/></node><location loc="27.12--27.17"/></node><location loc="27.9--27.18"/><declaredAt location="36.17--41.18"/><type label="INT"/></node><location loc="27.9--27.18"/></node><node label="ExprStmt"><node label="FunName" lexeme="test"><node label="Args"><node label="ArrExpr"><node label="RecExpr"><node label="VarName" lexeme="global"><location loc="28.14--28.19"/><declaredAt location="19.1--19.19"/></node><node label="VarName" lexeme="z"><location loc="28.21--28.21"/></node><location loc="28.14--28.21"/><type label="ARR(10)" len="10"><type label="INT"/></type><addr/></node><node label="AtomExpr" lexeme="10" spec="INT"><location loc="28.23--28.24"/><type label="INT"/></node><location loc="28.14--28.25"/><type label="INT"/><addr/></node><node label="RecExpr"><node label="VarName" lexeme="pt"><location loc="28.28--28.29"/><declaredAt location="43.17--43.31"/></node><node label="VarName" lexeme="x"><location loc="28.31--28.31"/></node><location loc="28.28--28.31"/><type label="INT"/><addr/></node><node label="RecExpr"><node label="VarName" lexeme="pt"><location loc="28.34--28.35"/><declaredAt location="43.17--43.31"/></node><node label="VarName" lexeme="y"><location loc="28.37--28.37"/></node><location loc="28.34--28.37"/><type label="INT"/><addr/></node><node label="UnExpr" spec="SUB"><node label="AtomExpr" lexeme="1" spec="INT"><location loc="28.41--28.41"/><type label="INT"/></node><location loc="28.40--28.41"/><type label="INT"/></node><node label="AtomExpr" lexeme="17" spec="INT"><location loc="28.44--28.45"/><type label="INT"/></node><node label="AtomExpr" lexeme="5" spec="INT"><location loc="28.48--28.48"/><type label="INT"/></node><node label="AtomExpr" lexeme="6" spec="INT"><location loc="28.51--28.51"/><type label="INT"/></node><node label="AtomExpr" lexeme="7" spec="INT"><location loc="28.54--28.54"/><type label="INT"/></node><location loc="28.14--28.54"/></node><location loc="28.9--28.55"/><declaredAt location="34.17--34.103"/><type label="INT"/></node><location loc="28.9--28.55"/></node><location loc="22.9--28.55"/></node><node label="AtomExpr" lexeme="none" spec="VOID"><location loc="30.9--30.12"/><type label="VOID"/></node><location loc="22.9--51.18"/><type label="VOID"/></node><location loc="21.1--52.2"/><frame argssize="72" depth="1" label="_h" locssize="112" size="200"/></node><location loc="1.1--52.2"/></node><location loc="1.1--52.2"/></node></frames>