<?xml version="1.0" encoding="UTF-8" standalone="no"?><?xml-stylesheet type="text/xsl" href="../../data/frames.xsl"?><frames><node label="Source"><node label="Decls"><node label="FunDecl" lexeme="putInt"><node label="ParDecls"><node label="ParDecl" lexeme="n"><node label="AtomType" spec="INT"><location loc="1.14--1.16"/></node><location loc="1.12--1.16"/><access depth="1" offset="8" size="8"/></node><location loc="1.12--1.16"/></node><node label="AtomType" spec="VOID"><location loc="1.19--1.22"/></node><location loc="1.1--1.23"/></node><node label="FunDecl" lexeme="putChar"><node label="ParDecls"><node label="ParDecl" lexeme="c"><node label="AtomType" spec="CHAR"><location loc="2.15--2.18"/></node><location loc="2.13--2.18"/><access depth="1" offset="8" size="8"/></node><location loc="2.13--2.18"/></node><node label="AtomType" spec="VOID"><location loc="2.21--2.24"/></node><location loc="2.1--2.25"/></node><node label="FunDecl" lexeme="putString"><node label="ParDecls"><node label="ParDecl" lexeme="s"><node label="PtrType"><node label="AtomType" spec="CHAR"><location loc="3.21--3.24"/></node><location loc="3.17--3.24"/><type label="PTR"><type label="CHAR"/></type></node><location loc="3.15--3.24"/><access depth="1" offset="8" size="8"/></node><location loc="3.15--3.24"/></node><node label="AtomType" spec="VOID"><location loc="3.27--3.30"/></node><location loc="3.1--3.31"/></node><node label="FunDef" lexeme="main"><node label="ParDecls"><location loc="0.0--0.0"/></node><node label="AtomType" spec="INT"><location loc="5.12--5.14"/></node><node label="BlockExpr"><node label="Decls"><node label="VarDecl" lexeme="n"><node label="AtomType" spec="INT"><location loc="69.13--69.15"/></node><location loc="69.7--69.16"/><access depth="1" offset="-8" size="8"/></node><node label="VarDecl" lexeme="m"><node label="AtomType" spec="INT"><location loc="69.24--69.26"/></node><location loc="69.18--69.27"/><access depth="1" offset="-16" size="8"/></node><location loc="69.7--69.27"/></node><node label="Stmts"><node label="ExprStmt"><node label="FunName" lexeme="putString"><node label="Args"><node label="AtomExpr" lexeme="&quot;facItr:&quot;" spec="STR"><location loc="7.17--7.25"/><type label="PTR"><type label="CHAR"/></type></node><location loc="7.17--7.25"/></node><location loc="7.7--7.26"/><declaredAt location="3.1--3.31"/><type label="VOID"/></node><location loc="7.7--7.26"/></node><node label="ExprStmt"><node label="FunName" lexeme="putChar"><node label="Args"><node label="CastExpr"><node label="AtomExpr" lexeme="10" spec="INT"><location loc="7.38--7.39"/><type label="INT"/></node><node label="AtomType" spec="CHAR"><location loc="7.41--7.44"/></node><location loc="7.40--7.45"/><type label="CHAR"/></node><location loc="7.40--7.45"/></node><location loc="7.29--7.46"/><declaredAt location="2.1--2.25"/><type label="VOID"/></node><location loc="7.29--7.46"/></node><node label="AssignStmt"><node label="VarName" lexeme="n"><location loc="8.7--8.7"/><declaredAt location="69.7--69.16"/></node><node label="AtomExpr" lexeme="1" spec="INT"><location loc="8.9--8.9"/><type label="INT"/></node><location loc="8.7--8.9"/></node><node label="WhileStmt"><node label="BinExpr" spec="LEQ"><node label="VarName" lexeme="n"><location loc="9.13--9.13"/><declaredAt location="69.7--69.16"/></node><node label="AtomExpr" lexeme="10" spec="INT"><location loc="9.16--9.17"/><type label="INT"/></node><location loc="9.13--9.17"/><type label="BOOL"/></node><node label="Stmts"><node label="ExprStmt"><node label="FunName" lexeme="putInt"><node label="Args"><node label="VarName" lexeme="n"><location loc="10.16--10.16"/><declaredAt location="69.7--69.16"/><type label="INT"/></node><location loc="10.16--10.16"/></node><location loc="10.9--10.17"/><declaredAt location="1.1--1.23"/><type label="VOID"/></node><location loc="10.9--10.17"/></node><node label="ExprStmt"><node label="FunName" lexeme="putString"><node label="Args"><node label="AtomExpr" lexeme="&quot;: &quot;" spec="STR"><location loc="10.30--10.33"/><type label="PTR"><type label="CHAR"/></type></node><location loc="10.30--10.33"/></node><location loc="10.20--10.34"/><declaredAt location="3.1--3.31"/><type label="VOID"/></node><location loc="10.20--10.34"/></node><node label="ExprStmt"><node label="FunName" lexeme="putInt"><node label="Args"><node label="FunName" lexeme="facItr"><node label="Args"><node label="VarName" lexeme="n"><location loc="11.23--11.23"/><declaredAt location="69.7--69.16"/><type label="INT"/></node><location loc="11.23--11.23"/></node><location loc="11.16--11.24"/><declaredAt location="72.1--78.6"/><type label="INT"/></node><location loc="11.16--11.24"/></node><location loc="11.9--11.25"/><declaredAt location="1.1--1.23"/><type label="VOID"/></node><location loc="11.9--11.25"/></node><node label="ExprStmt"><node label="FunName" lexeme="putChar"><node label="Args"><node label="CastExpr"><node label="AtomExpr" lexeme="10" spec="INT"><location loc="12.18--12.19"/><type label="INT"/></node><node label="AtomType" spec="CHAR"><location loc="12.21--12.24"/></node><location loc="12.20--12.25"/><type label="CHAR"/></node><location loc="12.20--12.25"/></node><location loc="12.9--12.26"/><declaredAt location="2.1--2.25"/><type label="VOID"/></node><location loc="12.9--12.26"/></node><node label="AssignStmt"><node label="VarName" lexeme="n"><location loc="13.9--13.9"/><declaredAt location="69.7--69.16"/></node><node label="BinExpr" spec="ADD"><node label="VarName" lexeme="n"><location loc="13.11--13.11"/><declaredAt location="69.7--69.16"/></node><node label="AtomExpr" lexeme="1" spec="INT"><location loc="13.13--13.13"/><type label="INT"/></node><location loc="13.11--13.13"/><type label="INT"/></node><location loc="13.9--13.13"/></node><location loc="10.9--13.13"/></node><location loc="9.7--14.9"/></node><node label="ExprStmt"><node label="FunName" lexeme="putString"><node label="Args"><node label="AtomExpr" lexeme="&quot;facRec:&quot;" spec="STR"><location loc="16.17--16.25"/><type label="PTR"><type label="CHAR"/></type></node><location loc="16.17--16.25"/></node><location loc="16.7--16.26"/><declaredAt location="3.1--3.31"/><type label="VOID"/></node><location loc="16.7--16.26"/></node><node label="ExprStmt"><node label="FunName" lexeme="putChar"><node label="Args"><node label="CastExpr"><node label="AtomExpr" lexeme="10" spec="INT"><location loc="16.38--16.39"/><type label="INT"/></node><node label="AtomType" spec="CHAR"><location loc="16.41--16.44"/></node><location loc="16.40--16.45"/><type label="CHAR"/></node><location loc="16.40--16.45"/></node><location loc="16.29--16.46"/><declaredAt location="2.1--2.25"/><type label="VOID"/></node><location loc="16.29--16.46"/></node><node label="AssignStmt"><node label="VarName" lexeme="n"><location loc="17.7--17.7"/><declaredAt location="69.7--69.16"/></node><node label="AtomExpr" lexeme="1" spec="INT"><location loc="17.9--17.9"/><type label="INT"/></node><location loc="17.7--17.9"/></node><node label="WhileStmt"><node label="BinExpr" spec="LEQ"><node label="VarName" lexeme="n"><location loc="18.13--18.13"/><declaredAt location="69.7--69.16"/></node><node label="AtomExpr" lexeme="10" spec="INT"><location loc="18.16--18.17"/><type label="INT"/></node><location loc="18.13--18.17"/><type label="BOOL"/></node><node label="Stmts"><node label="ExprStmt"><node label="FunName" lexeme="putInt"><node label="Args"><node label="VarName" lexeme="n"><location loc="19.16--19.16"/><declaredAt location="69.7--69.16"/><type label="INT"/></node><location loc="19.16--19.16"/></node><location loc="19.9--19.17"/><declaredAt location="1.1--1.23"/><type label="VOID"/></node><location loc="19.9--19.17"/></node><node label="ExprStmt"><node label="FunName" lexeme="putString"><node label="Args"><node label="AtomExpr" lexeme="&quot;: &quot;" spec="STR"><location loc="19.30--19.33"/><type label="PTR"><type label="CHAR"/></type></node><location loc="19.30--19.33"/></node><location loc="19.20--19.34"/><declaredAt location="3.1--3.31"/><type label="VOID"/></node><location loc="19.20--19.34"/></node><node label="ExprStmt"><node label="FunName" lexeme="putInt"><node label="Args"><node label="FunName" lexeme="facRec"><node label="Args"><node label="VarName" lexeme="n"><location loc="20.23--20.23"/><declaredAt location="69.7--69.16"/><type label="INT"/></node><location loc="20.23--20.23"/></node><location loc="20.16--20.24"/><declaredAt location="80.1--85.6"/><type label="INT"/></node><location loc="20.16--20.24"/></node><location loc="20.9--20.25"/><declaredAt location="1.1--1.23"/><type label="VOID"/></node><location loc="20.9--20.25"/></node><node label="ExprStmt"><node label="FunName" lexeme="putChar"><node label="Args"><node label="CastExpr"><node label="AtomExpr" lexeme="10" spec="INT"><location loc="21.18--21.19"/><type label="INT"/></node><node label="AtomType" spec="CHAR"><location loc="21.21--21.24"/></node><location loc="21.20--21.25"/><type label="CHAR"/></node><location loc="21.20--21.25"/></node><location loc="21.9--21.26"/><declaredAt location="2.1--2.25"/><type label="VOID"/></node><location loc="21.9--21.26"/></node><node label="AssignStmt"><node label="VarName" lexeme="n"><location loc="22.9--22.9"/><declaredAt location="69.7--69.16"/></node><node label="BinExpr" spec="ADD"><node label="VarName" lexeme="n"><location loc="22.11--22.11"/><declaredAt location="69.7--69.16"/></node><node label="AtomExpr" lexeme="1" spec="INT"><location loc="22.13--22.13"/><type label="INT"/></node><location loc="22.11--22.13"/><type label="INT"/></node><location loc="22.9--22.13"/></node><location loc="19.9--22.13"/></node><location loc="18.7--23.9"/></node><node label="ExprStmt"><node label="FunName" lexeme="putString"><node label="Args"><node label="AtomExpr" lexeme="&quot;fibItr:&quot;" spec="STR"><location loc="25.17--25.25"/><type label="PTR"><type label="CHAR"/></type></node><location loc="25.17--25.25"/></node><location loc="25.7--25.26"/><declaredAt location="3.1--3.31"/><type label="VOID"/></node><location loc="25.7--25.26"/></node><node label="ExprStmt"><node label="FunName" lexeme="putChar"><node label="Args"><node label="CastExpr"><node label="AtomExpr" lexeme="10" spec="INT"><location loc="25.38--25.39"/><type label="INT"/></node><node label="AtomType" spec="CHAR"><location loc="25.41--25.44"/></node><location loc="25.40--25.45"/><type label="CHAR"/></node><location loc="25.40--25.45"/></node><location loc="25.29--25.46"/><declaredAt location="2.1--2.25"/><type label="VOID"/></node><location loc="25.29--25.46"/></node><node label="AssignStmt"><node label="VarName" lexeme="n"><location loc="26.7--26.7"/><declaredAt location="69.7--69.16"/></node><node label="AtomExpr" lexeme="1" spec="INT"><location loc="26.9--26.9"/><type label="INT"/></node><location loc="26.7--26.9"/></node><node label="WhileStmt"><node label="BinExpr" spec="LEQ"><node label="VarName" lexeme="n"><location loc="27.13--27.13"/><declaredAt location="69.7--69.16"/></node><node label="AtomExpr" lexeme="10" spec="INT"><location loc="27.16--27.17"/><type label="INT"/></node><location loc="27.13--27.17"/><type label="BOOL"/></node><node label="Stmts"><node label="ExprStmt"><node label="FunName" lexeme="putInt"><node label="Args"><node label="VarName" lexeme="n"><location loc="28.16--28.16"/><declaredAt location="69.7--69.16"/><type label="INT"/></node><location loc="28.16--28.16"/></node><location loc="28.9--28.17"/><declaredAt location="1.1--1.23"/><type label="VOID"/></node><location loc="28.9--28.17"/></node><node label="ExprStmt"><node label="FunName" lexeme="putString"><node label="Args"><node label="AtomExpr" lexeme="&quot;: &quot;" spec="STR"><location loc="28.30--28.33"/><type label="PTR"><type label="CHAR"/></type></node><location loc="28.30--28.33"/></node><location loc="28.20--28.34"/><declaredAt location="3.1--3.31"/><type label="VOID"/></node><location loc="28.20--28.34"/></node><node label="ExprStmt"><node label="FunName" lexeme="putInt"><node label="Args"><node label="FunName" lexeme="fibItr"><node label="Args"><node label="VarName" lexeme="n"><location loc="29.23--29.23"/><declaredAt location="69.7--69.16"/><type label="INT"/></node><location loc="29.23--29.23"/></node><location loc="29.16--29.24"/><declaredAt location="87.1--98.6"/><type label="INT"/></node><location loc="29.16--29.24"/></node><location loc="29.9--29.25"/><declaredAt location="1.1--1.23"/><type label="VOID"/></node><location loc="29.9--29.25"/></node><node label="ExprStmt"><node label="FunName" lexeme="putChar"><node label="Args"><node label="CastExpr"><node label="AtomExpr" lexeme="10" spec="INT"><location loc="30.18--30.19"/><type label="INT"/></node><node label="AtomType" spec="CHAR"><location loc="30.21--30.24"/></node><location loc="30.20--30.25"/><type label="CHAR"/></node><location loc="30.20--30.25"/></node><location loc="30.9--30.26"/><declaredAt location="2.1--2.25"/><type label="VOID"/></node><location loc="30.9--30.26"/></node><node label="AssignStmt"><node label="VarName" lexeme="n"><location loc="31.9--31.9"/><declaredAt location="69.7--69.16"/></node><node label="BinExpr" spec="ADD"><node label="VarName" lexeme="n"><location loc="31.11--31.11"/><declaredAt location="69.7--69.16"/></node><node label="AtomExpr" lexeme="1" spec="INT"><location loc="31.13--31.13"/><type label="INT"/></node><location loc="31.11--31.13"/><type label="INT"/></node><location loc="31.9--31.13"/></node><location loc="28.9--31.13"/></node><location loc="27.7--32.9"/></node><node label="ExprStmt"><node label="FunName" lexeme="putString"><node label="Args"><node label="AtomExpr" lexeme="&quot;fibRec:&quot;" spec="STR"><location loc="34.17--34.25"/><type label="PTR"><type label="CHAR"/></type></node><location loc="34.17--34.25"/></node><location loc="34.7--34.26"/><declaredAt location="3.1--3.31"/><type label="VOID"/></node><location loc="34.7--34.26"/></node><node label="ExprStmt"><node label="FunName" lexeme="putChar"><node label="Args"><node label="CastExpr"><node label="AtomExpr" lexeme="10" spec="INT"><location loc="34.38--34.39"/><type label="INT"/></node><node label="AtomType" spec="CHAR"><location loc="34.41--34.44"/></node><location loc="34.40--34.45"/><type label="CHAR"/></node><location loc="34.40--34.45"/></node><location loc="34.29--34.46"/><declaredAt location="2.1--2.25"/><type label="VOID"/></node><location loc="34.29--34.46"/></node><node label="AssignStmt"><node label="VarName" lexeme="n"><location loc="35.7--35.7"/><declaredAt location="69.7--69.16"/></node><node label="AtomExpr" lexeme="1" spec="INT"><location loc="35.9--35.9"/><type label="INT"/></node><location loc="35.7--35.9"/></node><node label="WhileStmt"><node label="BinExpr" spec="LEQ"><node label="VarName" lexeme="n"><location loc="36.13--36.13"/><declaredAt location="69.7--69.16"/></node><node label="AtomExpr" lexeme="10" spec="INT"><location loc="36.16--36.17"/><type label="INT"/></node><location loc="36.13--36.17"/><type label="BOOL"/></node><node label="Stmts"><node label="ExprStmt"><node label="FunName" lexeme="putInt"><node label="Args"><node label="VarName" lexeme="n"><location loc="37.16--37.16"/><declaredAt location="69.7--69.16"/><type label="INT"/></node><location loc="37.16--37.16"/></node><location loc="37.9--37.17"/><declaredAt location="1.1--1.23"/><type label="VOID"/></node><location loc="37.9--37.17"/></node><node label="ExprStmt"><node label="FunName" lexeme="putString"><node label="Args"><node label="AtomExpr" lexeme="&quot;: &quot;" spec="STR"><location loc="37.30--37.33"/><type label="PTR"><type label="CHAR"/></type></node><location loc="37.30--37.33"/></node><location loc="37.20--37.34"/><declaredAt location="3.1--3.31"/><type label="VOID"/></node><location loc="37.20--37.34"/></node><node label="ExprStmt"><node label="FunName" lexeme="putInt"><node label="Args"><node label="FunName" lexeme="fibRec"><node label="Args"><node label="VarName" lexeme="n"><location loc="38.23--38.23"/><declaredAt location="69.7--69.16"/><type label="INT"/></node><location loc="38.23--38.23"/></node><location loc="38.16--38.24"/><declaredAt location="100.1--105.6"/><type label="INT"/></node><location loc="38.16--38.24"/></node><location loc="38.9--38.25"/><declaredAt location="1.1--1.23"/><type label="VOID"/></node><location loc="38.9--38.25"/></node><node label="ExprStmt"><node label="FunName" lexeme="putChar"><node label="Args"><node label="CastExpr"><node label="AtomExpr" lexeme="10" spec="INT"><location loc="39.18--39.19"/><type label="INT"/></node><node label="AtomType" spec="CHAR"><location loc="39.21--39.24"/></node><location loc="39.20--39.25"/><type label="CHAR"/></node><location loc="39.20--39.25"/></node><location loc="39.9--39.26"/><declaredAt location="2.1--2.25"/><type label="VOID"/></node><location loc="39.9--39.26"/></node><node label="AssignStmt"><node label="VarName" lexeme="n"><location loc="40.9--40.9"/><declaredAt location="69.7--69.16"/></node><node label="BinExpr" spec="ADD"><node label="VarName" lexeme="n"><location loc="40.11--40.11"/><declaredAt location="69.7--69.16"/></node><node label="AtomExpr" lexeme="1" spec="INT"><location loc="40.13--40.13"/><type label="INT"/></node><location loc="40.11--40.13"/><type label="INT"/></node><location loc="40.9--40.13"/></node><location loc="37.9--40.13"/></node><location loc="36.7--41.9"/></node><node label="ExprStmt"><node label="FunName" lexeme="putString"><node label="Args"><node label="AtomExpr" lexeme="&quot;Combs:&quot;" spec="STR"><location loc="43.17--43.24"/><type label="PTR"><type label="CHAR"/></type></node><location loc="43.17--43.24"/></node><location loc="43.7--43.25"/><declaredAt location="3.1--3.31"/><type label="VOID"/></node><location loc="43.7--43.25"/></node><node label="ExprStmt"><node label="FunName" lexeme="putChar"><node label="Args"><node label="CastExpr"><node label="AtomExpr" lexeme="10" spec="INT"><location loc="43.37--43.38"/><type label="INT"/></node><node label="AtomType" spec="CHAR"><location loc="43.40--43.43"/></node><location loc="43.39--43.44"/><type label="CHAR"/></node><location loc="43.39--43.44"/></node><location loc="43.28--43.45"/><declaredAt location="2.1--2.25"/><type label="VOID"/></node><location loc="43.28--43.45"/></node><node label="ExprStmt"><node label="FunName" lexeme="combs"><node label="Args"><node label="AtomExpr" lexeme="4" spec="INT"><location loc="44.13--44.13"/><type label="INT"/></node><node label="AtomExpr" lexeme="3" spec="INT"><location loc="44.15--44.15"/><type label="INT"/></node><location loc="44.13--44.15"/></node><location loc="44.7--44.16"/><declaredAt location="107.1--134.6"/><type label="INT"/></node><location loc="44.7--44.16"/></node><node label="ExprStmt"><node label="FunName" lexeme="putString"><node label="Args"><node label="AtomExpr" lexeme="&quot;Sudoku:&quot;" spec="STR"><location loc="46.17--46.25"/><type label="PTR"><type label="CHAR"/></type></node><location loc="46.17--46.25"/></node><location loc="46.7--46.26"/><declaredAt location="3.1--3.31"/><type label="VOID"/></node><location loc="46.7--46.26"/></node><node label="ExprStmt"><node label="FunName" lexeme="putChar"><node label="Args"><node label="CastExpr"><node label="AtomExpr" lexeme="10" spec="INT"><location loc="46.38--46.39"/><type label="INT"/></node><node label="AtomType" spec="CHAR"><location loc="46.41--46.44"/></node><location loc="46.40--46.45"/><type label="CHAR"/></node><location loc="46.40--46.45"/></node><location loc="46.29--46.46"/><declaredAt location="2.1--2.25"/><type label="VOID"/></node><location loc="46.29--46.46"/></node><node label="ExprStmt"><node label="BlockExpr"><node label="Decls"><node label="VarDecl" lexeme="t"><node label="ArrType"><node label="AtomExpr" lexeme="9" spec="INT"><location loc="63.19--63.19"/></node><node label="ArrType"><node label="AtomExpr" lexeme="9" spec="INT"><location loc="63.26--63.26"/></node><node label="AtomType" spec="INT"><location loc="63.29--63.31"/></node><location loc="63.22--63.31"/><type label="ARR(9)" len="9"><type label="INT"/></type></node><location loc="63.15--63.31"/><type label="ARR(9)" len="9"><type label="ARR(9)" len="9"><type label="INT"/></type></type></node><location loc="63.9--63.32"/><access depth="1" offset="-664" size="648"/></node><node label="VarDecl" lexeme="count"><node label="AtomType" spec="INT"><location loc="64.19--64.21"/></node><location loc="64.9--64.22"/><access depth="1" offset="-672" size="8"/></node><location loc="63.9--64.22"/></node><node label="Stmts"><node label="AssignStmt"><node label="ArrExpr"><node label="ArrExpr"><node label="VarName" lexeme="t"><location loc="47.9--47.9"/><declaredAt location="63.9--63.32"/></node><node label="AtomExpr" lexeme="0" spec="INT"><location loc="47.11--47.11"/><type label="INT"/></node><location loc="47.9--47.12"/><type label="ARR(9)" len="9"><type label="INT"/></type><addr/></node><node label="AtomExpr" lexeme="0" spec="INT"><location loc="47.14--47.14"/><type label="INT"/></node><location loc="47.9--47.15"/><type label="INT"/><addr/></node><node label="AtomExpr" lexeme="0" spec="INT"><location loc="47.17--47.17"/><type label="INT"/></node><location loc="47.9--47.17"/></node><node label="AssignStmt"><node label="ArrExpr"><node label="ArrExpr"><node label="VarName" lexeme="t"><location loc="47.20--47.20"/><declaredAt location="63.9--63.32"/></node><node label="AtomExpr" lexeme="0" spec="INT"><location loc="47.22--47.22"/><type label="INT"/></node><location loc="47.20--47.23"/><type label="ARR(9)" len="9"><type label="INT"/></type><addr/></node><node label="AtomExpr" lexeme="1" spec="INT"><location loc="47.25--47.25"/><type label="INT"/></node><location loc="47.20--47.26"/><type label="INT"/><addr/></node><node label="AtomExpr" lexeme="0" spec="INT"><location loc="47.28--47.28"/><type label="INT"/></node><location loc="47.20--47.28"/></node><node label="AssignStmt"><node label="ArrExpr"><node label="ArrExpr"><node label="VarName" lexeme="t"><location loc="47.31--47.31"/><declaredAt location="63.9--63.32"/></node><node label="AtomExpr" lexeme="0" spec="INT"><location loc="47.33--47.33"/><type label="INT"/></node><location loc="47.31--47.34"/><type label="ARR(9)" len="9"><type label="INT"/></type><addr/></node><node label="AtomExpr" lexeme="2" spec="INT"><location loc="47.36--47.36"/><type label="INT"/></node><location loc="47.31--47.37"/><type label="INT"/><addr/></node><node label="AtomExpr" lexeme="3" spec="INT"><location loc="47.39--47.39"/><type label="INT"/></node><location loc="47.31--47.39"/></node><node label="AssignStmt"><node label="ArrExpr"><node label="ArrExpr"><node label="VarName" lexeme="t"><location loc="47.44--47.44"/><declaredAt location="63.9--63.32"/></node><node label="AtomExpr" lexeme="0" spec="INT"><location loc="47.46--47.46"/><type label="INT"/></node><location loc="47.44--47.47"/><type label="ARR(9)" len="9"><type label="INT"/></type><addr/></node><node label="AtomExpr" lexeme="3" spec="INT"><location loc="47.49--47.49"/><type label="INT"/></node><location loc="47.44--47.50"/><type label="INT"/><addr/></node><node label="AtomExpr" lexeme="0" spec="INT"><location loc="47.52--47.52"/><type label="INT"/></node><location loc="47.44--47.52"/></node><node label="AssignStmt"><node label="ArrExpr"><node label="ArrExpr"><node label="VarName" lexeme="t"><location loc="47.55--47.55"/><declaredAt location="63.9--63.32"/></node><node label="AtomExpr" lexeme="0" spec="INT"><location loc="47.57--47.57"/><type label="INT"/></node><location loc="47.55--47.58"/><type label="ARR(9)" len="9"><type label="INT"/></type><addr/></node><node label="AtomExpr" lexeme="4" spec="INT"><location loc="47.60--47.60"/><type label="INT"/></node><location loc="47.55--47.61"/><type label="INT"/><addr/></node><node label="AtomExpr" lexeme="0" spec="INT"><location loc="47.63--47.63"/><type label="INT"/></node><location loc="47.55--47.63"/></node><node label="AssignStmt"><node label="ArrExpr"><node label="ArrExpr"><node label="VarName" lexeme="t"><location loc="47.66--47.66"/><declaredAt location="63.9--63.32"/></node><node label="AtomExpr" lexeme="0" spec="INT"><location loc="47.68--47.68"/><type label="INT"/></node><location loc="47.66--47.69"/><type label="ARR(9)" len="9"><type label="INT"/></type><addr/></node><node label="AtomExpr" lexeme="5" spec="INT"><location loc="47.71--47.71"/><type label="INT"/></node><location loc="47.66--47.72"/><type label="INT"/><addr/></node><node label="AtomExpr" lexeme="0" spec="INT"><location loc="47.74--47.74"/><type label="INT"/></node><location loc="47.66--47.74"/></node><node label="AssignStmt"><node label="ArrExpr"><node label="ArrExpr"><node label="VarName" lexeme="t"><location loc="47.79--47.79"/><declaredAt location="63.9--63.32"/></node><node label="AtomExpr" lexeme="0" spec="INT"><location loc="47.81--47.81"/><type label="INT"/></node><location loc="47.79--47.82"/><type label="ARR(9)" len="9"><type label="INT"/></type><addr/></node><node label="AtomExpr" lexeme="6" spec="INT"><location loc="47.84--47.84"/><type label="INT"/></node><location loc="47.79--47.85"/><type label="INT"/><addr/></node><node label="AtomExpr" lexeme="0" spec="INT"><location loc="47.87--47.87"/><type label="INT"/></node><location loc="47.79--47.87"/></node><node label="AssignStmt"><node label="ArrExpr"><node label="ArrExpr"><node label="VarName" lexeme="t"><location loc="47.90--47.90"/><declaredAt location="63.9--63.32"/></node><node label="AtomExpr" lexeme="0" spec="INT"><location loc="47.92--47.92"/><type label="INT"/></node><location loc="47.90--47.93"/><type label="ARR(9)" len="9"><type label="INT"/></type><addr/></node><node label="AtomExpr" lexeme="7" spec="INT"><location loc="47.95--47.95"/><type label="INT"/></node><location loc="47.90--47.96"/><type label="INT"/><addr/></node><node label="AtomExpr" lexeme="9" spec="INT"><location loc="47.98--47.98"/><type label="INT"/></node><location loc="47.90--47.98"/></node><node label="AssignStmt"><node label="ArrExpr"><node label="ArrExpr"><node label="VarName" lexeme="t"><location loc="47.101--47.101"/><declaredAt location="63.9--63.32"/></node><node label="AtomExpr" lexeme="0" spec="INT"><location loc="47.103--47.103"/><type label="INT"/></node><location loc="47.101--47.104"/><type label="ARR(9)" len="9"><type label="INT"/></type><addr/></node><node label="AtomExpr" lexeme="8" spec="INT"><location loc="47.106--47.106"/><type label="INT"/></node><location loc="47.101--47.107"/><type label="INT"/><addr/></node><node label="AtomExpr" lexeme="0" spec="INT"><location loc="47.109--47.109"/><type label="INT"/></node><location loc="47.101--47.109"/></node><node label="AssignStmt"><node label="ArrExpr"><node label="ArrExpr"><node label="VarName" lexeme="t"><location loc="48.9--48.9"/><declaredAt location="63.9--63.32"/></node><node label="AtomExpr" lexeme="1" spec="INT"><location loc="48.11--48.11"/><type label="INT"/></node><location loc="48.9--48.12"/><type label="ARR(9)" len="9"><type label="INT"/></type><addr/></node><node label="AtomExpr" lexeme="0" spec="INT"><location loc="48.14--48.14"/><type label="INT"/></node><location loc="48.9--48.15"/><type label="INT"/><addr/></node><node label="AtomExpr" lexeme="9" spec="INT"><location loc="48.17--48.17"/><type label="INT"/></node><location loc="48.9--48.17"/></node><node label="AssignStmt"><node label="ArrExpr"><node label="ArrExpr"><node label="VarName" lexeme="t"><location loc="48.20--48.20"/><declaredAt location="63.9--63.32"/></node><node label="AtomExpr" lexeme="1" spec="INT"><location loc="48.22--48.22"/><type label="INT"/></node><location loc="48.20--48.23"/><type label="ARR(9)" len="9"><type label="INT"/></type><addr/></node><node label="AtomExpr" lexeme="1" spec="INT"><location loc="48.25--48.25"/><type label="INT"/></node><location loc="48.20--48.26"/><type label="INT"/><addr/></node><node label="AtomExpr" lexeme="0" spec="INT"><location loc="48.28--48.28"/><type label="INT"/></node><location loc="48.20--48.28"/></node><node label="AssignStmt"><node label="ArrExpr"><node label="ArrExpr"><node label="VarName" lexeme="t"><location loc="48.31--48.31"/><declaredAt location="63.9--63.32"/></node><node label="AtomExpr" lexeme="1" spec="INT"><location loc="48.33--48.33"/><type label="INT"/></node><location loc="48.31--48.34"/><type label="ARR(9)" len="9"><type label="INT"/></type><addr/></node><node label="AtomExpr" lexeme="2" spec="INT"><location loc="48.36--48.36"/><type label="INT"/></node><location loc="48.31--48.37"/><type label="INT"/><addr/></node><node label="AtomExpr" lexeme="0" spec="INT"><location loc="48.39--48.39"/><type label="INT"/></node><location loc="48.31--48.39"/></node><node label="AssignStmt"><node label="ArrExpr"><node label="ArrExpr"><node label="VarName" lexeme="t"><location loc="48.44--48.44"/><declaredAt location="63.9--63.32"/></node><node label="AtomExpr" lexeme="1" spec="INT"><location loc="48.46--48.46"/><type label="INT"/></node><location loc="48.44--48.47"/><type label="ARR(9)" len="9"><type label="INT"/></type><addr/></node><node label="AtomExpr" lexeme="3" spec="INT"><location loc="48.49--48.49"/><type label="INT"/></node><location loc="48.44--48.50"/><type label="INT"/><addr/></node><node label="AtomExpr" lexeme="0" spec="INT"><location loc="48.52--48.52"/><type label="INT"/></node><location loc="48.44--48.52"/></node><node label="AssignStmt"><node label="ArrExpr"><node label="ArrExpr"><node label="VarName" lexeme="t"><location loc="48.55--48.55"/><declaredAt location="63.9--63.32"/></node><node label="AtomExpr" lexeme="1" spec="INT"><location loc="48.57--48.57"/><type label="INT"/></node><location loc="48.55--48.58"/><type label="ARR(9)" len="9"><type label="INT"/></type><addr/></node><node label="AtomExpr" lexeme="4" spec="INT"><location loc="48.60--48.60"/><type label="INT"/></node><location loc="48.55--48.61"/><type label="INT"/><addr/></node><node label="AtomExpr" lexeme="8" spec="INT"><location loc="48.63--48.63"/><type label="INT"/></node><location loc="48.55--48.63"/></node><node label="AssignStmt"><node label="ArrExpr"><node label="ArrExpr"><node label="VarName" lexeme="t"><location loc="48.66--48.66"/><declaredAt location="63.9--63.32"/></node><node label="AtomExpr" lexeme="1" spec="INT"><location loc="48.68--48.68"/><type label="INT"/></node><location loc="48.66--48.69"/><type label="ARR(9)" len="9"><type label="INT"/></type><addr/></node><node label="AtomExpr" lexeme="5" spec="INT"><location loc="48.71--48.71"/><type label="INT"/></node><location loc="48.66--48.72"/><type label="INT"/><addr/></node><node label="AtomExpr" lexeme="4" spec="INT"><location loc="48.74--48.74"/><type label="INT"/></node><location loc="48.66--48.74"/></node><node label="AssignStmt"><node label="ArrExpr"><node label="ArrExpr"><node label="VarName" lexeme="t"><location loc="48.79--48.79"/><declaredAt location="63.9--63.32"/></node><node label="AtomExpr" lexeme="1" spec="INT"><location loc="48.81--48.81"/><type label="INT"/></node><location loc="48.79--48.82"/><type label="ARR(9)" len="9"><type label="INT"/></type><addr/></node><node label="AtomExpr" lexeme="6" spec="INT"><location loc="48.84--48.84"/><type label="INT"/></node><location loc="48.79--48.85"/><type label="INT"/><addr/></node><node label="AtomExpr" lexeme="0" spec="INT"><location loc="48.87--48.87"/><type label="INT"/></node><location loc="48.79--48.87"/></node><node label="AssignStmt"><node label="ArrExpr"><node label="ArrExpr"><node label="VarName" lexeme="t"><location loc="48.90--48.90"/><declaredAt location="63.9--63.32"/></node><node label="AtomExpr" lexeme="1" spec="INT"><location loc="48.92--48.92"/><type label="INT"/></node><location loc="48.90--48.93"/><type label="ARR(9)" len="9"><type label="INT"/></type><addr/></node><node label="AtomExpr" lexeme="7" spec="INT"><location loc="48.95--48.95"/><type label="INT"/></node><location loc="48.90--48.96"/><type label="INT"/><addr/></node><node label="AtomExpr" lexeme="0" spec="INT"><location loc="48.98--48.98"/><type label="INT"/></node><location loc="48.90--48.98"/></node><node label="AssignStmt"><node label="ArrExpr"><node label="ArrExpr"><node label="VarName" lexeme="t"><location loc="48.101--48.101"/><declaredAt location="63.9--63.32"/></node><node label="AtomExpr" lexeme="1" spec="INT"><location loc="48.103--48.103"/><type label="INT"/></node><location loc="48.101--48.104"/><type label="ARR(9)" len="9"><type label="INT"/></type><addr/></node><node label="AtomExpr" lexeme="8" spec="INT"><location loc="48.106--48.106"/><type label="INT"/></node><location loc="48.101--48.107"/><type label="INT"/><addr/></node><node label="AtomExpr" lexeme="6" spec="INT"><location loc="48.109--48.109"/><type label="INT"/></node><location loc="48.101--48.109"/></node><node label="AssignStmt"><node label="ArrExpr"><node label="ArrExpr"><node label="VarName" lexeme="t"><location loc="49.9--49.9"/><declaredAt location="63.9--63.32"/></node><node label="AtomExpr" lexeme="2" spec="INT"><location loc="49.11--49.11"/><type label="INT"/></node><location loc="49.9--49.12"/><type label="ARR(9)" len="9"><type label="INT"/></type><addr/></node><node label="AtomExpr" lexeme="0" spec="INT"><location loc="49.14--49.14"/><type label="INT"/></node><location loc="49.9--49.15"/><type label="INT"/><addr/></node><node label="AtomExpr" lexeme="8" spec="INT"><location loc="49.17--49.17"/><type label="INT"/></node><location loc="49.9--49.17"/></node><node label="AssignStmt"><node label="ArrExpr"><node label="ArrExpr"><node label="VarName" lexeme="t"><location loc="49.20--49.20"/><declaredAt location="63.9--63.32"/></node><node label="AtomExpr" lexeme="2" spec="INT"><location loc="49.22--49.22"/><type label="INT"/></node><location loc="49.20--49.23"/><type label="ARR(9)" len="9"><type label="INT"/></type><addr/></node><node label="AtomExpr" lexeme="1" spec="INT"><location loc="49.25--49.25"/><type label="INT"/></node><location loc="49.20--49.26"/><type label="INT"/><addr/></node><node label="AtomExpr" lexeme="2" spec="INT"><location loc="49.28--49.28"/><type label="INT"/></node><location loc="49.20--49.28"/></node><node label="AssignStmt"><node label="ArrExpr"><node label="ArrExpr"><node label="VarName" lexeme="t"><location loc="49.31--49.31"/><declaredAt location="63.9--63.32"/></node><node label="AtomExpr" lexeme="2" spec="INT"><location loc="49.33--49.33"/><type label="INT"/></node><location loc="49.31--49.34"/><type label="ARR(9)" len="9"><type label="INT"/></type><addr/></node><node label="AtomExpr" lexeme="2" spec="INT"><location loc="49.36--49.36"/><type label="INT"/></node><location loc="49.31--49.37"/><type label="INT"/><addr/></node><node label="AtomExpr" lexeme="0" spec="INT"><location loc="49.39--49.39"/><type label="INT"/></node><location loc="49.31--49.39"/></node><node label="AssignStmt"><node label="ArrExpr"><node label="ArrExpr"><node label="VarName" lexeme="t"><location loc="49.44--49.44"/><declaredAt location="63.9--63.32"/></node><node label="AtomExpr" lexeme="2" spec="INT"><location loc="49.46--49.46"/><type label="INT"/></node><location loc="49.44--49.47"/><type label="ARR(9)" len="9"><type label="INT"/></type><addr/></node><node label="AtomExpr" lexeme="3" spec="INT"><location loc="49.49--49.49"/><type label="INT"/></node><location loc="49.44--49.50"/><type label="INT"/><addr/></node><node label="AtomExpr" lexeme="0" spec="INT"><location loc="49.52--49.52"/><type label="INT"/></node><location loc="49.44--49.52"/></node><node label="AssignStmt"><node label="ArrExpr"><node label="ArrExpr"><node label="VarName" lexeme="t"><location loc="49.55--49.55"/><declaredAt location="63.9--63.32"/></node><node label="AtomExpr" lexeme="2" spec="INT"><location loc="49.57--49.57"/><type label="INT"/></node><location loc="49.55--49.58"/><type label="ARR(9)" len="9"><type label="INT"/></type><addr/></node><node label="AtomExpr" lexeme="4" spec="INT"><location loc="49.60--49.60"/><type label="INT"/></node><location loc="49.55--49.61"/><type label="INT"/><addr/></node><node label="AtomExpr" lexeme="9" spec="INT"><location loc="49.63--49.63"/><type label="INT"/></node><location loc="49.55--49.63"/></node><node label="AssignStmt"><node label="ArrExpr"><node label="ArrExpr"><node label="VarName" lexeme="t"><location loc="49.66--49.66"/><declaredAt location="63.9--63.32"/></node><node label="AtomExpr" lexeme="2" spec="INT"><location loc="49.68--49.68"/><type label="INT"/></node><location loc="49.66--49.69"/><type label="ARR(9)" len="9"><type label="INT"/></type><addr/></node><node label="AtomExpr" lexeme="5" spec="INT"><location loc="49.71--49.71"/><type label="INT"/></node><location loc="49.66--49.72"/><type label="INT"/><addr/></node><node label="AtomExpr" lexeme="0" spec="INT"><location loc="49.74--49.74"/><type label="INT"/></node><location loc="49.66--49.74"/></node><node label="AssignStmt"><node label="ArrExpr"><node label="ArrExpr"><node label="VarName" lexeme="t"><location loc="49.79--49.79"/><declaredAt location="63.9--63.32"/></node><node label="AtomExpr" lexeme="2" spec="INT"><location loc="49.81--49.81"/><type label="INT"/></node><location loc="49.79--49.82"/><type label="ARR(9)" len="9"><type label="INT"/></type><addr/></node><node label="AtomExpr" lexeme="6" spec="INT"><location loc="49.84--49.84"/><type label="INT"/></node><location loc="49.79--49.85"/><type label="INT"/><addr/></node><node label="AtomExpr" lexeme="0" spec="INT"><location loc="49.87--49.87"/><type label="INT"/></node><location loc="49.79--49.87"/></node><node label="AssignStmt"><node label="ArrExpr"><node label="ArrExpr"><node label="VarName" lexeme="t"><location loc="49.90--49.90"/><declaredAt location="63.9--63.32"/></node><node label="AtomExpr" lexeme="2" spec="INT"><location loc="49.92--49.92"/><type label="INT"/></node><location loc="49.90--49.93"/><type label="ARR(9)" len="9"><type label="INT"/></type><addr/></node><node label="AtomExpr" lexeme="7" spec="INT"><location loc="49.95--49.95"/><type label="INT"/></node><location loc="49.90--49.96"/><type label="INT"/><addr/></node><node label="AtomExpr" lexeme="0" spec="INT"><location loc="49.98--49.98"/><type label="INT"/></node><location loc="49.90--49.98"/></node><node label="AssignStmt"><node label="ArrExpr"><node label="ArrExpr"><node label="VarName" lexeme="t"><location loc="49.101--49.101"/><declaredAt location="63.9--63.32"/></node><node label="AtomExpr" lexeme="2" spec="INT"><location loc="49.103--49.103"/><type label="INT"/></node><location loc="49.101--49.104"/><type label="ARR(9)" len="9"><type label="INT"/></type><addr/></node><node label="AtomExpr" lexeme="8" spec="INT"><location loc="49.106--49.106"/><type label="INT"/></node><location loc="49.101--49.107"/><type label="INT"/><addr/></node><node label="AtomExpr" lexeme="0" spec="INT"><location loc="49.109--49.109"/><type label="INT"/></node><location loc="49.101--49.109"/></node><node label="AssignStmt"><node label="ArrExpr"><node label="ArrExpr"><node label="VarName" lexeme="t"><location loc="51.9--51.9"/><declaredAt location="63.9--63.32"/></node><node label="AtomExpr" lexeme="3" spec="INT"><location loc="51.11--51.11"/><type label="INT"/></node><location loc="51.9--51.12"/><type label="ARR(9)" len="9"><type label="INT"/></type><addr/></node><node label="AtomExpr" lexeme="0" spec="INT"><location loc="51.14--51.14"/><type label="INT"/></node><location loc="51.9--51.15"/><type label="INT"/><addr/></node><node label="AtomExpr" lexeme="0" spec="INT"><location loc="51.17--51.17"/><type label="INT"/></node><location loc="51.9--51.17"/></node><node label="AssignStmt"><node label="ArrExpr"><node label="ArrExpr"><node label="VarName" lexeme="t"><location loc="51.20--51.20"/><declaredAt location="63.9--63.32"/></node><node label="AtomExpr" lexeme="3" spec="INT"><location loc="51.22--51.22"/><type label="INT"/></node><location loc="51.20--51.23"/><type label="ARR(9)" len="9"><type label="INT"/></type><addr/></node><node label="AtomExpr" lexeme="1" spec="INT"><location loc="51.25--51.25"/><type label="INT"/></node><location loc="51.20--51.26"/><type label="INT"/><addr/></node><node label="AtomExpr" lexeme="1" spec="INT"><location loc="51.28--51.28"/><type label="INT"/></node><location loc="51.20--51.28"/></node><node label="AssignStmt"><node label="ArrExpr"><node label="ArrExpr"><node label="VarName" lexeme="t"><location loc="51.31--51.31"/><declaredAt location="63.9--63.32"/></node><node label="AtomExpr" lexeme="3" spec="INT"><location loc="51.33--51.33"/><type label="INT"/></node><location loc="51.31--51.34"/><type label="ARR(9)" len="9"><type label="INT"/></type><addr/></node><node label="AtomExpr" lexeme="2" spec="INT"><location loc="51.36--51.36"/><type label="INT"/></node><location loc="51.31--51.37"/><type label="INT"/><addr/></node><node label="AtomExpr" lexeme="4" spec="INT"><location loc="51.39--51.39"/><type label="INT"/></node><location loc="51.31--51.39"/></node><node label="AssignStmt"><node label="ArrExpr"><node label="ArrExpr"><node label="VarName" lexeme="t"><location loc="51.44--51.44"/><declaredAt location="63.9--63.32"/></node><node label="AtomExpr" lexeme="3" spec="INT"><location loc="51.46--51.46"/><type label="INT"/></node><location loc="51.44--51.47"/><type label="ARR(9)" len="9"><type label="INT"/></type><addr/></node><node label="AtomExpr" lexeme="3" spec="INT"><location loc="51.49--51.49"/><type label="INT"/></node><location loc="51.44--51.50"/><type label="INT"/><addr/></node><node label="AtomExpr" lexeme="8" spec="INT"><location loc="51.52--51.52"/><type label="INT"/></node><location loc="51.44--51.52"/></node><node label="AssignStmt"><node label="ArrExpr"><node label="ArrExpr"><node label="VarName" lexeme="t"><location loc="51.55--51.55"/><declaredAt location="63.9--63.32"/></node><node label="AtomExpr" lexeme="3" spec="INT"><location loc="51.57--51.57"/><type label="INT"/></node><location loc="51.55--51.58"/><type label="ARR(9)" len="9"><type label="INT"/></type><addr/></node><node label="AtomExpr" lexeme="4" spec="INT"><location loc="51.60--51.60"/><type label="INT"/></node><location loc="51.55--51.61"/><type label="INT"/><addr/></node><node label="AtomExpr" lexeme="0" spec="INT"><location loc="51.63--51.63"/><type label="INT"/></node><location loc="51.55--51.63"/></node><node label="AssignStmt"><node label="ArrExpr"><node label="ArrExpr"><node label="VarName" lexeme="t"><location loc="51.66--51.66"/><declaredAt location="63.9--63.32"/></node><node label="AtomExpr" lexeme="3" spec="INT"><location loc="51.68--51.68"/><type label="INT"/></node><location loc="51.66--51.69"/><type label="ARR(9)" len="9"><type label="INT"/></type><addr/></node><node label="AtomExpr" lexeme="5" spec="INT"><location loc="51.71--51.71"/><type label="INT"/></node><location loc="51.66--51.72"/><type label="INT"/><addr/></node><node label="AtomExpr" lexeme="0" spec="INT"><location loc="51.74--51.74"/><type label="INT"/></node><location loc="51.66--51.74"/></node><node label="AssignStmt"><node label="ArrExpr"><node label="ArrExpr"><node label="VarName" lexeme="t"><location loc="51.79--51.79"/><declaredAt location="63.9--63.32"/></node><node label="AtomExpr" lexeme="3" spec="INT"><location loc="51.81--51.81"/><type label="INT"/></node><location loc="51.79--51.82"/><type label="ARR(9)" len="9"><type label="INT"/></type><addr/></node><node label="AtomExpr" lexeme="6" spec="INT"><location loc="51.84--51.84"/><type label="INT"/></node><location loc="51.79--51.85"/><type label="INT"/><addr/></node><node label="AtomExpr" lexeme="0" spec="INT"><location loc="51.87--51.87"/><type label="INT"/></node><location loc="51.79--51.87"/></node><node label="AssignStmt"><node label="ArrExpr"><node label="ArrExpr"><node label="VarName" lexeme="t"><location loc="51.90--51.90"/><declaredAt location="63.9--63.32"/></node><node label="AtomExpr" lexeme="3" spec="INT"><location loc="51.92--51.92"/><type label="INT"/></node><location loc="51.90--51.93"/><type label="ARR(9)" len="9"><type label="INT"/></type><addr/></node><node label="AtomExpr" lexeme="7" spec="INT"><location loc="51.95--51.95"/><type label="INT"/></node><location loc="51.90--51.96"/><type label="INT"/><addr/></node><node label="AtomExpr" lexeme="5" spec="INT"><location loc="51.98--51.98"/><type label="INT"/></node><location loc="51.90--51.98"/></node><node label="AssignStmt"><node label="ArrExpr"><node label="ArrExpr"><node label="VarName" lexeme="t"><location loc="51.101--51.101"/><declaredAt location="63.9--63.32"/></node><node label="AtomExpr" lexeme="3" spec="INT"><location loc="51.103--51.103"/><type label="INT"/></node><location loc="51.101--51.104"/><type label="ARR(9)" len="9"><type label="INT"/></type><addr/></node><node label="AtomExpr" lexeme="8" spec="INT"><location loc="51.106--51.106"/><type label="INT"/></node><location loc="51.101--51.107"/><type label="INT"/><addr/></node><node label="AtomExpr" lexeme="0" spec="INT"><location loc="51.109--51.109"/><type label="INT"/></node><location loc="51.101--51.109"/></node><node label="AssignStmt"><node label="ArrExpr"><node label="ArrExpr"><node label="VarName" lexeme="t"><location loc="52.9--52.9"/><declaredAt location="63.9--63.32"/></node><node label="AtomExpr" lexeme="4" spec="INT"><location loc="52.11--52.11"/><type label="INT"/></node><location loc="52.9--52.12"/><type label="ARR(9)" len="9"><type label="INT"/></type><addr/></node><node label="AtomExpr" lexeme="0" spec="INT"><location loc="52.14--52.14"/><type label="INT"/></node><location loc="52.9--52.15"/><type label="INT"/><addr/></node><node label="AtomExpr" lexeme="3" spec="INT"><location loc="52.17--52.17"/><type label="INT"/></node><location loc="52.9--52.17"/></node><node label="AssignStmt"><node label="ArrExpr"><node label="ArrExpr"><node label="VarName" lexeme="t"><location loc="52.20--52.20"/><declaredAt location="63.9--63.32"/></node><node label="AtomExpr" lexeme="4" spec="INT"><location loc="52.22--52.22"/><type label="INT"/></node><location loc="52.20--52.23"/><type label="ARR(9)" len="9"><type label="INT"/></type><addr/></node><node label="AtomExpr" lexeme="1" spec="INT"><location loc="52.25--52.25"/><type label="INT"/></node><location loc="52.20--52.26"/><type label="INT"/><addr/></node><node label="AtomExpr" lexeme="0" spec="INT"><location loc="52.28--52.28"/><type label="INT"/></node><location loc="52.20--52.28"/></node><node label="AssignStmt"><node label="ArrExpr"><node label="ArrExpr"><node label="VarName" lexeme="t"><location loc="52.31--52.31"/><declaredAt location="63.9--63.32"/></node><node label="AtomExpr" lexeme="4" spec="INT"><location loc="52.33--52.33"/><type label="INT"/></node><location loc="52.31--52.34"/><type label="ARR(9)" len="9"><type label="INT"/></type><addr/></node><node label="AtomExpr" lexeme="2" spec="INT"><location loc="52.36--52.36"/><type label="INT"/></node><location loc="52.31--52.37"/><type label="INT"/><addr/></node><node label="AtomExpr" lexeme="0" spec="INT"><location loc="52.39--52.39"/><type label="INT"/></node><location loc="52.31--52.39"/></node><node label="AssignStmt"><node label="ArrExpr"><node label="ArrExpr"><node label="VarName" lexeme="t"><location loc="52.44--52.44"/><declaredAt location="63.9--63.32"/></node><node label="AtomExpr" lexeme="4" spec="INT"><location loc="52.46--52.46"/><type label="INT"/></node><location loc="52.44--52.47"/><type label="ARR(9)" len="9"><type label="INT"/></type><addr/></node><node label="AtomExpr" lexeme="3" spec="INT"><location loc="52.49--52.49"/><type label="INT"/></node><location loc="52.44--52.50"/><type label="INT"/><addr/></node><node label="AtomExpr" lexeme="0" spec="INT"><location loc="52.52--52.52"/><type label="INT"/></node><location loc="52.44--52.52"/></node><node label="AssignStmt"><node label="ArrExpr"><node label="ArrExpr"><node label="VarName" lexeme="t"><location loc="52.55--52.55"/><declaredAt location="63.9--63.32"/></node><node label="AtomExpr" lexeme="4" spec="INT"><location loc="52.57--52.57"/><type label="INT"/></node><location loc="52.55--52.58"/><type label="ARR(9)" len="9"><type label="INT"/></type><addr/></node><node label="AtomExpr" lexeme="4" spec="INT"><location loc="52.60--52.60"/><type label="INT"/></node><location loc="52.55--52.61"/><type label="INT"/><addr/></node><node label="AtomExpr" lexeme="0" spec="INT"><location loc="52.63--52.63"/><type label="INT"/></node><location loc="52.55--52.63"/></node><node label="AssignStmt"><node label="ArrExpr"><node label="ArrExpr"><node label="VarName" lexeme="t"><location loc="52.66--52.66"/><declaredAt location="63.9--63.32"/></node><node label="AtomExpr" lexeme="4" spec="INT"><location loc="52.68--52.68"/><type label="INT"/></node><location loc="52.66--52.69"/><type label="ARR(9)" len="9"><type label="INT"/></type><addr/></node><node label="AtomExpr" lexeme="5" spec="INT"><location loc="52.71--52.71"/><type label="INT"/></node><location loc="52.66--52.72"/><type label="INT"/><addr/></node><node label="AtomExpr" lexeme="0" spec="INT"><location loc="52.74--52.74"/><type label="INT"/></node><location loc="52.66--52.74"/></node><node label="AssignStmt"><node label="ArrExpr"><node label="ArrExpr"><node label="VarName" lexeme="t"><location loc="52.79--52.79"/><declaredAt location="63.9--63.32"/></node><node label="AtomExpr" lexeme="4" spec="INT"><location loc="52.81--52.81"/><type label="INT"/></node><location loc="52.79--52.82"/><type label="ARR(9)" len="9"><type label="INT"/></type><addr/></node><node label="AtomExpr" lexeme="6" spec="INT"><location loc="52.84--52.84"/><type label="INT"/></node><location loc="52.79--52.85"/><type label="INT"/><addr/></node><node label="AtomExpr" lexeme="6" spec="INT"><location loc="52.87--52.87"/><type label="INT"/></node><location loc="52.79--52.87"/></node><node label="AssignStmt"><node label="ArrExpr"><node label="ArrExpr"><node label="VarName" lexeme="t"><location loc="52.90--52.90"/><declaredAt location="63.9--63.32"/></node><node label="AtomExpr" lexeme="4" spec="INT"><location loc="52.92--52.92"/><type label="INT"/></node><location loc="52.90--52.93"/><type label="ARR(9)" len="9"><type label="INT"/></type><addr/></node><node label="AtomExpr" lexeme="7" spec="INT"><location loc="52.95--52.95"/><type label="INT"/></node><location loc="52.90--52.96"/><type label="INT"/><addr/></node><node label="AtomExpr" lexeme="7" spec="INT"><location loc="52.98--52.98"/><type label="INT"/></node><location loc="52.90--52.98"/></node><node label="AssignStmt"><node label="ArrExpr"><node label="ArrExpr"><node label="VarName" lexeme="t"><location loc="52.101--52.101"/><declaredAt location="63.9--63.32"/></node><node label="AtomExpr" lexeme="4" spec="INT"><location loc="52.103--52.103"/><type label="INT"/></node><location loc="52.101--52.104"/><type label="ARR(9)" len="9"><type label="INT"/></type><addr/></node><node label="AtomExpr" lexeme="8" spec="INT"><location loc="52.106--52.106"/><type label="INT"/></node><location loc="52.101--52.107"/><type label="INT"/><addr/></node><node label="AtomExpr" lexeme="0" spec="INT"><location loc="52.109--52.109"/><type label="INT"/></node><location loc="52.101--52.109"/></node><node label="AssignStmt"><node label="ArrExpr"><node label="ArrExpr"><node label="VarName" lexeme="t"><location loc="53.9--53.9"/><declaredAt location="63.9--63.32"/></node><node label="AtomExpr" lexeme="5" spec="INT"><location loc="53.11--53.11"/><type label="INT"/></node><location loc="53.9--53.12"/><type label="ARR(9)" len="9"><type label="INT"/></type><addr/></node><node label="AtomExpr" lexeme="0" spec="INT"><location loc="53.14--53.14"/><type label="INT"/></node><location loc="53.9--53.15"/><type label="INT"/><addr/></node><node label="AtomExpr" lexeme="0" spec="INT"><location loc="53.17--53.17"/><type label="INT"/></node><location loc="53.9--53.17"/></node><node label="AssignStmt"><node label="ArrExpr"><node label="ArrExpr"><node label="VarName" lexeme="t"><location loc="53.20--53.20"/><declaredAt location="63.9--63.32"/></node><node label="AtomExpr" lexeme="5" spec="INT"><location loc="53.22--53.22"/><type label="INT"/></node><location loc="53.20--53.23"/><type label="ARR(9)" len="9"><type label="INT"/></type><addr/></node><node label="AtomExpr" lexeme="1" spec="INT"><location loc="53.25--53.25"/><type label="INT"/></node><location loc="53.20--53.26"/><type label="INT"/><addr/></node><node label="AtomExpr" lexeme="0" spec="INT"><location loc="53.28--53.28"/><type label="INT"/></node><location loc="53.20--53.28"/></node><node label="AssignStmt"><node label="ArrExpr"><node label="ArrExpr"><node label="VarName" lexeme="t"><location loc="53.31--53.31"/><declaredAt location="63.9--63.32"/></node><node label="AtomExpr" lexeme="5" spec="INT"><location loc="53.33--53.33"/><type label="INT"/></node><location loc="53.31--53.34"/><type label="ARR(9)" len="9"><type label="INT"/></type><addr/></node><node label="AtomExpr" lexeme="2" spec="INT"><location loc="53.36--53.36"/><type label="INT"/></node><location loc="53.31--53.37"/><type label="INT"/><addr/></node><node label="AtomExpr" lexeme="0" spec="INT"><location loc="53.39--53.39"/><type label="INT"/></node><location loc="53.31--53.39"/></node><node label="AssignStmt"><node label="ArrExpr"><node label="ArrExpr"><node label="VarName" lexeme="t"><location loc="53.44--53.44"/><declaredAt location="63.9--63.32"/></node><node label="AtomExpr" lexeme="5" spec="INT"><location loc="53.46--53.46"/><type label="INT"/></node><location loc="53.44--53.47"/><type label="ARR(9)" len="9"><type label="INT"/></type><addr/></node><node label="AtomExpr" lexeme="3" spec="INT"><location loc="53.49--53.49"/><type label="INT"/></node><location loc="53.44--53.50"/><type label="INT"/><addr/></node><node label="AtomExpr" lexeme="0" spec="INT"><location loc="53.52--53.52"/><type label="INT"/></node><location loc="53.44--53.52"/></node><node label="AssignStmt"><node label="ArrExpr"><node label="ArrExpr"><node label="VarName" lexeme="t"><location loc="53.55--53.55"/><declaredAt location="63.9--63.32"/></node><node label="AtomExpr" lexeme="5" spec="INT"><location loc="53.57--53.57"/><type label="INT"/></node><location loc="53.55--53.58"/><type label="ARR(9)" len="9"><type label="INT"/></type><addr/></node><node label="AtomExpr" lexeme="4" spec="INT"><location loc="53.60--53.60"/><type label="INT"/></node><location loc="53.55--53.61"/><type label="INT"/><addr/></node><node label="AtomExpr" lexeme="0" spec="INT"><location loc="53.63--53.63"/><type label="INT"/></node><location loc="53.55--53.63"/></node><node label="AssignStmt"><node label="ArrExpr"><node label="ArrExpr"><node label="VarName" lexeme="t"><location loc="53.66--53.66"/><declaredAt location="63.9--63.32"/></node><node label="AtomExpr" lexeme="5" spec="INT"><location loc="53.68--53.68"/><type label="INT"/></node><location loc="53.66--53.69"/><type label="ARR(9)" len="9"><type label="INT"/></type><addr/></node><node label="AtomExpr" lexeme="5" spec="INT"><location loc="53.71--53.71"/><type label="INT"/></node><location loc="53.66--53.72"/><type label="INT"/><addr/></node><node label="AtomExpr" lexeme="9" spec="INT"><location loc="53.74--53.74"/><type label="INT"/></node><location loc="53.66--53.74"/></node><node label="AssignStmt"><node label="ArrExpr"><node label="ArrExpr"><node label="VarName" lexeme="t"><location loc="53.79--53.79"/><declaredAt location="63.9--63.32"/></node><node label="AtomExpr" lexeme="5" spec="INT"><location loc="53.81--53.81"/><type label="INT"/></node><location loc="53.79--53.82"/><type label="ARR(9)" len="9"><type label="INT"/></type><addr/></node><node label="AtomExpr" lexeme="6" spec="INT"><location loc="53.84--53.84"/><type label="INT"/></node><location loc="53.79--53.85"/><type label="INT"/><addr/></node><node label="AtomExpr" lexeme="0" spec="INT"><location loc="53.87--53.87"/><type label="INT"/></node><location loc="53.79--53.87"/></node><node label="AssignStmt"><node label="ArrExpr"><node label="ArrExpr"><node label="VarName" lexeme="t"><location loc="53.90--53.90"/><declaredAt location="63.9--63.32"/></node><node label="AtomExpr" lexeme="5" spec="INT"><location loc="53.92--53.92"/><type label="INT"/></node><location loc="53.90--53.93"/><type label="ARR(9)" len="9"><type label="INT"/></type><addr/></node><node label="AtomExpr" lexeme="7" spec="INT"><location loc="53.95--53.95"/><type label="INT"/></node><location loc="53.90--53.96"/><type label="INT"/><addr/></node><node label="AtomExpr" lexeme="0" spec="INT"><location loc="53.98--53.98"/><type label="INT"/></node><location loc="53.90--53.98"/></node><node label="AssignStmt"><node label="ArrExpr"><node label="ArrExpr"><node label="VarName" lexeme="t"><location loc="53.101--53.101"/><declaredAt location="63.9--63.32"/></node><node label="AtomExpr" lexeme="5" spec="INT"><location loc="53.103--53.103"/><type label="INT"/></node><location loc="53.101--53.104"/><type label="ARR(9)" len="9"><type label="INT"/></type><addr/></node><node label="AtomExpr" lexeme="8" spec="INT"><location loc="53.106--53.106"/><type label="INT"/></node><location loc="53.101--53.107"/><type label="INT"/><addr/></node><node label="AtomExpr" lexeme="0" spec="INT"><location loc="53.109--53.109"/><type label="INT"/></node><location loc="53.101--53.109"/></node><node label="AssignStmt"><node label="ArrExpr"><node label="ArrExpr"><node label="VarName" lexeme="t"><location loc="55.9--55.9"/><declaredAt location="63.9--63.32"/></node><node label="AtomExpr" lexeme="6" spec="INT"><location loc="55.11--55.11"/><type label="INT"/></node><location loc="55.9--55.12"/><type label="ARR(9)" len="9"><type label="INT"/></type><addr/></node><node label="AtomExpr" lexeme="0" spec="INT"><location loc="55.14--55.14"/><type label="INT"/></node><location loc="55.9--55.15"/><type label="INT"/><addr/></node><node label="AtomExpr" lexeme="0" spec="INT"><location loc="55.17--55.17"/><type label="INT"/></node><location loc="55.9--55.17"/></node><node label="AssignStmt"><node label="ArrExpr"><node label="ArrExpr"><node label="VarName" lexeme="t"><location loc="55.20--55.20"/><declaredAt location="63.9--63.32"/></node><node label="AtomExpr" lexeme="6" spec="INT"><location loc="55.22--55.22"/><type label="INT"/></node><location loc="55.20--55.23"/><type label="ARR(9)" len="9"><type label="INT"/></type><addr/></node><node label="AtomExpr" lexeme="1" spec="INT"><location loc="55.25--55.25"/><type label="INT"/></node><location loc="55.20--55.26"/><type label="INT"/><addr/></node><node label="AtomExpr" lexeme="0" spec="INT"><location loc="55.28--55.28"/><type label="INT"/></node><location loc="55.20--55.28"/></node><node label="AssignStmt"><node label="ArrExpr"><node label="ArrExpr"><node label="VarName" lexeme="t"><location loc="55.31--55.31"/><declaredAt location="63.9--63.32"/></node><node label="AtomExpr" lexeme="6" spec="INT"><location loc="55.33--55.33"/><type label="INT"/></node><location loc="55.31--55.34"/><type label="ARR(9)" len="9"><type label="INT"/></type><addr/></node><node label="AtomExpr" lexeme="2" spec="INT"><location loc="55.36--55.36"/><type label="INT"/></node><location loc="55.31--55.37"/><type label="INT"/><addr/></node><node label="AtomExpr" lexeme="0" spec="INT"><location loc="55.39--55.39"/><type label="INT"/></node><location loc="55.31--55.39"/></node><node label="AssignStmt"><node label="ArrExpr"><node label="ArrExpr"><node label="VarName" lexeme="t"><location loc="55.44--55.44"/><declaredAt location="63.9--63.32"/></node><node label="AtomExpr" lexeme="6" spec="INT"><location loc="55.46--55.46"/><type label="INT"/></node><location loc="55.44--55.47"/><type label="ARR(9)" len="9"><type label="INT"/></type><addr/></node><node label="AtomExpr" lexeme="3" spec="INT"><location loc="55.49--55.49"/><type label="INT"/></node><location loc="55.44--55.50"/><type label="INT"/><addr/></node><node label="AtomExpr" lexeme="0" spec="INT"><location loc="55.52--55.52"/><type label="INT"/></node><location loc="55.44--55.52"/></node><node label="AssignStmt"><node label="ArrExpr"><node label="ArrExpr"><node label="VarName" lexeme="t"><location loc="55.55--55.55"/><declaredAt location="63.9--63.32"/></node><node label="AtomExpr" lexeme="6" spec="INT"><location loc="55.57--55.57"/><type label="INT"/></node><location loc="55.55--55.58"/><type label="ARR(9)" len="9"><type label="INT"/></type><addr/></node><node label="AtomExpr" lexeme="4" spec="INT"><location loc="55.60--55.60"/><type label="INT"/></node><location loc="55.55--55.61"/><type label="INT"/><addr/></node><node label="AtomExpr" lexeme="0" spec="INT"><location loc="55.63--55.63"/><type label="INT"/></node><location loc="55.55--55.63"/></node><node label="AssignStmt"><node label="ArrExpr"><node label="ArrExpr"><node label="VarName" lexeme="t"><location loc="55.66--55.66"/><declaredAt location="63.9--63.32"/></node><node label="AtomExpr" lexeme="6" spec="INT"><location loc="55.68--55.68"/><type label="INT"/></node><location loc="55.66--55.69"/><type label="ARR(9)" len="9"><type label="INT"/></type><addr/></node><node label="AtomExpr" lexeme="5" spec="INT"><location loc="55.71--55.71"/><type label="INT"/></node><location loc="55.66--55.72"/><type label="INT"/><addr/></node><node label="AtomExpr" lexeme="1" spec="INT"><location loc="55.74--55.74"/><type label="INT"/></node><location loc="55.66--55.74"/></node><node label="AssignStmt"><node label="ArrExpr"><node label="ArrExpr"><node label="VarName" lexeme="t"><location loc="55.79--55.79"/><declaredAt location="63.9--63.32"/></node><node label="AtomExpr" lexeme="6" spec="INT"><location loc="55.81--55.81"/><type label="INT"/></node><location loc="55.79--55.82"/><type label="ARR(9)" len="9"><type label="INT"/></type><addr/></node><node label="AtomExpr" lexeme="6" spec="INT"><location loc="55.84--55.84"/><type label="INT"/></node><location loc="55.79--55.85"/><type label="INT"/><addr/></node><node label="AtomExpr" lexeme="0" spec="INT"><location loc="55.87--55.87"/><type label="INT"/></node><location loc="55.79--55.87"/></node><node label="AssignStmt"><node label="ArrExpr"><node label="ArrExpr"><node label="VarName" lexeme="t"><location loc="55.90--55.90"/><declaredAt location="63.9--63.32"/></node><node label="AtomExpr" lexeme="6" spec="INT"><location loc="55.92--55.92"/><type label="INT"/></node><location loc="55.90--55.93"/><type label="ARR(9)" len="9"><type label="INT"/></type><addr/></node><node label="AtomExpr" lexeme="7" spec="INT"><location loc="55.95--55.95"/><type label="INT"/></node><location loc="55.90--55.96"/><type label="INT"/><addr/></node><node label="AtomExpr" lexeme="0" spec="INT"><location loc="55.98--55.98"/><type label="INT"/></node><location loc="55.90--55.98"/></node><node label="AssignStmt"><node label="ArrExpr"><node label="ArrExpr"><node label="VarName" lexeme="t"><location loc="55.101--55.101"/><declaredAt location="63.9--63.32"/></node><node label="AtomExpr" lexeme="6" spec="INT"><location loc="55.103--55.103"/><type label="INT"/></node><location loc="55.101--55.104"/><type label="ARR(9)" len="9"><type label="INT"/></type><addr/></node><node label="AtomExpr" lexeme="8" spec="INT"><location loc="55.106--55.106"/><type label="INT"/></node><location loc="55.101--55.107"/><type label="INT"/><addr/></node><node label="AtomExpr" lexeme="7" spec="INT"><location loc="55.109--55.109"/><type label="INT"/></node><location loc="55.101--55.109"/></node><node label="AssignStmt"><node label="ArrExpr"><node label="ArrExpr"><node label="VarName" lexeme="t"><location loc="56.9--56.9"/><declaredAt location="63.9--63.32"/></node><node label="AtomExpr" lexeme="7" spec="INT"><location loc="56.11--56.11"/><type label="INT"/></node><location loc="56.9--56.12"/><type label="ARR(9)" len="9"><type label="INT"/></type><addr/></node><node label="AtomExpr" lexeme="0" spec="INT"><location loc="56.14--56.14"/><type label="INT"/></node><location loc="56.9--56.15"/><type label="INT"/><addr/></node><node label="AtomExpr" lexeme="1" spec="INT"><location loc="56.17--56.17"/><type label="INT"/></node><location loc="56.9--56.17"/></node><node label="AssignStmt"><node label="ArrExpr"><node label="ArrExpr"><node label="VarName" lexeme="t"><location loc="56.20--56.20"/><declaredAt location="63.9--63.32"/></node><node label="AtomExpr" lexeme="7" spec="INT"><location loc="56.22--56.22"/><type label="INT"/></node><location loc="56.20--56.23"/><type label="ARR(9)" len="9"><type label="INT"/></type><addr/></node><node label="AtomExpr" lexeme="1" spec="INT"><location loc="56.25--56.25"/><type label="INT"/></node><location loc="56.20--56.26"/><type label="INT"/><addr/></node><node label="AtomExpr" lexeme="0" spec="INT"><location loc="56.28--56.28"/><type label="INT"/></node><location loc="56.20--56.28"/></node><node label="AssignStmt"><node label="ArrExpr"><node label="ArrExpr"><node label="VarName" lexeme="t"><location loc="56.31--56.31"/><declaredAt location="63.9--63.32"/></node><node label="AtomExpr" lexeme="7" spec="INT"><location loc="56.33--56.33"/><type label="INT"/></node><location loc="56.31--56.34"/><type label="ARR(9)" len="9"><type label="INT"/></type><addr/></node><node label="AtomExpr" lexeme="2" spec="INT"><location loc="56.36--56.36"/><type label="INT"/></node><location loc="56.31--56.37"/><type label="INT"/><addr/></node><node label="AtomExpr" lexeme="0" spec="INT"><location loc="56.39--56.39"/><type label="INT"/></node><location loc="56.31--56.39"/></node><node label="AssignStmt"><node label="ArrExpr"><node label="ArrExpr"><node label="VarName" lexeme="t"><location loc="56.44--56.44"/><declaredAt location="63.9--63.32"/></node><node label="AtomExpr" lexeme="7" spec="INT"><location loc="56.46--56.46"/><type label="INT"/></node><location loc="56.44--56.47"/><type label="ARR(9)" len="9"><type label="INT"/></type><addr/></node><node label="AtomExpr" lexeme="3" spec="INT"><location loc="56.49--56.49"/><type label="INT"/></node><location loc="56.44--56.50"/><type label="INT"/><addr/></node><node label="AtomExpr" lexeme="0" spec="INT"><location loc="56.52--56.52"/><type label="INT"/></node><location loc="56.44--56.52"/></node><node label="AssignStmt"><node label="ArrExpr"><node label="ArrExpr"><node label="VarName" lexeme="t"><location loc="56.55--56.55"/><declaredAt location="63.9--63.32"/></node><node label="AtomExpr" lexeme="7" spec="INT"><location loc="56.57--56.57"/><type label="INT"/></node><location loc="56.55--56.58"/><type label="ARR(9)" len="9"><type label="INT"/></type><addr/></node><node label="AtomExpr" lexeme="4" spec="INT"><location loc="56.60--56.60"/><type label="INT"/></node><location loc="56.55--56.61"/><type label="INT"/><addr/></node><node label="AtomExpr" lexeme="0" spec="INT"><location loc="56.63--56.63"/><type label="INT"/></node><location loc="56.55--56.63"/></node><node label="AssignStmt"><node label="ArrExpr"><node label="ArrExpr"><node label="VarName" lexeme="t"><location loc="56.66--56.66"/><declaredAt location="63.9--63.32"/></node><node label="AtomExpr" lexeme="7" spec="INT"><location loc="56.68--56.68"/><type label="INT"/></node><location loc="56.66--56.69"/><type label="ARR(9)" len="9"><type label="INT"/></type><addr/></node><node label="AtomExpr" lexeme="5" spec="INT"><location loc="56.71--56.71"/><type label="INT"/></node><location loc="56.66--56.72"/><type label="INT"/><addr/></node><node label="AtomExpr" lexeme="2" spec="INT"><location loc="56.74--56.74"/><type label="INT"/></node><location loc="56.66--56.74"/></node><node label="AssignStmt"><node label="ArrExpr"><node label="ArrExpr"><node label="VarName" lexeme="t"><location loc="56.79--56.79"/><declaredAt location="63.9--63.32"/></node><node label="AtomExpr" lexeme="7" spec="INT"><location loc="56.81--56.81"/><type label="INT"/></node><location loc="56.79--56.82"/><type label="ARR(9)" len="9"><type label="INT"/></type><addr/></node><node label="AtomExpr" lexeme="6" spec="INT"><location loc="56.84--56.84"/><type label="INT"/></node><location loc="56.79--56.85"/><type label="INT"/><addr/></node><node label="AtomExpr" lexeme="4" spec="INT"><location loc="56.87--56.87"/><type label="INT"/></node><location loc="56.79--56.87"/></node><node label="AssignStmt"><node label="ArrExpr"><node label="ArrExpr"><node label="VarName" lexeme="t"><location loc="56.90--56.90"/><declaredAt location="63.9--63.32"/></node><node label="AtomExpr" lexeme="7" spec="INT"><location loc="56.92--56.92"/><type label="INT"/></node><location loc="56.90--56.93"/><type label="ARR(9)" len="9"><type label="INT"/></type><addr/></node><node label="AtomExpr" lexeme="7" spec="INT"><location loc="56.95--56.95"/><type label="INT"/></node><location loc="56.90--56.96"/><type label="INT"/><addr/></node><node label="AtomExpr" lexeme="0" spec="INT"><location loc="56.98--56.98"/><type label="INT"/></node><location loc="56.90--56.98"/></node><node label="AssignStmt"><node label="ArrExpr"><node label="ArrExpr"><node label="VarName" lexeme="t"><location loc="56.101--56.101"/><declaredAt location="63.9--63.32"/></node><node label="AtomExpr" lexeme="7" spec="INT"><location loc="56.103--56.103"/><type label="INT"/></node><location loc="56.101--56.104"/><type label="ARR(9)" len="9"><type label="INT"/></type><addr/></node><node label="AtomExpr" lexeme="8" spec="INT"><location loc="56.106--56.106"/><type label="INT"/></node><location loc="56.101--56.107"/><type label="INT"/><addr/></node><node label="AtomExpr" lexeme="0" spec="INT"><location loc="56.109--56.109"/><type label="INT"/></node><location loc="56.101--56.109"/></node><node label="AssignStmt"><node label="ArrExpr"><node label="ArrExpr"><node label="VarName" lexeme="t"><location loc="57.9--57.9"/><declaredAt location="63.9--63.32"/></node><node label="AtomExpr" lexeme="8" spec="INT"><location loc="57.11--57.11"/><type label="INT"/></node><location loc="57.9--57.12"/><type label="ARR(9)" len="9"><type label="INT"/></type><addr/></node><node label="AtomExpr" lexeme="0" spec="INT"><location loc="57.14--57.14"/><type label="INT"/></node><location loc="57.9--57.15"/><type label="INT"/><addr/></node><node label="AtomExpr" lexeme="5" spec="INT"><location loc="57.17--57.17"/><type label="INT"/></node><location loc="57.9--57.17"/></node><node label="AssignStmt"><node label="ArrExpr"><node label="ArrExpr"><node label="VarName" lexeme="t"><location loc="57.20--57.20"/><declaredAt location="63.9--63.32"/></node><node label="AtomExpr" lexeme="8" spec="INT"><location loc="57.22--57.22"/><type label="INT"/></node><location loc="57.20--57.23"/><type label="ARR(9)" len="9"><type label="INT"/></type><addr/></node><node label="AtomExpr" lexeme="1" spec="INT"><location loc="57.25--57.25"/><type label="INT"/></node><location loc="57.20--57.26"/><type label="INT"/><addr/></node><node label="AtomExpr" lexeme="7" spec="INT"><location loc="57.28--57.28"/><type label="INT"/></node><location loc="57.20--57.28"/></node><node label="AssignStmt"><node label="ArrExpr"><node label="ArrExpr"><node label="VarName" lexeme="t"><location loc="57.31--57.31"/><declaredAt location="63.9--63.32"/></node><node label="AtomExpr" lexeme="8" spec="INT"><location loc="57.33--57.33"/><type label="INT"/></node><location loc="57.31--57.34"/><type label="ARR(9)" len="9"><type label="INT"/></type><addr/></node><node label="AtomExpr" lexeme="2" spec="INT"><location loc="57.36--57.36"/><type label="INT"/></node><location loc="57.31--57.37"/><type label="INT"/><addr/></node><node label="AtomExpr" lexeme="0" spec="INT"><location loc="57.39--57.39"/><type label="INT"/></node><location loc="57.31--57.39"/></node><node label="AssignStmt"><node label="ArrExpr"><node label="ArrExpr"><node label="VarName" lexeme="t"><location loc="57.44--57.44"/><declaredAt location="63.9--63.32"/></node><node label="AtomExpr" lexeme="8" spec="INT"><location loc="57.46--57.46"/><type label="INT"/></node><location loc="57.44--57.47"/><type label="ARR(9)" len="9"><type label="INT"/></type><addr/></node><node label="AtomExpr" lexeme="3" spec="INT"><location loc="57.49--57.49"/><type label="INT"/></node><location loc="57.44--57.50"/><type label="INT"/><addr/></node><node label="AtomExpr" lexeme="0" spec="INT"><location loc="57.52--57.52"/><type label="INT"/></node><location loc="57.44--57.52"/></node><node label="AssignStmt"><node label="ArrExpr"><node label="ArrExpr"><node label="VarName" lexeme="t"><location loc="57.55--57.55"/><declaredAt location="63.9--63.32"/></node><node label="AtomExpr" lexeme="8" spec="INT"><location loc="57.57--57.57"/><type label="INT"/></node><location loc="57.55--57.58"/><type label="ARR(9)" len="9"><type label="INT"/></type><addr/></node><node label="AtomExpr" lexeme="4" spec="INT"><location loc="57.60--57.60"/><type label="INT"/></node><location loc="57.55--57.61"/><type label="INT"/><addr/></node><node label="AtomExpr" lexeme="4" spec="INT"><location loc="57.63--57.63"/><type label="INT"/></node><location loc="57.55--57.63"/></node><node label="AssignStmt"><node label="ArrExpr"><node label="ArrExpr"><node label="VarName" lexeme="t"><location loc="57.66--57.66"/><declaredAt location="63.9--63.32"/></node><node label="AtomExpr" lexeme="8" spec="INT"><location loc="57.68--57.68"/><type label="INT"/></node><location loc="57.66--57.69"/><type label="ARR(9)" len="9"><type label="INT"/></type><addr/></node><node label="AtomExpr" lexeme="5" spec="INT"><location loc="57.71--57.71"/><type label="INT"/></node><location loc="57.66--57.72"/><type label="INT"/><addr/></node><node label="AtomExpr" lexeme="0" spec="INT"><location loc="57.74--57.74"/><type label="INT"/></node><location loc="57.66--57.74"/></node><node label="AssignStmt"><node label="ArrExpr"><node label="ArrExpr"><node label="VarName" lexeme="t"><location loc="57.79--57.79"/><declaredAt location="63.9--63.32"/></node><node label="AtomExpr" lexeme="8" spec="INT"><location loc="57.81--57.81"/><type label="INT"/></node><location loc="57.79--57.82"/><type label="ARR(9)" len="9"><type label="INT"/></type><addr/></node><node label="AtomExpr" lexeme="6" spec="INT"><location loc="57.84--57.84"/><type label="INT"/></node><location loc="57.79--57.85"/><type label="INT"/><addr/></node><node label="AtomExpr" lexeme="9" spec="INT"><location loc="57.87--57.87"/><type label="INT"/></node><location loc="57.79--57.87"/></node><node label="AssignStmt"><node label="ArrExpr"><node label="ArrExpr"><node label="VarName" lexeme="t"><location loc="57.90--57.90"/><declaredAt location="63.9--63.32"/></node><node label="AtomExpr" lexeme="8" spec="INT"><location loc="57.92--57.92"/><type label="INT"/></node><location loc="57.90--57.93"/><type label="ARR(9)" len="9"><type label="INT"/></type><addr/></node><node label="AtomExpr" lexeme="7" spec="INT"><location loc="57.95--57.95"/><type label="INT"/></node><location loc="57.90--57.96"/><type label="INT"/><addr/></node><node label="AtomExpr" lexeme="3" spec="INT"><location loc="57.98--57.98"/><type label="INT"/></node><location loc="57.90--57.98"/></node><node label="AssignStmt"><node label="ArrExpr"><node label="ArrExpr"><node label="VarName" lexeme="t"><location loc="57.101--57.101"/><declaredAt location="63.9--63.32"/></node><node label="AtomExpr" lexeme="8" spec="INT"><location loc="57.103--57.103"/><type label="INT"/></node><location loc="57.101--57.104"/><type label="ARR(9)" len="9"><type label="INT"/></type><addr/></node><node label="AtomExpr" lexeme="8" spec="INT"><location loc="57.106--57.106"/><type label="INT"/></node><location loc="57.101--57.107"/><type label="INT"/><addr/></node><node label="AtomExpr" lexeme="0" spec="INT"><location loc="57.109--57.109"/><type label="INT"/></node><location loc="57.101--57.109"/></node><node label="AssignStmt"><node label="VarName" lexeme="count"><location loc="59.9--59.13"/><declaredAt location="64.9--64.22"/></node><node label="FunName" lexeme="sudoku"><node label="Args"><node label="UnExpr" spec="ADDR"><node label="VarName" lexeme="t"><location loc="59.23--59.23"/><declaredAt location="63.9--63.32"/></node><location loc="59.22--59.23"/><type label="PTR"><type label="ARR(9)" len="9"><type label="ARR(9)" len="9"><type label="INT"/></type></type></type></node><location loc="59.22--59.23"/></node><location loc="59.15--59.24"/><declaredAt location="136.1--250.6"/><type label="INT"/></node><location loc="59.9--59.24"/></node><node label="ExprStmt"><node label="FunName" lexeme="putInt"><node label="Args"><node label="VarName" lexeme="count"><location loc="60.16--60.20"/><declaredAt location="64.9--64.22"/><type label="INT"/></node><location loc="60.16--60.20"/></node><location loc="60.9--60.21"/><declaredAt location="1.1--1.23"/><type label="VOID"/></node><location loc="60.9--60.21"/></node><node label="ExprStmt"><node label="FunName" lexeme="putChar"><node label="Args"><node label="CastExpr"><node label="AtomExpr" lexeme="10" spec="INT"><location loc="60.33--60.34"/><type label="INT"/></node><node label="AtomType" spec="CHAR"><location loc="60.36--60.39"/></node><location loc="60.35--60.40"/><type label="CHAR"/></node><location loc="60.35--60.40"/></node><location loc="60.24--60.41"/><declaredAt location="2.1--2.25"/><type label="VOID"/></node><location loc="60.24--60.41"/></node><location loc="47.9--60.41"/></node><node label="AtomExpr" lexeme="none" spec="VOID"><location loc="61.9--61.12"/><type label="VOID"/></node><location loc="47.9--64.22"/><type label="VOID"/></node><location loc="47.7--65.7"/></node><location loc="7.7--65.7"/></node><node label="AtomExpr" lexeme="0" spec="INT"><location loc="67.9--67.9"/><type label="INT"/></node><location loc="7.7--69.27"/><type label="INT"/></node><location loc="5.1--70.6"/><frame FP="T6" RV="T7" argssize="24" depth="1" label="_main" locssize="672" size="712"/></node><node label="FunDef" lexeme="facItr"><node label="ParDecls"><node label="ParDecl" lexeme="n"><node label="AtomType" spec="INT"><location loc="72.14--72.16"/></node><location loc="72.12--72.16"/><access depth="1" offset="8" size="8"/></node><location loc="72.12--72.16"/></node><node label="AtomType" spec="INT"><location loc="72.19--72.21"/></node><node label="BlockExpr"><node label="Decls"><node label="VarDecl" lexeme="f"><node label="AtomType" spec="INT"><location loc="77.13--77.15"/></node><location loc="77.7--77.16"/><access depth="1" offset="-8" size="8"/></node><location loc="77.7--77.16"/></node><node label="Stmts"><node label="AssignStmt"><node label="VarName" lexeme="f"><location loc="73.7--73.7"/><declaredAt location="77.7--77.16"/></node><node label="AtomExpr" lexeme="1" spec="INT"><location loc="73.9--73.9"/><type label="INT"/></node><location loc="73.7--73.9"/></node><node label="WhileStmt"><node label="BinExpr" spec="GTH"><node label="VarName" lexeme="n"><location loc="74.13--74.13"/><declaredAt location="72.12--72.16"/></node><node label="AtomExpr" lexeme="0" spec="INT"><location loc="74.15--74.15"/><type label="INT"/></node><location loc="74.13--74.15"/><type label="BOOL"/></node><node label="Stmts"><node label="AssignStmt"><node label="VarName" lexeme="f"><location loc="74.20--74.20"/><declaredAt location="77.7--77.16"/></node><node label="BinExpr" spec="MUL"><node label="VarName" lexeme="f"><location loc="74.22--74.22"/><declaredAt location="77.7--77.16"/></node><node label="VarName" lexeme="n"><location loc="74.24--74.24"/><declaredAt location="72.12--72.16"/></node><location loc="74.22--74.24"/><type label="INT"/></node><location loc="74.20--74.24"/></node><node label="AssignStmt"><node label="VarName" lexeme="n"><location loc="74.27--74.27"/><declaredAt location="72.12--72.16"/></node><node label="BinExpr" spec="SUB"><node label="VarName" lexeme="n"><location loc="74.29--74.29"/><declaredAt location="72.12--72.16"/></node><node label="AtomExpr" lexeme="1" spec="INT"><location loc="74.31--74.31"/><type label="INT"/></node><location loc="74.29--74.31"/><type label="INT"/></node><location loc="74.27--74.31"/></node><location loc="74.20--74.31"/></node><location loc="74.7--74.36"/></node><location loc="73.7--74.36"/></node><node label="VarName" lexeme="f"><location loc="75.7--75.7"/><declaredAt location="77.7--77.16"/></node><location loc="73.7--77.16"/><type label="INT"/></node><location loc="72.1--78.6"/><frame FP="T8" RV="T9" argssize="0" depth="1" label="_facItr" locssize="8" size="24"/></node><node label="FunDef" lexeme="facRec"><node label="ParDecls"><node label="ParDecl" lexeme="n"><node label="AtomType" spec="INT"><location loc="80.14--80.16"/></node><location loc="80.12--80.16"/><access depth="1" offset="8" size="8"/></node><location loc="80.12--80.16"/></node><node label="AtomType" spec="INT"><location loc="80.19--80.21"/></node><node label="BlockExpr"><node label="Decls"><node label="VarDecl" lexeme="f"><node label="AtomType" spec="INT"><location loc="84.13--84.15"/></node><location loc="84.7--84.16"/><access depth="1" offset="-8" size="8"/></node><location loc="84.7--84.16"/></node><node label="Stmts"><node label="IfStmt"><node label="BinExpr" spec="EQU"><node label="VarName" lexeme="n"><location loc="81.10--81.10"/><declaredAt location="80.12--80.16"/></node><node label="AtomExpr" lexeme="1" spec="INT"><location loc="81.13--81.13"/><type label="INT"/></node><location loc="81.10--81.13"/><type label="BOOL"/></node><node label="Stmts"><node label="AssignStmt"><node label="VarName" lexeme="f"><location loc="81.20--81.20"/><declaredAt location="84.7--84.16"/></node><node label="AtomExpr" lexeme="1" spec="INT"><location loc="81.22--81.22"/><type label="INT"/></node><location loc="81.20--81.22"/></node><location loc="81.20--81.22"/></node><node label="Stmts"><node label="AssignStmt"><node label="VarName" lexeme="f"><location loc="81.30--81.30"/><declaredAt location="84.7--84.16"/></node><node label="BinExpr" spec="MUL"><node label="VarName" lexeme="n"><location loc="81.32--81.32"/><declaredAt location="80.12--80.16"/></node><node label="FunName" lexeme="facRec"><node label="Args"><node label="BinExpr" spec="SUB"><node label="VarName" lexeme="n"><location loc="81.41--81.41"/><declaredAt location="80.12--80.16"/></node><node label="AtomExpr" lexeme="1" spec="INT"><location loc="81.43--81.43"/><type label="INT"/></node><location loc="81.41--81.43"/><type label="INT"/></node><location loc="81.41--81.43"/></node><location loc="81.34--81.44"/><declaredAt location="80.1--85.6"/><type label="INT"/></node><location loc="81.32--81.44"/><type label="INT"/></node><location loc="81.30--81.44"/></node><location loc="81.30--81.44"/></node><location loc="81.7--81.49"/></node><location loc="81.7--81.49"/></node><node label="VarName" lexeme="f"><location loc="82.7--82.7"/><declaredAt location="84.7--84.16"/></node><location loc="81.7--84.16"/><type label="INT"/></node><location loc="80.1--85.6"/><frame FP="T10" RV="T11" argssize="16" depth="1" label="_facRec" locssize="8" size="40"/></node><node label="FunDef" lexeme="fibItr"><node label="ParDecls"><node label="ParDecl" lexeme="n"><node label="AtomType" spec="INT"><location loc="87.14--87.16"/></node><location loc="87.12--87.16"/><access depth="1" offset="8" size="8"/></node><location loc="87.12--87.16"/></node><node label="AtomType" spec="INT"><location loc="87.19--87.21"/></node><node label="BlockExpr"><node label="Decls"><node label="VarDecl" lexeme="f"><node label="AtomType" spec="INT"><location loc="95.13--95.15"/></node><location loc="95.7--95.16"/><access depth="1" offset="-8" size="8"/></node><node label="VarDecl" lexeme="fm1"><node label="AtomType" spec="INT"><location loc="96.15--96.17"/></node><location loc="96.7--96.18"/><access depth="1" offset="-16" size="8"/></node><node label="VarDecl" lexeme="fm2"><node label="AtomType" spec="INT"><location loc="97.15--97.17"/></node><location loc="97.7--97.18"/><access depth="1" offset="-24" size="8"/></node><location loc="95.7--97.18"/></node><node label="Stmts"><node label="AssignStmt"><node label="VarName" lexeme="f"><location loc="88.7--88.7"/><declaredAt location="95.7--95.16"/></node><node label="AtomExpr" lexeme="1" spec="INT"><location loc="88.9--88.9"/><type label="INT"/></node><location loc="88.7--88.9"/></node><node label="AssignStmt"><node label="VarName" lexeme="fm1"><location loc="88.12--88.14"/><declaredAt location="96.7--96.18"/></node><node label="AtomExpr" lexeme="1" spec="INT"><location loc="88.16--88.16"/><type label="INT"/></node><location loc="88.12--88.16"/></node><node label="AssignStmt"><node label="VarName" lexeme="fm2"><location loc="88.19--88.21"/><declaredAt location="97.7--97.18"/></node><node label="AtomExpr" lexeme="0" spec="INT"><location loc="88.23--88.23"/><type label="INT"/></node><location loc="88.19--88.23"/></node><node label="WhileStmt"><node label="BinExpr" spec="GTH"><node label="VarName" lexeme="n"><location loc="89.13--89.13"/><declaredAt location="87.12--87.16"/></node><node label="AtomExpr" lexeme="1" spec="INT"><location loc="89.15--89.15"/><type label="INT"/></node><location loc="89.13--89.15"/><type label="BOOL"/></node><node label="Stmts"><node label="AssignStmt"><node label="VarName" lexeme="f"><location loc="90.9--90.9"/><declaredAt location="95.7--95.16"/></node><node label="BinExpr" spec="ADD"><node label="VarName" lexeme="fm1"><location loc="90.11--90.13"/><declaredAt location="96.7--96.18"/></node><node label="VarName" lexeme="fm2"><location loc="90.15--90.17"/><declaredAt location="97.7--97.18"/></node><location loc="90.11--90.17"/><type label="INT"/></node><location loc="90.9--90.17"/></node><node label="AssignStmt"><node label="VarName" lexeme="fm2"><location loc="90.19--90.21"/><declaredAt location="97.7--97.18"/></node><node label="VarName" lexeme="fm1"><location loc="90.23--90.25"/><declaredAt location="96.7--96.18"/></node><location loc="90.19--90.25"/></node><node label="AssignStmt"><node label="VarName" lexeme="fm1"><location loc="90.27--90.29"/><declaredAt location="96.7--96.18"/></node><node label="VarName" lexeme="f"><location loc="90.31--90.31"/><declaredAt location="95.7--95.16"/></node><location loc="90.27--90.31"/></node><node label="AssignStmt"><node label="VarName" lexeme="n"><location loc="91.9--91.9"/><declaredAt location="87.12--87.16"/></node><node label="BinExpr" spec="SUB"><node label="VarName" lexeme="n"><location loc="91.11--91.11"/><declaredAt location="87.12--87.16"/></node><node label="AtomExpr" lexeme="1" spec="INT"><location loc="91.13--91.13"/><type label="INT"/></node><location loc="91.11--91.13"/><type label="INT"/></node><location loc="91.9--91.13"/></node><location loc="90.9--91.13"/></node><location loc="89.7--92.9"/></node><location loc="88.7--92.9"/></node><node label="VarName" lexeme="f"><location loc="93.7--93.7"/><declaredAt location="95.7--95.16"/></node><location loc="88.7--97.18"/><type label="INT"/></node><location loc="87.1--98.6"/><frame FP="T12" RV="T13" argssize="0" depth="1" label="_fibItr" locssize="24" size="40"/></node><node label="FunDef" lexeme="fibRec"><node label="ParDecls"><node label="ParDecl" lexeme="n"><node label="AtomType" spec="INT"><location loc="100.14--100.16"/></node><location loc="100.12--100.16"/><access depth="1" offset="8" size="8"/></node><location loc="100.12--100.16"/></node><node label="AtomType" spec="INT"><location loc="100.19--100.21"/></node><node label="BlockExpr"><node label="Decls"><node label="VarDecl" lexeme="f"><node label="AtomType" spec="INT"><location loc="104.13--104.15"/></node><location loc="104.7--104.16"/><access depth="1" offset="-8" size="8"/></node><location loc="104.7--104.16"/></node><node label="Stmts"><node label="IfStmt"><node label="BinExpr" spec="LEQ"><node label="VarName" lexeme="n"><location loc="101.10--101.10"/><declaredAt location="100.12--100.16"/></node><node label="AtomExpr" lexeme="2" spec="INT"><location loc="101.13--101.13"/><type label="INT"/></node><location loc="101.10--101.13"/><type label="BOOL"/></node><node label="Stmts"><node label="AssignStmt"><node label="VarName" lexeme="f"><location loc="101.20--101.20"/><declaredAt location="104.7--104.16"/></node><node label="AtomExpr" lexeme="1" spec="INT"><location loc="101.22--101.22"/><type label="INT"/></node><location loc="101.20--101.22"/></node><location loc="101.20--101.22"/></node><node label="Stmts"><node label="AssignStmt"><node label="VarName" lexeme="f"><location loc="101.30--101.30"/><declaredAt location="104.7--104.16"/></node><node label="BinExpr" spec="ADD"><node label="FunName" lexeme="fibRec"><node label="Args"><node label="BinExpr" spec="SUB"><node label="VarName" lexeme="n"><location loc="101.39--101.39"/><declaredAt location="100.12--100.16"/></node><node label="AtomExpr" lexeme="1" spec="INT"><location loc="101.41--101.41"/><type label="INT"/></node><location loc="101.39--101.41"/><type label="INT"/></node><location loc="101.39--101.41"/></node><location loc="101.32--101.42"/><declaredAt location="100.1--105.6"/><type label="INT"/></node><node label="FunName" lexeme="fibRec"><node label="Args"><node label="BinExpr" spec="SUB"><node label="VarName" lexeme="n"><location loc="101.51--101.51"/><declaredAt location="100.12--100.16"/></node><node label="AtomExpr" lexeme="2" spec="INT"><location loc="101.53--101.53"/><type label="INT"/></node><location loc="101.51--101.53"/><type label="INT"/></node><location loc="101.51--101.53"/></node><location loc="101.44--101.54"/><declaredAt location="100.1--105.6"/><type label="INT"/></node><location loc="101.32--101.54"/><type label="INT"/></node><location loc="101.30--101.54"/></node><location loc="101.30--101.54"/></node><location loc="101.7--101.59"/></node><location loc="101.7--101.59"/></node><node label="VarName" lexeme="f"><location loc="102.7--102.7"/><declaredAt location="104.7--104.16"/></node><location loc="101.7--104.16"/><type label="INT"/></node><location loc="100.1--105.6"/><frame FP="T14" RV="T15" argssize="16" depth="1" label="_fibRec" locssize="8" size="40"/></node><node label="FunDef" lexeme="combs"><node label="ParDecls"><node label="ParDecl" lexeme="n"><node label="AtomType" spec="INT"><location loc="107.13--107.15"/></node><location loc="107.11--107.15"/><access depth="1" offset="8" size="8"/></node><node label="ParDecl" lexeme="k"><node label="AtomType" spec="INT"><location loc="107.19--107.21"/></node><location loc="107.17--107.21"/><access depth="1" offset="16" size="8"/></node><location loc="107.11--107.21"/></node><node label="AtomType" spec="INT"><location loc="107.24--107.26"/></node><node label="BlockExpr"><node label="Decls"><node label="VarDecl" lexeme="c"><node label="ArrType"><node label="AtomExpr" lexeme="100" spec="INT"><location loc="112.17--112.19"/></node><node label="AtomType" spec="INT"><location loc="112.21--112.23"/></node><location loc="112.13--112.23"/><type label="ARR(100)" len="100"><type label="INT"/></type></node><location loc="112.7--112.24"/><access depth="1" offset="-800" size="800"/></node><node label="VarDecl" lexeme="i"><node label="AtomType" spec="INT"><location loc="113.13--113.15"/></node><location loc="113.7--113.16"/><access depth="1" offset="-808" size="8"/></node><node label="FunDef" lexeme="gen"><node label="ParDecls"><node label="ParDecl" lexeme="i"><node label="AtomType" spec="INT"><location loc="114.17--114.19"/></node><location loc="114.15--114.19"/><access depth="2" offset="8" size="8"/></node><location loc="114.15--114.19"/></node><node label="AtomType" spec="INT"><location loc="114.22--114.24"/></node><node label="BlockExpr"><node label="Decls"><node label="VarDecl" lexeme="j"><node label="AtomType" spec="INT"><location loc="132.17--132.19"/></node><location loc="132.11--132.20"/><access depth="2" offset="-8" size="8"/></node><location loc="132.11--132.20"/></node><node label="Stmts"><node label="IfStmt"><node label="BinExpr" spec="EQU"><node label="VarName" lexeme="i"><location loc="115.14--115.14"/><declaredAt location="114.15--114.19"/></node><node label="VarName" lexeme="n"><location loc="115.17--115.17"/><declaredAt location="107.11--107.15"/></node><location loc="115.14--115.17"/><type label="BOOL"/></node><node label="Stmts"><node label="AssignStmt"><node label="VarName" lexeme="j"><location loc="116.13--116.13"/><declaredAt location="132.11--132.20"/></node><node label="AtomExpr" lexeme="0" spec="INT"><location loc="116.15--116.15"/><type label="INT"/></node><location loc="116.13--116.15"/></node><node label="WhileStmt"><node label="BinExpr" spec="LTH"><node label="VarName" lexeme="j"><location loc="117.19--117.19"/><declaredAt location="132.11--132.20"/></node><node label="VarName" lexeme="n"><location loc="117.21--117.21"/><declaredAt location="107.11--107.15"/></node><location loc="117.19--117.21"/><type label="BOOL"/></node><node label="Stmts"><node label="ExprStmt"><node label="FunName" lexeme="putInt"><node label="Args"><node label="ArrExpr"><node label="VarName" lexeme="c"><location loc="118.22--118.22"/><declaredAt location="112.7--112.24"/></node><node label="VarName" lexeme="j"><location loc="118.24--118.24"/><declaredAt location="132.11--132.20"/></node><location loc="118.22--118.25"/><type label="INT"/><addr/></node><location loc="118.22--118.25"/></node><location loc="118.15--118.26"/><declaredAt location="1.1--1.23"/><type label="VOID"/></node><location loc="118.15--118.26"/></node><node label="ExprStmt"><node label="FunName" lexeme="putChar"><node label="Args"><node label="AtomExpr" lexeme="' '" spec="CHAR"><location loc="119.23--119.25"/><type label="CHAR"/></node><location loc="119.23--119.25"/></node><location loc="119.15--119.26"/><declaredAt location="2.1--2.25"/><type label="VOID"/></node><location loc="119.15--119.26"/></node><node label="AssignStmt"><node label="VarName" lexeme="j"><location loc="120.15--120.15"/><declaredAt location="132.11--132.20"/></node><node label="BinExpr" spec="ADD"><node label="VarName" lexeme="j"><location loc="120.17--120.17"/><declaredAt location="132.11--132.20"/></node><node label="AtomExpr" lexeme="1" spec="INT"><location loc="120.19--120.19"/><type label="INT"/></node><location loc="120.17--120.19"/><type label="INT"/></node><location loc="120.15--120.19"/></node><location loc="118.15--120.19"/></node><location loc="117.13--121.15"/></node><node label="ExprStmt"><node label="FunName" lexeme="putChar"><node label="Args"><node label="CastExpr"><node label="AtomExpr" lexeme="10" spec="INT"><location loc="122.22--122.23"/><type label="INT"/></node><node label="AtomType" spec="CHAR"><location loc="122.25--122.28"/></node><location loc="122.24--122.29"/><type label="CHAR"/></node><location loc="122.24--122.29"/></node><location loc="122.13--122.30"/><declaredAt location="2.1--2.25"/><type label="VOID"/></node><location loc="122.13--122.30"/></node><location loc="116.13--122.30"/></node><node label="Stmts"><node label="AssignStmt"><node label="VarName" lexeme="j"><location loc="124.13--124.13"/><declaredAt location="132.11--132.20"/></node><node label="AtomExpr" lexeme="1" spec="INT"><location loc="124.15--124.15"/><type label="INT"/></node><location loc="124.13--124.15"/></node><node label="WhileStmt"><node label="BinExpr" spec="LEQ"><node label="VarName" lexeme="j"><location loc="125.19--125.19"/><declaredAt location="132.11--132.20"/></node><node label="VarName" lexeme="k"><location loc="125.22--125.22"/><declaredAt location="107.17--107.21"/></node><location loc="125.19--125.22"/><type label="BOOL"/></node><node label="Stmts"><node label="AssignStmt"><node label="ArrExpr"><node label="VarName" lexeme="c"><location loc="126.15--126.15"/><declaredAt location="112.7--112.24"/></node><node label="VarName" lexeme="i"><location loc="126.17--126.17"/><declaredAt location="114.15--114.19"/></node><location loc="126.15--126.18"/><type label="INT"/><addr/></node><node label="VarName" lexeme="j"><location loc="126.22--126.22"/><declaredAt location="132.11--132.20"/></node><location loc="126.15--126.22"/></node><node label="AssignStmt"><node label="VarName" lexeme="j"><location loc="126.25--126.25"/><declaredAt location="132.11--132.20"/></node><node label="BinExpr" spec="ADD"><node label="VarName" lexeme="j"><location loc="126.27--126.27"/><declaredAt location="132.11--132.20"/></node><node label="AtomExpr" lexeme="1" spec="INT"><location loc="126.29--126.29"/><type label="INT"/></node><location loc="126.27--126.29"/><type label="INT"/></node><location loc="126.25--126.29"/></node><node label="ExprStmt"><node label="FunName" lexeme="gen"><node label="Args"><node label="BinExpr" spec="ADD"><node label="VarName" lexeme="i"><location loc="127.19--127.19"/><declaredAt location="114.15--114.19"/></node><node label="AtomExpr" lexeme="1" spec="INT"><location loc="127.21--127.21"/><type label="INT"/></node><location loc="127.19--127.21"/><type label="INT"/></node><location loc="127.19--127.21"/></node><location loc="127.15--127.22"/><declaredAt location="114.7--133.10"/><type label="INT"/></node><location loc="127.15--127.22"/></node><location loc="126.15--127.22"/></node><location loc="125.13--128.15"/></node><location loc="124.13--128.15"/></node><location loc="115.11--129.13"/></node><location loc="115.11--129.13"/></node><node label="AtomExpr" lexeme="0" spec="INT"><location loc="130.11--130.11"/><type label="INT"/></node><location loc="115.11--132.20"/><type label="INT"/></node><location loc="114.7--133.10"/><frame FP="T18" RV="T19" argssize="16" depth="2" label="L0" locssize="8" size="40"/></node><location loc="112.7--133.10"/></node><node label="Stmts"><node label="AssignStmt"><node label="VarName" lexeme="i"><location loc="108.7--108.7"/><declaredAt location="113.7--113.16"/></node><node label="AtomExpr" lexeme="0" spec="INT"><location loc="108.9--108.9"/><type label="INT"/></node><location loc="108.7--108.9"/></node><node label="WhileStmt"><node label="BinExpr" spec="LTH"><node label="VarName" lexeme="i"><location loc="108.18--108.18"/><declaredAt location="113.7--113.16"/></node><node label="AtomExpr" lexeme="100" spec="INT"><location loc="108.20--108.22"/><type label="INT"/></node><location loc="108.18--108.22"/><type label="BOOL"/></node><node label="Stmts"><node label="AssignStmt"><node label="ArrExpr"><node label="VarName" lexeme="c"><location loc="108.27--108.27"/><declaredAt location="112.7--112.24"/></node><node label="VarName" lexeme="i"><location loc="108.29--108.29"/><declaredAt location="113.7--113.16"/></node><location loc="108.27--108.30"/><type label="INT"/><addr/></node><node label="AtomExpr" lexeme="0" spec="INT"><location loc="108.32--108.32"/><type label="INT"/></node><location loc="108.27--108.32"/></node><node label="AssignStmt"><node label="VarName" lexeme="i"><location loc="108.35--108.35"/><declaredAt location="113.7--113.16"/></node><node label="BinExpr" spec="ADD"><node label="VarName" lexeme="i"><location loc="108.37--108.37"/><declaredAt location="113.7--113.16"/></node><node label="AtomExpr" lexeme="1" spec="INT"><location loc="108.39--108.39"/><type label="INT"/></node><location loc="108.37--108.39"/><type label="INT"/></node><location loc="108.35--108.39"/></node><location loc="108.27--108.39"/></node><location loc="108.12--108.44"/></node><node label="ExprStmt"><node label="FunName" lexeme="gen"><node label="Args"><node label="AtomExpr" lexeme="0" spec="INT"><location loc="109.11--109.11"/><type label="INT"/></node><location loc="109.11--109.11"/></node><location loc="109.7--109.12"/><declaredAt location="114.7--133.10"/><type label="INT"/></node><location loc="109.7--109.12"/></node><location loc="108.7--109.12"/></node><node label="AtomExpr" lexeme="0" spec="INT"><location loc="110.7--110.7"/><type label="INT"/></node><location loc="108.7--133.10"/><type label="INT"/></node><location loc="107.1--134.6"/><frame FP="T16" RV="T17" argssize="16" depth="1" label="_combs" locssize="808" size="840"/></node><node label="FunDef" lexeme="sudoku"><node label="ParDecls"><node label="ParDecl" lexeme="t2d"><node label="PtrType"><node label="ArrType"><node label="AtomExpr" lexeme="9" spec="INT"><location loc="136.24--136.24"/></node><node label="ArrType"><node label="AtomExpr" lexeme="9" spec="INT"><location loc="136.31--136.31"/></node><node label="AtomType" spec="INT"><location loc="136.34--136.36"/></node><location loc="136.27--136.36"/><type label="ARR(9)" len="9"><type label="INT"/></type></node><location loc="136.20--136.36"/><type label="ARR(9)" len="9"><type label="ARR(9)" len="9"><type label="INT"/></type></type></node><location loc="136.16--136.36"/><type label="PTR"><type label="ARR(9)" len="9"><type label="ARR(9)" len="9"><type label="INT"/></type></type></type></node><location loc="136.12--136.36"/><access depth="1" offset="8" size="8"/></node><location loc="136.12--136.36"/></node><node label="AtomType" spec="INT"><location loc="136.39--136.41"/></node><node label="BlockExpr"><node label="Decls"><node label="VarDecl" lexeme="t1d"><node label="PtrType"><node label="ArrType"><node label="AtomExpr" lexeme="81" spec="INT"><location loc="140.23--140.24"/></node><node label="AtomType" spec="INT"><location loc="140.27--140.29"/></node><location loc="140.19--140.29"/><type label="ARR(81)" len="81"><type label="INT"/></type></node><location loc="140.15--140.29"/><type label="PTR"><type label="ARR(81)" len="81"><type label="INT"/></type></type></node><location loc="140.7--140.30"/><access depth="1" offset="-8" size="8"/></node><node label="FunDef" lexeme="check_h"><node label="ParDecls"><node label="ParDecl" lexeme="j"><node label="AtomType" spec="INT"><location loc="141.21--141.23"/></node><location loc="141.19--141.23"/><access depth="2" offset="8" size="8"/></node><location loc="141.19--141.23"/></node><node label="AtomType" spec="BOOL"><location loc="141.26--141.29"/></node><node label="BlockExpr"><node label="Decls"><node label="VarDecl" lexeme="mask"><node label="ArrType"><node label="AtomExpr" lexeme="10" spec="INT"><location loc="156.26--156.27"/></node><node label="AtomType" spec="BOOL"><location loc="156.30--156.33"/></node><location loc="156.22--156.33"/><type label="ARR(10)" len="10"><type label="BOOL"/></type></node><location loc="156.13--156.34"/><access depth="2" offset="-80" size="80"/></node><node label="VarDecl" lexeme="i"><node label="AtomType" spec="INT"><location loc="157.19--157.21"/></node><location loc="157.13--157.22"/><access depth="2" offset="-88" size="8"/></node><node label="VarDecl" lexeme="check"><node label="AtomType" spec="BOOL"><location loc="158.23--158.26"/></node><location loc="158.13--158.27"/><access depth="2" offset="-96" size="8"/></node><location loc="156.13--158.27"/></node><node label="Stmts"><node label="AssignStmt"><node label="VarName" lexeme="check"><location loc="142.13--142.17"/><declaredAt location="158.13--158.27"/></node><node label="AtomExpr" lexeme="true" spec="BOOL"><location loc="142.19--142.22"/><type label="BOOL"/></node><location loc="142.13--142.22"/></node><node label="AssignStmt"><node label="VarName" lexeme="i"><location loc="143.13--143.13"/><declaredAt location="157.13--157.22"/></node><node label="AtomExpr" lexeme="1" spec="INT"><location loc="143.15--143.15"/><type label="INT"/></node><location loc="143.13--143.15"/></node><node label="WhileStmt"><node label="BinExpr" spec="LEQ"><node label="VarName" lexeme="i"><location loc="143.24--143.24"/><declaredAt location="157.13--157.22"/></node><node label="AtomExpr" lexeme="9" spec="INT"><location loc="143.27--143.27"/><type label="INT"/></node><location loc="143.24--143.27"/><type label="BOOL"/></node><node label="Stmts"><node label="AssignStmt"><node label="ArrExpr"><node label="VarName" lexeme="mask"><location loc="143.32--143.35"/><declaredAt location="156.13--156.34"/></node><node label="VarName" lexeme="i"><location loc="143.37--143.37"/><declaredAt location="157.13--157.22"/></node><location loc="143.32--143.38"/><type label="BOOL"/><addr/></node><node label="AtomExpr" lexeme="false" spec="BOOL"><location loc="143.40--143.44"/><type label="BOOL"/></node><location loc="143.32--143.44"/></node><node label="AssignStmt"><node label="VarName" lexeme="i"><location loc="143.47--143.47"/><declaredAt location="157.13--157.22"/></node><node label="BinExpr" spec="ADD"><node label="VarName" lexeme="i"><location loc="143.49--143.49"/><declaredAt location="157.13--157.22"/></node><node label="AtomExpr" lexeme="1" spec="INT"><location loc="143.51--143.51"/><type label="INT"/></node><location loc="143.49--143.51"/><type label="INT"/></node><location loc="143.47--143.51"/></node><location loc="143.32--143.51"/></node><location loc="143.18--143.56"/></node><node label="AssignStmt"><node label="VarName" lexeme="i"><location loc="144.13--144.13"/><declaredAt location="157.13--157.22"/></node><node label="AtomExpr" lexeme="0" spec="INT"><location loc="144.15--144.15"/><type label="INT"/></node><location loc="144.13--144.15"/></node><node label="WhileStmt"><node label="BinExpr" spec="LTH"><node label="VarName" lexeme="i"><location loc="145.19--145.19"/><declaredAt location="157.13--157.22"/></node><node label="AtomExpr" lexeme="9" spec="INT"><location loc="145.21--145.21"/><type label="INT"/></node><location loc="145.19--145.21"/><type label="BOOL"/></node><node label="Stmts"><node label="IfStmt"><node label="BinExpr" spec="NEQ"><node label="ArrExpr"><node label="ArrExpr"><node label="UnExpr" spec="DATA"><node label="VarName" lexeme="t2d"><location loc="146.20--146.22"/><declaredAt location="136.12--136.36"/><type label="PTR"><type label="ARR(9)" len="9"><type label="ARR(9)" len="9"><type label="INT"/></type></type></type></node><location loc="146.19--146.22"/><type label="ARR(9)" len="9"><type label="ARR(9)" len="9"><type label="INT"/></type></type><addr/></node><node label="VarName" lexeme="j"><location loc="146.25--146.25"/><declaredAt location="141.19--141.23"/></node><location loc="146.19--146.26"/><type label="ARR(9)" len="9"><type label="INT"/></type><addr/></node><node label="VarName" lexeme="i"><location loc="146.28--146.28"/><declaredAt location="157.13--157.22"/></node><location loc="146.19--146.29"/><type label="INT"/><addr/></node><node label="AtomExpr" lexeme="0" spec="INT"><location loc="146.32--146.32"/><type label="INT"/></node><location loc="146.19--146.32"/><type label="BOOL"/></node><node label="Stmts"><node label="IfStmt"><node label="ArrExpr"><node label="VarName" lexeme="mask"><location loc="147.20--147.23"/><declaredAt location="156.13--156.34"/></node><node label="ArrExpr"><node label="ArrExpr"><node label="UnExpr" spec="DATA"><node label="VarName" lexeme="t2d"><location loc="147.27--147.29"/><declaredAt location="136.12--136.36"/><type label="PTR"><type label="ARR(9)" len="9"><type label="ARR(9)" len="9"><type label="INT"/></type></type></type></node><location loc="147.26--147.29"/><type label="ARR(9)" len="9"><type label="ARR(9)" len="9"><type label="INT"/></type></type><addr/></node><node label="VarName" lexeme="j"><location loc="147.32--147.32"/><declaredAt location="141.19--141.23"/></node><location loc="147.26--147.33"/><type label="ARR(9)" len="9"><type label="INT"/></type><addr/></node><node label="VarName" lexeme="i"><location loc="147.35--147.35"/><declaredAt location="157.13--157.22"/></node><location loc="147.26--147.36"/><type label="INT"/><addr/></node><location loc="147.20--147.37"/><type label="BOOL"/><addr/></node><node label="Stmts"><node label="AssignStmt"><node label="VarName" lexeme="check"><location loc="148.24--148.28"/><declaredAt location="158.13--158.27"/></node><node label="AtomExpr" lexeme="false" spec="BOOL"><location loc="148.30--148.34"/><type label="BOOL"/></node><location loc="148.24--148.34"/></node><location loc="148.24--148.34"/></node><node label="Stmts"><node label="AssignStmt"><node label="ArrExpr"><node label="VarName" lexeme="mask"><location loc="149.24--149.27"/><declaredAt location="156.13--156.34"/></node><node label="ArrExpr"><node label="ArrExpr"><node label="UnExpr" spec="DATA"><node label="VarName" lexeme="t2d"><location loc="149.31--149.33"/><declaredAt location="136.12--136.36"/><type label="PTR"><type label="ARR(9)" len="9"><type label="ARR(9)" len="9"><type label="INT"/></type></type></type></node><location loc="149.30--149.33"/><type label="ARR(9)" len="9"><type label="ARR(9)" len="9"><type label="INT"/></type></type><addr/></node><node label="VarName" lexeme="j"><location loc="149.36--149.36"/><declaredAt location="141.19--141.23"/></node><location loc="149.30--149.37"/><type label="ARR(9)" len="9"><type label="INT"/></type><addr/></node><node label="VarName" lexeme="i"><location loc="149.39--149.39"/><declaredAt location="157.13--157.22"/></node><location loc="149.30--149.40"/><type label="INT"/><addr/></node><location loc="149.24--149.41"/><type label="BOOL"/><addr/></node><node label="AtomExpr" lexeme="true" spec="BOOL"><location loc="149.43--149.46"/><type label="BOOL"/></node><location loc="149.24--149.46"/></node><location loc="149.24--149.46"/></node><location loc="147.17--150.19"/></node><location loc="147.17--150.19"/></node><node label="Stmts"><location loc="0.0--0.0"/></node><location loc="146.15--151.17"/></node><node label="AssignStmt"><node label="VarName" lexeme="i"><location loc="152.15--152.15"/><declaredAt location="157.13--157.22"/></node><node label="BinExpr" spec="ADD"><node label="VarName" lexeme="i"><location loc="152.17--152.17"/><declaredAt location="157.13--157.22"/></node><node label="AtomExpr" lexeme="1" spec="INT"><location loc="152.19--152.19"/><type label="INT"/></node><location loc="152.17--152.19"/><type label="INT"/></node><location loc="152.15--152.19"/></node><location loc="146.15--152.19"/></node><location loc="145.13--153.15"/></node><location loc="142.13--153.15"/></node><node label="VarName" lexeme="check"><location loc="154.13--154.17"/><declaredAt location="158.13--158.27"/></node><location loc="142.13--158.27"/><type label="BOOL"/></node><location loc="141.7--159.12"/><frame FP="T22" RV="T23" argssize="0" depth="2" label="L1" locssize="96" size="112"/></node><node label="FunDef" lexeme="check_v"><node label="ParDecls"><node label="ParDecl" lexeme="i"><node label="AtomType" spec="INT"><location loc="160.21--160.23"/></node><location loc="160.19--160.23"/><access depth="2" offset="8" size="8"/></node><location loc="160.19--160.23"/></node><node label="AtomType" spec="BOOL"><location loc="160.26--160.29"/></node><node label="BlockExpr"><node label="Decls"><node label="VarDecl" lexeme="mask"><node label="ArrType"><node label="AtomExpr" lexeme="10" spec="INT"><location loc="175.26--175.27"/></node><node label="AtomType" spec="BOOL"><location loc="175.30--175.33"/></node><location loc="175.22--175.33"/><type label="ARR(10)" len="10"><type label="BOOL"/></type></node><location loc="175.13--175.34"/><access depth="2" offset="-80" size="80"/></node><node label="VarDecl" lexeme="j"><node label="AtomType" spec="INT"><location loc="176.19--176.21"/></node><location loc="176.13--176.22"/><access depth="2" offset="-88" size="8"/></node><node label="VarDecl" lexeme="check"><node label="AtomType" spec="BOOL"><location loc="177.23--177.26"/></node><location loc="177.13--177.27"/><access depth="2" offset="-96" size="8"/></node><location loc="175.13--177.27"/></node><node label="Stmts"><node label="AssignStmt"><node label="VarName" lexeme="check"><location loc="161.13--161.17"/><declaredAt location="177.13--177.27"/></node><node label="AtomExpr" lexeme="true" spec="BOOL"><location loc="161.19--161.22"/><type label="BOOL"/></node><location loc="161.13--161.22"/></node><node label="AssignStmt"><node label="VarName" lexeme="j"><location loc="162.13--162.13"/><declaredAt location="176.13--176.22"/></node><node label="AtomExpr" lexeme="1" spec="INT"><location loc="162.15--162.15"/><type label="INT"/></node><location loc="162.13--162.15"/></node><node label="WhileStmt"><node label="BinExpr" spec="LEQ"><node label="VarName" lexeme="j"><location loc="162.24--162.24"/><declaredAt location="176.13--176.22"/></node><node label="AtomExpr" lexeme="9" spec="INT"><location loc="162.27--162.27"/><type label="INT"/></node><location loc="162.24--162.27"/><type label="BOOL"/></node><node label="Stmts"><node label="AssignStmt"><node label="ArrExpr"><node label="VarName" lexeme="mask"><location loc="162.32--162.35"/><declaredAt location="175.13--175.34"/></node><node label="VarName" lexeme="j"><location loc="162.37--162.37"/><declaredAt location="176.13--176.22"/></node><location loc="162.32--162.38"/><type label="BOOL"/><addr/></node><node label="AtomExpr" lexeme="false" spec="BOOL"><location loc="162.40--162.44"/><type label="BOOL"/></node><location loc="162.32--162.44"/></node><node label="AssignStmt"><node label="VarName" lexeme="j"><location loc="162.47--162.47"/><declaredAt location="176.13--176.22"/></node><node label="BinExpr" spec="ADD"><node label="VarName" lexeme="j"><location loc="162.49--162.49"/><declaredAt location="176.13--176.22"/></node><node label="AtomExpr" lexeme="1" spec="INT"><location loc="162.51--162.51"/><type label="INT"/></node><location loc="162.49--162.51"/><type label="INT"/></node><location loc="162.47--162.51"/></node><location loc="162.32--162.51"/></node><location loc="162.18--162.56"/></node><node label="AssignStmt"><node label="VarName" lexeme="j"><location loc="163.13--163.13"/><declaredAt location="176.13--176.22"/></node><node label="AtomExpr" lexeme="0" spec="INT"><location loc="163.15--163.15"/><type label="INT"/></node><location loc="163.13--163.15"/></node><node label="WhileStmt"><node label="BinExpr" spec="LTH"><node label="VarName" lexeme="j"><location loc="164.19--164.19"/><declaredAt location="176.13--176.22"/></node><node label="AtomExpr" lexeme="9" spec="INT"><location loc="164.21--164.21"/><type label="INT"/></node><location loc="164.19--164.21"/><type label="BOOL"/></node><node label="Stmts"><node label="IfStmt"><node label="BinExpr" spec="NEQ"><node label="ArrExpr"><node label="ArrExpr"><node label="UnExpr" spec="DATA"><node label="VarName" lexeme="t2d"><location loc="165.20--165.22"/><declaredAt location="136.12--136.36"/><type label="PTR"><type label="ARR(9)" len="9"><type label="ARR(9)" len="9"><type label="INT"/></type></type></type></node><location loc="165.19--165.22"/><type label="ARR(9)" len="9"><type label="ARR(9)" len="9"><type label="INT"/></type></type><addr/></node><node label="VarName" lexeme="j"><location loc="165.25--165.25"/><declaredAt location="176.13--176.22"/></node><location loc="165.19--165.26"/><type label="ARR(9)" len="9"><type label="INT"/></type><addr/></node><node label="VarName" lexeme="i"><location loc="165.28--165.28"/><declaredAt location="160.19--160.23"/></node><location loc="165.19--165.29"/><type label="INT"/><addr/></node><node label="AtomExpr" lexeme="0" spec="INT"><location loc="165.32--165.32"/><type label="INT"/></node><location loc="165.19--165.32"/><type label="BOOL"/></node><node label="Stmts"><node label="IfStmt"><node label="ArrExpr"><node label="VarName" lexeme="mask"><location loc="166.20--166.23"/><declaredAt location="175.13--175.34"/></node><node label="ArrExpr"><node label="ArrExpr"><node label="UnExpr" spec="DATA"><node label="VarName" lexeme="t2d"><location loc="166.27--166.29"/><declaredAt location="136.12--136.36"/><type label="PTR"><type label="ARR(9)" len="9"><type label="ARR(9)" len="9"><type label="INT"/></type></type></type></node><location loc="166.26--166.29"/><type label="ARR(9)" len="9"><type label="ARR(9)" len="9"><type label="INT"/></type></type><addr/></node><node label="VarName" lexeme="j"><location loc="166.32--166.32"/><declaredAt location="176.13--176.22"/></node><location loc="166.26--166.33"/><type label="ARR(9)" len="9"><type label="INT"/></type><addr/></node><node label="VarName" lexeme="i"><location loc="166.35--166.35"/><declaredAt location="160.19--160.23"/></node><location loc="166.26--166.36"/><type label="INT"/><addr/></node><location loc="166.20--166.37"/><type label="BOOL"/><addr/></node><node label="Stmts"><node label="AssignStmt"><node label="VarName" lexeme="check"><location loc="167.24--167.28"/><declaredAt location="177.13--177.27"/></node><node label="AtomExpr" lexeme="false" spec="BOOL"><location loc="167.30--167.34"/><type label="BOOL"/></node><location loc="167.24--167.34"/></node><location loc="167.24--167.34"/></node><node label="Stmts"><node label="AssignStmt"><node label="ArrExpr"><node label="VarName" lexeme="mask"><location loc="168.24--168.27"/><declaredAt location="175.13--175.34"/></node><node label="ArrExpr"><node label="ArrExpr"><node label="UnExpr" spec="DATA"><node label="VarName" lexeme="t2d"><location loc="168.31--168.33"/><declaredAt location="136.12--136.36"/><type label="PTR"><type label="ARR(9)" len="9"><type label="ARR(9)" len="9"><type label="INT"/></type></type></type></node><location loc="168.30--168.33"/><type label="ARR(9)" len="9"><type label="ARR(9)" len="9"><type label="INT"/></type></type><addr/></node><node label="VarName" lexeme="j"><location loc="168.36--168.36"/><declaredAt location="176.13--176.22"/></node><location loc="168.30--168.37"/><type label="ARR(9)" len="9"><type label="INT"/></type><addr/></node><node label="VarName" lexeme="i"><location loc="168.39--168.39"/><declaredAt location="160.19--160.23"/></node><location loc="168.30--168.40"/><type label="INT"/><addr/></node><location loc="168.24--168.41"/><type label="BOOL"/><addr/></node><node label="AtomExpr" lexeme="true" spec="BOOL"><location loc="168.43--168.46"/><type label="BOOL"/></node><location loc="168.24--168.46"/></node><location loc="168.24--168.46"/></node><location loc="166.17--169.19"/></node><location loc="166.17--169.19"/></node><node label="Stmts"><location loc="0.0--0.0"/></node><location loc="165.15--170.17"/></node><node label="AssignStmt"><node label="VarName" lexeme="j"><location loc="171.15--171.15"/><declaredAt location="176.13--176.22"/></node><node label="BinExpr" spec="ADD"><node label="VarName" lexeme="j"><location loc="171.17--171.17"/><declaredAt location="176.13--176.22"/></node><node label="AtomExpr" lexeme="1" spec="INT"><location loc="171.19--171.19"/><type label="INT"/></node><location loc="171.17--171.19"/><type label="INT"/></node><location loc="171.15--171.19"/></node><location loc="165.15--171.19"/></node><location loc="164.13--172.15"/></node><location loc="161.13--172.15"/></node><node label="VarName" lexeme="check"><location loc="173.13--173.17"/><declaredAt location="177.13--177.27"/></node><location loc="161.13--177.27"/><type label="BOOL"/></node><location loc="160.7--178.12"/><frame FP="T24" RV="T25" argssize="0" depth="2" label="L2" locssize="96" size="112"/></node><node label="FunDef" lexeme="check_q"><node label="ParDecls"><node label="ParDecl" lexeme="i"><node label="AtomType" spec="INT"><location loc="179.21--179.23"/></node><location loc="179.19--179.23"/><access depth="2" offset="8" size="8"/></node><node label="ParDecl" lexeme="j"><node label="AtomType" spec="INT"><location loc="179.27--179.29"/></node><location loc="179.25--179.29"/><access depth="2" offset="16" size="8"/></node><location loc="179.19--179.29"/></node><node label="AtomType" spec="BOOL"><location loc="179.32--179.35"/></node><node label="BlockExpr"><node label="Decls"><node label="VarDecl" lexeme="mask"><node label="ArrType"><node label="AtomExpr" lexeme="10" spec="INT"><location loc="198.26--198.27"/></node><node label="AtomType" spec="BOOL"><location loc="198.30--198.33"/></node><location loc="198.22--198.33"/><type label="ARR(10)" len="10"><type label="BOOL"/></type></node><location loc="198.13--198.34"/><access depth="2" offset="-80" size="80"/></node><node label="VarDecl" lexeme="ii"><node label="AtomType" spec="INT"><location loc="199.20--199.22"/></node><location loc="199.13--199.23"/><access depth="2" offset="-88" size="8"/></node><node label="VarDecl" lexeme="jj"><node label="AtomType" spec="INT"><location loc="200.20--200.22"/></node><location loc="200.13--200.23"/><access depth="2" offset="-96" size="8"/></node><node label="VarDecl" lexeme="k"><node label="AtomType" spec="INT"><location loc="201.19--201.21"/></node><location loc="201.13--201.22"/><access depth="2" offset="-104" size="8"/></node><node label="VarDecl" lexeme="check"><node label="AtomType" spec="BOOL"><location loc="202.23--202.26"/></node><location loc="202.13--202.27"/><access depth="2" offset="-112" size="8"/></node><location loc="198.13--202.27"/></node><node label="Stmts"><node label="AssignStmt"><node label="VarName" lexeme="check"><location loc="180.13--180.17"/><declaredAt location="202.13--202.27"/></node><node label="AtomExpr" lexeme="true" spec="BOOL"><location loc="180.19--180.22"/><type label="BOOL"/></node><location loc="180.13--180.22"/></node><node label="AssignStmt"><node label="VarName" lexeme="k"><location loc="181.13--181.13"/><declaredAt location="201.13--201.22"/></node><node label="AtomExpr" lexeme="1" spec="INT"><location loc="181.15--181.15"/><type label="INT"/></node><location loc="181.13--181.15"/></node><node label="WhileStmt"><node label="BinExpr" spec="LEQ"><node label="VarName" lexeme="k"><location loc="181.24--181.24"/><declaredAt location="201.13--201.22"/></node><node label="AtomExpr" lexeme="9" spec="INT"><location loc="181.27--181.27"/><type label="INT"/></node><location loc="181.24--181.27"/><type label="BOOL"/></node><node label="Stmts"><node label="AssignStmt"><node label="ArrExpr"><node label="VarName" lexeme="mask"><location loc="181.32--181.35"/><declaredAt location="198.13--198.34"/></node><node label="VarName" lexeme="k"><location loc="181.37--181.37"/><declaredAt location="201.13--201.22"/></node><location loc="181.32--181.38"/><type label="BOOL"/><addr/></node><node label="AtomExpr" lexeme="false" spec="BOOL"><location loc="181.40--181.44"/><type label="BOOL"/></node><location loc="181.32--181.44"/></node><node label="AssignStmt"><node label="VarName" lexeme="k"><location loc="181.47--181.47"/><declaredAt location="201.13--201.22"/></node><node label="BinExpr" spec="ADD"><node label="VarName" lexeme="k"><location loc="181.49--181.49"/><declaredAt location="201.13--201.22"/></node><node label="AtomExpr" lexeme="1" spec="INT"><location loc="181.51--181.51"/><type label="INT"/></node><location loc="181.49--181.51"/><type label="INT"/></node><location loc="181.47--181.51"/></node><location loc="181.32--181.51"/></node><location loc="181.18--181.56"/></node><node label="AssignStmt"><node label="VarName" lexeme="jj"><location loc="182.13--182.14"/><declaredAt location="200.13--200.23"/></node><node label="AtomExpr" lexeme="0" spec="INT"><location loc="182.16--182.16"/><type label="INT"/></node><location loc="182.13--182.16"/></node><node label="WhileStmt"><node label="BinExpr" spec="LTH"><node label="VarName" lexeme="jj"><location loc="183.19--183.20"/><declaredAt location="200.13--200.23"/></node><node label="AtomExpr" lexeme="3" spec="INT"><location loc="183.22--183.22"/><type label="INT"/></node><location loc="183.19--183.22"/><type label="BOOL"/></node><node label="Stmts"><node label="AssignStmt"><node label="VarName" lexeme="ii"><location loc="184.15--184.16"/><declaredAt location="199.13--199.23"/></node><node label="AtomExpr" lexeme="0" spec="INT"><location loc="184.18--184.18"/><type label="INT"/></node><location loc="184.15--184.18"/></node><node label="WhileStmt"><node label="BinExpr" spec="LTH"><node label="VarName" lexeme="ii"><location loc="185.21--185.22"/><declaredAt location="199.13--199.23"/></node><node label="AtomExpr" lexeme="3" spec="INT"><location loc="185.24--185.24"/><type label="INT"/></node><location loc="185.21--185.24"/><type label="BOOL"/></node><node label="Stmts"><node label="IfStmt"><node label="BinExpr" spec="NEQ"><node label="ArrExpr"><node label="ArrExpr"><node label="UnExpr" spec="DATA"><node label="VarName" lexeme="t2d"><location loc="186.22--186.24"/><declaredAt location="136.12--136.36"/><type label="PTR"><type label="ARR(9)" len="9"><type label="ARR(9)" len="9"><type label="INT"/></type></type></type></node><location loc="186.21--186.24"/><type label="ARR(9)" len="9"><type label="ARR(9)" len="9"><type label="INT"/></type></type><addr/></node><node label="BinExpr" spec="ADD"><node label="BinExpr" spec="MUL"><node label="VarName" lexeme="j"><location loc="186.27--186.27"/><declaredAt location="179.25--179.29"/></node><node label="AtomExpr" lexeme="3" spec="INT"><location loc="186.29--186.29"/><type label="INT"/></node><location loc="186.27--186.29"/><type label="INT"/></node><node label="VarName" lexeme="jj"><location loc="186.31--186.32"/><declaredAt location="200.13--200.23"/></node><location loc="186.27--186.32"/><type label="INT"/></node><location loc="186.21--186.33"/><type label="ARR(9)" len="9"><type label="INT"/></type><addr/></node><node label="BinExpr" spec="ADD"><node label="BinExpr" spec="MUL"><node label="VarName" lexeme="i"><location loc="186.35--186.35"/><declaredAt location="179.19--179.23"/></node><node label="AtomExpr" lexeme="3" spec="INT"><location loc="186.37--186.37"/><type label="INT"/></node><location loc="186.35--186.37"/><type label="INT"/></node><node label="VarName" lexeme="ii"><location loc="186.39--186.40"/><declaredAt location="199.13--199.23"/></node><location loc="186.35--186.40"/><type label="INT"/></node><location loc="186.21--186.41"/><type label="INT"/><addr/></node><node label="AtomExpr" lexeme="0" spec="INT"><location loc="186.44--186.44"/><type label="INT"/></node><location loc="186.21--186.44"/><type label="BOOL"/></node><node label="Stmts"><node label="IfStmt"><node label="ArrExpr"><node label="VarName" lexeme="mask"><location loc="187.22--187.25"/><declaredAt location="198.13--198.34"/></node><node label="ArrExpr"><node label="ArrExpr"><node label="UnExpr" spec="DATA"><node label="VarName" lexeme="t2d"><location loc="187.29--187.31"/><declaredAt location="136.12--136.36"/><type label="PTR"><type label="ARR(9)" len="9"><type label="ARR(9)" len="9"><type label="INT"/></type></type></type></node><location loc="187.28--187.31"/><type label="ARR(9)" len="9"><type label="ARR(9)" len="9"><type label="INT"/></type></type><addr/></node><node label="BinExpr" spec="ADD"><node label="BinExpr" spec="MUL"><node label="VarName" lexeme="j"><location loc="187.34--187.34"/><declaredAt location="179.25--179.29"/></node><node label="AtomExpr" lexeme="3" spec="INT"><location loc="187.36--187.36"/><type label="INT"/></node><location loc="187.34--187.36"/><type label="INT"/></node><node label="VarName" lexeme="jj"><location loc="187.38--187.39"/><declaredAt location="200.13--200.23"/></node><location loc="187.34--187.39"/><type label="INT"/></node><location loc="187.28--187.40"/><type label="ARR(9)" len="9"><type label="INT"/></type><addr/></node><node label="BinExpr" spec="ADD"><node label="BinExpr" spec="MUL"><node label="VarName" lexeme="i"><location loc="187.42--187.42"/><declaredAt location="179.19--179.23"/></node><node label="AtomExpr" lexeme="3" spec="INT"><location loc="187.44--187.44"/><type label="INT"/></node><location loc="187.42--187.44"/><type label="INT"/></node><node label="VarName" lexeme="ii"><location loc="187.46--187.47"/><declaredAt location="199.13--199.23"/></node><location loc="187.42--187.47"/><type label="INT"/></node><location loc="187.28--187.48"/><type label="INT"/><addr/></node><location loc="187.22--187.49"/><type label="BOOL"/><addr/></node><node label="Stmts"><node label="AssignStmt"><node label="VarName" lexeme="check"><location loc="188.26--188.30"/><declaredAt location="202.13--202.27"/></node><node label="AtomExpr" lexeme="false" spec="BOOL"><location loc="188.32--188.36"/><type label="BOOL"/></node><location loc="188.26--188.36"/></node><location loc="188.26--188.36"/></node><node label="Stmts"><node label="AssignStmt"><node label="ArrExpr"><node label="VarName" lexeme="mask"><location loc="189.26--189.29"/><declaredAt location="198.13--198.34"/></node><node label="ArrExpr"><node label="ArrExpr"><node label="UnExpr" spec="DATA"><node label="VarName" lexeme="t2d"><location loc="189.33--189.35"/><declaredAt location="136.12--136.36"/><type label="PTR"><type label="ARR(9)" len="9"><type label="ARR(9)" len="9"><type label="INT"/></type></type></type></node><location loc="189.32--189.35"/><type label="ARR(9)" len="9"><type label="ARR(9)" len="9"><type label="INT"/></type></type><addr/></node><node label="BinExpr" spec="ADD"><node label="BinExpr" spec="MUL"><node label="VarName" lexeme="j"><location loc="189.38--189.38"/><declaredAt location="179.25--179.29"/></node><node label="AtomExpr" lexeme="3" spec="INT"><location loc="189.40--189.40"/><type label="INT"/></node><location loc="189.38--189.40"/><type label="INT"/></node><node label="VarName" lexeme="jj"><location loc="189.42--189.43"/><declaredAt location="200.13--200.23"/></node><location loc="189.38--189.43"/><type label="INT"/></node><location loc="189.32--189.44"/><type label="ARR(9)" len="9"><type label="INT"/></type><addr/></node><node label="BinExpr" spec="ADD"><node label="BinExpr" spec="MUL"><node label="VarName" lexeme="i"><location loc="189.46--189.46"/><declaredAt location="179.19--179.23"/></node><node label="AtomExpr" lexeme="3" spec="INT"><location loc="189.48--189.48"/><type label="INT"/></node><location loc="189.46--189.48"/><type label="INT"/></node><node label="VarName" lexeme="ii"><location loc="189.50--189.51"/><declaredAt location="199.13--199.23"/></node><location loc="189.46--189.51"/><type label="INT"/></node><location loc="189.32--189.52"/><type label="INT"/><addr/></node><location loc="189.26--189.53"/><type label="BOOL"/><addr/></node><node label="AtomExpr" lexeme="true" spec="BOOL"><location loc="189.55--189.58"/><type label="BOOL"/></node><location loc="189.26--189.58"/></node><location loc="189.26--189.58"/></node><location loc="187.19--190.21"/></node><location loc="187.19--190.21"/></node><node label="Stmts"><location loc="0.0--0.0"/></node><location loc="186.17--191.19"/></node><node label="AssignStmt"><node label="VarName" lexeme="ii"><location loc="192.17--192.18"/><declaredAt location="199.13--199.23"/></node><node label="BinExpr" spec="ADD"><node label="VarName" lexeme="ii"><location loc="192.20--192.21"/><declaredAt location="199.13--199.23"/></node><node label="AtomExpr" lexeme="1" spec="INT"><location loc="192.23--192.23"/><type label="INT"/></node><location loc="192.20--192.23"/><type label="INT"/></node><location loc="192.17--192.23"/></node><location loc="186.17--192.23"/></node><location loc="185.15--193.17"/></node><node label="AssignStmt"><node label="VarName" lexeme="jj"><location loc="194.15--194.16"/><declaredAt location="200.13--200.23"/></node><node label="BinExpr" spec="ADD"><node label="VarName" lexeme="jj"><location loc="194.18--194.19"/><declaredAt location="200.13--200.23"/></node><node label="AtomExpr" lexeme="1" spec="INT"><location loc="194.21--194.21"/><type label="INT"/></node><location loc="194.18--194.21"/><type label="INT"/></node><location loc="194.15--194.21"/></node><location loc="184.15--194.21"/></node><location loc="183.13--195.15"/></node><location loc="180.13--195.15"/></node><node label="VarName" lexeme="check"><location loc="196.13--196.17"/><declaredAt location="202.13--202.27"/></node><location loc="180.13--202.27"/><type label="BOOL"/></node><location loc="179.7--203.12"/><frame FP="T26" RV="T27" argssize="0" depth="2" label="L3" locssize="112" size="128"/></node><node label="FunDef" lexeme="solve"><node label="ParDecls"><node label="ParDecl" lexeme="k"><node label="AtomType" spec="INT"><location loc="204.19--204.21"/></node><location loc="204.17--204.21"/><access depth="2" offset="8" size="8"/></node><node label="ParDecl" lexeme="n"><node label="AtomType" spec="INT"><location loc="204.25--204.27"/></node><location loc="204.23--204.27"/><access depth="2" offset="16" size="8"/></node><location loc="204.17--204.27"/></node><node label="AtomType" spec="INT"><location loc="204.30--204.32"/></node><node label="BlockExpr"><node label="Decls"><node label="VarDecl" lexeme="count"><node label="AtomType" spec="INT"><location loc="248.23--248.25"/></node><location loc="248.13--248.26"/><access depth="2" offset="-8" size="8"/></node><location loc="248.13--248.26"/></node><node label="Stmts"><node label="IfStmt"><node label="BinExpr" spec="EQU"><node label="VarName" lexeme="k"><location loc="205.16--205.16"/><declaredAt location="204.17--204.21"/></node><node label="VarName" lexeme="n"><location loc="205.19--205.19"/><declaredAt location="204.23--204.27"/></node><location loc="205.16--205.19"/><type label="BOOL"/></node><node label="Stmts"><node label="ExprStmt"><node label="BlockExpr"><node label="Decls"><node label="VarDecl" lexeme="j"><node label="AtomType" spec="INT"><location loc="222.23--222.25"/></node><location loc="222.17--222.26"/><access depth="2" offset="-16" size="8"/></node><node label="VarDecl" lexeme="i"><node label="AtomType" spec="INT"><location loc="223.23--223.25"/></node><location loc="223.17--223.26"/><access depth="2" offset="-24" size="8"/></node><location loc="222.17--223.26"/></node><node label="Stmts"><node label="IfStmt"><node label="AtomExpr" lexeme="true" spec="BOOL"><location loc="206.20--206.23"/><type label="BOOL"/></node><node label="Stmts"><node label="AssignStmt"><node label="VarName" lexeme="j"><location loc="207.19--207.19"/><declaredAt location="222.17--222.26"/></node><node label="AtomExpr" lexeme="0" spec="INT"><location loc="207.21--207.21"/><type label="INT"/></node><location loc="207.19--207.21"/></node><node label="WhileStmt"><node label="BinExpr" spec="LTH"><node label="VarName" lexeme="j"><location loc="208.25--208.25"/><declaredAt location="222.17--222.26"/></node><node label="AtomExpr" lexeme="9" spec="INT"><location loc="208.27--208.27"/><type label="INT"/></node><location loc="208.25--208.27"/><type label="BOOL"/></node><node label="Stmts"><node label="AssignStmt"><node label="VarName" lexeme="i"><location loc="209.21--209.21"/><declaredAt location="223.17--223.26"/></node><node label="AtomExpr" lexeme="0" spec="INT"><location loc="209.23--209.23"/><type label="INT"/></node><location loc="209.21--209.23"/></node><node label="WhileStmt"><node label="BinExpr" spec="LTH"><node label="VarName" lexeme="i"><location loc="210.27--210.27"/><declaredAt location="223.17--223.26"/></node><node label="AtomExpr" lexeme="9" spec="INT"><location loc="210.29--210.29"/><type label="INT"/></node><location loc="210.27--210.29"/><type label="BOOL"/></node><node label="Stmts"><node label="ExprStmt"><node label="FunName" lexeme="putInt"><node label="Args"><node label="ArrExpr"><node label="ArrExpr"><node label="UnExpr" spec="DATA"><node label="VarName" lexeme="t2d"><location loc="211.32--211.34"/><declaredAt location="136.12--136.36"/><type label="PTR"><type label="ARR(9)" len="9"><type label="ARR(9)" len="9"><type label="INT"/></type></type></type></node><location loc="211.31--211.34"/><type label="ARR(9)" len="9"><type label="ARR(9)" len="9"><type label="INT"/></type></type><addr/></node><node label="VarName" lexeme="j"><location loc="211.37--211.37"/><declaredAt location="222.17--222.26"/></node><location loc="211.31--211.38"/><type label="ARR(9)" len="9"><type label="INT"/></type><addr/></node><node label="VarName" lexeme="i"><location loc="211.40--211.40"/><declaredAt location="223.17--223.26"/></node><location loc="211.31--211.41"/><type label="INT"/><addr/></node><location loc="211.31--211.41"/></node><location loc="211.23--211.42"/><declaredAt location="1.1--1.23"/><type label="VOID"/></node><location loc="211.23--211.42"/></node><node label="ExprStmt"><node label="FunName" lexeme="putChar"><node label="Args"><node label="AtomExpr" lexeme="' '" spec="CHAR"><location loc="212.31--212.33"/><type label="CHAR"/></node><location loc="212.31--212.33"/></node><location loc="212.23--212.34"/><declaredAt location="2.1--2.25"/><type label="VOID"/></node><location loc="212.23--212.34"/></node><node label="AssignStmt"><node label="VarName" lexeme="i"><location loc="213.23--213.23"/><declaredAt location="223.17--223.26"/></node><node label="BinExpr" spec="ADD"><node label="VarName" lexeme="i"><location loc="213.25--213.25"/><declaredAt location="223.17--223.26"/></node><node label="AtomExpr" lexeme="1" spec="INT"><location loc="213.27--213.27"/><type label="INT"/></node><location loc="213.25--213.27"/><type label="INT"/></node><location loc="213.23--213.27"/></node><location loc="211.23--213.27"/></node><location loc="210.21--214.23"/></node><node label="ExprStmt"><node label="FunName" lexeme="putChar"><node label="Args"><node label="CastExpr"><node label="AtomExpr" lexeme="10" spec="INT"><location loc="215.30--215.31"/><type label="INT"/></node><node label="AtomType" spec="CHAR"><location loc="215.33--215.36"/></node><location loc="215.32--215.37"/><type label="CHAR"/></node><location loc="215.32--215.37"/></node><location loc="215.21--215.38"/><declaredAt location="2.1--2.25"/><type label="VOID"/></node><location loc="215.21--215.38"/></node><node label="AssignStmt"><node label="VarName" lexeme="j"><location loc="216.21--216.21"/><declaredAt location="222.17--222.26"/></node><node label="BinExpr" spec="ADD"><node label="VarName" lexeme="j"><location loc="216.23--216.23"/><declaredAt location="222.17--222.26"/></node><node label="AtomExpr" lexeme="1" spec="INT"><location loc="216.25--216.25"/><type label="INT"/></node><location loc="216.23--216.25"/><type label="INT"/></node><location loc="216.21--216.25"/></node><location loc="209.21--216.25"/></node><location loc="208.19--217.21"/></node><node label="ExprStmt"><node label="FunName" lexeme="putChar"><node label="Args"><node label="CastExpr"><node label="AtomExpr" lexeme="10" spec="INT"><location loc="218.28--218.29"/><type label="INT"/></node><node label="AtomType" spec="CHAR"><location loc="218.31--218.34"/></node><location loc="218.30--218.35"/><type label="CHAR"/></node><location loc="218.30--218.35"/></node><location loc="218.19--218.36"/><declaredAt location="2.1--2.25"/><type label="VOID"/></node><location loc="218.19--218.36"/></node><location loc="207.19--218.36"/></node><node label="Stmts"><location loc="0.0--0.0"/></node><location loc="206.17--219.19"/></node><location loc="206.17--219.19"/></node><node label="AtomExpr" lexeme="none" spec="VOID"><location loc="220.17--220.20"/><type label="VOID"/></node><location loc="206.17--223.26"/><type label="VOID"/></node><location loc="206.15--224.15"/></node><node label="AssignStmt"><node label="VarName" lexeme="count"><location loc="225.15--225.19"/><declaredAt location="248.13--248.26"/></node><node label="AtomExpr" lexeme="1" spec="INT"><location loc="225.21--225.21"/><type label="INT"/></node><location loc="225.15--225.21"/></node><location loc="206.15--225.21"/></node><node label="Stmts"><node label="IfStmt"><node label="BinExpr" spec="NEQ"><node label="ArrExpr"><node label="UnExpr" spec="DATA"><node label="VarName" lexeme="t1d"><location loc="227.20--227.22"/><declaredAt location="140.7--140.30"/><type label="PTR"><type label="ARR(81)" len="81"><type label="INT"/></type></type></node><location loc="227.19--227.22"/><type label="ARR(81)" len="81"><type label="INT"/></type><addr/></node><node label="VarName" lexeme="k"><location loc="227.25--227.25"/><declaredAt location="204.17--204.21"/></node><location loc="227.19--227.26"/><type label="INT"/><addr/></node><node label="AtomExpr" lexeme="0" spec="INT"><location loc="227.29--227.29"/><type label="INT"/></node><location loc="227.19--227.29"/><type label="BOOL"/></node><node label="Stmts"><node label="AssignStmt"><node label="VarName" lexeme="count"><location loc="228.17--228.21"/><declaredAt location="248.13--248.26"/></node><node label="FunName" lexeme="solve"><node label="Args"><node label="BinExpr" spec="ADD"><node label="VarName" lexeme="k"><location loc="228.29--228.29"/><declaredAt location="204.17--204.21"/></node><node label="AtomExpr" lexeme="1" spec="INT"><location loc="228.31--228.31"/><type label="INT"/></node><location loc="228.29--228.31"/><type label="INT"/></node><node label="VarName" lexeme="n"><location loc="228.33--228.33"/><declaredAt location="204.23--204.27"/><type label="INT"/></node><location loc="228.29--228.33"/></node><location loc="228.23--228.34"/><declaredAt location="204.7--249.12"/><type label="INT"/></node><location loc="228.17--228.34"/></node><location loc="228.17--228.34"/></node><node label="Stmts"><node label="ExprStmt"><node label="BlockExpr"><node label="Decls"><node label="VarDecl" lexeme="d"><node label="AtomType" spec="INT"><location loc="242.25--242.27"/></node><location loc="242.19--242.28"/><access depth="2" offset="-32" size="8"/></node><location loc="242.19--242.28"/></node><node label="Stmts"><node label="AssignStmt"><node label="VarName" lexeme="count"><location loc="230.19--230.23"/><declaredAt location="248.13--248.26"/></node><node label="AtomExpr" lexeme="0" spec="INT"><location loc="230.27--230.27"/><type label="INT"/></node><location loc="230.19--230.27"/></node><node label="AssignStmt"><node label="VarName" lexeme="d"><location loc="231.19--231.19"/><declaredAt location="242.19--242.28"/></node><node label="AtomExpr" lexeme="1" spec="INT"><location loc="231.21--231.21"/><type label="INT"/></node><location loc="231.19--231.21"/></node><node label="WhileStmt"><node label="BinExpr" spec="LEQ"><node label="VarName" lexeme="d"><location loc="232.25--232.25"/><declaredAt location="242.19--242.28"/></node><node label="AtomExpr" lexeme="9" spec="INT"><location loc="232.28--232.28"/><type label="INT"/></node><location loc="232.25--232.28"/><type label="BOOL"/></node><node label="Stmts"><node label="AssignStmt"><node label="ArrExpr"><node label="UnExpr" spec="DATA"><node label="VarName" lexeme="t1d"><location loc="233.23--233.25"/><declaredAt location="140.7--140.30"/><type label="PTR"><type label="ARR(81)" len="81"><type label="INT"/></type></type></node><location loc="233.22--233.25"/><type label="ARR(81)" len="81"><type label="INT"/></type><addr/></node><node label="VarName" lexeme="k"><location loc="233.28--233.28"/><declaredAt location="204.17--204.21"/></node><location loc="233.22--233.29"/><type label="INT"/><addr/></node><node label="VarName" lexeme="d"><location loc="233.31--233.31"/><declaredAt location="242.19--242.28"/></node><location loc="233.21--233.31"/></node><node label="IfStmt"><node label="BinExpr" spec="AND"><node label="BinExpr" spec="AND"><node label="FunName" lexeme="check_h"><node label="Args"><node label="BinExpr" spec="DIV"><node label="VarName" lexeme="k"><location loc="234.32--234.32"/><declaredAt location="204.17--204.21"/></node><node label="AtomExpr" lexeme="9" spec="INT"><location loc="234.34--234.34"/><type label="INT"/></node><location loc="234.32--234.34"/><type label="INT"/></node><location loc="234.32--234.34"/></node><location loc="234.24--234.35"/><declaredAt location="141.7--159.12"/><type label="BOOL"/></node><node label="FunName" lexeme="check_v"><node label="Args"><node label="BinExpr" spec="MOD"><node label="VarName" lexeme="k"><location loc="234.45--234.45"/><declaredAt location="204.17--204.21"/></node><node label="AtomExpr" lexeme="9" spec="INT"><location loc="234.47--234.47"/><type label="INT"/></node><location loc="234.45--234.47"/><type label="INT"/></node><location loc="234.45--234.47"/></node><location loc="234.37--234.48"/><declaredAt location="160.7--178.12"/><type label="BOOL"/></node><location loc="234.24--234.48"/><type label="BOOL"/></node><node label="FunName" lexeme="check_q"><node label="Args"><node label="BinExpr" spec="DIV"><node label="BinExpr" spec="DIV"><node label="VarName" lexeme="k"><location loc="234.59--234.59"/><declaredAt location="204.17--204.21"/></node><node label="AtomExpr" lexeme="9" spec="INT"><location loc="234.61--234.61"/><type label="INT"/></node><location loc="234.59--234.61"/><type label="INT"/></node><node label="AtomExpr" lexeme="3" spec="INT"><location loc="234.64--234.64"/><type label="INT"/></node><location loc="234.59--234.64"/><type label="INT"/></node><node label="BinExpr" spec="DIV"><node label="BinExpr" spec="MOD"><node label="VarName" lexeme="k"><location loc="234.67--234.67"/><declaredAt location="204.17--204.21"/></node><node label="AtomExpr" lexeme="9" spec="INT"><location loc="234.69--234.69"/><type label="INT"/></node><location loc="234.67--234.69"/><type label="INT"/></node><node label="AtomExpr" lexeme="3" spec="INT"><location loc="234.72--234.72"/><type label="INT"/></node><location loc="234.67--234.72"/><type label="INT"/></node><location loc="234.59--234.72"/></node><location loc="234.50--234.73"/><declaredAt location="179.7--203.12"/><type label="BOOL"/></node><location loc="234.24--234.73"/><type label="BOOL"/></node><node label="Stmts"><node label="AssignStmt"><node label="VarName" lexeme="count"><location loc="235.23--235.27"/><declaredAt location="248.13--248.26"/></node><node label="BinExpr" spec="ADD"><node label="VarName" lexeme="count"><location loc="235.29--235.33"/><declaredAt location="248.13--248.26"/></node><node label="FunName" lexeme="solve"><node label="Args"><node label="BinExpr" spec="ADD"><node label="VarName" lexeme="k"><location loc="235.41--235.41"/><declaredAt location="204.17--204.21"/></node><node label="AtomExpr" lexeme="1" spec="INT"><location loc="235.43--235.43"/><type label="INT"/></node><location loc="235.41--235.43"/><type label="INT"/></node><node label="VarName" lexeme="n"><location loc="235.45--235.45"/><declaredAt location="204.23--204.27"/><type label="INT"/></node><location loc="235.41--235.45"/></node><location loc="235.35--235.46"/><declaredAt location="204.7--249.12"/><type label="INT"/></node><location loc="235.29--235.46"/><type label="INT"/></node><location loc="235.23--235.46"/></node><location loc="235.23--235.46"/></node><node label="Stmts"><location loc="0.0--0.0"/></node><location loc="234.21--236.23"/></node><node label="AssignStmt"><node label="ArrExpr"><node label="UnExpr" spec="DATA"><node label="VarName" lexeme="t1d"><location loc="237.23--237.25"/><declaredAt location="140.7--140.30"/><type label="PTR"><type label="ARR(81)" len="81"><type label="INT"/></type></type></node><location loc="237.22--237.25"/><type label="ARR(81)" len="81"><type label="INT"/></type><addr/></node><node label="VarName" lexeme="k"><location loc="237.28--237.28"/><declaredAt location="204.17--204.21"/></node><location loc="237.22--237.29"/><type label="INT"/><addr/></node><node label="AtomExpr" lexeme="0" spec="INT"><location loc="237.31--237.31"/><type label="INT"/></node><location loc="237.21--237.31"/></node><node label="AssignStmt"><node label="VarName" lexeme="d"><location loc="238.21--238.21"/><declaredAt location="242.19--242.28"/></node><node label="BinExpr" spec="ADD"><node label="VarName" lexeme="d"><location loc="238.23--238.23"/><declaredAt location="242.19--242.28"/></node><node label="AtomExpr" lexeme="1" spec="INT"><location loc="238.25--238.25"/><type label="INT"/></node><location loc="238.23--238.25"/><type label="INT"/></node><location loc="238.21--238.25"/></node><location loc="233.21--238.25"/></node><location loc="232.19--239.21"/></node><location loc="230.19--239.21"/></node><node label="AtomExpr" lexeme="none" spec="VOID"><location loc="240.19--240.22"/><type label="VOID"/></node><location loc="230.19--242.28"/><type label="VOID"/></node><location loc="230.17--243.17"/></node><location loc="230.17--243.17"/></node><location loc="227.15--244.17"/></node><location loc="227.15--244.17"/></node><location loc="205.13--245.15"/></node><location loc="205.13--245.15"/></node><node label="VarName" lexeme="count"><location loc="246.13--246.17"/><declaredAt location="248.13--248.26"/></node><location loc="205.13--248.26"/><type label="INT"/></node><location loc="204.7--249.12"/><frame FP="T28" RV="T29" argssize="24" depth="2" label="L4" locssize="32" size="72"/></node><location loc="140.7--249.12"/></node><node label="Stmts"><node label="AssignStmt"><node label="VarName" lexeme="t1d"><location loc="137.7--137.9"/><declaredAt location="140.7--140.30"/></node><node label="CastExpr"><node label="VarName" lexeme="t2d"><location loc="137.12--137.14"/><declaredAt location="136.12--136.36"/></node><node label="PtrType"><node label="ArrType"><node label="AtomExpr" lexeme="81" spec="INT"><location loc="137.24--137.25"/></node><node label="AtomType" spec="INT"><location loc="137.28--137.30"/></node><location loc="137.20--137.30"/><type label="ARR(81)" len="81"><type label="INT"/></type></node><location loc="137.16--137.30"/><type label="PTR"><type label="ARR(81)" len="81"><type label="INT"/></type></type></node><location loc="137.15--137.31"/><type label="PTR"><type label="ARR(81)" len="81"><type label="INT"/></type></type></node><location loc="137.7--137.31"/></node><location loc="137.7--137.31"/></node><node label="FunName" lexeme="solve"><node label="Args"><node label="AtomExpr" lexeme="0" spec="INT"><location loc="138.13--138.13"/><type label="INT"/></node><node label="AtomExpr" lexeme="81" spec="INT"><location loc="138.15--138.16"/><type label="INT"/></node><location loc="138.13--138.16"/></node><location loc="138.7--138.17"/><declaredAt location="204.7--249.12"/><type label="INT"/></node><location loc="137.7--249.12"/><type label="INT"/></node><location loc="136.1--250.6"/><frame FP="T20" RV="T21" argssize="24" depth="1" label="_sudoku" locssize="8" size="48"/></node><location loc="1.1--250.6"/></node><location loc="1.1--250.6"/></node></frames>