<?xml version="1.0" encoding="UTF-8" standalone="no"?><?xml-stylesheet type="text/xsl" href="../../data/frames.xsl"?><frames><node label="Source"><node label="Decls"><node label="TypDecl" lexeme="r"><node label="RecType"><node label="CompDecls"><node label="CompDecl" lexeme="a"><node label="AtomType" spec="INT"><location loc="1.17--1.19"/></node><location loc="1.13--1.19"/></node><node label="CompDecl" lexeme="b"><node label="AtomType" spec="INT"><location loc="1.26--1.28"/></node><location loc="1.22--1.28"/></node><node label="CompDecl" lexeme="c"><node label="TypeName" lexeme="ll"><location loc="1.35--1.36"/><declaredAt location="2.1--2.13"/></node><location loc="1.31--1.36"/></node><location loc="1.13--1.36"/></node><location loc="1.9--1.37"/><type label="REC"><type label="INT"/><type label="INT"/><type label="INT"/></type></node><location loc="1.1--1.38"/><type label="TYPE" name="r"/></node><node label="TypDecl" lexeme="ll"><node label="AtomType" spec="INT"><location loc="2.10--2.12"/></node><location loc="2.1--2.13"/><type label="TYPE" name="ll"/></node><node label="TypDecl" lexeme="rr"><node label="RecType"><node label="CompDecls"><node label="CompDecl" lexeme="rr"><node label="AtomType" spec="CHAR"><location loc="4.19--4.22"/></node><location loc="4.14--4.22"/></node><node label="CompDecl" lexeme="b"><node label="AtomType" spec="INT"><location loc="4.29--4.31"/></node><location loc="4.25--4.31"/></node><location loc="4.14--4.31"/></node><location loc="4.10--4.32"/><type label="REC"><type label="CHAR"/><type label="INT"/></type></node><location loc="4.1--4.33"/><type label="TYPE" name="rr"/></node><node label="TypDecl" lexeme="xx"><node label="RecType"><node label="CompDecls"><node label="CompDecl" lexeme="pp"><node label="PtrType"><node label="TypeName" lexeme="rr"><location loc="6.23--6.24"/><declaredAt location="4.1--4.33"/></node><location loc="6.19--6.24"/><type label="PTR"><type label="REC"><type label="CHAR"/><type label="INT"/></type></type></node><location loc="6.14--6.24"/></node><node label="CompDecl" lexeme="ppp"><node label="PtrType"><node label="PtrType"><node label="TypeName" lexeme="rr"><location loc="6.41--6.42"/><declaredAt location="4.1--4.33"/></node><location loc="6.37--6.42"/><type label="PTR"><type label="REC"><type label="CHAR"/><type label="INT"/></type></type></node><location loc="6.33--6.42"/><type label="PTR"><type label="PTR"><type label="REC"><type label="CHAR"/><type label="INT"/></type></type></type></node><location loc="6.27--6.42"/></node><node label="CompDecl" lexeme="r"><node label="TypeName" lexeme="r"><location loc="6.49--6.49"/><declaredAt location="1.1--1.38"/></node><location loc="6.45--6.49"/></node><location loc="6.14--6.49"/></node><location loc="6.10--6.50"/><type label="REC"><type label="PTR"><type label="REC"><type label="CHAR"/><type label="INT"/></type></type><type label="PTR"><type label="PTR"><type label="REC"><type label="CHAR"/><type label="INT"/></type></type></type><type label="REC"><type label="INT"/><type label="INT"/><type label="INT"/></type></type></node><location loc="6.1--6.51"/><type label="TYPE" name="xx"/></node><node label="TypDecl" lexeme="zz"><node label="PtrType"><node label="TypeName" lexeme="xx"><location loc="8.14--8.15"/><declaredAt location="6.1--6.51"/></node><location loc="8.10--8.15"/><type label="PTR"><type label="REC"><type label="PTR"><type label="REC"><type label="CHAR"/><type label="INT"/></type></type><type label="PTR"><type label="PTR"><type label="REC"><type label="CHAR"/><type label="INT"/></type></type></type><type label="REC"><type label="INT"/><type label="INT"/><type label="INT"/></type></type></type></node><location loc="8.1--8.16"/><type label="TYPE" name="zz"/></node><node label="FunDef" lexeme="f"><node label="ParDecls"><node label="ParDecl" lexeme="x"><node label="AtomType" spec="INT"><location loc="10.11--10.13"/></node><location loc="10.7--10.13"/><access depth="1" offset="8" size="8"/></node><node label="ParDecl" lexeme="y"><node label="AtomType" spec="INT"><location loc="10.20--10.22"/></node><location loc="10.16--10.22"/><access depth="1" offset="16" size="8"/></node><node label="ParDecl" lexeme="z"><node label="AtomType" spec="INT"><location loc="10.29--10.31"/></node><location loc="10.25--10.31"/><access depth="1" offset="24" size="8"/></node><node label="ParDecl" lexeme="w"><node label="PtrType"><node label="TypeName" lexeme="rr"><location loc="10.42--10.43"/><declaredAt location="4.1--4.33"/></node><location loc="10.38--10.43"/><type label="PTR"><type label="REC"><type label="CHAR"/><type label="INT"/></type></type></node><location loc="10.34--10.43"/><access depth="1" offset="32" size="8"/></node><location loc="10.7--10.43"/></node><node label="AtomType" spec="VOID"><location loc="10.48--10.51"/></node><node label="BlockExpr"><node label="Decls"><node label="VarDecl" lexeme="x"><node label="TypeName" lexeme="rr"><location loc="16.25--16.26"/><declaredAt location="4.1--4.33"/></node><location loc="16.17--16.27"/><access depth="1" offset="-16" size="16"/></node><node label="VarDecl" lexeme="y"><node label="TypeName" lexeme="r"><location loc="17.25--17.25"/><declaredAt location="1.1--1.38"/></node><location loc="17.17--17.26"/><access depth="1" offset="-40" size="24"/></node><location loc="16.17--17.26"/></node><node label="Stmts"><node label="ExprStmt"><node label="RecExpr"><node label="VarName" lexeme="x"><location loc="11.9--11.9"/><declaredAt location="16.17--16.27"/></node><node label="VarName" lexeme="rr"><location loc="11.11--11.12"/><declaredAt location="4.14--4.22"/></node><location loc="11.9--11.12"/><type label="CHAR"/><addr/></node><location loc="11.9--11.12"/></node><node label="ExprStmt"><node label="RecExpr"><node label="VarName" lexeme="x"><location loc="12.9--12.9"/><declaredAt location="16.17--16.27"/></node><node label="VarName" lexeme="b"><location loc="12.11--12.11"/><declaredAt location="4.25--4.31"/></node><location loc="12.9--12.11"/><type label="INT"/><addr/></node><location loc="12.9--12.11"/></node><node label="ExprStmt"><node label="RecExpr"><node label="VarName" lexeme="y"><location loc="13.9--13.9"/><declaredAt location="17.17--17.26"/></node><node label="VarName" lexeme="b"><location loc="13.11--13.11"/><declaredAt location="1.22--1.28"/></node><location loc="13.9--13.11"/><type label="INT"/><addr/></node><location loc="13.9--13.11"/></node><location loc="11.9--13.11"/></node><node label="AtomExpr" lexeme="none" spec="VOID"><location loc="14.11--14.14"/><type label="VOID"/></node><location loc="11.9--17.26"/><type label="VOID"/></node><location loc="10.1--18.2"/><frame FP="T0" RV="T1" argssize="0" depth="1" label="L0" locssize="40" size="56"/></node><location loc="1.1--18.2"/></node><location loc="1.1--18.2"/></node></frames>