<?xml version="1.0" encoding="UTF-8" standalone="no"?><?xml-stylesheet type="text/xsl" href="../../data/frames.xsl"?><frames><node label="Source"><node label="Decls"><node label="VarDecl" lexeme="i"><node label="AtomType" spec="INT"><location loc="1.7--1.9"/></node><location loc="1.1--1.10"/><access init="0" label="_i" size="8"/></node><location loc="1.1--1.10"/></node><location loc="1.1--1.10"/></node></frames>