<?xml version="1.0" encoding="UTF-8" standalone="no"?><?xml-stylesheet type="text/xsl" href="../../data/livean.xsl"?><livean><code entrylabel="L17" exitlabel="L18" tempsize="0"><frame FP="T0" RV="T1" argssize="0" depth="1" label="_x" locssize="88" size="104"/><instructions><instruction code="L17"><temps name="use"/><temps name="def"/><temps name="in"><temp name="T0"/></temps><temps name="out"><temp name="T0"/></temps></instruction><instruction code="SETL  T216, 1"><temps name="use"/><temps name="def"><temp name="T216"/></temps><temps name="in"><temp name="T0"/></temps><temps name="out"><temp name="T0"/></temps></instruction><instruction code="INCML T216, 0"><temps name="use"/><temps name="def"><temp name="T216"/></temps><temps name="in"><temp name="T0"/></temps><temps name="out"><temp name="T0"/></temps></instruction><instruction code="INCMH T216, 0"><temps name="use"/><temps name="def"><temp name="T216"/></temps><temps name="in"><temp name="T0"/></temps><temps name="out"><temp name="T0"/></temps></instruction><instruction code="INCH  T216, 0"><temps name="use"/><temps name="def"><temp name="T216"/></temps><temps name="in"><temp name="T0"/></temps><temps name="out"><temp name="T216"/><temp name="T0"/></temps></instruction><instruction code="OR T20, T216, 0"><temps name="use"><temp name="T216"/></temps><temps name="def"><temp name="T20"/></temps><temps name="in"><temp name="T216"/><temp name="T0"/></temps><temps name="out"><temp name="T0"/></temps></instruction><instruction code="OR T21, T0, 0"><temps name="use"><temp name="T0"/></temps><temps name="def"><temp name="T21"/></temps><temps name="in"><temp name="T0"/></temps><temps name="out"><temp name="T21"/></temps></instruction><instruction code="SETL  T217, 8"><temps name="use"/><temps name="def"><temp name="T217"/></temps><temps name="in"><temp name="T21"/></temps><temps name="out"><temp name="T21"/></temps></instruction><instruction code="INCML T217, 0"><temps name="use"/><temps name="def"><temp name="T217"/></temps><temps name="in"><temp name="T21"/></temps><temps name="out"><temp name="T21"/></temps></instruction><instruction code="INCMH T217, 0"><temps name="use"/><temps name="def"><temp name="T217"/></temps><temps name="in"><temp name="T21"/></temps><temps name="out"><temp name="T21"/></temps></instruction><instruction code="INCH  T217, 0"><temps name="use"/><temps name="def"><temp name="T217"/></temps><temps name="in"><temp name="T21"/></temps><temps name="out"><temp name="T217"/><temp name="T21"/></temps></instruction><instruction code="NEG T217, 0, T217"><temps name="use"><temp name="T217"/></temps><temps name="def"><temp name="T217"/></temps><temps name="in"><temp name="T217"/><temp name="T21"/></temps><temps name="out"><temp name="T217"/><temp name="T21"/></temps></instruction><instruction code="OR T22, T217, 0"><temps name="use"><temp name="T217"/></temps><temps name="def"><temp name="T22"/></temps><temps name="in"><temp name="T217"/><temp name="T21"/></temps><temps name="out"><temp name="T21"/><temp name="T22"/></temps></instruction><instruction code="ADD T218, T21, T22"><temps name="use"><temp name="T21"/><temp name="T22"/></temps><temps name="def"><temp name="T218"/></temps><temps name="in"><temp name="T21"/><temp name="T22"/></temps><temps name="out"><temp name="T218"/></temps></instruction><instruction code="OR T23, T218, 0"><temps name="use"><temp name="T218"/></temps><temps name="def"><temp name="T23"/></temps><temps name="in"><temp name="T218"/></temps><temps name="out"><temp name="T23"/></temps></instruction><instruction code="OR T24, T23, 0"><temps name="use"><temp name="T23"/></temps><temps name="def"><temp name="T24"/></temps><temps name="in"><temp name="T23"/></temps><temps name="out"><temp name="T24"/></temps></instruction><instruction code="OR T25, T24, 0"><temps name="use"><temp name="T24"/></temps><temps name="def"><temp name="T25"/></temps><temps name="in"><temp name="T24"/></temps><temps name="out"><temp name="T25"/></temps></instruction><instruction code="SETL  T220, 1"><temps name="use"/><temps name="def"><temp name="T220"/></temps><temps name="in"><temp name="T25"/></temps><temps name="out"><temp name="T25"/></temps></instruction><instruction code="INCML T220, 0"><temps name="use"/><temps name="def"><temp name="T220"/></temps><temps name="in"><temp name="T25"/></temps><temps name="out"><temp name="T25"/></temps></instruction><instruction code="INCMH T220, 0"><temps name="use"/><temps name="def"><temp name="T220"/></temps><temps name="in"><temp name="T25"/></temps><temps name="out"><temp name="T25"/></temps></instruction><instruction code="INCH  T220, 0"><temps name="use"/><temps name="def"><temp name="T220"/></temps><temps name="in"><temp name="T25"/></temps><temps name="out"><temp name="T220"/><temp name="T25"/></temps></instruction><instruction code="OR T26, T220, 0"><temps name="use"><temp name="T220"/></temps><temps name="def"><temp name="T26"/></temps><temps name="in"><temp name="T220"/><temp name="T25"/></temps><temps name="out"><temp name="T25"/></temps></instruction><instruction code="SETL  T221, 99"><temps name="use"/><temps name="def"><temp name="T221"/></temps><temps name="in"><temp name="T25"/></temps><temps name="out"><temp name="T25"/></temps></instruction><instruction code="INCML T221, 0"><temps name="use"/><temps name="def"><temp name="T221"/></temps><temps name="in"><temp name="T25"/></temps><temps name="out"><temp name="T25"/></temps></instruction><instruction code="INCMH T221, 0"><temps name="use"/><temps name="def"><temp name="T221"/></temps><temps name="in"><temp name="T25"/></temps><temps name="out"><temp name="T25"/></temps></instruction><instruction code="INCH  T221, 0"><temps name="use"/><temps name="def"><temp name="T221"/></temps><temps name="in"><temp name="T25"/></temps><temps name="out"><temp name="T221"/><temp name="T25"/></temps></instruction><instruction code="OR T27, T221, 0"><temps name="use"><temp name="T221"/></temps><temps name="def"><temp name="T27"/></temps><temps name="in"><temp name="T221"/><temp name="T25"/></temps><temps name="out"><temp name="T27"/><temp name="T25"/></temps></instruction><instruction code="OR T28, T27, 0"><temps name="use"><temp name="T27"/></temps><temps name="def"><temp name="T28"/></temps><temps name="in"><temp name="T27"/><temp name="T25"/></temps><temps name="out"><temp name="T28"/><temp name="T25"/></temps></instruction><instruction code="ADD T222, T25, T28"><temps name="use"><temp name="T25"/><temp name="T28"/></temps><temps name="def"><temp name="T222"/></temps><temps name="in"><temp name="T28"/><temp name="T25"/></temps><temps name="out"><temp name="T222"/></temps></instruction><instruction code="OR T29, T222, 0"><temps name="use"><temp name="T222"/></temps><temps name="def"><temp name="T29"/></temps><temps name="in"><temp name="T222"/></temps><temps name="out"><temp name="T29"/></temps></instruction><instruction code="SETL  T223, 256"><temps name="use"/><temps name="def"><temp name="T223"/></temps><temps name="in"><temp name="T29"/></temps><temps name="out"><temp name="T29"/></temps></instruction><instruction code="INCML T223, 0"><temps name="use"/><temps name="def"><temp name="T223"/></temps><temps name="in"><temp name="T29"/></temps><temps name="out"><temp name="T29"/></temps></instruction><instruction code="INCMH T223, 0"><temps name="use"/><temps name="def"><temp name="T223"/></temps><temps name="in"><temp name="T29"/></temps><temps name="out"><temp name="T29"/></temps></instruction><instruction code="INCH  T223, 0"><temps name="use"/><temps name="def"><temp name="T223"/></temps><temps name="in"><temp name="T29"/></temps><temps name="out"><temp name="T223"/><temp name="T29"/></temps></instruction><instruction code="OR T30, T223, 0"><temps name="use"><temp name="T223"/></temps><temps name="def"><temp name="T30"/></temps><temps name="in"><temp name="T223"/><temp name="T29"/></temps><temps name="out"><temp name="T30"/><temp name="T29"/></temps></instruction><instruction code="DIV T224, T29, T30"><temps name="use"><temp name="T29"/><temp name="T30"/></temps><temps name="def"><temp name="T224"/></temps><temps name="in"><temp name="T30"/><temp name="T29"/></temps><temps name="out"/></instruction><instruction code="OR T224, rR, 0"><temps name="use"/><temps name="def"><temp name="T224"/></temps><temps name="in"/><temps name="out"><temp name="T224"/></temps></instruction><instruction code="OR T1, T224, 0"><temps name="use"><temp name="T224"/></temps><temps name="def"><temp name="T1"/></temps><temps name="in"><temp name="T224"/></temps><temps name="out"/></instruction><instruction code="LDA T225, L18"><temps name="use"/><temps name="def"><temp name="T225"/></temps><temps name="in"/><temps name="out"><temp name="T225"/></temps></instruction><instruction code="GO T225, T225, 0"><temps name="use"><temp name="T225"/></temps><temps name="def"><temp name="T225"/></temps><temps name="in"><temp name="T225"/></temps><temps name="out"/></instruction></instructions></code><code entrylabel="L19" exitlabel="L20" tempsize="0"><frame FP="T2" RV="T3" argssize="0" depth="1" label="_g" locssize="0" size="16"/><instructions><instruction code="L19"><temps name="use"/><temps name="def"/><temps name="in"/><temps name="out"/></instruction><instruction code="SETL  T226, 1"><temps name="use"/><temps name="def"><temp name="T226"/></temps><temps name="in"/><temps name="out"/></instruction><instruction code="INCML T226, 0"><temps name="use"/><temps name="def"><temp name="T226"/></temps><temps name="in"/><temps name="out"/></instruction><instruction code="INCMH T226, 0"><temps name="use"/><temps name="def"><temp name="T226"/></temps><temps name="in"/><temps name="out"/></instruction><instruction code="INCH  T226, 0"><temps name="use"/><temps name="def"><temp name="T226"/></temps><temps name="in"/><temps name="out"><temp name="T226"/></temps></instruction><instruction code="OR T31, T226, 0"><temps name="use"><temp name="T226"/></temps><temps name="def"><temp name="T31"/></temps><temps name="in"><temp name="T226"/></temps><temps name="out"/></instruction><instruction code="SETL  T227, 0"><temps name="use"/><temps name="def"><temp name="T227"/></temps><temps name="in"/><temps name="out"/></instruction><instruction code="INCML T227, 0"><temps name="use"/><temps name="def"><temp name="T227"/></temps><temps name="in"/><temps name="out"/></instruction><instruction code="INCMH T227, 0"><temps name="use"/><temps name="def"><temp name="T227"/></temps><temps name="in"/><temps name="out"/></instruction><instruction code="INCH  T227, 0"><temps name="use"/><temps name="def"><temp name="T227"/></temps><temps name="in"/><temps name="out"><temp name="T227"/></temps></instruction><instruction code="OR T32, T227, 0"><temps name="use"><temp name="T227"/></temps><temps name="def"><temp name="T32"/></temps><temps name="in"><temp name="T227"/></temps><temps name="out"><temp name="T32"/></temps></instruction><instruction code="OR T3, T32, 0"><temps name="use"><temp name="T32"/></temps><temps name="def"><temp name="T3"/></temps><temps name="in"><temp name="T32"/></temps><temps name="out"/></instruction><instruction code="LDA T228, L20"><temps name="use"/><temps name="def"><temp name="T228"/></temps><temps name="in"/><temps name="out"><temp name="T228"/></temps></instruction><instruction code="GO T228, T228, 0"><temps name="use"><temp name="T228"/></temps><temps name="def"><temp name="T228"/></temps><temps name="in"><temp name="T228"/></temps><temps name="out"/></instruction></instructions></code><code entrylabel="L21" exitlabel="L22" tempsize="0"><frame FP="T6" RV="T7" argssize="0" depth="1" label="_main" locssize="0" size="16"/><instructions><instruction code="L21"><temps name="use"/><temps name="def"/><temps name="in"/><temps name="out"/></instruction><instruction code="SETL  T229, 1"><temps name="use"/><temps name="def"><temp name="T229"/></temps><temps name="in"/><temps name="out"/></instruction><instruction code="INCML T229, 0"><temps name="use"/><temps name="def"><temp name="T229"/></temps><temps name="in"/><temps name="out"/></instruction><instruction code="INCMH T229, 0"><temps name="use"/><temps name="def"><temp name="T229"/></temps><temps name="in"/><temps name="out"/></instruction><instruction code="INCH  T229, 0"><temps name="use"/><temps name="def"><temp name="T229"/></temps><temps name="in"/><temps name="out"><temp name="T229"/></temps></instruction><instruction code="OR T33, T229, 0"><temps name="use"><temp name="T229"/></temps><temps name="def"><temp name="T33"/></temps><temps name="in"><temp name="T229"/></temps><temps name="out"/></instruction><instruction code="SETL  T230, 0"><temps name="use"/><temps name="def"><temp name="T230"/></temps><temps name="in"/><temps name="out"/></instruction><instruction code="INCML T230, 0"><temps name="use"/><temps name="def"><temp name="T230"/></temps><temps name="in"/><temps name="out"/></instruction><instruction code="INCMH T230, 0"><temps name="use"/><temps name="def"><temp name="T230"/></temps><temps name="in"/><temps name="out"/></instruction><instruction code="INCH  T230, 0"><temps name="use"/><temps name="def"><temp name="T230"/></temps><temps name="in"/><temps name="out"><temp name="T230"/></temps></instruction><instruction code="OR T34, T230, 0"><temps name="use"><temp name="T230"/></temps><temps name="def"><temp name="T34"/></temps><temps name="in"><temp name="T230"/></temps><temps name="out"><temp name="T34"/></temps></instruction><instruction code="OR T7, T34, 0"><temps name="use"><temp name="T34"/></temps><temps name="def"><temp name="T7"/></temps><temps name="in"><temp name="T34"/></temps><temps name="out"/></instruction><instruction code="LDA T231, L22"><temps name="use"/><temps name="def"><temp name="T231"/></temps><temps name="in"/><temps name="out"><temp name="T231"/></temps></instruction><instruction code="GO T231, T231, 0"><temps name="use"><temp name="T231"/></temps><temps name="def"><temp name="T231"/></temps><temps name="in"><temp name="T231"/></temps><temps name="out"/></instruction></instructions></code><code entrylabel="L23" exitlabel="L24" tempsize="0"><frame FP="T14" RV="T15" argssize="0" depth="3" label="L1" locssize="80" size="96"/><instructions><instruction code="L23"><temps name="use"/><temps name="def"/><temps name="in"><temp name="T14"/></temps><temps name="out"><temp name="T14"/></temps></instruction><instruction code="SETL  T232, 1"><temps name="use"/><temps name="def"><temp name="T232"/></temps><temps name="in"><temp name="T14"/></temps><temps name="out"><temp name="T14"/></temps></instruction><instruction code="INCML T232, 0"><temps name="use"/><temps name="def"><temp name="T232"/></temps><temps name="in"><temp name="T14"/></temps><temps name="out"><temp name="T14"/></temps></instruction><instruction code="INCMH T232, 0"><temps name="use"/><temps name="def"><temp name="T232"/></temps><temps name="in"><temp name="T14"/></temps><temps name="out"><temp name="T14"/></temps></instruction><instruction code="INCH  T232, 0"><temps name="use"/><temps name="def"><temp name="T232"/></temps><temps name="in"><temp name="T14"/></temps><temps name="out"><temp name="T232"/><temp name="T14"/></temps></instruction><instruction code="OR T35, T232, 0"><temps name="use"><temp name="T232"/></temps><temps name="def"><temp name="T35"/></temps><temps name="in"><temp name="T232"/><temp name="T14"/></temps><temps name="out"><temp name="T14"/></temps></instruction><instruction code="OR T36, T14, 0"><temps name="use"><temp name="T14"/></temps><temps name="def"><temp name="T36"/></temps><temps name="in"><temp name="T14"/></temps><temps name="out"><temp name="T36"/><temp name="T14"/></temps></instruction><instruction code="OR T37, T36, 0"><temps name="use"><temp name="T36"/></temps><temps name="def"><temp name="T37"/></temps><temps name="in"><temp name="T36"/><temp name="T14"/></temps><temps name="out"><temp name="T37"/><temp name="T14"/></temps></instruction><instruction code="OR T38, T37, 0"><temps name="use"><temp name="T37"/></temps><temps name="def"><temp name="T38"/></temps><temps name="in"><temp name="T37"/><temp name="T14"/></temps><temps name="out"><temp name="T38"/><temp name="T14"/></temps></instruction><instruction code="SETL  T235, 16"><temps name="use"/><temps name="def"><temp name="T235"/></temps><temps name="in"><temp name="T38"/><temp name="T14"/></temps><temps name="out"><temp name="T38"/><temp name="T14"/></temps></instruction><instruction code="INCML T235, 0"><temps name="use"/><temps name="def"><temp name="T235"/></temps><temps name="in"><temp name="T38"/><temp name="T14"/></temps><temps name="out"><temp name="T38"/><temp name="T14"/></temps></instruction><instruction code="INCMH T235, 0"><temps name="use"/><temps name="def"><temp name="T235"/></temps><temps name="in"><temp name="T38"/><temp name="T14"/></temps><temps name="out"><temp name="T38"/><temp name="T14"/></temps></instruction><instruction code="INCH  T235, 0"><temps name="use"/><temps name="def"><temp name="T235"/></temps><temps name="in"><temp name="T38"/><temp name="T14"/></temps><temps name="out"><temp name="T38"/><temp name="T235"/><temp name="T14"/></temps></instruction><instruction code="NEG T235, 0, T235"><temps name="use"><temp name="T235"/></temps><temps name="def"><temp name="T235"/></temps><temps name="in"><temp name="T38"/><temp name="T235"/><temp name="T14"/></temps><temps name="out"><temp name="T38"/><temp name="T235"/><temp name="T14"/></temps></instruction><instruction code="OR T39, T235, 0"><temps name="use"><temp name="T235"/></temps><temps name="def"><temp name="T39"/></temps><temps name="in"><temp name="T38"/><temp name="T235"/><temp name="T14"/></temps><temps name="out"><temp name="T39"/><temp name="T38"/><temp name="T14"/></temps></instruction><instruction code="ADD T236, T38, T39"><temps name="use"><temp name="T38"/><temp name="T39"/></temps><temps name="def"><temp name="T236"/></temps><temps name="in"><temp name="T39"/><temp name="T38"/><temp name="T14"/></temps><temps name="out"><temp name="T236"/><temp name="T14"/></temps></instruction><instruction code="OR T40, T236, 0"><temps name="use"><temp name="T236"/></temps><temps name="def"><temp name="T40"/></temps><temps name="in"><temp name="T236"/><temp name="T14"/></temps><temps name="out"><temp name="T40"/><temp name="T14"/></temps></instruction><instruction code="OR T41, T40, 0"><temps name="use"><temp name="T40"/></temps><temps name="def"><temp name="T41"/></temps><temps name="in"><temp name="T40"/><temp name="T14"/></temps><temps name="out"><temp name="T41"/><temp name="T14"/></temps></instruction><instruction code="SETL  T238, 1"><temps name="use"/><temps name="def"><temp name="T238"/></temps><temps name="in"><temp name="T41"/><temp name="T14"/></temps><temps name="out"><temp name="T41"/><temp name="T14"/></temps></instruction><instruction code="INCML T238, 0"><temps name="use"/><temps name="def"><temp name="T238"/></temps><temps name="in"><temp name="T41"/><temp name="T14"/></temps><temps name="out"><temp name="T41"/><temp name="T14"/></temps></instruction><instruction code="INCMH T238, 0"><temps name="use"/><temps name="def"><temp name="T238"/></temps><temps name="in"><temp name="T41"/><temp name="T14"/></temps><temps name="out"><temp name="T41"/><temp name="T14"/></temps></instruction><instruction code="INCH  T238, 0"><temps name="use"/><temps name="def"><temp name="T238"/></temps><temps name="in"><temp name="T41"/><temp name="T14"/></temps><temps name="out"><temp name="T41"/><temp name="T238"/><temp name="T14"/></temps></instruction><instruction code="OR T42, T238, 0"><temps name="use"><temp name="T238"/></temps><temps name="def"><temp name="T42"/></temps><temps name="in"><temp name="T41"/><temp name="T238"/><temp name="T14"/></temps><temps name="out"><temp name="T41"/><temp name="T42"/><temp name="T14"/></temps></instruction><instruction code="ADD T239, T41, T42"><temps name="use"><temp name="T41"/><temp name="T42"/></temps><temps name="def"><temp name="T239"/></temps><temps name="in"><temp name="T41"/><temp name="T42"/><temp name="T14"/></temps><temps name="out"><temp name="T239"/><temp name="T14"/></temps></instruction><instruction code="OR T43, T239, 0"><temps name="use"><temp name="T239"/></temps><temps name="def"><temp name="T43"/></temps><temps name="in"><temp name="T239"/><temp name="T14"/></temps><temps name="out"><temp name="T43"/><temp name="T14"/></temps></instruction><instruction code="SETL  T242, 16"><temps name="use"/><temps name="def"><temp name="T242"/></temps><temps name="in"><temp name="T43"/><temp name="T14"/></temps><temps name="out"><temp name="T43"/><temp name="T14"/></temps></instruction><instruction code="INCML T242, 0"><temps name="use"/><temps name="def"><temp name="T242"/></temps><temps name="in"><temp name="T43"/><temp name="T14"/></temps><temps name="out"><temp name="T43"/><temp name="T14"/></temps></instruction><instruction code="INCMH T242, 0"><temps name="use"/><temps name="def"><temp name="T242"/></temps><temps name="in"><temp name="T43"/><temp name="T14"/></temps><temps name="out"><temp name="T43"/><temp name="T14"/></temps></instruction><instruction code="INCH  T242, 0"><temps name="use"/><temps name="def"><temp name="T242"/></temps><temps name="in"><temp name="T43"/><temp name="T14"/></temps><temps name="out"><temp name="T242"/><temp name="T43"/><temp name="T14"/></temps></instruction><instruction code="NEG T242, 0, T242"><temps name="use"><temp name="T242"/></temps><temps name="def"><temp name="T242"/></temps><temps name="in"><temp name="T242"/><temp name="T43"/><temp name="T14"/></temps><temps name="out"><temp name="T242"/><temp name="T43"/><temp name="T14"/></temps></instruction><instruction code="ADD T243, T14, T242"><temps name="use"><temp name="T14"/><temp name="T242"/></temps><temps name="def"><temp name="T243"/></temps><temps name="in"><temp name="T242"/><temp name="T43"/><temp name="T14"/></temps><temps name="out"><temp name="T43"/><temp name="T243"/><temp name="T14"/></temps></instruction><instruction code="STO T243, T43, 0"><temps name="use"><temp name="T243"/><temp name="T43"/></temps><temps name="def"/><temps name="in"><temp name="T43"/><temp name="T243"/><temp name="T14"/></temps><temps name="out"><temp name="T14"/></temps></instruction><instruction code="OR T44, T14, 0"><temps name="use"><temp name="T14"/></temps><temps name="def"><temp name="T44"/></temps><temps name="in"><temp name="T14"/></temps><temps name="out"><temp name="T44"/></temps></instruction><instruction code="SETL  T245, 80"><temps name="use"/><temps name="def"><temp name="T245"/></temps><temps name="in"><temp name="T44"/></temps><temps name="out"><temp name="T44"/></temps></instruction><instruction code="INCML T245, 0"><temps name="use"/><temps name="def"><temp name="T245"/></temps><temps name="in"><temp name="T44"/></temps><temps name="out"><temp name="T44"/></temps></instruction><instruction code="INCMH T245, 0"><temps name="use"/><temps name="def"><temp name="T245"/></temps><temps name="in"><temp name="T44"/></temps><temps name="out"><temp name="T44"/></temps></instruction><instruction code="INCH  T245, 0"><temps name="use"/><temps name="def"><temp name="T245"/></temps><temps name="in"><temp name="T44"/></temps><temps name="out"><temp name="T245"/><temp name="T44"/></temps></instruction><instruction code="NEG T245, 0, T245"><temps name="use"><temp name="T245"/></temps><temps name="def"><temp name="T245"/></temps><temps name="in"><temp name="T245"/><temp name="T44"/></temps><temps name="out"><temp name="T245"/><temp name="T44"/></temps></instruction><instruction code="OR T45, T245, 0"><temps name="use"><temp name="T245"/></temps><temps name="def"><temp name="T45"/></temps><temps name="in"><temp name="T245"/><temp name="T44"/></temps><temps name="out"><temp name="T45"/><temp name="T44"/></temps></instruction><instruction code="ADD T246, T44, T45"><temps name="use"><temp name="T44"/><temp name="T45"/></temps><temps name="def"><temp name="T246"/></temps><temps name="in"><temp name="T45"/><temp name="T44"/></temps><temps name="out"><temp name="T246"/></temps></instruction><instruction code="OR T46, T246, 0"><temps name="use"><temp name="T246"/></temps><temps name="def"><temp name="T46"/></temps><temps name="in"><temp name="T246"/></temps><temps name="out"><temp name="T46"/></temps></instruction><instruction code="SETL  T247, 17"><temps name="use"/><temps name="def"><temp name="T247"/></temps><temps name="in"><temp name="T46"/></temps><temps name="out"><temp name="T46"/></temps></instruction><instruction code="INCML T247, 0"><temps name="use"/><temps name="def"><temp name="T247"/></temps><temps name="in"><temp name="T46"/></temps><temps name="out"><temp name="T46"/></temps></instruction><instruction code="INCMH T247, 0"><temps name="use"/><temps name="def"><temp name="T247"/></temps><temps name="in"><temp name="T46"/></temps><temps name="out"><temp name="T46"/></temps></instruction><instruction code="INCH  T247, 0"><temps name="use"/><temps name="def"><temp name="T247"/></temps><temps name="in"><temp name="T46"/></temps><temps name="out"><temp name="T46"/><temp name="T247"/></temps></instruction><instruction code="OR T47, T247, 0"><temps name="use"><temp name="T247"/></temps><temps name="def"><temp name="T47"/></temps><temps name="in"><temp name="T46"/><temp name="T247"/></temps><temps name="out"><temp name="T47"/><temp name="T46"/></temps></instruction><instruction code="SETL  T248, 8"><temps name="use"/><temps name="def"><temp name="T248"/></temps><temps name="in"><temp name="T47"/><temp name="T46"/></temps><temps name="out"><temp name="T47"/><temp name="T46"/></temps></instruction><instruction code="INCML T248, 0"><temps name="use"/><temps name="def"><temp name="T248"/></temps><temps name="in"><temp name="T47"/><temp name="T46"/></temps><temps name="out"><temp name="T47"/><temp name="T46"/></temps></instruction><instruction code="INCMH T248, 0"><temps name="use"/><temps name="def"><temp name="T248"/></temps><temps name="in"><temp name="T47"/><temp name="T46"/></temps><temps name="out"><temp name="T47"/><temp name="T46"/></temps></instruction><instruction code="INCH  T248, 0"><temps name="use"/><temps name="def"><temp name="T248"/></temps><temps name="in"><temp name="T47"/><temp name="T46"/></temps><temps name="out"><temp name="T248"/><temp name="T47"/><temp name="T46"/></temps></instruction><instruction code="OR T48, T248, 0"><temps name="use"><temp name="T248"/></temps><temps name="def"><temp name="T48"/></temps><temps name="in"><temp name="T248"/><temp name="T47"/><temp name="T46"/></temps><temps name="out"><temp name="T47"/><temp name="T46"/><temp name="T48"/></temps></instruction><instruction code="MUL T249, T47, T48"><temps name="use"><temp name="T47"/><temp name="T48"/></temps><temps name="def"><temp name="T249"/></temps><temps name="in"><temp name="T47"/><temp name="T46"/><temp name="T48"/></temps><temps name="out"><temp name="T249"/><temp name="T46"/></temps></instruction><instruction code="OR T49, T249, 0"><temps name="use"><temp name="T249"/></temps><temps name="def"><temp name="T49"/></temps><temps name="in"><temp name="T249"/><temp name="T46"/></temps><temps name="out"><temp name="T46"/><temp name="T49"/></temps></instruction><instruction code="ADD T250, T46, T49"><temps name="use"><temp name="T46"/><temp name="T49"/></temps><temps name="def"><temp name="T250"/></temps><temps name="in"><temp name="T46"/><temp name="T49"/></temps><temps name="out"><temp name="T250"/></temps></instruction><instruction code="OR T50, T250, 0"><temps name="use"><temp name="T250"/></temps><temps name="def"><temp name="T50"/></temps><temps name="in"><temp name="T250"/></temps><temps name="out"><temp name="T50"/></temps></instruction><instruction code="OR T51, T50, 0"><temps name="use"><temp name="T50"/></temps><temps name="def"><temp name="T51"/></temps><temps name="in"><temp name="T50"/></temps><temps name="out"><temp name="T51"/></temps></instruction><instruction code="OR T15, T51, 0"><temps name="use"><temp name="T51"/></temps><temps name="def"><temp name="T15"/></temps><temps name="in"><temp name="T51"/></temps><temps name="out"/></instruction><instruction code="LDA T252, L24"><temps name="use"/><temps name="def"><temp name="T252"/></temps><temps name="in"/><temps name="out"><temp name="T252"/></temps></instruction><instruction code="GO T252, T252, 0"><temps name="use"><temp name="T252"/></temps><temps name="def"><temp name="T252"/></temps><temps name="in"><temp name="T252"/></temps><temps name="out"/></instruction></instructions></code><code entrylabel="L25" exitlabel="L26" tempsize="0"><frame FP="T16" RV="T17" argssize="0" depth="3" label="L2" locssize="0" size="16"/><instructions><instruction code="L25"><temps name="use"/><temps name="def"/><temps name="in"/><temps name="out"/></instruction><instruction code="SETL  T253, 1"><temps name="use"/><temps name="def"><temp name="T253"/></temps><temps name="in"/><temps name="out"/></instruction><instruction code="INCML T253, 0"><temps name="use"/><temps name="def"><temp name="T253"/></temps><temps name="in"/><temps name="out"/></instruction><instruction code="INCMH T253, 0"><temps name="use"/><temps name="def"><temp name="T253"/></temps><temps name="in"/><temps name="out"/></instruction><instruction code="INCH  T253, 0"><temps name="use"/><temps name="def"><temp name="T253"/></temps><temps name="in"/><temps name="out"><temp name="T253"/></temps></instruction><instruction code="OR T17, T253, 0"><temps name="use"><temp name="T253"/></temps><temps name="def"><temp name="T17"/></temps><temps name="in"><temp name="T253"/></temps><temps name="out"/></instruction><instruction code="LDA T254, L26"><temps name="use"/><temps name="def"><temp name="T254"/></temps><temps name="in"/><temps name="out"><temp name="T254"/></temps></instruction><instruction code="GO T254, T254, 0"><temps name="use"><temp name="T254"/></temps><temps name="def"><temp name="T254"/></temps><temps name="in"><temp name="T254"/></temps><temps name="out"/></instruction></instructions></code><code entrylabel="L27" exitlabel="L28" tempsize="0"><frame FP="T12" RV="T13" argssize="32" depth="2" label="L0" locssize="16" size="64"/><instructions><instruction code="L27"><temps name="use"/><temps name="def"/><temps name="in"><temp name="T12"/></temps><temps name="out"><temp name="T12"/></temps></instruction><instruction code="SETL  T255, 0"><temps name="use"/><temps name="def"><temp name="T255"/></temps><temps name="in"><temp name="T12"/></temps><temps name="out"><temp name="T12"/></temps></instruction><instruction code="INCML T255, 0"><temps name="use"/><temps name="def"><temp name="T255"/></temps><temps name="in"><temp name="T12"/></temps><temps name="out"><temp name="T12"/></temps></instruction><instruction code="INCMH T255, 0"><temps name="use"/><temps name="def"><temp name="T255"/></temps><temps name="in"><temp name="T12"/></temps><temps name="out"><temp name="T12"/></temps></instruction><instruction code="INCH  T255, 0"><temps name="use"/><temps name="def"><temp name="T255"/></temps><temps name="in"><temp name="T12"/></temps><temps name="out"><temp name="T255"/><temp name="T12"/></temps></instruction><instruction code="OR T52, T255, 0"><temps name="use"><temp name="T255"/></temps><temps name="def"><temp name="T52"/></temps><temps name="in"><temp name="T255"/><temp name="T12"/></temps><temps name="out"><temp name="T52"/><temp name="T12"/></temps></instruction><instruction code="SETL  T256, 1"><temps name="use"/><temps name="def"><temp name="T256"/></temps><temps name="in"><temp name="T52"/><temp name="T12"/></temps><temps name="out"><temp name="T52"/><temp name="T12"/></temps></instruction><instruction code="INCML T256, 0"><temps name="use"/><temps name="def"><temp name="T256"/></temps><temps name="in"><temp name="T52"/><temp name="T12"/></temps><temps name="out"><temp name="T52"/><temp name="T12"/></temps></instruction><instruction code="INCMH T256, 0"><temps name="use"/><temps name="def"><temp name="T256"/></temps><temps name="in"><temp name="T52"/><temp name="T12"/></temps><temps name="out"><temp name="T52"/><temp name="T12"/></temps></instruction><instruction code="INCH  T256, 0"><temps name="use"/><temps name="def"><temp name="T256"/></temps><temps name="in"><temp name="T52"/><temp name="T12"/></temps><temps name="out"><temp name="T52"/><temp name="T12"/><temp name="T256"/></temps></instruction><instruction code="OR T53, T256, 0"><temps name="use"><temp name="T256"/></temps><temps name="def"><temp name="T53"/></temps><temps name="in"><temp name="T52"/><temp name="T12"/><temp name="T256"/></temps><temps name="out"><temp name="T52"/><temp name="T53"/><temp name="T12"/></temps></instruction><instruction code="LDA T257, _global"><temps name="use"/><temps name="def"><temp name="T257"/></temps><temps name="in"><temp name="T52"/><temp name="T53"/><temp name="T12"/></temps><temps name="out"><temp name="T52"/><temp name="T53"/><temp name="T12"/><temp name="T257"/></temps></instruction><instruction code="OR T54, T257, 0"><temps name="use"><temp name="T257"/></temps><temps name="def"><temp name="T54"/></temps><temps name="in"><temp name="T52"/><temp name="T53"/><temp name="T12"/><temp name="T257"/></temps><temps name="out"><temp name="T52"/><temp name="T53"/><temp name="T12"/><temp name="T54"/></temps></instruction><instruction code="SETL  T258, 8"><temps name="use"/><temps name="def"><temp name="T258"/></temps><temps name="in"><temp name="T52"/><temp name="T53"/><temp name="T12"/><temp name="T54"/></temps><temps name="out"><temp name="T52"/><temp name="T53"/><temp name="T12"/><temp name="T54"/></temps></instruction><instruction code="INCML T258, 0"><temps name="use"/><temps name="def"><temp name="T258"/></temps><temps name="in"><temp name="T52"/><temp name="T53"/><temp name="T12"/><temp name="T54"/></temps><temps name="out"><temp name="T52"/><temp name="T53"/><temp name="T12"/><temp name="T54"/></temps></instruction><instruction code="INCMH T258, 0"><temps name="use"/><temps name="def"><temp name="T258"/></temps><temps name="in"><temp name="T52"/><temp name="T53"/><temp name="T12"/><temp name="T54"/></temps><temps name="out"><temp name="T52"/><temp name="T53"/><temp name="T12"/><temp name="T54"/></temps></instruction><instruction code="INCH  T258, 0"><temps name="use"/><temps name="def"><temp name="T258"/></temps><temps name="in"><temp name="T52"/><temp name="T53"/><temp name="T12"/><temp name="T54"/></temps><temps name="out"><temp name="T258"/><temp name="T52"/><temp name="T53"/><temp name="T12"/><temp name="T54"/></temps></instruction><instruction code="OR T55, T258, 0"><temps name="use"><temp name="T258"/></temps><temps name="def"><temp name="T55"/></temps><temps name="in"><temp name="T258"/><temp name="T52"/><temp name="T53"/><temp name="T12"/><temp name="T54"/></temps><temps name="out"><temp name="T52"/><temp name="T53"/><temp name="T12"/><temp name="T54"/><temp name="T55"/></temps></instruction><instruction code="ADD T259, T54, T55"><temps name="use"><temp name="T54"/><temp name="T55"/></temps><temps name="def"><temp name="T259"/></temps><temps name="in"><temp name="T52"/><temp name="T53"/><temp name="T12"/><temp name="T54"/><temp name="T55"/></temps><temps name="out"><temp name="T259"/><temp name="T52"/><temp name="T53"/><temp name="T12"/></temps></instruction><instruction code="OR T56, T259, 0"><temps name="use"><temp name="T259"/></temps><temps name="def"><temp name="T56"/></temps><temps name="in"><temp name="T259"/><temp name="T52"/><temp name="T53"/><temp name="T12"/></temps><temps name="out"><temp name="T52"/><temp name="T53"/><temp name="T12"/><temp name="T56"/></temps></instruction><instruction code="OR T57, T56, 0"><temps name="use"><temp name="T56"/></temps><temps name="def"><temp name="T57"/></temps><temps name="in"><temp name="T52"/><temp name="T53"/><temp name="T12"/><temp name="T56"/></temps><temps name="out"><temp name="T52"/><temp name="T53"/><temp name="T12"/><temp name="T57"/></temps></instruction><instruction code="SETL  T261, 1"><temps name="use"/><temps name="def"><temp name="T261"/></temps><temps name="in"><temp name="T52"/><temp name="T53"/><temp name="T12"/><temp name="T57"/></temps><temps name="out"><temp name="T52"/><temp name="T53"/><temp name="T12"/><temp name="T57"/></temps></instruction><instruction code="INCML T261, 0"><temps name="use"/><temps name="def"><temp name="T261"/></temps><temps name="in"><temp name="T52"/><temp name="T53"/><temp name="T12"/><temp name="T57"/></temps><temps name="out"><temp name="T52"/><temp name="T53"/><temp name="T12"/><temp name="T57"/></temps></instruction><instruction code="INCMH T261, 0"><temps name="use"/><temps name="def"><temp name="T261"/></temps><temps name="in"><temp name="T52"/><temp name="T53"/><temp name="T12"/><temp name="T57"/></temps><temps name="out"><temp name="T52"/><temp name="T53"/><temp name="T12"/><temp name="T57"/></temps></instruction><instruction code="INCH  T261, 0"><temps name="use"/><temps name="def"><temp name="T261"/></temps><temps name="in"><temp name="T52"/><temp name="T53"/><temp name="T12"/><temp name="T57"/></temps><temps name="out"><temp name="T52"/><temp name="T53"/><temp name="T12"/><temp name="T57"/><temp name="T261"/></temps></instruction><instruction code="OR T58, T261, 0"><temps name="use"><temp name="T261"/></temps><temps name="def"><temp name="T58"/></temps><temps name="in"><temp name="T52"/><temp name="T53"/><temp name="T12"/><temp name="T57"/><temp name="T261"/></temps><temps name="out"><temp name="T52"/><temp name="T53"/><temp name="T12"/><temp name="T57"/><temp name="T58"/></temps></instruction><instruction code="STO T52, $254, 8"><temps name="use"><temp name="T52"/></temps><temps name="def"/><temps name="in"><temp name="T52"/><temp name="T53"/><temp name="T12"/><temp name="T57"/><temp name="T58"/></temps><temps name="out"><temp name="T53"/><temp name="T12"/><temp name="T57"/><temp name="T58"/></temps></instruction><instruction code="STO T53, $254, 16"><temps name="use"><temp name="T53"/></temps><temps name="def"/><temps name="in"><temp name="T53"/><temp name="T12"/><temp name="T57"/><temp name="T58"/></temps><temps name="out"><temp name="T12"/><temp name="T57"/><temp name="T58"/></temps></instruction><instruction code="STO T57, $254, 24"><temps name="use"><temp name="T57"/></temps><temps name="def"/><temps name="in"><temp name="T12"/><temp name="T57"/><temp name="T58"/></temps><temps name="out"><temp name="T12"/><temp name="T58"/></temps></instruction><instruction code="STO T58, $254, 32"><temps name="use"><temp name="T58"/></temps><temps name="def"/><temps name="in"><temp name="T12"/><temp name="T58"/></temps><temps name="out"><temp name="T12"/></temps></instruction><instruction code="LDA T262, _h"><temps name="use"/><temps name="def"><temp name="T262"/></temps><temps name="in"><temp name="T12"/></temps><temps name="out"><temp name="T12"/><temp name="T262"/></temps></instruction><instruction code="PUSHJ $16, T262, 0"><temps name="use"><temp name="T262"/></temps><temps name="def"/><temps name="in"><temp name="T12"/><temp name="T262"/></temps><temps name="out"><temp name="T12"/></temps></instruction><instruction code="LDO T263, $254, 0"><temps name="use"/><temps name="def"><temp name="T263"/></temps><temps name="in"><temp name="T12"/></temps><temps name="out"><temp name="T12"/><temp name="T263"/></temps></instruction><instruction code="OR T59, T263, 0"><temps name="use"><temp name="T263"/></temps><temps name="def"><temp name="T59"/></temps><temps name="in"><temp name="T12"/><temp name="T263"/></temps><temps name="out"><temp name="T12"/></temps></instruction><instruction code="OR T60, T12, 0"><temps name="use"><temp name="T12"/></temps><temps name="def"><temp name="T60"/></temps><temps name="in"><temp name="T12"/></temps><temps name="out"><temp name="T60"/></temps></instruction><instruction code="SETL  T264, 8"><temps name="use"/><temps name="def"><temp name="T264"/></temps><temps name="in"><temp name="T60"/></temps><temps name="out"><temp name="T60"/></temps></instruction><instruction code="INCML T264, 0"><temps name="use"/><temps name="def"><temp name="T264"/></temps><temps name="in"><temp name="T60"/></temps><temps name="out"><temp name="T60"/></temps></instruction><instruction code="INCMH T264, 0"><temps name="use"/><temps name="def"><temp name="T264"/></temps><temps name="in"><temp name="T60"/></temps><temps name="out"><temp name="T60"/></temps></instruction><instruction code="INCH  T264, 0"><temps name="use"/><temps name="def"><temp name="T264"/></temps><temps name="in"><temp name="T60"/></temps><temps name="out"><temp name="T60"/><temp name="T264"/></temps></instruction><instruction code="NEG T264, 0, T264"><temps name="use"><temp name="T264"/></temps><temps name="def"><temp name="T264"/></temps><temps name="in"><temp name="T60"/><temp name="T264"/></temps><temps name="out"><temp name="T60"/><temp name="T264"/></temps></instruction><instruction code="OR T61, T264, 0"><temps name="use"><temp name="T264"/></temps><temps name="def"><temp name="T61"/></temps><temps name="in"><temp name="T60"/><temp name="T264"/></temps><temps name="out"><temp name="T60"/><temp name="T61"/></temps></instruction><instruction code="ADD T265, T60, T61"><temps name="use"><temp name="T60"/><temp name="T61"/></temps><temps name="def"><temp name="T265"/></temps><temps name="in"><temp name="T60"/><temp name="T61"/></temps><temps name="out"><temp name="T265"/></temps></instruction><instruction code="OR T62, T265, 0"><temps name="use"><temp name="T265"/></temps><temps name="def"><temp name="T62"/></temps><temps name="in"><temp name="T265"/></temps><temps name="out"><temp name="T62"/></temps></instruction><instruction code="OR T63, T62, 0"><temps name="use"><temp name="T62"/></temps><temps name="def"><temp name="T63"/></temps><temps name="in"><temp name="T62"/></temps><temps name="out"><temp name="T63"/></temps></instruction><instruction code="OR T13, T63, 0"><temps name="use"><temp name="T63"/></temps><temps name="def"><temp name="T13"/></temps><temps name="in"><temp name="T63"/></temps><temps name="out"/></instruction><instruction code="LDA T267, L28"><temps name="use"/><temps name="def"><temp name="T267"/></temps><temps name="in"/><temps name="out"><temp name="T267"/></temps></instruction><instruction code="GO T267, T267, 0"><temps name="use"><temp name="T267"/></temps><temps name="def"><temp name="T267"/></temps><temps name="in"><temp name="T267"/></temps><temps name="out"/></instruction></instructions></code><code entrylabel="L29" exitlabel="L30" tempsize="0"><frame FP="T18" RV="T19" argssize="24" depth="2" label="L3" locssize="16" size="56"/><instructions><instruction code="L29"><temps name="use"/><temps name="def"/><temps name="in"><temp name="T18"/></temps><temps name="out"><temp name="T18"/></temps></instruction><instruction code="OR T64, T18, 0"><temps name="use"><temp name="T18"/></temps><temps name="def"><temp name="T64"/></temps><temps name="in"><temp name="T18"/></temps><temps name="out"><temp name="T64"/><temp name="T18"/></temps></instruction><instruction code="OR T65, T18, 0"><temps name="use"><temp name="T18"/></temps><temps name="def"><temp name="T65"/></temps><temps name="in"><temp name="T64"/><temp name="T18"/></temps><temps name="out"><temp name="T65"/><temp name="T64"/><temp name="T18"/></temps></instruction><instruction code="SETL  T269, 8"><temps name="use"/><temps name="def"><temp name="T269"/></temps><temps name="in"><temp name="T65"/><temp name="T64"/><temp name="T18"/></temps><temps name="out"><temp name="T65"/><temp name="T64"/><temp name="T18"/></temps></instruction><instruction code="INCML T269, 0"><temps name="use"/><temps name="def"><temp name="T269"/></temps><temps name="in"><temp name="T65"/><temp name="T64"/><temp name="T18"/></temps><temps name="out"><temp name="T65"/><temp name="T64"/><temp name="T18"/></temps></instruction><instruction code="INCMH T269, 0"><temps name="use"/><temps name="def"><temp name="T269"/></temps><temps name="in"><temp name="T65"/><temp name="T64"/><temp name="T18"/></temps><temps name="out"><temp name="T65"/><temp name="T64"/><temp name="T18"/></temps></instruction><instruction code="INCH  T269, 0"><temps name="use"/><temps name="def"><temp name="T269"/></temps><temps name="in"><temp name="T65"/><temp name="T64"/><temp name="T18"/></temps><temps name="out"><temp name="T65"/><temp name="T269"/><temp name="T64"/><temp name="T18"/></temps></instruction><instruction code="NEG T269, 0, T269"><temps name="use"><temp name="T269"/></temps><temps name="def"><temp name="T269"/></temps><temps name="in"><temp name="T65"/><temp name="T269"/><temp name="T64"/><temp name="T18"/></temps><temps name="out"><temp name="T65"/><temp name="T269"/><temp name="T64"/><temp name="T18"/></temps></instruction><instruction code="OR T66, T269, 0"><temps name="use"><temp name="T269"/></temps><temps name="def"><temp name="T66"/></temps><temps name="in"><temp name="T65"/><temp name="T269"/><temp name="T64"/><temp name="T18"/></temps><temps name="out"><temp name="T65"/><temp name="T66"/><temp name="T64"/><temp name="T18"/></temps></instruction><instruction code="ADD T270, T65, T66"><temps name="use"><temp name="T65"/><temp name="T66"/></temps><temps name="def"><temp name="T270"/></temps><temps name="in"><temp name="T65"/><temp name="T66"/><temp name="T64"/><temp name="T18"/></temps><temps name="out"><temp name="T270"/><temp name="T64"/><temp name="T18"/></temps></instruction><instruction code="OR T67, T270, 0"><temps name="use"><temp name="T270"/></temps><temps name="def"><temp name="T67"/></temps><temps name="in"><temp name="T270"/><temp name="T64"/><temp name="T18"/></temps><temps name="out"><temp name="T67"/><temp name="T64"/><temp name="T18"/></temps></instruction><instruction code="OR T68, T67, 0"><temps name="use"><temp name="T67"/></temps><temps name="def"><temp name="T68"/></temps><temps name="in"><temp name="T67"/><temp name="T64"/><temp name="T18"/></temps><temps name="out"><temp name="T68"/><temp name="T64"/><temp name="T18"/></temps></instruction><instruction code="OR T69, T18, 0"><temps name="use"><temp name="T18"/></temps><temps name="def"><temp name="T69"/></temps><temps name="in"><temp name="T68"/><temp name="T64"/><temp name="T18"/></temps><temps name="out"><temp name="T69"/><temp name="T68"/><temp name="T64"/><temp name="T18"/></temps></instruction><instruction code="SETL  T273, 1"><temps name="use"/><temps name="def"><temp name="T273"/></temps><temps name="in"><temp name="T69"/><temp name="T68"/><temp name="T64"/><temp name="T18"/></temps><temps name="out"><temp name="T69"/><temp name="T68"/><temp name="T64"/><temp name="T18"/></temps></instruction><instruction code="INCML T273, 0"><temps name="use"/><temps name="def"><temp name="T273"/></temps><temps name="in"><temp name="T69"/><temp name="T68"/><temp name="T64"/><temp name="T18"/></temps><temps name="out"><temp name="T69"/><temp name="T68"/><temp name="T64"/><temp name="T18"/></temps></instruction><instruction code="INCMH T273, 0"><temps name="use"/><temps name="def"><temp name="T273"/></temps><temps name="in"><temp name="T69"/><temp name="T68"/><temp name="T64"/><temp name="T18"/></temps><temps name="out"><temp name="T69"/><temp name="T68"/><temp name="T64"/><temp name="T18"/></temps></instruction><instruction code="INCH  T273, 0"><temps name="use"/><temps name="def"><temp name="T273"/></temps><temps name="in"><temp name="T69"/><temp name="T68"/><temp name="T64"/><temp name="T18"/></temps><temps name="out"><temp name="T273"/><temp name="T69"/><temp name="T68"/><temp name="T64"/><temp name="T18"/></temps></instruction><instruction code="OR T70, T273, 0"><temps name="use"><temp name="T273"/></temps><temps name="def"><temp name="T70"/></temps><temps name="in"><temp name="T273"/><temp name="T69"/><temp name="T68"/><temp name="T64"/><temp name="T18"/></temps><temps name="out"><temp name="T70"/><temp name="T69"/><temp name="T68"/><temp name="T64"/><temp name="T18"/></temps></instruction><instruction code="SETL  T274, 1"><temps name="use"/><temps name="def"><temp name="T274"/></temps><temps name="in"><temp name="T70"/><temp name="T69"/><temp name="T68"/><temp name="T64"/><temp name="T18"/></temps><temps name="out"><temp name="T70"/><temp name="T69"/><temp name="T68"/><temp name="T64"/><temp name="T18"/></temps></instruction><instruction code="INCML T274, 0"><temps name="use"/><temps name="def"><temp name="T274"/></temps><temps name="in"><temp name="T70"/><temp name="T69"/><temp name="T68"/><temp name="T64"/><temp name="T18"/></temps><temps name="out"><temp name="T70"/><temp name="T69"/><temp name="T68"/><temp name="T64"/><temp name="T18"/></temps></instruction><instruction code="INCMH T274, 0"><temps name="use"/><temps name="def"><temp name="T274"/></temps><temps name="in"><temp name="T70"/><temp name="T69"/><temp name="T68"/><temp name="T64"/><temp name="T18"/></temps><temps name="out"><temp name="T70"/><temp name="T69"/><temp name="T68"/><temp name="T64"/><temp name="T18"/></temps></instruction><instruction code="INCH  T274, 0"><temps name="use"/><temps name="def"><temp name="T274"/></temps><temps name="in"><temp name="T70"/><temp name="T69"/><temp name="T68"/><temp name="T64"/><temp name="T18"/></temps><temps name="out"><temp name="T274"/><temp name="T70"/><temp name="T69"/><temp name="T68"/><temp name="T64"/><temp name="T18"/></temps></instruction><instruction code="OR T71, T274, 0"><temps name="use"><temp name="T274"/></temps><temps name="def"><temp name="T71"/></temps><temps name="in"><temp name="T274"/><temp name="T70"/><temp name="T69"/><temp name="T68"/><temp name="T64"/><temp name="T18"/></temps><temps name="out"><temp name="T70"/><temp name="T71"/><temp name="T69"/><temp name="T68"/><temp name="T64"/><temp name="T18"/></temps></instruction><instruction code="STO T69, $254, 8"><temps name="use"><temp name="T69"/></temps><temps name="def"/><temps name="in"><temp name="T70"/><temp name="T71"/><temp name="T69"/><temp name="T68"/><temp name="T64"/><temp name="T18"/></temps><temps name="out"><temp name="T70"/><temp name="T71"/><temp name="T68"/><temp name="T64"/><temp name="T18"/></temps></instruction><instruction code="STO T70, $254, 16"><temps name="use"><temp name="T70"/></temps><temps name="def"/><temps name="in"><temp name="T70"/><temp name="T71"/><temp name="T68"/><temp name="T64"/><temp name="T18"/></temps><temps name="out"><temp name="T71"/><temp name="T68"/><temp name="T64"/><temp name="T18"/></temps></instruction><instruction code="STO T71, $254, 24"><temps name="use"><temp name="T71"/></temps><temps name="def"/><temps name="in"><temp name="T71"/><temp name="T68"/><temp name="T64"/><temp name="T18"/></temps><temps name="out"><temp name="T68"/><temp name="T64"/><temp name="T18"/></temps></instruction><instruction code="LDA T275, L0"><temps name="use"/><temps name="def"><temp name="T275"/></temps><temps name="in"><temp name="T68"/><temp name="T64"/><temp name="T18"/></temps><temps name="out"><temp name="T275"/><temp name="T68"/><temp name="T64"/><temp name="T18"/></temps></instruction><instruction code="PUSHJ $16, T275, 0"><temps name="use"><temp name="T275"/></temps><temps name="def"/><temps name="in"><temp name="T275"/><temp name="T68"/><temp name="T64"/><temp name="T18"/></temps><temps name="out"><temp name="T68"/><temp name="T64"/><temp name="T18"/></temps></instruction><instruction code="LDO T276, $254, 0"><temps name="use"/><temps name="def"><temp name="T276"/></temps><temps name="in"><temp name="T68"/><temp name="T64"/><temp name="T18"/></temps><temps name="out"><temp name="T276"/><temp name="T68"/><temp name="T64"/><temp name="T18"/></temps></instruction><instruction code="OR T72, T276, 0"><temps name="use"><temp name="T276"/></temps><temps name="def"><temp name="T72"/></temps><temps name="in"><temp name="T276"/><temp name="T68"/><temp name="T64"/><temp name="T18"/></temps><temps name="out"><temp name="T72"/><temp name="T68"/><temp name="T64"/><temp name="T18"/></temps></instruction><instruction code="STO T64, $254, 8"><temps name="use"><temp name="T64"/></temps><temps name="def"/><temps name="in"><temp name="T72"/><temp name="T68"/><temp name="T64"/><temp name="T18"/></temps><temps name="out"><temp name="T72"/><temp name="T68"/><temp name="T18"/></temps></instruction><instruction code="STO T68, $254, 16"><temps name="use"><temp name="T68"/></temps><temps name="def"/><temps name="in"><temp name="T72"/><temp name="T68"/><temp name="T18"/></temps><temps name="out"><temp name="T72"/><temp name="T18"/></temps></instruction><instruction code="STO T72, $254, 24"><temps name="use"><temp name="T72"/></temps><temps name="def"/><temps name="in"><temp name="T72"/><temp name="T18"/></temps><temps name="out"><temp name="T18"/></temps></instruction><instruction code="LDA T277, L0"><temps name="use"/><temps name="def"><temp name="T277"/></temps><temps name="in"><temp name="T18"/></temps><temps name="out"><temp name="T277"/><temp name="T18"/></temps></instruction><instruction code="PUSHJ $16, T277, 0"><temps name="use"><temp name="T277"/></temps><temps name="def"/><temps name="in"><temp name="T277"/><temp name="T18"/></temps><temps name="out"><temp name="T18"/></temps></instruction><instruction code="LDO T278, $254, 0"><temps name="use"/><temps name="def"><temp name="T278"/></temps><temps name="in"><temp name="T18"/></temps><temps name="out"><temp name="T278"/><temp name="T18"/></temps></instruction><instruction code="OR T73, T278, 0"><temps name="use"><temp name="T278"/></temps><temps name="def"><temp name="T73"/></temps><temps name="in"><temp name="T278"/><temp name="T18"/></temps><temps name="out"><temp name="T18"/></temps></instruction><instruction code="OR T74, T18, 0"><temps name="use"><temp name="T18"/></temps><temps name="def"><temp name="T74"/></temps><temps name="in"><temp name="T18"/></temps><temps name="out"><temp name="T74"/><temp name="T18"/></temps></instruction><instruction code="OR T75, T74, 0"><temps name="use"><temp name="T74"/></temps><temps name="def"><temp name="T75"/></temps><temps name="in"><temp name="T74"/><temp name="T18"/></temps><temps name="out"><temp name="T75"/><temp name="T18"/></temps></instruction><instruction code="SETL  T280, 8"><temps name="use"/><temps name="def"><temp name="T280"/></temps><temps name="in"><temp name="T75"/><temp name="T18"/></temps><temps name="out"><temp name="T75"/><temp name="T18"/></temps></instruction><instruction code="INCML T280, 0"><temps name="use"/><temps name="def"><temp name="T280"/></temps><temps name="in"><temp name="T75"/><temp name="T18"/></temps><temps name="out"><temp name="T75"/><temp name="T18"/></temps></instruction><instruction code="INCMH T280, 0"><temps name="use"/><temps name="def"><temp name="T280"/></temps><temps name="in"><temp name="T75"/><temp name="T18"/></temps><temps name="out"><temp name="T75"/><temp name="T18"/></temps></instruction><instruction code="INCH  T280, 0"><temps name="use"/><temps name="def"><temp name="T280"/></temps><temps name="in"><temp name="T75"/><temp name="T18"/></temps><temps name="out"><temp name="T75"/><temp name="T280"/><temp name="T18"/></temps></instruction><instruction code="OR T76, T280, 0"><temps name="use"><temp name="T280"/></temps><temps name="def"><temp name="T76"/></temps><temps name="in"><temp name="T75"/><temp name="T280"/><temp name="T18"/></temps><temps name="out"><temp name="T75"/><temp name="T76"/><temp name="T18"/></temps></instruction><instruction code="ADD T281, T75, T76"><temps name="use"><temp name="T75"/><temp name="T76"/></temps><temps name="def"><temp name="T281"/></temps><temps name="in"><temp name="T75"/><temp name="T76"/><temp name="T18"/></temps><temps name="out"><temp name="T281"/><temp name="T18"/></temps></instruction><instruction code="OR T77, T281, 0"><temps name="use"><temp name="T281"/></temps><temps name="def"><temp name="T77"/></temps><temps name="in"><temp name="T281"/><temp name="T18"/></temps><temps name="out"><temp name="T77"/><temp name="T18"/></temps></instruction><instruction code="OR T78, T77, 0"><temps name="use"><temp name="T77"/></temps><temps name="def"><temp name="T78"/></temps><temps name="in"><temp name="T77"/><temp name="T18"/></temps><temps name="out"><temp name="T18"/></temps></instruction><instruction code="OR T79, T18, 0"><temps name="use"><temp name="T18"/></temps><temps name="def"><temp name="T79"/></temps><temps name="in"><temp name="T18"/></temps><temps name="out"><temp name="T79"/></temps></instruction><instruction code="SETL  T283, 8"><temps name="use"/><temps name="def"><temp name="T283"/></temps><temps name="in"><temp name="T79"/></temps><temps name="out"><temp name="T79"/></temps></instruction><instruction code="INCML T283, 0"><temps name="use"/><temps name="def"><temp name="T283"/></temps><temps name="in"><temp name="T79"/></temps><temps name="out"><temp name="T79"/></temps></instruction><instruction code="INCMH T283, 0"><temps name="use"/><temps name="def"><temp name="T283"/></temps><temps name="in"><temp name="T79"/></temps><temps name="out"><temp name="T79"/></temps></instruction><instruction code="INCH  T283, 0"><temps name="use"/><temps name="def"><temp name="T283"/></temps><temps name="in"><temp name="T79"/></temps><temps name="out"><temp name="T283"/><temp name="T79"/></temps></instruction><instruction code="OR T80, T283, 0"><temps name="use"><temp name="T283"/></temps><temps name="def"><temp name="T80"/></temps><temps name="in"><temp name="T283"/><temp name="T79"/></temps><temps name="out"><temp name="T79"/><temp name="T80"/></temps></instruction><instruction code="ADD T284, T79, T80"><temps name="use"><temp name="T79"/><temp name="T80"/></temps><temps name="def"><temp name="T284"/></temps><temps name="in"><temp name="T79"/><temp name="T80"/></temps><temps name="out"><temp name="T284"/></temps></instruction><instruction code="OR T81, T284, 0"><temps name="use"><temp name="T284"/></temps><temps name="def"><temp name="T81"/></temps><temps name="in"><temp name="T284"/></temps><temps name="out"><temp name="T81"/></temps></instruction><instruction code="OR T82, T81, 0"><temps name="use"><temp name="T81"/></temps><temps name="def"><temp name="T82"/></temps><temps name="in"><temp name="T81"/></temps><temps name="out"/></instruction><instruction code="SETL  T286, 1"><temps name="use"/><temps name="def"><temp name="T286"/></temps><temps name="in"/><temps name="out"/></instruction><instruction code="INCML T286, 0"><temps name="use"/><temps name="def"><temp name="T286"/></temps><temps name="in"/><temps name="out"/></instruction><instruction code="INCMH T286, 0"><temps name="use"/><temps name="def"><temp name="T286"/></temps><temps name="in"/><temps name="out"/></instruction><instruction code="INCH  T286, 0"><temps name="use"/><temps name="def"><temp name="T286"/></temps><temps name="in"/><temps name="out"><temp name="T286"/></temps></instruction><instruction code="OR T83, T286, 0"><temps name="use"><temp name="T286"/></temps><temps name="def"><temp name="T83"/></temps><temps name="in"><temp name="T286"/></temps><temps name="out"><temp name="T83"/></temps></instruction><instruction code="NEG T287, 1, T83"><temps name="use"><temp name="T83"/></temps><temps name="def"><temp name="T287"/></temps><temps name="in"><temp name="T83"/></temps><temps name="out"><temp name="T287"/></temps></instruction><instruction code="OR T84, T287, 0"><temps name="use"><temp name="T287"/></temps><temps name="def"><temp name="T84"/></temps><temps name="in"><temp name="T287"/></temps><temps name="out"><temp name="T84"/></temps></instruction><instruction code="NEG T288, 1, T84"><temps name="use"><temp name="T84"/></temps><temps name="def"><temp name="T288"/></temps><temps name="in"><temp name="T84"/></temps><temps name="out"><temp name="T288"/></temps></instruction><instruction code="OR T85, T288, 0"><temps name="use"><temp name="T288"/></temps><temps name="def"><temp name="T85"/></temps><temps name="in"><temp name="T288"/></temps><temps name="out"><temp name="T85"/></temps></instruction><instruction code="OR T19, T85, 0"><temps name="use"><temp name="T85"/></temps><temps name="def"><temp name="T19"/></temps><temps name="in"><temp name="T85"/></temps><temps name="out"/></instruction><instruction code="LDA T289, L30"><temps name="use"/><temps name="def"><temp name="T289"/></temps><temps name="in"/><temps name="out"><temp name="T289"/></temps></instruction><instruction code="GO T289, T289, 0"><temps name="use"><temp name="T289"/></temps><temps name="def"><temp name="T289"/></temps><temps name="in"><temp name="T289"/></temps><temps name="out"/></instruction></instructions></code><code entrylabel="L36" exitlabel="L37" tempsize="0"><frame FP="T8" RV="T9" argssize="72" depth="1" label="_h" locssize="128" size="216"/><instructions><instruction code="L36"><temps name="use"/><temps name="def"/><temps name="in"><temp name="T8"/></temps><temps name="out"><temp name="T8"/></temps></instruction><instruction code="SETL  T290, 0"><temps name="use"/><temps name="def"><temp name="T290"/></temps><temps name="in"><temp name="T8"/></temps><temps name="out"><temp name="T8"/></temps></instruction><instruction code="INCML T290, 0"><temps name="use"/><temps name="def"><temp name="T290"/></temps><temps name="in"><temp name="T8"/></temps><temps name="out"><temp name="T8"/></temps></instruction><instruction code="INCMH T290, 0"><temps name="use"/><temps name="def"><temp name="T290"/></temps><temps name="in"><temp name="T8"/></temps><temps name="out"><temp name="T8"/></temps></instruction><instruction code="INCH  T290, 0"><temps name="use"/><temps name="def"><temp name="T290"/></temps><temps name="in"><temp name="T8"/></temps><temps name="out"><temp name="T290"/><temp name="T8"/></temps></instruction><instruction code="OR T86, T290, 0"><temps name="use"><temp name="T290"/></temps><temps name="def"><temp name="T86"/></temps><temps name="in"><temp name="T290"/><temp name="T8"/></temps><temps name="out"><temp name="T8"/><temp name="T86"/></temps></instruction><instruction code="STO T86, $254, 8"><temps name="use"><temp name="T86"/></temps><temps name="def"/><temps name="in"><temp name="T8"/><temp name="T86"/></temps><temps name="out"><temp name="T8"/></temps></instruction><instruction code="LDA T291, _x"><temps name="use"/><temps name="def"><temp name="T291"/></temps><temps name="in"><temp name="T8"/></temps><temps name="out"><temp name="T8"/><temp name="T291"/></temps></instruction><instruction code="PUSHJ $16, T291, 0"><temps name="use"><temp name="T291"/></temps><temps name="def"/><temps name="in"><temp name="T8"/><temp name="T291"/></temps><temps name="out"><temp name="T8"/></temps></instruction><instruction code="LDO T292, $254, 0"><temps name="use"/><temps name="def"><temp name="T292"/></temps><temps name="in"><temp name="T8"/></temps><temps name="out"><temp name="T8"/><temp name="T292"/></temps></instruction><instruction code="OR T87, T292, 0"><temps name="use"><temp name="T292"/></temps><temps name="def"><temp name="T87"/></temps><temps name="in"><temp name="T8"/><temp name="T292"/></temps><temps name="out"><temp name="T8"/></temps></instruction><instruction code="LDA T293, _ptt"><temps name="use"/><temps name="def"><temp name="T293"/></temps><temps name="in"><temp name="T8"/></temps><temps name="out"><temp name="T8"/><temp name="T293"/></temps></instruction><instruction code="OR T88, T293, 0"><temps name="use"><temp name="T293"/></temps><temps name="def"><temp name="T88"/></temps><temps name="in"><temp name="T8"/><temp name="T293"/></temps><temps name="out"><temp name="T8"/><temp name="T88"/></temps></instruction><instruction code="OR T89, T88, 0"><temps name="use"><temp name="T88"/></temps><temps name="def"><temp name="T89"/></temps><temps name="in"><temp name="T8"/><temp name="T88"/></temps><temps name="out"><temp name="T8"/><temp name="T89"/></temps></instruction><instruction code="SETL  T295, 3"><temps name="use"/><temps name="def"><temp name="T295"/></temps><temps name="in"><temp name="T8"/><temp name="T89"/></temps><temps name="out"><temp name="T8"/><temp name="T89"/></temps></instruction><instruction code="INCML T295, 0"><temps name="use"/><temps name="def"><temp name="T295"/></temps><temps name="in"><temp name="T8"/><temp name="T89"/></temps><temps name="out"><temp name="T8"/><temp name="T89"/></temps></instruction><instruction code="INCMH T295, 0"><temps name="use"/><temps name="def"><temp name="T295"/></temps><temps name="in"><temp name="T8"/><temp name="T89"/></temps><temps name="out"><temp name="T8"/><temp name="T89"/></temps></instruction><instruction code="INCH  T295, 0"><temps name="use"/><temps name="def"><temp name="T295"/></temps><temps name="in"><temp name="T8"/><temp name="T89"/></temps><temps name="out"><temp name="T8"/><temp name="T295"/><temp name="T89"/></temps></instruction><instruction code="OR T90, T295, 0"><temps name="use"><temp name="T295"/></temps><temps name="def"><temp name="T90"/></temps><temps name="in"><temp name="T8"/><temp name="T295"/><temp name="T89"/></temps><temps name="out"><temp name="T90"/><temp name="T8"/><temp name="T89"/></temps></instruction><instruction code="ADD T296, T89, T90"><temps name="use"><temp name="T89"/><temp name="T90"/></temps><temps name="def"><temp name="T296"/></temps><temps name="in"><temp name="T90"/><temp name="T8"/><temp name="T89"/></temps><temps name="out"><temp name="T296"/><temp name="T8"/></temps></instruction><instruction code="OR T91, T296, 0"><temps name="use"><temp name="T296"/></temps><temps name="def"><temp name="T91"/></temps><temps name="in"><temp name="T296"/><temp name="T8"/></temps><temps name="out"><temp name="T8"/><temp name="T91"/></temps></instruction><instruction code="SETL  T297, 16"><temps name="use"/><temps name="def"><temp name="T297"/></temps><temps name="in"><temp name="T8"/><temp name="T91"/></temps><temps name="out"><temp name="T8"/><temp name="T91"/></temps></instruction><instruction code="INCML T297, 0"><temps name="use"/><temps name="def"><temp name="T297"/></temps><temps name="in"><temp name="T8"/><temp name="T91"/></temps><temps name="out"><temp name="T8"/><temp name="T91"/></temps></instruction><instruction code="INCMH T297, 0"><temps name="use"/><temps name="def"><temp name="T297"/></temps><temps name="in"><temp name="T8"/><temp name="T91"/></temps><temps name="out"><temp name="T8"/><temp name="T91"/></temps></instruction><instruction code="INCH  T297, 0"><temps name="use"/><temps name="def"><temp name="T297"/></temps><temps name="in"><temp name="T8"/><temp name="T91"/></temps><temps name="out"><temp name="T297"/><temp name="T8"/><temp name="T91"/></temps></instruction><instruction code="NEG T297, 0, T297"><temps name="use"><temp name="T297"/></temps><temps name="def"><temp name="T297"/></temps><temps name="in"><temp name="T297"/><temp name="T8"/><temp name="T91"/></temps><temps name="out"><temp name="T297"/><temp name="T8"/><temp name="T91"/></temps></instruction><instruction code="ADD T298, T8, T297"><temps name="use"><temp name="T8"/><temp name="T297"/></temps><temps name="def"><temp name="T298"/></temps><temps name="in"><temp name="T297"/><temp name="T8"/><temp name="T91"/></temps><temps name="out"><temp name="T8"/><temp name="T298"/><temp name="T91"/></temps></instruction><instruction code="STO T298, T91, 0"><temps name="use"><temp name="T298"/><temp name="T91"/></temps><temps name="def"/><temps name="in"><temp name="T8"/><temp name="T298"/><temp name="T91"/></temps><temps name="out"><temp name="T8"/></temps></instruction><instruction code="OR T92, T8, 0"><temps name="use"><temp name="T8"/></temps><temps name="def"><temp name="T92"/></temps><temps name="in"><temp name="T8"/></temps><temps name="out"><temp name="T92"/><temp name="T8"/></temps></instruction><instruction code="SETL  T300, 3"><temps name="use"/><temps name="def"><temp name="T300"/></temps><temps name="in"><temp name="T92"/><temp name="T8"/></temps><temps name="out"><temp name="T92"/><temp name="T8"/></temps></instruction><instruction code="INCML T300, 0"><temps name="use"/><temps name="def"><temp name="T300"/></temps><temps name="in"><temp name="T92"/><temp name="T8"/></temps><temps name="out"><temp name="T92"/><temp name="T8"/></temps></instruction><instruction code="INCMH T300, 0"><temps name="use"/><temps name="def"><temp name="T300"/></temps><temps name="in"><temp name="T92"/><temp name="T8"/></temps><temps name="out"><temp name="T92"/><temp name="T8"/></temps></instruction><instruction code="INCH  T300, 0"><temps name="use"/><temps name="def"><temp name="T300"/></temps><temps name="in"><temp name="T92"/><temp name="T8"/></temps><temps name="out"><temp name="T300"/><temp name="T92"/><temp name="T8"/></temps></instruction><instruction code="OR T93, T300, 0"><temps name="use"><temp name="T300"/></temps><temps name="def"><temp name="T93"/></temps><temps name="in"><temp name="T300"/><temp name="T92"/><temp name="T8"/></temps><temps name="out"><temp name="T92"/><temp name="T8"/><temp name="T93"/></temps></instruction><instruction code="SETL  T301, 7"><temps name="use"/><temps name="def"><temp name="T301"/></temps><temps name="in"><temp name="T92"/><temp name="T8"/><temp name="T93"/></temps><temps name="out"><temp name="T92"/><temp name="T8"/><temp name="T93"/></temps></instruction><instruction code="INCML T301, 0"><temps name="use"/><temps name="def"><temp name="T301"/></temps><temps name="in"><temp name="T92"/><temp name="T8"/><temp name="T93"/></temps><temps name="out"><temp name="T92"/><temp name="T8"/><temp name="T93"/></temps></instruction><instruction code="INCMH T301, 0"><temps name="use"/><temps name="def"><temp name="T301"/></temps><temps name="in"><temp name="T92"/><temp name="T8"/><temp name="T93"/></temps><temps name="out"><temp name="T92"/><temp name="T8"/><temp name="T93"/></temps></instruction><instruction code="INCH  T301, 0"><temps name="use"/><temps name="def"><temp name="T301"/></temps><temps name="in"><temp name="T92"/><temp name="T8"/><temp name="T93"/></temps><temps name="out"><temp name="T92"/><temp name="T301"/><temp name="T8"/><temp name="T93"/></temps></instruction><instruction code="OR T94, T301, 0"><temps name="use"><temp name="T301"/></temps><temps name="def"><temp name="T94"/></temps><temps name="in"><temp name="T92"/><temp name="T301"/><temp name="T8"/><temp name="T93"/></temps><temps name="out"><temp name="T92"/><temp name="T94"/><temp name="T8"/><temp name="T93"/></temps></instruction><instruction code="ADD T302, T93, T94"><temps name="use"><temp name="T93"/><temp name="T94"/></temps><temps name="def"><temp name="T302"/></temps><temps name="in"><temp name="T92"/><temp name="T94"/><temp name="T8"/><temp name="T93"/></temps><temps name="out"><temp name="T92"/><temp name="T302"/><temp name="T8"/></temps></instruction><instruction code="OR T95, T302, 0"><temps name="use"><temp name="T302"/></temps><temps name="def"><temp name="T95"/></temps><temps name="in"><temp name="T92"/><temp name="T302"/><temp name="T8"/></temps><temps name="out"><temp name="T92"/><temp name="T8"/><temp name="T95"/></temps></instruction><instruction code="SETL  T303, 3"><temps name="use"/><temps name="def"><temp name="T303"/></temps><temps name="in"><temp name="T92"/><temp name="T8"/><temp name="T95"/></temps><temps name="out"><temp name="T92"/><temp name="T8"/><temp name="T95"/></temps></instruction><instruction code="INCML T303, 0"><temps name="use"/><temps name="def"><temp name="T303"/></temps><temps name="in"><temp name="T92"/><temp name="T8"/><temp name="T95"/></temps><temps name="out"><temp name="T92"/><temp name="T8"/><temp name="T95"/></temps></instruction><instruction code="INCMH T303, 0"><temps name="use"/><temps name="def"><temp name="T303"/></temps><temps name="in"><temp name="T92"/><temp name="T8"/><temp name="T95"/></temps><temps name="out"><temp name="T92"/><temp name="T8"/><temp name="T95"/></temps></instruction><instruction code="INCH  T303, 0"><temps name="use"/><temps name="def"><temp name="T303"/></temps><temps name="in"><temp name="T92"/><temp name="T8"/><temp name="T95"/></temps><temps name="out"><temp name="T92"/><temp name="T303"/><temp name="T8"/><temp name="T95"/></temps></instruction><instruction code="OR T96, T303, 0"><temps name="use"><temp name="T303"/></temps><temps name="def"><temp name="T96"/></temps><temps name="in"><temp name="T92"/><temp name="T303"/><temp name="T8"/><temp name="T95"/></temps><temps name="out"><temp name="T92"/><temp name="T96"/><temp name="T8"/><temp name="T95"/></temps></instruction><instruction code="STO T92, $254, 8"><temps name="use"><temp name="T92"/></temps><temps name="def"/><temps name="in"><temp name="T92"/><temp name="T96"/><temp name="T8"/><temp name="T95"/></temps><temps name="out"><temp name="T96"/><temp name="T8"/><temp name="T95"/></temps></instruction><instruction code="STO T95, $254, 16"><temps name="use"><temp name="T95"/></temps><temps name="def"/><temps name="in"><temp name="T96"/><temp name="T8"/><temp name="T95"/></temps><temps name="out"><temp name="T96"/><temp name="T8"/></temps></instruction><instruction code="STO T96, $254, 24"><temps name="use"><temp name="T96"/></temps><temps name="def"/><temps name="in"><temp name="T96"/><temp name="T8"/></temps><temps name="out"><temp name="T8"/></temps></instruction><instruction code="LDA T304, L0"><temps name="use"/><temps name="def"><temp name="T304"/></temps><temps name="in"><temp name="T8"/></temps><temps name="out"><temp name="T8"/><temp name="T304"/></temps></instruction><instruction code="PUSHJ $16, T304, 0"><temps name="use"><temp name="T304"/></temps><temps name="def"/><temps name="in"><temp name="T8"/><temp name="T304"/></temps><temps name="out"><temp name="T8"/></temps></instruction><instruction code="LDO T305, $254, 0"><temps name="use"/><temps name="def"><temp name="T305"/></temps><temps name="in"><temp name="T8"/></temps><temps name="out"><temp name="T305"/><temp name="T8"/></temps></instruction><instruction code="OR T97, T305, 0"><temps name="use"><temp name="T305"/></temps><temps name="def"><temp name="T97"/></temps><temps name="in"><temp name="T305"/><temp name="T8"/></temps><temps name="out"><temp name="T8"/></temps></instruction><instruction code="SETL  T306, 0"><temps name="use"/><temps name="def"><temp name="T306"/></temps><temps name="in"><temp name="T8"/></temps><temps name="out"><temp name="T8"/></temps></instruction><instruction code="INCML T306, 0"><temps name="use"/><temps name="def"><temp name="T306"/></temps><temps name="in"><temp name="T8"/></temps><temps name="out"><temp name="T8"/></temps></instruction><instruction code="INCMH T306, 0"><temps name="use"/><temps name="def"><temp name="T306"/></temps><temps name="in"><temp name="T8"/></temps><temps name="out"><temp name="T8"/></temps></instruction><instruction code="INCH  T306, 0"><temps name="use"/><temps name="def"><temp name="T306"/></temps><temps name="in"><temp name="T8"/></temps><temps name="out"><temp name="T8"/><temp name="T306"/></temps></instruction><instruction code="OR T98, T306, 0"><temps name="use"><temp name="T306"/></temps><temps name="def"><temp name="T98"/></temps><temps name="in"><temp name="T8"/><temp name="T306"/></temps><temps name="out"><temp name="T8"/><temp name="T98"/></temps></instruction><instruction code="SETL  T307, 1"><temps name="use"/><temps name="def"><temp name="T307"/></temps><temps name="in"><temp name="T8"/><temp name="T98"/></temps><temps name="out"><temp name="T8"/><temp name="T98"/></temps></instruction><instruction code="INCML T307, 0"><temps name="use"/><temps name="def"><temp name="T307"/></temps><temps name="in"><temp name="T8"/><temp name="T98"/></temps><temps name="out"><temp name="T8"/><temp name="T98"/></temps></instruction><instruction code="INCMH T307, 0"><temps name="use"/><temps name="def"><temp name="T307"/></temps><temps name="in"><temp name="T8"/><temp name="T98"/></temps><temps name="out"><temp name="T8"/><temp name="T98"/></temps></instruction><instruction code="INCH  T307, 0"><temps name="use"/><temps name="def"><temp name="T307"/></temps><temps name="in"><temp name="T8"/><temp name="T98"/></temps><temps name="out"><temp name="T307"/><temp name="T8"/><temp name="T98"/></temps></instruction><instruction code="OR T99, T307, 0"><temps name="use"><temp name="T307"/></temps><temps name="def"><temp name="T99"/></temps><temps name="in"><temp name="T307"/><temp name="T8"/><temp name="T98"/></temps><temps name="out"><temp name="T8"/><temp name="T99"/><temp name="T98"/></temps></instruction><instruction code="OR T100, T8, 0"><temps name="use"><temp name="T8"/></temps><temps name="def"><temp name="T100"/></temps><temps name="in"><temp name="T8"/><temp name="T99"/><temp name="T98"/></temps><temps name="out"><temp name="T8"/><temp name="T99"/><temp name="T100"/><temp name="T98"/></temps></instruction><instruction code="SETL  T308, 0"><temps name="use"/><temps name="def"><temp name="T308"/></temps><temps name="in"><temp name="T8"/><temp name="T99"/><temp name="T100"/><temp name="T98"/></temps><temps name="out"><temp name="T8"/><temp name="T99"/><temp name="T100"/><temp name="T98"/></temps></instruction><instruction code="INCML T308, 0"><temps name="use"/><temps name="def"><temp name="T308"/></temps><temps name="in"><temp name="T8"/><temp name="T99"/><temp name="T100"/><temp name="T98"/></temps><temps name="out"><temp name="T8"/><temp name="T99"/><temp name="T100"/><temp name="T98"/></temps></instruction><instruction code="INCMH T308, 0"><temps name="use"/><temps name="def"><temp name="T308"/></temps><temps name="in"><temp name="T8"/><temp name="T99"/><temp name="T100"/><temp name="T98"/></temps><temps name="out"><temp name="T8"/><temp name="T99"/><temp name="T100"/><temp name="T98"/></temps></instruction><instruction code="INCH  T308, 0"><temps name="use"/><temps name="def"><temp name="T308"/></temps><temps name="in"><temp name="T8"/><temp name="T99"/><temp name="T100"/><temp name="T98"/></temps><temps name="out"><temp name="T308"/><temp name="T8"/><temp name="T99"/><temp name="T100"/><temp name="T98"/></temps></instruction><instruction code="OR T101, T308, 0"><temps name="use"><temp name="T308"/></temps><temps name="def"><temp name="T101"/></temps><temps name="in"><temp name="T308"/><temp name="T8"/><temp name="T99"/><temp name="T100"/><temp name="T98"/></temps><temps name="out"><temp name="T101"/><temp name="T8"/><temp name="T99"/><temp name="T100"/><temp name="T98"/></temps></instruction><instruction code="STO T101, $254, 8"><temps name="use"><temp name="T101"/></temps><temps name="def"/><temps name="in"><temp name="T101"/><temp name="T8"/><temp name="T99"/><temp name="T100"/><temp name="T98"/></temps><temps name="out"><temp name="T8"/><temp name="T99"/><temp name="T100"/><temp name="T98"/></temps></instruction><instruction code="LDA T309, _x"><temps name="use"/><temps name="def"><temp name="T309"/></temps><temps name="in"><temp name="T8"/><temp name="T99"/><temp name="T100"/><temp name="T98"/></temps><temps name="out"><temp name="T8"/><temp name="T99"/><temp name="T309"/><temp name="T100"/><temp name="T98"/></temps></instruction><instruction code="PUSHJ $16, T309, 0"><temps name="use"><temp name="T309"/></temps><temps name="def"/><temps name="in"><temp name="T8"/><temp name="T99"/><temp name="T309"/><temp name="T100"/><temp name="T98"/></temps><temps name="out"><temp name="T8"/><temp name="T99"/><temp name="T100"/><temp name="T98"/></temps></instruction><instruction code="LDO T310, $254, 0"><temps name="use"/><temps name="def"><temp name="T310"/></temps><temps name="in"><temp name="T8"/><temp name="T99"/><temp name="T100"/><temp name="T98"/></temps><temps name="out"><temp name="T310"/><temp name="T8"/><temp name="T99"/><temp name="T100"/><temp name="T98"/></temps></instruction><instruction code="OR T102, T310, 0"><temps name="use"><temp name="T310"/></temps><temps name="def"><temp name="T102"/></temps><temps name="in"><temp name="T310"/><temp name="T8"/><temp name="T99"/><temp name="T100"/><temp name="T98"/></temps><temps name="out"><temp name="T102"/><temp name="T8"/><temp name="T99"/><temp name="T100"/><temp name="T98"/></temps></instruction><instruction code="SETL  T311, 1"><temps name="use"/><temps name="def"><temp name="T311"/></temps><temps name="in"><temp name="T102"/><temp name="T8"/><temp name="T99"/><temp name="T100"/><temp name="T98"/></temps><temps name="out"><temp name="T102"/><temp name="T8"/><temp name="T99"/><temp name="T100"/><temp name="T98"/></temps></instruction><instruction code="INCML T311, 0"><temps name="use"/><temps name="def"><temp name="T311"/></temps><temps name="in"><temp name="T102"/><temp name="T8"/><temp name="T99"/><temp name="T100"/><temp name="T98"/></temps><temps name="out"><temp name="T102"/><temp name="T8"/><temp name="T99"/><temp name="T100"/><temp name="T98"/></temps></instruction><instruction code="INCMH T311, 0"><temps name="use"/><temps name="def"><temp name="T311"/></temps><temps name="in"><temp name="T102"/><temp name="T8"/><temp name="T99"/><temp name="T100"/><temp name="T98"/></temps><temps name="out"><temp name="T102"/><temp name="T8"/><temp name="T99"/><temp name="T100"/><temp name="T98"/></temps></instruction><instruction code="INCH  T311, 0"><temps name="use"/><temps name="def"><temp name="T311"/></temps><temps name="in"><temp name="T102"/><temp name="T8"/><temp name="T99"/><temp name="T100"/><temp name="T98"/></temps><temps name="out"><temp name="T102"/><temp name="T8"/><temp name="T99"/><temp name="T311"/><temp name="T100"/><temp name="T98"/></temps></instruction><instruction code="OR T103, T311, 0"><temps name="use"><temp name="T311"/></temps><temps name="def"><temp name="T103"/></temps><temps name="in"><temp name="T102"/><temp name="T8"/><temp name="T99"/><temp name="T311"/><temp name="T100"/><temp name="T98"/></temps><temps name="out"><temp name="T102"/><temp name="T8"/><temp name="T99"/><temp name="T103"/><temp name="T100"/><temp name="T98"/></temps></instruction><instruction code="STO T100, $254, 8"><temps name="use"><temp name="T100"/></temps><temps name="def"/><temps name="in"><temp name="T102"/><temp name="T8"/><temp name="T99"/><temp name="T103"/><temp name="T100"/><temp name="T98"/></temps><temps name="out"><temp name="T102"/><temp name="T8"/><temp name="T99"/><temp name="T103"/><temp name="T98"/></temps></instruction><instruction code="STO T102, $254, 16"><temps name="use"><temp name="T102"/></temps><temps name="def"/><temps name="in"><temp name="T102"/><temp name="T8"/><temp name="T99"/><temp name="T103"/><temp name="T98"/></temps><temps name="out"><temp name="T8"/><temp name="T99"/><temp name="T103"/><temp name="T98"/></temps></instruction><instruction code="STO T103, $254, 24"><temps name="use"><temp name="T103"/></temps><temps name="def"/><temps name="in"><temp name="T8"/><temp name="T99"/><temp name="T103"/><temp name="T98"/></temps><temps name="out"><temp name="T8"/><temp name="T99"/><temp name="T98"/></temps></instruction><instruction code="LDA T312, L0"><temps name="use"/><temps name="def"><temp name="T312"/></temps><temps name="in"><temp name="T8"/><temp name="T99"/><temp name="T98"/></temps><temps name="out"><temp name="T8"/><temp name="T99"/><temp name="T312"/><temp name="T98"/></temps></instruction><instruction code="PUSHJ $16, T312, 0"><temps name="use"><temp name="T312"/></temps><temps name="def"/><temps name="in"><temp name="T8"/><temp name="T99"/><temp name="T312"/><temp name="T98"/></temps><temps name="out"><temp name="T8"/><temp name="T99"/><temp name="T98"/></temps></instruction><instruction code="LDO T313, $254, 0"><temps name="use"/><temps name="def"><temp name="T313"/></temps><temps name="in"><temp name="T8"/><temp name="T99"/><temp name="T98"/></temps><temps name="out"><temp name="T313"/><temp name="T8"/><temp name="T99"/><temp name="T98"/></temps></instruction><instruction code="OR T104, T313, 0"><temps name="use"><temp name="T313"/></temps><temps name="def"><temp name="T104"/></temps><temps name="in"><temp name="T313"/><temp name="T8"/><temp name="T99"/><temp name="T98"/></temps><temps name="out"><temp name="T104"/><temp name="T8"/><temp name="T99"/><temp name="T98"/></temps></instruction><instruction code="SETL  T314, 256"><temps name="use"/><temps name="def"><temp name="T314"/></temps><temps name="in"><temp name="T104"/><temp name="T8"/><temp name="T99"/><temp name="T98"/></temps><temps name="out"><temp name="T104"/><temp name="T8"/><temp name="T99"/><temp name="T98"/></temps></instruction><instruction code="INCML T314, 0"><temps name="use"/><temps name="def"><temp name="T314"/></temps><temps name="in"><temp name="T104"/><temp name="T8"/><temp name="T99"/><temp name="T98"/></temps><temps name="out"><temp name="T104"/><temp name="T8"/><temp name="T99"/><temp name="T98"/></temps></instruction><instruction code="INCMH T314, 0"><temps name="use"/><temps name="def"><temp name="T314"/></temps><temps name="in"><temp name="T104"/><temp name="T8"/><temp name="T99"/><temp name="T98"/></temps><temps name="out"><temp name="T104"/><temp name="T8"/><temp name="T99"/><temp name="T98"/></temps></instruction><instruction code="INCH  T314, 0"><temps name="use"/><temps name="def"><temp name="T314"/></temps><temps name="in"><temp name="T104"/><temp name="T8"/><temp name="T99"/><temp name="T98"/></temps><temps name="out"><temp name="T104"/><temp name="T8"/><temp name="T99"/><temp name="T98"/><temp name="T314"/></temps></instruction><instruction code="OR T105, T314, 0"><temps name="use"><temp name="T314"/></temps><temps name="def"><temp name="T105"/></temps><temps name="in"><temp name="T104"/><temp name="T8"/><temp name="T99"/><temp name="T98"/><temp name="T314"/></temps><temps name="out"><temp name="T104"/><temp name="T8"/><temp name="T99"/><temp name="T105"/><temp name="T98"/></temps></instruction><instruction code="DIV T315, T104, T105"><temps name="use"><temp name="T104"/><temp name="T105"/></temps><temps name="def"><temp name="T315"/></temps><temps name="in"><temp name="T104"/><temp name="T8"/><temp name="T99"/><temp name="T105"/><temp name="T98"/></temps><temps name="out"><temp name="T8"/><temp name="T99"/><temp name="T98"/></temps></instruction><instruction code="OR T315, rR, 0"><temps name="use"/><temps name="def"><temp name="T315"/></temps><temps name="in"><temp name="T8"/><temp name="T99"/><temp name="T98"/></temps><temps name="out"><temp name="T8"/><temp name="T99"/><temp name="T315"/><temp name="T98"/></temps></instruction><instruction code="OR T106, T315, 0"><temps name="use"><temp name="T315"/></temps><temps name="def"><temp name="T106"/></temps><temps name="in"><temp name="T8"/><temp name="T99"/><temp name="T315"/><temp name="T98"/></temps><temps name="out"><temp name="T8"/><temp name="T99"/><temp name="T106"/><temp name="T98"/></temps></instruction><instruction code="SETL  T316, 1"><temps name="use"/><temps name="def"><temp name="T316"/></temps><temps name="in"><temp name="T8"/><temp name="T99"/><temp name="T106"/><temp name="T98"/></temps><temps name="out"><temp name="T8"/><temp name="T99"/><temp name="T106"/><temp name="T98"/></temps></instruction><instruction code="INCML T316, 0"><temps name="use"/><temps name="def"><temp name="T316"/></temps><temps name="in"><temp name="T8"/><temp name="T99"/><temp name="T106"/><temp name="T98"/></temps><temps name="out"><temp name="T8"/><temp name="T99"/><temp name="T106"/><temp name="T98"/></temps></instruction><instruction code="INCMH T316, 0"><temps name="use"/><temps name="def"><temp name="T316"/></temps><temps name="in"><temp name="T8"/><temp name="T99"/><temp name="T106"/><temp name="T98"/></temps><temps name="out"><temp name="T8"/><temp name="T99"/><temp name="T106"/><temp name="T98"/></temps></instruction><instruction code="INCH  T316, 0"><temps name="use"/><temps name="def"><temp name="T316"/></temps><temps name="in"><temp name="T8"/><temp name="T99"/><temp name="T106"/><temp name="T98"/></temps><temps name="out"><temp name="T8"/><temp name="T99"/><temp name="T106"/><temp name="T98"/><temp name="T316"/></temps></instruction><instruction code="OR T107, T316, 0"><temps name="use"><temp name="T316"/></temps><temps name="def"><temp name="T107"/></temps><temps name="in"><temp name="T8"/><temp name="T99"/><temp name="T106"/><temp name="T98"/><temp name="T316"/></temps><temps name="out"><temp name="T8"/><temp name="T99"/><temp name="T106"/><temp name="T107"/><temp name="T98"/></temps></instruction><instruction code="OR T108, T8, 0"><temps name="use"><temp name="T8"/></temps><temps name="def"><temp name="T108"/></temps><temps name="in"><temp name="T8"/><temp name="T99"/><temp name="T106"/><temp name="T107"/><temp name="T98"/></temps><temps name="out"><temp name="T99"/><temp name="T8"/><temp name="T108"/><temp name="T106"/><temp name="T107"/><temp name="T98"/></temps></instruction><instruction code="SETL  T317, 8"><temps name="use"/><temps name="def"><temp name="T317"/></temps><temps name="in"><temp name="T99"/><temp name="T8"/><temp name="T108"/><temp name="T106"/><temp name="T107"/><temp name="T98"/></temps><temps name="out"><temp name="T99"/><temp name="T8"/><temp name="T108"/><temp name="T106"/><temp name="T107"/><temp name="T98"/></temps></instruction><instruction code="INCML T317, 0"><temps name="use"/><temps name="def"><temp name="T317"/></temps><temps name="in"><temp name="T99"/><temp name="T8"/><temp name="T108"/><temp name="T106"/><temp name="T107"/><temp name="T98"/></temps><temps name="out"><temp name="T99"/><temp name="T8"/><temp name="T108"/><temp name="T106"/><temp name="T107"/><temp name="T98"/></temps></instruction><instruction code="INCMH T317, 0"><temps name="use"/><temps name="def"><temp name="T317"/></temps><temps name="in"><temp name="T99"/><temp name="T8"/><temp name="T108"/><temp name="T106"/><temp name="T107"/><temp name="T98"/></temps><temps name="out"><temp name="T99"/><temp name="T8"/><temp name="T108"/><temp name="T106"/><temp name="T107"/><temp name="T98"/></temps></instruction><instruction code="INCH  T317, 0"><temps name="use"/><temps name="def"><temp name="T317"/></temps><temps name="in"><temp name="T99"/><temp name="T8"/><temp name="T108"/><temp name="T106"/><temp name="T107"/><temp name="T98"/></temps><temps name="out"><temp name="T99"/><temp name="T8"/><temp name="T108"/><temp name="T106"/><temp name="T317"/><temp name="T107"/><temp name="T98"/></temps></instruction><instruction code="NEG T317, 0, T317"><temps name="use"><temp name="T317"/></temps><temps name="def"><temp name="T317"/></temps><temps name="in"><temp name="T99"/><temp name="T8"/><temp name="T108"/><temp name="T106"/><temp name="T317"/><temp name="T107"/><temp name="T98"/></temps><temps name="out"><temp name="T99"/><temp name="T8"/><temp name="T108"/><temp name="T106"/><temp name="T317"/><temp name="T107"/><temp name="T98"/></temps></instruction><instruction code="OR T109, T317, 0"><temps name="use"><temp name="T317"/></temps><temps name="def"><temp name="T109"/></temps><temps name="in"><temp name="T99"/><temp name="T8"/><temp name="T108"/><temp name="T106"/><temp name="T317"/><temp name="T107"/><temp name="T98"/></temps><temps name="out"><temp name="T99"/><temp name="T8"/><temp name="T108"/><temp name="T106"/><temp name="T109"/><temp name="T107"/><temp name="T98"/></temps></instruction><instruction code="ADD T318, T108, T109"><temps name="use"><temp name="T108"/><temp name="T109"/></temps><temps name="def"><temp name="T318"/></temps><temps name="in"><temp name="T99"/><temp name="T8"/><temp name="T108"/><temp name="T106"/><temp name="T109"/><temp name="T107"/><temp name="T98"/></temps><temps name="out"><temp name="T318"/><temp name="T99"/><temp name="T8"/><temp name="T106"/><temp name="T107"/><temp name="T98"/></temps></instruction><instruction code="OR T110, T318, 0"><temps name="use"><temp name="T318"/></temps><temps name="def"><temp name="T110"/></temps><temps name="in"><temp name="T318"/><temp name="T99"/><temp name="T8"/><temp name="T106"/><temp name="T107"/><temp name="T98"/></temps><temps name="out"><temp name="T99"/><temp name="T8"/><temp name="T106"/><temp name="T107"/><temp name="T110"/><temp name="T98"/></temps></instruction><instruction code="OR T111, T110, 0"><temps name="use"><temp name="T110"/></temps><temps name="def"><temp name="T111"/></temps><temps name="in"><temp name="T99"/><temp name="T8"/><temp name="T106"/><temp name="T107"/><temp name="T110"/><temp name="T98"/></temps><temps name="out"><temp name="T111"/><temp name="T99"/><temp name="T8"/><temp name="T106"/><temp name="T107"/><temp name="T98"/></temps></instruction><instruction code="STO T98, $254, 8"><temps name="use"><temp name="T98"/></temps><temps name="def"/><temps name="in"><temp name="T111"/><temp name="T99"/><temp name="T8"/><temp name="T106"/><temp name="T107"/><temp name="T98"/></temps><temps name="out"><temp name="T111"/><temp name="T99"/><temp name="T8"/><temp name="T106"/><temp name="T107"/></temps></instruction><instruction code="STO T99, $254, 16"><temps name="use"><temp name="T99"/></temps><temps name="def"/><temps name="in"><temp name="T111"/><temp name="T99"/><temp name="T8"/><temp name="T106"/><temp name="T107"/></temps><temps name="out"><temp name="T111"/><temp name="T8"/><temp name="T106"/><temp name="T107"/></temps></instruction><instruction code="STO T106, $254, 24"><temps name="use"><temp name="T106"/></temps><temps name="def"/><temps name="in"><temp name="T111"/><temp name="T8"/><temp name="T106"/><temp name="T107"/></temps><temps name="out"><temp name="T111"/><temp name="T8"/><temp name="T107"/></temps></instruction><instruction code="STO T107, $254, 32"><temps name="use"><temp name="T107"/></temps><temps name="def"/><temps name="in"><temp name="T111"/><temp name="T8"/><temp name="T107"/></temps><temps name="out"><temp name="T111"/><temp name="T8"/></temps></instruction><instruction code="STO T111, $254, 40"><temps name="use"><temp name="T111"/></temps><temps name="def"/><temps name="in"><temp name="T111"/><temp name="T8"/></temps><temps name="out"><temp name="T8"/></temps></instruction><instruction code="LDA T320, _g"><temps name="use"/><temps name="def"><temp name="T320"/></temps><temps name="in"><temp name="T8"/></temps><temps name="out"><temp name="T320"/><temp name="T8"/></temps></instruction><instruction code="PUSHJ $16, T320, 0"><temps name="use"><temp name="T320"/></temps><temps name="def"/><temps name="in"><temp name="T320"/><temp name="T8"/></temps><temps name="out"><temp name="T8"/></temps></instruction><instruction code="LDO T321, $254, 0"><temps name="use"/><temps name="def"><temp name="T321"/></temps><temps name="in"><temp name="T8"/></temps><temps name="out"><temp name="T8"/><temp name="T321"/></temps></instruction><instruction code="OR T112, T321, 0"><temps name="use"><temp name="T321"/></temps><temps name="def"><temp name="T112"/></temps><temps name="in"><temp name="T8"/><temp name="T321"/></temps><temps name="out"><temp name="T8"/></temps></instruction><instruction code="SETL  T322, 0"><temps name="use"/><temps name="def"><temp name="T322"/></temps><temps name="in"><temp name="T8"/></temps><temps name="out"><temp name="T8"/></temps></instruction><instruction code="INCML T322, 0"><temps name="use"/><temps name="def"><temp name="T322"/></temps><temps name="in"><temp name="T8"/></temps><temps name="out"><temp name="T8"/></temps></instruction><instruction code="INCMH T322, 0"><temps name="use"/><temps name="def"><temp name="T322"/></temps><temps name="in"><temp name="T8"/></temps><temps name="out"><temp name="T8"/></temps></instruction><instruction code="INCH  T322, 0"><temps name="use"/><temps name="def"><temp name="T322"/></temps><temps name="in"><temp name="T8"/></temps><temps name="out"><temp name="T322"/><temp name="T8"/></temps></instruction><instruction code="OR T113, T322, 0"><temps name="use"><temp name="T322"/></temps><temps name="def"><temp name="T113"/></temps><temps name="in"><temp name="T322"/><temp name="T8"/></temps><temps name="out"><temp name="T8"/><temp name="T113"/></temps></instruction><instruction code="SETL  T323, 1"><temps name="use"/><temps name="def"><temp name="T323"/></temps><temps name="in"><temp name="T8"/><temp name="T113"/></temps><temps name="out"><temp name="T8"/><temp name="T113"/></temps></instruction><instruction code="INCML T323, 0"><temps name="use"/><temps name="def"><temp name="T323"/></temps><temps name="in"><temp name="T8"/><temp name="T113"/></temps><temps name="out"><temp name="T8"/><temp name="T113"/></temps></instruction><instruction code="INCMH T323, 0"><temps name="use"/><temps name="def"><temp name="T323"/></temps><temps name="in"><temp name="T8"/><temp name="T113"/></temps><temps name="out"><temp name="T8"/><temp name="T113"/></temps></instruction><instruction code="INCH  T323, 0"><temps name="use"/><temps name="def"><temp name="T323"/></temps><temps name="in"><temp name="T8"/><temp name="T113"/></temps><temps name="out"><temp name="T323"/><temp name="T8"/><temp name="T113"/></temps></instruction><instruction code="OR T114, T323, 0"><temps name="use"><temp name="T323"/></temps><temps name="def"><temp name="T114"/></temps><temps name="in"><temp name="T323"/><temp name="T8"/><temp name="T113"/></temps><temps name="out"><temp name="T8"/><temp name="T114"/><temp name="T113"/></temps></instruction><instruction code="SETL  T324, 1"><temps name="use"/><temps name="def"><temp name="T324"/></temps><temps name="in"><temp name="T8"/><temp name="T114"/><temp name="T113"/></temps><temps name="out"><temp name="T8"/><temp name="T114"/><temp name="T113"/></temps></instruction><instruction code="INCML T324, 0"><temps name="use"/><temps name="def"><temp name="T324"/></temps><temps name="in"><temp name="T8"/><temp name="T114"/><temp name="T113"/></temps><temps name="out"><temp name="T8"/><temp name="T114"/><temp name="T113"/></temps></instruction><instruction code="INCMH T324, 0"><temps name="use"/><temps name="def"><temp name="T324"/></temps><temps name="in"><temp name="T8"/><temp name="T114"/><temp name="T113"/></temps><temps name="out"><temp name="T8"/><temp name="T114"/><temp name="T113"/></temps></instruction><instruction code="INCH  T324, 0"><temps name="use"/><temps name="def"><temp name="T324"/></temps><temps name="in"><temp name="T8"/><temp name="T114"/><temp name="T113"/></temps><temps name="out"><temp name="T324"/><temp name="T8"/><temp name="T114"/><temp name="T113"/></temps></instruction><instruction code="OR T115, T324, 0"><temps name="use"><temp name="T324"/></temps><temps name="def"><temp name="T115"/></temps><temps name="in"><temp name="T324"/><temp name="T8"/><temp name="T114"/><temp name="T113"/></temps><temps name="out"><temp name="T8"/><temp name="T114"/><temp name="T113"/><temp name="T115"/></temps></instruction><instruction code="SETL  T325, 1"><temps name="use"/><temps name="def"><temp name="T325"/></temps><temps name="in"><temp name="T8"/><temp name="T114"/><temp name="T113"/><temp name="T115"/></temps><temps name="out"><temp name="T8"/><temp name="T114"/><temp name="T113"/><temp name="T115"/></temps></instruction><instruction code="INCML T325, 0"><temps name="use"/><temps name="def"><temp name="T325"/></temps><temps name="in"><temp name="T8"/><temp name="T114"/><temp name="T113"/><temp name="T115"/></temps><temps name="out"><temp name="T8"/><temp name="T114"/><temp name="T113"/><temp name="T115"/></temps></instruction><instruction code="INCMH T325, 0"><temps name="use"/><temps name="def"><temp name="T325"/></temps><temps name="in"><temp name="T8"/><temp name="T114"/><temp name="T113"/><temp name="T115"/></temps><temps name="out"><temp name="T8"/><temp name="T114"/><temp name="T113"/><temp name="T115"/></temps></instruction><instruction code="INCH  T325, 0"><temps name="use"/><temps name="def"><temp name="T325"/></temps><temps name="in"><temp name="T8"/><temp name="T114"/><temp name="T113"/><temp name="T115"/></temps><temps name="out"><temp name="T8"/><temp name="T325"/><temp name="T114"/><temp name="T113"/><temp name="T115"/></temps></instruction><instruction code="OR T116, T325, 0"><temps name="use"><temp name="T325"/></temps><temps name="def"><temp name="T116"/></temps><temps name="in"><temp name="T8"/><temp name="T325"/><temp name="T114"/><temp name="T113"/><temp name="T115"/></temps><temps name="out"><temp name="T8"/><temp name="T114"/><temp name="T113"/><temp name="T115"/><temp name="T116"/></temps></instruction><instruction code="STO T113, $254, 8"><temps name="use"><temp name="T113"/></temps><temps name="def"/><temps name="in"><temp name="T8"/><temp name="T114"/><temp name="T113"/><temp name="T115"/><temp name="T116"/></temps><temps name="out"><temp name="T8"/><temp name="T114"/><temp name="T115"/><temp name="T116"/></temps></instruction><instruction code="STO T114, $254, 16"><temps name="use"><temp name="T114"/></temps><temps name="def"/><temps name="in"><temp name="T8"/><temp name="T114"/><temp name="T115"/><temp name="T116"/></temps><temps name="out"><temp name="T8"/><temp name="T115"/><temp name="T116"/></temps></instruction><instruction code="STO T115, $254, 24"><temps name="use"><temp name="T115"/></temps><temps name="def"/><temps name="in"><temp name="T8"/><temp name="T115"/><temp name="T116"/></temps><temps name="out"><temp name="T8"/><temp name="T116"/></temps></instruction><instruction code="STO T116, $254, 32"><temps name="use"><temp name="T116"/></temps><temps name="def"/><temps name="in"><temp name="T8"/><temp name="T116"/></temps><temps name="out"><temp name="T8"/></temps></instruction><instruction code="LDA T326, _h"><temps name="use"/><temps name="def"><temp name="T326"/></temps><temps name="in"><temp name="T8"/></temps><temps name="out"><temp name="T326"/><temp name="T8"/></temps></instruction><instruction code="PUSHJ $16, T326, 0"><temps name="use"><temp name="T326"/></temps><temps name="def"/><temps name="in"><temp name="T326"/><temp name="T8"/></temps><temps name="out"><temp name="T8"/></temps></instruction><instruction code="LDO T327, $254, 0"><temps name="use"/><temps name="def"><temp name="T327"/></temps><temps name="in"><temp name="T8"/></temps><temps name="out"><temp name="T8"/><temp name="T327"/></temps></instruction><instruction code="OR T117, T327, 0"><temps name="use"><temp name="T327"/></temps><temps name="def"><temp name="T117"/></temps><temps name="in"><temp name="T8"/><temp name="T327"/></temps><temps name="out"><temp name="T8"/></temps></instruction><instruction code="SETL  T328, 0"><temps name="use"/><temps name="def"><temp name="T328"/></temps><temps name="in"><temp name="T8"/></temps><temps name="out"><temp name="T8"/></temps></instruction><instruction code="INCML T328, 0"><temps name="use"/><temps name="def"><temp name="T328"/></temps><temps name="in"><temp name="T8"/></temps><temps name="out"><temp name="T8"/></temps></instruction><instruction code="INCMH T328, 0"><temps name="use"/><temps name="def"><temp name="T328"/></temps><temps name="in"><temp name="T8"/></temps><temps name="out"><temp name="T8"/></temps></instruction><instruction code="INCH  T328, 0"><temps name="use"/><temps name="def"><temp name="T328"/></temps><temps name="in"><temp name="T8"/></temps><temps name="out"><temp name="T328"/><temp name="T8"/></temps></instruction><instruction code="OR T118, T328, 0"><temps name="use"><temp name="T328"/></temps><temps name="def"><temp name="T118"/></temps><temps name="in"><temp name="T328"/><temp name="T8"/></temps><temps name="out"><temp name="T8"/><temp name="T118"/></temps></instruction><instruction code="STO T118, $254, 8"><temps name="use"><temp name="T118"/></temps><temps name="def"/><temps name="in"><temp name="T8"/><temp name="T118"/></temps><temps name="out"><temp name="T8"/></temps></instruction><instruction code="LDA T329, _x"><temps name="use"/><temps name="def"><temp name="T329"/></temps><temps name="in"><temp name="T8"/></temps><temps name="out"><temp name="T8"/><temp name="T329"/></temps></instruction><instruction code="PUSHJ $16, T329, 0"><temps name="use"><temp name="T329"/></temps><temps name="def"/><temps name="in"><temp name="T8"/><temp name="T329"/></temps><temps name="out"><temp name="T8"/></temps></instruction><instruction code="LDO T330, $254, 0"><temps name="use"/><temps name="def"><temp name="T330"/></temps><temps name="in"><temp name="T8"/></temps><temps name="out"><temp name="T8"/><temp name="T330"/></temps></instruction><instruction code="OR T119, T330, 0"><temps name="use"><temp name="T330"/></temps><temps name="def"><temp name="T119"/></temps><temps name="in"><temp name="T8"/><temp name="T330"/></temps><temps name="out"><temp name="T8"/></temps></instruction><instruction code="OR T120, T8, 0"><temps name="use"><temp name="T8"/></temps><temps name="def"><temp name="T120"/></temps><temps name="in"><temp name="T8"/></temps><temps name="out"><temp name="T8"/><temp name="T120"/></temps></instruction><instruction code="SETL  T331, 17"><temps name="use"/><temps name="def"><temp name="T331"/></temps><temps name="in"><temp name="T8"/><temp name="T120"/></temps><temps name="out"><temp name="T8"/><temp name="T120"/></temps></instruction><instruction code="INCML T331, 0"><temps name="use"/><temps name="def"><temp name="T331"/></temps><temps name="in"><temp name="T8"/><temp name="T120"/></temps><temps name="out"><temp name="T8"/><temp name="T120"/></temps></instruction><instruction code="INCMH T331, 0"><temps name="use"/><temps name="def"><temp name="T331"/></temps><temps name="in"><temp name="T8"/><temp name="T120"/></temps><temps name="out"><temp name="T8"/><temp name="T120"/></temps></instruction><instruction code="INCH  T331, 0"><temps name="use"/><temps name="def"><temp name="T331"/></temps><temps name="in"><temp name="T8"/><temp name="T120"/></temps><temps name="out"><temp name="T331"/><temp name="T8"/><temp name="T120"/></temps></instruction><instruction code="OR T121, T331, 0"><temps name="use"><temp name="T331"/></temps><temps name="def"><temp name="T121"/></temps><temps name="in"><temp name="T331"/><temp name="T8"/><temp name="T120"/></temps><temps name="out"><temp name="T121"/><temp name="T8"/><temp name="T120"/></temps></instruction><instruction code="SETL  T332, 17"><temps name="use"/><temps name="def"><temp name="T332"/></temps><temps name="in"><temp name="T121"/><temp name="T8"/><temp name="T120"/></temps><temps name="out"><temp name="T121"/><temp name="T8"/><temp name="T120"/></temps></instruction><instruction code="INCML T332, 0"><temps name="use"/><temps name="def"><temp name="T332"/></temps><temps name="in"><temp name="T121"/><temp name="T8"/><temp name="T120"/></temps><temps name="out"><temp name="T121"/><temp name="T8"/><temp name="T120"/></temps></instruction><instruction code="INCMH T332, 0"><temps name="use"/><temps name="def"><temp name="T332"/></temps><temps name="in"><temp name="T121"/><temp name="T8"/><temp name="T120"/></temps><temps name="out"><temp name="T121"/><temp name="T8"/><temp name="T120"/></temps></instruction><instruction code="INCH  T332, 0"><temps name="use"/><temps name="def"><temp name="T332"/></temps><temps name="in"><temp name="T121"/><temp name="T8"/><temp name="T120"/></temps><temps name="out"><temp name="T121"/><temp name="T8"/><temp name="T332"/><temp name="T120"/></temps></instruction><instruction code="OR T122, T332, 0"><temps name="use"><temp name="T332"/></temps><temps name="def"><temp name="T122"/></temps><temps name="in"><temp name="T121"/><temp name="T8"/><temp name="T332"/><temp name="T120"/></temps><temps name="out"><temp name="T121"/><temp name="T8"/><temp name="T120"/><temp name="T122"/></temps></instruction><instruction code="STO T120, $254, 8"><temps name="use"><temp name="T120"/></temps><temps name="def"/><temps name="in"><temp name="T121"/><temp name="T8"/><temp name="T120"/><temp name="T122"/></temps><temps name="out"><temp name="T121"/><temp name="T8"/><temp name="T122"/></temps></instruction><instruction code="STO T121, $254, 16"><temps name="use"><temp name="T121"/></temps><temps name="def"/><temps name="in"><temp name="T121"/><temp name="T8"/><temp name="T122"/></temps><temps name="out"><temp name="T8"/><temp name="T122"/></temps></instruction><instruction code="STO T122, $254, 24"><temps name="use"><temp name="T122"/></temps><temps name="def"/><temps name="in"><temp name="T8"/><temp name="T122"/></temps><temps name="out"><temp name="T8"/></temps></instruction><instruction code="LDA T333, L0"><temps name="use"/><temps name="def"><temp name="T333"/></temps><temps name="in"><temp name="T8"/></temps><temps name="out"><temp name="T333"/><temp name="T8"/></temps></instruction><instruction code="PUSHJ $16, T333, 0"><temps name="use"><temp name="T333"/></temps><temps name="def"/><temps name="in"><temp name="T333"/><temp name="T8"/></temps><temps name="out"><temp name="T8"/></temps></instruction><instruction code="LDO T334, $254, 0"><temps name="use"/><temps name="def"><temp name="T334"/></temps><temps name="in"><temp name="T8"/></temps><temps name="out"><temp name="T8"/><temp name="T334"/></temps></instruction><instruction code="OR T123, T334, 0"><temps name="use"><temp name="T334"/></temps><temps name="def"><temp name="T123"/></temps><temps name="in"><temp name="T8"/><temp name="T334"/></temps><temps name="out"><temp name="T8"/></temps></instruction><instruction code="OR T124, T8, 0"><temps name="use"><temp name="T8"/></temps><temps name="def"><temp name="T124"/></temps><temps name="in"><temp name="T8"/></temps><temps name="out"><temp name="T8"/><temp name="T124"/></temps></instruction><instruction code="LDA T335, _global"><temps name="use"/><temps name="def"><temp name="T335"/></temps><temps name="in"><temp name="T8"/><temp name="T124"/></temps><temps name="out"><temp name="T335"/><temp name="T8"/><temp name="T124"/></temps></instruction><instruction code="OR T125, T335, 0"><temps name="use"><temp name="T335"/></temps><temps name="def"><temp name="T125"/></temps><temps name="in"><temp name="T335"/><temp name="T8"/><temp name="T124"/></temps><temps name="out"><temp name="T8"/><temp name="T125"/><temp name="T124"/></temps></instruction><instruction code="SETL  T336, 16"><temps name="use"/><temps name="def"><temp name="T336"/></temps><temps name="in"><temp name="T8"/><temp name="T125"/><temp name="T124"/></temps><temps name="out"><temp name="T8"/><temp name="T125"/><temp name="T124"/></temps></instruction><instruction code="INCML T336, 0"><temps name="use"/><temps name="def"><temp name="T336"/></temps><temps name="in"><temp name="T8"/><temp name="T125"/><temp name="T124"/></temps><temps name="out"><temp name="T8"/><temp name="T125"/><temp name="T124"/></temps></instruction><instruction code="INCMH T336, 0"><temps name="use"/><temps name="def"><temp name="T336"/></temps><temps name="in"><temp name="T8"/><temp name="T125"/><temp name="T124"/></temps><temps name="out"><temp name="T8"/><temp name="T125"/><temp name="T124"/></temps></instruction><instruction code="INCH  T336, 0"><temps name="use"/><temps name="def"><temp name="T336"/></temps><temps name="in"><temp name="T8"/><temp name="T125"/><temp name="T124"/></temps><temps name="out"><temp name="T8"/><temp name="T125"/><temp name="T336"/><temp name="T124"/></temps></instruction><instruction code="OR T126, T336, 0"><temps name="use"><temp name="T336"/></temps><temps name="def"><temp name="T126"/></temps><temps name="in"><temp name="T8"/><temp name="T125"/><temp name="T336"/><temp name="T124"/></temps><temps name="out"><temp name="T8"/><temp name="T126"/><temp name="T125"/><temp name="T124"/></temps></instruction><instruction code="ADD T337, T125, T126"><temps name="use"><temp name="T125"/><temp name="T126"/></temps><temps name="def"><temp name="T337"/></temps><temps name="in"><temp name="T8"/><temp name="T126"/><temp name="T125"/><temp name="T124"/></temps><temps name="out"><temp name="T8"/><temp name="T337"/><temp name="T124"/></temps></instruction><instruction code="OR T127, T337, 0"><temps name="use"><temp name="T337"/></temps><temps name="def"><temp name="T127"/></temps><temps name="in"><temp name="T8"/><temp name="T337"/><temp name="T124"/></temps><temps name="out"><temp name="T8"/><temp name="T127"/><temp name="T124"/></temps></instruction><instruction code="SETL  T338, 3"><temps name="use"/><temps name="def"><temp name="T338"/></temps><temps name="in"><temp name="T8"/><temp name="T127"/><temp name="T124"/></temps><temps name="out"><temp name="T8"/><temp name="T127"/><temp name="T124"/></temps></instruction><instruction code="INCML T338, 0"><temps name="use"/><temps name="def"><temp name="T338"/></temps><temps name="in"><temp name="T8"/><temp name="T127"/><temp name="T124"/></temps><temps name="out"><temp name="T8"/><temp name="T127"/><temp name="T124"/></temps></instruction><instruction code="INCMH T338, 0"><temps name="use"/><temps name="def"><temp name="T338"/></temps><temps name="in"><temp name="T8"/><temp name="T127"/><temp name="T124"/></temps><temps name="out"><temp name="T8"/><temp name="T127"/><temp name="T124"/></temps></instruction><instruction code="INCH  T338, 0"><temps name="use"/><temps name="def"><temp name="T338"/></temps><temps name="in"><temp name="T8"/><temp name="T127"/><temp name="T124"/></temps><temps name="out"><temp name="T338"/><temp name="T8"/><temp name="T127"/><temp name="T124"/></temps></instruction><instruction code="OR T128, T338, 0"><temps name="use"><temp name="T338"/></temps><temps name="def"><temp name="T128"/></temps><temps name="in"><temp name="T338"/><temp name="T8"/><temp name="T127"/><temp name="T124"/></temps><temps name="out"><temp name="T8"/><temp name="T128"/><temp name="T127"/><temp name="T124"/></temps></instruction><instruction code="SETL  T339, 8"><temps name="use"/><temps name="def"><temp name="T339"/></temps><temps name="in"><temp name="T8"/><temp name="T128"/><temp name="T127"/><temp name="T124"/></temps><temps name="out"><temp name="T8"/><temp name="T128"/><temp name="T127"/><temp name="T124"/></temps></instruction><instruction code="INCML T339, 0"><temps name="use"/><temps name="def"><temp name="T339"/></temps><temps name="in"><temp name="T8"/><temp name="T128"/><temp name="T127"/><temp name="T124"/></temps><temps name="out"><temp name="T8"/><temp name="T128"/><temp name="T127"/><temp name="T124"/></temps></instruction><instruction code="INCMH T339, 0"><temps name="use"/><temps name="def"><temp name="T339"/></temps><temps name="in"><temp name="T8"/><temp name="T128"/><temp name="T127"/><temp name="T124"/></temps><temps name="out"><temp name="T8"/><temp name="T128"/><temp name="T127"/><temp name="T124"/></temps></instruction><instruction code="INCH  T339, 0"><temps name="use"/><temps name="def"><temp name="T339"/></temps><temps name="in"><temp name="T8"/><temp name="T128"/><temp name="T127"/><temp name="T124"/></temps><temps name="out"><temp name="T8"/><temp name="T339"/><temp name="T128"/><temp name="T127"/><temp name="T124"/></temps></instruction><instruction code="OR T129, T339, 0"><temps name="use"><temp name="T339"/></temps><temps name="def"><temp name="T129"/></temps><temps name="in"><temp name="T8"/><temp name="T339"/><temp name="T128"/><temp name="T127"/><temp name="T124"/></temps><temps name="out"><temp name="T8"/><temp name="T128"/><temp name="T127"/><temp name="T129"/><temp name="T124"/></temps></instruction><instruction code="MUL T340, T128, T129"><temps name="use"><temp name="T128"/><temp name="T129"/></temps><temps name="def"><temp name="T340"/></temps><temps name="in"><temp name="T8"/><temp name="T128"/><temp name="T127"/><temp name="T129"/><temp name="T124"/></temps><temps name="out"><temp name="T340"/><temp name="T8"/><temp name="T127"/><temp name="T124"/></temps></instruction><instruction code="OR T130, T340, 0"><temps name="use"><temp name="T340"/></temps><temps name="def"><temp name="T130"/></temps><temps name="in"><temp name="T340"/><temp name="T8"/><temp name="T127"/><temp name="T124"/></temps><temps name="out"><temp name="T8"/><temp name="T127"/><temp name="T130"/><temp name="T124"/></temps></instruction><instruction code="ADD T341, T127, T130"><temps name="use"><temp name="T127"/><temp name="T130"/></temps><temps name="def"><temp name="T341"/></temps><temps name="in"><temp name="T8"/><temp name="T127"/><temp name="T130"/><temp name="T124"/></temps><temps name="out"><temp name="T341"/><temp name="T8"/><temp name="T124"/></temps></instruction><instruction code="OR T131, T341, 0"><temps name="use"><temp name="T341"/></temps><temps name="def"><temp name="T131"/></temps><temps name="in"><temp name="T341"/><temp name="T8"/><temp name="T124"/></temps><temps name="out"><temp name="T131"/><temp name="T8"/><temp name="T124"/></temps></instruction><instruction code="OR T132, T131, 0"><temps name="use"><temp name="T131"/></temps><temps name="def"><temp name="T132"/></temps><temps name="in"><temp name="T131"/><temp name="T8"/><temp name="T124"/></temps><temps name="out"><temp name="T8"/><temp name="T132"/><temp name="T124"/></temps></instruction><instruction code="OR T133, T8, 0"><temps name="use"><temp name="T8"/></temps><temps name="def"><temp name="T133"/></temps><temps name="in"><temp name="T8"/><temp name="T132"/><temp name="T124"/></temps><temps name="out"><temp name="T133"/><temp name="T8"/><temp name="T132"/><temp name="T124"/></temps></instruction><instruction code="SETL  T343, 112"><temps name="use"/><temps name="def"><temp name="T343"/></temps><temps name="in"><temp name="T133"/><temp name="T8"/><temp name="T132"/><temp name="T124"/></temps><temps name="out"><temp name="T133"/><temp name="T8"/><temp name="T132"/><temp name="T124"/></temps></instruction><instruction code="INCML T343, 0"><temps name="use"/><temps name="def"><temp name="T343"/></temps><temps name="in"><temp name="T133"/><temp name="T8"/><temp name="T132"/><temp name="T124"/></temps><temps name="out"><temp name="T133"/><temp name="T8"/><temp name="T132"/><temp name="T124"/></temps></instruction><instruction code="INCMH T343, 0"><temps name="use"/><temps name="def"><temp name="T343"/></temps><temps name="in"><temp name="T133"/><temp name="T8"/><temp name="T132"/><temp name="T124"/></temps><temps name="out"><temp name="T133"/><temp name="T8"/><temp name="T132"/><temp name="T124"/></temps></instruction><instruction code="INCH  T343, 0"><temps name="use"/><temps name="def"><temp name="T343"/></temps><temps name="in"><temp name="T133"/><temp name="T8"/><temp name="T132"/><temp name="T124"/></temps><temps name="out"><temp name="T133"/><temp name="T8"/><temp name="T132"/><temp name="T343"/><temp name="T124"/></temps></instruction><instruction code="NEG T343, 0, T343"><temps name="use"><temp name="T343"/></temps><temps name="def"><temp name="T343"/></temps><temps name="in"><temp name="T133"/><temp name="T8"/><temp name="T132"/><temp name="T343"/><temp name="T124"/></temps><temps name="out"><temp name="T133"/><temp name="T8"/><temp name="T132"/><temp name="T343"/><temp name="T124"/></temps></instruction><instruction code="OR T134, T343, 0"><temps name="use"><temp name="T343"/></temps><temps name="def"><temp name="T134"/></temps><temps name="in"><temp name="T133"/><temp name="T8"/><temp name="T132"/><temp name="T343"/><temp name="T124"/></temps><temps name="out"><temp name="T133"/><temp name="T8"/><temp name="T132"/><temp name="T134"/><temp name="T124"/></temps></instruction><instruction code="ADD T344, T133, T134"><temps name="use"><temp name="T133"/><temp name="T134"/></temps><temps name="def"><temp name="T344"/></temps><temps name="in"><temp name="T133"/><temp name="T8"/><temp name="T132"/><temp name="T134"/><temp name="T124"/></temps><temps name="out"><temp name="T8"/><temp name="T132"/><temp name="T344"/><temp name="T124"/></temps></instruction><instruction code="OR T135, T344, 0"><temps name="use"><temp name="T344"/></temps><temps name="def"><temp name="T135"/></temps><temps name="in"><temp name="T8"/><temp name="T132"/><temp name="T344"/><temp name="T124"/></temps><temps name="out"><temp name="T135"/><temp name="T8"/><temp name="T132"/><temp name="T124"/></temps></instruction><instruction code="SETL  T345, 0"><temps name="use"/><temps name="def"><temp name="T345"/></temps><temps name="in"><temp name="T135"/><temp name="T8"/><temp name="T132"/><temp name="T124"/></temps><temps name="out"><temp name="T135"/><temp name="T8"/><temp name="T132"/><temp name="T124"/></temps></instruction><instruction code="INCML T345, 0"><temps name="use"/><temps name="def"><temp name="T345"/></temps><temps name="in"><temp name="T135"/><temp name="T8"/><temp name="T132"/><temp name="T124"/></temps><temps name="out"><temp name="T135"/><temp name="T8"/><temp name="T132"/><temp name="T124"/></temps></instruction><instruction code="INCMH T345, 0"><temps name="use"/><temps name="def"><temp name="T345"/></temps><temps name="in"><temp name="T135"/><temp name="T8"/><temp name="T132"/><temp name="T124"/></temps><temps name="out"><temp name="T135"/><temp name="T8"/><temp name="T132"/><temp name="T124"/></temps></instruction><instruction code="INCH  T345, 0"><temps name="use"/><temps name="def"><temp name="T345"/></temps><temps name="in"><temp name="T135"/><temp name="T8"/><temp name="T132"/><temp name="T124"/></temps><temps name="out"><temp name="T135"/><temp name="T8"/><temp name="T132"/><temp name="T345"/><temp name="T124"/></temps></instruction><instruction code="OR T136, T345, 0"><temps name="use"><temp name="T345"/></temps><temps name="def"><temp name="T136"/></temps><temps name="in"><temp name="T135"/><temp name="T8"/><temp name="T132"/><temp name="T345"/><temp name="T124"/></temps><temps name="out"><temp name="T135"/><temp name="T8"/><temp name="T132"/><temp name="T136"/><temp name="T124"/></temps></instruction><instruction code="ADD T346, T135, T136"><temps name="use"><temp name="T135"/><temp name="T136"/></temps><temps name="def"><temp name="T346"/></temps><temps name="in"><temp name="T135"/><temp name="T8"/><temp name="T132"/><temp name="T136"/><temp name="T124"/></temps><temps name="out"><temp name="T8"/><temp name="T132"/><temp name="T346"/><temp name="T124"/></temps></instruction><instruction code="OR T137, T346, 0"><temps name="use"><temp name="T346"/></temps><temps name="def"><temp name="T137"/></temps><temps name="in"><temp name="T8"/><temp name="T132"/><temp name="T346"/><temp name="T124"/></temps><temps name="out"><temp name="T8"/><temp name="T132"/><temp name="T137"/><temp name="T124"/></temps></instruction><instruction code="OR T138, T137, 0"><temps name="use"><temp name="T137"/></temps><temps name="def"><temp name="T138"/></temps><temps name="in"><temp name="T8"/><temp name="T132"/><temp name="T137"/><temp name="T124"/></temps><temps name="out"><temp name="T8"/><temp name="T132"/><temp name="T138"/><temp name="T124"/></temps></instruction><instruction code="OR T139, T8, 0"><temps name="use"><temp name="T8"/></temps><temps name="def"><temp name="T139"/></temps><temps name="in"><temp name="T8"/><temp name="T132"/><temp name="T138"/><temp name="T124"/></temps><temps name="out"><temp name="T8"/><temp name="T139"/><temp name="T132"/><temp name="T138"/><temp name="T124"/></temps></instruction><instruction code="SETL  T348, 112"><temps name="use"/><temps name="def"><temp name="T348"/></temps><temps name="in"><temp name="T8"/><temp name="T139"/><temp name="T132"/><temp name="T138"/><temp name="T124"/></temps><temps name="out"><temp name="T8"/><temp name="T139"/><temp name="T132"/><temp name="T138"/><temp name="T124"/></temps></instruction><instruction code="INCML T348, 0"><temps name="use"/><temps name="def"><temp name="T348"/></temps><temps name="in"><temp name="T8"/><temp name="T139"/><temp name="T132"/><temp name="T138"/><temp name="T124"/></temps><temps name="out"><temp name="T8"/><temp name="T139"/><temp name="T132"/><temp name="T138"/><temp name="T124"/></temps></instruction><instruction code="INCMH T348, 0"><temps name="use"/><temps name="def"><temp name="T348"/></temps><temps name="in"><temp name="T8"/><temp name="T139"/><temp name="T132"/><temp name="T138"/><temp name="T124"/></temps><temps name="out"><temp name="T8"/><temp name="T139"/><temp name="T132"/><temp name="T138"/><temp name="T124"/></temps></instruction><instruction code="INCH  T348, 0"><temps name="use"/><temps name="def"><temp name="T348"/></temps><temps name="in"><temp name="T8"/><temp name="T139"/><temp name="T132"/><temp name="T138"/><temp name="T124"/></temps><temps name="out"><temp name="T8"/><temp name="T348"/><temp name="T139"/><temp name="T132"/><temp name="T138"/><temp name="T124"/></temps></instruction><instruction code="NEG T348, 0, T348"><temps name="use"><temp name="T348"/></temps><temps name="def"><temp name="T348"/></temps><temps name="in"><temp name="T8"/><temp name="T348"/><temp name="T139"/><temp name="T132"/><temp name="T138"/><temp name="T124"/></temps><temps name="out"><temp name="T8"/><temp name="T348"/><temp name="T139"/><temp name="T132"/><temp name="T138"/><temp name="T124"/></temps></instruction><instruction code="OR T140, T348, 0"><temps name="use"><temp name="T348"/></temps><temps name="def"><temp name="T140"/></temps><temps name="in"><temp name="T8"/><temp name="T348"/><temp name="T139"/><temp name="T132"/><temp name="T138"/><temp name="T124"/></temps><temps name="out"><temp name="T140"/><temp name="T8"/><temp name="T139"/><temp name="T132"/><temp name="T138"/><temp name="T124"/></temps></instruction><instruction code="ADD T349, T139, T140"><temps name="use"><temp name="T139"/><temp name="T140"/></temps><temps name="def"><temp name="T349"/></temps><temps name="in"><temp name="T140"/><temp name="T8"/><temp name="T139"/><temp name="T132"/><temp name="T138"/><temp name="T124"/></temps><temps name="out"><temp name="T8"/><temp name="T349"/><temp name="T132"/><temp name="T138"/><temp name="T124"/></temps></instruction><instruction code="OR T141, T349, 0"><temps name="use"><temp name="T349"/></temps><temps name="def"><temp name="T141"/></temps><temps name="in"><temp name="T8"/><temp name="T349"/><temp name="T132"/><temp name="T138"/><temp name="T124"/></temps><temps name="out"><temp name="T8"/><temp name="T132"/><temp name="T141"/><temp name="T138"/><temp name="T124"/></temps></instruction><instruction code="SETL  T350, 8"><temps name="use"/><temps name="def"><temp name="T350"/></temps><temps name="in"><temp name="T8"/><temp name="T132"/><temp name="T141"/><temp name="T138"/><temp name="T124"/></temps><temps name="out"><temp name="T8"/><temp name="T132"/><temp name="T141"/><temp name="T138"/><temp name="T124"/></temps></instruction><instruction code="INCML T350, 0"><temps name="use"/><temps name="def"><temp name="T350"/></temps><temps name="in"><temp name="T8"/><temp name="T132"/><temp name="T141"/><temp name="T138"/><temp name="T124"/></temps><temps name="out"><temp name="T8"/><temp name="T132"/><temp name="T141"/><temp name="T138"/><temp name="T124"/></temps></instruction><instruction code="INCMH T350, 0"><temps name="use"/><temps name="def"><temp name="T350"/></temps><temps name="in"><temp name="T8"/><temp name="T132"/><temp name="T141"/><temp name="T138"/><temp name="T124"/></temps><temps name="out"><temp name="T8"/><temp name="T132"/><temp name="T141"/><temp name="T138"/><temp name="T124"/></temps></instruction><instruction code="INCH  T350, 0"><temps name="use"/><temps name="def"><temp name="T350"/></temps><temps name="in"><temp name="T8"/><temp name="T132"/><temp name="T141"/><temp name="T138"/><temp name="T124"/></temps><temps name="out"><temp name="T350"/><temp name="T8"/><temp name="T132"/><temp name="T141"/><temp name="T138"/><temp name="T124"/></temps></instruction><instruction code="OR T142, T350, 0"><temps name="use"><temp name="T350"/></temps><temps name="def"><temp name="T142"/></temps><temps name="in"><temp name="T350"/><temp name="T8"/><temp name="T132"/><temp name="T141"/><temp name="T138"/><temp name="T124"/></temps><temps name="out"><temp name="T8"/><temp name="T132"/><temp name="T141"/><temp name="T138"/><temp name="T142"/><temp name="T124"/></temps></instruction><instruction code="ADD T351, T141, T142"><temps name="use"><temp name="T141"/><temp name="T142"/></temps><temps name="def"><temp name="T351"/></temps><temps name="in"><temp name="T8"/><temp name="T132"/><temp name="T141"/><temp name="T138"/><temp name="T142"/><temp name="T124"/></temps><temps name="out"><temp name="T8"/><temp name="T132"/><temp name="T138"/><temp name="T351"/><temp name="T124"/></temps></instruction><instruction code="OR T143, T351, 0"><temps name="use"><temp name="T351"/></temps><temps name="def"><temp name="T143"/></temps><temps name="in"><temp name="T8"/><temp name="T132"/><temp name="T138"/><temp name="T351"/><temp name="T124"/></temps><temps name="out"><temp name="T8"/><temp name="T132"/><temp name="T138"/><temp name="T143"/><temp name="T124"/></temps></instruction><instruction code="OR T144, T143, 0"><temps name="use"><temp name="T143"/></temps><temps name="def"><temp name="T144"/></temps><temps name="in"><temp name="T8"/><temp name="T132"/><temp name="T138"/><temp name="T143"/><temp name="T124"/></temps><temps name="out"><temp name="T8"/><temp name="T144"/><temp name="T132"/><temp name="T138"/><temp name="T124"/></temps></instruction><instruction code="SETL  T353, 1"><temps name="use"/><temps name="def"><temp name="T353"/></temps><temps name="in"><temp name="T8"/><temp name="T144"/><temp name="T132"/><temp name="T138"/><temp name="T124"/></temps><temps name="out"><temp name="T8"/><temp name="T144"/><temp name="T132"/><temp name="T138"/><temp name="T124"/></temps></instruction><instruction code="INCML T353, 0"><temps name="use"/><temps name="def"><temp name="T353"/></temps><temps name="in"><temp name="T8"/><temp name="T144"/><temp name="T132"/><temp name="T138"/><temp name="T124"/></temps><temps name="out"><temp name="T8"/><temp name="T144"/><temp name="T132"/><temp name="T138"/><temp name="T124"/></temps></instruction><instruction code="INCMH T353, 0"><temps name="use"/><temps name="def"><temp name="T353"/></temps><temps name="in"><temp name="T8"/><temp name="T144"/><temp name="T132"/><temp name="T138"/><temp name="T124"/></temps><temps name="out"><temp name="T8"/><temp name="T144"/><temp name="T132"/><temp name="T138"/><temp name="T124"/></temps></instruction><instruction code="INCH  T353, 0"><temps name="use"/><temps name="def"><temp name="T353"/></temps><temps name="in"><temp name="T8"/><temp name="T144"/><temp name="T132"/><temp name="T138"/><temp name="T124"/></temps><temps name="out"><temp name="T8"/><temp name="T144"/><temp name="T132"/><temp name="T353"/><temp name="T138"/><temp name="T124"/></temps></instruction><instruction code="OR T145, T353, 0"><temps name="use"><temp name="T353"/></temps><temps name="def"><temp name="T145"/></temps><temps name="in"><temp name="T8"/><temp name="T144"/><temp name="T132"/><temp name="T353"/><temp name="T138"/><temp name="T124"/></temps><temps name="out"><temp name="T145"/><temp name="T8"/><temp name="T144"/><temp name="T132"/><temp name="T138"/><temp name="T124"/></temps></instruction><instruction code="NEG T354, 0, T145"><temps name="use"><temp name="T145"/></temps><temps name="def"><temp name="T354"/></temps><temps name="in"><temp name="T145"/><temp name="T8"/><temp name="T144"/><temp name="T132"/><temp name="T138"/><temp name="T124"/></temps><temps name="out"><temp name="T8"/><temp name="T144"/><temp name="T132"/><temp name="T354"/><temp name="T138"/><temp name="T124"/></temps></instruction><instruction code="OR T146, T354, 0"><temps name="use"><temp name="T354"/></temps><temps name="def"><temp name="T146"/></temps><temps name="in"><temp name="T8"/><temp name="T144"/><temp name="T132"/><temp name="T354"/><temp name="T138"/><temp name="T124"/></temps><temps name="out"><temp name="T8"/><temp name="T144"/><temp name="T146"/><temp name="T132"/><temp name="T138"/><temp name="T124"/></temps></instruction><instruction code="SETL  T355, 17"><temps name="use"/><temps name="def"><temp name="T355"/></temps><temps name="in"><temp name="T8"/><temp name="T144"/><temp name="T146"/><temp name="T132"/><temp name="T138"/><temp name="T124"/></temps><temps name="out"><temp name="T8"/><temp name="T144"/><temp name="T146"/><temp name="T132"/><temp name="T138"/><temp name="T124"/></temps></instruction><instruction code="INCML T355, 0"><temps name="use"/><temps name="def"><temp name="T355"/></temps><temps name="in"><temp name="T8"/><temp name="T144"/><temp name="T146"/><temp name="T132"/><temp name="T138"/><temp name="T124"/></temps><temps name="out"><temp name="T8"/><temp name="T144"/><temp name="T146"/><temp name="T132"/><temp name="T138"/><temp name="T124"/></temps></instruction><instruction code="INCMH T355, 0"><temps name="use"/><temps name="def"><temp name="T355"/></temps><temps name="in"><temp name="T8"/><temp name="T144"/><temp name="T146"/><temp name="T132"/><temp name="T138"/><temp name="T124"/></temps><temps name="out"><temp name="T8"/><temp name="T144"/><temp name="T146"/><temp name="T132"/><temp name="T138"/><temp name="T124"/></temps></instruction><instruction code="INCH  T355, 0"><temps name="use"/><temps name="def"><temp name="T355"/></temps><temps name="in"><temp name="T8"/><temp name="T144"/><temp name="T146"/><temp name="T132"/><temp name="T138"/><temp name="T124"/></temps><temps name="out"><temp name="T8"/><temp name="T144"/><temp name="T146"/><temp name="T132"/><temp name="T355"/><temp name="T138"/><temp name="T124"/></temps></instruction><instruction code="OR T147, T355, 0"><temps name="use"><temp name="T355"/></temps><temps name="def"><temp name="T147"/></temps><temps name="in"><temp name="T8"/><temp name="T144"/><temp name="T146"/><temp name="T132"/><temp name="T355"/><temp name="T138"/><temp name="T124"/></temps><temps name="out"><temp name="T8"/><temp name="T144"/><temp name="T146"/><temp name="T147"/><temp name="T132"/><temp name="T138"/><temp name="T124"/></temps></instruction><instruction code="SETL  T356, 5"><temps name="use"/><temps name="def"><temp name="T356"/></temps><temps name="in"><temp name="T8"/><temp name="T144"/><temp name="T146"/><temp name="T147"/><temp name="T132"/><temp name="T138"/><temp name="T124"/></temps><temps name="out"><temp name="T8"/><temp name="T144"/><temp name="T146"/><temp name="T147"/><temp name="T132"/><temp name="T138"/><temp name="T124"/></temps></instruction><instruction code="INCML T356, 0"><temps name="use"/><temps name="def"><temp name="T356"/></temps><temps name="in"><temp name="T8"/><temp name="T144"/><temp name="T146"/><temp name="T147"/><temp name="T132"/><temp name="T138"/><temp name="T124"/></temps><temps name="out"><temp name="T8"/><temp name="T144"/><temp name="T146"/><temp name="T147"/><temp name="T132"/><temp name="T138"/><temp name="T124"/></temps></instruction><instruction code="INCMH T356, 0"><temps name="use"/><temps name="def"><temp name="T356"/></temps><temps name="in"><temp name="T8"/><temp name="T144"/><temp name="T146"/><temp name="T147"/><temp name="T132"/><temp name="T138"/><temp name="T124"/></temps><temps name="out"><temp name="T8"/><temp name="T144"/><temp name="T146"/><temp name="T147"/><temp name="T132"/><temp name="T138"/><temp name="T124"/></temps></instruction><instruction code="INCH  T356, 0"><temps name="use"/><temps name="def"><temp name="T356"/></temps><temps name="in"><temp name="T8"/><temp name="T144"/><temp name="T146"/><temp name="T147"/><temp name="T132"/><temp name="T138"/><temp name="T124"/></temps><temps name="out"><temp name="T356"/><temp name="T8"/><temp name="T144"/><temp name="T146"/><temp name="T147"/><temp name="T132"/><temp name="T138"/><temp name="T124"/></temps></instruction><instruction code="OR T148, T356, 0"><temps name="use"><temp name="T356"/></temps><temps name="def"><temp name="T148"/></temps><temps name="in"><temp name="T356"/><temp name="T8"/><temp name="T144"/><temp name="T146"/><temp name="T147"/><temp name="T132"/><temp name="T138"/><temp name="T124"/></temps><temps name="out"><temp name="T8"/><temp name="T144"/><temp name="T146"/><temp name="T147"/><temp name="T132"/><temp name="T148"/><temp name="T138"/><temp name="T124"/></temps></instruction><instruction code="SETL  T357, 6"><temps name="use"/><temps name="def"><temp name="T357"/></temps><temps name="in"><temp name="T8"/><temp name="T144"/><temp name="T146"/><temp name="T147"/><temp name="T132"/><temp name="T148"/><temp name="T138"/><temp name="T124"/></temps><temps name="out"><temp name="T8"/><temp name="T144"/><temp name="T146"/><temp name="T147"/><temp name="T132"/><temp name="T148"/><temp name="T138"/><temp name="T124"/></temps></instruction><instruction code="INCML T357, 0"><temps name="use"/><temps name="def"><temp name="T357"/></temps><temps name="in"><temp name="T8"/><temp name="T144"/><temp name="T146"/><temp name="T147"/><temp name="T132"/><temp name="T148"/><temp name="T138"/><temp name="T124"/></temps><temps name="out"><temp name="T8"/><temp name="T144"/><temp name="T146"/><temp name="T147"/><temp name="T132"/><temp name="T148"/><temp name="T138"/><temp name="T124"/></temps></instruction><instruction code="INCMH T357, 0"><temps name="use"/><temps name="def"><temp name="T357"/></temps><temps name="in"><temp name="T8"/><temp name="T144"/><temp name="T146"/><temp name="T147"/><temp name="T132"/><temp name="T148"/><temp name="T138"/><temp name="T124"/></temps><temps name="out"><temp name="T8"/><temp name="T144"/><temp name="T146"/><temp name="T147"/><temp name="T132"/><temp name="T148"/><temp name="T138"/><temp name="T124"/></temps></instruction><instruction code="INCH  T357, 0"><temps name="use"/><temps name="def"><temp name="T357"/></temps><temps name="in"><temp name="T8"/><temp name="T144"/><temp name="T146"/><temp name="T147"/><temp name="T132"/><temp name="T148"/><temp name="T138"/><temp name="T124"/></temps><temps name="out"><temp name="T8"/><temp name="T144"/><temp name="T146"/><temp name="T147"/><temp name="T357"/><temp name="T132"/><temp name="T148"/><temp name="T138"/><temp name="T124"/></temps></instruction><instruction code="OR T149, T357, 0"><temps name="use"><temp name="T357"/></temps><temps name="def"><temp name="T149"/></temps><temps name="in"><temp name="T8"/><temp name="T144"/><temp name="T146"/><temp name="T147"/><temp name="T357"/><temp name="T132"/><temp name="T148"/><temp name="T138"/><temp name="T124"/></temps><temps name="out"><temp name="T8"/><temp name="T144"/><temp name="T146"/><temp name="T147"/><temp name="T132"/><temp name="T149"/><temp name="T148"/><temp name="T138"/><temp name="T124"/></temps></instruction><instruction code="LDA T358, _ptt"><temps name="use"/><temps name="def"><temp name="T358"/></temps><temps name="in"><temp name="T8"/><temp name="T144"/><temp name="T146"/><temp name="T147"/><temp name="T132"/><temp name="T149"/><temp name="T148"/><temp name="T138"/><temp name="T124"/></temps><temps name="out"><temp name="T358"/><temp name="T8"/><temp name="T144"/><temp name="T146"/><temp name="T147"/><temp name="T132"/><temp name="T149"/><temp name="T148"/><temp name="T138"/><temp name="T124"/></temps></instruction><instruction code="OR T150, T358, 0"><temps name="use"><temp name="T358"/></temps><temps name="def"><temp name="T150"/></temps><temps name="in"><temp name="T358"/><temp name="T8"/><temp name="T144"/><temp name="T146"/><temp name="T147"/><temp name="T132"/><temp name="T149"/><temp name="T148"/><temp name="T138"/><temp name="T124"/></temps><temps name="out"><temp name="T150"/><temp name="T8"/><temp name="T144"/><temp name="T146"/><temp name="T147"/><temp name="T132"/><temp name="T149"/><temp name="T148"/><temp name="T138"/><temp name="T124"/></temps></instruction><instruction code="OR T151, T150, 0"><temps name="use"><temp name="T150"/></temps><temps name="def"><temp name="T151"/></temps><temps name="in"><temp name="T150"/><temp name="T8"/><temp name="T144"/><temp name="T146"/><temp name="T147"/><temp name="T132"/><temp name="T149"/><temp name="T148"/><temp name="T138"/><temp name="T124"/></temps><temps name="out"><temp name="T8"/><temp name="T144"/><temp name="T146"/><temp name="T147"/><temp name="T132"/><temp name="T149"/><temp name="T151"/><temp name="T148"/><temp name="T138"/><temp name="T124"/></temps></instruction><instruction code="STO T124, $254, 8"><temps name="use"><temp name="T124"/></temps><temps name="def"/><temps name="in"><temp name="T8"/><temp name="T144"/><temp name="T146"/><temp name="T147"/><temp name="T132"/><temp name="T149"/><temp name="T151"/><temp name="T148"/><temp name="T138"/><temp name="T124"/></temps><temps name="out"><temp name="T8"/><temp name="T144"/><temp name="T146"/><temp name="T147"/><temp name="T132"/><temp name="T149"/><temp name="T151"/><temp name="T148"/><temp name="T138"/></temps></instruction><instruction code="STO T132, $254, 16"><temps name="use"><temp name="T132"/></temps><temps name="def"/><temps name="in"><temp name="T8"/><temp name="T144"/><temp name="T146"/><temp name="T147"/><temp name="T132"/><temp name="T149"/><temp name="T151"/><temp name="T148"/><temp name="T138"/></temps><temps name="out"><temp name="T8"/><temp name="T144"/><temp name="T146"/><temp name="T147"/><temp name="T149"/><temp name="T151"/><temp name="T148"/><temp name="T138"/></temps></instruction><instruction code="STO T138, $254, 24"><temps name="use"><temp name="T138"/></temps><temps name="def"/><temps name="in"><temp name="T8"/><temp name="T144"/><temp name="T146"/><temp name="T147"/><temp name="T149"/><temp name="T151"/><temp name="T148"/><temp name="T138"/></temps><temps name="out"><temp name="T8"/><temp name="T144"/><temp name="T146"/><temp name="T147"/><temp name="T149"/><temp name="T151"/><temp name="T148"/></temps></instruction><instruction code="STO T144, $254, 32"><temps name="use"><temp name="T144"/></temps><temps name="def"/><temps name="in"><temp name="T8"/><temp name="T144"/><temp name="T146"/><temp name="T147"/><temp name="T149"/><temp name="T151"/><temp name="T148"/></temps><temps name="out"><temp name="T8"/><temp name="T146"/><temp name="T147"/><temp name="T149"/><temp name="T151"/><temp name="T148"/></temps></instruction><instruction code="STO T146, $254, 40"><temps name="use"><temp name="T146"/></temps><temps name="def"/><temps name="in"><temp name="T8"/><temp name="T146"/><temp name="T147"/><temp name="T149"/><temp name="T151"/><temp name="T148"/></temps><temps name="out"><temp name="T8"/><temp name="T147"/><temp name="T149"/><temp name="T151"/><temp name="T148"/></temps></instruction><instruction code="STO T147, $254, 48"><temps name="use"><temp name="T147"/></temps><temps name="def"/><temps name="in"><temp name="T8"/><temp name="T147"/><temp name="T149"/><temp name="T151"/><temp name="T148"/></temps><temps name="out"><temp name="T8"/><temp name="T149"/><temp name="T151"/><temp name="T148"/></temps></instruction><instruction code="STO T148, $254, 56"><temps name="use"><temp name="T148"/></temps><temps name="def"/><temps name="in"><temp name="T8"/><temp name="T149"/><temp name="T151"/><temp name="T148"/></temps><temps name="out"><temp name="T8"/><temp name="T149"/><temp name="T151"/></temps></instruction><instruction code="STO T149, $254, 64"><temps name="use"><temp name="T149"/></temps><temps name="def"/><temps name="in"><temp name="T8"/><temp name="T149"/><temp name="T151"/></temps><temps name="out"><temp name="T8"/><temp name="T151"/></temps></instruction><instruction code="STO T151, $254, 72"><temps name="use"><temp name="T151"/></temps><temps name="def"/><temps name="in"><temp name="T8"/><temp name="T151"/></temps><temps name="out"><temp name="T8"/></temps></instruction><instruction code="LDA T360, _test"><temps name="use"/><temps name="def"><temp name="T360"/></temps><temps name="in"><temp name="T8"/></temps><temps name="out"><temp name="T360"/><temp name="T8"/></temps></instruction><instruction code="PUSHJ $16, T360, 0"><temps name="use"><temp name="T360"/></temps><temps name="def"/><temps name="in"><temp name="T360"/><temp name="T8"/></temps><temps name="out"><temp name="T8"/></temps></instruction><instruction code="LDO T361, $254, 0"><temps name="use"/><temps name="def"><temp name="T361"/></temps><temps name="in"><temp name="T8"/></temps><temps name="out"><temp name="T8"/><temp name="T361"/></temps></instruction><instruction code="OR T152, T361, 0"><temps name="use"><temp name="T361"/></temps><temps name="def"><temp name="T152"/></temps><temps name="in"><temp name="T8"/><temp name="T361"/></temps><temps name="out"><temp name="T8"/></temps></instruction><instruction code="OR T153, T8, 0"><temps name="use"><temp name="T8"/></temps><temps name="def"><temp name="T153"/></temps><temps name="in"><temp name="T8"/></temps><temps name="out"><temp name="T8"/><temp name="T153"/></temps></instruction><instruction code="SETL  T362, 128"><temps name="use"/><temps name="def"><temp name="T362"/></temps><temps name="in"><temp name="T8"/><temp name="T153"/></temps><temps name="out"><temp name="T8"/><temp name="T153"/></temps></instruction><instruction code="INCML T362, 0"><temps name="use"/><temps name="def"><temp name="T362"/></temps><temps name="in"><temp name="T8"/><temp name="T153"/></temps><temps name="out"><temp name="T8"/><temp name="T153"/></temps></instruction><instruction code="INCMH T362, 0"><temps name="use"/><temps name="def"><temp name="T362"/></temps><temps name="in"><temp name="T8"/><temp name="T153"/></temps><temps name="out"><temp name="T8"/><temp name="T153"/></temps></instruction><instruction code="INCH  T362, 0"><temps name="use"/><temps name="def"><temp name="T362"/></temps><temps name="in"><temp name="T8"/><temp name="T153"/></temps><temps name="out"><temp name="T362"/><temp name="T8"/><temp name="T153"/></temps></instruction><instruction code="NEG T362, 0, T362"><temps name="use"><temp name="T362"/></temps><temps name="def"><temp name="T362"/></temps><temps name="in"><temp name="T362"/><temp name="T8"/><temp name="T153"/></temps><temps name="out"><temp name="T362"/><temp name="T8"/><temp name="T153"/></temps></instruction><instruction code="OR T154, T362, 0"><temps name="use"><temp name="T362"/></temps><temps name="def"><temp name="T154"/></temps><temps name="in"><temp name="T362"/><temp name="T8"/><temp name="T153"/></temps><temps name="out"><temp name="T154"/><temp name="T8"/><temp name="T153"/></temps></instruction><instruction code="ADD T363, T153, T154"><temps name="use"><temp name="T153"/><temp name="T154"/></temps><temps name="def"><temp name="T363"/></temps><temps name="in"><temp name="T154"/><temp name="T8"/><temp name="T153"/></temps><temps name="out"><temp name="T363"/><temp name="T8"/></temps></instruction><instruction code="OR T155, T363, 0"><temps name="use"><temp name="T363"/></temps><temps name="def"><temp name="T155"/></temps><temps name="in"><temp name="T363"/><temp name="T8"/></temps><temps name="out"><temp name="T8"/></temps></instruction><instruction code="SETL  T364, 99"><temps name="use"/><temps name="def"><temp name="T364"/></temps><temps name="in"><temp name="T8"/></temps><temps name="out"><temp name="T8"/></temps></instruction><instruction code="INCML T364, 0"><temps name="use"/><temps name="def"><temp name="T364"/></temps><temps name="in"><temp name="T8"/></temps><temps name="out"><temp name="T8"/></temps></instruction><instruction code="INCMH T364, 0"><temps name="use"/><temps name="def"><temp name="T364"/></temps><temps name="in"><temp name="T8"/></temps><temps name="out"><temp name="T8"/></temps></instruction><instruction code="INCH  T364, 0"><temps name="use"/><temps name="def"><temp name="T364"/></temps><temps name="in"><temp name="T8"/></temps><temps name="out"><temp name="T8"/><temp name="T364"/></temps></instruction><instruction code="OR T156, T364, 0"><temps name="use"><temp name="T364"/></temps><temps name="def"><temp name="T156"/></temps><temps name="in"><temp name="T8"/><temp name="T364"/></temps><temps name="out"><temp name="T8"/></temps></instruction><instruction code="SETL  T365, 0"><temps name="use"/><temps name="def"><temp name="T365"/></temps><temps name="in"><temp name="T8"/></temps><temps name="out"><temp name="T8"/></temps></instruction><instruction code="INCML T365, 0"><temps name="use"/><temps name="def"><temp name="T365"/></temps><temps name="in"><temp name="T8"/></temps><temps name="out"><temp name="T8"/></temps></instruction><instruction code="INCMH T365, 0"><temps name="use"/><temps name="def"><temp name="T365"/></temps><temps name="in"><temp name="T8"/></temps><temps name="out"><temp name="T8"/></temps></instruction><instruction code="INCH  T365, 0"><temps name="use"/><temps name="def"><temp name="T365"/></temps><temps name="in"><temp name="T8"/></temps><temps name="out"><temp name="T8"/><temp name="T365"/></temps></instruction><instruction code="OR T157, T365, 0"><temps name="use"><temp name="T365"/></temps><temps name="def"><temp name="T157"/></temps><temps name="in"><temp name="T8"/><temp name="T365"/></temps><temps name="out"><temp name="T8"/><temp name="T157"/></temps></instruction><instruction code="STO T157, $254, 8"><temps name="use"><temp name="T157"/></temps><temps name="def"/><temps name="in"><temp name="T8"/><temp name="T157"/></temps><temps name="out"><temp name="T8"/></temps></instruction><instruction code="LDA T366, _x"><temps name="use"/><temps name="def"><temp name="T366"/></temps><temps name="in"><temp name="T8"/></temps><temps name="out"><temp name="T366"/><temp name="T8"/></temps></instruction><instruction code="PUSHJ $16, T366, 0"><temps name="use"><temp name="T366"/></temps><temps name="def"/><temps name="in"><temp name="T366"/><temp name="T8"/></temps><temps name="out"><temp name="T8"/></temps></instruction><instruction code="LDO T367, $254, 0"><temps name="use"/><temps name="def"><temp name="T367"/></temps><temps name="in"><temp name="T8"/></temps><temps name="out"><temp name="T8"/><temp name="T367"/></temps></instruction><instruction code="OR T158, T367, 0"><temps name="use"><temp name="T367"/></temps><temps name="def"><temp name="T158"/></temps><temps name="in"><temp name="T8"/><temp name="T367"/></temps><temps name="out"><temp name="T158"/><temp name="T8"/></temps></instruction><instruction code="SETL  T368, 50"><temps name="use"/><temps name="def"><temp name="T368"/></temps><temps name="in"><temp name="T158"/><temp name="T8"/></temps><temps name="out"><temp name="T158"/><temp name="T8"/></temps></instruction><instruction code="INCML T368, 0"><temps name="use"/><temps name="def"><temp name="T368"/></temps><temps name="in"><temp name="T158"/><temp name="T8"/></temps><temps name="out"><temp name="T158"/><temp name="T8"/></temps></instruction><instruction code="INCMH T368, 0"><temps name="use"/><temps name="def"><temp name="T368"/></temps><temps name="in"><temp name="T158"/><temp name="T8"/></temps><temps name="out"><temp name="T158"/><temp name="T8"/></temps></instruction><instruction code="INCH  T368, 0"><temps name="use"/><temps name="def"><temp name="T368"/></temps><temps name="in"><temp name="T158"/><temp name="T8"/></temps><temps name="out"><temp name="T158"/><temp name="T8"/><temp name="T368"/></temps></instruction><instruction code="OR T159, T368, 0"><temps name="use"><temp name="T368"/></temps><temps name="def"><temp name="T159"/></temps><temps name="in"><temp name="T158"/><temp name="T8"/><temp name="T368"/></temps><temps name="out"><temp name="T158"/><temp name="T159"/><temp name="T8"/></temps></instruction><instruction code="CMP T369, T158, T159"><temps name="use"><temp name="T158"/><temp name="T159"/></temps><temps name="def"><temp name="T369"/></temps><temps name="in"><temp name="T158"/><temp name="T159"/><temp name="T8"/></temps><temps name="out"><temp name="T8"/><temp name="T369"/></temps></instruction><instruction code="ZSP T369, T369, 1"><temps name="use"><temp name="T369"/></temps><temps name="def"><temp name="T369"/></temps><temps name="in"><temp name="T8"/><temp name="T369"/></temps><temps name="out"><temp name="T8"/><temp name="T369"/></temps></instruction><instruction code="OR T160, T369, 0"><temps name="use"><temp name="T369"/></temps><temps name="def"><temp name="T160"/></temps><temps name="in"><temp name="T8"/><temp name="T369"/></temps><temps name="out"><temp name="T8"/><temp name="T160"/></temps></instruction><instruction code="BNZ T160, L4"><temps name="use"><temp name="T160"/></temps><temps name="def"/><temps name="in"><temp name="T8"/><temp name="T160"/></temps><temps name="out"><temp name="T8"/></temps></instruction><instruction code="L31"><temps name="use"/><temps name="def"/><temps name="in"><temp name="T8"/></temps><temps name="out"><temp name="T8"/></temps></instruction><instruction code="LDA T370, L5"><temps name="use"/><temps name="def"><temp name="T370"/></temps><temps name="in"><temp name="T8"/></temps><temps name="out"><temp name="T370"/><temp name="T8"/></temps></instruction><instruction code="GO T370, T370, 0"><temps name="use"><temp name="T370"/></temps><temps name="def"><temp name="T370"/></temps><temps name="in"><temp name="T370"/><temp name="T8"/></temps><temps name="out"><temp name="T8"/></temps></instruction><instruction code="L4"><temps name="use"/><temps name="def"/><temps name="in"><temp name="T8"/></temps><temps name="out"><temp name="T8"/></temps></instruction><instruction code="SETL  T371, 50"><temps name="use"/><temps name="def"><temp name="T371"/></temps><temps name="in"><temp name="T8"/></temps><temps name="out"><temp name="T8"/></temps></instruction><instruction code="INCML T371, 0"><temps name="use"/><temps name="def"><temp name="T371"/></temps><temps name="in"><temp name="T8"/></temps><temps name="out"><temp name="T8"/></temps></instruction><instruction code="INCMH T371, 0"><temps name="use"/><temps name="def"><temp name="T371"/></temps><temps name="in"><temp name="T8"/></temps><temps name="out"><temp name="T8"/></temps></instruction><instruction code="INCH  T371, 0"><temps name="use"/><temps name="def"><temp name="T371"/></temps><temps name="in"><temp name="T8"/></temps><temps name="out"><temp name="T371"/><temp name="T8"/></temps></instruction><instruction code="OR T161, T371, 0"><temps name="use"><temp name="T371"/></temps><temps name="def"><temp name="T161"/></temps><temps name="in"><temp name="T371"/><temp name="T8"/></temps><temps name="out"><temp name="T161"/><temp name="T8"/></temps></instruction><instruction code="LDA T372, _global"><temps name="use"/><temps name="def"><temp name="T372"/></temps><temps name="in"><temp name="T161"/><temp name="T8"/></temps><temps name="out"><temp name="T372"/><temp name="T161"/><temp name="T8"/></temps></instruction><instruction code="SETL  T373, 0"><temps name="use"/><temps name="def"><temp name="T373"/></temps><temps name="in"><temp name="T372"/><temp name="T161"/><temp name="T8"/></temps><temps name="out"><temp name="T372"/><temp name="T161"/><temp name="T8"/></temps></instruction><instruction code="INCML T373, 0"><temps name="use"/><temps name="def"><temp name="T373"/></temps><temps name="in"><temp name="T372"/><temp name="T161"/><temp name="T8"/></temps><temps name="out"><temp name="T372"/><temp name="T161"/><temp name="T8"/></temps></instruction><instruction code="INCMH T373, 0"><temps name="use"/><temps name="def"><temp name="T373"/></temps><temps name="in"><temp name="T372"/><temp name="T161"/><temp name="T8"/></temps><temps name="out"><temp name="T372"/><temp name="T161"/><temp name="T8"/></temps></instruction><instruction code="INCH  T373, 0"><temps name="use"/><temps name="def"><temp name="T373"/></temps><temps name="in"><temp name="T372"/><temp name="T161"/><temp name="T8"/></temps><temps name="out"><temp name="T372"/><temp name="T161"/><temp name="T8"/><temp name="T373"/></temps></instruction><instruction code="ADD T374, T372, T373"><temps name="use"><temp name="T372"/><temp name="T373"/></temps><temps name="def"><temp name="T374"/></temps><temps name="in"><temp name="T372"/><temp name="T161"/><temp name="T8"/><temp name="T373"/></temps><temps name="out"><temp name="T161"/><temp name="T8"/><temp name="T374"/></temps></instruction><instruction code="STO T374, T161, 0"><temps name="use"><temp name="T374"/><temp name="T161"/></temps><temps name="def"/><temps name="in"><temp name="T161"/><temp name="T8"/><temp name="T374"/></temps><temps name="out"><temp name="T8"/></temps></instruction><instruction code="SETL  T376, 3"><temps name="use"/><temps name="def"><temp name="T376"/></temps><temps name="in"><temp name="T8"/></temps><temps name="out"><temp name="T8"/></temps></instruction><instruction code="INCML T376, 0"><temps name="use"/><temps name="def"><temp name="T376"/></temps><temps name="in"><temp name="T8"/></temps><temps name="out"><temp name="T8"/></temps></instruction><instruction code="INCMH T376, 0"><temps name="use"/><temps name="def"><temp name="T376"/></temps><temps name="in"><temp name="T8"/></temps><temps name="out"><temp name="T8"/></temps></instruction><instruction code="INCH  T376, 0"><temps name="use"/><temps name="def"><temp name="T376"/></temps><temps name="in"><temp name="T8"/></temps><temps name="out"><temp name="T8"/><temp name="T376"/></temps></instruction><instruction code="OR T162, T376, 0"><temps name="use"><temp name="T376"/></temps><temps name="def"><temp name="T162"/></temps><temps name="in"><temp name="T8"/><temp name="T376"/></temps><temps name="out"><temp name="T8"/><temp name="T162"/></temps></instruction><instruction code="SETL  T377, 3"><temps name="use"/><temps name="def"><temp name="T377"/></temps><temps name="in"><temp name="T8"/><temp name="T162"/></temps><temps name="out"><temp name="T8"/><temp name="T162"/></temps></instruction><instruction code="INCML T377, 0"><temps name="use"/><temps name="def"><temp name="T377"/></temps><temps name="in"><temp name="T8"/><temp name="T162"/></temps><temps name="out"><temp name="T8"/><temp name="T162"/></temps></instruction><instruction code="INCMH T377, 0"><temps name="use"/><temps name="def"><temp name="T377"/></temps><temps name="in"><temp name="T8"/><temp name="T162"/></temps><temps name="out"><temp name="T8"/><temp name="T162"/></temps></instruction><instruction code="INCH  T377, 0"><temps name="use"/><temps name="def"><temp name="T377"/></temps><temps name="in"><temp name="T8"/><temp name="T162"/></temps><temps name="out"><temp name="T8"/><temp name="T162"/><temp name="T377"/></temps></instruction><instruction code="OR T163, T377, 0"><temps name="use"><temp name="T377"/></temps><temps name="def"><temp name="T163"/></temps><temps name="in"><temp name="T8"/><temp name="T162"/><temp name="T377"/></temps><temps name="out"><temp name="T8"/><temp name="T163"/><temp name="T162"/></temps></instruction><instruction code="LDA T378, _global"><temps name="use"/><temps name="def"><temp name="T378"/></temps><temps name="in"><temp name="T8"/><temp name="T163"/><temp name="T162"/></temps><temps name="out"><temp name="T8"/><temp name="T163"/><temp name="T378"/><temp name="T162"/></temps></instruction><instruction code="SETL  T379, 0"><temps name="use"/><temps name="def"><temp name="T379"/></temps><temps name="in"><temp name="T8"/><temp name="T163"/><temp name="T378"/><temp name="T162"/></temps><temps name="out"><temp name="T8"/><temp name="T163"/><temp name="T378"/><temp name="T162"/></temps></instruction><instruction code="INCML T379, 0"><temps name="use"/><temps name="def"><temp name="T379"/></temps><temps name="in"><temp name="T8"/><temp name="T163"/><temp name="T378"/><temp name="T162"/></temps><temps name="out"><temp name="T8"/><temp name="T163"/><temp name="T378"/><temp name="T162"/></temps></instruction><instruction code="INCMH T379, 0"><temps name="use"/><temps name="def"><temp name="T379"/></temps><temps name="in"><temp name="T8"/><temp name="T163"/><temp name="T378"/><temp name="T162"/></temps><temps name="out"><temp name="T8"/><temp name="T163"/><temp name="T378"/><temp name="T162"/></temps></instruction><instruction code="INCH  T379, 0"><temps name="use"/><temps name="def"><temp name="T379"/></temps><temps name="in"><temp name="T8"/><temp name="T163"/><temp name="T378"/><temp name="T162"/></temps><temps name="out"><temp name="T8"/><temp name="T163"/><temp name="T378"/><temp name="T162"/><temp name="T379"/></temps></instruction><instruction code="ADD T380, T378, T379"><temps name="use"><temp name="T378"/><temp name="T379"/></temps><temps name="def"><temp name="T380"/></temps><temps name="in"><temp name="T8"/><temp name="T163"/><temp name="T378"/><temp name="T162"/><temp name="T379"/></temps><temps name="out"><temp name="T380"/><temp name="T8"/><temp name="T163"/><temp name="T162"/></temps></instruction><instruction code="STO T380, T163, 0"><temps name="use"><temp name="T380"/><temp name="T163"/></temps><temps name="def"/><temps name="in"><temp name="T380"/><temp name="T8"/><temp name="T163"/><temp name="T162"/></temps><temps name="out"><temp name="T8"/><temp name="T162"/></temps></instruction><instruction code="LDA T382, _global"><temps name="use"/><temps name="def"><temp name="T382"/></temps><temps name="in"><temp name="T8"/><temp name="T162"/></temps><temps name="out"><temp name="T382"/><temp name="T8"/><temp name="T162"/></temps></instruction><instruction code="OR T164, T382, 0"><temps name="use"><temp name="T382"/></temps><temps name="def"><temp name="T164"/></temps><temps name="in"><temp name="T382"/><temp name="T8"/><temp name="T162"/></temps><temps name="out"><temp name="T8"/><temp name="T164"/><temp name="T162"/></temps></instruction><instruction code="SETL  T383, 0"><temps name="use"/><temps name="def"><temp name="T383"/></temps><temps name="in"><temp name="T8"/><temp name="T164"/><temp name="T162"/></temps><temps name="out"><temp name="T8"/><temp name="T164"/><temp name="T162"/></temps></instruction><instruction code="INCML T383, 0"><temps name="use"/><temps name="def"><temp name="T383"/></temps><temps name="in"><temp name="T8"/><temp name="T164"/><temp name="T162"/></temps><temps name="out"><temp name="T8"/><temp name="T164"/><temp name="T162"/></temps></instruction><instruction code="INCMH T383, 0"><temps name="use"/><temps name="def"><temp name="T383"/></temps><temps name="in"><temp name="T8"/><temp name="T164"/><temp name="T162"/></temps><temps name="out"><temp name="T8"/><temp name="T164"/><temp name="T162"/></temps></instruction><instruction code="INCH  T383, 0"><temps name="use"/><temps name="def"><temp name="T383"/></temps><temps name="in"><temp name="T8"/><temp name="T164"/><temp name="T162"/></temps><temps name="out"><temp name="T8"/><temp name="T164"/><temp name="T162"/><temp name="T383"/></temps></instruction><instruction code="OR T165, T383, 0"><temps name="use"><temp name="T383"/></temps><temps name="def"><temp name="T165"/></temps><temps name="in"><temp name="T8"/><temp name="T164"/><temp name="T162"/><temp name="T383"/></temps><temps name="out"><temp name="T8"/><temp name="T164"/><temp name="T162"/><temp name="T165"/></temps></instruction><instruction code="ADD T384, T164, T165"><temps name="use"><temp name="T164"/><temp name="T165"/></temps><temps name="def"><temp name="T384"/></temps><temps name="in"><temp name="T8"/><temp name="T164"/><temp name="T162"/><temp name="T165"/></temps><temps name="out"><temp name="T8"/><temp name="T384"/><temp name="T162"/></temps></instruction><instruction code="OR T166, T384, 0"><temps name="use"><temp name="T384"/></temps><temps name="def"><temp name="T166"/></temps><temps name="in"><temp name="T8"/><temp name="T384"/><temp name="T162"/></temps><temps name="out"><temp name="T8"/><temp name="T162"/><temp name="T166"/></temps></instruction><instruction code="OR T167, T166, 0"><temps name="use"><temp name="T166"/></temps><temps name="def"><temp name="T167"/></temps><temps name="in"><temp name="T8"/><temp name="T162"/><temp name="T166"/></temps><temps name="out"><temp name="T8"/><temp name="T162"/><temp name="T167"/></temps></instruction><instruction code="OR T168, T167, 0"><temps name="use"><temp name="T167"/></temps><temps name="def"><temp name="T168"/></temps><temps name="in"><temp name="T8"/><temp name="T162"/><temp name="T167"/></temps><temps name="out"><temp name="T168"/><temp name="T8"/><temp name="T162"/></temps></instruction><instruction code="ADD T386, T162, T168"><temps name="use"><temp name="T162"/><temp name="T168"/></temps><temps name="def"><temp name="T386"/></temps><temps name="in"><temp name="T168"/><temp name="T8"/><temp name="T162"/></temps><temps name="out"><temp name="T8"/><temp name="T386"/></temps></instruction><instruction code="OR T169, T386, 0"><temps name="use"><temp name="T386"/></temps><temps name="def"><temp name="T169"/></temps><temps name="in"><temp name="T8"/><temp name="T386"/></temps><temps name="out"><temp name="T169"/><temp name="T8"/></temps></instruction><instruction code="LDA T387, _global"><temps name="use"/><temps name="def"><temp name="T387"/></temps><temps name="in"><temp name="T169"/><temp name="T8"/></temps><temps name="out"><temp name="T169"/><temp name="T8"/><temp name="T387"/></temps></instruction><instruction code="SETL  T388, 8"><temps name="use"/><temps name="def"><temp name="T388"/></temps><temps name="in"><temp name="T169"/><temp name="T8"/><temp name="T387"/></temps><temps name="out"><temp name="T169"/><temp name="T8"/><temp name="T387"/></temps></instruction><instruction code="INCML T388, 0"><temps name="use"/><temps name="def"><temp name="T388"/></temps><temps name="in"><temp name="T169"/><temp name="T8"/><temp name="T387"/></temps><temps name="out"><temp name="T169"/><temp name="T8"/><temp name="T387"/></temps></instruction><instruction code="INCMH T388, 0"><temps name="use"/><temps name="def"><temp name="T388"/></temps><temps name="in"><temp name="T169"/><temp name="T8"/><temp name="T387"/></temps><temps name="out"><temp name="T169"/><temp name="T8"/><temp name="T387"/></temps></instruction><instruction code="INCH  T388, 0"><temps name="use"/><temps name="def"><temp name="T388"/></temps><temps name="in"><temp name="T169"/><temp name="T8"/><temp name="T387"/></temps><temps name="out"><temp name="T169"/><temp name="T8"/><temp name="T387"/><temp name="T388"/></temps></instruction><instruction code="ADD T389, T387, T388"><temps name="use"><temp name="T387"/><temp name="T388"/></temps><temps name="def"><temp name="T389"/></temps><temps name="in"><temp name="T169"/><temp name="T8"/><temp name="T387"/><temp name="T388"/></temps><temps name="out"><temp name="T169"/><temp name="T8"/><temp name="T389"/></temps></instruction><instruction code="STO T389, T169, 0"><temps name="use"><temp name="T389"/><temp name="T169"/></temps><temps name="def"/><temps name="in"><temp name="T169"/><temp name="T8"/><temp name="T389"/></temps><temps name="out"><temp name="T8"/></temps></instruction><instruction code="LDA T391, L6"><temps name="use"/><temps name="def"><temp name="T391"/></temps><temps name="in"><temp name="T8"/></temps><temps name="out"><temp name="T8"/><temp name="T391"/></temps></instruction><instruction code="GO T391, T391, 0"><temps name="use"><temp name="T391"/></temps><temps name="def"><temp name="T391"/></temps><temps name="in"><temp name="T8"/><temp name="T391"/></temps><temps name="out"><temp name="T8"/></temps></instruction><instruction code="L5"><temps name="use"/><temps name="def"/><temps name="in"><temp name="T8"/></temps><temps name="out"><temp name="T8"/></temps></instruction><instruction code="SETL  T392, 49"><temps name="use"/><temps name="def"><temp name="T392"/></temps><temps name="in"><temp name="T8"/></temps><temps name="out"><temp name="T8"/></temps></instruction><instruction code="INCML T392, 0"><temps name="use"/><temps name="def"><temp name="T392"/></temps><temps name="in"><temp name="T8"/></temps><temps name="out"><temp name="T8"/></temps></instruction><instruction code="INCMH T392, 0"><temps name="use"/><temps name="def"><temp name="T392"/></temps><temps name="in"><temp name="T8"/></temps><temps name="out"><temp name="T8"/></temps></instruction><instruction code="INCH  T392, 0"><temps name="use"/><temps name="def"><temp name="T392"/></temps><temps name="in"><temp name="T8"/></temps><temps name="out"><temp name="T8"/><temp name="T392"/></temps></instruction><instruction code="OR T170, T392, 0"><temps name="use"><temp name="T392"/></temps><temps name="def"><temp name="T170"/></temps><temps name="in"><temp name="T8"/><temp name="T392"/></temps><temps name="out"><temp name="T8"/><temp name="T170"/></temps></instruction><instruction code="LDA T393, _global"><temps name="use"/><temps name="def"><temp name="T393"/></temps><temps name="in"><temp name="T8"/><temp name="T170"/></temps><temps name="out"><temp name="T393"/><temp name="T8"/><temp name="T170"/></temps></instruction><instruction code="SETL  T394, 0"><temps name="use"/><temps name="def"><temp name="T394"/></temps><temps name="in"><temp name="T393"/><temp name="T8"/><temp name="T170"/></temps><temps name="out"><temp name="T393"/><temp name="T8"/><temp name="T170"/></temps></instruction><instruction code="INCML T394, 0"><temps name="use"/><temps name="def"><temp name="T394"/></temps><temps name="in"><temp name="T393"/><temp name="T8"/><temp name="T170"/></temps><temps name="out"><temp name="T393"/><temp name="T8"/><temp name="T170"/></temps></instruction><instruction code="INCMH T394, 0"><temps name="use"/><temps name="def"><temp name="T394"/></temps><temps name="in"><temp name="T393"/><temp name="T8"/><temp name="T170"/></temps><temps name="out"><temp name="T393"/><temp name="T8"/><temp name="T170"/></temps></instruction><instruction code="INCH  T394, 0"><temps name="use"/><temps name="def"><temp name="T394"/></temps><temps name="in"><temp name="T393"/><temp name="T8"/><temp name="T170"/></temps><temps name="out"><temp name="T393"/><temp name="T8"/><temp name="T170"/><temp name="T394"/></temps></instruction><instruction code="ADD T395, T393, T394"><temps name="use"><temp name="T393"/><temp name="T394"/></temps><temps name="def"><temp name="T395"/></temps><temps name="in"><temp name="T393"/><temp name="T8"/><temp name="T170"/><temp name="T394"/></temps><temps name="out"><temp name="T8"/><temp name="T170"/><temp name="T395"/></temps></instruction><instruction code="STO T395, T170, 0"><temps name="use"><temp name="T395"/><temp name="T170"/></temps><temps name="def"/><temps name="in"><temp name="T8"/><temp name="T170"/><temp name="T395"/></temps><temps name="out"><temp name="T8"/></temps></instruction><instruction code="SETL  T397, 2"><temps name="use"/><temps name="def"><temp name="T397"/></temps><temps name="in"><temp name="T8"/></temps><temps name="out"><temp name="T8"/></temps></instruction><instruction code="INCML T397, 0"><temps name="use"/><temps name="def"><temp name="T397"/></temps><temps name="in"><temp name="T8"/></temps><temps name="out"><temp name="T8"/></temps></instruction><instruction code="INCMH T397, 0"><temps name="use"/><temps name="def"><temp name="T397"/></temps><temps name="in"><temp name="T8"/></temps><temps name="out"><temp name="T8"/></temps></instruction><instruction code="INCH  T397, 0"><temps name="use"/><temps name="def"><temp name="T397"/></temps><temps name="in"><temp name="T8"/></temps><temps name="out"><temp name="T8"/><temp name="T397"/></temps></instruction><instruction code="OR T171, T397, 0"><temps name="use"><temp name="T397"/></temps><temps name="def"><temp name="T171"/></temps><temps name="in"><temp name="T8"/><temp name="T397"/></temps><temps name="out"><temp name="T8"/><temp name="T171"/></temps></instruction><instruction code="LDA T398, _global"><temps name="use"/><temps name="def"><temp name="T398"/></temps><temps name="in"><temp name="T8"/><temp name="T171"/></temps><temps name="out"><temp name="T8"/><temp name="T398"/><temp name="T171"/></temps></instruction><instruction code="SETL  T399, 8"><temps name="use"/><temps name="def"><temp name="T399"/></temps><temps name="in"><temp name="T8"/><temp name="T398"/><temp name="T171"/></temps><temps name="out"><temp name="T8"/><temp name="T398"/><temp name="T171"/></temps></instruction><instruction code="INCML T399, 0"><temps name="use"/><temps name="def"><temp name="T399"/></temps><temps name="in"><temp name="T8"/><temp name="T398"/><temp name="T171"/></temps><temps name="out"><temp name="T8"/><temp name="T398"/><temp name="T171"/></temps></instruction><instruction code="INCMH T399, 0"><temps name="use"/><temps name="def"><temp name="T399"/></temps><temps name="in"><temp name="T8"/><temp name="T398"/><temp name="T171"/></temps><temps name="out"><temp name="T8"/><temp name="T398"/><temp name="T171"/></temps></instruction><instruction code="INCH  T399, 0"><temps name="use"/><temps name="def"><temp name="T399"/></temps><temps name="in"><temp name="T8"/><temp name="T398"/><temp name="T171"/></temps><temps name="out"><temp name="T8"/><temp name="T398"/><temp name="T399"/><temp name="T171"/></temps></instruction><instruction code="ADD T400, T398, T399"><temps name="use"><temp name="T398"/><temp name="T399"/></temps><temps name="def"><temp name="T400"/></temps><temps name="in"><temp name="T8"/><temp name="T398"/><temp name="T399"/><temp name="T171"/></temps><temps name="out"><temp name="T8"/><temp name="T400"/><temp name="T171"/></temps></instruction><instruction code="STO T400, T171, 0"><temps name="use"><temp name="T400"/><temp name="T171"/></temps><temps name="def"/><temps name="in"><temp name="T8"/><temp name="T400"/><temp name="T171"/></temps><temps name="out"><temp name="T8"/></temps></instruction><instruction code="L6"><temps name="use"/><temps name="def"/><temps name="in"><temp name="T8"/></temps><temps name="out"><temp name="T8"/></temps></instruction><instruction code="SETL  T402, 0"><temps name="use"/><temps name="def"><temp name="T402"/></temps><temps name="in"><temp name="T8"/></temps><temps name="out"><temp name="T8"/></temps></instruction><instruction code="INCML T402, 0"><temps name="use"/><temps name="def"><temp name="T402"/></temps><temps name="in"><temp name="T8"/></temps><temps name="out"><temp name="T8"/></temps></instruction><instruction code="INCMH T402, 0"><temps name="use"/><temps name="def"><temp name="T402"/></temps><temps name="in"><temp name="T8"/></temps><temps name="out"><temp name="T8"/></temps></instruction><instruction code="INCH  T402, 0"><temps name="use"/><temps name="def"><temp name="T402"/></temps><temps name="in"><temp name="T8"/></temps><temps name="out"><temp name="T8"/><temp name="T402"/></temps></instruction><instruction code="OR T172, T402, 0"><temps name="use"><temp name="T402"/></temps><temps name="def"><temp name="T172"/></temps><temps name="in"><temp name="T8"/><temp name="T402"/></temps><temps name="out"><temp name="T8"/><temp name="T172"/></temps></instruction><instruction code="STO T172, $254, 8"><temps name="use"><temp name="T172"/></temps><temps name="def"/><temps name="in"><temp name="T8"/><temp name="T172"/></temps><temps name="out"><temp name="T8"/></temps></instruction><instruction code="LDA T403, _x"><temps name="use"/><temps name="def"><temp name="T403"/></temps><temps name="in"><temp name="T8"/></temps><temps name="out"><temp name="T8"/><temp name="T403"/></temps></instruction><instruction code="PUSHJ $16, T403, 0"><temps name="use"><temp name="T403"/></temps><temps name="def"/><temps name="in"><temp name="T8"/><temp name="T403"/></temps><temps name="out"><temp name="T8"/></temps></instruction><instruction code="LDO T404, $254, 0"><temps name="use"/><temps name="def"><temp name="T404"/></temps><temps name="in"><temp name="T8"/></temps><temps name="out"><temp name="T8"/><temp name="T404"/></temps></instruction><instruction code="OR T173, T404, 0"><temps name="use"><temp name="T404"/></temps><temps name="def"><temp name="T173"/></temps><temps name="in"><temp name="T8"/><temp name="T404"/></temps><temps name="out"><temp name="T8"/><temp name="T173"/></temps></instruction><instruction code="SETL  T405, 50"><temps name="use"/><temps name="def"><temp name="T405"/></temps><temps name="in"><temp name="T8"/><temp name="T173"/></temps><temps name="out"><temp name="T8"/><temp name="T173"/></temps></instruction><instruction code="INCML T405, 0"><temps name="use"/><temps name="def"><temp name="T405"/></temps><temps name="in"><temp name="T8"/><temp name="T173"/></temps><temps name="out"><temp name="T8"/><temp name="T173"/></temps></instruction><instruction code="INCMH T405, 0"><temps name="use"/><temps name="def"><temp name="T405"/></temps><temps name="in"><temp name="T8"/><temp name="T173"/></temps><temps name="out"><temp name="T8"/><temp name="T173"/></temps></instruction><instruction code="INCH  T405, 0"><temps name="use"/><temps name="def"><temp name="T405"/></temps><temps name="in"><temp name="T8"/><temp name="T173"/></temps><temps name="out"><temp name="T405"/><temp name="T8"/><temp name="T173"/></temps></instruction><instruction code="OR T174, T405, 0"><temps name="use"><temp name="T405"/></temps><temps name="def"><temp name="T174"/></temps><temps name="in"><temp name="T405"/><temp name="T8"/><temp name="T173"/></temps><temps name="out"><temp name="T174"/><temp name="T8"/><temp name="T173"/></temps></instruction><instruction code="CMP T406, T173, T174"><temps name="use"><temp name="T173"/><temp name="T174"/></temps><temps name="def"><temp name="T406"/></temps><temps name="in"><temp name="T174"/><temp name="T8"/><temp name="T173"/></temps><temps name="out"><temp name="T8"/><temp name="T406"/></temps></instruction><instruction code="ZSP T406, T406, 1"><temps name="use"><temp name="T406"/></temps><temps name="def"><temp name="T406"/></temps><temps name="in"><temp name="T8"/><temp name="T406"/></temps><temps name="out"><temp name="T8"/><temp name="T406"/></temps></instruction><instruction code="OR T175, T406, 0"><temps name="use"><temp name="T406"/></temps><temps name="def"><temp name="T175"/></temps><temps name="in"><temp name="T8"/><temp name="T406"/></temps><temps name="out"><temp name="T8"/><temp name="T175"/></temps></instruction><instruction code="BNZ T175, L7"><temps name="use"><temp name="T175"/></temps><temps name="def"/><temps name="in"><temp name="T8"/><temp name="T175"/></temps><temps name="out"><temp name="T8"/></temps></instruction><instruction code="L32"><temps name="use"/><temps name="def"/><temps name="in"><temp name="T8"/></temps><temps name="out"><temp name="T8"/></temps></instruction><instruction code="LDA T407, L8"><temps name="use"/><temps name="def"><temp name="T407"/></temps><temps name="in"><temp name="T8"/></temps><temps name="out"><temp name="T407"/><temp name="T8"/></temps></instruction><instruction code="GO T407, T407, 0"><temps name="use"><temp name="T407"/></temps><temps name="def"><temp name="T407"/></temps><temps name="in"><temp name="T407"/><temp name="T8"/></temps><temps name="out"><temp name="T8"/></temps></instruction><instruction code="L7"><temps name="use"/><temps name="def"/><temps name="in"><temp name="T8"/></temps><temps name="out"><temp name="T8"/></temps></instruction><instruction code="SETL  T408, 1"><temps name="use"/><temps name="def"><temp name="T408"/></temps><temps name="in"><temp name="T8"/></temps><temps name="out"><temp name="T8"/></temps></instruction><instruction code="INCML T408, 0"><temps name="use"/><temps name="def"><temp name="T408"/></temps><temps name="in"><temp name="T8"/></temps><temps name="out"><temp name="T8"/></temps></instruction><instruction code="INCMH T408, 0"><temps name="use"/><temps name="def"><temp name="T408"/></temps><temps name="in"><temp name="T8"/></temps><temps name="out"><temp name="T8"/></temps></instruction><instruction code="INCH  T408, 0"><temps name="use"/><temps name="def"><temp name="T408"/></temps><temps name="in"><temp name="T8"/></temps><temps name="out"><temp name="T408"/><temp name="T8"/></temps></instruction><instruction code="OR T176, T408, 0"><temps name="use"><temp name="T408"/></temps><temps name="def"><temp name="T176"/></temps><temps name="in"><temp name="T408"/><temp name="T8"/></temps><temps name="out"><temp name="T8"/></temps></instruction><instruction code="L8"><temps name="use"/><temps name="def"/><temps name="in"><temp name="T8"/></temps><temps name="out"><temp name="T8"/></temps></instruction><instruction code="L14"><temps name="use"/><temps name="def"/><temps name="in"><temp name="T8"/></temps><temps name="out"><temp name="T8"/></temps></instruction><instruction code="OR T177, T8, 0"><temps name="use"><temp name="T8"/></temps><temps name="def"><temp name="T177"/></temps><temps name="in"><temp name="T8"/></temps><temps name="out"><temp name="T8"/><temp name="T177"/></temps></instruction><instruction code="SETL  T409, 3"><temps name="use"/><temps name="def"><temp name="T409"/></temps><temps name="in"><temp name="T8"/><temp name="T177"/></temps><temps name="out"><temp name="T8"/><temp name="T177"/></temps></instruction><instruction code="INCML T409, 0"><temps name="use"/><temps name="def"><temp name="T409"/></temps><temps name="in"><temp name="T8"/><temp name="T177"/></temps><temps name="out"><temp name="T8"/><temp name="T177"/></temps></instruction><instruction code="INCMH T409, 0"><temps name="use"/><temps name="def"><temp name="T409"/></temps><temps name="in"><temp name="T8"/><temp name="T177"/></temps><temps name="out"><temp name="T8"/><temp name="T177"/></temps></instruction><instruction code="INCH  T409, 0"><temps name="use"/><temps name="def"><temp name="T409"/></temps><temps name="in"><temp name="T8"/><temp name="T177"/></temps><temps name="out"><temp name="T8"/><temp name="T409"/><temp name="T177"/></temps></instruction><instruction code="OR T178, T409, 0"><temps name="use"><temp name="T409"/></temps><temps name="def"><temp name="T178"/></temps><temps name="in"><temp name="T8"/><temp name="T409"/><temp name="T177"/></temps><temps name="out"><temp name="T8"/><temp name="T177"/><temp name="T178"/></temps></instruction><instruction code="SETL  T410, 3"><temps name="use"/><temps name="def"><temp name="T410"/></temps><temps name="in"><temp name="T8"/><temp name="T177"/><temp name="T178"/></temps><temps name="out"><temp name="T8"/><temp name="T177"/><temp name="T178"/></temps></instruction><instruction code="INCML T410, 0"><temps name="use"/><temps name="def"><temp name="T410"/></temps><temps name="in"><temp name="T8"/><temp name="T177"/><temp name="T178"/></temps><temps name="out"><temp name="T8"/><temp name="T177"/><temp name="T178"/></temps></instruction><instruction code="INCMH T410, 0"><temps name="use"/><temps name="def"><temp name="T410"/></temps><temps name="in"><temp name="T8"/><temp name="T177"/><temp name="T178"/></temps><temps name="out"><temp name="T8"/><temp name="T177"/><temp name="T178"/></temps></instruction><instruction code="INCH  T410, 0"><temps name="use"/><temps name="def"><temp name="T410"/></temps><temps name="in"><temp name="T8"/><temp name="T177"/><temp name="T178"/></temps><temps name="out"><temp name="T8"/><temp name="T177"/><temp name="T178"/><temp name="T410"/></temps></instruction><instruction code="OR T179, T410, 0"><temps name="use"><temp name="T410"/></temps><temps name="def"><temp name="T179"/></temps><temps name="in"><temp name="T8"/><temp name="T177"/><temp name="T178"/><temp name="T410"/></temps><temps name="out"><temp name="T8"/><temp name="T177"/><temp name="T179"/><temp name="T178"/></temps></instruction><instruction code="STO T177, $254, 8"><temps name="use"><temp name="T177"/></temps><temps name="def"/><temps name="in"><temp name="T8"/><temp name="T177"/><temp name="T179"/><temp name="T178"/></temps><temps name="out"><temp name="T8"/><temp name="T179"/><temp name="T178"/></temps></instruction><instruction code="STO T178, $254, 16"><temps name="use"><temp name="T178"/></temps><temps name="def"/><temps name="in"><temp name="T8"/><temp name="T179"/><temp name="T178"/></temps><temps name="out"><temp name="T8"/><temp name="T179"/></temps></instruction><instruction code="STO T179, $254, 24"><temps name="use"><temp name="T179"/></temps><temps name="def"/><temps name="in"><temp name="T8"/><temp name="T179"/></temps><temps name="out"><temp name="T8"/></temps></instruction><instruction code="LDA T411, L0"><temps name="use"/><temps name="def"><temp name="T411"/></temps><temps name="in"><temp name="T8"/></temps><temps name="out"><temp name="T8"/><temp name="T411"/></temps></instruction><instruction code="PUSHJ $16, T411, 0"><temps name="use"><temp name="T411"/></temps><temps name="def"/><temps name="in"><temp name="T8"/><temp name="T411"/></temps><temps name="out"><temp name="T8"/></temps></instruction><instruction code="LDO T412, $254, 0"><temps name="use"/><temps name="def"><temp name="T412"/></temps><temps name="in"><temp name="T8"/></temps><temps name="out"><temp name="T412"/><temp name="T8"/></temps></instruction><instruction code="OR T180, T412, 0"><temps name="use"><temp name="T412"/></temps><temps name="def"><temp name="T180"/></temps><temps name="in"><temp name="T412"/><temp name="T8"/></temps><temps name="out"><temp name="T8"/><temp name="T180"/></temps></instruction><instruction code="SETL  T413, 0"><temps name="use"/><temps name="def"><temp name="T413"/></temps><temps name="in"><temp name="T8"/><temp name="T180"/></temps><temps name="out"><temp name="T8"/><temp name="T180"/></temps></instruction><instruction code="INCML T413, 0"><temps name="use"/><temps name="def"><temp name="T413"/></temps><temps name="in"><temp name="T8"/><temp name="T180"/></temps><temps name="out"><temp name="T8"/><temp name="T180"/></temps></instruction><instruction code="INCMH T413, 0"><temps name="use"/><temps name="def"><temp name="T413"/></temps><temps name="in"><temp name="T8"/><temp name="T180"/></temps><temps name="out"><temp name="T8"/><temp name="T180"/></temps></instruction><instruction code="INCH  T413, 0"><temps name="use"/><temps name="def"><temp name="T413"/></temps><temps name="in"><temp name="T8"/><temp name="T180"/></temps><temps name="out"><temp name="T8"/><temp name="T413"/><temp name="T180"/></temps></instruction><instruction code="OR T181, T413, 0"><temps name="use"><temp name="T413"/></temps><temps name="def"><temp name="T181"/></temps><temps name="in"><temp name="T8"/><temp name="T413"/><temp name="T180"/></temps><temps name="out"><temp name="T8"/><temp name="T181"/><temp name="T180"/></temps></instruction><instruction code="CMP T414, T180, T181"><temps name="use"><temp name="T180"/><temp name="T181"/></temps><temps name="def"><temp name="T414"/></temps><temps name="in"><temp name="T8"/><temp name="T181"/><temp name="T180"/></temps><temps name="out"><temp name="T8"/><temp name="T414"/></temps></instruction><instruction code="ZSP T414, T414, 1"><temps name="use"><temp name="T414"/></temps><temps name="def"><temp name="T414"/></temps><temps name="in"><temp name="T8"/><temp name="T414"/></temps><temps name="out"><temp name="T8"/><temp name="T414"/></temps></instruction><instruction code="OR T182, T414, 0"><temps name="use"><temp name="T414"/></temps><temps name="def"><temp name="T182"/></temps><temps name="in"><temp name="T8"/><temp name="T414"/></temps><temps name="out"><temp name="T8"/><temp name="T182"/></temps></instruction><instruction code="BNZ T182, L15"><temps name="use"><temp name="T182"/></temps><temps name="def"/><temps name="in"><temp name="T8"/><temp name="T182"/></temps><temps name="out"><temp name="T8"/></temps></instruction><instruction code="L33"><temps name="use"/><temps name="def"/><temps name="in"><temp name="T8"/></temps><temps name="out"><temp name="T8"/></temps></instruction><instruction code="LDA T415, L16"><temps name="use"/><temps name="def"><temp name="T415"/></temps><temps name="in"><temp name="T8"/></temps><temps name="out"><temp name="T8"/><temp name="T415"/></temps></instruction><instruction code="GO T415, T415, 0"><temps name="use"><temp name="T415"/></temps><temps name="def"><temp name="T415"/></temps><temps name="in"><temp name="T8"/><temp name="T415"/></temps><temps name="out"><temp name="T8"/></temps></instruction><instruction code="L15"><temps name="use"/><temps name="def"/><temps name="in"><temp name="T8"/></temps><temps name="out"><temp name="T8"/></temps></instruction><instruction code="OR T183, T8, 0"><temps name="use"><temp name="T8"/></temps><temps name="def"><temp name="T183"/></temps><temps name="in"><temp name="T8"/></temps><temps name="out"><temp name="T183"/><temp name="T8"/></temps></instruction><instruction code="SETL  T416, 16"><temps name="use"/><temps name="def"><temp name="T416"/></temps><temps name="in"><temp name="T183"/><temp name="T8"/></temps><temps name="out"><temp name="T183"/><temp name="T8"/></temps></instruction><instruction code="INCML T416, 0"><temps name="use"/><temps name="def"><temp name="T416"/></temps><temps name="in"><temp name="T183"/><temp name="T8"/></temps><temps name="out"><temp name="T183"/><temp name="T8"/></temps></instruction><instruction code="INCMH T416, 0"><temps name="use"/><temps name="def"><temp name="T416"/></temps><temps name="in"><temp name="T183"/><temp name="T8"/></temps><temps name="out"><temp name="T183"/><temp name="T8"/></temps></instruction><instruction code="INCH  T416, 0"><temps name="use"/><temps name="def"><temp name="T416"/></temps><temps name="in"><temp name="T183"/><temp name="T8"/></temps><temps name="out"><temp name="T183"/><temp name="T8"/><temp name="T416"/></temps></instruction><instruction code="NEG T416, 0, T416"><temps name="use"><temp name="T416"/></temps><temps name="def"><temp name="T416"/></temps><temps name="in"><temp name="T183"/><temp name="T8"/><temp name="T416"/></temps><temps name="out"><temp name="T183"/><temp name="T8"/><temp name="T416"/></temps></instruction><instruction code="OR T184, T416, 0"><temps name="use"><temp name="T416"/></temps><temps name="def"><temp name="T184"/></temps><temps name="in"><temp name="T183"/><temp name="T8"/><temp name="T416"/></temps><temps name="out"><temp name="T183"/><temp name="T8"/><temp name="T184"/></temps></instruction><instruction code="ADD T417, T183, T184"><temps name="use"><temp name="T183"/><temp name="T184"/></temps><temps name="def"><temp name="T417"/></temps><temps name="in"><temp name="T183"/><temp name="T8"/><temp name="T184"/></temps><temps name="out"><temp name="T8"/><temp name="T417"/></temps></instruction><instruction code="OR T185, T417, 0"><temps name="use"><temp name="T417"/></temps><temps name="def"><temp name="T185"/></temps><temps name="in"><temp name="T8"/><temp name="T417"/></temps><temps name="out"><temp name="T8"/><temp name="T185"/></temps></instruction><instruction code="OR T186, T185, 0"><temps name="use"><temp name="T185"/></temps><temps name="def"><temp name="T186"/></temps><temps name="in"><temp name="T8"/><temp name="T185"/></temps><temps name="out"><temp name="T186"/><temp name="T8"/></temps></instruction><instruction code="SETL  T419, 17"><temps name="use"/><temps name="def"><temp name="T419"/></temps><temps name="in"><temp name="T186"/><temp name="T8"/></temps><temps name="out"><temp name="T186"/><temp name="T8"/></temps></instruction><instruction code="INCML T419, 0"><temps name="use"/><temps name="def"><temp name="T419"/></temps><temps name="in"><temp name="T186"/><temp name="T8"/></temps><temps name="out"><temp name="T186"/><temp name="T8"/></temps></instruction><instruction code="INCMH T419, 0"><temps name="use"/><temps name="def"><temp name="T419"/></temps><temps name="in"><temp name="T186"/><temp name="T8"/></temps><temps name="out"><temp name="T186"/><temp name="T8"/></temps></instruction><instruction code="INCH  T419, 0"><temps name="use"/><temps name="def"><temp name="T419"/></temps><temps name="in"><temp name="T186"/><temp name="T8"/></temps><temps name="out"><temp name="T419"/><temp name="T186"/><temp name="T8"/></temps></instruction><instruction code="OR T187, T419, 0"><temps name="use"><temp name="T419"/></temps><temps name="def"><temp name="T187"/></temps><temps name="in"><temp name="T419"/><temp name="T186"/><temp name="T8"/></temps><temps name="out"><temp name="T187"/><temp name="T186"/><temp name="T8"/></temps></instruction><instruction code="ADD T420, T186, T187"><temps name="use"><temp name="T186"/><temp name="T187"/></temps><temps name="def"><temp name="T420"/></temps><temps name="in"><temp name="T187"/><temp name="T186"/><temp name="T8"/></temps><temps name="out"><temp name="T420"/><temp name="T8"/></temps></instruction><instruction code="OR T188, T420, 0"><temps name="use"><temp name="T420"/></temps><temps name="def"><temp name="T188"/></temps><temps name="in"><temp name="T420"/><temp name="T8"/></temps><temps name="out"><temp name="T8"/><temp name="T188"/></temps></instruction><instruction code="SETL  T421, 16"><temps name="use"/><temps name="def"><temp name="T421"/></temps><temps name="in"><temp name="T8"/><temp name="T188"/></temps><temps name="out"><temp name="T8"/><temp name="T188"/></temps></instruction><instruction code="INCML T421, 0"><temps name="use"/><temps name="def"><temp name="T421"/></temps><temps name="in"><temp name="T8"/><temp name="T188"/></temps><temps name="out"><temp name="T8"/><temp name="T188"/></temps></instruction><instruction code="INCMH T421, 0"><temps name="use"/><temps name="def"><temp name="T421"/></temps><temps name="in"><temp name="T8"/><temp name="T188"/></temps><temps name="out"><temp name="T8"/><temp name="T188"/></temps></instruction><instruction code="INCH  T421, 0"><temps name="use"/><temps name="def"><temp name="T421"/></temps><temps name="in"><temp name="T8"/><temp name="T188"/></temps><temps name="out"><temp name="T8"/><temp name="T421"/><temp name="T188"/></temps></instruction><instruction code="NEG T421, 0, T421"><temps name="use"><temp name="T421"/></temps><temps name="def"><temp name="T421"/></temps><temps name="in"><temp name="T8"/><temp name="T421"/><temp name="T188"/></temps><temps name="out"><temp name="T8"/><temp name="T421"/><temp name="T188"/></temps></instruction><instruction code="ADD T422, T8, T421"><temps name="use"><temp name="T8"/><temp name="T421"/></temps><temps name="def"><temp name="T422"/></temps><temps name="in"><temp name="T8"/><temp name="T421"/><temp name="T188"/></temps><temps name="out"><temp name="T8"/><temp name="T422"/><temp name="T188"/></temps></instruction><instruction code="STO T422, T188, 0"><temps name="use"><temp name="T422"/><temp name="T188"/></temps><temps name="def"/><temps name="in"><temp name="T8"/><temp name="T422"/><temp name="T188"/></temps><temps name="out"><temp name="T8"/></temps></instruction><instruction code="SETL  T424, 0"><temps name="use"/><temps name="def"><temp name="T424"/></temps><temps name="in"><temp name="T8"/></temps><temps name="out"><temp name="T8"/></temps></instruction><instruction code="INCML T424, 0"><temps name="use"/><temps name="def"><temp name="T424"/></temps><temps name="in"><temp name="T8"/></temps><temps name="out"><temp name="T8"/></temps></instruction><instruction code="INCMH T424, 0"><temps name="use"/><temps name="def"><temp name="T424"/></temps><temps name="in"><temp name="T8"/></temps><temps name="out"><temp name="T8"/></temps></instruction><instruction code="INCH  T424, 0"><temps name="use"/><temps name="def"><temp name="T424"/></temps><temps name="in"><temp name="T8"/></temps><temps name="out"><temp name="T8"/><temp name="T424"/></temps></instruction><instruction code="OR T189, T424, 0"><temps name="use"><temp name="T424"/></temps><temps name="def"><temp name="T189"/></temps><temps name="in"><temp name="T8"/><temp name="T424"/></temps><temps name="out"><temp name="T189"/><temp name="T8"/></temps></instruction><instruction code="STO T189, $254, 8"><temps name="use"><temp name="T189"/></temps><temps name="def"/><temps name="in"><temp name="T189"/><temp name="T8"/></temps><temps name="out"><temp name="T8"/></temps></instruction><instruction code="LDA T425, _x"><temps name="use"/><temps name="def"><temp name="T425"/></temps><temps name="in"><temp name="T8"/></temps><temps name="out"><temp name="T425"/><temp name="T8"/></temps></instruction><instruction code="PUSHJ $16, T425, 0"><temps name="use"><temp name="T425"/></temps><temps name="def"/><temps name="in"><temp name="T425"/><temp name="T8"/></temps><temps name="out"><temp name="T8"/></temps></instruction><instruction code="LDO T426, $254, 0"><temps name="use"/><temps name="def"><temp name="T426"/></temps><temps name="in"><temp name="T8"/></temps><temps name="out"><temp name="T426"/><temp name="T8"/></temps></instruction><instruction code="OR T190, T426, 0"><temps name="use"><temp name="T426"/></temps><temps name="def"><temp name="T190"/></temps><temps name="in"><temp name="T426"/><temp name="T8"/></temps><temps name="out"><temp name="T8"/><temp name="T190"/></temps></instruction><instruction code="SETL  T427, 97"><temps name="use"/><temps name="def"><temp name="T427"/></temps><temps name="in"><temp name="T8"/><temp name="T190"/></temps><temps name="out"><temp name="T8"/><temp name="T190"/></temps></instruction><instruction code="INCML T427, 0"><temps name="use"/><temps name="def"><temp name="T427"/></temps><temps name="in"><temp name="T8"/><temp name="T190"/></temps><temps name="out"><temp name="T8"/><temp name="T190"/></temps></instruction><instruction code="INCMH T427, 0"><temps name="use"/><temps name="def"><temp name="T427"/></temps><temps name="in"><temp name="T8"/><temp name="T190"/></temps><temps name="out"><temp name="T8"/><temp name="T190"/></temps></instruction><instruction code="INCH  T427, 0"><temps name="use"/><temps name="def"><temp name="T427"/></temps><temps name="in"><temp name="T8"/><temp name="T190"/></temps><temps name="out"><temp name="T8"/><temp name="T427"/><temp name="T190"/></temps></instruction><instruction code="OR T191, T427, 0"><temps name="use"><temp name="T427"/></temps><temps name="def"><temp name="T191"/></temps><temps name="in"><temp name="T8"/><temp name="T427"/><temp name="T190"/></temps><temps name="out"><temp name="T191"/><temp name="T8"/><temp name="T190"/></temps></instruction><instruction code="CMP T428, T190, T191"><temps name="use"><temp name="T190"/><temp name="T191"/></temps><temps name="def"><temp name="T428"/></temps><temps name="in"><temp name="T191"/><temp name="T8"/><temp name="T190"/></temps><temps name="out"><temp name="T428"/><temp name="T8"/></temps></instruction><instruction code="ZSNN T428, T428, 1"><temps name="use"><temp name="T428"/></temps><temps name="def"><temp name="T428"/></temps><temps name="in"><temp name="T428"/><temp name="T8"/></temps><temps name="out"><temp name="T428"/><temp name="T8"/></temps></instruction><instruction code="OR T192, T428, 0"><temps name="use"><temp name="T428"/></temps><temps name="def"><temp name="T192"/></temps><temps name="in"><temp name="T428"/><temp name="T8"/></temps><temps name="out"><temp name="T192"/><temp name="T8"/></temps></instruction><instruction code="BNZ T192, L11"><temps name="use"><temp name="T192"/></temps><temps name="def"/><temps name="in"><temp name="T192"/><temp name="T8"/></temps><temps name="out"><temp name="T8"/></temps></instruction><instruction code="L34"><temps name="use"/><temps name="def"/><temps name="in"><temp name="T8"/></temps><temps name="out"><temp name="T8"/></temps></instruction><instruction code="LDA T429, L12"><temps name="use"/><temps name="def"><temp name="T429"/></temps><temps name="in"><temp name="T8"/></temps><temps name="out"><temp name="T8"/><temp name="T429"/></temps></instruction><instruction code="GO T429, T429, 0"><temps name="use"><temp name="T429"/></temps><temps name="def"><temp name="T429"/></temps><temps name="in"><temp name="T8"/><temp name="T429"/></temps><temps name="out"><temp name="T8"/></temps></instruction><instruction code="L11"><temps name="use"/><temps name="def"/><temps name="in"><temp name="T8"/></temps><temps name="out"><temp name="T8"/></temps></instruction><instruction code="OR T193, T8, 0"><temps name="use"><temp name="T8"/></temps><temps name="def"><temp name="T193"/></temps><temps name="in"><temp name="T8"/></temps><temps name="out"><temp name="T8"/><temp name="T193"/></temps></instruction><instruction code="SETL  T430, 16"><temps name="use"/><temps name="def"><temp name="T430"/></temps><temps name="in"><temp name="T8"/><temp name="T193"/></temps><temps name="out"><temp name="T8"/><temp name="T193"/></temps></instruction><instruction code="INCML T430, 0"><temps name="use"/><temps name="def"><temp name="T430"/></temps><temps name="in"><temp name="T8"/><temp name="T193"/></temps><temps name="out"><temp name="T8"/><temp name="T193"/></temps></instruction><instruction code="INCMH T430, 0"><temps name="use"/><temps name="def"><temp name="T430"/></temps><temps name="in"><temp name="T8"/><temp name="T193"/></temps><temps name="out"><temp name="T8"/><temp name="T193"/></temps></instruction><instruction code="INCH  T430, 0"><temps name="use"/><temps name="def"><temp name="T430"/></temps><temps name="in"><temp name="T8"/><temp name="T193"/></temps><temps name="out"><temp name="T8"/><temp name="T193"/><temp name="T430"/></temps></instruction><instruction code="NEG T430, 0, T430"><temps name="use"><temp name="T430"/></temps><temps name="def"><temp name="T430"/></temps><temps name="in"><temp name="T8"/><temp name="T193"/><temp name="T430"/></temps><temps name="out"><temp name="T8"/><temp name="T193"/><temp name="T430"/></temps></instruction><instruction code="OR T194, T430, 0"><temps name="use"><temp name="T430"/></temps><temps name="def"><temp name="T194"/></temps><temps name="in"><temp name="T8"/><temp name="T193"/><temp name="T430"/></temps><temps name="out"><temp name="T8"/><temp name="T193"/><temp name="T194"/></temps></instruction><instruction code="ADD T431, T193, T194"><temps name="use"><temp name="T193"/><temp name="T194"/></temps><temps name="def"><temp name="T431"/></temps><temps name="in"><temp name="T8"/><temp name="T193"/><temp name="T194"/></temps><temps name="out"><temp name="T8"/><temp name="T431"/></temps></instruction><instruction code="OR T195, T431, 0"><temps name="use"><temp name="T431"/></temps><temps name="def"><temp name="T195"/></temps><temps name="in"><temp name="T8"/><temp name="T431"/></temps><temps name="out"><temp name="T8"/><temp name="T195"/></temps></instruction><instruction code="OR T196, T195, 0"><temps name="use"><temp name="T195"/></temps><temps name="def"><temp name="T196"/></temps><temps name="in"><temp name="T8"/><temp name="T195"/></temps><temps name="out"><temp name="T196"/><temp name="T8"/></temps></instruction><instruction code="SETL  T433, 1"><temps name="use"/><temps name="def"><temp name="T433"/></temps><temps name="in"><temp name="T196"/><temp name="T8"/></temps><temps name="out"><temp name="T196"/><temp name="T8"/></temps></instruction><instruction code="INCML T433, 0"><temps name="use"/><temps name="def"><temp name="T433"/></temps><temps name="in"><temp name="T196"/><temp name="T8"/></temps><temps name="out"><temp name="T196"/><temp name="T8"/></temps></instruction><instruction code="INCMH T433, 0"><temps name="use"/><temps name="def"><temp name="T433"/></temps><temps name="in"><temp name="T196"/><temp name="T8"/></temps><temps name="out"><temp name="T196"/><temp name="T8"/></temps></instruction><instruction code="INCH  T433, 0"><temps name="use"/><temps name="def"><temp name="T433"/></temps><temps name="in"><temp name="T196"/><temp name="T8"/></temps><temps name="out"><temp name="T196"/><temp name="T8"/><temp name="T433"/></temps></instruction><instruction code="OR T197, T433, 0"><temps name="use"><temp name="T433"/></temps><temps name="def"><temp name="T197"/></temps><temps name="in"><temp name="T196"/><temp name="T8"/><temp name="T433"/></temps><temps name="out"><temp name="T196"/><temp name="T8"/><temp name="T197"/></temps></instruction><instruction code="ADD T434, T196, T197"><temps name="use"><temp name="T196"/><temp name="T197"/></temps><temps name="def"><temp name="T434"/></temps><temps name="in"><temp name="T196"/><temp name="T8"/><temp name="T197"/></temps><temps name="out"><temp name="T8"/><temp name="T434"/></temps></instruction><instruction code="OR T198, T434, 0"><temps name="use"><temp name="T434"/></temps><temps name="def"><temp name="T198"/></temps><temps name="in"><temp name="T8"/><temp name="T434"/></temps><temps name="out"><temp name="T8"/><temp name="T198"/></temps></instruction><instruction code="SETL  T435, 16"><temps name="use"/><temps name="def"><temp name="T435"/></temps><temps name="in"><temp name="T8"/><temp name="T198"/></temps><temps name="out"><temp name="T8"/><temp name="T198"/></temps></instruction><instruction code="INCML T435, 0"><temps name="use"/><temps name="def"><temp name="T435"/></temps><temps name="in"><temp name="T8"/><temp name="T198"/></temps><temps name="out"><temp name="T8"/><temp name="T198"/></temps></instruction><instruction code="INCMH T435, 0"><temps name="use"/><temps name="def"><temp name="T435"/></temps><temps name="in"><temp name="T8"/><temp name="T198"/></temps><temps name="out"><temp name="T8"/><temp name="T198"/></temps></instruction><instruction code="INCH  T435, 0"><temps name="use"/><temps name="def"><temp name="T435"/></temps><temps name="in"><temp name="T8"/><temp name="T198"/></temps><temps name="out"><temp name="T8"/><temp name="T198"/><temp name="T435"/></temps></instruction><instruction code="NEG T435, 0, T435"><temps name="use"><temp name="T435"/></temps><temps name="def"><temp name="T435"/></temps><temps name="in"><temp name="T8"/><temp name="T198"/><temp name="T435"/></temps><temps name="out"><temp name="T8"/><temp name="T198"/><temp name="T435"/></temps></instruction><instruction code="ADD T436, T8, T435"><temps name="use"><temp name="T8"/><temp name="T435"/></temps><temps name="def"><temp name="T436"/></temps><temps name="in"><temp name="T8"/><temp name="T198"/><temp name="T435"/></temps><temps name="out"><temp name="T8"/><temp name="T198"/><temp name="T436"/></temps></instruction><instruction code="STO T436, T198, 0"><temps name="use"><temp name="T436"/><temp name="T198"/></temps><temps name="def"/><temps name="in"><temp name="T8"/><temp name="T198"/><temp name="T436"/></temps><temps name="out"><temp name="T8"/></temps></instruction><instruction code="OR T199, T8, 0"><temps name="use"><temp name="T8"/></temps><temps name="def"><temp name="T199"/></temps><temps name="in"><temp name="T8"/></temps><temps name="out"><temp name="T199"/><temp name="T8"/></temps></instruction><instruction code="SETL  T438, 128"><temps name="use"/><temps name="def"><temp name="T438"/></temps><temps name="in"><temp name="T199"/><temp name="T8"/></temps><temps name="out"><temp name="T199"/><temp name="T8"/></temps></instruction><instruction code="INCML T438, 0"><temps name="use"/><temps name="def"><temp name="T438"/></temps><temps name="in"><temp name="T199"/><temp name="T8"/></temps><temps name="out"><temp name="T199"/><temp name="T8"/></temps></instruction><instruction code="INCMH T438, 0"><temps name="use"/><temps name="def"><temp name="T438"/></temps><temps name="in"><temp name="T199"/><temp name="T8"/></temps><temps name="out"><temp name="T199"/><temp name="T8"/></temps></instruction><instruction code="INCH  T438, 0"><temps name="use"/><temps name="def"><temp name="T438"/></temps><temps name="in"><temp name="T199"/><temp name="T8"/></temps><temps name="out"><temp name="T199"/><temp name="T8"/><temp name="T438"/></temps></instruction><instruction code="NEG T438, 0, T438"><temps name="use"><temp name="T438"/></temps><temps name="def"><temp name="T438"/></temps><temps name="in"><temp name="T199"/><temp name="T8"/><temp name="T438"/></temps><temps name="out"><temp name="T199"/><temp name="T8"/><temp name="T438"/></temps></instruction><instruction code="OR T200, T438, 0"><temps name="use"><temp name="T438"/></temps><temps name="def"><temp name="T200"/></temps><temps name="in"><temp name="T199"/><temp name="T8"/><temp name="T438"/></temps><temps name="out"><temp name="T199"/><temp name="T8"/><temp name="T200"/></temps></instruction><instruction code="ADD T439, T199, T200"><temps name="use"><temp name="T199"/><temp name="T200"/></temps><temps name="def"><temp name="T439"/></temps><temps name="in"><temp name="T199"/><temp name="T8"/><temp name="T200"/></temps><temps name="out"><temp name="T439"/><temp name="T8"/></temps></instruction><instruction code="OR T201, T439, 0"><temps name="use"><temp name="T439"/></temps><temps name="def"><temp name="T201"/></temps><temps name="in"><temp name="T439"/><temp name="T8"/></temps><temps name="out"><temp name="T8"/><temp name="T201"/></temps></instruction><instruction code="OR T202, T201, 0"><temps name="use"><temp name="T201"/></temps><temps name="def"><temp name="T202"/></temps><temps name="in"><temp name="T8"/><temp name="T201"/></temps><temps name="out"><temp name="T8"/><temp name="T202"/></temps></instruction><instruction code="SETL  T441, 3"><temps name="use"/><temps name="def"><temp name="T441"/></temps><temps name="in"><temp name="T8"/><temp name="T202"/></temps><temps name="out"><temp name="T8"/><temp name="T202"/></temps></instruction><instruction code="INCML T441, 0"><temps name="use"/><temps name="def"><temp name="T441"/></temps><temps name="in"><temp name="T8"/><temp name="T202"/></temps><temps name="out"><temp name="T8"/><temp name="T202"/></temps></instruction><instruction code="INCMH T441, 0"><temps name="use"/><temps name="def"><temp name="T441"/></temps><temps name="in"><temp name="T8"/><temp name="T202"/></temps><temps name="out"><temp name="T8"/><temp name="T202"/></temps></instruction><instruction code="INCH  T441, 0"><temps name="use"/><temps name="def"><temp name="T441"/></temps><temps name="in"><temp name="T8"/><temp name="T202"/></temps><temps name="out"><temp name="T8"/><temp name="T202"/><temp name="T441"/></temps></instruction><instruction code="OR T203, T441, 0"><temps name="use"><temp name="T441"/></temps><temps name="def"><temp name="T203"/></temps><temps name="in"><temp name="T8"/><temp name="T202"/><temp name="T441"/></temps><temps name="out"><temp name="T203"/><temp name="T8"/><temp name="T202"/></temps></instruction><instruction code="ADD T442, T202, T203"><temps name="use"><temp name="T202"/><temp name="T203"/></temps><temps name="def"><temp name="T442"/></temps><temps name="in"><temp name="T203"/><temp name="T8"/><temp name="T202"/></temps><temps name="out"><temp name="T8"/><temp name="T442"/></temps></instruction><instruction code="OR T204, T442, 0"><temps name="use"><temp name="T442"/></temps><temps name="def"><temp name="T204"/></temps><temps name="in"><temp name="T8"/><temp name="T442"/></temps><temps name="out"><temp name="T204"/><temp name="T8"/></temps></instruction><instruction code="SETL  T443, 128"><temps name="use"/><temps name="def"><temp name="T443"/></temps><temps name="in"><temp name="T204"/><temp name="T8"/></temps><temps name="out"><temp name="T204"/><temp name="T8"/></temps></instruction><instruction code="INCML T443, 0"><temps name="use"/><temps name="def"><temp name="T443"/></temps><temps name="in"><temp name="T204"/><temp name="T8"/></temps><temps name="out"><temp name="T204"/><temp name="T8"/></temps></instruction><instruction code="INCMH T443, 0"><temps name="use"/><temps name="def"><temp name="T443"/></temps><temps name="in"><temp name="T204"/><temp name="T8"/></temps><temps name="out"><temp name="T204"/><temp name="T8"/></temps></instruction><instruction code="INCH  T443, 0"><temps name="use"/><temps name="def"><temp name="T443"/></temps><temps name="in"><temp name="T204"/><temp name="T8"/></temps><temps name="out"><temp name="T204"/><temp name="T8"/><temp name="T443"/></temps></instruction><instruction code="NEG T443, 0, T443"><temps name="use"><temp name="T443"/></temps><temps name="def"><temp name="T443"/></temps><temps name="in"><temp name="T204"/><temp name="T8"/><temp name="T443"/></temps><temps name="out"><temp name="T204"/><temp name="T8"/><temp name="T443"/></temps></instruction><instruction code="ADD T444, T8, T443"><temps name="use"><temp name="T8"/><temp name="T443"/></temps><temps name="def"><temp name="T444"/></temps><temps name="in"><temp name="T204"/><temp name="T8"/><temp name="T443"/></temps><temps name="out"><temp name="T204"/><temp name="T8"/><temp name="T444"/></temps></instruction><instruction code="STO T444, T204, 0"><temps name="use"><temp name="T444"/><temp name="T204"/></temps><temps name="def"/><temps name="in"><temp name="T204"/><temp name="T8"/><temp name="T444"/></temps><temps name="out"><temp name="T8"/></temps></instruction><instruction code="LDA T446, L13"><temps name="use"/><temps name="def"><temp name="T446"/></temps><temps name="in"><temp name="T8"/></temps><temps name="out"><temp name="T446"/><temp name="T8"/></temps></instruction><instruction code="GO T446, T446, 0"><temps name="use"><temp name="T446"/></temps><temps name="def"><temp name="T446"/></temps><temps name="in"><temp name="T446"/><temp name="T8"/></temps><temps name="out"><temp name="T8"/></temps></instruction><instruction code="L12"><temps name="use"/><temps name="def"/><temps name="in"><temp name="T8"/></temps><temps name="out"><temp name="T8"/></temps></instruction><instruction code="SETL  T447, 0"><temps name="use"/><temps name="def"><temp name="T447"/></temps><temps name="in"><temp name="T8"/></temps><temps name="out"><temp name="T8"/></temps></instruction><instruction code="INCML T447, 0"><temps name="use"/><temps name="def"><temp name="T447"/></temps><temps name="in"><temp name="T8"/></temps><temps name="out"><temp name="T8"/></temps></instruction><instruction code="INCMH T447, 0"><temps name="use"/><temps name="def"><temp name="T447"/></temps><temps name="in"><temp name="T8"/></temps><temps name="out"><temp name="T8"/></temps></instruction><instruction code="INCH  T447, 0"><temps name="use"/><temps name="def"><temp name="T447"/></temps><temps name="in"><temp name="T8"/></temps><temps name="out"><temp name="T8"/><temp name="T447"/></temps></instruction><instruction code="OR T205, T447, 0"><temps name="use"><temp name="T447"/></temps><temps name="def"><temp name="T205"/></temps><temps name="in"><temp name="T8"/><temp name="T447"/></temps><temps name="out"><temp name="T8"/><temp name="T205"/></temps></instruction><instruction code="STO T205, $254, 8"><temps name="use"><temp name="T205"/></temps><temps name="def"/><temps name="in"><temp name="T8"/><temp name="T205"/></temps><temps name="out"><temp name="T8"/></temps></instruction><instruction code="LDA T448, _x"><temps name="use"/><temps name="def"><temp name="T448"/></temps><temps name="in"><temp name="T8"/></temps><temps name="out"><temp name="T8"/><temp name="T448"/></temps></instruction><instruction code="PUSHJ $16, T448, 0"><temps name="use"><temp name="T448"/></temps><temps name="def"/><temps name="in"><temp name="T8"/><temp name="T448"/></temps><temps name="out"><temp name="T8"/></temps></instruction><instruction code="LDO T449, $254, 0"><temps name="use"/><temps name="def"><temp name="T449"/></temps><temps name="in"><temp name="T8"/></temps><temps name="out"><temp name="T8"/><temp name="T449"/></temps></instruction><instruction code="OR T206, T449, 0"><temps name="use"><temp name="T449"/></temps><temps name="def"><temp name="T206"/></temps><temps name="in"><temp name="T8"/><temp name="T449"/></temps><temps name="out"><temp name="T206"/><temp name="T8"/></temps></instruction><instruction code="SETL  T450, 122"><temps name="use"/><temps name="def"><temp name="T450"/></temps><temps name="in"><temp name="T206"/><temp name="T8"/></temps><temps name="out"><temp name="T206"/><temp name="T8"/></temps></instruction><instruction code="INCML T450, 0"><temps name="use"/><temps name="def"><temp name="T450"/></temps><temps name="in"><temp name="T206"/><temp name="T8"/></temps><temps name="out"><temp name="T206"/><temp name="T8"/></temps></instruction><instruction code="INCMH T450, 0"><temps name="use"/><temps name="def"><temp name="T450"/></temps><temps name="in"><temp name="T206"/><temp name="T8"/></temps><temps name="out"><temp name="T206"/><temp name="T8"/></temps></instruction><instruction code="INCH  T450, 0"><temps name="use"/><temps name="def"><temp name="T450"/></temps><temps name="in"><temp name="T206"/><temp name="T8"/></temps><temps name="out"><temp name="T450"/><temp name="T206"/><temp name="T8"/></temps></instruction><instruction code="OR T207, T450, 0"><temps name="use"><temp name="T450"/></temps><temps name="def"><temp name="T207"/></temps><temps name="in"><temp name="T450"/><temp name="T206"/><temp name="T8"/></temps><temps name="out"><temp name="T207"/><temp name="T206"/><temp name="T8"/></temps></instruction><instruction code="CMP T451, T206, T207"><temps name="use"><temp name="T206"/><temp name="T207"/></temps><temps name="def"><temp name="T451"/></temps><temps name="in"><temp name="T207"/><temp name="T206"/><temp name="T8"/></temps><temps name="out"><temp name="T8"/><temp name="T451"/></temps></instruction><instruction code="ZSNP T451, T451, 1"><temps name="use"><temp name="T451"/></temps><temps name="def"><temp name="T451"/></temps><temps name="in"><temp name="T8"/><temp name="T451"/></temps><temps name="out"><temp name="T8"/><temp name="T451"/></temps></instruction><instruction code="OR T208, T451, 0"><temps name="use"><temp name="T451"/></temps><temps name="def"><temp name="T208"/></temps><temps name="in"><temp name="T8"/><temp name="T451"/></temps><temps name="out"><temp name="T8"/><temp name="T208"/></temps></instruction><instruction code="BNZ T208, L9"><temps name="use"><temp name="T208"/></temps><temps name="def"/><temps name="in"><temp name="T8"/><temp name="T208"/></temps><temps name="out"><temp name="T8"/></temps></instruction><instruction code="L35"><temps name="use"/><temps name="def"/><temps name="in"><temp name="T8"/></temps><temps name="out"><temp name="T8"/></temps></instruction><instruction code="LDA T452, L10"><temps name="use"/><temps name="def"><temp name="T452"/></temps><temps name="in"><temp name="T8"/></temps><temps name="out"><temp name="T8"/><temp name="T452"/></temps></instruction><instruction code="GO T452, T452, 0"><temps name="use"><temp name="T452"/></temps><temps name="def"><temp name="T452"/></temps><temps name="in"><temp name="T8"/><temp name="T452"/></temps><temps name="out"><temp name="T8"/></temps></instruction><instruction code="L9"><temps name="use"/><temps name="def"/><temps name="in"><temp name="T8"/></temps><temps name="out"><temp name="T8"/></temps></instruction><instruction code="OR T209, T8, 0"><temps name="use"><temp name="T8"/></temps><temps name="def"><temp name="T209"/></temps><temps name="in"><temp name="T8"/></temps><temps name="out"><temp name="T8"/><temp name="T209"/></temps></instruction><instruction code="SETL  T453, 128"><temps name="use"/><temps name="def"><temp name="T453"/></temps><temps name="in"><temp name="T8"/><temp name="T209"/></temps><temps name="out"><temp name="T8"/><temp name="T209"/></temps></instruction><instruction code="INCML T453, 0"><temps name="use"/><temps name="def"><temp name="T453"/></temps><temps name="in"><temp name="T8"/><temp name="T209"/></temps><temps name="out"><temp name="T8"/><temp name="T209"/></temps></instruction><instruction code="INCMH T453, 0"><temps name="use"/><temps name="def"><temp name="T453"/></temps><temps name="in"><temp name="T8"/><temp name="T209"/></temps><temps name="out"><temp name="T8"/><temp name="T209"/></temps></instruction><instruction code="INCH  T453, 0"><temps name="use"/><temps name="def"><temp name="T453"/></temps><temps name="in"><temp name="T8"/><temp name="T209"/></temps><temps name="out"><temp name="T8"/><temp name="T453"/><temp name="T209"/></temps></instruction><instruction code="NEG T453, 0, T453"><temps name="use"><temp name="T453"/></temps><temps name="def"><temp name="T453"/></temps><temps name="in"><temp name="T8"/><temp name="T453"/><temp name="T209"/></temps><temps name="out"><temp name="T8"/><temp name="T453"/><temp name="T209"/></temps></instruction><instruction code="OR T210, T453, 0"><temps name="use"><temp name="T453"/></temps><temps name="def"><temp name="T210"/></temps><temps name="in"><temp name="T8"/><temp name="T453"/><temp name="T209"/></temps><temps name="out"><temp name="T210"/><temp name="T8"/><temp name="T209"/></temps></instruction><instruction code="ADD T454, T209, T210"><temps name="use"><temp name="T209"/><temp name="T210"/></temps><temps name="def"><temp name="T454"/></temps><temps name="in"><temp name="T210"/><temp name="T8"/><temp name="T209"/></temps><temps name="out"><temp name="T454"/><temp name="T8"/></temps></instruction><instruction code="OR T211, T454, 0"><temps name="use"><temp name="T454"/></temps><temps name="def"><temp name="T211"/></temps><temps name="in"><temp name="T454"/><temp name="T8"/></temps><temps name="out"><temp name="T211"/><temp name="T8"/></temps></instruction><instruction code="OR T212, T211, 0"><temps name="use"><temp name="T211"/></temps><temps name="def"><temp name="T212"/></temps><temps name="in"><temp name="T211"/><temp name="T8"/></temps><temps name="out"><temp name="T8"/><temp name="T212"/></temps></instruction><instruction code="SETL  T456, 3"><temps name="use"/><temps name="def"><temp name="T456"/></temps><temps name="in"><temp name="T8"/><temp name="T212"/></temps><temps name="out"><temp name="T8"/><temp name="T212"/></temps></instruction><instruction code="INCML T456, 0"><temps name="use"/><temps name="def"><temp name="T456"/></temps><temps name="in"><temp name="T8"/><temp name="T212"/></temps><temps name="out"><temp name="T8"/><temp name="T212"/></temps></instruction><instruction code="INCMH T456, 0"><temps name="use"/><temps name="def"><temp name="T456"/></temps><temps name="in"><temp name="T8"/><temp name="T212"/></temps><temps name="out"><temp name="T8"/><temp name="T212"/></temps></instruction><instruction code="INCH  T456, 0"><temps name="use"/><temps name="def"><temp name="T456"/></temps><temps name="in"><temp name="T8"/><temp name="T212"/></temps><temps name="out"><temp name="T8"/><temp name="T212"/><temp name="T456"/></temps></instruction><instruction code="OR T213, T456, 0"><temps name="use"><temp name="T456"/></temps><temps name="def"><temp name="T213"/></temps><temps name="in"><temp name="T8"/><temp name="T212"/><temp name="T456"/></temps><temps name="out"><temp name="T8"/><temp name="T212"/><temp name="T213"/></temps></instruction><instruction code="SUB T457, T212, T213"><temps name="use"><temp name="T212"/><temp name="T213"/></temps><temps name="def"><temp name="T457"/></temps><temps name="in"><temp name="T8"/><temp name="T212"/><temp name="T213"/></temps><temps name="out"><temp name="T457"/><temp name="T8"/></temps></instruction><instruction code="OR T214, T457, 0"><temps name="use"><temp name="T457"/></temps><temps name="def"><temp name="T214"/></temps><temps name="in"><temp name="T457"/><temp name="T8"/></temps><temps name="out"><temp name="T214"/><temp name="T8"/></temps></instruction><instruction code="SETL  T458, 128"><temps name="use"/><temps name="def"><temp name="T458"/></temps><temps name="in"><temp name="T214"/><temp name="T8"/></temps><temps name="out"><temp name="T214"/><temp name="T8"/></temps></instruction><instruction code="INCML T458, 0"><temps name="use"/><temps name="def"><temp name="T458"/></temps><temps name="in"><temp name="T214"/><temp name="T8"/></temps><temps name="out"><temp name="T214"/><temp name="T8"/></temps></instruction><instruction code="INCMH T458, 0"><temps name="use"/><temps name="def"><temp name="T458"/></temps><temps name="in"><temp name="T214"/><temp name="T8"/></temps><temps name="out"><temp name="T214"/><temp name="T8"/></temps></instruction><instruction code="INCH  T458, 0"><temps name="use"/><temps name="def"><temp name="T458"/></temps><temps name="in"><temp name="T214"/><temp name="T8"/></temps><temps name="out"><temp name="T214"/><temp name="T458"/><temp name="T8"/></temps></instruction><instruction code="NEG T458, 0, T458"><temps name="use"><temp name="T458"/></temps><temps name="def"><temp name="T458"/></temps><temps name="in"><temp name="T214"/><temp name="T458"/><temp name="T8"/></temps><temps name="out"><temp name="T214"/><temp name="T458"/><temp name="T8"/></temps></instruction><instruction code="ADD T459, T8, T458"><temps name="use"><temp name="T8"/><temp name="T458"/></temps><temps name="def"><temp name="T459"/></temps><temps name="in"><temp name="T214"/><temp name="T458"/><temp name="T8"/></temps><temps name="out"><temp name="T214"/><temp name="T8"/><temp name="T459"/></temps></instruction><instruction code="STO T459, T214, 0"><temps name="use"><temp name="T459"/><temp name="T214"/></temps><temps name="def"/><temps name="in"><temp name="T214"/><temp name="T8"/><temp name="T459"/></temps><temps name="out"><temp name="T8"/></temps></instruction><instruction code="L10"><temps name="use"/><temps name="def"/><temps name="in"><temp name="T8"/></temps><temps name="out"><temp name="T8"/></temps></instruction><instruction code="L13"><temps name="use"/><temps name="def"/><temps name="in"><temp name="T8"/></temps><temps name="out"><temp name="T8"/></temps></instruction><instruction code="LDA T461, L14"><temps name="use"/><temps name="def"><temp name="T461"/></temps><temps name="in"><temp name="T8"/></temps><temps name="out"><temp name="T8"/><temp name="T461"/></temps></instruction><instruction code="GO T461, T461, 0"><temps name="use"><temp name="T461"/></temps><temps name="def"><temp name="T461"/></temps><temps name="in"><temp name="T8"/><temp name="T461"/></temps><temps name="out"><temp name="T8"/></temps></instruction><instruction code="L16"><temps name="use"/><temps name="def"/><temps name="in"/><temps name="out"/></instruction><instruction code="SETL  T462, 0"><temps name="use"/><temps name="def"><temp name="T462"/></temps><temps name="in"/><temps name="out"/></instruction><instruction code="INCML T462, 0"><temps name="use"/><temps name="def"><temp name="T462"/></temps><temps name="in"/><temps name="out"/></instruction><instruction code="INCMH T462, 0"><temps name="use"/><temps name="def"><temp name="T462"/></temps><temps name="in"/><temps name="out"/></instruction><instruction code="INCH  T462, 0"><temps name="use"/><temps name="def"><temp name="T462"/></temps><temps name="in"/><temps name="out"><temp name="T462"/></temps></instruction><instruction code="OR T215, T462, 0"><temps name="use"><temp name="T462"/></temps><temps name="def"><temp name="T215"/></temps><temps name="in"><temp name="T462"/></temps><temps name="out"><temp name="T215"/></temps></instruction><instruction code="OR T9, T215, 0"><temps name="use"><temp name="T215"/></temps><temps name="def"><temp name="T9"/></temps><temps name="in"><temp name="T215"/></temps><temps name="out"/></instruction><instruction code="LDA T463, L37"><temps name="use"/><temps name="def"><temp name="T463"/></temps><temps name="in"/><temps name="out"><temp name="T463"/></temps></instruction><instruction code="GO T463, T463, 0"><temps name="use"><temp name="T463"/></temps><temps name="def"><temp name="T463"/></temps><temps name="in"><temp name="T463"/></temps><temps name="out"/></instruction></instructions></code></livean>