<?xml version="1.0" encoding="UTF-8" standalone="no"?><?xml-stylesheet type="text/xsl" href="../../data/livean.xsl"?><livean><code entrylabel="L0" exitlabel="L1" tempsize="0"><frame FP="T0" RV="T1" argssize="0" depth="1" label="_main" locssize="16" size="32"/><instructions><instruction code="L0"><temps name="use"/><temps name="def"/><temps name="in"><temp name="T0"/></temps><temps name="out"><temp name="T0"/></temps></instruction><instruction code="SETL  T13, 3"><temps name="use"/><temps name="def"><temp name="T13"/></temps><temps name="in"><temp name="T0"/></temps><temps name="out"><temp name="T0"/></temps></instruction><instruction code="INCML T13, 0"><temps name="use"/><temps name="def"><temp name="T13"/></temps><temps name="in"><temp name="T0"/></temps><temps name="out"><temp name="T0"/></temps></instruction><instruction code="INCMH T13, 0"><temps name="use"/><temps name="def"><temp name="T13"/></temps><temps name="in"><temp name="T0"/></temps><temps name="out"><temp name="T0"/></temps></instruction><instruction code="INCH  T13, 0"><temps name="use"/><temps name="def"><temp name="T13"/></temps><temps name="in"><temp name="T0"/></temps><temps name="out"><temp name="T13"/><temp name="T0"/></temps></instruction><instruction code="OR T2, T13, 0"><temps name="use"><temp name="T13"/></temps><temps name="def"><temp name="T2"/></temps><temps name="in"><temp name="T13"/><temp name="T0"/></temps><temps name="out"><temp name="T0"/><temp name="T2"/></temps></instruction><instruction code="SETL  T14, 2"><temps name="use"/><temps name="def"><temp name="T14"/></temps><temps name="in"><temp name="T0"/><temp name="T2"/></temps><temps name="out"><temp name="T0"/><temp name="T2"/></temps></instruction><instruction code="INCML T14, 0"><temps name="use"/><temps name="def"><temp name="T14"/></temps><temps name="in"><temp name="T0"/><temp name="T2"/></temps><temps name="out"><temp name="T0"/><temp name="T2"/></temps></instruction><instruction code="INCMH T14, 0"><temps name="use"/><temps name="def"><temp name="T14"/></temps><temps name="in"><temp name="T0"/><temp name="T2"/></temps><temps name="out"><temp name="T0"/><temp name="T2"/></temps></instruction><instruction code="INCH  T14, 0"><temps name="use"/><temps name="def"><temp name="T14"/></temps><temps name="in"><temp name="T0"/><temp name="T2"/></temps><temps name="out"><temp name="T0"/><temp name="T14"/><temp name="T2"/></temps></instruction><instruction code="OR T3, T14, 0"><temps name="use"><temp name="T14"/></temps><temps name="def"><temp name="T3"/></temps><temps name="in"><temp name="T0"/><temp name="T14"/><temp name="T2"/></temps><temps name="out"><temp name="T3"/><temp name="T0"/><temp name="T2"/></temps></instruction><instruction code="ADD T15, T2, T3"><temps name="use"><temp name="T2"/><temp name="T3"/></temps><temps name="def"><temp name="T15"/></temps><temps name="in"><temp name="T3"/><temp name="T0"/><temp name="T2"/></temps><temps name="out"><temp name="T0"/><temp name="T15"/></temps></instruction><instruction code="OR T4, T15, 0"><temps name="use"><temp name="T15"/></temps><temps name="def"><temp name="T4"/></temps><temps name="in"><temp name="T0"/><temp name="T15"/></temps><temps name="out"><temp name="T0"/><temp name="T4"/></temps></instruction><instruction code="LDA T16, _i"><temps name="use"/><temps name="def"><temp name="T16"/></temps><temps name="in"><temp name="T0"/><temp name="T4"/></temps><temps name="out"><temp name="T0"/><temp name="T4"/><temp name="T16"/></temps></instruction><instruction code="STO T16, T4, 0"><temps name="use"><temp name="T16"/><temp name="T4"/></temps><temps name="def"/><temps name="in"><temp name="T0"/><temp name="T4"/><temp name="T16"/></temps><temps name="out"><temp name="T0"/></temps></instruction><instruction code="LDA T18, _i"><temps name="use"/><temps name="def"><temp name="T18"/></temps><temps name="in"><temp name="T0"/></temps><temps name="out"><temp name="T18"/><temp name="T0"/></temps></instruction><instruction code="OR T5, T18, 0"><temps name="use"><temp name="T18"/></temps><temps name="def"><temp name="T5"/></temps><temps name="in"><temp name="T18"/><temp name="T0"/></temps><temps name="out"><temp name="T5"/><temp name="T0"/></temps></instruction><instruction code="OR T6, T5, 0"><temps name="use"><temp name="T5"/></temps><temps name="def"><temp name="T6"/></temps><temps name="in"><temp name="T5"/><temp name="T0"/></temps><temps name="out"><temp name="T0"/><temp name="T6"/></temps></instruction><instruction code="SETL  T20, 1"><temps name="use"/><temps name="def"><temp name="T20"/></temps><temps name="in"><temp name="T0"/><temp name="T6"/></temps><temps name="out"><temp name="T0"/><temp name="T6"/></temps></instruction><instruction code="INCML T20, 0"><temps name="use"/><temps name="def"><temp name="T20"/></temps><temps name="in"><temp name="T0"/><temp name="T6"/></temps><temps name="out"><temp name="T0"/><temp name="T6"/></temps></instruction><instruction code="INCMH T20, 0"><temps name="use"/><temps name="def"><temp name="T20"/></temps><temps name="in"><temp name="T0"/><temp name="T6"/></temps><temps name="out"><temp name="T0"/><temp name="T6"/></temps></instruction><instruction code="INCH  T20, 0"><temps name="use"/><temps name="def"><temp name="T20"/></temps><temps name="in"><temp name="T0"/><temp name="T6"/></temps><temps name="out"><temp name="T20"/><temp name="T0"/><temp name="T6"/></temps></instruction><instruction code="OR T7, T20, 0"><temps name="use"><temp name="T20"/></temps><temps name="def"><temp name="T7"/></temps><temps name="in"><temp name="T20"/><temp name="T0"/><temp name="T6"/></temps><temps name="out"><temp name="T0"/><temp name="T7"/><temp name="T6"/></temps></instruction><instruction code="NEG T21, 0, T7"><temps name="use"><temp name="T7"/></temps><temps name="def"><temp name="T21"/></temps><temps name="in"><temp name="T0"/><temp name="T7"/><temp name="T6"/></temps><temps name="out"><temp name="T21"/><temp name="T0"/><temp name="T6"/></temps></instruction><instruction code="OR T8, T21, 0"><temps name="use"><temp name="T21"/></temps><temps name="def"><temp name="T8"/></temps><temps name="in"><temp name="T21"/><temp name="T0"/><temp name="T6"/></temps><temps name="out"><temp name="T8"/><temp name="T0"/><temp name="T6"/></temps></instruction><instruction code="MUL T22, T6, T8"><temps name="use"><temp name="T6"/><temp name="T8"/></temps><temps name="def"><temp name="T22"/></temps><temps name="in"><temp name="T8"/><temp name="T0"/><temp name="T6"/></temps><temps name="out"><temp name="T0"/><temp name="T22"/></temps></instruction><instruction code="OR T9, T22, 0"><temps name="use"><temp name="T22"/></temps><temps name="def"><temp name="T9"/></temps><temps name="in"><temp name="T0"/><temp name="T22"/></temps><temps name="out"><temp name="T0"/><temp name="T9"/></temps></instruction><instruction code="SETL  T23, 7"><temps name="use"/><temps name="def"><temp name="T23"/></temps><temps name="in"><temp name="T0"/><temp name="T9"/></temps><temps name="out"><temp name="T0"/><temp name="T9"/></temps></instruction><instruction code="INCML T23, 0"><temps name="use"/><temps name="def"><temp name="T23"/></temps><temps name="in"><temp name="T0"/><temp name="T9"/></temps><temps name="out"><temp name="T0"/><temp name="T9"/></temps></instruction><instruction code="INCMH T23, 0"><temps name="use"/><temps name="def"><temp name="T23"/></temps><temps name="in"><temp name="T0"/><temp name="T9"/></temps><temps name="out"><temp name="T0"/><temp name="T9"/></temps></instruction><instruction code="INCH  T23, 0"><temps name="use"/><temps name="def"><temp name="T23"/></temps><temps name="in"><temp name="T0"/><temp name="T9"/></temps><temps name="out"><temp name="T0"/><temp name="T9"/><temp name="T23"/></temps></instruction><instruction code="OR T10, T23, 0"><temps name="use"><temp name="T23"/></temps><temps name="def"><temp name="T10"/></temps><temps name="in"><temp name="T0"/><temp name="T9"/><temp name="T23"/></temps><temps name="out"><temp name="T0"/><temp name="T10"/><temp name="T9"/></temps></instruction><instruction code="ADD T24, T9, T10"><temps name="use"><temp name="T9"/><temp name="T10"/></temps><temps name="def"><temp name="T24"/></temps><temps name="in"><temp name="T0"/><temp name="T10"/><temp name="T9"/></temps><temps name="out"><temp name="T24"/><temp name="T0"/></temps></instruction><instruction code="OR T11, T24, 0"><temps name="use"><temp name="T24"/></temps><temps name="def"><temp name="T11"/></temps><temps name="in"><temp name="T24"/><temp name="T0"/></temps><temps name="out"><temp name="T0"/><temp name="T11"/></temps></instruction><instruction code="SETL  T25, 8"><temps name="use"/><temps name="def"><temp name="T25"/></temps><temps name="in"><temp name="T0"/><temp name="T11"/></temps><temps name="out"><temp name="T0"/><temp name="T11"/></temps></instruction><instruction code="INCML T25, 0"><temps name="use"/><temps name="def"><temp name="T25"/></temps><temps name="in"><temp name="T0"/><temp name="T11"/></temps><temps name="out"><temp name="T0"/><temp name="T11"/></temps></instruction><instruction code="INCMH T25, 0"><temps name="use"/><temps name="def"><temp name="T25"/></temps><temps name="in"><temp name="T0"/><temp name="T11"/></temps><temps name="out"><temp name="T0"/><temp name="T11"/></temps></instruction><instruction code="INCH  T25, 0"><temps name="use"/><temps name="def"><temp name="T25"/></temps><temps name="in"><temp name="T0"/><temp name="T11"/></temps><temps name="out"><temp name="T25"/><temp name="T0"/><temp name="T11"/></temps></instruction><instruction code="NEG T25, 0, T25"><temps name="use"><temp name="T25"/></temps><temps name="def"><temp name="T25"/></temps><temps name="in"><temp name="T25"/><temp name="T0"/><temp name="T11"/></temps><temps name="out"><temp name="T25"/><temp name="T0"/><temp name="T11"/></temps></instruction><instruction code="ADD T26, T0, T25"><temps name="use"><temp name="T0"/><temp name="T25"/></temps><temps name="def"><temp name="T26"/></temps><temps name="in"><temp name="T25"/><temp name="T0"/><temp name="T11"/></temps><temps name="out"><temp name="T26"/><temp name="T11"/></temps></instruction><instruction code="STO T26, T11, 0"><temps name="use"><temp name="T26"/><temp name="T11"/></temps><temps name="def"/><temps name="in"><temp name="T26"/><temp name="T11"/></temps><temps name="out"/></instruction><instruction code="SETL  T28, 0"><temps name="use"/><temps name="def"><temp name="T28"/></temps><temps name="in"/><temps name="out"/></instruction><instruction code="INCML T28, 0"><temps name="use"/><temps name="def"><temp name="T28"/></temps><temps name="in"/><temps name="out"/></instruction><instruction code="INCMH T28, 0"><temps name="use"/><temps name="def"><temp name="T28"/></temps><temps name="in"/><temps name="out"/></instruction><instruction code="INCH  T28, 0"><temps name="use"/><temps name="def"><temp name="T28"/></temps><temps name="in"/><temps name="out"><temp name="T28"/></temps></instruction><instruction code="OR T12, T28, 0"><temps name="use"><temp name="T28"/></temps><temps name="def"><temp name="T12"/></temps><temps name="in"><temp name="T28"/></temps><temps name="out"><temp name="T12"/></temps></instruction><instruction code="OR T1, T12, 0"><temps name="use"><temp name="T12"/></temps><temps name="def"><temp name="T1"/></temps><temps name="in"><temp name="T12"/></temps><temps name="out"/></instruction><instruction code="LDA T29, L1"><temps name="use"/><temps name="def"><temp name="T29"/></temps><temps name="in"/><temps name="out"><temp name="T29"/></temps></instruction><instruction code="GO T29, T29, 0"><temps name="use"><temp name="T29"/></temps><temps name="def"><temp name="T29"/></temps><temps name="in"><temp name="T29"/></temps><temps name="out"/></instruction></instructions></code></livean>