<?xml version="1.0" encoding="UTF-8" standalone="no"?><?xml-stylesheet type="text/xsl" href="../../data/livean.xsl"?><livean><code entrylabel="L0" exitlabel="L1" tempsize="0"><frame FP="T6" RV="T7" argssize="16" depth="1" label="_main" locssize="0" size="32"/><instructions><instruction code="L0"><temps name="use"/><temps name="def"/><temps name="in"><temp name="T15"/></temps><temps name="out"><temp name="T15"/></temps></instruction><instruction code="SETL  T12, 0"><temps name="use"/><temps name="def"><temp name="T12"/></temps><temps name="in"><temp name="T15"/></temps><temps name="out"><temp name="T15"/></temps></instruction><instruction code="INCML T12, 0"><temps name="use"/><temps name="def"><temp name="T12"/></temps><temps name="in"><temp name="T15"/></temps><temps name="out"><temp name="T15"/></temps></instruction><instruction code="INCMH T12, 0"><temps name="use"/><temps name="def"><temp name="T12"/></temps><temps name="in"><temp name="T15"/></temps><temps name="out"><temp name="T15"/></temps></instruction><instruction code="INCH  T12, 0"><temps name="use"/><temps name="def"><temp name="T12"/></temps><temps name="in"><temp name="T15"/></temps><temps name="out"><temp name="T15"/><temp name="T12"/></temps></instruction><instruction code="OR T8, T12, 0"><temps name="use"><temp name="T12"/></temps><temps name="def"><temp name="T8"/></temps><temps name="in"><temp name="T15"/><temp name="T12"/></temps><temps name="out"><temp name="T15"/><temp name="T8"/></temps></instruction><instruction code="SETL  T13, 0"><temps name="use"/><temps name="def"><temp name="T13"/></temps><temps name="in"><temp name="T15"/><temp name="T8"/></temps><temps name="out"><temp name="T15"/><temp name="T8"/></temps></instruction><instruction code="INCML T13, 0"><temps name="use"/><temps name="def"><temp name="T13"/></temps><temps name="in"><temp name="T15"/><temp name="T8"/></temps><temps name="out"><temp name="T15"/><temp name="T8"/></temps></instruction><instruction code="INCMH T13, 0"><temps name="use"/><temps name="def"><temp name="T13"/></temps><temps name="in"><temp name="T15"/><temp name="T8"/></temps><temps name="out"><temp name="T15"/><temp name="T8"/></temps></instruction><instruction code="INCH  T13, 0"><temps name="use"/><temps name="def"><temp name="T13"/></temps><temps name="in"><temp name="T15"/><temp name="T8"/></temps><temps name="out"><temp name="T13"/><temp name="T15"/><temp name="T8"/></temps></instruction><instruction code="OR T9, T13, 0"><temps name="use"><temp name="T13"/></temps><temps name="def"><temp name="T9"/></temps><temps name="in"><temp name="T13"/><temp name="T15"/><temp name="T8"/></temps><temps name="out"><temp name="T15"/><temp name="T8"/><temp name="T9"/></temps></instruction><instruction code="STO T8, $254, 8"><temps name="use"><temp name="T8"/></temps><temps name="def"/><temps name="in"><temp name="T15"/><temp name="T8"/><temp name="T9"/></temps><temps name="out"><temp name="T15"/><temp name="T9"/></temps></instruction><instruction code="STO T9, $254, 16"><temps name="use"><temp name="T9"/></temps><temps name="def"/><temps name="in"><temp name="T15"/><temp name="T9"/></temps><temps name="out"><temp name="T15"/></temps></instruction><instruction code="LDA T14, _putInt"><temps name="use"/><temps name="def"><temp name="T14"/></temps><temps name="in"><temp name="T15"/></temps><temps name="out"><temp name="T15"/><temp name="T14"/></temps></instruction><instruction code="PUSHJ $15, T14, 0"><temps name="use"><temp name="T14"/></temps><temps name="def"/><temps name="in"><temp name="T15"/><temp name="T14"/></temps><temps name="out"><temp name="T15"/></temps></instruction><instruction code="OR T10, T15, 0"><temps name="use"><temp name="T15"/></temps><temps name="def"><temp name="T10"/></temps><temps name="in"><temp name="T15"/></temps><temps name="out"/></instruction><instruction code="SETL  T16, 0"><temps name="use"/><temps name="def"><temp name="T16"/></temps><temps name="in"/><temps name="out"/></instruction><instruction code="INCML T16, 0"><temps name="use"/><temps name="def"><temp name="T16"/></temps><temps name="in"/><temps name="out"/></instruction><instruction code="INCMH T16, 0"><temps name="use"/><temps name="def"><temp name="T16"/></temps><temps name="in"/><temps name="out"/></instruction><instruction code="INCH  T16, 0"><temps name="use"/><temps name="def"><temp name="T16"/></temps><temps name="in"/><temps name="out"><temp name="T16"/></temps></instruction><instruction code="OR T11, T16, 0"><temps name="use"><temp name="T16"/></temps><temps name="def"><temp name="T11"/></temps><temps name="in"><temp name="T16"/></temps><temps name="out"><temp name="T11"/></temps></instruction><instruction code="OR T7, T11, 0"><temps name="use"><temp name="T11"/></temps><temps name="def"><temp name="T7"/></temps><temps name="in"><temp name="T11"/></temps><temps name="out"/></instruction><instruction code="LDA T17, L1"><temps name="use"/><temps name="def"><temp name="T17"/></temps><temps name="in"/><temps name="out"><temp name="T17"/></temps></instruction><instruction code="GO T17, T17, 0"><temps name="use"><temp name="T17"/></temps><temps name="def"><temp name="T17"/></temps><temps name="in"><temp name="T17"/></temps><temps name="out"/></instruction></instructions></code></livean>