<?xml version="1.0" encoding="UTF-8" standalone="no"?><?xml-stylesheet type="text/xsl" href="../../data/livean.xsl"?><livean><code entrylabel="L2" exitlabel="L3" tempsize="0"><frame FP="T0" RV="T1" argssize="0" depth="1" label="_main" locssize="0" size="16"/><instructions><instruction code="L2"><temps name="use"/><temps name="def"/><temps name="in"><temp name="T76"/><temp name="T100"/><temp name="T107"/><temp name="T68"/><temp name="T62"/><temp name="T86"/><temp name="T71"/><temp name="T91"/></temps><temps name="out"><temp name="T76"/><temp name="T100"/><temp name="T107"/><temp name="T68"/><temp name="T62"/><temp name="T86"/><temp name="T71"/><temp name="T91"/></temps></instruction><instruction code="SETL  T60, 0"><temps name="use"/><temps name="def"><temp name="T60"/></temps><temps name="in"><temp name="T76"/><temp name="T100"/><temp name="T107"/><temp name="T68"/><temp name="T62"/><temp name="T86"/><temp name="T71"/><temp name="T91"/></temps><temps name="out"><temp name="T76"/><temp name="T100"/><temp name="T107"/><temp name="T68"/><temp name="T62"/><temp name="T86"/><temp name="T71"/><temp name="T91"/></temps></instruction><instruction code="INCML T60, 0"><temps name="use"/><temps name="def"><temp name="T60"/></temps><temps name="in"><temp name="T76"/><temp name="T100"/><temp name="T107"/><temp name="T68"/><temp name="T62"/><temp name="T86"/><temp name="T71"/><temp name="T91"/></temps><temps name="out"><temp name="T76"/><temp name="T100"/><temp name="T107"/><temp name="T68"/><temp name="T62"/><temp name="T86"/><temp name="T71"/><temp name="T91"/></temps></instruction><instruction code="INCMH T60, 0"><temps name="use"/><temps name="def"><temp name="T60"/></temps><temps name="in"><temp name="T76"/><temp name="T100"/><temp name="T107"/><temp name="T68"/><temp name="T62"/><temp name="T86"/><temp name="T71"/><temp name="T91"/></temps><temps name="out"><temp name="T76"/><temp name="T100"/><temp name="T107"/><temp name="T68"/><temp name="T62"/><temp name="T86"/><temp name="T71"/><temp name="T91"/></temps></instruction><instruction code="INCH  T60, 0"><temps name="use"/><temps name="def"><temp name="T60"/></temps><temps name="in"><temp name="T76"/><temp name="T100"/><temp name="T107"/><temp name="T68"/><temp name="T62"/><temp name="T86"/><temp name="T71"/><temp name="T91"/></temps><temps name="out"><temp name="T60"/><temp name="T76"/><temp name="T100"/><temp name="T107"/><temp name="T68"/><temp name="T62"/><temp name="T86"/><temp name="T71"/><temp name="T91"/></temps></instruction><instruction code="OR T10, T60, 0"><temps name="use"><temp name="T60"/></temps><temps name="def"><temp name="T10"/></temps><temps name="in"><temp name="T60"/><temp name="T76"/><temp name="T100"/><temp name="T107"/><temp name="T68"/><temp name="T62"/><temp name="T86"/><temp name="T71"/><temp name="T91"/></temps><temps name="out"><temp name="T76"/><temp name="T100"/><temp name="T107"/><temp name="T68"/><temp name="T62"/><temp name="T86"/><temp name="T10"/><temp name="T71"/><temp name="T91"/></temps></instruction><instruction code="LDO T63, T62, 0"><temps name="use"><temp name="T62"/></temps><temps name="def"><temp name="T63"/></temps><temps name="in"><temp name="T76"/><temp name="T100"/><temp name="T107"/><temp name="T68"/><temp name="T62"/><temp name="T86"/><temp name="T10"/><temp name="T71"/><temp name="T91"/></temps><temps name="out"><temp name="T76"/><temp name="T100"/><temp name="T107"/><temp name="T68"/><temp name="T86"/><temp name="T10"/><temp name="T71"/><temp name="T91"/><temp name="T63"/></temps></instruction><instruction code="STO T63, T10, 0"><temps name="use"><temp name="T63"/><temp name="T10"/></temps><temps name="def"/><temps name="in"><temp name="T76"/><temp name="T100"/><temp name="T107"/><temp name="T68"/><temp name="T86"/><temp name="T10"/><temp name="T71"/><temp name="T91"/><temp name="T63"/></temps><temps name="out"><temp name="T76"/><temp name="T100"/><temp name="T107"/><temp name="T68"/><temp name="T86"/><temp name="T71"/><temp name="T91"/></temps></instruction><instruction code="SETL  T64, 2"><temps name="use"/><temps name="def"><temp name="T64"/></temps><temps name="in"><temp name="T76"/><temp name="T100"/><temp name="T107"/><temp name="T68"/><temp name="T86"/><temp name="T71"/><temp name="T91"/></temps><temps name="out"><temp name="T76"/><temp name="T100"/><temp name="T107"/><temp name="T68"/><temp name="T86"/><temp name="T71"/><temp name="T91"/></temps></instruction><instruction code="INCML T64, 0"><temps name="use"/><temps name="def"><temp name="T64"/></temps><temps name="in"><temp name="T76"/><temp name="T100"/><temp name="T107"/><temp name="T68"/><temp name="T86"/><temp name="T71"/><temp name="T91"/></temps><temps name="out"><temp name="T76"/><temp name="T100"/><temp name="T107"/><temp name="T68"/><temp name="T86"/><temp name="T71"/><temp name="T91"/></temps></instruction><instruction code="INCMH T64, 0"><temps name="use"/><temps name="def"><temp name="T64"/></temps><temps name="in"><temp name="T76"/><temp name="T100"/><temp name="T107"/><temp name="T68"/><temp name="T86"/><temp name="T71"/><temp name="T91"/></temps><temps name="out"><temp name="T76"/><temp name="T100"/><temp name="T107"/><temp name="T68"/><temp name="T86"/><temp name="T71"/><temp name="T91"/></temps></instruction><instruction code="INCH  T64, 0"><temps name="use"/><temps name="def"><temp name="T64"/></temps><temps name="in"><temp name="T76"/><temp name="T100"/><temp name="T107"/><temp name="T68"/><temp name="T86"/><temp name="T71"/><temp name="T91"/></temps><temps name="out"><temp name="T76"/><temp name="T100"/><temp name="T64"/><temp name="T107"/><temp name="T68"/><temp name="T86"/><temp name="T71"/><temp name="T91"/></temps></instruction><instruction code="OR T11, T64, 0"><temps name="use"><temp name="T64"/></temps><temps name="def"><temp name="T11"/></temps><temps name="in"><temp name="T76"/><temp name="T100"/><temp name="T64"/><temp name="T107"/><temp name="T68"/><temp name="T86"/><temp name="T71"/><temp name="T91"/></temps><temps name="out"><temp name="T76"/><temp name="T100"/><temp name="T11"/><temp name="T107"/><temp name="T68"/><temp name="T86"/><temp name="T71"/><temp name="T91"/></temps></instruction><instruction code="LDO T69, T68, 0"><temps name="use"><temp name="T68"/></temps><temps name="def"><temp name="T69"/></temps><temps name="in"><temp name="T76"/><temp name="T100"/><temp name="T11"/><temp name="T107"/><temp name="T68"/><temp name="T86"/><temp name="T71"/><temp name="T91"/></temps><temps name="out"><temp name="T76"/><temp name="T100"/><temp name="T69"/><temp name="T11"/><temp name="T107"/><temp name="T86"/><temp name="T71"/><temp name="T91"/></temps></instruction><instruction code="STO T69, T11, 0"><temps name="use"><temp name="T69"/><temp name="T11"/></temps><temps name="def"/><temps name="in"><temp name="T76"/><temp name="T100"/><temp name="T69"/><temp name="T11"/><temp name="T107"/><temp name="T86"/><temp name="T71"/><temp name="T91"/></temps><temps name="out"><temp name="T76"/><temp name="T100"/><temp name="T107"/><temp name="T86"/><temp name="T71"/><temp name="T91"/></temps></instruction><instruction code="LDA T70, _x"><temps name="use"/><temps name="def"><temp name="T70"/></temps><temps name="in"><temp name="T76"/><temp name="T100"/><temp name="T107"/><temp name="T86"/><temp name="T71"/><temp name="T91"/></temps><temps name="out"><temp name="T70"/><temp name="T76"/><temp name="T100"/><temp name="T107"/><temp name="T86"/><temp name="T71"/><temp name="T91"/></temps></instruction><instruction code="OR T12, T70, 0"><temps name="use"><temp name="T70"/></temps><temps name="def"><temp name="T12"/></temps><temps name="in"><temp name="T70"/><temp name="T76"/><temp name="T100"/><temp name="T107"/><temp name="T86"/><temp name="T71"/><temp name="T91"/></temps><temps name="out"><temp name="T76"/><temp name="T100"/><temp name="T107"/><temp name="T86"/><temp name="T71"/><temp name="T91"/></temps></instruction><instruction code="LDO T72, T71, 0"><temps name="use"><temp name="T71"/></temps><temps name="def"><temp name="T72"/></temps><temps name="in"><temp name="T76"/><temp name="T100"/><temp name="T107"/><temp name="T86"/><temp name="T71"/><temp name="T91"/></temps><temps name="out"><temp name="T76"/><temp name="T100"/><temp name="T107"/><temp name="T72"/><temp name="T86"/><temp name="T91"/></temps></instruction><instruction code="OR T13, T72, 0"><temps name="use"><temp name="T72"/></temps><temps name="def"><temp name="T13"/></temps><temps name="in"><temp name="T76"/><temp name="T100"/><temp name="T107"/><temp name="T72"/><temp name="T86"/><temp name="T91"/></temps><temps name="out"><temp name="T13"/><temp name="T76"/><temp name="T100"/><temp name="T107"/><temp name="T86"/><temp name="T91"/></temps></instruction><instruction code="LDA T73, _ptu"><temps name="use"/><temps name="def"><temp name="T73"/></temps><temps name="in"><temp name="T13"/><temp name="T76"/><temp name="T100"/><temp name="T107"/><temp name="T86"/><temp name="T91"/></temps><temps name="out"><temp name="T13"/><temp name="T76"/><temp name="T100"/><temp name="T73"/><temp name="T107"/><temp name="T86"/><temp name="T91"/></temps></instruction><instruction code="OR T14, T73, 0"><temps name="use"><temp name="T73"/></temps><temps name="def"><temp name="T14"/></temps><temps name="in"><temp name="T13"/><temp name="T76"/><temp name="T100"/><temp name="T73"/><temp name="T107"/><temp name="T86"/><temp name="T91"/></temps><temps name="out"><temp name="T13"/><temp name="T76"/><temp name="T100"/><temp name="T107"/><temp name="T14"/><temp name="T86"/><temp name="T91"/></temps></instruction><instruction code="SETL  T74, 0"><temps name="use"/><temps name="def"><temp name="T74"/></temps><temps name="in"><temp name="T13"/><temp name="T76"/><temp name="T100"/><temp name="T107"/><temp name="T14"/><temp name="T86"/><temp name="T91"/></temps><temps name="out"><temp name="T13"/><temp name="T76"/><temp name="T100"/><temp name="T107"/><temp name="T14"/><temp name="T86"/><temp name="T91"/></temps></instruction><instruction code="INCML T74, 0"><temps name="use"/><temps name="def"><temp name="T74"/></temps><temps name="in"><temp name="T13"/><temp name="T76"/><temp name="T100"/><temp name="T107"/><temp name="T14"/><temp name="T86"/><temp name="T91"/></temps><temps name="out"><temp name="T13"/><temp name="T76"/><temp name="T100"/><temp name="T107"/><temp name="T14"/><temp name="T86"/><temp name="T91"/></temps></instruction><instruction code="INCMH T74, 0"><temps name="use"/><temps name="def"><temp name="T74"/></temps><temps name="in"><temp name="T13"/><temp name="T76"/><temp name="T100"/><temp name="T107"/><temp name="T14"/><temp name="T86"/><temp name="T91"/></temps><temps name="out"><temp name="T13"/><temp name="T76"/><temp name="T100"/><temp name="T107"/><temp name="T14"/><temp name="T86"/><temp name="T91"/></temps></instruction><instruction code="INCH  T74, 0"><temps name="use"/><temps name="def"><temp name="T74"/></temps><temps name="in"><temp name="T13"/><temp name="T76"/><temp name="T100"/><temp name="T107"/><temp name="T14"/><temp name="T86"/><temp name="T91"/></temps><temps name="out"><temp name="T74"/><temp name="T13"/><temp name="T76"/><temp name="T100"/><temp name="T107"/><temp name="T14"/><temp name="T86"/><temp name="T91"/></temps></instruction><instruction code="OR T15, T74, 0"><temps name="use"><temp name="T74"/></temps><temps name="def"><temp name="T15"/></temps><temps name="in"><temp name="T74"/><temp name="T13"/><temp name="T76"/><temp name="T100"/><temp name="T107"/><temp name="T14"/><temp name="T86"/><temp name="T91"/></temps><temps name="out"><temp name="T13"/><temp name="T76"/><temp name="T100"/><temp name="T15"/><temp name="T107"/><temp name="T14"/><temp name="T86"/><temp name="T91"/></temps></instruction><instruction code="ADD T75, T14, T15"><temps name="use"><temp name="T14"/><temp name="T15"/></temps><temps name="def"><temp name="T75"/></temps><temps name="in"><temp name="T13"/><temp name="T76"/><temp name="T100"/><temp name="T15"/><temp name="T107"/><temp name="T14"/><temp name="T86"/><temp name="T91"/></temps><temps name="out"><temp name="T13"/><temp name="T76"/><temp name="T100"/><temp name="T75"/><temp name="T107"/><temp name="T86"/><temp name="T91"/></temps></instruction><instruction code="OR T16, T75, 0"><temps name="use"><temp name="T75"/></temps><temps name="def"><temp name="T16"/></temps><temps name="in"><temp name="T13"/><temp name="T76"/><temp name="T100"/><temp name="T75"/><temp name="T107"/><temp name="T86"/><temp name="T91"/></temps><temps name="out"><temp name="T13"/><temp name="T76"/><temp name="T100"/><temp name="T107"/><temp name="T86"/><temp name="T91"/></temps></instruction><instruction code="LDO T77, T76, 0"><temps name="use"><temp name="T76"/></temps><temps name="def"><temp name="T77"/></temps><temps name="in"><temp name="T13"/><temp name="T76"/><temp name="T100"/><temp name="T107"/><temp name="T86"/><temp name="T91"/></temps><temps name="out"><temp name="T13"/><temp name="T100"/><temp name="T107"/><temp name="T86"/><temp name="T77"/><temp name="T91"/></temps></instruction><instruction code="OR T17, T77, 0"><temps name="use"><temp name="T77"/></temps><temps name="def"><temp name="T17"/></temps><temps name="in"><temp name="T13"/><temp name="T100"/><temp name="T107"/><temp name="T86"/><temp name="T77"/><temp name="T91"/></temps><temps name="out"><temp name="T13"/><temp name="T100"/><temp name="T107"/><temp name="T17"/><temp name="T86"/><temp name="T91"/></temps></instruction><instruction code="MUL T78, T13, T17"><temps name="use"><temp name="T13"/><temp name="T17"/></temps><temps name="def"><temp name="T78"/></temps><temps name="in"><temp name="T13"/><temp name="T100"/><temp name="T107"/><temp name="T17"/><temp name="T86"/><temp name="T91"/></temps><temps name="out"><temp name="T100"/><temp name="T107"/><temp name="T78"/><temp name="T86"/><temp name="T91"/></temps></instruction><instruction code="OR T18, T78, 0"><temps name="use"><temp name="T78"/></temps><temps name="def"><temp name="T18"/></temps><temps name="in"><temp name="T100"/><temp name="T107"/><temp name="T78"/><temp name="T86"/><temp name="T91"/></temps><temps name="out"><temp name="T100"/><temp name="T107"/><temp name="T18"/><temp name="T86"/><temp name="T91"/></temps></instruction><instruction code="SETL  T79, 99"><temps name="use"/><temps name="def"><temp name="T79"/></temps><temps name="in"><temp name="T100"/><temp name="T107"/><temp name="T18"/><temp name="T86"/><temp name="T91"/></temps><temps name="out"><temp name="T100"/><temp name="T107"/><temp name="T18"/><temp name="T86"/><temp name="T91"/></temps></instruction><instruction code="INCML T79, 0"><temps name="use"/><temps name="def"><temp name="T79"/></temps><temps name="in"><temp name="T100"/><temp name="T107"/><temp name="T18"/><temp name="T86"/><temp name="T91"/></temps><temps name="out"><temp name="T100"/><temp name="T107"/><temp name="T18"/><temp name="T86"/><temp name="T91"/></temps></instruction><instruction code="INCMH T79, 0"><temps name="use"/><temps name="def"><temp name="T79"/></temps><temps name="in"><temp name="T100"/><temp name="T107"/><temp name="T18"/><temp name="T86"/><temp name="T91"/></temps><temps name="out"><temp name="T100"/><temp name="T107"/><temp name="T18"/><temp name="T86"/><temp name="T91"/></temps></instruction><instruction code="INCH  T79, 0"><temps name="use"/><temps name="def"><temp name="T79"/></temps><temps name="in"><temp name="T100"/><temp name="T107"/><temp name="T18"/><temp name="T86"/><temp name="T91"/></temps><temps name="out"><temp name="T100"/><temp name="T107"/><temp name="T18"/><temp name="T79"/><temp name="T86"/><temp name="T91"/></temps></instruction><instruction code="OR T19, T79, 0"><temps name="use"><temp name="T79"/></temps><temps name="def"><temp name="T19"/></temps><temps name="in"><temp name="T100"/><temp name="T107"/><temp name="T18"/><temp name="T79"/><temp name="T86"/><temp name="T91"/></temps><temps name="out"><temp name="T100"/><temp name="T107"/><temp name="T18"/><temp name="T86"/><temp name="T19"/><temp name="T91"/></temps></instruction><instruction code="ADD T80, T18, T19"><temps name="use"><temp name="T18"/><temp name="T19"/></temps><temps name="def"><temp name="T80"/></temps><temps name="in"><temp name="T100"/><temp name="T107"/><temp name="T18"/><temp name="T86"/><temp name="T19"/><temp name="T91"/></temps><temps name="out"><temp name="T100"/><temp name="T80"/><temp name="T107"/><temp name="T86"/><temp name="T91"/></temps></instruction><instruction code="OR T20, T80, 0"><temps name="use"><temp name="T80"/></temps><temps name="def"><temp name="T20"/></temps><temps name="in"><temp name="T100"/><temp name="T80"/><temp name="T107"/><temp name="T86"/><temp name="T91"/></temps><temps name="out"><temp name="T100"/><temp name="T107"/><temp name="T20"/><temp name="T86"/><temp name="T91"/></temps></instruction><instruction code="SETL  T81, 97"><temps name="use"/><temps name="def"><temp name="T81"/></temps><temps name="in"><temp name="T100"/><temp name="T107"/><temp name="T20"/><temp name="T86"/><temp name="T91"/></temps><temps name="out"><temp name="T100"/><temp name="T107"/><temp name="T20"/><temp name="T86"/><temp name="T91"/></temps></instruction><instruction code="INCML T81, 0"><temps name="use"/><temps name="def"><temp name="T81"/></temps><temps name="in"><temp name="T100"/><temp name="T107"/><temp name="T20"/><temp name="T86"/><temp name="T91"/></temps><temps name="out"><temp name="T100"/><temp name="T107"/><temp name="T20"/><temp name="T86"/><temp name="T91"/></temps></instruction><instruction code="INCMH T81, 0"><temps name="use"/><temps name="def"><temp name="T81"/></temps><temps name="in"><temp name="T100"/><temp name="T107"/><temp name="T20"/><temp name="T86"/><temp name="T91"/></temps><temps name="out"><temp name="T100"/><temp name="T107"/><temp name="T20"/><temp name="T86"/><temp name="T91"/></temps></instruction><instruction code="INCH  T81, 0"><temps name="use"/><temps name="def"><temp name="T81"/></temps><temps name="in"><temp name="T100"/><temp name="T107"/><temp name="T20"/><temp name="T86"/><temp name="T91"/></temps><temps name="out"><temp name="T100"/><temp name="T107"/><temp name="T81"/><temp name="T20"/><temp name="T86"/><temp name="T91"/></temps></instruction><instruction code="OR T21, T81, 0"><temps name="use"><temp name="T81"/></temps><temps name="def"><temp name="T21"/></temps><temps name="in"><temp name="T100"/><temp name="T107"/><temp name="T81"/><temp name="T20"/><temp name="T86"/><temp name="T91"/></temps><temps name="out"><temp name="T100"/><temp name="T21"/><temp name="T107"/><temp name="T20"/><temp name="T86"/><temp name="T91"/></temps></instruction><instruction code="SUB T82, T20, T21"><temps name="use"><temp name="T20"/><temp name="T21"/></temps><temps name="def"><temp name="T82"/></temps><temps name="in"><temp name="T100"/><temp name="T21"/><temp name="T107"/><temp name="T20"/><temp name="T86"/><temp name="T91"/></temps><temps name="out"><temp name="T100"/><temp name="T107"/><temp name="T82"/><temp name="T86"/><temp name="T91"/></temps></instruction><instruction code="OR T22, T82, 0"><temps name="use"><temp name="T82"/></temps><temps name="def"><temp name="T22"/></temps><temps name="in"><temp name="T100"/><temp name="T107"/><temp name="T82"/><temp name="T86"/><temp name="T91"/></temps><temps name="out"><temp name="T100"/><temp name="T107"/><temp name="T22"/><temp name="T86"/><temp name="T91"/></temps></instruction><instruction code="LDO T87, T86, 0"><temps name="use"><temp name="T86"/></temps><temps name="def"><temp name="T87"/></temps><temps name="in"><temp name="T100"/><temp name="T107"/><temp name="T22"/><temp name="T86"/><temp name="T91"/></temps><temps name="out"><temp name="T100"/><temp name="T107"/><temp name="T87"/><temp name="T22"/><temp name="T91"/></temps></instruction><instruction code="STO T87, T22, 0"><temps name="use"><temp name="T87"/><temp name="T22"/></temps><temps name="def"/><temps name="in"><temp name="T100"/><temp name="T107"/><temp name="T87"/><temp name="T22"/><temp name="T91"/></temps><temps name="out"><temp name="T100"/><temp name="T107"/><temp name="T91"/></temps></instruction><instruction code="LDA T88, _ptv"><temps name="use"/><temps name="def"><temp name="T88"/></temps><temps name="in"><temp name="T100"/><temp name="T107"/><temp name="T91"/></temps><temps name="out"><temp name="T100"/><temp name="T88"/><temp name="T107"/><temp name="T91"/></temps></instruction><instruction code="OR T23, T88, 0"><temps name="use"><temp name="T88"/></temps><temps name="def"><temp name="T23"/></temps><temps name="in"><temp name="T100"/><temp name="T88"/><temp name="T107"/><temp name="T91"/></temps><temps name="out"><temp name="T100"/><temp name="T23"/><temp name="T107"/><temp name="T91"/></temps></instruction><instruction code="SETL  T89, 8"><temps name="use"/><temps name="def"><temp name="T89"/></temps><temps name="in"><temp name="T100"/><temp name="T23"/><temp name="T107"/><temp name="T91"/></temps><temps name="out"><temp name="T100"/><temp name="T23"/><temp name="T107"/><temp name="T91"/></temps></instruction><instruction code="INCML T89, 0"><temps name="use"/><temps name="def"><temp name="T89"/></temps><temps name="in"><temp name="T100"/><temp name="T23"/><temp name="T107"/><temp name="T91"/></temps><temps name="out"><temp name="T100"/><temp name="T23"/><temp name="T107"/><temp name="T91"/></temps></instruction><instruction code="INCMH T89, 0"><temps name="use"/><temps name="def"><temp name="T89"/></temps><temps name="in"><temp name="T100"/><temp name="T23"/><temp name="T107"/><temp name="T91"/></temps><temps name="out"><temp name="T100"/><temp name="T23"/><temp name="T107"/><temp name="T91"/></temps></instruction><instruction code="INCH  T89, 0"><temps name="use"/><temps name="def"><temp name="T89"/></temps><temps name="in"><temp name="T100"/><temp name="T23"/><temp name="T107"/><temp name="T91"/></temps><temps name="out"><temp name="T100"/><temp name="T23"/><temp name="T89"/><temp name="T107"/><temp name="T91"/></temps></instruction><instruction code="OR T24, T89, 0"><temps name="use"><temp name="T89"/></temps><temps name="def"><temp name="T24"/></temps><temps name="in"><temp name="T100"/><temp name="T23"/><temp name="T89"/><temp name="T107"/><temp name="T91"/></temps><temps name="out"><temp name="T100"/><temp name="T23"/><temp name="T107"/><temp name="T24"/><temp name="T91"/></temps></instruction><instruction code="ADD T90, T23, T24"><temps name="use"><temp name="T23"/><temp name="T24"/></temps><temps name="def"><temp name="T90"/></temps><temps name="in"><temp name="T100"/><temp name="T23"/><temp name="T107"/><temp name="T24"/><temp name="T91"/></temps><temps name="out"><temp name="T100"/><temp name="T107"/><temp name="T90"/><temp name="T91"/></temps></instruction><instruction code="OR T25, T90, 0"><temps name="use"><temp name="T90"/></temps><temps name="def"><temp name="T25"/></temps><temps name="in"><temp name="T100"/><temp name="T107"/><temp name="T90"/><temp name="T91"/></temps><temps name="out"><temp name="T100"/><temp name="T107"/><temp name="T91"/></temps></instruction><instruction code="LDO T92, T91, 0"><temps name="use"><temp name="T91"/></temps><temps name="def"><temp name="T92"/></temps><temps name="in"><temp name="T100"/><temp name="T107"/><temp name="T91"/></temps><temps name="out"><temp name="T100"/><temp name="T107"/><temp name="T92"/></temps></instruction><instruction code="OR T26, T92, 0"><temps name="use"><temp name="T92"/></temps><temps name="def"><temp name="T26"/></temps><temps name="in"><temp name="T100"/><temp name="T107"/><temp name="T92"/></temps><temps name="out"><temp name="T100"/><temp name="T107"/><temp name="T26"/></temps></instruction><instruction code="SETL  T93, 17"><temps name="use"/><temps name="def"><temp name="T93"/></temps><temps name="in"><temp name="T100"/><temp name="T107"/><temp name="T26"/></temps><temps name="out"><temp name="T100"/><temp name="T107"/><temp name="T26"/></temps></instruction><instruction code="INCML T93, 0"><temps name="use"/><temps name="def"><temp name="T93"/></temps><temps name="in"><temp name="T100"/><temp name="T107"/><temp name="T26"/></temps><temps name="out"><temp name="T100"/><temp name="T107"/><temp name="T26"/></temps></instruction><instruction code="INCMH T93, 0"><temps name="use"/><temps name="def"><temp name="T93"/></temps><temps name="in"><temp name="T100"/><temp name="T107"/><temp name="T26"/></temps><temps name="out"><temp name="T100"/><temp name="T107"/><temp name="T26"/></temps></instruction><instruction code="INCH  T93, 0"><temps name="use"/><temps name="def"><temp name="T93"/></temps><temps name="in"><temp name="T100"/><temp name="T107"/><temp name="T26"/></temps><temps name="out"><temp name="T100"/><temp name="T107"/><temp name="T93"/><temp name="T26"/></temps></instruction><instruction code="OR T27, T93, 0"><temps name="use"><temp name="T93"/></temps><temps name="def"><temp name="T27"/></temps><temps name="in"><temp name="T100"/><temp name="T107"/><temp name="T93"/><temp name="T26"/></temps><temps name="out"><temp name="T100"/><temp name="T107"/><temp name="T27"/><temp name="T26"/></temps></instruction><instruction code="ADD T94, T26, T27"><temps name="use"><temp name="T26"/><temp name="T27"/></temps><temps name="def"><temp name="T94"/></temps><temps name="in"><temp name="T100"/><temp name="T107"/><temp name="T27"/><temp name="T26"/></temps><temps name="out"><temp name="T100"/><temp name="T107"/><temp name="T94"/></temps></instruction><instruction code="OR T28, T94, 0"><temps name="use"><temp name="T94"/></temps><temps name="def"><temp name="T28"/></temps><temps name="in"><temp name="T100"/><temp name="T107"/><temp name="T94"/></temps><temps name="out"><temp name="T100"/><temp name="T28"/><temp name="T107"/></temps></instruction><instruction code="LDO T101, T100, 0"><temps name="use"><temp name="T100"/></temps><temps name="def"><temp name="T101"/></temps><temps name="in"><temp name="T100"/><temp name="T28"/><temp name="T107"/></temps><temps name="out"><temp name="T28"/><temp name="T107"/><temp name="T101"/></temps></instruction><instruction code="STO T101, T28, 0"><temps name="use"><temp name="T101"/><temp name="T28"/></temps><temps name="def"/><temps name="in"><temp name="T28"/><temp name="T107"/><temp name="T101"/></temps><temps name="out"><temp name="T107"/></temps></instruction><instruction code="LDA T102, _ptt"><temps name="use"/><temps name="def"><temp name="T102"/></temps><temps name="in"><temp name="T107"/></temps><temps name="out"><temp name="T102"/><temp name="T107"/></temps></instruction><instruction code="OR T29, T102, 0"><temps name="use"><temp name="T102"/></temps><temps name="def"><temp name="T29"/></temps><temps name="in"><temp name="T102"/><temp name="T107"/></temps><temps name="out"><temp name="T107"/><temp name="T29"/></temps></instruction><instruction code="SETL  T103, 0"><temps name="use"/><temps name="def"><temp name="T103"/></temps><temps name="in"><temp name="T107"/><temp name="T29"/></temps><temps name="out"><temp name="T107"/><temp name="T29"/></temps></instruction><instruction code="INCML T103, 0"><temps name="use"/><temps name="def"><temp name="T103"/></temps><temps name="in"><temp name="T107"/><temp name="T29"/></temps><temps name="out"><temp name="T107"/><temp name="T29"/></temps></instruction><instruction code="INCMH T103, 0"><temps name="use"/><temps name="def"><temp name="T103"/></temps><temps name="in"><temp name="T107"/><temp name="T29"/></temps><temps name="out"><temp name="T107"/><temp name="T29"/></temps></instruction><instruction code="INCH  T103, 0"><temps name="use"/><temps name="def"><temp name="T103"/></temps><temps name="in"><temp name="T107"/><temp name="T29"/></temps><temps name="out"><temp name="T107"/><temp name="T29"/><temp name="T103"/></temps></instruction><instruction code="OR T30, T103, 0"><temps name="use"><temp name="T103"/></temps><temps name="def"><temp name="T30"/></temps><temps name="in"><temp name="T107"/><temp name="T29"/><temp name="T103"/></temps><temps name="out"><temp name="T30"/><temp name="T107"/><temp name="T29"/></temps></instruction><instruction code="ADD T104, T29, T30"><temps name="use"><temp name="T29"/><temp name="T30"/></temps><temps name="def"><temp name="T104"/></temps><temps name="in"><temp name="T30"/><temp name="T107"/><temp name="T29"/></temps><temps name="out"><temp name="T107"/><temp name="T104"/></temps></instruction><instruction code="OR T31, T104, 0"><temps name="use"><temp name="T104"/></temps><temps name="def"><temp name="T31"/></temps><temps name="in"><temp name="T107"/><temp name="T104"/></temps><temps name="out"><temp name="T107"/><temp name="T31"/></temps></instruction><instruction code="SETL  T105, 8"><temps name="use"/><temps name="def"><temp name="T105"/></temps><temps name="in"><temp name="T107"/><temp name="T31"/></temps><temps name="out"><temp name="T107"/><temp name="T31"/></temps></instruction><instruction code="INCML T105, 0"><temps name="use"/><temps name="def"><temp name="T105"/></temps><temps name="in"><temp name="T107"/><temp name="T31"/></temps><temps name="out"><temp name="T107"/><temp name="T31"/></temps></instruction><instruction code="INCMH T105, 0"><temps name="use"/><temps name="def"><temp name="T105"/></temps><temps name="in"><temp name="T107"/><temp name="T31"/></temps><temps name="out"><temp name="T107"/><temp name="T31"/></temps></instruction><instruction code="INCH  T105, 0"><temps name="use"/><temps name="def"><temp name="T105"/></temps><temps name="in"><temp name="T107"/><temp name="T31"/></temps><temps name="out"><temp name="T107"/><temp name="T105"/><temp name="T31"/></temps></instruction><instruction code="OR T32, T105, 0"><temps name="use"><temp name="T105"/></temps><temps name="def"><temp name="T32"/></temps><temps name="in"><temp name="T107"/><temp name="T105"/><temp name="T31"/></temps><temps name="out"><temp name="T107"/><temp name="T32"/><temp name="T31"/></temps></instruction><instruction code="ADD T106, T31, T32"><temps name="use"><temp name="T31"/><temp name="T32"/></temps><temps name="def"><temp name="T106"/></temps><temps name="in"><temp name="T107"/><temp name="T32"/><temp name="T31"/></temps><temps name="out"><temp name="T106"/><temp name="T107"/></temps></instruction><instruction code="OR T33, T106, 0"><temps name="use"><temp name="T106"/></temps><temps name="def"><temp name="T33"/></temps><temps name="in"><temp name="T106"/><temp name="T107"/></temps><temps name="out"><temp name="T107"/></temps></instruction><instruction code="LDO T108, T107, 0"><temps name="use"><temp name="T107"/></temps><temps name="def"><temp name="T108"/></temps><temps name="in"><temp name="T107"/></temps><temps name="out"><temp name="T108"/></temps></instruction><instruction code="OR T34, T108, 0"><temps name="use"><temp name="T108"/></temps><temps name="def"><temp name="T34"/></temps><temps name="in"><temp name="T108"/></temps><temps name="out"><temp name="T34"/></temps></instruction><instruction code="OR T35, T34, 0"><temps name="use"><temp name="T34"/></temps><temps name="def"><temp name="T35"/></temps><temps name="in"><temp name="T34"/></temps><temps name="out"><temp name="T35"/></temps></instruction><instruction code="SETL  T109, 3"><temps name="use"/><temps name="def"><temp name="T109"/></temps><temps name="in"><temp name="T35"/></temps><temps name="out"><temp name="T35"/></temps></instruction><instruction code="INCML T109, 0"><temps name="use"/><temps name="def"><temp name="T109"/></temps><temps name="in"><temp name="T35"/></temps><temps name="out"><temp name="T35"/></temps></instruction><instruction code="INCMH T109, 0"><temps name="use"/><temps name="def"><temp name="T109"/></temps><temps name="in"><temp name="T35"/></temps><temps name="out"><temp name="T35"/></temps></instruction><instruction code="INCH  T109, 0"><temps name="use"/><temps name="def"><temp name="T109"/></temps><temps name="in"><temp name="T35"/></temps><temps name="out"><temp name="T35"/><temp name="T109"/></temps></instruction><instruction code="OR T36, T109, 0"><temps name="use"><temp name="T109"/></temps><temps name="def"><temp name="T36"/></temps><temps name="in"><temp name="T35"/><temp name="T109"/></temps><temps name="out"><temp name="T36"/><temp name="T35"/></temps></instruction><instruction code="ADD T110, T35, T36"><temps name="use"><temp name="T35"/><temp name="T36"/></temps><temps name="def"><temp name="T110"/></temps><temps name="in"><temp name="T36"/><temp name="T35"/></temps><temps name="out"><temp name="T110"/></temps></instruction><instruction code="OR T1, T110, 0"><temps name="use"><temp name="T110"/></temps><temps name="def"><temp name="T1"/></temps><temps name="in"><temp name="T110"/></temps><temps name="out"/></instruction><instruction code="LDA T111, L3"><temps name="use"/><temps name="def"><temp name="T111"/></temps><temps name="in"/><temps name="out"><temp name="T111"/></temps></instruction><instruction code="GO T111, T111, 0"><temps name="use"><temp name="T111"/></temps><temps name="def"><temp name="T111"/></temps><temps name="in"><temp name="T111"/></temps><temps name="out"/></instruction></instructions></code><code entrylabel="L4" exitlabel="L5" tempsize="0"><frame FP="T4" RV="T5" argssize="0" depth="2" label="L0" locssize="0" size="16"/><instructions><instruction code="L4"><temps name="use"/><temps name="def"/><temps name="in"/><temps name="out"/></instruction><instruction code="SETL  T112, 3"><temps name="use"/><temps name="def"><temp name="T112"/></temps><temps name="in"/><temps name="out"/></instruction><instruction code="INCML T112, 0"><temps name="use"/><temps name="def"><temp name="T112"/></temps><temps name="in"/><temps name="out"/></instruction><instruction code="INCMH T112, 0"><temps name="use"/><temps name="def"><temp name="T112"/></temps><temps name="in"/><temps name="out"/></instruction><instruction code="INCH  T112, 0"><temps name="use"/><temps name="def"><temp name="T112"/></temps><temps name="in"/><temps name="out"><temp name="T112"/></temps></instruction><instruction code="OR T5, T112, 0"><temps name="use"><temp name="T112"/></temps><temps name="def"><temp name="T5"/></temps><temps name="in"><temp name="T112"/></temps><temps name="out"/></instruction><instruction code="LDA T113, L5"><temps name="use"/><temps name="def"><temp name="T113"/></temps><temps name="in"/><temps name="out"><temp name="T113"/></temps></instruction><instruction code="GO T113, T113, 0"><temps name="use"><temp name="T113"/></temps><temps name="def"><temp name="T113"/></temps><temps name="in"><temp name="T113"/></temps><temps name="out"/></instruction></instructions></code><code entrylabel="L6" exitlabel="L7" tempsize="0"><frame FP="T6" RV="T7" argssize="0" depth="2" label="L1" locssize="0" size="16"/><instructions><instruction code="L6"><temps name="use"/><temps name="def"/><temps name="in"><temp name="T121"/><temp name="T6"/><temp name="T123"/><temp name="T127"/></temps><temps name="out"><temp name="T121"/><temp name="T6"/><temp name="T123"/><temp name="T127"/></temps></instruction><instruction code="SETL  T114, 3"><temps name="use"/><temps name="def"><temp name="T114"/></temps><temps name="in"><temp name="T121"/><temp name="T6"/><temp name="T123"/><temp name="T127"/></temps><temps name="out"><temp name="T121"/><temp name="T6"/><temp name="T123"/><temp name="T127"/></temps></instruction><instruction code="INCML T114, 0"><temps name="use"/><temps name="def"><temp name="T114"/></temps><temps name="in"><temp name="T121"/><temp name="T6"/><temp name="T123"/><temp name="T127"/></temps><temps name="out"><temp name="T121"/><temp name="T6"/><temp name="T123"/><temp name="T127"/></temps></instruction><instruction code="INCMH T114, 0"><temps name="use"/><temps name="def"><temp name="T114"/></temps><temps name="in"><temp name="T121"/><temp name="T6"/><temp name="T123"/><temp name="T127"/></temps><temps name="out"><temp name="T121"/><temp name="T6"/><temp name="T123"/><temp name="T127"/></temps></instruction><instruction code="INCH  T114, 0"><temps name="use"/><temps name="def"><temp name="T114"/></temps><temps name="in"><temp name="T121"/><temp name="T6"/><temp name="T123"/><temp name="T127"/></temps><temps name="out"><temp name="T121"/><temp name="T114"/><temp name="T6"/><temp name="T123"/><temp name="T127"/></temps></instruction><instruction code="OR T37, T114, 0"><temps name="use"><temp name="T114"/></temps><temps name="def"><temp name="T37"/></temps><temps name="in"><temp name="T121"/><temp name="T114"/><temp name="T6"/><temp name="T123"/><temp name="T127"/></temps><temps name="out"><temp name="T37"/><temp name="T121"/><temp name="T6"/><temp name="T123"/><temp name="T127"/></temps></instruction><instruction code="SETL  T115, 1"><temps name="use"/><temps name="def"><temp name="T115"/></temps><temps name="in"><temp name="T37"/><temp name="T121"/><temp name="T6"/><temp name="T123"/><temp name="T127"/></temps><temps name="out"><temp name="T37"/><temp name="T121"/><temp name="T6"/><temp name="T123"/><temp name="T127"/></temps></instruction><instruction code="INCML T115, 0"><temps name="use"/><temps name="def"><temp name="T115"/></temps><temps name="in"><temp name="T37"/><temp name="T121"/><temp name="T6"/><temp name="T123"/><temp name="T127"/></temps><temps name="out"><temp name="T37"/><temp name="T121"/><temp name="T6"/><temp name="T123"/><temp name="T127"/></temps></instruction><instruction code="INCMH T115, 0"><temps name="use"/><temps name="def"><temp name="T115"/></temps><temps name="in"><temp name="T37"/><temp name="T121"/><temp name="T6"/><temp name="T123"/><temp name="T127"/></temps><temps name="out"><temp name="T37"/><temp name="T121"/><temp name="T6"/><temp name="T123"/><temp name="T127"/></temps></instruction><instruction code="INCH  T115, 0"><temps name="use"/><temps name="def"><temp name="T115"/></temps><temps name="in"><temp name="T37"/><temp name="T121"/><temp name="T6"/><temp name="T123"/><temp name="T127"/></temps><temps name="out"><temp name="T37"/><temp name="T115"/><temp name="T121"/><temp name="T6"/><temp name="T123"/><temp name="T127"/></temps></instruction><instruction code="OR T38, T115, 0"><temps name="use"><temp name="T115"/></temps><temps name="def"><temp name="T38"/></temps><temps name="in"><temp name="T37"/><temp name="T115"/><temp name="T121"/><temp name="T6"/><temp name="T123"/><temp name="T127"/></temps><temps name="out"><temp name="T37"/><temp name="T121"/><temp name="T6"/><temp name="T123"/><temp name="T127"/></temps></instruction><instruction code="SETL  T116, 1"><temps name="use"/><temps name="def"><temp name="T116"/></temps><temps name="in"><temp name="T37"/><temp name="T121"/><temp name="T6"/><temp name="T123"/><temp name="T127"/></temps><temps name="out"><temp name="T37"/><temp name="T121"/><temp name="T6"/><temp name="T123"/><temp name="T127"/></temps></instruction><instruction code="INCML T116, 0"><temps name="use"/><temps name="def"><temp name="T116"/></temps><temps name="in"><temp name="T37"/><temp name="T121"/><temp name="T6"/><temp name="T123"/><temp name="T127"/></temps><temps name="out"><temp name="T37"/><temp name="T121"/><temp name="T6"/><temp name="T123"/><temp name="T127"/></temps></instruction><instruction code="INCMH T116, 0"><temps name="use"/><temps name="def"><temp name="T116"/></temps><temps name="in"><temp name="T37"/><temp name="T121"/><temp name="T6"/><temp name="T123"/><temp name="T127"/></temps><temps name="out"><temp name="T37"/><temp name="T121"/><temp name="T6"/><temp name="T123"/><temp name="T127"/></temps></instruction><instruction code="INCH  T116, 0"><temps name="use"/><temps name="def"><temp name="T116"/></temps><temps name="in"><temp name="T37"/><temp name="T121"/><temp name="T6"/><temp name="T123"/><temp name="T127"/></temps><temps name="out"><temp name="T37"/><temp name="T116"/><temp name="T121"/><temp name="T6"/><temp name="T123"/><temp name="T127"/></temps></instruction><instruction code="OR T39, T116, 0"><temps name="use"><temp name="T116"/></temps><temps name="def"><temp name="T39"/></temps><temps name="in"><temp name="T37"/><temp name="T116"/><temp name="T121"/><temp name="T6"/><temp name="T123"/><temp name="T127"/></temps><temps name="out"><temp name="T37"/><temp name="T121"/><temp name="T39"/><temp name="T6"/><temp name="T123"/><temp name="T127"/></temps></instruction><instruction code="LDO T122, T121, 0"><temps name="use"><temp name="T121"/></temps><temps name="def"><temp name="T122"/></temps><temps name="in"><temp name="T37"/><temp name="T121"/><temp name="T39"/><temp name="T6"/><temp name="T123"/><temp name="T127"/></temps><temps name="out"><temp name="T37"/><temp name="T122"/><temp name="T39"/><temp name="T6"/><temp name="T123"/><temp name="T127"/></temps></instruction><instruction code="STO T122, T39, 0"><temps name="use"><temp name="T122"/><temp name="T39"/></temps><temps name="def"/><temps name="in"><temp name="T37"/><temp name="T122"/><temp name="T39"/><temp name="T6"/><temp name="T123"/><temp name="T127"/></temps><temps name="out"><temp name="T37"/><temp name="T6"/><temp name="T123"/><temp name="T127"/></temps></instruction><instruction code="OR T40, T6, 0"><temps name="use"><temp name="T6"/></temps><temps name="def"><temp name="T40"/></temps><temps name="in"><temp name="T37"/><temp name="T6"/><temp name="T123"/><temp name="T127"/></temps><temps name="out"><temp name="T37"/><temp name="T123"/><temp name="T127"/></temps></instruction><instruction code="LDO T124, T123, 0"><temps name="use"><temp name="T123"/></temps><temps name="def"><temp name="T124"/></temps><temps name="in"><temp name="T37"/><temp name="T123"/><temp name="T127"/></temps><temps name="out"><temp name="T37"/><temp name="T124"/><temp name="T127"/></temps></instruction><instruction code="OR T41, T124, 0"><temps name="use"><temp name="T124"/></temps><temps name="def"><temp name="T41"/></temps><temps name="in"><temp name="T37"/><temp name="T124"/><temp name="T127"/></temps><temps name="out"><temp name="T37"/><temp name="T127"/><temp name="T41"/></temps></instruction><instruction code="SETL  T125, 8"><temps name="use"/><temps name="def"><temp name="T125"/></temps><temps name="in"><temp name="T37"/><temp name="T127"/><temp name="T41"/></temps><temps name="out"><temp name="T37"/><temp name="T127"/><temp name="T41"/></temps></instruction><instruction code="INCML T125, 0"><temps name="use"/><temps name="def"><temp name="T125"/></temps><temps name="in"><temp name="T37"/><temp name="T127"/><temp name="T41"/></temps><temps name="out"><temp name="T37"/><temp name="T127"/><temp name="T41"/></temps></instruction><instruction code="INCMH T125, 0"><temps name="use"/><temps name="def"><temp name="T125"/></temps><temps name="in"><temp name="T37"/><temp name="T127"/><temp name="T41"/></temps><temps name="out"><temp name="T37"/><temp name="T127"/><temp name="T41"/></temps></instruction><instruction code="INCH  T125, 0"><temps name="use"/><temps name="def"><temp name="T125"/></temps><temps name="in"><temp name="T37"/><temp name="T127"/><temp name="T41"/></temps><temps name="out"><temp name="T37"/><temp name="T125"/><temp name="T127"/><temp name="T41"/></temps></instruction><instruction code="OR T42, T125, 0"><temps name="use"><temp name="T125"/></temps><temps name="def"><temp name="T42"/></temps><temps name="in"><temp name="T37"/><temp name="T125"/><temp name="T127"/><temp name="T41"/></temps><temps name="out"><temp name="T37"/><temp name="T42"/><temp name="T127"/><temp name="T41"/></temps></instruction><instruction code="ADD T126, T41, T42"><temps name="use"><temp name="T41"/><temp name="T42"/></temps><temps name="def"><temp name="T126"/></temps><temps name="in"><temp name="T37"/><temp name="T42"/><temp name="T127"/><temp name="T41"/></temps><temps name="out"><temp name="T37"/><temp name="T126"/><temp name="T127"/></temps></instruction><instruction code="OR T43, T126, 0"><temps name="use"><temp name="T126"/></temps><temps name="def"><temp name="T43"/></temps><temps name="in"><temp name="T37"/><temp name="T126"/><temp name="T127"/></temps><temps name="out"><temp name="T37"/><temp name="T127"/></temps></instruction><instruction code="LDO T128, T127, 0"><temps name="use"><temp name="T127"/></temps><temps name="def"><temp name="T128"/></temps><temps name="in"><temp name="T37"/><temp name="T127"/></temps><temps name="out"><temp name="T37"/><temp name="T128"/></temps></instruction><instruction code="OR T44, T128, 0"><temps name="use"><temp name="T128"/></temps><temps name="def"><temp name="T44"/></temps><temps name="in"><temp name="T37"/><temp name="T128"/></temps><temps name="out"><temp name="T37"/><temp name="T44"/></temps></instruction><instruction code="OR T45, T44, 0"><temps name="use"><temp name="T44"/></temps><temps name="def"><temp name="T45"/></temps><temps name="in"><temp name="T37"/><temp name="T44"/></temps><temps name="out"><temp name="T37"/><temp name="T45"/></temps></instruction><instruction code="ADD T129, T37, T45"><temps name="use"><temp name="T37"/><temp name="T45"/></temps><temps name="def"><temp name="T129"/></temps><temps name="in"><temp name="T37"/><temp name="T45"/></temps><temps name="out"><temp name="T129"/></temps></instruction><instruction code="OR T7, T129, 0"><temps name="use"><temp name="T129"/></temps><temps name="def"><temp name="T7"/></temps><temps name="in"><temp name="T129"/></temps><temps name="out"/></instruction><instruction code="LDA T130, L7"><temps name="use"/><temps name="def"><temp name="T130"/></temps><temps name="in"/><temps name="out"><temp name="T130"/></temps></instruction><instruction code="GO T130, T130, 0"><temps name="use"><temp name="T130"/></temps><temps name="def"><temp name="T130"/></temps><temps name="in"><temp name="T130"/></temps><temps name="out"/></instruction></instructions></code><code entrylabel="L8" exitlabel="L9" tempsize="0"><frame FP="T2" RV="T3" argssize="8" depth="1" label="_f" locssize="0" size="24"/><instructions><instruction code="L8"><temps name="use"/><temps name="def"/><temps name="in"><temp name="T148"/><temp name="T2"/><temp name="T133"/><temp name="T138"/><temp name="T152"/><temp name="T142"/></temps><temps name="out"><temp name="T148"/><temp name="T2"/><temp name="T133"/><temp name="T138"/><temp name="T152"/><temp name="T142"/></temps></instruction><instruction code="OR T46, T2, 0"><temps name="use"><temp name="T2"/></temps><temps name="def"><temp name="T46"/></temps><temps name="in"><temp name="T148"/><temp name="T2"/><temp name="T133"/><temp name="T138"/><temp name="T152"/><temp name="T142"/></temps><temps name="out"><temp name="T46"/><temp name="T148"/><temp name="T133"/><temp name="T2"/><temp name="T138"/><temp name="T152"/><temp name="T142"/></temps></instruction><instruction code="SETL  T131, 8"><temps name="use"/><temps name="def"><temp name="T131"/></temps><temps name="in"><temp name="T46"/><temp name="T148"/><temp name="T133"/><temp name="T2"/><temp name="T138"/><temp name="T152"/><temp name="T142"/></temps><temps name="out"><temp name="T46"/><temp name="T148"/><temp name="T133"/><temp name="T2"/><temp name="T138"/><temp name="T152"/><temp name="T142"/></temps></instruction><instruction code="INCML T131, 0"><temps name="use"/><temps name="def"><temp name="T131"/></temps><temps name="in"><temp name="T46"/><temp name="T148"/><temp name="T133"/><temp name="T2"/><temp name="T138"/><temp name="T152"/><temp name="T142"/></temps><temps name="out"><temp name="T46"/><temp name="T148"/><temp name="T133"/><temp name="T2"/><temp name="T138"/><temp name="T152"/><temp name="T142"/></temps></instruction><instruction code="INCMH T131, 0"><temps name="use"/><temps name="def"><temp name="T131"/></temps><temps name="in"><temp name="T46"/><temp name="T148"/><temp name="T133"/><temp name="T2"/><temp name="T138"/><temp name="T152"/><temp name="T142"/></temps><temps name="out"><temp name="T46"/><temp name="T148"/><temp name="T133"/><temp name="T2"/><temp name="T138"/><temp name="T152"/><temp name="T142"/></temps></instruction><instruction code="INCH  T131, 0"><temps name="use"/><temps name="def"><temp name="T131"/></temps><temps name="in"><temp name="T46"/><temp name="T148"/><temp name="T133"/><temp name="T2"/><temp name="T138"/><temp name="T152"/><temp name="T142"/></temps><temps name="out"><temp name="T46"/><temp name="T131"/><temp name="T148"/><temp name="T133"/><temp name="T2"/><temp name="T138"/><temp name="T152"/><temp name="T142"/></temps></instruction><instruction code="OR T47, T131, 0"><temps name="use"><temp name="T131"/></temps><temps name="def"><temp name="T47"/></temps><temps name="in"><temp name="T46"/><temp name="T131"/><temp name="T148"/><temp name="T133"/><temp name="T2"/><temp name="T138"/><temp name="T152"/><temp name="T142"/></temps><temps name="out"><temp name="T46"/><temp name="T47"/><temp name="T148"/><temp name="T133"/><temp name="T2"/><temp name="T138"/><temp name="T152"/><temp name="T142"/></temps></instruction><instruction code="ADD T132, T46, T47"><temps name="use"><temp name="T46"/><temp name="T47"/></temps><temps name="def"><temp name="T132"/></temps><temps name="in"><temp name="T46"/><temp name="T47"/><temp name="T148"/><temp name="T133"/><temp name="T2"/><temp name="T138"/><temp name="T152"/><temp name="T142"/></temps><temps name="out"><temp name="T132"/><temp name="T148"/><temp name="T133"/><temp name="T2"/><temp name="T138"/><temp name="T152"/><temp name="T142"/></temps></instruction><instruction code="OR T48, T132, 0"><temps name="use"><temp name="T132"/></temps><temps name="def"><temp name="T48"/></temps><temps name="in"><temp name="T132"/><temp name="T148"/><temp name="T133"/><temp name="T2"/><temp name="T138"/><temp name="T152"/><temp name="T142"/></temps><temps name="out"><temp name="T148"/><temp name="T133"/><temp name="T2"/><temp name="T138"/><temp name="T152"/><temp name="T142"/></temps></instruction><instruction code="LDO T134, T133, 0"><temps name="use"><temp name="T133"/></temps><temps name="def"><temp name="T134"/></temps><temps name="in"><temp name="T148"/><temp name="T133"/><temp name="T2"/><temp name="T138"/><temp name="T152"/><temp name="T142"/></temps><temps name="out"><temp name="T134"/><temp name="T148"/><temp name="T2"/><temp name="T138"/><temp name="T152"/><temp name="T142"/></temps></instruction><instruction code="OR T49, T134, 0"><temps name="use"><temp name="T134"/></temps><temps name="def"><temp name="T49"/></temps><temps name="in"><temp name="T134"/><temp name="T148"/><temp name="T2"/><temp name="T138"/><temp name="T152"/><temp name="T142"/></temps><temps name="out"><temp name="T49"/><temp name="T148"/><temp name="T2"/><temp name="T138"/><temp name="T152"/><temp name="T142"/></temps></instruction><instruction code="SETL  T135, 1"><temps name="use"/><temps name="def"><temp name="T135"/></temps><temps name="in"><temp name="T49"/><temp name="T148"/><temp name="T2"/><temp name="T138"/><temp name="T152"/><temp name="T142"/></temps><temps name="out"><temp name="T49"/><temp name="T148"/><temp name="T2"/><temp name="T138"/><temp name="T152"/><temp name="T142"/></temps></instruction><instruction code="INCML T135, 0"><temps name="use"/><temps name="def"><temp name="T135"/></temps><temps name="in"><temp name="T49"/><temp name="T148"/><temp name="T2"/><temp name="T138"/><temp name="T152"/><temp name="T142"/></temps><temps name="out"><temp name="T49"/><temp name="T148"/><temp name="T2"/><temp name="T138"/><temp name="T152"/><temp name="T142"/></temps></instruction><instruction code="INCMH T135, 0"><temps name="use"/><temps name="def"><temp name="T135"/></temps><temps name="in"><temp name="T49"/><temp name="T148"/><temp name="T2"/><temp name="T138"/><temp name="T152"/><temp name="T142"/></temps><temps name="out"><temp name="T49"/><temp name="T148"/><temp name="T2"/><temp name="T138"/><temp name="T152"/><temp name="T142"/></temps></instruction><instruction code="INCH  T135, 0"><temps name="use"/><temps name="def"><temp name="T135"/></temps><temps name="in"><temp name="T49"/><temp name="T148"/><temp name="T2"/><temp name="T138"/><temp name="T152"/><temp name="T142"/></temps><temps name="out"><temp name="T49"/><temp name="T135"/><temp name="T148"/><temp name="T2"/><temp name="T138"/><temp name="T152"/><temp name="T142"/></temps></instruction><instruction code="OR T50, T135, 0"><temps name="use"><temp name="T135"/></temps><temps name="def"><temp name="T50"/></temps><temps name="in"><temp name="T49"/><temp name="T135"/><temp name="T148"/><temp name="T2"/><temp name="T138"/><temp name="T152"/><temp name="T142"/></temps><temps name="out"><temp name="T49"/><temp name="T50"/><temp name="T148"/><temp name="T2"/><temp name="T138"/><temp name="T152"/><temp name="T142"/></temps></instruction><instruction code="SUB T136, T49, T50"><temps name="use"><temp name="T49"/><temp name="T50"/></temps><temps name="def"><temp name="T136"/></temps><temps name="in"><temp name="T49"/><temp name="T50"/><temp name="T148"/><temp name="T2"/><temp name="T138"/><temp name="T152"/><temp name="T142"/></temps><temps name="out"><temp name="T136"/><temp name="T148"/><temp name="T2"/><temp name="T138"/><temp name="T152"/><temp name="T142"/></temps></instruction><instruction code="OR T51, T136, 0"><temps name="use"><temp name="T136"/></temps><temps name="def"><temp name="T51"/></temps><temps name="in"><temp name="T136"/><temp name="T148"/><temp name="T2"/><temp name="T138"/><temp name="T152"/><temp name="T142"/></temps><temps name="out"><temp name="T51"/><temp name="T148"/><temp name="T2"/><temp name="T138"/><temp name="T152"/><temp name="T142"/></temps></instruction><instruction code="OR T52, T2, 0"><temps name="use"><temp name="T2"/></temps><temps name="def"><temp name="T52"/></temps><temps name="in"><temp name="T51"/><temp name="T148"/><temp name="T2"/><temp name="T138"/><temp name="T152"/><temp name="T142"/></temps><temps name="out"><temp name="T51"/><temp name="T148"/><temp name="T138"/><temp name="T2"/><temp name="T52"/><temp name="T152"/><temp name="T142"/></temps></instruction><instruction code="STO T52, $254, 8"><temps name="use"><temp name="T52"/></temps><temps name="def"/><temps name="in"><temp name="T51"/><temp name="T148"/><temp name="T138"/><temp name="T2"/><temp name="T52"/><temp name="T152"/><temp name="T142"/></temps><temps name="out"><temp name="T51"/><temp name="T148"/><temp name="T138"/><temp name="T2"/><temp name="T152"/><temp name="T142"/></temps></instruction><instruction code="LDA T137, L1"><temps name="use"/><temps name="def"><temp name="T137"/></temps><temps name="in"><temp name="T51"/><temp name="T148"/><temp name="T138"/><temp name="T2"/><temp name="T152"/><temp name="T142"/></temps><temps name="out"><temp name="T51"/><temp name="T148"/><temp name="T138"/><temp name="T2"/><temp name="T152"/><temp name="T137"/><temp name="T142"/></temps></instruction><instruction code="PUSHJ $15, T137, 0"><temps name="use"><temp name="T137"/></temps><temps name="def"/><temps name="in"><temp name="T51"/><temp name="T148"/><temp name="T138"/><temp name="T2"/><temp name="T152"/><temp name="T137"/><temp name="T142"/></temps><temps name="out"><temp name="T51"/><temp name="T148"/><temp name="T138"/><temp name="T2"/><temp name="T152"/><temp name="T142"/></temps></instruction><instruction code="OR T53, T138, 0"><temps name="use"><temp name="T138"/></temps><temps name="def"><temp name="T53"/></temps><temps name="in"><temp name="T51"/><temp name="T148"/><temp name="T138"/><temp name="T2"/><temp name="T152"/><temp name="T142"/></temps><temps name="out"><temp name="T51"/><temp name="T148"/><temp name="T53"/><temp name="T2"/><temp name="T152"/><temp name="T142"/></temps></instruction><instruction code="ADD T139, T51, T53"><temps name="use"><temp name="T51"/><temp name="T53"/></temps><temps name="def"><temp name="T139"/></temps><temps name="in"><temp name="T51"/><temp name="T148"/><temp name="T53"/><temp name="T2"/><temp name="T152"/><temp name="T142"/></temps><temps name="out"><temp name="T139"/><temp name="T148"/><temp name="T2"/><temp name="T152"/><temp name="T142"/></temps></instruction><instruction code="OR T54, T139, 0"><temps name="use"><temp name="T139"/></temps><temps name="def"><temp name="T54"/></temps><temps name="in"><temp name="T139"/><temp name="T148"/><temp name="T2"/><temp name="T152"/><temp name="T142"/></temps><temps name="out"><temp name="T148"/><temp name="T2"/><temp name="T152"/><temp name="T54"/><temp name="T142"/></temps></instruction><instruction code="LDO T143, T142, 0"><temps name="use"><temp name="T142"/></temps><temps name="def"><temp name="T143"/></temps><temps name="in"><temp name="T148"/><temp name="T2"/><temp name="T152"/><temp name="T54"/><temp name="T142"/></temps><temps name="out"><temp name="T148"/><temp name="T2"/><temp name="T152"/><temp name="T54"/><temp name="T143"/></temps></instruction><instruction code="STO T143, T54, 0"><temps name="use"><temp name="T143"/><temp name="T54"/></temps><temps name="def"/><temps name="in"><temp name="T148"/><temp name="T2"/><temp name="T152"/><temp name="T54"/><temp name="T143"/></temps><temps name="out"><temp name="T148"/><temp name="T2"/><temp name="T152"/></temps></instruction><instruction code="SETL  T144, 3"><temps name="use"/><temps name="def"><temp name="T144"/></temps><temps name="in"><temp name="T148"/><temp name="T2"/><temp name="T152"/></temps><temps name="out"><temp name="T148"/><temp name="T2"/><temp name="T152"/></temps></instruction><instruction code="INCML T144, 0"><temps name="use"/><temps name="def"><temp name="T144"/></temps><temps name="in"><temp name="T148"/><temp name="T2"/><temp name="T152"/></temps><temps name="out"><temp name="T148"/><temp name="T2"/><temp name="T152"/></temps></instruction><instruction code="INCMH T144, 0"><temps name="use"/><temps name="def"><temp name="T144"/></temps><temps name="in"><temp name="T148"/><temp name="T2"/><temp name="T152"/></temps><temps name="out"><temp name="T148"/><temp name="T2"/><temp name="T152"/></temps></instruction><instruction code="INCH  T144, 0"><temps name="use"/><temps name="def"><temp name="T144"/></temps><temps name="in"><temp name="T148"/><temp name="T2"/><temp name="T152"/></temps><temps name="out"><temp name="T148"/><temp name="T2"/><temp name="T152"/><temp name="T144"/></temps></instruction><instruction code="OR T55, T144, 0"><temps name="use"><temp name="T144"/></temps><temps name="def"><temp name="T55"/></temps><temps name="in"><temp name="T148"/><temp name="T2"/><temp name="T152"/><temp name="T144"/></temps><temps name="out"><temp name="T148"/><temp name="T2"/><temp name="T152"/><temp name="T55"/></temps></instruction><instruction code="LDO T149, T148, 0"><temps name="use"><temp name="T148"/></temps><temps name="def"><temp name="T149"/></temps><temps name="in"><temp name="T148"/><temp name="T2"/><temp name="T152"/><temp name="T55"/></temps><temps name="out"><temp name="T149"/><temp name="T2"/><temp name="T152"/><temp name="T55"/></temps></instruction><instruction code="STO T149, T55, 0"><temps name="use"><temp name="T149"/><temp name="T55"/></temps><temps name="def"/><temps name="in"><temp name="T149"/><temp name="T2"/><temp name="T152"/><temp name="T55"/></temps><temps name="out"><temp name="T2"/><temp name="T152"/></temps></instruction><instruction code="OR T56, T2, 0"><temps name="use"><temp name="T2"/></temps><temps name="def"><temp name="T56"/></temps><temps name="in"><temp name="T2"/><temp name="T152"/></temps><temps name="out"><temp name="T56"/><temp name="T152"/></temps></instruction><instruction code="SETL  T150, 8"><temps name="use"/><temps name="def"><temp name="T150"/></temps><temps name="in"><temp name="T56"/><temp name="T152"/></temps><temps name="out"><temp name="T56"/><temp name="T152"/></temps></instruction><instruction code="INCML T150, 0"><temps name="use"/><temps name="def"><temp name="T150"/></temps><temps name="in"><temp name="T56"/><temp name="T152"/></temps><temps name="out"><temp name="T56"/><temp name="T152"/></temps></instruction><instruction code="INCMH T150, 0"><temps name="use"/><temps name="def"><temp name="T150"/></temps><temps name="in"><temp name="T56"/><temp name="T152"/></temps><temps name="out"><temp name="T56"/><temp name="T152"/></temps></instruction><instruction code="INCH  T150, 0"><temps name="use"/><temps name="def"><temp name="T150"/></temps><temps name="in"><temp name="T56"/><temp name="T152"/></temps><temps name="out"><temp name="T150"/><temp name="T56"/><temp name="T152"/></temps></instruction><instruction code="OR T57, T150, 0"><temps name="use"><temp name="T150"/></temps><temps name="def"><temp name="T57"/></temps><temps name="in"><temp name="T150"/><temp name="T56"/><temp name="T152"/></temps><temps name="out"><temp name="T56"/><temp name="T57"/><temp name="T152"/></temps></instruction><instruction code="ADD T151, T56, T57"><temps name="use"><temp name="T56"/><temp name="T57"/></temps><temps name="def"><temp name="T151"/></temps><temps name="in"><temp name="T56"/><temp name="T57"/><temp name="T152"/></temps><temps name="out"><temp name="T151"/><temp name="T152"/></temps></instruction><instruction code="OR T58, T151, 0"><temps name="use"><temp name="T151"/></temps><temps name="def"><temp name="T58"/></temps><temps name="in"><temp name="T151"/><temp name="T152"/></temps><temps name="out"><temp name="T152"/></temps></instruction><instruction code="LDO T153, T152, 0"><temps name="use"><temp name="T152"/></temps><temps name="def"><temp name="T153"/></temps><temps name="in"><temp name="T152"/></temps><temps name="out"><temp name="T153"/></temps></instruction><instruction code="OR T59, T153, 0"><temps name="use"><temp name="T153"/></temps><temps name="def"><temp name="T59"/></temps><temps name="in"><temp name="T153"/></temps><temps name="out"><temp name="T59"/></temps></instruction><instruction code="OR T3, T59, 0"><temps name="use"><temp name="T59"/></temps><temps name="def"><temp name="T3"/></temps><temps name="in"><temp name="T59"/></temps><temps name="out"/></instruction><instruction code="LDA T154, L9"><temps name="use"/><temps name="def"><temp name="T154"/></temps><temps name="in"/><temps name="out"><temp name="T154"/></temps></instruction><instruction code="GO T154, T154, 0"><temps name="use"><temp name="T154"/></temps><temps name="def"><temp name="T154"/></temps><temps name="in"><temp name="T154"/></temps><temps name="out"/></instruction></instructions></code></livean>