<?xml version="1.0" encoding="UTF-8" standalone="no"?><?xml-stylesheet type="text/xsl" href="../../data/livean.xsl"?><livean><code entrylabel="L2" exitlabel="L3" tempsize="0"><frame FP="T0" RV="T1" argssize="0" depth="1" label="_main" locssize="0" size="16"/><instructions><instruction code="L2"><temps name="use"/><temps name="def"/><temps name="in"><temp name="T0"/></temps><temps name="out"><temp name="T0"/></temps></instruction><instruction code="OR T0,T0,0"><temps name="use"><temp name="T0"/></temps><temps name="def"><temp name="T0"/></temps><temps name="in"><temp name="T0"/></temps><temps name="out"/></instruction><instruction code="SETL T60,0"><temps name="use"/><temps name="def"><temp name="T60"/></temps><temps name="in"/><temps name="out"><temp name="T60"/></temps></instruction><instruction code="INCML T60,0"><temps name="use"><temp name="T60"/></temps><temps name="def"><temp name="T60"/></temps><temps name="in"><temp name="T60"/></temps><temps name="out"><temp name="T60"/></temps></instruction><instruction code="INCMH T60,0"><temps name="use"><temp name="T60"/></temps><temps name="def"><temp name="T60"/></temps><temps name="in"><temp name="T60"/></temps><temps name="out"><temp name="T60"/></temps></instruction><instruction code="INCH T60,0"><temps name="use"><temp name="T60"/></temps><temps name="def"><temp name="T60"/></temps><temps name="in"><temp name="T60"/></temps><temps name="out"><temp name="T60"/></temps></instruction><instruction code="OR T10,T60,0"><temps name="use"><temp name="T60"/></temps><temps name="def"><temp name="T10"/></temps><temps name="in"><temp name="T60"/></temps><temps name="out"><temp name="T10"/></temps></instruction><instruction code="LDA T61,_x"><temps name="use"/><temps name="def"><temp name="T61"/></temps><temps name="in"><temp name="T10"/></temps><temps name="out"><temp name="T10"/><temp name="T61"/></temps></instruction><instruction code="STO T61,T10,0"><temps name="use"><temp name="T61"/><temp name="T10"/></temps><temps name="def"/><temps name="in"><temp name="T10"/><temp name="T61"/></temps><temps name="out"/></instruction><instruction code="SETL T63,2"><temps name="use"/><temps name="def"><temp name="T63"/></temps><temps name="in"/><temps name="out"><temp name="T63"/></temps></instruction><instruction code="INCML T63,0"><temps name="use"><temp name="T63"/></temps><temps name="def"><temp name="T63"/></temps><temps name="in"><temp name="T63"/></temps><temps name="out"><temp name="T63"/></temps></instruction><instruction code="INCMH T63,0"><temps name="use"><temp name="T63"/></temps><temps name="def"><temp name="T63"/></temps><temps name="in"><temp name="T63"/></temps><temps name="out"><temp name="T63"/></temps></instruction><instruction code="INCH T63,0"><temps name="use"><temp name="T63"/></temps><temps name="def"><temp name="T63"/></temps><temps name="in"><temp name="T63"/></temps><temps name="out"><temp name="T63"/></temps></instruction><instruction code="OR T11,T63,0"><temps name="use"><temp name="T63"/></temps><temps name="def"><temp name="T11"/></temps><temps name="in"><temp name="T63"/></temps><temps name="out"><temp name="T11"/></temps></instruction><instruction code="LDA T64,_ptu"><temps name="use"/><temps name="def"><temp name="T64"/></temps><temps name="in"><temp name="T11"/></temps><temps name="out"><temp name="T11"/><temp name="T64"/></temps></instruction><instruction code="SETL T65,0"><temps name="use"/><temps name="def"><temp name="T65"/></temps><temps name="in"><temp name="T11"/><temp name="T64"/></temps><temps name="out"><temp name="T65"/><temp name="T11"/><temp name="T64"/></temps></instruction><instruction code="INCML T65,0"><temps name="use"><temp name="T65"/></temps><temps name="def"><temp name="T65"/></temps><temps name="in"><temp name="T65"/><temp name="T11"/><temp name="T64"/></temps><temps name="out"><temp name="T65"/><temp name="T11"/><temp name="T64"/></temps></instruction><instruction code="INCMH T65,0"><temps name="use"><temp name="T65"/></temps><temps name="def"><temp name="T65"/></temps><temps name="in"><temp name="T65"/><temp name="T11"/><temp name="T64"/></temps><temps name="out"><temp name="T65"/><temp name="T11"/><temp name="T64"/></temps></instruction><instruction code="INCH T65,0"><temps name="use"><temp name="T65"/></temps><temps name="def"><temp name="T65"/></temps><temps name="in"><temp name="T65"/><temp name="T11"/><temp name="T64"/></temps><temps name="out"><temp name="T65"/><temp name="T11"/><temp name="T64"/></temps></instruction><instruction code="ADD T66,T64,T65"><temps name="use"><temp name="T64"/><temp name="T65"/></temps><temps name="def"><temp name="T66"/></temps><temps name="in"><temp name="T65"/><temp name="T11"/><temp name="T64"/></temps><temps name="out"><temp name="T66"/><temp name="T11"/></temps></instruction><instruction code="STO T66,T11,0"><temps name="use"><temp name="T66"/><temp name="T11"/></temps><temps name="def"/><temps name="in"><temp name="T66"/><temp name="T11"/></temps><temps name="out"/></instruction><instruction code="LDA T68,_x"><temps name="use"/><temps name="def"><temp name="T68"/></temps><temps name="in"/><temps name="out"><temp name="T68"/></temps></instruction><instruction code="OR T12,T68,0"><temps name="use"><temp name="T68"/></temps><temps name="def"><temp name="T12"/></temps><temps name="in"><temp name="T68"/></temps><temps name="out"><temp name="T12"/></temps></instruction><instruction code="LDO T69,T12,0"><temps name="use"><temp name="T12"/></temps><temps name="def"><temp name="T69"/></temps><temps name="in"><temp name="T12"/></temps><temps name="out"><temp name="T69"/></temps></instruction><instruction code="OR T13,T69,0"><temps name="use"><temp name="T69"/></temps><temps name="def"><temp name="T13"/></temps><temps name="in"><temp name="T69"/></temps><temps name="out"><temp name="T13"/></temps></instruction><instruction code="LDA T70,_ptu"><temps name="use"/><temps name="def"><temp name="T70"/></temps><temps name="in"><temp name="T13"/></temps><temps name="out"><temp name="T13"/><temp name="T70"/></temps></instruction><instruction code="OR T14,T70,0"><temps name="use"><temp name="T70"/></temps><temps name="def"><temp name="T14"/></temps><temps name="in"><temp name="T13"/><temp name="T70"/></temps><temps name="out"><temp name="T13"/><temp name="T14"/></temps></instruction><instruction code="SETL T71,0"><temps name="use"/><temps name="def"><temp name="T71"/></temps><temps name="in"><temp name="T13"/><temp name="T14"/></temps><temps name="out"><temp name="T71"/><temp name="T13"/><temp name="T14"/></temps></instruction><instruction code="INCML T71,0"><temps name="use"><temp name="T71"/></temps><temps name="def"><temp name="T71"/></temps><temps name="in"><temp name="T71"/><temp name="T13"/><temp name="T14"/></temps><temps name="out"><temp name="T71"/><temp name="T13"/><temp name="T14"/></temps></instruction><instruction code="INCMH T71,0"><temps name="use"><temp name="T71"/></temps><temps name="def"><temp name="T71"/></temps><temps name="in"><temp name="T71"/><temp name="T13"/><temp name="T14"/></temps><temps name="out"><temp name="T71"/><temp name="T13"/><temp name="T14"/></temps></instruction><instruction code="INCH T71,0"><temps name="use"><temp name="T71"/></temps><temps name="def"><temp name="T71"/></temps><temps name="in"><temp name="T71"/><temp name="T13"/><temp name="T14"/></temps><temps name="out"><temp name="T71"/><temp name="T13"/><temp name="T14"/></temps></instruction><instruction code="OR T15,T71,0"><temps name="use"><temp name="T71"/></temps><temps name="def"><temp name="T15"/></temps><temps name="in"><temp name="T71"/><temp name="T13"/><temp name="T14"/></temps><temps name="out"><temp name="T13"/><temp name="T15"/><temp name="T14"/></temps></instruction><instruction code="ADD T72,T14,T15"><temps name="use"><temp name="T14"/><temp name="T15"/></temps><temps name="def"><temp name="T72"/></temps><temps name="in"><temp name="T13"/><temp name="T15"/><temp name="T14"/></temps><temps name="out"><temp name="T13"/><temp name="T72"/></temps></instruction><instruction code="OR T16,T72,0"><temps name="use"><temp name="T72"/></temps><temps name="def"><temp name="T16"/></temps><temps name="in"><temp name="T13"/><temp name="T72"/></temps><temps name="out"><temp name="T13"/><temp name="T16"/></temps></instruction><instruction code="LDO T73,T16,0"><temps name="use"><temp name="T16"/></temps><temps name="def"><temp name="T73"/></temps><temps name="in"><temp name="T13"/><temp name="T16"/></temps><temps name="out"><temp name="T13"/><temp name="T73"/></temps></instruction><instruction code="OR T17,T73,0"><temps name="use"><temp name="T73"/></temps><temps name="def"><temp name="T17"/></temps><temps name="in"><temp name="T13"/><temp name="T73"/></temps><temps name="out"><temp name="T13"/><temp name="T17"/></temps></instruction><instruction code="MUL T74,T13,T17"><temps name="use"><temp name="T13"/><temp name="T17"/></temps><temps name="def"><temp name="T74"/></temps><temps name="in"><temp name="T13"/><temp name="T17"/></temps><temps name="out"><temp name="T74"/></temps></instruction><instruction code="OR T18,T74,0"><temps name="use"><temp name="T74"/></temps><temps name="def"><temp name="T18"/></temps><temps name="in"><temp name="T74"/></temps><temps name="out"><temp name="T18"/></temps></instruction><instruction code="SETL T75,99"><temps name="use"/><temps name="def"><temp name="T75"/></temps><temps name="in"><temp name="T18"/></temps><temps name="out"><temp name="T75"/><temp name="T18"/></temps></instruction><instruction code="INCML T75,0"><temps name="use"><temp name="T75"/></temps><temps name="def"><temp name="T75"/></temps><temps name="in"><temp name="T75"/><temp name="T18"/></temps><temps name="out"><temp name="T75"/><temp name="T18"/></temps></instruction><instruction code="INCMH T75,0"><temps name="use"><temp name="T75"/></temps><temps name="def"><temp name="T75"/></temps><temps name="in"><temp name="T75"/><temp name="T18"/></temps><temps name="out"><temp name="T75"/><temp name="T18"/></temps></instruction><instruction code="INCH T75,0"><temps name="use"><temp name="T75"/></temps><temps name="def"><temp name="T75"/></temps><temps name="in"><temp name="T75"/><temp name="T18"/></temps><temps name="out"><temp name="T75"/><temp name="T18"/></temps></instruction><instruction code="OR T19,T75,0"><temps name="use"><temp name="T75"/></temps><temps name="def"><temp name="T19"/></temps><temps name="in"><temp name="T75"/><temp name="T18"/></temps><temps name="out"><temp name="T19"/><temp name="T18"/></temps></instruction><instruction code="ADD T76,T18,T19"><temps name="use"><temp name="T18"/><temp name="T19"/></temps><temps name="def"><temp name="T76"/></temps><temps name="in"><temp name="T19"/><temp name="T18"/></temps><temps name="out"><temp name="T76"/></temps></instruction><instruction code="OR T20,T76,0"><temps name="use"><temp name="T76"/></temps><temps name="def"><temp name="T20"/></temps><temps name="in"><temp name="T76"/></temps><temps name="out"><temp name="T20"/></temps></instruction><instruction code="SETL T77,97"><temps name="use"/><temps name="def"><temp name="T77"/></temps><temps name="in"><temp name="T20"/></temps><temps name="out"><temp name="T20"/><temp name="T77"/></temps></instruction><instruction code="INCML T77,0"><temps name="use"><temp name="T77"/></temps><temps name="def"><temp name="T77"/></temps><temps name="in"><temp name="T20"/><temp name="T77"/></temps><temps name="out"><temp name="T20"/><temp name="T77"/></temps></instruction><instruction code="INCMH T77,0"><temps name="use"><temp name="T77"/></temps><temps name="def"><temp name="T77"/></temps><temps name="in"><temp name="T20"/><temp name="T77"/></temps><temps name="out"><temp name="T20"/><temp name="T77"/></temps></instruction><instruction code="INCH T77,0"><temps name="use"><temp name="T77"/></temps><temps name="def"><temp name="T77"/></temps><temps name="in"><temp name="T20"/><temp name="T77"/></temps><temps name="out"><temp name="T20"/><temp name="T77"/></temps></instruction><instruction code="OR T21,T77,0"><temps name="use"><temp name="T77"/></temps><temps name="def"><temp name="T21"/></temps><temps name="in"><temp name="T20"/><temp name="T77"/></temps><temps name="out"><temp name="T20"/><temp name="T21"/></temps></instruction><instruction code="SUB T78,T20,T21"><temps name="use"><temp name="T20"/><temp name="T21"/></temps><temps name="def"><temp name="T78"/></temps><temps name="in"><temp name="T20"/><temp name="T21"/></temps><temps name="out"><temp name="T78"/></temps></instruction><instruction code="OR T22,T78,0"><temps name="use"><temp name="T78"/></temps><temps name="def"><temp name="T22"/></temps><temps name="in"><temp name="T78"/></temps><temps name="out"><temp name="T22"/></temps></instruction><instruction code="LDA T79,_ptv"><temps name="use"/><temps name="def"><temp name="T79"/></temps><temps name="in"><temp name="T22"/></temps><temps name="out"><temp name="T22"/><temp name="T79"/></temps></instruction><instruction code="SETL T80,8"><temps name="use"/><temps name="def"><temp name="T80"/></temps><temps name="in"><temp name="T22"/><temp name="T79"/></temps><temps name="out"><temp name="T22"/><temp name="T79"/><temp name="T80"/></temps></instruction><instruction code="INCML T80,0"><temps name="use"><temp name="T80"/></temps><temps name="def"><temp name="T80"/></temps><temps name="in"><temp name="T22"/><temp name="T79"/><temp name="T80"/></temps><temps name="out"><temp name="T22"/><temp name="T79"/><temp name="T80"/></temps></instruction><instruction code="INCMH T80,0"><temps name="use"><temp name="T80"/></temps><temps name="def"><temp name="T80"/></temps><temps name="in"><temp name="T22"/><temp name="T79"/><temp name="T80"/></temps><temps name="out"><temp name="T22"/><temp name="T79"/><temp name="T80"/></temps></instruction><instruction code="INCH T80,0"><temps name="use"><temp name="T80"/></temps><temps name="def"><temp name="T80"/></temps><temps name="in"><temp name="T22"/><temp name="T79"/><temp name="T80"/></temps><temps name="out"><temp name="T22"/><temp name="T79"/><temp name="T80"/></temps></instruction><instruction code="ADD T81,T79,T80"><temps name="use"><temp name="T79"/><temp name="T80"/></temps><temps name="def"><temp name="T81"/></temps><temps name="in"><temp name="T22"/><temp name="T79"/><temp name="T80"/></temps><temps name="out"><temp name="T81"/><temp name="T22"/></temps></instruction><instruction code="STO T81,T22,0"><temps name="use"><temp name="T81"/><temp name="T22"/></temps><temps name="def"/><temps name="in"><temp name="T81"/><temp name="T22"/></temps><temps name="out"/></instruction><instruction code="LDA T83,_ptv"><temps name="use"/><temps name="def"><temp name="T83"/></temps><temps name="in"/><temps name="out"><temp name="T83"/></temps></instruction><instruction code="OR T23,T83,0"><temps name="use"><temp name="T83"/></temps><temps name="def"><temp name="T23"/></temps><temps name="in"><temp name="T83"/></temps><temps name="out"><temp name="T23"/></temps></instruction><instruction code="SETL T84,8"><temps name="use"/><temps name="def"><temp name="T84"/></temps><temps name="in"><temp name="T23"/></temps><temps name="out"><temp name="T23"/><temp name="T84"/></temps></instruction><instruction code="INCML T84,0"><temps name="use"><temp name="T84"/></temps><temps name="def"><temp name="T84"/></temps><temps name="in"><temp name="T23"/><temp name="T84"/></temps><temps name="out"><temp name="T23"/><temp name="T84"/></temps></instruction><instruction code="INCMH T84,0"><temps name="use"><temp name="T84"/></temps><temps name="def"><temp name="T84"/></temps><temps name="in"><temp name="T23"/><temp name="T84"/></temps><temps name="out"><temp name="T23"/><temp name="T84"/></temps></instruction><instruction code="INCH T84,0"><temps name="use"><temp name="T84"/></temps><temps name="def"><temp name="T84"/></temps><temps name="in"><temp name="T23"/><temp name="T84"/></temps><temps name="out"><temp name="T23"/><temp name="T84"/></temps></instruction><instruction code="OR T24,T84,0"><temps name="use"><temp name="T84"/></temps><temps name="def"><temp name="T24"/></temps><temps name="in"><temp name="T23"/><temp name="T84"/></temps><temps name="out"><temp name="T23"/><temp name="T24"/></temps></instruction><instruction code="ADD T85,T23,T24"><temps name="use"><temp name="T23"/><temp name="T24"/></temps><temps name="def"><temp name="T85"/></temps><temps name="in"><temp name="T23"/><temp name="T24"/></temps><temps name="out"><temp name="T85"/></temps></instruction><instruction code="OR T25,T85,0"><temps name="use"><temp name="T85"/></temps><temps name="def"><temp name="T25"/></temps><temps name="in"><temp name="T85"/></temps><temps name="out"><temp name="T25"/></temps></instruction><instruction code="LDO T86,T25,0"><temps name="use"><temp name="T25"/></temps><temps name="def"><temp name="T86"/></temps><temps name="in"><temp name="T25"/></temps><temps name="out"><temp name="T86"/></temps></instruction><instruction code="OR T26,T86,0"><temps name="use"><temp name="T86"/></temps><temps name="def"><temp name="T26"/></temps><temps name="in"><temp name="T86"/></temps><temps name="out"><temp name="T26"/></temps></instruction><instruction code="SETL T87,17"><temps name="use"/><temps name="def"><temp name="T87"/></temps><temps name="in"><temp name="T26"/></temps><temps name="out"><temp name="T26"/><temp name="T87"/></temps></instruction><instruction code="INCML T87,0"><temps name="use"><temp name="T87"/></temps><temps name="def"><temp name="T87"/></temps><temps name="in"><temp name="T26"/><temp name="T87"/></temps><temps name="out"><temp name="T26"/><temp name="T87"/></temps></instruction><instruction code="INCMH T87,0"><temps name="use"><temp name="T87"/></temps><temps name="def"><temp name="T87"/></temps><temps name="in"><temp name="T26"/><temp name="T87"/></temps><temps name="out"><temp name="T26"/><temp name="T87"/></temps></instruction><instruction code="INCH T87,0"><temps name="use"><temp name="T87"/></temps><temps name="def"><temp name="T87"/></temps><temps name="in"><temp name="T26"/><temp name="T87"/></temps><temps name="out"><temp name="T26"/><temp name="T87"/></temps></instruction><instruction code="OR T27,T87,0"><temps name="use"><temp name="T87"/></temps><temps name="def"><temp name="T27"/></temps><temps name="in"><temp name="T26"/><temp name="T87"/></temps><temps name="out"><temp name="T27"/><temp name="T26"/></temps></instruction><instruction code="ADD T88,T26,T27"><temps name="use"><temp name="T26"/><temp name="T27"/></temps><temps name="def"><temp name="T88"/></temps><temps name="in"><temp name="T27"/><temp name="T26"/></temps><temps name="out"><temp name="T88"/></temps></instruction><instruction code="OR T28,T88,0"><temps name="use"><temp name="T88"/></temps><temps name="def"><temp name="T28"/></temps><temps name="in"><temp name="T88"/></temps><temps name="out"><temp name="T28"/></temps></instruction><instruction code="LDA T89,_ptt"><temps name="use"/><temps name="def"><temp name="T89"/></temps><temps name="in"><temp name="T28"/></temps><temps name="out"><temp name="T89"/><temp name="T28"/></temps></instruction><instruction code="SETL T90,0"><temps name="use"/><temps name="def"><temp name="T90"/></temps><temps name="in"><temp name="T89"/><temp name="T28"/></temps><temps name="out"><temp name="T90"/><temp name="T89"/><temp name="T28"/></temps></instruction><instruction code="INCML T90,0"><temps name="use"><temp name="T90"/></temps><temps name="def"><temp name="T90"/></temps><temps name="in"><temp name="T90"/><temp name="T89"/><temp name="T28"/></temps><temps name="out"><temp name="T90"/><temp name="T89"/><temp name="T28"/></temps></instruction><instruction code="INCMH T90,0"><temps name="use"><temp name="T90"/></temps><temps name="def"><temp name="T90"/></temps><temps name="in"><temp name="T90"/><temp name="T89"/><temp name="T28"/></temps><temps name="out"><temp name="T90"/><temp name="T89"/><temp name="T28"/></temps></instruction><instruction code="INCH T90,0"><temps name="use"><temp name="T90"/></temps><temps name="def"><temp name="T90"/></temps><temps name="in"><temp name="T90"/><temp name="T89"/><temp name="T28"/></temps><temps name="out"><temp name="T90"/><temp name="T89"/><temp name="T28"/></temps></instruction><instruction code="ADD T91,T89,T90"><temps name="use"><temp name="T89"/><temp name="T90"/></temps><temps name="def"><temp name="T91"/></temps><temps name="in"><temp name="T90"/><temp name="T89"/><temp name="T28"/></temps><temps name="out"><temp name="T28"/><temp name="T91"/></temps></instruction><instruction code="SETL T92,8"><temps name="use"/><temps name="def"><temp name="T92"/></temps><temps name="in"><temp name="T28"/><temp name="T91"/></temps><temps name="out"><temp name="T92"/><temp name="T28"/><temp name="T91"/></temps></instruction><instruction code="INCML T92,0"><temps name="use"><temp name="T92"/></temps><temps name="def"><temp name="T92"/></temps><temps name="in"><temp name="T92"/><temp name="T28"/><temp name="T91"/></temps><temps name="out"><temp name="T92"/><temp name="T28"/><temp name="T91"/></temps></instruction><instruction code="INCMH T92,0"><temps name="use"><temp name="T92"/></temps><temps name="def"><temp name="T92"/></temps><temps name="in"><temp name="T92"/><temp name="T28"/><temp name="T91"/></temps><temps name="out"><temp name="T92"/><temp name="T28"/><temp name="T91"/></temps></instruction><instruction code="INCH T92,0"><temps name="use"><temp name="T92"/></temps><temps name="def"><temp name="T92"/></temps><temps name="in"><temp name="T92"/><temp name="T28"/><temp name="T91"/></temps><temps name="out"><temp name="T92"/><temp name="T28"/><temp name="T91"/></temps></instruction><instruction code="ADD T93,T91,T92"><temps name="use"><temp name="T91"/><temp name="T92"/></temps><temps name="def"><temp name="T93"/></temps><temps name="in"><temp name="T92"/><temp name="T28"/><temp name="T91"/></temps><temps name="out"><temp name="T28"/><temp name="T93"/></temps></instruction><instruction code="STO T93,T28,0"><temps name="use"><temp name="T93"/><temp name="T28"/></temps><temps name="def"/><temps name="in"><temp name="T28"/><temp name="T93"/></temps><temps name="out"/></instruction><instruction code="LDA T95,_ptt"><temps name="use"/><temps name="def"><temp name="T95"/></temps><temps name="in"/><temps name="out"><temp name="T95"/></temps></instruction><instruction code="OR T29,T95,0"><temps name="use"><temp name="T95"/></temps><temps name="def"><temp name="T29"/></temps><temps name="in"><temp name="T95"/></temps><temps name="out"><temp name="T29"/></temps></instruction><instruction code="SETL T96,0"><temps name="use"/><temps name="def"><temp name="T96"/></temps><temps name="in"><temp name="T29"/></temps><temps name="out"><temp name="T29"/><temp name="T96"/></temps></instruction><instruction code="INCML T96,0"><temps name="use"><temp name="T96"/></temps><temps name="def"><temp name="T96"/></temps><temps name="in"><temp name="T29"/><temp name="T96"/></temps><temps name="out"><temp name="T29"/><temp name="T96"/></temps></instruction><instruction code="INCMH T96,0"><temps name="use"><temp name="T96"/></temps><temps name="def"><temp name="T96"/></temps><temps name="in"><temp name="T29"/><temp name="T96"/></temps><temps name="out"><temp name="T29"/><temp name="T96"/></temps></instruction><instruction code="INCH T96,0"><temps name="use"><temp name="T96"/></temps><temps name="def"><temp name="T96"/></temps><temps name="in"><temp name="T29"/><temp name="T96"/></temps><temps name="out"><temp name="T29"/><temp name="T96"/></temps></instruction><instruction code="OR T30,T96,0"><temps name="use"><temp name="T96"/></temps><temps name="def"><temp name="T30"/></temps><temps name="in"><temp name="T29"/><temp name="T96"/></temps><temps name="out"><temp name="T29"/><temp name="T30"/></temps></instruction><instruction code="ADD T97,T29,T30"><temps name="use"><temp name="T29"/><temp name="T30"/></temps><temps name="def"><temp name="T97"/></temps><temps name="in"><temp name="T29"/><temp name="T30"/></temps><temps name="out"><temp name="T97"/></temps></instruction><instruction code="OR T31,T97,0"><temps name="use"><temp name="T97"/></temps><temps name="def"><temp name="T31"/></temps><temps name="in"><temp name="T97"/></temps><temps name="out"><temp name="T31"/></temps></instruction><instruction code="SETL T98,8"><temps name="use"/><temps name="def"><temp name="T98"/></temps><temps name="in"><temp name="T31"/></temps><temps name="out"><temp name="T98"/><temp name="T31"/></temps></instruction><instruction code="INCML T98,0"><temps name="use"><temp name="T98"/></temps><temps name="def"><temp name="T98"/></temps><temps name="in"><temp name="T98"/><temp name="T31"/></temps><temps name="out"><temp name="T98"/><temp name="T31"/></temps></instruction><instruction code="INCMH T98,0"><temps name="use"><temp name="T98"/></temps><temps name="def"><temp name="T98"/></temps><temps name="in"><temp name="T98"/><temp name="T31"/></temps><temps name="out"><temp name="T98"/><temp name="T31"/></temps></instruction><instruction code="INCH T98,0"><temps name="use"><temp name="T98"/></temps><temps name="def"><temp name="T98"/></temps><temps name="in"><temp name="T98"/><temp name="T31"/></temps><temps name="out"><temp name="T98"/><temp name="T31"/></temps></instruction><instruction code="OR T32,T98,0"><temps name="use"><temp name="T98"/></temps><temps name="def"><temp name="T32"/></temps><temps name="in"><temp name="T98"/><temp name="T31"/></temps><temps name="out"><temp name="T32"/><temp name="T31"/></temps></instruction><instruction code="ADD T99,T31,T32"><temps name="use"><temp name="T31"/><temp name="T32"/></temps><temps name="def"><temp name="T99"/></temps><temps name="in"><temp name="T32"/><temp name="T31"/></temps><temps name="out"><temp name="T99"/></temps></instruction><instruction code="OR T33,T99,0"><temps name="use"><temp name="T99"/></temps><temps name="def"><temp name="T33"/></temps><temps name="in"><temp name="T99"/></temps><temps name="out"><temp name="T33"/></temps></instruction><instruction code="LDO T100,T33,0"><temps name="use"><temp name="T33"/></temps><temps name="def"><temp name="T100"/></temps><temps name="in"><temp name="T33"/></temps><temps name="out"><temp name="T100"/></temps></instruction><instruction code="OR T34,T100,0"><temps name="use"><temp name="T100"/></temps><temps name="def"><temp name="T34"/></temps><temps name="in"><temp name="T100"/></temps><temps name="out"><temp name="T34"/></temps></instruction><instruction code="OR T35,T34,0"><temps name="use"><temp name="T34"/></temps><temps name="def"><temp name="T35"/></temps><temps name="in"><temp name="T34"/></temps><temps name="out"><temp name="T35"/></temps></instruction><instruction code="SETL T101,3"><temps name="use"/><temps name="def"><temp name="T101"/></temps><temps name="in"><temp name="T35"/></temps><temps name="out"><temp name="T101"/><temp name="T35"/></temps></instruction><instruction code="INCML T101,0"><temps name="use"><temp name="T101"/></temps><temps name="def"><temp name="T101"/></temps><temps name="in"><temp name="T101"/><temp name="T35"/></temps><temps name="out"><temp name="T101"/><temp name="T35"/></temps></instruction><instruction code="INCMH T101,0"><temps name="use"><temp name="T101"/></temps><temps name="def"><temp name="T101"/></temps><temps name="in"><temp name="T101"/><temp name="T35"/></temps><temps name="out"><temp name="T101"/><temp name="T35"/></temps></instruction><instruction code="INCH T101,0"><temps name="use"><temp name="T101"/></temps><temps name="def"><temp name="T101"/></temps><temps name="in"><temp name="T101"/><temp name="T35"/></temps><temps name="out"><temp name="T101"/><temp name="T35"/></temps></instruction><instruction code="OR T36,T101,0"><temps name="use"><temp name="T101"/></temps><temps name="def"><temp name="T36"/></temps><temps name="in"><temp name="T101"/><temp name="T35"/></temps><temps name="out"><temp name="T36"/><temp name="T35"/></temps></instruction><instruction code="ADD T102,T35,T36"><temps name="use"><temp name="T35"/><temp name="T36"/></temps><temps name="def"><temp name="T102"/></temps><temps name="in"><temp name="T36"/><temp name="T35"/></temps><temps name="out"><temp name="T102"/></temps></instruction><instruction code="OR T1,T102,0"><temps name="use"><temp name="T102"/></temps><temps name="def"><temp name="T1"/></temps><temps name="in"><temp name="T102"/></temps><temps name="out"/></instruction><instruction code="JMP L3"><temps name="use"/><temps name="def"/><temps name="in"/><temps name="out"/></instruction></instructions></code><code entrylabel="L4" exitlabel="L5" tempsize="0"><frame FP="T4" RV="T5" argssize="0" depth="2" label="L0" locssize="0" size="16"/><instructions><instruction code="L4"><temps name="use"/><temps name="def"/><temps name="in"><temp name="T4"/></temps><temps name="out"><temp name="T4"/></temps></instruction><instruction code="OR T4,T4,0"><temps name="use"><temp name="T4"/></temps><temps name="def"><temp name="T4"/></temps><temps name="in"><temp name="T4"/></temps><temps name="out"/></instruction><instruction code="SETL T104,3"><temps name="use"/><temps name="def"><temp name="T104"/></temps><temps name="in"/><temps name="out"><temp name="T104"/></temps></instruction><instruction code="INCML T104,0"><temps name="use"><temp name="T104"/></temps><temps name="def"><temp name="T104"/></temps><temps name="in"><temp name="T104"/></temps><temps name="out"><temp name="T104"/></temps></instruction><instruction code="INCMH T104,0"><temps name="use"><temp name="T104"/></temps><temps name="def"><temp name="T104"/></temps><temps name="in"><temp name="T104"/></temps><temps name="out"><temp name="T104"/></temps></instruction><instruction code="INCH T104,0"><temps name="use"><temp name="T104"/></temps><temps name="def"><temp name="T104"/></temps><temps name="in"><temp name="T104"/></temps><temps name="out"><temp name="T104"/></temps></instruction><instruction code="OR T5,T104,0"><temps name="use"><temp name="T104"/></temps><temps name="def"><temp name="T5"/></temps><temps name="in"><temp name="T104"/></temps><temps name="out"/></instruction><instruction code="JMP L5"><temps name="use"/><temps name="def"/><temps name="in"/><temps name="out"/></instruction></instructions></code><code entrylabel="L6" exitlabel="L7" tempsize="0"><frame FP="T6" RV="T7" argssize="0" depth="2" label="L1" locssize="0" size="16"/><instructions><instruction code="L6"><temps name="use"/><temps name="def"/><temps name="in"><temp name="T6"/></temps><temps name="out"><temp name="T6"/></temps></instruction><instruction code="OR T6,T6,0"><temps name="use"><temp name="T6"/></temps><temps name="def"><temp name="T6"/></temps><temps name="in"><temp name="T6"/></temps><temps name="out"><temp name="T6"/></temps></instruction><instruction code="SETL T106,3"><temps name="use"/><temps name="def"><temp name="T106"/></temps><temps name="in"><temp name="T6"/></temps><temps name="out"><temp name="T106"/><temp name="T6"/></temps></instruction><instruction code="INCML T106,0"><temps name="use"><temp name="T106"/></temps><temps name="def"><temp name="T106"/></temps><temps name="in"><temp name="T106"/><temp name="T6"/></temps><temps name="out"><temp name="T106"/><temp name="T6"/></temps></instruction><instruction code="INCMH T106,0"><temps name="use"><temp name="T106"/></temps><temps name="def"><temp name="T106"/></temps><temps name="in"><temp name="T106"/><temp name="T6"/></temps><temps name="out"><temp name="T106"/><temp name="T6"/></temps></instruction><instruction code="INCH T106,0"><temps name="use"><temp name="T106"/></temps><temps name="def"><temp name="T106"/></temps><temps name="in"><temp name="T106"/><temp name="T6"/></temps><temps name="out"><temp name="T106"/><temp name="T6"/></temps></instruction><instruction code="OR T37,T106,0"><temps name="use"><temp name="T106"/></temps><temps name="def"><temp name="T37"/></temps><temps name="in"><temp name="T106"/><temp name="T6"/></temps><temps name="out"><temp name="T37"/><temp name="T6"/></temps></instruction><instruction code="SETL T107,1"><temps name="use"/><temps name="def"><temp name="T107"/></temps><temps name="in"><temp name="T37"/><temp name="T6"/></temps><temps name="out"><temp name="T37"/><temp name="T6"/><temp name="T107"/></temps></instruction><instruction code="INCML T107,0"><temps name="use"><temp name="T107"/></temps><temps name="def"><temp name="T107"/></temps><temps name="in"><temp name="T37"/><temp name="T6"/><temp name="T107"/></temps><temps name="out"><temp name="T37"/><temp name="T6"/><temp name="T107"/></temps></instruction><instruction code="INCMH T107,0"><temps name="use"><temp name="T107"/></temps><temps name="def"><temp name="T107"/></temps><temps name="in"><temp name="T37"/><temp name="T6"/><temp name="T107"/></temps><temps name="out"><temp name="T37"/><temp name="T6"/><temp name="T107"/></temps></instruction><instruction code="INCH T107,0"><temps name="use"><temp name="T107"/></temps><temps name="def"><temp name="T107"/></temps><temps name="in"><temp name="T37"/><temp name="T6"/><temp name="T107"/></temps><temps name="out"><temp name="T37"/><temp name="T6"/><temp name="T107"/></temps></instruction><instruction code="OR T38,T107,0"><temps name="use"><temp name="T107"/></temps><temps name="def"><temp name="T38"/></temps><temps name="in"><temp name="T37"/><temp name="T6"/><temp name="T107"/></temps><temps name="out"><temp name="T37"/><temp name="T6"/></temps></instruction><instruction code="SETL T108,1"><temps name="use"/><temps name="def"><temp name="T108"/></temps><temps name="in"><temp name="T37"/><temp name="T6"/></temps><temps name="out"><temp name="T37"/><temp name="T6"/><temp name="T108"/></temps></instruction><instruction code="INCML T108,0"><temps name="use"><temp name="T108"/></temps><temps name="def"><temp name="T108"/></temps><temps name="in"><temp name="T37"/><temp name="T6"/><temp name="T108"/></temps><temps name="out"><temp name="T37"/><temp name="T6"/><temp name="T108"/></temps></instruction><instruction code="INCMH T108,0"><temps name="use"><temp name="T108"/></temps><temps name="def"><temp name="T108"/></temps><temps name="in"><temp name="T37"/><temp name="T6"/><temp name="T108"/></temps><temps name="out"><temp name="T37"/><temp name="T6"/><temp name="T108"/></temps></instruction><instruction code="INCH T108,0"><temps name="use"><temp name="T108"/></temps><temps name="def"><temp name="T108"/></temps><temps name="in"><temp name="T37"/><temp name="T6"/><temp name="T108"/></temps><temps name="out"><temp name="T37"/><temp name="T6"/><temp name="T108"/></temps></instruction><instruction code="OR T39,T108,0"><temps name="use"><temp name="T108"/></temps><temps name="def"><temp name="T39"/></temps><temps name="in"><temp name="T37"/><temp name="T6"/><temp name="T108"/></temps><temps name="out"><temp name="T37"/><temp name="T39"/><temp name="T6"/></temps></instruction><instruction code="SETL T110,8"><temps name="use"/><temps name="def"><temp name="T110"/></temps><temps name="in"><temp name="T37"/><temp name="T39"/><temp name="T6"/></temps><temps name="out"><temp name="T37"/><temp name="T110"/><temp name="T39"/><temp name="T6"/></temps></instruction><instruction code="INCML T110,0"><temps name="use"><temp name="T110"/></temps><temps name="def"><temp name="T110"/></temps><temps name="in"><temp name="T37"/><temp name="T110"/><temp name="T39"/><temp name="T6"/></temps><temps name="out"><temp name="T37"/><temp name="T110"/><temp name="T39"/><temp name="T6"/></temps></instruction><instruction code="INCMH T110,0"><temps name="use"><temp name="T110"/></temps><temps name="def"><temp name="T110"/></temps><temps name="in"><temp name="T37"/><temp name="T110"/><temp name="T39"/><temp name="T6"/></temps><temps name="out"><temp name="T37"/><temp name="T110"/><temp name="T39"/><temp name="T6"/></temps></instruction><instruction code="INCH T110,0"><temps name="use"><temp name="T110"/></temps><temps name="def"><temp name="T110"/></temps><temps name="in"><temp name="T37"/><temp name="T110"/><temp name="T39"/><temp name="T6"/></temps><temps name="out"><temp name="T37"/><temp name="T110"/><temp name="T39"/><temp name="T6"/></temps></instruction><instruction code="ADD T111,T6,T110"><temps name="use"><temp name="T6"/><temp name="T110"/></temps><temps name="def"><temp name="T111"/></temps><temps name="in"><temp name="T37"/><temp name="T110"/><temp name="T39"/><temp name="T6"/></temps><temps name="out"><temp name="T37"/><temp name="T39"/><temp name="T6"/><temp name="T111"/></temps></instruction><instruction code="STO T111,T39,0"><temps name="use"><temp name="T111"/><temp name="T39"/></temps><temps name="def"/><temps name="in"><temp name="T37"/><temp name="T39"/><temp name="T6"/><temp name="T111"/></temps><temps name="out"><temp name="T37"/><temp name="T6"/></temps></instruction><instruction code="OR T40,T6,0"><temps name="use"><temp name="T6"/></temps><temps name="def"><temp name="T40"/></temps><temps name="in"><temp name="T37"/><temp name="T6"/></temps><temps name="out"><temp name="T37"/><temp name="T40"/></temps></instruction><instruction code="LDO T113,T40,0"><temps name="use"><temp name="T40"/></temps><temps name="def"><temp name="T113"/></temps><temps name="in"><temp name="T37"/><temp name="T40"/></temps><temps name="out"><temp name="T37"/><temp name="T113"/></temps></instruction><instruction code="OR T41,T113,0"><temps name="use"><temp name="T113"/></temps><temps name="def"><temp name="T41"/></temps><temps name="in"><temp name="T37"/><temp name="T113"/></temps><temps name="out"><temp name="T37"/><temp name="T41"/></temps></instruction><instruction code="SETL T114,8"><temps name="use"/><temps name="def"><temp name="T114"/></temps><temps name="in"><temp name="T37"/><temp name="T41"/></temps><temps name="out"><temp name="T37"/><temp name="T41"/><temp name="T114"/></temps></instruction><instruction code="INCML T114,0"><temps name="use"><temp name="T114"/></temps><temps name="def"><temp name="T114"/></temps><temps name="in"><temp name="T37"/><temp name="T41"/><temp name="T114"/></temps><temps name="out"><temp name="T37"/><temp name="T41"/><temp name="T114"/></temps></instruction><instruction code="INCMH T114,0"><temps name="use"><temp name="T114"/></temps><temps name="def"><temp name="T114"/></temps><temps name="in"><temp name="T37"/><temp name="T41"/><temp name="T114"/></temps><temps name="out"><temp name="T37"/><temp name="T41"/><temp name="T114"/></temps></instruction><instruction code="INCH T114,0"><temps name="use"><temp name="T114"/></temps><temps name="def"><temp name="T114"/></temps><temps name="in"><temp name="T37"/><temp name="T41"/><temp name="T114"/></temps><temps name="out"><temp name="T37"/><temp name="T41"/><temp name="T114"/></temps></instruction><instruction code="OR T42,T114,0"><temps name="use"><temp name="T114"/></temps><temps name="def"><temp name="T42"/></temps><temps name="in"><temp name="T37"/><temp name="T41"/><temp name="T114"/></temps><temps name="out"><temp name="T37"/><temp name="T42"/><temp name="T41"/></temps></instruction><instruction code="ADD T115,T41,T42"><temps name="use"><temp name="T41"/><temp name="T42"/></temps><temps name="def"><temp name="T115"/></temps><temps name="in"><temp name="T37"/><temp name="T42"/><temp name="T41"/></temps><temps name="out"><temp name="T37"/><temp name="T115"/></temps></instruction><instruction code="OR T43,T115,0"><temps name="use"><temp name="T115"/></temps><temps name="def"><temp name="T43"/></temps><temps name="in"><temp name="T37"/><temp name="T115"/></temps><temps name="out"><temp name="T37"/><temp name="T43"/></temps></instruction><instruction code="LDO T116,T43,0"><temps name="use"><temp name="T43"/></temps><temps name="def"><temp name="T116"/></temps><temps name="in"><temp name="T37"/><temp name="T43"/></temps><temps name="out"><temp name="T37"/><temp name="T116"/></temps></instruction><instruction code="OR T44,T116,0"><temps name="use"><temp name="T116"/></temps><temps name="def"><temp name="T44"/></temps><temps name="in"><temp name="T37"/><temp name="T116"/></temps><temps name="out"><temp name="T37"/><temp name="T44"/></temps></instruction><instruction code="OR T45,T44,0"><temps name="use"><temp name="T44"/></temps><temps name="def"><temp name="T45"/></temps><temps name="in"><temp name="T37"/><temp name="T44"/></temps><temps name="out"><temp name="T37"/><temp name="T45"/></temps></instruction><instruction code="ADD T117,T37,T45"><temps name="use"><temp name="T37"/><temp name="T45"/></temps><temps name="def"><temp name="T117"/></temps><temps name="in"><temp name="T37"/><temp name="T45"/></temps><temps name="out"><temp name="T117"/></temps></instruction><instruction code="OR T7,T117,0"><temps name="use"><temp name="T117"/></temps><temps name="def"><temp name="T7"/></temps><temps name="in"><temp name="T117"/></temps><temps name="out"/></instruction><instruction code="JMP L7"><temps name="use"/><temps name="def"/><temps name="in"/><temps name="out"/></instruction></instructions></code><code entrylabel="L8" exitlabel="L9" tempsize="0"><frame FP="T2" RV="T3" argssize="8" depth="1" label="_f" locssize="0" size="24"/><instructions><instruction code="L8"><temps name="use"/><temps name="def"/><temps name="in"><temp name="T2"/></temps><temps name="out"><temp name="T2"/></temps></instruction><instruction code="OR T2,T2,0"><temps name="use"><temp name="T2"/></temps><temps name="def"><temp name="T2"/></temps><temps name="in"><temp name="T2"/></temps><temps name="out"><temp name="T2"/></temps></instruction><instruction code="OR T46,T2,0"><temps name="use"><temp name="T2"/></temps><temps name="def"><temp name="T46"/></temps><temps name="in"><temp name="T2"/></temps><temps name="out"><temp name="T2"/><temp name="T46"/></temps></instruction><instruction code="SETL T119,8"><temps name="use"/><temps name="def"><temp name="T119"/></temps><temps name="in"><temp name="T2"/><temp name="T46"/></temps><temps name="out"><temp name="T119"/><temp name="T2"/><temp name="T46"/></temps></instruction><instruction code="INCML T119,0"><temps name="use"><temp name="T119"/></temps><temps name="def"><temp name="T119"/></temps><temps name="in"><temp name="T119"/><temp name="T2"/><temp name="T46"/></temps><temps name="out"><temp name="T119"/><temp name="T2"/><temp name="T46"/></temps></instruction><instruction code="INCMH T119,0"><temps name="use"><temp name="T119"/></temps><temps name="def"><temp name="T119"/></temps><temps name="in"><temp name="T119"/><temp name="T2"/><temp name="T46"/></temps><temps name="out"><temp name="T119"/><temp name="T2"/><temp name="T46"/></temps></instruction><instruction code="INCH T119,0"><temps name="use"><temp name="T119"/></temps><temps name="def"><temp name="T119"/></temps><temps name="in"><temp name="T119"/><temp name="T2"/><temp name="T46"/></temps><temps name="out"><temp name="T119"/><temp name="T2"/><temp name="T46"/></temps></instruction><instruction code="OR T47,T119,0"><temps name="use"><temp name="T119"/></temps><temps name="def"><temp name="T47"/></temps><temps name="in"><temp name="T119"/><temp name="T2"/><temp name="T46"/></temps><temps name="out"><temp name="T47"/><temp name="T2"/><temp name="T46"/></temps></instruction><instruction code="ADD T120,T46,T47"><temps name="use"><temp name="T46"/><temp name="T47"/></temps><temps name="def"><temp name="T120"/></temps><temps name="in"><temp name="T47"/><temp name="T2"/><temp name="T46"/></temps><temps name="out"><temp name="T120"/><temp name="T2"/></temps></instruction><instruction code="OR T48,T120,0"><temps name="use"><temp name="T120"/></temps><temps name="def"><temp name="T48"/></temps><temps name="in"><temp name="T120"/><temp name="T2"/></temps><temps name="out"><temp name="T48"/><temp name="T2"/></temps></instruction><instruction code="LDO T121,T48,0"><temps name="use"><temp name="T48"/></temps><temps name="def"><temp name="T121"/></temps><temps name="in"><temp name="T48"/><temp name="T2"/></temps><temps name="out"><temp name="T121"/><temp name="T2"/></temps></instruction><instruction code="OR T49,T121,0"><temps name="use"><temp name="T121"/></temps><temps name="def"><temp name="T49"/></temps><temps name="in"><temp name="T121"/><temp name="T2"/></temps><temps name="out"><temp name="T49"/><temp name="T2"/></temps></instruction><instruction code="SETL T122,1"><temps name="use"/><temps name="def"><temp name="T122"/></temps><temps name="in"><temp name="T49"/><temp name="T2"/></temps><temps name="out"><temp name="T49"/><temp name="T2"/><temp name="T122"/></temps></instruction><instruction code="INCML T122,0"><temps name="use"><temp name="T122"/></temps><temps name="def"><temp name="T122"/></temps><temps name="in"><temp name="T49"/><temp name="T2"/><temp name="T122"/></temps><temps name="out"><temp name="T49"/><temp name="T2"/><temp name="T122"/></temps></instruction><instruction code="INCMH T122,0"><temps name="use"><temp name="T122"/></temps><temps name="def"><temp name="T122"/></temps><temps name="in"><temp name="T49"/><temp name="T2"/><temp name="T122"/></temps><temps name="out"><temp name="T49"/><temp name="T2"/><temp name="T122"/></temps></instruction><instruction code="INCH T122,0"><temps name="use"><temp name="T122"/></temps><temps name="def"><temp name="T122"/></temps><temps name="in"><temp name="T49"/><temp name="T2"/><temp name="T122"/></temps><temps name="out"><temp name="T49"/><temp name="T2"/><temp name="T122"/></temps></instruction><instruction code="OR T50,T122,0"><temps name="use"><temp name="T122"/></temps><temps name="def"><temp name="T50"/></temps><temps name="in"><temp name="T49"/><temp name="T2"/><temp name="T122"/></temps><temps name="out"><temp name="T49"/><temp name="T50"/><temp name="T2"/></temps></instruction><instruction code="SUB T123,T49,T50"><temps name="use"><temp name="T49"/><temp name="T50"/></temps><temps name="def"><temp name="T123"/></temps><temps name="in"><temp name="T49"/><temp name="T50"/><temp name="T2"/></temps><temps name="out"><temp name="T123"/><temp name="T2"/></temps></instruction><instruction code="OR T51,T123,0"><temps name="use"><temp name="T123"/></temps><temps name="def"><temp name="T51"/></temps><temps name="in"><temp name="T123"/><temp name="T2"/></temps><temps name="out"><temp name="T51"/><temp name="T2"/></temps></instruction><instruction code="OR T52,T2,0"><temps name="use"><temp name="T2"/></temps><temps name="def"><temp name="T52"/></temps><temps name="in"><temp name="T51"/><temp name="T2"/></temps><temps name="out"><temp name="T51"/><temp name="T52"/><temp name="T2"/></temps></instruction><instruction code="STO T52,$254,0"><temps name="use"><temp name="T52"/></temps><temps name="def"/><temps name="in"><temp name="T51"/><temp name="T52"/><temp name="T2"/></temps><temps name="out"><temp name="T51"/><temp name="T2"/></temps></instruction><instruction code="PUSHJ $8,L1"><temps name="use"/><temps name="def"/><temps name="in"><temp name="T51"/><temp name="T2"/></temps><temps name="out"><temp name="T51"/><temp name="T2"/></temps></instruction><instruction code="LDO T125,$254,0"><temps name="use"/><temps name="def"><temp name="T125"/></temps><temps name="in"><temp name="T51"/><temp name="T2"/></temps><temps name="out"><temp name="T125"/><temp name="T51"/><temp name="T2"/></temps></instruction><instruction code="OR T53,T125,0"><temps name="use"><temp name="T125"/></temps><temps name="def"><temp name="T53"/></temps><temps name="in"><temp name="T125"/><temp name="T51"/><temp name="T2"/></temps><temps name="out"><temp name="T51"/><temp name="T53"/><temp name="T2"/></temps></instruction><instruction code="ADD T126,T51,T53"><temps name="use"><temp name="T51"/><temp name="T53"/></temps><temps name="def"><temp name="T126"/></temps><temps name="in"><temp name="T51"/><temp name="T53"/><temp name="T2"/></temps><temps name="out"><temp name="T126"/><temp name="T2"/></temps></instruction><instruction code="OR T54,T126,0"><temps name="use"><temp name="T126"/></temps><temps name="def"><temp name="T54"/></temps><temps name="in"><temp name="T126"/><temp name="T2"/></temps><temps name="out"><temp name="T2"/><temp name="T54"/></temps></instruction><instruction code="SETL T127,8"><temps name="use"/><temps name="def"><temp name="T127"/></temps><temps name="in"><temp name="T2"/><temp name="T54"/></temps><temps name="out"><temp name="T2"/><temp name="T54"/><temp name="T127"/></temps></instruction><instruction code="INCML T127,0"><temps name="use"><temp name="T127"/></temps><temps name="def"><temp name="T127"/></temps><temps name="in"><temp name="T2"/><temp name="T54"/><temp name="T127"/></temps><temps name="out"><temp name="T2"/><temp name="T54"/><temp name="T127"/></temps></instruction><instruction code="INCMH T127,0"><temps name="use"><temp name="T127"/></temps><temps name="def"><temp name="T127"/></temps><temps name="in"><temp name="T2"/><temp name="T54"/><temp name="T127"/></temps><temps name="out"><temp name="T2"/><temp name="T54"/><temp name="T127"/></temps></instruction><instruction code="INCH T127,0"><temps name="use"><temp name="T127"/></temps><temps name="def"><temp name="T127"/></temps><temps name="in"><temp name="T2"/><temp name="T54"/><temp name="T127"/></temps><temps name="out"><temp name="T2"/><temp name="T54"/><temp name="T127"/></temps></instruction><instruction code="ADD T128,T2,T127"><temps name="use"><temp name="T2"/><temp name="T127"/></temps><temps name="def"><temp name="T128"/></temps><temps name="in"><temp name="T2"/><temp name="T54"/><temp name="T127"/></temps><temps name="out"><temp name="T128"/><temp name="T2"/><temp name="T54"/></temps></instruction><instruction code="STO T128,T54,0"><temps name="use"><temp name="T128"/><temp name="T54"/></temps><temps name="def"/><temps name="in"><temp name="T128"/><temp name="T2"/><temp name="T54"/></temps><temps name="out"><temp name="T2"/></temps></instruction><instruction code="SETL T130,3"><temps name="use"/><temps name="def"><temp name="T130"/></temps><temps name="in"><temp name="T2"/></temps><temps name="out"><temp name="T130"/><temp name="T2"/></temps></instruction><instruction code="INCML T130,0"><temps name="use"><temp name="T130"/></temps><temps name="def"><temp name="T130"/></temps><temps name="in"><temp name="T130"/><temp name="T2"/></temps><temps name="out"><temp name="T130"/><temp name="T2"/></temps></instruction><instruction code="INCMH T130,0"><temps name="use"><temp name="T130"/></temps><temps name="def"><temp name="T130"/></temps><temps name="in"><temp name="T130"/><temp name="T2"/></temps><temps name="out"><temp name="T130"/><temp name="T2"/></temps></instruction><instruction code="INCH T130,0"><temps name="use"><temp name="T130"/></temps><temps name="def"><temp name="T130"/></temps><temps name="in"><temp name="T130"/><temp name="T2"/></temps><temps name="out"><temp name="T130"/><temp name="T2"/></temps></instruction><instruction code="OR T55,T130,0"><temps name="use"><temp name="T130"/></temps><temps name="def"><temp name="T55"/></temps><temps name="in"><temp name="T130"/><temp name="T2"/></temps><temps name="out"><temp name="T55"/><temp name="T2"/></temps></instruction><instruction code="LDA T131,_pi"><temps name="use"/><temps name="def"><temp name="T131"/></temps><temps name="in"><temp name="T55"/><temp name="T2"/></temps><temps name="out"><temp name="T55"/><temp name="T2"/><temp name="T131"/></temps></instruction><instruction code="STO T131,T55,0"><temps name="use"><temp name="T131"/><temp name="T55"/></temps><temps name="def"/><temps name="in"><temp name="T55"/><temp name="T2"/><temp name="T131"/></temps><temps name="out"><temp name="T2"/></temps></instruction><instruction code="OR T56,T2,0"><temps name="use"><temp name="T2"/></temps><temps name="def"><temp name="T56"/></temps><temps name="in"><temp name="T2"/></temps><temps name="out"><temp name="T56"/></temps></instruction><instruction code="SETL T134,8"><temps name="use"/><temps name="def"><temp name="T134"/></temps><temps name="in"><temp name="T56"/></temps><temps name="out"><temp name="T56"/><temp name="T134"/></temps></instruction><instruction code="INCML T134,0"><temps name="use"><temp name="T134"/></temps><temps name="def"><temp name="T134"/></temps><temps name="in"><temp name="T56"/><temp name="T134"/></temps><temps name="out"><temp name="T56"/><temp name="T134"/></temps></instruction><instruction code="INCMH T134,0"><temps name="use"><temp name="T134"/></temps><temps name="def"><temp name="T134"/></temps><temps name="in"><temp name="T56"/><temp name="T134"/></temps><temps name="out"><temp name="T56"/><temp name="T134"/></temps></instruction><instruction code="INCH T134,0"><temps name="use"><temp name="T134"/></temps><temps name="def"><temp name="T134"/></temps><temps name="in"><temp name="T56"/><temp name="T134"/></temps><temps name="out"><temp name="T56"/><temp name="T134"/></temps></instruction><instruction code="OR T57,T134,0"><temps name="use"><temp name="T134"/></temps><temps name="def"><temp name="T57"/></temps><temps name="in"><temp name="T56"/><temp name="T134"/></temps><temps name="out"><temp name="T56"/><temp name="T57"/></temps></instruction><instruction code="ADD T135,T56,T57"><temps name="use"><temp name="T56"/><temp name="T57"/></temps><temps name="def"><temp name="T135"/></temps><temps name="in"><temp name="T56"/><temp name="T57"/></temps><temps name="out"><temp name="T135"/></temps></instruction><instruction code="OR T58,T135,0"><temps name="use"><temp name="T135"/></temps><temps name="def"><temp name="T58"/></temps><temps name="in"><temp name="T135"/></temps><temps name="out"><temp name="T58"/></temps></instruction><instruction code="LDO T136,T58,0"><temps name="use"><temp name="T58"/></temps><temps name="def"><temp name="T136"/></temps><temps name="in"><temp name="T58"/></temps><temps name="out"><temp name="T136"/></temps></instruction><instruction code="OR T59,T136,0"><temps name="use"><temp name="T136"/></temps><temps name="def"><temp name="T59"/></temps><temps name="in"><temp name="T136"/></temps><temps name="out"><temp name="T59"/></temps></instruction><instruction code="OR T3,T59,0"><temps name="use"><temp name="T59"/></temps><temps name="def"><temp name="T3"/></temps><temps name="in"><temp name="T59"/></temps><temps name="out"/></instruction><instruction code="JMP L9"><temps name="use"/><temps name="def"/><temps name="in"/><temps name="out"/></instruction></instructions></code></livean>