<?xml version="1.0" encoding="UTF-8" standalone="no"?><?xml-stylesheet type="text/xsl" href="../../data/livean.xsl"?><livean><code entrylabel="L109" exitlabel="L110" tempsize="0"><frame FP="T6" RV="T7" argssize="24" depth="1" label="_main" locssize="16" size="56"/><instructions><instruction code="L109"><temps name="use"/><temps name="def"/><temps name="in"><temp name="T1146"/><temp name="T954"/><temp name="T1080"/><temp name="T980"/><temp name="T1071"/><temp name="T988"/><temp name="T920"/><temp name="T1063"/><temp name="T1032"/><temp name="T1026"/><temp name="T1020"/><temp name="T945"/><temp name="T1157"/><temp name="T972"/><temp name="T1131"/><temp name="T1134"/><temp name="T1140"/><temp name="T1055"/><temp name="T976"/><temp name="T916"/><temp name="T935"/><temp name="T1108"/><temp name="T1051"/><temp name="T966"/><temp name="T1040"/><temp name="T1074"/><temp name="T1123"/><temp name="T1060"/><temp name="T1086"/><temp name="T1125"/><temp name="T912"/><temp name="T1014"/><temp name="T1011"/><temp name="T1048"/><temp name="T1111"/><temp name="T906"/><temp name="T943"/><temp name="T1115"/><temp name="T1000"/><temp name="T6"/><temp name="T960"/><temp name="T1092"/><temp name="T1100"/><temp name="T1152"/><temp name="T995"/><temp name="T1096"/><temp name="T928"/><temp name="T1036"/><temp name="T940"/><temp name="T1065"/><temp name="T931"/><temp name="T991"/><temp name="T951"/><temp name="T1003"/><temp name="T1005"/><temp name="T1120"/></temps><temps name="out"><temp name="T1146"/><temp name="T954"/><temp name="T1080"/><temp name="T980"/><temp name="T1071"/><temp name="T988"/><temp name="T920"/><temp name="T1063"/><temp name="T1032"/><temp name="T1026"/><temp name="T1020"/><temp name="T945"/><temp name="T1157"/><temp name="T972"/><temp name="T1131"/><temp name="T1134"/><temp name="T1140"/><temp name="T1055"/><temp name="T976"/><temp name="T916"/><temp name="T935"/><temp name="T1108"/><temp name="T1051"/><temp name="T966"/><temp name="T1040"/><temp name="T1074"/><temp name="T1123"/><temp name="T1060"/><temp name="T1086"/><temp name="T1125"/><temp name="T912"/><temp name="T1014"/><temp name="T1011"/><temp name="T1048"/><temp name="T1111"/><temp name="T906"/><temp name="T943"/><temp name="T1115"/><temp name="T1000"/><temp name="T6"/><temp name="T960"/><temp name="T1092"/><temp name="T1100"/><temp name="T1152"/><temp name="T995"/><temp name="T1096"/><temp name="T928"/><temp name="T1036"/><temp name="T940"/><temp name="T1065"/><temp name="T931"/><temp name="T991"/><temp name="T951"/><temp name="T1003"/><temp name="T1005"/><temp name="T1120"/></temps></instruction><instruction code="SETL  T903, 0"><temps name="use"/><temps name="def"><temp name="T903"/></temps><temps name="in"><temp name="T1146"/><temp name="T954"/><temp name="T1080"/><temp name="T980"/><temp name="T1071"/><temp name="T988"/><temp name="T920"/><temp name="T1063"/><temp name="T1032"/><temp name="T1026"/><temp name="T1020"/><temp name="T945"/><temp name="T1157"/><temp name="T972"/><temp name="T1131"/><temp name="T1134"/><temp name="T1140"/><temp name="T1055"/><temp name="T976"/><temp name="T916"/><temp name="T935"/><temp name="T1108"/><temp name="T1051"/><temp name="T966"/><temp name="T1040"/><temp name="T1074"/><temp name="T1123"/><temp name="T1060"/><temp name="T1086"/><temp name="T1125"/><temp name="T912"/><temp name="T1014"/><temp name="T1011"/><temp name="T1048"/><temp name="T1111"/><temp name="T906"/><temp name="T943"/><temp name="T1115"/><temp name="T1000"/><temp name="T6"/><temp name="T960"/><temp name="T1092"/><temp name="T1100"/><temp name="T1152"/><temp name="T995"/><temp name="T1096"/><temp name="T928"/><temp name="T1036"/><temp name="T940"/><temp name="T1065"/><temp name="T931"/><temp name="T991"/><temp name="T951"/><temp name="T1003"/><temp name="T1005"/><temp name="T1120"/></temps><temps name="out"><temp name="T1146"/><temp name="T954"/><temp name="T1080"/><temp name="T980"/><temp name="T1071"/><temp name="T988"/><temp name="T920"/><temp name="T1063"/><temp name="T1032"/><temp name="T1026"/><temp name="T1020"/><temp name="T945"/><temp name="T1157"/><temp name="T972"/><temp name="T1131"/><temp name="T1134"/><temp name="T1140"/><temp name="T1055"/><temp name="T976"/><temp name="T916"/><temp name="T935"/><temp name="T1108"/><temp name="T1051"/><temp name="T966"/><temp name="T1040"/><temp name="T1074"/><temp name="T1123"/><temp name="T1060"/><temp name="T1086"/><temp name="T1125"/><temp name="T912"/><temp name="T1014"/><temp name="T1011"/><temp name="T1048"/><temp name="T1111"/><temp name="T906"/><temp name="T943"/><temp name="T1115"/><temp name="T1000"/><temp name="T6"/><temp name="T960"/><temp name="T1092"/><temp name="T1100"/><temp name="T1152"/><temp name="T995"/><temp name="T1096"/><temp name="T928"/><temp name="T1036"/><temp name="T940"/><temp name="T1065"/><temp name="T931"/><temp name="T991"/><temp name="T951"/><temp name="T1003"/><temp name="T1005"/><temp name="T1120"/></temps></instruction><instruction code="INCML T903, 0"><temps name="use"/><temps name="def"><temp name="T903"/></temps><temps name="in"><temp name="T1146"/><temp name="T954"/><temp name="T1080"/><temp name="T980"/><temp name="T1071"/><temp name="T988"/><temp name="T920"/><temp name="T1063"/><temp name="T1032"/><temp name="T1026"/><temp name="T1020"/><temp name="T945"/><temp name="T1157"/><temp name="T972"/><temp name="T1131"/><temp name="T1134"/><temp name="T1140"/><temp name="T1055"/><temp name="T976"/><temp name="T916"/><temp name="T935"/><temp name="T1108"/><temp name="T1051"/><temp name="T966"/><temp name="T1040"/><temp name="T1074"/><temp name="T1123"/><temp name="T1060"/><temp name="T1086"/><temp name="T1125"/><temp name="T912"/><temp name="T1014"/><temp name="T1011"/><temp name="T1048"/><temp name="T1111"/><temp name="T906"/><temp name="T943"/><temp name="T1115"/><temp name="T1000"/><temp name="T6"/><temp name="T960"/><temp name="T1092"/><temp name="T1100"/><temp name="T1152"/><temp name="T995"/><temp name="T1096"/><temp name="T928"/><temp name="T1036"/><temp name="T940"/><temp name="T1065"/><temp name="T931"/><temp name="T991"/><temp name="T951"/><temp name="T1003"/><temp name="T1005"/><temp name="T1120"/></temps><temps name="out"><temp name="T1146"/><temp name="T954"/><temp name="T1080"/><temp name="T980"/><temp name="T1071"/><temp name="T988"/><temp name="T920"/><temp name="T1063"/><temp name="T1032"/><temp name="T1026"/><temp name="T1020"/><temp name="T945"/><temp name="T1157"/><temp name="T972"/><temp name="T1131"/><temp name="T1134"/><temp name="T1140"/><temp name="T1055"/><temp name="T976"/><temp name="T916"/><temp name="T935"/><temp name="T1108"/><temp name="T1051"/><temp name="T966"/><temp name="T1040"/><temp name="T1074"/><temp name="T1123"/><temp name="T1060"/><temp name="T1086"/><temp name="T1125"/><temp name="T912"/><temp name="T1014"/><temp name="T1011"/><temp name="T1048"/><temp name="T1111"/><temp name="T906"/><temp name="T943"/><temp name="T1115"/><temp name="T1000"/><temp name="T6"/><temp name="T960"/><temp name="T1092"/><temp name="T1100"/><temp name="T1152"/><temp name="T995"/><temp name="T1096"/><temp name="T928"/><temp name="T1036"/><temp name="T940"/><temp name="T1065"/><temp name="T931"/><temp name="T991"/><temp name="T951"/><temp name="T1003"/><temp name="T1005"/><temp name="T1120"/></temps></instruction><instruction code="INCMH T903, 0"><temps name="use"/><temps name="def"><temp name="T903"/></temps><temps name="in"><temp name="T1146"/><temp name="T954"/><temp name="T1080"/><temp name="T980"/><temp name="T1071"/><temp name="T988"/><temp name="T920"/><temp name="T1063"/><temp name="T1032"/><temp name="T1026"/><temp name="T1020"/><temp name="T945"/><temp name="T1157"/><temp name="T972"/><temp name="T1131"/><temp name="T1134"/><temp name="T1140"/><temp name="T1055"/><temp name="T976"/><temp name="T916"/><temp name="T935"/><temp name="T1108"/><temp name="T1051"/><temp name="T966"/><temp name="T1040"/><temp name="T1074"/><temp name="T1123"/><temp name="T1060"/><temp name="T1086"/><temp name="T1125"/><temp name="T912"/><temp name="T1014"/><temp name="T1011"/><temp name="T1048"/><temp name="T1111"/><temp name="T906"/><temp name="T943"/><temp name="T1115"/><temp name="T1000"/><temp name="T6"/><temp name="T960"/><temp name="T1092"/><temp name="T1100"/><temp name="T1152"/><temp name="T995"/><temp name="T1096"/><temp name="T928"/><temp name="T1036"/><temp name="T940"/><temp name="T1065"/><temp name="T931"/><temp name="T991"/><temp name="T951"/><temp name="T1003"/><temp name="T1005"/><temp name="T1120"/></temps><temps name="out"><temp name="T1146"/><temp name="T954"/><temp name="T1080"/><temp name="T980"/><temp name="T1071"/><temp name="T988"/><temp name="T920"/><temp name="T1063"/><temp name="T1032"/><temp name="T1026"/><temp name="T1020"/><temp name="T945"/><temp name="T1157"/><temp name="T972"/><temp name="T1131"/><temp name="T1134"/><temp name="T1140"/><temp name="T1055"/><temp name="T976"/><temp name="T916"/><temp name="T935"/><temp name="T1108"/><temp name="T1051"/><temp name="T966"/><temp name="T1040"/><temp name="T1074"/><temp name="T1123"/><temp name="T1060"/><temp name="T1086"/><temp name="T1125"/><temp name="T912"/><temp name="T1014"/><temp name="T1011"/><temp name="T1048"/><temp name="T1111"/><temp name="T906"/><temp name="T943"/><temp name="T1115"/><temp name="T1000"/><temp name="T6"/><temp name="T960"/><temp name="T1092"/><temp name="T1100"/><temp name="T1152"/><temp name="T995"/><temp name="T1096"/><temp name="T928"/><temp name="T1036"/><temp name="T940"/><temp name="T1065"/><temp name="T931"/><temp name="T991"/><temp name="T951"/><temp name="T1003"/><temp name="T1005"/><temp name="T1120"/></temps></instruction><instruction code="INCH  T903, 0"><temps name="use"/><temps name="def"><temp name="T903"/></temps><temps name="in"><temp name="T1146"/><temp name="T954"/><temp name="T1080"/><temp name="T980"/><temp name="T1071"/><temp name="T988"/><temp name="T920"/><temp name="T1063"/><temp name="T1032"/><temp name="T1026"/><temp name="T1020"/><temp name="T945"/><temp name="T1157"/><temp name="T972"/><temp name="T1131"/><temp name="T1134"/><temp name="T1140"/><temp name="T1055"/><temp name="T976"/><temp name="T916"/><temp name="T935"/><temp name="T1108"/><temp name="T1051"/><temp name="T966"/><temp name="T1040"/><temp name="T1074"/><temp name="T1123"/><temp name="T1060"/><temp name="T1086"/><temp name="T1125"/><temp name="T912"/><temp name="T1014"/><temp name="T1011"/><temp name="T1048"/><temp name="T1111"/><temp name="T906"/><temp name="T943"/><temp name="T1115"/><temp name="T1000"/><temp name="T6"/><temp name="T960"/><temp name="T1092"/><temp name="T1100"/><temp name="T1152"/><temp name="T995"/><temp name="T1096"/><temp name="T928"/><temp name="T1036"/><temp name="T940"/><temp name="T1065"/><temp name="T931"/><temp name="T991"/><temp name="T951"/><temp name="T1003"/><temp name="T1005"/><temp name="T1120"/></temps><temps name="out"><temp name="T1146"/><temp name="T954"/><temp name="T1080"/><temp name="T980"/><temp name="T1071"/><temp name="T903"/><temp name="T988"/><temp name="T920"/><temp name="T1063"/><temp name="T1032"/><temp name="T1026"/><temp name="T1020"/><temp name="T945"/><temp name="T1157"/><temp name="T972"/><temp name="T1131"/><temp name="T1134"/><temp name="T1140"/><temp name="T1055"/><temp name="T976"/><temp name="T916"/><temp name="T935"/><temp name="T1108"/><temp name="T1051"/><temp name="T966"/><temp name="T1040"/><temp name="T1074"/><temp name="T1123"/><temp name="T1060"/><temp name="T1086"/><temp name="T1125"/><temp name="T912"/><temp name="T1014"/><temp name="T1011"/><temp name="T1048"/><temp name="T1111"/><temp name="T906"/><temp name="T943"/><temp name="T1115"/><temp name="T1000"/><temp name="T6"/><temp name="T960"/><temp name="T1092"/><temp name="T1100"/><temp name="T1152"/><temp name="T995"/><temp name="T1096"/><temp name="T928"/><temp name="T1036"/><temp name="T940"/><temp name="T1065"/><temp name="T931"/><temp name="T991"/><temp name="T951"/><temp name="T1003"/><temp name="T1005"/><temp name="T1120"/></temps></instruction><instruction code="OR T30, T903, 0"><temps name="use"><temp name="T903"/></temps><temps name="def"><temp name="T30"/></temps><temps name="in"><temp name="T1146"/><temp name="T954"/><temp name="T1080"/><temp name="T980"/><temp name="T1071"/><temp name="T903"/><temp name="T988"/><temp name="T920"/><temp name="T1063"/><temp name="T1032"/><temp name="T1026"/><temp name="T1020"/><temp name="T945"/><temp name="T1157"/><temp name="T972"/><temp name="T1131"/><temp name="T1134"/><temp name="T1140"/><temp name="T1055"/><temp name="T976"/><temp name="T916"/><temp name="T935"/><temp name="T1108"/><temp name="T1051"/><temp name="T966"/><temp name="T1040"/><temp name="T1074"/><temp name="T1123"/><temp name="T1060"/><temp name="T1086"/><temp name="T1125"/><temp name="T912"/><temp name="T1014"/><temp name="T1011"/><temp name="T1048"/><temp name="T1111"/><temp name="T906"/><temp name="T943"/><temp name="T1115"/><temp name="T1000"/><temp name="T6"/><temp name="T960"/><temp name="T1092"/><temp name="T1100"/><temp name="T1152"/><temp name="T995"/><temp name="T1096"/><temp name="T928"/><temp name="T1036"/><temp name="T940"/><temp name="T1065"/><temp name="T931"/><temp name="T991"/><temp name="T951"/><temp name="T1003"/><temp name="T1005"/><temp name="T1120"/></temps><temps name="out"><temp name="T1146"/><temp name="T954"/><temp name="T1080"/><temp name="T980"/><temp name="T1071"/><temp name="T988"/><temp name="T920"/><temp name="T1063"/><temp name="T1032"/><temp name="T1026"/><temp name="T1020"/><temp name="T945"/><temp name="T1157"/><temp name="T972"/><temp name="T1131"/><temp name="T1134"/><temp name="T1140"/><temp name="T1055"/><temp name="T976"/><temp name="T916"/><temp name="T935"/><temp name="T1108"/><temp name="T30"/><temp name="T1051"/><temp name="T966"/><temp name="T1040"/><temp name="T1074"/><temp name="T1123"/><temp name="T1060"/><temp name="T1086"/><temp name="T1125"/><temp name="T912"/><temp name="T1014"/><temp name="T1011"/><temp name="T1048"/><temp name="T1111"/><temp name="T906"/><temp name="T943"/><temp name="T1115"/><temp name="T1000"/><temp name="T6"/><temp name="T960"/><temp name="T1092"/><temp name="T1100"/><temp name="T1152"/><temp name="T995"/><temp name="T1096"/><temp name="T928"/><temp name="T1036"/><temp name="T940"/><temp name="T1065"/><temp name="T931"/><temp name="T991"/><temp name="T951"/><temp name="T1003"/><temp name="T1005"/><temp name="T1120"/></temps></instruction><instruction code="LDA T904, L5"><temps name="use"/><temps name="def"><temp name="T904"/></temps><temps name="in"><temp name="T1146"/><temp name="T954"/><temp name="T1080"/><temp name="T980"/><temp name="T1071"/><temp name="T988"/><temp name="T920"/><temp name="T1063"/><temp name="T1032"/><temp name="T1026"/><temp name="T1020"/><temp name="T945"/><temp name="T1157"/><temp name="T972"/><temp name="T1131"/><temp name="T1134"/><temp name="T1140"/><temp name="T1055"/><temp name="T976"/><temp name="T916"/><temp name="T935"/><temp name="T1108"/><temp name="T30"/><temp name="T1051"/><temp name="T966"/><temp name="T1040"/><temp name="T1074"/><temp name="T1123"/><temp name="T1060"/><temp name="T1086"/><temp name="T1125"/><temp name="T912"/><temp name="T1014"/><temp name="T1011"/><temp name="T1048"/><temp name="T1111"/><temp name="T906"/><temp name="T943"/><temp name="T1115"/><temp name="T1000"/><temp name="T6"/><temp name="T960"/><temp name="T1092"/><temp name="T1100"/><temp name="T1152"/><temp name="T995"/><temp name="T1096"/><temp name="T928"/><temp name="T1036"/><temp name="T940"/><temp name="T1065"/><temp name="T931"/><temp name="T991"/><temp name="T951"/><temp name="T1003"/><temp name="T1005"/><temp name="T1120"/></temps><temps name="out"><temp name="T1146"/><temp name="T954"/><temp name="T1080"/><temp name="T980"/><temp name="T1071"/><temp name="T988"/><temp name="T920"/><temp name="T1063"/><temp name="T1032"/><temp name="T1026"/><temp name="T1020"/><temp name="T945"/><temp name="T1157"/><temp name="T972"/><temp name="T1131"/><temp name="T1134"/><temp name="T1140"/><temp name="T1055"/><temp name="T976"/><temp name="T916"/><temp name="T935"/><temp name="T1108"/><temp name="T30"/><temp name="T1051"/><temp name="T966"/><temp name="T1040"/><temp name="T1074"/><temp name="T1123"/><temp name="T1060"/><temp name="T1086"/><temp name="T1125"/><temp name="T912"/><temp name="T1014"/><temp name="T1011"/><temp name="T1048"/><temp name="T1111"/><temp name="T906"/><temp name="T943"/><temp name="T1115"/><temp name="T1000"/><temp name="T6"/><temp name="T960"/><temp name="T1092"/><temp name="T1100"/><temp name="T1152"/><temp name="T995"/><temp name="T1096"/><temp name="T928"/><temp name="T1036"/><temp name="T940"/><temp name="T1065"/><temp name="T931"/><temp name="T991"/><temp name="T951"/><temp name="T1003"/><temp name="T1005"/><temp name="T904"/><temp name="T1120"/></temps></instruction><instruction code="OR T31, T904, 0"><temps name="use"><temp name="T904"/></temps><temps name="def"><temp name="T31"/></temps><temps name="in"><temp name="T1146"/><temp name="T954"/><temp name="T1080"/><temp name="T980"/><temp name="T1071"/><temp name="T988"/><temp name="T920"/><temp name="T1063"/><temp name="T1032"/><temp name="T1026"/><temp name="T1020"/><temp name="T945"/><temp name="T1157"/><temp name="T972"/><temp name="T1131"/><temp name="T1134"/><temp name="T1140"/><temp name="T1055"/><temp name="T976"/><temp name="T916"/><temp name="T935"/><temp name="T1108"/><temp name="T30"/><temp name="T1051"/><temp name="T966"/><temp name="T1040"/><temp name="T1074"/><temp name="T1123"/><temp name="T1060"/><temp name="T1086"/><temp name="T1125"/><temp name="T912"/><temp name="T1014"/><temp name="T1011"/><temp name="T1048"/><temp name="T1111"/><temp name="T906"/><temp name="T943"/><temp name="T1115"/><temp name="T1000"/><temp name="T6"/><temp name="T960"/><temp name="T1092"/><temp name="T1100"/><temp name="T1152"/><temp name="T995"/><temp name="T1096"/><temp name="T928"/><temp name="T1036"/><temp name="T940"/><temp name="T1065"/><temp name="T931"/><temp name="T991"/><temp name="T951"/><temp name="T1003"/><temp name="T1005"/><temp name="T904"/><temp name="T1120"/></temps><temps name="out"><temp name="T1146"/><temp name="T954"/><temp name="T31"/><temp name="T1080"/><temp name="T980"/><temp name="T1071"/><temp name="T988"/><temp name="T920"/><temp name="T1063"/><temp name="T1032"/><temp name="T1026"/><temp name="T1020"/><temp name="T945"/><temp name="T1157"/><temp name="T972"/><temp name="T1131"/><temp name="T1134"/><temp name="T1140"/><temp name="T1055"/><temp name="T976"/><temp name="T916"/><temp name="T935"/><temp name="T1108"/><temp name="T30"/><temp name="T1051"/><temp name="T966"/><temp name="T1040"/><temp name="T1074"/><temp name="T1123"/><temp name="T1060"/><temp name="T1086"/><temp name="T1125"/><temp name="T912"/><temp name="T1014"/><temp name="T1011"/><temp name="T1048"/><temp name="T1111"/><temp name="T906"/><temp name="T943"/><temp name="T1115"/><temp name="T1000"/><temp name="T6"/><temp name="T960"/><temp name="T1092"/><temp name="T1100"/><temp name="T1152"/><temp name="T995"/><temp name="T1096"/><temp name="T928"/><temp name="T1036"/><temp name="T940"/><temp name="T1065"/><temp name="T931"/><temp name="T991"/><temp name="T951"/><temp name="T1003"/><temp name="T1005"/><temp name="T1120"/></temps></instruction><instruction code="STO T30, $254, 8"><temps name="use"><temp name="T30"/></temps><temps name="def"/><temps name="in"><temp name="T1146"/><temp name="T954"/><temp name="T31"/><temp name="T1080"/><temp name="T980"/><temp name="T1071"/><temp name="T988"/><temp name="T920"/><temp name="T1063"/><temp name="T1032"/><temp name="T1026"/><temp name="T1020"/><temp name="T945"/><temp name="T1157"/><temp name="T972"/><temp name="T1131"/><temp name="T1134"/><temp name="T1140"/><temp name="T1055"/><temp name="T976"/><temp name="T916"/><temp name="T935"/><temp name="T1108"/><temp name="T30"/><temp name="T1051"/><temp name="T966"/><temp name="T1040"/><temp name="T1074"/><temp name="T1123"/><temp name="T1060"/><temp name="T1086"/><temp name="T1125"/><temp name="T912"/><temp name="T1014"/><temp name="T1011"/><temp name="T1048"/><temp name="T1111"/><temp name="T906"/><temp name="T943"/><temp name="T1115"/><temp name="T1000"/><temp name="T6"/><temp name="T960"/><temp name="T1092"/><temp name="T1100"/><temp name="T1152"/><temp name="T995"/><temp name="T1096"/><temp name="T928"/><temp name="T1036"/><temp name="T940"/><temp name="T1065"/><temp name="T931"/><temp name="T991"/><temp name="T951"/><temp name="T1003"/><temp name="T1005"/><temp name="T1120"/></temps><temps name="out"><temp name="T1146"/><temp name="T954"/><temp name="T31"/><temp name="T1080"/><temp name="T980"/><temp name="T1071"/><temp name="T988"/><temp name="T920"/><temp name="T1063"/><temp name="T1032"/><temp name="T1026"/><temp name="T1020"/><temp name="T945"/><temp name="T1157"/><temp name="T972"/><temp name="T1131"/><temp name="T1134"/><temp name="T1140"/><temp name="T1055"/><temp name="T976"/><temp name="T916"/><temp name="T935"/><temp name="T1108"/><temp name="T1051"/><temp name="T966"/><temp name="T1040"/><temp name="T1074"/><temp name="T1123"/><temp name="T1060"/><temp name="T1086"/><temp name="T1125"/><temp name="T912"/><temp name="T1014"/><temp name="T1011"/><temp name="T1048"/><temp name="T1111"/><temp name="T906"/><temp name="T943"/><temp name="T1115"/><temp name="T1000"/><temp name="T6"/><temp name="T960"/><temp name="T1092"/><temp name="T1100"/><temp name="T1152"/><temp name="T995"/><temp name="T1096"/><temp name="T928"/><temp name="T1036"/><temp name="T940"/><temp name="T1065"/><temp name="T931"/><temp name="T991"/><temp name="T951"/><temp name="T1003"/><temp name="T1005"/><temp name="T1120"/></temps></instruction><instruction code="STO T31, $254, 16"><temps name="use"><temp name="T31"/></temps><temps name="def"/><temps name="in"><temp name="T1146"/><temp name="T954"/><temp name="T31"/><temp name="T1080"/><temp name="T980"/><temp name="T1071"/><temp name="T988"/><temp name="T920"/><temp name="T1063"/><temp name="T1032"/><temp name="T1026"/><temp name="T1020"/><temp name="T945"/><temp name="T1157"/><temp name="T972"/><temp name="T1131"/><temp name="T1134"/><temp name="T1140"/><temp name="T1055"/><temp name="T976"/><temp name="T916"/><temp name="T935"/><temp name="T1108"/><temp name="T1051"/><temp name="T966"/><temp name="T1040"/><temp name="T1074"/><temp name="T1123"/><temp name="T1060"/><temp name="T1086"/><temp name="T1125"/><temp name="T912"/><temp name="T1014"/><temp name="T1011"/><temp name="T1048"/><temp name="T1111"/><temp name="T906"/><temp name="T943"/><temp name="T1115"/><temp name="T1000"/><temp name="T6"/><temp name="T960"/><temp name="T1092"/><temp name="T1100"/><temp name="T1152"/><temp name="T995"/><temp name="T1096"/><temp name="T928"/><temp name="T1036"/><temp name="T940"/><temp name="T1065"/><temp name="T931"/><temp name="T991"/><temp name="T951"/><temp name="T1003"/><temp name="T1005"/><temp name="T1120"/></temps><temps name="out"><temp name="T1146"/><temp name="T954"/><temp name="T1080"/><temp name="T980"/><temp name="T1071"/><temp name="T988"/><temp name="T920"/><temp name="T1063"/><temp name="T1032"/><temp name="T1026"/><temp name="T1020"/><temp name="T945"/><temp name="T1157"/><temp name="T972"/><temp name="T1131"/><temp name="T1134"/><temp name="T1140"/><temp name="T1055"/><temp name="T976"/><temp name="T916"/><temp name="T935"/><temp name="T1108"/><temp name="T1051"/><temp name="T966"/><temp name="T1040"/><temp name="T1074"/><temp name="T1123"/><temp name="T1060"/><temp name="T1086"/><temp name="T1125"/><temp name="T912"/><temp name="T1014"/><temp name="T1011"/><temp name="T1048"/><temp name="T1111"/><temp name="T906"/><temp name="T943"/><temp name="T1115"/><temp name="T1000"/><temp name="T6"/><temp name="T960"/><temp name="T1092"/><temp name="T1100"/><temp name="T1152"/><temp name="T995"/><temp name="T1096"/><temp name="T928"/><temp name="T1036"/><temp name="T940"/><temp name="T1065"/><temp name="T931"/><temp name="T991"/><temp name="T951"/><temp name="T1003"/><temp name="T1005"/><temp name="T1120"/></temps></instruction><instruction code="LDA T905, _putString"><temps name="use"/><temps name="def"><temp name="T905"/></temps><temps name="in"><temp name="T1146"/><temp name="T954"/><temp name="T1080"/><temp name="T980"/><temp name="T1071"/><temp name="T988"/><temp name="T920"/><temp name="T1063"/><temp name="T1032"/><temp name="T1026"/><temp name="T1020"/><temp name="T945"/><temp name="T1157"/><temp name="T972"/><temp name="T1131"/><temp name="T1134"/><temp name="T1140"/><temp name="T1055"/><temp name="T976"/><temp name="T916"/><temp name="T935"/><temp name="T1108"/><temp name="T1051"/><temp name="T966"/><temp name="T1040"/><temp name="T1074"/><temp name="T1123"/><temp name="T1060"/><temp name="T1086"/><temp name="T1125"/><temp name="T912"/><temp name="T1014"/><temp name="T1011"/><temp name="T1048"/><temp name="T1111"/><temp name="T906"/><temp name="T943"/><temp name="T1115"/><temp name="T1000"/><temp name="T6"/><temp name="T960"/><temp name="T1092"/><temp name="T1100"/><temp name="T1152"/><temp name="T995"/><temp name="T1096"/><temp name="T928"/><temp name="T1036"/><temp name="T940"/><temp name="T1065"/><temp name="T931"/><temp name="T991"/><temp name="T951"/><temp name="T1003"/><temp name="T1005"/><temp name="T1120"/></temps><temps name="out"><temp name="T1146"/><temp name="T954"/><temp name="T1080"/><temp name="T980"/><temp name="T1071"/><temp name="T988"/><temp name="T920"/><temp name="T1063"/><temp name="T1032"/><temp name="T1026"/><temp name="T1020"/><temp name="T945"/><temp name="T1157"/><temp name="T972"/><temp name="T1131"/><temp name="T1134"/><temp name="T1140"/><temp name="T905"/><temp name="T1055"/><temp name="T976"/><temp name="T916"/><temp name="T935"/><temp name="T1108"/><temp name="T1051"/><temp name="T966"/><temp name="T1040"/><temp name="T1074"/><temp name="T1123"/><temp name="T1060"/><temp name="T1086"/><temp name="T1125"/><temp name="T912"/><temp name="T1014"/><temp name="T1011"/><temp name="T1048"/><temp name="T1111"/><temp name="T906"/><temp name="T943"/><temp name="T1115"/><temp name="T1000"/><temp name="T6"/><temp name="T960"/><temp name="T1092"/><temp name="T1100"/><temp name="T1152"/><temp name="T995"/><temp name="T1096"/><temp name="T928"/><temp name="T1036"/><temp name="T940"/><temp name="T1065"/><temp name="T931"/><temp name="T991"/><temp name="T951"/><temp name="T1003"/><temp name="T1005"/><temp name="T1120"/></temps></instruction><instruction code="PUSHJ $15, T905, 0"><temps name="use"><temp name="T905"/></temps><temps name="def"/><temps name="in"><temp name="T1146"/><temp name="T954"/><temp name="T1080"/><temp name="T980"/><temp name="T1071"/><temp name="T988"/><temp name="T920"/><temp name="T1063"/><temp name="T1032"/><temp name="T1026"/><temp name="T1020"/><temp name="T945"/><temp name="T1157"/><temp name="T972"/><temp name="T1131"/><temp name="T1134"/><temp name="T1140"/><temp name="T905"/><temp name="T1055"/><temp name="T976"/><temp name="T916"/><temp name="T935"/><temp name="T1108"/><temp name="T1051"/><temp name="T966"/><temp name="T1040"/><temp name="T1074"/><temp name="T1123"/><temp name="T1060"/><temp name="T1086"/><temp name="T1125"/><temp name="T912"/><temp name="T1014"/><temp name="T1011"/><temp name="T1048"/><temp name="T1111"/><temp name="T906"/><temp name="T943"/><temp name="T1115"/><temp name="T1000"/><temp name="T6"/><temp name="T960"/><temp name="T1092"/><temp name="T1100"/><temp name="T1152"/><temp name="T995"/><temp name="T1096"/><temp name="T928"/><temp name="T1036"/><temp name="T940"/><temp name="T1065"/><temp name="T931"/><temp name="T991"/><temp name="T951"/><temp name="T1003"/><temp name="T1005"/><temp name="T1120"/></temps><temps name="out"><temp name="T1146"/><temp name="T954"/><temp name="T1080"/><temp name="T980"/><temp name="T1071"/><temp name="T988"/><temp name="T920"/><temp name="T1063"/><temp name="T1032"/><temp name="T1026"/><temp name="T1020"/><temp name="T945"/><temp name="T1157"/><temp name="T972"/><temp name="T1131"/><temp name="T1134"/><temp name="T1140"/><temp name="T1055"/><temp name="T976"/><temp name="T916"/><temp name="T935"/><temp name="T1108"/><temp name="T1051"/><temp name="T966"/><temp name="T1040"/><temp name="T1074"/><temp name="T1123"/><temp name="T1060"/><temp name="T1086"/><temp name="T1125"/><temp name="T912"/><temp name="T1014"/><temp name="T1011"/><temp name="T1048"/><temp name="T1111"/><temp name="T906"/><temp name="T943"/><temp name="T1115"/><temp name="T1000"/><temp name="T6"/><temp name="T960"/><temp name="T1092"/><temp name="T1100"/><temp name="T1152"/><temp name="T995"/><temp name="T1096"/><temp name="T928"/><temp name="T1036"/><temp name="T940"/><temp name="T1065"/><temp name="T931"/><temp name="T991"/><temp name="T951"/><temp name="T1003"/><temp name="T1005"/><temp name="T1120"/></temps></instruction><instruction code="OR T32, T906, 0"><temps name="use"><temp name="T906"/></temps><temps name="def"><temp name="T32"/></temps><temps name="in"><temp name="T1146"/><temp name="T954"/><temp name="T1080"/><temp name="T980"/><temp name="T1071"/><temp name="T988"/><temp name="T920"/><temp name="T1063"/><temp name="T1032"/><temp name="T1026"/><temp name="T1020"/><temp name="T945"/><temp name="T1157"/><temp name="T972"/><temp name="T1131"/><temp name="T1134"/><temp name="T1140"/><temp name="T1055"/><temp name="T976"/><temp name="T916"/><temp name="T935"/><temp name="T1108"/><temp name="T1051"/><temp name="T966"/><temp name="T1040"/><temp name="T1074"/><temp name="T1123"/><temp name="T1060"/><temp name="T1086"/><temp name="T1125"/><temp name="T912"/><temp name="T1014"/><temp name="T1011"/><temp name="T1048"/><temp name="T1111"/><temp name="T906"/><temp name="T943"/><temp name="T1115"/><temp name="T1000"/><temp name="T6"/><temp name="T960"/><temp name="T1092"/><temp name="T1100"/><temp name="T1152"/><temp name="T995"/><temp name="T1096"/><temp name="T928"/><temp name="T1036"/><temp name="T940"/><temp name="T1065"/><temp name="T931"/><temp name="T991"/><temp name="T951"/><temp name="T1003"/><temp name="T1005"/><temp name="T1120"/></temps><temps name="out"><temp name="T1146"/><temp name="T954"/><temp name="T1080"/><temp name="T980"/><temp name="T1071"/><temp name="T988"/><temp name="T920"/><temp name="T1063"/><temp name="T1032"/><temp name="T1026"/><temp name="T1020"/><temp name="T945"/><temp name="T1157"/><temp name="T972"/><temp name="T1131"/><temp name="T1134"/><temp name="T1140"/><temp name="T1055"/><temp name="T976"/><temp name="T916"/><temp name="T935"/><temp name="T1108"/><temp name="T1051"/><temp name="T966"/><temp name="T1040"/><temp name="T1074"/><temp name="T1123"/><temp name="T1060"/><temp name="T1086"/><temp name="T1125"/><temp name="T912"/><temp name="T1014"/><temp name="T1011"/><temp name="T1048"/><temp name="T1111"/><temp name="T943"/><temp name="T1115"/><temp name="T1000"/><temp name="T6"/><temp name="T960"/><temp name="T1092"/><temp name="T1100"/><temp name="T1152"/><temp name="T995"/><temp name="T1096"/><temp name="T928"/><temp name="T1036"/><temp name="T940"/><temp name="T1065"/><temp name="T931"/><temp name="T991"/><temp name="T951"/><temp name="T1003"/><temp name="T1005"/><temp name="T1120"/></temps></instruction><instruction code="SETL  T907, 0"><temps name="use"/><temps name="def"><temp name="T907"/></temps><temps name="in"><temp name="T1146"/><temp name="T954"/><temp name="T1080"/><temp name="T980"/><temp name="T1071"/><temp name="T988"/><temp name="T920"/><temp name="T1063"/><temp name="T1032"/><temp name="T1026"/><temp name="T1020"/><temp name="T945"/><temp name="T1157"/><temp name="T972"/><temp name="T1131"/><temp name="T1134"/><temp name="T1140"/><temp name="T1055"/><temp name="T976"/><temp name="T916"/><temp name="T935"/><temp name="T1108"/><temp name="T1051"/><temp name="T966"/><temp name="T1040"/><temp name="T1074"/><temp name="T1123"/><temp name="T1060"/><temp name="T1086"/><temp name="T1125"/><temp name="T912"/><temp name="T1014"/><temp name="T1011"/><temp name="T1048"/><temp name="T1111"/><temp name="T943"/><temp name="T1115"/><temp name="T1000"/><temp name="T6"/><temp name="T960"/><temp name="T1092"/><temp name="T1100"/><temp name="T1152"/><temp name="T995"/><temp name="T1096"/><temp name="T928"/><temp name="T1036"/><temp name="T940"/><temp name="T1065"/><temp name="T931"/><temp name="T991"/><temp name="T951"/><temp name="T1003"/><temp name="T1005"/><temp name="T1120"/></temps><temps name="out"><temp name="T1146"/><temp name="T954"/><temp name="T1080"/><temp name="T980"/><temp name="T1071"/><temp name="T988"/><temp name="T920"/><temp name="T1063"/><temp name="T1032"/><temp name="T1026"/><temp name="T1020"/><temp name="T945"/><temp name="T1157"/><temp name="T972"/><temp name="T1131"/><temp name="T1134"/><temp name="T1140"/><temp name="T1055"/><temp name="T976"/><temp name="T916"/><temp name="T935"/><temp name="T1108"/><temp name="T1051"/><temp name="T966"/><temp name="T1040"/><temp name="T1074"/><temp name="T1123"/><temp name="T1060"/><temp name="T1086"/><temp name="T1125"/><temp name="T912"/><temp name="T1014"/><temp name="T1011"/><temp name="T1048"/><temp name="T1111"/><temp name="T943"/><temp name="T1115"/><temp name="T1000"/><temp name="T6"/><temp name="T960"/><temp name="T1092"/><temp name="T1100"/><temp name="T1152"/><temp name="T995"/><temp name="T1096"/><temp name="T928"/><temp name="T1036"/><temp name="T940"/><temp name="T1065"/><temp name="T931"/><temp name="T991"/><temp name="T951"/><temp name="T1003"/><temp name="T1005"/><temp name="T1120"/></temps></instruction><instruction code="INCML T907, 0"><temps name="use"/><temps name="def"><temp name="T907"/></temps><temps name="in"><temp name="T1146"/><temp name="T954"/><temp name="T1080"/><temp name="T980"/><temp name="T1071"/><temp name="T988"/><temp name="T920"/><temp name="T1063"/><temp name="T1032"/><temp name="T1026"/><temp name="T1020"/><temp name="T945"/><temp name="T1157"/><temp name="T972"/><temp name="T1131"/><temp name="T1134"/><temp name="T1140"/><temp name="T1055"/><temp name="T976"/><temp name="T916"/><temp name="T935"/><temp name="T1108"/><temp name="T1051"/><temp name="T966"/><temp name="T1040"/><temp name="T1074"/><temp name="T1123"/><temp name="T1060"/><temp name="T1086"/><temp name="T1125"/><temp name="T912"/><temp name="T1014"/><temp name="T1011"/><temp name="T1048"/><temp name="T1111"/><temp name="T943"/><temp name="T1115"/><temp name="T1000"/><temp name="T6"/><temp name="T960"/><temp name="T1092"/><temp name="T1100"/><temp name="T1152"/><temp name="T995"/><temp name="T1096"/><temp name="T928"/><temp name="T1036"/><temp name="T940"/><temp name="T1065"/><temp name="T931"/><temp name="T991"/><temp name="T951"/><temp name="T1003"/><temp name="T1005"/><temp name="T1120"/></temps><temps name="out"><temp name="T1146"/><temp name="T954"/><temp name="T1080"/><temp name="T980"/><temp name="T1071"/><temp name="T988"/><temp name="T920"/><temp name="T1063"/><temp name="T1032"/><temp name="T1026"/><temp name="T1020"/><temp name="T945"/><temp name="T1157"/><temp name="T972"/><temp name="T1131"/><temp name="T1134"/><temp name="T1140"/><temp name="T1055"/><temp name="T976"/><temp name="T916"/><temp name="T935"/><temp name="T1108"/><temp name="T1051"/><temp name="T966"/><temp name="T1040"/><temp name="T1074"/><temp name="T1123"/><temp name="T1060"/><temp name="T1086"/><temp name="T1125"/><temp name="T912"/><temp name="T1014"/><temp name="T1011"/><temp name="T1048"/><temp name="T1111"/><temp name="T943"/><temp name="T1115"/><temp name="T1000"/><temp name="T6"/><temp name="T960"/><temp name="T1092"/><temp name="T1100"/><temp name="T1152"/><temp name="T995"/><temp name="T1096"/><temp name="T928"/><temp name="T1036"/><temp name="T940"/><temp name="T1065"/><temp name="T931"/><temp name="T991"/><temp name="T951"/><temp name="T1003"/><temp name="T1005"/><temp name="T1120"/></temps></instruction><instruction code="INCMH T907, 0"><temps name="use"/><temps name="def"><temp name="T907"/></temps><temps name="in"><temp name="T1146"/><temp name="T954"/><temp name="T1080"/><temp name="T980"/><temp name="T1071"/><temp name="T988"/><temp name="T920"/><temp name="T1063"/><temp name="T1032"/><temp name="T1026"/><temp name="T1020"/><temp name="T945"/><temp name="T1157"/><temp name="T972"/><temp name="T1131"/><temp name="T1134"/><temp name="T1140"/><temp name="T1055"/><temp name="T976"/><temp name="T916"/><temp name="T935"/><temp name="T1108"/><temp name="T1051"/><temp name="T966"/><temp name="T1040"/><temp name="T1074"/><temp name="T1123"/><temp name="T1060"/><temp name="T1086"/><temp name="T1125"/><temp name="T912"/><temp name="T1014"/><temp name="T1011"/><temp name="T1048"/><temp name="T1111"/><temp name="T943"/><temp name="T1115"/><temp name="T1000"/><temp name="T6"/><temp name="T960"/><temp name="T1092"/><temp name="T1100"/><temp name="T1152"/><temp name="T995"/><temp name="T1096"/><temp name="T928"/><temp name="T1036"/><temp name="T940"/><temp name="T1065"/><temp name="T931"/><temp name="T991"/><temp name="T951"/><temp name="T1003"/><temp name="T1005"/><temp name="T1120"/></temps><temps name="out"><temp name="T1146"/><temp name="T954"/><temp name="T1080"/><temp name="T980"/><temp name="T1071"/><temp name="T988"/><temp name="T920"/><temp name="T1063"/><temp name="T1032"/><temp name="T1026"/><temp name="T1020"/><temp name="T945"/><temp name="T1157"/><temp name="T972"/><temp name="T1131"/><temp name="T1134"/><temp name="T1140"/><temp name="T1055"/><temp name="T976"/><temp name="T916"/><temp name="T935"/><temp name="T1108"/><temp name="T1051"/><temp name="T966"/><temp name="T1040"/><temp name="T1074"/><temp name="T1123"/><temp name="T1060"/><temp name="T1086"/><temp name="T1125"/><temp name="T912"/><temp name="T1014"/><temp name="T1011"/><temp name="T1048"/><temp name="T1111"/><temp name="T943"/><temp name="T1115"/><temp name="T1000"/><temp name="T6"/><temp name="T960"/><temp name="T1092"/><temp name="T1100"/><temp name="T1152"/><temp name="T995"/><temp name="T1096"/><temp name="T928"/><temp name="T1036"/><temp name="T940"/><temp name="T1065"/><temp name="T931"/><temp name="T991"/><temp name="T951"/><temp name="T1003"/><temp name="T1005"/><temp name="T1120"/></temps></instruction><instruction code="INCH  T907, 0"><temps name="use"/><temps name="def"><temp name="T907"/></temps><temps name="in"><temp name="T1146"/><temp name="T954"/><temp name="T1080"/><temp name="T980"/><temp name="T1071"/><temp name="T988"/><temp name="T920"/><temp name="T1063"/><temp name="T1032"/><temp name="T1026"/><temp name="T1020"/><temp name="T945"/><temp name="T1157"/><temp name="T972"/><temp name="T1131"/><temp name="T1134"/><temp name="T1140"/><temp name="T1055"/><temp name="T976"/><temp name="T916"/><temp name="T935"/><temp name="T1108"/><temp name="T1051"/><temp name="T966"/><temp name="T1040"/><temp name="T1074"/><temp name="T1123"/><temp name="T1060"/><temp name="T1086"/><temp name="T1125"/><temp name="T912"/><temp name="T1014"/><temp name="T1011"/><temp name="T1048"/><temp name="T1111"/><temp name="T943"/><temp name="T1115"/><temp name="T1000"/><temp name="T6"/><temp name="T960"/><temp name="T1092"/><temp name="T1100"/><temp name="T1152"/><temp name="T995"/><temp name="T1096"/><temp name="T928"/><temp name="T1036"/><temp name="T940"/><temp name="T1065"/><temp name="T931"/><temp name="T991"/><temp name="T951"/><temp name="T1003"/><temp name="T1005"/><temp name="T1120"/></temps><temps name="out"><temp name="T1146"/><temp name="T954"/><temp name="T1080"/><temp name="T980"/><temp name="T1071"/><temp name="T988"/><temp name="T920"/><temp name="T1063"/><temp name="T1032"/><temp name="T1026"/><temp name="T1020"/><temp name="T945"/><temp name="T1157"/><temp name="T972"/><temp name="T1131"/><temp name="T1134"/><temp name="T1140"/><temp name="T1055"/><temp name="T976"/><temp name="T916"/><temp name="T935"/><temp name="T1108"/><temp name="T1051"/><temp name="T966"/><temp name="T1040"/><temp name="T1074"/><temp name="T1123"/><temp name="T1060"/><temp name="T1086"/><temp name="T1125"/><temp name="T912"/><temp name="T1014"/><temp name="T1011"/><temp name="T1048"/><temp name="T1111"/><temp name="T943"/><temp name="T1115"/><temp name="T1000"/><temp name="T6"/><temp name="T960"/><temp name="T1092"/><temp name="T1100"/><temp name="T1152"/><temp name="T995"/><temp name="T1096"/><temp name="T928"/><temp name="T1036"/><temp name="T940"/><temp name="T1065"/><temp name="T907"/><temp name="T931"/><temp name="T991"/><temp name="T951"/><temp name="T1003"/><temp name="T1005"/><temp name="T1120"/></temps></instruction><instruction code="OR T33, T907, 0"><temps name="use"><temp name="T907"/></temps><temps name="def"><temp name="T33"/></temps><temps name="in"><temp name="T1146"/><temp name="T954"/><temp name="T1080"/><temp name="T980"/><temp name="T1071"/><temp name="T988"/><temp name="T920"/><temp name="T1063"/><temp name="T1032"/><temp name="T1026"/><temp name="T1020"/><temp name="T945"/><temp name="T1157"/><temp name="T972"/><temp name="T1131"/><temp name="T1134"/><temp name="T1140"/><temp name="T1055"/><temp name="T976"/><temp name="T916"/><temp name="T935"/><temp name="T1108"/><temp name="T1051"/><temp name="T966"/><temp name="T1040"/><temp name="T1074"/><temp name="T1123"/><temp name="T1060"/><temp name="T1086"/><temp name="T1125"/><temp name="T912"/><temp name="T1014"/><temp name="T1011"/><temp name="T1048"/><temp name="T1111"/><temp name="T943"/><temp name="T1115"/><temp name="T1000"/><temp name="T6"/><temp name="T960"/><temp name="T1092"/><temp name="T1100"/><temp name="T1152"/><temp name="T995"/><temp name="T1096"/><temp name="T928"/><temp name="T1036"/><temp name="T940"/><temp name="T1065"/><temp name="T907"/><temp name="T931"/><temp name="T991"/><temp name="T951"/><temp name="T1003"/><temp name="T1005"/><temp name="T1120"/></temps><temps name="out"><temp name="T1146"/><temp name="T954"/><temp name="T1080"/><temp name="T980"/><temp name="T1071"/><temp name="T988"/><temp name="T920"/><temp name="T1063"/><temp name="T1032"/><temp name="T1026"/><temp name="T1020"/><temp name="T945"/><temp name="T1157"/><temp name="T972"/><temp name="T1131"/><temp name="T1134"/><temp name="T1140"/><temp name="T1055"/><temp name="T976"/><temp name="T916"/><temp name="T935"/><temp name="T1108"/><temp name="T1051"/><temp name="T966"/><temp name="T1040"/><temp name="T1074"/><temp name="T1123"/><temp name="T1060"/><temp name="T1086"/><temp name="T1125"/><temp name="T912"/><temp name="T1014"/><temp name="T1011"/><temp name="T1048"/><temp name="T1111"/><temp name="T943"/><temp name="T1115"/><temp name="T1000"/><temp name="T6"/><temp name="T960"/><temp name="T1092"/><temp name="T1100"/><temp name="T1152"/><temp name="T995"/><temp name="T1096"/><temp name="T928"/><temp name="T1036"/><temp name="T940"/><temp name="T1065"/><temp name="T33"/><temp name="T931"/><temp name="T991"/><temp name="T951"/><temp name="T1003"/><temp name="T1005"/><temp name="T1120"/></temps></instruction><instruction code="SETL  T908, 10"><temps name="use"/><temps name="def"><temp name="T908"/></temps><temps name="in"><temp name="T1146"/><temp name="T954"/><temp name="T1080"/><temp name="T980"/><temp name="T1071"/><temp name="T988"/><temp name="T920"/><temp name="T1063"/><temp name="T1032"/><temp name="T1026"/><temp name="T1020"/><temp name="T945"/><temp name="T1157"/><temp name="T972"/><temp name="T1131"/><temp name="T1134"/><temp name="T1140"/><temp name="T1055"/><temp name="T976"/><temp name="T916"/><temp name="T935"/><temp name="T1108"/><temp name="T1051"/><temp name="T966"/><temp name="T1040"/><temp name="T1074"/><temp name="T1123"/><temp name="T1060"/><temp name="T1086"/><temp name="T1125"/><temp name="T912"/><temp name="T1014"/><temp name="T1011"/><temp name="T1048"/><temp name="T1111"/><temp name="T943"/><temp name="T1115"/><temp name="T1000"/><temp name="T6"/><temp name="T960"/><temp name="T1092"/><temp name="T1100"/><temp name="T1152"/><temp name="T995"/><temp name="T1096"/><temp name="T928"/><temp name="T1036"/><temp name="T940"/><temp name="T1065"/><temp name="T33"/><temp name="T931"/><temp name="T991"/><temp name="T951"/><temp name="T1003"/><temp name="T1005"/><temp name="T1120"/></temps><temps name="out"><temp name="T1146"/><temp name="T954"/><temp name="T1080"/><temp name="T980"/><temp name="T1071"/><temp name="T988"/><temp name="T920"/><temp name="T1063"/><temp name="T1032"/><temp name="T1026"/><temp name="T1020"/><temp name="T945"/><temp name="T1157"/><temp name="T972"/><temp name="T1131"/><temp name="T1134"/><temp name="T1140"/><temp name="T1055"/><temp name="T976"/><temp name="T916"/><temp name="T935"/><temp name="T1108"/><temp name="T1051"/><temp name="T966"/><temp name="T1040"/><temp name="T1074"/><temp name="T1123"/><temp name="T1060"/><temp name="T1086"/><temp name="T1125"/><temp name="T912"/><temp name="T1014"/><temp name="T1011"/><temp name="T1048"/><temp name="T1111"/><temp name="T943"/><temp name="T1115"/><temp name="T1000"/><temp name="T6"/><temp name="T960"/><temp name="T1092"/><temp name="T1100"/><temp name="T1152"/><temp name="T995"/><temp name="T1096"/><temp name="T928"/><temp name="T1036"/><temp name="T940"/><temp name="T1065"/><temp name="T33"/><temp name="T931"/><temp name="T991"/><temp name="T951"/><temp name="T1003"/><temp name="T1005"/><temp name="T1120"/></temps></instruction><instruction code="INCML T908, 0"><temps name="use"/><temps name="def"><temp name="T908"/></temps><temps name="in"><temp name="T1146"/><temp name="T954"/><temp name="T1080"/><temp name="T980"/><temp name="T1071"/><temp name="T988"/><temp name="T920"/><temp name="T1063"/><temp name="T1032"/><temp name="T1026"/><temp name="T1020"/><temp name="T945"/><temp name="T1157"/><temp name="T972"/><temp name="T1131"/><temp name="T1134"/><temp name="T1140"/><temp name="T1055"/><temp name="T976"/><temp name="T916"/><temp name="T935"/><temp name="T1108"/><temp name="T1051"/><temp name="T966"/><temp name="T1040"/><temp name="T1074"/><temp name="T1123"/><temp name="T1060"/><temp name="T1086"/><temp name="T1125"/><temp name="T912"/><temp name="T1014"/><temp name="T1011"/><temp name="T1048"/><temp name="T1111"/><temp name="T943"/><temp name="T1115"/><temp name="T1000"/><temp name="T6"/><temp name="T960"/><temp name="T1092"/><temp name="T1100"/><temp name="T1152"/><temp name="T995"/><temp name="T1096"/><temp name="T928"/><temp name="T1036"/><temp name="T940"/><temp name="T1065"/><temp name="T33"/><temp name="T931"/><temp name="T991"/><temp name="T951"/><temp name="T1003"/><temp name="T1005"/><temp name="T1120"/></temps><temps name="out"><temp name="T1146"/><temp name="T954"/><temp name="T1080"/><temp name="T980"/><temp name="T1071"/><temp name="T988"/><temp name="T920"/><temp name="T1063"/><temp name="T1032"/><temp name="T1026"/><temp name="T1020"/><temp name="T945"/><temp name="T1157"/><temp name="T972"/><temp name="T1131"/><temp name="T1134"/><temp name="T1140"/><temp name="T1055"/><temp name="T976"/><temp name="T916"/><temp name="T935"/><temp name="T1108"/><temp name="T1051"/><temp name="T966"/><temp name="T1040"/><temp name="T1074"/><temp name="T1123"/><temp name="T1060"/><temp name="T1086"/><temp name="T1125"/><temp name="T912"/><temp name="T1014"/><temp name="T1011"/><temp name="T1048"/><temp name="T1111"/><temp name="T943"/><temp name="T1115"/><temp name="T1000"/><temp name="T6"/><temp name="T960"/><temp name="T1092"/><temp name="T1100"/><temp name="T1152"/><temp name="T995"/><temp name="T1096"/><temp name="T928"/><temp name="T1036"/><temp name="T940"/><temp name="T1065"/><temp name="T33"/><temp name="T931"/><temp name="T991"/><temp name="T951"/><temp name="T1003"/><temp name="T1005"/><temp name="T1120"/></temps></instruction><instruction code="INCMH T908, 0"><temps name="use"/><temps name="def"><temp name="T908"/></temps><temps name="in"><temp name="T1146"/><temp name="T954"/><temp name="T1080"/><temp name="T980"/><temp name="T1071"/><temp name="T988"/><temp name="T920"/><temp name="T1063"/><temp name="T1032"/><temp name="T1026"/><temp name="T1020"/><temp name="T945"/><temp name="T1157"/><temp name="T972"/><temp name="T1131"/><temp name="T1134"/><temp name="T1140"/><temp name="T1055"/><temp name="T976"/><temp name="T916"/><temp name="T935"/><temp name="T1108"/><temp name="T1051"/><temp name="T966"/><temp name="T1040"/><temp name="T1074"/><temp name="T1123"/><temp name="T1060"/><temp name="T1086"/><temp name="T1125"/><temp name="T912"/><temp name="T1014"/><temp name="T1011"/><temp name="T1048"/><temp name="T1111"/><temp name="T943"/><temp name="T1115"/><temp name="T1000"/><temp name="T6"/><temp name="T960"/><temp name="T1092"/><temp name="T1100"/><temp name="T1152"/><temp name="T995"/><temp name="T1096"/><temp name="T928"/><temp name="T1036"/><temp name="T940"/><temp name="T1065"/><temp name="T33"/><temp name="T931"/><temp name="T991"/><temp name="T951"/><temp name="T1003"/><temp name="T1005"/><temp name="T1120"/></temps><temps name="out"><temp name="T1146"/><temp name="T954"/><temp name="T1080"/><temp name="T980"/><temp name="T1071"/><temp name="T988"/><temp name="T920"/><temp name="T1063"/><temp name="T1032"/><temp name="T1026"/><temp name="T1020"/><temp name="T945"/><temp name="T1157"/><temp name="T972"/><temp name="T1131"/><temp name="T1134"/><temp name="T1140"/><temp name="T1055"/><temp name="T976"/><temp name="T916"/><temp name="T935"/><temp name="T1108"/><temp name="T1051"/><temp name="T966"/><temp name="T1040"/><temp name="T1074"/><temp name="T1123"/><temp name="T1060"/><temp name="T1086"/><temp name="T1125"/><temp name="T912"/><temp name="T1014"/><temp name="T1011"/><temp name="T1048"/><temp name="T1111"/><temp name="T943"/><temp name="T1115"/><temp name="T1000"/><temp name="T6"/><temp name="T960"/><temp name="T1092"/><temp name="T1100"/><temp name="T1152"/><temp name="T995"/><temp name="T1096"/><temp name="T928"/><temp name="T1036"/><temp name="T940"/><temp name="T1065"/><temp name="T33"/><temp name="T931"/><temp name="T991"/><temp name="T951"/><temp name="T1003"/><temp name="T1005"/><temp name="T1120"/></temps></instruction><instruction code="INCH  T908, 0"><temps name="use"/><temps name="def"><temp name="T908"/></temps><temps name="in"><temp name="T1146"/><temp name="T954"/><temp name="T1080"/><temp name="T980"/><temp name="T1071"/><temp name="T988"/><temp name="T920"/><temp name="T1063"/><temp name="T1032"/><temp name="T1026"/><temp name="T1020"/><temp name="T945"/><temp name="T1157"/><temp name="T972"/><temp name="T1131"/><temp name="T1134"/><temp name="T1140"/><temp name="T1055"/><temp name="T976"/><temp name="T916"/><temp name="T935"/><temp name="T1108"/><temp name="T1051"/><temp name="T966"/><temp name="T1040"/><temp name="T1074"/><temp name="T1123"/><temp name="T1060"/><temp name="T1086"/><temp name="T1125"/><temp name="T912"/><temp name="T1014"/><temp name="T1011"/><temp name="T1048"/><temp name="T1111"/><temp name="T943"/><temp name="T1115"/><temp name="T1000"/><temp name="T6"/><temp name="T960"/><temp name="T1092"/><temp name="T1100"/><temp name="T1152"/><temp name="T995"/><temp name="T1096"/><temp name="T928"/><temp name="T1036"/><temp name="T940"/><temp name="T1065"/><temp name="T33"/><temp name="T931"/><temp name="T991"/><temp name="T951"/><temp name="T1003"/><temp name="T1005"/><temp name="T1120"/></temps><temps name="out"><temp name="T1146"/><temp name="T954"/><temp name="T1080"/><temp name="T980"/><temp name="T1071"/><temp name="T908"/><temp name="T988"/><temp name="T920"/><temp name="T1063"/><temp name="T1032"/><temp name="T1026"/><temp name="T1020"/><temp name="T945"/><temp name="T1157"/><temp name="T972"/><temp name="T1131"/><temp name="T1134"/><temp name="T1140"/><temp name="T1055"/><temp name="T976"/><temp name="T916"/><temp name="T935"/><temp name="T1108"/><temp name="T1051"/><temp name="T966"/><temp name="T1040"/><temp name="T1074"/><temp name="T1123"/><temp name="T1060"/><temp name="T1086"/><temp name="T1125"/><temp name="T912"/><temp name="T1014"/><temp name="T1011"/><temp name="T1048"/><temp name="T1111"/><temp name="T943"/><temp name="T1115"/><temp name="T1000"/><temp name="T6"/><temp name="T960"/><temp name="T1092"/><temp name="T1100"/><temp name="T1152"/><temp name="T995"/><temp name="T1096"/><temp name="T928"/><temp name="T1036"/><temp name="T940"/><temp name="T1065"/><temp name="T33"/><temp name="T931"/><temp name="T991"/><temp name="T951"/><temp name="T1003"/><temp name="T1005"/><temp name="T1120"/></temps></instruction><instruction code="OR T34, T908, 0"><temps name="use"><temp name="T908"/></temps><temps name="def"><temp name="T34"/></temps><temps name="in"><temp name="T1146"/><temp name="T954"/><temp name="T1080"/><temp name="T980"/><temp name="T1071"/><temp name="T908"/><temp name="T988"/><temp name="T920"/><temp name="T1063"/><temp name="T1032"/><temp name="T1026"/><temp name="T1020"/><temp name="T945"/><temp name="T1157"/><temp name="T972"/><temp name="T1131"/><temp name="T1134"/><temp name="T1140"/><temp name="T1055"/><temp name="T976"/><temp name="T916"/><temp name="T935"/><temp name="T1108"/><temp name="T1051"/><temp name="T966"/><temp name="T1040"/><temp name="T1074"/><temp name="T1123"/><temp name="T1060"/><temp name="T1086"/><temp name="T1125"/><temp name="T912"/><temp name="T1014"/><temp name="T1011"/><temp name="T1048"/><temp name="T1111"/><temp name="T943"/><temp name="T1115"/><temp name="T1000"/><temp name="T6"/><temp name="T960"/><temp name="T1092"/><temp name="T1100"/><temp name="T1152"/><temp name="T995"/><temp name="T1096"/><temp name="T928"/><temp name="T1036"/><temp name="T940"/><temp name="T1065"/><temp name="T33"/><temp name="T931"/><temp name="T991"/><temp name="T951"/><temp name="T1003"/><temp name="T1005"/><temp name="T1120"/></temps><temps name="out"><temp name="T1146"/><temp name="T954"/><temp name="T1080"/><temp name="T980"/><temp name="T1071"/><temp name="T988"/><temp name="T920"/><temp name="T1063"/><temp name="T1032"/><temp name="T1026"/><temp name="T1020"/><temp name="T945"/><temp name="T1157"/><temp name="T972"/><temp name="T1131"/><temp name="T1134"/><temp name="T1140"/><temp name="T34"/><temp name="T1055"/><temp name="T976"/><temp name="T916"/><temp name="T935"/><temp name="T1108"/><temp name="T1051"/><temp name="T966"/><temp name="T1040"/><temp name="T1074"/><temp name="T1123"/><temp name="T1060"/><temp name="T1086"/><temp name="T1125"/><temp name="T912"/><temp name="T1014"/><temp name="T1011"/><temp name="T1048"/><temp name="T1111"/><temp name="T943"/><temp name="T1115"/><temp name="T1000"/><temp name="T6"/><temp name="T960"/><temp name="T1092"/><temp name="T1100"/><temp name="T1152"/><temp name="T995"/><temp name="T1096"/><temp name="T928"/><temp name="T1036"/><temp name="T940"/><temp name="T1065"/><temp name="T33"/><temp name="T931"/><temp name="T991"/><temp name="T951"/><temp name="T1003"/><temp name="T1005"/><temp name="T1120"/></temps></instruction><instruction code="SETL  T909, 256"><temps name="use"/><temps name="def"><temp name="T909"/></temps><temps name="in"><temp name="T1146"/><temp name="T954"/><temp name="T1080"/><temp name="T980"/><temp name="T1071"/><temp name="T988"/><temp name="T920"/><temp name="T1063"/><temp name="T1032"/><temp name="T1026"/><temp name="T1020"/><temp name="T945"/><temp name="T1157"/><temp name="T972"/><temp name="T1131"/><temp name="T1134"/><temp name="T1140"/><temp name="T34"/><temp name="T1055"/><temp name="T976"/><temp name="T916"/><temp name="T935"/><temp name="T1108"/><temp name="T1051"/><temp name="T966"/><temp name="T1040"/><temp name="T1074"/><temp name="T1123"/><temp name="T1060"/><temp name="T1086"/><temp name="T1125"/><temp name="T912"/><temp name="T1014"/><temp name="T1011"/><temp name="T1048"/><temp name="T1111"/><temp name="T943"/><temp name="T1115"/><temp name="T1000"/><temp name="T6"/><temp name="T960"/><temp name="T1092"/><temp name="T1100"/><temp name="T1152"/><temp name="T995"/><temp name="T1096"/><temp name="T928"/><temp name="T1036"/><temp name="T940"/><temp name="T1065"/><temp name="T33"/><temp name="T931"/><temp name="T991"/><temp name="T951"/><temp name="T1003"/><temp name="T1005"/><temp name="T1120"/></temps><temps name="out"><temp name="T1146"/><temp name="T954"/><temp name="T1080"/><temp name="T980"/><temp name="T1071"/><temp name="T988"/><temp name="T920"/><temp name="T1063"/><temp name="T1032"/><temp name="T1026"/><temp name="T1020"/><temp name="T945"/><temp name="T1157"/><temp name="T972"/><temp name="T1131"/><temp name="T1134"/><temp name="T1140"/><temp name="T34"/><temp name="T1055"/><temp name="T976"/><temp name="T916"/><temp name="T935"/><temp name="T1108"/><temp name="T1051"/><temp name="T966"/><temp name="T1040"/><temp name="T1074"/><temp name="T1123"/><temp name="T1060"/><temp name="T1086"/><temp name="T1125"/><temp name="T912"/><temp name="T1014"/><temp name="T1011"/><temp name="T1048"/><temp name="T1111"/><temp name="T943"/><temp name="T1115"/><temp name="T1000"/><temp name="T6"/><temp name="T960"/><temp name="T1092"/><temp name="T1100"/><temp name="T1152"/><temp name="T995"/><temp name="T1096"/><temp name="T928"/><temp name="T1036"/><temp name="T940"/><temp name="T1065"/><temp name="T33"/><temp name="T931"/><temp name="T991"/><temp name="T951"/><temp name="T1003"/><temp name="T1005"/><temp name="T1120"/></temps></instruction><instruction code="INCML T909, 0"><temps name="use"/><temps name="def"><temp name="T909"/></temps><temps name="in"><temp name="T1146"/><temp name="T954"/><temp name="T1080"/><temp name="T980"/><temp name="T1071"/><temp name="T988"/><temp name="T920"/><temp name="T1063"/><temp name="T1032"/><temp name="T1026"/><temp name="T1020"/><temp name="T945"/><temp name="T1157"/><temp name="T972"/><temp name="T1131"/><temp name="T1134"/><temp name="T1140"/><temp name="T34"/><temp name="T1055"/><temp name="T976"/><temp name="T916"/><temp name="T935"/><temp name="T1108"/><temp name="T1051"/><temp name="T966"/><temp name="T1040"/><temp name="T1074"/><temp name="T1123"/><temp name="T1060"/><temp name="T1086"/><temp name="T1125"/><temp name="T912"/><temp name="T1014"/><temp name="T1011"/><temp name="T1048"/><temp name="T1111"/><temp name="T943"/><temp name="T1115"/><temp name="T1000"/><temp name="T6"/><temp name="T960"/><temp name="T1092"/><temp name="T1100"/><temp name="T1152"/><temp name="T995"/><temp name="T1096"/><temp name="T928"/><temp name="T1036"/><temp name="T940"/><temp name="T1065"/><temp name="T33"/><temp name="T931"/><temp name="T991"/><temp name="T951"/><temp name="T1003"/><temp name="T1005"/><temp name="T1120"/></temps><temps name="out"><temp name="T1146"/><temp name="T954"/><temp name="T1080"/><temp name="T980"/><temp name="T1071"/><temp name="T988"/><temp name="T920"/><temp name="T1063"/><temp name="T1032"/><temp name="T1026"/><temp name="T1020"/><temp name="T945"/><temp name="T1157"/><temp name="T972"/><temp name="T1131"/><temp name="T1134"/><temp name="T1140"/><temp name="T34"/><temp name="T1055"/><temp name="T976"/><temp name="T916"/><temp name="T935"/><temp name="T1108"/><temp name="T1051"/><temp name="T966"/><temp name="T1040"/><temp name="T1074"/><temp name="T1123"/><temp name="T1060"/><temp name="T1086"/><temp name="T1125"/><temp name="T912"/><temp name="T1014"/><temp name="T1011"/><temp name="T1048"/><temp name="T1111"/><temp name="T943"/><temp name="T1115"/><temp name="T1000"/><temp name="T6"/><temp name="T960"/><temp name="T1092"/><temp name="T1100"/><temp name="T1152"/><temp name="T995"/><temp name="T1096"/><temp name="T928"/><temp name="T1036"/><temp name="T940"/><temp name="T1065"/><temp name="T33"/><temp name="T931"/><temp name="T991"/><temp name="T951"/><temp name="T1003"/><temp name="T1005"/><temp name="T1120"/></temps></instruction><instruction code="INCMH T909, 0"><temps name="use"/><temps name="def"><temp name="T909"/></temps><temps name="in"><temp name="T1146"/><temp name="T954"/><temp name="T1080"/><temp name="T980"/><temp name="T1071"/><temp name="T988"/><temp name="T920"/><temp name="T1063"/><temp name="T1032"/><temp name="T1026"/><temp name="T1020"/><temp name="T945"/><temp name="T1157"/><temp name="T972"/><temp name="T1131"/><temp name="T1134"/><temp name="T1140"/><temp name="T34"/><temp name="T1055"/><temp name="T976"/><temp name="T916"/><temp name="T935"/><temp name="T1108"/><temp name="T1051"/><temp name="T966"/><temp name="T1040"/><temp name="T1074"/><temp name="T1123"/><temp name="T1060"/><temp name="T1086"/><temp name="T1125"/><temp name="T912"/><temp name="T1014"/><temp name="T1011"/><temp name="T1048"/><temp name="T1111"/><temp name="T943"/><temp name="T1115"/><temp name="T1000"/><temp name="T6"/><temp name="T960"/><temp name="T1092"/><temp name="T1100"/><temp name="T1152"/><temp name="T995"/><temp name="T1096"/><temp name="T928"/><temp name="T1036"/><temp name="T940"/><temp name="T1065"/><temp name="T33"/><temp name="T931"/><temp name="T991"/><temp name="T951"/><temp name="T1003"/><temp name="T1005"/><temp name="T1120"/></temps><temps name="out"><temp name="T1146"/><temp name="T954"/><temp name="T1080"/><temp name="T980"/><temp name="T1071"/><temp name="T988"/><temp name="T920"/><temp name="T1063"/><temp name="T1032"/><temp name="T1026"/><temp name="T1020"/><temp name="T945"/><temp name="T1157"/><temp name="T972"/><temp name="T1131"/><temp name="T1134"/><temp name="T1140"/><temp name="T34"/><temp name="T1055"/><temp name="T976"/><temp name="T916"/><temp name="T935"/><temp name="T1108"/><temp name="T1051"/><temp name="T966"/><temp name="T1040"/><temp name="T1074"/><temp name="T1123"/><temp name="T1060"/><temp name="T1086"/><temp name="T1125"/><temp name="T912"/><temp name="T1014"/><temp name="T1011"/><temp name="T1048"/><temp name="T1111"/><temp name="T943"/><temp name="T1115"/><temp name="T1000"/><temp name="T6"/><temp name="T960"/><temp name="T1092"/><temp name="T1100"/><temp name="T1152"/><temp name="T995"/><temp name="T1096"/><temp name="T928"/><temp name="T1036"/><temp name="T940"/><temp name="T1065"/><temp name="T33"/><temp name="T931"/><temp name="T991"/><temp name="T951"/><temp name="T1003"/><temp name="T1005"/><temp name="T1120"/></temps></instruction><instruction code="INCH  T909, 0"><temps name="use"/><temps name="def"><temp name="T909"/></temps><temps name="in"><temp name="T1146"/><temp name="T954"/><temp name="T1080"/><temp name="T980"/><temp name="T1071"/><temp name="T988"/><temp name="T920"/><temp name="T1063"/><temp name="T1032"/><temp name="T1026"/><temp name="T1020"/><temp name="T945"/><temp name="T1157"/><temp name="T972"/><temp name="T1131"/><temp name="T1134"/><temp name="T1140"/><temp name="T34"/><temp name="T1055"/><temp name="T976"/><temp name="T916"/><temp name="T935"/><temp name="T1108"/><temp name="T1051"/><temp name="T966"/><temp name="T1040"/><temp name="T1074"/><temp name="T1123"/><temp name="T1060"/><temp name="T1086"/><temp name="T1125"/><temp name="T912"/><temp name="T1014"/><temp name="T1011"/><temp name="T1048"/><temp name="T1111"/><temp name="T943"/><temp name="T1115"/><temp name="T1000"/><temp name="T6"/><temp name="T960"/><temp name="T1092"/><temp name="T1100"/><temp name="T1152"/><temp name="T995"/><temp name="T1096"/><temp name="T928"/><temp name="T1036"/><temp name="T940"/><temp name="T1065"/><temp name="T33"/><temp name="T931"/><temp name="T991"/><temp name="T951"/><temp name="T1003"/><temp name="T1005"/><temp name="T1120"/></temps><temps name="out"><temp name="T1146"/><temp name="T954"/><temp name="T1080"/><temp name="T980"/><temp name="T1071"/><temp name="T988"/><temp name="T920"/><temp name="T1063"/><temp name="T1032"/><temp name="T1026"/><temp name="T1020"/><temp name="T945"/><temp name="T1157"/><temp name="T972"/><temp name="T1131"/><temp name="T1134"/><temp name="T1140"/><temp name="T34"/><temp name="T1055"/><temp name="T976"/><temp name="T916"/><temp name="T935"/><temp name="T1108"/><temp name="T1051"/><temp name="T966"/><temp name="T1040"/><temp name="T1074"/><temp name="T1123"/><temp name="T1060"/><temp name="T909"/><temp name="T1086"/><temp name="T1125"/><temp name="T912"/><temp name="T1014"/><temp name="T1011"/><temp name="T1048"/><temp name="T1111"/><temp name="T943"/><temp name="T1115"/><temp name="T1000"/><temp name="T6"/><temp name="T960"/><temp name="T1092"/><temp name="T1100"/><temp name="T1152"/><temp name="T995"/><temp name="T1096"/><temp name="T928"/><temp name="T1036"/><temp name="T940"/><temp name="T1065"/><temp name="T33"/><temp name="T931"/><temp name="T991"/><temp name="T951"/><temp name="T1003"/><temp name="T1005"/><temp name="T1120"/></temps></instruction><instruction code="OR T35, T909, 0"><temps name="use"><temp name="T909"/></temps><temps name="def"><temp name="T35"/></temps><temps name="in"><temp name="T1146"/><temp name="T954"/><temp name="T1080"/><temp name="T980"/><temp name="T1071"/><temp name="T988"/><temp name="T920"/><temp name="T1063"/><temp name="T1032"/><temp name="T1026"/><temp name="T1020"/><temp name="T945"/><temp name="T1157"/><temp name="T972"/><temp name="T1131"/><temp name="T1134"/><temp name="T1140"/><temp name="T34"/><temp name="T1055"/><temp name="T976"/><temp name="T916"/><temp name="T935"/><temp name="T1108"/><temp name="T1051"/><temp name="T966"/><temp name="T1040"/><temp name="T1074"/><temp name="T1123"/><temp name="T1060"/><temp name="T909"/><temp name="T1086"/><temp name="T1125"/><temp name="T912"/><temp name="T1014"/><temp name="T1011"/><temp name="T1048"/><temp name="T1111"/><temp name="T943"/><temp name="T1115"/><temp name="T1000"/><temp name="T6"/><temp name="T960"/><temp name="T1092"/><temp name="T1100"/><temp name="T1152"/><temp name="T995"/><temp name="T1096"/><temp name="T928"/><temp name="T1036"/><temp name="T940"/><temp name="T1065"/><temp name="T33"/><temp name="T931"/><temp name="T991"/><temp name="T951"/><temp name="T1003"/><temp name="T1005"/><temp name="T1120"/></temps><temps name="out"><temp name="T1146"/><temp name="T954"/><temp name="T1080"/><temp name="T980"/><temp name="T1071"/><temp name="T988"/><temp name="T920"/><temp name="T1063"/><temp name="T1032"/><temp name="T1026"/><temp name="T1020"/><temp name="T945"/><temp name="T1157"/><temp name="T972"/><temp name="T1131"/><temp name="T1134"/><temp name="T35"/><temp name="T1140"/><temp name="T34"/><temp name="T1055"/><temp name="T976"/><temp name="T916"/><temp name="T935"/><temp name="T1108"/><temp name="T1051"/><temp name="T966"/><temp name="T1040"/><temp name="T1074"/><temp name="T1123"/><temp name="T1060"/><temp name="T1086"/><temp name="T1125"/><temp name="T912"/><temp name="T1014"/><temp name="T1011"/><temp name="T1048"/><temp name="T1111"/><temp name="T943"/><temp name="T1115"/><temp name="T1000"/><temp name="T6"/><temp name="T960"/><temp name="T1092"/><temp name="T1100"/><temp name="T1152"/><temp name="T995"/><temp name="T1096"/><temp name="T928"/><temp name="T1036"/><temp name="T940"/><temp name="T1065"/><temp name="T33"/><temp name="T931"/><temp name="T991"/><temp name="T951"/><temp name="T1003"/><temp name="T1005"/><temp name="T1120"/></temps></instruction><instruction code="DIV T910, T34, T35"><temps name="use"><temp name="T34"/><temp name="T35"/></temps><temps name="def"><temp name="T910"/></temps><temps name="in"><temp name="T1146"/><temp name="T954"/><temp name="T1080"/><temp name="T980"/><temp name="T1071"/><temp name="T988"/><temp name="T920"/><temp name="T1063"/><temp name="T1032"/><temp name="T1026"/><temp name="T1020"/><temp name="T945"/><temp name="T1157"/><temp name="T972"/><temp name="T1131"/><temp name="T1134"/><temp name="T35"/><temp name="T1140"/><temp name="T34"/><temp name="T1055"/><temp name="T976"/><temp name="T916"/><temp name="T935"/><temp name="T1108"/><temp name="T1051"/><temp name="T966"/><temp name="T1040"/><temp name="T1074"/><temp name="T1123"/><temp name="T1060"/><temp name="T1086"/><temp name="T1125"/><temp name="T912"/><temp name="T1014"/><temp name="T1011"/><temp name="T1048"/><temp name="T1111"/><temp name="T943"/><temp name="T1115"/><temp name="T1000"/><temp name="T6"/><temp name="T960"/><temp name="T1092"/><temp name="T1100"/><temp name="T1152"/><temp name="T995"/><temp name="T1096"/><temp name="T928"/><temp name="T1036"/><temp name="T940"/><temp name="T1065"/><temp name="T33"/><temp name="T931"/><temp name="T991"/><temp name="T951"/><temp name="T1003"/><temp name="T1005"/><temp name="T1120"/></temps><temps name="out"><temp name="T1146"/><temp name="T954"/><temp name="T1080"/><temp name="T980"/><temp name="T1071"/><temp name="T988"/><temp name="T920"/><temp name="T1063"/><temp name="T1032"/><temp name="T1026"/><temp name="T1020"/><temp name="T945"/><temp name="T1157"/><temp name="T972"/><temp name="T1131"/><temp name="T1134"/><temp name="T1140"/><temp name="T1055"/><temp name="T976"/><temp name="T916"/><temp name="T935"/><temp name="T1108"/><temp name="T1051"/><temp name="T966"/><temp name="T1040"/><temp name="T1074"/><temp name="T1123"/><temp name="T1060"/><temp name="T1086"/><temp name="T1125"/><temp name="T912"/><temp name="T1014"/><temp name="T1011"/><temp name="T1048"/><temp name="T1111"/><temp name="T943"/><temp name="T1115"/><temp name="T1000"/><temp name="T6"/><temp name="T960"/><temp name="T1092"/><temp name="T1100"/><temp name="T1152"/><temp name="T995"/><temp name="T1096"/><temp name="T928"/><temp name="T1036"/><temp name="T940"/><temp name="T1065"/><temp name="T33"/><temp name="T931"/><temp name="T991"/><temp name="T951"/><temp name="T1003"/><temp name="T1005"/><temp name="T1120"/></temps></instruction><instruction code="OR T910, rR, 0"><temps name="use"/><temps name="def"><temp name="T910"/></temps><temps name="in"><temp name="T1146"/><temp name="T954"/><temp name="T1080"/><temp name="T980"/><temp name="T1071"/><temp name="T988"/><temp name="T920"/><temp name="T1063"/><temp name="T1032"/><temp name="T1026"/><temp name="T1020"/><temp name="T945"/><temp name="T1157"/><temp name="T972"/><temp name="T1131"/><temp name="T1134"/><temp name="T1140"/><temp name="T1055"/><temp name="T976"/><temp name="T916"/><temp name="T935"/><temp name="T1108"/><temp name="T1051"/><temp name="T966"/><temp name="T1040"/><temp name="T1074"/><temp name="T1123"/><temp name="T1060"/><temp name="T1086"/><temp name="T1125"/><temp name="T912"/><temp name="T1014"/><temp name="T1011"/><temp name="T1048"/><temp name="T1111"/><temp name="T943"/><temp name="T1115"/><temp name="T1000"/><temp name="T6"/><temp name="T960"/><temp name="T1092"/><temp name="T1100"/><temp name="T1152"/><temp name="T995"/><temp name="T1096"/><temp name="T928"/><temp name="T1036"/><temp name="T940"/><temp name="T1065"/><temp name="T33"/><temp name="T931"/><temp name="T991"/><temp name="T951"/><temp name="T1003"/><temp name="T1005"/><temp name="T1120"/></temps><temps name="out"><temp name="T1146"/><temp name="T954"/><temp name="T1080"/><temp name="T980"/><temp name="T1071"/><temp name="T988"/><temp name="T920"/><temp name="T1063"/><temp name="T1032"/><temp name="T1026"/><temp name="T1020"/><temp name="T945"/><temp name="T1157"/><temp name="T972"/><temp name="T1131"/><temp name="T1134"/><temp name="T1140"/><temp name="T1055"/><temp name="T976"/><temp name="T916"/><temp name="T935"/><temp name="T1108"/><temp name="T1051"/><temp name="T966"/><temp name="T1040"/><temp name="T1074"/><temp name="T1123"/><temp name="T1060"/><temp name="T910"/><temp name="T1086"/><temp name="T1125"/><temp name="T912"/><temp name="T1014"/><temp name="T1011"/><temp name="T1048"/><temp name="T1111"/><temp name="T943"/><temp name="T1115"/><temp name="T1000"/><temp name="T6"/><temp name="T960"/><temp name="T1092"/><temp name="T1100"/><temp name="T1152"/><temp name="T995"/><temp name="T1096"/><temp name="T928"/><temp name="T1036"/><temp name="T940"/><temp name="T1065"/><temp name="T33"/><temp name="T931"/><temp name="T991"/><temp name="T951"/><temp name="T1003"/><temp name="T1005"/><temp name="T1120"/></temps></instruction><instruction code="OR T36, T910, 0"><temps name="use"><temp name="T910"/></temps><temps name="def"><temp name="T36"/></temps><temps name="in"><temp name="T1146"/><temp name="T954"/><temp name="T1080"/><temp name="T980"/><temp name="T1071"/><temp name="T988"/><temp name="T920"/><temp name="T1063"/><temp name="T1032"/><temp name="T1026"/><temp name="T1020"/><temp name="T945"/><temp name="T1157"/><temp name="T972"/><temp name="T1131"/><temp name="T1134"/><temp name="T1140"/><temp name="T1055"/><temp name="T976"/><temp name="T916"/><temp name="T935"/><temp name="T1108"/><temp name="T1051"/><temp name="T966"/><temp name="T1040"/><temp name="T1074"/><temp name="T1123"/><temp name="T1060"/><temp name="T910"/><temp name="T1086"/><temp name="T1125"/><temp name="T912"/><temp name="T1014"/><temp name="T1011"/><temp name="T1048"/><temp name="T1111"/><temp name="T943"/><temp name="T1115"/><temp name="T1000"/><temp name="T6"/><temp name="T960"/><temp name="T1092"/><temp name="T1100"/><temp name="T1152"/><temp name="T995"/><temp name="T1096"/><temp name="T928"/><temp name="T1036"/><temp name="T940"/><temp name="T1065"/><temp name="T33"/><temp name="T931"/><temp name="T991"/><temp name="T951"/><temp name="T1003"/><temp name="T1005"/><temp name="T1120"/></temps><temps name="out"><temp name="T1146"/><temp name="T954"/><temp name="T1080"/><temp name="T980"/><temp name="T1071"/><temp name="T988"/><temp name="T920"/><temp name="T1063"/><temp name="T1032"/><temp name="T1026"/><temp name="T1020"/><temp name="T945"/><temp name="T1157"/><temp name="T972"/><temp name="T1131"/><temp name="T1134"/><temp name="T1140"/><temp name="T1055"/><temp name="T976"/><temp name="T916"/><temp name="T935"/><temp name="T1108"/><temp name="T1051"/><temp name="T966"/><temp name="T1040"/><temp name="T1074"/><temp name="T1123"/><temp name="T1060"/><temp name="T1086"/><temp name="T1125"/><temp name="T912"/><temp name="T1014"/><temp name="T1011"/><temp name="T1048"/><temp name="T1111"/><temp name="T943"/><temp name="T1115"/><temp name="T1000"/><temp name="T6"/><temp name="T960"/><temp name="T1092"/><temp name="T1100"/><temp name="T1152"/><temp name="T995"/><temp name="T1096"/><temp name="T928"/><temp name="T1036"/><temp name="T36"/><temp name="T940"/><temp name="T1065"/><temp name="T33"/><temp name="T931"/><temp name="T991"/><temp name="T951"/><temp name="T1003"/><temp name="T1005"/><temp name="T1120"/></temps></instruction><instruction code="STO T33, $254, 8"><temps name="use"><temp name="T33"/></temps><temps name="def"/><temps name="in"><temp name="T1146"/><temp name="T954"/><temp name="T1080"/><temp name="T980"/><temp name="T1071"/><temp name="T988"/><temp name="T920"/><temp name="T1063"/><temp name="T1032"/><temp name="T1026"/><temp name="T1020"/><temp name="T945"/><temp name="T1157"/><temp name="T972"/><temp name="T1131"/><temp name="T1134"/><temp name="T1140"/><temp name="T1055"/><temp name="T976"/><temp name="T916"/><temp name="T935"/><temp name="T1108"/><temp name="T1051"/><temp name="T966"/><temp name="T1040"/><temp name="T1074"/><temp name="T1123"/><temp name="T1060"/><temp name="T1086"/><temp name="T1125"/><temp name="T912"/><temp name="T1014"/><temp name="T1011"/><temp name="T1048"/><temp name="T1111"/><temp name="T943"/><temp name="T1115"/><temp name="T1000"/><temp name="T6"/><temp name="T960"/><temp name="T1092"/><temp name="T1100"/><temp name="T1152"/><temp name="T995"/><temp name="T1096"/><temp name="T928"/><temp name="T1036"/><temp name="T36"/><temp name="T940"/><temp name="T1065"/><temp name="T33"/><temp name="T931"/><temp name="T991"/><temp name="T951"/><temp name="T1003"/><temp name="T1005"/><temp name="T1120"/></temps><temps name="out"><temp name="T1146"/><temp name="T954"/><temp name="T1080"/><temp name="T980"/><temp name="T1071"/><temp name="T988"/><temp name="T920"/><temp name="T1063"/><temp name="T1032"/><temp name="T1026"/><temp name="T1020"/><temp name="T945"/><temp name="T1157"/><temp name="T972"/><temp name="T1131"/><temp name="T1134"/><temp name="T1140"/><temp name="T1055"/><temp name="T976"/><temp name="T916"/><temp name="T935"/><temp name="T1108"/><temp name="T1051"/><temp name="T966"/><temp name="T1040"/><temp name="T1074"/><temp name="T1123"/><temp name="T1060"/><temp name="T1086"/><temp name="T1125"/><temp name="T912"/><temp name="T1014"/><temp name="T1011"/><temp name="T1048"/><temp name="T1111"/><temp name="T943"/><temp name="T1115"/><temp name="T1000"/><temp name="T6"/><temp name="T960"/><temp name="T1092"/><temp name="T1100"/><temp name="T1152"/><temp name="T995"/><temp name="T1096"/><temp name="T928"/><temp name="T1036"/><temp name="T36"/><temp name="T940"/><temp name="T1065"/><temp name="T931"/><temp name="T991"/><temp name="T951"/><temp name="T1003"/><temp name="T1005"/><temp name="T1120"/></temps></instruction><instruction code="STO T36, $254, 16"><temps name="use"><temp name="T36"/></temps><temps name="def"/><temps name="in"><temp name="T1146"/><temp name="T954"/><temp name="T1080"/><temp name="T980"/><temp name="T1071"/><temp name="T988"/><temp name="T920"/><temp name="T1063"/><temp name="T1032"/><temp name="T1026"/><temp name="T1020"/><temp name="T945"/><temp name="T1157"/><temp name="T972"/><temp name="T1131"/><temp name="T1134"/><temp name="T1140"/><temp name="T1055"/><temp name="T976"/><temp name="T916"/><temp name="T935"/><temp name="T1108"/><temp name="T1051"/><temp name="T966"/><temp name="T1040"/><temp name="T1074"/><temp name="T1123"/><temp name="T1060"/><temp name="T1086"/><temp name="T1125"/><temp name="T912"/><temp name="T1014"/><temp name="T1011"/><temp name="T1048"/><temp name="T1111"/><temp name="T943"/><temp name="T1115"/><temp name="T1000"/><temp name="T6"/><temp name="T960"/><temp name="T1092"/><temp name="T1100"/><temp name="T1152"/><temp name="T995"/><temp name="T1096"/><temp name="T928"/><temp name="T1036"/><temp name="T36"/><temp name="T940"/><temp name="T1065"/><temp name="T931"/><temp name="T991"/><temp name="T951"/><temp name="T1003"/><temp name="T1005"/><temp name="T1120"/></temps><temps name="out"><temp name="T1146"/><temp name="T954"/><temp name="T1080"/><temp name="T980"/><temp name="T1071"/><temp name="T988"/><temp name="T920"/><temp name="T1063"/><temp name="T1032"/><temp name="T1026"/><temp name="T1020"/><temp name="T945"/><temp name="T1157"/><temp name="T972"/><temp name="T1131"/><temp name="T1134"/><temp name="T1140"/><temp name="T1055"/><temp name="T976"/><temp name="T916"/><temp name="T935"/><temp name="T1108"/><temp name="T1051"/><temp name="T966"/><temp name="T1040"/><temp name="T1074"/><temp name="T1123"/><temp name="T1060"/><temp name="T1086"/><temp name="T1125"/><temp name="T912"/><temp name="T1014"/><temp name="T1011"/><temp name="T1048"/><temp name="T1111"/><temp name="T943"/><temp name="T1115"/><temp name="T1000"/><temp name="T6"/><temp name="T960"/><temp name="T1092"/><temp name="T1100"/><temp name="T1152"/><temp name="T995"/><temp name="T1096"/><temp name="T928"/><temp name="T1036"/><temp name="T940"/><temp name="T1065"/><temp name="T931"/><temp name="T991"/><temp name="T951"/><temp name="T1003"/><temp name="T1005"/><temp name="T1120"/></temps></instruction><instruction code="LDA T911, _putChar"><temps name="use"/><temps name="def"><temp name="T911"/></temps><temps name="in"><temp name="T1146"/><temp name="T954"/><temp name="T1080"/><temp name="T980"/><temp name="T1071"/><temp name="T988"/><temp name="T920"/><temp name="T1063"/><temp name="T1032"/><temp name="T1026"/><temp name="T1020"/><temp name="T945"/><temp name="T1157"/><temp name="T972"/><temp name="T1131"/><temp name="T1134"/><temp name="T1140"/><temp name="T1055"/><temp name="T976"/><temp name="T916"/><temp name="T935"/><temp name="T1108"/><temp name="T1051"/><temp name="T966"/><temp name="T1040"/><temp name="T1074"/><temp name="T1123"/><temp name="T1060"/><temp name="T1086"/><temp name="T1125"/><temp name="T912"/><temp name="T1014"/><temp name="T1011"/><temp name="T1048"/><temp name="T1111"/><temp name="T943"/><temp name="T1115"/><temp name="T1000"/><temp name="T6"/><temp name="T960"/><temp name="T1092"/><temp name="T1100"/><temp name="T1152"/><temp name="T995"/><temp name="T1096"/><temp name="T928"/><temp name="T1036"/><temp name="T940"/><temp name="T1065"/><temp name="T931"/><temp name="T991"/><temp name="T951"/><temp name="T1003"/><temp name="T1005"/><temp name="T1120"/></temps><temps name="out"><temp name="T1146"/><temp name="T954"/><temp name="T1080"/><temp name="T980"/><temp name="T1071"/><temp name="T988"/><temp name="T920"/><temp name="T1063"/><temp name="T1032"/><temp name="T1026"/><temp name="T1020"/><temp name="T945"/><temp name="T1157"/><temp name="T972"/><temp name="T1131"/><temp name="T1134"/><temp name="T1140"/><temp name="T1055"/><temp name="T976"/><temp name="T916"/><temp name="T935"/><temp name="T1108"/><temp name="T1051"/><temp name="T966"/><temp name="T1040"/><temp name="T1074"/><temp name="T1123"/><temp name="T1060"/><temp name="T1086"/><temp name="T1125"/><temp name="T912"/><temp name="T1014"/><temp name="T1011"/><temp name="T1048"/><temp name="T1111"/><temp name="T943"/><temp name="T1115"/><temp name="T1000"/><temp name="T6"/><temp name="T960"/><temp name="T1092"/><temp name="T1100"/><temp name="T1152"/><temp name="T995"/><temp name="T1096"/><temp name="T928"/><temp name="T1036"/><temp name="T911"/><temp name="T940"/><temp name="T1065"/><temp name="T931"/><temp name="T991"/><temp name="T951"/><temp name="T1003"/><temp name="T1005"/><temp name="T1120"/></temps></instruction><instruction code="PUSHJ $15, T911, 0"><temps name="use"><temp name="T911"/></temps><temps name="def"/><temps name="in"><temp name="T1146"/><temp name="T954"/><temp name="T1080"/><temp name="T980"/><temp name="T1071"/><temp name="T988"/><temp name="T920"/><temp name="T1063"/><temp name="T1032"/><temp name="T1026"/><temp name="T1020"/><temp name="T945"/><temp name="T1157"/><temp name="T972"/><temp name="T1131"/><temp name="T1134"/><temp name="T1140"/><temp name="T1055"/><temp name="T976"/><temp name="T916"/><temp name="T935"/><temp name="T1108"/><temp name="T1051"/><temp name="T966"/><temp name="T1040"/><temp name="T1074"/><temp name="T1123"/><temp name="T1060"/><temp name="T1086"/><temp name="T1125"/><temp name="T912"/><temp name="T1014"/><temp name="T1011"/><temp name="T1048"/><temp name="T1111"/><temp name="T943"/><temp name="T1115"/><temp name="T1000"/><temp name="T6"/><temp name="T960"/><temp name="T1092"/><temp name="T1100"/><temp name="T1152"/><temp name="T995"/><temp name="T1096"/><temp name="T928"/><temp name="T1036"/><temp name="T911"/><temp name="T940"/><temp name="T1065"/><temp name="T931"/><temp name="T991"/><temp name="T951"/><temp name="T1003"/><temp name="T1005"/><temp name="T1120"/></temps><temps name="out"><temp name="T1146"/><temp name="T954"/><temp name="T1080"/><temp name="T980"/><temp name="T1071"/><temp name="T988"/><temp name="T920"/><temp name="T1063"/><temp name="T1032"/><temp name="T1026"/><temp name="T1020"/><temp name="T945"/><temp name="T1157"/><temp name="T972"/><temp name="T1131"/><temp name="T1134"/><temp name="T1140"/><temp name="T1055"/><temp name="T976"/><temp name="T916"/><temp name="T935"/><temp name="T1108"/><temp name="T1051"/><temp name="T966"/><temp name="T1040"/><temp name="T1074"/><temp name="T1123"/><temp name="T1060"/><temp name="T1086"/><temp name="T1125"/><temp name="T912"/><temp name="T1014"/><temp name="T1011"/><temp name="T1048"/><temp name="T1111"/><temp name="T943"/><temp name="T1115"/><temp name="T1000"/><temp name="T6"/><temp name="T960"/><temp name="T1092"/><temp name="T1100"/><temp name="T1152"/><temp name="T995"/><temp name="T1096"/><temp name="T928"/><temp name="T1036"/><temp name="T940"/><temp name="T1065"/><temp name="T931"/><temp name="T991"/><temp name="T951"/><temp name="T1003"/><temp name="T1005"/><temp name="T1120"/></temps></instruction><instruction code="OR T37, T912, 0"><temps name="use"><temp name="T912"/></temps><temps name="def"><temp name="T37"/></temps><temps name="in"><temp name="T1146"/><temp name="T954"/><temp name="T1080"/><temp name="T980"/><temp name="T1071"/><temp name="T988"/><temp name="T920"/><temp name="T1063"/><temp name="T1032"/><temp name="T1026"/><temp name="T1020"/><temp name="T945"/><temp name="T1157"/><temp name="T972"/><temp name="T1131"/><temp name="T1134"/><temp name="T1140"/><temp name="T1055"/><temp name="T976"/><temp name="T916"/><temp name="T935"/><temp name="T1108"/><temp name="T1051"/><temp name="T966"/><temp name="T1040"/><temp name="T1074"/><temp name="T1123"/><temp name="T1060"/><temp name="T1086"/><temp name="T1125"/><temp name="T912"/><temp name="T1014"/><temp name="T1011"/><temp name="T1048"/><temp name="T1111"/><temp name="T943"/><temp name="T1115"/><temp name="T1000"/><temp name="T6"/><temp name="T960"/><temp name="T1092"/><temp name="T1100"/><temp name="T1152"/><temp name="T995"/><temp name="T1096"/><temp name="T928"/><temp name="T1036"/><temp name="T940"/><temp name="T1065"/><temp name="T931"/><temp name="T991"/><temp name="T951"/><temp name="T1003"/><temp name="T1005"/><temp name="T1120"/></temps><temps name="out"><temp name="T1146"/><temp name="T954"/><temp name="T1080"/><temp name="T980"/><temp name="T1071"/><temp name="T988"/><temp name="T920"/><temp name="T1063"/><temp name="T1032"/><temp name="T1026"/><temp name="T1020"/><temp name="T945"/><temp name="T1157"/><temp name="T972"/><temp name="T1131"/><temp name="T1134"/><temp name="T1140"/><temp name="T1055"/><temp name="T976"/><temp name="T916"/><temp name="T935"/><temp name="T1108"/><temp name="T1051"/><temp name="T966"/><temp name="T1040"/><temp name="T1074"/><temp name="T1123"/><temp name="T1060"/><temp name="T1086"/><temp name="T1125"/><temp name="T1014"/><temp name="T1011"/><temp name="T1048"/><temp name="T1111"/><temp name="T943"/><temp name="T1115"/><temp name="T1000"/><temp name="T6"/><temp name="T960"/><temp name="T1092"/><temp name="T1100"/><temp name="T1152"/><temp name="T995"/><temp name="T1096"/><temp name="T928"/><temp name="T1036"/><temp name="T940"/><temp name="T1065"/><temp name="T931"/><temp name="T991"/><temp name="T951"/><temp name="T1003"/><temp name="T1005"/><temp name="T1120"/></temps></instruction><instruction code="SETL  T913, 1"><temps name="use"/><temps name="def"><temp name="T913"/></temps><temps name="in"><temp name="T1146"/><temp name="T954"/><temp name="T1080"/><temp name="T980"/><temp name="T1071"/><temp name="T988"/><temp name="T920"/><temp name="T1063"/><temp name="T1032"/><temp name="T1026"/><temp name="T1020"/><temp name="T945"/><temp name="T1157"/><temp name="T972"/><temp name="T1131"/><temp name="T1134"/><temp name="T1140"/><temp name="T1055"/><temp name="T976"/><temp name="T916"/><temp name="T935"/><temp name="T1108"/><temp name="T1051"/><temp name="T966"/><temp name="T1040"/><temp name="T1074"/><temp name="T1123"/><temp name="T1060"/><temp name="T1086"/><temp name="T1125"/><temp name="T1014"/><temp name="T1011"/><temp name="T1048"/><temp name="T1111"/><temp name="T943"/><temp name="T1115"/><temp name="T1000"/><temp name="T6"/><temp name="T960"/><temp name="T1092"/><temp name="T1100"/><temp name="T1152"/><temp name="T995"/><temp name="T1096"/><temp name="T928"/><temp name="T1036"/><temp name="T940"/><temp name="T1065"/><temp name="T931"/><temp name="T991"/><temp name="T951"/><temp name="T1003"/><temp name="T1005"/><temp name="T1120"/></temps><temps name="out"><temp name="T1146"/><temp name="T954"/><temp name="T1080"/><temp name="T980"/><temp name="T1071"/><temp name="T988"/><temp name="T920"/><temp name="T1063"/><temp name="T1032"/><temp name="T1026"/><temp name="T1020"/><temp name="T945"/><temp name="T1157"/><temp name="T972"/><temp name="T1131"/><temp name="T1134"/><temp name="T1140"/><temp name="T1055"/><temp name="T976"/><temp name="T916"/><temp name="T935"/><temp name="T1108"/><temp name="T1051"/><temp name="T966"/><temp name="T1040"/><temp name="T1074"/><temp name="T1123"/><temp name="T1060"/><temp name="T1086"/><temp name="T1125"/><temp name="T1014"/><temp name="T1011"/><temp name="T1048"/><temp name="T1111"/><temp name="T943"/><temp name="T1115"/><temp name="T1000"/><temp name="T6"/><temp name="T960"/><temp name="T1092"/><temp name="T1100"/><temp name="T1152"/><temp name="T995"/><temp name="T1096"/><temp name="T928"/><temp name="T1036"/><temp name="T940"/><temp name="T1065"/><temp name="T931"/><temp name="T991"/><temp name="T951"/><temp name="T1003"/><temp name="T1005"/><temp name="T1120"/></temps></instruction><instruction code="INCML T913, 0"><temps name="use"/><temps name="def"><temp name="T913"/></temps><temps name="in"><temp name="T1146"/><temp name="T954"/><temp name="T1080"/><temp name="T980"/><temp name="T1071"/><temp name="T988"/><temp name="T920"/><temp name="T1063"/><temp name="T1032"/><temp name="T1026"/><temp name="T1020"/><temp name="T945"/><temp name="T1157"/><temp name="T972"/><temp name="T1131"/><temp name="T1134"/><temp name="T1140"/><temp name="T1055"/><temp name="T976"/><temp name="T916"/><temp name="T935"/><temp name="T1108"/><temp name="T1051"/><temp name="T966"/><temp name="T1040"/><temp name="T1074"/><temp name="T1123"/><temp name="T1060"/><temp name="T1086"/><temp name="T1125"/><temp name="T1014"/><temp name="T1011"/><temp name="T1048"/><temp name="T1111"/><temp name="T943"/><temp name="T1115"/><temp name="T1000"/><temp name="T6"/><temp name="T960"/><temp name="T1092"/><temp name="T1100"/><temp name="T1152"/><temp name="T995"/><temp name="T1096"/><temp name="T928"/><temp name="T1036"/><temp name="T940"/><temp name="T1065"/><temp name="T931"/><temp name="T991"/><temp name="T951"/><temp name="T1003"/><temp name="T1005"/><temp name="T1120"/></temps><temps name="out"><temp name="T1146"/><temp name="T954"/><temp name="T1080"/><temp name="T980"/><temp name="T1071"/><temp name="T988"/><temp name="T920"/><temp name="T1063"/><temp name="T1032"/><temp name="T1026"/><temp name="T1020"/><temp name="T945"/><temp name="T1157"/><temp name="T972"/><temp name="T1131"/><temp name="T1134"/><temp name="T1140"/><temp name="T1055"/><temp name="T976"/><temp name="T916"/><temp name="T935"/><temp name="T1108"/><temp name="T1051"/><temp name="T966"/><temp name="T1040"/><temp name="T1074"/><temp name="T1123"/><temp name="T1060"/><temp name="T1086"/><temp name="T1125"/><temp name="T1014"/><temp name="T1011"/><temp name="T1048"/><temp name="T1111"/><temp name="T943"/><temp name="T1115"/><temp name="T1000"/><temp name="T6"/><temp name="T960"/><temp name="T1092"/><temp name="T1100"/><temp name="T1152"/><temp name="T995"/><temp name="T1096"/><temp name="T928"/><temp name="T1036"/><temp name="T940"/><temp name="T1065"/><temp name="T931"/><temp name="T991"/><temp name="T951"/><temp name="T1003"/><temp name="T1005"/><temp name="T1120"/></temps></instruction><instruction code="INCMH T913, 0"><temps name="use"/><temps name="def"><temp name="T913"/></temps><temps name="in"><temp name="T1146"/><temp name="T954"/><temp name="T1080"/><temp name="T980"/><temp name="T1071"/><temp name="T988"/><temp name="T920"/><temp name="T1063"/><temp name="T1032"/><temp name="T1026"/><temp name="T1020"/><temp name="T945"/><temp name="T1157"/><temp name="T972"/><temp name="T1131"/><temp name="T1134"/><temp name="T1140"/><temp name="T1055"/><temp name="T976"/><temp name="T916"/><temp name="T935"/><temp name="T1108"/><temp name="T1051"/><temp name="T966"/><temp name="T1040"/><temp name="T1074"/><temp name="T1123"/><temp name="T1060"/><temp name="T1086"/><temp name="T1125"/><temp name="T1014"/><temp name="T1011"/><temp name="T1048"/><temp name="T1111"/><temp name="T943"/><temp name="T1115"/><temp name="T1000"/><temp name="T6"/><temp name="T960"/><temp name="T1092"/><temp name="T1100"/><temp name="T1152"/><temp name="T995"/><temp name="T1096"/><temp name="T928"/><temp name="T1036"/><temp name="T940"/><temp name="T1065"/><temp name="T931"/><temp name="T991"/><temp name="T951"/><temp name="T1003"/><temp name="T1005"/><temp name="T1120"/></temps><temps name="out"><temp name="T1146"/><temp name="T954"/><temp name="T1080"/><temp name="T980"/><temp name="T1071"/><temp name="T988"/><temp name="T920"/><temp name="T1063"/><temp name="T1032"/><temp name="T1026"/><temp name="T1020"/><temp name="T945"/><temp name="T1157"/><temp name="T972"/><temp name="T1131"/><temp name="T1134"/><temp name="T1140"/><temp name="T1055"/><temp name="T976"/><temp name="T916"/><temp name="T935"/><temp name="T1108"/><temp name="T1051"/><temp name="T966"/><temp name="T1040"/><temp name="T1074"/><temp name="T1123"/><temp name="T1060"/><temp name="T1086"/><temp name="T1125"/><temp name="T1014"/><temp name="T1011"/><temp name="T1048"/><temp name="T1111"/><temp name="T943"/><temp name="T1115"/><temp name="T1000"/><temp name="T6"/><temp name="T960"/><temp name="T1092"/><temp name="T1100"/><temp name="T1152"/><temp name="T995"/><temp name="T1096"/><temp name="T928"/><temp name="T1036"/><temp name="T940"/><temp name="T1065"/><temp name="T931"/><temp name="T991"/><temp name="T951"/><temp name="T1003"/><temp name="T1005"/><temp name="T1120"/></temps></instruction><instruction code="INCH  T913, 0"><temps name="use"/><temps name="def"><temp name="T913"/></temps><temps name="in"><temp name="T1146"/><temp name="T954"/><temp name="T1080"/><temp name="T980"/><temp name="T1071"/><temp name="T988"/><temp name="T920"/><temp name="T1063"/><temp name="T1032"/><temp name="T1026"/><temp name="T1020"/><temp name="T945"/><temp name="T1157"/><temp name="T972"/><temp name="T1131"/><temp name="T1134"/><temp name="T1140"/><temp name="T1055"/><temp name="T976"/><temp name="T916"/><temp name="T935"/><temp name="T1108"/><temp name="T1051"/><temp name="T966"/><temp name="T1040"/><temp name="T1074"/><temp name="T1123"/><temp name="T1060"/><temp name="T1086"/><temp name="T1125"/><temp name="T1014"/><temp name="T1011"/><temp name="T1048"/><temp name="T1111"/><temp name="T943"/><temp name="T1115"/><temp name="T1000"/><temp name="T6"/><temp name="T960"/><temp name="T1092"/><temp name="T1100"/><temp name="T1152"/><temp name="T995"/><temp name="T1096"/><temp name="T928"/><temp name="T1036"/><temp name="T940"/><temp name="T1065"/><temp name="T931"/><temp name="T991"/><temp name="T951"/><temp name="T1003"/><temp name="T1005"/><temp name="T1120"/></temps><temps name="out"><temp name="T1146"/><temp name="T954"/><temp name="T1080"/><temp name="T980"/><temp name="T1071"/><temp name="T988"/><temp name="T920"/><temp name="T1063"/><temp name="T1032"/><temp name="T1026"/><temp name="T1020"/><temp name="T945"/><temp name="T1157"/><temp name="T972"/><temp name="T1131"/><temp name="T1134"/><temp name="T1140"/><temp name="T1055"/><temp name="T976"/><temp name="T916"/><temp name="T935"/><temp name="T1108"/><temp name="T1051"/><temp name="T966"/><temp name="T1040"/><temp name="T1074"/><temp name="T1123"/><temp name="T1060"/><temp name="T1086"/><temp name="T1125"/><temp name="T913"/><temp name="T1014"/><temp name="T1011"/><temp name="T1048"/><temp name="T1111"/><temp name="T943"/><temp name="T1115"/><temp name="T1000"/><temp name="T6"/><temp name="T960"/><temp name="T1092"/><temp name="T1100"/><temp name="T1152"/><temp name="T995"/><temp name="T1096"/><temp name="T928"/><temp name="T1036"/><temp name="T940"/><temp name="T1065"/><temp name="T931"/><temp name="T991"/><temp name="T951"/><temp name="T1003"/><temp name="T1005"/><temp name="T1120"/></temps></instruction><instruction code="OR T38, T913, 0"><temps name="use"><temp name="T913"/></temps><temps name="def"><temp name="T38"/></temps><temps name="in"><temp name="T1146"/><temp name="T954"/><temp name="T1080"/><temp name="T980"/><temp name="T1071"/><temp name="T988"/><temp name="T920"/><temp name="T1063"/><temp name="T1032"/><temp name="T1026"/><temp name="T1020"/><temp name="T945"/><temp name="T1157"/><temp name="T972"/><temp name="T1131"/><temp name="T1134"/><temp name="T1140"/><temp name="T1055"/><temp name="T976"/><temp name="T916"/><temp name="T935"/><temp name="T1108"/><temp name="T1051"/><temp name="T966"/><temp name="T1040"/><temp name="T1074"/><temp name="T1123"/><temp name="T1060"/><temp name="T1086"/><temp name="T1125"/><temp name="T913"/><temp name="T1014"/><temp name="T1011"/><temp name="T1048"/><temp name="T1111"/><temp name="T943"/><temp name="T1115"/><temp name="T1000"/><temp name="T6"/><temp name="T960"/><temp name="T1092"/><temp name="T1100"/><temp name="T1152"/><temp name="T995"/><temp name="T1096"/><temp name="T928"/><temp name="T1036"/><temp name="T940"/><temp name="T1065"/><temp name="T931"/><temp name="T991"/><temp name="T951"/><temp name="T1003"/><temp name="T1005"/><temp name="T1120"/></temps><temps name="out"><temp name="T1146"/><temp name="T954"/><temp name="T1080"/><temp name="T980"/><temp name="T1071"/><temp name="T988"/><temp name="T920"/><temp name="T1063"/><temp name="T1032"/><temp name="T1026"/><temp name="T1020"/><temp name="T945"/><temp name="T1157"/><temp name="T972"/><temp name="T1131"/><temp name="T1134"/><temp name="T1140"/><temp name="T38"/><temp name="T1055"/><temp name="T976"/><temp name="T916"/><temp name="T935"/><temp name="T1108"/><temp name="T1051"/><temp name="T966"/><temp name="T1040"/><temp name="T1074"/><temp name="T1123"/><temp name="T1060"/><temp name="T1086"/><temp name="T1125"/><temp name="T1014"/><temp name="T1011"/><temp name="T1048"/><temp name="T1111"/><temp name="T943"/><temp name="T1115"/><temp name="T1000"/><temp name="T6"/><temp name="T960"/><temp name="T1092"/><temp name="T1100"/><temp name="T1152"/><temp name="T995"/><temp name="T1096"/><temp name="T928"/><temp name="T1036"/><temp name="T940"/><temp name="T1065"/><temp name="T931"/><temp name="T991"/><temp name="T951"/><temp name="T1003"/><temp name="T1005"/><temp name="T1120"/></temps></instruction><instruction code="LDO T917, T916, 0"><temps name="use"><temp name="T916"/></temps><temps name="def"><temp name="T917"/></temps><temps name="in"><temp name="T1146"/><temp name="T954"/><temp name="T1080"/><temp name="T980"/><temp name="T1071"/><temp name="T988"/><temp name="T920"/><temp name="T1063"/><temp name="T1032"/><temp name="T1026"/><temp name="T1020"/><temp name="T945"/><temp name="T1157"/><temp name="T972"/><temp name="T1131"/><temp name="T1134"/><temp name="T1140"/><temp name="T38"/><temp name="T1055"/><temp name="T976"/><temp name="T916"/><temp name="T935"/><temp name="T1108"/><temp name="T1051"/><temp name="T966"/><temp name="T1040"/><temp name="T1074"/><temp name="T1123"/><temp name="T1060"/><temp name="T1086"/><temp name="T1125"/><temp name="T1014"/><temp name="T1011"/><temp name="T1048"/><temp name="T1111"/><temp name="T943"/><temp name="T1115"/><temp name="T1000"/><temp name="T6"/><temp name="T960"/><temp name="T1092"/><temp name="T1100"/><temp name="T1152"/><temp name="T995"/><temp name="T1096"/><temp name="T928"/><temp name="T1036"/><temp name="T940"/><temp name="T1065"/><temp name="T931"/><temp name="T991"/><temp name="T951"/><temp name="T1003"/><temp name="T1005"/><temp name="T1120"/></temps><temps name="out"><temp name="T1146"/><temp name="T954"/><temp name="T1080"/><temp name="T980"/><temp name="T1071"/><temp name="T988"/><temp name="T920"/><temp name="T1063"/><temp name="T1032"/><temp name="T1026"/><temp name="T1020"/><temp name="T945"/><temp name="T1157"/><temp name="T972"/><temp name="T1131"/><temp name="T1134"/><temp name="T1140"/><temp name="T38"/><temp name="T1055"/><temp name="T976"/><temp name="T935"/><temp name="T1108"/><temp name="T1051"/><temp name="T966"/><temp name="T1040"/><temp name="T1074"/><temp name="T1123"/><temp name="T1060"/><temp name="T1086"/><temp name="T1125"/><temp name="T1014"/><temp name="T1011"/><temp name="T1048"/><temp name="T1111"/><temp name="T943"/><temp name="T1115"/><temp name="T1000"/><temp name="T6"/><temp name="T960"/><temp name="T1092"/><temp name="T1100"/><temp name="T1152"/><temp name="T995"/><temp name="T1096"/><temp name="T928"/><temp name="T1036"/><temp name="T940"/><temp name="T1065"/><temp name="T917"/><temp name="T931"/><temp name="T991"/><temp name="T951"/><temp name="T1003"/><temp name="T1005"/><temp name="T1120"/></temps></instruction><instruction code="STO T917, T38, 0"><temps name="use"><temp name="T917"/><temp name="T38"/></temps><temps name="def"/><temps name="in"><temp name="T1146"/><temp name="T954"/><temp name="T1080"/><temp name="T980"/><temp name="T1071"/><temp name="T988"/><temp name="T920"/><temp name="T1063"/><temp name="T1032"/><temp name="T1026"/><temp name="T1020"/><temp name="T945"/><temp name="T1157"/><temp name="T972"/><temp name="T1131"/><temp name="T1134"/><temp name="T1140"/><temp name="T38"/><temp name="T1055"/><temp name="T976"/><temp name="T935"/><temp name="T1108"/><temp name="T1051"/><temp name="T966"/><temp name="T1040"/><temp name="T1074"/><temp name="T1123"/><temp name="T1060"/><temp name="T1086"/><temp name="T1125"/><temp name="T1014"/><temp name="T1011"/><temp name="T1048"/><temp name="T1111"/><temp name="T943"/><temp name="T1115"/><temp name="T1000"/><temp name="T6"/><temp name="T960"/><temp name="T1092"/><temp name="T1100"/><temp name="T1152"/><temp name="T995"/><temp name="T1096"/><temp name="T928"/><temp name="T1036"/><temp name="T940"/><temp name="T1065"/><temp name="T917"/><temp name="T931"/><temp name="T991"/><temp name="T951"/><temp name="T1003"/><temp name="T1005"/><temp name="T1120"/></temps><temps name="out"><temp name="T1146"/><temp name="T954"/><temp name="T1080"/><temp name="T980"/><temp name="T1071"/><temp name="T988"/><temp name="T920"/><temp name="T1063"/><temp name="T1032"/><temp name="T1026"/><temp name="T1020"/><temp name="T945"/><temp name="T1157"/><temp name="T972"/><temp name="T1131"/><temp name="T1134"/><temp name="T1140"/><temp name="T1055"/><temp name="T976"/><temp name="T935"/><temp name="T1108"/><temp name="T1051"/><temp name="T966"/><temp name="T1040"/><temp name="T1074"/><temp name="T1123"/><temp name="T1060"/><temp name="T1086"/><temp name="T1125"/><temp name="T1014"/><temp name="T1011"/><temp name="T1048"/><temp name="T1111"/><temp name="T943"/><temp name="T1115"/><temp name="T1000"/><temp name="T6"/><temp name="T960"/><temp name="T1092"/><temp name="T1100"/><temp name="T1152"/><temp name="T995"/><temp name="T1096"/><temp name="T928"/><temp name="T1036"/><temp name="T940"/><temp name="T1065"/><temp name="T931"/><temp name="T991"/><temp name="T951"/><temp name="T1003"/><temp name="T1005"/><temp name="T1120"/></temps></instruction><instruction code="L7"><temps name="use"/><temps name="def"/><temps name="in"><temp name="T1146"/><temp name="T954"/><temp name="T1080"/><temp name="T980"/><temp name="T1071"/><temp name="T988"/><temp name="T920"/><temp name="T1063"/><temp name="T1032"/><temp name="T1026"/><temp name="T1020"/><temp name="T945"/><temp name="T1157"/><temp name="T972"/><temp name="T1131"/><temp name="T1134"/><temp name="T1140"/><temp name="T1055"/><temp name="T976"/><temp name="T935"/><temp name="T1108"/><temp name="T1051"/><temp name="T966"/><temp name="T1040"/><temp name="T1074"/><temp name="T1123"/><temp name="T1060"/><temp name="T1086"/><temp name="T1125"/><temp name="T1014"/><temp name="T1011"/><temp name="T1048"/><temp name="T1111"/><temp name="T943"/><temp name="T1115"/><temp name="T1000"/><temp name="T6"/><temp name="T960"/><temp name="T1092"/><temp name="T1100"/><temp name="T1152"/><temp name="T995"/><temp name="T1096"/><temp name="T928"/><temp name="T1036"/><temp name="T940"/><temp name="T1065"/><temp name="T931"/><temp name="T991"/><temp name="T951"/><temp name="T1003"/><temp name="T1005"/><temp name="T1120"/></temps><temps name="out"><temp name="T1146"/><temp name="T954"/><temp name="T1080"/><temp name="T980"/><temp name="T1071"/><temp name="T988"/><temp name="T920"/><temp name="T1063"/><temp name="T1032"/><temp name="T1026"/><temp name="T1020"/><temp name="T945"/><temp name="T1157"/><temp name="T972"/><temp name="T1131"/><temp name="T1134"/><temp name="T1140"/><temp name="T1055"/><temp name="T976"/><temp name="T935"/><temp name="T1108"/><temp name="T1051"/><temp name="T966"/><temp name="T1040"/><temp name="T1074"/><temp name="T1123"/><temp name="T1060"/><temp name="T1086"/><temp name="T1125"/><temp name="T1014"/><temp name="T1011"/><temp name="T1048"/><temp name="T1111"/><temp name="T943"/><temp name="T1115"/><temp name="T1000"/><temp name="T6"/><temp name="T960"/><temp name="T1092"/><temp name="T1100"/><temp name="T1152"/><temp name="T995"/><temp name="T1096"/><temp name="T928"/><temp name="T1036"/><temp name="T940"/><temp name="T1065"/><temp name="T931"/><temp name="T991"/><temp name="T951"/><temp name="T1003"/><temp name="T1005"/><temp name="T1120"/></temps></instruction><instruction code="OR T39, T6, 0"><temps name="use"><temp name="T6"/></temps><temps name="def"><temp name="T39"/></temps><temps name="in"><temp name="T1146"/><temp name="T954"/><temp name="T1080"/><temp name="T980"/><temp name="T1071"/><temp name="T988"/><temp name="T920"/><temp name="T1063"/><temp name="T1032"/><temp name="T1026"/><temp name="T1020"/><temp name="T945"/><temp name="T1157"/><temp name="T972"/><temp name="T1131"/><temp name="T1134"/><temp name="T1140"/><temp name="T1055"/><temp name="T976"/><temp name="T935"/><temp name="T1108"/><temp name="T1051"/><temp name="T966"/><temp name="T1040"/><temp name="T1074"/><temp name="T1123"/><temp name="T1060"/><temp name="T1086"/><temp name="T1125"/><temp name="T1014"/><temp name="T1011"/><temp name="T1048"/><temp name="T1111"/><temp name="T943"/><temp name="T1115"/><temp name="T1000"/><temp name="T6"/><temp name="T960"/><temp name="T1092"/><temp name="T1100"/><temp name="T1152"/><temp name="T995"/><temp name="T1096"/><temp name="T928"/><temp name="T1036"/><temp name="T940"/><temp name="T1065"/><temp name="T931"/><temp name="T991"/><temp name="T951"/><temp name="T1003"/><temp name="T1005"/><temp name="T1120"/></temps><temps name="out"><temp name="T1146"/><temp name="T954"/><temp name="T1080"/><temp name="T980"/><temp name="T1071"/><temp name="T988"/><temp name="T920"/><temp name="T1063"/><temp name="T1032"/><temp name="T1026"/><temp name="T1020"/><temp name="T945"/><temp name="T1157"/><temp name="T972"/><temp name="T1131"/><temp name="T1134"/><temp name="T1140"/><temp name="T1055"/><temp name="T976"/><temp name="T935"/><temp name="T1108"/><temp name="T1051"/><temp name="T966"/><temp name="T1040"/><temp name="T1074"/><temp name="T1123"/><temp name="T1060"/><temp name="T1086"/><temp name="T1125"/><temp name="T1014"/><temp name="T1011"/><temp name="T1048"/><temp name="T1111"/><temp name="T943"/><temp name="T1115"/><temp name="T1000"/><temp name="T6"/><temp name="T960"/><temp name="T1092"/><temp name="T1100"/><temp name="T1152"/><temp name="T39"/><temp name="T995"/><temp name="T1096"/><temp name="T928"/><temp name="T1036"/><temp name="T940"/><temp name="T1065"/><temp name="T931"/><temp name="T991"/><temp name="T951"/><temp name="T1003"/><temp name="T1005"/><temp name="T1120"/></temps></instruction><instruction code="SETL  T918, 8"><temps name="use"/><temps name="def"><temp name="T918"/></temps><temps name="in"><temp name="T1146"/><temp name="T954"/><temp name="T1080"/><temp name="T980"/><temp name="T1071"/><temp name="T988"/><temp name="T920"/><temp name="T1063"/><temp name="T1032"/><temp name="T1026"/><temp name="T1020"/><temp name="T945"/><temp name="T1157"/><temp name="T972"/><temp name="T1131"/><temp name="T1134"/><temp name="T1140"/><temp name="T1055"/><temp name="T976"/><temp name="T935"/><temp name="T1108"/><temp name="T1051"/><temp name="T966"/><temp name="T1040"/><temp name="T1074"/><temp name="T1123"/><temp name="T1060"/><temp name="T1086"/><temp name="T1125"/><temp name="T1014"/><temp name="T1011"/><temp name="T1048"/><temp name="T1111"/><temp name="T943"/><temp name="T1115"/><temp name="T1000"/><temp name="T6"/><temp name="T960"/><temp name="T1092"/><temp name="T1100"/><temp name="T1152"/><temp name="T39"/><temp name="T995"/><temp name="T1096"/><temp name="T928"/><temp name="T1036"/><temp name="T940"/><temp name="T1065"/><temp name="T931"/><temp name="T991"/><temp name="T951"/><temp name="T1003"/><temp name="T1005"/><temp name="T1120"/></temps><temps name="out"><temp name="T1146"/><temp name="T954"/><temp name="T1080"/><temp name="T980"/><temp name="T1071"/><temp name="T988"/><temp name="T920"/><temp name="T1063"/><temp name="T1032"/><temp name="T1026"/><temp name="T1020"/><temp name="T945"/><temp name="T1157"/><temp name="T972"/><temp name="T1131"/><temp name="T1134"/><temp name="T1140"/><temp name="T1055"/><temp name="T976"/><temp name="T935"/><temp name="T1108"/><temp name="T1051"/><temp name="T966"/><temp name="T1040"/><temp name="T1074"/><temp name="T1123"/><temp name="T1060"/><temp name="T1086"/><temp name="T1125"/><temp name="T1014"/><temp name="T1011"/><temp name="T1048"/><temp name="T1111"/><temp name="T943"/><temp name="T1115"/><temp name="T1000"/><temp name="T6"/><temp name="T960"/><temp name="T1092"/><temp name="T1100"/><temp name="T1152"/><temp name="T39"/><temp name="T995"/><temp name="T1096"/><temp name="T928"/><temp name="T1036"/><temp name="T940"/><temp name="T1065"/><temp name="T931"/><temp name="T991"/><temp name="T951"/><temp name="T1003"/><temp name="T1005"/><temp name="T1120"/></temps></instruction><instruction code="INCML T918, 0"><temps name="use"/><temps name="def"><temp name="T918"/></temps><temps name="in"><temp name="T1146"/><temp name="T954"/><temp name="T1080"/><temp name="T980"/><temp name="T1071"/><temp name="T988"/><temp name="T920"/><temp name="T1063"/><temp name="T1032"/><temp name="T1026"/><temp name="T1020"/><temp name="T945"/><temp name="T1157"/><temp name="T972"/><temp name="T1131"/><temp name="T1134"/><temp name="T1140"/><temp name="T1055"/><temp name="T976"/><temp name="T935"/><temp name="T1108"/><temp name="T1051"/><temp name="T966"/><temp name="T1040"/><temp name="T1074"/><temp name="T1123"/><temp name="T1060"/><temp name="T1086"/><temp name="T1125"/><temp name="T1014"/><temp name="T1011"/><temp name="T1048"/><temp name="T1111"/><temp name="T943"/><temp name="T1115"/><temp name="T1000"/><temp name="T6"/><temp name="T960"/><temp name="T1092"/><temp name="T1100"/><temp name="T1152"/><temp name="T39"/><temp name="T995"/><temp name="T1096"/><temp name="T928"/><temp name="T1036"/><temp name="T940"/><temp name="T1065"/><temp name="T931"/><temp name="T991"/><temp name="T951"/><temp name="T1003"/><temp name="T1005"/><temp name="T1120"/></temps><temps name="out"><temp name="T1146"/><temp name="T954"/><temp name="T1080"/><temp name="T980"/><temp name="T1071"/><temp name="T988"/><temp name="T920"/><temp name="T1063"/><temp name="T1032"/><temp name="T1026"/><temp name="T1020"/><temp name="T945"/><temp name="T1157"/><temp name="T972"/><temp name="T1131"/><temp name="T1134"/><temp name="T1140"/><temp name="T1055"/><temp name="T976"/><temp name="T935"/><temp name="T1108"/><temp name="T1051"/><temp name="T966"/><temp name="T1040"/><temp name="T1074"/><temp name="T1123"/><temp name="T1060"/><temp name="T1086"/><temp name="T1125"/><temp name="T1014"/><temp name="T1011"/><temp name="T1048"/><temp name="T1111"/><temp name="T943"/><temp name="T1115"/><temp name="T1000"/><temp name="T6"/><temp name="T960"/><temp name="T1092"/><temp name="T1100"/><temp name="T1152"/><temp name="T39"/><temp name="T995"/><temp name="T1096"/><temp name="T928"/><temp name="T1036"/><temp name="T940"/><temp name="T1065"/><temp name="T931"/><temp name="T991"/><temp name="T951"/><temp name="T1003"/><temp name="T1005"/><temp name="T1120"/></temps></instruction><instruction code="INCMH T918, 0"><temps name="use"/><temps name="def"><temp name="T918"/></temps><temps name="in"><temp name="T1146"/><temp name="T954"/><temp name="T1080"/><temp name="T980"/><temp name="T1071"/><temp name="T988"/><temp name="T920"/><temp name="T1063"/><temp name="T1032"/><temp name="T1026"/><temp name="T1020"/><temp name="T945"/><temp name="T1157"/><temp name="T972"/><temp name="T1131"/><temp name="T1134"/><temp name="T1140"/><temp name="T1055"/><temp name="T976"/><temp name="T935"/><temp name="T1108"/><temp name="T1051"/><temp name="T966"/><temp name="T1040"/><temp name="T1074"/><temp name="T1123"/><temp name="T1060"/><temp name="T1086"/><temp name="T1125"/><temp name="T1014"/><temp name="T1011"/><temp name="T1048"/><temp name="T1111"/><temp name="T943"/><temp name="T1115"/><temp name="T1000"/><temp name="T6"/><temp name="T960"/><temp name="T1092"/><temp name="T1100"/><temp name="T1152"/><temp name="T39"/><temp name="T995"/><temp name="T1096"/><temp name="T928"/><temp name="T1036"/><temp name="T940"/><temp name="T1065"/><temp name="T931"/><temp name="T991"/><temp name="T951"/><temp name="T1003"/><temp name="T1005"/><temp name="T1120"/></temps><temps name="out"><temp name="T1146"/><temp name="T954"/><temp name="T1080"/><temp name="T980"/><temp name="T1071"/><temp name="T988"/><temp name="T920"/><temp name="T1063"/><temp name="T1032"/><temp name="T1026"/><temp name="T1020"/><temp name="T945"/><temp name="T1157"/><temp name="T972"/><temp name="T1131"/><temp name="T1134"/><temp name="T1140"/><temp name="T1055"/><temp name="T976"/><temp name="T935"/><temp name="T1108"/><temp name="T1051"/><temp name="T966"/><temp name="T1040"/><temp name="T1074"/><temp name="T1123"/><temp name="T1060"/><temp name="T1086"/><temp name="T1125"/><temp name="T1014"/><temp name="T1011"/><temp name="T1048"/><temp name="T1111"/><temp name="T943"/><temp name="T1115"/><temp name="T1000"/><temp name="T6"/><temp name="T960"/><temp name="T1092"/><temp name="T1100"/><temp name="T1152"/><temp name="T39"/><temp name="T995"/><temp name="T1096"/><temp name="T928"/><temp name="T1036"/><temp name="T940"/><temp name="T1065"/><temp name="T931"/><temp name="T991"/><temp name="T951"/><temp name="T1003"/><temp name="T1005"/><temp name="T1120"/></temps></instruction><instruction code="INCH  T918, 0"><temps name="use"/><temps name="def"><temp name="T918"/></temps><temps name="in"><temp name="T1146"/><temp name="T954"/><temp name="T1080"/><temp name="T980"/><temp name="T1071"/><temp name="T988"/><temp name="T920"/><temp name="T1063"/><temp name="T1032"/><temp name="T1026"/><temp name="T1020"/><temp name="T945"/><temp name="T1157"/><temp name="T972"/><temp name="T1131"/><temp name="T1134"/><temp name="T1140"/><temp name="T1055"/><temp name="T976"/><temp name="T935"/><temp name="T1108"/><temp name="T1051"/><temp name="T966"/><temp name="T1040"/><temp name="T1074"/><temp name="T1123"/><temp name="T1060"/><temp name="T1086"/><temp name="T1125"/><temp name="T1014"/><temp name="T1011"/><temp name="T1048"/><temp name="T1111"/><temp name="T943"/><temp name="T1115"/><temp name="T1000"/><temp name="T6"/><temp name="T960"/><temp name="T1092"/><temp name="T1100"/><temp name="T1152"/><temp name="T39"/><temp name="T995"/><temp name="T1096"/><temp name="T928"/><temp name="T1036"/><temp name="T940"/><temp name="T1065"/><temp name="T931"/><temp name="T991"/><temp name="T951"/><temp name="T1003"/><temp name="T1005"/><temp name="T1120"/></temps><temps name="out"><temp name="T1146"/><temp name="T954"/><temp name="T1080"/><temp name="T980"/><temp name="T1071"/><temp name="T988"/><temp name="T920"/><temp name="T1063"/><temp name="T1032"/><temp name="T1026"/><temp name="T1020"/><temp name="T945"/><temp name="T1157"/><temp name="T972"/><temp name="T1131"/><temp name="T1134"/><temp name="T1140"/><temp name="T1055"/><temp name="T976"/><temp name="T935"/><temp name="T1108"/><temp name="T1051"/><temp name="T966"/><temp name="T1040"/><temp name="T1074"/><temp name="T1123"/><temp name="T1060"/><temp name="T1086"/><temp name="T1125"/><temp name="T918"/><temp name="T1014"/><temp name="T1011"/><temp name="T1048"/><temp name="T1111"/><temp name="T943"/><temp name="T1115"/><temp name="T1000"/><temp name="T6"/><temp name="T960"/><temp name="T1092"/><temp name="T1100"/><temp name="T1152"/><temp name="T39"/><temp name="T995"/><temp name="T1096"/><temp name="T928"/><temp name="T1036"/><temp name="T940"/><temp name="T1065"/><temp name="T931"/><temp name="T991"/><temp name="T951"/><temp name="T1003"/><temp name="T1005"/><temp name="T1120"/></temps></instruction><instruction code="NEG T918, 0, T918"><temps name="use"><temp name="T918"/></temps><temps name="def"><temp name="T918"/></temps><temps name="in"><temp name="T1146"/><temp name="T954"/><temp name="T1080"/><temp name="T980"/><temp name="T1071"/><temp name="T988"/><temp name="T920"/><temp name="T1063"/><temp name="T1032"/><temp name="T1026"/><temp name="T1020"/><temp name="T945"/><temp name="T1157"/><temp name="T972"/><temp name="T1131"/><temp name="T1134"/><temp name="T1140"/><temp name="T1055"/><temp name="T976"/><temp name="T935"/><temp name="T1108"/><temp name="T1051"/><temp name="T966"/><temp name="T1040"/><temp name="T1074"/><temp name="T1123"/><temp name="T1060"/><temp name="T1086"/><temp name="T1125"/><temp name="T918"/><temp name="T1014"/><temp name="T1011"/><temp name="T1048"/><temp name="T1111"/><temp name="T943"/><temp name="T1115"/><temp name="T1000"/><temp name="T6"/><temp name="T960"/><temp name="T1092"/><temp name="T1100"/><temp name="T1152"/><temp name="T39"/><temp name="T995"/><temp name="T1096"/><temp name="T928"/><temp name="T1036"/><temp name="T940"/><temp name="T1065"/><temp name="T931"/><temp name="T991"/><temp name="T951"/><temp name="T1003"/><temp name="T1005"/><temp name="T1120"/></temps><temps name="out"><temp name="T1146"/><temp name="T954"/><temp name="T1080"/><temp name="T980"/><temp name="T1071"/><temp name="T988"/><temp name="T920"/><temp name="T1063"/><temp name="T1032"/><temp name="T1026"/><temp name="T1020"/><temp name="T945"/><temp name="T1157"/><temp name="T972"/><temp name="T1131"/><temp name="T1134"/><temp name="T1140"/><temp name="T1055"/><temp name="T976"/><temp name="T935"/><temp name="T1108"/><temp name="T1051"/><temp name="T966"/><temp name="T1040"/><temp name="T1074"/><temp name="T1123"/><temp name="T1060"/><temp name="T1086"/><temp name="T1125"/><temp name="T918"/><temp name="T1014"/><temp name="T1011"/><temp name="T1048"/><temp name="T1111"/><temp name="T943"/><temp name="T1115"/><temp name="T1000"/><temp name="T6"/><temp name="T960"/><temp name="T1092"/><temp name="T1100"/><temp name="T1152"/><temp name="T39"/><temp name="T995"/><temp name="T1096"/><temp name="T928"/><temp name="T1036"/><temp name="T940"/><temp name="T1065"/><temp name="T931"/><temp name="T991"/><temp name="T951"/><temp name="T1003"/><temp name="T1005"/><temp name="T1120"/></temps></instruction><instruction code="OR T40, T918, 0"><temps name="use"><temp name="T918"/></temps><temps name="def"><temp name="T40"/></temps><temps name="in"><temp name="T1146"/><temp name="T954"/><temp name="T1080"/><temp name="T980"/><temp name="T1071"/><temp name="T988"/><temp name="T920"/><temp name="T1063"/><temp name="T1032"/><temp name="T1026"/><temp name="T1020"/><temp name="T945"/><temp name="T1157"/><temp name="T972"/><temp name="T1131"/><temp name="T1134"/><temp name="T1140"/><temp name="T1055"/><temp name="T976"/><temp name="T935"/><temp name="T1108"/><temp name="T1051"/><temp name="T966"/><temp name="T1040"/><temp name="T1074"/><temp name="T1123"/><temp name="T1060"/><temp name="T1086"/><temp name="T1125"/><temp name="T918"/><temp name="T1014"/><temp name="T1011"/><temp name="T1048"/><temp name="T1111"/><temp name="T943"/><temp name="T1115"/><temp name="T1000"/><temp name="T6"/><temp name="T960"/><temp name="T1092"/><temp name="T1100"/><temp name="T1152"/><temp name="T39"/><temp name="T995"/><temp name="T1096"/><temp name="T928"/><temp name="T1036"/><temp name="T940"/><temp name="T1065"/><temp name="T931"/><temp name="T991"/><temp name="T951"/><temp name="T1003"/><temp name="T1005"/><temp name="T1120"/></temps><temps name="out"><temp name="T1146"/><temp name="T954"/><temp name="T1080"/><temp name="T980"/><temp name="T1071"/><temp name="T988"/><temp name="T920"/><temp name="T1063"/><temp name="T1032"/><temp name="T1026"/><temp name="T1020"/><temp name="T945"/><temp name="T1157"/><temp name="T972"/><temp name="T1131"/><temp name="T1134"/><temp name="T1140"/><temp name="T40"/><temp name="T1055"/><temp name="T976"/><temp name="T935"/><temp name="T1108"/><temp name="T1051"/><temp name="T966"/><temp name="T1040"/><temp name="T1074"/><temp name="T1123"/><temp name="T1060"/><temp name="T1086"/><temp name="T1125"/><temp name="T1014"/><temp name="T1011"/><temp name="T1048"/><temp name="T1111"/><temp name="T943"/><temp name="T1115"/><temp name="T1000"/><temp name="T6"/><temp name="T960"/><temp name="T1092"/><temp name="T1100"/><temp name="T1152"/><temp name="T39"/><temp name="T995"/><temp name="T1096"/><temp name="T928"/><temp name="T1036"/><temp name="T940"/><temp name="T1065"/><temp name="T931"/><temp name="T991"/><temp name="T951"/><temp name="T1003"/><temp name="T1005"/><temp name="T1120"/></temps></instruction><instruction code="ADD T919, T39, T40"><temps name="use"><temp name="T39"/><temp name="T40"/></temps><temps name="def"><temp name="T919"/></temps><temps name="in"><temp name="T1146"/><temp name="T954"/><temp name="T1080"/><temp name="T980"/><temp name="T1071"/><temp name="T988"/><temp name="T920"/><temp name="T1063"/><temp name="T1032"/><temp name="T1026"/><temp name="T1020"/><temp name="T945"/><temp name="T1157"/><temp name="T972"/><temp name="T1131"/><temp name="T1134"/><temp name="T1140"/><temp name="T40"/><temp name="T1055"/><temp name="T976"/><temp name="T935"/><temp name="T1108"/><temp name="T1051"/><temp name="T966"/><temp name="T1040"/><temp name="T1074"/><temp name="T1123"/><temp name="T1060"/><temp name="T1086"/><temp name="T1125"/><temp name="T1014"/><temp name="T1011"/><temp name="T1048"/><temp name="T1111"/><temp name="T943"/><temp name="T1115"/><temp name="T1000"/><temp name="T6"/><temp name="T960"/><temp name="T1092"/><temp name="T1100"/><temp name="T1152"/><temp name="T39"/><temp name="T995"/><temp name="T1096"/><temp name="T928"/><temp name="T1036"/><temp name="T940"/><temp name="T1065"/><temp name="T931"/><temp name="T991"/><temp name="T951"/><temp name="T1003"/><temp name="T1005"/><temp name="T1120"/></temps><temps name="out"><temp name="T1146"/><temp name="T954"/><temp name="T1080"/><temp name="T980"/><temp name="T1071"/><temp name="T988"/><temp name="T920"/><temp name="T1063"/><temp name="T1032"/><temp name="T1026"/><temp name="T1020"/><temp name="T945"/><temp name="T1157"/><temp name="T972"/><temp name="T1131"/><temp name="T1134"/><temp name="T1140"/><temp name="T1055"/><temp name="T976"/><temp name="T935"/><temp name="T1108"/><temp name="T1051"/><temp name="T966"/><temp name="T1040"/><temp name="T1074"/><temp name="T1123"/><temp name="T1060"/><temp name="T1086"/><temp name="T1125"/><temp name="T1014"/><temp name="T1011"/><temp name="T1048"/><temp name="T1111"/><temp name="T943"/><temp name="T1115"/><temp name="T1000"/><temp name="T6"/><temp name="T960"/><temp name="T1092"/><temp name="T1100"/><temp name="T1152"/><temp name="T995"/><temp name="T1096"/><temp name="T928"/><temp name="T1036"/><temp name="T940"/><temp name="T1065"/><temp name="T919"/><temp name="T931"/><temp name="T991"/><temp name="T951"/><temp name="T1003"/><temp name="T1005"/><temp name="T1120"/></temps></instruction><instruction code="OR T41, T919, 0"><temps name="use"><temp name="T919"/></temps><temps name="def"><temp name="T41"/></temps><temps name="in"><temp name="T1146"/><temp name="T954"/><temp name="T1080"/><temp name="T980"/><temp name="T1071"/><temp name="T988"/><temp name="T920"/><temp name="T1063"/><temp name="T1032"/><temp name="T1026"/><temp name="T1020"/><temp name="T945"/><temp name="T1157"/><temp name="T972"/><temp name="T1131"/><temp name="T1134"/><temp name="T1140"/><temp name="T1055"/><temp name="T976"/><temp name="T935"/><temp name="T1108"/><temp name="T1051"/><temp name="T966"/><temp name="T1040"/><temp name="T1074"/><temp name="T1123"/><temp name="T1060"/><temp name="T1086"/><temp name="T1125"/><temp name="T1014"/><temp name="T1011"/><temp name="T1048"/><temp name="T1111"/><temp name="T943"/><temp name="T1115"/><temp name="T1000"/><temp name="T6"/><temp name="T960"/><temp name="T1092"/><temp name="T1100"/><temp name="T1152"/><temp name="T995"/><temp name="T1096"/><temp name="T928"/><temp name="T1036"/><temp name="T940"/><temp name="T1065"/><temp name="T919"/><temp name="T931"/><temp name="T991"/><temp name="T951"/><temp name="T1003"/><temp name="T1005"/><temp name="T1120"/></temps><temps name="out"><temp name="T1146"/><temp name="T954"/><temp name="T1080"/><temp name="T980"/><temp name="T1071"/><temp name="T988"/><temp name="T920"/><temp name="T1063"/><temp name="T1032"/><temp name="T1026"/><temp name="T1020"/><temp name="T945"/><temp name="T1157"/><temp name="T972"/><temp name="T1131"/><temp name="T1134"/><temp name="T1140"/><temp name="T1055"/><temp name="T976"/><temp name="T935"/><temp name="T1108"/><temp name="T1051"/><temp name="T966"/><temp name="T1040"/><temp name="T1074"/><temp name="T1123"/><temp name="T1060"/><temp name="T1086"/><temp name="T1125"/><temp name="T1014"/><temp name="T1011"/><temp name="T1048"/><temp name="T1111"/><temp name="T943"/><temp name="T1115"/><temp name="T1000"/><temp name="T6"/><temp name="T960"/><temp name="T1092"/><temp name="T1100"/><temp name="T1152"/><temp name="T995"/><temp name="T1096"/><temp name="T928"/><temp name="T1036"/><temp name="T940"/><temp name="T1065"/><temp name="T931"/><temp name="T991"/><temp name="T951"/><temp name="T1003"/><temp name="T1005"/><temp name="T1120"/></temps></instruction><instruction code="LDO T921, T920, 0"><temps name="use"><temp name="T920"/></temps><temps name="def"><temp name="T921"/></temps><temps name="in"><temp name="T1146"/><temp name="T954"/><temp name="T1080"/><temp name="T980"/><temp name="T1071"/><temp name="T988"/><temp name="T920"/><temp name="T1063"/><temp name="T1032"/><temp name="T1026"/><temp name="T1020"/><temp name="T945"/><temp name="T1157"/><temp name="T972"/><temp name="T1131"/><temp name="T1134"/><temp name="T1140"/><temp name="T1055"/><temp name="T976"/><temp name="T935"/><temp name="T1108"/><temp name="T1051"/><temp name="T966"/><temp name="T1040"/><temp name="T1074"/><temp name="T1123"/><temp name="T1060"/><temp name="T1086"/><temp name="T1125"/><temp name="T1014"/><temp name="T1011"/><temp name="T1048"/><temp name="T1111"/><temp name="T943"/><temp name="T1115"/><temp name="T1000"/><temp name="T6"/><temp name="T960"/><temp name="T1092"/><temp name="T1100"/><temp name="T1152"/><temp name="T995"/><temp name="T1096"/><temp name="T928"/><temp name="T1036"/><temp name="T940"/><temp name="T1065"/><temp name="T931"/><temp name="T991"/><temp name="T951"/><temp name="T1003"/><temp name="T1005"/><temp name="T1120"/></temps><temps name="out"><temp name="T1146"/><temp name="T954"/><temp name="T1080"/><temp name="T980"/><temp name="T1071"/><temp name="T988"/><temp name="T920"/><temp name="T1063"/><temp name="T1032"/><temp name="T921"/><temp name="T1026"/><temp name="T1020"/><temp name="T945"/><temp name="T1157"/><temp name="T972"/><temp name="T1131"/><temp name="T1134"/><temp name="T1140"/><temp name="T1055"/><temp name="T976"/><temp name="T935"/><temp name="T1108"/><temp name="T1051"/><temp name="T966"/><temp name="T1040"/><temp name="T1074"/><temp name="T1123"/><temp name="T1060"/><temp name="T1086"/><temp name="T1125"/><temp name="T1014"/><temp name="T1011"/><temp name="T1048"/><temp name="T1111"/><temp name="T943"/><temp name="T1115"/><temp name="T1000"/><temp name="T6"/><temp name="T960"/><temp name="T1092"/><temp name="T1100"/><temp name="T1152"/><temp name="T995"/><temp name="T1096"/><temp name="T928"/><temp name="T1036"/><temp name="T940"/><temp name="T1065"/><temp name="T931"/><temp name="T991"/><temp name="T951"/><temp name="T1003"/><temp name="T1005"/><temp name="T1120"/></temps></instruction><instruction code="OR T42, T921, 0"><temps name="use"><temp name="T921"/></temps><temps name="def"><temp name="T42"/></temps><temps name="in"><temp name="T1146"/><temp name="T954"/><temp name="T1080"/><temp name="T980"/><temp name="T1071"/><temp name="T988"/><temp name="T920"/><temp name="T1063"/><temp name="T1032"/><temp name="T921"/><temp name="T1026"/><temp name="T1020"/><temp name="T945"/><temp name="T1157"/><temp name="T972"/><temp name="T1131"/><temp name="T1134"/><temp name="T1140"/><temp name="T1055"/><temp name="T976"/><temp name="T935"/><temp name="T1108"/><temp name="T1051"/><temp name="T966"/><temp name="T1040"/><temp name="T1074"/><temp name="T1123"/><temp name="T1060"/><temp name="T1086"/><temp name="T1125"/><temp name="T1014"/><temp name="T1011"/><temp name="T1048"/><temp name="T1111"/><temp name="T943"/><temp name="T1115"/><temp name="T1000"/><temp name="T6"/><temp name="T960"/><temp name="T1092"/><temp name="T1100"/><temp name="T1152"/><temp name="T995"/><temp name="T1096"/><temp name="T928"/><temp name="T1036"/><temp name="T940"/><temp name="T1065"/><temp name="T931"/><temp name="T991"/><temp name="T951"/><temp name="T1003"/><temp name="T1005"/><temp name="T1120"/></temps><temps name="out"><temp name="T1146"/><temp name="T954"/><temp name="T1080"/><temp name="T980"/><temp name="T1071"/><temp name="T988"/><temp name="T920"/><temp name="T1063"/><temp name="T1032"/><temp name="T1026"/><temp name="T1020"/><temp name="T945"/><temp name="T1157"/><temp name="T972"/><temp name="T1131"/><temp name="T1134"/><temp name="T1140"/><temp name="T1055"/><temp name="T976"/><temp name="T42"/><temp name="T935"/><temp name="T1108"/><temp name="T1051"/><temp name="T966"/><temp name="T1040"/><temp name="T1074"/><temp name="T1123"/><temp name="T1060"/><temp name="T1086"/><temp name="T1125"/><temp name="T1014"/><temp name="T1011"/><temp name="T1048"/><temp name="T1111"/><temp name="T943"/><temp name="T1115"/><temp name="T1000"/><temp name="T6"/><temp name="T960"/><temp name="T1092"/><temp name="T1100"/><temp name="T1152"/><temp name="T995"/><temp name="T1096"/><temp name="T928"/><temp name="T1036"/><temp name="T940"/><temp name="T1065"/><temp name="T931"/><temp name="T991"/><temp name="T951"/><temp name="T1003"/><temp name="T1005"/><temp name="T1120"/></temps></instruction><instruction code="SETL  T922, 10"><temps name="use"/><temps name="def"><temp name="T922"/></temps><temps name="in"><temp name="T1146"/><temp name="T954"/><temp name="T1080"/><temp name="T980"/><temp name="T1071"/><temp name="T988"/><temp name="T920"/><temp name="T1063"/><temp name="T1032"/><temp name="T1026"/><temp name="T1020"/><temp name="T945"/><temp name="T1157"/><temp name="T972"/><temp name="T1131"/><temp name="T1134"/><temp name="T1140"/><temp name="T1055"/><temp name="T976"/><temp name="T42"/><temp name="T935"/><temp name="T1108"/><temp name="T1051"/><temp name="T966"/><temp name="T1040"/><temp name="T1074"/><temp name="T1123"/><temp name="T1060"/><temp name="T1086"/><temp name="T1125"/><temp name="T1014"/><temp name="T1011"/><temp name="T1048"/><temp name="T1111"/><temp name="T943"/><temp name="T1115"/><temp name="T1000"/><temp name="T6"/><temp name="T960"/><temp name="T1092"/><temp name="T1100"/><temp name="T1152"/><temp name="T995"/><temp name="T1096"/><temp name="T928"/><temp name="T1036"/><temp name="T940"/><temp name="T1065"/><temp name="T931"/><temp name="T991"/><temp name="T951"/><temp name="T1003"/><temp name="T1005"/><temp name="T1120"/></temps><temps name="out"><temp name="T1146"/><temp name="T954"/><temp name="T1080"/><temp name="T980"/><temp name="T1071"/><temp name="T988"/><temp name="T920"/><temp name="T1063"/><temp name="T1032"/><temp name="T1026"/><temp name="T1020"/><temp name="T945"/><temp name="T1157"/><temp name="T972"/><temp name="T1131"/><temp name="T1134"/><temp name="T1140"/><temp name="T1055"/><temp name="T976"/><temp name="T42"/><temp name="T935"/><temp name="T1108"/><temp name="T1051"/><temp name="T966"/><temp name="T1040"/><temp name="T1074"/><temp name="T1123"/><temp name="T1060"/><temp name="T1086"/><temp name="T1125"/><temp name="T1014"/><temp name="T1011"/><temp name="T1048"/><temp name="T1111"/><temp name="T943"/><temp name="T1115"/><temp name="T1000"/><temp name="T6"/><temp name="T960"/><temp name="T1092"/><temp name="T1100"/><temp name="T1152"/><temp name="T995"/><temp name="T1096"/><temp name="T928"/><temp name="T1036"/><temp name="T940"/><temp name="T1065"/><temp name="T931"/><temp name="T991"/><temp name="T951"/><temp name="T1003"/><temp name="T1005"/><temp name="T1120"/></temps></instruction><instruction code="INCML T922, 0"><temps name="use"/><temps name="def"><temp name="T922"/></temps><temps name="in"><temp name="T1146"/><temp name="T954"/><temp name="T1080"/><temp name="T980"/><temp name="T1071"/><temp name="T988"/><temp name="T920"/><temp name="T1063"/><temp name="T1032"/><temp name="T1026"/><temp name="T1020"/><temp name="T945"/><temp name="T1157"/><temp name="T972"/><temp name="T1131"/><temp name="T1134"/><temp name="T1140"/><temp name="T1055"/><temp name="T976"/><temp name="T42"/><temp name="T935"/><temp name="T1108"/><temp name="T1051"/><temp name="T966"/><temp name="T1040"/><temp name="T1074"/><temp name="T1123"/><temp name="T1060"/><temp name="T1086"/><temp name="T1125"/><temp name="T1014"/><temp name="T1011"/><temp name="T1048"/><temp name="T1111"/><temp name="T943"/><temp name="T1115"/><temp name="T1000"/><temp name="T6"/><temp name="T960"/><temp name="T1092"/><temp name="T1100"/><temp name="T1152"/><temp name="T995"/><temp name="T1096"/><temp name="T928"/><temp name="T1036"/><temp name="T940"/><temp name="T1065"/><temp name="T931"/><temp name="T991"/><temp name="T951"/><temp name="T1003"/><temp name="T1005"/><temp name="T1120"/></temps><temps name="out"><temp name="T1146"/><temp name="T954"/><temp name="T1080"/><temp name="T980"/><temp name="T1071"/><temp name="T988"/><temp name="T920"/><temp name="T1063"/><temp name="T1032"/><temp name="T1026"/><temp name="T1020"/><temp name="T945"/><temp name="T1157"/><temp name="T972"/><temp name="T1131"/><temp name="T1134"/><temp name="T1140"/><temp name="T1055"/><temp name="T976"/><temp name="T42"/><temp name="T935"/><temp name="T1108"/><temp name="T1051"/><temp name="T966"/><temp name="T1040"/><temp name="T1074"/><temp name="T1123"/><temp name="T1060"/><temp name="T1086"/><temp name="T1125"/><temp name="T1014"/><temp name="T1011"/><temp name="T1048"/><temp name="T1111"/><temp name="T943"/><temp name="T1115"/><temp name="T1000"/><temp name="T6"/><temp name="T960"/><temp name="T1092"/><temp name="T1100"/><temp name="T1152"/><temp name="T995"/><temp name="T1096"/><temp name="T928"/><temp name="T1036"/><temp name="T940"/><temp name="T1065"/><temp name="T931"/><temp name="T991"/><temp name="T951"/><temp name="T1003"/><temp name="T1005"/><temp name="T1120"/></temps></instruction><instruction code="INCMH T922, 0"><temps name="use"/><temps name="def"><temp name="T922"/></temps><temps name="in"><temp name="T1146"/><temp name="T954"/><temp name="T1080"/><temp name="T980"/><temp name="T1071"/><temp name="T988"/><temp name="T920"/><temp name="T1063"/><temp name="T1032"/><temp name="T1026"/><temp name="T1020"/><temp name="T945"/><temp name="T1157"/><temp name="T972"/><temp name="T1131"/><temp name="T1134"/><temp name="T1140"/><temp name="T1055"/><temp name="T976"/><temp name="T42"/><temp name="T935"/><temp name="T1108"/><temp name="T1051"/><temp name="T966"/><temp name="T1040"/><temp name="T1074"/><temp name="T1123"/><temp name="T1060"/><temp name="T1086"/><temp name="T1125"/><temp name="T1014"/><temp name="T1011"/><temp name="T1048"/><temp name="T1111"/><temp name="T943"/><temp name="T1115"/><temp name="T1000"/><temp name="T6"/><temp name="T960"/><temp name="T1092"/><temp name="T1100"/><temp name="T1152"/><temp name="T995"/><temp name="T1096"/><temp name="T928"/><temp name="T1036"/><temp name="T940"/><temp name="T1065"/><temp name="T931"/><temp name="T991"/><temp name="T951"/><temp name="T1003"/><temp name="T1005"/><temp name="T1120"/></temps><temps name="out"><temp name="T1146"/><temp name="T954"/><temp name="T1080"/><temp name="T980"/><temp name="T1071"/><temp name="T988"/><temp name="T920"/><temp name="T1063"/><temp name="T1032"/><temp name="T1026"/><temp name="T1020"/><temp name="T945"/><temp name="T1157"/><temp name="T972"/><temp name="T1131"/><temp name="T1134"/><temp name="T1140"/><temp name="T1055"/><temp name="T976"/><temp name="T42"/><temp name="T935"/><temp name="T1108"/><temp name="T1051"/><temp name="T966"/><temp name="T1040"/><temp name="T1074"/><temp name="T1123"/><temp name="T1060"/><temp name="T1086"/><temp name="T1125"/><temp name="T1014"/><temp name="T1011"/><temp name="T1048"/><temp name="T1111"/><temp name="T943"/><temp name="T1115"/><temp name="T1000"/><temp name="T6"/><temp name="T960"/><temp name="T1092"/><temp name="T1100"/><temp name="T1152"/><temp name="T995"/><temp name="T1096"/><temp name="T928"/><temp name="T1036"/><temp name="T940"/><temp name="T1065"/><temp name="T931"/><temp name="T991"/><temp name="T951"/><temp name="T1003"/><temp name="T1005"/><temp name="T1120"/></temps></instruction><instruction code="INCH  T922, 0"><temps name="use"/><temps name="def"><temp name="T922"/></temps><temps name="in"><temp name="T1146"/><temp name="T954"/><temp name="T1080"/><temp name="T980"/><temp name="T1071"/><temp name="T988"/><temp name="T920"/><temp name="T1063"/><temp name="T1032"/><temp name="T1026"/><temp name="T1020"/><temp name="T945"/><temp name="T1157"/><temp name="T972"/><temp name="T1131"/><temp name="T1134"/><temp name="T1140"/><temp name="T1055"/><temp name="T976"/><temp name="T42"/><temp name="T935"/><temp name="T1108"/><temp name="T1051"/><temp name="T966"/><temp name="T1040"/><temp name="T1074"/><temp name="T1123"/><temp name="T1060"/><temp name="T1086"/><temp name="T1125"/><temp name="T1014"/><temp name="T1011"/><temp name="T1048"/><temp name="T1111"/><temp name="T943"/><temp name="T1115"/><temp name="T1000"/><temp name="T6"/><temp name="T960"/><temp name="T1092"/><temp name="T1100"/><temp name="T1152"/><temp name="T995"/><temp name="T1096"/><temp name="T928"/><temp name="T1036"/><temp name="T940"/><temp name="T1065"/><temp name="T931"/><temp name="T991"/><temp name="T951"/><temp name="T1003"/><temp name="T1005"/><temp name="T1120"/></temps><temps name="out"><temp name="T1146"/><temp name="T954"/><temp name="T1080"/><temp name="T980"/><temp name="T1071"/><temp name="T988"/><temp name="T920"/><temp name="T1063"/><temp name="T1032"/><temp name="T1026"/><temp name="T1020"/><temp name="T945"/><temp name="T1157"/><temp name="T972"/><temp name="T1131"/><temp name="T1134"/><temp name="T1140"/><temp name="T922"/><temp name="T1055"/><temp name="T976"/><temp name="T42"/><temp name="T935"/><temp name="T1108"/><temp name="T1051"/><temp name="T966"/><temp name="T1040"/><temp name="T1074"/><temp name="T1123"/><temp name="T1060"/><temp name="T1086"/><temp name="T1125"/><temp name="T1014"/><temp name="T1011"/><temp name="T1048"/><temp name="T1111"/><temp name="T943"/><temp name="T1115"/><temp name="T1000"/><temp name="T6"/><temp name="T960"/><temp name="T1092"/><temp name="T1100"/><temp name="T1152"/><temp name="T995"/><temp name="T1096"/><temp name="T928"/><temp name="T1036"/><temp name="T940"/><temp name="T1065"/><temp name="T931"/><temp name="T991"/><temp name="T951"/><temp name="T1003"/><temp name="T1005"/><temp name="T1120"/></temps></instruction><instruction code="OR T43, T922, 0"><temps name="use"><temp name="T922"/></temps><temps name="def"><temp name="T43"/></temps><temps name="in"><temp name="T1146"/><temp name="T954"/><temp name="T1080"/><temp name="T980"/><temp name="T1071"/><temp name="T988"/><temp name="T920"/><temp name="T1063"/><temp name="T1032"/><temp name="T1026"/><temp name="T1020"/><temp name="T945"/><temp name="T1157"/><temp name="T972"/><temp name="T1131"/><temp name="T1134"/><temp name="T1140"/><temp name="T922"/><temp name="T1055"/><temp name="T976"/><temp name="T42"/><temp name="T935"/><temp name="T1108"/><temp name="T1051"/><temp name="T966"/><temp name="T1040"/><temp name="T1074"/><temp name="T1123"/><temp name="T1060"/><temp name="T1086"/><temp name="T1125"/><temp name="T1014"/><temp name="T1011"/><temp name="T1048"/><temp name="T1111"/><temp name="T943"/><temp name="T1115"/><temp name="T1000"/><temp name="T6"/><temp name="T960"/><temp name="T1092"/><temp name="T1100"/><temp name="T1152"/><temp name="T995"/><temp name="T1096"/><temp name="T928"/><temp name="T1036"/><temp name="T940"/><temp name="T1065"/><temp name="T931"/><temp name="T991"/><temp name="T951"/><temp name="T1003"/><temp name="T1005"/><temp name="T1120"/></temps><temps name="out"><temp name="T1146"/><temp name="T954"/><temp name="T1080"/><temp name="T980"/><temp name="T1071"/><temp name="T988"/><temp name="T920"/><temp name="T1063"/><temp name="T1032"/><temp name="T1026"/><temp name="T1020"/><temp name="T945"/><temp name="T1157"/><temp name="T972"/><temp name="T1131"/><temp name="T1134"/><temp name="T1140"/><temp name="T1055"/><temp name="T976"/><temp name="T42"/><temp name="T935"/><temp name="T43"/><temp name="T1108"/><temp name="T1051"/><temp name="T966"/><temp name="T1040"/><temp name="T1074"/><temp name="T1123"/><temp name="T1060"/><temp name="T1086"/><temp name="T1125"/><temp name="T1014"/><temp name="T1011"/><temp name="T1048"/><temp name="T1111"/><temp name="T943"/><temp name="T1115"/><temp name="T1000"/><temp name="T6"/><temp name="T960"/><temp name="T1092"/><temp name="T1100"/><temp name="T1152"/><temp name="T995"/><temp name="T1096"/><temp name="T928"/><temp name="T1036"/><temp name="T940"/><temp name="T1065"/><temp name="T931"/><temp name="T991"/><temp name="T951"/><temp name="T1003"/><temp name="T1005"/><temp name="T1120"/></temps></instruction><instruction code="CMP T923, T42, T43"><temps name="use"><temp name="T42"/><temp name="T43"/></temps><temps name="def"><temp name="T923"/></temps><temps name="in"><temp name="T1146"/><temp name="T954"/><temp name="T1080"/><temp name="T980"/><temp name="T1071"/><temp name="T988"/><temp name="T920"/><temp name="T1063"/><temp name="T1032"/><temp name="T1026"/><temp name="T1020"/><temp name="T945"/><temp name="T1157"/><temp name="T972"/><temp name="T1131"/><temp name="T1134"/><temp name="T1140"/><temp name="T1055"/><temp name="T976"/><temp name="T42"/><temp name="T935"/><temp name="T43"/><temp name="T1108"/><temp name="T1051"/><temp name="T966"/><temp name="T1040"/><temp name="T1074"/><temp name="T1123"/><temp name="T1060"/><temp name="T1086"/><temp name="T1125"/><temp name="T1014"/><temp name="T1011"/><temp name="T1048"/><temp name="T1111"/><temp name="T943"/><temp name="T1115"/><temp name="T1000"/><temp name="T6"/><temp name="T960"/><temp name="T1092"/><temp name="T1100"/><temp name="T1152"/><temp name="T995"/><temp name="T1096"/><temp name="T928"/><temp name="T1036"/><temp name="T940"/><temp name="T1065"/><temp name="T931"/><temp name="T991"/><temp name="T951"/><temp name="T1003"/><temp name="T1005"/><temp name="T1120"/></temps><temps name="out"><temp name="T1146"/><temp name="T954"/><temp name="T1080"/><temp name="T980"/><temp name="T1071"/><temp name="T988"/><temp name="T920"/><temp name="T1063"/><temp name="T1032"/><temp name="T1026"/><temp name="T1020"/><temp name="T945"/><temp name="T1157"/><temp name="T972"/><temp name="T1131"/><temp name="T1134"/><temp name="T1140"/><temp name="T1055"/><temp name="T976"/><temp name="T923"/><temp name="T935"/><temp name="T1108"/><temp name="T1051"/><temp name="T966"/><temp name="T1040"/><temp name="T1074"/><temp name="T1123"/><temp name="T1060"/><temp name="T1086"/><temp name="T1125"/><temp name="T1014"/><temp name="T1011"/><temp name="T1048"/><temp name="T1111"/><temp name="T943"/><temp name="T1115"/><temp name="T1000"/><temp name="T6"/><temp name="T960"/><temp name="T1092"/><temp name="T1100"/><temp name="T1152"/><temp name="T995"/><temp name="T1096"/><temp name="T928"/><temp name="T1036"/><temp name="T940"/><temp name="T1065"/><temp name="T931"/><temp name="T991"/><temp name="T951"/><temp name="T1003"/><temp name="T1005"/><temp name="T1120"/></temps></instruction><instruction code="ZSNP T923, T923, 1"><temps name="use"><temp name="T923"/></temps><temps name="def"><temp name="T923"/></temps><temps name="in"><temp name="T1146"/><temp name="T954"/><temp name="T1080"/><temp name="T980"/><temp name="T1071"/><temp name="T988"/><temp name="T920"/><temp name="T1063"/><temp name="T1032"/><temp name="T1026"/><temp name="T1020"/><temp name="T945"/><temp name="T1157"/><temp name="T972"/><temp name="T1131"/><temp name="T1134"/><temp name="T1140"/><temp name="T1055"/><temp name="T976"/><temp name="T923"/><temp name="T935"/><temp name="T1108"/><temp name="T1051"/><temp name="T966"/><temp name="T1040"/><temp name="T1074"/><temp name="T1123"/><temp name="T1060"/><temp name="T1086"/><temp name="T1125"/><temp name="T1014"/><temp name="T1011"/><temp name="T1048"/><temp name="T1111"/><temp name="T943"/><temp name="T1115"/><temp name="T1000"/><temp name="T6"/><temp name="T960"/><temp name="T1092"/><temp name="T1100"/><temp name="T1152"/><temp name="T995"/><temp name="T1096"/><temp name="T928"/><temp name="T1036"/><temp name="T940"/><temp name="T1065"/><temp name="T931"/><temp name="T991"/><temp name="T951"/><temp name="T1003"/><temp name="T1005"/><temp name="T1120"/></temps><temps name="out"><temp name="T1146"/><temp name="T954"/><temp name="T1080"/><temp name="T980"/><temp name="T1071"/><temp name="T988"/><temp name="T920"/><temp name="T1063"/><temp name="T1032"/><temp name="T1026"/><temp name="T1020"/><temp name="T945"/><temp name="T1157"/><temp name="T972"/><temp name="T1131"/><temp name="T1134"/><temp name="T1140"/><temp name="T1055"/><temp name="T976"/><temp name="T923"/><temp name="T935"/><temp name="T1108"/><temp name="T1051"/><temp name="T966"/><temp name="T1040"/><temp name="T1074"/><temp name="T1123"/><temp name="T1060"/><temp name="T1086"/><temp name="T1125"/><temp name="T1014"/><temp name="T1011"/><temp name="T1048"/><temp name="T1111"/><temp name="T943"/><temp name="T1115"/><temp name="T1000"/><temp name="T6"/><temp name="T960"/><temp name="T1092"/><temp name="T1100"/><temp name="T1152"/><temp name="T995"/><temp name="T1096"/><temp name="T928"/><temp name="T1036"/><temp name="T940"/><temp name="T1065"/><temp name="T931"/><temp name="T991"/><temp name="T951"/><temp name="T1003"/><temp name="T1005"/><temp name="T1120"/></temps></instruction><instruction code="OR T44, T923, 0"><temps name="use"><temp name="T923"/></temps><temps name="def"><temp name="T44"/></temps><temps name="in"><temp name="T1146"/><temp name="T954"/><temp name="T1080"/><temp name="T980"/><temp name="T1071"/><temp name="T988"/><temp name="T920"/><temp name="T1063"/><temp name="T1032"/><temp name="T1026"/><temp name="T1020"/><temp name="T945"/><temp name="T1157"/><temp name="T972"/><temp name="T1131"/><temp name="T1134"/><temp name="T1140"/><temp name="T1055"/><temp name="T976"/><temp name="T923"/><temp name="T935"/><temp name="T1108"/><temp name="T1051"/><temp name="T966"/><temp name="T1040"/><temp name="T1074"/><temp name="T1123"/><temp name="T1060"/><temp name="T1086"/><temp name="T1125"/><temp name="T1014"/><temp name="T1011"/><temp name="T1048"/><temp name="T1111"/><temp name="T943"/><temp name="T1115"/><temp name="T1000"/><temp name="T6"/><temp name="T960"/><temp name="T1092"/><temp name="T1100"/><temp name="T1152"/><temp name="T995"/><temp name="T1096"/><temp name="T928"/><temp name="T1036"/><temp name="T940"/><temp name="T1065"/><temp name="T931"/><temp name="T991"/><temp name="T951"/><temp name="T1003"/><temp name="T1005"/><temp name="T1120"/></temps><temps name="out"><temp name="T1146"/><temp name="T954"/><temp name="T1080"/><temp name="T980"/><temp name="T1071"/><temp name="T44"/><temp name="T988"/><temp name="T920"/><temp name="T1063"/><temp name="T1032"/><temp name="T1026"/><temp name="T1020"/><temp name="T945"/><temp name="T1157"/><temp name="T972"/><temp name="T1131"/><temp name="T1134"/><temp name="T1140"/><temp name="T1055"/><temp name="T976"/><temp name="T935"/><temp name="T1108"/><temp name="T1051"/><temp name="T966"/><temp name="T1040"/><temp name="T1074"/><temp name="T1123"/><temp name="T1060"/><temp name="T1086"/><temp name="T1125"/><temp name="T1014"/><temp name="T1011"/><temp name="T1048"/><temp name="T1111"/><temp name="T943"/><temp name="T1115"/><temp name="T1000"/><temp name="T6"/><temp name="T960"/><temp name="T1092"/><temp name="T1100"/><temp name="T1152"/><temp name="T995"/><temp name="T1096"/><temp name="T928"/><temp name="T1036"/><temp name="T940"/><temp name="T1065"/><temp name="T931"/><temp name="T991"/><temp name="T951"/><temp name="T1003"/><temp name="T1005"/><temp name="T1120"/></temps></instruction><instruction code="BNZ T44, L8"><temps name="use"><temp name="T44"/></temps><temps name="def"/><temps name="in"><temp name="T1146"/><temp name="T954"/><temp name="T1080"/><temp name="T980"/><temp name="T1071"/><temp name="T44"/><temp name="T988"/><temp name="T920"/><temp name="T1063"/><temp name="T1032"/><temp name="T1026"/><temp name="T1020"/><temp name="T945"/><temp name="T1157"/><temp name="T972"/><temp name="T1131"/><temp name="T1134"/><temp name="T1140"/><temp name="T1055"/><temp name="T976"/><temp name="T935"/><temp name="T1108"/><temp name="T1051"/><temp name="T966"/><temp name="T1040"/><temp name="T1074"/><temp name="T1123"/><temp name="T1060"/><temp name="T1086"/><temp name="T1125"/><temp name="T1014"/><temp name="T1011"/><temp name="T1048"/><temp name="T1111"/><temp name="T943"/><temp name="T1115"/><temp name="T1000"/><temp name="T6"/><temp name="T960"/><temp name="T1092"/><temp name="T1100"/><temp name="T1152"/><temp name="T995"/><temp name="T1096"/><temp name="T928"/><temp name="T1036"/><temp name="T940"/><temp name="T1065"/><temp name="T931"/><temp name="T991"/><temp name="T951"/><temp name="T1003"/><temp name="T1005"/><temp name="T1120"/></temps><temps name="out"><temp name="T1146"/><temp name="T954"/><temp name="T1080"/><temp name="T980"/><temp name="T1071"/><temp name="T988"/><temp name="T920"/><temp name="T1063"/><temp name="T1032"/><temp name="T1026"/><temp name="T1020"/><temp name="T945"/><temp name="T1157"/><temp name="T972"/><temp name="T1131"/><temp name="T1134"/><temp name="T1140"/><temp name="T1055"/><temp name="T976"/><temp name="T935"/><temp name="T1108"/><temp name="T1051"/><temp name="T966"/><temp name="T1040"/><temp name="T1074"/><temp name="T1123"/><temp name="T1060"/><temp name="T1086"/><temp name="T1125"/><temp name="T1014"/><temp name="T1011"/><temp name="T1048"/><temp name="T1111"/><temp name="T943"/><temp name="T1115"/><temp name="T1000"/><temp name="T6"/><temp name="T960"/><temp name="T1092"/><temp name="T1100"/><temp name="T1152"/><temp name="T995"/><temp name="T1096"/><temp name="T928"/><temp name="T1036"/><temp name="T940"/><temp name="T1065"/><temp name="T931"/><temp name="T991"/><temp name="T951"/><temp name="T1003"/><temp name="T1005"/><temp name="T1120"/></temps></instruction><instruction code="L105"><temps name="use"/><temps name="def"/><temps name="in"><temp name="T1146"/><temp name="T954"/><temp name="T1080"/><temp name="T980"/><temp name="T1071"/><temp name="T988"/><temp name="T920"/><temp name="T1063"/><temp name="T1032"/><temp name="T1026"/><temp name="T1020"/><temp name="T945"/><temp name="T1157"/><temp name="T972"/><temp name="T1131"/><temp name="T1134"/><temp name="T1140"/><temp name="T1055"/><temp name="T976"/><temp name="T935"/><temp name="T1108"/><temp name="T1051"/><temp name="T966"/><temp name="T1040"/><temp name="T1074"/><temp name="T1123"/><temp name="T1060"/><temp name="T1086"/><temp name="T1125"/><temp name="T1014"/><temp name="T1011"/><temp name="T1048"/><temp name="T1111"/><temp name="T943"/><temp name="T1115"/><temp name="T1000"/><temp name="T6"/><temp name="T960"/><temp name="T1092"/><temp name="T1100"/><temp name="T1152"/><temp name="T995"/><temp name="T1096"/><temp name="T928"/><temp name="T1036"/><temp name="T940"/><temp name="T1065"/><temp name="T931"/><temp name="T991"/><temp name="T951"/><temp name="T1003"/><temp name="T1005"/><temp name="T1120"/></temps><temps name="out"><temp name="T1146"/><temp name="T954"/><temp name="T1080"/><temp name="T980"/><temp name="T1071"/><temp name="T988"/><temp name="T920"/><temp name="T1063"/><temp name="T1032"/><temp name="T1026"/><temp name="T1020"/><temp name="T945"/><temp name="T1157"/><temp name="T972"/><temp name="T1131"/><temp name="T1134"/><temp name="T1140"/><temp name="T1055"/><temp name="T976"/><temp name="T935"/><temp name="T1108"/><temp name="T1051"/><temp name="T966"/><temp name="T1040"/><temp name="T1074"/><temp name="T1123"/><temp name="T1060"/><temp name="T1086"/><temp name="T1125"/><temp name="T1014"/><temp name="T1011"/><temp name="T1048"/><temp name="T1111"/><temp name="T943"/><temp name="T1115"/><temp name="T1000"/><temp name="T6"/><temp name="T960"/><temp name="T1092"/><temp name="T1100"/><temp name="T1152"/><temp name="T995"/><temp name="T1096"/><temp name="T928"/><temp name="T1036"/><temp name="T940"/><temp name="T1065"/><temp name="T931"/><temp name="T991"/><temp name="T951"/><temp name="T1003"/><temp name="T1005"/><temp name="T1120"/></temps></instruction><instruction code="LDA T924, L9"><temps name="use"/><temps name="def"><temp name="T924"/></temps><temps name="in"><temp name="T1146"/><temp name="T954"/><temp name="T1080"/><temp name="T980"/><temp name="T1071"/><temp name="T988"/><temp name="T920"/><temp name="T1063"/><temp name="T1032"/><temp name="T1026"/><temp name="T1020"/><temp name="T945"/><temp name="T1157"/><temp name="T972"/><temp name="T1131"/><temp name="T1134"/><temp name="T1140"/><temp name="T1055"/><temp name="T976"/><temp name="T935"/><temp name="T1108"/><temp name="T1051"/><temp name="T966"/><temp name="T1040"/><temp name="T1074"/><temp name="T1123"/><temp name="T1060"/><temp name="T1086"/><temp name="T1125"/><temp name="T1014"/><temp name="T1011"/><temp name="T1048"/><temp name="T1111"/><temp name="T943"/><temp name="T1115"/><temp name="T1000"/><temp name="T6"/><temp name="T960"/><temp name="T1092"/><temp name="T1100"/><temp name="T1152"/><temp name="T995"/><temp name="T1096"/><temp name="T928"/><temp name="T1036"/><temp name="T940"/><temp name="T1065"/><temp name="T931"/><temp name="T991"/><temp name="T951"/><temp name="T1003"/><temp name="T1005"/><temp name="T1120"/></temps><temps name="out"><temp name="T1146"/><temp name="T954"/><temp name="T1080"/><temp name="T980"/><temp name="T1071"/><temp name="T988"/><temp name="T920"/><temp name="T1063"/><temp name="T1032"/><temp name="T1026"/><temp name="T1020"/><temp name="T945"/><temp name="T1157"/><temp name="T972"/><temp name="T1131"/><temp name="T1134"/><temp name="T1140"/><temp name="T1055"/><temp name="T976"/><temp name="T935"/><temp name="T1108"/><temp name="T1051"/><temp name="T966"/><temp name="T1040"/><temp name="T1074"/><temp name="T1123"/><temp name="T1060"/><temp name="T1086"/><temp name="T1125"/><temp name="T1014"/><temp name="T1011"/><temp name="T1048"/><temp name="T1111"/><temp name="T943"/><temp name="T1115"/><temp name="T1000"/><temp name="T6"/><temp name="T960"/><temp name="T1092"/><temp name="T1100"/><temp name="T1152"/><temp name="T995"/><temp name="T1096"/><temp name="T928"/><temp name="T1036"/><temp name="T940"/><temp name="T1065"/><temp name="T931"/><temp name="T991"/><temp name="T951"/><temp name="T924"/><temp name="T1003"/><temp name="T1005"/><temp name="T1120"/></temps></instruction><instruction code="GO T924, T924, 0"><temps name="use"><temp name="T924"/></temps><temps name="def"><temp name="T924"/></temps><temps name="in"><temp name="T1146"/><temp name="T954"/><temp name="T1080"/><temp name="T980"/><temp name="T1071"/><temp name="T988"/><temp name="T920"/><temp name="T1063"/><temp name="T1032"/><temp name="T1026"/><temp name="T1020"/><temp name="T945"/><temp name="T1157"/><temp name="T972"/><temp name="T1131"/><temp name="T1134"/><temp name="T1140"/><temp name="T1055"/><temp name="T976"/><temp name="T935"/><temp name="T1108"/><temp name="T1051"/><temp name="T966"/><temp name="T1040"/><temp name="T1074"/><temp name="T1123"/><temp name="T1060"/><temp name="T1086"/><temp name="T1125"/><temp name="T1014"/><temp name="T1011"/><temp name="T1048"/><temp name="T1111"/><temp name="T943"/><temp name="T1115"/><temp name="T1000"/><temp name="T6"/><temp name="T960"/><temp name="T1092"/><temp name="T1100"/><temp name="T1152"/><temp name="T995"/><temp name="T1096"/><temp name="T928"/><temp name="T1036"/><temp name="T940"/><temp name="T1065"/><temp name="T931"/><temp name="T991"/><temp name="T951"/><temp name="T924"/><temp name="T1003"/><temp name="T1005"/><temp name="T1120"/></temps><temps name="out"><temp name="T1146"/><temp name="T954"/><temp name="T1080"/><temp name="T980"/><temp name="T1071"/><temp name="T988"/><temp name="T920"/><temp name="T1063"/><temp name="T1032"/><temp name="T1026"/><temp name="T1020"/><temp name="T945"/><temp name="T1157"/><temp name="T972"/><temp name="T1131"/><temp name="T1134"/><temp name="T1140"/><temp name="T1055"/><temp name="T976"/><temp name="T935"/><temp name="T1108"/><temp name="T1051"/><temp name="T966"/><temp name="T1040"/><temp name="T1074"/><temp name="T1123"/><temp name="T1060"/><temp name="T1086"/><temp name="T1125"/><temp name="T1014"/><temp name="T1011"/><temp name="T1048"/><temp name="T1111"/><temp name="T943"/><temp name="T1115"/><temp name="T1000"/><temp name="T6"/><temp name="T960"/><temp name="T1092"/><temp name="T1100"/><temp name="T1152"/><temp name="T995"/><temp name="T1096"/><temp name="T928"/><temp name="T1036"/><temp name="T940"/><temp name="T1065"/><temp name="T931"/><temp name="T991"/><temp name="T951"/><temp name="T1003"/><temp name="T1005"/><temp name="T1120"/></temps></instruction><instruction code="L8"><temps name="use"/><temps name="def"/><temps name="in"><temp name="T1146"/><temp name="T954"/><temp name="T1080"/><temp name="T980"/><temp name="T1071"/><temp name="T988"/><temp name="T920"/><temp name="T1063"/><temp name="T1032"/><temp name="T1026"/><temp name="T1020"/><temp name="T945"/><temp name="T1157"/><temp name="T972"/><temp name="T1131"/><temp name="T1134"/><temp name="T1140"/><temp name="T1055"/><temp name="T976"/><temp name="T935"/><temp name="T1108"/><temp name="T1051"/><temp name="T966"/><temp name="T1040"/><temp name="T1074"/><temp name="T1123"/><temp name="T1060"/><temp name="T1086"/><temp name="T1125"/><temp name="T1014"/><temp name="T1011"/><temp name="T1048"/><temp name="T1111"/><temp name="T943"/><temp name="T1115"/><temp name="T1000"/><temp name="T6"/><temp name="T960"/><temp name="T1092"/><temp name="T1100"/><temp name="T1152"/><temp name="T995"/><temp name="T1096"/><temp name="T928"/><temp name="T1036"/><temp name="T940"/><temp name="T1065"/><temp name="T931"/><temp name="T991"/><temp name="T951"/><temp name="T1003"/><temp name="T1005"/><temp name="T1120"/></temps><temps name="out"><temp name="T1146"/><temp name="T954"/><temp name="T1080"/><temp name="T980"/><temp name="T1071"/><temp name="T988"/><temp name="T920"/><temp name="T1063"/><temp name="T1032"/><temp name="T1026"/><temp name="T1020"/><temp name="T945"/><temp name="T1157"/><temp name="T972"/><temp name="T1131"/><temp name="T1134"/><temp name="T1140"/><temp name="T1055"/><temp name="T976"/><temp name="T935"/><temp name="T1108"/><temp name="T1051"/><temp name="T966"/><temp name="T1040"/><temp name="T1074"/><temp name="T1123"/><temp name="T1060"/><temp name="T1086"/><temp name="T1125"/><temp name="T1014"/><temp name="T1011"/><temp name="T1048"/><temp name="T1111"/><temp name="T943"/><temp name="T1115"/><temp name="T1000"/><temp name="T6"/><temp name="T960"/><temp name="T1092"/><temp name="T1100"/><temp name="T1152"/><temp name="T995"/><temp name="T1096"/><temp name="T928"/><temp name="T1036"/><temp name="T940"/><temp name="T1065"/><temp name="T931"/><temp name="T991"/><temp name="T951"/><temp name="T1003"/><temp name="T1005"/><temp name="T1120"/></temps></instruction><instruction code="SETL  T925, 0"><temps name="use"/><temps name="def"><temp name="T925"/></temps><temps name="in"><temp name="T1146"/><temp name="T954"/><temp name="T1080"/><temp name="T980"/><temp name="T1071"/><temp name="T988"/><temp name="T920"/><temp name="T1063"/><temp name="T1032"/><temp name="T1026"/><temp name="T1020"/><temp name="T945"/><temp name="T1157"/><temp name="T972"/><temp name="T1131"/><temp name="T1134"/><temp name="T1140"/><temp name="T1055"/><temp name="T976"/><temp name="T935"/><temp name="T1108"/><temp name="T1051"/><temp name="T966"/><temp name="T1040"/><temp name="T1074"/><temp name="T1123"/><temp name="T1060"/><temp name="T1086"/><temp name="T1125"/><temp name="T1014"/><temp name="T1011"/><temp name="T1048"/><temp name="T1111"/><temp name="T943"/><temp name="T1115"/><temp name="T1000"/><temp name="T6"/><temp name="T960"/><temp name="T1092"/><temp name="T1100"/><temp name="T1152"/><temp name="T995"/><temp name="T1096"/><temp name="T928"/><temp name="T1036"/><temp name="T940"/><temp name="T1065"/><temp name="T931"/><temp name="T991"/><temp name="T951"/><temp name="T1003"/><temp name="T1005"/><temp name="T1120"/></temps><temps name="out"><temp name="T1146"/><temp name="T954"/><temp name="T1080"/><temp name="T980"/><temp name="T1071"/><temp name="T988"/><temp name="T920"/><temp name="T1063"/><temp name="T1032"/><temp name="T1026"/><temp name="T1020"/><temp name="T945"/><temp name="T1157"/><temp name="T972"/><temp name="T1131"/><temp name="T1134"/><temp name="T1140"/><temp name="T1055"/><temp name="T976"/><temp name="T935"/><temp name="T1108"/><temp name="T1051"/><temp name="T966"/><temp name="T1040"/><temp name="T1074"/><temp name="T1123"/><temp name="T1060"/><temp name="T1086"/><temp name="T1125"/><temp name="T1014"/><temp name="T1011"/><temp name="T1048"/><temp name="T1111"/><temp name="T943"/><temp name="T1115"/><temp name="T1000"/><temp name="T6"/><temp name="T960"/><temp name="T1092"/><temp name="T1100"/><temp name="T1152"/><temp name="T995"/><temp name="T1096"/><temp name="T928"/><temp name="T1036"/><temp name="T940"/><temp name="T1065"/><temp name="T931"/><temp name="T991"/><temp name="T951"/><temp name="T1003"/><temp name="T1005"/><temp name="T1120"/></temps></instruction><instruction code="INCML T925, 0"><temps name="use"/><temps name="def"><temp name="T925"/></temps><temps name="in"><temp name="T1146"/><temp name="T954"/><temp name="T1080"/><temp name="T980"/><temp name="T1071"/><temp name="T988"/><temp name="T920"/><temp name="T1063"/><temp name="T1032"/><temp name="T1026"/><temp name="T1020"/><temp name="T945"/><temp name="T1157"/><temp name="T972"/><temp name="T1131"/><temp name="T1134"/><temp name="T1140"/><temp name="T1055"/><temp name="T976"/><temp name="T935"/><temp name="T1108"/><temp name="T1051"/><temp name="T966"/><temp name="T1040"/><temp name="T1074"/><temp name="T1123"/><temp name="T1060"/><temp name="T1086"/><temp name="T1125"/><temp name="T1014"/><temp name="T1011"/><temp name="T1048"/><temp name="T1111"/><temp name="T943"/><temp name="T1115"/><temp name="T1000"/><temp name="T6"/><temp name="T960"/><temp name="T1092"/><temp name="T1100"/><temp name="T1152"/><temp name="T995"/><temp name="T1096"/><temp name="T928"/><temp name="T1036"/><temp name="T940"/><temp name="T1065"/><temp name="T931"/><temp name="T991"/><temp name="T951"/><temp name="T1003"/><temp name="T1005"/><temp name="T1120"/></temps><temps name="out"><temp name="T1146"/><temp name="T954"/><temp name="T1080"/><temp name="T980"/><temp name="T1071"/><temp name="T988"/><temp name="T920"/><temp name="T1063"/><temp name="T1032"/><temp name="T1026"/><temp name="T1020"/><temp name="T945"/><temp name="T1157"/><temp name="T972"/><temp name="T1131"/><temp name="T1134"/><temp name="T1140"/><temp name="T1055"/><temp name="T976"/><temp name="T935"/><temp name="T1108"/><temp name="T1051"/><temp name="T966"/><temp name="T1040"/><temp name="T1074"/><temp name="T1123"/><temp name="T1060"/><temp name="T1086"/><temp name="T1125"/><temp name="T1014"/><temp name="T1011"/><temp name="T1048"/><temp name="T1111"/><temp name="T943"/><temp name="T1115"/><temp name="T1000"/><temp name="T6"/><temp name="T960"/><temp name="T1092"/><temp name="T1100"/><temp name="T1152"/><temp name="T995"/><temp name="T1096"/><temp name="T928"/><temp name="T1036"/><temp name="T940"/><temp name="T1065"/><temp name="T931"/><temp name="T991"/><temp name="T951"/><temp name="T1003"/><temp name="T1005"/><temp name="T1120"/></temps></instruction><instruction code="INCMH T925, 0"><temps name="use"/><temps name="def"><temp name="T925"/></temps><temps name="in"><temp name="T1146"/><temp name="T954"/><temp name="T1080"/><temp name="T980"/><temp name="T1071"/><temp name="T988"/><temp name="T920"/><temp name="T1063"/><temp name="T1032"/><temp name="T1026"/><temp name="T1020"/><temp name="T945"/><temp name="T1157"/><temp name="T972"/><temp name="T1131"/><temp name="T1134"/><temp name="T1140"/><temp name="T1055"/><temp name="T976"/><temp name="T935"/><temp name="T1108"/><temp name="T1051"/><temp name="T966"/><temp name="T1040"/><temp name="T1074"/><temp name="T1123"/><temp name="T1060"/><temp name="T1086"/><temp name="T1125"/><temp name="T1014"/><temp name="T1011"/><temp name="T1048"/><temp name="T1111"/><temp name="T943"/><temp name="T1115"/><temp name="T1000"/><temp name="T6"/><temp name="T960"/><temp name="T1092"/><temp name="T1100"/><temp name="T1152"/><temp name="T995"/><temp name="T1096"/><temp name="T928"/><temp name="T1036"/><temp name="T940"/><temp name="T1065"/><temp name="T931"/><temp name="T991"/><temp name="T951"/><temp name="T1003"/><temp name="T1005"/><temp name="T1120"/></temps><temps name="out"><temp name="T1146"/><temp name="T954"/><temp name="T1080"/><temp name="T980"/><temp name="T1071"/><temp name="T988"/><temp name="T920"/><temp name="T1063"/><temp name="T1032"/><temp name="T1026"/><temp name="T1020"/><temp name="T945"/><temp name="T1157"/><temp name="T972"/><temp name="T1131"/><temp name="T1134"/><temp name="T1140"/><temp name="T1055"/><temp name="T976"/><temp name="T935"/><temp name="T1108"/><temp name="T1051"/><temp name="T966"/><temp name="T1040"/><temp name="T1074"/><temp name="T1123"/><temp name="T1060"/><temp name="T1086"/><temp name="T1125"/><temp name="T1014"/><temp name="T1011"/><temp name="T1048"/><temp name="T1111"/><temp name="T943"/><temp name="T1115"/><temp name="T1000"/><temp name="T6"/><temp name="T960"/><temp name="T1092"/><temp name="T1100"/><temp name="T1152"/><temp name="T995"/><temp name="T1096"/><temp name="T928"/><temp name="T1036"/><temp name="T940"/><temp name="T1065"/><temp name="T931"/><temp name="T991"/><temp name="T951"/><temp name="T1003"/><temp name="T1005"/><temp name="T1120"/></temps></instruction><instruction code="INCH  T925, 0"><temps name="use"/><temps name="def"><temp name="T925"/></temps><temps name="in"><temp name="T1146"/><temp name="T954"/><temp name="T1080"/><temp name="T980"/><temp name="T1071"/><temp name="T988"/><temp name="T920"/><temp name="T1063"/><temp name="T1032"/><temp name="T1026"/><temp name="T1020"/><temp name="T945"/><temp name="T1157"/><temp name="T972"/><temp name="T1131"/><temp name="T1134"/><temp name="T1140"/><temp name="T1055"/><temp name="T976"/><temp name="T935"/><temp name="T1108"/><temp name="T1051"/><temp name="T966"/><temp name="T1040"/><temp name="T1074"/><temp name="T1123"/><temp name="T1060"/><temp name="T1086"/><temp name="T1125"/><temp name="T1014"/><temp name="T1011"/><temp name="T1048"/><temp name="T1111"/><temp name="T943"/><temp name="T1115"/><temp name="T1000"/><temp name="T6"/><temp name="T960"/><temp name="T1092"/><temp name="T1100"/><temp name="T1152"/><temp name="T995"/><temp name="T1096"/><temp name="T928"/><temp name="T1036"/><temp name="T940"/><temp name="T1065"/><temp name="T931"/><temp name="T991"/><temp name="T951"/><temp name="T1003"/><temp name="T1005"/><temp name="T1120"/></temps><temps name="out"><temp name="T1146"/><temp name="T954"/><temp name="T1080"/><temp name="T980"/><temp name="T1071"/><temp name="T988"/><temp name="T920"/><temp name="T1063"/><temp name="T1032"/><temp name="T1026"/><temp name="T1020"/><temp name="T945"/><temp name="T1157"/><temp name="T972"/><temp name="T1131"/><temp name="T1134"/><temp name="T1140"/><temp name="T1055"/><temp name="T976"/><temp name="T935"/><temp name="T1108"/><temp name="T1051"/><temp name="T966"/><temp name="T1040"/><temp name="T1074"/><temp name="T1123"/><temp name="T1060"/><temp name="T1086"/><temp name="T1125"/><temp name="T925"/><temp name="T1014"/><temp name="T1011"/><temp name="T1048"/><temp name="T1111"/><temp name="T943"/><temp name="T1115"/><temp name="T1000"/><temp name="T6"/><temp name="T960"/><temp name="T1092"/><temp name="T1100"/><temp name="T1152"/><temp name="T995"/><temp name="T1096"/><temp name="T928"/><temp name="T1036"/><temp name="T940"/><temp name="T1065"/><temp name="T931"/><temp name="T991"/><temp name="T951"/><temp name="T1003"/><temp name="T1005"/><temp name="T1120"/></temps></instruction><instruction code="OR T45, T925, 0"><temps name="use"><temp name="T925"/></temps><temps name="def"><temp name="T45"/></temps><temps name="in"><temp name="T1146"/><temp name="T954"/><temp name="T1080"/><temp name="T980"/><temp name="T1071"/><temp name="T988"/><temp name="T920"/><temp name="T1063"/><temp name="T1032"/><temp name="T1026"/><temp name="T1020"/><temp name="T945"/><temp name="T1157"/><temp name="T972"/><temp name="T1131"/><temp name="T1134"/><temp name="T1140"/><temp name="T1055"/><temp name="T976"/><temp name="T935"/><temp name="T1108"/><temp name="T1051"/><temp name="T966"/><temp name="T1040"/><temp name="T1074"/><temp name="T1123"/><temp name="T1060"/><temp name="T1086"/><temp name="T1125"/><temp name="T925"/><temp name="T1014"/><temp name="T1011"/><temp name="T1048"/><temp name="T1111"/><temp name="T943"/><temp name="T1115"/><temp name="T1000"/><temp name="T6"/><temp name="T960"/><temp name="T1092"/><temp name="T1100"/><temp name="T1152"/><temp name="T995"/><temp name="T1096"/><temp name="T928"/><temp name="T1036"/><temp name="T940"/><temp name="T1065"/><temp name="T931"/><temp name="T991"/><temp name="T951"/><temp name="T1003"/><temp name="T1005"/><temp name="T1120"/></temps><temps name="out"><temp name="T1146"/><temp name="T954"/><temp name="T1080"/><temp name="T980"/><temp name="T1071"/><temp name="T988"/><temp name="T920"/><temp name="T1063"/><temp name="T1032"/><temp name="T1026"/><temp name="T1020"/><temp name="T945"/><temp name="T1157"/><temp name="T45"/><temp name="T972"/><temp name="T1131"/><temp name="T1134"/><temp name="T1140"/><temp name="T1055"/><temp name="T976"/><temp name="T935"/><temp name="T1108"/><temp name="T1051"/><temp name="T966"/><temp name="T1040"/><temp name="T1074"/><temp name="T1123"/><temp name="T1060"/><temp name="T1086"/><temp name="T1125"/><temp name="T1014"/><temp name="T1011"/><temp name="T1048"/><temp name="T1111"/><temp name="T943"/><temp name="T1115"/><temp name="T1000"/><temp name="T6"/><temp name="T960"/><temp name="T1092"/><temp name="T1100"/><temp name="T1152"/><temp name="T995"/><temp name="T1096"/><temp name="T928"/><temp name="T1036"/><temp name="T940"/><temp name="T1065"/><temp name="T931"/><temp name="T991"/><temp name="T951"/><temp name="T1003"/><temp name="T1005"/><temp name="T1120"/></temps></instruction><instruction code="OR T46, T6, 0"><temps name="use"><temp name="T6"/></temps><temps name="def"><temp name="T46"/></temps><temps name="in"><temp name="T1146"/><temp name="T954"/><temp name="T1080"/><temp name="T980"/><temp name="T1071"/><temp name="T988"/><temp name="T920"/><temp name="T1063"/><temp name="T1032"/><temp name="T1026"/><temp name="T1020"/><temp name="T945"/><temp name="T1157"/><temp name="T45"/><temp name="T972"/><temp name="T1131"/><temp name="T1134"/><temp name="T1140"/><temp name="T1055"/><temp name="T976"/><temp name="T935"/><temp name="T1108"/><temp name="T1051"/><temp name="T966"/><temp name="T1040"/><temp name="T1074"/><temp name="T1123"/><temp name="T1060"/><temp name="T1086"/><temp name="T1125"/><temp name="T1014"/><temp name="T1011"/><temp name="T1048"/><temp name="T1111"/><temp name="T943"/><temp name="T1115"/><temp name="T1000"/><temp name="T6"/><temp name="T960"/><temp name="T1092"/><temp name="T1100"/><temp name="T1152"/><temp name="T995"/><temp name="T1096"/><temp name="T928"/><temp name="T1036"/><temp name="T940"/><temp name="T1065"/><temp name="T931"/><temp name="T991"/><temp name="T951"/><temp name="T1003"/><temp name="T1005"/><temp name="T1120"/></temps><temps name="out"><temp name="T1146"/><temp name="T954"/><temp name="T1080"/><temp name="T980"/><temp name="T1071"/><temp name="T988"/><temp name="T920"/><temp name="T1063"/><temp name="T1032"/><temp name="T1026"/><temp name="T1020"/><temp name="T945"/><temp name="T1157"/><temp name="T45"/><temp name="T972"/><temp name="T1131"/><temp name="T1134"/><temp name="T1140"/><temp name="T1055"/><temp name="T976"/><temp name="T935"/><temp name="T1108"/><temp name="T1051"/><temp name="T966"/><temp name="T1040"/><temp name="T1074"/><temp name="T1123"/><temp name="T1060"/><temp name="T1086"/><temp name="T1125"/><temp name="T1014"/><temp name="T1011"/><temp name="T1048"/><temp name="T1111"/><temp name="T943"/><temp name="T1115"/><temp name="T1000"/><temp name="T6"/><temp name="T960"/><temp name="T1092"/><temp name="T1100"/><temp name="T1152"/><temp name="T995"/><temp name="T1096"/><temp name="T928"/><temp name="T1036"/><temp name="T940"/><temp name="T1065"/><temp name="T931"/><temp name="T991"/><temp name="T951"/><temp name="T46"/><temp name="T1003"/><temp name="T1005"/><temp name="T1120"/></temps></instruction><instruction code="SETL  T926, 8"><temps name="use"/><temps name="def"><temp name="T926"/></temps><temps name="in"><temp name="T1146"/><temp name="T954"/><temp name="T1080"/><temp name="T980"/><temp name="T1071"/><temp name="T988"/><temp name="T920"/><temp name="T1063"/><temp name="T1032"/><temp name="T1026"/><temp name="T1020"/><temp name="T945"/><temp name="T1157"/><temp name="T45"/><temp name="T972"/><temp name="T1131"/><temp name="T1134"/><temp name="T1140"/><temp name="T1055"/><temp name="T976"/><temp name="T935"/><temp name="T1108"/><temp name="T1051"/><temp name="T966"/><temp name="T1040"/><temp name="T1074"/><temp name="T1123"/><temp name="T1060"/><temp name="T1086"/><temp name="T1125"/><temp name="T1014"/><temp name="T1011"/><temp name="T1048"/><temp name="T1111"/><temp name="T943"/><temp name="T1115"/><temp name="T1000"/><temp name="T6"/><temp name="T960"/><temp name="T1092"/><temp name="T1100"/><temp name="T1152"/><temp name="T995"/><temp name="T1096"/><temp name="T928"/><temp name="T1036"/><temp name="T940"/><temp name="T1065"/><temp name="T931"/><temp name="T991"/><temp name="T951"/><temp name="T46"/><temp name="T1003"/><temp name="T1005"/><temp name="T1120"/></temps><temps name="out"><temp name="T1146"/><temp name="T954"/><temp name="T1080"/><temp name="T980"/><temp name="T1071"/><temp name="T988"/><temp name="T920"/><temp name="T1063"/><temp name="T1032"/><temp name="T1026"/><temp name="T1020"/><temp name="T945"/><temp name="T1157"/><temp name="T45"/><temp name="T972"/><temp name="T1131"/><temp name="T1134"/><temp name="T1140"/><temp name="T1055"/><temp name="T976"/><temp name="T935"/><temp name="T1108"/><temp name="T1051"/><temp name="T966"/><temp name="T1040"/><temp name="T1074"/><temp name="T1123"/><temp name="T1060"/><temp name="T1086"/><temp name="T1125"/><temp name="T1014"/><temp name="T1011"/><temp name="T1048"/><temp name="T1111"/><temp name="T943"/><temp name="T1115"/><temp name="T1000"/><temp name="T6"/><temp name="T960"/><temp name="T1092"/><temp name="T1100"/><temp name="T1152"/><temp name="T995"/><temp name="T1096"/><temp name="T928"/><temp name="T1036"/><temp name="T940"/><temp name="T1065"/><temp name="T931"/><temp name="T991"/><temp name="T951"/><temp name="T46"/><temp name="T1003"/><temp name="T1005"/><temp name="T1120"/></temps></instruction><instruction code="INCML T926, 0"><temps name="use"/><temps name="def"><temp name="T926"/></temps><temps name="in"><temp name="T1146"/><temp name="T954"/><temp name="T1080"/><temp name="T980"/><temp name="T1071"/><temp name="T988"/><temp name="T920"/><temp name="T1063"/><temp name="T1032"/><temp name="T1026"/><temp name="T1020"/><temp name="T945"/><temp name="T1157"/><temp name="T45"/><temp name="T972"/><temp name="T1131"/><temp name="T1134"/><temp name="T1140"/><temp name="T1055"/><temp name="T976"/><temp name="T935"/><temp name="T1108"/><temp name="T1051"/><temp name="T966"/><temp name="T1040"/><temp name="T1074"/><temp name="T1123"/><temp name="T1060"/><temp name="T1086"/><temp name="T1125"/><temp name="T1014"/><temp name="T1011"/><temp name="T1048"/><temp name="T1111"/><temp name="T943"/><temp name="T1115"/><temp name="T1000"/><temp name="T6"/><temp name="T960"/><temp name="T1092"/><temp name="T1100"/><temp name="T1152"/><temp name="T995"/><temp name="T1096"/><temp name="T928"/><temp name="T1036"/><temp name="T940"/><temp name="T1065"/><temp name="T931"/><temp name="T991"/><temp name="T951"/><temp name="T46"/><temp name="T1003"/><temp name="T1005"/><temp name="T1120"/></temps><temps name="out"><temp name="T1146"/><temp name="T954"/><temp name="T1080"/><temp name="T980"/><temp name="T1071"/><temp name="T988"/><temp name="T920"/><temp name="T1063"/><temp name="T1032"/><temp name="T1026"/><temp name="T1020"/><temp name="T945"/><temp name="T1157"/><temp name="T45"/><temp name="T972"/><temp name="T1131"/><temp name="T1134"/><temp name="T1140"/><temp name="T1055"/><temp name="T976"/><temp name="T935"/><temp name="T1108"/><temp name="T1051"/><temp name="T966"/><temp name="T1040"/><temp name="T1074"/><temp name="T1123"/><temp name="T1060"/><temp name="T1086"/><temp name="T1125"/><temp name="T1014"/><temp name="T1011"/><temp name="T1048"/><temp name="T1111"/><temp name="T943"/><temp name="T1115"/><temp name="T1000"/><temp name="T6"/><temp name="T960"/><temp name="T1092"/><temp name="T1100"/><temp name="T1152"/><temp name="T995"/><temp name="T1096"/><temp name="T928"/><temp name="T1036"/><temp name="T940"/><temp name="T1065"/><temp name="T931"/><temp name="T991"/><temp name="T951"/><temp name="T46"/><temp name="T1003"/><temp name="T1005"/><temp name="T1120"/></temps></instruction><instruction code="INCMH T926, 0"><temps name="use"/><temps name="def"><temp name="T926"/></temps><temps name="in"><temp name="T1146"/><temp name="T954"/><temp name="T1080"/><temp name="T980"/><temp name="T1071"/><temp name="T988"/><temp name="T920"/><temp name="T1063"/><temp name="T1032"/><temp name="T1026"/><temp name="T1020"/><temp name="T945"/><temp name="T1157"/><temp name="T45"/><temp name="T972"/><temp name="T1131"/><temp name="T1134"/><temp name="T1140"/><temp name="T1055"/><temp name="T976"/><temp name="T935"/><temp name="T1108"/><temp name="T1051"/><temp name="T966"/><temp name="T1040"/><temp name="T1074"/><temp name="T1123"/><temp name="T1060"/><temp name="T1086"/><temp name="T1125"/><temp name="T1014"/><temp name="T1011"/><temp name="T1048"/><temp name="T1111"/><temp name="T943"/><temp name="T1115"/><temp name="T1000"/><temp name="T6"/><temp name="T960"/><temp name="T1092"/><temp name="T1100"/><temp name="T1152"/><temp name="T995"/><temp name="T1096"/><temp name="T928"/><temp name="T1036"/><temp name="T940"/><temp name="T1065"/><temp name="T931"/><temp name="T991"/><temp name="T951"/><temp name="T46"/><temp name="T1003"/><temp name="T1005"/><temp name="T1120"/></temps><temps name="out"><temp name="T1146"/><temp name="T954"/><temp name="T1080"/><temp name="T980"/><temp name="T1071"/><temp name="T988"/><temp name="T920"/><temp name="T1063"/><temp name="T1032"/><temp name="T1026"/><temp name="T1020"/><temp name="T945"/><temp name="T1157"/><temp name="T45"/><temp name="T972"/><temp name="T1131"/><temp name="T1134"/><temp name="T1140"/><temp name="T1055"/><temp name="T976"/><temp name="T935"/><temp name="T1108"/><temp name="T1051"/><temp name="T966"/><temp name="T1040"/><temp name="T1074"/><temp name="T1123"/><temp name="T1060"/><temp name="T1086"/><temp name="T1125"/><temp name="T1014"/><temp name="T1011"/><temp name="T1048"/><temp name="T1111"/><temp name="T943"/><temp name="T1115"/><temp name="T1000"/><temp name="T6"/><temp name="T960"/><temp name="T1092"/><temp name="T1100"/><temp name="T1152"/><temp name="T995"/><temp name="T1096"/><temp name="T928"/><temp name="T1036"/><temp name="T940"/><temp name="T1065"/><temp name="T931"/><temp name="T991"/><temp name="T951"/><temp name="T46"/><temp name="T1003"/><temp name="T1005"/><temp name="T1120"/></temps></instruction><instruction code="INCH  T926, 0"><temps name="use"/><temps name="def"><temp name="T926"/></temps><temps name="in"><temp name="T1146"/><temp name="T954"/><temp name="T1080"/><temp name="T980"/><temp name="T1071"/><temp name="T988"/><temp name="T920"/><temp name="T1063"/><temp name="T1032"/><temp name="T1026"/><temp name="T1020"/><temp name="T945"/><temp name="T1157"/><temp name="T45"/><temp name="T972"/><temp name="T1131"/><temp name="T1134"/><temp name="T1140"/><temp name="T1055"/><temp name="T976"/><temp name="T935"/><temp name="T1108"/><temp name="T1051"/><temp name="T966"/><temp name="T1040"/><temp name="T1074"/><temp name="T1123"/><temp name="T1060"/><temp name="T1086"/><temp name="T1125"/><temp name="T1014"/><temp name="T1011"/><temp name="T1048"/><temp name="T1111"/><temp name="T943"/><temp name="T1115"/><temp name="T1000"/><temp name="T6"/><temp name="T960"/><temp name="T1092"/><temp name="T1100"/><temp name="T1152"/><temp name="T995"/><temp name="T1096"/><temp name="T928"/><temp name="T1036"/><temp name="T940"/><temp name="T1065"/><temp name="T931"/><temp name="T991"/><temp name="T951"/><temp name="T46"/><temp name="T1003"/><temp name="T1005"/><temp name="T1120"/></temps><temps name="out"><temp name="T1146"/><temp name="T954"/><temp name="T1080"/><temp name="T980"/><temp name="T1071"/><temp name="T988"/><temp name="T920"/><temp name="T1063"/><temp name="T1032"/><temp name="T1026"/><temp name="T1020"/><temp name="T945"/><temp name="T1157"/><temp name="T45"/><temp name="T972"/><temp name="T1131"/><temp name="T1134"/><temp name="T1140"/><temp name="T1055"/><temp name="T976"/><temp name="T935"/><temp name="T1108"/><temp name="T1051"/><temp name="T966"/><temp name="T1040"/><temp name="T1074"/><temp name="T1123"/><temp name="T1060"/><temp name="T1086"/><temp name="T1125"/><temp name="T1014"/><temp name="T926"/><temp name="T1011"/><temp name="T1048"/><temp name="T1111"/><temp name="T943"/><temp name="T1115"/><temp name="T1000"/><temp name="T6"/><temp name="T960"/><temp name="T1092"/><temp name="T1100"/><temp name="T1152"/><temp name="T995"/><temp name="T1096"/><temp name="T928"/><temp name="T1036"/><temp name="T940"/><temp name="T1065"/><temp name="T931"/><temp name="T991"/><temp name="T951"/><temp name="T46"/><temp name="T1003"/><temp name="T1005"/><temp name="T1120"/></temps></instruction><instruction code="NEG T926, 0, T926"><temps name="use"><temp name="T926"/></temps><temps name="def"><temp name="T926"/></temps><temps name="in"><temp name="T1146"/><temp name="T954"/><temp name="T1080"/><temp name="T980"/><temp name="T1071"/><temp name="T988"/><temp name="T920"/><temp name="T1063"/><temp name="T1032"/><temp name="T1026"/><temp name="T1020"/><temp name="T945"/><temp name="T1157"/><temp name="T45"/><temp name="T972"/><temp name="T1131"/><temp name="T1134"/><temp name="T1140"/><temp name="T1055"/><temp name="T976"/><temp name="T935"/><temp name="T1108"/><temp name="T1051"/><temp name="T966"/><temp name="T1040"/><temp name="T1074"/><temp name="T1123"/><temp name="T1060"/><temp name="T1086"/><temp name="T1125"/><temp name="T1014"/><temp name="T926"/><temp name="T1011"/><temp name="T1048"/><temp name="T1111"/><temp name="T943"/><temp name="T1115"/><temp name="T1000"/><temp name="T6"/><temp name="T960"/><temp name="T1092"/><temp name="T1100"/><temp name="T1152"/><temp name="T995"/><temp name="T1096"/><temp name="T928"/><temp name="T1036"/><temp name="T940"/><temp name="T1065"/><temp name="T931"/><temp name="T991"/><temp name="T951"/><temp name="T46"/><temp name="T1003"/><temp name="T1005"/><temp name="T1120"/></temps><temps name="out"><temp name="T1146"/><temp name="T954"/><temp name="T1080"/><temp name="T980"/><temp name="T1071"/><temp name="T988"/><temp name="T920"/><temp name="T1063"/><temp name="T1032"/><temp name="T1026"/><temp name="T1020"/><temp name="T945"/><temp name="T1157"/><temp name="T45"/><temp name="T972"/><temp name="T1131"/><temp name="T1134"/><temp name="T1140"/><temp name="T1055"/><temp name="T976"/><temp name="T935"/><temp name="T1108"/><temp name="T1051"/><temp name="T966"/><temp name="T1040"/><temp name="T1074"/><temp name="T1123"/><temp name="T1060"/><temp name="T1086"/><temp name="T1125"/><temp name="T1014"/><temp name="T926"/><temp name="T1011"/><temp name="T1048"/><temp name="T1111"/><temp name="T943"/><temp name="T1115"/><temp name="T1000"/><temp name="T6"/><temp name="T960"/><temp name="T1092"/><temp name="T1100"/><temp name="T1152"/><temp name="T995"/><temp name="T1096"/><temp name="T928"/><temp name="T1036"/><temp name="T940"/><temp name="T1065"/><temp name="T931"/><temp name="T991"/><temp name="T951"/><temp name="T46"/><temp name="T1003"/><temp name="T1005"/><temp name="T1120"/></temps></instruction><instruction code="OR T47, T926, 0"><temps name="use"><temp name="T926"/></temps><temps name="def"><temp name="T47"/></temps><temps name="in"><temp name="T1146"/><temp name="T954"/><temp name="T1080"/><temp name="T980"/><temp name="T1071"/><temp name="T988"/><temp name="T920"/><temp name="T1063"/><temp name="T1032"/><temp name="T1026"/><temp name="T1020"/><temp name="T945"/><temp name="T1157"/><temp name="T45"/><temp name="T972"/><temp name="T1131"/><temp name="T1134"/><temp name="T1140"/><temp name="T1055"/><temp name="T976"/><temp name="T935"/><temp name="T1108"/><temp name="T1051"/><temp name="T966"/><temp name="T1040"/><temp name="T1074"/><temp name="T1123"/><temp name="T1060"/><temp name="T1086"/><temp name="T1125"/><temp name="T1014"/><temp name="T926"/><temp name="T1011"/><temp name="T1048"/><temp name="T1111"/><temp name="T943"/><temp name="T1115"/><temp name="T1000"/><temp name="T6"/><temp name="T960"/><temp name="T1092"/><temp name="T1100"/><temp name="T1152"/><temp name="T995"/><temp name="T1096"/><temp name="T928"/><temp name="T1036"/><temp name="T940"/><temp name="T1065"/><temp name="T931"/><temp name="T991"/><temp name="T951"/><temp name="T46"/><temp name="T1003"/><temp name="T1005"/><temp name="T1120"/></temps><temps name="out"><temp name="T1146"/><temp name="T954"/><temp name="T1080"/><temp name="T980"/><temp name="T1071"/><temp name="T988"/><temp name="T920"/><temp name="T1063"/><temp name="T1032"/><temp name="T47"/><temp name="T1026"/><temp name="T1020"/><temp name="T945"/><temp name="T1157"/><temp name="T45"/><temp name="T972"/><temp name="T1131"/><temp name="T1134"/><temp name="T1140"/><temp name="T1055"/><temp name="T976"/><temp name="T935"/><temp name="T1108"/><temp name="T1051"/><temp name="T966"/><temp name="T1040"/><temp name="T1074"/><temp name="T1123"/><temp name="T1060"/><temp name="T1086"/><temp name="T1125"/><temp name="T1014"/><temp name="T1011"/><temp name="T1048"/><temp name="T1111"/><temp name="T943"/><temp name="T1115"/><temp name="T1000"/><temp name="T6"/><temp name="T960"/><temp name="T1092"/><temp name="T1100"/><temp name="T1152"/><temp name="T995"/><temp name="T1096"/><temp name="T928"/><temp name="T1036"/><temp name="T940"/><temp name="T1065"/><temp name="T931"/><temp name="T991"/><temp name="T951"/><temp name="T46"/><temp name="T1003"/><temp name="T1005"/><temp name="T1120"/></temps></instruction><instruction code="ADD T927, T46, T47"><temps name="use"><temp name="T46"/><temp name="T47"/></temps><temps name="def"><temp name="T927"/></temps><temps name="in"><temp name="T1146"/><temp name="T954"/><temp name="T1080"/><temp name="T980"/><temp name="T1071"/><temp name="T988"/><temp name="T920"/><temp name="T1063"/><temp name="T1032"/><temp name="T47"/><temp name="T1026"/><temp name="T1020"/><temp name="T945"/><temp name="T1157"/><temp name="T45"/><temp name="T972"/><temp name="T1131"/><temp name="T1134"/><temp name="T1140"/><temp name="T1055"/><temp name="T976"/><temp name="T935"/><temp name="T1108"/><temp name="T1051"/><temp name="T966"/><temp name="T1040"/><temp name="T1074"/><temp name="T1123"/><temp name="T1060"/><temp name="T1086"/><temp name="T1125"/><temp name="T1014"/><temp name="T1011"/><temp name="T1048"/><temp name="T1111"/><temp name="T943"/><temp name="T1115"/><temp name="T1000"/><temp name="T6"/><temp name="T960"/><temp name="T1092"/><temp name="T1100"/><temp name="T1152"/><temp name="T995"/><temp name="T1096"/><temp name="T928"/><temp name="T1036"/><temp name="T940"/><temp name="T1065"/><temp name="T931"/><temp name="T991"/><temp name="T951"/><temp name="T46"/><temp name="T1003"/><temp name="T1005"/><temp name="T1120"/></temps><temps name="out"><temp name="T1146"/><temp name="T954"/><temp name="T1080"/><temp name="T980"/><temp name="T1071"/><temp name="T988"/><temp name="T920"/><temp name="T1063"/><temp name="T1032"/><temp name="T1026"/><temp name="T1020"/><temp name="T945"/><temp name="T1157"/><temp name="T45"/><temp name="T972"/><temp name="T1131"/><temp name="T1134"/><temp name="T1140"/><temp name="T1055"/><temp name="T976"/><temp name="T935"/><temp name="T1108"/><temp name="T1051"/><temp name="T966"/><temp name="T1040"/><temp name="T1074"/><temp name="T1123"/><temp name="T1060"/><temp name="T1086"/><temp name="T1125"/><temp name="T1014"/><temp name="T1011"/><temp name="T1048"/><temp name="T1111"/><temp name="T943"/><temp name="T1115"/><temp name="T1000"/><temp name="T6"/><temp name="T960"/><temp name="T1092"/><temp name="T1100"/><temp name="T1152"/><temp name="T995"/><temp name="T1096"/><temp name="T928"/><temp name="T1036"/><temp name="T940"/><temp name="T1065"/><temp name="T927"/><temp name="T931"/><temp name="T991"/><temp name="T951"/><temp name="T1003"/><temp name="T1005"/><temp name="T1120"/></temps></instruction><instruction code="OR T48, T927, 0"><temps name="use"><temp name="T927"/></temps><temps name="def"><temp name="T48"/></temps><temps name="in"><temp name="T1146"/><temp name="T954"/><temp name="T1080"/><temp name="T980"/><temp name="T1071"/><temp name="T988"/><temp name="T920"/><temp name="T1063"/><temp name="T1032"/><temp name="T1026"/><temp name="T1020"/><temp name="T945"/><temp name="T1157"/><temp name="T45"/><temp name="T972"/><temp name="T1131"/><temp name="T1134"/><temp name="T1140"/><temp name="T1055"/><temp name="T976"/><temp name="T935"/><temp name="T1108"/><temp name="T1051"/><temp name="T966"/><temp name="T1040"/><temp name="T1074"/><temp name="T1123"/><temp name="T1060"/><temp name="T1086"/><temp name="T1125"/><temp name="T1014"/><temp name="T1011"/><temp name="T1048"/><temp name="T1111"/><temp name="T943"/><temp name="T1115"/><temp name="T1000"/><temp name="T6"/><temp name="T960"/><temp name="T1092"/><temp name="T1100"/><temp name="T1152"/><temp name="T995"/><temp name="T1096"/><temp name="T928"/><temp name="T1036"/><temp name="T940"/><temp name="T1065"/><temp name="T927"/><temp name="T931"/><temp name="T991"/><temp name="T951"/><temp name="T1003"/><temp name="T1005"/><temp name="T1120"/></temps><temps name="out"><temp name="T1146"/><temp name="T954"/><temp name="T1080"/><temp name="T980"/><temp name="T1071"/><temp name="T988"/><temp name="T920"/><temp name="T1063"/><temp name="T1032"/><temp name="T1026"/><temp name="T1020"/><temp name="T945"/><temp name="T1157"/><temp name="T45"/><temp name="T972"/><temp name="T1131"/><temp name="T1134"/><temp name="T1140"/><temp name="T1055"/><temp name="T976"/><temp name="T935"/><temp name="T1108"/><temp name="T1051"/><temp name="T966"/><temp name="T1040"/><temp name="T1074"/><temp name="T1123"/><temp name="T1060"/><temp name="T1086"/><temp name="T1125"/><temp name="T1014"/><temp name="T1011"/><temp name="T1048"/><temp name="T1111"/><temp name="T943"/><temp name="T1115"/><temp name="T1000"/><temp name="T6"/><temp name="T960"/><temp name="T1092"/><temp name="T1100"/><temp name="T1152"/><temp name="T995"/><temp name="T1096"/><temp name="T928"/><temp name="T1036"/><temp name="T940"/><temp name="T1065"/><temp name="T931"/><temp name="T991"/><temp name="T951"/><temp name="T1003"/><temp name="T1005"/><temp name="T1120"/></temps></instruction><instruction code="LDO T929, T928, 0"><temps name="use"><temp name="T928"/></temps><temps name="def"><temp name="T929"/></temps><temps name="in"><temp name="T1146"/><temp name="T954"/><temp name="T1080"/><temp name="T980"/><temp name="T1071"/><temp name="T988"/><temp name="T920"/><temp name="T1063"/><temp name="T1032"/><temp name="T1026"/><temp name="T1020"/><temp name="T945"/><temp name="T1157"/><temp name="T45"/><temp name="T972"/><temp name="T1131"/><temp name="T1134"/><temp name="T1140"/><temp name="T1055"/><temp name="T976"/><temp name="T935"/><temp name="T1108"/><temp name="T1051"/><temp name="T966"/><temp name="T1040"/><temp name="T1074"/><temp name="T1123"/><temp name="T1060"/><temp name="T1086"/><temp name="T1125"/><temp name="T1014"/><temp name="T1011"/><temp name="T1048"/><temp name="T1111"/><temp name="T943"/><temp name="T1115"/><temp name="T1000"/><temp name="T6"/><temp name="T960"/><temp name="T1092"/><temp name="T1100"/><temp name="T1152"/><temp name="T995"/><temp name="T1096"/><temp name="T928"/><temp name="T1036"/><temp name="T940"/><temp name="T1065"/><temp name="T931"/><temp name="T991"/><temp name="T951"/><temp name="T1003"/><temp name="T1005"/><temp name="T1120"/></temps><temps name="out"><temp name="T1146"/><temp name="T954"/><temp name="T1080"/><temp name="T980"/><temp name="T1071"/><temp name="T988"/><temp name="T920"/><temp name="T1063"/><temp name="T1032"/><temp name="T1026"/><temp name="T1020"/><temp name="T945"/><temp name="T1157"/><temp name="T45"/><temp name="T972"/><temp name="T1131"/><temp name="T1134"/><temp name="T1140"/><temp name="T929"/><temp name="T1055"/><temp name="T976"/><temp name="T935"/><temp name="T1108"/><temp name="T1051"/><temp name="T966"/><temp name="T1040"/><temp name="T1074"/><temp name="T1123"/><temp name="T1060"/><temp name="T1086"/><temp name="T1125"/><temp name="T1014"/><temp name="T1011"/><temp name="T1048"/><temp name="T1111"/><temp name="T943"/><temp name="T1115"/><temp name="T1000"/><temp name="T6"/><temp name="T960"/><temp name="T1092"/><temp name="T1100"/><temp name="T1152"/><temp name="T995"/><temp name="T1096"/><temp name="T928"/><temp name="T1036"/><temp name="T940"/><temp name="T1065"/><temp name="T931"/><temp name="T991"/><temp name="T951"/><temp name="T1003"/><temp name="T1005"/><temp name="T1120"/></temps></instruction><instruction code="OR T49, T929, 0"><temps name="use"><temp name="T929"/></temps><temps name="def"><temp name="T49"/></temps><temps name="in"><temp name="T1146"/><temp name="T954"/><temp name="T1080"/><temp name="T980"/><temp name="T1071"/><temp name="T988"/><temp name="T920"/><temp name="T1063"/><temp name="T1032"/><temp name="T1026"/><temp name="T1020"/><temp name="T945"/><temp name="T1157"/><temp name="T45"/><temp name="T972"/><temp name="T1131"/><temp name="T1134"/><temp name="T1140"/><temp name="T929"/><temp name="T1055"/><temp name="T976"/><temp name="T935"/><temp name="T1108"/><temp name="T1051"/><temp name="T966"/><temp name="T1040"/><temp name="T1074"/><temp name="T1123"/><temp name="T1060"/><temp name="T1086"/><temp name="T1125"/><temp name="T1014"/><temp name="T1011"/><temp name="T1048"/><temp name="T1111"/><temp name="T943"/><temp name="T1115"/><temp name="T1000"/><temp name="T6"/><temp name="T960"/><temp name="T1092"/><temp name="T1100"/><temp name="T1152"/><temp name="T995"/><temp name="T1096"/><temp name="T928"/><temp name="T1036"/><temp name="T940"/><temp name="T1065"/><temp name="T931"/><temp name="T991"/><temp name="T951"/><temp name="T1003"/><temp name="T1005"/><temp name="T1120"/></temps><temps name="out"><temp name="T1146"/><temp name="T954"/><temp name="T1080"/><temp name="T980"/><temp name="T1071"/><temp name="T988"/><temp name="T920"/><temp name="T1063"/><temp name="T1032"/><temp name="T1026"/><temp name="T1020"/><temp name="T945"/><temp name="T1157"/><temp name="T45"/><temp name="T972"/><temp name="T1131"/><temp name="T1134"/><temp name="T1140"/><temp name="T1055"/><temp name="T976"/><temp name="T49"/><temp name="T935"/><temp name="T1108"/><temp name="T1051"/><temp name="T966"/><temp name="T1040"/><temp name="T1074"/><temp name="T1123"/><temp name="T1060"/><temp name="T1086"/><temp name="T1125"/><temp name="T1014"/><temp name="T1011"/><temp name="T1048"/><temp name="T1111"/><temp name="T943"/><temp name="T1115"/><temp name="T1000"/><temp name="T6"/><temp name="T960"/><temp name="T1092"/><temp name="T1100"/><temp name="T1152"/><temp name="T995"/><temp name="T1096"/><temp name="T928"/><temp name="T1036"/><temp name="T940"/><temp name="T1065"/><temp name="T931"/><temp name="T991"/><temp name="T951"/><temp name="T1003"/><temp name="T1005"/><temp name="T1120"/></temps></instruction><instruction code="STO T45, $254, 8"><temps name="use"><temp name="T45"/></temps><temps name="def"/><temps name="in"><temp name="T1146"/><temp name="T954"/><temp name="T1080"/><temp name="T980"/><temp name="T1071"/><temp name="T988"/><temp name="T920"/><temp name="T1063"/><temp name="T1032"/><temp name="T1026"/><temp name="T1020"/><temp name="T945"/><temp name="T1157"/><temp name="T45"/><temp name="T972"/><temp name="T1131"/><temp name="T1134"/><temp name="T1140"/><temp name="T1055"/><temp name="T976"/><temp name="T49"/><temp name="T935"/><temp name="T1108"/><temp name="T1051"/><temp name="T966"/><temp name="T1040"/><temp name="T1074"/><temp name="T1123"/><temp name="T1060"/><temp name="T1086"/><temp name="T1125"/><temp name="T1014"/><temp name="T1011"/><temp name="T1048"/><temp name="T1111"/><temp name="T943"/><temp name="T1115"/><temp name="T1000"/><temp name="T6"/><temp name="T960"/><temp name="T1092"/><temp name="T1100"/><temp name="T1152"/><temp name="T995"/><temp name="T1096"/><temp name="T928"/><temp name="T1036"/><temp name="T940"/><temp name="T1065"/><temp name="T931"/><temp name="T991"/><temp name="T951"/><temp name="T1003"/><temp name="T1005"/><temp name="T1120"/></temps><temps name="out"><temp name="T1146"/><temp name="T954"/><temp name="T1080"/><temp name="T980"/><temp name="T1071"/><temp name="T988"/><temp name="T920"/><temp name="T1063"/><temp name="T1032"/><temp name="T1026"/><temp name="T1020"/><temp name="T945"/><temp name="T1157"/><temp name="T972"/><temp name="T1131"/><temp name="T1134"/><temp name="T1140"/><temp name="T1055"/><temp name="T976"/><temp name="T49"/><temp name="T935"/><temp name="T1108"/><temp name="T1051"/><temp name="T966"/><temp name="T1040"/><temp name="T1074"/><temp name="T1123"/><temp name="T1060"/><temp name="T1086"/><temp name="T1125"/><temp name="T1014"/><temp name="T1011"/><temp name="T1048"/><temp name="T1111"/><temp name="T943"/><temp name="T1115"/><temp name="T1000"/><temp name="T6"/><temp name="T960"/><temp name="T1092"/><temp name="T1100"/><temp name="T1152"/><temp name="T995"/><temp name="T1096"/><temp name="T928"/><temp name="T1036"/><temp name="T940"/><temp name="T1065"/><temp name="T931"/><temp name="T991"/><temp name="T951"/><temp name="T1003"/><temp name="T1005"/><temp name="T1120"/></temps></instruction><instruction code="STO T49, $254, 16"><temps name="use"><temp name="T49"/></temps><temps name="def"/><temps name="in"><temp name="T1146"/><temp name="T954"/><temp name="T1080"/><temp name="T980"/><temp name="T1071"/><temp name="T988"/><temp name="T920"/><temp name="T1063"/><temp name="T1032"/><temp name="T1026"/><temp name="T1020"/><temp name="T945"/><temp name="T1157"/><temp name="T972"/><temp name="T1131"/><temp name="T1134"/><temp name="T1140"/><temp name="T1055"/><temp name="T976"/><temp name="T49"/><temp name="T935"/><temp name="T1108"/><temp name="T1051"/><temp name="T966"/><temp name="T1040"/><temp name="T1074"/><temp name="T1123"/><temp name="T1060"/><temp name="T1086"/><temp name="T1125"/><temp name="T1014"/><temp name="T1011"/><temp name="T1048"/><temp name="T1111"/><temp name="T943"/><temp name="T1115"/><temp name="T1000"/><temp name="T6"/><temp name="T960"/><temp name="T1092"/><temp name="T1100"/><temp name="T1152"/><temp name="T995"/><temp name="T1096"/><temp name="T928"/><temp name="T1036"/><temp name="T940"/><temp name="T1065"/><temp name="T931"/><temp name="T991"/><temp name="T951"/><temp name="T1003"/><temp name="T1005"/><temp name="T1120"/></temps><temps name="out"><temp name="T1146"/><temp name="T954"/><temp name="T1080"/><temp name="T980"/><temp name="T1071"/><temp name="T988"/><temp name="T920"/><temp name="T1063"/><temp name="T1032"/><temp name="T1026"/><temp name="T1020"/><temp name="T945"/><temp name="T1157"/><temp name="T972"/><temp name="T1131"/><temp name="T1134"/><temp name="T1140"/><temp name="T1055"/><temp name="T976"/><temp name="T935"/><temp name="T1108"/><temp name="T1051"/><temp name="T966"/><temp name="T1040"/><temp name="T1074"/><temp name="T1123"/><temp name="T1060"/><temp name="T1086"/><temp name="T1125"/><temp name="T1014"/><temp name="T1011"/><temp name="T1048"/><temp name="T1111"/><temp name="T943"/><temp name="T1115"/><temp name="T1000"/><temp name="T6"/><temp name="T960"/><temp name="T1092"/><temp name="T1100"/><temp name="T1152"/><temp name="T995"/><temp name="T1096"/><temp name="T928"/><temp name="T1036"/><temp name="T940"/><temp name="T1065"/><temp name="T931"/><temp name="T991"/><temp name="T951"/><temp name="T1003"/><temp name="T1005"/><temp name="T1120"/></temps></instruction><instruction code="LDA T930, _putInt"><temps name="use"/><temps name="def"><temp name="T930"/></temps><temps name="in"><temp name="T1146"/><temp name="T954"/><temp name="T1080"/><temp name="T980"/><temp name="T1071"/><temp name="T988"/><temp name="T920"/><temp name="T1063"/><temp name="T1032"/><temp name="T1026"/><temp name="T1020"/><temp name="T945"/><temp name="T1157"/><temp name="T972"/><temp name="T1131"/><temp name="T1134"/><temp name="T1140"/><temp name="T1055"/><temp name="T976"/><temp name="T935"/><temp name="T1108"/><temp name="T1051"/><temp name="T966"/><temp name="T1040"/><temp name="T1074"/><temp name="T1123"/><temp name="T1060"/><temp name="T1086"/><temp name="T1125"/><temp name="T1014"/><temp name="T1011"/><temp name="T1048"/><temp name="T1111"/><temp name="T943"/><temp name="T1115"/><temp name="T1000"/><temp name="T6"/><temp name="T960"/><temp name="T1092"/><temp name="T1100"/><temp name="T1152"/><temp name="T995"/><temp name="T1096"/><temp name="T928"/><temp name="T1036"/><temp name="T940"/><temp name="T1065"/><temp name="T931"/><temp name="T991"/><temp name="T951"/><temp name="T1003"/><temp name="T1005"/><temp name="T1120"/></temps><temps name="out"><temp name="T1146"/><temp name="T954"/><temp name="T1080"/><temp name="T980"/><temp name="T1071"/><temp name="T988"/><temp name="T930"/><temp name="T920"/><temp name="T1063"/><temp name="T1032"/><temp name="T1026"/><temp name="T1020"/><temp name="T945"/><temp name="T1157"/><temp name="T972"/><temp name="T1131"/><temp name="T1134"/><temp name="T1140"/><temp name="T1055"/><temp name="T976"/><temp name="T935"/><temp name="T1108"/><temp name="T1051"/><temp name="T966"/><temp name="T1040"/><temp name="T1074"/><temp name="T1123"/><temp name="T1060"/><temp name="T1086"/><temp name="T1125"/><temp name="T1014"/><temp name="T1011"/><temp name="T1048"/><temp name="T1111"/><temp name="T943"/><temp name="T1115"/><temp name="T1000"/><temp name="T6"/><temp name="T960"/><temp name="T1092"/><temp name="T1100"/><temp name="T1152"/><temp name="T995"/><temp name="T1096"/><temp name="T928"/><temp name="T1036"/><temp name="T940"/><temp name="T1065"/><temp name="T931"/><temp name="T991"/><temp name="T951"/><temp name="T1003"/><temp name="T1005"/><temp name="T1120"/></temps></instruction><instruction code="PUSHJ $15, T930, 0"><temps name="use"><temp name="T930"/></temps><temps name="def"/><temps name="in"><temp name="T1146"/><temp name="T954"/><temp name="T1080"/><temp name="T980"/><temp name="T1071"/><temp name="T988"/><temp name="T930"/><temp name="T920"/><temp name="T1063"/><temp name="T1032"/><temp name="T1026"/><temp name="T1020"/><temp name="T945"/><temp name="T1157"/><temp name="T972"/><temp name="T1131"/><temp name="T1134"/><temp name="T1140"/><temp name="T1055"/><temp name="T976"/><temp name="T935"/><temp name="T1108"/><temp name="T1051"/><temp name="T966"/><temp name="T1040"/><temp name="T1074"/><temp name="T1123"/><temp name="T1060"/><temp name="T1086"/><temp name="T1125"/><temp name="T1014"/><temp name="T1011"/><temp name="T1048"/><temp name="T1111"/><temp name="T943"/><temp name="T1115"/><temp name="T1000"/><temp name="T6"/><temp name="T960"/><temp name="T1092"/><temp name="T1100"/><temp name="T1152"/><temp name="T995"/><temp name="T1096"/><temp name="T928"/><temp name="T1036"/><temp name="T940"/><temp name="T1065"/><temp name="T931"/><temp name="T991"/><temp name="T951"/><temp name="T1003"/><temp name="T1005"/><temp name="T1120"/></temps><temps name="out"><temp name="T1146"/><temp name="T954"/><temp name="T1080"/><temp name="T980"/><temp name="T1071"/><temp name="T988"/><temp name="T920"/><temp name="T1063"/><temp name="T1032"/><temp name="T1026"/><temp name="T1020"/><temp name="T945"/><temp name="T1157"/><temp name="T972"/><temp name="T1131"/><temp name="T1134"/><temp name="T1140"/><temp name="T1055"/><temp name="T976"/><temp name="T935"/><temp name="T1108"/><temp name="T1051"/><temp name="T966"/><temp name="T1040"/><temp name="T1074"/><temp name="T1123"/><temp name="T1060"/><temp name="T1086"/><temp name="T1125"/><temp name="T1014"/><temp name="T1011"/><temp name="T1048"/><temp name="T1111"/><temp name="T943"/><temp name="T1115"/><temp name="T1000"/><temp name="T6"/><temp name="T960"/><temp name="T1092"/><temp name="T1100"/><temp name="T1152"/><temp name="T995"/><temp name="T1096"/><temp name="T928"/><temp name="T1036"/><temp name="T940"/><temp name="T1065"/><temp name="T931"/><temp name="T991"/><temp name="T951"/><temp name="T1003"/><temp name="T1005"/><temp name="T1120"/></temps></instruction><instruction code="OR T50, T931, 0"><temps name="use"><temp name="T931"/></temps><temps name="def"><temp name="T50"/></temps><temps name="in"><temp name="T1146"/><temp name="T954"/><temp name="T1080"/><temp name="T980"/><temp name="T1071"/><temp name="T988"/><temp name="T920"/><temp name="T1063"/><temp name="T1032"/><temp name="T1026"/><temp name="T1020"/><temp name="T945"/><temp name="T1157"/><temp name="T972"/><temp name="T1131"/><temp name="T1134"/><temp name="T1140"/><temp name="T1055"/><temp name="T976"/><temp name="T935"/><temp name="T1108"/><temp name="T1051"/><temp name="T966"/><temp name="T1040"/><temp name="T1074"/><temp name="T1123"/><temp name="T1060"/><temp name="T1086"/><temp name="T1125"/><temp name="T1014"/><temp name="T1011"/><temp name="T1048"/><temp name="T1111"/><temp name="T943"/><temp name="T1115"/><temp name="T1000"/><temp name="T6"/><temp name="T960"/><temp name="T1092"/><temp name="T1100"/><temp name="T1152"/><temp name="T995"/><temp name="T1096"/><temp name="T928"/><temp name="T1036"/><temp name="T940"/><temp name="T1065"/><temp name="T931"/><temp name="T991"/><temp name="T951"/><temp name="T1003"/><temp name="T1005"/><temp name="T1120"/></temps><temps name="out"><temp name="T1146"/><temp name="T954"/><temp name="T1080"/><temp name="T980"/><temp name="T1071"/><temp name="T988"/><temp name="T920"/><temp name="T1063"/><temp name="T1032"/><temp name="T1026"/><temp name="T1020"/><temp name="T945"/><temp name="T1157"/><temp name="T972"/><temp name="T1131"/><temp name="T1134"/><temp name="T1140"/><temp name="T1055"/><temp name="T976"/><temp name="T935"/><temp name="T1108"/><temp name="T1051"/><temp name="T966"/><temp name="T1040"/><temp name="T1074"/><temp name="T1123"/><temp name="T1060"/><temp name="T1086"/><temp name="T1125"/><temp name="T1014"/><temp name="T1011"/><temp name="T1048"/><temp name="T1111"/><temp name="T943"/><temp name="T1115"/><temp name="T1000"/><temp name="T6"/><temp name="T960"/><temp name="T1092"/><temp name="T1100"/><temp name="T1152"/><temp name="T995"/><temp name="T1096"/><temp name="T928"/><temp name="T1036"/><temp name="T940"/><temp name="T1065"/><temp name="T931"/><temp name="T991"/><temp name="T951"/><temp name="T1003"/><temp name="T1005"/><temp name="T1120"/></temps></instruction><instruction code="SETL  T932, 0"><temps name="use"/><temps name="def"><temp name="T932"/></temps><temps name="in"><temp name="T1146"/><temp name="T954"/><temp name="T1080"/><temp name="T980"/><temp name="T1071"/><temp name="T988"/><temp name="T920"/><temp name="T1063"/><temp name="T1032"/><temp name="T1026"/><temp name="T1020"/><temp name="T945"/><temp name="T1157"/><temp name="T972"/><temp name="T1131"/><temp name="T1134"/><temp name="T1140"/><temp name="T1055"/><temp name="T976"/><temp name="T935"/><temp name="T1108"/><temp name="T1051"/><temp name="T966"/><temp name="T1040"/><temp name="T1074"/><temp name="T1123"/><temp name="T1060"/><temp name="T1086"/><temp name="T1125"/><temp name="T1014"/><temp name="T1011"/><temp name="T1048"/><temp name="T1111"/><temp name="T943"/><temp name="T1115"/><temp name="T1000"/><temp name="T6"/><temp name="T960"/><temp name="T1092"/><temp name="T1100"/><temp name="T1152"/><temp name="T995"/><temp name="T1096"/><temp name="T928"/><temp name="T1036"/><temp name="T940"/><temp name="T1065"/><temp name="T931"/><temp name="T991"/><temp name="T951"/><temp name="T1003"/><temp name="T1005"/><temp name="T1120"/></temps><temps name="out"><temp name="T1146"/><temp name="T954"/><temp name="T1080"/><temp name="T980"/><temp name="T1071"/><temp name="T988"/><temp name="T920"/><temp name="T1063"/><temp name="T1032"/><temp name="T1026"/><temp name="T1020"/><temp name="T945"/><temp name="T1157"/><temp name="T972"/><temp name="T1131"/><temp name="T1134"/><temp name="T1140"/><temp name="T1055"/><temp name="T976"/><temp name="T935"/><temp name="T1108"/><temp name="T1051"/><temp name="T966"/><temp name="T1040"/><temp name="T1074"/><temp name="T1123"/><temp name="T1060"/><temp name="T1086"/><temp name="T1125"/><temp name="T1014"/><temp name="T1011"/><temp name="T1048"/><temp name="T1111"/><temp name="T943"/><temp name="T1115"/><temp name="T1000"/><temp name="T6"/><temp name="T960"/><temp name="T1092"/><temp name="T1100"/><temp name="T1152"/><temp name="T995"/><temp name="T1096"/><temp name="T928"/><temp name="T1036"/><temp name="T940"/><temp name="T1065"/><temp name="T931"/><temp name="T991"/><temp name="T951"/><temp name="T1003"/><temp name="T1005"/><temp name="T1120"/></temps></instruction><instruction code="INCML T932, 0"><temps name="use"/><temps name="def"><temp name="T932"/></temps><temps name="in"><temp name="T1146"/><temp name="T954"/><temp name="T1080"/><temp name="T980"/><temp name="T1071"/><temp name="T988"/><temp name="T920"/><temp name="T1063"/><temp name="T1032"/><temp name="T1026"/><temp name="T1020"/><temp name="T945"/><temp name="T1157"/><temp name="T972"/><temp name="T1131"/><temp name="T1134"/><temp name="T1140"/><temp name="T1055"/><temp name="T976"/><temp name="T935"/><temp name="T1108"/><temp name="T1051"/><temp name="T966"/><temp name="T1040"/><temp name="T1074"/><temp name="T1123"/><temp name="T1060"/><temp name="T1086"/><temp name="T1125"/><temp name="T1014"/><temp name="T1011"/><temp name="T1048"/><temp name="T1111"/><temp name="T943"/><temp name="T1115"/><temp name="T1000"/><temp name="T6"/><temp name="T960"/><temp name="T1092"/><temp name="T1100"/><temp name="T1152"/><temp name="T995"/><temp name="T1096"/><temp name="T928"/><temp name="T1036"/><temp name="T940"/><temp name="T1065"/><temp name="T931"/><temp name="T991"/><temp name="T951"/><temp name="T1003"/><temp name="T1005"/><temp name="T1120"/></temps><temps name="out"><temp name="T1146"/><temp name="T954"/><temp name="T1080"/><temp name="T980"/><temp name="T1071"/><temp name="T988"/><temp name="T920"/><temp name="T1063"/><temp name="T1032"/><temp name="T1026"/><temp name="T1020"/><temp name="T945"/><temp name="T1157"/><temp name="T972"/><temp name="T1131"/><temp name="T1134"/><temp name="T1140"/><temp name="T1055"/><temp name="T976"/><temp name="T935"/><temp name="T1108"/><temp name="T1051"/><temp name="T966"/><temp name="T1040"/><temp name="T1074"/><temp name="T1123"/><temp name="T1060"/><temp name="T1086"/><temp name="T1125"/><temp name="T1014"/><temp name="T1011"/><temp name="T1048"/><temp name="T1111"/><temp name="T943"/><temp name="T1115"/><temp name="T1000"/><temp name="T6"/><temp name="T960"/><temp name="T1092"/><temp name="T1100"/><temp name="T1152"/><temp name="T995"/><temp name="T1096"/><temp name="T928"/><temp name="T1036"/><temp name="T940"/><temp name="T1065"/><temp name="T931"/><temp name="T991"/><temp name="T951"/><temp name="T1003"/><temp name="T1005"/><temp name="T1120"/></temps></instruction><instruction code="INCMH T932, 0"><temps name="use"/><temps name="def"><temp name="T932"/></temps><temps name="in"><temp name="T1146"/><temp name="T954"/><temp name="T1080"/><temp name="T980"/><temp name="T1071"/><temp name="T988"/><temp name="T920"/><temp name="T1063"/><temp name="T1032"/><temp name="T1026"/><temp name="T1020"/><temp name="T945"/><temp name="T1157"/><temp name="T972"/><temp name="T1131"/><temp name="T1134"/><temp name="T1140"/><temp name="T1055"/><temp name="T976"/><temp name="T935"/><temp name="T1108"/><temp name="T1051"/><temp name="T966"/><temp name="T1040"/><temp name="T1074"/><temp name="T1123"/><temp name="T1060"/><temp name="T1086"/><temp name="T1125"/><temp name="T1014"/><temp name="T1011"/><temp name="T1048"/><temp name="T1111"/><temp name="T943"/><temp name="T1115"/><temp name="T1000"/><temp name="T6"/><temp name="T960"/><temp name="T1092"/><temp name="T1100"/><temp name="T1152"/><temp name="T995"/><temp name="T1096"/><temp name="T928"/><temp name="T1036"/><temp name="T940"/><temp name="T1065"/><temp name="T931"/><temp name="T991"/><temp name="T951"/><temp name="T1003"/><temp name="T1005"/><temp name="T1120"/></temps><temps name="out"><temp name="T1146"/><temp name="T954"/><temp name="T1080"/><temp name="T980"/><temp name="T1071"/><temp name="T988"/><temp name="T920"/><temp name="T1063"/><temp name="T1032"/><temp name="T1026"/><temp name="T1020"/><temp name="T945"/><temp name="T1157"/><temp name="T972"/><temp name="T1131"/><temp name="T1134"/><temp name="T1140"/><temp name="T1055"/><temp name="T976"/><temp name="T935"/><temp name="T1108"/><temp name="T1051"/><temp name="T966"/><temp name="T1040"/><temp name="T1074"/><temp name="T1123"/><temp name="T1060"/><temp name="T1086"/><temp name="T1125"/><temp name="T1014"/><temp name="T1011"/><temp name="T1048"/><temp name="T1111"/><temp name="T943"/><temp name="T1115"/><temp name="T1000"/><temp name="T6"/><temp name="T960"/><temp name="T1092"/><temp name="T1100"/><temp name="T1152"/><temp name="T995"/><temp name="T1096"/><temp name="T928"/><temp name="T1036"/><temp name="T940"/><temp name="T1065"/><temp name="T931"/><temp name="T991"/><temp name="T951"/><temp name="T1003"/><temp name="T1005"/><temp name="T1120"/></temps></instruction><instruction code="INCH  T932, 0"><temps name="use"/><temps name="def"><temp name="T932"/></temps><temps name="in"><temp name="T1146"/><temp name="T954"/><temp name="T1080"/><temp name="T980"/><temp name="T1071"/><temp name="T988"/><temp name="T920"/><temp name="T1063"/><temp name="T1032"/><temp name="T1026"/><temp name="T1020"/><temp name="T945"/><temp name="T1157"/><temp name="T972"/><temp name="T1131"/><temp name="T1134"/><temp name="T1140"/><temp name="T1055"/><temp name="T976"/><temp name="T935"/><temp name="T1108"/><temp name="T1051"/><temp name="T966"/><temp name="T1040"/><temp name="T1074"/><temp name="T1123"/><temp name="T1060"/><temp name="T1086"/><temp name="T1125"/><temp name="T1014"/><temp name="T1011"/><temp name="T1048"/><temp name="T1111"/><temp name="T943"/><temp name="T1115"/><temp name="T1000"/><temp name="T6"/><temp name="T960"/><temp name="T1092"/><temp name="T1100"/><temp name="T1152"/><temp name="T995"/><temp name="T1096"/><temp name="T928"/><temp name="T1036"/><temp name="T940"/><temp name="T1065"/><temp name="T931"/><temp name="T991"/><temp name="T951"/><temp name="T1003"/><temp name="T1005"/><temp name="T1120"/></temps><temps name="out"><temp name="T1146"/><temp name="T954"/><temp name="T932"/><temp name="T1080"/><temp name="T980"/><temp name="T1071"/><temp name="T988"/><temp name="T920"/><temp name="T1063"/><temp name="T1032"/><temp name="T1026"/><temp name="T1020"/><temp name="T945"/><temp name="T1157"/><temp name="T972"/><temp name="T1131"/><temp name="T1134"/><temp name="T1140"/><temp name="T1055"/><temp name="T976"/><temp name="T935"/><temp name="T1108"/><temp name="T1051"/><temp name="T966"/><temp name="T1040"/><temp name="T1074"/><temp name="T1123"/><temp name="T1060"/><temp name="T1086"/><temp name="T1125"/><temp name="T1014"/><temp name="T1011"/><temp name="T1048"/><temp name="T1111"/><temp name="T943"/><temp name="T1115"/><temp name="T1000"/><temp name="T6"/><temp name="T960"/><temp name="T1092"/><temp name="T1100"/><temp name="T1152"/><temp name="T995"/><temp name="T1096"/><temp name="T928"/><temp name="T1036"/><temp name="T940"/><temp name="T1065"/><temp name="T931"/><temp name="T991"/><temp name="T951"/><temp name="T1003"/><temp name="T1005"/><temp name="T1120"/></temps></instruction><instruction code="OR T51, T932, 0"><temps name="use"><temp name="T932"/></temps><temps name="def"><temp name="T51"/></temps><temps name="in"><temp name="T1146"/><temp name="T954"/><temp name="T932"/><temp name="T1080"/><temp name="T980"/><temp name="T1071"/><temp name="T988"/><temp name="T920"/><temp name="T1063"/><temp name="T1032"/><temp name="T1026"/><temp name="T1020"/><temp name="T945"/><temp name="T1157"/><temp name="T972"/><temp name="T1131"/><temp name="T1134"/><temp name="T1140"/><temp name="T1055"/><temp name="T976"/><temp name="T935"/><temp name="T1108"/><temp name="T1051"/><temp name="T966"/><temp name="T1040"/><temp name="T1074"/><temp name="T1123"/><temp name="T1060"/><temp name="T1086"/><temp name="T1125"/><temp name="T1014"/><temp name="T1011"/><temp name="T1048"/><temp name="T1111"/><temp name="T943"/><temp name="T1115"/><temp name="T1000"/><temp name="T6"/><temp name="T960"/><temp name="T1092"/><temp name="T1100"/><temp name="T1152"/><temp name="T995"/><temp name="T1096"/><temp name="T928"/><temp name="T1036"/><temp name="T940"/><temp name="T1065"/><temp name="T931"/><temp name="T991"/><temp name="T951"/><temp name="T1003"/><temp name="T1005"/><temp name="T1120"/></temps><temps name="out"><temp name="T1146"/><temp name="T954"/><temp name="T1080"/><temp name="T980"/><temp name="T1071"/><temp name="T988"/><temp name="T920"/><temp name="T1063"/><temp name="T1032"/><temp name="T1026"/><temp name="T1020"/><temp name="T945"/><temp name="T1157"/><temp name="T972"/><temp name="T1131"/><temp name="T1134"/><temp name="T1140"/><temp name="T1055"/><temp name="T976"/><temp name="T935"/><temp name="T1108"/><temp name="T1051"/><temp name="T966"/><temp name="T1040"/><temp name="T1074"/><temp name="T1123"/><temp name="T1060"/><temp name="T1086"/><temp name="T1125"/><temp name="T1014"/><temp name="T1011"/><temp name="T1048"/><temp name="T1111"/><temp name="T943"/><temp name="T1115"/><temp name="T1000"/><temp name="T6"/><temp name="T960"/><temp name="T1092"/><temp name="T1100"/><temp name="T1152"/><temp name="T995"/><temp name="T1096"/><temp name="T928"/><temp name="T1036"/><temp name="T940"/><temp name="T1065"/><temp name="T931"/><temp name="T991"/><temp name="T951"/><temp name="T1003"/><temp name="T1005"/><temp name="T51"/><temp name="T1120"/></temps></instruction><instruction code="LDA T933, L6"><temps name="use"/><temps name="def"><temp name="T933"/></temps><temps name="in"><temp name="T1146"/><temp name="T954"/><temp name="T1080"/><temp name="T980"/><temp name="T1071"/><temp name="T988"/><temp name="T920"/><temp name="T1063"/><temp name="T1032"/><temp name="T1026"/><temp name="T1020"/><temp name="T945"/><temp name="T1157"/><temp name="T972"/><temp name="T1131"/><temp name="T1134"/><temp name="T1140"/><temp name="T1055"/><temp name="T976"/><temp name="T935"/><temp name="T1108"/><temp name="T1051"/><temp name="T966"/><temp name="T1040"/><temp name="T1074"/><temp name="T1123"/><temp name="T1060"/><temp name="T1086"/><temp name="T1125"/><temp name="T1014"/><temp name="T1011"/><temp name="T1048"/><temp name="T1111"/><temp name="T943"/><temp name="T1115"/><temp name="T1000"/><temp name="T6"/><temp name="T960"/><temp name="T1092"/><temp name="T1100"/><temp name="T1152"/><temp name="T995"/><temp name="T1096"/><temp name="T928"/><temp name="T1036"/><temp name="T940"/><temp name="T1065"/><temp name="T931"/><temp name="T991"/><temp name="T951"/><temp name="T1003"/><temp name="T1005"/><temp name="T51"/><temp name="T1120"/></temps><temps name="out"><temp name="T1146"/><temp name="T954"/><temp name="T1080"/><temp name="T980"/><temp name="T1071"/><temp name="T988"/><temp name="T920"/><temp name="T1063"/><temp name="T1032"/><temp name="T1026"/><temp name="T1020"/><temp name="T945"/><temp name="T1157"/><temp name="T972"/><temp name="T1131"/><temp name="T1134"/><temp name="T1140"/><temp name="T1055"/><temp name="T976"/><temp name="T933"/><temp name="T935"/><temp name="T1108"/><temp name="T1051"/><temp name="T966"/><temp name="T1040"/><temp name="T1074"/><temp name="T1123"/><temp name="T1060"/><temp name="T1086"/><temp name="T1125"/><temp name="T1014"/><temp name="T1011"/><temp name="T1048"/><temp name="T1111"/><temp name="T943"/><temp name="T1115"/><temp name="T1000"/><temp name="T6"/><temp name="T960"/><temp name="T1092"/><temp name="T1100"/><temp name="T1152"/><temp name="T995"/><temp name="T1096"/><temp name="T928"/><temp name="T1036"/><temp name="T940"/><temp name="T1065"/><temp name="T931"/><temp name="T991"/><temp name="T951"/><temp name="T1003"/><temp name="T1005"/><temp name="T51"/><temp name="T1120"/></temps></instruction><instruction code="OR T52, T933, 0"><temps name="use"><temp name="T933"/></temps><temps name="def"><temp name="T52"/></temps><temps name="in"><temp name="T1146"/><temp name="T954"/><temp name="T1080"/><temp name="T980"/><temp name="T1071"/><temp name="T988"/><temp name="T920"/><temp name="T1063"/><temp name="T1032"/><temp name="T1026"/><temp name="T1020"/><temp name="T945"/><temp name="T1157"/><temp name="T972"/><temp name="T1131"/><temp name="T1134"/><temp name="T1140"/><temp name="T1055"/><temp name="T976"/><temp name="T933"/><temp name="T935"/><temp name="T1108"/><temp name="T1051"/><temp name="T966"/><temp name="T1040"/><temp name="T1074"/><temp name="T1123"/><temp name="T1060"/><temp name="T1086"/><temp name="T1125"/><temp name="T1014"/><temp name="T1011"/><temp name="T1048"/><temp name="T1111"/><temp name="T943"/><temp name="T1115"/><temp name="T1000"/><temp name="T6"/><temp name="T960"/><temp name="T1092"/><temp name="T1100"/><temp name="T1152"/><temp name="T995"/><temp name="T1096"/><temp name="T928"/><temp name="T1036"/><temp name="T940"/><temp name="T1065"/><temp name="T931"/><temp name="T991"/><temp name="T951"/><temp name="T1003"/><temp name="T1005"/><temp name="T51"/><temp name="T1120"/></temps><temps name="out"><temp name="T1146"/><temp name="T954"/><temp name="T1080"/><temp name="T980"/><temp name="T1071"/><temp name="T988"/><temp name="T920"/><temp name="T1063"/><temp name="T1032"/><temp name="T1026"/><temp name="T1020"/><temp name="T945"/><temp name="T1157"/><temp name="T972"/><temp name="T1131"/><temp name="T1134"/><temp name="T1140"/><temp name="T1055"/><temp name="T976"/><temp name="T935"/><temp name="T1108"/><temp name="T1051"/><temp name="T966"/><temp name="T52"/><temp name="T1040"/><temp name="T1074"/><temp name="T1123"/><temp name="T1060"/><temp name="T1086"/><temp name="T1125"/><temp name="T1014"/><temp name="T1011"/><temp name="T1048"/><temp name="T1111"/><temp name="T943"/><temp name="T1115"/><temp name="T1000"/><temp name="T6"/><temp name="T960"/><temp name="T1092"/><temp name="T1100"/><temp name="T1152"/><temp name="T995"/><temp name="T1096"/><temp name="T928"/><temp name="T1036"/><temp name="T940"/><temp name="T1065"/><temp name="T931"/><temp name="T991"/><temp name="T951"/><temp name="T1003"/><temp name="T1005"/><temp name="T51"/><temp name="T1120"/></temps></instruction><instruction code="STO T51, $254, 8"><temps name="use"><temp name="T51"/></temps><temps name="def"/><temps name="in"><temp name="T1146"/><temp name="T954"/><temp name="T1080"/><temp name="T980"/><temp name="T1071"/><temp name="T988"/><temp name="T920"/><temp name="T1063"/><temp name="T1032"/><temp name="T1026"/><temp name="T1020"/><temp name="T945"/><temp name="T1157"/><temp name="T972"/><temp name="T1131"/><temp name="T1134"/><temp name="T1140"/><temp name="T1055"/><temp name="T976"/><temp name="T935"/><temp name="T1108"/><temp name="T1051"/><temp name="T966"/><temp name="T52"/><temp name="T1040"/><temp name="T1074"/><temp name="T1123"/><temp name="T1060"/><temp name="T1086"/><temp name="T1125"/><temp name="T1014"/><temp name="T1011"/><temp name="T1048"/><temp name="T1111"/><temp name="T943"/><temp name="T1115"/><temp name="T1000"/><temp name="T6"/><temp name="T960"/><temp name="T1092"/><temp name="T1100"/><temp name="T1152"/><temp name="T995"/><temp name="T1096"/><temp name="T928"/><temp name="T1036"/><temp name="T940"/><temp name="T1065"/><temp name="T931"/><temp name="T991"/><temp name="T951"/><temp name="T1003"/><temp name="T1005"/><temp name="T51"/><temp name="T1120"/></temps><temps name="out"><temp name="T1146"/><temp name="T954"/><temp name="T1080"/><temp name="T980"/><temp name="T1071"/><temp name="T988"/><temp name="T920"/><temp name="T1063"/><temp name="T1032"/><temp name="T1026"/><temp name="T1020"/><temp name="T945"/><temp name="T1157"/><temp name="T972"/><temp name="T1131"/><temp name="T1134"/><temp name="T1140"/><temp name="T1055"/><temp name="T976"/><temp name="T935"/><temp name="T1108"/><temp name="T1051"/><temp name="T966"/><temp name="T52"/><temp name="T1040"/><temp name="T1074"/><temp name="T1123"/><temp name="T1060"/><temp name="T1086"/><temp name="T1125"/><temp name="T1014"/><temp name="T1011"/><temp name="T1048"/><temp name="T1111"/><temp name="T943"/><temp name="T1115"/><temp name="T1000"/><temp name="T6"/><temp name="T960"/><temp name="T1092"/><temp name="T1100"/><temp name="T1152"/><temp name="T995"/><temp name="T1096"/><temp name="T928"/><temp name="T1036"/><temp name="T940"/><temp name="T1065"/><temp name="T931"/><temp name="T991"/><temp name="T951"/><temp name="T1003"/><temp name="T1005"/><temp name="T1120"/></temps></instruction><instruction code="STO T52, $254, 16"><temps name="use"><temp name="T52"/></temps><temps name="def"/><temps name="in"><temp name="T1146"/><temp name="T954"/><temp name="T1080"/><temp name="T980"/><temp name="T1071"/><temp name="T988"/><temp name="T920"/><temp name="T1063"/><temp name="T1032"/><temp name="T1026"/><temp name="T1020"/><temp name="T945"/><temp name="T1157"/><temp name="T972"/><temp name="T1131"/><temp name="T1134"/><temp name="T1140"/><temp name="T1055"/><temp name="T976"/><temp name="T935"/><temp name="T1108"/><temp name="T1051"/><temp name="T966"/><temp name="T52"/><temp name="T1040"/><temp name="T1074"/><temp name="T1123"/><temp name="T1060"/><temp name="T1086"/><temp name="T1125"/><temp name="T1014"/><temp name="T1011"/><temp name="T1048"/><temp name="T1111"/><temp name="T943"/><temp name="T1115"/><temp name="T1000"/><temp name="T6"/><temp name="T960"/><temp name="T1092"/><temp name="T1100"/><temp name="T1152"/><temp name="T995"/><temp name="T1096"/><temp name="T928"/><temp name="T1036"/><temp name="T940"/><temp name="T1065"/><temp name="T931"/><temp name="T991"/><temp name="T951"/><temp name="T1003"/><temp name="T1005"/><temp name="T1120"/></temps><temps name="out"><temp name="T1146"/><temp name="T954"/><temp name="T1080"/><temp name="T980"/><temp name="T1071"/><temp name="T988"/><temp name="T920"/><temp name="T1063"/><temp name="T1032"/><temp name="T1026"/><temp name="T1020"/><temp name="T945"/><temp name="T1157"/><temp name="T972"/><temp name="T1131"/><temp name="T1134"/><temp name="T1140"/><temp name="T1055"/><temp name="T976"/><temp name="T935"/><temp name="T1108"/><temp name="T1051"/><temp name="T966"/><temp name="T1040"/><temp name="T1074"/><temp name="T1123"/><temp name="T1060"/><temp name="T1086"/><temp name="T1125"/><temp name="T1014"/><temp name="T1011"/><temp name="T1048"/><temp name="T1111"/><temp name="T943"/><temp name="T1115"/><temp name="T1000"/><temp name="T6"/><temp name="T960"/><temp name="T1092"/><temp name="T1100"/><temp name="T1152"/><temp name="T995"/><temp name="T1096"/><temp name="T928"/><temp name="T1036"/><temp name="T940"/><temp name="T1065"/><temp name="T931"/><temp name="T991"/><temp name="T951"/><temp name="T1003"/><temp name="T1005"/><temp name="T1120"/></temps></instruction><instruction code="LDA T934, _putString"><temps name="use"/><temps name="def"><temp name="T934"/></temps><temps name="in"><temp name="T1146"/><temp name="T954"/><temp name="T1080"/><temp name="T980"/><temp name="T1071"/><temp name="T988"/><temp name="T920"/><temp name="T1063"/><temp name="T1032"/><temp name="T1026"/><temp name="T1020"/><temp name="T945"/><temp name="T1157"/><temp name="T972"/><temp name="T1131"/><temp name="T1134"/><temp name="T1140"/><temp name="T1055"/><temp name="T976"/><temp name="T935"/><temp name="T1108"/><temp name="T1051"/><temp name="T966"/><temp name="T1040"/><temp name="T1074"/><temp name="T1123"/><temp name="T1060"/><temp name="T1086"/><temp name="T1125"/><temp name="T1014"/><temp name="T1011"/><temp name="T1048"/><temp name="T1111"/><temp name="T943"/><temp name="T1115"/><temp name="T1000"/><temp name="T6"/><temp name="T960"/><temp name="T1092"/><temp name="T1100"/><temp name="T1152"/><temp name="T995"/><temp name="T1096"/><temp name="T928"/><temp name="T1036"/><temp name="T940"/><temp name="T1065"/><temp name="T931"/><temp name="T991"/><temp name="T951"/><temp name="T1003"/><temp name="T1005"/><temp name="T1120"/></temps><temps name="out"><temp name="T1146"/><temp name="T954"/><temp name="T1080"/><temp name="T980"/><temp name="T1071"/><temp name="T988"/><temp name="T920"/><temp name="T1063"/><temp name="T1032"/><temp name="T1026"/><temp name="T1020"/><temp name="T945"/><temp name="T1157"/><temp name="T972"/><temp name="T1131"/><temp name="T1134"/><temp name="T1140"/><temp name="T1055"/><temp name="T976"/><temp name="T935"/><temp name="T1108"/><temp name="T1051"/><temp name="T966"/><temp name="T1040"/><temp name="T1074"/><temp name="T1123"/><temp name="T1060"/><temp name="T1086"/><temp name="T1125"/><temp name="T934"/><temp name="T1014"/><temp name="T1011"/><temp name="T1048"/><temp name="T1111"/><temp name="T943"/><temp name="T1115"/><temp name="T1000"/><temp name="T6"/><temp name="T960"/><temp name="T1092"/><temp name="T1100"/><temp name="T1152"/><temp name="T995"/><temp name="T1096"/><temp name="T928"/><temp name="T1036"/><temp name="T940"/><temp name="T1065"/><temp name="T931"/><temp name="T991"/><temp name="T951"/><temp name="T1003"/><temp name="T1005"/><temp name="T1120"/></temps></instruction><instruction code="PUSHJ $15, T934, 0"><temps name="use"><temp name="T934"/></temps><temps name="def"/><temps name="in"><temp name="T1146"/><temp name="T954"/><temp name="T1080"/><temp name="T980"/><temp name="T1071"/><temp name="T988"/><temp name="T920"/><temp name="T1063"/><temp name="T1032"/><temp name="T1026"/><temp name="T1020"/><temp name="T945"/><temp name="T1157"/><temp name="T972"/><temp name="T1131"/><temp name="T1134"/><temp name="T1140"/><temp name="T1055"/><temp name="T976"/><temp name="T935"/><temp name="T1108"/><temp name="T1051"/><temp name="T966"/><temp name="T1040"/><temp name="T1074"/><temp name="T1123"/><temp name="T1060"/><temp name="T1086"/><temp name="T1125"/><temp name="T934"/><temp name="T1014"/><temp name="T1011"/><temp name="T1048"/><temp name="T1111"/><temp name="T943"/><temp name="T1115"/><temp name="T1000"/><temp name="T6"/><temp name="T960"/><temp name="T1092"/><temp name="T1100"/><temp name="T1152"/><temp name="T995"/><temp name="T1096"/><temp name="T928"/><temp name="T1036"/><temp name="T940"/><temp name="T1065"/><temp name="T931"/><temp name="T991"/><temp name="T951"/><temp name="T1003"/><temp name="T1005"/><temp name="T1120"/></temps><temps name="out"><temp name="T1146"/><temp name="T954"/><temp name="T1080"/><temp name="T980"/><temp name="T1071"/><temp name="T988"/><temp name="T920"/><temp name="T1063"/><temp name="T1032"/><temp name="T1026"/><temp name="T1020"/><temp name="T945"/><temp name="T1157"/><temp name="T972"/><temp name="T1131"/><temp name="T1134"/><temp name="T1140"/><temp name="T1055"/><temp name="T976"/><temp name="T935"/><temp name="T1108"/><temp name="T1051"/><temp name="T966"/><temp name="T1040"/><temp name="T1074"/><temp name="T1123"/><temp name="T1060"/><temp name="T1086"/><temp name="T1125"/><temp name="T1014"/><temp name="T1011"/><temp name="T1048"/><temp name="T1111"/><temp name="T943"/><temp name="T1115"/><temp name="T1000"/><temp name="T6"/><temp name="T960"/><temp name="T1092"/><temp name="T1100"/><temp name="T1152"/><temp name="T995"/><temp name="T1096"/><temp name="T928"/><temp name="T1036"/><temp name="T940"/><temp name="T1065"/><temp name="T931"/><temp name="T991"/><temp name="T951"/><temp name="T1003"/><temp name="T1005"/><temp name="T1120"/></temps></instruction><instruction code="OR T53, T935, 0"><temps name="use"><temp name="T935"/></temps><temps name="def"><temp name="T53"/></temps><temps name="in"><temp name="T1146"/><temp name="T954"/><temp name="T1080"/><temp name="T980"/><temp name="T1071"/><temp name="T988"/><temp name="T920"/><temp name="T1063"/><temp name="T1032"/><temp name="T1026"/><temp name="T1020"/><temp name="T945"/><temp name="T1157"/><temp name="T972"/><temp name="T1131"/><temp name="T1134"/><temp name="T1140"/><temp name="T1055"/><temp name="T976"/><temp name="T935"/><temp name="T1108"/><temp name="T1051"/><temp name="T966"/><temp name="T1040"/><temp name="T1074"/><temp name="T1123"/><temp name="T1060"/><temp name="T1086"/><temp name="T1125"/><temp name="T1014"/><temp name="T1011"/><temp name="T1048"/><temp name="T1111"/><temp name="T943"/><temp name="T1115"/><temp name="T1000"/><temp name="T6"/><temp name="T960"/><temp name="T1092"/><temp name="T1100"/><temp name="T1152"/><temp name="T995"/><temp name="T1096"/><temp name="T928"/><temp name="T1036"/><temp name="T940"/><temp name="T1065"/><temp name="T931"/><temp name="T991"/><temp name="T951"/><temp name="T1003"/><temp name="T1005"/><temp name="T1120"/></temps><temps name="out"><temp name="T1146"/><temp name="T954"/><temp name="T1080"/><temp name="T980"/><temp name="T1071"/><temp name="T988"/><temp name="T920"/><temp name="T1063"/><temp name="T1032"/><temp name="T1026"/><temp name="T1020"/><temp name="T945"/><temp name="T1157"/><temp name="T972"/><temp name="T1131"/><temp name="T1134"/><temp name="T1140"/><temp name="T1055"/><temp name="T976"/><temp name="T935"/><temp name="T1108"/><temp name="T1051"/><temp name="T966"/><temp name="T1040"/><temp name="T1074"/><temp name="T1123"/><temp name="T1060"/><temp name="T1086"/><temp name="T1125"/><temp name="T1014"/><temp name="T1011"/><temp name="T1048"/><temp name="T1111"/><temp name="T943"/><temp name="T1115"/><temp name="T1000"/><temp name="T6"/><temp name="T960"/><temp name="T1092"/><temp name="T1100"/><temp name="T1152"/><temp name="T995"/><temp name="T1096"/><temp name="T928"/><temp name="T1036"/><temp name="T940"/><temp name="T1065"/><temp name="T931"/><temp name="T991"/><temp name="T951"/><temp name="T1003"/><temp name="T1005"/><temp name="T1120"/></temps></instruction><instruction code="SETL  T936, 0"><temps name="use"/><temps name="def"><temp name="T936"/></temps><temps name="in"><temp name="T1146"/><temp name="T954"/><temp name="T1080"/><temp name="T980"/><temp name="T1071"/><temp name="T988"/><temp name="T920"/><temp name="T1063"/><temp name="T1032"/><temp name="T1026"/><temp name="T1020"/><temp name="T945"/><temp name="T1157"/><temp name="T972"/><temp name="T1131"/><temp name="T1134"/><temp name="T1140"/><temp name="T1055"/><temp name="T976"/><temp name="T935"/><temp name="T1108"/><temp name="T1051"/><temp name="T966"/><temp name="T1040"/><temp name="T1074"/><temp name="T1123"/><temp name="T1060"/><temp name="T1086"/><temp name="T1125"/><temp name="T1014"/><temp name="T1011"/><temp name="T1048"/><temp name="T1111"/><temp name="T943"/><temp name="T1115"/><temp name="T1000"/><temp name="T6"/><temp name="T960"/><temp name="T1092"/><temp name="T1100"/><temp name="T1152"/><temp name="T995"/><temp name="T1096"/><temp name="T928"/><temp name="T1036"/><temp name="T940"/><temp name="T1065"/><temp name="T931"/><temp name="T991"/><temp name="T951"/><temp name="T1003"/><temp name="T1005"/><temp name="T1120"/></temps><temps name="out"><temp name="T1146"/><temp name="T954"/><temp name="T1080"/><temp name="T980"/><temp name="T1071"/><temp name="T988"/><temp name="T920"/><temp name="T1063"/><temp name="T1032"/><temp name="T1026"/><temp name="T1020"/><temp name="T945"/><temp name="T1157"/><temp name="T972"/><temp name="T1131"/><temp name="T1134"/><temp name="T1140"/><temp name="T1055"/><temp name="T976"/><temp name="T935"/><temp name="T1108"/><temp name="T1051"/><temp name="T966"/><temp name="T1040"/><temp name="T1074"/><temp name="T1123"/><temp name="T1060"/><temp name="T1086"/><temp name="T1125"/><temp name="T1014"/><temp name="T1011"/><temp name="T1048"/><temp name="T1111"/><temp name="T943"/><temp name="T1115"/><temp name="T1000"/><temp name="T6"/><temp name="T960"/><temp name="T1092"/><temp name="T1100"/><temp name="T1152"/><temp name="T995"/><temp name="T1096"/><temp name="T928"/><temp name="T1036"/><temp name="T940"/><temp name="T1065"/><temp name="T931"/><temp name="T991"/><temp name="T951"/><temp name="T1003"/><temp name="T1005"/><temp name="T1120"/></temps></instruction><instruction code="INCML T936, 0"><temps name="use"/><temps name="def"><temp name="T936"/></temps><temps name="in"><temp name="T1146"/><temp name="T954"/><temp name="T1080"/><temp name="T980"/><temp name="T1071"/><temp name="T988"/><temp name="T920"/><temp name="T1063"/><temp name="T1032"/><temp name="T1026"/><temp name="T1020"/><temp name="T945"/><temp name="T1157"/><temp name="T972"/><temp name="T1131"/><temp name="T1134"/><temp name="T1140"/><temp name="T1055"/><temp name="T976"/><temp name="T935"/><temp name="T1108"/><temp name="T1051"/><temp name="T966"/><temp name="T1040"/><temp name="T1074"/><temp name="T1123"/><temp name="T1060"/><temp name="T1086"/><temp name="T1125"/><temp name="T1014"/><temp name="T1011"/><temp name="T1048"/><temp name="T1111"/><temp name="T943"/><temp name="T1115"/><temp name="T1000"/><temp name="T6"/><temp name="T960"/><temp name="T1092"/><temp name="T1100"/><temp name="T1152"/><temp name="T995"/><temp name="T1096"/><temp name="T928"/><temp name="T1036"/><temp name="T940"/><temp name="T1065"/><temp name="T931"/><temp name="T991"/><temp name="T951"/><temp name="T1003"/><temp name="T1005"/><temp name="T1120"/></temps><temps name="out"><temp name="T1146"/><temp name="T954"/><temp name="T1080"/><temp name="T980"/><temp name="T1071"/><temp name="T988"/><temp name="T920"/><temp name="T1063"/><temp name="T1032"/><temp name="T1026"/><temp name="T1020"/><temp name="T945"/><temp name="T1157"/><temp name="T972"/><temp name="T1131"/><temp name="T1134"/><temp name="T1140"/><temp name="T1055"/><temp name="T976"/><temp name="T935"/><temp name="T1108"/><temp name="T1051"/><temp name="T966"/><temp name="T1040"/><temp name="T1074"/><temp name="T1123"/><temp name="T1060"/><temp name="T1086"/><temp name="T1125"/><temp name="T1014"/><temp name="T1011"/><temp name="T1048"/><temp name="T1111"/><temp name="T943"/><temp name="T1115"/><temp name="T1000"/><temp name="T6"/><temp name="T960"/><temp name="T1092"/><temp name="T1100"/><temp name="T1152"/><temp name="T995"/><temp name="T1096"/><temp name="T928"/><temp name="T1036"/><temp name="T940"/><temp name="T1065"/><temp name="T931"/><temp name="T991"/><temp name="T951"/><temp name="T1003"/><temp name="T1005"/><temp name="T1120"/></temps></instruction><instruction code="INCMH T936, 0"><temps name="use"/><temps name="def"><temp name="T936"/></temps><temps name="in"><temp name="T1146"/><temp name="T954"/><temp name="T1080"/><temp name="T980"/><temp name="T1071"/><temp name="T988"/><temp name="T920"/><temp name="T1063"/><temp name="T1032"/><temp name="T1026"/><temp name="T1020"/><temp name="T945"/><temp name="T1157"/><temp name="T972"/><temp name="T1131"/><temp name="T1134"/><temp name="T1140"/><temp name="T1055"/><temp name="T976"/><temp name="T935"/><temp name="T1108"/><temp name="T1051"/><temp name="T966"/><temp name="T1040"/><temp name="T1074"/><temp name="T1123"/><temp name="T1060"/><temp name="T1086"/><temp name="T1125"/><temp name="T1014"/><temp name="T1011"/><temp name="T1048"/><temp name="T1111"/><temp name="T943"/><temp name="T1115"/><temp name="T1000"/><temp name="T6"/><temp name="T960"/><temp name="T1092"/><temp name="T1100"/><temp name="T1152"/><temp name="T995"/><temp name="T1096"/><temp name="T928"/><temp name="T1036"/><temp name="T940"/><temp name="T1065"/><temp name="T931"/><temp name="T991"/><temp name="T951"/><temp name="T1003"/><temp name="T1005"/><temp name="T1120"/></temps><temps name="out"><temp name="T1146"/><temp name="T954"/><temp name="T1080"/><temp name="T980"/><temp name="T1071"/><temp name="T988"/><temp name="T920"/><temp name="T1063"/><temp name="T1032"/><temp name="T1026"/><temp name="T1020"/><temp name="T945"/><temp name="T1157"/><temp name="T972"/><temp name="T1131"/><temp name="T1134"/><temp name="T1140"/><temp name="T1055"/><temp name="T976"/><temp name="T935"/><temp name="T1108"/><temp name="T1051"/><temp name="T966"/><temp name="T1040"/><temp name="T1074"/><temp name="T1123"/><temp name="T1060"/><temp name="T1086"/><temp name="T1125"/><temp name="T1014"/><temp name="T1011"/><temp name="T1048"/><temp name="T1111"/><temp name="T943"/><temp name="T1115"/><temp name="T1000"/><temp name="T6"/><temp name="T960"/><temp name="T1092"/><temp name="T1100"/><temp name="T1152"/><temp name="T995"/><temp name="T1096"/><temp name="T928"/><temp name="T1036"/><temp name="T940"/><temp name="T1065"/><temp name="T931"/><temp name="T991"/><temp name="T951"/><temp name="T1003"/><temp name="T1005"/><temp name="T1120"/></temps></instruction><instruction code="INCH  T936, 0"><temps name="use"/><temps name="def"><temp name="T936"/></temps><temps name="in"><temp name="T1146"/><temp name="T954"/><temp name="T1080"/><temp name="T980"/><temp name="T1071"/><temp name="T988"/><temp name="T920"/><temp name="T1063"/><temp name="T1032"/><temp name="T1026"/><temp name="T1020"/><temp name="T945"/><temp name="T1157"/><temp name="T972"/><temp name="T1131"/><temp name="T1134"/><temp name="T1140"/><temp name="T1055"/><temp name="T976"/><temp name="T935"/><temp name="T1108"/><temp name="T1051"/><temp name="T966"/><temp name="T1040"/><temp name="T1074"/><temp name="T1123"/><temp name="T1060"/><temp name="T1086"/><temp name="T1125"/><temp name="T1014"/><temp name="T1011"/><temp name="T1048"/><temp name="T1111"/><temp name="T943"/><temp name="T1115"/><temp name="T1000"/><temp name="T6"/><temp name="T960"/><temp name="T1092"/><temp name="T1100"/><temp name="T1152"/><temp name="T995"/><temp name="T1096"/><temp name="T928"/><temp name="T1036"/><temp name="T940"/><temp name="T1065"/><temp name="T931"/><temp name="T991"/><temp name="T951"/><temp name="T1003"/><temp name="T1005"/><temp name="T1120"/></temps><temps name="out"><temp name="T1146"/><temp name="T954"/><temp name="T1080"/><temp name="T980"/><temp name="T1071"/><temp name="T988"/><temp name="T936"/><temp name="T920"/><temp name="T1063"/><temp name="T1032"/><temp name="T1026"/><temp name="T1020"/><temp name="T945"/><temp name="T1157"/><temp name="T972"/><temp name="T1131"/><temp name="T1134"/><temp name="T1140"/><temp name="T1055"/><temp name="T976"/><temp name="T935"/><temp name="T1108"/><temp name="T1051"/><temp name="T966"/><temp name="T1040"/><temp name="T1074"/><temp name="T1123"/><temp name="T1060"/><temp name="T1086"/><temp name="T1125"/><temp name="T1014"/><temp name="T1011"/><temp name="T1048"/><temp name="T1111"/><temp name="T943"/><temp name="T1115"/><temp name="T1000"/><temp name="T6"/><temp name="T960"/><temp name="T1092"/><temp name="T1100"/><temp name="T1152"/><temp name="T995"/><temp name="T1096"/><temp name="T928"/><temp name="T1036"/><temp name="T940"/><temp name="T1065"/><temp name="T931"/><temp name="T991"/><temp name="T951"/><temp name="T1003"/><temp name="T1005"/><temp name="T1120"/></temps></instruction><instruction code="OR T54, T936, 0"><temps name="use"><temp name="T936"/></temps><temps name="def"><temp name="T54"/></temps><temps name="in"><temp name="T1146"/><temp name="T954"/><temp name="T1080"/><temp name="T980"/><temp name="T1071"/><temp name="T988"/><temp name="T936"/><temp name="T920"/><temp name="T1063"/><temp name="T1032"/><temp name="T1026"/><temp name="T1020"/><temp name="T945"/><temp name="T1157"/><temp name="T972"/><temp name="T1131"/><temp name="T1134"/><temp name="T1140"/><temp name="T1055"/><temp name="T976"/><temp name="T935"/><temp name="T1108"/><temp name="T1051"/><temp name="T966"/><temp name="T1040"/><temp name="T1074"/><temp name="T1123"/><temp name="T1060"/><temp name="T1086"/><temp name="T1125"/><temp name="T1014"/><temp name="T1011"/><temp name="T1048"/><temp name="T1111"/><temp name="T943"/><temp name="T1115"/><temp name="T1000"/><temp name="T6"/><temp name="T960"/><temp name="T1092"/><temp name="T1100"/><temp name="T1152"/><temp name="T995"/><temp name="T1096"/><temp name="T928"/><temp name="T1036"/><temp name="T940"/><temp name="T1065"/><temp name="T931"/><temp name="T991"/><temp name="T951"/><temp name="T1003"/><temp name="T1005"/><temp name="T1120"/></temps><temps name="out"><temp name="T1146"/><temp name="T954"/><temp name="T1080"/><temp name="T980"/><temp name="T1071"/><temp name="T988"/><temp name="T920"/><temp name="T1063"/><temp name="T1032"/><temp name="T1026"/><temp name="T1020"/><temp name="T945"/><temp name="T1157"/><temp name="T972"/><temp name="T1131"/><temp name="T1134"/><temp name="T1140"/><temp name="T1055"/><temp name="T976"/><temp name="T935"/><temp name="T1108"/><temp name="T1051"/><temp name="T966"/><temp name="T1040"/><temp name="T1074"/><temp name="T1123"/><temp name="T54"/><temp name="T1060"/><temp name="T1086"/><temp name="T1125"/><temp name="T1014"/><temp name="T1011"/><temp name="T1048"/><temp name="T1111"/><temp name="T943"/><temp name="T1115"/><temp name="T1000"/><temp name="T6"/><temp name="T960"/><temp name="T1092"/><temp name="T1100"/><temp name="T1152"/><temp name="T995"/><temp name="T1096"/><temp name="T928"/><temp name="T1036"/><temp name="T940"/><temp name="T1065"/><temp name="T931"/><temp name="T991"/><temp name="T951"/><temp name="T1003"/><temp name="T1005"/><temp name="T1120"/></temps></instruction><instruction code="SETL  T937, 0"><temps name="use"/><temps name="def"><temp name="T937"/></temps><temps name="in"><temp name="T1146"/><temp name="T954"/><temp name="T1080"/><temp name="T980"/><temp name="T1071"/><temp name="T988"/><temp name="T920"/><temp name="T1063"/><temp name="T1032"/><temp name="T1026"/><temp name="T1020"/><temp name="T945"/><temp name="T1157"/><temp name="T972"/><temp name="T1131"/><temp name="T1134"/><temp name="T1140"/><temp name="T1055"/><temp name="T976"/><temp name="T935"/><temp name="T1108"/><temp name="T1051"/><temp name="T966"/><temp name="T1040"/><temp name="T1074"/><temp name="T1123"/><temp name="T54"/><temp name="T1060"/><temp name="T1086"/><temp name="T1125"/><temp name="T1014"/><temp name="T1011"/><temp name="T1048"/><temp name="T1111"/><temp name="T943"/><temp name="T1115"/><temp name="T1000"/><temp name="T6"/><temp name="T960"/><temp name="T1092"/><temp name="T1100"/><temp name="T1152"/><temp name="T995"/><temp name="T1096"/><temp name="T928"/><temp name="T1036"/><temp name="T940"/><temp name="T1065"/><temp name="T931"/><temp name="T991"/><temp name="T951"/><temp name="T1003"/><temp name="T1005"/><temp name="T1120"/></temps><temps name="out"><temp name="T1146"/><temp name="T954"/><temp name="T1080"/><temp name="T980"/><temp name="T1071"/><temp name="T988"/><temp name="T920"/><temp name="T1063"/><temp name="T1032"/><temp name="T1026"/><temp name="T1020"/><temp name="T945"/><temp name="T1157"/><temp name="T972"/><temp name="T1131"/><temp name="T1134"/><temp name="T1140"/><temp name="T1055"/><temp name="T976"/><temp name="T935"/><temp name="T1108"/><temp name="T1051"/><temp name="T966"/><temp name="T1040"/><temp name="T1074"/><temp name="T1123"/><temp name="T54"/><temp name="T1060"/><temp name="T1086"/><temp name="T1125"/><temp name="T1014"/><temp name="T1011"/><temp name="T1048"/><temp name="T1111"/><temp name="T943"/><temp name="T1115"/><temp name="T1000"/><temp name="T6"/><temp name="T960"/><temp name="T1092"/><temp name="T1100"/><temp name="T1152"/><temp name="T995"/><temp name="T1096"/><temp name="T928"/><temp name="T1036"/><temp name="T940"/><temp name="T1065"/><temp name="T931"/><temp name="T991"/><temp name="T951"/><temp name="T1003"/><temp name="T1005"/><temp name="T1120"/></temps></instruction><instruction code="INCML T937, 0"><temps name="use"/><temps name="def"><temp name="T937"/></temps><temps name="in"><temp name="T1146"/><temp name="T954"/><temp name="T1080"/><temp name="T980"/><temp name="T1071"/><temp name="T988"/><temp name="T920"/><temp name="T1063"/><temp name="T1032"/><temp name="T1026"/><temp name="T1020"/><temp name="T945"/><temp name="T1157"/><temp name="T972"/><temp name="T1131"/><temp name="T1134"/><temp name="T1140"/><temp name="T1055"/><temp name="T976"/><temp name="T935"/><temp name="T1108"/><temp name="T1051"/><temp name="T966"/><temp name="T1040"/><temp name="T1074"/><temp name="T1123"/><temp name="T54"/><temp name="T1060"/><temp name="T1086"/><temp name="T1125"/><temp name="T1014"/><temp name="T1011"/><temp name="T1048"/><temp name="T1111"/><temp name="T943"/><temp name="T1115"/><temp name="T1000"/><temp name="T6"/><temp name="T960"/><temp name="T1092"/><temp name="T1100"/><temp name="T1152"/><temp name="T995"/><temp name="T1096"/><temp name="T928"/><temp name="T1036"/><temp name="T940"/><temp name="T1065"/><temp name="T931"/><temp name="T991"/><temp name="T951"/><temp name="T1003"/><temp name="T1005"/><temp name="T1120"/></temps><temps name="out"><temp name="T1146"/><temp name="T954"/><temp name="T1080"/><temp name="T980"/><temp name="T1071"/><temp name="T988"/><temp name="T920"/><temp name="T1063"/><temp name="T1032"/><temp name="T1026"/><temp name="T1020"/><temp name="T945"/><temp name="T1157"/><temp name="T972"/><temp name="T1131"/><temp name="T1134"/><temp name="T1140"/><temp name="T1055"/><temp name="T976"/><temp name="T935"/><temp name="T1108"/><temp name="T1051"/><temp name="T966"/><temp name="T1040"/><temp name="T1074"/><temp name="T1123"/><temp name="T54"/><temp name="T1060"/><temp name="T1086"/><temp name="T1125"/><temp name="T1014"/><temp name="T1011"/><temp name="T1048"/><temp name="T1111"/><temp name="T943"/><temp name="T1115"/><temp name="T1000"/><temp name="T6"/><temp name="T960"/><temp name="T1092"/><temp name="T1100"/><temp name="T1152"/><temp name="T995"/><temp name="T1096"/><temp name="T928"/><temp name="T1036"/><temp name="T940"/><temp name="T1065"/><temp name="T931"/><temp name="T991"/><temp name="T951"/><temp name="T1003"/><temp name="T1005"/><temp name="T1120"/></temps></instruction><instruction code="INCMH T937, 0"><temps name="use"/><temps name="def"><temp name="T937"/></temps><temps name="in"><temp name="T1146"/><temp name="T954"/><temp name="T1080"/><temp name="T980"/><temp name="T1071"/><temp name="T988"/><temp name="T920"/><temp name="T1063"/><temp name="T1032"/><temp name="T1026"/><temp name="T1020"/><temp name="T945"/><temp name="T1157"/><temp name="T972"/><temp name="T1131"/><temp name="T1134"/><temp name="T1140"/><temp name="T1055"/><temp name="T976"/><temp name="T935"/><temp name="T1108"/><temp name="T1051"/><temp name="T966"/><temp name="T1040"/><temp name="T1074"/><temp name="T1123"/><temp name="T54"/><temp name="T1060"/><temp name="T1086"/><temp name="T1125"/><temp name="T1014"/><temp name="T1011"/><temp name="T1048"/><temp name="T1111"/><temp name="T943"/><temp name="T1115"/><temp name="T1000"/><temp name="T6"/><temp name="T960"/><temp name="T1092"/><temp name="T1100"/><temp name="T1152"/><temp name="T995"/><temp name="T1096"/><temp name="T928"/><temp name="T1036"/><temp name="T940"/><temp name="T1065"/><temp name="T931"/><temp name="T991"/><temp name="T951"/><temp name="T1003"/><temp name="T1005"/><temp name="T1120"/></temps><temps name="out"><temp name="T1146"/><temp name="T954"/><temp name="T1080"/><temp name="T980"/><temp name="T1071"/><temp name="T988"/><temp name="T920"/><temp name="T1063"/><temp name="T1032"/><temp name="T1026"/><temp name="T1020"/><temp name="T945"/><temp name="T1157"/><temp name="T972"/><temp name="T1131"/><temp name="T1134"/><temp name="T1140"/><temp name="T1055"/><temp name="T976"/><temp name="T935"/><temp name="T1108"/><temp name="T1051"/><temp name="T966"/><temp name="T1040"/><temp name="T1074"/><temp name="T1123"/><temp name="T54"/><temp name="T1060"/><temp name="T1086"/><temp name="T1125"/><temp name="T1014"/><temp name="T1011"/><temp name="T1048"/><temp name="T1111"/><temp name="T943"/><temp name="T1115"/><temp name="T1000"/><temp name="T6"/><temp name="T960"/><temp name="T1092"/><temp name="T1100"/><temp name="T1152"/><temp name="T995"/><temp name="T1096"/><temp name="T928"/><temp name="T1036"/><temp name="T940"/><temp name="T1065"/><temp name="T931"/><temp name="T991"/><temp name="T951"/><temp name="T1003"/><temp name="T1005"/><temp name="T1120"/></temps></instruction><instruction code="INCH  T937, 0"><temps name="use"/><temps name="def"><temp name="T937"/></temps><temps name="in"><temp name="T1146"/><temp name="T954"/><temp name="T1080"/><temp name="T980"/><temp name="T1071"/><temp name="T988"/><temp name="T920"/><temp name="T1063"/><temp name="T1032"/><temp name="T1026"/><temp name="T1020"/><temp name="T945"/><temp name="T1157"/><temp name="T972"/><temp name="T1131"/><temp name="T1134"/><temp name="T1140"/><temp name="T1055"/><temp name="T976"/><temp name="T935"/><temp name="T1108"/><temp name="T1051"/><temp name="T966"/><temp name="T1040"/><temp name="T1074"/><temp name="T1123"/><temp name="T54"/><temp name="T1060"/><temp name="T1086"/><temp name="T1125"/><temp name="T1014"/><temp name="T1011"/><temp name="T1048"/><temp name="T1111"/><temp name="T943"/><temp name="T1115"/><temp name="T1000"/><temp name="T6"/><temp name="T960"/><temp name="T1092"/><temp name="T1100"/><temp name="T1152"/><temp name="T995"/><temp name="T1096"/><temp name="T928"/><temp name="T1036"/><temp name="T940"/><temp name="T1065"/><temp name="T931"/><temp name="T991"/><temp name="T951"/><temp name="T1003"/><temp name="T1005"/><temp name="T1120"/></temps><temps name="out"><temp name="T1146"/><temp name="T954"/><temp name="T1080"/><temp name="T980"/><temp name="T1071"/><temp name="T988"/><temp name="T937"/><temp name="T920"/><temp name="T1063"/><temp name="T1032"/><temp name="T1026"/><temp name="T1020"/><temp name="T945"/><temp name="T1157"/><temp name="T972"/><temp name="T1131"/><temp name="T1134"/><temp name="T1140"/><temp name="T1055"/><temp name="T976"/><temp name="T935"/><temp name="T1108"/><temp name="T1051"/><temp name="T966"/><temp name="T1040"/><temp name="T1074"/><temp name="T1123"/><temp name="T54"/><temp name="T1060"/><temp name="T1086"/><temp name="T1125"/><temp name="T1014"/><temp name="T1011"/><temp name="T1048"/><temp name="T1111"/><temp name="T943"/><temp name="T1115"/><temp name="T1000"/><temp name="T6"/><temp name="T960"/><temp name="T1092"/><temp name="T1100"/><temp name="T1152"/><temp name="T995"/><temp name="T1096"/><temp name="T928"/><temp name="T1036"/><temp name="T940"/><temp name="T1065"/><temp name="T931"/><temp name="T991"/><temp name="T951"/><temp name="T1003"/><temp name="T1005"/><temp name="T1120"/></temps></instruction><instruction code="OR T55, T937, 0"><temps name="use"><temp name="T937"/></temps><temps name="def"><temp name="T55"/></temps><temps name="in"><temp name="T1146"/><temp name="T954"/><temp name="T1080"/><temp name="T980"/><temp name="T1071"/><temp name="T988"/><temp name="T937"/><temp name="T920"/><temp name="T1063"/><temp name="T1032"/><temp name="T1026"/><temp name="T1020"/><temp name="T945"/><temp name="T1157"/><temp name="T972"/><temp name="T1131"/><temp name="T1134"/><temp name="T1140"/><temp name="T1055"/><temp name="T976"/><temp name="T935"/><temp name="T1108"/><temp name="T1051"/><temp name="T966"/><temp name="T1040"/><temp name="T1074"/><temp name="T1123"/><temp name="T54"/><temp name="T1060"/><temp name="T1086"/><temp name="T1125"/><temp name="T1014"/><temp name="T1011"/><temp name="T1048"/><temp name="T1111"/><temp name="T943"/><temp name="T1115"/><temp name="T1000"/><temp name="T6"/><temp name="T960"/><temp name="T1092"/><temp name="T1100"/><temp name="T1152"/><temp name="T995"/><temp name="T1096"/><temp name="T928"/><temp name="T1036"/><temp name="T940"/><temp name="T1065"/><temp name="T931"/><temp name="T991"/><temp name="T951"/><temp name="T1003"/><temp name="T1005"/><temp name="T1120"/></temps><temps name="out"><temp name="T1146"/><temp name="T954"/><temp name="T1080"/><temp name="T980"/><temp name="T1071"/><temp name="T988"/><temp name="T920"/><temp name="T1063"/><temp name="T1032"/><temp name="T1026"/><temp name="T1020"/><temp name="T945"/><temp name="T1157"/><temp name="T972"/><temp name="T1131"/><temp name="T1134"/><temp name="T1140"/><temp name="T1055"/><temp name="T976"/><temp name="T935"/><temp name="T1108"/><temp name="T1051"/><temp name="T966"/><temp name="T1040"/><temp name="T1074"/><temp name="T1123"/><temp name="T54"/><temp name="T1060"/><temp name="T1086"/><temp name="T1125"/><temp name="T1014"/><temp name="T1011"/><temp name="T1048"/><temp name="T1111"/><temp name="T943"/><temp name="T1115"/><temp name="T1000"/><temp name="T6"/><temp name="T960"/><temp name="T1092"/><temp name="T1100"/><temp name="T1152"/><temp name="T995"/><temp name="T1096"/><temp name="T928"/><temp name="T1036"/><temp name="T940"/><temp name="T1065"/><temp name="T931"/><temp name="T991"/><temp name="T55"/><temp name="T951"/><temp name="T1003"/><temp name="T1005"/><temp name="T1120"/></temps></instruction><instruction code="OR T56, T6, 0"><temps name="use"><temp name="T6"/></temps><temps name="def"><temp name="T56"/></temps><temps name="in"><temp name="T1146"/><temp name="T954"/><temp name="T1080"/><temp name="T980"/><temp name="T1071"/><temp name="T988"/><temp name="T920"/><temp name="T1063"/><temp name="T1032"/><temp name="T1026"/><temp name="T1020"/><temp name="T945"/><temp name="T1157"/><temp name="T972"/><temp name="T1131"/><temp name="T1134"/><temp name="T1140"/><temp name="T1055"/><temp name="T976"/><temp name="T935"/><temp name="T1108"/><temp name="T1051"/><temp name="T966"/><temp name="T1040"/><temp name="T1074"/><temp name="T1123"/><temp name="T54"/><temp name="T1060"/><temp name="T1086"/><temp name="T1125"/><temp name="T1014"/><temp name="T1011"/><temp name="T1048"/><temp name="T1111"/><temp name="T943"/><temp name="T1115"/><temp name="T1000"/><temp name="T6"/><temp name="T960"/><temp name="T1092"/><temp name="T1100"/><temp name="T1152"/><temp name="T995"/><temp name="T1096"/><temp name="T928"/><temp name="T1036"/><temp name="T940"/><temp name="T1065"/><temp name="T931"/><temp name="T991"/><temp name="T55"/><temp name="T951"/><temp name="T1003"/><temp name="T1005"/><temp name="T1120"/></temps><temps name="out"><temp name="T56"/><temp name="T1146"/><temp name="T954"/><temp name="T1080"/><temp name="T980"/><temp name="T1071"/><temp name="T988"/><temp name="T920"/><temp name="T1063"/><temp name="T1032"/><temp name="T1026"/><temp name="T1020"/><temp name="T945"/><temp name="T1157"/><temp name="T972"/><temp name="T1131"/><temp name="T1134"/><temp name="T1140"/><temp name="T1055"/><temp name="T976"/><temp name="T935"/><temp name="T1108"/><temp name="T1051"/><temp name="T966"/><temp name="T1040"/><temp name="T1074"/><temp name="T1123"/><temp name="T54"/><temp name="T1060"/><temp name="T1086"/><temp name="T1125"/><temp name="T1014"/><temp name="T1011"/><temp name="T1048"/><temp name="T1111"/><temp name="T943"/><temp name="T1115"/><temp name="T1000"/><temp name="T6"/><temp name="T960"/><temp name="T1092"/><temp name="T1100"/><temp name="T1152"/><temp name="T995"/><temp name="T1096"/><temp name="T928"/><temp name="T1036"/><temp name="T940"/><temp name="T1065"/><temp name="T931"/><temp name="T991"/><temp name="T55"/><temp name="T951"/><temp name="T1003"/><temp name="T1005"/><temp name="T1120"/></temps></instruction><instruction code="SETL  T938, 8"><temps name="use"/><temps name="def"><temp name="T938"/></temps><temps name="in"><temp name="T56"/><temp name="T1146"/><temp name="T954"/><temp name="T1080"/><temp name="T980"/><temp name="T1071"/><temp name="T988"/><temp name="T920"/><temp name="T1063"/><temp name="T1032"/><temp name="T1026"/><temp name="T1020"/><temp name="T945"/><temp name="T1157"/><temp name="T972"/><temp name="T1131"/><temp name="T1134"/><temp name="T1140"/><temp name="T1055"/><temp name="T976"/><temp name="T935"/><temp name="T1108"/><temp name="T1051"/><temp name="T966"/><temp name="T1040"/><temp name="T1074"/><temp name="T1123"/><temp name="T54"/><temp name="T1060"/><temp name="T1086"/><temp name="T1125"/><temp name="T1014"/><temp name="T1011"/><temp name="T1048"/><temp name="T1111"/><temp name="T943"/><temp name="T1115"/><temp name="T1000"/><temp name="T6"/><temp name="T960"/><temp name="T1092"/><temp name="T1100"/><temp name="T1152"/><temp name="T995"/><temp name="T1096"/><temp name="T928"/><temp name="T1036"/><temp name="T940"/><temp name="T1065"/><temp name="T931"/><temp name="T991"/><temp name="T55"/><temp name="T951"/><temp name="T1003"/><temp name="T1005"/><temp name="T1120"/></temps><temps name="out"><temp name="T56"/><temp name="T1146"/><temp name="T954"/><temp name="T1080"/><temp name="T980"/><temp name="T1071"/><temp name="T988"/><temp name="T920"/><temp name="T1063"/><temp name="T1032"/><temp name="T1026"/><temp name="T1020"/><temp name="T945"/><temp name="T1157"/><temp name="T972"/><temp name="T1131"/><temp name="T1134"/><temp name="T1140"/><temp name="T1055"/><temp name="T976"/><temp name="T935"/><temp name="T1108"/><temp name="T1051"/><temp name="T966"/><temp name="T1040"/><temp name="T1074"/><temp name="T1123"/><temp name="T54"/><temp name="T1060"/><temp name="T1086"/><temp name="T1125"/><temp name="T1014"/><temp name="T1011"/><temp name="T1048"/><temp name="T1111"/><temp name="T943"/><temp name="T1115"/><temp name="T1000"/><temp name="T6"/><temp name="T960"/><temp name="T1092"/><temp name="T1100"/><temp name="T1152"/><temp name="T995"/><temp name="T1096"/><temp name="T928"/><temp name="T1036"/><temp name="T940"/><temp name="T1065"/><temp name="T931"/><temp name="T991"/><temp name="T55"/><temp name="T951"/><temp name="T1003"/><temp name="T1005"/><temp name="T1120"/></temps></instruction><instruction code="INCML T938, 0"><temps name="use"/><temps name="def"><temp name="T938"/></temps><temps name="in"><temp name="T56"/><temp name="T1146"/><temp name="T954"/><temp name="T1080"/><temp name="T980"/><temp name="T1071"/><temp name="T988"/><temp name="T920"/><temp name="T1063"/><temp name="T1032"/><temp name="T1026"/><temp name="T1020"/><temp name="T945"/><temp name="T1157"/><temp name="T972"/><temp name="T1131"/><temp name="T1134"/><temp name="T1140"/><temp name="T1055"/><temp name="T976"/><temp name="T935"/><temp name="T1108"/><temp name="T1051"/><temp name="T966"/><temp name="T1040"/><temp name="T1074"/><temp name="T1123"/><temp name="T54"/><temp name="T1060"/><temp name="T1086"/><temp name="T1125"/><temp name="T1014"/><temp name="T1011"/><temp name="T1048"/><temp name="T1111"/><temp name="T943"/><temp name="T1115"/><temp name="T1000"/><temp name="T6"/><temp name="T960"/><temp name="T1092"/><temp name="T1100"/><temp name="T1152"/><temp name="T995"/><temp name="T1096"/><temp name="T928"/><temp name="T1036"/><temp name="T940"/><temp name="T1065"/><temp name="T931"/><temp name="T991"/><temp name="T55"/><temp name="T951"/><temp name="T1003"/><temp name="T1005"/><temp name="T1120"/></temps><temps name="out"><temp name="T56"/><temp name="T1146"/><temp name="T954"/><temp name="T1080"/><temp name="T980"/><temp name="T1071"/><temp name="T988"/><temp name="T920"/><temp name="T1063"/><temp name="T1032"/><temp name="T1026"/><temp name="T1020"/><temp name="T945"/><temp name="T1157"/><temp name="T972"/><temp name="T1131"/><temp name="T1134"/><temp name="T1140"/><temp name="T1055"/><temp name="T976"/><temp name="T935"/><temp name="T1108"/><temp name="T1051"/><temp name="T966"/><temp name="T1040"/><temp name="T1074"/><temp name="T1123"/><temp name="T54"/><temp name="T1060"/><temp name="T1086"/><temp name="T1125"/><temp name="T1014"/><temp name="T1011"/><temp name="T1048"/><temp name="T1111"/><temp name="T943"/><temp name="T1115"/><temp name="T1000"/><temp name="T6"/><temp name="T960"/><temp name="T1092"/><temp name="T1100"/><temp name="T1152"/><temp name="T995"/><temp name="T1096"/><temp name="T928"/><temp name="T1036"/><temp name="T940"/><temp name="T1065"/><temp name="T931"/><temp name="T991"/><temp name="T55"/><temp name="T951"/><temp name="T1003"/><temp name="T1005"/><temp name="T1120"/></temps></instruction><instruction code="INCMH T938, 0"><temps name="use"/><temps name="def"><temp name="T938"/></temps><temps name="in"><temp name="T56"/><temp name="T1146"/><temp name="T954"/><temp name="T1080"/><temp name="T980"/><temp name="T1071"/><temp name="T988"/><temp name="T920"/><temp name="T1063"/><temp name="T1032"/><temp name="T1026"/><temp name="T1020"/><temp name="T945"/><temp name="T1157"/><temp name="T972"/><temp name="T1131"/><temp name="T1134"/><temp name="T1140"/><temp name="T1055"/><temp name="T976"/><temp name="T935"/><temp name="T1108"/><temp name="T1051"/><temp name="T966"/><temp name="T1040"/><temp name="T1074"/><temp name="T1123"/><temp name="T54"/><temp name="T1060"/><temp name="T1086"/><temp name="T1125"/><temp name="T1014"/><temp name="T1011"/><temp name="T1048"/><temp name="T1111"/><temp name="T943"/><temp name="T1115"/><temp name="T1000"/><temp name="T6"/><temp name="T960"/><temp name="T1092"/><temp name="T1100"/><temp name="T1152"/><temp name="T995"/><temp name="T1096"/><temp name="T928"/><temp name="T1036"/><temp name="T940"/><temp name="T1065"/><temp name="T931"/><temp name="T991"/><temp name="T55"/><temp name="T951"/><temp name="T1003"/><temp name="T1005"/><temp name="T1120"/></temps><temps name="out"><temp name="T56"/><temp name="T1146"/><temp name="T954"/><temp name="T1080"/><temp name="T980"/><temp name="T1071"/><temp name="T988"/><temp name="T920"/><temp name="T1063"/><temp name="T1032"/><temp name="T1026"/><temp name="T1020"/><temp name="T945"/><temp name="T1157"/><temp name="T972"/><temp name="T1131"/><temp name="T1134"/><temp name="T1140"/><temp name="T1055"/><temp name="T976"/><temp name="T935"/><temp name="T1108"/><temp name="T1051"/><temp name="T966"/><temp name="T1040"/><temp name="T1074"/><temp name="T1123"/><temp name="T54"/><temp name="T1060"/><temp name="T1086"/><temp name="T1125"/><temp name="T1014"/><temp name="T1011"/><temp name="T1048"/><temp name="T1111"/><temp name="T943"/><temp name="T1115"/><temp name="T1000"/><temp name="T6"/><temp name="T960"/><temp name="T1092"/><temp name="T1100"/><temp name="T1152"/><temp name="T995"/><temp name="T1096"/><temp name="T928"/><temp name="T1036"/><temp name="T940"/><temp name="T1065"/><temp name="T931"/><temp name="T991"/><temp name="T55"/><temp name="T951"/><temp name="T1003"/><temp name="T1005"/><temp name="T1120"/></temps></instruction><instruction code="INCH  T938, 0"><temps name="use"/><temps name="def"><temp name="T938"/></temps><temps name="in"><temp name="T56"/><temp name="T1146"/><temp name="T954"/><temp name="T1080"/><temp name="T980"/><temp name="T1071"/><temp name="T988"/><temp name="T920"/><temp name="T1063"/><temp name="T1032"/><temp name="T1026"/><temp name="T1020"/><temp name="T945"/><temp name="T1157"/><temp name="T972"/><temp name="T1131"/><temp name="T1134"/><temp name="T1140"/><temp name="T1055"/><temp name="T976"/><temp name="T935"/><temp name="T1108"/><temp name="T1051"/><temp name="T966"/><temp name="T1040"/><temp name="T1074"/><temp name="T1123"/><temp name="T54"/><temp name="T1060"/><temp name="T1086"/><temp name="T1125"/><temp name="T1014"/><temp name="T1011"/><temp name="T1048"/><temp name="T1111"/><temp name="T943"/><temp name="T1115"/><temp name="T1000"/><temp name="T6"/><temp name="T960"/><temp name="T1092"/><temp name="T1100"/><temp name="T1152"/><temp name="T995"/><temp name="T1096"/><temp name="T928"/><temp name="T1036"/><temp name="T940"/><temp name="T1065"/><temp name="T931"/><temp name="T991"/><temp name="T55"/><temp name="T951"/><temp name="T1003"/><temp name="T1005"/><temp name="T1120"/></temps><temps name="out"><temp name="T56"/><temp name="T1146"/><temp name="T954"/><temp name="T1080"/><temp name="T980"/><temp name="T1071"/><temp name="T988"/><temp name="T920"/><temp name="T1063"/><temp name="T1032"/><temp name="T1026"/><temp name="T938"/><temp name="T1020"/><temp name="T945"/><temp name="T1157"/><temp name="T972"/><temp name="T1131"/><temp name="T1134"/><temp name="T1140"/><temp name="T1055"/><temp name="T976"/><temp name="T935"/><temp name="T1108"/><temp name="T1051"/><temp name="T966"/><temp name="T1040"/><temp name="T1074"/><temp name="T1123"/><temp name="T54"/><temp name="T1060"/><temp name="T1086"/><temp name="T1125"/><temp name="T1014"/><temp name="T1011"/><temp name="T1048"/><temp name="T1111"/><temp name="T943"/><temp name="T1115"/><temp name="T1000"/><temp name="T6"/><temp name="T960"/><temp name="T1092"/><temp name="T1100"/><temp name="T1152"/><temp name="T995"/><temp name="T1096"/><temp name="T928"/><temp name="T1036"/><temp name="T940"/><temp name="T1065"/><temp name="T931"/><temp name="T991"/><temp name="T55"/><temp name="T951"/><temp name="T1003"/><temp name="T1005"/><temp name="T1120"/></temps></instruction><instruction code="NEG T938, 0, T938"><temps name="use"><temp name="T938"/></temps><temps name="def"><temp name="T938"/></temps><temps name="in"><temp name="T56"/><temp name="T1146"/><temp name="T954"/><temp name="T1080"/><temp name="T980"/><temp name="T1071"/><temp name="T988"/><temp name="T920"/><temp name="T1063"/><temp name="T1032"/><temp name="T1026"/><temp name="T938"/><temp name="T1020"/><temp name="T945"/><temp name="T1157"/><temp name="T972"/><temp name="T1131"/><temp name="T1134"/><temp name="T1140"/><temp name="T1055"/><temp name="T976"/><temp name="T935"/><temp name="T1108"/><temp name="T1051"/><temp name="T966"/><temp name="T1040"/><temp name="T1074"/><temp name="T1123"/><temp name="T54"/><temp name="T1060"/><temp name="T1086"/><temp name="T1125"/><temp name="T1014"/><temp name="T1011"/><temp name="T1048"/><temp name="T1111"/><temp name="T943"/><temp name="T1115"/><temp name="T1000"/><temp name="T6"/><temp name="T960"/><temp name="T1092"/><temp name="T1100"/><temp name="T1152"/><temp name="T995"/><temp name="T1096"/><temp name="T928"/><temp name="T1036"/><temp name="T940"/><temp name="T1065"/><temp name="T931"/><temp name="T991"/><temp name="T55"/><temp name="T951"/><temp name="T1003"/><temp name="T1005"/><temp name="T1120"/></temps><temps name="out"><temp name="T56"/><temp name="T1146"/><temp name="T954"/><temp name="T1080"/><temp name="T980"/><temp name="T1071"/><temp name="T988"/><temp name="T920"/><temp name="T1063"/><temp name="T1032"/><temp name="T1026"/><temp name="T938"/><temp name="T1020"/><temp name="T945"/><temp name="T1157"/><temp name="T972"/><temp name="T1131"/><temp name="T1134"/><temp name="T1140"/><temp name="T1055"/><temp name="T976"/><temp name="T935"/><temp name="T1108"/><temp name="T1051"/><temp name="T966"/><temp name="T1040"/><temp name="T1074"/><temp name="T1123"/><temp name="T54"/><temp name="T1060"/><temp name="T1086"/><temp name="T1125"/><temp name="T1014"/><temp name="T1011"/><temp name="T1048"/><temp name="T1111"/><temp name="T943"/><temp name="T1115"/><temp name="T1000"/><temp name="T6"/><temp name="T960"/><temp name="T1092"/><temp name="T1100"/><temp name="T1152"/><temp name="T995"/><temp name="T1096"/><temp name="T928"/><temp name="T1036"/><temp name="T940"/><temp name="T1065"/><temp name="T931"/><temp name="T991"/><temp name="T55"/><temp name="T951"/><temp name="T1003"/><temp name="T1005"/><temp name="T1120"/></temps></instruction><instruction code="OR T57, T938, 0"><temps name="use"><temp name="T938"/></temps><temps name="def"><temp name="T57"/></temps><temps name="in"><temp name="T56"/><temp name="T1146"/><temp name="T954"/><temp name="T1080"/><temp name="T980"/><temp name="T1071"/><temp name="T988"/><temp name="T920"/><temp name="T1063"/><temp name="T1032"/><temp name="T1026"/><temp name="T938"/><temp name="T1020"/><temp name="T945"/><temp name="T1157"/><temp name="T972"/><temp name="T1131"/><temp name="T1134"/><temp name="T1140"/><temp name="T1055"/><temp name="T976"/><temp name="T935"/><temp name="T1108"/><temp name="T1051"/><temp name="T966"/><temp name="T1040"/><temp name="T1074"/><temp name="T1123"/><temp name="T54"/><temp name="T1060"/><temp name="T1086"/><temp name="T1125"/><temp name="T1014"/><temp name="T1011"/><temp name="T1048"/><temp name="T1111"/><temp name="T943"/><temp name="T1115"/><temp name="T1000"/><temp name="T6"/><temp name="T960"/><temp name="T1092"/><temp name="T1100"/><temp name="T1152"/><temp name="T995"/><temp name="T1096"/><temp name="T928"/><temp name="T1036"/><temp name="T940"/><temp name="T1065"/><temp name="T931"/><temp name="T991"/><temp name="T55"/><temp name="T951"/><temp name="T1003"/><temp name="T1005"/><temp name="T1120"/></temps><temps name="out"><temp name="T56"/><temp name="T1146"/><temp name="T954"/><temp name="T1080"/><temp name="T980"/><temp name="T1071"/><temp name="T988"/><temp name="T920"/><temp name="T1063"/><temp name="T1032"/><temp name="T1026"/><temp name="T1020"/><temp name="T945"/><temp name="T1157"/><temp name="T972"/><temp name="T1131"/><temp name="T1134"/><temp name="T1140"/><temp name="T1055"/><temp name="T976"/><temp name="T935"/><temp name="T1108"/><temp name="T1051"/><temp name="T966"/><temp name="T1040"/><temp name="T1074"/><temp name="T1123"/><temp name="T54"/><temp name="T1060"/><temp name="T1086"/><temp name="T1125"/><temp name="T1014"/><temp name="T1011"/><temp name="T57"/><temp name="T1048"/><temp name="T1111"/><temp name="T943"/><temp name="T1115"/><temp name="T1000"/><temp name="T6"/><temp name="T960"/><temp name="T1092"/><temp name="T1100"/><temp name="T1152"/><temp name="T995"/><temp name="T1096"/><temp name="T928"/><temp name="T1036"/><temp name="T940"/><temp name="T1065"/><temp name="T931"/><temp name="T991"/><temp name="T55"/><temp name="T951"/><temp name="T1003"/><temp name="T1005"/><temp name="T1120"/></temps></instruction><instruction code="ADD T939, T56, T57"><temps name="use"><temp name="T56"/><temp name="T57"/></temps><temps name="def"><temp name="T939"/></temps><temps name="in"><temp name="T56"/><temp name="T1146"/><temp name="T954"/><temp name="T1080"/><temp name="T980"/><temp name="T1071"/><temp name="T988"/><temp name="T920"/><temp name="T1063"/><temp name="T1032"/><temp name="T1026"/><temp name="T1020"/><temp name="T945"/><temp name="T1157"/><temp name="T972"/><temp name="T1131"/><temp name="T1134"/><temp name="T1140"/><temp name="T1055"/><temp name="T976"/><temp name="T935"/><temp name="T1108"/><temp name="T1051"/><temp name="T966"/><temp name="T1040"/><temp name="T1074"/><temp name="T1123"/><temp name="T54"/><temp name="T1060"/><temp name="T1086"/><temp name="T1125"/><temp name="T1014"/><temp name="T1011"/><temp name="T57"/><temp name="T1048"/><temp name="T1111"/><temp name="T943"/><temp name="T1115"/><temp name="T1000"/><temp name="T6"/><temp name="T960"/><temp name="T1092"/><temp name="T1100"/><temp name="T1152"/><temp name="T995"/><temp name="T1096"/><temp name="T928"/><temp name="T1036"/><temp name="T940"/><temp name="T1065"/><temp name="T931"/><temp name="T991"/><temp name="T55"/><temp name="T951"/><temp name="T1003"/><temp name="T1005"/><temp name="T1120"/></temps><temps name="out"><temp name="T1146"/><temp name="T954"/><temp name="T1080"/><temp name="T980"/><temp name="T1071"/><temp name="T988"/><temp name="T920"/><temp name="T1063"/><temp name="T1032"/><temp name="T1026"/><temp name="T1020"/><temp name="T945"/><temp name="T1157"/><temp name="T972"/><temp name="T1131"/><temp name="T1134"/><temp name="T1140"/><temp name="T1055"/><temp name="T976"/><temp name="T935"/><temp name="T1108"/><temp name="T1051"/><temp name="T966"/><temp name="T1040"/><temp name="T1074"/><temp name="T1123"/><temp name="T54"/><temp name="T1060"/><temp name="T1086"/><temp name="T1125"/><temp name="T1014"/><temp name="T1011"/><temp name="T1048"/><temp name="T1111"/><temp name="T943"/><temp name="T1115"/><temp name="T1000"/><temp name="T6"/><temp name="T960"/><temp name="T1092"/><temp name="T1100"/><temp name="T1152"/><temp name="T995"/><temp name="T1096"/><temp name="T928"/><temp name="T1036"/><temp name="T940"/><temp name="T1065"/><temp name="T931"/><temp name="T991"/><temp name="T939"/><temp name="T55"/><temp name="T951"/><temp name="T1003"/><temp name="T1005"/><temp name="T1120"/></temps></instruction><instruction code="OR T58, T939, 0"><temps name="use"><temp name="T939"/></temps><temps name="def"><temp name="T58"/></temps><temps name="in"><temp name="T1146"/><temp name="T954"/><temp name="T1080"/><temp name="T980"/><temp name="T1071"/><temp name="T988"/><temp name="T920"/><temp name="T1063"/><temp name="T1032"/><temp name="T1026"/><temp name="T1020"/><temp name="T945"/><temp name="T1157"/><temp name="T972"/><temp name="T1131"/><temp name="T1134"/><temp name="T1140"/><temp name="T1055"/><temp name="T976"/><temp name="T935"/><temp name="T1108"/><temp name="T1051"/><temp name="T966"/><temp name="T1040"/><temp name="T1074"/><temp name="T1123"/><temp name="T54"/><temp name="T1060"/><temp name="T1086"/><temp name="T1125"/><temp name="T1014"/><temp name="T1011"/><temp name="T1048"/><temp name="T1111"/><temp name="T943"/><temp name="T1115"/><temp name="T1000"/><temp name="T6"/><temp name="T960"/><temp name="T1092"/><temp name="T1100"/><temp name="T1152"/><temp name="T995"/><temp name="T1096"/><temp name="T928"/><temp name="T1036"/><temp name="T940"/><temp name="T1065"/><temp name="T931"/><temp name="T991"/><temp name="T939"/><temp name="T55"/><temp name="T951"/><temp name="T1003"/><temp name="T1005"/><temp name="T1120"/></temps><temps name="out"><temp name="T1146"/><temp name="T954"/><temp name="T1080"/><temp name="T980"/><temp name="T1071"/><temp name="T988"/><temp name="T920"/><temp name="T1063"/><temp name="T1032"/><temp name="T1026"/><temp name="T1020"/><temp name="T945"/><temp name="T1157"/><temp name="T972"/><temp name="T1131"/><temp name="T1134"/><temp name="T1140"/><temp name="T1055"/><temp name="T976"/><temp name="T935"/><temp name="T1108"/><temp name="T1051"/><temp name="T966"/><temp name="T1040"/><temp name="T1074"/><temp name="T1123"/><temp name="T54"/><temp name="T1060"/><temp name="T1086"/><temp name="T1125"/><temp name="T1014"/><temp name="T1011"/><temp name="T1048"/><temp name="T1111"/><temp name="T943"/><temp name="T1115"/><temp name="T1000"/><temp name="T6"/><temp name="T960"/><temp name="T1092"/><temp name="T1100"/><temp name="T1152"/><temp name="T995"/><temp name="T1096"/><temp name="T928"/><temp name="T1036"/><temp name="T940"/><temp name="T1065"/><temp name="T931"/><temp name="T991"/><temp name="T55"/><temp name="T951"/><temp name="T1003"/><temp name="T1005"/><temp name="T1120"/></temps></instruction><instruction code="LDO T941, T940, 0"><temps name="use"><temp name="T940"/></temps><temps name="def"><temp name="T941"/></temps><temps name="in"><temp name="T1146"/><temp name="T954"/><temp name="T1080"/><temp name="T980"/><temp name="T1071"/><temp name="T988"/><temp name="T920"/><temp name="T1063"/><temp name="T1032"/><temp name="T1026"/><temp name="T1020"/><temp name="T945"/><temp name="T1157"/><temp name="T972"/><temp name="T1131"/><temp name="T1134"/><temp name="T1140"/><temp name="T1055"/><temp name="T976"/><temp name="T935"/><temp name="T1108"/><temp name="T1051"/><temp name="T966"/><temp name="T1040"/><temp name="T1074"/><temp name="T1123"/><temp name="T54"/><temp name="T1060"/><temp name="T1086"/><temp name="T1125"/><temp name="T1014"/><temp name="T1011"/><temp name="T1048"/><temp name="T1111"/><temp name="T943"/><temp name="T1115"/><temp name="T1000"/><temp name="T6"/><temp name="T960"/><temp name="T1092"/><temp name="T1100"/><temp name="T1152"/><temp name="T995"/><temp name="T1096"/><temp name="T928"/><temp name="T1036"/><temp name="T940"/><temp name="T1065"/><temp name="T931"/><temp name="T991"/><temp name="T55"/><temp name="T951"/><temp name="T1003"/><temp name="T1005"/><temp name="T1120"/></temps><temps name="out"><temp name="T1146"/><temp name="T954"/><temp name="T1080"/><temp name="T980"/><temp name="T941"/><temp name="T1071"/><temp name="T988"/><temp name="T920"/><temp name="T1063"/><temp name="T1032"/><temp name="T1026"/><temp name="T1020"/><temp name="T945"/><temp name="T1157"/><temp name="T972"/><temp name="T1131"/><temp name="T1134"/><temp name="T1140"/><temp name="T1055"/><temp name="T976"/><temp name="T935"/><temp name="T1108"/><temp name="T1051"/><temp name="T966"/><temp name="T1040"/><temp name="T1074"/><temp name="T1123"/><temp name="T54"/><temp name="T1060"/><temp name="T1086"/><temp name="T1125"/><temp name="T1014"/><temp name="T1011"/><temp name="T1048"/><temp name="T1111"/><temp name="T943"/><temp name="T1115"/><temp name="T1000"/><temp name="T6"/><temp name="T960"/><temp name="T1092"/><temp name="T1100"/><temp name="T1152"/><temp name="T995"/><temp name="T1096"/><temp name="T928"/><temp name="T1036"/><temp name="T940"/><temp name="T1065"/><temp name="T931"/><temp name="T991"/><temp name="T55"/><temp name="T951"/><temp name="T1003"/><temp name="T1005"/><temp name="T1120"/></temps></instruction><instruction code="OR T59, T941, 0"><temps name="use"><temp name="T941"/></temps><temps name="def"><temp name="T59"/></temps><temps name="in"><temp name="T1146"/><temp name="T954"/><temp name="T1080"/><temp name="T980"/><temp name="T941"/><temp name="T1071"/><temp name="T988"/><temp name="T920"/><temp name="T1063"/><temp name="T1032"/><temp name="T1026"/><temp name="T1020"/><temp name="T945"/><temp name="T1157"/><temp name="T972"/><temp name="T1131"/><temp name="T1134"/><temp name="T1140"/><temp name="T1055"/><temp name="T976"/><temp name="T935"/><temp name="T1108"/><temp name="T1051"/><temp name="T966"/><temp name="T1040"/><temp name="T1074"/><temp name="T1123"/><temp name="T54"/><temp name="T1060"/><temp name="T1086"/><temp name="T1125"/><temp name="T1014"/><temp name="T1011"/><temp name="T1048"/><temp name="T1111"/><temp name="T943"/><temp name="T1115"/><temp name="T1000"/><temp name="T6"/><temp name="T960"/><temp name="T1092"/><temp name="T1100"/><temp name="T1152"/><temp name="T995"/><temp name="T1096"/><temp name="T928"/><temp name="T1036"/><temp name="T940"/><temp name="T1065"/><temp name="T931"/><temp name="T991"/><temp name="T55"/><temp name="T951"/><temp name="T1003"/><temp name="T1005"/><temp name="T1120"/></temps><temps name="out"><temp name="T1146"/><temp name="T954"/><temp name="T1080"/><temp name="T980"/><temp name="T1071"/><temp name="T988"/><temp name="T920"/><temp name="T1063"/><temp name="T1032"/><temp name="T1026"/><temp name="T1020"/><temp name="T945"/><temp name="T1157"/><temp name="T972"/><temp name="T1131"/><temp name="T1134"/><temp name="T1140"/><temp name="T59"/><temp name="T1055"/><temp name="T976"/><temp name="T935"/><temp name="T1108"/><temp name="T1051"/><temp name="T966"/><temp name="T1040"/><temp name="T1074"/><temp name="T1123"/><temp name="T54"/><temp name="T1060"/><temp name="T1086"/><temp name="T1125"/><temp name="T1014"/><temp name="T1011"/><temp name="T1048"/><temp name="T1111"/><temp name="T943"/><temp name="T1115"/><temp name="T1000"/><temp name="T6"/><temp name="T960"/><temp name="T1092"/><temp name="T1100"/><temp name="T1152"/><temp name="T995"/><temp name="T1096"/><temp name="T928"/><temp name="T1036"/><temp name="T940"/><temp name="T1065"/><temp name="T931"/><temp name="T991"/><temp name="T55"/><temp name="T951"/><temp name="T1003"/><temp name="T1005"/><temp name="T1120"/></temps></instruction><instruction code="STO T55, $254, 8"><temps name="use"><temp name="T55"/></temps><temps name="def"/><temps name="in"><temp name="T1146"/><temp name="T954"/><temp name="T1080"/><temp name="T980"/><temp name="T1071"/><temp name="T988"/><temp name="T920"/><temp name="T1063"/><temp name="T1032"/><temp name="T1026"/><temp name="T1020"/><temp name="T945"/><temp name="T1157"/><temp name="T972"/><temp name="T1131"/><temp name="T1134"/><temp name="T1140"/><temp name="T59"/><temp name="T1055"/><temp name="T976"/><temp name="T935"/><temp name="T1108"/><temp name="T1051"/><temp name="T966"/><temp name="T1040"/><temp name="T1074"/><temp name="T1123"/><temp name="T54"/><temp name="T1060"/><temp name="T1086"/><temp name="T1125"/><temp name="T1014"/><temp name="T1011"/><temp name="T1048"/><temp name="T1111"/><temp name="T943"/><temp name="T1115"/><temp name="T1000"/><temp name="T6"/><temp name="T960"/><temp name="T1092"/><temp name="T1100"/><temp name="T1152"/><temp name="T995"/><temp name="T1096"/><temp name="T928"/><temp name="T1036"/><temp name="T940"/><temp name="T1065"/><temp name="T931"/><temp name="T991"/><temp name="T55"/><temp name="T951"/><temp name="T1003"/><temp name="T1005"/><temp name="T1120"/></temps><temps name="out"><temp name="T1146"/><temp name="T954"/><temp name="T1080"/><temp name="T980"/><temp name="T1071"/><temp name="T988"/><temp name="T920"/><temp name="T1063"/><temp name="T1032"/><temp name="T1026"/><temp name="T1020"/><temp name="T945"/><temp name="T1157"/><temp name="T972"/><temp name="T1131"/><temp name="T1134"/><temp name="T1140"/><temp name="T59"/><temp name="T1055"/><temp name="T976"/><temp name="T935"/><temp name="T1108"/><temp name="T1051"/><temp name="T966"/><temp name="T1040"/><temp name="T1074"/><temp name="T1123"/><temp name="T54"/><temp name="T1060"/><temp name="T1086"/><temp name="T1125"/><temp name="T1014"/><temp name="T1011"/><temp name="T1048"/><temp name="T1111"/><temp name="T943"/><temp name="T1115"/><temp name="T1000"/><temp name="T6"/><temp name="T960"/><temp name="T1092"/><temp name="T1100"/><temp name="T1152"/><temp name="T995"/><temp name="T1096"/><temp name="T928"/><temp name="T1036"/><temp name="T940"/><temp name="T1065"/><temp name="T931"/><temp name="T991"/><temp name="T951"/><temp name="T1003"/><temp name="T1005"/><temp name="T1120"/></temps></instruction><instruction code="STO T59, $254, 16"><temps name="use"><temp name="T59"/></temps><temps name="def"/><temps name="in"><temp name="T1146"/><temp name="T954"/><temp name="T1080"/><temp name="T980"/><temp name="T1071"/><temp name="T988"/><temp name="T920"/><temp name="T1063"/><temp name="T1032"/><temp name="T1026"/><temp name="T1020"/><temp name="T945"/><temp name="T1157"/><temp name="T972"/><temp name="T1131"/><temp name="T1134"/><temp name="T1140"/><temp name="T59"/><temp name="T1055"/><temp name="T976"/><temp name="T935"/><temp name="T1108"/><temp name="T1051"/><temp name="T966"/><temp name="T1040"/><temp name="T1074"/><temp name="T1123"/><temp name="T54"/><temp name="T1060"/><temp name="T1086"/><temp name="T1125"/><temp name="T1014"/><temp name="T1011"/><temp name="T1048"/><temp name="T1111"/><temp name="T943"/><temp name="T1115"/><temp name="T1000"/><temp name="T6"/><temp name="T960"/><temp name="T1092"/><temp name="T1100"/><temp name="T1152"/><temp name="T995"/><temp name="T1096"/><temp name="T928"/><temp name="T1036"/><temp name="T940"/><temp name="T1065"/><temp name="T931"/><temp name="T991"/><temp name="T951"/><temp name="T1003"/><temp name="T1005"/><temp name="T1120"/></temps><temps name="out"><temp name="T1146"/><temp name="T954"/><temp name="T1080"/><temp name="T980"/><temp name="T1071"/><temp name="T988"/><temp name="T920"/><temp name="T1063"/><temp name="T1032"/><temp name="T1026"/><temp name="T1020"/><temp name="T945"/><temp name="T1157"/><temp name="T972"/><temp name="T1131"/><temp name="T1134"/><temp name="T1140"/><temp name="T1055"/><temp name="T976"/><temp name="T935"/><temp name="T1108"/><temp name="T1051"/><temp name="T966"/><temp name="T1040"/><temp name="T1074"/><temp name="T1123"/><temp name="T54"/><temp name="T1060"/><temp name="T1086"/><temp name="T1125"/><temp name="T1014"/><temp name="T1011"/><temp name="T1048"/><temp name="T1111"/><temp name="T943"/><temp name="T1115"/><temp name="T1000"/><temp name="T6"/><temp name="T960"/><temp name="T1092"/><temp name="T1100"/><temp name="T1152"/><temp name="T995"/><temp name="T1096"/><temp name="T928"/><temp name="T1036"/><temp name="T940"/><temp name="T1065"/><temp name="T931"/><temp name="T991"/><temp name="T951"/><temp name="T1003"/><temp name="T1005"/><temp name="T1120"/></temps></instruction><instruction code="LDA T942, _facItr"><temps name="use"/><temps name="def"><temp name="T942"/></temps><temps name="in"><temp name="T1146"/><temp name="T954"/><temp name="T1080"/><temp name="T980"/><temp name="T1071"/><temp name="T988"/><temp name="T920"/><temp name="T1063"/><temp name="T1032"/><temp name="T1026"/><temp name="T1020"/><temp name="T945"/><temp name="T1157"/><temp name="T972"/><temp name="T1131"/><temp name="T1134"/><temp name="T1140"/><temp name="T1055"/><temp name="T976"/><temp name="T935"/><temp name="T1108"/><temp name="T1051"/><temp name="T966"/><temp name="T1040"/><temp name="T1074"/><temp name="T1123"/><temp name="T54"/><temp name="T1060"/><temp name="T1086"/><temp name="T1125"/><temp name="T1014"/><temp name="T1011"/><temp name="T1048"/><temp name="T1111"/><temp name="T943"/><temp name="T1115"/><temp name="T1000"/><temp name="T6"/><temp name="T960"/><temp name="T1092"/><temp name="T1100"/><temp name="T1152"/><temp name="T995"/><temp name="T1096"/><temp name="T928"/><temp name="T1036"/><temp name="T940"/><temp name="T1065"/><temp name="T931"/><temp name="T991"/><temp name="T951"/><temp name="T1003"/><temp name="T1005"/><temp name="T1120"/></temps><temps name="out"><temp name="T1146"/><temp name="T954"/><temp name="T1080"/><temp name="T980"/><temp name="T1071"/><temp name="T988"/><temp name="T920"/><temp name="T1063"/><temp name="T1032"/><temp name="T1026"/><temp name="T1020"/><temp name="T945"/><temp name="T1157"/><temp name="T972"/><temp name="T1131"/><temp name="T1134"/><temp name="T1140"/><temp name="T1055"/><temp name="T976"/><temp name="T942"/><temp name="T935"/><temp name="T1108"/><temp name="T1051"/><temp name="T966"/><temp name="T1040"/><temp name="T1074"/><temp name="T1123"/><temp name="T54"/><temp name="T1060"/><temp name="T1086"/><temp name="T1125"/><temp name="T1014"/><temp name="T1011"/><temp name="T1048"/><temp name="T1111"/><temp name="T943"/><temp name="T1115"/><temp name="T1000"/><temp name="T6"/><temp name="T960"/><temp name="T1092"/><temp name="T1100"/><temp name="T1152"/><temp name="T995"/><temp name="T1096"/><temp name="T928"/><temp name="T1036"/><temp name="T940"/><temp name="T1065"/><temp name="T931"/><temp name="T991"/><temp name="T951"/><temp name="T1003"/><temp name="T1005"/><temp name="T1120"/></temps></instruction><instruction code="PUSHJ $15, T942, 0"><temps name="use"><temp name="T942"/></temps><temps name="def"/><temps name="in"><temp name="T1146"/><temp name="T954"/><temp name="T1080"/><temp name="T980"/><temp name="T1071"/><temp name="T988"/><temp name="T920"/><temp name="T1063"/><temp name="T1032"/><temp name="T1026"/><temp name="T1020"/><temp name="T945"/><temp name="T1157"/><temp name="T972"/><temp name="T1131"/><temp name="T1134"/><temp name="T1140"/><temp name="T1055"/><temp name="T976"/><temp name="T942"/><temp name="T935"/><temp name="T1108"/><temp name="T1051"/><temp name="T966"/><temp name="T1040"/><temp name="T1074"/><temp name="T1123"/><temp name="T54"/><temp name="T1060"/><temp name="T1086"/><temp name="T1125"/><temp name="T1014"/><temp name="T1011"/><temp name="T1048"/><temp name="T1111"/><temp name="T943"/><temp name="T1115"/><temp name="T1000"/><temp name="T6"/><temp name="T960"/><temp name="T1092"/><temp name="T1100"/><temp name="T1152"/><temp name="T995"/><temp name="T1096"/><temp name="T928"/><temp name="T1036"/><temp name="T940"/><temp name="T1065"/><temp name="T931"/><temp name="T991"/><temp name="T951"/><temp name="T1003"/><temp name="T1005"/><temp name="T1120"/></temps><temps name="out"><temp name="T1146"/><temp name="T954"/><temp name="T1080"/><temp name="T980"/><temp name="T1071"/><temp name="T988"/><temp name="T920"/><temp name="T1063"/><temp name="T1032"/><temp name="T1026"/><temp name="T1020"/><temp name="T945"/><temp name="T1157"/><temp name="T972"/><temp name="T1131"/><temp name="T1134"/><temp name="T1140"/><temp name="T1055"/><temp name="T976"/><temp name="T935"/><temp name="T1108"/><temp name="T1051"/><temp name="T966"/><temp name="T1040"/><temp name="T1074"/><temp name="T1123"/><temp name="T54"/><temp name="T1060"/><temp name="T1086"/><temp name="T1125"/><temp name="T1014"/><temp name="T1011"/><temp name="T1048"/><temp name="T1111"/><temp name="T943"/><temp name="T1115"/><temp name="T1000"/><temp name="T6"/><temp name="T960"/><temp name="T1092"/><temp name="T1100"/><temp name="T1152"/><temp name="T995"/><temp name="T1096"/><temp name="T928"/><temp name="T1036"/><temp name="T940"/><temp name="T1065"/><temp name="T931"/><temp name="T991"/><temp name="T951"/><temp name="T1003"/><temp name="T1005"/><temp name="T1120"/></temps></instruction><instruction code="OR T60, T943, 0"><temps name="use"><temp name="T943"/></temps><temps name="def"><temp name="T60"/></temps><temps name="in"><temp name="T1146"/><temp name="T954"/><temp name="T1080"/><temp name="T980"/><temp name="T1071"/><temp name="T988"/><temp name="T920"/><temp name="T1063"/><temp name="T1032"/><temp name="T1026"/><temp name="T1020"/><temp name="T945"/><temp name="T1157"/><temp name="T972"/><temp name="T1131"/><temp name="T1134"/><temp name="T1140"/><temp name="T1055"/><temp name="T976"/><temp name="T935"/><temp name="T1108"/><temp name="T1051"/><temp name="T966"/><temp name="T1040"/><temp name="T1074"/><temp name="T1123"/><temp name="T54"/><temp name="T1060"/><temp name="T1086"/><temp name="T1125"/><temp name="T1014"/><temp name="T1011"/><temp name="T1048"/><temp name="T1111"/><temp name="T943"/><temp name="T1115"/><temp name="T1000"/><temp name="T6"/><temp name="T960"/><temp name="T1092"/><temp name="T1100"/><temp name="T1152"/><temp name="T995"/><temp name="T1096"/><temp name="T928"/><temp name="T1036"/><temp name="T940"/><temp name="T1065"/><temp name="T931"/><temp name="T991"/><temp name="T951"/><temp name="T1003"/><temp name="T1005"/><temp name="T1120"/></temps><temps name="out"><temp name="T1146"/><temp name="T954"/><temp name="T1080"/><temp name="T980"/><temp name="T1071"/><temp name="T988"/><temp name="T920"/><temp name="T1063"/><temp name="T1032"/><temp name="T1026"/><temp name="T1020"/><temp name="T945"/><temp name="T1157"/><temp name="T972"/><temp name="T1131"/><temp name="T1134"/><temp name="T1140"/><temp name="T1055"/><temp name="T976"/><temp name="T935"/><temp name="T1108"/><temp name="T1051"/><temp name="T966"/><temp name="T1040"/><temp name="T1074"/><temp name="T1123"/><temp name="T54"/><temp name="T1060"/><temp name="T60"/><temp name="T1086"/><temp name="T1125"/><temp name="T1014"/><temp name="T1011"/><temp name="T1048"/><temp name="T1111"/><temp name="T943"/><temp name="T1115"/><temp name="T1000"/><temp name="T6"/><temp name="T960"/><temp name="T1092"/><temp name="T1100"/><temp name="T1152"/><temp name="T995"/><temp name="T1096"/><temp name="T928"/><temp name="T1036"/><temp name="T940"/><temp name="T1065"/><temp name="T931"/><temp name="T991"/><temp name="T951"/><temp name="T1003"/><temp name="T1005"/><temp name="T1120"/></temps></instruction><instruction code="STO T54, $254, 8"><temps name="use"><temp name="T54"/></temps><temps name="def"/><temps name="in"><temp name="T1146"/><temp name="T954"/><temp name="T1080"/><temp name="T980"/><temp name="T1071"/><temp name="T988"/><temp name="T920"/><temp name="T1063"/><temp name="T1032"/><temp name="T1026"/><temp name="T1020"/><temp name="T945"/><temp name="T1157"/><temp name="T972"/><temp name="T1131"/><temp name="T1134"/><temp name="T1140"/><temp name="T1055"/><temp name="T976"/><temp name="T935"/><temp name="T1108"/><temp name="T1051"/><temp name="T966"/><temp name="T1040"/><temp name="T1074"/><temp name="T1123"/><temp name="T54"/><temp name="T1060"/><temp name="T60"/><temp name="T1086"/><temp name="T1125"/><temp name="T1014"/><temp name="T1011"/><temp name="T1048"/><temp name="T1111"/><temp name="T943"/><temp name="T1115"/><temp name="T1000"/><temp name="T6"/><temp name="T960"/><temp name="T1092"/><temp name="T1100"/><temp name="T1152"/><temp name="T995"/><temp name="T1096"/><temp name="T928"/><temp name="T1036"/><temp name="T940"/><temp name="T1065"/><temp name="T931"/><temp name="T991"/><temp name="T951"/><temp name="T1003"/><temp name="T1005"/><temp name="T1120"/></temps><temps name="out"><temp name="T1146"/><temp name="T954"/><temp name="T1080"/><temp name="T980"/><temp name="T1071"/><temp name="T988"/><temp name="T920"/><temp name="T1063"/><temp name="T1032"/><temp name="T1026"/><temp name="T1020"/><temp name="T945"/><temp name="T1157"/><temp name="T972"/><temp name="T1131"/><temp name="T1134"/><temp name="T1140"/><temp name="T1055"/><temp name="T976"/><temp name="T935"/><temp name="T1108"/><temp name="T1051"/><temp name="T966"/><temp name="T1040"/><temp name="T1074"/><temp name="T1123"/><temp name="T1060"/><temp name="T60"/><temp name="T1086"/><temp name="T1125"/><temp name="T1014"/><temp name="T1011"/><temp name="T1048"/><temp name="T1111"/><temp name="T943"/><temp name="T1115"/><temp name="T1000"/><temp name="T6"/><temp name="T960"/><temp name="T1092"/><temp name="T1100"/><temp name="T1152"/><temp name="T995"/><temp name="T1096"/><temp name="T928"/><temp name="T1036"/><temp name="T940"/><temp name="T1065"/><temp name="T931"/><temp name="T991"/><temp name="T951"/><temp name="T1003"/><temp name="T1005"/><temp name="T1120"/></temps></instruction><instruction code="STO T60, $254, 16"><temps name="use"><temp name="T60"/></temps><temps name="def"/><temps name="in"><temp name="T1146"/><temp name="T954"/><temp name="T1080"/><temp name="T980"/><temp name="T1071"/><temp name="T988"/><temp name="T920"/><temp name="T1063"/><temp name="T1032"/><temp name="T1026"/><temp name="T1020"/><temp name="T945"/><temp name="T1157"/><temp name="T972"/><temp name="T1131"/><temp name="T1134"/><temp name="T1140"/><temp name="T1055"/><temp name="T976"/><temp name="T935"/><temp name="T1108"/><temp name="T1051"/><temp name="T966"/><temp name="T1040"/><temp name="T1074"/><temp name="T1123"/><temp name="T1060"/><temp name="T60"/><temp name="T1086"/><temp name="T1125"/><temp name="T1014"/><temp name="T1011"/><temp name="T1048"/><temp name="T1111"/><temp name="T943"/><temp name="T1115"/><temp name="T1000"/><temp name="T6"/><temp name="T960"/><temp name="T1092"/><temp name="T1100"/><temp name="T1152"/><temp name="T995"/><temp name="T1096"/><temp name="T928"/><temp name="T1036"/><temp name="T940"/><temp name="T1065"/><temp name="T931"/><temp name="T991"/><temp name="T951"/><temp name="T1003"/><temp name="T1005"/><temp name="T1120"/></temps><temps name="out"><temp name="T1146"/><temp name="T954"/><temp name="T1080"/><temp name="T980"/><temp name="T1071"/><temp name="T988"/><temp name="T920"/><temp name="T1063"/><temp name="T1032"/><temp name="T1026"/><temp name="T1020"/><temp name="T945"/><temp name="T1157"/><temp name="T972"/><temp name="T1131"/><temp name="T1134"/><temp name="T1140"/><temp name="T1055"/><temp name="T976"/><temp name="T935"/><temp name="T1108"/><temp name="T1051"/><temp name="T966"/><temp name="T1040"/><temp name="T1074"/><temp name="T1123"/><temp name="T1060"/><temp name="T1086"/><temp name="T1125"/><temp name="T1014"/><temp name="T1011"/><temp name="T1048"/><temp name="T1111"/><temp name="T943"/><temp name="T1115"/><temp name="T1000"/><temp name="T6"/><temp name="T960"/><temp name="T1092"/><temp name="T1100"/><temp name="T1152"/><temp name="T995"/><temp name="T1096"/><temp name="T928"/><temp name="T1036"/><temp name="T940"/><temp name="T1065"/><temp name="T931"/><temp name="T991"/><temp name="T951"/><temp name="T1003"/><temp name="T1005"/><temp name="T1120"/></temps></instruction><instruction code="LDA T944, _putInt"><temps name="use"/><temps name="def"><temp name="T944"/></temps><temps name="in"><temp name="T1146"/><temp name="T954"/><temp name="T1080"/><temp name="T980"/><temp name="T1071"/><temp name="T988"/><temp name="T920"/><temp name="T1063"/><temp name="T1032"/><temp name="T1026"/><temp name="T1020"/><temp name="T945"/><temp name="T1157"/><temp name="T972"/><temp name="T1131"/><temp name="T1134"/><temp name="T1140"/><temp name="T1055"/><temp name="T976"/><temp name="T935"/><temp name="T1108"/><temp name="T1051"/><temp name="T966"/><temp name="T1040"/><temp name="T1074"/><temp name="T1123"/><temp name="T1060"/><temp name="T1086"/><temp name="T1125"/><temp name="T1014"/><temp name="T1011"/><temp name="T1048"/><temp name="T1111"/><temp name="T943"/><temp name="T1115"/><temp name="T1000"/><temp name="T6"/><temp name="T960"/><temp name="T1092"/><temp name="T1100"/><temp name="T1152"/><temp name="T995"/><temp name="T1096"/><temp name="T928"/><temp name="T1036"/><temp name="T940"/><temp name="T1065"/><temp name="T931"/><temp name="T991"/><temp name="T951"/><temp name="T1003"/><temp name="T1005"/><temp name="T1120"/></temps><temps name="out"><temp name="T1146"/><temp name="T954"/><temp name="T1080"/><temp name="T980"/><temp name="T1071"/><temp name="T988"/><temp name="T920"/><temp name="T1063"/><temp name="T1032"/><temp name="T1026"/><temp name="T1020"/><temp name="T945"/><temp name="T1157"/><temp name="T972"/><temp name="T1131"/><temp name="T1134"/><temp name="T1140"/><temp name="T1055"/><temp name="T976"/><temp name="T935"/><temp name="T1108"/><temp name="T1051"/><temp name="T966"/><temp name="T1040"/><temp name="T1074"/><temp name="T1123"/><temp name="T944"/><temp name="T1060"/><temp name="T1086"/><temp name="T1125"/><temp name="T1014"/><temp name="T1011"/><temp name="T1048"/><temp name="T1111"/><temp name="T943"/><temp name="T1115"/><temp name="T1000"/><temp name="T6"/><temp name="T960"/><temp name="T1092"/><temp name="T1100"/><temp name="T1152"/><temp name="T995"/><temp name="T1096"/><temp name="T928"/><temp name="T1036"/><temp name="T940"/><temp name="T1065"/><temp name="T931"/><temp name="T991"/><temp name="T951"/><temp name="T1003"/><temp name="T1005"/><temp name="T1120"/></temps></instruction><instruction code="PUSHJ $15, T944, 0"><temps name="use"><temp name="T944"/></temps><temps name="def"/><temps name="in"><temp name="T1146"/><temp name="T954"/><temp name="T1080"/><temp name="T980"/><temp name="T1071"/><temp name="T988"/><temp name="T920"/><temp name="T1063"/><temp name="T1032"/><temp name="T1026"/><temp name="T1020"/><temp name="T945"/><temp name="T1157"/><temp name="T972"/><temp name="T1131"/><temp name="T1134"/><temp name="T1140"/><temp name="T1055"/><temp name="T976"/><temp name="T935"/><temp name="T1108"/><temp name="T1051"/><temp name="T966"/><temp name="T1040"/><temp name="T1074"/><temp name="T1123"/><temp name="T944"/><temp name="T1060"/><temp name="T1086"/><temp name="T1125"/><temp name="T1014"/><temp name="T1011"/><temp name="T1048"/><temp name="T1111"/><temp name="T943"/><temp name="T1115"/><temp name="T1000"/><temp name="T6"/><temp name="T960"/><temp name="T1092"/><temp name="T1100"/><temp name="T1152"/><temp name="T995"/><temp name="T1096"/><temp name="T928"/><temp name="T1036"/><temp name="T940"/><temp name="T1065"/><temp name="T931"/><temp name="T991"/><temp name="T951"/><temp name="T1003"/><temp name="T1005"/><temp name="T1120"/></temps><temps name="out"><temp name="T1146"/><temp name="T954"/><temp name="T1080"/><temp name="T980"/><temp name="T1071"/><temp name="T988"/><temp name="T920"/><temp name="T1063"/><temp name="T1032"/><temp name="T1026"/><temp name="T1020"/><temp name="T945"/><temp name="T1157"/><temp name="T972"/><temp name="T1131"/><temp name="T1134"/><temp name="T1140"/><temp name="T1055"/><temp name="T976"/><temp name="T935"/><temp name="T1108"/><temp name="T1051"/><temp name="T966"/><temp name="T1040"/><temp name="T1074"/><temp name="T1123"/><temp name="T1060"/><temp name="T1086"/><temp name="T1125"/><temp name="T1014"/><temp name="T1011"/><temp name="T1048"/><temp name="T1111"/><temp name="T943"/><temp name="T1115"/><temp name="T1000"/><temp name="T6"/><temp name="T960"/><temp name="T1092"/><temp name="T1100"/><temp name="T1152"/><temp name="T995"/><temp name="T1096"/><temp name="T928"/><temp name="T1036"/><temp name="T940"/><temp name="T1065"/><temp name="T931"/><temp name="T991"/><temp name="T951"/><temp name="T1003"/><temp name="T1005"/><temp name="T1120"/></temps></instruction><instruction code="OR T61, T945, 0"><temps name="use"><temp name="T945"/></temps><temps name="def"><temp name="T61"/></temps><temps name="in"><temp name="T1146"/><temp name="T954"/><temp name="T1080"/><temp name="T980"/><temp name="T1071"/><temp name="T988"/><temp name="T920"/><temp name="T1063"/><temp name="T1032"/><temp name="T1026"/><temp name="T1020"/><temp name="T945"/><temp name="T1157"/><temp name="T972"/><temp name="T1131"/><temp name="T1134"/><temp name="T1140"/><temp name="T1055"/><temp name="T976"/><temp name="T935"/><temp name="T1108"/><temp name="T1051"/><temp name="T966"/><temp name="T1040"/><temp name="T1074"/><temp name="T1123"/><temp name="T1060"/><temp name="T1086"/><temp name="T1125"/><temp name="T1014"/><temp name="T1011"/><temp name="T1048"/><temp name="T1111"/><temp name="T943"/><temp name="T1115"/><temp name="T1000"/><temp name="T6"/><temp name="T960"/><temp name="T1092"/><temp name="T1100"/><temp name="T1152"/><temp name="T995"/><temp name="T1096"/><temp name="T928"/><temp name="T1036"/><temp name="T940"/><temp name="T1065"/><temp name="T931"/><temp name="T991"/><temp name="T951"/><temp name="T1003"/><temp name="T1005"/><temp name="T1120"/></temps><temps name="out"><temp name="T1146"/><temp name="T954"/><temp name="T1080"/><temp name="T980"/><temp name="T1071"/><temp name="T988"/><temp name="T920"/><temp name="T1063"/><temp name="T1032"/><temp name="T1026"/><temp name="T1020"/><temp name="T945"/><temp name="T1157"/><temp name="T972"/><temp name="T1131"/><temp name="T1134"/><temp name="T1140"/><temp name="T1055"/><temp name="T976"/><temp name="T935"/><temp name="T1108"/><temp name="T1051"/><temp name="T966"/><temp name="T1040"/><temp name="T1074"/><temp name="T1123"/><temp name="T1060"/><temp name="T1086"/><temp name="T1125"/><temp name="T1014"/><temp name="T1011"/><temp name="T1048"/><temp name="T1111"/><temp name="T943"/><temp name="T1115"/><temp name="T1000"/><temp name="T6"/><temp name="T960"/><temp name="T1092"/><temp name="T1100"/><temp name="T1152"/><temp name="T995"/><temp name="T1096"/><temp name="T928"/><temp name="T1036"/><temp name="T940"/><temp name="T1065"/><temp name="T931"/><temp name="T991"/><temp name="T951"/><temp name="T1003"/><temp name="T1005"/><temp name="T1120"/></temps></instruction><instruction code="SETL  T946, 0"><temps name="use"/><temps name="def"><temp name="T946"/></temps><temps name="in"><temp name="T1146"/><temp name="T954"/><temp name="T1080"/><temp name="T980"/><temp name="T1071"/><temp name="T988"/><temp name="T920"/><temp name="T1063"/><temp name="T1032"/><temp name="T1026"/><temp name="T1020"/><temp name="T945"/><temp name="T1157"/><temp name="T972"/><temp name="T1131"/><temp name="T1134"/><temp name="T1140"/><temp name="T1055"/><temp name="T976"/><temp name="T935"/><temp name="T1108"/><temp name="T1051"/><temp name="T966"/><temp name="T1040"/><temp name="T1074"/><temp name="T1123"/><temp name="T1060"/><temp name="T1086"/><temp name="T1125"/><temp name="T1014"/><temp name="T1011"/><temp name="T1048"/><temp name="T1111"/><temp name="T943"/><temp name="T1115"/><temp name="T1000"/><temp name="T6"/><temp name="T960"/><temp name="T1092"/><temp name="T1100"/><temp name="T1152"/><temp name="T995"/><temp name="T1096"/><temp name="T928"/><temp name="T1036"/><temp name="T940"/><temp name="T1065"/><temp name="T931"/><temp name="T991"/><temp name="T951"/><temp name="T1003"/><temp name="T1005"/><temp name="T1120"/></temps><temps name="out"><temp name="T1146"/><temp name="T954"/><temp name="T1080"/><temp name="T980"/><temp name="T1071"/><temp name="T988"/><temp name="T920"/><temp name="T1063"/><temp name="T1032"/><temp name="T1026"/><temp name="T1020"/><temp name="T945"/><temp name="T1157"/><temp name="T972"/><temp name="T1131"/><temp name="T1134"/><temp name="T1140"/><temp name="T1055"/><temp name="T976"/><temp name="T935"/><temp name="T1108"/><temp name="T1051"/><temp name="T966"/><temp name="T1040"/><temp name="T1074"/><temp name="T1123"/><temp name="T1060"/><temp name="T1086"/><temp name="T1125"/><temp name="T1014"/><temp name="T1011"/><temp name="T1048"/><temp name="T1111"/><temp name="T943"/><temp name="T1115"/><temp name="T1000"/><temp name="T6"/><temp name="T960"/><temp name="T1092"/><temp name="T1100"/><temp name="T1152"/><temp name="T995"/><temp name="T1096"/><temp name="T928"/><temp name="T1036"/><temp name="T940"/><temp name="T1065"/><temp name="T931"/><temp name="T991"/><temp name="T951"/><temp name="T1003"/><temp name="T1005"/><temp name="T1120"/></temps></instruction><instruction code="INCML T946, 0"><temps name="use"/><temps name="def"><temp name="T946"/></temps><temps name="in"><temp name="T1146"/><temp name="T954"/><temp name="T1080"/><temp name="T980"/><temp name="T1071"/><temp name="T988"/><temp name="T920"/><temp name="T1063"/><temp name="T1032"/><temp name="T1026"/><temp name="T1020"/><temp name="T945"/><temp name="T1157"/><temp name="T972"/><temp name="T1131"/><temp name="T1134"/><temp name="T1140"/><temp name="T1055"/><temp name="T976"/><temp name="T935"/><temp name="T1108"/><temp name="T1051"/><temp name="T966"/><temp name="T1040"/><temp name="T1074"/><temp name="T1123"/><temp name="T1060"/><temp name="T1086"/><temp name="T1125"/><temp name="T1014"/><temp name="T1011"/><temp name="T1048"/><temp name="T1111"/><temp name="T943"/><temp name="T1115"/><temp name="T1000"/><temp name="T6"/><temp name="T960"/><temp name="T1092"/><temp name="T1100"/><temp name="T1152"/><temp name="T995"/><temp name="T1096"/><temp name="T928"/><temp name="T1036"/><temp name="T940"/><temp name="T1065"/><temp name="T931"/><temp name="T991"/><temp name="T951"/><temp name="T1003"/><temp name="T1005"/><temp name="T1120"/></temps><temps name="out"><temp name="T1146"/><temp name="T954"/><temp name="T1080"/><temp name="T980"/><temp name="T1071"/><temp name="T988"/><temp name="T920"/><temp name="T1063"/><temp name="T1032"/><temp name="T1026"/><temp name="T1020"/><temp name="T945"/><temp name="T1157"/><temp name="T972"/><temp name="T1131"/><temp name="T1134"/><temp name="T1140"/><temp name="T1055"/><temp name="T976"/><temp name="T935"/><temp name="T1108"/><temp name="T1051"/><temp name="T966"/><temp name="T1040"/><temp name="T1074"/><temp name="T1123"/><temp name="T1060"/><temp name="T1086"/><temp name="T1125"/><temp name="T1014"/><temp name="T1011"/><temp name="T1048"/><temp name="T1111"/><temp name="T943"/><temp name="T1115"/><temp name="T1000"/><temp name="T6"/><temp name="T960"/><temp name="T1092"/><temp name="T1100"/><temp name="T1152"/><temp name="T995"/><temp name="T1096"/><temp name="T928"/><temp name="T1036"/><temp name="T940"/><temp name="T1065"/><temp name="T931"/><temp name="T991"/><temp name="T951"/><temp name="T1003"/><temp name="T1005"/><temp name="T1120"/></temps></instruction><instruction code="INCMH T946, 0"><temps name="use"/><temps name="def"><temp name="T946"/></temps><temps name="in"><temp name="T1146"/><temp name="T954"/><temp name="T1080"/><temp name="T980"/><temp name="T1071"/><temp name="T988"/><temp name="T920"/><temp name="T1063"/><temp name="T1032"/><temp name="T1026"/><temp name="T1020"/><temp name="T945"/><temp name="T1157"/><temp name="T972"/><temp name="T1131"/><temp name="T1134"/><temp name="T1140"/><temp name="T1055"/><temp name="T976"/><temp name="T935"/><temp name="T1108"/><temp name="T1051"/><temp name="T966"/><temp name="T1040"/><temp name="T1074"/><temp name="T1123"/><temp name="T1060"/><temp name="T1086"/><temp name="T1125"/><temp name="T1014"/><temp name="T1011"/><temp name="T1048"/><temp name="T1111"/><temp name="T943"/><temp name="T1115"/><temp name="T1000"/><temp name="T6"/><temp name="T960"/><temp name="T1092"/><temp name="T1100"/><temp name="T1152"/><temp name="T995"/><temp name="T1096"/><temp name="T928"/><temp name="T1036"/><temp name="T940"/><temp name="T1065"/><temp name="T931"/><temp name="T991"/><temp name="T951"/><temp name="T1003"/><temp name="T1005"/><temp name="T1120"/></temps><temps name="out"><temp name="T1146"/><temp name="T954"/><temp name="T1080"/><temp name="T980"/><temp name="T1071"/><temp name="T988"/><temp name="T920"/><temp name="T1063"/><temp name="T1032"/><temp name="T1026"/><temp name="T1020"/><temp name="T945"/><temp name="T1157"/><temp name="T972"/><temp name="T1131"/><temp name="T1134"/><temp name="T1140"/><temp name="T1055"/><temp name="T976"/><temp name="T935"/><temp name="T1108"/><temp name="T1051"/><temp name="T966"/><temp name="T1040"/><temp name="T1074"/><temp name="T1123"/><temp name="T1060"/><temp name="T1086"/><temp name="T1125"/><temp name="T1014"/><temp name="T1011"/><temp name="T1048"/><temp name="T1111"/><temp name="T943"/><temp name="T1115"/><temp name="T1000"/><temp name="T6"/><temp name="T960"/><temp name="T1092"/><temp name="T1100"/><temp name="T1152"/><temp name="T995"/><temp name="T1096"/><temp name="T928"/><temp name="T1036"/><temp name="T940"/><temp name="T1065"/><temp name="T931"/><temp name="T991"/><temp name="T951"/><temp name="T1003"/><temp name="T1005"/><temp name="T1120"/></temps></instruction><instruction code="INCH  T946, 0"><temps name="use"/><temps name="def"><temp name="T946"/></temps><temps name="in"><temp name="T1146"/><temp name="T954"/><temp name="T1080"/><temp name="T980"/><temp name="T1071"/><temp name="T988"/><temp name="T920"/><temp name="T1063"/><temp name="T1032"/><temp name="T1026"/><temp name="T1020"/><temp name="T945"/><temp name="T1157"/><temp name="T972"/><temp name="T1131"/><temp name="T1134"/><temp name="T1140"/><temp name="T1055"/><temp name="T976"/><temp name="T935"/><temp name="T1108"/><temp name="T1051"/><temp name="T966"/><temp name="T1040"/><temp name="T1074"/><temp name="T1123"/><temp name="T1060"/><temp name="T1086"/><temp name="T1125"/><temp name="T1014"/><temp name="T1011"/><temp name="T1048"/><temp name="T1111"/><temp name="T943"/><temp name="T1115"/><temp name="T1000"/><temp name="T6"/><temp name="T960"/><temp name="T1092"/><temp name="T1100"/><temp name="T1152"/><temp name="T995"/><temp name="T1096"/><temp name="T928"/><temp name="T1036"/><temp name="T940"/><temp name="T1065"/><temp name="T931"/><temp name="T991"/><temp name="T951"/><temp name="T1003"/><temp name="T1005"/><temp name="T1120"/></temps><temps name="out"><temp name="T1146"/><temp name="T954"/><temp name="T1080"/><temp name="T980"/><temp name="T1071"/><temp name="T988"/><temp name="T920"/><temp name="T1063"/><temp name="T1032"/><temp name="T946"/><temp name="T1026"/><temp name="T1020"/><temp name="T945"/><temp name="T1157"/><temp name="T972"/><temp name="T1131"/><temp name="T1134"/><temp name="T1140"/><temp name="T1055"/><temp name="T976"/><temp name="T935"/><temp name="T1108"/><temp name="T1051"/><temp name="T966"/><temp name="T1040"/><temp name="T1074"/><temp name="T1123"/><temp name="T1060"/><temp name="T1086"/><temp name="T1125"/><temp name="T1014"/><temp name="T1011"/><temp name="T1048"/><temp name="T1111"/><temp name="T943"/><temp name="T1115"/><temp name="T1000"/><temp name="T6"/><temp name="T960"/><temp name="T1092"/><temp name="T1100"/><temp name="T1152"/><temp name="T995"/><temp name="T1096"/><temp name="T928"/><temp name="T1036"/><temp name="T940"/><temp name="T1065"/><temp name="T931"/><temp name="T991"/><temp name="T951"/><temp name="T1003"/><temp name="T1005"/><temp name="T1120"/></temps></instruction><instruction code="OR T62, T946, 0"><temps name="use"><temp name="T946"/></temps><temps name="def"><temp name="T62"/></temps><temps name="in"><temp name="T1146"/><temp name="T954"/><temp name="T1080"/><temp name="T980"/><temp name="T1071"/><temp name="T988"/><temp name="T920"/><temp name="T1063"/><temp name="T1032"/><temp name="T946"/><temp name="T1026"/><temp name="T1020"/><temp name="T945"/><temp name="T1157"/><temp name="T972"/><temp name="T1131"/><temp name="T1134"/><temp name="T1140"/><temp name="T1055"/><temp name="T976"/><temp name="T935"/><temp name="T1108"/><temp name="T1051"/><temp name="T966"/><temp name="T1040"/><temp name="T1074"/><temp name="T1123"/><temp name="T1060"/><temp name="T1086"/><temp name="T1125"/><temp name="T1014"/><temp name="T1011"/><temp name="T1048"/><temp name="T1111"/><temp name="T943"/><temp name="T1115"/><temp name="T1000"/><temp name="T6"/><temp name="T960"/><temp name="T1092"/><temp name="T1100"/><temp name="T1152"/><temp name="T995"/><temp name="T1096"/><temp name="T928"/><temp name="T1036"/><temp name="T940"/><temp name="T1065"/><temp name="T931"/><temp name="T991"/><temp name="T951"/><temp name="T1003"/><temp name="T1005"/><temp name="T1120"/></temps><temps name="out"><temp name="T1146"/><temp name="T954"/><temp name="T1080"/><temp name="T980"/><temp name="T1071"/><temp name="T988"/><temp name="T920"/><temp name="T1063"/><temp name="T1032"/><temp name="T1026"/><temp name="T62"/><temp name="T1020"/><temp name="T945"/><temp name="T1157"/><temp name="T972"/><temp name="T1131"/><temp name="T1134"/><temp name="T1140"/><temp name="T1055"/><temp name="T976"/><temp name="T935"/><temp name="T1108"/><temp name="T1051"/><temp name="T966"/><temp name="T1040"/><temp name="T1074"/><temp name="T1123"/><temp name="T1060"/><temp name="T1086"/><temp name="T1125"/><temp name="T1014"/><temp name="T1011"/><temp name="T1048"/><temp name="T1111"/><temp name="T943"/><temp name="T1115"/><temp name="T1000"/><temp name="T6"/><temp name="T960"/><temp name="T1092"/><temp name="T1100"/><temp name="T1152"/><temp name="T995"/><temp name="T1096"/><temp name="T928"/><temp name="T1036"/><temp name="T940"/><temp name="T1065"/><temp name="T931"/><temp name="T991"/><temp name="T951"/><temp name="T1003"/><temp name="T1005"/><temp name="T1120"/></temps></instruction><instruction code="SETL  T947, 10"><temps name="use"/><temps name="def"><temp name="T947"/></temps><temps name="in"><temp name="T1146"/><temp name="T954"/><temp name="T1080"/><temp name="T980"/><temp name="T1071"/><temp name="T988"/><temp name="T920"/><temp name="T1063"/><temp name="T1032"/><temp name="T1026"/><temp name="T62"/><temp name="T1020"/><temp name="T945"/><temp name="T1157"/><temp name="T972"/><temp name="T1131"/><temp name="T1134"/><temp name="T1140"/><temp name="T1055"/><temp name="T976"/><temp name="T935"/><temp name="T1108"/><temp name="T1051"/><temp name="T966"/><temp name="T1040"/><temp name="T1074"/><temp name="T1123"/><temp name="T1060"/><temp name="T1086"/><temp name="T1125"/><temp name="T1014"/><temp name="T1011"/><temp name="T1048"/><temp name="T1111"/><temp name="T943"/><temp name="T1115"/><temp name="T1000"/><temp name="T6"/><temp name="T960"/><temp name="T1092"/><temp name="T1100"/><temp name="T1152"/><temp name="T995"/><temp name="T1096"/><temp name="T928"/><temp name="T1036"/><temp name="T940"/><temp name="T1065"/><temp name="T931"/><temp name="T991"/><temp name="T951"/><temp name="T1003"/><temp name="T1005"/><temp name="T1120"/></temps><temps name="out"><temp name="T1146"/><temp name="T954"/><temp name="T1080"/><temp name="T980"/><temp name="T1071"/><temp name="T988"/><temp name="T920"/><temp name="T1063"/><temp name="T1032"/><temp name="T1026"/><temp name="T62"/><temp name="T1020"/><temp name="T945"/><temp name="T1157"/><temp name="T972"/><temp name="T1131"/><temp name="T1134"/><temp name="T1140"/><temp name="T1055"/><temp name="T976"/><temp name="T935"/><temp name="T1108"/><temp name="T1051"/><temp name="T966"/><temp name="T1040"/><temp name="T1074"/><temp name="T1123"/><temp name="T1060"/><temp name="T1086"/><temp name="T1125"/><temp name="T1014"/><temp name="T1011"/><temp name="T1048"/><temp name="T1111"/><temp name="T943"/><temp name="T1115"/><temp name="T1000"/><temp name="T6"/><temp name="T960"/><temp name="T1092"/><temp name="T1100"/><temp name="T1152"/><temp name="T995"/><temp name="T1096"/><temp name="T928"/><temp name="T1036"/><temp name="T940"/><temp name="T1065"/><temp name="T931"/><temp name="T991"/><temp name="T951"/><temp name="T1003"/><temp name="T1005"/><temp name="T1120"/></temps></instruction><instruction code="INCML T947, 0"><temps name="use"/><temps name="def"><temp name="T947"/></temps><temps name="in"><temp name="T1146"/><temp name="T954"/><temp name="T1080"/><temp name="T980"/><temp name="T1071"/><temp name="T988"/><temp name="T920"/><temp name="T1063"/><temp name="T1032"/><temp name="T1026"/><temp name="T62"/><temp name="T1020"/><temp name="T945"/><temp name="T1157"/><temp name="T972"/><temp name="T1131"/><temp name="T1134"/><temp name="T1140"/><temp name="T1055"/><temp name="T976"/><temp name="T935"/><temp name="T1108"/><temp name="T1051"/><temp name="T966"/><temp name="T1040"/><temp name="T1074"/><temp name="T1123"/><temp name="T1060"/><temp name="T1086"/><temp name="T1125"/><temp name="T1014"/><temp name="T1011"/><temp name="T1048"/><temp name="T1111"/><temp name="T943"/><temp name="T1115"/><temp name="T1000"/><temp name="T6"/><temp name="T960"/><temp name="T1092"/><temp name="T1100"/><temp name="T1152"/><temp name="T995"/><temp name="T1096"/><temp name="T928"/><temp name="T1036"/><temp name="T940"/><temp name="T1065"/><temp name="T931"/><temp name="T991"/><temp name="T951"/><temp name="T1003"/><temp name="T1005"/><temp name="T1120"/></temps><temps name="out"><temp name="T1146"/><temp name="T954"/><temp name="T1080"/><temp name="T980"/><temp name="T1071"/><temp name="T988"/><temp name="T920"/><temp name="T1063"/><temp name="T1032"/><temp name="T1026"/><temp name="T62"/><temp name="T1020"/><temp name="T945"/><temp name="T1157"/><temp name="T972"/><temp name="T1131"/><temp name="T1134"/><temp name="T1140"/><temp name="T1055"/><temp name="T976"/><temp name="T935"/><temp name="T1108"/><temp name="T1051"/><temp name="T966"/><temp name="T1040"/><temp name="T1074"/><temp name="T1123"/><temp name="T1060"/><temp name="T1086"/><temp name="T1125"/><temp name="T1014"/><temp name="T1011"/><temp name="T1048"/><temp name="T1111"/><temp name="T943"/><temp name="T1115"/><temp name="T1000"/><temp name="T6"/><temp name="T960"/><temp name="T1092"/><temp name="T1100"/><temp name="T1152"/><temp name="T995"/><temp name="T1096"/><temp name="T928"/><temp name="T1036"/><temp name="T940"/><temp name="T1065"/><temp name="T931"/><temp name="T991"/><temp name="T951"/><temp name="T1003"/><temp name="T1005"/><temp name="T1120"/></temps></instruction><instruction code="INCMH T947, 0"><temps name="use"/><temps name="def"><temp name="T947"/></temps><temps name="in"><temp name="T1146"/><temp name="T954"/><temp name="T1080"/><temp name="T980"/><temp name="T1071"/><temp name="T988"/><temp name="T920"/><temp name="T1063"/><temp name="T1032"/><temp name="T1026"/><temp name="T62"/><temp name="T1020"/><temp name="T945"/><temp name="T1157"/><temp name="T972"/><temp name="T1131"/><temp name="T1134"/><temp name="T1140"/><temp name="T1055"/><temp name="T976"/><temp name="T935"/><temp name="T1108"/><temp name="T1051"/><temp name="T966"/><temp name="T1040"/><temp name="T1074"/><temp name="T1123"/><temp name="T1060"/><temp name="T1086"/><temp name="T1125"/><temp name="T1014"/><temp name="T1011"/><temp name="T1048"/><temp name="T1111"/><temp name="T943"/><temp name="T1115"/><temp name="T1000"/><temp name="T6"/><temp name="T960"/><temp name="T1092"/><temp name="T1100"/><temp name="T1152"/><temp name="T995"/><temp name="T1096"/><temp name="T928"/><temp name="T1036"/><temp name="T940"/><temp name="T1065"/><temp name="T931"/><temp name="T991"/><temp name="T951"/><temp name="T1003"/><temp name="T1005"/><temp name="T1120"/></temps><temps name="out"><temp name="T1146"/><temp name="T954"/><temp name="T1080"/><temp name="T980"/><temp name="T1071"/><temp name="T988"/><temp name="T920"/><temp name="T1063"/><temp name="T1032"/><temp name="T1026"/><temp name="T62"/><temp name="T1020"/><temp name="T945"/><temp name="T1157"/><temp name="T972"/><temp name="T1131"/><temp name="T1134"/><temp name="T1140"/><temp name="T1055"/><temp name="T976"/><temp name="T935"/><temp name="T1108"/><temp name="T1051"/><temp name="T966"/><temp name="T1040"/><temp name="T1074"/><temp name="T1123"/><temp name="T1060"/><temp name="T1086"/><temp name="T1125"/><temp name="T1014"/><temp name="T1011"/><temp name="T1048"/><temp name="T1111"/><temp name="T943"/><temp name="T1115"/><temp name="T1000"/><temp name="T6"/><temp name="T960"/><temp name="T1092"/><temp name="T1100"/><temp name="T1152"/><temp name="T995"/><temp name="T1096"/><temp name="T928"/><temp name="T1036"/><temp name="T940"/><temp name="T1065"/><temp name="T931"/><temp name="T991"/><temp name="T951"/><temp name="T1003"/><temp name="T1005"/><temp name="T1120"/></temps></instruction><instruction code="INCH  T947, 0"><temps name="use"/><temps name="def"><temp name="T947"/></temps><temps name="in"><temp name="T1146"/><temp name="T954"/><temp name="T1080"/><temp name="T980"/><temp name="T1071"/><temp name="T988"/><temp name="T920"/><temp name="T1063"/><temp name="T1032"/><temp name="T1026"/><temp name="T62"/><temp name="T1020"/><temp name="T945"/><temp name="T1157"/><temp name="T972"/><temp name="T1131"/><temp name="T1134"/><temp name="T1140"/><temp name="T1055"/><temp name="T976"/><temp name="T935"/><temp name="T1108"/><temp name="T1051"/><temp name="T966"/><temp name="T1040"/><temp name="T1074"/><temp name="T1123"/><temp name="T1060"/><temp name="T1086"/><temp name="T1125"/><temp name="T1014"/><temp name="T1011"/><temp name="T1048"/><temp name="T1111"/><temp name="T943"/><temp name="T1115"/><temp name="T1000"/><temp name="T6"/><temp name="T960"/><temp name="T1092"/><temp name="T1100"/><temp name="T1152"/><temp name="T995"/><temp name="T1096"/><temp name="T928"/><temp name="T1036"/><temp name="T940"/><temp name="T1065"/><temp name="T931"/><temp name="T991"/><temp name="T951"/><temp name="T1003"/><temp name="T1005"/><temp name="T1120"/></temps><temps name="out"><temp name="T1146"/><temp name="T954"/><temp name="T1080"/><temp name="T980"/><temp name="T1071"/><temp name="T988"/><temp name="T920"/><temp name="T1063"/><temp name="T1032"/><temp name="T1026"/><temp name="T62"/><temp name="T1020"/><temp name="T945"/><temp name="T1157"/><temp name="T972"/><temp name="T1131"/><temp name="T1134"/><temp name="T1140"/><temp name="T1055"/><temp name="T976"/><temp name="T935"/><temp name="T1108"/><temp name="T1051"/><temp name="T966"/><temp name="T1040"/><temp name="T1074"/><temp name="T1123"/><temp name="T1060"/><temp name="T1086"/><temp name="T1125"/><temp name="T1014"/><temp name="T947"/><temp name="T1011"/><temp name="T1048"/><temp name="T1111"/><temp name="T943"/><temp name="T1115"/><temp name="T1000"/><temp name="T6"/><temp name="T960"/><temp name="T1092"/><temp name="T1100"/><temp name="T1152"/><temp name="T995"/><temp name="T1096"/><temp name="T928"/><temp name="T1036"/><temp name="T940"/><temp name="T1065"/><temp name="T931"/><temp name="T991"/><temp name="T951"/><temp name="T1003"/><temp name="T1005"/><temp name="T1120"/></temps></instruction><instruction code="OR T63, T947, 0"><temps name="use"><temp name="T947"/></temps><temps name="def"><temp name="T63"/></temps><temps name="in"><temp name="T1146"/><temp name="T954"/><temp name="T1080"/><temp name="T980"/><temp name="T1071"/><temp name="T988"/><temp name="T920"/><temp name="T1063"/><temp name="T1032"/><temp name="T1026"/><temp name="T62"/><temp name="T1020"/><temp name="T945"/><temp name="T1157"/><temp name="T972"/><temp name="T1131"/><temp name="T1134"/><temp name="T1140"/><temp name="T1055"/><temp name="T976"/><temp name="T935"/><temp name="T1108"/><temp name="T1051"/><temp name="T966"/><temp name="T1040"/><temp name="T1074"/><temp name="T1123"/><temp name="T1060"/><temp name="T1086"/><temp name="T1125"/><temp name="T1014"/><temp name="T947"/><temp name="T1011"/><temp name="T1048"/><temp name="T1111"/><temp name="T943"/><temp name="T1115"/><temp name="T1000"/><temp name="T6"/><temp name="T960"/><temp name="T1092"/><temp name="T1100"/><temp name="T1152"/><temp name="T995"/><temp name="T1096"/><temp name="T928"/><temp name="T1036"/><temp name="T940"/><temp name="T1065"/><temp name="T931"/><temp name="T991"/><temp name="T951"/><temp name="T1003"/><temp name="T1005"/><temp name="T1120"/></temps><temps name="out"><temp name="T1146"/><temp name="T954"/><temp name="T1080"/><temp name="T980"/><temp name="T1071"/><temp name="T63"/><temp name="T988"/><temp name="T920"/><temp name="T1063"/><temp name="T1032"/><temp name="T1026"/><temp name="T62"/><temp name="T1020"/><temp name="T945"/><temp name="T1157"/><temp name="T972"/><temp name="T1131"/><temp name="T1134"/><temp name="T1140"/><temp name="T1055"/><temp name="T976"/><temp name="T935"/><temp name="T1108"/><temp name="T1051"/><temp name="T966"/><temp name="T1040"/><temp name="T1074"/><temp name="T1123"/><temp name="T1060"/><temp name="T1086"/><temp name="T1125"/><temp name="T1014"/><temp name="T1011"/><temp name="T1048"/><temp name="T1111"/><temp name="T943"/><temp name="T1115"/><temp name="T1000"/><temp name="T6"/><temp name="T960"/><temp name="T1092"/><temp name="T1100"/><temp name="T1152"/><temp name="T995"/><temp name="T1096"/><temp name="T928"/><temp name="T1036"/><temp name="T940"/><temp name="T1065"/><temp name="T931"/><temp name="T991"/><temp name="T951"/><temp name="T1003"/><temp name="T1005"/><temp name="T1120"/></temps></instruction><instruction code="SETL  T948, 256"><temps name="use"/><temps name="def"><temp name="T948"/></temps><temps name="in"><temp name="T1146"/><temp name="T954"/><temp name="T1080"/><temp name="T980"/><temp name="T1071"/><temp name="T63"/><temp name="T988"/><temp name="T920"/><temp name="T1063"/><temp name="T1032"/><temp name="T1026"/><temp name="T62"/><temp name="T1020"/><temp name="T945"/><temp name="T1157"/><temp name="T972"/><temp name="T1131"/><temp name="T1134"/><temp name="T1140"/><temp name="T1055"/><temp name="T976"/><temp name="T935"/><temp name="T1108"/><temp name="T1051"/><temp name="T966"/><temp name="T1040"/><temp name="T1074"/><temp name="T1123"/><temp name="T1060"/><temp name="T1086"/><temp name="T1125"/><temp name="T1014"/><temp name="T1011"/><temp name="T1048"/><temp name="T1111"/><temp name="T943"/><temp name="T1115"/><temp name="T1000"/><temp name="T6"/><temp name="T960"/><temp name="T1092"/><temp name="T1100"/><temp name="T1152"/><temp name="T995"/><temp name="T1096"/><temp name="T928"/><temp name="T1036"/><temp name="T940"/><temp name="T1065"/><temp name="T931"/><temp name="T991"/><temp name="T951"/><temp name="T1003"/><temp name="T1005"/><temp name="T1120"/></temps><temps name="out"><temp name="T1146"/><temp name="T954"/><temp name="T1080"/><temp name="T980"/><temp name="T1071"/><temp name="T63"/><temp name="T988"/><temp name="T920"/><temp name="T1063"/><temp name="T1032"/><temp name="T1026"/><temp name="T62"/><temp name="T1020"/><temp name="T945"/><temp name="T1157"/><temp name="T972"/><temp name="T1131"/><temp name="T1134"/><temp name="T1140"/><temp name="T1055"/><temp name="T976"/><temp name="T935"/><temp name="T1108"/><temp name="T1051"/><temp name="T966"/><temp name="T1040"/><temp name="T1074"/><temp name="T1123"/><temp name="T1060"/><temp name="T1086"/><temp name="T1125"/><temp name="T1014"/><temp name="T1011"/><temp name="T1048"/><temp name="T1111"/><temp name="T943"/><temp name="T1115"/><temp name="T1000"/><temp name="T6"/><temp name="T960"/><temp name="T1092"/><temp name="T1100"/><temp name="T1152"/><temp name="T995"/><temp name="T1096"/><temp name="T928"/><temp name="T1036"/><temp name="T940"/><temp name="T1065"/><temp name="T931"/><temp name="T991"/><temp name="T951"/><temp name="T1003"/><temp name="T1005"/><temp name="T1120"/></temps></instruction><instruction code="INCML T948, 0"><temps name="use"/><temps name="def"><temp name="T948"/></temps><temps name="in"><temp name="T1146"/><temp name="T954"/><temp name="T1080"/><temp name="T980"/><temp name="T1071"/><temp name="T63"/><temp name="T988"/><temp name="T920"/><temp name="T1063"/><temp name="T1032"/><temp name="T1026"/><temp name="T62"/><temp name="T1020"/><temp name="T945"/><temp name="T1157"/><temp name="T972"/><temp name="T1131"/><temp name="T1134"/><temp name="T1140"/><temp name="T1055"/><temp name="T976"/><temp name="T935"/><temp name="T1108"/><temp name="T1051"/><temp name="T966"/><temp name="T1040"/><temp name="T1074"/><temp name="T1123"/><temp name="T1060"/><temp name="T1086"/><temp name="T1125"/><temp name="T1014"/><temp name="T1011"/><temp name="T1048"/><temp name="T1111"/><temp name="T943"/><temp name="T1115"/><temp name="T1000"/><temp name="T6"/><temp name="T960"/><temp name="T1092"/><temp name="T1100"/><temp name="T1152"/><temp name="T995"/><temp name="T1096"/><temp name="T928"/><temp name="T1036"/><temp name="T940"/><temp name="T1065"/><temp name="T931"/><temp name="T991"/><temp name="T951"/><temp name="T1003"/><temp name="T1005"/><temp name="T1120"/></temps><temps name="out"><temp name="T1146"/><temp name="T954"/><temp name="T1080"/><temp name="T980"/><temp name="T1071"/><temp name="T63"/><temp name="T988"/><temp name="T920"/><temp name="T1063"/><temp name="T1032"/><temp name="T1026"/><temp name="T62"/><temp name="T1020"/><temp name="T945"/><temp name="T1157"/><temp name="T972"/><temp name="T1131"/><temp name="T1134"/><temp name="T1140"/><temp name="T1055"/><temp name="T976"/><temp name="T935"/><temp name="T1108"/><temp name="T1051"/><temp name="T966"/><temp name="T1040"/><temp name="T1074"/><temp name="T1123"/><temp name="T1060"/><temp name="T1086"/><temp name="T1125"/><temp name="T1014"/><temp name="T1011"/><temp name="T1048"/><temp name="T1111"/><temp name="T943"/><temp name="T1115"/><temp name="T1000"/><temp name="T6"/><temp name="T960"/><temp name="T1092"/><temp name="T1100"/><temp name="T1152"/><temp name="T995"/><temp name="T1096"/><temp name="T928"/><temp name="T1036"/><temp name="T940"/><temp name="T1065"/><temp name="T931"/><temp name="T991"/><temp name="T951"/><temp name="T1003"/><temp name="T1005"/><temp name="T1120"/></temps></instruction><instruction code="INCMH T948, 0"><temps name="use"/><temps name="def"><temp name="T948"/></temps><temps name="in"><temp name="T1146"/><temp name="T954"/><temp name="T1080"/><temp name="T980"/><temp name="T1071"/><temp name="T63"/><temp name="T988"/><temp name="T920"/><temp name="T1063"/><temp name="T1032"/><temp name="T1026"/><temp name="T62"/><temp name="T1020"/><temp name="T945"/><temp name="T1157"/><temp name="T972"/><temp name="T1131"/><temp name="T1134"/><temp name="T1140"/><temp name="T1055"/><temp name="T976"/><temp name="T935"/><temp name="T1108"/><temp name="T1051"/><temp name="T966"/><temp name="T1040"/><temp name="T1074"/><temp name="T1123"/><temp name="T1060"/><temp name="T1086"/><temp name="T1125"/><temp name="T1014"/><temp name="T1011"/><temp name="T1048"/><temp name="T1111"/><temp name="T943"/><temp name="T1115"/><temp name="T1000"/><temp name="T6"/><temp name="T960"/><temp name="T1092"/><temp name="T1100"/><temp name="T1152"/><temp name="T995"/><temp name="T1096"/><temp name="T928"/><temp name="T1036"/><temp name="T940"/><temp name="T1065"/><temp name="T931"/><temp name="T991"/><temp name="T951"/><temp name="T1003"/><temp name="T1005"/><temp name="T1120"/></temps><temps name="out"><temp name="T1146"/><temp name="T954"/><temp name="T1080"/><temp name="T980"/><temp name="T1071"/><temp name="T63"/><temp name="T988"/><temp name="T920"/><temp name="T1063"/><temp name="T1032"/><temp name="T1026"/><temp name="T62"/><temp name="T1020"/><temp name="T945"/><temp name="T1157"/><temp name="T972"/><temp name="T1131"/><temp name="T1134"/><temp name="T1140"/><temp name="T1055"/><temp name="T976"/><temp name="T935"/><temp name="T1108"/><temp name="T1051"/><temp name="T966"/><temp name="T1040"/><temp name="T1074"/><temp name="T1123"/><temp name="T1060"/><temp name="T1086"/><temp name="T1125"/><temp name="T1014"/><temp name="T1011"/><temp name="T1048"/><temp name="T1111"/><temp name="T943"/><temp name="T1115"/><temp name="T1000"/><temp name="T6"/><temp name="T960"/><temp name="T1092"/><temp name="T1100"/><temp name="T1152"/><temp name="T995"/><temp name="T1096"/><temp name="T928"/><temp name="T1036"/><temp name="T940"/><temp name="T1065"/><temp name="T931"/><temp name="T991"/><temp name="T951"/><temp name="T1003"/><temp name="T1005"/><temp name="T1120"/></temps></instruction><instruction code="INCH  T948, 0"><temps name="use"/><temps name="def"><temp name="T948"/></temps><temps name="in"><temp name="T1146"/><temp name="T954"/><temp name="T1080"/><temp name="T980"/><temp name="T1071"/><temp name="T63"/><temp name="T988"/><temp name="T920"/><temp name="T1063"/><temp name="T1032"/><temp name="T1026"/><temp name="T62"/><temp name="T1020"/><temp name="T945"/><temp name="T1157"/><temp name="T972"/><temp name="T1131"/><temp name="T1134"/><temp name="T1140"/><temp name="T1055"/><temp name="T976"/><temp name="T935"/><temp name="T1108"/><temp name="T1051"/><temp name="T966"/><temp name="T1040"/><temp name="T1074"/><temp name="T1123"/><temp name="T1060"/><temp name="T1086"/><temp name="T1125"/><temp name="T1014"/><temp name="T1011"/><temp name="T1048"/><temp name="T1111"/><temp name="T943"/><temp name="T1115"/><temp name="T1000"/><temp name="T6"/><temp name="T960"/><temp name="T1092"/><temp name="T1100"/><temp name="T1152"/><temp name="T995"/><temp name="T1096"/><temp name="T928"/><temp name="T1036"/><temp name="T940"/><temp name="T1065"/><temp name="T931"/><temp name="T991"/><temp name="T951"/><temp name="T1003"/><temp name="T1005"/><temp name="T1120"/></temps><temps name="out"><temp name="T1146"/><temp name="T954"/><temp name="T1080"/><temp name="T980"/><temp name="T1071"/><temp name="T63"/><temp name="T988"/><temp name="T920"/><temp name="T1063"/><temp name="T1032"/><temp name="T1026"/><temp name="T62"/><temp name="T1020"/><temp name="T945"/><temp name="T1157"/><temp name="T972"/><temp name="T1131"/><temp name="T1134"/><temp name="T1140"/><temp name="T1055"/><temp name="T976"/><temp name="T935"/><temp name="T1108"/><temp name="T1051"/><temp name="T966"/><temp name="T1040"/><temp name="T1074"/><temp name="T1123"/><temp name="T1060"/><temp name="T1086"/><temp name="T1125"/><temp name="T1014"/><temp name="T1011"/><temp name="T1048"/><temp name="T1111"/><temp name="T943"/><temp name="T1115"/><temp name="T1000"/><temp name="T6"/><temp name="T960"/><temp name="T1092"/><temp name="T1100"/><temp name="T1152"/><temp name="T995"/><temp name="T1096"/><temp name="T928"/><temp name="T1036"/><temp name="T940"/><temp name="T1065"/><temp name="T931"/><temp name="T991"/><temp name="T948"/><temp name="T951"/><temp name="T1003"/><temp name="T1005"/><temp name="T1120"/></temps></instruction><instruction code="OR T64, T948, 0"><temps name="use"><temp name="T948"/></temps><temps name="def"><temp name="T64"/></temps><temps name="in"><temp name="T1146"/><temp name="T954"/><temp name="T1080"/><temp name="T980"/><temp name="T1071"/><temp name="T63"/><temp name="T988"/><temp name="T920"/><temp name="T1063"/><temp name="T1032"/><temp name="T1026"/><temp name="T62"/><temp name="T1020"/><temp name="T945"/><temp name="T1157"/><temp name="T972"/><temp name="T1131"/><temp name="T1134"/><temp name="T1140"/><temp name="T1055"/><temp name="T976"/><temp name="T935"/><temp name="T1108"/><temp name="T1051"/><temp name="T966"/><temp name="T1040"/><temp name="T1074"/><temp name="T1123"/><temp name="T1060"/><temp name="T1086"/><temp name="T1125"/><temp name="T1014"/><temp name="T1011"/><temp name="T1048"/><temp name="T1111"/><temp name="T943"/><temp name="T1115"/><temp name="T1000"/><temp name="T6"/><temp name="T960"/><temp name="T1092"/><temp name="T1100"/><temp name="T1152"/><temp name="T995"/><temp name="T1096"/><temp name="T928"/><temp name="T1036"/><temp name="T940"/><temp name="T1065"/><temp name="T931"/><temp name="T991"/><temp name="T948"/><temp name="T951"/><temp name="T1003"/><temp name="T1005"/><temp name="T1120"/></temps><temps name="out"><temp name="T1146"/><temp name="T954"/><temp name="T1080"/><temp name="T980"/><temp name="T1071"/><temp name="T63"/><temp name="T988"/><temp name="T920"/><temp name="T64"/><temp name="T1063"/><temp name="T1032"/><temp name="T1026"/><temp name="T62"/><temp name="T1020"/><temp name="T945"/><temp name="T1157"/><temp name="T972"/><temp name="T1131"/><temp name="T1134"/><temp name="T1140"/><temp name="T1055"/><temp name="T976"/><temp name="T935"/><temp name="T1108"/><temp name="T1051"/><temp name="T966"/><temp name="T1040"/><temp name="T1074"/><temp name="T1123"/><temp name="T1060"/><temp name="T1086"/><temp name="T1125"/><temp name="T1014"/><temp name="T1011"/><temp name="T1048"/><temp name="T1111"/><temp name="T943"/><temp name="T1115"/><temp name="T1000"/><temp name="T6"/><temp name="T960"/><temp name="T1092"/><temp name="T1100"/><temp name="T1152"/><temp name="T995"/><temp name="T1096"/><temp name="T928"/><temp name="T1036"/><temp name="T940"/><temp name="T1065"/><temp name="T931"/><temp name="T991"/><temp name="T951"/><temp name="T1003"/><temp name="T1005"/><temp name="T1120"/></temps></instruction><instruction code="DIV T949, T63, T64"><temps name="use"><temp name="T63"/><temp name="T64"/></temps><temps name="def"><temp name="T949"/></temps><temps name="in"><temp name="T1146"/><temp name="T954"/><temp name="T1080"/><temp name="T980"/><temp name="T1071"/><temp name="T63"/><temp name="T988"/><temp name="T920"/><temp name="T64"/><temp name="T1063"/><temp name="T1032"/><temp name="T1026"/><temp name="T62"/><temp name="T1020"/><temp name="T945"/><temp name="T1157"/><temp name="T972"/><temp name="T1131"/><temp name="T1134"/><temp name="T1140"/><temp name="T1055"/><temp name="T976"/><temp name="T935"/><temp name="T1108"/><temp name="T1051"/><temp name="T966"/><temp name="T1040"/><temp name="T1074"/><temp name="T1123"/><temp name="T1060"/><temp name="T1086"/><temp name="T1125"/><temp name="T1014"/><temp name="T1011"/><temp name="T1048"/><temp name="T1111"/><temp name="T943"/><temp name="T1115"/><temp name="T1000"/><temp name="T6"/><temp name="T960"/><temp name="T1092"/><temp name="T1100"/><temp name="T1152"/><temp name="T995"/><temp name="T1096"/><temp name="T928"/><temp name="T1036"/><temp name="T940"/><temp name="T1065"/><temp name="T931"/><temp name="T991"/><temp name="T951"/><temp name="T1003"/><temp name="T1005"/><temp name="T1120"/></temps><temps name="out"><temp name="T1146"/><temp name="T954"/><temp name="T1080"/><temp name="T980"/><temp name="T1071"/><temp name="T988"/><temp name="T920"/><temp name="T1063"/><temp name="T1032"/><temp name="T1026"/><temp name="T62"/><temp name="T1020"/><temp name="T945"/><temp name="T1157"/><temp name="T972"/><temp name="T1131"/><temp name="T1134"/><temp name="T1140"/><temp name="T1055"/><temp name="T976"/><temp name="T935"/><temp name="T1108"/><temp name="T1051"/><temp name="T966"/><temp name="T1040"/><temp name="T1074"/><temp name="T1123"/><temp name="T1060"/><temp name="T1086"/><temp name="T1125"/><temp name="T1014"/><temp name="T1011"/><temp name="T1048"/><temp name="T1111"/><temp name="T943"/><temp name="T1115"/><temp name="T1000"/><temp name="T6"/><temp name="T960"/><temp name="T1092"/><temp name="T1100"/><temp name="T1152"/><temp name="T995"/><temp name="T1096"/><temp name="T928"/><temp name="T1036"/><temp name="T940"/><temp name="T1065"/><temp name="T931"/><temp name="T991"/><temp name="T951"/><temp name="T1003"/><temp name="T1005"/><temp name="T1120"/></temps></instruction><instruction code="OR T949, rR, 0"><temps name="use"/><temps name="def"><temp name="T949"/></temps><temps name="in"><temp name="T1146"/><temp name="T954"/><temp name="T1080"/><temp name="T980"/><temp name="T1071"/><temp name="T988"/><temp name="T920"/><temp name="T1063"/><temp name="T1032"/><temp name="T1026"/><temp name="T62"/><temp name="T1020"/><temp name="T945"/><temp name="T1157"/><temp name="T972"/><temp name="T1131"/><temp name="T1134"/><temp name="T1140"/><temp name="T1055"/><temp name="T976"/><temp name="T935"/><temp name="T1108"/><temp name="T1051"/><temp name="T966"/><temp name="T1040"/><temp name="T1074"/><temp name="T1123"/><temp name="T1060"/><temp name="T1086"/><temp name="T1125"/><temp name="T1014"/><temp name="T1011"/><temp name="T1048"/><temp name="T1111"/><temp name="T943"/><temp name="T1115"/><temp name="T1000"/><temp name="T6"/><temp name="T960"/><temp name="T1092"/><temp name="T1100"/><temp name="T1152"/><temp name="T995"/><temp name="T1096"/><temp name="T928"/><temp name="T1036"/><temp name="T940"/><temp name="T1065"/><temp name="T931"/><temp name="T991"/><temp name="T951"/><temp name="T1003"/><temp name="T1005"/><temp name="T1120"/></temps><temps name="out"><temp name="T1146"/><temp name="T954"/><temp name="T1080"/><temp name="T980"/><temp name="T1071"/><temp name="T988"/><temp name="T920"/><temp name="T1063"/><temp name="T1032"/><temp name="T1026"/><temp name="T62"/><temp name="T1020"/><temp name="T945"/><temp name="T1157"/><temp name="T972"/><temp name="T1131"/><temp name="T1134"/><temp name="T1140"/><temp name="T1055"/><temp name="T976"/><temp name="T935"/><temp name="T1108"/><temp name="T1051"/><temp name="T966"/><temp name="T1040"/><temp name="T1074"/><temp name="T1123"/><temp name="T949"/><temp name="T1060"/><temp name="T1086"/><temp name="T1125"/><temp name="T1014"/><temp name="T1011"/><temp name="T1048"/><temp name="T1111"/><temp name="T943"/><temp name="T1115"/><temp name="T1000"/><temp name="T6"/><temp name="T960"/><temp name="T1092"/><temp name="T1100"/><temp name="T1152"/><temp name="T995"/><temp name="T1096"/><temp name="T928"/><temp name="T1036"/><temp name="T940"/><temp name="T1065"/><temp name="T931"/><temp name="T991"/><temp name="T951"/><temp name="T1003"/><temp name="T1005"/><temp name="T1120"/></temps></instruction><instruction code="OR T65, T949, 0"><temps name="use"><temp name="T949"/></temps><temps name="def"><temp name="T65"/></temps><temps name="in"><temp name="T1146"/><temp name="T954"/><temp name="T1080"/><temp name="T980"/><temp name="T1071"/><temp name="T988"/><temp name="T920"/><temp name="T1063"/><temp name="T1032"/><temp name="T1026"/><temp name="T62"/><temp name="T1020"/><temp name="T945"/><temp name="T1157"/><temp name="T972"/><temp name="T1131"/><temp name="T1134"/><temp name="T1140"/><temp name="T1055"/><temp name="T976"/><temp name="T935"/><temp name="T1108"/><temp name="T1051"/><temp name="T966"/><temp name="T1040"/><temp name="T1074"/><temp name="T1123"/><temp name="T949"/><temp name="T1060"/><temp name="T1086"/><temp name="T1125"/><temp name="T1014"/><temp name="T1011"/><temp name="T1048"/><temp name="T1111"/><temp name="T943"/><temp name="T1115"/><temp name="T1000"/><temp name="T6"/><temp name="T960"/><temp name="T1092"/><temp name="T1100"/><temp name="T1152"/><temp name="T995"/><temp name="T1096"/><temp name="T928"/><temp name="T1036"/><temp name="T940"/><temp name="T1065"/><temp name="T931"/><temp name="T991"/><temp name="T951"/><temp name="T1003"/><temp name="T1005"/><temp name="T1120"/></temps><temps name="out"><temp name="T1146"/><temp name="T954"/><temp name="T1080"/><temp name="T980"/><temp name="T1071"/><temp name="T988"/><temp name="T920"/><temp name="T1063"/><temp name="T1032"/><temp name="T1026"/><temp name="T62"/><temp name="T1020"/><temp name="T945"/><temp name="T1157"/><temp name="T972"/><temp name="T1131"/><temp name="T1134"/><temp name="T1140"/><temp name="T1055"/><temp name="T976"/><temp name="T935"/><temp name="T1108"/><temp name="T1051"/><temp name="T966"/><temp name="T1040"/><temp name="T65"/><temp name="T1074"/><temp name="T1123"/><temp name="T1060"/><temp name="T1086"/><temp name="T1125"/><temp name="T1014"/><temp name="T1011"/><temp name="T1048"/><temp name="T1111"/><temp name="T943"/><temp name="T1115"/><temp name="T1000"/><temp name="T6"/><temp name="T960"/><temp name="T1092"/><temp name="T1100"/><temp name="T1152"/><temp name="T995"/><temp name="T1096"/><temp name="T928"/><temp name="T1036"/><temp name="T940"/><temp name="T1065"/><temp name="T931"/><temp name="T991"/><temp name="T951"/><temp name="T1003"/><temp name="T1005"/><temp name="T1120"/></temps></instruction><instruction code="STO T62, $254, 8"><temps name="use"><temp name="T62"/></temps><temps name="def"/><temps name="in"><temp name="T1146"/><temp name="T954"/><temp name="T1080"/><temp name="T980"/><temp name="T1071"/><temp name="T988"/><temp name="T920"/><temp name="T1063"/><temp name="T1032"/><temp name="T1026"/><temp name="T62"/><temp name="T1020"/><temp name="T945"/><temp name="T1157"/><temp name="T972"/><temp name="T1131"/><temp name="T1134"/><temp name="T1140"/><temp name="T1055"/><temp name="T976"/><temp name="T935"/><temp name="T1108"/><temp name="T1051"/><temp name="T966"/><temp name="T1040"/><temp name="T65"/><temp name="T1074"/><temp name="T1123"/><temp name="T1060"/><temp name="T1086"/><temp name="T1125"/><temp name="T1014"/><temp name="T1011"/><temp name="T1048"/><temp name="T1111"/><temp name="T943"/><temp name="T1115"/><temp name="T1000"/><temp name="T6"/><temp name="T960"/><temp name="T1092"/><temp name="T1100"/><temp name="T1152"/><temp name="T995"/><temp name="T1096"/><temp name="T928"/><temp name="T1036"/><temp name="T940"/><temp name="T1065"/><temp name="T931"/><temp name="T991"/><temp name="T951"/><temp name="T1003"/><temp name="T1005"/><temp name="T1120"/></temps><temps name="out"><temp name="T1146"/><temp name="T954"/><temp name="T1080"/><temp name="T980"/><temp name="T1071"/><temp name="T988"/><temp name="T920"/><temp name="T1063"/><temp name="T1032"/><temp name="T1026"/><temp name="T1020"/><temp name="T945"/><temp name="T1157"/><temp name="T972"/><temp name="T1131"/><temp name="T1134"/><temp name="T1140"/><temp name="T1055"/><temp name="T976"/><temp name="T935"/><temp name="T1108"/><temp name="T1051"/><temp name="T966"/><temp name="T1040"/><temp name="T65"/><temp name="T1074"/><temp name="T1123"/><temp name="T1060"/><temp name="T1086"/><temp name="T1125"/><temp name="T1014"/><temp name="T1011"/><temp name="T1048"/><temp name="T1111"/><temp name="T943"/><temp name="T1115"/><temp name="T1000"/><temp name="T6"/><temp name="T960"/><temp name="T1092"/><temp name="T1100"/><temp name="T1152"/><temp name="T995"/><temp name="T1096"/><temp name="T928"/><temp name="T1036"/><temp name="T940"/><temp name="T1065"/><temp name="T931"/><temp name="T991"/><temp name="T951"/><temp name="T1003"/><temp name="T1005"/><temp name="T1120"/></temps></instruction><instruction code="STO T65, $254, 16"><temps name="use"><temp name="T65"/></temps><temps name="def"/><temps name="in"><temp name="T1146"/><temp name="T954"/><temp name="T1080"/><temp name="T980"/><temp name="T1071"/><temp name="T988"/><temp name="T920"/><temp name="T1063"/><temp name="T1032"/><temp name="T1026"/><temp name="T1020"/><temp name="T945"/><temp name="T1157"/><temp name="T972"/><temp name="T1131"/><temp name="T1134"/><temp name="T1140"/><temp name="T1055"/><temp name="T976"/><temp name="T935"/><temp name="T1108"/><temp name="T1051"/><temp name="T966"/><temp name="T1040"/><temp name="T65"/><temp name="T1074"/><temp name="T1123"/><temp name="T1060"/><temp name="T1086"/><temp name="T1125"/><temp name="T1014"/><temp name="T1011"/><temp name="T1048"/><temp name="T1111"/><temp name="T943"/><temp name="T1115"/><temp name="T1000"/><temp name="T6"/><temp name="T960"/><temp name="T1092"/><temp name="T1100"/><temp name="T1152"/><temp name="T995"/><temp name="T1096"/><temp name="T928"/><temp name="T1036"/><temp name="T940"/><temp name="T1065"/><temp name="T931"/><temp name="T991"/><temp name="T951"/><temp name="T1003"/><temp name="T1005"/><temp name="T1120"/></temps><temps name="out"><temp name="T1146"/><temp name="T954"/><temp name="T1080"/><temp name="T980"/><temp name="T1071"/><temp name="T988"/><temp name="T920"/><temp name="T1063"/><temp name="T1032"/><temp name="T1026"/><temp name="T1020"/><temp name="T945"/><temp name="T1157"/><temp name="T972"/><temp name="T1131"/><temp name="T1134"/><temp name="T1140"/><temp name="T1055"/><temp name="T976"/><temp name="T935"/><temp name="T1108"/><temp name="T1051"/><temp name="T966"/><temp name="T1040"/><temp name="T1074"/><temp name="T1123"/><temp name="T1060"/><temp name="T1086"/><temp name="T1125"/><temp name="T1014"/><temp name="T1011"/><temp name="T1048"/><temp name="T1111"/><temp name="T943"/><temp name="T1115"/><temp name="T1000"/><temp name="T6"/><temp name="T960"/><temp name="T1092"/><temp name="T1100"/><temp name="T1152"/><temp name="T995"/><temp name="T1096"/><temp name="T928"/><temp name="T1036"/><temp name="T940"/><temp name="T1065"/><temp name="T931"/><temp name="T991"/><temp name="T951"/><temp name="T1003"/><temp name="T1005"/><temp name="T1120"/></temps></instruction><instruction code="LDA T950, _putChar"><temps name="use"/><temps name="def"><temp name="T950"/></temps><temps name="in"><temp name="T1146"/><temp name="T954"/><temp name="T1080"/><temp name="T980"/><temp name="T1071"/><temp name="T988"/><temp name="T920"/><temp name="T1063"/><temp name="T1032"/><temp name="T1026"/><temp name="T1020"/><temp name="T945"/><temp name="T1157"/><temp name="T972"/><temp name="T1131"/><temp name="T1134"/><temp name="T1140"/><temp name="T1055"/><temp name="T976"/><temp name="T935"/><temp name="T1108"/><temp name="T1051"/><temp name="T966"/><temp name="T1040"/><temp name="T1074"/><temp name="T1123"/><temp name="T1060"/><temp name="T1086"/><temp name="T1125"/><temp name="T1014"/><temp name="T1011"/><temp name="T1048"/><temp name="T1111"/><temp name="T943"/><temp name="T1115"/><temp name="T1000"/><temp name="T6"/><temp name="T960"/><temp name="T1092"/><temp name="T1100"/><temp name="T1152"/><temp name="T995"/><temp name="T1096"/><temp name="T928"/><temp name="T1036"/><temp name="T940"/><temp name="T1065"/><temp name="T931"/><temp name="T991"/><temp name="T951"/><temp name="T1003"/><temp name="T1005"/><temp name="T1120"/></temps><temps name="out"><temp name="T1146"/><temp name="T954"/><temp name="T1080"/><temp name="T980"/><temp name="T1071"/><temp name="T950"/><temp name="T988"/><temp name="T920"/><temp name="T1063"/><temp name="T1032"/><temp name="T1026"/><temp name="T1020"/><temp name="T945"/><temp name="T1157"/><temp name="T972"/><temp name="T1131"/><temp name="T1134"/><temp name="T1140"/><temp name="T1055"/><temp name="T976"/><temp name="T935"/><temp name="T1108"/><temp name="T1051"/><temp name="T966"/><temp name="T1040"/><temp name="T1074"/><temp name="T1123"/><temp name="T1060"/><temp name="T1086"/><temp name="T1125"/><temp name="T1014"/><temp name="T1011"/><temp name="T1048"/><temp name="T1111"/><temp name="T943"/><temp name="T1115"/><temp name="T1000"/><temp name="T6"/><temp name="T960"/><temp name="T1092"/><temp name="T1100"/><temp name="T1152"/><temp name="T995"/><temp name="T1096"/><temp name="T928"/><temp name="T1036"/><temp name="T940"/><temp name="T1065"/><temp name="T931"/><temp name="T991"/><temp name="T951"/><temp name="T1003"/><temp name="T1005"/><temp name="T1120"/></temps></instruction><instruction code="PUSHJ $15, T950, 0"><temps name="use"><temp name="T950"/></temps><temps name="def"/><temps name="in"><temp name="T1146"/><temp name="T954"/><temp name="T1080"/><temp name="T980"/><temp name="T1071"/><temp name="T950"/><temp name="T988"/><temp name="T920"/><temp name="T1063"/><temp name="T1032"/><temp name="T1026"/><temp name="T1020"/><temp name="T945"/><temp name="T1157"/><temp name="T972"/><temp name="T1131"/><temp name="T1134"/><temp name="T1140"/><temp name="T1055"/><temp name="T976"/><temp name="T935"/><temp name="T1108"/><temp name="T1051"/><temp name="T966"/><temp name="T1040"/><temp name="T1074"/><temp name="T1123"/><temp name="T1060"/><temp name="T1086"/><temp name="T1125"/><temp name="T1014"/><temp name="T1011"/><temp name="T1048"/><temp name="T1111"/><temp name="T943"/><temp name="T1115"/><temp name="T1000"/><temp name="T6"/><temp name="T960"/><temp name="T1092"/><temp name="T1100"/><temp name="T1152"/><temp name="T995"/><temp name="T1096"/><temp name="T928"/><temp name="T1036"/><temp name="T940"/><temp name="T1065"/><temp name="T931"/><temp name="T991"/><temp name="T951"/><temp name="T1003"/><temp name="T1005"/><temp name="T1120"/></temps><temps name="out"><temp name="T1146"/><temp name="T954"/><temp name="T1080"/><temp name="T980"/><temp name="T1071"/><temp name="T988"/><temp name="T920"/><temp name="T1063"/><temp name="T1032"/><temp name="T1026"/><temp name="T1020"/><temp name="T945"/><temp name="T1157"/><temp name="T972"/><temp name="T1131"/><temp name="T1134"/><temp name="T1140"/><temp name="T1055"/><temp name="T976"/><temp name="T935"/><temp name="T1108"/><temp name="T1051"/><temp name="T966"/><temp name="T1040"/><temp name="T1074"/><temp name="T1123"/><temp name="T1060"/><temp name="T1086"/><temp name="T1125"/><temp name="T1014"/><temp name="T1011"/><temp name="T1048"/><temp name="T1111"/><temp name="T943"/><temp name="T1115"/><temp name="T1000"/><temp name="T6"/><temp name="T960"/><temp name="T1092"/><temp name="T1100"/><temp name="T1152"/><temp name="T995"/><temp name="T1096"/><temp name="T928"/><temp name="T1036"/><temp name="T940"/><temp name="T1065"/><temp name="T931"/><temp name="T991"/><temp name="T951"/><temp name="T1003"/><temp name="T1005"/><temp name="T1120"/></temps></instruction><instruction code="OR T66, T951, 0"><temps name="use"><temp name="T951"/></temps><temps name="def"><temp name="T66"/></temps><temps name="in"><temp name="T1146"/><temp name="T954"/><temp name="T1080"/><temp name="T980"/><temp name="T1071"/><temp name="T988"/><temp name="T920"/><temp name="T1063"/><temp name="T1032"/><temp name="T1026"/><temp name="T1020"/><temp name="T945"/><temp name="T1157"/><temp name="T972"/><temp name="T1131"/><temp name="T1134"/><temp name="T1140"/><temp name="T1055"/><temp name="T976"/><temp name="T935"/><temp name="T1108"/><temp name="T1051"/><temp name="T966"/><temp name="T1040"/><temp name="T1074"/><temp name="T1123"/><temp name="T1060"/><temp name="T1086"/><temp name="T1125"/><temp name="T1014"/><temp name="T1011"/><temp name="T1048"/><temp name="T1111"/><temp name="T943"/><temp name="T1115"/><temp name="T1000"/><temp name="T6"/><temp name="T960"/><temp name="T1092"/><temp name="T1100"/><temp name="T1152"/><temp name="T995"/><temp name="T1096"/><temp name="T928"/><temp name="T1036"/><temp name="T940"/><temp name="T1065"/><temp name="T931"/><temp name="T991"/><temp name="T951"/><temp name="T1003"/><temp name="T1005"/><temp name="T1120"/></temps><temps name="out"><temp name="T1146"/><temp name="T954"/><temp name="T1080"/><temp name="T980"/><temp name="T1071"/><temp name="T988"/><temp name="T920"/><temp name="T1063"/><temp name="T1032"/><temp name="T1026"/><temp name="T1020"/><temp name="T945"/><temp name="T1157"/><temp name="T972"/><temp name="T1131"/><temp name="T1134"/><temp name="T1140"/><temp name="T1055"/><temp name="T976"/><temp name="T935"/><temp name="T1108"/><temp name="T1051"/><temp name="T966"/><temp name="T1040"/><temp name="T1074"/><temp name="T1123"/><temp name="T1060"/><temp name="T1086"/><temp name="T1125"/><temp name="T1014"/><temp name="T1011"/><temp name="T1048"/><temp name="T1111"/><temp name="T943"/><temp name="T1115"/><temp name="T1000"/><temp name="T6"/><temp name="T960"/><temp name="T1092"/><temp name="T1100"/><temp name="T1152"/><temp name="T995"/><temp name="T1096"/><temp name="T928"/><temp name="T1036"/><temp name="T940"/><temp name="T1065"/><temp name="T931"/><temp name="T991"/><temp name="T951"/><temp name="T1003"/><temp name="T1005"/><temp name="T1120"/></temps></instruction><instruction code="OR T67, T6, 0"><temps name="use"><temp name="T6"/></temps><temps name="def"><temp name="T67"/></temps><temps name="in"><temp name="T1146"/><temp name="T954"/><temp name="T1080"/><temp name="T980"/><temp name="T1071"/><temp name="T988"/><temp name="T920"/><temp name="T1063"/><temp name="T1032"/><temp name="T1026"/><temp name="T1020"/><temp name="T945"/><temp name="T1157"/><temp name="T972"/><temp name="T1131"/><temp name="T1134"/><temp name="T1140"/><temp name="T1055"/><temp name="T976"/><temp name="T935"/><temp name="T1108"/><temp name="T1051"/><temp name="T966"/><temp name="T1040"/><temp name="T1074"/><temp name="T1123"/><temp name="T1060"/><temp name="T1086"/><temp name="T1125"/><temp name="T1014"/><temp name="T1011"/><temp name="T1048"/><temp name="T1111"/><temp name="T943"/><temp name="T1115"/><temp name="T1000"/><temp name="T6"/><temp name="T960"/><temp name="T1092"/><temp name="T1100"/><temp name="T1152"/><temp name="T995"/><temp name="T1096"/><temp name="T928"/><temp name="T1036"/><temp name="T940"/><temp name="T1065"/><temp name="T931"/><temp name="T991"/><temp name="T951"/><temp name="T1003"/><temp name="T1005"/><temp name="T1120"/></temps><temps name="out"><temp name="T1146"/><temp name="T954"/><temp name="T1080"/><temp name="T980"/><temp name="T1071"/><temp name="T67"/><temp name="T988"/><temp name="T920"/><temp name="T1063"/><temp name="T1032"/><temp name="T1026"/><temp name="T1020"/><temp name="T945"/><temp name="T1157"/><temp name="T972"/><temp name="T1131"/><temp name="T1134"/><temp name="T1140"/><temp name="T1055"/><temp name="T976"/><temp name="T935"/><temp name="T1108"/><temp name="T1051"/><temp name="T966"/><temp name="T1040"/><temp name="T1074"/><temp name="T1123"/><temp name="T1060"/><temp name="T1086"/><temp name="T1125"/><temp name="T1014"/><temp name="T1011"/><temp name="T1048"/><temp name="T1111"/><temp name="T943"/><temp name="T1115"/><temp name="T1000"/><temp name="T960"/><temp name="T6"/><temp name="T1092"/><temp name="T1100"/><temp name="T1152"/><temp name="T995"/><temp name="T1096"/><temp name="T928"/><temp name="T1036"/><temp name="T940"/><temp name="T1065"/><temp name="T931"/><temp name="T991"/><temp name="T951"/><temp name="T1003"/><temp name="T1005"/><temp name="T1120"/></temps></instruction><instruction code="SETL  T952, 8"><temps name="use"/><temps name="def"><temp name="T952"/></temps><temps name="in"><temp name="T1146"/><temp name="T954"/><temp name="T1080"/><temp name="T980"/><temp name="T1071"/><temp name="T67"/><temp name="T988"/><temp name="T920"/><temp name="T1063"/><temp name="T1032"/><temp name="T1026"/><temp name="T1020"/><temp name="T945"/><temp name="T1157"/><temp name="T972"/><temp name="T1131"/><temp name="T1134"/><temp name="T1140"/><temp name="T1055"/><temp name="T976"/><temp name="T935"/><temp name="T1108"/><temp name="T1051"/><temp name="T966"/><temp name="T1040"/><temp name="T1074"/><temp name="T1123"/><temp name="T1060"/><temp name="T1086"/><temp name="T1125"/><temp name="T1014"/><temp name="T1011"/><temp name="T1048"/><temp name="T1111"/><temp name="T943"/><temp name="T1115"/><temp name="T1000"/><temp name="T960"/><temp name="T6"/><temp name="T1092"/><temp name="T1100"/><temp name="T1152"/><temp name="T995"/><temp name="T1096"/><temp name="T928"/><temp name="T1036"/><temp name="T940"/><temp name="T1065"/><temp name="T931"/><temp name="T991"/><temp name="T951"/><temp name="T1003"/><temp name="T1005"/><temp name="T1120"/></temps><temps name="out"><temp name="T1146"/><temp name="T954"/><temp name="T1080"/><temp name="T980"/><temp name="T1071"/><temp name="T67"/><temp name="T988"/><temp name="T920"/><temp name="T1063"/><temp name="T1032"/><temp name="T1026"/><temp name="T1020"/><temp name="T945"/><temp name="T1157"/><temp name="T972"/><temp name="T1131"/><temp name="T1134"/><temp name="T1140"/><temp name="T1055"/><temp name="T976"/><temp name="T935"/><temp name="T1108"/><temp name="T1051"/><temp name="T966"/><temp name="T1040"/><temp name="T1074"/><temp name="T1123"/><temp name="T1060"/><temp name="T1086"/><temp name="T1125"/><temp name="T1014"/><temp name="T1011"/><temp name="T1048"/><temp name="T1111"/><temp name="T943"/><temp name="T1115"/><temp name="T1000"/><temp name="T960"/><temp name="T6"/><temp name="T1092"/><temp name="T1100"/><temp name="T1152"/><temp name="T995"/><temp name="T1096"/><temp name="T928"/><temp name="T1036"/><temp name="T940"/><temp name="T1065"/><temp name="T931"/><temp name="T991"/><temp name="T951"/><temp name="T1003"/><temp name="T1005"/><temp name="T1120"/></temps></instruction><instruction code="INCML T952, 0"><temps name="use"/><temps name="def"><temp name="T952"/></temps><temps name="in"><temp name="T1146"/><temp name="T954"/><temp name="T1080"/><temp name="T980"/><temp name="T1071"/><temp name="T67"/><temp name="T988"/><temp name="T920"/><temp name="T1063"/><temp name="T1032"/><temp name="T1026"/><temp name="T1020"/><temp name="T945"/><temp name="T1157"/><temp name="T972"/><temp name="T1131"/><temp name="T1134"/><temp name="T1140"/><temp name="T1055"/><temp name="T976"/><temp name="T935"/><temp name="T1108"/><temp name="T1051"/><temp name="T966"/><temp name="T1040"/><temp name="T1074"/><temp name="T1123"/><temp name="T1060"/><temp name="T1086"/><temp name="T1125"/><temp name="T1014"/><temp name="T1011"/><temp name="T1048"/><temp name="T1111"/><temp name="T943"/><temp name="T1115"/><temp name="T1000"/><temp name="T960"/><temp name="T6"/><temp name="T1092"/><temp name="T1100"/><temp name="T1152"/><temp name="T995"/><temp name="T1096"/><temp name="T928"/><temp name="T1036"/><temp name="T940"/><temp name="T1065"/><temp name="T931"/><temp name="T991"/><temp name="T951"/><temp name="T1003"/><temp name="T1005"/><temp name="T1120"/></temps><temps name="out"><temp name="T1146"/><temp name="T954"/><temp name="T1080"/><temp name="T980"/><temp name="T1071"/><temp name="T67"/><temp name="T988"/><temp name="T920"/><temp name="T1063"/><temp name="T1032"/><temp name="T1026"/><temp name="T1020"/><temp name="T945"/><temp name="T1157"/><temp name="T972"/><temp name="T1131"/><temp name="T1134"/><temp name="T1140"/><temp name="T1055"/><temp name="T976"/><temp name="T935"/><temp name="T1108"/><temp name="T1051"/><temp name="T966"/><temp name="T1040"/><temp name="T1074"/><temp name="T1123"/><temp name="T1060"/><temp name="T1086"/><temp name="T1125"/><temp name="T1014"/><temp name="T1011"/><temp name="T1048"/><temp name="T1111"/><temp name="T943"/><temp name="T1115"/><temp name="T1000"/><temp name="T960"/><temp name="T6"/><temp name="T1092"/><temp name="T1100"/><temp name="T1152"/><temp name="T995"/><temp name="T1096"/><temp name="T928"/><temp name="T1036"/><temp name="T940"/><temp name="T1065"/><temp name="T931"/><temp name="T991"/><temp name="T951"/><temp name="T1003"/><temp name="T1005"/><temp name="T1120"/></temps></instruction><instruction code="INCMH T952, 0"><temps name="use"/><temps name="def"><temp name="T952"/></temps><temps name="in"><temp name="T1146"/><temp name="T954"/><temp name="T1080"/><temp name="T980"/><temp name="T1071"/><temp name="T67"/><temp name="T988"/><temp name="T920"/><temp name="T1063"/><temp name="T1032"/><temp name="T1026"/><temp name="T1020"/><temp name="T945"/><temp name="T1157"/><temp name="T972"/><temp name="T1131"/><temp name="T1134"/><temp name="T1140"/><temp name="T1055"/><temp name="T976"/><temp name="T935"/><temp name="T1108"/><temp name="T1051"/><temp name="T966"/><temp name="T1040"/><temp name="T1074"/><temp name="T1123"/><temp name="T1060"/><temp name="T1086"/><temp name="T1125"/><temp name="T1014"/><temp name="T1011"/><temp name="T1048"/><temp name="T1111"/><temp name="T943"/><temp name="T1115"/><temp name="T1000"/><temp name="T960"/><temp name="T6"/><temp name="T1092"/><temp name="T1100"/><temp name="T1152"/><temp name="T995"/><temp name="T1096"/><temp name="T928"/><temp name="T1036"/><temp name="T940"/><temp name="T1065"/><temp name="T931"/><temp name="T991"/><temp name="T951"/><temp name="T1003"/><temp name="T1005"/><temp name="T1120"/></temps><temps name="out"><temp name="T1146"/><temp name="T954"/><temp name="T1080"/><temp name="T980"/><temp name="T1071"/><temp name="T67"/><temp name="T988"/><temp name="T920"/><temp name="T1063"/><temp name="T1032"/><temp name="T1026"/><temp name="T1020"/><temp name="T945"/><temp name="T1157"/><temp name="T972"/><temp name="T1131"/><temp name="T1134"/><temp name="T1140"/><temp name="T1055"/><temp name="T976"/><temp name="T935"/><temp name="T1108"/><temp name="T1051"/><temp name="T966"/><temp name="T1040"/><temp name="T1074"/><temp name="T1123"/><temp name="T1060"/><temp name="T1086"/><temp name="T1125"/><temp name="T1014"/><temp name="T1011"/><temp name="T1048"/><temp name="T1111"/><temp name="T943"/><temp name="T1115"/><temp name="T1000"/><temp name="T960"/><temp name="T6"/><temp name="T1092"/><temp name="T1100"/><temp name="T1152"/><temp name="T995"/><temp name="T1096"/><temp name="T928"/><temp name="T1036"/><temp name="T940"/><temp name="T1065"/><temp name="T931"/><temp name="T991"/><temp name="T951"/><temp name="T1003"/><temp name="T1005"/><temp name="T1120"/></temps></instruction><instruction code="INCH  T952, 0"><temps name="use"/><temps name="def"><temp name="T952"/></temps><temps name="in"><temp name="T1146"/><temp name="T954"/><temp name="T1080"/><temp name="T980"/><temp name="T1071"/><temp name="T67"/><temp name="T988"/><temp name="T920"/><temp name="T1063"/><temp name="T1032"/><temp name="T1026"/><temp name="T1020"/><temp name="T945"/><temp name="T1157"/><temp name="T972"/><temp name="T1131"/><temp name="T1134"/><temp name="T1140"/><temp name="T1055"/><temp name="T976"/><temp name="T935"/><temp name="T1108"/><temp name="T1051"/><temp name="T966"/><temp name="T1040"/><temp name="T1074"/><temp name="T1123"/><temp name="T1060"/><temp name="T1086"/><temp name="T1125"/><temp name="T1014"/><temp name="T1011"/><temp name="T1048"/><temp name="T1111"/><temp name="T943"/><temp name="T1115"/><temp name="T1000"/><temp name="T960"/><temp name="T6"/><temp name="T1092"/><temp name="T1100"/><temp name="T1152"/><temp name="T995"/><temp name="T1096"/><temp name="T928"/><temp name="T1036"/><temp name="T940"/><temp name="T1065"/><temp name="T931"/><temp name="T991"/><temp name="T951"/><temp name="T1003"/><temp name="T1005"/><temp name="T1120"/></temps><temps name="out"><temp name="T1146"/><temp name="T954"/><temp name="T1080"/><temp name="T980"/><temp name="T1071"/><temp name="T67"/><temp name="T988"/><temp name="T920"/><temp name="T1063"/><temp name="T1032"/><temp name="T1026"/><temp name="T1020"/><temp name="T945"/><temp name="T1157"/><temp name="T972"/><temp name="T1131"/><temp name="T1134"/><temp name="T1140"/><temp name="T1055"/><temp name="T976"/><temp name="T935"/><temp name="T1108"/><temp name="T952"/><temp name="T1051"/><temp name="T966"/><temp name="T1040"/><temp name="T1074"/><temp name="T1123"/><temp name="T1060"/><temp name="T1086"/><temp name="T1125"/><temp name="T1014"/><temp name="T1011"/><temp name="T1048"/><temp name="T1111"/><temp name="T943"/><temp name="T1115"/><temp name="T1000"/><temp name="T960"/><temp name="T6"/><temp name="T1092"/><temp name="T1100"/><temp name="T1152"/><temp name="T995"/><temp name="T1096"/><temp name="T928"/><temp name="T1036"/><temp name="T940"/><temp name="T1065"/><temp name="T931"/><temp name="T991"/><temp name="T951"/><temp name="T1003"/><temp name="T1005"/><temp name="T1120"/></temps></instruction><instruction code="NEG T952, 0, T952"><temps name="use"><temp name="T952"/></temps><temps name="def"><temp name="T952"/></temps><temps name="in"><temp name="T1146"/><temp name="T954"/><temp name="T1080"/><temp name="T980"/><temp name="T1071"/><temp name="T67"/><temp name="T988"/><temp name="T920"/><temp name="T1063"/><temp name="T1032"/><temp name="T1026"/><temp name="T1020"/><temp name="T945"/><temp name="T1157"/><temp name="T972"/><temp name="T1131"/><temp name="T1134"/><temp name="T1140"/><temp name="T1055"/><temp name="T976"/><temp name="T935"/><temp name="T1108"/><temp name="T952"/><temp name="T1051"/><temp name="T966"/><temp name="T1040"/><temp name="T1074"/><temp name="T1123"/><temp name="T1060"/><temp name="T1086"/><temp name="T1125"/><temp name="T1014"/><temp name="T1011"/><temp name="T1048"/><temp name="T1111"/><temp name="T943"/><temp name="T1115"/><temp name="T1000"/><temp name="T960"/><temp name="T6"/><temp name="T1092"/><temp name="T1100"/><temp name="T1152"/><temp name="T995"/><temp name="T1096"/><temp name="T928"/><temp name="T1036"/><temp name="T940"/><temp name="T1065"/><temp name="T931"/><temp name="T991"/><temp name="T951"/><temp name="T1003"/><temp name="T1005"/><temp name="T1120"/></temps><temps name="out"><temp name="T1146"/><temp name="T954"/><temp name="T1080"/><temp name="T980"/><temp name="T1071"/><temp name="T67"/><temp name="T988"/><temp name="T920"/><temp name="T1063"/><temp name="T1032"/><temp name="T1026"/><temp name="T1020"/><temp name="T945"/><temp name="T1157"/><temp name="T972"/><temp name="T1131"/><temp name="T1134"/><temp name="T1140"/><temp name="T1055"/><temp name="T976"/><temp name="T935"/><temp name="T1108"/><temp name="T952"/><temp name="T1051"/><temp name="T966"/><temp name="T1040"/><temp name="T1074"/><temp name="T1123"/><temp name="T1060"/><temp name="T1086"/><temp name="T1125"/><temp name="T1014"/><temp name="T1011"/><temp name="T1048"/><temp name="T1111"/><temp name="T943"/><temp name="T1115"/><temp name="T1000"/><temp name="T960"/><temp name="T6"/><temp name="T1092"/><temp name="T1100"/><temp name="T1152"/><temp name="T995"/><temp name="T1096"/><temp name="T928"/><temp name="T1036"/><temp name="T940"/><temp name="T1065"/><temp name="T931"/><temp name="T991"/><temp name="T951"/><temp name="T1003"/><temp name="T1005"/><temp name="T1120"/></temps></instruction><instruction code="OR T68, T952, 0"><temps name="use"><temp name="T952"/></temps><temps name="def"><temp name="T68"/></temps><temps name="in"><temp name="T1146"/><temp name="T954"/><temp name="T1080"/><temp name="T980"/><temp name="T1071"/><temp name="T67"/><temp name="T988"/><temp name="T920"/><temp name="T1063"/><temp name="T1032"/><temp name="T1026"/><temp name="T1020"/><temp name="T945"/><temp name="T1157"/><temp name="T972"/><temp name="T1131"/><temp name="T1134"/><temp name="T1140"/><temp name="T1055"/><temp name="T976"/><temp name="T935"/><temp name="T1108"/><temp name="T952"/><temp name="T1051"/><temp name="T966"/><temp name="T1040"/><temp name="T1074"/><temp name="T1123"/><temp name="T1060"/><temp name="T1086"/><temp name="T1125"/><temp name="T1014"/><temp name="T1011"/><temp name="T1048"/><temp name="T1111"/><temp name="T943"/><temp name="T1115"/><temp name="T1000"/><temp name="T960"/><temp name="T6"/><temp name="T1092"/><temp name="T1100"/><temp name="T1152"/><temp name="T995"/><temp name="T1096"/><temp name="T928"/><temp name="T1036"/><temp name="T940"/><temp name="T1065"/><temp name="T931"/><temp name="T991"/><temp name="T951"/><temp name="T1003"/><temp name="T1005"/><temp name="T1120"/></temps><temps name="out"><temp name="T1146"/><temp name="T954"/><temp name="T1080"/><temp name="T980"/><temp name="T1071"/><temp name="T67"/><temp name="T988"/><temp name="T920"/><temp name="T1063"/><temp name="T1032"/><temp name="T1026"/><temp name="T1020"/><temp name="T945"/><temp name="T1157"/><temp name="T972"/><temp name="T1131"/><temp name="T1134"/><temp name="T1140"/><temp name="T1055"/><temp name="T976"/><temp name="T935"/><temp name="T1108"/><temp name="T1051"/><temp name="T68"/><temp name="T966"/><temp name="T1040"/><temp name="T1074"/><temp name="T1123"/><temp name="T1060"/><temp name="T1086"/><temp name="T1125"/><temp name="T1014"/><temp name="T1011"/><temp name="T1048"/><temp name="T1111"/><temp name="T943"/><temp name="T1115"/><temp name="T1000"/><temp name="T960"/><temp name="T6"/><temp name="T1092"/><temp name="T1100"/><temp name="T1152"/><temp name="T995"/><temp name="T1096"/><temp name="T928"/><temp name="T1036"/><temp name="T940"/><temp name="T1065"/><temp name="T931"/><temp name="T991"/><temp name="T951"/><temp name="T1003"/><temp name="T1005"/><temp name="T1120"/></temps></instruction><instruction code="ADD T953, T67, T68"><temps name="use"><temp name="T67"/><temp name="T68"/></temps><temps name="def"><temp name="T953"/></temps><temps name="in"><temp name="T1146"/><temp name="T954"/><temp name="T1080"/><temp name="T980"/><temp name="T1071"/><temp name="T67"/><temp name="T988"/><temp name="T920"/><temp name="T1063"/><temp name="T1032"/><temp name="T1026"/><temp name="T1020"/><temp name="T945"/><temp name="T1157"/><temp name="T972"/><temp name="T1131"/><temp name="T1134"/><temp name="T1140"/><temp name="T1055"/><temp name="T976"/><temp name="T935"/><temp name="T1108"/><temp name="T1051"/><temp name="T68"/><temp name="T966"/><temp name="T1040"/><temp name="T1074"/><temp name="T1123"/><temp name="T1060"/><temp name="T1086"/><temp name="T1125"/><temp name="T1014"/><temp name="T1011"/><temp name="T1048"/><temp name="T1111"/><temp name="T943"/><temp name="T1115"/><temp name="T1000"/><temp name="T960"/><temp name="T6"/><temp name="T1092"/><temp name="T1100"/><temp name="T1152"/><temp name="T995"/><temp name="T1096"/><temp name="T928"/><temp name="T1036"/><temp name="T940"/><temp name="T1065"/><temp name="T931"/><temp name="T991"/><temp name="T951"/><temp name="T1003"/><temp name="T1005"/><temp name="T1120"/></temps><temps name="out"><temp name="T1146"/><temp name="T954"/><temp name="T1080"/><temp name="T980"/><temp name="T1071"/><temp name="T988"/><temp name="T920"/><temp name="T953"/><temp name="T1063"/><temp name="T1032"/><temp name="T1026"/><temp name="T1020"/><temp name="T945"/><temp name="T1157"/><temp name="T972"/><temp name="T1131"/><temp name="T1134"/><temp name="T1140"/><temp name="T1055"/><temp name="T976"/><temp name="T935"/><temp name="T1108"/><temp name="T1051"/><temp name="T966"/><temp name="T1040"/><temp name="T1074"/><temp name="T1123"/><temp name="T1060"/><temp name="T1086"/><temp name="T1125"/><temp name="T1014"/><temp name="T1011"/><temp name="T1048"/><temp name="T1111"/><temp name="T943"/><temp name="T1115"/><temp name="T1000"/><temp name="T960"/><temp name="T6"/><temp name="T1092"/><temp name="T1100"/><temp name="T1152"/><temp name="T995"/><temp name="T1096"/><temp name="T928"/><temp name="T1036"/><temp name="T940"/><temp name="T1065"/><temp name="T931"/><temp name="T991"/><temp name="T951"/><temp name="T1003"/><temp name="T1005"/><temp name="T1120"/></temps></instruction><instruction code="OR T69, T953, 0"><temps name="use"><temp name="T953"/></temps><temps name="def"><temp name="T69"/></temps><temps name="in"><temp name="T1146"/><temp name="T954"/><temp name="T1080"/><temp name="T980"/><temp name="T1071"/><temp name="T988"/><temp name="T920"/><temp name="T953"/><temp name="T1063"/><temp name="T1032"/><temp name="T1026"/><temp name="T1020"/><temp name="T945"/><temp name="T1157"/><temp name="T972"/><temp name="T1131"/><temp name="T1134"/><temp name="T1140"/><temp name="T1055"/><temp name="T976"/><temp name="T935"/><temp name="T1108"/><temp name="T1051"/><temp name="T966"/><temp name="T1040"/><temp name="T1074"/><temp name="T1123"/><temp name="T1060"/><temp name="T1086"/><temp name="T1125"/><temp name="T1014"/><temp name="T1011"/><temp name="T1048"/><temp name="T1111"/><temp name="T943"/><temp name="T1115"/><temp name="T1000"/><temp name="T960"/><temp name="T6"/><temp name="T1092"/><temp name="T1100"/><temp name="T1152"/><temp name="T995"/><temp name="T1096"/><temp name="T928"/><temp name="T1036"/><temp name="T940"/><temp name="T1065"/><temp name="T931"/><temp name="T991"/><temp name="T951"/><temp name="T1003"/><temp name="T1005"/><temp name="T1120"/></temps><temps name="out"><temp name="T1146"/><temp name="T954"/><temp name="T1080"/><temp name="T980"/><temp name="T1071"/><temp name="T988"/><temp name="T920"/><temp name="T1063"/><temp name="T1032"/><temp name="T1026"/><temp name="T1020"/><temp name="T945"/><temp name="T1157"/><temp name="T972"/><temp name="T1131"/><temp name="T1134"/><temp name="T1140"/><temp name="T1055"/><temp name="T976"/><temp name="T935"/><temp name="T1108"/><temp name="T1051"/><temp name="T966"/><temp name="T1040"/><temp name="T1074"/><temp name="T1123"/><temp name="T1060"/><temp name="T1086"/><temp name="T1125"/><temp name="T1014"/><temp name="T1011"/><temp name="T1048"/><temp name="T1111"/><temp name="T943"/><temp name="T1115"/><temp name="T1000"/><temp name="T960"/><temp name="T6"/><temp name="T1092"/><temp name="T1100"/><temp name="T1152"/><temp name="T995"/><temp name="T1096"/><temp name="T928"/><temp name="T1036"/><temp name="T940"/><temp name="T1065"/><temp name="T931"/><temp name="T991"/><temp name="T951"/><temp name="T1003"/><temp name="T1005"/><temp name="T1120"/></temps></instruction><instruction code="LDO T955, T954, 0"><temps name="use"><temp name="T954"/></temps><temps name="def"><temp name="T955"/></temps><temps name="in"><temp name="T1146"/><temp name="T954"/><temp name="T1080"/><temp name="T980"/><temp name="T1071"/><temp name="T988"/><temp name="T920"/><temp name="T1063"/><temp name="T1032"/><temp name="T1026"/><temp name="T1020"/><temp name="T945"/><temp name="T1157"/><temp name="T972"/><temp name="T1131"/><temp name="T1134"/><temp name="T1140"/><temp name="T1055"/><temp name="T976"/><temp name="T935"/><temp name="T1108"/><temp name="T1051"/><temp name="T966"/><temp name="T1040"/><temp name="T1074"/><temp name="T1123"/><temp name="T1060"/><temp name="T1086"/><temp name="T1125"/><temp name="T1014"/><temp name="T1011"/><temp name="T1048"/><temp name="T1111"/><temp name="T943"/><temp name="T1115"/><temp name="T1000"/><temp name="T960"/><temp name="T6"/><temp name="T1092"/><temp name="T1100"/><temp name="T1152"/><temp name="T995"/><temp name="T1096"/><temp name="T928"/><temp name="T1036"/><temp name="T940"/><temp name="T1065"/><temp name="T931"/><temp name="T991"/><temp name="T951"/><temp name="T1003"/><temp name="T1005"/><temp name="T1120"/></temps><temps name="out"><temp name="T1146"/><temp name="T954"/><temp name="T1080"/><temp name="T980"/><temp name="T1071"/><temp name="T988"/><temp name="T920"/><temp name="T955"/><temp name="T1063"/><temp name="T1032"/><temp name="T1026"/><temp name="T1020"/><temp name="T945"/><temp name="T1157"/><temp name="T972"/><temp name="T1131"/><temp name="T1134"/><temp name="T1140"/><temp name="T1055"/><temp name="T976"/><temp name="T935"/><temp name="T1108"/><temp name="T1051"/><temp name="T966"/><temp name="T1040"/><temp name="T1074"/><temp name="T1123"/><temp name="T1060"/><temp name="T1086"/><temp name="T1125"/><temp name="T1014"/><temp name="T1011"/><temp name="T1048"/><temp name="T1111"/><temp name="T943"/><temp name="T1115"/><temp name="T1000"/><temp name="T960"/><temp name="T6"/><temp name="T1092"/><temp name="T1100"/><temp name="T1152"/><temp name="T995"/><temp name="T1096"/><temp name="T928"/><temp name="T1036"/><temp name="T940"/><temp name="T1065"/><temp name="T931"/><temp name="T991"/><temp name="T951"/><temp name="T1003"/><temp name="T1005"/><temp name="T1120"/></temps></instruction><instruction code="OR T70, T955, 0"><temps name="use"><temp name="T955"/></temps><temps name="def"><temp name="T70"/></temps><temps name="in"><temp name="T1146"/><temp name="T954"/><temp name="T1080"/><temp name="T980"/><temp name="T1071"/><temp name="T988"/><temp name="T920"/><temp name="T955"/><temp name="T1063"/><temp name="T1032"/><temp name="T1026"/><temp name="T1020"/><temp name="T945"/><temp name="T1157"/><temp name="T972"/><temp name="T1131"/><temp name="T1134"/><temp name="T1140"/><temp name="T1055"/><temp name="T976"/><temp name="T935"/><temp name="T1108"/><temp name="T1051"/><temp name="T966"/><temp name="T1040"/><temp name="T1074"/><temp name="T1123"/><temp name="T1060"/><temp name="T1086"/><temp name="T1125"/><temp name="T1014"/><temp name="T1011"/><temp name="T1048"/><temp name="T1111"/><temp name="T943"/><temp name="T1115"/><temp name="T1000"/><temp name="T960"/><temp name="T6"/><temp name="T1092"/><temp name="T1100"/><temp name="T1152"/><temp name="T995"/><temp name="T1096"/><temp name="T928"/><temp name="T1036"/><temp name="T940"/><temp name="T1065"/><temp name="T931"/><temp name="T991"/><temp name="T951"/><temp name="T1003"/><temp name="T1005"/><temp name="T1120"/></temps><temps name="out"><temp name="T1146"/><temp name="T954"/><temp name="T1080"/><temp name="T980"/><temp name="T1071"/><temp name="T988"/><temp name="T920"/><temp name="T1063"/><temp name="T1032"/><temp name="T1026"/><temp name="T1020"/><temp name="T945"/><temp name="T1157"/><temp name="T972"/><temp name="T1131"/><temp name="T1134"/><temp name="T1140"/><temp name="T1055"/><temp name="T976"/><temp name="T935"/><temp name="T1108"/><temp name="T1051"/><temp name="T966"/><temp name="T1040"/><temp name="T1074"/><temp name="T1123"/><temp name="T1060"/><temp name="T1086"/><temp name="T1125"/><temp name="T1014"/><temp name="T1011"/><temp name="T1048"/><temp name="T1111"/><temp name="T943"/><temp name="T1115"/><temp name="T1000"/><temp name="T960"/><temp name="T6"/><temp name="T1092"/><temp name="T1100"/><temp name="T1152"/><temp name="T995"/><temp name="T1096"/><temp name="T928"/><temp name="T1036"/><temp name="T940"/><temp name="T1065"/><temp name="T931"/><temp name="T991"/><temp name="T70"/><temp name="T951"/><temp name="T1003"/><temp name="T1005"/><temp name="T1120"/></temps></instruction><instruction code="SETL  T956, 1"><temps name="use"/><temps name="def"><temp name="T956"/></temps><temps name="in"><temp name="T1146"/><temp name="T954"/><temp name="T1080"/><temp name="T980"/><temp name="T1071"/><temp name="T988"/><temp name="T920"/><temp name="T1063"/><temp name="T1032"/><temp name="T1026"/><temp name="T1020"/><temp name="T945"/><temp name="T1157"/><temp name="T972"/><temp name="T1131"/><temp name="T1134"/><temp name="T1140"/><temp name="T1055"/><temp name="T976"/><temp name="T935"/><temp name="T1108"/><temp name="T1051"/><temp name="T966"/><temp name="T1040"/><temp name="T1074"/><temp name="T1123"/><temp name="T1060"/><temp name="T1086"/><temp name="T1125"/><temp name="T1014"/><temp name="T1011"/><temp name="T1048"/><temp name="T1111"/><temp name="T943"/><temp name="T1115"/><temp name="T1000"/><temp name="T960"/><temp name="T6"/><temp name="T1092"/><temp name="T1100"/><temp name="T1152"/><temp name="T995"/><temp name="T1096"/><temp name="T928"/><temp name="T1036"/><temp name="T940"/><temp name="T1065"/><temp name="T931"/><temp name="T991"/><temp name="T70"/><temp name="T951"/><temp name="T1003"/><temp name="T1005"/><temp name="T1120"/></temps><temps name="out"><temp name="T1146"/><temp name="T954"/><temp name="T1080"/><temp name="T980"/><temp name="T1071"/><temp name="T988"/><temp name="T920"/><temp name="T1063"/><temp name="T1032"/><temp name="T1026"/><temp name="T1020"/><temp name="T945"/><temp name="T1157"/><temp name="T972"/><temp name="T1131"/><temp name="T1134"/><temp name="T1140"/><temp name="T1055"/><temp name="T976"/><temp name="T935"/><temp name="T1108"/><temp name="T1051"/><temp name="T966"/><temp name="T1040"/><temp name="T1074"/><temp name="T1123"/><temp name="T1060"/><temp name="T1086"/><temp name="T1125"/><temp name="T1014"/><temp name="T1011"/><temp name="T1048"/><temp name="T1111"/><temp name="T943"/><temp name="T1115"/><temp name="T1000"/><temp name="T960"/><temp name="T6"/><temp name="T1092"/><temp name="T1100"/><temp name="T1152"/><temp name="T995"/><temp name="T1096"/><temp name="T928"/><temp name="T1036"/><temp name="T940"/><temp name="T1065"/><temp name="T931"/><temp name="T991"/><temp name="T70"/><temp name="T951"/><temp name="T1003"/><temp name="T1005"/><temp name="T1120"/></temps></instruction><instruction code="INCML T956, 0"><temps name="use"/><temps name="def"><temp name="T956"/></temps><temps name="in"><temp name="T1146"/><temp name="T954"/><temp name="T1080"/><temp name="T980"/><temp name="T1071"/><temp name="T988"/><temp name="T920"/><temp name="T1063"/><temp name="T1032"/><temp name="T1026"/><temp name="T1020"/><temp name="T945"/><temp name="T1157"/><temp name="T972"/><temp name="T1131"/><temp name="T1134"/><temp name="T1140"/><temp name="T1055"/><temp name="T976"/><temp name="T935"/><temp name="T1108"/><temp name="T1051"/><temp name="T966"/><temp name="T1040"/><temp name="T1074"/><temp name="T1123"/><temp name="T1060"/><temp name="T1086"/><temp name="T1125"/><temp name="T1014"/><temp name="T1011"/><temp name="T1048"/><temp name="T1111"/><temp name="T943"/><temp name="T1115"/><temp name="T1000"/><temp name="T960"/><temp name="T6"/><temp name="T1092"/><temp name="T1100"/><temp name="T1152"/><temp name="T995"/><temp name="T1096"/><temp name="T928"/><temp name="T1036"/><temp name="T940"/><temp name="T1065"/><temp name="T931"/><temp name="T991"/><temp name="T70"/><temp name="T951"/><temp name="T1003"/><temp name="T1005"/><temp name="T1120"/></temps><temps name="out"><temp name="T1146"/><temp name="T954"/><temp name="T1080"/><temp name="T980"/><temp name="T1071"/><temp name="T988"/><temp name="T920"/><temp name="T1063"/><temp name="T1032"/><temp name="T1026"/><temp name="T1020"/><temp name="T945"/><temp name="T1157"/><temp name="T972"/><temp name="T1131"/><temp name="T1134"/><temp name="T1140"/><temp name="T1055"/><temp name="T976"/><temp name="T935"/><temp name="T1108"/><temp name="T1051"/><temp name="T966"/><temp name="T1040"/><temp name="T1074"/><temp name="T1123"/><temp name="T1060"/><temp name="T1086"/><temp name="T1125"/><temp name="T1014"/><temp name="T1011"/><temp name="T1048"/><temp name="T1111"/><temp name="T943"/><temp name="T1115"/><temp name="T1000"/><temp name="T960"/><temp name="T6"/><temp name="T1092"/><temp name="T1100"/><temp name="T1152"/><temp name="T995"/><temp name="T1096"/><temp name="T928"/><temp name="T1036"/><temp name="T940"/><temp name="T1065"/><temp name="T931"/><temp name="T991"/><temp name="T70"/><temp name="T951"/><temp name="T1003"/><temp name="T1005"/><temp name="T1120"/></temps></instruction><instruction code="INCMH T956, 0"><temps name="use"/><temps name="def"><temp name="T956"/></temps><temps name="in"><temp name="T1146"/><temp name="T954"/><temp name="T1080"/><temp name="T980"/><temp name="T1071"/><temp name="T988"/><temp name="T920"/><temp name="T1063"/><temp name="T1032"/><temp name="T1026"/><temp name="T1020"/><temp name="T945"/><temp name="T1157"/><temp name="T972"/><temp name="T1131"/><temp name="T1134"/><temp name="T1140"/><temp name="T1055"/><temp name="T976"/><temp name="T935"/><temp name="T1108"/><temp name="T1051"/><temp name="T966"/><temp name="T1040"/><temp name="T1074"/><temp name="T1123"/><temp name="T1060"/><temp name="T1086"/><temp name="T1125"/><temp name="T1014"/><temp name="T1011"/><temp name="T1048"/><temp name="T1111"/><temp name="T943"/><temp name="T1115"/><temp name="T1000"/><temp name="T960"/><temp name="T6"/><temp name="T1092"/><temp name="T1100"/><temp name="T1152"/><temp name="T995"/><temp name="T1096"/><temp name="T928"/><temp name="T1036"/><temp name="T940"/><temp name="T1065"/><temp name="T931"/><temp name="T991"/><temp name="T70"/><temp name="T951"/><temp name="T1003"/><temp name="T1005"/><temp name="T1120"/></temps><temps name="out"><temp name="T1146"/><temp name="T954"/><temp name="T1080"/><temp name="T980"/><temp name="T1071"/><temp name="T988"/><temp name="T920"/><temp name="T1063"/><temp name="T1032"/><temp name="T1026"/><temp name="T1020"/><temp name="T945"/><temp name="T1157"/><temp name="T972"/><temp name="T1131"/><temp name="T1134"/><temp name="T1140"/><temp name="T1055"/><temp name="T976"/><temp name="T935"/><temp name="T1108"/><temp name="T1051"/><temp name="T966"/><temp name="T1040"/><temp name="T1074"/><temp name="T1123"/><temp name="T1060"/><temp name="T1086"/><temp name="T1125"/><temp name="T1014"/><temp name="T1011"/><temp name="T1048"/><temp name="T1111"/><temp name="T943"/><temp name="T1115"/><temp name="T1000"/><temp name="T960"/><temp name="T6"/><temp name="T1092"/><temp name="T1100"/><temp name="T1152"/><temp name="T995"/><temp name="T1096"/><temp name="T928"/><temp name="T1036"/><temp name="T940"/><temp name="T1065"/><temp name="T931"/><temp name="T991"/><temp name="T70"/><temp name="T951"/><temp name="T1003"/><temp name="T1005"/><temp name="T1120"/></temps></instruction><instruction code="INCH  T956, 0"><temps name="use"/><temps name="def"><temp name="T956"/></temps><temps name="in"><temp name="T1146"/><temp name="T954"/><temp name="T1080"/><temp name="T980"/><temp name="T1071"/><temp name="T988"/><temp name="T920"/><temp name="T1063"/><temp name="T1032"/><temp name="T1026"/><temp name="T1020"/><temp name="T945"/><temp name="T1157"/><temp name="T972"/><temp name="T1131"/><temp name="T1134"/><temp name="T1140"/><temp name="T1055"/><temp name="T976"/><temp name="T935"/><temp name="T1108"/><temp name="T1051"/><temp name="T966"/><temp name="T1040"/><temp name="T1074"/><temp name="T1123"/><temp name="T1060"/><temp name="T1086"/><temp name="T1125"/><temp name="T1014"/><temp name="T1011"/><temp name="T1048"/><temp name="T1111"/><temp name="T943"/><temp name="T1115"/><temp name="T1000"/><temp name="T960"/><temp name="T6"/><temp name="T1092"/><temp name="T1100"/><temp name="T1152"/><temp name="T995"/><temp name="T1096"/><temp name="T928"/><temp name="T1036"/><temp name="T940"/><temp name="T1065"/><temp name="T931"/><temp name="T991"/><temp name="T70"/><temp name="T951"/><temp name="T1003"/><temp name="T1005"/><temp name="T1120"/></temps><temps name="out"><temp name="T1146"/><temp name="T954"/><temp name="T1080"/><temp name="T980"/><temp name="T1071"/><temp name="T988"/><temp name="T920"/><temp name="T1063"/><temp name="T1032"/><temp name="T1026"/><temp name="T1020"/><temp name="T945"/><temp name="T1157"/><temp name="T972"/><temp name="T1131"/><temp name="T1134"/><temp name="T1140"/><temp name="T1055"/><temp name="T976"/><temp name="T935"/><temp name="T1108"/><temp name="T1051"/><temp name="T966"/><temp name="T1040"/><temp name="T1074"/><temp name="T1123"/><temp name="T956"/><temp name="T1060"/><temp name="T1086"/><temp name="T1125"/><temp name="T1014"/><temp name="T1011"/><temp name="T1048"/><temp name="T1111"/><temp name="T943"/><temp name="T1115"/><temp name="T1000"/><temp name="T960"/><temp name="T6"/><temp name="T1092"/><temp name="T1100"/><temp name="T1152"/><temp name="T995"/><temp name="T1096"/><temp name="T928"/><temp name="T1036"/><temp name="T940"/><temp name="T1065"/><temp name="T931"/><temp name="T991"/><temp name="T70"/><temp name="T951"/><temp name="T1003"/><temp name="T1005"/><temp name="T1120"/></temps></instruction><instruction code="OR T71, T956, 0"><temps name="use"><temp name="T956"/></temps><temps name="def"><temp name="T71"/></temps><temps name="in"><temp name="T1146"/><temp name="T954"/><temp name="T1080"/><temp name="T980"/><temp name="T1071"/><temp name="T988"/><temp name="T920"/><temp name="T1063"/><temp name="T1032"/><temp name="T1026"/><temp name="T1020"/><temp name="T945"/><temp name="T1157"/><temp name="T972"/><temp name="T1131"/><temp name="T1134"/><temp name="T1140"/><temp name="T1055"/><temp name="T976"/><temp name="T935"/><temp name="T1108"/><temp name="T1051"/><temp name="T966"/><temp name="T1040"/><temp name="T1074"/><temp name="T1123"/><temp name="T956"/><temp name="T1060"/><temp name="T1086"/><temp name="T1125"/><temp name="T1014"/><temp name="T1011"/><temp name="T1048"/><temp name="T1111"/><temp name="T943"/><temp name="T1115"/><temp name="T1000"/><temp name="T960"/><temp name="T6"/><temp name="T1092"/><temp name="T1100"/><temp name="T1152"/><temp name="T995"/><temp name="T1096"/><temp name="T928"/><temp name="T1036"/><temp name="T940"/><temp name="T1065"/><temp name="T931"/><temp name="T991"/><temp name="T70"/><temp name="T951"/><temp name="T1003"/><temp name="T1005"/><temp name="T1120"/></temps><temps name="out"><temp name="T1146"/><temp name="T954"/><temp name="T1080"/><temp name="T980"/><temp name="T1071"/><temp name="T988"/><temp name="T920"/><temp name="T1063"/><temp name="T1032"/><temp name="T1026"/><temp name="T1020"/><temp name="T945"/><temp name="T1157"/><temp name="T972"/><temp name="T1131"/><temp name="T1134"/><temp name="T1140"/><temp name="T1055"/><temp name="T976"/><temp name="T71"/><temp name="T935"/><temp name="T1108"/><temp name="T1051"/><temp name="T966"/><temp name="T1040"/><temp name="T1074"/><temp name="T1123"/><temp name="T1060"/><temp name="T1086"/><temp name="T1125"/><temp name="T1014"/><temp name="T1011"/><temp name="T1048"/><temp name="T1111"/><temp name="T943"/><temp name="T1115"/><temp name="T1000"/><temp name="T960"/><temp name="T6"/><temp name="T1092"/><temp name="T1100"/><temp name="T1152"/><temp name="T995"/><temp name="T1096"/><temp name="T928"/><temp name="T1036"/><temp name="T940"/><temp name="T1065"/><temp name="T931"/><temp name="T991"/><temp name="T70"/><temp name="T951"/><temp name="T1003"/><temp name="T1005"/><temp name="T1120"/></temps></instruction><instruction code="ADD T957, T70, T71"><temps name="use"><temp name="T70"/><temp name="T71"/></temps><temps name="def"><temp name="T957"/></temps><temps name="in"><temp name="T1146"/><temp name="T954"/><temp name="T1080"/><temp name="T980"/><temp name="T1071"/><temp name="T988"/><temp name="T920"/><temp name="T1063"/><temp name="T1032"/><temp name="T1026"/><temp name="T1020"/><temp name="T945"/><temp name="T1157"/><temp name="T972"/><temp name="T1131"/><temp name="T1134"/><temp name="T1140"/><temp name="T1055"/><temp name="T976"/><temp name="T71"/><temp name="T935"/><temp name="T1108"/><temp name="T1051"/><temp name="T966"/><temp name="T1040"/><temp name="T1074"/><temp name="T1123"/><temp name="T1060"/><temp name="T1086"/><temp name="T1125"/><temp name="T1014"/><temp name="T1011"/><temp name="T1048"/><temp name="T1111"/><temp name="T943"/><temp name="T1115"/><temp name="T1000"/><temp name="T960"/><temp name="T6"/><temp name="T1092"/><temp name="T1100"/><temp name="T1152"/><temp name="T995"/><temp name="T1096"/><temp name="T928"/><temp name="T1036"/><temp name="T940"/><temp name="T1065"/><temp name="T931"/><temp name="T991"/><temp name="T70"/><temp name="T951"/><temp name="T1003"/><temp name="T1005"/><temp name="T1120"/></temps><temps name="out"><temp name="T1146"/><temp name="T954"/><temp name="T1080"/><temp name="T980"/><temp name="T1071"/><temp name="T988"/><temp name="T920"/><temp name="T1063"/><temp name="T1032"/><temp name="T1026"/><temp name="T1020"/><temp name="T945"/><temp name="T1157"/><temp name="T957"/><temp name="T972"/><temp name="T1131"/><temp name="T1134"/><temp name="T1140"/><temp name="T1055"/><temp name="T976"/><temp name="T935"/><temp name="T1108"/><temp name="T1051"/><temp name="T966"/><temp name="T1040"/><temp name="T1074"/><temp name="T1123"/><temp name="T1060"/><temp name="T1086"/><temp name="T1125"/><temp name="T1014"/><temp name="T1011"/><temp name="T1048"/><temp name="T1111"/><temp name="T943"/><temp name="T1115"/><temp name="T1000"/><temp name="T960"/><temp name="T6"/><temp name="T1092"/><temp name="T1100"/><temp name="T1152"/><temp name="T995"/><temp name="T1096"/><temp name="T928"/><temp name="T1036"/><temp name="T940"/><temp name="T1065"/><temp name="T931"/><temp name="T991"/><temp name="T951"/><temp name="T1003"/><temp name="T1005"/><temp name="T1120"/></temps></instruction><instruction code="OR T72, T957, 0"><temps name="use"><temp name="T957"/></temps><temps name="def"><temp name="T72"/></temps><temps name="in"><temp name="T1146"/><temp name="T954"/><temp name="T1080"/><temp name="T980"/><temp name="T1071"/><temp name="T988"/><temp name="T920"/><temp name="T1063"/><temp name="T1032"/><temp name="T1026"/><temp name="T1020"/><temp name="T945"/><temp name="T1157"/><temp name="T957"/><temp name="T972"/><temp name="T1131"/><temp name="T1134"/><temp name="T1140"/><temp name="T1055"/><temp name="T976"/><temp name="T935"/><temp name="T1108"/><temp name="T1051"/><temp name="T966"/><temp name="T1040"/><temp name="T1074"/><temp name="T1123"/><temp name="T1060"/><temp name="T1086"/><temp name="T1125"/><temp name="T1014"/><temp name="T1011"/><temp name="T1048"/><temp name="T1111"/><temp name="T943"/><temp name="T1115"/><temp name="T1000"/><temp name="T960"/><temp name="T6"/><temp name="T1092"/><temp name="T1100"/><temp name="T1152"/><temp name="T995"/><temp name="T1096"/><temp name="T928"/><temp name="T1036"/><temp name="T940"/><temp name="T1065"/><temp name="T931"/><temp name="T991"/><temp name="T951"/><temp name="T1003"/><temp name="T1005"/><temp name="T1120"/></temps><temps name="out"><temp name="T1146"/><temp name="T954"/><temp name="T1080"/><temp name="T980"/><temp name="T1071"/><temp name="T72"/><temp name="T988"/><temp name="T920"/><temp name="T1063"/><temp name="T1032"/><temp name="T1026"/><temp name="T1020"/><temp name="T945"/><temp name="T1157"/><temp name="T972"/><temp name="T1131"/><temp name="T1134"/><temp name="T1140"/><temp name="T1055"/><temp name="T976"/><temp name="T935"/><temp name="T1108"/><temp name="T1051"/><temp name="T966"/><temp name="T1040"/><temp name="T1074"/><temp name="T1123"/><temp name="T1060"/><temp name="T1086"/><temp name="T1125"/><temp name="T1014"/><temp name="T1011"/><temp name="T1048"/><temp name="T1111"/><temp name="T943"/><temp name="T1115"/><temp name="T1000"/><temp name="T960"/><temp name="T6"/><temp name="T1092"/><temp name="T1100"/><temp name="T1152"/><temp name="T995"/><temp name="T1096"/><temp name="T928"/><temp name="T1036"/><temp name="T940"/><temp name="T1065"/><temp name="T931"/><temp name="T991"/><temp name="T951"/><temp name="T1003"/><temp name="T1005"/><temp name="T1120"/></temps></instruction><instruction code="LDO T961, T960, 0"><temps name="use"><temp name="T960"/></temps><temps name="def"><temp name="T961"/></temps><temps name="in"><temp name="T1146"/><temp name="T954"/><temp name="T1080"/><temp name="T980"/><temp name="T1071"/><temp name="T72"/><temp name="T988"/><temp name="T920"/><temp name="T1063"/><temp name="T1032"/><temp name="T1026"/><temp name="T1020"/><temp name="T945"/><temp name="T1157"/><temp name="T972"/><temp name="T1131"/><temp name="T1134"/><temp name="T1140"/><temp name="T1055"/><temp name="T976"/><temp name="T935"/><temp name="T1108"/><temp name="T1051"/><temp name="T966"/><temp name="T1040"/><temp name="T1074"/><temp name="T1123"/><temp name="T1060"/><temp name="T1086"/><temp name="T1125"/><temp name="T1014"/><temp name="T1011"/><temp name="T1048"/><temp name="T1111"/><temp name="T943"/><temp name="T1115"/><temp name="T1000"/><temp name="T960"/><temp name="T6"/><temp name="T1092"/><temp name="T1100"/><temp name="T1152"/><temp name="T995"/><temp name="T1096"/><temp name="T928"/><temp name="T1036"/><temp name="T940"/><temp name="T1065"/><temp name="T931"/><temp name="T991"/><temp name="T951"/><temp name="T1003"/><temp name="T1005"/><temp name="T1120"/></temps><temps name="out"><temp name="T1146"/><temp name="T954"/><temp name="T1080"/><temp name="T980"/><temp name="T1071"/><temp name="T72"/><temp name="T961"/><temp name="T988"/><temp name="T920"/><temp name="T1063"/><temp name="T1032"/><temp name="T1026"/><temp name="T1020"/><temp name="T945"/><temp name="T1157"/><temp name="T972"/><temp name="T1131"/><temp name="T1134"/><temp name="T1140"/><temp name="T1055"/><temp name="T976"/><temp name="T935"/><temp name="T1108"/><temp name="T1051"/><temp name="T966"/><temp name="T1040"/><temp name="T1074"/><temp name="T1123"/><temp name="T1060"/><temp name="T1086"/><temp name="T1125"/><temp name="T1014"/><temp name="T1011"/><temp name="T1048"/><temp name="T1111"/><temp name="T943"/><temp name="T1115"/><temp name="T1000"/><temp name="T6"/><temp name="T960"/><temp name="T1092"/><temp name="T1100"/><temp name="T1152"/><temp name="T995"/><temp name="T1096"/><temp name="T928"/><temp name="T1036"/><temp name="T940"/><temp name="T1065"/><temp name="T931"/><temp name="T991"/><temp name="T951"/><temp name="T1003"/><temp name="T1005"/><temp name="T1120"/></temps></instruction><instruction code="STO T961, T72, 0"><temps name="use"><temp name="T961"/><temp name="T72"/></temps><temps name="def"/><temps name="in"><temp name="T1146"/><temp name="T954"/><temp name="T1080"/><temp name="T980"/><temp name="T1071"/><temp name="T72"/><temp name="T961"/><temp name="T988"/><temp name="T920"/><temp name="T1063"/><temp name="T1032"/><temp name="T1026"/><temp name="T1020"/><temp name="T945"/><temp name="T1157"/><temp name="T972"/><temp name="T1131"/><temp name="T1134"/><temp name="T1140"/><temp name="T1055"/><temp name="T976"/><temp name="T935"/><temp name="T1108"/><temp name="T1051"/><temp name="T966"/><temp name="T1040"/><temp name="T1074"/><temp name="T1123"/><temp name="T1060"/><temp name="T1086"/><temp name="T1125"/><temp name="T1014"/><temp name="T1011"/><temp name="T1048"/><temp name="T1111"/><temp name="T943"/><temp name="T1115"/><temp name="T1000"/><temp name="T6"/><temp name="T960"/><temp name="T1092"/><temp name="T1100"/><temp name="T1152"/><temp name="T995"/><temp name="T1096"/><temp name="T928"/><temp name="T1036"/><temp name="T940"/><temp name="T1065"/><temp name="T931"/><temp name="T991"/><temp name="T951"/><temp name="T1003"/><temp name="T1005"/><temp name="T1120"/></temps><temps name="out"><temp name="T1146"/><temp name="T954"/><temp name="T1080"/><temp name="T980"/><temp name="T1071"/><temp name="T988"/><temp name="T920"/><temp name="T1063"/><temp name="T1032"/><temp name="T1026"/><temp name="T1020"/><temp name="T945"/><temp name="T1157"/><temp name="T972"/><temp name="T1131"/><temp name="T1134"/><temp name="T1140"/><temp name="T1055"/><temp name="T976"/><temp name="T935"/><temp name="T1108"/><temp name="T1051"/><temp name="T966"/><temp name="T1040"/><temp name="T1074"/><temp name="T1123"/><temp name="T1060"/><temp name="T1086"/><temp name="T1125"/><temp name="T1014"/><temp name="T1011"/><temp name="T1048"/><temp name="T1111"/><temp name="T943"/><temp name="T1115"/><temp name="T1000"/><temp name="T6"/><temp name="T960"/><temp name="T1092"/><temp name="T1100"/><temp name="T1152"/><temp name="T995"/><temp name="T1096"/><temp name="T928"/><temp name="T1036"/><temp name="T940"/><temp name="T1065"/><temp name="T931"/><temp name="T991"/><temp name="T951"/><temp name="T1003"/><temp name="T1005"/><temp name="T1120"/></temps></instruction><instruction code="LDA T962, L7"><temps name="use"/><temps name="def"><temp name="T962"/></temps><temps name="in"><temp name="T1146"/><temp name="T954"/><temp name="T1080"/><temp name="T980"/><temp name="T1071"/><temp name="T988"/><temp name="T920"/><temp name="T1063"/><temp name="T1032"/><temp name="T1026"/><temp name="T1020"/><temp name="T945"/><temp name="T1157"/><temp name="T972"/><temp name="T1131"/><temp name="T1134"/><temp name="T1140"/><temp name="T1055"/><temp name="T976"/><temp name="T935"/><temp name="T1108"/><temp name="T1051"/><temp name="T966"/><temp name="T1040"/><temp name="T1074"/><temp name="T1123"/><temp name="T1060"/><temp name="T1086"/><temp name="T1125"/><temp name="T1014"/><temp name="T1011"/><temp name="T1048"/><temp name="T1111"/><temp name="T943"/><temp name="T1115"/><temp name="T1000"/><temp name="T6"/><temp name="T960"/><temp name="T1092"/><temp name="T1100"/><temp name="T1152"/><temp name="T995"/><temp name="T1096"/><temp name="T928"/><temp name="T1036"/><temp name="T940"/><temp name="T1065"/><temp name="T931"/><temp name="T991"/><temp name="T951"/><temp name="T1003"/><temp name="T1005"/><temp name="T1120"/></temps><temps name="out"><temp name="T1146"/><temp name="T954"/><temp name="T1080"/><temp name="T980"/><temp name="T1071"/><temp name="T988"/><temp name="T920"/><temp name="T1063"/><temp name="T1032"/><temp name="T1026"/><temp name="T1020"/><temp name="T945"/><temp name="T1157"/><temp name="T972"/><temp name="T1131"/><temp name="T1134"/><temp name="T1140"/><temp name="T1055"/><temp name="T976"/><temp name="T935"/><temp name="T1108"/><temp name="T1051"/><temp name="T966"/><temp name="T1040"/><temp name="T1074"/><temp name="T1123"/><temp name="T1060"/><temp name="T1086"/><temp name="T1125"/><temp name="T962"/><temp name="T1014"/><temp name="T1011"/><temp name="T1048"/><temp name="T1111"/><temp name="T943"/><temp name="T1115"/><temp name="T1000"/><temp name="T6"/><temp name="T960"/><temp name="T1092"/><temp name="T1100"/><temp name="T1152"/><temp name="T995"/><temp name="T1096"/><temp name="T928"/><temp name="T1036"/><temp name="T940"/><temp name="T1065"/><temp name="T931"/><temp name="T991"/><temp name="T951"/><temp name="T1003"/><temp name="T1005"/><temp name="T1120"/></temps></instruction><instruction code="GO T962, T962, 0"><temps name="use"><temp name="T962"/></temps><temps name="def"><temp name="T962"/></temps><temps name="in"><temp name="T1146"/><temp name="T954"/><temp name="T1080"/><temp name="T980"/><temp name="T1071"/><temp name="T988"/><temp name="T920"/><temp name="T1063"/><temp name="T1032"/><temp name="T1026"/><temp name="T1020"/><temp name="T945"/><temp name="T1157"/><temp name="T972"/><temp name="T1131"/><temp name="T1134"/><temp name="T1140"/><temp name="T1055"/><temp name="T976"/><temp name="T935"/><temp name="T1108"/><temp name="T1051"/><temp name="T966"/><temp name="T1040"/><temp name="T1074"/><temp name="T1123"/><temp name="T1060"/><temp name="T1086"/><temp name="T1125"/><temp name="T962"/><temp name="T1014"/><temp name="T1011"/><temp name="T1048"/><temp name="T1111"/><temp name="T943"/><temp name="T1115"/><temp name="T1000"/><temp name="T6"/><temp name="T960"/><temp name="T1092"/><temp name="T1100"/><temp name="T1152"/><temp name="T995"/><temp name="T1096"/><temp name="T928"/><temp name="T1036"/><temp name="T940"/><temp name="T1065"/><temp name="T931"/><temp name="T991"/><temp name="T951"/><temp name="T1003"/><temp name="T1005"/><temp name="T1120"/></temps><temps name="out"><temp name="T1146"/><temp name="T954"/><temp name="T1080"/><temp name="T980"/><temp name="T1071"/><temp name="T988"/><temp name="T920"/><temp name="T1063"/><temp name="T1032"/><temp name="T1026"/><temp name="T1020"/><temp name="T945"/><temp name="T1157"/><temp name="T972"/><temp name="T1131"/><temp name="T1134"/><temp name="T1140"/><temp name="T1055"/><temp name="T976"/><temp name="T935"/><temp name="T1108"/><temp name="T1051"/><temp name="T966"/><temp name="T1040"/><temp name="T1074"/><temp name="T1123"/><temp name="T1060"/><temp name="T1086"/><temp name="T1125"/><temp name="T1014"/><temp name="T1011"/><temp name="T1048"/><temp name="T1111"/><temp name="T943"/><temp name="T1115"/><temp name="T1000"/><temp name="T6"/><temp name="T960"/><temp name="T1092"/><temp name="T1100"/><temp name="T1152"/><temp name="T995"/><temp name="T1096"/><temp name="T928"/><temp name="T1036"/><temp name="T940"/><temp name="T1065"/><temp name="T931"/><temp name="T991"/><temp name="T951"/><temp name="T1003"/><temp name="T1005"/><temp name="T1120"/></temps></instruction><instruction code="L9"><temps name="use"/><temps name="def"/><temps name="in"><temp name="T976"/><temp name="T1146"/><temp name="T1108"/><temp name="T1051"/><temp name="T966"/><temp name="T1040"/><temp name="T1074"/><temp name="T1123"/><temp name="T1080"/><temp name="T980"/><temp name="T1060"/><temp name="T1071"/><temp name="T1086"/><temp name="T1125"/><temp name="T988"/><temp name="T1014"/><temp name="T1011"/><temp name="T1048"/><temp name="T1111"/><temp name="T1115"/><temp name="T1000"/><temp name="T1063"/><temp name="T1032"/><temp name="T6"/><temp name="T1092"/><temp name="T1100"/><temp name="T1152"/><temp name="T995"/><temp name="T1096"/><temp name="T1026"/><temp name="T1036"/><temp name="T1065"/><temp name="T1020"/><temp name="T1157"/><temp name="T991"/><temp name="T972"/><temp name="T1131"/><temp name="T1134"/><temp name="T1140"/><temp name="T1003"/><temp name="T1005"/><temp name="T1120"/><temp name="T1055"/></temps><temps name="out"><temp name="T976"/><temp name="T1146"/><temp name="T1108"/><temp name="T1051"/><temp name="T966"/><temp name="T1040"/><temp name="T1074"/><temp name="T1123"/><temp name="T1080"/><temp name="T980"/><temp name="T1060"/><temp name="T1071"/><temp name="T1086"/><temp name="T1125"/><temp name="T988"/><temp name="T1014"/><temp name="T1011"/><temp name="T1048"/><temp name="T1111"/><temp name="T1115"/><temp name="T1000"/><temp name="T1063"/><temp name="T1032"/><temp name="T6"/><temp name="T1092"/><temp name="T1100"/><temp name="T1152"/><temp name="T995"/><temp name="T1096"/><temp name="T1026"/><temp name="T1036"/><temp name="T1065"/><temp name="T1020"/><temp name="T1157"/><temp name="T991"/><temp name="T972"/><temp name="T1131"/><temp name="T1134"/><temp name="T1140"/><temp name="T1003"/><temp name="T1005"/><temp name="T1120"/><temp name="T1055"/></temps></instruction><instruction code="SETL  T963, 0"><temps name="use"/><temps name="def"><temp name="T963"/></temps><temps name="in"><temp name="T976"/><temp name="T1146"/><temp name="T1108"/><temp name="T1051"/><temp name="T966"/><temp name="T1040"/><temp name="T1074"/><temp name="T1123"/><temp name="T1080"/><temp name="T980"/><temp name="T1060"/><temp name="T1071"/><temp name="T1086"/><temp name="T1125"/><temp name="T988"/><temp name="T1014"/><temp name="T1011"/><temp name="T1048"/><temp name="T1111"/><temp name="T1115"/><temp name="T1000"/><temp name="T1063"/><temp name="T1032"/><temp name="T6"/><temp name="T1092"/><temp name="T1100"/><temp name="T1152"/><temp name="T995"/><temp name="T1096"/><temp name="T1026"/><temp name="T1036"/><temp name="T1065"/><temp name="T1020"/><temp name="T1157"/><temp name="T991"/><temp name="T972"/><temp name="T1131"/><temp name="T1134"/><temp name="T1140"/><temp name="T1003"/><temp name="T1005"/><temp name="T1120"/><temp name="T1055"/></temps><temps name="out"><temp name="T976"/><temp name="T1146"/><temp name="T1108"/><temp name="T1051"/><temp name="T966"/><temp name="T1040"/><temp name="T1074"/><temp name="T1123"/><temp name="T1080"/><temp name="T980"/><temp name="T1060"/><temp name="T1071"/><temp name="T1086"/><temp name="T1125"/><temp name="T988"/><temp name="T1014"/><temp name="T1011"/><temp name="T1048"/><temp name="T1111"/><temp name="T1115"/><temp name="T1000"/><temp name="T1063"/><temp name="T1032"/><temp name="T6"/><temp name="T1092"/><temp name="T1100"/><temp name="T1152"/><temp name="T995"/><temp name="T1096"/><temp name="T1026"/><temp name="T1036"/><temp name="T1065"/><temp name="T1020"/><temp name="T1157"/><temp name="T991"/><temp name="T972"/><temp name="T1131"/><temp name="T1134"/><temp name="T1140"/><temp name="T1003"/><temp name="T1005"/><temp name="T1120"/><temp name="T1055"/></temps></instruction><instruction code="INCML T963, 0"><temps name="use"/><temps name="def"><temp name="T963"/></temps><temps name="in"><temp name="T976"/><temp name="T1146"/><temp name="T1108"/><temp name="T1051"/><temp name="T966"/><temp name="T1040"/><temp name="T1074"/><temp name="T1123"/><temp name="T1080"/><temp name="T980"/><temp name="T1060"/><temp name="T1071"/><temp name="T1086"/><temp name="T1125"/><temp name="T988"/><temp name="T1014"/><temp name="T1011"/><temp name="T1048"/><temp name="T1111"/><temp name="T1115"/><temp name="T1000"/><temp name="T1063"/><temp name="T1032"/><temp name="T6"/><temp name="T1092"/><temp name="T1100"/><temp name="T1152"/><temp name="T995"/><temp name="T1096"/><temp name="T1026"/><temp name="T1036"/><temp name="T1065"/><temp name="T1020"/><temp name="T1157"/><temp name="T991"/><temp name="T972"/><temp name="T1131"/><temp name="T1134"/><temp name="T1140"/><temp name="T1003"/><temp name="T1005"/><temp name="T1120"/><temp name="T1055"/></temps><temps name="out"><temp name="T976"/><temp name="T1146"/><temp name="T1108"/><temp name="T1051"/><temp name="T966"/><temp name="T1040"/><temp name="T1074"/><temp name="T1123"/><temp name="T1080"/><temp name="T980"/><temp name="T1060"/><temp name="T1071"/><temp name="T1086"/><temp name="T1125"/><temp name="T988"/><temp name="T1014"/><temp name="T1011"/><temp name="T1048"/><temp name="T1111"/><temp name="T1115"/><temp name="T1000"/><temp name="T1063"/><temp name="T1032"/><temp name="T6"/><temp name="T1092"/><temp name="T1100"/><temp name="T1152"/><temp name="T995"/><temp name="T1096"/><temp name="T1026"/><temp name="T1036"/><temp name="T1065"/><temp name="T1020"/><temp name="T1157"/><temp name="T991"/><temp name="T972"/><temp name="T1131"/><temp name="T1134"/><temp name="T1140"/><temp name="T1003"/><temp name="T1005"/><temp name="T1120"/><temp name="T1055"/></temps></instruction><instruction code="INCMH T963, 0"><temps name="use"/><temps name="def"><temp name="T963"/></temps><temps name="in"><temp name="T976"/><temp name="T1146"/><temp name="T1108"/><temp name="T1051"/><temp name="T966"/><temp name="T1040"/><temp name="T1074"/><temp name="T1123"/><temp name="T1080"/><temp name="T980"/><temp name="T1060"/><temp name="T1071"/><temp name="T1086"/><temp name="T1125"/><temp name="T988"/><temp name="T1014"/><temp name="T1011"/><temp name="T1048"/><temp name="T1111"/><temp name="T1115"/><temp name="T1000"/><temp name="T1063"/><temp name="T1032"/><temp name="T6"/><temp name="T1092"/><temp name="T1100"/><temp name="T1152"/><temp name="T995"/><temp name="T1096"/><temp name="T1026"/><temp name="T1036"/><temp name="T1065"/><temp name="T1020"/><temp name="T1157"/><temp name="T991"/><temp name="T972"/><temp name="T1131"/><temp name="T1134"/><temp name="T1140"/><temp name="T1003"/><temp name="T1005"/><temp name="T1120"/><temp name="T1055"/></temps><temps name="out"><temp name="T976"/><temp name="T1146"/><temp name="T1108"/><temp name="T1051"/><temp name="T966"/><temp name="T1040"/><temp name="T1074"/><temp name="T1123"/><temp name="T1080"/><temp name="T980"/><temp name="T1060"/><temp name="T1071"/><temp name="T1086"/><temp name="T1125"/><temp name="T988"/><temp name="T1014"/><temp name="T1011"/><temp name="T1048"/><temp name="T1111"/><temp name="T1115"/><temp name="T1000"/><temp name="T1063"/><temp name="T1032"/><temp name="T6"/><temp name="T1092"/><temp name="T1100"/><temp name="T1152"/><temp name="T995"/><temp name="T1096"/><temp name="T1026"/><temp name="T1036"/><temp name="T1065"/><temp name="T1020"/><temp name="T1157"/><temp name="T991"/><temp name="T972"/><temp name="T1131"/><temp name="T1134"/><temp name="T1140"/><temp name="T1003"/><temp name="T1005"/><temp name="T1120"/><temp name="T1055"/></temps></instruction><instruction code="INCH  T963, 0"><temps name="use"/><temps name="def"><temp name="T963"/></temps><temps name="in"><temp name="T976"/><temp name="T1146"/><temp name="T1108"/><temp name="T1051"/><temp name="T966"/><temp name="T1040"/><temp name="T1074"/><temp name="T1123"/><temp name="T1080"/><temp name="T980"/><temp name="T1060"/><temp name="T1071"/><temp name="T1086"/><temp name="T1125"/><temp name="T988"/><temp name="T1014"/><temp name="T1011"/><temp name="T1048"/><temp name="T1111"/><temp name="T1115"/><temp name="T1000"/><temp name="T1063"/><temp name="T1032"/><temp name="T6"/><temp name="T1092"/><temp name="T1100"/><temp name="T1152"/><temp name="T995"/><temp name="T1096"/><temp name="T1026"/><temp name="T1036"/><temp name="T1065"/><temp name="T1020"/><temp name="T1157"/><temp name="T991"/><temp name="T972"/><temp name="T1131"/><temp name="T1134"/><temp name="T1140"/><temp name="T1003"/><temp name="T1005"/><temp name="T1120"/><temp name="T1055"/></temps><temps name="out"><temp name="T976"/><temp name="T1146"/><temp name="T1108"/><temp name="T1051"/><temp name="T966"/><temp name="T1040"/><temp name="T1074"/><temp name="T1123"/><temp name="T1080"/><temp name="T980"/><temp name="T1060"/><temp name="T1071"/><temp name="T1086"/><temp name="T1125"/><temp name="T988"/><temp name="T1014"/><temp name="T1011"/><temp name="T1048"/><temp name="T1111"/><temp name="T1115"/><temp name="T1000"/><temp name="T1063"/><temp name="T1032"/><temp name="T6"/><temp name="T1092"/><temp name="T1100"/><temp name="T1152"/><temp name="T963"/><temp name="T995"/><temp name="T1096"/><temp name="T1026"/><temp name="T1036"/><temp name="T1065"/><temp name="T1020"/><temp name="T1157"/><temp name="T991"/><temp name="T972"/><temp name="T1131"/><temp name="T1134"/><temp name="T1140"/><temp name="T1003"/><temp name="T1005"/><temp name="T1120"/><temp name="T1055"/></temps></instruction><instruction code="OR T73, T963, 0"><temps name="use"><temp name="T963"/></temps><temps name="def"><temp name="T73"/></temps><temps name="in"><temp name="T976"/><temp name="T1146"/><temp name="T1108"/><temp name="T1051"/><temp name="T966"/><temp name="T1040"/><temp name="T1074"/><temp name="T1123"/><temp name="T1080"/><temp name="T980"/><temp name="T1060"/><temp name="T1071"/><temp name="T1086"/><temp name="T1125"/><temp name="T988"/><temp name="T1014"/><temp name="T1011"/><temp name="T1048"/><temp name="T1111"/><temp name="T1115"/><temp name="T1000"/><temp name="T1063"/><temp name="T1032"/><temp name="T6"/><temp name="T1092"/><temp name="T1100"/><temp name="T1152"/><temp name="T963"/><temp name="T995"/><temp name="T1096"/><temp name="T1026"/><temp name="T1036"/><temp name="T1065"/><temp name="T1020"/><temp name="T1157"/><temp name="T991"/><temp name="T972"/><temp name="T1131"/><temp name="T1134"/><temp name="T1140"/><temp name="T1003"/><temp name="T1005"/><temp name="T1120"/><temp name="T1055"/></temps><temps name="out"><temp name="T976"/><temp name="T1146"/><temp name="T1108"/><temp name="T1051"/><temp name="T966"/><temp name="T1040"/><temp name="T1074"/><temp name="T1123"/><temp name="T1080"/><temp name="T980"/><temp name="T1060"/><temp name="T1071"/><temp name="T1086"/><temp name="T1125"/><temp name="T988"/><temp name="T1014"/><temp name="T1011"/><temp name="T1048"/><temp name="T1111"/><temp name="T73"/><temp name="T1115"/><temp name="T1000"/><temp name="T1063"/><temp name="T1032"/><temp name="T6"/><temp name="T1092"/><temp name="T1100"/><temp name="T1152"/><temp name="T995"/><temp name="T1096"/><temp name="T1026"/><temp name="T1036"/><temp name="T1065"/><temp name="T1020"/><temp name="T1157"/><temp name="T991"/><temp name="T972"/><temp name="T1131"/><temp name="T1134"/><temp name="T1140"/><temp name="T1003"/><temp name="T1005"/><temp name="T1120"/><temp name="T1055"/></temps></instruction><instruction code="LDA T964, L10"><temps name="use"/><temps name="def"><temp name="T964"/></temps><temps name="in"><temp name="T976"/><temp name="T1146"/><temp name="T1108"/><temp name="T1051"/><temp name="T966"/><temp name="T1040"/><temp name="T1074"/><temp name="T1123"/><temp name="T1080"/><temp name="T980"/><temp name="T1060"/><temp name="T1071"/><temp name="T1086"/><temp name="T1125"/><temp name="T988"/><temp name="T1014"/><temp name="T1011"/><temp name="T1048"/><temp name="T1111"/><temp name="T73"/><temp name="T1115"/><temp name="T1000"/><temp name="T1063"/><temp name="T1032"/><temp name="T6"/><temp name="T1092"/><temp name="T1100"/><temp name="T1152"/><temp name="T995"/><temp name="T1096"/><temp name="T1026"/><temp name="T1036"/><temp name="T1065"/><temp name="T1020"/><temp name="T1157"/><temp name="T991"/><temp name="T972"/><temp name="T1131"/><temp name="T1134"/><temp name="T1140"/><temp name="T1003"/><temp name="T1005"/><temp name="T1120"/><temp name="T1055"/></temps><temps name="out"><temp name="T976"/><temp name="T1146"/><temp name="T1108"/><temp name="T1051"/><temp name="T966"/><temp name="T1040"/><temp name="T1074"/><temp name="T1123"/><temp name="T1080"/><temp name="T980"/><temp name="T1060"/><temp name="T1071"/><temp name="T964"/><temp name="T1086"/><temp name="T1125"/><temp name="T988"/><temp name="T1014"/><temp name="T1011"/><temp name="T1048"/><temp name="T1111"/><temp name="T73"/><temp name="T1115"/><temp name="T1000"/><temp name="T1063"/><temp name="T1032"/><temp name="T6"/><temp name="T1092"/><temp name="T1100"/><temp name="T1152"/><temp name="T995"/><temp name="T1096"/><temp name="T1026"/><temp name="T1036"/><temp name="T1065"/><temp name="T1020"/><temp name="T1157"/><temp name="T991"/><temp name="T972"/><temp name="T1131"/><temp name="T1134"/><temp name="T1140"/><temp name="T1003"/><temp name="T1005"/><temp name="T1120"/><temp name="T1055"/></temps></instruction><instruction code="OR T74, T964, 0"><temps name="use"><temp name="T964"/></temps><temps name="def"><temp name="T74"/></temps><temps name="in"><temp name="T976"/><temp name="T1146"/><temp name="T1108"/><temp name="T1051"/><temp name="T966"/><temp name="T1040"/><temp name="T1074"/><temp name="T1123"/><temp name="T1080"/><temp name="T980"/><temp name="T1060"/><temp name="T1071"/><temp name="T964"/><temp name="T1086"/><temp name="T1125"/><temp name="T988"/><temp name="T1014"/><temp name="T1011"/><temp name="T1048"/><temp name="T1111"/><temp name="T73"/><temp name="T1115"/><temp name="T1000"/><temp name="T1063"/><temp name="T1032"/><temp name="T6"/><temp name="T1092"/><temp name="T1100"/><temp name="T1152"/><temp name="T995"/><temp name="T1096"/><temp name="T1026"/><temp name="T1036"/><temp name="T1065"/><temp name="T1020"/><temp name="T1157"/><temp name="T991"/><temp name="T972"/><temp name="T1131"/><temp name="T1134"/><temp name="T1140"/><temp name="T1003"/><temp name="T1005"/><temp name="T1120"/><temp name="T1055"/></temps><temps name="out"><temp name="T976"/><temp name="T1146"/><temp name="T1108"/><temp name="T1051"/><temp name="T966"/><temp name="T1040"/><temp name="T1074"/><temp name="T1123"/><temp name="T1080"/><temp name="T980"/><temp name="T1060"/><temp name="T1071"/><temp name="T1086"/><temp name="T1125"/><temp name="T988"/><temp name="T1014"/><temp name="T1011"/><temp name="T1048"/><temp name="T1111"/><temp name="T73"/><temp name="T1115"/><temp name="T1000"/><temp name="T1063"/><temp name="T1032"/><temp name="T6"/><temp name="T1092"/><temp name="T1100"/><temp name="T1152"/><temp name="T995"/><temp name="T1096"/><temp name="T1026"/><temp name="T1036"/><temp name="T1065"/><temp name="T1020"/><temp name="T1157"/><temp name="T74"/><temp name="T991"/><temp name="T972"/><temp name="T1131"/><temp name="T1134"/><temp name="T1140"/><temp name="T1003"/><temp name="T1005"/><temp name="T1120"/><temp name="T1055"/></temps></instruction><instruction code="STO T73, $254, 8"><temps name="use"><temp name="T73"/></temps><temps name="def"/><temps name="in"><temp name="T976"/><temp name="T1146"/><temp name="T1108"/><temp name="T1051"/><temp name="T966"/><temp name="T1040"/><temp name="T1074"/><temp name="T1123"/><temp name="T1080"/><temp name="T980"/><temp name="T1060"/><temp name="T1071"/><temp name="T1086"/><temp name="T1125"/><temp name="T988"/><temp name="T1014"/><temp name="T1011"/><temp name="T1048"/><temp name="T1111"/><temp name="T73"/><temp name="T1115"/><temp name="T1000"/><temp name="T1063"/><temp name="T1032"/><temp name="T6"/><temp name="T1092"/><temp name="T1100"/><temp name="T1152"/><temp name="T995"/><temp name="T1096"/><temp name="T1026"/><temp name="T1036"/><temp name="T1065"/><temp name="T1020"/><temp name="T1157"/><temp name="T74"/><temp name="T991"/><temp name="T972"/><temp name="T1131"/><temp name="T1134"/><temp name="T1140"/><temp name="T1003"/><temp name="T1005"/><temp name="T1120"/><temp name="T1055"/></temps><temps name="out"><temp name="T976"/><temp name="T1146"/><temp name="T1108"/><temp name="T1051"/><temp name="T966"/><temp name="T1040"/><temp name="T1074"/><temp name="T1123"/><temp name="T1080"/><temp name="T980"/><temp name="T1060"/><temp name="T1071"/><temp name="T1086"/><temp name="T1125"/><temp name="T988"/><temp name="T1014"/><temp name="T1011"/><temp name="T1048"/><temp name="T1111"/><temp name="T1115"/><temp name="T1000"/><temp name="T1063"/><temp name="T1032"/><temp name="T6"/><temp name="T1092"/><temp name="T1100"/><temp name="T1152"/><temp name="T995"/><temp name="T1096"/><temp name="T1026"/><temp name="T1036"/><temp name="T1065"/><temp name="T1020"/><temp name="T1157"/><temp name="T74"/><temp name="T991"/><temp name="T972"/><temp name="T1131"/><temp name="T1134"/><temp name="T1140"/><temp name="T1003"/><temp name="T1005"/><temp name="T1120"/><temp name="T1055"/></temps></instruction><instruction code="STO T74, $254, 16"><temps name="use"><temp name="T74"/></temps><temps name="def"/><temps name="in"><temp name="T976"/><temp name="T1146"/><temp name="T1108"/><temp name="T1051"/><temp name="T966"/><temp name="T1040"/><temp name="T1074"/><temp name="T1123"/><temp name="T1080"/><temp name="T980"/><temp name="T1060"/><temp name="T1071"/><temp name="T1086"/><temp name="T1125"/><temp name="T988"/><temp name="T1014"/><temp name="T1011"/><temp name="T1048"/><temp name="T1111"/><temp name="T1115"/><temp name="T1000"/><temp name="T1063"/><temp name="T1032"/><temp name="T6"/><temp name="T1092"/><temp name="T1100"/><temp name="T1152"/><temp name="T995"/><temp name="T1096"/><temp name="T1026"/><temp name="T1036"/><temp name="T1065"/><temp name="T1020"/><temp name="T1157"/><temp name="T74"/><temp name="T991"/><temp name="T972"/><temp name="T1131"/><temp name="T1134"/><temp name="T1140"/><temp name="T1003"/><temp name="T1005"/><temp name="T1120"/><temp name="T1055"/></temps><temps name="out"><temp name="T976"/><temp name="T1146"/><temp name="T1108"/><temp name="T1051"/><temp name="T966"/><temp name="T1040"/><temp name="T1074"/><temp name="T1123"/><temp name="T1080"/><temp name="T980"/><temp name="T1060"/><temp name="T1071"/><temp name="T1086"/><temp name="T1125"/><temp name="T988"/><temp name="T1014"/><temp name="T1011"/><temp name="T1048"/><temp name="T1111"/><temp name="T1115"/><temp name="T1000"/><temp name="T1063"/><temp name="T1032"/><temp name="T6"/><temp name="T1092"/><temp name="T1100"/><temp name="T1152"/><temp name="T995"/><temp name="T1096"/><temp name="T1026"/><temp name="T1036"/><temp name="T1065"/><temp name="T1020"/><temp name="T1157"/><temp name="T991"/><temp name="T972"/><temp name="T1131"/><temp name="T1134"/><temp name="T1140"/><temp name="T1003"/><temp name="T1005"/><temp name="T1120"/><temp name="T1055"/></temps></instruction><instruction code="LDA T965, _putString"><temps name="use"/><temps name="def"><temp name="T965"/></temps><temps name="in"><temp name="T976"/><temp name="T1146"/><temp name="T1108"/><temp name="T1051"/><temp name="T966"/><temp name="T1040"/><temp name="T1074"/><temp name="T1123"/><temp name="T1080"/><temp name="T980"/><temp name="T1060"/><temp name="T1071"/><temp name="T1086"/><temp name="T1125"/><temp name="T988"/><temp name="T1014"/><temp name="T1011"/><temp name="T1048"/><temp name="T1111"/><temp name="T1115"/><temp name="T1000"/><temp name="T1063"/><temp name="T1032"/><temp name="T6"/><temp name="T1092"/><temp name="T1100"/><temp name="T1152"/><temp name="T995"/><temp name="T1096"/><temp name="T1026"/><temp name="T1036"/><temp name="T1065"/><temp name="T1020"/><temp name="T1157"/><temp name="T991"/><temp name="T972"/><temp name="T1131"/><temp name="T1134"/><temp name="T1140"/><temp name="T1003"/><temp name="T1005"/><temp name="T1120"/><temp name="T1055"/></temps><temps name="out"><temp name="T976"/><temp name="T1146"/><temp name="T1108"/><temp name="T1051"/><temp name="T966"/><temp name="T1040"/><temp name="T1074"/><temp name="T1123"/><temp name="T1080"/><temp name="T980"/><temp name="T1060"/><temp name="T1071"/><temp name="T1086"/><temp name="T1125"/><temp name="T988"/><temp name="T1014"/><temp name="T1011"/><temp name="T1048"/><temp name="T1111"/><temp name="T1115"/><temp name="T1000"/><temp name="T1063"/><temp name="T1032"/><temp name="T6"/><temp name="T965"/><temp name="T1092"/><temp name="T1100"/><temp name="T1152"/><temp name="T995"/><temp name="T1096"/><temp name="T1026"/><temp name="T1036"/><temp name="T1065"/><temp name="T1020"/><temp name="T1157"/><temp name="T991"/><temp name="T972"/><temp name="T1131"/><temp name="T1134"/><temp name="T1140"/><temp name="T1003"/><temp name="T1005"/><temp name="T1120"/><temp name="T1055"/></temps></instruction><instruction code="PUSHJ $15, T965, 0"><temps name="use"><temp name="T965"/></temps><temps name="def"/><temps name="in"><temp name="T976"/><temp name="T1146"/><temp name="T1108"/><temp name="T1051"/><temp name="T966"/><temp name="T1040"/><temp name="T1074"/><temp name="T1123"/><temp name="T1080"/><temp name="T980"/><temp name="T1060"/><temp name="T1071"/><temp name="T1086"/><temp name="T1125"/><temp name="T988"/><temp name="T1014"/><temp name="T1011"/><temp name="T1048"/><temp name="T1111"/><temp name="T1115"/><temp name="T1000"/><temp name="T1063"/><temp name="T1032"/><temp name="T6"/><temp name="T965"/><temp name="T1092"/><temp name="T1100"/><temp name="T1152"/><temp name="T995"/><temp name="T1096"/><temp name="T1026"/><temp name="T1036"/><temp name="T1065"/><temp name="T1020"/><temp name="T1157"/><temp name="T991"/><temp name="T972"/><temp name="T1131"/><temp name="T1134"/><temp name="T1140"/><temp name="T1003"/><temp name="T1005"/><temp name="T1120"/><temp name="T1055"/></temps><temps name="out"><temp name="T976"/><temp name="T1146"/><temp name="T1108"/><temp name="T1051"/><temp name="T966"/><temp name="T1040"/><temp name="T1074"/><temp name="T1123"/><temp name="T1080"/><temp name="T980"/><temp name="T1060"/><temp name="T1071"/><temp name="T1086"/><temp name="T1125"/><temp name="T988"/><temp name="T1014"/><temp name="T1011"/><temp name="T1048"/><temp name="T1111"/><temp name="T1115"/><temp name="T1000"/><temp name="T1063"/><temp name="T1032"/><temp name="T6"/><temp name="T1092"/><temp name="T1100"/><temp name="T1152"/><temp name="T995"/><temp name="T1096"/><temp name="T1026"/><temp name="T1036"/><temp name="T1065"/><temp name="T1020"/><temp name="T1157"/><temp name="T991"/><temp name="T972"/><temp name="T1131"/><temp name="T1134"/><temp name="T1140"/><temp name="T1003"/><temp name="T1005"/><temp name="T1120"/><temp name="T1055"/></temps></instruction><instruction code="OR T75, T966, 0"><temps name="use"><temp name="T966"/></temps><temps name="def"><temp name="T75"/></temps><temps name="in"><temp name="T976"/><temp name="T1146"/><temp name="T1108"/><temp name="T1051"/><temp name="T966"/><temp name="T1040"/><temp name="T1074"/><temp name="T1123"/><temp name="T1080"/><temp name="T980"/><temp name="T1060"/><temp name="T1071"/><temp name="T1086"/><temp name="T1125"/><temp name="T988"/><temp name="T1014"/><temp name="T1011"/><temp name="T1048"/><temp name="T1111"/><temp name="T1115"/><temp name="T1000"/><temp name="T1063"/><temp name="T1032"/><temp name="T6"/><temp name="T1092"/><temp name="T1100"/><temp name="T1152"/><temp name="T995"/><temp name="T1096"/><temp name="T1026"/><temp name="T1036"/><temp name="T1065"/><temp name="T1020"/><temp name="T1157"/><temp name="T991"/><temp name="T972"/><temp name="T1131"/><temp name="T1134"/><temp name="T1140"/><temp name="T1003"/><temp name="T1005"/><temp name="T1120"/><temp name="T1055"/></temps><temps name="out"><temp name="T976"/><temp name="T1146"/><temp name="T1108"/><temp name="T1051"/><temp name="T1040"/><temp name="T1074"/><temp name="T1123"/><temp name="T1080"/><temp name="T980"/><temp name="T1060"/><temp name="T1071"/><temp name="T1086"/><temp name="T1125"/><temp name="T988"/><temp name="T1014"/><temp name="T1011"/><temp name="T1048"/><temp name="T1111"/><temp name="T1115"/><temp name="T1000"/><temp name="T1063"/><temp name="T1032"/><temp name="T6"/><temp name="T1092"/><temp name="T1100"/><temp name="T1152"/><temp name="T995"/><temp name="T1096"/><temp name="T1026"/><temp name="T1036"/><temp name="T1065"/><temp name="T1020"/><temp name="T1157"/><temp name="T991"/><temp name="T972"/><temp name="T1131"/><temp name="T1134"/><temp name="T1140"/><temp name="T1003"/><temp name="T1005"/><temp name="T1120"/><temp name="T1055"/></temps></instruction><instruction code="SETL  T967, 0"><temps name="use"/><temps name="def"><temp name="T967"/></temps><temps name="in"><temp name="T976"/><temp name="T1146"/><temp name="T1108"/><temp name="T1051"/><temp name="T1040"/><temp name="T1074"/><temp name="T1123"/><temp name="T1080"/><temp name="T980"/><temp name="T1060"/><temp name="T1071"/><temp name="T1086"/><temp name="T1125"/><temp name="T988"/><temp name="T1014"/><temp name="T1011"/><temp name="T1048"/><temp name="T1111"/><temp name="T1115"/><temp name="T1000"/><temp name="T1063"/><temp name="T1032"/><temp name="T6"/><temp name="T1092"/><temp name="T1100"/><temp name="T1152"/><temp name="T995"/><temp name="T1096"/><temp name="T1026"/><temp name="T1036"/><temp name="T1065"/><temp name="T1020"/><temp name="T1157"/><temp name="T991"/><temp name="T972"/><temp name="T1131"/><temp name="T1134"/><temp name="T1140"/><temp name="T1003"/><temp name="T1005"/><temp name="T1120"/><temp name="T1055"/></temps><temps name="out"><temp name="T976"/><temp name="T1146"/><temp name="T1108"/><temp name="T1051"/><temp name="T1040"/><temp name="T1074"/><temp name="T1123"/><temp name="T1080"/><temp name="T980"/><temp name="T1060"/><temp name="T1071"/><temp name="T1086"/><temp name="T1125"/><temp name="T988"/><temp name="T1014"/><temp name="T1011"/><temp name="T1048"/><temp name="T1111"/><temp name="T1115"/><temp name="T1000"/><temp name="T1063"/><temp name="T1032"/><temp name="T6"/><temp name="T1092"/><temp name="T1100"/><temp name="T1152"/><temp name="T995"/><temp name="T1096"/><temp name="T1026"/><temp name="T1036"/><temp name="T1065"/><temp name="T1020"/><temp name="T1157"/><temp name="T991"/><temp name="T972"/><temp name="T1131"/><temp name="T1134"/><temp name="T1140"/><temp name="T1003"/><temp name="T1005"/><temp name="T1120"/><temp name="T1055"/></temps></instruction><instruction code="INCML T967, 0"><temps name="use"/><temps name="def"><temp name="T967"/></temps><temps name="in"><temp name="T976"/><temp name="T1146"/><temp name="T1108"/><temp name="T1051"/><temp name="T1040"/><temp name="T1074"/><temp name="T1123"/><temp name="T1080"/><temp name="T980"/><temp name="T1060"/><temp name="T1071"/><temp name="T1086"/><temp name="T1125"/><temp name="T988"/><temp name="T1014"/><temp name="T1011"/><temp name="T1048"/><temp name="T1111"/><temp name="T1115"/><temp name="T1000"/><temp name="T1063"/><temp name="T1032"/><temp name="T6"/><temp name="T1092"/><temp name="T1100"/><temp name="T1152"/><temp name="T995"/><temp name="T1096"/><temp name="T1026"/><temp name="T1036"/><temp name="T1065"/><temp name="T1020"/><temp name="T1157"/><temp name="T991"/><temp name="T972"/><temp name="T1131"/><temp name="T1134"/><temp name="T1140"/><temp name="T1003"/><temp name="T1005"/><temp name="T1120"/><temp name="T1055"/></temps><temps name="out"><temp name="T976"/><temp name="T1146"/><temp name="T1108"/><temp name="T1051"/><temp name="T1040"/><temp name="T1074"/><temp name="T1123"/><temp name="T1080"/><temp name="T980"/><temp name="T1060"/><temp name="T1071"/><temp name="T1086"/><temp name="T1125"/><temp name="T988"/><temp name="T1014"/><temp name="T1011"/><temp name="T1048"/><temp name="T1111"/><temp name="T1115"/><temp name="T1000"/><temp name="T1063"/><temp name="T1032"/><temp name="T6"/><temp name="T1092"/><temp name="T1100"/><temp name="T1152"/><temp name="T995"/><temp name="T1096"/><temp name="T1026"/><temp name="T1036"/><temp name="T1065"/><temp name="T1020"/><temp name="T1157"/><temp name="T991"/><temp name="T972"/><temp name="T1131"/><temp name="T1134"/><temp name="T1140"/><temp name="T1003"/><temp name="T1005"/><temp name="T1120"/><temp name="T1055"/></temps></instruction><instruction code="INCMH T967, 0"><temps name="use"/><temps name="def"><temp name="T967"/></temps><temps name="in"><temp name="T976"/><temp name="T1146"/><temp name="T1108"/><temp name="T1051"/><temp name="T1040"/><temp name="T1074"/><temp name="T1123"/><temp name="T1080"/><temp name="T980"/><temp name="T1060"/><temp name="T1071"/><temp name="T1086"/><temp name="T1125"/><temp name="T988"/><temp name="T1014"/><temp name="T1011"/><temp name="T1048"/><temp name="T1111"/><temp name="T1115"/><temp name="T1000"/><temp name="T1063"/><temp name="T1032"/><temp name="T6"/><temp name="T1092"/><temp name="T1100"/><temp name="T1152"/><temp name="T995"/><temp name="T1096"/><temp name="T1026"/><temp name="T1036"/><temp name="T1065"/><temp name="T1020"/><temp name="T1157"/><temp name="T991"/><temp name="T972"/><temp name="T1131"/><temp name="T1134"/><temp name="T1140"/><temp name="T1003"/><temp name="T1005"/><temp name="T1120"/><temp name="T1055"/></temps><temps name="out"><temp name="T976"/><temp name="T1146"/><temp name="T1108"/><temp name="T1051"/><temp name="T1040"/><temp name="T1074"/><temp name="T1123"/><temp name="T1080"/><temp name="T980"/><temp name="T1060"/><temp name="T1071"/><temp name="T1086"/><temp name="T1125"/><temp name="T988"/><temp name="T1014"/><temp name="T1011"/><temp name="T1048"/><temp name="T1111"/><temp name="T1115"/><temp name="T1000"/><temp name="T1063"/><temp name="T1032"/><temp name="T6"/><temp name="T1092"/><temp name="T1100"/><temp name="T1152"/><temp name="T995"/><temp name="T1096"/><temp name="T1026"/><temp name="T1036"/><temp name="T1065"/><temp name="T1020"/><temp name="T1157"/><temp name="T991"/><temp name="T972"/><temp name="T1131"/><temp name="T1134"/><temp name="T1140"/><temp name="T1003"/><temp name="T1005"/><temp name="T1120"/><temp name="T1055"/></temps></instruction><instruction code="INCH  T967, 0"><temps name="use"/><temps name="def"><temp name="T967"/></temps><temps name="in"><temp name="T976"/><temp name="T1146"/><temp name="T1108"/><temp name="T1051"/><temp name="T1040"/><temp name="T1074"/><temp name="T1123"/><temp name="T1080"/><temp name="T980"/><temp name="T1060"/><temp name="T1071"/><temp name="T1086"/><temp name="T1125"/><temp name="T988"/><temp name="T1014"/><temp name="T1011"/><temp name="T1048"/><temp name="T1111"/><temp name="T1115"/><temp name="T1000"/><temp name="T1063"/><temp name="T1032"/><temp name="T6"/><temp name="T1092"/><temp name="T1100"/><temp name="T1152"/><temp name="T995"/><temp name="T1096"/><temp name="T1026"/><temp name="T1036"/><temp name="T1065"/><temp name="T1020"/><temp name="T1157"/><temp name="T991"/><temp name="T972"/><temp name="T1131"/><temp name="T1134"/><temp name="T1140"/><temp name="T1003"/><temp name="T1005"/><temp name="T1120"/><temp name="T1055"/></temps><temps name="out"><temp name="T976"/><temp name="T1146"/><temp name="T1108"/><temp name="T1051"/><temp name="T1040"/><temp name="T1074"/><temp name="T1123"/><temp name="T1080"/><temp name="T980"/><temp name="T1060"/><temp name="T1071"/><temp name="T1086"/><temp name="T1125"/><temp name="T988"/><temp name="T1014"/><temp name="T1011"/><temp name="T1048"/><temp name="T1111"/><temp name="T1115"/><temp name="T1000"/><temp name="T1063"/><temp name="T1032"/><temp name="T6"/><temp name="T1092"/><temp name="T1100"/><temp name="T1152"/><temp name="T995"/><temp name="T1096"/><temp name="T1026"/><temp name="T1036"/><temp name="T1065"/><temp name="T1020"/><temp name="T1157"/><temp name="T991"/><temp name="T972"/><temp name="T1131"/><temp name="T1134"/><temp name="T967"/><temp name="T1140"/><temp name="T1003"/><temp name="T1005"/><temp name="T1120"/><temp name="T1055"/></temps></instruction><instruction code="OR T76, T967, 0"><temps name="use"><temp name="T967"/></temps><temps name="def"><temp name="T76"/></temps><temps name="in"><temp name="T976"/><temp name="T1146"/><temp name="T1108"/><temp name="T1051"/><temp name="T1040"/><temp name="T1074"/><temp name="T1123"/><temp name="T1080"/><temp name="T980"/><temp name="T1060"/><temp name="T1071"/><temp name="T1086"/><temp name="T1125"/><temp name="T988"/><temp name="T1014"/><temp name="T1011"/><temp name="T1048"/><temp name="T1111"/><temp name="T1115"/><temp name="T1000"/><temp name="T1063"/><temp name="T1032"/><temp name="T6"/><temp name="T1092"/><temp name="T1100"/><temp name="T1152"/><temp name="T995"/><temp name="T1096"/><temp name="T1026"/><temp name="T1036"/><temp name="T1065"/><temp name="T1020"/><temp name="T1157"/><temp name="T991"/><temp name="T972"/><temp name="T1131"/><temp name="T1134"/><temp name="T967"/><temp name="T1140"/><temp name="T1003"/><temp name="T1005"/><temp name="T1120"/><temp name="T1055"/></temps><temps name="out"><temp name="T976"/><temp name="T1146"/><temp name="T1108"/><temp name="T1051"/><temp name="T1040"/><temp name="T1074"/><temp name="T1123"/><temp name="T1080"/><temp name="T980"/><temp name="T1060"/><temp name="T1071"/><temp name="T1086"/><temp name="T1125"/><temp name="T988"/><temp name="T1014"/><temp name="T1011"/><temp name="T1048"/><temp name="T1111"/><temp name="T1115"/><temp name="T1000"/><temp name="T1063"/><temp name="T1032"/><temp name="T6"/><temp name="T1092"/><temp name="T1100"/><temp name="T1152"/><temp name="T76"/><temp name="T995"/><temp name="T1096"/><temp name="T1026"/><temp name="T1036"/><temp name="T1065"/><temp name="T1020"/><temp name="T1157"/><temp name="T991"/><temp name="T972"/><temp name="T1131"/><temp name="T1134"/><temp name="T1140"/><temp name="T1003"/><temp name="T1005"/><temp name="T1120"/><temp name="T1055"/></temps></instruction><instruction code="SETL  T968, 10"><temps name="use"/><temps name="def"><temp name="T968"/></temps><temps name="in"><temp name="T976"/><temp name="T1146"/><temp name="T1108"/><temp name="T1051"/><temp name="T1040"/><temp name="T1074"/><temp name="T1123"/><temp name="T1080"/><temp name="T980"/><temp name="T1060"/><temp name="T1071"/><temp name="T1086"/><temp name="T1125"/><temp name="T988"/><temp name="T1014"/><temp name="T1011"/><temp name="T1048"/><temp name="T1111"/><temp name="T1115"/><temp name="T1000"/><temp name="T1063"/><temp name="T1032"/><temp name="T6"/><temp name="T1092"/><temp name="T1100"/><temp name="T1152"/><temp name="T76"/><temp name="T995"/><temp name="T1096"/><temp name="T1026"/><temp name="T1036"/><temp name="T1065"/><temp name="T1020"/><temp name="T1157"/><temp name="T991"/><temp name="T972"/><temp name="T1131"/><temp name="T1134"/><temp name="T1140"/><temp name="T1003"/><temp name="T1005"/><temp name="T1120"/><temp name="T1055"/></temps><temps name="out"><temp name="T976"/><temp name="T1146"/><temp name="T1108"/><temp name="T1051"/><temp name="T1040"/><temp name="T1074"/><temp name="T1123"/><temp name="T1080"/><temp name="T980"/><temp name="T1060"/><temp name="T1071"/><temp name="T1086"/><temp name="T1125"/><temp name="T988"/><temp name="T1014"/><temp name="T1011"/><temp name="T1048"/><temp name="T1111"/><temp name="T1115"/><temp name="T1000"/><temp name="T1063"/><temp name="T1032"/><temp name="T6"/><temp name="T1092"/><temp name="T1100"/><temp name="T1152"/><temp name="T76"/><temp name="T995"/><temp name="T1096"/><temp name="T1026"/><temp name="T1036"/><temp name="T1065"/><temp name="T1020"/><temp name="T1157"/><temp name="T991"/><temp name="T972"/><temp name="T1131"/><temp name="T1134"/><temp name="T1140"/><temp name="T1003"/><temp name="T1005"/><temp name="T1120"/><temp name="T1055"/></temps></instruction><instruction code="INCML T968, 0"><temps name="use"/><temps name="def"><temp name="T968"/></temps><temps name="in"><temp name="T976"/><temp name="T1146"/><temp name="T1108"/><temp name="T1051"/><temp name="T1040"/><temp name="T1074"/><temp name="T1123"/><temp name="T1080"/><temp name="T980"/><temp name="T1060"/><temp name="T1071"/><temp name="T1086"/><temp name="T1125"/><temp name="T988"/><temp name="T1014"/><temp name="T1011"/><temp name="T1048"/><temp name="T1111"/><temp name="T1115"/><temp name="T1000"/><temp name="T1063"/><temp name="T1032"/><temp name="T6"/><temp name="T1092"/><temp name="T1100"/><temp name="T1152"/><temp name="T76"/><temp name="T995"/><temp name="T1096"/><temp name="T1026"/><temp name="T1036"/><temp name="T1065"/><temp name="T1020"/><temp name="T1157"/><temp name="T991"/><temp name="T972"/><temp name="T1131"/><temp name="T1134"/><temp name="T1140"/><temp name="T1003"/><temp name="T1005"/><temp name="T1120"/><temp name="T1055"/></temps><temps name="out"><temp name="T976"/><temp name="T1146"/><temp name="T1108"/><temp name="T1051"/><temp name="T1040"/><temp name="T1074"/><temp name="T1123"/><temp name="T1080"/><temp name="T980"/><temp name="T1060"/><temp name="T1071"/><temp name="T1086"/><temp name="T1125"/><temp name="T988"/><temp name="T1014"/><temp name="T1011"/><temp name="T1048"/><temp name="T1111"/><temp name="T1115"/><temp name="T1000"/><temp name="T1063"/><temp name="T1032"/><temp name="T6"/><temp name="T1092"/><temp name="T1100"/><temp name="T1152"/><temp name="T76"/><temp name="T995"/><temp name="T1096"/><temp name="T1026"/><temp name="T1036"/><temp name="T1065"/><temp name="T1020"/><temp name="T1157"/><temp name="T991"/><temp name="T972"/><temp name="T1131"/><temp name="T1134"/><temp name="T1140"/><temp name="T1003"/><temp name="T1005"/><temp name="T1120"/><temp name="T1055"/></temps></instruction><instruction code="INCMH T968, 0"><temps name="use"/><temps name="def"><temp name="T968"/></temps><temps name="in"><temp name="T976"/><temp name="T1146"/><temp name="T1108"/><temp name="T1051"/><temp name="T1040"/><temp name="T1074"/><temp name="T1123"/><temp name="T1080"/><temp name="T980"/><temp name="T1060"/><temp name="T1071"/><temp name="T1086"/><temp name="T1125"/><temp name="T988"/><temp name="T1014"/><temp name="T1011"/><temp name="T1048"/><temp name="T1111"/><temp name="T1115"/><temp name="T1000"/><temp name="T1063"/><temp name="T1032"/><temp name="T6"/><temp name="T1092"/><temp name="T1100"/><temp name="T1152"/><temp name="T76"/><temp name="T995"/><temp name="T1096"/><temp name="T1026"/><temp name="T1036"/><temp name="T1065"/><temp name="T1020"/><temp name="T1157"/><temp name="T991"/><temp name="T972"/><temp name="T1131"/><temp name="T1134"/><temp name="T1140"/><temp name="T1003"/><temp name="T1005"/><temp name="T1120"/><temp name="T1055"/></temps><temps name="out"><temp name="T976"/><temp name="T1146"/><temp name="T1108"/><temp name="T1051"/><temp name="T1040"/><temp name="T1074"/><temp name="T1123"/><temp name="T1080"/><temp name="T980"/><temp name="T1060"/><temp name="T1071"/><temp name="T1086"/><temp name="T1125"/><temp name="T988"/><temp name="T1014"/><temp name="T1011"/><temp name="T1048"/><temp name="T1111"/><temp name="T1115"/><temp name="T1000"/><temp name="T1063"/><temp name="T1032"/><temp name="T6"/><temp name="T1092"/><temp name="T1100"/><temp name="T1152"/><temp name="T76"/><temp name="T995"/><temp name="T1096"/><temp name="T1026"/><temp name="T1036"/><temp name="T1065"/><temp name="T1020"/><temp name="T1157"/><temp name="T991"/><temp name="T972"/><temp name="T1131"/><temp name="T1134"/><temp name="T1140"/><temp name="T1003"/><temp name="T1005"/><temp name="T1120"/><temp name="T1055"/></temps></instruction><instruction code="INCH  T968, 0"><temps name="use"/><temps name="def"><temp name="T968"/></temps><temps name="in"><temp name="T976"/><temp name="T1146"/><temp name="T1108"/><temp name="T1051"/><temp name="T1040"/><temp name="T1074"/><temp name="T1123"/><temp name="T1080"/><temp name="T980"/><temp name="T1060"/><temp name="T1071"/><temp name="T1086"/><temp name="T1125"/><temp name="T988"/><temp name="T1014"/><temp name="T1011"/><temp name="T1048"/><temp name="T1111"/><temp name="T1115"/><temp name="T1000"/><temp name="T1063"/><temp name="T1032"/><temp name="T6"/><temp name="T1092"/><temp name="T1100"/><temp name="T1152"/><temp name="T76"/><temp name="T995"/><temp name="T1096"/><temp name="T1026"/><temp name="T1036"/><temp name="T1065"/><temp name="T1020"/><temp name="T1157"/><temp name="T991"/><temp name="T972"/><temp name="T1131"/><temp name="T1134"/><temp name="T1140"/><temp name="T1003"/><temp name="T1005"/><temp name="T1120"/><temp name="T1055"/></temps><temps name="out"><temp name="T976"/><temp name="T1146"/><temp name="T968"/><temp name="T1108"/><temp name="T1051"/><temp name="T1040"/><temp name="T1074"/><temp name="T1123"/><temp name="T1080"/><temp name="T980"/><temp name="T1060"/><temp name="T1071"/><temp name="T1086"/><temp name="T1125"/><temp name="T988"/><temp name="T1014"/><temp name="T1011"/><temp name="T1048"/><temp name="T1111"/><temp name="T1115"/><temp name="T1000"/><temp name="T1063"/><temp name="T1032"/><temp name="T6"/><temp name="T1092"/><temp name="T1100"/><temp name="T1152"/><temp name="T76"/><temp name="T995"/><temp name="T1096"/><temp name="T1026"/><temp name="T1036"/><temp name="T1065"/><temp name="T1020"/><temp name="T1157"/><temp name="T991"/><temp name="T972"/><temp name="T1131"/><temp name="T1134"/><temp name="T1140"/><temp name="T1003"/><temp name="T1005"/><temp name="T1120"/><temp name="T1055"/></temps></instruction><instruction code="OR T77, T968, 0"><temps name="use"><temp name="T968"/></temps><temps name="def"><temp name="T77"/></temps><temps name="in"><temp name="T976"/><temp name="T1146"/><temp name="T968"/><temp name="T1108"/><temp name="T1051"/><temp name="T1040"/><temp name="T1074"/><temp name="T1123"/><temp name="T1080"/><temp name="T980"/><temp name="T1060"/><temp name="T1071"/><temp name="T1086"/><temp name="T1125"/><temp name="T988"/><temp name="T1014"/><temp name="T1011"/><temp name="T1048"/><temp name="T1111"/><temp name="T1115"/><temp name="T1000"/><temp name="T1063"/><temp name="T1032"/><temp name="T6"/><temp name="T1092"/><temp name="T1100"/><temp name="T1152"/><temp name="T76"/><temp name="T995"/><temp name="T1096"/><temp name="T1026"/><temp name="T1036"/><temp name="T1065"/><temp name="T1020"/><temp name="T1157"/><temp name="T991"/><temp name="T972"/><temp name="T1131"/><temp name="T1134"/><temp name="T1140"/><temp name="T1003"/><temp name="T1005"/><temp name="T1120"/><temp name="T1055"/></temps><temps name="out"><temp name="T976"/><temp name="T1146"/><temp name="T1108"/><temp name="T1051"/><temp name="T1040"/><temp name="T1074"/><temp name="T1123"/><temp name="T1080"/><temp name="T980"/><temp name="T1060"/><temp name="T1071"/><temp name="T1086"/><temp name="T1125"/><temp name="T988"/><temp name="T1014"/><temp name="T1011"/><temp name="T1048"/><temp name="T1111"/><temp name="T1115"/><temp name="T1000"/><temp name="T1063"/><temp name="T1032"/><temp name="T6"/><temp name="T1092"/><temp name="T1100"/><temp name="T1152"/><temp name="T76"/><temp name="T995"/><temp name="T1096"/><temp name="T1026"/><temp name="T1036"/><temp name="T1065"/><temp name="T1020"/><temp name="T1157"/><temp name="T991"/><temp name="T972"/><temp name="T1131"/><temp name="T1134"/><temp name="T1140"/><temp name="T1003"/><temp name="T1005"/><temp name="T77"/><temp name="T1120"/><temp name="T1055"/></temps></instruction><instruction code="SETL  T969, 256"><temps name="use"/><temps name="def"><temp name="T969"/></temps><temps name="in"><temp name="T976"/><temp name="T1146"/><temp name="T1108"/><temp name="T1051"/><temp name="T1040"/><temp name="T1074"/><temp name="T1123"/><temp name="T1080"/><temp name="T980"/><temp name="T1060"/><temp name="T1071"/><temp name="T1086"/><temp name="T1125"/><temp name="T988"/><temp name="T1014"/><temp name="T1011"/><temp name="T1048"/><temp name="T1111"/><temp name="T1115"/><temp name="T1000"/><temp name="T1063"/><temp name="T1032"/><temp name="T6"/><temp name="T1092"/><temp name="T1100"/><temp name="T1152"/><temp name="T76"/><temp name="T995"/><temp name="T1096"/><temp name="T1026"/><temp name="T1036"/><temp name="T1065"/><temp name="T1020"/><temp name="T1157"/><temp name="T991"/><temp name="T972"/><temp name="T1131"/><temp name="T1134"/><temp name="T1140"/><temp name="T1003"/><temp name="T1005"/><temp name="T77"/><temp name="T1120"/><temp name="T1055"/></temps><temps name="out"><temp name="T976"/><temp name="T1146"/><temp name="T1108"/><temp name="T1051"/><temp name="T1040"/><temp name="T1074"/><temp name="T1123"/><temp name="T1080"/><temp name="T980"/><temp name="T1060"/><temp name="T1071"/><temp name="T1086"/><temp name="T1125"/><temp name="T988"/><temp name="T1014"/><temp name="T1011"/><temp name="T1048"/><temp name="T1111"/><temp name="T1115"/><temp name="T1000"/><temp name="T1063"/><temp name="T1032"/><temp name="T6"/><temp name="T1092"/><temp name="T1100"/><temp name="T1152"/><temp name="T76"/><temp name="T995"/><temp name="T1096"/><temp name="T1026"/><temp name="T1036"/><temp name="T1065"/><temp name="T1020"/><temp name="T1157"/><temp name="T991"/><temp name="T972"/><temp name="T1131"/><temp name="T1134"/><temp name="T1140"/><temp name="T1003"/><temp name="T1005"/><temp name="T77"/><temp name="T1120"/><temp name="T1055"/></temps></instruction><instruction code="INCML T969, 0"><temps name="use"/><temps name="def"><temp name="T969"/></temps><temps name="in"><temp name="T976"/><temp name="T1146"/><temp name="T1108"/><temp name="T1051"/><temp name="T1040"/><temp name="T1074"/><temp name="T1123"/><temp name="T1080"/><temp name="T980"/><temp name="T1060"/><temp name="T1071"/><temp name="T1086"/><temp name="T1125"/><temp name="T988"/><temp name="T1014"/><temp name="T1011"/><temp name="T1048"/><temp name="T1111"/><temp name="T1115"/><temp name="T1000"/><temp name="T1063"/><temp name="T1032"/><temp name="T6"/><temp name="T1092"/><temp name="T1100"/><temp name="T1152"/><temp name="T76"/><temp name="T995"/><temp name="T1096"/><temp name="T1026"/><temp name="T1036"/><temp name="T1065"/><temp name="T1020"/><temp name="T1157"/><temp name="T991"/><temp name="T972"/><temp name="T1131"/><temp name="T1134"/><temp name="T1140"/><temp name="T1003"/><temp name="T1005"/><temp name="T77"/><temp name="T1120"/><temp name="T1055"/></temps><temps name="out"><temp name="T976"/><temp name="T1146"/><temp name="T1108"/><temp name="T1051"/><temp name="T1040"/><temp name="T1074"/><temp name="T1123"/><temp name="T1080"/><temp name="T980"/><temp name="T1060"/><temp name="T1071"/><temp name="T1086"/><temp name="T1125"/><temp name="T988"/><temp name="T1014"/><temp name="T1011"/><temp name="T1048"/><temp name="T1111"/><temp name="T1115"/><temp name="T1000"/><temp name="T1063"/><temp name="T1032"/><temp name="T6"/><temp name="T1092"/><temp name="T1100"/><temp name="T1152"/><temp name="T76"/><temp name="T995"/><temp name="T1096"/><temp name="T1026"/><temp name="T1036"/><temp name="T1065"/><temp name="T1020"/><temp name="T1157"/><temp name="T991"/><temp name="T972"/><temp name="T1131"/><temp name="T1134"/><temp name="T1140"/><temp name="T1003"/><temp name="T1005"/><temp name="T77"/><temp name="T1120"/><temp name="T1055"/></temps></instruction><instruction code="INCMH T969, 0"><temps name="use"/><temps name="def"><temp name="T969"/></temps><temps name="in"><temp name="T976"/><temp name="T1146"/><temp name="T1108"/><temp name="T1051"/><temp name="T1040"/><temp name="T1074"/><temp name="T1123"/><temp name="T1080"/><temp name="T980"/><temp name="T1060"/><temp name="T1071"/><temp name="T1086"/><temp name="T1125"/><temp name="T988"/><temp name="T1014"/><temp name="T1011"/><temp name="T1048"/><temp name="T1111"/><temp name="T1115"/><temp name="T1000"/><temp name="T1063"/><temp name="T1032"/><temp name="T6"/><temp name="T1092"/><temp name="T1100"/><temp name="T1152"/><temp name="T76"/><temp name="T995"/><temp name="T1096"/><temp name="T1026"/><temp name="T1036"/><temp name="T1065"/><temp name="T1020"/><temp name="T1157"/><temp name="T991"/><temp name="T972"/><temp name="T1131"/><temp name="T1134"/><temp name="T1140"/><temp name="T1003"/><temp name="T1005"/><temp name="T77"/><temp name="T1120"/><temp name="T1055"/></temps><temps name="out"><temp name="T976"/><temp name="T1146"/><temp name="T1108"/><temp name="T1051"/><temp name="T1040"/><temp name="T1074"/><temp name="T1123"/><temp name="T1080"/><temp name="T980"/><temp name="T1060"/><temp name="T1071"/><temp name="T1086"/><temp name="T1125"/><temp name="T988"/><temp name="T1014"/><temp name="T1011"/><temp name="T1048"/><temp name="T1111"/><temp name="T1115"/><temp name="T1000"/><temp name="T1063"/><temp name="T1032"/><temp name="T6"/><temp name="T1092"/><temp name="T1100"/><temp name="T1152"/><temp name="T76"/><temp name="T995"/><temp name="T1096"/><temp name="T1026"/><temp name="T1036"/><temp name="T1065"/><temp name="T1020"/><temp name="T1157"/><temp name="T991"/><temp name="T972"/><temp name="T1131"/><temp name="T1134"/><temp name="T1140"/><temp name="T1003"/><temp name="T1005"/><temp name="T77"/><temp name="T1120"/><temp name="T1055"/></temps></instruction><instruction code="INCH  T969, 0"><temps name="use"/><temps name="def"><temp name="T969"/></temps><temps name="in"><temp name="T976"/><temp name="T1146"/><temp name="T1108"/><temp name="T1051"/><temp name="T1040"/><temp name="T1074"/><temp name="T1123"/><temp name="T1080"/><temp name="T980"/><temp name="T1060"/><temp name="T1071"/><temp name="T1086"/><temp name="T1125"/><temp name="T988"/><temp name="T1014"/><temp name="T1011"/><temp name="T1048"/><temp name="T1111"/><temp name="T1115"/><temp name="T1000"/><temp name="T1063"/><temp name="T1032"/><temp name="T6"/><temp name="T1092"/><temp name="T1100"/><temp name="T1152"/><temp name="T76"/><temp name="T995"/><temp name="T1096"/><temp name="T1026"/><temp name="T1036"/><temp name="T1065"/><temp name="T1020"/><temp name="T1157"/><temp name="T991"/><temp name="T972"/><temp name="T1131"/><temp name="T1134"/><temp name="T1140"/><temp name="T1003"/><temp name="T1005"/><temp name="T77"/><temp name="T1120"/><temp name="T1055"/></temps><temps name="out"><temp name="T976"/><temp name="T1146"/><temp name="T1108"/><temp name="T1051"/><temp name="T1040"/><temp name="T969"/><temp name="T1074"/><temp name="T1123"/><temp name="T1080"/><temp name="T980"/><temp name="T1060"/><temp name="T1071"/><temp name="T1086"/><temp name="T1125"/><temp name="T988"/><temp name="T1014"/><temp name="T1011"/><temp name="T1048"/><temp name="T1111"/><temp name="T1115"/><temp name="T1000"/><temp name="T1063"/><temp name="T1032"/><temp name="T6"/><temp name="T1092"/><temp name="T1100"/><temp name="T1152"/><temp name="T76"/><temp name="T995"/><temp name="T1096"/><temp name="T1026"/><temp name="T1036"/><temp name="T1065"/><temp name="T1020"/><temp name="T1157"/><temp name="T991"/><temp name="T972"/><temp name="T1131"/><temp name="T1134"/><temp name="T1140"/><temp name="T1003"/><temp name="T1005"/><temp name="T77"/><temp name="T1120"/><temp name="T1055"/></temps></instruction><instruction code="OR T78, T969, 0"><temps name="use"><temp name="T969"/></temps><temps name="def"><temp name="T78"/></temps><temps name="in"><temp name="T976"/><temp name="T1146"/><temp name="T1108"/><temp name="T1051"/><temp name="T1040"/><temp name="T969"/><temp name="T1074"/><temp name="T1123"/><temp name="T1080"/><temp name="T980"/><temp name="T1060"/><temp name="T1071"/><temp name="T1086"/><temp name="T1125"/><temp name="T988"/><temp name="T1014"/><temp name="T1011"/><temp name="T1048"/><temp name="T1111"/><temp name="T1115"/><temp name="T1000"/><temp name="T1063"/><temp name="T1032"/><temp name="T6"/><temp name="T1092"/><temp name="T1100"/><temp name="T1152"/><temp name="T76"/><temp name="T995"/><temp name="T1096"/><temp name="T1026"/><temp name="T1036"/><temp name="T1065"/><temp name="T1020"/><temp name="T1157"/><temp name="T991"/><temp name="T972"/><temp name="T1131"/><temp name="T1134"/><temp name="T1140"/><temp name="T1003"/><temp name="T1005"/><temp name="T77"/><temp name="T1120"/><temp name="T1055"/></temps><temps name="out"><temp name="T976"/><temp name="T1146"/><temp name="T1108"/><temp name="T1051"/><temp name="T1040"/><temp name="T1074"/><temp name="T1123"/><temp name="T1080"/><temp name="T980"/><temp name="T1060"/><temp name="T1071"/><temp name="T1086"/><temp name="T1125"/><temp name="T988"/><temp name="T1014"/><temp name="T1011"/><temp name="T1048"/><temp name="T1111"/><temp name="T1115"/><temp name="T1000"/><temp name="T1063"/><temp name="T1032"/><temp name="T6"/><temp name="T1092"/><temp name="T1100"/><temp name="T1152"/><temp name="T76"/><temp name="T995"/><temp name="T1096"/><temp name="T1026"/><temp name="T1036"/><temp name="T1065"/><temp name="T78"/><temp name="T1020"/><temp name="T1157"/><temp name="T991"/><temp name="T972"/><temp name="T1131"/><temp name="T1134"/><temp name="T1140"/><temp name="T1003"/><temp name="T1005"/><temp name="T77"/><temp name="T1120"/><temp name="T1055"/></temps></instruction><instruction code="DIV T970, T77, T78"><temps name="use"><temp name="T77"/><temp name="T78"/></temps><temps name="def"><temp name="T970"/></temps><temps name="in"><temp name="T976"/><temp name="T1146"/><temp name="T1108"/><temp name="T1051"/><temp name="T1040"/><temp name="T1074"/><temp name="T1123"/><temp name="T1080"/><temp name="T980"/><temp name="T1060"/><temp name="T1071"/><temp name="T1086"/><temp name="T1125"/><temp name="T988"/><temp name="T1014"/><temp name="T1011"/><temp name="T1048"/><temp name="T1111"/><temp name="T1115"/><temp name="T1000"/><temp name="T1063"/><temp name="T1032"/><temp name="T6"/><temp name="T1092"/><temp name="T1100"/><temp name="T1152"/><temp name="T76"/><temp name="T995"/><temp name="T1096"/><temp name="T1026"/><temp name="T1036"/><temp name="T1065"/><temp name="T78"/><temp name="T1020"/><temp name="T1157"/><temp name="T991"/><temp name="T972"/><temp name="T1131"/><temp name="T1134"/><temp name="T1140"/><temp name="T1003"/><temp name="T1005"/><temp name="T77"/><temp name="T1120"/><temp name="T1055"/></temps><temps name="out"><temp name="T976"/><temp name="T1146"/><temp name="T1108"/><temp name="T1051"/><temp name="T1040"/><temp name="T1074"/><temp name="T1123"/><temp name="T1080"/><temp name="T980"/><temp name="T1060"/><temp name="T1071"/><temp name="T1086"/><temp name="T1125"/><temp name="T988"/><temp name="T1014"/><temp name="T1011"/><temp name="T1048"/><temp name="T1111"/><temp name="T1115"/><temp name="T1000"/><temp name="T1063"/><temp name="T1032"/><temp name="T6"/><temp name="T1092"/><temp name="T1100"/><temp name="T1152"/><temp name="T76"/><temp name="T995"/><temp name="T1096"/><temp name="T1026"/><temp name="T1036"/><temp name="T1065"/><temp name="T1020"/><temp name="T1157"/><temp name="T991"/><temp name="T972"/><temp name="T1131"/><temp name="T1134"/><temp name="T1140"/><temp name="T1003"/><temp name="T1005"/><temp name="T1120"/><temp name="T1055"/></temps></instruction><instruction code="OR T970, rR, 0"><temps name="use"/><temps name="def"><temp name="T970"/></temps><temps name="in"><temp name="T976"/><temp name="T1146"/><temp name="T1108"/><temp name="T1051"/><temp name="T1040"/><temp name="T1074"/><temp name="T1123"/><temp name="T1080"/><temp name="T980"/><temp name="T1060"/><temp name="T1071"/><temp name="T1086"/><temp name="T1125"/><temp name="T988"/><temp name="T1014"/><temp name="T1011"/><temp name="T1048"/><temp name="T1111"/><temp name="T1115"/><temp name="T1000"/><temp name="T1063"/><temp name="T1032"/><temp name="T6"/><temp name="T1092"/><temp name="T1100"/><temp name="T1152"/><temp name="T76"/><temp name="T995"/><temp name="T1096"/><temp name="T1026"/><temp name="T1036"/><temp name="T1065"/><temp name="T1020"/><temp name="T1157"/><temp name="T991"/><temp name="T972"/><temp name="T1131"/><temp name="T1134"/><temp name="T1140"/><temp name="T1003"/><temp name="T1005"/><temp name="T1120"/><temp name="T1055"/></temps><temps name="out"><temp name="T976"/><temp name="T1146"/><temp name="T1108"/><temp name="T1051"/><temp name="T1040"/><temp name="T1074"/><temp name="T1123"/><temp name="T1080"/><temp name="T980"/><temp name="T1060"/><temp name="T1071"/><temp name="T1086"/><temp name="T1125"/><temp name="T988"/><temp name="T1014"/><temp name="T1011"/><temp name="T1048"/><temp name="T1111"/><temp name="T1115"/><temp name="T1000"/><temp name="T1063"/><temp name="T970"/><temp name="T1032"/><temp name="T6"/><temp name="T1092"/><temp name="T1100"/><temp name="T1152"/><temp name="T76"/><temp name="T995"/><temp name="T1096"/><temp name="T1026"/><temp name="T1036"/><temp name="T1065"/><temp name="T1020"/><temp name="T1157"/><temp name="T991"/><temp name="T972"/><temp name="T1131"/><temp name="T1134"/><temp name="T1140"/><temp name="T1003"/><temp name="T1005"/><temp name="T1120"/><temp name="T1055"/></temps></instruction><instruction code="OR T79, T970, 0"><temps name="use"><temp name="T970"/></temps><temps name="def"><temp name="T79"/></temps><temps name="in"><temp name="T976"/><temp name="T1146"/><temp name="T1108"/><temp name="T1051"/><temp name="T1040"/><temp name="T1074"/><temp name="T1123"/><temp name="T1080"/><temp name="T980"/><temp name="T1060"/><temp name="T1071"/><temp name="T1086"/><temp name="T1125"/><temp name="T988"/><temp name="T1014"/><temp name="T1011"/><temp name="T1048"/><temp name="T1111"/><temp name="T1115"/><temp name="T1000"/><temp name="T1063"/><temp name="T970"/><temp name="T1032"/><temp name="T6"/><temp name="T1092"/><temp name="T1100"/><temp name="T1152"/><temp name="T76"/><temp name="T995"/><temp name="T1096"/><temp name="T1026"/><temp name="T1036"/><temp name="T1065"/><temp name="T1020"/><temp name="T1157"/><temp name="T991"/><temp name="T972"/><temp name="T1131"/><temp name="T1134"/><temp name="T1140"/><temp name="T1003"/><temp name="T1005"/><temp name="T1120"/><temp name="T1055"/></temps><temps name="out"><temp name="T976"/><temp name="T1146"/><temp name="T1108"/><temp name="T1051"/><temp name="T1040"/><temp name="T1074"/><temp name="T1123"/><temp name="T1080"/><temp name="T980"/><temp name="T1060"/><temp name="T1071"/><temp name="T1086"/><temp name="T1125"/><temp name="T988"/><temp name="T1014"/><temp name="T1011"/><temp name="T1048"/><temp name="T1111"/><temp name="T1115"/><temp name="T1000"/><temp name="T1063"/><temp name="T1032"/><temp name="T6"/><temp name="T1092"/><temp name="T1100"/><temp name="T1152"/><temp name="T76"/><temp name="T995"/><temp name="T1096"/><temp name="T1026"/><temp name="T1036"/><temp name="T1065"/><temp name="T79"/><temp name="T1020"/><temp name="T1157"/><temp name="T991"/><temp name="T972"/><temp name="T1131"/><temp name="T1134"/><temp name="T1140"/><temp name="T1003"/><temp name="T1005"/><temp name="T1120"/><temp name="T1055"/></temps></instruction><instruction code="STO T76, $254, 8"><temps name="use"><temp name="T76"/></temps><temps name="def"/><temps name="in"><temp name="T976"/><temp name="T1146"/><temp name="T1108"/><temp name="T1051"/><temp name="T1040"/><temp name="T1074"/><temp name="T1123"/><temp name="T1080"/><temp name="T980"/><temp name="T1060"/><temp name="T1071"/><temp name="T1086"/><temp name="T1125"/><temp name="T988"/><temp name="T1014"/><temp name="T1011"/><temp name="T1048"/><temp name="T1111"/><temp name="T1115"/><temp name="T1000"/><temp name="T1063"/><temp name="T1032"/><temp name="T6"/><temp name="T1092"/><temp name="T1100"/><temp name="T1152"/><temp name="T76"/><temp name="T995"/><temp name="T1096"/><temp name="T1026"/><temp name="T1036"/><temp name="T1065"/><temp name="T79"/><temp name="T1020"/><temp name="T1157"/><temp name="T991"/><temp name="T972"/><temp name="T1131"/><temp name="T1134"/><temp name="T1140"/><temp name="T1003"/><temp name="T1005"/><temp name="T1120"/><temp name="T1055"/></temps><temps name="out"><temp name="T976"/><temp name="T1146"/><temp name="T1108"/><temp name="T1051"/><temp name="T1040"/><temp name="T1074"/><temp name="T1123"/><temp name="T1080"/><temp name="T980"/><temp name="T1060"/><temp name="T1071"/><temp name="T1086"/><temp name="T1125"/><temp name="T988"/><temp name="T1014"/><temp name="T1011"/><temp name="T1048"/><temp name="T1111"/><temp name="T1115"/><temp name="T1000"/><temp name="T1063"/><temp name="T1032"/><temp name="T6"/><temp name="T1092"/><temp name="T1100"/><temp name="T1152"/><temp name="T995"/><temp name="T1096"/><temp name="T1026"/><temp name="T1036"/><temp name="T1065"/><temp name="T79"/><temp name="T1020"/><temp name="T1157"/><temp name="T991"/><temp name="T972"/><temp name="T1131"/><temp name="T1134"/><temp name="T1140"/><temp name="T1003"/><temp name="T1005"/><temp name="T1120"/><temp name="T1055"/></temps></instruction><instruction code="STO T79, $254, 16"><temps name="use"><temp name="T79"/></temps><temps name="def"/><temps name="in"><temp name="T976"/><temp name="T1146"/><temp name="T1108"/><temp name="T1051"/><temp name="T1040"/><temp name="T1074"/><temp name="T1123"/><temp name="T1080"/><temp name="T980"/><temp name="T1060"/><temp name="T1071"/><temp name="T1086"/><temp name="T1125"/><temp name="T988"/><temp name="T1014"/><temp name="T1011"/><temp name="T1048"/><temp name="T1111"/><temp name="T1115"/><temp name="T1000"/><temp name="T1063"/><temp name="T1032"/><temp name="T6"/><temp name="T1092"/><temp name="T1100"/><temp name="T1152"/><temp name="T995"/><temp name="T1096"/><temp name="T1026"/><temp name="T1036"/><temp name="T1065"/><temp name="T79"/><temp name="T1020"/><temp name="T1157"/><temp name="T991"/><temp name="T972"/><temp name="T1131"/><temp name="T1134"/><temp name="T1140"/><temp name="T1003"/><temp name="T1005"/><temp name="T1120"/><temp name="T1055"/></temps><temps name="out"><temp name="T976"/><temp name="T1146"/><temp name="T1108"/><temp name="T1051"/><temp name="T1040"/><temp name="T1074"/><temp name="T1123"/><temp name="T1080"/><temp name="T980"/><temp name="T1060"/><temp name="T1071"/><temp name="T1086"/><temp name="T1125"/><temp name="T988"/><temp name="T1014"/><temp name="T1011"/><temp name="T1048"/><temp name="T1111"/><temp name="T1115"/><temp name="T1000"/><temp name="T1063"/><temp name="T1032"/><temp name="T6"/><temp name="T1092"/><temp name="T1100"/><temp name="T1152"/><temp name="T995"/><temp name="T1096"/><temp name="T1026"/><temp name="T1036"/><temp name="T1065"/><temp name="T1020"/><temp name="T1157"/><temp name="T991"/><temp name="T972"/><temp name="T1131"/><temp name="T1134"/><temp name="T1140"/><temp name="T1003"/><temp name="T1005"/><temp name="T1120"/><temp name="T1055"/></temps></instruction><instruction code="LDA T971, _putChar"><temps name="use"/><temps name="def"><temp name="T971"/></temps><temps name="in"><temp name="T976"/><temp name="T1146"/><temp name="T1108"/><temp name="T1051"/><temp name="T1040"/><temp name="T1074"/><temp name="T1123"/><temp name="T1080"/><temp name="T980"/><temp name="T1060"/><temp name="T1071"/><temp name="T1086"/><temp name="T1125"/><temp name="T988"/><temp name="T1014"/><temp name="T1011"/><temp name="T1048"/><temp name="T1111"/><temp name="T1115"/><temp name="T1000"/><temp name="T1063"/><temp name="T1032"/><temp name="T6"/><temp name="T1092"/><temp name="T1100"/><temp name="T1152"/><temp name="T995"/><temp name="T1096"/><temp name="T1026"/><temp name="T1036"/><temp name="T1065"/><temp name="T1020"/><temp name="T1157"/><temp name="T991"/><temp name="T972"/><temp name="T1131"/><temp name="T1134"/><temp name="T1140"/><temp name="T1003"/><temp name="T1005"/><temp name="T1120"/><temp name="T1055"/></temps><temps name="out"><temp name="T976"/><temp name="T1146"/><temp name="T1108"/><temp name="T1051"/><temp name="T1040"/><temp name="T1074"/><temp name="T1123"/><temp name="T1080"/><temp name="T980"/><temp name="T1060"/><temp name="T1071"/><temp name="T1086"/><temp name="T1125"/><temp name="T988"/><temp name="T1014"/><temp name="T1011"/><temp name="T1048"/><temp name="T1111"/><temp name="T1115"/><temp name="T1000"/><temp name="T1063"/><temp name="T1032"/><temp name="T6"/><temp name="T1092"/><temp name="T1100"/><temp name="T1152"/><temp name="T995"/><temp name="T1096"/><temp name="T1026"/><temp name="T1036"/><temp name="T1065"/><temp name="T1020"/><temp name="T1157"/><temp name="T991"/><temp name="T972"/><temp name="T1131"/><temp name="T1134"/><temp name="T971"/><temp name="T1140"/><temp name="T1003"/><temp name="T1005"/><temp name="T1120"/><temp name="T1055"/></temps></instruction><instruction code="PUSHJ $15, T971, 0"><temps name="use"><temp name="T971"/></temps><temps name="def"/><temps name="in"><temp name="T976"/><temp name="T1146"/><temp name="T1108"/><temp name="T1051"/><temp name="T1040"/><temp name="T1074"/><temp name="T1123"/><temp name="T1080"/><temp name="T980"/><temp name="T1060"/><temp name="T1071"/><temp name="T1086"/><temp name="T1125"/><temp name="T988"/><temp name="T1014"/><temp name="T1011"/><temp name="T1048"/><temp name="T1111"/><temp name="T1115"/><temp name="T1000"/><temp name="T1063"/><temp name="T1032"/><temp name="T6"/><temp name="T1092"/><temp name="T1100"/><temp name="T1152"/><temp name="T995"/><temp name="T1096"/><temp name="T1026"/><temp name="T1036"/><temp name="T1065"/><temp name="T1020"/><temp name="T1157"/><temp name="T991"/><temp name="T972"/><temp name="T1131"/><temp name="T1134"/><temp name="T971"/><temp name="T1140"/><temp name="T1003"/><temp name="T1005"/><temp name="T1120"/><temp name="T1055"/></temps><temps name="out"><temp name="T976"/><temp name="T1146"/><temp name="T1108"/><temp name="T1051"/><temp name="T1040"/><temp name="T1074"/><temp name="T1123"/><temp name="T1080"/><temp name="T980"/><temp name="T1060"/><temp name="T1071"/><temp name="T1086"/><temp name="T1125"/><temp name="T988"/><temp name="T1014"/><temp name="T1011"/><temp name="T1048"/><temp name="T1111"/><temp name="T1115"/><temp name="T1000"/><temp name="T1063"/><temp name="T1032"/><temp name="T6"/><temp name="T1092"/><temp name="T1100"/><temp name="T1152"/><temp name="T995"/><temp name="T1096"/><temp name="T1026"/><temp name="T1036"/><temp name="T1065"/><temp name="T1020"/><temp name="T1157"/><temp name="T991"/><temp name="T972"/><temp name="T1131"/><temp name="T1134"/><temp name="T1140"/><temp name="T1003"/><temp name="T1005"/><temp name="T1120"/><temp name="T1055"/></temps></instruction><instruction code="OR T80, T972, 0"><temps name="use"><temp name="T972"/></temps><temps name="def"><temp name="T80"/></temps><temps name="in"><temp name="T976"/><temp name="T1146"/><temp name="T1108"/><temp name="T1051"/><temp name="T1040"/><temp name="T1074"/><temp name="T1123"/><temp name="T1080"/><temp name="T980"/><temp name="T1060"/><temp name="T1071"/><temp name="T1086"/><temp name="T1125"/><temp name="T988"/><temp name="T1014"/><temp name="T1011"/><temp name="T1048"/><temp name="T1111"/><temp name="T1115"/><temp name="T1000"/><temp name="T1063"/><temp name="T1032"/><temp name="T6"/><temp name="T1092"/><temp name="T1100"/><temp name="T1152"/><temp name="T995"/><temp name="T1096"/><temp name="T1026"/><temp name="T1036"/><temp name="T1065"/><temp name="T1020"/><temp name="T1157"/><temp name="T991"/><temp name="T972"/><temp name="T1131"/><temp name="T1134"/><temp name="T1140"/><temp name="T1003"/><temp name="T1005"/><temp name="T1120"/><temp name="T1055"/></temps><temps name="out"><temp name="T976"/><temp name="T1146"/><temp name="T1108"/><temp name="T1051"/><temp name="T1040"/><temp name="T1074"/><temp name="T1123"/><temp name="T1080"/><temp name="T980"/><temp name="T1060"/><temp name="T1071"/><temp name="T1086"/><temp name="T1125"/><temp name="T988"/><temp name="T1014"/><temp name="T1011"/><temp name="T1048"/><temp name="T1111"/><temp name="T1115"/><temp name="T1000"/><temp name="T1063"/><temp name="T1032"/><temp name="T6"/><temp name="T1092"/><temp name="T1100"/><temp name="T1152"/><temp name="T995"/><temp name="T1096"/><temp name="T1026"/><temp name="T1036"/><temp name="T1065"/><temp name="T1020"/><temp name="T1157"/><temp name="T991"/><temp name="T1131"/><temp name="T1134"/><temp name="T1140"/><temp name="T1003"/><temp name="T1005"/><temp name="T1120"/><temp name="T1055"/></temps></instruction><instruction code="SETL  T973, 1"><temps name="use"/><temps name="def"><temp name="T973"/></temps><temps name="in"><temp name="T976"/><temp name="T1146"/><temp name="T1108"/><temp name="T1051"/><temp name="T1040"/><temp name="T1074"/><temp name="T1123"/><temp name="T1080"/><temp name="T980"/><temp name="T1060"/><temp name="T1071"/><temp name="T1086"/><temp name="T1125"/><temp name="T988"/><temp name="T1014"/><temp name="T1011"/><temp name="T1048"/><temp name="T1111"/><temp name="T1115"/><temp name="T1000"/><temp name="T1063"/><temp name="T1032"/><temp name="T6"/><temp name="T1092"/><temp name="T1100"/><temp name="T1152"/><temp name="T995"/><temp name="T1096"/><temp name="T1026"/><temp name="T1036"/><temp name="T1065"/><temp name="T1020"/><temp name="T1157"/><temp name="T991"/><temp name="T1131"/><temp name="T1134"/><temp name="T1140"/><temp name="T1003"/><temp name="T1005"/><temp name="T1120"/><temp name="T1055"/></temps><temps name="out"><temp name="T976"/><temp name="T1146"/><temp name="T1108"/><temp name="T1051"/><temp name="T1040"/><temp name="T1074"/><temp name="T1123"/><temp name="T1080"/><temp name="T980"/><temp name="T1060"/><temp name="T1071"/><temp name="T1086"/><temp name="T1125"/><temp name="T988"/><temp name="T1014"/><temp name="T1011"/><temp name="T1048"/><temp name="T1111"/><temp name="T1115"/><temp name="T1000"/><temp name="T1063"/><temp name="T1032"/><temp name="T6"/><temp name="T1092"/><temp name="T1100"/><temp name="T1152"/><temp name="T995"/><temp name="T1096"/><temp name="T1026"/><temp name="T1036"/><temp name="T1065"/><temp name="T1020"/><temp name="T1157"/><temp name="T991"/><temp name="T1131"/><temp name="T1134"/><temp name="T1140"/><temp name="T1003"/><temp name="T1005"/><temp name="T1120"/><temp name="T1055"/></temps></instruction><instruction code="INCML T973, 0"><temps name="use"/><temps name="def"><temp name="T973"/></temps><temps name="in"><temp name="T976"/><temp name="T1146"/><temp name="T1108"/><temp name="T1051"/><temp name="T1040"/><temp name="T1074"/><temp name="T1123"/><temp name="T1080"/><temp name="T980"/><temp name="T1060"/><temp name="T1071"/><temp name="T1086"/><temp name="T1125"/><temp name="T988"/><temp name="T1014"/><temp name="T1011"/><temp name="T1048"/><temp name="T1111"/><temp name="T1115"/><temp name="T1000"/><temp name="T1063"/><temp name="T1032"/><temp name="T6"/><temp name="T1092"/><temp name="T1100"/><temp name="T1152"/><temp name="T995"/><temp name="T1096"/><temp name="T1026"/><temp name="T1036"/><temp name="T1065"/><temp name="T1020"/><temp name="T1157"/><temp name="T991"/><temp name="T1131"/><temp name="T1134"/><temp name="T1140"/><temp name="T1003"/><temp name="T1005"/><temp name="T1120"/><temp name="T1055"/></temps><temps name="out"><temp name="T976"/><temp name="T1146"/><temp name="T1108"/><temp name="T1051"/><temp name="T1040"/><temp name="T1074"/><temp name="T1123"/><temp name="T1080"/><temp name="T980"/><temp name="T1060"/><temp name="T1071"/><temp name="T1086"/><temp name="T1125"/><temp name="T988"/><temp name="T1014"/><temp name="T1011"/><temp name="T1048"/><temp name="T1111"/><temp name="T1115"/><temp name="T1000"/><temp name="T1063"/><temp name="T1032"/><temp name="T6"/><temp name="T1092"/><temp name="T1100"/><temp name="T1152"/><temp name="T995"/><temp name="T1096"/><temp name="T1026"/><temp name="T1036"/><temp name="T1065"/><temp name="T1020"/><temp name="T1157"/><temp name="T991"/><temp name="T1131"/><temp name="T1134"/><temp name="T1140"/><temp name="T1003"/><temp name="T1005"/><temp name="T1120"/><temp name="T1055"/></temps></instruction><instruction code="INCMH T973, 0"><temps name="use"/><temps name="def"><temp name="T973"/></temps><temps name="in"><temp name="T976"/><temp name="T1146"/><temp name="T1108"/><temp name="T1051"/><temp name="T1040"/><temp name="T1074"/><temp name="T1123"/><temp name="T1080"/><temp name="T980"/><temp name="T1060"/><temp name="T1071"/><temp name="T1086"/><temp name="T1125"/><temp name="T988"/><temp name="T1014"/><temp name="T1011"/><temp name="T1048"/><temp name="T1111"/><temp name="T1115"/><temp name="T1000"/><temp name="T1063"/><temp name="T1032"/><temp name="T6"/><temp name="T1092"/><temp name="T1100"/><temp name="T1152"/><temp name="T995"/><temp name="T1096"/><temp name="T1026"/><temp name="T1036"/><temp name="T1065"/><temp name="T1020"/><temp name="T1157"/><temp name="T991"/><temp name="T1131"/><temp name="T1134"/><temp name="T1140"/><temp name="T1003"/><temp name="T1005"/><temp name="T1120"/><temp name="T1055"/></temps><temps name="out"><temp name="T976"/><temp name="T1146"/><temp name="T1108"/><temp name="T1051"/><temp name="T1040"/><temp name="T1074"/><temp name="T1123"/><temp name="T1080"/><temp name="T980"/><temp name="T1060"/><temp name="T1071"/><temp name="T1086"/><temp name="T1125"/><temp name="T988"/><temp name="T1014"/><temp name="T1011"/><temp name="T1048"/><temp name="T1111"/><temp name="T1115"/><temp name="T1000"/><temp name="T1063"/><temp name="T1032"/><temp name="T6"/><temp name="T1092"/><temp name="T1100"/><temp name="T1152"/><temp name="T995"/><temp name="T1096"/><temp name="T1026"/><temp name="T1036"/><temp name="T1065"/><temp name="T1020"/><temp name="T1157"/><temp name="T991"/><temp name="T1131"/><temp name="T1134"/><temp name="T1140"/><temp name="T1003"/><temp name="T1005"/><temp name="T1120"/><temp name="T1055"/></temps></instruction><instruction code="INCH  T973, 0"><temps name="use"/><temps name="def"><temp name="T973"/></temps><temps name="in"><temp name="T976"/><temp name="T1146"/><temp name="T1108"/><temp name="T1051"/><temp name="T1040"/><temp name="T1074"/><temp name="T1123"/><temp name="T1080"/><temp name="T980"/><temp name="T1060"/><temp name="T1071"/><temp name="T1086"/><temp name="T1125"/><temp name="T988"/><temp name="T1014"/><temp name="T1011"/><temp name="T1048"/><temp name="T1111"/><temp name="T1115"/><temp name="T1000"/><temp name="T1063"/><temp name="T1032"/><temp name="T6"/><temp name="T1092"/><temp name="T1100"/><temp name="T1152"/><temp name="T995"/><temp name="T1096"/><temp name="T1026"/><temp name="T1036"/><temp name="T1065"/><temp name="T1020"/><temp name="T1157"/><temp name="T991"/><temp name="T1131"/><temp name="T1134"/><temp name="T1140"/><temp name="T1003"/><temp name="T1005"/><temp name="T1120"/><temp name="T1055"/></temps><temps name="out"><temp name="T976"/><temp name="T1146"/><temp name="T1108"/><temp name="T1051"/><temp name="T1040"/><temp name="T1074"/><temp name="T1123"/><temp name="T1080"/><temp name="T980"/><temp name="T1060"/><temp name="T1071"/><temp name="T973"/><temp name="T1086"/><temp name="T1125"/><temp name="T988"/><temp name="T1014"/><temp name="T1011"/><temp name="T1048"/><temp name="T1111"/><temp name="T1115"/><temp name="T1000"/><temp name="T1063"/><temp name="T1032"/><temp name="T6"/><temp name="T1092"/><temp name="T1100"/><temp name="T1152"/><temp name="T995"/><temp name="T1096"/><temp name="T1026"/><temp name="T1036"/><temp name="T1065"/><temp name="T1020"/><temp name="T1157"/><temp name="T991"/><temp name="T1131"/><temp name="T1134"/><temp name="T1140"/><temp name="T1003"/><temp name="T1005"/><temp name="T1120"/><temp name="T1055"/></temps></instruction><instruction code="OR T81, T973, 0"><temps name="use"><temp name="T973"/></temps><temps name="def"><temp name="T81"/></temps><temps name="in"><temp name="T976"/><temp name="T1146"/><temp name="T1108"/><temp name="T1051"/><temp name="T1040"/><temp name="T1074"/><temp name="T1123"/><temp name="T1080"/><temp name="T980"/><temp name="T1060"/><temp name="T1071"/><temp name="T973"/><temp name="T1086"/><temp name="T1125"/><temp name="T988"/><temp name="T1014"/><temp name="T1011"/><temp name="T1048"/><temp name="T1111"/><temp name="T1115"/><temp name="T1000"/><temp name="T1063"/><temp name="T1032"/><temp name="T6"/><temp name="T1092"/><temp name="T1100"/><temp name="T1152"/><temp name="T995"/><temp name="T1096"/><temp name="T1026"/><temp name="T1036"/><temp name="T1065"/><temp name="T1020"/><temp name="T1157"/><temp name="T991"/><temp name="T1131"/><temp name="T1134"/><temp name="T1140"/><temp name="T1003"/><temp name="T1005"/><temp name="T1120"/><temp name="T1055"/></temps><temps name="out"><temp name="T976"/><temp name="T1146"/><temp name="T1108"/><temp name="T1051"/><temp name="T1040"/><temp name="T1074"/><temp name="T1123"/><temp name="T1080"/><temp name="T81"/><temp name="T980"/><temp name="T1060"/><temp name="T1071"/><temp name="T1086"/><temp name="T1125"/><temp name="T988"/><temp name="T1014"/><temp name="T1011"/><temp name="T1048"/><temp name="T1111"/><temp name="T1115"/><temp name="T1000"/><temp name="T1063"/><temp name="T1032"/><temp name="T6"/><temp name="T1092"/><temp name="T1100"/><temp name="T1152"/><temp name="T995"/><temp name="T1096"/><temp name="T1026"/><temp name="T1036"/><temp name="T1065"/><temp name="T1020"/><temp name="T1157"/><temp name="T991"/><temp name="T1131"/><temp name="T1134"/><temp name="T1140"/><temp name="T1003"/><temp name="T1005"/><temp name="T1120"/><temp name="T1055"/></temps></instruction><instruction code="LDO T977, T976, 0"><temps name="use"><temp name="T976"/></temps><temps name="def"><temp name="T977"/></temps><temps name="in"><temp name="T976"/><temp name="T1146"/><temp name="T1108"/><temp name="T1051"/><temp name="T1040"/><temp name="T1074"/><temp name="T1123"/><temp name="T1080"/><temp name="T81"/><temp name="T980"/><temp name="T1060"/><temp name="T1071"/><temp name="T1086"/><temp name="T1125"/><temp name="T988"/><temp name="T1014"/><temp name="T1011"/><temp name="T1048"/><temp name="T1111"/><temp name="T1115"/><temp name="T1000"/><temp name="T1063"/><temp name="T1032"/><temp name="T6"/><temp name="T1092"/><temp name="T1100"/><temp name="T1152"/><temp name="T995"/><temp name="T1096"/><temp name="T1026"/><temp name="T1036"/><temp name="T1065"/><temp name="T1020"/><temp name="T1157"/><temp name="T991"/><temp name="T1131"/><temp name="T1134"/><temp name="T1140"/><temp name="T1003"/><temp name="T1005"/><temp name="T1120"/><temp name="T1055"/></temps><temps name="out"><temp name="T1146"/><temp name="T1108"/><temp name="T1051"/><temp name="T1040"/><temp name="T1074"/><temp name="T1123"/><temp name="T1080"/><temp name="T81"/><temp name="T980"/><temp name="T1060"/><temp name="T1071"/><temp name="T1086"/><temp name="T1125"/><temp name="T988"/><temp name="T1014"/><temp name="T1011"/><temp name="T1048"/><temp name="T1111"/><temp name="T1115"/><temp name="T1000"/><temp name="T1063"/><temp name="T1032"/><temp name="T6"/><temp name="T1092"/><temp name="T1100"/><temp name="T1152"/><temp name="T977"/><temp name="T995"/><temp name="T1096"/><temp name="T1026"/><temp name="T1036"/><temp name="T1065"/><temp name="T1020"/><temp name="T1157"/><temp name="T991"/><temp name="T1131"/><temp name="T1134"/><temp name="T1140"/><temp name="T1003"/><temp name="T1005"/><temp name="T1120"/><temp name="T1055"/></temps></instruction><instruction code="STO T977, T81, 0"><temps name="use"><temp name="T977"/><temp name="T81"/></temps><temps name="def"/><temps name="in"><temp name="T1146"/><temp name="T1108"/><temp name="T1051"/><temp name="T1040"/><temp name="T1074"/><temp name="T1123"/><temp name="T1080"/><temp name="T81"/><temp name="T980"/><temp name="T1060"/><temp name="T1071"/><temp name="T1086"/><temp name="T1125"/><temp name="T988"/><temp name="T1014"/><temp name="T1011"/><temp name="T1048"/><temp name="T1111"/><temp name="T1115"/><temp name="T1000"/><temp name="T1063"/><temp name="T1032"/><temp name="T6"/><temp name="T1092"/><temp name="T1100"/><temp name="T1152"/><temp name="T977"/><temp name="T995"/><temp name="T1096"/><temp name="T1026"/><temp name="T1036"/><temp name="T1065"/><temp name="T1020"/><temp name="T1157"/><temp name="T991"/><temp name="T1131"/><temp name="T1134"/><temp name="T1140"/><temp name="T1003"/><temp name="T1005"/><temp name="T1120"/><temp name="T1055"/></temps><temps name="out"><temp name="T1146"/><temp name="T1108"/><temp name="T1051"/><temp name="T1040"/><temp name="T1074"/><temp name="T1123"/><temp name="T1080"/><temp name="T980"/><temp name="T1060"/><temp name="T1071"/><temp name="T1086"/><temp name="T1125"/><temp name="T988"/><temp name="T1014"/><temp name="T1011"/><temp name="T1048"/><temp name="T1111"/><temp name="T1115"/><temp name="T1000"/><temp name="T1063"/><temp name="T1032"/><temp name="T6"/><temp name="T1092"/><temp name="T1100"/><temp name="T1152"/><temp name="T995"/><temp name="T1096"/><temp name="T1026"/><temp name="T1036"/><temp name="T1065"/><temp name="T1020"/><temp name="T1157"/><temp name="T991"/><temp name="T1131"/><temp name="T1134"/><temp name="T1140"/><temp name="T1003"/><temp name="T1005"/><temp name="T1120"/><temp name="T1055"/></temps></instruction><instruction code="L12"><temps name="use"/><temps name="def"/><temps name="in"><temp name="T1146"/><temp name="T1108"/><temp name="T1051"/><temp name="T1040"/><temp name="T1074"/><temp name="T1123"/><temp name="T1080"/><temp name="T980"/><temp name="T1060"/><temp name="T1071"/><temp name="T1086"/><temp name="T1125"/><temp name="T988"/><temp name="T1014"/><temp name="T1011"/><temp name="T1048"/><temp name="T1111"/><temp name="T1115"/><temp name="T1000"/><temp name="T1063"/><temp name="T1032"/><temp name="T6"/><temp name="T1092"/><temp name="T1100"/><temp name="T1152"/><temp name="T995"/><temp name="T1096"/><temp name="T1026"/><temp name="T1036"/><temp name="T1065"/><temp name="T1020"/><temp name="T1157"/><temp name="T991"/><temp name="T1131"/><temp name="T1134"/><temp name="T1140"/><temp name="T1003"/><temp name="T1005"/><temp name="T1120"/><temp name="T1055"/></temps><temps name="out"><temp name="T1146"/><temp name="T1108"/><temp name="T1051"/><temp name="T1040"/><temp name="T1074"/><temp name="T1123"/><temp name="T1080"/><temp name="T980"/><temp name="T1060"/><temp name="T1071"/><temp name="T1086"/><temp name="T1125"/><temp name="T988"/><temp name="T1014"/><temp name="T1011"/><temp name="T1048"/><temp name="T1111"/><temp name="T1115"/><temp name="T1000"/><temp name="T1063"/><temp name="T1032"/><temp name="T6"/><temp name="T1092"/><temp name="T1100"/><temp name="T1152"/><temp name="T995"/><temp name="T1096"/><temp name="T1026"/><temp name="T1036"/><temp name="T1065"/><temp name="T1020"/><temp name="T1157"/><temp name="T991"/><temp name="T1131"/><temp name="T1134"/><temp name="T1140"/><temp name="T1003"/><temp name="T1005"/><temp name="T1120"/><temp name="T1055"/></temps></instruction><instruction code="OR T82, T6, 0"><temps name="use"><temp name="T6"/></temps><temps name="def"><temp name="T82"/></temps><temps name="in"><temp name="T1146"/><temp name="T1108"/><temp name="T1051"/><temp name="T1040"/><temp name="T1074"/><temp name="T1123"/><temp name="T1080"/><temp name="T980"/><temp name="T1060"/><temp name="T1071"/><temp name="T1086"/><temp name="T1125"/><temp name="T988"/><temp name="T1014"/><temp name="T1011"/><temp name="T1048"/><temp name="T1111"/><temp name="T1115"/><temp name="T1000"/><temp name="T1063"/><temp name="T1032"/><temp name="T6"/><temp name="T1092"/><temp name="T1100"/><temp name="T1152"/><temp name="T995"/><temp name="T1096"/><temp name="T1026"/><temp name="T1036"/><temp name="T1065"/><temp name="T1020"/><temp name="T1157"/><temp name="T991"/><temp name="T1131"/><temp name="T1134"/><temp name="T1140"/><temp name="T1003"/><temp name="T1005"/><temp name="T1120"/><temp name="T1055"/></temps><temps name="out"><temp name="T1146"/><temp name="T1108"/><temp name="T1051"/><temp name="T1040"/><temp name="T1074"/><temp name="T1123"/><temp name="T1080"/><temp name="T980"/><temp name="T1060"/><temp name="T1071"/><temp name="T1086"/><temp name="T1125"/><temp name="T988"/><temp name="T1014"/><temp name="T1011"/><temp name="T1048"/><temp name="T1111"/><temp name="T1115"/><temp name="T1000"/><temp name="T1063"/><temp name="T1032"/><temp name="T6"/><temp name="T1092"/><temp name="T1100"/><temp name="T1152"/><temp name="T995"/><temp name="T1096"/><temp name="T1026"/><temp name="T1036"/><temp name="T82"/><temp name="T1065"/><temp name="T1020"/><temp name="T1157"/><temp name="T991"/><temp name="T1131"/><temp name="T1134"/><temp name="T1140"/><temp name="T1003"/><temp name="T1005"/><temp name="T1120"/><temp name="T1055"/></temps></instruction><instruction code="SETL  T978, 8"><temps name="use"/><temps name="def"><temp name="T978"/></temps><temps name="in"><temp name="T1146"/><temp name="T1108"/><temp name="T1051"/><temp name="T1040"/><temp name="T1074"/><temp name="T1123"/><temp name="T1080"/><temp name="T980"/><temp name="T1060"/><temp name="T1071"/><temp name="T1086"/><temp name="T1125"/><temp name="T988"/><temp name="T1014"/><temp name="T1011"/><temp name="T1048"/><temp name="T1111"/><temp name="T1115"/><temp name="T1000"/><temp name="T1063"/><temp name="T1032"/><temp name="T6"/><temp name="T1092"/><temp name="T1100"/><temp name="T1152"/><temp name="T995"/><temp name="T1096"/><temp name="T1026"/><temp name="T1036"/><temp name="T82"/><temp name="T1065"/><temp name="T1020"/><temp name="T1157"/><temp name="T991"/><temp name="T1131"/><temp name="T1134"/><temp name="T1140"/><temp name="T1003"/><temp name="T1005"/><temp name="T1120"/><temp name="T1055"/></temps><temps name="out"><temp name="T1146"/><temp name="T1108"/><temp name="T1051"/><temp name="T1040"/><temp name="T1074"/><temp name="T1123"/><temp name="T1080"/><temp name="T980"/><temp name="T1060"/><temp name="T1071"/><temp name="T1086"/><temp name="T1125"/><temp name="T988"/><temp name="T1014"/><temp name="T1011"/><temp name="T1048"/><temp name="T1111"/><temp name="T1115"/><temp name="T1000"/><temp name="T1063"/><temp name="T1032"/><temp name="T6"/><temp name="T1092"/><temp name="T1100"/><temp name="T1152"/><temp name="T995"/><temp name="T1096"/><temp name="T1026"/><temp name="T1036"/><temp name="T82"/><temp name="T1065"/><temp name="T1020"/><temp name="T1157"/><temp name="T991"/><temp name="T1131"/><temp name="T1134"/><temp name="T1140"/><temp name="T1003"/><temp name="T1005"/><temp name="T1120"/><temp name="T1055"/></temps></instruction><instruction code="INCML T978, 0"><temps name="use"/><temps name="def"><temp name="T978"/></temps><temps name="in"><temp name="T1146"/><temp name="T1108"/><temp name="T1051"/><temp name="T1040"/><temp name="T1074"/><temp name="T1123"/><temp name="T1080"/><temp name="T980"/><temp name="T1060"/><temp name="T1071"/><temp name="T1086"/><temp name="T1125"/><temp name="T988"/><temp name="T1014"/><temp name="T1011"/><temp name="T1048"/><temp name="T1111"/><temp name="T1115"/><temp name="T1000"/><temp name="T1063"/><temp name="T1032"/><temp name="T6"/><temp name="T1092"/><temp name="T1100"/><temp name="T1152"/><temp name="T995"/><temp name="T1096"/><temp name="T1026"/><temp name="T1036"/><temp name="T82"/><temp name="T1065"/><temp name="T1020"/><temp name="T1157"/><temp name="T991"/><temp name="T1131"/><temp name="T1134"/><temp name="T1140"/><temp name="T1003"/><temp name="T1005"/><temp name="T1120"/><temp name="T1055"/></temps><temps name="out"><temp name="T1146"/><temp name="T1108"/><temp name="T1051"/><temp name="T1040"/><temp name="T1074"/><temp name="T1123"/><temp name="T1080"/><temp name="T980"/><temp name="T1060"/><temp name="T1071"/><temp name="T1086"/><temp name="T1125"/><temp name="T988"/><temp name="T1014"/><temp name="T1011"/><temp name="T1048"/><temp name="T1111"/><temp name="T1115"/><temp name="T1000"/><temp name="T1063"/><temp name="T1032"/><temp name="T6"/><temp name="T1092"/><temp name="T1100"/><temp name="T1152"/><temp name="T995"/><temp name="T1096"/><temp name="T1026"/><temp name="T1036"/><temp name="T82"/><temp name="T1065"/><temp name="T1020"/><temp name="T1157"/><temp name="T991"/><temp name="T1131"/><temp name="T1134"/><temp name="T1140"/><temp name="T1003"/><temp name="T1005"/><temp name="T1120"/><temp name="T1055"/></temps></instruction><instruction code="INCMH T978, 0"><temps name="use"/><temps name="def"><temp name="T978"/></temps><temps name="in"><temp name="T1146"/><temp name="T1108"/><temp name="T1051"/><temp name="T1040"/><temp name="T1074"/><temp name="T1123"/><temp name="T1080"/><temp name="T980"/><temp name="T1060"/><temp name="T1071"/><temp name="T1086"/><temp name="T1125"/><temp name="T988"/><temp name="T1014"/><temp name="T1011"/><temp name="T1048"/><temp name="T1111"/><temp name="T1115"/><temp name="T1000"/><temp name="T1063"/><temp name="T1032"/><temp name="T6"/><temp name="T1092"/><temp name="T1100"/><temp name="T1152"/><temp name="T995"/><temp name="T1096"/><temp name="T1026"/><temp name="T1036"/><temp name="T82"/><temp name="T1065"/><temp name="T1020"/><temp name="T1157"/><temp name="T991"/><temp name="T1131"/><temp name="T1134"/><temp name="T1140"/><temp name="T1003"/><temp name="T1005"/><temp name="T1120"/><temp name="T1055"/></temps><temps name="out"><temp name="T1146"/><temp name="T1108"/><temp name="T1051"/><temp name="T1040"/><temp name="T1074"/><temp name="T1123"/><temp name="T1080"/><temp name="T980"/><temp name="T1060"/><temp name="T1071"/><temp name="T1086"/><temp name="T1125"/><temp name="T988"/><temp name="T1014"/><temp name="T1011"/><temp name="T1048"/><temp name="T1111"/><temp name="T1115"/><temp name="T1000"/><temp name="T1063"/><temp name="T1032"/><temp name="T6"/><temp name="T1092"/><temp name="T1100"/><temp name="T1152"/><temp name="T995"/><temp name="T1096"/><temp name="T1026"/><temp name="T1036"/><temp name="T82"/><temp name="T1065"/><temp name="T1020"/><temp name="T1157"/><temp name="T991"/><temp name="T1131"/><temp name="T1134"/><temp name="T1140"/><temp name="T1003"/><temp name="T1005"/><temp name="T1120"/><temp name="T1055"/></temps></instruction><instruction code="INCH  T978, 0"><temps name="use"/><temps name="def"><temp name="T978"/></temps><temps name="in"><temp name="T1146"/><temp name="T1108"/><temp name="T1051"/><temp name="T1040"/><temp name="T1074"/><temp name="T1123"/><temp name="T1080"/><temp name="T980"/><temp name="T1060"/><temp name="T1071"/><temp name="T1086"/><temp name="T1125"/><temp name="T988"/><temp name="T1014"/><temp name="T1011"/><temp name="T1048"/><temp name="T1111"/><temp name="T1115"/><temp name="T1000"/><temp name="T1063"/><temp name="T1032"/><temp name="T6"/><temp name="T1092"/><temp name="T1100"/><temp name="T1152"/><temp name="T995"/><temp name="T1096"/><temp name="T1026"/><temp name="T1036"/><temp name="T82"/><temp name="T1065"/><temp name="T1020"/><temp name="T1157"/><temp name="T991"/><temp name="T1131"/><temp name="T1134"/><temp name="T1140"/><temp name="T1003"/><temp name="T1005"/><temp name="T1120"/><temp name="T1055"/></temps><temps name="out"><temp name="T1146"/><temp name="T1108"/><temp name="T1051"/><temp name="T1040"/><temp name="T1074"/><temp name="T1123"/><temp name="T1080"/><temp name="T980"/><temp name="T1060"/><temp name="T1071"/><temp name="T1086"/><temp name="T1125"/><temp name="T988"/><temp name="T1014"/><temp name="T1011"/><temp name="T1048"/><temp name="T1111"/><temp name="T1115"/><temp name="T1000"/><temp name="T1063"/><temp name="T1032"/><temp name="T6"/><temp name="T978"/><temp name="T1092"/><temp name="T1100"/><temp name="T1152"/><temp name="T995"/><temp name="T1096"/><temp name="T1026"/><temp name="T1036"/><temp name="T82"/><temp name="T1065"/><temp name="T1020"/><temp name="T1157"/><temp name="T991"/><temp name="T1131"/><temp name="T1134"/><temp name="T1140"/><temp name="T1003"/><temp name="T1005"/><temp name="T1120"/><temp name="T1055"/></temps></instruction><instruction code="NEG T978, 0, T978"><temps name="use"><temp name="T978"/></temps><temps name="def"><temp name="T978"/></temps><temps name="in"><temp name="T1146"/><temp name="T1108"/><temp name="T1051"/><temp name="T1040"/><temp name="T1074"/><temp name="T1123"/><temp name="T1080"/><temp name="T980"/><temp name="T1060"/><temp name="T1071"/><temp name="T1086"/><temp name="T1125"/><temp name="T988"/><temp name="T1014"/><temp name="T1011"/><temp name="T1048"/><temp name="T1111"/><temp name="T1115"/><temp name="T1000"/><temp name="T1063"/><temp name="T1032"/><temp name="T6"/><temp name="T978"/><temp name="T1092"/><temp name="T1100"/><temp name="T1152"/><temp name="T995"/><temp name="T1096"/><temp name="T1026"/><temp name="T1036"/><temp name="T82"/><temp name="T1065"/><temp name="T1020"/><temp name="T1157"/><temp name="T991"/><temp name="T1131"/><temp name="T1134"/><temp name="T1140"/><temp name="T1003"/><temp name="T1005"/><temp name="T1120"/><temp name="T1055"/></temps><temps name="out"><temp name="T1146"/><temp name="T1108"/><temp name="T1051"/><temp name="T1040"/><temp name="T1074"/><temp name="T1123"/><temp name="T1080"/><temp name="T980"/><temp name="T1060"/><temp name="T1071"/><temp name="T1086"/><temp name="T1125"/><temp name="T988"/><temp name="T1014"/><temp name="T1011"/><temp name="T1048"/><temp name="T1111"/><temp name="T1115"/><temp name="T1000"/><temp name="T1063"/><temp name="T1032"/><temp name="T6"/><temp name="T978"/><temp name="T1092"/><temp name="T1100"/><temp name="T1152"/><temp name="T995"/><temp name="T1096"/><temp name="T1026"/><temp name="T1036"/><temp name="T82"/><temp name="T1065"/><temp name="T1020"/><temp name="T1157"/><temp name="T991"/><temp name="T1131"/><temp name="T1134"/><temp name="T1140"/><temp name="T1003"/><temp name="T1005"/><temp name="T1120"/><temp name="T1055"/></temps></instruction><instruction code="OR T83, T978, 0"><temps name="use"><temp name="T978"/></temps><temps name="def"><temp name="T83"/></temps><temps name="in"><temp name="T1146"/><temp name="T1108"/><temp name="T1051"/><temp name="T1040"/><temp name="T1074"/><temp name="T1123"/><temp name="T1080"/><temp name="T980"/><temp name="T1060"/><temp name="T1071"/><temp name="T1086"/><temp name="T1125"/><temp name="T988"/><temp name="T1014"/><temp name="T1011"/><temp name="T1048"/><temp name="T1111"/><temp name="T1115"/><temp name="T1000"/><temp name="T1063"/><temp name="T1032"/><temp name="T6"/><temp name="T978"/><temp name="T1092"/><temp name="T1100"/><temp name="T1152"/><temp name="T995"/><temp name="T1096"/><temp name="T1026"/><temp name="T1036"/><temp name="T82"/><temp name="T1065"/><temp name="T1020"/><temp name="T1157"/><temp name="T991"/><temp name="T1131"/><temp name="T1134"/><temp name="T1140"/><temp name="T1003"/><temp name="T1005"/><temp name="T1120"/><temp name="T1055"/></temps><temps name="out"><temp name="T1146"/><temp name="T1108"/><temp name="T1051"/><temp name="T1040"/><temp name="T1074"/><temp name="T1123"/><temp name="T83"/><temp name="T1080"/><temp name="T980"/><temp name="T1060"/><temp name="T1071"/><temp name="T1086"/><temp name="T1125"/><temp name="T988"/><temp name="T1014"/><temp name="T1011"/><temp name="T1048"/><temp name="T1111"/><temp name="T1115"/><temp name="T1000"/><temp name="T1063"/><temp name="T1032"/><temp name="T6"/><temp name="T1092"/><temp name="T1100"/><temp name="T1152"/><temp name="T995"/><temp name="T1096"/><temp name="T1026"/><temp name="T1036"/><temp name="T82"/><temp name="T1065"/><temp name="T1020"/><temp name="T1157"/><temp name="T991"/><temp name="T1131"/><temp name="T1134"/><temp name="T1140"/><temp name="T1003"/><temp name="T1005"/><temp name="T1120"/><temp name="T1055"/></temps></instruction><instruction code="ADD T979, T82, T83"><temps name="use"><temp name="T82"/><temp name="T83"/></temps><temps name="def"><temp name="T979"/></temps><temps name="in"><temp name="T1146"/><temp name="T1108"/><temp name="T1051"/><temp name="T1040"/><temp name="T1074"/><temp name="T1123"/><temp name="T83"/><temp name="T1080"/><temp name="T980"/><temp name="T1060"/><temp name="T1071"/><temp name="T1086"/><temp name="T1125"/><temp name="T988"/><temp name="T1014"/><temp name="T1011"/><temp name="T1048"/><temp name="T1111"/><temp name="T1115"/><temp name="T1000"/><temp name="T1063"/><temp name="T1032"/><temp name="T6"/><temp name="T1092"/><temp name="T1100"/><temp name="T1152"/><temp name="T995"/><temp name="T1096"/><temp name="T1026"/><temp name="T1036"/><temp name="T82"/><temp name="T1065"/><temp name="T1020"/><temp name="T1157"/><temp name="T991"/><temp name="T1131"/><temp name="T1134"/><temp name="T1140"/><temp name="T1003"/><temp name="T1005"/><temp name="T1120"/><temp name="T1055"/></temps><temps name="out"><temp name="T1146"/><temp name="T1108"/><temp name="T1051"/><temp name="T1040"/><temp name="T1074"/><temp name="T1123"/><temp name="T1080"/><temp name="T980"/><temp name="T1060"/><temp name="T1071"/><temp name="T1086"/><temp name="T1125"/><temp name="T988"/><temp name="T1014"/><temp name="T1011"/><temp name="T1048"/><temp name="T1111"/><temp name="T1115"/><temp name="T1000"/><temp name="T1063"/><temp name="T1032"/><temp name="T6"/><temp name="T1092"/><temp name="T1100"/><temp name="T1152"/><temp name="T979"/><temp name="T995"/><temp name="T1096"/><temp name="T1026"/><temp name="T1036"/><temp name="T1065"/><temp name="T1020"/><temp name="T1157"/><temp name="T991"/><temp name="T1131"/><temp name="T1134"/><temp name="T1140"/><temp name="T1003"/><temp name="T1005"/><temp name="T1120"/><temp name="T1055"/></temps></instruction><instruction code="OR T84, T979, 0"><temps name="use"><temp name="T979"/></temps><temps name="def"><temp name="T84"/></temps><temps name="in"><temp name="T1146"/><temp name="T1108"/><temp name="T1051"/><temp name="T1040"/><temp name="T1074"/><temp name="T1123"/><temp name="T1080"/><temp name="T980"/><temp name="T1060"/><temp name="T1071"/><temp name="T1086"/><temp name="T1125"/><temp name="T988"/><temp name="T1014"/><temp name="T1011"/><temp name="T1048"/><temp name="T1111"/><temp name="T1115"/><temp name="T1000"/><temp name="T1063"/><temp name="T1032"/><temp name="T6"/><temp name="T1092"/><temp name="T1100"/><temp name="T1152"/><temp name="T979"/><temp name="T995"/><temp name="T1096"/><temp name="T1026"/><temp name="T1036"/><temp name="T1065"/><temp name="T1020"/><temp name="T1157"/><temp name="T991"/><temp name="T1131"/><temp name="T1134"/><temp name="T1140"/><temp name="T1003"/><temp name="T1005"/><temp name="T1120"/><temp name="T1055"/></temps><temps name="out"><temp name="T1146"/><temp name="T1108"/><temp name="T1051"/><temp name="T1040"/><temp name="T1074"/><temp name="T1123"/><temp name="T1080"/><temp name="T980"/><temp name="T1060"/><temp name="T1071"/><temp name="T1086"/><temp name="T1125"/><temp name="T988"/><temp name="T1014"/><temp name="T1011"/><temp name="T1048"/><temp name="T1111"/><temp name="T1115"/><temp name="T1000"/><temp name="T1063"/><temp name="T1032"/><temp name="T6"/><temp name="T1092"/><temp name="T1100"/><temp name="T1152"/><temp name="T995"/><temp name="T1096"/><temp name="T1026"/><temp name="T1036"/><temp name="T1065"/><temp name="T1020"/><temp name="T1157"/><temp name="T991"/><temp name="T1131"/><temp name="T1134"/><temp name="T1140"/><temp name="T1003"/><temp name="T1005"/><temp name="T1120"/><temp name="T1055"/></temps></instruction><instruction code="LDO T981, T980, 0"><temps name="use"><temp name="T980"/></temps><temps name="def"><temp name="T981"/></temps><temps name="in"><temp name="T1146"/><temp name="T1108"/><temp name="T1051"/><temp name="T1040"/><temp name="T1074"/><temp name="T1123"/><temp name="T1080"/><temp name="T980"/><temp name="T1060"/><temp name="T1071"/><temp name="T1086"/><temp name="T1125"/><temp name="T988"/><temp name="T1014"/><temp name="T1011"/><temp name="T1048"/><temp name="T1111"/><temp name="T1115"/><temp name="T1000"/><temp name="T1063"/><temp name="T1032"/><temp name="T6"/><temp name="T1092"/><temp name="T1100"/><temp name="T1152"/><temp name="T995"/><temp name="T1096"/><temp name="T1026"/><temp name="T1036"/><temp name="T1065"/><temp name="T1020"/><temp name="T1157"/><temp name="T991"/><temp name="T1131"/><temp name="T1134"/><temp name="T1140"/><temp name="T1003"/><temp name="T1005"/><temp name="T1120"/><temp name="T1055"/></temps><temps name="out"><temp name="T1146"/><temp name="T1108"/><temp name="T1051"/><temp name="T1040"/><temp name="T1074"/><temp name="T1123"/><temp name="T1080"/><temp name="T980"/><temp name="T1060"/><temp name="T1071"/><temp name="T1086"/><temp name="T1125"/><temp name="T988"/><temp name="T1014"/><temp name="T1011"/><temp name="T1048"/><temp name="T1111"/><temp name="T1115"/><temp name="T1000"/><temp name="T1063"/><temp name="T1032"/><temp name="T6"/><temp name="T1092"/><temp name="T1100"/><temp name="T1152"/><temp name="T995"/><temp name="T1096"/><temp name="T981"/><temp name="T1026"/><temp name="T1036"/><temp name="T1065"/><temp name="T1020"/><temp name="T1157"/><temp name="T991"/><temp name="T1131"/><temp name="T1134"/><temp name="T1140"/><temp name="T1003"/><temp name="T1005"/><temp name="T1120"/><temp name="T1055"/></temps></instruction><instruction code="OR T85, T981, 0"><temps name="use"><temp name="T981"/></temps><temps name="def"><temp name="T85"/></temps><temps name="in"><temp name="T1146"/><temp name="T1108"/><temp name="T1051"/><temp name="T1040"/><temp name="T1074"/><temp name="T1123"/><temp name="T1080"/><temp name="T980"/><temp name="T1060"/><temp name="T1071"/><temp name="T1086"/><temp name="T1125"/><temp name="T988"/><temp name="T1014"/><temp name="T1011"/><temp name="T1048"/><temp name="T1111"/><temp name="T1115"/><temp name="T1000"/><temp name="T1063"/><temp name="T1032"/><temp name="T6"/><temp name="T1092"/><temp name="T1100"/><temp name="T1152"/><temp name="T995"/><temp name="T1096"/><temp name="T981"/><temp name="T1026"/><temp name="T1036"/><temp name="T1065"/><temp name="T1020"/><temp name="T1157"/><temp name="T991"/><temp name="T1131"/><temp name="T1134"/><temp name="T1140"/><temp name="T1003"/><temp name="T1005"/><temp name="T1120"/><temp name="T1055"/></temps><temps name="out"><temp name="T1146"/><temp name="T1108"/><temp name="T1051"/><temp name="T1040"/><temp name="T1074"/><temp name="T1123"/><temp name="T1080"/><temp name="T980"/><temp name="T1060"/><temp name="T1071"/><temp name="T1086"/><temp name="T1125"/><temp name="T988"/><temp name="T1014"/><temp name="T1011"/><temp name="T1048"/><temp name="T1111"/><temp name="T1115"/><temp name="T1000"/><temp name="T1063"/><temp name="T85"/><temp name="T1032"/><temp name="T6"/><temp name="T1092"/><temp name="T1100"/><temp name="T1152"/><temp name="T995"/><temp name="T1096"/><temp name="T1026"/><temp name="T1036"/><temp name="T1065"/><temp name="T1020"/><temp name="T1157"/><temp name="T991"/><temp name="T1131"/><temp name="T1134"/><temp name="T1140"/><temp name="T1003"/><temp name="T1005"/><temp name="T1120"/><temp name="T1055"/></temps></instruction><instruction code="SETL  T982, 10"><temps name="use"/><temps name="def"><temp name="T982"/></temps><temps name="in"><temp name="T1146"/><temp name="T1108"/><temp name="T1051"/><temp name="T1040"/><temp name="T1074"/><temp name="T1123"/><temp name="T1080"/><temp name="T980"/><temp name="T1060"/><temp name="T1071"/><temp name="T1086"/><temp name="T1125"/><temp name="T988"/><temp name="T1014"/><temp name="T1011"/><temp name="T1048"/><temp name="T1111"/><temp name="T1115"/><temp name="T1000"/><temp name="T1063"/><temp name="T85"/><temp name="T1032"/><temp name="T6"/><temp name="T1092"/><temp name="T1100"/><temp name="T1152"/><temp name="T995"/><temp name="T1096"/><temp name="T1026"/><temp name="T1036"/><temp name="T1065"/><temp name="T1020"/><temp name="T1157"/><temp name="T991"/><temp name="T1131"/><temp name="T1134"/><temp name="T1140"/><temp name="T1003"/><temp name="T1005"/><temp name="T1120"/><temp name="T1055"/></temps><temps name="out"><temp name="T1146"/><temp name="T1108"/><temp name="T1051"/><temp name="T1040"/><temp name="T1074"/><temp name="T1123"/><temp name="T1080"/><temp name="T980"/><temp name="T1060"/><temp name="T1071"/><temp name="T1086"/><temp name="T1125"/><temp name="T988"/><temp name="T1014"/><temp name="T1011"/><temp name="T1048"/><temp name="T1111"/><temp name="T1115"/><temp name="T1000"/><temp name="T1063"/><temp name="T85"/><temp name="T1032"/><temp name="T6"/><temp name="T1092"/><temp name="T1100"/><temp name="T1152"/><temp name="T995"/><temp name="T1096"/><temp name="T1026"/><temp name="T1036"/><temp name="T1065"/><temp name="T1020"/><temp name="T1157"/><temp name="T991"/><temp name="T1131"/><temp name="T1134"/><temp name="T1140"/><temp name="T1003"/><temp name="T1005"/><temp name="T1120"/><temp name="T1055"/></temps></instruction><instruction code="INCML T982, 0"><temps name="use"/><temps name="def"><temp name="T982"/></temps><temps name="in"><temp name="T1146"/><temp name="T1108"/><temp name="T1051"/><temp name="T1040"/><temp name="T1074"/><temp name="T1123"/><temp name="T1080"/><temp name="T980"/><temp name="T1060"/><temp name="T1071"/><temp name="T1086"/><temp name="T1125"/><temp name="T988"/><temp name="T1014"/><temp name="T1011"/><temp name="T1048"/><temp name="T1111"/><temp name="T1115"/><temp name="T1000"/><temp name="T1063"/><temp name="T85"/><temp name="T1032"/><temp name="T6"/><temp name="T1092"/><temp name="T1100"/><temp name="T1152"/><temp name="T995"/><temp name="T1096"/><temp name="T1026"/><temp name="T1036"/><temp name="T1065"/><temp name="T1020"/><temp name="T1157"/><temp name="T991"/><temp name="T1131"/><temp name="T1134"/><temp name="T1140"/><temp name="T1003"/><temp name="T1005"/><temp name="T1120"/><temp name="T1055"/></temps><temps name="out"><temp name="T1146"/><temp name="T1108"/><temp name="T1051"/><temp name="T1040"/><temp name="T1074"/><temp name="T1123"/><temp name="T1080"/><temp name="T980"/><temp name="T1060"/><temp name="T1071"/><temp name="T1086"/><temp name="T1125"/><temp name="T988"/><temp name="T1014"/><temp name="T1011"/><temp name="T1048"/><temp name="T1111"/><temp name="T1115"/><temp name="T1000"/><temp name="T1063"/><temp name="T85"/><temp name="T1032"/><temp name="T6"/><temp name="T1092"/><temp name="T1100"/><temp name="T1152"/><temp name="T995"/><temp name="T1096"/><temp name="T1026"/><temp name="T1036"/><temp name="T1065"/><temp name="T1020"/><temp name="T1157"/><temp name="T991"/><temp name="T1131"/><temp name="T1134"/><temp name="T1140"/><temp name="T1003"/><temp name="T1005"/><temp name="T1120"/><temp name="T1055"/></temps></instruction><instruction code="INCMH T982, 0"><temps name="use"/><temps name="def"><temp name="T982"/></temps><temps name="in"><temp name="T1146"/><temp name="T1108"/><temp name="T1051"/><temp name="T1040"/><temp name="T1074"/><temp name="T1123"/><temp name="T1080"/><temp name="T980"/><temp name="T1060"/><temp name="T1071"/><temp name="T1086"/><temp name="T1125"/><temp name="T988"/><temp name="T1014"/><temp name="T1011"/><temp name="T1048"/><temp name="T1111"/><temp name="T1115"/><temp name="T1000"/><temp name="T1063"/><temp name="T85"/><temp name="T1032"/><temp name="T6"/><temp name="T1092"/><temp name="T1100"/><temp name="T1152"/><temp name="T995"/><temp name="T1096"/><temp name="T1026"/><temp name="T1036"/><temp name="T1065"/><temp name="T1020"/><temp name="T1157"/><temp name="T991"/><temp name="T1131"/><temp name="T1134"/><temp name="T1140"/><temp name="T1003"/><temp name="T1005"/><temp name="T1120"/><temp name="T1055"/></temps><temps name="out"><temp name="T1146"/><temp name="T1108"/><temp name="T1051"/><temp name="T1040"/><temp name="T1074"/><temp name="T1123"/><temp name="T1080"/><temp name="T980"/><temp name="T1060"/><temp name="T1071"/><temp name="T1086"/><temp name="T1125"/><temp name="T988"/><temp name="T1014"/><temp name="T1011"/><temp name="T1048"/><temp name="T1111"/><temp name="T1115"/><temp name="T1000"/><temp name="T1063"/><temp name="T85"/><temp name="T1032"/><temp name="T6"/><temp name="T1092"/><temp name="T1100"/><temp name="T1152"/><temp name="T995"/><temp name="T1096"/><temp name="T1026"/><temp name="T1036"/><temp name="T1065"/><temp name="T1020"/><temp name="T1157"/><temp name="T991"/><temp name="T1131"/><temp name="T1134"/><temp name="T1140"/><temp name="T1003"/><temp name="T1005"/><temp name="T1120"/><temp name="T1055"/></temps></instruction><instruction code="INCH  T982, 0"><temps name="use"/><temps name="def"><temp name="T982"/></temps><temps name="in"><temp name="T1146"/><temp name="T1108"/><temp name="T1051"/><temp name="T1040"/><temp name="T1074"/><temp name="T1123"/><temp name="T1080"/><temp name="T980"/><temp name="T1060"/><temp name="T1071"/><temp name="T1086"/><temp name="T1125"/><temp name="T988"/><temp name="T1014"/><temp name="T1011"/><temp name="T1048"/><temp name="T1111"/><temp name="T1115"/><temp name="T1000"/><temp name="T1063"/><temp name="T85"/><temp name="T1032"/><temp name="T6"/><temp name="T1092"/><temp name="T1100"/><temp name="T1152"/><temp name="T995"/><temp name="T1096"/><temp name="T1026"/><temp name="T1036"/><temp name="T1065"/><temp name="T1020"/><temp name="T1157"/><temp name="T991"/><temp name="T1131"/><temp name="T1134"/><temp name="T1140"/><temp name="T1003"/><temp name="T1005"/><temp name="T1120"/><temp name="T1055"/></temps><temps name="out"><temp name="T1146"/><temp name="T1108"/><temp name="T1051"/><temp name="T1040"/><temp name="T1074"/><temp name="T1123"/><temp name="T1080"/><temp name="T980"/><temp name="T1060"/><temp name="T1071"/><temp name="T1086"/><temp name="T1125"/><temp name="T988"/><temp name="T1014"/><temp name="T1011"/><temp name="T1048"/><temp name="T1111"/><temp name="T1115"/><temp name="T1000"/><temp name="T1063"/><temp name="T85"/><temp name="T1032"/><temp name="T6"/><temp name="T1092"/><temp name="T1100"/><temp name="T1152"/><temp name="T982"/><temp name="T995"/><temp name="T1096"/><temp name="T1026"/><temp name="T1036"/><temp name="T1065"/><temp name="T1020"/><temp name="T1157"/><temp name="T991"/><temp name="T1131"/><temp name="T1134"/><temp name="T1140"/><temp name="T1003"/><temp name="T1005"/><temp name="T1120"/><temp name="T1055"/></temps></instruction><instruction code="OR T86, T982, 0"><temps name="use"><temp name="T982"/></temps><temps name="def"><temp name="T86"/></temps><temps name="in"><temp name="T1146"/><temp name="T1108"/><temp name="T1051"/><temp name="T1040"/><temp name="T1074"/><temp name="T1123"/><temp name="T1080"/><temp name="T980"/><temp name="T1060"/><temp name="T1071"/><temp name="T1086"/><temp name="T1125"/><temp name="T988"/><temp name="T1014"/><temp name="T1011"/><temp name="T1048"/><temp name="T1111"/><temp name="T1115"/><temp name="T1000"/><temp name="T1063"/><temp name="T85"/><temp name="T1032"/><temp name="T6"/><temp name="T1092"/><temp name="T1100"/><temp name="T1152"/><temp name="T982"/><temp name="T995"/><temp name="T1096"/><temp name="T1026"/><temp name="T1036"/><temp name="T1065"/><temp name="T1020"/><temp name="T1157"/><temp name="T991"/><temp name="T1131"/><temp name="T1134"/><temp name="T1140"/><temp name="T1003"/><temp name="T1005"/><temp name="T1120"/><temp name="T1055"/></temps><temps name="out"><temp name="T1146"/><temp name="T1108"/><temp name="T1051"/><temp name="T1040"/><temp name="T1074"/><temp name="T1123"/><temp name="T1080"/><temp name="T980"/><temp name="T1060"/><temp name="T1071"/><temp name="T1086"/><temp name="T1125"/><temp name="T988"/><temp name="T1014"/><temp name="T1011"/><temp name="T1048"/><temp name="T1111"/><temp name="T1115"/><temp name="T1000"/><temp name="T1063"/><temp name="T85"/><temp name="T1032"/><temp name="T6"/><temp name="T1092"/><temp name="T1100"/><temp name="T1152"/><temp name="T995"/><temp name="T1096"/><temp name="T1026"/><temp name="T1036"/><temp name="T1065"/><temp name="T1020"/><temp name="T1157"/><temp name="T86"/><temp name="T991"/><temp name="T1131"/><temp name="T1134"/><temp name="T1140"/><temp name="T1003"/><temp name="T1005"/><temp name="T1120"/><temp name="T1055"/></temps></instruction><instruction code="CMP T983, T85, T86"><temps name="use"><temp name="T85"/><temp name="T86"/></temps><temps name="def"><temp name="T983"/></temps><temps name="in"><temp name="T1146"/><temp name="T1108"/><temp name="T1051"/><temp name="T1040"/><temp name="T1074"/><temp name="T1123"/><temp name="T1080"/><temp name="T980"/><temp name="T1060"/><temp name="T1071"/><temp name="T1086"/><temp name="T1125"/><temp name="T988"/><temp name="T1014"/><temp name="T1011"/><temp name="T1048"/><temp name="T1111"/><temp name="T1115"/><temp name="T1000"/><temp name="T1063"/><temp name="T85"/><temp name="T1032"/><temp name="T6"/><temp name="T1092"/><temp name="T1100"/><temp name="T1152"/><temp name="T995"/><temp name="T1096"/><temp name="T1026"/><temp name="T1036"/><temp name="T1065"/><temp name="T1020"/><temp name="T1157"/><temp name="T86"/><temp name="T991"/><temp name="T1131"/><temp name="T1134"/><temp name="T1140"/><temp name="T1003"/><temp name="T1005"/><temp name="T1120"/><temp name="T1055"/></temps><temps name="out"><temp name="T1146"/><temp name="T1108"/><temp name="T1051"/><temp name="T1040"/><temp name="T1074"/><temp name="T1123"/><temp name="T1080"/><temp name="T980"/><temp name="T983"/><temp name="T1060"/><temp name="T1071"/><temp name="T1086"/><temp name="T1125"/><temp name="T988"/><temp name="T1014"/><temp name="T1011"/><temp name="T1048"/><temp name="T1111"/><temp name="T1115"/><temp name="T1000"/><temp name="T1063"/><temp name="T1032"/><temp name="T6"/><temp name="T1092"/><temp name="T1100"/><temp name="T1152"/><temp name="T995"/><temp name="T1096"/><temp name="T1026"/><temp name="T1036"/><temp name="T1065"/><temp name="T1020"/><temp name="T1157"/><temp name="T991"/><temp name="T1131"/><temp name="T1134"/><temp name="T1140"/><temp name="T1003"/><temp name="T1005"/><temp name="T1120"/><temp name="T1055"/></temps></instruction><instruction code="ZSNP T983, T983, 1"><temps name="use"><temp name="T983"/></temps><temps name="def"><temp name="T983"/></temps><temps name="in"><temp name="T1146"/><temp name="T1108"/><temp name="T1051"/><temp name="T1040"/><temp name="T1074"/><temp name="T1123"/><temp name="T1080"/><temp name="T980"/><temp name="T983"/><temp name="T1060"/><temp name="T1071"/><temp name="T1086"/><temp name="T1125"/><temp name="T988"/><temp name="T1014"/><temp name="T1011"/><temp name="T1048"/><temp name="T1111"/><temp name="T1115"/><temp name="T1000"/><temp name="T1063"/><temp name="T1032"/><temp name="T6"/><temp name="T1092"/><temp name="T1100"/><temp name="T1152"/><temp name="T995"/><temp name="T1096"/><temp name="T1026"/><temp name="T1036"/><temp name="T1065"/><temp name="T1020"/><temp name="T1157"/><temp name="T991"/><temp name="T1131"/><temp name="T1134"/><temp name="T1140"/><temp name="T1003"/><temp name="T1005"/><temp name="T1120"/><temp name="T1055"/></temps><temps name="out"><temp name="T1146"/><temp name="T1108"/><temp name="T1051"/><temp name="T1040"/><temp name="T1074"/><temp name="T1123"/><temp name="T1080"/><temp name="T980"/><temp name="T983"/><temp name="T1060"/><temp name="T1071"/><temp name="T1086"/><temp name="T1125"/><temp name="T988"/><temp name="T1014"/><temp name="T1011"/><temp name="T1048"/><temp name="T1111"/><temp name="T1115"/><temp name="T1000"/><temp name="T1063"/><temp name="T1032"/><temp name="T6"/><temp name="T1092"/><temp name="T1100"/><temp name="T1152"/><temp name="T995"/><temp name="T1096"/><temp name="T1026"/><temp name="T1036"/><temp name="T1065"/><temp name="T1020"/><temp name="T1157"/><temp name="T991"/><temp name="T1131"/><temp name="T1134"/><temp name="T1140"/><temp name="T1003"/><temp name="T1005"/><temp name="T1120"/><temp name="T1055"/></temps></instruction><instruction code="OR T87, T983, 0"><temps name="use"><temp name="T983"/></temps><temps name="def"><temp name="T87"/></temps><temps name="in"><temp name="T1146"/><temp name="T1108"/><temp name="T1051"/><temp name="T1040"/><temp name="T1074"/><temp name="T1123"/><temp name="T1080"/><temp name="T980"/><temp name="T983"/><temp name="T1060"/><temp name="T1071"/><temp name="T1086"/><temp name="T1125"/><temp name="T988"/><temp name="T1014"/><temp name="T1011"/><temp name="T1048"/><temp name="T1111"/><temp name="T1115"/><temp name="T1000"/><temp name="T1063"/><temp name="T1032"/><temp name="T6"/><temp name="T1092"/><temp name="T1100"/><temp name="T1152"/><temp name="T995"/><temp name="T1096"/><temp name="T1026"/><temp name="T1036"/><temp name="T1065"/><temp name="T1020"/><temp name="T1157"/><temp name="T991"/><temp name="T1131"/><temp name="T1134"/><temp name="T1140"/><temp name="T1003"/><temp name="T1005"/><temp name="T1120"/><temp name="T1055"/></temps><temps name="out"><temp name="T1146"/><temp name="T1108"/><temp name="T1051"/><temp name="T1040"/><temp name="T1074"/><temp name="T1123"/><temp name="T1080"/><temp name="T980"/><temp name="T1060"/><temp name="T1071"/><temp name="T1086"/><temp name="T1125"/><temp name="T988"/><temp name="T1014"/><temp name="T1011"/><temp name="T1048"/><temp name="T1111"/><temp name="T1115"/><temp name="T1000"/><temp name="T1063"/><temp name="T1032"/><temp name="T6"/><temp name="T87"/><temp name="T1092"/><temp name="T1100"/><temp name="T1152"/><temp name="T995"/><temp name="T1096"/><temp name="T1026"/><temp name="T1036"/><temp name="T1065"/><temp name="T1020"/><temp name="T1157"/><temp name="T991"/><temp name="T1131"/><temp name="T1134"/><temp name="T1140"/><temp name="T1003"/><temp name="T1005"/><temp name="T1120"/><temp name="T1055"/></temps></instruction><instruction code="BNZ T87, L13"><temps name="use"><temp name="T87"/></temps><temps name="def"/><temps name="in"><temp name="T1146"/><temp name="T1108"/><temp name="T1051"/><temp name="T1040"/><temp name="T1074"/><temp name="T1123"/><temp name="T1080"/><temp name="T980"/><temp name="T1060"/><temp name="T1071"/><temp name="T1086"/><temp name="T1125"/><temp name="T988"/><temp name="T1014"/><temp name="T1011"/><temp name="T1048"/><temp name="T1111"/><temp name="T1115"/><temp name="T1000"/><temp name="T1063"/><temp name="T1032"/><temp name="T6"/><temp name="T87"/><temp name="T1092"/><temp name="T1100"/><temp name="T1152"/><temp name="T995"/><temp name="T1096"/><temp name="T1026"/><temp name="T1036"/><temp name="T1065"/><temp name="T1020"/><temp name="T1157"/><temp name="T991"/><temp name="T1131"/><temp name="T1134"/><temp name="T1140"/><temp name="T1003"/><temp name="T1005"/><temp name="T1120"/><temp name="T1055"/></temps><temps name="out"><temp name="T1146"/><temp name="T1108"/><temp name="T1051"/><temp name="T1040"/><temp name="T1074"/><temp name="T1123"/><temp name="T1080"/><temp name="T980"/><temp name="T1060"/><temp name="T1071"/><temp name="T1086"/><temp name="T1125"/><temp name="T988"/><temp name="T1014"/><temp name="T1011"/><temp name="T1048"/><temp name="T1111"/><temp name="T1115"/><temp name="T1000"/><temp name="T1063"/><temp name="T1032"/><temp name="T6"/><temp name="T1092"/><temp name="T1100"/><temp name="T1152"/><temp name="T995"/><temp name="T1096"/><temp name="T1026"/><temp name="T1036"/><temp name="T1065"/><temp name="T1020"/><temp name="T1157"/><temp name="T991"/><temp name="T1131"/><temp name="T1134"/><temp name="T1140"/><temp name="T1003"/><temp name="T1005"/><temp name="T1120"/><temp name="T1055"/></temps></instruction><instruction code="L106"><temps name="use"/><temps name="def"/><temps name="in"><temp name="T1146"/><temp name="T1108"/><temp name="T1051"/><temp name="T1040"/><temp name="T1074"/><temp name="T1123"/><temp name="T1080"/><temp name="T980"/><temp name="T1060"/><temp name="T1071"/><temp name="T1086"/><temp name="T1125"/><temp name="T988"/><temp name="T1014"/><temp name="T1011"/><temp name="T1048"/><temp name="T1111"/><temp name="T1115"/><temp name="T1000"/><temp name="T1063"/><temp name="T1032"/><temp name="T6"/><temp name="T1092"/><temp name="T1100"/><temp name="T1152"/><temp name="T995"/><temp name="T1096"/><temp name="T1026"/><temp name="T1036"/><temp name="T1065"/><temp name="T1020"/><temp name="T1157"/><temp name="T991"/><temp name="T1131"/><temp name="T1134"/><temp name="T1140"/><temp name="T1003"/><temp name="T1005"/><temp name="T1120"/><temp name="T1055"/></temps><temps name="out"><temp name="T1146"/><temp name="T1108"/><temp name="T1051"/><temp name="T1040"/><temp name="T1074"/><temp name="T1123"/><temp name="T1080"/><temp name="T980"/><temp name="T1060"/><temp name="T1071"/><temp name="T1086"/><temp name="T1125"/><temp name="T988"/><temp name="T1014"/><temp name="T1011"/><temp name="T1048"/><temp name="T1111"/><temp name="T1115"/><temp name="T1000"/><temp name="T1063"/><temp name="T1032"/><temp name="T6"/><temp name="T1092"/><temp name="T1100"/><temp name="T1152"/><temp name="T995"/><temp name="T1096"/><temp name="T1026"/><temp name="T1036"/><temp name="T1065"/><temp name="T1020"/><temp name="T1157"/><temp name="T991"/><temp name="T1131"/><temp name="T1134"/><temp name="T1140"/><temp name="T1003"/><temp name="T1005"/><temp name="T1120"/><temp name="T1055"/></temps></instruction><instruction code="LDA T984, L14"><temps name="use"/><temps name="def"><temp name="T984"/></temps><temps name="in"><temp name="T1146"/><temp name="T1108"/><temp name="T1051"/><temp name="T1040"/><temp name="T1074"/><temp name="T1123"/><temp name="T1080"/><temp name="T980"/><temp name="T1060"/><temp name="T1071"/><temp name="T1086"/><temp name="T1125"/><temp name="T988"/><temp name="T1014"/><temp name="T1011"/><temp name="T1048"/><temp name="T1111"/><temp name="T1115"/><temp name="T1000"/><temp name="T1063"/><temp name="T1032"/><temp name="T6"/><temp name="T1092"/><temp name="T1100"/><temp name="T1152"/><temp name="T995"/><temp name="T1096"/><temp name="T1026"/><temp name="T1036"/><temp name="T1065"/><temp name="T1020"/><temp name="T1157"/><temp name="T991"/><temp name="T1131"/><temp name="T1134"/><temp name="T1140"/><temp name="T1003"/><temp name="T1005"/><temp name="T1120"/><temp name="T1055"/></temps><temps name="out"><temp name="T1146"/><temp name="T1108"/><temp name="T1051"/><temp name="T1040"/><temp name="T1074"/><temp name="T1123"/><temp name="T1080"/><temp name="T980"/><temp name="T1060"/><temp name="T1071"/><temp name="T1086"/><temp name="T1125"/><temp name="T988"/><temp name="T1014"/><temp name="T1011"/><temp name="T1048"/><temp name="T1111"/><temp name="T1115"/><temp name="T1000"/><temp name="T1063"/><temp name="T1032"/><temp name="T6"/><temp name="T1092"/><temp name="T1100"/><temp name="T1152"/><temp name="T995"/><temp name="T1096"/><temp name="T1026"/><temp name="T1036"/><temp name="T1065"/><temp name="T1020"/><temp name="T1157"/><temp name="T991"/><temp name="T1131"/><temp name="T1134"/><temp name="T1140"/><temp name="T1003"/><temp name="T1005"/><temp name="T1120"/><temp name="T984"/><temp name="T1055"/></temps></instruction><instruction code="GO T984, T984, 0"><temps name="use"><temp name="T984"/></temps><temps name="def"><temp name="T984"/></temps><temps name="in"><temp name="T1146"/><temp name="T1108"/><temp name="T1051"/><temp name="T1040"/><temp name="T1074"/><temp name="T1123"/><temp name="T1080"/><temp name="T980"/><temp name="T1060"/><temp name="T1071"/><temp name="T1086"/><temp name="T1125"/><temp name="T988"/><temp name="T1014"/><temp name="T1011"/><temp name="T1048"/><temp name="T1111"/><temp name="T1115"/><temp name="T1000"/><temp name="T1063"/><temp name="T1032"/><temp name="T6"/><temp name="T1092"/><temp name="T1100"/><temp name="T1152"/><temp name="T995"/><temp name="T1096"/><temp name="T1026"/><temp name="T1036"/><temp name="T1065"/><temp name="T1020"/><temp name="T1157"/><temp name="T991"/><temp name="T1131"/><temp name="T1134"/><temp name="T1140"/><temp name="T1003"/><temp name="T1005"/><temp name="T1120"/><temp name="T984"/><temp name="T1055"/></temps><temps name="out"><temp name="T1146"/><temp name="T1108"/><temp name="T1051"/><temp name="T1040"/><temp name="T1074"/><temp name="T1123"/><temp name="T1080"/><temp name="T980"/><temp name="T1060"/><temp name="T1071"/><temp name="T1086"/><temp name="T1125"/><temp name="T988"/><temp name="T1014"/><temp name="T1011"/><temp name="T1048"/><temp name="T1111"/><temp name="T1115"/><temp name="T1000"/><temp name="T1063"/><temp name="T1032"/><temp name="T6"/><temp name="T1092"/><temp name="T1100"/><temp name="T1152"/><temp name="T995"/><temp name="T1096"/><temp name="T1026"/><temp name="T1036"/><temp name="T1065"/><temp name="T1020"/><temp name="T1157"/><temp name="T991"/><temp name="T1131"/><temp name="T1134"/><temp name="T1140"/><temp name="T1003"/><temp name="T1005"/><temp name="T1120"/><temp name="T1055"/></temps></instruction><instruction code="L13"><temps name="use"/><temps name="def"/><temps name="in"><temp name="T1146"/><temp name="T1108"/><temp name="T1051"/><temp name="T1040"/><temp name="T1074"/><temp name="T1123"/><temp name="T1080"/><temp name="T980"/><temp name="T1060"/><temp name="T1071"/><temp name="T1086"/><temp name="T1125"/><temp name="T988"/><temp name="T1014"/><temp name="T1011"/><temp name="T1048"/><temp name="T1111"/><temp name="T1115"/><temp name="T1000"/><temp name="T1063"/><temp name="T1032"/><temp name="T6"/><temp name="T1092"/><temp name="T1100"/><temp name="T1152"/><temp name="T995"/><temp name="T1096"/><temp name="T1026"/><temp name="T1036"/><temp name="T1065"/><temp name="T1020"/><temp name="T1157"/><temp name="T991"/><temp name="T1131"/><temp name="T1134"/><temp name="T1140"/><temp name="T1003"/><temp name="T1005"/><temp name="T1120"/><temp name="T1055"/></temps><temps name="out"><temp name="T1146"/><temp name="T1108"/><temp name="T1051"/><temp name="T1040"/><temp name="T1074"/><temp name="T1123"/><temp name="T1080"/><temp name="T980"/><temp name="T1060"/><temp name="T1071"/><temp name="T1086"/><temp name="T1125"/><temp name="T988"/><temp name="T1014"/><temp name="T1011"/><temp name="T1048"/><temp name="T1111"/><temp name="T1115"/><temp name="T1000"/><temp name="T1063"/><temp name="T1032"/><temp name="T6"/><temp name="T1092"/><temp name="T1100"/><temp name="T1152"/><temp name="T995"/><temp name="T1096"/><temp name="T1026"/><temp name="T1036"/><temp name="T1065"/><temp name="T1020"/><temp name="T1157"/><temp name="T991"/><temp name="T1131"/><temp name="T1134"/><temp name="T1140"/><temp name="T1003"/><temp name="T1005"/><temp name="T1120"/><temp name="T1055"/></temps></instruction><instruction code="SETL  T985, 0"><temps name="use"/><temps name="def"><temp name="T985"/></temps><temps name="in"><temp name="T1146"/><temp name="T1108"/><temp name="T1051"/><temp name="T1040"/><temp name="T1074"/><temp name="T1123"/><temp name="T1080"/><temp name="T980"/><temp name="T1060"/><temp name="T1071"/><temp name="T1086"/><temp name="T1125"/><temp name="T988"/><temp name="T1014"/><temp name="T1011"/><temp name="T1048"/><temp name="T1111"/><temp name="T1115"/><temp name="T1000"/><temp name="T1063"/><temp name="T1032"/><temp name="T6"/><temp name="T1092"/><temp name="T1100"/><temp name="T1152"/><temp name="T995"/><temp name="T1096"/><temp name="T1026"/><temp name="T1036"/><temp name="T1065"/><temp name="T1020"/><temp name="T1157"/><temp name="T991"/><temp name="T1131"/><temp name="T1134"/><temp name="T1140"/><temp name="T1003"/><temp name="T1005"/><temp name="T1120"/><temp name="T1055"/></temps><temps name="out"><temp name="T1146"/><temp name="T1108"/><temp name="T1051"/><temp name="T1040"/><temp name="T1074"/><temp name="T1123"/><temp name="T1080"/><temp name="T980"/><temp name="T1060"/><temp name="T1071"/><temp name="T1086"/><temp name="T1125"/><temp name="T988"/><temp name="T1014"/><temp name="T1011"/><temp name="T1048"/><temp name="T1111"/><temp name="T1115"/><temp name="T1000"/><temp name="T1063"/><temp name="T1032"/><temp name="T6"/><temp name="T1092"/><temp name="T1100"/><temp name="T1152"/><temp name="T995"/><temp name="T1096"/><temp name="T1026"/><temp name="T1036"/><temp name="T1065"/><temp name="T1020"/><temp name="T1157"/><temp name="T991"/><temp name="T1131"/><temp name="T1134"/><temp name="T1140"/><temp name="T1003"/><temp name="T1005"/><temp name="T1120"/><temp name="T1055"/></temps></instruction><instruction code="INCML T985, 0"><temps name="use"/><temps name="def"><temp name="T985"/></temps><temps name="in"><temp name="T1146"/><temp name="T1108"/><temp name="T1051"/><temp name="T1040"/><temp name="T1074"/><temp name="T1123"/><temp name="T1080"/><temp name="T980"/><temp name="T1060"/><temp name="T1071"/><temp name="T1086"/><temp name="T1125"/><temp name="T988"/><temp name="T1014"/><temp name="T1011"/><temp name="T1048"/><temp name="T1111"/><temp name="T1115"/><temp name="T1000"/><temp name="T1063"/><temp name="T1032"/><temp name="T6"/><temp name="T1092"/><temp name="T1100"/><temp name="T1152"/><temp name="T995"/><temp name="T1096"/><temp name="T1026"/><temp name="T1036"/><temp name="T1065"/><temp name="T1020"/><temp name="T1157"/><temp name="T991"/><temp name="T1131"/><temp name="T1134"/><temp name="T1140"/><temp name="T1003"/><temp name="T1005"/><temp name="T1120"/><temp name="T1055"/></temps><temps name="out"><temp name="T1146"/><temp name="T1108"/><temp name="T1051"/><temp name="T1040"/><temp name="T1074"/><temp name="T1123"/><temp name="T1080"/><temp name="T980"/><temp name="T1060"/><temp name="T1071"/><temp name="T1086"/><temp name="T1125"/><temp name="T988"/><temp name="T1014"/><temp name="T1011"/><temp name="T1048"/><temp name="T1111"/><temp name="T1115"/><temp name="T1000"/><temp name="T1063"/><temp name="T1032"/><temp name="T6"/><temp name="T1092"/><temp name="T1100"/><temp name="T1152"/><temp name="T995"/><temp name="T1096"/><temp name="T1026"/><temp name="T1036"/><temp name="T1065"/><temp name="T1020"/><temp name="T1157"/><temp name="T991"/><temp name="T1131"/><temp name="T1134"/><temp name="T1140"/><temp name="T1003"/><temp name="T1005"/><temp name="T1120"/><temp name="T1055"/></temps></instruction><instruction code="INCMH T985, 0"><temps name="use"/><temps name="def"><temp name="T985"/></temps><temps name="in"><temp name="T1146"/><temp name="T1108"/><temp name="T1051"/><temp name="T1040"/><temp name="T1074"/><temp name="T1123"/><temp name="T1080"/><temp name="T980"/><temp name="T1060"/><temp name="T1071"/><temp name="T1086"/><temp name="T1125"/><temp name="T988"/><temp name="T1014"/><temp name="T1011"/><temp name="T1048"/><temp name="T1111"/><temp name="T1115"/><temp name="T1000"/><temp name="T1063"/><temp name="T1032"/><temp name="T6"/><temp name="T1092"/><temp name="T1100"/><temp name="T1152"/><temp name="T995"/><temp name="T1096"/><temp name="T1026"/><temp name="T1036"/><temp name="T1065"/><temp name="T1020"/><temp name="T1157"/><temp name="T991"/><temp name="T1131"/><temp name="T1134"/><temp name="T1140"/><temp name="T1003"/><temp name="T1005"/><temp name="T1120"/><temp name="T1055"/></temps><temps name="out"><temp name="T1146"/><temp name="T1108"/><temp name="T1051"/><temp name="T1040"/><temp name="T1074"/><temp name="T1123"/><temp name="T1080"/><temp name="T980"/><temp name="T1060"/><temp name="T1071"/><temp name="T1086"/><temp name="T1125"/><temp name="T988"/><temp name="T1014"/><temp name="T1011"/><temp name="T1048"/><temp name="T1111"/><temp name="T1115"/><temp name="T1000"/><temp name="T1063"/><temp name="T1032"/><temp name="T6"/><temp name="T1092"/><temp name="T1100"/><temp name="T1152"/><temp name="T995"/><temp name="T1096"/><temp name="T1026"/><temp name="T1036"/><temp name="T1065"/><temp name="T1020"/><temp name="T1157"/><temp name="T991"/><temp name="T1131"/><temp name="T1134"/><temp name="T1140"/><temp name="T1003"/><temp name="T1005"/><temp name="T1120"/><temp name="T1055"/></temps></instruction><instruction code="INCH  T985, 0"><temps name="use"/><temps name="def"><temp name="T985"/></temps><temps name="in"><temp name="T1146"/><temp name="T1108"/><temp name="T1051"/><temp name="T1040"/><temp name="T1074"/><temp name="T1123"/><temp name="T1080"/><temp name="T980"/><temp name="T1060"/><temp name="T1071"/><temp name="T1086"/><temp name="T1125"/><temp name="T988"/><temp name="T1014"/><temp name="T1011"/><temp name="T1048"/><temp name="T1111"/><temp name="T1115"/><temp name="T1000"/><temp name="T1063"/><temp name="T1032"/><temp name="T6"/><temp name="T1092"/><temp name="T1100"/><temp name="T1152"/><temp name="T995"/><temp name="T1096"/><temp name="T1026"/><temp name="T1036"/><temp name="T1065"/><temp name="T1020"/><temp name="T1157"/><temp name="T991"/><temp name="T1131"/><temp name="T1134"/><temp name="T1140"/><temp name="T1003"/><temp name="T1005"/><temp name="T1120"/><temp name="T1055"/></temps><temps name="out"><temp name="T1146"/><temp name="T1108"/><temp name="T1051"/><temp name="T1040"/><temp name="T1074"/><temp name="T1123"/><temp name="T1080"/><temp name="T980"/><temp name="T1060"/><temp name="T1071"/><temp name="T985"/><temp name="T1086"/><temp name="T1125"/><temp name="T988"/><temp name="T1014"/><temp name="T1011"/><temp name="T1048"/><temp name="T1111"/><temp name="T1115"/><temp name="T1000"/><temp name="T1063"/><temp name="T1032"/><temp name="T6"/><temp name="T1092"/><temp name="T1100"/><temp name="T1152"/><temp name="T995"/><temp name="T1096"/><temp name="T1026"/><temp name="T1036"/><temp name="T1065"/><temp name="T1020"/><temp name="T1157"/><temp name="T991"/><temp name="T1131"/><temp name="T1134"/><temp name="T1140"/><temp name="T1003"/><temp name="T1005"/><temp name="T1120"/><temp name="T1055"/></temps></instruction><instruction code="OR T88, T985, 0"><temps name="use"><temp name="T985"/></temps><temps name="def"><temp name="T88"/></temps><temps name="in"><temp name="T1146"/><temp name="T1108"/><temp name="T1051"/><temp name="T1040"/><temp name="T1074"/><temp name="T1123"/><temp name="T1080"/><temp name="T980"/><temp name="T1060"/><temp name="T1071"/><temp name="T985"/><temp name="T1086"/><temp name="T1125"/><temp name="T988"/><temp name="T1014"/><temp name="T1011"/><temp name="T1048"/><temp name="T1111"/><temp name="T1115"/><temp name="T1000"/><temp name="T1063"/><temp name="T1032"/><temp name="T6"/><temp name="T1092"/><temp name="T1100"/><temp name="T1152"/><temp name="T995"/><temp name="T1096"/><temp name="T1026"/><temp name="T1036"/><temp name="T1065"/><temp name="T1020"/><temp name="T1157"/><temp name="T991"/><temp name="T1131"/><temp name="T1134"/><temp name="T1140"/><temp name="T1003"/><temp name="T1005"/><temp name="T1120"/><temp name="T1055"/></temps><temps name="out"><temp name="T1146"/><temp name="T1108"/><temp name="T1051"/><temp name="T1040"/><temp name="T1074"/><temp name="T1123"/><temp name="T1080"/><temp name="T980"/><temp name="T1060"/><temp name="T1071"/><temp name="T1086"/><temp name="T1125"/><temp name="T988"/><temp name="T1014"/><temp name="T1011"/><temp name="T1048"/><temp name="T1111"/><temp name="T1115"/><temp name="T1000"/><temp name="T1063"/><temp name="T1032"/><temp name="T6"/><temp name="T1092"/><temp name="T1100"/><temp name="T1152"/><temp name="T995"/><temp name="T1096"/><temp name="T1026"/><temp name="T1036"/><temp name="T1065"/><temp name="T88"/><temp name="T1020"/><temp name="T1157"/><temp name="T991"/><temp name="T1131"/><temp name="T1134"/><temp name="T1140"/><temp name="T1003"/><temp name="T1005"/><temp name="T1120"/><temp name="T1055"/></temps></instruction><instruction code="OR T89, T6, 0"><temps name="use"><temp name="T6"/></temps><temps name="def"><temp name="T89"/></temps><temps name="in"><temp name="T1146"/><temp name="T1108"/><temp name="T1051"/><temp name="T1040"/><temp name="T1074"/><temp name="T1123"/><temp name="T1080"/><temp name="T980"/><temp name="T1060"/><temp name="T1071"/><temp name="T1086"/><temp name="T1125"/><temp name="T988"/><temp name="T1014"/><temp name="T1011"/><temp name="T1048"/><temp name="T1111"/><temp name="T1115"/><temp name="T1000"/><temp name="T1063"/><temp name="T1032"/><temp name="T6"/><temp name="T1092"/><temp name="T1100"/><temp name="T1152"/><temp name="T995"/><temp name="T1096"/><temp name="T1026"/><temp name="T1036"/><temp name="T1065"/><temp name="T88"/><temp name="T1020"/><temp name="T1157"/><temp name="T991"/><temp name="T1131"/><temp name="T1134"/><temp name="T1140"/><temp name="T1003"/><temp name="T1005"/><temp name="T1120"/><temp name="T1055"/></temps><temps name="out"><temp name="T1146"/><temp name="T1108"/><temp name="T1051"/><temp name="T1040"/><temp name="T89"/><temp name="T1074"/><temp name="T1123"/><temp name="T1080"/><temp name="T980"/><temp name="T1060"/><temp name="T1071"/><temp name="T1086"/><temp name="T1125"/><temp name="T988"/><temp name="T1014"/><temp name="T1011"/><temp name="T1048"/><temp name="T1111"/><temp name="T1115"/><temp name="T1000"/><temp name="T1063"/><temp name="T1032"/><temp name="T6"/><temp name="T1092"/><temp name="T1100"/><temp name="T1152"/><temp name="T995"/><temp name="T1096"/><temp name="T1026"/><temp name="T1036"/><temp name="T1065"/><temp name="T88"/><temp name="T1020"/><temp name="T1157"/><temp name="T991"/><temp name="T1131"/><temp name="T1134"/><temp name="T1140"/><temp name="T1003"/><temp name="T1005"/><temp name="T1120"/><temp name="T1055"/></temps></instruction><instruction code="SETL  T986, 8"><temps name="use"/><temps name="def"><temp name="T986"/></temps><temps name="in"><temp name="T1146"/><temp name="T1108"/><temp name="T1051"/><temp name="T1040"/><temp name="T89"/><temp name="T1074"/><temp name="T1123"/><temp name="T1080"/><temp name="T980"/><temp name="T1060"/><temp name="T1071"/><temp name="T1086"/><temp name="T1125"/><temp name="T988"/><temp name="T1014"/><temp name="T1011"/><temp name="T1048"/><temp name="T1111"/><temp name="T1115"/><temp name="T1000"/><temp name="T1063"/><temp name="T1032"/><temp name="T6"/><temp name="T1092"/><temp name="T1100"/><temp name="T1152"/><temp name="T995"/><temp name="T1096"/><temp name="T1026"/><temp name="T1036"/><temp name="T1065"/><temp name="T88"/><temp name="T1020"/><temp name="T1157"/><temp name="T991"/><temp name="T1131"/><temp name="T1134"/><temp name="T1140"/><temp name="T1003"/><temp name="T1005"/><temp name="T1120"/><temp name="T1055"/></temps><temps name="out"><temp name="T1146"/><temp name="T1108"/><temp name="T1051"/><temp name="T1040"/><temp name="T89"/><temp name="T1074"/><temp name="T1123"/><temp name="T1080"/><temp name="T980"/><temp name="T1060"/><temp name="T1071"/><temp name="T1086"/><temp name="T1125"/><temp name="T988"/><temp name="T1014"/><temp name="T1011"/><temp name="T1048"/><temp name="T1111"/><temp name="T1115"/><temp name="T1000"/><temp name="T1063"/><temp name="T1032"/><temp name="T6"/><temp name="T1092"/><temp name="T1100"/><temp name="T1152"/><temp name="T995"/><temp name="T1096"/><temp name="T1026"/><temp name="T1036"/><temp name="T1065"/><temp name="T88"/><temp name="T1020"/><temp name="T1157"/><temp name="T991"/><temp name="T1131"/><temp name="T1134"/><temp name="T1140"/><temp name="T1003"/><temp name="T1005"/><temp name="T1120"/><temp name="T1055"/></temps></instruction><instruction code="INCML T986, 0"><temps name="use"/><temps name="def"><temp name="T986"/></temps><temps name="in"><temp name="T1146"/><temp name="T1108"/><temp name="T1051"/><temp name="T1040"/><temp name="T89"/><temp name="T1074"/><temp name="T1123"/><temp name="T1080"/><temp name="T980"/><temp name="T1060"/><temp name="T1071"/><temp name="T1086"/><temp name="T1125"/><temp name="T988"/><temp name="T1014"/><temp name="T1011"/><temp name="T1048"/><temp name="T1111"/><temp name="T1115"/><temp name="T1000"/><temp name="T1063"/><temp name="T1032"/><temp name="T6"/><temp name="T1092"/><temp name="T1100"/><temp name="T1152"/><temp name="T995"/><temp name="T1096"/><temp name="T1026"/><temp name="T1036"/><temp name="T1065"/><temp name="T88"/><temp name="T1020"/><temp name="T1157"/><temp name="T991"/><temp name="T1131"/><temp name="T1134"/><temp name="T1140"/><temp name="T1003"/><temp name="T1005"/><temp name="T1120"/><temp name="T1055"/></temps><temps name="out"><temp name="T1146"/><temp name="T1108"/><temp name="T1051"/><temp name="T1040"/><temp name="T89"/><temp name="T1074"/><temp name="T1123"/><temp name="T1080"/><temp name="T980"/><temp name="T1060"/><temp name="T1071"/><temp name="T1086"/><temp name="T1125"/><temp name="T988"/><temp name="T1014"/><temp name="T1011"/><temp name="T1048"/><temp name="T1111"/><temp name="T1115"/><temp name="T1000"/><temp name="T1063"/><temp name="T1032"/><temp name="T6"/><temp name="T1092"/><temp name="T1100"/><temp name="T1152"/><temp name="T995"/><temp name="T1096"/><temp name="T1026"/><temp name="T1036"/><temp name="T1065"/><temp name="T88"/><temp name="T1020"/><temp name="T1157"/><temp name="T991"/><temp name="T1131"/><temp name="T1134"/><temp name="T1140"/><temp name="T1003"/><temp name="T1005"/><temp name="T1120"/><temp name="T1055"/></temps></instruction><instruction code="INCMH T986, 0"><temps name="use"/><temps name="def"><temp name="T986"/></temps><temps name="in"><temp name="T1146"/><temp name="T1108"/><temp name="T1051"/><temp name="T1040"/><temp name="T89"/><temp name="T1074"/><temp name="T1123"/><temp name="T1080"/><temp name="T980"/><temp name="T1060"/><temp name="T1071"/><temp name="T1086"/><temp name="T1125"/><temp name="T988"/><temp name="T1014"/><temp name="T1011"/><temp name="T1048"/><temp name="T1111"/><temp name="T1115"/><temp name="T1000"/><temp name="T1063"/><temp name="T1032"/><temp name="T6"/><temp name="T1092"/><temp name="T1100"/><temp name="T1152"/><temp name="T995"/><temp name="T1096"/><temp name="T1026"/><temp name="T1036"/><temp name="T1065"/><temp name="T88"/><temp name="T1020"/><temp name="T1157"/><temp name="T991"/><temp name="T1131"/><temp name="T1134"/><temp name="T1140"/><temp name="T1003"/><temp name="T1005"/><temp name="T1120"/><temp name="T1055"/></temps><temps name="out"><temp name="T1146"/><temp name="T1108"/><temp name="T1051"/><temp name="T1040"/><temp name="T89"/><temp name="T1074"/><temp name="T1123"/><temp name="T1080"/><temp name="T980"/><temp name="T1060"/><temp name="T1071"/><temp name="T1086"/><temp name="T1125"/><temp name="T988"/><temp name="T1014"/><temp name="T1011"/><temp name="T1048"/><temp name="T1111"/><temp name="T1115"/><temp name="T1000"/><temp name="T1063"/><temp name="T1032"/><temp name="T6"/><temp name="T1092"/><temp name="T1100"/><temp name="T1152"/><temp name="T995"/><temp name="T1096"/><temp name="T1026"/><temp name="T1036"/><temp name="T1065"/><temp name="T88"/><temp name="T1020"/><temp name="T1157"/><temp name="T991"/><temp name="T1131"/><temp name="T1134"/><temp name="T1140"/><temp name="T1003"/><temp name="T1005"/><temp name="T1120"/><temp name="T1055"/></temps></instruction><instruction code="INCH  T986, 0"><temps name="use"/><temps name="def"><temp name="T986"/></temps><temps name="in"><temp name="T1146"/><temp name="T1108"/><temp name="T1051"/><temp name="T1040"/><temp name="T89"/><temp name="T1074"/><temp name="T1123"/><temp name="T1080"/><temp name="T980"/><temp name="T1060"/><temp name="T1071"/><temp name="T1086"/><temp name="T1125"/><temp name="T988"/><temp name="T1014"/><temp name="T1011"/><temp name="T1048"/><temp name="T1111"/><temp name="T1115"/><temp name="T1000"/><temp name="T1063"/><temp name="T1032"/><temp name="T6"/><temp name="T1092"/><temp name="T1100"/><temp name="T1152"/><temp name="T995"/><temp name="T1096"/><temp name="T1026"/><temp name="T1036"/><temp name="T1065"/><temp name="T88"/><temp name="T1020"/><temp name="T1157"/><temp name="T991"/><temp name="T1131"/><temp name="T1134"/><temp name="T1140"/><temp name="T1003"/><temp name="T1005"/><temp name="T1120"/><temp name="T1055"/></temps><temps name="out"><temp name="T1146"/><temp name="T1108"/><temp name="T1051"/><temp name="T1040"/><temp name="T89"/><temp name="T1074"/><temp name="T1123"/><temp name="T1080"/><temp name="T980"/><temp name="T1060"/><temp name="T1071"/><temp name="T1086"/><temp name="T1125"/><temp name="T988"/><temp name="T1014"/><temp name="T1011"/><temp name="T1048"/><temp name="T1111"/><temp name="T1115"/><temp name="T1000"/><temp name="T1063"/><temp name="T1032"/><temp name="T6"/><temp name="T1092"/><temp name="T1100"/><temp name="T1152"/><temp name="T986"/><temp name="T995"/><temp name="T1096"/><temp name="T1026"/><temp name="T1036"/><temp name="T1065"/><temp name="T88"/><temp name="T1020"/><temp name="T1157"/><temp name="T991"/><temp name="T1131"/><temp name="T1134"/><temp name="T1140"/><temp name="T1003"/><temp name="T1005"/><temp name="T1120"/><temp name="T1055"/></temps></instruction><instruction code="NEG T986, 0, T986"><temps name="use"><temp name="T986"/></temps><temps name="def"><temp name="T986"/></temps><temps name="in"><temp name="T1146"/><temp name="T1108"/><temp name="T1051"/><temp name="T1040"/><temp name="T89"/><temp name="T1074"/><temp name="T1123"/><temp name="T1080"/><temp name="T980"/><temp name="T1060"/><temp name="T1071"/><temp name="T1086"/><temp name="T1125"/><temp name="T988"/><temp name="T1014"/><temp name="T1011"/><temp name="T1048"/><temp name="T1111"/><temp name="T1115"/><temp name="T1000"/><temp name="T1063"/><temp name="T1032"/><temp name="T6"/><temp name="T1092"/><temp name="T1100"/><temp name="T1152"/><temp name="T986"/><temp name="T995"/><temp name="T1096"/><temp name="T1026"/><temp name="T1036"/><temp name="T1065"/><temp name="T88"/><temp name="T1020"/><temp name="T1157"/><temp name="T991"/><temp name="T1131"/><temp name="T1134"/><temp name="T1140"/><temp name="T1003"/><temp name="T1005"/><temp name="T1120"/><temp name="T1055"/></temps><temps name="out"><temp name="T1146"/><temp name="T1108"/><temp name="T1051"/><temp name="T1040"/><temp name="T89"/><temp name="T1074"/><temp name="T1123"/><temp name="T1080"/><temp name="T980"/><temp name="T1060"/><temp name="T1071"/><temp name="T1086"/><temp name="T1125"/><temp name="T988"/><temp name="T1014"/><temp name="T1011"/><temp name="T1048"/><temp name="T1111"/><temp name="T1115"/><temp name="T1000"/><temp name="T1063"/><temp name="T1032"/><temp name="T6"/><temp name="T1092"/><temp name="T1100"/><temp name="T1152"/><temp name="T986"/><temp name="T995"/><temp name="T1096"/><temp name="T1026"/><temp name="T1036"/><temp name="T1065"/><temp name="T88"/><temp name="T1020"/><temp name="T1157"/><temp name="T991"/><temp name="T1131"/><temp name="T1134"/><temp name="T1140"/><temp name="T1003"/><temp name="T1005"/><temp name="T1120"/><temp name="T1055"/></temps></instruction><instruction code="OR T90, T986, 0"><temps name="use"><temp name="T986"/></temps><temps name="def"><temp name="T90"/></temps><temps name="in"><temp name="T1146"/><temp name="T1108"/><temp name="T1051"/><temp name="T1040"/><temp name="T89"/><temp name="T1074"/><temp name="T1123"/><temp name="T1080"/><temp name="T980"/><temp name="T1060"/><temp name="T1071"/><temp name="T1086"/><temp name="T1125"/><temp name="T988"/><temp name="T1014"/><temp name="T1011"/><temp name="T1048"/><temp name="T1111"/><temp name="T1115"/><temp name="T1000"/><temp name="T1063"/><temp name="T1032"/><temp name="T6"/><temp name="T1092"/><temp name="T1100"/><temp name="T1152"/><temp name="T986"/><temp name="T995"/><temp name="T1096"/><temp name="T1026"/><temp name="T1036"/><temp name="T1065"/><temp name="T88"/><temp name="T1020"/><temp name="T1157"/><temp name="T991"/><temp name="T1131"/><temp name="T1134"/><temp name="T1140"/><temp name="T1003"/><temp name="T1005"/><temp name="T1120"/><temp name="T1055"/></temps><temps name="out"><temp name="T1146"/><temp name="T1108"/><temp name="T1051"/><temp name="T1040"/><temp name="T89"/><temp name="T1074"/><temp name="T1123"/><temp name="T1080"/><temp name="T980"/><temp name="T1060"/><temp name="T1071"/><temp name="T1086"/><temp name="T1125"/><temp name="T90"/><temp name="T988"/><temp name="T1014"/><temp name="T1011"/><temp name="T1048"/><temp name="T1111"/><temp name="T1115"/><temp name="T1000"/><temp name="T1063"/><temp name="T1032"/><temp name="T6"/><temp name="T1092"/><temp name="T1100"/><temp name="T1152"/><temp name="T995"/><temp name="T1096"/><temp name="T1026"/><temp name="T1036"/><temp name="T1065"/><temp name="T88"/><temp name="T1020"/><temp name="T1157"/><temp name="T991"/><temp name="T1131"/><temp name="T1134"/><temp name="T1140"/><temp name="T1003"/><temp name="T1005"/><temp name="T1120"/><temp name="T1055"/></temps></instruction><instruction code="ADD T987, T89, T90"><temps name="use"><temp name="T89"/><temp name="T90"/></temps><temps name="def"><temp name="T987"/></temps><temps name="in"><temp name="T1146"/><temp name="T1108"/><temp name="T1051"/><temp name="T1040"/><temp name="T89"/><temp name="T1074"/><temp name="T1123"/><temp name="T1080"/><temp name="T980"/><temp name="T1060"/><temp name="T1071"/><temp name="T1086"/><temp name="T1125"/><temp name="T90"/><temp name="T988"/><temp name="T1014"/><temp name="T1011"/><temp name="T1048"/><temp name="T1111"/><temp name="T1115"/><temp name="T1000"/><temp name="T1063"/><temp name="T1032"/><temp name="T6"/><temp name="T1092"/><temp name="T1100"/><temp name="T1152"/><temp name="T995"/><temp name="T1096"/><temp name="T1026"/><temp name="T1036"/><temp name="T1065"/><temp name="T88"/><temp name="T1020"/><temp name="T1157"/><temp name="T991"/><temp name="T1131"/><temp name="T1134"/><temp name="T1140"/><temp name="T1003"/><temp name="T1005"/><temp name="T1120"/><temp name="T1055"/></temps><temps name="out"><temp name="T1146"/><temp name="T1108"/><temp name="T1051"/><temp name="T1040"/><temp name="T1074"/><temp name="T1123"/><temp name="T1080"/><temp name="T980"/><temp name="T1060"/><temp name="T1071"/><temp name="T1086"/><temp name="T1125"/><temp name="T988"/><temp name="T1014"/><temp name="T1011"/><temp name="T1048"/><temp name="T1111"/><temp name="T1115"/><temp name="T1000"/><temp name="T1063"/><temp name="T1032"/><temp name="T6"/><temp name="T1092"/><temp name="T1100"/><temp name="T1152"/><temp name="T995"/><temp name="T1096"/><temp name="T1026"/><temp name="T1036"/><temp name="T1065"/><temp name="T88"/><temp name="T1020"/><temp name="T1157"/><temp name="T987"/><temp name="T991"/><temp name="T1131"/><temp name="T1134"/><temp name="T1140"/><temp name="T1003"/><temp name="T1005"/><temp name="T1120"/><temp name="T1055"/></temps></instruction><instruction code="OR T91, T987, 0"><temps name="use"><temp name="T987"/></temps><temps name="def"><temp name="T91"/></temps><temps name="in"><temp name="T1146"/><temp name="T1108"/><temp name="T1051"/><temp name="T1040"/><temp name="T1074"/><temp name="T1123"/><temp name="T1080"/><temp name="T980"/><temp name="T1060"/><temp name="T1071"/><temp name="T1086"/><temp name="T1125"/><temp name="T988"/><temp name="T1014"/><temp name="T1011"/><temp name="T1048"/><temp name="T1111"/><temp name="T1115"/><temp name="T1000"/><temp name="T1063"/><temp name="T1032"/><temp name="T6"/><temp name="T1092"/><temp name="T1100"/><temp name="T1152"/><temp name="T995"/><temp name="T1096"/><temp name="T1026"/><temp name="T1036"/><temp name="T1065"/><temp name="T88"/><temp name="T1020"/><temp name="T1157"/><temp name="T987"/><temp name="T991"/><temp name="T1131"/><temp name="T1134"/><temp name="T1140"/><temp name="T1003"/><temp name="T1005"/><temp name="T1120"/><temp name="T1055"/></temps><temps name="out"><temp name="T1146"/><temp name="T1108"/><temp name="T1051"/><temp name="T1040"/><temp name="T1074"/><temp name="T1123"/><temp name="T1080"/><temp name="T980"/><temp name="T1060"/><temp name="T1071"/><temp name="T1086"/><temp name="T1125"/><temp name="T988"/><temp name="T1014"/><temp name="T1011"/><temp name="T1048"/><temp name="T1111"/><temp name="T1115"/><temp name="T1000"/><temp name="T1063"/><temp name="T1032"/><temp name="T6"/><temp name="T1092"/><temp name="T1100"/><temp name="T1152"/><temp name="T995"/><temp name="T1096"/><temp name="T1026"/><temp name="T1036"/><temp name="T1065"/><temp name="T88"/><temp name="T1020"/><temp name="T1157"/><temp name="T991"/><temp name="T1131"/><temp name="T1134"/><temp name="T1140"/><temp name="T1003"/><temp name="T1005"/><temp name="T1120"/><temp name="T1055"/></temps></instruction><instruction code="LDO T989, T988, 0"><temps name="use"><temp name="T988"/></temps><temps name="def"><temp name="T989"/></temps><temps name="in"><temp name="T1146"/><temp name="T1108"/><temp name="T1051"/><temp name="T1040"/><temp name="T1074"/><temp name="T1123"/><temp name="T1080"/><temp name="T980"/><temp name="T1060"/><temp name="T1071"/><temp name="T1086"/><temp name="T1125"/><temp name="T988"/><temp name="T1014"/><temp name="T1011"/><temp name="T1048"/><temp name="T1111"/><temp name="T1115"/><temp name="T1000"/><temp name="T1063"/><temp name="T1032"/><temp name="T6"/><temp name="T1092"/><temp name="T1100"/><temp name="T1152"/><temp name="T995"/><temp name="T1096"/><temp name="T1026"/><temp name="T1036"/><temp name="T1065"/><temp name="T88"/><temp name="T1020"/><temp name="T1157"/><temp name="T991"/><temp name="T1131"/><temp name="T1134"/><temp name="T1140"/><temp name="T1003"/><temp name="T1005"/><temp name="T1120"/><temp name="T1055"/></temps><temps name="out"><temp name="T1146"/><temp name="T1108"/><temp name="T1051"/><temp name="T1040"/><temp name="T1074"/><temp name="T1123"/><temp name="T1080"/><temp name="T980"/><temp name="T1060"/><temp name="T1071"/><temp name="T1086"/><temp name="T1125"/><temp name="T988"/><temp name="T1014"/><temp name="T1011"/><temp name="T1048"/><temp name="T1111"/><temp name="T1115"/><temp name="T1000"/><temp name="T1063"/><temp name="T1032"/><temp name="T6"/><temp name="T1092"/><temp name="T1100"/><temp name="T1152"/><temp name="T995"/><temp name="T1096"/><temp name="T1026"/><temp name="T1036"/><temp name="T1065"/><temp name="T88"/><temp name="T989"/><temp name="T1020"/><temp name="T1157"/><temp name="T991"/><temp name="T1131"/><temp name="T1134"/><temp name="T1140"/><temp name="T1003"/><temp name="T1005"/><temp name="T1120"/><temp name="T1055"/></temps></instruction><instruction code="OR T92, T989, 0"><temps name="use"><temp name="T989"/></temps><temps name="def"><temp name="T92"/></temps><temps name="in"><temp name="T1146"/><temp name="T1108"/><temp name="T1051"/><temp name="T1040"/><temp name="T1074"/><temp name="T1123"/><temp name="T1080"/><temp name="T980"/><temp name="T1060"/><temp name="T1071"/><temp name="T1086"/><temp name="T1125"/><temp name="T988"/><temp name="T1014"/><temp name="T1011"/><temp name="T1048"/><temp name="T1111"/><temp name="T1115"/><temp name="T1000"/><temp name="T1063"/><temp name="T1032"/><temp name="T6"/><temp name="T1092"/><temp name="T1100"/><temp name="T1152"/><temp name="T995"/><temp name="T1096"/><temp name="T1026"/><temp name="T1036"/><temp name="T1065"/><temp name="T88"/><temp name="T989"/><temp name="T1020"/><temp name="T1157"/><temp name="T991"/><temp name="T1131"/><temp name="T1134"/><temp name="T1140"/><temp name="T1003"/><temp name="T1005"/><temp name="T1120"/><temp name="T1055"/></temps><temps name="out"><temp name="T92"/><temp name="T1146"/><temp name="T1108"/><temp name="T1051"/><temp name="T1040"/><temp name="T1074"/><temp name="T1123"/><temp name="T1080"/><temp name="T980"/><temp name="T1060"/><temp name="T1071"/><temp name="T1086"/><temp name="T1125"/><temp name="T988"/><temp name="T1014"/><temp name="T1011"/><temp name="T1048"/><temp name="T1111"/><temp name="T1115"/><temp name="T1000"/><temp name="T1063"/><temp name="T1032"/><temp name="T6"/><temp name="T1092"/><temp name="T1100"/><temp name="T1152"/><temp name="T995"/><temp name="T1096"/><temp name="T1026"/><temp name="T1036"/><temp name="T1065"/><temp name="T88"/><temp name="T1020"/><temp name="T1157"/><temp name="T991"/><temp name="T1131"/><temp name="T1134"/><temp name="T1140"/><temp name="T1003"/><temp name="T1005"/><temp name="T1120"/><temp name="T1055"/></temps></instruction><instruction code="STO T88, $254, 8"><temps name="use"><temp name="T88"/></temps><temps name="def"/><temps name="in"><temp name="T92"/><temp name="T1146"/><temp name="T1108"/><temp name="T1051"/><temp name="T1040"/><temp name="T1074"/><temp name="T1123"/><temp name="T1080"/><temp name="T980"/><temp name="T1060"/><temp name="T1071"/><temp name="T1086"/><temp name="T1125"/><temp name="T988"/><temp name="T1014"/><temp name="T1011"/><temp name="T1048"/><temp name="T1111"/><temp name="T1115"/><temp name="T1000"/><temp name="T1063"/><temp name="T1032"/><temp name="T6"/><temp name="T1092"/><temp name="T1100"/><temp name="T1152"/><temp name="T995"/><temp name="T1096"/><temp name="T1026"/><temp name="T1036"/><temp name="T1065"/><temp name="T88"/><temp name="T1020"/><temp name="T1157"/><temp name="T991"/><temp name="T1131"/><temp name="T1134"/><temp name="T1140"/><temp name="T1003"/><temp name="T1005"/><temp name="T1120"/><temp name="T1055"/></temps><temps name="out"><temp name="T92"/><temp name="T1146"/><temp name="T1108"/><temp name="T1051"/><temp name="T1040"/><temp name="T1074"/><temp name="T1123"/><temp name="T1080"/><temp name="T980"/><temp name="T1060"/><temp name="T1071"/><temp name="T1086"/><temp name="T1125"/><temp name="T988"/><temp name="T1014"/><temp name="T1011"/><temp name="T1048"/><temp name="T1111"/><temp name="T1115"/><temp name="T1000"/><temp name="T1063"/><temp name="T1032"/><temp name="T6"/><temp name="T1092"/><temp name="T1100"/><temp name="T1152"/><temp name="T995"/><temp name="T1096"/><temp name="T1026"/><temp name="T1036"/><temp name="T1065"/><temp name="T1020"/><temp name="T1157"/><temp name="T991"/><temp name="T1131"/><temp name="T1134"/><temp name="T1140"/><temp name="T1003"/><temp name="T1005"/><temp name="T1120"/><temp name="T1055"/></temps></instruction><instruction code="STO T92, $254, 16"><temps name="use"><temp name="T92"/></temps><temps name="def"/><temps name="in"><temp name="T92"/><temp name="T1146"/><temp name="T1108"/><temp name="T1051"/><temp name="T1040"/><temp name="T1074"/><temp name="T1123"/><temp name="T1080"/><temp name="T980"/><temp name="T1060"/><temp name="T1071"/><temp name="T1086"/><temp name="T1125"/><temp name="T988"/><temp name="T1014"/><temp name="T1011"/><temp name="T1048"/><temp name="T1111"/><temp name="T1115"/><temp name="T1000"/><temp name="T1063"/><temp name="T1032"/><temp name="T6"/><temp name="T1092"/><temp name="T1100"/><temp name="T1152"/><temp name="T995"/><temp name="T1096"/><temp name="T1026"/><temp name="T1036"/><temp name="T1065"/><temp name="T1020"/><temp name="T1157"/><temp name="T991"/><temp name="T1131"/><temp name="T1134"/><temp name="T1140"/><temp name="T1003"/><temp name="T1005"/><temp name="T1120"/><temp name="T1055"/></temps><temps name="out"><temp name="T1146"/><temp name="T1108"/><temp name="T1051"/><temp name="T1040"/><temp name="T1074"/><temp name="T1123"/><temp name="T1080"/><temp name="T980"/><temp name="T1060"/><temp name="T1071"/><temp name="T1086"/><temp name="T1125"/><temp name="T988"/><temp name="T1014"/><temp name="T1011"/><temp name="T1048"/><temp name="T1111"/><temp name="T1115"/><temp name="T1000"/><temp name="T1063"/><temp name="T1032"/><temp name="T6"/><temp name="T1092"/><temp name="T1100"/><temp name="T1152"/><temp name="T995"/><temp name="T1096"/><temp name="T1026"/><temp name="T1036"/><temp name="T1065"/><temp name="T1020"/><temp name="T1157"/><temp name="T991"/><temp name="T1131"/><temp name="T1134"/><temp name="T1140"/><temp name="T1003"/><temp name="T1005"/><temp name="T1120"/><temp name="T1055"/></temps></instruction><instruction code="LDA T990, _putInt"><temps name="use"/><temps name="def"><temp name="T990"/></temps><temps name="in"><temp name="T1146"/><temp name="T1108"/><temp name="T1051"/><temp name="T1040"/><temp name="T1074"/><temp name="T1123"/><temp name="T1080"/><temp name="T980"/><temp name="T1060"/><temp name="T1071"/><temp name="T1086"/><temp name="T1125"/><temp name="T988"/><temp name="T1014"/><temp name="T1011"/><temp name="T1048"/><temp name="T1111"/><temp name="T1115"/><temp name="T1000"/><temp name="T1063"/><temp name="T1032"/><temp name="T6"/><temp name="T1092"/><temp name="T1100"/><temp name="T1152"/><temp name="T995"/><temp name="T1096"/><temp name="T1026"/><temp name="T1036"/><temp name="T1065"/><temp name="T1020"/><temp name="T1157"/><temp name="T991"/><temp name="T1131"/><temp name="T1134"/><temp name="T1140"/><temp name="T1003"/><temp name="T1005"/><temp name="T1120"/><temp name="T1055"/></temps><temps name="out"><temp name="T1146"/><temp name="T1108"/><temp name="T1051"/><temp name="T1040"/><temp name="T1074"/><temp name="T1123"/><temp name="T1080"/><temp name="T980"/><temp name="T1060"/><temp name="T1071"/><temp name="T1086"/><temp name="T1125"/><temp name="T988"/><temp name="T1014"/><temp name="T990"/><temp name="T1011"/><temp name="T1048"/><temp name="T1111"/><temp name="T1115"/><temp name="T1000"/><temp name="T1063"/><temp name="T1032"/><temp name="T6"/><temp name="T1092"/><temp name="T1100"/><temp name="T1152"/><temp name="T995"/><temp name="T1096"/><temp name="T1026"/><temp name="T1036"/><temp name="T1065"/><temp name="T1020"/><temp name="T1157"/><temp name="T991"/><temp name="T1131"/><temp name="T1134"/><temp name="T1140"/><temp name="T1003"/><temp name="T1005"/><temp name="T1120"/><temp name="T1055"/></temps></instruction><instruction code="PUSHJ $15, T990, 0"><temps name="use"><temp name="T990"/></temps><temps name="def"/><temps name="in"><temp name="T1146"/><temp name="T1108"/><temp name="T1051"/><temp name="T1040"/><temp name="T1074"/><temp name="T1123"/><temp name="T1080"/><temp name="T980"/><temp name="T1060"/><temp name="T1071"/><temp name="T1086"/><temp name="T1125"/><temp name="T988"/><temp name="T1014"/><temp name="T990"/><temp name="T1011"/><temp name="T1048"/><temp name="T1111"/><temp name="T1115"/><temp name="T1000"/><temp name="T1063"/><temp name="T1032"/><temp name="T6"/><temp name="T1092"/><temp name="T1100"/><temp name="T1152"/><temp name="T995"/><temp name="T1096"/><temp name="T1026"/><temp name="T1036"/><temp name="T1065"/><temp name="T1020"/><temp name="T1157"/><temp name="T991"/><temp name="T1131"/><temp name="T1134"/><temp name="T1140"/><temp name="T1003"/><temp name="T1005"/><temp name="T1120"/><temp name="T1055"/></temps><temps name="out"><temp name="T1146"/><temp name="T1108"/><temp name="T1051"/><temp name="T1040"/><temp name="T1074"/><temp name="T1123"/><temp name="T1080"/><temp name="T980"/><temp name="T1060"/><temp name="T1071"/><temp name="T1086"/><temp name="T1125"/><temp name="T988"/><temp name="T1014"/><temp name="T1011"/><temp name="T1048"/><temp name="T1111"/><temp name="T1115"/><temp name="T1000"/><temp name="T1063"/><temp name="T1032"/><temp name="T6"/><temp name="T1092"/><temp name="T1100"/><temp name="T1152"/><temp name="T995"/><temp name="T1096"/><temp name="T1026"/><temp name="T1036"/><temp name="T1065"/><temp name="T1020"/><temp name="T1157"/><temp name="T991"/><temp name="T1131"/><temp name="T1134"/><temp name="T1140"/><temp name="T1003"/><temp name="T1005"/><temp name="T1120"/><temp name="T1055"/></temps></instruction><instruction code="OR T93, T991, 0"><temps name="use"><temp name="T991"/></temps><temps name="def"><temp name="T93"/></temps><temps name="in"><temp name="T1146"/><temp name="T1108"/><temp name="T1051"/><temp name="T1040"/><temp name="T1074"/><temp name="T1123"/><temp name="T1080"/><temp name="T980"/><temp name="T1060"/><temp name="T1071"/><temp name="T1086"/><temp name="T1125"/><temp name="T988"/><temp name="T1014"/><temp name="T1011"/><temp name="T1048"/><temp name="T1111"/><temp name="T1115"/><temp name="T1000"/><temp name="T1063"/><temp name="T1032"/><temp name="T6"/><temp name="T1092"/><temp name="T1100"/><temp name="T1152"/><temp name="T995"/><temp name="T1096"/><temp name="T1026"/><temp name="T1036"/><temp name="T1065"/><temp name="T1020"/><temp name="T1157"/><temp name="T991"/><temp name="T1131"/><temp name="T1134"/><temp name="T1140"/><temp name="T1003"/><temp name="T1005"/><temp name="T1120"/><temp name="T1055"/></temps><temps name="out"><temp name="T1146"/><temp name="T1108"/><temp name="T1051"/><temp name="T1040"/><temp name="T1074"/><temp name="T1123"/><temp name="T1080"/><temp name="T980"/><temp name="T1060"/><temp name="T1071"/><temp name="T1086"/><temp name="T1125"/><temp name="T988"/><temp name="T1014"/><temp name="T1011"/><temp name="T1048"/><temp name="T1111"/><temp name="T1115"/><temp name="T1000"/><temp name="T1063"/><temp name="T1032"/><temp name="T6"/><temp name="T1092"/><temp name="T1100"/><temp name="T1152"/><temp name="T995"/><temp name="T1096"/><temp name="T1026"/><temp name="T1036"/><temp name="T1065"/><temp name="T1020"/><temp name="T1157"/><temp name="T991"/><temp name="T1131"/><temp name="T1134"/><temp name="T1140"/><temp name="T1003"/><temp name="T1005"/><temp name="T1120"/><temp name="T1055"/></temps></instruction><instruction code="SETL  T992, 0"><temps name="use"/><temps name="def"><temp name="T992"/></temps><temps name="in"><temp name="T1146"/><temp name="T1108"/><temp name="T1051"/><temp name="T1040"/><temp name="T1074"/><temp name="T1123"/><temp name="T1080"/><temp name="T980"/><temp name="T1060"/><temp name="T1071"/><temp name="T1086"/><temp name="T1125"/><temp name="T988"/><temp name="T1014"/><temp name="T1011"/><temp name="T1048"/><temp name="T1111"/><temp name="T1115"/><temp name="T1000"/><temp name="T1063"/><temp name="T1032"/><temp name="T6"/><temp name="T1092"/><temp name="T1100"/><temp name="T1152"/><temp name="T995"/><temp name="T1096"/><temp name="T1026"/><temp name="T1036"/><temp name="T1065"/><temp name="T1020"/><temp name="T1157"/><temp name="T991"/><temp name="T1131"/><temp name="T1134"/><temp name="T1140"/><temp name="T1003"/><temp name="T1005"/><temp name="T1120"/><temp name="T1055"/></temps><temps name="out"><temp name="T1146"/><temp name="T1108"/><temp name="T1051"/><temp name="T1040"/><temp name="T1074"/><temp name="T1123"/><temp name="T1080"/><temp name="T980"/><temp name="T1060"/><temp name="T1071"/><temp name="T1086"/><temp name="T1125"/><temp name="T988"/><temp name="T1014"/><temp name="T1011"/><temp name="T1048"/><temp name="T1111"/><temp name="T1115"/><temp name="T1000"/><temp name="T1063"/><temp name="T1032"/><temp name="T6"/><temp name="T1092"/><temp name="T1100"/><temp name="T1152"/><temp name="T995"/><temp name="T1096"/><temp name="T1026"/><temp name="T1036"/><temp name="T1065"/><temp name="T1020"/><temp name="T1157"/><temp name="T991"/><temp name="T1131"/><temp name="T1134"/><temp name="T1140"/><temp name="T1003"/><temp name="T1005"/><temp name="T1120"/><temp name="T1055"/></temps></instruction><instruction code="INCML T992, 0"><temps name="use"/><temps name="def"><temp name="T992"/></temps><temps name="in"><temp name="T1146"/><temp name="T1108"/><temp name="T1051"/><temp name="T1040"/><temp name="T1074"/><temp name="T1123"/><temp name="T1080"/><temp name="T980"/><temp name="T1060"/><temp name="T1071"/><temp name="T1086"/><temp name="T1125"/><temp name="T988"/><temp name="T1014"/><temp name="T1011"/><temp name="T1048"/><temp name="T1111"/><temp name="T1115"/><temp name="T1000"/><temp name="T1063"/><temp name="T1032"/><temp name="T6"/><temp name="T1092"/><temp name="T1100"/><temp name="T1152"/><temp name="T995"/><temp name="T1096"/><temp name="T1026"/><temp name="T1036"/><temp name="T1065"/><temp name="T1020"/><temp name="T1157"/><temp name="T991"/><temp name="T1131"/><temp name="T1134"/><temp name="T1140"/><temp name="T1003"/><temp name="T1005"/><temp name="T1120"/><temp name="T1055"/></temps><temps name="out"><temp name="T1146"/><temp name="T1108"/><temp name="T1051"/><temp name="T1040"/><temp name="T1074"/><temp name="T1123"/><temp name="T1080"/><temp name="T980"/><temp name="T1060"/><temp name="T1071"/><temp name="T1086"/><temp name="T1125"/><temp name="T988"/><temp name="T1014"/><temp name="T1011"/><temp name="T1048"/><temp name="T1111"/><temp name="T1115"/><temp name="T1000"/><temp name="T1063"/><temp name="T1032"/><temp name="T6"/><temp name="T1092"/><temp name="T1100"/><temp name="T1152"/><temp name="T995"/><temp name="T1096"/><temp name="T1026"/><temp name="T1036"/><temp name="T1065"/><temp name="T1020"/><temp name="T1157"/><temp name="T991"/><temp name="T1131"/><temp name="T1134"/><temp name="T1140"/><temp name="T1003"/><temp name="T1005"/><temp name="T1120"/><temp name="T1055"/></temps></instruction><instruction code="INCMH T992, 0"><temps name="use"/><temps name="def"><temp name="T992"/></temps><temps name="in"><temp name="T1146"/><temp name="T1108"/><temp name="T1051"/><temp name="T1040"/><temp name="T1074"/><temp name="T1123"/><temp name="T1080"/><temp name="T980"/><temp name="T1060"/><temp name="T1071"/><temp name="T1086"/><temp name="T1125"/><temp name="T988"/><temp name="T1014"/><temp name="T1011"/><temp name="T1048"/><temp name="T1111"/><temp name="T1115"/><temp name="T1000"/><temp name="T1063"/><temp name="T1032"/><temp name="T6"/><temp name="T1092"/><temp name="T1100"/><temp name="T1152"/><temp name="T995"/><temp name="T1096"/><temp name="T1026"/><temp name="T1036"/><temp name="T1065"/><temp name="T1020"/><temp name="T1157"/><temp name="T991"/><temp name="T1131"/><temp name="T1134"/><temp name="T1140"/><temp name="T1003"/><temp name="T1005"/><temp name="T1120"/><temp name="T1055"/></temps><temps name="out"><temp name="T1146"/><temp name="T1108"/><temp name="T1051"/><temp name="T1040"/><temp name="T1074"/><temp name="T1123"/><temp name="T1080"/><temp name="T980"/><temp name="T1060"/><temp name="T1071"/><temp name="T1086"/><temp name="T1125"/><temp name="T988"/><temp name="T1014"/><temp name="T1011"/><temp name="T1048"/><temp name="T1111"/><temp name="T1115"/><temp name="T1000"/><temp name="T1063"/><temp name="T1032"/><temp name="T6"/><temp name="T1092"/><temp name="T1100"/><temp name="T1152"/><temp name="T995"/><temp name="T1096"/><temp name="T1026"/><temp name="T1036"/><temp name="T1065"/><temp name="T1020"/><temp name="T1157"/><temp name="T991"/><temp name="T1131"/><temp name="T1134"/><temp name="T1140"/><temp name="T1003"/><temp name="T1005"/><temp name="T1120"/><temp name="T1055"/></temps></instruction><instruction code="INCH  T992, 0"><temps name="use"/><temps name="def"><temp name="T992"/></temps><temps name="in"><temp name="T1146"/><temp name="T1108"/><temp name="T1051"/><temp name="T1040"/><temp name="T1074"/><temp name="T1123"/><temp name="T1080"/><temp name="T980"/><temp name="T1060"/><temp name="T1071"/><temp name="T1086"/><temp name="T1125"/><temp name="T988"/><temp name="T1014"/><temp name="T1011"/><temp name="T1048"/><temp name="T1111"/><temp name="T1115"/><temp name="T1000"/><temp name="T1063"/><temp name="T1032"/><temp name="T6"/><temp name="T1092"/><temp name="T1100"/><temp name="T1152"/><temp name="T995"/><temp name="T1096"/><temp name="T1026"/><temp name="T1036"/><temp name="T1065"/><temp name="T1020"/><temp name="T1157"/><temp name="T991"/><temp name="T1131"/><temp name="T1134"/><temp name="T1140"/><temp name="T1003"/><temp name="T1005"/><temp name="T1120"/><temp name="T1055"/></temps><temps name="out"><temp name="T1146"/><temp name="T1108"/><temp name="T1051"/><temp name="T1040"/><temp name="T1074"/><temp name="T1123"/><temp name="T1080"/><temp name="T980"/><temp name="T1060"/><temp name="T1071"/><temp name="T1086"/><temp name="T1125"/><temp name="T988"/><temp name="T1014"/><temp name="T1011"/><temp name="T1048"/><temp name="T1111"/><temp name="T1115"/><temp name="T1000"/><temp name="T1063"/><temp name="T1032"/><temp name="T6"/><temp name="T1092"/><temp name="T1100"/><temp name="T1152"/><temp name="T995"/><temp name="T1096"/><temp name="T1026"/><temp name="T1036"/><temp name="T1065"/><temp name="T1020"/><temp name="T1157"/><temp name="T991"/><temp name="T1131"/><temp name="T992"/><temp name="T1134"/><temp name="T1140"/><temp name="T1003"/><temp name="T1005"/><temp name="T1120"/><temp name="T1055"/></temps></instruction><instruction code="OR T94, T992, 0"><temps name="use"><temp name="T992"/></temps><temps name="def"><temp name="T94"/></temps><temps name="in"><temp name="T1146"/><temp name="T1108"/><temp name="T1051"/><temp name="T1040"/><temp name="T1074"/><temp name="T1123"/><temp name="T1080"/><temp name="T980"/><temp name="T1060"/><temp name="T1071"/><temp name="T1086"/><temp name="T1125"/><temp name="T988"/><temp name="T1014"/><temp name="T1011"/><temp name="T1048"/><temp name="T1111"/><temp name="T1115"/><temp name="T1000"/><temp name="T1063"/><temp name="T1032"/><temp name="T6"/><temp name="T1092"/><temp name="T1100"/><temp name="T1152"/><temp name="T995"/><temp name="T1096"/><temp name="T1026"/><temp name="T1036"/><temp name="T1065"/><temp name="T1020"/><temp name="T1157"/><temp name="T991"/><temp name="T1131"/><temp name="T992"/><temp name="T1134"/><temp name="T1140"/><temp name="T1003"/><temp name="T1005"/><temp name="T1120"/><temp name="T1055"/></temps><temps name="out"><temp name="T1146"/><temp name="T1108"/><temp name="T1051"/><temp name="T94"/><temp name="T1040"/><temp name="T1074"/><temp name="T1123"/><temp name="T1080"/><temp name="T980"/><temp name="T1060"/><temp name="T1071"/><temp name="T1086"/><temp name="T1125"/><temp name="T988"/><temp name="T1014"/><temp name="T1011"/><temp name="T1048"/><temp name="T1111"/><temp name="T1115"/><temp name="T1000"/><temp name="T1063"/><temp name="T1032"/><temp name="T6"/><temp name="T1092"/><temp name="T1100"/><temp name="T1152"/><temp name="T995"/><temp name="T1096"/><temp name="T1026"/><temp name="T1036"/><temp name="T1065"/><temp name="T1020"/><temp name="T1157"/><temp name="T991"/><temp name="T1131"/><temp name="T1134"/><temp name="T1140"/><temp name="T1003"/><temp name="T1005"/><temp name="T1120"/><temp name="T1055"/></temps></instruction><instruction code="LDA T993, L11"><temps name="use"/><temps name="def"><temp name="T993"/></temps><temps name="in"><temp name="T1146"/><temp name="T1108"/><temp name="T1051"/><temp name="T94"/><temp name="T1040"/><temp name="T1074"/><temp name="T1123"/><temp name="T1080"/><temp name="T980"/><temp name="T1060"/><temp name="T1071"/><temp name="T1086"/><temp name="T1125"/><temp name="T988"/><temp name="T1014"/><temp name="T1011"/><temp name="T1048"/><temp name="T1111"/><temp name="T1115"/><temp name="T1000"/><temp name="T1063"/><temp name="T1032"/><temp name="T6"/><temp name="T1092"/><temp name="T1100"/><temp name="T1152"/><temp name="T995"/><temp name="T1096"/><temp name="T1026"/><temp name="T1036"/><temp name="T1065"/><temp name="T1020"/><temp name="T1157"/><temp name="T991"/><temp name="T1131"/><temp name="T1134"/><temp name="T1140"/><temp name="T1003"/><temp name="T1005"/><temp name="T1120"/><temp name="T1055"/></temps><temps name="out"><temp name="T1146"/><temp name="T1108"/><temp name="T1051"/><temp name="T94"/><temp name="T1040"/><temp name="T1074"/><temp name="T1123"/><temp name="T1080"/><temp name="T980"/><temp name="T1060"/><temp name="T1071"/><temp name="T1086"/><temp name="T1125"/><temp name="T988"/><temp name="T1014"/><temp name="T1011"/><temp name="T1048"/><temp name="T1111"/><temp name="T1115"/><temp name="T1000"/><temp name="T1063"/><temp name="T1032"/><temp name="T6"/><temp name="T1092"/><temp name="T1100"/><temp name="T1152"/><temp name="T995"/><temp name="T1096"/><temp name="T1026"/><temp name="T1036"/><temp name="T1065"/><temp name="T1020"/><temp name="T1157"/><temp name="T991"/><temp name="T1131"/><temp name="T993"/><temp name="T1134"/><temp name="T1140"/><temp name="T1003"/><temp name="T1005"/><temp name="T1120"/><temp name="T1055"/></temps></instruction><instruction code="OR T95, T993, 0"><temps name="use"><temp name="T993"/></temps><temps name="def"><temp name="T95"/></temps><temps name="in"><temp name="T1146"/><temp name="T1108"/><temp name="T1051"/><temp name="T94"/><temp name="T1040"/><temp name="T1074"/><temp name="T1123"/><temp name="T1080"/><temp name="T980"/><temp name="T1060"/><temp name="T1071"/><temp name="T1086"/><temp name="T1125"/><temp name="T988"/><temp name="T1014"/><temp name="T1011"/><temp name="T1048"/><temp name="T1111"/><temp name="T1115"/><temp name="T1000"/><temp name="T1063"/><temp name="T1032"/><temp name="T6"/><temp name="T1092"/><temp name="T1100"/><temp name="T1152"/><temp name="T995"/><temp name="T1096"/><temp name="T1026"/><temp name="T1036"/><temp name="T1065"/><temp name="T1020"/><temp name="T1157"/><temp name="T991"/><temp name="T1131"/><temp name="T993"/><temp name="T1134"/><temp name="T1140"/><temp name="T1003"/><temp name="T1005"/><temp name="T1120"/><temp name="T1055"/></temps><temps name="out"><temp name="T1146"/><temp name="T1108"/><temp name="T1051"/><temp name="T94"/><temp name="T1040"/><temp name="T1074"/><temp name="T1123"/><temp name="T95"/><temp name="T1080"/><temp name="T980"/><temp name="T1060"/><temp name="T1071"/><temp name="T1086"/><temp name="T1125"/><temp name="T988"/><temp name="T1014"/><temp name="T1011"/><temp name="T1048"/><temp name="T1111"/><temp name="T1115"/><temp name="T1000"/><temp name="T1063"/><temp name="T1032"/><temp name="T6"/><temp name="T1092"/><temp name="T1100"/><temp name="T1152"/><temp name="T995"/><temp name="T1096"/><temp name="T1026"/><temp name="T1036"/><temp name="T1065"/><temp name="T1020"/><temp name="T1157"/><temp name="T991"/><temp name="T1131"/><temp name="T1134"/><temp name="T1140"/><temp name="T1003"/><temp name="T1005"/><temp name="T1120"/><temp name="T1055"/></temps></instruction><instruction code="STO T94, $254, 8"><temps name="use"><temp name="T94"/></temps><temps name="def"/><temps name="in"><temp name="T1146"/><temp name="T1108"/><temp name="T1051"/><temp name="T94"/><temp name="T1040"/><temp name="T1074"/><temp name="T1123"/><temp name="T95"/><temp name="T1080"/><temp name="T980"/><temp name="T1060"/><temp name="T1071"/><temp name="T1086"/><temp name="T1125"/><temp name="T988"/><temp name="T1014"/><temp name="T1011"/><temp name="T1048"/><temp name="T1111"/><temp name="T1115"/><temp name="T1000"/><temp name="T1063"/><temp name="T1032"/><temp name="T6"/><temp name="T1092"/><temp name="T1100"/><temp name="T1152"/><temp name="T995"/><temp name="T1096"/><temp name="T1026"/><temp name="T1036"/><temp name="T1065"/><temp name="T1020"/><temp name="T1157"/><temp name="T991"/><temp name="T1131"/><temp name="T1134"/><temp name="T1140"/><temp name="T1003"/><temp name="T1005"/><temp name="T1120"/><temp name="T1055"/></temps><temps name="out"><temp name="T1146"/><temp name="T1108"/><temp name="T1051"/><temp name="T1040"/><temp name="T1074"/><temp name="T1123"/><temp name="T95"/><temp name="T1080"/><temp name="T980"/><temp name="T1060"/><temp name="T1071"/><temp name="T1086"/><temp name="T1125"/><temp name="T988"/><temp name="T1014"/><temp name="T1011"/><temp name="T1048"/><temp name="T1111"/><temp name="T1115"/><temp name="T1000"/><temp name="T1063"/><temp name="T1032"/><temp name="T6"/><temp name="T1092"/><temp name="T1100"/><temp name="T1152"/><temp name="T995"/><temp name="T1096"/><temp name="T1026"/><temp name="T1036"/><temp name="T1065"/><temp name="T1020"/><temp name="T1157"/><temp name="T991"/><temp name="T1131"/><temp name="T1134"/><temp name="T1140"/><temp name="T1003"/><temp name="T1005"/><temp name="T1120"/><temp name="T1055"/></temps></instruction><instruction code="STO T95, $254, 16"><temps name="use"><temp name="T95"/></temps><temps name="def"/><temps name="in"><temp name="T1146"/><temp name="T1108"/><temp name="T1051"/><temp name="T1040"/><temp name="T1074"/><temp name="T1123"/><temp name="T95"/><temp name="T1080"/><temp name="T980"/><temp name="T1060"/><temp name="T1071"/><temp name="T1086"/><temp name="T1125"/><temp name="T988"/><temp name="T1014"/><temp name="T1011"/><temp name="T1048"/><temp name="T1111"/><temp name="T1115"/><temp name="T1000"/><temp name="T1063"/><temp name="T1032"/><temp name="T6"/><temp name="T1092"/><temp name="T1100"/><temp name="T1152"/><temp name="T995"/><temp name="T1096"/><temp name="T1026"/><temp name="T1036"/><temp name="T1065"/><temp name="T1020"/><temp name="T1157"/><temp name="T991"/><temp name="T1131"/><temp name="T1134"/><temp name="T1140"/><temp name="T1003"/><temp name="T1005"/><temp name="T1120"/><temp name="T1055"/></temps><temps name="out"><temp name="T1146"/><temp name="T1108"/><temp name="T1051"/><temp name="T1040"/><temp name="T1074"/><temp name="T1123"/><temp name="T1080"/><temp name="T980"/><temp name="T1060"/><temp name="T1071"/><temp name="T1086"/><temp name="T1125"/><temp name="T988"/><temp name="T1014"/><temp name="T1011"/><temp name="T1048"/><temp name="T1111"/><temp name="T1115"/><temp name="T1000"/><temp name="T1063"/><temp name="T1032"/><temp name="T6"/><temp name="T1092"/><temp name="T1100"/><temp name="T1152"/><temp name="T995"/><temp name="T1096"/><temp name="T1026"/><temp name="T1036"/><temp name="T1065"/><temp name="T1020"/><temp name="T1157"/><temp name="T991"/><temp name="T1131"/><temp name="T1134"/><temp name="T1140"/><temp name="T1003"/><temp name="T1005"/><temp name="T1120"/><temp name="T1055"/></temps></instruction><instruction code="LDA T994, _putString"><temps name="use"/><temps name="def"><temp name="T994"/></temps><temps name="in"><temp name="T1146"/><temp name="T1108"/><temp name="T1051"/><temp name="T1040"/><temp name="T1074"/><temp name="T1123"/><temp name="T1080"/><temp name="T980"/><temp name="T1060"/><temp name="T1071"/><temp name="T1086"/><temp name="T1125"/><temp name="T988"/><temp name="T1014"/><temp name="T1011"/><temp name="T1048"/><temp name="T1111"/><temp name="T1115"/><temp name="T1000"/><temp name="T1063"/><temp name="T1032"/><temp name="T6"/><temp name="T1092"/><temp name="T1100"/><temp name="T1152"/><temp name="T995"/><temp name="T1096"/><temp name="T1026"/><temp name="T1036"/><temp name="T1065"/><temp name="T1020"/><temp name="T1157"/><temp name="T991"/><temp name="T1131"/><temp name="T1134"/><temp name="T1140"/><temp name="T1003"/><temp name="T1005"/><temp name="T1120"/><temp name="T1055"/></temps><temps name="out"><temp name="T1146"/><temp name="T1108"/><temp name="T1051"/><temp name="T1040"/><temp name="T1074"/><temp name="T1123"/><temp name="T1080"/><temp name="T980"/><temp name="T1060"/><temp name="T1071"/><temp name="T1086"/><temp name="T1125"/><temp name="T988"/><temp name="T1014"/><temp name="T1011"/><temp name="T1048"/><temp name="T1111"/><temp name="T1115"/><temp name="T1000"/><temp name="T1063"/><temp name="T994"/><temp name="T1032"/><temp name="T6"/><temp name="T1092"/><temp name="T1100"/><temp name="T1152"/><temp name="T995"/><temp name="T1096"/><temp name="T1026"/><temp name="T1036"/><temp name="T1065"/><temp name="T1020"/><temp name="T1157"/><temp name="T991"/><temp name="T1131"/><temp name="T1134"/><temp name="T1140"/><temp name="T1003"/><temp name="T1005"/><temp name="T1120"/><temp name="T1055"/></temps></instruction><instruction code="PUSHJ $15, T994, 0"><temps name="use"><temp name="T994"/></temps><temps name="def"/><temps name="in"><temp name="T1146"/><temp name="T1108"/><temp name="T1051"/><temp name="T1040"/><temp name="T1074"/><temp name="T1123"/><temp name="T1080"/><temp name="T980"/><temp name="T1060"/><temp name="T1071"/><temp name="T1086"/><temp name="T1125"/><temp name="T988"/><temp name="T1014"/><temp name="T1011"/><temp name="T1048"/><temp name="T1111"/><temp name="T1115"/><temp name="T1000"/><temp name="T1063"/><temp name="T994"/><temp name="T1032"/><temp name="T6"/><temp name="T1092"/><temp name="T1100"/><temp name="T1152"/><temp name="T995"/><temp name="T1096"/><temp name="T1026"/><temp name="T1036"/><temp name="T1065"/><temp name="T1020"/><temp name="T1157"/><temp name="T991"/><temp name="T1131"/><temp name="T1134"/><temp name="T1140"/><temp name="T1003"/><temp name="T1005"/><temp name="T1120"/><temp name="T1055"/></temps><temps name="out"><temp name="T1146"/><temp name="T1108"/><temp name="T1051"/><temp name="T1040"/><temp name="T1074"/><temp name="T1123"/><temp name="T1080"/><temp name="T980"/><temp name="T1060"/><temp name="T1071"/><temp name="T1086"/><temp name="T1125"/><temp name="T988"/><temp name="T1014"/><temp name="T1011"/><temp name="T1048"/><temp name="T1111"/><temp name="T1115"/><temp name="T1000"/><temp name="T1063"/><temp name="T1032"/><temp name="T6"/><temp name="T1092"/><temp name="T1100"/><temp name="T1152"/><temp name="T995"/><temp name="T1096"/><temp name="T1026"/><temp name="T1036"/><temp name="T1065"/><temp name="T1020"/><temp name="T1157"/><temp name="T991"/><temp name="T1131"/><temp name="T1134"/><temp name="T1140"/><temp name="T1003"/><temp name="T1005"/><temp name="T1120"/><temp name="T1055"/></temps></instruction><instruction code="OR T96, T995, 0"><temps name="use"><temp name="T995"/></temps><temps name="def"><temp name="T96"/></temps><temps name="in"><temp name="T1146"/><temp name="T1108"/><temp name="T1051"/><temp name="T1040"/><temp name="T1074"/><temp name="T1123"/><temp name="T1080"/><temp name="T980"/><temp name="T1060"/><temp name="T1071"/><temp name="T1086"/><temp name="T1125"/><temp name="T988"/><temp name="T1014"/><temp name="T1011"/><temp name="T1048"/><temp name="T1111"/><temp name="T1115"/><temp name="T1000"/><temp name="T1063"/><temp name="T1032"/><temp name="T6"/><temp name="T1092"/><temp name="T1100"/><temp name="T1152"/><temp name="T995"/><temp name="T1096"/><temp name="T1026"/><temp name="T1036"/><temp name="T1065"/><temp name="T1020"/><temp name="T1157"/><temp name="T991"/><temp name="T1131"/><temp name="T1134"/><temp name="T1140"/><temp name="T1003"/><temp name="T1005"/><temp name="T1120"/><temp name="T1055"/></temps><temps name="out"><temp name="T1146"/><temp name="T1108"/><temp name="T1051"/><temp name="T1040"/><temp name="T1074"/><temp name="T1123"/><temp name="T1080"/><temp name="T980"/><temp name="T1060"/><temp name="T1071"/><temp name="T1086"/><temp name="T1125"/><temp name="T988"/><temp name="T1014"/><temp name="T1011"/><temp name="T1048"/><temp name="T1111"/><temp name="T1115"/><temp name="T1000"/><temp name="T1063"/><temp name="T1032"/><temp name="T6"/><temp name="T1092"/><temp name="T1100"/><temp name="T1152"/><temp name="T995"/><temp name="T1096"/><temp name="T1026"/><temp name="T1036"/><temp name="T1065"/><temp name="T1020"/><temp name="T1157"/><temp name="T991"/><temp name="T1131"/><temp name="T1134"/><temp name="T1140"/><temp name="T1003"/><temp name="T1005"/><temp name="T1120"/><temp name="T1055"/></temps></instruction><instruction code="SETL  T996, 0"><temps name="use"/><temps name="def"><temp name="T996"/></temps><temps name="in"><temp name="T1146"/><temp name="T1108"/><temp name="T1051"/><temp name="T1040"/><temp name="T1074"/><temp name="T1123"/><temp name="T1080"/><temp name="T980"/><temp name="T1060"/><temp name="T1071"/><temp name="T1086"/><temp name="T1125"/><temp name="T988"/><temp name="T1014"/><temp name="T1011"/><temp name="T1048"/><temp name="T1111"/><temp name="T1115"/><temp name="T1000"/><temp name="T1063"/><temp name="T1032"/><temp name="T6"/><temp name="T1092"/><temp name="T1100"/><temp name="T1152"/><temp name="T995"/><temp name="T1096"/><temp name="T1026"/><temp name="T1036"/><temp name="T1065"/><temp name="T1020"/><temp name="T1157"/><temp name="T991"/><temp name="T1131"/><temp name="T1134"/><temp name="T1140"/><temp name="T1003"/><temp name="T1005"/><temp name="T1120"/><temp name="T1055"/></temps><temps name="out"><temp name="T1146"/><temp name="T1108"/><temp name="T1051"/><temp name="T1040"/><temp name="T1074"/><temp name="T1123"/><temp name="T1080"/><temp name="T980"/><temp name="T1060"/><temp name="T1071"/><temp name="T1086"/><temp name="T1125"/><temp name="T988"/><temp name="T1014"/><temp name="T1011"/><temp name="T1048"/><temp name="T1111"/><temp name="T1115"/><temp name="T1000"/><temp name="T1063"/><temp name="T1032"/><temp name="T6"/><temp name="T1092"/><temp name="T1100"/><temp name="T1152"/><temp name="T995"/><temp name="T1096"/><temp name="T1026"/><temp name="T1036"/><temp name="T1065"/><temp name="T1020"/><temp name="T1157"/><temp name="T991"/><temp name="T1131"/><temp name="T1134"/><temp name="T1140"/><temp name="T1003"/><temp name="T1005"/><temp name="T1120"/><temp name="T1055"/></temps></instruction><instruction code="INCML T996, 0"><temps name="use"/><temps name="def"><temp name="T996"/></temps><temps name="in"><temp name="T1146"/><temp name="T1108"/><temp name="T1051"/><temp name="T1040"/><temp name="T1074"/><temp name="T1123"/><temp name="T1080"/><temp name="T980"/><temp name="T1060"/><temp name="T1071"/><temp name="T1086"/><temp name="T1125"/><temp name="T988"/><temp name="T1014"/><temp name="T1011"/><temp name="T1048"/><temp name="T1111"/><temp name="T1115"/><temp name="T1000"/><temp name="T1063"/><temp name="T1032"/><temp name="T6"/><temp name="T1092"/><temp name="T1100"/><temp name="T1152"/><temp name="T995"/><temp name="T1096"/><temp name="T1026"/><temp name="T1036"/><temp name="T1065"/><temp name="T1020"/><temp name="T1157"/><temp name="T991"/><temp name="T1131"/><temp name="T1134"/><temp name="T1140"/><temp name="T1003"/><temp name="T1005"/><temp name="T1120"/><temp name="T1055"/></temps><temps name="out"><temp name="T1146"/><temp name="T1108"/><temp name="T1051"/><temp name="T1040"/><temp name="T1074"/><temp name="T1123"/><temp name="T1080"/><temp name="T980"/><temp name="T1060"/><temp name="T1071"/><temp name="T1086"/><temp name="T1125"/><temp name="T988"/><temp name="T1014"/><temp name="T1011"/><temp name="T1048"/><temp name="T1111"/><temp name="T1115"/><temp name="T1000"/><temp name="T1063"/><temp name="T1032"/><temp name="T6"/><temp name="T1092"/><temp name="T1100"/><temp name="T1152"/><temp name="T995"/><temp name="T1096"/><temp name="T1026"/><temp name="T1036"/><temp name="T1065"/><temp name="T1020"/><temp name="T1157"/><temp name="T991"/><temp name="T1131"/><temp name="T1134"/><temp name="T1140"/><temp name="T1003"/><temp name="T1005"/><temp name="T1120"/><temp name="T1055"/></temps></instruction><instruction code="INCMH T996, 0"><temps name="use"/><temps name="def"><temp name="T996"/></temps><temps name="in"><temp name="T1146"/><temp name="T1108"/><temp name="T1051"/><temp name="T1040"/><temp name="T1074"/><temp name="T1123"/><temp name="T1080"/><temp name="T980"/><temp name="T1060"/><temp name="T1071"/><temp name="T1086"/><temp name="T1125"/><temp name="T988"/><temp name="T1014"/><temp name="T1011"/><temp name="T1048"/><temp name="T1111"/><temp name="T1115"/><temp name="T1000"/><temp name="T1063"/><temp name="T1032"/><temp name="T6"/><temp name="T1092"/><temp name="T1100"/><temp name="T1152"/><temp name="T995"/><temp name="T1096"/><temp name="T1026"/><temp name="T1036"/><temp name="T1065"/><temp name="T1020"/><temp name="T1157"/><temp name="T991"/><temp name="T1131"/><temp name="T1134"/><temp name="T1140"/><temp name="T1003"/><temp name="T1005"/><temp name="T1120"/><temp name="T1055"/></temps><temps name="out"><temp name="T1146"/><temp name="T1108"/><temp name="T1051"/><temp name="T1040"/><temp name="T1074"/><temp name="T1123"/><temp name="T1080"/><temp name="T980"/><temp name="T1060"/><temp name="T1071"/><temp name="T1086"/><temp name="T1125"/><temp name="T988"/><temp name="T1014"/><temp name="T1011"/><temp name="T1048"/><temp name="T1111"/><temp name="T1115"/><temp name="T1000"/><temp name="T1063"/><temp name="T1032"/><temp name="T6"/><temp name="T1092"/><temp name="T1100"/><temp name="T1152"/><temp name="T995"/><temp name="T1096"/><temp name="T1026"/><temp name="T1036"/><temp name="T1065"/><temp name="T1020"/><temp name="T1157"/><temp name="T991"/><temp name="T1131"/><temp name="T1134"/><temp name="T1140"/><temp name="T1003"/><temp name="T1005"/><temp name="T1120"/><temp name="T1055"/></temps></instruction><instruction code="INCH  T996, 0"><temps name="use"/><temps name="def"><temp name="T996"/></temps><temps name="in"><temp name="T1146"/><temp name="T1108"/><temp name="T1051"/><temp name="T1040"/><temp name="T1074"/><temp name="T1123"/><temp name="T1080"/><temp name="T980"/><temp name="T1060"/><temp name="T1071"/><temp name="T1086"/><temp name="T1125"/><temp name="T988"/><temp name="T1014"/><temp name="T1011"/><temp name="T1048"/><temp name="T1111"/><temp name="T1115"/><temp name="T1000"/><temp name="T1063"/><temp name="T1032"/><temp name="T6"/><temp name="T1092"/><temp name="T1100"/><temp name="T1152"/><temp name="T995"/><temp name="T1096"/><temp name="T1026"/><temp name="T1036"/><temp name="T1065"/><temp name="T1020"/><temp name="T1157"/><temp name="T991"/><temp name="T1131"/><temp name="T1134"/><temp name="T1140"/><temp name="T1003"/><temp name="T1005"/><temp name="T1120"/><temp name="T1055"/></temps><temps name="out"><temp name="T1146"/><temp name="T996"/><temp name="T1108"/><temp name="T1051"/><temp name="T1040"/><temp name="T1074"/><temp name="T1123"/><temp name="T1080"/><temp name="T980"/><temp name="T1060"/><temp name="T1071"/><temp name="T1086"/><temp name="T1125"/><temp name="T988"/><temp name="T1014"/><temp name="T1011"/><temp name="T1048"/><temp name="T1111"/><temp name="T1115"/><temp name="T1000"/><temp name="T1063"/><temp name="T1032"/><temp name="T6"/><temp name="T1092"/><temp name="T1100"/><temp name="T1152"/><temp name="T995"/><temp name="T1096"/><temp name="T1026"/><temp name="T1036"/><temp name="T1065"/><temp name="T1020"/><temp name="T1157"/><temp name="T991"/><temp name="T1131"/><temp name="T1134"/><temp name="T1140"/><temp name="T1003"/><temp name="T1005"/><temp name="T1120"/><temp name="T1055"/></temps></instruction><instruction code="OR T97, T996, 0"><temps name="use"><temp name="T996"/></temps><temps name="def"><temp name="T97"/></temps><temps name="in"><temp name="T1146"/><temp name="T996"/><temp name="T1108"/><temp name="T1051"/><temp name="T1040"/><temp name="T1074"/><temp name="T1123"/><temp name="T1080"/><temp name="T980"/><temp name="T1060"/><temp name="T1071"/><temp name="T1086"/><temp name="T1125"/><temp name="T988"/><temp name="T1014"/><temp name="T1011"/><temp name="T1048"/><temp name="T1111"/><temp name="T1115"/><temp name="T1000"/><temp name="T1063"/><temp name="T1032"/><temp name="T6"/><temp name="T1092"/><temp name="T1100"/><temp name="T1152"/><temp name="T995"/><temp name="T1096"/><temp name="T1026"/><temp name="T1036"/><temp name="T1065"/><temp name="T1020"/><temp name="T1157"/><temp name="T991"/><temp name="T1131"/><temp name="T1134"/><temp name="T1140"/><temp name="T1003"/><temp name="T1005"/><temp name="T1120"/><temp name="T1055"/></temps><temps name="out"><temp name="T1146"/><temp name="T1108"/><temp name="T1051"/><temp name="T1040"/><temp name="T1074"/><temp name="T1123"/><temp name="T1080"/><temp name="T980"/><temp name="T1060"/><temp name="T1071"/><temp name="T1086"/><temp name="T1125"/><temp name="T988"/><temp name="T1014"/><temp name="T1011"/><temp name="T1048"/><temp name="T1111"/><temp name="T1115"/><temp name="T1000"/><temp name="T1063"/><temp name="T1032"/><temp name="T6"/><temp name="T1092"/><temp name="T1100"/><temp name="T1152"/><temp name="T995"/><temp name="T1096"/><temp name="T97"/><temp name="T1026"/><temp name="T1036"/><temp name="T1065"/><temp name="T1020"/><temp name="T1157"/><temp name="T991"/><temp name="T1131"/><temp name="T1134"/><temp name="T1140"/><temp name="T1003"/><temp name="T1005"/><temp name="T1120"/><temp name="T1055"/></temps></instruction><instruction code="SETL  T997, 0"><temps name="use"/><temps name="def"><temp name="T997"/></temps><temps name="in"><temp name="T1146"/><temp name="T1108"/><temp name="T1051"/><temp name="T1040"/><temp name="T1074"/><temp name="T1123"/><temp name="T1080"/><temp name="T980"/><temp name="T1060"/><temp name="T1071"/><temp name="T1086"/><temp name="T1125"/><temp name="T988"/><temp name="T1014"/><temp name="T1011"/><temp name="T1048"/><temp name="T1111"/><temp name="T1115"/><temp name="T1000"/><temp name="T1063"/><temp name="T1032"/><temp name="T6"/><temp name="T1092"/><temp name="T1100"/><temp name="T1152"/><temp name="T995"/><temp name="T1096"/><temp name="T97"/><temp name="T1026"/><temp name="T1036"/><temp name="T1065"/><temp name="T1020"/><temp name="T1157"/><temp name="T991"/><temp name="T1131"/><temp name="T1134"/><temp name="T1140"/><temp name="T1003"/><temp name="T1005"/><temp name="T1120"/><temp name="T1055"/></temps><temps name="out"><temp name="T1146"/><temp name="T1108"/><temp name="T1051"/><temp name="T1040"/><temp name="T1074"/><temp name="T1123"/><temp name="T1080"/><temp name="T980"/><temp name="T1060"/><temp name="T1071"/><temp name="T1086"/><temp name="T1125"/><temp name="T988"/><temp name="T1014"/><temp name="T1011"/><temp name="T1048"/><temp name="T1111"/><temp name="T1115"/><temp name="T1000"/><temp name="T1063"/><temp name="T1032"/><temp name="T6"/><temp name="T1092"/><temp name="T1100"/><temp name="T1152"/><temp name="T995"/><temp name="T1096"/><temp name="T97"/><temp name="T1026"/><temp name="T1036"/><temp name="T1065"/><temp name="T1020"/><temp name="T1157"/><temp name="T991"/><temp name="T1131"/><temp name="T1134"/><temp name="T1140"/><temp name="T1003"/><temp name="T1005"/><temp name="T1120"/><temp name="T1055"/></temps></instruction><instruction code="INCML T997, 0"><temps name="use"/><temps name="def"><temp name="T997"/></temps><temps name="in"><temp name="T1146"/><temp name="T1108"/><temp name="T1051"/><temp name="T1040"/><temp name="T1074"/><temp name="T1123"/><temp name="T1080"/><temp name="T980"/><temp name="T1060"/><temp name="T1071"/><temp name="T1086"/><temp name="T1125"/><temp name="T988"/><temp name="T1014"/><temp name="T1011"/><temp name="T1048"/><temp name="T1111"/><temp name="T1115"/><temp name="T1000"/><temp name="T1063"/><temp name="T1032"/><temp name="T6"/><temp name="T1092"/><temp name="T1100"/><temp name="T1152"/><temp name="T995"/><temp name="T1096"/><temp name="T97"/><temp name="T1026"/><temp name="T1036"/><temp name="T1065"/><temp name="T1020"/><temp name="T1157"/><temp name="T991"/><temp name="T1131"/><temp name="T1134"/><temp name="T1140"/><temp name="T1003"/><temp name="T1005"/><temp name="T1120"/><temp name="T1055"/></temps><temps name="out"><temp name="T1146"/><temp name="T1108"/><temp name="T1051"/><temp name="T1040"/><temp name="T1074"/><temp name="T1123"/><temp name="T1080"/><temp name="T980"/><temp name="T1060"/><temp name="T1071"/><temp name="T1086"/><temp name="T1125"/><temp name="T988"/><temp name="T1014"/><temp name="T1011"/><temp name="T1048"/><temp name="T1111"/><temp name="T1115"/><temp name="T1000"/><temp name="T1063"/><temp name="T1032"/><temp name="T6"/><temp name="T1092"/><temp name="T1100"/><temp name="T1152"/><temp name="T995"/><temp name="T1096"/><temp name="T97"/><temp name="T1026"/><temp name="T1036"/><temp name="T1065"/><temp name="T1020"/><temp name="T1157"/><temp name="T991"/><temp name="T1131"/><temp name="T1134"/><temp name="T1140"/><temp name="T1003"/><temp name="T1005"/><temp name="T1120"/><temp name="T1055"/></temps></instruction><instruction code="INCMH T997, 0"><temps name="use"/><temps name="def"><temp name="T997"/></temps><temps name="in"><temp name="T1146"/><temp name="T1108"/><temp name="T1051"/><temp name="T1040"/><temp name="T1074"/><temp name="T1123"/><temp name="T1080"/><temp name="T980"/><temp name="T1060"/><temp name="T1071"/><temp name="T1086"/><temp name="T1125"/><temp name="T988"/><temp name="T1014"/><temp name="T1011"/><temp name="T1048"/><temp name="T1111"/><temp name="T1115"/><temp name="T1000"/><temp name="T1063"/><temp name="T1032"/><temp name="T6"/><temp name="T1092"/><temp name="T1100"/><temp name="T1152"/><temp name="T995"/><temp name="T1096"/><temp name="T97"/><temp name="T1026"/><temp name="T1036"/><temp name="T1065"/><temp name="T1020"/><temp name="T1157"/><temp name="T991"/><temp name="T1131"/><temp name="T1134"/><temp name="T1140"/><temp name="T1003"/><temp name="T1005"/><temp name="T1120"/><temp name="T1055"/></temps><temps name="out"><temp name="T1146"/><temp name="T1108"/><temp name="T1051"/><temp name="T1040"/><temp name="T1074"/><temp name="T1123"/><temp name="T1080"/><temp name="T980"/><temp name="T1060"/><temp name="T1071"/><temp name="T1086"/><temp name="T1125"/><temp name="T988"/><temp name="T1014"/><temp name="T1011"/><temp name="T1048"/><temp name="T1111"/><temp name="T1115"/><temp name="T1000"/><temp name="T1063"/><temp name="T1032"/><temp name="T6"/><temp name="T1092"/><temp name="T1100"/><temp name="T1152"/><temp name="T995"/><temp name="T1096"/><temp name="T97"/><temp name="T1026"/><temp name="T1036"/><temp name="T1065"/><temp name="T1020"/><temp name="T1157"/><temp name="T991"/><temp name="T1131"/><temp name="T1134"/><temp name="T1140"/><temp name="T1003"/><temp name="T1005"/><temp name="T1120"/><temp name="T1055"/></temps></instruction><instruction code="INCH  T997, 0"><temps name="use"/><temps name="def"><temp name="T997"/></temps><temps name="in"><temp name="T1146"/><temp name="T1108"/><temp name="T1051"/><temp name="T1040"/><temp name="T1074"/><temp name="T1123"/><temp name="T1080"/><temp name="T980"/><temp name="T1060"/><temp name="T1071"/><temp name="T1086"/><temp name="T1125"/><temp name="T988"/><temp name="T1014"/><temp name="T1011"/><temp name="T1048"/><temp name="T1111"/><temp name="T1115"/><temp name="T1000"/><temp name="T1063"/><temp name="T1032"/><temp name="T6"/><temp name="T1092"/><temp name="T1100"/><temp name="T1152"/><temp name="T995"/><temp name="T1096"/><temp name="T97"/><temp name="T1026"/><temp name="T1036"/><temp name="T1065"/><temp name="T1020"/><temp name="T1157"/><temp name="T991"/><temp name="T1131"/><temp name="T1134"/><temp name="T1140"/><temp name="T1003"/><temp name="T1005"/><temp name="T1120"/><temp name="T1055"/></temps><temps name="out"><temp name="T1146"/><temp name="T1108"/><temp name="T1051"/><temp name="T1040"/><temp name="T1074"/><temp name="T1123"/><temp name="T1080"/><temp name="T980"/><temp name="T1060"/><temp name="T1071"/><temp name="T1086"/><temp name="T1125"/><temp name="T988"/><temp name="T1014"/><temp name="T1011"/><temp name="T1048"/><temp name="T1111"/><temp name="T1115"/><temp name="T1000"/><temp name="T1063"/><temp name="T1032"/><temp name="T6"/><temp name="T1092"/><temp name="T1100"/><temp name="T1152"/><temp name="T995"/><temp name="T1096"/><temp name="T97"/><temp name="T1026"/><temp name="T1036"/><temp name="T1065"/><temp name="T997"/><temp name="T1020"/><temp name="T1157"/><temp name="T991"/><temp name="T1131"/><temp name="T1134"/><temp name="T1140"/><temp name="T1003"/><temp name="T1005"/><temp name="T1120"/><temp name="T1055"/></temps></instruction><instruction code="OR T98, T997, 0"><temps name="use"><temp name="T997"/></temps><temps name="def"><temp name="T98"/></temps><temps name="in"><temp name="T1146"/><temp name="T1108"/><temp name="T1051"/><temp name="T1040"/><temp name="T1074"/><temp name="T1123"/><temp name="T1080"/><temp name="T980"/><temp name="T1060"/><temp name="T1071"/><temp name="T1086"/><temp name="T1125"/><temp name="T988"/><temp name="T1014"/><temp name="T1011"/><temp name="T1048"/><temp name="T1111"/><temp name="T1115"/><temp name="T1000"/><temp name="T1063"/><temp name="T1032"/><temp name="T6"/><temp name="T1092"/><temp name="T1100"/><temp name="T1152"/><temp name="T995"/><temp name="T1096"/><temp name="T97"/><temp name="T1026"/><temp name="T1036"/><temp name="T1065"/><temp name="T997"/><temp name="T1020"/><temp name="T1157"/><temp name="T991"/><temp name="T1131"/><temp name="T1134"/><temp name="T1140"/><temp name="T1003"/><temp name="T1005"/><temp name="T1120"/><temp name="T1055"/></temps><temps name="out"><temp name="T1146"/><temp name="T1108"/><temp name="T1051"/><temp name="T98"/><temp name="T1040"/><temp name="T1074"/><temp name="T1123"/><temp name="T1080"/><temp name="T980"/><temp name="T1060"/><temp name="T1071"/><temp name="T1086"/><temp name="T1125"/><temp name="T988"/><temp name="T1014"/><temp name="T1011"/><temp name="T1048"/><temp name="T1111"/><temp name="T1115"/><temp name="T1000"/><temp name="T1063"/><temp name="T1032"/><temp name="T6"/><temp name="T1092"/><temp name="T1100"/><temp name="T1152"/><temp name="T995"/><temp name="T1096"/><temp name="T97"/><temp name="T1026"/><temp name="T1036"/><temp name="T1065"/><temp name="T1020"/><temp name="T1157"/><temp name="T991"/><temp name="T1131"/><temp name="T1134"/><temp name="T1140"/><temp name="T1003"/><temp name="T1005"/><temp name="T1120"/><temp name="T1055"/></temps></instruction><instruction code="OR T99, T6, 0"><temps name="use"><temp name="T6"/></temps><temps name="def"><temp name="T99"/></temps><temps name="in"><temp name="T1146"/><temp name="T1108"/><temp name="T1051"/><temp name="T98"/><temp name="T1040"/><temp name="T1074"/><temp name="T1123"/><temp name="T1080"/><temp name="T980"/><temp name="T1060"/><temp name="T1071"/><temp name="T1086"/><temp name="T1125"/><temp name="T988"/><temp name="T1014"/><temp name="T1011"/><temp name="T1048"/><temp name="T1111"/><temp name="T1115"/><temp name="T1000"/><temp name="T1063"/><temp name="T1032"/><temp name="T6"/><temp name="T1092"/><temp name="T1100"/><temp name="T1152"/><temp name="T995"/><temp name="T1096"/><temp name="T97"/><temp name="T1026"/><temp name="T1036"/><temp name="T1065"/><temp name="T1020"/><temp name="T1157"/><temp name="T991"/><temp name="T1131"/><temp name="T1134"/><temp name="T1140"/><temp name="T1003"/><temp name="T1005"/><temp name="T1120"/><temp name="T1055"/></temps><temps name="out"><temp name="T1146"/><temp name="T1108"/><temp name="T1051"/><temp name="T98"/><temp name="T1040"/><temp name="T1074"/><temp name="T1123"/><temp name="T1080"/><temp name="T980"/><temp name="T1060"/><temp name="T1071"/><temp name="T1086"/><temp name="T1125"/><temp name="T988"/><temp name="T99"/><temp name="T1014"/><temp name="T1011"/><temp name="T1048"/><temp name="T1111"/><temp name="T1115"/><temp name="T1000"/><temp name="T1063"/><temp name="T1032"/><temp name="T6"/><temp name="T1092"/><temp name="T1100"/><temp name="T1152"/><temp name="T995"/><temp name="T1096"/><temp name="T97"/><temp name="T1026"/><temp name="T1036"/><temp name="T1065"/><temp name="T1020"/><temp name="T1157"/><temp name="T991"/><temp name="T1131"/><temp name="T1134"/><temp name="T1140"/><temp name="T1003"/><temp name="T1005"/><temp name="T1120"/><temp name="T1055"/></temps></instruction><instruction code="SETL  T998, 8"><temps name="use"/><temps name="def"><temp name="T998"/></temps><temps name="in"><temp name="T1146"/><temp name="T1108"/><temp name="T1051"/><temp name="T98"/><temp name="T1040"/><temp name="T1074"/><temp name="T1123"/><temp name="T1080"/><temp name="T980"/><temp name="T1060"/><temp name="T1071"/><temp name="T1086"/><temp name="T1125"/><temp name="T988"/><temp name="T99"/><temp name="T1014"/><temp name="T1011"/><temp name="T1048"/><temp name="T1111"/><temp name="T1115"/><temp name="T1000"/><temp name="T1063"/><temp name="T1032"/><temp name="T6"/><temp name="T1092"/><temp name="T1100"/><temp name="T1152"/><temp name="T995"/><temp name="T1096"/><temp name="T97"/><temp name="T1026"/><temp name="T1036"/><temp name="T1065"/><temp name="T1020"/><temp name="T1157"/><temp name="T991"/><temp name="T1131"/><temp name="T1134"/><temp name="T1140"/><temp name="T1003"/><temp name="T1005"/><temp name="T1120"/><temp name="T1055"/></temps><temps name="out"><temp name="T1146"/><temp name="T1108"/><temp name="T1051"/><temp name="T98"/><temp name="T1040"/><temp name="T1074"/><temp name="T1123"/><temp name="T1080"/><temp name="T980"/><temp name="T1060"/><temp name="T1071"/><temp name="T1086"/><temp name="T1125"/><temp name="T988"/><temp name="T99"/><temp name="T1014"/><temp name="T1011"/><temp name="T1048"/><temp name="T1111"/><temp name="T1115"/><temp name="T1000"/><temp name="T1063"/><temp name="T1032"/><temp name="T6"/><temp name="T1092"/><temp name="T1100"/><temp name="T1152"/><temp name="T995"/><temp name="T1096"/><temp name="T97"/><temp name="T1026"/><temp name="T1036"/><temp name="T1065"/><temp name="T1020"/><temp name="T1157"/><temp name="T991"/><temp name="T1131"/><temp name="T1134"/><temp name="T1140"/><temp name="T1003"/><temp name="T1005"/><temp name="T1120"/><temp name="T1055"/></temps></instruction><instruction code="INCML T998, 0"><temps name="use"/><temps name="def"><temp name="T998"/></temps><temps name="in"><temp name="T1146"/><temp name="T1108"/><temp name="T1051"/><temp name="T98"/><temp name="T1040"/><temp name="T1074"/><temp name="T1123"/><temp name="T1080"/><temp name="T980"/><temp name="T1060"/><temp name="T1071"/><temp name="T1086"/><temp name="T1125"/><temp name="T988"/><temp name="T99"/><temp name="T1014"/><temp name="T1011"/><temp name="T1048"/><temp name="T1111"/><temp name="T1115"/><temp name="T1000"/><temp name="T1063"/><temp name="T1032"/><temp name="T6"/><temp name="T1092"/><temp name="T1100"/><temp name="T1152"/><temp name="T995"/><temp name="T1096"/><temp name="T97"/><temp name="T1026"/><temp name="T1036"/><temp name="T1065"/><temp name="T1020"/><temp name="T1157"/><temp name="T991"/><temp name="T1131"/><temp name="T1134"/><temp name="T1140"/><temp name="T1003"/><temp name="T1005"/><temp name="T1120"/><temp name="T1055"/></temps><temps name="out"><temp name="T1146"/><temp name="T1108"/><temp name="T1051"/><temp name="T98"/><temp name="T1040"/><temp name="T1074"/><temp name="T1123"/><temp name="T1080"/><temp name="T980"/><temp name="T1060"/><temp name="T1071"/><temp name="T1086"/><temp name="T1125"/><temp name="T988"/><temp name="T99"/><temp name="T1014"/><temp name="T1011"/><temp name="T1048"/><temp name="T1111"/><temp name="T1115"/><temp name="T1000"/><temp name="T1063"/><temp name="T1032"/><temp name="T6"/><temp name="T1092"/><temp name="T1100"/><temp name="T1152"/><temp name="T995"/><temp name="T1096"/><temp name="T97"/><temp name="T1026"/><temp name="T1036"/><temp name="T1065"/><temp name="T1020"/><temp name="T1157"/><temp name="T991"/><temp name="T1131"/><temp name="T1134"/><temp name="T1140"/><temp name="T1003"/><temp name="T1005"/><temp name="T1120"/><temp name="T1055"/></temps></instruction><instruction code="INCMH T998, 0"><temps name="use"/><temps name="def"><temp name="T998"/></temps><temps name="in"><temp name="T1146"/><temp name="T1108"/><temp name="T1051"/><temp name="T98"/><temp name="T1040"/><temp name="T1074"/><temp name="T1123"/><temp name="T1080"/><temp name="T980"/><temp name="T1060"/><temp name="T1071"/><temp name="T1086"/><temp name="T1125"/><temp name="T988"/><temp name="T99"/><temp name="T1014"/><temp name="T1011"/><temp name="T1048"/><temp name="T1111"/><temp name="T1115"/><temp name="T1000"/><temp name="T1063"/><temp name="T1032"/><temp name="T6"/><temp name="T1092"/><temp name="T1100"/><temp name="T1152"/><temp name="T995"/><temp name="T1096"/><temp name="T97"/><temp name="T1026"/><temp name="T1036"/><temp name="T1065"/><temp name="T1020"/><temp name="T1157"/><temp name="T991"/><temp name="T1131"/><temp name="T1134"/><temp name="T1140"/><temp name="T1003"/><temp name="T1005"/><temp name="T1120"/><temp name="T1055"/></temps><temps name="out"><temp name="T1146"/><temp name="T1108"/><temp name="T1051"/><temp name="T98"/><temp name="T1040"/><temp name="T1074"/><temp name="T1123"/><temp name="T1080"/><temp name="T980"/><temp name="T1060"/><temp name="T1071"/><temp name="T1086"/><temp name="T1125"/><temp name="T988"/><temp name="T99"/><temp name="T1014"/><temp name="T1011"/><temp name="T1048"/><temp name="T1111"/><temp name="T1115"/><temp name="T1000"/><temp name="T1063"/><temp name="T1032"/><temp name="T6"/><temp name="T1092"/><temp name="T1100"/><temp name="T1152"/><temp name="T995"/><temp name="T1096"/><temp name="T97"/><temp name="T1026"/><temp name="T1036"/><temp name="T1065"/><temp name="T1020"/><temp name="T1157"/><temp name="T991"/><temp name="T1131"/><temp name="T1134"/><temp name="T1140"/><temp name="T1003"/><temp name="T1005"/><temp name="T1120"/><temp name="T1055"/></temps></instruction><instruction code="INCH  T998, 0"><temps name="use"/><temps name="def"><temp name="T998"/></temps><temps name="in"><temp name="T1146"/><temp name="T1108"/><temp name="T1051"/><temp name="T98"/><temp name="T1040"/><temp name="T1074"/><temp name="T1123"/><temp name="T1080"/><temp name="T980"/><temp name="T1060"/><temp name="T1071"/><temp name="T1086"/><temp name="T1125"/><temp name="T988"/><temp name="T99"/><temp name="T1014"/><temp name="T1011"/><temp name="T1048"/><temp name="T1111"/><temp name="T1115"/><temp name="T1000"/><temp name="T1063"/><temp name="T1032"/><temp name="T6"/><temp name="T1092"/><temp name="T1100"/><temp name="T1152"/><temp name="T995"/><temp name="T1096"/><temp name="T97"/><temp name="T1026"/><temp name="T1036"/><temp name="T1065"/><temp name="T1020"/><temp name="T1157"/><temp name="T991"/><temp name="T1131"/><temp name="T1134"/><temp name="T1140"/><temp name="T1003"/><temp name="T1005"/><temp name="T1120"/><temp name="T1055"/></temps><temps name="out"><temp name="T1146"/><temp name="T1108"/><temp name="T1051"/><temp name="T98"/><temp name="T1040"/><temp name="T1074"/><temp name="T1123"/><temp name="T1080"/><temp name="T980"/><temp name="T1060"/><temp name="T1071"/><temp name="T1086"/><temp name="T1125"/><temp name="T998"/><temp name="T988"/><temp name="T99"/><temp name="T1014"/><temp name="T1011"/><temp name="T1048"/><temp name="T1111"/><temp name="T1115"/><temp name="T1000"/><temp name="T1063"/><temp name="T1032"/><temp name="T6"/><temp name="T1092"/><temp name="T1100"/><temp name="T1152"/><temp name="T995"/><temp name="T1096"/><temp name="T97"/><temp name="T1026"/><temp name="T1036"/><temp name="T1065"/><temp name="T1020"/><temp name="T1157"/><temp name="T991"/><temp name="T1131"/><temp name="T1134"/><temp name="T1140"/><temp name="T1003"/><temp name="T1005"/><temp name="T1120"/><temp name="T1055"/></temps></instruction><instruction code="NEG T998, 0, T998"><temps name="use"><temp name="T998"/></temps><temps name="def"><temp name="T998"/></temps><temps name="in"><temp name="T1146"/><temp name="T1108"/><temp name="T1051"/><temp name="T98"/><temp name="T1040"/><temp name="T1074"/><temp name="T1123"/><temp name="T1080"/><temp name="T980"/><temp name="T1060"/><temp name="T1071"/><temp name="T1086"/><temp name="T1125"/><temp name="T998"/><temp name="T988"/><temp name="T99"/><temp name="T1014"/><temp name="T1011"/><temp name="T1048"/><temp name="T1111"/><temp name="T1115"/><temp name="T1000"/><temp name="T1063"/><temp name="T1032"/><temp name="T6"/><temp name="T1092"/><temp name="T1100"/><temp name="T1152"/><temp name="T995"/><temp name="T1096"/><temp name="T97"/><temp name="T1026"/><temp name="T1036"/><temp name="T1065"/><temp name="T1020"/><temp name="T1157"/><temp name="T991"/><temp name="T1131"/><temp name="T1134"/><temp name="T1140"/><temp name="T1003"/><temp name="T1005"/><temp name="T1120"/><temp name="T1055"/></temps><temps name="out"><temp name="T1146"/><temp name="T1108"/><temp name="T1051"/><temp name="T98"/><temp name="T1040"/><temp name="T1074"/><temp name="T1123"/><temp name="T1080"/><temp name="T980"/><temp name="T1060"/><temp name="T1071"/><temp name="T1086"/><temp name="T1125"/><temp name="T998"/><temp name="T988"/><temp name="T99"/><temp name="T1014"/><temp name="T1011"/><temp name="T1048"/><temp name="T1111"/><temp name="T1115"/><temp name="T1000"/><temp name="T1063"/><temp name="T1032"/><temp name="T6"/><temp name="T1092"/><temp name="T1100"/><temp name="T1152"/><temp name="T995"/><temp name="T1096"/><temp name="T97"/><temp name="T1026"/><temp name="T1036"/><temp name="T1065"/><temp name="T1020"/><temp name="T1157"/><temp name="T991"/><temp name="T1131"/><temp name="T1134"/><temp name="T1140"/><temp name="T1003"/><temp name="T1005"/><temp name="T1120"/><temp name="T1055"/></temps></instruction><instruction code="OR T100, T998, 0"><temps name="use"><temp name="T998"/></temps><temps name="def"><temp name="T100"/></temps><temps name="in"><temp name="T1146"/><temp name="T1108"/><temp name="T1051"/><temp name="T98"/><temp name="T1040"/><temp name="T1074"/><temp name="T1123"/><temp name="T1080"/><temp name="T980"/><temp name="T1060"/><temp name="T1071"/><temp name="T1086"/><temp name="T1125"/><temp name="T998"/><temp name="T988"/><temp name="T99"/><temp name="T1014"/><temp name="T1011"/><temp name="T1048"/><temp name="T1111"/><temp name="T1115"/><temp name="T1000"/><temp name="T1063"/><temp name="T1032"/><temp name="T6"/><temp name="T1092"/><temp name="T1100"/><temp name="T1152"/><temp name="T995"/><temp name="T1096"/><temp name="T97"/><temp name="T1026"/><temp name="T1036"/><temp name="T1065"/><temp name="T1020"/><temp name="T1157"/><temp name="T991"/><temp name="T1131"/><temp name="T1134"/><temp name="T1140"/><temp name="T1003"/><temp name="T1005"/><temp name="T1120"/><temp name="T1055"/></temps><temps name="out"><temp name="T1146"/><temp name="T100"/><temp name="T1108"/><temp name="T1051"/><temp name="T98"/><temp name="T1040"/><temp name="T1074"/><temp name="T1123"/><temp name="T1080"/><temp name="T980"/><temp name="T1060"/><temp name="T1071"/><temp name="T1086"/><temp name="T1125"/><temp name="T988"/><temp name="T99"/><temp name="T1014"/><temp name="T1011"/><temp name="T1048"/><temp name="T1111"/><temp name="T1115"/><temp name="T1000"/><temp name="T1063"/><temp name="T1032"/><temp name="T6"/><temp name="T1092"/><temp name="T1100"/><temp name="T1152"/><temp name="T995"/><temp name="T1096"/><temp name="T97"/><temp name="T1026"/><temp name="T1036"/><temp name="T1065"/><temp name="T1020"/><temp name="T1157"/><temp name="T991"/><temp name="T1131"/><temp name="T1134"/><temp name="T1140"/><temp name="T1003"/><temp name="T1005"/><temp name="T1120"/><temp name="T1055"/></temps></instruction><instruction code="ADD T999, T99, T100"><temps name="use"><temp name="T99"/><temp name="T100"/></temps><temps name="def"><temp name="T999"/></temps><temps name="in"><temp name="T1146"/><temp name="T100"/><temp name="T1108"/><temp name="T1051"/><temp name="T98"/><temp name="T1040"/><temp name="T1074"/><temp name="T1123"/><temp name="T1080"/><temp name="T980"/><temp name="T1060"/><temp name="T1071"/><temp name="T1086"/><temp name="T1125"/><temp name="T988"/><temp name="T99"/><temp name="T1014"/><temp name="T1011"/><temp name="T1048"/><temp name="T1111"/><temp name="T1115"/><temp name="T1000"/><temp name="T1063"/><temp name="T1032"/><temp name="T6"/><temp name="T1092"/><temp name="T1100"/><temp name="T1152"/><temp name="T995"/><temp name="T1096"/><temp name="T97"/><temp name="T1026"/><temp name="T1036"/><temp name="T1065"/><temp name="T1020"/><temp name="T1157"/><temp name="T991"/><temp name="T1131"/><temp name="T1134"/><temp name="T1140"/><temp name="T1003"/><temp name="T1005"/><temp name="T1120"/><temp name="T1055"/></temps><temps name="out"><temp name="T1146"/><temp name="T1108"/><temp name="T1051"/><temp name="T98"/><temp name="T1040"/><temp name="T1074"/><temp name="T1123"/><temp name="T1080"/><temp name="T980"/><temp name="T1060"/><temp name="T1071"/><temp name="T1086"/><temp name="T1125"/><temp name="T988"/><temp name="T1014"/><temp name="T1011"/><temp name="T1048"/><temp name="T1111"/><temp name="T1115"/><temp name="T1000"/><temp name="T1063"/><temp name="T1032"/><temp name="T6"/><temp name="T1092"/><temp name="T1100"/><temp name="T1152"/><temp name="T995"/><temp name="T1096"/><temp name="T97"/><temp name="T1026"/><temp name="T1036"/><temp name="T1065"/><temp name="T1020"/><temp name="T1157"/><temp name="T991"/><temp name="T1131"/><temp name="T1134"/><temp name="T1140"/><temp name="T1003"/><temp name="T999"/><temp name="T1005"/><temp name="T1120"/><temp name="T1055"/></temps></instruction><instruction code="OR T101, T999, 0"><temps name="use"><temp name="T999"/></temps><temps name="def"><temp name="T101"/></temps><temps name="in"><temp name="T1146"/><temp name="T1108"/><temp name="T1051"/><temp name="T98"/><temp name="T1040"/><temp name="T1074"/><temp name="T1123"/><temp name="T1080"/><temp name="T980"/><temp name="T1060"/><temp name="T1071"/><temp name="T1086"/><temp name="T1125"/><temp name="T988"/><temp name="T1014"/><temp name="T1011"/><temp name="T1048"/><temp name="T1111"/><temp name="T1115"/><temp name="T1000"/><temp name="T1063"/><temp name="T1032"/><temp name="T6"/><temp name="T1092"/><temp name="T1100"/><temp name="T1152"/><temp name="T995"/><temp name="T1096"/><temp name="T97"/><temp name="T1026"/><temp name="T1036"/><temp name="T1065"/><temp name="T1020"/><temp name="T1157"/><temp name="T991"/><temp name="T1131"/><temp name="T1134"/><temp name="T1140"/><temp name="T1003"/><temp name="T999"/><temp name="T1005"/><temp name="T1120"/><temp name="T1055"/></temps><temps name="out"><temp name="T1146"/><temp name="T1108"/><temp name="T1051"/><temp name="T98"/><temp name="T1040"/><temp name="T1074"/><temp name="T1123"/><temp name="T1080"/><temp name="T980"/><temp name="T1060"/><temp name="T1071"/><temp name="T1086"/><temp name="T1125"/><temp name="T988"/><temp name="T1014"/><temp name="T1011"/><temp name="T1048"/><temp name="T1111"/><temp name="T1115"/><temp name="T1000"/><temp name="T1063"/><temp name="T1032"/><temp name="T6"/><temp name="T1092"/><temp name="T1100"/><temp name="T1152"/><temp name="T995"/><temp name="T1096"/><temp name="T97"/><temp name="T1026"/><temp name="T1036"/><temp name="T1065"/><temp name="T1020"/><temp name="T1157"/><temp name="T991"/><temp name="T1131"/><temp name="T1134"/><temp name="T1140"/><temp name="T1003"/><temp name="T1005"/><temp name="T1120"/><temp name="T1055"/></temps></instruction><instruction code="LDO T1001, T1000, 0"><temps name="use"><temp name="T1000"/></temps><temps name="def"><temp name="T1001"/></temps><temps name="in"><temp name="T1146"/><temp name="T1108"/><temp name="T1051"/><temp name="T98"/><temp name="T1040"/><temp name="T1074"/><temp name="T1123"/><temp name="T1080"/><temp name="T980"/><temp name="T1060"/><temp name="T1071"/><temp name="T1086"/><temp name="T1125"/><temp name="T988"/><temp name="T1014"/><temp name="T1011"/><temp name="T1048"/><temp name="T1111"/><temp name="T1115"/><temp name="T1000"/><temp name="T1063"/><temp name="T1032"/><temp name="T6"/><temp name="T1092"/><temp name="T1100"/><temp name="T1152"/><temp name="T995"/><temp name="T1096"/><temp name="T97"/><temp name="T1026"/><temp name="T1036"/><temp name="T1065"/><temp name="T1020"/><temp name="T1157"/><temp name="T991"/><temp name="T1131"/><temp name="T1134"/><temp name="T1140"/><temp name="T1003"/><temp name="T1005"/><temp name="T1120"/><temp name="T1055"/></temps><temps name="out"><temp name="T1146"/><temp name="T1108"/><temp name="T1051"/><temp name="T98"/><temp name="T1040"/><temp name="T1074"/><temp name="T1123"/><temp name="T1080"/><temp name="T980"/><temp name="T1060"/><temp name="T1071"/><temp name="T1086"/><temp name="T1125"/><temp name="T1001"/><temp name="T988"/><temp name="T1014"/><temp name="T1011"/><temp name="T1048"/><temp name="T1111"/><temp name="T1115"/><temp name="T1000"/><temp name="T1063"/><temp name="T1032"/><temp name="T6"/><temp name="T1092"/><temp name="T1100"/><temp name="T1152"/><temp name="T995"/><temp name="T1096"/><temp name="T97"/><temp name="T1026"/><temp name="T1036"/><temp name="T1065"/><temp name="T1020"/><temp name="T1157"/><temp name="T991"/><temp name="T1131"/><temp name="T1134"/><temp name="T1140"/><temp name="T1003"/><temp name="T1005"/><temp name="T1120"/><temp name="T1055"/></temps></instruction><instruction code="OR T102, T1001, 0"><temps name="use"><temp name="T1001"/></temps><temps name="def"><temp name="T102"/></temps><temps name="in"><temp name="T1146"/><temp name="T1108"/><temp name="T1051"/><temp name="T98"/><temp name="T1040"/><temp name="T1074"/><temp name="T1123"/><temp name="T1080"/><temp name="T980"/><temp name="T1060"/><temp name="T1071"/><temp name="T1086"/><temp name="T1125"/><temp name="T1001"/><temp name="T988"/><temp name="T1014"/><temp name="T1011"/><temp name="T1048"/><temp name="T1111"/><temp name="T1115"/><temp name="T1000"/><temp name="T1063"/><temp name="T1032"/><temp name="T6"/><temp name="T1092"/><temp name="T1100"/><temp name="T1152"/><temp name="T995"/><temp name="T1096"/><temp name="T97"/><temp name="T1026"/><temp name="T1036"/><temp name="T1065"/><temp name="T1020"/><temp name="T1157"/><temp name="T991"/><temp name="T1131"/><temp name="T1134"/><temp name="T1140"/><temp name="T1003"/><temp name="T1005"/><temp name="T1120"/><temp name="T1055"/></temps><temps name="out"><temp name="T1146"/><temp name="T1108"/><temp name="T1051"/><temp name="T98"/><temp name="T1040"/><temp name="T1074"/><temp name="T1123"/><temp name="T1080"/><temp name="T980"/><temp name="T1060"/><temp name="T1071"/><temp name="T1086"/><temp name="T1125"/><temp name="T988"/><temp name="T1014"/><temp name="T1011"/><temp name="T1048"/><temp name="T1111"/><temp name="T1115"/><temp name="T1000"/><temp name="T1063"/><temp name="T1032"/><temp name="T6"/><temp name="T1092"/><temp name="T1100"/><temp name="T1152"/><temp name="T995"/><temp name="T1096"/><temp name="T97"/><temp name="T1026"/><temp name="T1036"/><temp name="T1065"/><temp name="T1020"/><temp name="T1157"/><temp name="T991"/><temp name="T1131"/><temp name="T1134"/><temp name="T1140"/><temp name="T1003"/><temp name="T1005"/><temp name="T102"/><temp name="T1120"/><temp name="T1055"/></temps></instruction><instruction code="STO T98, $254, 8"><temps name="use"><temp name="T98"/></temps><temps name="def"/><temps name="in"><temp name="T1146"/><temp name="T1108"/><temp name="T1051"/><temp name="T98"/><temp name="T1040"/><temp name="T1074"/><temp name="T1123"/><temp name="T1080"/><temp name="T980"/><temp name="T1060"/><temp name="T1071"/><temp name="T1086"/><temp name="T1125"/><temp name="T988"/><temp name="T1014"/><temp name="T1011"/><temp name="T1048"/><temp name="T1111"/><temp name="T1115"/><temp name="T1000"/><temp name="T1063"/><temp name="T1032"/><temp name="T6"/><temp name="T1092"/><temp name="T1100"/><temp name="T1152"/><temp name="T995"/><temp name="T1096"/><temp name="T97"/><temp name="T1026"/><temp name="T1036"/><temp name="T1065"/><temp name="T1020"/><temp name="T1157"/><temp name="T991"/><temp name="T1131"/><temp name="T1134"/><temp name="T1140"/><temp name="T1003"/><temp name="T1005"/><temp name="T102"/><temp name="T1120"/><temp name="T1055"/></temps><temps name="out"><temp name="T1146"/><temp name="T1108"/><temp name="T1051"/><temp name="T1040"/><temp name="T1074"/><temp name="T1123"/><temp name="T1080"/><temp name="T980"/><temp name="T1060"/><temp name="T1071"/><temp name="T1086"/><temp name="T1125"/><temp name="T988"/><temp name="T1014"/><temp name="T1011"/><temp name="T1048"/><temp name="T1111"/><temp name="T1115"/><temp name="T1000"/><temp name="T1063"/><temp name="T1032"/><temp name="T6"/><temp name="T1092"/><temp name="T1100"/><temp name="T1152"/><temp name="T995"/><temp name="T1096"/><temp name="T97"/><temp name="T1026"/><temp name="T1036"/><temp name="T1065"/><temp name="T1020"/><temp name="T1157"/><temp name="T991"/><temp name="T1131"/><temp name="T1134"/><temp name="T1140"/><temp name="T1003"/><temp name="T1005"/><temp name="T102"/><temp name="T1120"/><temp name="T1055"/></temps></instruction><instruction code="STO T102, $254, 16"><temps name="use"><temp name="T102"/></temps><temps name="def"/><temps name="in"><temp name="T1146"/><temp name="T1108"/><temp name="T1051"/><temp name="T1040"/><temp name="T1074"/><temp name="T1123"/><temp name="T1080"/><temp name="T980"/><temp name="T1060"/><temp name="T1071"/><temp name="T1086"/><temp name="T1125"/><temp name="T988"/><temp name="T1014"/><temp name="T1011"/><temp name="T1048"/><temp name="T1111"/><temp name="T1115"/><temp name="T1000"/><temp name="T1063"/><temp name="T1032"/><temp name="T6"/><temp name="T1092"/><temp name="T1100"/><temp name="T1152"/><temp name="T995"/><temp name="T1096"/><temp name="T97"/><temp name="T1026"/><temp name="T1036"/><temp name="T1065"/><temp name="T1020"/><temp name="T1157"/><temp name="T991"/><temp name="T1131"/><temp name="T1134"/><temp name="T1140"/><temp name="T1003"/><temp name="T1005"/><temp name="T102"/><temp name="T1120"/><temp name="T1055"/></temps><temps name="out"><temp name="T1146"/><temp name="T1108"/><temp name="T1051"/><temp name="T1040"/><temp name="T1074"/><temp name="T1123"/><temp name="T1080"/><temp name="T980"/><temp name="T1060"/><temp name="T1071"/><temp name="T1086"/><temp name="T1125"/><temp name="T988"/><temp name="T1014"/><temp name="T1011"/><temp name="T1048"/><temp name="T1111"/><temp name="T1115"/><temp name="T1000"/><temp name="T1063"/><temp name="T1032"/><temp name="T6"/><temp name="T1092"/><temp name="T1100"/><temp name="T1152"/><temp name="T995"/><temp name="T1096"/><temp name="T97"/><temp name="T1026"/><temp name="T1036"/><temp name="T1065"/><temp name="T1020"/><temp name="T1157"/><temp name="T991"/><temp name="T1131"/><temp name="T1134"/><temp name="T1140"/><temp name="T1003"/><temp name="T1005"/><temp name="T1120"/><temp name="T1055"/></temps></instruction><instruction code="LDA T1002, _facRec"><temps name="use"/><temps name="def"><temp name="T1002"/></temps><temps name="in"><temp name="T1146"/><temp name="T1108"/><temp name="T1051"/><temp name="T1040"/><temp name="T1074"/><temp name="T1123"/><temp name="T1080"/><temp name="T980"/><temp name="T1060"/><temp name="T1071"/><temp name="T1086"/><temp name="T1125"/><temp name="T988"/><temp name="T1014"/><temp name="T1011"/><temp name="T1048"/><temp name="T1111"/><temp name="T1115"/><temp name="T1000"/><temp name="T1063"/><temp name="T1032"/><temp name="T6"/><temp name="T1092"/><temp name="T1100"/><temp name="T1152"/><temp name="T995"/><temp name="T1096"/><temp name="T97"/><temp name="T1026"/><temp name="T1036"/><temp name="T1065"/><temp name="T1020"/><temp name="T1157"/><temp name="T991"/><temp name="T1131"/><temp name="T1134"/><temp name="T1140"/><temp name="T1003"/><temp name="T1005"/><temp name="T1120"/><temp name="T1055"/></temps><temps name="out"><temp name="T1146"/><temp name="T1108"/><temp name="T1051"/><temp name="T1040"/><temp name="T1074"/><temp name="T1123"/><temp name="T1080"/><temp name="T980"/><temp name="T1060"/><temp name="T1071"/><temp name="T1086"/><temp name="T1125"/><temp name="T988"/><temp name="T1014"/><temp name="T1011"/><temp name="T1048"/><temp name="T1111"/><temp name="T1002"/><temp name="T1115"/><temp name="T1000"/><temp name="T1063"/><temp name="T1032"/><temp name="T6"/><temp name="T1092"/><temp name="T1100"/><temp name="T1152"/><temp name="T995"/><temp name="T1096"/><temp name="T97"/><temp name="T1026"/><temp name="T1036"/><temp name="T1065"/><temp name="T1020"/><temp name="T1157"/><temp name="T991"/><temp name="T1131"/><temp name="T1134"/><temp name="T1140"/><temp name="T1003"/><temp name="T1005"/><temp name="T1120"/><temp name="T1055"/></temps></instruction><instruction code="PUSHJ $15, T1002, 0"><temps name="use"><temp name="T1002"/></temps><temps name="def"/><temps name="in"><temp name="T1146"/><temp name="T1108"/><temp name="T1051"/><temp name="T1040"/><temp name="T1074"/><temp name="T1123"/><temp name="T1080"/><temp name="T980"/><temp name="T1060"/><temp name="T1071"/><temp name="T1086"/><temp name="T1125"/><temp name="T988"/><temp name="T1014"/><temp name="T1011"/><temp name="T1048"/><temp name="T1111"/><temp name="T1002"/><temp name="T1115"/><temp name="T1000"/><temp name="T1063"/><temp name="T1032"/><temp name="T6"/><temp name="T1092"/><temp name="T1100"/><temp name="T1152"/><temp name="T995"/><temp name="T1096"/><temp name="T97"/><temp name="T1026"/><temp name="T1036"/><temp name="T1065"/><temp name="T1020"/><temp name="T1157"/><temp name="T991"/><temp name="T1131"/><temp name="T1134"/><temp name="T1140"/><temp name="T1003"/><temp name="T1005"/><temp name="T1120"/><temp name="T1055"/></temps><temps name="out"><temp name="T1146"/><temp name="T1108"/><temp name="T1051"/><temp name="T1040"/><temp name="T1074"/><temp name="T1123"/><temp name="T1080"/><temp name="T980"/><temp name="T1060"/><temp name="T1071"/><temp name="T1086"/><temp name="T1125"/><temp name="T988"/><temp name="T1014"/><temp name="T1011"/><temp name="T1048"/><temp name="T1111"/><temp name="T1115"/><temp name="T1000"/><temp name="T1063"/><temp name="T1032"/><temp name="T6"/><temp name="T1092"/><temp name="T1100"/><temp name="T1152"/><temp name="T995"/><temp name="T1096"/><temp name="T97"/><temp name="T1026"/><temp name="T1036"/><temp name="T1065"/><temp name="T1020"/><temp name="T1157"/><temp name="T991"/><temp name="T1131"/><temp name="T1134"/><temp name="T1140"/><temp name="T1003"/><temp name="T1005"/><temp name="T1120"/><temp name="T1055"/></temps></instruction><instruction code="OR T103, T1003, 0"><temps name="use"><temp name="T1003"/></temps><temps name="def"><temp name="T103"/></temps><temps name="in"><temp name="T1146"/><temp name="T1108"/><temp name="T1051"/><temp name="T1040"/><temp name="T1074"/><temp name="T1123"/><temp name="T1080"/><temp name="T980"/><temp name="T1060"/><temp name="T1071"/><temp name="T1086"/><temp name="T1125"/><temp name="T988"/><temp name="T1014"/><temp name="T1011"/><temp name="T1048"/><temp name="T1111"/><temp name="T1115"/><temp name="T1000"/><temp name="T1063"/><temp name="T1032"/><temp name="T6"/><temp name="T1092"/><temp name="T1100"/><temp name="T1152"/><temp name="T995"/><temp name="T1096"/><temp name="T97"/><temp name="T1026"/><temp name="T1036"/><temp name="T1065"/><temp name="T1020"/><temp name="T1157"/><temp name="T991"/><temp name="T1131"/><temp name="T1134"/><temp name="T1140"/><temp name="T1003"/><temp name="T1005"/><temp name="T1120"/><temp name="T1055"/></temps><temps name="out"><temp name="T1146"/><temp name="T1108"/><temp name="T1051"/><temp name="T1040"/><temp name="T1074"/><temp name="T1123"/><temp name="T1080"/><temp name="T980"/><temp name="T1060"/><temp name="T1071"/><temp name="T1086"/><temp name="T1125"/><temp name="T988"/><temp name="T1014"/><temp name="T103"/><temp name="T1011"/><temp name="T1048"/><temp name="T1111"/><temp name="T1115"/><temp name="T1000"/><temp name="T1063"/><temp name="T1032"/><temp name="T6"/><temp name="T1092"/><temp name="T1100"/><temp name="T1152"/><temp name="T995"/><temp name="T1096"/><temp name="T97"/><temp name="T1026"/><temp name="T1036"/><temp name="T1065"/><temp name="T1020"/><temp name="T1157"/><temp name="T991"/><temp name="T1131"/><temp name="T1134"/><temp name="T1140"/><temp name="T1003"/><temp name="T1005"/><temp name="T1120"/><temp name="T1055"/></temps></instruction><instruction code="STO T97, $254, 8"><temps name="use"><temp name="T97"/></temps><temps name="def"/><temps name="in"><temp name="T1146"/><temp name="T1108"/><temp name="T1051"/><temp name="T1040"/><temp name="T1074"/><temp name="T1123"/><temp name="T1080"/><temp name="T980"/><temp name="T1060"/><temp name="T1071"/><temp name="T1086"/><temp name="T1125"/><temp name="T988"/><temp name="T1014"/><temp name="T103"/><temp name="T1011"/><temp name="T1048"/><temp name="T1111"/><temp name="T1115"/><temp name="T1000"/><temp name="T1063"/><temp name="T1032"/><temp name="T6"/><temp name="T1092"/><temp name="T1100"/><temp name="T1152"/><temp name="T995"/><temp name="T1096"/><temp name="T97"/><temp name="T1026"/><temp name="T1036"/><temp name="T1065"/><temp name="T1020"/><temp name="T1157"/><temp name="T991"/><temp name="T1131"/><temp name="T1134"/><temp name="T1140"/><temp name="T1003"/><temp name="T1005"/><temp name="T1120"/><temp name="T1055"/></temps><temps name="out"><temp name="T1146"/><temp name="T1108"/><temp name="T1051"/><temp name="T1040"/><temp name="T1074"/><temp name="T1123"/><temp name="T1080"/><temp name="T980"/><temp name="T1060"/><temp name="T1071"/><temp name="T1086"/><temp name="T1125"/><temp name="T988"/><temp name="T1014"/><temp name="T103"/><temp name="T1011"/><temp name="T1048"/><temp name="T1111"/><temp name="T1115"/><temp name="T1000"/><temp name="T1063"/><temp name="T1032"/><temp name="T6"/><temp name="T1092"/><temp name="T1100"/><temp name="T1152"/><temp name="T995"/><temp name="T1096"/><temp name="T1026"/><temp name="T1036"/><temp name="T1065"/><temp name="T1020"/><temp name="T1157"/><temp name="T991"/><temp name="T1131"/><temp name="T1134"/><temp name="T1140"/><temp name="T1003"/><temp name="T1005"/><temp name="T1120"/><temp name="T1055"/></temps></instruction><instruction code="STO T103, $254, 16"><temps name="use"><temp name="T103"/></temps><temps name="def"/><temps name="in"><temp name="T1146"/><temp name="T1108"/><temp name="T1051"/><temp name="T1040"/><temp name="T1074"/><temp name="T1123"/><temp name="T1080"/><temp name="T980"/><temp name="T1060"/><temp name="T1071"/><temp name="T1086"/><temp name="T1125"/><temp name="T988"/><temp name="T1014"/><temp name="T103"/><temp name="T1011"/><temp name="T1048"/><temp name="T1111"/><temp name="T1115"/><temp name="T1000"/><temp name="T1063"/><temp name="T1032"/><temp name="T6"/><temp name="T1092"/><temp name="T1100"/><temp name="T1152"/><temp name="T995"/><temp name="T1096"/><temp name="T1026"/><temp name="T1036"/><temp name="T1065"/><temp name="T1020"/><temp name="T1157"/><temp name="T991"/><temp name="T1131"/><temp name="T1134"/><temp name="T1140"/><temp name="T1003"/><temp name="T1005"/><temp name="T1120"/><temp name="T1055"/></temps><temps name="out"><temp name="T1146"/><temp name="T1108"/><temp name="T1051"/><temp name="T1040"/><temp name="T1074"/><temp name="T1123"/><temp name="T1080"/><temp name="T980"/><temp name="T1060"/><temp name="T1071"/><temp name="T1086"/><temp name="T1125"/><temp name="T988"/><temp name="T1014"/><temp name="T1011"/><temp name="T1048"/><temp name="T1111"/><temp name="T1115"/><temp name="T1000"/><temp name="T1063"/><temp name="T1032"/><temp name="T6"/><temp name="T1092"/><temp name="T1100"/><temp name="T1152"/><temp name="T995"/><temp name="T1096"/><temp name="T1026"/><temp name="T1036"/><temp name="T1065"/><temp name="T1020"/><temp name="T1157"/><temp name="T991"/><temp name="T1131"/><temp name="T1134"/><temp name="T1140"/><temp name="T1003"/><temp name="T1005"/><temp name="T1120"/><temp name="T1055"/></temps></instruction><instruction code="LDA T1004, _putInt"><temps name="use"/><temps name="def"><temp name="T1004"/></temps><temps name="in"><temp name="T1146"/><temp name="T1108"/><temp name="T1051"/><temp name="T1040"/><temp name="T1074"/><temp name="T1123"/><temp name="T1080"/><temp name="T980"/><temp name="T1060"/><temp name="T1071"/><temp name="T1086"/><temp name="T1125"/><temp name="T988"/><temp name="T1014"/><temp name="T1011"/><temp name="T1048"/><temp name="T1111"/><temp name="T1115"/><temp name="T1000"/><temp name="T1063"/><temp name="T1032"/><temp name="T6"/><temp name="T1092"/><temp name="T1100"/><temp name="T1152"/><temp name="T995"/><temp name="T1096"/><temp name="T1026"/><temp name="T1036"/><temp name="T1065"/><temp name="T1020"/><temp name="T1157"/><temp name="T991"/><temp name="T1131"/><temp name="T1134"/><temp name="T1140"/><temp name="T1003"/><temp name="T1005"/><temp name="T1120"/><temp name="T1055"/></temps><temps name="out"><temp name="T1146"/><temp name="T1108"/><temp name="T1051"/><temp name="T1040"/><temp name="T1074"/><temp name="T1123"/><temp name="T1080"/><temp name="T980"/><temp name="T1060"/><temp name="T1071"/><temp name="T1086"/><temp name="T1125"/><temp name="T988"/><temp name="T1014"/><temp name="T1011"/><temp name="T1048"/><temp name="T1111"/><temp name="T1115"/><temp name="T1000"/><temp name="T1063"/><temp name="T1032"/><temp name="T6"/><temp name="T1092"/><temp name="T1100"/><temp name="T1152"/><temp name="T995"/><temp name="T1096"/><temp name="T1004"/><temp name="T1026"/><temp name="T1036"/><temp name="T1065"/><temp name="T1020"/><temp name="T1157"/><temp name="T991"/><temp name="T1131"/><temp name="T1134"/><temp name="T1140"/><temp name="T1003"/><temp name="T1005"/><temp name="T1120"/><temp name="T1055"/></temps></instruction><instruction code="PUSHJ $15, T1004, 0"><temps name="use"><temp name="T1004"/></temps><temps name="def"/><temps name="in"><temp name="T1146"/><temp name="T1108"/><temp name="T1051"/><temp name="T1040"/><temp name="T1074"/><temp name="T1123"/><temp name="T1080"/><temp name="T980"/><temp name="T1060"/><temp name="T1071"/><temp name="T1086"/><temp name="T1125"/><temp name="T988"/><temp name="T1014"/><temp name="T1011"/><temp name="T1048"/><temp name="T1111"/><temp name="T1115"/><temp name="T1000"/><temp name="T1063"/><temp name="T1032"/><temp name="T6"/><temp name="T1092"/><temp name="T1100"/><temp name="T1152"/><temp name="T995"/><temp name="T1096"/><temp name="T1004"/><temp name="T1026"/><temp name="T1036"/><temp name="T1065"/><temp name="T1020"/><temp name="T1157"/><temp name="T991"/><temp name="T1131"/><temp name="T1134"/><temp name="T1140"/><temp name="T1003"/><temp name="T1005"/><temp name="T1120"/><temp name="T1055"/></temps><temps name="out"><temp name="T1146"/><temp name="T1108"/><temp name="T1051"/><temp name="T1040"/><temp name="T1074"/><temp name="T1123"/><temp name="T1080"/><temp name="T980"/><temp name="T1060"/><temp name="T1071"/><temp name="T1086"/><temp name="T1125"/><temp name="T988"/><temp name="T1014"/><temp name="T1011"/><temp name="T1048"/><temp name="T1111"/><temp name="T1115"/><temp name="T1000"/><temp name="T1063"/><temp name="T1032"/><temp name="T6"/><temp name="T1092"/><temp name="T1100"/><temp name="T1152"/><temp name="T995"/><temp name="T1096"/><temp name="T1026"/><temp name="T1036"/><temp name="T1065"/><temp name="T1020"/><temp name="T1157"/><temp name="T991"/><temp name="T1131"/><temp name="T1134"/><temp name="T1140"/><temp name="T1003"/><temp name="T1005"/><temp name="T1120"/><temp name="T1055"/></temps></instruction><instruction code="OR T104, T1005, 0"><temps name="use"><temp name="T1005"/></temps><temps name="def"><temp name="T104"/></temps><temps name="in"><temp name="T1146"/><temp name="T1108"/><temp name="T1051"/><temp name="T1040"/><temp name="T1074"/><temp name="T1123"/><temp name="T1080"/><temp name="T980"/><temp name="T1060"/><temp name="T1071"/><temp name="T1086"/><temp name="T1125"/><temp name="T988"/><temp name="T1014"/><temp name="T1011"/><temp name="T1048"/><temp name="T1111"/><temp name="T1115"/><temp name="T1000"/><temp name="T1063"/><temp name="T1032"/><temp name="T6"/><temp name="T1092"/><temp name="T1100"/><temp name="T1152"/><temp name="T995"/><temp name="T1096"/><temp name="T1026"/><temp name="T1036"/><temp name="T1065"/><temp name="T1020"/><temp name="T1157"/><temp name="T991"/><temp name="T1131"/><temp name="T1134"/><temp name="T1140"/><temp name="T1003"/><temp name="T1005"/><temp name="T1120"/><temp name="T1055"/></temps><temps name="out"><temp name="T1146"/><temp name="T1108"/><temp name="T1051"/><temp name="T1040"/><temp name="T1074"/><temp name="T1123"/><temp name="T1080"/><temp name="T980"/><temp name="T1060"/><temp name="T1071"/><temp name="T1086"/><temp name="T1125"/><temp name="T988"/><temp name="T1014"/><temp name="T1011"/><temp name="T1048"/><temp name="T1111"/><temp name="T1115"/><temp name="T1000"/><temp name="T1063"/><temp name="T1032"/><temp name="T6"/><temp name="T1092"/><temp name="T1100"/><temp name="T1152"/><temp name="T995"/><temp name="T1096"/><temp name="T1026"/><temp name="T1036"/><temp name="T1065"/><temp name="T1020"/><temp name="T1157"/><temp name="T991"/><temp name="T1131"/><temp name="T1134"/><temp name="T1140"/><temp name="T1003"/><temp name="T1005"/><temp name="T1120"/><temp name="T1055"/></temps></instruction><instruction code="SETL  T1006, 0"><temps name="use"/><temps name="def"><temp name="T1006"/></temps><temps name="in"><temp name="T1146"/><temp name="T1108"/><temp name="T1051"/><temp name="T1040"/><temp name="T1074"/><temp name="T1123"/><temp name="T1080"/><temp name="T980"/><temp name="T1060"/><temp name="T1071"/><temp name="T1086"/><temp name="T1125"/><temp name="T988"/><temp name="T1014"/><temp name="T1011"/><temp name="T1048"/><temp name="T1111"/><temp name="T1115"/><temp name="T1000"/><temp name="T1063"/><temp name="T1032"/><temp name="T6"/><temp name="T1092"/><temp name="T1100"/><temp name="T1152"/><temp name="T995"/><temp name="T1096"/><temp name="T1026"/><temp name="T1036"/><temp name="T1065"/><temp name="T1020"/><temp name="T1157"/><temp name="T991"/><temp name="T1131"/><temp name="T1134"/><temp name="T1140"/><temp name="T1003"/><temp name="T1005"/><temp name="T1120"/><temp name="T1055"/></temps><temps name="out"><temp name="T1146"/><temp name="T1108"/><temp name="T1051"/><temp name="T1040"/><temp name="T1074"/><temp name="T1123"/><temp name="T1080"/><temp name="T980"/><temp name="T1060"/><temp name="T1071"/><temp name="T1086"/><temp name="T1125"/><temp name="T988"/><temp name="T1014"/><temp name="T1011"/><temp name="T1048"/><temp name="T1111"/><temp name="T1115"/><temp name="T1000"/><temp name="T1063"/><temp name="T1032"/><temp name="T6"/><temp name="T1092"/><temp name="T1100"/><temp name="T1152"/><temp name="T995"/><temp name="T1096"/><temp name="T1026"/><temp name="T1036"/><temp name="T1065"/><temp name="T1020"/><temp name="T1157"/><temp name="T991"/><temp name="T1131"/><temp name="T1134"/><temp name="T1140"/><temp name="T1003"/><temp name="T1005"/><temp name="T1120"/><temp name="T1055"/></temps></instruction><instruction code="INCML T1006, 0"><temps name="use"/><temps name="def"><temp name="T1006"/></temps><temps name="in"><temp name="T1146"/><temp name="T1108"/><temp name="T1051"/><temp name="T1040"/><temp name="T1074"/><temp name="T1123"/><temp name="T1080"/><temp name="T980"/><temp name="T1060"/><temp name="T1071"/><temp name="T1086"/><temp name="T1125"/><temp name="T988"/><temp name="T1014"/><temp name="T1011"/><temp name="T1048"/><temp name="T1111"/><temp name="T1115"/><temp name="T1000"/><temp name="T1063"/><temp name="T1032"/><temp name="T6"/><temp name="T1092"/><temp name="T1100"/><temp name="T1152"/><temp name="T995"/><temp name="T1096"/><temp name="T1026"/><temp name="T1036"/><temp name="T1065"/><temp name="T1020"/><temp name="T1157"/><temp name="T991"/><temp name="T1131"/><temp name="T1134"/><temp name="T1140"/><temp name="T1003"/><temp name="T1005"/><temp name="T1120"/><temp name="T1055"/></temps><temps name="out"><temp name="T1146"/><temp name="T1108"/><temp name="T1051"/><temp name="T1040"/><temp name="T1074"/><temp name="T1123"/><temp name="T1080"/><temp name="T980"/><temp name="T1060"/><temp name="T1071"/><temp name="T1086"/><temp name="T1125"/><temp name="T988"/><temp name="T1014"/><temp name="T1011"/><temp name="T1048"/><temp name="T1111"/><temp name="T1115"/><temp name="T1000"/><temp name="T1063"/><temp name="T1032"/><temp name="T6"/><temp name="T1092"/><temp name="T1100"/><temp name="T1152"/><temp name="T995"/><temp name="T1096"/><temp name="T1026"/><temp name="T1036"/><temp name="T1065"/><temp name="T1020"/><temp name="T1157"/><temp name="T991"/><temp name="T1131"/><temp name="T1134"/><temp name="T1140"/><temp name="T1003"/><temp name="T1005"/><temp name="T1120"/><temp name="T1055"/></temps></instruction><instruction code="INCMH T1006, 0"><temps name="use"/><temps name="def"><temp name="T1006"/></temps><temps name="in"><temp name="T1146"/><temp name="T1108"/><temp name="T1051"/><temp name="T1040"/><temp name="T1074"/><temp name="T1123"/><temp name="T1080"/><temp name="T980"/><temp name="T1060"/><temp name="T1071"/><temp name="T1086"/><temp name="T1125"/><temp name="T988"/><temp name="T1014"/><temp name="T1011"/><temp name="T1048"/><temp name="T1111"/><temp name="T1115"/><temp name="T1000"/><temp name="T1063"/><temp name="T1032"/><temp name="T6"/><temp name="T1092"/><temp name="T1100"/><temp name="T1152"/><temp name="T995"/><temp name="T1096"/><temp name="T1026"/><temp name="T1036"/><temp name="T1065"/><temp name="T1020"/><temp name="T1157"/><temp name="T991"/><temp name="T1131"/><temp name="T1134"/><temp name="T1140"/><temp name="T1003"/><temp name="T1005"/><temp name="T1120"/><temp name="T1055"/></temps><temps name="out"><temp name="T1146"/><temp name="T1108"/><temp name="T1051"/><temp name="T1040"/><temp name="T1074"/><temp name="T1123"/><temp name="T1080"/><temp name="T980"/><temp name="T1060"/><temp name="T1071"/><temp name="T1086"/><temp name="T1125"/><temp name="T988"/><temp name="T1014"/><temp name="T1011"/><temp name="T1048"/><temp name="T1111"/><temp name="T1115"/><temp name="T1000"/><temp name="T1063"/><temp name="T1032"/><temp name="T6"/><temp name="T1092"/><temp name="T1100"/><temp name="T1152"/><temp name="T995"/><temp name="T1096"/><temp name="T1026"/><temp name="T1036"/><temp name="T1065"/><temp name="T1020"/><temp name="T1157"/><temp name="T991"/><temp name="T1131"/><temp name="T1134"/><temp name="T1140"/><temp name="T1003"/><temp name="T1005"/><temp name="T1120"/><temp name="T1055"/></temps></instruction><instruction code="INCH  T1006, 0"><temps name="use"/><temps name="def"><temp name="T1006"/></temps><temps name="in"><temp name="T1146"/><temp name="T1108"/><temp name="T1051"/><temp name="T1040"/><temp name="T1074"/><temp name="T1123"/><temp name="T1080"/><temp name="T980"/><temp name="T1060"/><temp name="T1071"/><temp name="T1086"/><temp name="T1125"/><temp name="T988"/><temp name="T1014"/><temp name="T1011"/><temp name="T1048"/><temp name="T1111"/><temp name="T1115"/><temp name="T1000"/><temp name="T1063"/><temp name="T1032"/><temp name="T6"/><temp name="T1092"/><temp name="T1100"/><temp name="T1152"/><temp name="T995"/><temp name="T1096"/><temp name="T1026"/><temp name="T1036"/><temp name="T1065"/><temp name="T1020"/><temp name="T1157"/><temp name="T991"/><temp name="T1131"/><temp name="T1134"/><temp name="T1140"/><temp name="T1003"/><temp name="T1005"/><temp name="T1120"/><temp name="T1055"/></temps><temps name="out"><temp name="T1006"/><temp name="T1146"/><temp name="T1108"/><temp name="T1051"/><temp name="T1040"/><temp name="T1074"/><temp name="T1123"/><temp name="T1080"/><temp name="T980"/><temp name="T1060"/><temp name="T1071"/><temp name="T1086"/><temp name="T1125"/><temp name="T988"/><temp name="T1014"/><temp name="T1011"/><temp name="T1048"/><temp name="T1111"/><temp name="T1115"/><temp name="T1000"/><temp name="T1063"/><temp name="T1032"/><temp name="T6"/><temp name="T1092"/><temp name="T1100"/><temp name="T1152"/><temp name="T995"/><temp name="T1096"/><temp name="T1026"/><temp name="T1036"/><temp name="T1065"/><temp name="T1020"/><temp name="T1157"/><temp name="T991"/><temp name="T1131"/><temp name="T1134"/><temp name="T1140"/><temp name="T1003"/><temp name="T1005"/><temp name="T1120"/><temp name="T1055"/></temps></instruction><instruction code="OR T105, T1006, 0"><temps name="use"><temp name="T1006"/></temps><temps name="def"><temp name="T105"/></temps><temps name="in"><temp name="T1006"/><temp name="T1146"/><temp name="T1108"/><temp name="T1051"/><temp name="T1040"/><temp name="T1074"/><temp name="T1123"/><temp name="T1080"/><temp name="T980"/><temp name="T1060"/><temp name="T1071"/><temp name="T1086"/><temp name="T1125"/><temp name="T988"/><temp name="T1014"/><temp name="T1011"/><temp name="T1048"/><temp name="T1111"/><temp name="T1115"/><temp name="T1000"/><temp name="T1063"/><temp name="T1032"/><temp name="T6"/><temp name="T1092"/><temp name="T1100"/><temp name="T1152"/><temp name="T995"/><temp name="T1096"/><temp name="T1026"/><temp name="T1036"/><temp name="T1065"/><temp name="T1020"/><temp name="T1157"/><temp name="T991"/><temp name="T1131"/><temp name="T1134"/><temp name="T1140"/><temp name="T1003"/><temp name="T1005"/><temp name="T1120"/><temp name="T1055"/></temps><temps name="out"><temp name="T1146"/><temp name="T1108"/><temp name="T1051"/><temp name="T1040"/><temp name="T1074"/><temp name="T1123"/><temp name="T1080"/><temp name="T105"/><temp name="T980"/><temp name="T1060"/><temp name="T1071"/><temp name="T1086"/><temp name="T1125"/><temp name="T988"/><temp name="T1014"/><temp name="T1011"/><temp name="T1048"/><temp name="T1111"/><temp name="T1115"/><temp name="T1000"/><temp name="T1063"/><temp name="T1032"/><temp name="T6"/><temp name="T1092"/><temp name="T1100"/><temp name="T1152"/><temp name="T995"/><temp name="T1096"/><temp name="T1026"/><temp name="T1036"/><temp name="T1065"/><temp name="T1020"/><temp name="T1157"/><temp name="T991"/><temp name="T1131"/><temp name="T1134"/><temp name="T1140"/><temp name="T1003"/><temp name="T1005"/><temp name="T1120"/><temp name="T1055"/></temps></instruction><instruction code="SETL  T1007, 10"><temps name="use"/><temps name="def"><temp name="T1007"/></temps><temps name="in"><temp name="T1146"/><temp name="T1108"/><temp name="T1051"/><temp name="T1040"/><temp name="T1074"/><temp name="T1123"/><temp name="T1080"/><temp name="T105"/><temp name="T980"/><temp name="T1060"/><temp name="T1071"/><temp name="T1086"/><temp name="T1125"/><temp name="T988"/><temp name="T1014"/><temp name="T1011"/><temp name="T1048"/><temp name="T1111"/><temp name="T1115"/><temp name="T1000"/><temp name="T1063"/><temp name="T1032"/><temp name="T6"/><temp name="T1092"/><temp name="T1100"/><temp name="T1152"/><temp name="T995"/><temp name="T1096"/><temp name="T1026"/><temp name="T1036"/><temp name="T1065"/><temp name="T1020"/><temp name="T1157"/><temp name="T991"/><temp name="T1131"/><temp name="T1134"/><temp name="T1140"/><temp name="T1003"/><temp name="T1005"/><temp name="T1120"/><temp name="T1055"/></temps><temps name="out"><temp name="T1146"/><temp name="T1108"/><temp name="T1051"/><temp name="T1040"/><temp name="T1074"/><temp name="T1123"/><temp name="T1080"/><temp name="T105"/><temp name="T980"/><temp name="T1060"/><temp name="T1071"/><temp name="T1086"/><temp name="T1125"/><temp name="T988"/><temp name="T1014"/><temp name="T1011"/><temp name="T1048"/><temp name="T1111"/><temp name="T1115"/><temp name="T1000"/><temp name="T1063"/><temp name="T1032"/><temp name="T6"/><temp name="T1092"/><temp name="T1100"/><temp name="T1152"/><temp name="T995"/><temp name="T1096"/><temp name="T1026"/><temp name="T1036"/><temp name="T1065"/><temp name="T1020"/><temp name="T1157"/><temp name="T991"/><temp name="T1131"/><temp name="T1134"/><temp name="T1140"/><temp name="T1003"/><temp name="T1005"/><temp name="T1120"/><temp name="T1055"/></temps></instruction><instruction code="INCML T1007, 0"><temps name="use"/><temps name="def"><temp name="T1007"/></temps><temps name="in"><temp name="T1146"/><temp name="T1108"/><temp name="T1051"/><temp name="T1040"/><temp name="T1074"/><temp name="T1123"/><temp name="T1080"/><temp name="T105"/><temp name="T980"/><temp name="T1060"/><temp name="T1071"/><temp name="T1086"/><temp name="T1125"/><temp name="T988"/><temp name="T1014"/><temp name="T1011"/><temp name="T1048"/><temp name="T1111"/><temp name="T1115"/><temp name="T1000"/><temp name="T1063"/><temp name="T1032"/><temp name="T6"/><temp name="T1092"/><temp name="T1100"/><temp name="T1152"/><temp name="T995"/><temp name="T1096"/><temp name="T1026"/><temp name="T1036"/><temp name="T1065"/><temp name="T1020"/><temp name="T1157"/><temp name="T991"/><temp name="T1131"/><temp name="T1134"/><temp name="T1140"/><temp name="T1003"/><temp name="T1005"/><temp name="T1120"/><temp name="T1055"/></temps><temps name="out"><temp name="T1146"/><temp name="T1108"/><temp name="T1051"/><temp name="T1040"/><temp name="T1074"/><temp name="T1123"/><temp name="T1080"/><temp name="T105"/><temp name="T980"/><temp name="T1060"/><temp name="T1071"/><temp name="T1086"/><temp name="T1125"/><temp name="T988"/><temp name="T1014"/><temp name="T1011"/><temp name="T1048"/><temp name="T1111"/><temp name="T1115"/><temp name="T1000"/><temp name="T1063"/><temp name="T1032"/><temp name="T6"/><temp name="T1092"/><temp name="T1100"/><temp name="T1152"/><temp name="T995"/><temp name="T1096"/><temp name="T1026"/><temp name="T1036"/><temp name="T1065"/><temp name="T1020"/><temp name="T1157"/><temp name="T991"/><temp name="T1131"/><temp name="T1134"/><temp name="T1140"/><temp name="T1003"/><temp name="T1005"/><temp name="T1120"/><temp name="T1055"/></temps></instruction><instruction code="INCMH T1007, 0"><temps name="use"/><temps name="def"><temp name="T1007"/></temps><temps name="in"><temp name="T1146"/><temp name="T1108"/><temp name="T1051"/><temp name="T1040"/><temp name="T1074"/><temp name="T1123"/><temp name="T1080"/><temp name="T105"/><temp name="T980"/><temp name="T1060"/><temp name="T1071"/><temp name="T1086"/><temp name="T1125"/><temp name="T988"/><temp name="T1014"/><temp name="T1011"/><temp name="T1048"/><temp name="T1111"/><temp name="T1115"/><temp name="T1000"/><temp name="T1063"/><temp name="T1032"/><temp name="T6"/><temp name="T1092"/><temp name="T1100"/><temp name="T1152"/><temp name="T995"/><temp name="T1096"/><temp name="T1026"/><temp name="T1036"/><temp name="T1065"/><temp name="T1020"/><temp name="T1157"/><temp name="T991"/><temp name="T1131"/><temp name="T1134"/><temp name="T1140"/><temp name="T1003"/><temp name="T1005"/><temp name="T1120"/><temp name="T1055"/></temps><temps name="out"><temp name="T1146"/><temp name="T1108"/><temp name="T1051"/><temp name="T1040"/><temp name="T1074"/><temp name="T1123"/><temp name="T1080"/><temp name="T105"/><temp name="T980"/><temp name="T1060"/><temp name="T1071"/><temp name="T1086"/><temp name="T1125"/><temp name="T988"/><temp name="T1014"/><temp name="T1011"/><temp name="T1048"/><temp name="T1111"/><temp name="T1115"/><temp name="T1000"/><temp name="T1063"/><temp name="T1032"/><temp name="T6"/><temp name="T1092"/><temp name="T1100"/><temp name="T1152"/><temp name="T995"/><temp name="T1096"/><temp name="T1026"/><temp name="T1036"/><temp name="T1065"/><temp name="T1020"/><temp name="T1157"/><temp name="T991"/><temp name="T1131"/><temp name="T1134"/><temp name="T1140"/><temp name="T1003"/><temp name="T1005"/><temp name="T1120"/><temp name="T1055"/></temps></instruction><instruction code="INCH  T1007, 0"><temps name="use"/><temps name="def"><temp name="T1007"/></temps><temps name="in"><temp name="T1146"/><temp name="T1108"/><temp name="T1051"/><temp name="T1040"/><temp name="T1074"/><temp name="T1123"/><temp name="T1080"/><temp name="T105"/><temp name="T980"/><temp name="T1060"/><temp name="T1071"/><temp name="T1086"/><temp name="T1125"/><temp name="T988"/><temp name="T1014"/><temp name="T1011"/><temp name="T1048"/><temp name="T1111"/><temp name="T1115"/><temp name="T1000"/><temp name="T1063"/><temp name="T1032"/><temp name="T6"/><temp name="T1092"/><temp name="T1100"/><temp name="T1152"/><temp name="T995"/><temp name="T1096"/><temp name="T1026"/><temp name="T1036"/><temp name="T1065"/><temp name="T1020"/><temp name="T1157"/><temp name="T991"/><temp name="T1131"/><temp name="T1134"/><temp name="T1140"/><temp name="T1003"/><temp name="T1005"/><temp name="T1120"/><temp name="T1055"/></temps><temps name="out"><temp name="T1146"/><temp name="T1108"/><temp name="T1051"/><temp name="T1007"/><temp name="T1040"/><temp name="T1074"/><temp name="T1123"/><temp name="T1080"/><temp name="T105"/><temp name="T980"/><temp name="T1060"/><temp name="T1071"/><temp name="T1086"/><temp name="T1125"/><temp name="T988"/><temp name="T1014"/><temp name="T1011"/><temp name="T1048"/><temp name="T1111"/><temp name="T1115"/><temp name="T1000"/><temp name="T1063"/><temp name="T1032"/><temp name="T6"/><temp name="T1092"/><temp name="T1100"/><temp name="T1152"/><temp name="T995"/><temp name="T1096"/><temp name="T1026"/><temp name="T1036"/><temp name="T1065"/><temp name="T1020"/><temp name="T1157"/><temp name="T991"/><temp name="T1131"/><temp name="T1134"/><temp name="T1140"/><temp name="T1003"/><temp name="T1005"/><temp name="T1120"/><temp name="T1055"/></temps></instruction><instruction code="OR T106, T1007, 0"><temps name="use"><temp name="T1007"/></temps><temps name="def"><temp name="T106"/></temps><temps name="in"><temp name="T1146"/><temp name="T1108"/><temp name="T1051"/><temp name="T1007"/><temp name="T1040"/><temp name="T1074"/><temp name="T1123"/><temp name="T1080"/><temp name="T105"/><temp name="T980"/><temp name="T1060"/><temp name="T1071"/><temp name="T1086"/><temp name="T1125"/><temp name="T988"/><temp name="T1014"/><temp name="T1011"/><temp name="T1048"/><temp name="T1111"/><temp name="T1115"/><temp name="T1000"/><temp name="T1063"/><temp name="T1032"/><temp name="T6"/><temp name="T1092"/><temp name="T1100"/><temp name="T1152"/><temp name="T995"/><temp name="T1096"/><temp name="T1026"/><temp name="T1036"/><temp name="T1065"/><temp name="T1020"/><temp name="T1157"/><temp name="T991"/><temp name="T1131"/><temp name="T1134"/><temp name="T1140"/><temp name="T1003"/><temp name="T1005"/><temp name="T1120"/><temp name="T1055"/></temps><temps name="out"><temp name="T1146"/><temp name="T1108"/><temp name="T1051"/><temp name="T1040"/><temp name="T1074"/><temp name="T1123"/><temp name="T1080"/><temp name="T105"/><temp name="T980"/><temp name="T1060"/><temp name="T1071"/><temp name="T1086"/><temp name="T1125"/><temp name="T988"/><temp name="T1014"/><temp name="T1011"/><temp name="T106"/><temp name="T1048"/><temp name="T1111"/><temp name="T1115"/><temp name="T1000"/><temp name="T1063"/><temp name="T1032"/><temp name="T6"/><temp name="T1092"/><temp name="T1100"/><temp name="T1152"/><temp name="T995"/><temp name="T1096"/><temp name="T1026"/><temp name="T1036"/><temp name="T1065"/><temp name="T1020"/><temp name="T1157"/><temp name="T991"/><temp name="T1131"/><temp name="T1134"/><temp name="T1140"/><temp name="T1003"/><temp name="T1005"/><temp name="T1120"/><temp name="T1055"/></temps></instruction><instruction code="SETL  T1008, 256"><temps name="use"/><temps name="def"><temp name="T1008"/></temps><temps name="in"><temp name="T1146"/><temp name="T1108"/><temp name="T1051"/><temp name="T1040"/><temp name="T1074"/><temp name="T1123"/><temp name="T1080"/><temp name="T105"/><temp name="T980"/><temp name="T1060"/><temp name="T1071"/><temp name="T1086"/><temp name="T1125"/><temp name="T988"/><temp name="T1014"/><temp name="T1011"/><temp name="T106"/><temp name="T1048"/><temp name="T1111"/><temp name="T1115"/><temp name="T1000"/><temp name="T1063"/><temp name="T1032"/><temp name="T6"/><temp name="T1092"/><temp name="T1100"/><temp name="T1152"/><temp name="T995"/><temp name="T1096"/><temp name="T1026"/><temp name="T1036"/><temp name="T1065"/><temp name="T1020"/><temp name="T1157"/><temp name="T991"/><temp name="T1131"/><temp name="T1134"/><temp name="T1140"/><temp name="T1003"/><temp name="T1005"/><temp name="T1120"/><temp name="T1055"/></temps><temps name="out"><temp name="T1146"/><temp name="T1108"/><temp name="T1051"/><temp name="T1040"/><temp name="T1074"/><temp name="T1123"/><temp name="T1080"/><temp name="T105"/><temp name="T980"/><temp name="T1060"/><temp name="T1071"/><temp name="T1086"/><temp name="T1125"/><temp name="T988"/><temp name="T1014"/><temp name="T1011"/><temp name="T106"/><temp name="T1048"/><temp name="T1111"/><temp name="T1115"/><temp name="T1000"/><temp name="T1063"/><temp name="T1032"/><temp name="T6"/><temp name="T1092"/><temp name="T1100"/><temp name="T1152"/><temp name="T995"/><temp name="T1096"/><temp name="T1026"/><temp name="T1036"/><temp name="T1065"/><temp name="T1020"/><temp name="T1157"/><temp name="T991"/><temp name="T1131"/><temp name="T1134"/><temp name="T1140"/><temp name="T1003"/><temp name="T1005"/><temp name="T1120"/><temp name="T1055"/></temps></instruction><instruction code="INCML T1008, 0"><temps name="use"/><temps name="def"><temp name="T1008"/></temps><temps name="in"><temp name="T1146"/><temp name="T1108"/><temp name="T1051"/><temp name="T1040"/><temp name="T1074"/><temp name="T1123"/><temp name="T1080"/><temp name="T105"/><temp name="T980"/><temp name="T1060"/><temp name="T1071"/><temp name="T1086"/><temp name="T1125"/><temp name="T988"/><temp name="T1014"/><temp name="T1011"/><temp name="T106"/><temp name="T1048"/><temp name="T1111"/><temp name="T1115"/><temp name="T1000"/><temp name="T1063"/><temp name="T1032"/><temp name="T6"/><temp name="T1092"/><temp name="T1100"/><temp name="T1152"/><temp name="T995"/><temp name="T1096"/><temp name="T1026"/><temp name="T1036"/><temp name="T1065"/><temp name="T1020"/><temp name="T1157"/><temp name="T991"/><temp name="T1131"/><temp name="T1134"/><temp name="T1140"/><temp name="T1003"/><temp name="T1005"/><temp name="T1120"/><temp name="T1055"/></temps><temps name="out"><temp name="T1146"/><temp name="T1108"/><temp name="T1051"/><temp name="T1040"/><temp name="T1074"/><temp name="T1123"/><temp name="T1080"/><temp name="T105"/><temp name="T980"/><temp name="T1060"/><temp name="T1071"/><temp name="T1086"/><temp name="T1125"/><temp name="T988"/><temp name="T1014"/><temp name="T1011"/><temp name="T106"/><temp name="T1048"/><temp name="T1111"/><temp name="T1115"/><temp name="T1000"/><temp name="T1063"/><temp name="T1032"/><temp name="T6"/><temp name="T1092"/><temp name="T1100"/><temp name="T1152"/><temp name="T995"/><temp name="T1096"/><temp name="T1026"/><temp name="T1036"/><temp name="T1065"/><temp name="T1020"/><temp name="T1157"/><temp name="T991"/><temp name="T1131"/><temp name="T1134"/><temp name="T1140"/><temp name="T1003"/><temp name="T1005"/><temp name="T1120"/><temp name="T1055"/></temps></instruction><instruction code="INCMH T1008, 0"><temps name="use"/><temps name="def"><temp name="T1008"/></temps><temps name="in"><temp name="T1146"/><temp name="T1108"/><temp name="T1051"/><temp name="T1040"/><temp name="T1074"/><temp name="T1123"/><temp name="T1080"/><temp name="T105"/><temp name="T980"/><temp name="T1060"/><temp name="T1071"/><temp name="T1086"/><temp name="T1125"/><temp name="T988"/><temp name="T1014"/><temp name="T1011"/><temp name="T106"/><temp name="T1048"/><temp name="T1111"/><temp name="T1115"/><temp name="T1000"/><temp name="T1063"/><temp name="T1032"/><temp name="T6"/><temp name="T1092"/><temp name="T1100"/><temp name="T1152"/><temp name="T995"/><temp name="T1096"/><temp name="T1026"/><temp name="T1036"/><temp name="T1065"/><temp name="T1020"/><temp name="T1157"/><temp name="T991"/><temp name="T1131"/><temp name="T1134"/><temp name="T1140"/><temp name="T1003"/><temp name="T1005"/><temp name="T1120"/><temp name="T1055"/></temps><temps name="out"><temp name="T1146"/><temp name="T1108"/><temp name="T1051"/><temp name="T1040"/><temp name="T1074"/><temp name="T1123"/><temp name="T1080"/><temp name="T105"/><temp name="T980"/><temp name="T1060"/><temp name="T1071"/><temp name="T1086"/><temp name="T1125"/><temp name="T988"/><temp name="T1014"/><temp name="T1011"/><temp name="T106"/><temp name="T1048"/><temp name="T1111"/><temp name="T1115"/><temp name="T1000"/><temp name="T1063"/><temp name="T1032"/><temp name="T6"/><temp name="T1092"/><temp name="T1100"/><temp name="T1152"/><temp name="T995"/><temp name="T1096"/><temp name="T1026"/><temp name="T1036"/><temp name="T1065"/><temp name="T1020"/><temp name="T1157"/><temp name="T991"/><temp name="T1131"/><temp name="T1134"/><temp name="T1140"/><temp name="T1003"/><temp name="T1005"/><temp name="T1120"/><temp name="T1055"/></temps></instruction><instruction code="INCH  T1008, 0"><temps name="use"/><temps name="def"><temp name="T1008"/></temps><temps name="in"><temp name="T1146"/><temp name="T1108"/><temp name="T1051"/><temp name="T1040"/><temp name="T1074"/><temp name="T1123"/><temp name="T1080"/><temp name="T105"/><temp name="T980"/><temp name="T1060"/><temp name="T1071"/><temp name="T1086"/><temp name="T1125"/><temp name="T988"/><temp name="T1014"/><temp name="T1011"/><temp name="T106"/><temp name="T1048"/><temp name="T1111"/><temp name="T1115"/><temp name="T1000"/><temp name="T1063"/><temp name="T1032"/><temp name="T6"/><temp name="T1092"/><temp name="T1100"/><temp name="T1152"/><temp name="T995"/><temp name="T1096"/><temp name="T1026"/><temp name="T1036"/><temp name="T1065"/><temp name="T1020"/><temp name="T1157"/><temp name="T991"/><temp name="T1131"/><temp name="T1134"/><temp name="T1140"/><temp name="T1003"/><temp name="T1005"/><temp name="T1120"/><temp name="T1055"/></temps><temps name="out"><temp name="T1146"/><temp name="T1008"/><temp name="T1108"/><temp name="T1051"/><temp name="T1040"/><temp name="T1074"/><temp name="T1123"/><temp name="T1080"/><temp name="T105"/><temp name="T980"/><temp name="T1060"/><temp name="T1071"/><temp name="T1086"/><temp name="T1125"/><temp name="T988"/><temp name="T1014"/><temp name="T1011"/><temp name="T106"/><temp name="T1048"/><temp name="T1111"/><temp name="T1115"/><temp name="T1000"/><temp name="T1063"/><temp name="T1032"/><temp name="T6"/><temp name="T1092"/><temp name="T1100"/><temp name="T1152"/><temp name="T995"/><temp name="T1096"/><temp name="T1026"/><temp name="T1036"/><temp name="T1065"/><temp name="T1020"/><temp name="T1157"/><temp name="T991"/><temp name="T1131"/><temp name="T1134"/><temp name="T1140"/><temp name="T1003"/><temp name="T1005"/><temp name="T1120"/><temp name="T1055"/></temps></instruction><instruction code="OR T107, T1008, 0"><temps name="use"><temp name="T1008"/></temps><temps name="def"><temp name="T107"/></temps><temps name="in"><temp name="T1146"/><temp name="T1008"/><temp name="T1108"/><temp name="T1051"/><temp name="T1040"/><temp name="T1074"/><temp name="T1123"/><temp name="T1080"/><temp name="T105"/><temp name="T980"/><temp name="T1060"/><temp name="T1071"/><temp name="T1086"/><temp name="T1125"/><temp name="T988"/><temp name="T1014"/><temp name="T1011"/><temp name="T106"/><temp name="T1048"/><temp name="T1111"/><temp name="T1115"/><temp name="T1000"/><temp name="T1063"/><temp name="T1032"/><temp name="T6"/><temp name="T1092"/><temp name="T1100"/><temp name="T1152"/><temp name="T995"/><temp name="T1096"/><temp name="T1026"/><temp name="T1036"/><temp name="T1065"/><temp name="T1020"/><temp name="T1157"/><temp name="T991"/><temp name="T1131"/><temp name="T1134"/><temp name="T1140"/><temp name="T1003"/><temp name="T1005"/><temp name="T1120"/><temp name="T1055"/></temps><temps name="out"><temp name="T107"/><temp name="T1146"/><temp name="T1108"/><temp name="T1051"/><temp name="T1040"/><temp name="T1074"/><temp name="T1123"/><temp name="T1080"/><temp name="T105"/><temp name="T980"/><temp name="T1060"/><temp name="T1071"/><temp name="T1086"/><temp name="T1125"/><temp name="T988"/><temp name="T1014"/><temp name="T1011"/><temp name="T106"/><temp name="T1048"/><temp name="T1111"/><temp name="T1115"/><temp name="T1000"/><temp name="T1063"/><temp name="T1032"/><temp name="T6"/><temp name="T1092"/><temp name="T1100"/><temp name="T1152"/><temp name="T995"/><temp name="T1096"/><temp name="T1026"/><temp name="T1036"/><temp name="T1065"/><temp name="T1020"/><temp name="T1157"/><temp name="T991"/><temp name="T1131"/><temp name="T1134"/><temp name="T1140"/><temp name="T1003"/><temp name="T1005"/><temp name="T1120"/><temp name="T1055"/></temps></instruction><instruction code="DIV T1009, T106, T107"><temps name="use"><temp name="T106"/><temp name="T107"/></temps><temps name="def"><temp name="T1009"/></temps><temps name="in"><temp name="T107"/><temp name="T1146"/><temp name="T1108"/><temp name="T1051"/><temp name="T1040"/><temp name="T1074"/><temp name="T1123"/><temp name="T1080"/><temp name="T105"/><temp name="T980"/><temp name="T1060"/><temp name="T1071"/><temp name="T1086"/><temp name="T1125"/><temp name="T988"/><temp name="T1014"/><temp name="T1011"/><temp name="T106"/><temp name="T1048"/><temp name="T1111"/><temp name="T1115"/><temp name="T1000"/><temp name="T1063"/><temp name="T1032"/><temp name="T6"/><temp name="T1092"/><temp name="T1100"/><temp name="T1152"/><temp name="T995"/><temp name="T1096"/><temp name="T1026"/><temp name="T1036"/><temp name="T1065"/><temp name="T1020"/><temp name="T1157"/><temp name="T991"/><temp name="T1131"/><temp name="T1134"/><temp name="T1140"/><temp name="T1003"/><temp name="T1005"/><temp name="T1120"/><temp name="T1055"/></temps><temps name="out"><temp name="T1146"/><temp name="T1108"/><temp name="T1051"/><temp name="T1040"/><temp name="T1074"/><temp name="T1123"/><temp name="T1080"/><temp name="T105"/><temp name="T980"/><temp name="T1060"/><temp name="T1071"/><temp name="T1086"/><temp name="T1125"/><temp name="T988"/><temp name="T1014"/><temp name="T1011"/><temp name="T1048"/><temp name="T1111"/><temp name="T1115"/><temp name="T1000"/><temp name="T1063"/><temp name="T1032"/><temp name="T6"/><temp name="T1092"/><temp name="T1100"/><temp name="T1152"/><temp name="T995"/><temp name="T1096"/><temp name="T1026"/><temp name="T1036"/><temp name="T1065"/><temp name="T1020"/><temp name="T1157"/><temp name="T991"/><temp name="T1131"/><temp name="T1134"/><temp name="T1140"/><temp name="T1003"/><temp name="T1005"/><temp name="T1120"/><temp name="T1055"/></temps></instruction><instruction code="OR T1009, rR, 0"><temps name="use"/><temps name="def"><temp name="T1009"/></temps><temps name="in"><temp name="T1146"/><temp name="T1108"/><temp name="T1051"/><temp name="T1040"/><temp name="T1074"/><temp name="T1123"/><temp name="T1080"/><temp name="T105"/><temp name="T980"/><temp name="T1060"/><temp name="T1071"/><temp name="T1086"/><temp name="T1125"/><temp name="T988"/><temp name="T1014"/><temp name="T1011"/><temp name="T1048"/><temp name="T1111"/><temp name="T1115"/><temp name="T1000"/><temp name="T1063"/><temp name="T1032"/><temp name="T6"/><temp name="T1092"/><temp name="T1100"/><temp name="T1152"/><temp name="T995"/><temp name="T1096"/><temp name="T1026"/><temp name="T1036"/><temp name="T1065"/><temp name="T1020"/><temp name="T1157"/><temp name="T991"/><temp name="T1131"/><temp name="T1134"/><temp name="T1140"/><temp name="T1003"/><temp name="T1005"/><temp name="T1120"/><temp name="T1055"/></temps><temps name="out"><temp name="T1146"/><temp name="T1108"/><temp name="T1051"/><temp name="T1040"/><temp name="T1074"/><temp name="T1123"/><temp name="T1080"/><temp name="T105"/><temp name="T980"/><temp name="T1060"/><temp name="T1071"/><temp name="T1086"/><temp name="T1125"/><temp name="T988"/><temp name="T1014"/><temp name="T1011"/><temp name="T1048"/><temp name="T1111"/><temp name="T1115"/><temp name="T1000"/><temp name="T1063"/><temp name="T1032"/><temp name="T6"/><temp name="T1092"/><temp name="T1100"/><temp name="T1152"/><temp name="T995"/><temp name="T1096"/><temp name="T1026"/><temp name="T1036"/><temp name="T1065"/><temp name="T1020"/><temp name="T1157"/><temp name="T991"/><temp name="T1131"/><temp name="T1009"/><temp name="T1134"/><temp name="T1140"/><temp name="T1003"/><temp name="T1005"/><temp name="T1120"/><temp name="T1055"/></temps></instruction><instruction code="OR T108, T1009, 0"><temps name="use"><temp name="T1009"/></temps><temps name="def"><temp name="T108"/></temps><temps name="in"><temp name="T1146"/><temp name="T1108"/><temp name="T1051"/><temp name="T1040"/><temp name="T1074"/><temp name="T1123"/><temp name="T1080"/><temp name="T105"/><temp name="T980"/><temp name="T1060"/><temp name="T1071"/><temp name="T1086"/><temp name="T1125"/><temp name="T988"/><temp name="T1014"/><temp name="T1011"/><temp name="T1048"/><temp name="T1111"/><temp name="T1115"/><temp name="T1000"/><temp name="T1063"/><temp name="T1032"/><temp name="T6"/><temp name="T1092"/><temp name="T1100"/><temp name="T1152"/><temp name="T995"/><temp name="T1096"/><temp name="T1026"/><temp name="T1036"/><temp name="T1065"/><temp name="T1020"/><temp name="T1157"/><temp name="T991"/><temp name="T1131"/><temp name="T1009"/><temp name="T1134"/><temp name="T1140"/><temp name="T1003"/><temp name="T1005"/><temp name="T1120"/><temp name="T1055"/></temps><temps name="out"><temp name="T1146"/><temp name="T108"/><temp name="T1108"/><temp name="T1051"/><temp name="T1040"/><temp name="T1074"/><temp name="T1123"/><temp name="T1080"/><temp name="T105"/><temp name="T980"/><temp name="T1060"/><temp name="T1071"/><temp name="T1086"/><temp name="T1125"/><temp name="T988"/><temp name="T1014"/><temp name="T1011"/><temp name="T1048"/><temp name="T1111"/><temp name="T1115"/><temp name="T1000"/><temp name="T1063"/><temp name="T1032"/><temp name="T6"/><temp name="T1092"/><temp name="T1100"/><temp name="T1152"/><temp name="T995"/><temp name="T1096"/><temp name="T1026"/><temp name="T1036"/><temp name="T1065"/><temp name="T1020"/><temp name="T1157"/><temp name="T991"/><temp name="T1131"/><temp name="T1134"/><temp name="T1140"/><temp name="T1003"/><temp name="T1005"/><temp name="T1120"/><temp name="T1055"/></temps></instruction><instruction code="STO T105, $254, 8"><temps name="use"><temp name="T105"/></temps><temps name="def"/><temps name="in"><temp name="T1146"/><temp name="T108"/><temp name="T1108"/><temp name="T1051"/><temp name="T1040"/><temp name="T1074"/><temp name="T1123"/><temp name="T1080"/><temp name="T105"/><temp name="T980"/><temp name="T1060"/><temp name="T1071"/><temp name="T1086"/><temp name="T1125"/><temp name="T988"/><temp name="T1014"/><temp name="T1011"/><temp name="T1048"/><temp name="T1111"/><temp name="T1115"/><temp name="T1000"/><temp name="T1063"/><temp name="T1032"/><temp name="T6"/><temp name="T1092"/><temp name="T1100"/><temp name="T1152"/><temp name="T995"/><temp name="T1096"/><temp name="T1026"/><temp name="T1036"/><temp name="T1065"/><temp name="T1020"/><temp name="T1157"/><temp name="T991"/><temp name="T1131"/><temp name="T1134"/><temp name="T1140"/><temp name="T1003"/><temp name="T1005"/><temp name="T1120"/><temp name="T1055"/></temps><temps name="out"><temp name="T1146"/><temp name="T108"/><temp name="T1108"/><temp name="T1051"/><temp name="T1040"/><temp name="T1074"/><temp name="T1123"/><temp name="T1080"/><temp name="T980"/><temp name="T1060"/><temp name="T1071"/><temp name="T1086"/><temp name="T1125"/><temp name="T988"/><temp name="T1014"/><temp name="T1011"/><temp name="T1048"/><temp name="T1111"/><temp name="T1115"/><temp name="T1000"/><temp name="T1063"/><temp name="T1032"/><temp name="T6"/><temp name="T1092"/><temp name="T1100"/><temp name="T1152"/><temp name="T995"/><temp name="T1096"/><temp name="T1026"/><temp name="T1036"/><temp name="T1065"/><temp name="T1020"/><temp name="T1157"/><temp name="T991"/><temp name="T1131"/><temp name="T1134"/><temp name="T1140"/><temp name="T1003"/><temp name="T1005"/><temp name="T1120"/><temp name="T1055"/></temps></instruction><instruction code="STO T108, $254, 16"><temps name="use"><temp name="T108"/></temps><temps name="def"/><temps name="in"><temp name="T1146"/><temp name="T108"/><temp name="T1108"/><temp name="T1051"/><temp name="T1040"/><temp name="T1074"/><temp name="T1123"/><temp name="T1080"/><temp name="T980"/><temp name="T1060"/><temp name="T1071"/><temp name="T1086"/><temp name="T1125"/><temp name="T988"/><temp name="T1014"/><temp name="T1011"/><temp name="T1048"/><temp name="T1111"/><temp name="T1115"/><temp name="T1000"/><temp name="T1063"/><temp name="T1032"/><temp name="T6"/><temp name="T1092"/><temp name="T1100"/><temp name="T1152"/><temp name="T995"/><temp name="T1096"/><temp name="T1026"/><temp name="T1036"/><temp name="T1065"/><temp name="T1020"/><temp name="T1157"/><temp name="T991"/><temp name="T1131"/><temp name="T1134"/><temp name="T1140"/><temp name="T1003"/><temp name="T1005"/><temp name="T1120"/><temp name="T1055"/></temps><temps name="out"><temp name="T1146"/><temp name="T1108"/><temp name="T1051"/><temp name="T1040"/><temp name="T1074"/><temp name="T1123"/><temp name="T1080"/><temp name="T980"/><temp name="T1060"/><temp name="T1071"/><temp name="T1086"/><temp name="T1125"/><temp name="T988"/><temp name="T1014"/><temp name="T1011"/><temp name="T1048"/><temp name="T1111"/><temp name="T1115"/><temp name="T1000"/><temp name="T1063"/><temp name="T1032"/><temp name="T6"/><temp name="T1092"/><temp name="T1100"/><temp name="T1152"/><temp name="T995"/><temp name="T1096"/><temp name="T1026"/><temp name="T1036"/><temp name="T1065"/><temp name="T1020"/><temp name="T1157"/><temp name="T991"/><temp name="T1131"/><temp name="T1134"/><temp name="T1140"/><temp name="T1003"/><temp name="T1005"/><temp name="T1120"/><temp name="T1055"/></temps></instruction><instruction code="LDA T1010, _putChar"><temps name="use"/><temps name="def"><temp name="T1010"/></temps><temps name="in"><temp name="T1146"/><temp name="T1108"/><temp name="T1051"/><temp name="T1040"/><temp name="T1074"/><temp name="T1123"/><temp name="T1080"/><temp name="T980"/><temp name="T1060"/><temp name="T1071"/><temp name="T1086"/><temp name="T1125"/><temp name="T988"/><temp name="T1014"/><temp name="T1011"/><temp name="T1048"/><temp name="T1111"/><temp name="T1115"/><temp name="T1000"/><temp name="T1063"/><temp name="T1032"/><temp name="T6"/><temp name="T1092"/><temp name="T1100"/><temp name="T1152"/><temp name="T995"/><temp name="T1096"/><temp name="T1026"/><temp name="T1036"/><temp name="T1065"/><temp name="T1020"/><temp name="T1157"/><temp name="T991"/><temp name="T1131"/><temp name="T1134"/><temp name="T1140"/><temp name="T1003"/><temp name="T1005"/><temp name="T1120"/><temp name="T1055"/></temps><temps name="out"><temp name="T1146"/><temp name="T1108"/><temp name="T1051"/><temp name="T1040"/><temp name="T1074"/><temp name="T1123"/><temp name="T1080"/><temp name="T980"/><temp name="T1060"/><temp name="T1071"/><temp name="T1086"/><temp name="T1125"/><temp name="T988"/><temp name="T1010"/><temp name="T1014"/><temp name="T1011"/><temp name="T1048"/><temp name="T1111"/><temp name="T1115"/><temp name="T1000"/><temp name="T1063"/><temp name="T1032"/><temp name="T6"/><temp name="T1092"/><temp name="T1100"/><temp name="T1152"/><temp name="T995"/><temp name="T1096"/><temp name="T1026"/><temp name="T1036"/><temp name="T1065"/><temp name="T1020"/><temp name="T1157"/><temp name="T991"/><temp name="T1131"/><temp name="T1134"/><temp name="T1140"/><temp name="T1003"/><temp name="T1005"/><temp name="T1120"/><temp name="T1055"/></temps></instruction><instruction code="PUSHJ $15, T1010, 0"><temps name="use"><temp name="T1010"/></temps><temps name="def"/><temps name="in"><temp name="T1146"/><temp name="T1108"/><temp name="T1051"/><temp name="T1040"/><temp name="T1074"/><temp name="T1123"/><temp name="T1080"/><temp name="T980"/><temp name="T1060"/><temp name="T1071"/><temp name="T1086"/><temp name="T1125"/><temp name="T988"/><temp name="T1010"/><temp name="T1014"/><temp name="T1011"/><temp name="T1048"/><temp name="T1111"/><temp name="T1115"/><temp name="T1000"/><temp name="T1063"/><temp name="T1032"/><temp name="T6"/><temp name="T1092"/><temp name="T1100"/><temp name="T1152"/><temp name="T995"/><temp name="T1096"/><temp name="T1026"/><temp name="T1036"/><temp name="T1065"/><temp name="T1020"/><temp name="T1157"/><temp name="T991"/><temp name="T1131"/><temp name="T1134"/><temp name="T1140"/><temp name="T1003"/><temp name="T1005"/><temp name="T1120"/><temp name="T1055"/></temps><temps name="out"><temp name="T1146"/><temp name="T1108"/><temp name="T1051"/><temp name="T1040"/><temp name="T1074"/><temp name="T1123"/><temp name="T1080"/><temp name="T980"/><temp name="T1060"/><temp name="T1071"/><temp name="T1086"/><temp name="T1125"/><temp name="T988"/><temp name="T1014"/><temp name="T1011"/><temp name="T1048"/><temp name="T1111"/><temp name="T1115"/><temp name="T1000"/><temp name="T1063"/><temp name="T1032"/><temp name="T6"/><temp name="T1092"/><temp name="T1100"/><temp name="T1152"/><temp name="T995"/><temp name="T1096"/><temp name="T1026"/><temp name="T1036"/><temp name="T1065"/><temp name="T1020"/><temp name="T1157"/><temp name="T991"/><temp name="T1131"/><temp name="T1134"/><temp name="T1140"/><temp name="T1003"/><temp name="T1005"/><temp name="T1120"/><temp name="T1055"/></temps></instruction><instruction code="OR T109, T1011, 0"><temps name="use"><temp name="T1011"/></temps><temps name="def"><temp name="T109"/></temps><temps name="in"><temp name="T1146"/><temp name="T1108"/><temp name="T1051"/><temp name="T1040"/><temp name="T1074"/><temp name="T1123"/><temp name="T1080"/><temp name="T980"/><temp name="T1060"/><temp name="T1071"/><temp name="T1086"/><temp name="T1125"/><temp name="T988"/><temp name="T1014"/><temp name="T1011"/><temp name="T1048"/><temp name="T1111"/><temp name="T1115"/><temp name="T1000"/><temp name="T1063"/><temp name="T1032"/><temp name="T6"/><temp name="T1092"/><temp name="T1100"/><temp name="T1152"/><temp name="T995"/><temp name="T1096"/><temp name="T1026"/><temp name="T1036"/><temp name="T1065"/><temp name="T1020"/><temp name="T1157"/><temp name="T991"/><temp name="T1131"/><temp name="T1134"/><temp name="T1140"/><temp name="T1003"/><temp name="T1005"/><temp name="T1120"/><temp name="T1055"/></temps><temps name="out"><temp name="T1146"/><temp name="T1108"/><temp name="T1051"/><temp name="T1040"/><temp name="T1074"/><temp name="T1123"/><temp name="T1080"/><temp name="T980"/><temp name="T1060"/><temp name="T1071"/><temp name="T1086"/><temp name="T1125"/><temp name="T988"/><temp name="T1014"/><temp name="T1011"/><temp name="T1048"/><temp name="T1111"/><temp name="T1115"/><temp name="T1000"/><temp name="T1063"/><temp name="T1032"/><temp name="T6"/><temp name="T1092"/><temp name="T1100"/><temp name="T1152"/><temp name="T995"/><temp name="T1096"/><temp name="T1026"/><temp name="T1036"/><temp name="T1065"/><temp name="T1020"/><temp name="T1157"/><temp name="T991"/><temp name="T1131"/><temp name="T1134"/><temp name="T1140"/><temp name="T1003"/><temp name="T1005"/><temp name="T1120"/><temp name="T1055"/></temps></instruction><instruction code="OR T110, T6, 0"><temps name="use"><temp name="T6"/></temps><temps name="def"><temp name="T110"/></temps><temps name="in"><temp name="T1146"/><temp name="T1108"/><temp name="T1051"/><temp name="T1040"/><temp name="T1074"/><temp name="T1123"/><temp name="T1080"/><temp name="T980"/><temp name="T1060"/><temp name="T1071"/><temp name="T1086"/><temp name="T1125"/><temp name="T988"/><temp name="T1014"/><temp name="T1011"/><temp name="T1048"/><temp name="T1111"/><temp name="T1115"/><temp name="T1000"/><temp name="T1063"/><temp name="T1032"/><temp name="T6"/><temp name="T1092"/><temp name="T1100"/><temp name="T1152"/><temp name="T995"/><temp name="T1096"/><temp name="T1026"/><temp name="T1036"/><temp name="T1065"/><temp name="T1020"/><temp name="T1157"/><temp name="T991"/><temp name="T1131"/><temp name="T1134"/><temp name="T1140"/><temp name="T1003"/><temp name="T1005"/><temp name="T1120"/><temp name="T1055"/></temps><temps name="out"><temp name="T110"/><temp name="T1146"/><temp name="T1108"/><temp name="T1051"/><temp name="T1040"/><temp name="T1074"/><temp name="T1123"/><temp name="T1080"/><temp name="T980"/><temp name="T1060"/><temp name="T1071"/><temp name="T1086"/><temp name="T1125"/><temp name="T988"/><temp name="T1014"/><temp name="T1011"/><temp name="T1048"/><temp name="T1111"/><temp name="T1115"/><temp name="T1000"/><temp name="T1063"/><temp name="T1032"/><temp name="T6"/><temp name="T1092"/><temp name="T1100"/><temp name="T1152"/><temp name="T995"/><temp name="T1096"/><temp name="T1026"/><temp name="T1036"/><temp name="T1065"/><temp name="T1020"/><temp name="T1157"/><temp name="T991"/><temp name="T1131"/><temp name="T1134"/><temp name="T1140"/><temp name="T1003"/><temp name="T1005"/><temp name="T1120"/><temp name="T1055"/></temps></instruction><instruction code="SETL  T1012, 8"><temps name="use"/><temps name="def"><temp name="T1012"/></temps><temps name="in"><temp name="T110"/><temp name="T1146"/><temp name="T1108"/><temp name="T1051"/><temp name="T1040"/><temp name="T1074"/><temp name="T1123"/><temp name="T1080"/><temp name="T980"/><temp name="T1060"/><temp name="T1071"/><temp name="T1086"/><temp name="T1125"/><temp name="T988"/><temp name="T1014"/><temp name="T1011"/><temp name="T1048"/><temp name="T1111"/><temp name="T1115"/><temp name="T1000"/><temp name="T1063"/><temp name="T1032"/><temp name="T6"/><temp name="T1092"/><temp name="T1100"/><temp name="T1152"/><temp name="T995"/><temp name="T1096"/><temp name="T1026"/><temp name="T1036"/><temp name="T1065"/><temp name="T1020"/><temp name="T1157"/><temp name="T991"/><temp name="T1131"/><temp name="T1134"/><temp name="T1140"/><temp name="T1003"/><temp name="T1005"/><temp name="T1120"/><temp name="T1055"/></temps><temps name="out"><temp name="T110"/><temp name="T1146"/><temp name="T1108"/><temp name="T1051"/><temp name="T1040"/><temp name="T1074"/><temp name="T1123"/><temp name="T1080"/><temp name="T980"/><temp name="T1060"/><temp name="T1071"/><temp name="T1086"/><temp name="T1125"/><temp name="T988"/><temp name="T1014"/><temp name="T1011"/><temp name="T1048"/><temp name="T1111"/><temp name="T1115"/><temp name="T1000"/><temp name="T1063"/><temp name="T1032"/><temp name="T6"/><temp name="T1092"/><temp name="T1100"/><temp name="T1152"/><temp name="T995"/><temp name="T1096"/><temp name="T1026"/><temp name="T1036"/><temp name="T1065"/><temp name="T1020"/><temp name="T1157"/><temp name="T991"/><temp name="T1131"/><temp name="T1134"/><temp name="T1140"/><temp name="T1003"/><temp name="T1005"/><temp name="T1120"/><temp name="T1055"/></temps></instruction><instruction code="INCML T1012, 0"><temps name="use"/><temps name="def"><temp name="T1012"/></temps><temps name="in"><temp name="T110"/><temp name="T1146"/><temp name="T1108"/><temp name="T1051"/><temp name="T1040"/><temp name="T1074"/><temp name="T1123"/><temp name="T1080"/><temp name="T980"/><temp name="T1060"/><temp name="T1071"/><temp name="T1086"/><temp name="T1125"/><temp name="T988"/><temp name="T1014"/><temp name="T1011"/><temp name="T1048"/><temp name="T1111"/><temp name="T1115"/><temp name="T1000"/><temp name="T1063"/><temp name="T1032"/><temp name="T6"/><temp name="T1092"/><temp name="T1100"/><temp name="T1152"/><temp name="T995"/><temp name="T1096"/><temp name="T1026"/><temp name="T1036"/><temp name="T1065"/><temp name="T1020"/><temp name="T1157"/><temp name="T991"/><temp name="T1131"/><temp name="T1134"/><temp name="T1140"/><temp name="T1003"/><temp name="T1005"/><temp name="T1120"/><temp name="T1055"/></temps><temps name="out"><temp name="T110"/><temp name="T1146"/><temp name="T1108"/><temp name="T1051"/><temp name="T1040"/><temp name="T1074"/><temp name="T1123"/><temp name="T1080"/><temp name="T980"/><temp name="T1060"/><temp name="T1071"/><temp name="T1086"/><temp name="T1125"/><temp name="T988"/><temp name="T1014"/><temp name="T1011"/><temp name="T1048"/><temp name="T1111"/><temp name="T1115"/><temp name="T1000"/><temp name="T1063"/><temp name="T1032"/><temp name="T6"/><temp name="T1092"/><temp name="T1100"/><temp name="T1152"/><temp name="T995"/><temp name="T1096"/><temp name="T1026"/><temp name="T1036"/><temp name="T1065"/><temp name="T1020"/><temp name="T1157"/><temp name="T991"/><temp name="T1131"/><temp name="T1134"/><temp name="T1140"/><temp name="T1003"/><temp name="T1005"/><temp name="T1120"/><temp name="T1055"/></temps></instruction><instruction code="INCMH T1012, 0"><temps name="use"/><temps name="def"><temp name="T1012"/></temps><temps name="in"><temp name="T110"/><temp name="T1146"/><temp name="T1108"/><temp name="T1051"/><temp name="T1040"/><temp name="T1074"/><temp name="T1123"/><temp name="T1080"/><temp name="T980"/><temp name="T1060"/><temp name="T1071"/><temp name="T1086"/><temp name="T1125"/><temp name="T988"/><temp name="T1014"/><temp name="T1011"/><temp name="T1048"/><temp name="T1111"/><temp name="T1115"/><temp name="T1000"/><temp name="T1063"/><temp name="T1032"/><temp name="T6"/><temp name="T1092"/><temp name="T1100"/><temp name="T1152"/><temp name="T995"/><temp name="T1096"/><temp name="T1026"/><temp name="T1036"/><temp name="T1065"/><temp name="T1020"/><temp name="T1157"/><temp name="T991"/><temp name="T1131"/><temp name="T1134"/><temp name="T1140"/><temp name="T1003"/><temp name="T1005"/><temp name="T1120"/><temp name="T1055"/></temps><temps name="out"><temp name="T110"/><temp name="T1146"/><temp name="T1108"/><temp name="T1051"/><temp name="T1040"/><temp name="T1074"/><temp name="T1123"/><temp name="T1080"/><temp name="T980"/><temp name="T1060"/><temp name="T1071"/><temp name="T1086"/><temp name="T1125"/><temp name="T988"/><temp name="T1014"/><temp name="T1011"/><temp name="T1048"/><temp name="T1111"/><temp name="T1115"/><temp name="T1000"/><temp name="T1063"/><temp name="T1032"/><temp name="T6"/><temp name="T1092"/><temp name="T1100"/><temp name="T1152"/><temp name="T995"/><temp name="T1096"/><temp name="T1026"/><temp name="T1036"/><temp name="T1065"/><temp name="T1020"/><temp name="T1157"/><temp name="T991"/><temp name="T1131"/><temp name="T1134"/><temp name="T1140"/><temp name="T1003"/><temp name="T1005"/><temp name="T1120"/><temp name="T1055"/></temps></instruction><instruction code="INCH  T1012, 0"><temps name="use"/><temps name="def"><temp name="T1012"/></temps><temps name="in"><temp name="T110"/><temp name="T1146"/><temp name="T1108"/><temp name="T1051"/><temp name="T1040"/><temp name="T1074"/><temp name="T1123"/><temp name="T1080"/><temp name="T980"/><temp name="T1060"/><temp name="T1071"/><temp name="T1086"/><temp name="T1125"/><temp name="T988"/><temp name="T1014"/><temp name="T1011"/><temp name="T1048"/><temp name="T1111"/><temp name="T1115"/><temp name="T1000"/><temp name="T1063"/><temp name="T1032"/><temp name="T6"/><temp name="T1092"/><temp name="T1100"/><temp name="T1152"/><temp name="T995"/><temp name="T1096"/><temp name="T1026"/><temp name="T1036"/><temp name="T1065"/><temp name="T1020"/><temp name="T1157"/><temp name="T991"/><temp name="T1131"/><temp name="T1134"/><temp name="T1140"/><temp name="T1003"/><temp name="T1005"/><temp name="T1120"/><temp name="T1055"/></temps><temps name="out"><temp name="T110"/><temp name="T1146"/><temp name="T1108"/><temp name="T1051"/><temp name="T1040"/><temp name="T1074"/><temp name="T1123"/><temp name="T1080"/><temp name="T980"/><temp name="T1060"/><temp name="T1071"/><temp name="T1086"/><temp name="T1125"/><temp name="T1012"/><temp name="T988"/><temp name="T1014"/><temp name="T1011"/><temp name="T1048"/><temp name="T1111"/><temp name="T1115"/><temp name="T1000"/><temp name="T1063"/><temp name="T1032"/><temp name="T6"/><temp name="T1092"/><temp name="T1100"/><temp name="T1152"/><temp name="T995"/><temp name="T1096"/><temp name="T1026"/><temp name="T1036"/><temp name="T1065"/><temp name="T1020"/><temp name="T1157"/><temp name="T991"/><temp name="T1131"/><temp name="T1134"/><temp name="T1140"/><temp name="T1003"/><temp name="T1005"/><temp name="T1120"/><temp name="T1055"/></temps></instruction><instruction code="NEG T1012, 0, T1012"><temps name="use"><temp name="T1012"/></temps><temps name="def"><temp name="T1012"/></temps><temps name="in"><temp name="T110"/><temp name="T1146"/><temp name="T1108"/><temp name="T1051"/><temp name="T1040"/><temp name="T1074"/><temp name="T1123"/><temp name="T1080"/><temp name="T980"/><temp name="T1060"/><temp name="T1071"/><temp name="T1086"/><temp name="T1125"/><temp name="T1012"/><temp name="T988"/><temp name="T1014"/><temp name="T1011"/><temp name="T1048"/><temp name="T1111"/><temp name="T1115"/><temp name="T1000"/><temp name="T1063"/><temp name="T1032"/><temp name="T6"/><temp name="T1092"/><temp name="T1100"/><temp name="T1152"/><temp name="T995"/><temp name="T1096"/><temp name="T1026"/><temp name="T1036"/><temp name="T1065"/><temp name="T1020"/><temp name="T1157"/><temp name="T991"/><temp name="T1131"/><temp name="T1134"/><temp name="T1140"/><temp name="T1003"/><temp name="T1005"/><temp name="T1120"/><temp name="T1055"/></temps><temps name="out"><temp name="T110"/><temp name="T1146"/><temp name="T1108"/><temp name="T1051"/><temp name="T1040"/><temp name="T1074"/><temp name="T1123"/><temp name="T1080"/><temp name="T980"/><temp name="T1060"/><temp name="T1071"/><temp name="T1086"/><temp name="T1125"/><temp name="T1012"/><temp name="T988"/><temp name="T1014"/><temp name="T1011"/><temp name="T1048"/><temp name="T1111"/><temp name="T1115"/><temp name="T1000"/><temp name="T1063"/><temp name="T1032"/><temp name="T6"/><temp name="T1092"/><temp name="T1100"/><temp name="T1152"/><temp name="T995"/><temp name="T1096"/><temp name="T1026"/><temp name="T1036"/><temp name="T1065"/><temp name="T1020"/><temp name="T1157"/><temp name="T991"/><temp name="T1131"/><temp name="T1134"/><temp name="T1140"/><temp name="T1003"/><temp name="T1005"/><temp name="T1120"/><temp name="T1055"/></temps></instruction><instruction code="OR T111, T1012, 0"><temps name="use"><temp name="T1012"/></temps><temps name="def"><temp name="T111"/></temps><temps name="in"><temp name="T110"/><temp name="T1146"/><temp name="T1108"/><temp name="T1051"/><temp name="T1040"/><temp name="T1074"/><temp name="T1123"/><temp name="T1080"/><temp name="T980"/><temp name="T1060"/><temp name="T1071"/><temp name="T1086"/><temp name="T1125"/><temp name="T1012"/><temp name="T988"/><temp name="T1014"/><temp name="T1011"/><temp name="T1048"/><temp name="T1111"/><temp name="T1115"/><temp name="T1000"/><temp name="T1063"/><temp name="T1032"/><temp name="T6"/><temp name="T1092"/><temp name="T1100"/><temp name="T1152"/><temp name="T995"/><temp name="T1096"/><temp name="T1026"/><temp name="T1036"/><temp name="T1065"/><temp name="T1020"/><temp name="T1157"/><temp name="T991"/><temp name="T1131"/><temp name="T1134"/><temp name="T1140"/><temp name="T1003"/><temp name="T1005"/><temp name="T1120"/><temp name="T1055"/></temps><temps name="out"><temp name="T110"/><temp name="T1146"/><temp name="T1108"/><temp name="T1051"/><temp name="T1040"/><temp name="T1074"/><temp name="T1123"/><temp name="T1080"/><temp name="T980"/><temp name="T1060"/><temp name="T1071"/><temp name="T1086"/><temp name="T1125"/><temp name="T988"/><temp name="T1014"/><temp name="T1011"/><temp name="T1048"/><temp name="T1111"/><temp name="T1115"/><temp name="T1000"/><temp name="T1063"/><temp name="T1032"/><temp name="T6"/><temp name="T1092"/><temp name="T1100"/><temp name="T1152"/><temp name="T995"/><temp name="T1096"/><temp name="T1026"/><temp name="T1036"/><temp name="T111"/><temp name="T1065"/><temp name="T1020"/><temp name="T1157"/><temp name="T991"/><temp name="T1131"/><temp name="T1134"/><temp name="T1140"/><temp name="T1003"/><temp name="T1005"/><temp name="T1120"/><temp name="T1055"/></temps></instruction><instruction code="ADD T1013, T110, T111"><temps name="use"><temp name="T110"/><temp name="T111"/></temps><temps name="def"><temp name="T1013"/></temps><temps name="in"><temp name="T110"/><temp name="T1146"/><temp name="T1108"/><temp name="T1051"/><temp name="T1040"/><temp name="T1074"/><temp name="T1123"/><temp name="T1080"/><temp name="T980"/><temp name="T1060"/><temp name="T1071"/><temp name="T1086"/><temp name="T1125"/><temp name="T988"/><temp name="T1014"/><temp name="T1011"/><temp name="T1048"/><temp name="T1111"/><temp name="T1115"/><temp name="T1000"/><temp name="T1063"/><temp name="T1032"/><temp name="T6"/><temp name="T1092"/><temp name="T1100"/><temp name="T1152"/><temp name="T995"/><temp name="T1096"/><temp name="T1026"/><temp name="T1036"/><temp name="T111"/><temp name="T1065"/><temp name="T1020"/><temp name="T1157"/><temp name="T991"/><temp name="T1131"/><temp name="T1134"/><temp name="T1140"/><temp name="T1003"/><temp name="T1005"/><temp name="T1120"/><temp name="T1055"/></temps><temps name="out"><temp name="T1146"/><temp name="T1108"/><temp name="T1051"/><temp name="T1040"/><temp name="T1074"/><temp name="T1123"/><temp name="T1080"/><temp name="T980"/><temp name="T1060"/><temp name="T1071"/><temp name="T1086"/><temp name="T1125"/><temp name="T988"/><temp name="T1014"/><temp name="T1011"/><temp name="T1048"/><temp name="T1111"/><temp name="T1115"/><temp name="T1000"/><temp name="T1063"/><temp name="T1032"/><temp name="T6"/><temp name="T1092"/><temp name="T1100"/><temp name="T1152"/><temp name="T995"/><temp name="T1096"/><temp name="T1026"/><temp name="T1036"/><temp name="T1065"/><temp name="T1020"/><temp name="T1157"/><temp name="T991"/><temp name="T1131"/><temp name="T1134"/><temp name="T1140"/><temp name="T1003"/><temp name="T1013"/><temp name="T1005"/><temp name="T1120"/><temp name="T1055"/></temps></instruction><instruction code="OR T112, T1013, 0"><temps name="use"><temp name="T1013"/></temps><temps name="def"><temp name="T112"/></temps><temps name="in"><temp name="T1146"/><temp name="T1108"/><temp name="T1051"/><temp name="T1040"/><temp name="T1074"/><temp name="T1123"/><temp name="T1080"/><temp name="T980"/><temp name="T1060"/><temp name="T1071"/><temp name="T1086"/><temp name="T1125"/><temp name="T988"/><temp name="T1014"/><temp name="T1011"/><temp name="T1048"/><temp name="T1111"/><temp name="T1115"/><temp name="T1000"/><temp name="T1063"/><temp name="T1032"/><temp name="T6"/><temp name="T1092"/><temp name="T1100"/><temp name="T1152"/><temp name="T995"/><temp name="T1096"/><temp name="T1026"/><temp name="T1036"/><temp name="T1065"/><temp name="T1020"/><temp name="T1157"/><temp name="T991"/><temp name="T1131"/><temp name="T1134"/><temp name="T1140"/><temp name="T1003"/><temp name="T1013"/><temp name="T1005"/><temp name="T1120"/><temp name="T1055"/></temps><temps name="out"><temp name="T1146"/><temp name="T1108"/><temp name="T1051"/><temp name="T1040"/><temp name="T1074"/><temp name="T1123"/><temp name="T1080"/><temp name="T980"/><temp name="T1060"/><temp name="T1071"/><temp name="T1086"/><temp name="T1125"/><temp name="T988"/><temp name="T1014"/><temp name="T1011"/><temp name="T1048"/><temp name="T1111"/><temp name="T1115"/><temp name="T1000"/><temp name="T1063"/><temp name="T1032"/><temp name="T6"/><temp name="T1092"/><temp name="T1100"/><temp name="T1152"/><temp name="T995"/><temp name="T1096"/><temp name="T1026"/><temp name="T1036"/><temp name="T1065"/><temp name="T1020"/><temp name="T1157"/><temp name="T991"/><temp name="T1131"/><temp name="T1134"/><temp name="T1140"/><temp name="T1003"/><temp name="T1005"/><temp name="T1120"/><temp name="T1055"/></temps></instruction><instruction code="LDO T1015, T1014, 0"><temps name="use"><temp name="T1014"/></temps><temps name="def"><temp name="T1015"/></temps><temps name="in"><temp name="T1146"/><temp name="T1108"/><temp name="T1051"/><temp name="T1040"/><temp name="T1074"/><temp name="T1123"/><temp name="T1080"/><temp name="T980"/><temp name="T1060"/><temp name="T1071"/><temp name="T1086"/><temp name="T1125"/><temp name="T988"/><temp name="T1014"/><temp name="T1011"/><temp name="T1048"/><temp name="T1111"/><temp name="T1115"/><temp name="T1000"/><temp name="T1063"/><temp name="T1032"/><temp name="T6"/><temp name="T1092"/><temp name="T1100"/><temp name="T1152"/><temp name="T995"/><temp name="T1096"/><temp name="T1026"/><temp name="T1036"/><temp name="T1065"/><temp name="T1020"/><temp name="T1157"/><temp name="T991"/><temp name="T1131"/><temp name="T1134"/><temp name="T1140"/><temp name="T1003"/><temp name="T1005"/><temp name="T1120"/><temp name="T1055"/></temps><temps name="out"><temp name="T1146"/><temp name="T1108"/><temp name="T1051"/><temp name="T1040"/><temp name="T1074"/><temp name="T1123"/><temp name="T1080"/><temp name="T980"/><temp name="T1060"/><temp name="T1071"/><temp name="T1086"/><temp name="T1125"/><temp name="T988"/><temp name="T1014"/><temp name="T1011"/><temp name="T1048"/><temp name="T1111"/><temp name="T1115"/><temp name="T1000"/><temp name="T1063"/><temp name="T1032"/><temp name="T6"/><temp name="T1092"/><temp name="T1100"/><temp name="T1152"/><temp name="T1015"/><temp name="T995"/><temp name="T1096"/><temp name="T1026"/><temp name="T1036"/><temp name="T1065"/><temp name="T1020"/><temp name="T1157"/><temp name="T991"/><temp name="T1131"/><temp name="T1134"/><temp name="T1140"/><temp name="T1003"/><temp name="T1005"/><temp name="T1120"/><temp name="T1055"/></temps></instruction><instruction code="OR T113, T1015, 0"><temps name="use"><temp name="T1015"/></temps><temps name="def"><temp name="T113"/></temps><temps name="in"><temp name="T1146"/><temp name="T1108"/><temp name="T1051"/><temp name="T1040"/><temp name="T1074"/><temp name="T1123"/><temp name="T1080"/><temp name="T980"/><temp name="T1060"/><temp name="T1071"/><temp name="T1086"/><temp name="T1125"/><temp name="T988"/><temp name="T1014"/><temp name="T1011"/><temp name="T1048"/><temp name="T1111"/><temp name="T1115"/><temp name="T1000"/><temp name="T1063"/><temp name="T1032"/><temp name="T6"/><temp name="T1092"/><temp name="T1100"/><temp name="T1152"/><temp name="T1015"/><temp name="T995"/><temp name="T1096"/><temp name="T1026"/><temp name="T1036"/><temp name="T1065"/><temp name="T1020"/><temp name="T1157"/><temp name="T991"/><temp name="T1131"/><temp name="T1134"/><temp name="T1140"/><temp name="T1003"/><temp name="T1005"/><temp name="T1120"/><temp name="T1055"/></temps><temps name="out"><temp name="T1146"/><temp name="T1108"/><temp name="T1051"/><temp name="T113"/><temp name="T1040"/><temp name="T1074"/><temp name="T1123"/><temp name="T1080"/><temp name="T980"/><temp name="T1060"/><temp name="T1071"/><temp name="T1086"/><temp name="T1125"/><temp name="T988"/><temp name="T1014"/><temp name="T1011"/><temp name="T1048"/><temp name="T1111"/><temp name="T1115"/><temp name="T1000"/><temp name="T1063"/><temp name="T1032"/><temp name="T6"/><temp name="T1092"/><temp name="T1100"/><temp name="T1152"/><temp name="T995"/><temp name="T1096"/><temp name="T1026"/><temp name="T1036"/><temp name="T1065"/><temp name="T1020"/><temp name="T1157"/><temp name="T991"/><temp name="T1131"/><temp name="T1134"/><temp name="T1140"/><temp name="T1003"/><temp name="T1005"/><temp name="T1120"/><temp name="T1055"/></temps></instruction><instruction code="SETL  T1016, 1"><temps name="use"/><temps name="def"><temp name="T1016"/></temps><temps name="in"><temp name="T1146"/><temp name="T1108"/><temp name="T1051"/><temp name="T113"/><temp name="T1040"/><temp name="T1074"/><temp name="T1123"/><temp name="T1080"/><temp name="T980"/><temp name="T1060"/><temp name="T1071"/><temp name="T1086"/><temp name="T1125"/><temp name="T988"/><temp name="T1014"/><temp name="T1011"/><temp name="T1048"/><temp name="T1111"/><temp name="T1115"/><temp name="T1000"/><temp name="T1063"/><temp name="T1032"/><temp name="T6"/><temp name="T1092"/><temp name="T1100"/><temp name="T1152"/><temp name="T995"/><temp name="T1096"/><temp name="T1026"/><temp name="T1036"/><temp name="T1065"/><temp name="T1020"/><temp name="T1157"/><temp name="T991"/><temp name="T1131"/><temp name="T1134"/><temp name="T1140"/><temp name="T1003"/><temp name="T1005"/><temp name="T1120"/><temp name="T1055"/></temps><temps name="out"><temp name="T1146"/><temp name="T1108"/><temp name="T1051"/><temp name="T113"/><temp name="T1040"/><temp name="T1074"/><temp name="T1123"/><temp name="T1080"/><temp name="T980"/><temp name="T1060"/><temp name="T1071"/><temp name="T1086"/><temp name="T1125"/><temp name="T988"/><temp name="T1014"/><temp name="T1011"/><temp name="T1048"/><temp name="T1111"/><temp name="T1115"/><temp name="T1000"/><temp name="T1063"/><temp name="T1032"/><temp name="T6"/><temp name="T1092"/><temp name="T1100"/><temp name="T1152"/><temp name="T995"/><temp name="T1096"/><temp name="T1026"/><temp name="T1036"/><temp name="T1065"/><temp name="T1020"/><temp name="T1157"/><temp name="T991"/><temp name="T1131"/><temp name="T1134"/><temp name="T1140"/><temp name="T1003"/><temp name="T1005"/><temp name="T1120"/><temp name="T1055"/></temps></instruction><instruction code="INCML T1016, 0"><temps name="use"/><temps name="def"><temp name="T1016"/></temps><temps name="in"><temp name="T1146"/><temp name="T1108"/><temp name="T1051"/><temp name="T113"/><temp name="T1040"/><temp name="T1074"/><temp name="T1123"/><temp name="T1080"/><temp name="T980"/><temp name="T1060"/><temp name="T1071"/><temp name="T1086"/><temp name="T1125"/><temp name="T988"/><temp name="T1014"/><temp name="T1011"/><temp name="T1048"/><temp name="T1111"/><temp name="T1115"/><temp name="T1000"/><temp name="T1063"/><temp name="T1032"/><temp name="T6"/><temp name="T1092"/><temp name="T1100"/><temp name="T1152"/><temp name="T995"/><temp name="T1096"/><temp name="T1026"/><temp name="T1036"/><temp name="T1065"/><temp name="T1020"/><temp name="T1157"/><temp name="T991"/><temp name="T1131"/><temp name="T1134"/><temp name="T1140"/><temp name="T1003"/><temp name="T1005"/><temp name="T1120"/><temp name="T1055"/></temps><temps name="out"><temp name="T1146"/><temp name="T1108"/><temp name="T1051"/><temp name="T113"/><temp name="T1040"/><temp name="T1074"/><temp name="T1123"/><temp name="T1080"/><temp name="T980"/><temp name="T1060"/><temp name="T1071"/><temp name="T1086"/><temp name="T1125"/><temp name="T988"/><temp name="T1014"/><temp name="T1011"/><temp name="T1048"/><temp name="T1111"/><temp name="T1115"/><temp name="T1000"/><temp name="T1063"/><temp name="T1032"/><temp name="T6"/><temp name="T1092"/><temp name="T1100"/><temp name="T1152"/><temp name="T995"/><temp name="T1096"/><temp name="T1026"/><temp name="T1036"/><temp name="T1065"/><temp name="T1020"/><temp name="T1157"/><temp name="T991"/><temp name="T1131"/><temp name="T1134"/><temp name="T1140"/><temp name="T1003"/><temp name="T1005"/><temp name="T1120"/><temp name="T1055"/></temps></instruction><instruction code="INCMH T1016, 0"><temps name="use"/><temps name="def"><temp name="T1016"/></temps><temps name="in"><temp name="T1146"/><temp name="T1108"/><temp name="T1051"/><temp name="T113"/><temp name="T1040"/><temp name="T1074"/><temp name="T1123"/><temp name="T1080"/><temp name="T980"/><temp name="T1060"/><temp name="T1071"/><temp name="T1086"/><temp name="T1125"/><temp name="T988"/><temp name="T1014"/><temp name="T1011"/><temp name="T1048"/><temp name="T1111"/><temp name="T1115"/><temp name="T1000"/><temp name="T1063"/><temp name="T1032"/><temp name="T6"/><temp name="T1092"/><temp name="T1100"/><temp name="T1152"/><temp name="T995"/><temp name="T1096"/><temp name="T1026"/><temp name="T1036"/><temp name="T1065"/><temp name="T1020"/><temp name="T1157"/><temp name="T991"/><temp name="T1131"/><temp name="T1134"/><temp name="T1140"/><temp name="T1003"/><temp name="T1005"/><temp name="T1120"/><temp name="T1055"/></temps><temps name="out"><temp name="T1146"/><temp name="T1108"/><temp name="T1051"/><temp name="T113"/><temp name="T1040"/><temp name="T1074"/><temp name="T1123"/><temp name="T1080"/><temp name="T980"/><temp name="T1060"/><temp name="T1071"/><temp name="T1086"/><temp name="T1125"/><temp name="T988"/><temp name="T1014"/><temp name="T1011"/><temp name="T1048"/><temp name="T1111"/><temp name="T1115"/><temp name="T1000"/><temp name="T1063"/><temp name="T1032"/><temp name="T6"/><temp name="T1092"/><temp name="T1100"/><temp name="T1152"/><temp name="T995"/><temp name="T1096"/><temp name="T1026"/><temp name="T1036"/><temp name="T1065"/><temp name="T1020"/><temp name="T1157"/><temp name="T991"/><temp name="T1131"/><temp name="T1134"/><temp name="T1140"/><temp name="T1003"/><temp name="T1005"/><temp name="T1120"/><temp name="T1055"/></temps></instruction><instruction code="INCH  T1016, 0"><temps name="use"/><temps name="def"><temp name="T1016"/></temps><temps name="in"><temp name="T1146"/><temp name="T1108"/><temp name="T1051"/><temp name="T113"/><temp name="T1040"/><temp name="T1074"/><temp name="T1123"/><temp name="T1080"/><temp name="T980"/><temp name="T1060"/><temp name="T1071"/><temp name="T1086"/><temp name="T1125"/><temp name="T988"/><temp name="T1014"/><temp name="T1011"/><temp name="T1048"/><temp name="T1111"/><temp name="T1115"/><temp name="T1000"/><temp name="T1063"/><temp name="T1032"/><temp name="T6"/><temp name="T1092"/><temp name="T1100"/><temp name="T1152"/><temp name="T995"/><temp name="T1096"/><temp name="T1026"/><temp name="T1036"/><temp name="T1065"/><temp name="T1020"/><temp name="T1157"/><temp name="T991"/><temp name="T1131"/><temp name="T1134"/><temp name="T1140"/><temp name="T1003"/><temp name="T1005"/><temp name="T1120"/><temp name="T1055"/></temps><temps name="out"><temp name="T1146"/><temp name="T1108"/><temp name="T1051"/><temp name="T113"/><temp name="T1040"/><temp name="T1074"/><temp name="T1123"/><temp name="T1080"/><temp name="T980"/><temp name="T1060"/><temp name="T1071"/><temp name="T1086"/><temp name="T1125"/><temp name="T988"/><temp name="T1014"/><temp name="T1011"/><temp name="T1048"/><temp name="T1111"/><temp name="T1115"/><temp name="T1000"/><temp name="T1063"/><temp name="T1032"/><temp name="T6"/><temp name="T1092"/><temp name="T1100"/><temp name="T1152"/><temp name="T995"/><temp name="T1096"/><temp name="T1026"/><temp name="T1036"/><temp name="T1065"/><temp name="T1020"/><temp name="T1157"/><temp name="T1016"/><temp name="T991"/><temp name="T1131"/><temp name="T1134"/><temp name="T1140"/><temp name="T1003"/><temp name="T1005"/><temp name="T1120"/><temp name="T1055"/></temps></instruction><instruction code="OR T114, T1016, 0"><temps name="use"><temp name="T1016"/></temps><temps name="def"><temp name="T114"/></temps><temps name="in"><temp name="T1146"/><temp name="T1108"/><temp name="T1051"/><temp name="T113"/><temp name="T1040"/><temp name="T1074"/><temp name="T1123"/><temp name="T1080"/><temp name="T980"/><temp name="T1060"/><temp name="T1071"/><temp name="T1086"/><temp name="T1125"/><temp name="T988"/><temp name="T1014"/><temp name="T1011"/><temp name="T1048"/><temp name="T1111"/><temp name="T1115"/><temp name="T1000"/><temp name="T1063"/><temp name="T1032"/><temp name="T6"/><temp name="T1092"/><temp name="T1100"/><temp name="T1152"/><temp name="T995"/><temp name="T1096"/><temp name="T1026"/><temp name="T1036"/><temp name="T1065"/><temp name="T1020"/><temp name="T1157"/><temp name="T1016"/><temp name="T991"/><temp name="T1131"/><temp name="T1134"/><temp name="T1140"/><temp name="T1003"/><temp name="T1005"/><temp name="T1120"/><temp name="T1055"/></temps><temps name="out"><temp name="T1146"/><temp name="T1108"/><temp name="T1051"/><temp name="T113"/><temp name="T1040"/><temp name="T1074"/><temp name="T1123"/><temp name="T1080"/><temp name="T980"/><temp name="T1060"/><temp name="T1071"/><temp name="T1086"/><temp name="T1125"/><temp name="T988"/><temp name="T1014"/><temp name="T1011"/><temp name="T1048"/><temp name="T1111"/><temp name="T1115"/><temp name="T1000"/><temp name="T1063"/><temp name="T1032"/><temp name="T6"/><temp name="T1092"/><temp name="T1100"/><temp name="T1152"/><temp name="T995"/><temp name="T1096"/><temp name="T114"/><temp name="T1026"/><temp name="T1036"/><temp name="T1065"/><temp name="T1020"/><temp name="T1157"/><temp name="T991"/><temp name="T1131"/><temp name="T1134"/><temp name="T1140"/><temp name="T1003"/><temp name="T1005"/><temp name="T1120"/><temp name="T1055"/></temps></instruction><instruction code="ADD T1017, T113, T114"><temps name="use"><temp name="T113"/><temp name="T114"/></temps><temps name="def"><temp name="T1017"/></temps><temps name="in"><temp name="T1146"/><temp name="T1108"/><temp name="T1051"/><temp name="T113"/><temp name="T1040"/><temp name="T1074"/><temp name="T1123"/><temp name="T1080"/><temp name="T980"/><temp name="T1060"/><temp name="T1071"/><temp name="T1086"/><temp name="T1125"/><temp name="T988"/><temp name="T1014"/><temp name="T1011"/><temp name="T1048"/><temp name="T1111"/><temp name="T1115"/><temp name="T1000"/><temp name="T1063"/><temp name="T1032"/><temp name="T6"/><temp name="T1092"/><temp name="T1100"/><temp name="T1152"/><temp name="T995"/><temp name="T1096"/><temp name="T114"/><temp name="T1026"/><temp name="T1036"/><temp name="T1065"/><temp name="T1020"/><temp name="T1157"/><temp name="T991"/><temp name="T1131"/><temp name="T1134"/><temp name="T1140"/><temp name="T1003"/><temp name="T1005"/><temp name="T1120"/><temp name="T1055"/></temps><temps name="out"><temp name="T1146"/><temp name="T1108"/><temp name="T1051"/><temp name="T1040"/><temp name="T1074"/><temp name="T1123"/><temp name="T1080"/><temp name="T980"/><temp name="T1060"/><temp name="T1071"/><temp name="T1086"/><temp name="T1125"/><temp name="T988"/><temp name="T1014"/><temp name="T1011"/><temp name="T1048"/><temp name="T1111"/><temp name="T1115"/><temp name="T1000"/><temp name="T1063"/><temp name="T1032"/><temp name="T1017"/><temp name="T6"/><temp name="T1092"/><temp name="T1100"/><temp name="T1152"/><temp name="T995"/><temp name="T1096"/><temp name="T1026"/><temp name="T1036"/><temp name="T1065"/><temp name="T1020"/><temp name="T1157"/><temp name="T991"/><temp name="T1131"/><temp name="T1134"/><temp name="T1140"/><temp name="T1003"/><temp name="T1005"/><temp name="T1120"/><temp name="T1055"/></temps></instruction><instruction code="OR T115, T1017, 0"><temps name="use"><temp name="T1017"/></temps><temps name="def"><temp name="T115"/></temps><temps name="in"><temp name="T1146"/><temp name="T1108"/><temp name="T1051"/><temp name="T1040"/><temp name="T1074"/><temp name="T1123"/><temp name="T1080"/><temp name="T980"/><temp name="T1060"/><temp name="T1071"/><temp name="T1086"/><temp name="T1125"/><temp name="T988"/><temp name="T1014"/><temp name="T1011"/><temp name="T1048"/><temp name="T1111"/><temp name="T1115"/><temp name="T1000"/><temp name="T1063"/><temp name="T1032"/><temp name="T1017"/><temp name="T6"/><temp name="T1092"/><temp name="T1100"/><temp name="T1152"/><temp name="T995"/><temp name="T1096"/><temp name="T1026"/><temp name="T1036"/><temp name="T1065"/><temp name="T1020"/><temp name="T1157"/><temp name="T991"/><temp name="T1131"/><temp name="T1134"/><temp name="T1140"/><temp name="T1003"/><temp name="T1005"/><temp name="T1120"/><temp name="T1055"/></temps><temps name="out"><temp name="T1146"/><temp name="T1108"/><temp name="T1051"/><temp name="T1040"/><temp name="T1074"/><temp name="T1123"/><temp name="T1080"/><temp name="T980"/><temp name="T1060"/><temp name="T1071"/><temp name="T1086"/><temp name="T1125"/><temp name="T115"/><temp name="T988"/><temp name="T1014"/><temp name="T1011"/><temp name="T1048"/><temp name="T1111"/><temp name="T1115"/><temp name="T1000"/><temp name="T1063"/><temp name="T1032"/><temp name="T6"/><temp name="T1092"/><temp name="T1100"/><temp name="T1152"/><temp name="T995"/><temp name="T1096"/><temp name="T1026"/><temp name="T1036"/><temp name="T1065"/><temp name="T1020"/><temp name="T1157"/><temp name="T991"/><temp name="T1131"/><temp name="T1134"/><temp name="T1140"/><temp name="T1003"/><temp name="T1005"/><temp name="T1120"/><temp name="T1055"/></temps></instruction><instruction code="LDO T1021, T1020, 0"><temps name="use"><temp name="T1020"/></temps><temps name="def"><temp name="T1021"/></temps><temps name="in"><temp name="T1146"/><temp name="T1108"/><temp name="T1051"/><temp name="T1040"/><temp name="T1074"/><temp name="T1123"/><temp name="T1080"/><temp name="T980"/><temp name="T1060"/><temp name="T1071"/><temp name="T1086"/><temp name="T1125"/><temp name="T115"/><temp name="T988"/><temp name="T1014"/><temp name="T1011"/><temp name="T1048"/><temp name="T1111"/><temp name="T1115"/><temp name="T1000"/><temp name="T1063"/><temp name="T1032"/><temp name="T6"/><temp name="T1092"/><temp name="T1100"/><temp name="T1152"/><temp name="T995"/><temp name="T1096"/><temp name="T1026"/><temp name="T1036"/><temp name="T1065"/><temp name="T1020"/><temp name="T1157"/><temp name="T991"/><temp name="T1131"/><temp name="T1134"/><temp name="T1140"/><temp name="T1003"/><temp name="T1005"/><temp name="T1120"/><temp name="T1055"/></temps><temps name="out"><temp name="T1146"/><temp name="T1108"/><temp name="T1051"/><temp name="T1040"/><temp name="T1021"/><temp name="T1074"/><temp name="T1123"/><temp name="T1080"/><temp name="T980"/><temp name="T1060"/><temp name="T1071"/><temp name="T1086"/><temp name="T1125"/><temp name="T115"/><temp name="T988"/><temp name="T1014"/><temp name="T1011"/><temp name="T1048"/><temp name="T1111"/><temp name="T1115"/><temp name="T1000"/><temp name="T1063"/><temp name="T1032"/><temp name="T6"/><temp name="T1092"/><temp name="T1100"/><temp name="T1152"/><temp name="T995"/><temp name="T1096"/><temp name="T1026"/><temp name="T1036"/><temp name="T1065"/><temp name="T1020"/><temp name="T1157"/><temp name="T991"/><temp name="T1131"/><temp name="T1134"/><temp name="T1140"/><temp name="T1003"/><temp name="T1005"/><temp name="T1120"/><temp name="T1055"/></temps></instruction><instruction code="STO T1021, T115, 0"><temps name="use"><temp name="T1021"/><temp name="T115"/></temps><temps name="def"/><temps name="in"><temp name="T1146"/><temp name="T1108"/><temp name="T1051"/><temp name="T1040"/><temp name="T1021"/><temp name="T1074"/><temp name="T1123"/><temp name="T1080"/><temp name="T980"/><temp name="T1060"/><temp name="T1071"/><temp name="T1086"/><temp name="T1125"/><temp name="T115"/><temp name="T988"/><temp name="T1014"/><temp name="T1011"/><temp name="T1048"/><temp name="T1111"/><temp name="T1115"/><temp name="T1000"/><temp name="T1063"/><temp name="T1032"/><temp name="T6"/><temp name="T1092"/><temp name="T1100"/><temp name="T1152"/><temp name="T995"/><temp name="T1096"/><temp name="T1026"/><temp name="T1036"/><temp name="T1065"/><temp name="T1020"/><temp name="T1157"/><temp name="T991"/><temp name="T1131"/><temp name="T1134"/><temp name="T1140"/><temp name="T1003"/><temp name="T1005"/><temp name="T1120"/><temp name="T1055"/></temps><temps name="out"><temp name="T1146"/><temp name="T1108"/><temp name="T1051"/><temp name="T1040"/><temp name="T1074"/><temp name="T1123"/><temp name="T1080"/><temp name="T980"/><temp name="T1060"/><temp name="T1071"/><temp name="T1086"/><temp name="T1125"/><temp name="T988"/><temp name="T1014"/><temp name="T1011"/><temp name="T1048"/><temp name="T1111"/><temp name="T1115"/><temp name="T1000"/><temp name="T1063"/><temp name="T1032"/><temp name="T6"/><temp name="T1092"/><temp name="T1100"/><temp name="T1152"/><temp name="T995"/><temp name="T1096"/><temp name="T1026"/><temp name="T1036"/><temp name="T1065"/><temp name="T1020"/><temp name="T1157"/><temp name="T991"/><temp name="T1131"/><temp name="T1134"/><temp name="T1140"/><temp name="T1003"/><temp name="T1005"/><temp name="T1120"/><temp name="T1055"/></temps></instruction><instruction code="LDA T1022, L12"><temps name="use"/><temps name="def"><temp name="T1022"/></temps><temps name="in"><temp name="T1146"/><temp name="T1108"/><temp name="T1051"/><temp name="T1040"/><temp name="T1074"/><temp name="T1123"/><temp name="T1080"/><temp name="T980"/><temp name="T1060"/><temp name="T1071"/><temp name="T1086"/><temp name="T1125"/><temp name="T988"/><temp name="T1014"/><temp name="T1011"/><temp name="T1048"/><temp name="T1111"/><temp name="T1115"/><temp name="T1000"/><temp name="T1063"/><temp name="T1032"/><temp name="T6"/><temp name="T1092"/><temp name="T1100"/><temp name="T1152"/><temp name="T995"/><temp name="T1096"/><temp name="T1026"/><temp name="T1036"/><temp name="T1065"/><temp name="T1020"/><temp name="T1157"/><temp name="T991"/><temp name="T1131"/><temp name="T1134"/><temp name="T1140"/><temp name="T1003"/><temp name="T1005"/><temp name="T1120"/><temp name="T1055"/></temps><temps name="out"><temp name="T1146"/><temp name="T1108"/><temp name="T1051"/><temp name="T1040"/><temp name="T1074"/><temp name="T1123"/><temp name="T1022"/><temp name="T1080"/><temp name="T980"/><temp name="T1060"/><temp name="T1071"/><temp name="T1086"/><temp name="T1125"/><temp name="T988"/><temp name="T1014"/><temp name="T1011"/><temp name="T1048"/><temp name="T1111"/><temp name="T1115"/><temp name="T1000"/><temp name="T1063"/><temp name="T1032"/><temp name="T6"/><temp name="T1092"/><temp name="T1100"/><temp name="T1152"/><temp name="T995"/><temp name="T1096"/><temp name="T1026"/><temp name="T1036"/><temp name="T1065"/><temp name="T1020"/><temp name="T1157"/><temp name="T991"/><temp name="T1131"/><temp name="T1134"/><temp name="T1140"/><temp name="T1003"/><temp name="T1005"/><temp name="T1120"/><temp name="T1055"/></temps></instruction><instruction code="GO T1022, T1022, 0"><temps name="use"><temp name="T1022"/></temps><temps name="def"><temp name="T1022"/></temps><temps name="in"><temp name="T1146"/><temp name="T1108"/><temp name="T1051"/><temp name="T1040"/><temp name="T1074"/><temp name="T1123"/><temp name="T1022"/><temp name="T1080"/><temp name="T980"/><temp name="T1060"/><temp name="T1071"/><temp name="T1086"/><temp name="T1125"/><temp name="T988"/><temp name="T1014"/><temp name="T1011"/><temp name="T1048"/><temp name="T1111"/><temp name="T1115"/><temp name="T1000"/><temp name="T1063"/><temp name="T1032"/><temp name="T6"/><temp name="T1092"/><temp name="T1100"/><temp name="T1152"/><temp name="T995"/><temp name="T1096"/><temp name="T1026"/><temp name="T1036"/><temp name="T1065"/><temp name="T1020"/><temp name="T1157"/><temp name="T991"/><temp name="T1131"/><temp name="T1134"/><temp name="T1140"/><temp name="T1003"/><temp name="T1005"/><temp name="T1120"/><temp name="T1055"/></temps><temps name="out"><temp name="T1146"/><temp name="T1108"/><temp name="T1051"/><temp name="T1040"/><temp name="T1074"/><temp name="T1123"/><temp name="T1080"/><temp name="T980"/><temp name="T1060"/><temp name="T1071"/><temp name="T1086"/><temp name="T1125"/><temp name="T988"/><temp name="T1014"/><temp name="T1011"/><temp name="T1048"/><temp name="T1111"/><temp name="T1115"/><temp name="T1000"/><temp name="T1063"/><temp name="T1032"/><temp name="T6"/><temp name="T1092"/><temp name="T1100"/><temp name="T1152"/><temp name="T995"/><temp name="T1096"/><temp name="T1026"/><temp name="T1036"/><temp name="T1065"/><temp name="T1020"/><temp name="T1157"/><temp name="T991"/><temp name="T1131"/><temp name="T1134"/><temp name="T1140"/><temp name="T1003"/><temp name="T1005"/><temp name="T1120"/><temp name="T1055"/></temps></instruction><instruction code="L14"><temps name="use"/><temps name="def"/><temps name="in"><temp name="T1146"/><temp name="T1108"/><temp name="T1051"/><temp name="T1040"/><temp name="T1074"/><temp name="T1123"/><temp name="T1080"/><temp name="T1060"/><temp name="T1071"/><temp name="T1086"/><temp name="T1125"/><temp name="T1048"/><temp name="T1111"/><temp name="T1115"/><temp name="T1063"/><temp name="T1032"/><temp name="T6"/><temp name="T1092"/><temp name="T1100"/><temp name="T1152"/><temp name="T1096"/><temp name="T1026"/><temp name="T1036"/><temp name="T1065"/><temp name="T1157"/><temp name="T1131"/><temp name="T1134"/><temp name="T1140"/><temp name="T1120"/><temp name="T1055"/></temps><temps name="out"><temp name="T1146"/><temp name="T1108"/><temp name="T1051"/><temp name="T1040"/><temp name="T1074"/><temp name="T1123"/><temp name="T1080"/><temp name="T1060"/><temp name="T1071"/><temp name="T1086"/><temp name="T1125"/><temp name="T1048"/><temp name="T1111"/><temp name="T1115"/><temp name="T1063"/><temp name="T1032"/><temp name="T6"/><temp name="T1092"/><temp name="T1100"/><temp name="T1152"/><temp name="T1096"/><temp name="T1026"/><temp name="T1036"/><temp name="T1065"/><temp name="T1157"/><temp name="T1131"/><temp name="T1134"/><temp name="T1140"/><temp name="T1120"/><temp name="T1055"/></temps></instruction><instruction code="SETL  T1023, 0"><temps name="use"/><temps name="def"><temp name="T1023"/></temps><temps name="in"><temp name="T1146"/><temp name="T1108"/><temp name="T1051"/><temp name="T1040"/><temp name="T1074"/><temp name="T1123"/><temp name="T1080"/><temp name="T1060"/><temp name="T1071"/><temp name="T1086"/><temp name="T1125"/><temp name="T1048"/><temp name="T1111"/><temp name="T1115"/><temp name="T1063"/><temp name="T1032"/><temp name="T6"/><temp name="T1092"/><temp name="T1100"/><temp name="T1152"/><temp name="T1096"/><temp name="T1026"/><temp name="T1036"/><temp name="T1065"/><temp name="T1157"/><temp name="T1131"/><temp name="T1134"/><temp name="T1140"/><temp name="T1120"/><temp name="T1055"/></temps><temps name="out"><temp name="T1146"/><temp name="T1108"/><temp name="T1051"/><temp name="T1040"/><temp name="T1074"/><temp name="T1123"/><temp name="T1080"/><temp name="T1060"/><temp name="T1071"/><temp name="T1086"/><temp name="T1125"/><temp name="T1048"/><temp name="T1111"/><temp name="T1115"/><temp name="T1063"/><temp name="T1032"/><temp name="T6"/><temp name="T1092"/><temp name="T1100"/><temp name="T1152"/><temp name="T1096"/><temp name="T1026"/><temp name="T1036"/><temp name="T1065"/><temp name="T1157"/><temp name="T1131"/><temp name="T1134"/><temp name="T1140"/><temp name="T1120"/><temp name="T1055"/></temps></instruction><instruction code="INCML T1023, 0"><temps name="use"/><temps name="def"><temp name="T1023"/></temps><temps name="in"><temp name="T1146"/><temp name="T1108"/><temp name="T1051"/><temp name="T1040"/><temp name="T1074"/><temp name="T1123"/><temp name="T1080"/><temp name="T1060"/><temp name="T1071"/><temp name="T1086"/><temp name="T1125"/><temp name="T1048"/><temp name="T1111"/><temp name="T1115"/><temp name="T1063"/><temp name="T1032"/><temp name="T6"/><temp name="T1092"/><temp name="T1100"/><temp name="T1152"/><temp name="T1096"/><temp name="T1026"/><temp name="T1036"/><temp name="T1065"/><temp name="T1157"/><temp name="T1131"/><temp name="T1134"/><temp name="T1140"/><temp name="T1120"/><temp name="T1055"/></temps><temps name="out"><temp name="T1146"/><temp name="T1108"/><temp name="T1051"/><temp name="T1040"/><temp name="T1074"/><temp name="T1123"/><temp name="T1080"/><temp name="T1060"/><temp name="T1071"/><temp name="T1086"/><temp name="T1125"/><temp name="T1048"/><temp name="T1111"/><temp name="T1115"/><temp name="T1063"/><temp name="T1032"/><temp name="T6"/><temp name="T1092"/><temp name="T1100"/><temp name="T1152"/><temp name="T1096"/><temp name="T1026"/><temp name="T1036"/><temp name="T1065"/><temp name="T1157"/><temp name="T1131"/><temp name="T1134"/><temp name="T1140"/><temp name="T1120"/><temp name="T1055"/></temps></instruction><instruction code="INCMH T1023, 0"><temps name="use"/><temps name="def"><temp name="T1023"/></temps><temps name="in"><temp name="T1146"/><temp name="T1108"/><temp name="T1051"/><temp name="T1040"/><temp name="T1074"/><temp name="T1123"/><temp name="T1080"/><temp name="T1060"/><temp name="T1071"/><temp name="T1086"/><temp name="T1125"/><temp name="T1048"/><temp name="T1111"/><temp name="T1115"/><temp name="T1063"/><temp name="T1032"/><temp name="T6"/><temp name="T1092"/><temp name="T1100"/><temp name="T1152"/><temp name="T1096"/><temp name="T1026"/><temp name="T1036"/><temp name="T1065"/><temp name="T1157"/><temp name="T1131"/><temp name="T1134"/><temp name="T1140"/><temp name="T1120"/><temp name="T1055"/></temps><temps name="out"><temp name="T1146"/><temp name="T1108"/><temp name="T1051"/><temp name="T1040"/><temp name="T1074"/><temp name="T1123"/><temp name="T1080"/><temp name="T1060"/><temp name="T1071"/><temp name="T1086"/><temp name="T1125"/><temp name="T1048"/><temp name="T1111"/><temp name="T1115"/><temp name="T1063"/><temp name="T1032"/><temp name="T6"/><temp name="T1092"/><temp name="T1100"/><temp name="T1152"/><temp name="T1096"/><temp name="T1026"/><temp name="T1036"/><temp name="T1065"/><temp name="T1157"/><temp name="T1131"/><temp name="T1134"/><temp name="T1140"/><temp name="T1120"/><temp name="T1055"/></temps></instruction><instruction code="INCH  T1023, 0"><temps name="use"/><temps name="def"><temp name="T1023"/></temps><temps name="in"><temp name="T1146"/><temp name="T1108"/><temp name="T1051"/><temp name="T1040"/><temp name="T1074"/><temp name="T1123"/><temp name="T1080"/><temp name="T1060"/><temp name="T1071"/><temp name="T1086"/><temp name="T1125"/><temp name="T1048"/><temp name="T1111"/><temp name="T1115"/><temp name="T1063"/><temp name="T1032"/><temp name="T6"/><temp name="T1092"/><temp name="T1100"/><temp name="T1152"/><temp name="T1096"/><temp name="T1026"/><temp name="T1036"/><temp name="T1065"/><temp name="T1157"/><temp name="T1131"/><temp name="T1134"/><temp name="T1140"/><temp name="T1120"/><temp name="T1055"/></temps><temps name="out"><temp name="T1146"/><temp name="T1108"/><temp name="T1051"/><temp name="T1040"/><temp name="T1074"/><temp name="T1123"/><temp name="T1080"/><temp name="T1060"/><temp name="T1071"/><temp name="T1086"/><temp name="T1125"/><temp name="T1048"/><temp name="T1111"/><temp name="T1115"/><temp name="T1063"/><temp name="T1032"/><temp name="T6"/><temp name="T1092"/><temp name="T1100"/><temp name="T1152"/><temp name="T1023"/><temp name="T1096"/><temp name="T1026"/><temp name="T1036"/><temp name="T1065"/><temp name="T1157"/><temp name="T1131"/><temp name="T1134"/><temp name="T1140"/><temp name="T1120"/><temp name="T1055"/></temps></instruction><instruction code="OR T116, T1023, 0"><temps name="use"><temp name="T1023"/></temps><temps name="def"><temp name="T116"/></temps><temps name="in"><temp name="T1146"/><temp name="T1108"/><temp name="T1051"/><temp name="T1040"/><temp name="T1074"/><temp name="T1123"/><temp name="T1080"/><temp name="T1060"/><temp name="T1071"/><temp name="T1086"/><temp name="T1125"/><temp name="T1048"/><temp name="T1111"/><temp name="T1115"/><temp name="T1063"/><temp name="T1032"/><temp name="T6"/><temp name="T1092"/><temp name="T1100"/><temp name="T1152"/><temp name="T1023"/><temp name="T1096"/><temp name="T1026"/><temp name="T1036"/><temp name="T1065"/><temp name="T1157"/><temp name="T1131"/><temp name="T1134"/><temp name="T1140"/><temp name="T1120"/><temp name="T1055"/></temps><temps name="out"><temp name="T1146"/><temp name="T1108"/><temp name="T1051"/><temp name="T1040"/><temp name="T1074"/><temp name="T1123"/><temp name="T1080"/><temp name="T116"/><temp name="T1060"/><temp name="T1071"/><temp name="T1086"/><temp name="T1125"/><temp name="T1048"/><temp name="T1111"/><temp name="T1115"/><temp name="T1063"/><temp name="T1032"/><temp name="T6"/><temp name="T1092"/><temp name="T1100"/><temp name="T1152"/><temp name="T1096"/><temp name="T1026"/><temp name="T1036"/><temp name="T1065"/><temp name="T1157"/><temp name="T1131"/><temp name="T1134"/><temp name="T1140"/><temp name="T1120"/><temp name="T1055"/></temps></instruction><instruction code="LDA T1024, L15"><temps name="use"/><temps name="def"><temp name="T1024"/></temps><temps name="in"><temp name="T1146"/><temp name="T1108"/><temp name="T1051"/><temp name="T1040"/><temp name="T1074"/><temp name="T1123"/><temp name="T1080"/><temp name="T116"/><temp name="T1060"/><temp name="T1071"/><temp name="T1086"/><temp name="T1125"/><temp name="T1048"/><temp name="T1111"/><temp name="T1115"/><temp name="T1063"/><temp name="T1032"/><temp name="T6"/><temp name="T1092"/><temp name="T1100"/><temp name="T1152"/><temp name="T1096"/><temp name="T1026"/><temp name="T1036"/><temp name="T1065"/><temp name="T1157"/><temp name="T1131"/><temp name="T1134"/><temp name="T1140"/><temp name="T1120"/><temp name="T1055"/></temps><temps name="out"><temp name="T1146"/><temp name="T1108"/><temp name="T1051"/><temp name="T1040"/><temp name="T1074"/><temp name="T1123"/><temp name="T1024"/><temp name="T1080"/><temp name="T116"/><temp name="T1060"/><temp name="T1071"/><temp name="T1086"/><temp name="T1125"/><temp name="T1048"/><temp name="T1111"/><temp name="T1115"/><temp name="T1063"/><temp name="T1032"/><temp name="T6"/><temp name="T1092"/><temp name="T1100"/><temp name="T1152"/><temp name="T1096"/><temp name="T1026"/><temp name="T1036"/><temp name="T1065"/><temp name="T1157"/><temp name="T1131"/><temp name="T1134"/><temp name="T1140"/><temp name="T1120"/><temp name="T1055"/></temps></instruction><instruction code="OR T117, T1024, 0"><temps name="use"><temp name="T1024"/></temps><temps name="def"><temp name="T117"/></temps><temps name="in"><temp name="T1146"/><temp name="T1108"/><temp name="T1051"/><temp name="T1040"/><temp name="T1074"/><temp name="T1123"/><temp name="T1024"/><temp name="T1080"/><temp name="T116"/><temp name="T1060"/><temp name="T1071"/><temp name="T1086"/><temp name="T1125"/><temp name="T1048"/><temp name="T1111"/><temp name="T1115"/><temp name="T1063"/><temp name="T1032"/><temp name="T6"/><temp name="T1092"/><temp name="T1100"/><temp name="T1152"/><temp name="T1096"/><temp name="T1026"/><temp name="T1036"/><temp name="T1065"/><temp name="T1157"/><temp name="T1131"/><temp name="T1134"/><temp name="T1140"/><temp name="T1120"/><temp name="T1055"/></temps><temps name="out"><temp name="T1146"/><temp name="T1108"/><temp name="T1051"/><temp name="T1040"/><temp name="T1074"/><temp name="T1123"/><temp name="T1080"/><temp name="T116"/><temp name="T1060"/><temp name="T1071"/><temp name="T1086"/><temp name="T1125"/><temp name="T1048"/><temp name="T1111"/><temp name="T1115"/><temp name="T1063"/><temp name="T1032"/><temp name="T6"/><temp name="T1092"/><temp name="T1100"/><temp name="T1152"/><temp name="T1096"/><temp name="T1026"/><temp name="T1036"/><temp name="T1065"/><temp name="T1157"/><temp name="T1131"/><temp name="T117"/><temp name="T1134"/><temp name="T1140"/><temp name="T1120"/><temp name="T1055"/></temps></instruction><instruction code="STO T116, $254, 8"><temps name="use"><temp name="T116"/></temps><temps name="def"/><temps name="in"><temp name="T1146"/><temp name="T1108"/><temp name="T1051"/><temp name="T1040"/><temp name="T1074"/><temp name="T1123"/><temp name="T1080"/><temp name="T116"/><temp name="T1060"/><temp name="T1071"/><temp name="T1086"/><temp name="T1125"/><temp name="T1048"/><temp name="T1111"/><temp name="T1115"/><temp name="T1063"/><temp name="T1032"/><temp name="T6"/><temp name="T1092"/><temp name="T1100"/><temp name="T1152"/><temp name="T1096"/><temp name="T1026"/><temp name="T1036"/><temp name="T1065"/><temp name="T1157"/><temp name="T1131"/><temp name="T117"/><temp name="T1134"/><temp name="T1140"/><temp name="T1120"/><temp name="T1055"/></temps><temps name="out"><temp name="T1146"/><temp name="T1108"/><temp name="T1051"/><temp name="T1040"/><temp name="T1074"/><temp name="T1123"/><temp name="T1080"/><temp name="T1060"/><temp name="T1071"/><temp name="T1086"/><temp name="T1125"/><temp name="T1048"/><temp name="T1111"/><temp name="T1115"/><temp name="T1063"/><temp name="T1032"/><temp name="T6"/><temp name="T1092"/><temp name="T1100"/><temp name="T1152"/><temp name="T1096"/><temp name="T1026"/><temp name="T1036"/><temp name="T1065"/><temp name="T1157"/><temp name="T1131"/><temp name="T117"/><temp name="T1134"/><temp name="T1140"/><temp name="T1120"/><temp name="T1055"/></temps></instruction><instruction code="STO T117, $254, 16"><temps name="use"><temp name="T117"/></temps><temps name="def"/><temps name="in"><temp name="T1146"/><temp name="T1108"/><temp name="T1051"/><temp name="T1040"/><temp name="T1074"/><temp name="T1123"/><temp name="T1080"/><temp name="T1060"/><temp name="T1071"/><temp name="T1086"/><temp name="T1125"/><temp name="T1048"/><temp name="T1111"/><temp name="T1115"/><temp name="T1063"/><temp name="T1032"/><temp name="T6"/><temp name="T1092"/><temp name="T1100"/><temp name="T1152"/><temp name="T1096"/><temp name="T1026"/><temp name="T1036"/><temp name="T1065"/><temp name="T1157"/><temp name="T1131"/><temp name="T117"/><temp name="T1134"/><temp name="T1140"/><temp name="T1120"/><temp name="T1055"/></temps><temps name="out"><temp name="T1146"/><temp name="T1108"/><temp name="T1051"/><temp name="T1040"/><temp name="T1074"/><temp name="T1123"/><temp name="T1080"/><temp name="T1060"/><temp name="T1071"/><temp name="T1086"/><temp name="T1125"/><temp name="T1048"/><temp name="T1111"/><temp name="T1115"/><temp name="T1063"/><temp name="T1032"/><temp name="T6"/><temp name="T1092"/><temp name="T1100"/><temp name="T1152"/><temp name="T1096"/><temp name="T1026"/><temp name="T1036"/><temp name="T1065"/><temp name="T1157"/><temp name="T1131"/><temp name="T1134"/><temp name="T1140"/><temp name="T1120"/><temp name="T1055"/></temps></instruction><instruction code="LDA T1025, _putString"><temps name="use"/><temps name="def"><temp name="T1025"/></temps><temps name="in"><temp name="T1146"/><temp name="T1108"/><temp name="T1051"/><temp name="T1040"/><temp name="T1074"/><temp name="T1123"/><temp name="T1080"/><temp name="T1060"/><temp name="T1071"/><temp name="T1086"/><temp name="T1125"/><temp name="T1048"/><temp name="T1111"/><temp name="T1115"/><temp name="T1063"/><temp name="T1032"/><temp name="T6"/><temp name="T1092"/><temp name="T1100"/><temp name="T1152"/><temp name="T1096"/><temp name="T1026"/><temp name="T1036"/><temp name="T1065"/><temp name="T1157"/><temp name="T1131"/><temp name="T1134"/><temp name="T1140"/><temp name="T1120"/><temp name="T1055"/></temps><temps name="out"><temp name="T1146"/><temp name="T1108"/><temp name="T1025"/><temp name="T1051"/><temp name="T1040"/><temp name="T1074"/><temp name="T1123"/><temp name="T1080"/><temp name="T1060"/><temp name="T1071"/><temp name="T1086"/><temp name="T1125"/><temp name="T1048"/><temp name="T1111"/><temp name="T1115"/><temp name="T1063"/><temp name="T1032"/><temp name="T6"/><temp name="T1092"/><temp name="T1100"/><temp name="T1152"/><temp name="T1096"/><temp name="T1026"/><temp name="T1036"/><temp name="T1065"/><temp name="T1157"/><temp name="T1131"/><temp name="T1134"/><temp name="T1140"/><temp name="T1120"/><temp name="T1055"/></temps></instruction><instruction code="PUSHJ $15, T1025, 0"><temps name="use"><temp name="T1025"/></temps><temps name="def"/><temps name="in"><temp name="T1146"/><temp name="T1108"/><temp name="T1025"/><temp name="T1051"/><temp name="T1040"/><temp name="T1074"/><temp name="T1123"/><temp name="T1080"/><temp name="T1060"/><temp name="T1071"/><temp name="T1086"/><temp name="T1125"/><temp name="T1048"/><temp name="T1111"/><temp name="T1115"/><temp name="T1063"/><temp name="T1032"/><temp name="T6"/><temp name="T1092"/><temp name="T1100"/><temp name="T1152"/><temp name="T1096"/><temp name="T1026"/><temp name="T1036"/><temp name="T1065"/><temp name="T1157"/><temp name="T1131"/><temp name="T1134"/><temp name="T1140"/><temp name="T1120"/><temp name="T1055"/></temps><temps name="out"><temp name="T1146"/><temp name="T1108"/><temp name="T1051"/><temp name="T1040"/><temp name="T1074"/><temp name="T1123"/><temp name="T1080"/><temp name="T1060"/><temp name="T1071"/><temp name="T1086"/><temp name="T1125"/><temp name="T1048"/><temp name="T1111"/><temp name="T1115"/><temp name="T1063"/><temp name="T1032"/><temp name="T6"/><temp name="T1092"/><temp name="T1100"/><temp name="T1152"/><temp name="T1096"/><temp name="T1026"/><temp name="T1036"/><temp name="T1065"/><temp name="T1157"/><temp name="T1131"/><temp name="T1134"/><temp name="T1140"/><temp name="T1120"/><temp name="T1055"/></temps></instruction><instruction code="OR T118, T1026, 0"><temps name="use"><temp name="T1026"/></temps><temps name="def"><temp name="T118"/></temps><temps name="in"><temp name="T1146"/><temp name="T1108"/><temp name="T1051"/><temp name="T1040"/><temp name="T1074"/><temp name="T1123"/><temp name="T1080"/><temp name="T1060"/><temp name="T1071"/><temp name="T1086"/><temp name="T1125"/><temp name="T1048"/><temp name="T1111"/><temp name="T1115"/><temp name="T1063"/><temp name="T1032"/><temp name="T6"/><temp name="T1092"/><temp name="T1100"/><temp name="T1152"/><temp name="T1096"/><temp name="T1026"/><temp name="T1036"/><temp name="T1065"/><temp name="T1157"/><temp name="T1131"/><temp name="T1134"/><temp name="T1140"/><temp name="T1120"/><temp name="T1055"/></temps><temps name="out"><temp name="T1146"/><temp name="T1108"/><temp name="T1051"/><temp name="T1040"/><temp name="T1074"/><temp name="T1123"/><temp name="T1080"/><temp name="T1060"/><temp name="T1071"/><temp name="T1086"/><temp name="T1125"/><temp name="T1048"/><temp name="T1111"/><temp name="T1115"/><temp name="T1063"/><temp name="T1032"/><temp name="T6"/><temp name="T1092"/><temp name="T1100"/><temp name="T1152"/><temp name="T1096"/><temp name="T1036"/><temp name="T1065"/><temp name="T1157"/><temp name="T1131"/><temp name="T1134"/><temp name="T1140"/><temp name="T1120"/><temp name="T1055"/></temps></instruction><instruction code="SETL  T1027, 0"><temps name="use"/><temps name="def"><temp name="T1027"/></temps><temps name="in"><temp name="T1146"/><temp name="T1108"/><temp name="T1051"/><temp name="T1040"/><temp name="T1074"/><temp name="T1123"/><temp name="T1080"/><temp name="T1060"/><temp name="T1071"/><temp name="T1086"/><temp name="T1125"/><temp name="T1048"/><temp name="T1111"/><temp name="T1115"/><temp name="T1063"/><temp name="T1032"/><temp name="T6"/><temp name="T1092"/><temp name="T1100"/><temp name="T1152"/><temp name="T1096"/><temp name="T1036"/><temp name="T1065"/><temp name="T1157"/><temp name="T1131"/><temp name="T1134"/><temp name="T1140"/><temp name="T1120"/><temp name="T1055"/></temps><temps name="out"><temp name="T1146"/><temp name="T1108"/><temp name="T1051"/><temp name="T1040"/><temp name="T1074"/><temp name="T1123"/><temp name="T1080"/><temp name="T1060"/><temp name="T1071"/><temp name="T1086"/><temp name="T1125"/><temp name="T1048"/><temp name="T1111"/><temp name="T1115"/><temp name="T1063"/><temp name="T1032"/><temp name="T6"/><temp name="T1092"/><temp name="T1100"/><temp name="T1152"/><temp name="T1096"/><temp name="T1036"/><temp name="T1065"/><temp name="T1157"/><temp name="T1131"/><temp name="T1134"/><temp name="T1140"/><temp name="T1120"/><temp name="T1055"/></temps></instruction><instruction code="INCML T1027, 0"><temps name="use"/><temps name="def"><temp name="T1027"/></temps><temps name="in"><temp name="T1146"/><temp name="T1108"/><temp name="T1051"/><temp name="T1040"/><temp name="T1074"/><temp name="T1123"/><temp name="T1080"/><temp name="T1060"/><temp name="T1071"/><temp name="T1086"/><temp name="T1125"/><temp name="T1048"/><temp name="T1111"/><temp name="T1115"/><temp name="T1063"/><temp name="T1032"/><temp name="T6"/><temp name="T1092"/><temp name="T1100"/><temp name="T1152"/><temp name="T1096"/><temp name="T1036"/><temp name="T1065"/><temp name="T1157"/><temp name="T1131"/><temp name="T1134"/><temp name="T1140"/><temp name="T1120"/><temp name="T1055"/></temps><temps name="out"><temp name="T1146"/><temp name="T1108"/><temp name="T1051"/><temp name="T1040"/><temp name="T1074"/><temp name="T1123"/><temp name="T1080"/><temp name="T1060"/><temp name="T1071"/><temp name="T1086"/><temp name="T1125"/><temp name="T1048"/><temp name="T1111"/><temp name="T1115"/><temp name="T1063"/><temp name="T1032"/><temp name="T6"/><temp name="T1092"/><temp name="T1100"/><temp name="T1152"/><temp name="T1096"/><temp name="T1036"/><temp name="T1065"/><temp name="T1157"/><temp name="T1131"/><temp name="T1134"/><temp name="T1140"/><temp name="T1120"/><temp name="T1055"/></temps></instruction><instruction code="INCMH T1027, 0"><temps name="use"/><temps name="def"><temp name="T1027"/></temps><temps name="in"><temp name="T1146"/><temp name="T1108"/><temp name="T1051"/><temp name="T1040"/><temp name="T1074"/><temp name="T1123"/><temp name="T1080"/><temp name="T1060"/><temp name="T1071"/><temp name="T1086"/><temp name="T1125"/><temp name="T1048"/><temp name="T1111"/><temp name="T1115"/><temp name="T1063"/><temp name="T1032"/><temp name="T6"/><temp name="T1092"/><temp name="T1100"/><temp name="T1152"/><temp name="T1096"/><temp name="T1036"/><temp name="T1065"/><temp name="T1157"/><temp name="T1131"/><temp name="T1134"/><temp name="T1140"/><temp name="T1120"/><temp name="T1055"/></temps><temps name="out"><temp name="T1146"/><temp name="T1108"/><temp name="T1051"/><temp name="T1040"/><temp name="T1074"/><temp name="T1123"/><temp name="T1080"/><temp name="T1060"/><temp name="T1071"/><temp name="T1086"/><temp name="T1125"/><temp name="T1048"/><temp name="T1111"/><temp name="T1115"/><temp name="T1063"/><temp name="T1032"/><temp name="T6"/><temp name="T1092"/><temp name="T1100"/><temp name="T1152"/><temp name="T1096"/><temp name="T1036"/><temp name="T1065"/><temp name="T1157"/><temp name="T1131"/><temp name="T1134"/><temp name="T1140"/><temp name="T1120"/><temp name="T1055"/></temps></instruction><instruction code="INCH  T1027, 0"><temps name="use"/><temps name="def"><temp name="T1027"/></temps><temps name="in"><temp name="T1146"/><temp name="T1108"/><temp name="T1051"/><temp name="T1040"/><temp name="T1074"/><temp name="T1123"/><temp name="T1080"/><temp name="T1060"/><temp name="T1071"/><temp name="T1086"/><temp name="T1125"/><temp name="T1048"/><temp name="T1111"/><temp name="T1115"/><temp name="T1063"/><temp name="T1032"/><temp name="T6"/><temp name="T1092"/><temp name="T1100"/><temp name="T1152"/><temp name="T1096"/><temp name="T1036"/><temp name="T1065"/><temp name="T1157"/><temp name="T1131"/><temp name="T1134"/><temp name="T1140"/><temp name="T1120"/><temp name="T1055"/></temps><temps name="out"><temp name="T1146"/><temp name="T1108"/><temp name="T1051"/><temp name="T1040"/><temp name="T1074"/><temp name="T1123"/><temp name="T1080"/><temp name="T1060"/><temp name="T1071"/><temp name="T1027"/><temp name="T1086"/><temp name="T1125"/><temp name="T1048"/><temp name="T1111"/><temp name="T1115"/><temp name="T1063"/><temp name="T1032"/><temp name="T6"/><temp name="T1092"/><temp name="T1100"/><temp name="T1152"/><temp name="T1096"/><temp name="T1036"/><temp name="T1065"/><temp name="T1157"/><temp name="T1131"/><temp name="T1134"/><temp name="T1140"/><temp name="T1120"/><temp name="T1055"/></temps></instruction><instruction code="OR T119, T1027, 0"><temps name="use"><temp name="T1027"/></temps><temps name="def"><temp name="T119"/></temps><temps name="in"><temp name="T1146"/><temp name="T1108"/><temp name="T1051"/><temp name="T1040"/><temp name="T1074"/><temp name="T1123"/><temp name="T1080"/><temp name="T1060"/><temp name="T1071"/><temp name="T1027"/><temp name="T1086"/><temp name="T1125"/><temp name="T1048"/><temp name="T1111"/><temp name="T1115"/><temp name="T1063"/><temp name="T1032"/><temp name="T6"/><temp name="T1092"/><temp name="T1100"/><temp name="T1152"/><temp name="T1096"/><temp name="T1036"/><temp name="T1065"/><temp name="T1157"/><temp name="T1131"/><temp name="T1134"/><temp name="T1140"/><temp name="T1120"/><temp name="T1055"/></temps><temps name="out"><temp name="T1146"/><temp name="T1108"/><temp name="T1051"/><temp name="T1040"/><temp name="T1074"/><temp name="T1123"/><temp name="T1080"/><temp name="T1060"/><temp name="T1071"/><temp name="T1086"/><temp name="T1125"/><temp name="T1048"/><temp name="T1111"/><temp name="T1115"/><temp name="T1063"/><temp name="T1032"/><temp name="T6"/><temp name="T1092"/><temp name="T1100"/><temp name="T1152"/><temp name="T1096"/><temp name="T1036"/><temp name="T1065"/><temp name="T1157"/><temp name="T1131"/><temp name="T119"/><temp name="T1134"/><temp name="T1140"/><temp name="T1120"/><temp name="T1055"/></temps></instruction><instruction code="SETL  T1028, 10"><temps name="use"/><temps name="def"><temp name="T1028"/></temps><temps name="in"><temp name="T1146"/><temp name="T1108"/><temp name="T1051"/><temp name="T1040"/><temp name="T1074"/><temp name="T1123"/><temp name="T1080"/><temp name="T1060"/><temp name="T1071"/><temp name="T1086"/><temp name="T1125"/><temp name="T1048"/><temp name="T1111"/><temp name="T1115"/><temp name="T1063"/><temp name="T1032"/><temp name="T6"/><temp name="T1092"/><temp name="T1100"/><temp name="T1152"/><temp name="T1096"/><temp name="T1036"/><temp name="T1065"/><temp name="T1157"/><temp name="T1131"/><temp name="T119"/><temp name="T1134"/><temp name="T1140"/><temp name="T1120"/><temp name="T1055"/></temps><temps name="out"><temp name="T1146"/><temp name="T1108"/><temp name="T1051"/><temp name="T1040"/><temp name="T1074"/><temp name="T1123"/><temp name="T1080"/><temp name="T1060"/><temp name="T1071"/><temp name="T1086"/><temp name="T1125"/><temp name="T1048"/><temp name="T1111"/><temp name="T1115"/><temp name="T1063"/><temp name="T1032"/><temp name="T6"/><temp name="T1092"/><temp name="T1100"/><temp name="T1152"/><temp name="T1096"/><temp name="T1036"/><temp name="T1065"/><temp name="T1157"/><temp name="T1131"/><temp name="T119"/><temp name="T1134"/><temp name="T1140"/><temp name="T1120"/><temp name="T1055"/></temps></instruction><instruction code="INCML T1028, 0"><temps name="use"/><temps name="def"><temp name="T1028"/></temps><temps name="in"><temp name="T1146"/><temp name="T1108"/><temp name="T1051"/><temp name="T1040"/><temp name="T1074"/><temp name="T1123"/><temp name="T1080"/><temp name="T1060"/><temp name="T1071"/><temp name="T1086"/><temp name="T1125"/><temp name="T1048"/><temp name="T1111"/><temp name="T1115"/><temp name="T1063"/><temp name="T1032"/><temp name="T6"/><temp name="T1092"/><temp name="T1100"/><temp name="T1152"/><temp name="T1096"/><temp name="T1036"/><temp name="T1065"/><temp name="T1157"/><temp name="T1131"/><temp name="T119"/><temp name="T1134"/><temp name="T1140"/><temp name="T1120"/><temp name="T1055"/></temps><temps name="out"><temp name="T1146"/><temp name="T1108"/><temp name="T1051"/><temp name="T1040"/><temp name="T1074"/><temp name="T1123"/><temp name="T1080"/><temp name="T1060"/><temp name="T1071"/><temp name="T1086"/><temp name="T1125"/><temp name="T1048"/><temp name="T1111"/><temp name="T1115"/><temp name="T1063"/><temp name="T1032"/><temp name="T6"/><temp name="T1092"/><temp name="T1100"/><temp name="T1152"/><temp name="T1096"/><temp name="T1036"/><temp name="T1065"/><temp name="T1157"/><temp name="T1131"/><temp name="T119"/><temp name="T1134"/><temp name="T1140"/><temp name="T1120"/><temp name="T1055"/></temps></instruction><instruction code="INCMH T1028, 0"><temps name="use"/><temps name="def"><temp name="T1028"/></temps><temps name="in"><temp name="T1146"/><temp name="T1108"/><temp name="T1051"/><temp name="T1040"/><temp name="T1074"/><temp name="T1123"/><temp name="T1080"/><temp name="T1060"/><temp name="T1071"/><temp name="T1086"/><temp name="T1125"/><temp name="T1048"/><temp name="T1111"/><temp name="T1115"/><temp name="T1063"/><temp name="T1032"/><temp name="T6"/><temp name="T1092"/><temp name="T1100"/><temp name="T1152"/><temp name="T1096"/><temp name="T1036"/><temp name="T1065"/><temp name="T1157"/><temp name="T1131"/><temp name="T119"/><temp name="T1134"/><temp name="T1140"/><temp name="T1120"/><temp name="T1055"/></temps><temps name="out"><temp name="T1146"/><temp name="T1108"/><temp name="T1051"/><temp name="T1040"/><temp name="T1074"/><temp name="T1123"/><temp name="T1080"/><temp name="T1060"/><temp name="T1071"/><temp name="T1086"/><temp name="T1125"/><temp name="T1048"/><temp name="T1111"/><temp name="T1115"/><temp name="T1063"/><temp name="T1032"/><temp name="T6"/><temp name="T1092"/><temp name="T1100"/><temp name="T1152"/><temp name="T1096"/><temp name="T1036"/><temp name="T1065"/><temp name="T1157"/><temp name="T1131"/><temp name="T119"/><temp name="T1134"/><temp name="T1140"/><temp name="T1120"/><temp name="T1055"/></temps></instruction><instruction code="INCH  T1028, 0"><temps name="use"/><temps name="def"><temp name="T1028"/></temps><temps name="in"><temp name="T1146"/><temp name="T1108"/><temp name="T1051"/><temp name="T1040"/><temp name="T1074"/><temp name="T1123"/><temp name="T1080"/><temp name="T1060"/><temp name="T1071"/><temp name="T1086"/><temp name="T1125"/><temp name="T1048"/><temp name="T1111"/><temp name="T1115"/><temp name="T1063"/><temp name="T1032"/><temp name="T6"/><temp name="T1092"/><temp name="T1100"/><temp name="T1152"/><temp name="T1096"/><temp name="T1036"/><temp name="T1065"/><temp name="T1157"/><temp name="T1131"/><temp name="T119"/><temp name="T1134"/><temp name="T1140"/><temp name="T1120"/><temp name="T1055"/></temps><temps name="out"><temp name="T1146"/><temp name="T1108"/><temp name="T1051"/><temp name="T1040"/><temp name="T1028"/><temp name="T1074"/><temp name="T1123"/><temp name="T1080"/><temp name="T1060"/><temp name="T1071"/><temp name="T1086"/><temp name="T1125"/><temp name="T1048"/><temp name="T1111"/><temp name="T1115"/><temp name="T1063"/><temp name="T1032"/><temp name="T6"/><temp name="T1092"/><temp name="T1100"/><temp name="T1152"/><temp name="T1096"/><temp name="T1036"/><temp name="T1065"/><temp name="T1157"/><temp name="T1131"/><temp name="T119"/><temp name="T1134"/><temp name="T1140"/><temp name="T1120"/><temp name="T1055"/></temps></instruction><instruction code="OR T120, T1028, 0"><temps name="use"><temp name="T1028"/></temps><temps name="def"><temp name="T120"/></temps><temps name="in"><temp name="T1146"/><temp name="T1108"/><temp name="T1051"/><temp name="T1040"/><temp name="T1028"/><temp name="T1074"/><temp name="T1123"/><temp name="T1080"/><temp name="T1060"/><temp name="T1071"/><temp name="T1086"/><temp name="T1125"/><temp name="T1048"/><temp name="T1111"/><temp name="T1115"/><temp name="T1063"/><temp name="T1032"/><temp name="T6"/><temp name="T1092"/><temp name="T1100"/><temp name="T1152"/><temp name="T1096"/><temp name="T1036"/><temp name="T1065"/><temp name="T1157"/><temp name="T1131"/><temp name="T119"/><temp name="T1134"/><temp name="T1140"/><temp name="T1120"/><temp name="T1055"/></temps><temps name="out"><temp name="T1146"/><temp name="T1108"/><temp name="T1051"/><temp name="T1040"/><temp name="T1074"/><temp name="T1123"/><temp name="T1080"/><temp name="T1060"/><temp name="T1071"/><temp name="T1086"/><temp name="T1125"/><temp name="T120"/><temp name="T1048"/><temp name="T1111"/><temp name="T1115"/><temp name="T1063"/><temp name="T1032"/><temp name="T6"/><temp name="T1092"/><temp name="T1100"/><temp name="T1152"/><temp name="T1096"/><temp name="T1036"/><temp name="T1065"/><temp name="T1157"/><temp name="T1131"/><temp name="T119"/><temp name="T1134"/><temp name="T1140"/><temp name="T1120"/><temp name="T1055"/></temps></instruction><instruction code="SETL  T1029, 256"><temps name="use"/><temps name="def"><temp name="T1029"/></temps><temps name="in"><temp name="T1146"/><temp name="T1108"/><temp name="T1051"/><temp name="T1040"/><temp name="T1074"/><temp name="T1123"/><temp name="T1080"/><temp name="T1060"/><temp name="T1071"/><temp name="T1086"/><temp name="T1125"/><temp name="T120"/><temp name="T1048"/><temp name="T1111"/><temp name="T1115"/><temp name="T1063"/><temp name="T1032"/><temp name="T6"/><temp name="T1092"/><temp name="T1100"/><temp name="T1152"/><temp name="T1096"/><temp name="T1036"/><temp name="T1065"/><temp name="T1157"/><temp name="T1131"/><temp name="T119"/><temp name="T1134"/><temp name="T1140"/><temp name="T1120"/><temp name="T1055"/></temps><temps name="out"><temp name="T1146"/><temp name="T1108"/><temp name="T1051"/><temp name="T1040"/><temp name="T1074"/><temp name="T1123"/><temp name="T1080"/><temp name="T1060"/><temp name="T1071"/><temp name="T1086"/><temp name="T1125"/><temp name="T120"/><temp name="T1048"/><temp name="T1111"/><temp name="T1115"/><temp name="T1063"/><temp name="T1032"/><temp name="T6"/><temp name="T1092"/><temp name="T1100"/><temp name="T1152"/><temp name="T1096"/><temp name="T1036"/><temp name="T1065"/><temp name="T1157"/><temp name="T1131"/><temp name="T119"/><temp name="T1134"/><temp name="T1140"/><temp name="T1120"/><temp name="T1055"/></temps></instruction><instruction code="INCML T1029, 0"><temps name="use"/><temps name="def"><temp name="T1029"/></temps><temps name="in"><temp name="T1146"/><temp name="T1108"/><temp name="T1051"/><temp name="T1040"/><temp name="T1074"/><temp name="T1123"/><temp name="T1080"/><temp name="T1060"/><temp name="T1071"/><temp name="T1086"/><temp name="T1125"/><temp name="T120"/><temp name="T1048"/><temp name="T1111"/><temp name="T1115"/><temp name="T1063"/><temp name="T1032"/><temp name="T6"/><temp name="T1092"/><temp name="T1100"/><temp name="T1152"/><temp name="T1096"/><temp name="T1036"/><temp name="T1065"/><temp name="T1157"/><temp name="T1131"/><temp name="T119"/><temp name="T1134"/><temp name="T1140"/><temp name="T1120"/><temp name="T1055"/></temps><temps name="out"><temp name="T1146"/><temp name="T1108"/><temp name="T1051"/><temp name="T1040"/><temp name="T1074"/><temp name="T1123"/><temp name="T1080"/><temp name="T1060"/><temp name="T1071"/><temp name="T1086"/><temp name="T1125"/><temp name="T120"/><temp name="T1048"/><temp name="T1111"/><temp name="T1115"/><temp name="T1063"/><temp name="T1032"/><temp name="T6"/><temp name="T1092"/><temp name="T1100"/><temp name="T1152"/><temp name="T1096"/><temp name="T1036"/><temp name="T1065"/><temp name="T1157"/><temp name="T1131"/><temp name="T119"/><temp name="T1134"/><temp name="T1140"/><temp name="T1120"/><temp name="T1055"/></temps></instruction><instruction code="INCMH T1029, 0"><temps name="use"/><temps name="def"><temp name="T1029"/></temps><temps name="in"><temp name="T1146"/><temp name="T1108"/><temp name="T1051"/><temp name="T1040"/><temp name="T1074"/><temp name="T1123"/><temp name="T1080"/><temp name="T1060"/><temp name="T1071"/><temp name="T1086"/><temp name="T1125"/><temp name="T120"/><temp name="T1048"/><temp name="T1111"/><temp name="T1115"/><temp name="T1063"/><temp name="T1032"/><temp name="T6"/><temp name="T1092"/><temp name="T1100"/><temp name="T1152"/><temp name="T1096"/><temp name="T1036"/><temp name="T1065"/><temp name="T1157"/><temp name="T1131"/><temp name="T119"/><temp name="T1134"/><temp name="T1140"/><temp name="T1120"/><temp name="T1055"/></temps><temps name="out"><temp name="T1146"/><temp name="T1108"/><temp name="T1051"/><temp name="T1040"/><temp name="T1074"/><temp name="T1123"/><temp name="T1080"/><temp name="T1060"/><temp name="T1071"/><temp name="T1086"/><temp name="T1125"/><temp name="T120"/><temp name="T1048"/><temp name="T1111"/><temp name="T1115"/><temp name="T1063"/><temp name="T1032"/><temp name="T6"/><temp name="T1092"/><temp name="T1100"/><temp name="T1152"/><temp name="T1096"/><temp name="T1036"/><temp name="T1065"/><temp name="T1157"/><temp name="T1131"/><temp name="T119"/><temp name="T1134"/><temp name="T1140"/><temp name="T1120"/><temp name="T1055"/></temps></instruction><instruction code="INCH  T1029, 0"><temps name="use"/><temps name="def"><temp name="T1029"/></temps><temps name="in"><temp name="T1146"/><temp name="T1108"/><temp name="T1051"/><temp name="T1040"/><temp name="T1074"/><temp name="T1123"/><temp name="T1080"/><temp name="T1060"/><temp name="T1071"/><temp name="T1086"/><temp name="T1125"/><temp name="T120"/><temp name="T1048"/><temp name="T1111"/><temp name="T1115"/><temp name="T1063"/><temp name="T1032"/><temp name="T6"/><temp name="T1092"/><temp name="T1100"/><temp name="T1152"/><temp name="T1096"/><temp name="T1036"/><temp name="T1065"/><temp name="T1157"/><temp name="T1131"/><temp name="T119"/><temp name="T1134"/><temp name="T1140"/><temp name="T1120"/><temp name="T1055"/></temps><temps name="out"><temp name="T1146"/><temp name="T1108"/><temp name="T1051"/><temp name="T1040"/><temp name="T1074"/><temp name="T1123"/><temp name="T1080"/><temp name="T1060"/><temp name="T1071"/><temp name="T1086"/><temp name="T1125"/><temp name="T1029"/><temp name="T120"/><temp name="T1048"/><temp name="T1111"/><temp name="T1115"/><temp name="T1063"/><temp name="T1032"/><temp name="T6"/><temp name="T1092"/><temp name="T1100"/><temp name="T1152"/><temp name="T1096"/><temp name="T1036"/><temp name="T1065"/><temp name="T1157"/><temp name="T1131"/><temp name="T119"/><temp name="T1134"/><temp name="T1140"/><temp name="T1120"/><temp name="T1055"/></temps></instruction><instruction code="OR T121, T1029, 0"><temps name="use"><temp name="T1029"/></temps><temps name="def"><temp name="T121"/></temps><temps name="in"><temp name="T1146"/><temp name="T1108"/><temp name="T1051"/><temp name="T1040"/><temp name="T1074"/><temp name="T1123"/><temp name="T1080"/><temp name="T1060"/><temp name="T1071"/><temp name="T1086"/><temp name="T1125"/><temp name="T1029"/><temp name="T120"/><temp name="T1048"/><temp name="T1111"/><temp name="T1115"/><temp name="T1063"/><temp name="T1032"/><temp name="T6"/><temp name="T1092"/><temp name="T1100"/><temp name="T1152"/><temp name="T1096"/><temp name="T1036"/><temp name="T1065"/><temp name="T1157"/><temp name="T1131"/><temp name="T119"/><temp name="T1134"/><temp name="T1140"/><temp name="T1120"/><temp name="T1055"/></temps><temps name="out"><temp name="T1146"/><temp name="T1108"/><temp name="T1051"/><temp name="T1040"/><temp name="T1074"/><temp name="T1123"/><temp name="T1080"/><temp name="T1060"/><temp name="T1071"/><temp name="T1086"/><temp name="T1125"/><temp name="T120"/><temp name="T1048"/><temp name="T1111"/><temp name="T1115"/><temp name="T1063"/><temp name="T1032"/><temp name="T6"/><temp name="T1092"/><temp name="T1100"/><temp name="T1152"/><temp name="T121"/><temp name="T1096"/><temp name="T1036"/><temp name="T1065"/><temp name="T1157"/><temp name="T1131"/><temp name="T119"/><temp name="T1134"/><temp name="T1140"/><temp name="T1120"/><temp name="T1055"/></temps></instruction><instruction code="DIV T1030, T120, T121"><temps name="use"><temp name="T120"/><temp name="T121"/></temps><temps name="def"><temp name="T1030"/></temps><temps name="in"><temp name="T1146"/><temp name="T1108"/><temp name="T1051"/><temp name="T1040"/><temp name="T1074"/><temp name="T1123"/><temp name="T1080"/><temp name="T1060"/><temp name="T1071"/><temp name="T1086"/><temp name="T1125"/><temp name="T120"/><temp name="T1048"/><temp name="T1111"/><temp name="T1115"/><temp name="T1063"/><temp name="T1032"/><temp name="T6"/><temp name="T1092"/><temp name="T1100"/><temp name="T1152"/><temp name="T121"/><temp name="T1096"/><temp name="T1036"/><temp name="T1065"/><temp name="T1157"/><temp name="T1131"/><temp name="T119"/><temp name="T1134"/><temp name="T1140"/><temp name="T1120"/><temp name="T1055"/></temps><temps name="out"><temp name="T1146"/><temp name="T1108"/><temp name="T1051"/><temp name="T1040"/><temp name="T1074"/><temp name="T1123"/><temp name="T1080"/><temp name="T1060"/><temp name="T1071"/><temp name="T1086"/><temp name="T1125"/><temp name="T1048"/><temp name="T1111"/><temp name="T1115"/><temp name="T1063"/><temp name="T1032"/><temp name="T6"/><temp name="T1092"/><temp name="T1100"/><temp name="T1152"/><temp name="T1096"/><temp name="T1036"/><temp name="T1065"/><temp name="T1157"/><temp name="T1131"/><temp name="T119"/><temp name="T1134"/><temp name="T1140"/><temp name="T1120"/><temp name="T1055"/></temps></instruction><instruction code="OR T1030, rR, 0"><temps name="use"/><temps name="def"><temp name="T1030"/></temps><temps name="in"><temp name="T1146"/><temp name="T1108"/><temp name="T1051"/><temp name="T1040"/><temp name="T1074"/><temp name="T1123"/><temp name="T1080"/><temp name="T1060"/><temp name="T1071"/><temp name="T1086"/><temp name="T1125"/><temp name="T1048"/><temp name="T1111"/><temp name="T1115"/><temp name="T1063"/><temp name="T1032"/><temp name="T6"/><temp name="T1092"/><temp name="T1100"/><temp name="T1152"/><temp name="T1096"/><temp name="T1036"/><temp name="T1065"/><temp name="T1157"/><temp name="T1131"/><temp name="T119"/><temp name="T1134"/><temp name="T1140"/><temp name="T1120"/><temp name="T1055"/></temps><temps name="out"><temp name="T1146"/><temp name="T1108"/><temp name="T1051"/><temp name="T1040"/><temp name="T1074"/><temp name="T1123"/><temp name="T1080"/><temp name="T1030"/><temp name="T1060"/><temp name="T1071"/><temp name="T1086"/><temp name="T1125"/><temp name="T1048"/><temp name="T1111"/><temp name="T1115"/><temp name="T1063"/><temp name="T1032"/><temp name="T6"/><temp name="T1092"/><temp name="T1100"/><temp name="T1152"/><temp name="T1096"/><temp name="T1036"/><temp name="T1065"/><temp name="T1157"/><temp name="T1131"/><temp name="T119"/><temp name="T1134"/><temp name="T1140"/><temp name="T1120"/><temp name="T1055"/></temps></instruction><instruction code="OR T122, T1030, 0"><temps name="use"><temp name="T1030"/></temps><temps name="def"><temp name="T122"/></temps><temps name="in"><temp name="T1146"/><temp name="T1108"/><temp name="T1051"/><temp name="T1040"/><temp name="T1074"/><temp name="T1123"/><temp name="T1080"/><temp name="T1030"/><temp name="T1060"/><temp name="T1071"/><temp name="T1086"/><temp name="T1125"/><temp name="T1048"/><temp name="T1111"/><temp name="T1115"/><temp name="T1063"/><temp name="T1032"/><temp name="T6"/><temp name="T1092"/><temp name="T1100"/><temp name="T1152"/><temp name="T1096"/><temp name="T1036"/><temp name="T1065"/><temp name="T1157"/><temp name="T1131"/><temp name="T119"/><temp name="T1134"/><temp name="T1140"/><temp name="T1120"/><temp name="T1055"/></temps><temps name="out"><temp name="T1146"/><temp name="T1108"/><temp name="T1051"/><temp name="T1040"/><temp name="T1074"/><temp name="T1123"/><temp name="T1080"/><temp name="T1060"/><temp name="T1071"/><temp name="T1086"/><temp name="T1125"/><temp name="T1048"/><temp name="T1111"/><temp name="T1115"/><temp name="T1063"/><temp name="T1032"/><temp name="T6"/><temp name="T1092"/><temp name="T1100"/><temp name="T1152"/><temp name="T1096"/><temp name="T1036"/><temp name="T1065"/><temp name="T1157"/><temp name="T1131"/><temp name="T122"/><temp name="T119"/><temp name="T1134"/><temp name="T1140"/><temp name="T1120"/><temp name="T1055"/></temps></instruction><instruction code="STO T119, $254, 8"><temps name="use"><temp name="T119"/></temps><temps name="def"/><temps name="in"><temp name="T1146"/><temp name="T1108"/><temp name="T1051"/><temp name="T1040"/><temp name="T1074"/><temp name="T1123"/><temp name="T1080"/><temp name="T1060"/><temp name="T1071"/><temp name="T1086"/><temp name="T1125"/><temp name="T1048"/><temp name="T1111"/><temp name="T1115"/><temp name="T1063"/><temp name="T1032"/><temp name="T6"/><temp name="T1092"/><temp name="T1100"/><temp name="T1152"/><temp name="T1096"/><temp name="T1036"/><temp name="T1065"/><temp name="T1157"/><temp name="T1131"/><temp name="T122"/><temp name="T119"/><temp name="T1134"/><temp name="T1140"/><temp name="T1120"/><temp name="T1055"/></temps><temps name="out"><temp name="T1146"/><temp name="T1108"/><temp name="T1051"/><temp name="T1040"/><temp name="T1074"/><temp name="T1123"/><temp name="T1080"/><temp name="T1060"/><temp name="T1071"/><temp name="T1086"/><temp name="T1125"/><temp name="T1048"/><temp name="T1111"/><temp name="T1115"/><temp name="T1063"/><temp name="T1032"/><temp name="T6"/><temp name="T1092"/><temp name="T1100"/><temp name="T1152"/><temp name="T1096"/><temp name="T1036"/><temp name="T1065"/><temp name="T1157"/><temp name="T1131"/><temp name="T122"/><temp name="T1134"/><temp name="T1140"/><temp name="T1120"/><temp name="T1055"/></temps></instruction><instruction code="STO T122, $254, 16"><temps name="use"><temp name="T122"/></temps><temps name="def"/><temps name="in"><temp name="T1146"/><temp name="T1108"/><temp name="T1051"/><temp name="T1040"/><temp name="T1074"/><temp name="T1123"/><temp name="T1080"/><temp name="T1060"/><temp name="T1071"/><temp name="T1086"/><temp name="T1125"/><temp name="T1048"/><temp name="T1111"/><temp name="T1115"/><temp name="T1063"/><temp name="T1032"/><temp name="T6"/><temp name="T1092"/><temp name="T1100"/><temp name="T1152"/><temp name="T1096"/><temp name="T1036"/><temp name="T1065"/><temp name="T1157"/><temp name="T1131"/><temp name="T122"/><temp name="T1134"/><temp name="T1140"/><temp name="T1120"/><temp name="T1055"/></temps><temps name="out"><temp name="T1146"/><temp name="T1108"/><temp name="T1051"/><temp name="T1040"/><temp name="T1074"/><temp name="T1123"/><temp name="T1080"/><temp name="T1060"/><temp name="T1071"/><temp name="T1086"/><temp name="T1125"/><temp name="T1048"/><temp name="T1111"/><temp name="T1115"/><temp name="T1063"/><temp name="T1032"/><temp name="T6"/><temp name="T1092"/><temp name="T1100"/><temp name="T1152"/><temp name="T1096"/><temp name="T1036"/><temp name="T1065"/><temp name="T1157"/><temp name="T1131"/><temp name="T1134"/><temp name="T1140"/><temp name="T1120"/><temp name="T1055"/></temps></instruction><instruction code="LDA T1031, _putChar"><temps name="use"/><temps name="def"><temp name="T1031"/></temps><temps name="in"><temp name="T1146"/><temp name="T1108"/><temp name="T1051"/><temp name="T1040"/><temp name="T1074"/><temp name="T1123"/><temp name="T1080"/><temp name="T1060"/><temp name="T1071"/><temp name="T1086"/><temp name="T1125"/><temp name="T1048"/><temp name="T1111"/><temp name="T1115"/><temp name="T1063"/><temp name="T1032"/><temp name="T6"/><temp name="T1092"/><temp name="T1100"/><temp name="T1152"/><temp name="T1096"/><temp name="T1036"/><temp name="T1065"/><temp name="T1157"/><temp name="T1131"/><temp name="T1134"/><temp name="T1140"/><temp name="T1120"/><temp name="T1055"/></temps><temps name="out"><temp name="T1146"/><temp name="T1108"/><temp name="T1051"/><temp name="T1040"/><temp name="T1074"/><temp name="T1123"/><temp name="T1080"/><temp name="T1060"/><temp name="T1071"/><temp name="T1086"/><temp name="T1125"/><temp name="T1031"/><temp name="T1048"/><temp name="T1111"/><temp name="T1115"/><temp name="T1063"/><temp name="T1032"/><temp name="T6"/><temp name="T1092"/><temp name="T1100"/><temp name="T1152"/><temp name="T1096"/><temp name="T1036"/><temp name="T1065"/><temp name="T1157"/><temp name="T1131"/><temp name="T1134"/><temp name="T1140"/><temp name="T1120"/><temp name="T1055"/></temps></instruction><instruction code="PUSHJ $15, T1031, 0"><temps name="use"><temp name="T1031"/></temps><temps name="def"/><temps name="in"><temp name="T1146"/><temp name="T1108"/><temp name="T1051"/><temp name="T1040"/><temp name="T1074"/><temp name="T1123"/><temp name="T1080"/><temp name="T1060"/><temp name="T1071"/><temp name="T1086"/><temp name="T1125"/><temp name="T1031"/><temp name="T1048"/><temp name="T1111"/><temp name="T1115"/><temp name="T1063"/><temp name="T1032"/><temp name="T6"/><temp name="T1092"/><temp name="T1100"/><temp name="T1152"/><temp name="T1096"/><temp name="T1036"/><temp name="T1065"/><temp name="T1157"/><temp name="T1131"/><temp name="T1134"/><temp name="T1140"/><temp name="T1120"/><temp name="T1055"/></temps><temps name="out"><temp name="T1146"/><temp name="T1108"/><temp name="T1051"/><temp name="T1040"/><temp name="T1074"/><temp name="T1123"/><temp name="T1080"/><temp name="T1060"/><temp name="T1071"/><temp name="T1086"/><temp name="T1125"/><temp name="T1048"/><temp name="T1111"/><temp name="T1115"/><temp name="T1063"/><temp name="T1032"/><temp name="T6"/><temp name="T1092"/><temp name="T1100"/><temp name="T1152"/><temp name="T1096"/><temp name="T1036"/><temp name="T1065"/><temp name="T1157"/><temp name="T1131"/><temp name="T1134"/><temp name="T1140"/><temp name="T1120"/><temp name="T1055"/></temps></instruction><instruction code="OR T123, T1032, 0"><temps name="use"><temp name="T1032"/></temps><temps name="def"><temp name="T123"/></temps><temps name="in"><temp name="T1146"/><temp name="T1108"/><temp name="T1051"/><temp name="T1040"/><temp name="T1074"/><temp name="T1123"/><temp name="T1080"/><temp name="T1060"/><temp name="T1071"/><temp name="T1086"/><temp name="T1125"/><temp name="T1048"/><temp name="T1111"/><temp name="T1115"/><temp name="T1063"/><temp name="T1032"/><temp name="T6"/><temp name="T1092"/><temp name="T1100"/><temp name="T1152"/><temp name="T1096"/><temp name="T1036"/><temp name="T1065"/><temp name="T1157"/><temp name="T1131"/><temp name="T1134"/><temp name="T1140"/><temp name="T1120"/><temp name="T1055"/></temps><temps name="out"><temp name="T1146"/><temp name="T1108"/><temp name="T1051"/><temp name="T1040"/><temp name="T1074"/><temp name="T1123"/><temp name="T1080"/><temp name="T1060"/><temp name="T1071"/><temp name="T1086"/><temp name="T1125"/><temp name="T1048"/><temp name="T1111"/><temp name="T1115"/><temp name="T1063"/><temp name="T6"/><temp name="T1092"/><temp name="T1100"/><temp name="T1152"/><temp name="T1096"/><temp name="T1036"/><temp name="T1065"/><temp name="T1157"/><temp name="T1131"/><temp name="T1134"/><temp name="T1140"/><temp name="T1120"/><temp name="T1055"/></temps></instruction><instruction code="SETL  T1033, 1"><temps name="use"/><temps name="def"><temp name="T1033"/></temps><temps name="in"><temp name="T1146"/><temp name="T1108"/><temp name="T1051"/><temp name="T1040"/><temp name="T1074"/><temp name="T1123"/><temp name="T1080"/><temp name="T1060"/><temp name="T1071"/><temp name="T1086"/><temp name="T1125"/><temp name="T1048"/><temp name="T1111"/><temp name="T1115"/><temp name="T1063"/><temp name="T6"/><temp name="T1092"/><temp name="T1100"/><temp name="T1152"/><temp name="T1096"/><temp name="T1036"/><temp name="T1065"/><temp name="T1157"/><temp name="T1131"/><temp name="T1134"/><temp name="T1140"/><temp name="T1120"/><temp name="T1055"/></temps><temps name="out"><temp name="T1146"/><temp name="T1108"/><temp name="T1051"/><temp name="T1040"/><temp name="T1074"/><temp name="T1123"/><temp name="T1080"/><temp name="T1060"/><temp name="T1071"/><temp name="T1086"/><temp name="T1125"/><temp name="T1048"/><temp name="T1111"/><temp name="T1115"/><temp name="T1063"/><temp name="T6"/><temp name="T1092"/><temp name="T1100"/><temp name="T1152"/><temp name="T1096"/><temp name="T1036"/><temp name="T1065"/><temp name="T1157"/><temp name="T1131"/><temp name="T1134"/><temp name="T1140"/><temp name="T1120"/><temp name="T1055"/></temps></instruction><instruction code="INCML T1033, 0"><temps name="use"/><temps name="def"><temp name="T1033"/></temps><temps name="in"><temp name="T1146"/><temp name="T1108"/><temp name="T1051"/><temp name="T1040"/><temp name="T1074"/><temp name="T1123"/><temp name="T1080"/><temp name="T1060"/><temp name="T1071"/><temp name="T1086"/><temp name="T1125"/><temp name="T1048"/><temp name="T1111"/><temp name="T1115"/><temp name="T1063"/><temp name="T6"/><temp name="T1092"/><temp name="T1100"/><temp name="T1152"/><temp name="T1096"/><temp name="T1036"/><temp name="T1065"/><temp name="T1157"/><temp name="T1131"/><temp name="T1134"/><temp name="T1140"/><temp name="T1120"/><temp name="T1055"/></temps><temps name="out"><temp name="T1146"/><temp name="T1108"/><temp name="T1051"/><temp name="T1040"/><temp name="T1074"/><temp name="T1123"/><temp name="T1080"/><temp name="T1060"/><temp name="T1071"/><temp name="T1086"/><temp name="T1125"/><temp name="T1048"/><temp name="T1111"/><temp name="T1115"/><temp name="T1063"/><temp name="T6"/><temp name="T1092"/><temp name="T1100"/><temp name="T1152"/><temp name="T1096"/><temp name="T1036"/><temp name="T1065"/><temp name="T1157"/><temp name="T1131"/><temp name="T1134"/><temp name="T1140"/><temp name="T1120"/><temp name="T1055"/></temps></instruction><instruction code="INCMH T1033, 0"><temps name="use"/><temps name="def"><temp name="T1033"/></temps><temps name="in"><temp name="T1146"/><temp name="T1108"/><temp name="T1051"/><temp name="T1040"/><temp name="T1074"/><temp name="T1123"/><temp name="T1080"/><temp name="T1060"/><temp name="T1071"/><temp name="T1086"/><temp name="T1125"/><temp name="T1048"/><temp name="T1111"/><temp name="T1115"/><temp name="T1063"/><temp name="T6"/><temp name="T1092"/><temp name="T1100"/><temp name="T1152"/><temp name="T1096"/><temp name="T1036"/><temp name="T1065"/><temp name="T1157"/><temp name="T1131"/><temp name="T1134"/><temp name="T1140"/><temp name="T1120"/><temp name="T1055"/></temps><temps name="out"><temp name="T1146"/><temp name="T1108"/><temp name="T1051"/><temp name="T1040"/><temp name="T1074"/><temp name="T1123"/><temp name="T1080"/><temp name="T1060"/><temp name="T1071"/><temp name="T1086"/><temp name="T1125"/><temp name="T1048"/><temp name="T1111"/><temp name="T1115"/><temp name="T1063"/><temp name="T6"/><temp name="T1092"/><temp name="T1100"/><temp name="T1152"/><temp name="T1096"/><temp name="T1036"/><temp name="T1065"/><temp name="T1157"/><temp name="T1131"/><temp name="T1134"/><temp name="T1140"/><temp name="T1120"/><temp name="T1055"/></temps></instruction><instruction code="INCH  T1033, 0"><temps name="use"/><temps name="def"><temp name="T1033"/></temps><temps name="in"><temp name="T1146"/><temp name="T1108"/><temp name="T1051"/><temp name="T1040"/><temp name="T1074"/><temp name="T1123"/><temp name="T1080"/><temp name="T1060"/><temp name="T1071"/><temp name="T1086"/><temp name="T1125"/><temp name="T1048"/><temp name="T1111"/><temp name="T1115"/><temp name="T1063"/><temp name="T6"/><temp name="T1092"/><temp name="T1100"/><temp name="T1152"/><temp name="T1096"/><temp name="T1036"/><temp name="T1065"/><temp name="T1157"/><temp name="T1131"/><temp name="T1134"/><temp name="T1140"/><temp name="T1120"/><temp name="T1055"/></temps><temps name="out"><temp name="T1146"/><temp name="T1033"/><temp name="T1108"/><temp name="T1051"/><temp name="T1040"/><temp name="T1074"/><temp name="T1123"/><temp name="T1080"/><temp name="T1060"/><temp name="T1071"/><temp name="T1086"/><temp name="T1125"/><temp name="T1048"/><temp name="T1111"/><temp name="T1115"/><temp name="T1063"/><temp name="T6"/><temp name="T1092"/><temp name="T1100"/><temp name="T1152"/><temp name="T1096"/><temp name="T1036"/><temp name="T1065"/><temp name="T1157"/><temp name="T1131"/><temp name="T1134"/><temp name="T1140"/><temp name="T1120"/><temp name="T1055"/></temps></instruction><instruction code="OR T124, T1033, 0"><temps name="use"><temp name="T1033"/></temps><temps name="def"><temp name="T124"/></temps><temps name="in"><temp name="T1146"/><temp name="T1033"/><temp name="T1108"/><temp name="T1051"/><temp name="T1040"/><temp name="T1074"/><temp name="T1123"/><temp name="T1080"/><temp name="T1060"/><temp name="T1071"/><temp name="T1086"/><temp name="T1125"/><temp name="T1048"/><temp name="T1111"/><temp name="T1115"/><temp name="T1063"/><temp name="T6"/><temp name="T1092"/><temp name="T1100"/><temp name="T1152"/><temp name="T1096"/><temp name="T1036"/><temp name="T1065"/><temp name="T1157"/><temp name="T1131"/><temp name="T1134"/><temp name="T1140"/><temp name="T1120"/><temp name="T1055"/></temps><temps name="out"><temp name="T1146"/><temp name="T1108"/><temp name="T1051"/><temp name="T1040"/><temp name="T1074"/><temp name="T1123"/><temp name="T1080"/><temp name="T1060"/><temp name="T1071"/><temp name="T1086"/><temp name="T1125"/><temp name="T1048"/><temp name="T1111"/><temp name="T124"/><temp name="T1115"/><temp name="T1063"/><temp name="T6"/><temp name="T1092"/><temp name="T1100"/><temp name="T1152"/><temp name="T1096"/><temp name="T1036"/><temp name="T1065"/><temp name="T1157"/><temp name="T1131"/><temp name="T1134"/><temp name="T1140"/><temp name="T1120"/><temp name="T1055"/></temps></instruction><instruction code="LDO T1037, T1036, 0"><temps name="use"><temp name="T1036"/></temps><temps name="def"><temp name="T1037"/></temps><temps name="in"><temp name="T1146"/><temp name="T1108"/><temp name="T1051"/><temp name="T1040"/><temp name="T1074"/><temp name="T1123"/><temp name="T1080"/><temp name="T1060"/><temp name="T1071"/><temp name="T1086"/><temp name="T1125"/><temp name="T1048"/><temp name="T1111"/><temp name="T124"/><temp name="T1115"/><temp name="T1063"/><temp name="T6"/><temp name="T1092"/><temp name="T1100"/><temp name="T1152"/><temp name="T1096"/><temp name="T1036"/><temp name="T1065"/><temp name="T1157"/><temp name="T1131"/><temp name="T1134"/><temp name="T1140"/><temp name="T1120"/><temp name="T1055"/></temps><temps name="out"><temp name="T1146"/><temp name="T1108"/><temp name="T1051"/><temp name="T1040"/><temp name="T1074"/><temp name="T1123"/><temp name="T1080"/><temp name="T1060"/><temp name="T1071"/><temp name="T1086"/><temp name="T1125"/><temp name="T1037"/><temp name="T1048"/><temp name="T1111"/><temp name="T124"/><temp name="T1115"/><temp name="T1063"/><temp name="T6"/><temp name="T1092"/><temp name="T1100"/><temp name="T1152"/><temp name="T1096"/><temp name="T1065"/><temp name="T1157"/><temp name="T1131"/><temp name="T1134"/><temp name="T1140"/><temp name="T1120"/><temp name="T1055"/></temps></instruction><instruction code="STO T1037, T124, 0"><temps name="use"><temp name="T1037"/><temp name="T124"/></temps><temps name="def"/><temps name="in"><temp name="T1146"/><temp name="T1108"/><temp name="T1051"/><temp name="T1040"/><temp name="T1074"/><temp name="T1123"/><temp name="T1080"/><temp name="T1060"/><temp name="T1071"/><temp name="T1086"/><temp name="T1125"/><temp name="T1037"/><temp name="T1048"/><temp name="T1111"/><temp name="T124"/><temp name="T1115"/><temp name="T1063"/><temp name="T6"/><temp name="T1092"/><temp name="T1100"/><temp name="T1152"/><temp name="T1096"/><temp name="T1065"/><temp name="T1157"/><temp name="T1131"/><temp name="T1134"/><temp name="T1140"/><temp name="T1120"/><temp name="T1055"/></temps><temps name="out"><temp name="T1146"/><temp name="T1108"/><temp name="T1051"/><temp name="T1040"/><temp name="T1074"/><temp name="T1123"/><temp name="T1080"/><temp name="T1060"/><temp name="T1071"/><temp name="T1086"/><temp name="T1125"/><temp name="T1048"/><temp name="T1111"/><temp name="T1115"/><temp name="T1063"/><temp name="T6"/><temp name="T1092"/><temp name="T1100"/><temp name="T1152"/><temp name="T1096"/><temp name="T1065"/><temp name="T1157"/><temp name="T1131"/><temp name="T1134"/><temp name="T1140"/><temp name="T1120"/><temp name="T1055"/></temps></instruction><instruction code="L17"><temps name="use"/><temps name="def"/><temps name="in"><temp name="T1146"/><temp name="T1108"/><temp name="T1051"/><temp name="T1040"/><temp name="T1074"/><temp name="T1123"/><temp name="T1080"/><temp name="T1060"/><temp name="T1071"/><temp name="T1086"/><temp name="T1125"/><temp name="T1048"/><temp name="T1111"/><temp name="T1115"/><temp name="T1063"/><temp name="T6"/><temp name="T1092"/><temp name="T1100"/><temp name="T1152"/><temp name="T1096"/><temp name="T1065"/><temp name="T1157"/><temp name="T1131"/><temp name="T1134"/><temp name="T1140"/><temp name="T1120"/><temp name="T1055"/></temps><temps name="out"><temp name="T1146"/><temp name="T1108"/><temp name="T1051"/><temp name="T1040"/><temp name="T1074"/><temp name="T1123"/><temp name="T1080"/><temp name="T1060"/><temp name="T1071"/><temp name="T1086"/><temp name="T1125"/><temp name="T1048"/><temp name="T1111"/><temp name="T1115"/><temp name="T1063"/><temp name="T6"/><temp name="T1092"/><temp name="T1100"/><temp name="T1152"/><temp name="T1096"/><temp name="T1065"/><temp name="T1157"/><temp name="T1131"/><temp name="T1134"/><temp name="T1140"/><temp name="T1120"/><temp name="T1055"/></temps></instruction><instruction code="OR T125, T6, 0"><temps name="use"><temp name="T6"/></temps><temps name="def"><temp name="T125"/></temps><temps name="in"><temp name="T1146"/><temp name="T1108"/><temp name="T1051"/><temp name="T1040"/><temp name="T1074"/><temp name="T1123"/><temp name="T1080"/><temp name="T1060"/><temp name="T1071"/><temp name="T1086"/><temp name="T1125"/><temp name="T1048"/><temp name="T1111"/><temp name="T1115"/><temp name="T1063"/><temp name="T6"/><temp name="T1092"/><temp name="T1100"/><temp name="T1152"/><temp name="T1096"/><temp name="T1065"/><temp name="T1157"/><temp name="T1131"/><temp name="T1134"/><temp name="T1140"/><temp name="T1120"/><temp name="T1055"/></temps><temps name="out"><temp name="T1146"/><temp name="T1108"/><temp name="T1051"/><temp name="T1040"/><temp name="T1074"/><temp name="T1123"/><temp name="T1080"/><temp name="T1060"/><temp name="T1071"/><temp name="T1086"/><temp name="T1125"/><temp name="T1048"/><temp name="T1111"/><temp name="T1115"/><temp name="T1063"/><temp name="T6"/><temp name="T1092"/><temp name="T1100"/><temp name="T1152"/><temp name="T1096"/><temp name="T1065"/><temp name="T1157"/><temp name="T1131"/><temp name="T1134"/><temp name="T1140"/><temp name="T125"/><temp name="T1120"/><temp name="T1055"/></temps></instruction><instruction code="SETL  T1038, 8"><temps name="use"/><temps name="def"><temp name="T1038"/></temps><temps name="in"><temp name="T1146"/><temp name="T1108"/><temp name="T1051"/><temp name="T1040"/><temp name="T1074"/><temp name="T1123"/><temp name="T1080"/><temp name="T1060"/><temp name="T1071"/><temp name="T1086"/><temp name="T1125"/><temp name="T1048"/><temp name="T1111"/><temp name="T1115"/><temp name="T1063"/><temp name="T6"/><temp name="T1092"/><temp name="T1100"/><temp name="T1152"/><temp name="T1096"/><temp name="T1065"/><temp name="T1157"/><temp name="T1131"/><temp name="T1134"/><temp name="T1140"/><temp name="T125"/><temp name="T1120"/><temp name="T1055"/></temps><temps name="out"><temp name="T1146"/><temp name="T1108"/><temp name="T1051"/><temp name="T1040"/><temp name="T1074"/><temp name="T1123"/><temp name="T1080"/><temp name="T1060"/><temp name="T1071"/><temp name="T1086"/><temp name="T1125"/><temp name="T1048"/><temp name="T1111"/><temp name="T1115"/><temp name="T1063"/><temp name="T6"/><temp name="T1092"/><temp name="T1100"/><temp name="T1152"/><temp name="T1096"/><temp name="T1065"/><temp name="T1157"/><temp name="T1131"/><temp name="T1134"/><temp name="T1140"/><temp name="T125"/><temp name="T1120"/><temp name="T1055"/></temps></instruction><instruction code="INCML T1038, 0"><temps name="use"/><temps name="def"><temp name="T1038"/></temps><temps name="in"><temp name="T1146"/><temp name="T1108"/><temp name="T1051"/><temp name="T1040"/><temp name="T1074"/><temp name="T1123"/><temp name="T1080"/><temp name="T1060"/><temp name="T1071"/><temp name="T1086"/><temp name="T1125"/><temp name="T1048"/><temp name="T1111"/><temp name="T1115"/><temp name="T1063"/><temp name="T6"/><temp name="T1092"/><temp name="T1100"/><temp name="T1152"/><temp name="T1096"/><temp name="T1065"/><temp name="T1157"/><temp name="T1131"/><temp name="T1134"/><temp name="T1140"/><temp name="T125"/><temp name="T1120"/><temp name="T1055"/></temps><temps name="out"><temp name="T1146"/><temp name="T1108"/><temp name="T1051"/><temp name="T1040"/><temp name="T1074"/><temp name="T1123"/><temp name="T1080"/><temp name="T1060"/><temp name="T1071"/><temp name="T1086"/><temp name="T1125"/><temp name="T1048"/><temp name="T1111"/><temp name="T1115"/><temp name="T1063"/><temp name="T6"/><temp name="T1092"/><temp name="T1100"/><temp name="T1152"/><temp name="T1096"/><temp name="T1065"/><temp name="T1157"/><temp name="T1131"/><temp name="T1134"/><temp name="T1140"/><temp name="T125"/><temp name="T1120"/><temp name="T1055"/></temps></instruction><instruction code="INCMH T1038, 0"><temps name="use"/><temps name="def"><temp name="T1038"/></temps><temps name="in"><temp name="T1146"/><temp name="T1108"/><temp name="T1051"/><temp name="T1040"/><temp name="T1074"/><temp name="T1123"/><temp name="T1080"/><temp name="T1060"/><temp name="T1071"/><temp name="T1086"/><temp name="T1125"/><temp name="T1048"/><temp name="T1111"/><temp name="T1115"/><temp name="T1063"/><temp name="T6"/><temp name="T1092"/><temp name="T1100"/><temp name="T1152"/><temp name="T1096"/><temp name="T1065"/><temp name="T1157"/><temp name="T1131"/><temp name="T1134"/><temp name="T1140"/><temp name="T125"/><temp name="T1120"/><temp name="T1055"/></temps><temps name="out"><temp name="T1146"/><temp name="T1108"/><temp name="T1051"/><temp name="T1040"/><temp name="T1074"/><temp name="T1123"/><temp name="T1080"/><temp name="T1060"/><temp name="T1071"/><temp name="T1086"/><temp name="T1125"/><temp name="T1048"/><temp name="T1111"/><temp name="T1115"/><temp name="T1063"/><temp name="T6"/><temp name="T1092"/><temp name="T1100"/><temp name="T1152"/><temp name="T1096"/><temp name="T1065"/><temp name="T1157"/><temp name="T1131"/><temp name="T1134"/><temp name="T1140"/><temp name="T125"/><temp name="T1120"/><temp name="T1055"/></temps></instruction><instruction code="INCH  T1038, 0"><temps name="use"/><temps name="def"><temp name="T1038"/></temps><temps name="in"><temp name="T1146"/><temp name="T1108"/><temp name="T1051"/><temp name="T1040"/><temp name="T1074"/><temp name="T1123"/><temp name="T1080"/><temp name="T1060"/><temp name="T1071"/><temp name="T1086"/><temp name="T1125"/><temp name="T1048"/><temp name="T1111"/><temp name="T1115"/><temp name="T1063"/><temp name="T6"/><temp name="T1092"/><temp name="T1100"/><temp name="T1152"/><temp name="T1096"/><temp name="T1065"/><temp name="T1157"/><temp name="T1131"/><temp name="T1134"/><temp name="T1140"/><temp name="T125"/><temp name="T1120"/><temp name="T1055"/></temps><temps name="out"><temp name="T1146"/><temp name="T1108"/><temp name="T1051"/><temp name="T1040"/><temp name="T1074"/><temp name="T1123"/><temp name="T1080"/><temp name="T1060"/><temp name="T1071"/><temp name="T1086"/><temp name="T1125"/><temp name="T1048"/><temp name="T1111"/><temp name="T1115"/><temp name="T1063"/><temp name="T6"/><temp name="T1092"/><temp name="T1100"/><temp name="T1152"/><temp name="T1096"/><temp name="T1065"/><temp name="T1157"/><temp name="T1131"/><temp name="T1038"/><temp name="T1134"/><temp name="T1140"/><temp name="T125"/><temp name="T1120"/><temp name="T1055"/></temps></instruction><instruction code="NEG T1038, 0, T1038"><temps name="use"><temp name="T1038"/></temps><temps name="def"><temp name="T1038"/></temps><temps name="in"><temp name="T1146"/><temp name="T1108"/><temp name="T1051"/><temp name="T1040"/><temp name="T1074"/><temp name="T1123"/><temp name="T1080"/><temp name="T1060"/><temp name="T1071"/><temp name="T1086"/><temp name="T1125"/><temp name="T1048"/><temp name="T1111"/><temp name="T1115"/><temp name="T1063"/><temp name="T6"/><temp name="T1092"/><temp name="T1100"/><temp name="T1152"/><temp name="T1096"/><temp name="T1065"/><temp name="T1157"/><temp name="T1131"/><temp name="T1038"/><temp name="T1134"/><temp name="T1140"/><temp name="T125"/><temp name="T1120"/><temp name="T1055"/></temps><temps name="out"><temp name="T1146"/><temp name="T1108"/><temp name="T1051"/><temp name="T1040"/><temp name="T1074"/><temp name="T1123"/><temp name="T1080"/><temp name="T1060"/><temp name="T1071"/><temp name="T1086"/><temp name="T1125"/><temp name="T1048"/><temp name="T1111"/><temp name="T1115"/><temp name="T1063"/><temp name="T6"/><temp name="T1092"/><temp name="T1100"/><temp name="T1152"/><temp name="T1096"/><temp name="T1065"/><temp name="T1157"/><temp name="T1131"/><temp name="T1038"/><temp name="T1134"/><temp name="T1140"/><temp name="T125"/><temp name="T1120"/><temp name="T1055"/></temps></instruction><instruction code="OR T126, T1038, 0"><temps name="use"><temp name="T1038"/></temps><temps name="def"><temp name="T126"/></temps><temps name="in"><temp name="T1146"/><temp name="T1108"/><temp name="T1051"/><temp name="T1040"/><temp name="T1074"/><temp name="T1123"/><temp name="T1080"/><temp name="T1060"/><temp name="T1071"/><temp name="T1086"/><temp name="T1125"/><temp name="T1048"/><temp name="T1111"/><temp name="T1115"/><temp name="T1063"/><temp name="T6"/><temp name="T1092"/><temp name="T1100"/><temp name="T1152"/><temp name="T1096"/><temp name="T1065"/><temp name="T1157"/><temp name="T1131"/><temp name="T1038"/><temp name="T1134"/><temp name="T1140"/><temp name="T125"/><temp name="T1120"/><temp name="T1055"/></temps><temps name="out"><temp name="T1146"/><temp name="T1108"/><temp name="T1051"/><temp name="T1040"/><temp name="T1074"/><temp name="T1123"/><temp name="T1080"/><temp name="T1060"/><temp name="T1071"/><temp name="T1086"/><temp name="T1125"/><temp name="T1048"/><temp name="T1111"/><temp name="T1115"/><temp name="T1063"/><temp name="T6"/><temp name="T1092"/><temp name="T1100"/><temp name="T1152"/><temp name="T1096"/><temp name="T126"/><temp name="T1065"/><temp name="T1157"/><temp name="T1131"/><temp name="T1134"/><temp name="T1140"/><temp name="T125"/><temp name="T1120"/><temp name="T1055"/></temps></instruction><instruction code="ADD T1039, T125, T126"><temps name="use"><temp name="T125"/><temp name="T126"/></temps><temps name="def"><temp name="T1039"/></temps><temps name="in"><temp name="T1146"/><temp name="T1108"/><temp name="T1051"/><temp name="T1040"/><temp name="T1074"/><temp name="T1123"/><temp name="T1080"/><temp name="T1060"/><temp name="T1071"/><temp name="T1086"/><temp name="T1125"/><temp name="T1048"/><temp name="T1111"/><temp name="T1115"/><temp name="T1063"/><temp name="T6"/><temp name="T1092"/><temp name="T1100"/><temp name="T1152"/><temp name="T1096"/><temp name="T126"/><temp name="T1065"/><temp name="T1157"/><temp name="T1131"/><temp name="T1134"/><temp name="T1140"/><temp name="T125"/><temp name="T1120"/><temp name="T1055"/></temps><temps name="out"><temp name="T1146"/><temp name="T1108"/><temp name="T1051"/><temp name="T1040"/><temp name="T1074"/><temp name="T1123"/><temp name="T1080"/><temp name="T1060"/><temp name="T1071"/><temp name="T1086"/><temp name="T1125"/><temp name="T1048"/><temp name="T1111"/><temp name="T1115"/><temp name="T1063"/><temp name="T6"/><temp name="T1039"/><temp name="T1092"/><temp name="T1100"/><temp name="T1152"/><temp name="T1096"/><temp name="T1065"/><temp name="T1157"/><temp name="T1131"/><temp name="T1134"/><temp name="T1140"/><temp name="T1120"/><temp name="T1055"/></temps></instruction><instruction code="OR T127, T1039, 0"><temps name="use"><temp name="T1039"/></temps><temps name="def"><temp name="T127"/></temps><temps name="in"><temp name="T1146"/><temp name="T1108"/><temp name="T1051"/><temp name="T1040"/><temp name="T1074"/><temp name="T1123"/><temp name="T1080"/><temp name="T1060"/><temp name="T1071"/><temp name="T1086"/><temp name="T1125"/><temp name="T1048"/><temp name="T1111"/><temp name="T1115"/><temp name="T1063"/><temp name="T6"/><temp name="T1039"/><temp name="T1092"/><temp name="T1100"/><temp name="T1152"/><temp name="T1096"/><temp name="T1065"/><temp name="T1157"/><temp name="T1131"/><temp name="T1134"/><temp name="T1140"/><temp name="T1120"/><temp name="T1055"/></temps><temps name="out"><temp name="T1146"/><temp name="T1108"/><temp name="T1051"/><temp name="T1040"/><temp name="T1074"/><temp name="T1123"/><temp name="T1080"/><temp name="T1060"/><temp name="T1071"/><temp name="T1086"/><temp name="T1125"/><temp name="T1048"/><temp name="T1111"/><temp name="T1115"/><temp name="T1063"/><temp name="T6"/><temp name="T1092"/><temp name="T1100"/><temp name="T1152"/><temp name="T1096"/><temp name="T1065"/><temp name="T1157"/><temp name="T1131"/><temp name="T1134"/><temp name="T1140"/><temp name="T1120"/><temp name="T1055"/></temps></instruction><instruction code="LDO T1041, T1040, 0"><temps name="use"><temp name="T1040"/></temps><temps name="def"><temp name="T1041"/></temps><temps name="in"><temp name="T1146"/><temp name="T1108"/><temp name="T1051"/><temp name="T1040"/><temp name="T1074"/><temp name="T1123"/><temp name="T1080"/><temp name="T1060"/><temp name="T1071"/><temp name="T1086"/><temp name="T1125"/><temp name="T1048"/><temp name="T1111"/><temp name="T1115"/><temp name="T1063"/><temp name="T6"/><temp name="T1092"/><temp name="T1100"/><temp name="T1152"/><temp name="T1096"/><temp name="T1065"/><temp name="T1157"/><temp name="T1131"/><temp name="T1134"/><temp name="T1140"/><temp name="T1120"/><temp name="T1055"/></temps><temps name="out"><temp name="T1146"/><temp name="T1108"/><temp name="T1041"/><temp name="T1051"/><temp name="T1040"/><temp name="T1074"/><temp name="T1123"/><temp name="T1080"/><temp name="T1060"/><temp name="T1071"/><temp name="T1086"/><temp name="T1125"/><temp name="T1048"/><temp name="T1111"/><temp name="T1115"/><temp name="T1063"/><temp name="T6"/><temp name="T1092"/><temp name="T1100"/><temp name="T1152"/><temp name="T1096"/><temp name="T1065"/><temp name="T1157"/><temp name="T1131"/><temp name="T1134"/><temp name="T1140"/><temp name="T1120"/><temp name="T1055"/></temps></instruction><instruction code="OR T128, T1041, 0"><temps name="use"><temp name="T1041"/></temps><temps name="def"><temp name="T128"/></temps><temps name="in"><temp name="T1146"/><temp name="T1108"/><temp name="T1041"/><temp name="T1051"/><temp name="T1040"/><temp name="T1074"/><temp name="T1123"/><temp name="T1080"/><temp name="T1060"/><temp name="T1071"/><temp name="T1086"/><temp name="T1125"/><temp name="T1048"/><temp name="T1111"/><temp name="T1115"/><temp name="T1063"/><temp name="T6"/><temp name="T1092"/><temp name="T1100"/><temp name="T1152"/><temp name="T1096"/><temp name="T1065"/><temp name="T1157"/><temp name="T1131"/><temp name="T1134"/><temp name="T1140"/><temp name="T1120"/><temp name="T1055"/></temps><temps name="out"><temp name="T1146"/><temp name="T1108"/><temp name="T1051"/><temp name="T1040"/><temp name="T1074"/><temp name="T1123"/><temp name="T1080"/><temp name="T1060"/><temp name="T1071"/><temp name="T1086"/><temp name="T1125"/><temp name="T1048"/><temp name="T1111"/><temp name="T1115"/><temp name="T1063"/><temp name="T6"/><temp name="T1092"/><temp name="T1100"/><temp name="T1152"/><temp name="T1096"/><temp name="T1065"/><temp name="T1157"/><temp name="T1131"/><temp name="T1134"/><temp name="T1140"/><temp name="T128"/><temp name="T1120"/><temp name="T1055"/></temps></instruction><instruction code="SETL  T1042, 10"><temps name="use"/><temps name="def"><temp name="T1042"/></temps><temps name="in"><temp name="T1146"/><temp name="T1108"/><temp name="T1051"/><temp name="T1040"/><temp name="T1074"/><temp name="T1123"/><temp name="T1080"/><temp name="T1060"/><temp name="T1071"/><temp name="T1086"/><temp name="T1125"/><temp name="T1048"/><temp name="T1111"/><temp name="T1115"/><temp name="T1063"/><temp name="T6"/><temp name="T1092"/><temp name="T1100"/><temp name="T1152"/><temp name="T1096"/><temp name="T1065"/><temp name="T1157"/><temp name="T1131"/><temp name="T1134"/><temp name="T1140"/><temp name="T128"/><temp name="T1120"/><temp name="T1055"/></temps><temps name="out"><temp name="T1146"/><temp name="T1108"/><temp name="T1051"/><temp name="T1040"/><temp name="T1074"/><temp name="T1123"/><temp name="T1080"/><temp name="T1060"/><temp name="T1071"/><temp name="T1086"/><temp name="T1125"/><temp name="T1048"/><temp name="T1111"/><temp name="T1115"/><temp name="T1063"/><temp name="T6"/><temp name="T1092"/><temp name="T1100"/><temp name="T1152"/><temp name="T1096"/><temp name="T1065"/><temp name="T1157"/><temp name="T1131"/><temp name="T1134"/><temp name="T1140"/><temp name="T128"/><temp name="T1120"/><temp name="T1055"/></temps></instruction><instruction code="INCML T1042, 0"><temps name="use"/><temps name="def"><temp name="T1042"/></temps><temps name="in"><temp name="T1146"/><temp name="T1108"/><temp name="T1051"/><temp name="T1040"/><temp name="T1074"/><temp name="T1123"/><temp name="T1080"/><temp name="T1060"/><temp name="T1071"/><temp name="T1086"/><temp name="T1125"/><temp name="T1048"/><temp name="T1111"/><temp name="T1115"/><temp name="T1063"/><temp name="T6"/><temp name="T1092"/><temp name="T1100"/><temp name="T1152"/><temp name="T1096"/><temp name="T1065"/><temp name="T1157"/><temp name="T1131"/><temp name="T1134"/><temp name="T1140"/><temp name="T128"/><temp name="T1120"/><temp name="T1055"/></temps><temps name="out"><temp name="T1146"/><temp name="T1108"/><temp name="T1051"/><temp name="T1040"/><temp name="T1074"/><temp name="T1123"/><temp name="T1080"/><temp name="T1060"/><temp name="T1071"/><temp name="T1086"/><temp name="T1125"/><temp name="T1048"/><temp name="T1111"/><temp name="T1115"/><temp name="T1063"/><temp name="T6"/><temp name="T1092"/><temp name="T1100"/><temp name="T1152"/><temp name="T1096"/><temp name="T1065"/><temp name="T1157"/><temp name="T1131"/><temp name="T1134"/><temp name="T1140"/><temp name="T128"/><temp name="T1120"/><temp name="T1055"/></temps></instruction><instruction code="INCMH T1042, 0"><temps name="use"/><temps name="def"><temp name="T1042"/></temps><temps name="in"><temp name="T1146"/><temp name="T1108"/><temp name="T1051"/><temp name="T1040"/><temp name="T1074"/><temp name="T1123"/><temp name="T1080"/><temp name="T1060"/><temp name="T1071"/><temp name="T1086"/><temp name="T1125"/><temp name="T1048"/><temp name="T1111"/><temp name="T1115"/><temp name="T1063"/><temp name="T6"/><temp name="T1092"/><temp name="T1100"/><temp name="T1152"/><temp name="T1096"/><temp name="T1065"/><temp name="T1157"/><temp name="T1131"/><temp name="T1134"/><temp name="T1140"/><temp name="T128"/><temp name="T1120"/><temp name="T1055"/></temps><temps name="out"><temp name="T1146"/><temp name="T1108"/><temp name="T1051"/><temp name="T1040"/><temp name="T1074"/><temp name="T1123"/><temp name="T1080"/><temp name="T1060"/><temp name="T1071"/><temp name="T1086"/><temp name="T1125"/><temp name="T1048"/><temp name="T1111"/><temp name="T1115"/><temp name="T1063"/><temp name="T6"/><temp name="T1092"/><temp name="T1100"/><temp name="T1152"/><temp name="T1096"/><temp name="T1065"/><temp name="T1157"/><temp name="T1131"/><temp name="T1134"/><temp name="T1140"/><temp name="T128"/><temp name="T1120"/><temp name="T1055"/></temps></instruction><instruction code="INCH  T1042, 0"><temps name="use"/><temps name="def"><temp name="T1042"/></temps><temps name="in"><temp name="T1146"/><temp name="T1108"/><temp name="T1051"/><temp name="T1040"/><temp name="T1074"/><temp name="T1123"/><temp name="T1080"/><temp name="T1060"/><temp name="T1071"/><temp name="T1086"/><temp name="T1125"/><temp name="T1048"/><temp name="T1111"/><temp name="T1115"/><temp name="T1063"/><temp name="T6"/><temp name="T1092"/><temp name="T1100"/><temp name="T1152"/><temp name="T1096"/><temp name="T1065"/><temp name="T1157"/><temp name="T1131"/><temp name="T1134"/><temp name="T1140"/><temp name="T128"/><temp name="T1120"/><temp name="T1055"/></temps><temps name="out"><temp name="T1146"/><temp name="T1042"/><temp name="T1108"/><temp name="T1051"/><temp name="T1040"/><temp name="T1074"/><temp name="T1123"/><temp name="T1080"/><temp name="T1060"/><temp name="T1071"/><temp name="T1086"/><temp name="T1125"/><temp name="T1048"/><temp name="T1111"/><temp name="T1115"/><temp name="T1063"/><temp name="T6"/><temp name="T1092"/><temp name="T1100"/><temp name="T1152"/><temp name="T1096"/><temp name="T1065"/><temp name="T1157"/><temp name="T1131"/><temp name="T1134"/><temp name="T1140"/><temp name="T128"/><temp name="T1120"/><temp name="T1055"/></temps></instruction><instruction code="OR T129, T1042, 0"><temps name="use"><temp name="T1042"/></temps><temps name="def"><temp name="T129"/></temps><temps name="in"><temp name="T1146"/><temp name="T1042"/><temp name="T1108"/><temp name="T1051"/><temp name="T1040"/><temp name="T1074"/><temp name="T1123"/><temp name="T1080"/><temp name="T1060"/><temp name="T1071"/><temp name="T1086"/><temp name="T1125"/><temp name="T1048"/><temp name="T1111"/><temp name="T1115"/><temp name="T1063"/><temp name="T6"/><temp name="T1092"/><temp name="T1100"/><temp name="T1152"/><temp name="T1096"/><temp name="T1065"/><temp name="T1157"/><temp name="T1131"/><temp name="T1134"/><temp name="T1140"/><temp name="T128"/><temp name="T1120"/><temp name="T1055"/></temps><temps name="out"><temp name="T1146"/><temp name="T129"/><temp name="T1108"/><temp name="T1051"/><temp name="T1040"/><temp name="T1074"/><temp name="T1123"/><temp name="T1080"/><temp name="T1060"/><temp name="T1071"/><temp name="T1086"/><temp name="T1125"/><temp name="T1048"/><temp name="T1111"/><temp name="T1115"/><temp name="T1063"/><temp name="T6"/><temp name="T1092"/><temp name="T1100"/><temp name="T1152"/><temp name="T1096"/><temp name="T1065"/><temp name="T1157"/><temp name="T1131"/><temp name="T1134"/><temp name="T1140"/><temp name="T128"/><temp name="T1120"/><temp name="T1055"/></temps></instruction><instruction code="CMP T1043, T128, T129"><temps name="use"><temp name="T128"/><temp name="T129"/></temps><temps name="def"><temp name="T1043"/></temps><temps name="in"><temp name="T1146"/><temp name="T129"/><temp name="T1108"/><temp name="T1051"/><temp name="T1040"/><temp name="T1074"/><temp name="T1123"/><temp name="T1080"/><temp name="T1060"/><temp name="T1071"/><temp name="T1086"/><temp name="T1125"/><temp name="T1048"/><temp name="T1111"/><temp name="T1115"/><temp name="T1063"/><temp name="T6"/><temp name="T1092"/><temp name="T1100"/><temp name="T1152"/><temp name="T1096"/><temp name="T1065"/><temp name="T1157"/><temp name="T1131"/><temp name="T1134"/><temp name="T1140"/><temp name="T128"/><temp name="T1120"/><temp name="T1055"/></temps><temps name="out"><temp name="T1146"/><temp name="T1108"/><temp name="T1051"/><temp name="T1040"/><temp name="T1074"/><temp name="T1123"/><temp name="T1080"/><temp name="T1060"/><temp name="T1071"/><temp name="T1086"/><temp name="T1125"/><temp name="T1043"/><temp name="T1048"/><temp name="T1111"/><temp name="T1115"/><temp name="T1063"/><temp name="T6"/><temp name="T1092"/><temp name="T1100"/><temp name="T1152"/><temp name="T1096"/><temp name="T1065"/><temp name="T1157"/><temp name="T1131"/><temp name="T1134"/><temp name="T1140"/><temp name="T1120"/><temp name="T1055"/></temps></instruction><instruction code="ZSNP T1043, T1043, 1"><temps name="use"><temp name="T1043"/></temps><temps name="def"><temp name="T1043"/></temps><temps name="in"><temp name="T1146"/><temp name="T1108"/><temp name="T1051"/><temp name="T1040"/><temp name="T1074"/><temp name="T1123"/><temp name="T1080"/><temp name="T1060"/><temp name="T1071"/><temp name="T1086"/><temp name="T1125"/><temp name="T1043"/><temp name="T1048"/><temp name="T1111"/><temp name="T1115"/><temp name="T1063"/><temp name="T6"/><temp name="T1092"/><temp name="T1100"/><temp name="T1152"/><temp name="T1096"/><temp name="T1065"/><temp name="T1157"/><temp name="T1131"/><temp name="T1134"/><temp name="T1140"/><temp name="T1120"/><temp name="T1055"/></temps><temps name="out"><temp name="T1146"/><temp name="T1108"/><temp name="T1051"/><temp name="T1040"/><temp name="T1074"/><temp name="T1123"/><temp name="T1080"/><temp name="T1060"/><temp name="T1071"/><temp name="T1086"/><temp name="T1125"/><temp name="T1043"/><temp name="T1048"/><temp name="T1111"/><temp name="T1115"/><temp name="T1063"/><temp name="T6"/><temp name="T1092"/><temp name="T1100"/><temp name="T1152"/><temp name="T1096"/><temp name="T1065"/><temp name="T1157"/><temp name="T1131"/><temp name="T1134"/><temp name="T1140"/><temp name="T1120"/><temp name="T1055"/></temps></instruction><instruction code="OR T130, T1043, 0"><temps name="use"><temp name="T1043"/></temps><temps name="def"><temp name="T130"/></temps><temps name="in"><temp name="T1146"/><temp name="T1108"/><temp name="T1051"/><temp name="T1040"/><temp name="T1074"/><temp name="T1123"/><temp name="T1080"/><temp name="T1060"/><temp name="T1071"/><temp name="T1086"/><temp name="T1125"/><temp name="T1043"/><temp name="T1048"/><temp name="T1111"/><temp name="T1115"/><temp name="T1063"/><temp name="T6"/><temp name="T1092"/><temp name="T1100"/><temp name="T1152"/><temp name="T1096"/><temp name="T1065"/><temp name="T1157"/><temp name="T1131"/><temp name="T1134"/><temp name="T1140"/><temp name="T1120"/><temp name="T1055"/></temps><temps name="out"><temp name="T1146"/><temp name="T1108"/><temp name="T1051"/><temp name="T1040"/><temp name="T1074"/><temp name="T1123"/><temp name="T1080"/><temp name="T1060"/><temp name="T1071"/><temp name="T1086"/><temp name="T1125"/><temp name="T1048"/><temp name="T1111"/><temp name="T1115"/><temp name="T1063"/><temp name="T6"/><temp name="T1092"/><temp name="T1100"/><temp name="T1152"/><temp name="T130"/><temp name="T1096"/><temp name="T1065"/><temp name="T1157"/><temp name="T1131"/><temp name="T1134"/><temp name="T1140"/><temp name="T1120"/><temp name="T1055"/></temps></instruction><instruction code="BNZ T130, L18"><temps name="use"><temp name="T130"/></temps><temps name="def"/><temps name="in"><temp name="T1146"/><temp name="T1108"/><temp name="T1051"/><temp name="T1040"/><temp name="T1074"/><temp name="T1123"/><temp name="T1080"/><temp name="T1060"/><temp name="T1071"/><temp name="T1086"/><temp name="T1125"/><temp name="T1048"/><temp name="T1111"/><temp name="T1115"/><temp name="T1063"/><temp name="T6"/><temp name="T1092"/><temp name="T1100"/><temp name="T1152"/><temp name="T130"/><temp name="T1096"/><temp name="T1065"/><temp name="T1157"/><temp name="T1131"/><temp name="T1134"/><temp name="T1140"/><temp name="T1120"/><temp name="T1055"/></temps><temps name="out"><temp name="T1146"/><temp name="T1108"/><temp name="T1051"/><temp name="T1040"/><temp name="T1074"/><temp name="T1123"/><temp name="T1080"/><temp name="T1060"/><temp name="T1071"/><temp name="T1086"/><temp name="T1125"/><temp name="T1048"/><temp name="T1111"/><temp name="T1115"/><temp name="T1063"/><temp name="T6"/><temp name="T1092"/><temp name="T1100"/><temp name="T1152"/><temp name="T1096"/><temp name="T1065"/><temp name="T1157"/><temp name="T1131"/><temp name="T1134"/><temp name="T1140"/><temp name="T1120"/><temp name="T1055"/></temps></instruction><instruction code="L107"><temps name="use"/><temps name="def"/><temps name="in"><temp name="T1146"/><temp name="T1108"/><temp name="T1051"/><temp name="T1040"/><temp name="T1074"/><temp name="T1123"/><temp name="T1080"/><temp name="T1060"/><temp name="T1071"/><temp name="T1086"/><temp name="T1125"/><temp name="T1048"/><temp name="T1111"/><temp name="T1115"/><temp name="T1063"/><temp name="T6"/><temp name="T1092"/><temp name="T1100"/><temp name="T1152"/><temp name="T1096"/><temp name="T1065"/><temp name="T1157"/><temp name="T1131"/><temp name="T1134"/><temp name="T1140"/><temp name="T1120"/><temp name="T1055"/></temps><temps name="out"><temp name="T1146"/><temp name="T1108"/><temp name="T1051"/><temp name="T1040"/><temp name="T1074"/><temp name="T1123"/><temp name="T1080"/><temp name="T1060"/><temp name="T1071"/><temp name="T1086"/><temp name="T1125"/><temp name="T1048"/><temp name="T1111"/><temp name="T1115"/><temp name="T1063"/><temp name="T6"/><temp name="T1092"/><temp name="T1100"/><temp name="T1152"/><temp name="T1096"/><temp name="T1065"/><temp name="T1157"/><temp name="T1131"/><temp name="T1134"/><temp name="T1140"/><temp name="T1120"/><temp name="T1055"/></temps></instruction><instruction code="LDA T1044, L19"><temps name="use"/><temps name="def"><temp name="T1044"/></temps><temps name="in"><temp name="T1146"/><temp name="T1108"/><temp name="T1051"/><temp name="T1040"/><temp name="T1074"/><temp name="T1123"/><temp name="T1080"/><temp name="T1060"/><temp name="T1071"/><temp name="T1086"/><temp name="T1125"/><temp name="T1048"/><temp name="T1111"/><temp name="T1115"/><temp name="T1063"/><temp name="T6"/><temp name="T1092"/><temp name="T1100"/><temp name="T1152"/><temp name="T1096"/><temp name="T1065"/><temp name="T1157"/><temp name="T1131"/><temp name="T1134"/><temp name="T1140"/><temp name="T1120"/><temp name="T1055"/></temps><temps name="out"><temp name="T1146"/><temp name="T1108"/><temp name="T1051"/><temp name="T1040"/><temp name="T1074"/><temp name="T1123"/><temp name="T1080"/><temp name="T1060"/><temp name="T1071"/><temp name="T1086"/><temp name="T1125"/><temp name="T1048"/><temp name="T1111"/><temp name="T1115"/><temp name="T1063"/><temp name="T6"/><temp name="T1092"/><temp name="T1100"/><temp name="T1152"/><temp name="T1044"/><temp name="T1096"/><temp name="T1065"/><temp name="T1157"/><temp name="T1131"/><temp name="T1134"/><temp name="T1140"/><temp name="T1120"/><temp name="T1055"/></temps></instruction><instruction code="GO T1044, T1044, 0"><temps name="use"><temp name="T1044"/></temps><temps name="def"><temp name="T1044"/></temps><temps name="in"><temp name="T1146"/><temp name="T1108"/><temp name="T1051"/><temp name="T1040"/><temp name="T1074"/><temp name="T1123"/><temp name="T1080"/><temp name="T1060"/><temp name="T1071"/><temp name="T1086"/><temp name="T1125"/><temp name="T1048"/><temp name="T1111"/><temp name="T1115"/><temp name="T1063"/><temp name="T6"/><temp name="T1092"/><temp name="T1100"/><temp name="T1152"/><temp name="T1044"/><temp name="T1096"/><temp name="T1065"/><temp name="T1157"/><temp name="T1131"/><temp name="T1134"/><temp name="T1140"/><temp name="T1120"/><temp name="T1055"/></temps><temps name="out"><temp name="T1146"/><temp name="T1108"/><temp name="T1051"/><temp name="T1040"/><temp name="T1074"/><temp name="T1123"/><temp name="T1080"/><temp name="T1060"/><temp name="T1071"/><temp name="T1086"/><temp name="T1125"/><temp name="T1048"/><temp name="T1111"/><temp name="T1115"/><temp name="T1063"/><temp name="T6"/><temp name="T1092"/><temp name="T1100"/><temp name="T1152"/><temp name="T1096"/><temp name="T1065"/><temp name="T1157"/><temp name="T1131"/><temp name="T1134"/><temp name="T1140"/><temp name="T1120"/><temp name="T1055"/></temps></instruction><instruction code="L18"><temps name="use"/><temps name="def"/><temps name="in"><temp name="T1146"/><temp name="T1108"/><temp name="T1051"/><temp name="T1040"/><temp name="T1074"/><temp name="T1123"/><temp name="T1080"/><temp name="T1060"/><temp name="T1071"/><temp name="T1086"/><temp name="T1125"/><temp name="T1048"/><temp name="T1111"/><temp name="T1115"/><temp name="T1063"/><temp name="T6"/><temp name="T1092"/><temp name="T1100"/><temp name="T1152"/><temp name="T1096"/><temp name="T1065"/><temp name="T1157"/><temp name="T1131"/><temp name="T1134"/><temp name="T1140"/><temp name="T1120"/><temp name="T1055"/></temps><temps name="out"><temp name="T1146"/><temp name="T1108"/><temp name="T1051"/><temp name="T1040"/><temp name="T1074"/><temp name="T1123"/><temp name="T1080"/><temp name="T1060"/><temp name="T1071"/><temp name="T1086"/><temp name="T1125"/><temp name="T1048"/><temp name="T1111"/><temp name="T1115"/><temp name="T1063"/><temp name="T6"/><temp name="T1092"/><temp name="T1100"/><temp name="T1152"/><temp name="T1096"/><temp name="T1065"/><temp name="T1157"/><temp name="T1131"/><temp name="T1134"/><temp name="T1140"/><temp name="T1120"/><temp name="T1055"/></temps></instruction><instruction code="SETL  T1045, 0"><temps name="use"/><temps name="def"><temp name="T1045"/></temps><temps name="in"><temp name="T1146"/><temp name="T1108"/><temp name="T1051"/><temp name="T1040"/><temp name="T1074"/><temp name="T1123"/><temp name="T1080"/><temp name="T1060"/><temp name="T1071"/><temp name="T1086"/><temp name="T1125"/><temp name="T1048"/><temp name="T1111"/><temp name="T1115"/><temp name="T1063"/><temp name="T6"/><temp name="T1092"/><temp name="T1100"/><temp name="T1152"/><temp name="T1096"/><temp name="T1065"/><temp name="T1157"/><temp name="T1131"/><temp name="T1134"/><temp name="T1140"/><temp name="T1120"/><temp name="T1055"/></temps><temps name="out"><temp name="T1146"/><temp name="T1108"/><temp name="T1051"/><temp name="T1040"/><temp name="T1074"/><temp name="T1123"/><temp name="T1080"/><temp name="T1060"/><temp name="T1071"/><temp name="T1086"/><temp name="T1125"/><temp name="T1048"/><temp name="T1111"/><temp name="T1115"/><temp name="T1063"/><temp name="T6"/><temp name="T1092"/><temp name="T1100"/><temp name="T1152"/><temp name="T1096"/><temp name="T1065"/><temp name="T1157"/><temp name="T1131"/><temp name="T1134"/><temp name="T1140"/><temp name="T1120"/><temp name="T1055"/></temps></instruction><instruction code="INCML T1045, 0"><temps name="use"/><temps name="def"><temp name="T1045"/></temps><temps name="in"><temp name="T1146"/><temp name="T1108"/><temp name="T1051"/><temp name="T1040"/><temp name="T1074"/><temp name="T1123"/><temp name="T1080"/><temp name="T1060"/><temp name="T1071"/><temp name="T1086"/><temp name="T1125"/><temp name="T1048"/><temp name="T1111"/><temp name="T1115"/><temp name="T1063"/><temp name="T6"/><temp name="T1092"/><temp name="T1100"/><temp name="T1152"/><temp name="T1096"/><temp name="T1065"/><temp name="T1157"/><temp name="T1131"/><temp name="T1134"/><temp name="T1140"/><temp name="T1120"/><temp name="T1055"/></temps><temps name="out"><temp name="T1146"/><temp name="T1108"/><temp name="T1051"/><temp name="T1040"/><temp name="T1074"/><temp name="T1123"/><temp name="T1080"/><temp name="T1060"/><temp name="T1071"/><temp name="T1086"/><temp name="T1125"/><temp name="T1048"/><temp name="T1111"/><temp name="T1115"/><temp name="T1063"/><temp name="T6"/><temp name="T1092"/><temp name="T1100"/><temp name="T1152"/><temp name="T1096"/><temp name="T1065"/><temp name="T1157"/><temp name="T1131"/><temp name="T1134"/><temp name="T1140"/><temp name="T1120"/><temp name="T1055"/></temps></instruction><instruction code="INCMH T1045, 0"><temps name="use"/><temps name="def"><temp name="T1045"/></temps><temps name="in"><temp name="T1146"/><temp name="T1108"/><temp name="T1051"/><temp name="T1040"/><temp name="T1074"/><temp name="T1123"/><temp name="T1080"/><temp name="T1060"/><temp name="T1071"/><temp name="T1086"/><temp name="T1125"/><temp name="T1048"/><temp name="T1111"/><temp name="T1115"/><temp name="T1063"/><temp name="T6"/><temp name="T1092"/><temp name="T1100"/><temp name="T1152"/><temp name="T1096"/><temp name="T1065"/><temp name="T1157"/><temp name="T1131"/><temp name="T1134"/><temp name="T1140"/><temp name="T1120"/><temp name="T1055"/></temps><temps name="out"><temp name="T1146"/><temp name="T1108"/><temp name="T1051"/><temp name="T1040"/><temp name="T1074"/><temp name="T1123"/><temp name="T1080"/><temp name="T1060"/><temp name="T1071"/><temp name="T1086"/><temp name="T1125"/><temp name="T1048"/><temp name="T1111"/><temp name="T1115"/><temp name="T1063"/><temp name="T6"/><temp name="T1092"/><temp name="T1100"/><temp name="T1152"/><temp name="T1096"/><temp name="T1065"/><temp name="T1157"/><temp name="T1131"/><temp name="T1134"/><temp name="T1140"/><temp name="T1120"/><temp name="T1055"/></temps></instruction><instruction code="INCH  T1045, 0"><temps name="use"/><temps name="def"><temp name="T1045"/></temps><temps name="in"><temp name="T1146"/><temp name="T1108"/><temp name="T1051"/><temp name="T1040"/><temp name="T1074"/><temp name="T1123"/><temp name="T1080"/><temp name="T1060"/><temp name="T1071"/><temp name="T1086"/><temp name="T1125"/><temp name="T1048"/><temp name="T1111"/><temp name="T1115"/><temp name="T1063"/><temp name="T6"/><temp name="T1092"/><temp name="T1100"/><temp name="T1152"/><temp name="T1096"/><temp name="T1065"/><temp name="T1157"/><temp name="T1131"/><temp name="T1134"/><temp name="T1140"/><temp name="T1120"/><temp name="T1055"/></temps><temps name="out"><temp name="T1146"/><temp name="T1108"/><temp name="T1051"/><temp name="T1040"/><temp name="T1074"/><temp name="T1123"/><temp name="T1080"/><temp name="T1060"/><temp name="T1071"/><temp name="T1086"/><temp name="T1125"/><temp name="T1048"/><temp name="T1111"/><temp name="T1115"/><temp name="T1063"/><temp name="T6"/><temp name="T1092"/><temp name="T1100"/><temp name="T1152"/><temp name="T1045"/><temp name="T1096"/><temp name="T1065"/><temp name="T1157"/><temp name="T1131"/><temp name="T1134"/><temp name="T1140"/><temp name="T1120"/><temp name="T1055"/></temps></instruction><instruction code="OR T131, T1045, 0"><temps name="use"><temp name="T1045"/></temps><temps name="def"><temp name="T131"/></temps><temps name="in"><temp name="T1146"/><temp name="T1108"/><temp name="T1051"/><temp name="T1040"/><temp name="T1074"/><temp name="T1123"/><temp name="T1080"/><temp name="T1060"/><temp name="T1071"/><temp name="T1086"/><temp name="T1125"/><temp name="T1048"/><temp name="T1111"/><temp name="T1115"/><temp name="T1063"/><temp name="T6"/><temp name="T1092"/><temp name="T1100"/><temp name="T1152"/><temp name="T1045"/><temp name="T1096"/><temp name="T1065"/><temp name="T1157"/><temp name="T1131"/><temp name="T1134"/><temp name="T1140"/><temp name="T1120"/><temp name="T1055"/></temps><temps name="out"><temp name="T1146"/><temp name="T131"/><temp name="T1108"/><temp name="T1051"/><temp name="T1040"/><temp name="T1074"/><temp name="T1123"/><temp name="T1080"/><temp name="T1060"/><temp name="T1071"/><temp name="T1086"/><temp name="T1125"/><temp name="T1048"/><temp name="T1111"/><temp name="T1115"/><temp name="T1063"/><temp name="T6"/><temp name="T1092"/><temp name="T1100"/><temp name="T1152"/><temp name="T1096"/><temp name="T1065"/><temp name="T1157"/><temp name="T1131"/><temp name="T1134"/><temp name="T1140"/><temp name="T1120"/><temp name="T1055"/></temps></instruction><instruction code="OR T132, T6, 0"><temps name="use"><temp name="T6"/></temps><temps name="def"><temp name="T132"/></temps><temps name="in"><temp name="T1146"/><temp name="T131"/><temp name="T1108"/><temp name="T1051"/><temp name="T1040"/><temp name="T1074"/><temp name="T1123"/><temp name="T1080"/><temp name="T1060"/><temp name="T1071"/><temp name="T1086"/><temp name="T1125"/><temp name="T1048"/><temp name="T1111"/><temp name="T1115"/><temp name="T1063"/><temp name="T6"/><temp name="T1092"/><temp name="T1100"/><temp name="T1152"/><temp name="T1096"/><temp name="T1065"/><temp name="T1157"/><temp name="T1131"/><temp name="T1134"/><temp name="T1140"/><temp name="T1120"/><temp name="T1055"/></temps><temps name="out"><temp name="T1146"/><temp name="T131"/><temp name="T1108"/><temp name="T1051"/><temp name="T1040"/><temp name="T1074"/><temp name="T1123"/><temp name="T1080"/><temp name="T1060"/><temp name="T1071"/><temp name="T1086"/><temp name="T1125"/><temp name="T1048"/><temp name="T1111"/><temp name="T1115"/><temp name="T1063"/><temp name="T6"/><temp name="T1092"/><temp name="T1100"/><temp name="T1152"/><temp name="T1096"/><temp name="T132"/><temp name="T1065"/><temp name="T1157"/><temp name="T1131"/><temp name="T1134"/><temp name="T1140"/><temp name="T1120"/><temp name="T1055"/></temps></instruction><instruction code="SETL  T1046, 8"><temps name="use"/><temps name="def"><temp name="T1046"/></temps><temps name="in"><temp name="T1146"/><temp name="T131"/><temp name="T1108"/><temp name="T1051"/><temp name="T1040"/><temp name="T1074"/><temp name="T1123"/><temp name="T1080"/><temp name="T1060"/><temp name="T1071"/><temp name="T1086"/><temp name="T1125"/><temp name="T1048"/><temp name="T1111"/><temp name="T1115"/><temp name="T1063"/><temp name="T6"/><temp name="T1092"/><temp name="T1100"/><temp name="T1152"/><temp name="T1096"/><temp name="T132"/><temp name="T1065"/><temp name="T1157"/><temp name="T1131"/><temp name="T1134"/><temp name="T1140"/><temp name="T1120"/><temp name="T1055"/></temps><temps name="out"><temp name="T1146"/><temp name="T131"/><temp name="T1108"/><temp name="T1051"/><temp name="T1040"/><temp name="T1074"/><temp name="T1123"/><temp name="T1080"/><temp name="T1060"/><temp name="T1071"/><temp name="T1086"/><temp name="T1125"/><temp name="T1048"/><temp name="T1111"/><temp name="T1115"/><temp name="T1063"/><temp name="T6"/><temp name="T1092"/><temp name="T1100"/><temp name="T1152"/><temp name="T1096"/><temp name="T132"/><temp name="T1065"/><temp name="T1157"/><temp name="T1131"/><temp name="T1134"/><temp name="T1140"/><temp name="T1120"/><temp name="T1055"/></temps></instruction><instruction code="INCML T1046, 0"><temps name="use"/><temps name="def"><temp name="T1046"/></temps><temps name="in"><temp name="T1146"/><temp name="T131"/><temp name="T1108"/><temp name="T1051"/><temp name="T1040"/><temp name="T1074"/><temp name="T1123"/><temp name="T1080"/><temp name="T1060"/><temp name="T1071"/><temp name="T1086"/><temp name="T1125"/><temp name="T1048"/><temp name="T1111"/><temp name="T1115"/><temp name="T1063"/><temp name="T6"/><temp name="T1092"/><temp name="T1100"/><temp name="T1152"/><temp name="T1096"/><temp name="T132"/><temp name="T1065"/><temp name="T1157"/><temp name="T1131"/><temp name="T1134"/><temp name="T1140"/><temp name="T1120"/><temp name="T1055"/></temps><temps name="out"><temp name="T1146"/><temp name="T131"/><temp name="T1108"/><temp name="T1051"/><temp name="T1040"/><temp name="T1074"/><temp name="T1123"/><temp name="T1080"/><temp name="T1060"/><temp name="T1071"/><temp name="T1086"/><temp name="T1125"/><temp name="T1048"/><temp name="T1111"/><temp name="T1115"/><temp name="T1063"/><temp name="T6"/><temp name="T1092"/><temp name="T1100"/><temp name="T1152"/><temp name="T1096"/><temp name="T132"/><temp name="T1065"/><temp name="T1157"/><temp name="T1131"/><temp name="T1134"/><temp name="T1140"/><temp name="T1120"/><temp name="T1055"/></temps></instruction><instruction code="INCMH T1046, 0"><temps name="use"/><temps name="def"><temp name="T1046"/></temps><temps name="in"><temp name="T1146"/><temp name="T131"/><temp name="T1108"/><temp name="T1051"/><temp name="T1040"/><temp name="T1074"/><temp name="T1123"/><temp name="T1080"/><temp name="T1060"/><temp name="T1071"/><temp name="T1086"/><temp name="T1125"/><temp name="T1048"/><temp name="T1111"/><temp name="T1115"/><temp name="T1063"/><temp name="T6"/><temp name="T1092"/><temp name="T1100"/><temp name="T1152"/><temp name="T1096"/><temp name="T132"/><temp name="T1065"/><temp name="T1157"/><temp name="T1131"/><temp name="T1134"/><temp name="T1140"/><temp name="T1120"/><temp name="T1055"/></temps><temps name="out"><temp name="T1146"/><temp name="T131"/><temp name="T1108"/><temp name="T1051"/><temp name="T1040"/><temp name="T1074"/><temp name="T1123"/><temp name="T1080"/><temp name="T1060"/><temp name="T1071"/><temp name="T1086"/><temp name="T1125"/><temp name="T1048"/><temp name="T1111"/><temp name="T1115"/><temp name="T1063"/><temp name="T6"/><temp name="T1092"/><temp name="T1100"/><temp name="T1152"/><temp name="T1096"/><temp name="T132"/><temp name="T1065"/><temp name="T1157"/><temp name="T1131"/><temp name="T1134"/><temp name="T1140"/><temp name="T1120"/><temp name="T1055"/></temps></instruction><instruction code="INCH  T1046, 0"><temps name="use"/><temps name="def"><temp name="T1046"/></temps><temps name="in"><temp name="T1146"/><temp name="T131"/><temp name="T1108"/><temp name="T1051"/><temp name="T1040"/><temp name="T1074"/><temp name="T1123"/><temp name="T1080"/><temp name="T1060"/><temp name="T1071"/><temp name="T1086"/><temp name="T1125"/><temp name="T1048"/><temp name="T1111"/><temp name="T1115"/><temp name="T1063"/><temp name="T6"/><temp name="T1092"/><temp name="T1100"/><temp name="T1152"/><temp name="T1096"/><temp name="T132"/><temp name="T1065"/><temp name="T1157"/><temp name="T1131"/><temp name="T1134"/><temp name="T1140"/><temp name="T1120"/><temp name="T1055"/></temps><temps name="out"><temp name="T1146"/><temp name="T131"/><temp name="T1108"/><temp name="T1051"/><temp name="T1040"/><temp name="T1074"/><temp name="T1123"/><temp name="T1080"/><temp name="T1060"/><temp name="T1071"/><temp name="T1086"/><temp name="T1125"/><temp name="T1046"/><temp name="T1048"/><temp name="T1111"/><temp name="T1115"/><temp name="T1063"/><temp name="T6"/><temp name="T1092"/><temp name="T1100"/><temp name="T1152"/><temp name="T1096"/><temp name="T132"/><temp name="T1065"/><temp name="T1157"/><temp name="T1131"/><temp name="T1134"/><temp name="T1140"/><temp name="T1120"/><temp name="T1055"/></temps></instruction><instruction code="NEG T1046, 0, T1046"><temps name="use"><temp name="T1046"/></temps><temps name="def"><temp name="T1046"/></temps><temps name="in"><temp name="T1146"/><temp name="T131"/><temp name="T1108"/><temp name="T1051"/><temp name="T1040"/><temp name="T1074"/><temp name="T1123"/><temp name="T1080"/><temp name="T1060"/><temp name="T1071"/><temp name="T1086"/><temp name="T1125"/><temp name="T1046"/><temp name="T1048"/><temp name="T1111"/><temp name="T1115"/><temp name="T1063"/><temp name="T6"/><temp name="T1092"/><temp name="T1100"/><temp name="T1152"/><temp name="T1096"/><temp name="T132"/><temp name="T1065"/><temp name="T1157"/><temp name="T1131"/><temp name="T1134"/><temp name="T1140"/><temp name="T1120"/><temp name="T1055"/></temps><temps name="out"><temp name="T1146"/><temp name="T131"/><temp name="T1108"/><temp name="T1051"/><temp name="T1040"/><temp name="T1074"/><temp name="T1123"/><temp name="T1080"/><temp name="T1060"/><temp name="T1071"/><temp name="T1086"/><temp name="T1125"/><temp name="T1046"/><temp name="T1048"/><temp name="T1111"/><temp name="T1115"/><temp name="T1063"/><temp name="T6"/><temp name="T1092"/><temp name="T1100"/><temp name="T1152"/><temp name="T1096"/><temp name="T132"/><temp name="T1065"/><temp name="T1157"/><temp name="T1131"/><temp name="T1134"/><temp name="T1140"/><temp name="T1120"/><temp name="T1055"/></temps></instruction><instruction code="OR T133, T1046, 0"><temps name="use"><temp name="T1046"/></temps><temps name="def"><temp name="T133"/></temps><temps name="in"><temp name="T1146"/><temp name="T131"/><temp name="T1108"/><temp name="T1051"/><temp name="T1040"/><temp name="T1074"/><temp name="T1123"/><temp name="T1080"/><temp name="T1060"/><temp name="T1071"/><temp name="T1086"/><temp name="T1125"/><temp name="T1046"/><temp name="T1048"/><temp name="T1111"/><temp name="T1115"/><temp name="T1063"/><temp name="T6"/><temp name="T1092"/><temp name="T1100"/><temp name="T1152"/><temp name="T1096"/><temp name="T132"/><temp name="T1065"/><temp name="T1157"/><temp name="T1131"/><temp name="T1134"/><temp name="T1140"/><temp name="T1120"/><temp name="T1055"/></temps><temps name="out"><temp name="T1146"/><temp name="T131"/><temp name="T1108"/><temp name="T1051"/><temp name="T1040"/><temp name="T1074"/><temp name="T1123"/><temp name="T1080"/><temp name="T1060"/><temp name="T1071"/><temp name="T1086"/><temp name="T1125"/><temp name="T1048"/><temp name="T1111"/><temp name="T133"/><temp name="T1115"/><temp name="T1063"/><temp name="T6"/><temp name="T1092"/><temp name="T1100"/><temp name="T1152"/><temp name="T1096"/><temp name="T132"/><temp name="T1065"/><temp name="T1157"/><temp name="T1131"/><temp name="T1134"/><temp name="T1140"/><temp name="T1120"/><temp name="T1055"/></temps></instruction><instruction code="ADD T1047, T132, T133"><temps name="use"><temp name="T132"/><temp name="T133"/></temps><temps name="def"><temp name="T1047"/></temps><temps name="in"><temp name="T1146"/><temp name="T131"/><temp name="T1108"/><temp name="T1051"/><temp name="T1040"/><temp name="T1074"/><temp name="T1123"/><temp name="T1080"/><temp name="T1060"/><temp name="T1071"/><temp name="T1086"/><temp name="T1125"/><temp name="T1048"/><temp name="T1111"/><temp name="T133"/><temp name="T1115"/><temp name="T1063"/><temp name="T6"/><temp name="T1092"/><temp name="T1100"/><temp name="T1152"/><temp name="T1096"/><temp name="T132"/><temp name="T1065"/><temp name="T1157"/><temp name="T1131"/><temp name="T1134"/><temp name="T1140"/><temp name="T1120"/><temp name="T1055"/></temps><temps name="out"><temp name="T1146"/><temp name="T131"/><temp name="T1108"/><temp name="T1051"/><temp name="T1040"/><temp name="T1074"/><temp name="T1123"/><temp name="T1080"/><temp name="T1047"/><temp name="T1060"/><temp name="T1071"/><temp name="T1086"/><temp name="T1125"/><temp name="T1048"/><temp name="T1111"/><temp name="T1115"/><temp name="T1063"/><temp name="T6"/><temp name="T1092"/><temp name="T1100"/><temp name="T1152"/><temp name="T1096"/><temp name="T1065"/><temp name="T1157"/><temp name="T1131"/><temp name="T1134"/><temp name="T1140"/><temp name="T1120"/><temp name="T1055"/></temps></instruction><instruction code="OR T134, T1047, 0"><temps name="use"><temp name="T1047"/></temps><temps name="def"><temp name="T134"/></temps><temps name="in"><temp name="T1146"/><temp name="T131"/><temp name="T1108"/><temp name="T1051"/><temp name="T1040"/><temp name="T1074"/><temp name="T1123"/><temp name="T1080"/><temp name="T1047"/><temp name="T1060"/><temp name="T1071"/><temp name="T1086"/><temp name="T1125"/><temp name="T1048"/><temp name="T1111"/><temp name="T1115"/><temp name="T1063"/><temp name="T6"/><temp name="T1092"/><temp name="T1100"/><temp name="T1152"/><temp name="T1096"/><temp name="T1065"/><temp name="T1157"/><temp name="T1131"/><temp name="T1134"/><temp name="T1140"/><temp name="T1120"/><temp name="T1055"/></temps><temps name="out"><temp name="T1146"/><temp name="T131"/><temp name="T1108"/><temp name="T1051"/><temp name="T1040"/><temp name="T1074"/><temp name="T1123"/><temp name="T1080"/><temp name="T1060"/><temp name="T1071"/><temp name="T1086"/><temp name="T1125"/><temp name="T1048"/><temp name="T1111"/><temp name="T1115"/><temp name="T1063"/><temp name="T6"/><temp name="T1092"/><temp name="T1100"/><temp name="T1152"/><temp name="T1096"/><temp name="T1065"/><temp name="T1157"/><temp name="T1131"/><temp name="T1134"/><temp name="T1140"/><temp name="T1120"/><temp name="T1055"/></temps></instruction><instruction code="LDO T1049, T1048, 0"><temps name="use"><temp name="T1048"/></temps><temps name="def"><temp name="T1049"/></temps><temps name="in"><temp name="T1146"/><temp name="T131"/><temp name="T1108"/><temp name="T1051"/><temp name="T1040"/><temp name="T1074"/><temp name="T1123"/><temp name="T1080"/><temp name="T1060"/><temp name="T1071"/><temp name="T1086"/><temp name="T1125"/><temp name="T1048"/><temp name="T1111"/><temp name="T1115"/><temp name="T1063"/><temp name="T6"/><temp name="T1092"/><temp name="T1100"/><temp name="T1152"/><temp name="T1096"/><temp name="T1065"/><temp name="T1157"/><temp name="T1131"/><temp name="T1134"/><temp name="T1140"/><temp name="T1120"/><temp name="T1055"/></temps><temps name="out"><temp name="T1146"/><temp name="T131"/><temp name="T1108"/><temp name="T1051"/><temp name="T1040"/><temp name="T1074"/><temp name="T1123"/><temp name="T1080"/><temp name="T1060"/><temp name="T1071"/><temp name="T1086"/><temp name="T1125"/><temp name="T1048"/><temp name="T1111"/><temp name="T1115"/><temp name="T1063"/><temp name="T6"/><temp name="T1049"/><temp name="T1092"/><temp name="T1100"/><temp name="T1152"/><temp name="T1096"/><temp name="T1065"/><temp name="T1157"/><temp name="T1131"/><temp name="T1134"/><temp name="T1140"/><temp name="T1120"/><temp name="T1055"/></temps></instruction><instruction code="OR T135, T1049, 0"><temps name="use"><temp name="T1049"/></temps><temps name="def"><temp name="T135"/></temps><temps name="in"><temp name="T1146"/><temp name="T131"/><temp name="T1108"/><temp name="T1051"/><temp name="T1040"/><temp name="T1074"/><temp name="T1123"/><temp name="T1080"/><temp name="T1060"/><temp name="T1071"/><temp name="T1086"/><temp name="T1125"/><temp name="T1048"/><temp name="T1111"/><temp name="T1115"/><temp name="T1063"/><temp name="T6"/><temp name="T1049"/><temp name="T1092"/><temp name="T1100"/><temp name="T1152"/><temp name="T1096"/><temp name="T1065"/><temp name="T1157"/><temp name="T1131"/><temp name="T1134"/><temp name="T1140"/><temp name="T1120"/><temp name="T1055"/></temps><temps name="out"><temp name="T1146"/><temp name="T131"/><temp name="T1108"/><temp name="T1051"/><temp name="T1040"/><temp name="T1074"/><temp name="T1123"/><temp name="T1080"/><temp name="T1060"/><temp name="T1071"/><temp name="T1086"/><temp name="T1125"/><temp name="T135"/><temp name="T1048"/><temp name="T1111"/><temp name="T1115"/><temp name="T1063"/><temp name="T6"/><temp name="T1092"/><temp name="T1100"/><temp name="T1152"/><temp name="T1096"/><temp name="T1065"/><temp name="T1157"/><temp name="T1131"/><temp name="T1134"/><temp name="T1140"/><temp name="T1120"/><temp name="T1055"/></temps></instruction><instruction code="STO T131, $254, 8"><temps name="use"><temp name="T131"/></temps><temps name="def"/><temps name="in"><temp name="T1146"/><temp name="T131"/><temp name="T1108"/><temp name="T1051"/><temp name="T1040"/><temp name="T1074"/><temp name="T1123"/><temp name="T1080"/><temp name="T1060"/><temp name="T1071"/><temp name="T1086"/><temp name="T1125"/><temp name="T135"/><temp name="T1048"/><temp name="T1111"/><temp name="T1115"/><temp name="T1063"/><temp name="T6"/><temp name="T1092"/><temp name="T1100"/><temp name="T1152"/><temp name="T1096"/><temp name="T1065"/><temp name="T1157"/><temp name="T1131"/><temp name="T1134"/><temp name="T1140"/><temp name="T1120"/><temp name="T1055"/></temps><temps name="out"><temp name="T1146"/><temp name="T1108"/><temp name="T1051"/><temp name="T1040"/><temp name="T1074"/><temp name="T1123"/><temp name="T1080"/><temp name="T1060"/><temp name="T1071"/><temp name="T1086"/><temp name="T1125"/><temp name="T135"/><temp name="T1048"/><temp name="T1111"/><temp name="T1115"/><temp name="T1063"/><temp name="T6"/><temp name="T1092"/><temp name="T1100"/><temp name="T1152"/><temp name="T1096"/><temp name="T1065"/><temp name="T1157"/><temp name="T1131"/><temp name="T1134"/><temp name="T1140"/><temp name="T1120"/><temp name="T1055"/></temps></instruction><instruction code="STO T135, $254, 16"><temps name="use"><temp name="T135"/></temps><temps name="def"/><temps name="in"><temp name="T1146"/><temp name="T1108"/><temp name="T1051"/><temp name="T1040"/><temp name="T1074"/><temp name="T1123"/><temp name="T1080"/><temp name="T1060"/><temp name="T1071"/><temp name="T1086"/><temp name="T1125"/><temp name="T135"/><temp name="T1048"/><temp name="T1111"/><temp name="T1115"/><temp name="T1063"/><temp name="T6"/><temp name="T1092"/><temp name="T1100"/><temp name="T1152"/><temp name="T1096"/><temp name="T1065"/><temp name="T1157"/><temp name="T1131"/><temp name="T1134"/><temp name="T1140"/><temp name="T1120"/><temp name="T1055"/></temps><temps name="out"><temp name="T1146"/><temp name="T1108"/><temp name="T1051"/><temp name="T1040"/><temp name="T1074"/><temp name="T1123"/><temp name="T1080"/><temp name="T1060"/><temp name="T1071"/><temp name="T1086"/><temp name="T1125"/><temp name="T1048"/><temp name="T1111"/><temp name="T1115"/><temp name="T1063"/><temp name="T6"/><temp name="T1092"/><temp name="T1100"/><temp name="T1152"/><temp name="T1096"/><temp name="T1065"/><temp name="T1157"/><temp name="T1131"/><temp name="T1134"/><temp name="T1140"/><temp name="T1120"/><temp name="T1055"/></temps></instruction><instruction code="LDA T1050, _putInt"><temps name="use"/><temps name="def"><temp name="T1050"/></temps><temps name="in"><temp name="T1146"/><temp name="T1108"/><temp name="T1051"/><temp name="T1040"/><temp name="T1074"/><temp name="T1123"/><temp name="T1080"/><temp name="T1060"/><temp name="T1071"/><temp name="T1086"/><temp name="T1125"/><temp name="T1048"/><temp name="T1111"/><temp name="T1115"/><temp name="T1063"/><temp name="T6"/><temp name="T1092"/><temp name="T1100"/><temp name="T1152"/><temp name="T1096"/><temp name="T1065"/><temp name="T1157"/><temp name="T1131"/><temp name="T1134"/><temp name="T1140"/><temp name="T1120"/><temp name="T1055"/></temps><temps name="out"><temp name="T1146"/><temp name="T1108"/><temp name="T1051"/><temp name="T1040"/><temp name="T1074"/><temp name="T1123"/><temp name="T1080"/><temp name="T1060"/><temp name="T1071"/><temp name="T1086"/><temp name="T1125"/><temp name="T1048"/><temp name="T1111"/><temp name="T1115"/><temp name="T1063"/><temp name="T6"/><temp name="T1092"/><temp name="T1100"/><temp name="T1152"/><temp name="T1096"/><temp name="T1065"/><temp name="T1157"/><temp name="T1131"/><temp name="T1134"/><temp name="T1140"/><temp name="T1050"/><temp name="T1120"/><temp name="T1055"/></temps></instruction><instruction code="PUSHJ $15, T1050, 0"><temps name="use"><temp name="T1050"/></temps><temps name="def"/><temps name="in"><temp name="T1146"/><temp name="T1108"/><temp name="T1051"/><temp name="T1040"/><temp name="T1074"/><temp name="T1123"/><temp name="T1080"/><temp name="T1060"/><temp name="T1071"/><temp name="T1086"/><temp name="T1125"/><temp name="T1048"/><temp name="T1111"/><temp name="T1115"/><temp name="T1063"/><temp name="T6"/><temp name="T1092"/><temp name="T1100"/><temp name="T1152"/><temp name="T1096"/><temp name="T1065"/><temp name="T1157"/><temp name="T1131"/><temp name="T1134"/><temp name="T1140"/><temp name="T1050"/><temp name="T1120"/><temp name="T1055"/></temps><temps name="out"><temp name="T1146"/><temp name="T1108"/><temp name="T1051"/><temp name="T1040"/><temp name="T1074"/><temp name="T1123"/><temp name="T1080"/><temp name="T1060"/><temp name="T1071"/><temp name="T1086"/><temp name="T1125"/><temp name="T1048"/><temp name="T1111"/><temp name="T1115"/><temp name="T1063"/><temp name="T6"/><temp name="T1092"/><temp name="T1100"/><temp name="T1152"/><temp name="T1096"/><temp name="T1065"/><temp name="T1157"/><temp name="T1131"/><temp name="T1134"/><temp name="T1140"/><temp name="T1120"/><temp name="T1055"/></temps></instruction><instruction code="OR T136, T1051, 0"><temps name="use"><temp name="T1051"/></temps><temps name="def"><temp name="T136"/></temps><temps name="in"><temp name="T1146"/><temp name="T1108"/><temp name="T1051"/><temp name="T1040"/><temp name="T1074"/><temp name="T1123"/><temp name="T1080"/><temp name="T1060"/><temp name="T1071"/><temp name="T1086"/><temp name="T1125"/><temp name="T1048"/><temp name="T1111"/><temp name="T1115"/><temp name="T1063"/><temp name="T6"/><temp name="T1092"/><temp name="T1100"/><temp name="T1152"/><temp name="T1096"/><temp name="T1065"/><temp name="T1157"/><temp name="T1131"/><temp name="T1134"/><temp name="T1140"/><temp name="T1120"/><temp name="T1055"/></temps><temps name="out"><temp name="T1146"/><temp name="T1108"/><temp name="T1051"/><temp name="T1040"/><temp name="T1074"/><temp name="T1123"/><temp name="T1080"/><temp name="T1060"/><temp name="T1071"/><temp name="T1086"/><temp name="T1125"/><temp name="T1048"/><temp name="T1111"/><temp name="T1115"/><temp name="T1063"/><temp name="T6"/><temp name="T1092"/><temp name="T1100"/><temp name="T1152"/><temp name="T1096"/><temp name="T1065"/><temp name="T1157"/><temp name="T1131"/><temp name="T1134"/><temp name="T1140"/><temp name="T1120"/><temp name="T1055"/></temps></instruction><instruction code="SETL  T1052, 0"><temps name="use"/><temps name="def"><temp name="T1052"/></temps><temps name="in"><temp name="T1146"/><temp name="T1108"/><temp name="T1051"/><temp name="T1040"/><temp name="T1074"/><temp name="T1123"/><temp name="T1080"/><temp name="T1060"/><temp name="T1071"/><temp name="T1086"/><temp name="T1125"/><temp name="T1048"/><temp name="T1111"/><temp name="T1115"/><temp name="T1063"/><temp name="T6"/><temp name="T1092"/><temp name="T1100"/><temp name="T1152"/><temp name="T1096"/><temp name="T1065"/><temp name="T1157"/><temp name="T1131"/><temp name="T1134"/><temp name="T1140"/><temp name="T1120"/><temp name="T1055"/></temps><temps name="out"><temp name="T1146"/><temp name="T1108"/><temp name="T1051"/><temp name="T1040"/><temp name="T1074"/><temp name="T1123"/><temp name="T1080"/><temp name="T1060"/><temp name="T1071"/><temp name="T1086"/><temp name="T1125"/><temp name="T1048"/><temp name="T1111"/><temp name="T1115"/><temp name="T1063"/><temp name="T6"/><temp name="T1092"/><temp name="T1100"/><temp name="T1152"/><temp name="T1096"/><temp name="T1065"/><temp name="T1157"/><temp name="T1131"/><temp name="T1134"/><temp name="T1140"/><temp name="T1120"/><temp name="T1055"/></temps></instruction><instruction code="INCML T1052, 0"><temps name="use"/><temps name="def"><temp name="T1052"/></temps><temps name="in"><temp name="T1146"/><temp name="T1108"/><temp name="T1051"/><temp name="T1040"/><temp name="T1074"/><temp name="T1123"/><temp name="T1080"/><temp name="T1060"/><temp name="T1071"/><temp name="T1086"/><temp name="T1125"/><temp name="T1048"/><temp name="T1111"/><temp name="T1115"/><temp name="T1063"/><temp name="T6"/><temp name="T1092"/><temp name="T1100"/><temp name="T1152"/><temp name="T1096"/><temp name="T1065"/><temp name="T1157"/><temp name="T1131"/><temp name="T1134"/><temp name="T1140"/><temp name="T1120"/><temp name="T1055"/></temps><temps name="out"><temp name="T1146"/><temp name="T1108"/><temp name="T1051"/><temp name="T1040"/><temp name="T1074"/><temp name="T1123"/><temp name="T1080"/><temp name="T1060"/><temp name="T1071"/><temp name="T1086"/><temp name="T1125"/><temp name="T1048"/><temp name="T1111"/><temp name="T1115"/><temp name="T1063"/><temp name="T6"/><temp name="T1092"/><temp name="T1100"/><temp name="T1152"/><temp name="T1096"/><temp name="T1065"/><temp name="T1157"/><temp name="T1131"/><temp name="T1134"/><temp name="T1140"/><temp name="T1120"/><temp name="T1055"/></temps></instruction><instruction code="INCMH T1052, 0"><temps name="use"/><temps name="def"><temp name="T1052"/></temps><temps name="in"><temp name="T1146"/><temp name="T1108"/><temp name="T1051"/><temp name="T1040"/><temp name="T1074"/><temp name="T1123"/><temp name="T1080"/><temp name="T1060"/><temp name="T1071"/><temp name="T1086"/><temp name="T1125"/><temp name="T1048"/><temp name="T1111"/><temp name="T1115"/><temp name="T1063"/><temp name="T6"/><temp name="T1092"/><temp name="T1100"/><temp name="T1152"/><temp name="T1096"/><temp name="T1065"/><temp name="T1157"/><temp name="T1131"/><temp name="T1134"/><temp name="T1140"/><temp name="T1120"/><temp name="T1055"/></temps><temps name="out"><temp name="T1146"/><temp name="T1108"/><temp name="T1051"/><temp name="T1040"/><temp name="T1074"/><temp name="T1123"/><temp name="T1080"/><temp name="T1060"/><temp name="T1071"/><temp name="T1086"/><temp name="T1125"/><temp name="T1048"/><temp name="T1111"/><temp name="T1115"/><temp name="T1063"/><temp name="T6"/><temp name="T1092"/><temp name="T1100"/><temp name="T1152"/><temp name="T1096"/><temp name="T1065"/><temp name="T1157"/><temp name="T1131"/><temp name="T1134"/><temp name="T1140"/><temp name="T1120"/><temp name="T1055"/></temps></instruction><instruction code="INCH  T1052, 0"><temps name="use"/><temps name="def"><temp name="T1052"/></temps><temps name="in"><temp name="T1146"/><temp name="T1108"/><temp name="T1051"/><temp name="T1040"/><temp name="T1074"/><temp name="T1123"/><temp name="T1080"/><temp name="T1060"/><temp name="T1071"/><temp name="T1086"/><temp name="T1125"/><temp name="T1048"/><temp name="T1111"/><temp name="T1115"/><temp name="T1063"/><temp name="T6"/><temp name="T1092"/><temp name="T1100"/><temp name="T1152"/><temp name="T1096"/><temp name="T1065"/><temp name="T1157"/><temp name="T1131"/><temp name="T1134"/><temp name="T1140"/><temp name="T1120"/><temp name="T1055"/></temps><temps name="out"><temp name="T1146"/><temp name="T1108"/><temp name="T1051"/><temp name="T1040"/><temp name="T1074"/><temp name="T1123"/><temp name="T1080"/><temp name="T1060"/><temp name="T1071"/><temp name="T1086"/><temp name="T1125"/><temp name="T1048"/><temp name="T1111"/><temp name="T1115"/><temp name="T1063"/><temp name="T6"/><temp name="T1092"/><temp name="T1100"/><temp name="T1152"/><temp name="T1096"/><temp name="T1065"/><temp name="T1157"/><temp name="T1131"/><temp name="T1052"/><temp name="T1134"/><temp name="T1140"/><temp name="T1120"/><temp name="T1055"/></temps></instruction><instruction code="OR T137, T1052, 0"><temps name="use"><temp name="T1052"/></temps><temps name="def"><temp name="T137"/></temps><temps name="in"><temp name="T1146"/><temp name="T1108"/><temp name="T1051"/><temp name="T1040"/><temp name="T1074"/><temp name="T1123"/><temp name="T1080"/><temp name="T1060"/><temp name="T1071"/><temp name="T1086"/><temp name="T1125"/><temp name="T1048"/><temp name="T1111"/><temp name="T1115"/><temp name="T1063"/><temp name="T6"/><temp name="T1092"/><temp name="T1100"/><temp name="T1152"/><temp name="T1096"/><temp name="T1065"/><temp name="T1157"/><temp name="T1131"/><temp name="T1052"/><temp name="T1134"/><temp name="T1140"/><temp name="T1120"/><temp name="T1055"/></temps><temps name="out"><temp name="T1146"/><temp name="T137"/><temp name="T1108"/><temp name="T1051"/><temp name="T1040"/><temp name="T1074"/><temp name="T1123"/><temp name="T1080"/><temp name="T1060"/><temp name="T1071"/><temp name="T1086"/><temp name="T1125"/><temp name="T1048"/><temp name="T1111"/><temp name="T1115"/><temp name="T1063"/><temp name="T6"/><temp name="T1092"/><temp name="T1100"/><temp name="T1152"/><temp name="T1096"/><temp name="T1065"/><temp name="T1157"/><temp name="T1131"/><temp name="T1134"/><temp name="T1140"/><temp name="T1120"/><temp name="T1055"/></temps></instruction><instruction code="LDA T1053, L16"><temps name="use"/><temps name="def"><temp name="T1053"/></temps><temps name="in"><temp name="T1146"/><temp name="T137"/><temp name="T1108"/><temp name="T1051"/><temp name="T1040"/><temp name="T1074"/><temp name="T1123"/><temp name="T1080"/><temp name="T1060"/><temp name="T1071"/><temp name="T1086"/><temp name="T1125"/><temp name="T1048"/><temp name="T1111"/><temp name="T1115"/><temp name="T1063"/><temp name="T6"/><temp name="T1092"/><temp name="T1100"/><temp name="T1152"/><temp name="T1096"/><temp name="T1065"/><temp name="T1157"/><temp name="T1131"/><temp name="T1134"/><temp name="T1140"/><temp name="T1120"/><temp name="T1055"/></temps><temps name="out"><temp name="T1053"/><temp name="T1146"/><temp name="T137"/><temp name="T1108"/><temp name="T1051"/><temp name="T1040"/><temp name="T1074"/><temp name="T1123"/><temp name="T1080"/><temp name="T1060"/><temp name="T1071"/><temp name="T1086"/><temp name="T1125"/><temp name="T1048"/><temp name="T1111"/><temp name="T1115"/><temp name="T1063"/><temp name="T6"/><temp name="T1092"/><temp name="T1100"/><temp name="T1152"/><temp name="T1096"/><temp name="T1065"/><temp name="T1157"/><temp name="T1131"/><temp name="T1134"/><temp name="T1140"/><temp name="T1120"/><temp name="T1055"/></temps></instruction><instruction code="OR T138, T1053, 0"><temps name="use"><temp name="T1053"/></temps><temps name="def"><temp name="T138"/></temps><temps name="in"><temp name="T1053"/><temp name="T1146"/><temp name="T137"/><temp name="T1108"/><temp name="T1051"/><temp name="T1040"/><temp name="T1074"/><temp name="T1123"/><temp name="T1080"/><temp name="T1060"/><temp name="T1071"/><temp name="T1086"/><temp name="T1125"/><temp name="T1048"/><temp name="T1111"/><temp name="T1115"/><temp name="T1063"/><temp name="T6"/><temp name="T1092"/><temp name="T1100"/><temp name="T1152"/><temp name="T1096"/><temp name="T1065"/><temp name="T1157"/><temp name="T1131"/><temp name="T1134"/><temp name="T1140"/><temp name="T1120"/><temp name="T1055"/></temps><temps name="out"><temp name="T1146"/><temp name="T137"/><temp name="T1108"/><temp name="T1051"/><temp name="T1040"/><temp name="T1074"/><temp name="T1123"/><temp name="T1080"/><temp name="T1060"/><temp name="T1071"/><temp name="T138"/><temp name="T1086"/><temp name="T1125"/><temp name="T1048"/><temp name="T1111"/><temp name="T1115"/><temp name="T1063"/><temp name="T6"/><temp name="T1092"/><temp name="T1100"/><temp name="T1152"/><temp name="T1096"/><temp name="T1065"/><temp name="T1157"/><temp name="T1131"/><temp name="T1134"/><temp name="T1140"/><temp name="T1120"/><temp name="T1055"/></temps></instruction><instruction code="STO T137, $254, 8"><temps name="use"><temp name="T137"/></temps><temps name="def"/><temps name="in"><temp name="T1146"/><temp name="T137"/><temp name="T1108"/><temp name="T1051"/><temp name="T1040"/><temp name="T1074"/><temp name="T1123"/><temp name="T1080"/><temp name="T1060"/><temp name="T1071"/><temp name="T138"/><temp name="T1086"/><temp name="T1125"/><temp name="T1048"/><temp name="T1111"/><temp name="T1115"/><temp name="T1063"/><temp name="T6"/><temp name="T1092"/><temp name="T1100"/><temp name="T1152"/><temp name="T1096"/><temp name="T1065"/><temp name="T1157"/><temp name="T1131"/><temp name="T1134"/><temp name="T1140"/><temp name="T1120"/><temp name="T1055"/></temps><temps name="out"><temp name="T1146"/><temp name="T1108"/><temp name="T1051"/><temp name="T1040"/><temp name="T1074"/><temp name="T1123"/><temp name="T1080"/><temp name="T1060"/><temp name="T1071"/><temp name="T138"/><temp name="T1086"/><temp name="T1125"/><temp name="T1048"/><temp name="T1111"/><temp name="T1115"/><temp name="T1063"/><temp name="T6"/><temp name="T1092"/><temp name="T1100"/><temp name="T1152"/><temp name="T1096"/><temp name="T1065"/><temp name="T1157"/><temp name="T1131"/><temp name="T1134"/><temp name="T1140"/><temp name="T1120"/><temp name="T1055"/></temps></instruction><instruction code="STO T138, $254, 16"><temps name="use"><temp name="T138"/></temps><temps name="def"/><temps name="in"><temp name="T1146"/><temp name="T1108"/><temp name="T1051"/><temp name="T1040"/><temp name="T1074"/><temp name="T1123"/><temp name="T1080"/><temp name="T1060"/><temp name="T1071"/><temp name="T138"/><temp name="T1086"/><temp name="T1125"/><temp name="T1048"/><temp name="T1111"/><temp name="T1115"/><temp name="T1063"/><temp name="T6"/><temp name="T1092"/><temp name="T1100"/><temp name="T1152"/><temp name="T1096"/><temp name="T1065"/><temp name="T1157"/><temp name="T1131"/><temp name="T1134"/><temp name="T1140"/><temp name="T1120"/><temp name="T1055"/></temps><temps name="out"><temp name="T1146"/><temp name="T1108"/><temp name="T1051"/><temp name="T1040"/><temp name="T1074"/><temp name="T1123"/><temp name="T1080"/><temp name="T1060"/><temp name="T1071"/><temp name="T1086"/><temp name="T1125"/><temp name="T1048"/><temp name="T1111"/><temp name="T1115"/><temp name="T1063"/><temp name="T6"/><temp name="T1092"/><temp name="T1100"/><temp name="T1152"/><temp name="T1096"/><temp name="T1065"/><temp name="T1157"/><temp name="T1131"/><temp name="T1134"/><temp name="T1140"/><temp name="T1120"/><temp name="T1055"/></temps></instruction><instruction code="LDA T1054, _putString"><temps name="use"/><temps name="def"><temp name="T1054"/></temps><temps name="in"><temp name="T1146"/><temp name="T1108"/><temp name="T1051"/><temp name="T1040"/><temp name="T1074"/><temp name="T1123"/><temp name="T1080"/><temp name="T1060"/><temp name="T1071"/><temp name="T1086"/><temp name="T1125"/><temp name="T1048"/><temp name="T1111"/><temp name="T1115"/><temp name="T1063"/><temp name="T6"/><temp name="T1092"/><temp name="T1100"/><temp name="T1152"/><temp name="T1096"/><temp name="T1065"/><temp name="T1157"/><temp name="T1131"/><temp name="T1134"/><temp name="T1140"/><temp name="T1120"/><temp name="T1055"/></temps><temps name="out"><temp name="T1054"/><temp name="T1146"/><temp name="T1108"/><temp name="T1051"/><temp name="T1040"/><temp name="T1074"/><temp name="T1123"/><temp name="T1080"/><temp name="T1060"/><temp name="T1071"/><temp name="T1086"/><temp name="T1125"/><temp name="T1048"/><temp name="T1111"/><temp name="T1115"/><temp name="T1063"/><temp name="T6"/><temp name="T1092"/><temp name="T1100"/><temp name="T1152"/><temp name="T1096"/><temp name="T1065"/><temp name="T1157"/><temp name="T1131"/><temp name="T1134"/><temp name="T1140"/><temp name="T1120"/><temp name="T1055"/></temps></instruction><instruction code="PUSHJ $15, T1054, 0"><temps name="use"><temp name="T1054"/></temps><temps name="def"/><temps name="in"><temp name="T1054"/><temp name="T1146"/><temp name="T1108"/><temp name="T1051"/><temp name="T1040"/><temp name="T1074"/><temp name="T1123"/><temp name="T1080"/><temp name="T1060"/><temp name="T1071"/><temp name="T1086"/><temp name="T1125"/><temp name="T1048"/><temp name="T1111"/><temp name="T1115"/><temp name="T1063"/><temp name="T6"/><temp name="T1092"/><temp name="T1100"/><temp name="T1152"/><temp name="T1096"/><temp name="T1065"/><temp name="T1157"/><temp name="T1131"/><temp name="T1134"/><temp name="T1140"/><temp name="T1120"/><temp name="T1055"/></temps><temps name="out"><temp name="T1146"/><temp name="T1108"/><temp name="T1051"/><temp name="T1040"/><temp name="T1074"/><temp name="T1123"/><temp name="T1080"/><temp name="T1060"/><temp name="T1071"/><temp name="T1086"/><temp name="T1125"/><temp name="T1048"/><temp name="T1111"/><temp name="T1115"/><temp name="T1063"/><temp name="T6"/><temp name="T1092"/><temp name="T1100"/><temp name="T1152"/><temp name="T1096"/><temp name="T1065"/><temp name="T1157"/><temp name="T1131"/><temp name="T1134"/><temp name="T1140"/><temp name="T1120"/><temp name="T1055"/></temps></instruction><instruction code="OR T139, T1055, 0"><temps name="use"><temp name="T1055"/></temps><temps name="def"><temp name="T139"/></temps><temps name="in"><temp name="T1146"/><temp name="T1108"/><temp name="T1051"/><temp name="T1040"/><temp name="T1074"/><temp name="T1123"/><temp name="T1080"/><temp name="T1060"/><temp name="T1071"/><temp name="T1086"/><temp name="T1125"/><temp name="T1048"/><temp name="T1111"/><temp name="T1115"/><temp name="T1063"/><temp name="T6"/><temp name="T1092"/><temp name="T1100"/><temp name="T1152"/><temp name="T1096"/><temp name="T1065"/><temp name="T1157"/><temp name="T1131"/><temp name="T1134"/><temp name="T1140"/><temp name="T1120"/><temp name="T1055"/></temps><temps name="out"><temp name="T1146"/><temp name="T1108"/><temp name="T1051"/><temp name="T1040"/><temp name="T1074"/><temp name="T1123"/><temp name="T1080"/><temp name="T1060"/><temp name="T1071"/><temp name="T1086"/><temp name="T1125"/><temp name="T1048"/><temp name="T1111"/><temp name="T1115"/><temp name="T1063"/><temp name="T6"/><temp name="T1092"/><temp name="T1100"/><temp name="T1152"/><temp name="T1096"/><temp name="T1065"/><temp name="T1157"/><temp name="T1131"/><temp name="T1134"/><temp name="T1140"/><temp name="T1120"/><temp name="T1055"/></temps></instruction><instruction code="SETL  T1056, 0"><temps name="use"/><temps name="def"><temp name="T1056"/></temps><temps name="in"><temp name="T1146"/><temp name="T1108"/><temp name="T1051"/><temp name="T1040"/><temp name="T1074"/><temp name="T1123"/><temp name="T1080"/><temp name="T1060"/><temp name="T1071"/><temp name="T1086"/><temp name="T1125"/><temp name="T1048"/><temp name="T1111"/><temp name="T1115"/><temp name="T1063"/><temp name="T6"/><temp name="T1092"/><temp name="T1100"/><temp name="T1152"/><temp name="T1096"/><temp name="T1065"/><temp name="T1157"/><temp name="T1131"/><temp name="T1134"/><temp name="T1140"/><temp name="T1120"/><temp name="T1055"/></temps><temps name="out"><temp name="T1146"/><temp name="T1108"/><temp name="T1051"/><temp name="T1040"/><temp name="T1074"/><temp name="T1123"/><temp name="T1080"/><temp name="T1060"/><temp name="T1071"/><temp name="T1086"/><temp name="T1125"/><temp name="T1048"/><temp name="T1111"/><temp name="T1115"/><temp name="T1063"/><temp name="T6"/><temp name="T1092"/><temp name="T1100"/><temp name="T1152"/><temp name="T1096"/><temp name="T1065"/><temp name="T1157"/><temp name="T1131"/><temp name="T1134"/><temp name="T1140"/><temp name="T1120"/><temp name="T1055"/></temps></instruction><instruction code="INCML T1056, 0"><temps name="use"/><temps name="def"><temp name="T1056"/></temps><temps name="in"><temp name="T1146"/><temp name="T1108"/><temp name="T1051"/><temp name="T1040"/><temp name="T1074"/><temp name="T1123"/><temp name="T1080"/><temp name="T1060"/><temp name="T1071"/><temp name="T1086"/><temp name="T1125"/><temp name="T1048"/><temp name="T1111"/><temp name="T1115"/><temp name="T1063"/><temp name="T6"/><temp name="T1092"/><temp name="T1100"/><temp name="T1152"/><temp name="T1096"/><temp name="T1065"/><temp name="T1157"/><temp name="T1131"/><temp name="T1134"/><temp name="T1140"/><temp name="T1120"/><temp name="T1055"/></temps><temps name="out"><temp name="T1146"/><temp name="T1108"/><temp name="T1051"/><temp name="T1040"/><temp name="T1074"/><temp name="T1123"/><temp name="T1080"/><temp name="T1060"/><temp name="T1071"/><temp name="T1086"/><temp name="T1125"/><temp name="T1048"/><temp name="T1111"/><temp name="T1115"/><temp name="T1063"/><temp name="T6"/><temp name="T1092"/><temp name="T1100"/><temp name="T1152"/><temp name="T1096"/><temp name="T1065"/><temp name="T1157"/><temp name="T1131"/><temp name="T1134"/><temp name="T1140"/><temp name="T1120"/><temp name="T1055"/></temps></instruction><instruction code="INCMH T1056, 0"><temps name="use"/><temps name="def"><temp name="T1056"/></temps><temps name="in"><temp name="T1146"/><temp name="T1108"/><temp name="T1051"/><temp name="T1040"/><temp name="T1074"/><temp name="T1123"/><temp name="T1080"/><temp name="T1060"/><temp name="T1071"/><temp name="T1086"/><temp name="T1125"/><temp name="T1048"/><temp name="T1111"/><temp name="T1115"/><temp name="T1063"/><temp name="T6"/><temp name="T1092"/><temp name="T1100"/><temp name="T1152"/><temp name="T1096"/><temp name="T1065"/><temp name="T1157"/><temp name="T1131"/><temp name="T1134"/><temp name="T1140"/><temp name="T1120"/><temp name="T1055"/></temps><temps name="out"><temp name="T1146"/><temp name="T1108"/><temp name="T1051"/><temp name="T1040"/><temp name="T1074"/><temp name="T1123"/><temp name="T1080"/><temp name="T1060"/><temp name="T1071"/><temp name="T1086"/><temp name="T1125"/><temp name="T1048"/><temp name="T1111"/><temp name="T1115"/><temp name="T1063"/><temp name="T6"/><temp name="T1092"/><temp name="T1100"/><temp name="T1152"/><temp name="T1096"/><temp name="T1065"/><temp name="T1157"/><temp name="T1131"/><temp name="T1134"/><temp name="T1140"/><temp name="T1120"/><temp name="T1055"/></temps></instruction><instruction code="INCH  T1056, 0"><temps name="use"/><temps name="def"><temp name="T1056"/></temps><temps name="in"><temp name="T1146"/><temp name="T1108"/><temp name="T1051"/><temp name="T1040"/><temp name="T1074"/><temp name="T1123"/><temp name="T1080"/><temp name="T1060"/><temp name="T1071"/><temp name="T1086"/><temp name="T1125"/><temp name="T1048"/><temp name="T1111"/><temp name="T1115"/><temp name="T1063"/><temp name="T6"/><temp name="T1092"/><temp name="T1100"/><temp name="T1152"/><temp name="T1096"/><temp name="T1065"/><temp name="T1157"/><temp name="T1131"/><temp name="T1134"/><temp name="T1140"/><temp name="T1120"/><temp name="T1055"/></temps><temps name="out"><temp name="T1146"/><temp name="T1108"/><temp name="T1051"/><temp name="T1040"/><temp name="T1074"/><temp name="T1123"/><temp name="T1056"/><temp name="T1080"/><temp name="T1060"/><temp name="T1071"/><temp name="T1086"/><temp name="T1125"/><temp name="T1048"/><temp name="T1111"/><temp name="T1115"/><temp name="T1063"/><temp name="T6"/><temp name="T1092"/><temp name="T1100"/><temp name="T1152"/><temp name="T1096"/><temp name="T1065"/><temp name="T1157"/><temp name="T1131"/><temp name="T1134"/><temp name="T1140"/><temp name="T1120"/><temp name="T1055"/></temps></instruction><instruction code="OR T140, T1056, 0"><temps name="use"><temp name="T1056"/></temps><temps name="def"><temp name="T140"/></temps><temps name="in"><temp name="T1146"/><temp name="T1108"/><temp name="T1051"/><temp name="T1040"/><temp name="T1074"/><temp name="T1123"/><temp name="T1056"/><temp name="T1080"/><temp name="T1060"/><temp name="T1071"/><temp name="T1086"/><temp name="T1125"/><temp name="T1048"/><temp name="T1111"/><temp name="T1115"/><temp name="T1063"/><temp name="T6"/><temp name="T1092"/><temp name="T1100"/><temp name="T1152"/><temp name="T1096"/><temp name="T1065"/><temp name="T1157"/><temp name="T1131"/><temp name="T1134"/><temp name="T1140"/><temp name="T1120"/><temp name="T1055"/></temps><temps name="out"><temp name="T1146"/><temp name="T1108"/><temp name="T1051"/><temp name="T1040"/><temp name="T1074"/><temp name="T1123"/><temp name="T1080"/><temp name="T1060"/><temp name="T1071"/><temp name="T1086"/><temp name="T1125"/><temp name="T1048"/><temp name="T1111"/><temp name="T1115"/><temp name="T1063"/><temp name="T6"/><temp name="T1092"/><temp name="T1100"/><temp name="T1152"/><temp name="T140"/><temp name="T1096"/><temp name="T1065"/><temp name="T1157"/><temp name="T1131"/><temp name="T1134"/><temp name="T1140"/><temp name="T1120"/><temp name="T1055"/></temps></instruction><instruction code="SETL  T1057, 0"><temps name="use"/><temps name="def"><temp name="T1057"/></temps><temps name="in"><temp name="T1146"/><temp name="T1108"/><temp name="T1051"/><temp name="T1040"/><temp name="T1074"/><temp name="T1123"/><temp name="T1080"/><temp name="T1060"/><temp name="T1071"/><temp name="T1086"/><temp name="T1125"/><temp name="T1048"/><temp name="T1111"/><temp name="T1115"/><temp name="T1063"/><temp name="T6"/><temp name="T1092"/><temp name="T1100"/><temp name="T1152"/><temp name="T140"/><temp name="T1096"/><temp name="T1065"/><temp name="T1157"/><temp name="T1131"/><temp name="T1134"/><temp name="T1140"/><temp name="T1120"/><temp name="T1055"/></temps><temps name="out"><temp name="T1146"/><temp name="T1108"/><temp name="T1051"/><temp name="T1040"/><temp name="T1074"/><temp name="T1123"/><temp name="T1080"/><temp name="T1060"/><temp name="T1071"/><temp name="T1086"/><temp name="T1125"/><temp name="T1048"/><temp name="T1111"/><temp name="T1115"/><temp name="T1063"/><temp name="T6"/><temp name="T1092"/><temp name="T1100"/><temp name="T1152"/><temp name="T140"/><temp name="T1096"/><temp name="T1065"/><temp name="T1157"/><temp name="T1131"/><temp name="T1134"/><temp name="T1140"/><temp name="T1120"/><temp name="T1055"/></temps></instruction><instruction code="INCML T1057, 0"><temps name="use"/><temps name="def"><temp name="T1057"/></temps><temps name="in"><temp name="T1146"/><temp name="T1108"/><temp name="T1051"/><temp name="T1040"/><temp name="T1074"/><temp name="T1123"/><temp name="T1080"/><temp name="T1060"/><temp name="T1071"/><temp name="T1086"/><temp name="T1125"/><temp name="T1048"/><temp name="T1111"/><temp name="T1115"/><temp name="T1063"/><temp name="T6"/><temp name="T1092"/><temp name="T1100"/><temp name="T1152"/><temp name="T140"/><temp name="T1096"/><temp name="T1065"/><temp name="T1157"/><temp name="T1131"/><temp name="T1134"/><temp name="T1140"/><temp name="T1120"/><temp name="T1055"/></temps><temps name="out"><temp name="T1146"/><temp name="T1108"/><temp name="T1051"/><temp name="T1040"/><temp name="T1074"/><temp name="T1123"/><temp name="T1080"/><temp name="T1060"/><temp name="T1071"/><temp name="T1086"/><temp name="T1125"/><temp name="T1048"/><temp name="T1111"/><temp name="T1115"/><temp name="T1063"/><temp name="T6"/><temp name="T1092"/><temp name="T1100"/><temp name="T1152"/><temp name="T140"/><temp name="T1096"/><temp name="T1065"/><temp name="T1157"/><temp name="T1131"/><temp name="T1134"/><temp name="T1140"/><temp name="T1120"/><temp name="T1055"/></temps></instruction><instruction code="INCMH T1057, 0"><temps name="use"/><temps name="def"><temp name="T1057"/></temps><temps name="in"><temp name="T1146"/><temp name="T1108"/><temp name="T1051"/><temp name="T1040"/><temp name="T1074"/><temp name="T1123"/><temp name="T1080"/><temp name="T1060"/><temp name="T1071"/><temp name="T1086"/><temp name="T1125"/><temp name="T1048"/><temp name="T1111"/><temp name="T1115"/><temp name="T1063"/><temp name="T6"/><temp name="T1092"/><temp name="T1100"/><temp name="T1152"/><temp name="T140"/><temp name="T1096"/><temp name="T1065"/><temp name="T1157"/><temp name="T1131"/><temp name="T1134"/><temp name="T1140"/><temp name="T1120"/><temp name="T1055"/></temps><temps name="out"><temp name="T1146"/><temp name="T1108"/><temp name="T1051"/><temp name="T1040"/><temp name="T1074"/><temp name="T1123"/><temp name="T1080"/><temp name="T1060"/><temp name="T1071"/><temp name="T1086"/><temp name="T1125"/><temp name="T1048"/><temp name="T1111"/><temp name="T1115"/><temp name="T1063"/><temp name="T6"/><temp name="T1092"/><temp name="T1100"/><temp name="T1152"/><temp name="T140"/><temp name="T1096"/><temp name="T1065"/><temp name="T1157"/><temp name="T1131"/><temp name="T1134"/><temp name="T1140"/><temp name="T1120"/><temp name="T1055"/></temps></instruction><instruction code="INCH  T1057, 0"><temps name="use"/><temps name="def"><temp name="T1057"/></temps><temps name="in"><temp name="T1146"/><temp name="T1108"/><temp name="T1051"/><temp name="T1040"/><temp name="T1074"/><temp name="T1123"/><temp name="T1080"/><temp name="T1060"/><temp name="T1071"/><temp name="T1086"/><temp name="T1125"/><temp name="T1048"/><temp name="T1111"/><temp name="T1115"/><temp name="T1063"/><temp name="T6"/><temp name="T1092"/><temp name="T1100"/><temp name="T1152"/><temp name="T140"/><temp name="T1096"/><temp name="T1065"/><temp name="T1157"/><temp name="T1131"/><temp name="T1134"/><temp name="T1140"/><temp name="T1120"/><temp name="T1055"/></temps><temps name="out"><temp name="T1146"/><temp name="T1057"/><temp name="T1108"/><temp name="T1051"/><temp name="T1040"/><temp name="T1074"/><temp name="T1123"/><temp name="T1080"/><temp name="T1060"/><temp name="T1071"/><temp name="T1086"/><temp name="T1125"/><temp name="T1048"/><temp name="T1111"/><temp name="T1115"/><temp name="T1063"/><temp name="T6"/><temp name="T1092"/><temp name="T1100"/><temp name="T1152"/><temp name="T140"/><temp name="T1096"/><temp name="T1065"/><temp name="T1157"/><temp name="T1131"/><temp name="T1134"/><temp name="T1140"/><temp name="T1120"/><temp name="T1055"/></temps></instruction><instruction code="OR T141, T1057, 0"><temps name="use"><temp name="T1057"/></temps><temps name="def"><temp name="T141"/></temps><temps name="in"><temp name="T1146"/><temp name="T1057"/><temp name="T1108"/><temp name="T1051"/><temp name="T1040"/><temp name="T1074"/><temp name="T1123"/><temp name="T1080"/><temp name="T1060"/><temp name="T1071"/><temp name="T1086"/><temp name="T1125"/><temp name="T1048"/><temp name="T1111"/><temp name="T1115"/><temp name="T1063"/><temp name="T6"/><temp name="T1092"/><temp name="T1100"/><temp name="T1152"/><temp name="T140"/><temp name="T1096"/><temp name="T1065"/><temp name="T1157"/><temp name="T1131"/><temp name="T1134"/><temp name="T1140"/><temp name="T1120"/><temp name="T1055"/></temps><temps name="out"><temp name="T1146"/><temp name="T1108"/><temp name="T1051"/><temp name="T1040"/><temp name="T1074"/><temp name="T1123"/><temp name="T1080"/><temp name="T1060"/><temp name="T1071"/><temp name="T1086"/><temp name="T1125"/><temp name="T1048"/><temp name="T1111"/><temp name="T1115"/><temp name="T1063"/><temp name="T6"/><temp name="T1092"/><temp name="T1100"/><temp name="T1152"/><temp name="T140"/><temp name="T141"/><temp name="T1096"/><temp name="T1065"/><temp name="T1157"/><temp name="T1131"/><temp name="T1134"/><temp name="T1140"/><temp name="T1120"/><temp name="T1055"/></temps></instruction><instruction code="OR T142, T6, 0"><temps name="use"><temp name="T6"/></temps><temps name="def"><temp name="T142"/></temps><temps name="in"><temp name="T1146"/><temp name="T1108"/><temp name="T1051"/><temp name="T1040"/><temp name="T1074"/><temp name="T1123"/><temp name="T1080"/><temp name="T1060"/><temp name="T1071"/><temp name="T1086"/><temp name="T1125"/><temp name="T1048"/><temp name="T1111"/><temp name="T1115"/><temp name="T1063"/><temp name="T6"/><temp name="T1092"/><temp name="T1100"/><temp name="T1152"/><temp name="T140"/><temp name="T141"/><temp name="T1096"/><temp name="T1065"/><temp name="T1157"/><temp name="T1131"/><temp name="T1134"/><temp name="T1140"/><temp name="T1120"/><temp name="T1055"/></temps><temps name="out"><temp name="T1146"/><temp name="T142"/><temp name="T1108"/><temp name="T1051"/><temp name="T1040"/><temp name="T1074"/><temp name="T1123"/><temp name="T1080"/><temp name="T1060"/><temp name="T1071"/><temp name="T1086"/><temp name="T1125"/><temp name="T1048"/><temp name="T1111"/><temp name="T1115"/><temp name="T1063"/><temp name="T6"/><temp name="T1092"/><temp name="T1100"/><temp name="T1152"/><temp name="T140"/><temp name="T141"/><temp name="T1096"/><temp name="T1065"/><temp name="T1157"/><temp name="T1131"/><temp name="T1134"/><temp name="T1140"/><temp name="T1120"/><temp name="T1055"/></temps></instruction><instruction code="SETL  T1058, 8"><temps name="use"/><temps name="def"><temp name="T1058"/></temps><temps name="in"><temp name="T1146"/><temp name="T142"/><temp name="T1108"/><temp name="T1051"/><temp name="T1040"/><temp name="T1074"/><temp name="T1123"/><temp name="T1080"/><temp name="T1060"/><temp name="T1071"/><temp name="T1086"/><temp name="T1125"/><temp name="T1048"/><temp name="T1111"/><temp name="T1115"/><temp name="T1063"/><temp name="T6"/><temp name="T1092"/><temp name="T1100"/><temp name="T1152"/><temp name="T140"/><temp name="T141"/><temp name="T1096"/><temp name="T1065"/><temp name="T1157"/><temp name="T1131"/><temp name="T1134"/><temp name="T1140"/><temp name="T1120"/><temp name="T1055"/></temps><temps name="out"><temp name="T1146"/><temp name="T142"/><temp name="T1108"/><temp name="T1051"/><temp name="T1040"/><temp name="T1074"/><temp name="T1123"/><temp name="T1080"/><temp name="T1060"/><temp name="T1071"/><temp name="T1086"/><temp name="T1125"/><temp name="T1048"/><temp name="T1111"/><temp name="T1115"/><temp name="T1063"/><temp name="T6"/><temp name="T1092"/><temp name="T1100"/><temp name="T1152"/><temp name="T140"/><temp name="T141"/><temp name="T1096"/><temp name="T1065"/><temp name="T1157"/><temp name="T1131"/><temp name="T1134"/><temp name="T1140"/><temp name="T1120"/><temp name="T1055"/></temps></instruction><instruction code="INCML T1058, 0"><temps name="use"/><temps name="def"><temp name="T1058"/></temps><temps name="in"><temp name="T1146"/><temp name="T142"/><temp name="T1108"/><temp name="T1051"/><temp name="T1040"/><temp name="T1074"/><temp name="T1123"/><temp name="T1080"/><temp name="T1060"/><temp name="T1071"/><temp name="T1086"/><temp name="T1125"/><temp name="T1048"/><temp name="T1111"/><temp name="T1115"/><temp name="T1063"/><temp name="T6"/><temp name="T1092"/><temp name="T1100"/><temp name="T1152"/><temp name="T140"/><temp name="T141"/><temp name="T1096"/><temp name="T1065"/><temp name="T1157"/><temp name="T1131"/><temp name="T1134"/><temp name="T1140"/><temp name="T1120"/><temp name="T1055"/></temps><temps name="out"><temp name="T1146"/><temp name="T142"/><temp name="T1108"/><temp name="T1051"/><temp name="T1040"/><temp name="T1074"/><temp name="T1123"/><temp name="T1080"/><temp name="T1060"/><temp name="T1071"/><temp name="T1086"/><temp name="T1125"/><temp name="T1048"/><temp name="T1111"/><temp name="T1115"/><temp name="T1063"/><temp name="T6"/><temp name="T1092"/><temp name="T1100"/><temp name="T1152"/><temp name="T140"/><temp name="T141"/><temp name="T1096"/><temp name="T1065"/><temp name="T1157"/><temp name="T1131"/><temp name="T1134"/><temp name="T1140"/><temp name="T1120"/><temp name="T1055"/></temps></instruction><instruction code="INCMH T1058, 0"><temps name="use"/><temps name="def"><temp name="T1058"/></temps><temps name="in"><temp name="T1146"/><temp name="T142"/><temp name="T1108"/><temp name="T1051"/><temp name="T1040"/><temp name="T1074"/><temp name="T1123"/><temp name="T1080"/><temp name="T1060"/><temp name="T1071"/><temp name="T1086"/><temp name="T1125"/><temp name="T1048"/><temp name="T1111"/><temp name="T1115"/><temp name="T1063"/><temp name="T6"/><temp name="T1092"/><temp name="T1100"/><temp name="T1152"/><temp name="T140"/><temp name="T141"/><temp name="T1096"/><temp name="T1065"/><temp name="T1157"/><temp name="T1131"/><temp name="T1134"/><temp name="T1140"/><temp name="T1120"/><temp name="T1055"/></temps><temps name="out"><temp name="T1146"/><temp name="T142"/><temp name="T1108"/><temp name="T1051"/><temp name="T1040"/><temp name="T1074"/><temp name="T1123"/><temp name="T1080"/><temp name="T1060"/><temp name="T1071"/><temp name="T1086"/><temp name="T1125"/><temp name="T1048"/><temp name="T1111"/><temp name="T1115"/><temp name="T1063"/><temp name="T6"/><temp name="T1092"/><temp name="T1100"/><temp name="T1152"/><temp name="T140"/><temp name="T141"/><temp name="T1096"/><temp name="T1065"/><temp name="T1157"/><temp name="T1131"/><temp name="T1134"/><temp name="T1140"/><temp name="T1120"/><temp name="T1055"/></temps></instruction><instruction code="INCH  T1058, 0"><temps name="use"/><temps name="def"><temp name="T1058"/></temps><temps name="in"><temp name="T1146"/><temp name="T142"/><temp name="T1108"/><temp name="T1051"/><temp name="T1040"/><temp name="T1074"/><temp name="T1123"/><temp name="T1080"/><temp name="T1060"/><temp name="T1071"/><temp name="T1086"/><temp name="T1125"/><temp name="T1048"/><temp name="T1111"/><temp name="T1115"/><temp name="T1063"/><temp name="T6"/><temp name="T1092"/><temp name="T1100"/><temp name="T1152"/><temp name="T140"/><temp name="T141"/><temp name="T1096"/><temp name="T1065"/><temp name="T1157"/><temp name="T1131"/><temp name="T1134"/><temp name="T1140"/><temp name="T1120"/><temp name="T1055"/></temps><temps name="out"><temp name="T1146"/><temp name="T142"/><temp name="T1108"/><temp name="T1051"/><temp name="T1040"/><temp name="T1074"/><temp name="T1123"/><temp name="T1080"/><temp name="T1060"/><temp name="T1071"/><temp name="T1086"/><temp name="T1125"/><temp name="T1048"/><temp name="T1111"/><temp name="T1115"/><temp name="T1063"/><temp name="T6"/><temp name="T1092"/><temp name="T1100"/><temp name="T1152"/><temp name="T140"/><temp name="T141"/><temp name="T1096"/><temp name="T1065"/><temp name="T1058"/><temp name="T1157"/><temp name="T1131"/><temp name="T1134"/><temp name="T1140"/><temp name="T1120"/><temp name="T1055"/></temps></instruction><instruction code="NEG T1058, 0, T1058"><temps name="use"><temp name="T1058"/></temps><temps name="def"><temp name="T1058"/></temps><temps name="in"><temp name="T1146"/><temp name="T142"/><temp name="T1108"/><temp name="T1051"/><temp name="T1040"/><temp name="T1074"/><temp name="T1123"/><temp name="T1080"/><temp name="T1060"/><temp name="T1071"/><temp name="T1086"/><temp name="T1125"/><temp name="T1048"/><temp name="T1111"/><temp name="T1115"/><temp name="T1063"/><temp name="T6"/><temp name="T1092"/><temp name="T1100"/><temp name="T1152"/><temp name="T140"/><temp name="T141"/><temp name="T1096"/><temp name="T1065"/><temp name="T1058"/><temp name="T1157"/><temp name="T1131"/><temp name="T1134"/><temp name="T1140"/><temp name="T1120"/><temp name="T1055"/></temps><temps name="out"><temp name="T1146"/><temp name="T142"/><temp name="T1108"/><temp name="T1051"/><temp name="T1040"/><temp name="T1074"/><temp name="T1123"/><temp name="T1080"/><temp name="T1060"/><temp name="T1071"/><temp name="T1086"/><temp name="T1125"/><temp name="T1048"/><temp name="T1111"/><temp name="T1115"/><temp name="T1063"/><temp name="T6"/><temp name="T1092"/><temp name="T1100"/><temp name="T1152"/><temp name="T140"/><temp name="T141"/><temp name="T1096"/><temp name="T1065"/><temp name="T1058"/><temp name="T1157"/><temp name="T1131"/><temp name="T1134"/><temp name="T1140"/><temp name="T1120"/><temp name="T1055"/></temps></instruction><instruction code="OR T143, T1058, 0"><temps name="use"><temp name="T1058"/></temps><temps name="def"><temp name="T143"/></temps><temps name="in"><temp name="T1146"/><temp name="T142"/><temp name="T1108"/><temp name="T1051"/><temp name="T1040"/><temp name="T1074"/><temp name="T1123"/><temp name="T1080"/><temp name="T1060"/><temp name="T1071"/><temp name="T1086"/><temp name="T1125"/><temp name="T1048"/><temp name="T1111"/><temp name="T1115"/><temp name="T1063"/><temp name="T6"/><temp name="T1092"/><temp name="T1100"/><temp name="T1152"/><temp name="T140"/><temp name="T141"/><temp name="T1096"/><temp name="T1065"/><temp name="T1058"/><temp name="T1157"/><temp name="T1131"/><temp name="T1134"/><temp name="T1140"/><temp name="T1120"/><temp name="T1055"/></temps><temps name="out"><temp name="T1146"/><temp name="T142"/><temp name="T1108"/><temp name="T1051"/><temp name="T1040"/><temp name="T1074"/><temp name="T1123"/><temp name="T1080"/><temp name="T1060"/><temp name="T1071"/><temp name="T1086"/><temp name="T1125"/><temp name="T1048"/><temp name="T1111"/><temp name="T1115"/><temp name="T1063"/><temp name="T6"/><temp name="T1092"/><temp name="T1100"/><temp name="T1152"/><temp name="T140"/><temp name="T141"/><temp name="T1096"/><temp name="T1065"/><temp name="T1157"/><temp name="T1131"/><temp name="T143"/><temp name="T1134"/><temp name="T1140"/><temp name="T1120"/><temp name="T1055"/></temps></instruction><instruction code="ADD T1059, T142, T143"><temps name="use"><temp name="T142"/><temp name="T143"/></temps><temps name="def"><temp name="T1059"/></temps><temps name="in"><temp name="T1146"/><temp name="T142"/><temp name="T1108"/><temp name="T1051"/><temp name="T1040"/><temp name="T1074"/><temp name="T1123"/><temp name="T1080"/><temp name="T1060"/><temp name="T1071"/><temp name="T1086"/><temp name="T1125"/><temp name="T1048"/><temp name="T1111"/><temp name="T1115"/><temp name="T1063"/><temp name="T6"/><temp name="T1092"/><temp name="T1100"/><temp name="T1152"/><temp name="T140"/><temp name="T141"/><temp name="T1096"/><temp name="T1065"/><temp name="T1157"/><temp name="T1131"/><temp name="T143"/><temp name="T1134"/><temp name="T1140"/><temp name="T1120"/><temp name="T1055"/></temps><temps name="out"><temp name="T1146"/><temp name="T1108"/><temp name="T1051"/><temp name="T1040"/><temp name="T1074"/><temp name="T1123"/><temp name="T1080"/><temp name="T1060"/><temp name="T1071"/><temp name="T1086"/><temp name="T1125"/><temp name="T1048"/><temp name="T1111"/><temp name="T1115"/><temp name="T1063"/><temp name="T6"/><temp name="T1092"/><temp name="T1100"/><temp name="T1152"/><temp name="T140"/><temp name="T141"/><temp name="T1096"/><temp name="T1065"/><temp name="T1157"/><temp name="T1059"/><temp name="T1131"/><temp name="T1134"/><temp name="T1140"/><temp name="T1120"/><temp name="T1055"/></temps></instruction><instruction code="OR T144, T1059, 0"><temps name="use"><temp name="T1059"/></temps><temps name="def"><temp name="T144"/></temps><temps name="in"><temp name="T1146"/><temp name="T1108"/><temp name="T1051"/><temp name="T1040"/><temp name="T1074"/><temp name="T1123"/><temp name="T1080"/><temp name="T1060"/><temp name="T1071"/><temp name="T1086"/><temp name="T1125"/><temp name="T1048"/><temp name="T1111"/><temp name="T1115"/><temp name="T1063"/><temp name="T6"/><temp name="T1092"/><temp name="T1100"/><temp name="T1152"/><temp name="T140"/><temp name="T141"/><temp name="T1096"/><temp name="T1065"/><temp name="T1157"/><temp name="T1059"/><temp name="T1131"/><temp name="T1134"/><temp name="T1140"/><temp name="T1120"/><temp name="T1055"/></temps><temps name="out"><temp name="T1146"/><temp name="T1108"/><temp name="T1051"/><temp name="T1040"/><temp name="T1074"/><temp name="T1123"/><temp name="T1080"/><temp name="T1060"/><temp name="T1071"/><temp name="T1086"/><temp name="T1125"/><temp name="T1048"/><temp name="T1111"/><temp name="T1115"/><temp name="T1063"/><temp name="T6"/><temp name="T1092"/><temp name="T1100"/><temp name="T1152"/><temp name="T140"/><temp name="T141"/><temp name="T1096"/><temp name="T1065"/><temp name="T1157"/><temp name="T1131"/><temp name="T1134"/><temp name="T1140"/><temp name="T1120"/><temp name="T1055"/></temps></instruction><instruction code="LDO T1061, T1060, 0"><temps name="use"><temp name="T1060"/></temps><temps name="def"><temp name="T1061"/></temps><temps name="in"><temp name="T1146"/><temp name="T1108"/><temp name="T1051"/><temp name="T1040"/><temp name="T1074"/><temp name="T1123"/><temp name="T1080"/><temp name="T1060"/><temp name="T1071"/><temp name="T1086"/><temp name="T1125"/><temp name="T1048"/><temp name="T1111"/><temp name="T1115"/><temp name="T1063"/><temp name="T6"/><temp name="T1092"/><temp name="T1100"/><temp name="T1152"/><temp name="T140"/><temp name="T141"/><temp name="T1096"/><temp name="T1065"/><temp name="T1157"/><temp name="T1131"/><temp name="T1134"/><temp name="T1140"/><temp name="T1120"/><temp name="T1055"/></temps><temps name="out"><temp name="T1146"/><temp name="T1108"/><temp name="T1061"/><temp name="T1051"/><temp name="T1040"/><temp name="T1074"/><temp name="T1123"/><temp name="T1080"/><temp name="T1071"/><temp name="T1060"/><temp name="T1086"/><temp name="T1125"/><temp name="T1048"/><temp name="T1111"/><temp name="T1115"/><temp name="T1063"/><temp name="T6"/><temp name="T1092"/><temp name="T1100"/><temp name="T1152"/><temp name="T140"/><temp name="T141"/><temp name="T1096"/><temp name="T1065"/><temp name="T1157"/><temp name="T1131"/><temp name="T1134"/><temp name="T1140"/><temp name="T1120"/><temp name="T1055"/></temps></instruction><instruction code="OR T145, T1061, 0"><temps name="use"><temp name="T1061"/></temps><temps name="def"><temp name="T145"/></temps><temps name="in"><temp name="T1146"/><temp name="T1108"/><temp name="T1061"/><temp name="T1051"/><temp name="T1040"/><temp name="T1074"/><temp name="T1123"/><temp name="T1080"/><temp name="T1071"/><temp name="T1060"/><temp name="T1086"/><temp name="T1125"/><temp name="T1048"/><temp name="T1111"/><temp name="T1115"/><temp name="T1063"/><temp name="T6"/><temp name="T1092"/><temp name="T1100"/><temp name="T1152"/><temp name="T140"/><temp name="T141"/><temp name="T1096"/><temp name="T1065"/><temp name="T1157"/><temp name="T1131"/><temp name="T1134"/><temp name="T1140"/><temp name="T1120"/><temp name="T1055"/></temps><temps name="out"><temp name="T1146"/><temp name="T1108"/><temp name="T1051"/><temp name="T1040"/><temp name="T1074"/><temp name="T1123"/><temp name="T1080"/><temp name="T1071"/><temp name="T1060"/><temp name="T1086"/><temp name="T1125"/><temp name="T1048"/><temp name="T1111"/><temp name="T1115"/><temp name="T1063"/><temp name="T6"/><temp name="T1092"/><temp name="T1100"/><temp name="T1152"/><temp name="T140"/><temp name="T141"/><temp name="T1096"/><temp name="T1065"/><temp name="T1157"/><temp name="T1131"/><temp name="T145"/><temp name="T1134"/><temp name="T1140"/><temp name="T1120"/><temp name="T1055"/></temps></instruction><instruction code="STO T141, $254, 8"><temps name="use"><temp name="T141"/></temps><temps name="def"/><temps name="in"><temp name="T1146"/><temp name="T1108"/><temp name="T1051"/><temp name="T1040"/><temp name="T1074"/><temp name="T1123"/><temp name="T1080"/><temp name="T1071"/><temp name="T1060"/><temp name="T1086"/><temp name="T1125"/><temp name="T1048"/><temp name="T1111"/><temp name="T1115"/><temp name="T1063"/><temp name="T6"/><temp name="T1092"/><temp name="T1100"/><temp name="T1152"/><temp name="T140"/><temp name="T141"/><temp name="T1096"/><temp name="T1065"/><temp name="T1157"/><temp name="T1131"/><temp name="T145"/><temp name="T1134"/><temp name="T1140"/><temp name="T1120"/><temp name="T1055"/></temps><temps name="out"><temp name="T1146"/><temp name="T1108"/><temp name="T1051"/><temp name="T1040"/><temp name="T1074"/><temp name="T1123"/><temp name="T1080"/><temp name="T1071"/><temp name="T1060"/><temp name="T1086"/><temp name="T1125"/><temp name="T1048"/><temp name="T1111"/><temp name="T1115"/><temp name="T1063"/><temp name="T6"/><temp name="T1092"/><temp name="T1100"/><temp name="T1152"/><temp name="T140"/><temp name="T1096"/><temp name="T1065"/><temp name="T1157"/><temp name="T1131"/><temp name="T145"/><temp name="T1134"/><temp name="T1140"/><temp name="T1120"/><temp name="T1055"/></temps></instruction><instruction code="STO T145, $254, 16"><temps name="use"><temp name="T145"/></temps><temps name="def"/><temps name="in"><temp name="T1146"/><temp name="T1108"/><temp name="T1051"/><temp name="T1040"/><temp name="T1074"/><temp name="T1123"/><temp name="T1080"/><temp name="T1071"/><temp name="T1060"/><temp name="T1086"/><temp name="T1125"/><temp name="T1048"/><temp name="T1111"/><temp name="T1115"/><temp name="T1063"/><temp name="T6"/><temp name="T1092"/><temp name="T1100"/><temp name="T1152"/><temp name="T140"/><temp name="T1096"/><temp name="T1065"/><temp name="T1157"/><temp name="T1131"/><temp name="T145"/><temp name="T1134"/><temp name="T1140"/><temp name="T1120"/><temp name="T1055"/></temps><temps name="out"><temp name="T1146"/><temp name="T1108"/><temp name="T1051"/><temp name="T1040"/><temp name="T1074"/><temp name="T1123"/><temp name="T1080"/><temp name="T1071"/><temp name="T1060"/><temp name="T1086"/><temp name="T1125"/><temp name="T1048"/><temp name="T1111"/><temp name="T1115"/><temp name="T1063"/><temp name="T6"/><temp name="T1092"/><temp name="T1100"/><temp name="T1152"/><temp name="T140"/><temp name="T1096"/><temp name="T1065"/><temp name="T1157"/><temp name="T1131"/><temp name="T1134"/><temp name="T1140"/><temp name="T1120"/><temp name="T1055"/></temps></instruction><instruction code="LDA T1062, _fibItr"><temps name="use"/><temps name="def"><temp name="T1062"/></temps><temps name="in"><temp name="T1146"/><temp name="T1108"/><temp name="T1051"/><temp name="T1040"/><temp name="T1074"/><temp name="T1123"/><temp name="T1080"/><temp name="T1071"/><temp name="T1060"/><temp name="T1086"/><temp name="T1125"/><temp name="T1048"/><temp name="T1111"/><temp name="T1115"/><temp name="T1063"/><temp name="T6"/><temp name="T1092"/><temp name="T1100"/><temp name="T1152"/><temp name="T140"/><temp name="T1096"/><temp name="T1065"/><temp name="T1157"/><temp name="T1131"/><temp name="T1134"/><temp name="T1140"/><temp name="T1120"/><temp name="T1055"/></temps><temps name="out"><temp name="T1146"/><temp name="T1108"/><temp name="T1051"/><temp name="T1040"/><temp name="T1074"/><temp name="T1123"/><temp name="T1080"/><temp name="T1071"/><temp name="T1060"/><temp name="T1086"/><temp name="T1125"/><temp name="T1048"/><temp name="T1111"/><temp name="T1115"/><temp name="T1063"/><temp name="T6"/><temp name="T1092"/><temp name="T1100"/><temp name="T1152"/><temp name="T140"/><temp name="T1096"/><temp name="T1065"/><temp name="T1157"/><temp name="T1131"/><temp name="T1134"/><temp name="T1140"/><temp name="T1062"/><temp name="T1120"/><temp name="T1055"/></temps></instruction><instruction code="PUSHJ $15, T1062, 0"><temps name="use"><temp name="T1062"/></temps><temps name="def"/><temps name="in"><temp name="T1146"/><temp name="T1108"/><temp name="T1051"/><temp name="T1040"/><temp name="T1074"/><temp name="T1123"/><temp name="T1080"/><temp name="T1071"/><temp name="T1060"/><temp name="T1086"/><temp name="T1125"/><temp name="T1048"/><temp name="T1111"/><temp name="T1115"/><temp name="T1063"/><temp name="T6"/><temp name="T1092"/><temp name="T1100"/><temp name="T1152"/><temp name="T140"/><temp name="T1096"/><temp name="T1065"/><temp name="T1157"/><temp name="T1131"/><temp name="T1134"/><temp name="T1140"/><temp name="T1062"/><temp name="T1120"/><temp name="T1055"/></temps><temps name="out"><temp name="T1146"/><temp name="T1108"/><temp name="T1051"/><temp name="T1040"/><temp name="T1074"/><temp name="T1123"/><temp name="T1080"/><temp name="T1071"/><temp name="T1060"/><temp name="T1086"/><temp name="T1125"/><temp name="T1048"/><temp name="T1111"/><temp name="T1115"/><temp name="T1063"/><temp name="T6"/><temp name="T1092"/><temp name="T1100"/><temp name="T1152"/><temp name="T140"/><temp name="T1096"/><temp name="T1065"/><temp name="T1157"/><temp name="T1131"/><temp name="T1134"/><temp name="T1140"/><temp name="T1120"/><temp name="T1055"/></temps></instruction><instruction code="OR T146, T1063, 0"><temps name="use"><temp name="T1063"/></temps><temps name="def"><temp name="T146"/></temps><temps name="in"><temp name="T1146"/><temp name="T1108"/><temp name="T1051"/><temp name="T1040"/><temp name="T1074"/><temp name="T1123"/><temp name="T1080"/><temp name="T1071"/><temp name="T1060"/><temp name="T1086"/><temp name="T1125"/><temp name="T1048"/><temp name="T1111"/><temp name="T1115"/><temp name="T1063"/><temp name="T6"/><temp name="T1092"/><temp name="T1100"/><temp name="T1152"/><temp name="T140"/><temp name="T1096"/><temp name="T1065"/><temp name="T1157"/><temp name="T1131"/><temp name="T1134"/><temp name="T1140"/><temp name="T1120"/><temp name="T1055"/></temps><temps name="out"><temp name="T1146"/><temp name="T1108"/><temp name="T1051"/><temp name="T1040"/><temp name="T1074"/><temp name="T1123"/><temp name="T1080"/><temp name="T1071"/><temp name="T1060"/><temp name="T1086"/><temp name="T1125"/><temp name="T1048"/><temp name="T1111"/><temp name="T1115"/><temp name="T1063"/><temp name="T6"/><temp name="T1092"/><temp name="T1100"/><temp name="T1152"/><temp name="T140"/><temp name="T1096"/><temp name="T1065"/><temp name="T1157"/><temp name="T1131"/><temp name="T146"/><temp name="T1134"/><temp name="T1140"/><temp name="T1120"/><temp name="T1055"/></temps></instruction><instruction code="STO T140, $254, 8"><temps name="use"><temp name="T140"/></temps><temps name="def"/><temps name="in"><temp name="T1146"/><temp name="T1108"/><temp name="T1051"/><temp name="T1040"/><temp name="T1074"/><temp name="T1123"/><temp name="T1080"/><temp name="T1071"/><temp name="T1060"/><temp name="T1086"/><temp name="T1125"/><temp name="T1048"/><temp name="T1111"/><temp name="T1115"/><temp name="T1063"/><temp name="T6"/><temp name="T1092"/><temp name="T1100"/><temp name="T1152"/><temp name="T140"/><temp name="T1096"/><temp name="T1065"/><temp name="T1157"/><temp name="T1131"/><temp name="T146"/><temp name="T1134"/><temp name="T1140"/><temp name="T1120"/><temp name="T1055"/></temps><temps name="out"><temp name="T1146"/><temp name="T1108"/><temp name="T1051"/><temp name="T1040"/><temp name="T1074"/><temp name="T1123"/><temp name="T1080"/><temp name="T1071"/><temp name="T1060"/><temp name="T1086"/><temp name="T1125"/><temp name="T1048"/><temp name="T1111"/><temp name="T1115"/><temp name="T1063"/><temp name="T6"/><temp name="T1092"/><temp name="T1100"/><temp name="T1152"/><temp name="T1096"/><temp name="T1065"/><temp name="T1157"/><temp name="T1131"/><temp name="T146"/><temp name="T1134"/><temp name="T1140"/><temp name="T1120"/><temp name="T1055"/></temps></instruction><instruction code="STO T146, $254, 16"><temps name="use"><temp name="T146"/></temps><temps name="def"/><temps name="in"><temp name="T1146"/><temp name="T1108"/><temp name="T1051"/><temp name="T1040"/><temp name="T1074"/><temp name="T1123"/><temp name="T1080"/><temp name="T1071"/><temp name="T1060"/><temp name="T1086"/><temp name="T1125"/><temp name="T1048"/><temp name="T1111"/><temp name="T1115"/><temp name="T1063"/><temp name="T6"/><temp name="T1092"/><temp name="T1100"/><temp name="T1152"/><temp name="T1096"/><temp name="T1065"/><temp name="T1157"/><temp name="T1131"/><temp name="T146"/><temp name="T1134"/><temp name="T1140"/><temp name="T1120"/><temp name="T1055"/></temps><temps name="out"><temp name="T1146"/><temp name="T1108"/><temp name="T1051"/><temp name="T1040"/><temp name="T1074"/><temp name="T1123"/><temp name="T1080"/><temp name="T1071"/><temp name="T1060"/><temp name="T1086"/><temp name="T1125"/><temp name="T1048"/><temp name="T1111"/><temp name="T1115"/><temp name="T1063"/><temp name="T6"/><temp name="T1092"/><temp name="T1100"/><temp name="T1152"/><temp name="T1096"/><temp name="T1065"/><temp name="T1157"/><temp name="T1131"/><temp name="T1134"/><temp name="T1140"/><temp name="T1120"/><temp name="T1055"/></temps></instruction><instruction code="LDA T1064, _putInt"><temps name="use"/><temps name="def"><temp name="T1064"/></temps><temps name="in"><temp name="T1146"/><temp name="T1108"/><temp name="T1051"/><temp name="T1040"/><temp name="T1074"/><temp name="T1123"/><temp name="T1080"/><temp name="T1071"/><temp name="T1060"/><temp name="T1086"/><temp name="T1125"/><temp name="T1048"/><temp name="T1111"/><temp name="T1115"/><temp name="T1063"/><temp name="T6"/><temp name="T1092"/><temp name="T1100"/><temp name="T1152"/><temp name="T1096"/><temp name="T1065"/><temp name="T1157"/><temp name="T1131"/><temp name="T1134"/><temp name="T1140"/><temp name="T1120"/><temp name="T1055"/></temps><temps name="out"><temp name="T1146"/><temp name="T1108"/><temp name="T1051"/><temp name="T1040"/><temp name="T1074"/><temp name="T1123"/><temp name="T1080"/><temp name="T1071"/><temp name="T1060"/><temp name="T1086"/><temp name="T1125"/><temp name="T1048"/><temp name="T1111"/><temp name="T1115"/><temp name="T1063"/><temp name="T6"/><temp name="T1092"/><temp name="T1100"/><temp name="T1152"/><temp name="T1064"/><temp name="T1096"/><temp name="T1065"/><temp name="T1157"/><temp name="T1131"/><temp name="T1134"/><temp name="T1140"/><temp name="T1120"/><temp name="T1055"/></temps></instruction><instruction code="PUSHJ $15, T1064, 0"><temps name="use"><temp name="T1064"/></temps><temps name="def"/><temps name="in"><temp name="T1146"/><temp name="T1108"/><temp name="T1051"/><temp name="T1040"/><temp name="T1074"/><temp name="T1123"/><temp name="T1080"/><temp name="T1071"/><temp name="T1060"/><temp name="T1086"/><temp name="T1125"/><temp name="T1048"/><temp name="T1111"/><temp name="T1115"/><temp name="T1063"/><temp name="T6"/><temp name="T1092"/><temp name="T1100"/><temp name="T1152"/><temp name="T1064"/><temp name="T1096"/><temp name="T1065"/><temp name="T1157"/><temp name="T1131"/><temp name="T1134"/><temp name="T1140"/><temp name="T1120"/><temp name="T1055"/></temps><temps name="out"><temp name="T1146"/><temp name="T1108"/><temp name="T1051"/><temp name="T1040"/><temp name="T1074"/><temp name="T1123"/><temp name="T1080"/><temp name="T1071"/><temp name="T1060"/><temp name="T1086"/><temp name="T1125"/><temp name="T1048"/><temp name="T1111"/><temp name="T1115"/><temp name="T1063"/><temp name="T6"/><temp name="T1092"/><temp name="T1100"/><temp name="T1152"/><temp name="T1096"/><temp name="T1065"/><temp name="T1157"/><temp name="T1131"/><temp name="T1134"/><temp name="T1140"/><temp name="T1120"/><temp name="T1055"/></temps></instruction><instruction code="OR T147, T1065, 0"><temps name="use"><temp name="T1065"/></temps><temps name="def"><temp name="T147"/></temps><temps name="in"><temp name="T1146"/><temp name="T1108"/><temp name="T1051"/><temp name="T1040"/><temp name="T1074"/><temp name="T1123"/><temp name="T1080"/><temp name="T1071"/><temp name="T1060"/><temp name="T1086"/><temp name="T1125"/><temp name="T1048"/><temp name="T1111"/><temp name="T1115"/><temp name="T1063"/><temp name="T6"/><temp name="T1092"/><temp name="T1100"/><temp name="T1152"/><temp name="T1096"/><temp name="T1065"/><temp name="T1157"/><temp name="T1131"/><temp name="T1134"/><temp name="T1140"/><temp name="T1120"/><temp name="T1055"/></temps><temps name="out"><temp name="T1146"/><temp name="T1108"/><temp name="T1051"/><temp name="T1040"/><temp name="T1074"/><temp name="T1123"/><temp name="T1080"/><temp name="T1071"/><temp name="T1060"/><temp name="T1086"/><temp name="T1125"/><temp name="T1048"/><temp name="T1111"/><temp name="T1115"/><temp name="T1063"/><temp name="T6"/><temp name="T1092"/><temp name="T1100"/><temp name="T1152"/><temp name="T1096"/><temp name="T1065"/><temp name="T1157"/><temp name="T1131"/><temp name="T1134"/><temp name="T1140"/><temp name="T1120"/><temp name="T1055"/></temps></instruction><instruction code="SETL  T1066, 0"><temps name="use"/><temps name="def"><temp name="T1066"/></temps><temps name="in"><temp name="T1146"/><temp name="T1108"/><temp name="T1051"/><temp name="T1040"/><temp name="T1074"/><temp name="T1123"/><temp name="T1080"/><temp name="T1071"/><temp name="T1060"/><temp name="T1086"/><temp name="T1125"/><temp name="T1048"/><temp name="T1111"/><temp name="T1115"/><temp name="T1063"/><temp name="T6"/><temp name="T1092"/><temp name="T1100"/><temp name="T1152"/><temp name="T1096"/><temp name="T1065"/><temp name="T1157"/><temp name="T1131"/><temp name="T1134"/><temp name="T1140"/><temp name="T1120"/><temp name="T1055"/></temps><temps name="out"><temp name="T1146"/><temp name="T1108"/><temp name="T1051"/><temp name="T1040"/><temp name="T1074"/><temp name="T1123"/><temp name="T1080"/><temp name="T1071"/><temp name="T1060"/><temp name="T1086"/><temp name="T1125"/><temp name="T1048"/><temp name="T1111"/><temp name="T1115"/><temp name="T1063"/><temp name="T6"/><temp name="T1092"/><temp name="T1100"/><temp name="T1152"/><temp name="T1096"/><temp name="T1065"/><temp name="T1157"/><temp name="T1131"/><temp name="T1134"/><temp name="T1140"/><temp name="T1120"/><temp name="T1055"/></temps></instruction><instruction code="INCML T1066, 0"><temps name="use"/><temps name="def"><temp name="T1066"/></temps><temps name="in"><temp name="T1146"/><temp name="T1108"/><temp name="T1051"/><temp name="T1040"/><temp name="T1074"/><temp name="T1123"/><temp name="T1080"/><temp name="T1071"/><temp name="T1060"/><temp name="T1086"/><temp name="T1125"/><temp name="T1048"/><temp name="T1111"/><temp name="T1115"/><temp name="T1063"/><temp name="T6"/><temp name="T1092"/><temp name="T1100"/><temp name="T1152"/><temp name="T1096"/><temp name="T1065"/><temp name="T1157"/><temp name="T1131"/><temp name="T1134"/><temp name="T1140"/><temp name="T1120"/><temp name="T1055"/></temps><temps name="out"><temp name="T1146"/><temp name="T1108"/><temp name="T1051"/><temp name="T1040"/><temp name="T1074"/><temp name="T1123"/><temp name="T1080"/><temp name="T1071"/><temp name="T1060"/><temp name="T1086"/><temp name="T1125"/><temp name="T1048"/><temp name="T1111"/><temp name="T1115"/><temp name="T1063"/><temp name="T6"/><temp name="T1092"/><temp name="T1100"/><temp name="T1152"/><temp name="T1096"/><temp name="T1065"/><temp name="T1157"/><temp name="T1131"/><temp name="T1134"/><temp name="T1140"/><temp name="T1120"/><temp name="T1055"/></temps></instruction><instruction code="INCMH T1066, 0"><temps name="use"/><temps name="def"><temp name="T1066"/></temps><temps name="in"><temp name="T1146"/><temp name="T1108"/><temp name="T1051"/><temp name="T1040"/><temp name="T1074"/><temp name="T1123"/><temp name="T1080"/><temp name="T1071"/><temp name="T1060"/><temp name="T1086"/><temp name="T1125"/><temp name="T1048"/><temp name="T1111"/><temp name="T1115"/><temp name="T1063"/><temp name="T6"/><temp name="T1092"/><temp name="T1100"/><temp name="T1152"/><temp name="T1096"/><temp name="T1065"/><temp name="T1157"/><temp name="T1131"/><temp name="T1134"/><temp name="T1140"/><temp name="T1120"/><temp name="T1055"/></temps><temps name="out"><temp name="T1146"/><temp name="T1108"/><temp name="T1051"/><temp name="T1040"/><temp name="T1074"/><temp name="T1123"/><temp name="T1080"/><temp name="T1071"/><temp name="T1060"/><temp name="T1086"/><temp name="T1125"/><temp name="T1048"/><temp name="T1111"/><temp name="T1115"/><temp name="T1063"/><temp name="T6"/><temp name="T1092"/><temp name="T1100"/><temp name="T1152"/><temp name="T1096"/><temp name="T1065"/><temp name="T1157"/><temp name="T1131"/><temp name="T1134"/><temp name="T1140"/><temp name="T1120"/><temp name="T1055"/></temps></instruction><instruction code="INCH  T1066, 0"><temps name="use"/><temps name="def"><temp name="T1066"/></temps><temps name="in"><temp name="T1146"/><temp name="T1108"/><temp name="T1051"/><temp name="T1040"/><temp name="T1074"/><temp name="T1123"/><temp name="T1080"/><temp name="T1071"/><temp name="T1060"/><temp name="T1086"/><temp name="T1125"/><temp name="T1048"/><temp name="T1111"/><temp name="T1115"/><temp name="T1063"/><temp name="T6"/><temp name="T1092"/><temp name="T1100"/><temp name="T1152"/><temp name="T1096"/><temp name="T1065"/><temp name="T1157"/><temp name="T1131"/><temp name="T1134"/><temp name="T1140"/><temp name="T1120"/><temp name="T1055"/></temps><temps name="out"><temp name="T1146"/><temp name="T1108"/><temp name="T1051"/><temp name="T1040"/><temp name="T1074"/><temp name="T1123"/><temp name="T1080"/><temp name="T1071"/><temp name="T1060"/><temp name="T1086"/><temp name="T1125"/><temp name="T1048"/><temp name="T1111"/><temp name="T1066"/><temp name="T1115"/><temp name="T1063"/><temp name="T6"/><temp name="T1092"/><temp name="T1100"/><temp name="T1152"/><temp name="T1096"/><temp name="T1065"/><temp name="T1157"/><temp name="T1131"/><temp name="T1134"/><temp name="T1140"/><temp name="T1120"/><temp name="T1055"/></temps></instruction><instruction code="OR T148, T1066, 0"><temps name="use"><temp name="T1066"/></temps><temps name="def"><temp name="T148"/></temps><temps name="in"><temp name="T1146"/><temp name="T1108"/><temp name="T1051"/><temp name="T1040"/><temp name="T1074"/><temp name="T1123"/><temp name="T1080"/><temp name="T1071"/><temp name="T1060"/><temp name="T1086"/><temp name="T1125"/><temp name="T1048"/><temp name="T1111"/><temp name="T1066"/><temp name="T1115"/><temp name="T1063"/><temp name="T6"/><temp name="T1092"/><temp name="T1100"/><temp name="T1152"/><temp name="T1096"/><temp name="T1065"/><temp name="T1157"/><temp name="T1131"/><temp name="T1134"/><temp name="T1140"/><temp name="T1120"/><temp name="T1055"/></temps><temps name="out"><temp name="T1146"/><temp name="T1108"/><temp name="T1051"/><temp name="T1040"/><temp name="T1074"/><temp name="T1123"/><temp name="T1080"/><temp name="T1071"/><temp name="T1060"/><temp name="T1086"/><temp name="T1125"/><temp name="T1048"/><temp name="T1111"/><temp name="T1115"/><temp name="T1063"/><temp name="T6"/><temp name="T1092"/><temp name="T1100"/><temp name="T1152"/><temp name="T1096"/><temp name="T1065"/><temp name="T1157"/><temp name="T148"/><temp name="T1131"/><temp name="T1134"/><temp name="T1140"/><temp name="T1120"/><temp name="T1055"/></temps></instruction><instruction code="SETL  T1067, 10"><temps name="use"/><temps name="def"><temp name="T1067"/></temps><temps name="in"><temp name="T1146"/><temp name="T1108"/><temp name="T1051"/><temp name="T1040"/><temp name="T1074"/><temp name="T1123"/><temp name="T1080"/><temp name="T1071"/><temp name="T1060"/><temp name="T1086"/><temp name="T1125"/><temp name="T1048"/><temp name="T1111"/><temp name="T1115"/><temp name="T1063"/><temp name="T6"/><temp name="T1092"/><temp name="T1100"/><temp name="T1152"/><temp name="T1096"/><temp name="T1065"/><temp name="T1157"/><temp name="T148"/><temp name="T1131"/><temp name="T1134"/><temp name="T1140"/><temp name="T1120"/><temp name="T1055"/></temps><temps name="out"><temp name="T1146"/><temp name="T1108"/><temp name="T1051"/><temp name="T1040"/><temp name="T1074"/><temp name="T1123"/><temp name="T1080"/><temp name="T1071"/><temp name="T1060"/><temp name="T1086"/><temp name="T1125"/><temp name="T1048"/><temp name="T1111"/><temp name="T1115"/><temp name="T1063"/><temp name="T6"/><temp name="T1092"/><temp name="T1100"/><temp name="T1152"/><temp name="T1096"/><temp name="T1065"/><temp name="T1157"/><temp name="T148"/><temp name="T1131"/><temp name="T1134"/><temp name="T1140"/><temp name="T1120"/><temp name="T1055"/></temps></instruction><instruction code="INCML T1067, 0"><temps name="use"/><temps name="def"><temp name="T1067"/></temps><temps name="in"><temp name="T1146"/><temp name="T1108"/><temp name="T1051"/><temp name="T1040"/><temp name="T1074"/><temp name="T1123"/><temp name="T1080"/><temp name="T1071"/><temp name="T1060"/><temp name="T1086"/><temp name="T1125"/><temp name="T1048"/><temp name="T1111"/><temp name="T1115"/><temp name="T1063"/><temp name="T6"/><temp name="T1092"/><temp name="T1100"/><temp name="T1152"/><temp name="T1096"/><temp name="T1065"/><temp name="T1157"/><temp name="T148"/><temp name="T1131"/><temp name="T1134"/><temp name="T1140"/><temp name="T1120"/><temp name="T1055"/></temps><temps name="out"><temp name="T1146"/><temp name="T1108"/><temp name="T1051"/><temp name="T1040"/><temp name="T1074"/><temp name="T1123"/><temp name="T1080"/><temp name="T1071"/><temp name="T1060"/><temp name="T1086"/><temp name="T1125"/><temp name="T1048"/><temp name="T1111"/><temp name="T1115"/><temp name="T1063"/><temp name="T6"/><temp name="T1092"/><temp name="T1100"/><temp name="T1152"/><temp name="T1096"/><temp name="T1065"/><temp name="T1157"/><temp name="T148"/><temp name="T1131"/><temp name="T1134"/><temp name="T1140"/><temp name="T1120"/><temp name="T1055"/></temps></instruction><instruction code="INCMH T1067, 0"><temps name="use"/><temps name="def"><temp name="T1067"/></temps><temps name="in"><temp name="T1146"/><temp name="T1108"/><temp name="T1051"/><temp name="T1040"/><temp name="T1074"/><temp name="T1123"/><temp name="T1080"/><temp name="T1071"/><temp name="T1060"/><temp name="T1086"/><temp name="T1125"/><temp name="T1048"/><temp name="T1111"/><temp name="T1115"/><temp name="T1063"/><temp name="T6"/><temp name="T1092"/><temp name="T1100"/><temp name="T1152"/><temp name="T1096"/><temp name="T1065"/><temp name="T1157"/><temp name="T148"/><temp name="T1131"/><temp name="T1134"/><temp name="T1140"/><temp name="T1120"/><temp name="T1055"/></temps><temps name="out"><temp name="T1146"/><temp name="T1108"/><temp name="T1051"/><temp name="T1040"/><temp name="T1074"/><temp name="T1123"/><temp name="T1080"/><temp name="T1071"/><temp name="T1060"/><temp name="T1086"/><temp name="T1125"/><temp name="T1048"/><temp name="T1111"/><temp name="T1115"/><temp name="T1063"/><temp name="T6"/><temp name="T1092"/><temp name="T1100"/><temp name="T1152"/><temp name="T1096"/><temp name="T1065"/><temp name="T1157"/><temp name="T148"/><temp name="T1131"/><temp name="T1134"/><temp name="T1140"/><temp name="T1120"/><temp name="T1055"/></temps></instruction><instruction code="INCH  T1067, 0"><temps name="use"/><temps name="def"><temp name="T1067"/></temps><temps name="in"><temp name="T1146"/><temp name="T1108"/><temp name="T1051"/><temp name="T1040"/><temp name="T1074"/><temp name="T1123"/><temp name="T1080"/><temp name="T1071"/><temp name="T1060"/><temp name="T1086"/><temp name="T1125"/><temp name="T1048"/><temp name="T1111"/><temp name="T1115"/><temp name="T1063"/><temp name="T6"/><temp name="T1092"/><temp name="T1100"/><temp name="T1152"/><temp name="T1096"/><temp name="T1065"/><temp name="T1157"/><temp name="T148"/><temp name="T1131"/><temp name="T1134"/><temp name="T1140"/><temp name="T1120"/><temp name="T1055"/></temps><temps name="out"><temp name="T1146"/><temp name="T1108"/><temp name="T1051"/><temp name="T1040"/><temp name="T1074"/><temp name="T1123"/><temp name="T1080"/><temp name="T1071"/><temp name="T1060"/><temp name="T1086"/><temp name="T1125"/><temp name="T1067"/><temp name="T1048"/><temp name="T1111"/><temp name="T1115"/><temp name="T1063"/><temp name="T6"/><temp name="T1092"/><temp name="T1100"/><temp name="T1152"/><temp name="T1096"/><temp name="T1065"/><temp name="T1157"/><temp name="T148"/><temp name="T1131"/><temp name="T1134"/><temp name="T1140"/><temp name="T1120"/><temp name="T1055"/></temps></instruction><instruction code="OR T149, T1067, 0"><temps name="use"><temp name="T1067"/></temps><temps name="def"><temp name="T149"/></temps><temps name="in"><temp name="T1146"/><temp name="T1108"/><temp name="T1051"/><temp name="T1040"/><temp name="T1074"/><temp name="T1123"/><temp name="T1080"/><temp name="T1071"/><temp name="T1060"/><temp name="T1086"/><temp name="T1125"/><temp name="T1067"/><temp name="T1048"/><temp name="T1111"/><temp name="T1115"/><temp name="T1063"/><temp name="T6"/><temp name="T1092"/><temp name="T1100"/><temp name="T1152"/><temp name="T1096"/><temp name="T1065"/><temp name="T1157"/><temp name="T148"/><temp name="T1131"/><temp name="T1134"/><temp name="T1140"/><temp name="T1120"/><temp name="T1055"/></temps><temps name="out"><temp name="T1146"/><temp name="T1108"/><temp name="T1051"/><temp name="T1040"/><temp name="T1074"/><temp name="T1123"/><temp name="T1080"/><temp name="T1071"/><temp name="T1060"/><temp name="T1086"/><temp name="T1125"/><temp name="T149"/><temp name="T1048"/><temp name="T1111"/><temp name="T1115"/><temp name="T1063"/><temp name="T6"/><temp name="T1092"/><temp name="T1100"/><temp name="T1152"/><temp name="T1096"/><temp name="T1065"/><temp name="T1157"/><temp name="T148"/><temp name="T1131"/><temp name="T1134"/><temp name="T1140"/><temp name="T1120"/><temp name="T1055"/></temps></instruction><instruction code="SETL  T1068, 256"><temps name="use"/><temps name="def"><temp name="T1068"/></temps><temps name="in"><temp name="T1146"/><temp name="T1108"/><temp name="T1051"/><temp name="T1040"/><temp name="T1074"/><temp name="T1123"/><temp name="T1080"/><temp name="T1071"/><temp name="T1060"/><temp name="T1086"/><temp name="T1125"/><temp name="T149"/><temp name="T1048"/><temp name="T1111"/><temp name="T1115"/><temp name="T1063"/><temp name="T6"/><temp name="T1092"/><temp name="T1100"/><temp name="T1152"/><temp name="T1096"/><temp name="T1065"/><temp name="T1157"/><temp name="T148"/><temp name="T1131"/><temp name="T1134"/><temp name="T1140"/><temp name="T1120"/><temp name="T1055"/></temps><temps name="out"><temp name="T1146"/><temp name="T1108"/><temp name="T1051"/><temp name="T1040"/><temp name="T1074"/><temp name="T1123"/><temp name="T1080"/><temp name="T1071"/><temp name="T1060"/><temp name="T1086"/><temp name="T1125"/><temp name="T149"/><temp name="T1048"/><temp name="T1111"/><temp name="T1115"/><temp name="T1063"/><temp name="T6"/><temp name="T1092"/><temp name="T1100"/><temp name="T1152"/><temp name="T1096"/><temp name="T1065"/><temp name="T1157"/><temp name="T148"/><temp name="T1131"/><temp name="T1134"/><temp name="T1140"/><temp name="T1120"/><temp name="T1055"/></temps></instruction><instruction code="INCML T1068, 0"><temps name="use"/><temps name="def"><temp name="T1068"/></temps><temps name="in"><temp name="T1146"/><temp name="T1108"/><temp name="T1051"/><temp name="T1040"/><temp name="T1074"/><temp name="T1123"/><temp name="T1080"/><temp name="T1071"/><temp name="T1060"/><temp name="T1086"/><temp name="T1125"/><temp name="T149"/><temp name="T1048"/><temp name="T1111"/><temp name="T1115"/><temp name="T1063"/><temp name="T6"/><temp name="T1092"/><temp name="T1100"/><temp name="T1152"/><temp name="T1096"/><temp name="T1065"/><temp name="T1157"/><temp name="T148"/><temp name="T1131"/><temp name="T1134"/><temp name="T1140"/><temp name="T1120"/><temp name="T1055"/></temps><temps name="out"><temp name="T1146"/><temp name="T1108"/><temp name="T1051"/><temp name="T1040"/><temp name="T1074"/><temp name="T1123"/><temp name="T1080"/><temp name="T1071"/><temp name="T1060"/><temp name="T1086"/><temp name="T1125"/><temp name="T149"/><temp name="T1048"/><temp name="T1111"/><temp name="T1115"/><temp name="T1063"/><temp name="T6"/><temp name="T1092"/><temp name="T1100"/><temp name="T1152"/><temp name="T1096"/><temp name="T1065"/><temp name="T1157"/><temp name="T148"/><temp name="T1131"/><temp name="T1134"/><temp name="T1140"/><temp name="T1120"/><temp name="T1055"/></temps></instruction><instruction code="INCMH T1068, 0"><temps name="use"/><temps name="def"><temp name="T1068"/></temps><temps name="in"><temp name="T1146"/><temp name="T1108"/><temp name="T1051"/><temp name="T1040"/><temp name="T1074"/><temp name="T1123"/><temp name="T1080"/><temp name="T1071"/><temp name="T1060"/><temp name="T1086"/><temp name="T1125"/><temp name="T149"/><temp name="T1048"/><temp name="T1111"/><temp name="T1115"/><temp name="T1063"/><temp name="T6"/><temp name="T1092"/><temp name="T1100"/><temp name="T1152"/><temp name="T1096"/><temp name="T1065"/><temp name="T1157"/><temp name="T148"/><temp name="T1131"/><temp name="T1134"/><temp name="T1140"/><temp name="T1120"/><temp name="T1055"/></temps><temps name="out"><temp name="T1146"/><temp name="T1108"/><temp name="T1051"/><temp name="T1040"/><temp name="T1074"/><temp name="T1123"/><temp name="T1080"/><temp name="T1071"/><temp name="T1060"/><temp name="T1086"/><temp name="T1125"/><temp name="T149"/><temp name="T1048"/><temp name="T1111"/><temp name="T1115"/><temp name="T1063"/><temp name="T6"/><temp name="T1092"/><temp name="T1100"/><temp name="T1152"/><temp name="T1096"/><temp name="T1065"/><temp name="T1157"/><temp name="T148"/><temp name="T1131"/><temp name="T1134"/><temp name="T1140"/><temp name="T1120"/><temp name="T1055"/></temps></instruction><instruction code="INCH  T1068, 0"><temps name="use"/><temps name="def"><temp name="T1068"/></temps><temps name="in"><temp name="T1146"/><temp name="T1108"/><temp name="T1051"/><temp name="T1040"/><temp name="T1074"/><temp name="T1123"/><temp name="T1080"/><temp name="T1071"/><temp name="T1060"/><temp name="T1086"/><temp name="T1125"/><temp name="T149"/><temp name="T1048"/><temp name="T1111"/><temp name="T1115"/><temp name="T1063"/><temp name="T6"/><temp name="T1092"/><temp name="T1100"/><temp name="T1152"/><temp name="T1096"/><temp name="T1065"/><temp name="T1157"/><temp name="T148"/><temp name="T1131"/><temp name="T1134"/><temp name="T1140"/><temp name="T1120"/><temp name="T1055"/></temps><temps name="out"><temp name="T1146"/><temp name="T1108"/><temp name="T1051"/><temp name="T1040"/><temp name="T1074"/><temp name="T1123"/><temp name="T1080"/><temp name="T1071"/><temp name="T1060"/><temp name="T1086"/><temp name="T1125"/><temp name="T149"/><temp name="T1068"/><temp name="T1048"/><temp name="T1111"/><temp name="T1115"/><temp name="T1063"/><temp name="T6"/><temp name="T1092"/><temp name="T1100"/><temp name="T1152"/><temp name="T1096"/><temp name="T1065"/><temp name="T1157"/><temp name="T148"/><temp name="T1131"/><temp name="T1134"/><temp name="T1140"/><temp name="T1120"/><temp name="T1055"/></temps></instruction><instruction code="OR T150, T1068, 0"><temps name="use"><temp name="T1068"/></temps><temps name="def"><temp name="T150"/></temps><temps name="in"><temp name="T1146"/><temp name="T1108"/><temp name="T1051"/><temp name="T1040"/><temp name="T1074"/><temp name="T1123"/><temp name="T1080"/><temp name="T1071"/><temp name="T1060"/><temp name="T1086"/><temp name="T1125"/><temp name="T149"/><temp name="T1068"/><temp name="T1048"/><temp name="T1111"/><temp name="T1115"/><temp name="T1063"/><temp name="T6"/><temp name="T1092"/><temp name="T1100"/><temp name="T1152"/><temp name="T1096"/><temp name="T1065"/><temp name="T1157"/><temp name="T148"/><temp name="T1131"/><temp name="T1134"/><temp name="T1140"/><temp name="T1120"/><temp name="T1055"/></temps><temps name="out"><temp name="T1146"/><temp name="T1108"/><temp name="T1051"/><temp name="T1040"/><temp name="T1074"/><temp name="T1123"/><temp name="T1080"/><temp name="T1071"/><temp name="T1060"/><temp name="T1086"/><temp name="T1125"/><temp name="T149"/><temp name="T150"/><temp name="T1048"/><temp name="T1111"/><temp name="T1115"/><temp name="T1063"/><temp name="T6"/><temp name="T1092"/><temp name="T1100"/><temp name="T1152"/><temp name="T1096"/><temp name="T1065"/><temp name="T1157"/><temp name="T148"/><temp name="T1131"/><temp name="T1134"/><temp name="T1140"/><temp name="T1120"/><temp name="T1055"/></temps></instruction><instruction code="DIV T1069, T149, T150"><temps name="use"><temp name="T149"/><temp name="T150"/></temps><temps name="def"><temp name="T1069"/></temps><temps name="in"><temp name="T1146"/><temp name="T1108"/><temp name="T1051"/><temp name="T1040"/><temp name="T1074"/><temp name="T1123"/><temp name="T1080"/><temp name="T1071"/><temp name="T1060"/><temp name="T1086"/><temp name="T1125"/><temp name="T149"/><temp name="T150"/><temp name="T1048"/><temp name="T1111"/><temp name="T1115"/><temp name="T1063"/><temp name="T6"/><temp name="T1092"/><temp name="T1100"/><temp name="T1152"/><temp name="T1096"/><temp name="T1065"/><temp name="T1157"/><temp name="T148"/><temp name="T1131"/><temp name="T1134"/><temp name="T1140"/><temp name="T1120"/><temp name="T1055"/></temps><temps name="out"><temp name="T1146"/><temp name="T1108"/><temp name="T1051"/><temp name="T1040"/><temp name="T1074"/><temp name="T1123"/><temp name="T1080"/><temp name="T1071"/><temp name="T1060"/><temp name="T1086"/><temp name="T1125"/><temp name="T1048"/><temp name="T1111"/><temp name="T1115"/><temp name="T1063"/><temp name="T6"/><temp name="T1092"/><temp name="T1100"/><temp name="T1152"/><temp name="T1096"/><temp name="T1065"/><temp name="T1157"/><temp name="T148"/><temp name="T1131"/><temp name="T1134"/><temp name="T1140"/><temp name="T1120"/><temp name="T1055"/></temps></instruction><instruction code="OR T1069, rR, 0"><temps name="use"/><temps name="def"><temp name="T1069"/></temps><temps name="in"><temp name="T1146"/><temp name="T1108"/><temp name="T1051"/><temp name="T1040"/><temp name="T1074"/><temp name="T1123"/><temp name="T1080"/><temp name="T1071"/><temp name="T1060"/><temp name="T1086"/><temp name="T1125"/><temp name="T1048"/><temp name="T1111"/><temp name="T1115"/><temp name="T1063"/><temp name="T6"/><temp name="T1092"/><temp name="T1100"/><temp name="T1152"/><temp name="T1096"/><temp name="T1065"/><temp name="T1157"/><temp name="T148"/><temp name="T1131"/><temp name="T1134"/><temp name="T1140"/><temp name="T1120"/><temp name="T1055"/></temps><temps name="out"><temp name="T1146"/><temp name="T1108"/><temp name="T1051"/><temp name="T1040"/><temp name="T1074"/><temp name="T1123"/><temp name="T1080"/><temp name="T1071"/><temp name="T1060"/><temp name="T1086"/><temp name="T1125"/><temp name="T1048"/><temp name="T1111"/><temp name="T1115"/><temp name="T1063"/><temp name="T6"/><temp name="T1092"/><temp name="T1100"/><temp name="T1152"/><temp name="T1096"/><temp name="T1065"/><temp name="T1157"/><temp name="T148"/><temp name="T1131"/><temp name="T1134"/><temp name="T1140"/><temp name="T1069"/><temp name="T1120"/><temp name="T1055"/></temps></instruction><instruction code="OR T151, T1069, 0"><temps name="use"><temp name="T1069"/></temps><temps name="def"><temp name="T151"/></temps><temps name="in"><temp name="T1146"/><temp name="T1108"/><temp name="T1051"/><temp name="T1040"/><temp name="T1074"/><temp name="T1123"/><temp name="T1080"/><temp name="T1071"/><temp name="T1060"/><temp name="T1086"/><temp name="T1125"/><temp name="T1048"/><temp name="T1111"/><temp name="T1115"/><temp name="T1063"/><temp name="T6"/><temp name="T1092"/><temp name="T1100"/><temp name="T1152"/><temp name="T1096"/><temp name="T1065"/><temp name="T1157"/><temp name="T148"/><temp name="T1131"/><temp name="T1134"/><temp name="T1140"/><temp name="T1069"/><temp name="T1120"/><temp name="T1055"/></temps><temps name="out"><temp name="T1146"/><temp name="T1108"/><temp name="T151"/><temp name="T1051"/><temp name="T1040"/><temp name="T1074"/><temp name="T1123"/><temp name="T1080"/><temp name="T1071"/><temp name="T1060"/><temp name="T1086"/><temp name="T1125"/><temp name="T1048"/><temp name="T1111"/><temp name="T1115"/><temp name="T1063"/><temp name="T6"/><temp name="T1092"/><temp name="T1100"/><temp name="T1152"/><temp name="T1096"/><temp name="T1065"/><temp name="T1157"/><temp name="T148"/><temp name="T1131"/><temp name="T1134"/><temp name="T1140"/><temp name="T1120"/><temp name="T1055"/></temps></instruction><instruction code="STO T148, $254, 8"><temps name="use"><temp name="T148"/></temps><temps name="def"/><temps name="in"><temp name="T1146"/><temp name="T1108"/><temp name="T151"/><temp name="T1051"/><temp name="T1040"/><temp name="T1074"/><temp name="T1123"/><temp name="T1080"/><temp name="T1071"/><temp name="T1060"/><temp name="T1086"/><temp name="T1125"/><temp name="T1048"/><temp name="T1111"/><temp name="T1115"/><temp name="T1063"/><temp name="T6"/><temp name="T1092"/><temp name="T1100"/><temp name="T1152"/><temp name="T1096"/><temp name="T1065"/><temp name="T1157"/><temp name="T148"/><temp name="T1131"/><temp name="T1134"/><temp name="T1140"/><temp name="T1120"/><temp name="T1055"/></temps><temps name="out"><temp name="T1146"/><temp name="T1108"/><temp name="T151"/><temp name="T1051"/><temp name="T1040"/><temp name="T1074"/><temp name="T1123"/><temp name="T1080"/><temp name="T1071"/><temp name="T1060"/><temp name="T1086"/><temp name="T1125"/><temp name="T1048"/><temp name="T1111"/><temp name="T1115"/><temp name="T1063"/><temp name="T6"/><temp name="T1092"/><temp name="T1100"/><temp name="T1152"/><temp name="T1096"/><temp name="T1065"/><temp name="T1157"/><temp name="T1131"/><temp name="T1134"/><temp name="T1140"/><temp name="T1120"/><temp name="T1055"/></temps></instruction><instruction code="STO T151, $254, 16"><temps name="use"><temp name="T151"/></temps><temps name="def"/><temps name="in"><temp name="T1146"/><temp name="T1108"/><temp name="T151"/><temp name="T1051"/><temp name="T1040"/><temp name="T1074"/><temp name="T1123"/><temp name="T1080"/><temp name="T1071"/><temp name="T1060"/><temp name="T1086"/><temp name="T1125"/><temp name="T1048"/><temp name="T1111"/><temp name="T1115"/><temp name="T1063"/><temp name="T6"/><temp name="T1092"/><temp name="T1100"/><temp name="T1152"/><temp name="T1096"/><temp name="T1065"/><temp name="T1157"/><temp name="T1131"/><temp name="T1134"/><temp name="T1140"/><temp name="T1120"/><temp name="T1055"/></temps><temps name="out"><temp name="T1146"/><temp name="T1108"/><temp name="T1051"/><temp name="T1040"/><temp name="T1074"/><temp name="T1123"/><temp name="T1080"/><temp name="T1071"/><temp name="T1060"/><temp name="T1086"/><temp name="T1125"/><temp name="T1048"/><temp name="T1111"/><temp name="T1115"/><temp name="T1063"/><temp name="T6"/><temp name="T1092"/><temp name="T1100"/><temp name="T1152"/><temp name="T1096"/><temp name="T1065"/><temp name="T1157"/><temp name="T1131"/><temp name="T1134"/><temp name="T1140"/><temp name="T1120"/><temp name="T1055"/></temps></instruction><instruction code="LDA T1070, _putChar"><temps name="use"/><temps name="def"><temp name="T1070"/></temps><temps name="in"><temp name="T1146"/><temp name="T1108"/><temp name="T1051"/><temp name="T1040"/><temp name="T1074"/><temp name="T1123"/><temp name="T1080"/><temp name="T1071"/><temp name="T1060"/><temp name="T1086"/><temp name="T1125"/><temp name="T1048"/><temp name="T1111"/><temp name="T1115"/><temp name="T1063"/><temp name="T6"/><temp name="T1092"/><temp name="T1100"/><temp name="T1152"/><temp name="T1096"/><temp name="T1065"/><temp name="T1157"/><temp name="T1131"/><temp name="T1134"/><temp name="T1140"/><temp name="T1120"/><temp name="T1055"/></temps><temps name="out"><temp name="T1146"/><temp name="T1108"/><temp name="T1051"/><temp name="T1040"/><temp name="T1074"/><temp name="T1123"/><temp name="T1080"/><temp name="T1071"/><temp name="T1060"/><temp name="T1086"/><temp name="T1125"/><temp name="T1048"/><temp name="T1111"/><temp name="T1115"/><temp name="T1063"/><temp name="T6"/><temp name="T1092"/><temp name="T1100"/><temp name="T1152"/><temp name="T1096"/><temp name="T1065"/><temp name="T1070"/><temp name="T1157"/><temp name="T1131"/><temp name="T1134"/><temp name="T1140"/><temp name="T1120"/><temp name="T1055"/></temps></instruction><instruction code="PUSHJ $15, T1070, 0"><temps name="use"><temp name="T1070"/></temps><temps name="def"/><temps name="in"><temp name="T1146"/><temp name="T1108"/><temp name="T1051"/><temp name="T1040"/><temp name="T1074"/><temp name="T1123"/><temp name="T1080"/><temp name="T1071"/><temp name="T1060"/><temp name="T1086"/><temp name="T1125"/><temp name="T1048"/><temp name="T1111"/><temp name="T1115"/><temp name="T1063"/><temp name="T6"/><temp name="T1092"/><temp name="T1100"/><temp name="T1152"/><temp name="T1096"/><temp name="T1065"/><temp name="T1070"/><temp name="T1157"/><temp name="T1131"/><temp name="T1134"/><temp name="T1140"/><temp name="T1120"/><temp name="T1055"/></temps><temps name="out"><temp name="T1146"/><temp name="T1108"/><temp name="T1051"/><temp name="T1040"/><temp name="T1074"/><temp name="T1123"/><temp name="T1080"/><temp name="T1071"/><temp name="T1060"/><temp name="T1086"/><temp name="T1125"/><temp name="T1048"/><temp name="T1111"/><temp name="T1115"/><temp name="T1063"/><temp name="T6"/><temp name="T1092"/><temp name="T1100"/><temp name="T1152"/><temp name="T1096"/><temp name="T1065"/><temp name="T1157"/><temp name="T1131"/><temp name="T1134"/><temp name="T1140"/><temp name="T1120"/><temp name="T1055"/></temps></instruction><instruction code="OR T152, T1071, 0"><temps name="use"><temp name="T1071"/></temps><temps name="def"><temp name="T152"/></temps><temps name="in"><temp name="T1146"/><temp name="T1108"/><temp name="T1051"/><temp name="T1040"/><temp name="T1074"/><temp name="T1123"/><temp name="T1080"/><temp name="T1071"/><temp name="T1060"/><temp name="T1086"/><temp name="T1125"/><temp name="T1048"/><temp name="T1111"/><temp name="T1115"/><temp name="T1063"/><temp name="T6"/><temp name="T1092"/><temp name="T1100"/><temp name="T1152"/><temp name="T1096"/><temp name="T1065"/><temp name="T1157"/><temp name="T1131"/><temp name="T1134"/><temp name="T1140"/><temp name="T1120"/><temp name="T1055"/></temps><temps name="out"><temp name="T1146"/><temp name="T1108"/><temp name="T1051"/><temp name="T1040"/><temp name="T1074"/><temp name="T1123"/><temp name="T1080"/><temp name="T1060"/><temp name="T1071"/><temp name="T1086"/><temp name="T1125"/><temp name="T1048"/><temp name="T1111"/><temp name="T1115"/><temp name="T1063"/><temp name="T6"/><temp name="T1092"/><temp name="T1100"/><temp name="T1152"/><temp name="T1096"/><temp name="T1065"/><temp name="T1157"/><temp name="T1131"/><temp name="T1134"/><temp name="T1140"/><temp name="T1120"/><temp name="T1055"/></temps></instruction><instruction code="OR T153, T6, 0"><temps name="use"><temp name="T6"/></temps><temps name="def"><temp name="T153"/></temps><temps name="in"><temp name="T1146"/><temp name="T1108"/><temp name="T1051"/><temp name="T1040"/><temp name="T1074"/><temp name="T1123"/><temp name="T1080"/><temp name="T1060"/><temp name="T1071"/><temp name="T1086"/><temp name="T1125"/><temp name="T1048"/><temp name="T1111"/><temp name="T1115"/><temp name="T1063"/><temp name="T6"/><temp name="T1092"/><temp name="T1100"/><temp name="T1152"/><temp name="T1096"/><temp name="T1065"/><temp name="T1157"/><temp name="T1131"/><temp name="T1134"/><temp name="T1140"/><temp name="T1120"/><temp name="T1055"/></temps><temps name="out"><temp name="T1146"/><temp name="T1108"/><temp name="T1051"/><temp name="T1040"/><temp name="T1074"/><temp name="T1123"/><temp name="T1080"/><temp name="T1060"/><temp name="T1071"/><temp name="T1086"/><temp name="T1125"/><temp name="T1048"/><temp name="T1111"/><temp name="T1115"/><temp name="T1063"/><temp name="T6"/><temp name="T1092"/><temp name="T1100"/><temp name="T1152"/><temp name="T1096"/><temp name="T1065"/><temp name="T1157"/><temp name="T1131"/><temp name="T1134"/><temp name="T1140"/><temp name="T153"/><temp name="T1120"/><temp name="T1055"/></temps></instruction><instruction code="SETL  T1072, 8"><temps name="use"/><temps name="def"><temp name="T1072"/></temps><temps name="in"><temp name="T1146"/><temp name="T1108"/><temp name="T1051"/><temp name="T1040"/><temp name="T1074"/><temp name="T1123"/><temp name="T1080"/><temp name="T1060"/><temp name="T1071"/><temp name="T1086"/><temp name="T1125"/><temp name="T1048"/><temp name="T1111"/><temp name="T1115"/><temp name="T1063"/><temp name="T6"/><temp name="T1092"/><temp name="T1100"/><temp name="T1152"/><temp name="T1096"/><temp name="T1065"/><temp name="T1157"/><temp name="T1131"/><temp name="T1134"/><temp name="T1140"/><temp name="T153"/><temp name="T1120"/><temp name="T1055"/></temps><temps name="out"><temp name="T1146"/><temp name="T1108"/><temp name="T1051"/><temp name="T1040"/><temp name="T1074"/><temp name="T1123"/><temp name="T1080"/><temp name="T1060"/><temp name="T1071"/><temp name="T1086"/><temp name="T1125"/><temp name="T1048"/><temp name="T1111"/><temp name="T1115"/><temp name="T1063"/><temp name="T6"/><temp name="T1092"/><temp name="T1100"/><temp name="T1152"/><temp name="T1096"/><temp name="T1065"/><temp name="T1157"/><temp name="T1131"/><temp name="T1134"/><temp name="T1140"/><temp name="T153"/><temp name="T1120"/><temp name="T1055"/></temps></instruction><instruction code="INCML T1072, 0"><temps name="use"/><temps name="def"><temp name="T1072"/></temps><temps name="in"><temp name="T1146"/><temp name="T1108"/><temp name="T1051"/><temp name="T1040"/><temp name="T1074"/><temp name="T1123"/><temp name="T1080"/><temp name="T1060"/><temp name="T1071"/><temp name="T1086"/><temp name="T1125"/><temp name="T1048"/><temp name="T1111"/><temp name="T1115"/><temp name="T1063"/><temp name="T6"/><temp name="T1092"/><temp name="T1100"/><temp name="T1152"/><temp name="T1096"/><temp name="T1065"/><temp name="T1157"/><temp name="T1131"/><temp name="T1134"/><temp name="T1140"/><temp name="T153"/><temp name="T1120"/><temp name="T1055"/></temps><temps name="out"><temp name="T1146"/><temp name="T1108"/><temp name="T1051"/><temp name="T1040"/><temp name="T1074"/><temp name="T1123"/><temp name="T1080"/><temp name="T1060"/><temp name="T1071"/><temp name="T1086"/><temp name="T1125"/><temp name="T1048"/><temp name="T1111"/><temp name="T1115"/><temp name="T1063"/><temp name="T6"/><temp name="T1092"/><temp name="T1100"/><temp name="T1152"/><temp name="T1096"/><temp name="T1065"/><temp name="T1157"/><temp name="T1131"/><temp name="T1134"/><temp name="T1140"/><temp name="T153"/><temp name="T1120"/><temp name="T1055"/></temps></instruction><instruction code="INCMH T1072, 0"><temps name="use"/><temps name="def"><temp name="T1072"/></temps><temps name="in"><temp name="T1146"/><temp name="T1108"/><temp name="T1051"/><temp name="T1040"/><temp name="T1074"/><temp name="T1123"/><temp name="T1080"/><temp name="T1060"/><temp name="T1071"/><temp name="T1086"/><temp name="T1125"/><temp name="T1048"/><temp name="T1111"/><temp name="T1115"/><temp name="T1063"/><temp name="T6"/><temp name="T1092"/><temp name="T1100"/><temp name="T1152"/><temp name="T1096"/><temp name="T1065"/><temp name="T1157"/><temp name="T1131"/><temp name="T1134"/><temp name="T1140"/><temp name="T153"/><temp name="T1120"/><temp name="T1055"/></temps><temps name="out"><temp name="T1146"/><temp name="T1108"/><temp name="T1051"/><temp name="T1040"/><temp name="T1074"/><temp name="T1123"/><temp name="T1080"/><temp name="T1060"/><temp name="T1071"/><temp name="T1086"/><temp name="T1125"/><temp name="T1048"/><temp name="T1111"/><temp name="T1115"/><temp name="T1063"/><temp name="T6"/><temp name="T1092"/><temp name="T1100"/><temp name="T1152"/><temp name="T1096"/><temp name="T1065"/><temp name="T1157"/><temp name="T1131"/><temp name="T1134"/><temp name="T1140"/><temp name="T153"/><temp name="T1120"/><temp name="T1055"/></temps></instruction><instruction code="INCH  T1072, 0"><temps name="use"/><temps name="def"><temp name="T1072"/></temps><temps name="in"><temp name="T1146"/><temp name="T1108"/><temp name="T1051"/><temp name="T1040"/><temp name="T1074"/><temp name="T1123"/><temp name="T1080"/><temp name="T1060"/><temp name="T1071"/><temp name="T1086"/><temp name="T1125"/><temp name="T1048"/><temp name="T1111"/><temp name="T1115"/><temp name="T1063"/><temp name="T6"/><temp name="T1092"/><temp name="T1100"/><temp name="T1152"/><temp name="T1096"/><temp name="T1065"/><temp name="T1157"/><temp name="T1131"/><temp name="T1134"/><temp name="T1140"/><temp name="T153"/><temp name="T1120"/><temp name="T1055"/></temps><temps name="out"><temp name="T1146"/><temp name="T1108"/><temp name="T1051"/><temp name="T1072"/><temp name="T1040"/><temp name="T1074"/><temp name="T1123"/><temp name="T1080"/><temp name="T1060"/><temp name="T1071"/><temp name="T1086"/><temp name="T1125"/><temp name="T1048"/><temp name="T1111"/><temp name="T1115"/><temp name="T1063"/><temp name="T6"/><temp name="T1092"/><temp name="T1100"/><temp name="T1152"/><temp name="T1096"/><temp name="T1065"/><temp name="T1157"/><temp name="T1131"/><temp name="T1134"/><temp name="T1140"/><temp name="T153"/><temp name="T1120"/><temp name="T1055"/></temps></instruction><instruction code="NEG T1072, 0, T1072"><temps name="use"><temp name="T1072"/></temps><temps name="def"><temp name="T1072"/></temps><temps name="in"><temp name="T1146"/><temp name="T1108"/><temp name="T1051"/><temp name="T1072"/><temp name="T1040"/><temp name="T1074"/><temp name="T1123"/><temp name="T1080"/><temp name="T1060"/><temp name="T1071"/><temp name="T1086"/><temp name="T1125"/><temp name="T1048"/><temp name="T1111"/><temp name="T1115"/><temp name="T1063"/><temp name="T6"/><temp name="T1092"/><temp name="T1100"/><temp name="T1152"/><temp name="T1096"/><temp name="T1065"/><temp name="T1157"/><temp name="T1131"/><temp name="T1134"/><temp name="T1140"/><temp name="T153"/><temp name="T1120"/><temp name="T1055"/></temps><temps name="out"><temp name="T1146"/><temp name="T1108"/><temp name="T1051"/><temp name="T1072"/><temp name="T1040"/><temp name="T1074"/><temp name="T1123"/><temp name="T1080"/><temp name="T1060"/><temp name="T1071"/><temp name="T1086"/><temp name="T1125"/><temp name="T1048"/><temp name="T1111"/><temp name="T1115"/><temp name="T1063"/><temp name="T6"/><temp name="T1092"/><temp name="T1100"/><temp name="T1152"/><temp name="T1096"/><temp name="T1065"/><temp name="T1157"/><temp name="T1131"/><temp name="T1134"/><temp name="T1140"/><temp name="T153"/><temp name="T1120"/><temp name="T1055"/></temps></instruction><instruction code="OR T154, T1072, 0"><temps name="use"><temp name="T1072"/></temps><temps name="def"><temp name="T154"/></temps><temps name="in"><temp name="T1146"/><temp name="T1108"/><temp name="T1051"/><temp name="T1072"/><temp name="T1040"/><temp name="T1074"/><temp name="T1123"/><temp name="T1080"/><temp name="T1060"/><temp name="T1071"/><temp name="T1086"/><temp name="T1125"/><temp name="T1048"/><temp name="T1111"/><temp name="T1115"/><temp name="T1063"/><temp name="T6"/><temp name="T1092"/><temp name="T1100"/><temp name="T1152"/><temp name="T1096"/><temp name="T1065"/><temp name="T1157"/><temp name="T1131"/><temp name="T1134"/><temp name="T1140"/><temp name="T153"/><temp name="T1120"/><temp name="T1055"/></temps><temps name="out"><temp name="T1146"/><temp name="T1108"/><temp name="T1051"/><temp name="T1040"/><temp name="T1074"/><temp name="T1123"/><temp name="T1080"/><temp name="T1060"/><temp name="T1071"/><temp name="T1086"/><temp name="T1125"/><temp name="T154"/><temp name="T1048"/><temp name="T1111"/><temp name="T1115"/><temp name="T1063"/><temp name="T6"/><temp name="T1092"/><temp name="T1100"/><temp name="T1152"/><temp name="T1096"/><temp name="T1065"/><temp name="T1157"/><temp name="T1131"/><temp name="T1134"/><temp name="T1140"/><temp name="T153"/><temp name="T1120"/><temp name="T1055"/></temps></instruction><instruction code="ADD T1073, T153, T154"><temps name="use"><temp name="T153"/><temp name="T154"/></temps><temps name="def"><temp name="T1073"/></temps><temps name="in"><temp name="T1146"/><temp name="T1108"/><temp name="T1051"/><temp name="T1040"/><temp name="T1074"/><temp name="T1123"/><temp name="T1080"/><temp name="T1060"/><temp name="T1071"/><temp name="T1086"/><temp name="T1125"/><temp name="T154"/><temp name="T1048"/><temp name="T1111"/><temp name="T1115"/><temp name="T1063"/><temp name="T6"/><temp name="T1092"/><temp name="T1100"/><temp name="T1152"/><temp name="T1096"/><temp name="T1065"/><temp name="T1157"/><temp name="T1131"/><temp name="T1134"/><temp name="T1140"/><temp name="T153"/><temp name="T1120"/><temp name="T1055"/></temps><temps name="out"><temp name="T1146"/><temp name="T1108"/><temp name="T1051"/><temp name="T1040"/><temp name="T1074"/><temp name="T1123"/><temp name="T1080"/><temp name="T1060"/><temp name="T1071"/><temp name="T1086"/><temp name="T1125"/><temp name="T1048"/><temp name="T1111"/><temp name="T1115"/><temp name="T1063"/><temp name="T6"/><temp name="T1092"/><temp name="T1100"/><temp name="T1152"/><temp name="T1096"/><temp name="T1073"/><temp name="T1065"/><temp name="T1157"/><temp name="T1131"/><temp name="T1134"/><temp name="T1140"/><temp name="T1120"/><temp name="T1055"/></temps></instruction><instruction code="OR T155, T1073, 0"><temps name="use"><temp name="T1073"/></temps><temps name="def"><temp name="T155"/></temps><temps name="in"><temp name="T1146"/><temp name="T1108"/><temp name="T1051"/><temp name="T1040"/><temp name="T1074"/><temp name="T1123"/><temp name="T1080"/><temp name="T1060"/><temp name="T1071"/><temp name="T1086"/><temp name="T1125"/><temp name="T1048"/><temp name="T1111"/><temp name="T1115"/><temp name="T1063"/><temp name="T6"/><temp name="T1092"/><temp name="T1100"/><temp name="T1152"/><temp name="T1096"/><temp name="T1073"/><temp name="T1065"/><temp name="T1157"/><temp name="T1131"/><temp name="T1134"/><temp name="T1140"/><temp name="T1120"/><temp name="T1055"/></temps><temps name="out"><temp name="T1146"/><temp name="T1108"/><temp name="T1051"/><temp name="T1040"/><temp name="T1074"/><temp name="T1123"/><temp name="T1080"/><temp name="T1060"/><temp name="T1071"/><temp name="T1086"/><temp name="T1125"/><temp name="T1048"/><temp name="T1111"/><temp name="T1115"/><temp name="T1063"/><temp name="T6"/><temp name="T1092"/><temp name="T1100"/><temp name="T1152"/><temp name="T1096"/><temp name="T1065"/><temp name="T1157"/><temp name="T1131"/><temp name="T1134"/><temp name="T1140"/><temp name="T1120"/><temp name="T1055"/></temps></instruction><instruction code="LDO T1075, T1074, 0"><temps name="use"><temp name="T1074"/></temps><temps name="def"><temp name="T1075"/></temps><temps name="in"><temp name="T1146"/><temp name="T1108"/><temp name="T1051"/><temp name="T1040"/><temp name="T1074"/><temp name="T1123"/><temp name="T1080"/><temp name="T1060"/><temp name="T1071"/><temp name="T1086"/><temp name="T1125"/><temp name="T1048"/><temp name="T1111"/><temp name="T1115"/><temp name="T1063"/><temp name="T6"/><temp name="T1092"/><temp name="T1100"/><temp name="T1152"/><temp name="T1096"/><temp name="T1065"/><temp name="T1157"/><temp name="T1131"/><temp name="T1134"/><temp name="T1140"/><temp name="T1120"/><temp name="T1055"/></temps><temps name="out"><temp name="T1146"/><temp name="T1075"/><temp name="T1108"/><temp name="T1051"/><temp name="T1040"/><temp name="T1074"/><temp name="T1123"/><temp name="T1080"/><temp name="T1060"/><temp name="T1071"/><temp name="T1086"/><temp name="T1125"/><temp name="T1048"/><temp name="T1111"/><temp name="T1115"/><temp name="T1063"/><temp name="T6"/><temp name="T1092"/><temp name="T1100"/><temp name="T1152"/><temp name="T1096"/><temp name="T1065"/><temp name="T1157"/><temp name="T1131"/><temp name="T1134"/><temp name="T1140"/><temp name="T1120"/><temp name="T1055"/></temps></instruction><instruction code="OR T156, T1075, 0"><temps name="use"><temp name="T1075"/></temps><temps name="def"><temp name="T156"/></temps><temps name="in"><temp name="T1146"/><temp name="T1075"/><temp name="T1108"/><temp name="T1051"/><temp name="T1040"/><temp name="T1074"/><temp name="T1123"/><temp name="T1080"/><temp name="T1060"/><temp name="T1071"/><temp name="T1086"/><temp name="T1125"/><temp name="T1048"/><temp name="T1111"/><temp name="T1115"/><temp name="T1063"/><temp name="T6"/><temp name="T1092"/><temp name="T1100"/><temp name="T1152"/><temp name="T1096"/><temp name="T1065"/><temp name="T1157"/><temp name="T1131"/><temp name="T1134"/><temp name="T1140"/><temp name="T1120"/><temp name="T1055"/></temps><temps name="out"><temp name="T1146"/><temp name="T1108"/><temp name="T1051"/><temp name="T1040"/><temp name="T1074"/><temp name="T1123"/><temp name="T1080"/><temp name="T1060"/><temp name="T1071"/><temp name="T1086"/><temp name="T1125"/><temp name="T156"/><temp name="T1048"/><temp name="T1111"/><temp name="T1115"/><temp name="T1063"/><temp name="T6"/><temp name="T1092"/><temp name="T1100"/><temp name="T1152"/><temp name="T1096"/><temp name="T1065"/><temp name="T1157"/><temp name="T1131"/><temp name="T1134"/><temp name="T1140"/><temp name="T1120"/><temp name="T1055"/></temps></instruction><instruction code="SETL  T1076, 1"><temps name="use"/><temps name="def"><temp name="T1076"/></temps><temps name="in"><temp name="T1146"/><temp name="T1108"/><temp name="T1051"/><temp name="T1040"/><temp name="T1074"/><temp name="T1123"/><temp name="T1080"/><temp name="T1060"/><temp name="T1071"/><temp name="T1086"/><temp name="T1125"/><temp name="T156"/><temp name="T1048"/><temp name="T1111"/><temp name="T1115"/><temp name="T1063"/><temp name="T6"/><temp name="T1092"/><temp name="T1100"/><temp name="T1152"/><temp name="T1096"/><temp name="T1065"/><temp name="T1157"/><temp name="T1131"/><temp name="T1134"/><temp name="T1140"/><temp name="T1120"/><temp name="T1055"/></temps><temps name="out"><temp name="T1146"/><temp name="T1108"/><temp name="T1051"/><temp name="T1040"/><temp name="T1074"/><temp name="T1123"/><temp name="T1080"/><temp name="T1060"/><temp name="T1071"/><temp name="T1086"/><temp name="T1125"/><temp name="T156"/><temp name="T1048"/><temp name="T1111"/><temp name="T1115"/><temp name="T1063"/><temp name="T6"/><temp name="T1092"/><temp name="T1100"/><temp name="T1152"/><temp name="T1096"/><temp name="T1065"/><temp name="T1157"/><temp name="T1131"/><temp name="T1134"/><temp name="T1140"/><temp name="T1120"/><temp name="T1055"/></temps></instruction><instruction code="INCML T1076, 0"><temps name="use"/><temps name="def"><temp name="T1076"/></temps><temps name="in"><temp name="T1146"/><temp name="T1108"/><temp name="T1051"/><temp name="T1040"/><temp name="T1074"/><temp name="T1123"/><temp name="T1080"/><temp name="T1060"/><temp name="T1071"/><temp name="T1086"/><temp name="T1125"/><temp name="T156"/><temp name="T1048"/><temp name="T1111"/><temp name="T1115"/><temp name="T1063"/><temp name="T6"/><temp name="T1092"/><temp name="T1100"/><temp name="T1152"/><temp name="T1096"/><temp name="T1065"/><temp name="T1157"/><temp name="T1131"/><temp name="T1134"/><temp name="T1140"/><temp name="T1120"/><temp name="T1055"/></temps><temps name="out"><temp name="T1146"/><temp name="T1108"/><temp name="T1051"/><temp name="T1040"/><temp name="T1074"/><temp name="T1123"/><temp name="T1080"/><temp name="T1060"/><temp name="T1071"/><temp name="T1086"/><temp name="T1125"/><temp name="T156"/><temp name="T1048"/><temp name="T1111"/><temp name="T1115"/><temp name="T1063"/><temp name="T6"/><temp name="T1092"/><temp name="T1100"/><temp name="T1152"/><temp name="T1096"/><temp name="T1065"/><temp name="T1157"/><temp name="T1131"/><temp name="T1134"/><temp name="T1140"/><temp name="T1120"/><temp name="T1055"/></temps></instruction><instruction code="INCMH T1076, 0"><temps name="use"/><temps name="def"><temp name="T1076"/></temps><temps name="in"><temp name="T1146"/><temp name="T1108"/><temp name="T1051"/><temp name="T1040"/><temp name="T1074"/><temp name="T1123"/><temp name="T1080"/><temp name="T1060"/><temp name="T1071"/><temp name="T1086"/><temp name="T1125"/><temp name="T156"/><temp name="T1048"/><temp name="T1111"/><temp name="T1115"/><temp name="T1063"/><temp name="T6"/><temp name="T1092"/><temp name="T1100"/><temp name="T1152"/><temp name="T1096"/><temp name="T1065"/><temp name="T1157"/><temp name="T1131"/><temp name="T1134"/><temp name="T1140"/><temp name="T1120"/><temp name="T1055"/></temps><temps name="out"><temp name="T1146"/><temp name="T1108"/><temp name="T1051"/><temp name="T1040"/><temp name="T1074"/><temp name="T1123"/><temp name="T1080"/><temp name="T1060"/><temp name="T1071"/><temp name="T1086"/><temp name="T1125"/><temp name="T156"/><temp name="T1048"/><temp name="T1111"/><temp name="T1115"/><temp name="T1063"/><temp name="T6"/><temp name="T1092"/><temp name="T1100"/><temp name="T1152"/><temp name="T1096"/><temp name="T1065"/><temp name="T1157"/><temp name="T1131"/><temp name="T1134"/><temp name="T1140"/><temp name="T1120"/><temp name="T1055"/></temps></instruction><instruction code="INCH  T1076, 0"><temps name="use"/><temps name="def"><temp name="T1076"/></temps><temps name="in"><temp name="T1146"/><temp name="T1108"/><temp name="T1051"/><temp name="T1040"/><temp name="T1074"/><temp name="T1123"/><temp name="T1080"/><temp name="T1060"/><temp name="T1071"/><temp name="T1086"/><temp name="T1125"/><temp name="T156"/><temp name="T1048"/><temp name="T1111"/><temp name="T1115"/><temp name="T1063"/><temp name="T6"/><temp name="T1092"/><temp name="T1100"/><temp name="T1152"/><temp name="T1096"/><temp name="T1065"/><temp name="T1157"/><temp name="T1131"/><temp name="T1134"/><temp name="T1140"/><temp name="T1120"/><temp name="T1055"/></temps><temps name="out"><temp name="T1146"/><temp name="T1108"/><temp name="T1051"/><temp name="T1040"/><temp name="T1074"/><temp name="T1123"/><temp name="T1080"/><temp name="T1060"/><temp name="T1071"/><temp name="T1086"/><temp name="T1125"/><temp name="T156"/><temp name="T1076"/><temp name="T1048"/><temp name="T1111"/><temp name="T1115"/><temp name="T1063"/><temp name="T6"/><temp name="T1092"/><temp name="T1100"/><temp name="T1152"/><temp name="T1096"/><temp name="T1065"/><temp name="T1157"/><temp name="T1131"/><temp name="T1134"/><temp name="T1140"/><temp name="T1120"/><temp name="T1055"/></temps></instruction><instruction code="OR T157, T1076, 0"><temps name="use"><temp name="T1076"/></temps><temps name="def"><temp name="T157"/></temps><temps name="in"><temp name="T1146"/><temp name="T1108"/><temp name="T1051"/><temp name="T1040"/><temp name="T1074"/><temp name="T1123"/><temp name="T1080"/><temp name="T1060"/><temp name="T1071"/><temp name="T1086"/><temp name="T1125"/><temp name="T156"/><temp name="T1076"/><temp name="T1048"/><temp name="T1111"/><temp name="T1115"/><temp name="T1063"/><temp name="T6"/><temp name="T1092"/><temp name="T1100"/><temp name="T1152"/><temp name="T1096"/><temp name="T1065"/><temp name="T1157"/><temp name="T1131"/><temp name="T1134"/><temp name="T1140"/><temp name="T1120"/><temp name="T1055"/></temps><temps name="out"><temp name="T1146"/><temp name="T1108"/><temp name="T1051"/><temp name="T1040"/><temp name="T1074"/><temp name="T1123"/><temp name="T1080"/><temp name="T1060"/><temp name="T1071"/><temp name="T1086"/><temp name="T1125"/><temp name="T156"/><temp name="T157"/><temp name="T1048"/><temp name="T1111"/><temp name="T1115"/><temp name="T1063"/><temp name="T6"/><temp name="T1092"/><temp name="T1100"/><temp name="T1152"/><temp name="T1096"/><temp name="T1065"/><temp name="T1157"/><temp name="T1131"/><temp name="T1134"/><temp name="T1140"/><temp name="T1120"/><temp name="T1055"/></temps></instruction><instruction code="ADD T1077, T156, T157"><temps name="use"><temp name="T156"/><temp name="T157"/></temps><temps name="def"><temp name="T1077"/></temps><temps name="in"><temp name="T1146"/><temp name="T1108"/><temp name="T1051"/><temp name="T1040"/><temp name="T1074"/><temp name="T1123"/><temp name="T1080"/><temp name="T1060"/><temp name="T1071"/><temp name="T1086"/><temp name="T1125"/><temp name="T156"/><temp name="T157"/><temp name="T1048"/><temp name="T1111"/><temp name="T1115"/><temp name="T1063"/><temp name="T6"/><temp name="T1092"/><temp name="T1100"/><temp name="T1152"/><temp name="T1096"/><temp name="T1065"/><temp name="T1157"/><temp name="T1131"/><temp name="T1134"/><temp name="T1140"/><temp name="T1120"/><temp name="T1055"/></temps><temps name="out"><temp name="T1146"/><temp name="T1108"/><temp name="T1051"/><temp name="T1040"/><temp name="T1074"/><temp name="T1123"/><temp name="T1080"/><temp name="T1060"/><temp name="T1071"/><temp name="T1086"/><temp name="T1125"/><temp name="T1048"/><temp name="T1111"/><temp name="T1115"/><temp name="T1077"/><temp name="T1063"/><temp name="T6"/><temp name="T1092"/><temp name="T1100"/><temp name="T1152"/><temp name="T1096"/><temp name="T1065"/><temp name="T1157"/><temp name="T1131"/><temp name="T1134"/><temp name="T1140"/><temp name="T1120"/><temp name="T1055"/></temps></instruction><instruction code="OR T158, T1077, 0"><temps name="use"><temp name="T1077"/></temps><temps name="def"><temp name="T158"/></temps><temps name="in"><temp name="T1146"/><temp name="T1108"/><temp name="T1051"/><temp name="T1040"/><temp name="T1074"/><temp name="T1123"/><temp name="T1080"/><temp name="T1060"/><temp name="T1071"/><temp name="T1086"/><temp name="T1125"/><temp name="T1048"/><temp name="T1111"/><temp name="T1115"/><temp name="T1077"/><temp name="T1063"/><temp name="T6"/><temp name="T1092"/><temp name="T1100"/><temp name="T1152"/><temp name="T1096"/><temp name="T1065"/><temp name="T1157"/><temp name="T1131"/><temp name="T1134"/><temp name="T1140"/><temp name="T1120"/><temp name="T1055"/></temps><temps name="out"><temp name="T1146"/><temp name="T1108"/><temp name="T1051"/><temp name="T1040"/><temp name="T1074"/><temp name="T1123"/><temp name="T1080"/><temp name="T1060"/><temp name="T1071"/><temp name="T1086"/><temp name="T1125"/><temp name="T1048"/><temp name="T1111"/><temp name="T1115"/><temp name="T1063"/><temp name="T6"/><temp name="T1092"/><temp name="T1100"/><temp name="T1152"/><temp name="T158"/><temp name="T1096"/><temp name="T1065"/><temp name="T1157"/><temp name="T1131"/><temp name="T1134"/><temp name="T1140"/><temp name="T1120"/><temp name="T1055"/></temps></instruction><instruction code="LDO T1081, T1080, 0"><temps name="use"><temp name="T1080"/></temps><temps name="def"><temp name="T1081"/></temps><temps name="in"><temp name="T1146"/><temp name="T1108"/><temp name="T1051"/><temp name="T1040"/><temp name="T1074"/><temp name="T1123"/><temp name="T1080"/><temp name="T1060"/><temp name="T1071"/><temp name="T1086"/><temp name="T1125"/><temp name="T1048"/><temp name="T1111"/><temp name="T1115"/><temp name="T1063"/><temp name="T6"/><temp name="T1092"/><temp name="T1100"/><temp name="T1152"/><temp name="T158"/><temp name="T1096"/><temp name="T1065"/><temp name="T1157"/><temp name="T1131"/><temp name="T1134"/><temp name="T1140"/><temp name="T1120"/><temp name="T1055"/></temps><temps name="out"><temp name="T1146"/><temp name="T1108"/><temp name="T1051"/><temp name="T1040"/><temp name="T1074"/><temp name="T1123"/><temp name="T1080"/><temp name="T1060"/><temp name="T1071"/><temp name="T1086"/><temp name="T1125"/><temp name="T1048"/><temp name="T1111"/><temp name="T1115"/><temp name="T1063"/><temp name="T6"/><temp name="T1092"/><temp name="T1100"/><temp name="T1152"/><temp name="T158"/><temp name="T1096"/><temp name="T1065"/><temp name="T1157"/><temp name="T1081"/><temp name="T1131"/><temp name="T1134"/><temp name="T1140"/><temp name="T1120"/><temp name="T1055"/></temps></instruction><instruction code="STO T1081, T158, 0"><temps name="use"><temp name="T1081"/><temp name="T158"/></temps><temps name="def"/><temps name="in"><temp name="T1146"/><temp name="T1108"/><temp name="T1051"/><temp name="T1040"/><temp name="T1074"/><temp name="T1123"/><temp name="T1080"/><temp name="T1060"/><temp name="T1071"/><temp name="T1086"/><temp name="T1125"/><temp name="T1048"/><temp name="T1111"/><temp name="T1115"/><temp name="T1063"/><temp name="T6"/><temp name="T1092"/><temp name="T1100"/><temp name="T1152"/><temp name="T158"/><temp name="T1096"/><temp name="T1065"/><temp name="T1157"/><temp name="T1081"/><temp name="T1131"/><temp name="T1134"/><temp name="T1140"/><temp name="T1120"/><temp name="T1055"/></temps><temps name="out"><temp name="T1146"/><temp name="T1108"/><temp name="T1051"/><temp name="T1040"/><temp name="T1074"/><temp name="T1123"/><temp name="T1080"/><temp name="T1060"/><temp name="T1071"/><temp name="T1086"/><temp name="T1125"/><temp name="T1048"/><temp name="T1111"/><temp name="T1115"/><temp name="T1063"/><temp name="T6"/><temp name="T1092"/><temp name="T1100"/><temp name="T1152"/><temp name="T1096"/><temp name="T1065"/><temp name="T1157"/><temp name="T1131"/><temp name="T1134"/><temp name="T1140"/><temp name="T1120"/><temp name="T1055"/></temps></instruction><instruction code="LDA T1082, L17"><temps name="use"/><temps name="def"><temp name="T1082"/></temps><temps name="in"><temp name="T1146"/><temp name="T1108"/><temp name="T1051"/><temp name="T1040"/><temp name="T1074"/><temp name="T1123"/><temp name="T1080"/><temp name="T1060"/><temp name="T1071"/><temp name="T1086"/><temp name="T1125"/><temp name="T1048"/><temp name="T1111"/><temp name="T1115"/><temp name="T1063"/><temp name="T6"/><temp name="T1092"/><temp name="T1100"/><temp name="T1152"/><temp name="T1096"/><temp name="T1065"/><temp name="T1157"/><temp name="T1131"/><temp name="T1134"/><temp name="T1140"/><temp name="T1120"/><temp name="T1055"/></temps><temps name="out"><temp name="T1146"/><temp name="T1108"/><temp name="T1051"/><temp name="T1040"/><temp name="T1074"/><temp name="T1123"/><temp name="T1080"/><temp name="T1060"/><temp name="T1071"/><temp name="T1086"/><temp name="T1125"/><temp name="T1048"/><temp name="T1111"/><temp name="T1115"/><temp name="T1063"/><temp name="T6"/><temp name="T1092"/><temp name="T1100"/><temp name="T1152"/><temp name="T1082"/><temp name="T1096"/><temp name="T1065"/><temp name="T1157"/><temp name="T1131"/><temp name="T1134"/><temp name="T1140"/><temp name="T1120"/><temp name="T1055"/></temps></instruction><instruction code="GO T1082, T1082, 0"><temps name="use"><temp name="T1082"/></temps><temps name="def"><temp name="T1082"/></temps><temps name="in"><temp name="T1146"/><temp name="T1108"/><temp name="T1051"/><temp name="T1040"/><temp name="T1074"/><temp name="T1123"/><temp name="T1080"/><temp name="T1060"/><temp name="T1071"/><temp name="T1086"/><temp name="T1125"/><temp name="T1048"/><temp name="T1111"/><temp name="T1115"/><temp name="T1063"/><temp name="T6"/><temp name="T1092"/><temp name="T1100"/><temp name="T1152"/><temp name="T1082"/><temp name="T1096"/><temp name="T1065"/><temp name="T1157"/><temp name="T1131"/><temp name="T1134"/><temp name="T1140"/><temp name="T1120"/><temp name="T1055"/></temps><temps name="out"><temp name="T1146"/><temp name="T1108"/><temp name="T1051"/><temp name="T1040"/><temp name="T1074"/><temp name="T1123"/><temp name="T1080"/><temp name="T1060"/><temp name="T1071"/><temp name="T1086"/><temp name="T1125"/><temp name="T1048"/><temp name="T1111"/><temp name="T1115"/><temp name="T1063"/><temp name="T6"/><temp name="T1092"/><temp name="T1100"/><temp name="T1152"/><temp name="T1096"/><temp name="T1065"/><temp name="T1157"/><temp name="T1131"/><temp name="T1134"/><temp name="T1140"/><temp name="T1120"/><temp name="T1055"/></temps></instruction><instruction code="L19"><temps name="use"/><temps name="def"/><temps name="in"><temp name="T6"/><temp name="T1146"/><temp name="T1092"/><temp name="T1100"/><temp name="T1152"/><temp name="T1108"/><temp name="T1096"/><temp name="T1123"/><temp name="T1157"/><temp name="T1086"/><temp name="T1125"/><temp name="T1131"/><temp name="T1134"/><temp name="T1140"/><temp name="T1111"/><temp name="T1115"/><temp name="T1120"/></temps><temps name="out"><temp name="T6"/><temp name="T1146"/><temp name="T1092"/><temp name="T1100"/><temp name="T1152"/><temp name="T1108"/><temp name="T1096"/><temp name="T1123"/><temp name="T1157"/><temp name="T1086"/><temp name="T1125"/><temp name="T1131"/><temp name="T1134"/><temp name="T1140"/><temp name="T1111"/><temp name="T1115"/><temp name="T1120"/></temps></instruction><instruction code="SETL  T1083, 0"><temps name="use"/><temps name="def"><temp name="T1083"/></temps><temps name="in"><temp name="T6"/><temp name="T1146"/><temp name="T1092"/><temp name="T1100"/><temp name="T1152"/><temp name="T1108"/><temp name="T1096"/><temp name="T1123"/><temp name="T1157"/><temp name="T1086"/><temp name="T1125"/><temp name="T1131"/><temp name="T1134"/><temp name="T1140"/><temp name="T1111"/><temp name="T1115"/><temp name="T1120"/></temps><temps name="out"><temp name="T6"/><temp name="T1146"/><temp name="T1092"/><temp name="T1100"/><temp name="T1152"/><temp name="T1108"/><temp name="T1096"/><temp name="T1123"/><temp name="T1157"/><temp name="T1086"/><temp name="T1125"/><temp name="T1131"/><temp name="T1134"/><temp name="T1140"/><temp name="T1111"/><temp name="T1115"/><temp name="T1120"/></temps></instruction><instruction code="INCML T1083, 0"><temps name="use"/><temps name="def"><temp name="T1083"/></temps><temps name="in"><temp name="T6"/><temp name="T1146"/><temp name="T1092"/><temp name="T1100"/><temp name="T1152"/><temp name="T1108"/><temp name="T1096"/><temp name="T1123"/><temp name="T1157"/><temp name="T1086"/><temp name="T1125"/><temp name="T1131"/><temp name="T1134"/><temp name="T1140"/><temp name="T1111"/><temp name="T1115"/><temp name="T1120"/></temps><temps name="out"><temp name="T6"/><temp name="T1146"/><temp name="T1092"/><temp name="T1100"/><temp name="T1152"/><temp name="T1108"/><temp name="T1096"/><temp name="T1123"/><temp name="T1157"/><temp name="T1086"/><temp name="T1125"/><temp name="T1131"/><temp name="T1134"/><temp name="T1140"/><temp name="T1111"/><temp name="T1115"/><temp name="T1120"/></temps></instruction><instruction code="INCMH T1083, 0"><temps name="use"/><temps name="def"><temp name="T1083"/></temps><temps name="in"><temp name="T6"/><temp name="T1146"/><temp name="T1092"/><temp name="T1100"/><temp name="T1152"/><temp name="T1108"/><temp name="T1096"/><temp name="T1123"/><temp name="T1157"/><temp name="T1086"/><temp name="T1125"/><temp name="T1131"/><temp name="T1134"/><temp name="T1140"/><temp name="T1111"/><temp name="T1115"/><temp name="T1120"/></temps><temps name="out"><temp name="T6"/><temp name="T1146"/><temp name="T1092"/><temp name="T1100"/><temp name="T1152"/><temp name="T1108"/><temp name="T1096"/><temp name="T1123"/><temp name="T1157"/><temp name="T1086"/><temp name="T1125"/><temp name="T1131"/><temp name="T1134"/><temp name="T1140"/><temp name="T1111"/><temp name="T1115"/><temp name="T1120"/></temps></instruction><instruction code="INCH  T1083, 0"><temps name="use"/><temps name="def"><temp name="T1083"/></temps><temps name="in"><temp name="T6"/><temp name="T1146"/><temp name="T1092"/><temp name="T1100"/><temp name="T1152"/><temp name="T1108"/><temp name="T1096"/><temp name="T1123"/><temp name="T1157"/><temp name="T1086"/><temp name="T1125"/><temp name="T1131"/><temp name="T1134"/><temp name="T1140"/><temp name="T1111"/><temp name="T1115"/><temp name="T1120"/></temps><temps name="out"><temp name="T6"/><temp name="T1146"/><temp name="T1092"/><temp name="T1100"/><temp name="T1152"/><temp name="T1108"/><temp name="T1096"/><temp name="T1123"/><temp name="T1157"/><temp name="T1086"/><temp name="T1125"/><temp name="T1131"/><temp name="T1134"/><temp name="T1083"/><temp name="T1140"/><temp name="T1111"/><temp name="T1115"/><temp name="T1120"/></temps></instruction><instruction code="OR T159, T1083, 0"><temps name="use"><temp name="T1083"/></temps><temps name="def"><temp name="T159"/></temps><temps name="in"><temp name="T6"/><temp name="T1146"/><temp name="T1092"/><temp name="T1100"/><temp name="T1152"/><temp name="T1108"/><temp name="T1096"/><temp name="T1123"/><temp name="T1157"/><temp name="T1086"/><temp name="T1125"/><temp name="T1131"/><temp name="T1134"/><temp name="T1083"/><temp name="T1140"/><temp name="T1111"/><temp name="T1115"/><temp name="T1120"/></temps><temps name="out"><temp name="T159"/><temp name="T6"/><temp name="T1146"/><temp name="T1092"/><temp name="T1100"/><temp name="T1152"/><temp name="T1108"/><temp name="T1096"/><temp name="T1123"/><temp name="T1157"/><temp name="T1086"/><temp name="T1125"/><temp name="T1131"/><temp name="T1134"/><temp name="T1140"/><temp name="T1111"/><temp name="T1115"/><temp name="T1120"/></temps></instruction><instruction code="LDA T1084, L20"><temps name="use"/><temps name="def"><temp name="T1084"/></temps><temps name="in"><temp name="T159"/><temp name="T6"/><temp name="T1146"/><temp name="T1092"/><temp name="T1100"/><temp name="T1152"/><temp name="T1108"/><temp name="T1096"/><temp name="T1123"/><temp name="T1157"/><temp name="T1086"/><temp name="T1125"/><temp name="T1131"/><temp name="T1134"/><temp name="T1140"/><temp name="T1111"/><temp name="T1115"/><temp name="T1120"/></temps><temps name="out"><temp name="T159"/><temp name="T6"/><temp name="T1146"/><temp name="T1092"/><temp name="T1100"/><temp name="T1152"/><temp name="T1108"/><temp name="T1096"/><temp name="T1123"/><temp name="T1157"/><temp name="T1086"/><temp name="T1125"/><temp name="T1131"/><temp name="T1134"/><temp name="T1140"/><temp name="T1111"/><temp name="T1084"/><temp name="T1115"/><temp name="T1120"/></temps></instruction><instruction code="OR T160, T1084, 0"><temps name="use"><temp name="T1084"/></temps><temps name="def"><temp name="T160"/></temps><temps name="in"><temp name="T159"/><temp name="T6"/><temp name="T1146"/><temp name="T1092"/><temp name="T1100"/><temp name="T1152"/><temp name="T1108"/><temp name="T1096"/><temp name="T1123"/><temp name="T1157"/><temp name="T1086"/><temp name="T1125"/><temp name="T1131"/><temp name="T1134"/><temp name="T1140"/><temp name="T1111"/><temp name="T1084"/><temp name="T1115"/><temp name="T1120"/></temps><temps name="out"><temp name="T160"/><temp name="T159"/><temp name="T6"/><temp name="T1146"/><temp name="T1092"/><temp name="T1100"/><temp name="T1152"/><temp name="T1108"/><temp name="T1096"/><temp name="T1123"/><temp name="T1157"/><temp name="T1086"/><temp name="T1125"/><temp name="T1131"/><temp name="T1134"/><temp name="T1140"/><temp name="T1111"/><temp name="T1115"/><temp name="T1120"/></temps></instruction><instruction code="STO T159, $254, 8"><temps name="use"><temp name="T159"/></temps><temps name="def"/><temps name="in"><temp name="T160"/><temp name="T159"/><temp name="T6"/><temp name="T1146"/><temp name="T1092"/><temp name="T1100"/><temp name="T1152"/><temp name="T1108"/><temp name="T1096"/><temp name="T1123"/><temp name="T1157"/><temp name="T1086"/><temp name="T1125"/><temp name="T1131"/><temp name="T1134"/><temp name="T1140"/><temp name="T1111"/><temp name="T1115"/><temp name="T1120"/></temps><temps name="out"><temp name="T160"/><temp name="T6"/><temp name="T1146"/><temp name="T1092"/><temp name="T1100"/><temp name="T1152"/><temp name="T1108"/><temp name="T1096"/><temp name="T1123"/><temp name="T1157"/><temp name="T1086"/><temp name="T1125"/><temp name="T1131"/><temp name="T1134"/><temp name="T1140"/><temp name="T1111"/><temp name="T1115"/><temp name="T1120"/></temps></instruction><instruction code="STO T160, $254, 16"><temps name="use"><temp name="T160"/></temps><temps name="def"/><temps name="in"><temp name="T160"/><temp name="T6"/><temp name="T1146"/><temp name="T1092"/><temp name="T1100"/><temp name="T1152"/><temp name="T1108"/><temp name="T1096"/><temp name="T1123"/><temp name="T1157"/><temp name="T1086"/><temp name="T1125"/><temp name="T1131"/><temp name="T1134"/><temp name="T1140"/><temp name="T1111"/><temp name="T1115"/><temp name="T1120"/></temps><temps name="out"><temp name="T6"/><temp name="T1146"/><temp name="T1092"/><temp name="T1100"/><temp name="T1152"/><temp name="T1108"/><temp name="T1096"/><temp name="T1123"/><temp name="T1157"/><temp name="T1086"/><temp name="T1125"/><temp name="T1131"/><temp name="T1134"/><temp name="T1140"/><temp name="T1111"/><temp name="T1115"/><temp name="T1120"/></temps></instruction><instruction code="LDA T1085, _putString"><temps name="use"/><temps name="def"><temp name="T1085"/></temps><temps name="in"><temp name="T6"/><temp name="T1146"/><temp name="T1092"/><temp name="T1100"/><temp name="T1152"/><temp name="T1108"/><temp name="T1096"/><temp name="T1123"/><temp name="T1157"/><temp name="T1086"/><temp name="T1125"/><temp name="T1131"/><temp name="T1134"/><temp name="T1140"/><temp name="T1111"/><temp name="T1115"/><temp name="T1120"/></temps><temps name="out"><temp name="T6"/><temp name="T1146"/><temp name="T1092"/><temp name="T1100"/><temp name="T1152"/><temp name="T1108"/><temp name="T1096"/><temp name="T1123"/><temp name="T1157"/><temp name="T1086"/><temp name="T1125"/><temp name="T1131"/><temp name="T1085"/><temp name="T1134"/><temp name="T1140"/><temp name="T1111"/><temp name="T1115"/><temp name="T1120"/></temps></instruction><instruction code="PUSHJ $15, T1085, 0"><temps name="use"><temp name="T1085"/></temps><temps name="def"/><temps name="in"><temp name="T6"/><temp name="T1146"/><temp name="T1092"/><temp name="T1100"/><temp name="T1152"/><temp name="T1108"/><temp name="T1096"/><temp name="T1123"/><temp name="T1157"/><temp name="T1086"/><temp name="T1125"/><temp name="T1131"/><temp name="T1085"/><temp name="T1134"/><temp name="T1140"/><temp name="T1111"/><temp name="T1115"/><temp name="T1120"/></temps><temps name="out"><temp name="T6"/><temp name="T1146"/><temp name="T1092"/><temp name="T1100"/><temp name="T1152"/><temp name="T1108"/><temp name="T1096"/><temp name="T1123"/><temp name="T1157"/><temp name="T1086"/><temp name="T1125"/><temp name="T1131"/><temp name="T1134"/><temp name="T1140"/><temp name="T1111"/><temp name="T1115"/><temp name="T1120"/></temps></instruction><instruction code="OR T161, T1086, 0"><temps name="use"><temp name="T1086"/></temps><temps name="def"><temp name="T161"/></temps><temps name="in"><temp name="T6"/><temp name="T1146"/><temp name="T1092"/><temp name="T1100"/><temp name="T1152"/><temp name="T1108"/><temp name="T1096"/><temp name="T1123"/><temp name="T1157"/><temp name="T1086"/><temp name="T1125"/><temp name="T1131"/><temp name="T1134"/><temp name="T1140"/><temp name="T1111"/><temp name="T1115"/><temp name="T1120"/></temps><temps name="out"><temp name="T6"/><temp name="T1146"/><temp name="T1092"/><temp name="T1100"/><temp name="T1152"/><temp name="T1108"/><temp name="T1096"/><temp name="T1123"/><temp name="T1157"/><temp name="T1125"/><temp name="T1131"/><temp name="T1134"/><temp name="T1140"/><temp name="T1111"/><temp name="T1115"/><temp name="T1120"/></temps></instruction><instruction code="SETL  T1087, 0"><temps name="use"/><temps name="def"><temp name="T1087"/></temps><temps name="in"><temp name="T6"/><temp name="T1146"/><temp name="T1092"/><temp name="T1100"/><temp name="T1152"/><temp name="T1108"/><temp name="T1096"/><temp name="T1123"/><temp name="T1157"/><temp name="T1125"/><temp name="T1131"/><temp name="T1134"/><temp name="T1140"/><temp name="T1111"/><temp name="T1115"/><temp name="T1120"/></temps><temps name="out"><temp name="T6"/><temp name="T1146"/><temp name="T1092"/><temp name="T1100"/><temp name="T1152"/><temp name="T1108"/><temp name="T1096"/><temp name="T1123"/><temp name="T1157"/><temp name="T1125"/><temp name="T1131"/><temp name="T1134"/><temp name="T1140"/><temp name="T1111"/><temp name="T1115"/><temp name="T1120"/></temps></instruction><instruction code="INCML T1087, 0"><temps name="use"/><temps name="def"><temp name="T1087"/></temps><temps name="in"><temp name="T6"/><temp name="T1146"/><temp name="T1092"/><temp name="T1100"/><temp name="T1152"/><temp name="T1108"/><temp name="T1096"/><temp name="T1123"/><temp name="T1157"/><temp name="T1125"/><temp name="T1131"/><temp name="T1134"/><temp name="T1140"/><temp name="T1111"/><temp name="T1115"/><temp name="T1120"/></temps><temps name="out"><temp name="T6"/><temp name="T1146"/><temp name="T1092"/><temp name="T1100"/><temp name="T1152"/><temp name="T1108"/><temp name="T1096"/><temp name="T1123"/><temp name="T1157"/><temp name="T1125"/><temp name="T1131"/><temp name="T1134"/><temp name="T1140"/><temp name="T1111"/><temp name="T1115"/><temp name="T1120"/></temps></instruction><instruction code="INCMH T1087, 0"><temps name="use"/><temps name="def"><temp name="T1087"/></temps><temps name="in"><temp name="T6"/><temp name="T1146"/><temp name="T1092"/><temp name="T1100"/><temp name="T1152"/><temp name="T1108"/><temp name="T1096"/><temp name="T1123"/><temp name="T1157"/><temp name="T1125"/><temp name="T1131"/><temp name="T1134"/><temp name="T1140"/><temp name="T1111"/><temp name="T1115"/><temp name="T1120"/></temps><temps name="out"><temp name="T6"/><temp name="T1146"/><temp name="T1092"/><temp name="T1100"/><temp name="T1152"/><temp name="T1108"/><temp name="T1096"/><temp name="T1123"/><temp name="T1157"/><temp name="T1125"/><temp name="T1131"/><temp name="T1134"/><temp name="T1140"/><temp name="T1111"/><temp name="T1115"/><temp name="T1120"/></temps></instruction><instruction code="INCH  T1087, 0"><temps name="use"/><temps name="def"><temp name="T1087"/></temps><temps name="in"><temp name="T6"/><temp name="T1146"/><temp name="T1092"/><temp name="T1100"/><temp name="T1152"/><temp name="T1108"/><temp name="T1096"/><temp name="T1123"/><temp name="T1157"/><temp name="T1125"/><temp name="T1131"/><temp name="T1134"/><temp name="T1140"/><temp name="T1111"/><temp name="T1115"/><temp name="T1120"/></temps><temps name="out"><temp name="T6"/><temp name="T1146"/><temp name="T1092"/><temp name="T1100"/><temp name="T1152"/><temp name="T1108"/><temp name="T1096"/><temp name="T1123"/><temp name="T1157"/><temp name="T1087"/><temp name="T1125"/><temp name="T1131"/><temp name="T1134"/><temp name="T1140"/><temp name="T1111"/><temp name="T1115"/><temp name="T1120"/></temps></instruction><instruction code="OR T162, T1087, 0"><temps name="use"><temp name="T1087"/></temps><temps name="def"><temp name="T162"/></temps><temps name="in"><temp name="T6"/><temp name="T1146"/><temp name="T1092"/><temp name="T1100"/><temp name="T1152"/><temp name="T1108"/><temp name="T1096"/><temp name="T1123"/><temp name="T1157"/><temp name="T1087"/><temp name="T1125"/><temp name="T1131"/><temp name="T1134"/><temp name="T1140"/><temp name="T1111"/><temp name="T1115"/><temp name="T1120"/></temps><temps name="out"><temp name="T6"/><temp name="T1146"/><temp name="T1092"/><temp name="T1100"/><temp name="T1152"/><temp name="T1108"/><temp name="T162"/><temp name="T1096"/><temp name="T1123"/><temp name="T1157"/><temp name="T1125"/><temp name="T1131"/><temp name="T1134"/><temp name="T1140"/><temp name="T1111"/><temp name="T1115"/><temp name="T1120"/></temps></instruction><instruction code="SETL  T1088, 10"><temps name="use"/><temps name="def"><temp name="T1088"/></temps><temps name="in"><temp name="T6"/><temp name="T1146"/><temp name="T1092"/><temp name="T1100"/><temp name="T1152"/><temp name="T1108"/><temp name="T162"/><temp name="T1096"/><temp name="T1123"/><temp name="T1157"/><temp name="T1125"/><temp name="T1131"/><temp name="T1134"/><temp name="T1140"/><temp name="T1111"/><temp name="T1115"/><temp name="T1120"/></temps><temps name="out"><temp name="T6"/><temp name="T1146"/><temp name="T1092"/><temp name="T1100"/><temp name="T1152"/><temp name="T1108"/><temp name="T162"/><temp name="T1096"/><temp name="T1123"/><temp name="T1157"/><temp name="T1125"/><temp name="T1131"/><temp name="T1134"/><temp name="T1140"/><temp name="T1111"/><temp name="T1115"/><temp name="T1120"/></temps></instruction><instruction code="INCML T1088, 0"><temps name="use"/><temps name="def"><temp name="T1088"/></temps><temps name="in"><temp name="T6"/><temp name="T1146"/><temp name="T1092"/><temp name="T1100"/><temp name="T1152"/><temp name="T1108"/><temp name="T162"/><temp name="T1096"/><temp name="T1123"/><temp name="T1157"/><temp name="T1125"/><temp name="T1131"/><temp name="T1134"/><temp name="T1140"/><temp name="T1111"/><temp name="T1115"/><temp name="T1120"/></temps><temps name="out"><temp name="T6"/><temp name="T1146"/><temp name="T1092"/><temp name="T1100"/><temp name="T1152"/><temp name="T1108"/><temp name="T162"/><temp name="T1096"/><temp name="T1123"/><temp name="T1157"/><temp name="T1125"/><temp name="T1131"/><temp name="T1134"/><temp name="T1140"/><temp name="T1111"/><temp name="T1115"/><temp name="T1120"/></temps></instruction><instruction code="INCMH T1088, 0"><temps name="use"/><temps name="def"><temp name="T1088"/></temps><temps name="in"><temp name="T6"/><temp name="T1146"/><temp name="T1092"/><temp name="T1100"/><temp name="T1152"/><temp name="T1108"/><temp name="T162"/><temp name="T1096"/><temp name="T1123"/><temp name="T1157"/><temp name="T1125"/><temp name="T1131"/><temp name="T1134"/><temp name="T1140"/><temp name="T1111"/><temp name="T1115"/><temp name="T1120"/></temps><temps name="out"><temp name="T6"/><temp name="T1146"/><temp name="T1092"/><temp name="T1100"/><temp name="T1152"/><temp name="T1108"/><temp name="T162"/><temp name="T1096"/><temp name="T1123"/><temp name="T1157"/><temp name="T1125"/><temp name="T1131"/><temp name="T1134"/><temp name="T1140"/><temp name="T1111"/><temp name="T1115"/><temp name="T1120"/></temps></instruction><instruction code="INCH  T1088, 0"><temps name="use"/><temps name="def"><temp name="T1088"/></temps><temps name="in"><temp name="T6"/><temp name="T1146"/><temp name="T1092"/><temp name="T1100"/><temp name="T1152"/><temp name="T1108"/><temp name="T162"/><temp name="T1096"/><temp name="T1123"/><temp name="T1157"/><temp name="T1125"/><temp name="T1131"/><temp name="T1134"/><temp name="T1140"/><temp name="T1111"/><temp name="T1115"/><temp name="T1120"/></temps><temps name="out"><temp name="T6"/><temp name="T1146"/><temp name="T1092"/><temp name="T1100"/><temp name="T1152"/><temp name="T1108"/><temp name="T162"/><temp name="T1096"/><temp name="T1123"/><temp name="T1088"/><temp name="T1157"/><temp name="T1125"/><temp name="T1131"/><temp name="T1134"/><temp name="T1140"/><temp name="T1111"/><temp name="T1115"/><temp name="T1120"/></temps></instruction><instruction code="OR T163, T1088, 0"><temps name="use"><temp name="T1088"/></temps><temps name="def"><temp name="T163"/></temps><temps name="in"><temp name="T6"/><temp name="T1146"/><temp name="T1092"/><temp name="T1100"/><temp name="T1152"/><temp name="T1108"/><temp name="T162"/><temp name="T1096"/><temp name="T1123"/><temp name="T1088"/><temp name="T1157"/><temp name="T1125"/><temp name="T1131"/><temp name="T1134"/><temp name="T1140"/><temp name="T1111"/><temp name="T1115"/><temp name="T1120"/></temps><temps name="out"><temp name="T6"/><temp name="T1146"/><temp name="T1092"/><temp name="T1100"/><temp name="T1152"/><temp name="T1108"/><temp name="T162"/><temp name="T1096"/><temp name="T1123"/><temp name="T1157"/><temp name="T1125"/><temp name="T1131"/><temp name="T163"/><temp name="T1134"/><temp name="T1140"/><temp name="T1111"/><temp name="T1115"/><temp name="T1120"/></temps></instruction><instruction code="SETL  T1089, 256"><temps name="use"/><temps name="def"><temp name="T1089"/></temps><temps name="in"><temp name="T6"/><temp name="T1146"/><temp name="T1092"/><temp name="T1100"/><temp name="T1152"/><temp name="T1108"/><temp name="T162"/><temp name="T1096"/><temp name="T1123"/><temp name="T1157"/><temp name="T1125"/><temp name="T1131"/><temp name="T163"/><temp name="T1134"/><temp name="T1140"/><temp name="T1111"/><temp name="T1115"/><temp name="T1120"/></temps><temps name="out"><temp name="T6"/><temp name="T1146"/><temp name="T1092"/><temp name="T1100"/><temp name="T1152"/><temp name="T1108"/><temp name="T162"/><temp name="T1096"/><temp name="T1123"/><temp name="T1157"/><temp name="T1125"/><temp name="T1131"/><temp name="T163"/><temp name="T1134"/><temp name="T1140"/><temp name="T1111"/><temp name="T1115"/><temp name="T1120"/></temps></instruction><instruction code="INCML T1089, 0"><temps name="use"/><temps name="def"><temp name="T1089"/></temps><temps name="in"><temp name="T6"/><temp name="T1146"/><temp name="T1092"/><temp name="T1100"/><temp name="T1152"/><temp name="T1108"/><temp name="T162"/><temp name="T1096"/><temp name="T1123"/><temp name="T1157"/><temp name="T1125"/><temp name="T1131"/><temp name="T163"/><temp name="T1134"/><temp name="T1140"/><temp name="T1111"/><temp name="T1115"/><temp name="T1120"/></temps><temps name="out"><temp name="T6"/><temp name="T1146"/><temp name="T1092"/><temp name="T1100"/><temp name="T1152"/><temp name="T1108"/><temp name="T162"/><temp name="T1096"/><temp name="T1123"/><temp name="T1157"/><temp name="T1125"/><temp name="T1131"/><temp name="T163"/><temp name="T1134"/><temp name="T1140"/><temp name="T1111"/><temp name="T1115"/><temp name="T1120"/></temps></instruction><instruction code="INCMH T1089, 0"><temps name="use"/><temps name="def"><temp name="T1089"/></temps><temps name="in"><temp name="T6"/><temp name="T1146"/><temp name="T1092"/><temp name="T1100"/><temp name="T1152"/><temp name="T1108"/><temp name="T162"/><temp name="T1096"/><temp name="T1123"/><temp name="T1157"/><temp name="T1125"/><temp name="T1131"/><temp name="T163"/><temp name="T1134"/><temp name="T1140"/><temp name="T1111"/><temp name="T1115"/><temp name="T1120"/></temps><temps name="out"><temp name="T6"/><temp name="T1146"/><temp name="T1092"/><temp name="T1100"/><temp name="T1152"/><temp name="T1108"/><temp name="T162"/><temp name="T1096"/><temp name="T1123"/><temp name="T1157"/><temp name="T1125"/><temp name="T1131"/><temp name="T163"/><temp name="T1134"/><temp name="T1140"/><temp name="T1111"/><temp name="T1115"/><temp name="T1120"/></temps></instruction><instruction code="INCH  T1089, 0"><temps name="use"/><temps name="def"><temp name="T1089"/></temps><temps name="in"><temp name="T6"/><temp name="T1146"/><temp name="T1092"/><temp name="T1100"/><temp name="T1152"/><temp name="T1108"/><temp name="T162"/><temp name="T1096"/><temp name="T1123"/><temp name="T1157"/><temp name="T1125"/><temp name="T1131"/><temp name="T163"/><temp name="T1134"/><temp name="T1140"/><temp name="T1111"/><temp name="T1115"/><temp name="T1120"/></temps><temps name="out"><temp name="T6"/><temp name="T1146"/><temp name="T1092"/><temp name="T1100"/><temp name="T1152"/><temp name="T1108"/><temp name="T162"/><temp name="T1096"/><temp name="T1123"/><temp name="T1157"/><temp name="T1125"/><temp name="T1131"/><temp name="T163"/><temp name="T1089"/><temp name="T1134"/><temp name="T1140"/><temp name="T1111"/><temp name="T1115"/><temp name="T1120"/></temps></instruction><instruction code="OR T164, T1089, 0"><temps name="use"><temp name="T1089"/></temps><temps name="def"><temp name="T164"/></temps><temps name="in"><temp name="T6"/><temp name="T1146"/><temp name="T1092"/><temp name="T1100"/><temp name="T1152"/><temp name="T1108"/><temp name="T162"/><temp name="T1096"/><temp name="T1123"/><temp name="T1157"/><temp name="T1125"/><temp name="T1131"/><temp name="T163"/><temp name="T1089"/><temp name="T1134"/><temp name="T1140"/><temp name="T1111"/><temp name="T1115"/><temp name="T1120"/></temps><temps name="out"><temp name="T6"/><temp name="T1146"/><temp name="T1092"/><temp name="T1100"/><temp name="T1152"/><temp name="T1108"/><temp name="T162"/><temp name="T1096"/><temp name="T1123"/><temp name="T1157"/><temp name="T1125"/><temp name="T1131"/><temp name="T163"/><temp name="T1134"/><temp name="T1140"/><temp name="T164"/><temp name="T1111"/><temp name="T1115"/><temp name="T1120"/></temps></instruction><instruction code="DIV T1090, T163, T164"><temps name="use"><temp name="T163"/><temp name="T164"/></temps><temps name="def"><temp name="T1090"/></temps><temps name="in"><temp name="T6"/><temp name="T1146"/><temp name="T1092"/><temp name="T1100"/><temp name="T1152"/><temp name="T1108"/><temp name="T162"/><temp name="T1096"/><temp name="T1123"/><temp name="T1157"/><temp name="T1125"/><temp name="T1131"/><temp name="T163"/><temp name="T1134"/><temp name="T1140"/><temp name="T164"/><temp name="T1111"/><temp name="T1115"/><temp name="T1120"/></temps><temps name="out"><temp name="T6"/><temp name="T1146"/><temp name="T1092"/><temp name="T1100"/><temp name="T1152"/><temp name="T1108"/><temp name="T162"/><temp name="T1096"/><temp name="T1123"/><temp name="T1157"/><temp name="T1125"/><temp name="T1131"/><temp name="T1134"/><temp name="T1140"/><temp name="T1111"/><temp name="T1115"/><temp name="T1120"/></temps></instruction><instruction code="OR T1090, rR, 0"><temps name="use"/><temps name="def"><temp name="T1090"/></temps><temps name="in"><temp name="T6"/><temp name="T1146"/><temp name="T1092"/><temp name="T1100"/><temp name="T1152"/><temp name="T1108"/><temp name="T162"/><temp name="T1096"/><temp name="T1123"/><temp name="T1157"/><temp name="T1125"/><temp name="T1131"/><temp name="T1134"/><temp name="T1140"/><temp name="T1111"/><temp name="T1115"/><temp name="T1120"/></temps><temps name="out"><temp name="T1090"/><temp name="T6"/><temp name="T1146"/><temp name="T1092"/><temp name="T1100"/><temp name="T1152"/><temp name="T1108"/><temp name="T162"/><temp name="T1096"/><temp name="T1123"/><temp name="T1157"/><temp name="T1125"/><temp name="T1131"/><temp name="T1134"/><temp name="T1140"/><temp name="T1111"/><temp name="T1115"/><temp name="T1120"/></temps></instruction><instruction code="OR T165, T1090, 0"><temps name="use"><temp name="T1090"/></temps><temps name="def"><temp name="T165"/></temps><temps name="in"><temp name="T1090"/><temp name="T6"/><temp name="T1146"/><temp name="T1092"/><temp name="T1100"/><temp name="T1152"/><temp name="T1108"/><temp name="T162"/><temp name="T1096"/><temp name="T1123"/><temp name="T1157"/><temp name="T1125"/><temp name="T1131"/><temp name="T1134"/><temp name="T1140"/><temp name="T1111"/><temp name="T1115"/><temp name="T1120"/></temps><temps name="out"><temp name="T6"/><temp name="T1146"/><temp name="T1092"/><temp name="T1100"/><temp name="T1152"/><temp name="T1108"/><temp name="T165"/><temp name="T162"/><temp name="T1096"/><temp name="T1123"/><temp name="T1157"/><temp name="T1125"/><temp name="T1131"/><temp name="T1134"/><temp name="T1140"/><temp name="T1111"/><temp name="T1115"/><temp name="T1120"/></temps></instruction><instruction code="STO T162, $254, 8"><temps name="use"><temp name="T162"/></temps><temps name="def"/><temps name="in"><temp name="T6"/><temp name="T1146"/><temp name="T1092"/><temp name="T1100"/><temp name="T1152"/><temp name="T1108"/><temp name="T165"/><temp name="T162"/><temp name="T1096"/><temp name="T1123"/><temp name="T1157"/><temp name="T1125"/><temp name="T1131"/><temp name="T1134"/><temp name="T1140"/><temp name="T1111"/><temp name="T1115"/><temp name="T1120"/></temps><temps name="out"><temp name="T6"/><temp name="T1146"/><temp name="T1092"/><temp name="T1100"/><temp name="T1152"/><temp name="T1108"/><temp name="T165"/><temp name="T1096"/><temp name="T1123"/><temp name="T1157"/><temp name="T1125"/><temp name="T1131"/><temp name="T1134"/><temp name="T1140"/><temp name="T1111"/><temp name="T1115"/><temp name="T1120"/></temps></instruction><instruction code="STO T165, $254, 16"><temps name="use"><temp name="T165"/></temps><temps name="def"/><temps name="in"><temp name="T6"/><temp name="T1146"/><temp name="T1092"/><temp name="T1100"/><temp name="T1152"/><temp name="T1108"/><temp name="T165"/><temp name="T1096"/><temp name="T1123"/><temp name="T1157"/><temp name="T1125"/><temp name="T1131"/><temp name="T1134"/><temp name="T1140"/><temp name="T1111"/><temp name="T1115"/><temp name="T1120"/></temps><temps name="out"><temp name="T6"/><temp name="T1146"/><temp name="T1092"/><temp name="T1100"/><temp name="T1152"/><temp name="T1108"/><temp name="T1096"/><temp name="T1123"/><temp name="T1157"/><temp name="T1125"/><temp name="T1131"/><temp name="T1134"/><temp name="T1140"/><temp name="T1111"/><temp name="T1115"/><temp name="T1120"/></temps></instruction><instruction code="LDA T1091, _putChar"><temps name="use"/><temps name="def"><temp name="T1091"/></temps><temps name="in"><temp name="T6"/><temp name="T1146"/><temp name="T1092"/><temp name="T1100"/><temp name="T1152"/><temp name="T1108"/><temp name="T1096"/><temp name="T1123"/><temp name="T1157"/><temp name="T1125"/><temp name="T1131"/><temp name="T1134"/><temp name="T1140"/><temp name="T1111"/><temp name="T1115"/><temp name="T1120"/></temps><temps name="out"><temp name="T6"/><temp name="T1146"/><temp name="T1092"/><temp name="T1100"/><temp name="T1152"/><temp name="T1108"/><temp name="T1096"/><temp name="T1123"/><temp name="T1157"/><temp name="T1125"/><temp name="T1131"/><temp name="T1134"/><temp name="T1140"/><temp name="T1091"/><temp name="T1111"/><temp name="T1115"/><temp name="T1120"/></temps></instruction><instruction code="PUSHJ $15, T1091, 0"><temps name="use"><temp name="T1091"/></temps><temps name="def"/><temps name="in"><temp name="T6"/><temp name="T1146"/><temp name="T1092"/><temp name="T1100"/><temp name="T1152"/><temp name="T1108"/><temp name="T1096"/><temp name="T1123"/><temp name="T1157"/><temp name="T1125"/><temp name="T1131"/><temp name="T1134"/><temp name="T1140"/><temp name="T1091"/><temp name="T1111"/><temp name="T1115"/><temp name="T1120"/></temps><temps name="out"><temp name="T6"/><temp name="T1146"/><temp name="T1092"/><temp name="T1100"/><temp name="T1152"/><temp name="T1108"/><temp name="T1096"/><temp name="T1123"/><temp name="T1157"/><temp name="T1125"/><temp name="T1131"/><temp name="T1134"/><temp name="T1140"/><temp name="T1111"/><temp name="T1115"/><temp name="T1120"/></temps></instruction><instruction code="OR T166, T1092, 0"><temps name="use"><temp name="T1092"/></temps><temps name="def"><temp name="T166"/></temps><temps name="in"><temp name="T6"/><temp name="T1146"/><temp name="T1092"/><temp name="T1100"/><temp name="T1152"/><temp name="T1108"/><temp name="T1096"/><temp name="T1123"/><temp name="T1157"/><temp name="T1125"/><temp name="T1131"/><temp name="T1134"/><temp name="T1140"/><temp name="T1111"/><temp name="T1115"/><temp name="T1120"/></temps><temps name="out"><temp name="T6"/><temp name="T1146"/><temp name="T1100"/><temp name="T1152"/><temp name="T1108"/><temp name="T1096"/><temp name="T1123"/><temp name="T1157"/><temp name="T1125"/><temp name="T1131"/><temp name="T1134"/><temp name="T1140"/><temp name="T1111"/><temp name="T1115"/><temp name="T1120"/></temps></instruction><instruction code="SETL  T1093, 1"><temps name="use"/><temps name="def"><temp name="T1093"/></temps><temps name="in"><temp name="T6"/><temp name="T1146"/><temp name="T1100"/><temp name="T1152"/><temp name="T1108"/><temp name="T1096"/><temp name="T1123"/><temp name="T1157"/><temp name="T1125"/><temp name="T1131"/><temp name="T1134"/><temp name="T1140"/><temp name="T1111"/><temp name="T1115"/><temp name="T1120"/></temps><temps name="out"><temp name="T6"/><temp name="T1146"/><temp name="T1100"/><temp name="T1152"/><temp name="T1108"/><temp name="T1096"/><temp name="T1123"/><temp name="T1157"/><temp name="T1125"/><temp name="T1131"/><temp name="T1134"/><temp name="T1140"/><temp name="T1111"/><temp name="T1115"/><temp name="T1120"/></temps></instruction><instruction code="INCML T1093, 0"><temps name="use"/><temps name="def"><temp name="T1093"/></temps><temps name="in"><temp name="T6"/><temp name="T1146"/><temp name="T1100"/><temp name="T1152"/><temp name="T1108"/><temp name="T1096"/><temp name="T1123"/><temp name="T1157"/><temp name="T1125"/><temp name="T1131"/><temp name="T1134"/><temp name="T1140"/><temp name="T1111"/><temp name="T1115"/><temp name="T1120"/></temps><temps name="out"><temp name="T6"/><temp name="T1146"/><temp name="T1100"/><temp name="T1152"/><temp name="T1108"/><temp name="T1096"/><temp name="T1123"/><temp name="T1157"/><temp name="T1125"/><temp name="T1131"/><temp name="T1134"/><temp name="T1140"/><temp name="T1111"/><temp name="T1115"/><temp name="T1120"/></temps></instruction><instruction code="INCMH T1093, 0"><temps name="use"/><temps name="def"><temp name="T1093"/></temps><temps name="in"><temp name="T6"/><temp name="T1146"/><temp name="T1100"/><temp name="T1152"/><temp name="T1108"/><temp name="T1096"/><temp name="T1123"/><temp name="T1157"/><temp name="T1125"/><temp name="T1131"/><temp name="T1134"/><temp name="T1140"/><temp name="T1111"/><temp name="T1115"/><temp name="T1120"/></temps><temps name="out"><temp name="T6"/><temp name="T1146"/><temp name="T1100"/><temp name="T1152"/><temp name="T1108"/><temp name="T1096"/><temp name="T1123"/><temp name="T1157"/><temp name="T1125"/><temp name="T1131"/><temp name="T1134"/><temp name="T1140"/><temp name="T1111"/><temp name="T1115"/><temp name="T1120"/></temps></instruction><instruction code="INCH  T1093, 0"><temps name="use"/><temps name="def"><temp name="T1093"/></temps><temps name="in"><temp name="T6"/><temp name="T1146"/><temp name="T1100"/><temp name="T1152"/><temp name="T1108"/><temp name="T1096"/><temp name="T1123"/><temp name="T1157"/><temp name="T1125"/><temp name="T1131"/><temp name="T1134"/><temp name="T1140"/><temp name="T1111"/><temp name="T1115"/><temp name="T1120"/></temps><temps name="out"><temp name="T6"/><temp name="T1146"/><temp name="T1100"/><temp name="T1152"/><temp name="T1108"/><temp name="T1093"/><temp name="T1096"/><temp name="T1123"/><temp name="T1157"/><temp name="T1125"/><temp name="T1131"/><temp name="T1134"/><temp name="T1140"/><temp name="T1111"/><temp name="T1115"/><temp name="T1120"/></temps></instruction><instruction code="OR T167, T1093, 0"><temps name="use"><temp name="T1093"/></temps><temps name="def"><temp name="T167"/></temps><temps name="in"><temp name="T6"/><temp name="T1146"/><temp name="T1100"/><temp name="T1152"/><temp name="T1108"/><temp name="T1093"/><temp name="T1096"/><temp name="T1123"/><temp name="T1157"/><temp name="T1125"/><temp name="T1131"/><temp name="T1134"/><temp name="T1140"/><temp name="T1111"/><temp name="T1115"/><temp name="T1120"/></temps><temps name="out"><temp name="T6"/><temp name="T1146"/><temp name="T1100"/><temp name="T1152"/><temp name="T1108"/><temp name="T1096"/><temp name="T1123"/><temp name="T1157"/><temp name="T1125"/><temp name="T167"/><temp name="T1131"/><temp name="T1134"/><temp name="T1140"/><temp name="T1111"/><temp name="T1115"/><temp name="T1120"/></temps></instruction><instruction code="LDO T1097, T1096, 0"><temps name="use"><temp name="T1096"/></temps><temps name="def"><temp name="T1097"/></temps><temps name="in"><temp name="T6"/><temp name="T1146"/><temp name="T1100"/><temp name="T1152"/><temp name="T1108"/><temp name="T1096"/><temp name="T1123"/><temp name="T1157"/><temp name="T1125"/><temp name="T167"/><temp name="T1131"/><temp name="T1134"/><temp name="T1140"/><temp name="T1111"/><temp name="T1115"/><temp name="T1120"/></temps><temps name="out"><temp name="T6"/><temp name="T1146"/><temp name="T1100"/><temp name="T1152"/><temp name="T1108"/><temp name="T1123"/><temp name="T1157"/><temp name="T1097"/><temp name="T1125"/><temp name="T167"/><temp name="T1131"/><temp name="T1134"/><temp name="T1140"/><temp name="T1111"/><temp name="T1115"/><temp name="T1120"/></temps></instruction><instruction code="STO T1097, T167, 0"><temps name="use"><temp name="T1097"/><temp name="T167"/></temps><temps name="def"/><temps name="in"><temp name="T6"/><temp name="T1146"/><temp name="T1100"/><temp name="T1152"/><temp name="T1108"/><temp name="T1123"/><temp name="T1157"/><temp name="T1097"/><temp name="T1125"/><temp name="T167"/><temp name="T1131"/><temp name="T1134"/><temp name="T1140"/><temp name="T1111"/><temp name="T1115"/><temp name="T1120"/></temps><temps name="out"><temp name="T6"/><temp name="T1146"/><temp name="T1100"/><temp name="T1152"/><temp name="T1108"/><temp name="T1123"/><temp name="T1157"/><temp name="T1125"/><temp name="T1131"/><temp name="T1134"/><temp name="T1140"/><temp name="T1111"/><temp name="T1115"/><temp name="T1120"/></temps></instruction><instruction code="L22"><temps name="use"/><temps name="def"/><temps name="in"><temp name="T6"/><temp name="T1146"/><temp name="T1100"/><temp name="T1152"/><temp name="T1108"/><temp name="T1123"/><temp name="T1157"/><temp name="T1125"/><temp name="T1131"/><temp name="T1134"/><temp name="T1140"/><temp name="T1111"/><temp name="T1115"/><temp name="T1120"/></temps><temps name="out"><temp name="T6"/><temp name="T1146"/><temp name="T1100"/><temp name="T1152"/><temp name="T1108"/><temp name="T1123"/><temp name="T1157"/><temp name="T1125"/><temp name="T1131"/><temp name="T1134"/><temp name="T1140"/><temp name="T1111"/><temp name="T1115"/><temp name="T1120"/></temps></instruction><instruction code="OR T168, T6, 0"><temps name="use"><temp name="T6"/></temps><temps name="def"><temp name="T168"/></temps><temps name="in"><temp name="T6"/><temp name="T1146"/><temp name="T1100"/><temp name="T1152"/><temp name="T1108"/><temp name="T1123"/><temp name="T1157"/><temp name="T1125"/><temp name="T1131"/><temp name="T1134"/><temp name="T1140"/><temp name="T1111"/><temp name="T1115"/><temp name="T1120"/></temps><temps name="out"><temp name="T6"/><temp name="T1146"/><temp name="T1100"/><temp name="T1152"/><temp name="T1108"/><temp name="T1123"/><temp name="T1157"/><temp name="T1125"/><temp name="T1131"/><temp name="T168"/><temp name="T1134"/><temp name="T1140"/><temp name="T1111"/><temp name="T1115"/><temp name="T1120"/></temps></instruction><instruction code="SETL  T1098, 8"><temps name="use"/><temps name="def"><temp name="T1098"/></temps><temps name="in"><temp name="T6"/><temp name="T1146"/><temp name="T1100"/><temp name="T1152"/><temp name="T1108"/><temp name="T1123"/><temp name="T1157"/><temp name="T1125"/><temp name="T1131"/><temp name="T168"/><temp name="T1134"/><temp name="T1140"/><temp name="T1111"/><temp name="T1115"/><temp name="T1120"/></temps><temps name="out"><temp name="T6"/><temp name="T1146"/><temp name="T1100"/><temp name="T1152"/><temp name="T1108"/><temp name="T1123"/><temp name="T1157"/><temp name="T1125"/><temp name="T1131"/><temp name="T168"/><temp name="T1134"/><temp name="T1140"/><temp name="T1111"/><temp name="T1115"/><temp name="T1120"/></temps></instruction><instruction code="INCML T1098, 0"><temps name="use"/><temps name="def"><temp name="T1098"/></temps><temps name="in"><temp name="T6"/><temp name="T1146"/><temp name="T1100"/><temp name="T1152"/><temp name="T1108"/><temp name="T1123"/><temp name="T1157"/><temp name="T1125"/><temp name="T1131"/><temp name="T168"/><temp name="T1134"/><temp name="T1140"/><temp name="T1111"/><temp name="T1115"/><temp name="T1120"/></temps><temps name="out"><temp name="T6"/><temp name="T1146"/><temp name="T1100"/><temp name="T1152"/><temp name="T1108"/><temp name="T1123"/><temp name="T1157"/><temp name="T1125"/><temp name="T1131"/><temp name="T168"/><temp name="T1134"/><temp name="T1140"/><temp name="T1111"/><temp name="T1115"/><temp name="T1120"/></temps></instruction><instruction code="INCMH T1098, 0"><temps name="use"/><temps name="def"><temp name="T1098"/></temps><temps name="in"><temp name="T6"/><temp name="T1146"/><temp name="T1100"/><temp name="T1152"/><temp name="T1108"/><temp name="T1123"/><temp name="T1157"/><temp name="T1125"/><temp name="T1131"/><temp name="T168"/><temp name="T1134"/><temp name="T1140"/><temp name="T1111"/><temp name="T1115"/><temp name="T1120"/></temps><temps name="out"><temp name="T6"/><temp name="T1146"/><temp name="T1100"/><temp name="T1152"/><temp name="T1108"/><temp name="T1123"/><temp name="T1157"/><temp name="T1125"/><temp name="T1131"/><temp name="T168"/><temp name="T1134"/><temp name="T1140"/><temp name="T1111"/><temp name="T1115"/><temp name="T1120"/></temps></instruction><instruction code="INCH  T1098, 0"><temps name="use"/><temps name="def"><temp name="T1098"/></temps><temps name="in"><temp name="T6"/><temp name="T1146"/><temp name="T1100"/><temp name="T1152"/><temp name="T1108"/><temp name="T1123"/><temp name="T1157"/><temp name="T1125"/><temp name="T1131"/><temp name="T168"/><temp name="T1134"/><temp name="T1140"/><temp name="T1111"/><temp name="T1115"/><temp name="T1120"/></temps><temps name="out"><temp name="T6"/><temp name="T1146"/><temp name="T1100"/><temp name="T1152"/><temp name="T1108"/><temp name="T1123"/><temp name="T1157"/><temp name="T1125"/><temp name="T1131"/><temp name="T168"/><temp name="T1134"/><temp name="T1140"/><temp name="T1098"/><temp name="T1111"/><temp name="T1115"/><temp name="T1120"/></temps></instruction><instruction code="NEG T1098, 0, T1098"><temps name="use"><temp name="T1098"/></temps><temps name="def"><temp name="T1098"/></temps><temps name="in"><temp name="T6"/><temp name="T1146"/><temp name="T1100"/><temp name="T1152"/><temp name="T1108"/><temp name="T1123"/><temp name="T1157"/><temp name="T1125"/><temp name="T1131"/><temp name="T168"/><temp name="T1134"/><temp name="T1140"/><temp name="T1098"/><temp name="T1111"/><temp name="T1115"/><temp name="T1120"/></temps><temps name="out"><temp name="T6"/><temp name="T1146"/><temp name="T1100"/><temp name="T1152"/><temp name="T1108"/><temp name="T1123"/><temp name="T1157"/><temp name="T1125"/><temp name="T1131"/><temp name="T168"/><temp name="T1134"/><temp name="T1140"/><temp name="T1098"/><temp name="T1111"/><temp name="T1115"/><temp name="T1120"/></temps></instruction><instruction code="OR T169, T1098, 0"><temps name="use"><temp name="T1098"/></temps><temps name="def"><temp name="T169"/></temps><temps name="in"><temp name="T6"/><temp name="T1146"/><temp name="T1100"/><temp name="T1152"/><temp name="T1108"/><temp name="T1123"/><temp name="T1157"/><temp name="T1125"/><temp name="T1131"/><temp name="T168"/><temp name="T1134"/><temp name="T1140"/><temp name="T1098"/><temp name="T1111"/><temp name="T1115"/><temp name="T1120"/></temps><temps name="out"><temp name="T6"/><temp name="T1146"/><temp name="T1100"/><temp name="T1152"/><temp name="T1108"/><temp name="T1123"/><temp name="T1157"/><temp name="T1125"/><temp name="T1131"/><temp name="T168"/><temp name="T1134"/><temp name="T1140"/><temp name="T1111"/><temp name="T169"/><temp name="T1115"/><temp name="T1120"/></temps></instruction><instruction code="ADD T1099, T168, T169"><temps name="use"><temp name="T168"/><temp name="T169"/></temps><temps name="def"><temp name="T1099"/></temps><temps name="in"><temp name="T6"/><temp name="T1146"/><temp name="T1100"/><temp name="T1152"/><temp name="T1108"/><temp name="T1123"/><temp name="T1157"/><temp name="T1125"/><temp name="T1131"/><temp name="T168"/><temp name="T1134"/><temp name="T1140"/><temp name="T1111"/><temp name="T169"/><temp name="T1115"/><temp name="T1120"/></temps><temps name="out"><temp name="T6"/><temp name="T1146"/><temp name="T1100"/><temp name="T1152"/><temp name="T1108"/><temp name="T1099"/><temp name="T1123"/><temp name="T1157"/><temp name="T1125"/><temp name="T1131"/><temp name="T1134"/><temp name="T1140"/><temp name="T1111"/><temp name="T1115"/><temp name="T1120"/></temps></instruction><instruction code="OR T170, T1099, 0"><temps name="use"><temp name="T1099"/></temps><temps name="def"><temp name="T170"/></temps><temps name="in"><temp name="T6"/><temp name="T1146"/><temp name="T1100"/><temp name="T1152"/><temp name="T1108"/><temp name="T1099"/><temp name="T1123"/><temp name="T1157"/><temp name="T1125"/><temp name="T1131"/><temp name="T1134"/><temp name="T1140"/><temp name="T1111"/><temp name="T1115"/><temp name="T1120"/></temps><temps name="out"><temp name="T6"/><temp name="T1146"/><temp name="T1100"/><temp name="T1152"/><temp name="T1108"/><temp name="T1123"/><temp name="T1157"/><temp name="T1125"/><temp name="T1131"/><temp name="T1134"/><temp name="T1140"/><temp name="T1111"/><temp name="T1115"/><temp name="T1120"/></temps></instruction><instruction code="LDO T1101, T1100, 0"><temps name="use"><temp name="T1100"/></temps><temps name="def"><temp name="T1101"/></temps><temps name="in"><temp name="T6"/><temp name="T1146"/><temp name="T1100"/><temp name="T1152"/><temp name="T1108"/><temp name="T1123"/><temp name="T1157"/><temp name="T1125"/><temp name="T1131"/><temp name="T1134"/><temp name="T1140"/><temp name="T1111"/><temp name="T1115"/><temp name="T1120"/></temps><temps name="out"><temp name="T6"/><temp name="T1146"/><temp name="T1152"/><temp name="T1100"/><temp name="T1108"/><temp name="T1123"/><temp name="T1157"/><temp name="T1125"/><temp name="T1131"/><temp name="T1101"/><temp name="T1134"/><temp name="T1140"/><temp name="T1111"/><temp name="T1115"/><temp name="T1120"/></temps></instruction><instruction code="OR T171, T1101, 0"><temps name="use"><temp name="T1101"/></temps><temps name="def"><temp name="T171"/></temps><temps name="in"><temp name="T6"/><temp name="T1146"/><temp name="T1152"/><temp name="T1100"/><temp name="T1108"/><temp name="T1123"/><temp name="T1157"/><temp name="T1125"/><temp name="T1131"/><temp name="T1101"/><temp name="T1134"/><temp name="T1140"/><temp name="T1111"/><temp name="T1115"/><temp name="T1120"/></temps><temps name="out"><temp name="T6"/><temp name="T1146"/><temp name="T1152"/><temp name="T1100"/><temp name="T1108"/><temp name="T1123"/><temp name="T1157"/><temp name="T1125"/><temp name="T171"/><temp name="T1131"/><temp name="T1134"/><temp name="T1140"/><temp name="T1111"/><temp name="T1115"/><temp name="T1120"/></temps></instruction><instruction code="SETL  T1102, 10"><temps name="use"/><temps name="def"><temp name="T1102"/></temps><temps name="in"><temp name="T6"/><temp name="T1146"/><temp name="T1152"/><temp name="T1100"/><temp name="T1108"/><temp name="T1123"/><temp name="T1157"/><temp name="T1125"/><temp name="T171"/><temp name="T1131"/><temp name="T1134"/><temp name="T1140"/><temp name="T1111"/><temp name="T1115"/><temp name="T1120"/></temps><temps name="out"><temp name="T6"/><temp name="T1146"/><temp name="T1152"/><temp name="T1100"/><temp name="T1108"/><temp name="T1123"/><temp name="T1157"/><temp name="T1125"/><temp name="T171"/><temp name="T1131"/><temp name="T1134"/><temp name="T1140"/><temp name="T1111"/><temp name="T1115"/><temp name="T1120"/></temps></instruction><instruction code="INCML T1102, 0"><temps name="use"/><temps name="def"><temp name="T1102"/></temps><temps name="in"><temp name="T6"/><temp name="T1146"/><temp name="T1152"/><temp name="T1100"/><temp name="T1108"/><temp name="T1123"/><temp name="T1157"/><temp name="T1125"/><temp name="T171"/><temp name="T1131"/><temp name="T1134"/><temp name="T1140"/><temp name="T1111"/><temp name="T1115"/><temp name="T1120"/></temps><temps name="out"><temp name="T6"/><temp name="T1146"/><temp name="T1152"/><temp name="T1100"/><temp name="T1108"/><temp name="T1123"/><temp name="T1157"/><temp name="T1125"/><temp name="T171"/><temp name="T1131"/><temp name="T1134"/><temp name="T1140"/><temp name="T1111"/><temp name="T1115"/><temp name="T1120"/></temps></instruction><instruction code="INCMH T1102, 0"><temps name="use"/><temps name="def"><temp name="T1102"/></temps><temps name="in"><temp name="T6"/><temp name="T1146"/><temp name="T1152"/><temp name="T1100"/><temp name="T1108"/><temp name="T1123"/><temp name="T1157"/><temp name="T1125"/><temp name="T171"/><temp name="T1131"/><temp name="T1134"/><temp name="T1140"/><temp name="T1111"/><temp name="T1115"/><temp name="T1120"/></temps><temps name="out"><temp name="T6"/><temp name="T1146"/><temp name="T1152"/><temp name="T1100"/><temp name="T1108"/><temp name="T1123"/><temp name="T1157"/><temp name="T1125"/><temp name="T171"/><temp name="T1131"/><temp name="T1134"/><temp name="T1140"/><temp name="T1111"/><temp name="T1115"/><temp name="T1120"/></temps></instruction><instruction code="INCH  T1102, 0"><temps name="use"/><temps name="def"><temp name="T1102"/></temps><temps name="in"><temp name="T6"/><temp name="T1146"/><temp name="T1152"/><temp name="T1100"/><temp name="T1108"/><temp name="T1123"/><temp name="T1157"/><temp name="T1125"/><temp name="T171"/><temp name="T1131"/><temp name="T1134"/><temp name="T1140"/><temp name="T1111"/><temp name="T1115"/><temp name="T1120"/></temps><temps name="out"><temp name="T6"/><temp name="T1146"/><temp name="T1152"/><temp name="T1100"/><temp name="T1108"/><temp name="T1123"/><temp name="T1157"/><temp name="T1125"/><temp name="T171"/><temp name="T1131"/><temp name="T1134"/><temp name="T1140"/><temp name="T1102"/><temp name="T1111"/><temp name="T1115"/><temp name="T1120"/></temps></instruction><instruction code="OR T172, T1102, 0"><temps name="use"><temp name="T1102"/></temps><temps name="def"><temp name="T172"/></temps><temps name="in"><temp name="T6"/><temp name="T1146"/><temp name="T1152"/><temp name="T1100"/><temp name="T1108"/><temp name="T1123"/><temp name="T1157"/><temp name="T1125"/><temp name="T171"/><temp name="T1131"/><temp name="T1134"/><temp name="T1140"/><temp name="T1102"/><temp name="T1111"/><temp name="T1115"/><temp name="T1120"/></temps><temps name="out"><temp name="T6"/><temp name="T1146"/><temp name="T1152"/><temp name="T1100"/><temp name="T172"/><temp name="T1108"/><temp name="T1123"/><temp name="T1157"/><temp name="T1125"/><temp name="T171"/><temp name="T1131"/><temp name="T1134"/><temp name="T1140"/><temp name="T1111"/><temp name="T1115"/><temp name="T1120"/></temps></instruction><instruction code="CMP T1103, T171, T172"><temps name="use"><temp name="T171"/><temp name="T172"/></temps><temps name="def"><temp name="T1103"/></temps><temps name="in"><temp name="T6"/><temp name="T1146"/><temp name="T1152"/><temp name="T1100"/><temp name="T172"/><temp name="T1108"/><temp name="T1123"/><temp name="T1157"/><temp name="T1125"/><temp name="T171"/><temp name="T1131"/><temp name="T1134"/><temp name="T1140"/><temp name="T1111"/><temp name="T1115"/><temp name="T1120"/></temps><temps name="out"><temp name="T6"/><temp name="T1146"/><temp name="T1152"/><temp name="T1100"/><temp name="T1108"/><temp name="T1123"/><temp name="T1157"/><temp name="T1103"/><temp name="T1125"/><temp name="T1131"/><temp name="T1134"/><temp name="T1140"/><temp name="T1111"/><temp name="T1115"/><temp name="T1120"/></temps></instruction><instruction code="ZSNP T1103, T1103, 1"><temps name="use"><temp name="T1103"/></temps><temps name="def"><temp name="T1103"/></temps><temps name="in"><temp name="T6"/><temp name="T1146"/><temp name="T1152"/><temp name="T1100"/><temp name="T1108"/><temp name="T1123"/><temp name="T1157"/><temp name="T1103"/><temp name="T1125"/><temp name="T1131"/><temp name="T1134"/><temp name="T1140"/><temp name="T1111"/><temp name="T1115"/><temp name="T1120"/></temps><temps name="out"><temp name="T6"/><temp name="T1146"/><temp name="T1152"/><temp name="T1100"/><temp name="T1108"/><temp name="T1123"/><temp name="T1157"/><temp name="T1103"/><temp name="T1125"/><temp name="T1131"/><temp name="T1134"/><temp name="T1140"/><temp name="T1111"/><temp name="T1115"/><temp name="T1120"/></temps></instruction><instruction code="OR T173, T1103, 0"><temps name="use"><temp name="T1103"/></temps><temps name="def"><temp name="T173"/></temps><temps name="in"><temp name="T6"/><temp name="T1146"/><temp name="T1152"/><temp name="T1100"/><temp name="T1108"/><temp name="T1123"/><temp name="T1157"/><temp name="T1103"/><temp name="T1125"/><temp name="T1131"/><temp name="T1134"/><temp name="T1140"/><temp name="T1111"/><temp name="T1115"/><temp name="T1120"/></temps><temps name="out"><temp name="T6"/><temp name="T1146"/><temp name="T1152"/><temp name="T1100"/><temp name="T1108"/><temp name="T1123"/><temp name="T1157"/><temp name="T1125"/><temp name="T1131"/><temp name="T1134"/><temp name="T1140"/><temp name="T1111"/><temp name="T1115"/><temp name="T1120"/><temp name="T173"/></temps></instruction><instruction code="BNZ T173, L23"><temps name="use"><temp name="T173"/></temps><temps name="def"/><temps name="in"><temp name="T6"/><temp name="T1146"/><temp name="T1152"/><temp name="T1100"/><temp name="T1108"/><temp name="T1123"/><temp name="T1157"/><temp name="T1125"/><temp name="T1131"/><temp name="T1134"/><temp name="T1140"/><temp name="T1111"/><temp name="T1115"/><temp name="T1120"/><temp name="T173"/></temps><temps name="out"><temp name="T6"/><temp name="T1146"/><temp name="T1152"/><temp name="T1100"/><temp name="T1108"/><temp name="T1123"/><temp name="T1157"/><temp name="T1125"/><temp name="T1131"/><temp name="T1134"/><temp name="T1140"/><temp name="T1111"/><temp name="T1115"/><temp name="T1120"/></temps></instruction><instruction code="L108"><temps name="use"/><temps name="def"/><temps name="in"><temp name="T6"/><temp name="T1146"/><temp name="T1152"/><temp name="T1100"/><temp name="T1108"/><temp name="T1123"/><temp name="T1157"/><temp name="T1125"/><temp name="T1131"/><temp name="T1134"/><temp name="T1140"/><temp name="T1111"/><temp name="T1115"/><temp name="T1120"/></temps><temps name="out"><temp name="T6"/><temp name="T1146"/><temp name="T1152"/><temp name="T1100"/><temp name="T1108"/><temp name="T1123"/><temp name="T1157"/><temp name="T1125"/><temp name="T1131"/><temp name="T1134"/><temp name="T1140"/><temp name="T1111"/><temp name="T1115"/><temp name="T1120"/></temps></instruction><instruction code="LDA T1104, L24"><temps name="use"/><temps name="def"><temp name="T1104"/></temps><temps name="in"><temp name="T6"/><temp name="T1146"/><temp name="T1152"/><temp name="T1100"/><temp name="T1108"/><temp name="T1123"/><temp name="T1157"/><temp name="T1125"/><temp name="T1131"/><temp name="T1134"/><temp name="T1140"/><temp name="T1111"/><temp name="T1115"/><temp name="T1120"/></temps><temps name="out"><temp name="T6"/><temp name="T1146"/><temp name="T1152"/><temp name="T1100"/><temp name="T1108"/><temp name="T1123"/><temp name="T1157"/><temp name="T1125"/><temp name="T1131"/><temp name="T1134"/><temp name="T1140"/><temp name="T1111"/><temp name="T1104"/><temp name="T1115"/><temp name="T1120"/></temps></instruction><instruction code="GO T1104, T1104, 0"><temps name="use"><temp name="T1104"/></temps><temps name="def"><temp name="T1104"/></temps><temps name="in"><temp name="T6"/><temp name="T1146"/><temp name="T1152"/><temp name="T1100"/><temp name="T1108"/><temp name="T1123"/><temp name="T1157"/><temp name="T1125"/><temp name="T1131"/><temp name="T1134"/><temp name="T1140"/><temp name="T1111"/><temp name="T1104"/><temp name="T1115"/><temp name="T1120"/></temps><temps name="out"><temp name="T6"/><temp name="T1146"/><temp name="T1152"/><temp name="T1100"/><temp name="T1108"/><temp name="T1123"/><temp name="T1157"/><temp name="T1125"/><temp name="T1131"/><temp name="T1134"/><temp name="T1140"/><temp name="T1111"/><temp name="T1115"/><temp name="T1120"/></temps></instruction><instruction code="L23"><temps name="use"/><temps name="def"/><temps name="in"><temp name="T6"/><temp name="T1146"/><temp name="T1100"/><temp name="T1152"/><temp name="T1108"/><temp name="T1123"/><temp name="T1157"/><temp name="T1125"/><temp name="T1131"/><temp name="T1134"/><temp name="T1140"/><temp name="T1111"/><temp name="T1115"/><temp name="T1120"/></temps><temps name="out"><temp name="T6"/><temp name="T1146"/><temp name="T1100"/><temp name="T1152"/><temp name="T1108"/><temp name="T1123"/><temp name="T1157"/><temp name="T1125"/><temp name="T1131"/><temp name="T1134"/><temp name="T1140"/><temp name="T1111"/><temp name="T1115"/><temp name="T1120"/></temps></instruction><instruction code="SETL  T1105, 0"><temps name="use"/><temps name="def"><temp name="T1105"/></temps><temps name="in"><temp name="T6"/><temp name="T1146"/><temp name="T1100"/><temp name="T1152"/><temp name="T1108"/><temp name="T1123"/><temp name="T1157"/><temp name="T1125"/><temp name="T1131"/><temp name="T1134"/><temp name="T1140"/><temp name="T1111"/><temp name="T1115"/><temp name="T1120"/></temps><temps name="out"><temp name="T6"/><temp name="T1146"/><temp name="T1100"/><temp name="T1152"/><temp name="T1108"/><temp name="T1123"/><temp name="T1157"/><temp name="T1125"/><temp name="T1131"/><temp name="T1134"/><temp name="T1140"/><temp name="T1111"/><temp name="T1115"/><temp name="T1120"/></temps></instruction><instruction code="INCML T1105, 0"><temps name="use"/><temps name="def"><temp name="T1105"/></temps><temps name="in"><temp name="T6"/><temp name="T1146"/><temp name="T1100"/><temp name="T1152"/><temp name="T1108"/><temp name="T1123"/><temp name="T1157"/><temp name="T1125"/><temp name="T1131"/><temp name="T1134"/><temp name="T1140"/><temp name="T1111"/><temp name="T1115"/><temp name="T1120"/></temps><temps name="out"><temp name="T6"/><temp name="T1146"/><temp name="T1100"/><temp name="T1152"/><temp name="T1108"/><temp name="T1123"/><temp name="T1157"/><temp name="T1125"/><temp name="T1131"/><temp name="T1134"/><temp name="T1140"/><temp name="T1111"/><temp name="T1115"/><temp name="T1120"/></temps></instruction><instruction code="INCMH T1105, 0"><temps name="use"/><temps name="def"><temp name="T1105"/></temps><temps name="in"><temp name="T6"/><temp name="T1146"/><temp name="T1100"/><temp name="T1152"/><temp name="T1108"/><temp name="T1123"/><temp name="T1157"/><temp name="T1125"/><temp name="T1131"/><temp name="T1134"/><temp name="T1140"/><temp name="T1111"/><temp name="T1115"/><temp name="T1120"/></temps><temps name="out"><temp name="T6"/><temp name="T1146"/><temp name="T1100"/><temp name="T1152"/><temp name="T1108"/><temp name="T1123"/><temp name="T1157"/><temp name="T1125"/><temp name="T1131"/><temp name="T1134"/><temp name="T1140"/><temp name="T1111"/><temp name="T1115"/><temp name="T1120"/></temps></instruction><instruction code="INCH  T1105, 0"><temps name="use"/><temps name="def"><temp name="T1105"/></temps><temps name="in"><temp name="T6"/><temp name="T1146"/><temp name="T1100"/><temp name="T1152"/><temp name="T1108"/><temp name="T1123"/><temp name="T1157"/><temp name="T1125"/><temp name="T1131"/><temp name="T1134"/><temp name="T1140"/><temp name="T1111"/><temp name="T1115"/><temp name="T1120"/></temps><temps name="out"><temp name="T6"/><temp name="T1146"/><temp name="T1100"/><temp name="T1152"/><temp name="T1108"/><temp name="T1123"/><temp name="T1105"/><temp name="T1157"/><temp name="T1125"/><temp name="T1131"/><temp name="T1134"/><temp name="T1140"/><temp name="T1111"/><temp name="T1115"/><temp name="T1120"/></temps></instruction><instruction code="OR T174, T1105, 0"><temps name="use"><temp name="T1105"/></temps><temps name="def"><temp name="T174"/></temps><temps name="in"><temp name="T6"/><temp name="T1146"/><temp name="T1100"/><temp name="T1152"/><temp name="T1108"/><temp name="T1123"/><temp name="T1105"/><temp name="T1157"/><temp name="T1125"/><temp name="T1131"/><temp name="T1134"/><temp name="T1140"/><temp name="T1111"/><temp name="T1115"/><temp name="T1120"/></temps><temps name="out"><temp name="T6"/><temp name="T1146"/><temp name="T1100"/><temp name="T1152"/><temp name="T1108"/><temp name="T1123"/><temp name="T1157"/><temp name="T1125"/><temp name="T1131"/><temp name="T1134"/><temp name="T1140"/><temp name="T1111"/><temp name="T1115"/><temp name="T1120"/><temp name="T174"/></temps></instruction><instruction code="OR T175, T6, 0"><temps name="use"><temp name="T6"/></temps><temps name="def"><temp name="T175"/></temps><temps name="in"><temp name="T6"/><temp name="T1146"/><temp name="T1100"/><temp name="T1152"/><temp name="T1108"/><temp name="T1123"/><temp name="T1157"/><temp name="T1125"/><temp name="T1131"/><temp name="T1134"/><temp name="T1140"/><temp name="T1111"/><temp name="T1115"/><temp name="T1120"/><temp name="T174"/></temps><temps name="out"><temp name="T6"/><temp name="T1146"/><temp name="T1100"/><temp name="T1152"/><temp name="T175"/><temp name="T1108"/><temp name="T1123"/><temp name="T1157"/><temp name="T1125"/><temp name="T1131"/><temp name="T1134"/><temp name="T1140"/><temp name="T1111"/><temp name="T1115"/><temp name="T1120"/><temp name="T174"/></temps></instruction><instruction code="SETL  T1106, 8"><temps name="use"/><temps name="def"><temp name="T1106"/></temps><temps name="in"><temp name="T6"/><temp name="T1146"/><temp name="T1100"/><temp name="T1152"/><temp name="T175"/><temp name="T1108"/><temp name="T1123"/><temp name="T1157"/><temp name="T1125"/><temp name="T1131"/><temp name="T1134"/><temp name="T1140"/><temp name="T1111"/><temp name="T1115"/><temp name="T1120"/><temp name="T174"/></temps><temps name="out"><temp name="T6"/><temp name="T1146"/><temp name="T1100"/><temp name="T1152"/><temp name="T175"/><temp name="T1108"/><temp name="T1123"/><temp name="T1157"/><temp name="T1125"/><temp name="T1131"/><temp name="T1134"/><temp name="T1140"/><temp name="T1111"/><temp name="T1115"/><temp name="T1120"/><temp name="T174"/></temps></instruction><instruction code="INCML T1106, 0"><temps name="use"/><temps name="def"><temp name="T1106"/></temps><temps name="in"><temp name="T6"/><temp name="T1146"/><temp name="T1100"/><temp name="T1152"/><temp name="T175"/><temp name="T1108"/><temp name="T1123"/><temp name="T1157"/><temp name="T1125"/><temp name="T1131"/><temp name="T1134"/><temp name="T1140"/><temp name="T1111"/><temp name="T1115"/><temp name="T1120"/><temp name="T174"/></temps><temps name="out"><temp name="T6"/><temp name="T1146"/><temp name="T1100"/><temp name="T1152"/><temp name="T175"/><temp name="T1108"/><temp name="T1123"/><temp name="T1157"/><temp name="T1125"/><temp name="T1131"/><temp name="T1134"/><temp name="T1140"/><temp name="T1111"/><temp name="T1115"/><temp name="T1120"/><temp name="T174"/></temps></instruction><instruction code="INCMH T1106, 0"><temps name="use"/><temps name="def"><temp name="T1106"/></temps><temps name="in"><temp name="T6"/><temp name="T1146"/><temp name="T1100"/><temp name="T1152"/><temp name="T175"/><temp name="T1108"/><temp name="T1123"/><temp name="T1157"/><temp name="T1125"/><temp name="T1131"/><temp name="T1134"/><temp name="T1140"/><temp name="T1111"/><temp name="T1115"/><temp name="T1120"/><temp name="T174"/></temps><temps name="out"><temp name="T6"/><temp name="T1146"/><temp name="T1100"/><temp name="T1152"/><temp name="T175"/><temp name="T1108"/><temp name="T1123"/><temp name="T1157"/><temp name="T1125"/><temp name="T1131"/><temp name="T1134"/><temp name="T1140"/><temp name="T1111"/><temp name="T1115"/><temp name="T1120"/><temp name="T174"/></temps></instruction><instruction code="INCH  T1106, 0"><temps name="use"/><temps name="def"><temp name="T1106"/></temps><temps name="in"><temp name="T6"/><temp name="T1146"/><temp name="T1100"/><temp name="T1152"/><temp name="T175"/><temp name="T1108"/><temp name="T1123"/><temp name="T1157"/><temp name="T1125"/><temp name="T1131"/><temp name="T1134"/><temp name="T1140"/><temp name="T1111"/><temp name="T1115"/><temp name="T1120"/><temp name="T174"/></temps><temps name="out"><temp name="T6"/><temp name="T1146"/><temp name="T1100"/><temp name="T1152"/><temp name="T175"/><temp name="T1108"/><temp name="T1123"/><temp name="T1157"/><temp name="T1125"/><temp name="T1131"/><temp name="T1134"/><temp name="T1140"/><temp name="T1106"/><temp name="T1111"/><temp name="T1115"/><temp name="T1120"/><temp name="T174"/></temps></instruction><instruction code="NEG T1106, 0, T1106"><temps name="use"><temp name="T1106"/></temps><temps name="def"><temp name="T1106"/></temps><temps name="in"><temp name="T6"/><temp name="T1146"/><temp name="T1100"/><temp name="T1152"/><temp name="T175"/><temp name="T1108"/><temp name="T1123"/><temp name="T1157"/><temp name="T1125"/><temp name="T1131"/><temp name="T1134"/><temp name="T1140"/><temp name="T1106"/><temp name="T1111"/><temp name="T1115"/><temp name="T1120"/><temp name="T174"/></temps><temps name="out"><temp name="T6"/><temp name="T1146"/><temp name="T1100"/><temp name="T1152"/><temp name="T175"/><temp name="T1108"/><temp name="T1123"/><temp name="T1157"/><temp name="T1125"/><temp name="T1131"/><temp name="T1134"/><temp name="T1140"/><temp name="T1106"/><temp name="T1111"/><temp name="T1115"/><temp name="T1120"/><temp name="T174"/></temps></instruction><instruction code="OR T176, T1106, 0"><temps name="use"><temp name="T1106"/></temps><temps name="def"><temp name="T176"/></temps><temps name="in"><temp name="T6"/><temp name="T1146"/><temp name="T1100"/><temp name="T1152"/><temp name="T175"/><temp name="T1108"/><temp name="T1123"/><temp name="T1157"/><temp name="T1125"/><temp name="T1131"/><temp name="T1134"/><temp name="T1140"/><temp name="T1106"/><temp name="T1111"/><temp name="T1115"/><temp name="T1120"/><temp name="T174"/></temps><temps name="out"><temp name="T6"/><temp name="T1146"/><temp name="T1100"/><temp name="T1152"/><temp name="T175"/><temp name="T1108"/><temp name="T1123"/><temp name="T1157"/><temp name="T1125"/><temp name="T1131"/><temp name="T1134"/><temp name="T176"/><temp name="T1140"/><temp name="T1111"/><temp name="T1115"/><temp name="T1120"/><temp name="T174"/></temps></instruction><instruction code="ADD T1107, T175, T176"><temps name="use"><temp name="T175"/><temp name="T176"/></temps><temps name="def"><temp name="T1107"/></temps><temps name="in"><temp name="T6"/><temp name="T1146"/><temp name="T1100"/><temp name="T1152"/><temp name="T175"/><temp name="T1108"/><temp name="T1123"/><temp name="T1157"/><temp name="T1125"/><temp name="T1131"/><temp name="T1134"/><temp name="T176"/><temp name="T1140"/><temp name="T1111"/><temp name="T1115"/><temp name="T1120"/><temp name="T174"/></temps><temps name="out"><temp name="T6"/><temp name="T1146"/><temp name="T1100"/><temp name="T1152"/><temp name="T1108"/><temp name="T1123"/><temp name="T1157"/><temp name="T1107"/><temp name="T1125"/><temp name="T1131"/><temp name="T1134"/><temp name="T1140"/><temp name="T1111"/><temp name="T1115"/><temp name="T1120"/><temp name="T174"/></temps></instruction><instruction code="OR T177, T1107, 0"><temps name="use"><temp name="T1107"/></temps><temps name="def"><temp name="T177"/></temps><temps name="in"><temp name="T6"/><temp name="T1146"/><temp name="T1100"/><temp name="T1152"/><temp name="T1108"/><temp name="T1123"/><temp name="T1157"/><temp name="T1107"/><temp name="T1125"/><temp name="T1131"/><temp name="T1134"/><temp name="T1140"/><temp name="T1111"/><temp name="T1115"/><temp name="T1120"/><temp name="T174"/></temps><temps name="out"><temp name="T6"/><temp name="T1146"/><temp name="T1100"/><temp name="T1152"/><temp name="T1108"/><temp name="T1123"/><temp name="T1157"/><temp name="T1125"/><temp name="T1131"/><temp name="T1134"/><temp name="T1140"/><temp name="T1111"/><temp name="T1115"/><temp name="T1120"/><temp name="T174"/></temps></instruction><instruction code="LDO T1109, T1108, 0"><temps name="use"><temp name="T1108"/></temps><temps name="def"><temp name="T1109"/></temps><temps name="in"><temp name="T6"/><temp name="T1146"/><temp name="T1100"/><temp name="T1152"/><temp name="T1108"/><temp name="T1123"/><temp name="T1157"/><temp name="T1125"/><temp name="T1131"/><temp name="T1134"/><temp name="T1140"/><temp name="T1111"/><temp name="T1115"/><temp name="T1120"/><temp name="T174"/></temps><temps name="out"><temp name="T6"/><temp name="T1146"/><temp name="T1100"/><temp name="T1152"/><temp name="T1108"/><temp name="T1109"/><temp name="T1123"/><temp name="T1157"/><temp name="T1125"/><temp name="T1131"/><temp name="T1134"/><temp name="T1140"/><temp name="T1111"/><temp name="T1115"/><temp name="T1120"/><temp name="T174"/></temps></instruction><instruction code="OR T178, T1109, 0"><temps name="use"><temp name="T1109"/></temps><temps name="def"><temp name="T178"/></temps><temps name="in"><temp name="T6"/><temp name="T1146"/><temp name="T1100"/><temp name="T1152"/><temp name="T1108"/><temp name="T1109"/><temp name="T1123"/><temp name="T1157"/><temp name="T1125"/><temp name="T1131"/><temp name="T1134"/><temp name="T1140"/><temp name="T1111"/><temp name="T1115"/><temp name="T1120"/><temp name="T174"/></temps><temps name="out"><temp name="T6"/><temp name="T1146"/><temp name="T1100"/><temp name="T1152"/><temp name="T1108"/><temp name="T1123"/><temp name="T178"/><temp name="T1157"/><temp name="T1125"/><temp name="T1131"/><temp name="T1134"/><temp name="T1140"/><temp name="T1111"/><temp name="T1115"/><temp name="T1120"/><temp name="T174"/></temps></instruction><instruction code="STO T174, $254, 8"><temps name="use"><temp name="T174"/></temps><temps name="def"/><temps name="in"><temp name="T6"/><temp name="T1146"/><temp name="T1100"/><temp name="T1152"/><temp name="T1108"/><temp name="T1123"/><temp name="T178"/><temp name="T1157"/><temp name="T1125"/><temp name="T1131"/><temp name="T1134"/><temp name="T1140"/><temp name="T1111"/><temp name="T1115"/><temp name="T1120"/><temp name="T174"/></temps><temps name="out"><temp name="T6"/><temp name="T1146"/><temp name="T1100"/><temp name="T1152"/><temp name="T1108"/><temp name="T1123"/><temp name="T178"/><temp name="T1157"/><temp name="T1125"/><temp name="T1131"/><temp name="T1134"/><temp name="T1140"/><temp name="T1111"/><temp name="T1115"/><temp name="T1120"/></temps></instruction><instruction code="STO T178, $254, 16"><temps name="use"><temp name="T178"/></temps><temps name="def"/><temps name="in"><temp name="T6"/><temp name="T1146"/><temp name="T1100"/><temp name="T1152"/><temp name="T1108"/><temp name="T1123"/><temp name="T178"/><temp name="T1157"/><temp name="T1125"/><temp name="T1131"/><temp name="T1134"/><temp name="T1140"/><temp name="T1111"/><temp name="T1115"/><temp name="T1120"/></temps><temps name="out"><temp name="T6"/><temp name="T1146"/><temp name="T1100"/><temp name="T1152"/><temp name="T1108"/><temp name="T1123"/><temp name="T1157"/><temp name="T1125"/><temp name="T1131"/><temp name="T1134"/><temp name="T1140"/><temp name="T1111"/><temp name="T1115"/><temp name="T1120"/></temps></instruction><instruction code="LDA T1110, _putInt"><temps name="use"/><temps name="def"><temp name="T1110"/></temps><temps name="in"><temp name="T6"/><temp name="T1146"/><temp name="T1100"/><temp name="T1152"/><temp name="T1108"/><temp name="T1123"/><temp name="T1157"/><temp name="T1125"/><temp name="T1131"/><temp name="T1134"/><temp name="T1140"/><temp name="T1111"/><temp name="T1115"/><temp name="T1120"/></temps><temps name="out"><temp name="T6"/><temp name="T1146"/><temp name="T1110"/><temp name="T1100"/><temp name="T1152"/><temp name="T1108"/><temp name="T1123"/><temp name="T1157"/><temp name="T1125"/><temp name="T1131"/><temp name="T1134"/><temp name="T1140"/><temp name="T1111"/><temp name="T1115"/><temp name="T1120"/></temps></instruction><instruction code="PUSHJ $15, T1110, 0"><temps name="use"><temp name="T1110"/></temps><temps name="def"/><temps name="in"><temp name="T6"/><temp name="T1146"/><temp name="T1110"/><temp name="T1100"/><temp name="T1152"/><temp name="T1108"/><temp name="T1123"/><temp name="T1157"/><temp name="T1125"/><temp name="T1131"/><temp name="T1134"/><temp name="T1140"/><temp name="T1111"/><temp name="T1115"/><temp name="T1120"/></temps><temps name="out"><temp name="T6"/><temp name="T1146"/><temp name="T1100"/><temp name="T1152"/><temp name="T1108"/><temp name="T1123"/><temp name="T1157"/><temp name="T1125"/><temp name="T1131"/><temp name="T1134"/><temp name="T1140"/><temp name="T1111"/><temp name="T1115"/><temp name="T1120"/></temps></instruction><instruction code="OR T179, T1111, 0"><temps name="use"><temp name="T1111"/></temps><temps name="def"><temp name="T179"/></temps><temps name="in"><temp name="T6"/><temp name="T1146"/><temp name="T1100"/><temp name="T1152"/><temp name="T1108"/><temp name="T1123"/><temp name="T1157"/><temp name="T1125"/><temp name="T1131"/><temp name="T1134"/><temp name="T1140"/><temp name="T1111"/><temp name="T1115"/><temp name="T1120"/></temps><temps name="out"><temp name="T6"/><temp name="T1146"/><temp name="T1100"/><temp name="T1152"/><temp name="T1108"/><temp name="T1123"/><temp name="T1157"/><temp name="T1125"/><temp name="T1131"/><temp name="T1134"/><temp name="T1140"/><temp name="T1111"/><temp name="T1115"/><temp name="T1120"/></temps></instruction><instruction code="SETL  T1112, 0"><temps name="use"/><temps name="def"><temp name="T1112"/></temps><temps name="in"><temp name="T6"/><temp name="T1146"/><temp name="T1100"/><temp name="T1152"/><temp name="T1108"/><temp name="T1123"/><temp name="T1157"/><temp name="T1125"/><temp name="T1131"/><temp name="T1134"/><temp name="T1140"/><temp name="T1111"/><temp name="T1115"/><temp name="T1120"/></temps><temps name="out"><temp name="T6"/><temp name="T1146"/><temp name="T1100"/><temp name="T1152"/><temp name="T1108"/><temp name="T1123"/><temp name="T1157"/><temp name="T1125"/><temp name="T1131"/><temp name="T1134"/><temp name="T1140"/><temp name="T1111"/><temp name="T1115"/><temp name="T1120"/></temps></instruction><instruction code="INCML T1112, 0"><temps name="use"/><temps name="def"><temp name="T1112"/></temps><temps name="in"><temp name="T6"/><temp name="T1146"/><temp name="T1100"/><temp name="T1152"/><temp name="T1108"/><temp name="T1123"/><temp name="T1157"/><temp name="T1125"/><temp name="T1131"/><temp name="T1134"/><temp name="T1140"/><temp name="T1111"/><temp name="T1115"/><temp name="T1120"/></temps><temps name="out"><temp name="T6"/><temp name="T1146"/><temp name="T1100"/><temp name="T1152"/><temp name="T1108"/><temp name="T1123"/><temp name="T1157"/><temp name="T1125"/><temp name="T1131"/><temp name="T1134"/><temp name="T1140"/><temp name="T1111"/><temp name="T1115"/><temp name="T1120"/></temps></instruction><instruction code="INCMH T1112, 0"><temps name="use"/><temps name="def"><temp name="T1112"/></temps><temps name="in"><temp name="T6"/><temp name="T1146"/><temp name="T1100"/><temp name="T1152"/><temp name="T1108"/><temp name="T1123"/><temp name="T1157"/><temp name="T1125"/><temp name="T1131"/><temp name="T1134"/><temp name="T1140"/><temp name="T1111"/><temp name="T1115"/><temp name="T1120"/></temps><temps name="out"><temp name="T6"/><temp name="T1146"/><temp name="T1100"/><temp name="T1152"/><temp name="T1108"/><temp name="T1123"/><temp name="T1157"/><temp name="T1125"/><temp name="T1131"/><temp name="T1134"/><temp name="T1140"/><temp name="T1111"/><temp name="T1115"/><temp name="T1120"/></temps></instruction><instruction code="INCH  T1112, 0"><temps name="use"/><temps name="def"><temp name="T1112"/></temps><temps name="in"><temp name="T6"/><temp name="T1146"/><temp name="T1100"/><temp name="T1152"/><temp name="T1108"/><temp name="T1123"/><temp name="T1157"/><temp name="T1125"/><temp name="T1131"/><temp name="T1134"/><temp name="T1140"/><temp name="T1111"/><temp name="T1115"/><temp name="T1120"/></temps><temps name="out"><temp name="T6"/><temp name="T1146"/><temp name="T1112"/><temp name="T1100"/><temp name="T1152"/><temp name="T1108"/><temp name="T1123"/><temp name="T1157"/><temp name="T1125"/><temp name="T1131"/><temp name="T1134"/><temp name="T1140"/><temp name="T1111"/><temp name="T1115"/><temp name="T1120"/></temps></instruction><instruction code="OR T180, T1112, 0"><temps name="use"><temp name="T1112"/></temps><temps name="def"><temp name="T180"/></temps><temps name="in"><temp name="T6"/><temp name="T1146"/><temp name="T1112"/><temp name="T1100"/><temp name="T1152"/><temp name="T1108"/><temp name="T1123"/><temp name="T1157"/><temp name="T1125"/><temp name="T1131"/><temp name="T1134"/><temp name="T1140"/><temp name="T1111"/><temp name="T1115"/><temp name="T1120"/></temps><temps name="out"><temp name="T6"/><temp name="T1146"/><temp name="T1100"/><temp name="T1152"/><temp name="T1108"/><temp name="T1123"/><temp name="T1157"/><temp name="T1125"/><temp name="T1131"/><temp name="T180"/><temp name="T1134"/><temp name="T1140"/><temp name="T1111"/><temp name="T1115"/><temp name="T1120"/></temps></instruction><instruction code="LDA T1113, L21"><temps name="use"/><temps name="def"><temp name="T1113"/></temps><temps name="in"><temp name="T6"/><temp name="T1146"/><temp name="T1100"/><temp name="T1152"/><temp name="T1108"/><temp name="T1123"/><temp name="T1157"/><temp name="T1125"/><temp name="T1131"/><temp name="T180"/><temp name="T1134"/><temp name="T1140"/><temp name="T1111"/><temp name="T1115"/><temp name="T1120"/></temps><temps name="out"><temp name="T6"/><temp name="T1146"/><temp name="T1100"/><temp name="T1152"/><temp name="T1108"/><temp name="T1123"/><temp name="T1157"/><temp name="T1125"/><temp name="T1131"/><temp name="T1113"/><temp name="T180"/><temp name="T1134"/><temp name="T1140"/><temp name="T1111"/><temp name="T1115"/><temp name="T1120"/></temps></instruction><instruction code="OR T181, T1113, 0"><temps name="use"><temp name="T1113"/></temps><temps name="def"><temp name="T181"/></temps><temps name="in"><temp name="T6"/><temp name="T1146"/><temp name="T1100"/><temp name="T1152"/><temp name="T1108"/><temp name="T1123"/><temp name="T1157"/><temp name="T1125"/><temp name="T1131"/><temp name="T1113"/><temp name="T180"/><temp name="T1134"/><temp name="T1140"/><temp name="T1111"/><temp name="T1115"/><temp name="T1120"/></temps><temps name="out"><temp name="T6"/><temp name="T1146"/><temp name="T1100"/><temp name="T1152"/><temp name="T1108"/><temp name="T1123"/><temp name="T1157"/><temp name="T1125"/><temp name="T1131"/><temp name="T181"/><temp name="T180"/><temp name="T1134"/><temp name="T1140"/><temp name="T1111"/><temp name="T1115"/><temp name="T1120"/></temps></instruction><instruction code="STO T180, $254, 8"><temps name="use"><temp name="T180"/></temps><temps name="def"/><temps name="in"><temp name="T6"/><temp name="T1146"/><temp name="T1100"/><temp name="T1152"/><temp name="T1108"/><temp name="T1123"/><temp name="T1157"/><temp name="T1125"/><temp name="T1131"/><temp name="T181"/><temp name="T180"/><temp name="T1134"/><temp name="T1140"/><temp name="T1111"/><temp name="T1115"/><temp name="T1120"/></temps><temps name="out"><temp name="T6"/><temp name="T1146"/><temp name="T1100"/><temp name="T1152"/><temp name="T1108"/><temp name="T1123"/><temp name="T1157"/><temp name="T1125"/><temp name="T1131"/><temp name="T181"/><temp name="T1134"/><temp name="T1140"/><temp name="T1111"/><temp name="T1115"/><temp name="T1120"/></temps></instruction><instruction code="STO T181, $254, 16"><temps name="use"><temp name="T181"/></temps><temps name="def"/><temps name="in"><temp name="T6"/><temp name="T1146"/><temp name="T1100"/><temp name="T1152"/><temp name="T1108"/><temp name="T1123"/><temp name="T1157"/><temp name="T1125"/><temp name="T1131"/><temp name="T181"/><temp name="T1134"/><temp name="T1140"/><temp name="T1111"/><temp name="T1115"/><temp name="T1120"/></temps><temps name="out"><temp name="T6"/><temp name="T1146"/><temp name="T1100"/><temp name="T1152"/><temp name="T1108"/><temp name="T1123"/><temp name="T1157"/><temp name="T1125"/><temp name="T1131"/><temp name="T1134"/><temp name="T1140"/><temp name="T1111"/><temp name="T1115"/><temp name="T1120"/></temps></instruction><instruction code="LDA T1114, _putString"><temps name="use"/><temps name="def"><temp name="T1114"/></temps><temps name="in"><temp name="T6"/><temp name="T1146"/><temp name="T1100"/><temp name="T1152"/><temp name="T1108"/><temp name="T1123"/><temp name="T1157"/><temp name="T1125"/><temp name="T1131"/><temp name="T1134"/><temp name="T1140"/><temp name="T1111"/><temp name="T1115"/><temp name="T1120"/></temps><temps name="out"><temp name="T6"/><temp name="T1146"/><temp name="T1100"/><temp name="T1152"/><temp name="T1108"/><temp name="T1123"/><temp name="T1114"/><temp name="T1157"/><temp name="T1125"/><temp name="T1131"/><temp name="T1134"/><temp name="T1140"/><temp name="T1111"/><temp name="T1115"/><temp name="T1120"/></temps></instruction><instruction code="PUSHJ $15, T1114, 0"><temps name="use"><temp name="T1114"/></temps><temps name="def"/><temps name="in"><temp name="T6"/><temp name="T1146"/><temp name="T1100"/><temp name="T1152"/><temp name="T1108"/><temp name="T1123"/><temp name="T1114"/><temp name="T1157"/><temp name="T1125"/><temp name="T1131"/><temp name="T1134"/><temp name="T1140"/><temp name="T1111"/><temp name="T1115"/><temp name="T1120"/></temps><temps name="out"><temp name="T6"/><temp name="T1146"/><temp name="T1100"/><temp name="T1152"/><temp name="T1108"/><temp name="T1123"/><temp name="T1157"/><temp name="T1125"/><temp name="T1131"/><temp name="T1134"/><temp name="T1140"/><temp name="T1111"/><temp name="T1115"/><temp name="T1120"/></temps></instruction><instruction code="OR T182, T1115, 0"><temps name="use"><temp name="T1115"/></temps><temps name="def"><temp name="T182"/></temps><temps name="in"><temp name="T6"/><temp name="T1146"/><temp name="T1100"/><temp name="T1152"/><temp name="T1108"/><temp name="T1123"/><temp name="T1157"/><temp name="T1125"/><temp name="T1131"/><temp name="T1134"/><temp name="T1140"/><temp name="T1111"/><temp name="T1115"/><temp name="T1120"/></temps><temps name="out"><temp name="T6"/><temp name="T1146"/><temp name="T1100"/><temp name="T1152"/><temp name="T1108"/><temp name="T1123"/><temp name="T1157"/><temp name="T1125"/><temp name="T1131"/><temp name="T1134"/><temp name="T1140"/><temp name="T1111"/><temp name="T1120"/><temp name="T1115"/></temps></instruction><instruction code="SETL  T1116, 0"><temps name="use"/><temps name="def"><temp name="T1116"/></temps><temps name="in"><temp name="T6"/><temp name="T1146"/><temp name="T1100"/><temp name="T1152"/><temp name="T1108"/><temp name="T1123"/><temp name="T1157"/><temp name="T1125"/><temp name="T1131"/><temp name="T1134"/><temp name="T1140"/><temp name="T1111"/><temp name="T1120"/><temp name="T1115"/></temps><temps name="out"><temp name="T6"/><temp name="T1146"/><temp name="T1100"/><temp name="T1152"/><temp name="T1108"/><temp name="T1123"/><temp name="T1157"/><temp name="T1125"/><temp name="T1131"/><temp name="T1134"/><temp name="T1140"/><temp name="T1111"/><temp name="T1120"/><temp name="T1115"/></temps></instruction><instruction code="INCML T1116, 0"><temps name="use"/><temps name="def"><temp name="T1116"/></temps><temps name="in"><temp name="T6"/><temp name="T1146"/><temp name="T1100"/><temp name="T1152"/><temp name="T1108"/><temp name="T1123"/><temp name="T1157"/><temp name="T1125"/><temp name="T1131"/><temp name="T1134"/><temp name="T1140"/><temp name="T1111"/><temp name="T1120"/><temp name="T1115"/></temps><temps name="out"><temp name="T6"/><temp name="T1146"/><temp name="T1100"/><temp name="T1152"/><temp name="T1108"/><temp name="T1123"/><temp name="T1157"/><temp name="T1125"/><temp name="T1131"/><temp name="T1134"/><temp name="T1140"/><temp name="T1111"/><temp name="T1120"/><temp name="T1115"/></temps></instruction><instruction code="INCMH T1116, 0"><temps name="use"/><temps name="def"><temp name="T1116"/></temps><temps name="in"><temp name="T6"/><temp name="T1146"/><temp name="T1100"/><temp name="T1152"/><temp name="T1108"/><temp name="T1123"/><temp name="T1157"/><temp name="T1125"/><temp name="T1131"/><temp name="T1134"/><temp name="T1140"/><temp name="T1111"/><temp name="T1120"/><temp name="T1115"/></temps><temps name="out"><temp name="T6"/><temp name="T1146"/><temp name="T1100"/><temp name="T1152"/><temp name="T1108"/><temp name="T1123"/><temp name="T1157"/><temp name="T1125"/><temp name="T1131"/><temp name="T1134"/><temp name="T1140"/><temp name="T1111"/><temp name="T1120"/><temp name="T1115"/></temps></instruction><instruction code="INCH  T1116, 0"><temps name="use"/><temps name="def"><temp name="T1116"/></temps><temps name="in"><temp name="T6"/><temp name="T1146"/><temp name="T1100"/><temp name="T1152"/><temp name="T1108"/><temp name="T1123"/><temp name="T1157"/><temp name="T1125"/><temp name="T1131"/><temp name="T1134"/><temp name="T1140"/><temp name="T1111"/><temp name="T1120"/><temp name="T1115"/></temps><temps name="out"><temp name="T6"/><temp name="T1146"/><temp name="T1100"/><temp name="T1152"/><temp name="T1108"/><temp name="T1123"/><temp name="T1157"/><temp name="T1125"/><temp name="T1131"/><temp name="T1134"/><temp name="T1116"/><temp name="T1140"/><temp name="T1111"/><temp name="T1120"/><temp name="T1115"/></temps></instruction><instruction code="OR T183, T1116, 0"><temps name="use"><temp name="T1116"/></temps><temps name="def"><temp name="T183"/></temps><temps name="in"><temp name="T6"/><temp name="T1146"/><temp name="T1100"/><temp name="T1152"/><temp name="T1108"/><temp name="T1123"/><temp name="T1157"/><temp name="T1125"/><temp name="T1131"/><temp name="T1134"/><temp name="T1116"/><temp name="T1140"/><temp name="T1111"/><temp name="T1120"/><temp name="T1115"/></temps><temps name="out"><temp name="T6"/><temp name="T1146"/><temp name="T1100"/><temp name="T1152"/><temp name="T1108"/><temp name="T1123"/><temp name="T1157"/><temp name="T1125"/><temp name="T1131"/><temp name="T1134"/><temp name="T1140"/><temp name="T1111"/><temp name="T1120"/><temp name="T183"/><temp name="T1115"/></temps></instruction><instruction code="SETL  T1117, 0"><temps name="use"/><temps name="def"><temp name="T1117"/></temps><temps name="in"><temp name="T6"/><temp name="T1146"/><temp name="T1100"/><temp name="T1152"/><temp name="T1108"/><temp name="T1123"/><temp name="T1157"/><temp name="T1125"/><temp name="T1131"/><temp name="T1134"/><temp name="T1140"/><temp name="T1111"/><temp name="T1120"/><temp name="T183"/><temp name="T1115"/></temps><temps name="out"><temp name="T6"/><temp name="T1146"/><temp name="T1100"/><temp name="T1152"/><temp name="T1108"/><temp name="T1123"/><temp name="T1157"/><temp name="T1125"/><temp name="T1131"/><temp name="T1134"/><temp name="T1140"/><temp name="T1111"/><temp name="T1120"/><temp name="T183"/><temp name="T1115"/></temps></instruction><instruction code="INCML T1117, 0"><temps name="use"/><temps name="def"><temp name="T1117"/></temps><temps name="in"><temp name="T6"/><temp name="T1146"/><temp name="T1100"/><temp name="T1152"/><temp name="T1108"/><temp name="T1123"/><temp name="T1157"/><temp name="T1125"/><temp name="T1131"/><temp name="T1134"/><temp name="T1140"/><temp name="T1111"/><temp name="T1120"/><temp name="T183"/><temp name="T1115"/></temps><temps name="out"><temp name="T6"/><temp name="T1146"/><temp name="T1100"/><temp name="T1152"/><temp name="T1108"/><temp name="T1123"/><temp name="T1157"/><temp name="T1125"/><temp name="T1131"/><temp name="T1134"/><temp name="T1140"/><temp name="T1111"/><temp name="T1120"/><temp name="T183"/><temp name="T1115"/></temps></instruction><instruction code="INCMH T1117, 0"><temps name="use"/><temps name="def"><temp name="T1117"/></temps><temps name="in"><temp name="T6"/><temp name="T1146"/><temp name="T1100"/><temp name="T1152"/><temp name="T1108"/><temp name="T1123"/><temp name="T1157"/><temp name="T1125"/><temp name="T1131"/><temp name="T1134"/><temp name="T1140"/><temp name="T1111"/><temp name="T1120"/><temp name="T183"/><temp name="T1115"/></temps><temps name="out"><temp name="T6"/><temp name="T1146"/><temp name="T1100"/><temp name="T1152"/><temp name="T1108"/><temp name="T1123"/><temp name="T1157"/><temp name="T1125"/><temp name="T1131"/><temp name="T1134"/><temp name="T1140"/><temp name="T1111"/><temp name="T1120"/><temp name="T183"/><temp name="T1115"/></temps></instruction><instruction code="INCH  T1117, 0"><temps name="use"/><temps name="def"><temp name="T1117"/></temps><temps name="in"><temp name="T6"/><temp name="T1146"/><temp name="T1100"/><temp name="T1152"/><temp name="T1108"/><temp name="T1123"/><temp name="T1157"/><temp name="T1125"/><temp name="T1131"/><temp name="T1134"/><temp name="T1140"/><temp name="T1111"/><temp name="T1120"/><temp name="T183"/><temp name="T1115"/></temps><temps name="out"><temp name="T6"/><temp name="T1146"/><temp name="T1100"/><temp name="T1152"/><temp name="T1108"/><temp name="T1117"/><temp name="T1123"/><temp name="T1157"/><temp name="T1125"/><temp name="T1131"/><temp name="T1134"/><temp name="T1140"/><temp name="T1111"/><temp name="T1120"/><temp name="T183"/><temp name="T1115"/></temps></instruction><instruction code="OR T184, T1117, 0"><temps name="use"><temp name="T1117"/></temps><temps name="def"><temp name="T184"/></temps><temps name="in"><temp name="T6"/><temp name="T1146"/><temp name="T1100"/><temp name="T1152"/><temp name="T1108"/><temp name="T1117"/><temp name="T1123"/><temp name="T1157"/><temp name="T1125"/><temp name="T1131"/><temp name="T1134"/><temp name="T1140"/><temp name="T1111"/><temp name="T1120"/><temp name="T183"/><temp name="T1115"/></temps><temps name="out"><temp name="T6"/><temp name="T1146"/><temp name="T1100"/><temp name="T1152"/><temp name="T1108"/><temp name="T1123"/><temp name="T184"/><temp name="T1157"/><temp name="T1125"/><temp name="T1131"/><temp name="T1134"/><temp name="T1140"/><temp name="T1111"/><temp name="T1120"/><temp name="T183"/><temp name="T1115"/></temps></instruction><instruction code="OR T185, T6, 0"><temps name="use"><temp name="T6"/></temps><temps name="def"><temp name="T185"/></temps><temps name="in"><temp name="T6"/><temp name="T1146"/><temp name="T1100"/><temp name="T1152"/><temp name="T1108"/><temp name="T1123"/><temp name="T184"/><temp name="T1157"/><temp name="T1125"/><temp name="T1131"/><temp name="T1134"/><temp name="T1140"/><temp name="T1111"/><temp name="T1120"/><temp name="T183"/><temp name="T1115"/></temps><temps name="out"><temp name="T6"/><temp name="T1146"/><temp name="T1100"/><temp name="T1152"/><temp name="T1108"/><temp name="T1123"/><temp name="T184"/><temp name="T1157"/><temp name="T1125"/><temp name="T1131"/><temp name="T185"/><temp name="T1134"/><temp name="T1140"/><temp name="T1111"/><temp name="T1120"/><temp name="T183"/><temp name="T1115"/></temps></instruction><instruction code="SETL  T1118, 8"><temps name="use"/><temps name="def"><temp name="T1118"/></temps><temps name="in"><temp name="T6"/><temp name="T1146"/><temp name="T1100"/><temp name="T1152"/><temp name="T1108"/><temp name="T1123"/><temp name="T184"/><temp name="T1157"/><temp name="T1125"/><temp name="T1131"/><temp name="T185"/><temp name="T1134"/><temp name="T1140"/><temp name="T1111"/><temp name="T1120"/><temp name="T183"/><temp name="T1115"/></temps><temps name="out"><temp name="T6"/><temp name="T1146"/><temp name="T1100"/><temp name="T1152"/><temp name="T1108"/><temp name="T1123"/><temp name="T184"/><temp name="T1157"/><temp name="T1125"/><temp name="T1131"/><temp name="T185"/><temp name="T1134"/><temp name="T1140"/><temp name="T1111"/><temp name="T1120"/><temp name="T183"/><temp name="T1115"/></temps></instruction><instruction code="INCML T1118, 0"><temps name="use"/><temps name="def"><temp name="T1118"/></temps><temps name="in"><temp name="T6"/><temp name="T1146"/><temp name="T1100"/><temp name="T1152"/><temp name="T1108"/><temp name="T1123"/><temp name="T184"/><temp name="T1157"/><temp name="T1125"/><temp name="T1131"/><temp name="T185"/><temp name="T1134"/><temp name="T1140"/><temp name="T1111"/><temp name="T1120"/><temp name="T183"/><temp name="T1115"/></temps><temps name="out"><temp name="T6"/><temp name="T1146"/><temp name="T1100"/><temp name="T1152"/><temp name="T1108"/><temp name="T1123"/><temp name="T184"/><temp name="T1157"/><temp name="T1125"/><temp name="T1131"/><temp name="T185"/><temp name="T1134"/><temp name="T1140"/><temp name="T1111"/><temp name="T1120"/><temp name="T183"/><temp name="T1115"/></temps></instruction><instruction code="INCMH T1118, 0"><temps name="use"/><temps name="def"><temp name="T1118"/></temps><temps name="in"><temp name="T6"/><temp name="T1146"/><temp name="T1100"/><temp name="T1152"/><temp name="T1108"/><temp name="T1123"/><temp name="T184"/><temp name="T1157"/><temp name="T1125"/><temp name="T1131"/><temp name="T185"/><temp name="T1134"/><temp name="T1140"/><temp name="T1111"/><temp name="T1120"/><temp name="T183"/><temp name="T1115"/></temps><temps name="out"><temp name="T6"/><temp name="T1146"/><temp name="T1100"/><temp name="T1152"/><temp name="T1108"/><temp name="T1123"/><temp name="T184"/><temp name="T1157"/><temp name="T1125"/><temp name="T1131"/><temp name="T185"/><temp name="T1134"/><temp name="T1140"/><temp name="T1111"/><temp name="T1120"/><temp name="T183"/><temp name="T1115"/></temps></instruction><instruction code="INCH  T1118, 0"><temps name="use"/><temps name="def"><temp name="T1118"/></temps><temps name="in"><temp name="T6"/><temp name="T1146"/><temp name="T1100"/><temp name="T1152"/><temp name="T1108"/><temp name="T1123"/><temp name="T184"/><temp name="T1157"/><temp name="T1125"/><temp name="T1131"/><temp name="T185"/><temp name="T1134"/><temp name="T1140"/><temp name="T1111"/><temp name="T1120"/><temp name="T183"/><temp name="T1115"/></temps><temps name="out"><temp name="T6"/><temp name="T1146"/><temp name="T1100"/><temp name="T1152"/><temp name="T1108"/><temp name="T1118"/><temp name="T1123"/><temp name="T184"/><temp name="T1157"/><temp name="T1125"/><temp name="T1131"/><temp name="T185"/><temp name="T1134"/><temp name="T1140"/><temp name="T1111"/><temp name="T1120"/><temp name="T183"/><temp name="T1115"/></temps></instruction><instruction code="NEG T1118, 0, T1118"><temps name="use"><temp name="T1118"/></temps><temps name="def"><temp name="T1118"/></temps><temps name="in"><temp name="T6"/><temp name="T1146"/><temp name="T1100"/><temp name="T1152"/><temp name="T1108"/><temp name="T1118"/><temp name="T1123"/><temp name="T184"/><temp name="T1157"/><temp name="T1125"/><temp name="T1131"/><temp name="T185"/><temp name="T1134"/><temp name="T1140"/><temp name="T1111"/><temp name="T1120"/><temp name="T183"/><temp name="T1115"/></temps><temps name="out"><temp name="T6"/><temp name="T1146"/><temp name="T1100"/><temp name="T1152"/><temp name="T1108"/><temp name="T1118"/><temp name="T1123"/><temp name="T184"/><temp name="T1157"/><temp name="T1125"/><temp name="T1131"/><temp name="T185"/><temp name="T1134"/><temp name="T1140"/><temp name="T1111"/><temp name="T1120"/><temp name="T183"/><temp name="T1115"/></temps></instruction><instruction code="OR T186, T1118, 0"><temps name="use"><temp name="T1118"/></temps><temps name="def"><temp name="T186"/></temps><temps name="in"><temp name="T6"/><temp name="T1146"/><temp name="T1100"/><temp name="T1152"/><temp name="T1108"/><temp name="T1118"/><temp name="T1123"/><temp name="T184"/><temp name="T1157"/><temp name="T1125"/><temp name="T1131"/><temp name="T185"/><temp name="T1134"/><temp name="T1140"/><temp name="T1111"/><temp name="T1120"/><temp name="T183"/><temp name="T1115"/></temps><temps name="out"><temp name="T6"/><temp name="T1146"/><temp name="T1100"/><temp name="T1152"/><temp name="T186"/><temp name="T1108"/><temp name="T1123"/><temp name="T184"/><temp name="T1157"/><temp name="T1125"/><temp name="T1131"/><temp name="T185"/><temp name="T1134"/><temp name="T1140"/><temp name="T1111"/><temp name="T1120"/><temp name="T183"/><temp name="T1115"/></temps></instruction><instruction code="ADD T1119, T185, T186"><temps name="use"><temp name="T185"/><temp name="T186"/></temps><temps name="def"><temp name="T1119"/></temps><temps name="in"><temp name="T6"/><temp name="T1146"/><temp name="T1100"/><temp name="T1152"/><temp name="T186"/><temp name="T1108"/><temp name="T1123"/><temp name="T184"/><temp name="T1157"/><temp name="T1125"/><temp name="T1131"/><temp name="T185"/><temp name="T1134"/><temp name="T1140"/><temp name="T1111"/><temp name="T1120"/><temp name="T183"/><temp name="T1115"/></temps><temps name="out"><temp name="T6"/><temp name="T1146"/><temp name="T1100"/><temp name="T1152"/><temp name="T1108"/><temp name="T1119"/><temp name="T1123"/><temp name="T184"/><temp name="T1157"/><temp name="T1125"/><temp name="T1131"/><temp name="T1134"/><temp name="T1140"/><temp name="T1111"/><temp name="T1120"/><temp name="T183"/><temp name="T1115"/></temps></instruction><instruction code="OR T187, T1119, 0"><temps name="use"><temp name="T1119"/></temps><temps name="def"><temp name="T187"/></temps><temps name="in"><temp name="T6"/><temp name="T1146"/><temp name="T1100"/><temp name="T1152"/><temp name="T1108"/><temp name="T1119"/><temp name="T1123"/><temp name="T184"/><temp name="T1157"/><temp name="T1125"/><temp name="T1131"/><temp name="T1134"/><temp name="T1140"/><temp name="T1111"/><temp name="T1120"/><temp name="T183"/><temp name="T1115"/></temps><temps name="out"><temp name="T6"/><temp name="T1146"/><temp name="T1100"/><temp name="T1152"/><temp name="T1108"/><temp name="T1123"/><temp name="T184"/><temp name="T1157"/><temp name="T1125"/><temp name="T1131"/><temp name="T1134"/><temp name="T1140"/><temp name="T1111"/><temp name="T1120"/><temp name="T183"/><temp name="T1115"/></temps></instruction><instruction code="LDO T1121, T1120, 0"><temps name="use"><temp name="T1120"/></temps><temps name="def"><temp name="T1121"/></temps><temps name="in"><temp name="T6"/><temp name="T1146"/><temp name="T1100"/><temp name="T1152"/><temp name="T1108"/><temp name="T1123"/><temp name="T184"/><temp name="T1157"/><temp name="T1125"/><temp name="T1131"/><temp name="T1134"/><temp name="T1140"/><temp name="T1111"/><temp name="T1120"/><temp name="T183"/><temp name="T1115"/></temps><temps name="out"><temp name="T6"/><temp name="T1146"/><temp name="T1100"/><temp name="T1152"/><temp name="T1108"/><temp name="T1123"/><temp name="T184"/><temp name="T1157"/><temp name="T1125"/><temp name="T1131"/><temp name="T1121"/><temp name="T1134"/><temp name="T1140"/><temp name="T1111"/><temp name="T183"/><temp name="T1115"/><temp name="T1120"/></temps></instruction><instruction code="OR T188, T1121, 0"><temps name="use"><temp name="T1121"/></temps><temps name="def"><temp name="T188"/></temps><temps name="in"><temp name="T6"/><temp name="T1146"/><temp name="T1100"/><temp name="T1152"/><temp name="T1108"/><temp name="T1123"/><temp name="T184"/><temp name="T1157"/><temp name="T1125"/><temp name="T1131"/><temp name="T1121"/><temp name="T1134"/><temp name="T1140"/><temp name="T1111"/><temp name="T183"/><temp name="T1115"/><temp name="T1120"/></temps><temps name="out"><temp name="T6"/><temp name="T1146"/><temp name="T1100"/><temp name="T1152"/><temp name="T1108"/><temp name="T1123"/><temp name="T184"/><temp name="T1157"/><temp name="T1125"/><temp name="T1131"/><temp name="T188"/><temp name="T1134"/><temp name="T1140"/><temp name="T1111"/><temp name="T183"/><temp name="T1115"/><temp name="T1120"/></temps></instruction><instruction code="STO T184, $254, 8"><temps name="use"><temp name="T184"/></temps><temps name="def"/><temps name="in"><temp name="T6"/><temp name="T1146"/><temp name="T1100"/><temp name="T1152"/><temp name="T1108"/><temp name="T1123"/><temp name="T184"/><temp name="T1157"/><temp name="T1125"/><temp name="T1131"/><temp name="T188"/><temp name="T1134"/><temp name="T1140"/><temp name="T1111"/><temp name="T183"/><temp name="T1115"/><temp name="T1120"/></temps><temps name="out"><temp name="T6"/><temp name="T1146"/><temp name="T1100"/><temp name="T1152"/><temp name="T1108"/><temp name="T1123"/><temp name="T1157"/><temp name="T1125"/><temp name="T1131"/><temp name="T188"/><temp name="T1134"/><temp name="T1140"/><temp name="T1111"/><temp name="T183"/><temp name="T1115"/><temp name="T1120"/></temps></instruction><instruction code="STO T188, $254, 16"><temps name="use"><temp name="T188"/></temps><temps name="def"/><temps name="in"><temp name="T6"/><temp name="T1146"/><temp name="T1100"/><temp name="T1152"/><temp name="T1108"/><temp name="T1123"/><temp name="T1157"/><temp name="T1125"/><temp name="T1131"/><temp name="T188"/><temp name="T1134"/><temp name="T1140"/><temp name="T1111"/><temp name="T183"/><temp name="T1115"/><temp name="T1120"/></temps><temps name="out"><temp name="T6"/><temp name="T1146"/><temp name="T1100"/><temp name="T1152"/><temp name="T1108"/><temp name="T1123"/><temp name="T1157"/><temp name="T1125"/><temp name="T1131"/><temp name="T1134"/><temp name="T1140"/><temp name="T1111"/><temp name="T183"/><temp name="T1115"/><temp name="T1120"/></temps></instruction><instruction code="LDA T1122, _fibRec"><temps name="use"/><temps name="def"><temp name="T1122"/></temps><temps name="in"><temp name="T6"/><temp name="T1146"/><temp name="T1100"/><temp name="T1152"/><temp name="T1108"/><temp name="T1123"/><temp name="T1157"/><temp name="T1125"/><temp name="T1131"/><temp name="T1134"/><temp name="T1140"/><temp name="T1111"/><temp name="T183"/><temp name="T1115"/><temp name="T1120"/></temps><temps name="out"><temp name="T6"/><temp name="T1146"/><temp name="T1100"/><temp name="T1152"/><temp name="T1108"/><temp name="T1122"/><temp name="T1123"/><temp name="T1157"/><temp name="T1125"/><temp name="T1131"/><temp name="T1134"/><temp name="T1140"/><temp name="T1111"/><temp name="T183"/><temp name="T1115"/><temp name="T1120"/></temps></instruction><instruction code="PUSHJ $15, T1122, 0"><temps name="use"><temp name="T1122"/></temps><temps name="def"/><temps name="in"><temp name="T6"/><temp name="T1146"/><temp name="T1100"/><temp name="T1152"/><temp name="T1108"/><temp name="T1122"/><temp name="T1123"/><temp name="T1157"/><temp name="T1125"/><temp name="T1131"/><temp name="T1134"/><temp name="T1140"/><temp name="T1111"/><temp name="T183"/><temp name="T1115"/><temp name="T1120"/></temps><temps name="out"><temp name="T6"/><temp name="T1146"/><temp name="T1100"/><temp name="T1152"/><temp name="T1108"/><temp name="T1123"/><temp name="T1157"/><temp name="T1125"/><temp name="T1131"/><temp name="T1134"/><temp name="T1140"/><temp name="T1111"/><temp name="T183"/><temp name="T1115"/><temp name="T1120"/></temps></instruction><instruction code="OR T189, T1123, 0"><temps name="use"><temp name="T1123"/></temps><temps name="def"><temp name="T189"/></temps><temps name="in"><temp name="T6"/><temp name="T1146"/><temp name="T1100"/><temp name="T1152"/><temp name="T1108"/><temp name="T1123"/><temp name="T1157"/><temp name="T1125"/><temp name="T1131"/><temp name="T1134"/><temp name="T1140"/><temp name="T1111"/><temp name="T183"/><temp name="T1115"/><temp name="T1120"/></temps><temps name="out"><temp name="T6"/><temp name="T1146"/><temp name="T1100"/><temp name="T1152"/><temp name="T1108"/><temp name="T1123"/><temp name="T189"/><temp name="T1157"/><temp name="T1125"/><temp name="T1131"/><temp name="T1134"/><temp name="T1140"/><temp name="T1111"/><temp name="T183"/><temp name="T1115"/><temp name="T1120"/></temps></instruction><instruction code="STO T183, $254, 8"><temps name="use"><temp name="T183"/></temps><temps name="def"/><temps name="in"><temp name="T6"/><temp name="T1146"/><temp name="T1100"/><temp name="T1152"/><temp name="T1108"/><temp name="T1123"/><temp name="T189"/><temp name="T1157"/><temp name="T1125"/><temp name="T1131"/><temp name="T1134"/><temp name="T1140"/><temp name="T1111"/><temp name="T183"/><temp name="T1115"/><temp name="T1120"/></temps><temps name="out"><temp name="T6"/><temp name="T1146"/><temp name="T1100"/><temp name="T1152"/><temp name="T1108"/><temp name="T1123"/><temp name="T189"/><temp name="T1157"/><temp name="T1125"/><temp name="T1131"/><temp name="T1134"/><temp name="T1140"/><temp name="T1111"/><temp name="T1115"/><temp name="T1120"/></temps></instruction><instruction code="STO T189, $254, 16"><temps name="use"><temp name="T189"/></temps><temps name="def"/><temps name="in"><temp name="T6"/><temp name="T1146"/><temp name="T1100"/><temp name="T1152"/><temp name="T1108"/><temp name="T1123"/><temp name="T189"/><temp name="T1157"/><temp name="T1125"/><temp name="T1131"/><temp name="T1134"/><temp name="T1140"/><temp name="T1111"/><temp name="T1115"/><temp name="T1120"/></temps><temps name="out"><temp name="T6"/><temp name="T1146"/><temp name="T1100"/><temp name="T1152"/><temp name="T1108"/><temp name="T1123"/><temp name="T1157"/><temp name="T1125"/><temp name="T1131"/><temp name="T1134"/><temp name="T1140"/><temp name="T1111"/><temp name="T1115"/><temp name="T1120"/></temps></instruction><instruction code="LDA T1124, _putInt"><temps name="use"/><temps name="def"><temp name="T1124"/></temps><temps name="in"><temp name="T6"/><temp name="T1146"/><temp name="T1100"/><temp name="T1152"/><temp name="T1108"/><temp name="T1123"/><temp name="T1157"/><temp name="T1125"/><temp name="T1131"/><temp name="T1134"/><temp name="T1140"/><temp name="T1111"/><temp name="T1115"/><temp name="T1120"/></temps><temps name="out"><temp name="T6"/><temp name="T1146"/><temp name="T1100"/><temp name="T1152"/><temp name="T1108"/><temp name="T1124"/><temp name="T1123"/><temp name="T1157"/><temp name="T1125"/><temp name="T1131"/><temp name="T1134"/><temp name="T1140"/><temp name="T1111"/><temp name="T1115"/><temp name="T1120"/></temps></instruction><instruction code="PUSHJ $15, T1124, 0"><temps name="use"><temp name="T1124"/></temps><temps name="def"/><temps name="in"><temp name="T6"/><temp name="T1146"/><temp name="T1100"/><temp name="T1152"/><temp name="T1108"/><temp name="T1124"/><temp name="T1123"/><temp name="T1157"/><temp name="T1125"/><temp name="T1131"/><temp name="T1134"/><temp name="T1140"/><temp name="T1111"/><temp name="T1115"/><temp name="T1120"/></temps><temps name="out"><temp name="T6"/><temp name="T1146"/><temp name="T1100"/><temp name="T1152"/><temp name="T1108"/><temp name="T1123"/><temp name="T1157"/><temp name="T1125"/><temp name="T1131"/><temp name="T1134"/><temp name="T1140"/><temp name="T1111"/><temp name="T1115"/><temp name="T1120"/></temps></instruction><instruction code="OR T190, T1125, 0"><temps name="use"><temp name="T1125"/></temps><temps name="def"><temp name="T190"/></temps><temps name="in"><temp name="T6"/><temp name="T1146"/><temp name="T1100"/><temp name="T1152"/><temp name="T1108"/><temp name="T1123"/><temp name="T1157"/><temp name="T1125"/><temp name="T1131"/><temp name="T1134"/><temp name="T1140"/><temp name="T1111"/><temp name="T1115"/><temp name="T1120"/></temps><temps name="out"><temp name="T6"/><temp name="T1146"/><temp name="T1100"/><temp name="T1152"/><temp name="T1108"/><temp name="T1123"/><temp name="T1157"/><temp name="T1125"/><temp name="T1131"/><temp name="T1134"/><temp name="T1140"/><temp name="T1111"/><temp name="T1115"/><temp name="T1120"/></temps></instruction><instruction code="SETL  T1126, 0"><temps name="use"/><temps name="def"><temp name="T1126"/></temps><temps name="in"><temp name="T6"/><temp name="T1146"/><temp name="T1100"/><temp name="T1152"/><temp name="T1108"/><temp name="T1123"/><temp name="T1157"/><temp name="T1125"/><temp name="T1131"/><temp name="T1134"/><temp name="T1140"/><temp name="T1111"/><temp name="T1115"/><temp name="T1120"/></temps><temps name="out"><temp name="T6"/><temp name="T1146"/><temp name="T1100"/><temp name="T1152"/><temp name="T1108"/><temp name="T1123"/><temp name="T1157"/><temp name="T1125"/><temp name="T1131"/><temp name="T1134"/><temp name="T1140"/><temp name="T1111"/><temp name="T1115"/><temp name="T1120"/></temps></instruction><instruction code="INCML T1126, 0"><temps name="use"/><temps name="def"><temp name="T1126"/></temps><temps name="in"><temp name="T6"/><temp name="T1146"/><temp name="T1100"/><temp name="T1152"/><temp name="T1108"/><temp name="T1123"/><temp name="T1157"/><temp name="T1125"/><temp name="T1131"/><temp name="T1134"/><temp name="T1140"/><temp name="T1111"/><temp name="T1115"/><temp name="T1120"/></temps><temps name="out"><temp name="T6"/><temp name="T1146"/><temp name="T1100"/><temp name="T1152"/><temp name="T1108"/><temp name="T1123"/><temp name="T1157"/><temp name="T1125"/><temp name="T1131"/><temp name="T1134"/><temp name="T1140"/><temp name="T1111"/><temp name="T1115"/><temp name="T1120"/></temps></instruction><instruction code="INCMH T1126, 0"><temps name="use"/><temps name="def"><temp name="T1126"/></temps><temps name="in"><temp name="T6"/><temp name="T1146"/><temp name="T1100"/><temp name="T1152"/><temp name="T1108"/><temp name="T1123"/><temp name="T1157"/><temp name="T1125"/><temp name="T1131"/><temp name="T1134"/><temp name="T1140"/><temp name="T1111"/><temp name="T1115"/><temp name="T1120"/></temps><temps name="out"><temp name="T6"/><temp name="T1146"/><temp name="T1100"/><temp name="T1152"/><temp name="T1108"/><temp name="T1123"/><temp name="T1157"/><temp name="T1125"/><temp name="T1131"/><temp name="T1134"/><temp name="T1140"/><temp name="T1111"/><temp name="T1115"/><temp name="T1120"/></temps></instruction><instruction code="INCH  T1126, 0"><temps name="use"/><temps name="def"><temp name="T1126"/></temps><temps name="in"><temp name="T6"/><temp name="T1146"/><temp name="T1100"/><temp name="T1152"/><temp name="T1108"/><temp name="T1123"/><temp name="T1157"/><temp name="T1125"/><temp name="T1131"/><temp name="T1134"/><temp name="T1140"/><temp name="T1111"/><temp name="T1115"/><temp name="T1120"/></temps><temps name="out"><temp name="T6"/><temp name="T1146"/><temp name="T1100"/><temp name="T1152"/><temp name="T1108"/><temp name="T1123"/><temp name="T1157"/><temp name="T1125"/><temp name="T1131"/><temp name="T1134"/><temp name="T1140"/><temp name="T1111"/><temp name="T1126"/><temp name="T1115"/><temp name="T1120"/></temps></instruction><instruction code="OR T191, T1126, 0"><temps name="use"><temp name="T1126"/></temps><temps name="def"><temp name="T191"/></temps><temps name="in"><temp name="T6"/><temp name="T1146"/><temp name="T1100"/><temp name="T1152"/><temp name="T1108"/><temp name="T1123"/><temp name="T1157"/><temp name="T1125"/><temp name="T1131"/><temp name="T1134"/><temp name="T1140"/><temp name="T1111"/><temp name="T1126"/><temp name="T1115"/><temp name="T1120"/></temps><temps name="out"><temp name="T6"/><temp name="T1146"/><temp name="T1100"/><temp name="T1152"/><temp name="T1108"/><temp name="T1123"/><temp name="T1157"/><temp name="T1125"/><temp name="T1131"/><temp name="T1134"/><temp name="T1140"/><temp name="T1111"/><temp name="T191"/><temp name="T1115"/><temp name="T1120"/></temps></instruction><instruction code="SETL  T1127, 10"><temps name="use"/><temps name="def"><temp name="T1127"/></temps><temps name="in"><temp name="T6"/><temp name="T1146"/><temp name="T1100"/><temp name="T1152"/><temp name="T1108"/><temp name="T1123"/><temp name="T1157"/><temp name="T1125"/><temp name="T1131"/><temp name="T1134"/><temp name="T1140"/><temp name="T1111"/><temp name="T191"/><temp name="T1115"/><temp name="T1120"/></temps><temps name="out"><temp name="T6"/><temp name="T1146"/><temp name="T1100"/><temp name="T1152"/><temp name="T1108"/><temp name="T1123"/><temp name="T1157"/><temp name="T1125"/><temp name="T1131"/><temp name="T1134"/><temp name="T1140"/><temp name="T1111"/><temp name="T191"/><temp name="T1115"/><temp name="T1120"/></temps></instruction><instruction code="INCML T1127, 0"><temps name="use"/><temps name="def"><temp name="T1127"/></temps><temps name="in"><temp name="T6"/><temp name="T1146"/><temp name="T1100"/><temp name="T1152"/><temp name="T1108"/><temp name="T1123"/><temp name="T1157"/><temp name="T1125"/><temp name="T1131"/><temp name="T1134"/><temp name="T1140"/><temp name="T1111"/><temp name="T191"/><temp name="T1115"/><temp name="T1120"/></temps><temps name="out"><temp name="T6"/><temp name="T1146"/><temp name="T1100"/><temp name="T1152"/><temp name="T1108"/><temp name="T1123"/><temp name="T1157"/><temp name="T1125"/><temp name="T1131"/><temp name="T1134"/><temp name="T1140"/><temp name="T1111"/><temp name="T191"/><temp name="T1115"/><temp name="T1120"/></temps></instruction><instruction code="INCMH T1127, 0"><temps name="use"/><temps name="def"><temp name="T1127"/></temps><temps name="in"><temp name="T6"/><temp name="T1146"/><temp name="T1100"/><temp name="T1152"/><temp name="T1108"/><temp name="T1123"/><temp name="T1157"/><temp name="T1125"/><temp name="T1131"/><temp name="T1134"/><temp name="T1140"/><temp name="T1111"/><temp name="T191"/><temp name="T1115"/><temp name="T1120"/></temps><temps name="out"><temp name="T6"/><temp name="T1146"/><temp name="T1100"/><temp name="T1152"/><temp name="T1108"/><temp name="T1123"/><temp name="T1157"/><temp name="T1125"/><temp name="T1131"/><temp name="T1134"/><temp name="T1140"/><temp name="T1111"/><temp name="T191"/><temp name="T1115"/><temp name="T1120"/></temps></instruction><instruction code="INCH  T1127, 0"><temps name="use"/><temps name="def"><temp name="T1127"/></temps><temps name="in"><temp name="T6"/><temp name="T1146"/><temp name="T1100"/><temp name="T1152"/><temp name="T1108"/><temp name="T1123"/><temp name="T1157"/><temp name="T1125"/><temp name="T1131"/><temp name="T1134"/><temp name="T1140"/><temp name="T1111"/><temp name="T191"/><temp name="T1115"/><temp name="T1120"/></temps><temps name="out"><temp name="T6"/><temp name="T1146"/><temp name="T1100"/><temp name="T1152"/><temp name="T1108"/><temp name="T1123"/><temp name="T1157"/><temp name="T1125"/><temp name="T1131"/><temp name="T1134"/><temp name="T1140"/><temp name="T1111"/><temp name="T1127"/><temp name="T191"/><temp name="T1115"/><temp name="T1120"/></temps></instruction><instruction code="OR T192, T1127, 0"><temps name="use"><temp name="T1127"/></temps><temps name="def"><temp name="T192"/></temps><temps name="in"><temp name="T6"/><temp name="T1146"/><temp name="T1100"/><temp name="T1152"/><temp name="T1108"/><temp name="T1123"/><temp name="T1157"/><temp name="T1125"/><temp name="T1131"/><temp name="T1134"/><temp name="T1140"/><temp name="T1111"/><temp name="T1127"/><temp name="T191"/><temp name="T1115"/><temp name="T1120"/></temps><temps name="out"><temp name="T6"/><temp name="T1146"/><temp name="T1100"/><temp name="T1152"/><temp name="T1108"/><temp name="T1123"/><temp name="T1157"/><temp name="T1125"/><temp name="T1131"/><temp name="T1134"/><temp name="T1140"/><temp name="T192"/><temp name="T1111"/><temp name="T191"/><temp name="T1115"/><temp name="T1120"/></temps></instruction><instruction code="SETL  T1128, 256"><temps name="use"/><temps name="def"><temp name="T1128"/></temps><temps name="in"><temp name="T6"/><temp name="T1146"/><temp name="T1100"/><temp name="T1152"/><temp name="T1108"/><temp name="T1123"/><temp name="T1157"/><temp name="T1125"/><temp name="T1131"/><temp name="T1134"/><temp name="T1140"/><temp name="T192"/><temp name="T1111"/><temp name="T191"/><temp name="T1115"/><temp name="T1120"/></temps><temps name="out"><temp name="T6"/><temp name="T1146"/><temp name="T1100"/><temp name="T1152"/><temp name="T1108"/><temp name="T1123"/><temp name="T1157"/><temp name="T1125"/><temp name="T1131"/><temp name="T1134"/><temp name="T1140"/><temp name="T192"/><temp name="T1111"/><temp name="T191"/><temp name="T1115"/><temp name="T1120"/></temps></instruction><instruction code="INCML T1128, 0"><temps name="use"/><temps name="def"><temp name="T1128"/></temps><temps name="in"><temp name="T6"/><temp name="T1146"/><temp name="T1100"/><temp name="T1152"/><temp name="T1108"/><temp name="T1123"/><temp name="T1157"/><temp name="T1125"/><temp name="T1131"/><temp name="T1134"/><temp name="T1140"/><temp name="T192"/><temp name="T1111"/><temp name="T191"/><temp name="T1115"/><temp name="T1120"/></temps><temps name="out"><temp name="T6"/><temp name="T1146"/><temp name="T1100"/><temp name="T1152"/><temp name="T1108"/><temp name="T1123"/><temp name="T1157"/><temp name="T1125"/><temp name="T1131"/><temp name="T1134"/><temp name="T1140"/><temp name="T192"/><temp name="T1111"/><temp name="T191"/><temp name="T1115"/><temp name="T1120"/></temps></instruction><instruction code="INCMH T1128, 0"><temps name="use"/><temps name="def"><temp name="T1128"/></temps><temps name="in"><temp name="T6"/><temp name="T1146"/><temp name="T1100"/><temp name="T1152"/><temp name="T1108"/><temp name="T1123"/><temp name="T1157"/><temp name="T1125"/><temp name="T1131"/><temp name="T1134"/><temp name="T1140"/><temp name="T192"/><temp name="T1111"/><temp name="T191"/><temp name="T1115"/><temp name="T1120"/></temps><temps name="out"><temp name="T6"/><temp name="T1146"/><temp name="T1100"/><temp name="T1152"/><temp name="T1108"/><temp name="T1123"/><temp name="T1157"/><temp name="T1125"/><temp name="T1131"/><temp name="T1134"/><temp name="T1140"/><temp name="T192"/><temp name="T1111"/><temp name="T191"/><temp name="T1115"/><temp name="T1120"/></temps></instruction><instruction code="INCH  T1128, 0"><temps name="use"/><temps name="def"><temp name="T1128"/></temps><temps name="in"><temp name="T6"/><temp name="T1146"/><temp name="T1100"/><temp name="T1152"/><temp name="T1108"/><temp name="T1123"/><temp name="T1157"/><temp name="T1125"/><temp name="T1131"/><temp name="T1134"/><temp name="T1140"/><temp name="T192"/><temp name="T1111"/><temp name="T191"/><temp name="T1115"/><temp name="T1120"/></temps><temps name="out"><temp name="T6"/><temp name="T1146"/><temp name="T1100"/><temp name="T1152"/><temp name="T1108"/><temp name="T1123"/><temp name="T1157"/><temp name="T1125"/><temp name="T1131"/><temp name="T1134"/><temp name="T1140"/><temp name="T192"/><temp name="T1128"/><temp name="T1111"/><temp name="T191"/><temp name="T1115"/><temp name="T1120"/></temps></instruction><instruction code="OR T193, T1128, 0"><temps name="use"><temp name="T1128"/></temps><temps name="def"><temp name="T193"/></temps><temps name="in"><temp name="T6"/><temp name="T1146"/><temp name="T1100"/><temp name="T1152"/><temp name="T1108"/><temp name="T1123"/><temp name="T1157"/><temp name="T1125"/><temp name="T1131"/><temp name="T1134"/><temp name="T1140"/><temp name="T192"/><temp name="T1128"/><temp name="T1111"/><temp name="T191"/><temp name="T1115"/><temp name="T1120"/></temps><temps name="out"><temp name="T6"/><temp name="T1146"/><temp name="T1100"/><temp name="T1152"/><temp name="T193"/><temp name="T1108"/><temp name="T1123"/><temp name="T1157"/><temp name="T1125"/><temp name="T1131"/><temp name="T1134"/><temp name="T1140"/><temp name="T192"/><temp name="T1111"/><temp name="T191"/><temp name="T1115"/><temp name="T1120"/></temps></instruction><instruction code="DIV T1129, T192, T193"><temps name="use"><temp name="T192"/><temp name="T193"/></temps><temps name="def"><temp name="T1129"/></temps><temps name="in"><temp name="T6"/><temp name="T1146"/><temp name="T1100"/><temp name="T1152"/><temp name="T193"/><temp name="T1108"/><temp name="T1123"/><temp name="T1157"/><temp name="T1125"/><temp name="T1131"/><temp name="T1134"/><temp name="T1140"/><temp name="T192"/><temp name="T1111"/><temp name="T191"/><temp name="T1115"/><temp name="T1120"/></temps><temps name="out"><temp name="T6"/><temp name="T1146"/><temp name="T1100"/><temp name="T1152"/><temp name="T1108"/><temp name="T1123"/><temp name="T1157"/><temp name="T1125"/><temp name="T1131"/><temp name="T1134"/><temp name="T1140"/><temp name="T1111"/><temp name="T191"/><temp name="T1115"/><temp name="T1120"/></temps></instruction><instruction code="OR T1129, rR, 0"><temps name="use"/><temps name="def"><temp name="T1129"/></temps><temps name="in"><temp name="T6"/><temp name="T1146"/><temp name="T1100"/><temp name="T1152"/><temp name="T1108"/><temp name="T1123"/><temp name="T1157"/><temp name="T1125"/><temp name="T1131"/><temp name="T1134"/><temp name="T1140"/><temp name="T1111"/><temp name="T191"/><temp name="T1115"/><temp name="T1120"/></temps><temps name="out"><temp name="T6"/><temp name="T1146"/><temp name="T1100"/><temp name="T1152"/><temp name="T1108"/><temp name="T1123"/><temp name="T1157"/><temp name="T1125"/><temp name="T1131"/><temp name="T1134"/><temp name="T1129"/><temp name="T1140"/><temp name="T1111"/><temp name="T191"/><temp name="T1115"/><temp name="T1120"/></temps></instruction><instruction code="OR T194, T1129, 0"><temps name="use"><temp name="T1129"/></temps><temps name="def"><temp name="T194"/></temps><temps name="in"><temp name="T6"/><temp name="T1146"/><temp name="T1100"/><temp name="T1152"/><temp name="T1108"/><temp name="T1123"/><temp name="T1157"/><temp name="T1125"/><temp name="T1131"/><temp name="T1134"/><temp name="T1129"/><temp name="T1140"/><temp name="T1111"/><temp name="T191"/><temp name="T1115"/><temp name="T1120"/></temps><temps name="out"><temp name="T6"/><temp name="T1146"/><temp name="T1100"/><temp name="T1152"/><temp name="T1108"/><temp name="T194"/><temp name="T1123"/><temp name="T1157"/><temp name="T1125"/><temp name="T1131"/><temp name="T1134"/><temp name="T1140"/><temp name="T1111"/><temp name="T191"/><temp name="T1115"/><temp name="T1120"/></temps></instruction><instruction code="STO T191, $254, 8"><temps name="use"><temp name="T191"/></temps><temps name="def"/><temps name="in"><temp name="T6"/><temp name="T1146"/><temp name="T1100"/><temp name="T1152"/><temp name="T1108"/><temp name="T194"/><temp name="T1123"/><temp name="T1157"/><temp name="T1125"/><temp name="T1131"/><temp name="T1134"/><temp name="T1140"/><temp name="T1111"/><temp name="T191"/><temp name="T1115"/><temp name="T1120"/></temps><temps name="out"><temp name="T6"/><temp name="T1146"/><temp name="T1100"/><temp name="T1152"/><temp name="T1108"/><temp name="T194"/><temp name="T1123"/><temp name="T1157"/><temp name="T1125"/><temp name="T1131"/><temp name="T1134"/><temp name="T1140"/><temp name="T1111"/><temp name="T1115"/><temp name="T1120"/></temps></instruction><instruction code="STO T194, $254, 16"><temps name="use"><temp name="T194"/></temps><temps name="def"/><temps name="in"><temp name="T6"/><temp name="T1146"/><temp name="T1100"/><temp name="T1152"/><temp name="T1108"/><temp name="T194"/><temp name="T1123"/><temp name="T1157"/><temp name="T1125"/><temp name="T1131"/><temp name="T1134"/><temp name="T1140"/><temp name="T1111"/><temp name="T1115"/><temp name="T1120"/></temps><temps name="out"><temp name="T6"/><temp name="T1146"/><temp name="T1100"/><temp name="T1152"/><temp name="T1108"/><temp name="T1123"/><temp name="T1157"/><temp name="T1125"/><temp name="T1131"/><temp name="T1134"/><temp name="T1140"/><temp name="T1111"/><temp name="T1115"/><temp name="T1120"/></temps></instruction><instruction code="LDA T1130, _putChar"><temps name="use"/><temps name="def"><temp name="T1130"/></temps><temps name="in"><temp name="T6"/><temp name="T1146"/><temp name="T1100"/><temp name="T1152"/><temp name="T1108"/><temp name="T1123"/><temp name="T1157"/><temp name="T1125"/><temp name="T1131"/><temp name="T1134"/><temp name="T1140"/><temp name="T1111"/><temp name="T1115"/><temp name="T1120"/></temps><temps name="out"><temp name="T6"/><temp name="T1146"/><temp name="T1100"/><temp name="T1152"/><temp name="T1108"/><temp name="T1130"/><temp name="T1123"/><temp name="T1157"/><temp name="T1125"/><temp name="T1131"/><temp name="T1134"/><temp name="T1140"/><temp name="T1111"/><temp name="T1115"/><temp name="T1120"/></temps></instruction><instruction code="PUSHJ $15, T1130, 0"><temps name="use"><temp name="T1130"/></temps><temps name="def"/><temps name="in"><temp name="T6"/><temp name="T1146"/><temp name="T1100"/><temp name="T1152"/><temp name="T1108"/><temp name="T1130"/><temp name="T1123"/><temp name="T1157"/><temp name="T1125"/><temp name="T1131"/><temp name="T1134"/><temp name="T1140"/><temp name="T1111"/><temp name="T1115"/><temp name="T1120"/></temps><temps name="out"><temp name="T6"/><temp name="T1146"/><temp name="T1100"/><temp name="T1152"/><temp name="T1108"/><temp name="T1123"/><temp name="T1157"/><temp name="T1125"/><temp name="T1131"/><temp name="T1134"/><temp name="T1140"/><temp name="T1111"/><temp name="T1115"/><temp name="T1120"/></temps></instruction><instruction code="OR T195, T1131, 0"><temps name="use"><temp name="T1131"/></temps><temps name="def"><temp name="T195"/></temps><temps name="in"><temp name="T6"/><temp name="T1146"/><temp name="T1100"/><temp name="T1152"/><temp name="T1108"/><temp name="T1123"/><temp name="T1157"/><temp name="T1125"/><temp name="T1131"/><temp name="T1134"/><temp name="T1140"/><temp name="T1111"/><temp name="T1115"/><temp name="T1120"/></temps><temps name="out"><temp name="T6"/><temp name="T1146"/><temp name="T1100"/><temp name="T1152"/><temp name="T1108"/><temp name="T1123"/><temp name="T1157"/><temp name="T1125"/><temp name="T1131"/><temp name="T1134"/><temp name="T1140"/><temp name="T1111"/><temp name="T1115"/><temp name="T1120"/></temps></instruction><instruction code="OR T196, T6, 0"><temps name="use"><temp name="T6"/></temps><temps name="def"><temp name="T196"/></temps><temps name="in"><temp name="T6"/><temp name="T1146"/><temp name="T1100"/><temp name="T1152"/><temp name="T1108"/><temp name="T1123"/><temp name="T1157"/><temp name="T1125"/><temp name="T1131"/><temp name="T1134"/><temp name="T1140"/><temp name="T1111"/><temp name="T1115"/><temp name="T1120"/></temps><temps name="out"><temp name="T6"/><temp name="T1146"/><temp name="T1100"/><temp name="T1152"/><temp name="T1108"/><temp name="T1123"/><temp name="T1157"/><temp name="T196"/><temp name="T1125"/><temp name="T1131"/><temp name="T1134"/><temp name="T1140"/><temp name="T1111"/><temp name="T1115"/><temp name="T1120"/></temps></instruction><instruction code="SETL  T1132, 8"><temps name="use"/><temps name="def"><temp name="T1132"/></temps><temps name="in"><temp name="T6"/><temp name="T1146"/><temp name="T1100"/><temp name="T1152"/><temp name="T1108"/><temp name="T1123"/><temp name="T1157"/><temp name="T196"/><temp name="T1125"/><temp name="T1131"/><temp name="T1134"/><temp name="T1140"/><temp name="T1111"/><temp name="T1115"/><temp name="T1120"/></temps><temps name="out"><temp name="T6"/><temp name="T1146"/><temp name="T1100"/><temp name="T1152"/><temp name="T1108"/><temp name="T1123"/><temp name="T1157"/><temp name="T196"/><temp name="T1125"/><temp name="T1131"/><temp name="T1134"/><temp name="T1140"/><temp name="T1111"/><temp name="T1115"/><temp name="T1120"/></temps></instruction><instruction code="INCML T1132, 0"><temps name="use"/><temps name="def"><temp name="T1132"/></temps><temps name="in"><temp name="T6"/><temp name="T1146"/><temp name="T1100"/><temp name="T1152"/><temp name="T1108"/><temp name="T1123"/><temp name="T1157"/><temp name="T196"/><temp name="T1125"/><temp name="T1131"/><temp name="T1134"/><temp name="T1140"/><temp name="T1111"/><temp name="T1115"/><temp name="T1120"/></temps><temps name="out"><temp name="T6"/><temp name="T1146"/><temp name="T1100"/><temp name="T1152"/><temp name="T1108"/><temp name="T1123"/><temp name="T1157"/><temp name="T196"/><temp name="T1125"/><temp name="T1131"/><temp name="T1134"/><temp name="T1140"/><temp name="T1111"/><temp name="T1115"/><temp name="T1120"/></temps></instruction><instruction code="INCMH T1132, 0"><temps name="use"/><temps name="def"><temp name="T1132"/></temps><temps name="in"><temp name="T6"/><temp name="T1146"/><temp name="T1100"/><temp name="T1152"/><temp name="T1108"/><temp name="T1123"/><temp name="T1157"/><temp name="T196"/><temp name="T1125"/><temp name="T1131"/><temp name="T1134"/><temp name="T1140"/><temp name="T1111"/><temp name="T1115"/><temp name="T1120"/></temps><temps name="out"><temp name="T6"/><temp name="T1146"/><temp name="T1100"/><temp name="T1152"/><temp name="T1108"/><temp name="T1123"/><temp name="T1157"/><temp name="T196"/><temp name="T1125"/><temp name="T1131"/><temp name="T1134"/><temp name="T1140"/><temp name="T1111"/><temp name="T1115"/><temp name="T1120"/></temps></instruction><instruction code="INCH  T1132, 0"><temps name="use"/><temps name="def"><temp name="T1132"/></temps><temps name="in"><temp name="T6"/><temp name="T1146"/><temp name="T1100"/><temp name="T1152"/><temp name="T1108"/><temp name="T1123"/><temp name="T1157"/><temp name="T196"/><temp name="T1125"/><temp name="T1131"/><temp name="T1134"/><temp name="T1140"/><temp name="T1111"/><temp name="T1115"/><temp name="T1120"/></temps><temps name="out"><temp name="T6"/><temp name="T1146"/><temp name="T1100"/><temp name="T1152"/><temp name="T1108"/><temp name="T1123"/><temp name="T1157"/><temp name="T196"/><temp name="T1125"/><temp name="T1131"/><temp name="T1132"/><temp name="T1134"/><temp name="T1140"/><temp name="T1111"/><temp name="T1115"/><temp name="T1120"/></temps></instruction><instruction code="NEG T1132, 0, T1132"><temps name="use"><temp name="T1132"/></temps><temps name="def"><temp name="T1132"/></temps><temps name="in"><temp name="T6"/><temp name="T1146"/><temp name="T1100"/><temp name="T1152"/><temp name="T1108"/><temp name="T1123"/><temp name="T1157"/><temp name="T196"/><temp name="T1125"/><temp name="T1131"/><temp name="T1132"/><temp name="T1134"/><temp name="T1140"/><temp name="T1111"/><temp name="T1115"/><temp name="T1120"/></temps><temps name="out"><temp name="T6"/><temp name="T1146"/><temp name="T1100"/><temp name="T1152"/><temp name="T1108"/><temp name="T1123"/><temp name="T1157"/><temp name="T196"/><temp name="T1125"/><temp name="T1131"/><temp name="T1132"/><temp name="T1134"/><temp name="T1140"/><temp name="T1111"/><temp name="T1115"/><temp name="T1120"/></temps></instruction><instruction code="OR T197, T1132, 0"><temps name="use"><temp name="T1132"/></temps><temps name="def"><temp name="T197"/></temps><temps name="in"><temp name="T6"/><temp name="T1146"/><temp name="T1100"/><temp name="T1152"/><temp name="T1108"/><temp name="T1123"/><temp name="T1157"/><temp name="T196"/><temp name="T1125"/><temp name="T1131"/><temp name="T1132"/><temp name="T1134"/><temp name="T1140"/><temp name="T1111"/><temp name="T1115"/><temp name="T1120"/></temps><temps name="out"><temp name="T6"/><temp name="T1146"/><temp name="T1100"/><temp name="T1152"/><temp name="T1108"/><temp name="T1123"/><temp name="T1157"/><temp name="T196"/><temp name="T1125"/><temp name="T1131"/><temp name="T1134"/><temp name="T1140"/><temp name="T197"/><temp name="T1111"/><temp name="T1115"/><temp name="T1120"/></temps></instruction><instruction code="ADD T1133, T196, T197"><temps name="use"><temp name="T196"/><temp name="T197"/></temps><temps name="def"><temp name="T1133"/></temps><temps name="in"><temp name="T6"/><temp name="T1146"/><temp name="T1100"/><temp name="T1152"/><temp name="T1108"/><temp name="T1123"/><temp name="T1157"/><temp name="T196"/><temp name="T1125"/><temp name="T1131"/><temp name="T1134"/><temp name="T1140"/><temp name="T197"/><temp name="T1111"/><temp name="T1115"/><temp name="T1120"/></temps><temps name="out"><temp name="T6"/><temp name="T1146"/><temp name="T1100"/><temp name="T1152"/><temp name="T1108"/><temp name="T1133"/><temp name="T1123"/><temp name="T1157"/><temp name="T1125"/><temp name="T1131"/><temp name="T1134"/><temp name="T1140"/><temp name="T1111"/><temp name="T1115"/><temp name="T1120"/></temps></instruction><instruction code="OR T198, T1133, 0"><temps name="use"><temp name="T1133"/></temps><temps name="def"><temp name="T198"/></temps><temps name="in"><temp name="T6"/><temp name="T1146"/><temp name="T1100"/><temp name="T1152"/><temp name="T1108"/><temp name="T1133"/><temp name="T1123"/><temp name="T1157"/><temp name="T1125"/><temp name="T1131"/><temp name="T1134"/><temp name="T1140"/><temp name="T1111"/><temp name="T1115"/><temp name="T1120"/></temps><temps name="out"><temp name="T6"/><temp name="T1146"/><temp name="T1100"/><temp name="T1152"/><temp name="T1108"/><temp name="T1123"/><temp name="T1157"/><temp name="T1125"/><temp name="T1131"/><temp name="T1134"/><temp name="T1140"/><temp name="T1111"/><temp name="T1115"/><temp name="T1120"/></temps></instruction><instruction code="LDO T1135, T1134, 0"><temps name="use"><temp name="T1134"/></temps><temps name="def"><temp name="T1135"/></temps><temps name="in"><temp name="T6"/><temp name="T1146"/><temp name="T1100"/><temp name="T1152"/><temp name="T1108"/><temp name="T1123"/><temp name="T1157"/><temp name="T1125"/><temp name="T1131"/><temp name="T1134"/><temp name="T1140"/><temp name="T1111"/><temp name="T1115"/><temp name="T1120"/></temps><temps name="out"><temp name="T6"/><temp name="T1146"/><temp name="T1100"/><temp name="T1152"/><temp name="T1108"/><temp name="T1123"/><temp name="T1157"/><temp name="T1125"/><temp name="T1135"/><temp name="T1131"/><temp name="T1134"/><temp name="T1140"/><temp name="T1111"/><temp name="T1115"/><temp name="T1120"/></temps></instruction><instruction code="OR T199, T1135, 0"><temps name="use"><temp name="T1135"/></temps><temps name="def"><temp name="T199"/></temps><temps name="in"><temp name="T6"/><temp name="T1146"/><temp name="T1100"/><temp name="T1152"/><temp name="T1108"/><temp name="T1123"/><temp name="T1157"/><temp name="T1125"/><temp name="T1135"/><temp name="T1131"/><temp name="T1134"/><temp name="T1140"/><temp name="T1111"/><temp name="T1115"/><temp name="T1120"/></temps><temps name="out"><temp name="T6"/><temp name="T1146"/><temp name="T1100"/><temp name="T1152"/><temp name="T199"/><temp name="T1108"/><temp name="T1123"/><temp name="T1157"/><temp name="T1125"/><temp name="T1131"/><temp name="T1134"/><temp name="T1140"/><temp name="T1111"/><temp name="T1115"/><temp name="T1120"/></temps></instruction><instruction code="SETL  T1136, 1"><temps name="use"/><temps name="def"><temp name="T1136"/></temps><temps name="in"><temp name="T6"/><temp name="T1146"/><temp name="T1100"/><temp name="T1152"/><temp name="T199"/><temp name="T1108"/><temp name="T1123"/><temp name="T1157"/><temp name="T1125"/><temp name="T1131"/><temp name="T1134"/><temp name="T1140"/><temp name="T1111"/><temp name="T1115"/><temp name="T1120"/></temps><temps name="out"><temp name="T6"/><temp name="T1146"/><temp name="T1100"/><temp name="T1152"/><temp name="T199"/><temp name="T1108"/><temp name="T1123"/><temp name="T1157"/><temp name="T1125"/><temp name="T1131"/><temp name="T1134"/><temp name="T1140"/><temp name="T1111"/><temp name="T1115"/><temp name="T1120"/></temps></instruction><instruction code="INCML T1136, 0"><temps name="use"/><temps name="def"><temp name="T1136"/></temps><temps name="in"><temp name="T6"/><temp name="T1146"/><temp name="T1100"/><temp name="T1152"/><temp name="T199"/><temp name="T1108"/><temp name="T1123"/><temp name="T1157"/><temp name="T1125"/><temp name="T1131"/><temp name="T1134"/><temp name="T1140"/><temp name="T1111"/><temp name="T1115"/><temp name="T1120"/></temps><temps name="out"><temp name="T6"/><temp name="T1146"/><temp name="T1100"/><temp name="T1152"/><temp name="T199"/><temp name="T1108"/><temp name="T1123"/><temp name="T1157"/><temp name="T1125"/><temp name="T1131"/><temp name="T1134"/><temp name="T1140"/><temp name="T1111"/><temp name="T1115"/><temp name="T1120"/></temps></instruction><instruction code="INCMH T1136, 0"><temps name="use"/><temps name="def"><temp name="T1136"/></temps><temps name="in"><temp name="T6"/><temp name="T1146"/><temp name="T1100"/><temp name="T1152"/><temp name="T199"/><temp name="T1108"/><temp name="T1123"/><temp name="T1157"/><temp name="T1125"/><temp name="T1131"/><temp name="T1134"/><temp name="T1140"/><temp name="T1111"/><temp name="T1115"/><temp name="T1120"/></temps><temps name="out"><temp name="T6"/><temp name="T1146"/><temp name="T1100"/><temp name="T1152"/><temp name="T199"/><temp name="T1108"/><temp name="T1123"/><temp name="T1157"/><temp name="T1125"/><temp name="T1131"/><temp name="T1134"/><temp name="T1140"/><temp name="T1111"/><temp name="T1115"/><temp name="T1120"/></temps></instruction><instruction code="INCH  T1136, 0"><temps name="use"/><temps name="def"><temp name="T1136"/></temps><temps name="in"><temp name="T6"/><temp name="T1146"/><temp name="T1100"/><temp name="T1152"/><temp name="T199"/><temp name="T1108"/><temp name="T1123"/><temp name="T1157"/><temp name="T1125"/><temp name="T1131"/><temp name="T1134"/><temp name="T1140"/><temp name="T1111"/><temp name="T1115"/><temp name="T1120"/></temps><temps name="out"><temp name="T6"/><temp name="T1146"/><temp name="T1100"/><temp name="T1152"/><temp name="T199"/><temp name="T1108"/><temp name="T1123"/><temp name="T1157"/><temp name="T1136"/><temp name="T1125"/><temp name="T1131"/><temp name="T1134"/><temp name="T1140"/><temp name="T1111"/><temp name="T1115"/><temp name="T1120"/></temps></instruction><instruction code="OR T200, T1136, 0"><temps name="use"><temp name="T1136"/></temps><temps name="def"><temp name="T200"/></temps><temps name="in"><temp name="T6"/><temp name="T1146"/><temp name="T1100"/><temp name="T1152"/><temp name="T199"/><temp name="T1108"/><temp name="T1123"/><temp name="T1157"/><temp name="T1136"/><temp name="T1125"/><temp name="T1131"/><temp name="T1134"/><temp name="T1140"/><temp name="T1111"/><temp name="T1115"/><temp name="T1120"/></temps><temps name="out"><temp name="T6"/><temp name="T1146"/><temp name="T200"/><temp name="T1100"/><temp name="T1152"/><temp name="T199"/><temp name="T1108"/><temp name="T1123"/><temp name="T1157"/><temp name="T1125"/><temp name="T1131"/><temp name="T1134"/><temp name="T1140"/><temp name="T1111"/><temp name="T1115"/><temp name="T1120"/></temps></instruction><instruction code="ADD T1137, T199, T200"><temps name="use"><temp name="T199"/><temp name="T200"/></temps><temps name="def"><temp name="T1137"/></temps><temps name="in"><temp name="T6"/><temp name="T1146"/><temp name="T200"/><temp name="T1100"/><temp name="T1152"/><temp name="T199"/><temp name="T1108"/><temp name="T1123"/><temp name="T1157"/><temp name="T1125"/><temp name="T1131"/><temp name="T1134"/><temp name="T1140"/><temp name="T1111"/><temp name="T1115"/><temp name="T1120"/></temps><temps name="out"><temp name="T6"/><temp name="T1146"/><temp name="T1100"/><temp name="T1152"/><temp name="T1108"/><temp name="T1137"/><temp name="T1123"/><temp name="T1157"/><temp name="T1125"/><temp name="T1131"/><temp name="T1134"/><temp name="T1140"/><temp name="T1111"/><temp name="T1115"/><temp name="T1120"/></temps></instruction><instruction code="OR T201, T1137, 0"><temps name="use"><temp name="T1137"/></temps><temps name="def"><temp name="T201"/></temps><temps name="in"><temp name="T6"/><temp name="T1146"/><temp name="T1100"/><temp name="T1152"/><temp name="T1108"/><temp name="T1137"/><temp name="T1123"/><temp name="T1157"/><temp name="T1125"/><temp name="T1131"/><temp name="T1134"/><temp name="T1140"/><temp name="T1111"/><temp name="T1115"/><temp name="T1120"/></temps><temps name="out"><temp name="T6"/><temp name="T1146"/><temp name="T1100"/><temp name="T1152"/><temp name="T1108"/><temp name="T1123"/><temp name="T1157"/><temp name="T1125"/><temp name="T1131"/><temp name="T1134"/><temp name="T1140"/><temp name="T1111"/><temp name="T1115"/><temp name="T1120"/><temp name="T201"/></temps></instruction><instruction code="LDO T1141, T1140, 0"><temps name="use"><temp name="T1140"/></temps><temps name="def"><temp name="T1141"/></temps><temps name="in"><temp name="T6"/><temp name="T1146"/><temp name="T1100"/><temp name="T1152"/><temp name="T1108"/><temp name="T1123"/><temp name="T1157"/><temp name="T1125"/><temp name="T1131"/><temp name="T1134"/><temp name="T1140"/><temp name="T1111"/><temp name="T1115"/><temp name="T1120"/><temp name="T201"/></temps><temps name="out"><temp name="T6"/><temp name="T1146"/><temp name="T1100"/><temp name="T1152"/><temp name="T1108"/><temp name="T1123"/><temp name="T1157"/><temp name="T1125"/><temp name="T1131"/><temp name="T1141"/><temp name="T1134"/><temp name="T1140"/><temp name="T1111"/><temp name="T1115"/><temp name="T1120"/><temp name="T201"/></temps></instruction><instruction code="STO T1141, T201, 0"><temps name="use"><temp name="T1141"/><temp name="T201"/></temps><temps name="def"/><temps name="in"><temp name="T6"/><temp name="T1146"/><temp name="T1100"/><temp name="T1152"/><temp name="T1108"/><temp name="T1123"/><temp name="T1157"/><temp name="T1125"/><temp name="T1131"/><temp name="T1141"/><temp name="T1134"/><temp name="T1140"/><temp name="T1111"/><temp name="T1115"/><temp name="T1120"/><temp name="T201"/></temps><temps name="out"><temp name="T6"/><temp name="T1146"/><temp name="T1100"/><temp name="T1152"/><temp name="T1108"/><temp name="T1123"/><temp name="T1157"/><temp name="T1125"/><temp name="T1131"/><temp name="T1134"/><temp name="T1140"/><temp name="T1111"/><temp name="T1115"/><temp name="T1120"/></temps></instruction><instruction code="LDA T1142, L22"><temps name="use"/><temps name="def"><temp name="T1142"/></temps><temps name="in"><temp name="T6"/><temp name="T1146"/><temp name="T1100"/><temp name="T1152"/><temp name="T1108"/><temp name="T1123"/><temp name="T1157"/><temp name="T1125"/><temp name="T1131"/><temp name="T1134"/><temp name="T1140"/><temp name="T1111"/><temp name="T1115"/><temp name="T1120"/></temps><temps name="out"><temp name="T6"/><temp name="T1146"/><temp name="T1100"/><temp name="T1152"/><temp name="T1108"/><temp name="T1123"/><temp name="T1157"/><temp name="T1125"/><temp name="T1131"/><temp name="T1134"/><temp name="T1140"/><temp name="T1142"/><temp name="T1111"/><temp name="T1115"/><temp name="T1120"/></temps></instruction><instruction code="GO T1142, T1142, 0"><temps name="use"><temp name="T1142"/></temps><temps name="def"><temp name="T1142"/></temps><temps name="in"><temp name="T6"/><temp name="T1146"/><temp name="T1100"/><temp name="T1152"/><temp name="T1108"/><temp name="T1123"/><temp name="T1157"/><temp name="T1125"/><temp name="T1131"/><temp name="T1134"/><temp name="T1140"/><temp name="T1142"/><temp name="T1111"/><temp name="T1115"/><temp name="T1120"/></temps><temps name="out"><temp name="T6"/><temp name="T1146"/><temp name="T1100"/><temp name="T1152"/><temp name="T1108"/><temp name="T1123"/><temp name="T1157"/><temp name="T1125"/><temp name="T1131"/><temp name="T1134"/><temp name="T1140"/><temp name="T1111"/><temp name="T1115"/><temp name="T1120"/></temps></instruction><instruction code="L24"><temps name="use"/><temps name="def"/><temps name="in"><temp name="T1146"/><temp name="T1152"/><temp name="T1157"/></temps><temps name="out"><temp name="T1146"/><temp name="T1152"/><temp name="T1157"/></temps></instruction><instruction code="SETL  T1143, 0"><temps name="use"/><temps name="def"><temp name="T1143"/></temps><temps name="in"><temp name="T1146"/><temp name="T1152"/><temp name="T1157"/></temps><temps name="out"><temp name="T1146"/><temp name="T1152"/><temp name="T1157"/></temps></instruction><instruction code="INCML T1143, 0"><temps name="use"/><temps name="def"><temp name="T1143"/></temps><temps name="in"><temp name="T1146"/><temp name="T1152"/><temp name="T1157"/></temps><temps name="out"><temp name="T1146"/><temp name="T1152"/><temp name="T1157"/></temps></instruction><instruction code="INCMH T1143, 0"><temps name="use"/><temps name="def"><temp name="T1143"/></temps><temps name="in"><temp name="T1146"/><temp name="T1152"/><temp name="T1157"/></temps><temps name="out"><temp name="T1146"/><temp name="T1152"/><temp name="T1157"/></temps></instruction><instruction code="INCH  T1143, 0"><temps name="use"/><temps name="def"><temp name="T1143"/></temps><temps name="in"><temp name="T1146"/><temp name="T1152"/><temp name="T1157"/></temps><temps name="out"><temp name="T1146"/><temp name="T1143"/><temp name="T1152"/><temp name="T1157"/></temps></instruction><instruction code="OR T202, T1143, 0"><temps name="use"><temp name="T1143"/></temps><temps name="def"><temp name="T202"/></temps><temps name="in"><temp name="T1146"/><temp name="T1143"/><temp name="T1152"/><temp name="T1157"/></temps><temps name="out"><temp name="T1146"/><temp name="T1152"/><temp name="T202"/><temp name="T1157"/></temps></instruction><instruction code="LDA T1144, L25"><temps name="use"/><temps name="def"><temp name="T1144"/></temps><temps name="in"><temp name="T1146"/><temp name="T1152"/><temp name="T202"/><temp name="T1157"/></temps><temps name="out"><temp name="T1146"/><temp name="T1152"/><temp name="T202"/><temp name="T1144"/><temp name="T1157"/></temps></instruction><instruction code="OR T203, T1144, 0"><temps name="use"><temp name="T1144"/></temps><temps name="def"><temp name="T203"/></temps><temps name="in"><temp name="T1146"/><temp name="T1152"/><temp name="T202"/><temp name="T1144"/><temp name="T1157"/></temps><temps name="out"><temp name="T1146"/><temp name="T1152"/><temp name="T203"/><temp name="T202"/><temp name="T1157"/></temps></instruction><instruction code="STO T202, $254, 8"><temps name="use"><temp name="T202"/></temps><temps name="def"/><temps name="in"><temp name="T1146"/><temp name="T1152"/><temp name="T203"/><temp name="T202"/><temp name="T1157"/></temps><temps name="out"><temp name="T1146"/><temp name="T1152"/><temp name="T203"/><temp name="T1157"/></temps></instruction><instruction code="STO T203, $254, 16"><temps name="use"><temp name="T203"/></temps><temps name="def"/><temps name="in"><temp name="T1146"/><temp name="T1152"/><temp name="T203"/><temp name="T1157"/></temps><temps name="out"><temp name="T1146"/><temp name="T1152"/><temp name="T1157"/></temps></instruction><instruction code="LDA T1145, _putString"><temps name="use"/><temps name="def"><temp name="T1145"/></temps><temps name="in"><temp name="T1146"/><temp name="T1152"/><temp name="T1157"/></temps><temps name="out"><temp name="T1146"/><temp name="T1152"/><temp name="T1145"/><temp name="T1157"/></temps></instruction><instruction code="PUSHJ $15, T1145, 0"><temps name="use"><temp name="T1145"/></temps><temps name="def"/><temps name="in"><temp name="T1146"/><temp name="T1152"/><temp name="T1145"/><temp name="T1157"/></temps><temps name="out"><temp name="T1146"/><temp name="T1152"/><temp name="T1157"/></temps></instruction><instruction code="OR T204, T1146, 0"><temps name="use"><temp name="T1146"/></temps><temps name="def"><temp name="T204"/></temps><temps name="in"><temp name="T1146"/><temp name="T1152"/><temp name="T1157"/></temps><temps name="out"><temp name="T1152"/><temp name="T1157"/></temps></instruction><instruction code="SETL  T1147, 0"><temps name="use"/><temps name="def"><temp name="T1147"/></temps><temps name="in"><temp name="T1152"/><temp name="T1157"/></temps><temps name="out"><temp name="T1152"/><temp name="T1157"/></temps></instruction><instruction code="INCML T1147, 0"><temps name="use"/><temps name="def"><temp name="T1147"/></temps><temps name="in"><temp name="T1152"/><temp name="T1157"/></temps><temps name="out"><temp name="T1152"/><temp name="T1157"/></temps></instruction><instruction code="INCMH T1147, 0"><temps name="use"/><temps name="def"><temp name="T1147"/></temps><temps name="in"><temp name="T1152"/><temp name="T1157"/></temps><temps name="out"><temp name="T1152"/><temp name="T1157"/></temps></instruction><instruction code="INCH  T1147, 0"><temps name="use"/><temps name="def"><temp name="T1147"/></temps><temps name="in"><temp name="T1152"/><temp name="T1157"/></temps><temps name="out"><temp name="T1147"/><temp name="T1152"/><temp name="T1157"/></temps></instruction><instruction code="OR T205, T1147, 0"><temps name="use"><temp name="T1147"/></temps><temps name="def"><temp name="T205"/></temps><temps name="in"><temp name="T1147"/><temp name="T1152"/><temp name="T1157"/></temps><temps name="out"><temp name="T1152"/><temp name="T205"/><temp name="T1157"/></temps></instruction><instruction code="SETL  T1148, 10"><temps name="use"/><temps name="def"><temp name="T1148"/></temps><temps name="in"><temp name="T1152"/><temp name="T205"/><temp name="T1157"/></temps><temps name="out"><temp name="T1152"/><temp name="T205"/><temp name="T1157"/></temps></instruction><instruction code="INCML T1148, 0"><temps name="use"/><temps name="def"><temp name="T1148"/></temps><temps name="in"><temp name="T1152"/><temp name="T205"/><temp name="T1157"/></temps><temps name="out"><temp name="T1152"/><temp name="T205"/><temp name="T1157"/></temps></instruction><instruction code="INCMH T1148, 0"><temps name="use"/><temps name="def"><temp name="T1148"/></temps><temps name="in"><temp name="T1152"/><temp name="T205"/><temp name="T1157"/></temps><temps name="out"><temp name="T1152"/><temp name="T205"/><temp name="T1157"/></temps></instruction><instruction code="INCH  T1148, 0"><temps name="use"/><temps name="def"><temp name="T1148"/></temps><temps name="in"><temp name="T1152"/><temp name="T205"/><temp name="T1157"/></temps><temps name="out"><temp name="T1152"/><temp name="T205"/><temp name="T1148"/><temp name="T1157"/></temps></instruction><instruction code="OR T206, T1148, 0"><temps name="use"><temp name="T1148"/></temps><temps name="def"><temp name="T206"/></temps><temps name="in"><temp name="T1152"/><temp name="T205"/><temp name="T1148"/><temp name="T1157"/></temps><temps name="out"><temp name="T1152"/><temp name="T205"/><temp name="T206"/><temp name="T1157"/></temps></instruction><instruction code="SETL  T1149, 256"><temps name="use"/><temps name="def"><temp name="T1149"/></temps><temps name="in"><temp name="T1152"/><temp name="T205"/><temp name="T206"/><temp name="T1157"/></temps><temps name="out"><temp name="T1152"/><temp name="T205"/><temp name="T206"/><temp name="T1157"/></temps></instruction><instruction code="INCML T1149, 0"><temps name="use"/><temps name="def"><temp name="T1149"/></temps><temps name="in"><temp name="T1152"/><temp name="T205"/><temp name="T206"/><temp name="T1157"/></temps><temps name="out"><temp name="T1152"/><temp name="T205"/><temp name="T206"/><temp name="T1157"/></temps></instruction><instruction code="INCMH T1149, 0"><temps name="use"/><temps name="def"><temp name="T1149"/></temps><temps name="in"><temp name="T1152"/><temp name="T205"/><temp name="T206"/><temp name="T1157"/></temps><temps name="out"><temp name="T1152"/><temp name="T205"/><temp name="T206"/><temp name="T1157"/></temps></instruction><instruction code="INCH  T1149, 0"><temps name="use"/><temps name="def"><temp name="T1149"/></temps><temps name="in"><temp name="T1152"/><temp name="T205"/><temp name="T206"/><temp name="T1157"/></temps><temps name="out"><temp name="T1152"/><temp name="T205"/><temp name="T206"/><temp name="T1149"/><temp name="T1157"/></temps></instruction><instruction code="OR T207, T1149, 0"><temps name="use"><temp name="T1149"/></temps><temps name="def"><temp name="T207"/></temps><temps name="in"><temp name="T1152"/><temp name="T205"/><temp name="T206"/><temp name="T1149"/><temp name="T1157"/></temps><temps name="out"><temp name="T207"/><temp name="T1152"/><temp name="T205"/><temp name="T206"/><temp name="T1157"/></temps></instruction><instruction code="DIV T1150, T206, T207"><temps name="use"><temp name="T206"/><temp name="T207"/></temps><temps name="def"><temp name="T1150"/></temps><temps name="in"><temp name="T207"/><temp name="T1152"/><temp name="T205"/><temp name="T206"/><temp name="T1157"/></temps><temps name="out"><temp name="T1152"/><temp name="T205"/><temp name="T1157"/></temps></instruction><instruction code="OR T1150, rR, 0"><temps name="use"/><temps name="def"><temp name="T1150"/></temps><temps name="in"><temp name="T1152"/><temp name="T205"/><temp name="T1157"/></temps><temps name="out"><temp name="T1150"/><temp name="T1152"/><temp name="T205"/><temp name="T1157"/></temps></instruction><instruction code="OR T208, T1150, 0"><temps name="use"><temp name="T1150"/></temps><temps name="def"><temp name="T208"/></temps><temps name="in"><temp name="T1150"/><temp name="T1152"/><temp name="T205"/><temp name="T1157"/></temps><temps name="out"><temp name="T208"/><temp name="T1152"/><temp name="T205"/><temp name="T1157"/></temps></instruction><instruction code="STO T205, $254, 8"><temps name="use"><temp name="T205"/></temps><temps name="def"/><temps name="in"><temp name="T208"/><temp name="T1152"/><temp name="T205"/><temp name="T1157"/></temps><temps name="out"><temp name="T208"/><temp name="T1152"/><temp name="T1157"/></temps></instruction><instruction code="STO T208, $254, 16"><temps name="use"><temp name="T208"/></temps><temps name="def"/><temps name="in"><temp name="T208"/><temp name="T1152"/><temp name="T1157"/></temps><temps name="out"><temp name="T1152"/><temp name="T1157"/></temps></instruction><instruction code="LDA T1151, _putChar"><temps name="use"/><temps name="def"><temp name="T1151"/></temps><temps name="in"><temp name="T1152"/><temp name="T1157"/></temps><temps name="out"><temp name="T1152"/><temp name="T1151"/><temp name="T1157"/></temps></instruction><instruction code="PUSHJ $15, T1151, 0"><temps name="use"><temp name="T1151"/></temps><temps name="def"/><temps name="in"><temp name="T1152"/><temp name="T1151"/><temp name="T1157"/></temps><temps name="out"><temp name="T1152"/><temp name="T1157"/></temps></instruction><instruction code="OR T209, T1152, 0"><temps name="use"><temp name="T1152"/></temps><temps name="def"><temp name="T209"/></temps><temps name="in"><temp name="T1152"/><temp name="T1157"/></temps><temps name="out"><temp name="T1157"/></temps></instruction><instruction code="SETL  T1153, 0"><temps name="use"/><temps name="def"><temp name="T1153"/></temps><temps name="in"><temp name="T1157"/></temps><temps name="out"><temp name="T1157"/></temps></instruction><instruction code="INCML T1153, 0"><temps name="use"/><temps name="def"><temp name="T1153"/></temps><temps name="in"><temp name="T1157"/></temps><temps name="out"><temp name="T1157"/></temps></instruction><instruction code="INCMH T1153, 0"><temps name="use"/><temps name="def"><temp name="T1153"/></temps><temps name="in"><temp name="T1157"/></temps><temps name="out"><temp name="T1157"/></temps></instruction><instruction code="INCH  T1153, 0"><temps name="use"/><temps name="def"><temp name="T1153"/></temps><temps name="in"><temp name="T1157"/></temps><temps name="out"><temp name="T1153"/><temp name="T1157"/></temps></instruction><instruction code="OR T210, T1153, 0"><temps name="use"><temp name="T1153"/></temps><temps name="def"><temp name="T210"/></temps><temps name="in"><temp name="T1153"/><temp name="T1157"/></temps><temps name="out"><temp name="T210"/><temp name="T1157"/></temps></instruction><instruction code="SETL  T1154, 4"><temps name="use"/><temps name="def"><temp name="T1154"/></temps><temps name="in"><temp name="T210"/><temp name="T1157"/></temps><temps name="out"><temp name="T210"/><temp name="T1157"/></temps></instruction><instruction code="INCML T1154, 0"><temps name="use"/><temps name="def"><temp name="T1154"/></temps><temps name="in"><temp name="T210"/><temp name="T1157"/></temps><temps name="out"><temp name="T210"/><temp name="T1157"/></temps></instruction><instruction code="INCMH T1154, 0"><temps name="use"/><temps name="def"><temp name="T1154"/></temps><temps name="in"><temp name="T210"/><temp name="T1157"/></temps><temps name="out"><temp name="T210"/><temp name="T1157"/></temps></instruction><instruction code="INCH  T1154, 0"><temps name="use"/><temps name="def"><temp name="T1154"/></temps><temps name="in"><temp name="T210"/><temp name="T1157"/></temps><temps name="out"><temp name="T1154"/><temp name="T210"/><temp name="T1157"/></temps></instruction><instruction code="OR T211, T1154, 0"><temps name="use"><temp name="T1154"/></temps><temps name="def"><temp name="T211"/></temps><temps name="in"><temp name="T1154"/><temp name="T210"/><temp name="T1157"/></temps><temps name="out"><temp name="T210"/><temp name="T211"/><temp name="T1157"/></temps></instruction><instruction code="SETL  T1155, 3"><temps name="use"/><temps name="def"><temp name="T1155"/></temps><temps name="in"><temp name="T210"/><temp name="T211"/><temp name="T1157"/></temps><temps name="out"><temp name="T210"/><temp name="T211"/><temp name="T1157"/></temps></instruction><instruction code="INCML T1155, 0"><temps name="use"/><temps name="def"><temp name="T1155"/></temps><temps name="in"><temp name="T210"/><temp name="T211"/><temp name="T1157"/></temps><temps name="out"><temp name="T210"/><temp name="T211"/><temp name="T1157"/></temps></instruction><instruction code="INCMH T1155, 0"><temps name="use"/><temps name="def"><temp name="T1155"/></temps><temps name="in"><temp name="T210"/><temp name="T211"/><temp name="T1157"/></temps><temps name="out"><temp name="T210"/><temp name="T211"/><temp name="T1157"/></temps></instruction><instruction code="INCH  T1155, 0"><temps name="use"/><temps name="def"><temp name="T1155"/></temps><temps name="in"><temp name="T210"/><temp name="T211"/><temp name="T1157"/></temps><temps name="out"><temp name="T210"/><temp name="T1155"/><temp name="T211"/><temp name="T1157"/></temps></instruction><instruction code="OR T212, T1155, 0"><temps name="use"><temp name="T1155"/></temps><temps name="def"><temp name="T212"/></temps><temps name="in"><temp name="T210"/><temp name="T1155"/><temp name="T211"/><temp name="T1157"/></temps><temps name="out"><temp name="T210"/><temp name="T211"/><temp name="T212"/><temp name="T1157"/></temps></instruction><instruction code="STO T210, $254, 8"><temps name="use"><temp name="T210"/></temps><temps name="def"/><temps name="in"><temp name="T210"/><temp name="T211"/><temp name="T212"/><temp name="T1157"/></temps><temps name="out"><temp name="T211"/><temp name="T212"/><temp name="T1157"/></temps></instruction><instruction code="STO T211, $254, 16"><temps name="use"><temp name="T211"/></temps><temps name="def"/><temps name="in"><temp name="T211"/><temp name="T212"/><temp name="T1157"/></temps><temps name="out"><temp name="T212"/><temp name="T1157"/></temps></instruction><instruction code="STO T212, $254, 24"><temps name="use"><temp name="T212"/></temps><temps name="def"/><temps name="in"><temp name="T212"/><temp name="T1157"/></temps><temps name="out"><temp name="T1157"/></temps></instruction><instruction code="LDA T1156, _combs"><temps name="use"/><temps name="def"><temp name="T1156"/></temps><temps name="in"><temp name="T1157"/></temps><temps name="out"><temp name="T1156"/><temp name="T1157"/></temps></instruction><instruction code="PUSHJ $15, T1156, 0"><temps name="use"><temp name="T1156"/></temps><temps name="def"/><temps name="in"><temp name="T1156"/><temp name="T1157"/></temps><temps name="out"><temp name="T1157"/></temps></instruction><instruction code="OR T213, T1157, 0"><temps name="use"><temp name="T1157"/></temps><temps name="def"><temp name="T213"/></temps><temps name="in"><temp name="T1157"/></temps><temps name="out"/></instruction><instruction code="SETL  T1158, 0"><temps name="use"/><temps name="def"><temp name="T1158"/></temps><temps name="in"/><temps name="out"/></instruction><instruction code="INCML T1158, 0"><temps name="use"/><temps name="def"><temp name="T1158"/></temps><temps name="in"/><temps name="out"/></instruction><instruction code="INCMH T1158, 0"><temps name="use"/><temps name="def"><temp name="T1158"/></temps><temps name="in"/><temps name="out"/></instruction><instruction code="INCH  T1158, 0"><temps name="use"/><temps name="def"><temp name="T1158"/></temps><temps name="in"/><temps name="out"><temp name="T1158"/></temps></instruction><instruction code="OR T214, T1158, 0"><temps name="use"><temp name="T1158"/></temps><temps name="def"><temp name="T214"/></temps><temps name="in"><temp name="T1158"/></temps><temps name="out"><temp name="T214"/></temps></instruction><instruction code="OR T7, T214, 0"><temps name="use"><temp name="T214"/></temps><temps name="def"><temp name="T7"/></temps><temps name="in"><temp name="T214"/></temps><temps name="out"/></instruction><instruction code="LDA T1159, L110"><temps name="use"/><temps name="def"><temp name="T1159"/></temps><temps name="in"/><temps name="out"><temp name="T1159"/></temps></instruction><instruction code="GO T1159, T1159, 0"><temps name="use"><temp name="T1159"/></temps><temps name="def"><temp name="T1159"/></temps><temps name="in"><temp name="T1159"/></temps><temps name="out"/></instruction></instructions></code><code entrylabel="L112" exitlabel="L113" tempsize="0"><frame FP="T8" RV="T9" argssize="0" depth="1" label="_facItr" locssize="8" size="24"/><instructions><instruction code="L112"><temps name="use"/><temps name="def"/><temps name="in"><temp name="T1187"/><temp name="T1167"/><temp name="T1198"/><temp name="T1174"/><temp name="T1193"/><temp name="T1183"/><temp name="T8"/><temp name="T1163"/><temp name="T1178"/></temps><temps name="out"><temp name="T1187"/><temp name="T1167"/><temp name="T1198"/><temp name="T1174"/><temp name="T1193"/><temp name="T1183"/><temp name="T8"/><temp name="T1163"/><temp name="T1178"/></temps></instruction><instruction code="SETL  T1160, 1"><temps name="use"/><temps name="def"><temp name="T1160"/></temps><temps name="in"><temp name="T1187"/><temp name="T1167"/><temp name="T1198"/><temp name="T1174"/><temp name="T1193"/><temp name="T1183"/><temp name="T8"/><temp name="T1163"/><temp name="T1178"/></temps><temps name="out"><temp name="T1187"/><temp name="T1167"/><temp name="T1198"/><temp name="T1174"/><temp name="T1193"/><temp name="T1183"/><temp name="T8"/><temp name="T1163"/><temp name="T1178"/></temps></instruction><instruction code="INCML T1160, 0"><temps name="use"/><temps name="def"><temp name="T1160"/></temps><temps name="in"><temp name="T1187"/><temp name="T1167"/><temp name="T1198"/><temp name="T1174"/><temp name="T1193"/><temp name="T1183"/><temp name="T8"/><temp name="T1163"/><temp name="T1178"/></temps><temps name="out"><temp name="T1187"/><temp name="T1167"/><temp name="T1198"/><temp name="T1174"/><temp name="T1193"/><temp name="T1183"/><temp name="T8"/><temp name="T1163"/><temp name="T1178"/></temps></instruction><instruction code="INCMH T1160, 0"><temps name="use"/><temps name="def"><temp name="T1160"/></temps><temps name="in"><temp name="T1187"/><temp name="T1167"/><temp name="T1198"/><temp name="T1174"/><temp name="T1193"/><temp name="T1183"/><temp name="T8"/><temp name="T1163"/><temp name="T1178"/></temps><temps name="out"><temp name="T1187"/><temp name="T1167"/><temp name="T1198"/><temp name="T1174"/><temp name="T1193"/><temp name="T1183"/><temp name="T8"/><temp name="T1163"/><temp name="T1178"/></temps></instruction><instruction code="INCH  T1160, 0"><temps name="use"/><temps name="def"><temp name="T1160"/></temps><temps name="in"><temp name="T1187"/><temp name="T1167"/><temp name="T1198"/><temp name="T1174"/><temp name="T1193"/><temp name="T1183"/><temp name="T8"/><temp name="T1163"/><temp name="T1178"/></temps><temps name="out"><temp name="T1187"/><temp name="T1167"/><temp name="T1198"/><temp name="T1174"/><temp name="T1193"/><temp name="T1183"/><temp name="T8"/><temp name="T1163"/><temp name="T1178"/><temp name="T1160"/></temps></instruction><instruction code="OR T215, T1160, 0"><temps name="use"><temp name="T1160"/></temps><temps name="def"><temp name="T215"/></temps><temps name="in"><temp name="T1187"/><temp name="T1167"/><temp name="T1198"/><temp name="T1174"/><temp name="T1193"/><temp name="T1183"/><temp name="T8"/><temp name="T1163"/><temp name="T1178"/><temp name="T1160"/></temps><temps name="out"><temp name="T215"/><temp name="T1187"/><temp name="T1167"/><temp name="T1198"/><temp name="T1174"/><temp name="T1193"/><temp name="T1183"/><temp name="T8"/><temp name="T1163"/><temp name="T1178"/></temps></instruction><instruction code="LDO T1164, T1163, 0"><temps name="use"><temp name="T1163"/></temps><temps name="def"><temp name="T1164"/></temps><temps name="in"><temp name="T215"/><temp name="T1187"/><temp name="T1167"/><temp name="T1198"/><temp name="T1174"/><temp name="T1193"/><temp name="T1183"/><temp name="T8"/><temp name="T1163"/><temp name="T1178"/></temps><temps name="out"><temp name="T215"/><temp name="T1187"/><temp name="T1167"/><temp name="T1198"/><temp name="T1164"/><temp name="T1174"/><temp name="T1193"/><temp name="T1183"/><temp name="T8"/><temp name="T1178"/></temps></instruction><instruction code="STO T1164, T215, 0"><temps name="use"><temp name="T1164"/><temp name="T215"/></temps><temps name="def"/><temps name="in"><temp name="T215"/><temp name="T1187"/><temp name="T1167"/><temp name="T1198"/><temp name="T1164"/><temp name="T1174"/><temp name="T1193"/><temp name="T1183"/><temp name="T8"/><temp name="T1178"/></temps><temps name="out"><temp name="T1187"/><temp name="T1167"/><temp name="T1198"/><temp name="T1174"/><temp name="T1193"/><temp name="T1183"/><temp name="T8"/><temp name="T1178"/></temps></instruction><instruction code="L26"><temps name="use"/><temps name="def"/><temps name="in"><temp name="T1187"/><temp name="T1167"/><temp name="T1198"/><temp name="T1174"/><temp name="T1193"/><temp name="T1183"/><temp name="T8"/><temp name="T1178"/></temps><temps name="out"><temp name="T1187"/><temp name="T1167"/><temp name="T1198"/><temp name="T1174"/><temp name="T1193"/><temp name="T1183"/><temp name="T8"/><temp name="T1178"/></temps></instruction><instruction code="OR T216, T8, 0"><temps name="use"><temp name="T8"/></temps><temps name="def"><temp name="T216"/></temps><temps name="in"><temp name="T1187"/><temp name="T1167"/><temp name="T1198"/><temp name="T1174"/><temp name="T1193"/><temp name="T1183"/><temp name="T8"/><temp name="T1178"/></temps><temps name="out"><temp name="T1187"/><temp name="T1167"/><temp name="T1198"/><temp name="T1174"/><temp name="T1193"/><temp name="T216"/><temp name="T1183"/><temp name="T8"/><temp name="T1178"/></temps></instruction><instruction code="SETL  T1165, 8"><temps name="use"/><temps name="def"><temp name="T1165"/></temps><temps name="in"><temp name="T1187"/><temp name="T1167"/><temp name="T1198"/><temp name="T1174"/><temp name="T1193"/><temp name="T216"/><temp name="T1183"/><temp name="T8"/><temp name="T1178"/></temps><temps name="out"><temp name="T1187"/><temp name="T1167"/><temp name="T1198"/><temp name="T1174"/><temp name="T1193"/><temp name="T216"/><temp name="T1183"/><temp name="T8"/><temp name="T1178"/></temps></instruction><instruction code="INCML T1165, 0"><temps name="use"/><temps name="def"><temp name="T1165"/></temps><temps name="in"><temp name="T1187"/><temp name="T1167"/><temp name="T1198"/><temp name="T1174"/><temp name="T1193"/><temp name="T216"/><temp name="T1183"/><temp name="T8"/><temp name="T1178"/></temps><temps name="out"><temp name="T1187"/><temp name="T1167"/><temp name="T1198"/><temp name="T1174"/><temp name="T1193"/><temp name="T216"/><temp name="T1183"/><temp name="T8"/><temp name="T1178"/></temps></instruction><instruction code="INCMH T1165, 0"><temps name="use"/><temps name="def"><temp name="T1165"/></temps><temps name="in"><temp name="T1187"/><temp name="T1167"/><temp name="T1198"/><temp name="T1174"/><temp name="T1193"/><temp name="T216"/><temp name="T1183"/><temp name="T8"/><temp name="T1178"/></temps><temps name="out"><temp name="T1187"/><temp name="T1167"/><temp name="T1198"/><temp name="T1174"/><temp name="T1193"/><temp name="T216"/><temp name="T1183"/><temp name="T8"/><temp name="T1178"/></temps></instruction><instruction code="INCH  T1165, 0"><temps name="use"/><temps name="def"><temp name="T1165"/></temps><temps name="in"><temp name="T1187"/><temp name="T1167"/><temp name="T1198"/><temp name="T1174"/><temp name="T1193"/><temp name="T216"/><temp name="T1183"/><temp name="T8"/><temp name="T1178"/></temps><temps name="out"><temp name="T1187"/><temp name="T1167"/><temp name="T1198"/><temp name="T1174"/><temp name="T1165"/><temp name="T1193"/><temp name="T216"/><temp name="T1183"/><temp name="T8"/><temp name="T1178"/></temps></instruction><instruction code="OR T217, T1165, 0"><temps name="use"><temp name="T1165"/></temps><temps name="def"><temp name="T217"/></temps><temps name="in"><temp name="T1187"/><temp name="T1167"/><temp name="T1198"/><temp name="T1174"/><temp name="T1165"/><temp name="T1193"/><temp name="T216"/><temp name="T1183"/><temp name="T8"/><temp name="T1178"/></temps><temps name="out"><temp name="T1187"/><temp name="T217"/><temp name="T1167"/><temp name="T1198"/><temp name="T1174"/><temp name="T1193"/><temp name="T216"/><temp name="T1183"/><temp name="T8"/><temp name="T1178"/></temps></instruction><instruction code="ADD T1166, T216, T217"><temps name="use"><temp name="T216"/><temp name="T217"/></temps><temps name="def"><temp name="T1166"/></temps><temps name="in"><temp name="T1187"/><temp name="T217"/><temp name="T1167"/><temp name="T1198"/><temp name="T1174"/><temp name="T1193"/><temp name="T216"/><temp name="T1183"/><temp name="T8"/><temp name="T1178"/></temps><temps name="out"><temp name="T1166"/><temp name="T1187"/><temp name="T1167"/><temp name="T1198"/><temp name="T1174"/><temp name="T1193"/><temp name="T1183"/><temp name="T8"/><temp name="T1178"/></temps></instruction><instruction code="OR T218, T1166, 0"><temps name="use"><temp name="T1166"/></temps><temps name="def"><temp name="T218"/></temps><temps name="in"><temp name="T1166"/><temp name="T1187"/><temp name="T1167"/><temp name="T1198"/><temp name="T1174"/><temp name="T1193"/><temp name="T1183"/><temp name="T8"/><temp name="T1178"/></temps><temps name="out"><temp name="T1187"/><temp name="T1167"/><temp name="T1198"/><temp name="T1174"/><temp name="T1193"/><temp name="T1183"/><temp name="T8"/><temp name="T1178"/></temps></instruction><instruction code="LDO T1168, T1167, 0"><temps name="use"><temp name="T1167"/></temps><temps name="def"><temp name="T1168"/></temps><temps name="in"><temp name="T1187"/><temp name="T1167"/><temp name="T1198"/><temp name="T1174"/><temp name="T1193"/><temp name="T1183"/><temp name="T8"/><temp name="T1178"/></temps><temps name="out"><temp name="T1168"/><temp name="T1187"/><temp name="T1198"/><temp name="T1167"/><temp name="T1174"/><temp name="T1193"/><temp name="T1183"/><temp name="T8"/><temp name="T1178"/></temps></instruction><instruction code="OR T219, T1168, 0"><temps name="use"><temp name="T1168"/></temps><temps name="def"><temp name="T219"/></temps><temps name="in"><temp name="T1168"/><temp name="T1187"/><temp name="T1198"/><temp name="T1167"/><temp name="T1174"/><temp name="T1193"/><temp name="T1183"/><temp name="T8"/><temp name="T1178"/></temps><temps name="out"><temp name="T219"/><temp name="T1187"/><temp name="T1198"/><temp name="T1167"/><temp name="T1174"/><temp name="T1193"/><temp name="T1183"/><temp name="T8"/><temp name="T1178"/></temps></instruction><instruction code="SETL  T1169, 0"><temps name="use"/><temps name="def"><temp name="T1169"/></temps><temps name="in"><temp name="T219"/><temp name="T1187"/><temp name="T1198"/><temp name="T1167"/><temp name="T1174"/><temp name="T1193"/><temp name="T1183"/><temp name="T8"/><temp name="T1178"/></temps><temps name="out"><temp name="T219"/><temp name="T1187"/><temp name="T1198"/><temp name="T1167"/><temp name="T1174"/><temp name="T1193"/><temp name="T1183"/><temp name="T8"/><temp name="T1178"/></temps></instruction><instruction code="INCML T1169, 0"><temps name="use"/><temps name="def"><temp name="T1169"/></temps><temps name="in"><temp name="T219"/><temp name="T1187"/><temp name="T1198"/><temp name="T1167"/><temp name="T1174"/><temp name="T1193"/><temp name="T1183"/><temp name="T8"/><temp name="T1178"/></temps><temps name="out"><temp name="T219"/><temp name="T1187"/><temp name="T1198"/><temp name="T1167"/><temp name="T1174"/><temp name="T1193"/><temp name="T1183"/><temp name="T8"/><temp name="T1178"/></temps></instruction><instruction code="INCMH T1169, 0"><temps name="use"/><temps name="def"><temp name="T1169"/></temps><temps name="in"><temp name="T219"/><temp name="T1187"/><temp name="T1198"/><temp name="T1167"/><temp name="T1174"/><temp name="T1193"/><temp name="T1183"/><temp name="T8"/><temp name="T1178"/></temps><temps name="out"><temp name="T219"/><temp name="T1187"/><temp name="T1198"/><temp name="T1167"/><temp name="T1174"/><temp name="T1193"/><temp name="T1183"/><temp name="T8"/><temp name="T1178"/></temps></instruction><instruction code="INCH  T1169, 0"><temps name="use"/><temps name="def"><temp name="T1169"/></temps><temps name="in"><temp name="T219"/><temp name="T1187"/><temp name="T1198"/><temp name="T1167"/><temp name="T1174"/><temp name="T1193"/><temp name="T1183"/><temp name="T8"/><temp name="T1178"/></temps><temps name="out"><temp name="T219"/><temp name="T1187"/><temp name="T1198"/><temp name="T1167"/><temp name="T1174"/><temp name="T1193"/><temp name="T1183"/><temp name="T8"/><temp name="T1169"/><temp name="T1178"/></temps></instruction><instruction code="OR T220, T1169, 0"><temps name="use"><temp name="T1169"/></temps><temps name="def"><temp name="T220"/></temps><temps name="in"><temp name="T219"/><temp name="T1187"/><temp name="T1198"/><temp name="T1167"/><temp name="T1174"/><temp name="T1193"/><temp name="T1183"/><temp name="T8"/><temp name="T1169"/><temp name="T1178"/></temps><temps name="out"><temp name="T219"/><temp name="T1187"/><temp name="T1198"/><temp name="T1167"/><temp name="T1174"/><temp name="T1193"/><temp name="T220"/><temp name="T1183"/><temp name="T8"/><temp name="T1178"/></temps></instruction><instruction code="CMP T1170, T219, T220"><temps name="use"><temp name="T219"/><temp name="T220"/></temps><temps name="def"><temp name="T1170"/></temps><temps name="in"><temp name="T219"/><temp name="T1187"/><temp name="T1198"/><temp name="T1167"/><temp name="T1174"/><temp name="T1193"/><temp name="T220"/><temp name="T1183"/><temp name="T8"/><temp name="T1178"/></temps><temps name="out"><temp name="T1187"/><temp name="T1198"/><temp name="T1167"/><temp name="T1170"/><temp name="T1174"/><temp name="T1193"/><temp name="T1183"/><temp name="T8"/><temp name="T1178"/></temps></instruction><instruction code="ZSP T1170, T1170, 1"><temps name="use"><temp name="T1170"/></temps><temps name="def"><temp name="T1170"/></temps><temps name="in"><temp name="T1187"/><temp name="T1198"/><temp name="T1167"/><temp name="T1170"/><temp name="T1174"/><temp name="T1193"/><temp name="T1183"/><temp name="T8"/><temp name="T1178"/></temps><temps name="out"><temp name="T1187"/><temp name="T1198"/><temp name="T1167"/><temp name="T1170"/><temp name="T1174"/><temp name="T1193"/><temp name="T1183"/><temp name="T8"/><temp name="T1178"/></temps></instruction><instruction code="OR T221, T1170, 0"><temps name="use"><temp name="T1170"/></temps><temps name="def"><temp name="T221"/></temps><temps name="in"><temp name="T1187"/><temp name="T1198"/><temp name="T1167"/><temp name="T1170"/><temp name="T1174"/><temp name="T1193"/><temp name="T1183"/><temp name="T8"/><temp name="T1178"/></temps><temps name="out"><temp name="T1187"/><temp name="T221"/><temp name="T1198"/><temp name="T1167"/><temp name="T1174"/><temp name="T1193"/><temp name="T1183"/><temp name="T8"/><temp name="T1178"/></temps></instruction><instruction code="BNZ T221, L27"><temps name="use"><temp name="T221"/></temps><temps name="def"/><temps name="in"><temp name="T1187"/><temp name="T221"/><temp name="T1198"/><temp name="T1167"/><temp name="T1174"/><temp name="T1193"/><temp name="T1183"/><temp name="T8"/><temp name="T1178"/></temps><temps name="out"><temp name="T1187"/><temp name="T1198"/><temp name="T1167"/><temp name="T1174"/><temp name="T1193"/><temp name="T1183"/><temp name="T8"/><temp name="T1178"/></temps></instruction><instruction code="L111"><temps name="use"/><temps name="def"/><temps name="in"><temp name="T1187"/><temp name="T1198"/><temp name="T1167"/><temp name="T1174"/><temp name="T1193"/><temp name="T1183"/><temp name="T8"/><temp name="T1178"/></temps><temps name="out"><temp name="T1187"/><temp name="T1198"/><temp name="T1167"/><temp name="T1174"/><temp name="T1193"/><temp name="T1183"/><temp name="T8"/><temp name="T1178"/></temps></instruction><instruction code="LDA T1171, L28"><temps name="use"/><temps name="def"><temp name="T1171"/></temps><temps name="in"><temp name="T1187"/><temp name="T1198"/><temp name="T1167"/><temp name="T1174"/><temp name="T1193"/><temp name="T1183"/><temp name="T8"/><temp name="T1178"/></temps><temps name="out"><temp name="T1171"/><temp name="T1187"/><temp name="T1198"/><temp name="T1167"/><temp name="T1174"/><temp name="T1193"/><temp name="T1183"/><temp name="T8"/><temp name="T1178"/></temps></instruction><instruction code="GO T1171, T1171, 0"><temps name="use"><temp name="T1171"/></temps><temps name="def"><temp name="T1171"/></temps><temps name="in"><temp name="T1171"/><temp name="T1187"/><temp name="T1198"/><temp name="T1167"/><temp name="T1174"/><temp name="T1193"/><temp name="T1183"/><temp name="T8"/><temp name="T1178"/></temps><temps name="out"><temp name="T1187"/><temp name="T1198"/><temp name="T1167"/><temp name="T1174"/><temp name="T1193"/><temp name="T1183"/><temp name="T8"/><temp name="T1178"/></temps></instruction><instruction code="L27"><temps name="use"/><temps name="def"/><temps name="in"><temp name="T1187"/><temp name="T1167"/><temp name="T1198"/><temp name="T1174"/><temp name="T1193"/><temp name="T1183"/><temp name="T8"/><temp name="T1178"/></temps><temps name="out"><temp name="T1187"/><temp name="T1167"/><temp name="T1198"/><temp name="T1174"/><temp name="T1193"/><temp name="T1183"/><temp name="T8"/><temp name="T1178"/></temps></instruction><instruction code="OR T222, T8, 0"><temps name="use"><temp name="T8"/></temps><temps name="def"><temp name="T222"/></temps><temps name="in"><temp name="T1187"/><temp name="T1167"/><temp name="T1198"/><temp name="T1174"/><temp name="T1193"/><temp name="T1183"/><temp name="T8"/><temp name="T1178"/></temps><temps name="out"><temp name="T1187"/><temp name="T1167"/><temp name="T1198"/><temp name="T222"/><temp name="T1174"/><temp name="T1193"/><temp name="T1183"/><temp name="T8"/><temp name="T1178"/></temps></instruction><instruction code="SETL  T1172, 8"><temps name="use"/><temps name="def"><temp name="T1172"/></temps><temps name="in"><temp name="T1187"/><temp name="T1167"/><temp name="T1198"/><temp name="T222"/><temp name="T1174"/><temp name="T1193"/><temp name="T1183"/><temp name="T8"/><temp name="T1178"/></temps><temps name="out"><temp name="T1187"/><temp name="T1167"/><temp name="T1198"/><temp name="T222"/><temp name="T1174"/><temp name="T1193"/><temp name="T1183"/><temp name="T8"/><temp name="T1178"/></temps></instruction><instruction code="INCML T1172, 0"><temps name="use"/><temps name="def"><temp name="T1172"/></temps><temps name="in"><temp name="T1187"/><temp name="T1167"/><temp name="T1198"/><temp name="T222"/><temp name="T1174"/><temp name="T1193"/><temp name="T1183"/><temp name="T8"/><temp name="T1178"/></temps><temps name="out"><temp name="T1187"/><temp name="T1167"/><temp name="T1198"/><temp name="T222"/><temp name="T1174"/><temp name="T1193"/><temp name="T1183"/><temp name="T8"/><temp name="T1178"/></temps></instruction><instruction code="INCMH T1172, 0"><temps name="use"/><temps name="def"><temp name="T1172"/></temps><temps name="in"><temp name="T1187"/><temp name="T1167"/><temp name="T1198"/><temp name="T222"/><temp name="T1174"/><temp name="T1193"/><temp name="T1183"/><temp name="T8"/><temp name="T1178"/></temps><temps name="out"><temp name="T1187"/><temp name="T1167"/><temp name="T1198"/><temp name="T222"/><temp name="T1174"/><temp name="T1193"/><temp name="T1183"/><temp name="T8"/><temp name="T1178"/></temps></instruction><instruction code="INCH  T1172, 0"><temps name="use"/><temps name="def"><temp name="T1172"/></temps><temps name="in"><temp name="T1187"/><temp name="T1167"/><temp name="T1198"/><temp name="T222"/><temp name="T1174"/><temp name="T1193"/><temp name="T1183"/><temp name="T8"/><temp name="T1178"/></temps><temps name="out"><temp name="T1172"/><temp name="T1187"/><temp name="T1167"/><temp name="T1198"/><temp name="T222"/><temp name="T1174"/><temp name="T1193"/><temp name="T1183"/><temp name="T8"/><temp name="T1178"/></temps></instruction><instruction code="NEG T1172, 0, T1172"><temps name="use"><temp name="T1172"/></temps><temps name="def"><temp name="T1172"/></temps><temps name="in"><temp name="T1172"/><temp name="T1187"/><temp name="T1167"/><temp name="T1198"/><temp name="T222"/><temp name="T1174"/><temp name="T1193"/><temp name="T1183"/><temp name="T8"/><temp name="T1178"/></temps><temps name="out"><temp name="T1172"/><temp name="T1187"/><temp name="T1167"/><temp name="T1198"/><temp name="T222"/><temp name="T1174"/><temp name="T1193"/><temp name="T1183"/><temp name="T8"/><temp name="T1178"/></temps></instruction><instruction code="OR T223, T1172, 0"><temps name="use"><temp name="T1172"/></temps><temps name="def"><temp name="T223"/></temps><temps name="in"><temp name="T1172"/><temp name="T1187"/><temp name="T1167"/><temp name="T1198"/><temp name="T222"/><temp name="T1174"/><temp name="T1193"/><temp name="T1183"/><temp name="T8"/><temp name="T1178"/></temps><temps name="out"><temp name="T223"/><temp name="T1187"/><temp name="T1167"/><temp name="T1198"/><temp name="T222"/><temp name="T1174"/><temp name="T1193"/><temp name="T1183"/><temp name="T8"/><temp name="T1178"/></temps></instruction><instruction code="ADD T1173, T222, T223"><temps name="use"><temp name="T222"/><temp name="T223"/></temps><temps name="def"><temp name="T1173"/></temps><temps name="in"><temp name="T223"/><temp name="T1187"/><temp name="T1167"/><temp name="T1198"/><temp name="T222"/><temp name="T1174"/><temp name="T1193"/><temp name="T1183"/><temp name="T8"/><temp name="T1178"/></temps><temps name="out"><temp name="T1187"/><temp name="T1167"/><temp name="T1198"/><temp name="T1174"/><temp name="T1173"/><temp name="T1193"/><temp name="T1183"/><temp name="T8"/><temp name="T1178"/></temps></instruction><instruction code="OR T224, T1173, 0"><temps name="use"><temp name="T1173"/></temps><temps name="def"><temp name="T224"/></temps><temps name="in"><temp name="T1187"/><temp name="T1167"/><temp name="T1198"/><temp name="T1174"/><temp name="T1173"/><temp name="T1193"/><temp name="T1183"/><temp name="T8"/><temp name="T1178"/></temps><temps name="out"><temp name="T1187"/><temp name="T1167"/><temp name="T1198"/><temp name="T1174"/><temp name="T1193"/><temp name="T1183"/><temp name="T8"/><temp name="T1178"/></temps></instruction><instruction code="LDO T1175, T1174, 0"><temps name="use"><temp name="T1174"/></temps><temps name="def"><temp name="T1175"/></temps><temps name="in"><temp name="T1187"/><temp name="T1167"/><temp name="T1198"/><temp name="T1174"/><temp name="T1193"/><temp name="T1183"/><temp name="T8"/><temp name="T1178"/></temps><temps name="out"><temp name="T1187"/><temp name="T1167"/><temp name="T1198"/><temp name="T1175"/><temp name="T1174"/><temp name="T1193"/><temp name="T1183"/><temp name="T8"/><temp name="T1178"/></temps></instruction><instruction code="OR T225, T1175, 0"><temps name="use"><temp name="T1175"/></temps><temps name="def"><temp name="T225"/></temps><temps name="in"><temp name="T1187"/><temp name="T1167"/><temp name="T1198"/><temp name="T1175"/><temp name="T1174"/><temp name="T1193"/><temp name="T1183"/><temp name="T8"/><temp name="T1178"/></temps><temps name="out"><temp name="T1187"/><temp name="T1167"/><temp name="T1198"/><temp name="T1174"/><temp name="T1193"/><temp name="T1183"/><temp name="T8"/><temp name="T1178"/><temp name="T225"/></temps></instruction><instruction code="OR T226, T8, 0"><temps name="use"><temp name="T8"/></temps><temps name="def"><temp name="T226"/></temps><temps name="in"><temp name="T1187"/><temp name="T1167"/><temp name="T1198"/><temp name="T1174"/><temp name="T1193"/><temp name="T1183"/><temp name="T8"/><temp name="T1178"/><temp name="T225"/></temps><temps name="out"><temp name="T1187"/><temp name="T1167"/><temp name="T1198"/><temp name="T226"/><temp name="T1174"/><temp name="T1193"/><temp name="T1183"/><temp name="T8"/><temp name="T1178"/><temp name="T225"/></temps></instruction><instruction code="SETL  T1176, 8"><temps name="use"/><temps name="def"><temp name="T1176"/></temps><temps name="in"><temp name="T1187"/><temp name="T1167"/><temp name="T1198"/><temp name="T226"/><temp name="T1174"/><temp name="T1193"/><temp name="T1183"/><temp name="T8"/><temp name="T1178"/><temp name="T225"/></temps><temps name="out"><temp name="T1187"/><temp name="T1167"/><temp name="T1198"/><temp name="T226"/><temp name="T1174"/><temp name="T1193"/><temp name="T1183"/><temp name="T8"/><temp name="T1178"/><temp name="T225"/></temps></instruction><instruction code="INCML T1176, 0"><temps name="use"/><temps name="def"><temp name="T1176"/></temps><temps name="in"><temp name="T1187"/><temp name="T1167"/><temp name="T1198"/><temp name="T226"/><temp name="T1174"/><temp name="T1193"/><temp name="T1183"/><temp name="T8"/><temp name="T1178"/><temp name="T225"/></temps><temps name="out"><temp name="T1187"/><temp name="T1167"/><temp name="T1198"/><temp name="T226"/><temp name="T1174"/><temp name="T1193"/><temp name="T1183"/><temp name="T8"/><temp name="T1178"/><temp name="T225"/></temps></instruction><instruction code="INCMH T1176, 0"><temps name="use"/><temps name="def"><temp name="T1176"/></temps><temps name="in"><temp name="T1187"/><temp name="T1167"/><temp name="T1198"/><temp name="T226"/><temp name="T1174"/><temp name="T1193"/><temp name="T1183"/><temp name="T8"/><temp name="T1178"/><temp name="T225"/></temps><temps name="out"><temp name="T1187"/><temp name="T1167"/><temp name="T1198"/><temp name="T226"/><temp name="T1174"/><temp name="T1193"/><temp name="T1183"/><temp name="T8"/><temp name="T1178"/><temp name="T225"/></temps></instruction><instruction code="INCH  T1176, 0"><temps name="use"/><temps name="def"><temp name="T1176"/></temps><temps name="in"><temp name="T1187"/><temp name="T1167"/><temp name="T1198"/><temp name="T226"/><temp name="T1174"/><temp name="T1193"/><temp name="T1183"/><temp name="T8"/><temp name="T1178"/><temp name="T225"/></temps><temps name="out"><temp name="T1187"/><temp name="T1167"/><temp name="T1198"/><temp name="T1176"/><temp name="T226"/><temp name="T1174"/><temp name="T1193"/><temp name="T1183"/><temp name="T8"/><temp name="T1178"/><temp name="T225"/></temps></instruction><instruction code="OR T227, T1176, 0"><temps name="use"><temp name="T1176"/></temps><temps name="def"><temp name="T227"/></temps><temps name="in"><temp name="T1187"/><temp name="T1167"/><temp name="T1198"/><temp name="T1176"/><temp name="T226"/><temp name="T1174"/><temp name="T1193"/><temp name="T1183"/><temp name="T8"/><temp name="T1178"/><temp name="T225"/></temps><temps name="out"><temp name="T1187"/><temp name="T1167"/><temp name="T1198"/><temp name="T226"/><temp name="T1174"/><temp name="T1193"/><temp name="T227"/><temp name="T1183"/><temp name="T8"/><temp name="T1178"/><temp name="T225"/></temps></instruction><instruction code="ADD T1177, T226, T227"><temps name="use"><temp name="T226"/><temp name="T227"/></temps><temps name="def"><temp name="T1177"/></temps><temps name="in"><temp name="T1187"/><temp name="T1167"/><temp name="T1198"/><temp name="T226"/><temp name="T1174"/><temp name="T1193"/><temp name="T227"/><temp name="T1183"/><temp name="T8"/><temp name="T1178"/><temp name="T225"/></temps><temps name="out"><temp name="T1177"/><temp name="T1187"/><temp name="T1167"/><temp name="T1198"/><temp name="T1174"/><temp name="T1193"/><temp name="T1183"/><temp name="T8"/><temp name="T1178"/><temp name="T225"/></temps></instruction><instruction code="OR T228, T1177, 0"><temps name="use"><temp name="T1177"/></temps><temps name="def"><temp name="T228"/></temps><temps name="in"><temp name="T1177"/><temp name="T1187"/><temp name="T1167"/><temp name="T1198"/><temp name="T1174"/><temp name="T1193"/><temp name="T1183"/><temp name="T8"/><temp name="T1178"/><temp name="T225"/></temps><temps name="out"><temp name="T1187"/><temp name="T1167"/><temp name="T1198"/><temp name="T1174"/><temp name="T1193"/><temp name="T1183"/><temp name="T8"/><temp name="T1178"/><temp name="T225"/></temps></instruction><instruction code="LDO T1179, T1178, 0"><temps name="use"><temp name="T1178"/></temps><temps name="def"><temp name="T1179"/></temps><temps name="in"><temp name="T1187"/><temp name="T1167"/><temp name="T1198"/><temp name="T1174"/><temp name="T1193"/><temp name="T1183"/><temp name="T8"/><temp name="T1178"/><temp name="T225"/></temps><temps name="out"><temp name="T1179"/><temp name="T1187"/><temp name="T1167"/><temp name="T1198"/><temp name="T1174"/><temp name="T1193"/><temp name="T1183"/><temp name="T8"/><temp name="T1178"/><temp name="T225"/></temps></instruction><instruction code="OR T229, T1179, 0"><temps name="use"><temp name="T1179"/></temps><temps name="def"><temp name="T229"/></temps><temps name="in"><temp name="T1179"/><temp name="T1187"/><temp name="T1167"/><temp name="T1198"/><temp name="T1174"/><temp name="T1193"/><temp name="T1183"/><temp name="T8"/><temp name="T1178"/><temp name="T225"/></temps><temps name="out"><temp name="T1187"/><temp name="T1167"/><temp name="T1198"/><temp name="T1174"/><temp name="T1193"/><temp name="T229"/><temp name="T1183"/><temp name="T8"/><temp name="T1178"/><temp name="T225"/></temps></instruction><instruction code="MUL T1180, T225, T229"><temps name="use"><temp name="T225"/><temp name="T229"/></temps><temps name="def"><temp name="T1180"/></temps><temps name="in"><temp name="T1187"/><temp name="T1167"/><temp name="T1198"/><temp name="T1174"/><temp name="T1193"/><temp name="T229"/><temp name="T1183"/><temp name="T8"/><temp name="T1178"/><temp name="T225"/></temps><temps name="out"><temp name="T1180"/><temp name="T1187"/><temp name="T1167"/><temp name="T1198"/><temp name="T1174"/><temp name="T1193"/><temp name="T1183"/><temp name="T8"/><temp name="T1178"/></temps></instruction><instruction code="OR T230, T1180, 0"><temps name="use"><temp name="T1180"/></temps><temps name="def"><temp name="T230"/></temps><temps name="in"><temp name="T1180"/><temp name="T1187"/><temp name="T1167"/><temp name="T1198"/><temp name="T1174"/><temp name="T1193"/><temp name="T1183"/><temp name="T8"/><temp name="T1178"/></temps><temps name="out"><temp name="T1187"/><temp name="T1167"/><temp name="T1198"/><temp name="T1174"/><temp name="T1193"/><temp name="T1183"/><temp name="T8"/><temp name="T1178"/><temp name="T230"/></temps></instruction><instruction code="LDO T1184, T1183, 0"><temps name="use"><temp name="T1183"/></temps><temps name="def"><temp name="T1184"/></temps><temps name="in"><temp name="T1187"/><temp name="T1167"/><temp name="T1198"/><temp name="T1174"/><temp name="T1193"/><temp name="T1183"/><temp name="T8"/><temp name="T1178"/><temp name="T230"/></temps><temps name="out"><temp name="T1187"/><temp name="T1167"/><temp name="T1198"/><temp name="T1184"/><temp name="T1174"/><temp name="T1193"/><temp name="T1183"/><temp name="T8"/><temp name="T1178"/><temp name="T230"/></temps></instruction><instruction code="STO T1184, T230, 0"><temps name="use"><temp name="T1184"/><temp name="T230"/></temps><temps name="def"/><temps name="in"><temp name="T1187"/><temp name="T1167"/><temp name="T1198"/><temp name="T1184"/><temp name="T1174"/><temp name="T1193"/><temp name="T1183"/><temp name="T8"/><temp name="T1178"/><temp name="T230"/></temps><temps name="out"><temp name="T1187"/><temp name="T1167"/><temp name="T1198"/><temp name="T1174"/><temp name="T1193"/><temp name="T1183"/><temp name="T8"/><temp name="T1178"/></temps></instruction><instruction code="OR T231, T8, 0"><temps name="use"><temp name="T8"/></temps><temps name="def"><temp name="T231"/></temps><temps name="in"><temp name="T1187"/><temp name="T1167"/><temp name="T1198"/><temp name="T1174"/><temp name="T1193"/><temp name="T1183"/><temp name="T8"/><temp name="T1178"/></temps><temps name="out"><temp name="T1187"/><temp name="T1167"/><temp name="T1198"/><temp name="T1174"/><temp name="T1193"/><temp name="T1183"/><temp name="T8"/><temp name="T1178"/><temp name="T231"/></temps></instruction><instruction code="SETL  T1185, 8"><temps name="use"/><temps name="def"><temp name="T1185"/></temps><temps name="in"><temp name="T1187"/><temp name="T1167"/><temp name="T1198"/><temp name="T1174"/><temp name="T1193"/><temp name="T1183"/><temp name="T8"/><temp name="T1178"/><temp name="T231"/></temps><temps name="out"><temp name="T1187"/><temp name="T1167"/><temp name="T1198"/><temp name="T1174"/><temp name="T1193"/><temp name="T1183"/><temp name="T8"/><temp name="T1178"/><temp name="T231"/></temps></instruction><instruction code="INCML T1185, 0"><temps name="use"/><temps name="def"><temp name="T1185"/></temps><temps name="in"><temp name="T1187"/><temp name="T1167"/><temp name="T1198"/><temp name="T1174"/><temp name="T1193"/><temp name="T1183"/><temp name="T8"/><temp name="T1178"/><temp name="T231"/></temps><temps name="out"><temp name="T1187"/><temp name="T1167"/><temp name="T1198"/><temp name="T1174"/><temp name="T1193"/><temp name="T1183"/><temp name="T8"/><temp name="T1178"/><temp name="T231"/></temps></instruction><instruction code="INCMH T1185, 0"><temps name="use"/><temps name="def"><temp name="T1185"/></temps><temps name="in"><temp name="T1187"/><temp name="T1167"/><temp name="T1198"/><temp name="T1174"/><temp name="T1193"/><temp name="T1183"/><temp name="T8"/><temp name="T1178"/><temp name="T231"/></temps><temps name="out"><temp name="T1187"/><temp name="T1167"/><temp name="T1198"/><temp name="T1174"/><temp name="T1193"/><temp name="T1183"/><temp name="T8"/><temp name="T1178"/><temp name="T231"/></temps></instruction><instruction code="INCH  T1185, 0"><temps name="use"/><temps name="def"><temp name="T1185"/></temps><temps name="in"><temp name="T1187"/><temp name="T1167"/><temp name="T1198"/><temp name="T1174"/><temp name="T1193"/><temp name="T1183"/><temp name="T8"/><temp name="T1178"/><temp name="T231"/></temps><temps name="out"><temp name="T1187"/><temp name="T1167"/><temp name="T1198"/><temp name="T1174"/><temp name="T1185"/><temp name="T1193"/><temp name="T1183"/><temp name="T8"/><temp name="T1178"/><temp name="T231"/></temps></instruction><instruction code="OR T232, T1185, 0"><temps name="use"><temp name="T1185"/></temps><temps name="def"><temp name="T232"/></temps><temps name="in"><temp name="T1187"/><temp name="T1167"/><temp name="T1198"/><temp name="T1174"/><temp name="T1185"/><temp name="T1193"/><temp name="T1183"/><temp name="T8"/><temp name="T1178"/><temp name="T231"/></temps><temps name="out"><temp name="T232"/><temp name="T1187"/><temp name="T1167"/><temp name="T1198"/><temp name="T1174"/><temp name="T1193"/><temp name="T1183"/><temp name="T8"/><temp name="T1178"/><temp name="T231"/></temps></instruction><instruction code="ADD T1186, T231, T232"><temps name="use"><temp name="T231"/><temp name="T232"/></temps><temps name="def"><temp name="T1186"/></temps><temps name="in"><temp name="T232"/><temp name="T1187"/><temp name="T1167"/><temp name="T1198"/><temp name="T1174"/><temp name="T1193"/><temp name="T1183"/><temp name="T8"/><temp name="T1178"/><temp name="T231"/></temps><temps name="out"><temp name="T1187"/><temp name="T1167"/><temp name="T1198"/><temp name="T1186"/><temp name="T1174"/><temp name="T1193"/><temp name="T1183"/><temp name="T8"/><temp name="T1178"/></temps></instruction><instruction code="OR T233, T1186, 0"><temps name="use"><temp name="T1186"/></temps><temps name="def"><temp name="T233"/></temps><temps name="in"><temp name="T1187"/><temp name="T1167"/><temp name="T1198"/><temp name="T1186"/><temp name="T1174"/><temp name="T1193"/><temp name="T1183"/><temp name="T8"/><temp name="T1178"/></temps><temps name="out"><temp name="T1187"/><temp name="T1167"/><temp name="T1198"/><temp name="T1174"/><temp name="T1193"/><temp name="T1183"/><temp name="T8"/><temp name="T1178"/></temps></instruction><instruction code="LDO T1188, T1187, 0"><temps name="use"><temp name="T1187"/></temps><temps name="def"><temp name="T1188"/></temps><temps name="in"><temp name="T1187"/><temp name="T1167"/><temp name="T1198"/><temp name="T1174"/><temp name="T1193"/><temp name="T1183"/><temp name="T8"/><temp name="T1178"/></temps><temps name="out"><temp name="T1187"/><temp name="T1167"/><temp name="T1198"/><temp name="T1174"/><temp name="T1193"/><temp name="T1183"/><temp name="T8"/><temp name="T1188"/><temp name="T1178"/></temps></instruction><instruction code="OR T234, T1188, 0"><temps name="use"><temp name="T1188"/></temps><temps name="def"><temp name="T234"/></temps><temps name="in"><temp name="T1187"/><temp name="T1167"/><temp name="T1198"/><temp name="T1174"/><temp name="T1193"/><temp name="T1183"/><temp name="T8"/><temp name="T1188"/><temp name="T1178"/></temps><temps name="out"><temp name="T234"/><temp name="T1187"/><temp name="T1167"/><temp name="T1198"/><temp name="T1174"/><temp name="T1193"/><temp name="T1183"/><temp name="T8"/><temp name="T1178"/></temps></instruction><instruction code="SETL  T1189, 1"><temps name="use"/><temps name="def"><temp name="T1189"/></temps><temps name="in"><temp name="T234"/><temp name="T1187"/><temp name="T1167"/><temp name="T1198"/><temp name="T1174"/><temp name="T1193"/><temp name="T1183"/><temp name="T8"/><temp name="T1178"/></temps><temps name="out"><temp name="T234"/><temp name="T1187"/><temp name="T1167"/><temp name="T1198"/><temp name="T1174"/><temp name="T1193"/><temp name="T1183"/><temp name="T8"/><temp name="T1178"/></temps></instruction><instruction code="INCML T1189, 0"><temps name="use"/><temps name="def"><temp name="T1189"/></temps><temps name="in"><temp name="T234"/><temp name="T1187"/><temp name="T1167"/><temp name="T1198"/><temp name="T1174"/><temp name="T1193"/><temp name="T1183"/><temp name="T8"/><temp name="T1178"/></temps><temps name="out"><temp name="T234"/><temp name="T1187"/><temp name="T1167"/><temp name="T1198"/><temp name="T1174"/><temp name="T1193"/><temp name="T1183"/><temp name="T8"/><temp name="T1178"/></temps></instruction><instruction code="INCMH T1189, 0"><temps name="use"/><temps name="def"><temp name="T1189"/></temps><temps name="in"><temp name="T234"/><temp name="T1187"/><temp name="T1167"/><temp name="T1198"/><temp name="T1174"/><temp name="T1193"/><temp name="T1183"/><temp name="T8"/><temp name="T1178"/></temps><temps name="out"><temp name="T234"/><temp name="T1187"/><temp name="T1167"/><temp name="T1198"/><temp name="T1174"/><temp name="T1193"/><temp name="T1183"/><temp name="T8"/><temp name="T1178"/></temps></instruction><instruction code="INCH  T1189, 0"><temps name="use"/><temps name="def"><temp name="T1189"/></temps><temps name="in"><temp name="T234"/><temp name="T1187"/><temp name="T1167"/><temp name="T1198"/><temp name="T1174"/><temp name="T1193"/><temp name="T1183"/><temp name="T8"/><temp name="T1178"/></temps><temps name="out"><temp name="T234"/><temp name="T1187"/><temp name="T1167"/><temp name="T1198"/><temp name="T1174"/><temp name="T1189"/><temp name="T1193"/><temp name="T1183"/><temp name="T8"/><temp name="T1178"/></temps></instruction><instruction code="OR T235, T1189, 0"><temps name="use"><temp name="T1189"/></temps><temps name="def"><temp name="T235"/></temps><temps name="in"><temp name="T234"/><temp name="T1187"/><temp name="T1167"/><temp name="T1198"/><temp name="T1174"/><temp name="T1189"/><temp name="T1193"/><temp name="T1183"/><temp name="T8"/><temp name="T1178"/></temps><temps name="out"><temp name="T234"/><temp name="T1187"/><temp name="T1167"/><temp name="T1198"/><temp name="T1174"/><temp name="T1193"/><temp name="T1183"/><temp name="T8"/><temp name="T1178"/><temp name="T235"/></temps></instruction><instruction code="SUB T1190, T234, T235"><temps name="use"><temp name="T234"/><temp name="T235"/></temps><temps name="def"><temp name="T1190"/></temps><temps name="in"><temp name="T234"/><temp name="T1187"/><temp name="T1167"/><temp name="T1198"/><temp name="T1174"/><temp name="T1193"/><temp name="T1183"/><temp name="T8"/><temp name="T1178"/><temp name="T235"/></temps><temps name="out"><temp name="T1187"/><temp name="T1167"/><temp name="T1198"/><temp name="T1174"/><temp name="T1193"/><temp name="T1190"/><temp name="T1183"/><temp name="T8"/><temp name="T1178"/></temps></instruction><instruction code="OR T236, T1190, 0"><temps name="use"><temp name="T1190"/></temps><temps name="def"><temp name="T236"/></temps><temps name="in"><temp name="T1187"/><temp name="T1167"/><temp name="T1198"/><temp name="T1174"/><temp name="T1193"/><temp name="T1190"/><temp name="T1183"/><temp name="T8"/><temp name="T1178"/></temps><temps name="out"><temp name="T1187"/><temp name="T236"/><temp name="T1167"/><temp name="T1198"/><temp name="T1174"/><temp name="T1193"/><temp name="T1183"/><temp name="T8"/><temp name="T1178"/></temps></instruction><instruction code="LDO T1194, T1193, 0"><temps name="use"><temp name="T1193"/></temps><temps name="def"><temp name="T1194"/></temps><temps name="in"><temp name="T1187"/><temp name="T236"/><temp name="T1167"/><temp name="T1198"/><temp name="T1174"/><temp name="T1193"/><temp name="T1183"/><temp name="T8"/><temp name="T1178"/></temps><temps name="out"><temp name="T1187"/><temp name="T236"/><temp name="T1167"/><temp name="T1198"/><temp name="T1174"/><temp name="T1193"/><temp name="T1183"/><temp name="T8"/><temp name="T1194"/><temp name="T1178"/></temps></instruction><instruction code="STO T1194, T236, 0"><temps name="use"><temp name="T1194"/><temp name="T236"/></temps><temps name="def"/><temps name="in"><temp name="T1187"/><temp name="T236"/><temp name="T1167"/><temp name="T1198"/><temp name="T1174"/><temp name="T1193"/><temp name="T1183"/><temp name="T8"/><temp name="T1194"/><temp name="T1178"/></temps><temps name="out"><temp name="T1187"/><temp name="T1167"/><temp name="T1198"/><temp name="T1174"/><temp name="T1193"/><temp name="T1183"/><temp name="T8"/><temp name="T1178"/></temps></instruction><instruction code="LDA T1195, L26"><temps name="use"/><temps name="def"><temp name="T1195"/></temps><temps name="in"><temp name="T1187"/><temp name="T1167"/><temp name="T1198"/><temp name="T1174"/><temp name="T1193"/><temp name="T1183"/><temp name="T8"/><temp name="T1178"/></temps><temps name="out"><temp name="T1187"/><temp name="T1167"/><temp name="T1198"/><temp name="T1174"/><temp name="T1193"/><temp name="T1195"/><temp name="T1183"/><temp name="T8"/><temp name="T1178"/></temps></instruction><instruction code="GO T1195, T1195, 0"><temps name="use"><temp name="T1195"/></temps><temps name="def"><temp name="T1195"/></temps><temps name="in"><temp name="T1187"/><temp name="T1167"/><temp name="T1198"/><temp name="T1174"/><temp name="T1193"/><temp name="T1195"/><temp name="T1183"/><temp name="T8"/><temp name="T1178"/></temps><temps name="out"><temp name="T1187"/><temp name="T1167"/><temp name="T1198"/><temp name="T1174"/><temp name="T1193"/><temp name="T1183"/><temp name="T8"/><temp name="T1178"/></temps></instruction><instruction code="L28"><temps name="use"/><temps name="def"/><temps name="in"><temp name="T1198"/><temp name="T8"/></temps><temps name="out"><temp name="T1198"/><temp name="T8"/></temps></instruction><instruction code="OR T237, T8, 0"><temps name="use"><temp name="T8"/></temps><temps name="def"><temp name="T237"/></temps><temps name="in"><temp name="T1198"/><temp name="T8"/></temps><temps name="out"><temp name="T1198"/><temp name="T237"/></temps></instruction><instruction code="SETL  T1196, 8"><temps name="use"/><temps name="def"><temp name="T1196"/></temps><temps name="in"><temp name="T1198"/><temp name="T237"/></temps><temps name="out"><temp name="T1198"/><temp name="T237"/></temps></instruction><instruction code="INCML T1196, 0"><temps name="use"/><temps name="def"><temp name="T1196"/></temps><temps name="in"><temp name="T1198"/><temp name="T237"/></temps><temps name="out"><temp name="T1198"/><temp name="T237"/></temps></instruction><instruction code="INCMH T1196, 0"><temps name="use"/><temps name="def"><temp name="T1196"/></temps><temps name="in"><temp name="T1198"/><temp name="T237"/></temps><temps name="out"><temp name="T1198"/><temp name="T237"/></temps></instruction><instruction code="INCH  T1196, 0"><temps name="use"/><temps name="def"><temp name="T1196"/></temps><temps name="in"><temp name="T1198"/><temp name="T237"/></temps><temps name="out"><temp name="T1198"/><temp name="T1196"/><temp name="T237"/></temps></instruction><instruction code="NEG T1196, 0, T1196"><temps name="use"><temp name="T1196"/></temps><temps name="def"><temp name="T1196"/></temps><temps name="in"><temp name="T1198"/><temp name="T1196"/><temp name="T237"/></temps><temps name="out"><temp name="T1198"/><temp name="T1196"/><temp name="T237"/></temps></instruction><instruction code="OR T238, T1196, 0"><temps name="use"><temp name="T1196"/></temps><temps name="def"><temp name="T238"/></temps><temps name="in"><temp name="T1198"/><temp name="T1196"/><temp name="T237"/></temps><temps name="out"><temp name="T1198"/><temp name="T238"/><temp name="T237"/></temps></instruction><instruction code="ADD T1197, T237, T238"><temps name="use"><temp name="T237"/><temp name="T238"/></temps><temps name="def"><temp name="T1197"/></temps><temps name="in"><temp name="T1198"/><temp name="T238"/><temp name="T237"/></temps><temps name="out"><temp name="T1198"/><temp name="T1197"/></temps></instruction><instruction code="OR T239, T1197, 0"><temps name="use"><temp name="T1197"/></temps><temps name="def"><temp name="T239"/></temps><temps name="in"><temp name="T1198"/><temp name="T1197"/></temps><temps name="out"><temp name="T1198"/></temps></instruction><instruction code="LDO T1199, T1198, 0"><temps name="use"><temp name="T1198"/></temps><temps name="def"><temp name="T1199"/></temps><temps name="in"><temp name="T1198"/></temps><temps name="out"><temp name="T1199"/></temps></instruction><instruction code="OR T240, T1199, 0"><temps name="use"><temp name="T1199"/></temps><temps name="def"><temp name="T240"/></temps><temps name="in"><temp name="T1199"/></temps><temps name="out"><temp name="T240"/></temps></instruction><instruction code="OR T9, T240, 0"><temps name="use"><temp name="T240"/></temps><temps name="def"><temp name="T9"/></temps><temps name="in"><temp name="T240"/></temps><temps name="out"/></instruction><instruction code="LDA T1200, L113"><temps name="use"/><temps name="def"><temp name="T1200"/></temps><temps name="in"/><temps name="out"><temp name="T1200"/></temps></instruction><instruction code="GO T1200, T1200, 0"><temps name="use"><temp name="T1200"/></temps><temps name="def"><temp name="T1200"/></temps><temps name="in"><temp name="T1200"/></temps><temps name="out"/></instruction></instructions></code><code entrylabel="L115" exitlabel="L116" tempsize="0"><frame FP="T10" RV="T11" argssize="16" depth="1" label="_facRec" locssize="8" size="40"/><instructions><instruction code="L115"><temps name="use"/><temps name="def"/><temps name="in"><temp name="T10"/><temp name="T1221"/><temp name="T1226"/><temp name="T1211"/><temp name="T1203"/><temp name="T1230"/><temp name="T1234"/><temp name="T1216"/></temps><temps name="out"><temp name="T10"/><temp name="T1221"/><temp name="T1226"/><temp name="T1211"/><temp name="T1203"/><temp name="T1230"/><temp name="T1234"/><temp name="T1216"/></temps></instruction><instruction code="OR T241, T10, 0"><temps name="use"><temp name="T10"/></temps><temps name="def"><temp name="T241"/></temps><temps name="in"><temp name="T10"/><temp name="T1221"/><temp name="T1226"/><temp name="T1211"/><temp name="T1203"/><temp name="T1230"/><temp name="T1234"/><temp name="T1216"/></temps><temps name="out"><temp name="T10"/><temp name="T1221"/><temp name="T1226"/><temp name="T1211"/><temp name="T241"/><temp name="T1203"/><temp name="T1230"/><temp name="T1234"/><temp name="T1216"/></temps></instruction><instruction code="SETL  T1201, 8"><temps name="use"/><temps name="def"><temp name="T1201"/></temps><temps name="in"><temp name="T10"/><temp name="T1221"/><temp name="T1226"/><temp name="T1211"/><temp name="T241"/><temp name="T1203"/><temp name="T1230"/><temp name="T1234"/><temp name="T1216"/></temps><temps name="out"><temp name="T10"/><temp name="T1221"/><temp name="T1226"/><temp name="T1211"/><temp name="T241"/><temp name="T1203"/><temp name="T1230"/><temp name="T1234"/><temp name="T1216"/></temps></instruction><instruction code="INCML T1201, 0"><temps name="use"/><temps name="def"><temp name="T1201"/></temps><temps name="in"><temp name="T10"/><temp name="T1221"/><temp name="T1226"/><temp name="T1211"/><temp name="T241"/><temp name="T1203"/><temp name="T1230"/><temp name="T1234"/><temp name="T1216"/></temps><temps name="out"><temp name="T10"/><temp name="T1221"/><temp name="T1226"/><temp name="T1211"/><temp name="T241"/><temp name="T1203"/><temp name="T1230"/><temp name="T1234"/><temp name="T1216"/></temps></instruction><instruction code="INCMH T1201, 0"><temps name="use"/><temps name="def"><temp name="T1201"/></temps><temps name="in"><temp name="T10"/><temp name="T1221"/><temp name="T1226"/><temp name="T1211"/><temp name="T241"/><temp name="T1203"/><temp name="T1230"/><temp name="T1234"/><temp name="T1216"/></temps><temps name="out"><temp name="T10"/><temp name="T1221"/><temp name="T1226"/><temp name="T1211"/><temp name="T241"/><temp name="T1203"/><temp name="T1230"/><temp name="T1234"/><temp name="T1216"/></temps></instruction><instruction code="INCH  T1201, 0"><temps name="use"/><temps name="def"><temp name="T1201"/></temps><temps name="in"><temp name="T10"/><temp name="T1221"/><temp name="T1226"/><temp name="T1211"/><temp name="T241"/><temp name="T1203"/><temp name="T1230"/><temp name="T1234"/><temp name="T1216"/></temps><temps name="out"><temp name="T10"/><temp name="T1221"/><temp name="T1226"/><temp name="T1211"/><temp name="T241"/><temp name="T1203"/><temp name="T1201"/><temp name="T1230"/><temp name="T1234"/><temp name="T1216"/></temps></instruction><instruction code="OR T242, T1201, 0"><temps name="use"><temp name="T1201"/></temps><temps name="def"><temp name="T242"/></temps><temps name="in"><temp name="T10"/><temp name="T1221"/><temp name="T1226"/><temp name="T1211"/><temp name="T241"/><temp name="T1203"/><temp name="T1201"/><temp name="T1230"/><temp name="T1234"/><temp name="T1216"/></temps><temps name="out"><temp name="T10"/><temp name="T1221"/><temp name="T1226"/><temp name="T1211"/><temp name="T241"/><temp name="T1203"/><temp name="T1230"/><temp name="T242"/><temp name="T1234"/><temp name="T1216"/></temps></instruction><instruction code="ADD T1202, T241, T242"><temps name="use"><temp name="T241"/><temp name="T242"/></temps><temps name="def"><temp name="T1202"/></temps><temps name="in"><temp name="T10"/><temp name="T1221"/><temp name="T1226"/><temp name="T1211"/><temp name="T241"/><temp name="T1203"/><temp name="T1230"/><temp name="T242"/><temp name="T1234"/><temp name="T1216"/></temps><temps name="out"><temp name="T10"/><temp name="T1221"/><temp name="T1226"/><temp name="T1211"/><temp name="T1203"/><temp name="T1230"/><temp name="T1234"/><temp name="T1202"/><temp name="T1216"/></temps></instruction><instruction code="OR T243, T1202, 0"><temps name="use"><temp name="T1202"/></temps><temps name="def"><temp name="T243"/></temps><temps name="in"><temp name="T10"/><temp name="T1221"/><temp name="T1226"/><temp name="T1211"/><temp name="T1203"/><temp name="T1230"/><temp name="T1234"/><temp name="T1202"/><temp name="T1216"/></temps><temps name="out"><temp name="T10"/><temp name="T1221"/><temp name="T1226"/><temp name="T1211"/><temp name="T1203"/><temp name="T1230"/><temp name="T1234"/><temp name="T1216"/></temps></instruction><instruction code="LDO T1204, T1203, 0"><temps name="use"><temp name="T1203"/></temps><temps name="def"><temp name="T1204"/></temps><temps name="in"><temp name="T10"/><temp name="T1221"/><temp name="T1226"/><temp name="T1211"/><temp name="T1203"/><temp name="T1230"/><temp name="T1234"/><temp name="T1216"/></temps><temps name="out"><temp name="T10"/><temp name="T1221"/><temp name="T1226"/><temp name="T1204"/><temp name="T1211"/><temp name="T1230"/><temp name="T1234"/><temp name="T1216"/></temps></instruction><instruction code="OR T244, T1204, 0"><temps name="use"><temp name="T1204"/></temps><temps name="def"><temp name="T244"/></temps><temps name="in"><temp name="T10"/><temp name="T1221"/><temp name="T1226"/><temp name="T1204"/><temp name="T1211"/><temp name="T1230"/><temp name="T1234"/><temp name="T1216"/></temps><temps name="out"><temp name="T10"/><temp name="T244"/><temp name="T1221"/><temp name="T1226"/><temp name="T1211"/><temp name="T1230"/><temp name="T1234"/><temp name="T1216"/></temps></instruction><instruction code="SETL  T1205, 1"><temps name="use"/><temps name="def"><temp name="T1205"/></temps><temps name="in"><temp name="T10"/><temp name="T244"/><temp name="T1221"/><temp name="T1226"/><temp name="T1211"/><temp name="T1230"/><temp name="T1234"/><temp name="T1216"/></temps><temps name="out"><temp name="T10"/><temp name="T244"/><temp name="T1221"/><temp name="T1226"/><temp name="T1211"/><temp name="T1230"/><temp name="T1234"/><temp name="T1216"/></temps></instruction><instruction code="INCML T1205, 0"><temps name="use"/><temps name="def"><temp name="T1205"/></temps><temps name="in"><temp name="T10"/><temp name="T244"/><temp name="T1221"/><temp name="T1226"/><temp name="T1211"/><temp name="T1230"/><temp name="T1234"/><temp name="T1216"/></temps><temps name="out"><temp name="T10"/><temp name="T244"/><temp name="T1221"/><temp name="T1226"/><temp name="T1211"/><temp name="T1230"/><temp name="T1234"/><temp name="T1216"/></temps></instruction><instruction code="INCMH T1205, 0"><temps name="use"/><temps name="def"><temp name="T1205"/></temps><temps name="in"><temp name="T10"/><temp name="T244"/><temp name="T1221"/><temp name="T1226"/><temp name="T1211"/><temp name="T1230"/><temp name="T1234"/><temp name="T1216"/></temps><temps name="out"><temp name="T10"/><temp name="T244"/><temp name="T1221"/><temp name="T1226"/><temp name="T1211"/><temp name="T1230"/><temp name="T1234"/><temp name="T1216"/></temps></instruction><instruction code="INCH  T1205, 0"><temps name="use"/><temps name="def"><temp name="T1205"/></temps><temps name="in"><temp name="T10"/><temp name="T244"/><temp name="T1221"/><temp name="T1226"/><temp name="T1211"/><temp name="T1230"/><temp name="T1234"/><temp name="T1216"/></temps><temps name="out"><temp name="T10"/><temp name="T1205"/><temp name="T244"/><temp name="T1221"/><temp name="T1226"/><temp name="T1211"/><temp name="T1230"/><temp name="T1234"/><temp name="T1216"/></temps></instruction><instruction code="OR T245, T1205, 0"><temps name="use"><temp name="T1205"/></temps><temps name="def"><temp name="T245"/></temps><temps name="in"><temp name="T10"/><temp name="T1205"/><temp name="T244"/><temp name="T1221"/><temp name="T1226"/><temp name="T1211"/><temp name="T1230"/><temp name="T1234"/><temp name="T1216"/></temps><temps name="out"><temp name="T10"/><temp name="T244"/><temp name="T1221"/><temp name="T1226"/><temp name="T1211"/><temp name="T245"/><temp name="T1230"/><temp name="T1234"/><temp name="T1216"/></temps></instruction><instruction code="CMP T1206, T244, T245"><temps name="use"><temp name="T244"/><temp name="T245"/></temps><temps name="def"><temp name="T1206"/></temps><temps name="in"><temp name="T10"/><temp name="T244"/><temp name="T1221"/><temp name="T1226"/><temp name="T1211"/><temp name="T245"/><temp name="T1230"/><temp name="T1234"/><temp name="T1216"/></temps><temps name="out"><temp name="T10"/><temp name="T1221"/><temp name="T1226"/><temp name="T1206"/><temp name="T1211"/><temp name="T1230"/><temp name="T1234"/><temp name="T1216"/></temps></instruction><instruction code="ZSZ T1206, T1206, 1"><temps name="use"><temp name="T1206"/></temps><temps name="def"><temp name="T1206"/></temps><temps name="in"><temp name="T10"/><temp name="T1221"/><temp name="T1226"/><temp name="T1206"/><temp name="T1211"/><temp name="T1230"/><temp name="T1234"/><temp name="T1216"/></temps><temps name="out"><temp name="T10"/><temp name="T1221"/><temp name="T1226"/><temp name="T1206"/><temp name="T1211"/><temp name="T1230"/><temp name="T1234"/><temp name="T1216"/></temps></instruction><instruction code="OR T246, T1206, 0"><temps name="use"><temp name="T1206"/></temps><temps name="def"><temp name="T246"/></temps><temps name="in"><temp name="T10"/><temp name="T1221"/><temp name="T1226"/><temp name="T1206"/><temp name="T1211"/><temp name="T1230"/><temp name="T1234"/><temp name="T1216"/></temps><temps name="out"><temp name="T10"/><temp name="T246"/><temp name="T1221"/><temp name="T1226"/><temp name="T1211"/><temp name="T1230"/><temp name="T1234"/><temp name="T1216"/></temps></instruction><instruction code="BNZ T246, L29"><temps name="use"><temp name="T246"/></temps><temps name="def"/><temps name="in"><temp name="T10"/><temp name="T246"/><temp name="T1221"/><temp name="T1226"/><temp name="T1211"/><temp name="T1230"/><temp name="T1234"/><temp name="T1216"/></temps><temps name="out"><temp name="T10"/><temp name="T1221"/><temp name="T1226"/><temp name="T1211"/><temp name="T1230"/><temp name="T1234"/><temp name="T1216"/></temps></instruction><instruction code="L114"><temps name="use"/><temps name="def"/><temps name="in"><temp name="T10"/><temp name="T1221"/><temp name="T1226"/><temp name="T1211"/><temp name="T1230"/><temp name="T1234"/><temp name="T1216"/></temps><temps name="out"><temp name="T10"/><temp name="T1221"/><temp name="T1226"/><temp name="T1211"/><temp name="T1230"/><temp name="T1234"/><temp name="T1216"/></temps></instruction><instruction code="LDA T1207, L30"><temps name="use"/><temps name="def"><temp name="T1207"/></temps><temps name="in"><temp name="T10"/><temp name="T1221"/><temp name="T1226"/><temp name="T1211"/><temp name="T1230"/><temp name="T1234"/><temp name="T1216"/></temps><temps name="out"><temp name="T10"/><temp name="T1221"/><temp name="T1226"/><temp name="T1211"/><temp name="T1230"/><temp name="T1207"/><temp name="T1234"/><temp name="T1216"/></temps></instruction><instruction code="GO T1207, T1207, 0"><temps name="use"><temp name="T1207"/></temps><temps name="def"><temp name="T1207"/></temps><temps name="in"><temp name="T10"/><temp name="T1221"/><temp name="T1226"/><temp name="T1211"/><temp name="T1230"/><temp name="T1207"/><temp name="T1234"/><temp name="T1216"/></temps><temps name="out"><temp name="T10"/><temp name="T1221"/><temp name="T1226"/><temp name="T1211"/><temp name="T1230"/><temp name="T1234"/><temp name="T1216"/></temps></instruction><instruction code="L29"><temps name="use"/><temps name="def"/><temps name="in"><temp name="T10"/><temp name="T1221"/><temp name="T1226"/><temp name="T1211"/><temp name="T1230"/><temp name="T1234"/><temp name="T1216"/></temps><temps name="out"><temp name="T10"/><temp name="T1221"/><temp name="T1226"/><temp name="T1211"/><temp name="T1230"/><temp name="T1234"/><temp name="T1216"/></temps></instruction><instruction code="SETL  T1208, 1"><temps name="use"/><temps name="def"><temp name="T1208"/></temps><temps name="in"><temp name="T10"/><temp name="T1221"/><temp name="T1226"/><temp name="T1211"/><temp name="T1230"/><temp name="T1234"/><temp name="T1216"/></temps><temps name="out"><temp name="T10"/><temp name="T1221"/><temp name="T1226"/><temp name="T1211"/><temp name="T1230"/><temp name="T1234"/><temp name="T1216"/></temps></instruction><instruction code="INCML T1208, 0"><temps name="use"/><temps name="def"><temp name="T1208"/></temps><temps name="in"><temp name="T10"/><temp name="T1221"/><temp name="T1226"/><temp name="T1211"/><temp name="T1230"/><temp name="T1234"/><temp name="T1216"/></temps><temps name="out"><temp name="T10"/><temp name="T1221"/><temp name="T1226"/><temp name="T1211"/><temp name="T1230"/><temp name="T1234"/><temp name="T1216"/></temps></instruction><instruction code="INCMH T1208, 0"><temps name="use"/><temps name="def"><temp name="T1208"/></temps><temps name="in"><temp name="T10"/><temp name="T1221"/><temp name="T1226"/><temp name="T1211"/><temp name="T1230"/><temp name="T1234"/><temp name="T1216"/></temps><temps name="out"><temp name="T10"/><temp name="T1221"/><temp name="T1226"/><temp name="T1211"/><temp name="T1230"/><temp name="T1234"/><temp name="T1216"/></temps></instruction><instruction code="INCH  T1208, 0"><temps name="use"/><temps name="def"><temp name="T1208"/></temps><temps name="in"><temp name="T10"/><temp name="T1221"/><temp name="T1226"/><temp name="T1211"/><temp name="T1230"/><temp name="T1234"/><temp name="T1216"/></temps><temps name="out"><temp name="T10"/><temp name="T1221"/><temp name="T1226"/><temp name="T1208"/><temp name="T1211"/><temp name="T1230"/><temp name="T1234"/><temp name="T1216"/></temps></instruction><instruction code="OR T247, T1208, 0"><temps name="use"><temp name="T1208"/></temps><temps name="def"><temp name="T247"/></temps><temps name="in"><temp name="T10"/><temp name="T1221"/><temp name="T1226"/><temp name="T1208"/><temp name="T1211"/><temp name="T1230"/><temp name="T1234"/><temp name="T1216"/></temps><temps name="out"><temp name="T247"/><temp name="T10"/><temp name="T1221"/><temp name="T1226"/><temp name="T1211"/><temp name="T1230"/><temp name="T1234"/><temp name="T1216"/></temps></instruction><instruction code="LDO T1212, T1211, 0"><temps name="use"><temp name="T1211"/></temps><temps name="def"><temp name="T1212"/></temps><temps name="in"><temp name="T247"/><temp name="T10"/><temp name="T1221"/><temp name="T1226"/><temp name="T1211"/><temp name="T1230"/><temp name="T1234"/><temp name="T1216"/></temps><temps name="out"><temp name="T247"/><temp name="T10"/><temp name="T1221"/><temp name="T1226"/><temp name="T1230"/><temp name="T1234"/><temp name="T1212"/><temp name="T1216"/></temps></instruction><instruction code="STO T1212, T247, 0"><temps name="use"><temp name="T1212"/><temp name="T247"/></temps><temps name="def"/><temps name="in"><temp name="T247"/><temp name="T10"/><temp name="T1221"/><temp name="T1226"/><temp name="T1230"/><temp name="T1234"/><temp name="T1212"/><temp name="T1216"/></temps><temps name="out"><temp name="T10"/><temp name="T1221"/><temp name="T1226"/><temp name="T1230"/><temp name="T1234"/><temp name="T1216"/></temps></instruction><instruction code="LDA T1213, L31"><temps name="use"/><temps name="def"><temp name="T1213"/></temps><temps name="in"><temp name="T10"/><temp name="T1221"/><temp name="T1226"/><temp name="T1230"/><temp name="T1234"/><temp name="T1216"/></temps><temps name="out"><temp name="T10"/><temp name="T1221"/><temp name="T1226"/><temp name="T1213"/><temp name="T1230"/><temp name="T1234"/><temp name="T1216"/></temps></instruction><instruction code="GO T1213, T1213, 0"><temps name="use"><temp name="T1213"/></temps><temps name="def"><temp name="T1213"/></temps><temps name="in"><temp name="T10"/><temp name="T1221"/><temp name="T1226"/><temp name="T1213"/><temp name="T1230"/><temp name="T1234"/><temp name="T1216"/></temps><temps name="out"><temp name="T10"/><temp name="T1221"/><temp name="T1226"/><temp name="T1230"/><temp name="T1234"/><temp name="T1216"/></temps></instruction><instruction code="L30"><temps name="use"/><temps name="def"/><temps name="in"><temp name="T10"/><temp name="T1221"/><temp name="T1226"/><temp name="T1230"/><temp name="T1234"/><temp name="T1216"/></temps><temps name="out"><temp name="T10"/><temp name="T1221"/><temp name="T1226"/><temp name="T1230"/><temp name="T1234"/><temp name="T1216"/></temps></instruction><instruction code="OR T248, T10, 0"><temps name="use"><temp name="T10"/></temps><temps name="def"><temp name="T248"/></temps><temps name="in"><temp name="T10"/><temp name="T1221"/><temp name="T1226"/><temp name="T1230"/><temp name="T1234"/><temp name="T1216"/></temps><temps name="out"><temp name="T10"/><temp name="T1221"/><temp name="T248"/><temp name="T1226"/><temp name="T1230"/><temp name="T1234"/><temp name="T1216"/></temps></instruction><instruction code="SETL  T1214, 8"><temps name="use"/><temps name="def"><temp name="T1214"/></temps><temps name="in"><temp name="T10"/><temp name="T1221"/><temp name="T248"/><temp name="T1226"/><temp name="T1230"/><temp name="T1234"/><temp name="T1216"/></temps><temps name="out"><temp name="T10"/><temp name="T1221"/><temp name="T248"/><temp name="T1226"/><temp name="T1230"/><temp name="T1234"/><temp name="T1216"/></temps></instruction><instruction code="INCML T1214, 0"><temps name="use"/><temps name="def"><temp name="T1214"/></temps><temps name="in"><temp name="T10"/><temp name="T1221"/><temp name="T248"/><temp name="T1226"/><temp name="T1230"/><temp name="T1234"/><temp name="T1216"/></temps><temps name="out"><temp name="T10"/><temp name="T1221"/><temp name="T248"/><temp name="T1226"/><temp name="T1230"/><temp name="T1234"/><temp name="T1216"/></temps></instruction><instruction code="INCMH T1214, 0"><temps name="use"/><temps name="def"><temp name="T1214"/></temps><temps name="in"><temp name="T10"/><temp name="T1221"/><temp name="T248"/><temp name="T1226"/><temp name="T1230"/><temp name="T1234"/><temp name="T1216"/></temps><temps name="out"><temp name="T10"/><temp name="T1221"/><temp name="T248"/><temp name="T1226"/><temp name="T1230"/><temp name="T1234"/><temp name="T1216"/></temps></instruction><instruction code="INCH  T1214, 0"><temps name="use"/><temps name="def"><temp name="T1214"/></temps><temps name="in"><temp name="T10"/><temp name="T1221"/><temp name="T248"/><temp name="T1226"/><temp name="T1230"/><temp name="T1234"/><temp name="T1216"/></temps><temps name="out"><temp name="T10"/><temp name="T1214"/><temp name="T1221"/><temp name="T248"/><temp name="T1226"/><temp name="T1230"/><temp name="T1234"/><temp name="T1216"/></temps></instruction><instruction code="OR T249, T1214, 0"><temps name="use"><temp name="T1214"/></temps><temps name="def"><temp name="T249"/></temps><temps name="in"><temp name="T10"/><temp name="T1214"/><temp name="T1221"/><temp name="T248"/><temp name="T1226"/><temp name="T1230"/><temp name="T1234"/><temp name="T1216"/></temps><temps name="out"><temp name="T10"/><temp name="T1221"/><temp name="T248"/><temp name="T249"/><temp name="T1226"/><temp name="T1230"/><temp name="T1234"/><temp name="T1216"/></temps></instruction><instruction code="ADD T1215, T248, T249"><temps name="use"><temp name="T248"/><temp name="T249"/></temps><temps name="def"><temp name="T1215"/></temps><temps name="in"><temp name="T10"/><temp name="T1221"/><temp name="T248"/><temp name="T249"/><temp name="T1226"/><temp name="T1230"/><temp name="T1234"/><temp name="T1216"/></temps><temps name="out"><temp name="T10"/><temp name="T1221"/><temp name="T1226"/><temp name="T1215"/><temp name="T1230"/><temp name="T1234"/><temp name="T1216"/></temps></instruction><instruction code="OR T250, T1215, 0"><temps name="use"><temp name="T1215"/></temps><temps name="def"><temp name="T250"/></temps><temps name="in"><temp name="T10"/><temp name="T1221"/><temp name="T1226"/><temp name="T1215"/><temp name="T1230"/><temp name="T1234"/><temp name="T1216"/></temps><temps name="out"><temp name="T10"/><temp name="T1221"/><temp name="T1226"/><temp name="T1230"/><temp name="T1234"/><temp name="T1216"/></temps></instruction><instruction code="LDO T1217, T1216, 0"><temps name="use"><temp name="T1216"/></temps><temps name="def"><temp name="T1217"/></temps><temps name="in"><temp name="T10"/><temp name="T1221"/><temp name="T1226"/><temp name="T1230"/><temp name="T1234"/><temp name="T1216"/></temps><temps name="out"><temp name="T10"/><temp name="T1221"/><temp name="T1226"/><temp name="T1230"/><temp name="T1217"/><temp name="T1234"/></temps></instruction><instruction code="OR T251, T1217, 0"><temps name="use"><temp name="T1217"/></temps><temps name="def"><temp name="T251"/></temps><temps name="in"><temp name="T10"/><temp name="T1221"/><temp name="T1226"/><temp name="T1230"/><temp name="T1217"/><temp name="T1234"/></temps><temps name="out"><temp name="T10"/><temp name="T251"/><temp name="T1221"/><temp name="T1226"/><temp name="T1230"/><temp name="T1234"/></temps></instruction><instruction code="SETL  T1218, 0"><temps name="use"/><temps name="def"><temp name="T1218"/></temps><temps name="in"><temp name="T10"/><temp name="T251"/><temp name="T1221"/><temp name="T1226"/><temp name="T1230"/><temp name="T1234"/></temps><temps name="out"><temp name="T10"/><temp name="T251"/><temp name="T1221"/><temp name="T1226"/><temp name="T1230"/><temp name="T1234"/></temps></instruction><instruction code="INCML T1218, 0"><temps name="use"/><temps name="def"><temp name="T1218"/></temps><temps name="in"><temp name="T10"/><temp name="T251"/><temp name="T1221"/><temp name="T1226"/><temp name="T1230"/><temp name="T1234"/></temps><temps name="out"><temp name="T10"/><temp name="T251"/><temp name="T1221"/><temp name="T1226"/><temp name="T1230"/><temp name="T1234"/></temps></instruction><instruction code="INCMH T1218, 0"><temps name="use"/><temps name="def"><temp name="T1218"/></temps><temps name="in"><temp name="T10"/><temp name="T251"/><temp name="T1221"/><temp name="T1226"/><temp name="T1230"/><temp name="T1234"/></temps><temps name="out"><temp name="T10"/><temp name="T251"/><temp name="T1221"/><temp name="T1226"/><temp name="T1230"/><temp name="T1234"/></temps></instruction><instruction code="INCH  T1218, 0"><temps name="use"/><temps name="def"><temp name="T1218"/></temps><temps name="in"><temp name="T10"/><temp name="T251"/><temp name="T1221"/><temp name="T1226"/><temp name="T1230"/><temp name="T1234"/></temps><temps name="out"><temp name="T10"/><temp name="T251"/><temp name="T1221"/><temp name="T1226"/><temp name="T1230"/><temp name="T1218"/><temp name="T1234"/></temps></instruction><instruction code="OR T252, T1218, 0"><temps name="use"><temp name="T1218"/></temps><temps name="def"><temp name="T252"/></temps><temps name="in"><temp name="T10"/><temp name="T251"/><temp name="T1221"/><temp name="T1226"/><temp name="T1230"/><temp name="T1218"/><temp name="T1234"/></temps><temps name="out"><temp name="T10"/><temp name="T251"/><temp name="T1221"/><temp name="T1226"/><temp name="T252"/><temp name="T1230"/><temp name="T1234"/></temps></instruction><instruction code="OR T253, T10, 0"><temps name="use"><temp name="T10"/></temps><temps name="def"><temp name="T253"/></temps><temps name="in"><temp name="T10"/><temp name="T251"/><temp name="T1221"/><temp name="T1226"/><temp name="T252"/><temp name="T1230"/><temp name="T1234"/></temps><temps name="out"><temp name="T251"/><temp name="T10"/><temp name="T1221"/><temp name="T1226"/><temp name="T252"/><temp name="T1230"/><temp name="T253"/><temp name="T1234"/></temps></instruction><instruction code="SETL  T1219, 8"><temps name="use"/><temps name="def"><temp name="T1219"/></temps><temps name="in"><temp name="T251"/><temp name="T10"/><temp name="T1221"/><temp name="T1226"/><temp name="T252"/><temp name="T1230"/><temp name="T253"/><temp name="T1234"/></temps><temps name="out"><temp name="T251"/><temp name="T10"/><temp name="T1221"/><temp name="T1226"/><temp name="T252"/><temp name="T1230"/><temp name="T253"/><temp name="T1234"/></temps></instruction><instruction code="INCML T1219, 0"><temps name="use"/><temps name="def"><temp name="T1219"/></temps><temps name="in"><temp name="T251"/><temp name="T10"/><temp name="T1221"/><temp name="T1226"/><temp name="T252"/><temp name="T1230"/><temp name="T253"/><temp name="T1234"/></temps><temps name="out"><temp name="T251"/><temp name="T10"/><temp name="T1221"/><temp name="T1226"/><temp name="T252"/><temp name="T1230"/><temp name="T253"/><temp name="T1234"/></temps></instruction><instruction code="INCMH T1219, 0"><temps name="use"/><temps name="def"><temp name="T1219"/></temps><temps name="in"><temp name="T251"/><temp name="T10"/><temp name="T1221"/><temp name="T1226"/><temp name="T252"/><temp name="T1230"/><temp name="T253"/><temp name="T1234"/></temps><temps name="out"><temp name="T251"/><temp name="T10"/><temp name="T1221"/><temp name="T1226"/><temp name="T252"/><temp name="T1230"/><temp name="T253"/><temp name="T1234"/></temps></instruction><instruction code="INCH  T1219, 0"><temps name="use"/><temps name="def"><temp name="T1219"/></temps><temps name="in"><temp name="T251"/><temp name="T10"/><temp name="T1221"/><temp name="T1226"/><temp name="T252"/><temp name="T1230"/><temp name="T253"/><temp name="T1234"/></temps><temps name="out"><temp name="T251"/><temp name="T10"/><temp name="T1221"/><temp name="T1226"/><temp name="T252"/><temp name="T1230"/><temp name="T1219"/><temp name="T253"/><temp name="T1234"/></temps></instruction><instruction code="OR T254, T1219, 0"><temps name="use"><temp name="T1219"/></temps><temps name="def"><temp name="T254"/></temps><temps name="in"><temp name="T251"/><temp name="T10"/><temp name="T1221"/><temp name="T1226"/><temp name="T252"/><temp name="T1230"/><temp name="T1219"/><temp name="T253"/><temp name="T1234"/></temps><temps name="out"><temp name="T251"/><temp name="T10"/><temp name="T254"/><temp name="T1221"/><temp name="T1226"/><temp name="T252"/><temp name="T1230"/><temp name="T253"/><temp name="T1234"/></temps></instruction><instruction code="ADD T1220, T253, T254"><temps name="use"><temp name="T253"/><temp name="T254"/></temps><temps name="def"><temp name="T1220"/></temps><temps name="in"><temp name="T251"/><temp name="T10"/><temp name="T254"/><temp name="T1221"/><temp name="T1226"/><temp name="T252"/><temp name="T1230"/><temp name="T253"/><temp name="T1234"/></temps><temps name="out"><temp name="T251"/><temp name="T10"/><temp name="T1221"/><temp name="T1226"/><temp name="T1220"/><temp name="T252"/><temp name="T1230"/><temp name="T1234"/></temps></instruction><instruction code="OR T255, T1220, 0"><temps name="use"><temp name="T1220"/></temps><temps name="def"><temp name="T255"/></temps><temps name="in"><temp name="T251"/><temp name="T10"/><temp name="T1221"/><temp name="T1226"/><temp name="T1220"/><temp name="T252"/><temp name="T1230"/><temp name="T1234"/></temps><temps name="out"><temp name="T251"/><temp name="T10"/><temp name="T1221"/><temp name="T1226"/><temp name="T252"/><temp name="T1230"/><temp name="T1234"/></temps></instruction><instruction code="LDO T1222, T1221, 0"><temps name="use"><temp name="T1221"/></temps><temps name="def"><temp name="T1222"/></temps><temps name="in"><temp name="T251"/><temp name="T10"/><temp name="T1221"/><temp name="T1226"/><temp name="T252"/><temp name="T1230"/><temp name="T1234"/></temps><temps name="out"><temp name="T251"/><temp name="T10"/><temp name="T1226"/><temp name="T1222"/><temp name="T252"/><temp name="T1230"/><temp name="T1234"/></temps></instruction><instruction code="OR T256, T1222, 0"><temps name="use"><temp name="T1222"/></temps><temps name="def"><temp name="T256"/></temps><temps name="in"><temp name="T251"/><temp name="T10"/><temp name="T1226"/><temp name="T1222"/><temp name="T252"/><temp name="T1230"/><temp name="T1234"/></temps><temps name="out"><temp name="T256"/><temp name="T251"/><temp name="T10"/><temp name="T1226"/><temp name="T252"/><temp name="T1230"/><temp name="T1234"/></temps></instruction><instruction code="SETL  T1223, 1"><temps name="use"/><temps name="def"><temp name="T1223"/></temps><temps name="in"><temp name="T256"/><temp name="T251"/><temp name="T10"/><temp name="T1226"/><temp name="T252"/><temp name="T1230"/><temp name="T1234"/></temps><temps name="out"><temp name="T256"/><temp name="T251"/><temp name="T10"/><temp name="T1226"/><temp name="T252"/><temp name="T1230"/><temp name="T1234"/></temps></instruction><instruction code="INCML T1223, 0"><temps name="use"/><temps name="def"><temp name="T1223"/></temps><temps name="in"><temp name="T256"/><temp name="T251"/><temp name="T10"/><temp name="T1226"/><temp name="T252"/><temp name="T1230"/><temp name="T1234"/></temps><temps name="out"><temp name="T256"/><temp name="T251"/><temp name="T10"/><temp name="T1226"/><temp name="T252"/><temp name="T1230"/><temp name="T1234"/></temps></instruction><instruction code="INCMH T1223, 0"><temps name="use"/><temps name="def"><temp name="T1223"/></temps><temps name="in"><temp name="T256"/><temp name="T251"/><temp name="T10"/><temp name="T1226"/><temp name="T252"/><temp name="T1230"/><temp name="T1234"/></temps><temps name="out"><temp name="T256"/><temp name="T251"/><temp name="T10"/><temp name="T1226"/><temp name="T252"/><temp name="T1230"/><temp name="T1234"/></temps></instruction><instruction code="INCH  T1223, 0"><temps name="use"/><temps name="def"><temp name="T1223"/></temps><temps name="in"><temp name="T256"/><temp name="T251"/><temp name="T10"/><temp name="T1226"/><temp name="T252"/><temp name="T1230"/><temp name="T1234"/></temps><temps name="out"><temp name="T256"/><temp name="T251"/><temp name="T10"/><temp name="T1223"/><temp name="T1226"/><temp name="T252"/><temp name="T1230"/><temp name="T1234"/></temps></instruction><instruction code="OR T257, T1223, 0"><temps name="use"><temp name="T1223"/></temps><temps name="def"><temp name="T257"/></temps><temps name="in"><temp name="T256"/><temp name="T251"/><temp name="T10"/><temp name="T1223"/><temp name="T1226"/><temp name="T252"/><temp name="T1230"/><temp name="T1234"/></temps><temps name="out"><temp name="T256"/><temp name="T251"/><temp name="T10"/><temp name="T1226"/><temp name="T257"/><temp name="T252"/><temp name="T1230"/><temp name="T1234"/></temps></instruction><instruction code="SUB T1224, T256, T257"><temps name="use"><temp name="T256"/><temp name="T257"/></temps><temps name="def"><temp name="T1224"/></temps><temps name="in"><temp name="T256"/><temp name="T251"/><temp name="T10"/><temp name="T1226"/><temp name="T257"/><temp name="T252"/><temp name="T1230"/><temp name="T1234"/></temps><temps name="out"><temp name="T1224"/><temp name="T251"/><temp name="T10"/><temp name="T1226"/><temp name="T252"/><temp name="T1230"/><temp name="T1234"/></temps></instruction><instruction code="OR T258, T1224, 0"><temps name="use"><temp name="T1224"/></temps><temps name="def"><temp name="T258"/></temps><temps name="in"><temp name="T1224"/><temp name="T251"/><temp name="T10"/><temp name="T1226"/><temp name="T252"/><temp name="T1230"/><temp name="T1234"/></temps><temps name="out"><temp name="T251"/><temp name="T10"/><temp name="T1226"/><temp name="T258"/><temp name="T252"/><temp name="T1230"/><temp name="T1234"/></temps></instruction><instruction code="STO T252, $254, 8"><temps name="use"><temp name="T252"/></temps><temps name="def"/><temps name="in"><temp name="T251"/><temp name="T10"/><temp name="T1226"/><temp name="T258"/><temp name="T252"/><temp name="T1230"/><temp name="T1234"/></temps><temps name="out"><temp name="T251"/><temp name="T10"/><temp name="T1226"/><temp name="T258"/><temp name="T1230"/><temp name="T1234"/></temps></instruction><instruction code="STO T258, $254, 16"><temps name="use"><temp name="T258"/></temps><temps name="def"/><temps name="in"><temp name="T251"/><temp name="T10"/><temp name="T1226"/><temp name="T258"/><temp name="T1230"/><temp name="T1234"/></temps><temps name="out"><temp name="T251"/><temp name="T10"/><temp name="T1226"/><temp name="T1230"/><temp name="T1234"/></temps></instruction><instruction code="LDA T1225, _facRec"><temps name="use"/><temps name="def"><temp name="T1225"/></temps><temps name="in"><temp name="T251"/><temp name="T10"/><temp name="T1226"/><temp name="T1230"/><temp name="T1234"/></temps><temps name="out"><temp name="T251"/><temp name="T10"/><temp name="T1226"/><temp name="T1225"/><temp name="T1230"/><temp name="T1234"/></temps></instruction><instruction code="PUSHJ $15, T1225, 0"><temps name="use"><temp name="T1225"/></temps><temps name="def"/><temps name="in"><temp name="T251"/><temp name="T10"/><temp name="T1226"/><temp name="T1225"/><temp name="T1230"/><temp name="T1234"/></temps><temps name="out"><temp name="T251"/><temp name="T10"/><temp name="T1226"/><temp name="T1230"/><temp name="T1234"/></temps></instruction><instruction code="OR T259, T1226, 0"><temps name="use"><temp name="T1226"/></temps><temps name="def"><temp name="T259"/></temps><temps name="in"><temp name="T251"/><temp name="T10"/><temp name="T1226"/><temp name="T1230"/><temp name="T1234"/></temps><temps name="out"><temp name="T251"/><temp name="T10"/><temp name="T259"/><temp name="T1230"/><temp name="T1234"/></temps></instruction><instruction code="MUL T1227, T251, T259"><temps name="use"><temp name="T251"/><temp name="T259"/></temps><temps name="def"><temp name="T1227"/></temps><temps name="in"><temp name="T251"/><temp name="T10"/><temp name="T259"/><temp name="T1230"/><temp name="T1234"/></temps><temps name="out"><temp name="T10"/><temp name="T1227"/><temp name="T1230"/><temp name="T1234"/></temps></instruction><instruction code="OR T260, T1227, 0"><temps name="use"><temp name="T1227"/></temps><temps name="def"><temp name="T260"/></temps><temps name="in"><temp name="T10"/><temp name="T1227"/><temp name="T1230"/><temp name="T1234"/></temps><temps name="out"><temp name="T10"/><temp name="T260"/><temp name="T1230"/><temp name="T1234"/></temps></instruction><instruction code="LDO T1231, T1230, 0"><temps name="use"><temp name="T1230"/></temps><temps name="def"><temp name="T1231"/></temps><temps name="in"><temp name="T10"/><temp name="T260"/><temp name="T1230"/><temp name="T1234"/></temps><temps name="out"><temp name="T10"/><temp name="T1231"/><temp name="T260"/><temp name="T1234"/></temps></instruction><instruction code="STO T1231, T260, 0"><temps name="use"><temp name="T1231"/><temp name="T260"/></temps><temps name="def"/><temps name="in"><temp name="T10"/><temp name="T1231"/><temp name="T260"/><temp name="T1234"/></temps><temps name="out"><temp name="T10"/><temp name="T1234"/></temps></instruction><instruction code="L31"><temps name="use"/><temps name="def"/><temps name="in"><temp name="T10"/><temp name="T1234"/></temps><temps name="out"><temp name="T10"/><temp name="T1234"/></temps></instruction><instruction code="OR T261, T10, 0"><temps name="use"><temp name="T10"/></temps><temps name="def"><temp name="T261"/></temps><temps name="in"><temp name="T10"/><temp name="T1234"/></temps><temps name="out"><temp name="T261"/><temp name="T1234"/></temps></instruction><instruction code="SETL  T1232, 8"><temps name="use"/><temps name="def"><temp name="T1232"/></temps><temps name="in"><temp name="T261"/><temp name="T1234"/></temps><temps name="out"><temp name="T261"/><temp name="T1234"/></temps></instruction><instruction code="INCML T1232, 0"><temps name="use"/><temps name="def"><temp name="T1232"/></temps><temps name="in"><temp name="T261"/><temp name="T1234"/></temps><temps name="out"><temp name="T261"/><temp name="T1234"/></temps></instruction><instruction code="INCMH T1232, 0"><temps name="use"/><temps name="def"><temp name="T1232"/></temps><temps name="in"><temp name="T261"/><temp name="T1234"/></temps><temps name="out"><temp name="T261"/><temp name="T1234"/></temps></instruction><instruction code="INCH  T1232, 0"><temps name="use"/><temps name="def"><temp name="T1232"/></temps><temps name="in"><temp name="T261"/><temp name="T1234"/></temps><temps name="out"><temp name="T1232"/><temp name="T261"/><temp name="T1234"/></temps></instruction><instruction code="NEG T1232, 0, T1232"><temps name="use"><temp name="T1232"/></temps><temps name="def"><temp name="T1232"/></temps><temps name="in"><temp name="T1232"/><temp name="T261"/><temp name="T1234"/></temps><temps name="out"><temp name="T1232"/><temp name="T261"/><temp name="T1234"/></temps></instruction><instruction code="OR T262, T1232, 0"><temps name="use"><temp name="T1232"/></temps><temps name="def"><temp name="T262"/></temps><temps name="in"><temp name="T1232"/><temp name="T261"/><temp name="T1234"/></temps><temps name="out"><temp name="T262"/><temp name="T261"/><temp name="T1234"/></temps></instruction><instruction code="ADD T1233, T261, T262"><temps name="use"><temp name="T261"/><temp name="T262"/></temps><temps name="def"><temp name="T1233"/></temps><temps name="in"><temp name="T262"/><temp name="T261"/><temp name="T1234"/></temps><temps name="out"><temp name="T1233"/><temp name="T1234"/></temps></instruction><instruction code="OR T263, T1233, 0"><temps name="use"><temp name="T1233"/></temps><temps name="def"><temp name="T263"/></temps><temps name="in"><temp name="T1233"/><temp name="T1234"/></temps><temps name="out"><temp name="T1234"/></temps></instruction><instruction code="LDO T1235, T1234, 0"><temps name="use"><temp name="T1234"/></temps><temps name="def"><temp name="T1235"/></temps><temps name="in"><temp name="T1234"/></temps><temps name="out"><temp name="T1235"/></temps></instruction><instruction code="OR T264, T1235, 0"><temps name="use"><temp name="T1235"/></temps><temps name="def"><temp name="T264"/></temps><temps name="in"><temp name="T1235"/></temps><temps name="out"><temp name="T264"/></temps></instruction><instruction code="OR T11, T264, 0"><temps name="use"><temp name="T264"/></temps><temps name="def"><temp name="T11"/></temps><temps name="in"><temp name="T264"/></temps><temps name="out"/></instruction><instruction code="LDA T1236, L116"><temps name="use"/><temps name="def"><temp name="T1236"/></temps><temps name="in"/><temps name="out"><temp name="T1236"/></temps></instruction><instruction code="GO T1236, T1236, 0"><temps name="use"><temp name="T1236"/></temps><temps name="def"><temp name="T1236"/></temps><temps name="in"><temp name="T1236"/></temps><temps name="out"/></instruction></instructions></code><code entrylabel="L118" exitlabel="L119" tempsize="0"><frame FP="T12" RV="T13" argssize="0" depth="1" label="_fibItr" locssize="24" size="40"/><instructions><instruction code="L118"><temps name="use"/><temps name="def"/><temps name="in"><temp name="T1301"/><temp name="T1270"/><temp name="T1261"/><temp name="T1265"/><temp name="T1250"/><temp name="T12"/><temp name="T1274"/><temp name="T1240"/><temp name="T1290"/><temp name="T1245"/><temp name="T1282"/><temp name="T1296"/><temp name="T1254"/><temp name="T1278"/><temp name="T1286"/></temps><temps name="out"><temp name="T1301"/><temp name="T1270"/><temp name="T1261"/><temp name="T1265"/><temp name="T1250"/><temp name="T12"/><temp name="T1274"/><temp name="T1240"/><temp name="T1290"/><temp name="T1245"/><temp name="T1282"/><temp name="T1296"/><temp name="T1254"/><temp name="T1278"/><temp name="T1286"/></temps></instruction><instruction code="SETL  T1237, 1"><temps name="use"/><temps name="def"><temp name="T1237"/></temps><temps name="in"><temp name="T1301"/><temp name="T1270"/><temp name="T1261"/><temp name="T1265"/><temp name="T1250"/><temp name="T12"/><temp name="T1274"/><temp name="T1240"/><temp name="T1290"/><temp name="T1245"/><temp name="T1282"/><temp name="T1296"/><temp name="T1254"/><temp name="T1278"/><temp name="T1286"/></temps><temps name="out"><temp name="T1301"/><temp name="T1270"/><temp name="T1261"/><temp name="T1265"/><temp name="T1250"/><temp name="T12"/><temp name="T1274"/><temp name="T1240"/><temp name="T1290"/><temp name="T1245"/><temp name="T1282"/><temp name="T1296"/><temp name="T1254"/><temp name="T1278"/><temp name="T1286"/></temps></instruction><instruction code="INCML T1237, 0"><temps name="use"/><temps name="def"><temp name="T1237"/></temps><temps name="in"><temp name="T1301"/><temp name="T1270"/><temp name="T1261"/><temp name="T1265"/><temp name="T1250"/><temp name="T12"/><temp name="T1274"/><temp name="T1240"/><temp name="T1290"/><temp name="T1245"/><temp name="T1282"/><temp name="T1296"/><temp name="T1254"/><temp name="T1278"/><temp name="T1286"/></temps><temps name="out"><temp name="T1301"/><temp name="T1270"/><temp name="T1261"/><temp name="T1265"/><temp name="T1250"/><temp name="T12"/><temp name="T1274"/><temp name="T1240"/><temp name="T1290"/><temp name="T1245"/><temp name="T1282"/><temp name="T1296"/><temp name="T1254"/><temp name="T1278"/><temp name="T1286"/></temps></instruction><instruction code="INCMH T1237, 0"><temps name="use"/><temps name="def"><temp name="T1237"/></temps><temps name="in"><temp name="T1301"/><temp name="T1270"/><temp name="T1261"/><temp name="T1265"/><temp name="T1250"/><temp name="T12"/><temp name="T1274"/><temp name="T1240"/><temp name="T1290"/><temp name="T1245"/><temp name="T1282"/><temp name="T1296"/><temp name="T1254"/><temp name="T1278"/><temp name="T1286"/></temps><temps name="out"><temp name="T1301"/><temp name="T1270"/><temp name="T1261"/><temp name="T1265"/><temp name="T1250"/><temp name="T12"/><temp name="T1274"/><temp name="T1240"/><temp name="T1290"/><temp name="T1245"/><temp name="T1282"/><temp name="T1296"/><temp name="T1254"/><temp name="T1278"/><temp name="T1286"/></temps></instruction><instruction code="INCH  T1237, 0"><temps name="use"/><temps name="def"><temp name="T1237"/></temps><temps name="in"><temp name="T1301"/><temp name="T1270"/><temp name="T1261"/><temp name="T1265"/><temp name="T1250"/><temp name="T12"/><temp name="T1274"/><temp name="T1240"/><temp name="T1290"/><temp name="T1245"/><temp name="T1282"/><temp name="T1296"/><temp name="T1254"/><temp name="T1278"/><temp name="T1286"/></temps><temps name="out"><temp name="T1301"/><temp name="T1270"/><temp name="T1261"/><temp name="T1237"/><temp name="T1265"/><temp name="T1250"/><temp name="T12"/><temp name="T1274"/><temp name="T1240"/><temp name="T1290"/><temp name="T1245"/><temp name="T1282"/><temp name="T1296"/><temp name="T1254"/><temp name="T1278"/><temp name="T1286"/></temps></instruction><instruction code="OR T265, T1237, 0"><temps name="use"><temp name="T1237"/></temps><temps name="def"><temp name="T265"/></temps><temps name="in"><temp name="T1301"/><temp name="T1270"/><temp name="T1261"/><temp name="T1237"/><temp name="T1265"/><temp name="T1250"/><temp name="T12"/><temp name="T1274"/><temp name="T1240"/><temp name="T1290"/><temp name="T1245"/><temp name="T1282"/><temp name="T1296"/><temp name="T1254"/><temp name="T1278"/><temp name="T1286"/></temps><temps name="out"><temp name="T1301"/><temp name="T1270"/><temp name="T265"/><temp name="T1261"/><temp name="T1265"/><temp name="T1250"/><temp name="T12"/><temp name="T1274"/><temp name="T1240"/><temp name="T1290"/><temp name="T1245"/><temp name="T1282"/><temp name="T1296"/><temp name="T1254"/><temp name="T1278"/><temp name="T1286"/></temps></instruction><instruction code="LDO T1241, T1240, 0"><temps name="use"><temp name="T1240"/></temps><temps name="def"><temp name="T1241"/></temps><temps name="in"><temp name="T1301"/><temp name="T1270"/><temp name="T265"/><temp name="T1261"/><temp name="T1265"/><temp name="T1250"/><temp name="T12"/><temp name="T1274"/><temp name="T1240"/><temp name="T1290"/><temp name="T1245"/><temp name="T1282"/><temp name="T1296"/><temp name="T1254"/><temp name="T1278"/><temp name="T1286"/></temps><temps name="out"><temp name="T1301"/><temp name="T1270"/><temp name="T265"/><temp name="T1261"/><temp name="T1265"/><temp name="T1250"/><temp name="T1241"/><temp name="T12"/><temp name="T1274"/><temp name="T1290"/><temp name="T1245"/><temp name="T1282"/><temp name="T1296"/><temp name="T1254"/><temp name="T1278"/><temp name="T1286"/></temps></instruction><instruction code="STO T1241, T265, 0"><temps name="use"><temp name="T1241"/><temp name="T265"/></temps><temps name="def"/><temps name="in"><temp name="T1301"/><temp name="T1270"/><temp name="T265"/><temp name="T1261"/><temp name="T1265"/><temp name="T1250"/><temp name="T1241"/><temp name="T12"/><temp name="T1274"/><temp name="T1290"/><temp name="T1245"/><temp name="T1282"/><temp name="T1296"/><temp name="T1254"/><temp name="T1278"/><temp name="T1286"/></temps><temps name="out"><temp name="T1301"/><temp name="T1270"/><temp name="T1261"/><temp name="T1265"/><temp name="T1250"/><temp name="T12"/><temp name="T1274"/><temp name="T1290"/><temp name="T1245"/><temp name="T1282"/><temp name="T1296"/><temp name="T1254"/><temp name="T1278"/><temp name="T1286"/></temps></instruction><instruction code="SETL  T1242, 1"><temps name="use"/><temps name="def"><temp name="T1242"/></temps><temps name="in"><temp name="T1301"/><temp name="T1270"/><temp name="T1261"/><temp name="T1265"/><temp name="T1250"/><temp name="T12"/><temp name="T1274"/><temp name="T1290"/><temp name="T1245"/><temp name="T1282"/><temp name="T1296"/><temp name="T1254"/><temp name="T1278"/><temp name="T1286"/></temps><temps name="out"><temp name="T1301"/><temp name="T1270"/><temp name="T1261"/><temp name="T1265"/><temp name="T1250"/><temp name="T12"/><temp name="T1274"/><temp name="T1290"/><temp name="T1245"/><temp name="T1282"/><temp name="T1296"/><temp name="T1254"/><temp name="T1278"/><temp name="T1286"/></temps></instruction><instruction code="INCML T1242, 0"><temps name="use"/><temps name="def"><temp name="T1242"/></temps><temps name="in"><temp name="T1301"/><temp name="T1270"/><temp name="T1261"/><temp name="T1265"/><temp name="T1250"/><temp name="T12"/><temp name="T1274"/><temp name="T1290"/><temp name="T1245"/><temp name="T1282"/><temp name="T1296"/><temp name="T1254"/><temp name="T1278"/><temp name="T1286"/></temps><temps name="out"><temp name="T1301"/><temp name="T1270"/><temp name="T1261"/><temp name="T1265"/><temp name="T1250"/><temp name="T12"/><temp name="T1274"/><temp name="T1290"/><temp name="T1245"/><temp name="T1282"/><temp name="T1296"/><temp name="T1254"/><temp name="T1278"/><temp name="T1286"/></temps></instruction><instruction code="INCMH T1242, 0"><temps name="use"/><temps name="def"><temp name="T1242"/></temps><temps name="in"><temp name="T1301"/><temp name="T1270"/><temp name="T1261"/><temp name="T1265"/><temp name="T1250"/><temp name="T12"/><temp name="T1274"/><temp name="T1290"/><temp name="T1245"/><temp name="T1282"/><temp name="T1296"/><temp name="T1254"/><temp name="T1278"/><temp name="T1286"/></temps><temps name="out"><temp name="T1301"/><temp name="T1270"/><temp name="T1261"/><temp name="T1265"/><temp name="T1250"/><temp name="T12"/><temp name="T1274"/><temp name="T1290"/><temp name="T1245"/><temp name="T1282"/><temp name="T1296"/><temp name="T1254"/><temp name="T1278"/><temp name="T1286"/></temps></instruction><instruction code="INCH  T1242, 0"><temps name="use"/><temps name="def"><temp name="T1242"/></temps><temps name="in"><temp name="T1301"/><temp name="T1270"/><temp name="T1261"/><temp name="T1265"/><temp name="T1250"/><temp name="T12"/><temp name="T1274"/><temp name="T1290"/><temp name="T1245"/><temp name="T1282"/><temp name="T1296"/><temp name="T1254"/><temp name="T1278"/><temp name="T1286"/></temps><temps name="out"><temp name="T1301"/><temp name="T1270"/><temp name="T1261"/><temp name="T1265"/><temp name="T1250"/><temp name="T12"/><temp name="T1274"/><temp name="T1242"/><temp name="T1290"/><temp name="T1245"/><temp name="T1282"/><temp name="T1296"/><temp name="T1254"/><temp name="T1278"/><temp name="T1286"/></temps></instruction><instruction code="OR T266, T1242, 0"><temps name="use"><temp name="T1242"/></temps><temps name="def"><temp name="T266"/></temps><temps name="in"><temp name="T1301"/><temp name="T1270"/><temp name="T1261"/><temp name="T1265"/><temp name="T1250"/><temp name="T12"/><temp name="T1274"/><temp name="T1242"/><temp name="T1290"/><temp name="T1245"/><temp name="T1282"/><temp name="T1296"/><temp name="T1254"/><temp name="T1278"/><temp name="T1286"/></temps><temps name="out"><temp name="T1301"/><temp name="T1270"/><temp name="T1261"/><temp name="T1265"/><temp name="T266"/><temp name="T1250"/><temp name="T12"/><temp name="T1274"/><temp name="T1290"/><temp name="T1245"/><temp name="T1282"/><temp name="T1296"/><temp name="T1254"/><temp name="T1278"/><temp name="T1286"/></temps></instruction><instruction code="LDO T1246, T1245, 0"><temps name="use"><temp name="T1245"/></temps><temps name="def"><temp name="T1246"/></temps><temps name="in"><temp name="T1301"/><temp name="T1270"/><temp name="T1261"/><temp name="T1265"/><temp name="T266"/><temp name="T1250"/><temp name="T12"/><temp name="T1274"/><temp name="T1290"/><temp name="T1245"/><temp name="T1282"/><temp name="T1296"/><temp name="T1254"/><temp name="T1278"/><temp name="T1286"/></temps><temps name="out"><temp name="T1301"/><temp name="T1270"/><temp name="T1261"/><temp name="T1265"/><temp name="T266"/><temp name="T1250"/><temp name="T12"/><temp name="T1274"/><temp name="T1290"/><temp name="T1282"/><temp name="T1296"/><temp name="T1246"/><temp name="T1254"/><temp name="T1278"/><temp name="T1286"/></temps></instruction><instruction code="STO T1246, T266, 0"><temps name="use"><temp name="T1246"/><temp name="T266"/></temps><temps name="def"/><temps name="in"><temp name="T1301"/><temp name="T1270"/><temp name="T1261"/><temp name="T1265"/><temp name="T266"/><temp name="T1250"/><temp name="T12"/><temp name="T1274"/><temp name="T1290"/><temp name="T1282"/><temp name="T1296"/><temp name="T1246"/><temp name="T1254"/><temp name="T1278"/><temp name="T1286"/></temps><temps name="out"><temp name="T1301"/><temp name="T1270"/><temp name="T1261"/><temp name="T1265"/><temp name="T1250"/><temp name="T12"/><temp name="T1274"/><temp name="T1290"/><temp name="T1282"/><temp name="T1296"/><temp name="T1254"/><temp name="T1278"/><temp name="T1286"/></temps></instruction><instruction code="SETL  T1247, 0"><temps name="use"/><temps name="def"><temp name="T1247"/></temps><temps name="in"><temp name="T1301"/><temp name="T1270"/><temp name="T1261"/><temp name="T1265"/><temp name="T1250"/><temp name="T12"/><temp name="T1274"/><temp name="T1290"/><temp name="T1282"/><temp name="T1296"/><temp name="T1254"/><temp name="T1278"/><temp name="T1286"/></temps><temps name="out"><temp name="T1301"/><temp name="T1270"/><temp name="T1261"/><temp name="T1265"/><temp name="T1250"/><temp name="T12"/><temp name="T1274"/><temp name="T1290"/><temp name="T1282"/><temp name="T1296"/><temp name="T1254"/><temp name="T1278"/><temp name="T1286"/></temps></instruction><instruction code="INCML T1247, 0"><temps name="use"/><temps name="def"><temp name="T1247"/></temps><temps name="in"><temp name="T1301"/><temp name="T1270"/><temp name="T1261"/><temp name="T1265"/><temp name="T1250"/><temp name="T12"/><temp name="T1274"/><temp name="T1290"/><temp name="T1282"/><temp name="T1296"/><temp name="T1254"/><temp name="T1278"/><temp name="T1286"/></temps><temps name="out"><temp name="T1301"/><temp name="T1270"/><temp name="T1261"/><temp name="T1265"/><temp name="T1250"/><temp name="T12"/><temp name="T1274"/><temp name="T1290"/><temp name="T1282"/><temp name="T1296"/><temp name="T1254"/><temp name="T1278"/><temp name="T1286"/></temps></instruction><instruction code="INCMH T1247, 0"><temps name="use"/><temps name="def"><temp name="T1247"/></temps><temps name="in"><temp name="T1301"/><temp name="T1270"/><temp name="T1261"/><temp name="T1265"/><temp name="T1250"/><temp name="T12"/><temp name="T1274"/><temp name="T1290"/><temp name="T1282"/><temp name="T1296"/><temp name="T1254"/><temp name="T1278"/><temp name="T1286"/></temps><temps name="out"><temp name="T1301"/><temp name="T1270"/><temp name="T1261"/><temp name="T1265"/><temp name="T1250"/><temp name="T12"/><temp name="T1274"/><temp name="T1290"/><temp name="T1282"/><temp name="T1296"/><temp name="T1254"/><temp name="T1278"/><temp name="T1286"/></temps></instruction><instruction code="INCH  T1247, 0"><temps name="use"/><temps name="def"><temp name="T1247"/></temps><temps name="in"><temp name="T1301"/><temp name="T1270"/><temp name="T1261"/><temp name="T1265"/><temp name="T1250"/><temp name="T12"/><temp name="T1274"/><temp name="T1290"/><temp name="T1282"/><temp name="T1296"/><temp name="T1254"/><temp name="T1278"/><temp name="T1286"/></temps><temps name="out"><temp name="T1301"/><temp name="T1270"/><temp name="T1261"/><temp name="T1265"/><temp name="T1250"/><temp name="T1247"/><temp name="T12"/><temp name="T1274"/><temp name="T1290"/><temp name="T1282"/><temp name="T1296"/><temp name="T1254"/><temp name="T1278"/><temp name="T1286"/></temps></instruction><instruction code="OR T267, T1247, 0"><temps name="use"><temp name="T1247"/></temps><temps name="def"><temp name="T267"/></temps><temps name="in"><temp name="T1301"/><temp name="T1270"/><temp name="T1261"/><temp name="T1265"/><temp name="T1250"/><temp name="T1247"/><temp name="T12"/><temp name="T1274"/><temp name="T1290"/><temp name="T1282"/><temp name="T1296"/><temp name="T1254"/><temp name="T1278"/><temp name="T1286"/></temps><temps name="out"><temp name="T1301"/><temp name="T1270"/><temp name="T1261"/><temp name="T1265"/><temp name="T1250"/><temp name="T12"/><temp name="T267"/><temp name="T1274"/><temp name="T1290"/><temp name="T1282"/><temp name="T1296"/><temp name="T1254"/><temp name="T1278"/><temp name="T1286"/></temps></instruction><instruction code="LDO T1251, T1250, 0"><temps name="use"><temp name="T1250"/></temps><temps name="def"><temp name="T1251"/></temps><temps name="in"><temp name="T1301"/><temp name="T1270"/><temp name="T1261"/><temp name="T1265"/><temp name="T1250"/><temp name="T12"/><temp name="T267"/><temp name="T1274"/><temp name="T1290"/><temp name="T1282"/><temp name="T1296"/><temp name="T1254"/><temp name="T1278"/><temp name="T1286"/></temps><temps name="out"><temp name="T1301"/><temp name="T1270"/><temp name="T1261"/><temp name="T1251"/><temp name="T1265"/><temp name="T12"/><temp name="T267"/><temp name="T1274"/><temp name="T1290"/><temp name="T1282"/><temp name="T1296"/><temp name="T1254"/><temp name="T1278"/><temp name="T1286"/></temps></instruction><instruction code="STO T1251, T267, 0"><temps name="use"><temp name="T1251"/><temp name="T267"/></temps><temps name="def"/><temps name="in"><temp name="T1301"/><temp name="T1270"/><temp name="T1261"/><temp name="T1251"/><temp name="T1265"/><temp name="T12"/><temp name="T267"/><temp name="T1274"/><temp name="T1290"/><temp name="T1282"/><temp name="T1296"/><temp name="T1254"/><temp name="T1278"/><temp name="T1286"/></temps><temps name="out"><temp name="T1301"/><temp name="T1270"/><temp name="T1261"/><temp name="T1265"/><temp name="T12"/><temp name="T1274"/><temp name="T1290"/><temp name="T1282"/><temp name="T1296"/><temp name="T1254"/><temp name="T1278"/><temp name="T1286"/></temps></instruction><instruction code="L32"><temps name="use"/><temps name="def"/><temps name="in"><temp name="T1301"/><temp name="T1270"/><temp name="T1261"/><temp name="T1265"/><temp name="T12"/><temp name="T1274"/><temp name="T1290"/><temp name="T1282"/><temp name="T1296"/><temp name="T1254"/><temp name="T1278"/><temp name="T1286"/></temps><temps name="out"><temp name="T1301"/><temp name="T1270"/><temp name="T1261"/><temp name="T1265"/><temp name="T12"/><temp name="T1274"/><temp name="T1290"/><temp name="T1282"/><temp name="T1296"/><temp name="T1254"/><temp name="T1278"/><temp name="T1286"/></temps></instruction><instruction code="OR T268, T12, 0"><temps name="use"><temp name="T12"/></temps><temps name="def"><temp name="T268"/></temps><temps name="in"><temp name="T1301"/><temp name="T1270"/><temp name="T1261"/><temp name="T1265"/><temp name="T12"/><temp name="T1274"/><temp name="T1290"/><temp name="T1282"/><temp name="T1296"/><temp name="T1254"/><temp name="T1278"/><temp name="T1286"/></temps><temps name="out"><temp name="T1301"/><temp name="T1270"/><temp name="T1261"/><temp name="T1265"/><temp name="T12"/><temp name="T1274"/><temp name="T1290"/><temp name="T1282"/><temp name="T268"/><temp name="T1296"/><temp name="T1254"/><temp name="T1278"/><temp name="T1286"/></temps></instruction><instruction code="SETL  T1252, 8"><temps name="use"/><temps name="def"><temp name="T1252"/></temps><temps name="in"><temp name="T1301"/><temp name="T1270"/><temp name="T1261"/><temp name="T1265"/><temp name="T12"/><temp name="T1274"/><temp name="T1290"/><temp name="T1282"/><temp name="T268"/><temp name="T1296"/><temp name="T1254"/><temp name="T1278"/><temp name="T1286"/></temps><temps name="out"><temp name="T1301"/><temp name="T1270"/><temp name="T1261"/><temp name="T1265"/><temp name="T12"/><temp name="T1274"/><temp name="T1290"/><temp name="T1282"/><temp name="T268"/><temp name="T1296"/><temp name="T1254"/><temp name="T1278"/><temp name="T1286"/></temps></instruction><instruction code="INCML T1252, 0"><temps name="use"/><temps name="def"><temp name="T1252"/></temps><temps name="in"><temp name="T1301"/><temp name="T1270"/><temp name="T1261"/><temp name="T1265"/><temp name="T12"/><temp name="T1274"/><temp name="T1290"/><temp name="T1282"/><temp name="T268"/><temp name="T1296"/><temp name="T1254"/><temp name="T1278"/><temp name="T1286"/></temps><temps name="out"><temp name="T1301"/><temp name="T1270"/><temp name="T1261"/><temp name="T1265"/><temp name="T12"/><temp name="T1274"/><temp name="T1290"/><temp name="T1282"/><temp name="T268"/><temp name="T1296"/><temp name="T1254"/><temp name="T1278"/><temp name="T1286"/></temps></instruction><instruction code="INCMH T1252, 0"><temps name="use"/><temps name="def"><temp name="T1252"/></temps><temps name="in"><temp name="T1301"/><temp name="T1270"/><temp name="T1261"/><temp name="T1265"/><temp name="T12"/><temp name="T1274"/><temp name="T1290"/><temp name="T1282"/><temp name="T268"/><temp name="T1296"/><temp name="T1254"/><temp name="T1278"/><temp name="T1286"/></temps><temps name="out"><temp name="T1301"/><temp name="T1270"/><temp name="T1261"/><temp name="T1265"/><temp name="T12"/><temp name="T1274"/><temp name="T1290"/><temp name="T1282"/><temp name="T268"/><temp name="T1296"/><temp name="T1254"/><temp name="T1278"/><temp name="T1286"/></temps></instruction><instruction code="INCH  T1252, 0"><temps name="use"/><temps name="def"><temp name="T1252"/></temps><temps name="in"><temp name="T1301"/><temp name="T1270"/><temp name="T1261"/><temp name="T1265"/><temp name="T12"/><temp name="T1274"/><temp name="T1290"/><temp name="T1282"/><temp name="T268"/><temp name="T1296"/><temp name="T1254"/><temp name="T1278"/><temp name="T1286"/></temps><temps name="out"><temp name="T1301"/><temp name="T1270"/><temp name="T1261"/><temp name="T1265"/><temp name="T12"/><temp name="T1274"/><temp name="T1290"/><temp name="T1282"/><temp name="T268"/><temp name="T1296"/><temp name="T1254"/><temp name="T1252"/><temp name="T1278"/><temp name="T1286"/></temps></instruction><instruction code="OR T269, T1252, 0"><temps name="use"><temp name="T1252"/></temps><temps name="def"><temp name="T269"/></temps><temps name="in"><temp name="T1301"/><temp name="T1270"/><temp name="T1261"/><temp name="T1265"/><temp name="T12"/><temp name="T1274"/><temp name="T1290"/><temp name="T1282"/><temp name="T268"/><temp name="T1296"/><temp name="T1254"/><temp name="T1252"/><temp name="T1278"/><temp name="T1286"/></temps><temps name="out"><temp name="T1301"/><temp name="T1270"/><temp name="T1261"/><temp name="T1265"/><temp name="T269"/><temp name="T12"/><temp name="T1274"/><temp name="T1290"/><temp name="T1282"/><temp name="T268"/><temp name="T1296"/><temp name="T1254"/><temp name="T1278"/><temp name="T1286"/></temps></instruction><instruction code="ADD T1253, T268, T269"><temps name="use"><temp name="T268"/><temp name="T269"/></temps><temps name="def"><temp name="T1253"/></temps><temps name="in"><temp name="T1301"/><temp name="T1270"/><temp name="T1261"/><temp name="T1265"/><temp name="T269"/><temp name="T12"/><temp name="T1274"/><temp name="T1290"/><temp name="T1282"/><temp name="T268"/><temp name="T1296"/><temp name="T1254"/><temp name="T1278"/><temp name="T1286"/></temps><temps name="out"><temp name="T1301"/><temp name="T1270"/><temp name="T1261"/><temp name="T1265"/><temp name="T1253"/><temp name="T12"/><temp name="T1274"/><temp name="T1290"/><temp name="T1282"/><temp name="T1296"/><temp name="T1254"/><temp name="T1278"/><temp name="T1286"/></temps></instruction><instruction code="OR T270, T1253, 0"><temps name="use"><temp name="T1253"/></temps><temps name="def"><temp name="T270"/></temps><temps name="in"><temp name="T1301"/><temp name="T1270"/><temp name="T1261"/><temp name="T1265"/><temp name="T1253"/><temp name="T12"/><temp name="T1274"/><temp name="T1290"/><temp name="T1282"/><temp name="T1296"/><temp name="T1254"/><temp name="T1278"/><temp name="T1286"/></temps><temps name="out"><temp name="T1301"/><temp name="T1270"/><temp name="T1261"/><temp name="T1265"/><temp name="T12"/><temp name="T1274"/><temp name="T1290"/><temp name="T1282"/><temp name="T1296"/><temp name="T1254"/><temp name="T1278"/><temp name="T1286"/></temps></instruction><instruction code="LDO T1255, T1254, 0"><temps name="use"><temp name="T1254"/></temps><temps name="def"><temp name="T1255"/></temps><temps name="in"><temp name="T1301"/><temp name="T1270"/><temp name="T1261"/><temp name="T1265"/><temp name="T12"/><temp name="T1274"/><temp name="T1290"/><temp name="T1282"/><temp name="T1296"/><temp name="T1254"/><temp name="T1278"/><temp name="T1286"/></temps><temps name="out"><temp name="T1301"/><temp name="T1270"/><temp name="T1261"/><temp name="T1265"/><temp name="T12"/><temp name="T1274"/><temp name="T1290"/><temp name="T1282"/><temp name="T1296"/><temp name="T1255"/><temp name="T1254"/><temp name="T1278"/><temp name="T1286"/></temps></instruction><instruction code="OR T271, T1255, 0"><temps name="use"><temp name="T1255"/></temps><temps name="def"><temp name="T271"/></temps><temps name="in"><temp name="T1301"/><temp name="T1270"/><temp name="T1261"/><temp name="T1265"/><temp name="T12"/><temp name="T1274"/><temp name="T1290"/><temp name="T1282"/><temp name="T1296"/><temp name="T1255"/><temp name="T1254"/><temp name="T1278"/><temp name="T1286"/></temps><temps name="out"><temp name="T1301"/><temp name="T1270"/><temp name="T1261"/><temp name="T1265"/><temp name="T271"/><temp name="T12"/><temp name="T1274"/><temp name="T1290"/><temp name="T1282"/><temp name="T1296"/><temp name="T1254"/><temp name="T1278"/><temp name="T1286"/></temps></instruction><instruction code="SETL  T1256, 1"><temps name="use"/><temps name="def"><temp name="T1256"/></temps><temps name="in"><temp name="T1301"/><temp name="T1270"/><temp name="T1261"/><temp name="T1265"/><temp name="T271"/><temp name="T12"/><temp name="T1274"/><temp name="T1290"/><temp name="T1282"/><temp name="T1296"/><temp name="T1254"/><temp name="T1278"/><temp name="T1286"/></temps><temps name="out"><temp name="T1301"/><temp name="T1270"/><temp name="T1261"/><temp name="T1265"/><temp name="T271"/><temp name="T12"/><temp name="T1274"/><temp name="T1290"/><temp name="T1282"/><temp name="T1296"/><temp name="T1254"/><temp name="T1278"/><temp name="T1286"/></temps></instruction><instruction code="INCML T1256, 0"><temps name="use"/><temps name="def"><temp name="T1256"/></temps><temps name="in"><temp name="T1301"/><temp name="T1270"/><temp name="T1261"/><temp name="T1265"/><temp name="T271"/><temp name="T12"/><temp name="T1274"/><temp name="T1290"/><temp name="T1282"/><temp name="T1296"/><temp name="T1254"/><temp name="T1278"/><temp name="T1286"/></temps><temps name="out"><temp name="T1301"/><temp name="T1270"/><temp name="T1261"/><temp name="T1265"/><temp name="T271"/><temp name="T12"/><temp name="T1274"/><temp name="T1290"/><temp name="T1282"/><temp name="T1296"/><temp name="T1254"/><temp name="T1278"/><temp name="T1286"/></temps></instruction><instruction code="INCMH T1256, 0"><temps name="use"/><temps name="def"><temp name="T1256"/></temps><temps name="in"><temp name="T1301"/><temp name="T1270"/><temp name="T1261"/><temp name="T1265"/><temp name="T271"/><temp name="T12"/><temp name="T1274"/><temp name="T1290"/><temp name="T1282"/><temp name="T1296"/><temp name="T1254"/><temp name="T1278"/><temp name="T1286"/></temps><temps name="out"><temp name="T1301"/><temp name="T1270"/><temp name="T1261"/><temp name="T1265"/><temp name="T271"/><temp name="T12"/><temp name="T1274"/><temp name="T1290"/><temp name="T1282"/><temp name="T1296"/><temp name="T1254"/><temp name="T1278"/><temp name="T1286"/></temps></instruction><instruction code="INCH  T1256, 0"><temps name="use"/><temps name="def"><temp name="T1256"/></temps><temps name="in"><temp name="T1301"/><temp name="T1270"/><temp name="T1261"/><temp name="T1265"/><temp name="T271"/><temp name="T12"/><temp name="T1274"/><temp name="T1290"/><temp name="T1282"/><temp name="T1296"/><temp name="T1254"/><temp name="T1278"/><temp name="T1286"/></temps><temps name="out"><temp name="T1301"/><temp name="T1270"/><temp name="T1261"/><temp name="T1265"/><temp name="T271"/><temp name="T12"/><temp name="T1274"/><temp name="T1290"/><temp name="T1282"/><temp name="T1256"/><temp name="T1296"/><temp name="T1254"/><temp name="T1278"/><temp name="T1286"/></temps></instruction><instruction code="OR T272, T1256, 0"><temps name="use"><temp name="T1256"/></temps><temps name="def"><temp name="T272"/></temps><temps name="in"><temp name="T1301"/><temp name="T1270"/><temp name="T1261"/><temp name="T1265"/><temp name="T271"/><temp name="T12"/><temp name="T1274"/><temp name="T1290"/><temp name="T1282"/><temp name="T1256"/><temp name="T1296"/><temp name="T1254"/><temp name="T1278"/><temp name="T1286"/></temps><temps name="out"><temp name="T1301"/><temp name="T1270"/><temp name="T1261"/><temp name="T1265"/><temp name="T271"/><temp name="T12"/><temp name="T1274"/><temp name="T1290"/><temp name="T1282"/><temp name="T1296"/><temp name="T1254"/><temp name="T272"/><temp name="T1278"/><temp name="T1286"/></temps></instruction><instruction code="CMP T1257, T271, T272"><temps name="use"><temp name="T271"/><temp name="T272"/></temps><temps name="def"><temp name="T1257"/></temps><temps name="in"><temp name="T1301"/><temp name="T1270"/><temp name="T1261"/><temp name="T1265"/><temp name="T271"/><temp name="T12"/><temp name="T1274"/><temp name="T1290"/><temp name="T1282"/><temp name="T1296"/><temp name="T1254"/><temp name="T272"/><temp name="T1278"/><temp name="T1286"/></temps><temps name="out"><temp name="T1301"/><temp name="T1270"/><temp name="T1261"/><temp name="T1265"/><temp name="T12"/><temp name="T1274"/><temp name="T1290"/><temp name="T1282"/><temp name="T1296"/><temp name="T1257"/><temp name="T1254"/><temp name="T1278"/><temp name="T1286"/></temps></instruction><instruction code="ZSP T1257, T1257, 1"><temps name="use"><temp name="T1257"/></temps><temps name="def"><temp name="T1257"/></temps><temps name="in"><temp name="T1301"/><temp name="T1270"/><temp name="T1261"/><temp name="T1265"/><temp name="T12"/><temp name="T1274"/><temp name="T1290"/><temp name="T1282"/><temp name="T1296"/><temp name="T1257"/><temp name="T1254"/><temp name="T1278"/><temp name="T1286"/></temps><temps name="out"><temp name="T1301"/><temp name="T1270"/><temp name="T1261"/><temp name="T1265"/><temp name="T12"/><temp name="T1274"/><temp name="T1290"/><temp name="T1282"/><temp name="T1296"/><temp name="T1257"/><temp name="T1254"/><temp name="T1278"/><temp name="T1286"/></temps></instruction><instruction code="OR T273, T1257, 0"><temps name="use"><temp name="T1257"/></temps><temps name="def"><temp name="T273"/></temps><temps name="in"><temp name="T1301"/><temp name="T1270"/><temp name="T1261"/><temp name="T1265"/><temp name="T12"/><temp name="T1274"/><temp name="T1290"/><temp name="T1282"/><temp name="T1296"/><temp name="T1257"/><temp name="T1254"/><temp name="T1278"/><temp name="T1286"/></temps><temps name="out"><temp name="T1301"/><temp name="T1270"/><temp name="T1261"/><temp name="T1265"/><temp name="T12"/><temp name="T1274"/><temp name="T273"/><temp name="T1290"/><temp name="T1282"/><temp name="T1296"/><temp name="T1254"/><temp name="T1278"/><temp name="T1286"/></temps></instruction><instruction code="BNZ T273, L33"><temps name="use"><temp name="T273"/></temps><temps name="def"/><temps name="in"><temp name="T1301"/><temp name="T1270"/><temp name="T1261"/><temp name="T1265"/><temp name="T12"/><temp name="T1274"/><temp name="T273"/><temp name="T1290"/><temp name="T1282"/><temp name="T1296"/><temp name="T1254"/><temp name="T1278"/><temp name="T1286"/></temps><temps name="out"><temp name="T1301"/><temp name="T1270"/><temp name="T1261"/><temp name="T1265"/><temp name="T12"/><temp name="T1274"/><temp name="T1290"/><temp name="T1282"/><temp name="T1296"/><temp name="T1254"/><temp name="T1278"/><temp name="T1286"/></temps></instruction><instruction code="L117"><temps name="use"/><temps name="def"/><temps name="in"><temp name="T1301"/><temp name="T1270"/><temp name="T1261"/><temp name="T1265"/><temp name="T12"/><temp name="T1274"/><temp name="T1290"/><temp name="T1282"/><temp name="T1296"/><temp name="T1254"/><temp name="T1278"/><temp name="T1286"/></temps><temps name="out"><temp name="T1301"/><temp name="T1270"/><temp name="T1261"/><temp name="T1265"/><temp name="T12"/><temp name="T1274"/><temp name="T1290"/><temp name="T1282"/><temp name="T1296"/><temp name="T1254"/><temp name="T1278"/><temp name="T1286"/></temps></instruction><instruction code="LDA T1258, L34"><temps name="use"/><temps name="def"><temp name="T1258"/></temps><temps name="in"><temp name="T1301"/><temp name="T1270"/><temp name="T1261"/><temp name="T1265"/><temp name="T12"/><temp name="T1274"/><temp name="T1290"/><temp name="T1282"/><temp name="T1296"/><temp name="T1254"/><temp name="T1278"/><temp name="T1286"/></temps><temps name="out"><temp name="T1301"/><temp name="T1270"/><temp name="T1261"/><temp name="T1265"/><temp name="T12"/><temp name="T1274"/><temp name="T1258"/><temp name="T1290"/><temp name="T1282"/><temp name="T1296"/><temp name="T1254"/><temp name="T1278"/><temp name="T1286"/></temps></instruction><instruction code="GO T1258, T1258, 0"><temps name="use"><temp name="T1258"/></temps><temps name="def"><temp name="T1258"/></temps><temps name="in"><temp name="T1301"/><temp name="T1270"/><temp name="T1261"/><temp name="T1265"/><temp name="T12"/><temp name="T1274"/><temp name="T1258"/><temp name="T1290"/><temp name="T1282"/><temp name="T1296"/><temp name="T1254"/><temp name="T1278"/><temp name="T1286"/></temps><temps name="out"><temp name="T1301"/><temp name="T1270"/><temp name="T1261"/><temp name="T1265"/><temp name="T12"/><temp name="T1274"/><temp name="T1290"/><temp name="T1282"/><temp name="T1296"/><temp name="T1254"/><temp name="T1278"/><temp name="T1286"/></temps></instruction><instruction code="L33"><temps name="use"/><temps name="def"/><temps name="in"><temp name="T1270"/><temp name="T1301"/><temp name="T1261"/><temp name="T1265"/><temp name="T12"/><temp name="T1274"/><temp name="T1290"/><temp name="T1282"/><temp name="T1296"/><temp name="T1254"/><temp name="T1278"/><temp name="T1286"/></temps><temps name="out"><temp name="T1270"/><temp name="T1301"/><temp name="T1261"/><temp name="T1265"/><temp name="T12"/><temp name="T1274"/><temp name="T1290"/><temp name="T1282"/><temp name="T1296"/><temp name="T1254"/><temp name="T1278"/><temp name="T1286"/></temps></instruction><instruction code="OR T274, T12, 0"><temps name="use"><temp name="T12"/></temps><temps name="def"><temp name="T274"/></temps><temps name="in"><temp name="T1270"/><temp name="T1301"/><temp name="T1261"/><temp name="T1265"/><temp name="T12"/><temp name="T1274"/><temp name="T1290"/><temp name="T1282"/><temp name="T1296"/><temp name="T1254"/><temp name="T1278"/><temp name="T1286"/></temps><temps name="out"><temp name="T1270"/><temp name="T1301"/><temp name="T1261"/><temp name="T1265"/><temp name="T12"/><temp name="T274"/><temp name="T1274"/><temp name="T1290"/><temp name="T1282"/><temp name="T1296"/><temp name="T1254"/><temp name="T1278"/><temp name="T1286"/></temps></instruction><instruction code="SETL  T1259, 16"><temps name="use"/><temps name="def"><temp name="T1259"/></temps><temps name="in"><temp name="T1270"/><temp name="T1301"/><temp name="T1261"/><temp name="T1265"/><temp name="T12"/><temp name="T274"/><temp name="T1274"/><temp name="T1290"/><temp name="T1282"/><temp name="T1296"/><temp name="T1254"/><temp name="T1278"/><temp name="T1286"/></temps><temps name="out"><temp name="T1270"/><temp name="T1301"/><temp name="T1261"/><temp name="T1265"/><temp name="T12"/><temp name="T274"/><temp name="T1274"/><temp name="T1290"/><temp name="T1282"/><temp name="T1296"/><temp name="T1254"/><temp name="T1278"/><temp name="T1286"/></temps></instruction><instruction code="INCML T1259, 0"><temps name="use"/><temps name="def"><temp name="T1259"/></temps><temps name="in"><temp name="T1270"/><temp name="T1301"/><temp name="T1261"/><temp name="T1265"/><temp name="T12"/><temp name="T274"/><temp name="T1274"/><temp name="T1290"/><temp name="T1282"/><temp name="T1296"/><temp name="T1254"/><temp name="T1278"/><temp name="T1286"/></temps><temps name="out"><temp name="T1270"/><temp name="T1301"/><temp name="T1261"/><temp name="T1265"/><temp name="T12"/><temp name="T274"/><temp name="T1274"/><temp name="T1290"/><temp name="T1282"/><temp name="T1296"/><temp name="T1254"/><temp name="T1278"/><temp name="T1286"/></temps></instruction><instruction code="INCMH T1259, 0"><temps name="use"/><temps name="def"><temp name="T1259"/></temps><temps name="in"><temp name="T1270"/><temp name="T1301"/><temp name="T1261"/><temp name="T1265"/><temp name="T12"/><temp name="T274"/><temp name="T1274"/><temp name="T1290"/><temp name="T1282"/><temp name="T1296"/><temp name="T1254"/><temp name="T1278"/><temp name="T1286"/></temps><temps name="out"><temp name="T1270"/><temp name="T1301"/><temp name="T1261"/><temp name="T1265"/><temp name="T12"/><temp name="T274"/><temp name="T1274"/><temp name="T1290"/><temp name="T1282"/><temp name="T1296"/><temp name="T1254"/><temp name="T1278"/><temp name="T1286"/></temps></instruction><instruction code="INCH  T1259, 0"><temps name="use"/><temps name="def"><temp name="T1259"/></temps><temps name="in"><temp name="T1270"/><temp name="T1301"/><temp name="T1261"/><temp name="T1265"/><temp name="T12"/><temp name="T274"/><temp name="T1274"/><temp name="T1290"/><temp name="T1282"/><temp name="T1296"/><temp name="T1254"/><temp name="T1278"/><temp name="T1286"/></temps><temps name="out"><temp name="T1270"/><temp name="T1301"/><temp name="T1261"/><temp name="T1265"/><temp name="T12"/><temp name="T1259"/><temp name="T274"/><temp name="T1274"/><temp name="T1290"/><temp name="T1282"/><temp name="T1296"/><temp name="T1254"/><temp name="T1278"/><temp name="T1286"/></temps></instruction><instruction code="NEG T1259, 0, T1259"><temps name="use"><temp name="T1259"/></temps><temps name="def"><temp name="T1259"/></temps><temps name="in"><temp name="T1270"/><temp name="T1301"/><temp name="T1261"/><temp name="T1265"/><temp name="T12"/><temp name="T1259"/><temp name="T274"/><temp name="T1274"/><temp name="T1290"/><temp name="T1282"/><temp name="T1296"/><temp name="T1254"/><temp name="T1278"/><temp name="T1286"/></temps><temps name="out"><temp name="T1270"/><temp name="T1301"/><temp name="T1261"/><temp name="T1265"/><temp name="T12"/><temp name="T1259"/><temp name="T274"/><temp name="T1274"/><temp name="T1290"/><temp name="T1282"/><temp name="T1296"/><temp name="T1254"/><temp name="T1278"/><temp name="T1286"/></temps></instruction><instruction code="OR T275, T1259, 0"><temps name="use"><temp name="T1259"/></temps><temps name="def"><temp name="T275"/></temps><temps name="in"><temp name="T1270"/><temp name="T1301"/><temp name="T1261"/><temp name="T1265"/><temp name="T12"/><temp name="T1259"/><temp name="T274"/><temp name="T1274"/><temp name="T1290"/><temp name="T1282"/><temp name="T1296"/><temp name="T1254"/><temp name="T1278"/><temp name="T1286"/></temps><temps name="out"><temp name="T1270"/><temp name="T1301"/><temp name="T1261"/><temp name="T1265"/><temp name="T12"/><temp name="T274"/><temp name="T1274"/><temp name="T275"/><temp name="T1290"/><temp name="T1282"/><temp name="T1296"/><temp name="T1254"/><temp name="T1278"/><temp name="T1286"/></temps></instruction><instruction code="ADD T1260, T274, T275"><temps name="use"><temp name="T274"/><temp name="T275"/></temps><temps name="def"><temp name="T1260"/></temps><temps name="in"><temp name="T1270"/><temp name="T1301"/><temp name="T1261"/><temp name="T1265"/><temp name="T12"/><temp name="T274"/><temp name="T1274"/><temp name="T275"/><temp name="T1290"/><temp name="T1282"/><temp name="T1296"/><temp name="T1254"/><temp name="T1278"/><temp name="T1286"/></temps><temps name="out"><temp name="T1270"/><temp name="T1301"/><temp name="T1261"/><temp name="T1265"/><temp name="T12"/><temp name="T1274"/><temp name="T1260"/><temp name="T1290"/><temp name="T1282"/><temp name="T1296"/><temp name="T1254"/><temp name="T1278"/><temp name="T1286"/></temps></instruction><instruction code="OR T276, T1260, 0"><temps name="use"><temp name="T1260"/></temps><temps name="def"><temp name="T276"/></temps><temps name="in"><temp name="T1270"/><temp name="T1301"/><temp name="T1261"/><temp name="T1265"/><temp name="T12"/><temp name="T1274"/><temp name="T1260"/><temp name="T1290"/><temp name="T1282"/><temp name="T1296"/><temp name="T1254"/><temp name="T1278"/><temp name="T1286"/></temps><temps name="out"><temp name="T1270"/><temp name="T1301"/><temp name="T1261"/><temp name="T1265"/><temp name="T12"/><temp name="T1274"/><temp name="T1290"/><temp name="T1282"/><temp name="T1296"/><temp name="T1254"/><temp name="T1278"/><temp name="T1286"/></temps></instruction><instruction code="LDO T1262, T1261, 0"><temps name="use"><temp name="T1261"/></temps><temps name="def"><temp name="T1262"/></temps><temps name="in"><temp name="T1270"/><temp name="T1301"/><temp name="T1261"/><temp name="T1265"/><temp name="T12"/><temp name="T1274"/><temp name="T1290"/><temp name="T1282"/><temp name="T1296"/><temp name="T1254"/><temp name="T1278"/><temp name="T1286"/></temps><temps name="out"><temp name="T1270"/><temp name="T1301"/><temp name="T1261"/><temp name="T1265"/><temp name="T1262"/><temp name="T12"/><temp name="T1274"/><temp name="T1290"/><temp name="T1282"/><temp name="T1296"/><temp name="T1254"/><temp name="T1278"/><temp name="T1286"/></temps></instruction><instruction code="OR T277, T1262, 0"><temps name="use"><temp name="T1262"/></temps><temps name="def"><temp name="T277"/></temps><temps name="in"><temp name="T1270"/><temp name="T1301"/><temp name="T1261"/><temp name="T1265"/><temp name="T1262"/><temp name="T12"/><temp name="T1274"/><temp name="T1290"/><temp name="T1282"/><temp name="T1296"/><temp name="T1254"/><temp name="T1278"/><temp name="T1286"/></temps><temps name="out"><temp name="T1270"/><temp name="T1301"/><temp name="T1261"/><temp name="T1265"/><temp name="T12"/><temp name="T1274"/><temp name="T277"/><temp name="T1290"/><temp name="T1282"/><temp name="T1296"/><temp name="T1254"/><temp name="T1278"/><temp name="T1286"/></temps></instruction><instruction code="OR T278, T12, 0"><temps name="use"><temp name="T12"/></temps><temps name="def"><temp name="T278"/></temps><temps name="in"><temp name="T1270"/><temp name="T1301"/><temp name="T1261"/><temp name="T1265"/><temp name="T12"/><temp name="T1274"/><temp name="T277"/><temp name="T1290"/><temp name="T1282"/><temp name="T1296"/><temp name="T1254"/><temp name="T1278"/><temp name="T1286"/></temps><temps name="out"><temp name="T1270"/><temp name="T1301"/><temp name="T1261"/><temp name="T1265"/><temp name="T12"/><temp name="T1274"/><temp name="T277"/><temp name="T1290"/><temp name="T1282"/><temp name="T1296"/><temp name="T278"/><temp name="T1254"/><temp name="T1278"/><temp name="T1286"/></temps></instruction><instruction code="SETL  T1263, 24"><temps name="use"/><temps name="def"><temp name="T1263"/></temps><temps name="in"><temp name="T1270"/><temp name="T1301"/><temp name="T1261"/><temp name="T1265"/><temp name="T12"/><temp name="T1274"/><temp name="T277"/><temp name="T1290"/><temp name="T1282"/><temp name="T1296"/><temp name="T278"/><temp name="T1254"/><temp name="T1278"/><temp name="T1286"/></temps><temps name="out"><temp name="T1270"/><temp name="T1301"/><temp name="T1261"/><temp name="T1265"/><temp name="T12"/><temp name="T1274"/><temp name="T277"/><temp name="T1290"/><temp name="T1282"/><temp name="T1296"/><temp name="T278"/><temp name="T1254"/><temp name="T1278"/><temp name="T1286"/></temps></instruction><instruction code="INCML T1263, 0"><temps name="use"/><temps name="def"><temp name="T1263"/></temps><temps name="in"><temp name="T1270"/><temp name="T1301"/><temp name="T1261"/><temp name="T1265"/><temp name="T12"/><temp name="T1274"/><temp name="T277"/><temp name="T1290"/><temp name="T1282"/><temp name="T1296"/><temp name="T278"/><temp name="T1254"/><temp name="T1278"/><temp name="T1286"/></temps><temps name="out"><temp name="T1270"/><temp name="T1301"/><temp name="T1261"/><temp name="T1265"/><temp name="T12"/><temp name="T1274"/><temp name="T277"/><temp name="T1290"/><temp name="T1282"/><temp name="T1296"/><temp name="T278"/><temp name="T1254"/><temp name="T1278"/><temp name="T1286"/></temps></instruction><instruction code="INCMH T1263, 0"><temps name="use"/><temps name="def"><temp name="T1263"/></temps><temps name="in"><temp name="T1270"/><temp name="T1301"/><temp name="T1261"/><temp name="T1265"/><temp name="T12"/><temp name="T1274"/><temp name="T277"/><temp name="T1290"/><temp name="T1282"/><temp name="T1296"/><temp name="T278"/><temp name="T1254"/><temp name="T1278"/><temp name="T1286"/></temps><temps name="out"><temp name="T1270"/><temp name="T1301"/><temp name="T1261"/><temp name="T1265"/><temp name="T12"/><temp name="T1274"/><temp name="T277"/><temp name="T1290"/><temp name="T1282"/><temp name="T1296"/><temp name="T278"/><temp name="T1254"/><temp name="T1278"/><temp name="T1286"/></temps></instruction><instruction code="INCH  T1263, 0"><temps name="use"/><temps name="def"><temp name="T1263"/></temps><temps name="in"><temp name="T1270"/><temp name="T1301"/><temp name="T1261"/><temp name="T1265"/><temp name="T12"/><temp name="T1274"/><temp name="T277"/><temp name="T1290"/><temp name="T1282"/><temp name="T1296"/><temp name="T278"/><temp name="T1254"/><temp name="T1278"/><temp name="T1286"/></temps><temps name="out"><temp name="T1270"/><temp name="T1301"/><temp name="T1261"/><temp name="T1265"/><temp name="T12"/><temp name="T1274"/><temp name="T277"/><temp name="T1290"/><temp name="T1282"/><temp name="T1263"/><temp name="T1296"/><temp name="T278"/><temp name="T1254"/><temp name="T1278"/><temp name="T1286"/></temps></instruction><instruction code="NEG T1263, 0, T1263"><temps name="use"><temp name="T1263"/></temps><temps name="def"><temp name="T1263"/></temps><temps name="in"><temp name="T1270"/><temp name="T1301"/><temp name="T1261"/><temp name="T1265"/><temp name="T12"/><temp name="T1274"/><temp name="T277"/><temp name="T1290"/><temp name="T1282"/><temp name="T1263"/><temp name="T1296"/><temp name="T278"/><temp name="T1254"/><temp name="T1278"/><temp name="T1286"/></temps><temps name="out"><temp name="T1270"/><temp name="T1301"/><temp name="T1261"/><temp name="T1265"/><temp name="T12"/><temp name="T1274"/><temp name="T277"/><temp name="T1290"/><temp name="T1282"/><temp name="T1263"/><temp name="T1296"/><temp name="T278"/><temp name="T1254"/><temp name="T1278"/><temp name="T1286"/></temps></instruction><instruction code="OR T279, T1263, 0"><temps name="use"><temp name="T1263"/></temps><temps name="def"><temp name="T279"/></temps><temps name="in"><temp name="T1270"/><temp name="T1301"/><temp name="T1261"/><temp name="T1265"/><temp name="T12"/><temp name="T1274"/><temp name="T277"/><temp name="T1290"/><temp name="T1282"/><temp name="T1263"/><temp name="T1296"/><temp name="T278"/><temp name="T1254"/><temp name="T1278"/><temp name="T1286"/></temps><temps name="out"><temp name="T1270"/><temp name="T1301"/><temp name="T1261"/><temp name="T1265"/><temp name="T12"/><temp name="T1274"/><temp name="T277"/><temp name="T279"/><temp name="T1290"/><temp name="T1282"/><temp name="T1296"/><temp name="T278"/><temp name="T1254"/><temp name="T1278"/><temp name="T1286"/></temps></instruction><instruction code="ADD T1264, T278, T279"><temps name="use"><temp name="T278"/><temp name="T279"/></temps><temps name="def"><temp name="T1264"/></temps><temps name="in"><temp name="T1270"/><temp name="T1301"/><temp name="T1261"/><temp name="T1265"/><temp name="T12"/><temp name="T1274"/><temp name="T277"/><temp name="T279"/><temp name="T1290"/><temp name="T1282"/><temp name="T1296"/><temp name="T278"/><temp name="T1254"/><temp name="T1278"/><temp name="T1286"/></temps><temps name="out"><temp name="T1270"/><temp name="T1301"/><temp name="T1261"/><temp name="T1265"/><temp name="T12"/><temp name="T1274"/><temp name="T277"/><temp name="T1290"/><temp name="T1282"/><temp name="T1296"/><temp name="T1254"/><temp name="T1278"/><temp name="T1264"/><temp name="T1286"/></temps></instruction><instruction code="OR T280, T1264, 0"><temps name="use"><temp name="T1264"/></temps><temps name="def"><temp name="T280"/></temps><temps name="in"><temp name="T1270"/><temp name="T1301"/><temp name="T1261"/><temp name="T1265"/><temp name="T12"/><temp name="T1274"/><temp name="T277"/><temp name="T1290"/><temp name="T1282"/><temp name="T1296"/><temp name="T1254"/><temp name="T1278"/><temp name="T1264"/><temp name="T1286"/></temps><temps name="out"><temp name="T1270"/><temp name="T1301"/><temp name="T1261"/><temp name="T1265"/><temp name="T12"/><temp name="T1274"/><temp name="T277"/><temp name="T1290"/><temp name="T1282"/><temp name="T1296"/><temp name="T1254"/><temp name="T1278"/><temp name="T1286"/></temps></instruction><instruction code="LDO T1266, T1265, 0"><temps name="use"><temp name="T1265"/></temps><temps name="def"><temp name="T1266"/></temps><temps name="in"><temp name="T1270"/><temp name="T1301"/><temp name="T1261"/><temp name="T1265"/><temp name="T12"/><temp name="T1274"/><temp name="T277"/><temp name="T1290"/><temp name="T1282"/><temp name="T1296"/><temp name="T1254"/><temp name="T1278"/><temp name="T1286"/></temps><temps name="out"><temp name="T1270"/><temp name="T1301"/><temp name="T1261"/><temp name="T1265"/><temp name="T1266"/><temp name="T12"/><temp name="T1274"/><temp name="T277"/><temp name="T1290"/><temp name="T1282"/><temp name="T1296"/><temp name="T1254"/><temp name="T1278"/><temp name="T1286"/></temps></instruction><instruction code="OR T281, T1266, 0"><temps name="use"><temp name="T1266"/></temps><temps name="def"><temp name="T281"/></temps><temps name="in"><temp name="T1270"/><temp name="T1301"/><temp name="T1261"/><temp name="T1265"/><temp name="T1266"/><temp name="T12"/><temp name="T1274"/><temp name="T277"/><temp name="T1290"/><temp name="T1282"/><temp name="T1296"/><temp name="T1254"/><temp name="T1278"/><temp name="T1286"/></temps><temps name="out"><temp name="T1270"/><temp name="T1301"/><temp name="T1261"/><temp name="T1265"/><temp name="T281"/><temp name="T12"/><temp name="T1274"/><temp name="T277"/><temp name="T1290"/><temp name="T1282"/><temp name="T1296"/><temp name="T1254"/><temp name="T1278"/><temp name="T1286"/></temps></instruction><instruction code="ADD T1267, T277, T281"><temps name="use"><temp name="T277"/><temp name="T281"/></temps><temps name="def"><temp name="T1267"/></temps><temps name="in"><temp name="T1270"/><temp name="T1301"/><temp name="T1261"/><temp name="T1265"/><temp name="T281"/><temp name="T12"/><temp name="T1274"/><temp name="T277"/><temp name="T1290"/><temp name="T1282"/><temp name="T1296"/><temp name="T1254"/><temp name="T1278"/><temp name="T1286"/></temps><temps name="out"><temp name="T1270"/><temp name="T1301"/><temp name="T1261"/><temp name="T1265"/><temp name="T12"/><temp name="T1274"/><temp name="T1267"/><temp name="T1290"/><temp name="T1282"/><temp name="T1296"/><temp name="T1254"/><temp name="T1278"/><temp name="T1286"/></temps></instruction><instruction code="OR T282, T1267, 0"><temps name="use"><temp name="T1267"/></temps><temps name="def"><temp name="T282"/></temps><temps name="in"><temp name="T1270"/><temp name="T1301"/><temp name="T1261"/><temp name="T1265"/><temp name="T12"/><temp name="T1274"/><temp name="T1267"/><temp name="T1290"/><temp name="T1282"/><temp name="T1296"/><temp name="T1254"/><temp name="T1278"/><temp name="T1286"/></temps><temps name="out"><temp name="T1270"/><temp name="T1301"/><temp name="T1261"/><temp name="T1265"/><temp name="T12"/><temp name="T1274"/><temp name="T1290"/><temp name="T1282"/><temp name="T1296"/><temp name="T282"/><temp name="T1254"/><temp name="T1278"/><temp name="T1286"/></temps></instruction><instruction code="LDO T1271, T1270, 0"><temps name="use"><temp name="T1270"/></temps><temps name="def"><temp name="T1271"/></temps><temps name="in"><temp name="T1270"/><temp name="T1301"/><temp name="T1261"/><temp name="T1265"/><temp name="T12"/><temp name="T1274"/><temp name="T1290"/><temp name="T1282"/><temp name="T1296"/><temp name="T282"/><temp name="T1254"/><temp name="T1278"/><temp name="T1286"/></temps><temps name="out"><temp name="T1301"/><temp name="T1270"/><temp name="T1261"/><temp name="T1265"/><temp name="T12"/><temp name="T1274"/><temp name="T1271"/><temp name="T1290"/><temp name="T1282"/><temp name="T1296"/><temp name="T282"/><temp name="T1254"/><temp name="T1278"/><temp name="T1286"/></temps></instruction><instruction code="STO T1271, T282, 0"><temps name="use"><temp name="T1271"/><temp name="T282"/></temps><temps name="def"/><temps name="in"><temp name="T1301"/><temp name="T1270"/><temp name="T1261"/><temp name="T1265"/><temp name="T12"/><temp name="T1274"/><temp name="T1271"/><temp name="T1290"/><temp name="T1282"/><temp name="T1296"/><temp name="T282"/><temp name="T1254"/><temp name="T1278"/><temp name="T1286"/></temps><temps name="out"><temp name="T1301"/><temp name="T1270"/><temp name="T1261"/><temp name="T1265"/><temp name="T12"/><temp name="T1274"/><temp name="T1290"/><temp name="T1282"/><temp name="T1296"/><temp name="T1254"/><temp name="T1278"/><temp name="T1286"/></temps></instruction><instruction code="OR T283, T12, 0"><temps name="use"><temp name="T12"/></temps><temps name="def"><temp name="T283"/></temps><temps name="in"><temp name="T1301"/><temp name="T1270"/><temp name="T1261"/><temp name="T1265"/><temp name="T12"/><temp name="T1274"/><temp name="T1290"/><temp name="T1282"/><temp name="T1296"/><temp name="T1254"/><temp name="T1278"/><temp name="T1286"/></temps><temps name="out"><temp name="T1301"/><temp name="T1270"/><temp name="T1261"/><temp name="T1265"/><temp name="T12"/><temp name="T283"/><temp name="T1274"/><temp name="T1290"/><temp name="T1282"/><temp name="T1296"/><temp name="T1254"/><temp name="T1278"/><temp name="T1286"/></temps></instruction><instruction code="SETL  T1272, 16"><temps name="use"/><temps name="def"><temp name="T1272"/></temps><temps name="in"><temp name="T1301"/><temp name="T1270"/><temp name="T1261"/><temp name="T1265"/><temp name="T12"/><temp name="T283"/><temp name="T1274"/><temp name="T1290"/><temp name="T1282"/><temp name="T1296"/><temp name="T1254"/><temp name="T1278"/><temp name="T1286"/></temps><temps name="out"><temp name="T1301"/><temp name="T1270"/><temp name="T1261"/><temp name="T1265"/><temp name="T12"/><temp name="T283"/><temp name="T1274"/><temp name="T1290"/><temp name="T1282"/><temp name="T1296"/><temp name="T1254"/><temp name="T1278"/><temp name="T1286"/></temps></instruction><instruction code="INCML T1272, 0"><temps name="use"/><temps name="def"><temp name="T1272"/></temps><temps name="in"><temp name="T1301"/><temp name="T1270"/><temp name="T1261"/><temp name="T1265"/><temp name="T12"/><temp name="T283"/><temp name="T1274"/><temp name="T1290"/><temp name="T1282"/><temp name="T1296"/><temp name="T1254"/><temp name="T1278"/><temp name="T1286"/></temps><temps name="out"><temp name="T1301"/><temp name="T1270"/><temp name="T1261"/><temp name="T1265"/><temp name="T12"/><temp name="T283"/><temp name="T1274"/><temp name="T1290"/><temp name="T1282"/><temp name="T1296"/><temp name="T1254"/><temp name="T1278"/><temp name="T1286"/></temps></instruction><instruction code="INCMH T1272, 0"><temps name="use"/><temps name="def"><temp name="T1272"/></temps><temps name="in"><temp name="T1301"/><temp name="T1270"/><temp name="T1261"/><temp name="T1265"/><temp name="T12"/><temp name="T283"/><temp name="T1274"/><temp name="T1290"/><temp name="T1282"/><temp name="T1296"/><temp name="T1254"/><temp name="T1278"/><temp name="T1286"/></temps><temps name="out"><temp name="T1301"/><temp name="T1270"/><temp name="T1261"/><temp name="T1265"/><temp name="T12"/><temp name="T283"/><temp name="T1274"/><temp name="T1290"/><temp name="T1282"/><temp name="T1296"/><temp name="T1254"/><temp name="T1278"/><temp name="T1286"/></temps></instruction><instruction code="INCH  T1272, 0"><temps name="use"/><temps name="def"><temp name="T1272"/></temps><temps name="in"><temp name="T1301"/><temp name="T1270"/><temp name="T1261"/><temp name="T1265"/><temp name="T12"/><temp name="T283"/><temp name="T1274"/><temp name="T1290"/><temp name="T1282"/><temp name="T1296"/><temp name="T1254"/><temp name="T1278"/><temp name="T1286"/></temps><temps name="out"><temp name="T1301"/><temp name="T1270"/><temp name="T1261"/><temp name="T1265"/><temp name="T12"/><temp name="T283"/><temp name="T1274"/><temp name="T1290"/><temp name="T1272"/><temp name="T1282"/><temp name="T1296"/><temp name="T1254"/><temp name="T1278"/><temp name="T1286"/></temps></instruction><instruction code="NEG T1272, 0, T1272"><temps name="use"><temp name="T1272"/></temps><temps name="def"><temp name="T1272"/></temps><temps name="in"><temp name="T1301"/><temp name="T1270"/><temp name="T1261"/><temp name="T1265"/><temp name="T12"/><temp name="T283"/><temp name="T1274"/><temp name="T1290"/><temp name="T1272"/><temp name="T1282"/><temp name="T1296"/><temp name="T1254"/><temp name="T1278"/><temp name="T1286"/></temps><temps name="out"><temp name="T1301"/><temp name="T1270"/><temp name="T1261"/><temp name="T1265"/><temp name="T12"/><temp name="T283"/><temp name="T1274"/><temp name="T1290"/><temp name="T1272"/><temp name="T1282"/><temp name="T1296"/><temp name="T1254"/><temp name="T1278"/><temp name="T1286"/></temps></instruction><instruction code="OR T284, T1272, 0"><temps name="use"><temp name="T1272"/></temps><temps name="def"><temp name="T284"/></temps><temps name="in"><temp name="T1301"/><temp name="T1270"/><temp name="T1261"/><temp name="T1265"/><temp name="T12"/><temp name="T283"/><temp name="T1274"/><temp name="T1290"/><temp name="T1272"/><temp name="T1282"/><temp name="T1296"/><temp name="T1254"/><temp name="T1278"/><temp name="T1286"/></temps><temps name="out"><temp name="T284"/><temp name="T1301"/><temp name="T1270"/><temp name="T1261"/><temp name="T1265"/><temp name="T12"/><temp name="T283"/><temp name="T1274"/><temp name="T1290"/><temp name="T1282"/><temp name="T1296"/><temp name="T1254"/><temp name="T1278"/><temp name="T1286"/></temps></instruction><instruction code="ADD T1273, T283, T284"><temps name="use"><temp name="T283"/><temp name="T284"/></temps><temps name="def"><temp name="T1273"/></temps><temps name="in"><temp name="T284"/><temp name="T1301"/><temp name="T1270"/><temp name="T1261"/><temp name="T1265"/><temp name="T12"/><temp name="T283"/><temp name="T1274"/><temp name="T1290"/><temp name="T1282"/><temp name="T1296"/><temp name="T1254"/><temp name="T1278"/><temp name="T1286"/></temps><temps name="out"><temp name="T1301"/><temp name="T1270"/><temp name="T1261"/><temp name="T1265"/><temp name="T12"/><temp name="T1273"/><temp name="T1274"/><temp name="T1290"/><temp name="T1282"/><temp name="T1296"/><temp name="T1254"/><temp name="T1278"/><temp name="T1286"/></temps></instruction><instruction code="OR T285, T1273, 0"><temps name="use"><temp name="T1273"/></temps><temps name="def"><temp name="T285"/></temps><temps name="in"><temp name="T1301"/><temp name="T1270"/><temp name="T1261"/><temp name="T1265"/><temp name="T12"/><temp name="T1273"/><temp name="T1274"/><temp name="T1290"/><temp name="T1282"/><temp name="T1296"/><temp name="T1254"/><temp name="T1278"/><temp name="T1286"/></temps><temps name="out"><temp name="T1301"/><temp name="T1270"/><temp name="T1261"/><temp name="T1265"/><temp name="T12"/><temp name="T1274"/><temp name="T1290"/><temp name="T1282"/><temp name="T1296"/><temp name="T1254"/><temp name="T1278"/><temp name="T1286"/></temps></instruction><instruction code="LDO T1275, T1274, 0"><temps name="use"><temp name="T1274"/></temps><temps name="def"><temp name="T1275"/></temps><temps name="in"><temp name="T1301"/><temp name="T1270"/><temp name="T1261"/><temp name="T1265"/><temp name="T12"/><temp name="T1274"/><temp name="T1290"/><temp name="T1282"/><temp name="T1296"/><temp name="T1254"/><temp name="T1278"/><temp name="T1286"/></temps><temps name="out"><temp name="T1301"/><temp name="T1270"/><temp name="T1261"/><temp name="T1265"/><temp name="T12"/><temp name="T1274"/><temp name="T1275"/><temp name="T1290"/><temp name="T1282"/><temp name="T1296"/><temp name="T1254"/><temp name="T1278"/><temp name="T1286"/></temps></instruction><instruction code="OR T286, T1275, 0"><temps name="use"><temp name="T1275"/></temps><temps name="def"><temp name="T286"/></temps><temps name="in"><temp name="T1301"/><temp name="T1270"/><temp name="T1261"/><temp name="T1265"/><temp name="T12"/><temp name="T1274"/><temp name="T1275"/><temp name="T1290"/><temp name="T1282"/><temp name="T1296"/><temp name="T1254"/><temp name="T1278"/><temp name="T1286"/></temps><temps name="out"><temp name="T1301"/><temp name="T1270"/><temp name="T1261"/><temp name="T1265"/><temp name="T12"/><temp name="T286"/><temp name="T1274"/><temp name="T1290"/><temp name="T1282"/><temp name="T1296"/><temp name="T1254"/><temp name="T1278"/><temp name="T1286"/></temps></instruction><instruction code="LDO T1279, T1278, 0"><temps name="use"><temp name="T1278"/></temps><temps name="def"><temp name="T1279"/></temps><temps name="in"><temp name="T1301"/><temp name="T1270"/><temp name="T1261"/><temp name="T1265"/><temp name="T12"/><temp name="T286"/><temp name="T1274"/><temp name="T1290"/><temp name="T1282"/><temp name="T1296"/><temp name="T1254"/><temp name="T1278"/><temp name="T1286"/></temps><temps name="out"><temp name="T1301"/><temp name="T1270"/><temp name="T1261"/><temp name="T1265"/><temp name="T12"/><temp name="T286"/><temp name="T1274"/><temp name="T1290"/><temp name="T1282"/><temp name="T1296"/><temp name="T1254"/><temp name="T1278"/><temp name="T1279"/><temp name="T1286"/></temps></instruction><instruction code="STO T1279, T286, 0"><temps name="use"><temp name="T1279"/><temp name="T286"/></temps><temps name="def"/><temps name="in"><temp name="T1301"/><temp name="T1270"/><temp name="T1261"/><temp name="T1265"/><temp name="T12"/><temp name="T286"/><temp name="T1274"/><temp name="T1290"/><temp name="T1282"/><temp name="T1296"/><temp name="T1254"/><temp name="T1278"/><temp name="T1279"/><temp name="T1286"/></temps><temps name="out"><temp name="T1301"/><temp name="T1270"/><temp name="T1261"/><temp name="T1265"/><temp name="T12"/><temp name="T1274"/><temp name="T1290"/><temp name="T1282"/><temp name="T1296"/><temp name="T1254"/><temp name="T1278"/><temp name="T1286"/></temps></instruction><instruction code="OR T287, T12, 0"><temps name="use"><temp name="T12"/></temps><temps name="def"><temp name="T287"/></temps><temps name="in"><temp name="T1301"/><temp name="T1270"/><temp name="T1261"/><temp name="T1265"/><temp name="T12"/><temp name="T1274"/><temp name="T1290"/><temp name="T1282"/><temp name="T1296"/><temp name="T1254"/><temp name="T1278"/><temp name="T1286"/></temps><temps name="out"><temp name="T1301"/><temp name="T1270"/><temp name="T1261"/><temp name="T1265"/><temp name="T12"/><temp name="T1274"/><temp name="T1290"/><temp name="T287"/><temp name="T1282"/><temp name="T1296"/><temp name="T1254"/><temp name="T1278"/><temp name="T1286"/></temps></instruction><instruction code="SETL  T1280, 8"><temps name="use"/><temps name="def"><temp name="T1280"/></temps><temps name="in"><temp name="T1301"/><temp name="T1270"/><temp name="T1261"/><temp name="T1265"/><temp name="T12"/><temp name="T1274"/><temp name="T1290"/><temp name="T287"/><temp name="T1282"/><temp name="T1296"/><temp name="T1254"/><temp name="T1278"/><temp name="T1286"/></temps><temps name="out"><temp name="T1301"/><temp name="T1270"/><temp name="T1261"/><temp name="T1265"/><temp name="T12"/><temp name="T1274"/><temp name="T1290"/><temp name="T287"/><temp name="T1282"/><temp name="T1296"/><temp name="T1254"/><temp name="T1278"/><temp name="T1286"/></temps></instruction><instruction code="INCML T1280, 0"><temps name="use"/><temps name="def"><temp name="T1280"/></temps><temps name="in"><temp name="T1301"/><temp name="T1270"/><temp name="T1261"/><temp name="T1265"/><temp name="T12"/><temp name="T1274"/><temp name="T1290"/><temp name="T287"/><temp name="T1282"/><temp name="T1296"/><temp name="T1254"/><temp name="T1278"/><temp name="T1286"/></temps><temps name="out"><temp name="T1301"/><temp name="T1270"/><temp name="T1261"/><temp name="T1265"/><temp name="T12"/><temp name="T1274"/><temp name="T1290"/><temp name="T287"/><temp name="T1282"/><temp name="T1296"/><temp name="T1254"/><temp name="T1278"/><temp name="T1286"/></temps></instruction><instruction code="INCMH T1280, 0"><temps name="use"/><temps name="def"><temp name="T1280"/></temps><temps name="in"><temp name="T1301"/><temp name="T1270"/><temp name="T1261"/><temp name="T1265"/><temp name="T12"/><temp name="T1274"/><temp name="T1290"/><temp name="T287"/><temp name="T1282"/><temp name="T1296"/><temp name="T1254"/><temp name="T1278"/><temp name="T1286"/></temps><temps name="out"><temp name="T1301"/><temp name="T1270"/><temp name="T1261"/><temp name="T1265"/><temp name="T12"/><temp name="T1274"/><temp name="T1290"/><temp name="T287"/><temp name="T1282"/><temp name="T1296"/><temp name="T1254"/><temp name="T1278"/><temp name="T1286"/></temps></instruction><instruction code="INCH  T1280, 0"><temps name="use"/><temps name="def"><temp name="T1280"/></temps><temps name="in"><temp name="T1301"/><temp name="T1270"/><temp name="T1261"/><temp name="T1265"/><temp name="T12"/><temp name="T1274"/><temp name="T1290"/><temp name="T287"/><temp name="T1282"/><temp name="T1296"/><temp name="T1254"/><temp name="T1278"/><temp name="T1286"/></temps><temps name="out"><temp name="T1301"/><temp name="T1270"/><temp name="T1261"/><temp name="T1265"/><temp name="T12"/><temp name="T1280"/><temp name="T1274"/><temp name="T1290"/><temp name="T287"/><temp name="T1282"/><temp name="T1296"/><temp name="T1254"/><temp name="T1278"/><temp name="T1286"/></temps></instruction><instruction code="NEG T1280, 0, T1280"><temps name="use"><temp name="T1280"/></temps><temps name="def"><temp name="T1280"/></temps><temps name="in"><temp name="T1301"/><temp name="T1270"/><temp name="T1261"/><temp name="T1265"/><temp name="T12"/><temp name="T1280"/><temp name="T1274"/><temp name="T1290"/><temp name="T287"/><temp name="T1282"/><temp name="T1296"/><temp name="T1254"/><temp name="T1278"/><temp name="T1286"/></temps><temps name="out"><temp name="T1301"/><temp name="T1270"/><temp name="T1261"/><temp name="T1265"/><temp name="T12"/><temp name="T1280"/><temp name="T1274"/><temp name="T1290"/><temp name="T287"/><temp name="T1282"/><temp name="T1296"/><temp name="T1254"/><temp name="T1278"/><temp name="T1286"/></temps></instruction><instruction code="OR T288, T1280, 0"><temps name="use"><temp name="T1280"/></temps><temps name="def"><temp name="T288"/></temps><temps name="in"><temp name="T1301"/><temp name="T1270"/><temp name="T1261"/><temp name="T1265"/><temp name="T12"/><temp name="T1280"/><temp name="T1274"/><temp name="T1290"/><temp name="T287"/><temp name="T1282"/><temp name="T1296"/><temp name="T1254"/><temp name="T1278"/><temp name="T1286"/></temps><temps name="out"><temp name="T1301"/><temp name="T1270"/><temp name="T1261"/><temp name="T1265"/><temp name="T12"/><temp name="T1274"/><temp name="T288"/><temp name="T1290"/><temp name="T287"/><temp name="T1282"/><temp name="T1296"/><temp name="T1254"/><temp name="T1278"/><temp name="T1286"/></temps></instruction><instruction code="ADD T1281, T287, T288"><temps name="use"><temp name="T287"/><temp name="T288"/></temps><temps name="def"><temp name="T1281"/></temps><temps name="in"><temp name="T1301"/><temp name="T1270"/><temp name="T1261"/><temp name="T1265"/><temp name="T12"/><temp name="T1274"/><temp name="T288"/><temp name="T1290"/><temp name="T287"/><temp name="T1282"/><temp name="T1296"/><temp name="T1254"/><temp name="T1278"/><temp name="T1286"/></temps><temps name="out"><temp name="T1301"/><temp name="T1270"/><temp name="T1261"/><temp name="T1265"/><temp name="T1281"/><temp name="T12"/><temp name="T1274"/><temp name="T1290"/><temp name="T1282"/><temp name="T1296"/><temp name="T1254"/><temp name="T1278"/><temp name="T1286"/></temps></instruction><instruction code="OR T289, T1281, 0"><temps name="use"><temp name="T1281"/></temps><temps name="def"><temp name="T289"/></temps><temps name="in"><temp name="T1301"/><temp name="T1270"/><temp name="T1261"/><temp name="T1265"/><temp name="T1281"/><temp name="T12"/><temp name="T1274"/><temp name="T1290"/><temp name="T1282"/><temp name="T1296"/><temp name="T1254"/><temp name="T1278"/><temp name="T1286"/></temps><temps name="out"><temp name="T1301"/><temp name="T1270"/><temp name="T1261"/><temp name="T1265"/><temp name="T12"/><temp name="T1274"/><temp name="T1290"/><temp name="T1282"/><temp name="T1296"/><temp name="T1254"/><temp name="T1278"/><temp name="T1286"/></temps></instruction><instruction code="LDO T1283, T1282, 0"><temps name="use"><temp name="T1282"/></temps><temps name="def"><temp name="T1283"/></temps><temps name="in"><temp name="T1301"/><temp name="T1270"/><temp name="T1261"/><temp name="T1265"/><temp name="T12"/><temp name="T1274"/><temp name="T1290"/><temp name="T1282"/><temp name="T1296"/><temp name="T1254"/><temp name="T1278"/><temp name="T1286"/></temps><temps name="out"><temp name="T1283"/><temp name="T1301"/><temp name="T1270"/><temp name="T1261"/><temp name="T1265"/><temp name="T12"/><temp name="T1274"/><temp name="T1290"/><temp name="T1282"/><temp name="T1296"/><temp name="T1254"/><temp name="T1278"/><temp name="T1286"/></temps></instruction><instruction code="OR T290, T1283, 0"><temps name="use"><temp name="T1283"/></temps><temps name="def"><temp name="T290"/></temps><temps name="in"><temp name="T1283"/><temp name="T1301"/><temp name="T1270"/><temp name="T1261"/><temp name="T1265"/><temp name="T12"/><temp name="T1274"/><temp name="T1290"/><temp name="T1282"/><temp name="T1296"/><temp name="T1254"/><temp name="T1278"/><temp name="T1286"/></temps><temps name="out"><temp name="T1301"/><temp name="T1270"/><temp name="T1261"/><temp name="T1265"/><temp name="T12"/><temp name="T1274"/><temp name="T290"/><temp name="T1290"/><temp name="T1282"/><temp name="T1296"/><temp name="T1254"/><temp name="T1278"/><temp name="T1286"/></temps></instruction><instruction code="LDO T1287, T1286, 0"><temps name="use"><temp name="T1286"/></temps><temps name="def"><temp name="T1287"/></temps><temps name="in"><temp name="T1301"/><temp name="T1270"/><temp name="T1261"/><temp name="T1265"/><temp name="T12"/><temp name="T1274"/><temp name="T290"/><temp name="T1290"/><temp name="T1282"/><temp name="T1296"/><temp name="T1254"/><temp name="T1278"/><temp name="T1286"/></temps><temps name="out"><temp name="T1301"/><temp name="T1270"/><temp name="T1261"/><temp name="T1287"/><temp name="T1265"/><temp name="T12"/><temp name="T1274"/><temp name="T290"/><temp name="T1290"/><temp name="T1282"/><temp name="T1296"/><temp name="T1254"/><temp name="T1278"/><temp name="T1286"/></temps></instruction><instruction code="STO T1287, T290, 0"><temps name="use"><temp name="T1287"/><temp name="T290"/></temps><temps name="def"/><temps name="in"><temp name="T1301"/><temp name="T1270"/><temp name="T1261"/><temp name="T1287"/><temp name="T1265"/><temp name="T12"/><temp name="T1274"/><temp name="T290"/><temp name="T1290"/><temp name="T1282"/><temp name="T1296"/><temp name="T1254"/><temp name="T1278"/><temp name="T1286"/></temps><temps name="out"><temp name="T1301"/><temp name="T1270"/><temp name="T1261"/><temp name="T1265"/><temp name="T12"/><temp name="T1274"/><temp name="T1290"/><temp name="T1282"/><temp name="T1296"/><temp name="T1254"/><temp name="T1278"/><temp name="T1286"/></temps></instruction><instruction code="OR T291, T12, 0"><temps name="use"><temp name="T12"/></temps><temps name="def"><temp name="T291"/></temps><temps name="in"><temp name="T1301"/><temp name="T1270"/><temp name="T1261"/><temp name="T1265"/><temp name="T12"/><temp name="T1274"/><temp name="T1290"/><temp name="T1282"/><temp name="T1296"/><temp name="T1254"/><temp name="T1278"/><temp name="T1286"/></temps><temps name="out"><temp name="T1301"/><temp name="T1270"/><temp name="T1261"/><temp name="T1265"/><temp name="T12"/><temp name="T1274"/><temp name="T291"/><temp name="T1290"/><temp name="T1282"/><temp name="T1296"/><temp name="T1254"/><temp name="T1278"/><temp name="T1286"/></temps></instruction><instruction code="SETL  T1288, 8"><temps name="use"/><temps name="def"><temp name="T1288"/></temps><temps name="in"><temp name="T1301"/><temp name="T1270"/><temp name="T1261"/><temp name="T1265"/><temp name="T12"/><temp name="T1274"/><temp name="T291"/><temp name="T1290"/><temp name="T1282"/><temp name="T1296"/><temp name="T1254"/><temp name="T1278"/><temp name="T1286"/></temps><temps name="out"><temp name="T1301"/><temp name="T1270"/><temp name="T1261"/><temp name="T1265"/><temp name="T12"/><temp name="T1274"/><temp name="T291"/><temp name="T1290"/><temp name="T1282"/><temp name="T1296"/><temp name="T1254"/><temp name="T1278"/><temp name="T1286"/></temps></instruction><instruction code="INCML T1288, 0"><temps name="use"/><temps name="def"><temp name="T1288"/></temps><temps name="in"><temp name="T1301"/><temp name="T1270"/><temp name="T1261"/><temp name="T1265"/><temp name="T12"/><temp name="T1274"/><temp name="T291"/><temp name="T1290"/><temp name="T1282"/><temp name="T1296"/><temp name="T1254"/><temp name="T1278"/><temp name="T1286"/></temps><temps name="out"><temp name="T1301"/><temp name="T1270"/><temp name="T1261"/><temp name="T1265"/><temp name="T12"/><temp name="T1274"/><temp name="T291"/><temp name="T1290"/><temp name="T1282"/><temp name="T1296"/><temp name="T1254"/><temp name="T1278"/><temp name="T1286"/></temps></instruction><instruction code="INCMH T1288, 0"><temps name="use"/><temps name="def"><temp name="T1288"/></temps><temps name="in"><temp name="T1301"/><temp name="T1270"/><temp name="T1261"/><temp name="T1265"/><temp name="T12"/><temp name="T1274"/><temp name="T291"/><temp name="T1290"/><temp name="T1282"/><temp name="T1296"/><temp name="T1254"/><temp name="T1278"/><temp name="T1286"/></temps><temps name="out"><temp name="T1301"/><temp name="T1270"/><temp name="T1261"/><temp name="T1265"/><temp name="T12"/><temp name="T1274"/><temp name="T291"/><temp name="T1290"/><temp name="T1282"/><temp name="T1296"/><temp name="T1254"/><temp name="T1278"/><temp name="T1286"/></temps></instruction><instruction code="INCH  T1288, 0"><temps name="use"/><temps name="def"><temp name="T1288"/></temps><temps name="in"><temp name="T1301"/><temp name="T1270"/><temp name="T1261"/><temp name="T1265"/><temp name="T12"/><temp name="T1274"/><temp name="T291"/><temp name="T1290"/><temp name="T1282"/><temp name="T1296"/><temp name="T1254"/><temp name="T1278"/><temp name="T1286"/></temps><temps name="out"><temp name="T1301"/><temp name="T1270"/><temp name="T1261"/><temp name="T1265"/><temp name="T12"/><temp name="T1274"/><temp name="T1288"/><temp name="T291"/><temp name="T1290"/><temp name="T1282"/><temp name="T1296"/><temp name="T1254"/><temp name="T1278"/><temp name="T1286"/></temps></instruction><instruction code="OR T292, T1288, 0"><temps name="use"><temp name="T1288"/></temps><temps name="def"><temp name="T292"/></temps><temps name="in"><temp name="T1301"/><temp name="T1270"/><temp name="T1261"/><temp name="T1265"/><temp name="T12"/><temp name="T1274"/><temp name="T1288"/><temp name="T291"/><temp name="T1290"/><temp name="T1282"/><temp name="T1296"/><temp name="T1254"/><temp name="T1278"/><temp name="T1286"/></temps><temps name="out"><temp name="T1301"/><temp name="T1270"/><temp name="T1261"/><temp name="T1265"/><temp name="T12"/><temp name="T1274"/><temp name="T291"/><temp name="T1290"/><temp name="T1282"/><temp name="T1296"/><temp name="T1254"/><temp name="T1278"/><temp name="T1286"/><temp name="T292"/></temps></instruction><instruction code="ADD T1289, T291, T292"><temps name="use"><temp name="T291"/><temp name="T292"/></temps><temps name="def"><temp name="T1289"/></temps><temps name="in"><temp name="T1301"/><temp name="T1270"/><temp name="T1261"/><temp name="T1265"/><temp name="T12"/><temp name="T1274"/><temp name="T291"/><temp name="T1290"/><temp name="T1282"/><temp name="T1296"/><temp name="T1254"/><temp name="T1278"/><temp name="T1286"/><temp name="T292"/></temps><temps name="out"><temp name="T1301"/><temp name="T1270"/><temp name="T1289"/><temp name="T1261"/><temp name="T1265"/><temp name="T12"/><temp name="T1274"/><temp name="T1290"/><temp name="T1282"/><temp name="T1296"/><temp name="T1254"/><temp name="T1278"/><temp name="T1286"/></temps></instruction><instruction code="OR T293, T1289, 0"><temps name="use"><temp name="T1289"/></temps><temps name="def"><temp name="T293"/></temps><temps name="in"><temp name="T1301"/><temp name="T1270"/><temp name="T1289"/><temp name="T1261"/><temp name="T1265"/><temp name="T12"/><temp name="T1274"/><temp name="T1290"/><temp name="T1282"/><temp name="T1296"/><temp name="T1254"/><temp name="T1278"/><temp name="T1286"/></temps><temps name="out"><temp name="T1301"/><temp name="T1270"/><temp name="T1261"/><temp name="T1265"/><temp name="T12"/><temp name="T1274"/><temp name="T1290"/><temp name="T1282"/><temp name="T1296"/><temp name="T1254"/><temp name="T1278"/><temp name="T1286"/></temps></instruction><instruction code="LDO T1291, T1290, 0"><temps name="use"><temp name="T1290"/></temps><temps name="def"><temp name="T1291"/></temps><temps name="in"><temp name="T1301"/><temp name="T1270"/><temp name="T1261"/><temp name="T1265"/><temp name="T12"/><temp name="T1274"/><temp name="T1290"/><temp name="T1282"/><temp name="T1296"/><temp name="T1254"/><temp name="T1278"/><temp name="T1286"/></temps><temps name="out"><temp name="T1301"/><temp name="T1270"/><temp name="T1261"/><temp name="T1265"/><temp name="T12"/><temp name="T1274"/><temp name="T1291"/><temp name="T1290"/><temp name="T1282"/><temp name="T1296"/><temp name="T1254"/><temp name="T1278"/><temp name="T1286"/></temps></instruction><instruction code="OR T294, T1291, 0"><temps name="use"><temp name="T1291"/></temps><temps name="def"><temp name="T294"/></temps><temps name="in"><temp name="T1301"/><temp name="T1270"/><temp name="T1261"/><temp name="T1265"/><temp name="T12"/><temp name="T1274"/><temp name="T1291"/><temp name="T1290"/><temp name="T1282"/><temp name="T1296"/><temp name="T1254"/><temp name="T1278"/><temp name="T1286"/></temps><temps name="out"><temp name="T1301"/><temp name="T1270"/><temp name="T294"/><temp name="T1261"/><temp name="T1265"/><temp name="T12"/><temp name="T1274"/><temp name="T1290"/><temp name="T1282"/><temp name="T1296"/><temp name="T1254"/><temp name="T1278"/><temp name="T1286"/></temps></instruction><instruction code="SETL  T1292, 1"><temps name="use"/><temps name="def"><temp name="T1292"/></temps><temps name="in"><temp name="T1301"/><temp name="T1270"/><temp name="T294"/><temp name="T1261"/><temp name="T1265"/><temp name="T12"/><temp name="T1274"/><temp name="T1290"/><temp name="T1282"/><temp name="T1296"/><temp name="T1254"/><temp name="T1278"/><temp name="T1286"/></temps><temps name="out"><temp name="T1301"/><temp name="T1270"/><temp name="T294"/><temp name="T1261"/><temp name="T1265"/><temp name="T12"/><temp name="T1274"/><temp name="T1290"/><temp name="T1282"/><temp name="T1296"/><temp name="T1254"/><temp name="T1278"/><temp name="T1286"/></temps></instruction><instruction code="INCML T1292, 0"><temps name="use"/><temps name="def"><temp name="T1292"/></temps><temps name="in"><temp name="T1301"/><temp name="T1270"/><temp name="T294"/><temp name="T1261"/><temp name="T1265"/><temp name="T12"/><temp name="T1274"/><temp name="T1290"/><temp name="T1282"/><temp name="T1296"/><temp name="T1254"/><temp name="T1278"/><temp name="T1286"/></temps><temps name="out"><temp name="T1301"/><temp name="T1270"/><temp name="T294"/><temp name="T1261"/><temp name="T1265"/><temp name="T12"/><temp name="T1274"/><temp name="T1290"/><temp name="T1282"/><temp name="T1296"/><temp name="T1254"/><temp name="T1278"/><temp name="T1286"/></temps></instruction><instruction code="INCMH T1292, 0"><temps name="use"/><temps name="def"><temp name="T1292"/></temps><temps name="in"><temp name="T1301"/><temp name="T1270"/><temp name="T294"/><temp name="T1261"/><temp name="T1265"/><temp name="T12"/><temp name="T1274"/><temp name="T1290"/><temp name="T1282"/><temp name="T1296"/><temp name="T1254"/><temp name="T1278"/><temp name="T1286"/></temps><temps name="out"><temp name="T1301"/><temp name="T1270"/><temp name="T294"/><temp name="T1261"/><temp name="T1265"/><temp name="T12"/><temp name="T1274"/><temp name="T1290"/><temp name="T1282"/><temp name="T1296"/><temp name="T1254"/><temp name="T1278"/><temp name="T1286"/></temps></instruction><instruction code="INCH  T1292, 0"><temps name="use"/><temps name="def"><temp name="T1292"/></temps><temps name="in"><temp name="T1301"/><temp name="T1270"/><temp name="T294"/><temp name="T1261"/><temp name="T1265"/><temp name="T12"/><temp name="T1274"/><temp name="T1290"/><temp name="T1282"/><temp name="T1296"/><temp name="T1254"/><temp name="T1278"/><temp name="T1286"/></temps><temps name="out"><temp name="T1301"/><temp name="T1270"/><temp name="T294"/><temp name="T1292"/><temp name="T1261"/><temp name="T1265"/><temp name="T12"/><temp name="T1274"/><temp name="T1290"/><temp name="T1282"/><temp name="T1296"/><temp name="T1254"/><temp name="T1278"/><temp name="T1286"/></temps></instruction><instruction code="OR T295, T1292, 0"><temps name="use"><temp name="T1292"/></temps><temps name="def"><temp name="T295"/></temps><temps name="in"><temp name="T1301"/><temp name="T1270"/><temp name="T294"/><temp name="T1292"/><temp name="T1261"/><temp name="T1265"/><temp name="T12"/><temp name="T1274"/><temp name="T1290"/><temp name="T1282"/><temp name="T1296"/><temp name="T1254"/><temp name="T1278"/><temp name="T1286"/></temps><temps name="out"><temp name="T1301"/><temp name="T1270"/><temp name="T294"/><temp name="T1261"/><temp name="T1265"/><temp name="T12"/><temp name="T1274"/><temp name="T1290"/><temp name="T1282"/><temp name="T1296"/><temp name="T1254"/><temp name="T1278"/><temp name="T1286"/><temp name="T295"/></temps></instruction><instruction code="SUB T1293, T294, T295"><temps name="use"><temp name="T294"/><temp name="T295"/></temps><temps name="def"><temp name="T1293"/></temps><temps name="in"><temp name="T1301"/><temp name="T1270"/><temp name="T294"/><temp name="T1261"/><temp name="T1265"/><temp name="T12"/><temp name="T1274"/><temp name="T1290"/><temp name="T1282"/><temp name="T1296"/><temp name="T1254"/><temp name="T1278"/><temp name="T1286"/><temp name="T295"/></temps><temps name="out"><temp name="T1301"/><temp name="T1270"/><temp name="T1261"/><temp name="T1265"/><temp name="T12"/><temp name="T1274"/><temp name="T1290"/><temp name="T1282"/><temp name="T1293"/><temp name="T1296"/><temp name="T1254"/><temp name="T1278"/><temp name="T1286"/></temps></instruction><instruction code="OR T296, T1293, 0"><temps name="use"><temp name="T1293"/></temps><temps name="def"><temp name="T296"/></temps><temps name="in"><temp name="T1301"/><temp name="T1270"/><temp name="T1261"/><temp name="T1265"/><temp name="T12"/><temp name="T1274"/><temp name="T1290"/><temp name="T1282"/><temp name="T1293"/><temp name="T1296"/><temp name="T1254"/><temp name="T1278"/><temp name="T1286"/></temps><temps name="out"><temp name="T1301"/><temp name="T1270"/><temp name="T1261"/><temp name="T1265"/><temp name="T12"/><temp name="T1274"/><temp name="T1290"/><temp name="T1282"/><temp name="T1296"/><temp name="T296"/><temp name="T1254"/><temp name="T1278"/><temp name="T1286"/></temps></instruction><instruction code="LDO T1297, T1296, 0"><temps name="use"><temp name="T1296"/></temps><temps name="def"><temp name="T1297"/></temps><temps name="in"><temp name="T1301"/><temp name="T1270"/><temp name="T1261"/><temp name="T1265"/><temp name="T12"/><temp name="T1274"/><temp name="T1290"/><temp name="T1282"/><temp name="T1296"/><temp name="T296"/><temp name="T1254"/><temp name="T1278"/><temp name="T1286"/></temps><temps name="out"><temp name="T1301"/><temp name="T1270"/><temp name="T1261"/><temp name="T1265"/><temp name="T12"/><temp name="T1274"/><temp name="T1290"/><temp name="T1282"/><temp name="T1296"/><temp name="T296"/><temp name="T1254"/><temp name="T1278"/><temp name="T1297"/><temp name="T1286"/></temps></instruction><instruction code="STO T1297, T296, 0"><temps name="use"><temp name="T1297"/><temp name="T296"/></temps><temps name="def"/><temps name="in"><temp name="T1301"/><temp name="T1270"/><temp name="T1261"/><temp name="T1265"/><temp name="T12"/><temp name="T1274"/><temp name="T1290"/><temp name="T1282"/><temp name="T1296"/><temp name="T296"/><temp name="T1254"/><temp name="T1278"/><temp name="T1297"/><temp name="T1286"/></temps><temps name="out"><temp name="T1301"/><temp name="T1270"/><temp name="T1261"/><temp name="T1265"/><temp name="T12"/><temp name="T1274"/><temp name="T1290"/><temp name="T1282"/><temp name="T1296"/><temp name="T1254"/><temp name="T1278"/><temp name="T1286"/></temps></instruction><instruction code="LDA T1298, L32"><temps name="use"/><temps name="def"><temp name="T1298"/></temps><temps name="in"><temp name="T1301"/><temp name="T1270"/><temp name="T1261"/><temp name="T1265"/><temp name="T12"/><temp name="T1274"/><temp name="T1290"/><temp name="T1282"/><temp name="T1296"/><temp name="T1254"/><temp name="T1278"/><temp name="T1286"/></temps><temps name="out"><temp name="T1301"/><temp name="T1270"/><temp name="T1261"/><temp name="T1265"/><temp name="T1298"/><temp name="T12"/><temp name="T1274"/><temp name="T1290"/><temp name="T1282"/><temp name="T1296"/><temp name="T1254"/><temp name="T1278"/><temp name="T1286"/></temps></instruction><instruction code="GO T1298, T1298, 0"><temps name="use"><temp name="T1298"/></temps><temps name="def"><temp name="T1298"/></temps><temps name="in"><temp name="T1301"/><temp name="T1270"/><temp name="T1261"/><temp name="T1265"/><temp name="T1298"/><temp name="T12"/><temp name="T1274"/><temp name="T1290"/><temp name="T1282"/><temp name="T1296"/><temp name="T1254"/><temp name="T1278"/><temp name="T1286"/></temps><temps name="out"><temp name="T1301"/><temp name="T1270"/><temp name="T1261"/><temp name="T1265"/><temp name="T12"/><temp name="T1274"/><temp name="T1290"/><temp name="T1282"/><temp name="T1296"/><temp name="T1254"/><temp name="T1278"/><temp name="T1286"/></temps></instruction><instruction code="L34"><temps name="use"/><temps name="def"/><temps name="in"><temp name="T1301"/><temp name="T12"/></temps><temps name="out"><temp name="T1301"/><temp name="T12"/></temps></instruction><instruction code="OR T297, T12, 0"><temps name="use"><temp name="T12"/></temps><temps name="def"><temp name="T297"/></temps><temps name="in"><temp name="T1301"/><temp name="T12"/></temps><temps name="out"><temp name="T1301"/><temp name="T297"/></temps></instruction><instruction code="SETL  T1299, 8"><temps name="use"/><temps name="def"><temp name="T1299"/></temps><temps name="in"><temp name="T1301"/><temp name="T297"/></temps><temps name="out"><temp name="T1301"/><temp name="T297"/></temps></instruction><instruction code="INCML T1299, 0"><temps name="use"/><temps name="def"><temp name="T1299"/></temps><temps name="in"><temp name="T1301"/><temp name="T297"/></temps><temps name="out"><temp name="T1301"/><temp name="T297"/></temps></instruction><instruction code="INCMH T1299, 0"><temps name="use"/><temps name="def"><temp name="T1299"/></temps><temps name="in"><temp name="T1301"/><temp name="T297"/></temps><temps name="out"><temp name="T1301"/><temp name="T297"/></temps></instruction><instruction code="INCH  T1299, 0"><temps name="use"/><temps name="def"><temp name="T1299"/></temps><temps name="in"><temp name="T1301"/><temp name="T297"/></temps><temps name="out"><temp name="T1301"/><temp name="T297"/><temp name="T1299"/></temps></instruction><instruction code="NEG T1299, 0, T1299"><temps name="use"><temp name="T1299"/></temps><temps name="def"><temp name="T1299"/></temps><temps name="in"><temp name="T1301"/><temp name="T297"/><temp name="T1299"/></temps><temps name="out"><temp name="T1301"/><temp name="T297"/><temp name="T1299"/></temps></instruction><instruction code="OR T298, T1299, 0"><temps name="use"><temp name="T1299"/></temps><temps name="def"><temp name="T298"/></temps><temps name="in"><temp name="T1301"/><temp name="T297"/><temp name="T1299"/></temps><temps name="out"><temp name="T1301"/><temp name="T298"/><temp name="T297"/></temps></instruction><instruction code="ADD T1300, T297, T298"><temps name="use"><temp name="T297"/><temp name="T298"/></temps><temps name="def"><temp name="T1300"/></temps><temps name="in"><temp name="T1301"/><temp name="T298"/><temp name="T297"/></temps><temps name="out"><temp name="T1301"/><temp name="T1300"/></temps></instruction><instruction code="OR T299, T1300, 0"><temps name="use"><temp name="T1300"/></temps><temps name="def"><temp name="T299"/></temps><temps name="in"><temp name="T1301"/><temp name="T1300"/></temps><temps name="out"><temp name="T1301"/></temps></instruction><instruction code="LDO T1302, T1301, 0"><temps name="use"><temp name="T1301"/></temps><temps name="def"><temp name="T1302"/></temps><temps name="in"><temp name="T1301"/></temps><temps name="out"><temp name="T1302"/></temps></instruction><instruction code="OR T300, T1302, 0"><temps name="use"><temp name="T1302"/></temps><temps name="def"><temp name="T300"/></temps><temps name="in"><temp name="T1302"/></temps><temps name="out"><temp name="T300"/></temps></instruction><instruction code="OR T13, T300, 0"><temps name="use"><temp name="T300"/></temps><temps name="def"><temp name="T13"/></temps><temps name="in"><temp name="T300"/></temps><temps name="out"/></instruction><instruction code="LDA T1303, L119"><temps name="use"/><temps name="def"><temp name="T1303"/></temps><temps name="in"/><temps name="out"><temp name="T1303"/></temps></instruction><instruction code="GO T1303, T1303, 0"><temps name="use"><temp name="T1303"/></temps><temps name="def"><temp name="T1303"/></temps><temps name="in"><temp name="T1303"/></temps><temps name="out"/></instruction></instructions></code><code entrylabel="L121" exitlabel="L122" tempsize="0"><frame FP="T14" RV="T15" argssize="16" depth="1" label="_fibRec" locssize="8" size="40"/><instructions><instruction code="L121"><temps name="use"/><temps name="def"/><temps name="in"><temp name="T1306"/><temp name="T1338"/><temp name="T14"/><temp name="T1314"/><temp name="T1334"/><temp name="T1342"/><temp name="T1325"/><temp name="T1329"/><temp name="T1320"/></temps><temps name="out"><temp name="T1306"/><temp name="T1338"/><temp name="T14"/><temp name="T1314"/><temp name="T1334"/><temp name="T1342"/><temp name="T1325"/><temp name="T1329"/><temp name="T1320"/></temps></instruction><instruction code="OR T301, T14, 0"><temps name="use"><temp name="T14"/></temps><temps name="def"><temp name="T301"/></temps><temps name="in"><temp name="T1306"/><temp name="T1338"/><temp name="T14"/><temp name="T1314"/><temp name="T1334"/><temp name="T1342"/><temp name="T1325"/><temp name="T1329"/><temp name="T1320"/></temps><temps name="out"><temp name="T1306"/><temp name="T301"/><temp name="T1338"/><temp name="T1314"/><temp name="T14"/><temp name="T1334"/><temp name="T1342"/><temp name="T1325"/><temp name="T1329"/><temp name="T1320"/></temps></instruction><instruction code="SETL  T1304, 8"><temps name="use"/><temps name="def"><temp name="T1304"/></temps><temps name="in"><temp name="T1306"/><temp name="T301"/><temp name="T1338"/><temp name="T1314"/><temp name="T14"/><temp name="T1334"/><temp name="T1342"/><temp name="T1325"/><temp name="T1329"/><temp name="T1320"/></temps><temps name="out"><temp name="T1306"/><temp name="T301"/><temp name="T1338"/><temp name="T1314"/><temp name="T14"/><temp name="T1334"/><temp name="T1342"/><temp name="T1325"/><temp name="T1329"/><temp name="T1320"/></temps></instruction><instruction code="INCML T1304, 0"><temps name="use"/><temps name="def"><temp name="T1304"/></temps><temps name="in"><temp name="T1306"/><temp name="T301"/><temp name="T1338"/><temp name="T1314"/><temp name="T14"/><temp name="T1334"/><temp name="T1342"/><temp name="T1325"/><temp name="T1329"/><temp name="T1320"/></temps><temps name="out"><temp name="T1306"/><temp name="T301"/><temp name="T1338"/><temp name="T1314"/><temp name="T14"/><temp name="T1334"/><temp name="T1342"/><temp name="T1325"/><temp name="T1329"/><temp name="T1320"/></temps></instruction><instruction code="INCMH T1304, 0"><temps name="use"/><temps name="def"><temp name="T1304"/></temps><temps name="in"><temp name="T1306"/><temp name="T301"/><temp name="T1338"/><temp name="T1314"/><temp name="T14"/><temp name="T1334"/><temp name="T1342"/><temp name="T1325"/><temp name="T1329"/><temp name="T1320"/></temps><temps name="out"><temp name="T1306"/><temp name="T301"/><temp name="T1338"/><temp name="T1314"/><temp name="T14"/><temp name="T1334"/><temp name="T1342"/><temp name="T1325"/><temp name="T1329"/><temp name="T1320"/></temps></instruction><instruction code="INCH  T1304, 0"><temps name="use"/><temps name="def"><temp name="T1304"/></temps><temps name="in"><temp name="T1306"/><temp name="T301"/><temp name="T1338"/><temp name="T1314"/><temp name="T14"/><temp name="T1334"/><temp name="T1342"/><temp name="T1325"/><temp name="T1329"/><temp name="T1320"/></temps><temps name="out"><temp name="T1306"/><temp name="T301"/><temp name="T1338"/><temp name="T1314"/><temp name="T14"/><temp name="T1334"/><temp name="T1304"/><temp name="T1342"/><temp name="T1325"/><temp name="T1329"/><temp name="T1320"/></temps></instruction><instruction code="OR T302, T1304, 0"><temps name="use"><temp name="T1304"/></temps><temps name="def"><temp name="T302"/></temps><temps name="in"><temp name="T1306"/><temp name="T301"/><temp name="T1338"/><temp name="T1314"/><temp name="T14"/><temp name="T1334"/><temp name="T1304"/><temp name="T1342"/><temp name="T1325"/><temp name="T1329"/><temp name="T1320"/></temps><temps name="out"><temp name="T1306"/><temp name="T301"/><temp name="T302"/><temp name="T1338"/><temp name="T1314"/><temp name="T14"/><temp name="T1334"/><temp name="T1342"/><temp name="T1325"/><temp name="T1329"/><temp name="T1320"/></temps></instruction><instruction code="ADD T1305, T301, T302"><temps name="use"><temp name="T301"/><temp name="T302"/></temps><temps name="def"><temp name="T1305"/></temps><temps name="in"><temp name="T1306"/><temp name="T301"/><temp name="T302"/><temp name="T1338"/><temp name="T1314"/><temp name="T14"/><temp name="T1334"/><temp name="T1342"/><temp name="T1325"/><temp name="T1329"/><temp name="T1320"/></temps><temps name="out"><temp name="T1306"/><temp name="T1338"/><temp name="T1305"/><temp name="T1314"/><temp name="T14"/><temp name="T1334"/><temp name="T1342"/><temp name="T1325"/><temp name="T1329"/><temp name="T1320"/></temps></instruction><instruction code="OR T303, T1305, 0"><temps name="use"><temp name="T1305"/></temps><temps name="def"><temp name="T303"/></temps><temps name="in"><temp name="T1306"/><temp name="T1338"/><temp name="T1305"/><temp name="T1314"/><temp name="T14"/><temp name="T1334"/><temp name="T1342"/><temp name="T1325"/><temp name="T1329"/><temp name="T1320"/></temps><temps name="out"><temp name="T1306"/><temp name="T1338"/><temp name="T1314"/><temp name="T14"/><temp name="T1334"/><temp name="T1342"/><temp name="T1325"/><temp name="T1329"/><temp name="T1320"/></temps></instruction><instruction code="LDO T1307, T1306, 0"><temps name="use"><temp name="T1306"/></temps><temps name="def"><temp name="T1307"/></temps><temps name="in"><temp name="T1306"/><temp name="T1338"/><temp name="T1314"/><temp name="T14"/><temp name="T1334"/><temp name="T1342"/><temp name="T1325"/><temp name="T1329"/><temp name="T1320"/></temps><temps name="out"><temp name="T1307"/><temp name="T1338"/><temp name="T1314"/><temp name="T14"/><temp name="T1334"/><temp name="T1342"/><temp name="T1325"/><temp name="T1329"/><temp name="T1320"/></temps></instruction><instruction code="OR T304, T1307, 0"><temps name="use"><temp name="T1307"/></temps><temps name="def"><temp name="T304"/></temps><temps name="in"><temp name="T1307"/><temp name="T1338"/><temp name="T1314"/><temp name="T14"/><temp name="T1334"/><temp name="T1342"/><temp name="T1325"/><temp name="T1329"/><temp name="T1320"/></temps><temps name="out"><temp name="T1338"/><temp name="T1314"/><temp name="T14"/><temp name="T304"/><temp name="T1334"/><temp name="T1342"/><temp name="T1325"/><temp name="T1329"/><temp name="T1320"/></temps></instruction><instruction code="SETL  T1308, 2"><temps name="use"/><temps name="def"><temp name="T1308"/></temps><temps name="in"><temp name="T1338"/><temp name="T1314"/><temp name="T14"/><temp name="T304"/><temp name="T1334"/><temp name="T1342"/><temp name="T1325"/><temp name="T1329"/><temp name="T1320"/></temps><temps name="out"><temp name="T1338"/><temp name="T1314"/><temp name="T14"/><temp name="T304"/><temp name="T1334"/><temp name="T1342"/><temp name="T1325"/><temp name="T1329"/><temp name="T1320"/></temps></instruction><instruction code="INCML T1308, 0"><temps name="use"/><temps name="def"><temp name="T1308"/></temps><temps name="in"><temp name="T1338"/><temp name="T1314"/><temp name="T14"/><temp name="T304"/><temp name="T1334"/><temp name="T1342"/><temp name="T1325"/><temp name="T1329"/><temp name="T1320"/></temps><temps name="out"><temp name="T1338"/><temp name="T1314"/><temp name="T14"/><temp name="T304"/><temp name="T1334"/><temp name="T1342"/><temp name="T1325"/><temp name="T1329"/><temp name="T1320"/></temps></instruction><instruction code="INCMH T1308, 0"><temps name="use"/><temps name="def"><temp name="T1308"/></temps><temps name="in"><temp name="T1338"/><temp name="T1314"/><temp name="T14"/><temp name="T304"/><temp name="T1334"/><temp name="T1342"/><temp name="T1325"/><temp name="T1329"/><temp name="T1320"/></temps><temps name="out"><temp name="T1338"/><temp name="T1314"/><temp name="T14"/><temp name="T304"/><temp name="T1334"/><temp name="T1342"/><temp name="T1325"/><temp name="T1329"/><temp name="T1320"/></temps></instruction><instruction code="INCH  T1308, 0"><temps name="use"/><temps name="def"><temp name="T1308"/></temps><temps name="in"><temp name="T1338"/><temp name="T1314"/><temp name="T14"/><temp name="T304"/><temp name="T1334"/><temp name="T1342"/><temp name="T1325"/><temp name="T1329"/><temp name="T1320"/></temps><temps name="out"><temp name="T1338"/><temp name="T1314"/><temp name="T14"/><temp name="T304"/><temp name="T1334"/><temp name="T1342"/><temp name="T1325"/><temp name="T1329"/><temp name="T1308"/><temp name="T1320"/></temps></instruction><instruction code="OR T305, T1308, 0"><temps name="use"><temp name="T1308"/></temps><temps name="def"><temp name="T305"/></temps><temps name="in"><temp name="T1338"/><temp name="T1314"/><temp name="T14"/><temp name="T304"/><temp name="T1334"/><temp name="T1342"/><temp name="T1325"/><temp name="T1329"/><temp name="T1308"/><temp name="T1320"/></temps><temps name="out"><temp name="T1338"/><temp name="T1314"/><temp name="T14"/><temp name="T304"/><temp name="T1334"/><temp name="T1342"/><temp name="T1325"/><temp name="T1329"/><temp name="T305"/><temp name="T1320"/></temps></instruction><instruction code="CMP T1309, T304, T305"><temps name="use"><temp name="T304"/><temp name="T305"/></temps><temps name="def"><temp name="T1309"/></temps><temps name="in"><temp name="T1338"/><temp name="T1314"/><temp name="T14"/><temp name="T304"/><temp name="T1334"/><temp name="T1342"/><temp name="T1325"/><temp name="T1329"/><temp name="T305"/><temp name="T1320"/></temps><temps name="out"><temp name="T1309"/><temp name="T1338"/><temp name="T1314"/><temp name="T14"/><temp name="T1334"/><temp name="T1342"/><temp name="T1325"/><temp name="T1329"/><temp name="T1320"/></temps></instruction><instruction code="ZSNP T1309, T1309, 1"><temps name="use"><temp name="T1309"/></temps><temps name="def"><temp name="T1309"/></temps><temps name="in"><temp name="T1309"/><temp name="T1338"/><temp name="T1314"/><temp name="T14"/><temp name="T1334"/><temp name="T1342"/><temp name="T1325"/><temp name="T1329"/><temp name="T1320"/></temps><temps name="out"><temp name="T1309"/><temp name="T1338"/><temp name="T1314"/><temp name="T14"/><temp name="T1334"/><temp name="T1342"/><temp name="T1325"/><temp name="T1329"/><temp name="T1320"/></temps></instruction><instruction code="OR T306, T1309, 0"><temps name="use"><temp name="T1309"/></temps><temps name="def"><temp name="T306"/></temps><temps name="in"><temp name="T1309"/><temp name="T1338"/><temp name="T1314"/><temp name="T14"/><temp name="T1334"/><temp name="T1342"/><temp name="T1325"/><temp name="T1329"/><temp name="T1320"/></temps><temps name="out"><temp name="T1338"/><temp name="T306"/><temp name="T1314"/><temp name="T14"/><temp name="T1334"/><temp name="T1342"/><temp name="T1325"/><temp name="T1329"/><temp name="T1320"/></temps></instruction><instruction code="BNZ T306, L35"><temps name="use"><temp name="T306"/></temps><temps name="def"/><temps name="in"><temp name="T1338"/><temp name="T306"/><temp name="T1314"/><temp name="T14"/><temp name="T1334"/><temp name="T1342"/><temp name="T1325"/><temp name="T1329"/><temp name="T1320"/></temps><temps name="out"><temp name="T1338"/><temp name="T1314"/><temp name="T14"/><temp name="T1334"/><temp name="T1342"/><temp name="T1325"/><temp name="T1329"/><temp name="T1320"/></temps></instruction><instruction code="L120"><temps name="use"/><temps name="def"/><temps name="in"><temp name="T1338"/><temp name="T14"/><temp name="T1314"/><temp name="T1334"/><temp name="T1342"/><temp name="T1325"/><temp name="T1329"/><temp name="T1320"/></temps><temps name="out"><temp name="T1338"/><temp name="T14"/><temp name="T1314"/><temp name="T1334"/><temp name="T1342"/><temp name="T1325"/><temp name="T1329"/><temp name="T1320"/></temps></instruction><instruction code="LDA T1310, L36"><temps name="use"/><temps name="def"><temp name="T1310"/></temps><temps name="in"><temp name="T1338"/><temp name="T14"/><temp name="T1314"/><temp name="T1334"/><temp name="T1342"/><temp name="T1325"/><temp name="T1329"/><temp name="T1320"/></temps><temps name="out"><temp name="T1338"/><temp name="T14"/><temp name="T1314"/><temp name="T1334"/><temp name="T1310"/><temp name="T1342"/><temp name="T1325"/><temp name="T1329"/><temp name="T1320"/></temps></instruction><instruction code="GO T1310, T1310, 0"><temps name="use"><temp name="T1310"/></temps><temps name="def"><temp name="T1310"/></temps><temps name="in"><temp name="T1338"/><temp name="T14"/><temp name="T1314"/><temp name="T1334"/><temp name="T1310"/><temp name="T1342"/><temp name="T1325"/><temp name="T1329"/><temp name="T1320"/></temps><temps name="out"><temp name="T1338"/><temp name="T14"/><temp name="T1314"/><temp name="T1334"/><temp name="T1342"/><temp name="T1325"/><temp name="T1329"/><temp name="T1320"/></temps></instruction><instruction code="L35"><temps name="use"/><temps name="def"/><temps name="in"><temp name="T1338"/><temp name="T1314"/><temp name="T14"/><temp name="T1334"/><temp name="T1342"/><temp name="T1325"/><temp name="T1329"/><temp name="T1320"/></temps><temps name="out"><temp name="T1338"/><temp name="T1314"/><temp name="T14"/><temp name="T1334"/><temp name="T1342"/><temp name="T1325"/><temp name="T1329"/><temp name="T1320"/></temps></instruction><instruction code="SETL  T1311, 1"><temps name="use"/><temps name="def"><temp name="T1311"/></temps><temps name="in"><temp name="T1338"/><temp name="T1314"/><temp name="T14"/><temp name="T1334"/><temp name="T1342"/><temp name="T1325"/><temp name="T1329"/><temp name="T1320"/></temps><temps name="out"><temp name="T1338"/><temp name="T1314"/><temp name="T14"/><temp name="T1334"/><temp name="T1342"/><temp name="T1325"/><temp name="T1329"/><temp name="T1320"/></temps></instruction><instruction code="INCML T1311, 0"><temps name="use"/><temps name="def"><temp name="T1311"/></temps><temps name="in"><temp name="T1338"/><temp name="T1314"/><temp name="T14"/><temp name="T1334"/><temp name="T1342"/><temp name="T1325"/><temp name="T1329"/><temp name="T1320"/></temps><temps name="out"><temp name="T1338"/><temp name="T1314"/><temp name="T14"/><temp name="T1334"/><temp name="T1342"/><temp name="T1325"/><temp name="T1329"/><temp name="T1320"/></temps></instruction><instruction code="INCMH T1311, 0"><temps name="use"/><temps name="def"><temp name="T1311"/></temps><temps name="in"><temp name="T1338"/><temp name="T1314"/><temp name="T14"/><temp name="T1334"/><temp name="T1342"/><temp name="T1325"/><temp name="T1329"/><temp name="T1320"/></temps><temps name="out"><temp name="T1338"/><temp name="T1314"/><temp name="T14"/><temp name="T1334"/><temp name="T1342"/><temp name="T1325"/><temp name="T1329"/><temp name="T1320"/></temps></instruction><instruction code="INCH  T1311, 0"><temps name="use"/><temps name="def"><temp name="T1311"/></temps><temps name="in"><temp name="T1338"/><temp name="T1314"/><temp name="T14"/><temp name="T1334"/><temp name="T1342"/><temp name="T1325"/><temp name="T1329"/><temp name="T1320"/></temps><temps name="out"><temp name="T1311"/><temp name="T1338"/><temp name="T1314"/><temp name="T14"/><temp name="T1334"/><temp name="T1342"/><temp name="T1325"/><temp name="T1329"/><temp name="T1320"/></temps></instruction><instruction code="OR T307, T1311, 0"><temps name="use"><temp name="T1311"/></temps><temps name="def"><temp name="T307"/></temps><temps name="in"><temp name="T1311"/><temp name="T1338"/><temp name="T1314"/><temp name="T14"/><temp name="T1334"/><temp name="T1342"/><temp name="T1325"/><temp name="T1329"/><temp name="T1320"/></temps><temps name="out"><temp name="T307"/><temp name="T1338"/><temp name="T1314"/><temp name="T14"/><temp name="T1334"/><temp name="T1342"/><temp name="T1325"/><temp name="T1329"/><temp name="T1320"/></temps></instruction><instruction code="LDO T1315, T1314, 0"><temps name="use"><temp name="T1314"/></temps><temps name="def"><temp name="T1315"/></temps><temps name="in"><temp name="T307"/><temp name="T1338"/><temp name="T1314"/><temp name="T14"/><temp name="T1334"/><temp name="T1342"/><temp name="T1325"/><temp name="T1329"/><temp name="T1320"/></temps><temps name="out"><temp name="T307"/><temp name="T1338"/><temp name="T14"/><temp name="T1334"/><temp name="T1315"/><temp name="T1342"/><temp name="T1325"/><temp name="T1329"/><temp name="T1320"/></temps></instruction><instruction code="STO T1315, T307, 0"><temps name="use"><temp name="T1315"/><temp name="T307"/></temps><temps name="def"/><temps name="in"><temp name="T307"/><temp name="T1338"/><temp name="T14"/><temp name="T1334"/><temp name="T1315"/><temp name="T1342"/><temp name="T1325"/><temp name="T1329"/><temp name="T1320"/></temps><temps name="out"><temp name="T1338"/><temp name="T14"/><temp name="T1334"/><temp name="T1342"/><temp name="T1325"/><temp name="T1329"/><temp name="T1320"/></temps></instruction><instruction code="LDA T1316, L37"><temps name="use"/><temps name="def"><temp name="T1316"/></temps><temps name="in"><temp name="T1338"/><temp name="T14"/><temp name="T1334"/><temp name="T1342"/><temp name="T1325"/><temp name="T1329"/><temp name="T1320"/></temps><temps name="out"><temp name="T1316"/><temp name="T1338"/><temp name="T14"/><temp name="T1334"/><temp name="T1342"/><temp name="T1325"/><temp name="T1329"/><temp name="T1320"/></temps></instruction><instruction code="GO T1316, T1316, 0"><temps name="use"><temp name="T1316"/></temps><temps name="def"><temp name="T1316"/></temps><temps name="in"><temp name="T1316"/><temp name="T1338"/><temp name="T14"/><temp name="T1334"/><temp name="T1342"/><temp name="T1325"/><temp name="T1329"/><temp name="T1320"/></temps><temps name="out"><temp name="T1338"/><temp name="T14"/><temp name="T1334"/><temp name="T1342"/><temp name="T1325"/><temp name="T1329"/><temp name="T1320"/></temps></instruction><instruction code="L36"><temps name="use"/><temps name="def"/><temps name="in"><temp name="T1338"/><temp name="T14"/><temp name="T1334"/><temp name="T1325"/><temp name="T1342"/><temp name="T1329"/><temp name="T1320"/></temps><temps name="out"><temp name="T1338"/><temp name="T14"/><temp name="T1334"/><temp name="T1325"/><temp name="T1342"/><temp name="T1329"/><temp name="T1320"/></temps></instruction><instruction code="SETL  T1317, 0"><temps name="use"/><temps name="def"><temp name="T1317"/></temps><temps name="in"><temp name="T1338"/><temp name="T14"/><temp name="T1334"/><temp name="T1325"/><temp name="T1342"/><temp name="T1329"/><temp name="T1320"/></temps><temps name="out"><temp name="T1338"/><temp name="T14"/><temp name="T1334"/><temp name="T1325"/><temp name="T1342"/><temp name="T1329"/><temp name="T1320"/></temps></instruction><instruction code="INCML T1317, 0"><temps name="use"/><temps name="def"><temp name="T1317"/></temps><temps name="in"><temp name="T1338"/><temp name="T14"/><temp name="T1334"/><temp name="T1325"/><temp name="T1342"/><temp name="T1329"/><temp name="T1320"/></temps><temps name="out"><temp name="T1338"/><temp name="T14"/><temp name="T1334"/><temp name="T1325"/><temp name="T1342"/><temp name="T1329"/><temp name="T1320"/></temps></instruction><instruction code="INCMH T1317, 0"><temps name="use"/><temps name="def"><temp name="T1317"/></temps><temps name="in"><temp name="T1338"/><temp name="T14"/><temp name="T1334"/><temp name="T1325"/><temp name="T1342"/><temp name="T1329"/><temp name="T1320"/></temps><temps name="out"><temp name="T1338"/><temp name="T14"/><temp name="T1334"/><temp name="T1325"/><temp name="T1342"/><temp name="T1329"/><temp name="T1320"/></temps></instruction><instruction code="INCH  T1317, 0"><temps name="use"/><temps name="def"><temp name="T1317"/></temps><temps name="in"><temp name="T1338"/><temp name="T14"/><temp name="T1334"/><temp name="T1325"/><temp name="T1342"/><temp name="T1329"/><temp name="T1320"/></temps><temps name="out"><temp name="T1317"/><temp name="T1338"/><temp name="T14"/><temp name="T1334"/><temp name="T1325"/><temp name="T1342"/><temp name="T1329"/><temp name="T1320"/></temps></instruction><instruction code="OR T308, T1317, 0"><temps name="use"><temp name="T1317"/></temps><temps name="def"><temp name="T308"/></temps><temps name="in"><temp name="T1317"/><temp name="T1338"/><temp name="T14"/><temp name="T1334"/><temp name="T1325"/><temp name="T1342"/><temp name="T1329"/><temp name="T1320"/></temps><temps name="out"><temp name="T1338"/><temp name="T14"/><temp name="T308"/><temp name="T1334"/><temp name="T1325"/><temp name="T1342"/><temp name="T1329"/><temp name="T1320"/></temps></instruction><instruction code="OR T309, T14, 0"><temps name="use"><temp name="T14"/></temps><temps name="def"><temp name="T309"/></temps><temps name="in"><temp name="T1338"/><temp name="T14"/><temp name="T308"/><temp name="T1334"/><temp name="T1325"/><temp name="T1342"/><temp name="T1329"/><temp name="T1320"/></temps><temps name="out"><temp name="T1338"/><temp name="T308"/><temp name="T14"/><temp name="T309"/><temp name="T1334"/><temp name="T1325"/><temp name="T1342"/><temp name="T1329"/><temp name="T1320"/></temps></instruction><instruction code="SETL  T1318, 8"><temps name="use"/><temps name="def"><temp name="T1318"/></temps><temps name="in"><temp name="T1338"/><temp name="T308"/><temp name="T14"/><temp name="T309"/><temp name="T1334"/><temp name="T1325"/><temp name="T1342"/><temp name="T1329"/><temp name="T1320"/></temps><temps name="out"><temp name="T1338"/><temp name="T308"/><temp name="T14"/><temp name="T309"/><temp name="T1334"/><temp name="T1325"/><temp name="T1342"/><temp name="T1329"/><temp name="T1320"/></temps></instruction><instruction code="INCML T1318, 0"><temps name="use"/><temps name="def"><temp name="T1318"/></temps><temps name="in"><temp name="T1338"/><temp name="T308"/><temp name="T14"/><temp name="T309"/><temp name="T1334"/><temp name="T1325"/><temp name="T1342"/><temp name="T1329"/><temp name="T1320"/></temps><temps name="out"><temp name="T1338"/><temp name="T308"/><temp name="T14"/><temp name="T309"/><temp name="T1334"/><temp name="T1325"/><temp name="T1342"/><temp name="T1329"/><temp name="T1320"/></temps></instruction><instruction code="INCMH T1318, 0"><temps name="use"/><temps name="def"><temp name="T1318"/></temps><temps name="in"><temp name="T1338"/><temp name="T308"/><temp name="T14"/><temp name="T309"/><temp name="T1334"/><temp name="T1325"/><temp name="T1342"/><temp name="T1329"/><temp name="T1320"/></temps><temps name="out"><temp name="T1338"/><temp name="T308"/><temp name="T14"/><temp name="T309"/><temp name="T1334"/><temp name="T1325"/><temp name="T1342"/><temp name="T1329"/><temp name="T1320"/></temps></instruction><instruction code="INCH  T1318, 0"><temps name="use"/><temps name="def"><temp name="T1318"/></temps><temps name="in"><temp name="T1338"/><temp name="T308"/><temp name="T14"/><temp name="T309"/><temp name="T1334"/><temp name="T1325"/><temp name="T1342"/><temp name="T1329"/><temp name="T1320"/></temps><temps name="out"><temp name="T1338"/><temp name="T308"/><temp name="T14"/><temp name="T1318"/><temp name="T309"/><temp name="T1334"/><temp name="T1325"/><temp name="T1342"/><temp name="T1329"/><temp name="T1320"/></temps></instruction><instruction code="OR T310, T1318, 0"><temps name="use"><temp name="T1318"/></temps><temps name="def"><temp name="T310"/></temps><temps name="in"><temp name="T1338"/><temp name="T308"/><temp name="T14"/><temp name="T1318"/><temp name="T309"/><temp name="T1334"/><temp name="T1325"/><temp name="T1342"/><temp name="T1329"/><temp name="T1320"/></temps><temps name="out"><temp name="T1338"/><temp name="T308"/><temp name="T14"/><temp name="T309"/><temp name="T1334"/><temp name="T1325"/><temp name="T1342"/><temp name="T1329"/><temp name="T310"/><temp name="T1320"/></temps></instruction><instruction code="ADD T1319, T309, T310"><temps name="use"><temp name="T309"/><temp name="T310"/></temps><temps name="def"><temp name="T1319"/></temps><temps name="in"><temp name="T1338"/><temp name="T308"/><temp name="T14"/><temp name="T309"/><temp name="T1334"/><temp name="T1325"/><temp name="T1342"/><temp name="T1329"/><temp name="T310"/><temp name="T1320"/></temps><temps name="out"><temp name="T1338"/><temp name="T1319"/><temp name="T308"/><temp name="T14"/><temp name="T1334"/><temp name="T1325"/><temp name="T1342"/><temp name="T1329"/><temp name="T1320"/></temps></instruction><instruction code="OR T311, T1319, 0"><temps name="use"><temp name="T1319"/></temps><temps name="def"><temp name="T311"/></temps><temps name="in"><temp name="T1338"/><temp name="T1319"/><temp name="T308"/><temp name="T14"/><temp name="T1334"/><temp name="T1325"/><temp name="T1342"/><temp name="T1329"/><temp name="T1320"/></temps><temps name="out"><temp name="T1338"/><temp name="T308"/><temp name="T14"/><temp name="T1334"/><temp name="T1325"/><temp name="T1342"/><temp name="T1329"/><temp name="T1320"/></temps></instruction><instruction code="LDO T1321, T1320, 0"><temps name="use"><temp name="T1320"/></temps><temps name="def"><temp name="T1321"/></temps><temps name="in"><temp name="T1338"/><temp name="T308"/><temp name="T14"/><temp name="T1334"/><temp name="T1325"/><temp name="T1342"/><temp name="T1329"/><temp name="T1320"/></temps><temps name="out"><temp name="T1338"/><temp name="T308"/><temp name="T14"/><temp name="T1334"/><temp name="T1325"/><temp name="T1342"/><temp name="T1329"/><temp name="T1321"/></temps></instruction><instruction code="OR T312, T1321, 0"><temps name="use"><temp name="T1321"/></temps><temps name="def"><temp name="T312"/></temps><temps name="in"><temp name="T1338"/><temp name="T308"/><temp name="T14"/><temp name="T1334"/><temp name="T1325"/><temp name="T1342"/><temp name="T1329"/><temp name="T1321"/></temps><temps name="out"><temp name="T312"/><temp name="T1338"/><temp name="T308"/><temp name="T14"/><temp name="T1334"/><temp name="T1325"/><temp name="T1342"/><temp name="T1329"/></temps></instruction><instruction code="SETL  T1322, 1"><temps name="use"/><temps name="def"><temp name="T1322"/></temps><temps name="in"><temp name="T312"/><temp name="T1338"/><temp name="T308"/><temp name="T14"/><temp name="T1334"/><temp name="T1325"/><temp name="T1342"/><temp name="T1329"/></temps><temps name="out"><temp name="T312"/><temp name="T1338"/><temp name="T308"/><temp name="T14"/><temp name="T1334"/><temp name="T1325"/><temp name="T1342"/><temp name="T1329"/></temps></instruction><instruction code="INCML T1322, 0"><temps name="use"/><temps name="def"><temp name="T1322"/></temps><temps name="in"><temp name="T312"/><temp name="T1338"/><temp name="T308"/><temp name="T14"/><temp name="T1334"/><temp name="T1325"/><temp name="T1342"/><temp name="T1329"/></temps><temps name="out"><temp name="T312"/><temp name="T1338"/><temp name="T308"/><temp name="T14"/><temp name="T1334"/><temp name="T1325"/><temp name="T1342"/><temp name="T1329"/></temps></instruction><instruction code="INCMH T1322, 0"><temps name="use"/><temps name="def"><temp name="T1322"/></temps><temps name="in"><temp name="T312"/><temp name="T1338"/><temp name="T308"/><temp name="T14"/><temp name="T1334"/><temp name="T1325"/><temp name="T1342"/><temp name="T1329"/></temps><temps name="out"><temp name="T312"/><temp name="T1338"/><temp name="T308"/><temp name="T14"/><temp name="T1334"/><temp name="T1325"/><temp name="T1342"/><temp name="T1329"/></temps></instruction><instruction code="INCH  T1322, 0"><temps name="use"/><temps name="def"><temp name="T1322"/></temps><temps name="in"><temp name="T312"/><temp name="T1338"/><temp name="T308"/><temp name="T14"/><temp name="T1334"/><temp name="T1325"/><temp name="T1342"/><temp name="T1329"/></temps><temps name="out"><temp name="T312"/><temp name="T1338"/><temp name="T1322"/><temp name="T308"/><temp name="T14"/><temp name="T1334"/><temp name="T1325"/><temp name="T1342"/><temp name="T1329"/></temps></instruction><instruction code="OR T313, T1322, 0"><temps name="use"><temp name="T1322"/></temps><temps name="def"><temp name="T313"/></temps><temps name="in"><temp name="T312"/><temp name="T1338"/><temp name="T1322"/><temp name="T308"/><temp name="T14"/><temp name="T1334"/><temp name="T1325"/><temp name="T1342"/><temp name="T1329"/></temps><temps name="out"><temp name="T312"/><temp name="T1338"/><temp name="T308"/><temp name="T14"/><temp name="T313"/><temp name="T1334"/><temp name="T1325"/><temp name="T1342"/><temp name="T1329"/></temps></instruction><instruction code="SUB T1323, T312, T313"><temps name="use"><temp name="T312"/><temp name="T313"/></temps><temps name="def"><temp name="T1323"/></temps><temps name="in"><temp name="T312"/><temp name="T1338"/><temp name="T308"/><temp name="T14"/><temp name="T313"/><temp name="T1334"/><temp name="T1325"/><temp name="T1342"/><temp name="T1329"/></temps><temps name="out"><temp name="T1338"/><temp name="T308"/><temp name="T14"/><temp name="T1323"/><temp name="T1334"/><temp name="T1325"/><temp name="T1342"/><temp name="T1329"/></temps></instruction><instruction code="OR T314, T1323, 0"><temps name="use"><temp name="T1323"/></temps><temps name="def"><temp name="T314"/></temps><temps name="in"><temp name="T1338"/><temp name="T308"/><temp name="T14"/><temp name="T1323"/><temp name="T1334"/><temp name="T1325"/><temp name="T1342"/><temp name="T1329"/></temps><temps name="out"><temp name="T1338"/><temp name="T308"/><temp name="T14"/><temp name="T1334"/><temp name="T1325"/><temp name="T1342"/><temp name="T314"/><temp name="T1329"/></temps></instruction><instruction code="STO T308, $254, 8"><temps name="use"><temp name="T308"/></temps><temps name="def"/><temps name="in"><temp name="T1338"/><temp name="T308"/><temp name="T14"/><temp name="T1334"/><temp name="T1325"/><temp name="T1342"/><temp name="T314"/><temp name="T1329"/></temps><temps name="out"><temp name="T1338"/><temp name="T14"/><temp name="T1334"/><temp name="T1325"/><temp name="T1342"/><temp name="T314"/><temp name="T1329"/></temps></instruction><instruction code="STO T314, $254, 16"><temps name="use"><temp name="T314"/></temps><temps name="def"/><temps name="in"><temp name="T1338"/><temp name="T14"/><temp name="T1334"/><temp name="T1325"/><temp name="T1342"/><temp name="T314"/><temp name="T1329"/></temps><temps name="out"><temp name="T1338"/><temp name="T14"/><temp name="T1334"/><temp name="T1325"/><temp name="T1342"/><temp name="T1329"/></temps></instruction><instruction code="LDA T1324, _fibRec"><temps name="use"/><temps name="def"><temp name="T1324"/></temps><temps name="in"><temp name="T1338"/><temp name="T14"/><temp name="T1334"/><temp name="T1325"/><temp name="T1342"/><temp name="T1329"/></temps><temps name="out"><temp name="T1338"/><temp name="T14"/><temp name="T1334"/><temp name="T1325"/><temp name="T1342"/><temp name="T1324"/><temp name="T1329"/></temps></instruction><instruction code="PUSHJ $15, T1324, 0"><temps name="use"><temp name="T1324"/></temps><temps name="def"/><temps name="in"><temp name="T1338"/><temp name="T14"/><temp name="T1334"/><temp name="T1325"/><temp name="T1342"/><temp name="T1324"/><temp name="T1329"/></temps><temps name="out"><temp name="T1338"/><temp name="T14"/><temp name="T1334"/><temp name="T1325"/><temp name="T1342"/><temp name="T1329"/></temps></instruction><instruction code="OR T315, T1325, 0"><temps name="use"><temp name="T1325"/></temps><temps name="def"><temp name="T315"/></temps><temps name="in"><temp name="T1338"/><temp name="T14"/><temp name="T1334"/><temp name="T1325"/><temp name="T1342"/><temp name="T1329"/></temps><temps name="out"><temp name="T1338"/><temp name="T14"/><temp name="T315"/><temp name="T1334"/><temp name="T1342"/><temp name="T1329"/></temps></instruction><instruction code="SETL  T1326, 0"><temps name="use"/><temps name="def"><temp name="T1326"/></temps><temps name="in"><temp name="T1338"/><temp name="T14"/><temp name="T315"/><temp name="T1334"/><temp name="T1342"/><temp name="T1329"/></temps><temps name="out"><temp name="T1338"/><temp name="T14"/><temp name="T315"/><temp name="T1334"/><temp name="T1342"/><temp name="T1329"/></temps></instruction><instruction code="INCML T1326, 0"><temps name="use"/><temps name="def"><temp name="T1326"/></temps><temps name="in"><temp name="T1338"/><temp name="T14"/><temp name="T315"/><temp name="T1334"/><temp name="T1342"/><temp name="T1329"/></temps><temps name="out"><temp name="T1338"/><temp name="T14"/><temp name="T315"/><temp name="T1334"/><temp name="T1342"/><temp name="T1329"/></temps></instruction><instruction code="INCMH T1326, 0"><temps name="use"/><temps name="def"><temp name="T1326"/></temps><temps name="in"><temp name="T1338"/><temp name="T14"/><temp name="T315"/><temp name="T1334"/><temp name="T1342"/><temp name="T1329"/></temps><temps name="out"><temp name="T1338"/><temp name="T14"/><temp name="T315"/><temp name="T1334"/><temp name="T1342"/><temp name="T1329"/></temps></instruction><instruction code="INCH  T1326, 0"><temps name="use"/><temps name="def"><temp name="T1326"/></temps><temps name="in"><temp name="T1338"/><temp name="T14"/><temp name="T315"/><temp name="T1334"/><temp name="T1342"/><temp name="T1329"/></temps><temps name="out"><temp name="T1338"/><temp name="T14"/><temp name="T315"/><temp name="T1334"/><temp name="T1342"/><temp name="T1329"/><temp name="T1326"/></temps></instruction><instruction code="OR T316, T1326, 0"><temps name="use"><temp name="T1326"/></temps><temps name="def"><temp name="T316"/></temps><temps name="in"><temp name="T1338"/><temp name="T14"/><temp name="T315"/><temp name="T1334"/><temp name="T1342"/><temp name="T1329"/><temp name="T1326"/></temps><temps name="out"><temp name="T1338"/><temp name="T316"/><temp name="T14"/><temp name="T315"/><temp name="T1334"/><temp name="T1342"/><temp name="T1329"/></temps></instruction><instruction code="OR T317, T14, 0"><temps name="use"><temp name="T14"/></temps><temps name="def"><temp name="T317"/></temps><temps name="in"><temp name="T1338"/><temp name="T316"/><temp name="T14"/><temp name="T315"/><temp name="T1334"/><temp name="T1342"/><temp name="T1329"/></temps><temps name="out"><temp name="T1338"/><temp name="T316"/><temp name="T315"/><temp name="T14"/><temp name="T1334"/><temp name="T1342"/><temp name="T1329"/><temp name="T317"/></temps></instruction><instruction code="SETL  T1327, 8"><temps name="use"/><temps name="def"><temp name="T1327"/></temps><temps name="in"><temp name="T1338"/><temp name="T316"/><temp name="T315"/><temp name="T14"/><temp name="T1334"/><temp name="T1342"/><temp name="T1329"/><temp name="T317"/></temps><temps name="out"><temp name="T1338"/><temp name="T316"/><temp name="T315"/><temp name="T14"/><temp name="T1334"/><temp name="T1342"/><temp name="T1329"/><temp name="T317"/></temps></instruction><instruction code="INCML T1327, 0"><temps name="use"/><temps name="def"><temp name="T1327"/></temps><temps name="in"><temp name="T1338"/><temp name="T316"/><temp name="T315"/><temp name="T14"/><temp name="T1334"/><temp name="T1342"/><temp name="T1329"/><temp name="T317"/></temps><temps name="out"><temp name="T1338"/><temp name="T316"/><temp name="T315"/><temp name="T14"/><temp name="T1334"/><temp name="T1342"/><temp name="T1329"/><temp name="T317"/></temps></instruction><instruction code="INCMH T1327, 0"><temps name="use"/><temps name="def"><temp name="T1327"/></temps><temps name="in"><temp name="T1338"/><temp name="T316"/><temp name="T315"/><temp name="T14"/><temp name="T1334"/><temp name="T1342"/><temp name="T1329"/><temp name="T317"/></temps><temps name="out"><temp name="T1338"/><temp name="T316"/><temp name="T315"/><temp name="T14"/><temp name="T1334"/><temp name="T1342"/><temp name="T1329"/><temp name="T317"/></temps></instruction><instruction code="INCH  T1327, 0"><temps name="use"/><temps name="def"><temp name="T1327"/></temps><temps name="in"><temp name="T1338"/><temp name="T316"/><temp name="T315"/><temp name="T14"/><temp name="T1334"/><temp name="T1342"/><temp name="T1329"/><temp name="T317"/></temps><temps name="out"><temp name="T1338"/><temp name="T316"/><temp name="T315"/><temp name="T14"/><temp name="T1334"/><temp name="T1342"/><temp name="T1329"/><temp name="T317"/><temp name="T1327"/></temps></instruction><instruction code="OR T318, T1327, 0"><temps name="use"><temp name="T1327"/></temps><temps name="def"><temp name="T318"/></temps><temps name="in"><temp name="T1338"/><temp name="T316"/><temp name="T315"/><temp name="T14"/><temp name="T1334"/><temp name="T1342"/><temp name="T1329"/><temp name="T317"/><temp name="T1327"/></temps><temps name="out"><temp name="T1338"/><temp name="T316"/><temp name="T315"/><temp name="T14"/><temp name="T318"/><temp name="T1334"/><temp name="T1342"/><temp name="T1329"/><temp name="T317"/></temps></instruction><instruction code="ADD T1328, T317, T318"><temps name="use"><temp name="T317"/><temp name="T318"/></temps><temps name="def"><temp name="T1328"/></temps><temps name="in"><temp name="T1338"/><temp name="T316"/><temp name="T315"/><temp name="T14"/><temp name="T318"/><temp name="T1334"/><temp name="T1342"/><temp name="T1329"/><temp name="T317"/></temps><temps name="out"><temp name="T1328"/><temp name="T1338"/><temp name="T316"/><temp name="T315"/><temp name="T14"/><temp name="T1334"/><temp name="T1342"/><temp name="T1329"/></temps></instruction><instruction code="OR T319, T1328, 0"><temps name="use"><temp name="T1328"/></temps><temps name="def"><temp name="T319"/></temps><temps name="in"><temp name="T1328"/><temp name="T1338"/><temp name="T316"/><temp name="T315"/><temp name="T14"/><temp name="T1334"/><temp name="T1342"/><temp name="T1329"/></temps><temps name="out"><temp name="T1338"/><temp name="T316"/><temp name="T315"/><temp name="T14"/><temp name="T1334"/><temp name="T1342"/><temp name="T1329"/></temps></instruction><instruction code="LDO T1330, T1329, 0"><temps name="use"><temp name="T1329"/></temps><temps name="def"><temp name="T1330"/></temps><temps name="in"><temp name="T1338"/><temp name="T316"/><temp name="T315"/><temp name="T14"/><temp name="T1334"/><temp name="T1342"/><temp name="T1329"/></temps><temps name="out"><temp name="T1338"/><temp name="T316"/><temp name="T315"/><temp name="T14"/><temp name="T1334"/><temp name="T1342"/><temp name="T1330"/></temps></instruction><instruction code="OR T320, T1330, 0"><temps name="use"><temp name="T1330"/></temps><temps name="def"><temp name="T320"/></temps><temps name="in"><temp name="T1338"/><temp name="T316"/><temp name="T315"/><temp name="T14"/><temp name="T1334"/><temp name="T1342"/><temp name="T1330"/></temps><temps name="out"><temp name="T1338"/><temp name="T316"/><temp name="T315"/><temp name="T14"/><temp name="T320"/><temp name="T1334"/><temp name="T1342"/></temps></instruction><instruction code="SETL  T1331, 2"><temps name="use"/><temps name="def"><temp name="T1331"/></temps><temps name="in"><temp name="T1338"/><temp name="T316"/><temp name="T315"/><temp name="T14"/><temp name="T320"/><temp name="T1334"/><temp name="T1342"/></temps><temps name="out"><temp name="T1338"/><temp name="T316"/><temp name="T315"/><temp name="T14"/><temp name="T320"/><temp name="T1334"/><temp name="T1342"/></temps></instruction><instruction code="INCML T1331, 0"><temps name="use"/><temps name="def"><temp name="T1331"/></temps><temps name="in"><temp name="T1338"/><temp name="T316"/><temp name="T315"/><temp name="T14"/><temp name="T320"/><temp name="T1334"/><temp name="T1342"/></temps><temps name="out"><temp name="T1338"/><temp name="T316"/><temp name="T315"/><temp name="T14"/><temp name="T320"/><temp name="T1334"/><temp name="T1342"/></temps></instruction><instruction code="INCMH T1331, 0"><temps name="use"/><temps name="def"><temp name="T1331"/></temps><temps name="in"><temp name="T1338"/><temp name="T316"/><temp name="T315"/><temp name="T14"/><temp name="T320"/><temp name="T1334"/><temp name="T1342"/></temps><temps name="out"><temp name="T1338"/><temp name="T316"/><temp name="T315"/><temp name="T14"/><temp name="T320"/><temp name="T1334"/><temp name="T1342"/></temps></instruction><instruction code="INCH  T1331, 0"><temps name="use"/><temps name="def"><temp name="T1331"/></temps><temps name="in"><temp name="T1338"/><temp name="T316"/><temp name="T315"/><temp name="T14"/><temp name="T320"/><temp name="T1334"/><temp name="T1342"/></temps><temps name="out"><temp name="T1338"/><temp name="T316"/><temp name="T315"/><temp name="T14"/><temp name="T320"/><temp name="T1334"/><temp name="T1331"/><temp name="T1342"/></temps></instruction><instruction code="OR T321, T1331, 0"><temps name="use"><temp name="T1331"/></temps><temps name="def"><temp name="T321"/></temps><temps name="in"><temp name="T1338"/><temp name="T316"/><temp name="T315"/><temp name="T14"/><temp name="T320"/><temp name="T1334"/><temp name="T1331"/><temp name="T1342"/></temps><temps name="out"><temp name="T1338"/><temp name="T316"/><temp name="T315"/><temp name="T14"/><temp name="T320"/><temp name="T1334"/><temp name="T1342"/><temp name="T321"/></temps></instruction><instruction code="SUB T1332, T320, T321"><temps name="use"><temp name="T320"/><temp name="T321"/></temps><temps name="def"><temp name="T1332"/></temps><temps name="in"><temp name="T1338"/><temp name="T316"/><temp name="T315"/><temp name="T14"/><temp name="T320"/><temp name="T1334"/><temp name="T1342"/><temp name="T321"/></temps><temps name="out"><temp name="T1338"/><temp name="T316"/><temp name="T315"/><temp name="T14"/><temp name="T1334"/><temp name="T1342"/><temp name="T1332"/></temps></instruction><instruction code="OR T322, T1332, 0"><temps name="use"><temp name="T1332"/></temps><temps name="def"><temp name="T322"/></temps><temps name="in"><temp name="T1338"/><temp name="T316"/><temp name="T315"/><temp name="T14"/><temp name="T1334"/><temp name="T1342"/><temp name="T1332"/></temps><temps name="out"><temp name="T322"/><temp name="T1338"/><temp name="T316"/><temp name="T315"/><temp name="T14"/><temp name="T1334"/><temp name="T1342"/></temps></instruction><instruction code="STO T316, $254, 8"><temps name="use"><temp name="T316"/></temps><temps name="def"/><temps name="in"><temp name="T322"/><temp name="T1338"/><temp name="T316"/><temp name="T315"/><temp name="T14"/><temp name="T1334"/><temp name="T1342"/></temps><temps name="out"><temp name="T322"/><temp name="T1338"/><temp name="T315"/><temp name="T14"/><temp name="T1334"/><temp name="T1342"/></temps></instruction><instruction code="STO T322, $254, 16"><temps name="use"><temp name="T322"/></temps><temps name="def"/><temps name="in"><temp name="T322"/><temp name="T1338"/><temp name="T315"/><temp name="T14"/><temp name="T1334"/><temp name="T1342"/></temps><temps name="out"><temp name="T1338"/><temp name="T315"/><temp name="T14"/><temp name="T1334"/><temp name="T1342"/></temps></instruction><instruction code="LDA T1333, _fibRec"><temps name="use"/><temps name="def"><temp name="T1333"/></temps><temps name="in"><temp name="T1338"/><temp name="T315"/><temp name="T14"/><temp name="T1334"/><temp name="T1342"/></temps><temps name="out"><temp name="T1338"/><temp name="T315"/><temp name="T14"/><temp name="T1334"/><temp name="T1342"/><temp name="T1333"/></temps></instruction><instruction code="PUSHJ $15, T1333, 0"><temps name="use"><temp name="T1333"/></temps><temps name="def"/><temps name="in"><temp name="T1338"/><temp name="T315"/><temp name="T14"/><temp name="T1334"/><temp name="T1342"/><temp name="T1333"/></temps><temps name="out"><temp name="T1338"/><temp name="T315"/><temp name="T14"/><temp name="T1334"/><temp name="T1342"/></temps></instruction><instruction code="OR T323, T1334, 0"><temps name="use"><temp name="T1334"/></temps><temps name="def"><temp name="T323"/></temps><temps name="in"><temp name="T1338"/><temp name="T315"/><temp name="T14"/><temp name="T1334"/><temp name="T1342"/></temps><temps name="out"><temp name="T323"/><temp name="T1338"/><temp name="T315"/><temp name="T14"/><temp name="T1342"/></temps></instruction><instruction code="ADD T1335, T315, T323"><temps name="use"><temp name="T315"/><temp name="T323"/></temps><temps name="def"><temp name="T1335"/></temps><temps name="in"><temp name="T323"/><temp name="T1338"/><temp name="T315"/><temp name="T14"/><temp name="T1342"/></temps><temps name="out"><temp name="T1338"/><temp name="T14"/><temp name="T1335"/><temp name="T1342"/></temps></instruction><instruction code="OR T324, T1335, 0"><temps name="use"><temp name="T1335"/></temps><temps name="def"><temp name="T324"/></temps><temps name="in"><temp name="T1338"/><temp name="T14"/><temp name="T1335"/><temp name="T1342"/></temps><temps name="out"><temp name="T1338"/><temp name="T324"/><temp name="T14"/><temp name="T1342"/></temps></instruction><instruction code="LDO T1339, T1338, 0"><temps name="use"><temp name="T1338"/></temps><temps name="def"><temp name="T1339"/></temps><temps name="in"><temp name="T1338"/><temp name="T324"/><temp name="T14"/><temp name="T1342"/></temps><temps name="out"><temp name="T324"/><temp name="T14"/><temp name="T1342"/><temp name="T1339"/></temps></instruction><instruction code="STO T1339, T324, 0"><temps name="use"><temp name="T1339"/><temp name="T324"/></temps><temps name="def"/><temps name="in"><temp name="T324"/><temp name="T14"/><temp name="T1342"/><temp name="T1339"/></temps><temps name="out"><temp name="T14"/><temp name="T1342"/></temps></instruction><instruction code="L37"><temps name="use"/><temps name="def"/><temps name="in"><temp name="T14"/><temp name="T1342"/></temps><temps name="out"><temp name="T14"/><temp name="T1342"/></temps></instruction><instruction code="OR T325, T14, 0"><temps name="use"><temp name="T14"/></temps><temps name="def"><temp name="T325"/></temps><temps name="in"><temp name="T14"/><temp name="T1342"/></temps><temps name="out"><temp name="T325"/><temp name="T1342"/></temps></instruction><instruction code="SETL  T1340, 8"><temps name="use"/><temps name="def"><temp name="T1340"/></temps><temps name="in"><temp name="T325"/><temp name="T1342"/></temps><temps name="out"><temp name="T325"/><temp name="T1342"/></temps></instruction><instruction code="INCML T1340, 0"><temps name="use"/><temps name="def"><temp name="T1340"/></temps><temps name="in"><temp name="T325"/><temp name="T1342"/></temps><temps name="out"><temp name="T325"/><temp name="T1342"/></temps></instruction><instruction code="INCMH T1340, 0"><temps name="use"/><temps name="def"><temp name="T1340"/></temps><temps name="in"><temp name="T325"/><temp name="T1342"/></temps><temps name="out"><temp name="T325"/><temp name="T1342"/></temps></instruction><instruction code="INCH  T1340, 0"><temps name="use"/><temps name="def"><temp name="T1340"/></temps><temps name="in"><temp name="T325"/><temp name="T1342"/></temps><temps name="out"><temp name="T325"/><temp name="T1342"/><temp name="T1340"/></temps></instruction><instruction code="NEG T1340, 0, T1340"><temps name="use"><temp name="T1340"/></temps><temps name="def"><temp name="T1340"/></temps><temps name="in"><temp name="T325"/><temp name="T1342"/><temp name="T1340"/></temps><temps name="out"><temp name="T325"/><temp name="T1342"/><temp name="T1340"/></temps></instruction><instruction code="OR T326, T1340, 0"><temps name="use"><temp name="T1340"/></temps><temps name="def"><temp name="T326"/></temps><temps name="in"><temp name="T325"/><temp name="T1342"/><temp name="T1340"/></temps><temps name="out"><temp name="T325"/><temp name="T1342"/><temp name="T326"/></temps></instruction><instruction code="ADD T1341, T325, T326"><temps name="use"><temp name="T325"/><temp name="T326"/></temps><temps name="def"><temp name="T1341"/></temps><temps name="in"><temp name="T325"/><temp name="T1342"/><temp name="T326"/></temps><temps name="out"><temp name="T1341"/><temp name="T1342"/></temps></instruction><instruction code="OR T327, T1341, 0"><temps name="use"><temp name="T1341"/></temps><temps name="def"><temp name="T327"/></temps><temps name="in"><temp name="T1341"/><temp name="T1342"/></temps><temps name="out"><temp name="T1342"/></temps></instruction><instruction code="LDO T1343, T1342, 0"><temps name="use"><temp name="T1342"/></temps><temps name="def"><temp name="T1343"/></temps><temps name="in"><temp name="T1342"/></temps><temps name="out"><temp name="T1343"/></temps></instruction><instruction code="OR T328, T1343, 0"><temps name="use"><temp name="T1343"/></temps><temps name="def"><temp name="T328"/></temps><temps name="in"><temp name="T1343"/></temps><temps name="out"><temp name="T328"/></temps></instruction><instruction code="OR T15, T328, 0"><temps name="use"><temp name="T328"/></temps><temps name="def"><temp name="T15"/></temps><temps name="in"><temp name="T328"/></temps><temps name="out"/></instruction><instruction code="LDA T1344, L122"><temps name="use"/><temps name="def"><temp name="T1344"/></temps><temps name="in"/><temps name="out"><temp name="T1344"/></temps></instruction><instruction code="GO T1344, T1344, 0"><temps name="use"><temp name="T1344"/></temps><temps name="def"><temp name="T1344"/></temps><temps name="in"><temp name="T1344"/></temps><temps name="out"/></instruction></instructions></code><code entrylabel="L126" exitlabel="L127" tempsize="0"><frame FP="T18" RV="T19" argssize="16" depth="2" label="L0" locssize="8" size="40"/><instructions><instruction code="L126"><temps name="use"/><temps name="def"/><temps name="in"><temp name="T1454"/><temp name="T1465"/><temp name="T1375"/><temp name="T1431"/><temp name="T1456"/><temp name="T1360"/><temp name="T1393"/><temp name="T1364"/><temp name="T1353"/><temp name="T1421"/><temp name="T1425"/><temp name="T1349"/><temp name="T1444"/><temp name="T1381"/><temp name="T18"/><temp name="T1366"/><temp name="T1402"/><temp name="T1386"/><temp name="T1448"/><temp name="T1347"/><temp name="T1415"/><temp name="T1370"/><temp name="T1389"/><temp name="T1419"/><temp name="T1396"/><temp name="T1410"/><temp name="T1460"/></temps><temps name="out"><temp name="T1454"/><temp name="T1465"/><temp name="T1375"/><temp name="T1431"/><temp name="T1456"/><temp name="T1360"/><temp name="T1393"/><temp name="T1364"/><temp name="T1353"/><temp name="T1421"/><temp name="T1425"/><temp name="T1349"/><temp name="T1444"/><temp name="T1381"/><temp name="T18"/><temp name="T1366"/><temp name="T1402"/><temp name="T1386"/><temp name="T1448"/><temp name="T1347"/><temp name="T1415"/><temp name="T1370"/><temp name="T1389"/><temp name="T1419"/><temp name="T1396"/><temp name="T1410"/><temp name="T1460"/></temps></instruction><instruction code="OR T329, T18, 0"><temps name="use"><temp name="T18"/></temps><temps name="def"><temp name="T329"/></temps><temps name="in"><temp name="T1454"/><temp name="T1465"/><temp name="T1375"/><temp name="T1431"/><temp name="T1456"/><temp name="T1360"/><temp name="T1393"/><temp name="T1364"/><temp name="T1353"/><temp name="T1421"/><temp name="T1425"/><temp name="T1349"/><temp name="T1444"/><temp name="T1381"/><temp name="T18"/><temp name="T1366"/><temp name="T1402"/><temp name="T1386"/><temp name="T1448"/><temp name="T1347"/><temp name="T1415"/><temp name="T1370"/><temp name="T1389"/><temp name="T1419"/><temp name="T1396"/><temp name="T1410"/><temp name="T1460"/></temps><temps name="out"><temp name="T1454"/><temp name="T1465"/><temp name="T1375"/><temp name="T1431"/><temp name="T1456"/><temp name="T329"/><temp name="T1360"/><temp name="T1393"/><temp name="T1364"/><temp name="T1353"/><temp name="T1421"/><temp name="T1425"/><temp name="T1349"/><temp name="T1444"/><temp name="T1381"/><temp name="T18"/><temp name="T1366"/><temp name="T1402"/><temp name="T1386"/><temp name="T1448"/><temp name="T1347"/><temp name="T1415"/><temp name="T1370"/><temp name="T1389"/><temp name="T1419"/><temp name="T1396"/><temp name="T1410"/><temp name="T1460"/></temps></instruction><instruction code="SETL  T1345, 8"><temps name="use"/><temps name="def"><temp name="T1345"/></temps><temps name="in"><temp name="T1454"/><temp name="T1465"/><temp name="T1375"/><temp name="T1431"/><temp name="T1456"/><temp name="T329"/><temp name="T1360"/><temp name="T1393"/><temp name="T1364"/><temp name="T1353"/><temp name="T1421"/><temp name="T1425"/><temp name="T1349"/><temp name="T1444"/><temp name="T1381"/><temp name="T18"/><temp name="T1366"/><temp name="T1402"/><temp name="T1386"/><temp name="T1448"/><temp name="T1347"/><temp name="T1415"/><temp name="T1370"/><temp name="T1389"/><temp name="T1419"/><temp name="T1396"/><temp name="T1410"/><temp name="T1460"/></temps><temps name="out"><temp name="T1454"/><temp name="T1465"/><temp name="T1375"/><temp name="T1431"/><temp name="T1456"/><temp name="T329"/><temp name="T1360"/><temp name="T1393"/><temp name="T1364"/><temp name="T1353"/><temp name="T1421"/><temp name="T1425"/><temp name="T1349"/><temp name="T1444"/><temp name="T1381"/><temp name="T18"/><temp name="T1366"/><temp name="T1402"/><temp name="T1386"/><temp name="T1448"/><temp name="T1347"/><temp name="T1415"/><temp name="T1370"/><temp name="T1389"/><temp name="T1419"/><temp name="T1396"/><temp name="T1410"/><temp name="T1460"/></temps></instruction><instruction code="INCML T1345, 0"><temps name="use"/><temps name="def"><temp name="T1345"/></temps><temps name="in"><temp name="T1454"/><temp name="T1465"/><temp name="T1375"/><temp name="T1431"/><temp name="T1456"/><temp name="T329"/><temp name="T1360"/><temp name="T1393"/><temp name="T1364"/><temp name="T1353"/><temp name="T1421"/><temp name="T1425"/><temp name="T1349"/><temp name="T1444"/><temp name="T1381"/><temp name="T18"/><temp name="T1366"/><temp name="T1402"/><temp name="T1386"/><temp name="T1448"/><temp name="T1347"/><temp name="T1415"/><temp name="T1370"/><temp name="T1389"/><temp name="T1419"/><temp name="T1396"/><temp name="T1410"/><temp name="T1460"/></temps><temps name="out"><temp name="T1454"/><temp name="T1465"/><temp name="T1375"/><temp name="T1431"/><temp name="T1456"/><temp name="T329"/><temp name="T1360"/><temp name="T1393"/><temp name="T1364"/><temp name="T1353"/><temp name="T1421"/><temp name="T1425"/><temp name="T1349"/><temp name="T1444"/><temp name="T1381"/><temp name="T18"/><temp name="T1366"/><temp name="T1402"/><temp name="T1386"/><temp name="T1448"/><temp name="T1347"/><temp name="T1415"/><temp name="T1370"/><temp name="T1389"/><temp name="T1419"/><temp name="T1396"/><temp name="T1410"/><temp name="T1460"/></temps></instruction><instruction code="INCMH T1345, 0"><temps name="use"/><temps name="def"><temp name="T1345"/></temps><temps name="in"><temp name="T1454"/><temp name="T1465"/><temp name="T1375"/><temp name="T1431"/><temp name="T1456"/><temp name="T329"/><temp name="T1360"/><temp name="T1393"/><temp name="T1364"/><temp name="T1353"/><temp name="T1421"/><temp name="T1425"/><temp name="T1349"/><temp name="T1444"/><temp name="T1381"/><temp name="T18"/><temp name="T1366"/><temp name="T1402"/><temp name="T1386"/><temp name="T1448"/><temp name="T1347"/><temp name="T1415"/><temp name="T1370"/><temp name="T1389"/><temp name="T1419"/><temp name="T1396"/><temp name="T1410"/><temp name="T1460"/></temps><temps name="out"><temp name="T1454"/><temp name="T1465"/><temp name="T1375"/><temp name="T1431"/><temp name="T1456"/><temp name="T329"/><temp name="T1360"/><temp name="T1393"/><temp name="T1364"/><temp name="T1353"/><temp name="T1421"/><temp name="T1425"/><temp name="T1349"/><temp name="T1444"/><temp name="T1381"/><temp name="T18"/><temp name="T1366"/><temp name="T1402"/><temp name="T1386"/><temp name="T1448"/><temp name="T1347"/><temp name="T1415"/><temp name="T1370"/><temp name="T1389"/><temp name="T1419"/><temp name="T1396"/><temp name="T1410"/><temp name="T1460"/></temps></instruction><instruction code="INCH  T1345, 0"><temps name="use"/><temps name="def"><temp name="T1345"/></temps><temps name="in"><temp name="T1454"/><temp name="T1465"/><temp name="T1375"/><temp name="T1431"/><temp name="T1456"/><temp name="T329"/><temp name="T1360"/><temp name="T1393"/><temp name="T1364"/><temp name="T1353"/><temp name="T1421"/><temp name="T1425"/><temp name="T1349"/><temp name="T1444"/><temp name="T1381"/><temp name="T18"/><temp name="T1366"/><temp name="T1402"/><temp name="T1386"/><temp name="T1448"/><temp name="T1347"/><temp name="T1415"/><temp name="T1370"/><temp name="T1389"/><temp name="T1419"/><temp name="T1396"/><temp name="T1410"/><temp name="T1460"/></temps><temps name="out"><temp name="T1454"/><temp name="T1465"/><temp name="T1375"/><temp name="T1431"/><temp name="T1456"/><temp name="T329"/><temp name="T1360"/><temp name="T1393"/><temp name="T1364"/><temp name="T1353"/><temp name="T1421"/><temp name="T1425"/><temp name="T1349"/><temp name="T1444"/><temp name="T1381"/><temp name="T1345"/><temp name="T18"/><temp name="T1366"/><temp name="T1402"/><temp name="T1386"/><temp name="T1448"/><temp name="T1347"/><temp name="T1415"/><temp name="T1370"/><temp name="T1389"/><temp name="T1419"/><temp name="T1396"/><temp name="T1410"/><temp name="T1460"/></temps></instruction><instruction code="OR T330, T1345, 0"><temps name="use"><temp name="T1345"/></temps><temps name="def"><temp name="T330"/></temps><temps name="in"><temp name="T1454"/><temp name="T1465"/><temp name="T1375"/><temp name="T1431"/><temp name="T1456"/><temp name="T329"/><temp name="T1360"/><temp name="T1393"/><temp name="T1364"/><temp name="T1353"/><temp name="T1421"/><temp name="T1425"/><temp name="T1349"/><temp name="T1444"/><temp name="T1381"/><temp name="T1345"/><temp name="T18"/><temp name="T1366"/><temp name="T1402"/><temp name="T1386"/><temp name="T1448"/><temp name="T1347"/><temp name="T1415"/><temp name="T1370"/><temp name="T1389"/><temp name="T1419"/><temp name="T1396"/><temp name="T1410"/><temp name="T1460"/></temps><temps name="out"><temp name="T1454"/><temp name="T1465"/><temp name="T1375"/><temp name="T1431"/><temp name="T1456"/><temp name="T329"/><temp name="T1360"/><temp name="T1393"/><temp name="T1364"/><temp name="T1353"/><temp name="T1421"/><temp name="T1425"/><temp name="T330"/><temp name="T1349"/><temp name="T1444"/><temp name="T1381"/><temp name="T18"/><temp name="T1366"/><temp name="T1402"/><temp name="T1386"/><temp name="T1448"/><temp name="T1347"/><temp name="T1415"/><temp name="T1370"/><temp name="T1389"/><temp name="T1419"/><temp name="T1396"/><temp name="T1410"/><temp name="T1460"/></temps></instruction><instruction code="ADD T1346, T329, T330"><temps name="use"><temp name="T329"/><temp name="T330"/></temps><temps name="def"><temp name="T1346"/></temps><temps name="in"><temp name="T1454"/><temp name="T1465"/><temp name="T1375"/><temp name="T1431"/><temp name="T1456"/><temp name="T329"/><temp name="T1360"/><temp name="T1393"/><temp name="T1364"/><temp name="T1353"/><temp name="T1421"/><temp name="T1425"/><temp name="T330"/><temp name="T1349"/><temp name="T1444"/><temp name="T1381"/><temp name="T18"/><temp name="T1366"/><temp name="T1402"/><temp name="T1386"/><temp name="T1448"/><temp name="T1347"/><temp name="T1415"/><temp name="T1370"/><temp name="T1389"/><temp name="T1419"/><temp name="T1396"/><temp name="T1410"/><temp name="T1460"/></temps><temps name="out"><temp name="T1454"/><temp name="T1465"/><temp name="T1375"/><temp name="T1431"/><temp name="T1456"/><temp name="T1360"/><temp name="T1393"/><temp name="T1364"/><temp name="T1353"/><temp name="T1421"/><temp name="T1425"/><temp name="T1349"/><temp name="T1444"/><temp name="T1381"/><temp name="T1346"/><temp name="T18"/><temp name="T1366"/><temp name="T1402"/><temp name="T1386"/><temp name="T1448"/><temp name="T1347"/><temp name="T1415"/><temp name="T1370"/><temp name="T1389"/><temp name="T1419"/><temp name="T1396"/><temp name="T1410"/><temp name="T1460"/></temps></instruction><instruction code="OR T331, T1346, 0"><temps name="use"><temp name="T1346"/></temps><temps name="def"><temp name="T331"/></temps><temps name="in"><temp name="T1454"/><temp name="T1465"/><temp name="T1375"/><temp name="T1431"/><temp name="T1456"/><temp name="T1360"/><temp name="T1393"/><temp name="T1364"/><temp name="T1353"/><temp name="T1421"/><temp name="T1425"/><temp name="T1349"/><temp name="T1444"/><temp name="T1381"/><temp name="T1346"/><temp name="T18"/><temp name="T1366"/><temp name="T1402"/><temp name="T1386"/><temp name="T1448"/><temp name="T1347"/><temp name="T1415"/><temp name="T1370"/><temp name="T1389"/><temp name="T1419"/><temp name="T1396"/><temp name="T1410"/><temp name="T1460"/></temps><temps name="out"><temp name="T1454"/><temp name="T1465"/><temp name="T1375"/><temp name="T1431"/><temp name="T1456"/><temp name="T1360"/><temp name="T1393"/><temp name="T1364"/><temp name="T1353"/><temp name="T1421"/><temp name="T1425"/><temp name="T1349"/><temp name="T1444"/><temp name="T1381"/><temp name="T18"/><temp name="T1366"/><temp name="T1402"/><temp name="T1386"/><temp name="T1448"/><temp name="T1347"/><temp name="T1415"/><temp name="T1370"/><temp name="T1389"/><temp name="T1419"/><temp name="T1396"/><temp name="T1410"/><temp name="T1460"/></temps></instruction><instruction code="LDO T1348, T1347, 0"><temps name="use"><temp name="T1347"/></temps><temps name="def"><temp name="T1348"/></temps><temps name="in"><temp name="T1454"/><temp name="T1465"/><temp name="T1375"/><temp name="T1431"/><temp name="T1456"/><temp name="T1360"/><temp name="T1393"/><temp name="T1364"/><temp name="T1353"/><temp name="T1421"/><temp name="T1425"/><temp name="T1349"/><temp name="T1444"/><temp name="T1381"/><temp name="T18"/><temp name="T1366"/><temp name="T1402"/><temp name="T1386"/><temp name="T1448"/><temp name="T1347"/><temp name="T1415"/><temp name="T1370"/><temp name="T1389"/><temp name="T1419"/><temp name="T1396"/><temp name="T1410"/><temp name="T1460"/></temps><temps name="out"><temp name="T1454"/><temp name="T1465"/><temp name="T1375"/><temp name="T1431"/><temp name="T1456"/><temp name="T1360"/><temp name="T1393"/><temp name="T1364"/><temp name="T1353"/><temp name="T1421"/><temp name="T1425"/><temp name="T1349"/><temp name="T1444"/><temp name="T1381"/><temp name="T18"/><temp name="T1366"/><temp name="T1402"/><temp name="T1386"/><temp name="T1448"/><temp name="T1415"/><temp name="T1370"/><temp name="T1389"/><temp name="T1348"/><temp name="T1419"/><temp name="T1396"/><temp name="T1410"/><temp name="T1460"/></temps></instruction><instruction code="OR T332, T1348, 0"><temps name="use"><temp name="T1348"/></temps><temps name="def"><temp name="T332"/></temps><temps name="in"><temp name="T1454"/><temp name="T1465"/><temp name="T1375"/><temp name="T1431"/><temp name="T1456"/><temp name="T1360"/><temp name="T1393"/><temp name="T1364"/><temp name="T1353"/><temp name="T1421"/><temp name="T1425"/><temp name="T1349"/><temp name="T1444"/><temp name="T1381"/><temp name="T18"/><temp name="T1366"/><temp name="T1402"/><temp name="T1386"/><temp name="T1448"/><temp name="T1415"/><temp name="T1370"/><temp name="T1389"/><temp name="T1348"/><temp name="T1419"/><temp name="T1396"/><temp name="T1410"/><temp name="T1460"/></temps><temps name="out"><temp name="T1454"/><temp name="T1465"/><temp name="T1375"/><temp name="T1431"/><temp name="T1456"/><temp name="T1360"/><temp name="T1393"/><temp name="T1364"/><temp name="T1353"/><temp name="T1421"/><temp name="T1425"/><temp name="T1349"/><temp name="T1444"/><temp name="T332"/><temp name="T1381"/><temp name="T18"/><temp name="T1366"/><temp name="T1402"/><temp name="T1386"/><temp name="T1448"/><temp name="T1415"/><temp name="T1370"/><temp name="T1389"/><temp name="T1419"/><temp name="T1396"/><temp name="T1410"/><temp name="T1460"/></temps></instruction><instruction code="OR T333, T18, 0"><temps name="use"><temp name="T18"/></temps><temps name="def"><temp name="T333"/></temps><temps name="in"><temp name="T1454"/><temp name="T1465"/><temp name="T1375"/><temp name="T1431"/><temp name="T1456"/><temp name="T1360"/><temp name="T1393"/><temp name="T1364"/><temp name="T1353"/><temp name="T1421"/><temp name="T1425"/><temp name="T1349"/><temp name="T1444"/><temp name="T332"/><temp name="T1381"/><temp name="T18"/><temp name="T1366"/><temp name="T1402"/><temp name="T1386"/><temp name="T1448"/><temp name="T1415"/><temp name="T1370"/><temp name="T1389"/><temp name="T1419"/><temp name="T1396"/><temp name="T1410"/><temp name="T1460"/></temps><temps name="out"><temp name="T1454"/><temp name="T1465"/><temp name="T1375"/><temp name="T1431"/><temp name="T1456"/><temp name="T1360"/><temp name="T1393"/><temp name="T1364"/><temp name="T1353"/><temp name="T1421"/><temp name="T1425"/><temp name="T1349"/><temp name="T1444"/><temp name="T332"/><temp name="T1381"/><temp name="T18"/><temp name="T1366"/><temp name="T1402"/><temp name="T1386"/><temp name="T1448"/><temp name="T1415"/><temp name="T1370"/><temp name="T1389"/><temp name="T1419"/><temp name="T1396"/><temp name="T1410"/><temp name="T1460"/></temps></instruction><instruction code="LDO T1350, T1349, 0"><temps name="use"><temp name="T1349"/></temps><temps name="def"><temp name="T1350"/></temps><temps name="in"><temp name="T1454"/><temp name="T1465"/><temp name="T1375"/><temp name="T1431"/><temp name="T1456"/><temp name="T1360"/><temp name="T1393"/><temp name="T1364"/><temp name="T1353"/><temp name="T1421"/><temp name="T1425"/><temp name="T1349"/><temp name="T1444"/><temp name="T332"/><temp name="T1381"/><temp name="T18"/><temp name="T1366"/><temp name="T1402"/><temp name="T1386"/><temp name="T1448"/><temp name="T1415"/><temp name="T1370"/><temp name="T1389"/><temp name="T1419"/><temp name="T1396"/><temp name="T1410"/><temp name="T1460"/></temps><temps name="out"><temp name="T1454"/><temp name="T1465"/><temp name="T1375"/><temp name="T1431"/><temp name="T1456"/><temp name="T1360"/><temp name="T1393"/><temp name="T1364"/><temp name="T1353"/><temp name="T1421"/><temp name="T1425"/><temp name="T1350"/><temp name="T1444"/><temp name="T332"/><temp name="T1381"/><temp name="T18"/><temp name="T1366"/><temp name="T1402"/><temp name="T1386"/><temp name="T1448"/><temp name="T1415"/><temp name="T1370"/><temp name="T1389"/><temp name="T1419"/><temp name="T1396"/><temp name="T1410"/><temp name="T1460"/></temps></instruction><instruction code="OR T334, T1350, 0"><temps name="use"><temp name="T1350"/></temps><temps name="def"><temp name="T334"/></temps><temps name="in"><temp name="T1454"/><temp name="T1465"/><temp name="T1375"/><temp name="T1431"/><temp name="T1456"/><temp name="T1360"/><temp name="T1393"/><temp name="T1364"/><temp name="T1353"/><temp name="T1421"/><temp name="T1425"/><temp name="T1350"/><temp name="T1444"/><temp name="T332"/><temp name="T1381"/><temp name="T18"/><temp name="T1366"/><temp name="T1402"/><temp name="T1386"/><temp name="T1448"/><temp name="T1415"/><temp name="T1370"/><temp name="T1389"/><temp name="T1419"/><temp name="T1396"/><temp name="T1410"/><temp name="T1460"/></temps><temps name="out"><temp name="T1454"/><temp name="T1465"/><temp name="T1375"/><temp name="T1431"/><temp name="T1456"/><temp name="T1360"/><temp name="T1393"/><temp name="T1364"/><temp name="T1353"/><temp name="T1421"/><temp name="T1425"/><temp name="T1444"/><temp name="T332"/><temp name="T1381"/><temp name="T18"/><temp name="T1366"/><temp name="T1402"/><temp name="T1386"/><temp name="T1448"/><temp name="T1415"/><temp name="T1370"/><temp name="T1389"/><temp name="T334"/><temp name="T1419"/><temp name="T1396"/><temp name="T1410"/><temp name="T1460"/></temps></instruction><instruction code="SETL  T1351, 8"><temps name="use"/><temps name="def"><temp name="T1351"/></temps><temps name="in"><temp name="T1454"/><temp name="T1465"/><temp name="T1375"/><temp name="T1431"/><temp name="T1456"/><temp name="T1360"/><temp name="T1393"/><temp name="T1364"/><temp name="T1353"/><temp name="T1421"/><temp name="T1425"/><temp name="T1444"/><temp name="T332"/><temp name="T1381"/><temp name="T18"/><temp name="T1366"/><temp name="T1402"/><temp name="T1386"/><temp name="T1448"/><temp name="T1415"/><temp name="T1370"/><temp name="T1389"/><temp name="T334"/><temp name="T1419"/><temp name="T1396"/><temp name="T1410"/><temp name="T1460"/></temps><temps name="out"><temp name="T1454"/><temp name="T1465"/><temp name="T1375"/><temp name="T1431"/><temp name="T1456"/><temp name="T1360"/><temp name="T1393"/><temp name="T1364"/><temp name="T1353"/><temp name="T1421"/><temp name="T1425"/><temp name="T1444"/><temp name="T332"/><temp name="T1381"/><temp name="T18"/><temp name="T1366"/><temp name="T1402"/><temp name="T1386"/><temp name="T1448"/><temp name="T1415"/><temp name="T1370"/><temp name="T1389"/><temp name="T334"/><temp name="T1419"/><temp name="T1396"/><temp name="T1410"/><temp name="T1460"/></temps></instruction><instruction code="INCML T1351, 0"><temps name="use"/><temps name="def"><temp name="T1351"/></temps><temps name="in"><temp name="T1454"/><temp name="T1465"/><temp name="T1375"/><temp name="T1431"/><temp name="T1456"/><temp name="T1360"/><temp name="T1393"/><temp name="T1364"/><temp name="T1353"/><temp name="T1421"/><temp name="T1425"/><temp name="T1444"/><temp name="T332"/><temp name="T1381"/><temp name="T18"/><temp name="T1366"/><temp name="T1402"/><temp name="T1386"/><temp name="T1448"/><temp name="T1415"/><temp name="T1370"/><temp name="T1389"/><temp name="T334"/><temp name="T1419"/><temp name="T1396"/><temp name="T1410"/><temp name="T1460"/></temps><temps name="out"><temp name="T1454"/><temp name="T1465"/><temp name="T1375"/><temp name="T1431"/><temp name="T1456"/><temp name="T1360"/><temp name="T1393"/><temp name="T1364"/><temp name="T1353"/><temp name="T1421"/><temp name="T1425"/><temp name="T1444"/><temp name="T332"/><temp name="T1381"/><temp name="T18"/><temp name="T1366"/><temp name="T1402"/><temp name="T1386"/><temp name="T1448"/><temp name="T1415"/><temp name="T1370"/><temp name="T1389"/><temp name="T334"/><temp name="T1419"/><temp name="T1396"/><temp name="T1410"/><temp name="T1460"/></temps></instruction><instruction code="INCMH T1351, 0"><temps name="use"/><temps name="def"><temp name="T1351"/></temps><temps name="in"><temp name="T1454"/><temp name="T1465"/><temp name="T1375"/><temp name="T1431"/><temp name="T1456"/><temp name="T1360"/><temp name="T1393"/><temp name="T1364"/><temp name="T1353"/><temp name="T1421"/><temp name="T1425"/><temp name="T1444"/><temp name="T332"/><temp name="T1381"/><temp name="T18"/><temp name="T1366"/><temp name="T1402"/><temp name="T1386"/><temp name="T1448"/><temp name="T1415"/><temp name="T1370"/><temp name="T1389"/><temp name="T334"/><temp name="T1419"/><temp name="T1396"/><temp name="T1410"/><temp name="T1460"/></temps><temps name="out"><temp name="T1454"/><temp name="T1465"/><temp name="T1375"/><temp name="T1431"/><temp name="T1456"/><temp name="T1360"/><temp name="T1393"/><temp name="T1364"/><temp name="T1353"/><temp name="T1421"/><temp name="T1425"/><temp name="T1444"/><temp name="T332"/><temp name="T1381"/><temp name="T18"/><temp name="T1366"/><temp name="T1402"/><temp name="T1386"/><temp name="T1448"/><temp name="T1415"/><temp name="T1370"/><temp name="T1389"/><temp name="T334"/><temp name="T1419"/><temp name="T1396"/><temp name="T1410"/><temp name="T1460"/></temps></instruction><instruction code="INCH  T1351, 0"><temps name="use"/><temps name="def"><temp name="T1351"/></temps><temps name="in"><temp name="T1454"/><temp name="T1465"/><temp name="T1375"/><temp name="T1431"/><temp name="T1456"/><temp name="T1360"/><temp name="T1393"/><temp name="T1364"/><temp name="T1353"/><temp name="T1421"/><temp name="T1425"/><temp name="T1444"/><temp name="T332"/><temp name="T1381"/><temp name="T18"/><temp name="T1366"/><temp name="T1402"/><temp name="T1386"/><temp name="T1448"/><temp name="T1415"/><temp name="T1370"/><temp name="T1389"/><temp name="T334"/><temp name="T1419"/><temp name="T1396"/><temp name="T1410"/><temp name="T1460"/></temps><temps name="out"><temp name="T1454"/><temp name="T1465"/><temp name="T1375"/><temp name="T1431"/><temp name="T1456"/><temp name="T1360"/><temp name="T1393"/><temp name="T1364"/><temp name="T1353"/><temp name="T1421"/><temp name="T1425"/><temp name="T1444"/><temp name="T332"/><temp name="T1381"/><temp name="T18"/><temp name="T1366"/><temp name="T1402"/><temp name="T1386"/><temp name="T1448"/><temp name="T1415"/><temp name="T1370"/><temp name="T1389"/><temp name="T334"/><temp name="T1419"/><temp name="T1351"/><temp name="T1396"/><temp name="T1410"/><temp name="T1460"/></temps></instruction><instruction code="OR T335, T1351, 0"><temps name="use"><temp name="T1351"/></temps><temps name="def"><temp name="T335"/></temps><temps name="in"><temp name="T1454"/><temp name="T1465"/><temp name="T1375"/><temp name="T1431"/><temp name="T1456"/><temp name="T1360"/><temp name="T1393"/><temp name="T1364"/><temp name="T1353"/><temp name="T1421"/><temp name="T1425"/><temp name="T1444"/><temp name="T332"/><temp name="T1381"/><temp name="T18"/><temp name="T1366"/><temp name="T1402"/><temp name="T1386"/><temp name="T1448"/><temp name="T1415"/><temp name="T1370"/><temp name="T1389"/><temp name="T334"/><temp name="T1419"/><temp name="T1351"/><temp name="T1396"/><temp name="T1410"/><temp name="T1460"/></temps><temps name="out"><temp name="T1454"/><temp name="T1465"/><temp name="T1375"/><temp name="T1431"/><temp name="T1456"/><temp name="T1360"/><temp name="T1393"/><temp name="T1364"/><temp name="T1353"/><temp name="T1421"/><temp name="T1425"/><temp name="T1444"/><temp name="T332"/><temp name="T1381"/><temp name="T335"/><temp name="T18"/><temp name="T1366"/><temp name="T1402"/><temp name="T1386"/><temp name="T1448"/><temp name="T1415"/><temp name="T1370"/><temp name="T1389"/><temp name="T334"/><temp name="T1419"/><temp name="T1396"/><temp name="T1410"/><temp name="T1460"/></temps></instruction><instruction code="ADD T1352, T334, T335"><temps name="use"><temp name="T334"/><temp name="T335"/></temps><temps name="def"><temp name="T1352"/></temps><temps name="in"><temp name="T1454"/><temp name="T1465"/><temp name="T1375"/><temp name="T1431"/><temp name="T1456"/><temp name="T1360"/><temp name="T1393"/><temp name="T1364"/><temp name="T1353"/><temp name="T1421"/><temp name="T1425"/><temp name="T1444"/><temp name="T332"/><temp name="T1381"/><temp name="T335"/><temp name="T18"/><temp name="T1366"/><temp name="T1402"/><temp name="T1386"/><temp name="T1448"/><temp name="T1415"/><temp name="T1370"/><temp name="T1389"/><temp name="T334"/><temp name="T1419"/><temp name="T1396"/><temp name="T1410"/><temp name="T1460"/></temps><temps name="out"><temp name="T1454"/><temp name="T1465"/><temp name="T1375"/><temp name="T1431"/><temp name="T1456"/><temp name="T1360"/><temp name="T1393"/><temp name="T1364"/><temp name="T1353"/><temp name="T1421"/><temp name="T1425"/><temp name="T1444"/><temp name="T332"/><temp name="T1381"/><temp name="T18"/><temp name="T1366"/><temp name="T1402"/><temp name="T1352"/><temp name="T1386"/><temp name="T1448"/><temp name="T1415"/><temp name="T1370"/><temp name="T1389"/><temp name="T1419"/><temp name="T1396"/><temp name="T1410"/><temp name="T1460"/></temps></instruction><instruction code="OR T336, T1352, 0"><temps name="use"><temp name="T1352"/></temps><temps name="def"><temp name="T336"/></temps><temps name="in"><temp name="T1454"/><temp name="T1465"/><temp name="T1375"/><temp name="T1431"/><temp name="T1456"/><temp name="T1360"/><temp name="T1393"/><temp name="T1364"/><temp name="T1353"/><temp name="T1421"/><temp name="T1425"/><temp name="T1444"/><temp name="T332"/><temp name="T1381"/><temp name="T18"/><temp name="T1366"/><temp name="T1402"/><temp name="T1352"/><temp name="T1386"/><temp name="T1448"/><temp name="T1415"/><temp name="T1370"/><temp name="T1389"/><temp name="T1419"/><temp name="T1396"/><temp name="T1410"/><temp name="T1460"/></temps><temps name="out"><temp name="T1454"/><temp name="T1465"/><temp name="T1375"/><temp name="T1431"/><temp name="T1456"/><temp name="T1360"/><temp name="T1393"/><temp name="T1364"/><temp name="T1353"/><temp name="T1421"/><temp name="T1425"/><temp name="T1444"/><temp name="T332"/><temp name="T1381"/><temp name="T18"/><temp name="T1366"/><temp name="T1402"/><temp name="T1386"/><temp name="T1448"/><temp name="T1415"/><temp name="T1370"/><temp name="T1389"/><temp name="T1419"/><temp name="T1396"/><temp name="T1410"/><temp name="T1460"/></temps></instruction><instruction code="LDO T1354, T1353, 0"><temps name="use"><temp name="T1353"/></temps><temps name="def"><temp name="T1354"/></temps><temps name="in"><temp name="T1454"/><temp name="T1465"/><temp name="T1375"/><temp name="T1431"/><temp name="T1456"/><temp name="T1360"/><temp name="T1393"/><temp name="T1364"/><temp name="T1353"/><temp name="T1421"/><temp name="T1425"/><temp name="T1444"/><temp name="T332"/><temp name="T1381"/><temp name="T18"/><temp name="T1366"/><temp name="T1402"/><temp name="T1386"/><temp name="T1448"/><temp name="T1415"/><temp name="T1370"/><temp name="T1389"/><temp name="T1419"/><temp name="T1396"/><temp name="T1410"/><temp name="T1460"/></temps><temps name="out"><temp name="T1454"/><temp name="T1465"/><temp name="T1375"/><temp name="T1431"/><temp name="T1456"/><temp name="T1354"/><temp name="T1360"/><temp name="T1393"/><temp name="T1364"/><temp name="T1421"/><temp name="T1425"/><temp name="T1444"/><temp name="T332"/><temp name="T1381"/><temp name="T18"/><temp name="T1366"/><temp name="T1402"/><temp name="T1386"/><temp name="T1448"/><temp name="T1415"/><temp name="T1370"/><temp name="T1389"/><temp name="T1419"/><temp name="T1396"/><temp name="T1410"/><temp name="T1460"/></temps></instruction><instruction code="OR T337, T1354, 0"><temps name="use"><temp name="T1354"/></temps><temps name="def"><temp name="T337"/></temps><temps name="in"><temp name="T1454"/><temp name="T1465"/><temp name="T1375"/><temp name="T1431"/><temp name="T1456"/><temp name="T1354"/><temp name="T1360"/><temp name="T1393"/><temp name="T1364"/><temp name="T1421"/><temp name="T1425"/><temp name="T1444"/><temp name="T332"/><temp name="T1381"/><temp name="T18"/><temp name="T1366"/><temp name="T1402"/><temp name="T1386"/><temp name="T1448"/><temp name="T1415"/><temp name="T1370"/><temp name="T1389"/><temp name="T1419"/><temp name="T1396"/><temp name="T1410"/><temp name="T1460"/></temps><temps name="out"><temp name="T1454"/><temp name="T1465"/><temp name="T1375"/><temp name="T1431"/><temp name="T1456"/><temp name="T1360"/><temp name="T1393"/><temp name="T1364"/><temp name="T1421"/><temp name="T1425"/><temp name="T1444"/><temp name="T332"/><temp name="T1381"/><temp name="T18"/><temp name="T1366"/><temp name="T1402"/><temp name="T1386"/><temp name="T1448"/><temp name="T1415"/><temp name="T1370"/><temp name="T1389"/><temp name="T1419"/><temp name="T1396"/><temp name="T1410"/><temp name="T1460"/><temp name="T337"/></temps></instruction><instruction code="CMP T1355, T332, T337"><temps name="use"><temp name="T332"/><temp name="T337"/></temps><temps name="def"><temp name="T1355"/></temps><temps name="in"><temp name="T1454"/><temp name="T1465"/><temp name="T1375"/><temp name="T1431"/><temp name="T1456"/><temp name="T1360"/><temp name="T1393"/><temp name="T1364"/><temp name="T1421"/><temp name="T1425"/><temp name="T1444"/><temp name="T332"/><temp name="T1381"/><temp name="T18"/><temp name="T1366"/><temp name="T1402"/><temp name="T1386"/><temp name="T1448"/><temp name="T1415"/><temp name="T1370"/><temp name="T1389"/><temp name="T1419"/><temp name="T1396"/><temp name="T1410"/><temp name="T1460"/><temp name="T337"/></temps><temps name="out"><temp name="T1454"/><temp name="T1465"/><temp name="T1375"/><temp name="T1431"/><temp name="T1456"/><temp name="T1360"/><temp name="T1393"/><temp name="T1364"/><temp name="T1421"/><temp name="T1425"/><temp name="T1444"/><temp name="T1381"/><temp name="T18"/><temp name="T1355"/><temp name="T1366"/><temp name="T1402"/><temp name="T1386"/><temp name="T1448"/><temp name="T1415"/><temp name="T1370"/><temp name="T1389"/><temp name="T1419"/><temp name="T1396"/><temp name="T1410"/><temp name="T1460"/></temps></instruction><instruction code="ZSZ T1355, T1355, 1"><temps name="use"><temp name="T1355"/></temps><temps name="def"><temp name="T1355"/></temps><temps name="in"><temp name="T1454"/><temp name="T1465"/><temp name="T1375"/><temp name="T1431"/><temp name="T1456"/><temp name="T1360"/><temp name="T1393"/><temp name="T1364"/><temp name="T1421"/><temp name="T1425"/><temp name="T1444"/><temp name="T1381"/><temp name="T18"/><temp name="T1355"/><temp name="T1366"/><temp name="T1402"/><temp name="T1386"/><temp name="T1448"/><temp name="T1415"/><temp name="T1370"/><temp name="T1389"/><temp name="T1419"/><temp name="T1396"/><temp name="T1410"/><temp name="T1460"/></temps><temps name="out"><temp name="T1454"/><temp name="T1465"/><temp name="T1375"/><temp name="T1431"/><temp name="T1456"/><temp name="T1360"/><temp name="T1393"/><temp name="T1364"/><temp name="T1421"/><temp name="T1425"/><temp name="T1444"/><temp name="T1381"/><temp name="T18"/><temp name="T1355"/><temp name="T1366"/><temp name="T1402"/><temp name="T1386"/><temp name="T1448"/><temp name="T1415"/><temp name="T1370"/><temp name="T1389"/><temp name="T1419"/><temp name="T1396"/><temp name="T1410"/><temp name="T1460"/></temps></instruction><instruction code="OR T338, T1355, 0"><temps name="use"><temp name="T1355"/></temps><temps name="def"><temp name="T338"/></temps><temps name="in"><temp name="T1454"/><temp name="T1465"/><temp name="T1375"/><temp name="T1431"/><temp name="T1456"/><temp name="T1360"/><temp name="T1393"/><temp name="T1364"/><temp name="T1421"/><temp name="T1425"/><temp name="T1444"/><temp name="T1381"/><temp name="T18"/><temp name="T1355"/><temp name="T1366"/><temp name="T1402"/><temp name="T1386"/><temp name="T1448"/><temp name="T1415"/><temp name="T1370"/><temp name="T1389"/><temp name="T1419"/><temp name="T1396"/><temp name="T1410"/><temp name="T1460"/></temps><temps name="out"><temp name="T1454"/><temp name="T1465"/><temp name="T1375"/><temp name="T1431"/><temp name="T1456"/><temp name="T1360"/><temp name="T1393"/><temp name="T1364"/><temp name="T1421"/><temp name="T1425"/><temp name="T1444"/><temp name="T1381"/><temp name="T18"/><temp name="T1366"/><temp name="T1402"/><temp name="T1386"/><temp name="T1448"/><temp name="T1415"/><temp name="T1370"/><temp name="T1389"/><temp name="T1419"/><temp name="T1396"/><temp name="T1410"/><temp name="T1460"/><temp name="T338"/></temps></instruction><instruction code="BNZ T338, L44"><temps name="use"><temp name="T338"/></temps><temps name="def"/><temps name="in"><temp name="T1454"/><temp name="T1465"/><temp name="T1375"/><temp name="T1431"/><temp name="T1456"/><temp name="T1360"/><temp name="T1393"/><temp name="T1364"/><temp name="T1421"/><temp name="T1425"/><temp name="T1444"/><temp name="T1381"/><temp name="T18"/><temp name="T1366"/><temp name="T1402"/><temp name="T1386"/><temp name="T1448"/><temp name="T1415"/><temp name="T1370"/><temp name="T1389"/><temp name="T1419"/><temp name="T1396"/><temp name="T1410"/><temp name="T1460"/><temp name="T338"/></temps><temps name="out"><temp name="T1454"/><temp name="T1465"/><temp name="T1375"/><temp name="T1431"/><temp name="T1456"/><temp name="T1360"/><temp name="T1393"/><temp name="T1364"/><temp name="T1421"/><temp name="T1425"/><temp name="T1444"/><temp name="T1381"/><temp name="T18"/><temp name="T1366"/><temp name="T1402"/><temp name="T1386"/><temp name="T1448"/><temp name="T1415"/><temp name="T1370"/><temp name="T1389"/><temp name="T1419"/><temp name="T1396"/><temp name="T1410"/><temp name="T1460"/></temps></instruction><instruction code="L123"><temps name="use"/><temps name="def"/><temps name="in"><temp name="T1454"/><temp name="T1465"/><temp name="T1375"/><temp name="T1431"/><temp name="T1456"/><temp name="T1360"/><temp name="T1393"/><temp name="T1364"/><temp name="T1421"/><temp name="T1425"/><temp name="T1444"/><temp name="T1381"/><temp name="T18"/><temp name="T1366"/><temp name="T1402"/><temp name="T1386"/><temp name="T1448"/><temp name="T1415"/><temp name="T1370"/><temp name="T1389"/><temp name="T1419"/><temp name="T1396"/><temp name="T1410"/><temp name="T1460"/></temps><temps name="out"><temp name="T1454"/><temp name="T1465"/><temp name="T1375"/><temp name="T1431"/><temp name="T1456"/><temp name="T1360"/><temp name="T1393"/><temp name="T1364"/><temp name="T1421"/><temp name="T1425"/><temp name="T1444"/><temp name="T1381"/><temp name="T18"/><temp name="T1366"/><temp name="T1402"/><temp name="T1386"/><temp name="T1448"/><temp name="T1415"/><temp name="T1370"/><temp name="T1389"/><temp name="T1419"/><temp name="T1396"/><temp name="T1410"/><temp name="T1460"/></temps></instruction><instruction code="LDA T1356, L45"><temps name="use"/><temps name="def"><temp name="T1356"/></temps><temps name="in"><temp name="T1454"/><temp name="T1465"/><temp name="T1375"/><temp name="T1431"/><temp name="T1456"/><temp name="T1360"/><temp name="T1393"/><temp name="T1364"/><temp name="T1421"/><temp name="T1425"/><temp name="T1444"/><temp name="T1381"/><temp name="T18"/><temp name="T1366"/><temp name="T1402"/><temp name="T1386"/><temp name="T1448"/><temp name="T1415"/><temp name="T1370"/><temp name="T1389"/><temp name="T1419"/><temp name="T1396"/><temp name="T1410"/><temp name="T1460"/></temps><temps name="out"><temp name="T1454"/><temp name="T1465"/><temp name="T1375"/><temp name="T1431"/><temp name="T1456"/><temp name="T1360"/><temp name="T1393"/><temp name="T1364"/><temp name="T1421"/><temp name="T1356"/><temp name="T1425"/><temp name="T1444"/><temp name="T1381"/><temp name="T18"/><temp name="T1366"/><temp name="T1402"/><temp name="T1386"/><temp name="T1448"/><temp name="T1415"/><temp name="T1370"/><temp name="T1389"/><temp name="T1419"/><temp name="T1396"/><temp name="T1410"/><temp name="T1460"/></temps></instruction><instruction code="GO T1356, T1356, 0"><temps name="use"><temp name="T1356"/></temps><temps name="def"><temp name="T1356"/></temps><temps name="in"><temp name="T1454"/><temp name="T1465"/><temp name="T1375"/><temp name="T1431"/><temp name="T1456"/><temp name="T1360"/><temp name="T1393"/><temp name="T1364"/><temp name="T1421"/><temp name="T1356"/><temp name="T1425"/><temp name="T1444"/><temp name="T1381"/><temp name="T18"/><temp name="T1366"/><temp name="T1402"/><temp name="T1386"/><temp name="T1448"/><temp name="T1415"/><temp name="T1370"/><temp name="T1389"/><temp name="T1419"/><temp name="T1396"/><temp name="T1410"/><temp name="T1460"/></temps><temps name="out"><temp name="T1454"/><temp name="T1465"/><temp name="T1375"/><temp name="T1431"/><temp name="T1456"/><temp name="T1360"/><temp name="T1393"/><temp name="T1364"/><temp name="T1421"/><temp name="T1425"/><temp name="T1444"/><temp name="T1381"/><temp name="T18"/><temp name="T1366"/><temp name="T1402"/><temp name="T1386"/><temp name="T1448"/><temp name="T1415"/><temp name="T1370"/><temp name="T1389"/><temp name="T1419"/><temp name="T1396"/><temp name="T1410"/><temp name="T1460"/></temps></instruction><instruction code="L44"><temps name="use"/><temps name="def"/><temps name="in"><temp name="T1454"/><temp name="T1465"/><temp name="T1375"/><temp name="T1431"/><temp name="T1456"/><temp name="T1360"/><temp name="T1393"/><temp name="T1364"/><temp name="T1421"/><temp name="T1425"/><temp name="T1444"/><temp name="T1381"/><temp name="T18"/><temp name="T1366"/><temp name="T1402"/><temp name="T1386"/><temp name="T1448"/><temp name="T1370"/><temp name="T1415"/><temp name="T1389"/><temp name="T1419"/><temp name="T1396"/><temp name="T1410"/><temp name="T1460"/></temps><temps name="out"><temp name="T1454"/><temp name="T1465"/><temp name="T1375"/><temp name="T1431"/><temp name="T1456"/><temp name="T1360"/><temp name="T1393"/><temp name="T1364"/><temp name="T1421"/><temp name="T1425"/><temp name="T1444"/><temp name="T1381"/><temp name="T18"/><temp name="T1366"/><temp name="T1402"/><temp name="T1386"/><temp name="T1448"/><temp name="T1370"/><temp name="T1415"/><temp name="T1389"/><temp name="T1419"/><temp name="T1396"/><temp name="T1410"/><temp name="T1460"/></temps></instruction><instruction code="SETL  T1357, 0"><temps name="use"/><temps name="def"><temp name="T1357"/></temps><temps name="in"><temp name="T1454"/><temp name="T1465"/><temp name="T1375"/><temp name="T1431"/><temp name="T1456"/><temp name="T1360"/><temp name="T1393"/><temp name="T1364"/><temp name="T1421"/><temp name="T1425"/><temp name="T1444"/><temp name="T1381"/><temp name="T18"/><temp name="T1366"/><temp name="T1402"/><temp name="T1386"/><temp name="T1448"/><temp name="T1370"/><temp name="T1415"/><temp name="T1389"/><temp name="T1419"/><temp name="T1396"/><temp name="T1410"/><temp name="T1460"/></temps><temps name="out"><temp name="T1454"/><temp name="T1465"/><temp name="T1375"/><temp name="T1431"/><temp name="T1456"/><temp name="T1360"/><temp name="T1393"/><temp name="T1364"/><temp name="T1421"/><temp name="T1425"/><temp name="T1444"/><temp name="T1381"/><temp name="T18"/><temp name="T1366"/><temp name="T1402"/><temp name="T1386"/><temp name="T1448"/><temp name="T1370"/><temp name="T1415"/><temp name="T1389"/><temp name="T1419"/><temp name="T1396"/><temp name="T1410"/><temp name="T1460"/></temps></instruction><instruction code="INCML T1357, 0"><temps name="use"/><temps name="def"><temp name="T1357"/></temps><temps name="in"><temp name="T1454"/><temp name="T1465"/><temp name="T1375"/><temp name="T1431"/><temp name="T1456"/><temp name="T1360"/><temp name="T1393"/><temp name="T1364"/><temp name="T1421"/><temp name="T1425"/><temp name="T1444"/><temp name="T1381"/><temp name="T18"/><temp name="T1366"/><temp name="T1402"/><temp name="T1386"/><temp name="T1448"/><temp name="T1370"/><temp name="T1415"/><temp name="T1389"/><temp name="T1419"/><temp name="T1396"/><temp name="T1410"/><temp name="T1460"/></temps><temps name="out"><temp name="T1454"/><temp name="T1465"/><temp name="T1375"/><temp name="T1431"/><temp name="T1456"/><temp name="T1360"/><temp name="T1393"/><temp name="T1364"/><temp name="T1421"/><temp name="T1425"/><temp name="T1444"/><temp name="T1381"/><temp name="T18"/><temp name="T1366"/><temp name="T1402"/><temp name="T1386"/><temp name="T1448"/><temp name="T1370"/><temp name="T1415"/><temp name="T1389"/><temp name="T1419"/><temp name="T1396"/><temp name="T1410"/><temp name="T1460"/></temps></instruction><instruction code="INCMH T1357, 0"><temps name="use"/><temps name="def"><temp name="T1357"/></temps><temps name="in"><temp name="T1454"/><temp name="T1465"/><temp name="T1375"/><temp name="T1431"/><temp name="T1456"/><temp name="T1360"/><temp name="T1393"/><temp name="T1364"/><temp name="T1421"/><temp name="T1425"/><temp name="T1444"/><temp name="T1381"/><temp name="T18"/><temp name="T1366"/><temp name="T1402"/><temp name="T1386"/><temp name="T1448"/><temp name="T1370"/><temp name="T1415"/><temp name="T1389"/><temp name="T1419"/><temp name="T1396"/><temp name="T1410"/><temp name="T1460"/></temps><temps name="out"><temp name="T1454"/><temp name="T1465"/><temp name="T1375"/><temp name="T1431"/><temp name="T1456"/><temp name="T1360"/><temp name="T1393"/><temp name="T1364"/><temp name="T1421"/><temp name="T1425"/><temp name="T1444"/><temp name="T1381"/><temp name="T18"/><temp name="T1366"/><temp name="T1402"/><temp name="T1386"/><temp name="T1448"/><temp name="T1370"/><temp name="T1415"/><temp name="T1389"/><temp name="T1419"/><temp name="T1396"/><temp name="T1410"/><temp name="T1460"/></temps></instruction><instruction code="INCH  T1357, 0"><temps name="use"/><temps name="def"><temp name="T1357"/></temps><temps name="in"><temp name="T1454"/><temp name="T1465"/><temp name="T1375"/><temp name="T1431"/><temp name="T1456"/><temp name="T1360"/><temp name="T1393"/><temp name="T1364"/><temp name="T1421"/><temp name="T1425"/><temp name="T1444"/><temp name="T1381"/><temp name="T18"/><temp name="T1366"/><temp name="T1402"/><temp name="T1386"/><temp name="T1448"/><temp name="T1370"/><temp name="T1415"/><temp name="T1389"/><temp name="T1419"/><temp name="T1396"/><temp name="T1410"/><temp name="T1460"/></temps><temps name="out"><temp name="T1454"/><temp name="T1357"/><temp name="T1465"/><temp name="T1375"/><temp name="T1431"/><temp name="T1456"/><temp name="T1360"/><temp name="T1393"/><temp name="T1364"/><temp name="T1421"/><temp name="T1425"/><temp name="T1444"/><temp name="T1381"/><temp name="T18"/><temp name="T1366"/><temp name="T1402"/><temp name="T1386"/><temp name="T1448"/><temp name="T1370"/><temp name="T1415"/><temp name="T1389"/><temp name="T1419"/><temp name="T1396"/><temp name="T1410"/><temp name="T1460"/></temps></instruction><instruction code="OR T339, T1357, 0"><temps name="use"><temp name="T1357"/></temps><temps name="def"><temp name="T339"/></temps><temps name="in"><temp name="T1454"/><temp name="T1357"/><temp name="T1465"/><temp name="T1375"/><temp name="T1431"/><temp name="T1456"/><temp name="T1360"/><temp name="T1393"/><temp name="T1364"/><temp name="T1421"/><temp name="T1425"/><temp name="T1444"/><temp name="T1381"/><temp name="T18"/><temp name="T1366"/><temp name="T1402"/><temp name="T1386"/><temp name="T1448"/><temp name="T1370"/><temp name="T1415"/><temp name="T1389"/><temp name="T1419"/><temp name="T1396"/><temp name="T1410"/><temp name="T1460"/></temps><temps name="out"><temp name="T1454"/><temp name="T1465"/><temp name="T1375"/><temp name="T1431"/><temp name="T1456"/><temp name="T1360"/><temp name="T1393"/><temp name="T1364"/><temp name="T1421"/><temp name="T1425"/><temp name="T1444"/><temp name="T1381"/><temp name="T18"/><temp name="T1366"/><temp name="T1402"/><temp name="T1386"/><temp name="T1448"/><temp name="T1370"/><temp name="T1415"/><temp name="T1389"/><temp name="T1419"/><temp name="T339"/><temp name="T1396"/><temp name="T1410"/><temp name="T1460"/></temps></instruction><instruction code="LDO T1361, T1360, 0"><temps name="use"><temp name="T1360"/></temps><temps name="def"><temp name="T1361"/></temps><temps name="in"><temp name="T1454"/><temp name="T1465"/><temp name="T1375"/><temp name="T1431"/><temp name="T1456"/><temp name="T1360"/><temp name="T1393"/><temp name="T1364"/><temp name="T1421"/><temp name="T1425"/><temp name="T1444"/><temp name="T1381"/><temp name="T18"/><temp name="T1366"/><temp name="T1402"/><temp name="T1386"/><temp name="T1448"/><temp name="T1370"/><temp name="T1415"/><temp name="T1389"/><temp name="T1419"/><temp name="T339"/><temp name="T1396"/><temp name="T1410"/><temp name="T1460"/></temps><temps name="out"><temp name="T1454"/><temp name="T1465"/><temp name="T1375"/><temp name="T1431"/><temp name="T1456"/><temp name="T1393"/><temp name="T1364"/><temp name="T1421"/><temp name="T1425"/><temp name="T1444"/><temp name="T1381"/><temp name="T18"/><temp name="T1366"/><temp name="T1402"/><temp name="T1386"/><temp name="T1448"/><temp name="T1370"/><temp name="T1415"/><temp name="T1361"/><temp name="T1389"/><temp name="T1419"/><temp name="T339"/><temp name="T1396"/><temp name="T1410"/><temp name="T1460"/></temps></instruction><instruction code="STO T1361, T339, 0"><temps name="use"><temp name="T1361"/><temp name="T339"/></temps><temps name="def"/><temps name="in"><temp name="T1454"/><temp name="T1465"/><temp name="T1375"/><temp name="T1431"/><temp name="T1456"/><temp name="T1393"/><temp name="T1364"/><temp name="T1421"/><temp name="T1425"/><temp name="T1444"/><temp name="T1381"/><temp name="T18"/><temp name="T1366"/><temp name="T1402"/><temp name="T1386"/><temp name="T1448"/><temp name="T1370"/><temp name="T1415"/><temp name="T1361"/><temp name="T1389"/><temp name="T1419"/><temp name="T339"/><temp name="T1396"/><temp name="T1410"/><temp name="T1460"/></temps><temps name="out"><temp name="T1454"/><temp name="T1465"/><temp name="T1375"/><temp name="T1381"/><temp name="T18"/><temp name="T1366"/><temp name="T1431"/><temp name="T1402"/><temp name="T1456"/><temp name="T1393"/><temp name="T1386"/><temp name="T1448"/><temp name="T1364"/><temp name="T1370"/><temp name="T1415"/><temp name="T1389"/><temp name="T1421"/><temp name="T1419"/><temp name="T1425"/><temp name="T1396"/><temp name="T1410"/><temp name="T1460"/><temp name="T1444"/></temps></instruction><instruction code="L38"><temps name="use"/><temps name="def"/><temps name="in"><temp name="T1454"/><temp name="T1465"/><temp name="T1375"/><temp name="T1381"/><temp name="T18"/><temp name="T1366"/><temp name="T1431"/><temp name="T1402"/><temp name="T1456"/><temp name="T1393"/><temp name="T1386"/><temp name="T1448"/><temp name="T1364"/><temp name="T1370"/><temp name="T1415"/><temp name="T1389"/><temp name="T1421"/><temp name="T1419"/><temp name="T1425"/><temp name="T1396"/><temp name="T1410"/><temp name="T1460"/><temp name="T1444"/></temps><temps name="out"><temp name="T1454"/><temp name="T1465"/><temp name="T1375"/><temp name="T1381"/><temp name="T18"/><temp name="T1366"/><temp name="T1431"/><temp name="T1402"/><temp name="T1456"/><temp name="T1393"/><temp name="T1386"/><temp name="T1448"/><temp name="T1364"/><temp name="T1370"/><temp name="T1415"/><temp name="T1389"/><temp name="T1421"/><temp name="T1419"/><temp name="T1425"/><temp name="T1396"/><temp name="T1410"/><temp name="T1460"/><temp name="T1444"/></temps></instruction><instruction code="OR T340, T18, 0"><temps name="use"><temp name="T18"/></temps><temps name="def"><temp name="T340"/></temps><temps name="in"><temp name="T1454"/><temp name="T1465"/><temp name="T1375"/><temp name="T1381"/><temp name="T18"/><temp name="T1366"/><temp name="T1431"/><temp name="T1402"/><temp name="T1456"/><temp name="T1393"/><temp name="T1386"/><temp name="T1448"/><temp name="T1364"/><temp name="T1370"/><temp name="T1415"/><temp name="T1389"/><temp name="T1421"/><temp name="T1419"/><temp name="T1425"/><temp name="T1396"/><temp name="T1410"/><temp name="T1460"/><temp name="T1444"/></temps><temps name="out"><temp name="T1454"/><temp name="T1465"/><temp name="T1375"/><temp name="T1431"/><temp name="T1456"/><temp name="T1393"/><temp name="T1364"/><temp name="T1421"/><temp name="T1425"/><temp name="T1444"/><temp name="T1381"/><temp name="T18"/><temp name="T1366"/><temp name="T1402"/><temp name="T340"/><temp name="T1386"/><temp name="T1448"/><temp name="T1370"/><temp name="T1415"/><temp name="T1389"/><temp name="T1419"/><temp name="T1396"/><temp name="T1410"/><temp name="T1460"/></temps></instruction><instruction code="SETL  T1362, 8"><temps name="use"/><temps name="def"><temp name="T1362"/></temps><temps name="in"><temp name="T1454"/><temp name="T1465"/><temp name="T1375"/><temp name="T1431"/><temp name="T1456"/><temp name="T1393"/><temp name="T1364"/><temp name="T1421"/><temp name="T1425"/><temp name="T1444"/><temp name="T1381"/><temp name="T18"/><temp name="T1366"/><temp name="T1402"/><temp name="T340"/><temp name="T1386"/><temp name="T1448"/><temp name="T1370"/><temp name="T1415"/><temp name="T1389"/><temp name="T1419"/><temp name="T1396"/><temp name="T1410"/><temp name="T1460"/></temps><temps name="out"><temp name="T1454"/><temp name="T1465"/><temp name="T1375"/><temp name="T1431"/><temp name="T1456"/><temp name="T1393"/><temp name="T1364"/><temp name="T1421"/><temp name="T1425"/><temp name="T1444"/><temp name="T1381"/><temp name="T18"/><temp name="T1366"/><temp name="T1402"/><temp name="T340"/><temp name="T1386"/><temp name="T1448"/><temp name="T1370"/><temp name="T1415"/><temp name="T1389"/><temp name="T1419"/><temp name="T1396"/><temp name="T1410"/><temp name="T1460"/></temps></instruction><instruction code="INCML T1362, 0"><temps name="use"/><temps name="def"><temp name="T1362"/></temps><temps name="in"><temp name="T1454"/><temp name="T1465"/><temp name="T1375"/><temp name="T1431"/><temp name="T1456"/><temp name="T1393"/><temp name="T1364"/><temp name="T1421"/><temp name="T1425"/><temp name="T1444"/><temp name="T1381"/><temp name="T18"/><temp name="T1366"/><temp name="T1402"/><temp name="T340"/><temp name="T1386"/><temp name="T1448"/><temp name="T1370"/><temp name="T1415"/><temp name="T1389"/><temp name="T1419"/><temp name="T1396"/><temp name="T1410"/><temp name="T1460"/></temps><temps name="out"><temp name="T1454"/><temp name="T1465"/><temp name="T1375"/><temp name="T1431"/><temp name="T1456"/><temp name="T1393"/><temp name="T1364"/><temp name="T1421"/><temp name="T1425"/><temp name="T1444"/><temp name="T1381"/><temp name="T18"/><temp name="T1366"/><temp name="T1402"/><temp name="T340"/><temp name="T1386"/><temp name="T1448"/><temp name="T1370"/><temp name="T1415"/><temp name="T1389"/><temp name="T1419"/><temp name="T1396"/><temp name="T1410"/><temp name="T1460"/></temps></instruction><instruction code="INCMH T1362, 0"><temps name="use"/><temps name="def"><temp name="T1362"/></temps><temps name="in"><temp name="T1454"/><temp name="T1465"/><temp name="T1375"/><temp name="T1431"/><temp name="T1456"/><temp name="T1393"/><temp name="T1364"/><temp name="T1421"/><temp name="T1425"/><temp name="T1444"/><temp name="T1381"/><temp name="T18"/><temp name="T1366"/><temp name="T1402"/><temp name="T340"/><temp name="T1386"/><temp name="T1448"/><temp name="T1370"/><temp name="T1415"/><temp name="T1389"/><temp name="T1419"/><temp name="T1396"/><temp name="T1410"/><temp name="T1460"/></temps><temps name="out"><temp name="T1454"/><temp name="T1465"/><temp name="T1375"/><temp name="T1431"/><temp name="T1456"/><temp name="T1393"/><temp name="T1364"/><temp name="T1421"/><temp name="T1425"/><temp name="T1444"/><temp name="T1381"/><temp name="T18"/><temp name="T1366"/><temp name="T1402"/><temp name="T340"/><temp name="T1386"/><temp name="T1448"/><temp name="T1370"/><temp name="T1415"/><temp name="T1389"/><temp name="T1419"/><temp name="T1396"/><temp name="T1410"/><temp name="T1460"/></temps></instruction><instruction code="INCH  T1362, 0"><temps name="use"/><temps name="def"><temp name="T1362"/></temps><temps name="in"><temp name="T1454"/><temp name="T1465"/><temp name="T1375"/><temp name="T1431"/><temp name="T1456"/><temp name="T1393"/><temp name="T1364"/><temp name="T1421"/><temp name="T1425"/><temp name="T1444"/><temp name="T1381"/><temp name="T18"/><temp name="T1366"/><temp name="T1402"/><temp name="T340"/><temp name="T1386"/><temp name="T1448"/><temp name="T1370"/><temp name="T1415"/><temp name="T1389"/><temp name="T1419"/><temp name="T1396"/><temp name="T1410"/><temp name="T1460"/></temps><temps name="out"><temp name="T1454"/><temp name="T1465"/><temp name="T1375"/><temp name="T1431"/><temp name="T1456"/><temp name="T1393"/><temp name="T1364"/><temp name="T1421"/><temp name="T1425"/><temp name="T1444"/><temp name="T1362"/><temp name="T1381"/><temp name="T18"/><temp name="T1366"/><temp name="T1402"/><temp name="T340"/><temp name="T1386"/><temp name="T1448"/><temp name="T1370"/><temp name="T1415"/><temp name="T1389"/><temp name="T1419"/><temp name="T1396"/><temp name="T1410"/><temp name="T1460"/></temps></instruction><instruction code="NEG T1362, 0, T1362"><temps name="use"><temp name="T1362"/></temps><temps name="def"><temp name="T1362"/></temps><temps name="in"><temp name="T1454"/><temp name="T1465"/><temp name="T1375"/><temp name="T1431"/><temp name="T1456"/><temp name="T1393"/><temp name="T1364"/><temp name="T1421"/><temp name="T1425"/><temp name="T1444"/><temp name="T1362"/><temp name="T1381"/><temp name="T18"/><temp name="T1366"/><temp name="T1402"/><temp name="T340"/><temp name="T1386"/><temp name="T1448"/><temp name="T1370"/><temp name="T1415"/><temp name="T1389"/><temp name="T1419"/><temp name="T1396"/><temp name="T1410"/><temp name="T1460"/></temps><temps name="out"><temp name="T1454"/><temp name="T1465"/><temp name="T1375"/><temp name="T1431"/><temp name="T1456"/><temp name="T1393"/><temp name="T1364"/><temp name="T1421"/><temp name="T1425"/><temp name="T1444"/><temp name="T1362"/><temp name="T1381"/><temp name="T18"/><temp name="T1366"/><temp name="T1402"/><temp name="T340"/><temp name="T1386"/><temp name="T1448"/><temp name="T1370"/><temp name="T1415"/><temp name="T1389"/><temp name="T1419"/><temp name="T1396"/><temp name="T1410"/><temp name="T1460"/></temps></instruction><instruction code="OR T341, T1362, 0"><temps name="use"><temp name="T1362"/></temps><temps name="def"><temp name="T341"/></temps><temps name="in"><temp name="T1454"/><temp name="T1465"/><temp name="T1375"/><temp name="T1431"/><temp name="T1456"/><temp name="T1393"/><temp name="T1364"/><temp name="T1421"/><temp name="T1425"/><temp name="T1444"/><temp name="T1362"/><temp name="T1381"/><temp name="T18"/><temp name="T1366"/><temp name="T1402"/><temp name="T340"/><temp name="T1386"/><temp name="T1448"/><temp name="T1370"/><temp name="T1415"/><temp name="T1389"/><temp name="T1419"/><temp name="T1396"/><temp name="T1410"/><temp name="T1460"/></temps><temps name="out"><temp name="T1454"/><temp name="T1465"/><temp name="T1375"/><temp name="T1431"/><temp name="T1456"/><temp name="T1393"/><temp name="T1364"/><temp name="T341"/><temp name="T1421"/><temp name="T1425"/><temp name="T1444"/><temp name="T1381"/><temp name="T18"/><temp name="T1366"/><temp name="T1402"/><temp name="T340"/><temp name="T1386"/><temp name="T1448"/><temp name="T1370"/><temp name="T1415"/><temp name="T1389"/><temp name="T1419"/><temp name="T1396"/><temp name="T1410"/><temp name="T1460"/></temps></instruction><instruction code="ADD T1363, T340, T341"><temps name="use"><temp name="T340"/><temp name="T341"/></temps><temps name="def"><temp name="T1363"/></temps><temps name="in"><temp name="T1454"/><temp name="T1465"/><temp name="T1375"/><temp name="T1431"/><temp name="T1456"/><temp name="T1393"/><temp name="T1364"/><temp name="T341"/><temp name="T1421"/><temp name="T1425"/><temp name="T1444"/><temp name="T1381"/><temp name="T18"/><temp name="T1366"/><temp name="T1402"/><temp name="T340"/><temp name="T1386"/><temp name="T1448"/><temp name="T1370"/><temp name="T1415"/><temp name="T1389"/><temp name="T1419"/><temp name="T1396"/><temp name="T1410"/><temp name="T1460"/></temps><temps name="out"><temp name="T1454"/><temp name="T1465"/><temp name="T1375"/><temp name="T1431"/><temp name="T1456"/><temp name="T1393"/><temp name="T1363"/><temp name="T1364"/><temp name="T1421"/><temp name="T1425"/><temp name="T1444"/><temp name="T1381"/><temp name="T18"/><temp name="T1366"/><temp name="T1402"/><temp name="T1386"/><temp name="T1448"/><temp name="T1370"/><temp name="T1415"/><temp name="T1389"/><temp name="T1419"/><temp name="T1396"/><temp name="T1410"/><temp name="T1460"/></temps></instruction><instruction code="OR T342, T1363, 0"><temps name="use"><temp name="T1363"/></temps><temps name="def"><temp name="T342"/></temps><temps name="in"><temp name="T1454"/><temp name="T1465"/><temp name="T1375"/><temp name="T1431"/><temp name="T1456"/><temp name="T1393"/><temp name="T1363"/><temp name="T1364"/><temp name="T1421"/><temp name="T1425"/><temp name="T1444"/><temp name="T1381"/><temp name="T18"/><temp name="T1366"/><temp name="T1402"/><temp name="T1386"/><temp name="T1448"/><temp name="T1370"/><temp name="T1415"/><temp name="T1389"/><temp name="T1419"/><temp name="T1396"/><temp name="T1410"/><temp name="T1460"/></temps><temps name="out"><temp name="T1454"/><temp name="T1465"/><temp name="T1375"/><temp name="T1381"/><temp name="T18"/><temp name="T1366"/><temp name="T1431"/><temp name="T1402"/><temp name="T1456"/><temp name="T1393"/><temp name="T1386"/><temp name="T1448"/><temp name="T1364"/><temp name="T1370"/><temp name="T1415"/><temp name="T1389"/><temp name="T1421"/><temp name="T1419"/><temp name="T1425"/><temp name="T1396"/><temp name="T1410"/><temp name="T1460"/><temp name="T1444"/></temps></instruction><instruction code="LDO T1365, T1364, 0"><temps name="use"><temp name="T1364"/></temps><temps name="def"><temp name="T1365"/></temps><temps name="in"><temp name="T1454"/><temp name="T1465"/><temp name="T1375"/><temp name="T1381"/><temp name="T18"/><temp name="T1366"/><temp name="T1431"/><temp name="T1402"/><temp name="T1456"/><temp name="T1393"/><temp name="T1386"/><temp name="T1448"/><temp name="T1364"/><temp name="T1370"/><temp name="T1415"/><temp name="T1389"/><temp name="T1421"/><temp name="T1419"/><temp name="T1425"/><temp name="T1396"/><temp name="T1410"/><temp name="T1460"/><temp name="T1444"/></temps><temps name="out"><temp name="T1454"/><temp name="T1465"/><temp name="T1375"/><temp name="T1431"/><temp name="T1456"/><temp name="T1393"/><temp name="T1364"/><temp name="T1421"/><temp name="T1425"/><temp name="T1444"/><temp name="T1381"/><temp name="T18"/><temp name="T1366"/><temp name="T1402"/><temp name="T1365"/><temp name="T1386"/><temp name="T1448"/><temp name="T1370"/><temp name="T1415"/><temp name="T1389"/><temp name="T1419"/><temp name="T1396"/><temp name="T1410"/><temp name="T1460"/></temps></instruction><instruction code="OR T343, T1365, 0"><temps name="use"><temp name="T1365"/></temps><temps name="def"><temp name="T343"/></temps><temps name="in"><temp name="T1454"/><temp name="T1465"/><temp name="T1375"/><temp name="T1431"/><temp name="T1456"/><temp name="T1393"/><temp name="T1364"/><temp name="T1421"/><temp name="T1425"/><temp name="T1444"/><temp name="T1381"/><temp name="T18"/><temp name="T1366"/><temp name="T1402"/><temp name="T1365"/><temp name="T1386"/><temp name="T1448"/><temp name="T1370"/><temp name="T1415"/><temp name="T1389"/><temp name="T1419"/><temp name="T1396"/><temp name="T1410"/><temp name="T1460"/></temps><temps name="out"><temp name="T1454"/><temp name="T1465"/><temp name="T1375"/><temp name="T1431"/><temp name="T1456"/><temp name="T1393"/><temp name="T1364"/><temp name="T343"/><temp name="T1421"/><temp name="T1425"/><temp name="T1444"/><temp name="T1381"/><temp name="T18"/><temp name="T1366"/><temp name="T1402"/><temp name="T1386"/><temp name="T1448"/><temp name="T1370"/><temp name="T1415"/><temp name="T1389"/><temp name="T1419"/><temp name="T1396"/><temp name="T1410"/><temp name="T1460"/></temps></instruction><instruction code="OR T344, T18, 0"><temps name="use"><temp name="T18"/></temps><temps name="def"><temp name="T344"/></temps><temps name="in"><temp name="T1454"/><temp name="T1465"/><temp name="T1375"/><temp name="T1431"/><temp name="T1456"/><temp name="T1393"/><temp name="T1364"/><temp name="T343"/><temp name="T1421"/><temp name="T1425"/><temp name="T1444"/><temp name="T1381"/><temp name="T18"/><temp name="T1366"/><temp name="T1402"/><temp name="T1386"/><temp name="T1448"/><temp name="T1370"/><temp name="T1415"/><temp name="T1389"/><temp name="T1419"/><temp name="T1396"/><temp name="T1410"/><temp name="T1460"/></temps><temps name="out"><temp name="T1454"/><temp name="T1465"/><temp name="T1375"/><temp name="T1431"/><temp name="T1456"/><temp name="T1393"/><temp name="T1364"/><temp name="T343"/><temp name="T1421"/><temp name="T1425"/><temp name="T1444"/><temp name="T1381"/><temp name="T18"/><temp name="T1366"/><temp name="T1402"/><temp name="T1386"/><temp name="T1448"/><temp name="T1370"/><temp name="T1415"/><temp name="T1389"/><temp name="T1419"/><temp name="T1396"/><temp name="T1410"/><temp name="T1460"/></temps></instruction><instruction code="LDO T1367, T1366, 0"><temps name="use"><temp name="T1366"/></temps><temps name="def"><temp name="T1367"/></temps><temps name="in"><temp name="T1454"/><temp name="T1465"/><temp name="T1375"/><temp name="T1431"/><temp name="T1456"/><temp name="T1393"/><temp name="T1364"/><temp name="T343"/><temp name="T1421"/><temp name="T1425"/><temp name="T1444"/><temp name="T1381"/><temp name="T18"/><temp name="T1366"/><temp name="T1402"/><temp name="T1386"/><temp name="T1448"/><temp name="T1370"/><temp name="T1415"/><temp name="T1389"/><temp name="T1419"/><temp name="T1396"/><temp name="T1410"/><temp name="T1460"/></temps><temps name="out"><temp name="T1454"/><temp name="T1465"/><temp name="T1375"/><temp name="T1431"/><temp name="T1456"/><temp name="T1393"/><temp name="T1364"/><temp name="T343"/><temp name="T1421"/><temp name="T1425"/><temp name="T1444"/><temp name="T1381"/><temp name="T18"/><temp name="T1367"/><temp name="T1366"/><temp name="T1402"/><temp name="T1386"/><temp name="T1448"/><temp name="T1370"/><temp name="T1415"/><temp name="T1389"/><temp name="T1419"/><temp name="T1396"/><temp name="T1410"/><temp name="T1460"/></temps></instruction><instruction code="OR T345, T1367, 0"><temps name="use"><temp name="T1367"/></temps><temps name="def"><temp name="T345"/></temps><temps name="in"><temp name="T1454"/><temp name="T1465"/><temp name="T1375"/><temp name="T1431"/><temp name="T1456"/><temp name="T1393"/><temp name="T1364"/><temp name="T343"/><temp name="T1421"/><temp name="T1425"/><temp name="T1444"/><temp name="T1381"/><temp name="T18"/><temp name="T1367"/><temp name="T1366"/><temp name="T1402"/><temp name="T1386"/><temp name="T1448"/><temp name="T1370"/><temp name="T1415"/><temp name="T1389"/><temp name="T1419"/><temp name="T1396"/><temp name="T1410"/><temp name="T1460"/></temps><temps name="out"><temp name="T1454"/><temp name="T1465"/><temp name="T1375"/><temp name="T1431"/><temp name="T1456"/><temp name="T1393"/><temp name="T1364"/><temp name="T345"/><temp name="T343"/><temp name="T1421"/><temp name="T1425"/><temp name="T1444"/><temp name="T1381"/><temp name="T18"/><temp name="T1366"/><temp name="T1402"/><temp name="T1386"/><temp name="T1448"/><temp name="T1370"/><temp name="T1415"/><temp name="T1389"/><temp name="T1419"/><temp name="T1396"/><temp name="T1410"/><temp name="T1460"/></temps></instruction><instruction code="SETL  T1368, 8"><temps name="use"/><temps name="def"><temp name="T1368"/></temps><temps name="in"><temp name="T1454"/><temp name="T1465"/><temp name="T1375"/><temp name="T1431"/><temp name="T1456"/><temp name="T1393"/><temp name="T1364"/><temp name="T345"/><temp name="T343"/><temp name="T1421"/><temp name="T1425"/><temp name="T1444"/><temp name="T1381"/><temp name="T18"/><temp name="T1366"/><temp name="T1402"/><temp name="T1386"/><temp name="T1448"/><temp name="T1370"/><temp name="T1415"/><temp name="T1389"/><temp name="T1419"/><temp name="T1396"/><temp name="T1410"/><temp name="T1460"/></temps><temps name="out"><temp name="T1454"/><temp name="T1465"/><temp name="T1375"/><temp name="T1431"/><temp name="T1456"/><temp name="T1393"/><temp name="T1364"/><temp name="T345"/><temp name="T343"/><temp name="T1421"/><temp name="T1425"/><temp name="T1444"/><temp name="T1381"/><temp name="T18"/><temp name="T1366"/><temp name="T1402"/><temp name="T1386"/><temp name="T1448"/><temp name="T1370"/><temp name="T1415"/><temp name="T1389"/><temp name="T1419"/><temp name="T1396"/><temp name="T1410"/><temp name="T1460"/></temps></instruction><instruction code="INCML T1368, 0"><temps name="use"/><temps name="def"><temp name="T1368"/></temps><temps name="in"><temp name="T1454"/><temp name="T1465"/><temp name="T1375"/><temp name="T1431"/><temp name="T1456"/><temp name="T1393"/><temp name="T1364"/><temp name="T345"/><temp name="T343"/><temp name="T1421"/><temp name="T1425"/><temp name="T1444"/><temp name="T1381"/><temp name="T18"/><temp name="T1366"/><temp name="T1402"/><temp name="T1386"/><temp name="T1448"/><temp name="T1370"/><temp name="T1415"/><temp name="T1389"/><temp name="T1419"/><temp name="T1396"/><temp name="T1410"/><temp name="T1460"/></temps><temps name="out"><temp name="T1454"/><temp name="T1465"/><temp name="T1375"/><temp name="T1431"/><temp name="T1456"/><temp name="T1393"/><temp name="T1364"/><temp name="T345"/><temp name="T343"/><temp name="T1421"/><temp name="T1425"/><temp name="T1444"/><temp name="T1381"/><temp name="T18"/><temp name="T1366"/><temp name="T1402"/><temp name="T1386"/><temp name="T1448"/><temp name="T1370"/><temp name="T1415"/><temp name="T1389"/><temp name="T1419"/><temp name="T1396"/><temp name="T1410"/><temp name="T1460"/></temps></instruction><instruction code="INCMH T1368, 0"><temps name="use"/><temps name="def"><temp name="T1368"/></temps><temps name="in"><temp name="T1454"/><temp name="T1465"/><temp name="T1375"/><temp name="T1431"/><temp name="T1456"/><temp name="T1393"/><temp name="T1364"/><temp name="T345"/><temp name="T343"/><temp name="T1421"/><temp name="T1425"/><temp name="T1444"/><temp name="T1381"/><temp name="T18"/><temp name="T1366"/><temp name="T1402"/><temp name="T1386"/><temp name="T1448"/><temp name="T1370"/><temp name="T1415"/><temp name="T1389"/><temp name="T1419"/><temp name="T1396"/><temp name="T1410"/><temp name="T1460"/></temps><temps name="out"><temp name="T1454"/><temp name="T1465"/><temp name="T1375"/><temp name="T1431"/><temp name="T1456"/><temp name="T1393"/><temp name="T1364"/><temp name="T345"/><temp name="T343"/><temp name="T1421"/><temp name="T1425"/><temp name="T1444"/><temp name="T1381"/><temp name="T18"/><temp name="T1366"/><temp name="T1402"/><temp name="T1386"/><temp name="T1448"/><temp name="T1370"/><temp name="T1415"/><temp name="T1389"/><temp name="T1419"/><temp name="T1396"/><temp name="T1410"/><temp name="T1460"/></temps></instruction><instruction code="INCH  T1368, 0"><temps name="use"/><temps name="def"><temp name="T1368"/></temps><temps name="in"><temp name="T1454"/><temp name="T1465"/><temp name="T1375"/><temp name="T1431"/><temp name="T1456"/><temp name="T1393"/><temp name="T1364"/><temp name="T345"/><temp name="T343"/><temp name="T1421"/><temp name="T1425"/><temp name="T1444"/><temp name="T1381"/><temp name="T18"/><temp name="T1366"/><temp name="T1402"/><temp name="T1386"/><temp name="T1448"/><temp name="T1370"/><temp name="T1415"/><temp name="T1389"/><temp name="T1419"/><temp name="T1396"/><temp name="T1410"/><temp name="T1460"/></temps><temps name="out"><temp name="T1454"/><temp name="T1465"/><temp name="T1375"/><temp name="T1431"/><temp name="T1456"/><temp name="T1393"/><temp name="T1364"/><temp name="T345"/><temp name="T343"/><temp name="T1421"/><temp name="T1425"/><temp name="T1444"/><temp name="T1381"/><temp name="T18"/><temp name="T1368"/><temp name="T1366"/><temp name="T1402"/><temp name="T1386"/><temp name="T1448"/><temp name="T1370"/><temp name="T1415"/><temp name="T1389"/><temp name="T1419"/><temp name="T1396"/><temp name="T1410"/><temp name="T1460"/></temps></instruction><instruction code="OR T346, T1368, 0"><temps name="use"><temp name="T1368"/></temps><temps name="def"><temp name="T346"/></temps><temps name="in"><temp name="T1454"/><temp name="T1465"/><temp name="T1375"/><temp name="T1431"/><temp name="T1456"/><temp name="T1393"/><temp name="T1364"/><temp name="T345"/><temp name="T343"/><temp name="T1421"/><temp name="T1425"/><temp name="T1444"/><temp name="T1381"/><temp name="T18"/><temp name="T1368"/><temp name="T1366"/><temp name="T1402"/><temp name="T1386"/><temp name="T1448"/><temp name="T1370"/><temp name="T1415"/><temp name="T1389"/><temp name="T1419"/><temp name="T1396"/><temp name="T1410"/><temp name="T1460"/></temps><temps name="out"><temp name="T1454"/><temp name="T1465"/><temp name="T1375"/><temp name="T1431"/><temp name="T1456"/><temp name="T1393"/><temp name="T1364"/><temp name="T345"/><temp name="T343"/><temp name="T1421"/><temp name="T1425"/><temp name="T1444"/><temp name="T1381"/><temp name="T18"/><temp name="T1366"/><temp name="T1402"/><temp name="T346"/><temp name="T1386"/><temp name="T1448"/><temp name="T1370"/><temp name="T1415"/><temp name="T1389"/><temp name="T1419"/><temp name="T1396"/><temp name="T1410"/><temp name="T1460"/></temps></instruction><instruction code="ADD T1369, T345, T346"><temps name="use"><temp name="T345"/><temp name="T346"/></temps><temps name="def"><temp name="T1369"/></temps><temps name="in"><temp name="T1454"/><temp name="T1465"/><temp name="T1375"/><temp name="T1431"/><temp name="T1456"/><temp name="T1393"/><temp name="T1364"/><temp name="T345"/><temp name="T343"/><temp name="T1421"/><temp name="T1425"/><temp name="T1444"/><temp name="T1381"/><temp name="T18"/><temp name="T1366"/><temp name="T1402"/><temp name="T346"/><temp name="T1386"/><temp name="T1448"/><temp name="T1370"/><temp name="T1415"/><temp name="T1389"/><temp name="T1419"/><temp name="T1396"/><temp name="T1410"/><temp name="T1460"/></temps><temps name="out"><temp name="T1454"/><temp name="T1465"/><temp name="T1375"/><temp name="T1431"/><temp name="T1456"/><temp name="T1393"/><temp name="T1369"/><temp name="T1364"/><temp name="T343"/><temp name="T1421"/><temp name="T1425"/><temp name="T1444"/><temp name="T1381"/><temp name="T18"/><temp name="T1366"/><temp name="T1402"/><temp name="T1386"/><temp name="T1448"/><temp name="T1370"/><temp name="T1415"/><temp name="T1389"/><temp name="T1419"/><temp name="T1396"/><temp name="T1410"/><temp name="T1460"/></temps></instruction><instruction code="OR T347, T1369, 0"><temps name="use"><temp name="T1369"/></temps><temps name="def"><temp name="T347"/></temps><temps name="in"><temp name="T1454"/><temp name="T1465"/><temp name="T1375"/><temp name="T1431"/><temp name="T1456"/><temp name="T1393"/><temp name="T1369"/><temp name="T1364"/><temp name="T343"/><temp name="T1421"/><temp name="T1425"/><temp name="T1444"/><temp name="T1381"/><temp name="T18"/><temp name="T1366"/><temp name="T1402"/><temp name="T1386"/><temp name="T1448"/><temp name="T1370"/><temp name="T1415"/><temp name="T1389"/><temp name="T1419"/><temp name="T1396"/><temp name="T1410"/><temp name="T1460"/></temps><temps name="out"><temp name="T1454"/><temp name="T1465"/><temp name="T1375"/><temp name="T1431"/><temp name="T1456"/><temp name="T1393"/><temp name="T1364"/><temp name="T343"/><temp name="T1421"/><temp name="T1425"/><temp name="T1444"/><temp name="T1381"/><temp name="T18"/><temp name="T1366"/><temp name="T1402"/><temp name="T1386"/><temp name="T1448"/><temp name="T1370"/><temp name="T1415"/><temp name="T1389"/><temp name="T1419"/><temp name="T1396"/><temp name="T1410"/><temp name="T1460"/></temps></instruction><instruction code="LDO T1371, T1370, 0"><temps name="use"><temp name="T1370"/></temps><temps name="def"><temp name="T1371"/></temps><temps name="in"><temp name="T1454"/><temp name="T1465"/><temp name="T1375"/><temp name="T1431"/><temp name="T1456"/><temp name="T1393"/><temp name="T1364"/><temp name="T343"/><temp name="T1421"/><temp name="T1425"/><temp name="T1444"/><temp name="T1381"/><temp name="T18"/><temp name="T1366"/><temp name="T1402"/><temp name="T1386"/><temp name="T1448"/><temp name="T1370"/><temp name="T1415"/><temp name="T1389"/><temp name="T1419"/><temp name="T1396"/><temp name="T1410"/><temp name="T1460"/></temps><temps name="out"><temp name="T1454"/><temp name="T1465"/><temp name="T1375"/><temp name="T1431"/><temp name="T1456"/><temp name="T1393"/><temp name="T1364"/><temp name="T343"/><temp name="T1421"/><temp name="T1425"/><temp name="T1444"/><temp name="T1381"/><temp name="T18"/><temp name="T1366"/><temp name="T1402"/><temp name="T1386"/><temp name="T1448"/><temp name="T1415"/><temp name="T1370"/><temp name="T1389"/><temp name="T1419"/><temp name="T1396"/><temp name="T1371"/><temp name="T1410"/><temp name="T1460"/></temps></instruction><instruction code="OR T348, T1371, 0"><temps name="use"><temp name="T1371"/></temps><temps name="def"><temp name="T348"/></temps><temps name="in"><temp name="T1454"/><temp name="T1465"/><temp name="T1375"/><temp name="T1431"/><temp name="T1456"/><temp name="T1393"/><temp name="T1364"/><temp name="T343"/><temp name="T1421"/><temp name="T1425"/><temp name="T1444"/><temp name="T1381"/><temp name="T18"/><temp name="T1366"/><temp name="T1402"/><temp name="T1386"/><temp name="T1448"/><temp name="T1415"/><temp name="T1370"/><temp name="T1389"/><temp name="T1419"/><temp name="T1396"/><temp name="T1371"/><temp name="T1410"/><temp name="T1460"/></temps><temps name="out"><temp name="T1454"/><temp name="T348"/><temp name="T1465"/><temp name="T1375"/><temp name="T1431"/><temp name="T1456"/><temp name="T1393"/><temp name="T1364"/><temp name="T343"/><temp name="T1421"/><temp name="T1425"/><temp name="T1444"/><temp name="T1381"/><temp name="T18"/><temp name="T1366"/><temp name="T1402"/><temp name="T1386"/><temp name="T1448"/><temp name="T1415"/><temp name="T1370"/><temp name="T1389"/><temp name="T1419"/><temp name="T1396"/><temp name="T1410"/><temp name="T1460"/></temps></instruction><instruction code="CMP T1372, T343, T348"><temps name="use"><temp name="T343"/><temp name="T348"/></temps><temps name="def"><temp name="T1372"/></temps><temps name="in"><temp name="T1454"/><temp name="T348"/><temp name="T1465"/><temp name="T1375"/><temp name="T1431"/><temp name="T1456"/><temp name="T1393"/><temp name="T1364"/><temp name="T343"/><temp name="T1421"/><temp name="T1425"/><temp name="T1444"/><temp name="T1381"/><temp name="T18"/><temp name="T1366"/><temp name="T1402"/><temp name="T1386"/><temp name="T1448"/><temp name="T1415"/><temp name="T1370"/><temp name="T1389"/><temp name="T1419"/><temp name="T1396"/><temp name="T1410"/><temp name="T1460"/></temps><temps name="out"><temp name="T1454"/><temp name="T1372"/><temp name="T1465"/><temp name="T1375"/><temp name="T1431"/><temp name="T1456"/><temp name="T1393"/><temp name="T1364"/><temp name="T1421"/><temp name="T1425"/><temp name="T1444"/><temp name="T1381"/><temp name="T18"/><temp name="T1366"/><temp name="T1402"/><temp name="T1386"/><temp name="T1448"/><temp name="T1415"/><temp name="T1370"/><temp name="T1389"/><temp name="T1419"/><temp name="T1396"/><temp name="T1410"/><temp name="T1460"/></temps></instruction><instruction code="ZSN T1372, T1372, 1"><temps name="use"><temp name="T1372"/></temps><temps name="def"><temp name="T1372"/></temps><temps name="in"><temp name="T1454"/><temp name="T1372"/><temp name="T1465"/><temp name="T1375"/><temp name="T1431"/><temp name="T1456"/><temp name="T1393"/><temp name="T1364"/><temp name="T1421"/><temp name="T1425"/><temp name="T1444"/><temp name="T1381"/><temp name="T18"/><temp name="T1366"/><temp name="T1402"/><temp name="T1386"/><temp name="T1448"/><temp name="T1415"/><temp name="T1370"/><temp name="T1389"/><temp name="T1419"/><temp name="T1396"/><temp name="T1410"/><temp name="T1460"/></temps><temps name="out"><temp name="T1454"/><temp name="T1372"/><temp name="T1465"/><temp name="T1375"/><temp name="T1431"/><temp name="T1456"/><temp name="T1393"/><temp name="T1364"/><temp name="T1421"/><temp name="T1425"/><temp name="T1444"/><temp name="T1381"/><temp name="T18"/><temp name="T1366"/><temp name="T1402"/><temp name="T1386"/><temp name="T1448"/><temp name="T1415"/><temp name="T1370"/><temp name="T1389"/><temp name="T1419"/><temp name="T1396"/><temp name="T1410"/><temp name="T1460"/></temps></instruction><instruction code="OR T349, T1372, 0"><temps name="use"><temp name="T1372"/></temps><temps name="def"><temp name="T349"/></temps><temps name="in"><temp name="T1454"/><temp name="T1372"/><temp name="T1465"/><temp name="T1375"/><temp name="T1431"/><temp name="T1456"/><temp name="T1393"/><temp name="T1364"/><temp name="T1421"/><temp name="T1425"/><temp name="T1444"/><temp name="T1381"/><temp name="T18"/><temp name="T1366"/><temp name="T1402"/><temp name="T1386"/><temp name="T1448"/><temp name="T1415"/><temp name="T1370"/><temp name="T1389"/><temp name="T1419"/><temp name="T1396"/><temp name="T1410"/><temp name="T1460"/></temps><temps name="out"><temp name="T1454"/><temp name="T1465"/><temp name="T1375"/><temp name="T1431"/><temp name="T1456"/><temp name="T1393"/><temp name="T349"/><temp name="T1364"/><temp name="T1421"/><temp name="T1425"/><temp name="T1444"/><temp name="T1381"/><temp name="T18"/><temp name="T1366"/><temp name="T1402"/><temp name="T1386"/><temp name="T1448"/><temp name="T1415"/><temp name="T1370"/><temp name="T1389"/><temp name="T1419"/><temp name="T1396"/><temp name="T1410"/><temp name="T1460"/></temps></instruction><instruction code="BNZ T349, L39"><temps name="use"><temp name="T349"/></temps><temps name="def"/><temps name="in"><temp name="T1454"/><temp name="T1465"/><temp name="T1375"/><temp name="T1431"/><temp name="T1456"/><temp name="T1393"/><temp name="T349"/><temp name="T1364"/><temp name="T1421"/><temp name="T1425"/><temp name="T1444"/><temp name="T1381"/><temp name="T18"/><temp name="T1366"/><temp name="T1402"/><temp name="T1386"/><temp name="T1448"/><temp name="T1415"/><temp name="T1370"/><temp name="T1389"/><temp name="T1419"/><temp name="T1396"/><temp name="T1410"/><temp name="T1460"/></temps><temps name="out"><temp name="T1454"/><temp name="T1465"/><temp name="T1375"/><temp name="T1381"/><temp name="T18"/><temp name="T1431"/><temp name="T1366"/><temp name="T1402"/><temp name="T1456"/><temp name="T1393"/><temp name="T1386"/><temp name="T1448"/><temp name="T1415"/><temp name="T1364"/><temp name="T1370"/><temp name="T1389"/><temp name="T1421"/><temp name="T1419"/><temp name="T1425"/><temp name="T1396"/><temp name="T1410"/><temp name="T1460"/><temp name="T1444"/></temps></instruction><instruction code="L124"><temps name="use"/><temps name="def"/><temps name="in"><temp name="T1454"/><temp name="T1465"/><temp name="T1375"/><temp name="T1381"/><temp name="T18"/><temp name="T1431"/><temp name="T1366"/><temp name="T1402"/><temp name="T1456"/><temp name="T1393"/><temp name="T1386"/><temp name="T1448"/><temp name="T1415"/><temp name="T1364"/><temp name="T1370"/><temp name="T1389"/><temp name="T1421"/><temp name="T1419"/><temp name="T1425"/><temp name="T1396"/><temp name="T1410"/><temp name="T1460"/><temp name="T1444"/></temps><temps name="out"><temp name="T1454"/><temp name="T1465"/><temp name="T1375"/><temp name="T1381"/><temp name="T18"/><temp name="T1431"/><temp name="T1366"/><temp name="T1402"/><temp name="T1456"/><temp name="T1393"/><temp name="T1386"/><temp name="T1448"/><temp name="T1415"/><temp name="T1364"/><temp name="T1370"/><temp name="T1389"/><temp name="T1421"/><temp name="T1419"/><temp name="T1425"/><temp name="T1396"/><temp name="T1410"/><temp name="T1460"/><temp name="T1444"/></temps></instruction><instruction code="LDA T1373, L40"><temps name="use"/><temps name="def"><temp name="T1373"/></temps><temps name="in"><temp name="T1454"/><temp name="T1465"/><temp name="T1375"/><temp name="T1381"/><temp name="T18"/><temp name="T1431"/><temp name="T1366"/><temp name="T1402"/><temp name="T1456"/><temp name="T1393"/><temp name="T1386"/><temp name="T1448"/><temp name="T1415"/><temp name="T1364"/><temp name="T1370"/><temp name="T1389"/><temp name="T1421"/><temp name="T1419"/><temp name="T1425"/><temp name="T1396"/><temp name="T1410"/><temp name="T1460"/><temp name="T1444"/></temps><temps name="out"><temp name="T1454"/><temp name="T1465"/><temp name="T1375"/><temp name="T1431"/><temp name="T1456"/><temp name="T1393"/><temp name="T1364"/><temp name="T1421"/><temp name="T1425"/><temp name="T1373"/><temp name="T1444"/><temp name="T1381"/><temp name="T18"/><temp name="T1366"/><temp name="T1402"/><temp name="T1386"/><temp name="T1448"/><temp name="T1415"/><temp name="T1370"/><temp name="T1389"/><temp name="T1419"/><temp name="T1396"/><temp name="T1410"/><temp name="T1460"/></temps></instruction><instruction code="GO T1373, T1373, 0"><temps name="use"><temp name="T1373"/></temps><temps name="def"><temp name="T1373"/></temps><temps name="in"><temp name="T1454"/><temp name="T1465"/><temp name="T1375"/><temp name="T1431"/><temp name="T1456"/><temp name="T1393"/><temp name="T1364"/><temp name="T1421"/><temp name="T1425"/><temp name="T1373"/><temp name="T1444"/><temp name="T1381"/><temp name="T18"/><temp name="T1366"/><temp name="T1402"/><temp name="T1386"/><temp name="T1448"/><temp name="T1415"/><temp name="T1370"/><temp name="T1389"/><temp name="T1419"/><temp name="T1396"/><temp name="T1410"/><temp name="T1460"/></temps><temps name="out"><temp name="T1454"/><temp name="T1465"/><temp name="T1375"/><temp name="T1381"/><temp name="T18"/><temp name="T1431"/><temp name="T1366"/><temp name="T1402"/><temp name="T1456"/><temp name="T1393"/><temp name="T1386"/><temp name="T1448"/><temp name="T1415"/><temp name="T1364"/><temp name="T1370"/><temp name="T1389"/><temp name="T1421"/><temp name="T1419"/><temp name="T1425"/><temp name="T1396"/><temp name="T1410"/><temp name="T1460"/><temp name="T1444"/></temps></instruction><instruction code="L39"><temps name="use"/><temps name="def"/><temps name="in"><temp name="T1454"/><temp name="T1465"/><temp name="T1375"/><temp name="T1381"/><temp name="T18"/><temp name="T1366"/><temp name="T1431"/><temp name="T1402"/><temp name="T1456"/><temp name="T1393"/><temp name="T1386"/><temp name="T1448"/><temp name="T1364"/><temp name="T1370"/><temp name="T1415"/><temp name="T1389"/><temp name="T1421"/><temp name="T1419"/><temp name="T1425"/><temp name="T1396"/><temp name="T1410"/><temp name="T1460"/><temp name="T1444"/></temps><temps name="out"><temp name="T1454"/><temp name="T1465"/><temp name="T1375"/><temp name="T1381"/><temp name="T18"/><temp name="T1366"/><temp name="T1431"/><temp name="T1402"/><temp name="T1456"/><temp name="T1393"/><temp name="T1386"/><temp name="T1448"/><temp name="T1364"/><temp name="T1370"/><temp name="T1415"/><temp name="T1389"/><temp name="T1421"/><temp name="T1419"/><temp name="T1425"/><temp name="T1396"/><temp name="T1410"/><temp name="T1460"/><temp name="T1444"/></temps></instruction><instruction code="SETL  T1374, 0"><temps name="use"/><temps name="def"><temp name="T1374"/></temps><temps name="in"><temp name="T1454"/><temp name="T1465"/><temp name="T1375"/><temp name="T1381"/><temp name="T18"/><temp name="T1366"/><temp name="T1431"/><temp name="T1402"/><temp name="T1456"/><temp name="T1393"/><temp name="T1386"/><temp name="T1448"/><temp name="T1364"/><temp name="T1370"/><temp name="T1415"/><temp name="T1389"/><temp name="T1421"/><temp name="T1419"/><temp name="T1425"/><temp name="T1396"/><temp name="T1410"/><temp name="T1460"/><temp name="T1444"/></temps><temps name="out"><temp name="T1454"/><temp name="T1465"/><temp name="T1375"/><temp name="T1381"/><temp name="T18"/><temp name="T1366"/><temp name="T1431"/><temp name="T1402"/><temp name="T1456"/><temp name="T1393"/><temp name="T1386"/><temp name="T1448"/><temp name="T1364"/><temp name="T1370"/><temp name="T1415"/><temp name="T1389"/><temp name="T1421"/><temp name="T1419"/><temp name="T1425"/><temp name="T1396"/><temp name="T1410"/><temp name="T1460"/><temp name="T1444"/></temps></instruction><instruction code="INCML T1374, 0"><temps name="use"/><temps name="def"><temp name="T1374"/></temps><temps name="in"><temp name="T1454"/><temp name="T1465"/><temp name="T1375"/><temp name="T1381"/><temp name="T18"/><temp name="T1366"/><temp name="T1431"/><temp name="T1402"/><temp name="T1456"/><temp name="T1393"/><temp name="T1386"/><temp name="T1448"/><temp name="T1364"/><temp name="T1370"/><temp name="T1415"/><temp name="T1389"/><temp name="T1421"/><temp name="T1419"/><temp name="T1425"/><temp name="T1396"/><temp name="T1410"/><temp name="T1460"/><temp name="T1444"/></temps><temps name="out"><temp name="T1454"/><temp name="T1465"/><temp name="T1375"/><temp name="T1381"/><temp name="T18"/><temp name="T1366"/><temp name="T1431"/><temp name="T1402"/><temp name="T1456"/><temp name="T1393"/><temp name="T1386"/><temp name="T1448"/><temp name="T1364"/><temp name="T1370"/><temp name="T1415"/><temp name="T1389"/><temp name="T1421"/><temp name="T1419"/><temp name="T1425"/><temp name="T1396"/><temp name="T1410"/><temp name="T1460"/><temp name="T1444"/></temps></instruction><instruction code="INCMH T1374, 0"><temps name="use"/><temps name="def"><temp name="T1374"/></temps><temps name="in"><temp name="T1454"/><temp name="T1465"/><temp name="T1375"/><temp name="T1381"/><temp name="T18"/><temp name="T1366"/><temp name="T1431"/><temp name="T1402"/><temp name="T1456"/><temp name="T1393"/><temp name="T1386"/><temp name="T1448"/><temp name="T1364"/><temp name="T1370"/><temp name="T1415"/><temp name="T1389"/><temp name="T1421"/><temp name="T1419"/><temp name="T1425"/><temp name="T1396"/><temp name="T1410"/><temp name="T1460"/><temp name="T1444"/></temps><temps name="out"><temp name="T1454"/><temp name="T1465"/><temp name="T1375"/><temp name="T1381"/><temp name="T18"/><temp name="T1366"/><temp name="T1431"/><temp name="T1402"/><temp name="T1456"/><temp name="T1393"/><temp name="T1386"/><temp name="T1448"/><temp name="T1364"/><temp name="T1370"/><temp name="T1415"/><temp name="T1389"/><temp name="T1421"/><temp name="T1419"/><temp name="T1425"/><temp name="T1396"/><temp name="T1410"/><temp name="T1460"/><temp name="T1444"/></temps></instruction><instruction code="INCH  T1374, 0"><temps name="use"/><temps name="def"><temp name="T1374"/></temps><temps name="in"><temp name="T1454"/><temp name="T1465"/><temp name="T1375"/><temp name="T1381"/><temp name="T18"/><temp name="T1366"/><temp name="T1431"/><temp name="T1402"/><temp name="T1456"/><temp name="T1393"/><temp name="T1386"/><temp name="T1448"/><temp name="T1364"/><temp name="T1370"/><temp name="T1415"/><temp name="T1389"/><temp name="T1421"/><temp name="T1419"/><temp name="T1425"/><temp name="T1396"/><temp name="T1410"/><temp name="T1460"/><temp name="T1444"/></temps><temps name="out"><temp name="T1454"/><temp name="T1465"/><temp name="T1375"/><temp name="T1431"/><temp name="T1456"/><temp name="T1393"/><temp name="T1364"/><temp name="T1421"/><temp name="T1425"/><temp name="T1444"/><temp name="T1374"/><temp name="T1381"/><temp name="T18"/><temp name="T1366"/><temp name="T1402"/><temp name="T1386"/><temp name="T1448"/><temp name="T1370"/><temp name="T1415"/><temp name="T1389"/><temp name="T1419"/><temp name="T1396"/><temp name="T1410"/><temp name="T1460"/></temps></instruction><instruction code="OR T350, T1374, 0"><temps name="use"><temp name="T1374"/></temps><temps name="def"><temp name="T350"/></temps><temps name="in"><temp name="T1454"/><temp name="T1465"/><temp name="T1375"/><temp name="T1431"/><temp name="T1456"/><temp name="T1393"/><temp name="T1364"/><temp name="T1421"/><temp name="T1425"/><temp name="T1444"/><temp name="T1374"/><temp name="T1381"/><temp name="T18"/><temp name="T1366"/><temp name="T1402"/><temp name="T1386"/><temp name="T1448"/><temp name="T1370"/><temp name="T1415"/><temp name="T1389"/><temp name="T1419"/><temp name="T1396"/><temp name="T1410"/><temp name="T1460"/></temps><temps name="out"><temp name="T1454"/><temp name="T1465"/><temp name="T1375"/><temp name="T350"/><temp name="T1431"/><temp name="T1456"/><temp name="T1393"/><temp name="T1364"/><temp name="T1421"/><temp name="T1425"/><temp name="T1444"/><temp name="T1381"/><temp name="T18"/><temp name="T1366"/><temp name="T1402"/><temp name="T1386"/><temp name="T1448"/><temp name="T1370"/><temp name="T1415"/><temp name="T1389"/><temp name="T1419"/><temp name="T1396"/><temp name="T1410"/><temp name="T1460"/></temps></instruction><instruction code="OR T351, T18, 0"><temps name="use"><temp name="T18"/></temps><temps name="def"><temp name="T351"/></temps><temps name="in"><temp name="T1454"/><temp name="T1465"/><temp name="T1375"/><temp name="T350"/><temp name="T1431"/><temp name="T1456"/><temp name="T1393"/><temp name="T1364"/><temp name="T1421"/><temp name="T1425"/><temp name="T1444"/><temp name="T1381"/><temp name="T18"/><temp name="T1366"/><temp name="T1402"/><temp name="T1386"/><temp name="T1448"/><temp name="T1370"/><temp name="T1415"/><temp name="T1389"/><temp name="T1419"/><temp name="T1396"/><temp name="T1410"/><temp name="T1460"/></temps><temps name="out"><temp name="T1454"/><temp name="T1465"/><temp name="T1375"/><temp name="T350"/><temp name="T1431"/><temp name="T1456"/><temp name="T1393"/><temp name="T1364"/><temp name="T1421"/><temp name="T1425"/><temp name="T1444"/><temp name="T1381"/><temp name="T18"/><temp name="T1366"/><temp name="T1402"/><temp name="T1386"/><temp name="T1448"/><temp name="T1370"/><temp name="T1415"/><temp name="T1389"/><temp name="T1419"/><temp name="T1396"/><temp name="T1410"/><temp name="T1460"/></temps></instruction><instruction code="LDO T1376, T1375, 0"><temps name="use"><temp name="T1375"/></temps><temps name="def"><temp name="T1376"/></temps><temps name="in"><temp name="T1454"/><temp name="T1465"/><temp name="T1375"/><temp name="T350"/><temp name="T1431"/><temp name="T1456"/><temp name="T1393"/><temp name="T1364"/><temp name="T1421"/><temp name="T1425"/><temp name="T1444"/><temp name="T1381"/><temp name="T18"/><temp name="T1366"/><temp name="T1402"/><temp name="T1386"/><temp name="T1448"/><temp name="T1370"/><temp name="T1415"/><temp name="T1389"/><temp name="T1419"/><temp name="T1396"/><temp name="T1410"/><temp name="T1460"/></temps><temps name="out"><temp name="T1454"/><temp name="T1465"/><temp name="T1375"/><temp name="T350"/><temp name="T1431"/><temp name="T1456"/><temp name="T1376"/><temp name="T1393"/><temp name="T1364"/><temp name="T1421"/><temp name="T1425"/><temp name="T1444"/><temp name="T1381"/><temp name="T18"/><temp name="T1366"/><temp name="T1402"/><temp name="T1386"/><temp name="T1448"/><temp name="T1370"/><temp name="T1415"/><temp name="T1389"/><temp name="T1419"/><temp name="T1396"/><temp name="T1410"/><temp name="T1460"/></temps></instruction><instruction code="OR T352, T1376, 0"><temps name="use"><temp name="T1376"/></temps><temps name="def"><temp name="T352"/></temps><temps name="in"><temp name="T1454"/><temp name="T1465"/><temp name="T1375"/><temp name="T350"/><temp name="T1431"/><temp name="T1456"/><temp name="T1376"/><temp name="T1393"/><temp name="T1364"/><temp name="T1421"/><temp name="T1425"/><temp name="T1444"/><temp name="T1381"/><temp name="T18"/><temp name="T1366"/><temp name="T1402"/><temp name="T1386"/><temp name="T1448"/><temp name="T1370"/><temp name="T1415"/><temp name="T1389"/><temp name="T1419"/><temp name="T1396"/><temp name="T1410"/><temp name="T1460"/></temps><temps name="out"><temp name="T352"/><temp name="T1454"/><temp name="T1465"/><temp name="T1375"/><temp name="T350"/><temp name="T1431"/><temp name="T1456"/><temp name="T1393"/><temp name="T1364"/><temp name="T1421"/><temp name="T1425"/><temp name="T1444"/><temp name="T1381"/><temp name="T18"/><temp name="T1366"/><temp name="T1402"/><temp name="T1386"/><temp name="T1448"/><temp name="T1370"/><temp name="T1415"/><temp name="T1389"/><temp name="T1419"/><temp name="T1396"/><temp name="T1410"/><temp name="T1460"/></temps></instruction><instruction code="SETL  T1377, 800"><temps name="use"/><temps name="def"><temp name="T1377"/></temps><temps name="in"><temp name="T352"/><temp name="T1454"/><temp name="T1465"/><temp name="T1375"/><temp name="T350"/><temp name="T1431"/><temp name="T1456"/><temp name="T1393"/><temp name="T1364"/><temp name="T1421"/><temp name="T1425"/><temp name="T1444"/><temp name="T1381"/><temp name="T18"/><temp name="T1366"/><temp name="T1402"/><temp name="T1386"/><temp name="T1448"/><temp name="T1370"/><temp name="T1415"/><temp name="T1389"/><temp name="T1419"/><temp name="T1396"/><temp name="T1410"/><temp name="T1460"/></temps><temps name="out"><temp name="T352"/><temp name="T1454"/><temp name="T1465"/><temp name="T1375"/><temp name="T350"/><temp name="T1431"/><temp name="T1456"/><temp name="T1393"/><temp name="T1364"/><temp name="T1421"/><temp name="T1425"/><temp name="T1444"/><temp name="T1381"/><temp name="T18"/><temp name="T1366"/><temp name="T1402"/><temp name="T1386"/><temp name="T1448"/><temp name="T1370"/><temp name="T1415"/><temp name="T1389"/><temp name="T1419"/><temp name="T1396"/><temp name="T1410"/><temp name="T1460"/></temps></instruction><instruction code="INCML T1377, 0"><temps name="use"/><temps name="def"><temp name="T1377"/></temps><temps name="in"><temp name="T352"/><temp name="T1454"/><temp name="T1465"/><temp name="T1375"/><temp name="T350"/><temp name="T1431"/><temp name="T1456"/><temp name="T1393"/><temp name="T1364"/><temp name="T1421"/><temp name="T1425"/><temp name="T1444"/><temp name="T1381"/><temp name="T18"/><temp name="T1366"/><temp name="T1402"/><temp name="T1386"/><temp name="T1448"/><temp name="T1370"/><temp name="T1415"/><temp name="T1389"/><temp name="T1419"/><temp name="T1396"/><temp name="T1410"/><temp name="T1460"/></temps><temps name="out"><temp name="T352"/><temp name="T1454"/><temp name="T1465"/><temp name="T1375"/><temp name="T350"/><temp name="T1431"/><temp name="T1456"/><temp name="T1393"/><temp name="T1364"/><temp name="T1421"/><temp name="T1425"/><temp name="T1444"/><temp name="T1381"/><temp name="T18"/><temp name="T1366"/><temp name="T1402"/><temp name="T1386"/><temp name="T1448"/><temp name="T1370"/><temp name="T1415"/><temp name="T1389"/><temp name="T1419"/><temp name="T1396"/><temp name="T1410"/><temp name="T1460"/></temps></instruction><instruction code="INCMH T1377, 0"><temps name="use"/><temps name="def"><temp name="T1377"/></temps><temps name="in"><temp name="T352"/><temp name="T1454"/><temp name="T1465"/><temp name="T1375"/><temp name="T350"/><temp name="T1431"/><temp name="T1456"/><temp name="T1393"/><temp name="T1364"/><temp name="T1421"/><temp name="T1425"/><temp name="T1444"/><temp name="T1381"/><temp name="T18"/><temp name="T1366"/><temp name="T1402"/><temp name="T1386"/><temp name="T1448"/><temp name="T1370"/><temp name="T1415"/><temp name="T1389"/><temp name="T1419"/><temp name="T1396"/><temp name="T1410"/><temp name="T1460"/></temps><temps name="out"><temp name="T352"/><temp name="T1454"/><temp name="T1465"/><temp name="T1375"/><temp name="T350"/><temp name="T1431"/><temp name="T1456"/><temp name="T1393"/><temp name="T1364"/><temp name="T1421"/><temp name="T1425"/><temp name="T1444"/><temp name="T1381"/><temp name="T18"/><temp name="T1366"/><temp name="T1402"/><temp name="T1386"/><temp name="T1448"/><temp name="T1370"/><temp name="T1415"/><temp name="T1389"/><temp name="T1419"/><temp name="T1396"/><temp name="T1410"/><temp name="T1460"/></temps></instruction><instruction code="INCH  T1377, 0"><temps name="use"/><temps name="def"><temp name="T1377"/></temps><temps name="in"><temp name="T352"/><temp name="T1454"/><temp name="T1465"/><temp name="T1375"/><temp name="T350"/><temp name="T1431"/><temp name="T1456"/><temp name="T1393"/><temp name="T1364"/><temp name="T1421"/><temp name="T1425"/><temp name="T1444"/><temp name="T1381"/><temp name="T18"/><temp name="T1366"/><temp name="T1402"/><temp name="T1386"/><temp name="T1448"/><temp name="T1370"/><temp name="T1415"/><temp name="T1389"/><temp name="T1419"/><temp name="T1396"/><temp name="T1410"/><temp name="T1460"/></temps><temps name="out"><temp name="T352"/><temp name="T1454"/><temp name="T1465"/><temp name="T1375"/><temp name="T350"/><temp name="T1431"/><temp name="T1456"/><temp name="T1393"/><temp name="T1364"/><temp name="T1421"/><temp name="T1425"/><temp name="T1444"/><temp name="T1381"/><temp name="T18"/><temp name="T1366"/><temp name="T1402"/><temp name="T1377"/><temp name="T1386"/><temp name="T1448"/><temp name="T1370"/><temp name="T1415"/><temp name="T1389"/><temp name="T1419"/><temp name="T1396"/><temp name="T1410"/><temp name="T1460"/></temps></instruction><instruction code="NEG T1377, 0, T1377"><temps name="use"><temp name="T1377"/></temps><temps name="def"><temp name="T1377"/></temps><temps name="in"><temp name="T352"/><temp name="T1454"/><temp name="T1465"/><temp name="T1375"/><temp name="T350"/><temp name="T1431"/><temp name="T1456"/><temp name="T1393"/><temp name="T1364"/><temp name="T1421"/><temp name="T1425"/><temp name="T1444"/><temp name="T1381"/><temp name="T18"/><temp name="T1366"/><temp name="T1402"/><temp name="T1377"/><temp name="T1386"/><temp name="T1448"/><temp name="T1370"/><temp name="T1415"/><temp name="T1389"/><temp name="T1419"/><temp name="T1396"/><temp name="T1410"/><temp name="T1460"/></temps><temps name="out"><temp name="T352"/><temp name="T1454"/><temp name="T1465"/><temp name="T1375"/><temp name="T350"/><temp name="T1431"/><temp name="T1456"/><temp name="T1393"/><temp name="T1364"/><temp name="T1421"/><temp name="T1425"/><temp name="T1444"/><temp name="T1381"/><temp name="T18"/><temp name="T1366"/><temp name="T1402"/><temp name="T1377"/><temp name="T1386"/><temp name="T1448"/><temp name="T1370"/><temp name="T1415"/><temp name="T1389"/><temp name="T1419"/><temp name="T1396"/><temp name="T1410"/><temp name="T1460"/></temps></instruction><instruction code="OR T353, T1377, 0"><temps name="use"><temp name="T1377"/></temps><temps name="def"><temp name="T353"/></temps><temps name="in"><temp name="T352"/><temp name="T1454"/><temp name="T1465"/><temp name="T1375"/><temp name="T350"/><temp name="T1431"/><temp name="T1456"/><temp name="T1393"/><temp name="T1364"/><temp name="T1421"/><temp name="T1425"/><temp name="T1444"/><temp name="T1381"/><temp name="T18"/><temp name="T1366"/><temp name="T1402"/><temp name="T1377"/><temp name="T1386"/><temp name="T1448"/><temp name="T1370"/><temp name="T1415"/><temp name="T1389"/><temp name="T1419"/><temp name="T1396"/><temp name="T1410"/><temp name="T1460"/></temps><temps name="out"><temp name="T352"/><temp name="T1454"/><temp name="T1465"/><temp name="T1375"/><temp name="T350"/><temp name="T1431"/><temp name="T1456"/><temp name="T1393"/><temp name="T1364"/><temp name="T1421"/><temp name="T1425"/><temp name="T1444"/><temp name="T1381"/><temp name="T18"/><temp name="T1366"/><temp name="T353"/><temp name="T1402"/><temp name="T1386"/><temp name="T1448"/><temp name="T1370"/><temp name="T1415"/><temp name="T1389"/><temp name="T1419"/><temp name="T1396"/><temp name="T1410"/><temp name="T1460"/></temps></instruction><instruction code="ADD T1378, T352, T353"><temps name="use"><temp name="T352"/><temp name="T353"/></temps><temps name="def"><temp name="T1378"/></temps><temps name="in"><temp name="T352"/><temp name="T1454"/><temp name="T1465"/><temp name="T1375"/><temp name="T350"/><temp name="T1431"/><temp name="T1456"/><temp name="T1393"/><temp name="T1364"/><temp name="T1421"/><temp name="T1425"/><temp name="T1444"/><temp name="T1381"/><temp name="T18"/><temp name="T1366"/><temp name="T353"/><temp name="T1402"/><temp name="T1386"/><temp name="T1448"/><temp name="T1370"/><temp name="T1415"/><temp name="T1389"/><temp name="T1419"/><temp name="T1396"/><temp name="T1410"/><temp name="T1460"/></temps><temps name="out"><temp name="T1454"/><temp name="T1465"/><temp name="T1375"/><temp name="T350"/><temp name="T1431"/><temp name="T1456"/><temp name="T1393"/><temp name="T1364"/><temp name="T1421"/><temp name="T1425"/><temp name="T1444"/><temp name="T1381"/><temp name="T18"/><temp name="T1366"/><temp name="T1402"/><temp name="T1386"/><temp name="T1448"/><temp name="T1370"/><temp name="T1415"/><temp name="T1389"/><temp name="T1419"/><temp name="T1378"/><temp name="T1396"/><temp name="T1410"/><temp name="T1460"/></temps></instruction><instruction code="OR T354, T1378, 0"><temps name="use"><temp name="T1378"/></temps><temps name="def"><temp name="T354"/></temps><temps name="in"><temp name="T1454"/><temp name="T1465"/><temp name="T1375"/><temp name="T350"/><temp name="T1431"/><temp name="T1456"/><temp name="T1393"/><temp name="T1364"/><temp name="T1421"/><temp name="T1425"/><temp name="T1444"/><temp name="T1381"/><temp name="T18"/><temp name="T1366"/><temp name="T1402"/><temp name="T1386"/><temp name="T1448"/><temp name="T1370"/><temp name="T1415"/><temp name="T1389"/><temp name="T1419"/><temp name="T1378"/><temp name="T1396"/><temp name="T1410"/><temp name="T1460"/></temps><temps name="out"><temp name="T1454"/><temp name="T1465"/><temp name="T1375"/><temp name="T350"/><temp name="T1431"/><temp name="T1456"/><temp name="T1393"/><temp name="T1364"/><temp name="T1421"/><temp name="T1425"/><temp name="T354"/><temp name="T1444"/><temp name="T1381"/><temp name="T18"/><temp name="T1366"/><temp name="T1402"/><temp name="T1386"/><temp name="T1448"/><temp name="T1370"/><temp name="T1415"/><temp name="T1389"/><temp name="T1419"/><temp name="T1396"/><temp name="T1410"/><temp name="T1460"/></temps></instruction><instruction code="OR T355, T18, 0"><temps name="use"><temp name="T18"/></temps><temps name="def"><temp name="T355"/></temps><temps name="in"><temp name="T1454"/><temp name="T1465"/><temp name="T1375"/><temp name="T350"/><temp name="T1431"/><temp name="T1456"/><temp name="T1393"/><temp name="T1364"/><temp name="T1421"/><temp name="T1425"/><temp name="T354"/><temp name="T1444"/><temp name="T1381"/><temp name="T18"/><temp name="T1366"/><temp name="T1402"/><temp name="T1386"/><temp name="T1448"/><temp name="T1370"/><temp name="T1415"/><temp name="T1389"/><temp name="T1419"/><temp name="T1396"/><temp name="T1410"/><temp name="T1460"/></temps><temps name="out"><temp name="T1454"/><temp name="T1465"/><temp name="T1375"/><temp name="T350"/><temp name="T1431"/><temp name="T1456"/><temp name="T1393"/><temp name="T1364"/><temp name="T1421"/><temp name="T1425"/><temp name="T354"/><temp name="T1444"/><temp name="T1381"/><temp name="T18"/><temp name="T1366"/><temp name="T1402"/><temp name="T1386"/><temp name="T1448"/><temp name="T1370"/><temp name="T1415"/><temp name="T1389"/><temp name="T1419"/><temp name="T355"/><temp name="T1396"/><temp name="T1410"/><temp name="T1460"/></temps></instruction><instruction code="SETL  T1379, 8"><temps name="use"/><temps name="def"><temp name="T1379"/></temps><temps name="in"><temp name="T1454"/><temp name="T1465"/><temp name="T1375"/><temp name="T350"/><temp name="T1431"/><temp name="T1456"/><temp name="T1393"/><temp name="T1364"/><temp name="T1421"/><temp name="T1425"/><temp name="T354"/><temp name="T1444"/><temp name="T1381"/><temp name="T18"/><temp name="T1366"/><temp name="T1402"/><temp name="T1386"/><temp name="T1448"/><temp name="T1370"/><temp name="T1415"/><temp name="T1389"/><temp name="T1419"/><temp name="T355"/><temp name="T1396"/><temp name="T1410"/><temp name="T1460"/></temps><temps name="out"><temp name="T1454"/><temp name="T1465"/><temp name="T1375"/><temp name="T350"/><temp name="T1431"/><temp name="T1456"/><temp name="T1393"/><temp name="T1364"/><temp name="T1421"/><temp name="T1425"/><temp name="T354"/><temp name="T1444"/><temp name="T1381"/><temp name="T18"/><temp name="T1366"/><temp name="T1402"/><temp name="T1386"/><temp name="T1448"/><temp name="T1370"/><temp name="T1415"/><temp name="T1389"/><temp name="T1419"/><temp name="T355"/><temp name="T1396"/><temp name="T1410"/><temp name="T1460"/></temps></instruction><instruction code="INCML T1379, 0"><temps name="use"/><temps name="def"><temp name="T1379"/></temps><temps name="in"><temp name="T1454"/><temp name="T1465"/><temp name="T1375"/><temp name="T350"/><temp name="T1431"/><temp name="T1456"/><temp name="T1393"/><temp name="T1364"/><temp name="T1421"/><temp name="T1425"/><temp name="T354"/><temp name="T1444"/><temp name="T1381"/><temp name="T18"/><temp name="T1366"/><temp name="T1402"/><temp name="T1386"/><temp name="T1448"/><temp name="T1370"/><temp name="T1415"/><temp name="T1389"/><temp name="T1419"/><temp name="T355"/><temp name="T1396"/><temp name="T1410"/><temp name="T1460"/></temps><temps name="out"><temp name="T1454"/><temp name="T1465"/><temp name="T1375"/><temp name="T350"/><temp name="T1431"/><temp name="T1456"/><temp name="T1393"/><temp name="T1364"/><temp name="T1421"/><temp name="T1425"/><temp name="T354"/><temp name="T1444"/><temp name="T1381"/><temp name="T18"/><temp name="T1366"/><temp name="T1402"/><temp name="T1386"/><temp name="T1448"/><temp name="T1370"/><temp name="T1415"/><temp name="T1389"/><temp name="T1419"/><temp name="T355"/><temp name="T1396"/><temp name="T1410"/><temp name="T1460"/></temps></instruction><instruction code="INCMH T1379, 0"><temps name="use"/><temps name="def"><temp name="T1379"/></temps><temps name="in"><temp name="T1454"/><temp name="T1465"/><temp name="T1375"/><temp name="T350"/><temp name="T1431"/><temp name="T1456"/><temp name="T1393"/><temp name="T1364"/><temp name="T1421"/><temp name="T1425"/><temp name="T354"/><temp name="T1444"/><temp name="T1381"/><temp name="T18"/><temp name="T1366"/><temp name="T1402"/><temp name="T1386"/><temp name="T1448"/><temp name="T1370"/><temp name="T1415"/><temp name="T1389"/><temp name="T1419"/><temp name="T355"/><temp name="T1396"/><temp name="T1410"/><temp name="T1460"/></temps><temps name="out"><temp name="T1454"/><temp name="T1465"/><temp name="T1375"/><temp name="T350"/><temp name="T1431"/><temp name="T1456"/><temp name="T1393"/><temp name="T1364"/><temp name="T1421"/><temp name="T1425"/><temp name="T354"/><temp name="T1444"/><temp name="T1381"/><temp name="T18"/><temp name="T1366"/><temp name="T1402"/><temp name="T1386"/><temp name="T1448"/><temp name="T1370"/><temp name="T1415"/><temp name="T1389"/><temp name="T1419"/><temp name="T355"/><temp name="T1396"/><temp name="T1410"/><temp name="T1460"/></temps></instruction><instruction code="INCH  T1379, 0"><temps name="use"/><temps name="def"><temp name="T1379"/></temps><temps name="in"><temp name="T1454"/><temp name="T1465"/><temp name="T1375"/><temp name="T350"/><temp name="T1431"/><temp name="T1456"/><temp name="T1393"/><temp name="T1364"/><temp name="T1421"/><temp name="T1425"/><temp name="T354"/><temp name="T1444"/><temp name="T1381"/><temp name="T18"/><temp name="T1366"/><temp name="T1402"/><temp name="T1386"/><temp name="T1448"/><temp name="T1370"/><temp name="T1415"/><temp name="T1389"/><temp name="T1419"/><temp name="T355"/><temp name="T1396"/><temp name="T1410"/><temp name="T1460"/></temps><temps name="out"><temp name="T1454"/><temp name="T1465"/><temp name="T1375"/><temp name="T350"/><temp name="T1431"/><temp name="T1456"/><temp name="T1393"/><temp name="T1364"/><temp name="T1421"/><temp name="T1425"/><temp name="T354"/><temp name="T1444"/><temp name="T1381"/><temp name="T18"/><temp name="T1366"/><temp name="T1402"/><temp name="T1379"/><temp name="T1386"/><temp name="T1448"/><temp name="T1370"/><temp name="T1415"/><temp name="T1389"/><temp name="T1419"/><temp name="T355"/><temp name="T1396"/><temp name="T1410"/><temp name="T1460"/></temps></instruction><instruction code="NEG T1379, 0, T1379"><temps name="use"><temp name="T1379"/></temps><temps name="def"><temp name="T1379"/></temps><temps name="in"><temp name="T1454"/><temp name="T1465"/><temp name="T1375"/><temp name="T350"/><temp name="T1431"/><temp name="T1456"/><temp name="T1393"/><temp name="T1364"/><temp name="T1421"/><temp name="T1425"/><temp name="T354"/><temp name="T1444"/><temp name="T1381"/><temp name="T18"/><temp name="T1366"/><temp name="T1402"/><temp name="T1379"/><temp name="T1386"/><temp name="T1448"/><temp name="T1370"/><temp name="T1415"/><temp name="T1389"/><temp name="T1419"/><temp name="T355"/><temp name="T1396"/><temp name="T1410"/><temp name="T1460"/></temps><temps name="out"><temp name="T1454"/><temp name="T1465"/><temp name="T1375"/><temp name="T350"/><temp name="T1431"/><temp name="T1456"/><temp name="T1393"/><temp name="T1364"/><temp name="T1421"/><temp name="T1425"/><temp name="T354"/><temp name="T1444"/><temp name="T1381"/><temp name="T18"/><temp name="T1366"/><temp name="T1402"/><temp name="T1379"/><temp name="T1386"/><temp name="T1448"/><temp name="T1370"/><temp name="T1415"/><temp name="T1389"/><temp name="T1419"/><temp name="T355"/><temp name="T1396"/><temp name="T1410"/><temp name="T1460"/></temps></instruction><instruction code="OR T356, T1379, 0"><temps name="use"><temp name="T1379"/></temps><temps name="def"><temp name="T356"/></temps><temps name="in"><temp name="T1454"/><temp name="T1465"/><temp name="T1375"/><temp name="T350"/><temp name="T1431"/><temp name="T1456"/><temp name="T1393"/><temp name="T1364"/><temp name="T1421"/><temp name="T1425"/><temp name="T354"/><temp name="T1444"/><temp name="T1381"/><temp name="T18"/><temp name="T1366"/><temp name="T1402"/><temp name="T1379"/><temp name="T1386"/><temp name="T1448"/><temp name="T1370"/><temp name="T1415"/><temp name="T1389"/><temp name="T1419"/><temp name="T355"/><temp name="T1396"/><temp name="T1410"/><temp name="T1460"/></temps><temps name="out"><temp name="T1454"/><temp name="T1465"/><temp name="T1375"/><temp name="T350"/><temp name="T1431"/><temp name="T1456"/><temp name="T1393"/><temp name="T1364"/><temp name="T1421"/><temp name="T1425"/><temp name="T354"/><temp name="T1444"/><temp name="T1381"/><temp name="T18"/><temp name="T1366"/><temp name="T1402"/><temp name="T356"/><temp name="T1386"/><temp name="T1448"/><temp name="T1370"/><temp name="T1415"/><temp name="T1389"/><temp name="T1419"/><temp name="T355"/><temp name="T1396"/><temp name="T1410"/><temp name="T1460"/></temps></instruction><instruction code="ADD T1380, T355, T356"><temps name="use"><temp name="T355"/><temp name="T356"/></temps><temps name="def"><temp name="T1380"/></temps><temps name="in"><temp name="T1454"/><temp name="T1465"/><temp name="T1375"/><temp name="T350"/><temp name="T1431"/><temp name="T1456"/><temp name="T1393"/><temp name="T1364"/><temp name="T1421"/><temp name="T1425"/><temp name="T354"/><temp name="T1444"/><temp name="T1381"/><temp name="T18"/><temp name="T1366"/><temp name="T1402"/><temp name="T356"/><temp name="T1386"/><temp name="T1448"/><temp name="T1370"/><temp name="T1415"/><temp name="T1389"/><temp name="T1419"/><temp name="T355"/><temp name="T1396"/><temp name="T1410"/><temp name="T1460"/></temps><temps name="out"><temp name="T1454"/><temp name="T1465"/><temp name="T1375"/><temp name="T350"/><temp name="T1431"/><temp name="T1456"/><temp name="T1393"/><temp name="T1364"/><temp name="T1421"/><temp name="T1425"/><temp name="T354"/><temp name="T1444"/><temp name="T1381"/><temp name="T18"/><temp name="T1366"/><temp name="T1402"/><temp name="T1380"/><temp name="T1386"/><temp name="T1448"/><temp name="T1370"/><temp name="T1415"/><temp name="T1389"/><temp name="T1419"/><temp name="T1396"/><temp name="T1410"/><temp name="T1460"/></temps></instruction><instruction code="OR T357, T1380, 0"><temps name="use"><temp name="T1380"/></temps><temps name="def"><temp name="T357"/></temps><temps name="in"><temp name="T1454"/><temp name="T1465"/><temp name="T1375"/><temp name="T350"/><temp name="T1431"/><temp name="T1456"/><temp name="T1393"/><temp name="T1364"/><temp name="T1421"/><temp name="T1425"/><temp name="T354"/><temp name="T1444"/><temp name="T1381"/><temp name="T18"/><temp name="T1366"/><temp name="T1402"/><temp name="T1380"/><temp name="T1386"/><temp name="T1448"/><temp name="T1370"/><temp name="T1415"/><temp name="T1389"/><temp name="T1419"/><temp name="T1396"/><temp name="T1410"/><temp name="T1460"/></temps><temps name="out"><temp name="T1454"/><temp name="T1465"/><temp name="T1375"/><temp name="T350"/><temp name="T1431"/><temp name="T1456"/><temp name="T1393"/><temp name="T1364"/><temp name="T1421"/><temp name="T1425"/><temp name="T354"/><temp name="T1444"/><temp name="T1381"/><temp name="T18"/><temp name="T1366"/><temp name="T1402"/><temp name="T1386"/><temp name="T1448"/><temp name="T1370"/><temp name="T1415"/><temp name="T1389"/><temp name="T1419"/><temp name="T1396"/><temp name="T1410"/><temp name="T1460"/></temps></instruction><instruction code="LDO T1382, T1381, 0"><temps name="use"><temp name="T1381"/></temps><temps name="def"><temp name="T1382"/></temps><temps name="in"><temp name="T1454"/><temp name="T1465"/><temp name="T1375"/><temp name="T350"/><temp name="T1431"/><temp name="T1456"/><temp name="T1393"/><temp name="T1364"/><temp name="T1421"/><temp name="T1425"/><temp name="T354"/><temp name="T1444"/><temp name="T1381"/><temp name="T18"/><temp name="T1366"/><temp name="T1402"/><temp name="T1386"/><temp name="T1448"/><temp name="T1370"/><temp name="T1415"/><temp name="T1389"/><temp name="T1419"/><temp name="T1396"/><temp name="T1410"/><temp name="T1460"/></temps><temps name="out"><temp name="T1454"/><temp name="T1465"/><temp name="T1375"/><temp name="T350"/><temp name="T1431"/><temp name="T1456"/><temp name="T1393"/><temp name="T1364"/><temp name="T1421"/><temp name="T1425"/><temp name="T354"/><temp name="T1444"/><temp name="T1381"/><temp name="T18"/><temp name="T1366"/><temp name="T1402"/><temp name="T1386"/><temp name="T1448"/><temp name="T1370"/><temp name="T1415"/><temp name="T1389"/><temp name="T1419"/><temp name="T1396"/><temp name="T1410"/><temp name="T1460"/><temp name="T1382"/></temps></instruction><instruction code="OR T358, T1382, 0"><temps name="use"><temp name="T1382"/></temps><temps name="def"><temp name="T358"/></temps><temps name="in"><temp name="T1454"/><temp name="T1465"/><temp name="T1375"/><temp name="T350"/><temp name="T1431"/><temp name="T1456"/><temp name="T1393"/><temp name="T1364"/><temp name="T1421"/><temp name="T1425"/><temp name="T354"/><temp name="T1444"/><temp name="T1381"/><temp name="T18"/><temp name="T1366"/><temp name="T1402"/><temp name="T1386"/><temp name="T1448"/><temp name="T1370"/><temp name="T1415"/><temp name="T1389"/><temp name="T1419"/><temp name="T1396"/><temp name="T1410"/><temp name="T1460"/><temp name="T1382"/></temps><temps name="out"><temp name="T1454"/><temp name="T1465"/><temp name="T1375"/><temp name="T350"/><temp name="T1431"/><temp name="T1456"/><temp name="T1393"/><temp name="T1364"/><temp name="T1421"/><temp name="T1425"/><temp name="T354"/><temp name="T1444"/><temp name="T1381"/><temp name="T18"/><temp name="T1366"/><temp name="T1402"/><temp name="T358"/><temp name="T1386"/><temp name="T1448"/><temp name="T1370"/><temp name="T1415"/><temp name="T1389"/><temp name="T1419"/><temp name="T1396"/><temp name="T1410"/><temp name="T1460"/></temps></instruction><instruction code="SETL  T1383, 8"><temps name="use"/><temps name="def"><temp name="T1383"/></temps><temps name="in"><temp name="T1454"/><temp name="T1465"/><temp name="T1375"/><temp name="T350"/><temp name="T1431"/><temp name="T1456"/><temp name="T1393"/><temp name="T1364"/><temp name="T1421"/><temp name="T1425"/><temp name="T354"/><temp name="T1444"/><temp name="T1381"/><temp name="T18"/><temp name="T1366"/><temp name="T1402"/><temp name="T358"/><temp name="T1386"/><temp name="T1448"/><temp name="T1370"/><temp name="T1415"/><temp name="T1389"/><temp name="T1419"/><temp name="T1396"/><temp name="T1410"/><temp name="T1460"/></temps><temps name="out"><temp name="T1454"/><temp name="T1465"/><temp name="T1375"/><temp name="T350"/><temp name="T1431"/><temp name="T1456"/><temp name="T1393"/><temp name="T1364"/><temp name="T1421"/><temp name="T1425"/><temp name="T354"/><temp name="T1444"/><temp name="T1381"/><temp name="T18"/><temp name="T1366"/><temp name="T1402"/><temp name="T358"/><temp name="T1386"/><temp name="T1448"/><temp name="T1370"/><temp name="T1415"/><temp name="T1389"/><temp name="T1419"/><temp name="T1396"/><temp name="T1410"/><temp name="T1460"/></temps></instruction><instruction code="INCML T1383, 0"><temps name="use"/><temps name="def"><temp name="T1383"/></temps><temps name="in"><temp name="T1454"/><temp name="T1465"/><temp name="T1375"/><temp name="T350"/><temp name="T1431"/><temp name="T1456"/><temp name="T1393"/><temp name="T1364"/><temp name="T1421"/><temp name="T1425"/><temp name="T354"/><temp name="T1444"/><temp name="T1381"/><temp name="T18"/><temp name="T1366"/><temp name="T1402"/><temp name="T358"/><temp name="T1386"/><temp name="T1448"/><temp name="T1370"/><temp name="T1415"/><temp name="T1389"/><temp name="T1419"/><temp name="T1396"/><temp name="T1410"/><temp name="T1460"/></temps><temps name="out"><temp name="T1454"/><temp name="T1465"/><temp name="T1375"/><temp name="T350"/><temp name="T1431"/><temp name="T1456"/><temp name="T1393"/><temp name="T1364"/><temp name="T1421"/><temp name="T1425"/><temp name="T354"/><temp name="T1444"/><temp name="T1381"/><temp name="T18"/><temp name="T1366"/><temp name="T1402"/><temp name="T358"/><temp name="T1386"/><temp name="T1448"/><temp name="T1370"/><temp name="T1415"/><temp name="T1389"/><temp name="T1419"/><temp name="T1396"/><temp name="T1410"/><temp name="T1460"/></temps></instruction><instruction code="INCMH T1383, 0"><temps name="use"/><temps name="def"><temp name="T1383"/></temps><temps name="in"><temp name="T1454"/><temp name="T1465"/><temp name="T1375"/><temp name="T350"/><temp name="T1431"/><temp name="T1456"/><temp name="T1393"/><temp name="T1364"/><temp name="T1421"/><temp name="T1425"/><temp name="T354"/><temp name="T1444"/><temp name="T1381"/><temp name="T18"/><temp name="T1366"/><temp name="T1402"/><temp name="T358"/><temp name="T1386"/><temp name="T1448"/><temp name="T1370"/><temp name="T1415"/><temp name="T1389"/><temp name="T1419"/><temp name="T1396"/><temp name="T1410"/><temp name="T1460"/></temps><temps name="out"><temp name="T1454"/><temp name="T1465"/><temp name="T1375"/><temp name="T350"/><temp name="T1431"/><temp name="T1456"/><temp name="T1393"/><temp name="T1364"/><temp name="T1421"/><temp name="T1425"/><temp name="T354"/><temp name="T1444"/><temp name="T1381"/><temp name="T18"/><temp name="T1366"/><temp name="T1402"/><temp name="T358"/><temp name="T1386"/><temp name="T1448"/><temp name="T1370"/><temp name="T1415"/><temp name="T1389"/><temp name="T1419"/><temp name="T1396"/><temp name="T1410"/><temp name="T1460"/></temps></instruction><instruction code="INCH  T1383, 0"><temps name="use"/><temps name="def"><temp name="T1383"/></temps><temps name="in"><temp name="T1454"/><temp name="T1465"/><temp name="T1375"/><temp name="T350"/><temp name="T1431"/><temp name="T1456"/><temp name="T1393"/><temp name="T1364"/><temp name="T1421"/><temp name="T1425"/><temp name="T354"/><temp name="T1444"/><temp name="T1381"/><temp name="T18"/><temp name="T1366"/><temp name="T1402"/><temp name="T358"/><temp name="T1386"/><temp name="T1448"/><temp name="T1370"/><temp name="T1415"/><temp name="T1389"/><temp name="T1419"/><temp name="T1396"/><temp name="T1410"/><temp name="T1460"/></temps><temps name="out"><temp name="T1454"/><temp name="T1465"/><temp name="T1375"/><temp name="T350"/><temp name="T1431"/><temp name="T1456"/><temp name="T1393"/><temp name="T1364"/><temp name="T1421"/><temp name="T1425"/><temp name="T1383"/><temp name="T354"/><temp name="T1444"/><temp name="T1381"/><temp name="T18"/><temp name="T1366"/><temp name="T1402"/><temp name="T358"/><temp name="T1386"/><temp name="T1448"/><temp name="T1370"/><temp name="T1415"/><temp name="T1389"/><temp name="T1419"/><temp name="T1396"/><temp name="T1410"/><temp name="T1460"/></temps></instruction><instruction code="OR T359, T1383, 0"><temps name="use"><temp name="T1383"/></temps><temps name="def"><temp name="T359"/></temps><temps name="in"><temp name="T1454"/><temp name="T1465"/><temp name="T1375"/><temp name="T350"/><temp name="T1431"/><temp name="T1456"/><temp name="T1393"/><temp name="T1364"/><temp name="T1421"/><temp name="T1425"/><temp name="T1383"/><temp name="T354"/><temp name="T1444"/><temp name="T1381"/><temp name="T18"/><temp name="T1366"/><temp name="T1402"/><temp name="T358"/><temp name="T1386"/><temp name="T1448"/><temp name="T1370"/><temp name="T1415"/><temp name="T1389"/><temp name="T1419"/><temp name="T1396"/><temp name="T1410"/><temp name="T1460"/></temps><temps name="out"><temp name="T1454"/><temp name="T1465"/><temp name="T1375"/><temp name="T350"/><temp name="T1431"/><temp name="T1456"/><temp name="T1393"/><temp name="T1364"/><temp name="T1421"/><temp name="T1425"/><temp name="T354"/><temp name="T1444"/><temp name="T1381"/><temp name="T18"/><temp name="T359"/><temp name="T1366"/><temp name="T1402"/><temp name="T358"/><temp name="T1386"/><temp name="T1448"/><temp name="T1370"/><temp name="T1415"/><temp name="T1389"/><temp name="T1419"/><temp name="T1396"/><temp name="T1410"/><temp name="T1460"/></temps></instruction><instruction code="MUL T1384, T358, T359"><temps name="use"><temp name="T358"/><temp name="T359"/></temps><temps name="def"><temp name="T1384"/></temps><temps name="in"><temp name="T1454"/><temp name="T1465"/><temp name="T1375"/><temp name="T350"/><temp name="T1431"/><temp name="T1456"/><temp name="T1393"/><temp name="T1364"/><temp name="T1421"/><temp name="T1425"/><temp name="T354"/><temp name="T1444"/><temp name="T1381"/><temp name="T18"/><temp name="T359"/><temp name="T1366"/><temp name="T1402"/><temp name="T358"/><temp name="T1386"/><temp name="T1448"/><temp name="T1370"/><temp name="T1415"/><temp name="T1389"/><temp name="T1419"/><temp name="T1396"/><temp name="T1410"/><temp name="T1460"/></temps><temps name="out"><temp name="T1454"/><temp name="T1465"/><temp name="T1375"/><temp name="T350"/><temp name="T1384"/><temp name="T1431"/><temp name="T1456"/><temp name="T1393"/><temp name="T1364"/><temp name="T1421"/><temp name="T1425"/><temp name="T354"/><temp name="T1444"/><temp name="T1381"/><temp name="T18"/><temp name="T1366"/><temp name="T1402"/><temp name="T1386"/><temp name="T1448"/><temp name="T1370"/><temp name="T1415"/><temp name="T1389"/><temp name="T1419"/><temp name="T1396"/><temp name="T1410"/><temp name="T1460"/></temps></instruction><instruction code="OR T360, T1384, 0"><temps name="use"><temp name="T1384"/></temps><temps name="def"><temp name="T360"/></temps><temps name="in"><temp name="T1454"/><temp name="T1465"/><temp name="T1375"/><temp name="T350"/><temp name="T1384"/><temp name="T1431"/><temp name="T1456"/><temp name="T1393"/><temp name="T1364"/><temp name="T1421"/><temp name="T1425"/><temp name="T354"/><temp name="T1444"/><temp name="T1381"/><temp name="T18"/><temp name="T1366"/><temp name="T1402"/><temp name="T1386"/><temp name="T1448"/><temp name="T1370"/><temp name="T1415"/><temp name="T1389"/><temp name="T1419"/><temp name="T1396"/><temp name="T1410"/><temp name="T1460"/></temps><temps name="out"><temp name="T1454"/><temp name="T1465"/><temp name="T1375"/><temp name="T350"/><temp name="T1431"/><temp name="T1456"/><temp name="T360"/><temp name="T1393"/><temp name="T1364"/><temp name="T1421"/><temp name="T1425"/><temp name="T354"/><temp name="T1444"/><temp name="T1381"/><temp name="T18"/><temp name="T1366"/><temp name="T1402"/><temp name="T1386"/><temp name="T1448"/><temp name="T1370"/><temp name="T1415"/><temp name="T1389"/><temp name="T1419"/><temp name="T1396"/><temp name="T1410"/><temp name="T1460"/></temps></instruction><instruction code="ADD T1385, T354, T360"><temps name="use"><temp name="T354"/><temp name="T360"/></temps><temps name="def"><temp name="T1385"/></temps><temps name="in"><temp name="T1454"/><temp name="T1465"/><temp name="T1375"/><temp name="T350"/><temp name="T1431"/><temp name="T1456"/><temp name="T360"/><temp name="T1393"/><temp name="T1364"/><temp name="T1421"/><temp name="T1425"/><temp name="T354"/><temp name="T1444"/><temp name="T1381"/><temp name="T18"/><temp name="T1366"/><temp name="T1402"/><temp name="T1386"/><temp name="T1448"/><temp name="T1370"/><temp name="T1415"/><temp name="T1389"/><temp name="T1419"/><temp name="T1396"/><temp name="T1410"/><temp name="T1460"/></temps><temps name="out"><temp name="T1454"/><temp name="T1465"/><temp name="T1375"/><temp name="T350"/><temp name="T1431"/><temp name="T1456"/><temp name="T1393"/><temp name="T1364"/><temp name="T1421"/><temp name="T1425"/><temp name="T1444"/><temp name="T1381"/><temp name="T18"/><temp name="T1366"/><temp name="T1385"/><temp name="T1402"/><temp name="T1386"/><temp name="T1448"/><temp name="T1370"/><temp name="T1415"/><temp name="T1389"/><temp name="T1419"/><temp name="T1396"/><temp name="T1410"/><temp name="T1460"/></temps></instruction><instruction code="OR T361, T1385, 0"><temps name="use"><temp name="T1385"/></temps><temps name="def"><temp name="T361"/></temps><temps name="in"><temp name="T1454"/><temp name="T1465"/><temp name="T1375"/><temp name="T350"/><temp name="T1431"/><temp name="T1456"/><temp name="T1393"/><temp name="T1364"/><temp name="T1421"/><temp name="T1425"/><temp name="T1444"/><temp name="T1381"/><temp name="T18"/><temp name="T1366"/><temp name="T1385"/><temp name="T1402"/><temp name="T1386"/><temp name="T1448"/><temp name="T1370"/><temp name="T1415"/><temp name="T1389"/><temp name="T1419"/><temp name="T1396"/><temp name="T1410"/><temp name="T1460"/></temps><temps name="out"><temp name="T1454"/><temp name="T1465"/><temp name="T1375"/><temp name="T350"/><temp name="T1431"/><temp name="T1456"/><temp name="T1393"/><temp name="T1364"/><temp name="T1421"/><temp name="T1425"/><temp name="T1444"/><temp name="T1381"/><temp name="T18"/><temp name="T1366"/><temp name="T1402"/><temp name="T1386"/><temp name="T1448"/><temp name="T1370"/><temp name="T1415"/><temp name="T1389"/><temp name="T1419"/><temp name="T1396"/><temp name="T1410"/><temp name="T1460"/></temps></instruction><instruction code="LDO T1387, T1386, 0"><temps name="use"><temp name="T1386"/></temps><temps name="def"><temp name="T1387"/></temps><temps name="in"><temp name="T1454"/><temp name="T1465"/><temp name="T1375"/><temp name="T350"/><temp name="T1431"/><temp name="T1456"/><temp name="T1393"/><temp name="T1364"/><temp name="T1421"/><temp name="T1425"/><temp name="T1444"/><temp name="T1381"/><temp name="T18"/><temp name="T1366"/><temp name="T1402"/><temp name="T1386"/><temp name="T1448"/><temp name="T1370"/><temp name="T1415"/><temp name="T1389"/><temp name="T1419"/><temp name="T1396"/><temp name="T1410"/><temp name="T1460"/></temps><temps name="out"><temp name="T1454"/><temp name="T1465"/><temp name="T1375"/><temp name="T350"/><temp name="T1431"/><temp name="T1456"/><temp name="T1393"/><temp name="T1364"/><temp name="T1421"/><temp name="T1425"/><temp name="T1444"/><temp name="T1387"/><temp name="T1381"/><temp name="T18"/><temp name="T1366"/><temp name="T1402"/><temp name="T1386"/><temp name="T1448"/><temp name="T1370"/><temp name="T1415"/><temp name="T1389"/><temp name="T1419"/><temp name="T1396"/><temp name="T1410"/><temp name="T1460"/></temps></instruction><instruction code="OR T362, T1387, 0"><temps name="use"><temp name="T1387"/></temps><temps name="def"><temp name="T362"/></temps><temps name="in"><temp name="T1454"/><temp name="T1465"/><temp name="T1375"/><temp name="T350"/><temp name="T1431"/><temp name="T1456"/><temp name="T1393"/><temp name="T1364"/><temp name="T1421"/><temp name="T1425"/><temp name="T1444"/><temp name="T1387"/><temp name="T1381"/><temp name="T18"/><temp name="T1366"/><temp name="T1402"/><temp name="T1386"/><temp name="T1448"/><temp name="T1370"/><temp name="T1415"/><temp name="T1389"/><temp name="T1419"/><temp name="T1396"/><temp name="T1410"/><temp name="T1460"/></temps><temps name="out"><temp name="T1454"/><temp name="T1465"/><temp name="T1375"/><temp name="T350"/><temp name="T1431"/><temp name="T1456"/><temp name="T362"/><temp name="T1393"/><temp name="T1364"/><temp name="T1421"/><temp name="T1425"/><temp name="T1444"/><temp name="T1381"/><temp name="T18"/><temp name="T1366"/><temp name="T1402"/><temp name="T1386"/><temp name="T1448"/><temp name="T1370"/><temp name="T1415"/><temp name="T1389"/><temp name="T1419"/><temp name="T1396"/><temp name="T1410"/><temp name="T1460"/></temps></instruction><instruction code="STO T350, $254, 8"><temps name="use"><temp name="T350"/></temps><temps name="def"/><temps name="in"><temp name="T1454"/><temp name="T1465"/><temp name="T1375"/><temp name="T350"/><temp name="T1431"/><temp name="T1456"/><temp name="T362"/><temp name="T1393"/><temp name="T1364"/><temp name="T1421"/><temp name="T1425"/><temp name="T1444"/><temp name="T1381"/><temp name="T18"/><temp name="T1366"/><temp name="T1402"/><temp name="T1386"/><temp name="T1448"/><temp name="T1370"/><temp name="T1415"/><temp name="T1389"/><temp name="T1419"/><temp name="T1396"/><temp name="T1410"/><temp name="T1460"/></temps><temps name="out"><temp name="T1454"/><temp name="T1465"/><temp name="T1375"/><temp name="T1431"/><temp name="T1456"/><temp name="T362"/><temp name="T1393"/><temp name="T1364"/><temp name="T1421"/><temp name="T1425"/><temp name="T1444"/><temp name="T1381"/><temp name="T18"/><temp name="T1366"/><temp name="T1402"/><temp name="T1386"/><temp name="T1448"/><temp name="T1370"/><temp name="T1415"/><temp name="T1389"/><temp name="T1419"/><temp name="T1396"/><temp name="T1410"/><temp name="T1460"/></temps></instruction><instruction code="STO T362, $254, 16"><temps name="use"><temp name="T362"/></temps><temps name="def"/><temps name="in"><temp name="T1454"/><temp name="T1465"/><temp name="T1375"/><temp name="T1431"/><temp name="T1456"/><temp name="T362"/><temp name="T1393"/><temp name="T1364"/><temp name="T1421"/><temp name="T1425"/><temp name="T1444"/><temp name="T1381"/><temp name="T18"/><temp name="T1366"/><temp name="T1402"/><temp name="T1386"/><temp name="T1448"/><temp name="T1370"/><temp name="T1415"/><temp name="T1389"/><temp name="T1419"/><temp name="T1396"/><temp name="T1410"/><temp name="T1460"/></temps><temps name="out"><temp name="T1454"/><temp name="T1465"/><temp name="T1375"/><temp name="T1381"/><temp name="T18"/><temp name="T1366"/><temp name="T1431"/><temp name="T1402"/><temp name="T1456"/><temp name="T1393"/><temp name="T1386"/><temp name="T1448"/><temp name="T1364"/><temp name="T1370"/><temp name="T1415"/><temp name="T1389"/><temp name="T1421"/><temp name="T1419"/><temp name="T1425"/><temp name="T1396"/><temp name="T1410"/><temp name="T1460"/><temp name="T1444"/></temps></instruction><instruction code="LDA T1388, _putInt"><temps name="use"/><temps name="def"><temp name="T1388"/></temps><temps name="in"><temp name="T1454"/><temp name="T1465"/><temp name="T1375"/><temp name="T1381"/><temp name="T18"/><temp name="T1366"/><temp name="T1431"/><temp name="T1402"/><temp name="T1456"/><temp name="T1393"/><temp name="T1386"/><temp name="T1448"/><temp name="T1364"/><temp name="T1370"/><temp name="T1415"/><temp name="T1389"/><temp name="T1421"/><temp name="T1419"/><temp name="T1425"/><temp name="T1396"/><temp name="T1410"/><temp name="T1460"/><temp name="T1444"/></temps><temps name="out"><temp name="T1454"/><temp name="T1388"/><temp name="T1465"/><temp name="T1375"/><temp name="T1431"/><temp name="T1456"/><temp name="T1393"/><temp name="T1364"/><temp name="T1421"/><temp name="T1425"/><temp name="T1444"/><temp name="T1381"/><temp name="T18"/><temp name="T1366"/><temp name="T1402"/><temp name="T1386"/><temp name="T1448"/><temp name="T1370"/><temp name="T1415"/><temp name="T1389"/><temp name="T1419"/><temp name="T1396"/><temp name="T1410"/><temp name="T1460"/></temps></instruction><instruction code="PUSHJ $15, T1388, 0"><temps name="use"><temp name="T1388"/></temps><temps name="def"/><temps name="in"><temp name="T1454"/><temp name="T1388"/><temp name="T1465"/><temp name="T1375"/><temp name="T1431"/><temp name="T1456"/><temp name="T1393"/><temp name="T1364"/><temp name="T1421"/><temp name="T1425"/><temp name="T1444"/><temp name="T1381"/><temp name="T18"/><temp name="T1366"/><temp name="T1402"/><temp name="T1386"/><temp name="T1448"/><temp name="T1370"/><temp name="T1415"/><temp name="T1389"/><temp name="T1419"/><temp name="T1396"/><temp name="T1410"/><temp name="T1460"/></temps><temps name="out"><temp name="T1454"/><temp name="T1465"/><temp name="T1375"/><temp name="T1381"/><temp name="T18"/><temp name="T1366"/><temp name="T1431"/><temp name="T1402"/><temp name="T1456"/><temp name="T1393"/><temp name="T1386"/><temp name="T1448"/><temp name="T1364"/><temp name="T1370"/><temp name="T1415"/><temp name="T1389"/><temp name="T1421"/><temp name="T1419"/><temp name="T1425"/><temp name="T1396"/><temp name="T1410"/><temp name="T1460"/><temp name="T1444"/></temps></instruction><instruction code="OR T363, T1389, 0"><temps name="use"><temp name="T1389"/></temps><temps name="def"><temp name="T363"/></temps><temps name="in"><temp name="T1454"/><temp name="T1465"/><temp name="T1375"/><temp name="T1381"/><temp name="T18"/><temp name="T1366"/><temp name="T1431"/><temp name="T1402"/><temp name="T1456"/><temp name="T1393"/><temp name="T1386"/><temp name="T1448"/><temp name="T1364"/><temp name="T1370"/><temp name="T1415"/><temp name="T1389"/><temp name="T1421"/><temp name="T1419"/><temp name="T1425"/><temp name="T1396"/><temp name="T1410"/><temp name="T1460"/><temp name="T1444"/></temps><temps name="out"><temp name="T1454"/><temp name="T1465"/><temp name="T1375"/><temp name="T1381"/><temp name="T18"/><temp name="T1366"/><temp name="T1431"/><temp name="T1402"/><temp name="T1456"/><temp name="T1393"/><temp name="T1386"/><temp name="T1448"/><temp name="T1364"/><temp name="T1370"/><temp name="T1415"/><temp name="T1389"/><temp name="T1421"/><temp name="T1419"/><temp name="T1425"/><temp name="T1396"/><temp name="T1410"/><temp name="T1460"/><temp name="T1444"/></temps></instruction><instruction code="SETL  T1390, 0"><temps name="use"/><temps name="def"><temp name="T1390"/></temps><temps name="in"><temp name="T1454"/><temp name="T1465"/><temp name="T1375"/><temp name="T1381"/><temp name="T18"/><temp name="T1366"/><temp name="T1431"/><temp name="T1402"/><temp name="T1456"/><temp name="T1393"/><temp name="T1386"/><temp name="T1448"/><temp name="T1364"/><temp name="T1370"/><temp name="T1415"/><temp name="T1389"/><temp name="T1421"/><temp name="T1419"/><temp name="T1425"/><temp name="T1396"/><temp name="T1410"/><temp name="T1460"/><temp name="T1444"/></temps><temps name="out"><temp name="T1454"/><temp name="T1465"/><temp name="T1375"/><temp name="T1381"/><temp name="T18"/><temp name="T1366"/><temp name="T1431"/><temp name="T1402"/><temp name="T1456"/><temp name="T1393"/><temp name="T1386"/><temp name="T1448"/><temp name="T1364"/><temp name="T1370"/><temp name="T1415"/><temp name="T1389"/><temp name="T1421"/><temp name="T1419"/><temp name="T1425"/><temp name="T1396"/><temp name="T1410"/><temp name="T1460"/><temp name="T1444"/></temps></instruction><instruction code="INCML T1390, 0"><temps name="use"/><temps name="def"><temp name="T1390"/></temps><temps name="in"><temp name="T1454"/><temp name="T1465"/><temp name="T1375"/><temp name="T1381"/><temp name="T18"/><temp name="T1366"/><temp name="T1431"/><temp name="T1402"/><temp name="T1456"/><temp name="T1393"/><temp name="T1386"/><temp name="T1448"/><temp name="T1364"/><temp name="T1370"/><temp name="T1415"/><temp name="T1389"/><temp name="T1421"/><temp name="T1419"/><temp name="T1425"/><temp name="T1396"/><temp name="T1410"/><temp name="T1460"/><temp name="T1444"/></temps><temps name="out"><temp name="T1454"/><temp name="T1465"/><temp name="T1375"/><temp name="T1381"/><temp name="T18"/><temp name="T1366"/><temp name="T1431"/><temp name="T1402"/><temp name="T1456"/><temp name="T1393"/><temp name="T1386"/><temp name="T1448"/><temp name="T1364"/><temp name="T1370"/><temp name="T1415"/><temp name="T1389"/><temp name="T1421"/><temp name="T1419"/><temp name="T1425"/><temp name="T1396"/><temp name="T1410"/><temp name="T1460"/><temp name="T1444"/></temps></instruction><instruction code="INCMH T1390, 0"><temps name="use"/><temps name="def"><temp name="T1390"/></temps><temps name="in"><temp name="T1454"/><temp name="T1465"/><temp name="T1375"/><temp name="T1381"/><temp name="T18"/><temp name="T1366"/><temp name="T1431"/><temp name="T1402"/><temp name="T1456"/><temp name="T1393"/><temp name="T1386"/><temp name="T1448"/><temp name="T1364"/><temp name="T1370"/><temp name="T1415"/><temp name="T1389"/><temp name="T1421"/><temp name="T1419"/><temp name="T1425"/><temp name="T1396"/><temp name="T1410"/><temp name="T1460"/><temp name="T1444"/></temps><temps name="out"><temp name="T1454"/><temp name="T1465"/><temp name="T1375"/><temp name="T1381"/><temp name="T18"/><temp name="T1366"/><temp name="T1431"/><temp name="T1402"/><temp name="T1456"/><temp name="T1393"/><temp name="T1386"/><temp name="T1448"/><temp name="T1364"/><temp name="T1370"/><temp name="T1415"/><temp name="T1389"/><temp name="T1421"/><temp name="T1419"/><temp name="T1425"/><temp name="T1396"/><temp name="T1410"/><temp name="T1460"/><temp name="T1444"/></temps></instruction><instruction code="INCH  T1390, 0"><temps name="use"/><temps name="def"><temp name="T1390"/></temps><temps name="in"><temp name="T1454"/><temp name="T1465"/><temp name="T1375"/><temp name="T1381"/><temp name="T18"/><temp name="T1366"/><temp name="T1431"/><temp name="T1402"/><temp name="T1456"/><temp name="T1393"/><temp name="T1386"/><temp name="T1448"/><temp name="T1364"/><temp name="T1370"/><temp name="T1415"/><temp name="T1389"/><temp name="T1421"/><temp name="T1419"/><temp name="T1425"/><temp name="T1396"/><temp name="T1410"/><temp name="T1460"/><temp name="T1444"/></temps><temps name="out"><temp name="T1454"/><temp name="T1465"/><temp name="T1375"/><temp name="T1390"/><temp name="T1431"/><temp name="T1456"/><temp name="T1393"/><temp name="T1364"/><temp name="T1421"/><temp name="T1425"/><temp name="T1444"/><temp name="T1381"/><temp name="T18"/><temp name="T1366"/><temp name="T1402"/><temp name="T1386"/><temp name="T1448"/><temp name="T1370"/><temp name="T1415"/><temp name="T1389"/><temp name="T1419"/><temp name="T1396"/><temp name="T1410"/><temp name="T1460"/></temps></instruction><instruction code="OR T364, T1390, 0"><temps name="use"><temp name="T1390"/></temps><temps name="def"><temp name="T364"/></temps><temps name="in"><temp name="T1454"/><temp name="T1465"/><temp name="T1375"/><temp name="T1390"/><temp name="T1431"/><temp name="T1456"/><temp name="T1393"/><temp name="T1364"/><temp name="T1421"/><temp name="T1425"/><temp name="T1444"/><temp name="T1381"/><temp name="T18"/><temp name="T1366"/><temp name="T1402"/><temp name="T1386"/><temp name="T1448"/><temp name="T1370"/><temp name="T1415"/><temp name="T1389"/><temp name="T1419"/><temp name="T1396"/><temp name="T1410"/><temp name="T1460"/></temps><temps name="out"><temp name="T1454"/><temp name="T1465"/><temp name="T1375"/><temp name="T1431"/><temp name="T1456"/><temp name="T1393"/><temp name="T1364"/><temp name="T364"/><temp name="T1421"/><temp name="T1425"/><temp name="T1444"/><temp name="T1381"/><temp name="T18"/><temp name="T1366"/><temp name="T1402"/><temp name="T1386"/><temp name="T1448"/><temp name="T1370"/><temp name="T1415"/><temp name="T1389"/><temp name="T1419"/><temp name="T1396"/><temp name="T1410"/><temp name="T1460"/></temps></instruction><instruction code="SETL  T1391, 32"><temps name="use"/><temps name="def"><temp name="T1391"/></temps><temps name="in"><temp name="T1454"/><temp name="T1465"/><temp name="T1375"/><temp name="T1431"/><temp name="T1456"/><temp name="T1393"/><temp name="T1364"/><temp name="T364"/><temp name="T1421"/><temp name="T1425"/><temp name="T1444"/><temp name="T1381"/><temp name="T18"/><temp name="T1366"/><temp name="T1402"/><temp name="T1386"/><temp name="T1448"/><temp name="T1370"/><temp name="T1415"/><temp name="T1389"/><temp name="T1419"/><temp name="T1396"/><temp name="T1410"/><temp name="T1460"/></temps><temps name="out"><temp name="T1454"/><temp name="T1465"/><temp name="T1375"/><temp name="T1431"/><temp name="T1456"/><temp name="T1393"/><temp name="T1364"/><temp name="T364"/><temp name="T1421"/><temp name="T1425"/><temp name="T1444"/><temp name="T1381"/><temp name="T18"/><temp name="T1366"/><temp name="T1402"/><temp name="T1386"/><temp name="T1448"/><temp name="T1370"/><temp name="T1415"/><temp name="T1389"/><temp name="T1419"/><temp name="T1396"/><temp name="T1410"/><temp name="T1460"/></temps></instruction><instruction code="INCML T1391, 0"><temps name="use"/><temps name="def"><temp name="T1391"/></temps><temps name="in"><temp name="T1454"/><temp name="T1465"/><temp name="T1375"/><temp name="T1431"/><temp name="T1456"/><temp name="T1393"/><temp name="T1364"/><temp name="T364"/><temp name="T1421"/><temp name="T1425"/><temp name="T1444"/><temp name="T1381"/><temp name="T18"/><temp name="T1366"/><temp name="T1402"/><temp name="T1386"/><temp name="T1448"/><temp name="T1370"/><temp name="T1415"/><temp name="T1389"/><temp name="T1419"/><temp name="T1396"/><temp name="T1410"/><temp name="T1460"/></temps><temps name="out"><temp name="T1454"/><temp name="T1465"/><temp name="T1375"/><temp name="T1431"/><temp name="T1456"/><temp name="T1393"/><temp name="T1364"/><temp name="T364"/><temp name="T1421"/><temp name="T1425"/><temp name="T1444"/><temp name="T1381"/><temp name="T18"/><temp name="T1366"/><temp name="T1402"/><temp name="T1386"/><temp name="T1448"/><temp name="T1370"/><temp name="T1415"/><temp name="T1389"/><temp name="T1419"/><temp name="T1396"/><temp name="T1410"/><temp name="T1460"/></temps></instruction><instruction code="INCMH T1391, 0"><temps name="use"/><temps name="def"><temp name="T1391"/></temps><temps name="in"><temp name="T1454"/><temp name="T1465"/><temp name="T1375"/><temp name="T1431"/><temp name="T1456"/><temp name="T1393"/><temp name="T1364"/><temp name="T364"/><temp name="T1421"/><temp name="T1425"/><temp name="T1444"/><temp name="T1381"/><temp name="T18"/><temp name="T1366"/><temp name="T1402"/><temp name="T1386"/><temp name="T1448"/><temp name="T1370"/><temp name="T1415"/><temp name="T1389"/><temp name="T1419"/><temp name="T1396"/><temp name="T1410"/><temp name="T1460"/></temps><temps name="out"><temp name="T1454"/><temp name="T1465"/><temp name="T1375"/><temp name="T1431"/><temp name="T1456"/><temp name="T1393"/><temp name="T1364"/><temp name="T364"/><temp name="T1421"/><temp name="T1425"/><temp name="T1444"/><temp name="T1381"/><temp name="T18"/><temp name="T1366"/><temp name="T1402"/><temp name="T1386"/><temp name="T1448"/><temp name="T1370"/><temp name="T1415"/><temp name="T1389"/><temp name="T1419"/><temp name="T1396"/><temp name="T1410"/><temp name="T1460"/></temps></instruction><instruction code="INCH  T1391, 0"><temps name="use"/><temps name="def"><temp name="T1391"/></temps><temps name="in"><temp name="T1454"/><temp name="T1465"/><temp name="T1375"/><temp name="T1431"/><temp name="T1456"/><temp name="T1393"/><temp name="T1364"/><temp name="T364"/><temp name="T1421"/><temp name="T1425"/><temp name="T1444"/><temp name="T1381"/><temp name="T18"/><temp name="T1366"/><temp name="T1402"/><temp name="T1386"/><temp name="T1448"/><temp name="T1370"/><temp name="T1415"/><temp name="T1389"/><temp name="T1419"/><temp name="T1396"/><temp name="T1410"/><temp name="T1460"/></temps><temps name="out"><temp name="T1454"/><temp name="T1465"/><temp name="T1375"/><temp name="T1431"/><temp name="T1456"/><temp name="T1393"/><temp name="T1364"/><temp name="T364"/><temp name="T1421"/><temp name="T1425"/><temp name="T1444"/><temp name="T1391"/><temp name="T1381"/><temp name="T18"/><temp name="T1366"/><temp name="T1402"/><temp name="T1386"/><temp name="T1448"/><temp name="T1370"/><temp name="T1415"/><temp name="T1389"/><temp name="T1419"/><temp name="T1396"/><temp name="T1410"/><temp name="T1460"/></temps></instruction><instruction code="OR T365, T1391, 0"><temps name="use"><temp name="T1391"/></temps><temps name="def"><temp name="T365"/></temps><temps name="in"><temp name="T1454"/><temp name="T1465"/><temp name="T1375"/><temp name="T1431"/><temp name="T1456"/><temp name="T1393"/><temp name="T1364"/><temp name="T364"/><temp name="T1421"/><temp name="T1425"/><temp name="T1444"/><temp name="T1391"/><temp name="T1381"/><temp name="T18"/><temp name="T1366"/><temp name="T1402"/><temp name="T1386"/><temp name="T1448"/><temp name="T1370"/><temp name="T1415"/><temp name="T1389"/><temp name="T1419"/><temp name="T1396"/><temp name="T1410"/><temp name="T1460"/></temps><temps name="out"><temp name="T1454"/><temp name="T1465"/><temp name="T1375"/><temp name="T1431"/><temp name="T1456"/><temp name="T1393"/><temp name="T1364"/><temp name="T364"/><temp name="T1421"/><temp name="T1425"/><temp name="T1444"/><temp name="T1381"/><temp name="T18"/><temp name="T1366"/><temp name="T1402"/><temp name="T1386"/><temp name="T1448"/><temp name="T1370"/><temp name="T1415"/><temp name="T1389"/><temp name="T365"/><temp name="T1419"/><temp name="T1396"/><temp name="T1410"/><temp name="T1460"/></temps></instruction><instruction code="STO T364, $254, 8"><temps name="use"><temp name="T364"/></temps><temps name="def"/><temps name="in"><temp name="T1454"/><temp name="T1465"/><temp name="T1375"/><temp name="T1431"/><temp name="T1456"/><temp name="T1393"/><temp name="T1364"/><temp name="T364"/><temp name="T1421"/><temp name="T1425"/><temp name="T1444"/><temp name="T1381"/><temp name="T18"/><temp name="T1366"/><temp name="T1402"/><temp name="T1386"/><temp name="T1448"/><temp name="T1370"/><temp name="T1415"/><temp name="T1389"/><temp name="T365"/><temp name="T1419"/><temp name="T1396"/><temp name="T1410"/><temp name="T1460"/></temps><temps name="out"><temp name="T1454"/><temp name="T1465"/><temp name="T1375"/><temp name="T1431"/><temp name="T1456"/><temp name="T1393"/><temp name="T1364"/><temp name="T1421"/><temp name="T1425"/><temp name="T1444"/><temp name="T1381"/><temp name="T18"/><temp name="T1366"/><temp name="T1402"/><temp name="T1386"/><temp name="T1448"/><temp name="T1370"/><temp name="T1415"/><temp name="T1389"/><temp name="T365"/><temp name="T1419"/><temp name="T1396"/><temp name="T1410"/><temp name="T1460"/></temps></instruction><instruction code="STO T365, $254, 16"><temps name="use"><temp name="T365"/></temps><temps name="def"/><temps name="in"><temp name="T1454"/><temp name="T1465"/><temp name="T1375"/><temp name="T1431"/><temp name="T1456"/><temp name="T1393"/><temp name="T1364"/><temp name="T1421"/><temp name="T1425"/><temp name="T1444"/><temp name="T1381"/><temp name="T18"/><temp name="T1366"/><temp name="T1402"/><temp name="T1386"/><temp name="T1448"/><temp name="T1370"/><temp name="T1415"/><temp name="T1389"/><temp name="T365"/><temp name="T1419"/><temp name="T1396"/><temp name="T1410"/><temp name="T1460"/></temps><temps name="out"><temp name="T1454"/><temp name="T1465"/><temp name="T1375"/><temp name="T1381"/><temp name="T18"/><temp name="T1366"/><temp name="T1431"/><temp name="T1402"/><temp name="T1456"/><temp name="T1393"/><temp name="T1386"/><temp name="T1448"/><temp name="T1364"/><temp name="T1370"/><temp name="T1415"/><temp name="T1389"/><temp name="T1421"/><temp name="T1419"/><temp name="T1425"/><temp name="T1396"/><temp name="T1410"/><temp name="T1460"/><temp name="T1444"/></temps></instruction><instruction code="LDA T1392, _putChar"><temps name="use"/><temps name="def"><temp name="T1392"/></temps><temps name="in"><temp name="T1454"/><temp name="T1465"/><temp name="T1375"/><temp name="T1381"/><temp name="T18"/><temp name="T1366"/><temp name="T1431"/><temp name="T1402"/><temp name="T1456"/><temp name="T1393"/><temp name="T1386"/><temp name="T1448"/><temp name="T1364"/><temp name="T1370"/><temp name="T1415"/><temp name="T1389"/><temp name="T1421"/><temp name="T1419"/><temp name="T1425"/><temp name="T1396"/><temp name="T1410"/><temp name="T1460"/><temp name="T1444"/></temps><temps name="out"><temp name="T1454"/><temp name="T1465"/><temp name="T1375"/><temp name="T1431"/><temp name="T1456"/><temp name="T1393"/><temp name="T1364"/><temp name="T1421"/><temp name="T1425"/><temp name="T1392"/><temp name="T1444"/><temp name="T1381"/><temp name="T18"/><temp name="T1366"/><temp name="T1402"/><temp name="T1386"/><temp name="T1448"/><temp name="T1370"/><temp name="T1415"/><temp name="T1389"/><temp name="T1419"/><temp name="T1396"/><temp name="T1410"/><temp name="T1460"/></temps></instruction><instruction code="PUSHJ $15, T1392, 0"><temps name="use"><temp name="T1392"/></temps><temps name="def"/><temps name="in"><temp name="T1454"/><temp name="T1465"/><temp name="T1375"/><temp name="T1431"/><temp name="T1456"/><temp name="T1393"/><temp name="T1364"/><temp name="T1421"/><temp name="T1425"/><temp name="T1392"/><temp name="T1444"/><temp name="T1381"/><temp name="T18"/><temp name="T1366"/><temp name="T1402"/><temp name="T1386"/><temp name="T1448"/><temp name="T1370"/><temp name="T1415"/><temp name="T1389"/><temp name="T1419"/><temp name="T1396"/><temp name="T1410"/><temp name="T1460"/></temps><temps name="out"><temp name="T1454"/><temp name="T1465"/><temp name="T1375"/><temp name="T1381"/><temp name="T18"/><temp name="T1366"/><temp name="T1431"/><temp name="T1402"/><temp name="T1456"/><temp name="T1393"/><temp name="T1386"/><temp name="T1448"/><temp name="T1364"/><temp name="T1370"/><temp name="T1415"/><temp name="T1389"/><temp name="T1421"/><temp name="T1419"/><temp name="T1425"/><temp name="T1396"/><temp name="T1410"/><temp name="T1460"/><temp name="T1444"/></temps></instruction><instruction code="OR T366, T1393, 0"><temps name="use"><temp name="T1393"/></temps><temps name="def"><temp name="T366"/></temps><temps name="in"><temp name="T1454"/><temp name="T1465"/><temp name="T1375"/><temp name="T1381"/><temp name="T18"/><temp name="T1366"/><temp name="T1431"/><temp name="T1402"/><temp name="T1456"/><temp name="T1393"/><temp name="T1386"/><temp name="T1448"/><temp name="T1364"/><temp name="T1370"/><temp name="T1415"/><temp name="T1389"/><temp name="T1421"/><temp name="T1419"/><temp name="T1425"/><temp name="T1396"/><temp name="T1410"/><temp name="T1460"/><temp name="T1444"/></temps><temps name="out"><temp name="T1454"/><temp name="T1465"/><temp name="T1375"/><temp name="T1381"/><temp name="T18"/><temp name="T1366"/><temp name="T1431"/><temp name="T1402"/><temp name="T1456"/><temp name="T1393"/><temp name="T1386"/><temp name="T1448"/><temp name="T1364"/><temp name="T1370"/><temp name="T1415"/><temp name="T1389"/><temp name="T1421"/><temp name="T1419"/><temp name="T1425"/><temp name="T1396"/><temp name="T1410"/><temp name="T1460"/><temp name="T1444"/></temps></instruction><instruction code="OR T367, T18, 0"><temps name="use"><temp name="T18"/></temps><temps name="def"><temp name="T367"/></temps><temps name="in"><temp name="T1454"/><temp name="T1465"/><temp name="T1375"/><temp name="T1381"/><temp name="T18"/><temp name="T1366"/><temp name="T1431"/><temp name="T1402"/><temp name="T1456"/><temp name="T1393"/><temp name="T1386"/><temp name="T1448"/><temp name="T1364"/><temp name="T1370"/><temp name="T1415"/><temp name="T1389"/><temp name="T1421"/><temp name="T1419"/><temp name="T1425"/><temp name="T1396"/><temp name="T1410"/><temp name="T1460"/><temp name="T1444"/></temps><temps name="out"><temp name="T1454"/><temp name="T1465"/><temp name="T1375"/><temp name="T1431"/><temp name="T1456"/><temp name="T1393"/><temp name="T1364"/><temp name="T1421"/><temp name="T1425"/><temp name="T367"/><temp name="T1444"/><temp name="T1381"/><temp name="T18"/><temp name="T1366"/><temp name="T1402"/><temp name="T1386"/><temp name="T1448"/><temp name="T1370"/><temp name="T1415"/><temp name="T1389"/><temp name="T1419"/><temp name="T1396"/><temp name="T1410"/><temp name="T1460"/></temps></instruction><instruction code="SETL  T1394, 8"><temps name="use"/><temps name="def"><temp name="T1394"/></temps><temps name="in"><temp name="T1454"/><temp name="T1465"/><temp name="T1375"/><temp name="T1431"/><temp name="T1456"/><temp name="T1393"/><temp name="T1364"/><temp name="T1421"/><temp name="T1425"/><temp name="T367"/><temp name="T1444"/><temp name="T1381"/><temp name="T18"/><temp name="T1366"/><temp name="T1402"/><temp name="T1386"/><temp name="T1448"/><temp name="T1370"/><temp name="T1415"/><temp name="T1389"/><temp name="T1419"/><temp name="T1396"/><temp name="T1410"/><temp name="T1460"/></temps><temps name="out"><temp name="T1454"/><temp name="T1465"/><temp name="T1375"/><temp name="T1431"/><temp name="T1456"/><temp name="T1393"/><temp name="T1364"/><temp name="T1421"/><temp name="T1425"/><temp name="T367"/><temp name="T1444"/><temp name="T1381"/><temp name="T18"/><temp name="T1366"/><temp name="T1402"/><temp name="T1386"/><temp name="T1448"/><temp name="T1370"/><temp name="T1415"/><temp name="T1389"/><temp name="T1419"/><temp name="T1396"/><temp name="T1410"/><temp name="T1460"/></temps></instruction><instruction code="INCML T1394, 0"><temps name="use"/><temps name="def"><temp name="T1394"/></temps><temps name="in"><temp name="T1454"/><temp name="T1465"/><temp name="T1375"/><temp name="T1431"/><temp name="T1456"/><temp name="T1393"/><temp name="T1364"/><temp name="T1421"/><temp name="T1425"/><temp name="T367"/><temp name="T1444"/><temp name="T1381"/><temp name="T18"/><temp name="T1366"/><temp name="T1402"/><temp name="T1386"/><temp name="T1448"/><temp name="T1370"/><temp name="T1415"/><temp name="T1389"/><temp name="T1419"/><temp name="T1396"/><temp name="T1410"/><temp name="T1460"/></temps><temps name="out"><temp name="T1454"/><temp name="T1465"/><temp name="T1375"/><temp name="T1431"/><temp name="T1456"/><temp name="T1393"/><temp name="T1364"/><temp name="T1421"/><temp name="T1425"/><temp name="T367"/><temp name="T1444"/><temp name="T1381"/><temp name="T18"/><temp name="T1366"/><temp name="T1402"/><temp name="T1386"/><temp name="T1448"/><temp name="T1370"/><temp name="T1415"/><temp name="T1389"/><temp name="T1419"/><temp name="T1396"/><temp name="T1410"/><temp name="T1460"/></temps></instruction><instruction code="INCMH T1394, 0"><temps name="use"/><temps name="def"><temp name="T1394"/></temps><temps name="in"><temp name="T1454"/><temp name="T1465"/><temp name="T1375"/><temp name="T1431"/><temp name="T1456"/><temp name="T1393"/><temp name="T1364"/><temp name="T1421"/><temp name="T1425"/><temp name="T367"/><temp name="T1444"/><temp name="T1381"/><temp name="T18"/><temp name="T1366"/><temp name="T1402"/><temp name="T1386"/><temp name="T1448"/><temp name="T1370"/><temp name="T1415"/><temp name="T1389"/><temp name="T1419"/><temp name="T1396"/><temp name="T1410"/><temp name="T1460"/></temps><temps name="out"><temp name="T1454"/><temp name="T1465"/><temp name="T1375"/><temp name="T1431"/><temp name="T1456"/><temp name="T1393"/><temp name="T1364"/><temp name="T1421"/><temp name="T1425"/><temp name="T367"/><temp name="T1444"/><temp name="T1381"/><temp name="T18"/><temp name="T1366"/><temp name="T1402"/><temp name="T1386"/><temp name="T1448"/><temp name="T1370"/><temp name="T1415"/><temp name="T1389"/><temp name="T1419"/><temp name="T1396"/><temp name="T1410"/><temp name="T1460"/></temps></instruction><instruction code="INCH  T1394, 0"><temps name="use"/><temps name="def"><temp name="T1394"/></temps><temps name="in"><temp name="T1454"/><temp name="T1465"/><temp name="T1375"/><temp name="T1431"/><temp name="T1456"/><temp name="T1393"/><temp name="T1364"/><temp name="T1421"/><temp name="T1425"/><temp name="T367"/><temp name="T1444"/><temp name="T1381"/><temp name="T18"/><temp name="T1366"/><temp name="T1402"/><temp name="T1386"/><temp name="T1448"/><temp name="T1370"/><temp name="T1415"/><temp name="T1389"/><temp name="T1419"/><temp name="T1396"/><temp name="T1410"/><temp name="T1460"/></temps><temps name="out"><temp name="T1454"/><temp name="T1465"/><temp name="T1375"/><temp name="T1431"/><temp name="T1456"/><temp name="T1393"/><temp name="T1364"/><temp name="T1421"/><temp name="T1425"/><temp name="T367"/><temp name="T1444"/><temp name="T1381"/><temp name="T18"/><temp name="T1366"/><temp name="T1402"/><temp name="T1386"/><temp name="T1394"/><temp name="T1448"/><temp name="T1370"/><temp name="T1415"/><temp name="T1389"/><temp name="T1419"/><temp name="T1396"/><temp name="T1410"/><temp name="T1460"/></temps></instruction><instruction code="NEG T1394, 0, T1394"><temps name="use"><temp name="T1394"/></temps><temps name="def"><temp name="T1394"/></temps><temps name="in"><temp name="T1454"/><temp name="T1465"/><temp name="T1375"/><temp name="T1431"/><temp name="T1456"/><temp name="T1393"/><temp name="T1364"/><temp name="T1421"/><temp name="T1425"/><temp name="T367"/><temp name="T1444"/><temp name="T1381"/><temp name="T18"/><temp name="T1366"/><temp name="T1402"/><temp name="T1386"/><temp name="T1394"/><temp name="T1448"/><temp name="T1370"/><temp name="T1415"/><temp name="T1389"/><temp name="T1419"/><temp name="T1396"/><temp name="T1410"/><temp name="T1460"/></temps><temps name="out"><temp name="T1454"/><temp name="T1465"/><temp name="T1375"/><temp name="T1431"/><temp name="T1456"/><temp name="T1393"/><temp name="T1364"/><temp name="T1421"/><temp name="T1425"/><temp name="T367"/><temp name="T1444"/><temp name="T1381"/><temp name="T18"/><temp name="T1366"/><temp name="T1402"/><temp name="T1386"/><temp name="T1394"/><temp name="T1448"/><temp name="T1370"/><temp name="T1415"/><temp name="T1389"/><temp name="T1419"/><temp name="T1396"/><temp name="T1410"/><temp name="T1460"/></temps></instruction><instruction code="OR T368, T1394, 0"><temps name="use"><temp name="T1394"/></temps><temps name="def"><temp name="T368"/></temps><temps name="in"><temp name="T1454"/><temp name="T1465"/><temp name="T1375"/><temp name="T1431"/><temp name="T1456"/><temp name="T1393"/><temp name="T1364"/><temp name="T1421"/><temp name="T1425"/><temp name="T367"/><temp name="T1444"/><temp name="T1381"/><temp name="T18"/><temp name="T1366"/><temp name="T1402"/><temp name="T1386"/><temp name="T1394"/><temp name="T1448"/><temp name="T1370"/><temp name="T1415"/><temp name="T1389"/><temp name="T1419"/><temp name="T1396"/><temp name="T1410"/><temp name="T1460"/></temps><temps name="out"><temp name="T1454"/><temp name="T1465"/><temp name="T1375"/><temp name="T1431"/><temp name="T1456"/><temp name="T1393"/><temp name="T1364"/><temp name="T1421"/><temp name="T1425"/><temp name="T367"/><temp name="T1444"/><temp name="T1381"/><temp name="T18"/><temp name="T1366"/><temp name="T1402"/><temp name="T368"/><temp name="T1386"/><temp name="T1448"/><temp name="T1370"/><temp name="T1415"/><temp name="T1389"/><temp name="T1419"/><temp name="T1396"/><temp name="T1410"/><temp name="T1460"/></temps></instruction><instruction code="ADD T1395, T367, T368"><temps name="use"><temp name="T367"/><temp name="T368"/></temps><temps name="def"><temp name="T1395"/></temps><temps name="in"><temp name="T1454"/><temp name="T1465"/><temp name="T1375"/><temp name="T1431"/><temp name="T1456"/><temp name="T1393"/><temp name="T1364"/><temp name="T1421"/><temp name="T1425"/><temp name="T367"/><temp name="T1444"/><temp name="T1381"/><temp name="T18"/><temp name="T1366"/><temp name="T1402"/><temp name="T368"/><temp name="T1386"/><temp name="T1448"/><temp name="T1370"/><temp name="T1415"/><temp name="T1389"/><temp name="T1419"/><temp name="T1396"/><temp name="T1410"/><temp name="T1460"/></temps><temps name="out"><temp name="T1454"/><temp name="T1465"/><temp name="T1375"/><temp name="T1431"/><temp name="T1456"/><temp name="T1393"/><temp name="T1364"/><temp name="T1421"/><temp name="T1425"/><temp name="T1444"/><temp name="T1381"/><temp name="T18"/><temp name="T1395"/><temp name="T1366"/><temp name="T1402"/><temp name="T1386"/><temp name="T1448"/><temp name="T1370"/><temp name="T1415"/><temp name="T1389"/><temp name="T1419"/><temp name="T1396"/><temp name="T1410"/><temp name="T1460"/></temps></instruction><instruction code="OR T369, T1395, 0"><temps name="use"><temp name="T1395"/></temps><temps name="def"><temp name="T369"/></temps><temps name="in"><temp name="T1454"/><temp name="T1465"/><temp name="T1375"/><temp name="T1431"/><temp name="T1456"/><temp name="T1393"/><temp name="T1364"/><temp name="T1421"/><temp name="T1425"/><temp name="T1444"/><temp name="T1381"/><temp name="T18"/><temp name="T1395"/><temp name="T1366"/><temp name="T1402"/><temp name="T1386"/><temp name="T1448"/><temp name="T1370"/><temp name="T1415"/><temp name="T1389"/><temp name="T1419"/><temp name="T1396"/><temp name="T1410"/><temp name="T1460"/></temps><temps name="out"><temp name="T1454"/><temp name="T1465"/><temp name="T1375"/><temp name="T1381"/><temp name="T18"/><temp name="T1366"/><temp name="T1431"/><temp name="T1402"/><temp name="T1456"/><temp name="T1393"/><temp name="T1386"/><temp name="T1448"/><temp name="T1364"/><temp name="T1370"/><temp name="T1415"/><temp name="T1389"/><temp name="T1421"/><temp name="T1419"/><temp name="T1425"/><temp name="T1396"/><temp name="T1410"/><temp name="T1460"/><temp name="T1444"/></temps></instruction><instruction code="LDO T1397, T1396, 0"><temps name="use"><temp name="T1396"/></temps><temps name="def"><temp name="T1397"/></temps><temps name="in"><temp name="T1454"/><temp name="T1465"/><temp name="T1375"/><temp name="T1381"/><temp name="T18"/><temp name="T1366"/><temp name="T1431"/><temp name="T1402"/><temp name="T1456"/><temp name="T1393"/><temp name="T1386"/><temp name="T1448"/><temp name="T1364"/><temp name="T1370"/><temp name="T1415"/><temp name="T1389"/><temp name="T1421"/><temp name="T1419"/><temp name="T1425"/><temp name="T1396"/><temp name="T1410"/><temp name="T1460"/><temp name="T1444"/></temps><temps name="out"><temp name="T1454"/><temp name="T1465"/><temp name="T1375"/><temp name="T1431"/><temp name="T1456"/><temp name="T1393"/><temp name="T1364"/><temp name="T1421"/><temp name="T1425"/><temp name="T1444"/><temp name="T1381"/><temp name="T18"/><temp name="T1366"/><temp name="T1402"/><temp name="T1386"/><temp name="T1448"/><temp name="T1397"/><temp name="T1370"/><temp name="T1415"/><temp name="T1389"/><temp name="T1419"/><temp name="T1396"/><temp name="T1410"/><temp name="T1460"/></temps></instruction><instruction code="OR T370, T1397, 0"><temps name="use"><temp name="T1397"/></temps><temps name="def"><temp name="T370"/></temps><temps name="in"><temp name="T1454"/><temp name="T1465"/><temp name="T1375"/><temp name="T1431"/><temp name="T1456"/><temp name="T1393"/><temp name="T1364"/><temp name="T1421"/><temp name="T1425"/><temp name="T1444"/><temp name="T1381"/><temp name="T18"/><temp name="T1366"/><temp name="T1402"/><temp name="T1386"/><temp name="T1448"/><temp name="T1397"/><temp name="T1370"/><temp name="T1415"/><temp name="T1389"/><temp name="T1419"/><temp name="T1396"/><temp name="T1410"/><temp name="T1460"/></temps><temps name="out"><temp name="T1454"/><temp name="T1465"/><temp name="T1375"/><temp name="T1431"/><temp name="T1456"/><temp name="T1393"/><temp name="T370"/><temp name="T1364"/><temp name="T1421"/><temp name="T1425"/><temp name="T1444"/><temp name="T1381"/><temp name="T18"/><temp name="T1366"/><temp name="T1402"/><temp name="T1386"/><temp name="T1448"/><temp name="T1370"/><temp name="T1415"/><temp name="T1389"/><temp name="T1419"/><temp name="T1396"/><temp name="T1410"/><temp name="T1460"/></temps></instruction><instruction code="SETL  T1398, 1"><temps name="use"/><temps name="def"><temp name="T1398"/></temps><temps name="in"><temp name="T1454"/><temp name="T1465"/><temp name="T1375"/><temp name="T1431"/><temp name="T1456"/><temp name="T1393"/><temp name="T370"/><temp name="T1364"/><temp name="T1421"/><temp name="T1425"/><temp name="T1444"/><temp name="T1381"/><temp name="T18"/><temp name="T1366"/><temp name="T1402"/><temp name="T1386"/><temp name="T1448"/><temp name="T1370"/><temp name="T1415"/><temp name="T1389"/><temp name="T1419"/><temp name="T1396"/><temp name="T1410"/><temp name="T1460"/></temps><temps name="out"><temp name="T1454"/><temp name="T1465"/><temp name="T1375"/><temp name="T1431"/><temp name="T1456"/><temp name="T1393"/><temp name="T370"/><temp name="T1364"/><temp name="T1421"/><temp name="T1425"/><temp name="T1444"/><temp name="T1381"/><temp name="T18"/><temp name="T1366"/><temp name="T1402"/><temp name="T1386"/><temp name="T1448"/><temp name="T1370"/><temp name="T1415"/><temp name="T1389"/><temp name="T1419"/><temp name="T1396"/><temp name="T1410"/><temp name="T1460"/></temps></instruction><instruction code="INCML T1398, 0"><temps name="use"/><temps name="def"><temp name="T1398"/></temps><temps name="in"><temp name="T1454"/><temp name="T1465"/><temp name="T1375"/><temp name="T1431"/><temp name="T1456"/><temp name="T1393"/><temp name="T370"/><temp name="T1364"/><temp name="T1421"/><temp name="T1425"/><temp name="T1444"/><temp name="T1381"/><temp name="T18"/><temp name="T1366"/><temp name="T1402"/><temp name="T1386"/><temp name="T1448"/><temp name="T1370"/><temp name="T1415"/><temp name="T1389"/><temp name="T1419"/><temp name="T1396"/><temp name="T1410"/><temp name="T1460"/></temps><temps name="out"><temp name="T1454"/><temp name="T1465"/><temp name="T1375"/><temp name="T1431"/><temp name="T1456"/><temp name="T1393"/><temp name="T370"/><temp name="T1364"/><temp name="T1421"/><temp name="T1425"/><temp name="T1444"/><temp name="T1381"/><temp name="T18"/><temp name="T1366"/><temp name="T1402"/><temp name="T1386"/><temp name="T1448"/><temp name="T1370"/><temp name="T1415"/><temp name="T1389"/><temp name="T1419"/><temp name="T1396"/><temp name="T1410"/><temp name="T1460"/></temps></instruction><instruction code="INCMH T1398, 0"><temps name="use"/><temps name="def"><temp name="T1398"/></temps><temps name="in"><temp name="T1454"/><temp name="T1465"/><temp name="T1375"/><temp name="T1431"/><temp name="T1456"/><temp name="T1393"/><temp name="T370"/><temp name="T1364"/><temp name="T1421"/><temp name="T1425"/><temp name="T1444"/><temp name="T1381"/><temp name="T18"/><temp name="T1366"/><temp name="T1402"/><temp name="T1386"/><temp name="T1448"/><temp name="T1370"/><temp name="T1415"/><temp name="T1389"/><temp name="T1419"/><temp name="T1396"/><temp name="T1410"/><temp name="T1460"/></temps><temps name="out"><temp name="T1454"/><temp name="T1465"/><temp name="T1375"/><temp name="T1431"/><temp name="T1456"/><temp name="T1393"/><temp name="T370"/><temp name="T1364"/><temp name="T1421"/><temp name="T1425"/><temp name="T1444"/><temp name="T1381"/><temp name="T18"/><temp name="T1366"/><temp name="T1402"/><temp name="T1386"/><temp name="T1448"/><temp name="T1370"/><temp name="T1415"/><temp name="T1389"/><temp name="T1419"/><temp name="T1396"/><temp name="T1410"/><temp name="T1460"/></temps></instruction><instruction code="INCH  T1398, 0"><temps name="use"/><temps name="def"><temp name="T1398"/></temps><temps name="in"><temp name="T1454"/><temp name="T1465"/><temp name="T1375"/><temp name="T1431"/><temp name="T1456"/><temp name="T1393"/><temp name="T370"/><temp name="T1364"/><temp name="T1421"/><temp name="T1425"/><temp name="T1444"/><temp name="T1381"/><temp name="T18"/><temp name="T1366"/><temp name="T1402"/><temp name="T1386"/><temp name="T1448"/><temp name="T1370"/><temp name="T1415"/><temp name="T1389"/><temp name="T1419"/><temp name="T1396"/><temp name="T1410"/><temp name="T1460"/></temps><temps name="out"><temp name="T1454"/><temp name="T1465"/><temp name="T1375"/><temp name="T1431"/><temp name="T1456"/><temp name="T1393"/><temp name="T1398"/><temp name="T370"/><temp name="T1364"/><temp name="T1421"/><temp name="T1425"/><temp name="T1444"/><temp name="T1381"/><temp name="T18"/><temp name="T1366"/><temp name="T1402"/><temp name="T1386"/><temp name="T1448"/><temp name="T1370"/><temp name="T1415"/><temp name="T1389"/><temp name="T1419"/><temp name="T1396"/><temp name="T1410"/><temp name="T1460"/></temps></instruction><instruction code="OR T371, T1398, 0"><temps name="use"><temp name="T1398"/></temps><temps name="def"><temp name="T371"/></temps><temps name="in"><temp name="T1454"/><temp name="T1465"/><temp name="T1375"/><temp name="T1431"/><temp name="T1456"/><temp name="T1393"/><temp name="T1398"/><temp name="T370"/><temp name="T1364"/><temp name="T1421"/><temp name="T1425"/><temp name="T1444"/><temp name="T1381"/><temp name="T18"/><temp name="T1366"/><temp name="T1402"/><temp name="T1386"/><temp name="T1448"/><temp name="T1370"/><temp name="T1415"/><temp name="T1389"/><temp name="T1419"/><temp name="T1396"/><temp name="T1410"/><temp name="T1460"/></temps><temps name="out"><temp name="T1454"/><temp name="T371"/><temp name="T1465"/><temp name="T1375"/><temp name="T1431"/><temp name="T1456"/><temp name="T1393"/><temp name="T370"/><temp name="T1364"/><temp name="T1421"/><temp name="T1425"/><temp name="T1444"/><temp name="T1381"/><temp name="T18"/><temp name="T1366"/><temp name="T1402"/><temp name="T1386"/><temp name="T1448"/><temp name="T1370"/><temp name="T1415"/><temp name="T1389"/><temp name="T1419"/><temp name="T1396"/><temp name="T1410"/><temp name="T1460"/></temps></instruction><instruction code="ADD T1399, T370, T371"><temps name="use"><temp name="T370"/><temp name="T371"/></temps><temps name="def"><temp name="T1399"/></temps><temps name="in"><temp name="T1454"/><temp name="T371"/><temp name="T1465"/><temp name="T1375"/><temp name="T1431"/><temp name="T1456"/><temp name="T1393"/><temp name="T370"/><temp name="T1364"/><temp name="T1421"/><temp name="T1425"/><temp name="T1444"/><temp name="T1381"/><temp name="T18"/><temp name="T1366"/><temp name="T1402"/><temp name="T1386"/><temp name="T1448"/><temp name="T1370"/><temp name="T1415"/><temp name="T1389"/><temp name="T1419"/><temp name="T1396"/><temp name="T1410"/><temp name="T1460"/></temps><temps name="out"><temp name="T1454"/><temp name="T1465"/><temp name="T1375"/><temp name="T1431"/><temp name="T1456"/><temp name="T1393"/><temp name="T1364"/><temp name="T1421"/><temp name="T1425"/><temp name="T1444"/><temp name="T1381"/><temp name="T18"/><temp name="T1366"/><temp name="T1402"/><temp name="T1386"/><temp name="T1448"/><temp name="T1370"/><temp name="T1415"/><temp name="T1389"/><temp name="T1399"/><temp name="T1419"/><temp name="T1396"/><temp name="T1410"/><temp name="T1460"/></temps></instruction><instruction code="OR T372, T1399, 0"><temps name="use"><temp name="T1399"/></temps><temps name="def"><temp name="T372"/></temps><temps name="in"><temp name="T1454"/><temp name="T1465"/><temp name="T1375"/><temp name="T1431"/><temp name="T1456"/><temp name="T1393"/><temp name="T1364"/><temp name="T1421"/><temp name="T1425"/><temp name="T1444"/><temp name="T1381"/><temp name="T18"/><temp name="T1366"/><temp name="T1402"/><temp name="T1386"/><temp name="T1448"/><temp name="T1370"/><temp name="T1415"/><temp name="T1389"/><temp name="T1399"/><temp name="T1419"/><temp name="T1396"/><temp name="T1410"/><temp name="T1460"/></temps><temps name="out"><temp name="T1454"/><temp name="T1465"/><temp name="T1375"/><temp name="T1431"/><temp name="T1456"/><temp name="T1393"/><temp name="T1364"/><temp name="T1421"/><temp name="T1425"/><temp name="T1444"/><temp name="T1381"/><temp name="T18"/><temp name="T1366"/><temp name="T1402"/><temp name="T1386"/><temp name="T1448"/><temp name="T1370"/><temp name="T1415"/><temp name="T1389"/><temp name="T1419"/><temp name="T1396"/><temp name="T1410"/><temp name="T1460"/><temp name="T372"/></temps></instruction><instruction code="LDO T1403, T1402, 0"><temps name="use"><temp name="T1402"/></temps><temps name="def"><temp name="T1403"/></temps><temps name="in"><temp name="T1454"/><temp name="T1465"/><temp name="T1375"/><temp name="T1431"/><temp name="T1456"/><temp name="T1393"/><temp name="T1364"/><temp name="T1421"/><temp name="T1425"/><temp name="T1444"/><temp name="T1381"/><temp name="T18"/><temp name="T1366"/><temp name="T1402"/><temp name="T1386"/><temp name="T1448"/><temp name="T1370"/><temp name="T1415"/><temp name="T1389"/><temp name="T1419"/><temp name="T1396"/><temp name="T1410"/><temp name="T1460"/><temp name="T372"/></temps><temps name="out"><temp name="T1454"/><temp name="T1465"/><temp name="T1375"/><temp name="T1431"/><temp name="T1456"/><temp name="T1393"/><temp name="T1364"/><temp name="T1421"/><temp name="T1425"/><temp name="T1403"/><temp name="T1444"/><temp name="T1381"/><temp name="T18"/><temp name="T1366"/><temp name="T1402"/><temp name="T1386"/><temp name="T1448"/><temp name="T1370"/><temp name="T1415"/><temp name="T1389"/><temp name="T1419"/><temp name="T1396"/><temp name="T1410"/><temp name="T1460"/><temp name="T372"/></temps></instruction><instruction code="STO T1403, T372, 0"><temps name="use"><temp name="T1403"/><temp name="T372"/></temps><temps name="def"/><temps name="in"><temp name="T1454"/><temp name="T1465"/><temp name="T1375"/><temp name="T1431"/><temp name="T1456"/><temp name="T1393"/><temp name="T1364"/><temp name="T1421"/><temp name="T1425"/><temp name="T1403"/><temp name="T1444"/><temp name="T1381"/><temp name="T18"/><temp name="T1366"/><temp name="T1402"/><temp name="T1386"/><temp name="T1448"/><temp name="T1370"/><temp name="T1415"/><temp name="T1389"/><temp name="T1419"/><temp name="T1396"/><temp name="T1410"/><temp name="T1460"/><temp name="T372"/></temps><temps name="out"><temp name="T1454"/><temp name="T1465"/><temp name="T1375"/><temp name="T1381"/><temp name="T18"/><temp name="T1366"/><temp name="T1431"/><temp name="T1456"/><temp name="T1402"/><temp name="T1393"/><temp name="T1386"/><temp name="T1448"/><temp name="T1364"/><temp name="T1370"/><temp name="T1415"/><temp name="T1389"/><temp name="T1421"/><temp name="T1419"/><temp name="T1425"/><temp name="T1396"/><temp name="T1410"/><temp name="T1460"/><temp name="T1444"/></temps></instruction><instruction code="LDA T1404, L38"><temps name="use"/><temps name="def"><temp name="T1404"/></temps><temps name="in"><temp name="T1454"/><temp name="T1465"/><temp name="T1375"/><temp name="T1381"/><temp name="T18"/><temp name="T1366"/><temp name="T1431"/><temp name="T1456"/><temp name="T1402"/><temp name="T1393"/><temp name="T1386"/><temp name="T1448"/><temp name="T1364"/><temp name="T1370"/><temp name="T1415"/><temp name="T1389"/><temp name="T1421"/><temp name="T1419"/><temp name="T1425"/><temp name="T1396"/><temp name="T1410"/><temp name="T1460"/><temp name="T1444"/></temps><temps name="out"><temp name="T1454"/><temp name="T1465"/><temp name="T1375"/><temp name="T1431"/><temp name="T1456"/><temp name="T1393"/><temp name="T1364"/><temp name="T1421"/><temp name="T1425"/><temp name="T1444"/><temp name="T1381"/><temp name="T18"/><temp name="T1366"/><temp name="T1402"/><temp name="T1386"/><temp name="T1448"/><temp name="T1370"/><temp name="T1415"/><temp name="T1404"/><temp name="T1389"/><temp name="T1419"/><temp name="T1396"/><temp name="T1410"/><temp name="T1460"/></temps></instruction><instruction code="GO T1404, T1404, 0"><temps name="use"><temp name="T1404"/></temps><temps name="def"><temp name="T1404"/></temps><temps name="in"><temp name="T1454"/><temp name="T1465"/><temp name="T1375"/><temp name="T1431"/><temp name="T1456"/><temp name="T1393"/><temp name="T1364"/><temp name="T1421"/><temp name="T1425"/><temp name="T1444"/><temp name="T1381"/><temp name="T18"/><temp name="T1366"/><temp name="T1402"/><temp name="T1386"/><temp name="T1448"/><temp name="T1370"/><temp name="T1415"/><temp name="T1404"/><temp name="T1389"/><temp name="T1419"/><temp name="T1396"/><temp name="T1410"/><temp name="T1460"/></temps><temps name="out"><temp name="T1454"/><temp name="T1465"/><temp name="T1375"/><temp name="T1381"/><temp name="T18"/><temp name="T1366"/><temp name="T1431"/><temp name="T1456"/><temp name="T1402"/><temp name="T1393"/><temp name="T1386"/><temp name="T1448"/><temp name="T1364"/><temp name="T1370"/><temp name="T1415"/><temp name="T1389"/><temp name="T1421"/><temp name="T1419"/><temp name="T1425"/><temp name="T1396"/><temp name="T1410"/><temp name="T1460"/><temp name="T1444"/></temps></instruction><instruction code="L40"><temps name="use"/><temps name="def"/><temps name="in"><temp name="T1454"/><temp name="T1465"/><temp name="T18"/><temp name="T1431"/><temp name="T1456"/><temp name="T1448"/><temp name="T1415"/><temp name="T1421"/><temp name="T1419"/><temp name="T1425"/><temp name="T1410"/><temp name="T1460"/><temp name="T1444"/></temps><temps name="out"><temp name="T1454"/><temp name="T1465"/><temp name="T18"/><temp name="T1431"/><temp name="T1456"/><temp name="T1448"/><temp name="T1415"/><temp name="T1421"/><temp name="T1419"/><temp name="T1425"/><temp name="T1410"/><temp name="T1460"/><temp name="T1444"/></temps></instruction><instruction code="SETL  T1405, 0"><temps name="use"/><temps name="def"><temp name="T1405"/></temps><temps name="in"><temp name="T1454"/><temp name="T1465"/><temp name="T18"/><temp name="T1431"/><temp name="T1456"/><temp name="T1448"/><temp name="T1415"/><temp name="T1421"/><temp name="T1419"/><temp name="T1425"/><temp name="T1410"/><temp name="T1460"/><temp name="T1444"/></temps><temps name="out"><temp name="T1454"/><temp name="T1465"/><temp name="T18"/><temp name="T1431"/><temp name="T1456"/><temp name="T1448"/><temp name="T1415"/><temp name="T1421"/><temp name="T1419"/><temp name="T1425"/><temp name="T1410"/><temp name="T1460"/><temp name="T1444"/></temps></instruction><instruction code="INCML T1405, 0"><temps name="use"/><temps name="def"><temp name="T1405"/></temps><temps name="in"><temp name="T1454"/><temp name="T1465"/><temp name="T18"/><temp name="T1431"/><temp name="T1456"/><temp name="T1448"/><temp name="T1415"/><temp name="T1421"/><temp name="T1419"/><temp name="T1425"/><temp name="T1410"/><temp name="T1460"/><temp name="T1444"/></temps><temps name="out"><temp name="T1454"/><temp name="T1465"/><temp name="T18"/><temp name="T1431"/><temp name="T1456"/><temp name="T1448"/><temp name="T1415"/><temp name="T1421"/><temp name="T1419"/><temp name="T1425"/><temp name="T1410"/><temp name="T1460"/><temp name="T1444"/></temps></instruction><instruction code="INCMH T1405, 0"><temps name="use"/><temps name="def"><temp name="T1405"/></temps><temps name="in"><temp name="T1454"/><temp name="T1465"/><temp name="T18"/><temp name="T1431"/><temp name="T1456"/><temp name="T1448"/><temp name="T1415"/><temp name="T1421"/><temp name="T1419"/><temp name="T1425"/><temp name="T1410"/><temp name="T1460"/><temp name="T1444"/></temps><temps name="out"><temp name="T1454"/><temp name="T1465"/><temp name="T18"/><temp name="T1431"/><temp name="T1456"/><temp name="T1448"/><temp name="T1415"/><temp name="T1421"/><temp name="T1419"/><temp name="T1425"/><temp name="T1410"/><temp name="T1460"/><temp name="T1444"/></temps></instruction><instruction code="INCH  T1405, 0"><temps name="use"/><temps name="def"><temp name="T1405"/></temps><temps name="in"><temp name="T1454"/><temp name="T1465"/><temp name="T18"/><temp name="T1431"/><temp name="T1456"/><temp name="T1448"/><temp name="T1415"/><temp name="T1421"/><temp name="T1419"/><temp name="T1425"/><temp name="T1410"/><temp name="T1460"/><temp name="T1444"/></temps><temps name="out"><temp name="T1454"/><temp name="T1465"/><temp name="T18"/><temp name="T1431"/><temp name="T1456"/><temp name="T1405"/><temp name="T1448"/><temp name="T1415"/><temp name="T1421"/><temp name="T1419"/><temp name="T1425"/><temp name="T1410"/><temp name="T1460"/><temp name="T1444"/></temps></instruction><instruction code="OR T373, T1405, 0"><temps name="use"><temp name="T1405"/></temps><temps name="def"><temp name="T373"/></temps><temps name="in"><temp name="T1454"/><temp name="T1465"/><temp name="T18"/><temp name="T1431"/><temp name="T1456"/><temp name="T1405"/><temp name="T1448"/><temp name="T1415"/><temp name="T1421"/><temp name="T1419"/><temp name="T1425"/><temp name="T1410"/><temp name="T1460"/><temp name="T1444"/></temps><temps name="out"><temp name="T1454"/><temp name="T1465"/><temp name="T18"/><temp name="T373"/><temp name="T1431"/><temp name="T1456"/><temp name="T1448"/><temp name="T1415"/><temp name="T1421"/><temp name="T1419"/><temp name="T1425"/><temp name="T1410"/><temp name="T1460"/><temp name="T1444"/></temps></instruction><instruction code="SETL  T1406, 10"><temps name="use"/><temps name="def"><temp name="T1406"/></temps><temps name="in"><temp name="T1454"/><temp name="T1465"/><temp name="T18"/><temp name="T373"/><temp name="T1431"/><temp name="T1456"/><temp name="T1448"/><temp name="T1415"/><temp name="T1421"/><temp name="T1419"/><temp name="T1425"/><temp name="T1410"/><temp name="T1460"/><temp name="T1444"/></temps><temps name="out"><temp name="T1454"/><temp name="T1465"/><temp name="T18"/><temp name="T373"/><temp name="T1431"/><temp name="T1456"/><temp name="T1448"/><temp name="T1415"/><temp name="T1421"/><temp name="T1419"/><temp name="T1425"/><temp name="T1410"/><temp name="T1460"/><temp name="T1444"/></temps></instruction><instruction code="INCML T1406, 0"><temps name="use"/><temps name="def"><temp name="T1406"/></temps><temps name="in"><temp name="T1454"/><temp name="T1465"/><temp name="T18"/><temp name="T373"/><temp name="T1431"/><temp name="T1456"/><temp name="T1448"/><temp name="T1415"/><temp name="T1421"/><temp name="T1419"/><temp name="T1425"/><temp name="T1410"/><temp name="T1460"/><temp name="T1444"/></temps><temps name="out"><temp name="T1454"/><temp name="T1465"/><temp name="T18"/><temp name="T373"/><temp name="T1431"/><temp name="T1456"/><temp name="T1448"/><temp name="T1415"/><temp name="T1421"/><temp name="T1419"/><temp name="T1425"/><temp name="T1410"/><temp name="T1460"/><temp name="T1444"/></temps></instruction><instruction code="INCMH T1406, 0"><temps name="use"/><temps name="def"><temp name="T1406"/></temps><temps name="in"><temp name="T1454"/><temp name="T1465"/><temp name="T18"/><temp name="T373"/><temp name="T1431"/><temp name="T1456"/><temp name="T1448"/><temp name="T1415"/><temp name="T1421"/><temp name="T1419"/><temp name="T1425"/><temp name="T1410"/><temp name="T1460"/><temp name="T1444"/></temps><temps name="out"><temp name="T1454"/><temp name="T1465"/><temp name="T18"/><temp name="T373"/><temp name="T1431"/><temp name="T1456"/><temp name="T1448"/><temp name="T1415"/><temp name="T1421"/><temp name="T1419"/><temp name="T1425"/><temp name="T1410"/><temp name="T1460"/><temp name="T1444"/></temps></instruction><instruction code="INCH  T1406, 0"><temps name="use"/><temps name="def"><temp name="T1406"/></temps><temps name="in"><temp name="T1454"/><temp name="T1465"/><temp name="T18"/><temp name="T373"/><temp name="T1431"/><temp name="T1456"/><temp name="T1448"/><temp name="T1415"/><temp name="T1421"/><temp name="T1419"/><temp name="T1425"/><temp name="T1410"/><temp name="T1460"/><temp name="T1444"/></temps><temps name="out"><temp name="T1454"/><temp name="T1465"/><temp name="T18"/><temp name="T373"/><temp name="T1431"/><temp name="T1456"/><temp name="T1448"/><temp name="T1415"/><temp name="T1421"/><temp name="T1419"/><temp name="T1425"/><temp name="T1406"/><temp name="T1410"/><temp name="T1460"/><temp name="T1444"/></temps></instruction><instruction code="OR T374, T1406, 0"><temps name="use"><temp name="T1406"/></temps><temps name="def"><temp name="T374"/></temps><temps name="in"><temp name="T1454"/><temp name="T1465"/><temp name="T18"/><temp name="T373"/><temp name="T1431"/><temp name="T1456"/><temp name="T1448"/><temp name="T1415"/><temp name="T1421"/><temp name="T1419"/><temp name="T1425"/><temp name="T1406"/><temp name="T1410"/><temp name="T1460"/><temp name="T1444"/></temps><temps name="out"><temp name="T1454"/><temp name="T1465"/><temp name="T18"/><temp name="T373"/><temp name="T1431"/><temp name="T1456"/><temp name="T1448"/><temp name="T374"/><temp name="T1415"/><temp name="T1421"/><temp name="T1419"/><temp name="T1425"/><temp name="T1410"/><temp name="T1460"/><temp name="T1444"/></temps></instruction><instruction code="SETL  T1407, 256"><temps name="use"/><temps name="def"><temp name="T1407"/></temps><temps name="in"><temp name="T1454"/><temp name="T1465"/><temp name="T18"/><temp name="T373"/><temp name="T1431"/><temp name="T1456"/><temp name="T1448"/><temp name="T374"/><temp name="T1415"/><temp name="T1421"/><temp name="T1419"/><temp name="T1425"/><temp name="T1410"/><temp name="T1460"/><temp name="T1444"/></temps><temps name="out"><temp name="T1454"/><temp name="T1465"/><temp name="T18"/><temp name="T373"/><temp name="T1431"/><temp name="T1456"/><temp name="T1448"/><temp name="T374"/><temp name="T1415"/><temp name="T1421"/><temp name="T1419"/><temp name="T1425"/><temp name="T1410"/><temp name="T1460"/><temp name="T1444"/></temps></instruction><instruction code="INCML T1407, 0"><temps name="use"/><temps name="def"><temp name="T1407"/></temps><temps name="in"><temp name="T1454"/><temp name="T1465"/><temp name="T18"/><temp name="T373"/><temp name="T1431"/><temp name="T1456"/><temp name="T1448"/><temp name="T374"/><temp name="T1415"/><temp name="T1421"/><temp name="T1419"/><temp name="T1425"/><temp name="T1410"/><temp name="T1460"/><temp name="T1444"/></temps><temps name="out"><temp name="T1454"/><temp name="T1465"/><temp name="T18"/><temp name="T373"/><temp name="T1431"/><temp name="T1456"/><temp name="T1448"/><temp name="T374"/><temp name="T1415"/><temp name="T1421"/><temp name="T1419"/><temp name="T1425"/><temp name="T1410"/><temp name="T1460"/><temp name="T1444"/></temps></instruction><instruction code="INCMH T1407, 0"><temps name="use"/><temps name="def"><temp name="T1407"/></temps><temps name="in"><temp name="T1454"/><temp name="T1465"/><temp name="T18"/><temp name="T373"/><temp name="T1431"/><temp name="T1456"/><temp name="T1448"/><temp name="T374"/><temp name="T1415"/><temp name="T1421"/><temp name="T1419"/><temp name="T1425"/><temp name="T1410"/><temp name="T1460"/><temp name="T1444"/></temps><temps name="out"><temp name="T1454"/><temp name="T1465"/><temp name="T18"/><temp name="T373"/><temp name="T1431"/><temp name="T1456"/><temp name="T1448"/><temp name="T374"/><temp name="T1415"/><temp name="T1421"/><temp name="T1419"/><temp name="T1425"/><temp name="T1410"/><temp name="T1460"/><temp name="T1444"/></temps></instruction><instruction code="INCH  T1407, 0"><temps name="use"/><temps name="def"><temp name="T1407"/></temps><temps name="in"><temp name="T1454"/><temp name="T1465"/><temp name="T18"/><temp name="T373"/><temp name="T1431"/><temp name="T1456"/><temp name="T1448"/><temp name="T374"/><temp name="T1415"/><temp name="T1421"/><temp name="T1419"/><temp name="T1425"/><temp name="T1410"/><temp name="T1460"/><temp name="T1444"/></temps><temps name="out"><temp name="T1454"/><temp name="T1465"/><temp name="T18"/><temp name="T373"/><temp name="T1431"/><temp name="T1456"/><temp name="T1407"/><temp name="T1448"/><temp name="T374"/><temp name="T1415"/><temp name="T1421"/><temp name="T1419"/><temp name="T1425"/><temp name="T1410"/><temp name="T1460"/><temp name="T1444"/></temps></instruction><instruction code="OR T375, T1407, 0"><temps name="use"><temp name="T1407"/></temps><temps name="def"><temp name="T375"/></temps><temps name="in"><temp name="T1454"/><temp name="T1465"/><temp name="T18"/><temp name="T373"/><temp name="T1431"/><temp name="T1456"/><temp name="T1407"/><temp name="T1448"/><temp name="T374"/><temp name="T1415"/><temp name="T1421"/><temp name="T1419"/><temp name="T1425"/><temp name="T1410"/><temp name="T1460"/><temp name="T1444"/></temps><temps name="out"><temp name="T1454"/><temp name="T375"/><temp name="T1465"/><temp name="T18"/><temp name="T373"/><temp name="T1431"/><temp name="T1456"/><temp name="T1448"/><temp name="T374"/><temp name="T1415"/><temp name="T1421"/><temp name="T1419"/><temp name="T1425"/><temp name="T1410"/><temp name="T1460"/><temp name="T1444"/></temps></instruction><instruction code="DIV T1408, T374, T375"><temps name="use"><temp name="T374"/><temp name="T375"/></temps><temps name="def"><temp name="T1408"/></temps><temps name="in"><temp name="T1454"/><temp name="T375"/><temp name="T1465"/><temp name="T18"/><temp name="T373"/><temp name="T1431"/><temp name="T1456"/><temp name="T1448"/><temp name="T374"/><temp name="T1415"/><temp name="T1421"/><temp name="T1419"/><temp name="T1425"/><temp name="T1410"/><temp name="T1460"/><temp name="T1444"/></temps><temps name="out"><temp name="T1454"/><temp name="T1465"/><temp name="T18"/><temp name="T373"/><temp name="T1431"/><temp name="T1456"/><temp name="T1448"/><temp name="T1415"/><temp name="T1421"/><temp name="T1419"/><temp name="T1425"/><temp name="T1410"/><temp name="T1460"/><temp name="T1444"/></temps></instruction><instruction code="OR T1408, rR, 0"><temps name="use"/><temps name="def"><temp name="T1408"/></temps><temps name="in"><temp name="T1454"/><temp name="T1465"/><temp name="T18"/><temp name="T373"/><temp name="T1431"/><temp name="T1456"/><temp name="T1448"/><temp name="T1415"/><temp name="T1421"/><temp name="T1419"/><temp name="T1425"/><temp name="T1410"/><temp name="T1460"/><temp name="T1444"/></temps><temps name="out"><temp name="T1454"/><temp name="T1465"/><temp name="T18"/><temp name="T373"/><temp name="T1431"/><temp name="T1456"/><temp name="T1448"/><temp name="T1415"/><temp name="T1421"/><temp name="T1419"/><temp name="T1425"/><temp name="T1410"/><temp name="T1460"/><temp name="T1408"/><temp name="T1444"/></temps></instruction><instruction code="OR T376, T1408, 0"><temps name="use"><temp name="T1408"/></temps><temps name="def"><temp name="T376"/></temps><temps name="in"><temp name="T1454"/><temp name="T1465"/><temp name="T18"/><temp name="T373"/><temp name="T1431"/><temp name="T1456"/><temp name="T1448"/><temp name="T1415"/><temp name="T1421"/><temp name="T1419"/><temp name="T1425"/><temp name="T1410"/><temp name="T1460"/><temp name="T1408"/><temp name="T1444"/></temps><temps name="out"><temp name="T1454"/><temp name="T1465"/><temp name="T18"/><temp name="T373"/><temp name="T1431"/><temp name="T1456"/><temp name="T1448"/><temp name="T1415"/><temp name="T376"/><temp name="T1421"/><temp name="T1419"/><temp name="T1425"/><temp name="T1410"/><temp name="T1460"/><temp name="T1444"/></temps></instruction><instruction code="STO T373, $254, 8"><temps name="use"><temp name="T373"/></temps><temps name="def"/><temps name="in"><temp name="T1454"/><temp name="T1465"/><temp name="T18"/><temp name="T373"/><temp name="T1431"/><temp name="T1456"/><temp name="T1448"/><temp name="T1415"/><temp name="T376"/><temp name="T1421"/><temp name="T1419"/><temp name="T1425"/><temp name="T1410"/><temp name="T1460"/><temp name="T1444"/></temps><temps name="out"><temp name="T1454"/><temp name="T1465"/><temp name="T18"/><temp name="T1431"/><temp name="T1456"/><temp name="T1448"/><temp name="T1415"/><temp name="T376"/><temp name="T1421"/><temp name="T1419"/><temp name="T1425"/><temp name="T1410"/><temp name="T1460"/><temp name="T1444"/></temps></instruction><instruction code="STO T376, $254, 16"><temps name="use"><temp name="T376"/></temps><temps name="def"/><temps name="in"><temp name="T1454"/><temp name="T1465"/><temp name="T18"/><temp name="T1431"/><temp name="T1456"/><temp name="T1448"/><temp name="T1415"/><temp name="T376"/><temp name="T1421"/><temp name="T1419"/><temp name="T1425"/><temp name="T1410"/><temp name="T1460"/><temp name="T1444"/></temps><temps name="out"><temp name="T1454"/><temp name="T1465"/><temp name="T18"/><temp name="T1431"/><temp name="T1456"/><temp name="T1448"/><temp name="T1415"/><temp name="T1421"/><temp name="T1419"/><temp name="T1425"/><temp name="T1410"/><temp name="T1460"/><temp name="T1444"/></temps></instruction><instruction code="LDA T1409, _putChar"><temps name="use"/><temps name="def"><temp name="T1409"/></temps><temps name="in"><temp name="T1454"/><temp name="T1465"/><temp name="T18"/><temp name="T1431"/><temp name="T1456"/><temp name="T1448"/><temp name="T1415"/><temp name="T1421"/><temp name="T1419"/><temp name="T1425"/><temp name="T1410"/><temp name="T1460"/><temp name="T1444"/></temps><temps name="out"><temp name="T1454"/><temp name="T1409"/><temp name="T1465"/><temp name="T18"/><temp name="T1431"/><temp name="T1456"/><temp name="T1448"/><temp name="T1415"/><temp name="T1421"/><temp name="T1419"/><temp name="T1425"/><temp name="T1410"/><temp name="T1460"/><temp name="T1444"/></temps></instruction><instruction code="PUSHJ $15, T1409, 0"><temps name="use"><temp name="T1409"/></temps><temps name="def"/><temps name="in"><temp name="T1454"/><temp name="T1409"/><temp name="T1465"/><temp name="T18"/><temp name="T1431"/><temp name="T1456"/><temp name="T1448"/><temp name="T1415"/><temp name="T1421"/><temp name="T1419"/><temp name="T1425"/><temp name="T1410"/><temp name="T1460"/><temp name="T1444"/></temps><temps name="out"><temp name="T1454"/><temp name="T1465"/><temp name="T18"/><temp name="T1431"/><temp name="T1456"/><temp name="T1448"/><temp name="T1415"/><temp name="T1421"/><temp name="T1419"/><temp name="T1425"/><temp name="T1410"/><temp name="T1460"/><temp name="T1444"/></temps></instruction><instruction code="OR T377, T1410, 0"><temps name="use"><temp name="T1410"/></temps><temps name="def"><temp name="T377"/></temps><temps name="in"><temp name="T1454"/><temp name="T1465"/><temp name="T18"/><temp name="T1431"/><temp name="T1456"/><temp name="T1448"/><temp name="T1415"/><temp name="T1421"/><temp name="T1419"/><temp name="T1425"/><temp name="T1410"/><temp name="T1460"/><temp name="T1444"/></temps><temps name="out"><temp name="T1454"/><temp name="T1465"/><temp name="T18"/><temp name="T1431"/><temp name="T1456"/><temp name="T1448"/><temp name="T1415"/><temp name="T1421"/><temp name="T1419"/><temp name="T1425"/><temp name="T1460"/><temp name="T1444"/></temps></instruction><instruction code="LDA T1411, L46"><temps name="use"/><temps name="def"><temp name="T1411"/></temps><temps name="in"><temp name="T1454"/><temp name="T1465"/><temp name="T18"/><temp name="T1431"/><temp name="T1456"/><temp name="T1448"/><temp name="T1415"/><temp name="T1421"/><temp name="T1419"/><temp name="T1425"/><temp name="T1460"/><temp name="T1444"/></temps><temps name="out"><temp name="T1454"/><temp name="T1465"/><temp name="T18"/><temp name="T1431"/><temp name="T1456"/><temp name="T1448"/><temp name="T1415"/><temp name="T1421"/><temp name="T1419"/><temp name="T1411"/><temp name="T1425"/><temp name="T1460"/><temp name="T1444"/></temps></instruction><instruction code="GO T1411, T1411, 0"><temps name="use"><temp name="T1411"/></temps><temps name="def"><temp name="T1411"/></temps><temps name="in"><temp name="T1454"/><temp name="T1465"/><temp name="T18"/><temp name="T1431"/><temp name="T1456"/><temp name="T1448"/><temp name="T1415"/><temp name="T1421"/><temp name="T1419"/><temp name="T1411"/><temp name="T1425"/><temp name="T1460"/><temp name="T1444"/></temps><temps name="out"><temp name="T1454"/><temp name="T1465"/><temp name="T18"/><temp name="T1431"/><temp name="T1456"/><temp name="T1448"/><temp name="T1415"/><temp name="T1421"/><temp name="T1419"/><temp name="T1425"/><temp name="T1460"/><temp name="T1444"/></temps></instruction><instruction code="L45"><temps name="use"/><temps name="def"/><temps name="in"><temp name="T1454"/><temp name="T1465"/><temp name="T18"/><temp name="T1431"/><temp name="T1456"/><temp name="T1448"/><temp name="T1415"/><temp name="T1421"/><temp name="T1419"/><temp name="T1425"/><temp name="T1460"/><temp name="T1444"/></temps><temps name="out"><temp name="T1454"/><temp name="T1465"/><temp name="T18"/><temp name="T1431"/><temp name="T1456"/><temp name="T1448"/><temp name="T1415"/><temp name="T1421"/><temp name="T1419"/><temp name="T1425"/><temp name="T1460"/><temp name="T1444"/></temps></instruction><instruction code="SETL  T1412, 1"><temps name="use"/><temps name="def"><temp name="T1412"/></temps><temps name="in"><temp name="T1454"/><temp name="T1465"/><temp name="T18"/><temp name="T1431"/><temp name="T1456"/><temp name="T1448"/><temp name="T1415"/><temp name="T1421"/><temp name="T1419"/><temp name="T1425"/><temp name="T1460"/><temp name="T1444"/></temps><temps name="out"><temp name="T1454"/><temp name="T1465"/><temp name="T18"/><temp name="T1431"/><temp name="T1456"/><temp name="T1448"/><temp name="T1415"/><temp name="T1421"/><temp name="T1419"/><temp name="T1425"/><temp name="T1460"/><temp name="T1444"/></temps></instruction><instruction code="INCML T1412, 0"><temps name="use"/><temps name="def"><temp name="T1412"/></temps><temps name="in"><temp name="T1454"/><temp name="T1465"/><temp name="T18"/><temp name="T1431"/><temp name="T1456"/><temp name="T1448"/><temp name="T1415"/><temp name="T1421"/><temp name="T1419"/><temp name="T1425"/><temp name="T1460"/><temp name="T1444"/></temps><temps name="out"><temp name="T1454"/><temp name="T1465"/><temp name="T18"/><temp name="T1431"/><temp name="T1456"/><temp name="T1448"/><temp name="T1415"/><temp name="T1421"/><temp name="T1419"/><temp name="T1425"/><temp name="T1460"/><temp name="T1444"/></temps></instruction><instruction code="INCMH T1412, 0"><temps name="use"/><temps name="def"><temp name="T1412"/></temps><temps name="in"><temp name="T1454"/><temp name="T1465"/><temp name="T18"/><temp name="T1431"/><temp name="T1456"/><temp name="T1448"/><temp name="T1415"/><temp name="T1421"/><temp name="T1419"/><temp name="T1425"/><temp name="T1460"/><temp name="T1444"/></temps><temps name="out"><temp name="T1454"/><temp name="T1465"/><temp name="T18"/><temp name="T1431"/><temp name="T1456"/><temp name="T1448"/><temp name="T1415"/><temp name="T1421"/><temp name="T1419"/><temp name="T1425"/><temp name="T1460"/><temp name="T1444"/></temps></instruction><instruction code="INCH  T1412, 0"><temps name="use"/><temps name="def"><temp name="T1412"/></temps><temps name="in"><temp name="T1454"/><temp name="T1465"/><temp name="T18"/><temp name="T1431"/><temp name="T1456"/><temp name="T1448"/><temp name="T1415"/><temp name="T1421"/><temp name="T1419"/><temp name="T1425"/><temp name="T1460"/><temp name="T1444"/></temps><temps name="out"><temp name="T1454"/><temp name="T1465"/><temp name="T18"/><temp name="T1431"/><temp name="T1456"/><temp name="T1412"/><temp name="T1448"/><temp name="T1415"/><temp name="T1421"/><temp name="T1419"/><temp name="T1425"/><temp name="T1460"/><temp name="T1444"/></temps></instruction><instruction code="OR T378, T1412, 0"><temps name="use"><temp name="T1412"/></temps><temps name="def"><temp name="T378"/></temps><temps name="in"><temp name="T1454"/><temp name="T1465"/><temp name="T18"/><temp name="T1431"/><temp name="T1456"/><temp name="T1412"/><temp name="T1448"/><temp name="T1415"/><temp name="T1421"/><temp name="T1419"/><temp name="T1425"/><temp name="T1460"/><temp name="T1444"/></temps><temps name="out"><temp name="T1454"/><temp name="T1465"/><temp name="T18"/><temp name="T1431"/><temp name="T1456"/><temp name="T1448"/><temp name="T1415"/><temp name="T1421"/><temp name="T1419"/><temp name="T1425"/><temp name="T1460"/><temp name="T378"/><temp name="T1444"/></temps></instruction><instruction code="LDO T1416, T1415, 0"><temps name="use"><temp name="T1415"/></temps><temps name="def"><temp name="T1416"/></temps><temps name="in"><temp name="T1454"/><temp name="T1465"/><temp name="T18"/><temp name="T1431"/><temp name="T1456"/><temp name="T1448"/><temp name="T1415"/><temp name="T1421"/><temp name="T1419"/><temp name="T1425"/><temp name="T1460"/><temp name="T378"/><temp name="T1444"/></temps><temps name="out"><temp name="T1454"/><temp name="T1465"/><temp name="T1416"/><temp name="T18"/><temp name="T1431"/><temp name="T1456"/><temp name="T1448"/><temp name="T1421"/><temp name="T1419"/><temp name="T1425"/><temp name="T1460"/><temp name="T378"/><temp name="T1444"/></temps></instruction><instruction code="STO T1416, T378, 0"><temps name="use"><temp name="T1416"/><temp name="T378"/></temps><temps name="def"/><temps name="in"><temp name="T1454"/><temp name="T1465"/><temp name="T1416"/><temp name="T18"/><temp name="T1431"/><temp name="T1456"/><temp name="T1448"/><temp name="T1421"/><temp name="T1419"/><temp name="T1425"/><temp name="T1460"/><temp name="T378"/><temp name="T1444"/></temps><temps name="out"><temp name="T1448"/><temp name="T1454"/><temp name="T1465"/><temp name="T1421"/><temp name="T18"/><temp name="T1419"/><temp name="T1425"/><temp name="T1431"/><temp name="T1456"/><temp name="T1460"/><temp name="T1444"/></temps></instruction><instruction code="L41"><temps name="use"/><temps name="def"/><temps name="in"><temp name="T1448"/><temp name="T1454"/><temp name="T1465"/><temp name="T1421"/><temp name="T18"/><temp name="T1419"/><temp name="T1425"/><temp name="T1431"/><temp name="T1456"/><temp name="T1460"/><temp name="T1444"/></temps><temps name="out"><temp name="T1448"/><temp name="T1454"/><temp name="T1465"/><temp name="T1421"/><temp name="T18"/><temp name="T1419"/><temp name="T1425"/><temp name="T1431"/><temp name="T1456"/><temp name="T1460"/><temp name="T1444"/></temps></instruction><instruction code="OR T379, T18, 0"><temps name="use"><temp name="T18"/></temps><temps name="def"><temp name="T379"/></temps><temps name="in"><temp name="T1448"/><temp name="T1454"/><temp name="T1465"/><temp name="T1421"/><temp name="T18"/><temp name="T1419"/><temp name="T1425"/><temp name="T1431"/><temp name="T1456"/><temp name="T1460"/><temp name="T1444"/></temps><temps name="out"><temp name="T1454"/><temp name="T1465"/><temp name="T18"/><temp name="T1431"/><temp name="T1456"/><temp name="T1448"/><temp name="T1421"/><temp name="T1419"/><temp name="T379"/><temp name="T1425"/><temp name="T1460"/><temp name="T1444"/></temps></instruction><instruction code="SETL  T1417, 8"><temps name="use"/><temps name="def"><temp name="T1417"/></temps><temps name="in"><temp name="T1454"/><temp name="T1465"/><temp name="T18"/><temp name="T1431"/><temp name="T1456"/><temp name="T1448"/><temp name="T1421"/><temp name="T1419"/><temp name="T379"/><temp name="T1425"/><temp name="T1460"/><temp name="T1444"/></temps><temps name="out"><temp name="T1454"/><temp name="T1465"/><temp name="T18"/><temp name="T1431"/><temp name="T1456"/><temp name="T1448"/><temp name="T1421"/><temp name="T1419"/><temp name="T379"/><temp name="T1425"/><temp name="T1460"/><temp name="T1444"/></temps></instruction><instruction code="INCML T1417, 0"><temps name="use"/><temps name="def"><temp name="T1417"/></temps><temps name="in"><temp name="T1454"/><temp name="T1465"/><temp name="T18"/><temp name="T1431"/><temp name="T1456"/><temp name="T1448"/><temp name="T1421"/><temp name="T1419"/><temp name="T379"/><temp name="T1425"/><temp name="T1460"/><temp name="T1444"/></temps><temps name="out"><temp name="T1454"/><temp name="T1465"/><temp name="T18"/><temp name="T1431"/><temp name="T1456"/><temp name="T1448"/><temp name="T1421"/><temp name="T1419"/><temp name="T379"/><temp name="T1425"/><temp name="T1460"/><temp name="T1444"/></temps></instruction><instruction code="INCMH T1417, 0"><temps name="use"/><temps name="def"><temp name="T1417"/></temps><temps name="in"><temp name="T1454"/><temp name="T1465"/><temp name="T18"/><temp name="T1431"/><temp name="T1456"/><temp name="T1448"/><temp name="T1421"/><temp name="T1419"/><temp name="T379"/><temp name="T1425"/><temp name="T1460"/><temp name="T1444"/></temps><temps name="out"><temp name="T1454"/><temp name="T1465"/><temp name="T18"/><temp name="T1431"/><temp name="T1456"/><temp name="T1448"/><temp name="T1421"/><temp name="T1419"/><temp name="T379"/><temp name="T1425"/><temp name="T1460"/><temp name="T1444"/></temps></instruction><instruction code="INCH  T1417, 0"><temps name="use"/><temps name="def"><temp name="T1417"/></temps><temps name="in"><temp name="T1454"/><temp name="T1465"/><temp name="T18"/><temp name="T1431"/><temp name="T1456"/><temp name="T1448"/><temp name="T1421"/><temp name="T1419"/><temp name="T379"/><temp name="T1425"/><temp name="T1460"/><temp name="T1444"/></temps><temps name="out"><temp name="T1454"/><temp name="T1465"/><temp name="T1417"/><temp name="T18"/><temp name="T1431"/><temp name="T1456"/><temp name="T1448"/><temp name="T1421"/><temp name="T1419"/><temp name="T379"/><temp name="T1425"/><temp name="T1460"/><temp name="T1444"/></temps></instruction><instruction code="NEG T1417, 0, T1417"><temps name="use"><temp name="T1417"/></temps><temps name="def"><temp name="T1417"/></temps><temps name="in"><temp name="T1454"/><temp name="T1465"/><temp name="T1417"/><temp name="T18"/><temp name="T1431"/><temp name="T1456"/><temp name="T1448"/><temp name="T1421"/><temp name="T1419"/><temp name="T379"/><temp name="T1425"/><temp name="T1460"/><temp name="T1444"/></temps><temps name="out"><temp name="T1454"/><temp name="T1465"/><temp name="T1417"/><temp name="T18"/><temp name="T1431"/><temp name="T1456"/><temp name="T1448"/><temp name="T1421"/><temp name="T1419"/><temp name="T379"/><temp name="T1425"/><temp name="T1460"/><temp name="T1444"/></temps></instruction><instruction code="OR T380, T1417, 0"><temps name="use"><temp name="T1417"/></temps><temps name="def"><temp name="T380"/></temps><temps name="in"><temp name="T1454"/><temp name="T1465"/><temp name="T1417"/><temp name="T18"/><temp name="T1431"/><temp name="T1456"/><temp name="T1448"/><temp name="T1421"/><temp name="T1419"/><temp name="T379"/><temp name="T1425"/><temp name="T1460"/><temp name="T1444"/></temps><temps name="out"><temp name="T1454"/><temp name="T1465"/><temp name="T18"/><temp name="T1431"/><temp name="T1456"/><temp name="T380"/><temp name="T1448"/><temp name="T1421"/><temp name="T1419"/><temp name="T379"/><temp name="T1425"/><temp name="T1460"/><temp name="T1444"/></temps></instruction><instruction code="ADD T1418, T379, T380"><temps name="use"><temp name="T379"/><temp name="T380"/></temps><temps name="def"><temp name="T1418"/></temps><temps name="in"><temp name="T1454"/><temp name="T1465"/><temp name="T18"/><temp name="T1431"/><temp name="T1456"/><temp name="T380"/><temp name="T1448"/><temp name="T1421"/><temp name="T1419"/><temp name="T379"/><temp name="T1425"/><temp name="T1460"/><temp name="T1444"/></temps><temps name="out"><temp name="T1454"/><temp name="T1465"/><temp name="T18"/><temp name="T1418"/><temp name="T1431"/><temp name="T1456"/><temp name="T1448"/><temp name="T1421"/><temp name="T1419"/><temp name="T1425"/><temp name="T1460"/><temp name="T1444"/></temps></instruction><instruction code="OR T381, T1418, 0"><temps name="use"><temp name="T1418"/></temps><temps name="def"><temp name="T381"/></temps><temps name="in"><temp name="T1454"/><temp name="T1465"/><temp name="T18"/><temp name="T1418"/><temp name="T1431"/><temp name="T1456"/><temp name="T1448"/><temp name="T1421"/><temp name="T1419"/><temp name="T1425"/><temp name="T1460"/><temp name="T1444"/></temps><temps name="out"><temp name="T1448"/><temp name="T1454"/><temp name="T1465"/><temp name="T1421"/><temp name="T1419"/><temp name="T18"/><temp name="T1425"/><temp name="T1431"/><temp name="T1456"/><temp name="T1460"/><temp name="T1444"/></temps></instruction><instruction code="LDO T1420, T1419, 0"><temps name="use"><temp name="T1419"/></temps><temps name="def"><temp name="T1420"/></temps><temps name="in"><temp name="T1448"/><temp name="T1454"/><temp name="T1465"/><temp name="T1421"/><temp name="T1419"/><temp name="T18"/><temp name="T1425"/><temp name="T1431"/><temp name="T1456"/><temp name="T1460"/><temp name="T1444"/></temps><temps name="out"><temp name="T1454"/><temp name="T1465"/><temp name="T18"/><temp name="T1431"/><temp name="T1456"/><temp name="T1420"/><temp name="T1448"/><temp name="T1421"/><temp name="T1419"/><temp name="T1425"/><temp name="T1460"/><temp name="T1444"/></temps></instruction><instruction code="OR T382, T1420, 0"><temps name="use"><temp name="T1420"/></temps><temps name="def"><temp name="T382"/></temps><temps name="in"><temp name="T1454"/><temp name="T1465"/><temp name="T18"/><temp name="T1431"/><temp name="T1456"/><temp name="T1420"/><temp name="T1448"/><temp name="T1421"/><temp name="T1419"/><temp name="T1425"/><temp name="T1460"/><temp name="T1444"/></temps><temps name="out"><temp name="T1454"/><temp name="T1465"/><temp name="T18"/><temp name="T1431"/><temp name="T1456"/><temp name="T1448"/><temp name="T382"/><temp name="T1421"/><temp name="T1419"/><temp name="T1425"/><temp name="T1460"/><temp name="T1444"/></temps></instruction><instruction code="OR T383, T18, 0"><temps name="use"><temp name="T18"/></temps><temps name="def"><temp name="T383"/></temps><temps name="in"><temp name="T1454"/><temp name="T1465"/><temp name="T18"/><temp name="T1431"/><temp name="T1456"/><temp name="T1448"/><temp name="T382"/><temp name="T1421"/><temp name="T1419"/><temp name="T1425"/><temp name="T1460"/><temp name="T1444"/></temps><temps name="out"><temp name="T1454"/><temp name="T1465"/><temp name="T18"/><temp name="T1431"/><temp name="T1456"/><temp name="T1448"/><temp name="T382"/><temp name="T1421"/><temp name="T1419"/><temp name="T1425"/><temp name="T1460"/><temp name="T1444"/></temps></instruction><instruction code="LDO T1422, T1421, 0"><temps name="use"><temp name="T1421"/></temps><temps name="def"><temp name="T1422"/></temps><temps name="in"><temp name="T1454"/><temp name="T1465"/><temp name="T18"/><temp name="T1431"/><temp name="T1456"/><temp name="T1448"/><temp name="T382"/><temp name="T1421"/><temp name="T1419"/><temp name="T1425"/><temp name="T1460"/><temp name="T1444"/></temps><temps name="out"><temp name="T1454"/><temp name="T1465"/><temp name="T18"/><temp name="T1431"/><temp name="T1456"/><temp name="T1448"/><temp name="T382"/><temp name="T1421"/><temp name="T1419"/><temp name="T1425"/><temp name="T1460"/><temp name="T1422"/><temp name="T1444"/></temps></instruction><instruction code="OR T384, T1422, 0"><temps name="use"><temp name="T1422"/></temps><temps name="def"><temp name="T384"/></temps><temps name="in"><temp name="T1454"/><temp name="T1465"/><temp name="T18"/><temp name="T1431"/><temp name="T1456"/><temp name="T1448"/><temp name="T382"/><temp name="T1421"/><temp name="T1419"/><temp name="T1425"/><temp name="T1460"/><temp name="T1422"/><temp name="T1444"/></temps><temps name="out"><temp name="T1454"/><temp name="T1465"/><temp name="T18"/><temp name="T1431"/><temp name="T1456"/><temp name="T1448"/><temp name="T382"/><temp name="T1421"/><temp name="T1419"/><temp name="T1425"/><temp name="T384"/><temp name="T1460"/><temp name="T1444"/></temps></instruction><instruction code="SETL  T1423, 16"><temps name="use"/><temps name="def"><temp name="T1423"/></temps><temps name="in"><temp name="T1454"/><temp name="T1465"/><temp name="T18"/><temp name="T1431"/><temp name="T1456"/><temp name="T1448"/><temp name="T382"/><temp name="T1421"/><temp name="T1419"/><temp name="T1425"/><temp name="T384"/><temp name="T1460"/><temp name="T1444"/></temps><temps name="out"><temp name="T1454"/><temp name="T1465"/><temp name="T18"/><temp name="T1431"/><temp name="T1456"/><temp name="T1448"/><temp name="T382"/><temp name="T1421"/><temp name="T1419"/><temp name="T1425"/><temp name="T384"/><temp name="T1460"/><temp name="T1444"/></temps></instruction><instruction code="INCML T1423, 0"><temps name="use"/><temps name="def"><temp name="T1423"/></temps><temps name="in"><temp name="T1454"/><temp name="T1465"/><temp name="T18"/><temp name="T1431"/><temp name="T1456"/><temp name="T1448"/><temp name="T382"/><temp name="T1421"/><temp name="T1419"/><temp name="T1425"/><temp name="T384"/><temp name="T1460"/><temp name="T1444"/></temps><temps name="out"><temp name="T1454"/><temp name="T1465"/><temp name="T18"/><temp name="T1431"/><temp name="T1456"/><temp name="T1448"/><temp name="T382"/><temp name="T1421"/><temp name="T1419"/><temp name="T1425"/><temp name="T384"/><temp name="T1460"/><temp name="T1444"/></temps></instruction><instruction code="INCMH T1423, 0"><temps name="use"/><temps name="def"><temp name="T1423"/></temps><temps name="in"><temp name="T1454"/><temp name="T1465"/><temp name="T18"/><temp name="T1431"/><temp name="T1456"/><temp name="T1448"/><temp name="T382"/><temp name="T1421"/><temp name="T1419"/><temp name="T1425"/><temp name="T384"/><temp name="T1460"/><temp name="T1444"/></temps><temps name="out"><temp name="T1454"/><temp name="T1465"/><temp name="T18"/><temp name="T1431"/><temp name="T1456"/><temp name="T1448"/><temp name="T382"/><temp name="T1421"/><temp name="T1419"/><temp name="T1425"/><temp name="T384"/><temp name="T1460"/><temp name="T1444"/></temps></instruction><instruction code="INCH  T1423, 0"><temps name="use"/><temps name="def"><temp name="T1423"/></temps><temps name="in"><temp name="T1454"/><temp name="T1465"/><temp name="T18"/><temp name="T1431"/><temp name="T1456"/><temp name="T1448"/><temp name="T382"/><temp name="T1421"/><temp name="T1419"/><temp name="T1425"/><temp name="T384"/><temp name="T1460"/><temp name="T1444"/></temps><temps name="out"><temp name="T1454"/><temp name="T1465"/><temp name="T18"/><temp name="T1431"/><temp name="T1456"/><temp name="T1423"/><temp name="T1448"/><temp name="T382"/><temp name="T1421"/><temp name="T1419"/><temp name="T1425"/><temp name="T384"/><temp name="T1460"/><temp name="T1444"/></temps></instruction><instruction code="OR T385, T1423, 0"><temps name="use"><temp name="T1423"/></temps><temps name="def"><temp name="T385"/></temps><temps name="in"><temp name="T1454"/><temp name="T1465"/><temp name="T18"/><temp name="T1431"/><temp name="T1456"/><temp name="T1423"/><temp name="T1448"/><temp name="T382"/><temp name="T1421"/><temp name="T1419"/><temp name="T1425"/><temp name="T384"/><temp name="T1460"/><temp name="T1444"/></temps><temps name="out"><temp name="T1454"/><temp name="T1465"/><temp name="T18"/><temp name="T1431"/><temp name="T1456"/><temp name="T1448"/><temp name="T385"/><temp name="T382"/><temp name="T1421"/><temp name="T1419"/><temp name="T1425"/><temp name="T384"/><temp name="T1460"/><temp name="T1444"/></temps></instruction><instruction code="ADD T1424, T384, T385"><temps name="use"><temp name="T384"/><temp name="T385"/></temps><temps name="def"><temp name="T1424"/></temps><temps name="in"><temp name="T1454"/><temp name="T1465"/><temp name="T18"/><temp name="T1431"/><temp name="T1456"/><temp name="T1448"/><temp name="T385"/><temp name="T382"/><temp name="T1421"/><temp name="T1419"/><temp name="T1425"/><temp name="T384"/><temp name="T1460"/><temp name="T1444"/></temps><temps name="out"><temp name="T1454"/><temp name="T1465"/><temp name="T18"/><temp name="T1431"/><temp name="T1456"/><temp name="T1448"/><temp name="T382"/><temp name="T1421"/><temp name="T1419"/><temp name="T1425"/><temp name="T1460"/><temp name="T1424"/><temp name="T1444"/></temps></instruction><instruction code="OR T386, T1424, 0"><temps name="use"><temp name="T1424"/></temps><temps name="def"><temp name="T386"/></temps><temps name="in"><temp name="T1454"/><temp name="T1465"/><temp name="T18"/><temp name="T1431"/><temp name="T1456"/><temp name="T1448"/><temp name="T382"/><temp name="T1421"/><temp name="T1419"/><temp name="T1425"/><temp name="T1460"/><temp name="T1424"/><temp name="T1444"/></temps><temps name="out"><temp name="T1454"/><temp name="T1465"/><temp name="T18"/><temp name="T1431"/><temp name="T1456"/><temp name="T1448"/><temp name="T382"/><temp name="T1421"/><temp name="T1419"/><temp name="T1425"/><temp name="T1460"/><temp name="T1444"/></temps></instruction><instruction code="LDO T1426, T1425, 0"><temps name="use"><temp name="T1425"/></temps><temps name="def"><temp name="T1426"/></temps><temps name="in"><temp name="T1454"/><temp name="T1465"/><temp name="T18"/><temp name="T1431"/><temp name="T1456"/><temp name="T1448"/><temp name="T382"/><temp name="T1421"/><temp name="T1419"/><temp name="T1425"/><temp name="T1460"/><temp name="T1444"/></temps><temps name="out"><temp name="T1454"/><temp name="T1465"/><temp name="T18"/><temp name="T1431"/><temp name="T1456"/><temp name="T1426"/><temp name="T1448"/><temp name="T382"/><temp name="T1421"/><temp name="T1419"/><temp name="T1425"/><temp name="T1460"/><temp name="T1444"/></temps></instruction><instruction code="OR T387, T1426, 0"><temps name="use"><temp name="T1426"/></temps><temps name="def"><temp name="T387"/></temps><temps name="in"><temp name="T1454"/><temp name="T1465"/><temp name="T18"/><temp name="T1431"/><temp name="T1456"/><temp name="T1426"/><temp name="T1448"/><temp name="T382"/><temp name="T1421"/><temp name="T1419"/><temp name="T1425"/><temp name="T1460"/><temp name="T1444"/></temps><temps name="out"><temp name="T1454"/><temp name="T387"/><temp name="T1465"/><temp name="T18"/><temp name="T1431"/><temp name="T1456"/><temp name="T1448"/><temp name="T382"/><temp name="T1421"/><temp name="T1419"/><temp name="T1425"/><temp name="T1460"/><temp name="T1444"/></temps></instruction><instruction code="CMP T1427, T382, T387"><temps name="use"><temp name="T382"/><temp name="T387"/></temps><temps name="def"><temp name="T1427"/></temps><temps name="in"><temp name="T1454"/><temp name="T387"/><temp name="T1465"/><temp name="T18"/><temp name="T1431"/><temp name="T1456"/><temp name="T1448"/><temp name="T382"/><temp name="T1421"/><temp name="T1419"/><temp name="T1425"/><temp name="T1460"/><temp name="T1444"/></temps><temps name="out"><temp name="T1454"/><temp name="T1465"/><temp name="T18"/><temp name="T1431"/><temp name="T1456"/><temp name="T1448"/><temp name="T1421"/><temp name="T1419"/><temp name="T1425"/><temp name="T1427"/><temp name="T1460"/><temp name="T1444"/></temps></instruction><instruction code="ZSNP T1427, T1427, 1"><temps name="use"><temp name="T1427"/></temps><temps name="def"><temp name="T1427"/></temps><temps name="in"><temp name="T1454"/><temp name="T1465"/><temp name="T18"/><temp name="T1431"/><temp name="T1456"/><temp name="T1448"/><temp name="T1421"/><temp name="T1419"/><temp name="T1425"/><temp name="T1427"/><temp name="T1460"/><temp name="T1444"/></temps><temps name="out"><temp name="T1454"/><temp name="T1465"/><temp name="T18"/><temp name="T1431"/><temp name="T1456"/><temp name="T1448"/><temp name="T1421"/><temp name="T1419"/><temp name="T1425"/><temp name="T1427"/><temp name="T1460"/><temp name="T1444"/></temps></instruction><instruction code="OR T388, T1427, 0"><temps name="use"><temp name="T1427"/></temps><temps name="def"><temp name="T388"/></temps><temps name="in"><temp name="T1454"/><temp name="T1465"/><temp name="T18"/><temp name="T1431"/><temp name="T1456"/><temp name="T1448"/><temp name="T1421"/><temp name="T1419"/><temp name="T1425"/><temp name="T1427"/><temp name="T1460"/><temp name="T1444"/></temps><temps name="out"><temp name="T1454"/><temp name="T1465"/><temp name="T18"/><temp name="T1431"/><temp name="T1456"/><temp name="T1448"/><temp name="T1421"/><temp name="T1419"/><temp name="T388"/><temp name="T1425"/><temp name="T1460"/><temp name="T1444"/></temps></instruction><instruction code="BNZ T388, L42"><temps name="use"><temp name="T388"/></temps><temps name="def"/><temps name="in"><temp name="T1454"/><temp name="T1465"/><temp name="T18"/><temp name="T1431"/><temp name="T1456"/><temp name="T1448"/><temp name="T1421"/><temp name="T1419"/><temp name="T388"/><temp name="T1425"/><temp name="T1460"/><temp name="T1444"/></temps><temps name="out"><temp name="T1448"/><temp name="T1454"/><temp name="T1465"/><temp name="T1421"/><temp name="T18"/><temp name="T1419"/><temp name="T1425"/><temp name="T1431"/><temp name="T1456"/><temp name="T1460"/><temp name="T1444"/></temps></instruction><instruction code="L125"><temps name="use"/><temps name="def"/><temps name="in"><temp name="T1448"/><temp name="T1454"/><temp name="T1465"/><temp name="T1421"/><temp name="T18"/><temp name="T1419"/><temp name="T1425"/><temp name="T1431"/><temp name="T1456"/><temp name="T1460"/><temp name="T1444"/></temps><temps name="out"><temp name="T1448"/><temp name="T1454"/><temp name="T1465"/><temp name="T1421"/><temp name="T18"/><temp name="T1419"/><temp name="T1425"/><temp name="T1431"/><temp name="T1456"/><temp name="T1460"/><temp name="T1444"/></temps></instruction><instruction code="LDA T1428, L43"><temps name="use"/><temps name="def"><temp name="T1428"/></temps><temps name="in"><temp name="T1448"/><temp name="T1454"/><temp name="T1465"/><temp name="T1421"/><temp name="T18"/><temp name="T1419"/><temp name="T1425"/><temp name="T1431"/><temp name="T1456"/><temp name="T1460"/><temp name="T1444"/></temps><temps name="out"><temp name="T1454"/><temp name="T1465"/><temp name="T18"/><temp name="T1431"/><temp name="T1456"/><temp name="T1448"/><temp name="T1421"/><temp name="T1428"/><temp name="T1419"/><temp name="T1425"/><temp name="T1460"/><temp name="T1444"/></temps></instruction><instruction code="GO T1428, T1428, 0"><temps name="use"><temp name="T1428"/></temps><temps name="def"><temp name="T1428"/></temps><temps name="in"><temp name="T1454"/><temp name="T1465"/><temp name="T18"/><temp name="T1431"/><temp name="T1456"/><temp name="T1448"/><temp name="T1421"/><temp name="T1428"/><temp name="T1419"/><temp name="T1425"/><temp name="T1460"/><temp name="T1444"/></temps><temps name="out"><temp name="T1448"/><temp name="T1454"/><temp name="T1465"/><temp name="T1421"/><temp name="T18"/><temp name="T1419"/><temp name="T1425"/><temp name="T1431"/><temp name="T1456"/><temp name="T1460"/><temp name="T1444"/></temps></instruction><instruction code="L42"><temps name="use"/><temps name="def"/><temps name="in"><temp name="T1448"/><temp name="T1454"/><temp name="T1465"/><temp name="T1421"/><temp name="T18"/><temp name="T1419"/><temp name="T1425"/><temp name="T1431"/><temp name="T1456"/><temp name="T1460"/><temp name="T1444"/></temps><temps name="out"><temp name="T1448"/><temp name="T1454"/><temp name="T1465"/><temp name="T1421"/><temp name="T18"/><temp name="T1419"/><temp name="T1425"/><temp name="T1431"/><temp name="T1456"/><temp name="T1460"/><temp name="T1444"/></temps></instruction><instruction code="OR T389, T18, 0"><temps name="use"><temp name="T18"/></temps><temps name="def"><temp name="T389"/></temps><temps name="in"><temp name="T1448"/><temp name="T1454"/><temp name="T1465"/><temp name="T1421"/><temp name="T18"/><temp name="T1419"/><temp name="T1425"/><temp name="T1431"/><temp name="T1456"/><temp name="T1460"/><temp name="T1444"/></temps><temps name="out"><temp name="T1454"/><temp name="T1465"/><temp name="T18"/><temp name="T1431"/><temp name="T1456"/><temp name="T1448"/><temp name="T389"/><temp name="T1421"/><temp name="T1419"/><temp name="T1425"/><temp name="T1460"/><temp name="T1444"/></temps></instruction><instruction code="SETL  T1429, 8"><temps name="use"/><temps name="def"><temp name="T1429"/></temps><temps name="in"><temp name="T1454"/><temp name="T1465"/><temp name="T18"/><temp name="T1431"/><temp name="T1456"/><temp name="T1448"/><temp name="T389"/><temp name="T1421"/><temp name="T1419"/><temp name="T1425"/><temp name="T1460"/><temp name="T1444"/></temps><temps name="out"><temp name="T1454"/><temp name="T1465"/><temp name="T18"/><temp name="T1431"/><temp name="T1456"/><temp name="T1448"/><temp name="T389"/><temp name="T1421"/><temp name="T1419"/><temp name="T1425"/><temp name="T1460"/><temp name="T1444"/></temps></instruction><instruction code="INCML T1429, 0"><temps name="use"/><temps name="def"><temp name="T1429"/></temps><temps name="in"><temp name="T1454"/><temp name="T1465"/><temp name="T18"/><temp name="T1431"/><temp name="T1456"/><temp name="T1448"/><temp name="T389"/><temp name="T1421"/><temp name="T1419"/><temp name="T1425"/><temp name="T1460"/><temp name="T1444"/></temps><temps name="out"><temp name="T1454"/><temp name="T1465"/><temp name="T18"/><temp name="T1431"/><temp name="T1456"/><temp name="T1448"/><temp name="T389"/><temp name="T1421"/><temp name="T1419"/><temp name="T1425"/><temp name="T1460"/><temp name="T1444"/></temps></instruction><instruction code="INCMH T1429, 0"><temps name="use"/><temps name="def"><temp name="T1429"/></temps><temps name="in"><temp name="T1454"/><temp name="T1465"/><temp name="T18"/><temp name="T1431"/><temp name="T1456"/><temp name="T1448"/><temp name="T389"/><temp name="T1421"/><temp name="T1419"/><temp name="T1425"/><temp name="T1460"/><temp name="T1444"/></temps><temps name="out"><temp name="T1454"/><temp name="T1465"/><temp name="T18"/><temp name="T1431"/><temp name="T1456"/><temp name="T1448"/><temp name="T389"/><temp name="T1421"/><temp name="T1419"/><temp name="T1425"/><temp name="T1460"/><temp name="T1444"/></temps></instruction><instruction code="INCH  T1429, 0"><temps name="use"/><temps name="def"><temp name="T1429"/></temps><temps name="in"><temp name="T1454"/><temp name="T1465"/><temp name="T18"/><temp name="T1431"/><temp name="T1456"/><temp name="T1448"/><temp name="T389"/><temp name="T1421"/><temp name="T1419"/><temp name="T1425"/><temp name="T1460"/><temp name="T1444"/></temps><temps name="out"><temp name="T1454"/><temp name="T1465"/><temp name="T18"/><temp name="T1431"/><temp name="T1456"/><temp name="T1448"/><temp name="T389"/><temp name="T1421"/><temp name="T1419"/><temp name="T1425"/><temp name="T1460"/><temp name="T1429"/><temp name="T1444"/></temps></instruction><instruction code="NEG T1429, 0, T1429"><temps name="use"><temp name="T1429"/></temps><temps name="def"><temp name="T1429"/></temps><temps name="in"><temp name="T1454"/><temp name="T1465"/><temp name="T18"/><temp name="T1431"/><temp name="T1456"/><temp name="T1448"/><temp name="T389"/><temp name="T1421"/><temp name="T1419"/><temp name="T1425"/><temp name="T1460"/><temp name="T1429"/><temp name="T1444"/></temps><temps name="out"><temp name="T1454"/><temp name="T1465"/><temp name="T18"/><temp name="T1431"/><temp name="T1456"/><temp name="T1448"/><temp name="T389"/><temp name="T1421"/><temp name="T1419"/><temp name="T1425"/><temp name="T1460"/><temp name="T1429"/><temp name="T1444"/></temps></instruction><instruction code="OR T390, T1429, 0"><temps name="use"><temp name="T1429"/></temps><temps name="def"><temp name="T390"/></temps><temps name="in"><temp name="T1454"/><temp name="T1465"/><temp name="T18"/><temp name="T1431"/><temp name="T1456"/><temp name="T1448"/><temp name="T389"/><temp name="T1421"/><temp name="T1419"/><temp name="T1425"/><temp name="T1460"/><temp name="T1429"/><temp name="T1444"/></temps><temps name="out"><temp name="T1454"/><temp name="T1465"/><temp name="T18"/><temp name="T1431"/><temp name="T1456"/><temp name="T390"/><temp name="T1448"/><temp name="T389"/><temp name="T1421"/><temp name="T1419"/><temp name="T1425"/><temp name="T1460"/><temp name="T1444"/></temps></instruction><instruction code="ADD T1430, T389, T390"><temps name="use"><temp name="T389"/><temp name="T390"/></temps><temps name="def"><temp name="T1430"/></temps><temps name="in"><temp name="T1454"/><temp name="T1465"/><temp name="T18"/><temp name="T1431"/><temp name="T1456"/><temp name="T390"/><temp name="T1448"/><temp name="T389"/><temp name="T1421"/><temp name="T1419"/><temp name="T1425"/><temp name="T1460"/><temp name="T1444"/></temps><temps name="out"><temp name="T1454"/><temp name="T1430"/><temp name="T1465"/><temp name="T18"/><temp name="T1431"/><temp name="T1456"/><temp name="T1448"/><temp name="T1421"/><temp name="T1419"/><temp name="T1425"/><temp name="T1460"/><temp name="T1444"/></temps></instruction><instruction code="OR T391, T1430, 0"><temps name="use"><temp name="T1430"/></temps><temps name="def"><temp name="T391"/></temps><temps name="in"><temp name="T1454"/><temp name="T1430"/><temp name="T1465"/><temp name="T18"/><temp name="T1431"/><temp name="T1456"/><temp name="T1448"/><temp name="T1421"/><temp name="T1419"/><temp name="T1425"/><temp name="T1460"/><temp name="T1444"/></temps><temps name="out"><temp name="T1448"/><temp name="T1454"/><temp name="T1465"/><temp name="T1421"/><temp name="T18"/><temp name="T1419"/><temp name="T1425"/><temp name="T1431"/><temp name="T1456"/><temp name="T1460"/><temp name="T1444"/></temps></instruction><instruction code="LDO T1432, T1431, 0"><temps name="use"><temp name="T1431"/></temps><temps name="def"><temp name="T1432"/></temps><temps name="in"><temp name="T1448"/><temp name="T1454"/><temp name="T1465"/><temp name="T1421"/><temp name="T18"/><temp name="T1419"/><temp name="T1425"/><temp name="T1431"/><temp name="T1456"/><temp name="T1460"/><temp name="T1444"/></temps><temps name="out"><temp name="T1454"/><temp name="T1465"/><temp name="T1432"/><temp name="T18"/><temp name="T1431"/><temp name="T1456"/><temp name="T1448"/><temp name="T1421"/><temp name="T1419"/><temp name="T1425"/><temp name="T1460"/><temp name="T1444"/></temps></instruction><instruction code="OR T392, T1432, 0"><temps name="use"><temp name="T1432"/></temps><temps name="def"><temp name="T392"/></temps><temps name="in"><temp name="T1454"/><temp name="T1465"/><temp name="T1432"/><temp name="T18"/><temp name="T1431"/><temp name="T1456"/><temp name="T1448"/><temp name="T1421"/><temp name="T1419"/><temp name="T1425"/><temp name="T1460"/><temp name="T1444"/></temps><temps name="out"><temp name="T1454"/><temp name="T392"/><temp name="T1465"/><temp name="T18"/><temp name="T1431"/><temp name="T1456"/><temp name="T1448"/><temp name="T1421"/><temp name="T1419"/><temp name="T1425"/><temp name="T1460"/><temp name="T1444"/></temps></instruction><instruction code="LDO T1445, T1444, 0"><temps name="use"><temp name="T1444"/></temps><temps name="def"><temp name="T1445"/></temps><temps name="in"><temp name="T1454"/><temp name="T392"/><temp name="T1465"/><temp name="T18"/><temp name="T1431"/><temp name="T1456"/><temp name="T1448"/><temp name="T1421"/><temp name="T1419"/><temp name="T1425"/><temp name="T1460"/><temp name="T1444"/></temps><temps name="out"><temp name="T1454"/><temp name="T392"/><temp name="T1445"/><temp name="T1465"/><temp name="T18"/><temp name="T1431"/><temp name="T1456"/><temp name="T1448"/><temp name="T1421"/><temp name="T1419"/><temp name="T1425"/><temp name="T1460"/><temp name="T1444"/></temps></instruction><instruction code="STO T1445, T392, 0"><temps name="use"><temp name="T1445"/><temp name="T392"/></temps><temps name="def"/><temps name="in"><temp name="T1454"/><temp name="T392"/><temp name="T1445"/><temp name="T1465"/><temp name="T18"/><temp name="T1431"/><temp name="T1456"/><temp name="T1448"/><temp name="T1421"/><temp name="T1419"/><temp name="T1425"/><temp name="T1460"/><temp name="T1444"/></temps><temps name="out"><temp name="T1448"/><temp name="T1454"/><temp name="T1465"/><temp name="T1421"/><temp name="T18"/><temp name="T1419"/><temp name="T1425"/><temp name="T1431"/><temp name="T1456"/><temp name="T1460"/><temp name="T1444"/></temps></instruction><instruction code="OR T393, T18, 0"><temps name="use"><temp name="T18"/></temps><temps name="def"><temp name="T393"/></temps><temps name="in"><temp name="T1448"/><temp name="T1454"/><temp name="T1465"/><temp name="T1421"/><temp name="T18"/><temp name="T1419"/><temp name="T1425"/><temp name="T1431"/><temp name="T1456"/><temp name="T1460"/><temp name="T1444"/></temps><temps name="out"><temp name="T1454"/><temp name="T1465"/><temp name="T18"/><temp name="T1431"/><temp name="T1456"/><temp name="T1448"/><temp name="T393"/><temp name="T1421"/><temp name="T1419"/><temp name="T1425"/><temp name="T1460"/><temp name="T1444"/></temps></instruction><instruction code="SETL  T1446, 8"><temps name="use"/><temps name="def"><temp name="T1446"/></temps><temps name="in"><temp name="T1454"/><temp name="T1465"/><temp name="T18"/><temp name="T1431"/><temp name="T1456"/><temp name="T1448"/><temp name="T393"/><temp name="T1421"/><temp name="T1419"/><temp name="T1425"/><temp name="T1460"/><temp name="T1444"/></temps><temps name="out"><temp name="T1454"/><temp name="T1465"/><temp name="T18"/><temp name="T1431"/><temp name="T1456"/><temp name="T1448"/><temp name="T393"/><temp name="T1421"/><temp name="T1419"/><temp name="T1425"/><temp name="T1460"/><temp name="T1444"/></temps></instruction><instruction code="INCML T1446, 0"><temps name="use"/><temps name="def"><temp name="T1446"/></temps><temps name="in"><temp name="T1454"/><temp name="T1465"/><temp name="T18"/><temp name="T1431"/><temp name="T1456"/><temp name="T1448"/><temp name="T393"/><temp name="T1421"/><temp name="T1419"/><temp name="T1425"/><temp name="T1460"/><temp name="T1444"/></temps><temps name="out"><temp name="T1454"/><temp name="T1465"/><temp name="T18"/><temp name="T1431"/><temp name="T1456"/><temp name="T1448"/><temp name="T393"/><temp name="T1421"/><temp name="T1419"/><temp name="T1425"/><temp name="T1460"/><temp name="T1444"/></temps></instruction><instruction code="INCMH T1446, 0"><temps name="use"/><temps name="def"><temp name="T1446"/></temps><temps name="in"><temp name="T1454"/><temp name="T1465"/><temp name="T18"/><temp name="T1431"/><temp name="T1456"/><temp name="T1448"/><temp name="T393"/><temp name="T1421"/><temp name="T1419"/><temp name="T1425"/><temp name="T1460"/><temp name="T1444"/></temps><temps name="out"><temp name="T1454"/><temp name="T1465"/><temp name="T18"/><temp name="T1431"/><temp name="T1456"/><temp name="T1448"/><temp name="T393"/><temp name="T1421"/><temp name="T1419"/><temp name="T1425"/><temp name="T1460"/><temp name="T1444"/></temps></instruction><instruction code="INCH  T1446, 0"><temps name="use"/><temps name="def"><temp name="T1446"/></temps><temps name="in"><temp name="T1454"/><temp name="T1465"/><temp name="T18"/><temp name="T1431"/><temp name="T1456"/><temp name="T1448"/><temp name="T393"/><temp name="T1421"/><temp name="T1419"/><temp name="T1425"/><temp name="T1460"/><temp name="T1444"/></temps><temps name="out"><temp name="T1454"/><temp name="T1465"/><temp name="T18"/><temp name="T1446"/><temp name="T1431"/><temp name="T1456"/><temp name="T1448"/><temp name="T393"/><temp name="T1421"/><temp name="T1419"/><temp name="T1425"/><temp name="T1460"/><temp name="T1444"/></temps></instruction><instruction code="NEG T1446, 0, T1446"><temps name="use"><temp name="T1446"/></temps><temps name="def"><temp name="T1446"/></temps><temps name="in"><temp name="T1454"/><temp name="T1465"/><temp name="T18"/><temp name="T1446"/><temp name="T1431"/><temp name="T1456"/><temp name="T1448"/><temp name="T393"/><temp name="T1421"/><temp name="T1419"/><temp name="T1425"/><temp name="T1460"/><temp name="T1444"/></temps><temps name="out"><temp name="T1454"/><temp name="T1465"/><temp name="T18"/><temp name="T1446"/><temp name="T1431"/><temp name="T1456"/><temp name="T1448"/><temp name="T393"/><temp name="T1421"/><temp name="T1419"/><temp name="T1425"/><temp name="T1460"/><temp name="T1444"/></temps></instruction><instruction code="OR T394, T1446, 0"><temps name="use"><temp name="T1446"/></temps><temps name="def"><temp name="T394"/></temps><temps name="in"><temp name="T1454"/><temp name="T1465"/><temp name="T18"/><temp name="T1446"/><temp name="T1431"/><temp name="T1456"/><temp name="T1448"/><temp name="T393"/><temp name="T1421"/><temp name="T1419"/><temp name="T1425"/><temp name="T1460"/><temp name="T1444"/></temps><temps name="out"><temp name="T1454"/><temp name="T1465"/><temp name="T18"/><temp name="T1431"/><temp name="T1456"/><temp name="T1448"/><temp name="T393"/><temp name="T1421"/><temp name="T1419"/><temp name="T1425"/><temp name="T394"/><temp name="T1460"/><temp name="T1444"/></temps></instruction><instruction code="ADD T1447, T393, T394"><temps name="use"><temp name="T393"/><temp name="T394"/></temps><temps name="def"><temp name="T1447"/></temps><temps name="in"><temp name="T1454"/><temp name="T1465"/><temp name="T18"/><temp name="T1431"/><temp name="T1456"/><temp name="T1448"/><temp name="T393"/><temp name="T1421"/><temp name="T1419"/><temp name="T1425"/><temp name="T394"/><temp name="T1460"/><temp name="T1444"/></temps><temps name="out"><temp name="T1454"/><temp name="T1465"/><temp name="T1447"/><temp name="T18"/><temp name="T1431"/><temp name="T1456"/><temp name="T1448"/><temp name="T1421"/><temp name="T1419"/><temp name="T1425"/><temp name="T1460"/><temp name="T1444"/></temps></instruction><instruction code="OR T395, T1447, 0"><temps name="use"><temp name="T1447"/></temps><temps name="def"><temp name="T395"/></temps><temps name="in"><temp name="T1454"/><temp name="T1465"/><temp name="T1447"/><temp name="T18"/><temp name="T1431"/><temp name="T1456"/><temp name="T1448"/><temp name="T1421"/><temp name="T1419"/><temp name="T1425"/><temp name="T1460"/><temp name="T1444"/></temps><temps name="out"><temp name="T1448"/><temp name="T1454"/><temp name="T1465"/><temp name="T1421"/><temp name="T18"/><temp name="T1419"/><temp name="T1425"/><temp name="T1431"/><temp name="T1456"/><temp name="T1460"/><temp name="T1444"/></temps></instruction><instruction code="LDO T1449, T1448, 0"><temps name="use"><temp name="T1448"/></temps><temps name="def"><temp name="T1449"/></temps><temps name="in"><temp name="T1448"/><temp name="T1454"/><temp name="T1465"/><temp name="T1421"/><temp name="T18"/><temp name="T1419"/><temp name="T1425"/><temp name="T1431"/><temp name="T1456"/><temp name="T1460"/><temp name="T1444"/></temps><temps name="out"><temp name="T1454"/><temp name="T1465"/><temp name="T18"/><temp name="T1431"/><temp name="T1456"/><temp name="T1448"/><temp name="T1421"/><temp name="T1419"/><temp name="T1425"/><temp name="T1449"/><temp name="T1460"/><temp name="T1444"/></temps></instruction><instruction code="OR T396, T1449, 0"><temps name="use"><temp name="T1449"/></temps><temps name="def"><temp name="T396"/></temps><temps name="in"><temp name="T1454"/><temp name="T1465"/><temp name="T18"/><temp name="T1431"/><temp name="T1456"/><temp name="T1448"/><temp name="T1421"/><temp name="T1419"/><temp name="T1425"/><temp name="T1449"/><temp name="T1460"/><temp name="T1444"/></temps><temps name="out"><temp name="T1454"/><temp name="T1465"/><temp name="T18"/><temp name="T1431"/><temp name="T1456"/><temp name="T396"/><temp name="T1448"/><temp name="T1421"/><temp name="T1419"/><temp name="T1425"/><temp name="T1460"/><temp name="T1444"/></temps></instruction><instruction code="SETL  T1450, 1"><temps name="use"/><temps name="def"><temp name="T1450"/></temps><temps name="in"><temp name="T1454"/><temp name="T1465"/><temp name="T18"/><temp name="T1431"/><temp name="T1456"/><temp name="T396"/><temp name="T1448"/><temp name="T1421"/><temp name="T1419"/><temp name="T1425"/><temp name="T1460"/><temp name="T1444"/></temps><temps name="out"><temp name="T1454"/><temp name="T1465"/><temp name="T18"/><temp name="T1431"/><temp name="T1456"/><temp name="T396"/><temp name="T1448"/><temp name="T1421"/><temp name="T1419"/><temp name="T1425"/><temp name="T1460"/><temp name="T1444"/></temps></instruction><instruction code="INCML T1450, 0"><temps name="use"/><temps name="def"><temp name="T1450"/></temps><temps name="in"><temp name="T1454"/><temp name="T1465"/><temp name="T18"/><temp name="T1431"/><temp name="T1456"/><temp name="T396"/><temp name="T1448"/><temp name="T1421"/><temp name="T1419"/><temp name="T1425"/><temp name="T1460"/><temp name="T1444"/></temps><temps name="out"><temp name="T1454"/><temp name="T1465"/><temp name="T18"/><temp name="T1431"/><temp name="T1456"/><temp name="T396"/><temp name="T1448"/><temp name="T1421"/><temp name="T1419"/><temp name="T1425"/><temp name="T1460"/><temp name="T1444"/></temps></instruction><instruction code="INCMH T1450, 0"><temps name="use"/><temps name="def"><temp name="T1450"/></temps><temps name="in"><temp name="T1454"/><temp name="T1465"/><temp name="T18"/><temp name="T1431"/><temp name="T1456"/><temp name="T396"/><temp name="T1448"/><temp name="T1421"/><temp name="T1419"/><temp name="T1425"/><temp name="T1460"/><temp name="T1444"/></temps><temps name="out"><temp name="T1454"/><temp name="T1465"/><temp name="T18"/><temp name="T1431"/><temp name="T1456"/><temp name="T396"/><temp name="T1448"/><temp name="T1421"/><temp name="T1419"/><temp name="T1425"/><temp name="T1460"/><temp name="T1444"/></temps></instruction><instruction code="INCH  T1450, 0"><temps name="use"/><temps name="def"><temp name="T1450"/></temps><temps name="in"><temp name="T1454"/><temp name="T1465"/><temp name="T18"/><temp name="T1431"/><temp name="T1456"/><temp name="T396"/><temp name="T1448"/><temp name="T1421"/><temp name="T1419"/><temp name="T1425"/><temp name="T1460"/><temp name="T1444"/></temps><temps name="out"><temp name="T1454"/><temp name="T1450"/><temp name="T1465"/><temp name="T18"/><temp name="T1431"/><temp name="T1456"/><temp name="T396"/><temp name="T1448"/><temp name="T1421"/><temp name="T1419"/><temp name="T1425"/><temp name="T1460"/><temp name="T1444"/></temps></instruction><instruction code="OR T397, T1450, 0"><temps name="use"><temp name="T1450"/></temps><temps name="def"><temp name="T397"/></temps><temps name="in"><temp name="T1454"/><temp name="T1450"/><temp name="T1465"/><temp name="T18"/><temp name="T1431"/><temp name="T1456"/><temp name="T396"/><temp name="T1448"/><temp name="T1421"/><temp name="T1419"/><temp name="T1425"/><temp name="T1460"/><temp name="T1444"/></temps><temps name="out"><temp name="T397"/><temp name="T1454"/><temp name="T1465"/><temp name="T18"/><temp name="T1431"/><temp name="T1456"/><temp name="T396"/><temp name="T1448"/><temp name="T1421"/><temp name="T1419"/><temp name="T1425"/><temp name="T1460"/><temp name="T1444"/></temps></instruction><instruction code="ADD T1451, T396, T397"><temps name="use"><temp name="T396"/><temp name="T397"/></temps><temps name="def"><temp name="T1451"/></temps><temps name="in"><temp name="T397"/><temp name="T1454"/><temp name="T1465"/><temp name="T18"/><temp name="T1431"/><temp name="T1456"/><temp name="T396"/><temp name="T1448"/><temp name="T1421"/><temp name="T1419"/><temp name="T1425"/><temp name="T1460"/><temp name="T1444"/></temps><temps name="out"><temp name="T1451"/><temp name="T1454"/><temp name="T1465"/><temp name="T18"/><temp name="T1431"/><temp name="T1456"/><temp name="T1448"/><temp name="T1421"/><temp name="T1419"/><temp name="T1425"/><temp name="T1460"/><temp name="T1444"/></temps></instruction><instruction code="OR T398, T1451, 0"><temps name="use"><temp name="T1451"/></temps><temps name="def"><temp name="T398"/></temps><temps name="in"><temp name="T1451"/><temp name="T1454"/><temp name="T1465"/><temp name="T18"/><temp name="T1431"/><temp name="T1456"/><temp name="T1448"/><temp name="T1421"/><temp name="T1419"/><temp name="T1425"/><temp name="T1460"/><temp name="T1444"/></temps><temps name="out"><temp name="T1454"/><temp name="T1465"/><temp name="T18"/><temp name="T1431"/><temp name="T1456"/><temp name="T1448"/><temp name="T398"/><temp name="T1421"/><temp name="T1419"/><temp name="T1425"/><temp name="T1460"/><temp name="T1444"/></temps></instruction><instruction code="LDO T1455, T1454, 0"><temps name="use"><temp name="T1454"/></temps><temps name="def"><temp name="T1455"/></temps><temps name="in"><temp name="T1454"/><temp name="T1465"/><temp name="T18"/><temp name="T1431"/><temp name="T1456"/><temp name="T1448"/><temp name="T398"/><temp name="T1421"/><temp name="T1419"/><temp name="T1425"/><temp name="T1460"/><temp name="T1444"/></temps><temps name="out"><temp name="T1454"/><temp name="T1465"/><temp name="T18"/><temp name="T1431"/><temp name="T1456"/><temp name="T1455"/><temp name="T1448"/><temp name="T398"/><temp name="T1421"/><temp name="T1419"/><temp name="T1425"/><temp name="T1460"/><temp name="T1444"/></temps></instruction><instruction code="STO T1455, T398, 0"><temps name="use"><temp name="T1455"/><temp name="T398"/></temps><temps name="def"/><temps name="in"><temp name="T1454"/><temp name="T1465"/><temp name="T18"/><temp name="T1431"/><temp name="T1456"/><temp name="T1455"/><temp name="T1448"/><temp name="T398"/><temp name="T1421"/><temp name="T1419"/><temp name="T1425"/><temp name="T1460"/><temp name="T1444"/></temps><temps name="out"><temp name="T1448"/><temp name="T1454"/><temp name="T1465"/><temp name="T1421"/><temp name="T18"/><temp name="T1419"/><temp name="T1425"/><temp name="T1431"/><temp name="T1456"/><temp name="T1460"/><temp name="T1444"/></temps></instruction><instruction code="LDO T1457, T1456, 0"><temps name="use"><temp name="T1456"/></temps><temps name="def"><temp name="T1457"/></temps><temps name="in"><temp name="T1448"/><temp name="T1454"/><temp name="T1465"/><temp name="T1421"/><temp name="T18"/><temp name="T1419"/><temp name="T1425"/><temp name="T1431"/><temp name="T1456"/><temp name="T1460"/><temp name="T1444"/></temps><temps name="out"><temp name="T1454"/><temp name="T1465"/><temp name="T18"/><temp name="T1431"/><temp name="T1456"/><temp name="T1457"/><temp name="T1448"/><temp name="T1421"/><temp name="T1419"/><temp name="T1425"/><temp name="T1460"/><temp name="T1444"/></temps></instruction><instruction code="OR T399, T1457, 0"><temps name="use"><temp name="T1457"/></temps><temps name="def"><temp name="T399"/></temps><temps name="in"><temp name="T1454"/><temp name="T1465"/><temp name="T18"/><temp name="T1431"/><temp name="T1456"/><temp name="T1457"/><temp name="T1448"/><temp name="T1421"/><temp name="T1419"/><temp name="T1425"/><temp name="T1460"/><temp name="T1444"/></temps><temps name="out"><temp name="T1454"/><temp name="T399"/><temp name="T1465"/><temp name="T18"/><temp name="T1431"/><temp name="T1456"/><temp name="T1448"/><temp name="T1421"/><temp name="T1419"/><temp name="T1425"/><temp name="T1460"/><temp name="T1444"/></temps></instruction><instruction code="OR T400, T18, 0"><temps name="use"><temp name="T18"/></temps><temps name="def"><temp name="T400"/></temps><temps name="in"><temp name="T1454"/><temp name="T399"/><temp name="T1465"/><temp name="T18"/><temp name="T1431"/><temp name="T1456"/><temp name="T1448"/><temp name="T1421"/><temp name="T1419"/><temp name="T1425"/><temp name="T1460"/><temp name="T1444"/></temps><temps name="out"><temp name="T1454"/><temp name="T399"/><temp name="T1465"/><temp name="T18"/><temp name="T1431"/><temp name="T1456"/><temp name="T1448"/><temp name="T1421"/><temp name="T1419"/><temp name="T1425"/><temp name="T400"/><temp name="T1460"/><temp name="T1444"/></temps></instruction><instruction code="SETL  T1458, 8"><temps name="use"/><temps name="def"><temp name="T1458"/></temps><temps name="in"><temp name="T1454"/><temp name="T399"/><temp name="T1465"/><temp name="T18"/><temp name="T1431"/><temp name="T1456"/><temp name="T1448"/><temp name="T1421"/><temp name="T1419"/><temp name="T1425"/><temp name="T400"/><temp name="T1460"/><temp name="T1444"/></temps><temps name="out"><temp name="T1454"/><temp name="T399"/><temp name="T1465"/><temp name="T18"/><temp name="T1431"/><temp name="T1456"/><temp name="T1448"/><temp name="T1421"/><temp name="T1419"/><temp name="T1425"/><temp name="T400"/><temp name="T1460"/><temp name="T1444"/></temps></instruction><instruction code="INCML T1458, 0"><temps name="use"/><temps name="def"><temp name="T1458"/></temps><temps name="in"><temp name="T1454"/><temp name="T399"/><temp name="T1465"/><temp name="T18"/><temp name="T1431"/><temp name="T1456"/><temp name="T1448"/><temp name="T1421"/><temp name="T1419"/><temp name="T1425"/><temp name="T400"/><temp name="T1460"/><temp name="T1444"/></temps><temps name="out"><temp name="T1454"/><temp name="T399"/><temp name="T1465"/><temp name="T18"/><temp name="T1431"/><temp name="T1456"/><temp name="T1448"/><temp name="T1421"/><temp name="T1419"/><temp name="T1425"/><temp name="T400"/><temp name="T1460"/><temp name="T1444"/></temps></instruction><instruction code="INCMH T1458, 0"><temps name="use"/><temps name="def"><temp name="T1458"/></temps><temps name="in"><temp name="T1454"/><temp name="T399"/><temp name="T1465"/><temp name="T18"/><temp name="T1431"/><temp name="T1456"/><temp name="T1448"/><temp name="T1421"/><temp name="T1419"/><temp name="T1425"/><temp name="T400"/><temp name="T1460"/><temp name="T1444"/></temps><temps name="out"><temp name="T1454"/><temp name="T399"/><temp name="T1465"/><temp name="T18"/><temp name="T1431"/><temp name="T1456"/><temp name="T1448"/><temp name="T1421"/><temp name="T1419"/><temp name="T1425"/><temp name="T400"/><temp name="T1460"/><temp name="T1444"/></temps></instruction><instruction code="INCH  T1458, 0"><temps name="use"/><temps name="def"><temp name="T1458"/></temps><temps name="in"><temp name="T1454"/><temp name="T399"/><temp name="T1465"/><temp name="T18"/><temp name="T1431"/><temp name="T1456"/><temp name="T1448"/><temp name="T1421"/><temp name="T1419"/><temp name="T1425"/><temp name="T400"/><temp name="T1460"/><temp name="T1444"/></temps><temps name="out"><temp name="T1454"/><temp name="T399"/><temp name="T1465"/><temp name="T18"/><temp name="T1431"/><temp name="T1456"/><temp name="T1458"/><temp name="T1448"/><temp name="T1421"/><temp name="T1419"/><temp name="T1425"/><temp name="T400"/><temp name="T1460"/><temp name="T1444"/></temps></instruction><instruction code="OR T401, T1458, 0"><temps name="use"><temp name="T1458"/></temps><temps name="def"><temp name="T401"/></temps><temps name="in"><temp name="T1454"/><temp name="T399"/><temp name="T1465"/><temp name="T18"/><temp name="T1431"/><temp name="T1456"/><temp name="T1458"/><temp name="T1448"/><temp name="T1421"/><temp name="T1419"/><temp name="T1425"/><temp name="T400"/><temp name="T1460"/><temp name="T1444"/></temps><temps name="out"><temp name="T1454"/><temp name="T399"/><temp name="T401"/><temp name="T1465"/><temp name="T18"/><temp name="T1431"/><temp name="T1456"/><temp name="T1448"/><temp name="T1421"/><temp name="T1419"/><temp name="T1425"/><temp name="T400"/><temp name="T1460"/><temp name="T1444"/></temps></instruction><instruction code="ADD T1459, T400, T401"><temps name="use"><temp name="T400"/><temp name="T401"/></temps><temps name="def"><temp name="T1459"/></temps><temps name="in"><temp name="T1454"/><temp name="T399"/><temp name="T401"/><temp name="T1465"/><temp name="T18"/><temp name="T1431"/><temp name="T1456"/><temp name="T1448"/><temp name="T1421"/><temp name="T1419"/><temp name="T1425"/><temp name="T400"/><temp name="T1460"/><temp name="T1444"/></temps><temps name="out"><temp name="T1454"/><temp name="T399"/><temp name="T1465"/><temp name="T18"/><temp name="T1431"/><temp name="T1459"/><temp name="T1456"/><temp name="T1448"/><temp name="T1421"/><temp name="T1419"/><temp name="T1425"/><temp name="T1460"/><temp name="T1444"/></temps></instruction><instruction code="OR T402, T1459, 0"><temps name="use"><temp name="T1459"/></temps><temps name="def"><temp name="T402"/></temps><temps name="in"><temp name="T1454"/><temp name="T399"/><temp name="T1465"/><temp name="T18"/><temp name="T1431"/><temp name="T1459"/><temp name="T1456"/><temp name="T1448"/><temp name="T1421"/><temp name="T1419"/><temp name="T1425"/><temp name="T1460"/><temp name="T1444"/></temps><temps name="out"><temp name="T1454"/><temp name="T399"/><temp name="T1465"/><temp name="T18"/><temp name="T1431"/><temp name="T1456"/><temp name="T1448"/><temp name="T1421"/><temp name="T1419"/><temp name="T1425"/><temp name="T1460"/><temp name="T1444"/></temps></instruction><instruction code="LDO T1461, T1460, 0"><temps name="use"><temp name="T1460"/></temps><temps name="def"><temp name="T1461"/></temps><temps name="in"><temp name="T1454"/><temp name="T399"/><temp name="T1465"/><temp name="T18"/><temp name="T1431"/><temp name="T1456"/><temp name="T1448"/><temp name="T1421"/><temp name="T1419"/><temp name="T1425"/><temp name="T1460"/><temp name="T1444"/></temps><temps name="out"><temp name="T1454"/><temp name="T399"/><temp name="T1465"/><temp name="T18"/><temp name="T1431"/><temp name="T1456"/><temp name="T1448"/><temp name="T1421"/><temp name="T1461"/><temp name="T1419"/><temp name="T1425"/><temp name="T1460"/><temp name="T1444"/></temps></instruction><instruction code="OR T403, T1461, 0"><temps name="use"><temp name="T1461"/></temps><temps name="def"><temp name="T403"/></temps><temps name="in"><temp name="T1454"/><temp name="T399"/><temp name="T1465"/><temp name="T18"/><temp name="T1431"/><temp name="T1456"/><temp name="T1448"/><temp name="T1421"/><temp name="T1461"/><temp name="T1419"/><temp name="T1425"/><temp name="T1460"/><temp name="T1444"/></temps><temps name="out"><temp name="T1454"/><temp name="T399"/><temp name="T1465"/><temp name="T18"/><temp name="T1431"/><temp name="T1456"/><temp name="T1448"/><temp name="T1421"/><temp name="T1419"/><temp name="T1425"/><temp name="T403"/><temp name="T1460"/><temp name="T1444"/></temps></instruction><instruction code="SETL  T1462, 1"><temps name="use"/><temps name="def"><temp name="T1462"/></temps><temps name="in"><temp name="T1454"/><temp name="T399"/><temp name="T1465"/><temp name="T18"/><temp name="T1431"/><temp name="T1456"/><temp name="T1448"/><temp name="T1421"/><temp name="T1419"/><temp name="T1425"/><temp name="T403"/><temp name="T1460"/><temp name="T1444"/></temps><temps name="out"><temp name="T1454"/><temp name="T399"/><temp name="T1465"/><temp name="T18"/><temp name="T1431"/><temp name="T1456"/><temp name="T1448"/><temp name="T1421"/><temp name="T1419"/><temp name="T1425"/><temp name="T403"/><temp name="T1460"/><temp name="T1444"/></temps></instruction><instruction code="INCML T1462, 0"><temps name="use"/><temps name="def"><temp name="T1462"/></temps><temps name="in"><temp name="T1454"/><temp name="T399"/><temp name="T1465"/><temp name="T18"/><temp name="T1431"/><temp name="T1456"/><temp name="T1448"/><temp name="T1421"/><temp name="T1419"/><temp name="T1425"/><temp name="T403"/><temp name="T1460"/><temp name="T1444"/></temps><temps name="out"><temp name="T1454"/><temp name="T399"/><temp name="T1465"/><temp name="T18"/><temp name="T1431"/><temp name="T1456"/><temp name="T1448"/><temp name="T1421"/><temp name="T1419"/><temp name="T1425"/><temp name="T403"/><temp name="T1460"/><temp name="T1444"/></temps></instruction><instruction code="INCMH T1462, 0"><temps name="use"/><temps name="def"><temp name="T1462"/></temps><temps name="in"><temp name="T1454"/><temp name="T399"/><temp name="T1465"/><temp name="T18"/><temp name="T1431"/><temp name="T1456"/><temp name="T1448"/><temp name="T1421"/><temp name="T1419"/><temp name="T1425"/><temp name="T403"/><temp name="T1460"/><temp name="T1444"/></temps><temps name="out"><temp name="T1454"/><temp name="T399"/><temp name="T1465"/><temp name="T18"/><temp name="T1431"/><temp name="T1456"/><temp name="T1448"/><temp name="T1421"/><temp name="T1419"/><temp name="T1425"/><temp name="T403"/><temp name="T1460"/><temp name="T1444"/></temps></instruction><instruction code="INCH  T1462, 0"><temps name="use"/><temps name="def"><temp name="T1462"/></temps><temps name="in"><temp name="T1454"/><temp name="T399"/><temp name="T1465"/><temp name="T18"/><temp name="T1431"/><temp name="T1456"/><temp name="T1448"/><temp name="T1421"/><temp name="T1419"/><temp name="T1425"/><temp name="T403"/><temp name="T1460"/><temp name="T1444"/></temps><temps name="out"><temp name="T1454"/><temp name="T399"/><temp name="T1465"/><temp name="T18"/><temp name="T1431"/><temp name="T1462"/><temp name="T1456"/><temp name="T1448"/><temp name="T1421"/><temp name="T1419"/><temp name="T1425"/><temp name="T403"/><temp name="T1460"/><temp name="T1444"/></temps></instruction><instruction code="OR T404, T1462, 0"><temps name="use"><temp name="T1462"/></temps><temps name="def"><temp name="T404"/></temps><temps name="in"><temp name="T1454"/><temp name="T399"/><temp name="T1465"/><temp name="T18"/><temp name="T1431"/><temp name="T1462"/><temp name="T1456"/><temp name="T1448"/><temp name="T1421"/><temp name="T1419"/><temp name="T1425"/><temp name="T403"/><temp name="T1460"/><temp name="T1444"/></temps><temps name="out"><temp name="T1454"/><temp name="T399"/><temp name="T1465"/><temp name="T18"/><temp name="T1431"/><temp name="T1456"/><temp name="T1448"/><temp name="T404"/><temp name="T1421"/><temp name="T1419"/><temp name="T1425"/><temp name="T403"/><temp name="T1460"/><temp name="T1444"/></temps></instruction><instruction code="ADD T1463, T403, T404"><temps name="use"><temp name="T403"/><temp name="T404"/></temps><temps name="def"><temp name="T1463"/></temps><temps name="in"><temp name="T1454"/><temp name="T399"/><temp name="T1465"/><temp name="T18"/><temp name="T1431"/><temp name="T1456"/><temp name="T1448"/><temp name="T404"/><temp name="T1421"/><temp name="T1419"/><temp name="T1425"/><temp name="T403"/><temp name="T1460"/><temp name="T1444"/></temps><temps name="out"><temp name="T1454"/><temp name="T399"/><temp name="T1465"/><temp name="T18"/><temp name="T1431"/><temp name="T1456"/><temp name="T1448"/><temp name="T1421"/><temp name="T1419"/><temp name="T1463"/><temp name="T1425"/><temp name="T1460"/><temp name="T1444"/></temps></instruction><instruction code="OR T405, T1463, 0"><temps name="use"><temp name="T1463"/></temps><temps name="def"><temp name="T405"/></temps><temps name="in"><temp name="T1454"/><temp name="T399"/><temp name="T1465"/><temp name="T18"/><temp name="T1431"/><temp name="T1456"/><temp name="T1448"/><temp name="T1421"/><temp name="T1419"/><temp name="T1463"/><temp name="T1425"/><temp name="T1460"/><temp name="T1444"/></temps><temps name="out"><temp name="T1454"/><temp name="T399"/><temp name="T1465"/><temp name="T18"/><temp name="T1431"/><temp name="T1456"/><temp name="T1448"/><temp name="T405"/><temp name="T1421"/><temp name="T1419"/><temp name="T1425"/><temp name="T1460"/><temp name="T1444"/></temps></instruction><instruction code="STO T399, $254, 8"><temps name="use"><temp name="T399"/></temps><temps name="def"/><temps name="in"><temp name="T1454"/><temp name="T399"/><temp name="T1465"/><temp name="T18"/><temp name="T1431"/><temp name="T1456"/><temp name="T1448"/><temp name="T405"/><temp name="T1421"/><temp name="T1419"/><temp name="T1425"/><temp name="T1460"/><temp name="T1444"/></temps><temps name="out"><temp name="T1454"/><temp name="T1465"/><temp name="T18"/><temp name="T1431"/><temp name="T1456"/><temp name="T1448"/><temp name="T405"/><temp name="T1421"/><temp name="T1419"/><temp name="T1425"/><temp name="T1460"/><temp name="T1444"/></temps></instruction><instruction code="STO T405, $254, 16"><temps name="use"><temp name="T405"/></temps><temps name="def"/><temps name="in"><temp name="T1454"/><temp name="T1465"/><temp name="T18"/><temp name="T1431"/><temp name="T1456"/><temp name="T1448"/><temp name="T405"/><temp name="T1421"/><temp name="T1419"/><temp name="T1425"/><temp name="T1460"/><temp name="T1444"/></temps><temps name="out"><temp name="T1448"/><temp name="T1454"/><temp name="T1465"/><temp name="T1421"/><temp name="T18"/><temp name="T1419"/><temp name="T1425"/><temp name="T1431"/><temp name="T1456"/><temp name="T1460"/><temp name="T1444"/></temps></instruction><instruction code="LDA T1464, L0"><temps name="use"/><temps name="def"><temp name="T1464"/></temps><temps name="in"><temp name="T1448"/><temp name="T1454"/><temp name="T1465"/><temp name="T1421"/><temp name="T18"/><temp name="T1419"/><temp name="T1425"/><temp name="T1431"/><temp name="T1456"/><temp name="T1460"/><temp name="T1444"/></temps><temps name="out"><temp name="T1454"/><temp name="T1465"/><temp name="T18"/><temp name="T1431"/><temp name="T1464"/><temp name="T1456"/><temp name="T1448"/><temp name="T1421"/><temp name="T1419"/><temp name="T1425"/><temp name="T1460"/><temp name="T1444"/></temps></instruction><instruction code="PUSHJ $15, T1464, 0"><temps name="use"><temp name="T1464"/></temps><temps name="def"/><temps name="in"><temp name="T1454"/><temp name="T1465"/><temp name="T18"/><temp name="T1431"/><temp name="T1464"/><temp name="T1456"/><temp name="T1448"/><temp name="T1421"/><temp name="T1419"/><temp name="T1425"/><temp name="T1460"/><temp name="T1444"/></temps><temps name="out"><temp name="T1448"/><temp name="T1454"/><temp name="T1465"/><temp name="T1421"/><temp name="T18"/><temp name="T1419"/><temp name="T1425"/><temp name="T1431"/><temp name="T1456"/><temp name="T1460"/><temp name="T1444"/></temps></instruction><instruction code="OR T406, T1465, 0"><temps name="use"><temp name="T1465"/></temps><temps name="def"><temp name="T406"/></temps><temps name="in"><temp name="T1448"/><temp name="T1454"/><temp name="T1465"/><temp name="T1421"/><temp name="T18"/><temp name="T1419"/><temp name="T1425"/><temp name="T1431"/><temp name="T1456"/><temp name="T1460"/><temp name="T1444"/></temps><temps name="out"><temp name="T1448"/><temp name="T1454"/><temp name="T1465"/><temp name="T1421"/><temp name="T18"/><temp name="T1419"/><temp name="T1425"/><temp name="T1431"/><temp name="T1456"/><temp name="T1460"/><temp name="T1444"/></temps></instruction><instruction code="LDA T1466, L41"><temps name="use"/><temps name="def"><temp name="T1466"/></temps><temps name="in"><temp name="T1448"/><temp name="T1454"/><temp name="T1465"/><temp name="T1421"/><temp name="T18"/><temp name="T1419"/><temp name="T1425"/><temp name="T1431"/><temp name="T1456"/><temp name="T1460"/><temp name="T1444"/></temps><temps name="out"><temp name="T1454"/><temp name="T1465"/><temp name="T18"/><temp name="T1431"/><temp name="T1456"/><temp name="T1448"/><temp name="T1466"/><temp name="T1421"/><temp name="T1419"/><temp name="T1425"/><temp name="T1460"/><temp name="T1444"/></temps></instruction><instruction code="GO T1466, T1466, 0"><temps name="use"><temp name="T1466"/></temps><temps name="def"><temp name="T1466"/></temps><temps name="in"><temp name="T1454"/><temp name="T1465"/><temp name="T18"/><temp name="T1431"/><temp name="T1456"/><temp name="T1448"/><temp name="T1466"/><temp name="T1421"/><temp name="T1419"/><temp name="T1425"/><temp name="T1460"/><temp name="T1444"/></temps><temps name="out"><temp name="T1448"/><temp name="T1454"/><temp name="T1465"/><temp name="T1421"/><temp name="T18"/><temp name="T1419"/><temp name="T1425"/><temp name="T1431"/><temp name="T1456"/><temp name="T1460"/><temp name="T1444"/></temps></instruction><instruction code="L43"><temps name="use"/><temps name="def"/><temps name="in"/><temps name="out"/></instruction><instruction code="L46"><temps name="use"/><temps name="def"/><temps name="in"/><temps name="out"/></instruction><instruction code="SETL  T1467, 0"><temps name="use"/><temps name="def"><temp name="T1467"/></temps><temps name="in"/><temps name="out"/></instruction><instruction code="INCML T1467, 0"><temps name="use"/><temps name="def"><temp name="T1467"/></temps><temps name="in"/><temps name="out"/></instruction><instruction code="INCMH T1467, 0"><temps name="use"/><temps name="def"><temp name="T1467"/></temps><temps name="in"/><temps name="out"/></instruction><instruction code="INCH  T1467, 0"><temps name="use"/><temps name="def"><temp name="T1467"/></temps><temps name="in"/><temps name="out"><temp name="T1467"/></temps></instruction><instruction code="OR T407, T1467, 0"><temps name="use"><temp name="T1467"/></temps><temps name="def"><temp name="T407"/></temps><temps name="in"><temp name="T1467"/></temps><temps name="out"><temp name="T407"/></temps></instruction><instruction code="OR T19, T407, 0"><temps name="use"><temp name="T407"/></temps><temps name="def"><temp name="T19"/></temps><temps name="in"><temp name="T407"/></temps><temps name="out"/></instruction><instruction code="LDA T1468, L127"><temps name="use"/><temps name="def"><temp name="T1468"/></temps><temps name="in"/><temps name="out"><temp name="T1468"/></temps></instruction><instruction code="GO T1468, T1468, 0"><temps name="use"><temp name="T1468"/></temps><temps name="def"><temp name="T1468"/></temps><temps name="in"><temp name="T1468"/></temps><temps name="out"/></instruction></instructions></code><code entrylabel="L129" exitlabel="L130" tempsize="0"><frame FP="T16" RV="T17" argssize="16" depth="1" label="_combs" locssize="808" size="840"/><instructions><instruction code="L129"><temps name="use"/><temps name="def"/><temps name="in"><temp name="T16"/><temp name="T1495"/><temp name="T1472"/><temp name="T1491"/><temp name="T1506"/><temp name="T1501"/><temp name="T1476"/></temps><temps name="out"><temp name="T16"/><temp name="T1495"/><temp name="T1472"/><temp name="T1491"/><temp name="T1506"/><temp name="T1501"/><temp name="T1476"/></temps></instruction><instruction code="SETL  T1469, 0"><temps name="use"/><temps name="def"><temp name="T1469"/></temps><temps name="in"><temp name="T16"/><temp name="T1495"/><temp name="T1472"/><temp name="T1491"/><temp name="T1506"/><temp name="T1501"/><temp name="T1476"/></temps><temps name="out"><temp name="T16"/><temp name="T1495"/><temp name="T1472"/><temp name="T1491"/><temp name="T1506"/><temp name="T1501"/><temp name="T1476"/></temps></instruction><instruction code="INCML T1469, 0"><temps name="use"/><temps name="def"><temp name="T1469"/></temps><temps name="in"><temp name="T16"/><temp name="T1495"/><temp name="T1472"/><temp name="T1491"/><temp name="T1506"/><temp name="T1501"/><temp name="T1476"/></temps><temps name="out"><temp name="T16"/><temp name="T1495"/><temp name="T1472"/><temp name="T1491"/><temp name="T1506"/><temp name="T1501"/><temp name="T1476"/></temps></instruction><instruction code="INCMH T1469, 0"><temps name="use"/><temps name="def"><temp name="T1469"/></temps><temps name="in"><temp name="T16"/><temp name="T1495"/><temp name="T1472"/><temp name="T1491"/><temp name="T1506"/><temp name="T1501"/><temp name="T1476"/></temps><temps name="out"><temp name="T16"/><temp name="T1495"/><temp name="T1472"/><temp name="T1491"/><temp name="T1506"/><temp name="T1501"/><temp name="T1476"/></temps></instruction><instruction code="INCH  T1469, 0"><temps name="use"/><temps name="def"><temp name="T1469"/></temps><temps name="in"><temp name="T16"/><temp name="T1495"/><temp name="T1472"/><temp name="T1491"/><temp name="T1506"/><temp name="T1501"/><temp name="T1476"/></temps><temps name="out"><temp name="T16"/><temp name="T1495"/><temp name="T1472"/><temp name="T1491"/><temp name="T1469"/><temp name="T1506"/><temp name="T1501"/><temp name="T1476"/></temps></instruction><instruction code="OR T408, T1469, 0"><temps name="use"><temp name="T1469"/></temps><temps name="def"><temp name="T408"/></temps><temps name="in"><temp name="T16"/><temp name="T1495"/><temp name="T1472"/><temp name="T1491"/><temp name="T1469"/><temp name="T1506"/><temp name="T1501"/><temp name="T1476"/></temps><temps name="out"><temp name="T16"/><temp name="T1495"/><temp name="T1472"/><temp name="T1491"/><temp name="T408"/><temp name="T1506"/><temp name="T1501"/><temp name="T1476"/></temps></instruction><instruction code="LDO T1473, T1472, 0"><temps name="use"><temp name="T1472"/></temps><temps name="def"><temp name="T1473"/></temps><temps name="in"><temp name="T16"/><temp name="T1495"/><temp name="T1472"/><temp name="T1491"/><temp name="T408"/><temp name="T1506"/><temp name="T1501"/><temp name="T1476"/></temps><temps name="out"><temp name="T16"/><temp name="T1495"/><temp name="T1473"/><temp name="T1491"/><temp name="T408"/><temp name="T1506"/><temp name="T1501"/><temp name="T1476"/></temps></instruction><instruction code="STO T1473, T408, 0"><temps name="use"><temp name="T1473"/><temp name="T408"/></temps><temps name="def"/><temps name="in"><temp name="T16"/><temp name="T1495"/><temp name="T1473"/><temp name="T1491"/><temp name="T408"/><temp name="T1506"/><temp name="T1501"/><temp name="T1476"/></temps><temps name="out"><temp name="T16"/><temp name="T1495"/><temp name="T1491"/><temp name="T1506"/><temp name="T1501"/><temp name="T1476"/></temps></instruction><instruction code="L47"><temps name="use"/><temps name="def"/><temps name="in"><temp name="T16"/><temp name="T1495"/><temp name="T1491"/><temp name="T1506"/><temp name="T1501"/><temp name="T1476"/></temps><temps name="out"><temp name="T16"/><temp name="T1495"/><temp name="T1491"/><temp name="T1506"/><temp name="T1501"/><temp name="T1476"/></temps></instruction><instruction code="OR T409, T16, 0"><temps name="use"><temp name="T16"/></temps><temps name="def"><temp name="T409"/></temps><temps name="in"><temp name="T16"/><temp name="T1495"/><temp name="T1491"/><temp name="T1506"/><temp name="T1501"/><temp name="T1476"/></temps><temps name="out"><temp name="T16"/><temp name="T409"/><temp name="T1495"/><temp name="T1491"/><temp name="T1506"/><temp name="T1501"/><temp name="T1476"/></temps></instruction><instruction code="SETL  T1474, 808"><temps name="use"/><temps name="def"><temp name="T1474"/></temps><temps name="in"><temp name="T16"/><temp name="T409"/><temp name="T1495"/><temp name="T1491"/><temp name="T1506"/><temp name="T1501"/><temp name="T1476"/></temps><temps name="out"><temp name="T16"/><temp name="T409"/><temp name="T1495"/><temp name="T1491"/><temp name="T1506"/><temp name="T1501"/><temp name="T1476"/></temps></instruction><instruction code="INCML T1474, 0"><temps name="use"/><temps name="def"><temp name="T1474"/></temps><temps name="in"><temp name="T16"/><temp name="T409"/><temp name="T1495"/><temp name="T1491"/><temp name="T1506"/><temp name="T1501"/><temp name="T1476"/></temps><temps name="out"><temp name="T16"/><temp name="T409"/><temp name="T1495"/><temp name="T1491"/><temp name="T1506"/><temp name="T1501"/><temp name="T1476"/></temps></instruction><instruction code="INCMH T1474, 0"><temps name="use"/><temps name="def"><temp name="T1474"/></temps><temps name="in"><temp name="T16"/><temp name="T409"/><temp name="T1495"/><temp name="T1491"/><temp name="T1506"/><temp name="T1501"/><temp name="T1476"/></temps><temps name="out"><temp name="T16"/><temp name="T409"/><temp name="T1495"/><temp name="T1491"/><temp name="T1506"/><temp name="T1501"/><temp name="T1476"/></temps></instruction><instruction code="INCH  T1474, 0"><temps name="use"/><temps name="def"><temp name="T1474"/></temps><temps name="in"><temp name="T16"/><temp name="T409"/><temp name="T1495"/><temp name="T1491"/><temp name="T1506"/><temp name="T1501"/><temp name="T1476"/></temps><temps name="out"><temp name="T1474"/><temp name="T16"/><temp name="T409"/><temp name="T1495"/><temp name="T1491"/><temp name="T1506"/><temp name="T1501"/><temp name="T1476"/></temps></instruction><instruction code="NEG T1474, 0, T1474"><temps name="use"><temp name="T1474"/></temps><temps name="def"><temp name="T1474"/></temps><temps name="in"><temp name="T1474"/><temp name="T16"/><temp name="T409"/><temp name="T1495"/><temp name="T1491"/><temp name="T1506"/><temp name="T1501"/><temp name="T1476"/></temps><temps name="out"><temp name="T1474"/><temp name="T16"/><temp name="T409"/><temp name="T1495"/><temp name="T1491"/><temp name="T1506"/><temp name="T1501"/><temp name="T1476"/></temps></instruction><instruction code="OR T410, T1474, 0"><temps name="use"><temp name="T1474"/></temps><temps name="def"><temp name="T410"/></temps><temps name="in"><temp name="T1474"/><temp name="T16"/><temp name="T409"/><temp name="T1495"/><temp name="T1491"/><temp name="T1506"/><temp name="T1501"/><temp name="T1476"/></temps><temps name="out"><temp name="T16"/><temp name="T409"/><temp name="T1495"/><temp name="T410"/><temp name="T1491"/><temp name="T1506"/><temp name="T1501"/><temp name="T1476"/></temps></instruction><instruction code="ADD T1475, T409, T410"><temps name="use"><temp name="T409"/><temp name="T410"/></temps><temps name="def"><temp name="T1475"/></temps><temps name="in"><temp name="T16"/><temp name="T409"/><temp name="T1495"/><temp name="T410"/><temp name="T1491"/><temp name="T1506"/><temp name="T1501"/><temp name="T1476"/></temps><temps name="out"><temp name="T16"/><temp name="T1495"/><temp name="T1475"/><temp name="T1491"/><temp name="T1506"/><temp name="T1501"/><temp name="T1476"/></temps></instruction><instruction code="OR T411, T1475, 0"><temps name="use"><temp name="T1475"/></temps><temps name="def"><temp name="T411"/></temps><temps name="in"><temp name="T16"/><temp name="T1495"/><temp name="T1475"/><temp name="T1491"/><temp name="T1506"/><temp name="T1501"/><temp name="T1476"/></temps><temps name="out"><temp name="T16"/><temp name="T1495"/><temp name="T1491"/><temp name="T1506"/><temp name="T1501"/><temp name="T1476"/></temps></instruction><instruction code="LDO T1477, T1476, 0"><temps name="use"><temp name="T1476"/></temps><temps name="def"><temp name="T1477"/></temps><temps name="in"><temp name="T16"/><temp name="T1495"/><temp name="T1491"/><temp name="T1506"/><temp name="T1501"/><temp name="T1476"/></temps><temps name="out"><temp name="T16"/><temp name="T1495"/><temp name="T1477"/><temp name="T1491"/><temp name="T1506"/><temp name="T1501"/><temp name="T1476"/></temps></instruction><instruction code="OR T412, T1477, 0"><temps name="use"><temp name="T1477"/></temps><temps name="def"><temp name="T412"/></temps><temps name="in"><temp name="T16"/><temp name="T1495"/><temp name="T1477"/><temp name="T1491"/><temp name="T1506"/><temp name="T1501"/><temp name="T1476"/></temps><temps name="out"><temp name="T16"/><temp name="T1495"/><temp name="T1491"/><temp name="T412"/><temp name="T1506"/><temp name="T1501"/><temp name="T1476"/></temps></instruction><instruction code="SETL  T1478, 100"><temps name="use"/><temps name="def"><temp name="T1478"/></temps><temps name="in"><temp name="T16"/><temp name="T1495"/><temp name="T1491"/><temp name="T412"/><temp name="T1506"/><temp name="T1501"/><temp name="T1476"/></temps><temps name="out"><temp name="T16"/><temp name="T1495"/><temp name="T1491"/><temp name="T412"/><temp name="T1506"/><temp name="T1501"/><temp name="T1476"/></temps></instruction><instruction code="INCML T1478, 0"><temps name="use"/><temps name="def"><temp name="T1478"/></temps><temps name="in"><temp name="T16"/><temp name="T1495"/><temp name="T1491"/><temp name="T412"/><temp name="T1506"/><temp name="T1501"/><temp name="T1476"/></temps><temps name="out"><temp name="T16"/><temp name="T1495"/><temp name="T1491"/><temp name="T412"/><temp name="T1506"/><temp name="T1501"/><temp name="T1476"/></temps></instruction><instruction code="INCMH T1478, 0"><temps name="use"/><temps name="def"><temp name="T1478"/></temps><temps name="in"><temp name="T16"/><temp name="T1495"/><temp name="T1491"/><temp name="T412"/><temp name="T1506"/><temp name="T1501"/><temp name="T1476"/></temps><temps name="out"><temp name="T16"/><temp name="T1495"/><temp name="T1491"/><temp name="T412"/><temp name="T1506"/><temp name="T1501"/><temp name="T1476"/></temps></instruction><instruction code="INCH  T1478, 0"><temps name="use"/><temps name="def"><temp name="T1478"/></temps><temps name="in"><temp name="T16"/><temp name="T1495"/><temp name="T1491"/><temp name="T412"/><temp name="T1506"/><temp name="T1501"/><temp name="T1476"/></temps><temps name="out"><temp name="T16"/><temp name="T1495"/><temp name="T1491"/><temp name="T412"/><temp name="T1506"/><temp name="T1501"/><temp name="T1478"/><temp name="T1476"/></temps></instruction><instruction code="OR T413, T1478, 0"><temps name="use"><temp name="T1478"/></temps><temps name="def"><temp name="T413"/></temps><temps name="in"><temp name="T16"/><temp name="T1495"/><temp name="T1491"/><temp name="T412"/><temp name="T1506"/><temp name="T1501"/><temp name="T1478"/><temp name="T1476"/></temps><temps name="out"><temp name="T413"/><temp name="T16"/><temp name="T1495"/><temp name="T1491"/><temp name="T412"/><temp name="T1506"/><temp name="T1501"/><temp name="T1476"/></temps></instruction><instruction code="CMP T1479, T412, T413"><temps name="use"><temp name="T412"/><temp name="T413"/></temps><temps name="def"><temp name="T1479"/></temps><temps name="in"><temp name="T413"/><temp name="T16"/><temp name="T1495"/><temp name="T1491"/><temp name="T412"/><temp name="T1506"/><temp name="T1501"/><temp name="T1476"/></temps><temps name="out"><temp name="T16"/><temp name="T1479"/><temp name="T1495"/><temp name="T1491"/><temp name="T1506"/><temp name="T1501"/><temp name="T1476"/></temps></instruction><instruction code="ZSN T1479, T1479, 1"><temps name="use"><temp name="T1479"/></temps><temps name="def"><temp name="T1479"/></temps><temps name="in"><temp name="T16"/><temp name="T1479"/><temp name="T1495"/><temp name="T1491"/><temp name="T1506"/><temp name="T1501"/><temp name="T1476"/></temps><temps name="out"><temp name="T16"/><temp name="T1479"/><temp name="T1495"/><temp name="T1491"/><temp name="T1506"/><temp name="T1501"/><temp name="T1476"/></temps></instruction><instruction code="OR T414, T1479, 0"><temps name="use"><temp name="T1479"/></temps><temps name="def"><temp name="T414"/></temps><temps name="in"><temp name="T16"/><temp name="T1479"/><temp name="T1495"/><temp name="T1491"/><temp name="T1506"/><temp name="T1501"/><temp name="T1476"/></temps><temps name="out"><temp name="T16"/><temp name="T1495"/><temp name="T414"/><temp name="T1491"/><temp name="T1506"/><temp name="T1501"/><temp name="T1476"/></temps></instruction><instruction code="BNZ T414, L48"><temps name="use"><temp name="T414"/></temps><temps name="def"/><temps name="in"><temp name="T16"/><temp name="T1495"/><temp name="T414"/><temp name="T1491"/><temp name="T1506"/><temp name="T1501"/><temp name="T1476"/></temps><temps name="out"><temp name="T16"/><temp name="T1495"/><temp name="T1491"/><temp name="T1506"/><temp name="T1501"/><temp name="T1476"/></temps></instruction><instruction code="L128"><temps name="use"/><temps name="def"/><temps name="in"><temp name="T16"/><temp name="T1495"/><temp name="T1491"/><temp name="T1506"/><temp name="T1501"/><temp name="T1476"/></temps><temps name="out"><temp name="T16"/><temp name="T1495"/><temp name="T1491"/><temp name="T1506"/><temp name="T1501"/><temp name="T1476"/></temps></instruction><instruction code="LDA T1480, L49"><temps name="use"/><temps name="def"><temp name="T1480"/></temps><temps name="in"><temp name="T16"/><temp name="T1495"/><temp name="T1491"/><temp name="T1506"/><temp name="T1501"/><temp name="T1476"/></temps><temps name="out"><temp name="T1480"/><temp name="T16"/><temp name="T1495"/><temp name="T1491"/><temp name="T1506"/><temp name="T1501"/><temp name="T1476"/></temps></instruction><instruction code="GO T1480, T1480, 0"><temps name="use"><temp name="T1480"/></temps><temps name="def"><temp name="T1480"/></temps><temps name="in"><temp name="T1480"/><temp name="T16"/><temp name="T1495"/><temp name="T1491"/><temp name="T1506"/><temp name="T1501"/><temp name="T1476"/></temps><temps name="out"><temp name="T16"/><temp name="T1495"/><temp name="T1491"/><temp name="T1506"/><temp name="T1501"/><temp name="T1476"/></temps></instruction><instruction code="L48"><temps name="use"/><temps name="def"/><temps name="in"><temp name="T16"/><temp name="T1495"/><temp name="T1491"/><temp name="T1506"/><temp name="T1501"/><temp name="T1476"/></temps><temps name="out"><temp name="T16"/><temp name="T1495"/><temp name="T1491"/><temp name="T1506"/><temp name="T1501"/><temp name="T1476"/></temps></instruction><instruction code="SETL  T1481, 0"><temps name="use"/><temps name="def"><temp name="T1481"/></temps><temps name="in"><temp name="T16"/><temp name="T1495"/><temp name="T1491"/><temp name="T1506"/><temp name="T1501"/><temp name="T1476"/></temps><temps name="out"><temp name="T16"/><temp name="T1495"/><temp name="T1491"/><temp name="T1506"/><temp name="T1501"/><temp name="T1476"/></temps></instruction><instruction code="INCML T1481, 0"><temps name="use"/><temps name="def"><temp name="T1481"/></temps><temps name="in"><temp name="T16"/><temp name="T1495"/><temp name="T1491"/><temp name="T1506"/><temp name="T1501"/><temp name="T1476"/></temps><temps name="out"><temp name="T16"/><temp name="T1495"/><temp name="T1491"/><temp name="T1506"/><temp name="T1501"/><temp name="T1476"/></temps></instruction><instruction code="INCMH T1481, 0"><temps name="use"/><temps name="def"><temp name="T1481"/></temps><temps name="in"><temp name="T16"/><temp name="T1495"/><temp name="T1491"/><temp name="T1506"/><temp name="T1501"/><temp name="T1476"/></temps><temps name="out"><temp name="T16"/><temp name="T1495"/><temp name="T1491"/><temp name="T1506"/><temp name="T1501"/><temp name="T1476"/></temps></instruction><instruction code="INCH  T1481, 0"><temps name="use"/><temps name="def"><temp name="T1481"/></temps><temps name="in"><temp name="T16"/><temp name="T1495"/><temp name="T1491"/><temp name="T1506"/><temp name="T1501"/><temp name="T1476"/></temps><temps name="out"><temp name="T16"/><temp name="T1495"/><temp name="T1491"/><temp name="T1506"/><temp name="T1501"/><temp name="T1481"/><temp name="T1476"/></temps></instruction><instruction code="OR T415, T1481, 0"><temps name="use"><temp name="T1481"/></temps><temps name="def"><temp name="T415"/></temps><temps name="in"><temp name="T16"/><temp name="T1495"/><temp name="T1491"/><temp name="T1506"/><temp name="T1501"/><temp name="T1481"/><temp name="T1476"/></temps><temps name="out"><temp name="T16"/><temp name="T415"/><temp name="T1495"/><temp name="T1491"/><temp name="T1506"/><temp name="T1501"/><temp name="T1476"/></temps></instruction><instruction code="LDO T1492, T1491, 0"><temps name="use"><temp name="T1491"/></temps><temps name="def"><temp name="T1492"/></temps><temps name="in"><temp name="T16"/><temp name="T415"/><temp name="T1495"/><temp name="T1491"/><temp name="T1506"/><temp name="T1501"/><temp name="T1476"/></temps><temps name="out"><temp name="T16"/><temp name="T415"/><temp name="T1495"/><temp name="T1491"/><temp name="T1492"/><temp name="T1506"/><temp name="T1501"/><temp name="T1476"/></temps></instruction><instruction code="STO T1492, T415, 0"><temps name="use"><temp name="T1492"/><temp name="T415"/></temps><temps name="def"/><temps name="in"><temp name="T16"/><temp name="T415"/><temp name="T1495"/><temp name="T1491"/><temp name="T1492"/><temp name="T1506"/><temp name="T1501"/><temp name="T1476"/></temps><temps name="out"><temp name="T16"/><temp name="T1495"/><temp name="T1491"/><temp name="T1506"/><temp name="T1501"/><temp name="T1476"/></temps></instruction><instruction code="OR T416, T16, 0"><temps name="use"><temp name="T16"/></temps><temps name="def"><temp name="T416"/></temps><temps name="in"><temp name="T16"/><temp name="T1495"/><temp name="T1491"/><temp name="T1506"/><temp name="T1501"/><temp name="T1476"/></temps><temps name="out"><temp name="T16"/><temp name="T1495"/><temp name="T416"/><temp name="T1491"/><temp name="T1506"/><temp name="T1501"/><temp name="T1476"/></temps></instruction><instruction code="SETL  T1493, 808"><temps name="use"/><temps name="def"><temp name="T1493"/></temps><temps name="in"><temp name="T16"/><temp name="T1495"/><temp name="T416"/><temp name="T1491"/><temp name="T1506"/><temp name="T1501"/><temp name="T1476"/></temps><temps name="out"><temp name="T16"/><temp name="T1495"/><temp name="T416"/><temp name="T1491"/><temp name="T1506"/><temp name="T1501"/><temp name="T1476"/></temps></instruction><instruction code="INCML T1493, 0"><temps name="use"/><temps name="def"><temp name="T1493"/></temps><temps name="in"><temp name="T16"/><temp name="T1495"/><temp name="T416"/><temp name="T1491"/><temp name="T1506"/><temp name="T1501"/><temp name="T1476"/></temps><temps name="out"><temp name="T16"/><temp name="T1495"/><temp name="T416"/><temp name="T1491"/><temp name="T1506"/><temp name="T1501"/><temp name="T1476"/></temps></instruction><instruction code="INCMH T1493, 0"><temps name="use"/><temps name="def"><temp name="T1493"/></temps><temps name="in"><temp name="T16"/><temp name="T1495"/><temp name="T416"/><temp name="T1491"/><temp name="T1506"/><temp name="T1501"/><temp name="T1476"/></temps><temps name="out"><temp name="T16"/><temp name="T1495"/><temp name="T416"/><temp name="T1491"/><temp name="T1506"/><temp name="T1501"/><temp name="T1476"/></temps></instruction><instruction code="INCH  T1493, 0"><temps name="use"/><temps name="def"><temp name="T1493"/></temps><temps name="in"><temp name="T16"/><temp name="T1495"/><temp name="T416"/><temp name="T1491"/><temp name="T1506"/><temp name="T1501"/><temp name="T1476"/></temps><temps name="out"><temp name="T16"/><temp name="T1495"/><temp name="T416"/><temp name="T1493"/><temp name="T1491"/><temp name="T1506"/><temp name="T1501"/><temp name="T1476"/></temps></instruction><instruction code="NEG T1493, 0, T1493"><temps name="use"><temp name="T1493"/></temps><temps name="def"><temp name="T1493"/></temps><temps name="in"><temp name="T16"/><temp name="T1495"/><temp name="T416"/><temp name="T1493"/><temp name="T1491"/><temp name="T1506"/><temp name="T1501"/><temp name="T1476"/></temps><temps name="out"><temp name="T16"/><temp name="T1495"/><temp name="T416"/><temp name="T1493"/><temp name="T1491"/><temp name="T1506"/><temp name="T1501"/><temp name="T1476"/></temps></instruction><instruction code="OR T417, T1493, 0"><temps name="use"><temp name="T1493"/></temps><temps name="def"><temp name="T417"/></temps><temps name="in"><temp name="T16"/><temp name="T1495"/><temp name="T416"/><temp name="T1493"/><temp name="T1491"/><temp name="T1506"/><temp name="T1501"/><temp name="T1476"/></temps><temps name="out"><temp name="T16"/><temp name="T417"/><temp name="T1495"/><temp name="T416"/><temp name="T1491"/><temp name="T1506"/><temp name="T1501"/><temp name="T1476"/></temps></instruction><instruction code="ADD T1494, T416, T417"><temps name="use"><temp name="T416"/><temp name="T417"/></temps><temps name="def"><temp name="T1494"/></temps><temps name="in"><temp name="T16"/><temp name="T417"/><temp name="T1495"/><temp name="T416"/><temp name="T1491"/><temp name="T1506"/><temp name="T1501"/><temp name="T1476"/></temps><temps name="out"><temp name="T16"/><temp name="T1495"/><temp name="T1491"/><temp name="T1506"/><temp name="T1494"/><temp name="T1501"/><temp name="T1476"/></temps></instruction><instruction code="OR T418, T1494, 0"><temps name="use"><temp name="T1494"/></temps><temps name="def"><temp name="T418"/></temps><temps name="in"><temp name="T16"/><temp name="T1495"/><temp name="T1491"/><temp name="T1506"/><temp name="T1494"/><temp name="T1501"/><temp name="T1476"/></temps><temps name="out"><temp name="T16"/><temp name="T1495"/><temp name="T1491"/><temp name="T1506"/><temp name="T1501"/><temp name="T1476"/></temps></instruction><instruction code="LDO T1496, T1495, 0"><temps name="use"><temp name="T1495"/></temps><temps name="def"><temp name="T1496"/></temps><temps name="in"><temp name="T16"/><temp name="T1495"/><temp name="T1491"/><temp name="T1506"/><temp name="T1501"/><temp name="T1476"/></temps><temps name="out"><temp name="T1496"/><temp name="T16"/><temp name="T1495"/><temp name="T1491"/><temp name="T1506"/><temp name="T1501"/><temp name="T1476"/></temps></instruction><instruction code="OR T419, T1496, 0"><temps name="use"><temp name="T1496"/></temps><temps name="def"><temp name="T419"/></temps><temps name="in"><temp name="T1496"/><temp name="T16"/><temp name="T1495"/><temp name="T1491"/><temp name="T1506"/><temp name="T1501"/><temp name="T1476"/></temps><temps name="out"><temp name="T16"/><temp name="T1495"/><temp name="T1491"/><temp name="T419"/><temp name="T1506"/><temp name="T1501"/><temp name="T1476"/></temps></instruction><instruction code="SETL  T1497, 1"><temps name="use"/><temps name="def"><temp name="T1497"/></temps><temps name="in"><temp name="T16"/><temp name="T1495"/><temp name="T1491"/><temp name="T419"/><temp name="T1506"/><temp name="T1501"/><temp name="T1476"/></temps><temps name="out"><temp name="T16"/><temp name="T1495"/><temp name="T1491"/><temp name="T419"/><temp name="T1506"/><temp name="T1501"/><temp name="T1476"/></temps></instruction><instruction code="INCML T1497, 0"><temps name="use"/><temps name="def"><temp name="T1497"/></temps><temps name="in"><temp name="T16"/><temp name="T1495"/><temp name="T1491"/><temp name="T419"/><temp name="T1506"/><temp name="T1501"/><temp name="T1476"/></temps><temps name="out"><temp name="T16"/><temp name="T1495"/><temp name="T1491"/><temp name="T419"/><temp name="T1506"/><temp name="T1501"/><temp name="T1476"/></temps></instruction><instruction code="INCMH T1497, 0"><temps name="use"/><temps name="def"><temp name="T1497"/></temps><temps name="in"><temp name="T16"/><temp name="T1495"/><temp name="T1491"/><temp name="T419"/><temp name="T1506"/><temp name="T1501"/><temp name="T1476"/></temps><temps name="out"><temp name="T16"/><temp name="T1495"/><temp name="T1491"/><temp name="T419"/><temp name="T1506"/><temp name="T1501"/><temp name="T1476"/></temps></instruction><instruction code="INCH  T1497, 0"><temps name="use"/><temps name="def"><temp name="T1497"/></temps><temps name="in"><temp name="T16"/><temp name="T1495"/><temp name="T1491"/><temp name="T419"/><temp name="T1506"/><temp name="T1501"/><temp name="T1476"/></temps><temps name="out"><temp name="T16"/><temp name="T1495"/><temp name="T1491"/><temp name="T1497"/><temp name="T419"/><temp name="T1506"/><temp name="T1501"/><temp name="T1476"/></temps></instruction><instruction code="OR T420, T1497, 0"><temps name="use"><temp name="T1497"/></temps><temps name="def"><temp name="T420"/></temps><temps name="in"><temp name="T16"/><temp name="T1495"/><temp name="T1491"/><temp name="T1497"/><temp name="T419"/><temp name="T1506"/><temp name="T1501"/><temp name="T1476"/></temps><temps name="out"><temp name="T420"/><temp name="T16"/><temp name="T1495"/><temp name="T1491"/><temp name="T419"/><temp name="T1506"/><temp name="T1501"/><temp name="T1476"/></temps></instruction><instruction code="ADD T1498, T419, T420"><temps name="use"><temp name="T419"/><temp name="T420"/></temps><temps name="def"><temp name="T1498"/></temps><temps name="in"><temp name="T420"/><temp name="T16"/><temp name="T1495"/><temp name="T1491"/><temp name="T419"/><temp name="T1506"/><temp name="T1501"/><temp name="T1476"/></temps><temps name="out"><temp name="T16"/><temp name="T1495"/><temp name="T1491"/><temp name="T1506"/><temp name="T1498"/><temp name="T1501"/><temp name="T1476"/></temps></instruction><instruction code="OR T421, T1498, 0"><temps name="use"><temp name="T1498"/></temps><temps name="def"><temp name="T421"/></temps><temps name="in"><temp name="T16"/><temp name="T1495"/><temp name="T1491"/><temp name="T1506"/><temp name="T1498"/><temp name="T1501"/><temp name="T1476"/></temps><temps name="out"><temp name="T16"/><temp name="T1495"/><temp name="T1491"/><temp name="T421"/><temp name="T1506"/><temp name="T1501"/><temp name="T1476"/></temps></instruction><instruction code="LDO T1502, T1501, 0"><temps name="use"><temp name="T1501"/></temps><temps name="def"><temp name="T1502"/></temps><temps name="in"><temp name="T16"/><temp name="T1495"/><temp name="T1491"/><temp name="T421"/><temp name="T1506"/><temp name="T1501"/><temp name="T1476"/></temps><temps name="out"><temp name="T16"/><temp name="T1495"/><temp name="T1491"/><temp name="T1502"/><temp name="T421"/><temp name="T1506"/><temp name="T1501"/><temp name="T1476"/></temps></instruction><instruction code="STO T1502, T421, 0"><temps name="use"><temp name="T1502"/><temp name="T421"/></temps><temps name="def"/><temps name="in"><temp name="T16"/><temp name="T1495"/><temp name="T1491"/><temp name="T1502"/><temp name="T421"/><temp name="T1506"/><temp name="T1501"/><temp name="T1476"/></temps><temps name="out"><temp name="T16"/><temp name="T1495"/><temp name="T1491"/><temp name="T1506"/><temp name="T1501"/><temp name="T1476"/></temps></instruction><instruction code="LDA T1503, L47"><temps name="use"/><temps name="def"><temp name="T1503"/></temps><temps name="in"><temp name="T16"/><temp name="T1495"/><temp name="T1491"/><temp name="T1506"/><temp name="T1501"/><temp name="T1476"/></temps><temps name="out"><temp name="T1503"/><temp name="T16"/><temp name="T1495"/><temp name="T1491"/><temp name="T1506"/><temp name="T1501"/><temp name="T1476"/></temps></instruction><instruction code="GO T1503, T1503, 0"><temps name="use"><temp name="T1503"/></temps><temps name="def"><temp name="T1503"/></temps><temps name="in"><temp name="T1503"/><temp name="T16"/><temp name="T1495"/><temp name="T1491"/><temp name="T1506"/><temp name="T1501"/><temp name="T1476"/></temps><temps name="out"><temp name="T16"/><temp name="T1495"/><temp name="T1491"/><temp name="T1506"/><temp name="T1501"/><temp name="T1476"/></temps></instruction><instruction code="L49"><temps name="use"/><temps name="def"/><temps name="in"><temp name="T16"/><temp name="T1506"/></temps><temps name="out"><temp name="T16"/><temp name="T1506"/></temps></instruction><instruction code="OR T422, T16, 0"><temps name="use"><temp name="T16"/></temps><temps name="def"><temp name="T422"/></temps><temps name="in"><temp name="T16"/><temp name="T1506"/></temps><temps name="out"><temp name="T422"/><temp name="T1506"/></temps></instruction><instruction code="SETL  T1504, 0"><temps name="use"/><temps name="def"><temp name="T1504"/></temps><temps name="in"><temp name="T422"/><temp name="T1506"/></temps><temps name="out"><temp name="T422"/><temp name="T1506"/></temps></instruction><instruction code="INCML T1504, 0"><temps name="use"/><temps name="def"><temp name="T1504"/></temps><temps name="in"><temp name="T422"/><temp name="T1506"/></temps><temps name="out"><temp name="T422"/><temp name="T1506"/></temps></instruction><instruction code="INCMH T1504, 0"><temps name="use"/><temps name="def"><temp name="T1504"/></temps><temps name="in"><temp name="T422"/><temp name="T1506"/></temps><temps name="out"><temp name="T422"/><temp name="T1506"/></temps></instruction><instruction code="INCH  T1504, 0"><temps name="use"/><temps name="def"><temp name="T1504"/></temps><temps name="in"><temp name="T422"/><temp name="T1506"/></temps><temps name="out"><temp name="T422"/><temp name="T1504"/><temp name="T1506"/></temps></instruction><instruction code="OR T423, T1504, 0"><temps name="use"><temp name="T1504"/></temps><temps name="def"><temp name="T423"/></temps><temps name="in"><temp name="T422"/><temp name="T1504"/><temp name="T1506"/></temps><temps name="out"><temp name="T422"/><temp name="T423"/><temp name="T1506"/></temps></instruction><instruction code="STO T422, $254, 8"><temps name="use"><temp name="T422"/></temps><temps name="def"/><temps name="in"><temp name="T422"/><temp name="T423"/><temp name="T1506"/></temps><temps name="out"><temp name="T423"/><temp name="T1506"/></temps></instruction><instruction code="STO T423, $254, 16"><temps name="use"><temp name="T423"/></temps><temps name="def"/><temps name="in"><temp name="T423"/><temp name="T1506"/></temps><temps name="out"><temp name="T1506"/></temps></instruction><instruction code="LDA T1505, L0"><temps name="use"/><temps name="def"><temp name="T1505"/></temps><temps name="in"><temp name="T1506"/></temps><temps name="out"><temp name="T1505"/><temp name="T1506"/></temps></instruction><instruction code="PUSHJ $15, T1505, 0"><temps name="use"><temp name="T1505"/></temps><temps name="def"/><temps name="in"><temp name="T1505"/><temp name="T1506"/></temps><temps name="out"><temp name="T1506"/></temps></instruction><instruction code="OR T424, T1506, 0"><temps name="use"><temp name="T1506"/></temps><temps name="def"><temp name="T424"/></temps><temps name="in"><temp name="T1506"/></temps><temps name="out"/></instruction><instruction code="SETL  T1507, 0"><temps name="use"/><temps name="def"><temp name="T1507"/></temps><temps name="in"/><temps name="out"/></instruction><instruction code="INCML T1507, 0"><temps name="use"/><temps name="def"><temp name="T1507"/></temps><temps name="in"/><temps name="out"/></instruction><instruction code="INCMH T1507, 0"><temps name="use"/><temps name="def"><temp name="T1507"/></temps><temps name="in"/><temps name="out"/></instruction><instruction code="INCH  T1507, 0"><temps name="use"/><temps name="def"><temp name="T1507"/></temps><temps name="in"/><temps name="out"><temp name="T1507"/></temps></instruction><instruction code="OR T425, T1507, 0"><temps name="use"><temp name="T1507"/></temps><temps name="def"><temp name="T425"/></temps><temps name="in"><temp name="T1507"/></temps><temps name="out"><temp name="T425"/></temps></instruction><instruction code="OR T17, T425, 0"><temps name="use"><temp name="T425"/></temps><temps name="def"><temp name="T17"/></temps><temps name="in"><temp name="T425"/></temps><temps name="out"/></instruction><instruction code="LDA T1508, L130"><temps name="use"/><temps name="def"><temp name="T1508"/></temps><temps name="in"/><temps name="out"><temp name="T1508"/></temps></instruction><instruction code="GO T1508, T1508, 0"><temps name="use"><temp name="T1508"/></temps><temps name="def"><temp name="T1508"/></temps><temps name="in"><temp name="T1508"/></temps><temps name="out"/></instruction></instructions></code><code entrylabel="L135" exitlabel="L136" tempsize="0"><frame FP="T22" RV="T23" argssize="0" depth="2" label="L1" locssize="96" size="112"/><instructions><instruction code="L135"><temps name="use"/><temps name="def"/><temps name="in"><temp name="T1517"/><temp name="T1592"/><temp name="T1556"/><temp name="T1650"/><temp name="T1608"/><temp name="T1540"/><temp name="T1588"/><temp name="T1660"/><temp name="T1665"/><temp name="T1596"/><temp name="T1512"/><temp name="T1521"/><temp name="T1546"/><temp name="T1576"/><temp name="T1552"/><temp name="T1561"/><temp name="T1565"/><temp name="T22"/><temp name="T1581"/><temp name="T1569"/><temp name="T1613"/><temp name="T1536"/><temp name="T1619"/><temp name="T1603"/><temp name="T1654"/></temps><temps name="out"><temp name="T1517"/><temp name="T1592"/><temp name="T1556"/><temp name="T1650"/><temp name="T1608"/><temp name="T1540"/><temp name="T1588"/><temp name="T1660"/><temp name="T1665"/><temp name="T1596"/><temp name="T1512"/><temp name="T1521"/><temp name="T1546"/><temp name="T1576"/><temp name="T1552"/><temp name="T1561"/><temp name="T1565"/><temp name="T22"/><temp name="T1581"/><temp name="T1569"/><temp name="T1613"/><temp name="T1536"/><temp name="T1619"/><temp name="T1603"/><temp name="T1654"/></temps></instruction><instruction code="SETL  T1509, 1"><temps name="use"/><temps name="def"><temp name="T1509"/></temps><temps name="in"><temp name="T1517"/><temp name="T1592"/><temp name="T1556"/><temp name="T1650"/><temp name="T1608"/><temp name="T1540"/><temp name="T1588"/><temp name="T1660"/><temp name="T1665"/><temp name="T1596"/><temp name="T1512"/><temp name="T1521"/><temp name="T1546"/><temp name="T1576"/><temp name="T1552"/><temp name="T1561"/><temp name="T1565"/><temp name="T22"/><temp name="T1581"/><temp name="T1569"/><temp name="T1613"/><temp name="T1536"/><temp name="T1619"/><temp name="T1603"/><temp name="T1654"/></temps><temps name="out"><temp name="T1517"/><temp name="T1592"/><temp name="T1556"/><temp name="T1650"/><temp name="T1608"/><temp name="T1540"/><temp name="T1588"/><temp name="T1660"/><temp name="T1665"/><temp name="T1596"/><temp name="T1512"/><temp name="T1521"/><temp name="T1546"/><temp name="T1576"/><temp name="T1552"/><temp name="T1561"/><temp name="T1565"/><temp name="T22"/><temp name="T1581"/><temp name="T1569"/><temp name="T1613"/><temp name="T1536"/><temp name="T1619"/><temp name="T1603"/><temp name="T1654"/></temps></instruction><instruction code="INCML T1509, 0"><temps name="use"/><temps name="def"><temp name="T1509"/></temps><temps name="in"><temp name="T1517"/><temp name="T1592"/><temp name="T1556"/><temp name="T1650"/><temp name="T1608"/><temp name="T1540"/><temp name="T1588"/><temp name="T1660"/><temp name="T1665"/><temp name="T1596"/><temp name="T1512"/><temp name="T1521"/><temp name="T1546"/><temp name="T1576"/><temp name="T1552"/><temp name="T1561"/><temp name="T1565"/><temp name="T22"/><temp name="T1581"/><temp name="T1569"/><temp name="T1613"/><temp name="T1536"/><temp name="T1619"/><temp name="T1603"/><temp name="T1654"/></temps><temps name="out"><temp name="T1517"/><temp name="T1592"/><temp name="T1556"/><temp name="T1650"/><temp name="T1608"/><temp name="T1540"/><temp name="T1588"/><temp name="T1660"/><temp name="T1665"/><temp name="T1596"/><temp name="T1512"/><temp name="T1521"/><temp name="T1546"/><temp name="T1576"/><temp name="T1552"/><temp name="T1561"/><temp name="T1565"/><temp name="T22"/><temp name="T1581"/><temp name="T1569"/><temp name="T1613"/><temp name="T1536"/><temp name="T1619"/><temp name="T1603"/><temp name="T1654"/></temps></instruction><instruction code="INCMH T1509, 0"><temps name="use"/><temps name="def"><temp name="T1509"/></temps><temps name="in"><temp name="T1517"/><temp name="T1592"/><temp name="T1556"/><temp name="T1650"/><temp name="T1608"/><temp name="T1540"/><temp name="T1588"/><temp name="T1660"/><temp name="T1665"/><temp name="T1596"/><temp name="T1512"/><temp name="T1521"/><temp name="T1546"/><temp name="T1576"/><temp name="T1552"/><temp name="T1561"/><temp name="T1565"/><temp name="T22"/><temp name="T1581"/><temp name="T1569"/><temp name="T1613"/><temp name="T1536"/><temp name="T1619"/><temp name="T1603"/><temp name="T1654"/></temps><temps name="out"><temp name="T1517"/><temp name="T1592"/><temp name="T1556"/><temp name="T1650"/><temp name="T1608"/><temp name="T1540"/><temp name="T1588"/><temp name="T1660"/><temp name="T1665"/><temp name="T1596"/><temp name="T1512"/><temp name="T1521"/><temp name="T1546"/><temp name="T1576"/><temp name="T1552"/><temp name="T1561"/><temp name="T1565"/><temp name="T22"/><temp name="T1581"/><temp name="T1569"/><temp name="T1613"/><temp name="T1536"/><temp name="T1619"/><temp name="T1603"/><temp name="T1654"/></temps></instruction><instruction code="INCH  T1509, 0"><temps name="use"/><temps name="def"><temp name="T1509"/></temps><temps name="in"><temp name="T1517"/><temp name="T1592"/><temp name="T1556"/><temp name="T1650"/><temp name="T1608"/><temp name="T1540"/><temp name="T1588"/><temp name="T1660"/><temp name="T1665"/><temp name="T1596"/><temp name="T1512"/><temp name="T1521"/><temp name="T1546"/><temp name="T1576"/><temp name="T1552"/><temp name="T1561"/><temp name="T1565"/><temp name="T22"/><temp name="T1581"/><temp name="T1569"/><temp name="T1613"/><temp name="T1536"/><temp name="T1619"/><temp name="T1603"/><temp name="T1654"/></temps><temps name="out"><temp name="T1517"/><temp name="T1592"/><temp name="T1556"/><temp name="T1650"/><temp name="T1608"/><temp name="T1540"/><temp name="T1588"/><temp name="T1660"/><temp name="T1665"/><temp name="T1596"/><temp name="T1512"/><temp name="T1521"/><temp name="T1546"/><temp name="T1576"/><temp name="T1552"/><temp name="T1561"/><temp name="T1565"/><temp name="T22"/><temp name="T1581"/><temp name="T1569"/><temp name="T1613"/><temp name="T1536"/><temp name="T1619"/><temp name="T1603"/><temp name="T1509"/><temp name="T1654"/></temps></instruction><instruction code="OR T426, T1509, 0"><temps name="use"><temp name="T1509"/></temps><temps name="def"><temp name="T426"/></temps><temps name="in"><temp name="T1517"/><temp name="T1592"/><temp name="T1556"/><temp name="T1650"/><temp name="T1608"/><temp name="T1540"/><temp name="T1588"/><temp name="T1660"/><temp name="T1665"/><temp name="T1596"/><temp name="T1512"/><temp name="T1521"/><temp name="T1546"/><temp name="T1576"/><temp name="T1552"/><temp name="T1561"/><temp name="T1565"/><temp name="T22"/><temp name="T1581"/><temp name="T1569"/><temp name="T1613"/><temp name="T1536"/><temp name="T1619"/><temp name="T1603"/><temp name="T1509"/><temp name="T1654"/></temps><temps name="out"><temp name="T1517"/><temp name="T1592"/><temp name="T1556"/><temp name="T1650"/><temp name="T1608"/><temp name="T1540"/><temp name="T1588"/><temp name="T1660"/><temp name="T1665"/><temp name="T1596"/><temp name="T426"/><temp name="T1512"/><temp name="T1521"/><temp name="T1546"/><temp name="T1576"/><temp name="T1552"/><temp name="T1561"/><temp name="T1565"/><temp name="T22"/><temp name="T1581"/><temp name="T1569"/><temp name="T1613"/><temp name="T1536"/><temp name="T1619"/><temp name="T1603"/><temp name="T1654"/></temps></instruction><instruction code="LDO T1513, T1512, 0"><temps name="use"><temp name="T1512"/></temps><temps name="def"><temp name="T1513"/></temps><temps name="in"><temp name="T1517"/><temp name="T1592"/><temp name="T1556"/><temp name="T1650"/><temp name="T1608"/><temp name="T1540"/><temp name="T1588"/><temp name="T1660"/><temp name="T1665"/><temp name="T1596"/><temp name="T426"/><temp name="T1512"/><temp name="T1521"/><temp name="T1546"/><temp name="T1576"/><temp name="T1552"/><temp name="T1561"/><temp name="T1565"/><temp name="T22"/><temp name="T1581"/><temp name="T1569"/><temp name="T1613"/><temp name="T1536"/><temp name="T1619"/><temp name="T1603"/><temp name="T1654"/></temps><temps name="out"><temp name="T1517"/><temp name="T1592"/><temp name="T1513"/><temp name="T1556"/><temp name="T1650"/><temp name="T1608"/><temp name="T1540"/><temp name="T1588"/><temp name="T1660"/><temp name="T1665"/><temp name="T1596"/><temp name="T426"/><temp name="T1521"/><temp name="T1546"/><temp name="T1576"/><temp name="T1552"/><temp name="T1561"/><temp name="T1565"/><temp name="T22"/><temp name="T1581"/><temp name="T1569"/><temp name="T1613"/><temp name="T1536"/><temp name="T1619"/><temp name="T1603"/><temp name="T1654"/></temps></instruction><instruction code="STO T1513, T426, 0"><temps name="use"><temp name="T1513"/><temp name="T426"/></temps><temps name="def"/><temps name="in"><temp name="T1517"/><temp name="T1592"/><temp name="T1513"/><temp name="T1556"/><temp name="T1650"/><temp name="T1608"/><temp name="T1540"/><temp name="T1588"/><temp name="T1660"/><temp name="T1665"/><temp name="T1596"/><temp name="T426"/><temp name="T1521"/><temp name="T1546"/><temp name="T1576"/><temp name="T1552"/><temp name="T1561"/><temp name="T1565"/><temp name="T22"/><temp name="T1581"/><temp name="T1569"/><temp name="T1613"/><temp name="T1536"/><temp name="T1619"/><temp name="T1603"/><temp name="T1654"/></temps><temps name="out"><temp name="T1517"/><temp name="T1592"/><temp name="T1556"/><temp name="T1650"/><temp name="T1608"/><temp name="T1540"/><temp name="T1588"/><temp name="T1660"/><temp name="T1665"/><temp name="T1596"/><temp name="T1521"/><temp name="T1546"/><temp name="T1576"/><temp name="T1552"/><temp name="T1561"/><temp name="T1565"/><temp name="T22"/><temp name="T1581"/><temp name="T1569"/><temp name="T1613"/><temp name="T1536"/><temp name="T1619"/><temp name="T1603"/><temp name="T1654"/></temps></instruction><instruction code="SETL  T1514, 1"><temps name="use"/><temps name="def"><temp name="T1514"/></temps><temps name="in"><temp name="T1517"/><temp name="T1592"/><temp name="T1556"/><temp name="T1650"/><temp name="T1608"/><temp name="T1540"/><temp name="T1588"/><temp name="T1660"/><temp name="T1665"/><temp name="T1596"/><temp name="T1521"/><temp name="T1546"/><temp name="T1576"/><temp name="T1552"/><temp name="T1561"/><temp name="T1565"/><temp name="T22"/><temp name="T1581"/><temp name="T1569"/><temp name="T1613"/><temp name="T1536"/><temp name="T1619"/><temp name="T1603"/><temp name="T1654"/></temps><temps name="out"><temp name="T1517"/><temp name="T1592"/><temp name="T1556"/><temp name="T1650"/><temp name="T1608"/><temp name="T1540"/><temp name="T1588"/><temp name="T1660"/><temp name="T1665"/><temp name="T1596"/><temp name="T1521"/><temp name="T1546"/><temp name="T1576"/><temp name="T1552"/><temp name="T1561"/><temp name="T1565"/><temp name="T22"/><temp name="T1581"/><temp name="T1569"/><temp name="T1613"/><temp name="T1536"/><temp name="T1619"/><temp name="T1603"/><temp name="T1654"/></temps></instruction><instruction code="INCML T1514, 0"><temps name="use"/><temps name="def"><temp name="T1514"/></temps><temps name="in"><temp name="T1517"/><temp name="T1592"/><temp name="T1556"/><temp name="T1650"/><temp name="T1608"/><temp name="T1540"/><temp name="T1588"/><temp name="T1660"/><temp name="T1665"/><temp name="T1596"/><temp name="T1521"/><temp name="T1546"/><temp name="T1576"/><temp name="T1552"/><temp name="T1561"/><temp name="T1565"/><temp name="T22"/><temp name="T1581"/><temp name="T1569"/><temp name="T1613"/><temp name="T1536"/><temp name="T1619"/><temp name="T1603"/><temp name="T1654"/></temps><temps name="out"><temp name="T1517"/><temp name="T1592"/><temp name="T1556"/><temp name="T1650"/><temp name="T1608"/><temp name="T1540"/><temp name="T1588"/><temp name="T1660"/><temp name="T1665"/><temp name="T1596"/><temp name="T1521"/><temp name="T1546"/><temp name="T1576"/><temp name="T1552"/><temp name="T1561"/><temp name="T1565"/><temp name="T22"/><temp name="T1581"/><temp name="T1569"/><temp name="T1613"/><temp name="T1536"/><temp name="T1619"/><temp name="T1603"/><temp name="T1654"/></temps></instruction><instruction code="INCMH T1514, 0"><temps name="use"/><temps name="def"><temp name="T1514"/></temps><temps name="in"><temp name="T1517"/><temp name="T1592"/><temp name="T1556"/><temp name="T1650"/><temp name="T1608"/><temp name="T1540"/><temp name="T1588"/><temp name="T1660"/><temp name="T1665"/><temp name="T1596"/><temp name="T1521"/><temp name="T1546"/><temp name="T1576"/><temp name="T1552"/><temp name="T1561"/><temp name="T1565"/><temp name="T22"/><temp name="T1581"/><temp name="T1569"/><temp name="T1613"/><temp name="T1536"/><temp name="T1619"/><temp name="T1603"/><temp name="T1654"/></temps><temps name="out"><temp name="T1517"/><temp name="T1592"/><temp name="T1556"/><temp name="T1650"/><temp name="T1608"/><temp name="T1540"/><temp name="T1588"/><temp name="T1660"/><temp name="T1665"/><temp name="T1596"/><temp name="T1521"/><temp name="T1546"/><temp name="T1576"/><temp name="T1552"/><temp name="T1561"/><temp name="T1565"/><temp name="T22"/><temp name="T1581"/><temp name="T1569"/><temp name="T1613"/><temp name="T1536"/><temp name="T1619"/><temp name="T1603"/><temp name="T1654"/></temps></instruction><instruction code="INCH  T1514, 0"><temps name="use"/><temps name="def"><temp name="T1514"/></temps><temps name="in"><temp name="T1517"/><temp name="T1592"/><temp name="T1556"/><temp name="T1650"/><temp name="T1608"/><temp name="T1540"/><temp name="T1588"/><temp name="T1660"/><temp name="T1665"/><temp name="T1596"/><temp name="T1521"/><temp name="T1546"/><temp name="T1576"/><temp name="T1552"/><temp name="T1561"/><temp name="T1565"/><temp name="T22"/><temp name="T1581"/><temp name="T1569"/><temp name="T1613"/><temp name="T1536"/><temp name="T1619"/><temp name="T1603"/><temp name="T1654"/></temps><temps name="out"><temp name="T1517"/><temp name="T1592"/><temp name="T1556"/><temp name="T1650"/><temp name="T1608"/><temp name="T1540"/><temp name="T1588"/><temp name="T1660"/><temp name="T1665"/><temp name="T1514"/><temp name="T1596"/><temp name="T1521"/><temp name="T1546"/><temp name="T1576"/><temp name="T1552"/><temp name="T1561"/><temp name="T1565"/><temp name="T22"/><temp name="T1581"/><temp name="T1569"/><temp name="T1613"/><temp name="T1536"/><temp name="T1619"/><temp name="T1603"/><temp name="T1654"/></temps></instruction><instruction code="OR T427, T1514, 0"><temps name="use"><temp name="T1514"/></temps><temps name="def"><temp name="T427"/></temps><temps name="in"><temp name="T1517"/><temp name="T1592"/><temp name="T1556"/><temp name="T1650"/><temp name="T1608"/><temp name="T1540"/><temp name="T1588"/><temp name="T1660"/><temp name="T1665"/><temp name="T1514"/><temp name="T1596"/><temp name="T1521"/><temp name="T1546"/><temp name="T1576"/><temp name="T1552"/><temp name="T1561"/><temp name="T1565"/><temp name="T22"/><temp name="T1581"/><temp name="T1569"/><temp name="T1613"/><temp name="T1536"/><temp name="T1619"/><temp name="T1603"/><temp name="T1654"/></temps><temps name="out"><temp name="T1517"/><temp name="T1592"/><temp name="T1556"/><temp name="T1650"/><temp name="T1608"/><temp name="T1540"/><temp name="T1588"/><temp name="T1660"/><temp name="T1665"/><temp name="T1596"/><temp name="T1521"/><temp name="T1546"/><temp name="T1576"/><temp name="T1552"/><temp name="T1561"/><temp name="T1565"/><temp name="T22"/><temp name="T427"/><temp name="T1581"/><temp name="T1569"/><temp name="T1613"/><temp name="T1536"/><temp name="T1619"/><temp name="T1603"/><temp name="T1654"/></temps></instruction><instruction code="LDO T1518, T1517, 0"><temps name="use"><temp name="T1517"/></temps><temps name="def"><temp name="T1518"/></temps><temps name="in"><temp name="T1517"/><temp name="T1592"/><temp name="T1556"/><temp name="T1650"/><temp name="T1608"/><temp name="T1540"/><temp name="T1588"/><temp name="T1660"/><temp name="T1665"/><temp name="T1596"/><temp name="T1521"/><temp name="T1546"/><temp name="T1576"/><temp name="T1552"/><temp name="T1561"/><temp name="T1565"/><temp name="T22"/><temp name="T427"/><temp name="T1581"/><temp name="T1569"/><temp name="T1613"/><temp name="T1536"/><temp name="T1619"/><temp name="T1603"/><temp name="T1654"/></temps><temps name="out"><temp name="T1592"/><temp name="T1556"/><temp name="T1650"/><temp name="T1608"/><temp name="T1540"/><temp name="T1588"/><temp name="T1660"/><temp name="T1665"/><temp name="T1596"/><temp name="T1518"/><temp name="T1521"/><temp name="T1546"/><temp name="T1576"/><temp name="T1552"/><temp name="T1561"/><temp name="T1565"/><temp name="T22"/><temp name="T427"/><temp name="T1581"/><temp name="T1569"/><temp name="T1613"/><temp name="T1536"/><temp name="T1619"/><temp name="T1603"/><temp name="T1654"/></temps></instruction><instruction code="STO T1518, T427, 0"><temps name="use"><temp name="T1518"/><temp name="T427"/></temps><temps name="def"/><temps name="in"><temp name="T1592"/><temp name="T1556"/><temp name="T1650"/><temp name="T1608"/><temp name="T1540"/><temp name="T1588"/><temp name="T1660"/><temp name="T1665"/><temp name="T1596"/><temp name="T1518"/><temp name="T1521"/><temp name="T1546"/><temp name="T1576"/><temp name="T1552"/><temp name="T1561"/><temp name="T1565"/><temp name="T22"/><temp name="T427"/><temp name="T1581"/><temp name="T1569"/><temp name="T1613"/><temp name="T1536"/><temp name="T1619"/><temp name="T1603"/><temp name="T1654"/></temps><temps name="out"><temp name="T1592"/><temp name="T22"/><temp name="T1556"/><temp name="T1650"/><temp name="T1581"/><temp name="T1569"/><temp name="T1608"/><temp name="T1613"/><temp name="T1536"/><temp name="T1540"/><temp name="T1588"/><temp name="T1660"/><temp name="T1665"/><temp name="T1596"/><temp name="T1619"/><temp name="T1521"/><temp name="T1546"/><temp name="T1603"/><temp name="T1576"/><temp name="T1552"/><temp name="T1561"/><temp name="T1565"/><temp name="T1654"/></temps></instruction><instruction code="L50"><temps name="use"/><temps name="def"/><temps name="in"><temp name="T1592"/><temp name="T22"/><temp name="T1556"/><temp name="T1650"/><temp name="T1581"/><temp name="T1569"/><temp name="T1608"/><temp name="T1613"/><temp name="T1536"/><temp name="T1540"/><temp name="T1588"/><temp name="T1660"/><temp name="T1665"/><temp name="T1596"/><temp name="T1619"/><temp name="T1521"/><temp name="T1546"/><temp name="T1603"/><temp name="T1576"/><temp name="T1552"/><temp name="T1561"/><temp name="T1565"/><temp name="T1654"/></temps><temps name="out"><temp name="T1592"/><temp name="T22"/><temp name="T1556"/><temp name="T1650"/><temp name="T1581"/><temp name="T1569"/><temp name="T1608"/><temp name="T1613"/><temp name="T1536"/><temp name="T1540"/><temp name="T1588"/><temp name="T1660"/><temp name="T1665"/><temp name="T1596"/><temp name="T1619"/><temp name="T1521"/><temp name="T1546"/><temp name="T1603"/><temp name="T1576"/><temp name="T1552"/><temp name="T1561"/><temp name="T1565"/><temp name="T1654"/></temps></instruction><instruction code="OR T428, T22, 0"><temps name="use"><temp name="T22"/></temps><temps name="def"><temp name="T428"/></temps><temps name="in"><temp name="T1592"/><temp name="T22"/><temp name="T1556"/><temp name="T1650"/><temp name="T1581"/><temp name="T1569"/><temp name="T1608"/><temp name="T1613"/><temp name="T1536"/><temp name="T1540"/><temp name="T1588"/><temp name="T1660"/><temp name="T1665"/><temp name="T1596"/><temp name="T1619"/><temp name="T1521"/><temp name="T1546"/><temp name="T1603"/><temp name="T1576"/><temp name="T1552"/><temp name="T1561"/><temp name="T1565"/><temp name="T1654"/></temps><temps name="out"><temp name="T1592"/><temp name="T1556"/><temp name="T1650"/><temp name="T1608"/><temp name="T1540"/><temp name="T1588"/><temp name="T1660"/><temp name="T1665"/><temp name="T1596"/><temp name="T1521"/><temp name="T1546"/><temp name="T1576"/><temp name="T1552"/><temp name="T1561"/><temp name="T1565"/><temp name="T428"/><temp name="T22"/><temp name="T1581"/><temp name="T1569"/><temp name="T1613"/><temp name="T1536"/><temp name="T1619"/><temp name="T1603"/><temp name="T1654"/></temps></instruction><instruction code="SETL  T1519, 88"><temps name="use"/><temps name="def"><temp name="T1519"/></temps><temps name="in"><temp name="T1592"/><temp name="T1556"/><temp name="T1650"/><temp name="T1608"/><temp name="T1540"/><temp name="T1588"/><temp name="T1660"/><temp name="T1665"/><temp name="T1596"/><temp name="T1521"/><temp name="T1546"/><temp name="T1576"/><temp name="T1552"/><temp name="T1561"/><temp name="T1565"/><temp name="T428"/><temp name="T22"/><temp name="T1581"/><temp name="T1569"/><temp name="T1613"/><temp name="T1536"/><temp name="T1619"/><temp name="T1603"/><temp name="T1654"/></temps><temps name="out"><temp name="T1592"/><temp name="T1556"/><temp name="T1650"/><temp name="T1608"/><temp name="T1540"/><temp name="T1588"/><temp name="T1660"/><temp name="T1665"/><temp name="T1596"/><temp name="T1521"/><temp name="T1546"/><temp name="T1576"/><temp name="T1552"/><temp name="T1561"/><temp name="T1565"/><temp name="T428"/><temp name="T22"/><temp name="T1581"/><temp name="T1569"/><temp name="T1613"/><temp name="T1536"/><temp name="T1619"/><temp name="T1603"/><temp name="T1654"/></temps></instruction><instruction code="INCML T1519, 0"><temps name="use"/><temps name="def"><temp name="T1519"/></temps><temps name="in"><temp name="T1592"/><temp name="T1556"/><temp name="T1650"/><temp name="T1608"/><temp name="T1540"/><temp name="T1588"/><temp name="T1660"/><temp name="T1665"/><temp name="T1596"/><temp name="T1521"/><temp name="T1546"/><temp name="T1576"/><temp name="T1552"/><temp name="T1561"/><temp name="T1565"/><temp name="T428"/><temp name="T22"/><temp name="T1581"/><temp name="T1569"/><temp name="T1613"/><temp name="T1536"/><temp name="T1619"/><temp name="T1603"/><temp name="T1654"/></temps><temps name="out"><temp name="T1592"/><temp name="T1556"/><temp name="T1650"/><temp name="T1608"/><temp name="T1540"/><temp name="T1588"/><temp name="T1660"/><temp name="T1665"/><temp name="T1596"/><temp name="T1521"/><temp name="T1546"/><temp name="T1576"/><temp name="T1552"/><temp name="T1561"/><temp name="T1565"/><temp name="T428"/><temp name="T22"/><temp name="T1581"/><temp name="T1569"/><temp name="T1613"/><temp name="T1536"/><temp name="T1619"/><temp name="T1603"/><temp name="T1654"/></temps></instruction><instruction code="INCMH T1519, 0"><temps name="use"/><temps name="def"><temp name="T1519"/></temps><temps name="in"><temp name="T1592"/><temp name="T1556"/><temp name="T1650"/><temp name="T1608"/><temp name="T1540"/><temp name="T1588"/><temp name="T1660"/><temp name="T1665"/><temp name="T1596"/><temp name="T1521"/><temp name="T1546"/><temp name="T1576"/><temp name="T1552"/><temp name="T1561"/><temp name="T1565"/><temp name="T428"/><temp name="T22"/><temp name="T1581"/><temp name="T1569"/><temp name="T1613"/><temp name="T1536"/><temp name="T1619"/><temp name="T1603"/><temp name="T1654"/></temps><temps name="out"><temp name="T1592"/><temp name="T1556"/><temp name="T1650"/><temp name="T1608"/><temp name="T1540"/><temp name="T1588"/><temp name="T1660"/><temp name="T1665"/><temp name="T1596"/><temp name="T1521"/><temp name="T1546"/><temp name="T1576"/><temp name="T1552"/><temp name="T1561"/><temp name="T1565"/><temp name="T428"/><temp name="T22"/><temp name="T1581"/><temp name="T1569"/><temp name="T1613"/><temp name="T1536"/><temp name="T1619"/><temp name="T1603"/><temp name="T1654"/></temps></instruction><instruction code="INCH  T1519, 0"><temps name="use"/><temps name="def"><temp name="T1519"/></temps><temps name="in"><temp name="T1592"/><temp name="T1556"/><temp name="T1650"/><temp name="T1608"/><temp name="T1540"/><temp name="T1588"/><temp name="T1660"/><temp name="T1665"/><temp name="T1596"/><temp name="T1521"/><temp name="T1546"/><temp name="T1576"/><temp name="T1552"/><temp name="T1561"/><temp name="T1565"/><temp name="T428"/><temp name="T22"/><temp name="T1581"/><temp name="T1569"/><temp name="T1613"/><temp name="T1536"/><temp name="T1619"/><temp name="T1603"/><temp name="T1654"/></temps><temps name="out"><temp name="T1592"/><temp name="T1556"/><temp name="T1650"/><temp name="T1608"/><temp name="T1540"/><temp name="T1588"/><temp name="T1660"/><temp name="T1665"/><temp name="T1596"/><temp name="T1521"/><temp name="T1546"/><temp name="T1576"/><temp name="T1552"/><temp name="T1561"/><temp name="T1565"/><temp name="T428"/><temp name="T22"/><temp name="T1581"/><temp name="T1569"/><temp name="T1613"/><temp name="T1536"/><temp name="T1619"/><temp name="T1603"/><temp name="T1519"/><temp name="T1654"/></temps></instruction><instruction code="NEG T1519, 0, T1519"><temps name="use"><temp name="T1519"/></temps><temps name="def"><temp name="T1519"/></temps><temps name="in"><temp name="T1592"/><temp name="T1556"/><temp name="T1650"/><temp name="T1608"/><temp name="T1540"/><temp name="T1588"/><temp name="T1660"/><temp name="T1665"/><temp name="T1596"/><temp name="T1521"/><temp name="T1546"/><temp name="T1576"/><temp name="T1552"/><temp name="T1561"/><temp name="T1565"/><temp name="T428"/><temp name="T22"/><temp name="T1581"/><temp name="T1569"/><temp name="T1613"/><temp name="T1536"/><temp name="T1619"/><temp name="T1603"/><temp name="T1519"/><temp name="T1654"/></temps><temps name="out"><temp name="T1592"/><temp name="T1556"/><temp name="T1650"/><temp name="T1608"/><temp name="T1540"/><temp name="T1588"/><temp name="T1660"/><temp name="T1665"/><temp name="T1596"/><temp name="T1521"/><temp name="T1546"/><temp name="T1576"/><temp name="T1552"/><temp name="T1561"/><temp name="T1565"/><temp name="T428"/><temp name="T22"/><temp name="T1581"/><temp name="T1569"/><temp name="T1613"/><temp name="T1536"/><temp name="T1619"/><temp name="T1603"/><temp name="T1519"/><temp name="T1654"/></temps></instruction><instruction code="OR T429, T1519, 0"><temps name="use"><temp name="T1519"/></temps><temps name="def"><temp name="T429"/></temps><temps name="in"><temp name="T1592"/><temp name="T1556"/><temp name="T1650"/><temp name="T1608"/><temp name="T1540"/><temp name="T1588"/><temp name="T1660"/><temp name="T1665"/><temp name="T1596"/><temp name="T1521"/><temp name="T1546"/><temp name="T1576"/><temp name="T1552"/><temp name="T1561"/><temp name="T1565"/><temp name="T428"/><temp name="T22"/><temp name="T1581"/><temp name="T1569"/><temp name="T1613"/><temp name="T1536"/><temp name="T1619"/><temp name="T1603"/><temp name="T1519"/><temp name="T1654"/></temps><temps name="out"><temp name="T1592"/><temp name="T1556"/><temp name="T1650"/><temp name="T1608"/><temp name="T1540"/><temp name="T1588"/><temp name="T1660"/><temp name="T1665"/><temp name="T1596"/><temp name="T1521"/><temp name="T1546"/><temp name="T1576"/><temp name="T1552"/><temp name="T1561"/><temp name="T1565"/><temp name="T428"/><temp name="T22"/><temp name="T1581"/><temp name="T1569"/><temp name="T1613"/><temp name="T1536"/><temp name="T1619"/><temp name="T429"/><temp name="T1603"/><temp name="T1654"/></temps></instruction><instruction code="ADD T1520, T428, T429"><temps name="use"><temp name="T428"/><temp name="T429"/></temps><temps name="def"><temp name="T1520"/></temps><temps name="in"><temp name="T1592"/><temp name="T1556"/><temp name="T1650"/><temp name="T1608"/><temp name="T1540"/><temp name="T1588"/><temp name="T1660"/><temp name="T1665"/><temp name="T1596"/><temp name="T1521"/><temp name="T1546"/><temp name="T1576"/><temp name="T1552"/><temp name="T1561"/><temp name="T1565"/><temp name="T428"/><temp name="T22"/><temp name="T1581"/><temp name="T1569"/><temp name="T1613"/><temp name="T1536"/><temp name="T1619"/><temp name="T429"/><temp name="T1603"/><temp name="T1654"/></temps><temps name="out"><temp name="T1592"/><temp name="T1556"/><temp name="T1520"/><temp name="T1650"/><temp name="T1608"/><temp name="T1540"/><temp name="T1588"/><temp name="T1660"/><temp name="T1665"/><temp name="T1596"/><temp name="T1521"/><temp name="T1546"/><temp name="T1576"/><temp name="T1552"/><temp name="T1561"/><temp name="T1565"/><temp name="T22"/><temp name="T1581"/><temp name="T1569"/><temp name="T1613"/><temp name="T1536"/><temp name="T1619"/><temp name="T1603"/><temp name="T1654"/></temps></instruction><instruction code="OR T430, T1520, 0"><temps name="use"><temp name="T1520"/></temps><temps name="def"><temp name="T430"/></temps><temps name="in"><temp name="T1592"/><temp name="T1556"/><temp name="T1520"/><temp name="T1650"/><temp name="T1608"/><temp name="T1540"/><temp name="T1588"/><temp name="T1660"/><temp name="T1665"/><temp name="T1596"/><temp name="T1521"/><temp name="T1546"/><temp name="T1576"/><temp name="T1552"/><temp name="T1561"/><temp name="T1565"/><temp name="T22"/><temp name="T1581"/><temp name="T1569"/><temp name="T1613"/><temp name="T1536"/><temp name="T1619"/><temp name="T1603"/><temp name="T1654"/></temps><temps name="out"><temp name="T1592"/><temp name="T22"/><temp name="T1556"/><temp name="T1650"/><temp name="T1581"/><temp name="T1569"/><temp name="T1608"/><temp name="T1613"/><temp name="T1536"/><temp name="T1540"/><temp name="T1588"/><temp name="T1660"/><temp name="T1665"/><temp name="T1596"/><temp name="T1619"/><temp name="T1521"/><temp name="T1546"/><temp name="T1603"/><temp name="T1576"/><temp name="T1552"/><temp name="T1561"/><temp name="T1565"/><temp name="T1654"/></temps></instruction><instruction code="LDO T1522, T1521, 0"><temps name="use"><temp name="T1521"/></temps><temps name="def"><temp name="T1522"/></temps><temps name="in"><temp name="T1592"/><temp name="T22"/><temp name="T1556"/><temp name="T1650"/><temp name="T1581"/><temp name="T1569"/><temp name="T1608"/><temp name="T1613"/><temp name="T1536"/><temp name="T1540"/><temp name="T1588"/><temp name="T1660"/><temp name="T1665"/><temp name="T1596"/><temp name="T1619"/><temp name="T1521"/><temp name="T1546"/><temp name="T1603"/><temp name="T1576"/><temp name="T1552"/><temp name="T1561"/><temp name="T1565"/><temp name="T1654"/></temps><temps name="out"><temp name="T1592"/><temp name="T1556"/><temp name="T1650"/><temp name="T1608"/><temp name="T1540"/><temp name="T1588"/><temp name="T1660"/><temp name="T1665"/><temp name="T1596"/><temp name="T1546"/><temp name="T1521"/><temp name="T1522"/><temp name="T1576"/><temp name="T1552"/><temp name="T1561"/><temp name="T1565"/><temp name="T22"/><temp name="T1581"/><temp name="T1569"/><temp name="T1613"/><temp name="T1536"/><temp name="T1619"/><temp name="T1603"/><temp name="T1654"/></temps></instruction><instruction code="OR T431, T1522, 0"><temps name="use"><temp name="T1522"/></temps><temps name="def"><temp name="T431"/></temps><temps name="in"><temp name="T1592"/><temp name="T1556"/><temp name="T1650"/><temp name="T1608"/><temp name="T1540"/><temp name="T1588"/><temp name="T1660"/><temp name="T1665"/><temp name="T1596"/><temp name="T1546"/><temp name="T1521"/><temp name="T1522"/><temp name="T1576"/><temp name="T1552"/><temp name="T1561"/><temp name="T1565"/><temp name="T22"/><temp name="T1581"/><temp name="T1569"/><temp name="T1613"/><temp name="T1536"/><temp name="T1619"/><temp name="T1603"/><temp name="T1654"/></temps><temps name="out"><temp name="T1592"/><temp name="T1556"/><temp name="T1650"/><temp name="T1608"/><temp name="T1540"/><temp name="T1588"/><temp name="T1660"/><temp name="T1665"/><temp name="T1596"/><temp name="T1546"/><temp name="T1521"/><temp name="T1576"/><temp name="T1552"/><temp name="T1561"/><temp name="T1565"/><temp name="T22"/><temp name="T1581"/><temp name="T1569"/><temp name="T1613"/><temp name="T1536"/><temp name="T1619"/><temp name="T1603"/><temp name="T431"/><temp name="T1654"/></temps></instruction><instruction code="SETL  T1523, 9"><temps name="use"/><temps name="def"><temp name="T1523"/></temps><temps name="in"><temp name="T1592"/><temp name="T1556"/><temp name="T1650"/><temp name="T1608"/><temp name="T1540"/><temp name="T1588"/><temp name="T1660"/><temp name="T1665"/><temp name="T1596"/><temp name="T1546"/><temp name="T1521"/><temp name="T1576"/><temp name="T1552"/><temp name="T1561"/><temp name="T1565"/><temp name="T22"/><temp name="T1581"/><temp name="T1569"/><temp name="T1613"/><temp name="T1536"/><temp name="T1619"/><temp name="T1603"/><temp name="T431"/><temp name="T1654"/></temps><temps name="out"><temp name="T1592"/><temp name="T1556"/><temp name="T1650"/><temp name="T1608"/><temp name="T1540"/><temp name="T1588"/><temp name="T1660"/><temp name="T1665"/><temp name="T1596"/><temp name="T1546"/><temp name="T1521"/><temp name="T1576"/><temp name="T1552"/><temp name="T1561"/><temp name="T1565"/><temp name="T22"/><temp name="T1581"/><temp name="T1569"/><temp name="T1613"/><temp name="T1536"/><temp name="T1619"/><temp name="T1603"/><temp name="T431"/><temp name="T1654"/></temps></instruction><instruction code="INCML T1523, 0"><temps name="use"/><temps name="def"><temp name="T1523"/></temps><temps name="in"><temp name="T1592"/><temp name="T1556"/><temp name="T1650"/><temp name="T1608"/><temp name="T1540"/><temp name="T1588"/><temp name="T1660"/><temp name="T1665"/><temp name="T1596"/><temp name="T1546"/><temp name="T1521"/><temp name="T1576"/><temp name="T1552"/><temp name="T1561"/><temp name="T1565"/><temp name="T22"/><temp name="T1581"/><temp name="T1569"/><temp name="T1613"/><temp name="T1536"/><temp name="T1619"/><temp name="T1603"/><temp name="T431"/><temp name="T1654"/></temps><temps name="out"><temp name="T1592"/><temp name="T1556"/><temp name="T1650"/><temp name="T1608"/><temp name="T1540"/><temp name="T1588"/><temp name="T1660"/><temp name="T1665"/><temp name="T1596"/><temp name="T1546"/><temp name="T1521"/><temp name="T1576"/><temp name="T1552"/><temp name="T1561"/><temp name="T1565"/><temp name="T22"/><temp name="T1581"/><temp name="T1569"/><temp name="T1613"/><temp name="T1536"/><temp name="T1619"/><temp name="T1603"/><temp name="T431"/><temp name="T1654"/></temps></instruction><instruction code="INCMH T1523, 0"><temps name="use"/><temps name="def"><temp name="T1523"/></temps><temps name="in"><temp name="T1592"/><temp name="T1556"/><temp name="T1650"/><temp name="T1608"/><temp name="T1540"/><temp name="T1588"/><temp name="T1660"/><temp name="T1665"/><temp name="T1596"/><temp name="T1546"/><temp name="T1521"/><temp name="T1576"/><temp name="T1552"/><temp name="T1561"/><temp name="T1565"/><temp name="T22"/><temp name="T1581"/><temp name="T1569"/><temp name="T1613"/><temp name="T1536"/><temp name="T1619"/><temp name="T1603"/><temp name="T431"/><temp name="T1654"/></temps><temps name="out"><temp name="T1592"/><temp name="T1556"/><temp name="T1650"/><temp name="T1608"/><temp name="T1540"/><temp name="T1588"/><temp name="T1660"/><temp name="T1665"/><temp name="T1596"/><temp name="T1546"/><temp name="T1521"/><temp name="T1576"/><temp name="T1552"/><temp name="T1561"/><temp name="T1565"/><temp name="T22"/><temp name="T1581"/><temp name="T1569"/><temp name="T1613"/><temp name="T1536"/><temp name="T1619"/><temp name="T1603"/><temp name="T431"/><temp name="T1654"/></temps></instruction><instruction code="INCH  T1523, 0"><temps name="use"/><temps name="def"><temp name="T1523"/></temps><temps name="in"><temp name="T1592"/><temp name="T1556"/><temp name="T1650"/><temp name="T1608"/><temp name="T1540"/><temp name="T1588"/><temp name="T1660"/><temp name="T1665"/><temp name="T1596"/><temp name="T1546"/><temp name="T1521"/><temp name="T1576"/><temp name="T1552"/><temp name="T1561"/><temp name="T1565"/><temp name="T22"/><temp name="T1581"/><temp name="T1569"/><temp name="T1613"/><temp name="T1536"/><temp name="T1619"/><temp name="T1603"/><temp name="T431"/><temp name="T1654"/></temps><temps name="out"><temp name="T1592"/><temp name="T1523"/><temp name="T1556"/><temp name="T1650"/><temp name="T1608"/><temp name="T1540"/><temp name="T1588"/><temp name="T1660"/><temp name="T1665"/><temp name="T1596"/><temp name="T1546"/><temp name="T1521"/><temp name="T1576"/><temp name="T1552"/><temp name="T1561"/><temp name="T1565"/><temp name="T22"/><temp name="T1581"/><temp name="T1569"/><temp name="T1613"/><temp name="T1536"/><temp name="T1619"/><temp name="T1603"/><temp name="T431"/><temp name="T1654"/></temps></instruction><instruction code="OR T432, T1523, 0"><temps name="use"><temp name="T1523"/></temps><temps name="def"><temp name="T432"/></temps><temps name="in"><temp name="T1592"/><temp name="T1523"/><temp name="T1556"/><temp name="T1650"/><temp name="T1608"/><temp name="T1540"/><temp name="T1588"/><temp name="T1660"/><temp name="T1665"/><temp name="T1596"/><temp name="T1546"/><temp name="T1521"/><temp name="T1576"/><temp name="T1552"/><temp name="T1561"/><temp name="T1565"/><temp name="T22"/><temp name="T1581"/><temp name="T1569"/><temp name="T1613"/><temp name="T1536"/><temp name="T1619"/><temp name="T1603"/><temp name="T431"/><temp name="T1654"/></temps><temps name="out"><temp name="T1592"/><temp name="T1556"/><temp name="T432"/><temp name="T1650"/><temp name="T1608"/><temp name="T1540"/><temp name="T1588"/><temp name="T1660"/><temp name="T1665"/><temp name="T1596"/><temp name="T1546"/><temp name="T1521"/><temp name="T1576"/><temp name="T1552"/><temp name="T1561"/><temp name="T1565"/><temp name="T22"/><temp name="T1581"/><temp name="T1569"/><temp name="T1613"/><temp name="T1536"/><temp name="T1619"/><temp name="T1603"/><temp name="T431"/><temp name="T1654"/></temps></instruction><instruction code="CMP T1524, T431, T432"><temps name="use"><temp name="T431"/><temp name="T432"/></temps><temps name="def"><temp name="T1524"/></temps><temps name="in"><temp name="T1592"/><temp name="T1556"/><temp name="T432"/><temp name="T1650"/><temp name="T1608"/><temp name="T1540"/><temp name="T1588"/><temp name="T1660"/><temp name="T1665"/><temp name="T1596"/><temp name="T1546"/><temp name="T1521"/><temp name="T1576"/><temp name="T1552"/><temp name="T1561"/><temp name="T1565"/><temp name="T22"/><temp name="T1581"/><temp name="T1569"/><temp name="T1613"/><temp name="T1536"/><temp name="T1619"/><temp name="T1603"/><temp name="T431"/><temp name="T1654"/></temps><temps name="out"><temp name="T1592"/><temp name="T1524"/><temp name="T1556"/><temp name="T1650"/><temp name="T1608"/><temp name="T1540"/><temp name="T1588"/><temp name="T1660"/><temp name="T1665"/><temp name="T1596"/><temp name="T1546"/><temp name="T1521"/><temp name="T1576"/><temp name="T1552"/><temp name="T1561"/><temp name="T1565"/><temp name="T22"/><temp name="T1581"/><temp name="T1569"/><temp name="T1613"/><temp name="T1536"/><temp name="T1619"/><temp name="T1603"/><temp name="T1654"/></temps></instruction><instruction code="ZSNP T1524, T1524, 1"><temps name="use"><temp name="T1524"/></temps><temps name="def"><temp name="T1524"/></temps><temps name="in"><temp name="T1592"/><temp name="T1524"/><temp name="T1556"/><temp name="T1650"/><temp name="T1608"/><temp name="T1540"/><temp name="T1588"/><temp name="T1660"/><temp name="T1665"/><temp name="T1596"/><temp name="T1546"/><temp name="T1521"/><temp name="T1576"/><temp name="T1552"/><temp name="T1561"/><temp name="T1565"/><temp name="T22"/><temp name="T1581"/><temp name="T1569"/><temp name="T1613"/><temp name="T1536"/><temp name="T1619"/><temp name="T1603"/><temp name="T1654"/></temps><temps name="out"><temp name="T1592"/><temp name="T1524"/><temp name="T1556"/><temp name="T1650"/><temp name="T1608"/><temp name="T1540"/><temp name="T1588"/><temp name="T1660"/><temp name="T1665"/><temp name="T1596"/><temp name="T1546"/><temp name="T1521"/><temp name="T1576"/><temp name="T1552"/><temp name="T1561"/><temp name="T1565"/><temp name="T22"/><temp name="T1581"/><temp name="T1569"/><temp name="T1613"/><temp name="T1536"/><temp name="T1619"/><temp name="T1603"/><temp name="T1654"/></temps></instruction><instruction code="OR T433, T1524, 0"><temps name="use"><temp name="T1524"/></temps><temps name="def"><temp name="T433"/></temps><temps name="in"><temp name="T1592"/><temp name="T1524"/><temp name="T1556"/><temp name="T1650"/><temp name="T1608"/><temp name="T1540"/><temp name="T1588"/><temp name="T1660"/><temp name="T1665"/><temp name="T1596"/><temp name="T1546"/><temp name="T1521"/><temp name="T1576"/><temp name="T1552"/><temp name="T1561"/><temp name="T1565"/><temp name="T22"/><temp name="T1581"/><temp name="T1569"/><temp name="T1613"/><temp name="T1536"/><temp name="T1619"/><temp name="T1603"/><temp name="T1654"/></temps><temps name="out"><temp name="T1592"/><temp name="T1556"/><temp name="T1650"/><temp name="T1608"/><temp name="T1540"/><temp name="T1588"/><temp name="T1660"/><temp name="T1665"/><temp name="T1596"/><temp name="T1546"/><temp name="T1521"/><temp name="T1576"/><temp name="T1552"/><temp name="T433"/><temp name="T1561"/><temp name="T1565"/><temp name="T22"/><temp name="T1581"/><temp name="T1569"/><temp name="T1613"/><temp name="T1536"/><temp name="T1619"/><temp name="T1603"/><temp name="T1654"/></temps></instruction><instruction code="BNZ T433, L51"><temps name="use"><temp name="T433"/></temps><temps name="def"/><temps name="in"><temp name="T1592"/><temp name="T1556"/><temp name="T1650"/><temp name="T1608"/><temp name="T1540"/><temp name="T1588"/><temp name="T1660"/><temp name="T1665"/><temp name="T1596"/><temp name="T1546"/><temp name="T1521"/><temp name="T1576"/><temp name="T1552"/><temp name="T433"/><temp name="T1561"/><temp name="T1565"/><temp name="T22"/><temp name="T1581"/><temp name="T1569"/><temp name="T1613"/><temp name="T1536"/><temp name="T1619"/><temp name="T1603"/><temp name="T1654"/></temps><temps name="out"><temp name="T1592"/><temp name="T22"/><temp name="T1556"/><temp name="T1650"/><temp name="T1581"/><temp name="T1569"/><temp name="T1608"/><temp name="T1613"/><temp name="T1536"/><temp name="T1540"/><temp name="T1588"/><temp name="T1660"/><temp name="T1665"/><temp name="T1596"/><temp name="T1619"/><temp name="T1546"/><temp name="T1521"/><temp name="T1603"/><temp name="T1576"/><temp name="T1552"/><temp name="T1561"/><temp name="T1565"/><temp name="T1654"/></temps></instruction><instruction code="L131"><temps name="use"/><temps name="def"/><temps name="in"><temp name="T1592"/><temp name="T22"/><temp name="T1556"/><temp name="T1650"/><temp name="T1581"/><temp name="T1569"/><temp name="T1608"/><temp name="T1613"/><temp name="T1536"/><temp name="T1540"/><temp name="T1588"/><temp name="T1660"/><temp name="T1665"/><temp name="T1596"/><temp name="T1619"/><temp name="T1546"/><temp name="T1521"/><temp name="T1603"/><temp name="T1576"/><temp name="T1552"/><temp name="T1561"/><temp name="T1565"/><temp name="T1654"/></temps><temps name="out"><temp name="T1592"/><temp name="T22"/><temp name="T1556"/><temp name="T1650"/><temp name="T1581"/><temp name="T1569"/><temp name="T1608"/><temp name="T1613"/><temp name="T1536"/><temp name="T1540"/><temp name="T1588"/><temp name="T1660"/><temp name="T1665"/><temp name="T1596"/><temp name="T1619"/><temp name="T1546"/><temp name="T1521"/><temp name="T1603"/><temp name="T1576"/><temp name="T1552"/><temp name="T1561"/><temp name="T1565"/><temp name="T1654"/></temps></instruction><instruction code="LDA T1525, L52"><temps name="use"/><temps name="def"><temp name="T1525"/></temps><temps name="in"><temp name="T1592"/><temp name="T22"/><temp name="T1556"/><temp name="T1650"/><temp name="T1581"/><temp name="T1569"/><temp name="T1608"/><temp name="T1613"/><temp name="T1536"/><temp name="T1540"/><temp name="T1588"/><temp name="T1660"/><temp name="T1665"/><temp name="T1596"/><temp name="T1619"/><temp name="T1546"/><temp name="T1521"/><temp name="T1603"/><temp name="T1576"/><temp name="T1552"/><temp name="T1561"/><temp name="T1565"/><temp name="T1654"/></temps><temps name="out"><temp name="T1592"/><temp name="T1556"/><temp name="T1650"/><temp name="T1608"/><temp name="T1540"/><temp name="T1588"/><temp name="T1660"/><temp name="T1665"/><temp name="T1596"/><temp name="T1546"/><temp name="T1521"/><temp name="T1576"/><temp name="T1552"/><temp name="T1561"/><temp name="T1565"/><temp name="T22"/><temp name="T1581"/><temp name="T1525"/><temp name="T1569"/><temp name="T1613"/><temp name="T1536"/><temp name="T1619"/><temp name="T1603"/><temp name="T1654"/></temps></instruction><instruction code="GO T1525, T1525, 0"><temps name="use"><temp name="T1525"/></temps><temps name="def"><temp name="T1525"/></temps><temps name="in"><temp name="T1592"/><temp name="T1556"/><temp name="T1650"/><temp name="T1608"/><temp name="T1540"/><temp name="T1588"/><temp name="T1660"/><temp name="T1665"/><temp name="T1596"/><temp name="T1546"/><temp name="T1521"/><temp name="T1576"/><temp name="T1552"/><temp name="T1561"/><temp name="T1565"/><temp name="T22"/><temp name="T1581"/><temp name="T1525"/><temp name="T1569"/><temp name="T1613"/><temp name="T1536"/><temp name="T1619"/><temp name="T1603"/><temp name="T1654"/></temps><temps name="out"><temp name="T1592"/><temp name="T22"/><temp name="T1556"/><temp name="T1650"/><temp name="T1581"/><temp name="T1569"/><temp name="T1608"/><temp name="T1613"/><temp name="T1536"/><temp name="T1540"/><temp name="T1588"/><temp name="T1660"/><temp name="T1665"/><temp name="T1596"/><temp name="T1619"/><temp name="T1546"/><temp name="T1521"/><temp name="T1603"/><temp name="T1576"/><temp name="T1552"/><temp name="T1561"/><temp name="T1565"/><temp name="T1654"/></temps></instruction><instruction code="L51"><temps name="use"/><temps name="def"/><temps name="in"><temp name="T1592"/><temp name="T22"/><temp name="T1556"/><temp name="T1650"/><temp name="T1581"/><temp name="T1569"/><temp name="T1608"/><temp name="T1613"/><temp name="T1536"/><temp name="T1540"/><temp name="T1588"/><temp name="T1660"/><temp name="T1665"/><temp name="T1596"/><temp name="T1619"/><temp name="T1546"/><temp name="T1521"/><temp name="T1603"/><temp name="T1576"/><temp name="T1552"/><temp name="T1561"/><temp name="T1565"/><temp name="T1654"/></temps><temps name="out"><temp name="T1592"/><temp name="T22"/><temp name="T1556"/><temp name="T1650"/><temp name="T1581"/><temp name="T1569"/><temp name="T1608"/><temp name="T1613"/><temp name="T1536"/><temp name="T1540"/><temp name="T1588"/><temp name="T1660"/><temp name="T1665"/><temp name="T1596"/><temp name="T1619"/><temp name="T1546"/><temp name="T1521"/><temp name="T1603"/><temp name="T1576"/><temp name="T1552"/><temp name="T1561"/><temp name="T1565"/><temp name="T1654"/></temps></instruction><instruction code="SETL  T1526, 0"><temps name="use"/><temps name="def"><temp name="T1526"/></temps><temps name="in"><temp name="T1592"/><temp name="T22"/><temp name="T1556"/><temp name="T1650"/><temp name="T1581"/><temp name="T1569"/><temp name="T1608"/><temp name="T1613"/><temp name="T1536"/><temp name="T1540"/><temp name="T1588"/><temp name="T1660"/><temp name="T1665"/><temp name="T1596"/><temp name="T1619"/><temp name="T1546"/><temp name="T1521"/><temp name="T1603"/><temp name="T1576"/><temp name="T1552"/><temp name="T1561"/><temp name="T1565"/><temp name="T1654"/></temps><temps name="out"><temp name="T1592"/><temp name="T22"/><temp name="T1556"/><temp name="T1650"/><temp name="T1581"/><temp name="T1569"/><temp name="T1608"/><temp name="T1613"/><temp name="T1536"/><temp name="T1540"/><temp name="T1588"/><temp name="T1660"/><temp name="T1665"/><temp name="T1596"/><temp name="T1619"/><temp name="T1546"/><temp name="T1521"/><temp name="T1603"/><temp name="T1576"/><temp name="T1552"/><temp name="T1561"/><temp name="T1565"/><temp name="T1654"/></temps></instruction><instruction code="INCML T1526, 0"><temps name="use"/><temps name="def"><temp name="T1526"/></temps><temps name="in"><temp name="T1592"/><temp name="T22"/><temp name="T1556"/><temp name="T1650"/><temp name="T1581"/><temp name="T1569"/><temp name="T1608"/><temp name="T1613"/><temp name="T1536"/><temp name="T1540"/><temp name="T1588"/><temp name="T1660"/><temp name="T1665"/><temp name="T1596"/><temp name="T1619"/><temp name="T1546"/><temp name="T1521"/><temp name="T1603"/><temp name="T1576"/><temp name="T1552"/><temp name="T1561"/><temp name="T1565"/><temp name="T1654"/></temps><temps name="out"><temp name="T1592"/><temp name="T22"/><temp name="T1556"/><temp name="T1650"/><temp name="T1581"/><temp name="T1569"/><temp name="T1608"/><temp name="T1613"/><temp name="T1536"/><temp name="T1540"/><temp name="T1588"/><temp name="T1660"/><temp name="T1665"/><temp name="T1596"/><temp name="T1619"/><temp name="T1546"/><temp name="T1521"/><temp name="T1603"/><temp name="T1576"/><temp name="T1552"/><temp name="T1561"/><temp name="T1565"/><temp name="T1654"/></temps></instruction><instruction code="INCMH T1526, 0"><temps name="use"/><temps name="def"><temp name="T1526"/></temps><temps name="in"><temp name="T1592"/><temp name="T22"/><temp name="T1556"/><temp name="T1650"/><temp name="T1581"/><temp name="T1569"/><temp name="T1608"/><temp name="T1613"/><temp name="T1536"/><temp name="T1540"/><temp name="T1588"/><temp name="T1660"/><temp name="T1665"/><temp name="T1596"/><temp name="T1619"/><temp name="T1546"/><temp name="T1521"/><temp name="T1603"/><temp name="T1576"/><temp name="T1552"/><temp name="T1561"/><temp name="T1565"/><temp name="T1654"/></temps><temps name="out"><temp name="T1592"/><temp name="T22"/><temp name="T1556"/><temp name="T1650"/><temp name="T1581"/><temp name="T1569"/><temp name="T1608"/><temp name="T1613"/><temp name="T1536"/><temp name="T1540"/><temp name="T1588"/><temp name="T1660"/><temp name="T1665"/><temp name="T1596"/><temp name="T1619"/><temp name="T1546"/><temp name="T1521"/><temp name="T1603"/><temp name="T1576"/><temp name="T1552"/><temp name="T1561"/><temp name="T1565"/><temp name="T1654"/></temps></instruction><instruction code="INCH  T1526, 0"><temps name="use"/><temps name="def"><temp name="T1526"/></temps><temps name="in"><temp name="T1592"/><temp name="T22"/><temp name="T1556"/><temp name="T1650"/><temp name="T1581"/><temp name="T1569"/><temp name="T1608"/><temp name="T1613"/><temp name="T1536"/><temp name="T1540"/><temp name="T1588"/><temp name="T1660"/><temp name="T1665"/><temp name="T1596"/><temp name="T1619"/><temp name="T1546"/><temp name="T1521"/><temp name="T1603"/><temp name="T1576"/><temp name="T1552"/><temp name="T1561"/><temp name="T1565"/><temp name="T1654"/></temps><temps name="out"><temp name="T1592"/><temp name="T1556"/><temp name="T1650"/><temp name="T1608"/><temp name="T1540"/><temp name="T1588"/><temp name="T1660"/><temp name="T1665"/><temp name="T1596"/><temp name="T1546"/><temp name="T1521"/><temp name="T1576"/><temp name="T1552"/><temp name="T1561"/><temp name="T1565"/><temp name="T22"/><temp name="T1581"/><temp name="T1569"/><temp name="T1613"/><temp name="T1536"/><temp name="T1619"/><temp name="T1526"/><temp name="T1603"/><temp name="T1654"/></temps></instruction><instruction code="OR T434, T1526, 0"><temps name="use"><temp name="T1526"/></temps><temps name="def"><temp name="T434"/></temps><temps name="in"><temp name="T1592"/><temp name="T1556"/><temp name="T1650"/><temp name="T1608"/><temp name="T1540"/><temp name="T1588"/><temp name="T1660"/><temp name="T1665"/><temp name="T1596"/><temp name="T1546"/><temp name="T1521"/><temp name="T1576"/><temp name="T1552"/><temp name="T1561"/><temp name="T1565"/><temp name="T22"/><temp name="T1581"/><temp name="T1569"/><temp name="T1613"/><temp name="T1536"/><temp name="T1619"/><temp name="T1526"/><temp name="T1603"/><temp name="T1654"/></temps><temps name="out"><temp name="T1592"/><temp name="T1556"/><temp name="T1650"/><temp name="T1608"/><temp name="T1540"/><temp name="T1588"/><temp name="T1660"/><temp name="T1665"/><temp name="T1596"/><temp name="T1546"/><temp name="T1521"/><temp name="T1576"/><temp name="T1552"/><temp name="T1561"/><temp name="T1565"/><temp name="T22"/><temp name="T1581"/><temp name="T1569"/><temp name="T1613"/><temp name="T1536"/><temp name="T434"/><temp name="T1619"/><temp name="T1603"/><temp name="T1654"/></temps></instruction><instruction code="LDO T1537, T1536, 0"><temps name="use"><temp name="T1536"/></temps><temps name="def"><temp name="T1537"/></temps><temps name="in"><temp name="T1592"/><temp name="T1556"/><temp name="T1650"/><temp name="T1608"/><temp name="T1540"/><temp name="T1588"/><temp name="T1660"/><temp name="T1665"/><temp name="T1596"/><temp name="T1546"/><temp name="T1521"/><temp name="T1576"/><temp name="T1552"/><temp name="T1561"/><temp name="T1565"/><temp name="T22"/><temp name="T1581"/><temp name="T1569"/><temp name="T1613"/><temp name="T1536"/><temp name="T434"/><temp name="T1619"/><temp name="T1603"/><temp name="T1654"/></temps><temps name="out"><temp name="T1592"/><temp name="T1556"/><temp name="T1650"/><temp name="T1608"/><temp name="T1540"/><temp name="T1588"/><temp name="T1660"/><temp name="T1665"/><temp name="T1596"/><temp name="T1546"/><temp name="T1521"/><temp name="T1576"/><temp name="T1552"/><temp name="T1561"/><temp name="T1565"/><temp name="T22"/><temp name="T1537"/><temp name="T1581"/><temp name="T1569"/><temp name="T1613"/><temp name="T1536"/><temp name="T434"/><temp name="T1619"/><temp name="T1603"/><temp name="T1654"/></temps></instruction><instruction code="STO T1537, T434, 0"><temps name="use"><temp name="T1537"/><temp name="T434"/></temps><temps name="def"/><temps name="in"><temp name="T1592"/><temp name="T1556"/><temp name="T1650"/><temp name="T1608"/><temp name="T1540"/><temp name="T1588"/><temp name="T1660"/><temp name="T1665"/><temp name="T1596"/><temp name="T1546"/><temp name="T1521"/><temp name="T1576"/><temp name="T1552"/><temp name="T1561"/><temp name="T1565"/><temp name="T22"/><temp name="T1537"/><temp name="T1581"/><temp name="T1569"/><temp name="T1613"/><temp name="T1536"/><temp name="T434"/><temp name="T1619"/><temp name="T1603"/><temp name="T1654"/></temps><temps name="out"><temp name="T1592"/><temp name="T22"/><temp name="T1556"/><temp name="T1650"/><temp name="T1581"/><temp name="T1569"/><temp name="T1608"/><temp name="T1613"/><temp name="T1540"/><temp name="T1536"/><temp name="T1588"/><temp name="T1660"/><temp name="T1665"/><temp name="T1596"/><temp name="T1619"/><temp name="T1546"/><temp name="T1521"/><temp name="T1603"/><temp name="T1576"/><temp name="T1552"/><temp name="T1561"/><temp name="T1565"/><temp name="T1654"/></temps></instruction><instruction code="OR T435, T22, 0"><temps name="use"><temp name="T22"/></temps><temps name="def"><temp name="T435"/></temps><temps name="in"><temp name="T1592"/><temp name="T22"/><temp name="T1556"/><temp name="T1650"/><temp name="T1581"/><temp name="T1569"/><temp name="T1608"/><temp name="T1613"/><temp name="T1540"/><temp name="T1536"/><temp name="T1588"/><temp name="T1660"/><temp name="T1665"/><temp name="T1596"/><temp name="T1619"/><temp name="T1546"/><temp name="T1521"/><temp name="T1603"/><temp name="T1576"/><temp name="T1552"/><temp name="T1561"/><temp name="T1565"/><temp name="T1654"/></temps><temps name="out"><temp name="T1592"/><temp name="T1556"/><temp name="T435"/><temp name="T1650"/><temp name="T1608"/><temp name="T1540"/><temp name="T1588"/><temp name="T1660"/><temp name="T1665"/><temp name="T1596"/><temp name="T1546"/><temp name="T1521"/><temp name="T1576"/><temp name="T1552"/><temp name="T1561"/><temp name="T1565"/><temp name="T22"/><temp name="T1581"/><temp name="T1569"/><temp name="T1613"/><temp name="T1536"/><temp name="T1619"/><temp name="T1603"/><temp name="T1654"/></temps></instruction><instruction code="SETL  T1538, 88"><temps name="use"/><temps name="def"><temp name="T1538"/></temps><temps name="in"><temp name="T1592"/><temp name="T1556"/><temp name="T435"/><temp name="T1650"/><temp name="T1608"/><temp name="T1540"/><temp name="T1588"/><temp name="T1660"/><temp name="T1665"/><temp name="T1596"/><temp name="T1546"/><temp name="T1521"/><temp name="T1576"/><temp name="T1552"/><temp name="T1561"/><temp name="T1565"/><temp name="T22"/><temp name="T1581"/><temp name="T1569"/><temp name="T1613"/><temp name="T1536"/><temp name="T1619"/><temp name="T1603"/><temp name="T1654"/></temps><temps name="out"><temp name="T1592"/><temp name="T1556"/><temp name="T435"/><temp name="T1650"/><temp name="T1608"/><temp name="T1540"/><temp name="T1588"/><temp name="T1660"/><temp name="T1665"/><temp name="T1596"/><temp name="T1546"/><temp name="T1521"/><temp name="T1576"/><temp name="T1552"/><temp name="T1561"/><temp name="T1565"/><temp name="T22"/><temp name="T1581"/><temp name="T1569"/><temp name="T1613"/><temp name="T1536"/><temp name="T1619"/><temp name="T1603"/><temp name="T1654"/></temps></instruction><instruction code="INCML T1538, 0"><temps name="use"/><temps name="def"><temp name="T1538"/></temps><temps name="in"><temp name="T1592"/><temp name="T1556"/><temp name="T435"/><temp name="T1650"/><temp name="T1608"/><temp name="T1540"/><temp name="T1588"/><temp name="T1660"/><temp name="T1665"/><temp name="T1596"/><temp name="T1546"/><temp name="T1521"/><temp name="T1576"/><temp name="T1552"/><temp name="T1561"/><temp name="T1565"/><temp name="T22"/><temp name="T1581"/><temp name="T1569"/><temp name="T1613"/><temp name="T1536"/><temp name="T1619"/><temp name="T1603"/><temp name="T1654"/></temps><temps name="out"><temp name="T1592"/><temp name="T1556"/><temp name="T435"/><temp name="T1650"/><temp name="T1608"/><temp name="T1540"/><temp name="T1588"/><temp name="T1660"/><temp name="T1665"/><temp name="T1596"/><temp name="T1546"/><temp name="T1521"/><temp name="T1576"/><temp name="T1552"/><temp name="T1561"/><temp name="T1565"/><temp name="T22"/><temp name="T1581"/><temp name="T1569"/><temp name="T1613"/><temp name="T1536"/><temp name="T1619"/><temp name="T1603"/><temp name="T1654"/></temps></instruction><instruction code="INCMH T1538, 0"><temps name="use"/><temps name="def"><temp name="T1538"/></temps><temps name="in"><temp name="T1592"/><temp name="T1556"/><temp name="T435"/><temp name="T1650"/><temp name="T1608"/><temp name="T1540"/><temp name="T1588"/><temp name="T1660"/><temp name="T1665"/><temp name="T1596"/><temp name="T1546"/><temp name="T1521"/><temp name="T1576"/><temp name="T1552"/><temp name="T1561"/><temp name="T1565"/><temp name="T22"/><temp name="T1581"/><temp name="T1569"/><temp name="T1613"/><temp name="T1536"/><temp name="T1619"/><temp name="T1603"/><temp name="T1654"/></temps><temps name="out"><temp name="T1592"/><temp name="T1556"/><temp name="T435"/><temp name="T1650"/><temp name="T1608"/><temp name="T1540"/><temp name="T1588"/><temp name="T1660"/><temp name="T1665"/><temp name="T1596"/><temp name="T1546"/><temp name="T1521"/><temp name="T1576"/><temp name="T1552"/><temp name="T1561"/><temp name="T1565"/><temp name="T22"/><temp name="T1581"/><temp name="T1569"/><temp name="T1613"/><temp name="T1536"/><temp name="T1619"/><temp name="T1603"/><temp name="T1654"/></temps></instruction><instruction code="INCH  T1538, 0"><temps name="use"/><temps name="def"><temp name="T1538"/></temps><temps name="in"><temp name="T1592"/><temp name="T1556"/><temp name="T435"/><temp name="T1650"/><temp name="T1608"/><temp name="T1540"/><temp name="T1588"/><temp name="T1660"/><temp name="T1665"/><temp name="T1596"/><temp name="T1546"/><temp name="T1521"/><temp name="T1576"/><temp name="T1552"/><temp name="T1561"/><temp name="T1565"/><temp name="T22"/><temp name="T1581"/><temp name="T1569"/><temp name="T1613"/><temp name="T1536"/><temp name="T1619"/><temp name="T1603"/><temp name="T1654"/></temps><temps name="out"><temp name="T1592"/><temp name="T1556"/><temp name="T435"/><temp name="T1650"/><temp name="T1608"/><temp name="T1540"/><temp name="T1588"/><temp name="T1660"/><temp name="T1665"/><temp name="T1596"/><temp name="T1546"/><temp name="T1521"/><temp name="T1576"/><temp name="T1552"/><temp name="T1561"/><temp name="T1565"/><temp name="T22"/><temp name="T1581"/><temp name="T1569"/><temp name="T1613"/><temp name="T1536"/><temp name="T1619"/><temp name="T1603"/><temp name="T1538"/><temp name="T1654"/></temps></instruction><instruction code="NEG T1538, 0, T1538"><temps name="use"><temp name="T1538"/></temps><temps name="def"><temp name="T1538"/></temps><temps name="in"><temp name="T1592"/><temp name="T1556"/><temp name="T435"/><temp name="T1650"/><temp name="T1608"/><temp name="T1540"/><temp name="T1588"/><temp name="T1660"/><temp name="T1665"/><temp name="T1596"/><temp name="T1546"/><temp name="T1521"/><temp name="T1576"/><temp name="T1552"/><temp name="T1561"/><temp name="T1565"/><temp name="T22"/><temp name="T1581"/><temp name="T1569"/><temp name="T1613"/><temp name="T1536"/><temp name="T1619"/><temp name="T1603"/><temp name="T1538"/><temp name="T1654"/></temps><temps name="out"><temp name="T1592"/><temp name="T1556"/><temp name="T435"/><temp name="T1650"/><temp name="T1608"/><temp name="T1540"/><temp name="T1588"/><temp name="T1660"/><temp name="T1665"/><temp name="T1596"/><temp name="T1546"/><temp name="T1521"/><temp name="T1576"/><temp name="T1552"/><temp name="T1561"/><temp name="T1565"/><temp name="T22"/><temp name="T1581"/><temp name="T1569"/><temp name="T1613"/><temp name="T1536"/><temp name="T1619"/><temp name="T1603"/><temp name="T1538"/><temp name="T1654"/></temps></instruction><instruction code="OR T436, T1538, 0"><temps name="use"><temp name="T1538"/></temps><temps name="def"><temp name="T436"/></temps><temps name="in"><temp name="T1592"/><temp name="T1556"/><temp name="T435"/><temp name="T1650"/><temp name="T1608"/><temp name="T1540"/><temp name="T1588"/><temp name="T1660"/><temp name="T1665"/><temp name="T1596"/><temp name="T1546"/><temp name="T1521"/><temp name="T1576"/><temp name="T1552"/><temp name="T1561"/><temp name="T1565"/><temp name="T22"/><temp name="T1581"/><temp name="T1569"/><temp name="T1613"/><temp name="T1536"/><temp name="T1619"/><temp name="T1603"/><temp name="T1538"/><temp name="T1654"/></temps><temps name="out"><temp name="T1592"/><temp name="T1556"/><temp name="T435"/><temp name="T1650"/><temp name="T1608"/><temp name="T1540"/><temp name="T1588"/><temp name="T1660"/><temp name="T1665"/><temp name="T1596"/><temp name="T1546"/><temp name="T1521"/><temp name="T1576"/><temp name="T1552"/><temp name="T1561"/><temp name="T1565"/><temp name="T22"/><temp name="T1581"/><temp name="T1569"/><temp name="T436"/><temp name="T1613"/><temp name="T1536"/><temp name="T1619"/><temp name="T1603"/><temp name="T1654"/></temps></instruction><instruction code="ADD T1539, T435, T436"><temps name="use"><temp name="T435"/><temp name="T436"/></temps><temps name="def"><temp name="T1539"/></temps><temps name="in"><temp name="T1592"/><temp name="T1556"/><temp name="T435"/><temp name="T1650"/><temp name="T1608"/><temp name="T1540"/><temp name="T1588"/><temp name="T1660"/><temp name="T1665"/><temp name="T1596"/><temp name="T1546"/><temp name="T1521"/><temp name="T1576"/><temp name="T1552"/><temp name="T1561"/><temp name="T1565"/><temp name="T22"/><temp name="T1581"/><temp name="T1569"/><temp name="T436"/><temp name="T1613"/><temp name="T1536"/><temp name="T1619"/><temp name="T1603"/><temp name="T1654"/></temps><temps name="out"><temp name="T1592"/><temp name="T1539"/><temp name="T1556"/><temp name="T1650"/><temp name="T1608"/><temp name="T1540"/><temp name="T1588"/><temp name="T1660"/><temp name="T1665"/><temp name="T1596"/><temp name="T1546"/><temp name="T1521"/><temp name="T1576"/><temp name="T1552"/><temp name="T1561"/><temp name="T1565"/><temp name="T22"/><temp name="T1581"/><temp name="T1569"/><temp name="T1613"/><temp name="T1536"/><temp name="T1619"/><temp name="T1603"/><temp name="T1654"/></temps></instruction><instruction code="OR T437, T1539, 0"><temps name="use"><temp name="T1539"/></temps><temps name="def"><temp name="T437"/></temps><temps name="in"><temp name="T1592"/><temp name="T1539"/><temp name="T1556"/><temp name="T1650"/><temp name="T1608"/><temp name="T1540"/><temp name="T1588"/><temp name="T1660"/><temp name="T1665"/><temp name="T1596"/><temp name="T1546"/><temp name="T1521"/><temp name="T1576"/><temp name="T1552"/><temp name="T1561"/><temp name="T1565"/><temp name="T22"/><temp name="T1581"/><temp name="T1569"/><temp name="T1613"/><temp name="T1536"/><temp name="T1619"/><temp name="T1603"/><temp name="T1654"/></temps><temps name="out"><temp name="T1592"/><temp name="T22"/><temp name="T1556"/><temp name="T1650"/><temp name="T1581"/><temp name="T1569"/><temp name="T1608"/><temp name="T1613"/><temp name="T1540"/><temp name="T1536"/><temp name="T1588"/><temp name="T1660"/><temp name="T1665"/><temp name="T1596"/><temp name="T1619"/><temp name="T1546"/><temp name="T1521"/><temp name="T1603"/><temp name="T1576"/><temp name="T1552"/><temp name="T1561"/><temp name="T1565"/><temp name="T1654"/></temps></instruction><instruction code="LDO T1541, T1540, 0"><temps name="use"><temp name="T1540"/></temps><temps name="def"><temp name="T1541"/></temps><temps name="in"><temp name="T1592"/><temp name="T22"/><temp name="T1556"/><temp name="T1650"/><temp name="T1581"/><temp name="T1569"/><temp name="T1608"/><temp name="T1613"/><temp name="T1540"/><temp name="T1536"/><temp name="T1588"/><temp name="T1660"/><temp name="T1665"/><temp name="T1596"/><temp name="T1619"/><temp name="T1546"/><temp name="T1521"/><temp name="T1603"/><temp name="T1576"/><temp name="T1552"/><temp name="T1561"/><temp name="T1565"/><temp name="T1654"/></temps><temps name="out"><temp name="T1592"/><temp name="T1556"/><temp name="T1650"/><temp name="T1608"/><temp name="T1540"/><temp name="T1588"/><temp name="T1660"/><temp name="T1665"/><temp name="T1596"/><temp name="T1546"/><temp name="T1521"/><temp name="T1576"/><temp name="T1552"/><temp name="T1561"/><temp name="T1565"/><temp name="T22"/><temp name="T1581"/><temp name="T1569"/><temp name="T1613"/><temp name="T1541"/><temp name="T1536"/><temp name="T1619"/><temp name="T1603"/><temp name="T1654"/></temps></instruction><instruction code="OR T438, T1541, 0"><temps name="use"><temp name="T1541"/></temps><temps name="def"><temp name="T438"/></temps><temps name="in"><temp name="T1592"/><temp name="T1556"/><temp name="T1650"/><temp name="T1608"/><temp name="T1540"/><temp name="T1588"/><temp name="T1660"/><temp name="T1665"/><temp name="T1596"/><temp name="T1546"/><temp name="T1521"/><temp name="T1576"/><temp name="T1552"/><temp name="T1561"/><temp name="T1565"/><temp name="T22"/><temp name="T1581"/><temp name="T1569"/><temp name="T1613"/><temp name="T1541"/><temp name="T1536"/><temp name="T1619"/><temp name="T1603"/><temp name="T1654"/></temps><temps name="out"><temp name="T1592"/><temp name="T1556"/><temp name="T1650"/><temp name="T1608"/><temp name="T1540"/><temp name="T1588"/><temp name="T1660"/><temp name="T1665"/><temp name="T1596"/><temp name="T1546"/><temp name="T1521"/><temp name="T1576"/><temp name="T1552"/><temp name="T1561"/><temp name="T1565"/><temp name="T22"/><temp name="T1581"/><temp name="T1569"/><temp name="T1613"/><temp name="T1536"/><temp name="T1619"/><temp name="T1603"/><temp name="T438"/><temp name="T1654"/></temps></instruction><instruction code="SETL  T1542, 1"><temps name="use"/><temps name="def"><temp name="T1542"/></temps><temps name="in"><temp name="T1592"/><temp name="T1556"/><temp name="T1650"/><temp name="T1608"/><temp name="T1540"/><temp name="T1588"/><temp name="T1660"/><temp name="T1665"/><temp name="T1596"/><temp name="T1546"/><temp name="T1521"/><temp name="T1576"/><temp name="T1552"/><temp name="T1561"/><temp name="T1565"/><temp name="T22"/><temp name="T1581"/><temp name="T1569"/><temp name="T1613"/><temp name="T1536"/><temp name="T1619"/><temp name="T1603"/><temp name="T438"/><temp name="T1654"/></temps><temps name="out"><temp name="T1592"/><temp name="T1556"/><temp name="T1650"/><temp name="T1608"/><temp name="T1540"/><temp name="T1588"/><temp name="T1660"/><temp name="T1665"/><temp name="T1596"/><temp name="T1546"/><temp name="T1521"/><temp name="T1576"/><temp name="T1552"/><temp name="T1561"/><temp name="T1565"/><temp name="T22"/><temp name="T1581"/><temp name="T1569"/><temp name="T1613"/><temp name="T1536"/><temp name="T1619"/><temp name="T1603"/><temp name="T438"/><temp name="T1654"/></temps></instruction><instruction code="INCML T1542, 0"><temps name="use"/><temps name="def"><temp name="T1542"/></temps><temps name="in"><temp name="T1592"/><temp name="T1556"/><temp name="T1650"/><temp name="T1608"/><temp name="T1540"/><temp name="T1588"/><temp name="T1660"/><temp name="T1665"/><temp name="T1596"/><temp name="T1546"/><temp name="T1521"/><temp name="T1576"/><temp name="T1552"/><temp name="T1561"/><temp name="T1565"/><temp name="T22"/><temp name="T1581"/><temp name="T1569"/><temp name="T1613"/><temp name="T1536"/><temp name="T1619"/><temp name="T1603"/><temp name="T438"/><temp name="T1654"/></temps><temps name="out"><temp name="T1592"/><temp name="T1556"/><temp name="T1650"/><temp name="T1608"/><temp name="T1540"/><temp name="T1588"/><temp name="T1660"/><temp name="T1665"/><temp name="T1596"/><temp name="T1546"/><temp name="T1521"/><temp name="T1576"/><temp name="T1552"/><temp name="T1561"/><temp name="T1565"/><temp name="T22"/><temp name="T1581"/><temp name="T1569"/><temp name="T1613"/><temp name="T1536"/><temp name="T1619"/><temp name="T1603"/><temp name="T438"/><temp name="T1654"/></temps></instruction><instruction code="INCMH T1542, 0"><temps name="use"/><temps name="def"><temp name="T1542"/></temps><temps name="in"><temp name="T1592"/><temp name="T1556"/><temp name="T1650"/><temp name="T1608"/><temp name="T1540"/><temp name="T1588"/><temp name="T1660"/><temp name="T1665"/><temp name="T1596"/><temp name="T1546"/><temp name="T1521"/><temp name="T1576"/><temp name="T1552"/><temp name="T1561"/><temp name="T1565"/><temp name="T22"/><temp name="T1581"/><temp name="T1569"/><temp name="T1613"/><temp name="T1536"/><temp name="T1619"/><temp name="T1603"/><temp name="T438"/><temp name="T1654"/></temps><temps name="out"><temp name="T1592"/><temp name="T1556"/><temp name="T1650"/><temp name="T1608"/><temp name="T1540"/><temp name="T1588"/><temp name="T1660"/><temp name="T1665"/><temp name="T1596"/><temp name="T1546"/><temp name="T1521"/><temp name="T1576"/><temp name="T1552"/><temp name="T1561"/><temp name="T1565"/><temp name="T22"/><temp name="T1581"/><temp name="T1569"/><temp name="T1613"/><temp name="T1536"/><temp name="T1619"/><temp name="T1603"/><temp name="T438"/><temp name="T1654"/></temps></instruction><instruction code="INCH  T1542, 0"><temps name="use"/><temps name="def"><temp name="T1542"/></temps><temps name="in"><temp name="T1592"/><temp name="T1556"/><temp name="T1650"/><temp name="T1608"/><temp name="T1540"/><temp name="T1588"/><temp name="T1660"/><temp name="T1665"/><temp name="T1596"/><temp name="T1546"/><temp name="T1521"/><temp name="T1576"/><temp name="T1552"/><temp name="T1561"/><temp name="T1565"/><temp name="T22"/><temp name="T1581"/><temp name="T1569"/><temp name="T1613"/><temp name="T1536"/><temp name="T1619"/><temp name="T1603"/><temp name="T438"/><temp name="T1654"/></temps><temps name="out"><temp name="T1592"/><temp name="T1556"/><temp name="T1650"/><temp name="T1608"/><temp name="T1540"/><temp name="T1588"/><temp name="T1660"/><temp name="T1665"/><temp name="T1596"/><temp name="T1546"/><temp name="T1521"/><temp name="T1576"/><temp name="T1552"/><temp name="T1561"/><temp name="T1565"/><temp name="T1542"/><temp name="T22"/><temp name="T1581"/><temp name="T1569"/><temp name="T1613"/><temp name="T1536"/><temp name="T1619"/><temp name="T1603"/><temp name="T438"/><temp name="T1654"/></temps></instruction><instruction code="OR T439, T1542, 0"><temps name="use"><temp name="T1542"/></temps><temps name="def"><temp name="T439"/></temps><temps name="in"><temp name="T1592"/><temp name="T1556"/><temp name="T1650"/><temp name="T1608"/><temp name="T1540"/><temp name="T1588"/><temp name="T1660"/><temp name="T1665"/><temp name="T1596"/><temp name="T1546"/><temp name="T1521"/><temp name="T1576"/><temp name="T1552"/><temp name="T1561"/><temp name="T1565"/><temp name="T1542"/><temp name="T22"/><temp name="T1581"/><temp name="T1569"/><temp name="T1613"/><temp name="T1536"/><temp name="T1619"/><temp name="T1603"/><temp name="T438"/><temp name="T1654"/></temps><temps name="out"><temp name="T1592"/><temp name="T1556"/><temp name="T1650"/><temp name="T1608"/><temp name="T1540"/><temp name="T1588"/><temp name="T1660"/><temp name="T1665"/><temp name="T1596"/><temp name="T1546"/><temp name="T1521"/><temp name="T1576"/><temp name="T1552"/><temp name="T1561"/><temp name="T1565"/><temp name="T22"/><temp name="T439"/><temp name="T1581"/><temp name="T1569"/><temp name="T1613"/><temp name="T1536"/><temp name="T1619"/><temp name="T1603"/><temp name="T438"/><temp name="T1654"/></temps></instruction><instruction code="ADD T1543, T438, T439"><temps name="use"><temp name="T438"/><temp name="T439"/></temps><temps name="def"><temp name="T1543"/></temps><temps name="in"><temp name="T1592"/><temp name="T1556"/><temp name="T1650"/><temp name="T1608"/><temp name="T1540"/><temp name="T1588"/><temp name="T1660"/><temp name="T1665"/><temp name="T1596"/><temp name="T1546"/><temp name="T1521"/><temp name="T1576"/><temp name="T1552"/><temp name="T1561"/><temp name="T1565"/><temp name="T22"/><temp name="T439"/><temp name="T1581"/><temp name="T1569"/><temp name="T1613"/><temp name="T1536"/><temp name="T1619"/><temp name="T1603"/><temp name="T438"/><temp name="T1654"/></temps><temps name="out"><temp name="T1592"/><temp name="T1543"/><temp name="T1556"/><temp name="T1650"/><temp name="T1608"/><temp name="T1540"/><temp name="T1588"/><temp name="T1660"/><temp name="T1665"/><temp name="T1596"/><temp name="T1546"/><temp name="T1521"/><temp name="T1576"/><temp name="T1552"/><temp name="T1561"/><temp name="T1565"/><temp name="T22"/><temp name="T1581"/><temp name="T1569"/><temp name="T1613"/><temp name="T1536"/><temp name="T1619"/><temp name="T1603"/><temp name="T1654"/></temps></instruction><instruction code="OR T440, T1543, 0"><temps name="use"><temp name="T1543"/></temps><temps name="def"><temp name="T440"/></temps><temps name="in"><temp name="T1592"/><temp name="T1543"/><temp name="T1556"/><temp name="T1650"/><temp name="T1608"/><temp name="T1540"/><temp name="T1588"/><temp name="T1660"/><temp name="T1665"/><temp name="T1596"/><temp name="T1546"/><temp name="T1521"/><temp name="T1576"/><temp name="T1552"/><temp name="T1561"/><temp name="T1565"/><temp name="T22"/><temp name="T1581"/><temp name="T1569"/><temp name="T1613"/><temp name="T1536"/><temp name="T1619"/><temp name="T1603"/><temp name="T1654"/></temps><temps name="out"><temp name="T1592"/><temp name="T1556"/><temp name="T1650"/><temp name="T440"/><temp name="T1608"/><temp name="T1540"/><temp name="T1588"/><temp name="T1660"/><temp name="T1665"/><temp name="T1596"/><temp name="T1546"/><temp name="T1521"/><temp name="T1576"/><temp name="T1552"/><temp name="T1561"/><temp name="T1565"/><temp name="T22"/><temp name="T1581"/><temp name="T1569"/><temp name="T1613"/><temp name="T1536"/><temp name="T1619"/><temp name="T1603"/><temp name="T1654"/></temps></instruction><instruction code="LDO T1547, T1546, 0"><temps name="use"><temp name="T1546"/></temps><temps name="def"><temp name="T1547"/></temps><temps name="in"><temp name="T1592"/><temp name="T1556"/><temp name="T1650"/><temp name="T440"/><temp name="T1608"/><temp name="T1540"/><temp name="T1588"/><temp name="T1660"/><temp name="T1665"/><temp name="T1596"/><temp name="T1546"/><temp name="T1521"/><temp name="T1576"/><temp name="T1552"/><temp name="T1561"/><temp name="T1565"/><temp name="T22"/><temp name="T1581"/><temp name="T1569"/><temp name="T1613"/><temp name="T1536"/><temp name="T1619"/><temp name="T1603"/><temp name="T1654"/></temps><temps name="out"><temp name="T1592"/><temp name="T1556"/><temp name="T1650"/><temp name="T440"/><temp name="T1608"/><temp name="T1540"/><temp name="T1588"/><temp name="T1660"/><temp name="T1665"/><temp name="T1596"/><temp name="T1521"/><temp name="T1546"/><temp name="T1576"/><temp name="T1552"/><temp name="T1561"/><temp name="T1565"/><temp name="T22"/><temp name="T1547"/><temp name="T1581"/><temp name="T1569"/><temp name="T1613"/><temp name="T1536"/><temp name="T1619"/><temp name="T1603"/><temp name="T1654"/></temps></instruction><instruction code="STO T1547, T440, 0"><temps name="use"><temp name="T1547"/><temp name="T440"/></temps><temps name="def"/><temps name="in"><temp name="T1592"/><temp name="T1556"/><temp name="T1650"/><temp name="T440"/><temp name="T1608"/><temp name="T1540"/><temp name="T1588"/><temp name="T1660"/><temp name="T1665"/><temp name="T1596"/><temp name="T1521"/><temp name="T1546"/><temp name="T1576"/><temp name="T1552"/><temp name="T1561"/><temp name="T1565"/><temp name="T22"/><temp name="T1547"/><temp name="T1581"/><temp name="T1569"/><temp name="T1613"/><temp name="T1536"/><temp name="T1619"/><temp name="T1603"/><temp name="T1654"/></temps><temps name="out"><temp name="T1592"/><temp name="T22"/><temp name="T1556"/><temp name="T1650"/><temp name="T1581"/><temp name="T1569"/><temp name="T1608"/><temp name="T1613"/><temp name="T1536"/><temp name="T1540"/><temp name="T1588"/><temp name="T1660"/><temp name="T1665"/><temp name="T1596"/><temp name="T1619"/><temp name="T1521"/><temp name="T1546"/><temp name="T1603"/><temp name="T1576"/><temp name="T1552"/><temp name="T1561"/><temp name="T1565"/><temp name="T1654"/></temps></instruction><instruction code="LDA T1548, L50"><temps name="use"/><temps name="def"><temp name="T1548"/></temps><temps name="in"><temp name="T1592"/><temp name="T22"/><temp name="T1556"/><temp name="T1650"/><temp name="T1581"/><temp name="T1569"/><temp name="T1608"/><temp name="T1613"/><temp name="T1536"/><temp name="T1540"/><temp name="T1588"/><temp name="T1660"/><temp name="T1665"/><temp name="T1596"/><temp name="T1619"/><temp name="T1521"/><temp name="T1546"/><temp name="T1603"/><temp name="T1576"/><temp name="T1552"/><temp name="T1561"/><temp name="T1565"/><temp name="T1654"/></temps><temps name="out"><temp name="T1592"/><temp name="T1556"/><temp name="T1650"/><temp name="T1608"/><temp name="T1540"/><temp name="T1588"/><temp name="T1660"/><temp name="T1665"/><temp name="T1596"/><temp name="T1521"/><temp name="T1546"/><temp name="T1576"/><temp name="T1552"/><temp name="T1561"/><temp name="T1565"/><temp name="T22"/><temp name="T1581"/><temp name="T1569"/><temp name="T1613"/><temp name="T1536"/><temp name="T1548"/><temp name="T1619"/><temp name="T1603"/><temp name="T1654"/></temps></instruction><instruction code="GO T1548, T1548, 0"><temps name="use"><temp name="T1548"/></temps><temps name="def"><temp name="T1548"/></temps><temps name="in"><temp name="T1592"/><temp name="T1556"/><temp name="T1650"/><temp name="T1608"/><temp name="T1540"/><temp name="T1588"/><temp name="T1660"/><temp name="T1665"/><temp name="T1596"/><temp name="T1521"/><temp name="T1546"/><temp name="T1576"/><temp name="T1552"/><temp name="T1561"/><temp name="T1565"/><temp name="T22"/><temp name="T1581"/><temp name="T1569"/><temp name="T1613"/><temp name="T1536"/><temp name="T1548"/><temp name="T1619"/><temp name="T1603"/><temp name="T1654"/></temps><temps name="out"><temp name="T1592"/><temp name="T22"/><temp name="T1556"/><temp name="T1650"/><temp name="T1581"/><temp name="T1569"/><temp name="T1608"/><temp name="T1613"/><temp name="T1536"/><temp name="T1540"/><temp name="T1588"/><temp name="T1660"/><temp name="T1665"/><temp name="T1596"/><temp name="T1619"/><temp name="T1521"/><temp name="T1546"/><temp name="T1603"/><temp name="T1576"/><temp name="T1552"/><temp name="T1561"/><temp name="T1565"/><temp name="T1654"/></temps></instruction><instruction code="L52"><temps name="use"/><temps name="def"/><temps name="in"><temp name="T1592"/><temp name="T22"/><temp name="T1556"/><temp name="T1650"/><temp name="T1581"/><temp name="T1569"/><temp name="T1608"/><temp name="T1613"/><temp name="T1588"/><temp name="T1660"/><temp name="T1665"/><temp name="T1596"/><temp name="T1619"/><temp name="T1603"/><temp name="T1576"/><temp name="T1552"/><temp name="T1561"/><temp name="T1565"/><temp name="T1654"/></temps><temps name="out"><temp name="T1592"/><temp name="T22"/><temp name="T1556"/><temp name="T1650"/><temp name="T1581"/><temp name="T1569"/><temp name="T1608"/><temp name="T1613"/><temp name="T1588"/><temp name="T1660"/><temp name="T1665"/><temp name="T1596"/><temp name="T1619"/><temp name="T1603"/><temp name="T1576"/><temp name="T1552"/><temp name="T1561"/><temp name="T1565"/><temp name="T1654"/></temps></instruction><instruction code="SETL  T1549, 0"><temps name="use"/><temps name="def"><temp name="T1549"/></temps><temps name="in"><temp name="T1592"/><temp name="T22"/><temp name="T1556"/><temp name="T1650"/><temp name="T1581"/><temp name="T1569"/><temp name="T1608"/><temp name="T1613"/><temp name="T1588"/><temp name="T1660"/><temp name="T1665"/><temp name="T1596"/><temp name="T1619"/><temp name="T1603"/><temp name="T1576"/><temp name="T1552"/><temp name="T1561"/><temp name="T1565"/><temp name="T1654"/></temps><temps name="out"><temp name="T1592"/><temp name="T22"/><temp name="T1556"/><temp name="T1650"/><temp name="T1581"/><temp name="T1569"/><temp name="T1608"/><temp name="T1613"/><temp name="T1588"/><temp name="T1660"/><temp name="T1665"/><temp name="T1596"/><temp name="T1619"/><temp name="T1603"/><temp name="T1576"/><temp name="T1552"/><temp name="T1561"/><temp name="T1565"/><temp name="T1654"/></temps></instruction><instruction code="INCML T1549, 0"><temps name="use"/><temps name="def"><temp name="T1549"/></temps><temps name="in"><temp name="T1592"/><temp name="T22"/><temp name="T1556"/><temp name="T1650"/><temp name="T1581"/><temp name="T1569"/><temp name="T1608"/><temp name="T1613"/><temp name="T1588"/><temp name="T1660"/><temp name="T1665"/><temp name="T1596"/><temp name="T1619"/><temp name="T1603"/><temp name="T1576"/><temp name="T1552"/><temp name="T1561"/><temp name="T1565"/><temp name="T1654"/></temps><temps name="out"><temp name="T1592"/><temp name="T22"/><temp name="T1556"/><temp name="T1650"/><temp name="T1581"/><temp name="T1569"/><temp name="T1608"/><temp name="T1613"/><temp name="T1588"/><temp name="T1660"/><temp name="T1665"/><temp name="T1596"/><temp name="T1619"/><temp name="T1603"/><temp name="T1576"/><temp name="T1552"/><temp name="T1561"/><temp name="T1565"/><temp name="T1654"/></temps></instruction><instruction code="INCMH T1549, 0"><temps name="use"/><temps name="def"><temp name="T1549"/></temps><temps name="in"><temp name="T1592"/><temp name="T22"/><temp name="T1556"/><temp name="T1650"/><temp name="T1581"/><temp name="T1569"/><temp name="T1608"/><temp name="T1613"/><temp name="T1588"/><temp name="T1660"/><temp name="T1665"/><temp name="T1596"/><temp name="T1619"/><temp name="T1603"/><temp name="T1576"/><temp name="T1552"/><temp name="T1561"/><temp name="T1565"/><temp name="T1654"/></temps><temps name="out"><temp name="T1592"/><temp name="T22"/><temp name="T1556"/><temp name="T1650"/><temp name="T1581"/><temp name="T1569"/><temp name="T1608"/><temp name="T1613"/><temp name="T1588"/><temp name="T1660"/><temp name="T1665"/><temp name="T1596"/><temp name="T1619"/><temp name="T1603"/><temp name="T1576"/><temp name="T1552"/><temp name="T1561"/><temp name="T1565"/><temp name="T1654"/></temps></instruction><instruction code="INCH  T1549, 0"><temps name="use"/><temps name="def"><temp name="T1549"/></temps><temps name="in"><temp name="T1592"/><temp name="T22"/><temp name="T1556"/><temp name="T1650"/><temp name="T1581"/><temp name="T1569"/><temp name="T1608"/><temp name="T1613"/><temp name="T1588"/><temp name="T1660"/><temp name="T1665"/><temp name="T1596"/><temp name="T1619"/><temp name="T1603"/><temp name="T1576"/><temp name="T1552"/><temp name="T1561"/><temp name="T1565"/><temp name="T1654"/></temps><temps name="out"><temp name="T1592"/><temp name="T22"/><temp name="T1556"/><temp name="T1650"/><temp name="T1581"/><temp name="T1569"/><temp name="T1608"/><temp name="T1613"/><temp name="T1588"/><temp name="T1660"/><temp name="T1665"/><temp name="T1596"/><temp name="T1549"/><temp name="T1619"/><temp name="T1603"/><temp name="T1576"/><temp name="T1552"/><temp name="T1561"/><temp name="T1565"/><temp name="T1654"/></temps></instruction><instruction code="OR T441, T1549, 0"><temps name="use"><temp name="T1549"/></temps><temps name="def"><temp name="T441"/></temps><temps name="in"><temp name="T1592"/><temp name="T22"/><temp name="T1556"/><temp name="T1650"/><temp name="T1581"/><temp name="T1569"/><temp name="T1608"/><temp name="T1613"/><temp name="T1588"/><temp name="T1660"/><temp name="T1665"/><temp name="T1596"/><temp name="T1549"/><temp name="T1619"/><temp name="T1603"/><temp name="T1576"/><temp name="T1552"/><temp name="T1561"/><temp name="T1565"/><temp name="T1654"/></temps><temps name="out"><temp name="T1592"/><temp name="T22"/><temp name="T1556"/><temp name="T1650"/><temp name="T1581"/><temp name="T1569"/><temp name="T1608"/><temp name="T1613"/><temp name="T1588"/><temp name="T1660"/><temp name="T1665"/><temp name="T1596"/><temp name="T1619"/><temp name="T1603"/><temp name="T1576"/><temp name="T1552"/><temp name="T1561"/><temp name="T1565"/><temp name="T1654"/><temp name="T441"/></temps></instruction><instruction code="LDO T1553, T1552, 0"><temps name="use"><temp name="T1552"/></temps><temps name="def"><temp name="T1553"/></temps><temps name="in"><temp name="T1592"/><temp name="T22"/><temp name="T1556"/><temp name="T1650"/><temp name="T1581"/><temp name="T1569"/><temp name="T1608"/><temp name="T1613"/><temp name="T1588"/><temp name="T1660"/><temp name="T1665"/><temp name="T1596"/><temp name="T1619"/><temp name="T1603"/><temp name="T1576"/><temp name="T1552"/><temp name="T1561"/><temp name="T1565"/><temp name="T1654"/><temp name="T441"/></temps><temps name="out"><temp name="T1592"/><temp name="T1553"/><temp name="T22"/><temp name="T1556"/><temp name="T1650"/><temp name="T1581"/><temp name="T1569"/><temp name="T1608"/><temp name="T1613"/><temp name="T1588"/><temp name="T1660"/><temp name="T1665"/><temp name="T1596"/><temp name="T1619"/><temp name="T1603"/><temp name="T1576"/><temp name="T1561"/><temp name="T1565"/><temp name="T1654"/><temp name="T441"/></temps></instruction><instruction code="STO T1553, T441, 0"><temps name="use"><temp name="T1553"/><temp name="T441"/></temps><temps name="def"/><temps name="in"><temp name="T1592"/><temp name="T1553"/><temp name="T22"/><temp name="T1556"/><temp name="T1650"/><temp name="T1581"/><temp name="T1569"/><temp name="T1608"/><temp name="T1613"/><temp name="T1588"/><temp name="T1660"/><temp name="T1665"/><temp name="T1596"/><temp name="T1619"/><temp name="T1603"/><temp name="T1576"/><temp name="T1561"/><temp name="T1565"/><temp name="T1654"/><temp name="T441"/></temps><temps name="out"><temp name="T1592"/><temp name="T22"/><temp name="T1556"/><temp name="T1650"/><temp name="T1581"/><temp name="T1569"/><temp name="T1608"/><temp name="T1613"/><temp name="T1588"/><temp name="T1660"/><temp name="T1665"/><temp name="T1596"/><temp name="T1619"/><temp name="T1603"/><temp name="T1576"/><temp name="T1561"/><temp name="T1565"/><temp name="T1654"/></temps></instruction><instruction code="L58"><temps name="use"/><temps name="def"/><temps name="in"><temp name="T1592"/><temp name="T22"/><temp name="T1556"/><temp name="T1650"/><temp name="T1581"/><temp name="T1569"/><temp name="T1608"/><temp name="T1613"/><temp name="T1588"/><temp name="T1660"/><temp name="T1665"/><temp name="T1596"/><temp name="T1619"/><temp name="T1603"/><temp name="T1576"/><temp name="T1561"/><temp name="T1565"/><temp name="T1654"/></temps><temps name="out"><temp name="T1592"/><temp name="T22"/><temp name="T1556"/><temp name="T1650"/><temp name="T1581"/><temp name="T1569"/><temp name="T1608"/><temp name="T1613"/><temp name="T1588"/><temp name="T1660"/><temp name="T1665"/><temp name="T1596"/><temp name="T1619"/><temp name="T1603"/><temp name="T1576"/><temp name="T1561"/><temp name="T1565"/><temp name="T1654"/></temps></instruction><instruction code="OR T442, T22, 0"><temps name="use"><temp name="T22"/></temps><temps name="def"><temp name="T442"/></temps><temps name="in"><temp name="T1592"/><temp name="T22"/><temp name="T1556"/><temp name="T1650"/><temp name="T1581"/><temp name="T1569"/><temp name="T1608"/><temp name="T1613"/><temp name="T1588"/><temp name="T1660"/><temp name="T1665"/><temp name="T1596"/><temp name="T1619"/><temp name="T1603"/><temp name="T1576"/><temp name="T1561"/><temp name="T1565"/><temp name="T1654"/></temps><temps name="out"><temp name="T1592"/><temp name="T442"/><temp name="T22"/><temp name="T1556"/><temp name="T1650"/><temp name="T1581"/><temp name="T1569"/><temp name="T1608"/><temp name="T1613"/><temp name="T1588"/><temp name="T1660"/><temp name="T1665"/><temp name="T1596"/><temp name="T1619"/><temp name="T1603"/><temp name="T1576"/><temp name="T1561"/><temp name="T1565"/><temp name="T1654"/></temps></instruction><instruction code="SETL  T1554, 88"><temps name="use"/><temps name="def"><temp name="T1554"/></temps><temps name="in"><temp name="T1592"/><temp name="T442"/><temp name="T22"/><temp name="T1556"/><temp name="T1650"/><temp name="T1581"/><temp name="T1569"/><temp name="T1608"/><temp name="T1613"/><temp name="T1588"/><temp name="T1660"/><temp name="T1665"/><temp name="T1596"/><temp name="T1619"/><temp name="T1603"/><temp name="T1576"/><temp name="T1561"/><temp name="T1565"/><temp name="T1654"/></temps><temps name="out"><temp name="T1592"/><temp name="T442"/><temp name="T22"/><temp name="T1556"/><temp name="T1650"/><temp name="T1581"/><temp name="T1569"/><temp name="T1608"/><temp name="T1613"/><temp name="T1588"/><temp name="T1660"/><temp name="T1665"/><temp name="T1596"/><temp name="T1619"/><temp name="T1603"/><temp name="T1576"/><temp name="T1561"/><temp name="T1565"/><temp name="T1654"/></temps></instruction><instruction code="INCML T1554, 0"><temps name="use"/><temps name="def"><temp name="T1554"/></temps><temps name="in"><temp name="T1592"/><temp name="T442"/><temp name="T22"/><temp name="T1556"/><temp name="T1650"/><temp name="T1581"/><temp name="T1569"/><temp name="T1608"/><temp name="T1613"/><temp name="T1588"/><temp name="T1660"/><temp name="T1665"/><temp name="T1596"/><temp name="T1619"/><temp name="T1603"/><temp name="T1576"/><temp name="T1561"/><temp name="T1565"/><temp name="T1654"/></temps><temps name="out"><temp name="T1592"/><temp name="T442"/><temp name="T22"/><temp name="T1556"/><temp name="T1650"/><temp name="T1581"/><temp name="T1569"/><temp name="T1608"/><temp name="T1613"/><temp name="T1588"/><temp name="T1660"/><temp name="T1665"/><temp name="T1596"/><temp name="T1619"/><temp name="T1603"/><temp name="T1576"/><temp name="T1561"/><temp name="T1565"/><temp name="T1654"/></temps></instruction><instruction code="INCMH T1554, 0"><temps name="use"/><temps name="def"><temp name="T1554"/></temps><temps name="in"><temp name="T1592"/><temp name="T442"/><temp name="T22"/><temp name="T1556"/><temp name="T1650"/><temp name="T1581"/><temp name="T1569"/><temp name="T1608"/><temp name="T1613"/><temp name="T1588"/><temp name="T1660"/><temp name="T1665"/><temp name="T1596"/><temp name="T1619"/><temp name="T1603"/><temp name="T1576"/><temp name="T1561"/><temp name="T1565"/><temp name="T1654"/></temps><temps name="out"><temp name="T1592"/><temp name="T442"/><temp name="T22"/><temp name="T1556"/><temp name="T1650"/><temp name="T1581"/><temp name="T1569"/><temp name="T1608"/><temp name="T1613"/><temp name="T1588"/><temp name="T1660"/><temp name="T1665"/><temp name="T1596"/><temp name="T1619"/><temp name="T1603"/><temp name="T1576"/><temp name="T1561"/><temp name="T1565"/><temp name="T1654"/></temps></instruction><instruction code="INCH  T1554, 0"><temps name="use"/><temps name="def"><temp name="T1554"/></temps><temps name="in"><temp name="T1592"/><temp name="T442"/><temp name="T22"/><temp name="T1556"/><temp name="T1650"/><temp name="T1581"/><temp name="T1569"/><temp name="T1608"/><temp name="T1613"/><temp name="T1588"/><temp name="T1660"/><temp name="T1665"/><temp name="T1596"/><temp name="T1619"/><temp name="T1603"/><temp name="T1576"/><temp name="T1561"/><temp name="T1565"/><temp name="T1654"/></temps><temps name="out"><temp name="T1592"/><temp name="T442"/><temp name="T1554"/><temp name="T22"/><temp name="T1556"/><temp name="T1650"/><temp name="T1581"/><temp name="T1569"/><temp name="T1608"/><temp name="T1613"/><temp name="T1588"/><temp name="T1660"/><temp name="T1665"/><temp name="T1596"/><temp name="T1619"/><temp name="T1603"/><temp name="T1576"/><temp name="T1561"/><temp name="T1565"/><temp name="T1654"/></temps></instruction><instruction code="NEG T1554, 0, T1554"><temps name="use"><temp name="T1554"/></temps><temps name="def"><temp name="T1554"/></temps><temps name="in"><temp name="T1592"/><temp name="T442"/><temp name="T1554"/><temp name="T22"/><temp name="T1556"/><temp name="T1650"/><temp name="T1581"/><temp name="T1569"/><temp name="T1608"/><temp name="T1613"/><temp name="T1588"/><temp name="T1660"/><temp name="T1665"/><temp name="T1596"/><temp name="T1619"/><temp name="T1603"/><temp name="T1576"/><temp name="T1561"/><temp name="T1565"/><temp name="T1654"/></temps><temps name="out"><temp name="T1592"/><temp name="T442"/><temp name="T1554"/><temp name="T22"/><temp name="T1556"/><temp name="T1650"/><temp name="T1581"/><temp name="T1569"/><temp name="T1608"/><temp name="T1613"/><temp name="T1588"/><temp name="T1660"/><temp name="T1665"/><temp name="T1596"/><temp name="T1619"/><temp name="T1603"/><temp name="T1576"/><temp name="T1561"/><temp name="T1565"/><temp name="T1654"/></temps></instruction><instruction code="OR T443, T1554, 0"><temps name="use"><temp name="T1554"/></temps><temps name="def"><temp name="T443"/></temps><temps name="in"><temp name="T1592"/><temp name="T442"/><temp name="T1554"/><temp name="T22"/><temp name="T1556"/><temp name="T1650"/><temp name="T1581"/><temp name="T1569"/><temp name="T1608"/><temp name="T1613"/><temp name="T1588"/><temp name="T1660"/><temp name="T1665"/><temp name="T1596"/><temp name="T1619"/><temp name="T1603"/><temp name="T1576"/><temp name="T1561"/><temp name="T1565"/><temp name="T1654"/></temps><temps name="out"><temp name="T1592"/><temp name="T442"/><temp name="T22"/><temp name="T1556"/><temp name="T1650"/><temp name="T1581"/><temp name="T1569"/><temp name="T1608"/><temp name="T1613"/><temp name="T1588"/><temp name="T1660"/><temp name="T1665"/><temp name="T1596"/><temp name="T1619"/><temp name="T443"/><temp name="T1603"/><temp name="T1576"/><temp name="T1561"/><temp name="T1565"/><temp name="T1654"/></temps></instruction><instruction code="ADD T1555, T442, T443"><temps name="use"><temp name="T442"/><temp name="T443"/></temps><temps name="def"><temp name="T1555"/></temps><temps name="in"><temp name="T1592"/><temp name="T442"/><temp name="T22"/><temp name="T1556"/><temp name="T1650"/><temp name="T1581"/><temp name="T1569"/><temp name="T1608"/><temp name="T1613"/><temp name="T1588"/><temp name="T1660"/><temp name="T1665"/><temp name="T1596"/><temp name="T1619"/><temp name="T443"/><temp name="T1603"/><temp name="T1576"/><temp name="T1561"/><temp name="T1565"/><temp name="T1654"/></temps><temps name="out"><temp name="T1592"/><temp name="T22"/><temp name="T1556"/><temp name="T1650"/><temp name="T1581"/><temp name="T1569"/><temp name="T1608"/><temp name="T1613"/><temp name="T1555"/><temp name="T1588"/><temp name="T1660"/><temp name="T1665"/><temp name="T1596"/><temp name="T1619"/><temp name="T1603"/><temp name="T1576"/><temp name="T1561"/><temp name="T1565"/><temp name="T1654"/></temps></instruction><instruction code="OR T444, T1555, 0"><temps name="use"><temp name="T1555"/></temps><temps name="def"><temp name="T444"/></temps><temps name="in"><temp name="T1592"/><temp name="T22"/><temp name="T1556"/><temp name="T1650"/><temp name="T1581"/><temp name="T1569"/><temp name="T1608"/><temp name="T1613"/><temp name="T1555"/><temp name="T1588"/><temp name="T1660"/><temp name="T1665"/><temp name="T1596"/><temp name="T1619"/><temp name="T1603"/><temp name="T1576"/><temp name="T1561"/><temp name="T1565"/><temp name="T1654"/></temps><temps name="out"><temp name="T1592"/><temp name="T22"/><temp name="T1556"/><temp name="T1650"/><temp name="T1581"/><temp name="T1569"/><temp name="T1608"/><temp name="T1613"/><temp name="T1588"/><temp name="T1660"/><temp name="T1665"/><temp name="T1596"/><temp name="T1619"/><temp name="T1603"/><temp name="T1576"/><temp name="T1561"/><temp name="T1565"/><temp name="T1654"/></temps></instruction><instruction code="LDO T1557, T1556, 0"><temps name="use"><temp name="T1556"/></temps><temps name="def"><temp name="T1557"/></temps><temps name="in"><temp name="T1592"/><temp name="T22"/><temp name="T1556"/><temp name="T1650"/><temp name="T1581"/><temp name="T1569"/><temp name="T1608"/><temp name="T1613"/><temp name="T1588"/><temp name="T1660"/><temp name="T1665"/><temp name="T1596"/><temp name="T1619"/><temp name="T1603"/><temp name="T1576"/><temp name="T1561"/><temp name="T1565"/><temp name="T1654"/></temps><temps name="out"><temp name="T1592"/><temp name="T22"/><temp name="T1556"/><temp name="T1650"/><temp name="T1581"/><temp name="T1569"/><temp name="T1608"/><temp name="T1613"/><temp name="T1588"/><temp name="T1660"/><temp name="T1665"/><temp name="T1596"/><temp name="T1619"/><temp name="T1557"/><temp name="T1603"/><temp name="T1576"/><temp name="T1561"/><temp name="T1565"/><temp name="T1654"/></temps></instruction><instruction code="OR T445, T1557, 0"><temps name="use"><temp name="T1557"/></temps><temps name="def"><temp name="T445"/></temps><temps name="in"><temp name="T1592"/><temp name="T22"/><temp name="T1556"/><temp name="T1650"/><temp name="T1581"/><temp name="T1569"/><temp name="T1608"/><temp name="T1613"/><temp name="T1588"/><temp name="T1660"/><temp name="T1665"/><temp name="T1596"/><temp name="T1619"/><temp name="T1557"/><temp name="T1603"/><temp name="T1576"/><temp name="T1561"/><temp name="T1565"/><temp name="T1654"/></temps><temps name="out"><temp name="T1592"/><temp name="T445"/><temp name="T22"/><temp name="T1556"/><temp name="T1650"/><temp name="T1581"/><temp name="T1569"/><temp name="T1608"/><temp name="T1613"/><temp name="T1588"/><temp name="T1660"/><temp name="T1665"/><temp name="T1596"/><temp name="T1619"/><temp name="T1603"/><temp name="T1576"/><temp name="T1561"/><temp name="T1565"/><temp name="T1654"/></temps></instruction><instruction code="SETL  T1558, 9"><temps name="use"/><temps name="def"><temp name="T1558"/></temps><temps name="in"><temp name="T1592"/><temp name="T445"/><temp name="T22"/><temp name="T1556"/><temp name="T1650"/><temp name="T1581"/><temp name="T1569"/><temp name="T1608"/><temp name="T1613"/><temp name="T1588"/><temp name="T1660"/><temp name="T1665"/><temp name="T1596"/><temp name="T1619"/><temp name="T1603"/><temp name="T1576"/><temp name="T1561"/><temp name="T1565"/><temp name="T1654"/></temps><temps name="out"><temp name="T1592"/><temp name="T445"/><temp name="T22"/><temp name="T1556"/><temp name="T1650"/><temp name="T1581"/><temp name="T1569"/><temp name="T1608"/><temp name="T1613"/><temp name="T1588"/><temp name="T1660"/><temp name="T1665"/><temp name="T1596"/><temp name="T1619"/><temp name="T1603"/><temp name="T1576"/><temp name="T1561"/><temp name="T1565"/><temp name="T1654"/></temps></instruction><instruction code="INCML T1558, 0"><temps name="use"/><temps name="def"><temp name="T1558"/></temps><temps name="in"><temp name="T1592"/><temp name="T445"/><temp name="T22"/><temp name="T1556"/><temp name="T1650"/><temp name="T1581"/><temp name="T1569"/><temp name="T1608"/><temp name="T1613"/><temp name="T1588"/><temp name="T1660"/><temp name="T1665"/><temp name="T1596"/><temp name="T1619"/><temp name="T1603"/><temp name="T1576"/><temp name="T1561"/><temp name="T1565"/><temp name="T1654"/></temps><temps name="out"><temp name="T1592"/><temp name="T445"/><temp name="T22"/><temp name="T1556"/><temp name="T1650"/><temp name="T1581"/><temp name="T1569"/><temp name="T1608"/><temp name="T1613"/><temp name="T1588"/><temp name="T1660"/><temp name="T1665"/><temp name="T1596"/><temp name="T1619"/><temp name="T1603"/><temp name="T1576"/><temp name="T1561"/><temp name="T1565"/><temp name="T1654"/></temps></instruction><instruction code="INCMH T1558, 0"><temps name="use"/><temps name="def"><temp name="T1558"/></temps><temps name="in"><temp name="T1592"/><temp name="T445"/><temp name="T22"/><temp name="T1556"/><temp name="T1650"/><temp name="T1581"/><temp name="T1569"/><temp name="T1608"/><temp name="T1613"/><temp name="T1588"/><temp name="T1660"/><temp name="T1665"/><temp name="T1596"/><temp name="T1619"/><temp name="T1603"/><temp name="T1576"/><temp name="T1561"/><temp name="T1565"/><temp name="T1654"/></temps><temps name="out"><temp name="T1592"/><temp name="T445"/><temp name="T22"/><temp name="T1556"/><temp name="T1650"/><temp name="T1581"/><temp name="T1569"/><temp name="T1608"/><temp name="T1613"/><temp name="T1588"/><temp name="T1660"/><temp name="T1665"/><temp name="T1596"/><temp name="T1619"/><temp name="T1603"/><temp name="T1576"/><temp name="T1561"/><temp name="T1565"/><temp name="T1654"/></temps></instruction><instruction code="INCH  T1558, 0"><temps name="use"/><temps name="def"><temp name="T1558"/></temps><temps name="in"><temp name="T1592"/><temp name="T445"/><temp name="T22"/><temp name="T1556"/><temp name="T1650"/><temp name="T1581"/><temp name="T1569"/><temp name="T1608"/><temp name="T1613"/><temp name="T1588"/><temp name="T1660"/><temp name="T1665"/><temp name="T1596"/><temp name="T1619"/><temp name="T1603"/><temp name="T1576"/><temp name="T1561"/><temp name="T1565"/><temp name="T1654"/></temps><temps name="out"><temp name="T1592"/><temp name="T445"/><temp name="T22"/><temp name="T1556"/><temp name="T1650"/><temp name="T1581"/><temp name="T1569"/><temp name="T1608"/><temp name="T1613"/><temp name="T1588"/><temp name="T1660"/><temp name="T1665"/><temp name="T1596"/><temp name="T1619"/><temp name="T1558"/><temp name="T1603"/><temp name="T1576"/><temp name="T1561"/><temp name="T1565"/><temp name="T1654"/></temps></instruction><instruction code="OR T446, T1558, 0"><temps name="use"><temp name="T1558"/></temps><temps name="def"><temp name="T446"/></temps><temps name="in"><temp name="T1592"/><temp name="T445"/><temp name="T22"/><temp name="T1556"/><temp name="T1650"/><temp name="T1581"/><temp name="T1569"/><temp name="T1608"/><temp name="T1613"/><temp name="T1588"/><temp name="T1660"/><temp name="T1665"/><temp name="T1596"/><temp name="T1619"/><temp name="T1558"/><temp name="T1603"/><temp name="T1576"/><temp name="T1561"/><temp name="T1565"/><temp name="T1654"/></temps><temps name="out"><temp name="T1592"/><temp name="T445"/><temp name="T22"/><temp name="T1556"/><temp name="T446"/><temp name="T1650"/><temp name="T1581"/><temp name="T1569"/><temp name="T1608"/><temp name="T1613"/><temp name="T1588"/><temp name="T1660"/><temp name="T1665"/><temp name="T1596"/><temp name="T1619"/><temp name="T1603"/><temp name="T1576"/><temp name="T1561"/><temp name="T1565"/><temp name="T1654"/></temps></instruction><instruction code="CMP T1559, T445, T446"><temps name="use"><temp name="T445"/><temp name="T446"/></temps><temps name="def"><temp name="T1559"/></temps><temps name="in"><temp name="T1592"/><temp name="T445"/><temp name="T22"/><temp name="T1556"/><temp name="T446"/><temp name="T1650"/><temp name="T1581"/><temp name="T1569"/><temp name="T1608"/><temp name="T1613"/><temp name="T1588"/><temp name="T1660"/><temp name="T1665"/><temp name="T1596"/><temp name="T1619"/><temp name="T1603"/><temp name="T1576"/><temp name="T1561"/><temp name="T1565"/><temp name="T1654"/></temps><temps name="out"><temp name="T1592"/><temp name="T1559"/><temp name="T22"/><temp name="T1556"/><temp name="T1650"/><temp name="T1581"/><temp name="T1569"/><temp name="T1608"/><temp name="T1613"/><temp name="T1588"/><temp name="T1660"/><temp name="T1665"/><temp name="T1596"/><temp name="T1619"/><temp name="T1603"/><temp name="T1576"/><temp name="T1561"/><temp name="T1565"/><temp name="T1654"/></temps></instruction><instruction code="ZSN T1559, T1559, 1"><temps name="use"><temp name="T1559"/></temps><temps name="def"><temp name="T1559"/></temps><temps name="in"><temp name="T1592"/><temp name="T1559"/><temp name="T22"/><temp name="T1556"/><temp name="T1650"/><temp name="T1581"/><temp name="T1569"/><temp name="T1608"/><temp name="T1613"/><temp name="T1588"/><temp name="T1660"/><temp name="T1665"/><temp name="T1596"/><temp name="T1619"/><temp name="T1603"/><temp name="T1576"/><temp name="T1561"/><temp name="T1565"/><temp name="T1654"/></temps><temps name="out"><temp name="T1592"/><temp name="T1559"/><temp name="T22"/><temp name="T1556"/><temp name="T1650"/><temp name="T1581"/><temp name="T1569"/><temp name="T1608"/><temp name="T1613"/><temp name="T1588"/><temp name="T1660"/><temp name="T1665"/><temp name="T1596"/><temp name="T1619"/><temp name="T1603"/><temp name="T1576"/><temp name="T1561"/><temp name="T1565"/><temp name="T1654"/></temps></instruction><instruction code="OR T447, T1559, 0"><temps name="use"><temp name="T1559"/></temps><temps name="def"><temp name="T447"/></temps><temps name="in"><temp name="T1592"/><temp name="T1559"/><temp name="T22"/><temp name="T1556"/><temp name="T1650"/><temp name="T1581"/><temp name="T1569"/><temp name="T1608"/><temp name="T1613"/><temp name="T1588"/><temp name="T1660"/><temp name="T1665"/><temp name="T1596"/><temp name="T1619"/><temp name="T1603"/><temp name="T1576"/><temp name="T1561"/><temp name="T1565"/><temp name="T1654"/></temps><temps name="out"><temp name="T1592"/><temp name="T22"/><temp name="T1556"/><temp name="T1650"/><temp name="T1581"/><temp name="T1569"/><temp name="T447"/><temp name="T1608"/><temp name="T1613"/><temp name="T1588"/><temp name="T1660"/><temp name="T1665"/><temp name="T1596"/><temp name="T1619"/><temp name="T1603"/><temp name="T1576"/><temp name="T1561"/><temp name="T1565"/><temp name="T1654"/></temps></instruction><instruction code="BNZ T447, L59"><temps name="use"><temp name="T447"/></temps><temps name="def"/><temps name="in"><temp name="T1592"/><temp name="T22"/><temp name="T1556"/><temp name="T1650"/><temp name="T1581"/><temp name="T1569"/><temp name="T447"/><temp name="T1608"/><temp name="T1613"/><temp name="T1588"/><temp name="T1660"/><temp name="T1665"/><temp name="T1596"/><temp name="T1619"/><temp name="T1603"/><temp name="T1576"/><temp name="T1561"/><temp name="T1565"/><temp name="T1654"/></temps><temps name="out"><temp name="T1592"/><temp name="T22"/><temp name="T1556"/><temp name="T1650"/><temp name="T1581"/><temp name="T1569"/><temp name="T1608"/><temp name="T1613"/><temp name="T1588"/><temp name="T1660"/><temp name="T1665"/><temp name="T1596"/><temp name="T1619"/><temp name="T1603"/><temp name="T1576"/><temp name="T1561"/><temp name="T1565"/><temp name="T1654"/></temps></instruction><instruction code="L132"><temps name="use"/><temps name="def"/><temps name="in"><temp name="T1592"/><temp name="T22"/><temp name="T1556"/><temp name="T1650"/><temp name="T1581"/><temp name="T1569"/><temp name="T1608"/><temp name="T1613"/><temp name="T1588"/><temp name="T1660"/><temp name="T1665"/><temp name="T1596"/><temp name="T1619"/><temp name="T1603"/><temp name="T1576"/><temp name="T1561"/><temp name="T1565"/><temp name="T1654"/></temps><temps name="out"><temp name="T1592"/><temp name="T22"/><temp name="T1556"/><temp name="T1650"/><temp name="T1581"/><temp name="T1569"/><temp name="T1608"/><temp name="T1613"/><temp name="T1588"/><temp name="T1660"/><temp name="T1665"/><temp name="T1596"/><temp name="T1619"/><temp name="T1603"/><temp name="T1576"/><temp name="T1561"/><temp name="T1565"/><temp name="T1654"/></temps></instruction><instruction code="LDA T1560, L60"><temps name="use"/><temps name="def"><temp name="T1560"/></temps><temps name="in"><temp name="T1592"/><temp name="T22"/><temp name="T1556"/><temp name="T1650"/><temp name="T1581"/><temp name="T1569"/><temp name="T1608"/><temp name="T1613"/><temp name="T1588"/><temp name="T1660"/><temp name="T1665"/><temp name="T1596"/><temp name="T1619"/><temp name="T1603"/><temp name="T1576"/><temp name="T1561"/><temp name="T1565"/><temp name="T1654"/></temps><temps name="out"><temp name="T1592"/><temp name="T22"/><temp name="T1556"/><temp name="T1650"/><temp name="T1581"/><temp name="T1569"/><temp name="T1608"/><temp name="T1613"/><temp name="T1588"/><temp name="T1660"/><temp name="T1665"/><temp name="T1596"/><temp name="T1619"/><temp name="T1560"/><temp name="T1603"/><temp name="T1576"/><temp name="T1561"/><temp name="T1565"/><temp name="T1654"/></temps></instruction><instruction code="GO T1560, T1560, 0"><temps name="use"><temp name="T1560"/></temps><temps name="def"><temp name="T1560"/></temps><temps name="in"><temp name="T1592"/><temp name="T22"/><temp name="T1556"/><temp name="T1650"/><temp name="T1581"/><temp name="T1569"/><temp name="T1608"/><temp name="T1613"/><temp name="T1588"/><temp name="T1660"/><temp name="T1665"/><temp name="T1596"/><temp name="T1619"/><temp name="T1560"/><temp name="T1603"/><temp name="T1576"/><temp name="T1561"/><temp name="T1565"/><temp name="T1654"/></temps><temps name="out"><temp name="T1592"/><temp name="T22"/><temp name="T1556"/><temp name="T1650"/><temp name="T1581"/><temp name="T1569"/><temp name="T1608"/><temp name="T1613"/><temp name="T1588"/><temp name="T1660"/><temp name="T1665"/><temp name="T1596"/><temp name="T1619"/><temp name="T1603"/><temp name="T1576"/><temp name="T1561"/><temp name="T1565"/><temp name="T1654"/></temps></instruction><instruction code="L59"><temps name="use"/><temps name="def"/><temps name="in"><temp name="T1592"/><temp name="T22"/><temp name="T1556"/><temp name="T1650"/><temp name="T1581"/><temp name="T1569"/><temp name="T1608"/><temp name="T1613"/><temp name="T1588"/><temp name="T1660"/><temp name="T1665"/><temp name="T1596"/><temp name="T1619"/><temp name="T1603"/><temp name="T1576"/><temp name="T1561"/><temp name="T1565"/><temp name="T1654"/></temps><temps name="out"><temp name="T1592"/><temp name="T22"/><temp name="T1556"/><temp name="T1650"/><temp name="T1581"/><temp name="T1569"/><temp name="T1608"/><temp name="T1613"/><temp name="T1588"/><temp name="T1660"/><temp name="T1665"/><temp name="T1596"/><temp name="T1619"/><temp name="T1603"/><temp name="T1576"/><temp name="T1561"/><temp name="T1565"/><temp name="T1654"/></temps></instruction><instruction code="OR T448, T22, 0"><temps name="use"><temp name="T22"/></temps><temps name="def"><temp name="T448"/></temps><temps name="in"><temp name="T1592"/><temp name="T22"/><temp name="T1556"/><temp name="T1650"/><temp name="T1581"/><temp name="T1569"/><temp name="T1608"/><temp name="T1613"/><temp name="T1588"/><temp name="T1660"/><temp name="T1665"/><temp name="T1596"/><temp name="T1619"/><temp name="T1603"/><temp name="T1576"/><temp name="T1561"/><temp name="T1565"/><temp name="T1654"/></temps><temps name="out"><temp name="T1592"/><temp name="T22"/><temp name="T1556"/><temp name="T1650"/><temp name="T1581"/><temp name="T1569"/><temp name="T1608"/><temp name="T1613"/><temp name="T1588"/><temp name="T1660"/><temp name="T1665"/><temp name="T1596"/><temp name="T1619"/><temp name="T1603"/><temp name="T1576"/><temp name="T1561"/><temp name="T1565"/><temp name="T1654"/></temps></instruction><instruction code="LDO T1562, T1561, 0"><temps name="use"><temp name="T1561"/></temps><temps name="def"><temp name="T1562"/></temps><temps name="in"><temp name="T1592"/><temp name="T22"/><temp name="T1556"/><temp name="T1650"/><temp name="T1581"/><temp name="T1569"/><temp name="T1608"/><temp name="T1613"/><temp name="T1588"/><temp name="T1660"/><temp name="T1665"/><temp name="T1596"/><temp name="T1619"/><temp name="T1603"/><temp name="T1576"/><temp name="T1561"/><temp name="T1565"/><temp name="T1654"/></temps><temps name="out"><temp name="T1592"/><temp name="T1562"/><temp name="T22"/><temp name="T1556"/><temp name="T1650"/><temp name="T1581"/><temp name="T1569"/><temp name="T1608"/><temp name="T1613"/><temp name="T1588"/><temp name="T1660"/><temp name="T1665"/><temp name="T1596"/><temp name="T1619"/><temp name="T1603"/><temp name="T1576"/><temp name="T1565"/><temp name="T1654"/><temp name="T1561"/></temps></instruction><instruction code="OR T449, T1562, 0"><temps name="use"><temp name="T1562"/></temps><temps name="def"><temp name="T449"/></temps><temps name="in"><temp name="T1592"/><temp name="T1562"/><temp name="T22"/><temp name="T1556"/><temp name="T1650"/><temp name="T1581"/><temp name="T1569"/><temp name="T1608"/><temp name="T1613"/><temp name="T1588"/><temp name="T1660"/><temp name="T1665"/><temp name="T1596"/><temp name="T1619"/><temp name="T1603"/><temp name="T1576"/><temp name="T1565"/><temp name="T1654"/><temp name="T1561"/></temps><temps name="out"><temp name="T1592"/><temp name="T22"/><temp name="T1556"/><temp name="T1650"/><temp name="T1581"/><temp name="T1569"/><temp name="T1608"/><temp name="T1613"/><temp name="T1588"/><temp name="T1660"/><temp name="T1665"/><temp name="T1596"/><temp name="T1619"/><temp name="T449"/><temp name="T1603"/><temp name="T1576"/><temp name="T1565"/><temp name="T1654"/><temp name="T1561"/></temps></instruction><instruction code="SETL  T1563, 8"><temps name="use"/><temps name="def"><temp name="T1563"/></temps><temps name="in"><temp name="T1592"/><temp name="T22"/><temp name="T1556"/><temp name="T1650"/><temp name="T1581"/><temp name="T1569"/><temp name="T1608"/><temp name="T1613"/><temp name="T1588"/><temp name="T1660"/><temp name="T1665"/><temp name="T1596"/><temp name="T1619"/><temp name="T449"/><temp name="T1603"/><temp name="T1576"/><temp name="T1565"/><temp name="T1654"/><temp name="T1561"/></temps><temps name="out"><temp name="T1592"/><temp name="T22"/><temp name="T1556"/><temp name="T1650"/><temp name="T1581"/><temp name="T1569"/><temp name="T1608"/><temp name="T1613"/><temp name="T1588"/><temp name="T1660"/><temp name="T1665"/><temp name="T1596"/><temp name="T1619"/><temp name="T449"/><temp name="T1603"/><temp name="T1576"/><temp name="T1565"/><temp name="T1654"/><temp name="T1561"/></temps></instruction><instruction code="INCML T1563, 0"><temps name="use"/><temps name="def"><temp name="T1563"/></temps><temps name="in"><temp name="T1592"/><temp name="T22"/><temp name="T1556"/><temp name="T1650"/><temp name="T1581"/><temp name="T1569"/><temp name="T1608"/><temp name="T1613"/><temp name="T1588"/><temp name="T1660"/><temp name="T1665"/><temp name="T1596"/><temp name="T1619"/><temp name="T449"/><temp name="T1603"/><temp name="T1576"/><temp name="T1565"/><temp name="T1654"/><temp name="T1561"/></temps><temps name="out"><temp name="T1592"/><temp name="T22"/><temp name="T1556"/><temp name="T1650"/><temp name="T1581"/><temp name="T1569"/><temp name="T1608"/><temp name="T1613"/><temp name="T1588"/><temp name="T1660"/><temp name="T1665"/><temp name="T1596"/><temp name="T1619"/><temp name="T449"/><temp name="T1603"/><temp name="T1576"/><temp name="T1565"/><temp name="T1654"/><temp name="T1561"/></temps></instruction><instruction code="INCMH T1563, 0"><temps name="use"/><temps name="def"><temp name="T1563"/></temps><temps name="in"><temp name="T1592"/><temp name="T22"/><temp name="T1556"/><temp name="T1650"/><temp name="T1581"/><temp name="T1569"/><temp name="T1608"/><temp name="T1613"/><temp name="T1588"/><temp name="T1660"/><temp name="T1665"/><temp name="T1596"/><temp name="T1619"/><temp name="T449"/><temp name="T1603"/><temp name="T1576"/><temp name="T1565"/><temp name="T1654"/><temp name="T1561"/></temps><temps name="out"><temp name="T1592"/><temp name="T22"/><temp name="T1556"/><temp name="T1650"/><temp name="T1581"/><temp name="T1569"/><temp name="T1608"/><temp name="T1613"/><temp name="T1588"/><temp name="T1660"/><temp name="T1665"/><temp name="T1596"/><temp name="T1619"/><temp name="T449"/><temp name="T1603"/><temp name="T1576"/><temp name="T1565"/><temp name="T1654"/><temp name="T1561"/></temps></instruction><instruction code="INCH  T1563, 0"><temps name="use"/><temps name="def"><temp name="T1563"/></temps><temps name="in"><temp name="T1592"/><temp name="T22"/><temp name="T1556"/><temp name="T1650"/><temp name="T1581"/><temp name="T1569"/><temp name="T1608"/><temp name="T1613"/><temp name="T1588"/><temp name="T1660"/><temp name="T1665"/><temp name="T1596"/><temp name="T1619"/><temp name="T449"/><temp name="T1603"/><temp name="T1576"/><temp name="T1565"/><temp name="T1654"/><temp name="T1561"/></temps><temps name="out"><temp name="T1592"/><temp name="T22"/><temp name="T1556"/><temp name="T1650"/><temp name="T1581"/><temp name="T1569"/><temp name="T1608"/><temp name="T1613"/><temp name="T1588"/><temp name="T1660"/><temp name="T1665"/><temp name="T1563"/><temp name="T1596"/><temp name="T1619"/><temp name="T449"/><temp name="T1603"/><temp name="T1576"/><temp name="T1565"/><temp name="T1654"/><temp name="T1561"/></temps></instruction><instruction code="OR T450, T1563, 0"><temps name="use"><temp name="T1563"/></temps><temps name="def"><temp name="T450"/></temps><temps name="in"><temp name="T1592"/><temp name="T22"/><temp name="T1556"/><temp name="T1650"/><temp name="T1581"/><temp name="T1569"/><temp name="T1608"/><temp name="T1613"/><temp name="T1588"/><temp name="T1660"/><temp name="T1665"/><temp name="T1563"/><temp name="T1596"/><temp name="T1619"/><temp name="T449"/><temp name="T1603"/><temp name="T1576"/><temp name="T1565"/><temp name="T1654"/><temp name="T1561"/></temps><temps name="out"><temp name="T1592"/><temp name="T22"/><temp name="T1556"/><temp name="T450"/><temp name="T1650"/><temp name="T1581"/><temp name="T1569"/><temp name="T1608"/><temp name="T1613"/><temp name="T1588"/><temp name="T1660"/><temp name="T1665"/><temp name="T1596"/><temp name="T1619"/><temp name="T449"/><temp name="T1603"/><temp name="T1576"/><temp name="T1565"/><temp name="T1654"/><temp name="T1561"/></temps></instruction><instruction code="ADD T1564, T449, T450"><temps name="use"><temp name="T449"/><temp name="T450"/></temps><temps name="def"><temp name="T1564"/></temps><temps name="in"><temp name="T1592"/><temp name="T22"/><temp name="T1556"/><temp name="T450"/><temp name="T1650"/><temp name="T1581"/><temp name="T1569"/><temp name="T1608"/><temp name="T1613"/><temp name="T1588"/><temp name="T1660"/><temp name="T1665"/><temp name="T1596"/><temp name="T1619"/><temp name="T449"/><temp name="T1603"/><temp name="T1576"/><temp name="T1565"/><temp name="T1654"/><temp name="T1561"/></temps><temps name="out"><temp name="T1592"/><temp name="T22"/><temp name="T1556"/><temp name="T1650"/><temp name="T1581"/><temp name="T1569"/><temp name="T1608"/><temp name="T1613"/><temp name="T1564"/><temp name="T1588"/><temp name="T1660"/><temp name="T1665"/><temp name="T1596"/><temp name="T1619"/><temp name="T1603"/><temp name="T1576"/><temp name="T1565"/><temp name="T1654"/><temp name="T1561"/></temps></instruction><instruction code="OR T451, T1564, 0"><temps name="use"><temp name="T1564"/></temps><temps name="def"><temp name="T451"/></temps><temps name="in"><temp name="T1592"/><temp name="T22"/><temp name="T1556"/><temp name="T1650"/><temp name="T1581"/><temp name="T1569"/><temp name="T1608"/><temp name="T1613"/><temp name="T1564"/><temp name="T1588"/><temp name="T1660"/><temp name="T1665"/><temp name="T1596"/><temp name="T1619"/><temp name="T1603"/><temp name="T1576"/><temp name="T1565"/><temp name="T1654"/><temp name="T1561"/></temps><temps name="out"><temp name="T1592"/><temp name="T22"/><temp name="T1556"/><temp name="T1650"/><temp name="T1581"/><temp name="T1569"/><temp name="T1608"/><temp name="T1613"/><temp name="T1588"/><temp name="T1660"/><temp name="T1665"/><temp name="T1596"/><temp name="T1619"/><temp name="T1603"/><temp name="T1576"/><temp name="T1565"/><temp name="T1654"/><temp name="T1561"/></temps></instruction><instruction code="LDO T1566, T1565, 0"><temps name="use"><temp name="T1565"/></temps><temps name="def"><temp name="T1566"/></temps><temps name="in"><temp name="T1592"/><temp name="T22"/><temp name="T1556"/><temp name="T1650"/><temp name="T1581"/><temp name="T1569"/><temp name="T1608"/><temp name="T1613"/><temp name="T1588"/><temp name="T1660"/><temp name="T1665"/><temp name="T1596"/><temp name="T1619"/><temp name="T1603"/><temp name="T1576"/><temp name="T1565"/><temp name="T1654"/><temp name="T1561"/></temps><temps name="out"><temp name="T1592"/><temp name="T22"/><temp name="T1566"/><temp name="T1556"/><temp name="T1650"/><temp name="T1581"/><temp name="T1569"/><temp name="T1608"/><temp name="T1613"/><temp name="T1588"/><temp name="T1660"/><temp name="T1665"/><temp name="T1596"/><temp name="T1619"/><temp name="T1603"/><temp name="T1576"/><temp name="T1654"/><temp name="T1561"/><temp name="T1565"/></temps></instruction><instruction code="OR T452, T1566, 0"><temps name="use"><temp name="T1566"/></temps><temps name="def"><temp name="T452"/></temps><temps name="in"><temp name="T1592"/><temp name="T22"/><temp name="T1566"/><temp name="T1556"/><temp name="T1650"/><temp name="T1581"/><temp name="T1569"/><temp name="T1608"/><temp name="T1613"/><temp name="T1588"/><temp name="T1660"/><temp name="T1665"/><temp name="T1596"/><temp name="T1619"/><temp name="T1603"/><temp name="T1576"/><temp name="T1654"/><temp name="T1561"/><temp name="T1565"/></temps><temps name="out"><temp name="T1592"/><temp name="T22"/><temp name="T1556"/><temp name="T1650"/><temp name="T1581"/><temp name="T1569"/><temp name="T1608"/><temp name="T1613"/><temp name="T452"/><temp name="T1588"/><temp name="T1660"/><temp name="T1665"/><temp name="T1596"/><temp name="T1619"/><temp name="T1603"/><temp name="T1576"/><temp name="T1654"/><temp name="T1561"/><temp name="T1565"/></temps></instruction><instruction code="OR T453, T22, 0"><temps name="use"><temp name="T22"/></temps><temps name="def"><temp name="T453"/></temps><temps name="in"><temp name="T1592"/><temp name="T22"/><temp name="T1556"/><temp name="T1650"/><temp name="T1581"/><temp name="T1569"/><temp name="T1608"/><temp name="T1613"/><temp name="T452"/><temp name="T1588"/><temp name="T1660"/><temp name="T1665"/><temp name="T1596"/><temp name="T1619"/><temp name="T1603"/><temp name="T1576"/><temp name="T1654"/><temp name="T1561"/><temp name="T1565"/></temps><temps name="out"><temp name="T1592"/><temp name="T22"/><temp name="T1556"/><temp name="T1650"/><temp name="T1581"/><temp name="T1569"/><temp name="T1608"/><temp name="T1613"/><temp name="T452"/><temp name="T1588"/><temp name="T1660"/><temp name="T1665"/><temp name="T1596"/><temp name="T1619"/><temp name="T1603"/><temp name="T453"/><temp name="T1576"/><temp name="T1654"/><temp name="T1561"/><temp name="T1565"/></temps></instruction><instruction code="SETL  T1567, 8"><temps name="use"/><temps name="def"><temp name="T1567"/></temps><temps name="in"><temp name="T1592"/><temp name="T22"/><temp name="T1556"/><temp name="T1650"/><temp name="T1581"/><temp name="T1569"/><temp name="T1608"/><temp name="T1613"/><temp name="T452"/><temp name="T1588"/><temp name="T1660"/><temp name="T1665"/><temp name="T1596"/><temp name="T1619"/><temp name="T1603"/><temp name="T453"/><temp name="T1576"/><temp name="T1654"/><temp name="T1561"/><temp name="T1565"/></temps><temps name="out"><temp name="T1592"/><temp name="T22"/><temp name="T1556"/><temp name="T1650"/><temp name="T1581"/><temp name="T1569"/><temp name="T1608"/><temp name="T1613"/><temp name="T452"/><temp name="T1588"/><temp name="T1660"/><temp name="T1665"/><temp name="T1596"/><temp name="T1619"/><temp name="T1603"/><temp name="T453"/><temp name="T1576"/><temp name="T1654"/><temp name="T1561"/><temp name="T1565"/></temps></instruction><instruction code="INCML T1567, 0"><temps name="use"/><temps name="def"><temp name="T1567"/></temps><temps name="in"><temp name="T1592"/><temp name="T22"/><temp name="T1556"/><temp name="T1650"/><temp name="T1581"/><temp name="T1569"/><temp name="T1608"/><temp name="T1613"/><temp name="T452"/><temp name="T1588"/><temp name="T1660"/><temp name="T1665"/><temp name="T1596"/><temp name="T1619"/><temp name="T1603"/><temp name="T453"/><temp name="T1576"/><temp name="T1654"/><temp name="T1561"/><temp name="T1565"/></temps><temps name="out"><temp name="T1592"/><temp name="T22"/><temp name="T1556"/><temp name="T1650"/><temp name="T1581"/><temp name="T1569"/><temp name="T1608"/><temp name="T1613"/><temp name="T452"/><temp name="T1588"/><temp name="T1660"/><temp name="T1665"/><temp name="T1596"/><temp name="T1619"/><temp name="T1603"/><temp name="T453"/><temp name="T1576"/><temp name="T1654"/><temp name="T1561"/><temp name="T1565"/></temps></instruction><instruction code="INCMH T1567, 0"><temps name="use"/><temps name="def"><temp name="T1567"/></temps><temps name="in"><temp name="T1592"/><temp name="T22"/><temp name="T1556"/><temp name="T1650"/><temp name="T1581"/><temp name="T1569"/><temp name="T1608"/><temp name="T1613"/><temp name="T452"/><temp name="T1588"/><temp name="T1660"/><temp name="T1665"/><temp name="T1596"/><temp name="T1619"/><temp name="T1603"/><temp name="T453"/><temp name="T1576"/><temp name="T1654"/><temp name="T1561"/><temp name="T1565"/></temps><temps name="out"><temp name="T1592"/><temp name="T22"/><temp name="T1556"/><temp name="T1650"/><temp name="T1581"/><temp name="T1569"/><temp name="T1608"/><temp name="T1613"/><temp name="T452"/><temp name="T1588"/><temp name="T1660"/><temp name="T1665"/><temp name="T1596"/><temp name="T1619"/><temp name="T1603"/><temp name="T453"/><temp name="T1576"/><temp name="T1654"/><temp name="T1561"/><temp name="T1565"/></temps></instruction><instruction code="INCH  T1567, 0"><temps name="use"/><temps name="def"><temp name="T1567"/></temps><temps name="in"><temp name="T1592"/><temp name="T22"/><temp name="T1556"/><temp name="T1650"/><temp name="T1581"/><temp name="T1569"/><temp name="T1608"/><temp name="T1613"/><temp name="T452"/><temp name="T1588"/><temp name="T1660"/><temp name="T1665"/><temp name="T1596"/><temp name="T1619"/><temp name="T1603"/><temp name="T453"/><temp name="T1576"/><temp name="T1654"/><temp name="T1561"/><temp name="T1565"/></temps><temps name="out"><temp name="T1592"/><temp name="T22"/><temp name="T1556"/><temp name="T1650"/><temp name="T1581"/><temp name="T1569"/><temp name="T1608"/><temp name="T1613"/><temp name="T452"/><temp name="T1588"/><temp name="T1660"/><temp name="T1665"/><temp name="T1596"/><temp name="T1619"/><temp name="T1603"/><temp name="T453"/><temp name="T1576"/><temp name="T1654"/><temp name="T1561"/><temp name="T1565"/><temp name="T1567"/></temps></instruction><instruction code="OR T454, T1567, 0"><temps name="use"><temp name="T1567"/></temps><temps name="def"><temp name="T454"/></temps><temps name="in"><temp name="T1592"/><temp name="T22"/><temp name="T1556"/><temp name="T1650"/><temp name="T1581"/><temp name="T1569"/><temp name="T1608"/><temp name="T1613"/><temp name="T452"/><temp name="T1588"/><temp name="T1660"/><temp name="T1665"/><temp name="T1596"/><temp name="T1619"/><temp name="T1603"/><temp name="T453"/><temp name="T1576"/><temp name="T1654"/><temp name="T1561"/><temp name="T1565"/><temp name="T1567"/></temps><temps name="out"><temp name="T1592"/><temp name="T22"/><temp name="T1556"/><temp name="T1650"/><temp name="T1581"/><temp name="T1569"/><temp name="T1608"/><temp name="T1613"/><temp name="T454"/><temp name="T452"/><temp name="T1588"/><temp name="T1660"/><temp name="T1665"/><temp name="T1596"/><temp name="T1619"/><temp name="T1603"/><temp name="T453"/><temp name="T1576"/><temp name="T1654"/><temp name="T1561"/><temp name="T1565"/></temps></instruction><instruction code="ADD T1568, T453, T454"><temps name="use"><temp name="T453"/><temp name="T454"/></temps><temps name="def"><temp name="T1568"/></temps><temps name="in"><temp name="T1592"/><temp name="T22"/><temp name="T1556"/><temp name="T1650"/><temp name="T1581"/><temp name="T1569"/><temp name="T1608"/><temp name="T1613"/><temp name="T454"/><temp name="T452"/><temp name="T1588"/><temp name="T1660"/><temp name="T1665"/><temp name="T1596"/><temp name="T1619"/><temp name="T1603"/><temp name="T453"/><temp name="T1576"/><temp name="T1654"/><temp name="T1561"/><temp name="T1565"/></temps><temps name="out"><temp name="T1592"/><temp name="T22"/><temp name="T1556"/><temp name="T1650"/><temp name="T1581"/><temp name="T1569"/><temp name="T1608"/><temp name="T1613"/><temp name="T452"/><temp name="T1588"/><temp name="T1660"/><temp name="T1665"/><temp name="T1596"/><temp name="T1619"/><temp name="T1603"/><temp name="T1576"/><temp name="T1654"/><temp name="T1561"/><temp name="T1565"/><temp name="T1568"/></temps></instruction><instruction code="OR T455, T1568, 0"><temps name="use"><temp name="T1568"/></temps><temps name="def"><temp name="T455"/></temps><temps name="in"><temp name="T1592"/><temp name="T22"/><temp name="T1556"/><temp name="T1650"/><temp name="T1581"/><temp name="T1569"/><temp name="T1608"/><temp name="T1613"/><temp name="T452"/><temp name="T1588"/><temp name="T1660"/><temp name="T1665"/><temp name="T1596"/><temp name="T1619"/><temp name="T1603"/><temp name="T1576"/><temp name="T1654"/><temp name="T1561"/><temp name="T1565"/><temp name="T1568"/></temps><temps name="out"><temp name="T1592"/><temp name="T22"/><temp name="T1556"/><temp name="T1650"/><temp name="T1581"/><temp name="T1569"/><temp name="T1608"/><temp name="T1613"/><temp name="T452"/><temp name="T1588"/><temp name="T1660"/><temp name="T1665"/><temp name="T1596"/><temp name="T1619"/><temp name="T1603"/><temp name="T1576"/><temp name="T1654"/><temp name="T1561"/><temp name="T1565"/></temps></instruction><instruction code="LDO T1570, T1569, 0"><temps name="use"><temp name="T1569"/></temps><temps name="def"><temp name="T1570"/></temps><temps name="in"><temp name="T1592"/><temp name="T22"/><temp name="T1556"/><temp name="T1650"/><temp name="T1581"/><temp name="T1569"/><temp name="T1608"/><temp name="T1613"/><temp name="T452"/><temp name="T1588"/><temp name="T1660"/><temp name="T1665"/><temp name="T1596"/><temp name="T1619"/><temp name="T1603"/><temp name="T1576"/><temp name="T1654"/><temp name="T1561"/><temp name="T1565"/></temps><temps name="out"><temp name="T1592"/><temp name="T22"/><temp name="T1556"/><temp name="T1650"/><temp name="T1581"/><temp name="T1569"/><temp name="T1608"/><temp name="T1613"/><temp name="T452"/><temp name="T1588"/><temp name="T1660"/><temp name="T1665"/><temp name="T1596"/><temp name="T1619"/><temp name="T1570"/><temp name="T1603"/><temp name="T1576"/><temp name="T1654"/><temp name="T1561"/><temp name="T1565"/></temps></instruction><instruction code="OR T456, T1570, 0"><temps name="use"><temp name="T1570"/></temps><temps name="def"><temp name="T456"/></temps><temps name="in"><temp name="T1592"/><temp name="T22"/><temp name="T1556"/><temp name="T1650"/><temp name="T1581"/><temp name="T1569"/><temp name="T1608"/><temp name="T1613"/><temp name="T452"/><temp name="T1588"/><temp name="T1660"/><temp name="T1665"/><temp name="T1596"/><temp name="T1619"/><temp name="T1570"/><temp name="T1603"/><temp name="T1576"/><temp name="T1654"/><temp name="T1561"/><temp name="T1565"/></temps><temps name="out"><temp name="T1592"/><temp name="T22"/><temp name="T1556"/><temp name="T1650"/><temp name="T1581"/><temp name="T1569"/><temp name="T1608"/><temp name="T1613"/><temp name="T452"/><temp name="T1588"/><temp name="T1660"/><temp name="T1665"/><temp name="T1596"/><temp name="T1619"/><temp name="T456"/><temp name="T1603"/><temp name="T1576"/><temp name="T1654"/><temp name="T1561"/><temp name="T1565"/></temps></instruction><instruction code="SETL  T1571, 72"><temps name="use"/><temps name="def"><temp name="T1571"/></temps><temps name="in"><temp name="T1592"/><temp name="T22"/><temp name="T1556"/><temp name="T1650"/><temp name="T1581"/><temp name="T1569"/><temp name="T1608"/><temp name="T1613"/><temp name="T452"/><temp name="T1588"/><temp name="T1660"/><temp name="T1665"/><temp name="T1596"/><temp name="T1619"/><temp name="T456"/><temp name="T1603"/><temp name="T1576"/><temp name="T1654"/><temp name="T1561"/><temp name="T1565"/></temps><temps name="out"><temp name="T1592"/><temp name="T22"/><temp name="T1556"/><temp name="T1650"/><temp name="T1581"/><temp name="T1569"/><temp name="T1608"/><temp name="T1613"/><temp name="T452"/><temp name="T1588"/><temp name="T1660"/><temp name="T1665"/><temp name="T1596"/><temp name="T1619"/><temp name="T456"/><temp name="T1603"/><temp name="T1576"/><temp name="T1654"/><temp name="T1561"/><temp name="T1565"/></temps></instruction><instruction code="INCML T1571, 0"><temps name="use"/><temps name="def"><temp name="T1571"/></temps><temps name="in"><temp name="T1592"/><temp name="T22"/><temp name="T1556"/><temp name="T1650"/><temp name="T1581"/><temp name="T1569"/><temp name="T1608"/><temp name="T1613"/><temp name="T452"/><temp name="T1588"/><temp name="T1660"/><temp name="T1665"/><temp name="T1596"/><temp name="T1619"/><temp name="T456"/><temp name="T1603"/><temp name="T1576"/><temp name="T1654"/><temp name="T1561"/><temp name="T1565"/></temps><temps name="out"><temp name="T1592"/><temp name="T22"/><temp name="T1556"/><temp name="T1650"/><temp name="T1581"/><temp name="T1569"/><temp name="T1608"/><temp name="T1613"/><temp name="T452"/><temp name="T1588"/><temp name="T1660"/><temp name="T1665"/><temp name="T1596"/><temp name="T1619"/><temp name="T456"/><temp name="T1603"/><temp name="T1576"/><temp name="T1654"/><temp name="T1561"/><temp name="T1565"/></temps></instruction><instruction code="INCMH T1571, 0"><temps name="use"/><temps name="def"><temp name="T1571"/></temps><temps name="in"><temp name="T1592"/><temp name="T22"/><temp name="T1556"/><temp name="T1650"/><temp name="T1581"/><temp name="T1569"/><temp name="T1608"/><temp name="T1613"/><temp name="T452"/><temp name="T1588"/><temp name="T1660"/><temp name="T1665"/><temp name="T1596"/><temp name="T1619"/><temp name="T456"/><temp name="T1603"/><temp name="T1576"/><temp name="T1654"/><temp name="T1561"/><temp name="T1565"/></temps><temps name="out"><temp name="T1592"/><temp name="T22"/><temp name="T1556"/><temp name="T1650"/><temp name="T1581"/><temp name="T1569"/><temp name="T1608"/><temp name="T1613"/><temp name="T452"/><temp name="T1588"/><temp name="T1660"/><temp name="T1665"/><temp name="T1596"/><temp name="T1619"/><temp name="T456"/><temp name="T1603"/><temp name="T1576"/><temp name="T1654"/><temp name="T1561"/><temp name="T1565"/></temps></instruction><instruction code="INCH  T1571, 0"><temps name="use"/><temps name="def"><temp name="T1571"/></temps><temps name="in"><temp name="T1592"/><temp name="T22"/><temp name="T1556"/><temp name="T1650"/><temp name="T1581"/><temp name="T1569"/><temp name="T1608"/><temp name="T1613"/><temp name="T452"/><temp name="T1588"/><temp name="T1660"/><temp name="T1665"/><temp name="T1596"/><temp name="T1619"/><temp name="T456"/><temp name="T1603"/><temp name="T1576"/><temp name="T1654"/><temp name="T1561"/><temp name="T1565"/></temps><temps name="out"><temp name="T1592"/><temp name="T22"/><temp name="T1556"/><temp name="T1650"/><temp name="T1581"/><temp name="T1571"/><temp name="T1569"/><temp name="T1608"/><temp name="T1613"/><temp name="T452"/><temp name="T1588"/><temp name="T1660"/><temp name="T1665"/><temp name="T1596"/><temp name="T1619"/><temp name="T456"/><temp name="T1603"/><temp name="T1576"/><temp name="T1654"/><temp name="T1561"/><temp name="T1565"/></temps></instruction><instruction code="OR T457, T1571, 0"><temps name="use"><temp name="T1571"/></temps><temps name="def"><temp name="T457"/></temps><temps name="in"><temp name="T1592"/><temp name="T22"/><temp name="T1556"/><temp name="T1650"/><temp name="T1581"/><temp name="T1571"/><temp name="T1569"/><temp name="T1608"/><temp name="T1613"/><temp name="T452"/><temp name="T1588"/><temp name="T1660"/><temp name="T1665"/><temp name="T1596"/><temp name="T1619"/><temp name="T456"/><temp name="T1603"/><temp name="T1576"/><temp name="T1654"/><temp name="T1561"/><temp name="T1565"/></temps><temps name="out"><temp name="T1592"/><temp name="T22"/><temp name="T1556"/><temp name="T1650"/><temp name="T1581"/><temp name="T1569"/><temp name="T1608"/><temp name="T1613"/><temp name="T452"/><temp name="T1588"/><temp name="T1660"/><temp name="T1665"/><temp name="T457"/><temp name="T1596"/><temp name="T1619"/><temp name="T456"/><temp name="T1603"/><temp name="T1576"/><temp name="T1654"/><temp name="T1561"/><temp name="T1565"/></temps></instruction><instruction code="MUL T1572, T456, T457"><temps name="use"><temp name="T456"/><temp name="T457"/></temps><temps name="def"><temp name="T1572"/></temps><temps name="in"><temp name="T1592"/><temp name="T22"/><temp name="T1556"/><temp name="T1650"/><temp name="T1581"/><temp name="T1569"/><temp name="T1608"/><temp name="T1613"/><temp name="T452"/><temp name="T1588"/><temp name="T1660"/><temp name="T1665"/><temp name="T457"/><temp name="T1596"/><temp name="T1619"/><temp name="T456"/><temp name="T1603"/><temp name="T1576"/><temp name="T1654"/><temp name="T1561"/><temp name="T1565"/></temps><temps name="out"><temp name="T1592"/><temp name="T22"/><temp name="T1556"/><temp name="T1650"/><temp name="T1581"/><temp name="T1569"/><temp name="T1608"/><temp name="T1613"/><temp name="T452"/><temp name="T1588"/><temp name="T1660"/><temp name="T1665"/><temp name="T1596"/><temp name="T1619"/><temp name="T1572"/><temp name="T1603"/><temp name="T1576"/><temp name="T1654"/><temp name="T1561"/><temp name="T1565"/></temps></instruction><instruction code="OR T458, T1572, 0"><temps name="use"><temp name="T1572"/></temps><temps name="def"><temp name="T458"/></temps><temps name="in"><temp name="T1592"/><temp name="T22"/><temp name="T1556"/><temp name="T1650"/><temp name="T1581"/><temp name="T1569"/><temp name="T1608"/><temp name="T1613"/><temp name="T452"/><temp name="T1588"/><temp name="T1660"/><temp name="T1665"/><temp name="T1596"/><temp name="T1619"/><temp name="T1572"/><temp name="T1603"/><temp name="T1576"/><temp name="T1654"/><temp name="T1561"/><temp name="T1565"/></temps><temps name="out"><temp name="T1592"/><temp name="T22"/><temp name="T1556"/><temp name="T1650"/><temp name="T1581"/><temp name="T1569"/><temp name="T458"/><temp name="T1608"/><temp name="T1613"/><temp name="T452"/><temp name="T1588"/><temp name="T1660"/><temp name="T1665"/><temp name="T1596"/><temp name="T1619"/><temp name="T1603"/><temp name="T1576"/><temp name="T1654"/><temp name="T1561"/><temp name="T1565"/></temps></instruction><instruction code="ADD T1573, T452, T458"><temps name="use"><temp name="T452"/><temp name="T458"/></temps><temps name="def"><temp name="T1573"/></temps><temps name="in"><temp name="T1592"/><temp name="T22"/><temp name="T1556"/><temp name="T1650"/><temp name="T1581"/><temp name="T1569"/><temp name="T458"/><temp name="T1608"/><temp name="T1613"/><temp name="T452"/><temp name="T1588"/><temp name="T1660"/><temp name="T1665"/><temp name="T1596"/><temp name="T1619"/><temp name="T1603"/><temp name="T1576"/><temp name="T1654"/><temp name="T1561"/><temp name="T1565"/></temps><temps name="out"><temp name="T1592"/><temp name="T22"/><temp name="T1556"/><temp name="T1650"/><temp name="T1581"/><temp name="T1569"/><temp name="T1608"/><temp name="T1613"/><temp name="T1588"/><temp name="T1660"/><temp name="T1665"/><temp name="T1596"/><temp name="T1619"/><temp name="T1603"/><temp name="T1576"/><temp name="T1573"/><temp name="T1654"/><temp name="T1561"/><temp name="T1565"/></temps></instruction><instruction code="OR T459, T1573, 0"><temps name="use"><temp name="T1573"/></temps><temps name="def"><temp name="T459"/></temps><temps name="in"><temp name="T1592"/><temp name="T22"/><temp name="T1556"/><temp name="T1650"/><temp name="T1581"/><temp name="T1569"/><temp name="T1608"/><temp name="T1613"/><temp name="T1588"/><temp name="T1660"/><temp name="T1665"/><temp name="T1596"/><temp name="T1619"/><temp name="T1603"/><temp name="T1576"/><temp name="T1573"/><temp name="T1654"/><temp name="T1561"/><temp name="T1565"/></temps><temps name="out"><temp name="T1592"/><temp name="T459"/><temp name="T22"/><temp name="T1556"/><temp name="T1650"/><temp name="T1581"/><temp name="T1569"/><temp name="T1608"/><temp name="T1613"/><temp name="T1588"/><temp name="T1660"/><temp name="T1665"/><temp name="T1596"/><temp name="T1619"/><temp name="T1603"/><temp name="T1576"/><temp name="T1654"/><temp name="T1561"/><temp name="T1565"/></temps></instruction><instruction code="OR T460, T22, 0"><temps name="use"><temp name="T22"/></temps><temps name="def"><temp name="T460"/></temps><temps name="in"><temp name="T1592"/><temp name="T459"/><temp name="T22"/><temp name="T1556"/><temp name="T1650"/><temp name="T1581"/><temp name="T1569"/><temp name="T1608"/><temp name="T1613"/><temp name="T1588"/><temp name="T1660"/><temp name="T1665"/><temp name="T1596"/><temp name="T1619"/><temp name="T1603"/><temp name="T1576"/><temp name="T1654"/><temp name="T1561"/><temp name="T1565"/></temps><temps name="out"><temp name="T1592"/><temp name="T459"/><temp name="T22"/><temp name="T1556"/><temp name="T1650"/><temp name="T1581"/><temp name="T1569"/><temp name="T1608"/><temp name="T1613"/><temp name="T1588"/><temp name="T1660"/><temp name="T1665"/><temp name="T1596"/><temp name="T1619"/><temp name="T460"/><temp name="T1603"/><temp name="T1576"/><temp name="T1654"/><temp name="T1561"/><temp name="T1565"/></temps></instruction><instruction code="SETL  T1574, 88"><temps name="use"/><temps name="def"><temp name="T1574"/></temps><temps name="in"><temp name="T1592"/><temp name="T459"/><temp name="T22"/><temp name="T1556"/><temp name="T1650"/><temp name="T1581"/><temp name="T1569"/><temp name="T1608"/><temp name="T1613"/><temp name="T1588"/><temp name="T1660"/><temp name="T1665"/><temp name="T1596"/><temp name="T1619"/><temp name="T460"/><temp name="T1603"/><temp name="T1576"/><temp name="T1654"/><temp name="T1561"/><temp name="T1565"/></temps><temps name="out"><temp name="T1592"/><temp name="T459"/><temp name="T22"/><temp name="T1556"/><temp name="T1650"/><temp name="T1581"/><temp name="T1569"/><temp name="T1608"/><temp name="T1613"/><temp name="T1588"/><temp name="T1660"/><temp name="T1665"/><temp name="T1596"/><temp name="T1619"/><temp name="T460"/><temp name="T1603"/><temp name="T1576"/><temp name="T1654"/><temp name="T1561"/><temp name="T1565"/></temps></instruction><instruction code="INCML T1574, 0"><temps name="use"/><temps name="def"><temp name="T1574"/></temps><temps name="in"><temp name="T1592"/><temp name="T459"/><temp name="T22"/><temp name="T1556"/><temp name="T1650"/><temp name="T1581"/><temp name="T1569"/><temp name="T1608"/><temp name="T1613"/><temp name="T1588"/><temp name="T1660"/><temp name="T1665"/><temp name="T1596"/><temp name="T1619"/><temp name="T460"/><temp name="T1603"/><temp name="T1576"/><temp name="T1654"/><temp name="T1561"/><temp name="T1565"/></temps><temps name="out"><temp name="T1592"/><temp name="T459"/><temp name="T22"/><temp name="T1556"/><temp name="T1650"/><temp name="T1581"/><temp name="T1569"/><temp name="T1608"/><temp name="T1613"/><temp name="T1588"/><temp name="T1660"/><temp name="T1665"/><temp name="T1596"/><temp name="T1619"/><temp name="T460"/><temp name="T1603"/><temp name="T1576"/><temp name="T1654"/><temp name="T1561"/><temp name="T1565"/></temps></instruction><instruction code="INCMH T1574, 0"><temps name="use"/><temps name="def"><temp name="T1574"/></temps><temps name="in"><temp name="T1592"/><temp name="T459"/><temp name="T22"/><temp name="T1556"/><temp name="T1650"/><temp name="T1581"/><temp name="T1569"/><temp name="T1608"/><temp name="T1613"/><temp name="T1588"/><temp name="T1660"/><temp name="T1665"/><temp name="T1596"/><temp name="T1619"/><temp name="T460"/><temp name="T1603"/><temp name="T1576"/><temp name="T1654"/><temp name="T1561"/><temp name="T1565"/></temps><temps name="out"><temp name="T1592"/><temp name="T459"/><temp name="T22"/><temp name="T1556"/><temp name="T1650"/><temp name="T1581"/><temp name="T1569"/><temp name="T1608"/><temp name="T1613"/><temp name="T1588"/><temp name="T1660"/><temp name="T1665"/><temp name="T1596"/><temp name="T1619"/><temp name="T460"/><temp name="T1603"/><temp name="T1576"/><temp name="T1654"/><temp name="T1561"/><temp name="T1565"/></temps></instruction><instruction code="INCH  T1574, 0"><temps name="use"/><temps name="def"><temp name="T1574"/></temps><temps name="in"><temp name="T1592"/><temp name="T459"/><temp name="T22"/><temp name="T1556"/><temp name="T1650"/><temp name="T1581"/><temp name="T1569"/><temp name="T1608"/><temp name="T1613"/><temp name="T1588"/><temp name="T1660"/><temp name="T1665"/><temp name="T1596"/><temp name="T1619"/><temp name="T460"/><temp name="T1603"/><temp name="T1576"/><temp name="T1654"/><temp name="T1561"/><temp name="T1565"/></temps><temps name="out"><temp name="T1592"/><temp name="T459"/><temp name="T22"/><temp name="T1556"/><temp name="T1650"/><temp name="T1581"/><temp name="T1569"/><temp name="T1574"/><temp name="T1608"/><temp name="T1613"/><temp name="T1588"/><temp name="T1660"/><temp name="T1665"/><temp name="T1596"/><temp name="T1619"/><temp name="T460"/><temp name="T1603"/><temp name="T1576"/><temp name="T1654"/><temp name="T1561"/><temp name="T1565"/></temps></instruction><instruction code="NEG T1574, 0, T1574"><temps name="use"><temp name="T1574"/></temps><temps name="def"><temp name="T1574"/></temps><temps name="in"><temp name="T1592"/><temp name="T459"/><temp name="T22"/><temp name="T1556"/><temp name="T1650"/><temp name="T1581"/><temp name="T1569"/><temp name="T1574"/><temp name="T1608"/><temp name="T1613"/><temp name="T1588"/><temp name="T1660"/><temp name="T1665"/><temp name="T1596"/><temp name="T1619"/><temp name="T460"/><temp name="T1603"/><temp name="T1576"/><temp name="T1654"/><temp name="T1561"/><temp name="T1565"/></temps><temps name="out"><temp name="T1592"/><temp name="T459"/><temp name="T22"/><temp name="T1556"/><temp name="T1650"/><temp name="T1581"/><temp name="T1569"/><temp name="T1574"/><temp name="T1608"/><temp name="T1613"/><temp name="T1588"/><temp name="T1660"/><temp name="T1665"/><temp name="T1596"/><temp name="T1619"/><temp name="T460"/><temp name="T1603"/><temp name="T1576"/><temp name="T1654"/><temp name="T1561"/><temp name="T1565"/></temps></instruction><instruction code="OR T461, T1574, 0"><temps name="use"><temp name="T1574"/></temps><temps name="def"><temp name="T461"/></temps><temps name="in"><temp name="T1592"/><temp name="T459"/><temp name="T22"/><temp name="T1556"/><temp name="T1650"/><temp name="T1581"/><temp name="T1569"/><temp name="T1574"/><temp name="T1608"/><temp name="T1613"/><temp name="T1588"/><temp name="T1660"/><temp name="T1665"/><temp name="T1596"/><temp name="T1619"/><temp name="T460"/><temp name="T1603"/><temp name="T1576"/><temp name="T1654"/><temp name="T1561"/><temp name="T1565"/></temps><temps name="out"><temp name="T1592"/><temp name="T459"/><temp name="T461"/><temp name="T22"/><temp name="T1556"/><temp name="T1650"/><temp name="T1581"/><temp name="T1569"/><temp name="T1608"/><temp name="T1613"/><temp name="T1588"/><temp name="T1660"/><temp name="T1665"/><temp name="T1596"/><temp name="T1619"/><temp name="T460"/><temp name="T1603"/><temp name="T1576"/><temp name="T1654"/><temp name="T1561"/><temp name="T1565"/></temps></instruction><instruction code="ADD T1575, T460, T461"><temps name="use"><temp name="T460"/><temp name="T461"/></temps><temps name="def"><temp name="T1575"/></temps><temps name="in"><temp name="T1592"/><temp name="T459"/><temp name="T461"/><temp name="T22"/><temp name="T1556"/><temp name="T1650"/><temp name="T1581"/><temp name="T1569"/><temp name="T1608"/><temp name="T1613"/><temp name="T1588"/><temp name="T1660"/><temp name="T1665"/><temp name="T1596"/><temp name="T1619"/><temp name="T460"/><temp name="T1603"/><temp name="T1576"/><temp name="T1654"/><temp name="T1561"/><temp name="T1565"/></temps><temps name="out"><temp name="T1592"/><temp name="T459"/><temp name="T22"/><temp name="T1556"/><temp name="T1650"/><temp name="T1581"/><temp name="T1569"/><temp name="T1608"/><temp name="T1613"/><temp name="T1575"/><temp name="T1588"/><temp name="T1660"/><temp name="T1665"/><temp name="T1596"/><temp name="T1619"/><temp name="T1603"/><temp name="T1576"/><temp name="T1654"/><temp name="T1561"/><temp name="T1565"/></temps></instruction><instruction code="OR T462, T1575, 0"><temps name="use"><temp name="T1575"/></temps><temps name="def"><temp name="T462"/></temps><temps name="in"><temp name="T1592"/><temp name="T459"/><temp name="T22"/><temp name="T1556"/><temp name="T1650"/><temp name="T1581"/><temp name="T1569"/><temp name="T1608"/><temp name="T1613"/><temp name="T1575"/><temp name="T1588"/><temp name="T1660"/><temp name="T1665"/><temp name="T1596"/><temp name="T1619"/><temp name="T1603"/><temp name="T1576"/><temp name="T1654"/><temp name="T1561"/><temp name="T1565"/></temps><temps name="out"><temp name="T1592"/><temp name="T459"/><temp name="T22"/><temp name="T1556"/><temp name="T1650"/><temp name="T1581"/><temp name="T1569"/><temp name="T1608"/><temp name="T1613"/><temp name="T1588"/><temp name="T1660"/><temp name="T1665"/><temp name="T1596"/><temp name="T1619"/><temp name="T1603"/><temp name="T1576"/><temp name="T1654"/><temp name="T1561"/><temp name="T1565"/></temps></instruction><instruction code="LDO T1577, T1576, 0"><temps name="use"><temp name="T1576"/></temps><temps name="def"><temp name="T1577"/></temps><temps name="in"><temp name="T1592"/><temp name="T459"/><temp name="T22"/><temp name="T1556"/><temp name="T1650"/><temp name="T1581"/><temp name="T1569"/><temp name="T1608"/><temp name="T1613"/><temp name="T1588"/><temp name="T1660"/><temp name="T1665"/><temp name="T1596"/><temp name="T1619"/><temp name="T1603"/><temp name="T1576"/><temp name="T1654"/><temp name="T1561"/><temp name="T1565"/></temps><temps name="out"><temp name="T1577"/><temp name="T1592"/><temp name="T459"/><temp name="T22"/><temp name="T1556"/><temp name="T1650"/><temp name="T1581"/><temp name="T1569"/><temp name="T1608"/><temp name="T1613"/><temp name="T1588"/><temp name="T1660"/><temp name="T1665"/><temp name="T1596"/><temp name="T1619"/><temp name="T1603"/><temp name="T1576"/><temp name="T1654"/><temp name="T1561"/><temp name="T1565"/></temps></instruction><instruction code="OR T463, T1577, 0"><temps name="use"><temp name="T1577"/></temps><temps name="def"><temp name="T463"/></temps><temps name="in"><temp name="T1577"/><temp name="T1592"/><temp name="T459"/><temp name="T22"/><temp name="T1556"/><temp name="T1650"/><temp name="T1581"/><temp name="T1569"/><temp name="T1608"/><temp name="T1613"/><temp name="T1588"/><temp name="T1660"/><temp name="T1665"/><temp name="T1596"/><temp name="T1619"/><temp name="T1603"/><temp name="T1576"/><temp name="T1654"/><temp name="T1561"/><temp name="T1565"/></temps><temps name="out"><temp name="T1592"/><temp name="T459"/><temp name="T22"/><temp name="T1556"/><temp name="T1650"/><temp name="T463"/><temp name="T1581"/><temp name="T1569"/><temp name="T1608"/><temp name="T1613"/><temp name="T1588"/><temp name="T1660"/><temp name="T1665"/><temp name="T1596"/><temp name="T1619"/><temp name="T1603"/><temp name="T1576"/><temp name="T1654"/><temp name="T1561"/><temp name="T1565"/></temps></instruction><instruction code="SETL  T1578, 8"><temps name="use"/><temps name="def"><temp name="T1578"/></temps><temps name="in"><temp name="T1592"/><temp name="T459"/><temp name="T22"/><temp name="T1556"/><temp name="T1650"/><temp name="T463"/><temp name="T1581"/><temp name="T1569"/><temp name="T1608"/><temp name="T1613"/><temp name="T1588"/><temp name="T1660"/><temp name="T1665"/><temp name="T1596"/><temp name="T1619"/><temp name="T1603"/><temp name="T1576"/><temp name="T1654"/><temp name="T1561"/><temp name="T1565"/></temps><temps name="out"><temp name="T1592"/><temp name="T459"/><temp name="T22"/><temp name="T1556"/><temp name="T1650"/><temp name="T463"/><temp name="T1581"/><temp name="T1569"/><temp name="T1608"/><temp name="T1613"/><temp name="T1588"/><temp name="T1660"/><temp name="T1665"/><temp name="T1596"/><temp name="T1619"/><temp name="T1603"/><temp name="T1576"/><temp name="T1654"/><temp name="T1561"/><temp name="T1565"/></temps></instruction><instruction code="INCML T1578, 0"><temps name="use"/><temps name="def"><temp name="T1578"/></temps><temps name="in"><temp name="T1592"/><temp name="T459"/><temp name="T22"/><temp name="T1556"/><temp name="T1650"/><temp name="T463"/><temp name="T1581"/><temp name="T1569"/><temp name="T1608"/><temp name="T1613"/><temp name="T1588"/><temp name="T1660"/><temp name="T1665"/><temp name="T1596"/><temp name="T1619"/><temp name="T1603"/><temp name="T1576"/><temp name="T1654"/><temp name="T1561"/><temp name="T1565"/></temps><temps name="out"><temp name="T1592"/><temp name="T459"/><temp name="T22"/><temp name="T1556"/><temp name="T1650"/><temp name="T463"/><temp name="T1581"/><temp name="T1569"/><temp name="T1608"/><temp name="T1613"/><temp name="T1588"/><temp name="T1660"/><temp name="T1665"/><temp name="T1596"/><temp name="T1619"/><temp name="T1603"/><temp name="T1576"/><temp name="T1654"/><temp name="T1561"/><temp name="T1565"/></temps></instruction><instruction code="INCMH T1578, 0"><temps name="use"/><temps name="def"><temp name="T1578"/></temps><temps name="in"><temp name="T1592"/><temp name="T459"/><temp name="T22"/><temp name="T1556"/><temp name="T1650"/><temp name="T463"/><temp name="T1581"/><temp name="T1569"/><temp name="T1608"/><temp name="T1613"/><temp name="T1588"/><temp name="T1660"/><temp name="T1665"/><temp name="T1596"/><temp name="T1619"/><temp name="T1603"/><temp name="T1576"/><temp name="T1654"/><temp name="T1561"/><temp name="T1565"/></temps><temps name="out"><temp name="T1592"/><temp name="T459"/><temp name="T22"/><temp name="T1556"/><temp name="T1650"/><temp name="T463"/><temp name="T1581"/><temp name="T1569"/><temp name="T1608"/><temp name="T1613"/><temp name="T1588"/><temp name="T1660"/><temp name="T1665"/><temp name="T1596"/><temp name="T1619"/><temp name="T1603"/><temp name="T1576"/><temp name="T1654"/><temp name="T1561"/><temp name="T1565"/></temps></instruction><instruction code="INCH  T1578, 0"><temps name="use"/><temps name="def"><temp name="T1578"/></temps><temps name="in"><temp name="T1592"/><temp name="T459"/><temp name="T22"/><temp name="T1556"/><temp name="T1650"/><temp name="T463"/><temp name="T1581"/><temp name="T1569"/><temp name="T1608"/><temp name="T1613"/><temp name="T1588"/><temp name="T1660"/><temp name="T1665"/><temp name="T1596"/><temp name="T1619"/><temp name="T1603"/><temp name="T1576"/><temp name="T1654"/><temp name="T1561"/><temp name="T1565"/></temps><temps name="out"><temp name="T1592"/><temp name="T459"/><temp name="T22"/><temp name="T1556"/><temp name="T1650"/><temp name="T463"/><temp name="T1581"/><temp name="T1569"/><temp name="T1608"/><temp name="T1613"/><temp name="T1588"/><temp name="T1660"/><temp name="T1665"/><temp name="T1596"/><temp name="T1619"/><temp name="T1578"/><temp name="T1603"/><temp name="T1576"/><temp name="T1654"/><temp name="T1561"/><temp name="T1565"/></temps></instruction><instruction code="OR T464, T1578, 0"><temps name="use"><temp name="T1578"/></temps><temps name="def"><temp name="T464"/></temps><temps name="in"><temp name="T1592"/><temp name="T459"/><temp name="T22"/><temp name="T1556"/><temp name="T1650"/><temp name="T463"/><temp name="T1581"/><temp name="T1569"/><temp name="T1608"/><temp name="T1613"/><temp name="T1588"/><temp name="T1660"/><temp name="T1665"/><temp name="T1596"/><temp name="T1619"/><temp name="T1578"/><temp name="T1603"/><temp name="T1576"/><temp name="T1654"/><temp name="T1561"/><temp name="T1565"/></temps><temps name="out"><temp name="T464"/><temp name="T1592"/><temp name="T459"/><temp name="T22"/><temp name="T1556"/><temp name="T1650"/><temp name="T463"/><temp name="T1581"/><temp name="T1569"/><temp name="T1608"/><temp name="T1613"/><temp name="T1588"/><temp name="T1660"/><temp name="T1665"/><temp name="T1596"/><temp name="T1619"/><temp name="T1603"/><temp name="T1576"/><temp name="T1654"/><temp name="T1561"/><temp name="T1565"/></temps></instruction><instruction code="MUL T1579, T463, T464"><temps name="use"><temp name="T463"/><temp name="T464"/></temps><temps name="def"><temp name="T1579"/></temps><temps name="in"><temp name="T464"/><temp name="T1592"/><temp name="T459"/><temp name="T22"/><temp name="T1556"/><temp name="T1650"/><temp name="T463"/><temp name="T1581"/><temp name="T1569"/><temp name="T1608"/><temp name="T1613"/><temp name="T1588"/><temp name="T1660"/><temp name="T1665"/><temp name="T1596"/><temp name="T1619"/><temp name="T1603"/><temp name="T1576"/><temp name="T1654"/><temp name="T1561"/><temp name="T1565"/></temps><temps name="out"><temp name="T1592"/><temp name="T459"/><temp name="T22"/><temp name="T1556"/><temp name="T1650"/><temp name="T1581"/><temp name="T1569"/><temp name="T1608"/><temp name="T1613"/><temp name="T1588"/><temp name="T1660"/><temp name="T1665"/><temp name="T1596"/><temp name="T1619"/><temp name="T1603"/><temp name="T1576"/><temp name="T1654"/><temp name="T1561"/><temp name="T1565"/><temp name="T1579"/></temps></instruction><instruction code="OR T465, T1579, 0"><temps name="use"><temp name="T1579"/></temps><temps name="def"><temp name="T465"/></temps><temps name="in"><temp name="T1592"/><temp name="T459"/><temp name="T22"/><temp name="T1556"/><temp name="T1650"/><temp name="T1581"/><temp name="T1569"/><temp name="T1608"/><temp name="T1613"/><temp name="T1588"/><temp name="T1660"/><temp name="T1665"/><temp name="T1596"/><temp name="T1619"/><temp name="T1603"/><temp name="T1576"/><temp name="T1654"/><temp name="T1561"/><temp name="T1565"/><temp name="T1579"/></temps><temps name="out"><temp name="T1592"/><temp name="T459"/><temp name="T22"/><temp name="T1556"/><temp name="T1650"/><temp name="T465"/><temp name="T1581"/><temp name="T1569"/><temp name="T1608"/><temp name="T1613"/><temp name="T1588"/><temp name="T1660"/><temp name="T1665"/><temp name="T1596"/><temp name="T1619"/><temp name="T1603"/><temp name="T1576"/><temp name="T1654"/><temp name="T1561"/><temp name="T1565"/></temps></instruction><instruction code="ADD T1580, T459, T465"><temps name="use"><temp name="T459"/><temp name="T465"/></temps><temps name="def"><temp name="T1580"/></temps><temps name="in"><temp name="T1592"/><temp name="T459"/><temp name="T22"/><temp name="T1556"/><temp name="T1650"/><temp name="T465"/><temp name="T1581"/><temp name="T1569"/><temp name="T1608"/><temp name="T1613"/><temp name="T1588"/><temp name="T1660"/><temp name="T1665"/><temp name="T1596"/><temp name="T1619"/><temp name="T1603"/><temp name="T1576"/><temp name="T1654"/><temp name="T1561"/><temp name="T1565"/></temps><temps name="out"><temp name="T1592"/><temp name="T22"/><temp name="T1556"/><temp name="T1650"/><temp name="T1581"/><temp name="T1569"/><temp name="T1580"/><temp name="T1608"/><temp name="T1613"/><temp name="T1588"/><temp name="T1660"/><temp name="T1665"/><temp name="T1596"/><temp name="T1619"/><temp name="T1603"/><temp name="T1576"/><temp name="T1654"/><temp name="T1561"/><temp name="T1565"/></temps></instruction><instruction code="OR T466, T1580, 0"><temps name="use"><temp name="T1580"/></temps><temps name="def"><temp name="T466"/></temps><temps name="in"><temp name="T1592"/><temp name="T22"/><temp name="T1556"/><temp name="T1650"/><temp name="T1581"/><temp name="T1569"/><temp name="T1580"/><temp name="T1608"/><temp name="T1613"/><temp name="T1588"/><temp name="T1660"/><temp name="T1665"/><temp name="T1596"/><temp name="T1619"/><temp name="T1603"/><temp name="T1576"/><temp name="T1654"/><temp name="T1561"/><temp name="T1565"/></temps><temps name="out"><temp name="T1592"/><temp name="T22"/><temp name="T1556"/><temp name="T1650"/><temp name="T1581"/><temp name="T1569"/><temp name="T1608"/><temp name="T1613"/><temp name="T1588"/><temp name="T1660"/><temp name="T1665"/><temp name="T1596"/><temp name="T1619"/><temp name="T1603"/><temp name="T1576"/><temp name="T1654"/><temp name="T1561"/><temp name="T1565"/></temps></instruction><instruction code="LDO T1582, T1581, 0"><temps name="use"><temp name="T1581"/></temps><temps name="def"><temp name="T1582"/></temps><temps name="in"><temp name="T1592"/><temp name="T22"/><temp name="T1556"/><temp name="T1650"/><temp name="T1581"/><temp name="T1569"/><temp name="T1608"/><temp name="T1613"/><temp name="T1588"/><temp name="T1660"/><temp name="T1665"/><temp name="T1596"/><temp name="T1619"/><temp name="T1603"/><temp name="T1576"/><temp name="T1654"/><temp name="T1561"/><temp name="T1565"/></temps><temps name="out"><temp name="T1592"/><temp name="T22"/><temp name="T1556"/><temp name="T1650"/><temp name="T1581"/><temp name="T1569"/><temp name="T1608"/><temp name="T1613"/><temp name="T1588"/><temp name="T1660"/><temp name="T1582"/><temp name="T1665"/><temp name="T1596"/><temp name="T1619"/><temp name="T1603"/><temp name="T1576"/><temp name="T1654"/><temp name="T1561"/><temp name="T1565"/></temps></instruction><instruction code="OR T467, T1582, 0"><temps name="use"><temp name="T1582"/></temps><temps name="def"><temp name="T467"/></temps><temps name="in"><temp name="T1592"/><temp name="T22"/><temp name="T1556"/><temp name="T1650"/><temp name="T1581"/><temp name="T1569"/><temp name="T1608"/><temp name="T1613"/><temp name="T1588"/><temp name="T1660"/><temp name="T1582"/><temp name="T1665"/><temp name="T1596"/><temp name="T1619"/><temp name="T1603"/><temp name="T1576"/><temp name="T1654"/><temp name="T1561"/><temp name="T1565"/></temps><temps name="out"><temp name="T1592"/><temp name="T22"/><temp name="T1556"/><temp name="T1650"/><temp name="T1581"/><temp name="T1569"/><temp name="T1608"/><temp name="T1613"/><temp name="T1588"/><temp name="T1660"/><temp name="T1665"/><temp name="T1596"/><temp name="T1619"/><temp name="T1603"/><temp name="T1576"/><temp name="T1654"/><temp name="T1561"/><temp name="T1565"/><temp name="T467"/></temps></instruction><instruction code="SETL  T1583, 0"><temps name="use"/><temps name="def"><temp name="T1583"/></temps><temps name="in"><temp name="T1592"/><temp name="T22"/><temp name="T1556"/><temp name="T1650"/><temp name="T1581"/><temp name="T1569"/><temp name="T1608"/><temp name="T1613"/><temp name="T1588"/><temp name="T1660"/><temp name="T1665"/><temp name="T1596"/><temp name="T1619"/><temp name="T1603"/><temp name="T1576"/><temp name="T1654"/><temp name="T1561"/><temp name="T1565"/><temp name="T467"/></temps><temps name="out"><temp name="T1592"/><temp name="T22"/><temp name="T1556"/><temp name="T1650"/><temp name="T1581"/><temp name="T1569"/><temp name="T1608"/><temp name="T1613"/><temp name="T1588"/><temp name="T1660"/><temp name="T1665"/><temp name="T1596"/><temp name="T1619"/><temp name="T1603"/><temp name="T1576"/><temp name="T1654"/><temp name="T1561"/><temp name="T1565"/><temp name="T467"/></temps></instruction><instruction code="INCML T1583, 0"><temps name="use"/><temps name="def"><temp name="T1583"/></temps><temps name="in"><temp name="T1592"/><temp name="T22"/><temp name="T1556"/><temp name="T1650"/><temp name="T1581"/><temp name="T1569"/><temp name="T1608"/><temp name="T1613"/><temp name="T1588"/><temp name="T1660"/><temp name="T1665"/><temp name="T1596"/><temp name="T1619"/><temp name="T1603"/><temp name="T1576"/><temp name="T1654"/><temp name="T1561"/><temp name="T1565"/><temp name="T467"/></temps><temps name="out"><temp name="T1592"/><temp name="T22"/><temp name="T1556"/><temp name="T1650"/><temp name="T1581"/><temp name="T1569"/><temp name="T1608"/><temp name="T1613"/><temp name="T1588"/><temp name="T1660"/><temp name="T1665"/><temp name="T1596"/><temp name="T1619"/><temp name="T1603"/><temp name="T1576"/><temp name="T1654"/><temp name="T1561"/><temp name="T1565"/><temp name="T467"/></temps></instruction><instruction code="INCMH T1583, 0"><temps name="use"/><temps name="def"><temp name="T1583"/></temps><temps name="in"><temp name="T1592"/><temp name="T22"/><temp name="T1556"/><temp name="T1650"/><temp name="T1581"/><temp name="T1569"/><temp name="T1608"/><temp name="T1613"/><temp name="T1588"/><temp name="T1660"/><temp name="T1665"/><temp name="T1596"/><temp name="T1619"/><temp name="T1603"/><temp name="T1576"/><temp name="T1654"/><temp name="T1561"/><temp name="T1565"/><temp name="T467"/></temps><temps name="out"><temp name="T1592"/><temp name="T22"/><temp name="T1556"/><temp name="T1650"/><temp name="T1581"/><temp name="T1569"/><temp name="T1608"/><temp name="T1613"/><temp name="T1588"/><temp name="T1660"/><temp name="T1665"/><temp name="T1596"/><temp name="T1619"/><temp name="T1603"/><temp name="T1576"/><temp name="T1654"/><temp name="T1561"/><temp name="T1565"/><temp name="T467"/></temps></instruction><instruction code="INCH  T1583, 0"><temps name="use"/><temps name="def"><temp name="T1583"/></temps><temps name="in"><temp name="T1592"/><temp name="T22"/><temp name="T1556"/><temp name="T1650"/><temp name="T1581"/><temp name="T1569"/><temp name="T1608"/><temp name="T1613"/><temp name="T1588"/><temp name="T1660"/><temp name="T1665"/><temp name="T1596"/><temp name="T1619"/><temp name="T1603"/><temp name="T1576"/><temp name="T1654"/><temp name="T1561"/><temp name="T1565"/><temp name="T467"/></temps><temps name="out"><temp name="T1592"/><temp name="T1583"/><temp name="T22"/><temp name="T1556"/><temp name="T1650"/><temp name="T1581"/><temp name="T1569"/><temp name="T1608"/><temp name="T1613"/><temp name="T1588"/><temp name="T1660"/><temp name="T1665"/><temp name="T1596"/><temp name="T1619"/><temp name="T1603"/><temp name="T1576"/><temp name="T1654"/><temp name="T1561"/><temp name="T1565"/><temp name="T467"/></temps></instruction><instruction code="OR T468, T1583, 0"><temps name="use"><temp name="T1583"/></temps><temps name="def"><temp name="T468"/></temps><temps name="in"><temp name="T1592"/><temp name="T1583"/><temp name="T22"/><temp name="T1556"/><temp name="T1650"/><temp name="T1581"/><temp name="T1569"/><temp name="T1608"/><temp name="T1613"/><temp name="T1588"/><temp name="T1660"/><temp name="T1665"/><temp name="T1596"/><temp name="T1619"/><temp name="T1603"/><temp name="T1576"/><temp name="T1654"/><temp name="T1561"/><temp name="T1565"/><temp name="T467"/></temps><temps name="out"><temp name="T1592"/><temp name="T22"/><temp name="T1556"/><temp name="T468"/><temp name="T1650"/><temp name="T1581"/><temp name="T1569"/><temp name="T1608"/><temp name="T1613"/><temp name="T1588"/><temp name="T1660"/><temp name="T1665"/><temp name="T1596"/><temp name="T1619"/><temp name="T1603"/><temp name="T1576"/><temp name="T1654"/><temp name="T1561"/><temp name="T1565"/><temp name="T467"/></temps></instruction><instruction code="CMP T1584, T467, T468"><temps name="use"><temp name="T467"/><temp name="T468"/></temps><temps name="def"><temp name="T1584"/></temps><temps name="in"><temp name="T1592"/><temp name="T22"/><temp name="T1556"/><temp name="T468"/><temp name="T1650"/><temp name="T1581"/><temp name="T1569"/><temp name="T1608"/><temp name="T1613"/><temp name="T1588"/><temp name="T1660"/><temp name="T1665"/><temp name="T1596"/><temp name="T1619"/><temp name="T1603"/><temp name="T1576"/><temp name="T1654"/><temp name="T1561"/><temp name="T1565"/><temp name="T467"/></temps><temps name="out"><temp name="T1592"/><temp name="T22"/><temp name="T1556"/><temp name="T1650"/><temp name="T1581"/><temp name="T1569"/><temp name="T1608"/><temp name="T1613"/><temp name="T1584"/><temp name="T1588"/><temp name="T1660"/><temp name="T1665"/><temp name="T1596"/><temp name="T1619"/><temp name="T1603"/><temp name="T1576"/><temp name="T1654"/><temp name="T1561"/><temp name="T1565"/></temps></instruction><instruction code="ZSNZ T1584, T1584, 1"><temps name="use"><temp name="T1584"/></temps><temps name="def"><temp name="T1584"/></temps><temps name="in"><temp name="T1592"/><temp name="T22"/><temp name="T1556"/><temp name="T1650"/><temp name="T1581"/><temp name="T1569"/><temp name="T1608"/><temp name="T1613"/><temp name="T1584"/><temp name="T1588"/><temp name="T1660"/><temp name="T1665"/><temp name="T1596"/><temp name="T1619"/><temp name="T1603"/><temp name="T1576"/><temp name="T1654"/><temp name="T1561"/><temp name="T1565"/></temps><temps name="out"><temp name="T1592"/><temp name="T22"/><temp name="T1556"/><temp name="T1650"/><temp name="T1581"/><temp name="T1569"/><temp name="T1608"/><temp name="T1613"/><temp name="T1584"/><temp name="T1588"/><temp name="T1660"/><temp name="T1665"/><temp name="T1596"/><temp name="T1619"/><temp name="T1603"/><temp name="T1576"/><temp name="T1654"/><temp name="T1561"/><temp name="T1565"/></temps></instruction><instruction code="OR T469, T1584, 0"><temps name="use"><temp name="T1584"/></temps><temps name="def"><temp name="T469"/></temps><temps name="in"><temp name="T1592"/><temp name="T22"/><temp name="T1556"/><temp name="T1650"/><temp name="T1581"/><temp name="T1569"/><temp name="T1608"/><temp name="T1613"/><temp name="T1584"/><temp name="T1588"/><temp name="T1660"/><temp name="T1665"/><temp name="T1596"/><temp name="T1619"/><temp name="T1603"/><temp name="T1576"/><temp name="T1654"/><temp name="T1561"/><temp name="T1565"/></temps><temps name="out"><temp name="T1592"/><temp name="T22"/><temp name="T1556"/><temp name="T1650"/><temp name="T1581"/><temp name="T1569"/><temp name="T1608"/><temp name="T1613"/><temp name="T1588"/><temp name="T1660"/><temp name="T1665"/><temp name="T1596"/><temp name="T1619"/><temp name="T469"/><temp name="T1603"/><temp name="T1576"/><temp name="T1654"/><temp name="T1561"/><temp name="T1565"/></temps></instruction><instruction code="BNZ T469, L56"><temps name="use"><temp name="T469"/></temps><temps name="def"/><temps name="in"><temp name="T1592"/><temp name="T22"/><temp name="T1556"/><temp name="T1650"/><temp name="T1581"/><temp name="T1569"/><temp name="T1608"/><temp name="T1613"/><temp name="T1588"/><temp name="T1660"/><temp name="T1665"/><temp name="T1596"/><temp name="T1619"/><temp name="T469"/><temp name="T1603"/><temp name="T1576"/><temp name="T1654"/><temp name="T1561"/><temp name="T1565"/></temps><temps name="out"><temp name="T1592"/><temp name="T22"/><temp name="T1556"/><temp name="T1650"/><temp name="T1581"/><temp name="T1569"/><temp name="T1608"/><temp name="T1613"/><temp name="T1588"/><temp name="T1660"/><temp name="T1665"/><temp name="T1596"/><temp name="T1619"/><temp name="T1603"/><temp name="T1576"/><temp name="T1654"/><temp name="T1561"/><temp name="T1565"/></temps></instruction><instruction code="L133"><temps name="use"/><temps name="def"/><temps name="in"><temp name="T1592"/><temp name="T22"/><temp name="T1556"/><temp name="T1650"/><temp name="T1581"/><temp name="T1569"/><temp name="T1608"/><temp name="T1613"/><temp name="T1588"/><temp name="T1660"/><temp name="T1665"/><temp name="T1596"/><temp name="T1619"/><temp name="T1603"/><temp name="T1576"/><temp name="T1654"/><temp name="T1561"/><temp name="T1565"/></temps><temps name="out"><temp name="T1592"/><temp name="T22"/><temp name="T1556"/><temp name="T1650"/><temp name="T1581"/><temp name="T1569"/><temp name="T1608"/><temp name="T1613"/><temp name="T1588"/><temp name="T1660"/><temp name="T1665"/><temp name="T1596"/><temp name="T1619"/><temp name="T1603"/><temp name="T1576"/><temp name="T1654"/><temp name="T1561"/><temp name="T1565"/></temps></instruction><instruction code="LDA T1585, L57"><temps name="use"/><temps name="def"><temp name="T1585"/></temps><temps name="in"><temp name="T1592"/><temp name="T22"/><temp name="T1556"/><temp name="T1650"/><temp name="T1581"/><temp name="T1569"/><temp name="T1608"/><temp name="T1613"/><temp name="T1588"/><temp name="T1660"/><temp name="T1665"/><temp name="T1596"/><temp name="T1619"/><temp name="T1603"/><temp name="T1576"/><temp name="T1654"/><temp name="T1561"/><temp name="T1565"/></temps><temps name="out"><temp name="T1592"/><temp name="T22"/><temp name="T1556"/><temp name="T1650"/><temp name="T1581"/><temp name="T1569"/><temp name="T1608"/><temp name="T1613"/><temp name="T1588"/><temp name="T1660"/><temp name="T1665"/><temp name="T1596"/><temp name="T1585"/><temp name="T1619"/><temp name="T1603"/><temp name="T1576"/><temp name="T1654"/><temp name="T1561"/><temp name="T1565"/></temps></instruction><instruction code="GO T1585, T1585, 0"><temps name="use"><temp name="T1585"/></temps><temps name="def"><temp name="T1585"/></temps><temps name="in"><temp name="T1592"/><temp name="T22"/><temp name="T1556"/><temp name="T1650"/><temp name="T1581"/><temp name="T1569"/><temp name="T1608"/><temp name="T1613"/><temp name="T1588"/><temp name="T1660"/><temp name="T1665"/><temp name="T1596"/><temp name="T1585"/><temp name="T1619"/><temp name="T1603"/><temp name="T1576"/><temp name="T1654"/><temp name="T1561"/><temp name="T1565"/></temps><temps name="out"><temp name="T1592"/><temp name="T22"/><temp name="T1556"/><temp name="T1650"/><temp name="T1581"/><temp name="T1569"/><temp name="T1608"/><temp name="T1613"/><temp name="T1588"/><temp name="T1660"/><temp name="T1665"/><temp name="T1596"/><temp name="T1619"/><temp name="T1603"/><temp name="T1576"/><temp name="T1654"/><temp name="T1561"/><temp name="T1565"/></temps></instruction><instruction code="L56"><temps name="use"/><temps name="def"/><temps name="in"><temp name="T1592"/><temp name="T22"/><temp name="T1556"/><temp name="T1650"/><temp name="T1581"/><temp name="T1569"/><temp name="T1608"/><temp name="T1613"/><temp name="T1588"/><temp name="T1660"/><temp name="T1665"/><temp name="T1596"/><temp name="T1619"/><temp name="T1603"/><temp name="T1576"/><temp name="T1654"/><temp name="T1561"/><temp name="T1565"/></temps><temps name="out"><temp name="T1592"/><temp name="T22"/><temp name="T1556"/><temp name="T1650"/><temp name="T1581"/><temp name="T1569"/><temp name="T1608"/><temp name="T1613"/><temp name="T1588"/><temp name="T1660"/><temp name="T1665"/><temp name="T1596"/><temp name="T1619"/><temp name="T1603"/><temp name="T1576"/><temp name="T1654"/><temp name="T1561"/><temp name="T1565"/></temps></instruction><instruction code="OR T470, T22, 0"><temps name="use"><temp name="T22"/></temps><temps name="def"><temp name="T470"/></temps><temps name="in"><temp name="T1592"/><temp name="T22"/><temp name="T1556"/><temp name="T1650"/><temp name="T1581"/><temp name="T1569"/><temp name="T1608"/><temp name="T1613"/><temp name="T1588"/><temp name="T1660"/><temp name="T1665"/><temp name="T1596"/><temp name="T1619"/><temp name="T1603"/><temp name="T1576"/><temp name="T1654"/><temp name="T1561"/><temp name="T1565"/></temps><temps name="out"><temp name="T1592"/><temp name="T22"/><temp name="T1556"/><temp name="T1650"/><temp name="T1581"/><temp name="T1569"/><temp name="T1608"/><temp name="T1613"/><temp name="T1588"/><temp name="T1660"/><temp name="T1665"/><temp name="T1596"/><temp name="T1619"/><temp name="T470"/><temp name="T1603"/><temp name="T1576"/><temp name="T1654"/><temp name="T1561"/><temp name="T1565"/></temps></instruction><instruction code="SETL  T1586, 80"><temps name="use"/><temps name="def"><temp name="T1586"/></temps><temps name="in"><temp name="T1592"/><temp name="T22"/><temp name="T1556"/><temp name="T1650"/><temp name="T1581"/><temp name="T1569"/><temp name="T1608"/><temp name="T1613"/><temp name="T1588"/><temp name="T1660"/><temp name="T1665"/><temp name="T1596"/><temp name="T1619"/><temp name="T470"/><temp name="T1603"/><temp name="T1576"/><temp name="T1654"/><temp name="T1561"/><temp name="T1565"/></temps><temps name="out"><temp name="T1592"/><temp name="T22"/><temp name="T1556"/><temp name="T1650"/><temp name="T1581"/><temp name="T1569"/><temp name="T1608"/><temp name="T1613"/><temp name="T1588"/><temp name="T1660"/><temp name="T1665"/><temp name="T1596"/><temp name="T1619"/><temp name="T470"/><temp name="T1603"/><temp name="T1576"/><temp name="T1654"/><temp name="T1561"/><temp name="T1565"/></temps></instruction><instruction code="INCML T1586, 0"><temps name="use"/><temps name="def"><temp name="T1586"/></temps><temps name="in"><temp name="T1592"/><temp name="T22"/><temp name="T1556"/><temp name="T1650"/><temp name="T1581"/><temp name="T1569"/><temp name="T1608"/><temp name="T1613"/><temp name="T1588"/><temp name="T1660"/><temp name="T1665"/><temp name="T1596"/><temp name="T1619"/><temp name="T470"/><temp name="T1603"/><temp name="T1576"/><temp name="T1654"/><temp name="T1561"/><temp name="T1565"/></temps><temps name="out"><temp name="T1592"/><temp name="T22"/><temp name="T1556"/><temp name="T1650"/><temp name="T1581"/><temp name="T1569"/><temp name="T1608"/><temp name="T1613"/><temp name="T1588"/><temp name="T1660"/><temp name="T1665"/><temp name="T1596"/><temp name="T1619"/><temp name="T470"/><temp name="T1603"/><temp name="T1576"/><temp name="T1654"/><temp name="T1561"/><temp name="T1565"/></temps></instruction><instruction code="INCMH T1586, 0"><temps name="use"/><temps name="def"><temp name="T1586"/></temps><temps name="in"><temp name="T1592"/><temp name="T22"/><temp name="T1556"/><temp name="T1650"/><temp name="T1581"/><temp name="T1569"/><temp name="T1608"/><temp name="T1613"/><temp name="T1588"/><temp name="T1660"/><temp name="T1665"/><temp name="T1596"/><temp name="T1619"/><temp name="T470"/><temp name="T1603"/><temp name="T1576"/><temp name="T1654"/><temp name="T1561"/><temp name="T1565"/></temps><temps name="out"><temp name="T1592"/><temp name="T22"/><temp name="T1556"/><temp name="T1650"/><temp name="T1581"/><temp name="T1569"/><temp name="T1608"/><temp name="T1613"/><temp name="T1588"/><temp name="T1660"/><temp name="T1665"/><temp name="T1596"/><temp name="T1619"/><temp name="T470"/><temp name="T1603"/><temp name="T1576"/><temp name="T1654"/><temp name="T1561"/><temp name="T1565"/></temps></instruction><instruction code="INCH  T1586, 0"><temps name="use"/><temps name="def"><temp name="T1586"/></temps><temps name="in"><temp name="T1592"/><temp name="T22"/><temp name="T1556"/><temp name="T1650"/><temp name="T1581"/><temp name="T1569"/><temp name="T1608"/><temp name="T1613"/><temp name="T1588"/><temp name="T1660"/><temp name="T1665"/><temp name="T1596"/><temp name="T1619"/><temp name="T470"/><temp name="T1603"/><temp name="T1576"/><temp name="T1654"/><temp name="T1561"/><temp name="T1565"/></temps><temps name="out"><temp name="T1592"/><temp name="T22"/><temp name="T1556"/><temp name="T1650"/><temp name="T1581"/><temp name="T1586"/><temp name="T1569"/><temp name="T1608"/><temp name="T1613"/><temp name="T1588"/><temp name="T1660"/><temp name="T1665"/><temp name="T1596"/><temp name="T1619"/><temp name="T470"/><temp name="T1603"/><temp name="T1576"/><temp name="T1654"/><temp name="T1561"/><temp name="T1565"/></temps></instruction><instruction code="NEG T1586, 0, T1586"><temps name="use"><temp name="T1586"/></temps><temps name="def"><temp name="T1586"/></temps><temps name="in"><temp name="T1592"/><temp name="T22"/><temp name="T1556"/><temp name="T1650"/><temp name="T1581"/><temp name="T1586"/><temp name="T1569"/><temp name="T1608"/><temp name="T1613"/><temp name="T1588"/><temp name="T1660"/><temp name="T1665"/><temp name="T1596"/><temp name="T1619"/><temp name="T470"/><temp name="T1603"/><temp name="T1576"/><temp name="T1654"/><temp name="T1561"/><temp name="T1565"/></temps><temps name="out"><temp name="T1592"/><temp name="T22"/><temp name="T1556"/><temp name="T1650"/><temp name="T1581"/><temp name="T1586"/><temp name="T1569"/><temp name="T1608"/><temp name="T1613"/><temp name="T1588"/><temp name="T1660"/><temp name="T1665"/><temp name="T1596"/><temp name="T1619"/><temp name="T470"/><temp name="T1603"/><temp name="T1576"/><temp name="T1654"/><temp name="T1561"/><temp name="T1565"/></temps></instruction><instruction code="OR T471, T1586, 0"><temps name="use"><temp name="T1586"/></temps><temps name="def"><temp name="T471"/></temps><temps name="in"><temp name="T1592"/><temp name="T22"/><temp name="T1556"/><temp name="T1650"/><temp name="T1581"/><temp name="T1586"/><temp name="T1569"/><temp name="T1608"/><temp name="T1613"/><temp name="T1588"/><temp name="T1660"/><temp name="T1665"/><temp name="T1596"/><temp name="T1619"/><temp name="T470"/><temp name="T1603"/><temp name="T1576"/><temp name="T1654"/><temp name="T1561"/><temp name="T1565"/></temps><temps name="out"><temp name="T1592"/><temp name="T22"/><temp name="T1556"/><temp name="T1650"/><temp name="T471"/><temp name="T1581"/><temp name="T1569"/><temp name="T1608"/><temp name="T1613"/><temp name="T1588"/><temp name="T1660"/><temp name="T1665"/><temp name="T1596"/><temp name="T1619"/><temp name="T470"/><temp name="T1603"/><temp name="T1576"/><temp name="T1654"/><temp name="T1561"/><temp name="T1565"/></temps></instruction><instruction code="ADD T1587, T470, T471"><temps name="use"><temp name="T470"/><temp name="T471"/></temps><temps name="def"><temp name="T1587"/></temps><temps name="in"><temp name="T1592"/><temp name="T22"/><temp name="T1556"/><temp name="T1650"/><temp name="T471"/><temp name="T1581"/><temp name="T1569"/><temp name="T1608"/><temp name="T1613"/><temp name="T1588"/><temp name="T1660"/><temp name="T1665"/><temp name="T1596"/><temp name="T1619"/><temp name="T470"/><temp name="T1603"/><temp name="T1576"/><temp name="T1654"/><temp name="T1561"/><temp name="T1565"/></temps><temps name="out"><temp name="T1592"/><temp name="T22"/><temp name="T1556"/><temp name="T1650"/><temp name="T1581"/><temp name="T1569"/><temp name="T1608"/><temp name="T1613"/><temp name="T1588"/><temp name="T1660"/><temp name="T1665"/><temp name="T1596"/><temp name="T1619"/><temp name="T1603"/><temp name="T1576"/><temp name="T1654"/><temp name="T1561"/><temp name="T1565"/><temp name="T1587"/></temps></instruction><instruction code="OR T472, T1587, 0"><temps name="use"><temp name="T1587"/></temps><temps name="def"><temp name="T472"/></temps><temps name="in"><temp name="T1592"/><temp name="T22"/><temp name="T1556"/><temp name="T1650"/><temp name="T1581"/><temp name="T1569"/><temp name="T1608"/><temp name="T1613"/><temp name="T1588"/><temp name="T1660"/><temp name="T1665"/><temp name="T1596"/><temp name="T1619"/><temp name="T1603"/><temp name="T1576"/><temp name="T1654"/><temp name="T1561"/><temp name="T1565"/><temp name="T1587"/></temps><temps name="out"><temp name="T1592"/><temp name="T22"/><temp name="T1556"/><temp name="T1650"/><temp name="T1581"/><temp name="T472"/><temp name="T1569"/><temp name="T1608"/><temp name="T1613"/><temp name="T1588"/><temp name="T1660"/><temp name="T1665"/><temp name="T1596"/><temp name="T1619"/><temp name="T1603"/><temp name="T1576"/><temp name="T1654"/><temp name="T1561"/><temp name="T1565"/></temps></instruction><instruction code="OR T473, T22, 0"><temps name="use"><temp name="T22"/></temps><temps name="def"><temp name="T473"/></temps><temps name="in"><temp name="T1592"/><temp name="T22"/><temp name="T1556"/><temp name="T1650"/><temp name="T1581"/><temp name="T472"/><temp name="T1569"/><temp name="T1608"/><temp name="T1613"/><temp name="T1588"/><temp name="T1660"/><temp name="T1665"/><temp name="T1596"/><temp name="T1619"/><temp name="T1603"/><temp name="T1576"/><temp name="T1654"/><temp name="T1561"/><temp name="T1565"/></temps><temps name="out"><temp name="T1592"/><temp name="T22"/><temp name="T1556"/><temp name="T1650"/><temp name="T1581"/><temp name="T472"/><temp name="T1569"/><temp name="T1608"/><temp name="T1613"/><temp name="T1588"/><temp name="T1660"/><temp name="T1665"/><temp name="T1596"/><temp name="T1619"/><temp name="T1603"/><temp name="T1576"/><temp name="T1654"/><temp name="T1561"/><temp name="T1565"/></temps></instruction><instruction code="LDO T1589, T1588, 0"><temps name="use"><temp name="T1588"/></temps><temps name="def"><temp name="T1589"/></temps><temps name="in"><temp name="T1592"/><temp name="T22"/><temp name="T1556"/><temp name="T1650"/><temp name="T1581"/><temp name="T472"/><temp name="T1569"/><temp name="T1608"/><temp name="T1613"/><temp name="T1588"/><temp name="T1660"/><temp name="T1665"/><temp name="T1596"/><temp name="T1619"/><temp name="T1603"/><temp name="T1576"/><temp name="T1654"/><temp name="T1561"/><temp name="T1565"/></temps><temps name="out"><temp name="T1592"/><temp name="T22"/><temp name="T1556"/><temp name="T1650"/><temp name="T1581"/><temp name="T472"/><temp name="T1569"/><temp name="T1608"/><temp name="T1613"/><temp name="T1660"/><temp name="T1588"/><temp name="T1589"/><temp name="T1665"/><temp name="T1596"/><temp name="T1619"/><temp name="T1603"/><temp name="T1576"/><temp name="T1654"/><temp name="T1561"/><temp name="T1565"/></temps></instruction><instruction code="OR T474, T1589, 0"><temps name="use"><temp name="T1589"/></temps><temps name="def"><temp name="T474"/></temps><temps name="in"><temp name="T1592"/><temp name="T22"/><temp name="T1556"/><temp name="T1650"/><temp name="T1581"/><temp name="T472"/><temp name="T1569"/><temp name="T1608"/><temp name="T1613"/><temp name="T1660"/><temp name="T1588"/><temp name="T1589"/><temp name="T1665"/><temp name="T1596"/><temp name="T1619"/><temp name="T1603"/><temp name="T1576"/><temp name="T1654"/><temp name="T1561"/><temp name="T1565"/></temps><temps name="out"><temp name="T1592"/><temp name="T22"/><temp name="T1556"/><temp name="T1650"/><temp name="T1581"/><temp name="T472"/><temp name="T1569"/><temp name="T1608"/><temp name="T1613"/><temp name="T1660"/><temp name="T1588"/><temp name="T1665"/><temp name="T1596"/><temp name="T1619"/><temp name="T1603"/><temp name="T1576"/><temp name="T474"/><temp name="T1654"/><temp name="T1561"/><temp name="T1565"/></temps></instruction><instruction code="SETL  T1590, 8"><temps name="use"/><temps name="def"><temp name="T1590"/></temps><temps name="in"><temp name="T1592"/><temp name="T22"/><temp name="T1556"/><temp name="T1650"/><temp name="T1581"/><temp name="T472"/><temp name="T1569"/><temp name="T1608"/><temp name="T1613"/><temp name="T1660"/><temp name="T1588"/><temp name="T1665"/><temp name="T1596"/><temp name="T1619"/><temp name="T1603"/><temp name="T1576"/><temp name="T474"/><temp name="T1654"/><temp name="T1561"/><temp name="T1565"/></temps><temps name="out"><temp name="T1592"/><temp name="T22"/><temp name="T1556"/><temp name="T1650"/><temp name="T1581"/><temp name="T472"/><temp name="T1569"/><temp name="T1608"/><temp name="T1613"/><temp name="T1660"/><temp name="T1588"/><temp name="T1665"/><temp name="T1596"/><temp name="T1619"/><temp name="T1603"/><temp name="T1576"/><temp name="T474"/><temp name="T1654"/><temp name="T1561"/><temp name="T1565"/></temps></instruction><instruction code="INCML T1590, 0"><temps name="use"/><temps name="def"><temp name="T1590"/></temps><temps name="in"><temp name="T1592"/><temp name="T22"/><temp name="T1556"/><temp name="T1650"/><temp name="T1581"/><temp name="T472"/><temp name="T1569"/><temp name="T1608"/><temp name="T1613"/><temp name="T1660"/><temp name="T1588"/><temp name="T1665"/><temp name="T1596"/><temp name="T1619"/><temp name="T1603"/><temp name="T1576"/><temp name="T474"/><temp name="T1654"/><temp name="T1561"/><temp name="T1565"/></temps><temps name="out"><temp name="T1592"/><temp name="T22"/><temp name="T1556"/><temp name="T1650"/><temp name="T1581"/><temp name="T472"/><temp name="T1569"/><temp name="T1608"/><temp name="T1613"/><temp name="T1660"/><temp name="T1588"/><temp name="T1665"/><temp name="T1596"/><temp name="T1619"/><temp name="T1603"/><temp name="T1576"/><temp name="T474"/><temp name="T1654"/><temp name="T1561"/><temp name="T1565"/></temps></instruction><instruction code="INCMH T1590, 0"><temps name="use"/><temps name="def"><temp name="T1590"/></temps><temps name="in"><temp name="T1592"/><temp name="T22"/><temp name="T1556"/><temp name="T1650"/><temp name="T1581"/><temp name="T472"/><temp name="T1569"/><temp name="T1608"/><temp name="T1613"/><temp name="T1660"/><temp name="T1588"/><temp name="T1665"/><temp name="T1596"/><temp name="T1619"/><temp name="T1603"/><temp name="T1576"/><temp name="T474"/><temp name="T1654"/><temp name="T1561"/><temp name="T1565"/></temps><temps name="out"><temp name="T1592"/><temp name="T22"/><temp name="T1556"/><temp name="T1650"/><temp name="T1581"/><temp name="T472"/><temp name="T1569"/><temp name="T1608"/><temp name="T1613"/><temp name="T1660"/><temp name="T1588"/><temp name="T1665"/><temp name="T1596"/><temp name="T1619"/><temp name="T1603"/><temp name="T1576"/><temp name="T474"/><temp name="T1654"/><temp name="T1561"/><temp name="T1565"/></temps></instruction><instruction code="INCH  T1590, 0"><temps name="use"/><temps name="def"><temp name="T1590"/></temps><temps name="in"><temp name="T1592"/><temp name="T22"/><temp name="T1556"/><temp name="T1650"/><temp name="T1581"/><temp name="T472"/><temp name="T1569"/><temp name="T1608"/><temp name="T1613"/><temp name="T1660"/><temp name="T1588"/><temp name="T1665"/><temp name="T1596"/><temp name="T1619"/><temp name="T1603"/><temp name="T1576"/><temp name="T474"/><temp name="T1654"/><temp name="T1561"/><temp name="T1565"/></temps><temps name="out"><temp name="T1592"/><temp name="T22"/><temp name="T1556"/><temp name="T1650"/><temp name="T1581"/><temp name="T472"/><temp name="T1569"/><temp name="T1608"/><temp name="T1613"/><temp name="T1660"/><temp name="T1588"/><temp name="T1665"/><temp name="T1596"/><temp name="T1619"/><temp name="T1590"/><temp name="T1603"/><temp name="T1576"/><temp name="T474"/><temp name="T1654"/><temp name="T1561"/><temp name="T1565"/></temps></instruction><instruction code="OR T475, T1590, 0"><temps name="use"><temp name="T1590"/></temps><temps name="def"><temp name="T475"/></temps><temps name="in"><temp name="T1592"/><temp name="T22"/><temp name="T1556"/><temp name="T1650"/><temp name="T1581"/><temp name="T472"/><temp name="T1569"/><temp name="T1608"/><temp name="T1613"/><temp name="T1660"/><temp name="T1588"/><temp name="T1665"/><temp name="T1596"/><temp name="T1619"/><temp name="T1590"/><temp name="T1603"/><temp name="T1576"/><temp name="T474"/><temp name="T1654"/><temp name="T1561"/><temp name="T1565"/></temps><temps name="out"><temp name="T1592"/><temp name="T22"/><temp name="T1556"/><temp name="T1650"/><temp name="T475"/><temp name="T1581"/><temp name="T472"/><temp name="T1569"/><temp name="T1608"/><temp name="T1613"/><temp name="T1660"/><temp name="T1588"/><temp name="T1665"/><temp name="T1596"/><temp name="T1619"/><temp name="T1603"/><temp name="T1576"/><temp name="T474"/><temp name="T1654"/><temp name="T1561"/><temp name="T1565"/></temps></instruction><instruction code="ADD T1591, T474, T475"><temps name="use"><temp name="T474"/><temp name="T475"/></temps><temps name="def"><temp name="T1591"/></temps><temps name="in"><temp name="T1592"/><temp name="T22"/><temp name="T1556"/><temp name="T1650"/><temp name="T475"/><temp name="T1581"/><temp name="T472"/><temp name="T1569"/><temp name="T1608"/><temp name="T1613"/><temp name="T1660"/><temp name="T1588"/><temp name="T1665"/><temp name="T1596"/><temp name="T1619"/><temp name="T1603"/><temp name="T1576"/><temp name="T474"/><temp name="T1654"/><temp name="T1561"/><temp name="T1565"/></temps><temps name="out"><temp name="T1592"/><temp name="T22"/><temp name="T1556"/><temp name="T1650"/><temp name="T1581"/><temp name="T472"/><temp name="T1569"/><temp name="T1608"/><temp name="T1613"/><temp name="T1660"/><temp name="T1588"/><temp name="T1665"/><temp name="T1596"/><temp name="T1619"/><temp name="T1591"/><temp name="T1603"/><temp name="T1576"/><temp name="T1654"/><temp name="T1561"/><temp name="T1565"/></temps></instruction><instruction code="OR T476, T1591, 0"><temps name="use"><temp name="T1591"/></temps><temps name="def"><temp name="T476"/></temps><temps name="in"><temp name="T1592"/><temp name="T22"/><temp name="T1556"/><temp name="T1650"/><temp name="T1581"/><temp name="T472"/><temp name="T1569"/><temp name="T1608"/><temp name="T1613"/><temp name="T1660"/><temp name="T1588"/><temp name="T1665"/><temp name="T1596"/><temp name="T1619"/><temp name="T1591"/><temp name="T1603"/><temp name="T1576"/><temp name="T1654"/><temp name="T1561"/><temp name="T1565"/></temps><temps name="out"><temp name="T1592"/><temp name="T22"/><temp name="T1556"/><temp name="T1650"/><temp name="T1581"/><temp name="T472"/><temp name="T1569"/><temp name="T1608"/><temp name="T1613"/><temp name="T1660"/><temp name="T1588"/><temp name="T1665"/><temp name="T1596"/><temp name="T1619"/><temp name="T1603"/><temp name="T1576"/><temp name="T1654"/><temp name="T1561"/><temp name="T1565"/></temps></instruction><instruction code="LDO T1593, T1592, 0"><temps name="use"><temp name="T1592"/></temps><temps name="def"><temp name="T1593"/></temps><temps name="in"><temp name="T1592"/><temp name="T22"/><temp name="T1556"/><temp name="T1650"/><temp name="T1581"/><temp name="T472"/><temp name="T1569"/><temp name="T1608"/><temp name="T1613"/><temp name="T1660"/><temp name="T1588"/><temp name="T1665"/><temp name="T1596"/><temp name="T1619"/><temp name="T1603"/><temp name="T1576"/><temp name="T1654"/><temp name="T1561"/><temp name="T1565"/></temps><temps name="out"><temp name="T1592"/><temp name="T22"/><temp name="T1556"/><temp name="T1650"/><temp name="T1581"/><temp name="T472"/><temp name="T1569"/><temp name="T1608"/><temp name="T1613"/><temp name="T1660"/><temp name="T1588"/><temp name="T1665"/><temp name="T1596"/><temp name="T1619"/><temp name="T1603"/><temp name="T1576"/><temp name="T1593"/><temp name="T1654"/><temp name="T1561"/><temp name="T1565"/></temps></instruction><instruction code="OR T477, T1593, 0"><temps name="use"><temp name="T1593"/></temps><temps name="def"><temp name="T477"/></temps><temps name="in"><temp name="T1592"/><temp name="T22"/><temp name="T1556"/><temp name="T1650"/><temp name="T1581"/><temp name="T472"/><temp name="T1569"/><temp name="T1608"/><temp name="T1613"/><temp name="T1660"/><temp name="T1588"/><temp name="T1665"/><temp name="T1596"/><temp name="T1619"/><temp name="T1603"/><temp name="T1576"/><temp name="T1593"/><temp name="T1654"/><temp name="T1561"/><temp name="T1565"/></temps><temps name="out"><temp name="T1592"/><temp name="T22"/><temp name="T1556"/><temp name="T1650"/><temp name="T1581"/><temp name="T472"/><temp name="T1569"/><temp name="T1608"/><temp name="T1613"/><temp name="T1660"/><temp name="T1588"/><temp name="T477"/><temp name="T1665"/><temp name="T1596"/><temp name="T1619"/><temp name="T1603"/><temp name="T1576"/><temp name="T1654"/><temp name="T1561"/><temp name="T1565"/></temps></instruction><instruction code="OR T478, T22, 0"><temps name="use"><temp name="T22"/></temps><temps name="def"><temp name="T478"/></temps><temps name="in"><temp name="T1592"/><temp name="T22"/><temp name="T1556"/><temp name="T1650"/><temp name="T1581"/><temp name="T472"/><temp name="T1569"/><temp name="T1608"/><temp name="T1613"/><temp name="T1660"/><temp name="T1588"/><temp name="T477"/><temp name="T1665"/><temp name="T1596"/><temp name="T1619"/><temp name="T1603"/><temp name="T1576"/><temp name="T1654"/><temp name="T1561"/><temp name="T1565"/></temps><temps name="out"><temp name="T1592"/><temp name="T22"/><temp name="T1556"/><temp name="T1650"/><temp name="T1581"/><temp name="T472"/><temp name="T1569"/><temp name="T1608"/><temp name="T1613"/><temp name="T1660"/><temp name="T1588"/><temp name="T477"/><temp name="T1665"/><temp name="T478"/><temp name="T1596"/><temp name="T1619"/><temp name="T1603"/><temp name="T1576"/><temp name="T1654"/><temp name="T1561"/><temp name="T1565"/></temps></instruction><instruction code="SETL  T1594, 8"><temps name="use"/><temps name="def"><temp name="T1594"/></temps><temps name="in"><temp name="T1592"/><temp name="T22"/><temp name="T1556"/><temp name="T1650"/><temp name="T1581"/><temp name="T472"/><temp name="T1569"/><temp name="T1608"/><temp name="T1613"/><temp name="T1660"/><temp name="T1588"/><temp name="T477"/><temp name="T1665"/><temp name="T478"/><temp name="T1596"/><temp name="T1619"/><temp name="T1603"/><temp name="T1576"/><temp name="T1654"/><temp name="T1561"/><temp name="T1565"/></temps><temps name="out"><temp name="T1592"/><temp name="T22"/><temp name="T1556"/><temp name="T1650"/><temp name="T1581"/><temp name="T472"/><temp name="T1569"/><temp name="T1608"/><temp name="T1613"/><temp name="T1660"/><temp name="T1588"/><temp name="T477"/><temp name="T1665"/><temp name="T478"/><temp name="T1596"/><temp name="T1619"/><temp name="T1603"/><temp name="T1576"/><temp name="T1654"/><temp name="T1561"/><temp name="T1565"/></temps></instruction><instruction code="INCML T1594, 0"><temps name="use"/><temps name="def"><temp name="T1594"/></temps><temps name="in"><temp name="T1592"/><temp name="T22"/><temp name="T1556"/><temp name="T1650"/><temp name="T1581"/><temp name="T472"/><temp name="T1569"/><temp name="T1608"/><temp name="T1613"/><temp name="T1660"/><temp name="T1588"/><temp name="T477"/><temp name="T1665"/><temp name="T478"/><temp name="T1596"/><temp name="T1619"/><temp name="T1603"/><temp name="T1576"/><temp name="T1654"/><temp name="T1561"/><temp name="T1565"/></temps><temps name="out"><temp name="T1592"/><temp name="T22"/><temp name="T1556"/><temp name="T1650"/><temp name="T1581"/><temp name="T472"/><temp name="T1569"/><temp name="T1608"/><temp name="T1613"/><temp name="T1660"/><temp name="T1588"/><temp name="T477"/><temp name="T1665"/><temp name="T478"/><temp name="T1596"/><temp name="T1619"/><temp name="T1603"/><temp name="T1576"/><temp name="T1654"/><temp name="T1561"/><temp name="T1565"/></temps></instruction><instruction code="INCMH T1594, 0"><temps name="use"/><temps name="def"><temp name="T1594"/></temps><temps name="in"><temp name="T1592"/><temp name="T22"/><temp name="T1556"/><temp name="T1650"/><temp name="T1581"/><temp name="T472"/><temp name="T1569"/><temp name="T1608"/><temp name="T1613"/><temp name="T1660"/><temp name="T1588"/><temp name="T477"/><temp name="T1665"/><temp name="T478"/><temp name="T1596"/><temp name="T1619"/><temp name="T1603"/><temp name="T1576"/><temp name="T1654"/><temp name="T1561"/><temp name="T1565"/></temps><temps name="out"><temp name="T1592"/><temp name="T22"/><temp name="T1556"/><temp name="T1650"/><temp name="T1581"/><temp name="T472"/><temp name="T1569"/><temp name="T1608"/><temp name="T1613"/><temp name="T1660"/><temp name="T1588"/><temp name="T477"/><temp name="T1665"/><temp name="T478"/><temp name="T1596"/><temp name="T1619"/><temp name="T1603"/><temp name="T1576"/><temp name="T1654"/><temp name="T1561"/><temp name="T1565"/></temps></instruction><instruction code="INCH  T1594, 0"><temps name="use"/><temps name="def"><temp name="T1594"/></temps><temps name="in"><temp name="T1592"/><temp name="T22"/><temp name="T1556"/><temp name="T1650"/><temp name="T1581"/><temp name="T472"/><temp name="T1569"/><temp name="T1608"/><temp name="T1613"/><temp name="T1660"/><temp name="T1588"/><temp name="T477"/><temp name="T1665"/><temp name="T478"/><temp name="T1596"/><temp name="T1619"/><temp name="T1603"/><temp name="T1576"/><temp name="T1654"/><temp name="T1561"/><temp name="T1565"/></temps><temps name="out"><temp name="T1592"/><temp name="T22"/><temp name="T1556"/><temp name="T1650"/><temp name="T1581"/><temp name="T472"/><temp name="T1569"/><temp name="T1608"/><temp name="T1613"/><temp name="T1660"/><temp name="T1588"/><temp name="T477"/><temp name="T1665"/><temp name="T478"/><temp name="T1596"/><temp name="T1619"/><temp name="T1603"/><temp name="T1576"/><temp name="T1654"/><temp name="T1561"/><temp name="T1565"/><temp name="T1594"/></temps></instruction><instruction code="OR T479, T1594, 0"><temps name="use"><temp name="T1594"/></temps><temps name="def"><temp name="T479"/></temps><temps name="in"><temp name="T1592"/><temp name="T22"/><temp name="T1556"/><temp name="T1650"/><temp name="T1581"/><temp name="T472"/><temp name="T1569"/><temp name="T1608"/><temp name="T1613"/><temp name="T1660"/><temp name="T1588"/><temp name="T477"/><temp name="T1665"/><temp name="T478"/><temp name="T1596"/><temp name="T1619"/><temp name="T1603"/><temp name="T1576"/><temp name="T1654"/><temp name="T1561"/><temp name="T1565"/><temp name="T1594"/></temps><temps name="out"><temp name="T1592"/><temp name="T22"/><temp name="T1556"/><temp name="T1650"/><temp name="T1581"/><temp name="T472"/><temp name="T1569"/><temp name="T1608"/><temp name="T1613"/><temp name="T1660"/><temp name="T1588"/><temp name="T477"/><temp name="T1665"/><temp name="T478"/><temp name="T1596"/><temp name="T1619"/><temp name="T1603"/><temp name="T1576"/><temp name="T479"/><temp name="T1654"/><temp name="T1561"/><temp name="T1565"/></temps></instruction><instruction code="ADD T1595, T478, T479"><temps name="use"><temp name="T478"/><temp name="T479"/></temps><temps name="def"><temp name="T1595"/></temps><temps name="in"><temp name="T1592"/><temp name="T22"/><temp name="T1556"/><temp name="T1650"/><temp name="T1581"/><temp name="T472"/><temp name="T1569"/><temp name="T1608"/><temp name="T1613"/><temp name="T1660"/><temp name="T1588"/><temp name="T477"/><temp name="T1665"/><temp name="T478"/><temp name="T1596"/><temp name="T1619"/><temp name="T1603"/><temp name="T1576"/><temp name="T479"/><temp name="T1654"/><temp name="T1561"/><temp name="T1565"/></temps><temps name="out"><temp name="T1592"/><temp name="T1595"/><temp name="T22"/><temp name="T1556"/><temp name="T1650"/><temp name="T1581"/><temp name="T472"/><temp name="T1569"/><temp name="T1608"/><temp name="T1613"/><temp name="T1660"/><temp name="T1588"/><temp name="T477"/><temp name="T1665"/><temp name="T1596"/><temp name="T1619"/><temp name="T1603"/><temp name="T1576"/><temp name="T1654"/><temp name="T1561"/><temp name="T1565"/></temps></instruction><instruction code="OR T480, T1595, 0"><temps name="use"><temp name="T1595"/></temps><temps name="def"><temp name="T480"/></temps><temps name="in"><temp name="T1592"/><temp name="T1595"/><temp name="T22"/><temp name="T1556"/><temp name="T1650"/><temp name="T1581"/><temp name="T472"/><temp name="T1569"/><temp name="T1608"/><temp name="T1613"/><temp name="T1660"/><temp name="T1588"/><temp name="T477"/><temp name="T1665"/><temp name="T1596"/><temp name="T1619"/><temp name="T1603"/><temp name="T1576"/><temp name="T1654"/><temp name="T1561"/><temp name="T1565"/></temps><temps name="out"><temp name="T1592"/><temp name="T22"/><temp name="T1556"/><temp name="T1650"/><temp name="T1581"/><temp name="T472"/><temp name="T1569"/><temp name="T1608"/><temp name="T1613"/><temp name="T1660"/><temp name="T1588"/><temp name="T477"/><temp name="T1665"/><temp name="T1596"/><temp name="T1619"/><temp name="T1603"/><temp name="T1576"/><temp name="T1654"/><temp name="T1561"/><temp name="T1565"/></temps></instruction><instruction code="LDO T1597, T1596, 0"><temps name="use"><temp name="T1596"/></temps><temps name="def"><temp name="T1597"/></temps><temps name="in"><temp name="T1592"/><temp name="T22"/><temp name="T1556"/><temp name="T1650"/><temp name="T1581"/><temp name="T472"/><temp name="T1569"/><temp name="T1608"/><temp name="T1613"/><temp name="T1660"/><temp name="T1588"/><temp name="T477"/><temp name="T1665"/><temp name="T1596"/><temp name="T1619"/><temp name="T1603"/><temp name="T1576"/><temp name="T1654"/><temp name="T1561"/><temp name="T1565"/></temps><temps name="out"><temp name="T1592"/><temp name="T22"/><temp name="T1597"/><temp name="T1556"/><temp name="T1650"/><temp name="T1581"/><temp name="T472"/><temp name="T1569"/><temp name="T1608"/><temp name="T1613"/><temp name="T1660"/><temp name="T1588"/><temp name="T477"/><temp name="T1665"/><temp name="T1596"/><temp name="T1619"/><temp name="T1603"/><temp name="T1576"/><temp name="T1654"/><temp name="T1561"/><temp name="T1565"/></temps></instruction><instruction code="OR T481, T1597, 0"><temps name="use"><temp name="T1597"/></temps><temps name="def"><temp name="T481"/></temps><temps name="in"><temp name="T1592"/><temp name="T22"/><temp name="T1597"/><temp name="T1556"/><temp name="T1650"/><temp name="T1581"/><temp name="T472"/><temp name="T1569"/><temp name="T1608"/><temp name="T1613"/><temp name="T1660"/><temp name="T1588"/><temp name="T477"/><temp name="T1665"/><temp name="T1596"/><temp name="T1619"/><temp name="T1603"/><temp name="T1576"/><temp name="T1654"/><temp name="T1561"/><temp name="T1565"/></temps><temps name="out"><temp name="T1592"/><temp name="T22"/><temp name="T1556"/><temp name="T1650"/><temp name="T1581"/><temp name="T472"/><temp name="T1569"/><temp name="T481"/><temp name="T1608"/><temp name="T1613"/><temp name="T1660"/><temp name="T1588"/><temp name="T477"/><temp name="T1665"/><temp name="T1596"/><temp name="T1619"/><temp name="T1603"/><temp name="T1576"/><temp name="T1654"/><temp name="T1561"/><temp name="T1565"/></temps></instruction><instruction code="SETL  T1598, 72"><temps name="use"/><temps name="def"><temp name="T1598"/></temps><temps name="in"><temp name="T1592"/><temp name="T22"/><temp name="T1556"/><temp name="T1650"/><temp name="T1581"/><temp name="T472"/><temp name="T1569"/><temp name="T481"/><temp name="T1608"/><temp name="T1613"/><temp name="T1660"/><temp name="T1588"/><temp name="T477"/><temp name="T1665"/><temp name="T1596"/><temp name="T1619"/><temp name="T1603"/><temp name="T1576"/><temp name="T1654"/><temp name="T1561"/><temp name="T1565"/></temps><temps name="out"><temp name="T1592"/><temp name="T22"/><temp name="T1556"/><temp name="T1650"/><temp name="T1581"/><temp name="T472"/><temp name="T1569"/><temp name="T481"/><temp name="T1608"/><temp name="T1613"/><temp name="T1660"/><temp name="T1588"/><temp name="T477"/><temp name="T1665"/><temp name="T1596"/><temp name="T1619"/><temp name="T1603"/><temp name="T1576"/><temp name="T1654"/><temp name="T1561"/><temp name="T1565"/></temps></instruction><instruction code="INCML T1598, 0"><temps name="use"/><temps name="def"><temp name="T1598"/></temps><temps name="in"><temp name="T1592"/><temp name="T22"/><temp name="T1556"/><temp name="T1650"/><temp name="T1581"/><temp name="T472"/><temp name="T1569"/><temp name="T481"/><temp name="T1608"/><temp name="T1613"/><temp name="T1660"/><temp name="T1588"/><temp name="T477"/><temp name="T1665"/><temp name="T1596"/><temp name="T1619"/><temp name="T1603"/><temp name="T1576"/><temp name="T1654"/><temp name="T1561"/><temp name="T1565"/></temps><temps name="out"><temp name="T1592"/><temp name="T22"/><temp name="T1556"/><temp name="T1650"/><temp name="T1581"/><temp name="T472"/><temp name="T1569"/><temp name="T481"/><temp name="T1608"/><temp name="T1613"/><temp name="T1660"/><temp name="T1588"/><temp name="T477"/><temp name="T1665"/><temp name="T1596"/><temp name="T1619"/><temp name="T1603"/><temp name="T1576"/><temp name="T1654"/><temp name="T1561"/><temp name="T1565"/></temps></instruction><instruction code="INCMH T1598, 0"><temps name="use"/><temps name="def"><temp name="T1598"/></temps><temps name="in"><temp name="T1592"/><temp name="T22"/><temp name="T1556"/><temp name="T1650"/><temp name="T1581"/><temp name="T472"/><temp name="T1569"/><temp name="T481"/><temp name="T1608"/><temp name="T1613"/><temp name="T1660"/><temp name="T1588"/><temp name="T477"/><temp name="T1665"/><temp name="T1596"/><temp name="T1619"/><temp name="T1603"/><temp name="T1576"/><temp name="T1654"/><temp name="T1561"/><temp name="T1565"/></temps><temps name="out"><temp name="T1592"/><temp name="T22"/><temp name="T1556"/><temp name="T1650"/><temp name="T1581"/><temp name="T472"/><temp name="T1569"/><temp name="T481"/><temp name="T1608"/><temp name="T1613"/><temp name="T1660"/><temp name="T1588"/><temp name="T477"/><temp name="T1665"/><temp name="T1596"/><temp name="T1619"/><temp name="T1603"/><temp name="T1576"/><temp name="T1654"/><temp name="T1561"/><temp name="T1565"/></temps></instruction><instruction code="INCH  T1598, 0"><temps name="use"/><temps name="def"><temp name="T1598"/></temps><temps name="in"><temp name="T1592"/><temp name="T22"/><temp name="T1556"/><temp name="T1650"/><temp name="T1581"/><temp name="T472"/><temp name="T1569"/><temp name="T481"/><temp name="T1608"/><temp name="T1613"/><temp name="T1660"/><temp name="T1588"/><temp name="T477"/><temp name="T1665"/><temp name="T1596"/><temp name="T1619"/><temp name="T1603"/><temp name="T1576"/><temp name="T1654"/><temp name="T1561"/><temp name="T1565"/></temps><temps name="out"><temp name="T1592"/><temp name="T22"/><temp name="T1556"/><temp name="T1650"/><temp name="T1581"/><temp name="T472"/><temp name="T1569"/><temp name="T481"/><temp name="T1608"/><temp name="T1613"/><temp name="T1660"/><temp name="T1588"/><temp name="T477"/><temp name="T1665"/><temp name="T1596"/><temp name="T1619"/><temp name="T1603"/><temp name="T1576"/><temp name="T1598"/><temp name="T1654"/><temp name="T1561"/><temp name="T1565"/></temps></instruction><instruction code="OR T482, T1598, 0"><temps name="use"><temp name="T1598"/></temps><temps name="def"><temp name="T482"/></temps><temps name="in"><temp name="T1592"/><temp name="T22"/><temp name="T1556"/><temp name="T1650"/><temp name="T1581"/><temp name="T472"/><temp name="T1569"/><temp name="T481"/><temp name="T1608"/><temp name="T1613"/><temp name="T1660"/><temp name="T1588"/><temp name="T477"/><temp name="T1665"/><temp name="T1596"/><temp name="T1619"/><temp name="T1603"/><temp name="T1576"/><temp name="T1598"/><temp name="T1654"/><temp name="T1561"/><temp name="T1565"/></temps><temps name="out"><temp name="T1592"/><temp name="T22"/><temp name="T1556"/><temp name="T1650"/><temp name="T482"/><temp name="T1581"/><temp name="T472"/><temp name="T1569"/><temp name="T481"/><temp name="T1608"/><temp name="T1613"/><temp name="T1660"/><temp name="T1588"/><temp name="T477"/><temp name="T1665"/><temp name="T1596"/><temp name="T1619"/><temp name="T1603"/><temp name="T1576"/><temp name="T1654"/><temp name="T1561"/><temp name="T1565"/></temps></instruction><instruction code="MUL T1599, T481, T482"><temps name="use"><temp name="T481"/><temp name="T482"/></temps><temps name="def"><temp name="T1599"/></temps><temps name="in"><temp name="T1592"/><temp name="T22"/><temp name="T1556"/><temp name="T1650"/><temp name="T482"/><temp name="T1581"/><temp name="T472"/><temp name="T1569"/><temp name="T481"/><temp name="T1608"/><temp name="T1613"/><temp name="T1660"/><temp name="T1588"/><temp name="T477"/><temp name="T1665"/><temp name="T1596"/><temp name="T1619"/><temp name="T1603"/><temp name="T1576"/><temp name="T1654"/><temp name="T1561"/><temp name="T1565"/></temps><temps name="out"><temp name="T1592"/><temp name="T22"/><temp name="T1556"/><temp name="T1650"/><temp name="T1581"/><temp name="T472"/><temp name="T1569"/><temp name="T1608"/><temp name="T1613"/><temp name="T1660"/><temp name="T1588"/><temp name="T477"/><temp name="T1665"/><temp name="T1596"/><temp name="T1619"/><temp name="T1603"/><temp name="T1576"/><temp name="T1654"/><temp name="T1561"/><temp name="T1565"/><temp name="T1599"/></temps></instruction><instruction code="OR T483, T1599, 0"><temps name="use"><temp name="T1599"/></temps><temps name="def"><temp name="T483"/></temps><temps name="in"><temp name="T1592"/><temp name="T22"/><temp name="T1556"/><temp name="T1650"/><temp name="T1581"/><temp name="T472"/><temp name="T1569"/><temp name="T1608"/><temp name="T1613"/><temp name="T1660"/><temp name="T1588"/><temp name="T477"/><temp name="T1665"/><temp name="T1596"/><temp name="T1619"/><temp name="T1603"/><temp name="T1576"/><temp name="T1654"/><temp name="T1561"/><temp name="T1565"/><temp name="T1599"/></temps><temps name="out"><temp name="T1592"/><temp name="T22"/><temp name="T1556"/><temp name="T1650"/><temp name="T1581"/><temp name="T472"/><temp name="T1569"/><temp name="T1608"/><temp name="T1613"/><temp name="T1660"/><temp name="T1588"/><temp name="T477"/><temp name="T1665"/><temp name="T1596"/><temp name="T1619"/><temp name="T1603"/><temp name="T1576"/><temp name="T483"/><temp name="T1654"/><temp name="T1561"/><temp name="T1565"/></temps></instruction><instruction code="ADD T1600, T477, T483"><temps name="use"><temp name="T477"/><temp name="T483"/></temps><temps name="def"><temp name="T1600"/></temps><temps name="in"><temp name="T1592"/><temp name="T22"/><temp name="T1556"/><temp name="T1650"/><temp name="T1581"/><temp name="T472"/><temp name="T1569"/><temp name="T1608"/><temp name="T1613"/><temp name="T1660"/><temp name="T1588"/><temp name="T477"/><temp name="T1665"/><temp name="T1596"/><temp name="T1619"/><temp name="T1603"/><temp name="T1576"/><temp name="T483"/><temp name="T1654"/><temp name="T1561"/><temp name="T1565"/></temps><temps name="out"><temp name="T1600"/><temp name="T1592"/><temp name="T22"/><temp name="T1556"/><temp name="T1650"/><temp name="T1581"/><temp name="T472"/><temp name="T1569"/><temp name="T1608"/><temp name="T1613"/><temp name="T1660"/><temp name="T1588"/><temp name="T1665"/><temp name="T1596"/><temp name="T1619"/><temp name="T1603"/><temp name="T1576"/><temp name="T1654"/><temp name="T1561"/><temp name="T1565"/></temps></instruction><instruction code="OR T484, T1600, 0"><temps name="use"><temp name="T1600"/></temps><temps name="def"><temp name="T484"/></temps><temps name="in"><temp name="T1600"/><temp name="T1592"/><temp name="T22"/><temp name="T1556"/><temp name="T1650"/><temp name="T1581"/><temp name="T472"/><temp name="T1569"/><temp name="T1608"/><temp name="T1613"/><temp name="T1660"/><temp name="T1588"/><temp name="T1665"/><temp name="T1596"/><temp name="T1619"/><temp name="T1603"/><temp name="T1576"/><temp name="T1654"/><temp name="T1561"/><temp name="T1565"/></temps><temps name="out"><temp name="T1592"/><temp name="T22"/><temp name="T1556"/><temp name="T1650"/><temp name="T1581"/><temp name="T472"/><temp name="T1569"/><temp name="T1608"/><temp name="T1613"/><temp name="T1660"/><temp name="T1588"/><temp name="T1665"/><temp name="T1596"/><temp name="T1619"/><temp name="T484"/><temp name="T1603"/><temp name="T1576"/><temp name="T1654"/><temp name="T1561"/><temp name="T1565"/></temps></instruction><instruction code="OR T485, T22, 0"><temps name="use"><temp name="T22"/></temps><temps name="def"><temp name="T485"/></temps><temps name="in"><temp name="T1592"/><temp name="T22"/><temp name="T1556"/><temp name="T1650"/><temp name="T1581"/><temp name="T472"/><temp name="T1569"/><temp name="T1608"/><temp name="T1613"/><temp name="T1660"/><temp name="T1588"/><temp name="T1665"/><temp name="T1596"/><temp name="T1619"/><temp name="T484"/><temp name="T1603"/><temp name="T1576"/><temp name="T1654"/><temp name="T1561"/><temp name="T1565"/></temps><temps name="out"><temp name="T1592"/><temp name="T22"/><temp name="T1556"/><temp name="T1650"/><temp name="T1581"/><temp name="T472"/><temp name="T1569"/><temp name="T1608"/><temp name="T1613"/><temp name="T1660"/><temp name="T1588"/><temp name="T1665"/><temp name="T1596"/><temp name="T1619"/><temp name="T485"/><temp name="T484"/><temp name="T1603"/><temp name="T1576"/><temp name="T1654"/><temp name="T1561"/><temp name="T1565"/></temps></instruction><instruction code="SETL  T1601, 88"><temps name="use"/><temps name="def"><temp name="T1601"/></temps><temps name="in"><temp name="T1592"/><temp name="T22"/><temp name="T1556"/><temp name="T1650"/><temp name="T1581"/><temp name="T472"/><temp name="T1569"/><temp name="T1608"/><temp name="T1613"/><temp name="T1660"/><temp name="T1588"/><temp name="T1665"/><temp name="T1596"/><temp name="T1619"/><temp name="T485"/><temp name="T484"/><temp name="T1603"/><temp name="T1576"/><temp name="T1654"/><temp name="T1561"/><temp name="T1565"/></temps><temps name="out"><temp name="T1592"/><temp name="T22"/><temp name="T1556"/><temp name="T1650"/><temp name="T1581"/><temp name="T472"/><temp name="T1569"/><temp name="T1608"/><temp name="T1613"/><temp name="T1660"/><temp name="T1588"/><temp name="T1665"/><temp name="T1596"/><temp name="T1619"/><temp name="T485"/><temp name="T484"/><temp name="T1603"/><temp name="T1576"/><temp name="T1654"/><temp name="T1561"/><temp name="T1565"/></temps></instruction><instruction code="INCML T1601, 0"><temps name="use"/><temps name="def"><temp name="T1601"/></temps><temps name="in"><temp name="T1592"/><temp name="T22"/><temp name="T1556"/><temp name="T1650"/><temp name="T1581"/><temp name="T472"/><temp name="T1569"/><temp name="T1608"/><temp name="T1613"/><temp name="T1660"/><temp name="T1588"/><temp name="T1665"/><temp name="T1596"/><temp name="T1619"/><temp name="T485"/><temp name="T484"/><temp name="T1603"/><temp name="T1576"/><temp name="T1654"/><temp name="T1561"/><temp name="T1565"/></temps><temps name="out"><temp name="T1592"/><temp name="T22"/><temp name="T1556"/><temp name="T1650"/><temp name="T1581"/><temp name="T472"/><temp name="T1569"/><temp name="T1608"/><temp name="T1613"/><temp name="T1660"/><temp name="T1588"/><temp name="T1665"/><temp name="T1596"/><temp name="T1619"/><temp name="T485"/><temp name="T484"/><temp name="T1603"/><temp name="T1576"/><temp name="T1654"/><temp name="T1561"/><temp name="T1565"/></temps></instruction><instruction code="INCMH T1601, 0"><temps name="use"/><temps name="def"><temp name="T1601"/></temps><temps name="in"><temp name="T1592"/><temp name="T22"/><temp name="T1556"/><temp name="T1650"/><temp name="T1581"/><temp name="T472"/><temp name="T1569"/><temp name="T1608"/><temp name="T1613"/><temp name="T1660"/><temp name="T1588"/><temp name="T1665"/><temp name="T1596"/><temp name="T1619"/><temp name="T485"/><temp name="T484"/><temp name="T1603"/><temp name="T1576"/><temp name="T1654"/><temp name="T1561"/><temp name="T1565"/></temps><temps name="out"><temp name="T1592"/><temp name="T22"/><temp name="T1556"/><temp name="T1650"/><temp name="T1581"/><temp name="T472"/><temp name="T1569"/><temp name="T1608"/><temp name="T1613"/><temp name="T1660"/><temp name="T1588"/><temp name="T1665"/><temp name="T1596"/><temp name="T1619"/><temp name="T485"/><temp name="T484"/><temp name="T1603"/><temp name="T1576"/><temp name="T1654"/><temp name="T1561"/><temp name="T1565"/></temps></instruction><instruction code="INCH  T1601, 0"><temps name="use"/><temps name="def"><temp name="T1601"/></temps><temps name="in"><temp name="T1592"/><temp name="T22"/><temp name="T1556"/><temp name="T1650"/><temp name="T1581"/><temp name="T472"/><temp name="T1569"/><temp name="T1608"/><temp name="T1613"/><temp name="T1660"/><temp name="T1588"/><temp name="T1665"/><temp name="T1596"/><temp name="T1619"/><temp name="T485"/><temp name="T484"/><temp name="T1603"/><temp name="T1576"/><temp name="T1654"/><temp name="T1561"/><temp name="T1565"/></temps><temps name="out"><temp name="T1592"/><temp name="T22"/><temp name="T1556"/><temp name="T1650"/><temp name="T1601"/><temp name="T1581"/><temp name="T472"/><temp name="T1569"/><temp name="T1608"/><temp name="T1613"/><temp name="T1660"/><temp name="T1588"/><temp name="T1665"/><temp name="T1596"/><temp name="T1619"/><temp name="T485"/><temp name="T484"/><temp name="T1603"/><temp name="T1576"/><temp name="T1654"/><temp name="T1561"/><temp name="T1565"/></temps></instruction><instruction code="NEG T1601, 0, T1601"><temps name="use"><temp name="T1601"/></temps><temps name="def"><temp name="T1601"/></temps><temps name="in"><temp name="T1592"/><temp name="T22"/><temp name="T1556"/><temp name="T1650"/><temp name="T1601"/><temp name="T1581"/><temp name="T472"/><temp name="T1569"/><temp name="T1608"/><temp name="T1613"/><temp name="T1660"/><temp name="T1588"/><temp name="T1665"/><temp name="T1596"/><temp name="T1619"/><temp name="T485"/><temp name="T484"/><temp name="T1603"/><temp name="T1576"/><temp name="T1654"/><temp name="T1561"/><temp name="T1565"/></temps><temps name="out"><temp name="T1592"/><temp name="T22"/><temp name="T1556"/><temp name="T1650"/><temp name="T1601"/><temp name="T1581"/><temp name="T472"/><temp name="T1569"/><temp name="T1608"/><temp name="T1613"/><temp name="T1660"/><temp name="T1588"/><temp name="T1665"/><temp name="T1596"/><temp name="T1619"/><temp name="T485"/><temp name="T484"/><temp name="T1603"/><temp name="T1576"/><temp name="T1654"/><temp name="T1561"/><temp name="T1565"/></temps></instruction><instruction code="OR T486, T1601, 0"><temps name="use"><temp name="T1601"/></temps><temps name="def"><temp name="T486"/></temps><temps name="in"><temp name="T1592"/><temp name="T22"/><temp name="T1556"/><temp name="T1650"/><temp name="T1601"/><temp name="T1581"/><temp name="T472"/><temp name="T1569"/><temp name="T1608"/><temp name="T1613"/><temp name="T1660"/><temp name="T1588"/><temp name="T1665"/><temp name="T1596"/><temp name="T1619"/><temp name="T485"/><temp name="T484"/><temp name="T1603"/><temp name="T1576"/><temp name="T1654"/><temp name="T1561"/><temp name="T1565"/></temps><temps name="out"><temp name="T1592"/><temp name="T22"/><temp name="T1556"/><temp name="T1650"/><temp name="T1581"/><temp name="T472"/><temp name="T1569"/><temp name="T1608"/><temp name="T1613"/><temp name="T1660"/><temp name="T1588"/><temp name="T1665"/><temp name="T486"/><temp name="T1596"/><temp name="T1619"/><temp name="T485"/><temp name="T484"/><temp name="T1603"/><temp name="T1576"/><temp name="T1654"/><temp name="T1561"/><temp name="T1565"/></temps></instruction><instruction code="ADD T1602, T485, T486"><temps name="use"><temp name="T485"/><temp name="T486"/></temps><temps name="def"><temp name="T1602"/></temps><temps name="in"><temp name="T1592"/><temp name="T22"/><temp name="T1556"/><temp name="T1650"/><temp name="T1581"/><temp name="T472"/><temp name="T1569"/><temp name="T1608"/><temp name="T1613"/><temp name="T1660"/><temp name="T1588"/><temp name="T1665"/><temp name="T486"/><temp name="T1596"/><temp name="T1619"/><temp name="T485"/><temp name="T484"/><temp name="T1603"/><temp name="T1576"/><temp name="T1654"/><temp name="T1561"/><temp name="T1565"/></temps><temps name="out"><temp name="T1592"/><temp name="T22"/><temp name="T1556"/><temp name="T1650"/><temp name="T1581"/><temp name="T472"/><temp name="T1569"/><temp name="T1602"/><temp name="T1608"/><temp name="T1613"/><temp name="T1660"/><temp name="T1588"/><temp name="T1665"/><temp name="T1596"/><temp name="T1619"/><temp name="T484"/><temp name="T1603"/><temp name="T1576"/><temp name="T1654"/><temp name="T1561"/><temp name="T1565"/></temps></instruction><instruction code="OR T487, T1602, 0"><temps name="use"><temp name="T1602"/></temps><temps name="def"><temp name="T487"/></temps><temps name="in"><temp name="T1592"/><temp name="T22"/><temp name="T1556"/><temp name="T1650"/><temp name="T1581"/><temp name="T472"/><temp name="T1569"/><temp name="T1602"/><temp name="T1608"/><temp name="T1613"/><temp name="T1660"/><temp name="T1588"/><temp name="T1665"/><temp name="T1596"/><temp name="T1619"/><temp name="T484"/><temp name="T1603"/><temp name="T1576"/><temp name="T1654"/><temp name="T1561"/><temp name="T1565"/></temps><temps name="out"><temp name="T1592"/><temp name="T22"/><temp name="T1556"/><temp name="T1650"/><temp name="T1581"/><temp name="T472"/><temp name="T1569"/><temp name="T1608"/><temp name="T1613"/><temp name="T1660"/><temp name="T1588"/><temp name="T1665"/><temp name="T1596"/><temp name="T1619"/><temp name="T484"/><temp name="T1603"/><temp name="T1576"/><temp name="T1654"/><temp name="T1561"/><temp name="T1565"/></temps></instruction><instruction code="LDO T1604, T1603, 0"><temps name="use"><temp name="T1603"/></temps><temps name="def"><temp name="T1604"/></temps><temps name="in"><temp name="T1592"/><temp name="T22"/><temp name="T1556"/><temp name="T1650"/><temp name="T1581"/><temp name="T472"/><temp name="T1569"/><temp name="T1608"/><temp name="T1613"/><temp name="T1660"/><temp name="T1588"/><temp name="T1665"/><temp name="T1596"/><temp name="T1619"/><temp name="T484"/><temp name="T1603"/><temp name="T1576"/><temp name="T1654"/><temp name="T1561"/><temp name="T1565"/></temps><temps name="out"><temp name="T1592"/><temp name="T22"/><temp name="T1556"/><temp name="T1604"/><temp name="T1650"/><temp name="T1581"/><temp name="T472"/><temp name="T1569"/><temp name="T1608"/><temp name="T1613"/><temp name="T1660"/><temp name="T1588"/><temp name="T1665"/><temp name="T1596"/><temp name="T1619"/><temp name="T484"/><temp name="T1603"/><temp name="T1576"/><temp name="T1654"/><temp name="T1561"/><temp name="T1565"/></temps></instruction><instruction code="OR T488, T1604, 0"><temps name="use"><temp name="T1604"/></temps><temps name="def"><temp name="T488"/></temps><temps name="in"><temp name="T1592"/><temp name="T22"/><temp name="T1556"/><temp name="T1604"/><temp name="T1650"/><temp name="T1581"/><temp name="T472"/><temp name="T1569"/><temp name="T1608"/><temp name="T1613"/><temp name="T1660"/><temp name="T1588"/><temp name="T1665"/><temp name="T1596"/><temp name="T1619"/><temp name="T484"/><temp name="T1603"/><temp name="T1576"/><temp name="T1654"/><temp name="T1561"/><temp name="T1565"/></temps><temps name="out"><temp name="T1592"/><temp name="T22"/><temp name="T1556"/><temp name="T1650"/><temp name="T488"/><temp name="T1581"/><temp name="T472"/><temp name="T1569"/><temp name="T1608"/><temp name="T1613"/><temp name="T1660"/><temp name="T1588"/><temp name="T1665"/><temp name="T1596"/><temp name="T1619"/><temp name="T484"/><temp name="T1603"/><temp name="T1576"/><temp name="T1654"/><temp name="T1561"/><temp name="T1565"/></temps></instruction><instruction code="SETL  T1605, 8"><temps name="use"/><temps name="def"><temp name="T1605"/></temps><temps name="in"><temp name="T1592"/><temp name="T22"/><temp name="T1556"/><temp name="T1650"/><temp name="T488"/><temp name="T1581"/><temp name="T472"/><temp name="T1569"/><temp name="T1608"/><temp name="T1613"/><temp name="T1660"/><temp name="T1588"/><temp name="T1665"/><temp name="T1596"/><temp name="T1619"/><temp name="T484"/><temp name="T1603"/><temp name="T1576"/><temp name="T1654"/><temp name="T1561"/><temp name="T1565"/></temps><temps name="out"><temp name="T1592"/><temp name="T22"/><temp name="T1556"/><temp name="T1650"/><temp name="T488"/><temp name="T1581"/><temp name="T472"/><temp name="T1569"/><temp name="T1608"/><temp name="T1613"/><temp name="T1660"/><temp name="T1588"/><temp name="T1665"/><temp name="T1596"/><temp name="T1619"/><temp name="T484"/><temp name="T1603"/><temp name="T1576"/><temp name="T1654"/><temp name="T1561"/><temp name="T1565"/></temps></instruction><instruction code="INCML T1605, 0"><temps name="use"/><temps name="def"><temp name="T1605"/></temps><temps name="in"><temp name="T1592"/><temp name="T22"/><temp name="T1556"/><temp name="T1650"/><temp name="T488"/><temp name="T1581"/><temp name="T472"/><temp name="T1569"/><temp name="T1608"/><temp name="T1613"/><temp name="T1660"/><temp name="T1588"/><temp name="T1665"/><temp name="T1596"/><temp name="T1619"/><temp name="T484"/><temp name="T1603"/><temp name="T1576"/><temp name="T1654"/><temp name="T1561"/><temp name="T1565"/></temps><temps name="out"><temp name="T1592"/><temp name="T22"/><temp name="T1556"/><temp name="T1650"/><temp name="T488"/><temp name="T1581"/><temp name="T472"/><temp name="T1569"/><temp name="T1608"/><temp name="T1613"/><temp name="T1660"/><temp name="T1588"/><temp name="T1665"/><temp name="T1596"/><temp name="T1619"/><temp name="T484"/><temp name="T1603"/><temp name="T1576"/><temp name="T1654"/><temp name="T1561"/><temp name="T1565"/></temps></instruction><instruction code="INCMH T1605, 0"><temps name="use"/><temps name="def"><temp name="T1605"/></temps><temps name="in"><temp name="T1592"/><temp name="T22"/><temp name="T1556"/><temp name="T1650"/><temp name="T488"/><temp name="T1581"/><temp name="T472"/><temp name="T1569"/><temp name="T1608"/><temp name="T1613"/><temp name="T1660"/><temp name="T1588"/><temp name="T1665"/><temp name="T1596"/><temp name="T1619"/><temp name="T484"/><temp name="T1603"/><temp name="T1576"/><temp name="T1654"/><temp name="T1561"/><temp name="T1565"/></temps><temps name="out"><temp name="T1592"/><temp name="T22"/><temp name="T1556"/><temp name="T1650"/><temp name="T488"/><temp name="T1581"/><temp name="T472"/><temp name="T1569"/><temp name="T1608"/><temp name="T1613"/><temp name="T1660"/><temp name="T1588"/><temp name="T1665"/><temp name="T1596"/><temp name="T1619"/><temp name="T484"/><temp name="T1603"/><temp name="T1576"/><temp name="T1654"/><temp name="T1561"/><temp name="T1565"/></temps></instruction><instruction code="INCH  T1605, 0"><temps name="use"/><temps name="def"><temp name="T1605"/></temps><temps name="in"><temp name="T1592"/><temp name="T22"/><temp name="T1556"/><temp name="T1650"/><temp name="T488"/><temp name="T1581"/><temp name="T472"/><temp name="T1569"/><temp name="T1608"/><temp name="T1613"/><temp name="T1660"/><temp name="T1588"/><temp name="T1665"/><temp name="T1596"/><temp name="T1619"/><temp name="T484"/><temp name="T1603"/><temp name="T1576"/><temp name="T1654"/><temp name="T1561"/><temp name="T1565"/></temps><temps name="out"><temp name="T1592"/><temp name="T22"/><temp name="T1556"/><temp name="T1650"/><temp name="T1605"/><temp name="T488"/><temp name="T1581"/><temp name="T472"/><temp name="T1569"/><temp name="T1608"/><temp name="T1613"/><temp name="T1660"/><temp name="T1588"/><temp name="T1665"/><temp name="T1596"/><temp name="T1619"/><temp name="T484"/><temp name="T1603"/><temp name="T1576"/><temp name="T1654"/><temp name="T1561"/><temp name="T1565"/></temps></instruction><instruction code="OR T489, T1605, 0"><temps name="use"><temp name="T1605"/></temps><temps name="def"><temp name="T489"/></temps><temps name="in"><temp name="T1592"/><temp name="T22"/><temp name="T1556"/><temp name="T1650"/><temp name="T1605"/><temp name="T488"/><temp name="T1581"/><temp name="T472"/><temp name="T1569"/><temp name="T1608"/><temp name="T1613"/><temp name="T1660"/><temp name="T1588"/><temp name="T1665"/><temp name="T1596"/><temp name="T1619"/><temp name="T484"/><temp name="T1603"/><temp name="T1576"/><temp name="T1654"/><temp name="T1561"/><temp name="T1565"/></temps><temps name="out"><temp name="T1592"/><temp name="T22"/><temp name="T1556"/><temp name="T1650"/><temp name="T488"/><temp name="T1581"/><temp name="T472"/><temp name="T1569"/><temp name="T1608"/><temp name="T1613"/><temp name="T1660"/><temp name="T1588"/><temp name="T1665"/><temp name="T1596"/><temp name="T1619"/><temp name="T484"/><temp name="T1603"/><temp name="T489"/><temp name="T1576"/><temp name="T1654"/><temp name="T1561"/><temp name="T1565"/></temps></instruction><instruction code="MUL T1606, T488, T489"><temps name="use"><temp name="T488"/><temp name="T489"/></temps><temps name="def"><temp name="T1606"/></temps><temps name="in"><temp name="T1592"/><temp name="T22"/><temp name="T1556"/><temp name="T1650"/><temp name="T488"/><temp name="T1581"/><temp name="T472"/><temp name="T1569"/><temp name="T1608"/><temp name="T1613"/><temp name="T1660"/><temp name="T1588"/><temp name="T1665"/><temp name="T1596"/><temp name="T1619"/><temp name="T484"/><temp name="T1603"/><temp name="T489"/><temp name="T1576"/><temp name="T1654"/><temp name="T1561"/><temp name="T1565"/></temps><temps name="out"><temp name="T1592"/><temp name="T1606"/><temp name="T22"/><temp name="T1556"/><temp name="T1650"/><temp name="T1581"/><temp name="T472"/><temp name="T1569"/><temp name="T1608"/><temp name="T1613"/><temp name="T1660"/><temp name="T1588"/><temp name="T1665"/><temp name="T1596"/><temp name="T1619"/><temp name="T484"/><temp name="T1603"/><temp name="T1576"/><temp name="T1654"/><temp name="T1561"/><temp name="T1565"/></temps></instruction><instruction code="OR T490, T1606, 0"><temps name="use"><temp name="T1606"/></temps><temps name="def"><temp name="T490"/></temps><temps name="in"><temp name="T1592"/><temp name="T1606"/><temp name="T22"/><temp name="T1556"/><temp name="T1650"/><temp name="T1581"/><temp name="T472"/><temp name="T1569"/><temp name="T1608"/><temp name="T1613"/><temp name="T1660"/><temp name="T1588"/><temp name="T1665"/><temp name="T1596"/><temp name="T1619"/><temp name="T484"/><temp name="T1603"/><temp name="T1576"/><temp name="T1654"/><temp name="T1561"/><temp name="T1565"/></temps><temps name="out"><temp name="T1592"/><temp name="T490"/><temp name="T22"/><temp name="T1556"/><temp name="T1650"/><temp name="T1581"/><temp name="T472"/><temp name="T1569"/><temp name="T1608"/><temp name="T1613"/><temp name="T1660"/><temp name="T1588"/><temp name="T1665"/><temp name="T1596"/><temp name="T1619"/><temp name="T484"/><temp name="T1603"/><temp name="T1576"/><temp name="T1654"/><temp name="T1561"/><temp name="T1565"/></temps></instruction><instruction code="ADD T1607, T484, T490"><temps name="use"><temp name="T484"/><temp name="T490"/></temps><temps name="def"><temp name="T1607"/></temps><temps name="in"><temp name="T1592"/><temp name="T490"/><temp name="T22"/><temp name="T1556"/><temp name="T1650"/><temp name="T1581"/><temp name="T472"/><temp name="T1569"/><temp name="T1608"/><temp name="T1613"/><temp name="T1660"/><temp name="T1588"/><temp name="T1665"/><temp name="T1596"/><temp name="T1619"/><temp name="T484"/><temp name="T1603"/><temp name="T1576"/><temp name="T1654"/><temp name="T1561"/><temp name="T1565"/></temps><temps name="out"><temp name="T1592"/><temp name="T22"/><temp name="T1556"/><temp name="T1650"/><temp name="T1581"/><temp name="T472"/><temp name="T1569"/><temp name="T1608"/><temp name="T1613"/><temp name="T1660"/><temp name="T1588"/><temp name="T1665"/><temp name="T1596"/><temp name="T1619"/><temp name="T1603"/><temp name="T1576"/><temp name="T1654"/><temp name="T1561"/><temp name="T1565"/><temp name="T1607"/></temps></instruction><instruction code="OR T491, T1607, 0"><temps name="use"><temp name="T1607"/></temps><temps name="def"><temp name="T491"/></temps><temps name="in"><temp name="T1592"/><temp name="T22"/><temp name="T1556"/><temp name="T1650"/><temp name="T1581"/><temp name="T472"/><temp name="T1569"/><temp name="T1608"/><temp name="T1613"/><temp name="T1660"/><temp name="T1588"/><temp name="T1665"/><temp name="T1596"/><temp name="T1619"/><temp name="T1603"/><temp name="T1576"/><temp name="T1654"/><temp name="T1561"/><temp name="T1565"/><temp name="T1607"/></temps><temps name="out"><temp name="T1592"/><temp name="T22"/><temp name="T1556"/><temp name="T1650"/><temp name="T1581"/><temp name="T472"/><temp name="T1569"/><temp name="T1608"/><temp name="T1613"/><temp name="T1660"/><temp name="T1588"/><temp name="T1665"/><temp name="T1596"/><temp name="T1619"/><temp name="T1603"/><temp name="T1576"/><temp name="T1654"/><temp name="T1561"/><temp name="T1565"/></temps></instruction><instruction code="LDO T1609, T1608, 0"><temps name="use"><temp name="T1608"/></temps><temps name="def"><temp name="T1609"/></temps><temps name="in"><temp name="T1592"/><temp name="T22"/><temp name="T1556"/><temp name="T1650"/><temp name="T1581"/><temp name="T472"/><temp name="T1569"/><temp name="T1608"/><temp name="T1613"/><temp name="T1660"/><temp name="T1588"/><temp name="T1665"/><temp name="T1596"/><temp name="T1619"/><temp name="T1603"/><temp name="T1576"/><temp name="T1654"/><temp name="T1561"/><temp name="T1565"/></temps><temps name="out"><temp name="T1592"/><temp name="T22"/><temp name="T1556"/><temp name="T1650"/><temp name="T1581"/><temp name="T472"/><temp name="T1569"/><temp name="T1613"/><temp name="T1608"/><temp name="T1660"/><temp name="T1588"/><temp name="T1609"/><temp name="T1665"/><temp name="T1596"/><temp name="T1619"/><temp name="T1603"/><temp name="T1576"/><temp name="T1654"/><temp name="T1561"/><temp name="T1565"/></temps></instruction><instruction code="OR T492, T1609, 0"><temps name="use"><temp name="T1609"/></temps><temps name="def"><temp name="T492"/></temps><temps name="in"><temp name="T1592"/><temp name="T22"/><temp name="T1556"/><temp name="T1650"/><temp name="T1581"/><temp name="T472"/><temp name="T1569"/><temp name="T1613"/><temp name="T1608"/><temp name="T1660"/><temp name="T1588"/><temp name="T1609"/><temp name="T1665"/><temp name="T1596"/><temp name="T1619"/><temp name="T1603"/><temp name="T1576"/><temp name="T1654"/><temp name="T1561"/><temp name="T1565"/></temps><temps name="out"><temp name="T1592"/><temp name="T22"/><temp name="T1556"/><temp name="T1650"/><temp name="T1581"/><temp name="T472"/><temp name="T1569"/><temp name="T1613"/><temp name="T1608"/><temp name="T492"/><temp name="T1660"/><temp name="T1588"/><temp name="T1665"/><temp name="T1596"/><temp name="T1619"/><temp name="T1603"/><temp name="T1576"/><temp name="T1654"/><temp name="T1561"/><temp name="T1565"/></temps></instruction><instruction code="SETL  T1610, 8"><temps name="use"/><temps name="def"><temp name="T1610"/></temps><temps name="in"><temp name="T1592"/><temp name="T22"/><temp name="T1556"/><temp name="T1650"/><temp name="T1581"/><temp name="T472"/><temp name="T1569"/><temp name="T1613"/><temp name="T1608"/><temp name="T492"/><temp name="T1660"/><temp name="T1588"/><temp name="T1665"/><temp name="T1596"/><temp name="T1619"/><temp name="T1603"/><temp name="T1576"/><temp name="T1654"/><temp name="T1561"/><temp name="T1565"/></temps><temps name="out"><temp name="T1592"/><temp name="T22"/><temp name="T1556"/><temp name="T1650"/><temp name="T1581"/><temp name="T472"/><temp name="T1569"/><temp name="T1613"/><temp name="T1608"/><temp name="T492"/><temp name="T1660"/><temp name="T1588"/><temp name="T1665"/><temp name="T1596"/><temp name="T1619"/><temp name="T1603"/><temp name="T1576"/><temp name="T1654"/><temp name="T1561"/><temp name="T1565"/></temps></instruction><instruction code="INCML T1610, 0"><temps name="use"/><temps name="def"><temp name="T1610"/></temps><temps name="in"><temp name="T1592"/><temp name="T22"/><temp name="T1556"/><temp name="T1650"/><temp name="T1581"/><temp name="T472"/><temp name="T1569"/><temp name="T1613"/><temp name="T1608"/><temp name="T492"/><temp name="T1660"/><temp name="T1588"/><temp name="T1665"/><temp name="T1596"/><temp name="T1619"/><temp name="T1603"/><temp name="T1576"/><temp name="T1654"/><temp name="T1561"/><temp name="T1565"/></temps><temps name="out"><temp name="T1592"/><temp name="T22"/><temp name="T1556"/><temp name="T1650"/><temp name="T1581"/><temp name="T472"/><temp name="T1569"/><temp name="T1613"/><temp name="T1608"/><temp name="T492"/><temp name="T1660"/><temp name="T1588"/><temp name="T1665"/><temp name="T1596"/><temp name="T1619"/><temp name="T1603"/><temp name="T1576"/><temp name="T1654"/><temp name="T1561"/><temp name="T1565"/></temps></instruction><instruction code="INCMH T1610, 0"><temps name="use"/><temps name="def"><temp name="T1610"/></temps><temps name="in"><temp name="T1592"/><temp name="T22"/><temp name="T1556"/><temp name="T1650"/><temp name="T1581"/><temp name="T472"/><temp name="T1569"/><temp name="T1613"/><temp name="T1608"/><temp name="T492"/><temp name="T1660"/><temp name="T1588"/><temp name="T1665"/><temp name="T1596"/><temp name="T1619"/><temp name="T1603"/><temp name="T1576"/><temp name="T1654"/><temp name="T1561"/><temp name="T1565"/></temps><temps name="out"><temp name="T1592"/><temp name="T22"/><temp name="T1556"/><temp name="T1650"/><temp name="T1581"/><temp name="T472"/><temp name="T1569"/><temp name="T1613"/><temp name="T1608"/><temp name="T492"/><temp name="T1660"/><temp name="T1588"/><temp name="T1665"/><temp name="T1596"/><temp name="T1619"/><temp name="T1603"/><temp name="T1576"/><temp name="T1654"/><temp name="T1561"/><temp name="T1565"/></temps></instruction><instruction code="INCH  T1610, 0"><temps name="use"/><temps name="def"><temp name="T1610"/></temps><temps name="in"><temp name="T1592"/><temp name="T22"/><temp name="T1556"/><temp name="T1650"/><temp name="T1581"/><temp name="T472"/><temp name="T1569"/><temp name="T1613"/><temp name="T1608"/><temp name="T492"/><temp name="T1660"/><temp name="T1588"/><temp name="T1665"/><temp name="T1596"/><temp name="T1619"/><temp name="T1603"/><temp name="T1576"/><temp name="T1654"/><temp name="T1561"/><temp name="T1565"/></temps><temps name="out"><temp name="T1592"/><temp name="T1610"/><temp name="T22"/><temp name="T1556"/><temp name="T1650"/><temp name="T1581"/><temp name="T472"/><temp name="T1569"/><temp name="T1613"/><temp name="T1608"/><temp name="T492"/><temp name="T1660"/><temp name="T1588"/><temp name="T1665"/><temp name="T1596"/><temp name="T1619"/><temp name="T1603"/><temp name="T1576"/><temp name="T1654"/><temp name="T1561"/><temp name="T1565"/></temps></instruction><instruction code="OR T493, T1610, 0"><temps name="use"><temp name="T1610"/></temps><temps name="def"><temp name="T493"/></temps><temps name="in"><temp name="T1592"/><temp name="T1610"/><temp name="T22"/><temp name="T1556"/><temp name="T1650"/><temp name="T1581"/><temp name="T472"/><temp name="T1569"/><temp name="T1613"/><temp name="T1608"/><temp name="T492"/><temp name="T1660"/><temp name="T1588"/><temp name="T1665"/><temp name="T1596"/><temp name="T1619"/><temp name="T1603"/><temp name="T1576"/><temp name="T1654"/><temp name="T1561"/><temp name="T1565"/></temps><temps name="out"><temp name="T1592"/><temp name="T22"/><temp name="T1556"/><temp name="T1650"/><temp name="T1581"/><temp name="T472"/><temp name="T1569"/><temp name="T493"/><temp name="T1613"/><temp name="T1608"/><temp name="T492"/><temp name="T1660"/><temp name="T1588"/><temp name="T1665"/><temp name="T1596"/><temp name="T1619"/><temp name="T1603"/><temp name="T1576"/><temp name="T1654"/><temp name="T1561"/><temp name="T1565"/></temps></instruction><instruction code="MUL T1611, T492, T493"><temps name="use"><temp name="T492"/><temp name="T493"/></temps><temps name="def"><temp name="T1611"/></temps><temps name="in"><temp name="T1592"/><temp name="T22"/><temp name="T1556"/><temp name="T1650"/><temp name="T1581"/><temp name="T472"/><temp name="T1569"/><temp name="T493"/><temp name="T1613"/><temp name="T1608"/><temp name="T492"/><temp name="T1660"/><temp name="T1588"/><temp name="T1665"/><temp name="T1596"/><temp name="T1619"/><temp name="T1603"/><temp name="T1576"/><temp name="T1654"/><temp name="T1561"/><temp name="T1565"/></temps><temps name="out"><temp name="T1592"/><temp name="T22"/><temp name="T1556"/><temp name="T1650"/><temp name="T1581"/><temp name="T472"/><temp name="T1569"/><temp name="T1613"/><temp name="T1608"/><temp name="T1660"/><temp name="T1588"/><temp name="T1611"/><temp name="T1665"/><temp name="T1596"/><temp name="T1619"/><temp name="T1603"/><temp name="T1576"/><temp name="T1654"/><temp name="T1561"/><temp name="T1565"/></temps></instruction><instruction code="OR T494, T1611, 0"><temps name="use"><temp name="T1611"/></temps><temps name="def"><temp name="T494"/></temps><temps name="in"><temp name="T1592"/><temp name="T22"/><temp name="T1556"/><temp name="T1650"/><temp name="T1581"/><temp name="T472"/><temp name="T1569"/><temp name="T1613"/><temp name="T1608"/><temp name="T1660"/><temp name="T1588"/><temp name="T1611"/><temp name="T1665"/><temp name="T1596"/><temp name="T1619"/><temp name="T1603"/><temp name="T1576"/><temp name="T1654"/><temp name="T1561"/><temp name="T1565"/></temps><temps name="out"><temp name="T1592"/><temp name="T22"/><temp name="T1556"/><temp name="T1650"/><temp name="T1581"/><temp name="T472"/><temp name="T1569"/><temp name="T1613"/><temp name="T1608"/><temp name="T1660"/><temp name="T1588"/><temp name="T1665"/><temp name="T494"/><temp name="T1596"/><temp name="T1619"/><temp name="T1603"/><temp name="T1576"/><temp name="T1654"/><temp name="T1561"/><temp name="T1565"/></temps></instruction><instruction code="ADD T1612, T472, T494"><temps name="use"><temp name="T472"/><temp name="T494"/></temps><temps name="def"><temp name="T1612"/></temps><temps name="in"><temp name="T1592"/><temp name="T22"/><temp name="T1556"/><temp name="T1650"/><temp name="T1581"/><temp name="T472"/><temp name="T1569"/><temp name="T1613"/><temp name="T1608"/><temp name="T1660"/><temp name="T1588"/><temp name="T1665"/><temp name="T494"/><temp name="T1596"/><temp name="T1619"/><temp name="T1603"/><temp name="T1576"/><temp name="T1654"/><temp name="T1561"/><temp name="T1565"/></temps><temps name="out"><temp name="T1592"/><temp name="T22"/><temp name="T1556"/><temp name="T1650"/><temp name="T1581"/><temp name="T1612"/><temp name="T1569"/><temp name="T1613"/><temp name="T1608"/><temp name="T1660"/><temp name="T1588"/><temp name="T1665"/><temp name="T1596"/><temp name="T1619"/><temp name="T1603"/><temp name="T1576"/><temp name="T1654"/><temp name="T1561"/><temp name="T1565"/></temps></instruction><instruction code="OR T495, T1612, 0"><temps name="use"><temp name="T1612"/></temps><temps name="def"><temp name="T495"/></temps><temps name="in"><temp name="T1592"/><temp name="T22"/><temp name="T1556"/><temp name="T1650"/><temp name="T1581"/><temp name="T1612"/><temp name="T1569"/><temp name="T1613"/><temp name="T1608"/><temp name="T1660"/><temp name="T1588"/><temp name="T1665"/><temp name="T1596"/><temp name="T1619"/><temp name="T1603"/><temp name="T1576"/><temp name="T1654"/><temp name="T1561"/><temp name="T1565"/></temps><temps name="out"><temp name="T1592"/><temp name="T22"/><temp name="T1556"/><temp name="T1650"/><temp name="T1581"/><temp name="T1569"/><temp name="T1613"/><temp name="T1608"/><temp name="T1660"/><temp name="T1588"/><temp name="T1665"/><temp name="T1596"/><temp name="T1619"/><temp name="T1603"/><temp name="T1576"/><temp name="T1654"/><temp name="T1561"/><temp name="T1565"/></temps></instruction><instruction code="LDO T1614, T1613, 0"><temps name="use"><temp name="T1613"/></temps><temps name="def"><temp name="T1614"/></temps><temps name="in"><temp name="T1592"/><temp name="T22"/><temp name="T1556"/><temp name="T1650"/><temp name="T1581"/><temp name="T1569"/><temp name="T1613"/><temp name="T1608"/><temp name="T1660"/><temp name="T1588"/><temp name="T1665"/><temp name="T1596"/><temp name="T1619"/><temp name="T1603"/><temp name="T1576"/><temp name="T1654"/><temp name="T1561"/><temp name="T1565"/></temps><temps name="out"><temp name="T1592"/><temp name="T1614"/><temp name="T22"/><temp name="T1556"/><temp name="T1650"/><temp name="T1581"/><temp name="T1569"/><temp name="T1608"/><temp name="T1613"/><temp name="T1660"/><temp name="T1588"/><temp name="T1665"/><temp name="T1596"/><temp name="T1619"/><temp name="T1603"/><temp name="T1576"/><temp name="T1654"/><temp name="T1561"/><temp name="T1565"/></temps></instruction><instruction code="OR T496, T1614, 0"><temps name="use"><temp name="T1614"/></temps><temps name="def"><temp name="T496"/></temps><temps name="in"><temp name="T1592"/><temp name="T1614"/><temp name="T22"/><temp name="T1556"/><temp name="T1650"/><temp name="T1581"/><temp name="T1569"/><temp name="T1608"/><temp name="T1613"/><temp name="T1660"/><temp name="T1588"/><temp name="T1665"/><temp name="T1596"/><temp name="T1619"/><temp name="T1603"/><temp name="T1576"/><temp name="T1654"/><temp name="T1561"/><temp name="T1565"/></temps><temps name="out"><temp name="T1592"/><temp name="T22"/><temp name="T1556"/><temp name="T1650"/><temp name="T1581"/><temp name="T1569"/><temp name="T1608"/><temp name="T1613"/><temp name="T1660"/><temp name="T1588"/><temp name="T1665"/><temp name="T1596"/><temp name="T1619"/><temp name="T496"/><temp name="T1603"/><temp name="T1576"/><temp name="T1654"/><temp name="T1561"/><temp name="T1565"/></temps></instruction><instruction code="BNZ T496, L53"><temps name="use"><temp name="T496"/></temps><temps name="def"/><temps name="in"><temp name="T1592"/><temp name="T22"/><temp name="T1556"/><temp name="T1650"/><temp name="T1581"/><temp name="T1569"/><temp name="T1608"/><temp name="T1613"/><temp name="T1660"/><temp name="T1588"/><temp name="T1665"/><temp name="T1596"/><temp name="T1619"/><temp name="T496"/><temp name="T1603"/><temp name="T1576"/><temp name="T1654"/><temp name="T1561"/><temp name="T1565"/></temps><temps name="out"><temp name="T1592"/><temp name="T22"/><temp name="T1556"/><temp name="T1650"/><temp name="T1581"/><temp name="T1569"/><temp name="T1608"/><temp name="T1613"/><temp name="T1660"/><temp name="T1588"/><temp name="T1665"/><temp name="T1596"/><temp name="T1619"/><temp name="T1603"/><temp name="T1576"/><temp name="T1654"/><temp name="T1561"/><temp name="T1565"/></temps></instruction><instruction code="L134"><temps name="use"/><temps name="def"/><temps name="in"><temp name="T1592"/><temp name="T22"/><temp name="T1556"/><temp name="T1650"/><temp name="T1581"/><temp name="T1569"/><temp name="T1608"/><temp name="T1613"/><temp name="T1660"/><temp name="T1588"/><temp name="T1665"/><temp name="T1596"/><temp name="T1619"/><temp name="T1603"/><temp name="T1576"/><temp name="T1654"/><temp name="T1561"/><temp name="T1565"/></temps><temps name="out"><temp name="T1592"/><temp name="T22"/><temp name="T1556"/><temp name="T1650"/><temp name="T1581"/><temp name="T1569"/><temp name="T1608"/><temp name="T1613"/><temp name="T1660"/><temp name="T1588"/><temp name="T1665"/><temp name="T1596"/><temp name="T1619"/><temp name="T1603"/><temp name="T1576"/><temp name="T1654"/><temp name="T1561"/><temp name="T1565"/></temps></instruction><instruction code="LDA T1615, L54"><temps name="use"/><temps name="def"><temp name="T1615"/></temps><temps name="in"><temp name="T1592"/><temp name="T22"/><temp name="T1556"/><temp name="T1650"/><temp name="T1581"/><temp name="T1569"/><temp name="T1608"/><temp name="T1613"/><temp name="T1660"/><temp name="T1588"/><temp name="T1665"/><temp name="T1596"/><temp name="T1619"/><temp name="T1603"/><temp name="T1576"/><temp name="T1654"/><temp name="T1561"/><temp name="T1565"/></temps><temps name="out"><temp name="T1592"/><temp name="T22"/><temp name="T1556"/><temp name="T1650"/><temp name="T1581"/><temp name="T1569"/><temp name="T1608"/><temp name="T1613"/><temp name="T1660"/><temp name="T1588"/><temp name="T1665"/><temp name="T1596"/><temp name="T1619"/><temp name="T1615"/><temp name="T1603"/><temp name="T1576"/><temp name="T1654"/><temp name="T1561"/><temp name="T1565"/></temps></instruction><instruction code="GO T1615, T1615, 0"><temps name="use"><temp name="T1615"/></temps><temps name="def"><temp name="T1615"/></temps><temps name="in"><temp name="T1592"/><temp name="T22"/><temp name="T1556"/><temp name="T1650"/><temp name="T1581"/><temp name="T1569"/><temp name="T1608"/><temp name="T1613"/><temp name="T1660"/><temp name="T1588"/><temp name="T1665"/><temp name="T1596"/><temp name="T1619"/><temp name="T1615"/><temp name="T1603"/><temp name="T1576"/><temp name="T1654"/><temp name="T1561"/><temp name="T1565"/></temps><temps name="out"><temp name="T1592"/><temp name="T22"/><temp name="T1556"/><temp name="T1650"/><temp name="T1581"/><temp name="T1569"/><temp name="T1608"/><temp name="T1613"/><temp name="T1660"/><temp name="T1588"/><temp name="T1665"/><temp name="T1596"/><temp name="T1619"/><temp name="T1603"/><temp name="T1576"/><temp name="T1654"/><temp name="T1561"/><temp name="T1565"/></temps></instruction><instruction code="L53"><temps name="use"/><temps name="def"/><temps name="in"><temp name="T1592"/><temp name="T22"/><temp name="T1556"/><temp name="T1650"/><temp name="T1581"/><temp name="T1569"/><temp name="T1608"/><temp name="T1613"/><temp name="T1660"/><temp name="T1588"/><temp name="T1665"/><temp name="T1596"/><temp name="T1619"/><temp name="T1603"/><temp name="T1576"/><temp name="T1654"/><temp name="T1561"/><temp name="T1565"/></temps><temps name="out"><temp name="T1592"/><temp name="T22"/><temp name="T1556"/><temp name="T1650"/><temp name="T1581"/><temp name="T1569"/><temp name="T1608"/><temp name="T1613"/><temp name="T1660"/><temp name="T1588"/><temp name="T1665"/><temp name="T1596"/><temp name="T1619"/><temp name="T1603"/><temp name="T1576"/><temp name="T1654"/><temp name="T1561"/><temp name="T1565"/></temps></instruction><instruction code="SETL  T1616, 0"><temps name="use"/><temps name="def"><temp name="T1616"/></temps><temps name="in"><temp name="T1592"/><temp name="T22"/><temp name="T1556"/><temp name="T1650"/><temp name="T1581"/><temp name="T1569"/><temp name="T1608"/><temp name="T1613"/><temp name="T1660"/><temp name="T1588"/><temp name="T1665"/><temp name="T1596"/><temp name="T1619"/><temp name="T1603"/><temp name="T1576"/><temp name="T1654"/><temp name="T1561"/><temp name="T1565"/></temps><temps name="out"><temp name="T1592"/><temp name="T22"/><temp name="T1556"/><temp name="T1650"/><temp name="T1581"/><temp name="T1569"/><temp name="T1608"/><temp name="T1613"/><temp name="T1660"/><temp name="T1588"/><temp name="T1665"/><temp name="T1596"/><temp name="T1619"/><temp name="T1603"/><temp name="T1576"/><temp name="T1654"/><temp name="T1561"/><temp name="T1565"/></temps></instruction><instruction code="INCML T1616, 0"><temps name="use"/><temps name="def"><temp name="T1616"/></temps><temps name="in"><temp name="T1592"/><temp name="T22"/><temp name="T1556"/><temp name="T1650"/><temp name="T1581"/><temp name="T1569"/><temp name="T1608"/><temp name="T1613"/><temp name="T1660"/><temp name="T1588"/><temp name="T1665"/><temp name="T1596"/><temp name="T1619"/><temp name="T1603"/><temp name="T1576"/><temp name="T1654"/><temp name="T1561"/><temp name="T1565"/></temps><temps name="out"><temp name="T1592"/><temp name="T22"/><temp name="T1556"/><temp name="T1650"/><temp name="T1581"/><temp name="T1569"/><temp name="T1608"/><temp name="T1613"/><temp name="T1660"/><temp name="T1588"/><temp name="T1665"/><temp name="T1596"/><temp name="T1619"/><temp name="T1603"/><temp name="T1576"/><temp name="T1654"/><temp name="T1561"/><temp name="T1565"/></temps></instruction><instruction code="INCMH T1616, 0"><temps name="use"/><temps name="def"><temp name="T1616"/></temps><temps name="in"><temp name="T1592"/><temp name="T22"/><temp name="T1556"/><temp name="T1650"/><temp name="T1581"/><temp name="T1569"/><temp name="T1608"/><temp name="T1613"/><temp name="T1660"/><temp name="T1588"/><temp name="T1665"/><temp name="T1596"/><temp name="T1619"/><temp name="T1603"/><temp name="T1576"/><temp name="T1654"/><temp name="T1561"/><temp name="T1565"/></temps><temps name="out"><temp name="T1592"/><temp name="T22"/><temp name="T1556"/><temp name="T1650"/><temp name="T1581"/><temp name="T1569"/><temp name="T1608"/><temp name="T1613"/><temp name="T1660"/><temp name="T1588"/><temp name="T1665"/><temp name="T1596"/><temp name="T1619"/><temp name="T1603"/><temp name="T1576"/><temp name="T1654"/><temp name="T1561"/><temp name="T1565"/></temps></instruction><instruction code="INCH  T1616, 0"><temps name="use"/><temps name="def"><temp name="T1616"/></temps><temps name="in"><temp name="T1592"/><temp name="T22"/><temp name="T1556"/><temp name="T1650"/><temp name="T1581"/><temp name="T1569"/><temp name="T1608"/><temp name="T1613"/><temp name="T1660"/><temp name="T1588"/><temp name="T1665"/><temp name="T1596"/><temp name="T1619"/><temp name="T1603"/><temp name="T1576"/><temp name="T1654"/><temp name="T1561"/><temp name="T1565"/></temps><temps name="out"><temp name="T1592"/><temp name="T1616"/><temp name="T22"/><temp name="T1556"/><temp name="T1650"/><temp name="T1581"/><temp name="T1569"/><temp name="T1608"/><temp name="T1613"/><temp name="T1660"/><temp name="T1588"/><temp name="T1665"/><temp name="T1596"/><temp name="T1619"/><temp name="T1603"/><temp name="T1576"/><temp name="T1654"/><temp name="T1561"/><temp name="T1565"/></temps></instruction><instruction code="OR T497, T1616, 0"><temps name="use"><temp name="T1616"/></temps><temps name="def"><temp name="T497"/></temps><temps name="in"><temp name="T1592"/><temp name="T1616"/><temp name="T22"/><temp name="T1556"/><temp name="T1650"/><temp name="T1581"/><temp name="T1569"/><temp name="T1608"/><temp name="T1613"/><temp name="T1660"/><temp name="T1588"/><temp name="T1665"/><temp name="T1596"/><temp name="T1619"/><temp name="T1603"/><temp name="T1576"/><temp name="T1654"/><temp name="T1561"/><temp name="T1565"/></temps><temps name="out"><temp name="T1592"/><temp name="T497"/><temp name="T22"/><temp name="T1556"/><temp name="T1650"/><temp name="T1581"/><temp name="T1569"/><temp name="T1608"/><temp name="T1613"/><temp name="T1660"/><temp name="T1588"/><temp name="T1665"/><temp name="T1596"/><temp name="T1619"/><temp name="T1603"/><temp name="T1576"/><temp name="T1654"/><temp name="T1561"/><temp name="T1565"/></temps></instruction><instruction code="LDO T1620, T1619, 0"><temps name="use"><temp name="T1619"/></temps><temps name="def"><temp name="T1620"/></temps><temps name="in"><temp name="T1592"/><temp name="T497"/><temp name="T22"/><temp name="T1556"/><temp name="T1650"/><temp name="T1581"/><temp name="T1569"/><temp name="T1608"/><temp name="T1613"/><temp name="T1660"/><temp name="T1588"/><temp name="T1665"/><temp name="T1596"/><temp name="T1619"/><temp name="T1603"/><temp name="T1576"/><temp name="T1654"/><temp name="T1561"/><temp name="T1565"/></temps><temps name="out"><temp name="T1592"/><temp name="T497"/><temp name="T22"/><temp name="T1620"/><temp name="T1556"/><temp name="T1650"/><temp name="T1581"/><temp name="T1569"/><temp name="T1608"/><temp name="T1613"/><temp name="T1660"/><temp name="T1588"/><temp name="T1665"/><temp name="T1596"/><temp name="T1619"/><temp name="T1603"/><temp name="T1576"/><temp name="T1654"/><temp name="T1561"/><temp name="T1565"/></temps></instruction><instruction code="STO T1620, T497, 0"><temps name="use"><temp name="T1620"/><temp name="T497"/></temps><temps name="def"/><temps name="in"><temp name="T1592"/><temp name="T497"/><temp name="T22"/><temp name="T1620"/><temp name="T1556"/><temp name="T1650"/><temp name="T1581"/><temp name="T1569"/><temp name="T1608"/><temp name="T1613"/><temp name="T1660"/><temp name="T1588"/><temp name="T1665"/><temp name="T1596"/><temp name="T1619"/><temp name="T1603"/><temp name="T1576"/><temp name="T1654"/><temp name="T1561"/><temp name="T1565"/></temps><temps name="out"><temp name="T1592"/><temp name="T22"/><temp name="T1556"/><temp name="T1650"/><temp name="T1581"/><temp name="T1569"/><temp name="T1608"/><temp name="T1613"/><temp name="T1660"/><temp name="T1588"/><temp name="T1665"/><temp name="T1596"/><temp name="T1619"/><temp name="T1603"/><temp name="T1576"/><temp name="T1654"/><temp name="T1561"/><temp name="T1565"/></temps></instruction><instruction code="LDA T1621, L55"><temps name="use"/><temps name="def"><temp name="T1621"/></temps><temps name="in"><temp name="T1592"/><temp name="T22"/><temp name="T1556"/><temp name="T1650"/><temp name="T1581"/><temp name="T1569"/><temp name="T1608"/><temp name="T1613"/><temp name="T1660"/><temp name="T1588"/><temp name="T1665"/><temp name="T1596"/><temp name="T1619"/><temp name="T1603"/><temp name="T1576"/><temp name="T1654"/><temp name="T1561"/><temp name="T1565"/></temps><temps name="out"><temp name="T1592"/><temp name="T1621"/><temp name="T22"/><temp name="T1556"/><temp name="T1650"/><temp name="T1581"/><temp name="T1569"/><temp name="T1608"/><temp name="T1613"/><temp name="T1660"/><temp name="T1588"/><temp name="T1665"/><temp name="T1596"/><temp name="T1619"/><temp name="T1603"/><temp name="T1576"/><temp name="T1654"/><temp name="T1561"/><temp name="T1565"/></temps></instruction><instruction code="GO T1621, T1621, 0"><temps name="use"><temp name="T1621"/></temps><temps name="def"><temp name="T1621"/></temps><temps name="in"><temp name="T1592"/><temp name="T1621"/><temp name="T22"/><temp name="T1556"/><temp name="T1650"/><temp name="T1581"/><temp name="T1569"/><temp name="T1608"/><temp name="T1613"/><temp name="T1660"/><temp name="T1588"/><temp name="T1665"/><temp name="T1596"/><temp name="T1619"/><temp name="T1603"/><temp name="T1576"/><temp name="T1654"/><temp name="T1561"/><temp name="T1565"/></temps><temps name="out"><temp name="T1592"/><temp name="T22"/><temp name="T1556"/><temp name="T1650"/><temp name="T1581"/><temp name="T1569"/><temp name="T1608"/><temp name="T1613"/><temp name="T1660"/><temp name="T1588"/><temp name="T1665"/><temp name="T1596"/><temp name="T1619"/><temp name="T1603"/><temp name="T1576"/><temp name="T1654"/><temp name="T1561"/><temp name="T1565"/></temps></instruction><instruction code="L54"><temps name="use"/><temps name="def"/><temps name="in"><temp name="T1592"/><temp name="T22"/><temp name="T1556"/><temp name="T1650"/><temp name="T1581"/><temp name="T1569"/><temp name="T1608"/><temp name="T1613"/><temp name="T1660"/><temp name="T1588"/><temp name="T1665"/><temp name="T1596"/><temp name="T1619"/><temp name="T1603"/><temp name="T1576"/><temp name="T1654"/><temp name="T1561"/><temp name="T1565"/></temps><temps name="out"><temp name="T1592"/><temp name="T22"/><temp name="T1556"/><temp name="T1650"/><temp name="T1581"/><temp name="T1569"/><temp name="T1608"/><temp name="T1613"/><temp name="T1660"/><temp name="T1588"/><temp name="T1665"/><temp name="T1596"/><temp name="T1619"/><temp name="T1603"/><temp name="T1576"/><temp name="T1654"/><temp name="T1561"/><temp name="T1565"/></temps></instruction><instruction code="SETL  T1622, 1"><temps name="use"/><temps name="def"><temp name="T1622"/></temps><temps name="in"><temp name="T1592"/><temp name="T22"/><temp name="T1556"/><temp name="T1650"/><temp name="T1581"/><temp name="T1569"/><temp name="T1608"/><temp name="T1613"/><temp name="T1660"/><temp name="T1588"/><temp name="T1665"/><temp name="T1596"/><temp name="T1619"/><temp name="T1603"/><temp name="T1576"/><temp name="T1654"/><temp name="T1561"/><temp name="T1565"/></temps><temps name="out"><temp name="T1592"/><temp name="T22"/><temp name="T1556"/><temp name="T1650"/><temp name="T1581"/><temp name="T1569"/><temp name="T1608"/><temp name="T1613"/><temp name="T1660"/><temp name="T1588"/><temp name="T1665"/><temp name="T1596"/><temp name="T1619"/><temp name="T1603"/><temp name="T1576"/><temp name="T1654"/><temp name="T1561"/><temp name="T1565"/></temps></instruction><instruction code="INCML T1622, 0"><temps name="use"/><temps name="def"><temp name="T1622"/></temps><temps name="in"><temp name="T1592"/><temp name="T22"/><temp name="T1556"/><temp name="T1650"/><temp name="T1581"/><temp name="T1569"/><temp name="T1608"/><temp name="T1613"/><temp name="T1660"/><temp name="T1588"/><temp name="T1665"/><temp name="T1596"/><temp name="T1619"/><temp name="T1603"/><temp name="T1576"/><temp name="T1654"/><temp name="T1561"/><temp name="T1565"/></temps><temps name="out"><temp name="T1592"/><temp name="T22"/><temp name="T1556"/><temp name="T1650"/><temp name="T1581"/><temp name="T1569"/><temp name="T1608"/><temp name="T1613"/><temp name="T1660"/><temp name="T1588"/><temp name="T1665"/><temp name="T1596"/><temp name="T1619"/><temp name="T1603"/><temp name="T1576"/><temp name="T1654"/><temp name="T1561"/><temp name="T1565"/></temps></instruction><instruction code="INCMH T1622, 0"><temps name="use"/><temps name="def"><temp name="T1622"/></temps><temps name="in"><temp name="T1592"/><temp name="T22"/><temp name="T1556"/><temp name="T1650"/><temp name="T1581"/><temp name="T1569"/><temp name="T1608"/><temp name="T1613"/><temp name="T1660"/><temp name="T1588"/><temp name="T1665"/><temp name="T1596"/><temp name="T1619"/><temp name="T1603"/><temp name="T1576"/><temp name="T1654"/><temp name="T1561"/><temp name="T1565"/></temps><temps name="out"><temp name="T1592"/><temp name="T22"/><temp name="T1556"/><temp name="T1650"/><temp name="T1581"/><temp name="T1569"/><temp name="T1608"/><temp name="T1613"/><temp name="T1660"/><temp name="T1588"/><temp name="T1665"/><temp name="T1596"/><temp name="T1619"/><temp name="T1603"/><temp name="T1576"/><temp name="T1654"/><temp name="T1561"/><temp name="T1565"/></temps></instruction><instruction code="INCH  T1622, 0"><temps name="use"/><temps name="def"><temp name="T1622"/></temps><temps name="in"><temp name="T1592"/><temp name="T22"/><temp name="T1556"/><temp name="T1650"/><temp name="T1581"/><temp name="T1569"/><temp name="T1608"/><temp name="T1613"/><temp name="T1660"/><temp name="T1588"/><temp name="T1665"/><temp name="T1596"/><temp name="T1619"/><temp name="T1603"/><temp name="T1576"/><temp name="T1654"/><temp name="T1561"/><temp name="T1565"/></temps><temps name="out"><temp name="T1592"/><temp name="T22"/><temp name="T1556"/><temp name="T1650"/><temp name="T1581"/><temp name="T1569"/><temp name="T1608"/><temp name="T1613"/><temp name="T1622"/><temp name="T1660"/><temp name="T1588"/><temp name="T1665"/><temp name="T1596"/><temp name="T1619"/><temp name="T1603"/><temp name="T1576"/><temp name="T1654"/><temp name="T1561"/><temp name="T1565"/></temps></instruction><instruction code="OR T498, T1622, 0"><temps name="use"><temp name="T1622"/></temps><temps name="def"><temp name="T498"/></temps><temps name="in"><temp name="T1592"/><temp name="T22"/><temp name="T1556"/><temp name="T1650"/><temp name="T1581"/><temp name="T1569"/><temp name="T1608"/><temp name="T1613"/><temp name="T1622"/><temp name="T1660"/><temp name="T1588"/><temp name="T1665"/><temp name="T1596"/><temp name="T1619"/><temp name="T1603"/><temp name="T1576"/><temp name="T1654"/><temp name="T1561"/><temp name="T1565"/></temps><temps name="out"><temp name="T1592"/><temp name="T22"/><temp name="T1556"/><temp name="T1650"/><temp name="T1581"/><temp name="T1569"/><temp name="T1608"/><temp name="T1613"/><temp name="T1660"/><temp name="T1588"/><temp name="T1665"/><temp name="T1596"/><temp name="T1619"/><temp name="T498"/><temp name="T1603"/><temp name="T1576"/><temp name="T1654"/><temp name="T1561"/><temp name="T1565"/></temps></instruction><instruction code="LDO T1651, T1650, 0"><temps name="use"><temp name="T1650"/></temps><temps name="def"><temp name="T1651"/></temps><temps name="in"><temp name="T1592"/><temp name="T22"/><temp name="T1556"/><temp name="T1650"/><temp name="T1581"/><temp name="T1569"/><temp name="T1608"/><temp name="T1613"/><temp name="T1660"/><temp name="T1588"/><temp name="T1665"/><temp name="T1596"/><temp name="T1619"/><temp name="T498"/><temp name="T1603"/><temp name="T1576"/><temp name="T1654"/><temp name="T1561"/><temp name="T1565"/></temps><temps name="out"><temp name="T1592"/><temp name="T22"/><temp name="T1556"/><temp name="T1650"/><temp name="T1581"/><temp name="T1569"/><temp name="T1608"/><temp name="T1613"/><temp name="T1660"/><temp name="T1588"/><temp name="T1665"/><temp name="T1596"/><temp name="T1619"/><temp name="T1651"/><temp name="T498"/><temp name="T1603"/><temp name="T1576"/><temp name="T1654"/><temp name="T1561"/><temp name="T1565"/></temps></instruction><instruction code="STO T1651, T498, 0"><temps name="use"><temp name="T1651"/><temp name="T498"/></temps><temps name="def"/><temps name="in"><temp name="T1592"/><temp name="T22"/><temp name="T1556"/><temp name="T1650"/><temp name="T1581"/><temp name="T1569"/><temp name="T1608"/><temp name="T1613"/><temp name="T1660"/><temp name="T1588"/><temp name="T1665"/><temp name="T1596"/><temp name="T1619"/><temp name="T1651"/><temp name="T498"/><temp name="T1603"/><temp name="T1576"/><temp name="T1654"/><temp name="T1561"/><temp name="T1565"/></temps><temps name="out"><temp name="T1592"/><temp name="T22"/><temp name="T1556"/><temp name="T1650"/><temp name="T1581"/><temp name="T1569"/><temp name="T1608"/><temp name="T1613"/><temp name="T1660"/><temp name="T1588"/><temp name="T1665"/><temp name="T1596"/><temp name="T1619"/><temp name="T1603"/><temp name="T1576"/><temp name="T1654"/><temp name="T1561"/><temp name="T1565"/></temps></instruction><instruction code="L55"><temps name="use"/><temps name="def"/><temps name="in"><temp name="T1592"/><temp name="T22"/><temp name="T1556"/><temp name="T1650"/><temp name="T1581"/><temp name="T1569"/><temp name="T1608"/><temp name="T1613"/><temp name="T1660"/><temp name="T1588"/><temp name="T1665"/><temp name="T1596"/><temp name="T1619"/><temp name="T1603"/><temp name="T1576"/><temp name="T1654"/><temp name="T1561"/><temp name="T1565"/></temps><temps name="out"><temp name="T1592"/><temp name="T22"/><temp name="T1556"/><temp name="T1650"/><temp name="T1581"/><temp name="T1569"/><temp name="T1608"/><temp name="T1613"/><temp name="T1660"/><temp name="T1588"/><temp name="T1665"/><temp name="T1596"/><temp name="T1619"/><temp name="T1603"/><temp name="T1576"/><temp name="T1654"/><temp name="T1561"/><temp name="T1565"/></temps></instruction><instruction code="L57"><temps name="use"/><temps name="def"/><temps name="in"><temp name="T1592"/><temp name="T22"/><temp name="T1556"/><temp name="T1650"/><temp name="T1581"/><temp name="T1569"/><temp name="T1608"/><temp name="T1613"/><temp name="T1660"/><temp name="T1588"/><temp name="T1665"/><temp name="T1596"/><temp name="T1619"/><temp name="T1603"/><temp name="T1576"/><temp name="T1654"/><temp name="T1561"/><temp name="T1565"/></temps><temps name="out"><temp name="T1592"/><temp name="T22"/><temp name="T1556"/><temp name="T1650"/><temp name="T1581"/><temp name="T1569"/><temp name="T1608"/><temp name="T1613"/><temp name="T1660"/><temp name="T1588"/><temp name="T1665"/><temp name="T1596"/><temp name="T1619"/><temp name="T1603"/><temp name="T1576"/><temp name="T1654"/><temp name="T1561"/><temp name="T1565"/></temps></instruction><instruction code="OR T499, T22, 0"><temps name="use"><temp name="T22"/></temps><temps name="def"><temp name="T499"/></temps><temps name="in"><temp name="T1592"/><temp name="T22"/><temp name="T1556"/><temp name="T1650"/><temp name="T1581"/><temp name="T1569"/><temp name="T1608"/><temp name="T1613"/><temp name="T1660"/><temp name="T1588"/><temp name="T1665"/><temp name="T1596"/><temp name="T1619"/><temp name="T1603"/><temp name="T1576"/><temp name="T1654"/><temp name="T1561"/><temp name="T1565"/></temps><temps name="out"><temp name="T1592"/><temp name="T22"/><temp name="T1556"/><temp name="T1650"/><temp name="T1581"/><temp name="T1569"/><temp name="T1608"/><temp name="T1613"/><temp name="T1660"/><temp name="T1588"/><temp name="T1665"/><temp name="T1596"/><temp name="T1619"/><temp name="T499"/><temp name="T1603"/><temp name="T1576"/><temp name="T1654"/><temp name="T1561"/><temp name="T1565"/></temps></instruction><instruction code="SETL  T1652, 88"><temps name="use"/><temps name="def"><temp name="T1652"/></temps><temps name="in"><temp name="T1592"/><temp name="T22"/><temp name="T1556"/><temp name="T1650"/><temp name="T1581"/><temp name="T1569"/><temp name="T1608"/><temp name="T1613"/><temp name="T1660"/><temp name="T1588"/><temp name="T1665"/><temp name="T1596"/><temp name="T1619"/><temp name="T499"/><temp name="T1603"/><temp name="T1576"/><temp name="T1654"/><temp name="T1561"/><temp name="T1565"/></temps><temps name="out"><temp name="T1592"/><temp name="T22"/><temp name="T1556"/><temp name="T1650"/><temp name="T1581"/><temp name="T1569"/><temp name="T1608"/><temp name="T1613"/><temp name="T1660"/><temp name="T1588"/><temp name="T1665"/><temp name="T1596"/><temp name="T1619"/><temp name="T499"/><temp name="T1603"/><temp name="T1576"/><temp name="T1654"/><temp name="T1561"/><temp name="T1565"/></temps></instruction><instruction code="INCML T1652, 0"><temps name="use"/><temps name="def"><temp name="T1652"/></temps><temps name="in"><temp name="T1592"/><temp name="T22"/><temp name="T1556"/><temp name="T1650"/><temp name="T1581"/><temp name="T1569"/><temp name="T1608"/><temp name="T1613"/><temp name="T1660"/><temp name="T1588"/><temp name="T1665"/><temp name="T1596"/><temp name="T1619"/><temp name="T499"/><temp name="T1603"/><temp name="T1576"/><temp name="T1654"/><temp name="T1561"/><temp name="T1565"/></temps><temps name="out"><temp name="T1592"/><temp name="T22"/><temp name="T1556"/><temp name="T1650"/><temp name="T1581"/><temp name="T1569"/><temp name="T1608"/><temp name="T1613"/><temp name="T1660"/><temp name="T1588"/><temp name="T1665"/><temp name="T1596"/><temp name="T1619"/><temp name="T499"/><temp name="T1603"/><temp name="T1576"/><temp name="T1654"/><temp name="T1561"/><temp name="T1565"/></temps></instruction><instruction code="INCMH T1652, 0"><temps name="use"/><temps name="def"><temp name="T1652"/></temps><temps name="in"><temp name="T1592"/><temp name="T22"/><temp name="T1556"/><temp name="T1650"/><temp name="T1581"/><temp name="T1569"/><temp name="T1608"/><temp name="T1613"/><temp name="T1660"/><temp name="T1588"/><temp name="T1665"/><temp name="T1596"/><temp name="T1619"/><temp name="T499"/><temp name="T1603"/><temp name="T1576"/><temp name="T1654"/><temp name="T1561"/><temp name="T1565"/></temps><temps name="out"><temp name="T1592"/><temp name="T22"/><temp name="T1556"/><temp name="T1650"/><temp name="T1581"/><temp name="T1569"/><temp name="T1608"/><temp name="T1613"/><temp name="T1660"/><temp name="T1588"/><temp name="T1665"/><temp name="T1596"/><temp name="T1619"/><temp name="T499"/><temp name="T1603"/><temp name="T1576"/><temp name="T1654"/><temp name="T1561"/><temp name="T1565"/></temps></instruction><instruction code="INCH  T1652, 0"><temps name="use"/><temps name="def"><temp name="T1652"/></temps><temps name="in"><temp name="T1592"/><temp name="T22"/><temp name="T1556"/><temp name="T1650"/><temp name="T1581"/><temp name="T1569"/><temp name="T1608"/><temp name="T1613"/><temp name="T1660"/><temp name="T1588"/><temp name="T1665"/><temp name="T1596"/><temp name="T1619"/><temp name="T499"/><temp name="T1603"/><temp name="T1576"/><temp name="T1654"/><temp name="T1561"/><temp name="T1565"/></temps><temps name="out"><temp name="T1592"/><temp name="T22"/><temp name="T1556"/><temp name="T1650"/><temp name="T1581"/><temp name="T1569"/><temp name="T1608"/><temp name="T1613"/><temp name="T1660"/><temp name="T1588"/><temp name="T1665"/><temp name="T1652"/><temp name="T1596"/><temp name="T1619"/><temp name="T499"/><temp name="T1603"/><temp name="T1576"/><temp name="T1654"/><temp name="T1561"/><temp name="T1565"/></temps></instruction><instruction code="NEG T1652, 0, T1652"><temps name="use"><temp name="T1652"/></temps><temps name="def"><temp name="T1652"/></temps><temps name="in"><temp name="T1592"/><temp name="T22"/><temp name="T1556"/><temp name="T1650"/><temp name="T1581"/><temp name="T1569"/><temp name="T1608"/><temp name="T1613"/><temp name="T1660"/><temp name="T1588"/><temp name="T1665"/><temp name="T1652"/><temp name="T1596"/><temp name="T1619"/><temp name="T499"/><temp name="T1603"/><temp name="T1576"/><temp name="T1654"/><temp name="T1561"/><temp name="T1565"/></temps><temps name="out"><temp name="T1592"/><temp name="T22"/><temp name="T1556"/><temp name="T1650"/><temp name="T1581"/><temp name="T1569"/><temp name="T1608"/><temp name="T1613"/><temp name="T1660"/><temp name="T1588"/><temp name="T1665"/><temp name="T1652"/><temp name="T1596"/><temp name="T1619"/><temp name="T499"/><temp name="T1603"/><temp name="T1576"/><temp name="T1654"/><temp name="T1561"/><temp name="T1565"/></temps></instruction><instruction code="OR T500, T1652, 0"><temps name="use"><temp name="T1652"/></temps><temps name="def"><temp name="T500"/></temps><temps name="in"><temp name="T1592"/><temp name="T22"/><temp name="T1556"/><temp name="T1650"/><temp name="T1581"/><temp name="T1569"/><temp name="T1608"/><temp name="T1613"/><temp name="T1660"/><temp name="T1588"/><temp name="T1665"/><temp name="T1652"/><temp name="T1596"/><temp name="T1619"/><temp name="T499"/><temp name="T1603"/><temp name="T1576"/><temp name="T1654"/><temp name="T1561"/><temp name="T1565"/></temps><temps name="out"><temp name="T1592"/><temp name="T500"/><temp name="T22"/><temp name="T1556"/><temp name="T1650"/><temp name="T1581"/><temp name="T1569"/><temp name="T1608"/><temp name="T1613"/><temp name="T1660"/><temp name="T1588"/><temp name="T1665"/><temp name="T1596"/><temp name="T1619"/><temp name="T499"/><temp name="T1603"/><temp name="T1576"/><temp name="T1654"/><temp name="T1561"/><temp name="T1565"/></temps></instruction><instruction code="ADD T1653, T499, T500"><temps name="use"><temp name="T499"/><temp name="T500"/></temps><temps name="def"><temp name="T1653"/></temps><temps name="in"><temp name="T1592"/><temp name="T500"/><temp name="T22"/><temp name="T1556"/><temp name="T1650"/><temp name="T1581"/><temp name="T1569"/><temp name="T1608"/><temp name="T1613"/><temp name="T1660"/><temp name="T1588"/><temp name="T1665"/><temp name="T1596"/><temp name="T1619"/><temp name="T499"/><temp name="T1603"/><temp name="T1576"/><temp name="T1654"/><temp name="T1561"/><temp name="T1565"/></temps><temps name="out"><temp name="T1653"/><temp name="T1592"/><temp name="T22"/><temp name="T1556"/><temp name="T1650"/><temp name="T1581"/><temp name="T1569"/><temp name="T1608"/><temp name="T1613"/><temp name="T1660"/><temp name="T1588"/><temp name="T1665"/><temp name="T1596"/><temp name="T1619"/><temp name="T1603"/><temp name="T1576"/><temp name="T1654"/><temp name="T1561"/><temp name="T1565"/></temps></instruction><instruction code="OR T501, T1653, 0"><temps name="use"><temp name="T1653"/></temps><temps name="def"><temp name="T501"/></temps><temps name="in"><temp name="T1653"/><temp name="T1592"/><temp name="T22"/><temp name="T1556"/><temp name="T1650"/><temp name="T1581"/><temp name="T1569"/><temp name="T1608"/><temp name="T1613"/><temp name="T1660"/><temp name="T1588"/><temp name="T1665"/><temp name="T1596"/><temp name="T1619"/><temp name="T1603"/><temp name="T1576"/><temp name="T1654"/><temp name="T1561"/><temp name="T1565"/></temps><temps name="out"><temp name="T1592"/><temp name="T22"/><temp name="T1556"/><temp name="T1650"/><temp name="T1581"/><temp name="T1569"/><temp name="T1608"/><temp name="T1613"/><temp name="T1660"/><temp name="T1588"/><temp name="T1665"/><temp name="T1596"/><temp name="T1619"/><temp name="T1603"/><temp name="T1576"/><temp name="T1654"/><temp name="T1561"/><temp name="T1565"/></temps></instruction><instruction code="LDO T1655, T1654, 0"><temps name="use"><temp name="T1654"/></temps><temps name="def"><temp name="T1655"/></temps><temps name="in"><temp name="T1592"/><temp name="T22"/><temp name="T1556"/><temp name="T1650"/><temp name="T1581"/><temp name="T1569"/><temp name="T1608"/><temp name="T1613"/><temp name="T1660"/><temp name="T1588"/><temp name="T1665"/><temp name="T1596"/><temp name="T1619"/><temp name="T1603"/><temp name="T1576"/><temp name="T1654"/><temp name="T1561"/><temp name="T1565"/></temps><temps name="out"><temp name="T1592"/><temp name="T22"/><temp name="T1556"/><temp name="T1650"/><temp name="T1581"/><temp name="T1569"/><temp name="T1608"/><temp name="T1613"/><temp name="T1660"/><temp name="T1588"/><temp name="T1665"/><temp name="T1596"/><temp name="T1619"/><temp name="T1655"/><temp name="T1603"/><temp name="T1576"/><temp name="T1561"/><temp name="T1565"/><temp name="T1654"/></temps></instruction><instruction code="OR T502, T1655, 0"><temps name="use"><temp name="T1655"/></temps><temps name="def"><temp name="T502"/></temps><temps name="in"><temp name="T1592"/><temp name="T22"/><temp name="T1556"/><temp name="T1650"/><temp name="T1581"/><temp name="T1569"/><temp name="T1608"/><temp name="T1613"/><temp name="T1660"/><temp name="T1588"/><temp name="T1665"/><temp name="T1596"/><temp name="T1619"/><temp name="T1655"/><temp name="T1603"/><temp name="T1576"/><temp name="T1561"/><temp name="T1565"/><temp name="T1654"/></temps><temps name="out"><temp name="T1592"/><temp name="T22"/><temp name="T1556"/><temp name="T1650"/><temp name="T1581"/><temp name="T1569"/><temp name="T1608"/><temp name="T1613"/><temp name="T1660"/><temp name="T1588"/><temp name="T1665"/><temp name="T1596"/><temp name="T1619"/><temp name="T1603"/><temp name="T1576"/><temp name="T1561"/><temp name="T1565"/><temp name="T1654"/><temp name="T502"/></temps></instruction><instruction code="SETL  T1656, 1"><temps name="use"/><temps name="def"><temp name="T1656"/></temps><temps name="in"><temp name="T1592"/><temp name="T22"/><temp name="T1556"/><temp name="T1650"/><temp name="T1581"/><temp name="T1569"/><temp name="T1608"/><temp name="T1613"/><temp name="T1660"/><temp name="T1588"/><temp name="T1665"/><temp name="T1596"/><temp name="T1619"/><temp name="T1603"/><temp name="T1576"/><temp name="T1561"/><temp name="T1565"/><temp name="T1654"/><temp name="T502"/></temps><temps name="out"><temp name="T1592"/><temp name="T22"/><temp name="T1556"/><temp name="T1650"/><temp name="T1581"/><temp name="T1569"/><temp name="T1608"/><temp name="T1613"/><temp name="T1660"/><temp name="T1588"/><temp name="T1665"/><temp name="T1596"/><temp name="T1619"/><temp name="T1603"/><temp name="T1576"/><temp name="T1561"/><temp name="T1565"/><temp name="T1654"/><temp name="T502"/></temps></instruction><instruction code="INCML T1656, 0"><temps name="use"/><temps name="def"><temp name="T1656"/></temps><temps name="in"><temp name="T1592"/><temp name="T22"/><temp name="T1556"/><temp name="T1650"/><temp name="T1581"/><temp name="T1569"/><temp name="T1608"/><temp name="T1613"/><temp name="T1660"/><temp name="T1588"/><temp name="T1665"/><temp name="T1596"/><temp name="T1619"/><temp name="T1603"/><temp name="T1576"/><temp name="T1561"/><temp name="T1565"/><temp name="T1654"/><temp name="T502"/></temps><temps name="out"><temp name="T1592"/><temp name="T22"/><temp name="T1556"/><temp name="T1650"/><temp name="T1581"/><temp name="T1569"/><temp name="T1608"/><temp name="T1613"/><temp name="T1660"/><temp name="T1588"/><temp name="T1665"/><temp name="T1596"/><temp name="T1619"/><temp name="T1603"/><temp name="T1576"/><temp name="T1561"/><temp name="T1565"/><temp name="T1654"/><temp name="T502"/></temps></instruction><instruction code="INCMH T1656, 0"><temps name="use"/><temps name="def"><temp name="T1656"/></temps><temps name="in"><temp name="T1592"/><temp name="T22"/><temp name="T1556"/><temp name="T1650"/><temp name="T1581"/><temp name="T1569"/><temp name="T1608"/><temp name="T1613"/><temp name="T1660"/><temp name="T1588"/><temp name="T1665"/><temp name="T1596"/><temp name="T1619"/><temp name="T1603"/><temp name="T1576"/><temp name="T1561"/><temp name="T1565"/><temp name="T1654"/><temp name="T502"/></temps><temps name="out"><temp name="T1592"/><temp name="T22"/><temp name="T1556"/><temp name="T1650"/><temp name="T1581"/><temp name="T1569"/><temp name="T1608"/><temp name="T1613"/><temp name="T1660"/><temp name="T1588"/><temp name="T1665"/><temp name="T1596"/><temp name="T1619"/><temp name="T1603"/><temp name="T1576"/><temp name="T1561"/><temp name="T1565"/><temp name="T1654"/><temp name="T502"/></temps></instruction><instruction code="INCH  T1656, 0"><temps name="use"/><temps name="def"><temp name="T1656"/></temps><temps name="in"><temp name="T1592"/><temp name="T22"/><temp name="T1556"/><temp name="T1650"/><temp name="T1581"/><temp name="T1569"/><temp name="T1608"/><temp name="T1613"/><temp name="T1660"/><temp name="T1588"/><temp name="T1665"/><temp name="T1596"/><temp name="T1619"/><temp name="T1603"/><temp name="T1576"/><temp name="T1561"/><temp name="T1565"/><temp name="T1654"/><temp name="T502"/></temps><temps name="out"><temp name="T1592"/><temp name="T22"/><temp name="T1556"/><temp name="T1650"/><temp name="T1581"/><temp name="T1569"/><temp name="T1608"/><temp name="T1613"/><temp name="T1660"/><temp name="T1588"/><temp name="T1665"/><temp name="T1596"/><temp name="T1619"/><temp name="T1656"/><temp name="T1603"/><temp name="T1576"/><temp name="T1561"/><temp name="T1565"/><temp name="T1654"/><temp name="T502"/></temps></instruction><instruction code="OR T503, T1656, 0"><temps name="use"><temp name="T1656"/></temps><temps name="def"><temp name="T503"/></temps><temps name="in"><temp name="T1592"/><temp name="T22"/><temp name="T1556"/><temp name="T1650"/><temp name="T1581"/><temp name="T1569"/><temp name="T1608"/><temp name="T1613"/><temp name="T1660"/><temp name="T1588"/><temp name="T1665"/><temp name="T1596"/><temp name="T1619"/><temp name="T1656"/><temp name="T1603"/><temp name="T1576"/><temp name="T1561"/><temp name="T1565"/><temp name="T1654"/><temp name="T502"/></temps><temps name="out"><temp name="T1592"/><temp name="T22"/><temp name="T1556"/><temp name="T1650"/><temp name="T1581"/><temp name="T1569"/><temp name="T503"/><temp name="T1608"/><temp name="T1613"/><temp name="T1660"/><temp name="T1588"/><temp name="T1665"/><temp name="T1596"/><temp name="T1619"/><temp name="T1603"/><temp name="T1576"/><temp name="T1561"/><temp name="T1565"/><temp name="T1654"/><temp name="T502"/></temps></instruction><instruction code="ADD T1657, T502, T503"><temps name="use"><temp name="T502"/><temp name="T503"/></temps><temps name="def"><temp name="T1657"/></temps><temps name="in"><temp name="T1592"/><temp name="T22"/><temp name="T1556"/><temp name="T1650"/><temp name="T1581"/><temp name="T1569"/><temp name="T503"/><temp name="T1608"/><temp name="T1613"/><temp name="T1660"/><temp name="T1588"/><temp name="T1665"/><temp name="T1596"/><temp name="T1619"/><temp name="T1603"/><temp name="T1576"/><temp name="T1561"/><temp name="T1565"/><temp name="T1654"/><temp name="T502"/></temps><temps name="out"><temp name="T1592"/><temp name="T22"/><temp name="T1556"/><temp name="T1650"/><temp name="T1581"/><temp name="T1569"/><temp name="T1608"/><temp name="T1613"/><temp name="T1660"/><temp name="T1588"/><temp name="T1665"/><temp name="T1596"/><temp name="T1619"/><temp name="T1603"/><temp name="T1657"/><temp name="T1576"/><temp name="T1561"/><temp name="T1565"/><temp name="T1654"/></temps></instruction><instruction code="OR T504, T1657, 0"><temps name="use"><temp name="T1657"/></temps><temps name="def"><temp name="T504"/></temps><temps name="in"><temp name="T1592"/><temp name="T22"/><temp name="T1556"/><temp name="T1650"/><temp name="T1581"/><temp name="T1569"/><temp name="T1608"/><temp name="T1613"/><temp name="T1660"/><temp name="T1588"/><temp name="T1665"/><temp name="T1596"/><temp name="T1619"/><temp name="T1603"/><temp name="T1657"/><temp name="T1576"/><temp name="T1561"/><temp name="T1565"/><temp name="T1654"/></temps><temps name="out"><temp name="T1592"/><temp name="T22"/><temp name="T1556"/><temp name="T1650"/><temp name="T1581"/><temp name="T1569"/><temp name="T1608"/><temp name="T1613"/><temp name="T1660"/><temp name="T1588"/><temp name="T1665"/><temp name="T1596"/><temp name="T504"/><temp name="T1619"/><temp name="T1603"/><temp name="T1576"/><temp name="T1561"/><temp name="T1565"/><temp name="T1654"/></temps></instruction><instruction code="LDO T1661, T1660, 0"><temps name="use"><temp name="T1660"/></temps><temps name="def"><temp name="T1661"/></temps><temps name="in"><temp name="T1592"/><temp name="T22"/><temp name="T1556"/><temp name="T1650"/><temp name="T1581"/><temp name="T1569"/><temp name="T1608"/><temp name="T1613"/><temp name="T1660"/><temp name="T1588"/><temp name="T1665"/><temp name="T1596"/><temp name="T504"/><temp name="T1619"/><temp name="T1603"/><temp name="T1576"/><temp name="T1561"/><temp name="T1565"/><temp name="T1654"/></temps><temps name="out"><temp name="T1592"/><temp name="T1661"/><temp name="T22"/><temp name="T1556"/><temp name="T1650"/><temp name="T1581"/><temp name="T1569"/><temp name="T1608"/><temp name="T1613"/><temp name="T1588"/><temp name="T1660"/><temp name="T1665"/><temp name="T1596"/><temp name="T504"/><temp name="T1619"/><temp name="T1603"/><temp name="T1576"/><temp name="T1561"/><temp name="T1565"/><temp name="T1654"/></temps></instruction><instruction code="STO T1661, T504, 0"><temps name="use"><temp name="T1661"/><temp name="T504"/></temps><temps name="def"/><temps name="in"><temp name="T1592"/><temp name="T1661"/><temp name="T22"/><temp name="T1556"/><temp name="T1650"/><temp name="T1581"/><temp name="T1569"/><temp name="T1608"/><temp name="T1613"/><temp name="T1588"/><temp name="T1660"/><temp name="T1665"/><temp name="T1596"/><temp name="T504"/><temp name="T1619"/><temp name="T1603"/><temp name="T1576"/><temp name="T1561"/><temp name="T1565"/><temp name="T1654"/></temps><temps name="out"><temp name="T1592"/><temp name="T22"/><temp name="T1556"/><temp name="T1650"/><temp name="T1581"/><temp name="T1569"/><temp name="T1608"/><temp name="T1613"/><temp name="T1588"/><temp name="T1660"/><temp name="T1665"/><temp name="T1596"/><temp name="T1619"/><temp name="T1603"/><temp name="T1576"/><temp name="T1561"/><temp name="T1565"/><temp name="T1654"/></temps></instruction><instruction code="LDA T1662, L58"><temps name="use"/><temps name="def"><temp name="T1662"/></temps><temps name="in"><temp name="T1592"/><temp name="T22"/><temp name="T1556"/><temp name="T1650"/><temp name="T1581"/><temp name="T1569"/><temp name="T1608"/><temp name="T1613"/><temp name="T1588"/><temp name="T1660"/><temp name="T1665"/><temp name="T1596"/><temp name="T1619"/><temp name="T1603"/><temp name="T1576"/><temp name="T1561"/><temp name="T1565"/><temp name="T1654"/></temps><temps name="out"><temp name="T1592"/><temp name="T22"/><temp name="T1556"/><temp name="T1650"/><temp name="T1581"/><temp name="T1569"/><temp name="T1608"/><temp name="T1613"/><temp name="T1588"/><temp name="T1660"/><temp name="T1665"/><temp name="T1596"/><temp name="T1619"/><temp name="T1662"/><temp name="T1603"/><temp name="T1576"/><temp name="T1561"/><temp name="T1565"/><temp name="T1654"/></temps></instruction><instruction code="GO T1662, T1662, 0"><temps name="use"><temp name="T1662"/></temps><temps name="def"><temp name="T1662"/></temps><temps name="in"><temp name="T1592"/><temp name="T22"/><temp name="T1556"/><temp name="T1650"/><temp name="T1581"/><temp name="T1569"/><temp name="T1608"/><temp name="T1613"/><temp name="T1588"/><temp name="T1660"/><temp name="T1665"/><temp name="T1596"/><temp name="T1619"/><temp name="T1662"/><temp name="T1603"/><temp name="T1576"/><temp name="T1561"/><temp name="T1565"/><temp name="T1654"/></temps><temps name="out"><temp name="T1592"/><temp name="T22"/><temp name="T1556"/><temp name="T1650"/><temp name="T1581"/><temp name="T1569"/><temp name="T1608"/><temp name="T1613"/><temp name="T1588"/><temp name="T1660"/><temp name="T1665"/><temp name="T1596"/><temp name="T1619"/><temp name="T1603"/><temp name="T1576"/><temp name="T1561"/><temp name="T1565"/><temp name="T1654"/></temps></instruction><instruction code="L60"><temps name="use"/><temps name="def"/><temps name="in"><temp name="T1665"/><temp name="T22"/></temps><temps name="out"><temp name="T1665"/><temp name="T22"/></temps></instruction><instruction code="OR T505, T22, 0"><temps name="use"><temp name="T22"/></temps><temps name="def"><temp name="T505"/></temps><temps name="in"><temp name="T1665"/><temp name="T22"/></temps><temps name="out"><temp name="T1665"/><temp name="T505"/></temps></instruction><instruction code="SETL  T1663, 96"><temps name="use"/><temps name="def"><temp name="T1663"/></temps><temps name="in"><temp name="T1665"/><temp name="T505"/></temps><temps name="out"><temp name="T1665"/><temp name="T505"/></temps></instruction><instruction code="INCML T1663, 0"><temps name="use"/><temps name="def"><temp name="T1663"/></temps><temps name="in"><temp name="T1665"/><temp name="T505"/></temps><temps name="out"><temp name="T1665"/><temp name="T505"/></temps></instruction><instruction code="INCMH T1663, 0"><temps name="use"/><temps name="def"><temp name="T1663"/></temps><temps name="in"><temp name="T1665"/><temp name="T505"/></temps><temps name="out"><temp name="T1665"/><temp name="T505"/></temps></instruction><instruction code="INCH  T1663, 0"><temps name="use"/><temps name="def"><temp name="T1663"/></temps><temps name="in"><temp name="T1665"/><temp name="T505"/></temps><temps name="out"><temp name="T1665"/><temp name="T1663"/><temp name="T505"/></temps></instruction><instruction code="NEG T1663, 0, T1663"><temps name="use"><temp name="T1663"/></temps><temps name="def"><temp name="T1663"/></temps><temps name="in"><temp name="T1665"/><temp name="T1663"/><temp name="T505"/></temps><temps name="out"><temp name="T1665"/><temp name="T1663"/><temp name="T505"/></temps></instruction><instruction code="OR T506, T1663, 0"><temps name="use"><temp name="T1663"/></temps><temps name="def"><temp name="T506"/></temps><temps name="in"><temp name="T1665"/><temp name="T1663"/><temp name="T505"/></temps><temps name="out"><temp name="T1665"/><temp name="T506"/><temp name="T505"/></temps></instruction><instruction code="ADD T1664, T505, T506"><temps name="use"><temp name="T505"/><temp name="T506"/></temps><temps name="def"><temp name="T1664"/></temps><temps name="in"><temp name="T1665"/><temp name="T506"/><temp name="T505"/></temps><temps name="out"><temp name="T1665"/><temp name="T1664"/></temps></instruction><instruction code="OR T507, T1664, 0"><temps name="use"><temp name="T1664"/></temps><temps name="def"><temp name="T507"/></temps><temps name="in"><temp name="T1665"/><temp name="T1664"/></temps><temps name="out"><temp name="T1665"/></temps></instruction><instruction code="LDO T1666, T1665, 0"><temps name="use"><temp name="T1665"/></temps><temps name="def"><temp name="T1666"/></temps><temps name="in"><temp name="T1665"/></temps><temps name="out"><temp name="T1666"/></temps></instruction><instruction code="OR T508, T1666, 0"><temps name="use"><temp name="T1666"/></temps><temps name="def"><temp name="T508"/></temps><temps name="in"><temp name="T1666"/></temps><temps name="out"><temp name="T508"/></temps></instruction><instruction code="OR T23, T508, 0"><temps name="use"><temp name="T508"/></temps><temps name="def"><temp name="T23"/></temps><temps name="in"><temp name="T508"/></temps><temps name="out"/></instruction><instruction code="LDA T1667, L136"><temps name="use"/><temps name="def"><temp name="T1667"/></temps><temps name="in"/><temps name="out"><temp name="T1667"/></temps></instruction><instruction code="GO T1667, T1667, 0"><temps name="use"><temp name="T1667"/></temps><temps name="def"><temp name="T1667"/></temps><temps name="in"><temp name="T1667"/></temps><temps name="out"/></instruction></instructions></code><code entrylabel="L141" exitlabel="L142" tempsize="0"><frame FP="T24" RV="T25" argssize="0" depth="2" label="L2" locssize="96" size="112"/><instructions><instruction code="L141"><temps name="use"/><temps name="def"/><temps name="in"><temp name="T1762"/><temp name="T1767"/><temp name="T1755"/><temp name="T1671"/><temp name="T1699"/><temp name="T1724"/><temp name="T1824"/><temp name="T1711"/><temp name="T1680"/><temp name="T1720"/><temp name="T1728"/><temp name="T1751"/><temp name="T24"/><temp name="T1819"/><temp name="T1778"/><temp name="T1715"/><temp name="T1809"/><temp name="T1740"/><temp name="T1813"/><temp name="T1772"/><temp name="T1695"/><temp name="T1676"/><temp name="T1747"/><temp name="T1735"/><temp name="T1705"/></temps><temps name="out"><temp name="T1762"/><temp name="T1767"/><temp name="T1755"/><temp name="T1671"/><temp name="T1699"/><temp name="T1724"/><temp name="T1824"/><temp name="T1711"/><temp name="T1680"/><temp name="T1720"/><temp name="T1728"/><temp name="T1751"/><temp name="T24"/><temp name="T1819"/><temp name="T1778"/><temp name="T1715"/><temp name="T1809"/><temp name="T1740"/><temp name="T1813"/><temp name="T1772"/><temp name="T1695"/><temp name="T1676"/><temp name="T1747"/><temp name="T1735"/><temp name="T1705"/></temps></instruction><instruction code="SETL  T1668, 1"><temps name="use"/><temps name="def"><temp name="T1668"/></temps><temps name="in"><temp name="T1762"/><temp name="T1767"/><temp name="T1755"/><temp name="T1671"/><temp name="T1699"/><temp name="T1724"/><temp name="T1824"/><temp name="T1711"/><temp name="T1680"/><temp name="T1720"/><temp name="T1728"/><temp name="T1751"/><temp name="T24"/><temp name="T1819"/><temp name="T1778"/><temp name="T1715"/><temp name="T1809"/><temp name="T1740"/><temp name="T1813"/><temp name="T1772"/><temp name="T1695"/><temp name="T1676"/><temp name="T1747"/><temp name="T1735"/><temp name="T1705"/></temps><temps name="out"><temp name="T1762"/><temp name="T1767"/><temp name="T1755"/><temp name="T1671"/><temp name="T1699"/><temp name="T1724"/><temp name="T1824"/><temp name="T1711"/><temp name="T1680"/><temp name="T1720"/><temp name="T1728"/><temp name="T1751"/><temp name="T24"/><temp name="T1819"/><temp name="T1778"/><temp name="T1715"/><temp name="T1809"/><temp name="T1740"/><temp name="T1813"/><temp name="T1772"/><temp name="T1695"/><temp name="T1676"/><temp name="T1747"/><temp name="T1735"/><temp name="T1705"/></temps></instruction><instruction code="INCML T1668, 0"><temps name="use"/><temps name="def"><temp name="T1668"/></temps><temps name="in"><temp name="T1762"/><temp name="T1767"/><temp name="T1755"/><temp name="T1671"/><temp name="T1699"/><temp name="T1724"/><temp name="T1824"/><temp name="T1711"/><temp name="T1680"/><temp name="T1720"/><temp name="T1728"/><temp name="T1751"/><temp name="T24"/><temp name="T1819"/><temp name="T1778"/><temp name="T1715"/><temp name="T1809"/><temp name="T1740"/><temp name="T1813"/><temp name="T1772"/><temp name="T1695"/><temp name="T1676"/><temp name="T1747"/><temp name="T1735"/><temp name="T1705"/></temps><temps name="out"><temp name="T1762"/><temp name="T1767"/><temp name="T1755"/><temp name="T1671"/><temp name="T1699"/><temp name="T1724"/><temp name="T1824"/><temp name="T1711"/><temp name="T1680"/><temp name="T1720"/><temp name="T1728"/><temp name="T1751"/><temp name="T24"/><temp name="T1819"/><temp name="T1778"/><temp name="T1715"/><temp name="T1809"/><temp name="T1740"/><temp name="T1813"/><temp name="T1772"/><temp name="T1695"/><temp name="T1676"/><temp name="T1747"/><temp name="T1735"/><temp name="T1705"/></temps></instruction><instruction code="INCMH T1668, 0"><temps name="use"/><temps name="def"><temp name="T1668"/></temps><temps name="in"><temp name="T1762"/><temp name="T1767"/><temp name="T1755"/><temp name="T1671"/><temp name="T1699"/><temp name="T1724"/><temp name="T1824"/><temp name="T1711"/><temp name="T1680"/><temp name="T1720"/><temp name="T1728"/><temp name="T1751"/><temp name="T24"/><temp name="T1819"/><temp name="T1778"/><temp name="T1715"/><temp name="T1809"/><temp name="T1740"/><temp name="T1813"/><temp name="T1772"/><temp name="T1695"/><temp name="T1676"/><temp name="T1747"/><temp name="T1735"/><temp name="T1705"/></temps><temps name="out"><temp name="T1762"/><temp name="T1767"/><temp name="T1755"/><temp name="T1671"/><temp name="T1699"/><temp name="T1724"/><temp name="T1824"/><temp name="T1711"/><temp name="T1680"/><temp name="T1720"/><temp name="T1728"/><temp name="T1751"/><temp name="T24"/><temp name="T1819"/><temp name="T1778"/><temp name="T1715"/><temp name="T1809"/><temp name="T1740"/><temp name="T1813"/><temp name="T1772"/><temp name="T1695"/><temp name="T1676"/><temp name="T1747"/><temp name="T1735"/><temp name="T1705"/></temps></instruction><instruction code="INCH  T1668, 0"><temps name="use"/><temps name="def"><temp name="T1668"/></temps><temps name="in"><temp name="T1762"/><temp name="T1767"/><temp name="T1755"/><temp name="T1671"/><temp name="T1699"/><temp name="T1724"/><temp name="T1824"/><temp name="T1711"/><temp name="T1680"/><temp name="T1720"/><temp name="T1728"/><temp name="T1751"/><temp name="T24"/><temp name="T1819"/><temp name="T1778"/><temp name="T1715"/><temp name="T1809"/><temp name="T1740"/><temp name="T1813"/><temp name="T1772"/><temp name="T1695"/><temp name="T1676"/><temp name="T1747"/><temp name="T1735"/><temp name="T1705"/></temps><temps name="out"><temp name="T1762"/><temp name="T1767"/><temp name="T1755"/><temp name="T1671"/><temp name="T1699"/><temp name="T1724"/><temp name="T1824"/><temp name="T1711"/><temp name="T1680"/><temp name="T1720"/><temp name="T1728"/><temp name="T1751"/><temp name="T24"/><temp name="T1819"/><temp name="T1778"/><temp name="T1715"/><temp name="T1809"/><temp name="T1740"/><temp name="T1813"/><temp name="T1772"/><temp name="T1695"/><temp name="T1676"/><temp name="T1668"/><temp name="T1747"/><temp name="T1735"/><temp name="T1705"/></temps></instruction><instruction code="OR T509, T1668, 0"><temps name="use"><temp name="T1668"/></temps><temps name="def"><temp name="T509"/></temps><temps name="in"><temp name="T1762"/><temp name="T1767"/><temp name="T1755"/><temp name="T1671"/><temp name="T1699"/><temp name="T1724"/><temp name="T1824"/><temp name="T1711"/><temp name="T1680"/><temp name="T1720"/><temp name="T1728"/><temp name="T1751"/><temp name="T24"/><temp name="T1819"/><temp name="T1778"/><temp name="T1715"/><temp name="T1809"/><temp name="T1740"/><temp name="T1813"/><temp name="T1772"/><temp name="T1695"/><temp name="T1676"/><temp name="T1668"/><temp name="T1747"/><temp name="T1735"/><temp name="T1705"/></temps><temps name="out"><temp name="T1762"/><temp name="T1767"/><temp name="T1755"/><temp name="T1671"/><temp name="T1699"/><temp name="T509"/><temp name="T1724"/><temp name="T1824"/><temp name="T1711"/><temp name="T1680"/><temp name="T1720"/><temp name="T1728"/><temp name="T1751"/><temp name="T24"/><temp name="T1819"/><temp name="T1778"/><temp name="T1715"/><temp name="T1809"/><temp name="T1740"/><temp name="T1813"/><temp name="T1772"/><temp name="T1695"/><temp name="T1676"/><temp name="T1747"/><temp name="T1735"/><temp name="T1705"/></temps></instruction><instruction code="LDO T1672, T1671, 0"><temps name="use"><temp name="T1671"/></temps><temps name="def"><temp name="T1672"/></temps><temps name="in"><temp name="T1762"/><temp name="T1767"/><temp name="T1755"/><temp name="T1671"/><temp name="T1699"/><temp name="T509"/><temp name="T1724"/><temp name="T1824"/><temp name="T1711"/><temp name="T1680"/><temp name="T1720"/><temp name="T1728"/><temp name="T1751"/><temp name="T24"/><temp name="T1819"/><temp name="T1778"/><temp name="T1715"/><temp name="T1809"/><temp name="T1740"/><temp name="T1813"/><temp name="T1772"/><temp name="T1695"/><temp name="T1676"/><temp name="T1747"/><temp name="T1735"/><temp name="T1705"/></temps><temps name="out"><temp name="T1762"/><temp name="T1767"/><temp name="T1755"/><temp name="T1699"/><temp name="T509"/><temp name="T1724"/><temp name="T1824"/><temp name="T1711"/><temp name="T1680"/><temp name="T1720"/><temp name="T1728"/><temp name="T1751"/><temp name="T24"/><temp name="T1819"/><temp name="T1778"/><temp name="T1715"/><temp name="T1809"/><temp name="T1740"/><temp name="T1813"/><temp name="T1772"/><temp name="T1695"/><temp name="T1672"/><temp name="T1676"/><temp name="T1747"/><temp name="T1735"/><temp name="T1705"/></temps></instruction><instruction code="STO T1672, T509, 0"><temps name="use"><temp name="T1672"/><temp name="T509"/></temps><temps name="def"/><temps name="in"><temp name="T1762"/><temp name="T1767"/><temp name="T1755"/><temp name="T1699"/><temp name="T509"/><temp name="T1724"/><temp name="T1824"/><temp name="T1711"/><temp name="T1680"/><temp name="T1720"/><temp name="T1728"/><temp name="T1751"/><temp name="T24"/><temp name="T1819"/><temp name="T1778"/><temp name="T1715"/><temp name="T1809"/><temp name="T1740"/><temp name="T1813"/><temp name="T1772"/><temp name="T1695"/><temp name="T1672"/><temp name="T1676"/><temp name="T1747"/><temp name="T1735"/><temp name="T1705"/></temps><temps name="out"><temp name="T1762"/><temp name="T1767"/><temp name="T1755"/><temp name="T1699"/><temp name="T1724"/><temp name="T1824"/><temp name="T1711"/><temp name="T1680"/><temp name="T1720"/><temp name="T1728"/><temp name="T1751"/><temp name="T24"/><temp name="T1819"/><temp name="T1778"/><temp name="T1715"/><temp name="T1809"/><temp name="T1740"/><temp name="T1813"/><temp name="T1772"/><temp name="T1695"/><temp name="T1676"/><temp name="T1747"/><temp name="T1735"/><temp name="T1705"/></temps></instruction><instruction code="SETL  T1673, 1"><temps name="use"/><temps name="def"><temp name="T1673"/></temps><temps name="in"><temp name="T1762"/><temp name="T1767"/><temp name="T1755"/><temp name="T1699"/><temp name="T1724"/><temp name="T1824"/><temp name="T1711"/><temp name="T1680"/><temp name="T1720"/><temp name="T1728"/><temp name="T1751"/><temp name="T24"/><temp name="T1819"/><temp name="T1778"/><temp name="T1715"/><temp name="T1809"/><temp name="T1740"/><temp name="T1813"/><temp name="T1772"/><temp name="T1695"/><temp name="T1676"/><temp name="T1747"/><temp name="T1735"/><temp name="T1705"/></temps><temps name="out"><temp name="T1762"/><temp name="T1767"/><temp name="T1755"/><temp name="T1699"/><temp name="T1724"/><temp name="T1824"/><temp name="T1711"/><temp name="T1680"/><temp name="T1720"/><temp name="T1728"/><temp name="T1751"/><temp name="T24"/><temp name="T1819"/><temp name="T1778"/><temp name="T1715"/><temp name="T1809"/><temp name="T1740"/><temp name="T1813"/><temp name="T1772"/><temp name="T1695"/><temp name="T1676"/><temp name="T1747"/><temp name="T1735"/><temp name="T1705"/></temps></instruction><instruction code="INCML T1673, 0"><temps name="use"/><temps name="def"><temp name="T1673"/></temps><temps name="in"><temp name="T1762"/><temp name="T1767"/><temp name="T1755"/><temp name="T1699"/><temp name="T1724"/><temp name="T1824"/><temp name="T1711"/><temp name="T1680"/><temp name="T1720"/><temp name="T1728"/><temp name="T1751"/><temp name="T24"/><temp name="T1819"/><temp name="T1778"/><temp name="T1715"/><temp name="T1809"/><temp name="T1740"/><temp name="T1813"/><temp name="T1772"/><temp name="T1695"/><temp name="T1676"/><temp name="T1747"/><temp name="T1735"/><temp name="T1705"/></temps><temps name="out"><temp name="T1762"/><temp name="T1767"/><temp name="T1755"/><temp name="T1699"/><temp name="T1724"/><temp name="T1824"/><temp name="T1711"/><temp name="T1680"/><temp name="T1720"/><temp name="T1728"/><temp name="T1751"/><temp name="T24"/><temp name="T1819"/><temp name="T1778"/><temp name="T1715"/><temp name="T1809"/><temp name="T1740"/><temp name="T1813"/><temp name="T1772"/><temp name="T1695"/><temp name="T1676"/><temp name="T1747"/><temp name="T1735"/><temp name="T1705"/></temps></instruction><instruction code="INCMH T1673, 0"><temps name="use"/><temps name="def"><temp name="T1673"/></temps><temps name="in"><temp name="T1762"/><temp name="T1767"/><temp name="T1755"/><temp name="T1699"/><temp name="T1724"/><temp name="T1824"/><temp name="T1711"/><temp name="T1680"/><temp name="T1720"/><temp name="T1728"/><temp name="T1751"/><temp name="T24"/><temp name="T1819"/><temp name="T1778"/><temp name="T1715"/><temp name="T1809"/><temp name="T1740"/><temp name="T1813"/><temp name="T1772"/><temp name="T1695"/><temp name="T1676"/><temp name="T1747"/><temp name="T1735"/><temp name="T1705"/></temps><temps name="out"><temp name="T1762"/><temp name="T1767"/><temp name="T1755"/><temp name="T1699"/><temp name="T1724"/><temp name="T1824"/><temp name="T1711"/><temp name="T1680"/><temp name="T1720"/><temp name="T1728"/><temp name="T1751"/><temp name="T24"/><temp name="T1819"/><temp name="T1778"/><temp name="T1715"/><temp name="T1809"/><temp name="T1740"/><temp name="T1813"/><temp name="T1772"/><temp name="T1695"/><temp name="T1676"/><temp name="T1747"/><temp name="T1735"/><temp name="T1705"/></temps></instruction><instruction code="INCH  T1673, 0"><temps name="use"/><temps name="def"><temp name="T1673"/></temps><temps name="in"><temp name="T1762"/><temp name="T1767"/><temp name="T1755"/><temp name="T1699"/><temp name="T1724"/><temp name="T1824"/><temp name="T1711"/><temp name="T1680"/><temp name="T1720"/><temp name="T1728"/><temp name="T1751"/><temp name="T24"/><temp name="T1819"/><temp name="T1778"/><temp name="T1715"/><temp name="T1809"/><temp name="T1740"/><temp name="T1813"/><temp name="T1772"/><temp name="T1695"/><temp name="T1676"/><temp name="T1747"/><temp name="T1735"/><temp name="T1705"/></temps><temps name="out"><temp name="T1762"/><temp name="T1767"/><temp name="T1755"/><temp name="T1699"/><temp name="T1724"/><temp name="T1824"/><temp name="T1711"/><temp name="T1680"/><temp name="T1720"/><temp name="T1728"/><temp name="T1751"/><temp name="T1673"/><temp name="T24"/><temp name="T1819"/><temp name="T1778"/><temp name="T1715"/><temp name="T1809"/><temp name="T1740"/><temp name="T1813"/><temp name="T1772"/><temp name="T1695"/><temp name="T1676"/><temp name="T1747"/><temp name="T1735"/><temp name="T1705"/></temps></instruction><instruction code="OR T510, T1673, 0"><temps name="use"><temp name="T1673"/></temps><temps name="def"><temp name="T510"/></temps><temps name="in"><temp name="T1762"/><temp name="T1767"/><temp name="T1755"/><temp name="T1699"/><temp name="T1724"/><temp name="T1824"/><temp name="T1711"/><temp name="T1680"/><temp name="T1720"/><temp name="T1728"/><temp name="T1751"/><temp name="T1673"/><temp name="T24"/><temp name="T1819"/><temp name="T1778"/><temp name="T1715"/><temp name="T1809"/><temp name="T1740"/><temp name="T1813"/><temp name="T1772"/><temp name="T1695"/><temp name="T1676"/><temp name="T1747"/><temp name="T1735"/><temp name="T1705"/></temps><temps name="out"><temp name="T1762"/><temp name="T1767"/><temp name="T1755"/><temp name="T510"/><temp name="T1699"/><temp name="T1724"/><temp name="T1824"/><temp name="T1711"/><temp name="T1680"/><temp name="T1720"/><temp name="T1728"/><temp name="T1751"/><temp name="T24"/><temp name="T1819"/><temp name="T1778"/><temp name="T1715"/><temp name="T1809"/><temp name="T1740"/><temp name="T1813"/><temp name="T1772"/><temp name="T1695"/><temp name="T1676"/><temp name="T1747"/><temp name="T1735"/><temp name="T1705"/></temps></instruction><instruction code="LDO T1677, T1676, 0"><temps name="use"><temp name="T1676"/></temps><temps name="def"><temp name="T1677"/></temps><temps name="in"><temp name="T1762"/><temp name="T1767"/><temp name="T1755"/><temp name="T510"/><temp name="T1699"/><temp name="T1724"/><temp name="T1824"/><temp name="T1711"/><temp name="T1680"/><temp name="T1720"/><temp name="T1728"/><temp name="T1751"/><temp name="T24"/><temp name="T1819"/><temp name="T1778"/><temp name="T1715"/><temp name="T1809"/><temp name="T1740"/><temp name="T1813"/><temp name="T1772"/><temp name="T1695"/><temp name="T1676"/><temp name="T1747"/><temp name="T1735"/><temp name="T1705"/></temps><temps name="out"><temp name="T1762"/><temp name="T1767"/><temp name="T1755"/><temp name="T510"/><temp name="T1699"/><temp name="T1724"/><temp name="T1824"/><temp name="T1711"/><temp name="T1680"/><temp name="T1720"/><temp name="T1728"/><temp name="T1751"/><temp name="T24"/><temp name="T1819"/><temp name="T1778"/><temp name="T1715"/><temp name="T1677"/><temp name="T1809"/><temp name="T1740"/><temp name="T1813"/><temp name="T1772"/><temp name="T1695"/><temp name="T1747"/><temp name="T1735"/><temp name="T1705"/></temps></instruction><instruction code="STO T1677, T510, 0"><temps name="use"><temp name="T1677"/><temp name="T510"/></temps><temps name="def"/><temps name="in"><temp name="T1762"/><temp name="T1767"/><temp name="T1755"/><temp name="T510"/><temp name="T1699"/><temp name="T1724"/><temp name="T1824"/><temp name="T1711"/><temp name="T1680"/><temp name="T1720"/><temp name="T1728"/><temp name="T1751"/><temp name="T24"/><temp name="T1819"/><temp name="T1778"/><temp name="T1715"/><temp name="T1677"/><temp name="T1809"/><temp name="T1740"/><temp name="T1813"/><temp name="T1772"/><temp name="T1695"/><temp name="T1747"/><temp name="T1735"/><temp name="T1705"/></temps><temps name="out"><temp name="T1762"/><temp name="T1767"/><temp name="T1755"/><temp name="T1699"/><temp name="T1724"/><temp name="T1809"/><temp name="T1824"/><temp name="T1740"/><temp name="T1813"/><temp name="T1772"/><temp name="T1695"/><temp name="T1711"/><temp name="T1680"/><temp name="T1720"/><temp name="T1728"/><temp name="T1751"/><temp name="T24"/><temp name="T1747"/><temp name="T1819"/><temp name="T1778"/><temp name="T1715"/><temp name="T1735"/><temp name="T1705"/></temps></instruction><instruction code="L61"><temps name="use"/><temps name="def"/><temps name="in"><temp name="T1762"/><temp name="T1767"/><temp name="T1755"/><temp name="T1699"/><temp name="T1724"/><temp name="T1809"/><temp name="T1824"/><temp name="T1740"/><temp name="T1813"/><temp name="T1772"/><temp name="T1695"/><temp name="T1711"/><temp name="T1680"/><temp name="T1720"/><temp name="T1728"/><temp name="T1751"/><temp name="T24"/><temp name="T1747"/><temp name="T1819"/><temp name="T1778"/><temp name="T1715"/><temp name="T1735"/><temp name="T1705"/></temps><temps name="out"><temp name="T1762"/><temp name="T1767"/><temp name="T1755"/><temp name="T1699"/><temp name="T1724"/><temp name="T1809"/><temp name="T1824"/><temp name="T1740"/><temp name="T1813"/><temp name="T1772"/><temp name="T1695"/><temp name="T1711"/><temp name="T1680"/><temp name="T1720"/><temp name="T1728"/><temp name="T1751"/><temp name="T24"/><temp name="T1747"/><temp name="T1819"/><temp name="T1778"/><temp name="T1715"/><temp name="T1735"/><temp name="T1705"/></temps></instruction><instruction code="OR T511, T24, 0"><temps name="use"><temp name="T24"/></temps><temps name="def"><temp name="T511"/></temps><temps name="in"><temp name="T1762"/><temp name="T1767"/><temp name="T1755"/><temp name="T1699"/><temp name="T1724"/><temp name="T1809"/><temp name="T1824"/><temp name="T1740"/><temp name="T1813"/><temp name="T1772"/><temp name="T1695"/><temp name="T1711"/><temp name="T1680"/><temp name="T1720"/><temp name="T1728"/><temp name="T1751"/><temp name="T24"/><temp name="T1747"/><temp name="T1819"/><temp name="T1778"/><temp name="T1715"/><temp name="T1735"/><temp name="T1705"/></temps><temps name="out"><temp name="T1762"/><temp name="T1767"/><temp name="T1755"/><temp name="T1699"/><temp name="T1724"/><temp name="T1824"/><temp name="T1711"/><temp name="T1680"/><temp name="T1720"/><temp name="T1728"/><temp name="T1751"/><temp name="T24"/><temp name="T511"/><temp name="T1819"/><temp name="T1778"/><temp name="T1715"/><temp name="T1809"/><temp name="T1740"/><temp name="T1813"/><temp name="T1772"/><temp name="T1695"/><temp name="T1747"/><temp name="T1735"/><temp name="T1705"/></temps></instruction><instruction code="SETL  T1678, 88"><temps name="use"/><temps name="def"><temp name="T1678"/></temps><temps name="in"><temp name="T1762"/><temp name="T1767"/><temp name="T1755"/><temp name="T1699"/><temp name="T1724"/><temp name="T1824"/><temp name="T1711"/><temp name="T1680"/><temp name="T1720"/><temp name="T1728"/><temp name="T1751"/><temp name="T24"/><temp name="T511"/><temp name="T1819"/><temp name="T1778"/><temp name="T1715"/><temp name="T1809"/><temp name="T1740"/><temp name="T1813"/><temp name="T1772"/><temp name="T1695"/><temp name="T1747"/><temp name="T1735"/><temp name="T1705"/></temps><temps name="out"><temp name="T1762"/><temp name="T1767"/><temp name="T1755"/><temp name="T1699"/><temp name="T1724"/><temp name="T1824"/><temp name="T1711"/><temp name="T1680"/><temp name="T1720"/><temp name="T1728"/><temp name="T1751"/><temp name="T24"/><temp name="T511"/><temp name="T1819"/><temp name="T1778"/><temp name="T1715"/><temp name="T1809"/><temp name="T1740"/><temp name="T1813"/><temp name="T1772"/><temp name="T1695"/><temp name="T1747"/><temp name="T1735"/><temp name="T1705"/></temps></instruction><instruction code="INCML T1678, 0"><temps name="use"/><temps name="def"><temp name="T1678"/></temps><temps name="in"><temp name="T1762"/><temp name="T1767"/><temp name="T1755"/><temp name="T1699"/><temp name="T1724"/><temp name="T1824"/><temp name="T1711"/><temp name="T1680"/><temp name="T1720"/><temp name="T1728"/><temp name="T1751"/><temp name="T24"/><temp name="T511"/><temp name="T1819"/><temp name="T1778"/><temp name="T1715"/><temp name="T1809"/><temp name="T1740"/><temp name="T1813"/><temp name="T1772"/><temp name="T1695"/><temp name="T1747"/><temp name="T1735"/><temp name="T1705"/></temps><temps name="out"><temp name="T1762"/><temp name="T1767"/><temp name="T1755"/><temp name="T1699"/><temp name="T1724"/><temp name="T1824"/><temp name="T1711"/><temp name="T1680"/><temp name="T1720"/><temp name="T1728"/><temp name="T1751"/><temp name="T24"/><temp name="T511"/><temp name="T1819"/><temp name="T1778"/><temp name="T1715"/><temp name="T1809"/><temp name="T1740"/><temp name="T1813"/><temp name="T1772"/><temp name="T1695"/><temp name="T1747"/><temp name="T1735"/><temp name="T1705"/></temps></instruction><instruction code="INCMH T1678, 0"><temps name="use"/><temps name="def"><temp name="T1678"/></temps><temps name="in"><temp name="T1762"/><temp name="T1767"/><temp name="T1755"/><temp name="T1699"/><temp name="T1724"/><temp name="T1824"/><temp name="T1711"/><temp name="T1680"/><temp name="T1720"/><temp name="T1728"/><temp name="T1751"/><temp name="T24"/><temp name="T511"/><temp name="T1819"/><temp name="T1778"/><temp name="T1715"/><temp name="T1809"/><temp name="T1740"/><temp name="T1813"/><temp name="T1772"/><temp name="T1695"/><temp name="T1747"/><temp name="T1735"/><temp name="T1705"/></temps><temps name="out"><temp name="T1762"/><temp name="T1767"/><temp name="T1755"/><temp name="T1699"/><temp name="T1724"/><temp name="T1824"/><temp name="T1711"/><temp name="T1680"/><temp name="T1720"/><temp name="T1728"/><temp name="T1751"/><temp name="T24"/><temp name="T511"/><temp name="T1819"/><temp name="T1778"/><temp name="T1715"/><temp name="T1809"/><temp name="T1740"/><temp name="T1813"/><temp name="T1772"/><temp name="T1695"/><temp name="T1747"/><temp name="T1735"/><temp name="T1705"/></temps></instruction><instruction code="INCH  T1678, 0"><temps name="use"/><temps name="def"><temp name="T1678"/></temps><temps name="in"><temp name="T1762"/><temp name="T1767"/><temp name="T1755"/><temp name="T1699"/><temp name="T1724"/><temp name="T1824"/><temp name="T1711"/><temp name="T1680"/><temp name="T1720"/><temp name="T1728"/><temp name="T1751"/><temp name="T24"/><temp name="T511"/><temp name="T1819"/><temp name="T1778"/><temp name="T1715"/><temp name="T1809"/><temp name="T1740"/><temp name="T1813"/><temp name="T1772"/><temp name="T1695"/><temp name="T1747"/><temp name="T1735"/><temp name="T1705"/></temps><temps name="out"><temp name="T1762"/><temp name="T1767"/><temp name="T1755"/><temp name="T1699"/><temp name="T1724"/><temp name="T1824"/><temp name="T1711"/><temp name="T1680"/><temp name="T1720"/><temp name="T1728"/><temp name="T1751"/><temp name="T24"/><temp name="T511"/><temp name="T1819"/><temp name="T1778"/><temp name="T1715"/><temp name="T1809"/><temp name="T1740"/><temp name="T1813"/><temp name="T1772"/><temp name="T1695"/><temp name="T1678"/><temp name="T1747"/><temp name="T1735"/><temp name="T1705"/></temps></instruction><instruction code="NEG T1678, 0, T1678"><temps name="use"><temp name="T1678"/></temps><temps name="def"><temp name="T1678"/></temps><temps name="in"><temp name="T1762"/><temp name="T1767"/><temp name="T1755"/><temp name="T1699"/><temp name="T1724"/><temp name="T1824"/><temp name="T1711"/><temp name="T1680"/><temp name="T1720"/><temp name="T1728"/><temp name="T1751"/><temp name="T24"/><temp name="T511"/><temp name="T1819"/><temp name="T1778"/><temp name="T1715"/><temp name="T1809"/><temp name="T1740"/><temp name="T1813"/><temp name="T1772"/><temp name="T1695"/><temp name="T1678"/><temp name="T1747"/><temp name="T1735"/><temp name="T1705"/></temps><temps name="out"><temp name="T1762"/><temp name="T1767"/><temp name="T1755"/><temp name="T1699"/><temp name="T1724"/><temp name="T1824"/><temp name="T1711"/><temp name="T1680"/><temp name="T1720"/><temp name="T1728"/><temp name="T1751"/><temp name="T24"/><temp name="T511"/><temp name="T1819"/><temp name="T1778"/><temp name="T1715"/><temp name="T1809"/><temp name="T1740"/><temp name="T1813"/><temp name="T1772"/><temp name="T1695"/><temp name="T1678"/><temp name="T1747"/><temp name="T1735"/><temp name="T1705"/></temps></instruction><instruction code="OR T512, T1678, 0"><temps name="use"><temp name="T1678"/></temps><temps name="def"><temp name="T512"/></temps><temps name="in"><temp name="T1762"/><temp name="T1767"/><temp name="T1755"/><temp name="T1699"/><temp name="T1724"/><temp name="T1824"/><temp name="T1711"/><temp name="T1680"/><temp name="T1720"/><temp name="T1728"/><temp name="T1751"/><temp name="T24"/><temp name="T511"/><temp name="T1819"/><temp name="T1778"/><temp name="T1715"/><temp name="T1809"/><temp name="T1740"/><temp name="T1813"/><temp name="T1772"/><temp name="T1695"/><temp name="T1678"/><temp name="T1747"/><temp name="T1735"/><temp name="T1705"/></temps><temps name="out"><temp name="T1762"/><temp name="T1767"/><temp name="T1755"/><temp name="T1699"/><temp name="T1724"/><temp name="T1824"/><temp name="T1711"/><temp name="T1680"/><temp name="T1720"/><temp name="T1728"/><temp name="T1751"/><temp name="T24"/><temp name="T511"/><temp name="T1819"/><temp name="T1778"/><temp name="T1715"/><temp name="T512"/><temp name="T1809"/><temp name="T1740"/><temp name="T1813"/><temp name="T1772"/><temp name="T1695"/><temp name="T1747"/><temp name="T1735"/><temp name="T1705"/></temps></instruction><instruction code="ADD T1679, T511, T512"><temps name="use"><temp name="T511"/><temp name="T512"/></temps><temps name="def"><temp name="T1679"/></temps><temps name="in"><temp name="T1762"/><temp name="T1767"/><temp name="T1755"/><temp name="T1699"/><temp name="T1724"/><temp name="T1824"/><temp name="T1711"/><temp name="T1680"/><temp name="T1720"/><temp name="T1728"/><temp name="T1751"/><temp name="T24"/><temp name="T511"/><temp name="T1819"/><temp name="T1778"/><temp name="T1715"/><temp name="T512"/><temp name="T1809"/><temp name="T1740"/><temp name="T1813"/><temp name="T1772"/><temp name="T1695"/><temp name="T1747"/><temp name="T1735"/><temp name="T1705"/></temps><temps name="out"><temp name="T1762"/><temp name="T1767"/><temp name="T1755"/><temp name="T1699"/><temp name="T1724"/><temp name="T1824"/><temp name="T1711"/><temp name="T1680"/><temp name="T1720"/><temp name="T1728"/><temp name="T1751"/><temp name="T24"/><temp name="T1819"/><temp name="T1778"/><temp name="T1715"/><temp name="T1809"/><temp name="T1740"/><temp name="T1813"/><temp name="T1772"/><temp name="T1695"/><temp name="T1747"/><temp name="T1679"/><temp name="T1735"/><temp name="T1705"/></temps></instruction><instruction code="OR T513, T1679, 0"><temps name="use"><temp name="T1679"/></temps><temps name="def"><temp name="T513"/></temps><temps name="in"><temp name="T1762"/><temp name="T1767"/><temp name="T1755"/><temp name="T1699"/><temp name="T1724"/><temp name="T1824"/><temp name="T1711"/><temp name="T1680"/><temp name="T1720"/><temp name="T1728"/><temp name="T1751"/><temp name="T24"/><temp name="T1819"/><temp name="T1778"/><temp name="T1715"/><temp name="T1809"/><temp name="T1740"/><temp name="T1813"/><temp name="T1772"/><temp name="T1695"/><temp name="T1747"/><temp name="T1679"/><temp name="T1735"/><temp name="T1705"/></temps><temps name="out"><temp name="T1762"/><temp name="T1767"/><temp name="T1755"/><temp name="T1699"/><temp name="T1724"/><temp name="T1809"/><temp name="T1824"/><temp name="T1740"/><temp name="T1813"/><temp name="T1772"/><temp name="T1695"/><temp name="T1711"/><temp name="T1680"/><temp name="T1720"/><temp name="T1728"/><temp name="T1751"/><temp name="T24"/><temp name="T1747"/><temp name="T1819"/><temp name="T1778"/><temp name="T1715"/><temp name="T1735"/><temp name="T1705"/></temps></instruction><instruction code="LDO T1681, T1680, 0"><temps name="use"><temp name="T1680"/></temps><temps name="def"><temp name="T1681"/></temps><temps name="in"><temp name="T1762"/><temp name="T1767"/><temp name="T1755"/><temp name="T1699"/><temp name="T1724"/><temp name="T1809"/><temp name="T1824"/><temp name="T1740"/><temp name="T1813"/><temp name="T1772"/><temp name="T1695"/><temp name="T1711"/><temp name="T1680"/><temp name="T1720"/><temp name="T1728"/><temp name="T1751"/><temp name="T24"/><temp name="T1747"/><temp name="T1819"/><temp name="T1778"/><temp name="T1715"/><temp name="T1735"/><temp name="T1705"/></temps><temps name="out"><temp name="T1762"/><temp name="T1767"/><temp name="T1755"/><temp name="T1699"/><temp name="T1724"/><temp name="T1824"/><temp name="T1711"/><temp name="T1720"/><temp name="T1680"/><temp name="T1728"/><temp name="T1751"/><temp name="T24"/><temp name="T1681"/><temp name="T1819"/><temp name="T1778"/><temp name="T1715"/><temp name="T1809"/><temp name="T1740"/><temp name="T1813"/><temp name="T1772"/><temp name="T1695"/><temp name="T1747"/><temp name="T1735"/><temp name="T1705"/></temps></instruction><instruction code="OR T514, T1681, 0"><temps name="use"><temp name="T1681"/></temps><temps name="def"><temp name="T514"/></temps><temps name="in"><temp name="T1762"/><temp name="T1767"/><temp name="T1755"/><temp name="T1699"/><temp name="T1724"/><temp name="T1824"/><temp name="T1711"/><temp name="T1720"/><temp name="T1680"/><temp name="T1728"/><temp name="T1751"/><temp name="T24"/><temp name="T1681"/><temp name="T1819"/><temp name="T1778"/><temp name="T1715"/><temp name="T1809"/><temp name="T1740"/><temp name="T1813"/><temp name="T1772"/><temp name="T1695"/><temp name="T1747"/><temp name="T1735"/><temp name="T1705"/></temps><temps name="out"><temp name="T514"/><temp name="T1762"/><temp name="T1767"/><temp name="T1755"/><temp name="T1699"/><temp name="T1724"/><temp name="T1824"/><temp name="T1711"/><temp name="T1720"/><temp name="T1680"/><temp name="T1728"/><temp name="T1751"/><temp name="T24"/><temp name="T1819"/><temp name="T1778"/><temp name="T1715"/><temp name="T1809"/><temp name="T1740"/><temp name="T1813"/><temp name="T1772"/><temp name="T1695"/><temp name="T1747"/><temp name="T1735"/><temp name="T1705"/></temps></instruction><instruction code="SETL  T1682, 9"><temps name="use"/><temps name="def"><temp name="T1682"/></temps><temps name="in"><temp name="T514"/><temp name="T1762"/><temp name="T1767"/><temp name="T1755"/><temp name="T1699"/><temp name="T1724"/><temp name="T1824"/><temp name="T1711"/><temp name="T1720"/><temp name="T1680"/><temp name="T1728"/><temp name="T1751"/><temp name="T24"/><temp name="T1819"/><temp name="T1778"/><temp name="T1715"/><temp name="T1809"/><temp name="T1740"/><temp name="T1813"/><temp name="T1772"/><temp name="T1695"/><temp name="T1747"/><temp name="T1735"/><temp name="T1705"/></temps><temps name="out"><temp name="T514"/><temp name="T1762"/><temp name="T1767"/><temp name="T1755"/><temp name="T1699"/><temp name="T1724"/><temp name="T1824"/><temp name="T1711"/><temp name="T1720"/><temp name="T1680"/><temp name="T1728"/><temp name="T1751"/><temp name="T24"/><temp name="T1819"/><temp name="T1778"/><temp name="T1715"/><temp name="T1809"/><temp name="T1740"/><temp name="T1813"/><temp name="T1772"/><temp name="T1695"/><temp name="T1747"/><temp name="T1735"/><temp name="T1705"/></temps></instruction><instruction code="INCML T1682, 0"><temps name="use"/><temps name="def"><temp name="T1682"/></temps><temps name="in"><temp name="T514"/><temp name="T1762"/><temp name="T1767"/><temp name="T1755"/><temp name="T1699"/><temp name="T1724"/><temp name="T1824"/><temp name="T1711"/><temp name="T1720"/><temp name="T1680"/><temp name="T1728"/><temp name="T1751"/><temp name="T24"/><temp name="T1819"/><temp name="T1778"/><temp name="T1715"/><temp name="T1809"/><temp name="T1740"/><temp name="T1813"/><temp name="T1772"/><temp name="T1695"/><temp name="T1747"/><temp name="T1735"/><temp name="T1705"/></temps><temps name="out"><temp name="T514"/><temp name="T1762"/><temp name="T1767"/><temp name="T1755"/><temp name="T1699"/><temp name="T1724"/><temp name="T1824"/><temp name="T1711"/><temp name="T1720"/><temp name="T1680"/><temp name="T1728"/><temp name="T1751"/><temp name="T24"/><temp name="T1819"/><temp name="T1778"/><temp name="T1715"/><temp name="T1809"/><temp name="T1740"/><temp name="T1813"/><temp name="T1772"/><temp name="T1695"/><temp name="T1747"/><temp name="T1735"/><temp name="T1705"/></temps></instruction><instruction code="INCMH T1682, 0"><temps name="use"/><temps name="def"><temp name="T1682"/></temps><temps name="in"><temp name="T514"/><temp name="T1762"/><temp name="T1767"/><temp name="T1755"/><temp name="T1699"/><temp name="T1724"/><temp name="T1824"/><temp name="T1711"/><temp name="T1720"/><temp name="T1680"/><temp name="T1728"/><temp name="T1751"/><temp name="T24"/><temp name="T1819"/><temp name="T1778"/><temp name="T1715"/><temp name="T1809"/><temp name="T1740"/><temp name="T1813"/><temp name="T1772"/><temp name="T1695"/><temp name="T1747"/><temp name="T1735"/><temp name="T1705"/></temps><temps name="out"><temp name="T514"/><temp name="T1762"/><temp name="T1767"/><temp name="T1755"/><temp name="T1699"/><temp name="T1724"/><temp name="T1824"/><temp name="T1711"/><temp name="T1720"/><temp name="T1680"/><temp name="T1728"/><temp name="T1751"/><temp name="T24"/><temp name="T1819"/><temp name="T1778"/><temp name="T1715"/><temp name="T1809"/><temp name="T1740"/><temp name="T1813"/><temp name="T1772"/><temp name="T1695"/><temp name="T1747"/><temp name="T1735"/><temp name="T1705"/></temps></instruction><instruction code="INCH  T1682, 0"><temps name="use"/><temps name="def"><temp name="T1682"/></temps><temps name="in"><temp name="T514"/><temp name="T1762"/><temp name="T1767"/><temp name="T1755"/><temp name="T1699"/><temp name="T1724"/><temp name="T1824"/><temp name="T1711"/><temp name="T1720"/><temp name="T1680"/><temp name="T1728"/><temp name="T1751"/><temp name="T24"/><temp name="T1819"/><temp name="T1778"/><temp name="T1715"/><temp name="T1809"/><temp name="T1740"/><temp name="T1813"/><temp name="T1772"/><temp name="T1695"/><temp name="T1747"/><temp name="T1735"/><temp name="T1705"/></temps><temps name="out"><temp name="T514"/><temp name="T1762"/><temp name="T1767"/><temp name="T1755"/><temp name="T1699"/><temp name="T1724"/><temp name="T1824"/><temp name="T1711"/><temp name="T1720"/><temp name="T1680"/><temp name="T1728"/><temp name="T1751"/><temp name="T24"/><temp name="T1819"/><temp name="T1778"/><temp name="T1715"/><temp name="T1809"/><temp name="T1740"/><temp name="T1813"/><temp name="T1772"/><temp name="T1695"/><temp name="T1682"/><temp name="T1747"/><temp name="T1735"/><temp name="T1705"/></temps></instruction><instruction code="OR T515, T1682, 0"><temps name="use"><temp name="T1682"/></temps><temps name="def"><temp name="T515"/></temps><temps name="in"><temp name="T514"/><temp name="T1762"/><temp name="T1767"/><temp name="T1755"/><temp name="T1699"/><temp name="T1724"/><temp name="T1824"/><temp name="T1711"/><temp name="T1720"/><temp name="T1680"/><temp name="T1728"/><temp name="T1751"/><temp name="T24"/><temp name="T1819"/><temp name="T1778"/><temp name="T1715"/><temp name="T1809"/><temp name="T1740"/><temp name="T1813"/><temp name="T1772"/><temp name="T1695"/><temp name="T1682"/><temp name="T1747"/><temp name="T1735"/><temp name="T1705"/></temps><temps name="out"><temp name="T514"/><temp name="T1762"/><temp name="T1767"/><temp name="T1755"/><temp name="T1699"/><temp name="T1724"/><temp name="T1824"/><temp name="T1711"/><temp name="T1720"/><temp name="T1680"/><temp name="T1728"/><temp name="T1751"/><temp name="T24"/><temp name="T1819"/><temp name="T1778"/><temp name="T515"/><temp name="T1715"/><temp name="T1809"/><temp name="T1740"/><temp name="T1813"/><temp name="T1772"/><temp name="T1695"/><temp name="T1747"/><temp name="T1735"/><temp name="T1705"/></temps></instruction><instruction code="CMP T1683, T514, T515"><temps name="use"><temp name="T514"/><temp name="T515"/></temps><temps name="def"><temp name="T1683"/></temps><temps name="in"><temp name="T514"/><temp name="T1762"/><temp name="T1767"/><temp name="T1755"/><temp name="T1699"/><temp name="T1724"/><temp name="T1824"/><temp name="T1711"/><temp name="T1720"/><temp name="T1680"/><temp name="T1728"/><temp name="T1751"/><temp name="T24"/><temp name="T1819"/><temp name="T1778"/><temp name="T515"/><temp name="T1715"/><temp name="T1809"/><temp name="T1740"/><temp name="T1813"/><temp name="T1772"/><temp name="T1695"/><temp name="T1747"/><temp name="T1735"/><temp name="T1705"/></temps><temps name="out"><temp name="T1762"/><temp name="T1767"/><temp name="T1755"/><temp name="T1699"/><temp name="T1724"/><temp name="T1824"/><temp name="T1711"/><temp name="T1720"/><temp name="T1680"/><temp name="T1728"/><temp name="T1751"/><temp name="T24"/><temp name="T1819"/><temp name="T1778"/><temp name="T1683"/><temp name="T1715"/><temp name="T1809"/><temp name="T1740"/><temp name="T1813"/><temp name="T1772"/><temp name="T1695"/><temp name="T1747"/><temp name="T1735"/><temp name="T1705"/></temps></instruction><instruction code="ZSNP T1683, T1683, 1"><temps name="use"><temp name="T1683"/></temps><temps name="def"><temp name="T1683"/></temps><temps name="in"><temp name="T1762"/><temp name="T1767"/><temp name="T1755"/><temp name="T1699"/><temp name="T1724"/><temp name="T1824"/><temp name="T1711"/><temp name="T1720"/><temp name="T1680"/><temp name="T1728"/><temp name="T1751"/><temp name="T24"/><temp name="T1819"/><temp name="T1778"/><temp name="T1683"/><temp name="T1715"/><temp name="T1809"/><temp name="T1740"/><temp name="T1813"/><temp name="T1772"/><temp name="T1695"/><temp name="T1747"/><temp name="T1735"/><temp name="T1705"/></temps><temps name="out"><temp name="T1762"/><temp name="T1767"/><temp name="T1755"/><temp name="T1699"/><temp name="T1724"/><temp name="T1824"/><temp name="T1711"/><temp name="T1720"/><temp name="T1680"/><temp name="T1728"/><temp name="T1751"/><temp name="T24"/><temp name="T1819"/><temp name="T1778"/><temp name="T1683"/><temp name="T1715"/><temp name="T1809"/><temp name="T1740"/><temp name="T1813"/><temp name="T1772"/><temp name="T1695"/><temp name="T1747"/><temp name="T1735"/><temp name="T1705"/></temps></instruction><instruction code="OR T516, T1683, 0"><temps name="use"><temp name="T1683"/></temps><temps name="def"><temp name="T516"/></temps><temps name="in"><temp name="T1762"/><temp name="T1767"/><temp name="T1755"/><temp name="T1699"/><temp name="T1724"/><temp name="T1824"/><temp name="T1711"/><temp name="T1720"/><temp name="T1680"/><temp name="T1728"/><temp name="T1751"/><temp name="T24"/><temp name="T1819"/><temp name="T1778"/><temp name="T1683"/><temp name="T1715"/><temp name="T1809"/><temp name="T1740"/><temp name="T1813"/><temp name="T1772"/><temp name="T1695"/><temp name="T1747"/><temp name="T1735"/><temp name="T1705"/></temps><temps name="out"><temp name="T516"/><temp name="T1762"/><temp name="T1767"/><temp name="T1755"/><temp name="T1699"/><temp name="T1724"/><temp name="T1824"/><temp name="T1711"/><temp name="T1720"/><temp name="T1680"/><temp name="T1728"/><temp name="T1751"/><temp name="T24"/><temp name="T1819"/><temp name="T1778"/><temp name="T1715"/><temp name="T1809"/><temp name="T1740"/><temp name="T1813"/><temp name="T1772"/><temp name="T1695"/><temp name="T1747"/><temp name="T1735"/><temp name="T1705"/></temps></instruction><instruction code="BNZ T516, L62"><temps name="use"><temp name="T516"/></temps><temps name="def"/><temps name="in"><temp name="T516"/><temp name="T1762"/><temp name="T1767"/><temp name="T1755"/><temp name="T1699"/><temp name="T1724"/><temp name="T1824"/><temp name="T1711"/><temp name="T1720"/><temp name="T1680"/><temp name="T1728"/><temp name="T1751"/><temp name="T24"/><temp name="T1819"/><temp name="T1778"/><temp name="T1715"/><temp name="T1809"/><temp name="T1740"/><temp name="T1813"/><temp name="T1772"/><temp name="T1695"/><temp name="T1747"/><temp name="T1735"/><temp name="T1705"/></temps><temps name="out"><temp name="T1762"/><temp name="T1767"/><temp name="T1755"/><temp name="T1699"/><temp name="T1724"/><temp name="T1809"/><temp name="T1824"/><temp name="T1740"/><temp name="T1813"/><temp name="T1772"/><temp name="T1695"/><temp name="T1711"/><temp name="T1720"/><temp name="T1680"/><temp name="T1728"/><temp name="T1751"/><temp name="T24"/><temp name="T1747"/><temp name="T1819"/><temp name="T1778"/><temp name="T1715"/><temp name="T1735"/><temp name="T1705"/></temps></instruction><instruction code="L137"><temps name="use"/><temps name="def"/><temps name="in"><temp name="T1762"/><temp name="T1767"/><temp name="T1755"/><temp name="T1699"/><temp name="T1724"/><temp name="T1809"/><temp name="T1824"/><temp name="T1740"/><temp name="T1813"/><temp name="T1772"/><temp name="T1711"/><temp name="T1695"/><temp name="T1720"/><temp name="T1680"/><temp name="T1728"/><temp name="T1751"/><temp name="T24"/><temp name="T1747"/><temp name="T1819"/><temp name="T1778"/><temp name="T1715"/><temp name="T1735"/><temp name="T1705"/></temps><temps name="out"><temp name="T1762"/><temp name="T1767"/><temp name="T1755"/><temp name="T1699"/><temp name="T1724"/><temp name="T1809"/><temp name="T1824"/><temp name="T1740"/><temp name="T1813"/><temp name="T1772"/><temp name="T1711"/><temp name="T1695"/><temp name="T1720"/><temp name="T1680"/><temp name="T1728"/><temp name="T1751"/><temp name="T24"/><temp name="T1747"/><temp name="T1819"/><temp name="T1778"/><temp name="T1715"/><temp name="T1735"/><temp name="T1705"/></temps></instruction><instruction code="LDA T1684, L63"><temps name="use"/><temps name="def"><temp name="T1684"/></temps><temps name="in"><temp name="T1762"/><temp name="T1767"/><temp name="T1755"/><temp name="T1699"/><temp name="T1724"/><temp name="T1809"/><temp name="T1824"/><temp name="T1740"/><temp name="T1813"/><temp name="T1772"/><temp name="T1711"/><temp name="T1695"/><temp name="T1720"/><temp name="T1680"/><temp name="T1728"/><temp name="T1751"/><temp name="T24"/><temp name="T1747"/><temp name="T1819"/><temp name="T1778"/><temp name="T1715"/><temp name="T1735"/><temp name="T1705"/></temps><temps name="out"><temp name="T1762"/><temp name="T1767"/><temp name="T1755"/><temp name="T1699"/><temp name="T1724"/><temp name="T1824"/><temp name="T1711"/><temp name="T1720"/><temp name="T1680"/><temp name="T1728"/><temp name="T1751"/><temp name="T24"/><temp name="T1819"/><temp name="T1778"/><temp name="T1684"/><temp name="T1715"/><temp name="T1809"/><temp name="T1740"/><temp name="T1813"/><temp name="T1772"/><temp name="T1695"/><temp name="T1747"/><temp name="T1735"/><temp name="T1705"/></temps></instruction><instruction code="GO T1684, T1684, 0"><temps name="use"><temp name="T1684"/></temps><temps name="def"><temp name="T1684"/></temps><temps name="in"><temp name="T1762"/><temp name="T1767"/><temp name="T1755"/><temp name="T1699"/><temp name="T1724"/><temp name="T1824"/><temp name="T1711"/><temp name="T1720"/><temp name="T1680"/><temp name="T1728"/><temp name="T1751"/><temp name="T24"/><temp name="T1819"/><temp name="T1778"/><temp name="T1684"/><temp name="T1715"/><temp name="T1809"/><temp name="T1740"/><temp name="T1813"/><temp name="T1772"/><temp name="T1695"/><temp name="T1747"/><temp name="T1735"/><temp name="T1705"/></temps><temps name="out"><temp name="T1762"/><temp name="T1767"/><temp name="T1755"/><temp name="T1699"/><temp name="T1724"/><temp name="T1809"/><temp name="T1824"/><temp name="T1740"/><temp name="T1813"/><temp name="T1772"/><temp name="T1711"/><temp name="T1695"/><temp name="T1720"/><temp name="T1680"/><temp name="T1728"/><temp name="T1751"/><temp name="T24"/><temp name="T1747"/><temp name="T1819"/><temp name="T1778"/><temp name="T1715"/><temp name="T1735"/><temp name="T1705"/></temps></instruction><instruction code="L62"><temps name="use"/><temps name="def"/><temps name="in"><temp name="T1762"/><temp name="T1767"/><temp name="T1755"/><temp name="T1699"/><temp name="T1724"/><temp name="T1809"/><temp name="T1824"/><temp name="T1740"/><temp name="T1813"/><temp name="T1772"/><temp name="T1695"/><temp name="T1711"/><temp name="T1680"/><temp name="T1720"/><temp name="T1728"/><temp name="T1751"/><temp name="T24"/><temp name="T1747"/><temp name="T1819"/><temp name="T1778"/><temp name="T1715"/><temp name="T1735"/><temp name="T1705"/></temps><temps name="out"><temp name="T1762"/><temp name="T1767"/><temp name="T1755"/><temp name="T1699"/><temp name="T1724"/><temp name="T1809"/><temp name="T1824"/><temp name="T1740"/><temp name="T1813"/><temp name="T1772"/><temp name="T1695"/><temp name="T1711"/><temp name="T1680"/><temp name="T1720"/><temp name="T1728"/><temp name="T1751"/><temp name="T24"/><temp name="T1747"/><temp name="T1819"/><temp name="T1778"/><temp name="T1715"/><temp name="T1735"/><temp name="T1705"/></temps></instruction><instruction code="SETL  T1685, 0"><temps name="use"/><temps name="def"><temp name="T1685"/></temps><temps name="in"><temp name="T1762"/><temp name="T1767"/><temp name="T1755"/><temp name="T1699"/><temp name="T1724"/><temp name="T1809"/><temp name="T1824"/><temp name="T1740"/><temp name="T1813"/><temp name="T1772"/><temp name="T1695"/><temp name="T1711"/><temp name="T1680"/><temp name="T1720"/><temp name="T1728"/><temp name="T1751"/><temp name="T24"/><temp name="T1747"/><temp name="T1819"/><temp name="T1778"/><temp name="T1715"/><temp name="T1735"/><temp name="T1705"/></temps><temps name="out"><temp name="T1762"/><temp name="T1767"/><temp name="T1755"/><temp name="T1699"/><temp name="T1724"/><temp name="T1809"/><temp name="T1824"/><temp name="T1740"/><temp name="T1813"/><temp name="T1772"/><temp name="T1695"/><temp name="T1711"/><temp name="T1680"/><temp name="T1720"/><temp name="T1728"/><temp name="T1751"/><temp name="T24"/><temp name="T1747"/><temp name="T1819"/><temp name="T1778"/><temp name="T1715"/><temp name="T1735"/><temp name="T1705"/></temps></instruction><instruction code="INCML T1685, 0"><temps name="use"/><temps name="def"><temp name="T1685"/></temps><temps name="in"><temp name="T1762"/><temp name="T1767"/><temp name="T1755"/><temp name="T1699"/><temp name="T1724"/><temp name="T1809"/><temp name="T1824"/><temp name="T1740"/><temp name="T1813"/><temp name="T1772"/><temp name="T1695"/><temp name="T1711"/><temp name="T1680"/><temp name="T1720"/><temp name="T1728"/><temp name="T1751"/><temp name="T24"/><temp name="T1747"/><temp name="T1819"/><temp name="T1778"/><temp name="T1715"/><temp name="T1735"/><temp name="T1705"/></temps><temps name="out"><temp name="T1762"/><temp name="T1767"/><temp name="T1755"/><temp name="T1699"/><temp name="T1724"/><temp name="T1809"/><temp name="T1824"/><temp name="T1740"/><temp name="T1813"/><temp name="T1772"/><temp name="T1695"/><temp name="T1711"/><temp name="T1680"/><temp name="T1720"/><temp name="T1728"/><temp name="T1751"/><temp name="T24"/><temp name="T1747"/><temp name="T1819"/><temp name="T1778"/><temp name="T1715"/><temp name="T1735"/><temp name="T1705"/></temps></instruction><instruction code="INCMH T1685, 0"><temps name="use"/><temps name="def"><temp name="T1685"/></temps><temps name="in"><temp name="T1762"/><temp name="T1767"/><temp name="T1755"/><temp name="T1699"/><temp name="T1724"/><temp name="T1809"/><temp name="T1824"/><temp name="T1740"/><temp name="T1813"/><temp name="T1772"/><temp name="T1695"/><temp name="T1711"/><temp name="T1680"/><temp name="T1720"/><temp name="T1728"/><temp name="T1751"/><temp name="T24"/><temp name="T1747"/><temp name="T1819"/><temp name="T1778"/><temp name="T1715"/><temp name="T1735"/><temp name="T1705"/></temps><temps name="out"><temp name="T1762"/><temp name="T1767"/><temp name="T1755"/><temp name="T1699"/><temp name="T1724"/><temp name="T1809"/><temp name="T1824"/><temp name="T1740"/><temp name="T1813"/><temp name="T1772"/><temp name="T1695"/><temp name="T1711"/><temp name="T1680"/><temp name="T1720"/><temp name="T1728"/><temp name="T1751"/><temp name="T24"/><temp name="T1747"/><temp name="T1819"/><temp name="T1778"/><temp name="T1715"/><temp name="T1735"/><temp name="T1705"/></temps></instruction><instruction code="INCH  T1685, 0"><temps name="use"/><temps name="def"><temp name="T1685"/></temps><temps name="in"><temp name="T1762"/><temp name="T1767"/><temp name="T1755"/><temp name="T1699"/><temp name="T1724"/><temp name="T1809"/><temp name="T1824"/><temp name="T1740"/><temp name="T1813"/><temp name="T1772"/><temp name="T1695"/><temp name="T1711"/><temp name="T1680"/><temp name="T1720"/><temp name="T1728"/><temp name="T1751"/><temp name="T24"/><temp name="T1747"/><temp name="T1819"/><temp name="T1778"/><temp name="T1715"/><temp name="T1735"/><temp name="T1705"/></temps><temps name="out"><temp name="T1762"/><temp name="T1767"/><temp name="T1755"/><temp name="T1699"/><temp name="T1724"/><temp name="T1824"/><temp name="T1711"/><temp name="T1680"/><temp name="T1720"/><temp name="T1728"/><temp name="T1751"/><temp name="T24"/><temp name="T1819"/><temp name="T1778"/><temp name="T1715"/><temp name="T1685"/><temp name="T1809"/><temp name="T1740"/><temp name="T1813"/><temp name="T1772"/><temp name="T1695"/><temp name="T1747"/><temp name="T1735"/><temp name="T1705"/></temps></instruction><instruction code="OR T517, T1685, 0"><temps name="use"><temp name="T1685"/></temps><temps name="def"><temp name="T517"/></temps><temps name="in"><temp name="T1762"/><temp name="T1767"/><temp name="T1755"/><temp name="T1699"/><temp name="T1724"/><temp name="T1824"/><temp name="T1711"/><temp name="T1680"/><temp name="T1720"/><temp name="T1728"/><temp name="T1751"/><temp name="T24"/><temp name="T1819"/><temp name="T1778"/><temp name="T1715"/><temp name="T1685"/><temp name="T1809"/><temp name="T1740"/><temp name="T1813"/><temp name="T1772"/><temp name="T1695"/><temp name="T1747"/><temp name="T1735"/><temp name="T1705"/></temps><temps name="out"><temp name="T1762"/><temp name="T1767"/><temp name="T1755"/><temp name="T1699"/><temp name="T1724"/><temp name="T1824"/><temp name="T1711"/><temp name="T1680"/><temp name="T1720"/><temp name="T1728"/><temp name="T1751"/><temp name="T24"/><temp name="T1819"/><temp name="T1778"/><temp name="T1715"/><temp name="T1809"/><temp name="T1740"/><temp name="T1813"/><temp name="T1772"/><temp name="T1695"/><temp name="T517"/><temp name="T1747"/><temp name="T1735"/><temp name="T1705"/></temps></instruction><instruction code="LDO T1696, T1695, 0"><temps name="use"><temp name="T1695"/></temps><temps name="def"><temp name="T1696"/></temps><temps name="in"><temp name="T1762"/><temp name="T1767"/><temp name="T1755"/><temp name="T1699"/><temp name="T1724"/><temp name="T1824"/><temp name="T1711"/><temp name="T1680"/><temp name="T1720"/><temp name="T1728"/><temp name="T1751"/><temp name="T24"/><temp name="T1819"/><temp name="T1778"/><temp name="T1715"/><temp name="T1809"/><temp name="T1740"/><temp name="T1813"/><temp name="T1772"/><temp name="T1695"/><temp name="T517"/><temp name="T1747"/><temp name="T1735"/><temp name="T1705"/></temps><temps name="out"><temp name="T1762"/><temp name="T1767"/><temp name="T1755"/><temp name="T1699"/><temp name="T1724"/><temp name="T1824"/><temp name="T1711"/><temp name="T1696"/><temp name="T1680"/><temp name="T1720"/><temp name="T1728"/><temp name="T1751"/><temp name="T24"/><temp name="T1819"/><temp name="T1778"/><temp name="T1715"/><temp name="T1809"/><temp name="T1740"/><temp name="T1813"/><temp name="T1772"/><temp name="T1695"/><temp name="T517"/><temp name="T1747"/><temp name="T1735"/><temp name="T1705"/></temps></instruction><instruction code="STO T1696, T517, 0"><temps name="use"><temp name="T1696"/><temp name="T517"/></temps><temps name="def"/><temps name="in"><temp name="T1762"/><temp name="T1767"/><temp name="T1755"/><temp name="T1699"/><temp name="T1724"/><temp name="T1824"/><temp name="T1711"/><temp name="T1696"/><temp name="T1680"/><temp name="T1720"/><temp name="T1728"/><temp name="T1751"/><temp name="T24"/><temp name="T1819"/><temp name="T1778"/><temp name="T1715"/><temp name="T1809"/><temp name="T1740"/><temp name="T1813"/><temp name="T1772"/><temp name="T1695"/><temp name="T517"/><temp name="T1747"/><temp name="T1735"/><temp name="T1705"/></temps><temps name="out"><temp name="T1762"/><temp name="T1767"/><temp name="T1755"/><temp name="T1699"/><temp name="T1724"/><temp name="T1809"/><temp name="T1824"/><temp name="T1740"/><temp name="T1813"/><temp name="T1772"/><temp name="T1711"/><temp name="T1695"/><temp name="T1680"/><temp name="T1720"/><temp name="T1728"/><temp name="T1751"/><temp name="T24"/><temp name="T1747"/><temp name="T1819"/><temp name="T1778"/><temp name="T1715"/><temp name="T1735"/><temp name="T1705"/></temps></instruction><instruction code="OR T518, T24, 0"><temps name="use"><temp name="T24"/></temps><temps name="def"><temp name="T518"/></temps><temps name="in"><temp name="T1762"/><temp name="T1767"/><temp name="T1755"/><temp name="T1699"/><temp name="T1724"/><temp name="T1809"/><temp name="T1824"/><temp name="T1740"/><temp name="T1813"/><temp name="T1772"/><temp name="T1711"/><temp name="T1695"/><temp name="T1680"/><temp name="T1720"/><temp name="T1728"/><temp name="T1751"/><temp name="T24"/><temp name="T1747"/><temp name="T1819"/><temp name="T1778"/><temp name="T1715"/><temp name="T1735"/><temp name="T1705"/></temps><temps name="out"><temp name="T1762"/><temp name="T1767"/><temp name="T1755"/><temp name="T1699"/><temp name="T1724"/><temp name="T1824"/><temp name="T1711"/><temp name="T1680"/><temp name="T1720"/><temp name="T1728"/><temp name="T518"/><temp name="T1751"/><temp name="T24"/><temp name="T1819"/><temp name="T1778"/><temp name="T1715"/><temp name="T1809"/><temp name="T1740"/><temp name="T1813"/><temp name="T1772"/><temp name="T1695"/><temp name="T1747"/><temp name="T1735"/><temp name="T1705"/></temps></instruction><instruction code="SETL  T1697, 88"><temps name="use"/><temps name="def"><temp name="T1697"/></temps><temps name="in"><temp name="T1762"/><temp name="T1767"/><temp name="T1755"/><temp name="T1699"/><temp name="T1724"/><temp name="T1824"/><temp name="T1711"/><temp name="T1680"/><temp name="T1720"/><temp name="T1728"/><temp name="T518"/><temp name="T1751"/><temp name="T24"/><temp name="T1819"/><temp name="T1778"/><temp name="T1715"/><temp name="T1809"/><temp name="T1740"/><temp name="T1813"/><temp name="T1772"/><temp name="T1695"/><temp name="T1747"/><temp name="T1735"/><temp name="T1705"/></temps><temps name="out"><temp name="T1762"/><temp name="T1767"/><temp name="T1755"/><temp name="T1699"/><temp name="T1724"/><temp name="T1824"/><temp name="T1711"/><temp name="T1680"/><temp name="T1720"/><temp name="T1728"/><temp name="T518"/><temp name="T1751"/><temp name="T24"/><temp name="T1819"/><temp name="T1778"/><temp name="T1715"/><temp name="T1809"/><temp name="T1740"/><temp name="T1813"/><temp name="T1772"/><temp name="T1695"/><temp name="T1747"/><temp name="T1735"/><temp name="T1705"/></temps></instruction><instruction code="INCML T1697, 0"><temps name="use"/><temps name="def"><temp name="T1697"/></temps><temps name="in"><temp name="T1762"/><temp name="T1767"/><temp name="T1755"/><temp name="T1699"/><temp name="T1724"/><temp name="T1824"/><temp name="T1711"/><temp name="T1680"/><temp name="T1720"/><temp name="T1728"/><temp name="T518"/><temp name="T1751"/><temp name="T24"/><temp name="T1819"/><temp name="T1778"/><temp name="T1715"/><temp name="T1809"/><temp name="T1740"/><temp name="T1813"/><temp name="T1772"/><temp name="T1695"/><temp name="T1747"/><temp name="T1735"/><temp name="T1705"/></temps><temps name="out"><temp name="T1762"/><temp name="T1767"/><temp name="T1755"/><temp name="T1699"/><temp name="T1724"/><temp name="T1824"/><temp name="T1711"/><temp name="T1680"/><temp name="T1720"/><temp name="T1728"/><temp name="T518"/><temp name="T1751"/><temp name="T24"/><temp name="T1819"/><temp name="T1778"/><temp name="T1715"/><temp name="T1809"/><temp name="T1740"/><temp name="T1813"/><temp name="T1772"/><temp name="T1695"/><temp name="T1747"/><temp name="T1735"/><temp name="T1705"/></temps></instruction><instruction code="INCMH T1697, 0"><temps name="use"/><temps name="def"><temp name="T1697"/></temps><temps name="in"><temp name="T1762"/><temp name="T1767"/><temp name="T1755"/><temp name="T1699"/><temp name="T1724"/><temp name="T1824"/><temp name="T1711"/><temp name="T1680"/><temp name="T1720"/><temp name="T1728"/><temp name="T518"/><temp name="T1751"/><temp name="T24"/><temp name="T1819"/><temp name="T1778"/><temp name="T1715"/><temp name="T1809"/><temp name="T1740"/><temp name="T1813"/><temp name="T1772"/><temp name="T1695"/><temp name="T1747"/><temp name="T1735"/><temp name="T1705"/></temps><temps name="out"><temp name="T1762"/><temp name="T1767"/><temp name="T1755"/><temp name="T1699"/><temp name="T1724"/><temp name="T1824"/><temp name="T1711"/><temp name="T1680"/><temp name="T1720"/><temp name="T1728"/><temp name="T518"/><temp name="T1751"/><temp name="T24"/><temp name="T1819"/><temp name="T1778"/><temp name="T1715"/><temp name="T1809"/><temp name="T1740"/><temp name="T1813"/><temp name="T1772"/><temp name="T1695"/><temp name="T1747"/><temp name="T1735"/><temp name="T1705"/></temps></instruction><instruction code="INCH  T1697, 0"><temps name="use"/><temps name="def"><temp name="T1697"/></temps><temps name="in"><temp name="T1762"/><temp name="T1767"/><temp name="T1755"/><temp name="T1699"/><temp name="T1724"/><temp name="T1824"/><temp name="T1711"/><temp name="T1680"/><temp name="T1720"/><temp name="T1728"/><temp name="T518"/><temp name="T1751"/><temp name="T24"/><temp name="T1819"/><temp name="T1778"/><temp name="T1715"/><temp name="T1809"/><temp name="T1740"/><temp name="T1813"/><temp name="T1772"/><temp name="T1695"/><temp name="T1747"/><temp name="T1735"/><temp name="T1705"/></temps><temps name="out"><temp name="T1762"/><temp name="T1767"/><temp name="T1755"/><temp name="T1699"/><temp name="T1724"/><temp name="T1824"/><temp name="T1711"/><temp name="T1680"/><temp name="T1720"/><temp name="T1728"/><temp name="T518"/><temp name="T1751"/><temp name="T24"/><temp name="T1819"/><temp name="T1778"/><temp name="T1715"/><temp name="T1697"/><temp name="T1809"/><temp name="T1740"/><temp name="T1813"/><temp name="T1772"/><temp name="T1695"/><temp name="T1747"/><temp name="T1735"/><temp name="T1705"/></temps></instruction><instruction code="NEG T1697, 0, T1697"><temps name="use"><temp name="T1697"/></temps><temps name="def"><temp name="T1697"/></temps><temps name="in"><temp name="T1762"/><temp name="T1767"/><temp name="T1755"/><temp name="T1699"/><temp name="T1724"/><temp name="T1824"/><temp name="T1711"/><temp name="T1680"/><temp name="T1720"/><temp name="T1728"/><temp name="T518"/><temp name="T1751"/><temp name="T24"/><temp name="T1819"/><temp name="T1778"/><temp name="T1715"/><temp name="T1697"/><temp name="T1809"/><temp name="T1740"/><temp name="T1813"/><temp name="T1772"/><temp name="T1695"/><temp name="T1747"/><temp name="T1735"/><temp name="T1705"/></temps><temps name="out"><temp name="T1762"/><temp name="T1767"/><temp name="T1755"/><temp name="T1699"/><temp name="T1724"/><temp name="T1824"/><temp name="T1711"/><temp name="T1680"/><temp name="T1720"/><temp name="T1728"/><temp name="T518"/><temp name="T1751"/><temp name="T24"/><temp name="T1819"/><temp name="T1778"/><temp name="T1715"/><temp name="T1697"/><temp name="T1809"/><temp name="T1740"/><temp name="T1813"/><temp name="T1772"/><temp name="T1695"/><temp name="T1747"/><temp name="T1735"/><temp name="T1705"/></temps></instruction><instruction code="OR T519, T1697, 0"><temps name="use"><temp name="T1697"/></temps><temps name="def"><temp name="T519"/></temps><temps name="in"><temp name="T1762"/><temp name="T1767"/><temp name="T1755"/><temp name="T1699"/><temp name="T1724"/><temp name="T1824"/><temp name="T1711"/><temp name="T1680"/><temp name="T1720"/><temp name="T1728"/><temp name="T518"/><temp name="T1751"/><temp name="T24"/><temp name="T1819"/><temp name="T1778"/><temp name="T1715"/><temp name="T1697"/><temp name="T1809"/><temp name="T1740"/><temp name="T1813"/><temp name="T1772"/><temp name="T1695"/><temp name="T1747"/><temp name="T1735"/><temp name="T1705"/></temps><temps name="out"><temp name="T1762"/><temp name="T1767"/><temp name="T1755"/><temp name="T1699"/><temp name="T1724"/><temp name="T1824"/><temp name="T1711"/><temp name="T1680"/><temp name="T1720"/><temp name="T1728"/><temp name="T518"/><temp name="T1751"/><temp name="T24"/><temp name="T1819"/><temp name="T1778"/><temp name="T1715"/><temp name="T519"/><temp name="T1809"/><temp name="T1740"/><temp name="T1813"/><temp name="T1772"/><temp name="T1695"/><temp name="T1747"/><temp name="T1735"/><temp name="T1705"/></temps></instruction><instruction code="ADD T1698, T518, T519"><temps name="use"><temp name="T518"/><temp name="T519"/></temps><temps name="def"><temp name="T1698"/></temps><temps name="in"><temp name="T1762"/><temp name="T1767"/><temp name="T1755"/><temp name="T1699"/><temp name="T1724"/><temp name="T1824"/><temp name="T1711"/><temp name="T1680"/><temp name="T1720"/><temp name="T1728"/><temp name="T518"/><temp name="T1751"/><temp name="T24"/><temp name="T1819"/><temp name="T1778"/><temp name="T1715"/><temp name="T519"/><temp name="T1809"/><temp name="T1740"/><temp name="T1813"/><temp name="T1772"/><temp name="T1695"/><temp name="T1747"/><temp name="T1735"/><temp name="T1705"/></temps><temps name="out"><temp name="T1762"/><temp name="T1767"/><temp name="T1755"/><temp name="T1699"/><temp name="T1724"/><temp name="T1824"/><temp name="T1711"/><temp name="T1680"/><temp name="T1720"/><temp name="T1728"/><temp name="T1698"/><temp name="T1751"/><temp name="T24"/><temp name="T1819"/><temp name="T1778"/><temp name="T1715"/><temp name="T1809"/><temp name="T1740"/><temp name="T1813"/><temp name="T1772"/><temp name="T1695"/><temp name="T1747"/><temp name="T1735"/><temp name="T1705"/></temps></instruction><instruction code="OR T520, T1698, 0"><temps name="use"><temp name="T1698"/></temps><temps name="def"><temp name="T520"/></temps><temps name="in"><temp name="T1762"/><temp name="T1767"/><temp name="T1755"/><temp name="T1699"/><temp name="T1724"/><temp name="T1824"/><temp name="T1711"/><temp name="T1680"/><temp name="T1720"/><temp name="T1728"/><temp name="T1698"/><temp name="T1751"/><temp name="T24"/><temp name="T1819"/><temp name="T1778"/><temp name="T1715"/><temp name="T1809"/><temp name="T1740"/><temp name="T1813"/><temp name="T1772"/><temp name="T1695"/><temp name="T1747"/><temp name="T1735"/><temp name="T1705"/></temps><temps name="out"><temp name="T1762"/><temp name="T1767"/><temp name="T1755"/><temp name="T1699"/><temp name="T1724"/><temp name="T1809"/><temp name="T1824"/><temp name="T1740"/><temp name="T1813"/><temp name="T1772"/><temp name="T1711"/><temp name="T1695"/><temp name="T1680"/><temp name="T1720"/><temp name="T1728"/><temp name="T1751"/><temp name="T24"/><temp name="T1747"/><temp name="T1819"/><temp name="T1778"/><temp name="T1715"/><temp name="T1735"/><temp name="T1705"/></temps></instruction><instruction code="LDO T1700, T1699, 0"><temps name="use"><temp name="T1699"/></temps><temps name="def"><temp name="T1700"/></temps><temps name="in"><temp name="T1762"/><temp name="T1767"/><temp name="T1755"/><temp name="T1699"/><temp name="T1724"/><temp name="T1809"/><temp name="T1824"/><temp name="T1740"/><temp name="T1813"/><temp name="T1772"/><temp name="T1711"/><temp name="T1695"/><temp name="T1680"/><temp name="T1720"/><temp name="T1728"/><temp name="T1751"/><temp name="T24"/><temp name="T1747"/><temp name="T1819"/><temp name="T1778"/><temp name="T1715"/><temp name="T1735"/><temp name="T1705"/></temps><temps name="out"><temp name="T1762"/><temp name="T1700"/><temp name="T1767"/><temp name="T1755"/><temp name="T1699"/><temp name="T1724"/><temp name="T1824"/><temp name="T1711"/><temp name="T1680"/><temp name="T1720"/><temp name="T1728"/><temp name="T1751"/><temp name="T24"/><temp name="T1819"/><temp name="T1778"/><temp name="T1715"/><temp name="T1809"/><temp name="T1740"/><temp name="T1813"/><temp name="T1772"/><temp name="T1695"/><temp name="T1747"/><temp name="T1735"/><temp name="T1705"/></temps></instruction><instruction code="OR T521, T1700, 0"><temps name="use"><temp name="T1700"/></temps><temps name="def"><temp name="T521"/></temps><temps name="in"><temp name="T1762"/><temp name="T1700"/><temp name="T1767"/><temp name="T1755"/><temp name="T1699"/><temp name="T1724"/><temp name="T1824"/><temp name="T1711"/><temp name="T1680"/><temp name="T1720"/><temp name="T1728"/><temp name="T1751"/><temp name="T24"/><temp name="T1819"/><temp name="T1778"/><temp name="T1715"/><temp name="T1809"/><temp name="T1740"/><temp name="T1813"/><temp name="T1772"/><temp name="T1695"/><temp name="T1747"/><temp name="T1735"/><temp name="T1705"/></temps><temps name="out"><temp name="T1762"/><temp name="T1767"/><temp name="T521"/><temp name="T1755"/><temp name="T1699"/><temp name="T1724"/><temp name="T1824"/><temp name="T1711"/><temp name="T1680"/><temp name="T1720"/><temp name="T1728"/><temp name="T1751"/><temp name="T24"/><temp name="T1819"/><temp name="T1778"/><temp name="T1715"/><temp name="T1809"/><temp name="T1740"/><temp name="T1813"/><temp name="T1772"/><temp name="T1695"/><temp name="T1747"/><temp name="T1735"/><temp name="T1705"/></temps></instruction><instruction code="SETL  T1701, 1"><temps name="use"/><temps name="def"><temp name="T1701"/></temps><temps name="in"><temp name="T1762"/><temp name="T1767"/><temp name="T521"/><temp name="T1755"/><temp name="T1699"/><temp name="T1724"/><temp name="T1824"/><temp name="T1711"/><temp name="T1680"/><temp name="T1720"/><temp name="T1728"/><temp name="T1751"/><temp name="T24"/><temp name="T1819"/><temp name="T1778"/><temp name="T1715"/><temp name="T1809"/><temp name="T1740"/><temp name="T1813"/><temp name="T1772"/><temp name="T1695"/><temp name="T1747"/><temp name="T1735"/><temp name="T1705"/></temps><temps name="out"><temp name="T1762"/><temp name="T1767"/><temp name="T521"/><temp name="T1755"/><temp name="T1699"/><temp name="T1724"/><temp name="T1824"/><temp name="T1711"/><temp name="T1680"/><temp name="T1720"/><temp name="T1728"/><temp name="T1751"/><temp name="T24"/><temp name="T1819"/><temp name="T1778"/><temp name="T1715"/><temp name="T1809"/><temp name="T1740"/><temp name="T1813"/><temp name="T1772"/><temp name="T1695"/><temp name="T1747"/><temp name="T1735"/><temp name="T1705"/></temps></instruction><instruction code="INCML T1701, 0"><temps name="use"/><temps name="def"><temp name="T1701"/></temps><temps name="in"><temp name="T1762"/><temp name="T1767"/><temp name="T521"/><temp name="T1755"/><temp name="T1699"/><temp name="T1724"/><temp name="T1824"/><temp name="T1711"/><temp name="T1680"/><temp name="T1720"/><temp name="T1728"/><temp name="T1751"/><temp name="T24"/><temp name="T1819"/><temp name="T1778"/><temp name="T1715"/><temp name="T1809"/><temp name="T1740"/><temp name="T1813"/><temp name="T1772"/><temp name="T1695"/><temp name="T1747"/><temp name="T1735"/><temp name="T1705"/></temps><temps name="out"><temp name="T1762"/><temp name="T1767"/><temp name="T521"/><temp name="T1755"/><temp name="T1699"/><temp name="T1724"/><temp name="T1824"/><temp name="T1711"/><temp name="T1680"/><temp name="T1720"/><temp name="T1728"/><temp name="T1751"/><temp name="T24"/><temp name="T1819"/><temp name="T1778"/><temp name="T1715"/><temp name="T1809"/><temp name="T1740"/><temp name="T1813"/><temp name="T1772"/><temp name="T1695"/><temp name="T1747"/><temp name="T1735"/><temp name="T1705"/></temps></instruction><instruction code="INCMH T1701, 0"><temps name="use"/><temps name="def"><temp name="T1701"/></temps><temps name="in"><temp name="T1762"/><temp name="T1767"/><temp name="T521"/><temp name="T1755"/><temp name="T1699"/><temp name="T1724"/><temp name="T1824"/><temp name="T1711"/><temp name="T1680"/><temp name="T1720"/><temp name="T1728"/><temp name="T1751"/><temp name="T24"/><temp name="T1819"/><temp name="T1778"/><temp name="T1715"/><temp name="T1809"/><temp name="T1740"/><temp name="T1813"/><temp name="T1772"/><temp name="T1695"/><temp name="T1747"/><temp name="T1735"/><temp name="T1705"/></temps><temps name="out"><temp name="T1762"/><temp name="T1767"/><temp name="T521"/><temp name="T1755"/><temp name="T1699"/><temp name="T1724"/><temp name="T1824"/><temp name="T1711"/><temp name="T1680"/><temp name="T1720"/><temp name="T1728"/><temp name="T1751"/><temp name="T24"/><temp name="T1819"/><temp name="T1778"/><temp name="T1715"/><temp name="T1809"/><temp name="T1740"/><temp name="T1813"/><temp name="T1772"/><temp name="T1695"/><temp name="T1747"/><temp name="T1735"/><temp name="T1705"/></temps></instruction><instruction code="INCH  T1701, 0"><temps name="use"/><temps name="def"><temp name="T1701"/></temps><temps name="in"><temp name="T1762"/><temp name="T1767"/><temp name="T521"/><temp name="T1755"/><temp name="T1699"/><temp name="T1724"/><temp name="T1824"/><temp name="T1711"/><temp name="T1680"/><temp name="T1720"/><temp name="T1728"/><temp name="T1751"/><temp name="T24"/><temp name="T1819"/><temp name="T1778"/><temp name="T1715"/><temp name="T1809"/><temp name="T1740"/><temp name="T1813"/><temp name="T1772"/><temp name="T1695"/><temp name="T1747"/><temp name="T1735"/><temp name="T1705"/></temps><temps name="out"><temp name="T1762"/><temp name="T1701"/><temp name="T1767"/><temp name="T521"/><temp name="T1755"/><temp name="T1699"/><temp name="T1724"/><temp name="T1824"/><temp name="T1711"/><temp name="T1680"/><temp name="T1720"/><temp name="T1728"/><temp name="T1751"/><temp name="T24"/><temp name="T1819"/><temp name="T1778"/><temp name="T1715"/><temp name="T1809"/><temp name="T1740"/><temp name="T1813"/><temp name="T1772"/><temp name="T1695"/><temp name="T1747"/><temp name="T1735"/><temp name="T1705"/></temps></instruction><instruction code="OR T522, T1701, 0"><temps name="use"><temp name="T1701"/></temps><temps name="def"><temp name="T522"/></temps><temps name="in"><temp name="T1762"/><temp name="T1701"/><temp name="T1767"/><temp name="T521"/><temp name="T1755"/><temp name="T1699"/><temp name="T1724"/><temp name="T1824"/><temp name="T1711"/><temp name="T1680"/><temp name="T1720"/><temp name="T1728"/><temp name="T1751"/><temp name="T24"/><temp name="T1819"/><temp name="T1778"/><temp name="T1715"/><temp name="T1809"/><temp name="T1740"/><temp name="T1813"/><temp name="T1772"/><temp name="T1695"/><temp name="T1747"/><temp name="T1735"/><temp name="T1705"/></temps><temps name="out"><temp name="T1762"/><temp name="T1767"/><temp name="T521"/><temp name="T1755"/><temp name="T1699"/><temp name="T1724"/><temp name="T1824"/><temp name="T1711"/><temp name="T1680"/><temp name="T1720"/><temp name="T1728"/><temp name="T1751"/><temp name="T24"/><temp name="T1819"/><temp name="T1778"/><temp name="T1715"/><temp name="T1809"/><temp name="T1740"/><temp name="T1813"/><temp name="T1772"/><temp name="T1695"/><temp name="T522"/><temp name="T1747"/><temp name="T1735"/><temp name="T1705"/></temps></instruction><instruction code="ADD T1702, T521, T522"><temps name="use"><temp name="T521"/><temp name="T522"/></temps><temps name="def"><temp name="T1702"/></temps><temps name="in"><temp name="T1762"/><temp name="T1767"/><temp name="T521"/><temp name="T1755"/><temp name="T1699"/><temp name="T1724"/><temp name="T1824"/><temp name="T1711"/><temp name="T1680"/><temp name="T1720"/><temp name="T1728"/><temp name="T1751"/><temp name="T24"/><temp name="T1819"/><temp name="T1778"/><temp name="T1715"/><temp name="T1809"/><temp name="T1740"/><temp name="T1813"/><temp name="T1772"/><temp name="T1695"/><temp name="T522"/><temp name="T1747"/><temp name="T1735"/><temp name="T1705"/></temps><temps name="out"><temp name="T1762"/><temp name="T1767"/><temp name="T1755"/><temp name="T1699"/><temp name="T1724"/><temp name="T1824"/><temp name="T1711"/><temp name="T1680"/><temp name="T1720"/><temp name="T1728"/><temp name="T1751"/><temp name="T24"/><temp name="T1819"/><temp name="T1778"/><temp name="T1715"/><temp name="T1702"/><temp name="T1809"/><temp name="T1740"/><temp name="T1813"/><temp name="T1772"/><temp name="T1695"/><temp name="T1747"/><temp name="T1735"/><temp name="T1705"/></temps></instruction><instruction code="OR T523, T1702, 0"><temps name="use"><temp name="T1702"/></temps><temps name="def"><temp name="T523"/></temps><temps name="in"><temp name="T1762"/><temp name="T1767"/><temp name="T1755"/><temp name="T1699"/><temp name="T1724"/><temp name="T1824"/><temp name="T1711"/><temp name="T1680"/><temp name="T1720"/><temp name="T1728"/><temp name="T1751"/><temp name="T24"/><temp name="T1819"/><temp name="T1778"/><temp name="T1715"/><temp name="T1702"/><temp name="T1809"/><temp name="T1740"/><temp name="T1813"/><temp name="T1772"/><temp name="T1695"/><temp name="T1747"/><temp name="T1735"/><temp name="T1705"/></temps><temps name="out"><temp name="T1762"/><temp name="T1767"/><temp name="T1755"/><temp name="T1699"/><temp name="T1724"/><temp name="T1824"/><temp name="T1711"/><temp name="T1680"/><temp name="T1720"/><temp name="T1728"/><temp name="T1751"/><temp name="T24"/><temp name="T1819"/><temp name="T1778"/><temp name="T1715"/><temp name="T1809"/><temp name="T1740"/><temp name="T1813"/><temp name="T1772"/><temp name="T1695"/><temp name="T1747"/><temp name="T1735"/><temp name="T1705"/><temp name="T523"/></temps></instruction><instruction code="LDO T1706, T1705, 0"><temps name="use"><temp name="T1705"/></temps><temps name="def"><temp name="T1706"/></temps><temps name="in"><temp name="T1762"/><temp name="T1767"/><temp name="T1755"/><temp name="T1699"/><temp name="T1724"/><temp name="T1824"/><temp name="T1711"/><temp name="T1680"/><temp name="T1720"/><temp name="T1728"/><temp name="T1751"/><temp name="T24"/><temp name="T1819"/><temp name="T1778"/><temp name="T1715"/><temp name="T1809"/><temp name="T1740"/><temp name="T1813"/><temp name="T1772"/><temp name="T1695"/><temp name="T1747"/><temp name="T1735"/><temp name="T1705"/><temp name="T523"/></temps><temps name="out"><temp name="T1762"/><temp name="T1767"/><temp name="T1755"/><temp name="T1699"/><temp name="T1724"/><temp name="T1824"/><temp name="T1711"/><temp name="T1706"/><temp name="T1680"/><temp name="T1720"/><temp name="T1728"/><temp name="T1751"/><temp name="T24"/><temp name="T1819"/><temp name="T1778"/><temp name="T1715"/><temp name="T1809"/><temp name="T1740"/><temp name="T1813"/><temp name="T1772"/><temp name="T1695"/><temp name="T1747"/><temp name="T1735"/><temp name="T523"/><temp name="T1705"/></temps></instruction><instruction code="STO T1706, T523, 0"><temps name="use"><temp name="T1706"/><temp name="T523"/></temps><temps name="def"/><temps name="in"><temp name="T1762"/><temp name="T1767"/><temp name="T1755"/><temp name="T1699"/><temp name="T1724"/><temp name="T1824"/><temp name="T1711"/><temp name="T1706"/><temp name="T1680"/><temp name="T1720"/><temp name="T1728"/><temp name="T1751"/><temp name="T24"/><temp name="T1819"/><temp name="T1778"/><temp name="T1715"/><temp name="T1809"/><temp name="T1740"/><temp name="T1813"/><temp name="T1772"/><temp name="T1695"/><temp name="T1747"/><temp name="T1735"/><temp name="T523"/><temp name="T1705"/></temps><temps name="out"><temp name="T1762"/><temp name="T1767"/><temp name="T1755"/><temp name="T1699"/><temp name="T1724"/><temp name="T1809"/><temp name="T1824"/><temp name="T1740"/><temp name="T1813"/><temp name="T1772"/><temp name="T1711"/><temp name="T1695"/><temp name="T1680"/><temp name="T1720"/><temp name="T1728"/><temp name="T1751"/><temp name="T24"/><temp name="T1747"/><temp name="T1819"/><temp name="T1778"/><temp name="T1715"/><temp name="T1735"/><temp name="T1705"/></temps></instruction><instruction code="LDA T1707, L61"><temps name="use"/><temps name="def"><temp name="T1707"/></temps><temps name="in"><temp name="T1762"/><temp name="T1767"/><temp name="T1755"/><temp name="T1699"/><temp name="T1724"/><temp name="T1809"/><temp name="T1824"/><temp name="T1740"/><temp name="T1813"/><temp name="T1772"/><temp name="T1711"/><temp name="T1695"/><temp name="T1680"/><temp name="T1720"/><temp name="T1728"/><temp name="T1751"/><temp name="T24"/><temp name="T1747"/><temp name="T1819"/><temp name="T1778"/><temp name="T1715"/><temp name="T1735"/><temp name="T1705"/></temps><temps name="out"><temp name="T1762"/><temp name="T1767"/><temp name="T1755"/><temp name="T1699"/><temp name="T1724"/><temp name="T1824"/><temp name="T1711"/><temp name="T1680"/><temp name="T1720"/><temp name="T1728"/><temp name="T1751"/><temp name="T1707"/><temp name="T24"/><temp name="T1819"/><temp name="T1778"/><temp name="T1715"/><temp name="T1809"/><temp name="T1740"/><temp name="T1813"/><temp name="T1772"/><temp name="T1695"/><temp name="T1747"/><temp name="T1735"/><temp name="T1705"/></temps></instruction><instruction code="GO T1707, T1707, 0"><temps name="use"><temp name="T1707"/></temps><temps name="def"><temp name="T1707"/></temps><temps name="in"><temp name="T1762"/><temp name="T1767"/><temp name="T1755"/><temp name="T1699"/><temp name="T1724"/><temp name="T1824"/><temp name="T1711"/><temp name="T1680"/><temp name="T1720"/><temp name="T1728"/><temp name="T1751"/><temp name="T1707"/><temp name="T24"/><temp name="T1819"/><temp name="T1778"/><temp name="T1715"/><temp name="T1809"/><temp name="T1740"/><temp name="T1813"/><temp name="T1772"/><temp name="T1695"/><temp name="T1747"/><temp name="T1735"/><temp name="T1705"/></temps><temps name="out"><temp name="T1762"/><temp name="T1767"/><temp name="T1755"/><temp name="T1699"/><temp name="T1724"/><temp name="T1809"/><temp name="T1824"/><temp name="T1740"/><temp name="T1813"/><temp name="T1772"/><temp name="T1711"/><temp name="T1695"/><temp name="T1680"/><temp name="T1720"/><temp name="T1728"/><temp name="T1751"/><temp name="T24"/><temp name="T1747"/><temp name="T1819"/><temp name="T1778"/><temp name="T1715"/><temp name="T1735"/><temp name="T1705"/></temps></instruction><instruction code="L63"><temps name="use"/><temps name="def"/><temps name="in"><temp name="T1762"/><temp name="T1767"/><temp name="T1755"/><temp name="T1724"/><temp name="T1809"/><temp name="T1824"/><temp name="T1740"/><temp name="T1813"/><temp name="T1772"/><temp name="T1711"/><temp name="T1720"/><temp name="T1728"/><temp name="T1751"/><temp name="T24"/><temp name="T1747"/><temp name="T1819"/><temp name="T1778"/><temp name="T1715"/><temp name="T1735"/></temps><temps name="out"><temp name="T1762"/><temp name="T1767"/><temp name="T1755"/><temp name="T1724"/><temp name="T1809"/><temp name="T1824"/><temp name="T1740"/><temp name="T1813"/><temp name="T1772"/><temp name="T1711"/><temp name="T1720"/><temp name="T1728"/><temp name="T1751"/><temp name="T24"/><temp name="T1747"/><temp name="T1819"/><temp name="T1778"/><temp name="T1715"/><temp name="T1735"/></temps></instruction><instruction code="SETL  T1708, 0"><temps name="use"/><temps name="def"><temp name="T1708"/></temps><temps name="in"><temp name="T1762"/><temp name="T1767"/><temp name="T1755"/><temp name="T1724"/><temp name="T1809"/><temp name="T1824"/><temp name="T1740"/><temp name="T1813"/><temp name="T1772"/><temp name="T1711"/><temp name="T1720"/><temp name="T1728"/><temp name="T1751"/><temp name="T24"/><temp name="T1747"/><temp name="T1819"/><temp name="T1778"/><temp name="T1715"/><temp name="T1735"/></temps><temps name="out"><temp name="T1762"/><temp name="T1767"/><temp name="T1755"/><temp name="T1724"/><temp name="T1809"/><temp name="T1824"/><temp name="T1740"/><temp name="T1813"/><temp name="T1772"/><temp name="T1711"/><temp name="T1720"/><temp name="T1728"/><temp name="T1751"/><temp name="T24"/><temp name="T1747"/><temp name="T1819"/><temp name="T1778"/><temp name="T1715"/><temp name="T1735"/></temps></instruction><instruction code="INCML T1708, 0"><temps name="use"/><temps name="def"><temp name="T1708"/></temps><temps name="in"><temp name="T1762"/><temp name="T1767"/><temp name="T1755"/><temp name="T1724"/><temp name="T1809"/><temp name="T1824"/><temp name="T1740"/><temp name="T1813"/><temp name="T1772"/><temp name="T1711"/><temp name="T1720"/><temp name="T1728"/><temp name="T1751"/><temp name="T24"/><temp name="T1747"/><temp name="T1819"/><temp name="T1778"/><temp name="T1715"/><temp name="T1735"/></temps><temps name="out"><temp name="T1762"/><temp name="T1767"/><temp name="T1755"/><temp name="T1724"/><temp name="T1809"/><temp name="T1824"/><temp name="T1740"/><temp name="T1813"/><temp name="T1772"/><temp name="T1711"/><temp name="T1720"/><temp name="T1728"/><temp name="T1751"/><temp name="T24"/><temp name="T1747"/><temp name="T1819"/><temp name="T1778"/><temp name="T1715"/><temp name="T1735"/></temps></instruction><instruction code="INCMH T1708, 0"><temps name="use"/><temps name="def"><temp name="T1708"/></temps><temps name="in"><temp name="T1762"/><temp name="T1767"/><temp name="T1755"/><temp name="T1724"/><temp name="T1809"/><temp name="T1824"/><temp name="T1740"/><temp name="T1813"/><temp name="T1772"/><temp name="T1711"/><temp name="T1720"/><temp name="T1728"/><temp name="T1751"/><temp name="T24"/><temp name="T1747"/><temp name="T1819"/><temp name="T1778"/><temp name="T1715"/><temp name="T1735"/></temps><temps name="out"><temp name="T1762"/><temp name="T1767"/><temp name="T1755"/><temp name="T1724"/><temp name="T1809"/><temp name="T1824"/><temp name="T1740"/><temp name="T1813"/><temp name="T1772"/><temp name="T1711"/><temp name="T1720"/><temp name="T1728"/><temp name="T1751"/><temp name="T24"/><temp name="T1747"/><temp name="T1819"/><temp name="T1778"/><temp name="T1715"/><temp name="T1735"/></temps></instruction><instruction code="INCH  T1708, 0"><temps name="use"/><temps name="def"><temp name="T1708"/></temps><temps name="in"><temp name="T1762"/><temp name="T1767"/><temp name="T1755"/><temp name="T1724"/><temp name="T1809"/><temp name="T1824"/><temp name="T1740"/><temp name="T1813"/><temp name="T1772"/><temp name="T1711"/><temp name="T1720"/><temp name="T1728"/><temp name="T1751"/><temp name="T24"/><temp name="T1747"/><temp name="T1819"/><temp name="T1778"/><temp name="T1715"/><temp name="T1735"/></temps><temps name="out"><temp name="T1762"/><temp name="T1767"/><temp name="T1755"/><temp name="T1724"/><temp name="T1809"/><temp name="T1824"/><temp name="T1740"/><temp name="T1813"/><temp name="T1772"/><temp name="T1711"/><temp name="T1720"/><temp name="T1728"/><temp name="T1751"/><temp name="T24"/><temp name="T1747"/><temp name="T1819"/><temp name="T1778"/><temp name="T1708"/><temp name="T1715"/><temp name="T1735"/></temps></instruction><instruction code="OR T524, T1708, 0"><temps name="use"><temp name="T1708"/></temps><temps name="def"><temp name="T524"/></temps><temps name="in"><temp name="T1762"/><temp name="T1767"/><temp name="T1755"/><temp name="T1724"/><temp name="T1809"/><temp name="T1824"/><temp name="T1740"/><temp name="T1813"/><temp name="T1772"/><temp name="T1711"/><temp name="T1720"/><temp name="T1728"/><temp name="T1751"/><temp name="T24"/><temp name="T1747"/><temp name="T1819"/><temp name="T1778"/><temp name="T1708"/><temp name="T1715"/><temp name="T1735"/></temps><temps name="out"><temp name="T1762"/><temp name="T1767"/><temp name="T1755"/><temp name="T524"/><temp name="T1724"/><temp name="T1809"/><temp name="T1824"/><temp name="T1740"/><temp name="T1813"/><temp name="T1772"/><temp name="T1711"/><temp name="T1720"/><temp name="T1728"/><temp name="T1751"/><temp name="T24"/><temp name="T1747"/><temp name="T1819"/><temp name="T1778"/><temp name="T1715"/><temp name="T1735"/></temps></instruction><instruction code="LDO T1712, T1711, 0"><temps name="use"><temp name="T1711"/></temps><temps name="def"><temp name="T1712"/></temps><temps name="in"><temp name="T1762"/><temp name="T1767"/><temp name="T1755"/><temp name="T524"/><temp name="T1724"/><temp name="T1809"/><temp name="T1824"/><temp name="T1740"/><temp name="T1813"/><temp name="T1772"/><temp name="T1711"/><temp name="T1720"/><temp name="T1728"/><temp name="T1751"/><temp name="T24"/><temp name="T1747"/><temp name="T1819"/><temp name="T1778"/><temp name="T1715"/><temp name="T1735"/></temps><temps name="out"><temp name="T1762"/><temp name="T1767"/><temp name="T1755"/><temp name="T524"/><temp name="T1724"/><temp name="T1809"/><temp name="T1712"/><temp name="T1824"/><temp name="T1740"/><temp name="T1813"/><temp name="T1772"/><temp name="T1720"/><temp name="T1728"/><temp name="T1751"/><temp name="T24"/><temp name="T1747"/><temp name="T1819"/><temp name="T1778"/><temp name="T1715"/><temp name="T1735"/></temps></instruction><instruction code="STO T1712, T524, 0"><temps name="use"><temp name="T1712"/><temp name="T524"/></temps><temps name="def"/><temps name="in"><temp name="T1762"/><temp name="T1767"/><temp name="T1755"/><temp name="T524"/><temp name="T1724"/><temp name="T1809"/><temp name="T1712"/><temp name="T1824"/><temp name="T1740"/><temp name="T1813"/><temp name="T1772"/><temp name="T1720"/><temp name="T1728"/><temp name="T1751"/><temp name="T24"/><temp name="T1747"/><temp name="T1819"/><temp name="T1778"/><temp name="T1715"/><temp name="T1735"/></temps><temps name="out"><temp name="T1762"/><temp name="T1767"/><temp name="T1755"/><temp name="T1724"/><temp name="T1809"/><temp name="T1824"/><temp name="T1740"/><temp name="T1813"/><temp name="T1772"/><temp name="T1720"/><temp name="T1728"/><temp name="T1751"/><temp name="T24"/><temp name="T1747"/><temp name="T1819"/><temp name="T1778"/><temp name="T1715"/><temp name="T1735"/></temps></instruction><instruction code="L69"><temps name="use"/><temps name="def"/><temps name="in"><temp name="T1762"/><temp name="T1767"/><temp name="T1755"/><temp name="T1724"/><temp name="T1809"/><temp name="T1824"/><temp name="T1740"/><temp name="T1813"/><temp name="T1772"/><temp name="T1720"/><temp name="T1728"/><temp name="T1751"/><temp name="T24"/><temp name="T1747"/><temp name="T1819"/><temp name="T1778"/><temp name="T1715"/><temp name="T1735"/></temps><temps name="out"><temp name="T1762"/><temp name="T1767"/><temp name="T1755"/><temp name="T1724"/><temp name="T1809"/><temp name="T1824"/><temp name="T1740"/><temp name="T1813"/><temp name="T1772"/><temp name="T1720"/><temp name="T1728"/><temp name="T1751"/><temp name="T24"/><temp name="T1747"/><temp name="T1819"/><temp name="T1778"/><temp name="T1715"/><temp name="T1735"/></temps></instruction><instruction code="OR T525, T24, 0"><temps name="use"><temp name="T24"/></temps><temps name="def"><temp name="T525"/></temps><temps name="in"><temp name="T1762"/><temp name="T1767"/><temp name="T1755"/><temp name="T1724"/><temp name="T1809"/><temp name="T1824"/><temp name="T1740"/><temp name="T1813"/><temp name="T1772"/><temp name="T1720"/><temp name="T1728"/><temp name="T1751"/><temp name="T24"/><temp name="T1747"/><temp name="T1819"/><temp name="T1778"/><temp name="T1715"/><temp name="T1735"/></temps><temps name="out"><temp name="T1762"/><temp name="T1767"/><temp name="T525"/><temp name="T1755"/><temp name="T1724"/><temp name="T1809"/><temp name="T1824"/><temp name="T1740"/><temp name="T1813"/><temp name="T1772"/><temp name="T1720"/><temp name="T1728"/><temp name="T1751"/><temp name="T24"/><temp name="T1747"/><temp name="T1819"/><temp name="T1778"/><temp name="T1715"/><temp name="T1735"/></temps></instruction><instruction code="SETL  T1713, 88"><temps name="use"/><temps name="def"><temp name="T1713"/></temps><temps name="in"><temp name="T1762"/><temp name="T1767"/><temp name="T525"/><temp name="T1755"/><temp name="T1724"/><temp name="T1809"/><temp name="T1824"/><temp name="T1740"/><temp name="T1813"/><temp name="T1772"/><temp name="T1720"/><temp name="T1728"/><temp name="T1751"/><temp name="T24"/><temp name="T1747"/><temp name="T1819"/><temp name="T1778"/><temp name="T1715"/><temp name="T1735"/></temps><temps name="out"><temp name="T1762"/><temp name="T1767"/><temp name="T525"/><temp name="T1755"/><temp name="T1724"/><temp name="T1809"/><temp name="T1824"/><temp name="T1740"/><temp name="T1813"/><temp name="T1772"/><temp name="T1720"/><temp name="T1728"/><temp name="T1751"/><temp name="T24"/><temp name="T1747"/><temp name="T1819"/><temp name="T1778"/><temp name="T1715"/><temp name="T1735"/></temps></instruction><instruction code="INCML T1713, 0"><temps name="use"/><temps name="def"><temp name="T1713"/></temps><temps name="in"><temp name="T1762"/><temp name="T1767"/><temp name="T525"/><temp name="T1755"/><temp name="T1724"/><temp name="T1809"/><temp name="T1824"/><temp name="T1740"/><temp name="T1813"/><temp name="T1772"/><temp name="T1720"/><temp name="T1728"/><temp name="T1751"/><temp name="T24"/><temp name="T1747"/><temp name="T1819"/><temp name="T1778"/><temp name="T1715"/><temp name="T1735"/></temps><temps name="out"><temp name="T1762"/><temp name="T1767"/><temp name="T525"/><temp name="T1755"/><temp name="T1724"/><temp name="T1809"/><temp name="T1824"/><temp name="T1740"/><temp name="T1813"/><temp name="T1772"/><temp name="T1720"/><temp name="T1728"/><temp name="T1751"/><temp name="T24"/><temp name="T1747"/><temp name="T1819"/><temp name="T1778"/><temp name="T1715"/><temp name="T1735"/></temps></instruction><instruction code="INCMH T1713, 0"><temps name="use"/><temps name="def"><temp name="T1713"/></temps><temps name="in"><temp name="T1762"/><temp name="T1767"/><temp name="T525"/><temp name="T1755"/><temp name="T1724"/><temp name="T1809"/><temp name="T1824"/><temp name="T1740"/><temp name="T1813"/><temp name="T1772"/><temp name="T1720"/><temp name="T1728"/><temp name="T1751"/><temp name="T24"/><temp name="T1747"/><temp name="T1819"/><temp name="T1778"/><temp name="T1715"/><temp name="T1735"/></temps><temps name="out"><temp name="T1762"/><temp name="T1767"/><temp name="T525"/><temp name="T1755"/><temp name="T1724"/><temp name="T1809"/><temp name="T1824"/><temp name="T1740"/><temp name="T1813"/><temp name="T1772"/><temp name="T1720"/><temp name="T1728"/><temp name="T1751"/><temp name="T24"/><temp name="T1747"/><temp name="T1819"/><temp name="T1778"/><temp name="T1715"/><temp name="T1735"/></temps></instruction><instruction code="INCH  T1713, 0"><temps name="use"/><temps name="def"><temp name="T1713"/></temps><temps name="in"><temp name="T1762"/><temp name="T1767"/><temp name="T525"/><temp name="T1755"/><temp name="T1724"/><temp name="T1809"/><temp name="T1824"/><temp name="T1740"/><temp name="T1813"/><temp name="T1772"/><temp name="T1720"/><temp name="T1728"/><temp name="T1751"/><temp name="T24"/><temp name="T1747"/><temp name="T1819"/><temp name="T1778"/><temp name="T1715"/><temp name="T1735"/></temps><temps name="out"><temp name="T1762"/><temp name="T1767"/><temp name="T525"/><temp name="T1755"/><temp name="T1724"/><temp name="T1809"/><temp name="T1824"/><temp name="T1740"/><temp name="T1813"/><temp name="T1772"/><temp name="T1720"/><temp name="T1728"/><temp name="T1713"/><temp name="T1751"/><temp name="T24"/><temp name="T1747"/><temp name="T1819"/><temp name="T1778"/><temp name="T1715"/><temp name="T1735"/></temps></instruction><instruction code="NEG T1713, 0, T1713"><temps name="use"><temp name="T1713"/></temps><temps name="def"><temp name="T1713"/></temps><temps name="in"><temp name="T1762"/><temp name="T1767"/><temp name="T525"/><temp name="T1755"/><temp name="T1724"/><temp name="T1809"/><temp name="T1824"/><temp name="T1740"/><temp name="T1813"/><temp name="T1772"/><temp name="T1720"/><temp name="T1728"/><temp name="T1713"/><temp name="T1751"/><temp name="T24"/><temp name="T1747"/><temp name="T1819"/><temp name="T1778"/><temp name="T1715"/><temp name="T1735"/></temps><temps name="out"><temp name="T1762"/><temp name="T1767"/><temp name="T525"/><temp name="T1755"/><temp name="T1724"/><temp name="T1809"/><temp name="T1824"/><temp name="T1740"/><temp name="T1813"/><temp name="T1772"/><temp name="T1720"/><temp name="T1728"/><temp name="T1713"/><temp name="T1751"/><temp name="T24"/><temp name="T1747"/><temp name="T1819"/><temp name="T1778"/><temp name="T1715"/><temp name="T1735"/></temps></instruction><instruction code="OR T526, T1713, 0"><temps name="use"><temp name="T1713"/></temps><temps name="def"><temp name="T526"/></temps><temps name="in"><temp name="T1762"/><temp name="T1767"/><temp name="T525"/><temp name="T1755"/><temp name="T1724"/><temp name="T1809"/><temp name="T1824"/><temp name="T1740"/><temp name="T1813"/><temp name="T1772"/><temp name="T1720"/><temp name="T1728"/><temp name="T1713"/><temp name="T1751"/><temp name="T24"/><temp name="T1747"/><temp name="T1819"/><temp name="T1778"/><temp name="T1715"/><temp name="T1735"/></temps><temps name="out"><temp name="T526"/><temp name="T1762"/><temp name="T1767"/><temp name="T525"/><temp name="T1755"/><temp name="T1724"/><temp name="T1809"/><temp name="T1824"/><temp name="T1740"/><temp name="T1813"/><temp name="T1772"/><temp name="T1720"/><temp name="T1728"/><temp name="T1751"/><temp name="T24"/><temp name="T1747"/><temp name="T1819"/><temp name="T1778"/><temp name="T1715"/><temp name="T1735"/></temps></instruction><instruction code="ADD T1714, T525, T526"><temps name="use"><temp name="T525"/><temp name="T526"/></temps><temps name="def"><temp name="T1714"/></temps><temps name="in"><temp name="T526"/><temp name="T1762"/><temp name="T1767"/><temp name="T525"/><temp name="T1755"/><temp name="T1724"/><temp name="T1809"/><temp name="T1824"/><temp name="T1740"/><temp name="T1813"/><temp name="T1772"/><temp name="T1720"/><temp name="T1728"/><temp name="T1751"/><temp name="T24"/><temp name="T1747"/><temp name="T1819"/><temp name="T1778"/><temp name="T1715"/><temp name="T1735"/></temps><temps name="out"><temp name="T1762"/><temp name="T1767"/><temp name="T1755"/><temp name="T1724"/><temp name="T1809"/><temp name="T1824"/><temp name="T1740"/><temp name="T1714"/><temp name="T1813"/><temp name="T1772"/><temp name="T1720"/><temp name="T1728"/><temp name="T1751"/><temp name="T24"/><temp name="T1747"/><temp name="T1819"/><temp name="T1778"/><temp name="T1715"/><temp name="T1735"/></temps></instruction><instruction code="OR T527, T1714, 0"><temps name="use"><temp name="T1714"/></temps><temps name="def"><temp name="T527"/></temps><temps name="in"><temp name="T1762"/><temp name="T1767"/><temp name="T1755"/><temp name="T1724"/><temp name="T1809"/><temp name="T1824"/><temp name="T1740"/><temp name="T1714"/><temp name="T1813"/><temp name="T1772"/><temp name="T1720"/><temp name="T1728"/><temp name="T1751"/><temp name="T24"/><temp name="T1747"/><temp name="T1819"/><temp name="T1778"/><temp name="T1715"/><temp name="T1735"/></temps><temps name="out"><temp name="T1762"/><temp name="T1767"/><temp name="T1755"/><temp name="T1724"/><temp name="T1809"/><temp name="T1824"/><temp name="T1740"/><temp name="T1813"/><temp name="T1772"/><temp name="T1720"/><temp name="T1728"/><temp name="T1751"/><temp name="T24"/><temp name="T1747"/><temp name="T1819"/><temp name="T1778"/><temp name="T1715"/><temp name="T1735"/></temps></instruction><instruction code="LDO T1716, T1715, 0"><temps name="use"><temp name="T1715"/></temps><temps name="def"><temp name="T1716"/></temps><temps name="in"><temp name="T1762"/><temp name="T1767"/><temp name="T1755"/><temp name="T1724"/><temp name="T1809"/><temp name="T1824"/><temp name="T1740"/><temp name="T1813"/><temp name="T1772"/><temp name="T1720"/><temp name="T1728"/><temp name="T1751"/><temp name="T24"/><temp name="T1747"/><temp name="T1819"/><temp name="T1778"/><temp name="T1715"/><temp name="T1735"/></temps><temps name="out"><temp name="T1762"/><temp name="T1767"/><temp name="T1755"/><temp name="T1724"/><temp name="T1809"/><temp name="T1824"/><temp name="T1740"/><temp name="T1813"/><temp name="T1772"/><temp name="T1720"/><temp name="T1728"/><temp name="T1751"/><temp name="T24"/><temp name="T1747"/><temp name="T1819"/><temp name="T1778"/><temp name="T1716"/><temp name="T1735"/><temp name="T1715"/></temps></instruction><instruction code="OR T528, T1716, 0"><temps name="use"><temp name="T1716"/></temps><temps name="def"><temp name="T528"/></temps><temps name="in"><temp name="T1762"/><temp name="T1767"/><temp name="T1755"/><temp name="T1724"/><temp name="T1809"/><temp name="T1824"/><temp name="T1740"/><temp name="T1813"/><temp name="T1772"/><temp name="T1720"/><temp name="T1728"/><temp name="T1751"/><temp name="T24"/><temp name="T1747"/><temp name="T1819"/><temp name="T1778"/><temp name="T1716"/><temp name="T1735"/><temp name="T1715"/></temps><temps name="out"><temp name="T1762"/><temp name="T1767"/><temp name="T1755"/><temp name="T1724"/><temp name="T1809"/><temp name="T1824"/><temp name="T1740"/><temp name="T1813"/><temp name="T1772"/><temp name="T528"/><temp name="T1720"/><temp name="T1728"/><temp name="T1751"/><temp name="T24"/><temp name="T1747"/><temp name="T1819"/><temp name="T1778"/><temp name="T1735"/><temp name="T1715"/></temps></instruction><instruction code="SETL  T1717, 9"><temps name="use"/><temps name="def"><temp name="T1717"/></temps><temps name="in"><temp name="T1762"/><temp name="T1767"/><temp name="T1755"/><temp name="T1724"/><temp name="T1809"/><temp name="T1824"/><temp name="T1740"/><temp name="T1813"/><temp name="T1772"/><temp name="T528"/><temp name="T1720"/><temp name="T1728"/><temp name="T1751"/><temp name="T24"/><temp name="T1747"/><temp name="T1819"/><temp name="T1778"/><temp name="T1735"/><temp name="T1715"/></temps><temps name="out"><temp name="T1762"/><temp name="T1767"/><temp name="T1755"/><temp name="T1724"/><temp name="T1809"/><temp name="T1824"/><temp name="T1740"/><temp name="T1813"/><temp name="T1772"/><temp name="T528"/><temp name="T1720"/><temp name="T1728"/><temp name="T1751"/><temp name="T24"/><temp name="T1747"/><temp name="T1819"/><temp name="T1778"/><temp name="T1735"/><temp name="T1715"/></temps></instruction><instruction code="INCML T1717, 0"><temps name="use"/><temps name="def"><temp name="T1717"/></temps><temps name="in"><temp name="T1762"/><temp name="T1767"/><temp name="T1755"/><temp name="T1724"/><temp name="T1809"/><temp name="T1824"/><temp name="T1740"/><temp name="T1813"/><temp name="T1772"/><temp name="T528"/><temp name="T1720"/><temp name="T1728"/><temp name="T1751"/><temp name="T24"/><temp name="T1747"/><temp name="T1819"/><temp name="T1778"/><temp name="T1735"/><temp name="T1715"/></temps><temps name="out"><temp name="T1762"/><temp name="T1767"/><temp name="T1755"/><temp name="T1724"/><temp name="T1809"/><temp name="T1824"/><temp name="T1740"/><temp name="T1813"/><temp name="T1772"/><temp name="T528"/><temp name="T1720"/><temp name="T1728"/><temp name="T1751"/><temp name="T24"/><temp name="T1747"/><temp name="T1819"/><temp name="T1778"/><temp name="T1735"/><temp name="T1715"/></temps></instruction><instruction code="INCMH T1717, 0"><temps name="use"/><temps name="def"><temp name="T1717"/></temps><temps name="in"><temp name="T1762"/><temp name="T1767"/><temp name="T1755"/><temp name="T1724"/><temp name="T1809"/><temp name="T1824"/><temp name="T1740"/><temp name="T1813"/><temp name="T1772"/><temp name="T528"/><temp name="T1720"/><temp name="T1728"/><temp name="T1751"/><temp name="T24"/><temp name="T1747"/><temp name="T1819"/><temp name="T1778"/><temp name="T1735"/><temp name="T1715"/></temps><temps name="out"><temp name="T1762"/><temp name="T1767"/><temp name="T1755"/><temp name="T1724"/><temp name="T1809"/><temp name="T1824"/><temp name="T1740"/><temp name="T1813"/><temp name="T1772"/><temp name="T528"/><temp name="T1720"/><temp name="T1728"/><temp name="T1751"/><temp name="T24"/><temp name="T1747"/><temp name="T1819"/><temp name="T1778"/><temp name="T1735"/><temp name="T1715"/></temps></instruction><instruction code="INCH  T1717, 0"><temps name="use"/><temps name="def"><temp name="T1717"/></temps><temps name="in"><temp name="T1762"/><temp name="T1767"/><temp name="T1755"/><temp name="T1724"/><temp name="T1809"/><temp name="T1824"/><temp name="T1740"/><temp name="T1813"/><temp name="T1772"/><temp name="T528"/><temp name="T1720"/><temp name="T1728"/><temp name="T1751"/><temp name="T24"/><temp name="T1747"/><temp name="T1819"/><temp name="T1778"/><temp name="T1735"/><temp name="T1715"/></temps><temps name="out"><temp name="T1762"/><temp name="T1767"/><temp name="T1717"/><temp name="T1755"/><temp name="T1724"/><temp name="T1809"/><temp name="T1824"/><temp name="T1740"/><temp name="T1813"/><temp name="T1772"/><temp name="T528"/><temp name="T1720"/><temp name="T1728"/><temp name="T1751"/><temp name="T24"/><temp name="T1747"/><temp name="T1819"/><temp name="T1778"/><temp name="T1735"/><temp name="T1715"/></temps></instruction><instruction code="OR T529, T1717, 0"><temps name="use"><temp name="T1717"/></temps><temps name="def"><temp name="T529"/></temps><temps name="in"><temp name="T1762"/><temp name="T1767"/><temp name="T1717"/><temp name="T1755"/><temp name="T1724"/><temp name="T1809"/><temp name="T1824"/><temp name="T1740"/><temp name="T1813"/><temp name="T1772"/><temp name="T528"/><temp name="T1720"/><temp name="T1728"/><temp name="T1751"/><temp name="T24"/><temp name="T1747"/><temp name="T1819"/><temp name="T1778"/><temp name="T1735"/><temp name="T1715"/></temps><temps name="out"><temp name="T1762"/><temp name="T1767"/><temp name="T1755"/><temp name="T529"/><temp name="T1724"/><temp name="T1809"/><temp name="T1824"/><temp name="T1740"/><temp name="T1813"/><temp name="T1772"/><temp name="T528"/><temp name="T1720"/><temp name="T1728"/><temp name="T1751"/><temp name="T24"/><temp name="T1747"/><temp name="T1819"/><temp name="T1778"/><temp name="T1735"/><temp name="T1715"/></temps></instruction><instruction code="CMP T1718, T528, T529"><temps name="use"><temp name="T528"/><temp name="T529"/></temps><temps name="def"><temp name="T1718"/></temps><temps name="in"><temp name="T1762"/><temp name="T1767"/><temp name="T1755"/><temp name="T529"/><temp name="T1724"/><temp name="T1809"/><temp name="T1824"/><temp name="T1740"/><temp name="T1813"/><temp name="T1772"/><temp name="T528"/><temp name="T1720"/><temp name="T1728"/><temp name="T1751"/><temp name="T24"/><temp name="T1747"/><temp name="T1819"/><temp name="T1778"/><temp name="T1735"/><temp name="T1715"/></temps><temps name="out"><temp name="T1762"/><temp name="T1767"/><temp name="T1755"/><temp name="T1724"/><temp name="T1809"/><temp name="T1824"/><temp name="T1740"/><temp name="T1813"/><temp name="T1772"/><temp name="T1720"/><temp name="T1728"/><temp name="T1751"/><temp name="T24"/><temp name="T1747"/><temp name="T1819"/><temp name="T1778"/><temp name="T1718"/><temp name="T1735"/><temp name="T1715"/></temps></instruction><instruction code="ZSN T1718, T1718, 1"><temps name="use"><temp name="T1718"/></temps><temps name="def"><temp name="T1718"/></temps><temps name="in"><temp name="T1762"/><temp name="T1767"/><temp name="T1755"/><temp name="T1724"/><temp name="T1809"/><temp name="T1824"/><temp name="T1740"/><temp name="T1813"/><temp name="T1772"/><temp name="T1720"/><temp name="T1728"/><temp name="T1751"/><temp name="T24"/><temp name="T1747"/><temp name="T1819"/><temp name="T1778"/><temp name="T1718"/><temp name="T1735"/><temp name="T1715"/></temps><temps name="out"><temp name="T1762"/><temp name="T1767"/><temp name="T1755"/><temp name="T1724"/><temp name="T1809"/><temp name="T1824"/><temp name="T1740"/><temp name="T1813"/><temp name="T1772"/><temp name="T1720"/><temp name="T1728"/><temp name="T1751"/><temp name="T24"/><temp name="T1747"/><temp name="T1819"/><temp name="T1778"/><temp name="T1718"/><temp name="T1735"/><temp name="T1715"/></temps></instruction><instruction code="OR T530, T1718, 0"><temps name="use"><temp name="T1718"/></temps><temps name="def"><temp name="T530"/></temps><temps name="in"><temp name="T1762"/><temp name="T1767"/><temp name="T1755"/><temp name="T1724"/><temp name="T1809"/><temp name="T1824"/><temp name="T1740"/><temp name="T1813"/><temp name="T1772"/><temp name="T1720"/><temp name="T1728"/><temp name="T1751"/><temp name="T24"/><temp name="T1747"/><temp name="T1819"/><temp name="T1778"/><temp name="T1718"/><temp name="T1735"/><temp name="T1715"/></temps><temps name="out"><temp name="T1762"/><temp name="T1767"/><temp name="T1755"/><temp name="T1724"/><temp name="T1809"/><temp name="T1824"/><temp name="T1740"/><temp name="T1813"/><temp name="T1772"/><temp name="T1720"/><temp name="T1728"/><temp name="T1751"/><temp name="T530"/><temp name="T24"/><temp name="T1747"/><temp name="T1819"/><temp name="T1778"/><temp name="T1735"/><temp name="T1715"/></temps></instruction><instruction code="BNZ T530, L70"><temps name="use"><temp name="T530"/></temps><temps name="def"/><temps name="in"><temp name="T1762"/><temp name="T1767"/><temp name="T1755"/><temp name="T1724"/><temp name="T1809"/><temp name="T1824"/><temp name="T1740"/><temp name="T1813"/><temp name="T1772"/><temp name="T1720"/><temp name="T1728"/><temp name="T1751"/><temp name="T530"/><temp name="T24"/><temp name="T1747"/><temp name="T1819"/><temp name="T1778"/><temp name="T1735"/><temp name="T1715"/></temps><temps name="out"><temp name="T1762"/><temp name="T1767"/><temp name="T1755"/><temp name="T1724"/><temp name="T1809"/><temp name="T1824"/><temp name="T1740"/><temp name="T1813"/><temp name="T1772"/><temp name="T1720"/><temp name="T1728"/><temp name="T1751"/><temp name="T24"/><temp name="T1747"/><temp name="T1819"/><temp name="T1778"/><temp name="T1735"/><temp name="T1715"/></temps></instruction><instruction code="L138"><temps name="use"/><temps name="def"/><temps name="in"><temp name="T1762"/><temp name="T1767"/><temp name="T1755"/><temp name="T1724"/><temp name="T1809"/><temp name="T1824"/><temp name="T1740"/><temp name="T1813"/><temp name="T1772"/><temp name="T1720"/><temp name="T1728"/><temp name="T1751"/><temp name="T24"/><temp name="T1747"/><temp name="T1819"/><temp name="T1778"/><temp name="T1735"/><temp name="T1715"/></temps><temps name="out"><temp name="T1762"/><temp name="T1767"/><temp name="T1755"/><temp name="T1724"/><temp name="T1809"/><temp name="T1824"/><temp name="T1740"/><temp name="T1813"/><temp name="T1772"/><temp name="T1720"/><temp name="T1728"/><temp name="T1751"/><temp name="T24"/><temp name="T1747"/><temp name="T1819"/><temp name="T1778"/><temp name="T1735"/><temp name="T1715"/></temps></instruction><instruction code="LDA T1719, L71"><temps name="use"/><temps name="def"><temp name="T1719"/></temps><temps name="in"><temp name="T1762"/><temp name="T1767"/><temp name="T1755"/><temp name="T1724"/><temp name="T1809"/><temp name="T1824"/><temp name="T1740"/><temp name="T1813"/><temp name="T1772"/><temp name="T1720"/><temp name="T1728"/><temp name="T1751"/><temp name="T24"/><temp name="T1747"/><temp name="T1819"/><temp name="T1778"/><temp name="T1735"/><temp name="T1715"/></temps><temps name="out"><temp name="T1762"/><temp name="T1767"/><temp name="T1755"/><temp name="T1724"/><temp name="T1809"/><temp name="T1824"/><temp name="T1740"/><temp name="T1813"/><temp name="T1719"/><temp name="T1772"/><temp name="T1720"/><temp name="T1728"/><temp name="T1751"/><temp name="T24"/><temp name="T1747"/><temp name="T1819"/><temp name="T1778"/><temp name="T1735"/><temp name="T1715"/></temps></instruction><instruction code="GO T1719, T1719, 0"><temps name="use"><temp name="T1719"/></temps><temps name="def"><temp name="T1719"/></temps><temps name="in"><temp name="T1762"/><temp name="T1767"/><temp name="T1755"/><temp name="T1724"/><temp name="T1809"/><temp name="T1824"/><temp name="T1740"/><temp name="T1813"/><temp name="T1719"/><temp name="T1772"/><temp name="T1720"/><temp name="T1728"/><temp name="T1751"/><temp name="T24"/><temp name="T1747"/><temp name="T1819"/><temp name="T1778"/><temp name="T1735"/><temp name="T1715"/></temps><temps name="out"><temp name="T1762"/><temp name="T1767"/><temp name="T1755"/><temp name="T1724"/><temp name="T1809"/><temp name="T1824"/><temp name="T1740"/><temp name="T1813"/><temp name="T1772"/><temp name="T1720"/><temp name="T1728"/><temp name="T1751"/><temp name="T24"/><temp name="T1747"/><temp name="T1819"/><temp name="T1778"/><temp name="T1735"/><temp name="T1715"/></temps></instruction><instruction code="L70"><temps name="use"/><temps name="def"/><temps name="in"><temp name="T1762"/><temp name="T1767"/><temp name="T1755"/><temp name="T1724"/><temp name="T1809"/><temp name="T1740"/><temp name="T1824"/><temp name="T1813"/><temp name="T1772"/><temp name="T1720"/><temp name="T1728"/><temp name="T1751"/><temp name="T24"/><temp name="T1747"/><temp name="T1819"/><temp name="T1778"/><temp name="T1735"/><temp name="T1715"/></temps><temps name="out"><temp name="T1762"/><temp name="T1767"/><temp name="T1755"/><temp name="T1724"/><temp name="T1809"/><temp name="T1740"/><temp name="T1824"/><temp name="T1813"/><temp name="T1772"/><temp name="T1720"/><temp name="T1728"/><temp name="T1751"/><temp name="T24"/><temp name="T1747"/><temp name="T1819"/><temp name="T1778"/><temp name="T1735"/><temp name="T1715"/></temps></instruction><instruction code="OR T531, T24, 0"><temps name="use"><temp name="T24"/></temps><temps name="def"><temp name="T531"/></temps><temps name="in"><temp name="T1762"/><temp name="T1767"/><temp name="T1755"/><temp name="T1724"/><temp name="T1809"/><temp name="T1740"/><temp name="T1824"/><temp name="T1813"/><temp name="T1772"/><temp name="T1720"/><temp name="T1728"/><temp name="T1751"/><temp name="T24"/><temp name="T1747"/><temp name="T1819"/><temp name="T1778"/><temp name="T1735"/><temp name="T1715"/></temps><temps name="out"><temp name="T1762"/><temp name="T1767"/><temp name="T1755"/><temp name="T1724"/><temp name="T1809"/><temp name="T1740"/><temp name="T1824"/><temp name="T1813"/><temp name="T1772"/><temp name="T1720"/><temp name="T1728"/><temp name="T1751"/><temp name="T24"/><temp name="T1747"/><temp name="T1819"/><temp name="T1778"/><temp name="T1735"/><temp name="T1715"/></temps></instruction><instruction code="LDO T1721, T1720, 0"><temps name="use"><temp name="T1720"/></temps><temps name="def"><temp name="T1721"/></temps><temps name="in"><temp name="T1762"/><temp name="T1767"/><temp name="T1755"/><temp name="T1724"/><temp name="T1809"/><temp name="T1740"/><temp name="T1824"/><temp name="T1813"/><temp name="T1772"/><temp name="T1720"/><temp name="T1728"/><temp name="T1751"/><temp name="T24"/><temp name="T1747"/><temp name="T1819"/><temp name="T1778"/><temp name="T1735"/><temp name="T1715"/></temps><temps name="out"><temp name="T1762"/><temp name="T1767"/><temp name="T1755"/><temp name="T1724"/><temp name="T1809"/><temp name="T1740"/><temp name="T1824"/><temp name="T1721"/><temp name="T1813"/><temp name="T1772"/><temp name="T1728"/><temp name="T1720"/><temp name="T1751"/><temp name="T24"/><temp name="T1747"/><temp name="T1819"/><temp name="T1778"/><temp name="T1735"/><temp name="T1715"/></temps></instruction><instruction code="OR T532, T1721, 0"><temps name="use"><temp name="T1721"/></temps><temps name="def"><temp name="T532"/></temps><temps name="in"><temp name="T1762"/><temp name="T1767"/><temp name="T1755"/><temp name="T1724"/><temp name="T1809"/><temp name="T1740"/><temp name="T1824"/><temp name="T1721"/><temp name="T1813"/><temp name="T1772"/><temp name="T1728"/><temp name="T1720"/><temp name="T1751"/><temp name="T24"/><temp name="T1747"/><temp name="T1819"/><temp name="T1778"/><temp name="T1735"/><temp name="T1715"/></temps><temps name="out"><temp name="T1762"/><temp name="T1767"/><temp name="T532"/><temp name="T1755"/><temp name="T1724"/><temp name="T1809"/><temp name="T1740"/><temp name="T1824"/><temp name="T1813"/><temp name="T1772"/><temp name="T1728"/><temp name="T1720"/><temp name="T1751"/><temp name="T24"/><temp name="T1747"/><temp name="T1819"/><temp name="T1778"/><temp name="T1735"/><temp name="T1715"/></temps></instruction><instruction code="SETL  T1722, 8"><temps name="use"/><temps name="def"><temp name="T1722"/></temps><temps name="in"><temp name="T1762"/><temp name="T1767"/><temp name="T532"/><temp name="T1755"/><temp name="T1724"/><temp name="T1809"/><temp name="T1740"/><temp name="T1824"/><temp name="T1813"/><temp name="T1772"/><temp name="T1728"/><temp name="T1720"/><temp name="T1751"/><temp name="T24"/><temp name="T1747"/><temp name="T1819"/><temp name="T1778"/><temp name="T1735"/><temp name="T1715"/></temps><temps name="out"><temp name="T1762"/><temp name="T1767"/><temp name="T532"/><temp name="T1755"/><temp name="T1724"/><temp name="T1809"/><temp name="T1740"/><temp name="T1824"/><temp name="T1813"/><temp name="T1772"/><temp name="T1728"/><temp name="T1720"/><temp name="T1751"/><temp name="T24"/><temp name="T1747"/><temp name="T1819"/><temp name="T1778"/><temp name="T1735"/><temp name="T1715"/></temps></instruction><instruction code="INCML T1722, 0"><temps name="use"/><temps name="def"><temp name="T1722"/></temps><temps name="in"><temp name="T1762"/><temp name="T1767"/><temp name="T532"/><temp name="T1755"/><temp name="T1724"/><temp name="T1809"/><temp name="T1740"/><temp name="T1824"/><temp name="T1813"/><temp name="T1772"/><temp name="T1728"/><temp name="T1720"/><temp name="T1751"/><temp name="T24"/><temp name="T1747"/><temp name="T1819"/><temp name="T1778"/><temp name="T1735"/><temp name="T1715"/></temps><temps name="out"><temp name="T1762"/><temp name="T1767"/><temp name="T532"/><temp name="T1755"/><temp name="T1724"/><temp name="T1809"/><temp name="T1740"/><temp name="T1824"/><temp name="T1813"/><temp name="T1772"/><temp name="T1728"/><temp name="T1720"/><temp name="T1751"/><temp name="T24"/><temp name="T1747"/><temp name="T1819"/><temp name="T1778"/><temp name="T1735"/><temp name="T1715"/></temps></instruction><instruction code="INCMH T1722, 0"><temps name="use"/><temps name="def"><temp name="T1722"/></temps><temps name="in"><temp name="T1762"/><temp name="T1767"/><temp name="T532"/><temp name="T1755"/><temp name="T1724"/><temp name="T1809"/><temp name="T1740"/><temp name="T1824"/><temp name="T1813"/><temp name="T1772"/><temp name="T1728"/><temp name="T1720"/><temp name="T1751"/><temp name="T24"/><temp name="T1747"/><temp name="T1819"/><temp name="T1778"/><temp name="T1735"/><temp name="T1715"/></temps><temps name="out"><temp name="T1762"/><temp name="T1767"/><temp name="T532"/><temp name="T1755"/><temp name="T1724"/><temp name="T1809"/><temp name="T1740"/><temp name="T1824"/><temp name="T1813"/><temp name="T1772"/><temp name="T1728"/><temp name="T1720"/><temp name="T1751"/><temp name="T24"/><temp name="T1747"/><temp name="T1819"/><temp name="T1778"/><temp name="T1735"/><temp name="T1715"/></temps></instruction><instruction code="INCH  T1722, 0"><temps name="use"/><temps name="def"><temp name="T1722"/></temps><temps name="in"><temp name="T1762"/><temp name="T1767"/><temp name="T532"/><temp name="T1755"/><temp name="T1724"/><temp name="T1809"/><temp name="T1740"/><temp name="T1824"/><temp name="T1813"/><temp name="T1772"/><temp name="T1728"/><temp name="T1720"/><temp name="T1751"/><temp name="T24"/><temp name="T1747"/><temp name="T1819"/><temp name="T1778"/><temp name="T1735"/><temp name="T1715"/></temps><temps name="out"><temp name="T1762"/><temp name="T1767"/><temp name="T532"/><temp name="T1755"/><temp name="T1724"/><temp name="T1809"/><temp name="T1740"/><temp name="T1824"/><temp name="T1813"/><temp name="T1772"/><temp name="T1728"/><temp name="T1720"/><temp name="T1751"/><temp name="T24"/><temp name="T1747"/><temp name="T1819"/><temp name="T1778"/><temp name="T1722"/><temp name="T1735"/><temp name="T1715"/></temps></instruction><instruction code="OR T533, T1722, 0"><temps name="use"><temp name="T1722"/></temps><temps name="def"><temp name="T533"/></temps><temps name="in"><temp name="T1762"/><temp name="T1767"/><temp name="T532"/><temp name="T1755"/><temp name="T1724"/><temp name="T1809"/><temp name="T1740"/><temp name="T1824"/><temp name="T1813"/><temp name="T1772"/><temp name="T1728"/><temp name="T1720"/><temp name="T1751"/><temp name="T24"/><temp name="T1747"/><temp name="T1819"/><temp name="T1778"/><temp name="T1722"/><temp name="T1735"/><temp name="T1715"/></temps><temps name="out"><temp name="T1762"/><temp name="T1767"/><temp name="T532"/><temp name="T1755"/><temp name="T533"/><temp name="T1724"/><temp name="T1809"/><temp name="T1740"/><temp name="T1824"/><temp name="T1813"/><temp name="T1772"/><temp name="T1728"/><temp name="T1720"/><temp name="T1751"/><temp name="T24"/><temp name="T1747"/><temp name="T1819"/><temp name="T1778"/><temp name="T1735"/><temp name="T1715"/></temps></instruction><instruction code="ADD T1723, T532, T533"><temps name="use"><temp name="T532"/><temp name="T533"/></temps><temps name="def"><temp name="T1723"/></temps><temps name="in"><temp name="T1762"/><temp name="T1767"/><temp name="T532"/><temp name="T1755"/><temp name="T533"/><temp name="T1724"/><temp name="T1809"/><temp name="T1740"/><temp name="T1824"/><temp name="T1813"/><temp name="T1772"/><temp name="T1728"/><temp name="T1720"/><temp name="T1751"/><temp name="T24"/><temp name="T1747"/><temp name="T1819"/><temp name="T1778"/><temp name="T1735"/><temp name="T1715"/></temps><temps name="out"><temp name="T1762"/><temp name="T1767"/><temp name="T1755"/><temp name="T1723"/><temp name="T1724"/><temp name="T1809"/><temp name="T1740"/><temp name="T1824"/><temp name="T1813"/><temp name="T1772"/><temp name="T1728"/><temp name="T1720"/><temp name="T1751"/><temp name="T24"/><temp name="T1747"/><temp name="T1819"/><temp name="T1778"/><temp name="T1735"/><temp name="T1715"/></temps></instruction><instruction code="OR T534, T1723, 0"><temps name="use"><temp name="T1723"/></temps><temps name="def"><temp name="T534"/></temps><temps name="in"><temp name="T1762"/><temp name="T1767"/><temp name="T1755"/><temp name="T1723"/><temp name="T1724"/><temp name="T1809"/><temp name="T1740"/><temp name="T1824"/><temp name="T1813"/><temp name="T1772"/><temp name="T1728"/><temp name="T1720"/><temp name="T1751"/><temp name="T24"/><temp name="T1747"/><temp name="T1819"/><temp name="T1778"/><temp name="T1735"/><temp name="T1715"/></temps><temps name="out"><temp name="T1762"/><temp name="T1767"/><temp name="T1755"/><temp name="T1724"/><temp name="T1809"/><temp name="T1740"/><temp name="T1824"/><temp name="T1813"/><temp name="T1772"/><temp name="T1728"/><temp name="T1720"/><temp name="T1751"/><temp name="T24"/><temp name="T1747"/><temp name="T1819"/><temp name="T1778"/><temp name="T1735"/><temp name="T1715"/></temps></instruction><instruction code="LDO T1725, T1724, 0"><temps name="use"><temp name="T1724"/></temps><temps name="def"><temp name="T1725"/></temps><temps name="in"><temp name="T1762"/><temp name="T1767"/><temp name="T1755"/><temp name="T1724"/><temp name="T1809"/><temp name="T1740"/><temp name="T1824"/><temp name="T1813"/><temp name="T1772"/><temp name="T1728"/><temp name="T1720"/><temp name="T1751"/><temp name="T24"/><temp name="T1747"/><temp name="T1819"/><temp name="T1778"/><temp name="T1735"/><temp name="T1715"/></temps><temps name="out"><temp name="T1762"/><temp name="T1767"/><temp name="T1755"/><temp name="T1724"/><temp name="T1809"/><temp name="T1740"/><temp name="T1824"/><temp name="T1813"/><temp name="T1772"/><temp name="T1728"/><temp name="T1720"/><temp name="T1751"/><temp name="T24"/><temp name="T1747"/><temp name="T1819"/><temp name="T1778"/><temp name="T1735"/><temp name="T1715"/><temp name="T1725"/></temps></instruction><instruction code="OR T535, T1725, 0"><temps name="use"><temp name="T1725"/></temps><temps name="def"><temp name="T535"/></temps><temps name="in"><temp name="T1762"/><temp name="T1767"/><temp name="T1755"/><temp name="T1724"/><temp name="T1809"/><temp name="T1740"/><temp name="T1824"/><temp name="T1813"/><temp name="T1772"/><temp name="T1728"/><temp name="T1720"/><temp name="T1751"/><temp name="T24"/><temp name="T1747"/><temp name="T1819"/><temp name="T1778"/><temp name="T1735"/><temp name="T1715"/><temp name="T1725"/></temps><temps name="out"><temp name="T1762"/><temp name="T1767"/><temp name="T1755"/><temp name="T1724"/><temp name="T1809"/><temp name="T1740"/><temp name="T1824"/><temp name="T1813"/><temp name="T1772"/><temp name="T1728"/><temp name="T1720"/><temp name="T1751"/><temp name="T24"/><temp name="T1747"/><temp name="T1819"/><temp name="T1778"/><temp name="T535"/><temp name="T1735"/><temp name="T1715"/></temps></instruction><instruction code="OR T536, T24, 0"><temps name="use"><temp name="T24"/></temps><temps name="def"><temp name="T536"/></temps><temps name="in"><temp name="T1762"/><temp name="T1767"/><temp name="T1755"/><temp name="T1724"/><temp name="T1809"/><temp name="T1740"/><temp name="T1824"/><temp name="T1813"/><temp name="T1772"/><temp name="T1728"/><temp name="T1720"/><temp name="T1751"/><temp name="T24"/><temp name="T1747"/><temp name="T1819"/><temp name="T1778"/><temp name="T535"/><temp name="T1735"/><temp name="T1715"/></temps><temps name="out"><temp name="T1762"/><temp name="T1767"/><temp name="T1755"/><temp name="T1724"/><temp name="T1809"/><temp name="T1740"/><temp name="T1824"/><temp name="T1813"/><temp name="T536"/><temp name="T1772"/><temp name="T1728"/><temp name="T1720"/><temp name="T1751"/><temp name="T24"/><temp name="T1747"/><temp name="T1819"/><temp name="T1778"/><temp name="T535"/><temp name="T1735"/><temp name="T1715"/></temps></instruction><instruction code="SETL  T1726, 88"><temps name="use"/><temps name="def"><temp name="T1726"/></temps><temps name="in"><temp name="T1762"/><temp name="T1767"/><temp name="T1755"/><temp name="T1724"/><temp name="T1809"/><temp name="T1740"/><temp name="T1824"/><temp name="T1813"/><temp name="T536"/><temp name="T1772"/><temp name="T1728"/><temp name="T1720"/><temp name="T1751"/><temp name="T24"/><temp name="T1747"/><temp name="T1819"/><temp name="T1778"/><temp name="T535"/><temp name="T1735"/><temp name="T1715"/></temps><temps name="out"><temp name="T1762"/><temp name="T1767"/><temp name="T1755"/><temp name="T1724"/><temp name="T1809"/><temp name="T1740"/><temp name="T1824"/><temp name="T1813"/><temp name="T536"/><temp name="T1772"/><temp name="T1728"/><temp name="T1720"/><temp name="T1751"/><temp name="T24"/><temp name="T1747"/><temp name="T1819"/><temp name="T1778"/><temp name="T535"/><temp name="T1735"/><temp name="T1715"/></temps></instruction><instruction code="INCML T1726, 0"><temps name="use"/><temps name="def"><temp name="T1726"/></temps><temps name="in"><temp name="T1762"/><temp name="T1767"/><temp name="T1755"/><temp name="T1724"/><temp name="T1809"/><temp name="T1740"/><temp name="T1824"/><temp name="T1813"/><temp name="T536"/><temp name="T1772"/><temp name="T1728"/><temp name="T1720"/><temp name="T1751"/><temp name="T24"/><temp name="T1747"/><temp name="T1819"/><temp name="T1778"/><temp name="T535"/><temp name="T1735"/><temp name="T1715"/></temps><temps name="out"><temp name="T1762"/><temp name="T1767"/><temp name="T1755"/><temp name="T1724"/><temp name="T1809"/><temp name="T1740"/><temp name="T1824"/><temp name="T1813"/><temp name="T536"/><temp name="T1772"/><temp name="T1728"/><temp name="T1720"/><temp name="T1751"/><temp name="T24"/><temp name="T1747"/><temp name="T1819"/><temp name="T1778"/><temp name="T535"/><temp name="T1735"/><temp name="T1715"/></temps></instruction><instruction code="INCMH T1726, 0"><temps name="use"/><temps name="def"><temp name="T1726"/></temps><temps name="in"><temp name="T1762"/><temp name="T1767"/><temp name="T1755"/><temp name="T1724"/><temp name="T1809"/><temp name="T1740"/><temp name="T1824"/><temp name="T1813"/><temp name="T536"/><temp name="T1772"/><temp name="T1728"/><temp name="T1720"/><temp name="T1751"/><temp name="T24"/><temp name="T1747"/><temp name="T1819"/><temp name="T1778"/><temp name="T535"/><temp name="T1735"/><temp name="T1715"/></temps><temps name="out"><temp name="T1762"/><temp name="T1767"/><temp name="T1755"/><temp name="T1724"/><temp name="T1809"/><temp name="T1740"/><temp name="T1824"/><temp name="T1813"/><temp name="T536"/><temp name="T1772"/><temp name="T1728"/><temp name="T1720"/><temp name="T1751"/><temp name="T24"/><temp name="T1747"/><temp name="T1819"/><temp name="T1778"/><temp name="T535"/><temp name="T1735"/><temp name="T1715"/></temps></instruction><instruction code="INCH  T1726, 0"><temps name="use"/><temps name="def"><temp name="T1726"/></temps><temps name="in"><temp name="T1762"/><temp name="T1767"/><temp name="T1755"/><temp name="T1724"/><temp name="T1809"/><temp name="T1740"/><temp name="T1824"/><temp name="T1813"/><temp name="T536"/><temp name="T1772"/><temp name="T1728"/><temp name="T1720"/><temp name="T1751"/><temp name="T24"/><temp name="T1747"/><temp name="T1819"/><temp name="T1778"/><temp name="T535"/><temp name="T1735"/><temp name="T1715"/></temps><temps name="out"><temp name="T1762"/><temp name="T1726"/><temp name="T1767"/><temp name="T1755"/><temp name="T1724"/><temp name="T1809"/><temp name="T1740"/><temp name="T1824"/><temp name="T1813"/><temp name="T536"/><temp name="T1772"/><temp name="T1728"/><temp name="T1720"/><temp name="T1751"/><temp name="T24"/><temp name="T1747"/><temp name="T1819"/><temp name="T1778"/><temp name="T535"/><temp name="T1735"/><temp name="T1715"/></temps></instruction><instruction code="NEG T1726, 0, T1726"><temps name="use"><temp name="T1726"/></temps><temps name="def"><temp name="T1726"/></temps><temps name="in"><temp name="T1762"/><temp name="T1726"/><temp name="T1767"/><temp name="T1755"/><temp name="T1724"/><temp name="T1809"/><temp name="T1740"/><temp name="T1824"/><temp name="T1813"/><temp name="T536"/><temp name="T1772"/><temp name="T1728"/><temp name="T1720"/><temp name="T1751"/><temp name="T24"/><temp name="T1747"/><temp name="T1819"/><temp name="T1778"/><temp name="T535"/><temp name="T1735"/><temp name="T1715"/></temps><temps name="out"><temp name="T1762"/><temp name="T1726"/><temp name="T1767"/><temp name="T1755"/><temp name="T1724"/><temp name="T1809"/><temp name="T1740"/><temp name="T1824"/><temp name="T1813"/><temp name="T536"/><temp name="T1772"/><temp name="T1728"/><temp name="T1720"/><temp name="T1751"/><temp name="T24"/><temp name="T1747"/><temp name="T1819"/><temp name="T1778"/><temp name="T535"/><temp name="T1735"/><temp name="T1715"/></temps></instruction><instruction code="OR T537, T1726, 0"><temps name="use"><temp name="T1726"/></temps><temps name="def"><temp name="T537"/></temps><temps name="in"><temp name="T1762"/><temp name="T1726"/><temp name="T1767"/><temp name="T1755"/><temp name="T1724"/><temp name="T1809"/><temp name="T1740"/><temp name="T1824"/><temp name="T1813"/><temp name="T536"/><temp name="T1772"/><temp name="T1728"/><temp name="T1720"/><temp name="T1751"/><temp name="T24"/><temp name="T1747"/><temp name="T1819"/><temp name="T1778"/><temp name="T535"/><temp name="T1735"/><temp name="T1715"/></temps><temps name="out"><temp name="T1762"/><temp name="T1767"/><temp name="T1755"/><temp name="T1724"/><temp name="T1809"/><temp name="T1740"/><temp name="T1824"/><temp name="T1813"/><temp name="T536"/><temp name="T1772"/><temp name="T1728"/><temp name="T1720"/><temp name="T1751"/><temp name="T24"/><temp name="T1747"/><temp name="T1819"/><temp name="T1778"/><temp name="T535"/><temp name="T537"/><temp name="T1735"/><temp name="T1715"/></temps></instruction><instruction code="ADD T1727, T536, T537"><temps name="use"><temp name="T536"/><temp name="T537"/></temps><temps name="def"><temp name="T1727"/></temps><temps name="in"><temp name="T1762"/><temp name="T1767"/><temp name="T1755"/><temp name="T1724"/><temp name="T1809"/><temp name="T1740"/><temp name="T1824"/><temp name="T1813"/><temp name="T536"/><temp name="T1772"/><temp name="T1728"/><temp name="T1720"/><temp name="T1751"/><temp name="T24"/><temp name="T1747"/><temp name="T1819"/><temp name="T1778"/><temp name="T535"/><temp name="T537"/><temp name="T1735"/><temp name="T1715"/></temps><temps name="out"><temp name="T1762"/><temp name="T1767"/><temp name="T1755"/><temp name="T1724"/><temp name="T1809"/><temp name="T1740"/><temp name="T1824"/><temp name="T1813"/><temp name="T1772"/><temp name="T1728"/><temp name="T1720"/><temp name="T1751"/><temp name="T24"/><temp name="T1747"/><temp name="T1819"/><temp name="T1778"/><temp name="T1727"/><temp name="T535"/><temp name="T1735"/><temp name="T1715"/></temps></instruction><instruction code="OR T538, T1727, 0"><temps name="use"><temp name="T1727"/></temps><temps name="def"><temp name="T538"/></temps><temps name="in"><temp name="T1762"/><temp name="T1767"/><temp name="T1755"/><temp name="T1724"/><temp name="T1809"/><temp name="T1740"/><temp name="T1824"/><temp name="T1813"/><temp name="T1772"/><temp name="T1728"/><temp name="T1720"/><temp name="T1751"/><temp name="T24"/><temp name="T1747"/><temp name="T1819"/><temp name="T1778"/><temp name="T1727"/><temp name="T535"/><temp name="T1735"/><temp name="T1715"/></temps><temps name="out"><temp name="T1762"/><temp name="T1767"/><temp name="T1755"/><temp name="T1724"/><temp name="T1809"/><temp name="T1740"/><temp name="T1824"/><temp name="T1813"/><temp name="T1772"/><temp name="T1728"/><temp name="T1720"/><temp name="T1751"/><temp name="T24"/><temp name="T1747"/><temp name="T1819"/><temp name="T1778"/><temp name="T535"/><temp name="T1735"/><temp name="T1715"/></temps></instruction><instruction code="LDO T1729, T1728, 0"><temps name="use"><temp name="T1728"/></temps><temps name="def"><temp name="T1729"/></temps><temps name="in"><temp name="T1762"/><temp name="T1767"/><temp name="T1755"/><temp name="T1724"/><temp name="T1809"/><temp name="T1740"/><temp name="T1824"/><temp name="T1813"/><temp name="T1772"/><temp name="T1728"/><temp name="T1720"/><temp name="T1751"/><temp name="T24"/><temp name="T1747"/><temp name="T1819"/><temp name="T1778"/><temp name="T535"/><temp name="T1735"/><temp name="T1715"/></temps><temps name="out"><temp name="T1729"/><temp name="T1762"/><temp name="T1767"/><temp name="T1755"/><temp name="T1724"/><temp name="T1809"/><temp name="T1740"/><temp name="T1824"/><temp name="T1813"/><temp name="T1772"/><temp name="T1720"/><temp name="T1728"/><temp name="T1751"/><temp name="T24"/><temp name="T1747"/><temp name="T1819"/><temp name="T1778"/><temp name="T535"/><temp name="T1735"/><temp name="T1715"/></temps></instruction><instruction code="OR T539, T1729, 0"><temps name="use"><temp name="T1729"/></temps><temps name="def"><temp name="T539"/></temps><temps name="in"><temp name="T1729"/><temp name="T1762"/><temp name="T1767"/><temp name="T1755"/><temp name="T1724"/><temp name="T1809"/><temp name="T1740"/><temp name="T1824"/><temp name="T1813"/><temp name="T1772"/><temp name="T1720"/><temp name="T1728"/><temp name="T1751"/><temp name="T24"/><temp name="T1747"/><temp name="T1819"/><temp name="T1778"/><temp name="T535"/><temp name="T1735"/><temp name="T1715"/></temps><temps name="out"><temp name="T1762"/><temp name="T1767"/><temp name="T1755"/><temp name="T1724"/><temp name="T1809"/><temp name="T1740"/><temp name="T1824"/><temp name="T1813"/><temp name="T1772"/><temp name="T1720"/><temp name="T1728"/><temp name="T1751"/><temp name="T539"/><temp name="T24"/><temp name="T1747"/><temp name="T1819"/><temp name="T1778"/><temp name="T535"/><temp name="T1735"/><temp name="T1715"/></temps></instruction><instruction code="SETL  T1730, 72"><temps name="use"/><temps name="def"><temp name="T1730"/></temps><temps name="in"><temp name="T1762"/><temp name="T1767"/><temp name="T1755"/><temp name="T1724"/><temp name="T1809"/><temp name="T1740"/><temp name="T1824"/><temp name="T1813"/><temp name="T1772"/><temp name="T1720"/><temp name="T1728"/><temp name="T1751"/><temp name="T539"/><temp name="T24"/><temp name="T1747"/><temp name="T1819"/><temp name="T1778"/><temp name="T535"/><temp name="T1735"/><temp name="T1715"/></temps><temps name="out"><temp name="T1762"/><temp name="T1767"/><temp name="T1755"/><temp name="T1724"/><temp name="T1809"/><temp name="T1740"/><temp name="T1824"/><temp name="T1813"/><temp name="T1772"/><temp name="T1720"/><temp name="T1728"/><temp name="T1751"/><temp name="T539"/><temp name="T24"/><temp name="T1747"/><temp name="T1819"/><temp name="T1778"/><temp name="T535"/><temp name="T1735"/><temp name="T1715"/></temps></instruction><instruction code="INCML T1730, 0"><temps name="use"/><temps name="def"><temp name="T1730"/></temps><temps name="in"><temp name="T1762"/><temp name="T1767"/><temp name="T1755"/><temp name="T1724"/><temp name="T1809"/><temp name="T1740"/><temp name="T1824"/><temp name="T1813"/><temp name="T1772"/><temp name="T1720"/><temp name="T1728"/><temp name="T1751"/><temp name="T539"/><temp name="T24"/><temp name="T1747"/><temp name="T1819"/><temp name="T1778"/><temp name="T535"/><temp name="T1735"/><temp name="T1715"/></temps><temps name="out"><temp name="T1762"/><temp name="T1767"/><temp name="T1755"/><temp name="T1724"/><temp name="T1809"/><temp name="T1740"/><temp name="T1824"/><temp name="T1813"/><temp name="T1772"/><temp name="T1720"/><temp name="T1728"/><temp name="T1751"/><temp name="T539"/><temp name="T24"/><temp name="T1747"/><temp name="T1819"/><temp name="T1778"/><temp name="T535"/><temp name="T1735"/><temp name="T1715"/></temps></instruction><instruction code="INCMH T1730, 0"><temps name="use"/><temps name="def"><temp name="T1730"/></temps><temps name="in"><temp name="T1762"/><temp name="T1767"/><temp name="T1755"/><temp name="T1724"/><temp name="T1809"/><temp name="T1740"/><temp name="T1824"/><temp name="T1813"/><temp name="T1772"/><temp name="T1720"/><temp name="T1728"/><temp name="T1751"/><temp name="T539"/><temp name="T24"/><temp name="T1747"/><temp name="T1819"/><temp name="T1778"/><temp name="T535"/><temp name="T1735"/><temp name="T1715"/></temps><temps name="out"><temp name="T1762"/><temp name="T1767"/><temp name="T1755"/><temp name="T1724"/><temp name="T1809"/><temp name="T1740"/><temp name="T1824"/><temp name="T1813"/><temp name="T1772"/><temp name="T1720"/><temp name="T1728"/><temp name="T1751"/><temp name="T539"/><temp name="T24"/><temp name="T1747"/><temp name="T1819"/><temp name="T1778"/><temp name="T535"/><temp name="T1735"/><temp name="T1715"/></temps></instruction><instruction code="INCH  T1730, 0"><temps name="use"/><temps name="def"><temp name="T1730"/></temps><temps name="in"><temp name="T1762"/><temp name="T1767"/><temp name="T1755"/><temp name="T1724"/><temp name="T1809"/><temp name="T1740"/><temp name="T1824"/><temp name="T1813"/><temp name="T1772"/><temp name="T1720"/><temp name="T1728"/><temp name="T1751"/><temp name="T539"/><temp name="T24"/><temp name="T1747"/><temp name="T1819"/><temp name="T1778"/><temp name="T535"/><temp name="T1735"/><temp name="T1715"/></temps><temps name="out"><temp name="T1762"/><temp name="T1767"/><temp name="T1755"/><temp name="T1724"/><temp name="T1809"/><temp name="T1740"/><temp name="T1824"/><temp name="T1813"/><temp name="T1772"/><temp name="T1730"/><temp name="T1720"/><temp name="T1728"/><temp name="T1751"/><temp name="T539"/><temp name="T24"/><temp name="T1747"/><temp name="T1819"/><temp name="T1778"/><temp name="T535"/><temp name="T1735"/><temp name="T1715"/></temps></instruction><instruction code="OR T540, T1730, 0"><temps name="use"><temp name="T1730"/></temps><temps name="def"><temp name="T540"/></temps><temps name="in"><temp name="T1762"/><temp name="T1767"/><temp name="T1755"/><temp name="T1724"/><temp name="T1809"/><temp name="T1740"/><temp name="T1824"/><temp name="T1813"/><temp name="T1772"/><temp name="T1730"/><temp name="T1720"/><temp name="T1728"/><temp name="T1751"/><temp name="T539"/><temp name="T24"/><temp name="T1747"/><temp name="T1819"/><temp name="T1778"/><temp name="T535"/><temp name="T1735"/><temp name="T1715"/></temps><temps name="out"><temp name="T1762"/><temp name="T1767"/><temp name="T1755"/><temp name="T1724"/><temp name="T1809"/><temp name="T540"/><temp name="T1740"/><temp name="T1824"/><temp name="T1813"/><temp name="T1772"/><temp name="T1720"/><temp name="T1728"/><temp name="T1751"/><temp name="T539"/><temp name="T24"/><temp name="T1747"/><temp name="T1819"/><temp name="T1778"/><temp name="T535"/><temp name="T1735"/><temp name="T1715"/></temps></instruction><instruction code="MUL T1731, T539, T540"><temps name="use"><temp name="T539"/><temp name="T540"/></temps><temps name="def"><temp name="T1731"/></temps><temps name="in"><temp name="T1762"/><temp name="T1767"/><temp name="T1755"/><temp name="T1724"/><temp name="T1809"/><temp name="T540"/><temp name="T1740"/><temp name="T1824"/><temp name="T1813"/><temp name="T1772"/><temp name="T1720"/><temp name="T1728"/><temp name="T1751"/><temp name="T539"/><temp name="T24"/><temp name="T1747"/><temp name="T1819"/><temp name="T1778"/><temp name="T535"/><temp name="T1735"/><temp name="T1715"/></temps><temps name="out"><temp name="T1762"/><temp name="T1767"/><temp name="T1755"/><temp name="T1724"/><temp name="T1809"/><temp name="T1740"/><temp name="T1824"/><temp name="T1813"/><temp name="T1772"/><temp name="T1720"/><temp name="T1728"/><temp name="T1751"/><temp name="T1731"/><temp name="T24"/><temp name="T1747"/><temp name="T1819"/><temp name="T1778"/><temp name="T535"/><temp name="T1735"/><temp name="T1715"/></temps></instruction><instruction code="OR T541, T1731, 0"><temps name="use"><temp name="T1731"/></temps><temps name="def"><temp name="T541"/></temps><temps name="in"><temp name="T1762"/><temp name="T1767"/><temp name="T1755"/><temp name="T1724"/><temp name="T1809"/><temp name="T1740"/><temp name="T1824"/><temp name="T1813"/><temp name="T1772"/><temp name="T1720"/><temp name="T1728"/><temp name="T1751"/><temp name="T1731"/><temp name="T24"/><temp name="T1747"/><temp name="T1819"/><temp name="T1778"/><temp name="T535"/><temp name="T1735"/><temp name="T1715"/></temps><temps name="out"><temp name="T1762"/><temp name="T1767"/><temp name="T1755"/><temp name="T1724"/><temp name="T1809"/><temp name="T1740"/><temp name="T1824"/><temp name="T1813"/><temp name="T1772"/><temp name="T541"/><temp name="T1720"/><temp name="T1728"/><temp name="T1751"/><temp name="T24"/><temp name="T1747"/><temp name="T1819"/><temp name="T1778"/><temp name="T535"/><temp name="T1735"/><temp name="T1715"/></temps></instruction><instruction code="ADD T1732, T535, T541"><temps name="use"><temp name="T535"/><temp name="T541"/></temps><temps name="def"><temp name="T1732"/></temps><temps name="in"><temp name="T1762"/><temp name="T1767"/><temp name="T1755"/><temp name="T1724"/><temp name="T1809"/><temp name="T1740"/><temp name="T1824"/><temp name="T1813"/><temp name="T1772"/><temp name="T541"/><temp name="T1720"/><temp name="T1728"/><temp name="T1751"/><temp name="T24"/><temp name="T1747"/><temp name="T1819"/><temp name="T1778"/><temp name="T535"/><temp name="T1735"/><temp name="T1715"/></temps><temps name="out"><temp name="T1762"/><temp name="T1767"/><temp name="T1755"/><temp name="T1724"/><temp name="T1809"/><temp name="T1740"/><temp name="T1824"/><temp name="T1813"/><temp name="T1772"/><temp name="T1720"/><temp name="T1728"/><temp name="T1751"/><temp name="T24"/><temp name="T1747"/><temp name="T1819"/><temp name="T1778"/><temp name="T1732"/><temp name="T1735"/><temp name="T1715"/></temps></instruction><instruction code="OR T542, T1732, 0"><temps name="use"><temp name="T1732"/></temps><temps name="def"><temp name="T542"/></temps><temps name="in"><temp name="T1762"/><temp name="T1767"/><temp name="T1755"/><temp name="T1724"/><temp name="T1809"/><temp name="T1740"/><temp name="T1824"/><temp name="T1813"/><temp name="T1772"/><temp name="T1720"/><temp name="T1728"/><temp name="T1751"/><temp name="T24"/><temp name="T1747"/><temp name="T1819"/><temp name="T1778"/><temp name="T1732"/><temp name="T1735"/><temp name="T1715"/></temps><temps name="out"><temp name="T1762"/><temp name="T1767"/><temp name="T1755"/><temp name="T1724"/><temp name="T1809"/><temp name="T1740"/><temp name="T1824"/><temp name="T1813"/><temp name="T1772"/><temp name="T1720"/><temp name="T1728"/><temp name="T1751"/><temp name="T542"/><temp name="T24"/><temp name="T1747"/><temp name="T1819"/><temp name="T1778"/><temp name="T1735"/><temp name="T1715"/></temps></instruction><instruction code="OR T543, T24, 0"><temps name="use"><temp name="T24"/></temps><temps name="def"><temp name="T543"/></temps><temps name="in"><temp name="T1762"/><temp name="T1767"/><temp name="T1755"/><temp name="T1724"/><temp name="T1809"/><temp name="T1740"/><temp name="T1824"/><temp name="T1813"/><temp name="T1772"/><temp name="T1720"/><temp name="T1728"/><temp name="T1751"/><temp name="T542"/><temp name="T24"/><temp name="T1747"/><temp name="T1819"/><temp name="T1778"/><temp name="T1735"/><temp name="T1715"/></temps><temps name="out"><temp name="T1762"/><temp name="T1767"/><temp name="T1755"/><temp name="T1724"/><temp name="T1809"/><temp name="T1740"/><temp name="T1824"/><temp name="T1813"/><temp name="T543"/><temp name="T1772"/><temp name="T1720"/><temp name="T1728"/><temp name="T1751"/><temp name="T542"/><temp name="T24"/><temp name="T1747"/><temp name="T1819"/><temp name="T1778"/><temp name="T1735"/><temp name="T1715"/></temps></instruction><instruction code="SETL  T1733, 8"><temps name="use"/><temps name="def"><temp name="T1733"/></temps><temps name="in"><temp name="T1762"/><temp name="T1767"/><temp name="T1755"/><temp name="T1724"/><temp name="T1809"/><temp name="T1740"/><temp name="T1824"/><temp name="T1813"/><temp name="T543"/><temp name="T1772"/><temp name="T1720"/><temp name="T1728"/><temp name="T1751"/><temp name="T542"/><temp name="T24"/><temp name="T1747"/><temp name="T1819"/><temp name="T1778"/><temp name="T1735"/><temp name="T1715"/></temps><temps name="out"><temp name="T1762"/><temp name="T1767"/><temp name="T1755"/><temp name="T1724"/><temp name="T1809"/><temp name="T1740"/><temp name="T1824"/><temp name="T1813"/><temp name="T543"/><temp name="T1772"/><temp name="T1720"/><temp name="T1728"/><temp name="T1751"/><temp name="T542"/><temp name="T24"/><temp name="T1747"/><temp name="T1819"/><temp name="T1778"/><temp name="T1735"/><temp name="T1715"/></temps></instruction><instruction code="INCML T1733, 0"><temps name="use"/><temps name="def"><temp name="T1733"/></temps><temps name="in"><temp name="T1762"/><temp name="T1767"/><temp name="T1755"/><temp name="T1724"/><temp name="T1809"/><temp name="T1740"/><temp name="T1824"/><temp name="T1813"/><temp name="T543"/><temp name="T1772"/><temp name="T1720"/><temp name="T1728"/><temp name="T1751"/><temp name="T542"/><temp name="T24"/><temp name="T1747"/><temp name="T1819"/><temp name="T1778"/><temp name="T1735"/><temp name="T1715"/></temps><temps name="out"><temp name="T1762"/><temp name="T1767"/><temp name="T1755"/><temp name="T1724"/><temp name="T1809"/><temp name="T1740"/><temp name="T1824"/><temp name="T1813"/><temp name="T543"/><temp name="T1772"/><temp name="T1720"/><temp name="T1728"/><temp name="T1751"/><temp name="T542"/><temp name="T24"/><temp name="T1747"/><temp name="T1819"/><temp name="T1778"/><temp name="T1735"/><temp name="T1715"/></temps></instruction><instruction code="INCMH T1733, 0"><temps name="use"/><temps name="def"><temp name="T1733"/></temps><temps name="in"><temp name="T1762"/><temp name="T1767"/><temp name="T1755"/><temp name="T1724"/><temp name="T1809"/><temp name="T1740"/><temp name="T1824"/><temp name="T1813"/><temp name="T543"/><temp name="T1772"/><temp name="T1720"/><temp name="T1728"/><temp name="T1751"/><temp name="T542"/><temp name="T24"/><temp name="T1747"/><temp name="T1819"/><temp name="T1778"/><temp name="T1735"/><temp name="T1715"/></temps><temps name="out"><temp name="T1762"/><temp name="T1767"/><temp name="T1755"/><temp name="T1724"/><temp name="T1809"/><temp name="T1740"/><temp name="T1824"/><temp name="T1813"/><temp name="T543"/><temp name="T1772"/><temp name="T1720"/><temp name="T1728"/><temp name="T1751"/><temp name="T542"/><temp name="T24"/><temp name="T1747"/><temp name="T1819"/><temp name="T1778"/><temp name="T1735"/><temp name="T1715"/></temps></instruction><instruction code="INCH  T1733, 0"><temps name="use"/><temps name="def"><temp name="T1733"/></temps><temps name="in"><temp name="T1762"/><temp name="T1767"/><temp name="T1755"/><temp name="T1724"/><temp name="T1809"/><temp name="T1740"/><temp name="T1824"/><temp name="T1813"/><temp name="T543"/><temp name="T1772"/><temp name="T1720"/><temp name="T1728"/><temp name="T1751"/><temp name="T542"/><temp name="T24"/><temp name="T1747"/><temp name="T1819"/><temp name="T1778"/><temp name="T1735"/><temp name="T1715"/></temps><temps name="out"><temp name="T1762"/><temp name="T1767"/><temp name="T1755"/><temp name="T1733"/><temp name="T1724"/><temp name="T1809"/><temp name="T1740"/><temp name="T1824"/><temp name="T1813"/><temp name="T543"/><temp name="T1772"/><temp name="T1720"/><temp name="T1728"/><temp name="T1751"/><temp name="T542"/><temp name="T24"/><temp name="T1747"/><temp name="T1819"/><temp name="T1778"/><temp name="T1735"/><temp name="T1715"/></temps></instruction><instruction code="OR T544, T1733, 0"><temps name="use"><temp name="T1733"/></temps><temps name="def"><temp name="T544"/></temps><temps name="in"><temp name="T1762"/><temp name="T1767"/><temp name="T1755"/><temp name="T1733"/><temp name="T1724"/><temp name="T1809"/><temp name="T1740"/><temp name="T1824"/><temp name="T1813"/><temp name="T543"/><temp name="T1772"/><temp name="T1720"/><temp name="T1728"/><temp name="T1751"/><temp name="T542"/><temp name="T24"/><temp name="T1747"/><temp name="T1819"/><temp name="T1778"/><temp name="T1735"/><temp name="T1715"/></temps><temps name="out"><temp name="T1762"/><temp name="T1767"/><temp name="T1755"/><temp name="T1724"/><temp name="T1809"/><temp name="T1740"/><temp name="T1824"/><temp name="T1813"/><temp name="T543"/><temp name="T1772"/><temp name="T1720"/><temp name="T1728"/><temp name="T544"/><temp name="T1751"/><temp name="T542"/><temp name="T24"/><temp name="T1747"/><temp name="T1819"/><temp name="T1778"/><temp name="T1735"/><temp name="T1715"/></temps></instruction><instruction code="ADD T1734, T543, T544"><temps name="use"><temp name="T543"/><temp name="T544"/></temps><temps name="def"><temp name="T1734"/></temps><temps name="in"><temp name="T1762"/><temp name="T1767"/><temp name="T1755"/><temp name="T1724"/><temp name="T1809"/><temp name="T1740"/><temp name="T1824"/><temp name="T1813"/><temp name="T543"/><temp name="T1772"/><temp name="T1720"/><temp name="T1728"/><temp name="T544"/><temp name="T1751"/><temp name="T542"/><temp name="T24"/><temp name="T1747"/><temp name="T1819"/><temp name="T1778"/><temp name="T1735"/><temp name="T1715"/></temps><temps name="out"><temp name="T1762"/><temp name="T1734"/><temp name="T1767"/><temp name="T1755"/><temp name="T1724"/><temp name="T1809"/><temp name="T1740"/><temp name="T1824"/><temp name="T1813"/><temp name="T1772"/><temp name="T1720"/><temp name="T1728"/><temp name="T1751"/><temp name="T542"/><temp name="T24"/><temp name="T1747"/><temp name="T1819"/><temp name="T1778"/><temp name="T1735"/><temp name="T1715"/></temps></instruction><instruction code="OR T545, T1734, 0"><temps name="use"><temp name="T1734"/></temps><temps name="def"><temp name="T545"/></temps><temps name="in"><temp name="T1762"/><temp name="T1734"/><temp name="T1767"/><temp name="T1755"/><temp name="T1724"/><temp name="T1809"/><temp name="T1740"/><temp name="T1824"/><temp name="T1813"/><temp name="T1772"/><temp name="T1720"/><temp name="T1728"/><temp name="T1751"/><temp name="T542"/><temp name="T24"/><temp name="T1747"/><temp name="T1819"/><temp name="T1778"/><temp name="T1735"/><temp name="T1715"/></temps><temps name="out"><temp name="T1762"/><temp name="T1767"/><temp name="T1755"/><temp name="T1724"/><temp name="T1809"/><temp name="T1740"/><temp name="T1824"/><temp name="T1813"/><temp name="T1772"/><temp name="T1720"/><temp name="T1728"/><temp name="T1751"/><temp name="T542"/><temp name="T24"/><temp name="T1747"/><temp name="T1819"/><temp name="T1778"/><temp name="T1735"/><temp name="T1715"/></temps></instruction><instruction code="LDO T1736, T1735, 0"><temps name="use"><temp name="T1735"/></temps><temps name="def"><temp name="T1736"/></temps><temps name="in"><temp name="T1762"/><temp name="T1767"/><temp name="T1755"/><temp name="T1724"/><temp name="T1809"/><temp name="T1740"/><temp name="T1824"/><temp name="T1813"/><temp name="T1772"/><temp name="T1720"/><temp name="T1728"/><temp name="T1751"/><temp name="T542"/><temp name="T24"/><temp name="T1747"/><temp name="T1819"/><temp name="T1778"/><temp name="T1735"/><temp name="T1715"/></temps><temps name="out"><temp name="T1762"/><temp name="T1767"/><temp name="T1755"/><temp name="T1724"/><temp name="T1809"/><temp name="T1740"/><temp name="T1824"/><temp name="T1813"/><temp name="T1772"/><temp name="T1720"/><temp name="T1728"/><temp name="T1751"/><temp name="T542"/><temp name="T1736"/><temp name="T24"/><temp name="T1747"/><temp name="T1819"/><temp name="T1778"/><temp name="T1715"/><temp name="T1735"/></temps></instruction><instruction code="OR T546, T1736, 0"><temps name="use"><temp name="T1736"/></temps><temps name="def"><temp name="T546"/></temps><temps name="in"><temp name="T1762"/><temp name="T1767"/><temp name="T1755"/><temp name="T1724"/><temp name="T1809"/><temp name="T1740"/><temp name="T1824"/><temp name="T1813"/><temp name="T1772"/><temp name="T1720"/><temp name="T1728"/><temp name="T1751"/><temp name="T542"/><temp name="T1736"/><temp name="T24"/><temp name="T1747"/><temp name="T1819"/><temp name="T1778"/><temp name="T1715"/><temp name="T1735"/></temps><temps name="out"><temp name="T1762"/><temp name="T1767"/><temp name="T1755"/><temp name="T1724"/><temp name="T1809"/><temp name="T1740"/><temp name="T1824"/><temp name="T1813"/><temp name="T1772"/><temp name="T1720"/><temp name="T1728"/><temp name="T1751"/><temp name="T542"/><temp name="T24"/><temp name="T1747"/><temp name="T1819"/><temp name="T1778"/><temp name="T546"/><temp name="T1715"/><temp name="T1735"/></temps></instruction><instruction code="SETL  T1737, 8"><temps name="use"/><temps name="def"><temp name="T1737"/></temps><temps name="in"><temp name="T1762"/><temp name="T1767"/><temp name="T1755"/><temp name="T1724"/><temp name="T1809"/><temp name="T1740"/><temp name="T1824"/><temp name="T1813"/><temp name="T1772"/><temp name="T1720"/><temp name="T1728"/><temp name="T1751"/><temp name="T542"/><temp name="T24"/><temp name="T1747"/><temp name="T1819"/><temp name="T1778"/><temp name="T546"/><temp name="T1715"/><temp name="T1735"/></temps><temps name="out"><temp name="T1762"/><temp name="T1767"/><temp name="T1755"/><temp name="T1724"/><temp name="T1809"/><temp name="T1740"/><temp name="T1824"/><temp name="T1813"/><temp name="T1772"/><temp name="T1720"/><temp name="T1728"/><temp name="T1751"/><temp name="T542"/><temp name="T24"/><temp name="T1747"/><temp name="T1819"/><temp name="T1778"/><temp name="T546"/><temp name="T1715"/><temp name="T1735"/></temps></instruction><instruction code="INCML T1737, 0"><temps name="use"/><temps name="def"><temp name="T1737"/></temps><temps name="in"><temp name="T1762"/><temp name="T1767"/><temp name="T1755"/><temp name="T1724"/><temp name="T1809"/><temp name="T1740"/><temp name="T1824"/><temp name="T1813"/><temp name="T1772"/><temp name="T1720"/><temp name="T1728"/><temp name="T1751"/><temp name="T542"/><temp name="T24"/><temp name="T1747"/><temp name="T1819"/><temp name="T1778"/><temp name="T546"/><temp name="T1715"/><temp name="T1735"/></temps><temps name="out"><temp name="T1762"/><temp name="T1767"/><temp name="T1755"/><temp name="T1724"/><temp name="T1809"/><temp name="T1740"/><temp name="T1824"/><temp name="T1813"/><temp name="T1772"/><temp name="T1720"/><temp name="T1728"/><temp name="T1751"/><temp name="T542"/><temp name="T24"/><temp name="T1747"/><temp name="T1819"/><temp name="T1778"/><temp name="T546"/><temp name="T1715"/><temp name="T1735"/></temps></instruction><instruction code="INCMH T1737, 0"><temps name="use"/><temps name="def"><temp name="T1737"/></temps><temps name="in"><temp name="T1762"/><temp name="T1767"/><temp name="T1755"/><temp name="T1724"/><temp name="T1809"/><temp name="T1740"/><temp name="T1824"/><temp name="T1813"/><temp name="T1772"/><temp name="T1720"/><temp name="T1728"/><temp name="T1751"/><temp name="T542"/><temp name="T24"/><temp name="T1747"/><temp name="T1819"/><temp name="T1778"/><temp name="T546"/><temp name="T1715"/><temp name="T1735"/></temps><temps name="out"><temp name="T1762"/><temp name="T1767"/><temp name="T1755"/><temp name="T1724"/><temp name="T1809"/><temp name="T1740"/><temp name="T1824"/><temp name="T1813"/><temp name="T1772"/><temp name="T1720"/><temp name="T1728"/><temp name="T1751"/><temp name="T542"/><temp name="T24"/><temp name="T1747"/><temp name="T1819"/><temp name="T1778"/><temp name="T546"/><temp name="T1715"/><temp name="T1735"/></temps></instruction><instruction code="INCH  T1737, 0"><temps name="use"/><temps name="def"><temp name="T1737"/></temps><temps name="in"><temp name="T1762"/><temp name="T1767"/><temp name="T1755"/><temp name="T1724"/><temp name="T1809"/><temp name="T1740"/><temp name="T1824"/><temp name="T1813"/><temp name="T1772"/><temp name="T1720"/><temp name="T1728"/><temp name="T1751"/><temp name="T542"/><temp name="T24"/><temp name="T1747"/><temp name="T1819"/><temp name="T1778"/><temp name="T546"/><temp name="T1715"/><temp name="T1735"/></temps><temps name="out"><temp name="T1762"/><temp name="T1767"/><temp name="T1755"/><temp name="T1737"/><temp name="T1724"/><temp name="T1809"/><temp name="T1740"/><temp name="T1824"/><temp name="T1813"/><temp name="T1772"/><temp name="T1720"/><temp name="T1728"/><temp name="T1751"/><temp name="T542"/><temp name="T24"/><temp name="T1747"/><temp name="T1819"/><temp name="T1778"/><temp name="T546"/><temp name="T1715"/><temp name="T1735"/></temps></instruction><instruction code="OR T547, T1737, 0"><temps name="use"><temp name="T1737"/></temps><temps name="def"><temp name="T547"/></temps><temps name="in"><temp name="T1762"/><temp name="T1767"/><temp name="T1755"/><temp name="T1737"/><temp name="T1724"/><temp name="T1809"/><temp name="T1740"/><temp name="T1824"/><temp name="T1813"/><temp name="T1772"/><temp name="T1720"/><temp name="T1728"/><temp name="T1751"/><temp name="T542"/><temp name="T24"/><temp name="T1747"/><temp name="T1819"/><temp name="T1778"/><temp name="T546"/><temp name="T1715"/><temp name="T1735"/></temps><temps name="out"><temp name="T1762"/><temp name="T1767"/><temp name="T1755"/><temp name="T1724"/><temp name="T1809"/><temp name="T1740"/><temp name="T1824"/><temp name="T1813"/><temp name="T1772"/><temp name="T547"/><temp name="T1720"/><temp name="T1728"/><temp name="T1751"/><temp name="T542"/><temp name="T24"/><temp name="T1747"/><temp name="T1819"/><temp name="T1778"/><temp name="T546"/><temp name="T1715"/><temp name="T1735"/></temps></instruction><instruction code="MUL T1738, T546, T547"><temps name="use"><temp name="T546"/><temp name="T547"/></temps><temps name="def"><temp name="T1738"/></temps><temps name="in"><temp name="T1762"/><temp name="T1767"/><temp name="T1755"/><temp name="T1724"/><temp name="T1809"/><temp name="T1740"/><temp name="T1824"/><temp name="T1813"/><temp name="T1772"/><temp name="T547"/><temp name="T1720"/><temp name="T1728"/><temp name="T1751"/><temp name="T542"/><temp name="T24"/><temp name="T1747"/><temp name="T1819"/><temp name="T1778"/><temp name="T546"/><temp name="T1715"/><temp name="T1735"/></temps><temps name="out"><temp name="T1762"/><temp name="T1767"/><temp name="T1755"/><temp name="T1724"/><temp name="T1809"/><temp name="T1740"/><temp name="T1824"/><temp name="T1813"/><temp name="T1772"/><temp name="T1720"/><temp name="T1728"/><temp name="T1751"/><temp name="T542"/><temp name="T24"/><temp name="T1738"/><temp name="T1747"/><temp name="T1819"/><temp name="T1778"/><temp name="T1715"/><temp name="T1735"/></temps></instruction><instruction code="OR T548, T1738, 0"><temps name="use"><temp name="T1738"/></temps><temps name="def"><temp name="T548"/></temps><temps name="in"><temp name="T1762"/><temp name="T1767"/><temp name="T1755"/><temp name="T1724"/><temp name="T1809"/><temp name="T1740"/><temp name="T1824"/><temp name="T1813"/><temp name="T1772"/><temp name="T1720"/><temp name="T1728"/><temp name="T1751"/><temp name="T542"/><temp name="T24"/><temp name="T1738"/><temp name="T1747"/><temp name="T1819"/><temp name="T1778"/><temp name="T1715"/><temp name="T1735"/></temps><temps name="out"><temp name="T1762"/><temp name="T548"/><temp name="T1767"/><temp name="T1755"/><temp name="T1724"/><temp name="T1809"/><temp name="T1740"/><temp name="T1824"/><temp name="T1813"/><temp name="T1772"/><temp name="T1720"/><temp name="T1728"/><temp name="T1751"/><temp name="T542"/><temp name="T24"/><temp name="T1747"/><temp name="T1819"/><temp name="T1778"/><temp name="T1715"/><temp name="T1735"/></temps></instruction><instruction code="ADD T1739, T542, T548"><temps name="use"><temp name="T542"/><temp name="T548"/></temps><temps name="def"><temp name="T1739"/></temps><temps name="in"><temp name="T1762"/><temp name="T548"/><temp name="T1767"/><temp name="T1755"/><temp name="T1724"/><temp name="T1809"/><temp name="T1740"/><temp name="T1824"/><temp name="T1813"/><temp name="T1772"/><temp name="T1720"/><temp name="T1728"/><temp name="T1751"/><temp name="T542"/><temp name="T24"/><temp name="T1747"/><temp name="T1819"/><temp name="T1778"/><temp name="T1715"/><temp name="T1735"/></temps><temps name="out"><temp name="T1762"/><temp name="T1767"/><temp name="T1755"/><temp name="T1724"/><temp name="T1809"/><temp name="T1740"/><temp name="T1824"/><temp name="T1813"/><temp name="T1772"/><temp name="T1720"/><temp name="T1728"/><temp name="T1739"/><temp name="T1751"/><temp name="T24"/><temp name="T1747"/><temp name="T1819"/><temp name="T1778"/><temp name="T1715"/><temp name="T1735"/></temps></instruction><instruction code="OR T549, T1739, 0"><temps name="use"><temp name="T1739"/></temps><temps name="def"><temp name="T549"/></temps><temps name="in"><temp name="T1762"/><temp name="T1767"/><temp name="T1755"/><temp name="T1724"/><temp name="T1809"/><temp name="T1740"/><temp name="T1824"/><temp name="T1813"/><temp name="T1772"/><temp name="T1720"/><temp name="T1728"/><temp name="T1739"/><temp name="T1751"/><temp name="T24"/><temp name="T1747"/><temp name="T1819"/><temp name="T1778"/><temp name="T1715"/><temp name="T1735"/></temps><temps name="out"><temp name="T1762"/><temp name="T1767"/><temp name="T1755"/><temp name="T1724"/><temp name="T1809"/><temp name="T1740"/><temp name="T1824"/><temp name="T1813"/><temp name="T1772"/><temp name="T1720"/><temp name="T1728"/><temp name="T1751"/><temp name="T24"/><temp name="T1747"/><temp name="T1819"/><temp name="T1778"/><temp name="T1715"/><temp name="T1735"/></temps></instruction><instruction code="LDO T1741, T1740, 0"><temps name="use"><temp name="T1740"/></temps><temps name="def"><temp name="T1741"/></temps><temps name="in"><temp name="T1762"/><temp name="T1767"/><temp name="T1755"/><temp name="T1724"/><temp name="T1809"/><temp name="T1740"/><temp name="T1824"/><temp name="T1813"/><temp name="T1772"/><temp name="T1720"/><temp name="T1728"/><temp name="T1751"/><temp name="T24"/><temp name="T1747"/><temp name="T1819"/><temp name="T1778"/><temp name="T1715"/><temp name="T1735"/></temps><temps name="out"><temp name="T1762"/><temp name="T1767"/><temp name="T1741"/><temp name="T1755"/><temp name="T1724"/><temp name="T1809"/><temp name="T1824"/><temp name="T1740"/><temp name="T1813"/><temp name="T1772"/><temp name="T1720"/><temp name="T1728"/><temp name="T1751"/><temp name="T24"/><temp name="T1747"/><temp name="T1819"/><temp name="T1778"/><temp name="T1715"/><temp name="T1735"/></temps></instruction><instruction code="OR T550, T1741, 0"><temps name="use"><temp name="T1741"/></temps><temps name="def"><temp name="T550"/></temps><temps name="in"><temp name="T1762"/><temp name="T1767"/><temp name="T1741"/><temp name="T1755"/><temp name="T1724"/><temp name="T1809"/><temp name="T1824"/><temp name="T1740"/><temp name="T1813"/><temp name="T1772"/><temp name="T1720"/><temp name="T1728"/><temp name="T1751"/><temp name="T24"/><temp name="T1747"/><temp name="T1819"/><temp name="T1778"/><temp name="T1715"/><temp name="T1735"/></temps><temps name="out"><temp name="T1762"/><temp name="T1767"/><temp name="T550"/><temp name="T1755"/><temp name="T1724"/><temp name="T1809"/><temp name="T1824"/><temp name="T1740"/><temp name="T1813"/><temp name="T1772"/><temp name="T1720"/><temp name="T1728"/><temp name="T1751"/><temp name="T24"/><temp name="T1747"/><temp name="T1819"/><temp name="T1778"/><temp name="T1715"/><temp name="T1735"/></temps></instruction><instruction code="SETL  T1742, 0"><temps name="use"/><temps name="def"><temp name="T1742"/></temps><temps name="in"><temp name="T1762"/><temp name="T1767"/><temp name="T550"/><temp name="T1755"/><temp name="T1724"/><temp name="T1809"/><temp name="T1824"/><temp name="T1740"/><temp name="T1813"/><temp name="T1772"/><temp name="T1720"/><temp name="T1728"/><temp name="T1751"/><temp name="T24"/><temp name="T1747"/><temp name="T1819"/><temp name="T1778"/><temp name="T1715"/><temp name="T1735"/></temps><temps name="out"><temp name="T1762"/><temp name="T1767"/><temp name="T550"/><temp name="T1755"/><temp name="T1724"/><temp name="T1809"/><temp name="T1824"/><temp name="T1740"/><temp name="T1813"/><temp name="T1772"/><temp name="T1720"/><temp name="T1728"/><temp name="T1751"/><temp name="T24"/><temp name="T1747"/><temp name="T1819"/><temp name="T1778"/><temp name="T1715"/><temp name="T1735"/></temps></instruction><instruction code="INCML T1742, 0"><temps name="use"/><temps name="def"><temp name="T1742"/></temps><temps name="in"><temp name="T1762"/><temp name="T1767"/><temp name="T550"/><temp name="T1755"/><temp name="T1724"/><temp name="T1809"/><temp name="T1824"/><temp name="T1740"/><temp name="T1813"/><temp name="T1772"/><temp name="T1720"/><temp name="T1728"/><temp name="T1751"/><temp name="T24"/><temp name="T1747"/><temp name="T1819"/><temp name="T1778"/><temp name="T1715"/><temp name="T1735"/></temps><temps name="out"><temp name="T1762"/><temp name="T1767"/><temp name="T550"/><temp name="T1755"/><temp name="T1724"/><temp name="T1809"/><temp name="T1824"/><temp name="T1740"/><temp name="T1813"/><temp name="T1772"/><temp name="T1720"/><temp name="T1728"/><temp name="T1751"/><temp name="T24"/><temp name="T1747"/><temp name="T1819"/><temp name="T1778"/><temp name="T1715"/><temp name="T1735"/></temps></instruction><instruction code="INCMH T1742, 0"><temps name="use"/><temps name="def"><temp name="T1742"/></temps><temps name="in"><temp name="T1762"/><temp name="T1767"/><temp name="T550"/><temp name="T1755"/><temp name="T1724"/><temp name="T1809"/><temp name="T1824"/><temp name="T1740"/><temp name="T1813"/><temp name="T1772"/><temp name="T1720"/><temp name="T1728"/><temp name="T1751"/><temp name="T24"/><temp name="T1747"/><temp name="T1819"/><temp name="T1778"/><temp name="T1715"/><temp name="T1735"/></temps><temps name="out"><temp name="T1762"/><temp name="T1767"/><temp name="T550"/><temp name="T1755"/><temp name="T1724"/><temp name="T1809"/><temp name="T1824"/><temp name="T1740"/><temp name="T1813"/><temp name="T1772"/><temp name="T1720"/><temp name="T1728"/><temp name="T1751"/><temp name="T24"/><temp name="T1747"/><temp name="T1819"/><temp name="T1778"/><temp name="T1715"/><temp name="T1735"/></temps></instruction><instruction code="INCH  T1742, 0"><temps name="use"/><temps name="def"><temp name="T1742"/></temps><temps name="in"><temp name="T1762"/><temp name="T1767"/><temp name="T550"/><temp name="T1755"/><temp name="T1724"/><temp name="T1809"/><temp name="T1824"/><temp name="T1740"/><temp name="T1813"/><temp name="T1772"/><temp name="T1720"/><temp name="T1728"/><temp name="T1751"/><temp name="T24"/><temp name="T1747"/><temp name="T1819"/><temp name="T1778"/><temp name="T1715"/><temp name="T1735"/></temps><temps name="out"><temp name="T1762"/><temp name="T1767"/><temp name="T550"/><temp name="T1755"/><temp name="T1724"/><temp name="T1809"/><temp name="T1824"/><temp name="T1740"/><temp name="T1813"/><temp name="T1772"/><temp name="T1720"/><temp name="T1728"/><temp name="T1751"/><temp name="T24"/><temp name="T1742"/><temp name="T1747"/><temp name="T1819"/><temp name="T1778"/><temp name="T1715"/><temp name="T1735"/></temps></instruction><instruction code="OR T551, T1742, 0"><temps name="use"><temp name="T1742"/></temps><temps name="def"><temp name="T551"/></temps><temps name="in"><temp name="T1762"/><temp name="T1767"/><temp name="T550"/><temp name="T1755"/><temp name="T1724"/><temp name="T1809"/><temp name="T1824"/><temp name="T1740"/><temp name="T1813"/><temp name="T1772"/><temp name="T1720"/><temp name="T1728"/><temp name="T1751"/><temp name="T24"/><temp name="T1742"/><temp name="T1747"/><temp name="T1819"/><temp name="T1778"/><temp name="T1715"/><temp name="T1735"/></temps><temps name="out"><temp name="T551"/><temp name="T1762"/><temp name="T1767"/><temp name="T550"/><temp name="T1755"/><temp name="T1724"/><temp name="T1809"/><temp name="T1824"/><temp name="T1740"/><temp name="T1813"/><temp name="T1772"/><temp name="T1720"/><temp name="T1728"/><temp name="T1751"/><temp name="T24"/><temp name="T1747"/><temp name="T1819"/><temp name="T1778"/><temp name="T1715"/><temp name="T1735"/></temps></instruction><instruction code="CMP T1743, T550, T551"><temps name="use"><temp name="T550"/><temp name="T551"/></temps><temps name="def"><temp name="T1743"/></temps><temps name="in"><temp name="T551"/><temp name="T1762"/><temp name="T1767"/><temp name="T550"/><temp name="T1755"/><temp name="T1724"/><temp name="T1809"/><temp name="T1824"/><temp name="T1740"/><temp name="T1813"/><temp name="T1772"/><temp name="T1720"/><temp name="T1728"/><temp name="T1751"/><temp name="T24"/><temp name="T1747"/><temp name="T1819"/><temp name="T1778"/><temp name="T1715"/><temp name="T1735"/></temps><temps name="out"><temp name="T1762"/><temp name="T1767"/><temp name="T1755"/><temp name="T1743"/><temp name="T1724"/><temp name="T1809"/><temp name="T1824"/><temp name="T1740"/><temp name="T1813"/><temp name="T1772"/><temp name="T1720"/><temp name="T1728"/><temp name="T1751"/><temp name="T24"/><temp name="T1747"/><temp name="T1819"/><temp name="T1778"/><temp name="T1715"/><temp name="T1735"/></temps></instruction><instruction code="ZSNZ T1743, T1743, 1"><temps name="use"><temp name="T1743"/></temps><temps name="def"><temp name="T1743"/></temps><temps name="in"><temp name="T1762"/><temp name="T1767"/><temp name="T1755"/><temp name="T1743"/><temp name="T1724"/><temp name="T1809"/><temp name="T1824"/><temp name="T1740"/><temp name="T1813"/><temp name="T1772"/><temp name="T1720"/><temp name="T1728"/><temp name="T1751"/><temp name="T24"/><temp name="T1747"/><temp name="T1819"/><temp name="T1778"/><temp name="T1715"/><temp name="T1735"/></temps><temps name="out"><temp name="T1762"/><temp name="T1767"/><temp name="T1755"/><temp name="T1743"/><temp name="T1724"/><temp name="T1809"/><temp name="T1824"/><temp name="T1740"/><temp name="T1813"/><temp name="T1772"/><temp name="T1720"/><temp name="T1728"/><temp name="T1751"/><temp name="T24"/><temp name="T1747"/><temp name="T1819"/><temp name="T1778"/><temp name="T1715"/><temp name="T1735"/></temps></instruction><instruction code="OR T552, T1743, 0"><temps name="use"><temp name="T1743"/></temps><temps name="def"><temp name="T552"/></temps><temps name="in"><temp name="T1762"/><temp name="T1767"/><temp name="T1755"/><temp name="T1743"/><temp name="T1724"/><temp name="T1809"/><temp name="T1824"/><temp name="T1740"/><temp name="T1813"/><temp name="T1772"/><temp name="T1720"/><temp name="T1728"/><temp name="T1751"/><temp name="T24"/><temp name="T1747"/><temp name="T1819"/><temp name="T1778"/><temp name="T1715"/><temp name="T1735"/></temps><temps name="out"><temp name="T1762"/><temp name="T1767"/><temp name="T1755"/><temp name="T1724"/><temp name="T1809"/><temp name="T1824"/><temp name="T1740"/><temp name="T1813"/><temp name="T1772"/><temp name="T1720"/><temp name="T1728"/><temp name="T1751"/><temp name="T552"/><temp name="T24"/><temp name="T1747"/><temp name="T1819"/><temp name="T1778"/><temp name="T1715"/><temp name="T1735"/></temps></instruction><instruction code="BNZ T552, L67"><temps name="use"><temp name="T552"/></temps><temps name="def"/><temps name="in"><temp name="T1762"/><temp name="T1767"/><temp name="T1755"/><temp name="T1724"/><temp name="T1809"/><temp name="T1824"/><temp name="T1740"/><temp name="T1813"/><temp name="T1772"/><temp name="T1720"/><temp name="T1728"/><temp name="T1751"/><temp name="T552"/><temp name="T24"/><temp name="T1747"/><temp name="T1819"/><temp name="T1778"/><temp name="T1715"/><temp name="T1735"/></temps><temps name="out"><temp name="T1762"/><temp name="T1767"/><temp name="T1755"/><temp name="T1724"/><temp name="T1809"/><temp name="T1824"/><temp name="T1740"/><temp name="T1813"/><temp name="T1772"/><temp name="T1720"/><temp name="T1728"/><temp name="T1751"/><temp name="T24"/><temp name="T1747"/><temp name="T1819"/><temp name="T1778"/><temp name="T1715"/><temp name="T1735"/></temps></instruction><instruction code="L139"><temps name="use"/><temps name="def"/><temps name="in"><temp name="T1762"/><temp name="T1767"/><temp name="T1755"/><temp name="T1724"/><temp name="T1809"/><temp name="T1824"/><temp name="T1740"/><temp name="T1813"/><temp name="T1772"/><temp name="T1720"/><temp name="T1728"/><temp name="T1751"/><temp name="T24"/><temp name="T1747"/><temp name="T1819"/><temp name="T1778"/><temp name="T1715"/><temp name="T1735"/></temps><temps name="out"><temp name="T1762"/><temp name="T1767"/><temp name="T1755"/><temp name="T1724"/><temp name="T1809"/><temp name="T1824"/><temp name="T1740"/><temp name="T1813"/><temp name="T1772"/><temp name="T1720"/><temp name="T1728"/><temp name="T1751"/><temp name="T24"/><temp name="T1747"/><temp name="T1819"/><temp name="T1778"/><temp name="T1715"/><temp name="T1735"/></temps></instruction><instruction code="LDA T1744, L68"><temps name="use"/><temps name="def"><temp name="T1744"/></temps><temps name="in"><temp name="T1762"/><temp name="T1767"/><temp name="T1755"/><temp name="T1724"/><temp name="T1809"/><temp name="T1824"/><temp name="T1740"/><temp name="T1813"/><temp name="T1772"/><temp name="T1720"/><temp name="T1728"/><temp name="T1751"/><temp name="T24"/><temp name="T1747"/><temp name="T1819"/><temp name="T1778"/><temp name="T1715"/><temp name="T1735"/></temps><temps name="out"><temp name="T1762"/><temp name="T1767"/><temp name="T1755"/><temp name="T1724"/><temp name="T1809"/><temp name="T1824"/><temp name="T1740"/><temp name="T1813"/><temp name="T1772"/><temp name="T1720"/><temp name="T1728"/><temp name="T1751"/><temp name="T24"/><temp name="T1747"/><temp name="T1819"/><temp name="T1778"/><temp name="T1715"/><temp name="T1735"/><temp name="T1744"/></temps></instruction><instruction code="GO T1744, T1744, 0"><temps name="use"><temp name="T1744"/></temps><temps name="def"><temp name="T1744"/></temps><temps name="in"><temp name="T1762"/><temp name="T1767"/><temp name="T1755"/><temp name="T1724"/><temp name="T1809"/><temp name="T1824"/><temp name="T1740"/><temp name="T1813"/><temp name="T1772"/><temp name="T1720"/><temp name="T1728"/><temp name="T1751"/><temp name="T24"/><temp name="T1747"/><temp name="T1819"/><temp name="T1778"/><temp name="T1715"/><temp name="T1735"/><temp name="T1744"/></temps><temps name="out"><temp name="T1762"/><temp name="T1767"/><temp name="T1755"/><temp name="T1724"/><temp name="T1809"/><temp name="T1824"/><temp name="T1740"/><temp name="T1813"/><temp name="T1772"/><temp name="T1720"/><temp name="T1728"/><temp name="T1751"/><temp name="T24"/><temp name="T1747"/><temp name="T1819"/><temp name="T1778"/><temp name="T1715"/><temp name="T1735"/></temps></instruction><instruction code="L67"><temps name="use"/><temps name="def"/><temps name="in"><temp name="T1762"/><temp name="T1767"/><temp name="T1755"/><temp name="T1809"/><temp name="T1724"/><temp name="T1824"/><temp name="T1740"/><temp name="T1813"/><temp name="T1772"/><temp name="T1720"/><temp name="T1728"/><temp name="T1751"/><temp name="T24"/><temp name="T1747"/><temp name="T1778"/><temp name="T1819"/><temp name="T1715"/><temp name="T1735"/></temps><temps name="out"><temp name="T1762"/><temp name="T1767"/><temp name="T1755"/><temp name="T1809"/><temp name="T1724"/><temp name="T1824"/><temp name="T1740"/><temp name="T1813"/><temp name="T1772"/><temp name="T1720"/><temp name="T1728"/><temp name="T1751"/><temp name="T24"/><temp name="T1747"/><temp name="T1778"/><temp name="T1819"/><temp name="T1715"/><temp name="T1735"/></temps></instruction><instruction code="OR T553, T24, 0"><temps name="use"><temp name="T24"/></temps><temps name="def"><temp name="T553"/></temps><temps name="in"><temp name="T1762"/><temp name="T1767"/><temp name="T1755"/><temp name="T1809"/><temp name="T1724"/><temp name="T1824"/><temp name="T1740"/><temp name="T1813"/><temp name="T1772"/><temp name="T1720"/><temp name="T1728"/><temp name="T1751"/><temp name="T24"/><temp name="T1747"/><temp name="T1778"/><temp name="T1819"/><temp name="T1715"/><temp name="T1735"/></temps><temps name="out"><temp name="T553"/><temp name="T1762"/><temp name="T1767"/><temp name="T1755"/><temp name="T1809"/><temp name="T1724"/><temp name="T1824"/><temp name="T1740"/><temp name="T1813"/><temp name="T1772"/><temp name="T1720"/><temp name="T1728"/><temp name="T1751"/><temp name="T24"/><temp name="T1747"/><temp name="T1778"/><temp name="T1819"/><temp name="T1715"/><temp name="T1735"/></temps></instruction><instruction code="SETL  T1745, 80"><temps name="use"/><temps name="def"><temp name="T1745"/></temps><temps name="in"><temp name="T553"/><temp name="T1762"/><temp name="T1767"/><temp name="T1755"/><temp name="T1809"/><temp name="T1724"/><temp name="T1824"/><temp name="T1740"/><temp name="T1813"/><temp name="T1772"/><temp name="T1720"/><temp name="T1728"/><temp name="T1751"/><temp name="T24"/><temp name="T1747"/><temp name="T1778"/><temp name="T1819"/><temp name="T1715"/><temp name="T1735"/></temps><temps name="out"><temp name="T553"/><temp name="T1762"/><temp name="T1767"/><temp name="T1755"/><temp name="T1809"/><temp name="T1724"/><temp name="T1824"/><temp name="T1740"/><temp name="T1813"/><temp name="T1772"/><temp name="T1720"/><temp name="T1728"/><temp name="T1751"/><temp name="T24"/><temp name="T1747"/><temp name="T1778"/><temp name="T1819"/><temp name="T1715"/><temp name="T1735"/></temps></instruction><instruction code="INCML T1745, 0"><temps name="use"/><temps name="def"><temp name="T1745"/></temps><temps name="in"><temp name="T553"/><temp name="T1762"/><temp name="T1767"/><temp name="T1755"/><temp name="T1809"/><temp name="T1724"/><temp name="T1824"/><temp name="T1740"/><temp name="T1813"/><temp name="T1772"/><temp name="T1720"/><temp name="T1728"/><temp name="T1751"/><temp name="T24"/><temp name="T1747"/><temp name="T1778"/><temp name="T1819"/><temp name="T1715"/><temp name="T1735"/></temps><temps name="out"><temp name="T553"/><temp name="T1762"/><temp name="T1767"/><temp name="T1755"/><temp name="T1809"/><temp name="T1724"/><temp name="T1824"/><temp name="T1740"/><temp name="T1813"/><temp name="T1772"/><temp name="T1720"/><temp name="T1728"/><temp name="T1751"/><temp name="T24"/><temp name="T1747"/><temp name="T1778"/><temp name="T1819"/><temp name="T1715"/><temp name="T1735"/></temps></instruction><instruction code="INCMH T1745, 0"><temps name="use"/><temps name="def"><temp name="T1745"/></temps><temps name="in"><temp name="T553"/><temp name="T1762"/><temp name="T1767"/><temp name="T1755"/><temp name="T1809"/><temp name="T1724"/><temp name="T1824"/><temp name="T1740"/><temp name="T1813"/><temp name="T1772"/><temp name="T1720"/><temp name="T1728"/><temp name="T1751"/><temp name="T24"/><temp name="T1747"/><temp name="T1778"/><temp name="T1819"/><temp name="T1715"/><temp name="T1735"/></temps><temps name="out"><temp name="T553"/><temp name="T1762"/><temp name="T1767"/><temp name="T1755"/><temp name="T1809"/><temp name="T1724"/><temp name="T1824"/><temp name="T1740"/><temp name="T1813"/><temp name="T1772"/><temp name="T1720"/><temp name="T1728"/><temp name="T1751"/><temp name="T24"/><temp name="T1747"/><temp name="T1778"/><temp name="T1819"/><temp name="T1715"/><temp name="T1735"/></temps></instruction><instruction code="INCH  T1745, 0"><temps name="use"/><temps name="def"><temp name="T1745"/></temps><temps name="in"><temp name="T553"/><temp name="T1762"/><temp name="T1767"/><temp name="T1755"/><temp name="T1809"/><temp name="T1724"/><temp name="T1824"/><temp name="T1740"/><temp name="T1813"/><temp name="T1772"/><temp name="T1720"/><temp name="T1728"/><temp name="T1751"/><temp name="T24"/><temp name="T1747"/><temp name="T1778"/><temp name="T1819"/><temp name="T1715"/><temp name="T1735"/></temps><temps name="out"><temp name="T1745"/><temp name="T553"/><temp name="T1762"/><temp name="T1767"/><temp name="T1755"/><temp name="T1809"/><temp name="T1724"/><temp name="T1824"/><temp name="T1740"/><temp name="T1813"/><temp name="T1772"/><temp name="T1720"/><temp name="T1728"/><temp name="T1751"/><temp name="T24"/><temp name="T1747"/><temp name="T1778"/><temp name="T1819"/><temp name="T1715"/><temp name="T1735"/></temps></instruction><instruction code="NEG T1745, 0, T1745"><temps name="use"><temp name="T1745"/></temps><temps name="def"><temp name="T1745"/></temps><temps name="in"><temp name="T1745"/><temp name="T553"/><temp name="T1762"/><temp name="T1767"/><temp name="T1755"/><temp name="T1809"/><temp name="T1724"/><temp name="T1824"/><temp name="T1740"/><temp name="T1813"/><temp name="T1772"/><temp name="T1720"/><temp name="T1728"/><temp name="T1751"/><temp name="T24"/><temp name="T1747"/><temp name="T1778"/><temp name="T1819"/><temp name="T1715"/><temp name="T1735"/></temps><temps name="out"><temp name="T1745"/><temp name="T553"/><temp name="T1762"/><temp name="T1767"/><temp name="T1755"/><temp name="T1809"/><temp name="T1724"/><temp name="T1824"/><temp name="T1740"/><temp name="T1813"/><temp name="T1772"/><temp name="T1720"/><temp name="T1728"/><temp name="T1751"/><temp name="T24"/><temp name="T1747"/><temp name="T1778"/><temp name="T1819"/><temp name="T1715"/><temp name="T1735"/></temps></instruction><instruction code="OR T554, T1745, 0"><temps name="use"><temp name="T1745"/></temps><temps name="def"><temp name="T554"/></temps><temps name="in"><temp name="T1745"/><temp name="T553"/><temp name="T1762"/><temp name="T1767"/><temp name="T1755"/><temp name="T1809"/><temp name="T1724"/><temp name="T1824"/><temp name="T1740"/><temp name="T1813"/><temp name="T1772"/><temp name="T1720"/><temp name="T1728"/><temp name="T1751"/><temp name="T24"/><temp name="T1747"/><temp name="T1778"/><temp name="T1819"/><temp name="T1715"/><temp name="T1735"/></temps><temps name="out"><temp name="T553"/><temp name="T1762"/><temp name="T1767"/><temp name="T1755"/><temp name="T1809"/><temp name="T1724"/><temp name="T1824"/><temp name="T1740"/><temp name="T1813"/><temp name="T1772"/><temp name="T1720"/><temp name="T1728"/><temp name="T1751"/><temp name="T24"/><temp name="T1747"/><temp name="T1778"/><temp name="T1819"/><temp name="T554"/><temp name="T1715"/><temp name="T1735"/></temps></instruction><instruction code="ADD T1746, T553, T554"><temps name="use"><temp name="T553"/><temp name="T554"/></temps><temps name="def"><temp name="T1746"/></temps><temps name="in"><temp name="T553"/><temp name="T1762"/><temp name="T1767"/><temp name="T1755"/><temp name="T1809"/><temp name="T1724"/><temp name="T1824"/><temp name="T1740"/><temp name="T1813"/><temp name="T1772"/><temp name="T1720"/><temp name="T1728"/><temp name="T1751"/><temp name="T24"/><temp name="T1747"/><temp name="T1778"/><temp name="T1819"/><temp name="T554"/><temp name="T1715"/><temp name="T1735"/></temps><temps name="out"><temp name="T1762"/><temp name="T1767"/><temp name="T1755"/><temp name="T1809"/><temp name="T1724"/><temp name="T1824"/><temp name="T1740"/><temp name="T1813"/><temp name="T1746"/><temp name="T1772"/><temp name="T1720"/><temp name="T1728"/><temp name="T1751"/><temp name="T24"/><temp name="T1747"/><temp name="T1778"/><temp name="T1819"/><temp name="T1715"/><temp name="T1735"/></temps></instruction><instruction code="OR T555, T1746, 0"><temps name="use"><temp name="T1746"/></temps><temps name="def"><temp name="T555"/></temps><temps name="in"><temp name="T1762"/><temp name="T1767"/><temp name="T1755"/><temp name="T1809"/><temp name="T1724"/><temp name="T1824"/><temp name="T1740"/><temp name="T1813"/><temp name="T1746"/><temp name="T1772"/><temp name="T1720"/><temp name="T1728"/><temp name="T1751"/><temp name="T24"/><temp name="T1747"/><temp name="T1778"/><temp name="T1819"/><temp name="T1715"/><temp name="T1735"/></temps><temps name="out"><temp name="T1762"/><temp name="T1767"/><temp name="T1755"/><temp name="T1809"/><temp name="T1724"/><temp name="T1824"/><temp name="T1740"/><temp name="T555"/><temp name="T1813"/><temp name="T1772"/><temp name="T1720"/><temp name="T1728"/><temp name="T1751"/><temp name="T24"/><temp name="T1747"/><temp name="T1778"/><temp name="T1819"/><temp name="T1715"/><temp name="T1735"/></temps></instruction><instruction code="OR T556, T24, 0"><temps name="use"><temp name="T24"/></temps><temps name="def"><temp name="T556"/></temps><temps name="in"><temp name="T1762"/><temp name="T1767"/><temp name="T1755"/><temp name="T1809"/><temp name="T1724"/><temp name="T1824"/><temp name="T1740"/><temp name="T555"/><temp name="T1813"/><temp name="T1772"/><temp name="T1720"/><temp name="T1728"/><temp name="T1751"/><temp name="T24"/><temp name="T1747"/><temp name="T1778"/><temp name="T1819"/><temp name="T1715"/><temp name="T1735"/></temps><temps name="out"><temp name="T1762"/><temp name="T1767"/><temp name="T1755"/><temp name="T1809"/><temp name="T1724"/><temp name="T1824"/><temp name="T1740"/><temp name="T555"/><temp name="T1813"/><temp name="T1772"/><temp name="T1720"/><temp name="T1728"/><temp name="T1751"/><temp name="T24"/><temp name="T1747"/><temp name="T1778"/><temp name="T1819"/><temp name="T1715"/><temp name="T1735"/></temps></instruction><instruction code="LDO T1748, T1747, 0"><temps name="use"><temp name="T1747"/></temps><temps name="def"><temp name="T1748"/></temps><temps name="in"><temp name="T1762"/><temp name="T1767"/><temp name="T1755"/><temp name="T1809"/><temp name="T1724"/><temp name="T1824"/><temp name="T1740"/><temp name="T555"/><temp name="T1813"/><temp name="T1772"/><temp name="T1720"/><temp name="T1728"/><temp name="T1751"/><temp name="T24"/><temp name="T1747"/><temp name="T1778"/><temp name="T1819"/><temp name="T1715"/><temp name="T1735"/></temps><temps name="out"><temp name="T1762"/><temp name="T1748"/><temp name="T1767"/><temp name="T1755"/><temp name="T1809"/><temp name="T1724"/><temp name="T1824"/><temp name="T1740"/><temp name="T555"/><temp name="T1813"/><temp name="T1772"/><temp name="T1720"/><temp name="T1728"/><temp name="T1751"/><temp name="T24"/><temp name="T1778"/><temp name="T1819"/><temp name="T1747"/><temp name="T1715"/><temp name="T1735"/></temps></instruction><instruction code="OR T557, T1748, 0"><temps name="use"><temp name="T1748"/></temps><temps name="def"><temp name="T557"/></temps><temps name="in"><temp name="T1762"/><temp name="T1748"/><temp name="T1767"/><temp name="T1755"/><temp name="T1809"/><temp name="T1724"/><temp name="T1824"/><temp name="T1740"/><temp name="T555"/><temp name="T1813"/><temp name="T1772"/><temp name="T1720"/><temp name="T1728"/><temp name="T1751"/><temp name="T24"/><temp name="T1778"/><temp name="T1819"/><temp name="T1747"/><temp name="T1715"/><temp name="T1735"/></temps><temps name="out"><temp name="T1762"/><temp name="T557"/><temp name="T1767"/><temp name="T1755"/><temp name="T1809"/><temp name="T1724"/><temp name="T1824"/><temp name="T1740"/><temp name="T555"/><temp name="T1813"/><temp name="T1772"/><temp name="T1720"/><temp name="T1728"/><temp name="T1751"/><temp name="T24"/><temp name="T1778"/><temp name="T1819"/><temp name="T1747"/><temp name="T1715"/><temp name="T1735"/></temps></instruction><instruction code="SETL  T1749, 8"><temps name="use"/><temps name="def"><temp name="T1749"/></temps><temps name="in"><temp name="T1762"/><temp name="T557"/><temp name="T1767"/><temp name="T1755"/><temp name="T1809"/><temp name="T1724"/><temp name="T1824"/><temp name="T1740"/><temp name="T555"/><temp name="T1813"/><temp name="T1772"/><temp name="T1720"/><temp name="T1728"/><temp name="T1751"/><temp name="T24"/><temp name="T1778"/><temp name="T1819"/><temp name="T1747"/><temp name="T1715"/><temp name="T1735"/></temps><temps name="out"><temp name="T1762"/><temp name="T557"/><temp name="T1767"/><temp name="T1755"/><temp name="T1809"/><temp name="T1724"/><temp name="T1824"/><temp name="T1740"/><temp name="T555"/><temp name="T1813"/><temp name="T1772"/><temp name="T1720"/><temp name="T1728"/><temp name="T1751"/><temp name="T24"/><temp name="T1778"/><temp name="T1819"/><temp name="T1747"/><temp name="T1715"/><temp name="T1735"/></temps></instruction><instruction code="INCML T1749, 0"><temps name="use"/><temps name="def"><temp name="T1749"/></temps><temps name="in"><temp name="T1762"/><temp name="T557"/><temp name="T1767"/><temp name="T1755"/><temp name="T1809"/><temp name="T1724"/><temp name="T1824"/><temp name="T1740"/><temp name="T555"/><temp name="T1813"/><temp name="T1772"/><temp name="T1720"/><temp name="T1728"/><temp name="T1751"/><temp name="T24"/><temp name="T1778"/><temp name="T1819"/><temp name="T1747"/><temp name="T1715"/><temp name="T1735"/></temps><temps name="out"><temp name="T1762"/><temp name="T557"/><temp name="T1767"/><temp name="T1755"/><temp name="T1809"/><temp name="T1724"/><temp name="T1824"/><temp name="T1740"/><temp name="T555"/><temp name="T1813"/><temp name="T1772"/><temp name="T1720"/><temp name="T1728"/><temp name="T1751"/><temp name="T24"/><temp name="T1778"/><temp name="T1819"/><temp name="T1747"/><temp name="T1715"/><temp name="T1735"/></temps></instruction><instruction code="INCMH T1749, 0"><temps name="use"/><temps name="def"><temp name="T1749"/></temps><temps name="in"><temp name="T1762"/><temp name="T557"/><temp name="T1767"/><temp name="T1755"/><temp name="T1809"/><temp name="T1724"/><temp name="T1824"/><temp name="T1740"/><temp name="T555"/><temp name="T1813"/><temp name="T1772"/><temp name="T1720"/><temp name="T1728"/><temp name="T1751"/><temp name="T24"/><temp name="T1778"/><temp name="T1819"/><temp name="T1747"/><temp name="T1715"/><temp name="T1735"/></temps><temps name="out"><temp name="T1762"/><temp name="T557"/><temp name="T1767"/><temp name="T1755"/><temp name="T1809"/><temp name="T1724"/><temp name="T1824"/><temp name="T1740"/><temp name="T555"/><temp name="T1813"/><temp name="T1772"/><temp name="T1720"/><temp name="T1728"/><temp name="T1751"/><temp name="T24"/><temp name="T1778"/><temp name="T1819"/><temp name="T1747"/><temp name="T1715"/><temp name="T1735"/></temps></instruction><instruction code="INCH  T1749, 0"><temps name="use"/><temps name="def"><temp name="T1749"/></temps><temps name="in"><temp name="T1762"/><temp name="T557"/><temp name="T1767"/><temp name="T1755"/><temp name="T1809"/><temp name="T1724"/><temp name="T1824"/><temp name="T1740"/><temp name="T555"/><temp name="T1813"/><temp name="T1772"/><temp name="T1720"/><temp name="T1728"/><temp name="T1751"/><temp name="T24"/><temp name="T1778"/><temp name="T1819"/><temp name="T1747"/><temp name="T1715"/><temp name="T1735"/></temps><temps name="out"><temp name="T1762"/><temp name="T557"/><temp name="T1767"/><temp name="T1755"/><temp name="T1809"/><temp name="T1724"/><temp name="T1824"/><temp name="T1740"/><temp name="T555"/><temp name="T1813"/><temp name="T1772"/><temp name="T1720"/><temp name="T1728"/><temp name="T1749"/><temp name="T1751"/><temp name="T24"/><temp name="T1778"/><temp name="T1819"/><temp name="T1747"/><temp name="T1715"/><temp name="T1735"/></temps></instruction><instruction code="OR T558, T1749, 0"><temps name="use"><temp name="T1749"/></temps><temps name="def"><temp name="T558"/></temps><temps name="in"><temp name="T1762"/><temp name="T557"/><temp name="T1767"/><temp name="T1755"/><temp name="T1809"/><temp name="T1724"/><temp name="T1824"/><temp name="T1740"/><temp name="T555"/><temp name="T1813"/><temp name="T1772"/><temp name="T1720"/><temp name="T1728"/><temp name="T1749"/><temp name="T1751"/><temp name="T24"/><temp name="T1778"/><temp name="T1819"/><temp name="T1747"/><temp name="T1715"/><temp name="T1735"/></temps><temps name="out"><temp name="T1762"/><temp name="T557"/><temp name="T558"/><temp name="T1767"/><temp name="T1755"/><temp name="T1809"/><temp name="T1724"/><temp name="T1824"/><temp name="T1740"/><temp name="T555"/><temp name="T1813"/><temp name="T1772"/><temp name="T1720"/><temp name="T1728"/><temp name="T1751"/><temp name="T24"/><temp name="T1778"/><temp name="T1819"/><temp name="T1747"/><temp name="T1715"/><temp name="T1735"/></temps></instruction><instruction code="ADD T1750, T557, T558"><temps name="use"><temp name="T557"/><temp name="T558"/></temps><temps name="def"><temp name="T1750"/></temps><temps name="in"><temp name="T1762"/><temp name="T557"/><temp name="T558"/><temp name="T1767"/><temp name="T1755"/><temp name="T1809"/><temp name="T1724"/><temp name="T1824"/><temp name="T1740"/><temp name="T555"/><temp name="T1813"/><temp name="T1772"/><temp name="T1720"/><temp name="T1728"/><temp name="T1751"/><temp name="T24"/><temp name="T1778"/><temp name="T1819"/><temp name="T1747"/><temp name="T1715"/><temp name="T1735"/></temps><temps name="out"><temp name="T1762"/><temp name="T1767"/><temp name="T1750"/><temp name="T1755"/><temp name="T1809"/><temp name="T1724"/><temp name="T1824"/><temp name="T1740"/><temp name="T555"/><temp name="T1813"/><temp name="T1772"/><temp name="T1720"/><temp name="T1728"/><temp name="T1751"/><temp name="T24"/><temp name="T1778"/><temp name="T1819"/><temp name="T1747"/><temp name="T1715"/><temp name="T1735"/></temps></instruction><instruction code="OR T559, T1750, 0"><temps name="use"><temp name="T1750"/></temps><temps name="def"><temp name="T559"/></temps><temps name="in"><temp name="T1762"/><temp name="T1767"/><temp name="T1750"/><temp name="T1755"/><temp name="T1809"/><temp name="T1724"/><temp name="T1824"/><temp name="T1740"/><temp name="T555"/><temp name="T1813"/><temp name="T1772"/><temp name="T1720"/><temp name="T1728"/><temp name="T1751"/><temp name="T24"/><temp name="T1778"/><temp name="T1819"/><temp name="T1747"/><temp name="T1715"/><temp name="T1735"/></temps><temps name="out"><temp name="T1762"/><temp name="T1767"/><temp name="T1755"/><temp name="T1809"/><temp name="T1724"/><temp name="T1824"/><temp name="T1740"/><temp name="T555"/><temp name="T1813"/><temp name="T1772"/><temp name="T1720"/><temp name="T1728"/><temp name="T1751"/><temp name="T24"/><temp name="T1778"/><temp name="T1819"/><temp name="T1747"/><temp name="T1715"/><temp name="T1735"/></temps></instruction><instruction code="LDO T1752, T1751, 0"><temps name="use"><temp name="T1751"/></temps><temps name="def"><temp name="T1752"/></temps><temps name="in"><temp name="T1762"/><temp name="T1767"/><temp name="T1755"/><temp name="T1809"/><temp name="T1724"/><temp name="T1824"/><temp name="T1740"/><temp name="T555"/><temp name="T1813"/><temp name="T1772"/><temp name="T1720"/><temp name="T1728"/><temp name="T1751"/><temp name="T24"/><temp name="T1778"/><temp name="T1819"/><temp name="T1747"/><temp name="T1715"/><temp name="T1735"/></temps><temps name="out"><temp name="T1762"/><temp name="T1767"/><temp name="T1755"/><temp name="T1809"/><temp name="T1724"/><temp name="T1824"/><temp name="T1740"/><temp name="T555"/><temp name="T1813"/><temp name="T1772"/><temp name="T1720"/><temp name="T1728"/><temp name="T1751"/><temp name="T1752"/><temp name="T24"/><temp name="T1778"/><temp name="T1819"/><temp name="T1747"/><temp name="T1715"/><temp name="T1735"/></temps></instruction><instruction code="OR T560, T1752, 0"><temps name="use"><temp name="T1752"/></temps><temps name="def"><temp name="T560"/></temps><temps name="in"><temp name="T1762"/><temp name="T1767"/><temp name="T1755"/><temp name="T1809"/><temp name="T1724"/><temp name="T1824"/><temp name="T1740"/><temp name="T555"/><temp name="T1813"/><temp name="T1772"/><temp name="T1720"/><temp name="T1728"/><temp name="T1751"/><temp name="T1752"/><temp name="T24"/><temp name="T1778"/><temp name="T1819"/><temp name="T1747"/><temp name="T1715"/><temp name="T1735"/></temps><temps name="out"><temp name="T1762"/><temp name="T1767"/><temp name="T560"/><temp name="T1755"/><temp name="T1809"/><temp name="T1724"/><temp name="T1824"/><temp name="T1740"/><temp name="T555"/><temp name="T1813"/><temp name="T1772"/><temp name="T1720"/><temp name="T1728"/><temp name="T1751"/><temp name="T24"/><temp name="T1778"/><temp name="T1819"/><temp name="T1747"/><temp name="T1715"/><temp name="T1735"/></temps></instruction><instruction code="OR T561, T24, 0"><temps name="use"><temp name="T24"/></temps><temps name="def"><temp name="T561"/></temps><temps name="in"><temp name="T1762"/><temp name="T1767"/><temp name="T560"/><temp name="T1755"/><temp name="T1809"/><temp name="T1724"/><temp name="T1824"/><temp name="T1740"/><temp name="T555"/><temp name="T1813"/><temp name="T1772"/><temp name="T1720"/><temp name="T1728"/><temp name="T1751"/><temp name="T24"/><temp name="T1778"/><temp name="T1819"/><temp name="T1747"/><temp name="T1715"/><temp name="T1735"/></temps><temps name="out"><temp name="T1762"/><temp name="T1767"/><temp name="T560"/><temp name="T1755"/><temp name="T1809"/><temp name="T1724"/><temp name="T1824"/><temp name="T1740"/><temp name="T555"/><temp name="T1813"/><temp name="T561"/><temp name="T1772"/><temp name="T1720"/><temp name="T1728"/><temp name="T1751"/><temp name="T24"/><temp name="T1778"/><temp name="T1819"/><temp name="T1747"/><temp name="T1715"/><temp name="T1735"/></temps></instruction><instruction code="SETL  T1753, 88"><temps name="use"/><temps name="def"><temp name="T1753"/></temps><temps name="in"><temp name="T1762"/><temp name="T1767"/><temp name="T560"/><temp name="T1755"/><temp name="T1809"/><temp name="T1724"/><temp name="T1824"/><temp name="T1740"/><temp name="T555"/><temp name="T1813"/><temp name="T561"/><temp name="T1772"/><temp name="T1720"/><temp name="T1728"/><temp name="T1751"/><temp name="T24"/><temp name="T1778"/><temp name="T1819"/><temp name="T1747"/><temp name="T1715"/><temp name="T1735"/></temps><temps name="out"><temp name="T1762"/><temp name="T1767"/><temp name="T560"/><temp name="T1755"/><temp name="T1809"/><temp name="T1724"/><temp name="T1824"/><temp name="T1740"/><temp name="T555"/><temp name="T1813"/><temp name="T561"/><temp name="T1772"/><temp name="T1720"/><temp name="T1728"/><temp name="T1751"/><temp name="T24"/><temp name="T1778"/><temp name="T1819"/><temp name="T1747"/><temp name="T1715"/><temp name="T1735"/></temps></instruction><instruction code="INCML T1753, 0"><temps name="use"/><temps name="def"><temp name="T1753"/></temps><temps name="in"><temp name="T1762"/><temp name="T1767"/><temp name="T560"/><temp name="T1755"/><temp name="T1809"/><temp name="T1724"/><temp name="T1824"/><temp name="T1740"/><temp name="T555"/><temp name="T1813"/><temp name="T561"/><temp name="T1772"/><temp name="T1720"/><temp name="T1728"/><temp name="T1751"/><temp name="T24"/><temp name="T1778"/><temp name="T1819"/><temp name="T1747"/><temp name="T1715"/><temp name="T1735"/></temps><temps name="out"><temp name="T1762"/><temp name="T1767"/><temp name="T560"/><temp name="T1755"/><temp name="T1809"/><temp name="T1724"/><temp name="T1824"/><temp name="T1740"/><temp name="T555"/><temp name="T1813"/><temp name="T561"/><temp name="T1772"/><temp name="T1720"/><temp name="T1728"/><temp name="T1751"/><temp name="T24"/><temp name="T1778"/><temp name="T1819"/><temp name="T1747"/><temp name="T1715"/><temp name="T1735"/></temps></instruction><instruction code="INCMH T1753, 0"><temps name="use"/><temps name="def"><temp name="T1753"/></temps><temps name="in"><temp name="T1762"/><temp name="T1767"/><temp name="T560"/><temp name="T1755"/><temp name="T1809"/><temp name="T1724"/><temp name="T1824"/><temp name="T1740"/><temp name="T555"/><temp name="T1813"/><temp name="T561"/><temp name="T1772"/><temp name="T1720"/><temp name="T1728"/><temp name="T1751"/><temp name="T24"/><temp name="T1778"/><temp name="T1819"/><temp name="T1747"/><temp name="T1715"/><temp name="T1735"/></temps><temps name="out"><temp name="T1762"/><temp name="T1767"/><temp name="T560"/><temp name="T1755"/><temp name="T1809"/><temp name="T1724"/><temp name="T1824"/><temp name="T1740"/><temp name="T555"/><temp name="T1813"/><temp name="T561"/><temp name="T1772"/><temp name="T1720"/><temp name="T1728"/><temp name="T1751"/><temp name="T24"/><temp name="T1778"/><temp name="T1819"/><temp name="T1747"/><temp name="T1715"/><temp name="T1735"/></temps></instruction><instruction code="INCH  T1753, 0"><temps name="use"/><temps name="def"><temp name="T1753"/></temps><temps name="in"><temp name="T1762"/><temp name="T1767"/><temp name="T560"/><temp name="T1755"/><temp name="T1809"/><temp name="T1724"/><temp name="T1824"/><temp name="T1740"/><temp name="T555"/><temp name="T1813"/><temp name="T561"/><temp name="T1772"/><temp name="T1720"/><temp name="T1728"/><temp name="T1751"/><temp name="T24"/><temp name="T1778"/><temp name="T1819"/><temp name="T1747"/><temp name="T1715"/><temp name="T1735"/></temps><temps name="out"><temp name="T1753"/><temp name="T1762"/><temp name="T1767"/><temp name="T560"/><temp name="T1755"/><temp name="T1809"/><temp name="T1724"/><temp name="T1824"/><temp name="T1740"/><temp name="T555"/><temp name="T1813"/><temp name="T561"/><temp name="T1772"/><temp name="T1720"/><temp name="T1728"/><temp name="T1751"/><temp name="T24"/><temp name="T1778"/><temp name="T1819"/><temp name="T1747"/><temp name="T1715"/><temp name="T1735"/></temps></instruction><instruction code="NEG T1753, 0, T1753"><temps name="use"><temp name="T1753"/></temps><temps name="def"><temp name="T1753"/></temps><temps name="in"><temp name="T1753"/><temp name="T1762"/><temp name="T1767"/><temp name="T560"/><temp name="T1755"/><temp name="T1809"/><temp name="T1724"/><temp name="T1824"/><temp name="T1740"/><temp name="T555"/><temp name="T1813"/><temp name="T561"/><temp name="T1772"/><temp name="T1720"/><temp name="T1728"/><temp name="T1751"/><temp name="T24"/><temp name="T1778"/><temp name="T1819"/><temp name="T1747"/><temp name="T1715"/><temp name="T1735"/></temps><temps name="out"><temp name="T1753"/><temp name="T1762"/><temp name="T1767"/><temp name="T560"/><temp name="T1755"/><temp name="T1809"/><temp name="T1724"/><temp name="T1824"/><temp name="T1740"/><temp name="T555"/><temp name="T1813"/><temp name="T561"/><temp name="T1772"/><temp name="T1720"/><temp name="T1728"/><temp name="T1751"/><temp name="T24"/><temp name="T1778"/><temp name="T1819"/><temp name="T1747"/><temp name="T1715"/><temp name="T1735"/></temps></instruction><instruction code="OR T562, T1753, 0"><temps name="use"><temp name="T1753"/></temps><temps name="def"><temp name="T562"/></temps><temps name="in"><temp name="T1753"/><temp name="T1762"/><temp name="T1767"/><temp name="T560"/><temp name="T1755"/><temp name="T1809"/><temp name="T1724"/><temp name="T1824"/><temp name="T1740"/><temp name="T555"/><temp name="T1813"/><temp name="T561"/><temp name="T1772"/><temp name="T1720"/><temp name="T1728"/><temp name="T1751"/><temp name="T24"/><temp name="T1778"/><temp name="T1819"/><temp name="T1747"/><temp name="T1715"/><temp name="T1735"/></temps><temps name="out"><temp name="T1762"/><temp name="T1767"/><temp name="T560"/><temp name="T1755"/><temp name="T1809"/><temp name="T1724"/><temp name="T1824"/><temp name="T1740"/><temp name="T555"/><temp name="T1813"/><temp name="T561"/><temp name="T1772"/><temp name="T562"/><temp name="T1720"/><temp name="T1728"/><temp name="T1751"/><temp name="T24"/><temp name="T1778"/><temp name="T1819"/><temp name="T1747"/><temp name="T1715"/><temp name="T1735"/></temps></instruction><instruction code="ADD T1754, T561, T562"><temps name="use"><temp name="T561"/><temp name="T562"/></temps><temps name="def"><temp name="T1754"/></temps><temps name="in"><temp name="T1762"/><temp name="T1767"/><temp name="T560"/><temp name="T1755"/><temp name="T1809"/><temp name="T1724"/><temp name="T1824"/><temp name="T1740"/><temp name="T555"/><temp name="T1813"/><temp name="T561"/><temp name="T1772"/><temp name="T562"/><temp name="T1720"/><temp name="T1728"/><temp name="T1751"/><temp name="T24"/><temp name="T1778"/><temp name="T1819"/><temp name="T1747"/><temp name="T1715"/><temp name="T1735"/></temps><temps name="out"><temp name="T1762"/><temp name="T1767"/><temp name="T560"/><temp name="T1755"/><temp name="T1809"/><temp name="T1724"/><temp name="T1824"/><temp name="T1740"/><temp name="T555"/><temp name="T1813"/><temp name="T1772"/><temp name="T1720"/><temp name="T1728"/><temp name="T1751"/><temp name="T24"/><temp name="T1754"/><temp name="T1778"/><temp name="T1819"/><temp name="T1747"/><temp name="T1715"/><temp name="T1735"/></temps></instruction><instruction code="OR T563, T1754, 0"><temps name="use"><temp name="T1754"/></temps><temps name="def"><temp name="T563"/></temps><temps name="in"><temp name="T1762"/><temp name="T1767"/><temp name="T560"/><temp name="T1755"/><temp name="T1809"/><temp name="T1724"/><temp name="T1824"/><temp name="T1740"/><temp name="T555"/><temp name="T1813"/><temp name="T1772"/><temp name="T1720"/><temp name="T1728"/><temp name="T1751"/><temp name="T24"/><temp name="T1754"/><temp name="T1778"/><temp name="T1819"/><temp name="T1747"/><temp name="T1715"/><temp name="T1735"/></temps><temps name="out"><temp name="T1762"/><temp name="T1767"/><temp name="T560"/><temp name="T1755"/><temp name="T1809"/><temp name="T1724"/><temp name="T1824"/><temp name="T1740"/><temp name="T555"/><temp name="T1813"/><temp name="T1772"/><temp name="T1720"/><temp name="T1728"/><temp name="T1751"/><temp name="T24"/><temp name="T1778"/><temp name="T1819"/><temp name="T1747"/><temp name="T1715"/><temp name="T1735"/></temps></instruction><instruction code="LDO T1756, T1755, 0"><temps name="use"><temp name="T1755"/></temps><temps name="def"><temp name="T1756"/></temps><temps name="in"><temp name="T1762"/><temp name="T1767"/><temp name="T560"/><temp name="T1755"/><temp name="T1809"/><temp name="T1724"/><temp name="T1824"/><temp name="T1740"/><temp name="T555"/><temp name="T1813"/><temp name="T1772"/><temp name="T1720"/><temp name="T1728"/><temp name="T1751"/><temp name="T24"/><temp name="T1778"/><temp name="T1819"/><temp name="T1747"/><temp name="T1715"/><temp name="T1735"/></temps><temps name="out"><temp name="T1762"/><temp name="T1767"/><temp name="T560"/><temp name="T1755"/><temp name="T1809"/><temp name="T1724"/><temp name="T1824"/><temp name="T1740"/><temp name="T555"/><temp name="T1813"/><temp name="T1772"/><temp name="T1720"/><temp name="T1728"/><temp name="T1751"/><temp name="T24"/><temp name="T1778"/><temp name="T1819"/><temp name="T1747"/><temp name="T1715"/><temp name="T1735"/><temp name="T1756"/></temps></instruction><instruction code="OR T564, T1756, 0"><temps name="use"><temp name="T1756"/></temps><temps name="def"><temp name="T564"/></temps><temps name="in"><temp name="T1762"/><temp name="T1767"/><temp name="T560"/><temp name="T1755"/><temp name="T1809"/><temp name="T1724"/><temp name="T1824"/><temp name="T1740"/><temp name="T555"/><temp name="T1813"/><temp name="T1772"/><temp name="T1720"/><temp name="T1728"/><temp name="T1751"/><temp name="T24"/><temp name="T1778"/><temp name="T1819"/><temp name="T1747"/><temp name="T1715"/><temp name="T1735"/><temp name="T1756"/></temps><temps name="out"><temp name="T1762"/><temp name="T1767"/><temp name="T560"/><temp name="T1755"/><temp name="T1809"/><temp name="T1724"/><temp name="T1824"/><temp name="T1740"/><temp name="T555"/><temp name="T1813"/><temp name="T1772"/><temp name="T1720"/><temp name="T1728"/><temp name="T1751"/><temp name="T564"/><temp name="T24"/><temp name="T1778"/><temp name="T1819"/><temp name="T1747"/><temp name="T1715"/><temp name="T1735"/></temps></instruction><instruction code="SETL  T1757, 72"><temps name="use"/><temps name="def"><temp name="T1757"/></temps><temps name="in"><temp name="T1762"/><temp name="T1767"/><temp name="T560"/><temp name="T1755"/><temp name="T1809"/><temp name="T1724"/><temp name="T1824"/><temp name="T1740"/><temp name="T555"/><temp name="T1813"/><temp name="T1772"/><temp name="T1720"/><temp name="T1728"/><temp name="T1751"/><temp name="T564"/><temp name="T24"/><temp name="T1778"/><temp name="T1819"/><temp name="T1747"/><temp name="T1715"/><temp name="T1735"/></temps><temps name="out"><temp name="T1762"/><temp name="T1767"/><temp name="T560"/><temp name="T1755"/><temp name="T1809"/><temp name="T1724"/><temp name="T1824"/><temp name="T1740"/><temp name="T555"/><temp name="T1813"/><temp name="T1772"/><temp name="T1720"/><temp name="T1728"/><temp name="T1751"/><temp name="T564"/><temp name="T24"/><temp name="T1778"/><temp name="T1819"/><temp name="T1747"/><temp name="T1715"/><temp name="T1735"/></temps></instruction><instruction code="INCML T1757, 0"><temps name="use"/><temps name="def"><temp name="T1757"/></temps><temps name="in"><temp name="T1762"/><temp name="T1767"/><temp name="T560"/><temp name="T1755"/><temp name="T1809"/><temp name="T1724"/><temp name="T1824"/><temp name="T1740"/><temp name="T555"/><temp name="T1813"/><temp name="T1772"/><temp name="T1720"/><temp name="T1728"/><temp name="T1751"/><temp name="T564"/><temp name="T24"/><temp name="T1778"/><temp name="T1819"/><temp name="T1747"/><temp name="T1715"/><temp name="T1735"/></temps><temps name="out"><temp name="T1762"/><temp name="T1767"/><temp name="T560"/><temp name="T1755"/><temp name="T1809"/><temp name="T1724"/><temp name="T1824"/><temp name="T1740"/><temp name="T555"/><temp name="T1813"/><temp name="T1772"/><temp name="T1720"/><temp name="T1728"/><temp name="T1751"/><temp name="T564"/><temp name="T24"/><temp name="T1778"/><temp name="T1819"/><temp name="T1747"/><temp name="T1715"/><temp name="T1735"/></temps></instruction><instruction code="INCMH T1757, 0"><temps name="use"/><temps name="def"><temp name="T1757"/></temps><temps name="in"><temp name="T1762"/><temp name="T1767"/><temp name="T560"/><temp name="T1755"/><temp name="T1809"/><temp name="T1724"/><temp name="T1824"/><temp name="T1740"/><temp name="T555"/><temp name="T1813"/><temp name="T1772"/><temp name="T1720"/><temp name="T1728"/><temp name="T1751"/><temp name="T564"/><temp name="T24"/><temp name="T1778"/><temp name="T1819"/><temp name="T1747"/><temp name="T1715"/><temp name="T1735"/></temps><temps name="out"><temp name="T1762"/><temp name="T1767"/><temp name="T560"/><temp name="T1755"/><temp name="T1809"/><temp name="T1724"/><temp name="T1824"/><temp name="T1740"/><temp name="T555"/><temp name="T1813"/><temp name="T1772"/><temp name="T1720"/><temp name="T1728"/><temp name="T1751"/><temp name="T564"/><temp name="T24"/><temp name="T1778"/><temp name="T1819"/><temp name="T1747"/><temp name="T1715"/><temp name="T1735"/></temps></instruction><instruction code="INCH  T1757, 0"><temps name="use"/><temps name="def"><temp name="T1757"/></temps><temps name="in"><temp name="T1762"/><temp name="T1767"/><temp name="T560"/><temp name="T1755"/><temp name="T1809"/><temp name="T1724"/><temp name="T1824"/><temp name="T1740"/><temp name="T555"/><temp name="T1813"/><temp name="T1772"/><temp name="T1720"/><temp name="T1728"/><temp name="T1751"/><temp name="T564"/><temp name="T24"/><temp name="T1778"/><temp name="T1819"/><temp name="T1747"/><temp name="T1715"/><temp name="T1735"/></temps><temps name="out"><temp name="T1762"/><temp name="T1767"/><temp name="T560"/><temp name="T1757"/><temp name="T1755"/><temp name="T1809"/><temp name="T1724"/><temp name="T1824"/><temp name="T1740"/><temp name="T555"/><temp name="T1813"/><temp name="T1772"/><temp name="T1720"/><temp name="T1728"/><temp name="T1751"/><temp name="T564"/><temp name="T24"/><temp name="T1778"/><temp name="T1819"/><temp name="T1747"/><temp name="T1715"/><temp name="T1735"/></temps></instruction><instruction code="OR T565, T1757, 0"><temps name="use"><temp name="T1757"/></temps><temps name="def"><temp name="T565"/></temps><temps name="in"><temp name="T1762"/><temp name="T1767"/><temp name="T560"/><temp name="T1757"/><temp name="T1755"/><temp name="T1809"/><temp name="T1724"/><temp name="T1824"/><temp name="T1740"/><temp name="T555"/><temp name="T1813"/><temp name="T1772"/><temp name="T1720"/><temp name="T1728"/><temp name="T1751"/><temp name="T564"/><temp name="T24"/><temp name="T1778"/><temp name="T1819"/><temp name="T1747"/><temp name="T1715"/><temp name="T1735"/></temps><temps name="out"><temp name="T1762"/><temp name="T1767"/><temp name="T560"/><temp name="T1755"/><temp name="T1809"/><temp name="T1724"/><temp name="T1824"/><temp name="T1740"/><temp name="T555"/><temp name="T1813"/><temp name="T1772"/><temp name="T1720"/><temp name="T1728"/><temp name="T1751"/><temp name="T564"/><temp name="T24"/><temp name="T1778"/><temp name="T1819"/><temp name="T1747"/><temp name="T565"/><temp name="T1715"/><temp name="T1735"/></temps></instruction><instruction code="MUL T1758, T564, T565"><temps name="use"><temp name="T564"/><temp name="T565"/></temps><temps name="def"><temp name="T1758"/></temps><temps name="in"><temp name="T1762"/><temp name="T1767"/><temp name="T560"/><temp name="T1755"/><temp name="T1809"/><temp name="T1724"/><temp name="T1824"/><temp name="T1740"/><temp name="T555"/><temp name="T1813"/><temp name="T1772"/><temp name="T1720"/><temp name="T1728"/><temp name="T1751"/><temp name="T564"/><temp name="T24"/><temp name="T1778"/><temp name="T1819"/><temp name="T1747"/><temp name="T565"/><temp name="T1715"/><temp name="T1735"/></temps><temps name="out"><temp name="T1762"/><temp name="T1767"/><temp name="T560"/><temp name="T1755"/><temp name="T1809"/><temp name="T1724"/><temp name="T1824"/><temp name="T1740"/><temp name="T555"/><temp name="T1813"/><temp name="T1772"/><temp name="T1720"/><temp name="T1728"/><temp name="T1751"/><temp name="T24"/><temp name="T1758"/><temp name="T1778"/><temp name="T1819"/><temp name="T1747"/><temp name="T1715"/><temp name="T1735"/></temps></instruction><instruction code="OR T566, T1758, 0"><temps name="use"><temp name="T1758"/></temps><temps name="def"><temp name="T566"/></temps><temps name="in"><temp name="T1762"/><temp name="T1767"/><temp name="T560"/><temp name="T1755"/><temp name="T1809"/><temp name="T1724"/><temp name="T1824"/><temp name="T1740"/><temp name="T555"/><temp name="T1813"/><temp name="T1772"/><temp name="T1720"/><temp name="T1728"/><temp name="T1751"/><temp name="T24"/><temp name="T1758"/><temp name="T1778"/><temp name="T1819"/><temp name="T1747"/><temp name="T1715"/><temp name="T1735"/></temps><temps name="out"><temp name="T1762"/><temp name="T1767"/><temp name="T560"/><temp name="T1755"/><temp name="T1809"/><temp name="T1724"/><temp name="T1824"/><temp name="T1740"/><temp name="T555"/><temp name="T1813"/><temp name="T1772"/><temp name="T566"/><temp name="T1720"/><temp name="T1728"/><temp name="T1751"/><temp name="T24"/><temp name="T1778"/><temp name="T1819"/><temp name="T1747"/><temp name="T1715"/><temp name="T1735"/></temps></instruction><instruction code="ADD T1759, T560, T566"><temps name="use"><temp name="T560"/><temp name="T566"/></temps><temps name="def"><temp name="T1759"/></temps><temps name="in"><temp name="T1762"/><temp name="T1767"/><temp name="T560"/><temp name="T1755"/><temp name="T1809"/><temp name="T1724"/><temp name="T1824"/><temp name="T1740"/><temp name="T555"/><temp name="T1813"/><temp name="T1772"/><temp name="T566"/><temp name="T1720"/><temp name="T1728"/><temp name="T1751"/><temp name="T24"/><temp name="T1778"/><temp name="T1819"/><temp name="T1747"/><temp name="T1715"/><temp name="T1735"/></temps><temps name="out"><temp name="T1762"/><temp name="T1767"/><temp name="T1755"/><temp name="T1809"/><temp name="T1724"/><temp name="T1824"/><temp name="T1740"/><temp name="T555"/><temp name="T1813"/><temp name="T1759"/><temp name="T1772"/><temp name="T1720"/><temp name="T1728"/><temp name="T1751"/><temp name="T24"/><temp name="T1778"/><temp name="T1819"/><temp name="T1747"/><temp name="T1715"/><temp name="T1735"/></temps></instruction><instruction code="OR T567, T1759, 0"><temps name="use"><temp name="T1759"/></temps><temps name="def"><temp name="T567"/></temps><temps name="in"><temp name="T1762"/><temp name="T1767"/><temp name="T1755"/><temp name="T1809"/><temp name="T1724"/><temp name="T1824"/><temp name="T1740"/><temp name="T555"/><temp name="T1813"/><temp name="T1759"/><temp name="T1772"/><temp name="T1720"/><temp name="T1728"/><temp name="T1751"/><temp name="T24"/><temp name="T1778"/><temp name="T1819"/><temp name="T1747"/><temp name="T1715"/><temp name="T1735"/></temps><temps name="out"><temp name="T1762"/><temp name="T1767"/><temp name="T1755"/><temp name="T1809"/><temp name="T1724"/><temp name="T1824"/><temp name="T1740"/><temp name="T555"/><temp name="T1813"/><temp name="T1772"/><temp name="T1720"/><temp name="T1728"/><temp name="T567"/><temp name="T1751"/><temp name="T24"/><temp name="T1778"/><temp name="T1819"/><temp name="T1747"/><temp name="T1715"/><temp name="T1735"/></temps></instruction><instruction code="OR T568, T24, 0"><temps name="use"><temp name="T24"/></temps><temps name="def"><temp name="T568"/></temps><temps name="in"><temp name="T1762"/><temp name="T1767"/><temp name="T1755"/><temp name="T1809"/><temp name="T1724"/><temp name="T1824"/><temp name="T1740"/><temp name="T555"/><temp name="T1813"/><temp name="T1772"/><temp name="T1720"/><temp name="T1728"/><temp name="T567"/><temp name="T1751"/><temp name="T24"/><temp name="T1778"/><temp name="T1819"/><temp name="T1747"/><temp name="T1715"/><temp name="T1735"/></temps><temps name="out"><temp name="T1762"/><temp name="T1767"/><temp name="T1755"/><temp name="T1809"/><temp name="T1724"/><temp name="T1824"/><temp name="T1740"/><temp name="T555"/><temp name="T1813"/><temp name="T1772"/><temp name="T1720"/><temp name="T1728"/><temp name="T567"/><temp name="T1751"/><temp name="T24"/><temp name="T568"/><temp name="T1778"/><temp name="T1819"/><temp name="T1747"/><temp name="T1715"/><temp name="T1735"/></temps></instruction><instruction code="SETL  T1760, 8"><temps name="use"/><temps name="def"><temp name="T1760"/></temps><temps name="in"><temp name="T1762"/><temp name="T1767"/><temp name="T1755"/><temp name="T1809"/><temp name="T1724"/><temp name="T1824"/><temp name="T1740"/><temp name="T555"/><temp name="T1813"/><temp name="T1772"/><temp name="T1720"/><temp name="T1728"/><temp name="T567"/><temp name="T1751"/><temp name="T24"/><temp name="T568"/><temp name="T1778"/><temp name="T1819"/><temp name="T1747"/><temp name="T1715"/><temp name="T1735"/></temps><temps name="out"><temp name="T1762"/><temp name="T1767"/><temp name="T1755"/><temp name="T1809"/><temp name="T1724"/><temp name="T1824"/><temp name="T1740"/><temp name="T555"/><temp name="T1813"/><temp name="T1772"/><temp name="T1720"/><temp name="T1728"/><temp name="T567"/><temp name="T1751"/><temp name="T24"/><temp name="T568"/><temp name="T1778"/><temp name="T1819"/><temp name="T1747"/><temp name="T1715"/><temp name="T1735"/></temps></instruction><instruction code="INCML T1760, 0"><temps name="use"/><temps name="def"><temp name="T1760"/></temps><temps name="in"><temp name="T1762"/><temp name="T1767"/><temp name="T1755"/><temp name="T1809"/><temp name="T1724"/><temp name="T1824"/><temp name="T1740"/><temp name="T555"/><temp name="T1813"/><temp name="T1772"/><temp name="T1720"/><temp name="T1728"/><temp name="T567"/><temp name="T1751"/><temp name="T24"/><temp name="T568"/><temp name="T1778"/><temp name="T1819"/><temp name="T1747"/><temp name="T1715"/><temp name="T1735"/></temps><temps name="out"><temp name="T1762"/><temp name="T1767"/><temp name="T1755"/><temp name="T1809"/><temp name="T1724"/><temp name="T1824"/><temp name="T1740"/><temp name="T555"/><temp name="T1813"/><temp name="T1772"/><temp name="T1720"/><temp name="T1728"/><temp name="T567"/><temp name="T1751"/><temp name="T24"/><temp name="T568"/><temp name="T1778"/><temp name="T1819"/><temp name="T1747"/><temp name="T1715"/><temp name="T1735"/></temps></instruction><instruction code="INCMH T1760, 0"><temps name="use"/><temps name="def"><temp name="T1760"/></temps><temps name="in"><temp name="T1762"/><temp name="T1767"/><temp name="T1755"/><temp name="T1809"/><temp name="T1724"/><temp name="T1824"/><temp name="T1740"/><temp name="T555"/><temp name="T1813"/><temp name="T1772"/><temp name="T1720"/><temp name="T1728"/><temp name="T567"/><temp name="T1751"/><temp name="T24"/><temp name="T568"/><temp name="T1778"/><temp name="T1819"/><temp name="T1747"/><temp name="T1715"/><temp name="T1735"/></temps><temps name="out"><temp name="T1762"/><temp name="T1767"/><temp name="T1755"/><temp name="T1809"/><temp name="T1724"/><temp name="T1824"/><temp name="T1740"/><temp name="T555"/><temp name="T1813"/><temp name="T1772"/><temp name="T1720"/><temp name="T1728"/><temp name="T567"/><temp name="T1751"/><temp name="T24"/><temp name="T568"/><temp name="T1778"/><temp name="T1819"/><temp name="T1747"/><temp name="T1715"/><temp name="T1735"/></temps></instruction><instruction code="INCH  T1760, 0"><temps name="use"/><temps name="def"><temp name="T1760"/></temps><temps name="in"><temp name="T1762"/><temp name="T1767"/><temp name="T1755"/><temp name="T1809"/><temp name="T1724"/><temp name="T1824"/><temp name="T1740"/><temp name="T555"/><temp name="T1813"/><temp name="T1772"/><temp name="T1720"/><temp name="T1728"/><temp name="T567"/><temp name="T1751"/><temp name="T24"/><temp name="T568"/><temp name="T1778"/><temp name="T1819"/><temp name="T1747"/><temp name="T1715"/><temp name="T1735"/></temps><temps name="out"><temp name="T1762"/><temp name="T1767"/><temp name="T1755"/><temp name="T1760"/><temp name="T1809"/><temp name="T1724"/><temp name="T1824"/><temp name="T1740"/><temp name="T555"/><temp name="T1813"/><temp name="T1772"/><temp name="T1720"/><temp name="T1728"/><temp name="T567"/><temp name="T1751"/><temp name="T24"/><temp name="T568"/><temp name="T1778"/><temp name="T1819"/><temp name="T1747"/><temp name="T1715"/><temp name="T1735"/></temps></instruction><instruction code="OR T569, T1760, 0"><temps name="use"><temp name="T1760"/></temps><temps name="def"><temp name="T569"/></temps><temps name="in"><temp name="T1762"/><temp name="T1767"/><temp name="T1755"/><temp name="T1760"/><temp name="T1809"/><temp name="T1724"/><temp name="T1824"/><temp name="T1740"/><temp name="T555"/><temp name="T1813"/><temp name="T1772"/><temp name="T1720"/><temp name="T1728"/><temp name="T567"/><temp name="T1751"/><temp name="T24"/><temp name="T568"/><temp name="T1778"/><temp name="T1819"/><temp name="T1747"/><temp name="T1715"/><temp name="T1735"/></temps><temps name="out"><temp name="T1762"/><temp name="T1767"/><temp name="T1755"/><temp name="T1809"/><temp name="T1724"/><temp name="T1824"/><temp name="T1740"/><temp name="T555"/><temp name="T1813"/><temp name="T1772"/><temp name="T1720"/><temp name="T1728"/><temp name="T567"/><temp name="T1751"/><temp name="T24"/><temp name="T568"/><temp name="T1778"/><temp name="T1819"/><temp name="T1747"/><temp name="T569"/><temp name="T1715"/><temp name="T1735"/></temps></instruction><instruction code="ADD T1761, T568, T569"><temps name="use"><temp name="T568"/><temp name="T569"/></temps><temps name="def"><temp name="T1761"/></temps><temps name="in"><temp name="T1762"/><temp name="T1767"/><temp name="T1755"/><temp name="T1809"/><temp name="T1724"/><temp name="T1824"/><temp name="T1740"/><temp name="T555"/><temp name="T1813"/><temp name="T1772"/><temp name="T1720"/><temp name="T1728"/><temp name="T567"/><temp name="T1751"/><temp name="T24"/><temp name="T568"/><temp name="T1778"/><temp name="T1819"/><temp name="T1747"/><temp name="T569"/><temp name="T1715"/><temp name="T1735"/></temps><temps name="out"><temp name="T1762"/><temp name="T1767"/><temp name="T1755"/><temp name="T1809"/><temp name="T1724"/><temp name="T1824"/><temp name="T1740"/><temp name="T555"/><temp name="T1813"/><temp name="T1761"/><temp name="T1772"/><temp name="T1720"/><temp name="T1728"/><temp name="T567"/><temp name="T1751"/><temp name="T24"/><temp name="T1778"/><temp name="T1819"/><temp name="T1747"/><temp name="T1715"/><temp name="T1735"/></temps></instruction><instruction code="OR T570, T1761, 0"><temps name="use"><temp name="T1761"/></temps><temps name="def"><temp name="T570"/></temps><temps name="in"><temp name="T1762"/><temp name="T1767"/><temp name="T1755"/><temp name="T1809"/><temp name="T1724"/><temp name="T1824"/><temp name="T1740"/><temp name="T555"/><temp name="T1813"/><temp name="T1761"/><temp name="T1772"/><temp name="T1720"/><temp name="T1728"/><temp name="T567"/><temp name="T1751"/><temp name="T24"/><temp name="T1778"/><temp name="T1819"/><temp name="T1747"/><temp name="T1715"/><temp name="T1735"/></temps><temps name="out"><temp name="T1762"/><temp name="T1767"/><temp name="T1755"/><temp name="T1809"/><temp name="T1724"/><temp name="T1824"/><temp name="T1740"/><temp name="T555"/><temp name="T1813"/><temp name="T1772"/><temp name="T1720"/><temp name="T1728"/><temp name="T567"/><temp name="T1751"/><temp name="T24"/><temp name="T1778"/><temp name="T1819"/><temp name="T1747"/><temp name="T1715"/><temp name="T1735"/></temps></instruction><instruction code="LDO T1763, T1762, 0"><temps name="use"><temp name="T1762"/></temps><temps name="def"><temp name="T1763"/></temps><temps name="in"><temp name="T1762"/><temp name="T1767"/><temp name="T1755"/><temp name="T1809"/><temp name="T1724"/><temp name="T1824"/><temp name="T1740"/><temp name="T555"/><temp name="T1813"/><temp name="T1772"/><temp name="T1720"/><temp name="T1728"/><temp name="T567"/><temp name="T1751"/><temp name="T24"/><temp name="T1778"/><temp name="T1819"/><temp name="T1747"/><temp name="T1715"/><temp name="T1735"/></temps><temps name="out"><temp name="T1762"/><temp name="T1767"/><temp name="T1755"/><temp name="T1763"/><temp name="T1809"/><temp name="T1724"/><temp name="T1824"/><temp name="T1740"/><temp name="T555"/><temp name="T1813"/><temp name="T1772"/><temp name="T1720"/><temp name="T1728"/><temp name="T567"/><temp name="T1751"/><temp name="T24"/><temp name="T1778"/><temp name="T1819"/><temp name="T1747"/><temp name="T1715"/><temp name="T1735"/></temps></instruction><instruction code="OR T571, T1763, 0"><temps name="use"><temp name="T1763"/></temps><temps name="def"><temp name="T571"/></temps><temps name="in"><temp name="T1762"/><temp name="T1767"/><temp name="T1755"/><temp name="T1763"/><temp name="T1809"/><temp name="T1724"/><temp name="T1824"/><temp name="T1740"/><temp name="T555"/><temp name="T1813"/><temp name="T1772"/><temp name="T1720"/><temp name="T1728"/><temp name="T567"/><temp name="T1751"/><temp name="T24"/><temp name="T1778"/><temp name="T1819"/><temp name="T1747"/><temp name="T1715"/><temp name="T1735"/></temps><temps name="out"><temp name="T1762"/><temp name="T1767"/><temp name="T1755"/><temp name="T1809"/><temp name="T1724"/><temp name="T1824"/><temp name="T1740"/><temp name="T555"/><temp name="T1813"/><temp name="T1772"/><temp name="T1720"/><temp name="T1728"/><temp name="T567"/><temp name="T1751"/><temp name="T24"/><temp name="T1778"/><temp name="T1819"/><temp name="T1747"/><temp name="T571"/><temp name="T1715"/><temp name="T1735"/></temps></instruction><instruction code="SETL  T1764, 8"><temps name="use"/><temps name="def"><temp name="T1764"/></temps><temps name="in"><temp name="T1762"/><temp name="T1767"/><temp name="T1755"/><temp name="T1809"/><temp name="T1724"/><temp name="T1824"/><temp name="T1740"/><temp name="T555"/><temp name="T1813"/><temp name="T1772"/><temp name="T1720"/><temp name="T1728"/><temp name="T567"/><temp name="T1751"/><temp name="T24"/><temp name="T1778"/><temp name="T1819"/><temp name="T1747"/><temp name="T571"/><temp name="T1715"/><temp name="T1735"/></temps><temps name="out"><temp name="T1762"/><temp name="T1767"/><temp name="T1755"/><temp name="T1809"/><temp name="T1724"/><temp name="T1824"/><temp name="T1740"/><temp name="T555"/><temp name="T1813"/><temp name="T1772"/><temp name="T1720"/><temp name="T1728"/><temp name="T567"/><temp name="T1751"/><temp name="T24"/><temp name="T1778"/><temp name="T1819"/><temp name="T1747"/><temp name="T571"/><temp name="T1715"/><temp name="T1735"/></temps></instruction><instruction code="INCML T1764, 0"><temps name="use"/><temps name="def"><temp name="T1764"/></temps><temps name="in"><temp name="T1762"/><temp name="T1767"/><temp name="T1755"/><temp name="T1809"/><temp name="T1724"/><temp name="T1824"/><temp name="T1740"/><temp name="T555"/><temp name="T1813"/><temp name="T1772"/><temp name="T1720"/><temp name="T1728"/><temp name="T567"/><temp name="T1751"/><temp name="T24"/><temp name="T1778"/><temp name="T1819"/><temp name="T1747"/><temp name="T571"/><temp name="T1715"/><temp name="T1735"/></temps><temps name="out"><temp name="T1762"/><temp name="T1767"/><temp name="T1755"/><temp name="T1809"/><temp name="T1724"/><temp name="T1824"/><temp name="T1740"/><temp name="T555"/><temp name="T1813"/><temp name="T1772"/><temp name="T1720"/><temp name="T1728"/><temp name="T567"/><temp name="T1751"/><temp name="T24"/><temp name="T1778"/><temp name="T1819"/><temp name="T1747"/><temp name="T571"/><temp name="T1715"/><temp name="T1735"/></temps></instruction><instruction code="INCMH T1764, 0"><temps name="use"/><temps name="def"><temp name="T1764"/></temps><temps name="in"><temp name="T1762"/><temp name="T1767"/><temp name="T1755"/><temp name="T1809"/><temp name="T1724"/><temp name="T1824"/><temp name="T1740"/><temp name="T555"/><temp name="T1813"/><temp name="T1772"/><temp name="T1720"/><temp name="T1728"/><temp name="T567"/><temp name="T1751"/><temp name="T24"/><temp name="T1778"/><temp name="T1819"/><temp name="T1747"/><temp name="T571"/><temp name="T1715"/><temp name="T1735"/></temps><temps name="out"><temp name="T1762"/><temp name="T1767"/><temp name="T1755"/><temp name="T1809"/><temp name="T1724"/><temp name="T1824"/><temp name="T1740"/><temp name="T555"/><temp name="T1813"/><temp name="T1772"/><temp name="T1720"/><temp name="T1728"/><temp name="T567"/><temp name="T1751"/><temp name="T24"/><temp name="T1778"/><temp name="T1819"/><temp name="T1747"/><temp name="T571"/><temp name="T1715"/><temp name="T1735"/></temps></instruction><instruction code="INCH  T1764, 0"><temps name="use"/><temps name="def"><temp name="T1764"/></temps><temps name="in"><temp name="T1762"/><temp name="T1767"/><temp name="T1755"/><temp name="T1809"/><temp name="T1724"/><temp name="T1824"/><temp name="T1740"/><temp name="T555"/><temp name="T1813"/><temp name="T1772"/><temp name="T1720"/><temp name="T1728"/><temp name="T567"/><temp name="T1751"/><temp name="T24"/><temp name="T1778"/><temp name="T1819"/><temp name="T1747"/><temp name="T571"/><temp name="T1715"/><temp name="T1735"/></temps><temps name="out"><temp name="T1762"/><temp name="T1767"/><temp name="T1755"/><temp name="T1809"/><temp name="T1724"/><temp name="T1824"/><temp name="T1740"/><temp name="T555"/><temp name="T1813"/><temp name="T1772"/><temp name="T1764"/><temp name="T1720"/><temp name="T1728"/><temp name="T567"/><temp name="T1751"/><temp name="T24"/><temp name="T1778"/><temp name="T1819"/><temp name="T1747"/><temp name="T571"/><temp name="T1715"/><temp name="T1735"/></temps></instruction><instruction code="OR T572, T1764, 0"><temps name="use"><temp name="T1764"/></temps><temps name="def"><temp name="T572"/></temps><temps name="in"><temp name="T1762"/><temp name="T1767"/><temp name="T1755"/><temp name="T1809"/><temp name="T1724"/><temp name="T1824"/><temp name="T1740"/><temp name="T555"/><temp name="T1813"/><temp name="T1772"/><temp name="T1764"/><temp name="T1720"/><temp name="T1728"/><temp name="T567"/><temp name="T1751"/><temp name="T24"/><temp name="T1778"/><temp name="T1819"/><temp name="T1747"/><temp name="T571"/><temp name="T1715"/><temp name="T1735"/></temps><temps name="out"><temp name="T1762"/><temp name="T1767"/><temp name="T572"/><temp name="T1755"/><temp name="T1809"/><temp name="T1724"/><temp name="T1824"/><temp name="T1740"/><temp name="T555"/><temp name="T1813"/><temp name="T1772"/><temp name="T1720"/><temp name="T1728"/><temp name="T567"/><temp name="T1751"/><temp name="T24"/><temp name="T1778"/><temp name="T1819"/><temp name="T1747"/><temp name="T571"/><temp name="T1715"/><temp name="T1735"/></temps></instruction><instruction code="MUL T1765, T571, T572"><temps name="use"><temp name="T571"/><temp name="T572"/></temps><temps name="def"><temp name="T1765"/></temps><temps name="in"><temp name="T1762"/><temp name="T1767"/><temp name="T572"/><temp name="T1755"/><temp name="T1809"/><temp name="T1724"/><temp name="T1824"/><temp name="T1740"/><temp name="T555"/><temp name="T1813"/><temp name="T1772"/><temp name="T1720"/><temp name="T1728"/><temp name="T567"/><temp name="T1751"/><temp name="T24"/><temp name="T1778"/><temp name="T1819"/><temp name="T1747"/><temp name="T571"/><temp name="T1715"/><temp name="T1735"/></temps><temps name="out"><temp name="T1762"/><temp name="T1767"/><temp name="T1755"/><temp name="T1809"/><temp name="T1724"/><temp name="T1824"/><temp name="T1740"/><temp name="T555"/><temp name="T1813"/><temp name="T1772"/><temp name="T1720"/><temp name="T1728"/><temp name="T567"/><temp name="T1751"/><temp name="T1765"/><temp name="T24"/><temp name="T1778"/><temp name="T1819"/><temp name="T1747"/><temp name="T1715"/><temp name="T1735"/></temps></instruction><instruction code="OR T573, T1765, 0"><temps name="use"><temp name="T1765"/></temps><temps name="def"><temp name="T573"/></temps><temps name="in"><temp name="T1762"/><temp name="T1767"/><temp name="T1755"/><temp name="T1809"/><temp name="T1724"/><temp name="T1824"/><temp name="T1740"/><temp name="T555"/><temp name="T1813"/><temp name="T1772"/><temp name="T1720"/><temp name="T1728"/><temp name="T567"/><temp name="T1751"/><temp name="T1765"/><temp name="T24"/><temp name="T1778"/><temp name="T1819"/><temp name="T1747"/><temp name="T1715"/><temp name="T1735"/></temps><temps name="out"><temp name="T1762"/><temp name="T1767"/><temp name="T1755"/><temp name="T1809"/><temp name="T1724"/><temp name="T1824"/><temp name="T1740"/><temp name="T555"/><temp name="T1813"/><temp name="T1772"/><temp name="T1720"/><temp name="T1728"/><temp name="T567"/><temp name="T1751"/><temp name="T24"/><temp name="T1778"/><temp name="T1819"/><temp name="T1747"/><temp name="T573"/><temp name="T1715"/><temp name="T1735"/></temps></instruction><instruction code="ADD T1766, T567, T573"><temps name="use"><temp name="T567"/><temp name="T573"/></temps><temps name="def"><temp name="T1766"/></temps><temps name="in"><temp name="T1762"/><temp name="T1767"/><temp name="T1755"/><temp name="T1809"/><temp name="T1724"/><temp name="T1824"/><temp name="T1740"/><temp name="T555"/><temp name="T1813"/><temp name="T1772"/><temp name="T1720"/><temp name="T1728"/><temp name="T567"/><temp name="T1751"/><temp name="T24"/><temp name="T1778"/><temp name="T1819"/><temp name="T1747"/><temp name="T573"/><temp name="T1715"/><temp name="T1735"/></temps><temps name="out"><temp name="T1762"/><temp name="T1767"/><temp name="T1755"/><temp name="T1809"/><temp name="T1724"/><temp name="T1824"/><temp name="T1740"/><temp name="T555"/><temp name="T1813"/><temp name="T1772"/><temp name="T1720"/><temp name="T1728"/><temp name="T1766"/><temp name="T1751"/><temp name="T24"/><temp name="T1778"/><temp name="T1819"/><temp name="T1747"/><temp name="T1715"/><temp name="T1735"/></temps></instruction><instruction code="OR T574, T1766, 0"><temps name="use"><temp name="T1766"/></temps><temps name="def"><temp name="T574"/></temps><temps name="in"><temp name="T1762"/><temp name="T1767"/><temp name="T1755"/><temp name="T1809"/><temp name="T1724"/><temp name="T1824"/><temp name="T1740"/><temp name="T555"/><temp name="T1813"/><temp name="T1772"/><temp name="T1720"/><temp name="T1728"/><temp name="T1766"/><temp name="T1751"/><temp name="T24"/><temp name="T1778"/><temp name="T1819"/><temp name="T1747"/><temp name="T1715"/><temp name="T1735"/></temps><temps name="out"><temp name="T1762"/><temp name="T1767"/><temp name="T1755"/><temp name="T1809"/><temp name="T1724"/><temp name="T1824"/><temp name="T1740"/><temp name="T555"/><temp name="T1813"/><temp name="T1772"/><temp name="T1720"/><temp name="T1728"/><temp name="T1751"/><temp name="T24"/><temp name="T1778"/><temp name="T1819"/><temp name="T1747"/><temp name="T1715"/><temp name="T1735"/></temps></instruction><instruction code="LDO T1768, T1767, 0"><temps name="use"><temp name="T1767"/></temps><temps name="def"><temp name="T1768"/></temps><temps name="in"><temp name="T1762"/><temp name="T1767"/><temp name="T1755"/><temp name="T1809"/><temp name="T1724"/><temp name="T1824"/><temp name="T1740"/><temp name="T555"/><temp name="T1813"/><temp name="T1772"/><temp name="T1720"/><temp name="T1728"/><temp name="T1751"/><temp name="T24"/><temp name="T1778"/><temp name="T1819"/><temp name="T1747"/><temp name="T1715"/><temp name="T1735"/></temps><temps name="out"><temp name="T1762"/><temp name="T1767"/><temp name="T1755"/><temp name="T1809"/><temp name="T1724"/><temp name="T1824"/><temp name="T1740"/><temp name="T555"/><temp name="T1813"/><temp name="T1772"/><temp name="T1720"/><temp name="T1728"/><temp name="T1751"/><temp name="T24"/><temp name="T1768"/><temp name="T1778"/><temp name="T1819"/><temp name="T1747"/><temp name="T1715"/><temp name="T1735"/></temps></instruction><instruction code="OR T575, T1768, 0"><temps name="use"><temp name="T1768"/></temps><temps name="def"><temp name="T575"/></temps><temps name="in"><temp name="T1762"/><temp name="T1767"/><temp name="T1755"/><temp name="T1809"/><temp name="T1724"/><temp name="T1824"/><temp name="T1740"/><temp name="T555"/><temp name="T1813"/><temp name="T1772"/><temp name="T1720"/><temp name="T1728"/><temp name="T1751"/><temp name="T24"/><temp name="T1768"/><temp name="T1778"/><temp name="T1819"/><temp name="T1747"/><temp name="T1715"/><temp name="T1735"/></temps><temps name="out"><temp name="T1762"/><temp name="T1767"/><temp name="T1755"/><temp name="T575"/><temp name="T1809"/><temp name="T1724"/><temp name="T1824"/><temp name="T1740"/><temp name="T555"/><temp name="T1813"/><temp name="T1772"/><temp name="T1720"/><temp name="T1728"/><temp name="T1751"/><temp name="T24"/><temp name="T1778"/><temp name="T1819"/><temp name="T1747"/><temp name="T1715"/><temp name="T1735"/></temps></instruction><instruction code="SETL  T1769, 8"><temps name="use"/><temps name="def"><temp name="T1769"/></temps><temps name="in"><temp name="T1762"/><temp name="T1767"/><temp name="T1755"/><temp name="T575"/><temp name="T1809"/><temp name="T1724"/><temp name="T1824"/><temp name="T1740"/><temp name="T555"/><temp name="T1813"/><temp name="T1772"/><temp name="T1720"/><temp name="T1728"/><temp name="T1751"/><temp name="T24"/><temp name="T1778"/><temp name="T1819"/><temp name="T1747"/><temp name="T1715"/><temp name="T1735"/></temps><temps name="out"><temp name="T1762"/><temp name="T1767"/><temp name="T1755"/><temp name="T575"/><temp name="T1809"/><temp name="T1724"/><temp name="T1824"/><temp name="T1740"/><temp name="T555"/><temp name="T1813"/><temp name="T1772"/><temp name="T1720"/><temp name="T1728"/><temp name="T1751"/><temp name="T24"/><temp name="T1778"/><temp name="T1819"/><temp name="T1747"/><temp name="T1715"/><temp name="T1735"/></temps></instruction><instruction code="INCML T1769, 0"><temps name="use"/><temps name="def"><temp name="T1769"/></temps><temps name="in"><temp name="T1762"/><temp name="T1767"/><temp name="T1755"/><temp name="T575"/><temp name="T1809"/><temp name="T1724"/><temp name="T1824"/><temp name="T1740"/><temp name="T555"/><temp name="T1813"/><temp name="T1772"/><temp name="T1720"/><temp name="T1728"/><temp name="T1751"/><temp name="T24"/><temp name="T1778"/><temp name="T1819"/><temp name="T1747"/><temp name="T1715"/><temp name="T1735"/></temps><temps name="out"><temp name="T1762"/><temp name="T1767"/><temp name="T1755"/><temp name="T575"/><temp name="T1809"/><temp name="T1724"/><temp name="T1824"/><temp name="T1740"/><temp name="T555"/><temp name="T1813"/><temp name="T1772"/><temp name="T1720"/><temp name="T1728"/><temp name="T1751"/><temp name="T24"/><temp name="T1778"/><temp name="T1819"/><temp name="T1747"/><temp name="T1715"/><temp name="T1735"/></temps></instruction><instruction code="INCMH T1769, 0"><temps name="use"/><temps name="def"><temp name="T1769"/></temps><temps name="in"><temp name="T1762"/><temp name="T1767"/><temp name="T1755"/><temp name="T575"/><temp name="T1809"/><temp name="T1724"/><temp name="T1824"/><temp name="T1740"/><temp name="T555"/><temp name="T1813"/><temp name="T1772"/><temp name="T1720"/><temp name="T1728"/><temp name="T1751"/><temp name="T24"/><temp name="T1778"/><temp name="T1819"/><temp name="T1747"/><temp name="T1715"/><temp name="T1735"/></temps><temps name="out"><temp name="T1762"/><temp name="T1767"/><temp name="T1755"/><temp name="T575"/><temp name="T1809"/><temp name="T1724"/><temp name="T1824"/><temp name="T1740"/><temp name="T555"/><temp name="T1813"/><temp name="T1772"/><temp name="T1720"/><temp name="T1728"/><temp name="T1751"/><temp name="T24"/><temp name="T1778"/><temp name="T1819"/><temp name="T1747"/><temp name="T1715"/><temp name="T1735"/></temps></instruction><instruction code="INCH  T1769, 0"><temps name="use"/><temps name="def"><temp name="T1769"/></temps><temps name="in"><temp name="T1762"/><temp name="T1767"/><temp name="T1755"/><temp name="T575"/><temp name="T1809"/><temp name="T1724"/><temp name="T1824"/><temp name="T1740"/><temp name="T555"/><temp name="T1813"/><temp name="T1772"/><temp name="T1720"/><temp name="T1728"/><temp name="T1751"/><temp name="T24"/><temp name="T1778"/><temp name="T1819"/><temp name="T1747"/><temp name="T1715"/><temp name="T1735"/></temps><temps name="out"><temp name="T1762"/><temp name="T1767"/><temp name="T1755"/><temp name="T575"/><temp name="T1809"/><temp name="T1724"/><temp name="T1824"/><temp name="T1740"/><temp name="T555"/><temp name="T1813"/><temp name="T1772"/><temp name="T1769"/><temp name="T1720"/><temp name="T1728"/><temp name="T1751"/><temp name="T24"/><temp name="T1778"/><temp name="T1819"/><temp name="T1747"/><temp name="T1715"/><temp name="T1735"/></temps></instruction><instruction code="OR T576, T1769, 0"><temps name="use"><temp name="T1769"/></temps><temps name="def"><temp name="T576"/></temps><temps name="in"><temp name="T1762"/><temp name="T1767"/><temp name="T1755"/><temp name="T575"/><temp name="T1809"/><temp name="T1724"/><temp name="T1824"/><temp name="T1740"/><temp name="T555"/><temp name="T1813"/><temp name="T1772"/><temp name="T1769"/><temp name="T1720"/><temp name="T1728"/><temp name="T1751"/><temp name="T24"/><temp name="T1778"/><temp name="T1819"/><temp name="T1747"/><temp name="T1715"/><temp name="T1735"/></temps><temps name="out"><temp name="T1762"/><temp name="T1767"/><temp name="T576"/><temp name="T1755"/><temp name="T575"/><temp name="T1809"/><temp name="T1724"/><temp name="T1824"/><temp name="T1740"/><temp name="T555"/><temp name="T1813"/><temp name="T1772"/><temp name="T1720"/><temp name="T1728"/><temp name="T1751"/><temp name="T24"/><temp name="T1778"/><temp name="T1819"/><temp name="T1747"/><temp name="T1715"/><temp name="T1735"/></temps></instruction><instruction code="MUL T1770, T575, T576"><temps name="use"><temp name="T575"/><temp name="T576"/></temps><temps name="def"><temp name="T1770"/></temps><temps name="in"><temp name="T1762"/><temp name="T1767"/><temp name="T576"/><temp name="T1755"/><temp name="T575"/><temp name="T1809"/><temp name="T1724"/><temp name="T1824"/><temp name="T1740"/><temp name="T555"/><temp name="T1813"/><temp name="T1772"/><temp name="T1720"/><temp name="T1728"/><temp name="T1751"/><temp name="T24"/><temp name="T1778"/><temp name="T1819"/><temp name="T1747"/><temp name="T1715"/><temp name="T1735"/></temps><temps name="out"><temp name="T1762"/><temp name="T1767"/><temp name="T1755"/><temp name="T1809"/><temp name="T1724"/><temp name="T1824"/><temp name="T1740"/><temp name="T555"/><temp name="T1813"/><temp name="T1772"/><temp name="T1720"/><temp name="T1728"/><temp name="T1751"/><temp name="T24"/><temp name="T1778"/><temp name="T1819"/><temp name="T1747"/><temp name="T1770"/><temp name="T1715"/><temp name="T1735"/></temps></instruction><instruction code="OR T577, T1770, 0"><temps name="use"><temp name="T1770"/></temps><temps name="def"><temp name="T577"/></temps><temps name="in"><temp name="T1762"/><temp name="T1767"/><temp name="T1755"/><temp name="T1809"/><temp name="T1724"/><temp name="T1824"/><temp name="T1740"/><temp name="T555"/><temp name="T1813"/><temp name="T1772"/><temp name="T1720"/><temp name="T1728"/><temp name="T1751"/><temp name="T24"/><temp name="T1778"/><temp name="T1819"/><temp name="T1747"/><temp name="T1770"/><temp name="T1715"/><temp name="T1735"/></temps><temps name="out"><temp name="T1762"/><temp name="T1767"/><temp name="T1755"/><temp name="T1809"/><temp name="T1724"/><temp name="T1824"/><temp name="T1740"/><temp name="T555"/><temp name="T577"/><temp name="T1813"/><temp name="T1772"/><temp name="T1720"/><temp name="T1728"/><temp name="T1751"/><temp name="T24"/><temp name="T1778"/><temp name="T1819"/><temp name="T1747"/><temp name="T1715"/><temp name="T1735"/></temps></instruction><instruction code="ADD T1771, T555, T577"><temps name="use"><temp name="T555"/><temp name="T577"/></temps><temps name="def"><temp name="T1771"/></temps><temps name="in"><temp name="T1762"/><temp name="T1767"/><temp name="T1755"/><temp name="T1809"/><temp name="T1724"/><temp name="T1824"/><temp name="T1740"/><temp name="T555"/><temp name="T577"/><temp name="T1813"/><temp name="T1772"/><temp name="T1720"/><temp name="T1728"/><temp name="T1751"/><temp name="T24"/><temp name="T1778"/><temp name="T1819"/><temp name="T1747"/><temp name="T1715"/><temp name="T1735"/></temps><temps name="out"><temp name="T1771"/><temp name="T1762"/><temp name="T1767"/><temp name="T1755"/><temp name="T1809"/><temp name="T1724"/><temp name="T1824"/><temp name="T1740"/><temp name="T1813"/><temp name="T1772"/><temp name="T1720"/><temp name="T1728"/><temp name="T1751"/><temp name="T24"/><temp name="T1778"/><temp name="T1819"/><temp name="T1747"/><temp name="T1715"/><temp name="T1735"/></temps></instruction><instruction code="OR T578, T1771, 0"><temps name="use"><temp name="T1771"/></temps><temps name="def"><temp name="T578"/></temps><temps name="in"><temp name="T1771"/><temp name="T1762"/><temp name="T1767"/><temp name="T1755"/><temp name="T1809"/><temp name="T1724"/><temp name="T1824"/><temp name="T1740"/><temp name="T1813"/><temp name="T1772"/><temp name="T1720"/><temp name="T1728"/><temp name="T1751"/><temp name="T24"/><temp name="T1778"/><temp name="T1819"/><temp name="T1747"/><temp name="T1715"/><temp name="T1735"/></temps><temps name="out"><temp name="T1762"/><temp name="T1767"/><temp name="T1755"/><temp name="T1809"/><temp name="T1724"/><temp name="T1824"/><temp name="T1740"/><temp name="T1813"/><temp name="T1772"/><temp name="T1720"/><temp name="T1728"/><temp name="T1751"/><temp name="T24"/><temp name="T1778"/><temp name="T1819"/><temp name="T1747"/><temp name="T1715"/><temp name="T1735"/></temps></instruction><instruction code="LDO T1773, T1772, 0"><temps name="use"><temp name="T1772"/></temps><temps name="def"><temp name="T1773"/></temps><temps name="in"><temp name="T1762"/><temp name="T1767"/><temp name="T1755"/><temp name="T1809"/><temp name="T1724"/><temp name="T1824"/><temp name="T1740"/><temp name="T1813"/><temp name="T1772"/><temp name="T1720"/><temp name="T1728"/><temp name="T1751"/><temp name="T24"/><temp name="T1778"/><temp name="T1819"/><temp name="T1747"/><temp name="T1715"/><temp name="T1735"/></temps><temps name="out"><temp name="T1762"/><temp name="T1767"/><temp name="T1755"/><temp name="T1809"/><temp name="T1724"/><temp name="T1824"/><temp name="T1740"/><temp name="T1813"/><temp name="T1773"/><temp name="T1772"/><temp name="T1720"/><temp name="T1728"/><temp name="T1751"/><temp name="T24"/><temp name="T1778"/><temp name="T1819"/><temp name="T1747"/><temp name="T1715"/><temp name="T1735"/></temps></instruction><instruction code="OR T579, T1773, 0"><temps name="use"><temp name="T1773"/></temps><temps name="def"><temp name="T579"/></temps><temps name="in"><temp name="T1762"/><temp name="T1767"/><temp name="T1755"/><temp name="T1809"/><temp name="T1724"/><temp name="T1824"/><temp name="T1740"/><temp name="T1813"/><temp name="T1773"/><temp name="T1772"/><temp name="T1720"/><temp name="T1728"/><temp name="T1751"/><temp name="T24"/><temp name="T1778"/><temp name="T1819"/><temp name="T1747"/><temp name="T1715"/><temp name="T1735"/></temps><temps name="out"><temp name="T1762"/><temp name="T1767"/><temp name="T1755"/><temp name="T1809"/><temp name="T1724"/><temp name="T1824"/><temp name="T1740"/><temp name="T579"/><temp name="T1813"/><temp name="T1772"/><temp name="T1720"/><temp name="T1728"/><temp name="T1751"/><temp name="T24"/><temp name="T1778"/><temp name="T1819"/><temp name="T1747"/><temp name="T1715"/><temp name="T1735"/></temps></instruction><instruction code="BNZ T579, L64"><temps name="use"><temp name="T579"/></temps><temps name="def"/><temps name="in"><temp name="T1762"/><temp name="T1767"/><temp name="T1755"/><temp name="T1809"/><temp name="T1724"/><temp name="T1824"/><temp name="T1740"/><temp name="T579"/><temp name="T1813"/><temp name="T1772"/><temp name="T1720"/><temp name="T1728"/><temp name="T1751"/><temp name="T24"/><temp name="T1778"/><temp name="T1819"/><temp name="T1747"/><temp name="T1715"/><temp name="T1735"/></temps><temps name="out"><temp name="T1762"/><temp name="T1767"/><temp name="T1755"/><temp name="T1809"/><temp name="T1724"/><temp name="T1824"/><temp name="T1740"/><temp name="T1813"/><temp name="T1772"/><temp name="T1720"/><temp name="T1728"/><temp name="T1751"/><temp name="T24"/><temp name="T1778"/><temp name="T1819"/><temp name="T1747"/><temp name="T1715"/><temp name="T1735"/></temps></instruction><instruction code="L140"><temps name="use"/><temps name="def"/><temps name="in"><temp name="T1762"/><temp name="T1767"/><temp name="T1755"/><temp name="T1809"/><temp name="T1724"/><temp name="T1824"/><temp name="T1740"/><temp name="T1813"/><temp name="T1772"/><temp name="T1720"/><temp name="T1728"/><temp name="T1751"/><temp name="T24"/><temp name="T1778"/><temp name="T1819"/><temp name="T1747"/><temp name="T1715"/><temp name="T1735"/></temps><temps name="out"><temp name="T1762"/><temp name="T1767"/><temp name="T1755"/><temp name="T1809"/><temp name="T1724"/><temp name="T1824"/><temp name="T1740"/><temp name="T1813"/><temp name="T1772"/><temp name="T1720"/><temp name="T1728"/><temp name="T1751"/><temp name="T24"/><temp name="T1778"/><temp name="T1819"/><temp name="T1747"/><temp name="T1715"/><temp name="T1735"/></temps></instruction><instruction code="LDA T1774, L65"><temps name="use"/><temps name="def"><temp name="T1774"/></temps><temps name="in"><temp name="T1762"/><temp name="T1767"/><temp name="T1755"/><temp name="T1809"/><temp name="T1724"/><temp name="T1824"/><temp name="T1740"/><temp name="T1813"/><temp name="T1772"/><temp name="T1720"/><temp name="T1728"/><temp name="T1751"/><temp name="T24"/><temp name="T1778"/><temp name="T1819"/><temp name="T1747"/><temp name="T1715"/><temp name="T1735"/></temps><temps name="out"><temp name="T1762"/><temp name="T1767"/><temp name="T1755"/><temp name="T1774"/><temp name="T1809"/><temp name="T1724"/><temp name="T1824"/><temp name="T1740"/><temp name="T1813"/><temp name="T1772"/><temp name="T1720"/><temp name="T1728"/><temp name="T1751"/><temp name="T24"/><temp name="T1778"/><temp name="T1819"/><temp name="T1747"/><temp name="T1715"/><temp name="T1735"/></temps></instruction><instruction code="GO T1774, T1774, 0"><temps name="use"><temp name="T1774"/></temps><temps name="def"><temp name="T1774"/></temps><temps name="in"><temp name="T1762"/><temp name="T1767"/><temp name="T1755"/><temp name="T1774"/><temp name="T1809"/><temp name="T1724"/><temp name="T1824"/><temp name="T1740"/><temp name="T1813"/><temp name="T1772"/><temp name="T1720"/><temp name="T1728"/><temp name="T1751"/><temp name="T24"/><temp name="T1778"/><temp name="T1819"/><temp name="T1747"/><temp name="T1715"/><temp name="T1735"/></temps><temps name="out"><temp name="T1762"/><temp name="T1767"/><temp name="T1755"/><temp name="T1809"/><temp name="T1724"/><temp name="T1824"/><temp name="T1740"/><temp name="T1813"/><temp name="T1772"/><temp name="T1720"/><temp name="T1728"/><temp name="T1751"/><temp name="T24"/><temp name="T1778"/><temp name="T1819"/><temp name="T1747"/><temp name="T1715"/><temp name="T1735"/></temps></instruction><instruction code="L64"><temps name="use"/><temps name="def"/><temps name="in"><temp name="T1762"/><temp name="T1767"/><temp name="T1755"/><temp name="T1809"/><temp name="T1724"/><temp name="T1824"/><temp name="T1740"/><temp name="T1813"/><temp name="T1772"/><temp name="T1720"/><temp name="T1728"/><temp name="T1751"/><temp name="T24"/><temp name="T1778"/><temp name="T1819"/><temp name="T1747"/><temp name="T1715"/><temp name="T1735"/></temps><temps name="out"><temp name="T1762"/><temp name="T1767"/><temp name="T1755"/><temp name="T1809"/><temp name="T1724"/><temp name="T1824"/><temp name="T1740"/><temp name="T1813"/><temp name="T1772"/><temp name="T1720"/><temp name="T1728"/><temp name="T1751"/><temp name="T24"/><temp name="T1778"/><temp name="T1819"/><temp name="T1747"/><temp name="T1715"/><temp name="T1735"/></temps></instruction><instruction code="SETL  T1775, 0"><temps name="use"/><temps name="def"><temp name="T1775"/></temps><temps name="in"><temp name="T1762"/><temp name="T1767"/><temp name="T1755"/><temp name="T1809"/><temp name="T1724"/><temp name="T1824"/><temp name="T1740"/><temp name="T1813"/><temp name="T1772"/><temp name="T1720"/><temp name="T1728"/><temp name="T1751"/><temp name="T24"/><temp name="T1778"/><temp name="T1819"/><temp name="T1747"/><temp name="T1715"/><temp name="T1735"/></temps><temps name="out"><temp name="T1762"/><temp name="T1767"/><temp name="T1755"/><temp name="T1809"/><temp name="T1724"/><temp name="T1824"/><temp name="T1740"/><temp name="T1813"/><temp name="T1772"/><temp name="T1720"/><temp name="T1728"/><temp name="T1751"/><temp name="T24"/><temp name="T1778"/><temp name="T1819"/><temp name="T1747"/><temp name="T1715"/><temp name="T1735"/></temps></instruction><instruction code="INCML T1775, 0"><temps name="use"/><temps name="def"><temp name="T1775"/></temps><temps name="in"><temp name="T1762"/><temp name="T1767"/><temp name="T1755"/><temp name="T1809"/><temp name="T1724"/><temp name="T1824"/><temp name="T1740"/><temp name="T1813"/><temp name="T1772"/><temp name="T1720"/><temp name="T1728"/><temp name="T1751"/><temp name="T24"/><temp name="T1778"/><temp name="T1819"/><temp name="T1747"/><temp name="T1715"/><temp name="T1735"/></temps><temps name="out"><temp name="T1762"/><temp name="T1767"/><temp name="T1755"/><temp name="T1809"/><temp name="T1724"/><temp name="T1824"/><temp name="T1740"/><temp name="T1813"/><temp name="T1772"/><temp name="T1720"/><temp name="T1728"/><temp name="T1751"/><temp name="T24"/><temp name="T1778"/><temp name="T1819"/><temp name="T1747"/><temp name="T1715"/><temp name="T1735"/></temps></instruction><instruction code="INCMH T1775, 0"><temps name="use"/><temps name="def"><temp name="T1775"/></temps><temps name="in"><temp name="T1762"/><temp name="T1767"/><temp name="T1755"/><temp name="T1809"/><temp name="T1724"/><temp name="T1824"/><temp name="T1740"/><temp name="T1813"/><temp name="T1772"/><temp name="T1720"/><temp name="T1728"/><temp name="T1751"/><temp name="T24"/><temp name="T1778"/><temp name="T1819"/><temp name="T1747"/><temp name="T1715"/><temp name="T1735"/></temps><temps name="out"><temp name="T1762"/><temp name="T1767"/><temp name="T1755"/><temp name="T1809"/><temp name="T1724"/><temp name="T1824"/><temp name="T1740"/><temp name="T1813"/><temp name="T1772"/><temp name="T1720"/><temp name="T1728"/><temp name="T1751"/><temp name="T24"/><temp name="T1778"/><temp name="T1819"/><temp name="T1747"/><temp name="T1715"/><temp name="T1735"/></temps></instruction><instruction code="INCH  T1775, 0"><temps name="use"/><temps name="def"><temp name="T1775"/></temps><temps name="in"><temp name="T1762"/><temp name="T1767"/><temp name="T1755"/><temp name="T1809"/><temp name="T1724"/><temp name="T1824"/><temp name="T1740"/><temp name="T1813"/><temp name="T1772"/><temp name="T1720"/><temp name="T1728"/><temp name="T1751"/><temp name="T24"/><temp name="T1778"/><temp name="T1819"/><temp name="T1747"/><temp name="T1715"/><temp name="T1735"/></temps><temps name="out"><temp name="T1762"/><temp name="T1767"/><temp name="T1755"/><temp name="T1775"/><temp name="T1809"/><temp name="T1724"/><temp name="T1824"/><temp name="T1740"/><temp name="T1813"/><temp name="T1772"/><temp name="T1720"/><temp name="T1728"/><temp name="T1751"/><temp name="T24"/><temp name="T1778"/><temp name="T1819"/><temp name="T1747"/><temp name="T1715"/><temp name="T1735"/></temps></instruction><instruction code="OR T580, T1775, 0"><temps name="use"><temp name="T1775"/></temps><temps name="def"><temp name="T580"/></temps><temps name="in"><temp name="T1762"/><temp name="T1767"/><temp name="T1755"/><temp name="T1775"/><temp name="T1809"/><temp name="T1724"/><temp name="T1824"/><temp name="T1740"/><temp name="T1813"/><temp name="T1772"/><temp name="T1720"/><temp name="T1728"/><temp name="T1751"/><temp name="T24"/><temp name="T1778"/><temp name="T1819"/><temp name="T1747"/><temp name="T1715"/><temp name="T1735"/></temps><temps name="out"><temp name="T1762"/><temp name="T1767"/><temp name="T1755"/><temp name="T1809"/><temp name="T1724"/><temp name="T1824"/><temp name="T1740"/><temp name="T580"/><temp name="T1813"/><temp name="T1772"/><temp name="T1720"/><temp name="T1728"/><temp name="T1751"/><temp name="T24"/><temp name="T1778"/><temp name="T1819"/><temp name="T1747"/><temp name="T1715"/><temp name="T1735"/></temps></instruction><instruction code="LDO T1779, T1778, 0"><temps name="use"><temp name="T1778"/></temps><temps name="def"><temp name="T1779"/></temps><temps name="in"><temp name="T1762"/><temp name="T1767"/><temp name="T1755"/><temp name="T1809"/><temp name="T1724"/><temp name="T1824"/><temp name="T1740"/><temp name="T580"/><temp name="T1813"/><temp name="T1772"/><temp name="T1720"/><temp name="T1728"/><temp name="T1751"/><temp name="T24"/><temp name="T1778"/><temp name="T1819"/><temp name="T1747"/><temp name="T1715"/><temp name="T1735"/></temps><temps name="out"><temp name="T1762"/><temp name="T1767"/><temp name="T1755"/><temp name="T1809"/><temp name="T1724"/><temp name="T1824"/><temp name="T1740"/><temp name="T580"/><temp name="T1813"/><temp name="T1772"/><temp name="T1720"/><temp name="T1728"/><temp name="T1751"/><temp name="T24"/><temp name="T1819"/><temp name="T1747"/><temp name="T1778"/><temp name="T1779"/><temp name="T1715"/><temp name="T1735"/></temps></instruction><instruction code="STO T1779, T580, 0"><temps name="use"><temp name="T1779"/><temp name="T580"/></temps><temps name="def"/><temps name="in"><temp name="T1762"/><temp name="T1767"/><temp name="T1755"/><temp name="T1809"/><temp name="T1724"/><temp name="T1824"/><temp name="T1740"/><temp name="T580"/><temp name="T1813"/><temp name="T1772"/><temp name="T1720"/><temp name="T1728"/><temp name="T1751"/><temp name="T24"/><temp name="T1819"/><temp name="T1747"/><temp name="T1778"/><temp name="T1779"/><temp name="T1715"/><temp name="T1735"/></temps><temps name="out"><temp name="T1762"/><temp name="T1767"/><temp name="T1755"/><temp name="T1809"/><temp name="T1724"/><temp name="T1824"/><temp name="T1740"/><temp name="T1813"/><temp name="T1772"/><temp name="T1720"/><temp name="T1728"/><temp name="T1751"/><temp name="T24"/><temp name="T1819"/><temp name="T1747"/><temp name="T1778"/><temp name="T1715"/><temp name="T1735"/></temps></instruction><instruction code="LDA T1780, L66"><temps name="use"/><temps name="def"><temp name="T1780"/></temps><temps name="in"><temp name="T1762"/><temp name="T1767"/><temp name="T1755"/><temp name="T1809"/><temp name="T1724"/><temp name="T1824"/><temp name="T1740"/><temp name="T1813"/><temp name="T1772"/><temp name="T1720"/><temp name="T1728"/><temp name="T1751"/><temp name="T24"/><temp name="T1819"/><temp name="T1747"/><temp name="T1778"/><temp name="T1715"/><temp name="T1735"/></temps><temps name="out"><temp name="T1762"/><temp name="T1780"/><temp name="T1767"/><temp name="T1755"/><temp name="T1809"/><temp name="T1724"/><temp name="T1824"/><temp name="T1740"/><temp name="T1813"/><temp name="T1772"/><temp name="T1720"/><temp name="T1728"/><temp name="T1751"/><temp name="T24"/><temp name="T1819"/><temp name="T1747"/><temp name="T1778"/><temp name="T1715"/><temp name="T1735"/></temps></instruction><instruction code="GO T1780, T1780, 0"><temps name="use"><temp name="T1780"/></temps><temps name="def"><temp name="T1780"/></temps><temps name="in"><temp name="T1762"/><temp name="T1780"/><temp name="T1767"/><temp name="T1755"/><temp name="T1809"/><temp name="T1724"/><temp name="T1824"/><temp name="T1740"/><temp name="T1813"/><temp name="T1772"/><temp name="T1720"/><temp name="T1728"/><temp name="T1751"/><temp name="T24"/><temp name="T1819"/><temp name="T1747"/><temp name="T1778"/><temp name="T1715"/><temp name="T1735"/></temps><temps name="out"><temp name="T1762"/><temp name="T1767"/><temp name="T1755"/><temp name="T1809"/><temp name="T1724"/><temp name="T1824"/><temp name="T1740"/><temp name="T1813"/><temp name="T1772"/><temp name="T1720"/><temp name="T1728"/><temp name="T1751"/><temp name="T24"/><temp name="T1819"/><temp name="T1747"/><temp name="T1778"/><temp name="T1715"/><temp name="T1735"/></temps></instruction><instruction code="L65"><temps name="use"/><temps name="def"/><temps name="in"><temp name="T1762"/><temp name="T1767"/><temp name="T1755"/><temp name="T1809"/><temp name="T1724"/><temp name="T1824"/><temp name="T1740"/><temp name="T1813"/><temp name="T1772"/><temp name="T1720"/><temp name="T1728"/><temp name="T1751"/><temp name="T24"/><temp name="T1819"/><temp name="T1747"/><temp name="T1778"/><temp name="T1715"/><temp name="T1735"/></temps><temps name="out"><temp name="T1762"/><temp name="T1767"/><temp name="T1755"/><temp name="T1809"/><temp name="T1724"/><temp name="T1824"/><temp name="T1740"/><temp name="T1813"/><temp name="T1772"/><temp name="T1720"/><temp name="T1728"/><temp name="T1751"/><temp name="T24"/><temp name="T1819"/><temp name="T1747"/><temp name="T1778"/><temp name="T1715"/><temp name="T1735"/></temps></instruction><instruction code="SETL  T1781, 1"><temps name="use"/><temps name="def"><temp name="T1781"/></temps><temps name="in"><temp name="T1762"/><temp name="T1767"/><temp name="T1755"/><temp name="T1809"/><temp name="T1724"/><temp name="T1824"/><temp name="T1740"/><temp name="T1813"/><temp name="T1772"/><temp name="T1720"/><temp name="T1728"/><temp name="T1751"/><temp name="T24"/><temp name="T1819"/><temp name="T1747"/><temp name="T1778"/><temp name="T1715"/><temp name="T1735"/></temps><temps name="out"><temp name="T1762"/><temp name="T1767"/><temp name="T1755"/><temp name="T1809"/><temp name="T1724"/><temp name="T1824"/><temp name="T1740"/><temp name="T1813"/><temp name="T1772"/><temp name="T1720"/><temp name="T1728"/><temp name="T1751"/><temp name="T24"/><temp name="T1819"/><temp name="T1747"/><temp name="T1778"/><temp name="T1715"/><temp name="T1735"/></temps></instruction><instruction code="INCML T1781, 0"><temps name="use"/><temps name="def"><temp name="T1781"/></temps><temps name="in"><temp name="T1762"/><temp name="T1767"/><temp name="T1755"/><temp name="T1809"/><temp name="T1724"/><temp name="T1824"/><temp name="T1740"/><temp name="T1813"/><temp name="T1772"/><temp name="T1720"/><temp name="T1728"/><temp name="T1751"/><temp name="T24"/><temp name="T1819"/><temp name="T1747"/><temp name="T1778"/><temp name="T1715"/><temp name="T1735"/></temps><temps name="out"><temp name="T1762"/><temp name="T1767"/><temp name="T1755"/><temp name="T1809"/><temp name="T1724"/><temp name="T1824"/><temp name="T1740"/><temp name="T1813"/><temp name="T1772"/><temp name="T1720"/><temp name="T1728"/><temp name="T1751"/><temp name="T24"/><temp name="T1819"/><temp name="T1747"/><temp name="T1778"/><temp name="T1715"/><temp name="T1735"/></temps></instruction><instruction code="INCMH T1781, 0"><temps name="use"/><temps name="def"><temp name="T1781"/></temps><temps name="in"><temp name="T1762"/><temp name="T1767"/><temp name="T1755"/><temp name="T1809"/><temp name="T1724"/><temp name="T1824"/><temp name="T1740"/><temp name="T1813"/><temp name="T1772"/><temp name="T1720"/><temp name="T1728"/><temp name="T1751"/><temp name="T24"/><temp name="T1819"/><temp name="T1747"/><temp name="T1778"/><temp name="T1715"/><temp name="T1735"/></temps><temps name="out"><temp name="T1762"/><temp name="T1767"/><temp name="T1755"/><temp name="T1809"/><temp name="T1724"/><temp name="T1824"/><temp name="T1740"/><temp name="T1813"/><temp name="T1772"/><temp name="T1720"/><temp name="T1728"/><temp name="T1751"/><temp name="T24"/><temp name="T1819"/><temp name="T1747"/><temp name="T1778"/><temp name="T1715"/><temp name="T1735"/></temps></instruction><instruction code="INCH  T1781, 0"><temps name="use"/><temps name="def"><temp name="T1781"/></temps><temps name="in"><temp name="T1762"/><temp name="T1767"/><temp name="T1755"/><temp name="T1809"/><temp name="T1724"/><temp name="T1824"/><temp name="T1740"/><temp name="T1813"/><temp name="T1772"/><temp name="T1720"/><temp name="T1728"/><temp name="T1751"/><temp name="T24"/><temp name="T1819"/><temp name="T1747"/><temp name="T1778"/><temp name="T1715"/><temp name="T1735"/></temps><temps name="out"><temp name="T1762"/><temp name="T1767"/><temp name="T1755"/><temp name="T1809"/><temp name="T1724"/><temp name="T1824"/><temp name="T1740"/><temp name="T1781"/><temp name="T1813"/><temp name="T1772"/><temp name="T1720"/><temp name="T1728"/><temp name="T1751"/><temp name="T24"/><temp name="T1819"/><temp name="T1747"/><temp name="T1778"/><temp name="T1715"/><temp name="T1735"/></temps></instruction><instruction code="OR T581, T1781, 0"><temps name="use"><temp name="T1781"/></temps><temps name="def"><temp name="T581"/></temps><temps name="in"><temp name="T1762"/><temp name="T1767"/><temp name="T1755"/><temp name="T1809"/><temp name="T1724"/><temp name="T1824"/><temp name="T1740"/><temp name="T1781"/><temp name="T1813"/><temp name="T1772"/><temp name="T1720"/><temp name="T1728"/><temp name="T1751"/><temp name="T24"/><temp name="T1819"/><temp name="T1747"/><temp name="T1778"/><temp name="T1715"/><temp name="T1735"/></temps><temps name="out"><temp name="T1762"/><temp name="T1767"/><temp name="T1755"/><temp name="T1809"/><temp name="T1724"/><temp name="T1824"/><temp name="T1740"/><temp name="T1813"/><temp name="T1772"/><temp name="T581"/><temp name="T1720"/><temp name="T1728"/><temp name="T1751"/><temp name="T24"/><temp name="T1819"/><temp name="T1747"/><temp name="T1778"/><temp name="T1715"/><temp name="T1735"/></temps></instruction><instruction code="LDO T1810, T1809, 0"><temps name="use"><temp name="T1809"/></temps><temps name="def"><temp name="T1810"/></temps><temps name="in"><temp name="T1762"/><temp name="T1767"/><temp name="T1755"/><temp name="T1809"/><temp name="T1724"/><temp name="T1824"/><temp name="T1740"/><temp name="T1813"/><temp name="T1772"/><temp name="T581"/><temp name="T1720"/><temp name="T1728"/><temp name="T1751"/><temp name="T24"/><temp name="T1819"/><temp name="T1747"/><temp name="T1778"/><temp name="T1715"/><temp name="T1735"/></temps><temps name="out"><temp name="T1762"/><temp name="T1767"/><temp name="T1755"/><temp name="T1724"/><temp name="T1809"/><temp name="T1824"/><temp name="T1740"/><temp name="T1810"/><temp name="T1813"/><temp name="T1772"/><temp name="T581"/><temp name="T1720"/><temp name="T1728"/><temp name="T1751"/><temp name="T24"/><temp name="T1819"/><temp name="T1747"/><temp name="T1778"/><temp name="T1715"/><temp name="T1735"/></temps></instruction><instruction code="STO T1810, T581, 0"><temps name="use"><temp name="T1810"/><temp name="T581"/></temps><temps name="def"/><temps name="in"><temp name="T1762"/><temp name="T1767"/><temp name="T1755"/><temp name="T1724"/><temp name="T1809"/><temp name="T1824"/><temp name="T1740"/><temp name="T1810"/><temp name="T1813"/><temp name="T1772"/><temp name="T581"/><temp name="T1720"/><temp name="T1728"/><temp name="T1751"/><temp name="T24"/><temp name="T1819"/><temp name="T1747"/><temp name="T1778"/><temp name="T1715"/><temp name="T1735"/></temps><temps name="out"><temp name="T1762"/><temp name="T1767"/><temp name="T1755"/><temp name="T1724"/><temp name="T1809"/><temp name="T1824"/><temp name="T1740"/><temp name="T1813"/><temp name="T1772"/><temp name="T1720"/><temp name="T1728"/><temp name="T1751"/><temp name="T24"/><temp name="T1819"/><temp name="T1747"/><temp name="T1778"/><temp name="T1715"/><temp name="T1735"/></temps></instruction><instruction code="L66"><temps name="use"/><temps name="def"/><temps name="in"><temp name="T1762"/><temp name="T1767"/><temp name="T1755"/><temp name="T1724"/><temp name="T1809"/><temp name="T1824"/><temp name="T1740"/><temp name="T1813"/><temp name="T1772"/><temp name="T1720"/><temp name="T1728"/><temp name="T1751"/><temp name="T24"/><temp name="T1819"/><temp name="T1747"/><temp name="T1778"/><temp name="T1715"/><temp name="T1735"/></temps><temps name="out"><temp name="T1762"/><temp name="T1767"/><temp name="T1755"/><temp name="T1724"/><temp name="T1809"/><temp name="T1824"/><temp name="T1740"/><temp name="T1813"/><temp name="T1772"/><temp name="T1720"/><temp name="T1728"/><temp name="T1751"/><temp name="T24"/><temp name="T1819"/><temp name="T1747"/><temp name="T1778"/><temp name="T1715"/><temp name="T1735"/></temps></instruction><instruction code="L68"><temps name="use"/><temps name="def"/><temps name="in"><temp name="T1762"/><temp name="T1767"/><temp name="T1755"/><temp name="T1724"/><temp name="T1809"/><temp name="T1824"/><temp name="T1740"/><temp name="T1813"/><temp name="T1772"/><temp name="T1720"/><temp name="T1728"/><temp name="T1751"/><temp name="T24"/><temp name="T1819"/><temp name="T1747"/><temp name="T1778"/><temp name="T1715"/><temp name="T1735"/></temps><temps name="out"><temp name="T1762"/><temp name="T1767"/><temp name="T1755"/><temp name="T1724"/><temp name="T1809"/><temp name="T1824"/><temp name="T1740"/><temp name="T1813"/><temp name="T1772"/><temp name="T1720"/><temp name="T1728"/><temp name="T1751"/><temp name="T24"/><temp name="T1819"/><temp name="T1747"/><temp name="T1778"/><temp name="T1715"/><temp name="T1735"/></temps></instruction><instruction code="OR T582, T24, 0"><temps name="use"><temp name="T24"/></temps><temps name="def"><temp name="T582"/></temps><temps name="in"><temp name="T1762"/><temp name="T1767"/><temp name="T1755"/><temp name="T1724"/><temp name="T1809"/><temp name="T1824"/><temp name="T1740"/><temp name="T1813"/><temp name="T1772"/><temp name="T1720"/><temp name="T1728"/><temp name="T1751"/><temp name="T24"/><temp name="T1819"/><temp name="T1747"/><temp name="T1778"/><temp name="T1715"/><temp name="T1735"/></temps><temps name="out"><temp name="T1762"/><temp name="T1767"/><temp name="T1755"/><temp name="T1724"/><temp name="T1809"/><temp name="T1824"/><temp name="T1740"/><temp name="T1813"/><temp name="T1772"/><temp name="T582"/><temp name="T1720"/><temp name="T1728"/><temp name="T1751"/><temp name="T24"/><temp name="T1819"/><temp name="T1747"/><temp name="T1778"/><temp name="T1715"/><temp name="T1735"/></temps></instruction><instruction code="SETL  T1811, 88"><temps name="use"/><temps name="def"><temp name="T1811"/></temps><temps name="in"><temp name="T1762"/><temp name="T1767"/><temp name="T1755"/><temp name="T1724"/><temp name="T1809"/><temp name="T1824"/><temp name="T1740"/><temp name="T1813"/><temp name="T1772"/><temp name="T582"/><temp name="T1720"/><temp name="T1728"/><temp name="T1751"/><temp name="T24"/><temp name="T1819"/><temp name="T1747"/><temp name="T1778"/><temp name="T1715"/><temp name="T1735"/></temps><temps name="out"><temp name="T1762"/><temp name="T1767"/><temp name="T1755"/><temp name="T1724"/><temp name="T1809"/><temp name="T1824"/><temp name="T1740"/><temp name="T1813"/><temp name="T1772"/><temp name="T582"/><temp name="T1720"/><temp name="T1728"/><temp name="T1751"/><temp name="T24"/><temp name="T1819"/><temp name="T1747"/><temp name="T1778"/><temp name="T1715"/><temp name="T1735"/></temps></instruction><instruction code="INCML T1811, 0"><temps name="use"/><temps name="def"><temp name="T1811"/></temps><temps name="in"><temp name="T1762"/><temp name="T1767"/><temp name="T1755"/><temp name="T1724"/><temp name="T1809"/><temp name="T1824"/><temp name="T1740"/><temp name="T1813"/><temp name="T1772"/><temp name="T582"/><temp name="T1720"/><temp name="T1728"/><temp name="T1751"/><temp name="T24"/><temp name="T1819"/><temp name="T1747"/><temp name="T1778"/><temp name="T1715"/><temp name="T1735"/></temps><temps name="out"><temp name="T1762"/><temp name="T1767"/><temp name="T1755"/><temp name="T1724"/><temp name="T1809"/><temp name="T1824"/><temp name="T1740"/><temp name="T1813"/><temp name="T1772"/><temp name="T582"/><temp name="T1720"/><temp name="T1728"/><temp name="T1751"/><temp name="T24"/><temp name="T1819"/><temp name="T1747"/><temp name="T1778"/><temp name="T1715"/><temp name="T1735"/></temps></instruction><instruction code="INCMH T1811, 0"><temps name="use"/><temps name="def"><temp name="T1811"/></temps><temps name="in"><temp name="T1762"/><temp name="T1767"/><temp name="T1755"/><temp name="T1724"/><temp name="T1809"/><temp name="T1824"/><temp name="T1740"/><temp name="T1813"/><temp name="T1772"/><temp name="T582"/><temp name="T1720"/><temp name="T1728"/><temp name="T1751"/><temp name="T24"/><temp name="T1819"/><temp name="T1747"/><temp name="T1778"/><temp name="T1715"/><temp name="T1735"/></temps><temps name="out"><temp name="T1762"/><temp name="T1767"/><temp name="T1755"/><temp name="T1724"/><temp name="T1809"/><temp name="T1824"/><temp name="T1740"/><temp name="T1813"/><temp name="T1772"/><temp name="T582"/><temp name="T1720"/><temp name="T1728"/><temp name="T1751"/><temp name="T24"/><temp name="T1819"/><temp name="T1747"/><temp name="T1778"/><temp name="T1715"/><temp name="T1735"/></temps></instruction><instruction code="INCH  T1811, 0"><temps name="use"/><temps name="def"><temp name="T1811"/></temps><temps name="in"><temp name="T1762"/><temp name="T1767"/><temp name="T1755"/><temp name="T1724"/><temp name="T1809"/><temp name="T1824"/><temp name="T1740"/><temp name="T1813"/><temp name="T1772"/><temp name="T582"/><temp name="T1720"/><temp name="T1728"/><temp name="T1751"/><temp name="T24"/><temp name="T1819"/><temp name="T1747"/><temp name="T1778"/><temp name="T1715"/><temp name="T1735"/></temps><temps name="out"><temp name="T1762"/><temp name="T1767"/><temp name="T1755"/><temp name="T1724"/><temp name="T1809"/><temp name="T1824"/><temp name="T1740"/><temp name="T1813"/><temp name="T1772"/><temp name="T582"/><temp name="T1720"/><temp name="T1728"/><temp name="T1751"/><temp name="T24"/><temp name="T1819"/><temp name="T1747"/><temp name="T1778"/><temp name="T1715"/><temp name="T1735"/><temp name="T1811"/></temps></instruction><instruction code="NEG T1811, 0, T1811"><temps name="use"><temp name="T1811"/></temps><temps name="def"><temp name="T1811"/></temps><temps name="in"><temp name="T1762"/><temp name="T1767"/><temp name="T1755"/><temp name="T1724"/><temp name="T1809"/><temp name="T1824"/><temp name="T1740"/><temp name="T1813"/><temp name="T1772"/><temp name="T582"/><temp name="T1720"/><temp name="T1728"/><temp name="T1751"/><temp name="T24"/><temp name="T1819"/><temp name="T1747"/><temp name="T1778"/><temp name="T1715"/><temp name="T1735"/><temp name="T1811"/></temps><temps name="out"><temp name="T1762"/><temp name="T1767"/><temp name="T1755"/><temp name="T1724"/><temp name="T1809"/><temp name="T1824"/><temp name="T1740"/><temp name="T1813"/><temp name="T1772"/><temp name="T582"/><temp name="T1720"/><temp name="T1728"/><temp name="T1751"/><temp name="T24"/><temp name="T1819"/><temp name="T1747"/><temp name="T1778"/><temp name="T1715"/><temp name="T1735"/><temp name="T1811"/></temps></instruction><instruction code="OR T583, T1811, 0"><temps name="use"><temp name="T1811"/></temps><temps name="def"><temp name="T583"/></temps><temps name="in"><temp name="T1762"/><temp name="T1767"/><temp name="T1755"/><temp name="T1724"/><temp name="T1809"/><temp name="T1824"/><temp name="T1740"/><temp name="T1813"/><temp name="T1772"/><temp name="T582"/><temp name="T1720"/><temp name="T1728"/><temp name="T1751"/><temp name="T24"/><temp name="T1819"/><temp name="T1747"/><temp name="T1778"/><temp name="T1715"/><temp name="T1735"/><temp name="T1811"/></temps><temps name="out"><temp name="T1762"/><temp name="T1767"/><temp name="T583"/><temp name="T1755"/><temp name="T1724"/><temp name="T1809"/><temp name="T1824"/><temp name="T1740"/><temp name="T1813"/><temp name="T1772"/><temp name="T582"/><temp name="T1720"/><temp name="T1728"/><temp name="T1751"/><temp name="T24"/><temp name="T1819"/><temp name="T1747"/><temp name="T1778"/><temp name="T1715"/><temp name="T1735"/></temps></instruction><instruction code="ADD T1812, T582, T583"><temps name="use"><temp name="T582"/><temp name="T583"/></temps><temps name="def"><temp name="T1812"/></temps><temps name="in"><temp name="T1762"/><temp name="T1767"/><temp name="T583"/><temp name="T1755"/><temp name="T1724"/><temp name="T1809"/><temp name="T1824"/><temp name="T1740"/><temp name="T1813"/><temp name="T1772"/><temp name="T582"/><temp name="T1720"/><temp name="T1728"/><temp name="T1751"/><temp name="T24"/><temp name="T1819"/><temp name="T1747"/><temp name="T1778"/><temp name="T1715"/><temp name="T1735"/></temps><temps name="out"><temp name="T1762"/><temp name="T1767"/><temp name="T1812"/><temp name="T1755"/><temp name="T1724"/><temp name="T1809"/><temp name="T1824"/><temp name="T1740"/><temp name="T1813"/><temp name="T1772"/><temp name="T1720"/><temp name="T1728"/><temp name="T1751"/><temp name="T24"/><temp name="T1819"/><temp name="T1747"/><temp name="T1778"/><temp name="T1715"/><temp name="T1735"/></temps></instruction><instruction code="OR T584, T1812, 0"><temps name="use"><temp name="T1812"/></temps><temps name="def"><temp name="T584"/></temps><temps name="in"><temp name="T1762"/><temp name="T1767"/><temp name="T1812"/><temp name="T1755"/><temp name="T1724"/><temp name="T1809"/><temp name="T1824"/><temp name="T1740"/><temp name="T1813"/><temp name="T1772"/><temp name="T1720"/><temp name="T1728"/><temp name="T1751"/><temp name="T24"/><temp name="T1819"/><temp name="T1747"/><temp name="T1778"/><temp name="T1715"/><temp name="T1735"/></temps><temps name="out"><temp name="T1762"/><temp name="T1767"/><temp name="T1755"/><temp name="T1724"/><temp name="T1809"/><temp name="T1824"/><temp name="T1740"/><temp name="T1813"/><temp name="T1772"/><temp name="T1720"/><temp name="T1728"/><temp name="T1751"/><temp name="T24"/><temp name="T1819"/><temp name="T1747"/><temp name="T1778"/><temp name="T1715"/><temp name="T1735"/></temps></instruction><instruction code="LDO T1814, T1813, 0"><temps name="use"><temp name="T1813"/></temps><temps name="def"><temp name="T1814"/></temps><temps name="in"><temp name="T1762"/><temp name="T1767"/><temp name="T1755"/><temp name="T1724"/><temp name="T1809"/><temp name="T1824"/><temp name="T1740"/><temp name="T1813"/><temp name="T1772"/><temp name="T1720"/><temp name="T1728"/><temp name="T1751"/><temp name="T24"/><temp name="T1819"/><temp name="T1747"/><temp name="T1778"/><temp name="T1715"/><temp name="T1735"/></temps><temps name="out"><temp name="T1762"/><temp name="T1767"/><temp name="T1755"/><temp name="T1724"/><temp name="T1809"/><temp name="T1824"/><temp name="T1740"/><temp name="T1813"/><temp name="T1772"/><temp name="T1720"/><temp name="T1728"/><temp name="T1751"/><temp name="T24"/><temp name="T1819"/><temp name="T1747"/><temp name="T1778"/><temp name="T1814"/><temp name="T1715"/><temp name="T1735"/></temps></instruction><instruction code="OR T585, T1814, 0"><temps name="use"><temp name="T1814"/></temps><temps name="def"><temp name="T585"/></temps><temps name="in"><temp name="T1762"/><temp name="T1767"/><temp name="T1755"/><temp name="T1724"/><temp name="T1809"/><temp name="T1824"/><temp name="T1740"/><temp name="T1813"/><temp name="T1772"/><temp name="T1720"/><temp name="T1728"/><temp name="T1751"/><temp name="T24"/><temp name="T1819"/><temp name="T1747"/><temp name="T1778"/><temp name="T1814"/><temp name="T1715"/><temp name="T1735"/></temps><temps name="out"><temp name="T1762"/><temp name="T1767"/><temp name="T1755"/><temp name="T1724"/><temp name="T1809"/><temp name="T1824"/><temp name="T1740"/><temp name="T1813"/><temp name="T1772"/><temp name="T585"/><temp name="T1720"/><temp name="T1728"/><temp name="T1751"/><temp name="T24"/><temp name="T1819"/><temp name="T1747"/><temp name="T1778"/><temp name="T1715"/><temp name="T1735"/></temps></instruction><instruction code="SETL  T1815, 1"><temps name="use"/><temps name="def"><temp name="T1815"/></temps><temps name="in"><temp name="T1762"/><temp name="T1767"/><temp name="T1755"/><temp name="T1724"/><temp name="T1809"/><temp name="T1824"/><temp name="T1740"/><temp name="T1813"/><temp name="T1772"/><temp name="T585"/><temp name="T1720"/><temp name="T1728"/><temp name="T1751"/><temp name="T24"/><temp name="T1819"/><temp name="T1747"/><temp name="T1778"/><temp name="T1715"/><temp name="T1735"/></temps><temps name="out"><temp name="T1762"/><temp name="T1767"/><temp name="T1755"/><temp name="T1724"/><temp name="T1809"/><temp name="T1824"/><temp name="T1740"/><temp name="T1813"/><temp name="T1772"/><temp name="T585"/><temp name="T1720"/><temp name="T1728"/><temp name="T1751"/><temp name="T24"/><temp name="T1819"/><temp name="T1747"/><temp name="T1778"/><temp name="T1715"/><temp name="T1735"/></temps></instruction><instruction code="INCML T1815, 0"><temps name="use"/><temps name="def"><temp name="T1815"/></temps><temps name="in"><temp name="T1762"/><temp name="T1767"/><temp name="T1755"/><temp name="T1724"/><temp name="T1809"/><temp name="T1824"/><temp name="T1740"/><temp name="T1813"/><temp name="T1772"/><temp name="T585"/><temp name="T1720"/><temp name="T1728"/><temp name="T1751"/><temp name="T24"/><temp name="T1819"/><temp name="T1747"/><temp name="T1778"/><temp name="T1715"/><temp name="T1735"/></temps><temps name="out"><temp name="T1762"/><temp name="T1767"/><temp name="T1755"/><temp name="T1724"/><temp name="T1809"/><temp name="T1824"/><temp name="T1740"/><temp name="T1813"/><temp name="T1772"/><temp name="T585"/><temp name="T1720"/><temp name="T1728"/><temp name="T1751"/><temp name="T24"/><temp name="T1819"/><temp name="T1747"/><temp name="T1778"/><temp name="T1715"/><temp name="T1735"/></temps></instruction><instruction code="INCMH T1815, 0"><temps name="use"/><temps name="def"><temp name="T1815"/></temps><temps name="in"><temp name="T1762"/><temp name="T1767"/><temp name="T1755"/><temp name="T1724"/><temp name="T1809"/><temp name="T1824"/><temp name="T1740"/><temp name="T1813"/><temp name="T1772"/><temp name="T585"/><temp name="T1720"/><temp name="T1728"/><temp name="T1751"/><temp name="T24"/><temp name="T1819"/><temp name="T1747"/><temp name="T1778"/><temp name="T1715"/><temp name="T1735"/></temps><temps name="out"><temp name="T1762"/><temp name="T1767"/><temp name="T1755"/><temp name="T1724"/><temp name="T1809"/><temp name="T1824"/><temp name="T1740"/><temp name="T1813"/><temp name="T1772"/><temp name="T585"/><temp name="T1720"/><temp name="T1728"/><temp name="T1751"/><temp name="T24"/><temp name="T1819"/><temp name="T1747"/><temp name="T1778"/><temp name="T1715"/><temp name="T1735"/></temps></instruction><instruction code="INCH  T1815, 0"><temps name="use"/><temps name="def"><temp name="T1815"/></temps><temps name="in"><temp name="T1762"/><temp name="T1767"/><temp name="T1755"/><temp name="T1724"/><temp name="T1809"/><temp name="T1824"/><temp name="T1740"/><temp name="T1813"/><temp name="T1772"/><temp name="T585"/><temp name="T1720"/><temp name="T1728"/><temp name="T1751"/><temp name="T24"/><temp name="T1819"/><temp name="T1747"/><temp name="T1778"/><temp name="T1715"/><temp name="T1735"/></temps><temps name="out"><temp name="T1762"/><temp name="T1815"/><temp name="T1767"/><temp name="T1755"/><temp name="T1724"/><temp name="T1809"/><temp name="T1824"/><temp name="T1740"/><temp name="T1813"/><temp name="T1772"/><temp name="T585"/><temp name="T1720"/><temp name="T1728"/><temp name="T1751"/><temp name="T24"/><temp name="T1819"/><temp name="T1747"/><temp name="T1778"/><temp name="T1715"/><temp name="T1735"/></temps></instruction><instruction code="OR T586, T1815, 0"><temps name="use"><temp name="T1815"/></temps><temps name="def"><temp name="T586"/></temps><temps name="in"><temp name="T1762"/><temp name="T1815"/><temp name="T1767"/><temp name="T1755"/><temp name="T1724"/><temp name="T1809"/><temp name="T1824"/><temp name="T1740"/><temp name="T1813"/><temp name="T1772"/><temp name="T585"/><temp name="T1720"/><temp name="T1728"/><temp name="T1751"/><temp name="T24"/><temp name="T1819"/><temp name="T1747"/><temp name="T1778"/><temp name="T1715"/><temp name="T1735"/></temps><temps name="out"><temp name="T1762"/><temp name="T1767"/><temp name="T1755"/><temp name="T1724"/><temp name="T1809"/><temp name="T1824"/><temp name="T1740"/><temp name="T1813"/><temp name="T586"/><temp name="T1772"/><temp name="T585"/><temp name="T1720"/><temp name="T1728"/><temp name="T1751"/><temp name="T24"/><temp name="T1819"/><temp name="T1747"/><temp name="T1778"/><temp name="T1715"/><temp name="T1735"/></temps></instruction><instruction code="ADD T1816, T585, T586"><temps name="use"><temp name="T585"/><temp name="T586"/></temps><temps name="def"><temp name="T1816"/></temps><temps name="in"><temp name="T1762"/><temp name="T1767"/><temp name="T1755"/><temp name="T1724"/><temp name="T1809"/><temp name="T1824"/><temp name="T1740"/><temp name="T1813"/><temp name="T586"/><temp name="T1772"/><temp name="T585"/><temp name="T1720"/><temp name="T1728"/><temp name="T1751"/><temp name="T24"/><temp name="T1819"/><temp name="T1747"/><temp name="T1778"/><temp name="T1715"/><temp name="T1735"/></temps><temps name="out"><temp name="T1762"/><temp name="T1767"/><temp name="T1755"/><temp name="T1724"/><temp name="T1809"/><temp name="T1824"/><temp name="T1740"/><temp name="T1813"/><temp name="T1816"/><temp name="T1772"/><temp name="T1720"/><temp name="T1728"/><temp name="T1751"/><temp name="T24"/><temp name="T1819"/><temp name="T1747"/><temp name="T1778"/><temp name="T1715"/><temp name="T1735"/></temps></instruction><instruction code="OR T587, T1816, 0"><temps name="use"><temp name="T1816"/></temps><temps name="def"><temp name="T587"/></temps><temps name="in"><temp name="T1762"/><temp name="T1767"/><temp name="T1755"/><temp name="T1724"/><temp name="T1809"/><temp name="T1824"/><temp name="T1740"/><temp name="T1813"/><temp name="T1816"/><temp name="T1772"/><temp name="T1720"/><temp name="T1728"/><temp name="T1751"/><temp name="T24"/><temp name="T1819"/><temp name="T1747"/><temp name="T1778"/><temp name="T1715"/><temp name="T1735"/></temps><temps name="out"><temp name="T1762"/><temp name="T1767"/><temp name="T1755"/><temp name="T1724"/><temp name="T1809"/><temp name="T1824"/><temp name="T1740"/><temp name="T1813"/><temp name="T1772"/><temp name="T1720"/><temp name="T1728"/><temp name="T1751"/><temp name="T24"/><temp name="T1819"/><temp name="T1747"/><temp name="T1778"/><temp name="T587"/><temp name="T1715"/><temp name="T1735"/></temps></instruction><instruction code="LDO T1820, T1819, 0"><temps name="use"><temp name="T1819"/></temps><temps name="def"><temp name="T1820"/></temps><temps name="in"><temp name="T1762"/><temp name="T1767"/><temp name="T1755"/><temp name="T1724"/><temp name="T1809"/><temp name="T1824"/><temp name="T1740"/><temp name="T1813"/><temp name="T1772"/><temp name="T1720"/><temp name="T1728"/><temp name="T1751"/><temp name="T24"/><temp name="T1819"/><temp name="T1747"/><temp name="T1778"/><temp name="T587"/><temp name="T1715"/><temp name="T1735"/></temps><temps name="out"><temp name="T1762"/><temp name="T1767"/><temp name="T1755"/><temp name="T1724"/><temp name="T1809"/><temp name="T1824"/><temp name="T1740"/><temp name="T1813"/><temp name="T1772"/><temp name="T1720"/><temp name="T1728"/><temp name="T1751"/><temp name="T24"/><temp name="T1747"/><temp name="T1819"/><temp name="T1778"/><temp name="T1820"/><temp name="T587"/><temp name="T1715"/><temp name="T1735"/></temps></instruction><instruction code="STO T1820, T587, 0"><temps name="use"><temp name="T1820"/><temp name="T587"/></temps><temps name="def"/><temps name="in"><temp name="T1762"/><temp name="T1767"/><temp name="T1755"/><temp name="T1724"/><temp name="T1809"/><temp name="T1824"/><temp name="T1740"/><temp name="T1813"/><temp name="T1772"/><temp name="T1720"/><temp name="T1728"/><temp name="T1751"/><temp name="T24"/><temp name="T1747"/><temp name="T1819"/><temp name="T1778"/><temp name="T1820"/><temp name="T587"/><temp name="T1715"/><temp name="T1735"/></temps><temps name="out"><temp name="T1762"/><temp name="T1767"/><temp name="T1755"/><temp name="T1724"/><temp name="T1809"/><temp name="T1824"/><temp name="T1740"/><temp name="T1813"/><temp name="T1772"/><temp name="T1720"/><temp name="T1728"/><temp name="T1751"/><temp name="T24"/><temp name="T1747"/><temp name="T1819"/><temp name="T1778"/><temp name="T1715"/><temp name="T1735"/></temps></instruction><instruction code="LDA T1821, L69"><temps name="use"/><temps name="def"><temp name="T1821"/></temps><temps name="in"><temp name="T1762"/><temp name="T1767"/><temp name="T1755"/><temp name="T1724"/><temp name="T1809"/><temp name="T1824"/><temp name="T1740"/><temp name="T1813"/><temp name="T1772"/><temp name="T1720"/><temp name="T1728"/><temp name="T1751"/><temp name="T24"/><temp name="T1747"/><temp name="T1819"/><temp name="T1778"/><temp name="T1715"/><temp name="T1735"/></temps><temps name="out"><temp name="T1762"/><temp name="T1821"/><temp name="T1767"/><temp name="T1755"/><temp name="T1724"/><temp name="T1809"/><temp name="T1824"/><temp name="T1740"/><temp name="T1813"/><temp name="T1772"/><temp name="T1720"/><temp name="T1728"/><temp name="T1751"/><temp name="T24"/><temp name="T1747"/><temp name="T1819"/><temp name="T1778"/><temp name="T1715"/><temp name="T1735"/></temps></instruction><instruction code="GO T1821, T1821, 0"><temps name="use"><temp name="T1821"/></temps><temps name="def"><temp name="T1821"/></temps><temps name="in"><temp name="T1762"/><temp name="T1821"/><temp name="T1767"/><temp name="T1755"/><temp name="T1724"/><temp name="T1809"/><temp name="T1824"/><temp name="T1740"/><temp name="T1813"/><temp name="T1772"/><temp name="T1720"/><temp name="T1728"/><temp name="T1751"/><temp name="T24"/><temp name="T1747"/><temp name="T1819"/><temp name="T1778"/><temp name="T1715"/><temp name="T1735"/></temps><temps name="out"><temp name="T1762"/><temp name="T1767"/><temp name="T1755"/><temp name="T1724"/><temp name="T1809"/><temp name="T1824"/><temp name="T1740"/><temp name="T1813"/><temp name="T1772"/><temp name="T1720"/><temp name="T1728"/><temp name="T1751"/><temp name="T24"/><temp name="T1747"/><temp name="T1819"/><temp name="T1778"/><temp name="T1715"/><temp name="T1735"/></temps></instruction><instruction code="L71"><temps name="use"/><temps name="def"/><temps name="in"><temp name="T24"/><temp name="T1824"/></temps><temps name="out"><temp name="T24"/><temp name="T1824"/></temps></instruction><instruction code="OR T588, T24, 0"><temps name="use"><temp name="T24"/></temps><temps name="def"><temp name="T588"/></temps><temps name="in"><temp name="T24"/><temp name="T1824"/></temps><temps name="out"><temp name="T588"/><temp name="T1824"/></temps></instruction><instruction code="SETL  T1822, 96"><temps name="use"/><temps name="def"><temp name="T1822"/></temps><temps name="in"><temp name="T588"/><temp name="T1824"/></temps><temps name="out"><temp name="T588"/><temp name="T1824"/></temps></instruction><instruction code="INCML T1822, 0"><temps name="use"/><temps name="def"><temp name="T1822"/></temps><temps name="in"><temp name="T588"/><temp name="T1824"/></temps><temps name="out"><temp name="T588"/><temp name="T1824"/></temps></instruction><instruction code="INCMH T1822, 0"><temps name="use"/><temps name="def"><temp name="T1822"/></temps><temps name="in"><temp name="T588"/><temp name="T1824"/></temps><temps name="out"><temp name="T588"/><temp name="T1824"/></temps></instruction><instruction code="INCH  T1822, 0"><temps name="use"/><temps name="def"><temp name="T1822"/></temps><temps name="in"><temp name="T588"/><temp name="T1824"/></temps><temps name="out"><temp name="T588"/><temp name="T1824"/><temp name="T1822"/></temps></instruction><instruction code="NEG T1822, 0, T1822"><temps name="use"><temp name="T1822"/></temps><temps name="def"><temp name="T1822"/></temps><temps name="in"><temp name="T588"/><temp name="T1824"/><temp name="T1822"/></temps><temps name="out"><temp name="T588"/><temp name="T1824"/><temp name="T1822"/></temps></instruction><instruction code="OR T589, T1822, 0"><temps name="use"><temp name="T1822"/></temps><temps name="def"><temp name="T589"/></temps><temps name="in"><temp name="T588"/><temp name="T1824"/><temp name="T1822"/></temps><temps name="out"><temp name="T588"/><temp name="T589"/><temp name="T1824"/></temps></instruction><instruction code="ADD T1823, T588, T589"><temps name="use"><temp name="T588"/><temp name="T589"/></temps><temps name="def"><temp name="T1823"/></temps><temps name="in"><temp name="T588"/><temp name="T589"/><temp name="T1824"/></temps><temps name="out"><temp name="T1823"/><temp name="T1824"/></temps></instruction><instruction code="OR T590, T1823, 0"><temps name="use"><temp name="T1823"/></temps><temps name="def"><temp name="T590"/></temps><temps name="in"><temp name="T1823"/><temp name="T1824"/></temps><temps name="out"><temp name="T1824"/></temps></instruction><instruction code="LDO T1825, T1824, 0"><temps name="use"><temp name="T1824"/></temps><temps name="def"><temp name="T1825"/></temps><temps name="in"><temp name="T1824"/></temps><temps name="out"><temp name="T1825"/></temps></instruction><instruction code="OR T591, T1825, 0"><temps name="use"><temp name="T1825"/></temps><temps name="def"><temp name="T591"/></temps><temps name="in"><temp name="T1825"/></temps><temps name="out"><temp name="T591"/></temps></instruction><instruction code="OR T25, T591, 0"><temps name="use"><temp name="T591"/></temps><temps name="def"><temp name="T25"/></temps><temps name="in"><temp name="T591"/></temps><temps name="out"/></instruction><instruction code="LDA T1826, L142"><temps name="use"/><temps name="def"><temp name="T1826"/></temps><temps name="in"/><temps name="out"><temp name="T1826"/></temps></instruction><instruction code="GO T1826, T1826, 0"><temps name="use"><temp name="T1826"/></temps><temps name="def"><temp name="T1826"/></temps><temps name="in"><temp name="T1826"/></temps><temps name="out"/></instruction></instructions></code><code entrylabel="L148" exitlabel="L149" tempsize="0"><frame FP="T26" RV="T27" argssize="0" depth="2" label="L3" locssize="112" size="128"/><instructions><instruction code="L148"><temps name="use"/><temps name="def"/><temps name="in"><temp name="T26"/><temp name="T1905"/><temp name="T1954"/><temp name="T1971"/><temp name="T1932"/><temp name="T2037"/><temp name="T2026"/><temp name="T2043"/><temp name="T1864"/><temp name="T1940"/><temp name="T1899"/><temp name="T1882"/><temp name="T1895"/><temp name="T1925"/><temp name="T1874"/><temp name="T1913"/><temp name="T2032"/><temp name="T1854"/><temp name="T1835"/><temp name="T1977"/><temp name="T1919"/><temp name="T1839"/><temp name="T2048"/><temp name="T1891"/><temp name="T1936"/><temp name="T1858"/><temp name="T1830"/><temp name="T1960"/><temp name="T1966"/><temp name="T1870"/><temp name="T1886"/><temp name="T1946"/><temp name="T2022"/></temps><temps name="out"><temp name="T26"/><temp name="T1905"/><temp name="T1954"/><temp name="T1971"/><temp name="T1932"/><temp name="T2037"/><temp name="T2026"/><temp name="T2043"/><temp name="T1864"/><temp name="T1940"/><temp name="T1899"/><temp name="T1882"/><temp name="T1895"/><temp name="T1925"/><temp name="T1874"/><temp name="T1913"/><temp name="T2032"/><temp name="T1854"/><temp name="T1835"/><temp name="T1977"/><temp name="T1919"/><temp name="T1839"/><temp name="T2048"/><temp name="T1891"/><temp name="T1936"/><temp name="T1858"/><temp name="T1830"/><temp name="T1960"/><temp name="T1966"/><temp name="T1870"/><temp name="T1886"/><temp name="T1946"/><temp name="T2022"/></temps></instruction><instruction code="SETL  T1827, 1"><temps name="use"/><temps name="def"><temp name="T1827"/></temps><temps name="in"><temp name="T26"/><temp name="T1905"/><temp name="T1954"/><temp name="T1971"/><temp name="T1932"/><temp name="T2037"/><temp name="T2026"/><temp name="T2043"/><temp name="T1864"/><temp name="T1940"/><temp name="T1899"/><temp name="T1882"/><temp name="T1895"/><temp name="T1925"/><temp name="T1874"/><temp name="T1913"/><temp name="T2032"/><temp name="T1854"/><temp name="T1835"/><temp name="T1977"/><temp name="T1919"/><temp name="T1839"/><temp name="T2048"/><temp name="T1891"/><temp name="T1936"/><temp name="T1858"/><temp name="T1830"/><temp name="T1960"/><temp name="T1966"/><temp name="T1870"/><temp name="T1886"/><temp name="T1946"/><temp name="T2022"/></temps><temps name="out"><temp name="T26"/><temp name="T1905"/><temp name="T1954"/><temp name="T1971"/><temp name="T1932"/><temp name="T2037"/><temp name="T2026"/><temp name="T2043"/><temp name="T1864"/><temp name="T1940"/><temp name="T1899"/><temp name="T1882"/><temp name="T1895"/><temp name="T1925"/><temp name="T1874"/><temp name="T1913"/><temp name="T2032"/><temp name="T1854"/><temp name="T1835"/><temp name="T1977"/><temp name="T1919"/><temp name="T1839"/><temp name="T2048"/><temp name="T1891"/><temp name="T1936"/><temp name="T1858"/><temp name="T1830"/><temp name="T1960"/><temp name="T1966"/><temp name="T1870"/><temp name="T1886"/><temp name="T1946"/><temp name="T2022"/></temps></instruction><instruction code="INCML T1827, 0"><temps name="use"/><temps name="def"><temp name="T1827"/></temps><temps name="in"><temp name="T26"/><temp name="T1905"/><temp name="T1954"/><temp name="T1971"/><temp name="T1932"/><temp name="T2037"/><temp name="T2026"/><temp name="T2043"/><temp name="T1864"/><temp name="T1940"/><temp name="T1899"/><temp name="T1882"/><temp name="T1895"/><temp name="T1925"/><temp name="T1874"/><temp name="T1913"/><temp name="T2032"/><temp name="T1854"/><temp name="T1835"/><temp name="T1977"/><temp name="T1919"/><temp name="T1839"/><temp name="T2048"/><temp name="T1891"/><temp name="T1936"/><temp name="T1858"/><temp name="T1830"/><temp name="T1960"/><temp name="T1966"/><temp name="T1870"/><temp name="T1886"/><temp name="T1946"/><temp name="T2022"/></temps><temps name="out"><temp name="T26"/><temp name="T1905"/><temp name="T1954"/><temp name="T1971"/><temp name="T1932"/><temp name="T2037"/><temp name="T2026"/><temp name="T2043"/><temp name="T1864"/><temp name="T1940"/><temp name="T1899"/><temp name="T1882"/><temp name="T1895"/><temp name="T1925"/><temp name="T1874"/><temp name="T1913"/><temp name="T2032"/><temp name="T1854"/><temp name="T1835"/><temp name="T1977"/><temp name="T1919"/><temp name="T1839"/><temp name="T2048"/><temp name="T1891"/><temp name="T1936"/><temp name="T1858"/><temp name="T1830"/><temp name="T1960"/><temp name="T1966"/><temp name="T1870"/><temp name="T1886"/><temp name="T1946"/><temp name="T2022"/></temps></instruction><instruction code="INCMH T1827, 0"><temps name="use"/><temps name="def"><temp name="T1827"/></temps><temps name="in"><temp name="T26"/><temp name="T1905"/><temp name="T1954"/><temp name="T1971"/><temp name="T1932"/><temp name="T2037"/><temp name="T2026"/><temp name="T2043"/><temp name="T1864"/><temp name="T1940"/><temp name="T1899"/><temp name="T1882"/><temp name="T1895"/><temp name="T1925"/><temp name="T1874"/><temp name="T1913"/><temp name="T2032"/><temp name="T1854"/><temp name="T1835"/><temp name="T1977"/><temp name="T1919"/><temp name="T1839"/><temp name="T2048"/><temp name="T1891"/><temp name="T1936"/><temp name="T1858"/><temp name="T1830"/><temp name="T1960"/><temp name="T1966"/><temp name="T1870"/><temp name="T1886"/><temp name="T1946"/><temp name="T2022"/></temps><temps name="out"><temp name="T26"/><temp name="T1905"/><temp name="T1954"/><temp name="T1971"/><temp name="T1932"/><temp name="T2037"/><temp name="T2026"/><temp name="T2043"/><temp name="T1864"/><temp name="T1940"/><temp name="T1899"/><temp name="T1882"/><temp name="T1895"/><temp name="T1925"/><temp name="T1874"/><temp name="T1913"/><temp name="T2032"/><temp name="T1854"/><temp name="T1835"/><temp name="T1977"/><temp name="T1919"/><temp name="T1839"/><temp name="T2048"/><temp name="T1891"/><temp name="T1936"/><temp name="T1858"/><temp name="T1830"/><temp name="T1960"/><temp name="T1966"/><temp name="T1870"/><temp name="T1886"/><temp name="T1946"/><temp name="T2022"/></temps></instruction><instruction code="INCH  T1827, 0"><temps name="use"/><temps name="def"><temp name="T1827"/></temps><temps name="in"><temp name="T26"/><temp name="T1905"/><temp name="T1954"/><temp name="T1971"/><temp name="T1932"/><temp name="T2037"/><temp name="T2026"/><temp name="T2043"/><temp name="T1864"/><temp name="T1940"/><temp name="T1899"/><temp name="T1882"/><temp name="T1895"/><temp name="T1925"/><temp name="T1874"/><temp name="T1913"/><temp name="T2032"/><temp name="T1854"/><temp name="T1835"/><temp name="T1977"/><temp name="T1919"/><temp name="T1839"/><temp name="T2048"/><temp name="T1891"/><temp name="T1936"/><temp name="T1858"/><temp name="T1830"/><temp name="T1960"/><temp name="T1966"/><temp name="T1870"/><temp name="T1886"/><temp name="T1946"/><temp name="T2022"/></temps><temps name="out"><temp name="T26"/><temp name="T1905"/><temp name="T1954"/><temp name="T1971"/><temp name="T1932"/><temp name="T2037"/><temp name="T2026"/><temp name="T2043"/><temp name="T1864"/><temp name="T1940"/><temp name="T1899"/><temp name="T1882"/><temp name="T1827"/><temp name="T1895"/><temp name="T1925"/><temp name="T1874"/><temp name="T1913"/><temp name="T2032"/><temp name="T1854"/><temp name="T1835"/><temp name="T1977"/><temp name="T1919"/><temp name="T1839"/><temp name="T2048"/><temp name="T1891"/><temp name="T1936"/><temp name="T1858"/><temp name="T1830"/><temp name="T1960"/><temp name="T1966"/><temp name="T1870"/><temp name="T1886"/><temp name="T1946"/><temp name="T2022"/></temps></instruction><instruction code="OR T592, T1827, 0"><temps name="use"><temp name="T1827"/></temps><temps name="def"><temp name="T592"/></temps><temps name="in"><temp name="T26"/><temp name="T1905"/><temp name="T1954"/><temp name="T1971"/><temp name="T1932"/><temp name="T2037"/><temp name="T2026"/><temp name="T2043"/><temp name="T1864"/><temp name="T1940"/><temp name="T1899"/><temp name="T1882"/><temp name="T1827"/><temp name="T1895"/><temp name="T1925"/><temp name="T1874"/><temp name="T1913"/><temp name="T2032"/><temp name="T1854"/><temp name="T1835"/><temp name="T1977"/><temp name="T1919"/><temp name="T1839"/><temp name="T2048"/><temp name="T1891"/><temp name="T1936"/><temp name="T1858"/><temp name="T1830"/><temp name="T1960"/><temp name="T1966"/><temp name="T1870"/><temp name="T1886"/><temp name="T1946"/><temp name="T2022"/></temps><temps name="out"><temp name="T26"/><temp name="T1905"/><temp name="T1954"/><temp name="T1971"/><temp name="T1932"/><temp name="T2037"/><temp name="T2026"/><temp name="T2043"/><temp name="T1864"/><temp name="T1940"/><temp name="T1899"/><temp name="T1882"/><temp name="T1895"/><temp name="T1925"/><temp name="T1874"/><temp name="T1913"/><temp name="T2032"/><temp name="T1854"/><temp name="T1835"/><temp name="T1977"/><temp name="T1919"/><temp name="T1839"/><temp name="T2048"/><temp name="T1891"/><temp name="T1936"/><temp name="T1858"/><temp name="T1830"/><temp name="T1960"/><temp name="T1966"/><temp name="T1870"/><temp name="T592"/><temp name="T1886"/><temp name="T1946"/><temp name="T2022"/></temps></instruction><instruction code="LDO T1831, T1830, 0"><temps name="use"><temp name="T1830"/></temps><temps name="def"><temp name="T1831"/></temps><temps name="in"><temp name="T26"/><temp name="T1905"/><temp name="T1954"/><temp name="T1971"/><temp name="T1932"/><temp name="T2037"/><temp name="T2026"/><temp name="T2043"/><temp name="T1864"/><temp name="T1940"/><temp name="T1899"/><temp name="T1882"/><temp name="T1895"/><temp name="T1925"/><temp name="T1874"/><temp name="T1913"/><temp name="T2032"/><temp name="T1854"/><temp name="T1835"/><temp name="T1977"/><temp name="T1919"/><temp name="T1839"/><temp name="T2048"/><temp name="T1891"/><temp name="T1936"/><temp name="T1858"/><temp name="T1830"/><temp name="T1960"/><temp name="T1966"/><temp name="T1870"/><temp name="T592"/><temp name="T1886"/><temp name="T1946"/><temp name="T2022"/></temps><temps name="out"><temp name="T26"/><temp name="T1905"/><temp name="T1954"/><temp name="T1971"/><temp name="T1932"/><temp name="T2037"/><temp name="T2026"/><temp name="T2043"/><temp name="T1864"/><temp name="T1940"/><temp name="T1899"/><temp name="T1882"/><temp name="T1895"/><temp name="T1925"/><temp name="T1874"/><temp name="T1913"/><temp name="T2032"/><temp name="T1854"/><temp name="T1835"/><temp name="T1977"/><temp name="T1919"/><temp name="T1839"/><temp name="T2048"/><temp name="T1891"/><temp name="T1936"/><temp name="T1858"/><temp name="T1960"/><temp name="T1966"/><temp name="T1870"/><temp name="T1831"/><temp name="T592"/><temp name="T1886"/><temp name="T1946"/><temp name="T2022"/></temps></instruction><instruction code="STO T1831, T592, 0"><temps name="use"><temp name="T1831"/><temp name="T592"/></temps><temps name="def"/><temps name="in"><temp name="T26"/><temp name="T1905"/><temp name="T1954"/><temp name="T1971"/><temp name="T1932"/><temp name="T2037"/><temp name="T2026"/><temp name="T2043"/><temp name="T1864"/><temp name="T1940"/><temp name="T1899"/><temp name="T1882"/><temp name="T1895"/><temp name="T1925"/><temp name="T1874"/><temp name="T1913"/><temp name="T2032"/><temp name="T1854"/><temp name="T1835"/><temp name="T1977"/><temp name="T1919"/><temp name="T1839"/><temp name="T2048"/><temp name="T1891"/><temp name="T1936"/><temp name="T1858"/><temp name="T1960"/><temp name="T1966"/><temp name="T1870"/><temp name="T1831"/><temp name="T592"/><temp name="T1886"/><temp name="T1946"/><temp name="T2022"/></temps><temps name="out"><temp name="T26"/><temp name="T1905"/><temp name="T1954"/><temp name="T1971"/><temp name="T1932"/><temp name="T2037"/><temp name="T2026"/><temp name="T2043"/><temp name="T1864"/><temp name="T1940"/><temp name="T1899"/><temp name="T1882"/><temp name="T1895"/><temp name="T1925"/><temp name="T1874"/><temp name="T1913"/><temp name="T2032"/><temp name="T1854"/><temp name="T1835"/><temp name="T1977"/><temp name="T1919"/><temp name="T1839"/><temp name="T2048"/><temp name="T1891"/><temp name="T1936"/><temp name="T1858"/><temp name="T1960"/><temp name="T1966"/><temp name="T1870"/><temp name="T1886"/><temp name="T1946"/><temp name="T2022"/></temps></instruction><instruction code="SETL  T1832, 1"><temps name="use"/><temps name="def"><temp name="T1832"/></temps><temps name="in"><temp name="T26"/><temp name="T1905"/><temp name="T1954"/><temp name="T1971"/><temp name="T1932"/><temp name="T2037"/><temp name="T2026"/><temp name="T2043"/><temp name="T1864"/><temp name="T1940"/><temp name="T1899"/><temp name="T1882"/><temp name="T1895"/><temp name="T1925"/><temp name="T1874"/><temp name="T1913"/><temp name="T2032"/><temp name="T1854"/><temp name="T1835"/><temp name="T1977"/><temp name="T1919"/><temp name="T1839"/><temp name="T2048"/><temp name="T1891"/><temp name="T1936"/><temp name="T1858"/><temp name="T1960"/><temp name="T1966"/><temp name="T1870"/><temp name="T1886"/><temp name="T1946"/><temp name="T2022"/></temps><temps name="out"><temp name="T26"/><temp name="T1905"/><temp name="T1954"/><temp name="T1971"/><temp name="T1932"/><temp name="T2037"/><temp name="T2026"/><temp name="T2043"/><temp name="T1864"/><temp name="T1940"/><temp name="T1899"/><temp name="T1882"/><temp name="T1895"/><temp name="T1925"/><temp name="T1874"/><temp name="T1913"/><temp name="T2032"/><temp name="T1854"/><temp name="T1835"/><temp name="T1977"/><temp name="T1919"/><temp name="T1839"/><temp name="T2048"/><temp name="T1891"/><temp name="T1936"/><temp name="T1858"/><temp name="T1960"/><temp name="T1966"/><temp name="T1870"/><temp name="T1886"/><temp name="T1946"/><temp name="T2022"/></temps></instruction><instruction code="INCML T1832, 0"><temps name="use"/><temps name="def"><temp name="T1832"/></temps><temps name="in"><temp name="T26"/><temp name="T1905"/><temp name="T1954"/><temp name="T1971"/><temp name="T1932"/><temp name="T2037"/><temp name="T2026"/><temp name="T2043"/><temp name="T1864"/><temp name="T1940"/><temp name="T1899"/><temp name="T1882"/><temp name="T1895"/><temp name="T1925"/><temp name="T1874"/><temp name="T1913"/><temp name="T2032"/><temp name="T1854"/><temp name="T1835"/><temp name="T1977"/><temp name="T1919"/><temp name="T1839"/><temp name="T2048"/><temp name="T1891"/><temp name="T1936"/><temp name="T1858"/><temp name="T1960"/><temp name="T1966"/><temp name="T1870"/><temp name="T1886"/><temp name="T1946"/><temp name="T2022"/></temps><temps name="out"><temp name="T26"/><temp name="T1905"/><temp name="T1954"/><temp name="T1971"/><temp name="T1932"/><temp name="T2037"/><temp name="T2026"/><temp name="T2043"/><temp name="T1864"/><temp name="T1940"/><temp name="T1899"/><temp name="T1882"/><temp name="T1895"/><temp name="T1925"/><temp name="T1874"/><temp name="T1913"/><temp name="T2032"/><temp name="T1854"/><temp name="T1835"/><temp name="T1977"/><temp name="T1919"/><temp name="T1839"/><temp name="T2048"/><temp name="T1891"/><temp name="T1936"/><temp name="T1858"/><temp name="T1960"/><temp name="T1966"/><temp name="T1870"/><temp name="T1886"/><temp name="T1946"/><temp name="T2022"/></temps></instruction><instruction code="INCMH T1832, 0"><temps name="use"/><temps name="def"><temp name="T1832"/></temps><temps name="in"><temp name="T26"/><temp name="T1905"/><temp name="T1954"/><temp name="T1971"/><temp name="T1932"/><temp name="T2037"/><temp name="T2026"/><temp name="T2043"/><temp name="T1864"/><temp name="T1940"/><temp name="T1899"/><temp name="T1882"/><temp name="T1895"/><temp name="T1925"/><temp name="T1874"/><temp name="T1913"/><temp name="T2032"/><temp name="T1854"/><temp name="T1835"/><temp name="T1977"/><temp name="T1919"/><temp name="T1839"/><temp name="T2048"/><temp name="T1891"/><temp name="T1936"/><temp name="T1858"/><temp name="T1960"/><temp name="T1966"/><temp name="T1870"/><temp name="T1886"/><temp name="T1946"/><temp name="T2022"/></temps><temps name="out"><temp name="T26"/><temp name="T1905"/><temp name="T1954"/><temp name="T1971"/><temp name="T1932"/><temp name="T2037"/><temp name="T2026"/><temp name="T2043"/><temp name="T1864"/><temp name="T1940"/><temp name="T1899"/><temp name="T1882"/><temp name="T1895"/><temp name="T1925"/><temp name="T1874"/><temp name="T1913"/><temp name="T2032"/><temp name="T1854"/><temp name="T1835"/><temp name="T1977"/><temp name="T1919"/><temp name="T1839"/><temp name="T2048"/><temp name="T1891"/><temp name="T1936"/><temp name="T1858"/><temp name="T1960"/><temp name="T1966"/><temp name="T1870"/><temp name="T1886"/><temp name="T1946"/><temp name="T2022"/></temps></instruction><instruction code="INCH  T1832, 0"><temps name="use"/><temps name="def"><temp name="T1832"/></temps><temps name="in"><temp name="T26"/><temp name="T1905"/><temp name="T1954"/><temp name="T1971"/><temp name="T1932"/><temp name="T2037"/><temp name="T2026"/><temp name="T2043"/><temp name="T1864"/><temp name="T1940"/><temp name="T1899"/><temp name="T1882"/><temp name="T1895"/><temp name="T1925"/><temp name="T1874"/><temp name="T1913"/><temp name="T2032"/><temp name="T1854"/><temp name="T1835"/><temp name="T1977"/><temp name="T1919"/><temp name="T1839"/><temp name="T2048"/><temp name="T1891"/><temp name="T1936"/><temp name="T1858"/><temp name="T1960"/><temp name="T1966"/><temp name="T1870"/><temp name="T1886"/><temp name="T1946"/><temp name="T2022"/></temps><temps name="out"><temp name="T26"/><temp name="T1905"/><temp name="T1954"/><temp name="T1971"/><temp name="T1932"/><temp name="T2037"/><temp name="T2026"/><temp name="T2043"/><temp name="T1864"/><temp name="T1940"/><temp name="T1899"/><temp name="T1882"/><temp name="T1895"/><temp name="T1925"/><temp name="T1874"/><temp name="T1913"/><temp name="T2032"/><temp name="T1854"/><temp name="T1832"/><temp name="T1835"/><temp name="T1977"/><temp name="T1919"/><temp name="T1839"/><temp name="T2048"/><temp name="T1891"/><temp name="T1936"/><temp name="T1858"/><temp name="T1960"/><temp name="T1966"/><temp name="T1870"/><temp name="T1886"/><temp name="T1946"/><temp name="T2022"/></temps></instruction><instruction code="OR T593, T1832, 0"><temps name="use"><temp name="T1832"/></temps><temps name="def"><temp name="T593"/></temps><temps name="in"><temp name="T26"/><temp name="T1905"/><temp name="T1954"/><temp name="T1971"/><temp name="T1932"/><temp name="T2037"/><temp name="T2026"/><temp name="T2043"/><temp name="T1864"/><temp name="T1940"/><temp name="T1899"/><temp name="T1882"/><temp name="T1895"/><temp name="T1925"/><temp name="T1874"/><temp name="T1913"/><temp name="T2032"/><temp name="T1854"/><temp name="T1832"/><temp name="T1835"/><temp name="T1977"/><temp name="T1919"/><temp name="T1839"/><temp name="T2048"/><temp name="T1891"/><temp name="T1936"/><temp name="T1858"/><temp name="T1960"/><temp name="T1966"/><temp name="T1870"/><temp name="T1886"/><temp name="T1946"/><temp name="T2022"/></temps><temps name="out"><temp name="T26"/><temp name="T1905"/><temp name="T1954"/><temp name="T1971"/><temp name="T1932"/><temp name="T2037"/><temp name="T2026"/><temp name="T2043"/><temp name="T1864"/><temp name="T1940"/><temp name="T593"/><temp name="T1899"/><temp name="T1882"/><temp name="T1895"/><temp name="T1925"/><temp name="T1874"/><temp name="T1913"/><temp name="T2032"/><temp name="T1854"/><temp name="T1835"/><temp name="T1977"/><temp name="T1919"/><temp name="T1839"/><temp name="T2048"/><temp name="T1891"/><temp name="T1936"/><temp name="T1858"/><temp name="T1960"/><temp name="T1966"/><temp name="T1870"/><temp name="T1886"/><temp name="T1946"/><temp name="T2022"/></temps></instruction><instruction code="LDO T1836, T1835, 0"><temps name="use"><temp name="T1835"/></temps><temps name="def"><temp name="T1836"/></temps><temps name="in"><temp name="T26"/><temp name="T1905"/><temp name="T1954"/><temp name="T1971"/><temp name="T1932"/><temp name="T2037"/><temp name="T2026"/><temp name="T2043"/><temp name="T1864"/><temp name="T1940"/><temp name="T593"/><temp name="T1899"/><temp name="T1882"/><temp name="T1895"/><temp name="T1925"/><temp name="T1874"/><temp name="T1913"/><temp name="T2032"/><temp name="T1854"/><temp name="T1835"/><temp name="T1977"/><temp name="T1919"/><temp name="T1839"/><temp name="T2048"/><temp name="T1891"/><temp name="T1936"/><temp name="T1858"/><temp name="T1960"/><temp name="T1966"/><temp name="T1870"/><temp name="T1886"/><temp name="T1946"/><temp name="T2022"/></temps><temps name="out"><temp name="T26"/><temp name="T1905"/><temp name="T1954"/><temp name="T1971"/><temp name="T1932"/><temp name="T2037"/><temp name="T2026"/><temp name="T2043"/><temp name="T1864"/><temp name="T1940"/><temp name="T593"/><temp name="T1899"/><temp name="T1882"/><temp name="T1895"/><temp name="T1925"/><temp name="T1874"/><temp name="T1913"/><temp name="T2032"/><temp name="T1854"/><temp name="T1977"/><temp name="T1919"/><temp name="T1839"/><temp name="T1836"/><temp name="T2048"/><temp name="T1891"/><temp name="T1936"/><temp name="T1858"/><temp name="T1960"/><temp name="T1966"/><temp name="T1870"/><temp name="T1886"/><temp name="T1946"/><temp name="T2022"/></temps></instruction><instruction code="STO T1836, T593, 0"><temps name="use"><temp name="T1836"/><temp name="T593"/></temps><temps name="def"/><temps name="in"><temp name="T26"/><temp name="T1905"/><temp name="T1954"/><temp name="T1971"/><temp name="T1932"/><temp name="T2037"/><temp name="T2026"/><temp name="T2043"/><temp name="T1864"/><temp name="T1940"/><temp name="T593"/><temp name="T1899"/><temp name="T1882"/><temp name="T1895"/><temp name="T1925"/><temp name="T1874"/><temp name="T1913"/><temp name="T2032"/><temp name="T1854"/><temp name="T1977"/><temp name="T1919"/><temp name="T1839"/><temp name="T1836"/><temp name="T2048"/><temp name="T1891"/><temp name="T1936"/><temp name="T1858"/><temp name="T1960"/><temp name="T1966"/><temp name="T1870"/><temp name="T1886"/><temp name="T1946"/><temp name="T2022"/></temps><temps name="out"><temp name="T26"/><temp name="T1905"/><temp name="T1954"/><temp name="T1971"/><temp name="T1932"/><temp name="T2037"/><temp name="T2026"/><temp name="T2043"/><temp name="T1864"/><temp name="T1940"/><temp name="T1899"/><temp name="T1882"/><temp name="T1895"/><temp name="T1925"/><temp name="T1874"/><temp name="T1913"/><temp name="T2032"/><temp name="T1854"/><temp name="T1977"/><temp name="T1919"/><temp name="T1839"/><temp name="T2048"/><temp name="T1891"/><temp name="T1936"/><temp name="T1858"/><temp name="T1960"/><temp name="T1966"/><temp name="T1870"/><temp name="T1886"/><temp name="T1946"/><temp name="T2022"/></temps></instruction><instruction code="L72"><temps name="use"/><temps name="def"/><temps name="in"><temp name="T26"/><temp name="T1905"/><temp name="T1954"/><temp name="T1971"/><temp name="T1932"/><temp name="T2037"/><temp name="T2026"/><temp name="T2043"/><temp name="T1864"/><temp name="T1940"/><temp name="T1899"/><temp name="T1882"/><temp name="T1895"/><temp name="T1925"/><temp name="T1874"/><temp name="T1913"/><temp name="T2032"/><temp name="T1854"/><temp name="T1977"/><temp name="T1919"/><temp name="T1839"/><temp name="T2048"/><temp name="T1891"/><temp name="T1936"/><temp name="T1858"/><temp name="T1960"/><temp name="T1966"/><temp name="T1870"/><temp name="T1886"/><temp name="T1946"/><temp name="T2022"/></temps><temps name="out"><temp name="T26"/><temp name="T1905"/><temp name="T1954"/><temp name="T1971"/><temp name="T1932"/><temp name="T2037"/><temp name="T2026"/><temp name="T2043"/><temp name="T1864"/><temp name="T1940"/><temp name="T1899"/><temp name="T1882"/><temp name="T1895"/><temp name="T1925"/><temp name="T1874"/><temp name="T1913"/><temp name="T2032"/><temp name="T1854"/><temp name="T1977"/><temp name="T1919"/><temp name="T1839"/><temp name="T2048"/><temp name="T1891"/><temp name="T1936"/><temp name="T1858"/><temp name="T1960"/><temp name="T1966"/><temp name="T1870"/><temp name="T1886"/><temp name="T1946"/><temp name="T2022"/></temps></instruction><instruction code="OR T594, T26, 0"><temps name="use"><temp name="T26"/></temps><temps name="def"><temp name="T594"/></temps><temps name="in"><temp name="T26"/><temp name="T1905"/><temp name="T1954"/><temp name="T1971"/><temp name="T1932"/><temp name="T2037"/><temp name="T2026"/><temp name="T2043"/><temp name="T1864"/><temp name="T1940"/><temp name="T1899"/><temp name="T1882"/><temp name="T1895"/><temp name="T1925"/><temp name="T1874"/><temp name="T1913"/><temp name="T2032"/><temp name="T1854"/><temp name="T1977"/><temp name="T1919"/><temp name="T1839"/><temp name="T2048"/><temp name="T1891"/><temp name="T1936"/><temp name="T1858"/><temp name="T1960"/><temp name="T1966"/><temp name="T1870"/><temp name="T1886"/><temp name="T1946"/><temp name="T2022"/></temps><temps name="out"><temp name="T26"/><temp name="T1905"/><temp name="T1954"/><temp name="T1971"/><temp name="T1932"/><temp name="T2037"/><temp name="T2026"/><temp name="T2043"/><temp name="T1864"/><temp name="T1940"/><temp name="T594"/><temp name="T1899"/><temp name="T1882"/><temp name="T1895"/><temp name="T1925"/><temp name="T1874"/><temp name="T1913"/><temp name="T2032"/><temp name="T1854"/><temp name="T1977"/><temp name="T1919"/><temp name="T1839"/><temp name="T2048"/><temp name="T1891"/><temp name="T1936"/><temp name="T1858"/><temp name="T1960"/><temp name="T1966"/><temp name="T1870"/><temp name="T1886"/><temp name="T1946"/><temp name="T2022"/></temps></instruction><instruction code="SETL  T1837, 104"><temps name="use"/><temps name="def"><temp name="T1837"/></temps><temps name="in"><temp name="T26"/><temp name="T1905"/><temp name="T1954"/><temp name="T1971"/><temp name="T1932"/><temp name="T2037"/><temp name="T2026"/><temp name="T2043"/><temp name="T1864"/><temp name="T1940"/><temp name="T594"/><temp name="T1899"/><temp name="T1882"/><temp name="T1895"/><temp name="T1925"/><temp name="T1874"/><temp name="T1913"/><temp name="T2032"/><temp name="T1854"/><temp name="T1977"/><temp name="T1919"/><temp name="T1839"/><temp name="T2048"/><temp name="T1891"/><temp name="T1936"/><temp name="T1858"/><temp name="T1960"/><temp name="T1966"/><temp name="T1870"/><temp name="T1886"/><temp name="T1946"/><temp name="T2022"/></temps><temps name="out"><temp name="T26"/><temp name="T1905"/><temp name="T1954"/><temp name="T1971"/><temp name="T1932"/><temp name="T2037"/><temp name="T2026"/><temp name="T2043"/><temp name="T1864"/><temp name="T1940"/><temp name="T594"/><temp name="T1899"/><temp name="T1882"/><temp name="T1895"/><temp name="T1925"/><temp name="T1874"/><temp name="T1913"/><temp name="T2032"/><temp name="T1854"/><temp name="T1977"/><temp name="T1919"/><temp name="T1839"/><temp name="T2048"/><temp name="T1891"/><temp name="T1936"/><temp name="T1858"/><temp name="T1960"/><temp name="T1966"/><temp name="T1870"/><temp name="T1886"/><temp name="T1946"/><temp name="T2022"/></temps></instruction><instruction code="INCML T1837, 0"><temps name="use"/><temps name="def"><temp name="T1837"/></temps><temps name="in"><temp name="T26"/><temp name="T1905"/><temp name="T1954"/><temp name="T1971"/><temp name="T1932"/><temp name="T2037"/><temp name="T2026"/><temp name="T2043"/><temp name="T1864"/><temp name="T1940"/><temp name="T594"/><temp name="T1899"/><temp name="T1882"/><temp name="T1895"/><temp name="T1925"/><temp name="T1874"/><temp name="T1913"/><temp name="T2032"/><temp name="T1854"/><temp name="T1977"/><temp name="T1919"/><temp name="T1839"/><temp name="T2048"/><temp name="T1891"/><temp name="T1936"/><temp name="T1858"/><temp name="T1960"/><temp name="T1966"/><temp name="T1870"/><temp name="T1886"/><temp name="T1946"/><temp name="T2022"/></temps><temps name="out"><temp name="T26"/><temp name="T1905"/><temp name="T1954"/><temp name="T1971"/><temp name="T1932"/><temp name="T2037"/><temp name="T2026"/><temp name="T2043"/><temp name="T1864"/><temp name="T1940"/><temp name="T594"/><temp name="T1899"/><temp name="T1882"/><temp name="T1895"/><temp name="T1925"/><temp name="T1874"/><temp name="T1913"/><temp name="T2032"/><temp name="T1854"/><temp name="T1977"/><temp name="T1919"/><temp name="T1839"/><temp name="T2048"/><temp name="T1891"/><temp name="T1936"/><temp name="T1858"/><temp name="T1960"/><temp name="T1966"/><temp name="T1870"/><temp name="T1886"/><temp name="T1946"/><temp name="T2022"/></temps></instruction><instruction code="INCMH T1837, 0"><temps name="use"/><temps name="def"><temp name="T1837"/></temps><temps name="in"><temp name="T26"/><temp name="T1905"/><temp name="T1954"/><temp name="T1971"/><temp name="T1932"/><temp name="T2037"/><temp name="T2026"/><temp name="T2043"/><temp name="T1864"/><temp name="T1940"/><temp name="T594"/><temp name="T1899"/><temp name="T1882"/><temp name="T1895"/><temp name="T1925"/><temp name="T1874"/><temp name="T1913"/><temp name="T2032"/><temp name="T1854"/><temp name="T1977"/><temp name="T1919"/><temp name="T1839"/><temp name="T2048"/><temp name="T1891"/><temp name="T1936"/><temp name="T1858"/><temp name="T1960"/><temp name="T1966"/><temp name="T1870"/><temp name="T1886"/><temp name="T1946"/><temp name="T2022"/></temps><temps name="out"><temp name="T26"/><temp name="T1905"/><temp name="T1954"/><temp name="T1971"/><temp name="T1932"/><temp name="T2037"/><temp name="T2026"/><temp name="T2043"/><temp name="T1864"/><temp name="T1940"/><temp name="T594"/><temp name="T1899"/><temp name="T1882"/><temp name="T1895"/><temp name="T1925"/><temp name="T1874"/><temp name="T1913"/><temp name="T2032"/><temp name="T1854"/><temp name="T1977"/><temp name="T1919"/><temp name="T1839"/><temp name="T2048"/><temp name="T1891"/><temp name="T1936"/><temp name="T1858"/><temp name="T1960"/><temp name="T1966"/><temp name="T1870"/><temp name="T1886"/><temp name="T1946"/><temp name="T2022"/></temps></instruction><instruction code="INCH  T1837, 0"><temps name="use"/><temps name="def"><temp name="T1837"/></temps><temps name="in"><temp name="T26"/><temp name="T1905"/><temp name="T1954"/><temp name="T1971"/><temp name="T1932"/><temp name="T2037"/><temp name="T2026"/><temp name="T2043"/><temp name="T1864"/><temp name="T1940"/><temp name="T594"/><temp name="T1899"/><temp name="T1882"/><temp name="T1895"/><temp name="T1925"/><temp name="T1874"/><temp name="T1913"/><temp name="T2032"/><temp name="T1854"/><temp name="T1977"/><temp name="T1919"/><temp name="T1839"/><temp name="T2048"/><temp name="T1891"/><temp name="T1936"/><temp name="T1858"/><temp name="T1960"/><temp name="T1966"/><temp name="T1870"/><temp name="T1886"/><temp name="T1946"/><temp name="T2022"/></temps><temps name="out"><temp name="T26"/><temp name="T1905"/><temp name="T1954"/><temp name="T1971"/><temp name="T1932"/><temp name="T2037"/><temp name="T2026"/><temp name="T2043"/><temp name="T1864"/><temp name="T1940"/><temp name="T594"/><temp name="T1899"/><temp name="T1882"/><temp name="T1895"/><temp name="T1925"/><temp name="T1874"/><temp name="T1913"/><temp name="T2032"/><temp name="T1837"/><temp name="T1854"/><temp name="T1977"/><temp name="T1919"/><temp name="T1839"/><temp name="T2048"/><temp name="T1891"/><temp name="T1936"/><temp name="T1858"/><temp name="T1960"/><temp name="T1966"/><temp name="T1870"/><temp name="T1886"/><temp name="T1946"/><temp name="T2022"/></temps></instruction><instruction code="NEG T1837, 0, T1837"><temps name="use"><temp name="T1837"/></temps><temps name="def"><temp name="T1837"/></temps><temps name="in"><temp name="T26"/><temp name="T1905"/><temp name="T1954"/><temp name="T1971"/><temp name="T1932"/><temp name="T2037"/><temp name="T2026"/><temp name="T2043"/><temp name="T1864"/><temp name="T1940"/><temp name="T594"/><temp name="T1899"/><temp name="T1882"/><temp name="T1895"/><temp name="T1925"/><temp name="T1874"/><temp name="T1913"/><temp name="T2032"/><temp name="T1837"/><temp name="T1854"/><temp name="T1977"/><temp name="T1919"/><temp name="T1839"/><temp name="T2048"/><temp name="T1891"/><temp name="T1936"/><temp name="T1858"/><temp name="T1960"/><temp name="T1966"/><temp name="T1870"/><temp name="T1886"/><temp name="T1946"/><temp name="T2022"/></temps><temps name="out"><temp name="T26"/><temp name="T1905"/><temp name="T1954"/><temp name="T1971"/><temp name="T1932"/><temp name="T2037"/><temp name="T2026"/><temp name="T2043"/><temp name="T1864"/><temp name="T1940"/><temp name="T594"/><temp name="T1899"/><temp name="T1882"/><temp name="T1895"/><temp name="T1925"/><temp name="T1874"/><temp name="T1913"/><temp name="T2032"/><temp name="T1837"/><temp name="T1854"/><temp name="T1977"/><temp name="T1919"/><temp name="T1839"/><temp name="T2048"/><temp name="T1891"/><temp name="T1936"/><temp name="T1858"/><temp name="T1960"/><temp name="T1966"/><temp name="T1870"/><temp name="T1886"/><temp name="T1946"/><temp name="T2022"/></temps></instruction><instruction code="OR T595, T1837, 0"><temps name="use"><temp name="T1837"/></temps><temps name="def"><temp name="T595"/></temps><temps name="in"><temp name="T26"/><temp name="T1905"/><temp name="T1954"/><temp name="T1971"/><temp name="T1932"/><temp name="T2037"/><temp name="T2026"/><temp name="T2043"/><temp name="T1864"/><temp name="T1940"/><temp name="T594"/><temp name="T1899"/><temp name="T1882"/><temp name="T1895"/><temp name="T1925"/><temp name="T1874"/><temp name="T1913"/><temp name="T2032"/><temp name="T1837"/><temp name="T1854"/><temp name="T1977"/><temp name="T1919"/><temp name="T1839"/><temp name="T2048"/><temp name="T1891"/><temp name="T1936"/><temp name="T1858"/><temp name="T1960"/><temp name="T1966"/><temp name="T1870"/><temp name="T1886"/><temp name="T1946"/><temp name="T2022"/></temps><temps name="out"><temp name="T26"/><temp name="T1905"/><temp name="T1954"/><temp name="T1971"/><temp name="T1932"/><temp name="T2037"/><temp name="T2026"/><temp name="T595"/><temp name="T2043"/><temp name="T1864"/><temp name="T1940"/><temp name="T594"/><temp name="T1899"/><temp name="T1882"/><temp name="T1895"/><temp name="T1925"/><temp name="T1874"/><temp name="T1913"/><temp name="T2032"/><temp name="T1854"/><temp name="T1977"/><temp name="T1919"/><temp name="T1839"/><temp name="T2048"/><temp name="T1891"/><temp name="T1936"/><temp name="T1858"/><temp name="T1960"/><temp name="T1966"/><temp name="T1870"/><temp name="T1886"/><temp name="T1946"/><temp name="T2022"/></temps></instruction><instruction code="ADD T1838, T594, T595"><temps name="use"><temp name="T594"/><temp name="T595"/></temps><temps name="def"><temp name="T1838"/></temps><temps name="in"><temp name="T26"/><temp name="T1905"/><temp name="T1954"/><temp name="T1971"/><temp name="T1932"/><temp name="T2037"/><temp name="T2026"/><temp name="T595"/><temp name="T2043"/><temp name="T1864"/><temp name="T1940"/><temp name="T594"/><temp name="T1899"/><temp name="T1882"/><temp name="T1895"/><temp name="T1925"/><temp name="T1874"/><temp name="T1913"/><temp name="T2032"/><temp name="T1854"/><temp name="T1977"/><temp name="T1919"/><temp name="T1839"/><temp name="T2048"/><temp name="T1891"/><temp name="T1936"/><temp name="T1858"/><temp name="T1960"/><temp name="T1966"/><temp name="T1870"/><temp name="T1886"/><temp name="T1946"/><temp name="T2022"/></temps><temps name="out"><temp name="T26"/><temp name="T1905"/><temp name="T1954"/><temp name="T1838"/><temp name="T1971"/><temp name="T1932"/><temp name="T2037"/><temp name="T2026"/><temp name="T2043"/><temp name="T1864"/><temp name="T1940"/><temp name="T1899"/><temp name="T1882"/><temp name="T1895"/><temp name="T1925"/><temp name="T1874"/><temp name="T1913"/><temp name="T2032"/><temp name="T1854"/><temp name="T1977"/><temp name="T1919"/><temp name="T1839"/><temp name="T2048"/><temp name="T1891"/><temp name="T1936"/><temp name="T1858"/><temp name="T1960"/><temp name="T1966"/><temp name="T1870"/><temp name="T1886"/><temp name="T1946"/><temp name="T2022"/></temps></instruction><instruction code="OR T596, T1838, 0"><temps name="use"><temp name="T1838"/></temps><temps name="def"><temp name="T596"/></temps><temps name="in"><temp name="T26"/><temp name="T1905"/><temp name="T1954"/><temp name="T1838"/><temp name="T1971"/><temp name="T1932"/><temp name="T2037"/><temp name="T2026"/><temp name="T2043"/><temp name="T1864"/><temp name="T1940"/><temp name="T1899"/><temp name="T1882"/><temp name="T1895"/><temp name="T1925"/><temp name="T1874"/><temp name="T1913"/><temp name="T2032"/><temp name="T1854"/><temp name="T1977"/><temp name="T1919"/><temp name="T1839"/><temp name="T2048"/><temp name="T1891"/><temp name="T1936"/><temp name="T1858"/><temp name="T1960"/><temp name="T1966"/><temp name="T1870"/><temp name="T1886"/><temp name="T1946"/><temp name="T2022"/></temps><temps name="out"><temp name="T26"/><temp name="T1905"/><temp name="T1954"/><temp name="T1971"/><temp name="T1932"/><temp name="T2037"/><temp name="T2026"/><temp name="T2043"/><temp name="T1864"/><temp name="T1940"/><temp name="T1899"/><temp name="T1882"/><temp name="T1895"/><temp name="T1925"/><temp name="T1874"/><temp name="T1913"/><temp name="T2032"/><temp name="T1854"/><temp name="T1977"/><temp name="T1919"/><temp name="T1839"/><temp name="T2048"/><temp name="T1891"/><temp name="T1936"/><temp name="T1858"/><temp name="T1960"/><temp name="T1966"/><temp name="T1870"/><temp name="T1886"/><temp name="T1946"/><temp name="T2022"/></temps></instruction><instruction code="LDO T1840, T1839, 0"><temps name="use"><temp name="T1839"/></temps><temps name="def"><temp name="T1840"/></temps><temps name="in"><temp name="T26"/><temp name="T1905"/><temp name="T1954"/><temp name="T1971"/><temp name="T1932"/><temp name="T2037"/><temp name="T2026"/><temp name="T2043"/><temp name="T1864"/><temp name="T1940"/><temp name="T1899"/><temp name="T1882"/><temp name="T1895"/><temp name="T1925"/><temp name="T1874"/><temp name="T1913"/><temp name="T2032"/><temp name="T1854"/><temp name="T1977"/><temp name="T1919"/><temp name="T1839"/><temp name="T2048"/><temp name="T1891"/><temp name="T1936"/><temp name="T1858"/><temp name="T1960"/><temp name="T1966"/><temp name="T1870"/><temp name="T1886"/><temp name="T1946"/><temp name="T2022"/></temps><temps name="out"><temp name="T26"/><temp name="T1905"/><temp name="T1954"/><temp name="T1840"/><temp name="T1971"/><temp name="T1932"/><temp name="T2037"/><temp name="T2026"/><temp name="T2043"/><temp name="T1864"/><temp name="T1940"/><temp name="T1899"/><temp name="T1882"/><temp name="T1895"/><temp name="T1925"/><temp name="T1874"/><temp name="T1913"/><temp name="T2032"/><temp name="T1854"/><temp name="T1977"/><temp name="T1919"/><temp name="T1839"/><temp name="T2048"/><temp name="T1891"/><temp name="T1936"/><temp name="T1858"/><temp name="T1960"/><temp name="T1966"/><temp name="T1870"/><temp name="T1886"/><temp name="T1946"/><temp name="T2022"/></temps></instruction><instruction code="OR T597, T1840, 0"><temps name="use"><temp name="T1840"/></temps><temps name="def"><temp name="T597"/></temps><temps name="in"><temp name="T26"/><temp name="T1905"/><temp name="T1954"/><temp name="T1840"/><temp name="T1971"/><temp name="T1932"/><temp name="T2037"/><temp name="T2026"/><temp name="T2043"/><temp name="T1864"/><temp name="T1940"/><temp name="T1899"/><temp name="T1882"/><temp name="T1895"/><temp name="T1925"/><temp name="T1874"/><temp name="T1913"/><temp name="T2032"/><temp name="T1854"/><temp name="T1977"/><temp name="T1919"/><temp name="T1839"/><temp name="T2048"/><temp name="T1891"/><temp name="T1936"/><temp name="T1858"/><temp name="T1960"/><temp name="T1966"/><temp name="T1870"/><temp name="T1886"/><temp name="T1946"/><temp name="T2022"/></temps><temps name="out"><temp name="T26"/><temp name="T1905"/><temp name="T1954"/><temp name="T1971"/><temp name="T1932"/><temp name="T2037"/><temp name="T2026"/><temp name="T2043"/><temp name="T1864"/><temp name="T1940"/><temp name="T1899"/><temp name="T597"/><temp name="T1882"/><temp name="T1895"/><temp name="T1925"/><temp name="T1874"/><temp name="T1913"/><temp name="T2032"/><temp name="T1854"/><temp name="T1977"/><temp name="T1919"/><temp name="T1839"/><temp name="T2048"/><temp name="T1891"/><temp name="T1936"/><temp name="T1858"/><temp name="T1960"/><temp name="T1966"/><temp name="T1870"/><temp name="T1886"/><temp name="T1946"/><temp name="T2022"/></temps></instruction><instruction code="SETL  T1841, 9"><temps name="use"/><temps name="def"><temp name="T1841"/></temps><temps name="in"><temp name="T26"/><temp name="T1905"/><temp name="T1954"/><temp name="T1971"/><temp name="T1932"/><temp name="T2037"/><temp name="T2026"/><temp name="T2043"/><temp name="T1864"/><temp name="T1940"/><temp name="T1899"/><temp name="T597"/><temp name="T1882"/><temp name="T1895"/><temp name="T1925"/><temp name="T1874"/><temp name="T1913"/><temp name="T2032"/><temp name="T1854"/><temp name="T1977"/><temp name="T1919"/><temp name="T1839"/><temp name="T2048"/><temp name="T1891"/><temp name="T1936"/><temp name="T1858"/><temp name="T1960"/><temp name="T1966"/><temp name="T1870"/><temp name="T1886"/><temp name="T1946"/><temp name="T2022"/></temps><temps name="out"><temp name="T26"/><temp name="T1905"/><temp name="T1954"/><temp name="T1971"/><temp name="T1932"/><temp name="T2037"/><temp name="T2026"/><temp name="T2043"/><temp name="T1864"/><temp name="T1940"/><temp name="T1899"/><temp name="T597"/><temp name="T1882"/><temp name="T1895"/><temp name="T1925"/><temp name="T1874"/><temp name="T1913"/><temp name="T2032"/><temp name="T1854"/><temp name="T1977"/><temp name="T1919"/><temp name="T1839"/><temp name="T2048"/><temp name="T1891"/><temp name="T1936"/><temp name="T1858"/><temp name="T1960"/><temp name="T1966"/><temp name="T1870"/><temp name="T1886"/><temp name="T1946"/><temp name="T2022"/></temps></instruction><instruction code="INCML T1841, 0"><temps name="use"/><temps name="def"><temp name="T1841"/></temps><temps name="in"><temp name="T26"/><temp name="T1905"/><temp name="T1954"/><temp name="T1971"/><temp name="T1932"/><temp name="T2037"/><temp name="T2026"/><temp name="T2043"/><temp name="T1864"/><temp name="T1940"/><temp name="T1899"/><temp name="T597"/><temp name="T1882"/><temp name="T1895"/><temp name="T1925"/><temp name="T1874"/><temp name="T1913"/><temp name="T2032"/><temp name="T1854"/><temp name="T1977"/><temp name="T1919"/><temp name="T1839"/><temp name="T2048"/><temp name="T1891"/><temp name="T1936"/><temp name="T1858"/><temp name="T1960"/><temp name="T1966"/><temp name="T1870"/><temp name="T1886"/><temp name="T1946"/><temp name="T2022"/></temps><temps name="out"><temp name="T26"/><temp name="T1905"/><temp name="T1954"/><temp name="T1971"/><temp name="T1932"/><temp name="T2037"/><temp name="T2026"/><temp name="T2043"/><temp name="T1864"/><temp name="T1940"/><temp name="T1899"/><temp name="T597"/><temp name="T1882"/><temp name="T1895"/><temp name="T1925"/><temp name="T1874"/><temp name="T1913"/><temp name="T2032"/><temp name="T1854"/><temp name="T1977"/><temp name="T1919"/><temp name="T1839"/><temp name="T2048"/><temp name="T1891"/><temp name="T1936"/><temp name="T1858"/><temp name="T1960"/><temp name="T1966"/><temp name="T1870"/><temp name="T1886"/><temp name="T1946"/><temp name="T2022"/></temps></instruction><instruction code="INCMH T1841, 0"><temps name="use"/><temps name="def"><temp name="T1841"/></temps><temps name="in"><temp name="T26"/><temp name="T1905"/><temp name="T1954"/><temp name="T1971"/><temp name="T1932"/><temp name="T2037"/><temp name="T2026"/><temp name="T2043"/><temp name="T1864"/><temp name="T1940"/><temp name="T1899"/><temp name="T597"/><temp name="T1882"/><temp name="T1895"/><temp name="T1925"/><temp name="T1874"/><temp name="T1913"/><temp name="T2032"/><temp name="T1854"/><temp name="T1977"/><temp name="T1919"/><temp name="T1839"/><temp name="T2048"/><temp name="T1891"/><temp name="T1936"/><temp name="T1858"/><temp name="T1960"/><temp name="T1966"/><temp name="T1870"/><temp name="T1886"/><temp name="T1946"/><temp name="T2022"/></temps><temps name="out"><temp name="T26"/><temp name="T1905"/><temp name="T1954"/><temp name="T1971"/><temp name="T1932"/><temp name="T2037"/><temp name="T2026"/><temp name="T2043"/><temp name="T1864"/><temp name="T1940"/><temp name="T1899"/><temp name="T597"/><temp name="T1882"/><temp name="T1895"/><temp name="T1925"/><temp name="T1874"/><temp name="T1913"/><temp name="T2032"/><temp name="T1854"/><temp name="T1977"/><temp name="T1919"/><temp name="T1839"/><temp name="T2048"/><temp name="T1891"/><temp name="T1936"/><temp name="T1858"/><temp name="T1960"/><temp name="T1966"/><temp name="T1870"/><temp name="T1886"/><temp name="T1946"/><temp name="T2022"/></temps></instruction><instruction code="INCH  T1841, 0"><temps name="use"/><temps name="def"><temp name="T1841"/></temps><temps name="in"><temp name="T26"/><temp name="T1905"/><temp name="T1954"/><temp name="T1971"/><temp name="T1932"/><temp name="T2037"/><temp name="T2026"/><temp name="T2043"/><temp name="T1864"/><temp name="T1940"/><temp name="T1899"/><temp name="T597"/><temp name="T1882"/><temp name="T1895"/><temp name="T1925"/><temp name="T1874"/><temp name="T1913"/><temp name="T2032"/><temp name="T1854"/><temp name="T1977"/><temp name="T1919"/><temp name="T1839"/><temp name="T2048"/><temp name="T1891"/><temp name="T1936"/><temp name="T1858"/><temp name="T1960"/><temp name="T1966"/><temp name="T1870"/><temp name="T1886"/><temp name="T1946"/><temp name="T2022"/></temps><temps name="out"><temp name="T26"/><temp name="T1905"/><temp name="T1954"/><temp name="T1971"/><temp name="T1932"/><temp name="T1841"/><temp name="T2037"/><temp name="T2026"/><temp name="T2043"/><temp name="T1864"/><temp name="T1940"/><temp name="T1899"/><temp name="T597"/><temp name="T1882"/><temp name="T1895"/><temp name="T1925"/><temp name="T1874"/><temp name="T1913"/><temp name="T2032"/><temp name="T1854"/><temp name="T1977"/><temp name="T1919"/><temp name="T1839"/><temp name="T2048"/><temp name="T1891"/><temp name="T1936"/><temp name="T1858"/><temp name="T1960"/><temp name="T1966"/><temp name="T1870"/><temp name="T1886"/><temp name="T1946"/><temp name="T2022"/></temps></instruction><instruction code="OR T598, T1841, 0"><temps name="use"><temp name="T1841"/></temps><temps name="def"><temp name="T598"/></temps><temps name="in"><temp name="T26"/><temp name="T1905"/><temp name="T1954"/><temp name="T1971"/><temp name="T1932"/><temp name="T1841"/><temp name="T2037"/><temp name="T2026"/><temp name="T2043"/><temp name="T1864"/><temp name="T1940"/><temp name="T1899"/><temp name="T597"/><temp name="T1882"/><temp name="T1895"/><temp name="T1925"/><temp name="T1874"/><temp name="T1913"/><temp name="T2032"/><temp name="T1854"/><temp name="T1977"/><temp name="T1919"/><temp name="T1839"/><temp name="T2048"/><temp name="T1891"/><temp name="T1936"/><temp name="T1858"/><temp name="T1960"/><temp name="T1966"/><temp name="T1870"/><temp name="T1886"/><temp name="T1946"/><temp name="T2022"/></temps><temps name="out"><temp name="T26"/><temp name="T1905"/><temp name="T1954"/><temp name="T1971"/><temp name="T1932"/><temp name="T2037"/><temp name="T598"/><temp name="T2026"/><temp name="T2043"/><temp name="T1864"/><temp name="T1940"/><temp name="T1899"/><temp name="T597"/><temp name="T1882"/><temp name="T1895"/><temp name="T1925"/><temp name="T1874"/><temp name="T1913"/><temp name="T2032"/><temp name="T1854"/><temp name="T1977"/><temp name="T1919"/><temp name="T1839"/><temp name="T2048"/><temp name="T1891"/><temp name="T1936"/><temp name="T1858"/><temp name="T1960"/><temp name="T1966"/><temp name="T1870"/><temp name="T1886"/><temp name="T1946"/><temp name="T2022"/></temps></instruction><instruction code="CMP T1842, T597, T598"><temps name="use"><temp name="T597"/><temp name="T598"/></temps><temps name="def"><temp name="T1842"/></temps><temps name="in"><temp name="T26"/><temp name="T1905"/><temp name="T1954"/><temp name="T1971"/><temp name="T1932"/><temp name="T2037"/><temp name="T598"/><temp name="T2026"/><temp name="T2043"/><temp name="T1864"/><temp name="T1940"/><temp name="T1899"/><temp name="T597"/><temp name="T1882"/><temp name="T1895"/><temp name="T1925"/><temp name="T1874"/><temp name="T1913"/><temp name="T2032"/><temp name="T1854"/><temp name="T1977"/><temp name="T1919"/><temp name="T1839"/><temp name="T2048"/><temp name="T1891"/><temp name="T1936"/><temp name="T1858"/><temp name="T1960"/><temp name="T1966"/><temp name="T1870"/><temp name="T1886"/><temp name="T1946"/><temp name="T2022"/></temps><temps name="out"><temp name="T26"/><temp name="T1905"/><temp name="T1954"/><temp name="T1971"/><temp name="T1932"/><temp name="T2037"/><temp name="T2026"/><temp name="T2043"/><temp name="T1864"/><temp name="T1940"/><temp name="T1899"/><temp name="T1882"/><temp name="T1895"/><temp name="T1925"/><temp name="T1874"/><temp name="T1913"/><temp name="T2032"/><temp name="T1854"/><temp name="T1977"/><temp name="T1919"/><temp name="T1839"/><temp name="T1842"/><temp name="T2048"/><temp name="T1891"/><temp name="T1936"/><temp name="T1858"/><temp name="T1960"/><temp name="T1966"/><temp name="T1870"/><temp name="T1886"/><temp name="T1946"/><temp name="T2022"/></temps></instruction><instruction code="ZSNP T1842, T1842, 1"><temps name="use"><temp name="T1842"/></temps><temps name="def"><temp name="T1842"/></temps><temps name="in"><temp name="T26"/><temp name="T1905"/><temp name="T1954"/><temp name="T1971"/><temp name="T1932"/><temp name="T2037"/><temp name="T2026"/><temp name="T2043"/><temp name="T1864"/><temp name="T1940"/><temp name="T1899"/><temp name="T1882"/><temp name="T1895"/><temp name="T1925"/><temp name="T1874"/><temp name="T1913"/><temp name="T2032"/><temp name="T1854"/><temp name="T1977"/><temp name="T1919"/><temp name="T1839"/><temp name="T1842"/><temp name="T2048"/><temp name="T1891"/><temp name="T1936"/><temp name="T1858"/><temp name="T1960"/><temp name="T1966"/><temp name="T1870"/><temp name="T1886"/><temp name="T1946"/><temp name="T2022"/></temps><temps name="out"><temp name="T26"/><temp name="T1905"/><temp name="T1954"/><temp name="T1971"/><temp name="T1932"/><temp name="T2037"/><temp name="T2026"/><temp name="T2043"/><temp name="T1864"/><temp name="T1940"/><temp name="T1899"/><temp name="T1882"/><temp name="T1895"/><temp name="T1925"/><temp name="T1874"/><temp name="T1913"/><temp name="T2032"/><temp name="T1854"/><temp name="T1977"/><temp name="T1919"/><temp name="T1839"/><temp name="T1842"/><temp name="T2048"/><temp name="T1891"/><temp name="T1936"/><temp name="T1858"/><temp name="T1960"/><temp name="T1966"/><temp name="T1870"/><temp name="T1886"/><temp name="T1946"/><temp name="T2022"/></temps></instruction><instruction code="OR T599, T1842, 0"><temps name="use"><temp name="T1842"/></temps><temps name="def"><temp name="T599"/></temps><temps name="in"><temp name="T26"/><temp name="T1905"/><temp name="T1954"/><temp name="T1971"/><temp name="T1932"/><temp name="T2037"/><temp name="T2026"/><temp name="T2043"/><temp name="T1864"/><temp name="T1940"/><temp name="T1899"/><temp name="T1882"/><temp name="T1895"/><temp name="T1925"/><temp name="T1874"/><temp name="T1913"/><temp name="T2032"/><temp name="T1854"/><temp name="T1977"/><temp name="T1919"/><temp name="T1839"/><temp name="T1842"/><temp name="T2048"/><temp name="T1891"/><temp name="T1936"/><temp name="T1858"/><temp name="T1960"/><temp name="T1966"/><temp name="T1870"/><temp name="T1886"/><temp name="T1946"/><temp name="T2022"/></temps><temps name="out"><temp name="T26"/><temp name="T1905"/><temp name="T1954"/><temp name="T1971"/><temp name="T1932"/><temp name="T2037"/><temp name="T2026"/><temp name="T2043"/><temp name="T1864"/><temp name="T1940"/><temp name="T1899"/><temp name="T1882"/><temp name="T1895"/><temp name="T1925"/><temp name="T1874"/><temp name="T1913"/><temp name="T2032"/><temp name="T1854"/><temp name="T1977"/><temp name="T1919"/><temp name="T1839"/><temp name="T2048"/><temp name="T1891"/><temp name="T1936"/><temp name="T1858"/><temp name="T599"/><temp name="T1960"/><temp name="T1966"/><temp name="T1870"/><temp name="T1886"/><temp name="T1946"/><temp name="T2022"/></temps></instruction><instruction code="BNZ T599, L73"><temps name="use"><temp name="T599"/></temps><temps name="def"/><temps name="in"><temp name="T26"/><temp name="T1905"/><temp name="T1954"/><temp name="T1971"/><temp name="T1932"/><temp name="T2037"/><temp name="T2026"/><temp name="T2043"/><temp name="T1864"/><temp name="T1940"/><temp name="T1899"/><temp name="T1882"/><temp name="T1895"/><temp name="T1925"/><temp name="T1874"/><temp name="T1913"/><temp name="T2032"/><temp name="T1854"/><temp name="T1977"/><temp name="T1919"/><temp name="T1839"/><temp name="T2048"/><temp name="T1891"/><temp name="T1936"/><temp name="T1858"/><temp name="T599"/><temp name="T1960"/><temp name="T1966"/><temp name="T1870"/><temp name="T1886"/><temp name="T1946"/><temp name="T2022"/></temps><temps name="out"><temp name="T26"/><temp name="T1905"/><temp name="T1954"/><temp name="T1971"/><temp name="T1932"/><temp name="T2037"/><temp name="T2026"/><temp name="T2043"/><temp name="T1864"/><temp name="T1940"/><temp name="T1899"/><temp name="T1882"/><temp name="T1895"/><temp name="T1925"/><temp name="T1874"/><temp name="T1913"/><temp name="T2032"/><temp name="T1854"/><temp name="T1977"/><temp name="T1919"/><temp name="T1839"/><temp name="T2048"/><temp name="T1891"/><temp name="T1936"/><temp name="T1858"/><temp name="T1960"/><temp name="T1966"/><temp name="T1870"/><temp name="T1886"/><temp name="T1946"/><temp name="T2022"/></temps></instruction><instruction code="L143"><temps name="use"/><temps name="def"/><temps name="in"><temp name="T26"/><temp name="T1905"/><temp name="T1954"/><temp name="T1971"/><temp name="T1932"/><temp name="T2037"/><temp name="T2026"/><temp name="T2043"/><temp name="T1864"/><temp name="T1940"/><temp name="T1899"/><temp name="T1882"/><temp name="T1895"/><temp name="T1925"/><temp name="T1874"/><temp name="T1913"/><temp name="T2032"/><temp name="T1854"/><temp name="T1977"/><temp name="T1919"/><temp name="T1839"/><temp name="T2048"/><temp name="T1891"/><temp name="T1936"/><temp name="T1858"/><temp name="T1960"/><temp name="T1966"/><temp name="T1870"/><temp name="T1886"/><temp name="T1946"/><temp name="T2022"/></temps><temps name="out"><temp name="T26"/><temp name="T1905"/><temp name="T1954"/><temp name="T1971"/><temp name="T1932"/><temp name="T2037"/><temp name="T2026"/><temp name="T2043"/><temp name="T1864"/><temp name="T1940"/><temp name="T1899"/><temp name="T1882"/><temp name="T1895"/><temp name="T1925"/><temp name="T1874"/><temp name="T1913"/><temp name="T2032"/><temp name="T1854"/><temp name="T1977"/><temp name="T1919"/><temp name="T1839"/><temp name="T2048"/><temp name="T1891"/><temp name="T1936"/><temp name="T1858"/><temp name="T1960"/><temp name="T1966"/><temp name="T1870"/><temp name="T1886"/><temp name="T1946"/><temp name="T2022"/></temps></instruction><instruction code="LDA T1843, L74"><temps name="use"/><temps name="def"><temp name="T1843"/></temps><temps name="in"><temp name="T26"/><temp name="T1905"/><temp name="T1954"/><temp name="T1971"/><temp name="T1932"/><temp name="T2037"/><temp name="T2026"/><temp name="T2043"/><temp name="T1864"/><temp name="T1940"/><temp name="T1899"/><temp name="T1882"/><temp name="T1895"/><temp name="T1925"/><temp name="T1874"/><temp name="T1913"/><temp name="T2032"/><temp name="T1854"/><temp name="T1977"/><temp name="T1919"/><temp name="T1839"/><temp name="T2048"/><temp name="T1891"/><temp name="T1936"/><temp name="T1858"/><temp name="T1960"/><temp name="T1966"/><temp name="T1870"/><temp name="T1886"/><temp name="T1946"/><temp name="T2022"/></temps><temps name="out"><temp name="T26"/><temp name="T1905"/><temp name="T1954"/><temp name="T1971"/><temp name="T1932"/><temp name="T2037"/><temp name="T2026"/><temp name="T2043"/><temp name="T1864"/><temp name="T1940"/><temp name="T1843"/><temp name="T1899"/><temp name="T1882"/><temp name="T1895"/><temp name="T1925"/><temp name="T1874"/><temp name="T1913"/><temp name="T2032"/><temp name="T1854"/><temp name="T1977"/><temp name="T1919"/><temp name="T1839"/><temp name="T2048"/><temp name="T1891"/><temp name="T1936"/><temp name="T1858"/><temp name="T1960"/><temp name="T1966"/><temp name="T1870"/><temp name="T1886"/><temp name="T1946"/><temp name="T2022"/></temps></instruction><instruction code="GO T1843, T1843, 0"><temps name="use"><temp name="T1843"/></temps><temps name="def"><temp name="T1843"/></temps><temps name="in"><temp name="T26"/><temp name="T1905"/><temp name="T1954"/><temp name="T1971"/><temp name="T1932"/><temp name="T2037"/><temp name="T2026"/><temp name="T2043"/><temp name="T1864"/><temp name="T1940"/><temp name="T1843"/><temp name="T1899"/><temp name="T1882"/><temp name="T1895"/><temp name="T1925"/><temp name="T1874"/><temp name="T1913"/><temp name="T2032"/><temp name="T1854"/><temp name="T1977"/><temp name="T1919"/><temp name="T1839"/><temp name="T2048"/><temp name="T1891"/><temp name="T1936"/><temp name="T1858"/><temp name="T1960"/><temp name="T1966"/><temp name="T1870"/><temp name="T1886"/><temp name="T1946"/><temp name="T2022"/></temps><temps name="out"><temp name="T26"/><temp name="T1905"/><temp name="T1954"/><temp name="T1971"/><temp name="T1932"/><temp name="T2037"/><temp name="T2026"/><temp name="T2043"/><temp name="T1864"/><temp name="T1940"/><temp name="T1899"/><temp name="T1882"/><temp name="T1895"/><temp name="T1925"/><temp name="T1874"/><temp name="T1913"/><temp name="T2032"/><temp name="T1854"/><temp name="T1977"/><temp name="T1919"/><temp name="T1839"/><temp name="T2048"/><temp name="T1891"/><temp name="T1936"/><temp name="T1858"/><temp name="T1960"/><temp name="T1966"/><temp name="T1870"/><temp name="T1886"/><temp name="T1946"/><temp name="T2022"/></temps></instruction><instruction code="L73"><temps name="use"/><temps name="def"/><temps name="in"><temp name="T26"/><temp name="T1905"/><temp name="T1954"/><temp name="T1971"/><temp name="T1932"/><temp name="T2037"/><temp name="T2026"/><temp name="T2043"/><temp name="T1864"/><temp name="T1940"/><temp name="T1899"/><temp name="T1882"/><temp name="T1895"/><temp name="T1925"/><temp name="T1874"/><temp name="T1913"/><temp name="T2032"/><temp name="T1854"/><temp name="T1977"/><temp name="T1919"/><temp name="T1839"/><temp name="T2048"/><temp name="T1891"/><temp name="T1936"/><temp name="T1858"/><temp name="T1960"/><temp name="T1966"/><temp name="T1870"/><temp name="T1886"/><temp name="T1946"/><temp name="T2022"/></temps><temps name="out"><temp name="T26"/><temp name="T1905"/><temp name="T1954"/><temp name="T1971"/><temp name="T1932"/><temp name="T2037"/><temp name="T2026"/><temp name="T2043"/><temp name="T1864"/><temp name="T1940"/><temp name="T1899"/><temp name="T1882"/><temp name="T1895"/><temp name="T1925"/><temp name="T1874"/><temp name="T1913"/><temp name="T2032"/><temp name="T1854"/><temp name="T1977"/><temp name="T1919"/><temp name="T1839"/><temp name="T2048"/><temp name="T1891"/><temp name="T1936"/><temp name="T1858"/><temp name="T1960"/><temp name="T1966"/><temp name="T1870"/><temp name="T1886"/><temp name="T1946"/><temp name="T2022"/></temps></instruction><instruction code="SETL  T1844, 0"><temps name="use"/><temps name="def"><temp name="T1844"/></temps><temps name="in"><temp name="T26"/><temp name="T1905"/><temp name="T1954"/><temp name="T1971"/><temp name="T1932"/><temp name="T2037"/><temp name="T2026"/><temp name="T2043"/><temp name="T1864"/><temp name="T1940"/><temp name="T1899"/><temp name="T1882"/><temp name="T1895"/><temp name="T1925"/><temp name="T1874"/><temp name="T1913"/><temp name="T2032"/><temp name="T1854"/><temp name="T1977"/><temp name="T1919"/><temp name="T1839"/><temp name="T2048"/><temp name="T1891"/><temp name="T1936"/><temp name="T1858"/><temp name="T1960"/><temp name="T1966"/><temp name="T1870"/><temp name="T1886"/><temp name="T1946"/><temp name="T2022"/></temps><temps name="out"><temp name="T26"/><temp name="T1905"/><temp name="T1954"/><temp name="T1971"/><temp name="T1932"/><temp name="T2037"/><temp name="T2026"/><temp name="T2043"/><temp name="T1864"/><temp name="T1940"/><temp name="T1899"/><temp name="T1882"/><temp name="T1895"/><temp name="T1925"/><temp name="T1874"/><temp name="T1913"/><temp name="T2032"/><temp name="T1854"/><temp name="T1977"/><temp name="T1919"/><temp name="T1839"/><temp name="T2048"/><temp name="T1891"/><temp name="T1936"/><temp name="T1858"/><temp name="T1960"/><temp name="T1966"/><temp name="T1870"/><temp name="T1886"/><temp name="T1946"/><temp name="T2022"/></temps></instruction><instruction code="INCML T1844, 0"><temps name="use"/><temps name="def"><temp name="T1844"/></temps><temps name="in"><temp name="T26"/><temp name="T1905"/><temp name="T1954"/><temp name="T1971"/><temp name="T1932"/><temp name="T2037"/><temp name="T2026"/><temp name="T2043"/><temp name="T1864"/><temp name="T1940"/><temp name="T1899"/><temp name="T1882"/><temp name="T1895"/><temp name="T1925"/><temp name="T1874"/><temp name="T1913"/><temp name="T2032"/><temp name="T1854"/><temp name="T1977"/><temp name="T1919"/><temp name="T1839"/><temp name="T2048"/><temp name="T1891"/><temp name="T1936"/><temp name="T1858"/><temp name="T1960"/><temp name="T1966"/><temp name="T1870"/><temp name="T1886"/><temp name="T1946"/><temp name="T2022"/></temps><temps name="out"><temp name="T26"/><temp name="T1905"/><temp name="T1954"/><temp name="T1971"/><temp name="T1932"/><temp name="T2037"/><temp name="T2026"/><temp name="T2043"/><temp name="T1864"/><temp name="T1940"/><temp name="T1899"/><temp name="T1882"/><temp name="T1895"/><temp name="T1925"/><temp name="T1874"/><temp name="T1913"/><temp name="T2032"/><temp name="T1854"/><temp name="T1977"/><temp name="T1919"/><temp name="T1839"/><temp name="T2048"/><temp name="T1891"/><temp name="T1936"/><temp name="T1858"/><temp name="T1960"/><temp name="T1966"/><temp name="T1870"/><temp name="T1886"/><temp name="T1946"/><temp name="T2022"/></temps></instruction><instruction code="INCMH T1844, 0"><temps name="use"/><temps name="def"><temp name="T1844"/></temps><temps name="in"><temp name="T26"/><temp name="T1905"/><temp name="T1954"/><temp name="T1971"/><temp name="T1932"/><temp name="T2037"/><temp name="T2026"/><temp name="T2043"/><temp name="T1864"/><temp name="T1940"/><temp name="T1899"/><temp name="T1882"/><temp name="T1895"/><temp name="T1925"/><temp name="T1874"/><temp name="T1913"/><temp name="T2032"/><temp name="T1854"/><temp name="T1977"/><temp name="T1919"/><temp name="T1839"/><temp name="T2048"/><temp name="T1891"/><temp name="T1936"/><temp name="T1858"/><temp name="T1960"/><temp name="T1966"/><temp name="T1870"/><temp name="T1886"/><temp name="T1946"/><temp name="T2022"/></temps><temps name="out"><temp name="T26"/><temp name="T1905"/><temp name="T1954"/><temp name="T1971"/><temp name="T1932"/><temp name="T2037"/><temp name="T2026"/><temp name="T2043"/><temp name="T1864"/><temp name="T1940"/><temp name="T1899"/><temp name="T1882"/><temp name="T1895"/><temp name="T1925"/><temp name="T1874"/><temp name="T1913"/><temp name="T2032"/><temp name="T1854"/><temp name="T1977"/><temp name="T1919"/><temp name="T1839"/><temp name="T2048"/><temp name="T1891"/><temp name="T1936"/><temp name="T1858"/><temp name="T1960"/><temp name="T1966"/><temp name="T1870"/><temp name="T1886"/><temp name="T1946"/><temp name="T2022"/></temps></instruction><instruction code="INCH  T1844, 0"><temps name="use"/><temps name="def"><temp name="T1844"/></temps><temps name="in"><temp name="T26"/><temp name="T1905"/><temp name="T1954"/><temp name="T1971"/><temp name="T1932"/><temp name="T2037"/><temp name="T2026"/><temp name="T2043"/><temp name="T1864"/><temp name="T1940"/><temp name="T1899"/><temp name="T1882"/><temp name="T1895"/><temp name="T1925"/><temp name="T1874"/><temp name="T1913"/><temp name="T2032"/><temp name="T1854"/><temp name="T1977"/><temp name="T1919"/><temp name="T1839"/><temp name="T2048"/><temp name="T1891"/><temp name="T1936"/><temp name="T1858"/><temp name="T1960"/><temp name="T1966"/><temp name="T1870"/><temp name="T1886"/><temp name="T1946"/><temp name="T2022"/></temps><temps name="out"><temp name="T26"/><temp name="T1905"/><temp name="T1954"/><temp name="T1971"/><temp name="T1932"/><temp name="T1844"/><temp name="T2037"/><temp name="T2026"/><temp name="T2043"/><temp name="T1864"/><temp name="T1940"/><temp name="T1899"/><temp name="T1882"/><temp name="T1895"/><temp name="T1925"/><temp name="T1874"/><temp name="T1913"/><temp name="T2032"/><temp name="T1854"/><temp name="T1977"/><temp name="T1919"/><temp name="T1839"/><temp name="T2048"/><temp name="T1891"/><temp name="T1936"/><temp name="T1858"/><temp name="T1960"/><temp name="T1966"/><temp name="T1870"/><temp name="T1886"/><temp name="T1946"/><temp name="T2022"/></temps></instruction><instruction code="OR T600, T1844, 0"><temps name="use"><temp name="T1844"/></temps><temps name="def"><temp name="T600"/></temps><temps name="in"><temp name="T26"/><temp name="T1905"/><temp name="T1954"/><temp name="T1971"/><temp name="T1932"/><temp name="T1844"/><temp name="T2037"/><temp name="T2026"/><temp name="T2043"/><temp name="T1864"/><temp name="T1940"/><temp name="T1899"/><temp name="T1882"/><temp name="T1895"/><temp name="T1925"/><temp name="T1874"/><temp name="T1913"/><temp name="T2032"/><temp name="T1854"/><temp name="T1977"/><temp name="T1919"/><temp name="T1839"/><temp name="T2048"/><temp name="T1891"/><temp name="T1936"/><temp name="T1858"/><temp name="T1960"/><temp name="T1966"/><temp name="T1870"/><temp name="T1886"/><temp name="T1946"/><temp name="T2022"/></temps><temps name="out"><temp name="T26"/><temp name="T1905"/><temp name="T1954"/><temp name="T1971"/><temp name="T1932"/><temp name="T2037"/><temp name="T2026"/><temp name="T2043"/><temp name="T1864"/><temp name="T1940"/><temp name="T600"/><temp name="T1899"/><temp name="T1882"/><temp name="T1895"/><temp name="T1925"/><temp name="T1874"/><temp name="T1913"/><temp name="T2032"/><temp name="T1854"/><temp name="T1977"/><temp name="T1919"/><temp name="T1839"/><temp name="T2048"/><temp name="T1891"/><temp name="T1936"/><temp name="T1858"/><temp name="T1960"/><temp name="T1966"/><temp name="T1870"/><temp name="T1886"/><temp name="T1946"/><temp name="T2022"/></temps></instruction><instruction code="LDO T1855, T1854, 0"><temps name="use"><temp name="T1854"/></temps><temps name="def"><temp name="T1855"/></temps><temps name="in"><temp name="T26"/><temp name="T1905"/><temp name="T1954"/><temp name="T1971"/><temp name="T1932"/><temp name="T2037"/><temp name="T2026"/><temp name="T2043"/><temp name="T1864"/><temp name="T1940"/><temp name="T600"/><temp name="T1899"/><temp name="T1882"/><temp name="T1895"/><temp name="T1925"/><temp name="T1874"/><temp name="T1913"/><temp name="T2032"/><temp name="T1854"/><temp name="T1977"/><temp name="T1919"/><temp name="T1839"/><temp name="T2048"/><temp name="T1891"/><temp name="T1936"/><temp name="T1858"/><temp name="T1960"/><temp name="T1966"/><temp name="T1870"/><temp name="T1886"/><temp name="T1946"/><temp name="T2022"/></temps><temps name="out"><temp name="T26"/><temp name="T1905"/><temp name="T1954"/><temp name="T1971"/><temp name="T1932"/><temp name="T2037"/><temp name="T2026"/><temp name="T2043"/><temp name="T1864"/><temp name="T1940"/><temp name="T600"/><temp name="T1899"/><temp name="T1882"/><temp name="T1895"/><temp name="T1925"/><temp name="T1874"/><temp name="T1913"/><temp name="T2032"/><temp name="T1854"/><temp name="T1977"/><temp name="T1919"/><temp name="T1855"/><temp name="T1839"/><temp name="T2048"/><temp name="T1891"/><temp name="T1936"/><temp name="T1858"/><temp name="T1960"/><temp name="T1966"/><temp name="T1870"/><temp name="T1886"/><temp name="T1946"/><temp name="T2022"/></temps></instruction><instruction code="STO T1855, T600, 0"><temps name="use"><temp name="T1855"/><temp name="T600"/></temps><temps name="def"/><temps name="in"><temp name="T26"/><temp name="T1905"/><temp name="T1954"/><temp name="T1971"/><temp name="T1932"/><temp name="T2037"/><temp name="T2026"/><temp name="T2043"/><temp name="T1864"/><temp name="T1940"/><temp name="T600"/><temp name="T1899"/><temp name="T1882"/><temp name="T1895"/><temp name="T1925"/><temp name="T1874"/><temp name="T1913"/><temp name="T2032"/><temp name="T1854"/><temp name="T1977"/><temp name="T1919"/><temp name="T1855"/><temp name="T1839"/><temp name="T2048"/><temp name="T1891"/><temp name="T1936"/><temp name="T1858"/><temp name="T1960"/><temp name="T1966"/><temp name="T1870"/><temp name="T1886"/><temp name="T1946"/><temp name="T2022"/></temps><temps name="out"><temp name="T26"/><temp name="T1905"/><temp name="T1954"/><temp name="T1971"/><temp name="T1932"/><temp name="T2037"/><temp name="T2026"/><temp name="T2043"/><temp name="T1864"/><temp name="T1940"/><temp name="T1899"/><temp name="T1882"/><temp name="T1895"/><temp name="T1925"/><temp name="T1874"/><temp name="T1913"/><temp name="T2032"/><temp name="T1854"/><temp name="T1977"/><temp name="T1919"/><temp name="T1839"/><temp name="T2048"/><temp name="T1891"/><temp name="T1936"/><temp name="T1858"/><temp name="T1960"/><temp name="T1966"/><temp name="T1870"/><temp name="T1886"/><temp name="T1946"/><temp name="T2022"/></temps></instruction><instruction code="OR T601, T26, 0"><temps name="use"><temp name="T26"/></temps><temps name="def"><temp name="T601"/></temps><temps name="in"><temp name="T26"/><temp name="T1905"/><temp name="T1954"/><temp name="T1971"/><temp name="T1932"/><temp name="T2037"/><temp name="T2026"/><temp name="T2043"/><temp name="T1864"/><temp name="T1940"/><temp name="T1899"/><temp name="T1882"/><temp name="T1895"/><temp name="T1925"/><temp name="T1874"/><temp name="T1913"/><temp name="T2032"/><temp name="T1854"/><temp name="T1977"/><temp name="T1919"/><temp name="T1839"/><temp name="T2048"/><temp name="T1891"/><temp name="T1936"/><temp name="T1858"/><temp name="T1960"/><temp name="T1966"/><temp name="T1870"/><temp name="T1886"/><temp name="T1946"/><temp name="T2022"/></temps><temps name="out"><temp name="T26"/><temp name="T1905"/><temp name="T1954"/><temp name="T1971"/><temp name="T1932"/><temp name="T2037"/><temp name="T2026"/><temp name="T2043"/><temp name="T1864"/><temp name="T1940"/><temp name="T1899"/><temp name="T1882"/><temp name="T1895"/><temp name="T1925"/><temp name="T1874"/><temp name="T1913"/><temp name="T2032"/><temp name="T1854"/><temp name="T1977"/><temp name="T1919"/><temp name="T1839"/><temp name="T2048"/><temp name="T1891"/><temp name="T1936"/><temp name="T1858"/><temp name="T601"/><temp name="T1960"/><temp name="T1966"/><temp name="T1870"/><temp name="T1886"/><temp name="T1946"/><temp name="T2022"/></temps></instruction><instruction code="SETL  T1856, 104"><temps name="use"/><temps name="def"><temp name="T1856"/></temps><temps name="in"><temp name="T26"/><temp name="T1905"/><temp name="T1954"/><temp name="T1971"/><temp name="T1932"/><temp name="T2037"/><temp name="T2026"/><temp name="T2043"/><temp name="T1864"/><temp name="T1940"/><temp name="T1899"/><temp name="T1882"/><temp name="T1895"/><temp name="T1925"/><temp name="T1874"/><temp name="T1913"/><temp name="T2032"/><temp name="T1854"/><temp name="T1977"/><temp name="T1919"/><temp name="T1839"/><temp name="T2048"/><temp name="T1891"/><temp name="T1936"/><temp name="T1858"/><temp name="T601"/><temp name="T1960"/><temp name="T1966"/><temp name="T1870"/><temp name="T1886"/><temp name="T1946"/><temp name="T2022"/></temps><temps name="out"><temp name="T26"/><temp name="T1905"/><temp name="T1954"/><temp name="T1971"/><temp name="T1932"/><temp name="T2037"/><temp name="T2026"/><temp name="T2043"/><temp name="T1864"/><temp name="T1940"/><temp name="T1899"/><temp name="T1882"/><temp name="T1895"/><temp name="T1925"/><temp name="T1874"/><temp name="T1913"/><temp name="T2032"/><temp name="T1854"/><temp name="T1977"/><temp name="T1919"/><temp name="T1839"/><temp name="T2048"/><temp name="T1891"/><temp name="T1936"/><temp name="T1858"/><temp name="T601"/><temp name="T1960"/><temp name="T1966"/><temp name="T1870"/><temp name="T1886"/><temp name="T1946"/><temp name="T2022"/></temps></instruction><instruction code="INCML T1856, 0"><temps name="use"/><temps name="def"><temp name="T1856"/></temps><temps name="in"><temp name="T26"/><temp name="T1905"/><temp name="T1954"/><temp name="T1971"/><temp name="T1932"/><temp name="T2037"/><temp name="T2026"/><temp name="T2043"/><temp name="T1864"/><temp name="T1940"/><temp name="T1899"/><temp name="T1882"/><temp name="T1895"/><temp name="T1925"/><temp name="T1874"/><temp name="T1913"/><temp name="T2032"/><temp name="T1854"/><temp name="T1977"/><temp name="T1919"/><temp name="T1839"/><temp name="T2048"/><temp name="T1891"/><temp name="T1936"/><temp name="T1858"/><temp name="T601"/><temp name="T1960"/><temp name="T1966"/><temp name="T1870"/><temp name="T1886"/><temp name="T1946"/><temp name="T2022"/></temps><temps name="out"><temp name="T26"/><temp name="T1905"/><temp name="T1954"/><temp name="T1971"/><temp name="T1932"/><temp name="T2037"/><temp name="T2026"/><temp name="T2043"/><temp name="T1864"/><temp name="T1940"/><temp name="T1899"/><temp name="T1882"/><temp name="T1895"/><temp name="T1925"/><temp name="T1874"/><temp name="T1913"/><temp name="T2032"/><temp name="T1854"/><temp name="T1977"/><temp name="T1919"/><temp name="T1839"/><temp name="T2048"/><temp name="T1891"/><temp name="T1936"/><temp name="T1858"/><temp name="T601"/><temp name="T1960"/><temp name="T1966"/><temp name="T1870"/><temp name="T1886"/><temp name="T1946"/><temp name="T2022"/></temps></instruction><instruction code="INCMH T1856, 0"><temps name="use"/><temps name="def"><temp name="T1856"/></temps><temps name="in"><temp name="T26"/><temp name="T1905"/><temp name="T1954"/><temp name="T1971"/><temp name="T1932"/><temp name="T2037"/><temp name="T2026"/><temp name="T2043"/><temp name="T1864"/><temp name="T1940"/><temp name="T1899"/><temp name="T1882"/><temp name="T1895"/><temp name="T1925"/><temp name="T1874"/><temp name="T1913"/><temp name="T2032"/><temp name="T1854"/><temp name="T1977"/><temp name="T1919"/><temp name="T1839"/><temp name="T2048"/><temp name="T1891"/><temp name="T1936"/><temp name="T1858"/><temp name="T601"/><temp name="T1960"/><temp name="T1966"/><temp name="T1870"/><temp name="T1886"/><temp name="T1946"/><temp name="T2022"/></temps><temps name="out"><temp name="T26"/><temp name="T1905"/><temp name="T1954"/><temp name="T1971"/><temp name="T1932"/><temp name="T2037"/><temp name="T2026"/><temp name="T2043"/><temp name="T1864"/><temp name="T1940"/><temp name="T1899"/><temp name="T1882"/><temp name="T1895"/><temp name="T1925"/><temp name="T1874"/><temp name="T1913"/><temp name="T2032"/><temp name="T1854"/><temp name="T1977"/><temp name="T1919"/><temp name="T1839"/><temp name="T2048"/><temp name="T1891"/><temp name="T1936"/><temp name="T1858"/><temp name="T601"/><temp name="T1960"/><temp name="T1966"/><temp name="T1870"/><temp name="T1886"/><temp name="T1946"/><temp name="T2022"/></temps></instruction><instruction code="INCH  T1856, 0"><temps name="use"/><temps name="def"><temp name="T1856"/></temps><temps name="in"><temp name="T26"/><temp name="T1905"/><temp name="T1954"/><temp name="T1971"/><temp name="T1932"/><temp name="T2037"/><temp name="T2026"/><temp name="T2043"/><temp name="T1864"/><temp name="T1940"/><temp name="T1899"/><temp name="T1882"/><temp name="T1895"/><temp name="T1925"/><temp name="T1874"/><temp name="T1913"/><temp name="T2032"/><temp name="T1854"/><temp name="T1977"/><temp name="T1919"/><temp name="T1839"/><temp name="T2048"/><temp name="T1891"/><temp name="T1936"/><temp name="T1858"/><temp name="T601"/><temp name="T1960"/><temp name="T1966"/><temp name="T1870"/><temp name="T1886"/><temp name="T1946"/><temp name="T2022"/></temps><temps name="out"><temp name="T26"/><temp name="T1905"/><temp name="T1954"/><temp name="T1971"/><temp name="T1932"/><temp name="T2037"/><temp name="T2026"/><temp name="T2043"/><temp name="T1864"/><temp name="T1940"/><temp name="T1899"/><temp name="T1882"/><temp name="T1895"/><temp name="T1925"/><temp name="T1874"/><temp name="T1913"/><temp name="T2032"/><temp name="T1854"/><temp name="T1977"/><temp name="T1919"/><temp name="T1839"/><temp name="T2048"/><temp name="T1891"/><temp name="T1936"/><temp name="T1858"/><temp name="T601"/><temp name="T1960"/><temp name="T1966"/><temp name="T1870"/><temp name="T1856"/><temp name="T1886"/><temp name="T1946"/><temp name="T2022"/></temps></instruction><instruction code="NEG T1856, 0, T1856"><temps name="use"><temp name="T1856"/></temps><temps name="def"><temp name="T1856"/></temps><temps name="in"><temp name="T26"/><temp name="T1905"/><temp name="T1954"/><temp name="T1971"/><temp name="T1932"/><temp name="T2037"/><temp name="T2026"/><temp name="T2043"/><temp name="T1864"/><temp name="T1940"/><temp name="T1899"/><temp name="T1882"/><temp name="T1895"/><temp name="T1925"/><temp name="T1874"/><temp name="T1913"/><temp name="T2032"/><temp name="T1854"/><temp name="T1977"/><temp name="T1919"/><temp name="T1839"/><temp name="T2048"/><temp name="T1891"/><temp name="T1936"/><temp name="T1858"/><temp name="T601"/><temp name="T1960"/><temp name="T1966"/><temp name="T1870"/><temp name="T1856"/><temp name="T1886"/><temp name="T1946"/><temp name="T2022"/></temps><temps name="out"><temp name="T26"/><temp name="T1905"/><temp name="T1954"/><temp name="T1971"/><temp name="T1932"/><temp name="T2037"/><temp name="T2026"/><temp name="T2043"/><temp name="T1864"/><temp name="T1940"/><temp name="T1899"/><temp name="T1882"/><temp name="T1895"/><temp name="T1925"/><temp name="T1874"/><temp name="T1913"/><temp name="T2032"/><temp name="T1854"/><temp name="T1977"/><temp name="T1919"/><temp name="T1839"/><temp name="T2048"/><temp name="T1891"/><temp name="T1936"/><temp name="T1858"/><temp name="T601"/><temp name="T1960"/><temp name="T1966"/><temp name="T1870"/><temp name="T1856"/><temp name="T1886"/><temp name="T1946"/><temp name="T2022"/></temps></instruction><instruction code="OR T602, T1856, 0"><temps name="use"><temp name="T1856"/></temps><temps name="def"><temp name="T602"/></temps><temps name="in"><temp name="T26"/><temp name="T1905"/><temp name="T1954"/><temp name="T1971"/><temp name="T1932"/><temp name="T2037"/><temp name="T2026"/><temp name="T2043"/><temp name="T1864"/><temp name="T1940"/><temp name="T1899"/><temp name="T1882"/><temp name="T1895"/><temp name="T1925"/><temp name="T1874"/><temp name="T1913"/><temp name="T2032"/><temp name="T1854"/><temp name="T1977"/><temp name="T1919"/><temp name="T1839"/><temp name="T2048"/><temp name="T1891"/><temp name="T1936"/><temp name="T1858"/><temp name="T601"/><temp name="T1960"/><temp name="T1966"/><temp name="T1870"/><temp name="T1856"/><temp name="T1886"/><temp name="T1946"/><temp name="T2022"/></temps><temps name="out"><temp name="T26"/><temp name="T1905"/><temp name="T1954"/><temp name="T1971"/><temp name="T1932"/><temp name="T2037"/><temp name="T2026"/><temp name="T2043"/><temp name="T1864"/><temp name="T1940"/><temp name="T1899"/><temp name="T1882"/><temp name="T1895"/><temp name="T1925"/><temp name="T1874"/><temp name="T1913"/><temp name="T2032"/><temp name="T1854"/><temp name="T1977"/><temp name="T1919"/><temp name="T1839"/><temp name="T2048"/><temp name="T1891"/><temp name="T1936"/><temp name="T1858"/><temp name="T602"/><temp name="T601"/><temp name="T1960"/><temp name="T1966"/><temp name="T1870"/><temp name="T1886"/><temp name="T1946"/><temp name="T2022"/></temps></instruction><instruction code="ADD T1857, T601, T602"><temps name="use"><temp name="T601"/><temp name="T602"/></temps><temps name="def"><temp name="T1857"/></temps><temps name="in"><temp name="T26"/><temp name="T1905"/><temp name="T1954"/><temp name="T1971"/><temp name="T1932"/><temp name="T2037"/><temp name="T2026"/><temp name="T2043"/><temp name="T1864"/><temp name="T1940"/><temp name="T1899"/><temp name="T1882"/><temp name="T1895"/><temp name="T1925"/><temp name="T1874"/><temp name="T1913"/><temp name="T2032"/><temp name="T1854"/><temp name="T1977"/><temp name="T1919"/><temp name="T1839"/><temp name="T2048"/><temp name="T1891"/><temp name="T1936"/><temp name="T1858"/><temp name="T602"/><temp name="T601"/><temp name="T1960"/><temp name="T1966"/><temp name="T1870"/><temp name="T1886"/><temp name="T1946"/><temp name="T2022"/></temps><temps name="out"><temp name="T26"/><temp name="T1905"/><temp name="T1954"/><temp name="T1971"/><temp name="T1932"/><temp name="T2037"/><temp name="T2026"/><temp name="T2043"/><temp name="T1864"/><temp name="T1940"/><temp name="T1899"/><temp name="T1882"/><temp name="T1895"/><temp name="T1925"/><temp name="T1874"/><temp name="T1913"/><temp name="T2032"/><temp name="T1857"/><temp name="T1854"/><temp name="T1977"/><temp name="T1919"/><temp name="T1839"/><temp name="T2048"/><temp name="T1891"/><temp name="T1936"/><temp name="T1858"/><temp name="T1960"/><temp name="T1966"/><temp name="T1870"/><temp name="T1886"/><temp name="T1946"/><temp name="T2022"/></temps></instruction><instruction code="OR T603, T1857, 0"><temps name="use"><temp name="T1857"/></temps><temps name="def"><temp name="T603"/></temps><temps name="in"><temp name="T26"/><temp name="T1905"/><temp name="T1954"/><temp name="T1971"/><temp name="T1932"/><temp name="T2037"/><temp name="T2026"/><temp name="T2043"/><temp name="T1864"/><temp name="T1940"/><temp name="T1899"/><temp name="T1882"/><temp name="T1895"/><temp name="T1925"/><temp name="T1874"/><temp name="T1913"/><temp name="T2032"/><temp name="T1857"/><temp name="T1854"/><temp name="T1977"/><temp name="T1919"/><temp name="T1839"/><temp name="T2048"/><temp name="T1891"/><temp name="T1936"/><temp name="T1858"/><temp name="T1960"/><temp name="T1966"/><temp name="T1870"/><temp name="T1886"/><temp name="T1946"/><temp name="T2022"/></temps><temps name="out"><temp name="T26"/><temp name="T1905"/><temp name="T1954"/><temp name="T1971"/><temp name="T1932"/><temp name="T2037"/><temp name="T2026"/><temp name="T2043"/><temp name="T1864"/><temp name="T1940"/><temp name="T1899"/><temp name="T1882"/><temp name="T1895"/><temp name="T1925"/><temp name="T1874"/><temp name="T1913"/><temp name="T2032"/><temp name="T1854"/><temp name="T1977"/><temp name="T1919"/><temp name="T1839"/><temp name="T2048"/><temp name="T1891"/><temp name="T1936"/><temp name="T1858"/><temp name="T1960"/><temp name="T1966"/><temp name="T1870"/><temp name="T1886"/><temp name="T1946"/><temp name="T2022"/></temps></instruction><instruction code="LDO T1859, T1858, 0"><temps name="use"><temp name="T1858"/></temps><temps name="def"><temp name="T1859"/></temps><temps name="in"><temp name="T26"/><temp name="T1905"/><temp name="T1954"/><temp name="T1971"/><temp name="T1932"/><temp name="T2037"/><temp name="T2026"/><temp name="T2043"/><temp name="T1864"/><temp name="T1940"/><temp name="T1899"/><temp name="T1882"/><temp name="T1895"/><temp name="T1925"/><temp name="T1874"/><temp name="T1913"/><temp name="T2032"/><temp name="T1854"/><temp name="T1977"/><temp name="T1919"/><temp name="T1839"/><temp name="T2048"/><temp name="T1891"/><temp name="T1936"/><temp name="T1858"/><temp name="T1960"/><temp name="T1966"/><temp name="T1870"/><temp name="T1886"/><temp name="T1946"/><temp name="T2022"/></temps><temps name="out"><temp name="T26"/><temp name="T1905"/><temp name="T1954"/><temp name="T1971"/><temp name="T1932"/><temp name="T2037"/><temp name="T2026"/><temp name="T2043"/><temp name="T1864"/><temp name="T1940"/><temp name="T1899"/><temp name="T1882"/><temp name="T1895"/><temp name="T1925"/><temp name="T1874"/><temp name="T1913"/><temp name="T2032"/><temp name="T1854"/><temp name="T1977"/><temp name="T1919"/><temp name="T1839"/><temp name="T2048"/><temp name="T1891"/><temp name="T1936"/><temp name="T1858"/><temp name="T1859"/><temp name="T1960"/><temp name="T1966"/><temp name="T1870"/><temp name="T1886"/><temp name="T1946"/><temp name="T2022"/></temps></instruction><instruction code="OR T604, T1859, 0"><temps name="use"><temp name="T1859"/></temps><temps name="def"><temp name="T604"/></temps><temps name="in"><temp name="T26"/><temp name="T1905"/><temp name="T1954"/><temp name="T1971"/><temp name="T1932"/><temp name="T2037"/><temp name="T2026"/><temp name="T2043"/><temp name="T1864"/><temp name="T1940"/><temp name="T1899"/><temp name="T1882"/><temp name="T1895"/><temp name="T1925"/><temp name="T1874"/><temp name="T1913"/><temp name="T2032"/><temp name="T1854"/><temp name="T1977"/><temp name="T1919"/><temp name="T1839"/><temp name="T2048"/><temp name="T1891"/><temp name="T1936"/><temp name="T1858"/><temp name="T1859"/><temp name="T1960"/><temp name="T1966"/><temp name="T1870"/><temp name="T1886"/><temp name="T1946"/><temp name="T2022"/></temps><temps name="out"><temp name="T26"/><temp name="T1905"/><temp name="T1954"/><temp name="T1971"/><temp name="T1932"/><temp name="T2037"/><temp name="T2026"/><temp name="T2043"/><temp name="T604"/><temp name="T1864"/><temp name="T1940"/><temp name="T1899"/><temp name="T1882"/><temp name="T1895"/><temp name="T1925"/><temp name="T1874"/><temp name="T1913"/><temp name="T2032"/><temp name="T1854"/><temp name="T1977"/><temp name="T1919"/><temp name="T1839"/><temp name="T2048"/><temp name="T1891"/><temp name="T1936"/><temp name="T1858"/><temp name="T1960"/><temp name="T1966"/><temp name="T1870"/><temp name="T1886"/><temp name="T1946"/><temp name="T2022"/></temps></instruction><instruction code="SETL  T1860, 1"><temps name="use"/><temps name="def"><temp name="T1860"/></temps><temps name="in"><temp name="T26"/><temp name="T1905"/><temp name="T1954"/><temp name="T1971"/><temp name="T1932"/><temp name="T2037"/><temp name="T2026"/><temp name="T2043"/><temp name="T604"/><temp name="T1864"/><temp name="T1940"/><temp name="T1899"/><temp name="T1882"/><temp name="T1895"/><temp name="T1925"/><temp name="T1874"/><temp name="T1913"/><temp name="T2032"/><temp name="T1854"/><temp name="T1977"/><temp name="T1919"/><temp name="T1839"/><temp name="T2048"/><temp name="T1891"/><temp name="T1936"/><temp name="T1858"/><temp name="T1960"/><temp name="T1966"/><temp name="T1870"/><temp name="T1886"/><temp name="T1946"/><temp name="T2022"/></temps><temps name="out"><temp name="T26"/><temp name="T1905"/><temp name="T1954"/><temp name="T1971"/><temp name="T1932"/><temp name="T2037"/><temp name="T2026"/><temp name="T2043"/><temp name="T604"/><temp name="T1864"/><temp name="T1940"/><temp name="T1899"/><temp name="T1882"/><temp name="T1895"/><temp name="T1925"/><temp name="T1874"/><temp name="T1913"/><temp name="T2032"/><temp name="T1854"/><temp name="T1977"/><temp name="T1919"/><temp name="T1839"/><temp name="T2048"/><temp name="T1891"/><temp name="T1936"/><temp name="T1858"/><temp name="T1960"/><temp name="T1966"/><temp name="T1870"/><temp name="T1886"/><temp name="T1946"/><temp name="T2022"/></temps></instruction><instruction code="INCML T1860, 0"><temps name="use"/><temps name="def"><temp name="T1860"/></temps><temps name="in"><temp name="T26"/><temp name="T1905"/><temp name="T1954"/><temp name="T1971"/><temp name="T1932"/><temp name="T2037"/><temp name="T2026"/><temp name="T2043"/><temp name="T604"/><temp name="T1864"/><temp name="T1940"/><temp name="T1899"/><temp name="T1882"/><temp name="T1895"/><temp name="T1925"/><temp name="T1874"/><temp name="T1913"/><temp name="T2032"/><temp name="T1854"/><temp name="T1977"/><temp name="T1919"/><temp name="T1839"/><temp name="T2048"/><temp name="T1891"/><temp name="T1936"/><temp name="T1858"/><temp name="T1960"/><temp name="T1966"/><temp name="T1870"/><temp name="T1886"/><temp name="T1946"/><temp name="T2022"/></temps><temps name="out"><temp name="T26"/><temp name="T1905"/><temp name="T1954"/><temp name="T1971"/><temp name="T1932"/><temp name="T2037"/><temp name="T2026"/><temp name="T2043"/><temp name="T604"/><temp name="T1864"/><temp name="T1940"/><temp name="T1899"/><temp name="T1882"/><temp name="T1895"/><temp name="T1925"/><temp name="T1874"/><temp name="T1913"/><temp name="T2032"/><temp name="T1854"/><temp name="T1977"/><temp name="T1919"/><temp name="T1839"/><temp name="T2048"/><temp name="T1891"/><temp name="T1936"/><temp name="T1858"/><temp name="T1960"/><temp name="T1966"/><temp name="T1870"/><temp name="T1886"/><temp name="T1946"/><temp name="T2022"/></temps></instruction><instruction code="INCMH T1860, 0"><temps name="use"/><temps name="def"><temp name="T1860"/></temps><temps name="in"><temp name="T26"/><temp name="T1905"/><temp name="T1954"/><temp name="T1971"/><temp name="T1932"/><temp name="T2037"/><temp name="T2026"/><temp name="T2043"/><temp name="T604"/><temp name="T1864"/><temp name="T1940"/><temp name="T1899"/><temp name="T1882"/><temp name="T1895"/><temp name="T1925"/><temp name="T1874"/><temp name="T1913"/><temp name="T2032"/><temp name="T1854"/><temp name="T1977"/><temp name="T1919"/><temp name="T1839"/><temp name="T2048"/><temp name="T1891"/><temp name="T1936"/><temp name="T1858"/><temp name="T1960"/><temp name="T1966"/><temp name="T1870"/><temp name="T1886"/><temp name="T1946"/><temp name="T2022"/></temps><temps name="out"><temp name="T26"/><temp name="T1905"/><temp name="T1954"/><temp name="T1971"/><temp name="T1932"/><temp name="T2037"/><temp name="T2026"/><temp name="T2043"/><temp name="T604"/><temp name="T1864"/><temp name="T1940"/><temp name="T1899"/><temp name="T1882"/><temp name="T1895"/><temp name="T1925"/><temp name="T1874"/><temp name="T1913"/><temp name="T2032"/><temp name="T1854"/><temp name="T1977"/><temp name="T1919"/><temp name="T1839"/><temp name="T2048"/><temp name="T1891"/><temp name="T1936"/><temp name="T1858"/><temp name="T1960"/><temp name="T1966"/><temp name="T1870"/><temp name="T1886"/><temp name="T1946"/><temp name="T2022"/></temps></instruction><instruction code="INCH  T1860, 0"><temps name="use"/><temps name="def"><temp name="T1860"/></temps><temps name="in"><temp name="T26"/><temp name="T1905"/><temp name="T1954"/><temp name="T1971"/><temp name="T1932"/><temp name="T2037"/><temp name="T2026"/><temp name="T2043"/><temp name="T604"/><temp name="T1864"/><temp name="T1940"/><temp name="T1899"/><temp name="T1882"/><temp name="T1895"/><temp name="T1925"/><temp name="T1874"/><temp name="T1913"/><temp name="T2032"/><temp name="T1854"/><temp name="T1977"/><temp name="T1919"/><temp name="T1839"/><temp name="T2048"/><temp name="T1891"/><temp name="T1936"/><temp name="T1858"/><temp name="T1960"/><temp name="T1966"/><temp name="T1870"/><temp name="T1886"/><temp name="T1946"/><temp name="T2022"/></temps><temps name="out"><temp name="T26"/><temp name="T1905"/><temp name="T1954"/><temp name="T1971"/><temp name="T1932"/><temp name="T2037"/><temp name="T2026"/><temp name="T2043"/><temp name="T604"/><temp name="T1864"/><temp name="T1940"/><temp name="T1899"/><temp name="T1882"/><temp name="T1860"/><temp name="T1895"/><temp name="T1925"/><temp name="T1874"/><temp name="T1913"/><temp name="T2032"/><temp name="T1854"/><temp name="T1977"/><temp name="T1919"/><temp name="T1839"/><temp name="T2048"/><temp name="T1891"/><temp name="T1936"/><temp name="T1858"/><temp name="T1960"/><temp name="T1966"/><temp name="T1870"/><temp name="T1886"/><temp name="T1946"/><temp name="T2022"/></temps></instruction><instruction code="OR T605, T1860, 0"><temps name="use"><temp name="T1860"/></temps><temps name="def"><temp name="T605"/></temps><temps name="in"><temp name="T26"/><temp name="T1905"/><temp name="T1954"/><temp name="T1971"/><temp name="T1932"/><temp name="T2037"/><temp name="T2026"/><temp name="T2043"/><temp name="T604"/><temp name="T1864"/><temp name="T1940"/><temp name="T1899"/><temp name="T1882"/><temp name="T1860"/><temp name="T1895"/><temp name="T1925"/><temp name="T1874"/><temp name="T1913"/><temp name="T2032"/><temp name="T1854"/><temp name="T1977"/><temp name="T1919"/><temp name="T1839"/><temp name="T2048"/><temp name="T1891"/><temp name="T1936"/><temp name="T1858"/><temp name="T1960"/><temp name="T1966"/><temp name="T1870"/><temp name="T1886"/><temp name="T1946"/><temp name="T2022"/></temps><temps name="out"><temp name="T26"/><temp name="T1905"/><temp name="T1954"/><temp name="T1971"/><temp name="T1932"/><temp name="T2037"/><temp name="T2026"/><temp name="T2043"/><temp name="T604"/><temp name="T1864"/><temp name="T1940"/><temp name="T1899"/><temp name="T1882"/><temp name="T1895"/><temp name="T1925"/><temp name="T1874"/><temp name="T1913"/><temp name="T2032"/><temp name="T1854"/><temp name="T1977"/><temp name="T1919"/><temp name="T1839"/><temp name="T2048"/><temp name="T1891"/><temp name="T1936"/><temp name="T1858"/><temp name="T1960"/><temp name="T1966"/><temp name="T1870"/><temp name="T605"/><temp name="T1886"/><temp name="T1946"/><temp name="T2022"/></temps></instruction><instruction code="ADD T1861, T604, T605"><temps name="use"><temp name="T604"/><temp name="T605"/></temps><temps name="def"><temp name="T1861"/></temps><temps name="in"><temp name="T26"/><temp name="T1905"/><temp name="T1954"/><temp name="T1971"/><temp name="T1932"/><temp name="T2037"/><temp name="T2026"/><temp name="T2043"/><temp name="T604"/><temp name="T1864"/><temp name="T1940"/><temp name="T1899"/><temp name="T1882"/><temp name="T1895"/><temp name="T1925"/><temp name="T1874"/><temp name="T1913"/><temp name="T2032"/><temp name="T1854"/><temp name="T1977"/><temp name="T1919"/><temp name="T1839"/><temp name="T2048"/><temp name="T1891"/><temp name="T1936"/><temp name="T1858"/><temp name="T1960"/><temp name="T1966"/><temp name="T1870"/><temp name="T605"/><temp name="T1886"/><temp name="T1946"/><temp name="T2022"/></temps><temps name="out"><temp name="T26"/><temp name="T1905"/><temp name="T1954"/><temp name="T1971"/><temp name="T1932"/><temp name="T2037"/><temp name="T2026"/><temp name="T2043"/><temp name="T1864"/><temp name="T1940"/><temp name="T1899"/><temp name="T1882"/><temp name="T1895"/><temp name="T1925"/><temp name="T1874"/><temp name="T1913"/><temp name="T2032"/><temp name="T1861"/><temp name="T1854"/><temp name="T1977"/><temp name="T1919"/><temp name="T1839"/><temp name="T2048"/><temp name="T1891"/><temp name="T1936"/><temp name="T1858"/><temp name="T1960"/><temp name="T1966"/><temp name="T1870"/><temp name="T1886"/><temp name="T1946"/><temp name="T2022"/></temps></instruction><instruction code="OR T606, T1861, 0"><temps name="use"><temp name="T1861"/></temps><temps name="def"><temp name="T606"/></temps><temps name="in"><temp name="T26"/><temp name="T1905"/><temp name="T1954"/><temp name="T1971"/><temp name="T1932"/><temp name="T2037"/><temp name="T2026"/><temp name="T2043"/><temp name="T1864"/><temp name="T1940"/><temp name="T1899"/><temp name="T1882"/><temp name="T1895"/><temp name="T1925"/><temp name="T1874"/><temp name="T1913"/><temp name="T2032"/><temp name="T1861"/><temp name="T1854"/><temp name="T1977"/><temp name="T1919"/><temp name="T1839"/><temp name="T2048"/><temp name="T1891"/><temp name="T1936"/><temp name="T1858"/><temp name="T1960"/><temp name="T1966"/><temp name="T1870"/><temp name="T1886"/><temp name="T1946"/><temp name="T2022"/></temps><temps name="out"><temp name="T26"/><temp name="T1905"/><temp name="T1954"/><temp name="T1971"/><temp name="T1932"/><temp name="T2037"/><temp name="T2026"/><temp name="T2043"/><temp name="T1864"/><temp name="T1940"/><temp name="T606"/><temp name="T1899"/><temp name="T1882"/><temp name="T1895"/><temp name="T1925"/><temp name="T1874"/><temp name="T1913"/><temp name="T2032"/><temp name="T1854"/><temp name="T1977"/><temp name="T1919"/><temp name="T1839"/><temp name="T2048"/><temp name="T1891"/><temp name="T1936"/><temp name="T1858"/><temp name="T1960"/><temp name="T1966"/><temp name="T1870"/><temp name="T1886"/><temp name="T1946"/><temp name="T2022"/></temps></instruction><instruction code="LDO T1865, T1864, 0"><temps name="use"><temp name="T1864"/></temps><temps name="def"><temp name="T1865"/></temps><temps name="in"><temp name="T26"/><temp name="T1905"/><temp name="T1954"/><temp name="T1971"/><temp name="T1932"/><temp name="T2037"/><temp name="T2026"/><temp name="T2043"/><temp name="T1864"/><temp name="T1940"/><temp name="T606"/><temp name="T1899"/><temp name="T1882"/><temp name="T1895"/><temp name="T1925"/><temp name="T1874"/><temp name="T1913"/><temp name="T2032"/><temp name="T1854"/><temp name="T1977"/><temp name="T1919"/><temp name="T1839"/><temp name="T2048"/><temp name="T1891"/><temp name="T1936"/><temp name="T1858"/><temp name="T1960"/><temp name="T1966"/><temp name="T1870"/><temp name="T1886"/><temp name="T1946"/><temp name="T2022"/></temps><temps name="out"><temp name="T26"/><temp name="T1905"/><temp name="T1954"/><temp name="T1971"/><temp name="T1932"/><temp name="T2037"/><temp name="T2026"/><temp name="T2043"/><temp name="T1865"/><temp name="T1864"/><temp name="T1940"/><temp name="T606"/><temp name="T1899"/><temp name="T1882"/><temp name="T1895"/><temp name="T1925"/><temp name="T1874"/><temp name="T1913"/><temp name="T2032"/><temp name="T1854"/><temp name="T1977"/><temp name="T1919"/><temp name="T1839"/><temp name="T2048"/><temp name="T1891"/><temp name="T1936"/><temp name="T1858"/><temp name="T1960"/><temp name="T1966"/><temp name="T1870"/><temp name="T1886"/><temp name="T1946"/><temp name="T2022"/></temps></instruction><instruction code="STO T1865, T606, 0"><temps name="use"><temp name="T1865"/><temp name="T606"/></temps><temps name="def"/><temps name="in"><temp name="T26"/><temp name="T1905"/><temp name="T1954"/><temp name="T1971"/><temp name="T1932"/><temp name="T2037"/><temp name="T2026"/><temp name="T2043"/><temp name="T1865"/><temp name="T1864"/><temp name="T1940"/><temp name="T606"/><temp name="T1899"/><temp name="T1882"/><temp name="T1895"/><temp name="T1925"/><temp name="T1874"/><temp name="T1913"/><temp name="T2032"/><temp name="T1854"/><temp name="T1977"/><temp name="T1919"/><temp name="T1839"/><temp name="T2048"/><temp name="T1891"/><temp name="T1936"/><temp name="T1858"/><temp name="T1960"/><temp name="T1966"/><temp name="T1870"/><temp name="T1886"/><temp name="T1946"/><temp name="T2022"/></temps><temps name="out"><temp name="T26"/><temp name="T1905"/><temp name="T1954"/><temp name="T1971"/><temp name="T1932"/><temp name="T2037"/><temp name="T2026"/><temp name="T2043"/><temp name="T1864"/><temp name="T1940"/><temp name="T1899"/><temp name="T1882"/><temp name="T1895"/><temp name="T1925"/><temp name="T1874"/><temp name="T1913"/><temp name="T2032"/><temp name="T1854"/><temp name="T1977"/><temp name="T1919"/><temp name="T1839"/><temp name="T2048"/><temp name="T1891"/><temp name="T1936"/><temp name="T1858"/><temp name="T1960"/><temp name="T1966"/><temp name="T1870"/><temp name="T1886"/><temp name="T1946"/><temp name="T2022"/></temps></instruction><instruction code="LDA T1866, L72"><temps name="use"/><temps name="def"><temp name="T1866"/></temps><temps name="in"><temp name="T26"/><temp name="T1905"/><temp name="T1954"/><temp name="T1971"/><temp name="T1932"/><temp name="T2037"/><temp name="T2026"/><temp name="T2043"/><temp name="T1864"/><temp name="T1940"/><temp name="T1899"/><temp name="T1882"/><temp name="T1895"/><temp name="T1925"/><temp name="T1874"/><temp name="T1913"/><temp name="T2032"/><temp name="T1854"/><temp name="T1977"/><temp name="T1919"/><temp name="T1839"/><temp name="T2048"/><temp name="T1891"/><temp name="T1936"/><temp name="T1858"/><temp name="T1960"/><temp name="T1966"/><temp name="T1870"/><temp name="T1886"/><temp name="T1946"/><temp name="T2022"/></temps><temps name="out"><temp name="T26"/><temp name="T1905"/><temp name="T1954"/><temp name="T1971"/><temp name="T1932"/><temp name="T2037"/><temp name="T2026"/><temp name="T2043"/><temp name="T1864"/><temp name="T1940"/><temp name="T1899"/><temp name="T1882"/><temp name="T1866"/><temp name="T1895"/><temp name="T1925"/><temp name="T1874"/><temp name="T1913"/><temp name="T2032"/><temp name="T1854"/><temp name="T1977"/><temp name="T1919"/><temp name="T1839"/><temp name="T2048"/><temp name="T1891"/><temp name="T1936"/><temp name="T1858"/><temp name="T1960"/><temp name="T1966"/><temp name="T1870"/><temp name="T1886"/><temp name="T1946"/><temp name="T2022"/></temps></instruction><instruction code="GO T1866, T1866, 0"><temps name="use"><temp name="T1866"/></temps><temps name="def"><temp name="T1866"/></temps><temps name="in"><temp name="T26"/><temp name="T1905"/><temp name="T1954"/><temp name="T1971"/><temp name="T1932"/><temp name="T2037"/><temp name="T2026"/><temp name="T2043"/><temp name="T1864"/><temp name="T1940"/><temp name="T1899"/><temp name="T1882"/><temp name="T1866"/><temp name="T1895"/><temp name="T1925"/><temp name="T1874"/><temp name="T1913"/><temp name="T2032"/><temp name="T1854"/><temp name="T1977"/><temp name="T1919"/><temp name="T1839"/><temp name="T2048"/><temp name="T1891"/><temp name="T1936"/><temp name="T1858"/><temp name="T1960"/><temp name="T1966"/><temp name="T1870"/><temp name="T1886"/><temp name="T1946"/><temp name="T2022"/></temps><temps name="out"><temp name="T26"/><temp name="T1905"/><temp name="T1954"/><temp name="T1971"/><temp name="T1932"/><temp name="T2037"/><temp name="T2026"/><temp name="T2043"/><temp name="T1864"/><temp name="T1940"/><temp name="T1899"/><temp name="T1882"/><temp name="T1895"/><temp name="T1925"/><temp name="T1874"/><temp name="T1913"/><temp name="T2032"/><temp name="T1854"/><temp name="T1977"/><temp name="T1919"/><temp name="T1839"/><temp name="T2048"/><temp name="T1891"/><temp name="T1936"/><temp name="T1858"/><temp name="T1960"/><temp name="T1966"/><temp name="T1870"/><temp name="T1886"/><temp name="T1946"/><temp name="T2022"/></temps></instruction><instruction code="L74"><temps name="use"/><temps name="def"/><temps name="in"><temp name="T26"/><temp name="T1905"/><temp name="T1954"/><temp name="T1971"/><temp name="T1932"/><temp name="T2037"/><temp name="T2026"/><temp name="T2043"/><temp name="T1940"/><temp name="T1899"/><temp name="T1882"/><temp name="T1895"/><temp name="T1925"/><temp name="T1874"/><temp name="T1913"/><temp name="T2032"/><temp name="T1977"/><temp name="T1919"/><temp name="T2048"/><temp name="T1891"/><temp name="T1936"/><temp name="T1960"/><temp name="T1966"/><temp name="T1870"/><temp name="T1886"/><temp name="T1946"/><temp name="T2022"/></temps><temps name="out"><temp name="T26"/><temp name="T1905"/><temp name="T1954"/><temp name="T1971"/><temp name="T1932"/><temp name="T2037"/><temp name="T2026"/><temp name="T2043"/><temp name="T1940"/><temp name="T1899"/><temp name="T1882"/><temp name="T1895"/><temp name="T1925"/><temp name="T1874"/><temp name="T1913"/><temp name="T2032"/><temp name="T1977"/><temp name="T1919"/><temp name="T2048"/><temp name="T1891"/><temp name="T1936"/><temp name="T1960"/><temp name="T1966"/><temp name="T1870"/><temp name="T1886"/><temp name="T1946"/><temp name="T2022"/></temps></instruction><instruction code="SETL  T1867, 0"><temps name="use"/><temps name="def"><temp name="T1867"/></temps><temps name="in"><temp name="T26"/><temp name="T1905"/><temp name="T1954"/><temp name="T1971"/><temp name="T1932"/><temp name="T2037"/><temp name="T2026"/><temp name="T2043"/><temp name="T1940"/><temp name="T1899"/><temp name="T1882"/><temp name="T1895"/><temp name="T1925"/><temp name="T1874"/><temp name="T1913"/><temp name="T2032"/><temp name="T1977"/><temp name="T1919"/><temp name="T2048"/><temp name="T1891"/><temp name="T1936"/><temp name="T1960"/><temp name="T1966"/><temp name="T1870"/><temp name="T1886"/><temp name="T1946"/><temp name="T2022"/></temps><temps name="out"><temp name="T26"/><temp name="T1905"/><temp name="T1954"/><temp name="T1971"/><temp name="T1932"/><temp name="T2037"/><temp name="T2026"/><temp name="T2043"/><temp name="T1940"/><temp name="T1899"/><temp name="T1882"/><temp name="T1895"/><temp name="T1925"/><temp name="T1874"/><temp name="T1913"/><temp name="T2032"/><temp name="T1977"/><temp name="T1919"/><temp name="T2048"/><temp name="T1891"/><temp name="T1936"/><temp name="T1960"/><temp name="T1966"/><temp name="T1870"/><temp name="T1886"/><temp name="T1946"/><temp name="T2022"/></temps></instruction><instruction code="INCML T1867, 0"><temps name="use"/><temps name="def"><temp name="T1867"/></temps><temps name="in"><temp name="T26"/><temp name="T1905"/><temp name="T1954"/><temp name="T1971"/><temp name="T1932"/><temp name="T2037"/><temp name="T2026"/><temp name="T2043"/><temp name="T1940"/><temp name="T1899"/><temp name="T1882"/><temp name="T1895"/><temp name="T1925"/><temp name="T1874"/><temp name="T1913"/><temp name="T2032"/><temp name="T1977"/><temp name="T1919"/><temp name="T2048"/><temp name="T1891"/><temp name="T1936"/><temp name="T1960"/><temp name="T1966"/><temp name="T1870"/><temp name="T1886"/><temp name="T1946"/><temp name="T2022"/></temps><temps name="out"><temp name="T26"/><temp name="T1905"/><temp name="T1954"/><temp name="T1971"/><temp name="T1932"/><temp name="T2037"/><temp name="T2026"/><temp name="T2043"/><temp name="T1940"/><temp name="T1899"/><temp name="T1882"/><temp name="T1895"/><temp name="T1925"/><temp name="T1874"/><temp name="T1913"/><temp name="T2032"/><temp name="T1977"/><temp name="T1919"/><temp name="T2048"/><temp name="T1891"/><temp name="T1936"/><temp name="T1960"/><temp name="T1966"/><temp name="T1870"/><temp name="T1886"/><temp name="T1946"/><temp name="T2022"/></temps></instruction><instruction code="INCMH T1867, 0"><temps name="use"/><temps name="def"><temp name="T1867"/></temps><temps name="in"><temp name="T26"/><temp name="T1905"/><temp name="T1954"/><temp name="T1971"/><temp name="T1932"/><temp name="T2037"/><temp name="T2026"/><temp name="T2043"/><temp name="T1940"/><temp name="T1899"/><temp name="T1882"/><temp name="T1895"/><temp name="T1925"/><temp name="T1874"/><temp name="T1913"/><temp name="T2032"/><temp name="T1977"/><temp name="T1919"/><temp name="T2048"/><temp name="T1891"/><temp name="T1936"/><temp name="T1960"/><temp name="T1966"/><temp name="T1870"/><temp name="T1886"/><temp name="T1946"/><temp name="T2022"/></temps><temps name="out"><temp name="T26"/><temp name="T1905"/><temp name="T1954"/><temp name="T1971"/><temp name="T1932"/><temp name="T2037"/><temp name="T2026"/><temp name="T2043"/><temp name="T1940"/><temp name="T1899"/><temp name="T1882"/><temp name="T1895"/><temp name="T1925"/><temp name="T1874"/><temp name="T1913"/><temp name="T2032"/><temp name="T1977"/><temp name="T1919"/><temp name="T2048"/><temp name="T1891"/><temp name="T1936"/><temp name="T1960"/><temp name="T1966"/><temp name="T1870"/><temp name="T1886"/><temp name="T1946"/><temp name="T2022"/></temps></instruction><instruction code="INCH  T1867, 0"><temps name="use"/><temps name="def"><temp name="T1867"/></temps><temps name="in"><temp name="T26"/><temp name="T1905"/><temp name="T1954"/><temp name="T1971"/><temp name="T1932"/><temp name="T2037"/><temp name="T2026"/><temp name="T2043"/><temp name="T1940"/><temp name="T1899"/><temp name="T1882"/><temp name="T1895"/><temp name="T1925"/><temp name="T1874"/><temp name="T1913"/><temp name="T2032"/><temp name="T1977"/><temp name="T1919"/><temp name="T2048"/><temp name="T1891"/><temp name="T1936"/><temp name="T1960"/><temp name="T1966"/><temp name="T1870"/><temp name="T1886"/><temp name="T1946"/><temp name="T2022"/></temps><temps name="out"><temp name="T26"/><temp name="T1905"/><temp name="T1954"/><temp name="T1971"/><temp name="T1932"/><temp name="T2037"/><temp name="T2026"/><temp name="T2043"/><temp name="T1940"/><temp name="T1899"/><temp name="T1882"/><temp name="T1895"/><temp name="T1925"/><temp name="T1874"/><temp name="T1913"/><temp name="T2032"/><temp name="T1977"/><temp name="T1919"/><temp name="T2048"/><temp name="T1891"/><temp name="T1936"/><temp name="T1960"/><temp name="T1966"/><temp name="T1870"/><temp name="T1867"/><temp name="T1886"/><temp name="T1946"/><temp name="T2022"/></temps></instruction><instruction code="OR T607, T1867, 0"><temps name="use"><temp name="T1867"/></temps><temps name="def"><temp name="T607"/></temps><temps name="in"><temp name="T26"/><temp name="T1905"/><temp name="T1954"/><temp name="T1971"/><temp name="T1932"/><temp name="T2037"/><temp name="T2026"/><temp name="T2043"/><temp name="T1940"/><temp name="T1899"/><temp name="T1882"/><temp name="T1895"/><temp name="T1925"/><temp name="T1874"/><temp name="T1913"/><temp name="T2032"/><temp name="T1977"/><temp name="T1919"/><temp name="T2048"/><temp name="T1891"/><temp name="T1936"/><temp name="T1960"/><temp name="T1966"/><temp name="T1870"/><temp name="T1867"/><temp name="T1886"/><temp name="T1946"/><temp name="T2022"/></temps><temps name="out"><temp name="T26"/><temp name="T1905"/><temp name="T1954"/><temp name="T1971"/><temp name="T1932"/><temp name="T2037"/><temp name="T607"/><temp name="T2026"/><temp name="T2043"/><temp name="T1940"/><temp name="T1899"/><temp name="T1882"/><temp name="T1895"/><temp name="T1925"/><temp name="T1874"/><temp name="T1913"/><temp name="T2032"/><temp name="T1977"/><temp name="T1919"/><temp name="T2048"/><temp name="T1891"/><temp name="T1936"/><temp name="T1960"/><temp name="T1966"/><temp name="T1870"/><temp name="T1886"/><temp name="T1946"/><temp name="T2022"/></temps></instruction><instruction code="LDO T1871, T1870, 0"><temps name="use"><temp name="T1870"/></temps><temps name="def"><temp name="T1871"/></temps><temps name="in"><temp name="T26"/><temp name="T1905"/><temp name="T1954"/><temp name="T1971"/><temp name="T1932"/><temp name="T2037"/><temp name="T607"/><temp name="T2026"/><temp name="T2043"/><temp name="T1940"/><temp name="T1899"/><temp name="T1882"/><temp name="T1895"/><temp name="T1925"/><temp name="T1874"/><temp name="T1913"/><temp name="T2032"/><temp name="T1977"/><temp name="T1919"/><temp name="T2048"/><temp name="T1891"/><temp name="T1936"/><temp name="T1960"/><temp name="T1966"/><temp name="T1870"/><temp name="T1886"/><temp name="T1946"/><temp name="T2022"/></temps><temps name="out"><temp name="T1871"/><temp name="T26"/><temp name="T1905"/><temp name="T1954"/><temp name="T1971"/><temp name="T1932"/><temp name="T2037"/><temp name="T607"/><temp name="T2026"/><temp name="T2043"/><temp name="T1940"/><temp name="T1899"/><temp name="T1882"/><temp name="T1895"/><temp name="T1925"/><temp name="T1874"/><temp name="T1913"/><temp name="T2032"/><temp name="T1977"/><temp name="T1919"/><temp name="T2048"/><temp name="T1891"/><temp name="T1936"/><temp name="T1960"/><temp name="T1966"/><temp name="T1886"/><temp name="T1946"/><temp name="T2022"/></temps></instruction><instruction code="STO T1871, T607, 0"><temps name="use"><temp name="T1871"/><temp name="T607"/></temps><temps name="def"/><temps name="in"><temp name="T1871"/><temp name="T26"/><temp name="T1905"/><temp name="T1954"/><temp name="T1971"/><temp name="T1932"/><temp name="T2037"/><temp name="T607"/><temp name="T2026"/><temp name="T2043"/><temp name="T1940"/><temp name="T1899"/><temp name="T1882"/><temp name="T1895"/><temp name="T1925"/><temp name="T1874"/><temp name="T1913"/><temp name="T2032"/><temp name="T1977"/><temp name="T1919"/><temp name="T2048"/><temp name="T1891"/><temp name="T1936"/><temp name="T1960"/><temp name="T1966"/><temp name="T1886"/><temp name="T1946"/><temp name="T2022"/></temps><temps name="out"><temp name="T26"/><temp name="T1905"/><temp name="T1954"/><temp name="T1971"/><temp name="T1932"/><temp name="T2037"/><temp name="T2026"/><temp name="T2043"/><temp name="T1940"/><temp name="T1899"/><temp name="T1882"/><temp name="T1895"/><temp name="T1925"/><temp name="T1874"/><temp name="T1913"/><temp name="T2032"/><temp name="T1977"/><temp name="T1919"/><temp name="T2048"/><temp name="T1891"/><temp name="T1936"/><temp name="T1960"/><temp name="T1966"/><temp name="T1886"/><temp name="T1946"/><temp name="T2022"/></temps></instruction><instruction code="L83"><temps name="use"/><temps name="def"/><temps name="in"><temp name="T26"/><temp name="T1905"/><temp name="T1954"/><temp name="T1971"/><temp name="T1932"/><temp name="T2037"/><temp name="T2026"/><temp name="T2043"/><temp name="T1940"/><temp name="T1899"/><temp name="T1882"/><temp name="T1895"/><temp name="T1925"/><temp name="T1874"/><temp name="T1913"/><temp name="T2032"/><temp name="T1977"/><temp name="T1919"/><temp name="T2048"/><temp name="T1891"/><temp name="T1936"/><temp name="T1960"/><temp name="T1966"/><temp name="T1886"/><temp name="T1946"/><temp name="T2022"/></temps><temps name="out"><temp name="T26"/><temp name="T1905"/><temp name="T1954"/><temp name="T1971"/><temp name="T1932"/><temp name="T2037"/><temp name="T2026"/><temp name="T2043"/><temp name="T1940"/><temp name="T1899"/><temp name="T1882"/><temp name="T1895"/><temp name="T1925"/><temp name="T1874"/><temp name="T1913"/><temp name="T2032"/><temp name="T1977"/><temp name="T1919"/><temp name="T2048"/><temp name="T1891"/><temp name="T1936"/><temp name="T1960"/><temp name="T1966"/><temp name="T1886"/><temp name="T1946"/><temp name="T2022"/></temps></instruction><instruction code="OR T608, T26, 0"><temps name="use"><temp name="T26"/></temps><temps name="def"><temp name="T608"/></temps><temps name="in"><temp name="T26"/><temp name="T1905"/><temp name="T1954"/><temp name="T1971"/><temp name="T1932"/><temp name="T2037"/><temp name="T2026"/><temp name="T2043"/><temp name="T1940"/><temp name="T1899"/><temp name="T1882"/><temp name="T1895"/><temp name="T1925"/><temp name="T1874"/><temp name="T1913"/><temp name="T2032"/><temp name="T1977"/><temp name="T1919"/><temp name="T2048"/><temp name="T1891"/><temp name="T1936"/><temp name="T1960"/><temp name="T1966"/><temp name="T1886"/><temp name="T1946"/><temp name="T2022"/></temps><temps name="out"><temp name="T26"/><temp name="T1905"/><temp name="T1954"/><temp name="T1971"/><temp name="T1932"/><temp name="T2037"/><temp name="T608"/><temp name="T2026"/><temp name="T2043"/><temp name="T1940"/><temp name="T1899"/><temp name="T1882"/><temp name="T1895"/><temp name="T1925"/><temp name="T1874"/><temp name="T1913"/><temp name="T2032"/><temp name="T1977"/><temp name="T1919"/><temp name="T2048"/><temp name="T1891"/><temp name="T1936"/><temp name="T1960"/><temp name="T1966"/><temp name="T1886"/><temp name="T1946"/><temp name="T2022"/></temps></instruction><instruction code="SETL  T1872, 96"><temps name="use"/><temps name="def"><temp name="T1872"/></temps><temps name="in"><temp name="T26"/><temp name="T1905"/><temp name="T1954"/><temp name="T1971"/><temp name="T1932"/><temp name="T2037"/><temp name="T608"/><temp name="T2026"/><temp name="T2043"/><temp name="T1940"/><temp name="T1899"/><temp name="T1882"/><temp name="T1895"/><temp name="T1925"/><temp name="T1874"/><temp name="T1913"/><temp name="T2032"/><temp name="T1977"/><temp name="T1919"/><temp name="T2048"/><temp name="T1891"/><temp name="T1936"/><temp name="T1960"/><temp name="T1966"/><temp name="T1886"/><temp name="T1946"/><temp name="T2022"/></temps><temps name="out"><temp name="T26"/><temp name="T1905"/><temp name="T1954"/><temp name="T1971"/><temp name="T1932"/><temp name="T2037"/><temp name="T608"/><temp name="T2026"/><temp name="T2043"/><temp name="T1940"/><temp name="T1899"/><temp name="T1882"/><temp name="T1895"/><temp name="T1925"/><temp name="T1874"/><temp name="T1913"/><temp name="T2032"/><temp name="T1977"/><temp name="T1919"/><temp name="T2048"/><temp name="T1891"/><temp name="T1936"/><temp name="T1960"/><temp name="T1966"/><temp name="T1886"/><temp name="T1946"/><temp name="T2022"/></temps></instruction><instruction code="INCML T1872, 0"><temps name="use"/><temps name="def"><temp name="T1872"/></temps><temps name="in"><temp name="T26"/><temp name="T1905"/><temp name="T1954"/><temp name="T1971"/><temp name="T1932"/><temp name="T2037"/><temp name="T608"/><temp name="T2026"/><temp name="T2043"/><temp name="T1940"/><temp name="T1899"/><temp name="T1882"/><temp name="T1895"/><temp name="T1925"/><temp name="T1874"/><temp name="T1913"/><temp name="T2032"/><temp name="T1977"/><temp name="T1919"/><temp name="T2048"/><temp name="T1891"/><temp name="T1936"/><temp name="T1960"/><temp name="T1966"/><temp name="T1886"/><temp name="T1946"/><temp name="T2022"/></temps><temps name="out"><temp name="T26"/><temp name="T1905"/><temp name="T1954"/><temp name="T1971"/><temp name="T1932"/><temp name="T2037"/><temp name="T608"/><temp name="T2026"/><temp name="T2043"/><temp name="T1940"/><temp name="T1899"/><temp name="T1882"/><temp name="T1895"/><temp name="T1925"/><temp name="T1874"/><temp name="T1913"/><temp name="T2032"/><temp name="T1977"/><temp name="T1919"/><temp name="T2048"/><temp name="T1891"/><temp name="T1936"/><temp name="T1960"/><temp name="T1966"/><temp name="T1886"/><temp name="T1946"/><temp name="T2022"/></temps></instruction><instruction code="INCMH T1872, 0"><temps name="use"/><temps name="def"><temp name="T1872"/></temps><temps name="in"><temp name="T26"/><temp name="T1905"/><temp name="T1954"/><temp name="T1971"/><temp name="T1932"/><temp name="T2037"/><temp name="T608"/><temp name="T2026"/><temp name="T2043"/><temp name="T1940"/><temp name="T1899"/><temp name="T1882"/><temp name="T1895"/><temp name="T1925"/><temp name="T1874"/><temp name="T1913"/><temp name="T2032"/><temp name="T1977"/><temp name="T1919"/><temp name="T2048"/><temp name="T1891"/><temp name="T1936"/><temp name="T1960"/><temp name="T1966"/><temp name="T1886"/><temp name="T1946"/><temp name="T2022"/></temps><temps name="out"><temp name="T26"/><temp name="T1905"/><temp name="T1954"/><temp name="T1971"/><temp name="T1932"/><temp name="T2037"/><temp name="T608"/><temp name="T2026"/><temp name="T2043"/><temp name="T1940"/><temp name="T1899"/><temp name="T1882"/><temp name="T1895"/><temp name="T1925"/><temp name="T1874"/><temp name="T1913"/><temp name="T2032"/><temp name="T1977"/><temp name="T1919"/><temp name="T2048"/><temp name="T1891"/><temp name="T1936"/><temp name="T1960"/><temp name="T1966"/><temp name="T1886"/><temp name="T1946"/><temp name="T2022"/></temps></instruction><instruction code="INCH  T1872, 0"><temps name="use"/><temps name="def"><temp name="T1872"/></temps><temps name="in"><temp name="T26"/><temp name="T1905"/><temp name="T1954"/><temp name="T1971"/><temp name="T1932"/><temp name="T2037"/><temp name="T608"/><temp name="T2026"/><temp name="T2043"/><temp name="T1940"/><temp name="T1899"/><temp name="T1882"/><temp name="T1895"/><temp name="T1925"/><temp name="T1874"/><temp name="T1913"/><temp name="T2032"/><temp name="T1977"/><temp name="T1919"/><temp name="T2048"/><temp name="T1891"/><temp name="T1936"/><temp name="T1960"/><temp name="T1966"/><temp name="T1886"/><temp name="T1946"/><temp name="T2022"/></temps><temps name="out"><temp name="T26"/><temp name="T1905"/><temp name="T1954"/><temp name="T1971"/><temp name="T1932"/><temp name="T2037"/><temp name="T608"/><temp name="T2026"/><temp name="T2043"/><temp name="T1940"/><temp name="T1899"/><temp name="T1882"/><temp name="T1872"/><temp name="T1895"/><temp name="T1925"/><temp name="T1874"/><temp name="T1913"/><temp name="T2032"/><temp name="T1977"/><temp name="T1919"/><temp name="T2048"/><temp name="T1891"/><temp name="T1936"/><temp name="T1960"/><temp name="T1966"/><temp name="T1886"/><temp name="T1946"/><temp name="T2022"/></temps></instruction><instruction code="NEG T1872, 0, T1872"><temps name="use"><temp name="T1872"/></temps><temps name="def"><temp name="T1872"/></temps><temps name="in"><temp name="T26"/><temp name="T1905"/><temp name="T1954"/><temp name="T1971"/><temp name="T1932"/><temp name="T2037"/><temp name="T608"/><temp name="T2026"/><temp name="T2043"/><temp name="T1940"/><temp name="T1899"/><temp name="T1882"/><temp name="T1872"/><temp name="T1895"/><temp name="T1925"/><temp name="T1874"/><temp name="T1913"/><temp name="T2032"/><temp name="T1977"/><temp name="T1919"/><temp name="T2048"/><temp name="T1891"/><temp name="T1936"/><temp name="T1960"/><temp name="T1966"/><temp name="T1886"/><temp name="T1946"/><temp name="T2022"/></temps><temps name="out"><temp name="T26"/><temp name="T1905"/><temp name="T1954"/><temp name="T1971"/><temp name="T1932"/><temp name="T2037"/><temp name="T608"/><temp name="T2026"/><temp name="T2043"/><temp name="T1940"/><temp name="T1899"/><temp name="T1882"/><temp name="T1872"/><temp name="T1895"/><temp name="T1925"/><temp name="T1874"/><temp name="T1913"/><temp name="T2032"/><temp name="T1977"/><temp name="T1919"/><temp name="T2048"/><temp name="T1891"/><temp name="T1936"/><temp name="T1960"/><temp name="T1966"/><temp name="T1886"/><temp name="T1946"/><temp name="T2022"/></temps></instruction><instruction code="OR T609, T1872, 0"><temps name="use"><temp name="T1872"/></temps><temps name="def"><temp name="T609"/></temps><temps name="in"><temp name="T26"/><temp name="T1905"/><temp name="T1954"/><temp name="T1971"/><temp name="T1932"/><temp name="T2037"/><temp name="T608"/><temp name="T2026"/><temp name="T2043"/><temp name="T1940"/><temp name="T1899"/><temp name="T1882"/><temp name="T1872"/><temp name="T1895"/><temp name="T1925"/><temp name="T1874"/><temp name="T1913"/><temp name="T2032"/><temp name="T1977"/><temp name="T1919"/><temp name="T2048"/><temp name="T1891"/><temp name="T1936"/><temp name="T1960"/><temp name="T1966"/><temp name="T1886"/><temp name="T1946"/><temp name="T2022"/></temps><temps name="out"><temp name="T26"/><temp name="T1905"/><temp name="T1954"/><temp name="T1971"/><temp name="T1932"/><temp name="T2037"/><temp name="T608"/><temp name="T2026"/><temp name="T2043"/><temp name="T1940"/><temp name="T1899"/><temp name="T1882"/><temp name="T1895"/><temp name="T1925"/><temp name="T1874"/><temp name="T1913"/><temp name="T2032"/><temp name="T1977"/><temp name="T1919"/><temp name="T2048"/><temp name="T1891"/><temp name="T1936"/><temp name="T609"/><temp name="T1960"/><temp name="T1966"/><temp name="T1886"/><temp name="T1946"/><temp name="T2022"/></temps></instruction><instruction code="ADD T1873, T608, T609"><temps name="use"><temp name="T608"/><temp name="T609"/></temps><temps name="def"><temp name="T1873"/></temps><temps name="in"><temp name="T26"/><temp name="T1905"/><temp name="T1954"/><temp name="T1971"/><temp name="T1932"/><temp name="T2037"/><temp name="T608"/><temp name="T2026"/><temp name="T2043"/><temp name="T1940"/><temp name="T1899"/><temp name="T1882"/><temp name="T1895"/><temp name="T1925"/><temp name="T1874"/><temp name="T1913"/><temp name="T2032"/><temp name="T1977"/><temp name="T1919"/><temp name="T2048"/><temp name="T1891"/><temp name="T1936"/><temp name="T609"/><temp name="T1960"/><temp name="T1966"/><temp name="T1886"/><temp name="T1946"/><temp name="T2022"/></temps><temps name="out"><temp name="T26"/><temp name="T1905"/><temp name="T1954"/><temp name="T1971"/><temp name="T1932"/><temp name="T2037"/><temp name="T2026"/><temp name="T2043"/><temp name="T1940"/><temp name="T1899"/><temp name="T1882"/><temp name="T1895"/><temp name="T1925"/><temp name="T1874"/><temp name="T1913"/><temp name="T2032"/><temp name="T1977"/><temp name="T1919"/><temp name="T1873"/><temp name="T2048"/><temp name="T1891"/><temp name="T1936"/><temp name="T1960"/><temp name="T1966"/><temp name="T1886"/><temp name="T1946"/><temp name="T2022"/></temps></instruction><instruction code="OR T610, T1873, 0"><temps name="use"><temp name="T1873"/></temps><temps name="def"><temp name="T610"/></temps><temps name="in"><temp name="T26"/><temp name="T1905"/><temp name="T1954"/><temp name="T1971"/><temp name="T1932"/><temp name="T2037"/><temp name="T2026"/><temp name="T2043"/><temp name="T1940"/><temp name="T1899"/><temp name="T1882"/><temp name="T1895"/><temp name="T1925"/><temp name="T1874"/><temp name="T1913"/><temp name="T2032"/><temp name="T1977"/><temp name="T1919"/><temp name="T1873"/><temp name="T2048"/><temp name="T1891"/><temp name="T1936"/><temp name="T1960"/><temp name="T1966"/><temp name="T1886"/><temp name="T1946"/><temp name="T2022"/></temps><temps name="out"><temp name="T26"/><temp name="T1905"/><temp name="T1954"/><temp name="T1971"/><temp name="T1932"/><temp name="T2037"/><temp name="T2026"/><temp name="T2043"/><temp name="T1940"/><temp name="T1899"/><temp name="T1882"/><temp name="T1895"/><temp name="T1925"/><temp name="T1874"/><temp name="T1913"/><temp name="T2032"/><temp name="T1977"/><temp name="T1919"/><temp name="T2048"/><temp name="T1891"/><temp name="T1936"/><temp name="T1960"/><temp name="T1966"/><temp name="T1886"/><temp name="T1946"/><temp name="T2022"/></temps></instruction><instruction code="LDO T1875, T1874, 0"><temps name="use"><temp name="T1874"/></temps><temps name="def"><temp name="T1875"/></temps><temps name="in"><temp name="T26"/><temp name="T1905"/><temp name="T1954"/><temp name="T1971"/><temp name="T1932"/><temp name="T2037"/><temp name="T2026"/><temp name="T2043"/><temp name="T1940"/><temp name="T1899"/><temp name="T1882"/><temp name="T1895"/><temp name="T1925"/><temp name="T1874"/><temp name="T1913"/><temp name="T2032"/><temp name="T1977"/><temp name="T1919"/><temp name="T2048"/><temp name="T1891"/><temp name="T1936"/><temp name="T1960"/><temp name="T1966"/><temp name="T1886"/><temp name="T1946"/><temp name="T2022"/></temps><temps name="out"><temp name="T26"/><temp name="T1905"/><temp name="T1954"/><temp name="T1971"/><temp name="T1932"/><temp name="T2037"/><temp name="T2026"/><temp name="T2043"/><temp name="T1940"/><temp name="T1899"/><temp name="T1882"/><temp name="T1895"/><temp name="T1925"/><temp name="T1874"/><temp name="T1913"/><temp name="T2032"/><temp name="T1875"/><temp name="T1977"/><temp name="T1919"/><temp name="T2048"/><temp name="T1891"/><temp name="T1936"/><temp name="T1960"/><temp name="T1966"/><temp name="T1886"/><temp name="T1946"/><temp name="T2022"/></temps></instruction><instruction code="OR T611, T1875, 0"><temps name="use"><temp name="T1875"/></temps><temps name="def"><temp name="T611"/></temps><temps name="in"><temp name="T26"/><temp name="T1905"/><temp name="T1954"/><temp name="T1971"/><temp name="T1932"/><temp name="T2037"/><temp name="T2026"/><temp name="T2043"/><temp name="T1940"/><temp name="T1899"/><temp name="T1882"/><temp name="T1895"/><temp name="T1925"/><temp name="T1874"/><temp name="T1913"/><temp name="T2032"/><temp name="T1875"/><temp name="T1977"/><temp name="T1919"/><temp name="T2048"/><temp name="T1891"/><temp name="T1936"/><temp name="T1960"/><temp name="T1966"/><temp name="T1886"/><temp name="T1946"/><temp name="T2022"/></temps><temps name="out"><temp name="T26"/><temp name="T1905"/><temp name="T1954"/><temp name="T1971"/><temp name="T1932"/><temp name="T2037"/><temp name="T2026"/><temp name="T2043"/><temp name="T1940"/><temp name="T1899"/><temp name="T1882"/><temp name="T1895"/><temp name="T1925"/><temp name="T1874"/><temp name="T1913"/><temp name="T2032"/><temp name="T611"/><temp name="T1977"/><temp name="T1919"/><temp name="T2048"/><temp name="T1891"/><temp name="T1936"/><temp name="T1960"/><temp name="T1966"/><temp name="T1886"/><temp name="T1946"/><temp name="T2022"/></temps></instruction><instruction code="SETL  T1876, 3"><temps name="use"/><temps name="def"><temp name="T1876"/></temps><temps name="in"><temp name="T26"/><temp name="T1905"/><temp name="T1954"/><temp name="T1971"/><temp name="T1932"/><temp name="T2037"/><temp name="T2026"/><temp name="T2043"/><temp name="T1940"/><temp name="T1899"/><temp name="T1882"/><temp name="T1895"/><temp name="T1925"/><temp name="T1874"/><temp name="T1913"/><temp name="T2032"/><temp name="T611"/><temp name="T1977"/><temp name="T1919"/><temp name="T2048"/><temp name="T1891"/><temp name="T1936"/><temp name="T1960"/><temp name="T1966"/><temp name="T1886"/><temp name="T1946"/><temp name="T2022"/></temps><temps name="out"><temp name="T26"/><temp name="T1905"/><temp name="T1954"/><temp name="T1971"/><temp name="T1932"/><temp name="T2037"/><temp name="T2026"/><temp name="T2043"/><temp name="T1940"/><temp name="T1899"/><temp name="T1882"/><temp name="T1895"/><temp name="T1925"/><temp name="T1874"/><temp name="T1913"/><temp name="T2032"/><temp name="T611"/><temp name="T1977"/><temp name="T1919"/><temp name="T2048"/><temp name="T1891"/><temp name="T1936"/><temp name="T1960"/><temp name="T1966"/><temp name="T1886"/><temp name="T1946"/><temp name="T2022"/></temps></instruction><instruction code="INCML T1876, 0"><temps name="use"/><temps name="def"><temp name="T1876"/></temps><temps name="in"><temp name="T26"/><temp name="T1905"/><temp name="T1954"/><temp name="T1971"/><temp name="T1932"/><temp name="T2037"/><temp name="T2026"/><temp name="T2043"/><temp name="T1940"/><temp name="T1899"/><temp name="T1882"/><temp name="T1895"/><temp name="T1925"/><temp name="T1874"/><temp name="T1913"/><temp name="T2032"/><temp name="T611"/><temp name="T1977"/><temp name="T1919"/><temp name="T2048"/><temp name="T1891"/><temp name="T1936"/><temp name="T1960"/><temp name="T1966"/><temp name="T1886"/><temp name="T1946"/><temp name="T2022"/></temps><temps name="out"><temp name="T26"/><temp name="T1905"/><temp name="T1954"/><temp name="T1971"/><temp name="T1932"/><temp name="T2037"/><temp name="T2026"/><temp name="T2043"/><temp name="T1940"/><temp name="T1899"/><temp name="T1882"/><temp name="T1895"/><temp name="T1925"/><temp name="T1874"/><temp name="T1913"/><temp name="T2032"/><temp name="T611"/><temp name="T1977"/><temp name="T1919"/><temp name="T2048"/><temp name="T1891"/><temp name="T1936"/><temp name="T1960"/><temp name="T1966"/><temp name="T1886"/><temp name="T1946"/><temp name="T2022"/></temps></instruction><instruction code="INCMH T1876, 0"><temps name="use"/><temps name="def"><temp name="T1876"/></temps><temps name="in"><temp name="T26"/><temp name="T1905"/><temp name="T1954"/><temp name="T1971"/><temp name="T1932"/><temp name="T2037"/><temp name="T2026"/><temp name="T2043"/><temp name="T1940"/><temp name="T1899"/><temp name="T1882"/><temp name="T1895"/><temp name="T1925"/><temp name="T1874"/><temp name="T1913"/><temp name="T2032"/><temp name="T611"/><temp name="T1977"/><temp name="T1919"/><temp name="T2048"/><temp name="T1891"/><temp name="T1936"/><temp name="T1960"/><temp name="T1966"/><temp name="T1886"/><temp name="T1946"/><temp name="T2022"/></temps><temps name="out"><temp name="T26"/><temp name="T1905"/><temp name="T1954"/><temp name="T1971"/><temp name="T1932"/><temp name="T2037"/><temp name="T2026"/><temp name="T2043"/><temp name="T1940"/><temp name="T1899"/><temp name="T1882"/><temp name="T1895"/><temp name="T1925"/><temp name="T1874"/><temp name="T1913"/><temp name="T2032"/><temp name="T611"/><temp name="T1977"/><temp name="T1919"/><temp name="T2048"/><temp name="T1891"/><temp name="T1936"/><temp name="T1960"/><temp name="T1966"/><temp name="T1886"/><temp name="T1946"/><temp name="T2022"/></temps></instruction><instruction code="INCH  T1876, 0"><temps name="use"/><temps name="def"><temp name="T1876"/></temps><temps name="in"><temp name="T26"/><temp name="T1905"/><temp name="T1954"/><temp name="T1971"/><temp name="T1932"/><temp name="T2037"/><temp name="T2026"/><temp name="T2043"/><temp name="T1940"/><temp name="T1899"/><temp name="T1882"/><temp name="T1895"/><temp name="T1925"/><temp name="T1874"/><temp name="T1913"/><temp name="T2032"/><temp name="T611"/><temp name="T1977"/><temp name="T1919"/><temp name="T2048"/><temp name="T1891"/><temp name="T1936"/><temp name="T1960"/><temp name="T1966"/><temp name="T1886"/><temp name="T1946"/><temp name="T2022"/></temps><temps name="out"><temp name="T26"/><temp name="T1905"/><temp name="T1954"/><temp name="T1971"/><temp name="T1932"/><temp name="T2037"/><temp name="T2026"/><temp name="T2043"/><temp name="T1940"/><temp name="T1899"/><temp name="T1882"/><temp name="T1876"/><temp name="T1895"/><temp name="T1925"/><temp name="T1874"/><temp name="T1913"/><temp name="T2032"/><temp name="T611"/><temp name="T1977"/><temp name="T1919"/><temp name="T2048"/><temp name="T1891"/><temp name="T1936"/><temp name="T1960"/><temp name="T1966"/><temp name="T1886"/><temp name="T1946"/><temp name="T2022"/></temps></instruction><instruction code="OR T612, T1876, 0"><temps name="use"><temp name="T1876"/></temps><temps name="def"><temp name="T612"/></temps><temps name="in"><temp name="T26"/><temp name="T1905"/><temp name="T1954"/><temp name="T1971"/><temp name="T1932"/><temp name="T2037"/><temp name="T2026"/><temp name="T2043"/><temp name="T1940"/><temp name="T1899"/><temp name="T1882"/><temp name="T1876"/><temp name="T1895"/><temp name="T1925"/><temp name="T1874"/><temp name="T1913"/><temp name="T2032"/><temp name="T611"/><temp name="T1977"/><temp name="T1919"/><temp name="T2048"/><temp name="T1891"/><temp name="T1936"/><temp name="T1960"/><temp name="T1966"/><temp name="T1886"/><temp name="T1946"/><temp name="T2022"/></temps><temps name="out"><temp name="T26"/><temp name="T1905"/><temp name="T1954"/><temp name="T1971"/><temp name="T1932"/><temp name="T612"/><temp name="T2037"/><temp name="T2026"/><temp name="T2043"/><temp name="T1940"/><temp name="T1899"/><temp name="T1882"/><temp name="T1895"/><temp name="T1925"/><temp name="T1874"/><temp name="T1913"/><temp name="T2032"/><temp name="T611"/><temp name="T1977"/><temp name="T1919"/><temp name="T2048"/><temp name="T1891"/><temp name="T1936"/><temp name="T1960"/><temp name="T1966"/><temp name="T1886"/><temp name="T1946"/><temp name="T2022"/></temps></instruction><instruction code="CMP T1877, T611, T612"><temps name="use"><temp name="T611"/><temp name="T612"/></temps><temps name="def"><temp name="T1877"/></temps><temps name="in"><temp name="T26"/><temp name="T1905"/><temp name="T1954"/><temp name="T1971"/><temp name="T1932"/><temp name="T612"/><temp name="T2037"/><temp name="T2026"/><temp name="T2043"/><temp name="T1940"/><temp name="T1899"/><temp name="T1882"/><temp name="T1895"/><temp name="T1925"/><temp name="T1874"/><temp name="T1913"/><temp name="T2032"/><temp name="T611"/><temp name="T1977"/><temp name="T1919"/><temp name="T2048"/><temp name="T1891"/><temp name="T1936"/><temp name="T1960"/><temp name="T1966"/><temp name="T1886"/><temp name="T1946"/><temp name="T2022"/></temps><temps name="out"><temp name="T26"/><temp name="T1905"/><temp name="T1954"/><temp name="T1971"/><temp name="T1932"/><temp name="T2037"/><temp name="T2026"/><temp name="T2043"/><temp name="T1940"/><temp name="T1899"/><temp name="T1877"/><temp name="T1882"/><temp name="T1895"/><temp name="T1925"/><temp name="T1874"/><temp name="T1913"/><temp name="T2032"/><temp name="T1977"/><temp name="T1919"/><temp name="T2048"/><temp name="T1891"/><temp name="T1936"/><temp name="T1960"/><temp name="T1966"/><temp name="T1886"/><temp name="T1946"/><temp name="T2022"/></temps></instruction><instruction code="ZSN T1877, T1877, 1"><temps name="use"><temp name="T1877"/></temps><temps name="def"><temp name="T1877"/></temps><temps name="in"><temp name="T26"/><temp name="T1905"/><temp name="T1954"/><temp name="T1971"/><temp name="T1932"/><temp name="T2037"/><temp name="T2026"/><temp name="T2043"/><temp name="T1940"/><temp name="T1899"/><temp name="T1877"/><temp name="T1882"/><temp name="T1895"/><temp name="T1925"/><temp name="T1874"/><temp name="T1913"/><temp name="T2032"/><temp name="T1977"/><temp name="T1919"/><temp name="T2048"/><temp name="T1891"/><temp name="T1936"/><temp name="T1960"/><temp name="T1966"/><temp name="T1886"/><temp name="T1946"/><temp name="T2022"/></temps><temps name="out"><temp name="T26"/><temp name="T1905"/><temp name="T1954"/><temp name="T1971"/><temp name="T1932"/><temp name="T2037"/><temp name="T2026"/><temp name="T2043"/><temp name="T1940"/><temp name="T1899"/><temp name="T1877"/><temp name="T1882"/><temp name="T1895"/><temp name="T1925"/><temp name="T1874"/><temp name="T1913"/><temp name="T2032"/><temp name="T1977"/><temp name="T1919"/><temp name="T2048"/><temp name="T1891"/><temp name="T1936"/><temp name="T1960"/><temp name="T1966"/><temp name="T1886"/><temp name="T1946"/><temp name="T2022"/></temps></instruction><instruction code="OR T613, T1877, 0"><temps name="use"><temp name="T1877"/></temps><temps name="def"><temp name="T613"/></temps><temps name="in"><temp name="T26"/><temp name="T1905"/><temp name="T1954"/><temp name="T1971"/><temp name="T1932"/><temp name="T2037"/><temp name="T2026"/><temp name="T2043"/><temp name="T1940"/><temp name="T1899"/><temp name="T1877"/><temp name="T1882"/><temp name="T1895"/><temp name="T1925"/><temp name="T1874"/><temp name="T1913"/><temp name="T2032"/><temp name="T1977"/><temp name="T1919"/><temp name="T2048"/><temp name="T1891"/><temp name="T1936"/><temp name="T1960"/><temp name="T1966"/><temp name="T1886"/><temp name="T1946"/><temp name="T2022"/></temps><temps name="out"><temp name="T26"/><temp name="T1905"/><temp name="T1954"/><temp name="T1971"/><temp name="T1932"/><temp name="T2037"/><temp name="T2026"/><temp name="T2043"/><temp name="T1940"/><temp name="T613"/><temp name="T1899"/><temp name="T1882"/><temp name="T1895"/><temp name="T1925"/><temp name="T1874"/><temp name="T1913"/><temp name="T2032"/><temp name="T1977"/><temp name="T1919"/><temp name="T2048"/><temp name="T1891"/><temp name="T1936"/><temp name="T1960"/><temp name="T1966"/><temp name="T1886"/><temp name="T1946"/><temp name="T2022"/></temps></instruction><instruction code="BNZ T613, L84"><temps name="use"><temp name="T613"/></temps><temps name="def"/><temps name="in"><temp name="T26"/><temp name="T1905"/><temp name="T1954"/><temp name="T1971"/><temp name="T1932"/><temp name="T2037"/><temp name="T2026"/><temp name="T2043"/><temp name="T1940"/><temp name="T613"/><temp name="T1899"/><temp name="T1882"/><temp name="T1895"/><temp name="T1925"/><temp name="T1874"/><temp name="T1913"/><temp name="T2032"/><temp name="T1977"/><temp name="T1919"/><temp name="T2048"/><temp name="T1891"/><temp name="T1936"/><temp name="T1960"/><temp name="T1966"/><temp name="T1886"/><temp name="T1946"/><temp name="T2022"/></temps><temps name="out"><temp name="T26"/><temp name="T1905"/><temp name="T1954"/><temp name="T1971"/><temp name="T1932"/><temp name="T2037"/><temp name="T2026"/><temp name="T2043"/><temp name="T1940"/><temp name="T1899"/><temp name="T1882"/><temp name="T1895"/><temp name="T1925"/><temp name="T1874"/><temp name="T1913"/><temp name="T2032"/><temp name="T1977"/><temp name="T1919"/><temp name="T2048"/><temp name="T1891"/><temp name="T1936"/><temp name="T1960"/><temp name="T1966"/><temp name="T1886"/><temp name="T1946"/><temp name="T2022"/></temps></instruction><instruction code="L144"><temps name="use"/><temps name="def"/><temps name="in"><temp name="T26"/><temp name="T1905"/><temp name="T1954"/><temp name="T1971"/><temp name="T1932"/><temp name="T2037"/><temp name="T2026"/><temp name="T2043"/><temp name="T1940"/><temp name="T1899"/><temp name="T1882"/><temp name="T1895"/><temp name="T1925"/><temp name="T1874"/><temp name="T1913"/><temp name="T2032"/><temp name="T1977"/><temp name="T1919"/><temp name="T2048"/><temp name="T1891"/><temp name="T1936"/><temp name="T1960"/><temp name="T1966"/><temp name="T1886"/><temp name="T1946"/><temp name="T2022"/></temps><temps name="out"><temp name="T26"/><temp name="T1905"/><temp name="T1954"/><temp name="T1971"/><temp name="T1932"/><temp name="T2037"/><temp name="T2026"/><temp name="T2043"/><temp name="T1940"/><temp name="T1899"/><temp name="T1882"/><temp name="T1895"/><temp name="T1925"/><temp name="T1874"/><temp name="T1913"/><temp name="T2032"/><temp name="T1977"/><temp name="T1919"/><temp name="T2048"/><temp name="T1891"/><temp name="T1936"/><temp name="T1960"/><temp name="T1966"/><temp name="T1886"/><temp name="T1946"/><temp name="T2022"/></temps></instruction><instruction code="LDA T1878, L85"><temps name="use"/><temps name="def"><temp name="T1878"/></temps><temps name="in"><temp name="T26"/><temp name="T1905"/><temp name="T1954"/><temp name="T1971"/><temp name="T1932"/><temp name="T2037"/><temp name="T2026"/><temp name="T2043"/><temp name="T1940"/><temp name="T1899"/><temp name="T1882"/><temp name="T1895"/><temp name="T1925"/><temp name="T1874"/><temp name="T1913"/><temp name="T2032"/><temp name="T1977"/><temp name="T1919"/><temp name="T2048"/><temp name="T1891"/><temp name="T1936"/><temp name="T1960"/><temp name="T1966"/><temp name="T1886"/><temp name="T1946"/><temp name="T2022"/></temps><temps name="out"><temp name="T26"/><temp name="T1905"/><temp name="T1954"/><temp name="T1971"/><temp name="T1932"/><temp name="T1878"/><temp name="T2037"/><temp name="T2026"/><temp name="T2043"/><temp name="T1940"/><temp name="T1899"/><temp name="T1882"/><temp name="T1895"/><temp name="T1925"/><temp name="T1874"/><temp name="T1913"/><temp name="T2032"/><temp name="T1977"/><temp name="T1919"/><temp name="T2048"/><temp name="T1891"/><temp name="T1936"/><temp name="T1960"/><temp name="T1966"/><temp name="T1886"/><temp name="T1946"/><temp name="T2022"/></temps></instruction><instruction code="GO T1878, T1878, 0"><temps name="use"><temp name="T1878"/></temps><temps name="def"><temp name="T1878"/></temps><temps name="in"><temp name="T26"/><temp name="T1905"/><temp name="T1954"/><temp name="T1971"/><temp name="T1932"/><temp name="T1878"/><temp name="T2037"/><temp name="T2026"/><temp name="T2043"/><temp name="T1940"/><temp name="T1899"/><temp name="T1882"/><temp name="T1895"/><temp name="T1925"/><temp name="T1874"/><temp name="T1913"/><temp name="T2032"/><temp name="T1977"/><temp name="T1919"/><temp name="T2048"/><temp name="T1891"/><temp name="T1936"/><temp name="T1960"/><temp name="T1966"/><temp name="T1886"/><temp name="T1946"/><temp name="T2022"/></temps><temps name="out"><temp name="T26"/><temp name="T1905"/><temp name="T1954"/><temp name="T1971"/><temp name="T1932"/><temp name="T2037"/><temp name="T2026"/><temp name="T2043"/><temp name="T1940"/><temp name="T1899"/><temp name="T1882"/><temp name="T1895"/><temp name="T1925"/><temp name="T1874"/><temp name="T1913"/><temp name="T2032"/><temp name="T1977"/><temp name="T1919"/><temp name="T2048"/><temp name="T1891"/><temp name="T1936"/><temp name="T1960"/><temp name="T1966"/><temp name="T1886"/><temp name="T1946"/><temp name="T2022"/></temps></instruction><instruction code="L84"><temps name="use"/><temps name="def"/><temps name="in"><temp name="T26"/><temp name="T1905"/><temp name="T1954"/><temp name="T1971"/><temp name="T1932"/><temp name="T2037"/><temp name="T2026"/><temp name="T2043"/><temp name="T1940"/><temp name="T1899"/><temp name="T1882"/><temp name="T1895"/><temp name="T1925"/><temp name="T1874"/><temp name="T1913"/><temp name="T2032"/><temp name="T1977"/><temp name="T1919"/><temp name="T2048"/><temp name="T1891"/><temp name="T1936"/><temp name="T1960"/><temp name="T1966"/><temp name="T1886"/><temp name="T1946"/><temp name="T2022"/></temps><temps name="out"><temp name="T26"/><temp name="T1905"/><temp name="T1954"/><temp name="T1971"/><temp name="T1932"/><temp name="T2037"/><temp name="T2026"/><temp name="T2043"/><temp name="T1940"/><temp name="T1899"/><temp name="T1882"/><temp name="T1895"/><temp name="T1925"/><temp name="T1874"/><temp name="T1913"/><temp name="T2032"/><temp name="T1977"/><temp name="T1919"/><temp name="T2048"/><temp name="T1891"/><temp name="T1936"/><temp name="T1960"/><temp name="T1966"/><temp name="T1886"/><temp name="T1946"/><temp name="T2022"/></temps></instruction><instruction code="SETL  T1879, 0"><temps name="use"/><temps name="def"><temp name="T1879"/></temps><temps name="in"><temp name="T26"/><temp name="T1905"/><temp name="T1954"/><temp name="T1971"/><temp name="T1932"/><temp name="T2037"/><temp name="T2026"/><temp name="T2043"/><temp name="T1940"/><temp name="T1899"/><temp name="T1882"/><temp name="T1895"/><temp name="T1925"/><temp name="T1874"/><temp name="T1913"/><temp name="T2032"/><temp name="T1977"/><temp name="T1919"/><temp name="T2048"/><temp name="T1891"/><temp name="T1936"/><temp name="T1960"/><temp name="T1966"/><temp name="T1886"/><temp name="T1946"/><temp name="T2022"/></temps><temps name="out"><temp name="T26"/><temp name="T1905"/><temp name="T1954"/><temp name="T1971"/><temp name="T1932"/><temp name="T2037"/><temp name="T2026"/><temp name="T2043"/><temp name="T1940"/><temp name="T1899"/><temp name="T1882"/><temp name="T1895"/><temp name="T1925"/><temp name="T1874"/><temp name="T1913"/><temp name="T2032"/><temp name="T1977"/><temp name="T1919"/><temp name="T2048"/><temp name="T1891"/><temp name="T1936"/><temp name="T1960"/><temp name="T1966"/><temp name="T1886"/><temp name="T1946"/><temp name="T2022"/></temps></instruction><instruction code="INCML T1879, 0"><temps name="use"/><temps name="def"><temp name="T1879"/></temps><temps name="in"><temp name="T26"/><temp name="T1905"/><temp name="T1954"/><temp name="T1971"/><temp name="T1932"/><temp name="T2037"/><temp name="T2026"/><temp name="T2043"/><temp name="T1940"/><temp name="T1899"/><temp name="T1882"/><temp name="T1895"/><temp name="T1925"/><temp name="T1874"/><temp name="T1913"/><temp name="T2032"/><temp name="T1977"/><temp name="T1919"/><temp name="T2048"/><temp name="T1891"/><temp name="T1936"/><temp name="T1960"/><temp name="T1966"/><temp name="T1886"/><temp name="T1946"/><temp name="T2022"/></temps><temps name="out"><temp name="T26"/><temp name="T1905"/><temp name="T1954"/><temp name="T1971"/><temp name="T1932"/><temp name="T2037"/><temp name="T2026"/><temp name="T2043"/><temp name="T1940"/><temp name="T1899"/><temp name="T1882"/><temp name="T1895"/><temp name="T1925"/><temp name="T1874"/><temp name="T1913"/><temp name="T2032"/><temp name="T1977"/><temp name="T1919"/><temp name="T2048"/><temp name="T1891"/><temp name="T1936"/><temp name="T1960"/><temp name="T1966"/><temp name="T1886"/><temp name="T1946"/><temp name="T2022"/></temps></instruction><instruction code="INCMH T1879, 0"><temps name="use"/><temps name="def"><temp name="T1879"/></temps><temps name="in"><temp name="T26"/><temp name="T1905"/><temp name="T1954"/><temp name="T1971"/><temp name="T1932"/><temp name="T2037"/><temp name="T2026"/><temp name="T2043"/><temp name="T1940"/><temp name="T1899"/><temp name="T1882"/><temp name="T1895"/><temp name="T1925"/><temp name="T1874"/><temp name="T1913"/><temp name="T2032"/><temp name="T1977"/><temp name="T1919"/><temp name="T2048"/><temp name="T1891"/><temp name="T1936"/><temp name="T1960"/><temp name="T1966"/><temp name="T1886"/><temp name="T1946"/><temp name="T2022"/></temps><temps name="out"><temp name="T26"/><temp name="T1905"/><temp name="T1954"/><temp name="T1971"/><temp name="T1932"/><temp name="T2037"/><temp name="T2026"/><temp name="T2043"/><temp name="T1940"/><temp name="T1899"/><temp name="T1882"/><temp name="T1895"/><temp name="T1925"/><temp name="T1874"/><temp name="T1913"/><temp name="T2032"/><temp name="T1977"/><temp name="T1919"/><temp name="T2048"/><temp name="T1891"/><temp name="T1936"/><temp name="T1960"/><temp name="T1966"/><temp name="T1886"/><temp name="T1946"/><temp name="T2022"/></temps></instruction><instruction code="INCH  T1879, 0"><temps name="use"/><temps name="def"><temp name="T1879"/></temps><temps name="in"><temp name="T26"/><temp name="T1905"/><temp name="T1954"/><temp name="T1971"/><temp name="T1932"/><temp name="T2037"/><temp name="T2026"/><temp name="T2043"/><temp name="T1940"/><temp name="T1899"/><temp name="T1882"/><temp name="T1895"/><temp name="T1925"/><temp name="T1874"/><temp name="T1913"/><temp name="T2032"/><temp name="T1977"/><temp name="T1919"/><temp name="T2048"/><temp name="T1891"/><temp name="T1936"/><temp name="T1960"/><temp name="T1966"/><temp name="T1886"/><temp name="T1946"/><temp name="T2022"/></temps><temps name="out"><temp name="T26"/><temp name="T1905"/><temp name="T1954"/><temp name="T1971"/><temp name="T1932"/><temp name="T2037"/><temp name="T2026"/><temp name="T2043"/><temp name="T1940"/><temp name="T1899"/><temp name="T1882"/><temp name="T1895"/><temp name="T1925"/><temp name="T1874"/><temp name="T1913"/><temp name="T2032"/><temp name="T1977"/><temp name="T1919"/><temp name="T1879"/><temp name="T2048"/><temp name="T1891"/><temp name="T1936"/><temp name="T1960"/><temp name="T1966"/><temp name="T1886"/><temp name="T1946"/><temp name="T2022"/></temps></instruction><instruction code="OR T614, T1879, 0"><temps name="use"><temp name="T1879"/></temps><temps name="def"><temp name="T614"/></temps><temps name="in"><temp name="T26"/><temp name="T1905"/><temp name="T1954"/><temp name="T1971"/><temp name="T1932"/><temp name="T2037"/><temp name="T2026"/><temp name="T2043"/><temp name="T1940"/><temp name="T1899"/><temp name="T1882"/><temp name="T1895"/><temp name="T1925"/><temp name="T1874"/><temp name="T1913"/><temp name="T2032"/><temp name="T1977"/><temp name="T1919"/><temp name="T1879"/><temp name="T2048"/><temp name="T1891"/><temp name="T1936"/><temp name="T1960"/><temp name="T1966"/><temp name="T1886"/><temp name="T1946"/><temp name="T2022"/></temps><temps name="out"><temp name="T26"/><temp name="T1905"/><temp name="T1954"/><temp name="T1971"/><temp name="T1932"/><temp name="T2037"/><temp name="T2026"/><temp name="T2043"/><temp name="T1940"/><temp name="T1899"/><temp name="T1882"/><temp name="T1895"/><temp name="T1925"/><temp name="T1874"/><temp name="T1913"/><temp name="T2032"/><temp name="T1977"/><temp name="T1919"/><temp name="T614"/><temp name="T2048"/><temp name="T1891"/><temp name="T1936"/><temp name="T1960"/><temp name="T1966"/><temp name="T1886"/><temp name="T1946"/><temp name="T2022"/></temps></instruction><instruction code="LDO T1883, T1882, 0"><temps name="use"><temp name="T1882"/></temps><temps name="def"><temp name="T1883"/></temps><temps name="in"><temp name="T26"/><temp name="T1905"/><temp name="T1954"/><temp name="T1971"/><temp name="T1932"/><temp name="T2037"/><temp name="T2026"/><temp name="T2043"/><temp name="T1940"/><temp name="T1899"/><temp name="T1882"/><temp name="T1895"/><temp name="T1925"/><temp name="T1874"/><temp name="T1913"/><temp name="T2032"/><temp name="T1977"/><temp name="T1919"/><temp name="T614"/><temp name="T2048"/><temp name="T1891"/><temp name="T1936"/><temp name="T1960"/><temp name="T1966"/><temp name="T1886"/><temp name="T1946"/><temp name="T2022"/></temps><temps name="out"><temp name="T26"/><temp name="T1905"/><temp name="T1954"/><temp name="T1971"/><temp name="T1932"/><temp name="T2037"/><temp name="T2026"/><temp name="T2043"/><temp name="T1940"/><temp name="T1899"/><temp name="T1882"/><temp name="T1883"/><temp name="T1895"/><temp name="T1925"/><temp name="T1874"/><temp name="T1913"/><temp name="T2032"/><temp name="T1977"/><temp name="T1919"/><temp name="T614"/><temp name="T2048"/><temp name="T1891"/><temp name="T1936"/><temp name="T1960"/><temp name="T1966"/><temp name="T1886"/><temp name="T1946"/><temp name="T2022"/></temps></instruction><instruction code="STO T1883, T614, 0"><temps name="use"><temp name="T1883"/><temp name="T614"/></temps><temps name="def"/><temps name="in"><temp name="T26"/><temp name="T1905"/><temp name="T1954"/><temp name="T1971"/><temp name="T1932"/><temp name="T2037"/><temp name="T2026"/><temp name="T2043"/><temp name="T1940"/><temp name="T1899"/><temp name="T1882"/><temp name="T1883"/><temp name="T1895"/><temp name="T1925"/><temp name="T1874"/><temp name="T1913"/><temp name="T2032"/><temp name="T1977"/><temp name="T1919"/><temp name="T614"/><temp name="T2048"/><temp name="T1891"/><temp name="T1936"/><temp name="T1960"/><temp name="T1966"/><temp name="T1886"/><temp name="T1946"/><temp name="T2022"/></temps><temps name="out"><temp name="T26"/><temp name="T1905"/><temp name="T1954"/><temp name="T1971"/><temp name="T1932"/><temp name="T2037"/><temp name="T2026"/><temp name="T2043"/><temp name="T1940"/><temp name="T1899"/><temp name="T1882"/><temp name="T1895"/><temp name="T1925"/><temp name="T1874"/><temp name="T1913"/><temp name="T2032"/><temp name="T1977"/><temp name="T1919"/><temp name="T2048"/><temp name="T1891"/><temp name="T1936"/><temp name="T1960"/><temp name="T1966"/><temp name="T1886"/><temp name="T1946"/><temp name="T2022"/></temps></instruction><instruction code="L80"><temps name="use"/><temps name="def"/><temps name="in"><temp name="T26"/><temp name="T1905"/><temp name="T1954"/><temp name="T1971"/><temp name="T1932"/><temp name="T2037"/><temp name="T2026"/><temp name="T2043"/><temp name="T1940"/><temp name="T1899"/><temp name="T1882"/><temp name="T1895"/><temp name="T1925"/><temp name="T1874"/><temp name="T1913"/><temp name="T2032"/><temp name="T1977"/><temp name="T1919"/><temp name="T2048"/><temp name="T1891"/><temp name="T1936"/><temp name="T1960"/><temp name="T1966"/><temp name="T1886"/><temp name="T1946"/><temp name="T2022"/></temps><temps name="out"><temp name="T26"/><temp name="T1905"/><temp name="T1954"/><temp name="T1971"/><temp name="T1932"/><temp name="T2037"/><temp name="T2026"/><temp name="T2043"/><temp name="T1940"/><temp name="T1899"/><temp name="T1882"/><temp name="T1895"/><temp name="T1925"/><temp name="T1874"/><temp name="T1913"/><temp name="T2032"/><temp name="T1977"/><temp name="T1919"/><temp name="T2048"/><temp name="T1891"/><temp name="T1936"/><temp name="T1960"/><temp name="T1966"/><temp name="T1886"/><temp name="T1946"/><temp name="T2022"/></temps></instruction><instruction code="OR T615, T26, 0"><temps name="use"><temp name="T26"/></temps><temps name="def"><temp name="T615"/></temps><temps name="in"><temp name="T26"/><temp name="T1905"/><temp name="T1954"/><temp name="T1971"/><temp name="T1932"/><temp name="T2037"/><temp name="T2026"/><temp name="T2043"/><temp name="T1940"/><temp name="T1899"/><temp name="T1882"/><temp name="T1895"/><temp name="T1925"/><temp name="T1874"/><temp name="T1913"/><temp name="T2032"/><temp name="T1977"/><temp name="T1919"/><temp name="T2048"/><temp name="T1891"/><temp name="T1936"/><temp name="T1960"/><temp name="T1966"/><temp name="T1886"/><temp name="T1946"/><temp name="T2022"/></temps><temps name="out"><temp name="T26"/><temp name="T1905"/><temp name="T1954"/><temp name="T1971"/><temp name="T1932"/><temp name="T2037"/><temp name="T2026"/><temp name="T2043"/><temp name="T1940"/><temp name="T1899"/><temp name="T1882"/><temp name="T1895"/><temp name="T1925"/><temp name="T1874"/><temp name="T1913"/><temp name="T2032"/><temp name="T1977"/><temp name="T1919"/><temp name="T2048"/><temp name="T1891"/><temp name="T1936"/><temp name="T615"/><temp name="T1960"/><temp name="T1966"/><temp name="T1886"/><temp name="T1946"/><temp name="T2022"/></temps></instruction><instruction code="SETL  T1884, 88"><temps name="use"/><temps name="def"><temp name="T1884"/></temps><temps name="in"><temp name="T26"/><temp name="T1905"/><temp name="T1954"/><temp name="T1971"/><temp name="T1932"/><temp name="T2037"/><temp name="T2026"/><temp name="T2043"/><temp name="T1940"/><temp name="T1899"/><temp name="T1882"/><temp name="T1895"/><temp name="T1925"/><temp name="T1874"/><temp name="T1913"/><temp name="T2032"/><temp name="T1977"/><temp name="T1919"/><temp name="T2048"/><temp name="T1891"/><temp name="T1936"/><temp name="T615"/><temp name="T1960"/><temp name="T1966"/><temp name="T1886"/><temp name="T1946"/><temp name="T2022"/></temps><temps name="out"><temp name="T26"/><temp name="T1905"/><temp name="T1954"/><temp name="T1971"/><temp name="T1932"/><temp name="T2037"/><temp name="T2026"/><temp name="T2043"/><temp name="T1940"/><temp name="T1899"/><temp name="T1882"/><temp name="T1895"/><temp name="T1925"/><temp name="T1874"/><temp name="T1913"/><temp name="T2032"/><temp name="T1977"/><temp name="T1919"/><temp name="T2048"/><temp name="T1891"/><temp name="T1936"/><temp name="T615"/><temp name="T1960"/><temp name="T1966"/><temp name="T1886"/><temp name="T1946"/><temp name="T2022"/></temps></instruction><instruction code="INCML T1884, 0"><temps name="use"/><temps name="def"><temp name="T1884"/></temps><temps name="in"><temp name="T26"/><temp name="T1905"/><temp name="T1954"/><temp name="T1971"/><temp name="T1932"/><temp name="T2037"/><temp name="T2026"/><temp name="T2043"/><temp name="T1940"/><temp name="T1899"/><temp name="T1882"/><temp name="T1895"/><temp name="T1925"/><temp name="T1874"/><temp name="T1913"/><temp name="T2032"/><temp name="T1977"/><temp name="T1919"/><temp name="T2048"/><temp name="T1891"/><temp name="T1936"/><temp name="T615"/><temp name="T1960"/><temp name="T1966"/><temp name="T1886"/><temp name="T1946"/><temp name="T2022"/></temps><temps name="out"><temp name="T26"/><temp name="T1905"/><temp name="T1954"/><temp name="T1971"/><temp name="T1932"/><temp name="T2037"/><temp name="T2026"/><temp name="T2043"/><temp name="T1940"/><temp name="T1899"/><temp name="T1882"/><temp name="T1895"/><temp name="T1925"/><temp name="T1874"/><temp name="T1913"/><temp name="T2032"/><temp name="T1977"/><temp name="T1919"/><temp name="T2048"/><temp name="T1891"/><temp name="T1936"/><temp name="T615"/><temp name="T1960"/><temp name="T1966"/><temp name="T1886"/><temp name="T1946"/><temp name="T2022"/></temps></instruction><instruction code="INCMH T1884, 0"><temps name="use"/><temps name="def"><temp name="T1884"/></temps><temps name="in"><temp name="T26"/><temp name="T1905"/><temp name="T1954"/><temp name="T1971"/><temp name="T1932"/><temp name="T2037"/><temp name="T2026"/><temp name="T2043"/><temp name="T1940"/><temp name="T1899"/><temp name="T1882"/><temp name="T1895"/><temp name="T1925"/><temp name="T1874"/><temp name="T1913"/><temp name="T2032"/><temp name="T1977"/><temp name="T1919"/><temp name="T2048"/><temp name="T1891"/><temp name="T1936"/><temp name="T615"/><temp name="T1960"/><temp name="T1966"/><temp name="T1886"/><temp name="T1946"/><temp name="T2022"/></temps><temps name="out"><temp name="T26"/><temp name="T1905"/><temp name="T1954"/><temp name="T1971"/><temp name="T1932"/><temp name="T2037"/><temp name="T2026"/><temp name="T2043"/><temp name="T1940"/><temp name="T1899"/><temp name="T1882"/><temp name="T1895"/><temp name="T1925"/><temp name="T1874"/><temp name="T1913"/><temp name="T2032"/><temp name="T1977"/><temp name="T1919"/><temp name="T2048"/><temp name="T1891"/><temp name="T1936"/><temp name="T615"/><temp name="T1960"/><temp name="T1966"/><temp name="T1886"/><temp name="T1946"/><temp name="T2022"/></temps></instruction><instruction code="INCH  T1884, 0"><temps name="use"/><temps name="def"><temp name="T1884"/></temps><temps name="in"><temp name="T26"/><temp name="T1905"/><temp name="T1954"/><temp name="T1971"/><temp name="T1932"/><temp name="T2037"/><temp name="T2026"/><temp name="T2043"/><temp name="T1940"/><temp name="T1899"/><temp name="T1882"/><temp name="T1895"/><temp name="T1925"/><temp name="T1874"/><temp name="T1913"/><temp name="T2032"/><temp name="T1977"/><temp name="T1919"/><temp name="T2048"/><temp name="T1891"/><temp name="T1936"/><temp name="T615"/><temp name="T1960"/><temp name="T1966"/><temp name="T1886"/><temp name="T1946"/><temp name="T2022"/></temps><temps name="out"><temp name="T26"/><temp name="T1905"/><temp name="T1954"/><temp name="T1971"/><temp name="T1932"/><temp name="T2037"/><temp name="T2026"/><temp name="T2043"/><temp name="T1940"/><temp name="T1899"/><temp name="T1882"/><temp name="T1884"/><temp name="T1895"/><temp name="T1925"/><temp name="T1874"/><temp name="T1913"/><temp name="T2032"/><temp name="T1977"/><temp name="T1919"/><temp name="T2048"/><temp name="T1891"/><temp name="T1936"/><temp name="T615"/><temp name="T1960"/><temp name="T1966"/><temp name="T1886"/><temp name="T1946"/><temp name="T2022"/></temps></instruction><instruction code="NEG T1884, 0, T1884"><temps name="use"><temp name="T1884"/></temps><temps name="def"><temp name="T1884"/></temps><temps name="in"><temp name="T26"/><temp name="T1905"/><temp name="T1954"/><temp name="T1971"/><temp name="T1932"/><temp name="T2037"/><temp name="T2026"/><temp name="T2043"/><temp name="T1940"/><temp name="T1899"/><temp name="T1882"/><temp name="T1884"/><temp name="T1895"/><temp name="T1925"/><temp name="T1874"/><temp name="T1913"/><temp name="T2032"/><temp name="T1977"/><temp name="T1919"/><temp name="T2048"/><temp name="T1891"/><temp name="T1936"/><temp name="T615"/><temp name="T1960"/><temp name="T1966"/><temp name="T1886"/><temp name="T1946"/><temp name="T2022"/></temps><temps name="out"><temp name="T26"/><temp name="T1905"/><temp name="T1954"/><temp name="T1971"/><temp name="T1932"/><temp name="T2037"/><temp name="T2026"/><temp name="T2043"/><temp name="T1940"/><temp name="T1899"/><temp name="T1882"/><temp name="T1884"/><temp name="T1895"/><temp name="T1925"/><temp name="T1874"/><temp name="T1913"/><temp name="T2032"/><temp name="T1977"/><temp name="T1919"/><temp name="T2048"/><temp name="T1891"/><temp name="T1936"/><temp name="T615"/><temp name="T1960"/><temp name="T1966"/><temp name="T1886"/><temp name="T1946"/><temp name="T2022"/></temps></instruction><instruction code="OR T616, T1884, 0"><temps name="use"><temp name="T1884"/></temps><temps name="def"><temp name="T616"/></temps><temps name="in"><temp name="T26"/><temp name="T1905"/><temp name="T1954"/><temp name="T1971"/><temp name="T1932"/><temp name="T2037"/><temp name="T2026"/><temp name="T2043"/><temp name="T1940"/><temp name="T1899"/><temp name="T1882"/><temp name="T1884"/><temp name="T1895"/><temp name="T1925"/><temp name="T1874"/><temp name="T1913"/><temp name="T2032"/><temp name="T1977"/><temp name="T1919"/><temp name="T2048"/><temp name="T1891"/><temp name="T1936"/><temp name="T615"/><temp name="T1960"/><temp name="T1966"/><temp name="T1886"/><temp name="T1946"/><temp name="T2022"/></temps><temps name="out"><temp name="T26"/><temp name="T1905"/><temp name="T1954"/><temp name="T1971"/><temp name="T616"/><temp name="T1932"/><temp name="T2037"/><temp name="T2026"/><temp name="T2043"/><temp name="T1940"/><temp name="T1899"/><temp name="T1882"/><temp name="T1895"/><temp name="T1925"/><temp name="T1874"/><temp name="T1913"/><temp name="T2032"/><temp name="T1977"/><temp name="T1919"/><temp name="T2048"/><temp name="T1891"/><temp name="T1936"/><temp name="T615"/><temp name="T1960"/><temp name="T1966"/><temp name="T1886"/><temp name="T1946"/><temp name="T2022"/></temps></instruction><instruction code="ADD T1885, T615, T616"><temps name="use"><temp name="T615"/><temp name="T616"/></temps><temps name="def"><temp name="T1885"/></temps><temps name="in"><temp name="T26"/><temp name="T1905"/><temp name="T1954"/><temp name="T1971"/><temp name="T616"/><temp name="T1932"/><temp name="T2037"/><temp name="T2026"/><temp name="T2043"/><temp name="T1940"/><temp name="T1899"/><temp name="T1882"/><temp name="T1895"/><temp name="T1925"/><temp name="T1874"/><temp name="T1913"/><temp name="T2032"/><temp name="T1977"/><temp name="T1919"/><temp name="T2048"/><temp name="T1891"/><temp name="T1936"/><temp name="T615"/><temp name="T1960"/><temp name="T1966"/><temp name="T1886"/><temp name="T1946"/><temp name="T2022"/></temps><temps name="out"><temp name="T26"/><temp name="T1905"/><temp name="T1954"/><temp name="T1971"/><temp name="T1932"/><temp name="T2037"/><temp name="T2026"/><temp name="T2043"/><temp name="T1940"/><temp name="T1899"/><temp name="T1882"/><temp name="T1895"/><temp name="T1925"/><temp name="T1874"/><temp name="T1913"/><temp name="T2032"/><temp name="T1885"/><temp name="T1977"/><temp name="T1919"/><temp name="T2048"/><temp name="T1891"/><temp name="T1936"/><temp name="T1960"/><temp name="T1966"/><temp name="T1886"/><temp name="T1946"/><temp name="T2022"/></temps></instruction><instruction code="OR T617, T1885, 0"><temps name="use"><temp name="T1885"/></temps><temps name="def"><temp name="T617"/></temps><temps name="in"><temp name="T26"/><temp name="T1905"/><temp name="T1954"/><temp name="T1971"/><temp name="T1932"/><temp name="T2037"/><temp name="T2026"/><temp name="T2043"/><temp name="T1940"/><temp name="T1899"/><temp name="T1882"/><temp name="T1895"/><temp name="T1925"/><temp name="T1874"/><temp name="T1913"/><temp name="T2032"/><temp name="T1885"/><temp name="T1977"/><temp name="T1919"/><temp name="T2048"/><temp name="T1891"/><temp name="T1936"/><temp name="T1960"/><temp name="T1966"/><temp name="T1886"/><temp name="T1946"/><temp name="T2022"/></temps><temps name="out"><temp name="T26"/><temp name="T1905"/><temp name="T1954"/><temp name="T1971"/><temp name="T1932"/><temp name="T2037"/><temp name="T2026"/><temp name="T2043"/><temp name="T1940"/><temp name="T1899"/><temp name="T1882"/><temp name="T1895"/><temp name="T1925"/><temp name="T1874"/><temp name="T1913"/><temp name="T2032"/><temp name="T1977"/><temp name="T1919"/><temp name="T2048"/><temp name="T1891"/><temp name="T1936"/><temp name="T1960"/><temp name="T1966"/><temp name="T1886"/><temp name="T1946"/><temp name="T2022"/></temps></instruction><instruction code="LDO T1887, T1886, 0"><temps name="use"><temp name="T1886"/></temps><temps name="def"><temp name="T1887"/></temps><temps name="in"><temp name="T26"/><temp name="T1905"/><temp name="T1954"/><temp name="T1971"/><temp name="T1932"/><temp name="T2037"/><temp name="T2026"/><temp name="T2043"/><temp name="T1940"/><temp name="T1899"/><temp name="T1882"/><temp name="T1895"/><temp name="T1925"/><temp name="T1874"/><temp name="T1913"/><temp name="T2032"/><temp name="T1977"/><temp name="T1919"/><temp name="T2048"/><temp name="T1891"/><temp name="T1936"/><temp name="T1960"/><temp name="T1966"/><temp name="T1886"/><temp name="T1946"/><temp name="T2022"/></temps><temps name="out"><temp name="T26"/><temp name="T1905"/><temp name="T1954"/><temp name="T1971"/><temp name="T1932"/><temp name="T2037"/><temp name="T2026"/><temp name="T2043"/><temp name="T1940"/><temp name="T1887"/><temp name="T1899"/><temp name="T1882"/><temp name="T1895"/><temp name="T1925"/><temp name="T1874"/><temp name="T1913"/><temp name="T2032"/><temp name="T1977"/><temp name="T1919"/><temp name="T2048"/><temp name="T1891"/><temp name="T1936"/><temp name="T1960"/><temp name="T1966"/><temp name="T1886"/><temp name="T1946"/><temp name="T2022"/></temps></instruction><instruction code="OR T618, T1887, 0"><temps name="use"><temp name="T1887"/></temps><temps name="def"><temp name="T618"/></temps><temps name="in"><temp name="T26"/><temp name="T1905"/><temp name="T1954"/><temp name="T1971"/><temp name="T1932"/><temp name="T2037"/><temp name="T2026"/><temp name="T2043"/><temp name="T1940"/><temp name="T1887"/><temp name="T1899"/><temp name="T1882"/><temp name="T1895"/><temp name="T1925"/><temp name="T1874"/><temp name="T1913"/><temp name="T2032"/><temp name="T1977"/><temp name="T1919"/><temp name="T2048"/><temp name="T1891"/><temp name="T1936"/><temp name="T1960"/><temp name="T1966"/><temp name="T1886"/><temp name="T1946"/><temp name="T2022"/></temps><temps name="out"><temp name="T26"/><temp name="T1905"/><temp name="T1954"/><temp name="T1971"/><temp name="T1932"/><temp name="T2037"/><temp name="T2026"/><temp name="T2043"/><temp name="T1940"/><temp name="T618"/><temp name="T1899"/><temp name="T1882"/><temp name="T1895"/><temp name="T1925"/><temp name="T1874"/><temp name="T1913"/><temp name="T2032"/><temp name="T1977"/><temp name="T1919"/><temp name="T2048"/><temp name="T1891"/><temp name="T1936"/><temp name="T1960"/><temp name="T1966"/><temp name="T1886"/><temp name="T1946"/><temp name="T2022"/></temps></instruction><instruction code="SETL  T1888, 3"><temps name="use"/><temps name="def"><temp name="T1888"/></temps><temps name="in"><temp name="T26"/><temp name="T1905"/><temp name="T1954"/><temp name="T1971"/><temp name="T1932"/><temp name="T2037"/><temp name="T2026"/><temp name="T2043"/><temp name="T1940"/><temp name="T618"/><temp name="T1899"/><temp name="T1882"/><temp name="T1895"/><temp name="T1925"/><temp name="T1874"/><temp name="T1913"/><temp name="T2032"/><temp name="T1977"/><temp name="T1919"/><temp name="T2048"/><temp name="T1891"/><temp name="T1936"/><temp name="T1960"/><temp name="T1966"/><temp name="T1886"/><temp name="T1946"/><temp name="T2022"/></temps><temps name="out"><temp name="T26"/><temp name="T1905"/><temp name="T1954"/><temp name="T1971"/><temp name="T1932"/><temp name="T2037"/><temp name="T2026"/><temp name="T2043"/><temp name="T1940"/><temp name="T618"/><temp name="T1899"/><temp name="T1882"/><temp name="T1895"/><temp name="T1925"/><temp name="T1874"/><temp name="T1913"/><temp name="T2032"/><temp name="T1977"/><temp name="T1919"/><temp name="T2048"/><temp name="T1891"/><temp name="T1936"/><temp name="T1960"/><temp name="T1966"/><temp name="T1886"/><temp name="T1946"/><temp name="T2022"/></temps></instruction><instruction code="INCML T1888, 0"><temps name="use"/><temps name="def"><temp name="T1888"/></temps><temps name="in"><temp name="T26"/><temp name="T1905"/><temp name="T1954"/><temp name="T1971"/><temp name="T1932"/><temp name="T2037"/><temp name="T2026"/><temp name="T2043"/><temp name="T1940"/><temp name="T618"/><temp name="T1899"/><temp name="T1882"/><temp name="T1895"/><temp name="T1925"/><temp name="T1874"/><temp name="T1913"/><temp name="T2032"/><temp name="T1977"/><temp name="T1919"/><temp name="T2048"/><temp name="T1891"/><temp name="T1936"/><temp name="T1960"/><temp name="T1966"/><temp name="T1886"/><temp name="T1946"/><temp name="T2022"/></temps><temps name="out"><temp name="T26"/><temp name="T1905"/><temp name="T1954"/><temp name="T1971"/><temp name="T1932"/><temp name="T2037"/><temp name="T2026"/><temp name="T2043"/><temp name="T1940"/><temp name="T618"/><temp name="T1899"/><temp name="T1882"/><temp name="T1895"/><temp name="T1925"/><temp name="T1874"/><temp name="T1913"/><temp name="T2032"/><temp name="T1977"/><temp name="T1919"/><temp name="T2048"/><temp name="T1891"/><temp name="T1936"/><temp name="T1960"/><temp name="T1966"/><temp name="T1886"/><temp name="T1946"/><temp name="T2022"/></temps></instruction><instruction code="INCMH T1888, 0"><temps name="use"/><temps name="def"><temp name="T1888"/></temps><temps name="in"><temp name="T26"/><temp name="T1905"/><temp name="T1954"/><temp name="T1971"/><temp name="T1932"/><temp name="T2037"/><temp name="T2026"/><temp name="T2043"/><temp name="T1940"/><temp name="T618"/><temp name="T1899"/><temp name="T1882"/><temp name="T1895"/><temp name="T1925"/><temp name="T1874"/><temp name="T1913"/><temp name="T2032"/><temp name="T1977"/><temp name="T1919"/><temp name="T2048"/><temp name="T1891"/><temp name="T1936"/><temp name="T1960"/><temp name="T1966"/><temp name="T1886"/><temp name="T1946"/><temp name="T2022"/></temps><temps name="out"><temp name="T26"/><temp name="T1905"/><temp name="T1954"/><temp name="T1971"/><temp name="T1932"/><temp name="T2037"/><temp name="T2026"/><temp name="T2043"/><temp name="T1940"/><temp name="T618"/><temp name="T1899"/><temp name="T1882"/><temp name="T1895"/><temp name="T1925"/><temp name="T1874"/><temp name="T1913"/><temp name="T2032"/><temp name="T1977"/><temp name="T1919"/><temp name="T2048"/><temp name="T1891"/><temp name="T1936"/><temp name="T1960"/><temp name="T1966"/><temp name="T1886"/><temp name="T1946"/><temp name="T2022"/></temps></instruction><instruction code="INCH  T1888, 0"><temps name="use"/><temps name="def"><temp name="T1888"/></temps><temps name="in"><temp name="T26"/><temp name="T1905"/><temp name="T1954"/><temp name="T1971"/><temp name="T1932"/><temp name="T2037"/><temp name="T2026"/><temp name="T2043"/><temp name="T1940"/><temp name="T618"/><temp name="T1899"/><temp name="T1882"/><temp name="T1895"/><temp name="T1925"/><temp name="T1874"/><temp name="T1913"/><temp name="T2032"/><temp name="T1977"/><temp name="T1919"/><temp name="T2048"/><temp name="T1891"/><temp name="T1936"/><temp name="T1960"/><temp name="T1966"/><temp name="T1886"/><temp name="T1946"/><temp name="T2022"/></temps><temps name="out"><temp name="T26"/><temp name="T1905"/><temp name="T1954"/><temp name="T1971"/><temp name="T1932"/><temp name="T2037"/><temp name="T2026"/><temp name="T2043"/><temp name="T1940"/><temp name="T618"/><temp name="T1899"/><temp name="T1882"/><temp name="T1895"/><temp name="T1925"/><temp name="T1874"/><temp name="T1913"/><temp name="T2032"/><temp name="T1977"/><temp name="T1919"/><temp name="T2048"/><temp name="T1891"/><temp name="T1936"/><temp name="T1960"/><temp name="T1966"/><temp name="T1888"/><temp name="T1886"/><temp name="T1946"/><temp name="T2022"/></temps></instruction><instruction code="OR T619, T1888, 0"><temps name="use"><temp name="T1888"/></temps><temps name="def"><temp name="T619"/></temps><temps name="in"><temp name="T26"/><temp name="T1905"/><temp name="T1954"/><temp name="T1971"/><temp name="T1932"/><temp name="T2037"/><temp name="T2026"/><temp name="T2043"/><temp name="T1940"/><temp name="T618"/><temp name="T1899"/><temp name="T1882"/><temp name="T1895"/><temp name="T1925"/><temp name="T1874"/><temp name="T1913"/><temp name="T2032"/><temp name="T1977"/><temp name="T1919"/><temp name="T2048"/><temp name="T1891"/><temp name="T1936"/><temp name="T1960"/><temp name="T1966"/><temp name="T1888"/><temp name="T1886"/><temp name="T1946"/><temp name="T2022"/></temps><temps name="out"><temp name="T26"/><temp name="T1905"/><temp name="T1954"/><temp name="T1971"/><temp name="T1932"/><temp name="T2037"/><temp name="T2026"/><temp name="T2043"/><temp name="T1940"/><temp name="T618"/><temp name="T1899"/><temp name="T1882"/><temp name="T1895"/><temp name="T1925"/><temp name="T1874"/><temp name="T1913"/><temp name="T2032"/><temp name="T619"/><temp name="T1977"/><temp name="T1919"/><temp name="T2048"/><temp name="T1891"/><temp name="T1936"/><temp name="T1960"/><temp name="T1966"/><temp name="T1886"/><temp name="T1946"/><temp name="T2022"/></temps></instruction><instruction code="CMP T1889, T618, T619"><temps name="use"><temp name="T618"/><temp name="T619"/></temps><temps name="def"><temp name="T1889"/></temps><temps name="in"><temp name="T26"/><temp name="T1905"/><temp name="T1954"/><temp name="T1971"/><temp name="T1932"/><temp name="T2037"/><temp name="T2026"/><temp name="T2043"/><temp name="T1940"/><temp name="T618"/><temp name="T1899"/><temp name="T1882"/><temp name="T1895"/><temp name="T1925"/><temp name="T1874"/><temp name="T1913"/><temp name="T2032"/><temp name="T619"/><temp name="T1977"/><temp name="T1919"/><temp name="T2048"/><temp name="T1891"/><temp name="T1936"/><temp name="T1960"/><temp name="T1966"/><temp name="T1886"/><temp name="T1946"/><temp name="T2022"/></temps><temps name="out"><temp name="T26"/><temp name="T1905"/><temp name="T1954"/><temp name="T1971"/><temp name="T1932"/><temp name="T2037"/><temp name="T2026"/><temp name="T2043"/><temp name="T1940"/><temp name="T1899"/><temp name="T1882"/><temp name="T1895"/><temp name="T1925"/><temp name="T1874"/><temp name="T1913"/><temp name="T2032"/><temp name="T1977"/><temp name="T1919"/><temp name="T1889"/><temp name="T2048"/><temp name="T1891"/><temp name="T1936"/><temp name="T1960"/><temp name="T1966"/><temp name="T1886"/><temp name="T1946"/><temp name="T2022"/></temps></instruction><instruction code="ZSN T1889, T1889, 1"><temps name="use"><temp name="T1889"/></temps><temps name="def"><temp name="T1889"/></temps><temps name="in"><temp name="T26"/><temp name="T1905"/><temp name="T1954"/><temp name="T1971"/><temp name="T1932"/><temp name="T2037"/><temp name="T2026"/><temp name="T2043"/><temp name="T1940"/><temp name="T1899"/><temp name="T1882"/><temp name="T1895"/><temp name="T1925"/><temp name="T1874"/><temp name="T1913"/><temp name="T2032"/><temp name="T1977"/><temp name="T1919"/><temp name="T1889"/><temp name="T2048"/><temp name="T1891"/><temp name="T1936"/><temp name="T1960"/><temp name="T1966"/><temp name="T1886"/><temp name="T1946"/><temp name="T2022"/></temps><temps name="out"><temp name="T26"/><temp name="T1905"/><temp name="T1954"/><temp name="T1971"/><temp name="T1932"/><temp name="T2037"/><temp name="T2026"/><temp name="T2043"/><temp name="T1940"/><temp name="T1899"/><temp name="T1882"/><temp name="T1895"/><temp name="T1925"/><temp name="T1874"/><temp name="T1913"/><temp name="T2032"/><temp name="T1977"/><temp name="T1919"/><temp name="T1889"/><temp name="T2048"/><temp name="T1891"/><temp name="T1936"/><temp name="T1960"/><temp name="T1966"/><temp name="T1886"/><temp name="T1946"/><temp name="T2022"/></temps></instruction><instruction code="OR T620, T1889, 0"><temps name="use"><temp name="T1889"/></temps><temps name="def"><temp name="T620"/></temps><temps name="in"><temp name="T26"/><temp name="T1905"/><temp name="T1954"/><temp name="T1971"/><temp name="T1932"/><temp name="T2037"/><temp name="T2026"/><temp name="T2043"/><temp name="T1940"/><temp name="T1899"/><temp name="T1882"/><temp name="T1895"/><temp name="T1925"/><temp name="T1874"/><temp name="T1913"/><temp name="T2032"/><temp name="T1977"/><temp name="T1919"/><temp name="T1889"/><temp name="T2048"/><temp name="T1891"/><temp name="T1936"/><temp name="T1960"/><temp name="T1966"/><temp name="T1886"/><temp name="T1946"/><temp name="T2022"/></temps><temps name="out"><temp name="T26"/><temp name="T1905"/><temp name="T1954"/><temp name="T1971"/><temp name="T1932"/><temp name="T2037"/><temp name="T2026"/><temp name="T2043"/><temp name="T1940"/><temp name="T1899"/><temp name="T1882"/><temp name="T620"/><temp name="T1895"/><temp name="T1925"/><temp name="T1874"/><temp name="T1913"/><temp name="T2032"/><temp name="T1977"/><temp name="T1919"/><temp name="T2048"/><temp name="T1891"/><temp name="T1936"/><temp name="T1960"/><temp name="T1966"/><temp name="T1886"/><temp name="T1946"/><temp name="T2022"/></temps></instruction><instruction code="BNZ T620, L81"><temps name="use"><temp name="T620"/></temps><temps name="def"/><temps name="in"><temp name="T26"/><temp name="T1905"/><temp name="T1954"/><temp name="T1971"/><temp name="T1932"/><temp name="T2037"/><temp name="T2026"/><temp name="T2043"/><temp name="T1940"/><temp name="T1899"/><temp name="T1882"/><temp name="T620"/><temp name="T1895"/><temp name="T1925"/><temp name="T1874"/><temp name="T1913"/><temp name="T2032"/><temp name="T1977"/><temp name="T1919"/><temp name="T2048"/><temp name="T1891"/><temp name="T1936"/><temp name="T1960"/><temp name="T1966"/><temp name="T1886"/><temp name="T1946"/><temp name="T2022"/></temps><temps name="out"><temp name="T26"/><temp name="T1905"/><temp name="T1954"/><temp name="T1971"/><temp name="T1932"/><temp name="T2037"/><temp name="T2026"/><temp name="T2043"/><temp name="T1940"/><temp name="T1899"/><temp name="T1882"/><temp name="T1895"/><temp name="T1925"/><temp name="T1874"/><temp name="T1913"/><temp name="T2032"/><temp name="T1977"/><temp name="T1919"/><temp name="T2048"/><temp name="T1891"/><temp name="T1936"/><temp name="T1960"/><temp name="T1966"/><temp name="T1886"/><temp name="T1946"/><temp name="T2022"/></temps></instruction><instruction code="L145"><temps name="use"/><temps name="def"/><temps name="in"><temp name="T26"/><temp name="T1905"/><temp name="T1954"/><temp name="T1971"/><temp name="T1932"/><temp name="T2037"/><temp name="T2026"/><temp name="T2043"/><temp name="T1940"/><temp name="T1899"/><temp name="T1882"/><temp name="T1895"/><temp name="T1925"/><temp name="T1874"/><temp name="T1913"/><temp name="T2032"/><temp name="T1977"/><temp name="T1919"/><temp name="T2048"/><temp name="T1891"/><temp name="T1936"/><temp name="T1960"/><temp name="T1966"/><temp name="T1886"/><temp name="T1946"/><temp name="T2022"/></temps><temps name="out"><temp name="T26"/><temp name="T1905"/><temp name="T1954"/><temp name="T1971"/><temp name="T1932"/><temp name="T2037"/><temp name="T2026"/><temp name="T2043"/><temp name="T1940"/><temp name="T1899"/><temp name="T1882"/><temp name="T1895"/><temp name="T1925"/><temp name="T1874"/><temp name="T1913"/><temp name="T2032"/><temp name="T1977"/><temp name="T1919"/><temp name="T2048"/><temp name="T1891"/><temp name="T1936"/><temp name="T1960"/><temp name="T1966"/><temp name="T1886"/><temp name="T1946"/><temp name="T2022"/></temps></instruction><instruction code="LDA T1890, L82"><temps name="use"/><temps name="def"><temp name="T1890"/></temps><temps name="in"><temp name="T26"/><temp name="T1905"/><temp name="T1954"/><temp name="T1971"/><temp name="T1932"/><temp name="T2037"/><temp name="T2026"/><temp name="T2043"/><temp name="T1940"/><temp name="T1899"/><temp name="T1882"/><temp name="T1895"/><temp name="T1925"/><temp name="T1874"/><temp name="T1913"/><temp name="T2032"/><temp name="T1977"/><temp name="T1919"/><temp name="T2048"/><temp name="T1891"/><temp name="T1936"/><temp name="T1960"/><temp name="T1966"/><temp name="T1886"/><temp name="T1946"/><temp name="T2022"/></temps><temps name="out"><temp name="T26"/><temp name="T1905"/><temp name="T1954"/><temp name="T1971"/><temp name="T1932"/><temp name="T2037"/><temp name="T2026"/><temp name="T2043"/><temp name="T1940"/><temp name="T1899"/><temp name="T1882"/><temp name="T1895"/><temp name="T1925"/><temp name="T1874"/><temp name="T1913"/><temp name="T2032"/><temp name="T1977"/><temp name="T1919"/><temp name="T2048"/><temp name="T1891"/><temp name="T1936"/><temp name="T1960"/><temp name="T1966"/><temp name="T1890"/><temp name="T1886"/><temp name="T1946"/><temp name="T2022"/></temps></instruction><instruction code="GO T1890, T1890, 0"><temps name="use"><temp name="T1890"/></temps><temps name="def"><temp name="T1890"/></temps><temps name="in"><temp name="T26"/><temp name="T1905"/><temp name="T1954"/><temp name="T1971"/><temp name="T1932"/><temp name="T2037"/><temp name="T2026"/><temp name="T2043"/><temp name="T1940"/><temp name="T1899"/><temp name="T1882"/><temp name="T1895"/><temp name="T1925"/><temp name="T1874"/><temp name="T1913"/><temp name="T2032"/><temp name="T1977"/><temp name="T1919"/><temp name="T2048"/><temp name="T1891"/><temp name="T1936"/><temp name="T1960"/><temp name="T1966"/><temp name="T1890"/><temp name="T1886"/><temp name="T1946"/><temp name="T2022"/></temps><temps name="out"><temp name="T26"/><temp name="T1905"/><temp name="T1954"/><temp name="T1971"/><temp name="T1932"/><temp name="T2037"/><temp name="T2026"/><temp name="T2043"/><temp name="T1940"/><temp name="T1899"/><temp name="T1882"/><temp name="T1895"/><temp name="T1925"/><temp name="T1874"/><temp name="T1913"/><temp name="T2032"/><temp name="T1977"/><temp name="T1919"/><temp name="T2048"/><temp name="T1891"/><temp name="T1936"/><temp name="T1960"/><temp name="T1966"/><temp name="T1886"/><temp name="T1946"/><temp name="T2022"/></temps></instruction><instruction code="L81"><temps name="use"/><temps name="def"/><temps name="in"><temp name="T26"/><temp name="T1905"/><temp name="T1954"/><temp name="T1971"/><temp name="T1932"/><temp name="T2037"/><temp name="T2026"/><temp name="T2043"/><temp name="T1940"/><temp name="T1899"/><temp name="T1882"/><temp name="T1895"/><temp name="T1925"/><temp name="T1913"/><temp name="T1874"/><temp name="T2032"/><temp name="T1977"/><temp name="T1919"/><temp name="T2048"/><temp name="T1891"/><temp name="T1936"/><temp name="T1960"/><temp name="T1966"/><temp name="T1886"/><temp name="T1946"/><temp name="T2022"/></temps><temps name="out"><temp name="T26"/><temp name="T1905"/><temp name="T1954"/><temp name="T1971"/><temp name="T1932"/><temp name="T2037"/><temp name="T2026"/><temp name="T2043"/><temp name="T1940"/><temp name="T1899"/><temp name="T1882"/><temp name="T1895"/><temp name="T1925"/><temp name="T1913"/><temp name="T1874"/><temp name="T2032"/><temp name="T1977"/><temp name="T1919"/><temp name="T2048"/><temp name="T1891"/><temp name="T1936"/><temp name="T1960"/><temp name="T1966"/><temp name="T1886"/><temp name="T1946"/><temp name="T2022"/></temps></instruction><instruction code="OR T621, T26, 0"><temps name="use"><temp name="T26"/></temps><temps name="def"><temp name="T621"/></temps><temps name="in"><temp name="T26"/><temp name="T1905"/><temp name="T1954"/><temp name="T1971"/><temp name="T1932"/><temp name="T2037"/><temp name="T2026"/><temp name="T2043"/><temp name="T1940"/><temp name="T1899"/><temp name="T1882"/><temp name="T1895"/><temp name="T1925"/><temp name="T1913"/><temp name="T1874"/><temp name="T2032"/><temp name="T1977"/><temp name="T1919"/><temp name="T2048"/><temp name="T1891"/><temp name="T1936"/><temp name="T1960"/><temp name="T1966"/><temp name="T1886"/><temp name="T1946"/><temp name="T2022"/></temps><temps name="out"><temp name="T26"/><temp name="T1905"/><temp name="T1954"/><temp name="T1971"/><temp name="T1932"/><temp name="T2037"/><temp name="T2026"/><temp name="T2043"/><temp name="T1940"/><temp name="T1899"/><temp name="T1882"/><temp name="T1895"/><temp name="T1925"/><temp name="T1913"/><temp name="T1874"/><temp name="T2032"/><temp name="T1977"/><temp name="T1919"/><temp name="T2048"/><temp name="T1891"/><temp name="T1936"/><temp name="T1960"/><temp name="T1966"/><temp name="T1886"/><temp name="T1946"/><temp name="T2022"/></temps></instruction><instruction code="LDO T1892, T1891, 0"><temps name="use"><temp name="T1891"/></temps><temps name="def"><temp name="T1892"/></temps><temps name="in"><temp name="T26"/><temp name="T1905"/><temp name="T1954"/><temp name="T1971"/><temp name="T1932"/><temp name="T2037"/><temp name="T2026"/><temp name="T2043"/><temp name="T1940"/><temp name="T1899"/><temp name="T1882"/><temp name="T1895"/><temp name="T1925"/><temp name="T1913"/><temp name="T1874"/><temp name="T2032"/><temp name="T1977"/><temp name="T1919"/><temp name="T2048"/><temp name="T1891"/><temp name="T1936"/><temp name="T1960"/><temp name="T1966"/><temp name="T1886"/><temp name="T1946"/><temp name="T2022"/></temps><temps name="out"><temp name="T1892"/><temp name="T26"/><temp name="T1905"/><temp name="T1954"/><temp name="T1971"/><temp name="T1932"/><temp name="T2037"/><temp name="T2026"/><temp name="T2043"/><temp name="T1940"/><temp name="T1899"/><temp name="T1882"/><temp name="T1895"/><temp name="T1925"/><temp name="T1913"/><temp name="T1874"/><temp name="T2032"/><temp name="T1977"/><temp name="T1919"/><temp name="T2048"/><temp name="T1936"/><temp name="T1891"/><temp name="T1960"/><temp name="T1966"/><temp name="T1886"/><temp name="T1946"/><temp name="T2022"/></temps></instruction><instruction code="OR T622, T1892, 0"><temps name="use"><temp name="T1892"/></temps><temps name="def"><temp name="T622"/></temps><temps name="in"><temp name="T1892"/><temp name="T26"/><temp name="T1905"/><temp name="T1954"/><temp name="T1971"/><temp name="T1932"/><temp name="T2037"/><temp name="T2026"/><temp name="T2043"/><temp name="T1940"/><temp name="T1899"/><temp name="T1882"/><temp name="T1895"/><temp name="T1925"/><temp name="T1913"/><temp name="T1874"/><temp name="T2032"/><temp name="T1977"/><temp name="T1919"/><temp name="T2048"/><temp name="T1936"/><temp name="T1891"/><temp name="T1960"/><temp name="T1966"/><temp name="T1886"/><temp name="T1946"/><temp name="T2022"/></temps><temps name="out"><temp name="T26"/><temp name="T1905"/><temp name="T1954"/><temp name="T1971"/><temp name="T1932"/><temp name="T2037"/><temp name="T2026"/><temp name="T2043"/><temp name="T1940"/><temp name="T1899"/><temp name="T1882"/><temp name="T1895"/><temp name="T1925"/><temp name="T1913"/><temp name="T1874"/><temp name="T2032"/><temp name="T1977"/><temp name="T622"/><temp name="T1919"/><temp name="T2048"/><temp name="T1936"/><temp name="T1891"/><temp name="T1960"/><temp name="T1966"/><temp name="T1886"/><temp name="T1946"/><temp name="T2022"/></temps></instruction><instruction code="SETL  T1893, 8"><temps name="use"/><temps name="def"><temp name="T1893"/></temps><temps name="in"><temp name="T26"/><temp name="T1905"/><temp name="T1954"/><temp name="T1971"/><temp name="T1932"/><temp name="T2037"/><temp name="T2026"/><temp name="T2043"/><temp name="T1940"/><temp name="T1899"/><temp name="T1882"/><temp name="T1895"/><temp name="T1925"/><temp name="T1913"/><temp name="T1874"/><temp name="T2032"/><temp name="T1977"/><temp name="T622"/><temp name="T1919"/><temp name="T2048"/><temp name="T1936"/><temp name="T1891"/><temp name="T1960"/><temp name="T1966"/><temp name="T1886"/><temp name="T1946"/><temp name="T2022"/></temps><temps name="out"><temp name="T26"/><temp name="T1905"/><temp name="T1954"/><temp name="T1971"/><temp name="T1932"/><temp name="T2037"/><temp name="T2026"/><temp name="T2043"/><temp name="T1940"/><temp name="T1899"/><temp name="T1882"/><temp name="T1895"/><temp name="T1925"/><temp name="T1913"/><temp name="T1874"/><temp name="T2032"/><temp name="T1977"/><temp name="T622"/><temp name="T1919"/><temp name="T2048"/><temp name="T1936"/><temp name="T1891"/><temp name="T1960"/><temp name="T1966"/><temp name="T1886"/><temp name="T1946"/><temp name="T2022"/></temps></instruction><instruction code="INCML T1893, 0"><temps name="use"/><temps name="def"><temp name="T1893"/></temps><temps name="in"><temp name="T26"/><temp name="T1905"/><temp name="T1954"/><temp name="T1971"/><temp name="T1932"/><temp name="T2037"/><temp name="T2026"/><temp name="T2043"/><temp name="T1940"/><temp name="T1899"/><temp name="T1882"/><temp name="T1895"/><temp name="T1925"/><temp name="T1913"/><temp name="T1874"/><temp name="T2032"/><temp name="T1977"/><temp name="T622"/><temp name="T1919"/><temp name="T2048"/><temp name="T1936"/><temp name="T1891"/><temp name="T1960"/><temp name="T1966"/><temp name="T1886"/><temp name="T1946"/><temp name="T2022"/></temps><temps name="out"><temp name="T26"/><temp name="T1905"/><temp name="T1954"/><temp name="T1971"/><temp name="T1932"/><temp name="T2037"/><temp name="T2026"/><temp name="T2043"/><temp name="T1940"/><temp name="T1899"/><temp name="T1882"/><temp name="T1895"/><temp name="T1925"/><temp name="T1913"/><temp name="T1874"/><temp name="T2032"/><temp name="T1977"/><temp name="T622"/><temp name="T1919"/><temp name="T2048"/><temp name="T1936"/><temp name="T1891"/><temp name="T1960"/><temp name="T1966"/><temp name="T1886"/><temp name="T1946"/><temp name="T2022"/></temps></instruction><instruction code="INCMH T1893, 0"><temps name="use"/><temps name="def"><temp name="T1893"/></temps><temps name="in"><temp name="T26"/><temp name="T1905"/><temp name="T1954"/><temp name="T1971"/><temp name="T1932"/><temp name="T2037"/><temp name="T2026"/><temp name="T2043"/><temp name="T1940"/><temp name="T1899"/><temp name="T1882"/><temp name="T1895"/><temp name="T1925"/><temp name="T1913"/><temp name="T1874"/><temp name="T2032"/><temp name="T1977"/><temp name="T622"/><temp name="T1919"/><temp name="T2048"/><temp name="T1936"/><temp name="T1891"/><temp name="T1960"/><temp name="T1966"/><temp name="T1886"/><temp name="T1946"/><temp name="T2022"/></temps><temps name="out"><temp name="T26"/><temp name="T1905"/><temp name="T1954"/><temp name="T1971"/><temp name="T1932"/><temp name="T2037"/><temp name="T2026"/><temp name="T2043"/><temp name="T1940"/><temp name="T1899"/><temp name="T1882"/><temp name="T1895"/><temp name="T1925"/><temp name="T1913"/><temp name="T1874"/><temp name="T2032"/><temp name="T1977"/><temp name="T622"/><temp name="T1919"/><temp name="T2048"/><temp name="T1936"/><temp name="T1891"/><temp name="T1960"/><temp name="T1966"/><temp name="T1886"/><temp name="T1946"/><temp name="T2022"/></temps></instruction><instruction code="INCH  T1893, 0"><temps name="use"/><temps name="def"><temp name="T1893"/></temps><temps name="in"><temp name="T26"/><temp name="T1905"/><temp name="T1954"/><temp name="T1971"/><temp name="T1932"/><temp name="T2037"/><temp name="T2026"/><temp name="T2043"/><temp name="T1940"/><temp name="T1899"/><temp name="T1882"/><temp name="T1895"/><temp name="T1925"/><temp name="T1913"/><temp name="T1874"/><temp name="T2032"/><temp name="T1977"/><temp name="T622"/><temp name="T1919"/><temp name="T2048"/><temp name="T1936"/><temp name="T1891"/><temp name="T1960"/><temp name="T1966"/><temp name="T1886"/><temp name="T1946"/><temp name="T2022"/></temps><temps name="out"><temp name="T26"/><temp name="T1905"/><temp name="T1954"/><temp name="T1971"/><temp name="T1932"/><temp name="T2037"/><temp name="T2026"/><temp name="T2043"/><temp name="T1893"/><temp name="T1940"/><temp name="T1899"/><temp name="T1882"/><temp name="T1895"/><temp name="T1925"/><temp name="T1913"/><temp name="T1874"/><temp name="T2032"/><temp name="T1977"/><temp name="T622"/><temp name="T1919"/><temp name="T2048"/><temp name="T1936"/><temp name="T1891"/><temp name="T1960"/><temp name="T1966"/><temp name="T1886"/><temp name="T1946"/><temp name="T2022"/></temps></instruction><instruction code="OR T623, T1893, 0"><temps name="use"><temp name="T1893"/></temps><temps name="def"><temp name="T623"/></temps><temps name="in"><temp name="T26"/><temp name="T1905"/><temp name="T1954"/><temp name="T1971"/><temp name="T1932"/><temp name="T2037"/><temp name="T2026"/><temp name="T2043"/><temp name="T1893"/><temp name="T1940"/><temp name="T1899"/><temp name="T1882"/><temp name="T1895"/><temp name="T1925"/><temp name="T1913"/><temp name="T1874"/><temp name="T2032"/><temp name="T1977"/><temp name="T622"/><temp name="T1919"/><temp name="T2048"/><temp name="T1936"/><temp name="T1891"/><temp name="T1960"/><temp name="T1966"/><temp name="T1886"/><temp name="T1946"/><temp name="T2022"/></temps><temps name="out"><temp name="T26"/><temp name="T1905"/><temp name="T1954"/><temp name="T1971"/><temp name="T1932"/><temp name="T2037"/><temp name="T2026"/><temp name="T2043"/><temp name="T1940"/><temp name="T1899"/><temp name="T1882"/><temp name="T1895"/><temp name="T1925"/><temp name="T1913"/><temp name="T1874"/><temp name="T2032"/><temp name="T623"/><temp name="T1977"/><temp name="T622"/><temp name="T1919"/><temp name="T2048"/><temp name="T1936"/><temp name="T1891"/><temp name="T1960"/><temp name="T1966"/><temp name="T1886"/><temp name="T1946"/><temp name="T2022"/></temps></instruction><instruction code="ADD T1894, T622, T623"><temps name="use"><temp name="T622"/><temp name="T623"/></temps><temps name="def"><temp name="T1894"/></temps><temps name="in"><temp name="T26"/><temp name="T1905"/><temp name="T1954"/><temp name="T1971"/><temp name="T1932"/><temp name="T2037"/><temp name="T2026"/><temp name="T2043"/><temp name="T1940"/><temp name="T1899"/><temp name="T1882"/><temp name="T1895"/><temp name="T1925"/><temp name="T1913"/><temp name="T1874"/><temp name="T2032"/><temp name="T623"/><temp name="T1977"/><temp name="T622"/><temp name="T1919"/><temp name="T2048"/><temp name="T1936"/><temp name="T1891"/><temp name="T1960"/><temp name="T1966"/><temp name="T1886"/><temp name="T1946"/><temp name="T2022"/></temps><temps name="out"><temp name="T26"/><temp name="T1905"/><temp name="T1954"/><temp name="T1971"/><temp name="T1932"/><temp name="T2037"/><temp name="T2026"/><temp name="T2043"/><temp name="T1940"/><temp name="T1899"/><temp name="T1882"/><temp name="T1895"/><temp name="T1925"/><temp name="T1913"/><temp name="T1874"/><temp name="T2032"/><temp name="T1977"/><temp name="T1919"/><temp name="T1894"/><temp name="T2048"/><temp name="T1936"/><temp name="T1891"/><temp name="T1960"/><temp name="T1966"/><temp name="T1886"/><temp name="T1946"/><temp name="T2022"/></temps></instruction><instruction code="OR T624, T1894, 0"><temps name="use"><temp name="T1894"/></temps><temps name="def"><temp name="T624"/></temps><temps name="in"><temp name="T26"/><temp name="T1905"/><temp name="T1954"/><temp name="T1971"/><temp name="T1932"/><temp name="T2037"/><temp name="T2026"/><temp name="T2043"/><temp name="T1940"/><temp name="T1899"/><temp name="T1882"/><temp name="T1895"/><temp name="T1925"/><temp name="T1913"/><temp name="T1874"/><temp name="T2032"/><temp name="T1977"/><temp name="T1919"/><temp name="T1894"/><temp name="T2048"/><temp name="T1936"/><temp name="T1891"/><temp name="T1960"/><temp name="T1966"/><temp name="T1886"/><temp name="T1946"/><temp name="T2022"/></temps><temps name="out"><temp name="T26"/><temp name="T1905"/><temp name="T1954"/><temp name="T1971"/><temp name="T1932"/><temp name="T2037"/><temp name="T2026"/><temp name="T2043"/><temp name="T1940"/><temp name="T1899"/><temp name="T1882"/><temp name="T1895"/><temp name="T1925"/><temp name="T1913"/><temp name="T1874"/><temp name="T2032"/><temp name="T1977"/><temp name="T1919"/><temp name="T2048"/><temp name="T1936"/><temp name="T1891"/><temp name="T1960"/><temp name="T1966"/><temp name="T1886"/><temp name="T1946"/><temp name="T2022"/></temps></instruction><instruction code="LDO T1896, T1895, 0"><temps name="use"><temp name="T1895"/></temps><temps name="def"><temp name="T1896"/></temps><temps name="in"><temp name="T26"/><temp name="T1905"/><temp name="T1954"/><temp name="T1971"/><temp name="T1932"/><temp name="T2037"/><temp name="T2026"/><temp name="T2043"/><temp name="T1940"/><temp name="T1899"/><temp name="T1882"/><temp name="T1895"/><temp name="T1925"/><temp name="T1913"/><temp name="T1874"/><temp name="T2032"/><temp name="T1977"/><temp name="T1919"/><temp name="T2048"/><temp name="T1936"/><temp name="T1891"/><temp name="T1960"/><temp name="T1966"/><temp name="T1886"/><temp name="T1946"/><temp name="T2022"/></temps><temps name="out"><temp name="T26"/><temp name="T1905"/><temp name="T1954"/><temp name="T1971"/><temp name="T1932"/><temp name="T2037"/><temp name="T2026"/><temp name="T2043"/><temp name="T1940"/><temp name="T1899"/><temp name="T1882"/><temp name="T1896"/><temp name="T1925"/><temp name="T1895"/><temp name="T1913"/><temp name="T1874"/><temp name="T2032"/><temp name="T1977"/><temp name="T1919"/><temp name="T2048"/><temp name="T1936"/><temp name="T1891"/><temp name="T1960"/><temp name="T1966"/><temp name="T1886"/><temp name="T1946"/><temp name="T2022"/></temps></instruction><instruction code="OR T625, T1896, 0"><temps name="use"><temp name="T1896"/></temps><temps name="def"><temp name="T625"/></temps><temps name="in"><temp name="T26"/><temp name="T1905"/><temp name="T1954"/><temp name="T1971"/><temp name="T1932"/><temp name="T2037"/><temp name="T2026"/><temp name="T2043"/><temp name="T1940"/><temp name="T1899"/><temp name="T1882"/><temp name="T1896"/><temp name="T1925"/><temp name="T1895"/><temp name="T1913"/><temp name="T1874"/><temp name="T2032"/><temp name="T1977"/><temp name="T1919"/><temp name="T2048"/><temp name="T1936"/><temp name="T1891"/><temp name="T1960"/><temp name="T1966"/><temp name="T1886"/><temp name="T1946"/><temp name="T2022"/></temps><temps name="out"><temp name="T26"/><temp name="T1905"/><temp name="T1954"/><temp name="T1971"/><temp name="T1932"/><temp name="T2037"/><temp name="T2026"/><temp name="T2043"/><temp name="T1940"/><temp name="T1899"/><temp name="T1882"/><temp name="T625"/><temp name="T1925"/><temp name="T1895"/><temp name="T1913"/><temp name="T1874"/><temp name="T2032"/><temp name="T1977"/><temp name="T1919"/><temp name="T2048"/><temp name="T1936"/><temp name="T1891"/><temp name="T1960"/><temp name="T1966"/><temp name="T1886"/><temp name="T1946"/><temp name="T2022"/></temps></instruction><instruction code="OR T626, T26, 0"><temps name="use"><temp name="T26"/></temps><temps name="def"><temp name="T626"/></temps><temps name="in"><temp name="T26"/><temp name="T1905"/><temp name="T1954"/><temp name="T1971"/><temp name="T1932"/><temp name="T2037"/><temp name="T2026"/><temp name="T2043"/><temp name="T1940"/><temp name="T1899"/><temp name="T1882"/><temp name="T625"/><temp name="T1925"/><temp name="T1895"/><temp name="T1913"/><temp name="T1874"/><temp name="T2032"/><temp name="T1977"/><temp name="T1919"/><temp name="T2048"/><temp name="T1936"/><temp name="T1891"/><temp name="T1960"/><temp name="T1966"/><temp name="T1886"/><temp name="T1946"/><temp name="T2022"/></temps><temps name="out"><temp name="T26"/><temp name="T1905"/><temp name="T1954"/><temp name="T1971"/><temp name="T1932"/><temp name="T2037"/><temp name="T2026"/><temp name="T2043"/><temp name="T1940"/><temp name="T1899"/><temp name="T1882"/><temp name="T625"/><temp name="T1925"/><temp name="T1895"/><temp name="T1913"/><temp name="T1874"/><temp name="T2032"/><temp name="T626"/><temp name="T1977"/><temp name="T1919"/><temp name="T2048"/><temp name="T1936"/><temp name="T1891"/><temp name="T1960"/><temp name="T1966"/><temp name="T1886"/><temp name="T1946"/><temp name="T2022"/></temps></instruction><instruction code="SETL  T1897, 16"><temps name="use"/><temps name="def"><temp name="T1897"/></temps><temps name="in"><temp name="T26"/><temp name="T1905"/><temp name="T1954"/><temp name="T1971"/><temp name="T1932"/><temp name="T2037"/><temp name="T2026"/><temp name="T2043"/><temp name="T1940"/><temp name="T1899"/><temp name="T1882"/><temp name="T625"/><temp name="T1925"/><temp name="T1895"/><temp name="T1913"/><temp name="T1874"/><temp name="T2032"/><temp name="T626"/><temp name="T1977"/><temp name="T1919"/><temp name="T2048"/><temp name="T1936"/><temp name="T1891"/><temp name="T1960"/><temp name="T1966"/><temp name="T1886"/><temp name="T1946"/><temp name="T2022"/></temps><temps name="out"><temp name="T26"/><temp name="T1905"/><temp name="T1954"/><temp name="T1971"/><temp name="T1932"/><temp name="T2037"/><temp name="T2026"/><temp name="T2043"/><temp name="T1940"/><temp name="T1899"/><temp name="T1882"/><temp name="T625"/><temp name="T1925"/><temp name="T1895"/><temp name="T1913"/><temp name="T1874"/><temp name="T2032"/><temp name="T626"/><temp name="T1977"/><temp name="T1919"/><temp name="T2048"/><temp name="T1936"/><temp name="T1891"/><temp name="T1960"/><temp name="T1966"/><temp name="T1886"/><temp name="T1946"/><temp name="T2022"/></temps></instruction><instruction code="INCML T1897, 0"><temps name="use"/><temps name="def"><temp name="T1897"/></temps><temps name="in"><temp name="T26"/><temp name="T1905"/><temp name="T1954"/><temp name="T1971"/><temp name="T1932"/><temp name="T2037"/><temp name="T2026"/><temp name="T2043"/><temp name="T1940"/><temp name="T1899"/><temp name="T1882"/><temp name="T625"/><temp name="T1925"/><temp name="T1895"/><temp name="T1913"/><temp name="T1874"/><temp name="T2032"/><temp name="T626"/><temp name="T1977"/><temp name="T1919"/><temp name="T2048"/><temp name="T1936"/><temp name="T1891"/><temp name="T1960"/><temp name="T1966"/><temp name="T1886"/><temp name="T1946"/><temp name="T2022"/></temps><temps name="out"><temp name="T26"/><temp name="T1905"/><temp name="T1954"/><temp name="T1971"/><temp name="T1932"/><temp name="T2037"/><temp name="T2026"/><temp name="T2043"/><temp name="T1940"/><temp name="T1899"/><temp name="T1882"/><temp name="T625"/><temp name="T1925"/><temp name="T1895"/><temp name="T1913"/><temp name="T1874"/><temp name="T2032"/><temp name="T626"/><temp name="T1977"/><temp name="T1919"/><temp name="T2048"/><temp name="T1936"/><temp name="T1891"/><temp name="T1960"/><temp name="T1966"/><temp name="T1886"/><temp name="T1946"/><temp name="T2022"/></temps></instruction><instruction code="INCMH T1897, 0"><temps name="use"/><temps name="def"><temp name="T1897"/></temps><temps name="in"><temp name="T26"/><temp name="T1905"/><temp name="T1954"/><temp name="T1971"/><temp name="T1932"/><temp name="T2037"/><temp name="T2026"/><temp name="T2043"/><temp name="T1940"/><temp name="T1899"/><temp name="T1882"/><temp name="T625"/><temp name="T1925"/><temp name="T1895"/><temp name="T1913"/><temp name="T1874"/><temp name="T2032"/><temp name="T626"/><temp name="T1977"/><temp name="T1919"/><temp name="T2048"/><temp name="T1936"/><temp name="T1891"/><temp name="T1960"/><temp name="T1966"/><temp name="T1886"/><temp name="T1946"/><temp name="T2022"/></temps><temps name="out"><temp name="T26"/><temp name="T1905"/><temp name="T1954"/><temp name="T1971"/><temp name="T1932"/><temp name="T2037"/><temp name="T2026"/><temp name="T2043"/><temp name="T1940"/><temp name="T1899"/><temp name="T1882"/><temp name="T625"/><temp name="T1925"/><temp name="T1895"/><temp name="T1913"/><temp name="T1874"/><temp name="T2032"/><temp name="T626"/><temp name="T1977"/><temp name="T1919"/><temp name="T2048"/><temp name="T1936"/><temp name="T1891"/><temp name="T1960"/><temp name="T1966"/><temp name="T1886"/><temp name="T1946"/><temp name="T2022"/></temps></instruction><instruction code="INCH  T1897, 0"><temps name="use"/><temps name="def"><temp name="T1897"/></temps><temps name="in"><temp name="T26"/><temp name="T1905"/><temp name="T1954"/><temp name="T1971"/><temp name="T1932"/><temp name="T2037"/><temp name="T2026"/><temp name="T2043"/><temp name="T1940"/><temp name="T1899"/><temp name="T1882"/><temp name="T625"/><temp name="T1925"/><temp name="T1895"/><temp name="T1913"/><temp name="T1874"/><temp name="T2032"/><temp name="T626"/><temp name="T1977"/><temp name="T1919"/><temp name="T2048"/><temp name="T1936"/><temp name="T1891"/><temp name="T1960"/><temp name="T1966"/><temp name="T1886"/><temp name="T1946"/><temp name="T2022"/></temps><temps name="out"><temp name="T26"/><temp name="T1905"/><temp name="T1954"/><temp name="T1971"/><temp name="T1932"/><temp name="T2037"/><temp name="T2026"/><temp name="T2043"/><temp name="T1940"/><temp name="T1899"/><temp name="T1882"/><temp name="T625"/><temp name="T1925"/><temp name="T1895"/><temp name="T1913"/><temp name="T1874"/><temp name="T2032"/><temp name="T1897"/><temp name="T626"/><temp name="T1977"/><temp name="T1919"/><temp name="T2048"/><temp name="T1936"/><temp name="T1891"/><temp name="T1960"/><temp name="T1966"/><temp name="T1886"/><temp name="T1946"/><temp name="T2022"/></temps></instruction><instruction code="OR T627, T1897, 0"><temps name="use"><temp name="T1897"/></temps><temps name="def"><temp name="T627"/></temps><temps name="in"><temp name="T26"/><temp name="T1905"/><temp name="T1954"/><temp name="T1971"/><temp name="T1932"/><temp name="T2037"/><temp name="T2026"/><temp name="T2043"/><temp name="T1940"/><temp name="T1899"/><temp name="T1882"/><temp name="T625"/><temp name="T1925"/><temp name="T1895"/><temp name="T1913"/><temp name="T1874"/><temp name="T2032"/><temp name="T1897"/><temp name="T626"/><temp name="T1977"/><temp name="T1919"/><temp name="T2048"/><temp name="T1936"/><temp name="T1891"/><temp name="T1960"/><temp name="T1966"/><temp name="T1886"/><temp name="T1946"/><temp name="T2022"/></temps><temps name="out"><temp name="T26"/><temp name="T1905"/><temp name="T1954"/><temp name="T1971"/><temp name="T1932"/><temp name="T2037"/><temp name="T2026"/><temp name="T2043"/><temp name="T1940"/><temp name="T1899"/><temp name="T1882"/><temp name="T625"/><temp name="T1925"/><temp name="T1895"/><temp name="T1913"/><temp name="T1874"/><temp name="T2032"/><temp name="T626"/><temp name="T1977"/><temp name="T1919"/><temp name="T2048"/><temp name="T627"/><temp name="T1936"/><temp name="T1891"/><temp name="T1960"/><temp name="T1966"/><temp name="T1886"/><temp name="T1946"/><temp name="T2022"/></temps></instruction><instruction code="ADD T1898, T626, T627"><temps name="use"><temp name="T626"/><temp name="T627"/></temps><temps name="def"><temp name="T1898"/></temps><temps name="in"><temp name="T26"/><temp name="T1905"/><temp name="T1954"/><temp name="T1971"/><temp name="T1932"/><temp name="T2037"/><temp name="T2026"/><temp name="T2043"/><temp name="T1940"/><temp name="T1899"/><temp name="T1882"/><temp name="T625"/><temp name="T1925"/><temp name="T1895"/><temp name="T1913"/><temp name="T1874"/><temp name="T2032"/><temp name="T626"/><temp name="T1977"/><temp name="T1919"/><temp name="T2048"/><temp name="T627"/><temp name="T1936"/><temp name="T1891"/><temp name="T1960"/><temp name="T1966"/><temp name="T1886"/><temp name="T1946"/><temp name="T2022"/></temps><temps name="out"><temp name="T26"/><temp name="T1905"/><temp name="T1954"/><temp name="T1971"/><temp name="T1932"/><temp name="T2037"/><temp name="T2026"/><temp name="T2043"/><temp name="T1940"/><temp name="T1899"/><temp name="T1882"/><temp name="T625"/><temp name="T1925"/><temp name="T1895"/><temp name="T1913"/><temp name="T1874"/><temp name="T2032"/><temp name="T1977"/><temp name="T1919"/><temp name="T1898"/><temp name="T2048"/><temp name="T1936"/><temp name="T1891"/><temp name="T1960"/><temp name="T1966"/><temp name="T1886"/><temp name="T1946"/><temp name="T2022"/></temps></instruction><instruction code="OR T628, T1898, 0"><temps name="use"><temp name="T1898"/></temps><temps name="def"><temp name="T628"/></temps><temps name="in"><temp name="T26"/><temp name="T1905"/><temp name="T1954"/><temp name="T1971"/><temp name="T1932"/><temp name="T2037"/><temp name="T2026"/><temp name="T2043"/><temp name="T1940"/><temp name="T1899"/><temp name="T1882"/><temp name="T625"/><temp name="T1925"/><temp name="T1895"/><temp name="T1913"/><temp name="T1874"/><temp name="T2032"/><temp name="T1977"/><temp name="T1919"/><temp name="T1898"/><temp name="T2048"/><temp name="T1936"/><temp name="T1891"/><temp name="T1960"/><temp name="T1966"/><temp name="T1886"/><temp name="T1946"/><temp name="T2022"/></temps><temps name="out"><temp name="T26"/><temp name="T1905"/><temp name="T1954"/><temp name="T1971"/><temp name="T1932"/><temp name="T2037"/><temp name="T2026"/><temp name="T2043"/><temp name="T1940"/><temp name="T1899"/><temp name="T1882"/><temp name="T625"/><temp name="T1925"/><temp name="T1895"/><temp name="T1913"/><temp name="T1874"/><temp name="T2032"/><temp name="T1977"/><temp name="T1919"/><temp name="T2048"/><temp name="T1936"/><temp name="T1891"/><temp name="T1960"/><temp name="T1966"/><temp name="T1886"/><temp name="T1946"/><temp name="T2022"/></temps></instruction><instruction code="LDO T1900, T1899, 0"><temps name="use"><temp name="T1899"/></temps><temps name="def"><temp name="T1900"/></temps><temps name="in"><temp name="T26"/><temp name="T1905"/><temp name="T1954"/><temp name="T1971"/><temp name="T1932"/><temp name="T2037"/><temp name="T2026"/><temp name="T2043"/><temp name="T1940"/><temp name="T1899"/><temp name="T1882"/><temp name="T625"/><temp name="T1925"/><temp name="T1895"/><temp name="T1913"/><temp name="T1874"/><temp name="T2032"/><temp name="T1977"/><temp name="T1919"/><temp name="T2048"/><temp name="T1936"/><temp name="T1891"/><temp name="T1960"/><temp name="T1966"/><temp name="T1886"/><temp name="T1946"/><temp name="T2022"/></temps><temps name="out"><temp name="T26"/><temp name="T1905"/><temp name="T1954"/><temp name="T1971"/><temp name="T1932"/><temp name="T2037"/><temp name="T2026"/><temp name="T2043"/><temp name="T1940"/><temp name="T1899"/><temp name="T1882"/><temp name="T625"/><temp name="T1925"/><temp name="T1895"/><temp name="T1913"/><temp name="T1874"/><temp name="T2032"/><temp name="T1900"/><temp name="T1977"/><temp name="T1919"/><temp name="T2048"/><temp name="T1936"/><temp name="T1891"/><temp name="T1960"/><temp name="T1966"/><temp name="T1886"/><temp name="T1946"/><temp name="T2022"/></temps></instruction><instruction code="OR T629, T1900, 0"><temps name="use"><temp name="T1900"/></temps><temps name="def"><temp name="T629"/></temps><temps name="in"><temp name="T26"/><temp name="T1905"/><temp name="T1954"/><temp name="T1971"/><temp name="T1932"/><temp name="T2037"/><temp name="T2026"/><temp name="T2043"/><temp name="T1940"/><temp name="T1899"/><temp name="T1882"/><temp name="T625"/><temp name="T1925"/><temp name="T1895"/><temp name="T1913"/><temp name="T1874"/><temp name="T2032"/><temp name="T1900"/><temp name="T1977"/><temp name="T1919"/><temp name="T2048"/><temp name="T1936"/><temp name="T1891"/><temp name="T1960"/><temp name="T1966"/><temp name="T1886"/><temp name="T1946"/><temp name="T2022"/></temps><temps name="out"><temp name="T26"/><temp name="T1905"/><temp name="T1954"/><temp name="T629"/><temp name="T1971"/><temp name="T1932"/><temp name="T2037"/><temp name="T2026"/><temp name="T2043"/><temp name="T1940"/><temp name="T1899"/><temp name="T1882"/><temp name="T625"/><temp name="T1925"/><temp name="T1895"/><temp name="T1913"/><temp name="T1874"/><temp name="T2032"/><temp name="T1977"/><temp name="T1919"/><temp name="T2048"/><temp name="T1936"/><temp name="T1891"/><temp name="T1960"/><temp name="T1966"/><temp name="T1886"/><temp name="T1946"/><temp name="T2022"/></temps></instruction><instruction code="SETL  T1901, 3"><temps name="use"/><temps name="def"><temp name="T1901"/></temps><temps name="in"><temp name="T26"/><temp name="T1905"/><temp name="T1954"/><temp name="T629"/><temp name="T1971"/><temp name="T1932"/><temp name="T2037"/><temp name="T2026"/><temp name="T2043"/><temp name="T1940"/><temp name="T1899"/><temp name="T1882"/><temp name="T625"/><temp name="T1925"/><temp name="T1895"/><temp name="T1913"/><temp name="T1874"/><temp name="T2032"/><temp name="T1977"/><temp name="T1919"/><temp name="T2048"/><temp name="T1936"/><temp name="T1891"/><temp name="T1960"/><temp name="T1966"/><temp name="T1886"/><temp name="T1946"/><temp name="T2022"/></temps><temps name="out"><temp name="T26"/><temp name="T1905"/><temp name="T1954"/><temp name="T629"/><temp name="T1971"/><temp name="T1932"/><temp name="T2037"/><temp name="T2026"/><temp name="T2043"/><temp name="T1940"/><temp name="T1899"/><temp name="T1882"/><temp name="T625"/><temp name="T1925"/><temp name="T1895"/><temp name="T1913"/><temp name="T1874"/><temp name="T2032"/><temp name="T1977"/><temp name="T1919"/><temp name="T2048"/><temp name="T1936"/><temp name="T1891"/><temp name="T1960"/><temp name="T1966"/><temp name="T1886"/><temp name="T1946"/><temp name="T2022"/></temps></instruction><instruction code="INCML T1901, 0"><temps name="use"/><temps name="def"><temp name="T1901"/></temps><temps name="in"><temp name="T26"/><temp name="T1905"/><temp name="T1954"/><temp name="T629"/><temp name="T1971"/><temp name="T1932"/><temp name="T2037"/><temp name="T2026"/><temp name="T2043"/><temp name="T1940"/><temp name="T1899"/><temp name="T1882"/><temp name="T625"/><temp name="T1925"/><temp name="T1895"/><temp name="T1913"/><temp name="T1874"/><temp name="T2032"/><temp name="T1977"/><temp name="T1919"/><temp name="T2048"/><temp name="T1936"/><temp name="T1891"/><temp name="T1960"/><temp name="T1966"/><temp name="T1886"/><temp name="T1946"/><temp name="T2022"/></temps><temps name="out"><temp name="T26"/><temp name="T1905"/><temp name="T1954"/><temp name="T629"/><temp name="T1971"/><temp name="T1932"/><temp name="T2037"/><temp name="T2026"/><temp name="T2043"/><temp name="T1940"/><temp name="T1899"/><temp name="T1882"/><temp name="T625"/><temp name="T1925"/><temp name="T1895"/><temp name="T1913"/><temp name="T1874"/><temp name="T2032"/><temp name="T1977"/><temp name="T1919"/><temp name="T2048"/><temp name="T1936"/><temp name="T1891"/><temp name="T1960"/><temp name="T1966"/><temp name="T1886"/><temp name="T1946"/><temp name="T2022"/></temps></instruction><instruction code="INCMH T1901, 0"><temps name="use"/><temps name="def"><temp name="T1901"/></temps><temps name="in"><temp name="T26"/><temp name="T1905"/><temp name="T1954"/><temp name="T629"/><temp name="T1971"/><temp name="T1932"/><temp name="T2037"/><temp name="T2026"/><temp name="T2043"/><temp name="T1940"/><temp name="T1899"/><temp name="T1882"/><temp name="T625"/><temp name="T1925"/><temp name="T1895"/><temp name="T1913"/><temp name="T1874"/><temp name="T2032"/><temp name="T1977"/><temp name="T1919"/><temp name="T2048"/><temp name="T1936"/><temp name="T1891"/><temp name="T1960"/><temp name="T1966"/><temp name="T1886"/><temp name="T1946"/><temp name="T2022"/></temps><temps name="out"><temp name="T26"/><temp name="T1905"/><temp name="T1954"/><temp name="T629"/><temp name="T1971"/><temp name="T1932"/><temp name="T2037"/><temp name="T2026"/><temp name="T2043"/><temp name="T1940"/><temp name="T1899"/><temp name="T1882"/><temp name="T625"/><temp name="T1925"/><temp name="T1895"/><temp name="T1913"/><temp name="T1874"/><temp name="T2032"/><temp name="T1977"/><temp name="T1919"/><temp name="T2048"/><temp name="T1936"/><temp name="T1891"/><temp name="T1960"/><temp name="T1966"/><temp name="T1886"/><temp name="T1946"/><temp name="T2022"/></temps></instruction><instruction code="INCH  T1901, 0"><temps name="use"/><temps name="def"><temp name="T1901"/></temps><temps name="in"><temp name="T26"/><temp name="T1905"/><temp name="T1954"/><temp name="T629"/><temp name="T1971"/><temp name="T1932"/><temp name="T2037"/><temp name="T2026"/><temp name="T2043"/><temp name="T1940"/><temp name="T1899"/><temp name="T1882"/><temp name="T625"/><temp name="T1925"/><temp name="T1895"/><temp name="T1913"/><temp name="T1874"/><temp name="T2032"/><temp name="T1977"/><temp name="T1919"/><temp name="T2048"/><temp name="T1936"/><temp name="T1891"/><temp name="T1960"/><temp name="T1966"/><temp name="T1886"/><temp name="T1946"/><temp name="T2022"/></temps><temps name="out"><temp name="T26"/><temp name="T1905"/><temp name="T1954"/><temp name="T629"/><temp name="T1971"/><temp name="T1932"/><temp name="T2037"/><temp name="T2026"/><temp name="T2043"/><temp name="T1940"/><temp name="T1899"/><temp name="T1882"/><temp name="T625"/><temp name="T1925"/><temp name="T1895"/><temp name="T1913"/><temp name="T1874"/><temp name="T2032"/><temp name="T1901"/><temp name="T1977"/><temp name="T1919"/><temp name="T2048"/><temp name="T1936"/><temp name="T1891"/><temp name="T1960"/><temp name="T1966"/><temp name="T1886"/><temp name="T1946"/><temp name="T2022"/></temps></instruction><instruction code="OR T630, T1901, 0"><temps name="use"><temp name="T1901"/></temps><temps name="def"><temp name="T630"/></temps><temps name="in"><temp name="T26"/><temp name="T1905"/><temp name="T1954"/><temp name="T629"/><temp name="T1971"/><temp name="T1932"/><temp name="T2037"/><temp name="T2026"/><temp name="T2043"/><temp name="T1940"/><temp name="T1899"/><temp name="T1882"/><temp name="T625"/><temp name="T1925"/><temp name="T1895"/><temp name="T1913"/><temp name="T1874"/><temp name="T2032"/><temp name="T1901"/><temp name="T1977"/><temp name="T1919"/><temp name="T2048"/><temp name="T1936"/><temp name="T1891"/><temp name="T1960"/><temp name="T1966"/><temp name="T1886"/><temp name="T1946"/><temp name="T2022"/></temps><temps name="out"><temp name="T26"/><temp name="T1905"/><temp name="T1954"/><temp name="T629"/><temp name="T1971"/><temp name="T1932"/><temp name="T2037"/><temp name="T2026"/><temp name="T2043"/><temp name="T1940"/><temp name="T1899"/><temp name="T1882"/><temp name="T625"/><temp name="T1925"/><temp name="T1895"/><temp name="T1913"/><temp name="T1874"/><temp name="T2032"/><temp name="T630"/><temp name="T1977"/><temp name="T1919"/><temp name="T2048"/><temp name="T1936"/><temp name="T1891"/><temp name="T1960"/><temp name="T1966"/><temp name="T1886"/><temp name="T1946"/><temp name="T2022"/></temps></instruction><instruction code="MUL T1902, T629, T630"><temps name="use"><temp name="T629"/><temp name="T630"/></temps><temps name="def"><temp name="T1902"/></temps><temps name="in"><temp name="T26"/><temp name="T1905"/><temp name="T1954"/><temp name="T629"/><temp name="T1971"/><temp name="T1932"/><temp name="T2037"/><temp name="T2026"/><temp name="T2043"/><temp name="T1940"/><temp name="T1899"/><temp name="T1882"/><temp name="T625"/><temp name="T1925"/><temp name="T1895"/><temp name="T1913"/><temp name="T1874"/><temp name="T2032"/><temp name="T630"/><temp name="T1977"/><temp name="T1919"/><temp name="T2048"/><temp name="T1936"/><temp name="T1891"/><temp name="T1960"/><temp name="T1966"/><temp name="T1886"/><temp name="T1946"/><temp name="T2022"/></temps><temps name="out"><temp name="T26"/><temp name="T1905"/><temp name="T1954"/><temp name="T1971"/><temp name="T1932"/><temp name="T2037"/><temp name="T2026"/><temp name="T2043"/><temp name="T1940"/><temp name="T1899"/><temp name="T1882"/><temp name="T625"/><temp name="T1902"/><temp name="T1925"/><temp name="T1895"/><temp name="T1913"/><temp name="T1874"/><temp name="T2032"/><temp name="T1977"/><temp name="T1919"/><temp name="T2048"/><temp name="T1936"/><temp name="T1891"/><temp name="T1960"/><temp name="T1966"/><temp name="T1886"/><temp name="T1946"/><temp name="T2022"/></temps></instruction><instruction code="OR T631, T1902, 0"><temps name="use"><temp name="T1902"/></temps><temps name="def"><temp name="T631"/></temps><temps name="in"><temp name="T26"/><temp name="T1905"/><temp name="T1954"/><temp name="T1971"/><temp name="T1932"/><temp name="T2037"/><temp name="T2026"/><temp name="T2043"/><temp name="T1940"/><temp name="T1899"/><temp name="T1882"/><temp name="T625"/><temp name="T1902"/><temp name="T1925"/><temp name="T1895"/><temp name="T1913"/><temp name="T1874"/><temp name="T2032"/><temp name="T1977"/><temp name="T1919"/><temp name="T2048"/><temp name="T1936"/><temp name="T1891"/><temp name="T1960"/><temp name="T1966"/><temp name="T1886"/><temp name="T1946"/><temp name="T2022"/></temps><temps name="out"><temp name="T26"/><temp name="T1905"/><temp name="T1954"/><temp name="T1971"/><temp name="T1932"/><temp name="T2037"/><temp name="T2026"/><temp name="T2043"/><temp name="T1940"/><temp name="T1899"/><temp name="T1882"/><temp name="T625"/><temp name="T1925"/><temp name="T1895"/><temp name="T1913"/><temp name="T1874"/><temp name="T2032"/><temp name="T1977"/><temp name="T1919"/><temp name="T2048"/><temp name="T1936"/><temp name="T1891"/><temp name="T1960"/><temp name="T1966"/><temp name="T631"/><temp name="T1886"/><temp name="T1946"/><temp name="T2022"/></temps></instruction><instruction code="OR T632, T26, 0"><temps name="use"><temp name="T26"/></temps><temps name="def"><temp name="T632"/></temps><temps name="in"><temp name="T26"/><temp name="T1905"/><temp name="T1954"/><temp name="T1971"/><temp name="T1932"/><temp name="T2037"/><temp name="T2026"/><temp name="T2043"/><temp name="T1940"/><temp name="T1899"/><temp name="T1882"/><temp name="T625"/><temp name="T1925"/><temp name="T1895"/><temp name="T1913"/><temp name="T1874"/><temp name="T2032"/><temp name="T1977"/><temp name="T1919"/><temp name="T2048"/><temp name="T1936"/><temp name="T1891"/><temp name="T1960"/><temp name="T1966"/><temp name="T631"/><temp name="T1886"/><temp name="T1946"/><temp name="T2022"/></temps><temps name="out"><temp name="T1905"/><temp name="T26"/><temp name="T1954"/><temp name="T1971"/><temp name="T1932"/><temp name="T2037"/><temp name="T2026"/><temp name="T2043"/><temp name="T1940"/><temp name="T632"/><temp name="T1899"/><temp name="T1882"/><temp name="T625"/><temp name="T1925"/><temp name="T1895"/><temp name="T1913"/><temp name="T1874"/><temp name="T2032"/><temp name="T1977"/><temp name="T1919"/><temp name="T2048"/><temp name="T1936"/><temp name="T1891"/><temp name="T1960"/><temp name="T1966"/><temp name="T631"/><temp name="T1886"/><temp name="T1946"/><temp name="T2022"/></temps></instruction><instruction code="SETL  T1903, 96"><temps name="use"/><temps name="def"><temp name="T1903"/></temps><temps name="in"><temp name="T1905"/><temp name="T26"/><temp name="T1954"/><temp name="T1971"/><temp name="T1932"/><temp name="T2037"/><temp name="T2026"/><temp name="T2043"/><temp name="T1940"/><temp name="T632"/><temp name="T1899"/><temp name="T1882"/><temp name="T625"/><temp name="T1925"/><temp name="T1895"/><temp name="T1913"/><temp name="T1874"/><temp name="T2032"/><temp name="T1977"/><temp name="T1919"/><temp name="T2048"/><temp name="T1936"/><temp name="T1891"/><temp name="T1960"/><temp name="T1966"/><temp name="T631"/><temp name="T1886"/><temp name="T1946"/><temp name="T2022"/></temps><temps name="out"><temp name="T1905"/><temp name="T26"/><temp name="T1954"/><temp name="T1971"/><temp name="T1932"/><temp name="T2037"/><temp name="T2026"/><temp name="T2043"/><temp name="T1940"/><temp name="T632"/><temp name="T1899"/><temp name="T1882"/><temp name="T625"/><temp name="T1925"/><temp name="T1895"/><temp name="T1913"/><temp name="T1874"/><temp name="T2032"/><temp name="T1977"/><temp name="T1919"/><temp name="T2048"/><temp name="T1936"/><temp name="T1891"/><temp name="T1960"/><temp name="T1966"/><temp name="T631"/><temp name="T1886"/><temp name="T1946"/><temp name="T2022"/></temps></instruction><instruction code="INCML T1903, 0"><temps name="use"/><temps name="def"><temp name="T1903"/></temps><temps name="in"><temp name="T1905"/><temp name="T26"/><temp name="T1954"/><temp name="T1971"/><temp name="T1932"/><temp name="T2037"/><temp name="T2026"/><temp name="T2043"/><temp name="T1940"/><temp name="T632"/><temp name="T1899"/><temp name="T1882"/><temp name="T625"/><temp name="T1925"/><temp name="T1895"/><temp name="T1913"/><temp name="T1874"/><temp name="T2032"/><temp name="T1977"/><temp name="T1919"/><temp name="T2048"/><temp name="T1936"/><temp name="T1891"/><temp name="T1960"/><temp name="T1966"/><temp name="T631"/><temp name="T1886"/><temp name="T1946"/><temp name="T2022"/></temps><temps name="out"><temp name="T1905"/><temp name="T26"/><temp name="T1954"/><temp name="T1971"/><temp name="T1932"/><temp name="T2037"/><temp name="T2026"/><temp name="T2043"/><temp name="T1940"/><temp name="T632"/><temp name="T1899"/><temp name="T1882"/><temp name="T625"/><temp name="T1925"/><temp name="T1895"/><temp name="T1913"/><temp name="T1874"/><temp name="T2032"/><temp name="T1977"/><temp name="T1919"/><temp name="T2048"/><temp name="T1936"/><temp name="T1891"/><temp name="T1960"/><temp name="T1966"/><temp name="T631"/><temp name="T1886"/><temp name="T1946"/><temp name="T2022"/></temps></instruction><instruction code="INCMH T1903, 0"><temps name="use"/><temps name="def"><temp name="T1903"/></temps><temps name="in"><temp name="T1905"/><temp name="T26"/><temp name="T1954"/><temp name="T1971"/><temp name="T1932"/><temp name="T2037"/><temp name="T2026"/><temp name="T2043"/><temp name="T1940"/><temp name="T632"/><temp name="T1899"/><temp name="T1882"/><temp name="T625"/><temp name="T1925"/><temp name="T1895"/><temp name="T1913"/><temp name="T1874"/><temp name="T2032"/><temp name="T1977"/><temp name="T1919"/><temp name="T2048"/><temp name="T1936"/><temp name="T1891"/><temp name="T1960"/><temp name="T1966"/><temp name="T631"/><temp name="T1886"/><temp name="T1946"/><temp name="T2022"/></temps><temps name="out"><temp name="T1905"/><temp name="T26"/><temp name="T1954"/><temp name="T1971"/><temp name="T1932"/><temp name="T2037"/><temp name="T2026"/><temp name="T2043"/><temp name="T1940"/><temp name="T632"/><temp name="T1899"/><temp name="T1882"/><temp name="T625"/><temp name="T1925"/><temp name="T1895"/><temp name="T1913"/><temp name="T1874"/><temp name="T2032"/><temp name="T1977"/><temp name="T1919"/><temp name="T2048"/><temp name="T1936"/><temp name="T1891"/><temp name="T1960"/><temp name="T1966"/><temp name="T631"/><temp name="T1886"/><temp name="T1946"/><temp name="T2022"/></temps></instruction><instruction code="INCH  T1903, 0"><temps name="use"/><temps name="def"><temp name="T1903"/></temps><temps name="in"><temp name="T1905"/><temp name="T26"/><temp name="T1954"/><temp name="T1971"/><temp name="T1932"/><temp name="T2037"/><temp name="T2026"/><temp name="T2043"/><temp name="T1940"/><temp name="T632"/><temp name="T1899"/><temp name="T1882"/><temp name="T625"/><temp name="T1925"/><temp name="T1895"/><temp name="T1913"/><temp name="T1874"/><temp name="T2032"/><temp name="T1977"/><temp name="T1919"/><temp name="T2048"/><temp name="T1936"/><temp name="T1891"/><temp name="T1960"/><temp name="T1966"/><temp name="T631"/><temp name="T1886"/><temp name="T1946"/><temp name="T2022"/></temps><temps name="out"><temp name="T1905"/><temp name="T26"/><temp name="T1954"/><temp name="T1971"/><temp name="T1932"/><temp name="T2037"/><temp name="T2026"/><temp name="T2043"/><temp name="T1940"/><temp name="T632"/><temp name="T1899"/><temp name="T1882"/><temp name="T625"/><temp name="T1925"/><temp name="T1895"/><temp name="T1913"/><temp name="T1874"/><temp name="T2032"/><temp name="T1977"/><temp name="T1919"/><temp name="T2048"/><temp name="T1936"/><temp name="T1891"/><temp name="T1960"/><temp name="T1966"/><temp name="T1903"/><temp name="T631"/><temp name="T1886"/><temp name="T1946"/><temp name="T2022"/></temps></instruction><instruction code="NEG T1903, 0, T1903"><temps name="use"><temp name="T1903"/></temps><temps name="def"><temp name="T1903"/></temps><temps name="in"><temp name="T1905"/><temp name="T26"/><temp name="T1954"/><temp name="T1971"/><temp name="T1932"/><temp name="T2037"/><temp name="T2026"/><temp name="T2043"/><temp name="T1940"/><temp name="T632"/><temp name="T1899"/><temp name="T1882"/><temp name="T625"/><temp name="T1925"/><temp name="T1895"/><temp name="T1913"/><temp name="T1874"/><temp name="T2032"/><temp name="T1977"/><temp name="T1919"/><temp name="T2048"/><temp name="T1936"/><temp name="T1891"/><temp name="T1960"/><temp name="T1966"/><temp name="T1903"/><temp name="T631"/><temp name="T1886"/><temp name="T1946"/><temp name="T2022"/></temps><temps name="out"><temp name="T1905"/><temp name="T26"/><temp name="T1954"/><temp name="T1971"/><temp name="T1932"/><temp name="T2037"/><temp name="T2026"/><temp name="T2043"/><temp name="T1940"/><temp name="T632"/><temp name="T1899"/><temp name="T1882"/><temp name="T625"/><temp name="T1925"/><temp name="T1895"/><temp name="T1913"/><temp name="T1874"/><temp name="T2032"/><temp name="T1977"/><temp name="T1919"/><temp name="T2048"/><temp name="T1936"/><temp name="T1891"/><temp name="T1960"/><temp name="T1966"/><temp name="T1903"/><temp name="T631"/><temp name="T1886"/><temp name="T1946"/><temp name="T2022"/></temps></instruction><instruction code="OR T633, T1903, 0"><temps name="use"><temp name="T1903"/></temps><temps name="def"><temp name="T633"/></temps><temps name="in"><temp name="T1905"/><temp name="T26"/><temp name="T1954"/><temp name="T1971"/><temp name="T1932"/><temp name="T2037"/><temp name="T2026"/><temp name="T2043"/><temp name="T1940"/><temp name="T632"/><temp name="T1899"/><temp name="T1882"/><temp name="T625"/><temp name="T1925"/><temp name="T1895"/><temp name="T1913"/><temp name="T1874"/><temp name="T2032"/><temp name="T1977"/><temp name="T1919"/><temp name="T2048"/><temp name="T1936"/><temp name="T1891"/><temp name="T1960"/><temp name="T1966"/><temp name="T1903"/><temp name="T631"/><temp name="T1886"/><temp name="T1946"/><temp name="T2022"/></temps><temps name="out"><temp name="T1905"/><temp name="T26"/><temp name="T1954"/><temp name="T1971"/><temp name="T1932"/><temp name="T2037"/><temp name="T2026"/><temp name="T2043"/><temp name="T1940"/><temp name="T632"/><temp name="T1899"/><temp name="T1882"/><temp name="T625"/><temp name="T633"/><temp name="T1925"/><temp name="T1895"/><temp name="T1913"/><temp name="T1874"/><temp name="T2032"/><temp name="T1977"/><temp name="T1919"/><temp name="T2048"/><temp name="T1936"/><temp name="T1891"/><temp name="T1960"/><temp name="T1966"/><temp name="T631"/><temp name="T1886"/><temp name="T1946"/><temp name="T2022"/></temps></instruction><instruction code="ADD T1904, T632, T633"><temps name="use"><temp name="T632"/><temp name="T633"/></temps><temps name="def"><temp name="T1904"/></temps><temps name="in"><temp name="T1905"/><temp name="T26"/><temp name="T1954"/><temp name="T1971"/><temp name="T1932"/><temp name="T2037"/><temp name="T2026"/><temp name="T2043"/><temp name="T1940"/><temp name="T632"/><temp name="T1899"/><temp name="T1882"/><temp name="T625"/><temp name="T633"/><temp name="T1925"/><temp name="T1895"/><temp name="T1913"/><temp name="T1874"/><temp name="T2032"/><temp name="T1977"/><temp name="T1919"/><temp name="T2048"/><temp name="T1936"/><temp name="T1891"/><temp name="T1960"/><temp name="T1966"/><temp name="T631"/><temp name="T1886"/><temp name="T1946"/><temp name="T2022"/></temps><temps name="out"><temp name="T1905"/><temp name="T26"/><temp name="T1954"/><temp name="T1971"/><temp name="T1932"/><temp name="T2037"/><temp name="T2026"/><temp name="T2043"/><temp name="T1940"/><temp name="T1899"/><temp name="T1882"/><temp name="T625"/><temp name="T1925"/><temp name="T1895"/><temp name="T1913"/><temp name="T1874"/><temp name="T2032"/><temp name="T1904"/><temp name="T1977"/><temp name="T1919"/><temp name="T2048"/><temp name="T1936"/><temp name="T1891"/><temp name="T1960"/><temp name="T1966"/><temp name="T631"/><temp name="T1886"/><temp name="T1946"/><temp name="T2022"/></temps></instruction><instruction code="OR T634, T1904, 0"><temps name="use"><temp name="T1904"/></temps><temps name="def"><temp name="T634"/></temps><temps name="in"><temp name="T1905"/><temp name="T26"/><temp name="T1954"/><temp name="T1971"/><temp name="T1932"/><temp name="T2037"/><temp name="T2026"/><temp name="T2043"/><temp name="T1940"/><temp name="T1899"/><temp name="T1882"/><temp name="T625"/><temp name="T1925"/><temp name="T1895"/><temp name="T1913"/><temp name="T1874"/><temp name="T2032"/><temp name="T1904"/><temp name="T1977"/><temp name="T1919"/><temp name="T2048"/><temp name="T1936"/><temp name="T1891"/><temp name="T1960"/><temp name="T1966"/><temp name="T631"/><temp name="T1886"/><temp name="T1946"/><temp name="T2022"/></temps><temps name="out"><temp name="T1905"/><temp name="T26"/><temp name="T1954"/><temp name="T1971"/><temp name="T1932"/><temp name="T2037"/><temp name="T2026"/><temp name="T2043"/><temp name="T1940"/><temp name="T1899"/><temp name="T1882"/><temp name="T625"/><temp name="T1925"/><temp name="T1895"/><temp name="T1913"/><temp name="T1874"/><temp name="T2032"/><temp name="T1977"/><temp name="T1919"/><temp name="T2048"/><temp name="T1936"/><temp name="T1891"/><temp name="T1960"/><temp name="T1966"/><temp name="T631"/><temp name="T1886"/><temp name="T1946"/><temp name="T2022"/></temps></instruction><instruction code="LDO T1906, T1905, 0"><temps name="use"><temp name="T1905"/></temps><temps name="def"><temp name="T1906"/></temps><temps name="in"><temp name="T1905"/><temp name="T26"/><temp name="T1954"/><temp name="T1971"/><temp name="T1932"/><temp name="T2037"/><temp name="T2026"/><temp name="T2043"/><temp name="T1940"/><temp name="T1899"/><temp name="T1882"/><temp name="T625"/><temp name="T1925"/><temp name="T1895"/><temp name="T1913"/><temp name="T1874"/><temp name="T2032"/><temp name="T1977"/><temp name="T1919"/><temp name="T2048"/><temp name="T1936"/><temp name="T1891"/><temp name="T1960"/><temp name="T1966"/><temp name="T631"/><temp name="T1886"/><temp name="T1946"/><temp name="T2022"/></temps><temps name="out"><temp name="T26"/><temp name="T1954"/><temp name="T1905"/><temp name="T1971"/><temp name="T1932"/><temp name="T2037"/><temp name="T2026"/><temp name="T2043"/><temp name="T1940"/><temp name="T1899"/><temp name="T1882"/><temp name="T625"/><temp name="T1925"/><temp name="T1895"/><temp name="T1913"/><temp name="T1874"/><temp name="T2032"/><temp name="T1977"/><temp name="T1919"/><temp name="T2048"/><temp name="T1936"/><temp name="T1891"/><temp name="T1906"/><temp name="T1960"/><temp name="T1966"/><temp name="T631"/><temp name="T1886"/><temp name="T1946"/><temp name="T2022"/></temps></instruction><instruction code="OR T635, T1906, 0"><temps name="use"><temp name="T1906"/></temps><temps name="def"><temp name="T635"/></temps><temps name="in"><temp name="T26"/><temp name="T1954"/><temp name="T1905"/><temp name="T1971"/><temp name="T1932"/><temp name="T2037"/><temp name="T2026"/><temp name="T2043"/><temp name="T1940"/><temp name="T1899"/><temp name="T1882"/><temp name="T625"/><temp name="T1925"/><temp name="T1895"/><temp name="T1913"/><temp name="T1874"/><temp name="T2032"/><temp name="T1977"/><temp name="T1919"/><temp name="T2048"/><temp name="T1936"/><temp name="T1891"/><temp name="T1906"/><temp name="T1960"/><temp name="T1966"/><temp name="T631"/><temp name="T1886"/><temp name="T1946"/><temp name="T2022"/></temps><temps name="out"><temp name="T26"/><temp name="T1954"/><temp name="T1905"/><temp name="T1971"/><temp name="T1932"/><temp name="T2037"/><temp name="T2026"/><temp name="T2043"/><temp name="T1940"/><temp name="T1899"/><temp name="T1882"/><temp name="T625"/><temp name="T1925"/><temp name="T1895"/><temp name="T1913"/><temp name="T1874"/><temp name="T2032"/><temp name="T635"/><temp name="T1977"/><temp name="T1919"/><temp name="T2048"/><temp name="T1936"/><temp name="T1891"/><temp name="T1960"/><temp name="T1966"/><temp name="T631"/><temp name="T1886"/><temp name="T1946"/><temp name="T2022"/></temps></instruction><instruction code="ADD T1907, T631, T635"><temps name="use"><temp name="T631"/><temp name="T635"/></temps><temps name="def"><temp name="T1907"/></temps><temps name="in"><temp name="T26"/><temp name="T1954"/><temp name="T1905"/><temp name="T1971"/><temp name="T1932"/><temp name="T2037"/><temp name="T2026"/><temp name="T2043"/><temp name="T1940"/><temp name="T1899"/><temp name="T1882"/><temp name="T625"/><temp name="T1925"/><temp name="T1895"/><temp name="T1913"/><temp name="T1874"/><temp name="T2032"/><temp name="T635"/><temp name="T1977"/><temp name="T1919"/><temp name="T2048"/><temp name="T1936"/><temp name="T1891"/><temp name="T1960"/><temp name="T1966"/><temp name="T631"/><temp name="T1886"/><temp name="T1946"/><temp name="T2022"/></temps><temps name="out"><temp name="T26"/><temp name="T1954"/><temp name="T1905"/><temp name="T1971"/><temp name="T1932"/><temp name="T2037"/><temp name="T2026"/><temp name="T2043"/><temp name="T1940"/><temp name="T1899"/><temp name="T1882"/><temp name="T625"/><temp name="T1925"/><temp name="T1895"/><temp name="T1913"/><temp name="T1874"/><temp name="T2032"/><temp name="T1977"/><temp name="T1919"/><temp name="T2048"/><temp name="T1936"/><temp name="T1891"/><temp name="T1907"/><temp name="T1960"/><temp name="T1966"/><temp name="T1886"/><temp name="T1946"/><temp name="T2022"/></temps></instruction><instruction code="OR T636, T1907, 0"><temps name="use"><temp name="T1907"/></temps><temps name="def"><temp name="T636"/></temps><temps name="in"><temp name="T26"/><temp name="T1954"/><temp name="T1905"/><temp name="T1971"/><temp name="T1932"/><temp name="T2037"/><temp name="T2026"/><temp name="T2043"/><temp name="T1940"/><temp name="T1899"/><temp name="T1882"/><temp name="T625"/><temp name="T1925"/><temp name="T1895"/><temp name="T1913"/><temp name="T1874"/><temp name="T2032"/><temp name="T1977"/><temp name="T1919"/><temp name="T2048"/><temp name="T1936"/><temp name="T1891"/><temp name="T1907"/><temp name="T1960"/><temp name="T1966"/><temp name="T1886"/><temp name="T1946"/><temp name="T2022"/></temps><temps name="out"><temp name="T26"/><temp name="T1954"/><temp name="T1905"/><temp name="T1971"/><temp name="T1932"/><temp name="T2037"/><temp name="T2026"/><temp name="T2043"/><temp name="T1940"/><temp name="T1899"/><temp name="T1882"/><temp name="T625"/><temp name="T1925"/><temp name="T1895"/><temp name="T1913"/><temp name="T1874"/><temp name="T2032"/><temp name="T1977"/><temp name="T1919"/><temp name="T2048"/><temp name="T1936"/><temp name="T1891"/><temp name="T1960"/><temp name="T1966"/><temp name="T1886"/><temp name="T1946"/><temp name="T2022"/><temp name="T636"/></temps></instruction><instruction code="SETL  T1908, 72"><temps name="use"/><temps name="def"><temp name="T1908"/></temps><temps name="in"><temp name="T26"/><temp name="T1954"/><temp name="T1905"/><temp name="T1971"/><temp name="T1932"/><temp name="T2037"/><temp name="T2026"/><temp name="T2043"/><temp name="T1940"/><temp name="T1899"/><temp name="T1882"/><temp name="T625"/><temp name="T1925"/><temp name="T1895"/><temp name="T1913"/><temp name="T1874"/><temp name="T2032"/><temp name="T1977"/><temp name="T1919"/><temp name="T2048"/><temp name="T1936"/><temp name="T1891"/><temp name="T1960"/><temp name="T1966"/><temp name="T1886"/><temp name="T1946"/><temp name="T2022"/><temp name="T636"/></temps><temps name="out"><temp name="T26"/><temp name="T1954"/><temp name="T1905"/><temp name="T1971"/><temp name="T1932"/><temp name="T2037"/><temp name="T2026"/><temp name="T2043"/><temp name="T1940"/><temp name="T1899"/><temp name="T1882"/><temp name="T625"/><temp name="T1925"/><temp name="T1895"/><temp name="T1913"/><temp name="T1874"/><temp name="T2032"/><temp name="T1977"/><temp name="T1919"/><temp name="T2048"/><temp name="T1936"/><temp name="T1891"/><temp name="T1960"/><temp name="T1966"/><temp name="T1886"/><temp name="T1946"/><temp name="T2022"/><temp name="T636"/></temps></instruction><instruction code="INCML T1908, 0"><temps name="use"/><temps name="def"><temp name="T1908"/></temps><temps name="in"><temp name="T26"/><temp name="T1954"/><temp name="T1905"/><temp name="T1971"/><temp name="T1932"/><temp name="T2037"/><temp name="T2026"/><temp name="T2043"/><temp name="T1940"/><temp name="T1899"/><temp name="T1882"/><temp name="T625"/><temp name="T1925"/><temp name="T1895"/><temp name="T1913"/><temp name="T1874"/><temp name="T2032"/><temp name="T1977"/><temp name="T1919"/><temp name="T2048"/><temp name="T1936"/><temp name="T1891"/><temp name="T1960"/><temp name="T1966"/><temp name="T1886"/><temp name="T1946"/><temp name="T2022"/><temp name="T636"/></temps><temps name="out"><temp name="T26"/><temp name="T1954"/><temp name="T1905"/><temp name="T1971"/><temp name="T1932"/><temp name="T2037"/><temp name="T2026"/><temp name="T2043"/><temp name="T1940"/><temp name="T1899"/><temp name="T1882"/><temp name="T625"/><temp name="T1925"/><temp name="T1895"/><temp name="T1913"/><temp name="T1874"/><temp name="T2032"/><temp name="T1977"/><temp name="T1919"/><temp name="T2048"/><temp name="T1936"/><temp name="T1891"/><temp name="T1960"/><temp name="T1966"/><temp name="T1886"/><temp name="T1946"/><temp name="T2022"/><temp name="T636"/></temps></instruction><instruction code="INCMH T1908, 0"><temps name="use"/><temps name="def"><temp name="T1908"/></temps><temps name="in"><temp name="T26"/><temp name="T1954"/><temp name="T1905"/><temp name="T1971"/><temp name="T1932"/><temp name="T2037"/><temp name="T2026"/><temp name="T2043"/><temp name="T1940"/><temp name="T1899"/><temp name="T1882"/><temp name="T625"/><temp name="T1925"/><temp name="T1895"/><temp name="T1913"/><temp name="T1874"/><temp name="T2032"/><temp name="T1977"/><temp name="T1919"/><temp name="T2048"/><temp name="T1936"/><temp name="T1891"/><temp name="T1960"/><temp name="T1966"/><temp name="T1886"/><temp name="T1946"/><temp name="T2022"/><temp name="T636"/></temps><temps name="out"><temp name="T26"/><temp name="T1954"/><temp name="T1905"/><temp name="T1971"/><temp name="T1932"/><temp name="T2037"/><temp name="T2026"/><temp name="T2043"/><temp name="T1940"/><temp name="T1899"/><temp name="T1882"/><temp name="T625"/><temp name="T1925"/><temp name="T1895"/><temp name="T1913"/><temp name="T1874"/><temp name="T2032"/><temp name="T1977"/><temp name="T1919"/><temp name="T2048"/><temp name="T1936"/><temp name="T1891"/><temp name="T1960"/><temp name="T1966"/><temp name="T1886"/><temp name="T1946"/><temp name="T2022"/><temp name="T636"/></temps></instruction><instruction code="INCH  T1908, 0"><temps name="use"/><temps name="def"><temp name="T1908"/></temps><temps name="in"><temp name="T26"/><temp name="T1954"/><temp name="T1905"/><temp name="T1971"/><temp name="T1932"/><temp name="T2037"/><temp name="T2026"/><temp name="T2043"/><temp name="T1940"/><temp name="T1899"/><temp name="T1882"/><temp name="T625"/><temp name="T1925"/><temp name="T1895"/><temp name="T1913"/><temp name="T1874"/><temp name="T2032"/><temp name="T1977"/><temp name="T1919"/><temp name="T2048"/><temp name="T1936"/><temp name="T1891"/><temp name="T1960"/><temp name="T1966"/><temp name="T1886"/><temp name="T1946"/><temp name="T2022"/><temp name="T636"/></temps><temps name="out"><temp name="T26"/><temp name="T1954"/><temp name="T1905"/><temp name="T1971"/><temp name="T1932"/><temp name="T2037"/><temp name="T2026"/><temp name="T2043"/><temp name="T1908"/><temp name="T1940"/><temp name="T1899"/><temp name="T1882"/><temp name="T625"/><temp name="T1925"/><temp name="T1895"/><temp name="T1913"/><temp name="T1874"/><temp name="T2032"/><temp name="T1977"/><temp name="T1919"/><temp name="T2048"/><temp name="T1936"/><temp name="T1891"/><temp name="T1960"/><temp name="T1966"/><temp name="T1886"/><temp name="T1946"/><temp name="T2022"/><temp name="T636"/></temps></instruction><instruction code="OR T637, T1908, 0"><temps name="use"><temp name="T1908"/></temps><temps name="def"><temp name="T637"/></temps><temps name="in"><temp name="T26"/><temp name="T1954"/><temp name="T1905"/><temp name="T1971"/><temp name="T1932"/><temp name="T2037"/><temp name="T2026"/><temp name="T2043"/><temp name="T1908"/><temp name="T1940"/><temp name="T1899"/><temp name="T1882"/><temp name="T625"/><temp name="T1925"/><temp name="T1895"/><temp name="T1913"/><temp name="T1874"/><temp name="T2032"/><temp name="T1977"/><temp name="T1919"/><temp name="T2048"/><temp name="T1936"/><temp name="T1891"/><temp name="T1960"/><temp name="T1966"/><temp name="T1886"/><temp name="T1946"/><temp name="T2022"/><temp name="T636"/></temps><temps name="out"><temp name="T26"/><temp name="T1954"/><temp name="T1905"/><temp name="T1971"/><temp name="T1932"/><temp name="T2037"/><temp name="T2026"/><temp name="T2043"/><temp name="T1940"/><temp name="T1899"/><temp name="T1882"/><temp name="T625"/><temp name="T1925"/><temp name="T1895"/><temp name="T1913"/><temp name="T1874"/><temp name="T2032"/><temp name="T1977"/><temp name="T1919"/><temp name="T2048"/><temp name="T1936"/><temp name="T1891"/><temp name="T637"/><temp name="T1960"/><temp name="T1966"/><temp name="T1886"/><temp name="T1946"/><temp name="T2022"/><temp name="T636"/></temps></instruction><instruction code="MUL T1909, T636, T637"><temps name="use"><temp name="T636"/><temp name="T637"/></temps><temps name="def"><temp name="T1909"/></temps><temps name="in"><temp name="T26"/><temp name="T1954"/><temp name="T1905"/><temp name="T1971"/><temp name="T1932"/><temp name="T2037"/><temp name="T2026"/><temp name="T2043"/><temp name="T1940"/><temp name="T1899"/><temp name="T1882"/><temp name="T625"/><temp name="T1925"/><temp name="T1895"/><temp name="T1913"/><temp name="T1874"/><temp name="T2032"/><temp name="T1977"/><temp name="T1919"/><temp name="T2048"/><temp name="T1936"/><temp name="T1891"/><temp name="T637"/><temp name="T1960"/><temp name="T1966"/><temp name="T1886"/><temp name="T1946"/><temp name="T2022"/><temp name="T636"/></temps><temps name="out"><temp name="T26"/><temp name="T1954"/><temp name="T1905"/><temp name="T1971"/><temp name="T1932"/><temp name="T2037"/><temp name="T2026"/><temp name="T2043"/><temp name="T1909"/><temp name="T1940"/><temp name="T1899"/><temp name="T1882"/><temp name="T625"/><temp name="T1925"/><temp name="T1895"/><temp name="T1913"/><temp name="T1874"/><temp name="T2032"/><temp name="T1977"/><temp name="T1919"/><temp name="T2048"/><temp name="T1936"/><temp name="T1891"/><temp name="T1960"/><temp name="T1966"/><temp name="T1886"/><temp name="T1946"/><temp name="T2022"/></temps></instruction><instruction code="OR T638, T1909, 0"><temps name="use"><temp name="T1909"/></temps><temps name="def"><temp name="T638"/></temps><temps name="in"><temp name="T26"/><temp name="T1954"/><temp name="T1905"/><temp name="T1971"/><temp name="T1932"/><temp name="T2037"/><temp name="T2026"/><temp name="T2043"/><temp name="T1909"/><temp name="T1940"/><temp name="T1899"/><temp name="T1882"/><temp name="T625"/><temp name="T1925"/><temp name="T1895"/><temp name="T1913"/><temp name="T1874"/><temp name="T2032"/><temp name="T1977"/><temp name="T1919"/><temp name="T2048"/><temp name="T1936"/><temp name="T1891"/><temp name="T1960"/><temp name="T1966"/><temp name="T1886"/><temp name="T1946"/><temp name="T2022"/></temps><temps name="out"><temp name="T638"/><temp name="T26"/><temp name="T1954"/><temp name="T1905"/><temp name="T1971"/><temp name="T1932"/><temp name="T2037"/><temp name="T2026"/><temp name="T2043"/><temp name="T1940"/><temp name="T1899"/><temp name="T1882"/><temp name="T625"/><temp name="T1925"/><temp name="T1895"/><temp name="T1913"/><temp name="T1874"/><temp name="T2032"/><temp name="T1977"/><temp name="T1919"/><temp name="T2048"/><temp name="T1936"/><temp name="T1891"/><temp name="T1960"/><temp name="T1966"/><temp name="T1886"/><temp name="T1946"/><temp name="T2022"/></temps></instruction><instruction code="ADD T1910, T625, T638"><temps name="use"><temp name="T625"/><temp name="T638"/></temps><temps name="def"><temp name="T1910"/></temps><temps name="in"><temp name="T638"/><temp name="T26"/><temp name="T1954"/><temp name="T1905"/><temp name="T1971"/><temp name="T1932"/><temp name="T2037"/><temp name="T2026"/><temp name="T2043"/><temp name="T1940"/><temp name="T1899"/><temp name="T1882"/><temp name="T625"/><temp name="T1925"/><temp name="T1895"/><temp name="T1913"/><temp name="T1874"/><temp name="T2032"/><temp name="T1977"/><temp name="T1919"/><temp name="T2048"/><temp name="T1936"/><temp name="T1891"/><temp name="T1960"/><temp name="T1966"/><temp name="T1886"/><temp name="T1946"/><temp name="T2022"/></temps><temps name="out"><temp name="T26"/><temp name="T1954"/><temp name="T1905"/><temp name="T1971"/><temp name="T1932"/><temp name="T2037"/><temp name="T2026"/><temp name="T2043"/><temp name="T1940"/><temp name="T1899"/><temp name="T1882"/><temp name="T1925"/><temp name="T1895"/><temp name="T1913"/><temp name="T1874"/><temp name="T2032"/><temp name="T1977"/><temp name="T1919"/><temp name="T2048"/><temp name="T1936"/><temp name="T1891"/><temp name="T1960"/><temp name="T1966"/><temp name="T1886"/><temp name="T1946"/><temp name="T2022"/><temp name="T1910"/></temps></instruction><instruction code="OR T639, T1910, 0"><temps name="use"><temp name="T1910"/></temps><temps name="def"><temp name="T639"/></temps><temps name="in"><temp name="T26"/><temp name="T1954"/><temp name="T1905"/><temp name="T1971"/><temp name="T1932"/><temp name="T2037"/><temp name="T2026"/><temp name="T2043"/><temp name="T1940"/><temp name="T1899"/><temp name="T1882"/><temp name="T1925"/><temp name="T1895"/><temp name="T1913"/><temp name="T1874"/><temp name="T2032"/><temp name="T1977"/><temp name="T1919"/><temp name="T2048"/><temp name="T1936"/><temp name="T1891"/><temp name="T1960"/><temp name="T1966"/><temp name="T1886"/><temp name="T1946"/><temp name="T2022"/><temp name="T1910"/></temps><temps name="out"><temp name="T26"/><temp name="T1954"/><temp name="T1905"/><temp name="T1971"/><temp name="T1932"/><temp name="T2037"/><temp name="T2026"/><temp name="T2043"/><temp name="T1940"/><temp name="T1899"/><temp name="T1882"/><temp name="T639"/><temp name="T1925"/><temp name="T1895"/><temp name="T1913"/><temp name="T1874"/><temp name="T2032"/><temp name="T1977"/><temp name="T1919"/><temp name="T2048"/><temp name="T1936"/><temp name="T1891"/><temp name="T1960"/><temp name="T1966"/><temp name="T1886"/><temp name="T1946"/><temp name="T2022"/></temps></instruction><instruction code="OR T640, T26, 0"><temps name="use"><temp name="T26"/></temps><temps name="def"><temp name="T640"/></temps><temps name="in"><temp name="T26"/><temp name="T1954"/><temp name="T1905"/><temp name="T1971"/><temp name="T1932"/><temp name="T2037"/><temp name="T2026"/><temp name="T2043"/><temp name="T1940"/><temp name="T1899"/><temp name="T1882"/><temp name="T639"/><temp name="T1925"/><temp name="T1895"/><temp name="T1913"/><temp name="T1874"/><temp name="T2032"/><temp name="T1977"/><temp name="T1919"/><temp name="T2048"/><temp name="T1936"/><temp name="T1891"/><temp name="T1960"/><temp name="T1966"/><temp name="T1886"/><temp name="T1946"/><temp name="T2022"/></temps><temps name="out"><temp name="T26"/><temp name="T1954"/><temp name="T1905"/><temp name="T1971"/><temp name="T1932"/><temp name="T640"/><temp name="T2037"/><temp name="T2026"/><temp name="T2043"/><temp name="T1940"/><temp name="T1899"/><temp name="T1882"/><temp name="T639"/><temp name="T1925"/><temp name="T1895"/><temp name="T1913"/><temp name="T1874"/><temp name="T2032"/><temp name="T1977"/><temp name="T1919"/><temp name="T2048"/><temp name="T1936"/><temp name="T1891"/><temp name="T1960"/><temp name="T1966"/><temp name="T1886"/><temp name="T1946"/><temp name="T2022"/></temps></instruction><instruction code="SETL  T1911, 8"><temps name="use"/><temps name="def"><temp name="T1911"/></temps><temps name="in"><temp name="T26"/><temp name="T1954"/><temp name="T1905"/><temp name="T1971"/><temp name="T1932"/><temp name="T640"/><temp name="T2037"/><temp name="T2026"/><temp name="T2043"/><temp name="T1940"/><temp name="T1899"/><temp name="T1882"/><temp name="T639"/><temp name="T1925"/><temp name="T1895"/><temp name="T1913"/><temp name="T1874"/><temp name="T2032"/><temp name="T1977"/><temp name="T1919"/><temp name="T2048"/><temp name="T1936"/><temp name="T1891"/><temp name="T1960"/><temp name="T1966"/><temp name="T1886"/><temp name="T1946"/><temp name="T2022"/></temps><temps name="out"><temp name="T26"/><temp name="T1954"/><temp name="T1905"/><temp name="T1971"/><temp name="T1932"/><temp name="T640"/><temp name="T2037"/><temp name="T2026"/><temp name="T2043"/><temp name="T1940"/><temp name="T1899"/><temp name="T1882"/><temp name="T639"/><temp name="T1925"/><temp name="T1895"/><temp name="T1913"/><temp name="T1874"/><temp name="T2032"/><temp name="T1977"/><temp name="T1919"/><temp name="T2048"/><temp name="T1936"/><temp name="T1891"/><temp name="T1960"/><temp name="T1966"/><temp name="T1886"/><temp name="T1946"/><temp name="T2022"/></temps></instruction><instruction code="INCML T1911, 0"><temps name="use"/><temps name="def"><temp name="T1911"/></temps><temps name="in"><temp name="T26"/><temp name="T1954"/><temp name="T1905"/><temp name="T1971"/><temp name="T1932"/><temp name="T640"/><temp name="T2037"/><temp name="T2026"/><temp name="T2043"/><temp name="T1940"/><temp name="T1899"/><temp name="T1882"/><temp name="T639"/><temp name="T1925"/><temp name="T1895"/><temp name="T1913"/><temp name="T1874"/><temp name="T2032"/><temp name="T1977"/><temp name="T1919"/><temp name="T2048"/><temp name="T1936"/><temp name="T1891"/><temp name="T1960"/><temp name="T1966"/><temp name="T1886"/><temp name="T1946"/><temp name="T2022"/></temps><temps name="out"><temp name="T26"/><temp name="T1954"/><temp name="T1905"/><temp name="T1971"/><temp name="T1932"/><temp name="T640"/><temp name="T2037"/><temp name="T2026"/><temp name="T2043"/><temp name="T1940"/><temp name="T1899"/><temp name="T1882"/><temp name="T639"/><temp name="T1925"/><temp name="T1895"/><temp name="T1913"/><temp name="T1874"/><temp name="T2032"/><temp name="T1977"/><temp name="T1919"/><temp name="T2048"/><temp name="T1936"/><temp name="T1891"/><temp name="T1960"/><temp name="T1966"/><temp name="T1886"/><temp name="T1946"/><temp name="T2022"/></temps></instruction><instruction code="INCMH T1911, 0"><temps name="use"/><temps name="def"><temp name="T1911"/></temps><temps name="in"><temp name="T26"/><temp name="T1954"/><temp name="T1905"/><temp name="T1971"/><temp name="T1932"/><temp name="T640"/><temp name="T2037"/><temp name="T2026"/><temp name="T2043"/><temp name="T1940"/><temp name="T1899"/><temp name="T1882"/><temp name="T639"/><temp name="T1925"/><temp name="T1895"/><temp name="T1913"/><temp name="T1874"/><temp name="T2032"/><temp name="T1977"/><temp name="T1919"/><temp name="T2048"/><temp name="T1936"/><temp name="T1891"/><temp name="T1960"/><temp name="T1966"/><temp name="T1886"/><temp name="T1946"/><temp name="T2022"/></temps><temps name="out"><temp name="T26"/><temp name="T1954"/><temp name="T1905"/><temp name="T1971"/><temp name="T1932"/><temp name="T640"/><temp name="T2037"/><temp name="T2026"/><temp name="T2043"/><temp name="T1940"/><temp name="T1899"/><temp name="T1882"/><temp name="T639"/><temp name="T1925"/><temp name="T1895"/><temp name="T1913"/><temp name="T1874"/><temp name="T2032"/><temp name="T1977"/><temp name="T1919"/><temp name="T2048"/><temp name="T1936"/><temp name="T1891"/><temp name="T1960"/><temp name="T1966"/><temp name="T1886"/><temp name="T1946"/><temp name="T2022"/></temps></instruction><instruction code="INCH  T1911, 0"><temps name="use"/><temps name="def"><temp name="T1911"/></temps><temps name="in"><temp name="T26"/><temp name="T1954"/><temp name="T1905"/><temp name="T1971"/><temp name="T1932"/><temp name="T640"/><temp name="T2037"/><temp name="T2026"/><temp name="T2043"/><temp name="T1940"/><temp name="T1899"/><temp name="T1882"/><temp name="T639"/><temp name="T1925"/><temp name="T1895"/><temp name="T1913"/><temp name="T1874"/><temp name="T2032"/><temp name="T1977"/><temp name="T1919"/><temp name="T2048"/><temp name="T1936"/><temp name="T1891"/><temp name="T1960"/><temp name="T1966"/><temp name="T1886"/><temp name="T1946"/><temp name="T2022"/></temps><temps name="out"><temp name="T26"/><temp name="T1954"/><temp name="T1905"/><temp name="T1971"/><temp name="T1932"/><temp name="T640"/><temp name="T2037"/><temp name="T2026"/><temp name="T2043"/><temp name="T1940"/><temp name="T1899"/><temp name="T1882"/><temp name="T639"/><temp name="T1925"/><temp name="T1895"/><temp name="T1913"/><temp name="T1874"/><temp name="T2032"/><temp name="T1977"/><temp name="T1919"/><temp name="T2048"/><temp name="T1936"/><temp name="T1891"/><temp name="T1960"/><temp name="T1966"/><temp name="T1911"/><temp name="T1886"/><temp name="T1946"/><temp name="T2022"/></temps></instruction><instruction code="OR T641, T1911, 0"><temps name="use"><temp name="T1911"/></temps><temps name="def"><temp name="T641"/></temps><temps name="in"><temp name="T26"/><temp name="T1954"/><temp name="T1905"/><temp name="T1971"/><temp name="T1932"/><temp name="T640"/><temp name="T2037"/><temp name="T2026"/><temp name="T2043"/><temp name="T1940"/><temp name="T1899"/><temp name="T1882"/><temp name="T639"/><temp name="T1925"/><temp name="T1895"/><temp name="T1913"/><temp name="T1874"/><temp name="T2032"/><temp name="T1977"/><temp name="T1919"/><temp name="T2048"/><temp name="T1936"/><temp name="T1891"/><temp name="T1960"/><temp name="T1966"/><temp name="T1911"/><temp name="T1886"/><temp name="T1946"/><temp name="T2022"/></temps><temps name="out"><temp name="T26"/><temp name="T1954"/><temp name="T1905"/><temp name="T1971"/><temp name="T1932"/><temp name="T640"/><temp name="T2037"/><temp name="T2026"/><temp name="T2043"/><temp name="T1940"/><temp name="T1899"/><temp name="T1882"/><temp name="T639"/><temp name="T1925"/><temp name="T1895"/><temp name="T1913"/><temp name="T1874"/><temp name="T2032"/><temp name="T1977"/><temp name="T1919"/><temp name="T2048"/><temp name="T1936"/><temp name="T1891"/><temp name="T641"/><temp name="T1960"/><temp name="T1966"/><temp name="T1886"/><temp name="T1946"/><temp name="T2022"/></temps></instruction><instruction code="ADD T1912, T640, T641"><temps name="use"><temp name="T640"/><temp name="T641"/></temps><temps name="def"><temp name="T1912"/></temps><temps name="in"><temp name="T26"/><temp name="T1954"/><temp name="T1905"/><temp name="T1971"/><temp name="T1932"/><temp name="T640"/><temp name="T2037"/><temp name="T2026"/><temp name="T2043"/><temp name="T1940"/><temp name="T1899"/><temp name="T1882"/><temp name="T639"/><temp name="T1925"/><temp name="T1895"/><temp name="T1913"/><temp name="T1874"/><temp name="T2032"/><temp name="T1977"/><temp name="T1919"/><temp name="T2048"/><temp name="T1936"/><temp name="T1891"/><temp name="T641"/><temp name="T1960"/><temp name="T1966"/><temp name="T1886"/><temp name="T1946"/><temp name="T2022"/></temps><temps name="out"><temp name="T26"/><temp name="T1954"/><temp name="T1905"/><temp name="T1971"/><temp name="T1932"/><temp name="T2037"/><temp name="T2026"/><temp name="T2043"/><temp name="T1940"/><temp name="T1899"/><temp name="T1882"/><temp name="T639"/><temp name="T1925"/><temp name="T1895"/><temp name="T1913"/><temp name="T1874"/><temp name="T2032"/><temp name="T1912"/><temp name="T1977"/><temp name="T1919"/><temp name="T2048"/><temp name="T1936"/><temp name="T1891"/><temp name="T1960"/><temp name="T1966"/><temp name="T1886"/><temp name="T1946"/><temp name="T2022"/></temps></instruction><instruction code="OR T642, T1912, 0"><temps name="use"><temp name="T1912"/></temps><temps name="def"><temp name="T642"/></temps><temps name="in"><temp name="T26"/><temp name="T1954"/><temp name="T1905"/><temp name="T1971"/><temp name="T1932"/><temp name="T2037"/><temp name="T2026"/><temp name="T2043"/><temp name="T1940"/><temp name="T1899"/><temp name="T1882"/><temp name="T639"/><temp name="T1925"/><temp name="T1895"/><temp name="T1913"/><temp name="T1874"/><temp name="T2032"/><temp name="T1912"/><temp name="T1977"/><temp name="T1919"/><temp name="T2048"/><temp name="T1936"/><temp name="T1891"/><temp name="T1960"/><temp name="T1966"/><temp name="T1886"/><temp name="T1946"/><temp name="T2022"/></temps><temps name="out"><temp name="T26"/><temp name="T1954"/><temp name="T1905"/><temp name="T1971"/><temp name="T1932"/><temp name="T2037"/><temp name="T2026"/><temp name="T2043"/><temp name="T1940"/><temp name="T1899"/><temp name="T1882"/><temp name="T639"/><temp name="T1925"/><temp name="T1895"/><temp name="T1913"/><temp name="T1874"/><temp name="T2032"/><temp name="T1977"/><temp name="T1919"/><temp name="T2048"/><temp name="T1936"/><temp name="T1891"/><temp name="T1960"/><temp name="T1966"/><temp name="T1886"/><temp name="T1946"/><temp name="T2022"/></temps></instruction><instruction code="LDO T1914, T1913, 0"><temps name="use"><temp name="T1913"/></temps><temps name="def"><temp name="T1914"/></temps><temps name="in"><temp name="T26"/><temp name="T1954"/><temp name="T1905"/><temp name="T1971"/><temp name="T1932"/><temp name="T2037"/><temp name="T2026"/><temp name="T2043"/><temp name="T1940"/><temp name="T1899"/><temp name="T1882"/><temp name="T639"/><temp name="T1925"/><temp name="T1895"/><temp name="T1913"/><temp name="T1874"/><temp name="T2032"/><temp name="T1977"/><temp name="T1919"/><temp name="T2048"/><temp name="T1936"/><temp name="T1891"/><temp name="T1960"/><temp name="T1966"/><temp name="T1886"/><temp name="T1946"/><temp name="T2022"/></temps><temps name="out"><temp name="T26"/><temp name="T1954"/><temp name="T1905"/><temp name="T1971"/><temp name="T1932"/><temp name="T2037"/><temp name="T2026"/><temp name="T2043"/><temp name="T1940"/><temp name="T1899"/><temp name="T1882"/><temp name="T639"/><temp name="T1925"/><temp name="T1895"/><temp name="T1874"/><temp name="T1913"/><temp name="T2032"/><temp name="T1977"/><temp name="T1919"/><temp name="T2048"/><temp name="T1936"/><temp name="T1891"/><temp name="T1914"/><temp name="T1960"/><temp name="T1966"/><temp name="T1886"/><temp name="T1946"/><temp name="T2022"/></temps></instruction><instruction code="OR T643, T1914, 0"><temps name="use"><temp name="T1914"/></temps><temps name="def"><temp name="T643"/></temps><temps name="in"><temp name="T26"/><temp name="T1954"/><temp name="T1905"/><temp name="T1971"/><temp name="T1932"/><temp name="T2037"/><temp name="T2026"/><temp name="T2043"/><temp name="T1940"/><temp name="T1899"/><temp name="T1882"/><temp name="T639"/><temp name="T1925"/><temp name="T1895"/><temp name="T1874"/><temp name="T1913"/><temp name="T2032"/><temp name="T1977"/><temp name="T1919"/><temp name="T2048"/><temp name="T1936"/><temp name="T1891"/><temp name="T1914"/><temp name="T1960"/><temp name="T1966"/><temp name="T1886"/><temp name="T1946"/><temp name="T2022"/></temps><temps name="out"><temp name="T26"/><temp name="T1954"/><temp name="T1905"/><temp name="T1971"/><temp name="T1932"/><temp name="T2037"/><temp name="T2026"/><temp name="T2043"/><temp name="T1940"/><temp name="T1899"/><temp name="T1882"/><temp name="T639"/><temp name="T1925"/><temp name="T1895"/><temp name="T1874"/><temp name="T1913"/><temp name="T2032"/><temp name="T643"/><temp name="T1977"/><temp name="T1919"/><temp name="T2048"/><temp name="T1936"/><temp name="T1891"/><temp name="T1960"/><temp name="T1966"/><temp name="T1886"/><temp name="T1946"/><temp name="T2022"/></temps></instruction><instruction code="SETL  T1915, 3"><temps name="use"/><temps name="def"><temp name="T1915"/></temps><temps name="in"><temp name="T26"/><temp name="T1954"/><temp name="T1905"/><temp name="T1971"/><temp name="T1932"/><temp name="T2037"/><temp name="T2026"/><temp name="T2043"/><temp name="T1940"/><temp name="T1899"/><temp name="T1882"/><temp name="T639"/><temp name="T1925"/><temp name="T1895"/><temp name="T1874"/><temp name="T1913"/><temp name="T2032"/><temp name="T643"/><temp name="T1977"/><temp name="T1919"/><temp name="T2048"/><temp name="T1936"/><temp name="T1891"/><temp name="T1960"/><temp name="T1966"/><temp name="T1886"/><temp name="T1946"/><temp name="T2022"/></temps><temps name="out"><temp name="T26"/><temp name="T1954"/><temp name="T1905"/><temp name="T1971"/><temp name="T1932"/><temp name="T2037"/><temp name="T2026"/><temp name="T2043"/><temp name="T1940"/><temp name="T1899"/><temp name="T1882"/><temp name="T639"/><temp name="T1925"/><temp name="T1895"/><temp name="T1874"/><temp name="T1913"/><temp name="T2032"/><temp name="T643"/><temp name="T1977"/><temp name="T1919"/><temp name="T2048"/><temp name="T1936"/><temp name="T1891"/><temp name="T1960"/><temp name="T1966"/><temp name="T1886"/><temp name="T1946"/><temp name="T2022"/></temps></instruction><instruction code="INCML T1915, 0"><temps name="use"/><temps name="def"><temp name="T1915"/></temps><temps name="in"><temp name="T26"/><temp name="T1954"/><temp name="T1905"/><temp name="T1971"/><temp name="T1932"/><temp name="T2037"/><temp name="T2026"/><temp name="T2043"/><temp name="T1940"/><temp name="T1899"/><temp name="T1882"/><temp name="T639"/><temp name="T1925"/><temp name="T1895"/><temp name="T1874"/><temp name="T1913"/><temp name="T2032"/><temp name="T643"/><temp name="T1977"/><temp name="T1919"/><temp name="T2048"/><temp name="T1936"/><temp name="T1891"/><temp name="T1960"/><temp name="T1966"/><temp name="T1886"/><temp name="T1946"/><temp name="T2022"/></temps><temps name="out"><temp name="T26"/><temp name="T1954"/><temp name="T1905"/><temp name="T1971"/><temp name="T1932"/><temp name="T2037"/><temp name="T2026"/><temp name="T2043"/><temp name="T1940"/><temp name="T1899"/><temp name="T1882"/><temp name="T639"/><temp name="T1925"/><temp name="T1895"/><temp name="T1874"/><temp name="T1913"/><temp name="T2032"/><temp name="T643"/><temp name="T1977"/><temp name="T1919"/><temp name="T2048"/><temp name="T1936"/><temp name="T1891"/><temp name="T1960"/><temp name="T1966"/><temp name="T1886"/><temp name="T1946"/><temp name="T2022"/></temps></instruction><instruction code="INCMH T1915, 0"><temps name="use"/><temps name="def"><temp name="T1915"/></temps><temps name="in"><temp name="T26"/><temp name="T1954"/><temp name="T1905"/><temp name="T1971"/><temp name="T1932"/><temp name="T2037"/><temp name="T2026"/><temp name="T2043"/><temp name="T1940"/><temp name="T1899"/><temp name="T1882"/><temp name="T639"/><temp name="T1925"/><temp name="T1895"/><temp name="T1874"/><temp name="T1913"/><temp name="T2032"/><temp name="T643"/><temp name="T1977"/><temp name="T1919"/><temp name="T2048"/><temp name="T1936"/><temp name="T1891"/><temp name="T1960"/><temp name="T1966"/><temp name="T1886"/><temp name="T1946"/><temp name="T2022"/></temps><temps name="out"><temp name="T26"/><temp name="T1954"/><temp name="T1905"/><temp name="T1971"/><temp name="T1932"/><temp name="T2037"/><temp name="T2026"/><temp name="T2043"/><temp name="T1940"/><temp name="T1899"/><temp name="T1882"/><temp name="T639"/><temp name="T1925"/><temp name="T1895"/><temp name="T1874"/><temp name="T1913"/><temp name="T2032"/><temp name="T643"/><temp name="T1977"/><temp name="T1919"/><temp name="T2048"/><temp name="T1936"/><temp name="T1891"/><temp name="T1960"/><temp name="T1966"/><temp name="T1886"/><temp name="T1946"/><temp name="T2022"/></temps></instruction><instruction code="INCH  T1915, 0"><temps name="use"/><temps name="def"><temp name="T1915"/></temps><temps name="in"><temp name="T26"/><temp name="T1954"/><temp name="T1905"/><temp name="T1971"/><temp name="T1932"/><temp name="T2037"/><temp name="T2026"/><temp name="T2043"/><temp name="T1940"/><temp name="T1899"/><temp name="T1882"/><temp name="T639"/><temp name="T1925"/><temp name="T1895"/><temp name="T1874"/><temp name="T1913"/><temp name="T2032"/><temp name="T643"/><temp name="T1977"/><temp name="T1919"/><temp name="T2048"/><temp name="T1936"/><temp name="T1891"/><temp name="T1960"/><temp name="T1966"/><temp name="T1886"/><temp name="T1946"/><temp name="T2022"/></temps><temps name="out"><temp name="T26"/><temp name="T1954"/><temp name="T1905"/><temp name="T1971"/><temp name="T1932"/><temp name="T2037"/><temp name="T2026"/><temp name="T2043"/><temp name="T1915"/><temp name="T1940"/><temp name="T1899"/><temp name="T1882"/><temp name="T639"/><temp name="T1925"/><temp name="T1895"/><temp name="T1874"/><temp name="T1913"/><temp name="T2032"/><temp name="T643"/><temp name="T1977"/><temp name="T1919"/><temp name="T2048"/><temp name="T1936"/><temp name="T1891"/><temp name="T1960"/><temp name="T1966"/><temp name="T1886"/><temp name="T1946"/><temp name="T2022"/></temps></instruction><instruction code="OR T644, T1915, 0"><temps name="use"><temp name="T1915"/></temps><temps name="def"><temp name="T644"/></temps><temps name="in"><temp name="T26"/><temp name="T1954"/><temp name="T1905"/><temp name="T1971"/><temp name="T1932"/><temp name="T2037"/><temp name="T2026"/><temp name="T2043"/><temp name="T1915"/><temp name="T1940"/><temp name="T1899"/><temp name="T1882"/><temp name="T639"/><temp name="T1925"/><temp name="T1895"/><temp name="T1874"/><temp name="T1913"/><temp name="T2032"/><temp name="T643"/><temp name="T1977"/><temp name="T1919"/><temp name="T2048"/><temp name="T1936"/><temp name="T1891"/><temp name="T1960"/><temp name="T1966"/><temp name="T1886"/><temp name="T1946"/><temp name="T2022"/></temps><temps name="out"><temp name="T26"/><temp name="T1954"/><temp name="T1905"/><temp name="T1971"/><temp name="T1932"/><temp name="T2037"/><temp name="T2026"/><temp name="T2043"/><temp name="T1940"/><temp name="T1899"/><temp name="T1882"/><temp name="T639"/><temp name="T1925"/><temp name="T1895"/><temp name="T1874"/><temp name="T1913"/><temp name="T2032"/><temp name="T643"/><temp name="T1977"/><temp name="T1919"/><temp name="T644"/><temp name="T2048"/><temp name="T1936"/><temp name="T1891"/><temp name="T1960"/><temp name="T1966"/><temp name="T1886"/><temp name="T1946"/><temp name="T2022"/></temps></instruction><instruction code="MUL T1916, T643, T644"><temps name="use"><temp name="T643"/><temp name="T644"/></temps><temps name="def"><temp name="T1916"/></temps><temps name="in"><temp name="T26"/><temp name="T1954"/><temp name="T1905"/><temp name="T1971"/><temp name="T1932"/><temp name="T2037"/><temp name="T2026"/><temp name="T2043"/><temp name="T1940"/><temp name="T1899"/><temp name="T1882"/><temp name="T639"/><temp name="T1925"/><temp name="T1895"/><temp name="T1874"/><temp name="T1913"/><temp name="T2032"/><temp name="T643"/><temp name="T1977"/><temp name="T1919"/><temp name="T644"/><temp name="T2048"/><temp name="T1936"/><temp name="T1891"/><temp name="T1960"/><temp name="T1966"/><temp name="T1886"/><temp name="T1946"/><temp name="T2022"/></temps><temps name="out"><temp name="T26"/><temp name="T1954"/><temp name="T1905"/><temp name="T1971"/><temp name="T1932"/><temp name="T2037"/><temp name="T2026"/><temp name="T2043"/><temp name="T1940"/><temp name="T1899"/><temp name="T1882"/><temp name="T639"/><temp name="T1925"/><temp name="T1895"/><temp name="T1874"/><temp name="T1913"/><temp name="T2032"/><temp name="T1977"/><temp name="T1919"/><temp name="T1916"/><temp name="T2048"/><temp name="T1936"/><temp name="T1891"/><temp name="T1960"/><temp name="T1966"/><temp name="T1886"/><temp name="T1946"/><temp name="T2022"/></temps></instruction><instruction code="OR T645, T1916, 0"><temps name="use"><temp name="T1916"/></temps><temps name="def"><temp name="T645"/></temps><temps name="in"><temp name="T26"/><temp name="T1954"/><temp name="T1905"/><temp name="T1971"/><temp name="T1932"/><temp name="T2037"/><temp name="T2026"/><temp name="T2043"/><temp name="T1940"/><temp name="T1899"/><temp name="T1882"/><temp name="T639"/><temp name="T1925"/><temp name="T1895"/><temp name="T1874"/><temp name="T1913"/><temp name="T2032"/><temp name="T1977"/><temp name="T1919"/><temp name="T1916"/><temp name="T2048"/><temp name="T1936"/><temp name="T1891"/><temp name="T1960"/><temp name="T1966"/><temp name="T1886"/><temp name="T1946"/><temp name="T2022"/></temps><temps name="out"><temp name="T26"/><temp name="T1954"/><temp name="T1905"/><temp name="T1971"/><temp name="T1932"/><temp name="T2037"/><temp name="T2026"/><temp name="T2043"/><temp name="T1940"/><temp name="T1899"/><temp name="T1882"/><temp name="T639"/><temp name="T1925"/><temp name="T1895"/><temp name="T1874"/><temp name="T1913"/><temp name="T2032"/><temp name="T1977"/><temp name="T1919"/><temp name="T645"/><temp name="T2048"/><temp name="T1936"/><temp name="T1891"/><temp name="T1960"/><temp name="T1966"/><temp name="T1886"/><temp name="T1946"/><temp name="T2022"/></temps></instruction><instruction code="OR T646, T26, 0"><temps name="use"><temp name="T26"/></temps><temps name="def"><temp name="T646"/></temps><temps name="in"><temp name="T26"/><temp name="T1954"/><temp name="T1905"/><temp name="T1971"/><temp name="T1932"/><temp name="T2037"/><temp name="T2026"/><temp name="T2043"/><temp name="T1940"/><temp name="T1899"/><temp name="T1882"/><temp name="T639"/><temp name="T1925"/><temp name="T1895"/><temp name="T1874"/><temp name="T1913"/><temp name="T2032"/><temp name="T1977"/><temp name="T1919"/><temp name="T645"/><temp name="T2048"/><temp name="T1936"/><temp name="T1891"/><temp name="T1960"/><temp name="T1966"/><temp name="T1886"/><temp name="T1946"/><temp name="T2022"/></temps><temps name="out"><temp name="T26"/><temp name="T1954"/><temp name="T1905"/><temp name="T1971"/><temp name="T1932"/><temp name="T2037"/><temp name="T2026"/><temp name="T2043"/><temp name="T1940"/><temp name="T1899"/><temp name="T1882"/><temp name="T639"/><temp name="T1925"/><temp name="T1895"/><temp name="T1874"/><temp name="T1913"/><temp name="T2032"/><temp name="T1977"/><temp name="T1919"/><temp name="T645"/><temp name="T2048"/><temp name="T1936"/><temp name="T1891"/><temp name="T1960"/><temp name="T1966"/><temp name="T646"/><temp name="T1886"/><temp name="T1946"/><temp name="T2022"/></temps></instruction><instruction code="SETL  T1917, 88"><temps name="use"/><temps name="def"><temp name="T1917"/></temps><temps name="in"><temp name="T26"/><temp name="T1954"/><temp name="T1905"/><temp name="T1971"/><temp name="T1932"/><temp name="T2037"/><temp name="T2026"/><temp name="T2043"/><temp name="T1940"/><temp name="T1899"/><temp name="T1882"/><temp name="T639"/><temp name="T1925"/><temp name="T1895"/><temp name="T1874"/><temp name="T1913"/><temp name="T2032"/><temp name="T1977"/><temp name="T1919"/><temp name="T645"/><temp name="T2048"/><temp name="T1936"/><temp name="T1891"/><temp name="T1960"/><temp name="T1966"/><temp name="T646"/><temp name="T1886"/><temp name="T1946"/><temp name="T2022"/></temps><temps name="out"><temp name="T26"/><temp name="T1954"/><temp name="T1905"/><temp name="T1971"/><temp name="T1932"/><temp name="T2037"/><temp name="T2026"/><temp name="T2043"/><temp name="T1940"/><temp name="T1899"/><temp name="T1882"/><temp name="T639"/><temp name="T1925"/><temp name="T1895"/><temp name="T1874"/><temp name="T1913"/><temp name="T2032"/><temp name="T1977"/><temp name="T1919"/><temp name="T645"/><temp name="T2048"/><temp name="T1936"/><temp name="T1891"/><temp name="T1960"/><temp name="T1966"/><temp name="T646"/><temp name="T1886"/><temp name="T1946"/><temp name="T2022"/></temps></instruction><instruction code="INCML T1917, 0"><temps name="use"/><temps name="def"><temp name="T1917"/></temps><temps name="in"><temp name="T26"/><temp name="T1954"/><temp name="T1905"/><temp name="T1971"/><temp name="T1932"/><temp name="T2037"/><temp name="T2026"/><temp name="T2043"/><temp name="T1940"/><temp name="T1899"/><temp name="T1882"/><temp name="T639"/><temp name="T1925"/><temp name="T1895"/><temp name="T1874"/><temp name="T1913"/><temp name="T2032"/><temp name="T1977"/><temp name="T1919"/><temp name="T645"/><temp name="T2048"/><temp name="T1936"/><temp name="T1891"/><temp name="T1960"/><temp name="T1966"/><temp name="T646"/><temp name="T1886"/><temp name="T1946"/><temp name="T2022"/></temps><temps name="out"><temp name="T26"/><temp name="T1954"/><temp name="T1905"/><temp name="T1971"/><temp name="T1932"/><temp name="T2037"/><temp name="T2026"/><temp name="T2043"/><temp name="T1940"/><temp name="T1899"/><temp name="T1882"/><temp name="T639"/><temp name="T1925"/><temp name="T1895"/><temp name="T1874"/><temp name="T1913"/><temp name="T2032"/><temp name="T1977"/><temp name="T1919"/><temp name="T645"/><temp name="T2048"/><temp name="T1936"/><temp name="T1891"/><temp name="T1960"/><temp name="T1966"/><temp name="T646"/><temp name="T1886"/><temp name="T1946"/><temp name="T2022"/></temps></instruction><instruction code="INCMH T1917, 0"><temps name="use"/><temps name="def"><temp name="T1917"/></temps><temps name="in"><temp name="T26"/><temp name="T1954"/><temp name="T1905"/><temp name="T1971"/><temp name="T1932"/><temp name="T2037"/><temp name="T2026"/><temp name="T2043"/><temp name="T1940"/><temp name="T1899"/><temp name="T1882"/><temp name="T639"/><temp name="T1925"/><temp name="T1895"/><temp name="T1874"/><temp name="T1913"/><temp name="T2032"/><temp name="T1977"/><temp name="T1919"/><temp name="T645"/><temp name="T2048"/><temp name="T1936"/><temp name="T1891"/><temp name="T1960"/><temp name="T1966"/><temp name="T646"/><temp name="T1886"/><temp name="T1946"/><temp name="T2022"/></temps><temps name="out"><temp name="T26"/><temp name="T1954"/><temp name="T1905"/><temp name="T1971"/><temp name="T1932"/><temp name="T2037"/><temp name="T2026"/><temp name="T2043"/><temp name="T1940"/><temp name="T1899"/><temp name="T1882"/><temp name="T639"/><temp name="T1925"/><temp name="T1895"/><temp name="T1874"/><temp name="T1913"/><temp name="T2032"/><temp name="T1977"/><temp name="T1919"/><temp name="T645"/><temp name="T2048"/><temp name="T1936"/><temp name="T1891"/><temp name="T1960"/><temp name="T1966"/><temp name="T646"/><temp name="T1886"/><temp name="T1946"/><temp name="T2022"/></temps></instruction><instruction code="INCH  T1917, 0"><temps name="use"/><temps name="def"><temp name="T1917"/></temps><temps name="in"><temp name="T26"/><temp name="T1954"/><temp name="T1905"/><temp name="T1971"/><temp name="T1932"/><temp name="T2037"/><temp name="T2026"/><temp name="T2043"/><temp name="T1940"/><temp name="T1899"/><temp name="T1882"/><temp name="T639"/><temp name="T1925"/><temp name="T1895"/><temp name="T1874"/><temp name="T1913"/><temp name="T2032"/><temp name="T1977"/><temp name="T1919"/><temp name="T645"/><temp name="T2048"/><temp name="T1936"/><temp name="T1891"/><temp name="T1960"/><temp name="T1966"/><temp name="T646"/><temp name="T1886"/><temp name="T1946"/><temp name="T2022"/></temps><temps name="out"><temp name="T26"/><temp name="T1954"/><temp name="T1905"/><temp name="T1971"/><temp name="T1932"/><temp name="T2037"/><temp name="T2026"/><temp name="T2043"/><temp name="T1940"/><temp name="T1899"/><temp name="T1882"/><temp name="T639"/><temp name="T1925"/><temp name="T1895"/><temp name="T1874"/><temp name="T1913"/><temp name="T2032"/><temp name="T1977"/><temp name="T1919"/><temp name="T645"/><temp name="T2048"/><temp name="T1936"/><temp name="T1891"/><temp name="T1917"/><temp name="T1960"/><temp name="T1966"/><temp name="T646"/><temp name="T1886"/><temp name="T1946"/><temp name="T2022"/></temps></instruction><instruction code="NEG T1917, 0, T1917"><temps name="use"><temp name="T1917"/></temps><temps name="def"><temp name="T1917"/></temps><temps name="in"><temp name="T26"/><temp name="T1954"/><temp name="T1905"/><temp name="T1971"/><temp name="T1932"/><temp name="T2037"/><temp name="T2026"/><temp name="T2043"/><temp name="T1940"/><temp name="T1899"/><temp name="T1882"/><temp name="T639"/><temp name="T1925"/><temp name="T1895"/><temp name="T1874"/><temp name="T1913"/><temp name="T2032"/><temp name="T1977"/><temp name="T1919"/><temp name="T645"/><temp name="T2048"/><temp name="T1936"/><temp name="T1891"/><temp name="T1917"/><temp name="T1960"/><temp name="T1966"/><temp name="T646"/><temp name="T1886"/><temp name="T1946"/><temp name="T2022"/></temps><temps name="out"><temp name="T26"/><temp name="T1954"/><temp name="T1905"/><temp name="T1971"/><temp name="T1932"/><temp name="T2037"/><temp name="T2026"/><temp name="T2043"/><temp name="T1940"/><temp name="T1899"/><temp name="T1882"/><temp name="T639"/><temp name="T1925"/><temp name="T1895"/><temp name="T1874"/><temp name="T1913"/><temp name="T2032"/><temp name="T1977"/><temp name="T1919"/><temp name="T645"/><temp name="T2048"/><temp name="T1936"/><temp name="T1891"/><temp name="T1917"/><temp name="T1960"/><temp name="T1966"/><temp name="T646"/><temp name="T1886"/><temp name="T1946"/><temp name="T2022"/></temps></instruction><instruction code="OR T647, T1917, 0"><temps name="use"><temp name="T1917"/></temps><temps name="def"><temp name="T647"/></temps><temps name="in"><temp name="T26"/><temp name="T1954"/><temp name="T1905"/><temp name="T1971"/><temp name="T1932"/><temp name="T2037"/><temp name="T2026"/><temp name="T2043"/><temp name="T1940"/><temp name="T1899"/><temp name="T1882"/><temp name="T639"/><temp name="T1925"/><temp name="T1895"/><temp name="T1874"/><temp name="T1913"/><temp name="T2032"/><temp name="T1977"/><temp name="T1919"/><temp name="T645"/><temp name="T2048"/><temp name="T1936"/><temp name="T1891"/><temp name="T1917"/><temp name="T1960"/><temp name="T1966"/><temp name="T646"/><temp name="T1886"/><temp name="T1946"/><temp name="T2022"/></temps><temps name="out"><temp name="T26"/><temp name="T1954"/><temp name="T1905"/><temp name="T1971"/><temp name="T1932"/><temp name="T2037"/><temp name="T2026"/><temp name="T2043"/><temp name="T1940"/><temp name="T1899"/><temp name="T1882"/><temp name="T639"/><temp name="T1925"/><temp name="T1895"/><temp name="T1874"/><temp name="T1913"/><temp name="T2032"/><temp name="T1977"/><temp name="T1919"/><temp name="T645"/><temp name="T2048"/><temp name="T1936"/><temp name="T1891"/><temp name="T1960"/><temp name="T1966"/><temp name="T646"/><temp name="T647"/><temp name="T1886"/><temp name="T1946"/><temp name="T2022"/></temps></instruction><instruction code="ADD T1918, T646, T647"><temps name="use"><temp name="T646"/><temp name="T647"/></temps><temps name="def"><temp name="T1918"/></temps><temps name="in"><temp name="T26"/><temp name="T1954"/><temp name="T1905"/><temp name="T1971"/><temp name="T1932"/><temp name="T2037"/><temp name="T2026"/><temp name="T2043"/><temp name="T1940"/><temp name="T1899"/><temp name="T1882"/><temp name="T639"/><temp name="T1925"/><temp name="T1895"/><temp name="T1874"/><temp name="T1913"/><temp name="T2032"/><temp name="T1977"/><temp name="T1919"/><temp name="T645"/><temp name="T2048"/><temp name="T1936"/><temp name="T1891"/><temp name="T1960"/><temp name="T1966"/><temp name="T646"/><temp name="T647"/><temp name="T1886"/><temp name="T1946"/><temp name="T2022"/></temps><temps name="out"><temp name="T26"/><temp name="T1954"/><temp name="T1905"/><temp name="T1971"/><temp name="T1932"/><temp name="T2037"/><temp name="T2026"/><temp name="T2043"/><temp name="T1940"/><temp name="T1899"/><temp name="T1882"/><temp name="T639"/><temp name="T1925"/><temp name="T1895"/><temp name="T1874"/><temp name="T1913"/><temp name="T2032"/><temp name="T1977"/><temp name="T1919"/><temp name="T645"/><temp name="T2048"/><temp name="T1936"/><temp name="T1891"/><temp name="T1918"/><temp name="T1960"/><temp name="T1966"/><temp name="T1886"/><temp name="T1946"/><temp name="T2022"/></temps></instruction><instruction code="OR T648, T1918, 0"><temps name="use"><temp name="T1918"/></temps><temps name="def"><temp name="T648"/></temps><temps name="in"><temp name="T26"/><temp name="T1954"/><temp name="T1905"/><temp name="T1971"/><temp name="T1932"/><temp name="T2037"/><temp name="T2026"/><temp name="T2043"/><temp name="T1940"/><temp name="T1899"/><temp name="T1882"/><temp name="T639"/><temp name="T1925"/><temp name="T1895"/><temp name="T1874"/><temp name="T1913"/><temp name="T2032"/><temp name="T1977"/><temp name="T1919"/><temp name="T645"/><temp name="T2048"/><temp name="T1936"/><temp name="T1891"/><temp name="T1918"/><temp name="T1960"/><temp name="T1966"/><temp name="T1886"/><temp name="T1946"/><temp name="T2022"/></temps><temps name="out"><temp name="T26"/><temp name="T1954"/><temp name="T1905"/><temp name="T1971"/><temp name="T1932"/><temp name="T2037"/><temp name="T2026"/><temp name="T2043"/><temp name="T1940"/><temp name="T1899"/><temp name="T1882"/><temp name="T639"/><temp name="T1925"/><temp name="T1895"/><temp name="T1874"/><temp name="T1913"/><temp name="T2032"/><temp name="T1977"/><temp name="T1919"/><temp name="T645"/><temp name="T2048"/><temp name="T1936"/><temp name="T1891"/><temp name="T1960"/><temp name="T1966"/><temp name="T1886"/><temp name="T1946"/><temp name="T2022"/></temps></instruction><instruction code="LDO T1920, T1919, 0"><temps name="use"><temp name="T1919"/></temps><temps name="def"><temp name="T1920"/></temps><temps name="in"><temp name="T26"/><temp name="T1954"/><temp name="T1905"/><temp name="T1971"/><temp name="T1932"/><temp name="T2037"/><temp name="T2026"/><temp name="T2043"/><temp name="T1940"/><temp name="T1899"/><temp name="T1882"/><temp name="T639"/><temp name="T1925"/><temp name="T1895"/><temp name="T1874"/><temp name="T1913"/><temp name="T2032"/><temp name="T1977"/><temp name="T1919"/><temp name="T645"/><temp name="T2048"/><temp name="T1936"/><temp name="T1891"/><temp name="T1960"/><temp name="T1966"/><temp name="T1886"/><temp name="T1946"/><temp name="T2022"/></temps><temps name="out"><temp name="T26"/><temp name="T1954"/><temp name="T1905"/><temp name="T1971"/><temp name="T1932"/><temp name="T2037"/><temp name="T2026"/><temp name="T2043"/><temp name="T1940"/><temp name="T1899"/><temp name="T1882"/><temp name="T639"/><temp name="T1925"/><temp name="T1895"/><temp name="T1874"/><temp name="T1913"/><temp name="T2032"/><temp name="T1920"/><temp name="T1977"/><temp name="T1919"/><temp name="T645"/><temp name="T2048"/><temp name="T1936"/><temp name="T1891"/><temp name="T1960"/><temp name="T1966"/><temp name="T1886"/><temp name="T1946"/><temp name="T2022"/></temps></instruction><instruction code="OR T649, T1920, 0"><temps name="use"><temp name="T1920"/></temps><temps name="def"><temp name="T649"/></temps><temps name="in"><temp name="T26"/><temp name="T1954"/><temp name="T1905"/><temp name="T1971"/><temp name="T1932"/><temp name="T2037"/><temp name="T2026"/><temp name="T2043"/><temp name="T1940"/><temp name="T1899"/><temp name="T1882"/><temp name="T639"/><temp name="T1925"/><temp name="T1895"/><temp name="T1874"/><temp name="T1913"/><temp name="T2032"/><temp name="T1920"/><temp name="T1977"/><temp name="T1919"/><temp name="T645"/><temp name="T2048"/><temp name="T1936"/><temp name="T1891"/><temp name="T1960"/><temp name="T1966"/><temp name="T1886"/><temp name="T1946"/><temp name="T2022"/></temps><temps name="out"><temp name="T26"/><temp name="T1954"/><temp name="T1905"/><temp name="T1971"/><temp name="T1932"/><temp name="T2037"/><temp name="T2026"/><temp name="T2043"/><temp name="T1940"/><temp name="T1899"/><temp name="T1882"/><temp name="T639"/><temp name="T1925"/><temp name="T1895"/><temp name="T1874"/><temp name="T1913"/><temp name="T2032"/><temp name="T1977"/><temp name="T1919"/><temp name="T645"/><temp name="T2048"/><temp name="T1936"/><temp name="T1891"/><temp name="T1960"/><temp name="T1966"/><temp name="T1886"/><temp name="T1946"/><temp name="T2022"/><temp name="T649"/></temps></instruction><instruction code="ADD T1921, T645, T649"><temps name="use"><temp name="T645"/><temp name="T649"/></temps><temps name="def"><temp name="T1921"/></temps><temps name="in"><temp name="T26"/><temp name="T1954"/><temp name="T1905"/><temp name="T1971"/><temp name="T1932"/><temp name="T2037"/><temp name="T2026"/><temp name="T2043"/><temp name="T1940"/><temp name="T1899"/><temp name="T1882"/><temp name="T639"/><temp name="T1925"/><temp name="T1895"/><temp name="T1874"/><temp name="T1913"/><temp name="T2032"/><temp name="T1977"/><temp name="T1919"/><temp name="T645"/><temp name="T2048"/><temp name="T1936"/><temp name="T1891"/><temp name="T1960"/><temp name="T1966"/><temp name="T1886"/><temp name="T1946"/><temp name="T2022"/><temp name="T649"/></temps><temps name="out"><temp name="T26"/><temp name="T1954"/><temp name="T1905"/><temp name="T1971"/><temp name="T1932"/><temp name="T2037"/><temp name="T2026"/><temp name="T2043"/><temp name="T1940"/><temp name="T1899"/><temp name="T1882"/><temp name="T639"/><temp name="T1925"/><temp name="T1895"/><temp name="T1874"/><temp name="T1913"/><temp name="T2032"/><temp name="T1921"/><temp name="T1977"/><temp name="T1919"/><temp name="T2048"/><temp name="T1936"/><temp name="T1891"/><temp name="T1960"/><temp name="T1966"/><temp name="T1886"/><temp name="T1946"/><temp name="T2022"/></temps></instruction><instruction code="OR T650, T1921, 0"><temps name="use"><temp name="T1921"/></temps><temps name="def"><temp name="T650"/></temps><temps name="in"><temp name="T26"/><temp name="T1954"/><temp name="T1905"/><temp name="T1971"/><temp name="T1932"/><temp name="T2037"/><temp name="T2026"/><temp name="T2043"/><temp name="T1940"/><temp name="T1899"/><temp name="T1882"/><temp name="T639"/><temp name="T1925"/><temp name="T1895"/><temp name="T1874"/><temp name="T1913"/><temp name="T2032"/><temp name="T1921"/><temp name="T1977"/><temp name="T1919"/><temp name="T2048"/><temp name="T1936"/><temp name="T1891"/><temp name="T1960"/><temp name="T1966"/><temp name="T1886"/><temp name="T1946"/><temp name="T2022"/></temps><temps name="out"><temp name="T26"/><temp name="T1954"/><temp name="T1905"/><temp name="T1971"/><temp name="T1932"/><temp name="T650"/><temp name="T2037"/><temp name="T2026"/><temp name="T2043"/><temp name="T1940"/><temp name="T1899"/><temp name="T1882"/><temp name="T639"/><temp name="T1925"/><temp name="T1895"/><temp name="T1874"/><temp name="T1913"/><temp name="T2032"/><temp name="T1977"/><temp name="T1919"/><temp name="T2048"/><temp name="T1936"/><temp name="T1891"/><temp name="T1960"/><temp name="T1966"/><temp name="T1886"/><temp name="T1946"/><temp name="T2022"/></temps></instruction><instruction code="SETL  T1922, 8"><temps name="use"/><temps name="def"><temp name="T1922"/></temps><temps name="in"><temp name="T26"/><temp name="T1954"/><temp name="T1905"/><temp name="T1971"/><temp name="T1932"/><temp name="T650"/><temp name="T2037"/><temp name="T2026"/><temp name="T2043"/><temp name="T1940"/><temp name="T1899"/><temp name="T1882"/><temp name="T639"/><temp name="T1925"/><temp name="T1895"/><temp name="T1874"/><temp name="T1913"/><temp name="T2032"/><temp name="T1977"/><temp name="T1919"/><temp name="T2048"/><temp name="T1936"/><temp name="T1891"/><temp name="T1960"/><temp name="T1966"/><temp name="T1886"/><temp name="T1946"/><temp name="T2022"/></temps><temps name="out"><temp name="T26"/><temp name="T1954"/><temp name="T1905"/><temp name="T1971"/><temp name="T1932"/><temp name="T650"/><temp name="T2037"/><temp name="T2026"/><temp name="T2043"/><temp name="T1940"/><temp name="T1899"/><temp name="T1882"/><temp name="T639"/><temp name="T1925"/><temp name="T1895"/><temp name="T1874"/><temp name="T1913"/><temp name="T2032"/><temp name="T1977"/><temp name="T1919"/><temp name="T2048"/><temp name="T1936"/><temp name="T1891"/><temp name="T1960"/><temp name="T1966"/><temp name="T1886"/><temp name="T1946"/><temp name="T2022"/></temps></instruction><instruction code="INCML T1922, 0"><temps name="use"/><temps name="def"><temp name="T1922"/></temps><temps name="in"><temp name="T26"/><temp name="T1954"/><temp name="T1905"/><temp name="T1971"/><temp name="T1932"/><temp name="T650"/><temp name="T2037"/><temp name="T2026"/><temp name="T2043"/><temp name="T1940"/><temp name="T1899"/><temp name="T1882"/><temp name="T639"/><temp name="T1925"/><temp name="T1895"/><temp name="T1874"/><temp name="T1913"/><temp name="T2032"/><temp name="T1977"/><temp name="T1919"/><temp name="T2048"/><temp name="T1936"/><temp name="T1891"/><temp name="T1960"/><temp name="T1966"/><temp name="T1886"/><temp name="T1946"/><temp name="T2022"/></temps><temps name="out"><temp name="T26"/><temp name="T1954"/><temp name="T1905"/><temp name="T1971"/><temp name="T1932"/><temp name="T650"/><temp name="T2037"/><temp name="T2026"/><temp name="T2043"/><temp name="T1940"/><temp name="T1899"/><temp name="T1882"/><temp name="T639"/><temp name="T1925"/><temp name="T1895"/><temp name="T1874"/><temp name="T1913"/><temp name="T2032"/><temp name="T1977"/><temp name="T1919"/><temp name="T2048"/><temp name="T1936"/><temp name="T1891"/><temp name="T1960"/><temp name="T1966"/><temp name="T1886"/><temp name="T1946"/><temp name="T2022"/></temps></instruction><instruction code="INCMH T1922, 0"><temps name="use"/><temps name="def"><temp name="T1922"/></temps><temps name="in"><temp name="T26"/><temp name="T1954"/><temp name="T1905"/><temp name="T1971"/><temp name="T1932"/><temp name="T650"/><temp name="T2037"/><temp name="T2026"/><temp name="T2043"/><temp name="T1940"/><temp name="T1899"/><temp name="T1882"/><temp name="T639"/><temp name="T1925"/><temp name="T1895"/><temp name="T1874"/><temp name="T1913"/><temp name="T2032"/><temp name="T1977"/><temp name="T1919"/><temp name="T2048"/><temp name="T1936"/><temp name="T1891"/><temp name="T1960"/><temp name="T1966"/><temp name="T1886"/><temp name="T1946"/><temp name="T2022"/></temps><temps name="out"><temp name="T26"/><temp name="T1954"/><temp name="T1905"/><temp name="T1971"/><temp name="T1932"/><temp name="T650"/><temp name="T2037"/><temp name="T2026"/><temp name="T2043"/><temp name="T1940"/><temp name="T1899"/><temp name="T1882"/><temp name="T639"/><temp name="T1925"/><temp name="T1895"/><temp name="T1874"/><temp name="T1913"/><temp name="T2032"/><temp name="T1977"/><temp name="T1919"/><temp name="T2048"/><temp name="T1936"/><temp name="T1891"/><temp name="T1960"/><temp name="T1966"/><temp name="T1886"/><temp name="T1946"/><temp name="T2022"/></temps></instruction><instruction code="INCH  T1922, 0"><temps name="use"/><temps name="def"><temp name="T1922"/></temps><temps name="in"><temp name="T26"/><temp name="T1954"/><temp name="T1905"/><temp name="T1971"/><temp name="T1932"/><temp name="T650"/><temp name="T2037"/><temp name="T2026"/><temp name="T2043"/><temp name="T1940"/><temp name="T1899"/><temp name="T1882"/><temp name="T639"/><temp name="T1925"/><temp name="T1895"/><temp name="T1874"/><temp name="T1913"/><temp name="T2032"/><temp name="T1977"/><temp name="T1919"/><temp name="T2048"/><temp name="T1936"/><temp name="T1891"/><temp name="T1960"/><temp name="T1966"/><temp name="T1886"/><temp name="T1946"/><temp name="T2022"/></temps><temps name="out"><temp name="T26"/><temp name="T1954"/><temp name="T1905"/><temp name="T1971"/><temp name="T1932"/><temp name="T650"/><temp name="T2037"/><temp name="T2026"/><temp name="T2043"/><temp name="T1940"/><temp name="T1899"/><temp name="T1882"/><temp name="T639"/><temp name="T1925"/><temp name="T1895"/><temp name="T1874"/><temp name="T1913"/><temp name="T2032"/><temp name="T1977"/><temp name="T1919"/><temp name="T1922"/><temp name="T2048"/><temp name="T1936"/><temp name="T1891"/><temp name="T1960"/><temp name="T1966"/><temp name="T1886"/><temp name="T1946"/><temp name="T2022"/></temps></instruction><instruction code="OR T651, T1922, 0"><temps name="use"><temp name="T1922"/></temps><temps name="def"><temp name="T651"/></temps><temps name="in"><temp name="T26"/><temp name="T1954"/><temp name="T1905"/><temp name="T1971"/><temp name="T1932"/><temp name="T650"/><temp name="T2037"/><temp name="T2026"/><temp name="T2043"/><temp name="T1940"/><temp name="T1899"/><temp name="T1882"/><temp name="T639"/><temp name="T1925"/><temp name="T1895"/><temp name="T1874"/><temp name="T1913"/><temp name="T2032"/><temp name="T1977"/><temp name="T1919"/><temp name="T1922"/><temp name="T2048"/><temp name="T1936"/><temp name="T1891"/><temp name="T1960"/><temp name="T1966"/><temp name="T1886"/><temp name="T1946"/><temp name="T2022"/></temps><temps name="out"><temp name="T26"/><temp name="T1954"/><temp name="T1905"/><temp name="T1971"/><temp name="T1932"/><temp name="T650"/><temp name="T2037"/><temp name="T2026"/><temp name="T2043"/><temp name="T1940"/><temp name="T1899"/><temp name="T1882"/><temp name="T639"/><temp name="T1925"/><temp name="T1895"/><temp name="T1874"/><temp name="T1913"/><temp name="T2032"/><temp name="T1977"/><temp name="T1919"/><temp name="T2048"/><temp name="T1936"/><temp name="T1891"/><temp name="T1960"/><temp name="T1966"/><temp name="T651"/><temp name="T1886"/><temp name="T1946"/><temp name="T2022"/></temps></instruction><instruction code="MUL T1923, T650, T651"><temps name="use"><temp name="T650"/><temp name="T651"/></temps><temps name="def"><temp name="T1923"/></temps><temps name="in"><temp name="T26"/><temp name="T1954"/><temp name="T1905"/><temp name="T1971"/><temp name="T1932"/><temp name="T650"/><temp name="T2037"/><temp name="T2026"/><temp name="T2043"/><temp name="T1940"/><temp name="T1899"/><temp name="T1882"/><temp name="T639"/><temp name="T1925"/><temp name="T1895"/><temp name="T1874"/><temp name="T1913"/><temp name="T2032"/><temp name="T1977"/><temp name="T1919"/><temp name="T2048"/><temp name="T1936"/><temp name="T1891"/><temp name="T1960"/><temp name="T1966"/><temp name="T651"/><temp name="T1886"/><temp name="T1946"/><temp name="T2022"/></temps><temps name="out"><temp name="T26"/><temp name="T1954"/><temp name="T1905"/><temp name="T1971"/><temp name="T1932"/><temp name="T2037"/><temp name="T2026"/><temp name="T2043"/><temp name="T1940"/><temp name="T1899"/><temp name="T1882"/><temp name="T639"/><temp name="T1925"/><temp name="T1895"/><temp name="T1874"/><temp name="T1913"/><temp name="T2032"/><temp name="T1923"/><temp name="T1977"/><temp name="T1919"/><temp name="T2048"/><temp name="T1936"/><temp name="T1891"/><temp name="T1960"/><temp name="T1966"/><temp name="T1886"/><temp name="T1946"/><temp name="T2022"/></temps></instruction><instruction code="OR T652, T1923, 0"><temps name="use"><temp name="T1923"/></temps><temps name="def"><temp name="T652"/></temps><temps name="in"><temp name="T26"/><temp name="T1954"/><temp name="T1905"/><temp name="T1971"/><temp name="T1932"/><temp name="T2037"/><temp name="T2026"/><temp name="T2043"/><temp name="T1940"/><temp name="T1899"/><temp name="T1882"/><temp name="T639"/><temp name="T1925"/><temp name="T1895"/><temp name="T1874"/><temp name="T1913"/><temp name="T2032"/><temp name="T1923"/><temp name="T1977"/><temp name="T1919"/><temp name="T2048"/><temp name="T1936"/><temp name="T1891"/><temp name="T1960"/><temp name="T1966"/><temp name="T1886"/><temp name="T1946"/><temp name="T2022"/></temps><temps name="out"><temp name="T26"/><temp name="T1954"/><temp name="T1905"/><temp name="T1971"/><temp name="T1932"/><temp name="T2037"/><temp name="T2026"/><temp name="T2043"/><temp name="T1940"/><temp name="T1899"/><temp name="T1882"/><temp name="T639"/><temp name="T1925"/><temp name="T1895"/><temp name="T1874"/><temp name="T1913"/><temp name="T2032"/><temp name="T1977"/><temp name="T1919"/><temp name="T652"/><temp name="T2048"/><temp name="T1936"/><temp name="T1891"/><temp name="T1960"/><temp name="T1966"/><temp name="T1886"/><temp name="T1946"/><temp name="T2022"/></temps></instruction><instruction code="ADD T1924, T639, T652"><temps name="use"><temp name="T639"/><temp name="T652"/></temps><temps name="def"><temp name="T1924"/></temps><temps name="in"><temp name="T26"/><temp name="T1954"/><temp name="T1905"/><temp name="T1971"/><temp name="T1932"/><temp name="T2037"/><temp name="T2026"/><temp name="T2043"/><temp name="T1940"/><temp name="T1899"/><temp name="T1882"/><temp name="T639"/><temp name="T1925"/><temp name="T1895"/><temp name="T1874"/><temp name="T1913"/><temp name="T2032"/><temp name="T1977"/><temp name="T1919"/><temp name="T652"/><temp name="T2048"/><temp name="T1936"/><temp name="T1891"/><temp name="T1960"/><temp name="T1966"/><temp name="T1886"/><temp name="T1946"/><temp name="T2022"/></temps><temps name="out"><temp name="T26"/><temp name="T1954"/><temp name="T1905"/><temp name="T1971"/><temp name="T1932"/><temp name="T2037"/><temp name="T2026"/><temp name="T2043"/><temp name="T1940"/><temp name="T1899"/><temp name="T1882"/><temp name="T1925"/><temp name="T1895"/><temp name="T1874"/><temp name="T1913"/><temp name="T2032"/><temp name="T1977"/><temp name="T1919"/><temp name="T2048"/><temp name="T1936"/><temp name="T1891"/><temp name="T1924"/><temp name="T1960"/><temp name="T1966"/><temp name="T1886"/><temp name="T1946"/><temp name="T2022"/></temps></instruction><instruction code="OR T653, T1924, 0"><temps name="use"><temp name="T1924"/></temps><temps name="def"><temp name="T653"/></temps><temps name="in"><temp name="T26"/><temp name="T1954"/><temp name="T1905"/><temp name="T1971"/><temp name="T1932"/><temp name="T2037"/><temp name="T2026"/><temp name="T2043"/><temp name="T1940"/><temp name="T1899"/><temp name="T1882"/><temp name="T1925"/><temp name="T1895"/><temp name="T1874"/><temp name="T1913"/><temp name="T2032"/><temp name="T1977"/><temp name="T1919"/><temp name="T2048"/><temp name="T1936"/><temp name="T1891"/><temp name="T1924"/><temp name="T1960"/><temp name="T1966"/><temp name="T1886"/><temp name="T1946"/><temp name="T2022"/></temps><temps name="out"><temp name="T26"/><temp name="T1954"/><temp name="T1905"/><temp name="T1971"/><temp name="T1932"/><temp name="T2037"/><temp name="T2026"/><temp name="T2043"/><temp name="T1940"/><temp name="T1899"/><temp name="T1882"/><temp name="T1925"/><temp name="T1895"/><temp name="T1874"/><temp name="T1913"/><temp name="T2032"/><temp name="T1977"/><temp name="T1919"/><temp name="T2048"/><temp name="T1936"/><temp name="T1891"/><temp name="T1960"/><temp name="T1966"/><temp name="T1886"/><temp name="T1946"/><temp name="T2022"/></temps></instruction><instruction code="LDO T1926, T1925, 0"><temps name="use"><temp name="T1925"/></temps><temps name="def"><temp name="T1926"/></temps><temps name="in"><temp name="T26"/><temp name="T1954"/><temp name="T1905"/><temp name="T1971"/><temp name="T1932"/><temp name="T2037"/><temp name="T2026"/><temp name="T2043"/><temp name="T1940"/><temp name="T1899"/><temp name="T1882"/><temp name="T1925"/><temp name="T1895"/><temp name="T1874"/><temp name="T1913"/><temp name="T2032"/><temp name="T1977"/><temp name="T1919"/><temp name="T2048"/><temp name="T1936"/><temp name="T1891"/><temp name="T1960"/><temp name="T1966"/><temp name="T1886"/><temp name="T1946"/><temp name="T2022"/></temps><temps name="out"><temp name="T26"/><temp name="T1954"/><temp name="T1905"/><temp name="T1971"/><temp name="T1932"/><temp name="T1926"/><temp name="T2037"/><temp name="T2026"/><temp name="T2043"/><temp name="T1940"/><temp name="T1899"/><temp name="T1882"/><temp name="T1895"/><temp name="T1925"/><temp name="T1874"/><temp name="T1913"/><temp name="T2032"/><temp name="T1977"/><temp name="T1919"/><temp name="T2048"/><temp name="T1936"/><temp name="T1891"/><temp name="T1960"/><temp name="T1966"/><temp name="T1886"/><temp name="T1946"/><temp name="T2022"/></temps></instruction><instruction code="OR T654, T1926, 0"><temps name="use"><temp name="T1926"/></temps><temps name="def"><temp name="T654"/></temps><temps name="in"><temp name="T26"/><temp name="T1954"/><temp name="T1905"/><temp name="T1971"/><temp name="T1932"/><temp name="T1926"/><temp name="T2037"/><temp name="T2026"/><temp name="T2043"/><temp name="T1940"/><temp name="T1899"/><temp name="T1882"/><temp name="T1895"/><temp name="T1925"/><temp name="T1874"/><temp name="T1913"/><temp name="T2032"/><temp name="T1977"/><temp name="T1919"/><temp name="T2048"/><temp name="T1936"/><temp name="T1891"/><temp name="T1960"/><temp name="T1966"/><temp name="T1886"/><temp name="T1946"/><temp name="T2022"/></temps><temps name="out"><temp name="T26"/><temp name="T1954"/><temp name="T1905"/><temp name="T1971"/><temp name="T1932"/><temp name="T2037"/><temp name="T2026"/><temp name="T2043"/><temp name="T1940"/><temp name="T1899"/><temp name="T1882"/><temp name="T1895"/><temp name="T1925"/><temp name="T1874"/><temp name="T1913"/><temp name="T2032"/><temp name="T654"/><temp name="T1977"/><temp name="T1919"/><temp name="T2048"/><temp name="T1936"/><temp name="T1891"/><temp name="T1960"/><temp name="T1966"/><temp name="T1886"/><temp name="T1946"/><temp name="T2022"/></temps></instruction><instruction code="SETL  T1927, 0"><temps name="use"/><temps name="def"><temp name="T1927"/></temps><temps name="in"><temp name="T26"/><temp name="T1954"/><temp name="T1905"/><temp name="T1971"/><temp name="T1932"/><temp name="T2037"/><temp name="T2026"/><temp name="T2043"/><temp name="T1940"/><temp name="T1899"/><temp name="T1882"/><temp name="T1895"/><temp name="T1925"/><temp name="T1874"/><temp name="T1913"/><temp name="T2032"/><temp name="T654"/><temp name="T1977"/><temp name="T1919"/><temp name="T2048"/><temp name="T1936"/><temp name="T1891"/><temp name="T1960"/><temp name="T1966"/><temp name="T1886"/><temp name="T1946"/><temp name="T2022"/></temps><temps name="out"><temp name="T26"/><temp name="T1954"/><temp name="T1905"/><temp name="T1971"/><temp name="T1932"/><temp name="T2037"/><temp name="T2026"/><temp name="T2043"/><temp name="T1940"/><temp name="T1899"/><temp name="T1882"/><temp name="T1895"/><temp name="T1925"/><temp name="T1874"/><temp name="T1913"/><temp name="T2032"/><temp name="T654"/><temp name="T1977"/><temp name="T1919"/><temp name="T2048"/><temp name="T1936"/><temp name="T1891"/><temp name="T1960"/><temp name="T1966"/><temp name="T1886"/><temp name="T1946"/><temp name="T2022"/></temps></instruction><instruction code="INCML T1927, 0"><temps name="use"/><temps name="def"><temp name="T1927"/></temps><temps name="in"><temp name="T26"/><temp name="T1954"/><temp name="T1905"/><temp name="T1971"/><temp name="T1932"/><temp name="T2037"/><temp name="T2026"/><temp name="T2043"/><temp name="T1940"/><temp name="T1899"/><temp name="T1882"/><temp name="T1895"/><temp name="T1925"/><temp name="T1874"/><temp name="T1913"/><temp name="T2032"/><temp name="T654"/><temp name="T1977"/><temp name="T1919"/><temp name="T2048"/><temp name="T1936"/><temp name="T1891"/><temp name="T1960"/><temp name="T1966"/><temp name="T1886"/><temp name="T1946"/><temp name="T2022"/></temps><temps name="out"><temp name="T26"/><temp name="T1954"/><temp name="T1905"/><temp name="T1971"/><temp name="T1932"/><temp name="T2037"/><temp name="T2026"/><temp name="T2043"/><temp name="T1940"/><temp name="T1899"/><temp name="T1882"/><temp name="T1895"/><temp name="T1925"/><temp name="T1874"/><temp name="T1913"/><temp name="T2032"/><temp name="T654"/><temp name="T1977"/><temp name="T1919"/><temp name="T2048"/><temp name="T1936"/><temp name="T1891"/><temp name="T1960"/><temp name="T1966"/><temp name="T1886"/><temp name="T1946"/><temp name="T2022"/></temps></instruction><instruction code="INCMH T1927, 0"><temps name="use"/><temps name="def"><temp name="T1927"/></temps><temps name="in"><temp name="T26"/><temp name="T1954"/><temp name="T1905"/><temp name="T1971"/><temp name="T1932"/><temp name="T2037"/><temp name="T2026"/><temp name="T2043"/><temp name="T1940"/><temp name="T1899"/><temp name="T1882"/><temp name="T1895"/><temp name="T1925"/><temp name="T1874"/><temp name="T1913"/><temp name="T2032"/><temp name="T654"/><temp name="T1977"/><temp name="T1919"/><temp name="T2048"/><temp name="T1936"/><temp name="T1891"/><temp name="T1960"/><temp name="T1966"/><temp name="T1886"/><temp name="T1946"/><temp name="T2022"/></temps><temps name="out"><temp name="T26"/><temp name="T1954"/><temp name="T1905"/><temp name="T1971"/><temp name="T1932"/><temp name="T2037"/><temp name="T2026"/><temp name="T2043"/><temp name="T1940"/><temp name="T1899"/><temp name="T1882"/><temp name="T1895"/><temp name="T1925"/><temp name="T1874"/><temp name="T1913"/><temp name="T2032"/><temp name="T654"/><temp name="T1977"/><temp name="T1919"/><temp name="T2048"/><temp name="T1936"/><temp name="T1891"/><temp name="T1960"/><temp name="T1966"/><temp name="T1886"/><temp name="T1946"/><temp name="T2022"/></temps></instruction><instruction code="INCH  T1927, 0"><temps name="use"/><temps name="def"><temp name="T1927"/></temps><temps name="in"><temp name="T26"/><temp name="T1954"/><temp name="T1905"/><temp name="T1971"/><temp name="T1932"/><temp name="T2037"/><temp name="T2026"/><temp name="T2043"/><temp name="T1940"/><temp name="T1899"/><temp name="T1882"/><temp name="T1895"/><temp name="T1925"/><temp name="T1874"/><temp name="T1913"/><temp name="T2032"/><temp name="T654"/><temp name="T1977"/><temp name="T1919"/><temp name="T2048"/><temp name="T1936"/><temp name="T1891"/><temp name="T1960"/><temp name="T1966"/><temp name="T1886"/><temp name="T1946"/><temp name="T2022"/></temps><temps name="out"><temp name="T26"/><temp name="T1954"/><temp name="T1905"/><temp name="T1971"/><temp name="T1932"/><temp name="T2037"/><temp name="T2026"/><temp name="T2043"/><temp name="T1927"/><temp name="T1940"/><temp name="T1899"/><temp name="T1882"/><temp name="T1895"/><temp name="T1925"/><temp name="T1874"/><temp name="T1913"/><temp name="T2032"/><temp name="T654"/><temp name="T1977"/><temp name="T1919"/><temp name="T2048"/><temp name="T1936"/><temp name="T1891"/><temp name="T1960"/><temp name="T1966"/><temp name="T1886"/><temp name="T1946"/><temp name="T2022"/></temps></instruction><instruction code="OR T655, T1927, 0"><temps name="use"><temp name="T1927"/></temps><temps name="def"><temp name="T655"/></temps><temps name="in"><temp name="T26"/><temp name="T1954"/><temp name="T1905"/><temp name="T1971"/><temp name="T1932"/><temp name="T2037"/><temp name="T2026"/><temp name="T2043"/><temp name="T1927"/><temp name="T1940"/><temp name="T1899"/><temp name="T1882"/><temp name="T1895"/><temp name="T1925"/><temp name="T1874"/><temp name="T1913"/><temp name="T2032"/><temp name="T654"/><temp name="T1977"/><temp name="T1919"/><temp name="T2048"/><temp name="T1936"/><temp name="T1891"/><temp name="T1960"/><temp name="T1966"/><temp name="T1886"/><temp name="T1946"/><temp name="T2022"/></temps><temps name="out"><temp name="T26"/><temp name="T1954"/><temp name="T1905"/><temp name="T1971"/><temp name="T1932"/><temp name="T2037"/><temp name="T2026"/><temp name="T2043"/><temp name="T1940"/><temp name="T1899"/><temp name="T1882"/><temp name="T1895"/><temp name="T1925"/><temp name="T1874"/><temp name="T1913"/><temp name="T2032"/><temp name="T654"/><temp name="T1977"/><temp name="T1919"/><temp name="T2048"/><temp name="T1936"/><temp name="T1891"/><temp name="T655"/><temp name="T1960"/><temp name="T1966"/><temp name="T1886"/><temp name="T1946"/><temp name="T2022"/></temps></instruction><instruction code="CMP T1928, T654, T655"><temps name="use"><temp name="T654"/><temp name="T655"/></temps><temps name="def"><temp name="T1928"/></temps><temps name="in"><temp name="T26"/><temp name="T1954"/><temp name="T1905"/><temp name="T1971"/><temp name="T1932"/><temp name="T2037"/><temp name="T2026"/><temp name="T2043"/><temp name="T1940"/><temp name="T1899"/><temp name="T1882"/><temp name="T1895"/><temp name="T1925"/><temp name="T1874"/><temp name="T1913"/><temp name="T2032"/><temp name="T654"/><temp name="T1977"/><temp name="T1919"/><temp name="T2048"/><temp name="T1936"/><temp name="T1891"/><temp name="T655"/><temp name="T1960"/><temp name="T1966"/><temp name="T1886"/><temp name="T1946"/><temp name="T2022"/></temps><temps name="out"><temp name="T26"/><temp name="T1954"/><temp name="T1905"/><temp name="T1971"/><temp name="T1932"/><temp name="T2037"/><temp name="T2026"/><temp name="T2043"/><temp name="T1940"/><temp name="T1899"/><temp name="T1882"/><temp name="T1895"/><temp name="T1925"/><temp name="T1874"/><temp name="T1913"/><temp name="T2032"/><temp name="T1977"/><temp name="T1919"/><temp name="T1928"/><temp name="T2048"/><temp name="T1936"/><temp name="T1891"/><temp name="T1960"/><temp name="T1966"/><temp name="T1886"/><temp name="T1946"/><temp name="T2022"/></temps></instruction><instruction code="ZSNZ T1928, T1928, 1"><temps name="use"><temp name="T1928"/></temps><temps name="def"><temp name="T1928"/></temps><temps name="in"><temp name="T26"/><temp name="T1954"/><temp name="T1905"/><temp name="T1971"/><temp name="T1932"/><temp name="T2037"/><temp name="T2026"/><temp name="T2043"/><temp name="T1940"/><temp name="T1899"/><temp name="T1882"/><temp name="T1895"/><temp name="T1925"/><temp name="T1874"/><temp name="T1913"/><temp name="T2032"/><temp name="T1977"/><temp name="T1919"/><temp name="T1928"/><temp name="T2048"/><temp name="T1936"/><temp name="T1891"/><temp name="T1960"/><temp name="T1966"/><temp name="T1886"/><temp name="T1946"/><temp name="T2022"/></temps><temps name="out"><temp name="T26"/><temp name="T1954"/><temp name="T1905"/><temp name="T1971"/><temp name="T1932"/><temp name="T2037"/><temp name="T2026"/><temp name="T2043"/><temp name="T1940"/><temp name="T1899"/><temp name="T1882"/><temp name="T1895"/><temp name="T1925"/><temp name="T1874"/><temp name="T1913"/><temp name="T2032"/><temp name="T1977"/><temp name="T1919"/><temp name="T1928"/><temp name="T2048"/><temp name="T1936"/><temp name="T1891"/><temp name="T1960"/><temp name="T1966"/><temp name="T1886"/><temp name="T1946"/><temp name="T2022"/></temps></instruction><instruction code="OR T656, T1928, 0"><temps name="use"><temp name="T1928"/></temps><temps name="def"><temp name="T656"/></temps><temps name="in"><temp name="T26"/><temp name="T1954"/><temp name="T1905"/><temp name="T1971"/><temp name="T1932"/><temp name="T2037"/><temp name="T2026"/><temp name="T2043"/><temp name="T1940"/><temp name="T1899"/><temp name="T1882"/><temp name="T1895"/><temp name="T1925"/><temp name="T1874"/><temp name="T1913"/><temp name="T2032"/><temp name="T1977"/><temp name="T1919"/><temp name="T1928"/><temp name="T2048"/><temp name="T1936"/><temp name="T1891"/><temp name="T1960"/><temp name="T1966"/><temp name="T1886"/><temp name="T1946"/><temp name="T2022"/></temps><temps name="out"><temp name="T26"/><temp name="T1954"/><temp name="T1905"/><temp name="T1971"/><temp name="T1932"/><temp name="T2037"/><temp name="T2026"/><temp name="T2043"/><temp name="T1940"/><temp name="T1899"/><temp name="T1882"/><temp name="T1895"/><temp name="T1925"/><temp name="T1874"/><temp name="T1913"/><temp name="T2032"/><temp name="T1977"/><temp name="T1919"/><temp name="T2048"/><temp name="T1936"/><temp name="T1891"/><temp name="T1960"/><temp name="T1966"/><temp name="T656"/><temp name="T1886"/><temp name="T1946"/><temp name="T2022"/></temps></instruction><instruction code="BNZ T656, L78"><temps name="use"><temp name="T656"/></temps><temps name="def"/><temps name="in"><temp name="T26"/><temp name="T1954"/><temp name="T1905"/><temp name="T1971"/><temp name="T1932"/><temp name="T2037"/><temp name="T2026"/><temp name="T2043"/><temp name="T1940"/><temp name="T1899"/><temp name="T1882"/><temp name="T1895"/><temp name="T1925"/><temp name="T1874"/><temp name="T1913"/><temp name="T2032"/><temp name="T1977"/><temp name="T1919"/><temp name="T2048"/><temp name="T1936"/><temp name="T1891"/><temp name="T1960"/><temp name="T1966"/><temp name="T656"/><temp name="T1886"/><temp name="T1946"/><temp name="T2022"/></temps><temps name="out"><temp name="T26"/><temp name="T1954"/><temp name="T1905"/><temp name="T1971"/><temp name="T1932"/><temp name="T2037"/><temp name="T2026"/><temp name="T2043"/><temp name="T1940"/><temp name="T1899"/><temp name="T1882"/><temp name="T1895"/><temp name="T1925"/><temp name="T1874"/><temp name="T1913"/><temp name="T2032"/><temp name="T1977"/><temp name="T1919"/><temp name="T2048"/><temp name="T1936"/><temp name="T1891"/><temp name="T1960"/><temp name="T1966"/><temp name="T1886"/><temp name="T1946"/><temp name="T2022"/></temps></instruction><instruction code="L146"><temps name="use"/><temps name="def"/><temps name="in"><temp name="T26"/><temp name="T1954"/><temp name="T1905"/><temp name="T1971"/><temp name="T1932"/><temp name="T2037"/><temp name="T2026"/><temp name="T2043"/><temp name="T1940"/><temp name="T1899"/><temp name="T1882"/><temp name="T1895"/><temp name="T1925"/><temp name="T1874"/><temp name="T1913"/><temp name="T2032"/><temp name="T1977"/><temp name="T1919"/><temp name="T2048"/><temp name="T1936"/><temp name="T1891"/><temp name="T1960"/><temp name="T1966"/><temp name="T1886"/><temp name="T1946"/><temp name="T2022"/></temps><temps name="out"><temp name="T26"/><temp name="T1954"/><temp name="T1905"/><temp name="T1971"/><temp name="T1932"/><temp name="T2037"/><temp name="T2026"/><temp name="T2043"/><temp name="T1940"/><temp name="T1899"/><temp name="T1882"/><temp name="T1895"/><temp name="T1925"/><temp name="T1874"/><temp name="T1913"/><temp name="T2032"/><temp name="T1977"/><temp name="T1919"/><temp name="T2048"/><temp name="T1936"/><temp name="T1891"/><temp name="T1960"/><temp name="T1966"/><temp name="T1886"/><temp name="T1946"/><temp name="T2022"/></temps></instruction><instruction code="LDA T1929, L79"><temps name="use"/><temps name="def"><temp name="T1929"/></temps><temps name="in"><temp name="T26"/><temp name="T1954"/><temp name="T1905"/><temp name="T1971"/><temp name="T1932"/><temp name="T2037"/><temp name="T2026"/><temp name="T2043"/><temp name="T1940"/><temp name="T1899"/><temp name="T1882"/><temp name="T1895"/><temp name="T1925"/><temp name="T1874"/><temp name="T1913"/><temp name="T2032"/><temp name="T1977"/><temp name="T1919"/><temp name="T2048"/><temp name="T1936"/><temp name="T1891"/><temp name="T1960"/><temp name="T1966"/><temp name="T1886"/><temp name="T1946"/><temp name="T2022"/></temps><temps name="out"><temp name="T26"/><temp name="T1954"/><temp name="T1905"/><temp name="T1971"/><temp name="T1932"/><temp name="T2037"/><temp name="T2026"/><temp name="T2043"/><temp name="T1940"/><temp name="T1929"/><temp name="T1899"/><temp name="T1882"/><temp name="T1895"/><temp name="T1925"/><temp name="T1874"/><temp name="T1913"/><temp name="T2032"/><temp name="T1977"/><temp name="T1919"/><temp name="T2048"/><temp name="T1936"/><temp name="T1891"/><temp name="T1960"/><temp name="T1966"/><temp name="T1886"/><temp name="T1946"/><temp name="T2022"/></temps></instruction><instruction code="GO T1929, T1929, 0"><temps name="use"><temp name="T1929"/></temps><temps name="def"><temp name="T1929"/></temps><temps name="in"><temp name="T26"/><temp name="T1954"/><temp name="T1905"/><temp name="T1971"/><temp name="T1932"/><temp name="T2037"/><temp name="T2026"/><temp name="T2043"/><temp name="T1940"/><temp name="T1929"/><temp name="T1899"/><temp name="T1882"/><temp name="T1895"/><temp name="T1925"/><temp name="T1874"/><temp name="T1913"/><temp name="T2032"/><temp name="T1977"/><temp name="T1919"/><temp name="T2048"/><temp name="T1936"/><temp name="T1891"/><temp name="T1960"/><temp name="T1966"/><temp name="T1886"/><temp name="T1946"/><temp name="T2022"/></temps><temps name="out"><temp name="T26"/><temp name="T1954"/><temp name="T1905"/><temp name="T1971"/><temp name="T1932"/><temp name="T2037"/><temp name="T2026"/><temp name="T2043"/><temp name="T1940"/><temp name="T1899"/><temp name="T1882"/><temp name="T1895"/><temp name="T1925"/><temp name="T1874"/><temp name="T1913"/><temp name="T2032"/><temp name="T1977"/><temp name="T1919"/><temp name="T2048"/><temp name="T1936"/><temp name="T1891"/><temp name="T1960"/><temp name="T1966"/><temp name="T1886"/><temp name="T1946"/><temp name="T2022"/></temps></instruction><instruction code="L78"><temps name="use"/><temps name="def"/><temps name="in"><temp name="T26"/><temp name="T1954"/><temp name="T1905"/><temp name="T1971"/><temp name="T1932"/><temp name="T2037"/><temp name="T2026"/><temp name="T2043"/><temp name="T1940"/><temp name="T1899"/><temp name="T1882"/><temp name="T1895"/><temp name="T1925"/><temp name="T1874"/><temp name="T1913"/><temp name="T2032"/><temp name="T1977"/><temp name="T1919"/><temp name="T2048"/><temp name="T1936"/><temp name="T1891"/><temp name="T1960"/><temp name="T1966"/><temp name="T1946"/><temp name="T1886"/><temp name="T2022"/></temps><temps name="out"><temp name="T26"/><temp name="T1954"/><temp name="T1905"/><temp name="T1971"/><temp name="T1932"/><temp name="T2037"/><temp name="T2026"/><temp name="T2043"/><temp name="T1940"/><temp name="T1899"/><temp name="T1882"/><temp name="T1895"/><temp name="T1925"/><temp name="T1874"/><temp name="T1913"/><temp name="T2032"/><temp name="T1977"/><temp name="T1919"/><temp name="T2048"/><temp name="T1936"/><temp name="T1891"/><temp name="T1960"/><temp name="T1966"/><temp name="T1946"/><temp name="T1886"/><temp name="T2022"/></temps></instruction><instruction code="OR T657, T26, 0"><temps name="use"><temp name="T26"/></temps><temps name="def"><temp name="T657"/></temps><temps name="in"><temp name="T26"/><temp name="T1954"/><temp name="T1905"/><temp name="T1971"/><temp name="T1932"/><temp name="T2037"/><temp name="T2026"/><temp name="T2043"/><temp name="T1940"/><temp name="T1899"/><temp name="T1882"/><temp name="T1895"/><temp name="T1925"/><temp name="T1874"/><temp name="T1913"/><temp name="T2032"/><temp name="T1977"/><temp name="T1919"/><temp name="T2048"/><temp name="T1936"/><temp name="T1891"/><temp name="T1960"/><temp name="T1966"/><temp name="T1946"/><temp name="T1886"/><temp name="T2022"/></temps><temps name="out"><temp name="T26"/><temp name="T1954"/><temp name="T1905"/><temp name="T1971"/><temp name="T1932"/><temp name="T2037"/><temp name="T2026"/><temp name="T2043"/><temp name="T1940"/><temp name="T1899"/><temp name="T1882"/><temp name="T657"/><temp name="T1895"/><temp name="T1925"/><temp name="T1874"/><temp name="T1913"/><temp name="T2032"/><temp name="T1977"/><temp name="T1919"/><temp name="T2048"/><temp name="T1936"/><temp name="T1891"/><temp name="T1960"/><temp name="T1966"/><temp name="T1946"/><temp name="T1886"/><temp name="T2022"/></temps></instruction><instruction code="SETL  T1930, 80"><temps name="use"/><temps name="def"><temp name="T1930"/></temps><temps name="in"><temp name="T26"/><temp name="T1954"/><temp name="T1905"/><temp name="T1971"/><temp name="T1932"/><temp name="T2037"/><temp name="T2026"/><temp name="T2043"/><temp name="T1940"/><temp name="T1899"/><temp name="T1882"/><temp name="T657"/><temp name="T1895"/><temp name="T1925"/><temp name="T1874"/><temp name="T1913"/><temp name="T2032"/><temp name="T1977"/><temp name="T1919"/><temp name="T2048"/><temp name="T1936"/><temp name="T1891"/><temp name="T1960"/><temp name="T1966"/><temp name="T1946"/><temp name="T1886"/><temp name="T2022"/></temps><temps name="out"><temp name="T26"/><temp name="T1954"/><temp name="T1905"/><temp name="T1971"/><temp name="T1932"/><temp name="T2037"/><temp name="T2026"/><temp name="T2043"/><temp name="T1940"/><temp name="T1899"/><temp name="T1882"/><temp name="T657"/><temp name="T1895"/><temp name="T1925"/><temp name="T1874"/><temp name="T1913"/><temp name="T2032"/><temp name="T1977"/><temp name="T1919"/><temp name="T2048"/><temp name="T1936"/><temp name="T1891"/><temp name="T1960"/><temp name="T1966"/><temp name="T1946"/><temp name="T1886"/><temp name="T2022"/></temps></instruction><instruction code="INCML T1930, 0"><temps name="use"/><temps name="def"><temp name="T1930"/></temps><temps name="in"><temp name="T26"/><temp name="T1954"/><temp name="T1905"/><temp name="T1971"/><temp name="T1932"/><temp name="T2037"/><temp name="T2026"/><temp name="T2043"/><temp name="T1940"/><temp name="T1899"/><temp name="T1882"/><temp name="T657"/><temp name="T1895"/><temp name="T1925"/><temp name="T1874"/><temp name="T1913"/><temp name="T2032"/><temp name="T1977"/><temp name="T1919"/><temp name="T2048"/><temp name="T1936"/><temp name="T1891"/><temp name="T1960"/><temp name="T1966"/><temp name="T1946"/><temp name="T1886"/><temp name="T2022"/></temps><temps name="out"><temp name="T26"/><temp name="T1954"/><temp name="T1905"/><temp name="T1971"/><temp name="T1932"/><temp name="T2037"/><temp name="T2026"/><temp name="T2043"/><temp name="T1940"/><temp name="T1899"/><temp name="T1882"/><temp name="T657"/><temp name="T1895"/><temp name="T1925"/><temp name="T1874"/><temp name="T1913"/><temp name="T2032"/><temp name="T1977"/><temp name="T1919"/><temp name="T2048"/><temp name="T1936"/><temp name="T1891"/><temp name="T1960"/><temp name="T1966"/><temp name="T1946"/><temp name="T1886"/><temp name="T2022"/></temps></instruction><instruction code="INCMH T1930, 0"><temps name="use"/><temps name="def"><temp name="T1930"/></temps><temps name="in"><temp name="T26"/><temp name="T1954"/><temp name="T1905"/><temp name="T1971"/><temp name="T1932"/><temp name="T2037"/><temp name="T2026"/><temp name="T2043"/><temp name="T1940"/><temp name="T1899"/><temp name="T1882"/><temp name="T657"/><temp name="T1895"/><temp name="T1925"/><temp name="T1874"/><temp name="T1913"/><temp name="T2032"/><temp name="T1977"/><temp name="T1919"/><temp name="T2048"/><temp name="T1936"/><temp name="T1891"/><temp name="T1960"/><temp name="T1966"/><temp name="T1946"/><temp name="T1886"/><temp name="T2022"/></temps><temps name="out"><temp name="T26"/><temp name="T1954"/><temp name="T1905"/><temp name="T1971"/><temp name="T1932"/><temp name="T2037"/><temp name="T2026"/><temp name="T2043"/><temp name="T1940"/><temp name="T1899"/><temp name="T1882"/><temp name="T657"/><temp name="T1895"/><temp name="T1925"/><temp name="T1874"/><temp name="T1913"/><temp name="T2032"/><temp name="T1977"/><temp name="T1919"/><temp name="T2048"/><temp name="T1936"/><temp name="T1891"/><temp name="T1960"/><temp name="T1966"/><temp name="T1946"/><temp name="T1886"/><temp name="T2022"/></temps></instruction><instruction code="INCH  T1930, 0"><temps name="use"/><temps name="def"><temp name="T1930"/></temps><temps name="in"><temp name="T26"/><temp name="T1954"/><temp name="T1905"/><temp name="T1971"/><temp name="T1932"/><temp name="T2037"/><temp name="T2026"/><temp name="T2043"/><temp name="T1940"/><temp name="T1899"/><temp name="T1882"/><temp name="T657"/><temp name="T1895"/><temp name="T1925"/><temp name="T1874"/><temp name="T1913"/><temp name="T2032"/><temp name="T1977"/><temp name="T1919"/><temp name="T2048"/><temp name="T1936"/><temp name="T1891"/><temp name="T1960"/><temp name="T1966"/><temp name="T1946"/><temp name="T1886"/><temp name="T2022"/></temps><temps name="out"><temp name="T26"/><temp name="T1954"/><temp name="T1905"/><temp name="T1971"/><temp name="T1932"/><temp name="T2037"/><temp name="T2026"/><temp name="T2043"/><temp name="T1940"/><temp name="T1899"/><temp name="T1882"/><temp name="T657"/><temp name="T1895"/><temp name="T1925"/><temp name="T1874"/><temp name="T1913"/><temp name="T2032"/><temp name="T1977"/><temp name="T1919"/><temp name="T2048"/><temp name="T1930"/><temp name="T1936"/><temp name="T1891"/><temp name="T1960"/><temp name="T1966"/><temp name="T1946"/><temp name="T1886"/><temp name="T2022"/></temps></instruction><instruction code="NEG T1930, 0, T1930"><temps name="use"><temp name="T1930"/></temps><temps name="def"><temp name="T1930"/></temps><temps name="in"><temp name="T26"/><temp name="T1954"/><temp name="T1905"/><temp name="T1971"/><temp name="T1932"/><temp name="T2037"/><temp name="T2026"/><temp name="T2043"/><temp name="T1940"/><temp name="T1899"/><temp name="T1882"/><temp name="T657"/><temp name="T1895"/><temp name="T1925"/><temp name="T1874"/><temp name="T1913"/><temp name="T2032"/><temp name="T1977"/><temp name="T1919"/><temp name="T2048"/><temp name="T1930"/><temp name="T1936"/><temp name="T1891"/><temp name="T1960"/><temp name="T1966"/><temp name="T1946"/><temp name="T1886"/><temp name="T2022"/></temps><temps name="out"><temp name="T26"/><temp name="T1954"/><temp name="T1905"/><temp name="T1971"/><temp name="T1932"/><temp name="T2037"/><temp name="T2026"/><temp name="T2043"/><temp name="T1940"/><temp name="T1899"/><temp name="T1882"/><temp name="T657"/><temp name="T1895"/><temp name="T1925"/><temp name="T1874"/><temp name="T1913"/><temp name="T2032"/><temp name="T1977"/><temp name="T1919"/><temp name="T2048"/><temp name="T1930"/><temp name="T1936"/><temp name="T1891"/><temp name="T1960"/><temp name="T1966"/><temp name="T1946"/><temp name="T1886"/><temp name="T2022"/></temps></instruction><instruction code="OR T658, T1930, 0"><temps name="use"><temp name="T1930"/></temps><temps name="def"><temp name="T658"/></temps><temps name="in"><temp name="T26"/><temp name="T1954"/><temp name="T1905"/><temp name="T1971"/><temp name="T1932"/><temp name="T2037"/><temp name="T2026"/><temp name="T2043"/><temp name="T1940"/><temp name="T1899"/><temp name="T1882"/><temp name="T657"/><temp name="T1895"/><temp name="T1925"/><temp name="T1874"/><temp name="T1913"/><temp name="T2032"/><temp name="T1977"/><temp name="T1919"/><temp name="T2048"/><temp name="T1930"/><temp name="T1936"/><temp name="T1891"/><temp name="T1960"/><temp name="T1966"/><temp name="T1946"/><temp name="T1886"/><temp name="T2022"/></temps><temps name="out"><temp name="T26"/><temp name="T1954"/><temp name="T1905"/><temp name="T1971"/><temp name="T1932"/><temp name="T2037"/><temp name="T2026"/><temp name="T2043"/><temp name="T1940"/><temp name="T1899"/><temp name="T658"/><temp name="T1882"/><temp name="T657"/><temp name="T1895"/><temp name="T1925"/><temp name="T1874"/><temp name="T1913"/><temp name="T2032"/><temp name="T1977"/><temp name="T1919"/><temp name="T2048"/><temp name="T1936"/><temp name="T1891"/><temp name="T1960"/><temp name="T1966"/><temp name="T1946"/><temp name="T1886"/><temp name="T2022"/></temps></instruction><instruction code="ADD T1931, T657, T658"><temps name="use"><temp name="T657"/><temp name="T658"/></temps><temps name="def"><temp name="T1931"/></temps><temps name="in"><temp name="T26"/><temp name="T1954"/><temp name="T1905"/><temp name="T1971"/><temp name="T1932"/><temp name="T2037"/><temp name="T2026"/><temp name="T2043"/><temp name="T1940"/><temp name="T1899"/><temp name="T658"/><temp name="T1882"/><temp name="T657"/><temp name="T1895"/><temp name="T1925"/><temp name="T1874"/><temp name="T1913"/><temp name="T2032"/><temp name="T1977"/><temp name="T1919"/><temp name="T2048"/><temp name="T1936"/><temp name="T1891"/><temp name="T1960"/><temp name="T1966"/><temp name="T1946"/><temp name="T1886"/><temp name="T2022"/></temps><temps name="out"><temp name="T26"/><temp name="T1954"/><temp name="T1905"/><temp name="T1931"/><temp name="T1971"/><temp name="T1932"/><temp name="T2037"/><temp name="T2026"/><temp name="T2043"/><temp name="T1940"/><temp name="T1899"/><temp name="T1882"/><temp name="T1895"/><temp name="T1925"/><temp name="T1874"/><temp name="T1913"/><temp name="T2032"/><temp name="T1977"/><temp name="T1919"/><temp name="T2048"/><temp name="T1936"/><temp name="T1891"/><temp name="T1960"/><temp name="T1966"/><temp name="T1946"/><temp name="T1886"/><temp name="T2022"/></temps></instruction><instruction code="OR T659, T1931, 0"><temps name="use"><temp name="T1931"/></temps><temps name="def"><temp name="T659"/></temps><temps name="in"><temp name="T26"/><temp name="T1954"/><temp name="T1905"/><temp name="T1931"/><temp name="T1971"/><temp name="T1932"/><temp name="T2037"/><temp name="T2026"/><temp name="T2043"/><temp name="T1940"/><temp name="T1899"/><temp name="T1882"/><temp name="T1895"/><temp name="T1925"/><temp name="T1874"/><temp name="T1913"/><temp name="T2032"/><temp name="T1977"/><temp name="T1919"/><temp name="T2048"/><temp name="T1936"/><temp name="T1891"/><temp name="T1960"/><temp name="T1966"/><temp name="T1946"/><temp name="T1886"/><temp name="T2022"/></temps><temps name="out"><temp name="T26"/><temp name="T1954"/><temp name="T659"/><temp name="T1905"/><temp name="T1971"/><temp name="T1932"/><temp name="T2037"/><temp name="T2026"/><temp name="T2043"/><temp name="T1940"/><temp name="T1899"/><temp name="T1882"/><temp name="T1895"/><temp name="T1925"/><temp name="T1874"/><temp name="T1913"/><temp name="T2032"/><temp name="T1977"/><temp name="T1919"/><temp name="T2048"/><temp name="T1936"/><temp name="T1891"/><temp name="T1960"/><temp name="T1966"/><temp name="T1946"/><temp name="T1886"/><temp name="T2022"/></temps></instruction><instruction code="OR T660, T26, 0"><temps name="use"><temp name="T26"/></temps><temps name="def"><temp name="T660"/></temps><temps name="in"><temp name="T26"/><temp name="T1954"/><temp name="T659"/><temp name="T1905"/><temp name="T1971"/><temp name="T1932"/><temp name="T2037"/><temp name="T2026"/><temp name="T2043"/><temp name="T1940"/><temp name="T1899"/><temp name="T1882"/><temp name="T1895"/><temp name="T1925"/><temp name="T1874"/><temp name="T1913"/><temp name="T2032"/><temp name="T1977"/><temp name="T1919"/><temp name="T2048"/><temp name="T1936"/><temp name="T1891"/><temp name="T1960"/><temp name="T1966"/><temp name="T1946"/><temp name="T1886"/><temp name="T2022"/></temps><temps name="out"><temp name="T26"/><temp name="T1954"/><temp name="T659"/><temp name="T1905"/><temp name="T1971"/><temp name="T1932"/><temp name="T2037"/><temp name="T2026"/><temp name="T2043"/><temp name="T1940"/><temp name="T1899"/><temp name="T1882"/><temp name="T1895"/><temp name="T1925"/><temp name="T1874"/><temp name="T1913"/><temp name="T2032"/><temp name="T1977"/><temp name="T1919"/><temp name="T2048"/><temp name="T1936"/><temp name="T1891"/><temp name="T1960"/><temp name="T1966"/><temp name="T1946"/><temp name="T1886"/><temp name="T2022"/></temps></instruction><instruction code="LDO T1933, T1932, 0"><temps name="use"><temp name="T1932"/></temps><temps name="def"><temp name="T1933"/></temps><temps name="in"><temp name="T26"/><temp name="T1954"/><temp name="T659"/><temp name="T1905"/><temp name="T1971"/><temp name="T1932"/><temp name="T2037"/><temp name="T2026"/><temp name="T2043"/><temp name="T1940"/><temp name="T1899"/><temp name="T1882"/><temp name="T1895"/><temp name="T1925"/><temp name="T1874"/><temp name="T1913"/><temp name="T2032"/><temp name="T1977"/><temp name="T1919"/><temp name="T2048"/><temp name="T1936"/><temp name="T1891"/><temp name="T1960"/><temp name="T1966"/><temp name="T1946"/><temp name="T1886"/><temp name="T2022"/></temps><temps name="out"><temp name="T26"/><temp name="T1954"/><temp name="T659"/><temp name="T1905"/><temp name="T1971"/><temp name="T1932"/><temp name="T2037"/><temp name="T2026"/><temp name="T2043"/><temp name="T1940"/><temp name="T1899"/><temp name="T1882"/><temp name="T1933"/><temp name="T1895"/><temp name="T1925"/><temp name="T1874"/><temp name="T1913"/><temp name="T2032"/><temp name="T1977"/><temp name="T1919"/><temp name="T2048"/><temp name="T1936"/><temp name="T1891"/><temp name="T1960"/><temp name="T1966"/><temp name="T1946"/><temp name="T1886"/><temp name="T2022"/></temps></instruction><instruction code="OR T661, T1933, 0"><temps name="use"><temp name="T1933"/></temps><temps name="def"><temp name="T661"/></temps><temps name="in"><temp name="T26"/><temp name="T1954"/><temp name="T659"/><temp name="T1905"/><temp name="T1971"/><temp name="T1932"/><temp name="T2037"/><temp name="T2026"/><temp name="T2043"/><temp name="T1940"/><temp name="T1899"/><temp name="T1882"/><temp name="T1933"/><temp name="T1895"/><temp name="T1925"/><temp name="T1874"/><temp name="T1913"/><temp name="T2032"/><temp name="T1977"/><temp name="T1919"/><temp name="T2048"/><temp name="T1936"/><temp name="T1891"/><temp name="T1960"/><temp name="T1966"/><temp name="T1946"/><temp name="T1886"/><temp name="T2022"/></temps><temps name="out"><temp name="T26"/><temp name="T1954"/><temp name="T659"/><temp name="T1905"/><temp name="T1971"/><temp name="T1932"/><temp name="T2037"/><temp name="T2026"/><temp name="T2043"/><temp name="T1940"/><temp name="T1899"/><temp name="T1882"/><temp name="T1895"/><temp name="T1925"/><temp name="T1874"/><temp name="T1913"/><temp name="T2032"/><temp name="T1977"/><temp name="T1919"/><temp name="T2048"/><temp name="T1936"/><temp name="T1891"/><temp name="T1960"/><temp name="T1966"/><temp name="T1946"/><temp name="T1886"/><temp name="T2022"/><temp name="T661"/></temps></instruction><instruction code="SETL  T1934, 8"><temps name="use"/><temps name="def"><temp name="T1934"/></temps><temps name="in"><temp name="T26"/><temp name="T1954"/><temp name="T659"/><temp name="T1905"/><temp name="T1971"/><temp name="T1932"/><temp name="T2037"/><temp name="T2026"/><temp name="T2043"/><temp name="T1940"/><temp name="T1899"/><temp name="T1882"/><temp name="T1895"/><temp name="T1925"/><temp name="T1874"/><temp name="T1913"/><temp name="T2032"/><temp name="T1977"/><temp name="T1919"/><temp name="T2048"/><temp name="T1936"/><temp name="T1891"/><temp name="T1960"/><temp name="T1966"/><temp name="T1946"/><temp name="T1886"/><temp name="T2022"/><temp name="T661"/></temps><temps name="out"><temp name="T26"/><temp name="T1954"/><temp name="T659"/><temp name="T1905"/><temp name="T1971"/><temp name="T1932"/><temp name="T2037"/><temp name="T2026"/><temp name="T2043"/><temp name="T1940"/><temp name="T1899"/><temp name="T1882"/><temp name="T1895"/><temp name="T1925"/><temp name="T1874"/><temp name="T1913"/><temp name="T2032"/><temp name="T1977"/><temp name="T1919"/><temp name="T2048"/><temp name="T1936"/><temp name="T1891"/><temp name="T1960"/><temp name="T1966"/><temp name="T1946"/><temp name="T1886"/><temp name="T2022"/><temp name="T661"/></temps></instruction><instruction code="INCML T1934, 0"><temps name="use"/><temps name="def"><temp name="T1934"/></temps><temps name="in"><temp name="T26"/><temp name="T1954"/><temp name="T659"/><temp name="T1905"/><temp name="T1971"/><temp name="T1932"/><temp name="T2037"/><temp name="T2026"/><temp name="T2043"/><temp name="T1940"/><temp name="T1899"/><temp name="T1882"/><temp name="T1895"/><temp name="T1925"/><temp name="T1874"/><temp name="T1913"/><temp name="T2032"/><temp name="T1977"/><temp name="T1919"/><temp name="T2048"/><temp name="T1936"/><temp name="T1891"/><temp name="T1960"/><temp name="T1966"/><temp name="T1946"/><temp name="T1886"/><temp name="T2022"/><temp name="T661"/></temps><temps name="out"><temp name="T26"/><temp name="T1954"/><temp name="T659"/><temp name="T1905"/><temp name="T1971"/><temp name="T1932"/><temp name="T2037"/><temp name="T2026"/><temp name="T2043"/><temp name="T1940"/><temp name="T1899"/><temp name="T1882"/><temp name="T1895"/><temp name="T1925"/><temp name="T1874"/><temp name="T1913"/><temp name="T2032"/><temp name="T1977"/><temp name="T1919"/><temp name="T2048"/><temp name="T1936"/><temp name="T1891"/><temp name="T1960"/><temp name="T1966"/><temp name="T1946"/><temp name="T1886"/><temp name="T2022"/><temp name="T661"/></temps></instruction><instruction code="INCMH T1934, 0"><temps name="use"/><temps name="def"><temp name="T1934"/></temps><temps name="in"><temp name="T26"/><temp name="T1954"/><temp name="T659"/><temp name="T1905"/><temp name="T1971"/><temp name="T1932"/><temp name="T2037"/><temp name="T2026"/><temp name="T2043"/><temp name="T1940"/><temp name="T1899"/><temp name="T1882"/><temp name="T1895"/><temp name="T1925"/><temp name="T1874"/><temp name="T1913"/><temp name="T2032"/><temp name="T1977"/><temp name="T1919"/><temp name="T2048"/><temp name="T1936"/><temp name="T1891"/><temp name="T1960"/><temp name="T1966"/><temp name="T1946"/><temp name="T1886"/><temp name="T2022"/><temp name="T661"/></temps><temps name="out"><temp name="T26"/><temp name="T1954"/><temp name="T659"/><temp name="T1905"/><temp name="T1971"/><temp name="T1932"/><temp name="T2037"/><temp name="T2026"/><temp name="T2043"/><temp name="T1940"/><temp name="T1899"/><temp name="T1882"/><temp name="T1895"/><temp name="T1925"/><temp name="T1874"/><temp name="T1913"/><temp name="T2032"/><temp name="T1977"/><temp name="T1919"/><temp name="T2048"/><temp name="T1936"/><temp name="T1891"/><temp name="T1960"/><temp name="T1966"/><temp name="T1946"/><temp name="T1886"/><temp name="T2022"/><temp name="T661"/></temps></instruction><instruction code="INCH  T1934, 0"><temps name="use"/><temps name="def"><temp name="T1934"/></temps><temps name="in"><temp name="T26"/><temp name="T1954"/><temp name="T659"/><temp name="T1905"/><temp name="T1971"/><temp name="T1932"/><temp name="T2037"/><temp name="T2026"/><temp name="T2043"/><temp name="T1940"/><temp name="T1899"/><temp name="T1882"/><temp name="T1895"/><temp name="T1925"/><temp name="T1874"/><temp name="T1913"/><temp name="T2032"/><temp name="T1977"/><temp name="T1919"/><temp name="T2048"/><temp name="T1936"/><temp name="T1891"/><temp name="T1960"/><temp name="T1966"/><temp name="T1946"/><temp name="T1886"/><temp name="T2022"/><temp name="T661"/></temps><temps name="out"><temp name="T26"/><temp name="T1954"/><temp name="T659"/><temp name="T1905"/><temp name="T1971"/><temp name="T1932"/><temp name="T2037"/><temp name="T2026"/><temp name="T2043"/><temp name="T1940"/><temp name="T1899"/><temp name="T1882"/><temp name="T1895"/><temp name="T1925"/><temp name="T1874"/><temp name="T1913"/><temp name="T2032"/><temp name="T1977"/><temp name="T1919"/><temp name="T2048"/><temp name="T1936"/><temp name="T1891"/><temp name="T1960"/><temp name="T1966"/><temp name="T1934"/><temp name="T1946"/><temp name="T1886"/><temp name="T2022"/><temp name="T661"/></temps></instruction><instruction code="OR T662, T1934, 0"><temps name="use"><temp name="T1934"/></temps><temps name="def"><temp name="T662"/></temps><temps name="in"><temp name="T26"/><temp name="T1954"/><temp name="T659"/><temp name="T1905"/><temp name="T1971"/><temp name="T1932"/><temp name="T2037"/><temp name="T2026"/><temp name="T2043"/><temp name="T1940"/><temp name="T1899"/><temp name="T1882"/><temp name="T1895"/><temp name="T1925"/><temp name="T1874"/><temp name="T1913"/><temp name="T2032"/><temp name="T1977"/><temp name="T1919"/><temp name="T2048"/><temp name="T1936"/><temp name="T1891"/><temp name="T1960"/><temp name="T1966"/><temp name="T1934"/><temp name="T1946"/><temp name="T1886"/><temp name="T2022"/><temp name="T661"/></temps><temps name="out"><temp name="T26"/><temp name="T1954"/><temp name="T659"/><temp name="T1905"/><temp name="T1971"/><temp name="T1932"/><temp name="T2037"/><temp name="T2026"/><temp name="T2043"/><temp name="T1940"/><temp name="T662"/><temp name="T1899"/><temp name="T1882"/><temp name="T1895"/><temp name="T1925"/><temp name="T1874"/><temp name="T1913"/><temp name="T2032"/><temp name="T1977"/><temp name="T1919"/><temp name="T2048"/><temp name="T1936"/><temp name="T1891"/><temp name="T1960"/><temp name="T1966"/><temp name="T1946"/><temp name="T1886"/><temp name="T2022"/><temp name="T661"/></temps></instruction><instruction code="ADD T1935, T661, T662"><temps name="use"><temp name="T661"/><temp name="T662"/></temps><temps name="def"><temp name="T1935"/></temps><temps name="in"><temp name="T26"/><temp name="T1954"/><temp name="T659"/><temp name="T1905"/><temp name="T1971"/><temp name="T1932"/><temp name="T2037"/><temp name="T2026"/><temp name="T2043"/><temp name="T1940"/><temp name="T662"/><temp name="T1899"/><temp name="T1882"/><temp name="T1895"/><temp name="T1925"/><temp name="T1874"/><temp name="T1913"/><temp name="T2032"/><temp name="T1977"/><temp name="T1919"/><temp name="T2048"/><temp name="T1936"/><temp name="T1891"/><temp name="T1960"/><temp name="T1966"/><temp name="T1946"/><temp name="T1886"/><temp name="T2022"/><temp name="T661"/></temps><temps name="out"><temp name="T26"/><temp name="T1954"/><temp name="T659"/><temp name="T1905"/><temp name="T1971"/><temp name="T1932"/><temp name="T2037"/><temp name="T2026"/><temp name="T2043"/><temp name="T1940"/><temp name="T1899"/><temp name="T1882"/><temp name="T1895"/><temp name="T1925"/><temp name="T1874"/><temp name="T1913"/><temp name="T2032"/><temp name="T1977"/><temp name="T1919"/><temp name="T2048"/><temp name="T1936"/><temp name="T1891"/><temp name="T1935"/><temp name="T1960"/><temp name="T1966"/><temp name="T1946"/><temp name="T1886"/><temp name="T2022"/></temps></instruction><instruction code="OR T663, T1935, 0"><temps name="use"><temp name="T1935"/></temps><temps name="def"><temp name="T663"/></temps><temps name="in"><temp name="T26"/><temp name="T1954"/><temp name="T659"/><temp name="T1905"/><temp name="T1971"/><temp name="T1932"/><temp name="T2037"/><temp name="T2026"/><temp name="T2043"/><temp name="T1940"/><temp name="T1899"/><temp name="T1882"/><temp name="T1895"/><temp name="T1925"/><temp name="T1874"/><temp name="T1913"/><temp name="T2032"/><temp name="T1977"/><temp name="T1919"/><temp name="T2048"/><temp name="T1936"/><temp name="T1891"/><temp name="T1935"/><temp name="T1960"/><temp name="T1966"/><temp name="T1946"/><temp name="T1886"/><temp name="T2022"/></temps><temps name="out"><temp name="T26"/><temp name="T1954"/><temp name="T659"/><temp name="T1905"/><temp name="T1971"/><temp name="T1932"/><temp name="T2037"/><temp name="T2026"/><temp name="T2043"/><temp name="T1940"/><temp name="T1899"/><temp name="T1882"/><temp name="T1895"/><temp name="T1925"/><temp name="T1874"/><temp name="T1913"/><temp name="T2032"/><temp name="T1977"/><temp name="T1919"/><temp name="T2048"/><temp name="T1936"/><temp name="T1891"/><temp name="T1960"/><temp name="T1966"/><temp name="T1946"/><temp name="T1886"/><temp name="T2022"/></temps></instruction><instruction code="LDO T1937, T1936, 0"><temps name="use"><temp name="T1936"/></temps><temps name="def"><temp name="T1937"/></temps><temps name="in"><temp name="T26"/><temp name="T1954"/><temp name="T659"/><temp name="T1905"/><temp name="T1971"/><temp name="T1932"/><temp name="T2037"/><temp name="T2026"/><temp name="T2043"/><temp name="T1940"/><temp name="T1899"/><temp name="T1882"/><temp name="T1895"/><temp name="T1925"/><temp name="T1874"/><temp name="T1913"/><temp name="T2032"/><temp name="T1977"/><temp name="T1919"/><temp name="T2048"/><temp name="T1936"/><temp name="T1891"/><temp name="T1960"/><temp name="T1966"/><temp name="T1946"/><temp name="T1886"/><temp name="T2022"/></temps><temps name="out"><temp name="T26"/><temp name="T1954"/><temp name="T659"/><temp name="T1905"/><temp name="T1971"/><temp name="T1932"/><temp name="T2037"/><temp name="T2026"/><temp name="T2043"/><temp name="T1940"/><temp name="T1899"/><temp name="T1882"/><temp name="T1895"/><temp name="T1925"/><temp name="T1874"/><temp name="T1913"/><temp name="T2032"/><temp name="T1977"/><temp name="T1919"/><temp name="T2048"/><temp name="T1937"/><temp name="T1891"/><temp name="T1936"/><temp name="T1960"/><temp name="T1966"/><temp name="T1946"/><temp name="T1886"/><temp name="T2022"/></temps></instruction><instruction code="OR T664, T1937, 0"><temps name="use"><temp name="T1937"/></temps><temps name="def"><temp name="T664"/></temps><temps name="in"><temp name="T26"/><temp name="T1954"/><temp name="T659"/><temp name="T1905"/><temp name="T1971"/><temp name="T1932"/><temp name="T2037"/><temp name="T2026"/><temp name="T2043"/><temp name="T1940"/><temp name="T1899"/><temp name="T1882"/><temp name="T1895"/><temp name="T1925"/><temp name="T1874"/><temp name="T1913"/><temp name="T2032"/><temp name="T1977"/><temp name="T1919"/><temp name="T2048"/><temp name="T1937"/><temp name="T1891"/><temp name="T1936"/><temp name="T1960"/><temp name="T1966"/><temp name="T1946"/><temp name="T1886"/><temp name="T2022"/></temps><temps name="out"><temp name="T26"/><temp name="T1954"/><temp name="T659"/><temp name="T1905"/><temp name="T1971"/><temp name="T1932"/><temp name="T2037"/><temp name="T2026"/><temp name="T2043"/><temp name="T1940"/><temp name="T1899"/><temp name="T1882"/><temp name="T664"/><temp name="T1895"/><temp name="T1925"/><temp name="T1874"/><temp name="T1913"/><temp name="T2032"/><temp name="T1977"/><temp name="T1919"/><temp name="T2048"/><temp name="T1891"/><temp name="T1936"/><temp name="T1960"/><temp name="T1966"/><temp name="T1946"/><temp name="T1886"/><temp name="T2022"/></temps></instruction><instruction code="OR T665, T26, 0"><temps name="use"><temp name="T26"/></temps><temps name="def"><temp name="T665"/></temps><temps name="in"><temp name="T26"/><temp name="T1954"/><temp name="T659"/><temp name="T1905"/><temp name="T1971"/><temp name="T1932"/><temp name="T2037"/><temp name="T2026"/><temp name="T2043"/><temp name="T1940"/><temp name="T1899"/><temp name="T1882"/><temp name="T664"/><temp name="T1895"/><temp name="T1925"/><temp name="T1874"/><temp name="T1913"/><temp name="T2032"/><temp name="T1977"/><temp name="T1919"/><temp name="T2048"/><temp name="T1891"/><temp name="T1936"/><temp name="T1960"/><temp name="T1966"/><temp name="T1946"/><temp name="T1886"/><temp name="T2022"/></temps><temps name="out"><temp name="T26"/><temp name="T1954"/><temp name="T659"/><temp name="T1905"/><temp name="T1971"/><temp name="T1932"/><temp name="T2037"/><temp name="T2026"/><temp name="T2043"/><temp name="T1940"/><temp name="T665"/><temp name="T1899"/><temp name="T1882"/><temp name="T664"/><temp name="T1895"/><temp name="T1925"/><temp name="T1874"/><temp name="T1913"/><temp name="T2032"/><temp name="T1977"/><temp name="T1919"/><temp name="T2048"/><temp name="T1891"/><temp name="T1936"/><temp name="T1960"/><temp name="T1966"/><temp name="T1946"/><temp name="T1886"/><temp name="T2022"/></temps></instruction><instruction code="SETL  T1938, 16"><temps name="use"/><temps name="def"><temp name="T1938"/></temps><temps name="in"><temp name="T26"/><temp name="T1954"/><temp name="T659"/><temp name="T1905"/><temp name="T1971"/><temp name="T1932"/><temp name="T2037"/><temp name="T2026"/><temp name="T2043"/><temp name="T1940"/><temp name="T665"/><temp name="T1899"/><temp name="T1882"/><temp name="T664"/><temp name="T1895"/><temp name="T1925"/><temp name="T1874"/><temp name="T1913"/><temp name="T2032"/><temp name="T1977"/><temp name="T1919"/><temp name="T2048"/><temp name="T1891"/><temp name="T1936"/><temp name="T1960"/><temp name="T1966"/><temp name="T1946"/><temp name="T1886"/><temp name="T2022"/></temps><temps name="out"><temp name="T26"/><temp name="T1954"/><temp name="T659"/><temp name="T1905"/><temp name="T1971"/><temp name="T1932"/><temp name="T2037"/><temp name="T2026"/><temp name="T2043"/><temp name="T1940"/><temp name="T665"/><temp name="T1899"/><temp name="T1882"/><temp name="T664"/><temp name="T1895"/><temp name="T1925"/><temp name="T1874"/><temp name="T1913"/><temp name="T2032"/><temp name="T1977"/><temp name="T1919"/><temp name="T2048"/><temp name="T1891"/><temp name="T1936"/><temp name="T1960"/><temp name="T1966"/><temp name="T1946"/><temp name="T1886"/><temp name="T2022"/></temps></instruction><instruction code="INCML T1938, 0"><temps name="use"/><temps name="def"><temp name="T1938"/></temps><temps name="in"><temp name="T26"/><temp name="T1954"/><temp name="T659"/><temp name="T1905"/><temp name="T1971"/><temp name="T1932"/><temp name="T2037"/><temp name="T2026"/><temp name="T2043"/><temp name="T1940"/><temp name="T665"/><temp name="T1899"/><temp name="T1882"/><temp name="T664"/><temp name="T1895"/><temp name="T1925"/><temp name="T1874"/><temp name="T1913"/><temp name="T2032"/><temp name="T1977"/><temp name="T1919"/><temp name="T2048"/><temp name="T1891"/><temp name="T1936"/><temp name="T1960"/><temp name="T1966"/><temp name="T1946"/><temp name="T1886"/><temp name="T2022"/></temps><temps name="out"><temp name="T26"/><temp name="T1954"/><temp name="T659"/><temp name="T1905"/><temp name="T1971"/><temp name="T1932"/><temp name="T2037"/><temp name="T2026"/><temp name="T2043"/><temp name="T1940"/><temp name="T665"/><temp name="T1899"/><temp name="T1882"/><temp name="T664"/><temp name="T1895"/><temp name="T1925"/><temp name="T1874"/><temp name="T1913"/><temp name="T2032"/><temp name="T1977"/><temp name="T1919"/><temp name="T2048"/><temp name="T1891"/><temp name="T1936"/><temp name="T1960"/><temp name="T1966"/><temp name="T1946"/><temp name="T1886"/><temp name="T2022"/></temps></instruction><instruction code="INCMH T1938, 0"><temps name="use"/><temps name="def"><temp name="T1938"/></temps><temps name="in"><temp name="T26"/><temp name="T1954"/><temp name="T659"/><temp name="T1905"/><temp name="T1971"/><temp name="T1932"/><temp name="T2037"/><temp name="T2026"/><temp name="T2043"/><temp name="T1940"/><temp name="T665"/><temp name="T1899"/><temp name="T1882"/><temp name="T664"/><temp name="T1895"/><temp name="T1925"/><temp name="T1874"/><temp name="T1913"/><temp name="T2032"/><temp name="T1977"/><temp name="T1919"/><temp name="T2048"/><temp name="T1891"/><temp name="T1936"/><temp name="T1960"/><temp name="T1966"/><temp name="T1946"/><temp name="T1886"/><temp name="T2022"/></temps><temps name="out"><temp name="T26"/><temp name="T1954"/><temp name="T659"/><temp name="T1905"/><temp name="T1971"/><temp name="T1932"/><temp name="T2037"/><temp name="T2026"/><temp name="T2043"/><temp name="T1940"/><temp name="T665"/><temp name="T1899"/><temp name="T1882"/><temp name="T664"/><temp name="T1895"/><temp name="T1925"/><temp name="T1874"/><temp name="T1913"/><temp name="T2032"/><temp name="T1977"/><temp name="T1919"/><temp name="T2048"/><temp name="T1891"/><temp name="T1936"/><temp name="T1960"/><temp name="T1966"/><temp name="T1946"/><temp name="T1886"/><temp name="T2022"/></temps></instruction><instruction code="INCH  T1938, 0"><temps name="use"/><temps name="def"><temp name="T1938"/></temps><temps name="in"><temp name="T26"/><temp name="T1954"/><temp name="T659"/><temp name="T1905"/><temp name="T1971"/><temp name="T1932"/><temp name="T2037"/><temp name="T2026"/><temp name="T2043"/><temp name="T1940"/><temp name="T665"/><temp name="T1899"/><temp name="T1882"/><temp name="T664"/><temp name="T1895"/><temp name="T1925"/><temp name="T1874"/><temp name="T1913"/><temp name="T2032"/><temp name="T1977"/><temp name="T1919"/><temp name="T2048"/><temp name="T1891"/><temp name="T1936"/><temp name="T1960"/><temp name="T1966"/><temp name="T1946"/><temp name="T1886"/><temp name="T2022"/></temps><temps name="out"><temp name="T26"/><temp name="T1954"/><temp name="T659"/><temp name="T1905"/><temp name="T1971"/><temp name="T1932"/><temp name="T2037"/><temp name="T2026"/><temp name="T2043"/><temp name="T1940"/><temp name="T665"/><temp name="T1899"/><temp name="T1882"/><temp name="T664"/><temp name="T1895"/><temp name="T1925"/><temp name="T1874"/><temp name="T1913"/><temp name="T2032"/><temp name="T1938"/><temp name="T1977"/><temp name="T1919"/><temp name="T2048"/><temp name="T1891"/><temp name="T1936"/><temp name="T1960"/><temp name="T1966"/><temp name="T1946"/><temp name="T1886"/><temp name="T2022"/></temps></instruction><instruction code="OR T666, T1938, 0"><temps name="use"><temp name="T1938"/></temps><temps name="def"><temp name="T666"/></temps><temps name="in"><temp name="T26"/><temp name="T1954"/><temp name="T659"/><temp name="T1905"/><temp name="T1971"/><temp name="T1932"/><temp name="T2037"/><temp name="T2026"/><temp name="T2043"/><temp name="T1940"/><temp name="T665"/><temp name="T1899"/><temp name="T1882"/><temp name="T664"/><temp name="T1895"/><temp name="T1925"/><temp name="T1874"/><temp name="T1913"/><temp name="T2032"/><temp name="T1938"/><temp name="T1977"/><temp name="T1919"/><temp name="T2048"/><temp name="T1891"/><temp name="T1936"/><temp name="T1960"/><temp name="T1966"/><temp name="T1946"/><temp name="T1886"/><temp name="T2022"/></temps><temps name="out"><temp name="T26"/><temp name="T1954"/><temp name="T659"/><temp name="T1905"/><temp name="T1971"/><temp name="T1932"/><temp name="T2037"/><temp name="T2026"/><temp name="T2043"/><temp name="T1940"/><temp name="T665"/><temp name="T1899"/><temp name="T1882"/><temp name="T664"/><temp name="T1895"/><temp name="T1925"/><temp name="T1874"/><temp name="T1913"/><temp name="T2032"/><temp name="T1977"/><temp name="T1919"/><temp name="T666"/><temp name="T2048"/><temp name="T1891"/><temp name="T1936"/><temp name="T1960"/><temp name="T1966"/><temp name="T1946"/><temp name="T1886"/><temp name="T2022"/></temps></instruction><instruction code="ADD T1939, T665, T666"><temps name="use"><temp name="T665"/><temp name="T666"/></temps><temps name="def"><temp name="T1939"/></temps><temps name="in"><temp name="T26"/><temp name="T1954"/><temp name="T659"/><temp name="T1905"/><temp name="T1971"/><temp name="T1932"/><temp name="T2037"/><temp name="T2026"/><temp name="T2043"/><temp name="T1940"/><temp name="T665"/><temp name="T1899"/><temp name="T1882"/><temp name="T664"/><temp name="T1895"/><temp name="T1925"/><temp name="T1874"/><temp name="T1913"/><temp name="T2032"/><temp name="T1977"/><temp name="T1919"/><temp name="T666"/><temp name="T2048"/><temp name="T1891"/><temp name="T1936"/><temp name="T1960"/><temp name="T1966"/><temp name="T1946"/><temp name="T1886"/><temp name="T2022"/></temps><temps name="out"><temp name="T26"/><temp name="T1954"/><temp name="T659"/><temp name="T1905"/><temp name="T1971"/><temp name="T1932"/><temp name="T2037"/><temp name="T2026"/><temp name="T1939"/><temp name="T2043"/><temp name="T1940"/><temp name="T1899"/><temp name="T1882"/><temp name="T664"/><temp name="T1895"/><temp name="T1925"/><temp name="T1874"/><temp name="T1913"/><temp name="T2032"/><temp name="T1977"/><temp name="T1919"/><temp name="T2048"/><temp name="T1891"/><temp name="T1936"/><temp name="T1960"/><temp name="T1966"/><temp name="T1946"/><temp name="T1886"/><temp name="T2022"/></temps></instruction><instruction code="OR T667, T1939, 0"><temps name="use"><temp name="T1939"/></temps><temps name="def"><temp name="T667"/></temps><temps name="in"><temp name="T26"/><temp name="T1954"/><temp name="T659"/><temp name="T1905"/><temp name="T1971"/><temp name="T1932"/><temp name="T2037"/><temp name="T2026"/><temp name="T1939"/><temp name="T2043"/><temp name="T1940"/><temp name="T1899"/><temp name="T1882"/><temp name="T664"/><temp name="T1895"/><temp name="T1925"/><temp name="T1874"/><temp name="T1913"/><temp name="T2032"/><temp name="T1977"/><temp name="T1919"/><temp name="T2048"/><temp name="T1891"/><temp name="T1936"/><temp name="T1960"/><temp name="T1966"/><temp name="T1946"/><temp name="T1886"/><temp name="T2022"/></temps><temps name="out"><temp name="T26"/><temp name="T1954"/><temp name="T659"/><temp name="T1905"/><temp name="T1971"/><temp name="T1932"/><temp name="T2037"/><temp name="T2026"/><temp name="T2043"/><temp name="T1940"/><temp name="T1899"/><temp name="T1882"/><temp name="T664"/><temp name="T1895"/><temp name="T1925"/><temp name="T1874"/><temp name="T1913"/><temp name="T2032"/><temp name="T1977"/><temp name="T1919"/><temp name="T2048"/><temp name="T1891"/><temp name="T1936"/><temp name="T1960"/><temp name="T1966"/><temp name="T1946"/><temp name="T1886"/><temp name="T2022"/></temps></instruction><instruction code="LDO T1941, T1940, 0"><temps name="use"><temp name="T1940"/></temps><temps name="def"><temp name="T1941"/></temps><temps name="in"><temp name="T26"/><temp name="T1954"/><temp name="T659"/><temp name="T1905"/><temp name="T1971"/><temp name="T1932"/><temp name="T2037"/><temp name="T2026"/><temp name="T2043"/><temp name="T1940"/><temp name="T1899"/><temp name="T1882"/><temp name="T664"/><temp name="T1895"/><temp name="T1925"/><temp name="T1874"/><temp name="T1913"/><temp name="T2032"/><temp name="T1977"/><temp name="T1919"/><temp name="T2048"/><temp name="T1891"/><temp name="T1936"/><temp name="T1960"/><temp name="T1966"/><temp name="T1946"/><temp name="T1886"/><temp name="T2022"/></temps><temps name="out"><temp name="T26"/><temp name="T1954"/><temp name="T659"/><temp name="T1905"/><temp name="T1971"/><temp name="T1932"/><temp name="T2037"/><temp name="T2026"/><temp name="T1941"/><temp name="T2043"/><temp name="T1940"/><temp name="T1899"/><temp name="T1882"/><temp name="T664"/><temp name="T1895"/><temp name="T1925"/><temp name="T1874"/><temp name="T1913"/><temp name="T2032"/><temp name="T1977"/><temp name="T1919"/><temp name="T2048"/><temp name="T1891"/><temp name="T1936"/><temp name="T1960"/><temp name="T1966"/><temp name="T1946"/><temp name="T1886"/><temp name="T2022"/></temps></instruction><instruction code="OR T668, T1941, 0"><temps name="use"><temp name="T1941"/></temps><temps name="def"><temp name="T668"/></temps><temps name="in"><temp name="T26"/><temp name="T1954"/><temp name="T659"/><temp name="T1905"/><temp name="T1971"/><temp name="T1932"/><temp name="T2037"/><temp name="T2026"/><temp name="T1941"/><temp name="T2043"/><temp name="T1940"/><temp name="T1899"/><temp name="T1882"/><temp name="T664"/><temp name="T1895"/><temp name="T1925"/><temp name="T1874"/><temp name="T1913"/><temp name="T2032"/><temp name="T1977"/><temp name="T1919"/><temp name="T2048"/><temp name="T1891"/><temp name="T1936"/><temp name="T1960"/><temp name="T1966"/><temp name="T1946"/><temp name="T1886"/><temp name="T2022"/></temps><temps name="out"><temp name="T26"/><temp name="T1954"/><temp name="T659"/><temp name="T1905"/><temp name="T1971"/><temp name="T1932"/><temp name="T2037"/><temp name="T2026"/><temp name="T2043"/><temp name="T1940"/><temp name="T1899"/><temp name="T668"/><temp name="T1882"/><temp name="T664"/><temp name="T1895"/><temp name="T1925"/><temp name="T1874"/><temp name="T1913"/><temp name="T2032"/><temp name="T1977"/><temp name="T1919"/><temp name="T2048"/><temp name="T1891"/><temp name="T1936"/><temp name="T1960"/><temp name="T1966"/><temp name="T1946"/><temp name="T1886"/><temp name="T2022"/></temps></instruction><instruction code="SETL  T1942, 3"><temps name="use"/><temps name="def"><temp name="T1942"/></temps><temps name="in"><temp name="T26"/><temp name="T1954"/><temp name="T659"/><temp name="T1905"/><temp name="T1971"/><temp name="T1932"/><temp name="T2037"/><temp name="T2026"/><temp name="T2043"/><temp name="T1940"/><temp name="T1899"/><temp name="T668"/><temp name="T1882"/><temp name="T664"/><temp name="T1895"/><temp name="T1925"/><temp name="T1874"/><temp name="T1913"/><temp name="T2032"/><temp name="T1977"/><temp name="T1919"/><temp name="T2048"/><temp name="T1891"/><temp name="T1936"/><temp name="T1960"/><temp name="T1966"/><temp name="T1946"/><temp name="T1886"/><temp name="T2022"/></temps><temps name="out"><temp name="T26"/><temp name="T1954"/><temp name="T659"/><temp name="T1905"/><temp name="T1971"/><temp name="T1932"/><temp name="T2037"/><temp name="T2026"/><temp name="T2043"/><temp name="T1940"/><temp name="T1899"/><temp name="T668"/><temp name="T1882"/><temp name="T664"/><temp name="T1895"/><temp name="T1925"/><temp name="T1874"/><temp name="T1913"/><temp name="T2032"/><temp name="T1977"/><temp name="T1919"/><temp name="T2048"/><temp name="T1891"/><temp name="T1936"/><temp name="T1960"/><temp name="T1966"/><temp name="T1946"/><temp name="T1886"/><temp name="T2022"/></temps></instruction><instruction code="INCML T1942, 0"><temps name="use"/><temps name="def"><temp name="T1942"/></temps><temps name="in"><temp name="T26"/><temp name="T1954"/><temp name="T659"/><temp name="T1905"/><temp name="T1971"/><temp name="T1932"/><temp name="T2037"/><temp name="T2026"/><temp name="T2043"/><temp name="T1940"/><temp name="T1899"/><temp name="T668"/><temp name="T1882"/><temp name="T664"/><temp name="T1895"/><temp name="T1925"/><temp name="T1874"/><temp name="T1913"/><temp name="T2032"/><temp name="T1977"/><temp name="T1919"/><temp name="T2048"/><temp name="T1891"/><temp name="T1936"/><temp name="T1960"/><temp name="T1966"/><temp name="T1946"/><temp name="T1886"/><temp name="T2022"/></temps><temps name="out"><temp name="T26"/><temp name="T1954"/><temp name="T659"/><temp name="T1905"/><temp name="T1971"/><temp name="T1932"/><temp name="T2037"/><temp name="T2026"/><temp name="T2043"/><temp name="T1940"/><temp name="T1899"/><temp name="T668"/><temp name="T1882"/><temp name="T664"/><temp name="T1895"/><temp name="T1925"/><temp name="T1874"/><temp name="T1913"/><temp name="T2032"/><temp name="T1977"/><temp name="T1919"/><temp name="T2048"/><temp name="T1891"/><temp name="T1936"/><temp name="T1960"/><temp name="T1966"/><temp name="T1946"/><temp name="T1886"/><temp name="T2022"/></temps></instruction><instruction code="INCMH T1942, 0"><temps name="use"/><temps name="def"><temp name="T1942"/></temps><temps name="in"><temp name="T26"/><temp name="T1954"/><temp name="T659"/><temp name="T1905"/><temp name="T1971"/><temp name="T1932"/><temp name="T2037"/><temp name="T2026"/><temp name="T2043"/><temp name="T1940"/><temp name="T1899"/><temp name="T668"/><temp name="T1882"/><temp name="T664"/><temp name="T1895"/><temp name="T1925"/><temp name="T1874"/><temp name="T1913"/><temp name="T2032"/><temp name="T1977"/><temp name="T1919"/><temp name="T2048"/><temp name="T1891"/><temp name="T1936"/><temp name="T1960"/><temp name="T1966"/><temp name="T1946"/><temp name="T1886"/><temp name="T2022"/></temps><temps name="out"><temp name="T26"/><temp name="T1954"/><temp name="T659"/><temp name="T1905"/><temp name="T1971"/><temp name="T1932"/><temp name="T2037"/><temp name="T2026"/><temp name="T2043"/><temp name="T1940"/><temp name="T1899"/><temp name="T668"/><temp name="T1882"/><temp name="T664"/><temp name="T1895"/><temp name="T1925"/><temp name="T1874"/><temp name="T1913"/><temp name="T2032"/><temp name="T1977"/><temp name="T1919"/><temp name="T2048"/><temp name="T1891"/><temp name="T1936"/><temp name="T1960"/><temp name="T1966"/><temp name="T1946"/><temp name="T1886"/><temp name="T2022"/></temps></instruction><instruction code="INCH  T1942, 0"><temps name="use"/><temps name="def"><temp name="T1942"/></temps><temps name="in"><temp name="T26"/><temp name="T1954"/><temp name="T659"/><temp name="T1905"/><temp name="T1971"/><temp name="T1932"/><temp name="T2037"/><temp name="T2026"/><temp name="T2043"/><temp name="T1940"/><temp name="T1899"/><temp name="T668"/><temp name="T1882"/><temp name="T664"/><temp name="T1895"/><temp name="T1925"/><temp name="T1874"/><temp name="T1913"/><temp name="T2032"/><temp name="T1977"/><temp name="T1919"/><temp name="T2048"/><temp name="T1891"/><temp name="T1936"/><temp name="T1960"/><temp name="T1966"/><temp name="T1946"/><temp name="T1886"/><temp name="T2022"/></temps><temps name="out"><temp name="T26"/><temp name="T1954"/><temp name="T659"/><temp name="T1905"/><temp name="T1971"/><temp name="T1932"/><temp name="T2037"/><temp name="T2026"/><temp name="T2043"/><temp name="T1940"/><temp name="T1899"/><temp name="T668"/><temp name="T1882"/><temp name="T664"/><temp name="T1895"/><temp name="T1925"/><temp name="T1874"/><temp name="T1913"/><temp name="T2032"/><temp name="T1942"/><temp name="T1977"/><temp name="T1919"/><temp name="T2048"/><temp name="T1891"/><temp name="T1936"/><temp name="T1960"/><temp name="T1966"/><temp name="T1946"/><temp name="T1886"/><temp name="T2022"/></temps></instruction><instruction code="OR T669, T1942, 0"><temps name="use"><temp name="T1942"/></temps><temps name="def"><temp name="T669"/></temps><temps name="in"><temp name="T26"/><temp name="T1954"/><temp name="T659"/><temp name="T1905"/><temp name="T1971"/><temp name="T1932"/><temp name="T2037"/><temp name="T2026"/><temp name="T2043"/><temp name="T1940"/><temp name="T1899"/><temp name="T668"/><temp name="T1882"/><temp name="T664"/><temp name="T1895"/><temp name="T1925"/><temp name="T1874"/><temp name="T1913"/><temp name="T2032"/><temp name="T1942"/><temp name="T1977"/><temp name="T1919"/><temp name="T2048"/><temp name="T1891"/><temp name="T1936"/><temp name="T1960"/><temp name="T1966"/><temp name="T1946"/><temp name="T1886"/><temp name="T2022"/></temps><temps name="out"><temp name="T26"/><temp name="T1954"/><temp name="T659"/><temp name="T1905"/><temp name="T1971"/><temp name="T1932"/><temp name="T2037"/><temp name="T2026"/><temp name="T2043"/><temp name="T1940"/><temp name="T1899"/><temp name="T668"/><temp name="T1882"/><temp name="T664"/><temp name="T1895"/><temp name="T1925"/><temp name="T1874"/><temp name="T1913"/><temp name="T2032"/><temp name="T669"/><temp name="T1977"/><temp name="T1919"/><temp name="T2048"/><temp name="T1891"/><temp name="T1936"/><temp name="T1960"/><temp name="T1966"/><temp name="T1946"/><temp name="T1886"/><temp name="T2022"/></temps></instruction><instruction code="MUL T1943, T668, T669"><temps name="use"><temp name="T668"/><temp name="T669"/></temps><temps name="def"><temp name="T1943"/></temps><temps name="in"><temp name="T26"/><temp name="T1954"/><temp name="T659"/><temp name="T1905"/><temp name="T1971"/><temp name="T1932"/><temp name="T2037"/><temp name="T2026"/><temp name="T2043"/><temp name="T1940"/><temp name="T1899"/><temp name="T668"/><temp name="T1882"/><temp name="T664"/><temp name="T1895"/><temp name="T1925"/><temp name="T1874"/><temp name="T1913"/><temp name="T2032"/><temp name="T669"/><temp name="T1977"/><temp name="T1919"/><temp name="T2048"/><temp name="T1891"/><temp name="T1936"/><temp name="T1960"/><temp name="T1966"/><temp name="T1946"/><temp name="T1886"/><temp name="T2022"/></temps><temps name="out"><temp name="T26"/><temp name="T1954"/><temp name="T659"/><temp name="T1905"/><temp name="T1971"/><temp name="T1943"/><temp name="T1932"/><temp name="T2037"/><temp name="T2026"/><temp name="T2043"/><temp name="T1940"/><temp name="T1899"/><temp name="T1882"/><temp name="T664"/><temp name="T1895"/><temp name="T1925"/><temp name="T1874"/><temp name="T1913"/><temp name="T2032"/><temp name="T1977"/><temp name="T1919"/><temp name="T2048"/><temp name="T1891"/><temp name="T1936"/><temp name="T1960"/><temp name="T1966"/><temp name="T1946"/><temp name="T1886"/><temp name="T2022"/></temps></instruction><instruction code="OR T670, T1943, 0"><temps name="use"><temp name="T1943"/></temps><temps name="def"><temp name="T670"/></temps><temps name="in"><temp name="T26"/><temp name="T1954"/><temp name="T659"/><temp name="T1905"/><temp name="T1971"/><temp name="T1943"/><temp name="T1932"/><temp name="T2037"/><temp name="T2026"/><temp name="T2043"/><temp name="T1940"/><temp name="T1899"/><temp name="T1882"/><temp name="T664"/><temp name="T1895"/><temp name="T1925"/><temp name="T1874"/><temp name="T1913"/><temp name="T2032"/><temp name="T1977"/><temp name="T1919"/><temp name="T2048"/><temp name="T1891"/><temp name="T1936"/><temp name="T1960"/><temp name="T1966"/><temp name="T1946"/><temp name="T1886"/><temp name="T2022"/></temps><temps name="out"><temp name="T26"/><temp name="T1954"/><temp name="T659"/><temp name="T1905"/><temp name="T1971"/><temp name="T1932"/><temp name="T2037"/><temp name="T2026"/><temp name="T2043"/><temp name="T1940"/><temp name="T1899"/><temp name="T1882"/><temp name="T664"/><temp name="T1895"/><temp name="T1925"/><temp name="T1874"/><temp name="T1913"/><temp name="T2032"/><temp name="T1977"/><temp name="T1919"/><temp name="T2048"/><temp name="T670"/><temp name="T1891"/><temp name="T1936"/><temp name="T1960"/><temp name="T1966"/><temp name="T1946"/><temp name="T1886"/><temp name="T2022"/></temps></instruction><instruction code="OR T671, T26, 0"><temps name="use"><temp name="T26"/></temps><temps name="def"><temp name="T671"/></temps><temps name="in"><temp name="T26"/><temp name="T1954"/><temp name="T659"/><temp name="T1905"/><temp name="T1971"/><temp name="T1932"/><temp name="T2037"/><temp name="T2026"/><temp name="T2043"/><temp name="T1940"/><temp name="T1899"/><temp name="T1882"/><temp name="T664"/><temp name="T1895"/><temp name="T1925"/><temp name="T1874"/><temp name="T1913"/><temp name="T2032"/><temp name="T1977"/><temp name="T1919"/><temp name="T2048"/><temp name="T670"/><temp name="T1891"/><temp name="T1936"/><temp name="T1960"/><temp name="T1966"/><temp name="T1946"/><temp name="T1886"/><temp name="T2022"/></temps><temps name="out"><temp name="T26"/><temp name="T1954"/><temp name="T659"/><temp name="T1905"/><temp name="T1971"/><temp name="T1932"/><temp name="T2037"/><temp name="T2026"/><temp name="T2043"/><temp name="T1940"/><temp name="T1899"/><temp name="T1882"/><temp name="T664"/><temp name="T1895"/><temp name="T1925"/><temp name="T1874"/><temp name="T1913"/><temp name="T671"/><temp name="T2032"/><temp name="T1977"/><temp name="T1919"/><temp name="T2048"/><temp name="T670"/><temp name="T1891"/><temp name="T1936"/><temp name="T1960"/><temp name="T1966"/><temp name="T1946"/><temp name="T1886"/><temp name="T2022"/></temps></instruction><instruction code="SETL  T1944, 96"><temps name="use"/><temps name="def"><temp name="T1944"/></temps><temps name="in"><temp name="T26"/><temp name="T1954"/><temp name="T659"/><temp name="T1905"/><temp name="T1971"/><temp name="T1932"/><temp name="T2037"/><temp name="T2026"/><temp name="T2043"/><temp name="T1940"/><temp name="T1899"/><temp name="T1882"/><temp name="T664"/><temp name="T1895"/><temp name="T1925"/><temp name="T1874"/><temp name="T1913"/><temp name="T671"/><temp name="T2032"/><temp name="T1977"/><temp name="T1919"/><temp name="T2048"/><temp name="T670"/><temp name="T1891"/><temp name="T1936"/><temp name="T1960"/><temp name="T1966"/><temp name="T1946"/><temp name="T1886"/><temp name="T2022"/></temps><temps name="out"><temp name="T26"/><temp name="T1954"/><temp name="T659"/><temp name="T1905"/><temp name="T1971"/><temp name="T1932"/><temp name="T2037"/><temp name="T2026"/><temp name="T2043"/><temp name="T1940"/><temp name="T1899"/><temp name="T1882"/><temp name="T664"/><temp name="T1895"/><temp name="T1925"/><temp name="T1874"/><temp name="T1913"/><temp name="T671"/><temp name="T2032"/><temp name="T1977"/><temp name="T1919"/><temp name="T2048"/><temp name="T670"/><temp name="T1891"/><temp name="T1936"/><temp name="T1960"/><temp name="T1966"/><temp name="T1946"/><temp name="T1886"/><temp name="T2022"/></temps></instruction><instruction code="INCML T1944, 0"><temps name="use"/><temps name="def"><temp name="T1944"/></temps><temps name="in"><temp name="T26"/><temp name="T1954"/><temp name="T659"/><temp name="T1905"/><temp name="T1971"/><temp name="T1932"/><temp name="T2037"/><temp name="T2026"/><temp name="T2043"/><temp name="T1940"/><temp name="T1899"/><temp name="T1882"/><temp name="T664"/><temp name="T1895"/><temp name="T1925"/><temp name="T1874"/><temp name="T1913"/><temp name="T671"/><temp name="T2032"/><temp name="T1977"/><temp name="T1919"/><temp name="T2048"/><temp name="T670"/><temp name="T1891"/><temp name="T1936"/><temp name="T1960"/><temp name="T1966"/><temp name="T1946"/><temp name="T1886"/><temp name="T2022"/></temps><temps name="out"><temp name="T26"/><temp name="T1954"/><temp name="T659"/><temp name="T1905"/><temp name="T1971"/><temp name="T1932"/><temp name="T2037"/><temp name="T2026"/><temp name="T2043"/><temp name="T1940"/><temp name="T1899"/><temp name="T1882"/><temp name="T664"/><temp name="T1895"/><temp name="T1925"/><temp name="T1874"/><temp name="T1913"/><temp name="T671"/><temp name="T2032"/><temp name="T1977"/><temp name="T1919"/><temp name="T2048"/><temp name="T670"/><temp name="T1891"/><temp name="T1936"/><temp name="T1960"/><temp name="T1966"/><temp name="T1946"/><temp name="T1886"/><temp name="T2022"/></temps></instruction><instruction code="INCMH T1944, 0"><temps name="use"/><temps name="def"><temp name="T1944"/></temps><temps name="in"><temp name="T26"/><temp name="T1954"/><temp name="T659"/><temp name="T1905"/><temp name="T1971"/><temp name="T1932"/><temp name="T2037"/><temp name="T2026"/><temp name="T2043"/><temp name="T1940"/><temp name="T1899"/><temp name="T1882"/><temp name="T664"/><temp name="T1895"/><temp name="T1925"/><temp name="T1874"/><temp name="T1913"/><temp name="T671"/><temp name="T2032"/><temp name="T1977"/><temp name="T1919"/><temp name="T2048"/><temp name="T670"/><temp name="T1891"/><temp name="T1936"/><temp name="T1960"/><temp name="T1966"/><temp name="T1946"/><temp name="T1886"/><temp name="T2022"/></temps><temps name="out"><temp name="T26"/><temp name="T1954"/><temp name="T659"/><temp name="T1905"/><temp name="T1971"/><temp name="T1932"/><temp name="T2037"/><temp name="T2026"/><temp name="T2043"/><temp name="T1940"/><temp name="T1899"/><temp name="T1882"/><temp name="T664"/><temp name="T1895"/><temp name="T1925"/><temp name="T1874"/><temp name="T1913"/><temp name="T671"/><temp name="T2032"/><temp name="T1977"/><temp name="T1919"/><temp name="T2048"/><temp name="T670"/><temp name="T1891"/><temp name="T1936"/><temp name="T1960"/><temp name="T1966"/><temp name="T1946"/><temp name="T1886"/><temp name="T2022"/></temps></instruction><instruction code="INCH  T1944, 0"><temps name="use"/><temps name="def"><temp name="T1944"/></temps><temps name="in"><temp name="T26"/><temp name="T1954"/><temp name="T659"/><temp name="T1905"/><temp name="T1971"/><temp name="T1932"/><temp name="T2037"/><temp name="T2026"/><temp name="T2043"/><temp name="T1940"/><temp name="T1899"/><temp name="T1882"/><temp name="T664"/><temp name="T1895"/><temp name="T1925"/><temp name="T1874"/><temp name="T1913"/><temp name="T671"/><temp name="T2032"/><temp name="T1977"/><temp name="T1919"/><temp name="T2048"/><temp name="T670"/><temp name="T1891"/><temp name="T1936"/><temp name="T1960"/><temp name="T1966"/><temp name="T1946"/><temp name="T1886"/><temp name="T2022"/></temps><temps name="out"><temp name="T26"/><temp name="T1954"/><temp name="T659"/><temp name="T1905"/><temp name="T1971"/><temp name="T1932"/><temp name="T2037"/><temp name="T2026"/><temp name="T2043"/><temp name="T1940"/><temp name="T1899"/><temp name="T1882"/><temp name="T664"/><temp name="T1895"/><temp name="T1925"/><temp name="T1874"/><temp name="T1913"/><temp name="T671"/><temp name="T1944"/><temp name="T2032"/><temp name="T1977"/><temp name="T1919"/><temp name="T2048"/><temp name="T670"/><temp name="T1891"/><temp name="T1936"/><temp name="T1960"/><temp name="T1966"/><temp name="T1946"/><temp name="T1886"/><temp name="T2022"/></temps></instruction><instruction code="NEG T1944, 0, T1944"><temps name="use"><temp name="T1944"/></temps><temps name="def"><temp name="T1944"/></temps><temps name="in"><temp name="T26"/><temp name="T1954"/><temp name="T659"/><temp name="T1905"/><temp name="T1971"/><temp name="T1932"/><temp name="T2037"/><temp name="T2026"/><temp name="T2043"/><temp name="T1940"/><temp name="T1899"/><temp name="T1882"/><temp name="T664"/><temp name="T1895"/><temp name="T1925"/><temp name="T1874"/><temp name="T1913"/><temp name="T671"/><temp name="T1944"/><temp name="T2032"/><temp name="T1977"/><temp name="T1919"/><temp name="T2048"/><temp name="T670"/><temp name="T1891"/><temp name="T1936"/><temp name="T1960"/><temp name="T1966"/><temp name="T1946"/><temp name="T1886"/><temp name="T2022"/></temps><temps name="out"><temp name="T26"/><temp name="T1954"/><temp name="T659"/><temp name="T1905"/><temp name="T1971"/><temp name="T1932"/><temp name="T2037"/><temp name="T2026"/><temp name="T2043"/><temp name="T1940"/><temp name="T1899"/><temp name="T1882"/><temp name="T664"/><temp name="T1895"/><temp name="T1925"/><temp name="T1874"/><temp name="T1913"/><temp name="T671"/><temp name="T1944"/><temp name="T2032"/><temp name="T1977"/><temp name="T1919"/><temp name="T2048"/><temp name="T670"/><temp name="T1891"/><temp name="T1936"/><temp name="T1960"/><temp name="T1966"/><temp name="T1946"/><temp name="T1886"/><temp name="T2022"/></temps></instruction><instruction code="OR T672, T1944, 0"><temps name="use"><temp name="T1944"/></temps><temps name="def"><temp name="T672"/></temps><temps name="in"><temp name="T26"/><temp name="T1954"/><temp name="T659"/><temp name="T1905"/><temp name="T1971"/><temp name="T1932"/><temp name="T2037"/><temp name="T2026"/><temp name="T2043"/><temp name="T1940"/><temp name="T1899"/><temp name="T1882"/><temp name="T664"/><temp name="T1895"/><temp name="T1925"/><temp name="T1874"/><temp name="T1913"/><temp name="T671"/><temp name="T1944"/><temp name="T2032"/><temp name="T1977"/><temp name="T1919"/><temp name="T2048"/><temp name="T670"/><temp name="T1891"/><temp name="T1936"/><temp name="T1960"/><temp name="T1966"/><temp name="T1946"/><temp name="T1886"/><temp name="T2022"/></temps><temps name="out"><temp name="T26"/><temp name="T1954"/><temp name="T659"/><temp name="T1905"/><temp name="T1971"/><temp name="T1932"/><temp name="T2037"/><temp name="T2026"/><temp name="T2043"/><temp name="T1940"/><temp name="T1899"/><temp name="T1882"/><temp name="T664"/><temp name="T1895"/><temp name="T1925"/><temp name="T1874"/><temp name="T1913"/><temp name="T671"/><temp name="T672"/><temp name="T2032"/><temp name="T1977"/><temp name="T1919"/><temp name="T2048"/><temp name="T670"/><temp name="T1891"/><temp name="T1936"/><temp name="T1960"/><temp name="T1966"/><temp name="T1946"/><temp name="T1886"/><temp name="T2022"/></temps></instruction><instruction code="ADD T1945, T671, T672"><temps name="use"><temp name="T671"/><temp name="T672"/></temps><temps name="def"><temp name="T1945"/></temps><temps name="in"><temp name="T26"/><temp name="T1954"/><temp name="T659"/><temp name="T1905"/><temp name="T1971"/><temp name="T1932"/><temp name="T2037"/><temp name="T2026"/><temp name="T2043"/><temp name="T1940"/><temp name="T1899"/><temp name="T1882"/><temp name="T664"/><temp name="T1895"/><temp name="T1925"/><temp name="T1874"/><temp name="T1913"/><temp name="T671"/><temp name="T672"/><temp name="T2032"/><temp name="T1977"/><temp name="T1919"/><temp name="T2048"/><temp name="T670"/><temp name="T1891"/><temp name="T1936"/><temp name="T1960"/><temp name="T1966"/><temp name="T1946"/><temp name="T1886"/><temp name="T2022"/></temps><temps name="out"><temp name="T26"/><temp name="T1954"/><temp name="T659"/><temp name="T1905"/><temp name="T1971"/><temp name="T1932"/><temp name="T2037"/><temp name="T1945"/><temp name="T2026"/><temp name="T2043"/><temp name="T1940"/><temp name="T1899"/><temp name="T1882"/><temp name="T664"/><temp name="T1895"/><temp name="T1925"/><temp name="T1874"/><temp name="T1913"/><temp name="T2032"/><temp name="T1977"/><temp name="T1919"/><temp name="T2048"/><temp name="T670"/><temp name="T1891"/><temp name="T1936"/><temp name="T1960"/><temp name="T1966"/><temp name="T1946"/><temp name="T1886"/><temp name="T2022"/></temps></instruction><instruction code="OR T673, T1945, 0"><temps name="use"><temp name="T1945"/></temps><temps name="def"><temp name="T673"/></temps><temps name="in"><temp name="T26"/><temp name="T1954"/><temp name="T659"/><temp name="T1905"/><temp name="T1971"/><temp name="T1932"/><temp name="T2037"/><temp name="T1945"/><temp name="T2026"/><temp name="T2043"/><temp name="T1940"/><temp name="T1899"/><temp name="T1882"/><temp name="T664"/><temp name="T1895"/><temp name="T1925"/><temp name="T1874"/><temp name="T1913"/><temp name="T2032"/><temp name="T1977"/><temp name="T1919"/><temp name="T2048"/><temp name="T670"/><temp name="T1891"/><temp name="T1936"/><temp name="T1960"/><temp name="T1966"/><temp name="T1946"/><temp name="T1886"/><temp name="T2022"/></temps><temps name="out"><temp name="T26"/><temp name="T1954"/><temp name="T659"/><temp name="T1905"/><temp name="T1971"/><temp name="T1932"/><temp name="T2037"/><temp name="T2026"/><temp name="T2043"/><temp name="T1940"/><temp name="T1899"/><temp name="T1882"/><temp name="T664"/><temp name="T1895"/><temp name="T1925"/><temp name="T1874"/><temp name="T1913"/><temp name="T2032"/><temp name="T1977"/><temp name="T1919"/><temp name="T2048"/><temp name="T670"/><temp name="T1891"/><temp name="T1936"/><temp name="T1960"/><temp name="T1966"/><temp name="T1946"/><temp name="T1886"/><temp name="T2022"/></temps></instruction><instruction code="LDO T1947, T1946, 0"><temps name="use"><temp name="T1946"/></temps><temps name="def"><temp name="T1947"/></temps><temps name="in"><temp name="T26"/><temp name="T1954"/><temp name="T659"/><temp name="T1905"/><temp name="T1971"/><temp name="T1932"/><temp name="T2037"/><temp name="T2026"/><temp name="T2043"/><temp name="T1940"/><temp name="T1899"/><temp name="T1882"/><temp name="T664"/><temp name="T1895"/><temp name="T1925"/><temp name="T1874"/><temp name="T1913"/><temp name="T2032"/><temp name="T1977"/><temp name="T1919"/><temp name="T2048"/><temp name="T670"/><temp name="T1891"/><temp name="T1936"/><temp name="T1960"/><temp name="T1966"/><temp name="T1946"/><temp name="T1886"/><temp name="T2022"/></temps><temps name="out"><temp name="T26"/><temp name="T1954"/><temp name="T659"/><temp name="T1905"/><temp name="T1971"/><temp name="T1932"/><temp name="T2037"/><temp name="T2026"/><temp name="T2043"/><temp name="T1940"/><temp name="T1899"/><temp name="T1882"/><temp name="T664"/><temp name="T1947"/><temp name="T1895"/><temp name="T1925"/><temp name="T1874"/><temp name="T1913"/><temp name="T2032"/><temp name="T1977"/><temp name="T1919"/><temp name="T2048"/><temp name="T670"/><temp name="T1891"/><temp name="T1936"/><temp name="T1960"/><temp name="T1966"/><temp name="T1886"/><temp name="T1946"/><temp name="T2022"/></temps></instruction><instruction code="OR T674, T1947, 0"><temps name="use"><temp name="T1947"/></temps><temps name="def"><temp name="T674"/></temps><temps name="in"><temp name="T26"/><temp name="T1954"/><temp name="T659"/><temp name="T1905"/><temp name="T1971"/><temp name="T1932"/><temp name="T2037"/><temp name="T2026"/><temp name="T2043"/><temp name="T1940"/><temp name="T1899"/><temp name="T1882"/><temp name="T664"/><temp name="T1947"/><temp name="T1895"/><temp name="T1925"/><temp name="T1874"/><temp name="T1913"/><temp name="T2032"/><temp name="T1977"/><temp name="T1919"/><temp name="T2048"/><temp name="T670"/><temp name="T1891"/><temp name="T1936"/><temp name="T1960"/><temp name="T1966"/><temp name="T1886"/><temp name="T1946"/><temp name="T2022"/></temps><temps name="out"><temp name="T26"/><temp name="T1954"/><temp name="T659"/><temp name="T1905"/><temp name="T1971"/><temp name="T1932"/><temp name="T2037"/><temp name="T2026"/><temp name="T2043"/><temp name="T1940"/><temp name="T1899"/><temp name="T1882"/><temp name="T664"/><temp name="T1895"/><temp name="T1925"/><temp name="T1874"/><temp name="T1913"/><temp name="T2032"/><temp name="T674"/><temp name="T1977"/><temp name="T1919"/><temp name="T2048"/><temp name="T670"/><temp name="T1891"/><temp name="T1936"/><temp name="T1960"/><temp name="T1966"/><temp name="T1886"/><temp name="T1946"/><temp name="T2022"/></temps></instruction><instruction code="ADD T1948, T670, T674"><temps name="use"><temp name="T670"/><temp name="T674"/></temps><temps name="def"><temp name="T1948"/></temps><temps name="in"><temp name="T26"/><temp name="T1954"/><temp name="T659"/><temp name="T1905"/><temp name="T1971"/><temp name="T1932"/><temp name="T2037"/><temp name="T2026"/><temp name="T2043"/><temp name="T1940"/><temp name="T1899"/><temp name="T1882"/><temp name="T664"/><temp name="T1895"/><temp name="T1925"/><temp name="T1874"/><temp name="T1913"/><temp name="T2032"/><temp name="T674"/><temp name="T1977"/><temp name="T1919"/><temp name="T2048"/><temp name="T670"/><temp name="T1891"/><temp name="T1936"/><temp name="T1960"/><temp name="T1966"/><temp name="T1886"/><temp name="T1946"/><temp name="T2022"/></temps><temps name="out"><temp name="T26"/><temp name="T1954"/><temp name="T659"/><temp name="T1905"/><temp name="T1971"/><temp name="T1932"/><temp name="T2037"/><temp name="T2026"/><temp name="T2043"/><temp name="T1940"/><temp name="T1899"/><temp name="T1882"/><temp name="T1948"/><temp name="T664"/><temp name="T1895"/><temp name="T1925"/><temp name="T1874"/><temp name="T1913"/><temp name="T2032"/><temp name="T1977"/><temp name="T1919"/><temp name="T2048"/><temp name="T1891"/><temp name="T1936"/><temp name="T1960"/><temp name="T1966"/><temp name="T1886"/><temp name="T1946"/><temp name="T2022"/></temps></instruction><instruction code="OR T675, T1948, 0"><temps name="use"><temp name="T1948"/></temps><temps name="def"><temp name="T675"/></temps><temps name="in"><temp name="T26"/><temp name="T1954"/><temp name="T659"/><temp name="T1905"/><temp name="T1971"/><temp name="T1932"/><temp name="T2037"/><temp name="T2026"/><temp name="T2043"/><temp name="T1940"/><temp name="T1899"/><temp name="T1882"/><temp name="T1948"/><temp name="T664"/><temp name="T1895"/><temp name="T1925"/><temp name="T1874"/><temp name="T1913"/><temp name="T2032"/><temp name="T1977"/><temp name="T1919"/><temp name="T2048"/><temp name="T1891"/><temp name="T1936"/><temp name="T1960"/><temp name="T1966"/><temp name="T1886"/><temp name="T1946"/><temp name="T2022"/></temps><temps name="out"><temp name="T26"/><temp name="T1954"/><temp name="T659"/><temp name="T1905"/><temp name="T1971"/><temp name="T1932"/><temp name="T2037"/><temp name="T2026"/><temp name="T2043"/><temp name="T1940"/><temp name="T1899"/><temp name="T1882"/><temp name="T664"/><temp name="T1895"/><temp name="T1925"/><temp name="T1874"/><temp name="T1913"/><temp name="T2032"/><temp name="T1977"/><temp name="T675"/><temp name="T1919"/><temp name="T2048"/><temp name="T1891"/><temp name="T1936"/><temp name="T1960"/><temp name="T1966"/><temp name="T1886"/><temp name="T1946"/><temp name="T2022"/></temps></instruction><instruction code="SETL  T1949, 72"><temps name="use"/><temps name="def"><temp name="T1949"/></temps><temps name="in"><temp name="T26"/><temp name="T1954"/><temp name="T659"/><temp name="T1905"/><temp name="T1971"/><temp name="T1932"/><temp name="T2037"/><temp name="T2026"/><temp name="T2043"/><temp name="T1940"/><temp name="T1899"/><temp name="T1882"/><temp name="T664"/><temp name="T1895"/><temp name="T1925"/><temp name="T1874"/><temp name="T1913"/><temp name="T2032"/><temp name="T1977"/><temp name="T675"/><temp name="T1919"/><temp name="T2048"/><temp name="T1891"/><temp name="T1936"/><temp name="T1960"/><temp name="T1966"/><temp name="T1886"/><temp name="T1946"/><temp name="T2022"/></temps><temps name="out"><temp name="T26"/><temp name="T1954"/><temp name="T659"/><temp name="T1905"/><temp name="T1971"/><temp name="T1932"/><temp name="T2037"/><temp name="T2026"/><temp name="T2043"/><temp name="T1940"/><temp name="T1899"/><temp name="T1882"/><temp name="T664"/><temp name="T1895"/><temp name="T1925"/><temp name="T1874"/><temp name="T1913"/><temp name="T2032"/><temp name="T1977"/><temp name="T675"/><temp name="T1919"/><temp name="T2048"/><temp name="T1891"/><temp name="T1936"/><temp name="T1960"/><temp name="T1966"/><temp name="T1886"/><temp name="T1946"/><temp name="T2022"/></temps></instruction><instruction code="INCML T1949, 0"><temps name="use"/><temps name="def"><temp name="T1949"/></temps><temps name="in"><temp name="T26"/><temp name="T1954"/><temp name="T659"/><temp name="T1905"/><temp name="T1971"/><temp name="T1932"/><temp name="T2037"/><temp name="T2026"/><temp name="T2043"/><temp name="T1940"/><temp name="T1899"/><temp name="T1882"/><temp name="T664"/><temp name="T1895"/><temp name="T1925"/><temp name="T1874"/><temp name="T1913"/><temp name="T2032"/><temp name="T1977"/><temp name="T675"/><temp name="T1919"/><temp name="T2048"/><temp name="T1891"/><temp name="T1936"/><temp name="T1960"/><temp name="T1966"/><temp name="T1886"/><temp name="T1946"/><temp name="T2022"/></temps><temps name="out"><temp name="T26"/><temp name="T1954"/><temp name="T659"/><temp name="T1905"/><temp name="T1971"/><temp name="T1932"/><temp name="T2037"/><temp name="T2026"/><temp name="T2043"/><temp name="T1940"/><temp name="T1899"/><temp name="T1882"/><temp name="T664"/><temp name="T1895"/><temp name="T1925"/><temp name="T1874"/><temp name="T1913"/><temp name="T2032"/><temp name="T1977"/><temp name="T675"/><temp name="T1919"/><temp name="T2048"/><temp name="T1891"/><temp name="T1936"/><temp name="T1960"/><temp name="T1966"/><temp name="T1886"/><temp name="T1946"/><temp name="T2022"/></temps></instruction><instruction code="INCMH T1949, 0"><temps name="use"/><temps name="def"><temp name="T1949"/></temps><temps name="in"><temp name="T26"/><temp name="T1954"/><temp name="T659"/><temp name="T1905"/><temp name="T1971"/><temp name="T1932"/><temp name="T2037"/><temp name="T2026"/><temp name="T2043"/><temp name="T1940"/><temp name="T1899"/><temp name="T1882"/><temp name="T664"/><temp name="T1895"/><temp name="T1925"/><temp name="T1874"/><temp name="T1913"/><temp name="T2032"/><temp name="T1977"/><temp name="T675"/><temp name="T1919"/><temp name="T2048"/><temp name="T1891"/><temp name="T1936"/><temp name="T1960"/><temp name="T1966"/><temp name="T1886"/><temp name="T1946"/><temp name="T2022"/></temps><temps name="out"><temp name="T26"/><temp name="T1954"/><temp name="T659"/><temp name="T1905"/><temp name="T1971"/><temp name="T1932"/><temp name="T2037"/><temp name="T2026"/><temp name="T2043"/><temp name="T1940"/><temp name="T1899"/><temp name="T1882"/><temp name="T664"/><temp name="T1895"/><temp name="T1925"/><temp name="T1874"/><temp name="T1913"/><temp name="T2032"/><temp name="T1977"/><temp name="T675"/><temp name="T1919"/><temp name="T2048"/><temp name="T1891"/><temp name="T1936"/><temp name="T1960"/><temp name="T1966"/><temp name="T1886"/><temp name="T1946"/><temp name="T2022"/></temps></instruction><instruction code="INCH  T1949, 0"><temps name="use"/><temps name="def"><temp name="T1949"/></temps><temps name="in"><temp name="T26"/><temp name="T1954"/><temp name="T659"/><temp name="T1905"/><temp name="T1971"/><temp name="T1932"/><temp name="T2037"/><temp name="T2026"/><temp name="T2043"/><temp name="T1940"/><temp name="T1899"/><temp name="T1882"/><temp name="T664"/><temp name="T1895"/><temp name="T1925"/><temp name="T1874"/><temp name="T1913"/><temp name="T2032"/><temp name="T1977"/><temp name="T675"/><temp name="T1919"/><temp name="T2048"/><temp name="T1891"/><temp name="T1936"/><temp name="T1960"/><temp name="T1966"/><temp name="T1886"/><temp name="T1946"/><temp name="T2022"/></temps><temps name="out"><temp name="T26"/><temp name="T1954"/><temp name="T659"/><temp name="T1905"/><temp name="T1971"/><temp name="T1932"/><temp name="T1949"/><temp name="T2037"/><temp name="T2026"/><temp name="T2043"/><temp name="T1940"/><temp name="T1899"/><temp name="T1882"/><temp name="T664"/><temp name="T1895"/><temp name="T1925"/><temp name="T1874"/><temp name="T1913"/><temp name="T2032"/><temp name="T1977"/><temp name="T675"/><temp name="T1919"/><temp name="T2048"/><temp name="T1891"/><temp name="T1936"/><temp name="T1960"/><temp name="T1966"/><temp name="T1886"/><temp name="T1946"/><temp name="T2022"/></temps></instruction><instruction code="OR T676, T1949, 0"><temps name="use"><temp name="T1949"/></temps><temps name="def"><temp name="T676"/></temps><temps name="in"><temp name="T26"/><temp name="T1954"/><temp name="T659"/><temp name="T1905"/><temp name="T1971"/><temp name="T1932"/><temp name="T1949"/><temp name="T2037"/><temp name="T2026"/><temp name="T2043"/><temp name="T1940"/><temp name="T1899"/><temp name="T1882"/><temp name="T664"/><temp name="T1895"/><temp name="T1925"/><temp name="T1874"/><temp name="T1913"/><temp name="T2032"/><temp name="T1977"/><temp name="T675"/><temp name="T1919"/><temp name="T2048"/><temp name="T1891"/><temp name="T1936"/><temp name="T1960"/><temp name="T1966"/><temp name="T1886"/><temp name="T1946"/><temp name="T2022"/></temps><temps name="out"><temp name="T26"/><temp name="T1954"/><temp name="T659"/><temp name="T1905"/><temp name="T1971"/><temp name="T1932"/><temp name="T2037"/><temp name="T2026"/><temp name="T2043"/><temp name="T1940"/><temp name="T1899"/><temp name="T1882"/><temp name="T664"/><temp name="T1895"/><temp name="T1925"/><temp name="T1874"/><temp name="T1913"/><temp name="T2032"/><temp name="T1977"/><temp name="T675"/><temp name="T1919"/><temp name="T676"/><temp name="T2048"/><temp name="T1891"/><temp name="T1936"/><temp name="T1960"/><temp name="T1966"/><temp name="T1886"/><temp name="T1946"/><temp name="T2022"/></temps></instruction><instruction code="MUL T1950, T675, T676"><temps name="use"><temp name="T675"/><temp name="T676"/></temps><temps name="def"><temp name="T1950"/></temps><temps name="in"><temp name="T26"/><temp name="T1954"/><temp name="T659"/><temp name="T1905"/><temp name="T1971"/><temp name="T1932"/><temp name="T2037"/><temp name="T2026"/><temp name="T2043"/><temp name="T1940"/><temp name="T1899"/><temp name="T1882"/><temp name="T664"/><temp name="T1895"/><temp name="T1925"/><temp name="T1874"/><temp name="T1913"/><temp name="T2032"/><temp name="T1977"/><temp name="T675"/><temp name="T1919"/><temp name="T676"/><temp name="T2048"/><temp name="T1891"/><temp name="T1936"/><temp name="T1960"/><temp name="T1966"/><temp name="T1886"/><temp name="T1946"/><temp name="T2022"/></temps><temps name="out"><temp name="T26"/><temp name="T1954"/><temp name="T659"/><temp name="T1905"/><temp name="T1971"/><temp name="T1932"/><temp name="T2037"/><temp name="T2026"/><temp name="T2043"/><temp name="T1940"/><temp name="T1899"/><temp name="T1882"/><temp name="T664"/><temp name="T1895"/><temp name="T1925"/><temp name="T1874"/><temp name="T1913"/><temp name="T2032"/><temp name="T1977"/><temp name="T1919"/><temp name="T1950"/><temp name="T2048"/><temp name="T1891"/><temp name="T1936"/><temp name="T1960"/><temp name="T1966"/><temp name="T1886"/><temp name="T1946"/><temp name="T2022"/></temps></instruction><instruction code="OR T677, T1950, 0"><temps name="use"><temp name="T1950"/></temps><temps name="def"><temp name="T677"/></temps><temps name="in"><temp name="T26"/><temp name="T1954"/><temp name="T659"/><temp name="T1905"/><temp name="T1971"/><temp name="T1932"/><temp name="T2037"/><temp name="T2026"/><temp name="T2043"/><temp name="T1940"/><temp name="T1899"/><temp name="T1882"/><temp name="T664"/><temp name="T1895"/><temp name="T1925"/><temp name="T1874"/><temp name="T1913"/><temp name="T2032"/><temp name="T1977"/><temp name="T1919"/><temp name="T1950"/><temp name="T2048"/><temp name="T1891"/><temp name="T1936"/><temp name="T1960"/><temp name="T1966"/><temp name="T1886"/><temp name="T1946"/><temp name="T2022"/></temps><temps name="out"><temp name="T26"/><temp name="T1954"/><temp name="T659"/><temp name="T1905"/><temp name="T1971"/><temp name="T1932"/><temp name="T2037"/><temp name="T2026"/><temp name="T2043"/><temp name="T1940"/><temp name="T1899"/><temp name="T1882"/><temp name="T664"/><temp name="T1895"/><temp name="T1925"/><temp name="T1874"/><temp name="T1913"/><temp name="T677"/><temp name="T2032"/><temp name="T1977"/><temp name="T1919"/><temp name="T2048"/><temp name="T1891"/><temp name="T1936"/><temp name="T1960"/><temp name="T1966"/><temp name="T1886"/><temp name="T1946"/><temp name="T2022"/></temps></instruction><instruction code="ADD T1951, T664, T677"><temps name="use"><temp name="T664"/><temp name="T677"/></temps><temps name="def"><temp name="T1951"/></temps><temps name="in"><temp name="T26"/><temp name="T1954"/><temp name="T659"/><temp name="T1905"/><temp name="T1971"/><temp name="T1932"/><temp name="T2037"/><temp name="T2026"/><temp name="T2043"/><temp name="T1940"/><temp name="T1899"/><temp name="T1882"/><temp name="T664"/><temp name="T1895"/><temp name="T1925"/><temp name="T1874"/><temp name="T1913"/><temp name="T677"/><temp name="T2032"/><temp name="T1977"/><temp name="T1919"/><temp name="T2048"/><temp name="T1891"/><temp name="T1936"/><temp name="T1960"/><temp name="T1966"/><temp name="T1886"/><temp name="T1946"/><temp name="T2022"/></temps><temps name="out"><temp name="T26"/><temp name="T1954"/><temp name="T659"/><temp name="T1905"/><temp name="T1971"/><temp name="T1932"/><temp name="T2037"/><temp name="T2026"/><temp name="T2043"/><temp name="T1940"/><temp name="T1899"/><temp name="T1882"/><temp name="T1895"/><temp name="T1925"/><temp name="T1874"/><temp name="T1913"/><temp name="T2032"/><temp name="T1977"/><temp name="T1919"/><temp name="T1951"/><temp name="T2048"/><temp name="T1891"/><temp name="T1936"/><temp name="T1960"/><temp name="T1966"/><temp name="T1886"/><temp name="T1946"/><temp name="T2022"/></temps></instruction><instruction code="OR T678, T1951, 0"><temps name="use"><temp name="T1951"/></temps><temps name="def"><temp name="T678"/></temps><temps name="in"><temp name="T26"/><temp name="T1954"/><temp name="T659"/><temp name="T1905"/><temp name="T1971"/><temp name="T1932"/><temp name="T2037"/><temp name="T2026"/><temp name="T2043"/><temp name="T1940"/><temp name="T1899"/><temp name="T1882"/><temp name="T1895"/><temp name="T1925"/><temp name="T1874"/><temp name="T1913"/><temp name="T2032"/><temp name="T1977"/><temp name="T1919"/><temp name="T1951"/><temp name="T2048"/><temp name="T1891"/><temp name="T1936"/><temp name="T1960"/><temp name="T1966"/><temp name="T1886"/><temp name="T1946"/><temp name="T2022"/></temps><temps name="out"><temp name="T26"/><temp name="T1954"/><temp name="T659"/><temp name="T1905"/><temp name="T1971"/><temp name="T1932"/><temp name="T2037"/><temp name="T2026"/><temp name="T2043"/><temp name="T1940"/><temp name="T1899"/><temp name="T1882"/><temp name="T678"/><temp name="T1895"/><temp name="T1925"/><temp name="T1874"/><temp name="T1913"/><temp name="T2032"/><temp name="T1977"/><temp name="T1919"/><temp name="T2048"/><temp name="T1891"/><temp name="T1936"/><temp name="T1960"/><temp name="T1966"/><temp name="T1886"/><temp name="T1946"/><temp name="T2022"/></temps></instruction><instruction code="OR T679, T26, 0"><temps name="use"><temp name="T26"/></temps><temps name="def"><temp name="T679"/></temps><temps name="in"><temp name="T26"/><temp name="T1954"/><temp name="T659"/><temp name="T1905"/><temp name="T1971"/><temp name="T1932"/><temp name="T2037"/><temp name="T2026"/><temp name="T2043"/><temp name="T1940"/><temp name="T1899"/><temp name="T1882"/><temp name="T678"/><temp name="T1895"/><temp name="T1925"/><temp name="T1874"/><temp name="T1913"/><temp name="T2032"/><temp name="T1977"/><temp name="T1919"/><temp name="T2048"/><temp name="T1891"/><temp name="T1936"/><temp name="T1960"/><temp name="T1966"/><temp name="T1886"/><temp name="T1946"/><temp name="T2022"/></temps><temps name="out"><temp name="T1954"/><temp name="T26"/><temp name="T659"/><temp name="T1905"/><temp name="T1971"/><temp name="T1932"/><temp name="T2037"/><temp name="T2026"/><temp name="T2043"/><temp name="T679"/><temp name="T1940"/><temp name="T1899"/><temp name="T1882"/><temp name="T678"/><temp name="T1895"/><temp name="T1925"/><temp name="T1874"/><temp name="T1913"/><temp name="T2032"/><temp name="T1977"/><temp name="T1919"/><temp name="T2048"/><temp name="T1891"/><temp name="T1936"/><temp name="T1960"/><temp name="T1966"/><temp name="T1886"/><temp name="T1946"/><temp name="T2022"/></temps></instruction><instruction code="SETL  T1952, 8"><temps name="use"/><temps name="def"><temp name="T1952"/></temps><temps name="in"><temp name="T1954"/><temp name="T26"/><temp name="T659"/><temp name="T1905"/><temp name="T1971"/><temp name="T1932"/><temp name="T2037"/><temp name="T2026"/><temp name="T2043"/><temp name="T679"/><temp name="T1940"/><temp name="T1899"/><temp name="T1882"/><temp name="T678"/><temp name="T1895"/><temp name="T1925"/><temp name="T1874"/><temp name="T1913"/><temp name="T2032"/><temp name="T1977"/><temp name="T1919"/><temp name="T2048"/><temp name="T1891"/><temp name="T1936"/><temp name="T1960"/><temp name="T1966"/><temp name="T1886"/><temp name="T1946"/><temp name="T2022"/></temps><temps name="out"><temp name="T1954"/><temp name="T26"/><temp name="T659"/><temp name="T1905"/><temp name="T1971"/><temp name="T1932"/><temp name="T2037"/><temp name="T2026"/><temp name="T2043"/><temp name="T679"/><temp name="T1940"/><temp name="T1899"/><temp name="T1882"/><temp name="T678"/><temp name="T1895"/><temp name="T1925"/><temp name="T1874"/><temp name="T1913"/><temp name="T2032"/><temp name="T1977"/><temp name="T1919"/><temp name="T2048"/><temp name="T1891"/><temp name="T1936"/><temp name="T1960"/><temp name="T1966"/><temp name="T1886"/><temp name="T1946"/><temp name="T2022"/></temps></instruction><instruction code="INCML T1952, 0"><temps name="use"/><temps name="def"><temp name="T1952"/></temps><temps name="in"><temp name="T1954"/><temp name="T26"/><temp name="T659"/><temp name="T1905"/><temp name="T1971"/><temp name="T1932"/><temp name="T2037"/><temp name="T2026"/><temp name="T2043"/><temp name="T679"/><temp name="T1940"/><temp name="T1899"/><temp name="T1882"/><temp name="T678"/><temp name="T1895"/><temp name="T1925"/><temp name="T1874"/><temp name="T1913"/><temp name="T2032"/><temp name="T1977"/><temp name="T1919"/><temp name="T2048"/><temp name="T1891"/><temp name="T1936"/><temp name="T1960"/><temp name="T1966"/><temp name="T1886"/><temp name="T1946"/><temp name="T2022"/></temps><temps name="out"><temp name="T1954"/><temp name="T26"/><temp name="T659"/><temp name="T1905"/><temp name="T1971"/><temp name="T1932"/><temp name="T2037"/><temp name="T2026"/><temp name="T2043"/><temp name="T679"/><temp name="T1940"/><temp name="T1899"/><temp name="T1882"/><temp name="T678"/><temp name="T1895"/><temp name="T1925"/><temp name="T1874"/><temp name="T1913"/><temp name="T2032"/><temp name="T1977"/><temp name="T1919"/><temp name="T2048"/><temp name="T1891"/><temp name="T1936"/><temp name="T1960"/><temp name="T1966"/><temp name="T1886"/><temp name="T1946"/><temp name="T2022"/></temps></instruction><instruction code="INCMH T1952, 0"><temps name="use"/><temps name="def"><temp name="T1952"/></temps><temps name="in"><temp name="T1954"/><temp name="T26"/><temp name="T659"/><temp name="T1905"/><temp name="T1971"/><temp name="T1932"/><temp name="T2037"/><temp name="T2026"/><temp name="T2043"/><temp name="T679"/><temp name="T1940"/><temp name="T1899"/><temp name="T1882"/><temp name="T678"/><temp name="T1895"/><temp name="T1925"/><temp name="T1874"/><temp name="T1913"/><temp name="T2032"/><temp name="T1977"/><temp name="T1919"/><temp name="T2048"/><temp name="T1891"/><temp name="T1936"/><temp name="T1960"/><temp name="T1966"/><temp name="T1886"/><temp name="T1946"/><temp name="T2022"/></temps><temps name="out"><temp name="T1954"/><temp name="T26"/><temp name="T659"/><temp name="T1905"/><temp name="T1971"/><temp name="T1932"/><temp name="T2037"/><temp name="T2026"/><temp name="T2043"/><temp name="T679"/><temp name="T1940"/><temp name="T1899"/><temp name="T1882"/><temp name="T678"/><temp name="T1895"/><temp name="T1925"/><temp name="T1874"/><temp name="T1913"/><temp name="T2032"/><temp name="T1977"/><temp name="T1919"/><temp name="T2048"/><temp name="T1891"/><temp name="T1936"/><temp name="T1960"/><temp name="T1966"/><temp name="T1886"/><temp name="T1946"/><temp name="T2022"/></temps></instruction><instruction code="INCH  T1952, 0"><temps name="use"/><temps name="def"><temp name="T1952"/></temps><temps name="in"><temp name="T1954"/><temp name="T26"/><temp name="T659"/><temp name="T1905"/><temp name="T1971"/><temp name="T1932"/><temp name="T2037"/><temp name="T2026"/><temp name="T2043"/><temp name="T679"/><temp name="T1940"/><temp name="T1899"/><temp name="T1882"/><temp name="T678"/><temp name="T1895"/><temp name="T1925"/><temp name="T1874"/><temp name="T1913"/><temp name="T2032"/><temp name="T1977"/><temp name="T1919"/><temp name="T2048"/><temp name="T1891"/><temp name="T1936"/><temp name="T1960"/><temp name="T1966"/><temp name="T1886"/><temp name="T1946"/><temp name="T2022"/></temps><temps name="out"><temp name="T1954"/><temp name="T26"/><temp name="T659"/><temp name="T1905"/><temp name="T1971"/><temp name="T1932"/><temp name="T2037"/><temp name="T2026"/><temp name="T2043"/><temp name="T679"/><temp name="T1940"/><temp name="T1899"/><temp name="T1882"/><temp name="T678"/><temp name="T1895"/><temp name="T1925"/><temp name="T1874"/><temp name="T1913"/><temp name="T2032"/><temp name="T1977"/><temp name="T1919"/><temp name="T2048"/><temp name="T1891"/><temp name="T1936"/><temp name="T1960"/><temp name="T1966"/><temp name="T1952"/><temp name="T1886"/><temp name="T1946"/><temp name="T2022"/></temps></instruction><instruction code="OR T680, T1952, 0"><temps name="use"><temp name="T1952"/></temps><temps name="def"><temp name="T680"/></temps><temps name="in"><temp name="T1954"/><temp name="T26"/><temp name="T659"/><temp name="T1905"/><temp name="T1971"/><temp name="T1932"/><temp name="T2037"/><temp name="T2026"/><temp name="T2043"/><temp name="T679"/><temp name="T1940"/><temp name="T1899"/><temp name="T1882"/><temp name="T678"/><temp name="T1895"/><temp name="T1925"/><temp name="T1874"/><temp name="T1913"/><temp name="T2032"/><temp name="T1977"/><temp name="T1919"/><temp name="T2048"/><temp name="T1891"/><temp name="T1936"/><temp name="T1960"/><temp name="T1966"/><temp name="T1952"/><temp name="T1886"/><temp name="T1946"/><temp name="T2022"/></temps><temps name="out"><temp name="T1954"/><temp name="T26"/><temp name="T659"/><temp name="T1905"/><temp name="T1971"/><temp name="T1932"/><temp name="T2037"/><temp name="T2026"/><temp name="T2043"/><temp name="T679"/><temp name="T1940"/><temp name="T1899"/><temp name="T1882"/><temp name="T678"/><temp name="T1895"/><temp name="T1925"/><temp name="T1874"/><temp name="T1913"/><temp name="T680"/><temp name="T2032"/><temp name="T1977"/><temp name="T1919"/><temp name="T2048"/><temp name="T1891"/><temp name="T1936"/><temp name="T1960"/><temp name="T1966"/><temp name="T1886"/><temp name="T1946"/><temp name="T2022"/></temps></instruction><instruction code="ADD T1953, T679, T680"><temps name="use"><temp name="T679"/><temp name="T680"/></temps><temps name="def"><temp name="T1953"/></temps><temps name="in"><temp name="T1954"/><temp name="T26"/><temp name="T659"/><temp name="T1905"/><temp name="T1971"/><temp name="T1932"/><temp name="T2037"/><temp name="T2026"/><temp name="T2043"/><temp name="T679"/><temp name="T1940"/><temp name="T1899"/><temp name="T1882"/><temp name="T678"/><temp name="T1895"/><temp name="T1925"/><temp name="T1874"/><temp name="T1913"/><temp name="T680"/><temp name="T2032"/><temp name="T1977"/><temp name="T1919"/><temp name="T2048"/><temp name="T1891"/><temp name="T1936"/><temp name="T1960"/><temp name="T1966"/><temp name="T1886"/><temp name="T1946"/><temp name="T2022"/></temps><temps name="out"><temp name="T1954"/><temp name="T26"/><temp name="T659"/><temp name="T1905"/><temp name="T1971"/><temp name="T1932"/><temp name="T2037"/><temp name="T2026"/><temp name="T2043"/><temp name="T1953"/><temp name="T1940"/><temp name="T1899"/><temp name="T1882"/><temp name="T678"/><temp name="T1895"/><temp name="T1925"/><temp name="T1874"/><temp name="T1913"/><temp name="T2032"/><temp name="T1977"/><temp name="T1919"/><temp name="T2048"/><temp name="T1891"/><temp name="T1936"/><temp name="T1960"/><temp name="T1966"/><temp name="T1886"/><temp name="T1946"/><temp name="T2022"/></temps></instruction><instruction code="OR T681, T1953, 0"><temps name="use"><temp name="T1953"/></temps><temps name="def"><temp name="T681"/></temps><temps name="in"><temp name="T1954"/><temp name="T26"/><temp name="T659"/><temp name="T1905"/><temp name="T1971"/><temp name="T1932"/><temp name="T2037"/><temp name="T2026"/><temp name="T2043"/><temp name="T1953"/><temp name="T1940"/><temp name="T1899"/><temp name="T1882"/><temp name="T678"/><temp name="T1895"/><temp name="T1925"/><temp name="T1874"/><temp name="T1913"/><temp name="T2032"/><temp name="T1977"/><temp name="T1919"/><temp name="T2048"/><temp name="T1891"/><temp name="T1936"/><temp name="T1960"/><temp name="T1966"/><temp name="T1886"/><temp name="T1946"/><temp name="T2022"/></temps><temps name="out"><temp name="T1954"/><temp name="T26"/><temp name="T659"/><temp name="T1905"/><temp name="T1971"/><temp name="T1932"/><temp name="T2037"/><temp name="T2026"/><temp name="T2043"/><temp name="T1940"/><temp name="T1899"/><temp name="T1882"/><temp name="T678"/><temp name="T1895"/><temp name="T1925"/><temp name="T1874"/><temp name="T1913"/><temp name="T2032"/><temp name="T1977"/><temp name="T1919"/><temp name="T2048"/><temp name="T1891"/><temp name="T1936"/><temp name="T1960"/><temp name="T1966"/><temp name="T1886"/><temp name="T1946"/><temp name="T2022"/></temps></instruction><instruction code="LDO T1955, T1954, 0"><temps name="use"><temp name="T1954"/></temps><temps name="def"><temp name="T1955"/></temps><temps name="in"><temp name="T1954"/><temp name="T26"/><temp name="T659"/><temp name="T1905"/><temp name="T1971"/><temp name="T1932"/><temp name="T2037"/><temp name="T2026"/><temp name="T2043"/><temp name="T1940"/><temp name="T1899"/><temp name="T1882"/><temp name="T678"/><temp name="T1895"/><temp name="T1925"/><temp name="T1874"/><temp name="T1913"/><temp name="T2032"/><temp name="T1977"/><temp name="T1919"/><temp name="T2048"/><temp name="T1891"/><temp name="T1936"/><temp name="T1960"/><temp name="T1966"/><temp name="T1886"/><temp name="T1946"/><temp name="T2022"/></temps><temps name="out"><temp name="T26"/><temp name="T659"/><temp name="T1905"/><temp name="T1954"/><temp name="T1971"/><temp name="T1932"/><temp name="T2037"/><temp name="T2026"/><temp name="T2043"/><temp name="T1940"/><temp name="T1899"/><temp name="T1882"/><temp name="T678"/><temp name="T1895"/><temp name="T1925"/><temp name="T1874"/><temp name="T1913"/><temp name="T2032"/><temp name="T1977"/><temp name="T1919"/><temp name="T2048"/><temp name="T1891"/><temp name="T1936"/><temp name="T1960"/><temp name="T1966"/><temp name="T1955"/><temp name="T1886"/><temp name="T1946"/><temp name="T2022"/></temps></instruction><instruction code="OR T682, T1955, 0"><temps name="use"><temp name="T1955"/></temps><temps name="def"><temp name="T682"/></temps><temps name="in"><temp name="T26"/><temp name="T659"/><temp name="T1905"/><temp name="T1954"/><temp name="T1971"/><temp name="T1932"/><temp name="T2037"/><temp name="T2026"/><temp name="T2043"/><temp name="T1940"/><temp name="T1899"/><temp name="T1882"/><temp name="T678"/><temp name="T1895"/><temp name="T1925"/><temp name="T1874"/><temp name="T1913"/><temp name="T2032"/><temp name="T1977"/><temp name="T1919"/><temp name="T2048"/><temp name="T1891"/><temp name="T1936"/><temp name="T1960"/><temp name="T1966"/><temp name="T1955"/><temp name="T1886"/><temp name="T1946"/><temp name="T2022"/></temps><temps name="out"><temp name="T26"/><temp name="T659"/><temp name="T1905"/><temp name="T1954"/><temp name="T1971"/><temp name="T1932"/><temp name="T2037"/><temp name="T2026"/><temp name="T2043"/><temp name="T682"/><temp name="T1940"/><temp name="T1899"/><temp name="T1882"/><temp name="T678"/><temp name="T1895"/><temp name="T1925"/><temp name="T1874"/><temp name="T1913"/><temp name="T2032"/><temp name="T1977"/><temp name="T1919"/><temp name="T2048"/><temp name="T1891"/><temp name="T1936"/><temp name="T1960"/><temp name="T1966"/><temp name="T1886"/><temp name="T1946"/><temp name="T2022"/></temps></instruction><instruction code="SETL  T1956, 3"><temps name="use"/><temps name="def"><temp name="T1956"/></temps><temps name="in"><temp name="T26"/><temp name="T659"/><temp name="T1905"/><temp name="T1954"/><temp name="T1971"/><temp name="T1932"/><temp name="T2037"/><temp name="T2026"/><temp name="T2043"/><temp name="T682"/><temp name="T1940"/><temp name="T1899"/><temp name="T1882"/><temp name="T678"/><temp name="T1895"/><temp name="T1925"/><temp name="T1874"/><temp name="T1913"/><temp name="T2032"/><temp name="T1977"/><temp name="T1919"/><temp name="T2048"/><temp name="T1891"/><temp name="T1936"/><temp name="T1960"/><temp name="T1966"/><temp name="T1886"/><temp name="T1946"/><temp name="T2022"/></temps><temps name="out"><temp name="T26"/><temp name="T659"/><temp name="T1905"/><temp name="T1954"/><temp name="T1971"/><temp name="T1932"/><temp name="T2037"/><temp name="T2026"/><temp name="T2043"/><temp name="T682"/><temp name="T1940"/><temp name="T1899"/><temp name="T1882"/><temp name="T678"/><temp name="T1895"/><temp name="T1925"/><temp name="T1874"/><temp name="T1913"/><temp name="T2032"/><temp name="T1977"/><temp name="T1919"/><temp name="T2048"/><temp name="T1891"/><temp name="T1936"/><temp name="T1960"/><temp name="T1966"/><temp name="T1886"/><temp name="T1946"/><temp name="T2022"/></temps></instruction><instruction code="INCML T1956, 0"><temps name="use"/><temps name="def"><temp name="T1956"/></temps><temps name="in"><temp name="T26"/><temp name="T659"/><temp name="T1905"/><temp name="T1954"/><temp name="T1971"/><temp name="T1932"/><temp name="T2037"/><temp name="T2026"/><temp name="T2043"/><temp name="T682"/><temp name="T1940"/><temp name="T1899"/><temp name="T1882"/><temp name="T678"/><temp name="T1895"/><temp name="T1925"/><temp name="T1874"/><temp name="T1913"/><temp name="T2032"/><temp name="T1977"/><temp name="T1919"/><temp name="T2048"/><temp name="T1891"/><temp name="T1936"/><temp name="T1960"/><temp name="T1966"/><temp name="T1886"/><temp name="T1946"/><temp name="T2022"/></temps><temps name="out"><temp name="T26"/><temp name="T659"/><temp name="T1905"/><temp name="T1954"/><temp name="T1971"/><temp name="T1932"/><temp name="T2037"/><temp name="T2026"/><temp name="T2043"/><temp name="T682"/><temp name="T1940"/><temp name="T1899"/><temp name="T1882"/><temp name="T678"/><temp name="T1895"/><temp name="T1925"/><temp name="T1874"/><temp name="T1913"/><temp name="T2032"/><temp name="T1977"/><temp name="T1919"/><temp name="T2048"/><temp name="T1891"/><temp name="T1936"/><temp name="T1960"/><temp name="T1966"/><temp name="T1886"/><temp name="T1946"/><temp name="T2022"/></temps></instruction><instruction code="INCMH T1956, 0"><temps name="use"/><temps name="def"><temp name="T1956"/></temps><temps name="in"><temp name="T26"/><temp name="T659"/><temp name="T1905"/><temp name="T1954"/><temp name="T1971"/><temp name="T1932"/><temp name="T2037"/><temp name="T2026"/><temp name="T2043"/><temp name="T682"/><temp name="T1940"/><temp name="T1899"/><temp name="T1882"/><temp name="T678"/><temp name="T1895"/><temp name="T1925"/><temp name="T1874"/><temp name="T1913"/><temp name="T2032"/><temp name="T1977"/><temp name="T1919"/><temp name="T2048"/><temp name="T1891"/><temp name="T1936"/><temp name="T1960"/><temp name="T1966"/><temp name="T1886"/><temp name="T1946"/><temp name="T2022"/></temps><temps name="out"><temp name="T26"/><temp name="T659"/><temp name="T1905"/><temp name="T1954"/><temp name="T1971"/><temp name="T1932"/><temp name="T2037"/><temp name="T2026"/><temp name="T2043"/><temp name="T682"/><temp name="T1940"/><temp name="T1899"/><temp name="T1882"/><temp name="T678"/><temp name="T1895"/><temp name="T1925"/><temp name="T1874"/><temp name="T1913"/><temp name="T2032"/><temp name="T1977"/><temp name="T1919"/><temp name="T2048"/><temp name="T1891"/><temp name="T1936"/><temp name="T1960"/><temp name="T1966"/><temp name="T1886"/><temp name="T1946"/><temp name="T2022"/></temps></instruction><instruction code="INCH  T1956, 0"><temps name="use"/><temps name="def"><temp name="T1956"/></temps><temps name="in"><temp name="T26"/><temp name="T659"/><temp name="T1905"/><temp name="T1954"/><temp name="T1971"/><temp name="T1932"/><temp name="T2037"/><temp name="T2026"/><temp name="T2043"/><temp name="T682"/><temp name="T1940"/><temp name="T1899"/><temp name="T1882"/><temp name="T678"/><temp name="T1895"/><temp name="T1925"/><temp name="T1874"/><temp name="T1913"/><temp name="T2032"/><temp name="T1977"/><temp name="T1919"/><temp name="T2048"/><temp name="T1891"/><temp name="T1936"/><temp name="T1960"/><temp name="T1966"/><temp name="T1886"/><temp name="T1946"/><temp name="T2022"/></temps><temps name="out"><temp name="T26"/><temp name="T659"/><temp name="T1905"/><temp name="T1954"/><temp name="T1971"/><temp name="T1932"/><temp name="T1956"/><temp name="T2037"/><temp name="T2026"/><temp name="T2043"/><temp name="T682"/><temp name="T1940"/><temp name="T1899"/><temp name="T1882"/><temp name="T678"/><temp name="T1895"/><temp name="T1925"/><temp name="T1874"/><temp name="T1913"/><temp name="T2032"/><temp name="T1977"/><temp name="T1919"/><temp name="T2048"/><temp name="T1891"/><temp name="T1936"/><temp name="T1960"/><temp name="T1966"/><temp name="T1886"/><temp name="T1946"/><temp name="T2022"/></temps></instruction><instruction code="OR T683, T1956, 0"><temps name="use"><temp name="T1956"/></temps><temps name="def"><temp name="T683"/></temps><temps name="in"><temp name="T26"/><temp name="T659"/><temp name="T1905"/><temp name="T1954"/><temp name="T1971"/><temp name="T1932"/><temp name="T1956"/><temp name="T2037"/><temp name="T2026"/><temp name="T2043"/><temp name="T682"/><temp name="T1940"/><temp name="T1899"/><temp name="T1882"/><temp name="T678"/><temp name="T1895"/><temp name="T1925"/><temp name="T1874"/><temp name="T1913"/><temp name="T2032"/><temp name="T1977"/><temp name="T1919"/><temp name="T2048"/><temp name="T1891"/><temp name="T1936"/><temp name="T1960"/><temp name="T1966"/><temp name="T1886"/><temp name="T1946"/><temp name="T2022"/></temps><temps name="out"><temp name="T26"/><temp name="T659"/><temp name="T1905"/><temp name="T1954"/><temp name="T1971"/><temp name="T1932"/><temp name="T2037"/><temp name="T2026"/><temp name="T2043"/><temp name="T682"/><temp name="T1940"/><temp name="T1899"/><temp name="T1882"/><temp name="T678"/><temp name="T1895"/><temp name="T1925"/><temp name="T1874"/><temp name="T1913"/><temp name="T2032"/><temp name="T683"/><temp name="T1977"/><temp name="T1919"/><temp name="T2048"/><temp name="T1891"/><temp name="T1936"/><temp name="T1960"/><temp name="T1966"/><temp name="T1886"/><temp name="T1946"/><temp name="T2022"/></temps></instruction><instruction code="MUL T1957, T682, T683"><temps name="use"><temp name="T682"/><temp name="T683"/></temps><temps name="def"><temp name="T1957"/></temps><temps name="in"><temp name="T26"/><temp name="T659"/><temp name="T1905"/><temp name="T1954"/><temp name="T1971"/><temp name="T1932"/><temp name="T2037"/><temp name="T2026"/><temp name="T2043"/><temp name="T682"/><temp name="T1940"/><temp name="T1899"/><temp name="T1882"/><temp name="T678"/><temp name="T1895"/><temp name="T1925"/><temp name="T1874"/><temp name="T1913"/><temp name="T2032"/><temp name="T683"/><temp name="T1977"/><temp name="T1919"/><temp name="T2048"/><temp name="T1891"/><temp name="T1936"/><temp name="T1960"/><temp name="T1966"/><temp name="T1886"/><temp name="T1946"/><temp name="T2022"/></temps><temps name="out"><temp name="T26"/><temp name="T659"/><temp name="T1905"/><temp name="T1954"/><temp name="T1971"/><temp name="T1957"/><temp name="T1932"/><temp name="T2037"/><temp name="T2026"/><temp name="T2043"/><temp name="T1940"/><temp name="T1899"/><temp name="T1882"/><temp name="T678"/><temp name="T1895"/><temp name="T1925"/><temp name="T1874"/><temp name="T1913"/><temp name="T2032"/><temp name="T1977"/><temp name="T1919"/><temp name="T2048"/><temp name="T1891"/><temp name="T1936"/><temp name="T1960"/><temp name="T1966"/><temp name="T1886"/><temp name="T1946"/><temp name="T2022"/></temps></instruction><instruction code="OR T684, T1957, 0"><temps name="use"><temp name="T1957"/></temps><temps name="def"><temp name="T684"/></temps><temps name="in"><temp name="T26"/><temp name="T659"/><temp name="T1905"/><temp name="T1954"/><temp name="T1971"/><temp name="T1957"/><temp name="T1932"/><temp name="T2037"/><temp name="T2026"/><temp name="T2043"/><temp name="T1940"/><temp name="T1899"/><temp name="T1882"/><temp name="T678"/><temp name="T1895"/><temp name="T1925"/><temp name="T1874"/><temp name="T1913"/><temp name="T2032"/><temp name="T1977"/><temp name="T1919"/><temp name="T2048"/><temp name="T1891"/><temp name="T1936"/><temp name="T1960"/><temp name="T1966"/><temp name="T1886"/><temp name="T1946"/><temp name="T2022"/></temps><temps name="out"><temp name="T26"/><temp name="T659"/><temp name="T1905"/><temp name="T1954"/><temp name="T1971"/><temp name="T1932"/><temp name="T2037"/><temp name="T2026"/><temp name="T2043"/><temp name="T1940"/><temp name="T1899"/><temp name="T1882"/><temp name="T684"/><temp name="T678"/><temp name="T1895"/><temp name="T1925"/><temp name="T1874"/><temp name="T1913"/><temp name="T2032"/><temp name="T1977"/><temp name="T1919"/><temp name="T2048"/><temp name="T1891"/><temp name="T1936"/><temp name="T1960"/><temp name="T1966"/><temp name="T1886"/><temp name="T1946"/><temp name="T2022"/></temps></instruction><instruction code="OR T685, T26, 0"><temps name="use"><temp name="T26"/></temps><temps name="def"><temp name="T685"/></temps><temps name="in"><temp name="T26"/><temp name="T659"/><temp name="T1905"/><temp name="T1954"/><temp name="T1971"/><temp name="T1932"/><temp name="T2037"/><temp name="T2026"/><temp name="T2043"/><temp name="T1940"/><temp name="T1899"/><temp name="T1882"/><temp name="T684"/><temp name="T678"/><temp name="T1895"/><temp name="T1925"/><temp name="T1874"/><temp name="T1913"/><temp name="T2032"/><temp name="T1977"/><temp name="T1919"/><temp name="T2048"/><temp name="T1891"/><temp name="T1936"/><temp name="T1960"/><temp name="T1966"/><temp name="T1886"/><temp name="T1946"/><temp name="T2022"/></temps><temps name="out"><temp name="T659"/><temp name="T26"/><temp name="T1905"/><temp name="T1954"/><temp name="T1971"/><temp name="T1932"/><temp name="T2037"/><temp name="T2026"/><temp name="T2043"/><temp name="T1940"/><temp name="T1899"/><temp name="T1882"/><temp name="T684"/><temp name="T678"/><temp name="T1895"/><temp name="T1925"/><temp name="T1874"/><temp name="T1913"/><temp name="T2032"/><temp name="T1977"/><temp name="T1919"/><temp name="T2048"/><temp name="T1891"/><temp name="T1936"/><temp name="T1960"/><temp name="T1966"/><temp name="T685"/><temp name="T1886"/><temp name="T1946"/><temp name="T2022"/></temps></instruction><instruction code="SETL  T1958, 88"><temps name="use"/><temps name="def"><temp name="T1958"/></temps><temps name="in"><temp name="T659"/><temp name="T26"/><temp name="T1905"/><temp name="T1954"/><temp name="T1971"/><temp name="T1932"/><temp name="T2037"/><temp name="T2026"/><temp name="T2043"/><temp name="T1940"/><temp name="T1899"/><temp name="T1882"/><temp name="T684"/><temp name="T678"/><temp name="T1895"/><temp name="T1925"/><temp name="T1874"/><temp name="T1913"/><temp name="T2032"/><temp name="T1977"/><temp name="T1919"/><temp name="T2048"/><temp name="T1891"/><temp name="T1936"/><temp name="T1960"/><temp name="T1966"/><temp name="T685"/><temp name="T1886"/><temp name="T1946"/><temp name="T2022"/></temps><temps name="out"><temp name="T659"/><temp name="T26"/><temp name="T1905"/><temp name="T1954"/><temp name="T1971"/><temp name="T1932"/><temp name="T2037"/><temp name="T2026"/><temp name="T2043"/><temp name="T1940"/><temp name="T1899"/><temp name="T1882"/><temp name="T684"/><temp name="T678"/><temp name="T1895"/><temp name="T1925"/><temp name="T1874"/><temp name="T1913"/><temp name="T2032"/><temp name="T1977"/><temp name="T1919"/><temp name="T2048"/><temp name="T1891"/><temp name="T1936"/><temp name="T1960"/><temp name="T1966"/><temp name="T685"/><temp name="T1886"/><temp name="T1946"/><temp name="T2022"/></temps></instruction><instruction code="INCML T1958, 0"><temps name="use"/><temps name="def"><temp name="T1958"/></temps><temps name="in"><temp name="T659"/><temp name="T26"/><temp name="T1905"/><temp name="T1954"/><temp name="T1971"/><temp name="T1932"/><temp name="T2037"/><temp name="T2026"/><temp name="T2043"/><temp name="T1940"/><temp name="T1899"/><temp name="T1882"/><temp name="T684"/><temp name="T678"/><temp name="T1895"/><temp name="T1925"/><temp name="T1874"/><temp name="T1913"/><temp name="T2032"/><temp name="T1977"/><temp name="T1919"/><temp name="T2048"/><temp name="T1891"/><temp name="T1936"/><temp name="T1960"/><temp name="T1966"/><temp name="T685"/><temp name="T1886"/><temp name="T1946"/><temp name="T2022"/></temps><temps name="out"><temp name="T659"/><temp name="T26"/><temp name="T1905"/><temp name="T1954"/><temp name="T1971"/><temp name="T1932"/><temp name="T2037"/><temp name="T2026"/><temp name="T2043"/><temp name="T1940"/><temp name="T1899"/><temp name="T1882"/><temp name="T684"/><temp name="T678"/><temp name="T1895"/><temp name="T1925"/><temp name="T1874"/><temp name="T1913"/><temp name="T2032"/><temp name="T1977"/><temp name="T1919"/><temp name="T2048"/><temp name="T1891"/><temp name="T1936"/><temp name="T1960"/><temp name="T1966"/><temp name="T685"/><temp name="T1886"/><temp name="T1946"/><temp name="T2022"/></temps></instruction><instruction code="INCMH T1958, 0"><temps name="use"/><temps name="def"><temp name="T1958"/></temps><temps name="in"><temp name="T659"/><temp name="T26"/><temp name="T1905"/><temp name="T1954"/><temp name="T1971"/><temp name="T1932"/><temp name="T2037"/><temp name="T2026"/><temp name="T2043"/><temp name="T1940"/><temp name="T1899"/><temp name="T1882"/><temp name="T684"/><temp name="T678"/><temp name="T1895"/><temp name="T1925"/><temp name="T1874"/><temp name="T1913"/><temp name="T2032"/><temp name="T1977"/><temp name="T1919"/><temp name="T2048"/><temp name="T1891"/><temp name="T1936"/><temp name="T1960"/><temp name="T1966"/><temp name="T685"/><temp name="T1886"/><temp name="T1946"/><temp name="T2022"/></temps><temps name="out"><temp name="T659"/><temp name="T26"/><temp name="T1905"/><temp name="T1954"/><temp name="T1971"/><temp name="T1932"/><temp name="T2037"/><temp name="T2026"/><temp name="T2043"/><temp name="T1940"/><temp name="T1899"/><temp name="T1882"/><temp name="T684"/><temp name="T678"/><temp name="T1895"/><temp name="T1925"/><temp name="T1874"/><temp name="T1913"/><temp name="T2032"/><temp name="T1977"/><temp name="T1919"/><temp name="T2048"/><temp name="T1891"/><temp name="T1936"/><temp name="T1960"/><temp name="T1966"/><temp name="T685"/><temp name="T1886"/><temp name="T1946"/><temp name="T2022"/></temps></instruction><instruction code="INCH  T1958, 0"><temps name="use"/><temps name="def"><temp name="T1958"/></temps><temps name="in"><temp name="T659"/><temp name="T26"/><temp name="T1905"/><temp name="T1954"/><temp name="T1971"/><temp name="T1932"/><temp name="T2037"/><temp name="T2026"/><temp name="T2043"/><temp name="T1940"/><temp name="T1899"/><temp name="T1882"/><temp name="T684"/><temp name="T678"/><temp name="T1895"/><temp name="T1925"/><temp name="T1874"/><temp name="T1913"/><temp name="T2032"/><temp name="T1977"/><temp name="T1919"/><temp name="T2048"/><temp name="T1891"/><temp name="T1936"/><temp name="T1960"/><temp name="T1966"/><temp name="T685"/><temp name="T1886"/><temp name="T1946"/><temp name="T2022"/></temps><temps name="out"><temp name="T659"/><temp name="T26"/><temp name="T1905"/><temp name="T1954"/><temp name="T1971"/><temp name="T1932"/><temp name="T2037"/><temp name="T2026"/><temp name="T2043"/><temp name="T1958"/><temp name="T1940"/><temp name="T1899"/><temp name="T1882"/><temp name="T684"/><temp name="T678"/><temp name="T1895"/><temp name="T1925"/><temp name="T1874"/><temp name="T1913"/><temp name="T2032"/><temp name="T1977"/><temp name="T1919"/><temp name="T2048"/><temp name="T1891"/><temp name="T1936"/><temp name="T1960"/><temp name="T1966"/><temp name="T685"/><temp name="T1886"/><temp name="T1946"/><temp name="T2022"/></temps></instruction><instruction code="NEG T1958, 0, T1958"><temps name="use"><temp name="T1958"/></temps><temps name="def"><temp name="T1958"/></temps><temps name="in"><temp name="T659"/><temp name="T26"/><temp name="T1905"/><temp name="T1954"/><temp name="T1971"/><temp name="T1932"/><temp name="T2037"/><temp name="T2026"/><temp name="T2043"/><temp name="T1958"/><temp name="T1940"/><temp name="T1899"/><temp name="T1882"/><temp name="T684"/><temp name="T678"/><temp name="T1895"/><temp name="T1925"/><temp name="T1874"/><temp name="T1913"/><temp name="T2032"/><temp name="T1977"/><temp name="T1919"/><temp name="T2048"/><temp name="T1891"/><temp name="T1936"/><temp name="T1960"/><temp name="T1966"/><temp name="T685"/><temp name="T1886"/><temp name="T1946"/><temp name="T2022"/></temps><temps name="out"><temp name="T659"/><temp name="T26"/><temp name="T1905"/><temp name="T1954"/><temp name="T1971"/><temp name="T1932"/><temp name="T2037"/><temp name="T2026"/><temp name="T2043"/><temp name="T1958"/><temp name="T1940"/><temp name="T1899"/><temp name="T1882"/><temp name="T684"/><temp name="T678"/><temp name="T1895"/><temp name="T1925"/><temp name="T1874"/><temp name="T1913"/><temp name="T2032"/><temp name="T1977"/><temp name="T1919"/><temp name="T2048"/><temp name="T1891"/><temp name="T1936"/><temp name="T1960"/><temp name="T1966"/><temp name="T685"/><temp name="T1886"/><temp name="T1946"/><temp name="T2022"/></temps></instruction><instruction code="OR T686, T1958, 0"><temps name="use"><temp name="T1958"/></temps><temps name="def"><temp name="T686"/></temps><temps name="in"><temp name="T659"/><temp name="T26"/><temp name="T1905"/><temp name="T1954"/><temp name="T1971"/><temp name="T1932"/><temp name="T2037"/><temp name="T2026"/><temp name="T2043"/><temp name="T1958"/><temp name="T1940"/><temp name="T1899"/><temp name="T1882"/><temp name="T684"/><temp name="T678"/><temp name="T1895"/><temp name="T1925"/><temp name="T1874"/><temp name="T1913"/><temp name="T2032"/><temp name="T1977"/><temp name="T1919"/><temp name="T2048"/><temp name="T1891"/><temp name="T1936"/><temp name="T1960"/><temp name="T1966"/><temp name="T685"/><temp name="T1886"/><temp name="T1946"/><temp name="T2022"/></temps><temps name="out"><temp name="T659"/><temp name="T26"/><temp name="T1905"/><temp name="T1954"/><temp name="T1971"/><temp name="T1932"/><temp name="T2037"/><temp name="T2026"/><temp name="T2043"/><temp name="T1940"/><temp name="T1899"/><temp name="T1882"/><temp name="T684"/><temp name="T678"/><temp name="T1895"/><temp name="T1925"/><temp name="T1874"/><temp name="T1913"/><temp name="T2032"/><temp name="T1977"/><temp name="T1919"/><temp name="T2048"/><temp name="T1891"/><temp name="T1936"/><temp name="T686"/><temp name="T1960"/><temp name="T1966"/><temp name="T685"/><temp name="T1886"/><temp name="T1946"/><temp name="T2022"/></temps></instruction><instruction code="ADD T1959, T685, T686"><temps name="use"><temp name="T685"/><temp name="T686"/></temps><temps name="def"><temp name="T1959"/></temps><temps name="in"><temp name="T659"/><temp name="T26"/><temp name="T1905"/><temp name="T1954"/><temp name="T1971"/><temp name="T1932"/><temp name="T2037"/><temp name="T2026"/><temp name="T2043"/><temp name="T1940"/><temp name="T1899"/><temp name="T1882"/><temp name="T684"/><temp name="T678"/><temp name="T1895"/><temp name="T1925"/><temp name="T1874"/><temp name="T1913"/><temp name="T2032"/><temp name="T1977"/><temp name="T1919"/><temp name="T2048"/><temp name="T1891"/><temp name="T1936"/><temp name="T686"/><temp name="T1960"/><temp name="T1966"/><temp name="T685"/><temp name="T1886"/><temp name="T1946"/><temp name="T2022"/></temps><temps name="out"><temp name="T659"/><temp name="T26"/><temp name="T1905"/><temp name="T1954"/><temp name="T1971"/><temp name="T1932"/><temp name="T2037"/><temp name="T2026"/><temp name="T1959"/><temp name="T2043"/><temp name="T1940"/><temp name="T1899"/><temp name="T1882"/><temp name="T684"/><temp name="T678"/><temp name="T1895"/><temp name="T1925"/><temp name="T1874"/><temp name="T1913"/><temp name="T2032"/><temp name="T1977"/><temp name="T1919"/><temp name="T2048"/><temp name="T1891"/><temp name="T1936"/><temp name="T1960"/><temp name="T1966"/><temp name="T1886"/><temp name="T1946"/><temp name="T2022"/></temps></instruction><instruction code="OR T687, T1959, 0"><temps name="use"><temp name="T1959"/></temps><temps name="def"><temp name="T687"/></temps><temps name="in"><temp name="T659"/><temp name="T26"/><temp name="T1905"/><temp name="T1954"/><temp name="T1971"/><temp name="T1932"/><temp name="T2037"/><temp name="T2026"/><temp name="T1959"/><temp name="T2043"/><temp name="T1940"/><temp name="T1899"/><temp name="T1882"/><temp name="T684"/><temp name="T678"/><temp name="T1895"/><temp name="T1925"/><temp name="T1874"/><temp name="T1913"/><temp name="T2032"/><temp name="T1977"/><temp name="T1919"/><temp name="T2048"/><temp name="T1891"/><temp name="T1936"/><temp name="T1960"/><temp name="T1966"/><temp name="T1886"/><temp name="T1946"/><temp name="T2022"/></temps><temps name="out"><temp name="T659"/><temp name="T26"/><temp name="T1905"/><temp name="T1954"/><temp name="T1971"/><temp name="T1932"/><temp name="T2037"/><temp name="T2026"/><temp name="T2043"/><temp name="T1940"/><temp name="T1899"/><temp name="T1882"/><temp name="T684"/><temp name="T678"/><temp name="T1895"/><temp name="T1925"/><temp name="T1874"/><temp name="T1913"/><temp name="T2032"/><temp name="T1977"/><temp name="T1919"/><temp name="T2048"/><temp name="T1891"/><temp name="T1936"/><temp name="T1960"/><temp name="T1966"/><temp name="T1886"/><temp name="T1946"/><temp name="T2022"/></temps></instruction><instruction code="LDO T1961, T1960, 0"><temps name="use"><temp name="T1960"/></temps><temps name="def"><temp name="T1961"/></temps><temps name="in"><temp name="T659"/><temp name="T26"/><temp name="T1905"/><temp name="T1954"/><temp name="T1971"/><temp name="T1932"/><temp name="T2037"/><temp name="T2026"/><temp name="T2043"/><temp name="T1940"/><temp name="T1899"/><temp name="T1882"/><temp name="T684"/><temp name="T678"/><temp name="T1895"/><temp name="T1925"/><temp name="T1874"/><temp name="T1913"/><temp name="T2032"/><temp name="T1977"/><temp name="T1919"/><temp name="T2048"/><temp name="T1891"/><temp name="T1936"/><temp name="T1960"/><temp name="T1966"/><temp name="T1886"/><temp name="T1946"/><temp name="T2022"/></temps><temps name="out"><temp name="T659"/><temp name="T26"/><temp name="T1905"/><temp name="T1954"/><temp name="T1971"/><temp name="T1932"/><temp name="T2037"/><temp name="T2026"/><temp name="T1961"/><temp name="T2043"/><temp name="T1940"/><temp name="T1899"/><temp name="T1882"/><temp name="T684"/><temp name="T678"/><temp name="T1895"/><temp name="T1925"/><temp name="T1874"/><temp name="T1913"/><temp name="T2032"/><temp name="T1977"/><temp name="T1919"/><temp name="T2048"/><temp name="T1891"/><temp name="T1936"/><temp name="T1966"/><temp name="T1960"/><temp name="T1886"/><temp name="T1946"/><temp name="T2022"/></temps></instruction><instruction code="OR T688, T1961, 0"><temps name="use"><temp name="T1961"/></temps><temps name="def"><temp name="T688"/></temps><temps name="in"><temp name="T659"/><temp name="T26"/><temp name="T1905"/><temp name="T1954"/><temp name="T1971"/><temp name="T1932"/><temp name="T2037"/><temp name="T2026"/><temp name="T1961"/><temp name="T2043"/><temp name="T1940"/><temp name="T1899"/><temp name="T1882"/><temp name="T684"/><temp name="T678"/><temp name="T1895"/><temp name="T1925"/><temp name="T1874"/><temp name="T1913"/><temp name="T2032"/><temp name="T1977"/><temp name="T1919"/><temp name="T2048"/><temp name="T1891"/><temp name="T1936"/><temp name="T1966"/><temp name="T1960"/><temp name="T1886"/><temp name="T1946"/><temp name="T2022"/></temps><temps name="out"><temp name="T659"/><temp name="T26"/><temp name="T1905"/><temp name="T1954"/><temp name="T1971"/><temp name="T1932"/><temp name="T2037"/><temp name="T2026"/><temp name="T2043"/><temp name="T1940"/><temp name="T1899"/><temp name="T1882"/><temp name="T684"/><temp name="T678"/><temp name="T1895"/><temp name="T1925"/><temp name="T1874"/><temp name="T1913"/><temp name="T2032"/><temp name="T688"/><temp name="T1977"/><temp name="T1919"/><temp name="T2048"/><temp name="T1891"/><temp name="T1936"/><temp name="T1966"/><temp name="T1960"/><temp name="T1886"/><temp name="T1946"/><temp name="T2022"/></temps></instruction><instruction code="ADD T1962, T684, T688"><temps name="use"><temp name="T684"/><temp name="T688"/></temps><temps name="def"><temp name="T1962"/></temps><temps name="in"><temp name="T659"/><temp name="T26"/><temp name="T1905"/><temp name="T1954"/><temp name="T1971"/><temp name="T1932"/><temp name="T2037"/><temp name="T2026"/><temp name="T2043"/><temp name="T1940"/><temp name="T1899"/><temp name="T1882"/><temp name="T684"/><temp name="T678"/><temp name="T1895"/><temp name="T1925"/><temp name="T1874"/><temp name="T1913"/><temp name="T2032"/><temp name="T688"/><temp name="T1977"/><temp name="T1919"/><temp name="T2048"/><temp name="T1891"/><temp name="T1936"/><temp name="T1966"/><temp name="T1960"/><temp name="T1886"/><temp name="T1946"/><temp name="T2022"/></temps><temps name="out"><temp name="T659"/><temp name="T26"/><temp name="T1905"/><temp name="T1954"/><temp name="T1971"/><temp name="T1932"/><temp name="T2037"/><temp name="T2026"/><temp name="T2043"/><temp name="T1940"/><temp name="T1899"/><temp name="T1882"/><temp name="T1962"/><temp name="T678"/><temp name="T1895"/><temp name="T1925"/><temp name="T1874"/><temp name="T1913"/><temp name="T2032"/><temp name="T1977"/><temp name="T1919"/><temp name="T2048"/><temp name="T1891"/><temp name="T1936"/><temp name="T1966"/><temp name="T1960"/><temp name="T1886"/><temp name="T1946"/><temp name="T2022"/></temps></instruction><instruction code="OR T689, T1962, 0"><temps name="use"><temp name="T1962"/></temps><temps name="def"><temp name="T689"/></temps><temps name="in"><temp name="T659"/><temp name="T26"/><temp name="T1905"/><temp name="T1954"/><temp name="T1971"/><temp name="T1932"/><temp name="T2037"/><temp name="T2026"/><temp name="T2043"/><temp name="T1940"/><temp name="T1899"/><temp name="T1882"/><temp name="T1962"/><temp name="T678"/><temp name="T1895"/><temp name="T1925"/><temp name="T1874"/><temp name="T1913"/><temp name="T2032"/><temp name="T1977"/><temp name="T1919"/><temp name="T2048"/><temp name="T1891"/><temp name="T1936"/><temp name="T1966"/><temp name="T1960"/><temp name="T1886"/><temp name="T1946"/><temp name="T2022"/></temps><temps name="out"><temp name="T659"/><temp name="T26"/><temp name="T1905"/><temp name="T1954"/><temp name="T1971"/><temp name="T1932"/><temp name="T2037"/><temp name="T2026"/><temp name="T2043"/><temp name="T1940"/><temp name="T1899"/><temp name="T1882"/><temp name="T678"/><temp name="T1895"/><temp name="T1925"/><temp name="T1874"/><temp name="T1913"/><temp name="T2032"/><temp name="T1977"/><temp name="T1919"/><temp name="T2048"/><temp name="T1891"/><temp name="T1936"/><temp name="T1966"/><temp name="T1960"/><temp name="T1886"/><temp name="T1946"/><temp name="T689"/><temp name="T2022"/></temps></instruction><instruction code="SETL  T1963, 8"><temps name="use"/><temps name="def"><temp name="T1963"/></temps><temps name="in"><temp name="T659"/><temp name="T26"/><temp name="T1905"/><temp name="T1954"/><temp name="T1971"/><temp name="T1932"/><temp name="T2037"/><temp name="T2026"/><temp name="T2043"/><temp name="T1940"/><temp name="T1899"/><temp name="T1882"/><temp name="T678"/><temp name="T1895"/><temp name="T1925"/><temp name="T1874"/><temp name="T1913"/><temp name="T2032"/><temp name="T1977"/><temp name="T1919"/><temp name="T2048"/><temp name="T1891"/><temp name="T1936"/><temp name="T1966"/><temp name="T1960"/><temp name="T1886"/><temp name="T1946"/><temp name="T689"/><temp name="T2022"/></temps><temps name="out"><temp name="T659"/><temp name="T26"/><temp name="T1905"/><temp name="T1954"/><temp name="T1971"/><temp name="T1932"/><temp name="T2037"/><temp name="T2026"/><temp name="T2043"/><temp name="T1940"/><temp name="T1899"/><temp name="T1882"/><temp name="T678"/><temp name="T1895"/><temp name="T1925"/><temp name="T1874"/><temp name="T1913"/><temp name="T2032"/><temp name="T1977"/><temp name="T1919"/><temp name="T2048"/><temp name="T1891"/><temp name="T1936"/><temp name="T1966"/><temp name="T1960"/><temp name="T1886"/><temp name="T1946"/><temp name="T689"/><temp name="T2022"/></temps></instruction><instruction code="INCML T1963, 0"><temps name="use"/><temps name="def"><temp name="T1963"/></temps><temps name="in"><temp name="T659"/><temp name="T26"/><temp name="T1905"/><temp name="T1954"/><temp name="T1971"/><temp name="T1932"/><temp name="T2037"/><temp name="T2026"/><temp name="T2043"/><temp name="T1940"/><temp name="T1899"/><temp name="T1882"/><temp name="T678"/><temp name="T1895"/><temp name="T1925"/><temp name="T1874"/><temp name="T1913"/><temp name="T2032"/><temp name="T1977"/><temp name="T1919"/><temp name="T2048"/><temp name="T1891"/><temp name="T1936"/><temp name="T1966"/><temp name="T1960"/><temp name="T1886"/><temp name="T1946"/><temp name="T689"/><temp name="T2022"/></temps><temps name="out"><temp name="T659"/><temp name="T26"/><temp name="T1905"/><temp name="T1954"/><temp name="T1971"/><temp name="T1932"/><temp name="T2037"/><temp name="T2026"/><temp name="T2043"/><temp name="T1940"/><temp name="T1899"/><temp name="T1882"/><temp name="T678"/><temp name="T1895"/><temp name="T1925"/><temp name="T1874"/><temp name="T1913"/><temp name="T2032"/><temp name="T1977"/><temp name="T1919"/><temp name="T2048"/><temp name="T1891"/><temp name="T1936"/><temp name="T1966"/><temp name="T1960"/><temp name="T1886"/><temp name="T1946"/><temp name="T689"/><temp name="T2022"/></temps></instruction><instruction code="INCMH T1963, 0"><temps name="use"/><temps name="def"><temp name="T1963"/></temps><temps name="in"><temp name="T659"/><temp name="T26"/><temp name="T1905"/><temp name="T1954"/><temp name="T1971"/><temp name="T1932"/><temp name="T2037"/><temp name="T2026"/><temp name="T2043"/><temp name="T1940"/><temp name="T1899"/><temp name="T1882"/><temp name="T678"/><temp name="T1895"/><temp name="T1925"/><temp name="T1874"/><temp name="T1913"/><temp name="T2032"/><temp name="T1977"/><temp name="T1919"/><temp name="T2048"/><temp name="T1891"/><temp name="T1936"/><temp name="T1966"/><temp name="T1960"/><temp name="T1886"/><temp name="T1946"/><temp name="T689"/><temp name="T2022"/></temps><temps name="out"><temp name="T659"/><temp name="T26"/><temp name="T1905"/><temp name="T1954"/><temp name="T1971"/><temp name="T1932"/><temp name="T2037"/><temp name="T2026"/><temp name="T2043"/><temp name="T1940"/><temp name="T1899"/><temp name="T1882"/><temp name="T678"/><temp name="T1895"/><temp name="T1925"/><temp name="T1874"/><temp name="T1913"/><temp name="T2032"/><temp name="T1977"/><temp name="T1919"/><temp name="T2048"/><temp name="T1891"/><temp name="T1936"/><temp name="T1966"/><temp name="T1960"/><temp name="T1886"/><temp name="T1946"/><temp name="T689"/><temp name="T2022"/></temps></instruction><instruction code="INCH  T1963, 0"><temps name="use"/><temps name="def"><temp name="T1963"/></temps><temps name="in"><temp name="T659"/><temp name="T26"/><temp name="T1905"/><temp name="T1954"/><temp name="T1971"/><temp name="T1932"/><temp name="T2037"/><temp name="T2026"/><temp name="T2043"/><temp name="T1940"/><temp name="T1899"/><temp name="T1882"/><temp name="T678"/><temp name="T1895"/><temp name="T1925"/><temp name="T1874"/><temp name="T1913"/><temp name="T2032"/><temp name="T1977"/><temp name="T1919"/><temp name="T2048"/><temp name="T1891"/><temp name="T1936"/><temp name="T1966"/><temp name="T1960"/><temp name="T1886"/><temp name="T1946"/><temp name="T689"/><temp name="T2022"/></temps><temps name="out"><temp name="T659"/><temp name="T26"/><temp name="T1905"/><temp name="T1954"/><temp name="T1971"/><temp name="T1932"/><temp name="T2037"/><temp name="T2026"/><temp name="T2043"/><temp name="T1940"/><temp name="T1899"/><temp name="T1882"/><temp name="T678"/><temp name="T1895"/><temp name="T1925"/><temp name="T1874"/><temp name="T1913"/><temp name="T2032"/><temp name="T1977"/><temp name="T1919"/><temp name="T2048"/><temp name="T1891"/><temp name="T1936"/><temp name="T1966"/><temp name="T1960"/><temp name="T1886"/><temp name="T1946"/><temp name="T689"/><temp name="T2022"/><temp name="T1963"/></temps></instruction><instruction code="OR T690, T1963, 0"><temps name="use"><temp name="T1963"/></temps><temps name="def"><temp name="T690"/></temps><temps name="in"><temp name="T659"/><temp name="T26"/><temp name="T1905"/><temp name="T1954"/><temp name="T1971"/><temp name="T1932"/><temp name="T2037"/><temp name="T2026"/><temp name="T2043"/><temp name="T1940"/><temp name="T1899"/><temp name="T1882"/><temp name="T678"/><temp name="T1895"/><temp name="T1925"/><temp name="T1874"/><temp name="T1913"/><temp name="T2032"/><temp name="T1977"/><temp name="T1919"/><temp name="T2048"/><temp name="T1891"/><temp name="T1936"/><temp name="T1966"/><temp name="T1960"/><temp name="T1886"/><temp name="T1946"/><temp name="T689"/><temp name="T2022"/><temp name="T1963"/></temps><temps name="out"><temp name="T659"/><temp name="T26"/><temp name="T1905"/><temp name="T1954"/><temp name="T1971"/><temp name="T1932"/><temp name="T2037"/><temp name="T2026"/><temp name="T2043"/><temp name="T1940"/><temp name="T1899"/><temp name="T1882"/><temp name="T678"/><temp name="T1895"/><temp name="T1925"/><temp name="T1874"/><temp name="T1913"/><temp name="T2032"/><temp name="T1977"/><temp name="T1919"/><temp name="T690"/><temp name="T2048"/><temp name="T1891"/><temp name="T1936"/><temp name="T1966"/><temp name="T1960"/><temp name="T1886"/><temp name="T1946"/><temp name="T689"/><temp name="T2022"/></temps></instruction><instruction code="MUL T1964, T689, T690"><temps name="use"><temp name="T689"/><temp name="T690"/></temps><temps name="def"><temp name="T1964"/></temps><temps name="in"><temp name="T659"/><temp name="T26"/><temp name="T1905"/><temp name="T1954"/><temp name="T1971"/><temp name="T1932"/><temp name="T2037"/><temp name="T2026"/><temp name="T2043"/><temp name="T1940"/><temp name="T1899"/><temp name="T1882"/><temp name="T678"/><temp name="T1895"/><temp name="T1925"/><temp name="T1874"/><temp name="T1913"/><temp name="T2032"/><temp name="T1977"/><temp name="T1919"/><temp name="T690"/><temp name="T2048"/><temp name="T1891"/><temp name="T1936"/><temp name="T1966"/><temp name="T1960"/><temp name="T1886"/><temp name="T1946"/><temp name="T689"/><temp name="T2022"/></temps><temps name="out"><temp name="T659"/><temp name="T26"/><temp name="T1905"/><temp name="T1954"/><temp name="T1971"/><temp name="T1932"/><temp name="T1964"/><temp name="T2037"/><temp name="T2026"/><temp name="T2043"/><temp name="T1940"/><temp name="T1899"/><temp name="T1882"/><temp name="T678"/><temp name="T1895"/><temp name="T1925"/><temp name="T1874"/><temp name="T1913"/><temp name="T2032"/><temp name="T1977"/><temp name="T1919"/><temp name="T2048"/><temp name="T1891"/><temp name="T1936"/><temp name="T1966"/><temp name="T1960"/><temp name="T1886"/><temp name="T1946"/><temp name="T2022"/></temps></instruction><instruction code="OR T691, T1964, 0"><temps name="use"><temp name="T1964"/></temps><temps name="def"><temp name="T691"/></temps><temps name="in"><temp name="T659"/><temp name="T26"/><temp name="T1905"/><temp name="T1954"/><temp name="T1971"/><temp name="T1932"/><temp name="T1964"/><temp name="T2037"/><temp name="T2026"/><temp name="T2043"/><temp name="T1940"/><temp name="T1899"/><temp name="T1882"/><temp name="T678"/><temp name="T1895"/><temp name="T1925"/><temp name="T1874"/><temp name="T1913"/><temp name="T2032"/><temp name="T1977"/><temp name="T1919"/><temp name="T2048"/><temp name="T1891"/><temp name="T1936"/><temp name="T1966"/><temp name="T1960"/><temp name="T1886"/><temp name="T1946"/><temp name="T2022"/></temps><temps name="out"><temp name="T659"/><temp name="T26"/><temp name="T1905"/><temp name="T1954"/><temp name="T1971"/><temp name="T1932"/><temp name="T2037"/><temp name="T2026"/><temp name="T2043"/><temp name="T1940"/><temp name="T1899"/><temp name="T1882"/><temp name="T678"/><temp name="T1895"/><temp name="T1925"/><temp name="T1874"/><temp name="T1913"/><temp name="T691"/><temp name="T2032"/><temp name="T1977"/><temp name="T1919"/><temp name="T2048"/><temp name="T1891"/><temp name="T1936"/><temp name="T1966"/><temp name="T1960"/><temp name="T1886"/><temp name="T1946"/><temp name="T2022"/></temps></instruction><instruction code="ADD T1965, T678, T691"><temps name="use"><temp name="T678"/><temp name="T691"/></temps><temps name="def"><temp name="T1965"/></temps><temps name="in"><temp name="T659"/><temp name="T26"/><temp name="T1905"/><temp name="T1954"/><temp name="T1971"/><temp name="T1932"/><temp name="T2037"/><temp name="T2026"/><temp name="T2043"/><temp name="T1940"/><temp name="T1899"/><temp name="T1882"/><temp name="T678"/><temp name="T1895"/><temp name="T1925"/><temp name="T1874"/><temp name="T1913"/><temp name="T691"/><temp name="T2032"/><temp name="T1977"/><temp name="T1919"/><temp name="T2048"/><temp name="T1891"/><temp name="T1936"/><temp name="T1966"/><temp name="T1960"/><temp name="T1886"/><temp name="T1946"/><temp name="T2022"/></temps><temps name="out"><temp name="T659"/><temp name="T26"/><temp name="T1905"/><temp name="T1954"/><temp name="T1971"/><temp name="T1932"/><temp name="T2037"/><temp name="T2026"/><temp name="T2043"/><temp name="T1940"/><temp name="T1899"/><temp name="T1882"/><temp name="T1965"/><temp name="T1895"/><temp name="T1925"/><temp name="T1874"/><temp name="T1913"/><temp name="T2032"/><temp name="T1977"/><temp name="T1919"/><temp name="T2048"/><temp name="T1891"/><temp name="T1936"/><temp name="T1966"/><temp name="T1960"/><temp name="T1886"/><temp name="T1946"/><temp name="T2022"/></temps></instruction><instruction code="OR T692, T1965, 0"><temps name="use"><temp name="T1965"/></temps><temps name="def"><temp name="T692"/></temps><temps name="in"><temp name="T659"/><temp name="T26"/><temp name="T1905"/><temp name="T1954"/><temp name="T1971"/><temp name="T1932"/><temp name="T2037"/><temp name="T2026"/><temp name="T2043"/><temp name="T1940"/><temp name="T1899"/><temp name="T1882"/><temp name="T1965"/><temp name="T1895"/><temp name="T1925"/><temp name="T1874"/><temp name="T1913"/><temp name="T2032"/><temp name="T1977"/><temp name="T1919"/><temp name="T2048"/><temp name="T1891"/><temp name="T1936"/><temp name="T1966"/><temp name="T1960"/><temp name="T1886"/><temp name="T1946"/><temp name="T2022"/></temps><temps name="out"><temp name="T659"/><temp name="T26"/><temp name="T1905"/><temp name="T1954"/><temp name="T1971"/><temp name="T1932"/><temp name="T2037"/><temp name="T2026"/><temp name="T2043"/><temp name="T1940"/><temp name="T1899"/><temp name="T1882"/><temp name="T1895"/><temp name="T1925"/><temp name="T1874"/><temp name="T1913"/><temp name="T2032"/><temp name="T1977"/><temp name="T1919"/><temp name="T2048"/><temp name="T1891"/><temp name="T1936"/><temp name="T1966"/><temp name="T1960"/><temp name="T1886"/><temp name="T1946"/><temp name="T2022"/></temps></instruction><instruction code="LDO T1967, T1966, 0"><temps name="use"><temp name="T1966"/></temps><temps name="def"><temp name="T1967"/></temps><temps name="in"><temp name="T659"/><temp name="T26"/><temp name="T1905"/><temp name="T1954"/><temp name="T1971"/><temp name="T1932"/><temp name="T2037"/><temp name="T2026"/><temp name="T2043"/><temp name="T1940"/><temp name="T1899"/><temp name="T1882"/><temp name="T1895"/><temp name="T1925"/><temp name="T1874"/><temp name="T1913"/><temp name="T2032"/><temp name="T1977"/><temp name="T1919"/><temp name="T2048"/><temp name="T1891"/><temp name="T1936"/><temp name="T1966"/><temp name="T1960"/><temp name="T1886"/><temp name="T1946"/><temp name="T2022"/></temps><temps name="out"><temp name="T659"/><temp name="T26"/><temp name="T1905"/><temp name="T1954"/><temp name="T1971"/><temp name="T1932"/><temp name="T2037"/><temp name="T2026"/><temp name="T2043"/><temp name="T1940"/><temp name="T1899"/><temp name="T1882"/><temp name="T1967"/><temp name="T1895"/><temp name="T1925"/><temp name="T1874"/><temp name="T1913"/><temp name="T2032"/><temp name="T1977"/><temp name="T1919"/><temp name="T2048"/><temp name="T1891"/><temp name="T1936"/><temp name="T1960"/><temp name="T1966"/><temp name="T1886"/><temp name="T1946"/><temp name="T2022"/></temps></instruction><instruction code="OR T693, T1967, 0"><temps name="use"><temp name="T1967"/></temps><temps name="def"><temp name="T693"/></temps><temps name="in"><temp name="T659"/><temp name="T26"/><temp name="T1905"/><temp name="T1954"/><temp name="T1971"/><temp name="T1932"/><temp name="T2037"/><temp name="T2026"/><temp name="T2043"/><temp name="T1940"/><temp name="T1899"/><temp name="T1882"/><temp name="T1967"/><temp name="T1895"/><temp name="T1925"/><temp name="T1874"/><temp name="T1913"/><temp name="T2032"/><temp name="T1977"/><temp name="T1919"/><temp name="T2048"/><temp name="T1891"/><temp name="T1936"/><temp name="T1960"/><temp name="T1966"/><temp name="T1886"/><temp name="T1946"/><temp name="T2022"/></temps><temps name="out"><temp name="T659"/><temp name="T26"/><temp name="T1905"/><temp name="T1954"/><temp name="T1971"/><temp name="T1932"/><temp name="T2037"/><temp name="T2026"/><temp name="T2043"/><temp name="T1940"/><temp name="T1899"/><temp name="T1882"/><temp name="T1895"/><temp name="T1925"/><temp name="T1874"/><temp name="T1913"/><temp name="T2032"/><temp name="T1977"/><temp name="T1919"/><temp name="T693"/><temp name="T2048"/><temp name="T1891"/><temp name="T1936"/><temp name="T1960"/><temp name="T1966"/><temp name="T1886"/><temp name="T1946"/><temp name="T2022"/></temps></instruction><instruction code="SETL  T1968, 8"><temps name="use"/><temps name="def"><temp name="T1968"/></temps><temps name="in"><temp name="T659"/><temp name="T26"/><temp name="T1905"/><temp name="T1954"/><temp name="T1971"/><temp name="T1932"/><temp name="T2037"/><temp name="T2026"/><temp name="T2043"/><temp name="T1940"/><temp name="T1899"/><temp name="T1882"/><temp name="T1895"/><temp name="T1925"/><temp name="T1874"/><temp name="T1913"/><temp name="T2032"/><temp name="T1977"/><temp name="T1919"/><temp name="T693"/><temp name="T2048"/><temp name="T1891"/><temp name="T1936"/><temp name="T1960"/><temp name="T1966"/><temp name="T1886"/><temp name="T1946"/><temp name="T2022"/></temps><temps name="out"><temp name="T659"/><temp name="T26"/><temp name="T1905"/><temp name="T1954"/><temp name="T1971"/><temp name="T1932"/><temp name="T2037"/><temp name="T2026"/><temp name="T2043"/><temp name="T1940"/><temp name="T1899"/><temp name="T1882"/><temp name="T1895"/><temp name="T1925"/><temp name="T1874"/><temp name="T1913"/><temp name="T2032"/><temp name="T1977"/><temp name="T1919"/><temp name="T693"/><temp name="T2048"/><temp name="T1891"/><temp name="T1936"/><temp name="T1960"/><temp name="T1966"/><temp name="T1886"/><temp name="T1946"/><temp name="T2022"/></temps></instruction><instruction code="INCML T1968, 0"><temps name="use"/><temps name="def"><temp name="T1968"/></temps><temps name="in"><temp name="T659"/><temp name="T26"/><temp name="T1905"/><temp name="T1954"/><temp name="T1971"/><temp name="T1932"/><temp name="T2037"/><temp name="T2026"/><temp name="T2043"/><temp name="T1940"/><temp name="T1899"/><temp name="T1882"/><temp name="T1895"/><temp name="T1925"/><temp name="T1874"/><temp name="T1913"/><temp name="T2032"/><temp name="T1977"/><temp name="T1919"/><temp name="T693"/><temp name="T2048"/><temp name="T1891"/><temp name="T1936"/><temp name="T1960"/><temp name="T1966"/><temp name="T1886"/><temp name="T1946"/><temp name="T2022"/></temps><temps name="out"><temp name="T659"/><temp name="T26"/><temp name="T1905"/><temp name="T1954"/><temp name="T1971"/><temp name="T1932"/><temp name="T2037"/><temp name="T2026"/><temp name="T2043"/><temp name="T1940"/><temp name="T1899"/><temp name="T1882"/><temp name="T1895"/><temp name="T1925"/><temp name="T1874"/><temp name="T1913"/><temp name="T2032"/><temp name="T1977"/><temp name="T1919"/><temp name="T693"/><temp name="T2048"/><temp name="T1891"/><temp name="T1936"/><temp name="T1960"/><temp name="T1966"/><temp name="T1886"/><temp name="T1946"/><temp name="T2022"/></temps></instruction><instruction code="INCMH T1968, 0"><temps name="use"/><temps name="def"><temp name="T1968"/></temps><temps name="in"><temp name="T659"/><temp name="T26"/><temp name="T1905"/><temp name="T1954"/><temp name="T1971"/><temp name="T1932"/><temp name="T2037"/><temp name="T2026"/><temp name="T2043"/><temp name="T1940"/><temp name="T1899"/><temp name="T1882"/><temp name="T1895"/><temp name="T1925"/><temp name="T1874"/><temp name="T1913"/><temp name="T2032"/><temp name="T1977"/><temp name="T1919"/><temp name="T693"/><temp name="T2048"/><temp name="T1891"/><temp name="T1936"/><temp name="T1960"/><temp name="T1966"/><temp name="T1886"/><temp name="T1946"/><temp name="T2022"/></temps><temps name="out"><temp name="T659"/><temp name="T26"/><temp name="T1905"/><temp name="T1954"/><temp name="T1971"/><temp name="T1932"/><temp name="T2037"/><temp name="T2026"/><temp name="T2043"/><temp name="T1940"/><temp name="T1899"/><temp name="T1882"/><temp name="T1895"/><temp name="T1925"/><temp name="T1874"/><temp name="T1913"/><temp name="T2032"/><temp name="T1977"/><temp name="T1919"/><temp name="T693"/><temp name="T2048"/><temp name="T1891"/><temp name="T1936"/><temp name="T1960"/><temp name="T1966"/><temp name="T1886"/><temp name="T1946"/><temp name="T2022"/></temps></instruction><instruction code="INCH  T1968, 0"><temps name="use"/><temps name="def"><temp name="T1968"/></temps><temps name="in"><temp name="T659"/><temp name="T26"/><temp name="T1905"/><temp name="T1954"/><temp name="T1971"/><temp name="T1932"/><temp name="T2037"/><temp name="T2026"/><temp name="T2043"/><temp name="T1940"/><temp name="T1899"/><temp name="T1882"/><temp name="T1895"/><temp name="T1925"/><temp name="T1874"/><temp name="T1913"/><temp name="T2032"/><temp name="T1977"/><temp name="T1919"/><temp name="T693"/><temp name="T2048"/><temp name="T1891"/><temp name="T1936"/><temp name="T1960"/><temp name="T1966"/><temp name="T1886"/><temp name="T1946"/><temp name="T2022"/></temps><temps name="out"><temp name="T659"/><temp name="T26"/><temp name="T1905"/><temp name="T1954"/><temp name="T1971"/><temp name="T1932"/><temp name="T2037"/><temp name="T2026"/><temp name="T2043"/><temp name="T1940"/><temp name="T1899"/><temp name="T1882"/><temp name="T1895"/><temp name="T1925"/><temp name="T1874"/><temp name="T1913"/><temp name="T2032"/><temp name="T1968"/><temp name="T1977"/><temp name="T1919"/><temp name="T693"/><temp name="T2048"/><temp name="T1891"/><temp name="T1936"/><temp name="T1960"/><temp name="T1966"/><temp name="T1886"/><temp name="T1946"/><temp name="T2022"/></temps></instruction><instruction code="OR T694, T1968, 0"><temps name="use"><temp name="T1968"/></temps><temps name="def"><temp name="T694"/></temps><temps name="in"><temp name="T659"/><temp name="T26"/><temp name="T1905"/><temp name="T1954"/><temp name="T1971"/><temp name="T1932"/><temp name="T2037"/><temp name="T2026"/><temp name="T2043"/><temp name="T1940"/><temp name="T1899"/><temp name="T1882"/><temp name="T1895"/><temp name="T1925"/><temp name="T1874"/><temp name="T1913"/><temp name="T2032"/><temp name="T1968"/><temp name="T1977"/><temp name="T1919"/><temp name="T693"/><temp name="T2048"/><temp name="T1891"/><temp name="T1936"/><temp name="T1960"/><temp name="T1966"/><temp name="T1886"/><temp name="T1946"/><temp name="T2022"/></temps><temps name="out"><temp name="T659"/><temp name="T26"/><temp name="T1905"/><temp name="T1954"/><temp name="T1971"/><temp name="T1932"/><temp name="T2037"/><temp name="T2026"/><temp name="T2043"/><temp name="T694"/><temp name="T1940"/><temp name="T1899"/><temp name="T1882"/><temp name="T1895"/><temp name="T1925"/><temp name="T1874"/><temp name="T1913"/><temp name="T2032"/><temp name="T1977"/><temp name="T1919"/><temp name="T693"/><temp name="T2048"/><temp name="T1891"/><temp name="T1936"/><temp name="T1960"/><temp name="T1966"/><temp name="T1886"/><temp name="T1946"/><temp name="T2022"/></temps></instruction><instruction code="MUL T1969, T693, T694"><temps name="use"><temp name="T693"/><temp name="T694"/></temps><temps name="def"><temp name="T1969"/></temps><temps name="in"><temp name="T659"/><temp name="T26"/><temp name="T1905"/><temp name="T1954"/><temp name="T1971"/><temp name="T1932"/><temp name="T2037"/><temp name="T2026"/><temp name="T2043"/><temp name="T694"/><temp name="T1940"/><temp name="T1899"/><temp name="T1882"/><temp name="T1895"/><temp name="T1925"/><temp name="T1874"/><temp name="T1913"/><temp name="T2032"/><temp name="T1977"/><temp name="T1919"/><temp name="T693"/><temp name="T2048"/><temp name="T1891"/><temp name="T1936"/><temp name="T1960"/><temp name="T1966"/><temp name="T1886"/><temp name="T1946"/><temp name="T2022"/></temps><temps name="out"><temp name="T659"/><temp name="T26"/><temp name="T1905"/><temp name="T1954"/><temp name="T1971"/><temp name="T1932"/><temp name="T2037"/><temp name="T2026"/><temp name="T2043"/><temp name="T1940"/><temp name="T1899"/><temp name="T1882"/><temp name="T1895"/><temp name="T1925"/><temp name="T1874"/><temp name="T1913"/><temp name="T2032"/><temp name="T1977"/><temp name="T1919"/><temp name="T2048"/><temp name="T1891"/><temp name="T1936"/><temp name="T1960"/><temp name="T1966"/><temp name="T1886"/><temp name="T1946"/><temp name="T2022"/><temp name="T1969"/></temps></instruction><instruction code="OR T695, T1969, 0"><temps name="use"><temp name="T1969"/></temps><temps name="def"><temp name="T695"/></temps><temps name="in"><temp name="T659"/><temp name="T26"/><temp name="T1905"/><temp name="T1954"/><temp name="T1971"/><temp name="T1932"/><temp name="T2037"/><temp name="T2026"/><temp name="T2043"/><temp name="T1940"/><temp name="T1899"/><temp name="T1882"/><temp name="T1895"/><temp name="T1925"/><temp name="T1874"/><temp name="T1913"/><temp name="T2032"/><temp name="T1977"/><temp name="T1919"/><temp name="T2048"/><temp name="T1891"/><temp name="T1936"/><temp name="T1960"/><temp name="T1966"/><temp name="T1886"/><temp name="T1946"/><temp name="T2022"/><temp name="T1969"/></temps><temps name="out"><temp name="T659"/><temp name="T26"/><temp name="T1905"/><temp name="T1954"/><temp name="T1971"/><temp name="T1932"/><temp name="T2037"/><temp name="T2026"/><temp name="T2043"/><temp name="T1940"/><temp name="T1899"/><temp name="T1882"/><temp name="T1895"/><temp name="T1925"/><temp name="T1874"/><temp name="T1913"/><temp name="T2032"/><temp name="T1977"/><temp name="T1919"/><temp name="T695"/><temp name="T2048"/><temp name="T1891"/><temp name="T1936"/><temp name="T1960"/><temp name="T1966"/><temp name="T1886"/><temp name="T1946"/><temp name="T2022"/></temps></instruction><instruction code="ADD T1970, T659, T695"><temps name="use"><temp name="T659"/><temp name="T695"/></temps><temps name="def"><temp name="T1970"/></temps><temps name="in"><temp name="T659"/><temp name="T26"/><temp name="T1905"/><temp name="T1954"/><temp name="T1971"/><temp name="T1932"/><temp name="T2037"/><temp name="T2026"/><temp name="T2043"/><temp name="T1940"/><temp name="T1899"/><temp name="T1882"/><temp name="T1895"/><temp name="T1925"/><temp name="T1874"/><temp name="T1913"/><temp name="T2032"/><temp name="T1977"/><temp name="T1919"/><temp name="T695"/><temp name="T2048"/><temp name="T1891"/><temp name="T1936"/><temp name="T1960"/><temp name="T1966"/><temp name="T1886"/><temp name="T1946"/><temp name="T2022"/></temps><temps name="out"><temp name="T26"/><temp name="T1905"/><temp name="T1954"/><temp name="T1971"/><temp name="T1932"/><temp name="T2037"/><temp name="T2026"/><temp name="T2043"/><temp name="T1940"/><temp name="T1899"/><temp name="T1970"/><temp name="T1882"/><temp name="T1895"/><temp name="T1925"/><temp name="T1874"/><temp name="T1913"/><temp name="T2032"/><temp name="T1977"/><temp name="T1919"/><temp name="T2048"/><temp name="T1891"/><temp name="T1936"/><temp name="T1960"/><temp name="T1966"/><temp name="T1886"/><temp name="T1946"/><temp name="T2022"/></temps></instruction><instruction code="OR T696, T1970, 0"><temps name="use"><temp name="T1970"/></temps><temps name="def"><temp name="T696"/></temps><temps name="in"><temp name="T26"/><temp name="T1905"/><temp name="T1954"/><temp name="T1971"/><temp name="T1932"/><temp name="T2037"/><temp name="T2026"/><temp name="T2043"/><temp name="T1940"/><temp name="T1899"/><temp name="T1970"/><temp name="T1882"/><temp name="T1895"/><temp name="T1925"/><temp name="T1874"/><temp name="T1913"/><temp name="T2032"/><temp name="T1977"/><temp name="T1919"/><temp name="T2048"/><temp name="T1891"/><temp name="T1936"/><temp name="T1960"/><temp name="T1966"/><temp name="T1886"/><temp name="T1946"/><temp name="T2022"/></temps><temps name="out"><temp name="T26"/><temp name="T1905"/><temp name="T1954"/><temp name="T1971"/><temp name="T1932"/><temp name="T2037"/><temp name="T2026"/><temp name="T2043"/><temp name="T1940"/><temp name="T1899"/><temp name="T1882"/><temp name="T1895"/><temp name="T1925"/><temp name="T1874"/><temp name="T1913"/><temp name="T2032"/><temp name="T1977"/><temp name="T1919"/><temp name="T2048"/><temp name="T1891"/><temp name="T1936"/><temp name="T1960"/><temp name="T1966"/><temp name="T1886"/><temp name="T1946"/><temp name="T2022"/></temps></instruction><instruction code="LDO T1972, T1971, 0"><temps name="use"><temp name="T1971"/></temps><temps name="def"><temp name="T1972"/></temps><temps name="in"><temp name="T26"/><temp name="T1905"/><temp name="T1954"/><temp name="T1971"/><temp name="T1932"/><temp name="T2037"/><temp name="T2026"/><temp name="T2043"/><temp name="T1940"/><temp name="T1899"/><temp name="T1882"/><temp name="T1895"/><temp name="T1925"/><temp name="T1874"/><temp name="T1913"/><temp name="T2032"/><temp name="T1977"/><temp name="T1919"/><temp name="T2048"/><temp name="T1891"/><temp name="T1936"/><temp name="T1960"/><temp name="T1966"/><temp name="T1886"/><temp name="T1946"/><temp name="T2022"/></temps><temps name="out"><temp name="T26"/><temp name="T1905"/><temp name="T1954"/><temp name="T1971"/><temp name="T1932"/><temp name="T2037"/><temp name="T2026"/><temp name="T2043"/><temp name="T1940"/><temp name="T1899"/><temp name="T1882"/><temp name="T1972"/><temp name="T1895"/><temp name="T1925"/><temp name="T1874"/><temp name="T1913"/><temp name="T2032"/><temp name="T1977"/><temp name="T1919"/><temp name="T2048"/><temp name="T1891"/><temp name="T1936"/><temp name="T1960"/><temp name="T1966"/><temp name="T1886"/><temp name="T1946"/><temp name="T2022"/></temps></instruction><instruction code="OR T697, T1972, 0"><temps name="use"><temp name="T1972"/></temps><temps name="def"><temp name="T697"/></temps><temps name="in"><temp name="T26"/><temp name="T1905"/><temp name="T1954"/><temp name="T1971"/><temp name="T1932"/><temp name="T2037"/><temp name="T2026"/><temp name="T2043"/><temp name="T1940"/><temp name="T1899"/><temp name="T1882"/><temp name="T1972"/><temp name="T1895"/><temp name="T1925"/><temp name="T1874"/><temp name="T1913"/><temp name="T2032"/><temp name="T1977"/><temp name="T1919"/><temp name="T2048"/><temp name="T1891"/><temp name="T1936"/><temp name="T1960"/><temp name="T1966"/><temp name="T1886"/><temp name="T1946"/><temp name="T2022"/></temps><temps name="out"><temp name="T26"/><temp name="T1905"/><temp name="T1954"/><temp name="T1971"/><temp name="T1932"/><temp name="T2037"/><temp name="T2026"/><temp name="T2043"/><temp name="T1940"/><temp name="T1899"/><temp name="T1882"/><temp name="T1895"/><temp name="T1925"/><temp name="T1874"/><temp name="T1913"/><temp name="T2032"/><temp name="T1977"/><temp name="T1919"/><temp name="T2048"/><temp name="T1891"/><temp name="T1936"/><temp name="T1960"/><temp name="T1966"/><temp name="T697"/><temp name="T1886"/><temp name="T1946"/><temp name="T2022"/></temps></instruction><instruction code="BNZ T697, L75"><temps name="use"><temp name="T697"/></temps><temps name="def"/><temps name="in"><temp name="T26"/><temp name="T1905"/><temp name="T1954"/><temp name="T1971"/><temp name="T1932"/><temp name="T2037"/><temp name="T2026"/><temp name="T2043"/><temp name="T1940"/><temp name="T1899"/><temp name="T1882"/><temp name="T1895"/><temp name="T1925"/><temp name="T1874"/><temp name="T1913"/><temp name="T2032"/><temp name="T1977"/><temp name="T1919"/><temp name="T2048"/><temp name="T1891"/><temp name="T1936"/><temp name="T1960"/><temp name="T1966"/><temp name="T697"/><temp name="T1886"/><temp name="T1946"/><temp name="T2022"/></temps><temps name="out"><temp name="T26"/><temp name="T1905"/><temp name="T1954"/><temp name="T1971"/><temp name="T1932"/><temp name="T2037"/><temp name="T2026"/><temp name="T2043"/><temp name="T1940"/><temp name="T1899"/><temp name="T1882"/><temp name="T1895"/><temp name="T1925"/><temp name="T1874"/><temp name="T1913"/><temp name="T2032"/><temp name="T1977"/><temp name="T1919"/><temp name="T2048"/><temp name="T1891"/><temp name="T1936"/><temp name="T1960"/><temp name="T1966"/><temp name="T1886"/><temp name="T1946"/><temp name="T2022"/></temps></instruction><instruction code="L147"><temps name="use"/><temps name="def"/><temps name="in"><temp name="T26"/><temp name="T1905"/><temp name="T1954"/><temp name="T1971"/><temp name="T1932"/><temp name="T2037"/><temp name="T2026"/><temp name="T2043"/><temp name="T1940"/><temp name="T1899"/><temp name="T1882"/><temp name="T1895"/><temp name="T1925"/><temp name="T1874"/><temp name="T1913"/><temp name="T2032"/><temp name="T1977"/><temp name="T1919"/><temp name="T2048"/><temp name="T1891"/><temp name="T1936"/><temp name="T1960"/><temp name="T1966"/><temp name="T1886"/><temp name="T1946"/><temp name="T2022"/></temps><temps name="out"><temp name="T26"/><temp name="T1905"/><temp name="T1954"/><temp name="T1971"/><temp name="T1932"/><temp name="T2037"/><temp name="T2026"/><temp name="T2043"/><temp name="T1940"/><temp name="T1899"/><temp name="T1882"/><temp name="T1895"/><temp name="T1925"/><temp name="T1874"/><temp name="T1913"/><temp name="T2032"/><temp name="T1977"/><temp name="T1919"/><temp name="T2048"/><temp name="T1891"/><temp name="T1936"/><temp name="T1960"/><temp name="T1966"/><temp name="T1886"/><temp name="T1946"/><temp name="T2022"/></temps></instruction><instruction code="LDA T1973, L76"><temps name="use"/><temps name="def"><temp name="T1973"/></temps><temps name="in"><temp name="T26"/><temp name="T1905"/><temp name="T1954"/><temp name="T1971"/><temp name="T1932"/><temp name="T2037"/><temp name="T2026"/><temp name="T2043"/><temp name="T1940"/><temp name="T1899"/><temp name="T1882"/><temp name="T1895"/><temp name="T1925"/><temp name="T1874"/><temp name="T1913"/><temp name="T2032"/><temp name="T1977"/><temp name="T1919"/><temp name="T2048"/><temp name="T1891"/><temp name="T1936"/><temp name="T1960"/><temp name="T1966"/><temp name="T1886"/><temp name="T1946"/><temp name="T2022"/></temps><temps name="out"><temp name="T26"/><temp name="T1905"/><temp name="T1954"/><temp name="T1971"/><temp name="T1932"/><temp name="T2037"/><temp name="T2026"/><temp name="T2043"/><temp name="T1940"/><temp name="T1899"/><temp name="T1882"/><temp name="T1895"/><temp name="T1925"/><temp name="T1874"/><temp name="T1913"/><temp name="T2032"/><temp name="T1977"/><temp name="T1919"/><temp name="T2048"/><temp name="T1891"/><temp name="T1936"/><temp name="T1973"/><temp name="T1960"/><temp name="T1966"/><temp name="T1886"/><temp name="T1946"/><temp name="T2022"/></temps></instruction><instruction code="GO T1973, T1973, 0"><temps name="use"><temp name="T1973"/></temps><temps name="def"><temp name="T1973"/></temps><temps name="in"><temp name="T26"/><temp name="T1905"/><temp name="T1954"/><temp name="T1971"/><temp name="T1932"/><temp name="T2037"/><temp name="T2026"/><temp name="T2043"/><temp name="T1940"/><temp name="T1899"/><temp name="T1882"/><temp name="T1895"/><temp name="T1925"/><temp name="T1874"/><temp name="T1913"/><temp name="T2032"/><temp name="T1977"/><temp name="T1919"/><temp name="T2048"/><temp name="T1891"/><temp name="T1936"/><temp name="T1973"/><temp name="T1960"/><temp name="T1966"/><temp name="T1886"/><temp name="T1946"/><temp name="T2022"/></temps><temps name="out"><temp name="T26"/><temp name="T1905"/><temp name="T1954"/><temp name="T1971"/><temp name="T1932"/><temp name="T2037"/><temp name="T2026"/><temp name="T2043"/><temp name="T1940"/><temp name="T1899"/><temp name="T1882"/><temp name="T1895"/><temp name="T1925"/><temp name="T1874"/><temp name="T1913"/><temp name="T2032"/><temp name="T1977"/><temp name="T1919"/><temp name="T2048"/><temp name="T1891"/><temp name="T1936"/><temp name="T1960"/><temp name="T1966"/><temp name="T1886"/><temp name="T1946"/><temp name="T2022"/></temps></instruction><instruction code="L75"><temps name="use"/><temps name="def"/><temps name="in"><temp name="T26"/><temp name="T1905"/><temp name="T1954"/><temp name="T1971"/><temp name="T1932"/><temp name="T2037"/><temp name="T2026"/><temp name="T2043"/><temp name="T1940"/><temp name="T1899"/><temp name="T1882"/><temp name="T1895"/><temp name="T1925"/><temp name="T1874"/><temp name="T1913"/><temp name="T2032"/><temp name="T1977"/><temp name="T1919"/><temp name="T2048"/><temp name="T1891"/><temp name="T1936"/><temp name="T1960"/><temp name="T1966"/><temp name="T1886"/><temp name="T1946"/><temp name="T2022"/></temps><temps name="out"><temp name="T26"/><temp name="T1905"/><temp name="T1954"/><temp name="T1971"/><temp name="T1932"/><temp name="T2037"/><temp name="T2026"/><temp name="T2043"/><temp name="T1940"/><temp name="T1899"/><temp name="T1882"/><temp name="T1895"/><temp name="T1925"/><temp name="T1874"/><temp name="T1913"/><temp name="T2032"/><temp name="T1977"/><temp name="T1919"/><temp name="T2048"/><temp name="T1891"/><temp name="T1936"/><temp name="T1960"/><temp name="T1966"/><temp name="T1886"/><temp name="T1946"/><temp name="T2022"/></temps></instruction><instruction code="SETL  T1974, 0"><temps name="use"/><temps name="def"><temp name="T1974"/></temps><temps name="in"><temp name="T26"/><temp name="T1905"/><temp name="T1954"/><temp name="T1971"/><temp name="T1932"/><temp name="T2037"/><temp name="T2026"/><temp name="T2043"/><temp name="T1940"/><temp name="T1899"/><temp name="T1882"/><temp name="T1895"/><temp name="T1925"/><temp name="T1874"/><temp name="T1913"/><temp name="T2032"/><temp name="T1977"/><temp name="T1919"/><temp name="T2048"/><temp name="T1891"/><temp name="T1936"/><temp name="T1960"/><temp name="T1966"/><temp name="T1886"/><temp name="T1946"/><temp name="T2022"/></temps><temps name="out"><temp name="T26"/><temp name="T1905"/><temp name="T1954"/><temp name="T1971"/><temp name="T1932"/><temp name="T2037"/><temp name="T2026"/><temp name="T2043"/><temp name="T1940"/><temp name="T1899"/><temp name="T1882"/><temp name="T1895"/><temp name="T1925"/><temp name="T1874"/><temp name="T1913"/><temp name="T2032"/><temp name="T1977"/><temp name="T1919"/><temp name="T2048"/><temp name="T1891"/><temp name="T1936"/><temp name="T1960"/><temp name="T1966"/><temp name="T1886"/><temp name="T1946"/><temp name="T2022"/></temps></instruction><instruction code="INCML T1974, 0"><temps name="use"/><temps name="def"><temp name="T1974"/></temps><temps name="in"><temp name="T26"/><temp name="T1905"/><temp name="T1954"/><temp name="T1971"/><temp name="T1932"/><temp name="T2037"/><temp name="T2026"/><temp name="T2043"/><temp name="T1940"/><temp name="T1899"/><temp name="T1882"/><temp name="T1895"/><temp name="T1925"/><temp name="T1874"/><temp name="T1913"/><temp name="T2032"/><temp name="T1977"/><temp name="T1919"/><temp name="T2048"/><temp name="T1891"/><temp name="T1936"/><temp name="T1960"/><temp name="T1966"/><temp name="T1886"/><temp name="T1946"/><temp name="T2022"/></temps><temps name="out"><temp name="T26"/><temp name="T1905"/><temp name="T1954"/><temp name="T1971"/><temp name="T1932"/><temp name="T2037"/><temp name="T2026"/><temp name="T2043"/><temp name="T1940"/><temp name="T1899"/><temp name="T1882"/><temp name="T1895"/><temp name="T1925"/><temp name="T1874"/><temp name="T1913"/><temp name="T2032"/><temp name="T1977"/><temp name="T1919"/><temp name="T2048"/><temp name="T1891"/><temp name="T1936"/><temp name="T1960"/><temp name="T1966"/><temp name="T1886"/><temp name="T1946"/><temp name="T2022"/></temps></instruction><instruction code="INCMH T1974, 0"><temps name="use"/><temps name="def"><temp name="T1974"/></temps><temps name="in"><temp name="T26"/><temp name="T1905"/><temp name="T1954"/><temp name="T1971"/><temp name="T1932"/><temp name="T2037"/><temp name="T2026"/><temp name="T2043"/><temp name="T1940"/><temp name="T1899"/><temp name="T1882"/><temp name="T1895"/><temp name="T1925"/><temp name="T1874"/><temp name="T1913"/><temp name="T2032"/><temp name="T1977"/><temp name="T1919"/><temp name="T2048"/><temp name="T1891"/><temp name="T1936"/><temp name="T1960"/><temp name="T1966"/><temp name="T1886"/><temp name="T1946"/><temp name="T2022"/></temps><temps name="out"><temp name="T26"/><temp name="T1905"/><temp name="T1954"/><temp name="T1971"/><temp name="T1932"/><temp name="T2037"/><temp name="T2026"/><temp name="T2043"/><temp name="T1940"/><temp name="T1899"/><temp name="T1882"/><temp name="T1895"/><temp name="T1925"/><temp name="T1874"/><temp name="T1913"/><temp name="T2032"/><temp name="T1977"/><temp name="T1919"/><temp name="T2048"/><temp name="T1891"/><temp name="T1936"/><temp name="T1960"/><temp name="T1966"/><temp name="T1886"/><temp name="T1946"/><temp name="T2022"/></temps></instruction><instruction code="INCH  T1974, 0"><temps name="use"/><temps name="def"><temp name="T1974"/></temps><temps name="in"><temp name="T26"/><temp name="T1905"/><temp name="T1954"/><temp name="T1971"/><temp name="T1932"/><temp name="T2037"/><temp name="T2026"/><temp name="T2043"/><temp name="T1940"/><temp name="T1899"/><temp name="T1882"/><temp name="T1895"/><temp name="T1925"/><temp name="T1874"/><temp name="T1913"/><temp name="T2032"/><temp name="T1977"/><temp name="T1919"/><temp name="T2048"/><temp name="T1891"/><temp name="T1936"/><temp name="T1960"/><temp name="T1966"/><temp name="T1886"/><temp name="T1946"/><temp name="T2022"/></temps><temps name="out"><temp name="T26"/><temp name="T1905"/><temp name="T1954"/><temp name="T1971"/><temp name="T1932"/><temp name="T2037"/><temp name="T2026"/><temp name="T2043"/><temp name="T1974"/><temp name="T1940"/><temp name="T1899"/><temp name="T1882"/><temp name="T1895"/><temp name="T1925"/><temp name="T1874"/><temp name="T1913"/><temp name="T2032"/><temp name="T1977"/><temp name="T1919"/><temp name="T2048"/><temp name="T1891"/><temp name="T1936"/><temp name="T1960"/><temp name="T1966"/><temp name="T1886"/><temp name="T1946"/><temp name="T2022"/></temps></instruction><instruction code="OR T698, T1974, 0"><temps name="use"><temp name="T1974"/></temps><temps name="def"><temp name="T698"/></temps><temps name="in"><temp name="T26"/><temp name="T1905"/><temp name="T1954"/><temp name="T1971"/><temp name="T1932"/><temp name="T2037"/><temp name="T2026"/><temp name="T2043"/><temp name="T1974"/><temp name="T1940"/><temp name="T1899"/><temp name="T1882"/><temp name="T1895"/><temp name="T1925"/><temp name="T1874"/><temp name="T1913"/><temp name="T2032"/><temp name="T1977"/><temp name="T1919"/><temp name="T2048"/><temp name="T1891"/><temp name="T1936"/><temp name="T1960"/><temp name="T1966"/><temp name="T1886"/><temp name="T1946"/><temp name="T2022"/></temps><temps name="out"><temp name="T26"/><temp name="T1905"/><temp name="T1954"/><temp name="T1971"/><temp name="T1932"/><temp name="T2037"/><temp name="T2026"/><temp name="T2043"/><temp name="T1940"/><temp name="T1899"/><temp name="T1882"/><temp name="T1895"/><temp name="T1925"/><temp name="T1874"/><temp name="T1913"/><temp name="T2032"/><temp name="T1977"/><temp name="T1919"/><temp name="T2048"/><temp name="T1891"/><temp name="T1936"/><temp name="T1960"/><temp name="T1966"/><temp name="T698"/><temp name="T1886"/><temp name="T1946"/><temp name="T2022"/></temps></instruction><instruction code="LDO T1978, T1977, 0"><temps name="use"><temp name="T1977"/></temps><temps name="def"><temp name="T1978"/></temps><temps name="in"><temp name="T26"/><temp name="T1905"/><temp name="T1954"/><temp name="T1971"/><temp name="T1932"/><temp name="T2037"/><temp name="T2026"/><temp name="T2043"/><temp name="T1940"/><temp name="T1899"/><temp name="T1882"/><temp name="T1895"/><temp name="T1925"/><temp name="T1874"/><temp name="T1913"/><temp name="T2032"/><temp name="T1977"/><temp name="T1919"/><temp name="T2048"/><temp name="T1891"/><temp name="T1936"/><temp name="T1960"/><temp name="T1966"/><temp name="T698"/><temp name="T1886"/><temp name="T1946"/><temp name="T2022"/></temps><temps name="out"><temp name="T26"/><temp name="T1905"/><temp name="T1954"/><temp name="T1971"/><temp name="T1932"/><temp name="T2037"/><temp name="T2026"/><temp name="T2043"/><temp name="T1940"/><temp name="T1899"/><temp name="T1882"/><temp name="T1895"/><temp name="T1925"/><temp name="T1874"/><temp name="T1913"/><temp name="T2032"/><temp name="T1977"/><temp name="T1919"/><temp name="T2048"/><temp name="T1891"/><temp name="T1936"/><temp name="T1960"/><temp name="T1966"/><temp name="T698"/><temp name="T1886"/><temp name="T1946"/><temp name="T2022"/><temp name="T1978"/></temps></instruction><instruction code="STO T1978, T698, 0"><temps name="use"><temp name="T1978"/><temp name="T698"/></temps><temps name="def"/><temps name="in"><temp name="T26"/><temp name="T1905"/><temp name="T1954"/><temp name="T1971"/><temp name="T1932"/><temp name="T2037"/><temp name="T2026"/><temp name="T2043"/><temp name="T1940"/><temp name="T1899"/><temp name="T1882"/><temp name="T1895"/><temp name="T1925"/><temp name="T1874"/><temp name="T1913"/><temp name="T2032"/><temp name="T1977"/><temp name="T1919"/><temp name="T2048"/><temp name="T1891"/><temp name="T1936"/><temp name="T1960"/><temp name="T1966"/><temp name="T698"/><temp name="T1886"/><temp name="T1946"/><temp name="T2022"/><temp name="T1978"/></temps><temps name="out"><temp name="T26"/><temp name="T1905"/><temp name="T1954"/><temp name="T1971"/><temp name="T1932"/><temp name="T2037"/><temp name="T2026"/><temp name="T2043"/><temp name="T1940"/><temp name="T1899"/><temp name="T1882"/><temp name="T1895"/><temp name="T1925"/><temp name="T1874"/><temp name="T1913"/><temp name="T2032"/><temp name="T1977"/><temp name="T1919"/><temp name="T2048"/><temp name="T1891"/><temp name="T1936"/><temp name="T1960"/><temp name="T1966"/><temp name="T1886"/><temp name="T1946"/><temp name="T2022"/></temps></instruction><instruction code="LDA T1979, L77"><temps name="use"/><temps name="def"><temp name="T1979"/></temps><temps name="in"><temp name="T26"/><temp name="T1905"/><temp name="T1954"/><temp name="T1971"/><temp name="T1932"/><temp name="T2037"/><temp name="T2026"/><temp name="T2043"/><temp name="T1940"/><temp name="T1899"/><temp name="T1882"/><temp name="T1895"/><temp name="T1925"/><temp name="T1874"/><temp name="T1913"/><temp name="T2032"/><temp name="T1977"/><temp name="T1919"/><temp name="T2048"/><temp name="T1891"/><temp name="T1936"/><temp name="T1960"/><temp name="T1966"/><temp name="T1886"/><temp name="T1946"/><temp name="T2022"/></temps><temps name="out"><temp name="T26"/><temp name="T1905"/><temp name="T1954"/><temp name="T1971"/><temp name="T1932"/><temp name="T2037"/><temp name="T2026"/><temp name="T2043"/><temp name="T1940"/><temp name="T1979"/><temp name="T1899"/><temp name="T1882"/><temp name="T1895"/><temp name="T1925"/><temp name="T1874"/><temp name="T1913"/><temp name="T2032"/><temp name="T1977"/><temp name="T1919"/><temp name="T2048"/><temp name="T1891"/><temp name="T1936"/><temp name="T1960"/><temp name="T1966"/><temp name="T1886"/><temp name="T1946"/><temp name="T2022"/></temps></instruction><instruction code="GO T1979, T1979, 0"><temps name="use"><temp name="T1979"/></temps><temps name="def"><temp name="T1979"/></temps><temps name="in"><temp name="T26"/><temp name="T1905"/><temp name="T1954"/><temp name="T1971"/><temp name="T1932"/><temp name="T2037"/><temp name="T2026"/><temp name="T2043"/><temp name="T1940"/><temp name="T1979"/><temp name="T1899"/><temp name="T1882"/><temp name="T1895"/><temp name="T1925"/><temp name="T1874"/><temp name="T1913"/><temp name="T2032"/><temp name="T1977"/><temp name="T1919"/><temp name="T2048"/><temp name="T1891"/><temp name="T1936"/><temp name="T1960"/><temp name="T1966"/><temp name="T1886"/><temp name="T1946"/><temp name="T2022"/></temps><temps name="out"><temp name="T26"/><temp name="T1905"/><temp name="T1954"/><temp name="T1971"/><temp name="T1932"/><temp name="T2037"/><temp name="T2026"/><temp name="T2043"/><temp name="T1940"/><temp name="T1899"/><temp name="T1882"/><temp name="T1895"/><temp name="T1925"/><temp name="T1874"/><temp name="T1913"/><temp name="T2032"/><temp name="T1977"/><temp name="T1919"/><temp name="T2048"/><temp name="T1891"/><temp name="T1936"/><temp name="T1960"/><temp name="T1966"/><temp name="T1886"/><temp name="T1946"/><temp name="T2022"/></temps></instruction><instruction code="L76"><temps name="use"/><temps name="def"/><temps name="in"><temp name="T26"/><temp name="T1905"/><temp name="T1954"/><temp name="T1971"/><temp name="T1932"/><temp name="T2037"/><temp name="T2026"/><temp name="T2043"/><temp name="T1940"/><temp name="T1899"/><temp name="T1882"/><temp name="T1895"/><temp name="T1925"/><temp name="T1874"/><temp name="T1913"/><temp name="T2032"/><temp name="T1977"/><temp name="T1919"/><temp name="T2048"/><temp name="T1891"/><temp name="T1936"/><temp name="T1960"/><temp name="T1966"/><temp name="T1886"/><temp name="T1946"/><temp name="T2022"/></temps><temps name="out"><temp name="T26"/><temp name="T1905"/><temp name="T1954"/><temp name="T1971"/><temp name="T1932"/><temp name="T2037"/><temp name="T2026"/><temp name="T2043"/><temp name="T1940"/><temp name="T1899"/><temp name="T1882"/><temp name="T1895"/><temp name="T1925"/><temp name="T1874"/><temp name="T1913"/><temp name="T2032"/><temp name="T1977"/><temp name="T1919"/><temp name="T2048"/><temp name="T1891"/><temp name="T1936"/><temp name="T1960"/><temp name="T1966"/><temp name="T1886"/><temp name="T1946"/><temp name="T2022"/></temps></instruction><instruction code="SETL  T1980, 1"><temps name="use"/><temps name="def"><temp name="T1980"/></temps><temps name="in"><temp name="T26"/><temp name="T1905"/><temp name="T1954"/><temp name="T1971"/><temp name="T1932"/><temp name="T2037"/><temp name="T2026"/><temp name="T2043"/><temp name="T1940"/><temp name="T1899"/><temp name="T1882"/><temp name="T1895"/><temp name="T1925"/><temp name="T1874"/><temp name="T1913"/><temp name="T2032"/><temp name="T1977"/><temp name="T1919"/><temp name="T2048"/><temp name="T1891"/><temp name="T1936"/><temp name="T1960"/><temp name="T1966"/><temp name="T1886"/><temp name="T1946"/><temp name="T2022"/></temps><temps name="out"><temp name="T26"/><temp name="T1905"/><temp name="T1954"/><temp name="T1971"/><temp name="T1932"/><temp name="T2037"/><temp name="T2026"/><temp name="T2043"/><temp name="T1940"/><temp name="T1899"/><temp name="T1882"/><temp name="T1895"/><temp name="T1925"/><temp name="T1874"/><temp name="T1913"/><temp name="T2032"/><temp name="T1977"/><temp name="T1919"/><temp name="T2048"/><temp name="T1891"/><temp name="T1936"/><temp name="T1960"/><temp name="T1966"/><temp name="T1886"/><temp name="T1946"/><temp name="T2022"/></temps></instruction><instruction code="INCML T1980, 0"><temps name="use"/><temps name="def"><temp name="T1980"/></temps><temps name="in"><temp name="T26"/><temp name="T1905"/><temp name="T1954"/><temp name="T1971"/><temp name="T1932"/><temp name="T2037"/><temp name="T2026"/><temp name="T2043"/><temp name="T1940"/><temp name="T1899"/><temp name="T1882"/><temp name="T1895"/><temp name="T1925"/><temp name="T1874"/><temp name="T1913"/><temp name="T2032"/><temp name="T1977"/><temp name="T1919"/><temp name="T2048"/><temp name="T1891"/><temp name="T1936"/><temp name="T1960"/><temp name="T1966"/><temp name="T1886"/><temp name="T1946"/><temp name="T2022"/></temps><temps name="out"><temp name="T26"/><temp name="T1905"/><temp name="T1954"/><temp name="T1971"/><temp name="T1932"/><temp name="T2037"/><temp name="T2026"/><temp name="T2043"/><temp name="T1940"/><temp name="T1899"/><temp name="T1882"/><temp name="T1895"/><temp name="T1925"/><temp name="T1874"/><temp name="T1913"/><temp name="T2032"/><temp name="T1977"/><temp name="T1919"/><temp name="T2048"/><temp name="T1891"/><temp name="T1936"/><temp name="T1960"/><temp name="T1966"/><temp name="T1886"/><temp name="T1946"/><temp name="T2022"/></temps></instruction><instruction code="INCMH T1980, 0"><temps name="use"/><temps name="def"><temp name="T1980"/></temps><temps name="in"><temp name="T26"/><temp name="T1905"/><temp name="T1954"/><temp name="T1971"/><temp name="T1932"/><temp name="T2037"/><temp name="T2026"/><temp name="T2043"/><temp name="T1940"/><temp name="T1899"/><temp name="T1882"/><temp name="T1895"/><temp name="T1925"/><temp name="T1874"/><temp name="T1913"/><temp name="T2032"/><temp name="T1977"/><temp name="T1919"/><temp name="T2048"/><temp name="T1891"/><temp name="T1936"/><temp name="T1960"/><temp name="T1966"/><temp name="T1886"/><temp name="T1946"/><temp name="T2022"/></temps><temps name="out"><temp name="T26"/><temp name="T1905"/><temp name="T1954"/><temp name="T1971"/><temp name="T1932"/><temp name="T2037"/><temp name="T2026"/><temp name="T2043"/><temp name="T1940"/><temp name="T1899"/><temp name="T1882"/><temp name="T1895"/><temp name="T1925"/><temp name="T1874"/><temp name="T1913"/><temp name="T2032"/><temp name="T1977"/><temp name="T1919"/><temp name="T2048"/><temp name="T1891"/><temp name="T1936"/><temp name="T1960"/><temp name="T1966"/><temp name="T1886"/><temp name="T1946"/><temp name="T2022"/></temps></instruction><instruction code="INCH  T1980, 0"><temps name="use"/><temps name="def"><temp name="T1980"/></temps><temps name="in"><temp name="T26"/><temp name="T1905"/><temp name="T1954"/><temp name="T1971"/><temp name="T1932"/><temp name="T2037"/><temp name="T2026"/><temp name="T2043"/><temp name="T1940"/><temp name="T1899"/><temp name="T1882"/><temp name="T1895"/><temp name="T1925"/><temp name="T1874"/><temp name="T1913"/><temp name="T2032"/><temp name="T1977"/><temp name="T1919"/><temp name="T2048"/><temp name="T1891"/><temp name="T1936"/><temp name="T1960"/><temp name="T1966"/><temp name="T1886"/><temp name="T1946"/><temp name="T2022"/></temps><temps name="out"><temp name="T26"/><temp name="T1905"/><temp name="T1954"/><temp name="T1971"/><temp name="T1932"/><temp name="T2037"/><temp name="T2026"/><temp name="T2043"/><temp name="T1940"/><temp name="T1899"/><temp name="T1882"/><temp name="T1895"/><temp name="T1925"/><temp name="T1874"/><temp name="T1913"/><temp name="T2032"/><temp name="T1977"/><temp name="T1919"/><temp name="T2048"/><temp name="T1980"/><temp name="T1891"/><temp name="T1936"/><temp name="T1960"/><temp name="T1966"/><temp name="T1886"/><temp name="T1946"/><temp name="T2022"/></temps></instruction><instruction code="OR T699, T1980, 0"><temps name="use"><temp name="T1980"/></temps><temps name="def"><temp name="T699"/></temps><temps name="in"><temp name="T26"/><temp name="T1905"/><temp name="T1954"/><temp name="T1971"/><temp name="T1932"/><temp name="T2037"/><temp name="T2026"/><temp name="T2043"/><temp name="T1940"/><temp name="T1899"/><temp name="T1882"/><temp name="T1895"/><temp name="T1925"/><temp name="T1874"/><temp name="T1913"/><temp name="T2032"/><temp name="T1977"/><temp name="T1919"/><temp name="T2048"/><temp name="T1980"/><temp name="T1891"/><temp name="T1936"/><temp name="T1960"/><temp name="T1966"/><temp name="T1886"/><temp name="T1946"/><temp name="T2022"/></temps><temps name="out"><temp name="T26"/><temp name="T1905"/><temp name="T1954"/><temp name="T1971"/><temp name="T1932"/><temp name="T2037"/><temp name="T2026"/><temp name="T2043"/><temp name="T1940"/><temp name="T1899"/><temp name="T1882"/><temp name="T699"/><temp name="T1895"/><temp name="T1925"/><temp name="T1874"/><temp name="T1913"/><temp name="T2032"/><temp name="T1977"/><temp name="T1919"/><temp name="T2048"/><temp name="T1891"/><temp name="T1936"/><temp name="T1960"/><temp name="T1966"/><temp name="T1886"/><temp name="T1946"/><temp name="T2022"/></temps></instruction><instruction code="LDO T2023, T2022, 0"><temps name="use"><temp name="T2022"/></temps><temps name="def"><temp name="T2023"/></temps><temps name="in"><temp name="T26"/><temp name="T1905"/><temp name="T1954"/><temp name="T1971"/><temp name="T1932"/><temp name="T2037"/><temp name="T2026"/><temp name="T2043"/><temp name="T1940"/><temp name="T1899"/><temp name="T1882"/><temp name="T699"/><temp name="T1895"/><temp name="T1925"/><temp name="T1874"/><temp name="T1913"/><temp name="T2032"/><temp name="T1977"/><temp name="T1919"/><temp name="T2048"/><temp name="T1891"/><temp name="T1936"/><temp name="T1960"/><temp name="T1966"/><temp name="T1886"/><temp name="T1946"/><temp name="T2022"/></temps><temps name="out"><temp name="T26"/><temp name="T1905"/><temp name="T1954"/><temp name="T1971"/><temp name="T1932"/><temp name="T2037"/><temp name="T2023"/><temp name="T2026"/><temp name="T2043"/><temp name="T1940"/><temp name="T1899"/><temp name="T1882"/><temp name="T699"/><temp name="T1895"/><temp name="T1925"/><temp name="T1874"/><temp name="T1913"/><temp name="T2032"/><temp name="T1977"/><temp name="T1919"/><temp name="T2048"/><temp name="T1891"/><temp name="T1936"/><temp name="T1960"/><temp name="T1966"/><temp name="T1886"/><temp name="T1946"/><temp name="T2022"/></temps></instruction><instruction code="STO T2023, T699, 0"><temps name="use"><temp name="T2023"/><temp name="T699"/></temps><temps name="def"/><temps name="in"><temp name="T26"/><temp name="T1905"/><temp name="T1954"/><temp name="T1971"/><temp name="T1932"/><temp name="T2037"/><temp name="T2023"/><temp name="T2026"/><temp name="T2043"/><temp name="T1940"/><temp name="T1899"/><temp name="T1882"/><temp name="T699"/><temp name="T1895"/><temp name="T1925"/><temp name="T1874"/><temp name="T1913"/><temp name="T2032"/><temp name="T1977"/><temp name="T1919"/><temp name="T2048"/><temp name="T1891"/><temp name="T1936"/><temp name="T1960"/><temp name="T1966"/><temp name="T1886"/><temp name="T1946"/><temp name="T2022"/></temps><temps name="out"><temp name="T26"/><temp name="T1905"/><temp name="T1954"/><temp name="T1971"/><temp name="T1932"/><temp name="T2037"/><temp name="T2026"/><temp name="T2043"/><temp name="T1940"/><temp name="T1899"/><temp name="T1882"/><temp name="T1895"/><temp name="T1925"/><temp name="T1874"/><temp name="T1913"/><temp name="T2032"/><temp name="T1977"/><temp name="T1919"/><temp name="T2048"/><temp name="T1891"/><temp name="T1936"/><temp name="T1960"/><temp name="T1966"/><temp name="T1886"/><temp name="T1946"/><temp name="T2022"/></temps></instruction><instruction code="L77"><temps name="use"/><temps name="def"/><temps name="in"><temp name="T26"/><temp name="T1905"/><temp name="T1954"/><temp name="T1971"/><temp name="T1932"/><temp name="T2037"/><temp name="T2026"/><temp name="T2043"/><temp name="T1940"/><temp name="T1899"/><temp name="T1882"/><temp name="T1895"/><temp name="T1925"/><temp name="T1874"/><temp name="T1913"/><temp name="T2032"/><temp name="T1977"/><temp name="T1919"/><temp name="T2048"/><temp name="T1891"/><temp name="T1936"/><temp name="T1960"/><temp name="T1966"/><temp name="T1886"/><temp name="T1946"/><temp name="T2022"/></temps><temps name="out"><temp name="T26"/><temp name="T1905"/><temp name="T1954"/><temp name="T1971"/><temp name="T1932"/><temp name="T2037"/><temp name="T2026"/><temp name="T2043"/><temp name="T1940"/><temp name="T1899"/><temp name="T1882"/><temp name="T1895"/><temp name="T1925"/><temp name="T1874"/><temp name="T1913"/><temp name="T2032"/><temp name="T1977"/><temp name="T1919"/><temp name="T2048"/><temp name="T1891"/><temp name="T1936"/><temp name="T1960"/><temp name="T1966"/><temp name="T1886"/><temp name="T1946"/><temp name="T2022"/></temps></instruction><instruction code="L79"><temps name="use"/><temps name="def"/><temps name="in"><temp name="T26"/><temp name="T1905"/><temp name="T1954"/><temp name="T1971"/><temp name="T1932"/><temp name="T2037"/><temp name="T2026"/><temp name="T2043"/><temp name="T1940"/><temp name="T1899"/><temp name="T1882"/><temp name="T1895"/><temp name="T1925"/><temp name="T1874"/><temp name="T1913"/><temp name="T2032"/><temp name="T1977"/><temp name="T1919"/><temp name="T2048"/><temp name="T1891"/><temp name="T1936"/><temp name="T1960"/><temp name="T1966"/><temp name="T1886"/><temp name="T1946"/><temp name="T2022"/></temps><temps name="out"><temp name="T26"/><temp name="T1905"/><temp name="T1954"/><temp name="T1971"/><temp name="T1932"/><temp name="T2037"/><temp name="T2026"/><temp name="T2043"/><temp name="T1940"/><temp name="T1899"/><temp name="T1882"/><temp name="T1895"/><temp name="T1925"/><temp name="T1874"/><temp name="T1913"/><temp name="T2032"/><temp name="T1977"/><temp name="T1919"/><temp name="T2048"/><temp name="T1891"/><temp name="T1936"/><temp name="T1960"/><temp name="T1966"/><temp name="T1886"/><temp name="T1946"/><temp name="T2022"/></temps></instruction><instruction code="OR T700, T26, 0"><temps name="use"><temp name="T26"/></temps><temps name="def"><temp name="T700"/></temps><temps name="in"><temp name="T26"/><temp name="T1905"/><temp name="T1954"/><temp name="T1971"/><temp name="T1932"/><temp name="T2037"/><temp name="T2026"/><temp name="T2043"/><temp name="T1940"/><temp name="T1899"/><temp name="T1882"/><temp name="T1895"/><temp name="T1925"/><temp name="T1874"/><temp name="T1913"/><temp name="T2032"/><temp name="T1977"/><temp name="T1919"/><temp name="T2048"/><temp name="T1891"/><temp name="T1936"/><temp name="T1960"/><temp name="T1966"/><temp name="T1886"/><temp name="T1946"/><temp name="T2022"/></temps><temps name="out"><temp name="T26"/><temp name="T1905"/><temp name="T1954"/><temp name="T1971"/><temp name="T1932"/><temp name="T2037"/><temp name="T2026"/><temp name="T2043"/><temp name="T1940"/><temp name="T1899"/><temp name="T1882"/><temp name="T1895"/><temp name="T1925"/><temp name="T1874"/><temp name="T1913"/><temp name="T2032"/><temp name="T1977"/><temp name="T1919"/><temp name="T2048"/><temp name="T1891"/><temp name="T1936"/><temp name="T700"/><temp name="T1960"/><temp name="T1966"/><temp name="T1886"/><temp name="T1946"/><temp name="T2022"/></temps></instruction><instruction code="SETL  T2024, 88"><temps name="use"/><temps name="def"><temp name="T2024"/></temps><temps name="in"><temp name="T26"/><temp name="T1905"/><temp name="T1954"/><temp name="T1971"/><temp name="T1932"/><temp name="T2037"/><temp name="T2026"/><temp name="T2043"/><temp name="T1940"/><temp name="T1899"/><temp name="T1882"/><temp name="T1895"/><temp name="T1925"/><temp name="T1874"/><temp name="T1913"/><temp name="T2032"/><temp name="T1977"/><temp name="T1919"/><temp name="T2048"/><temp name="T1891"/><temp name="T1936"/><temp name="T700"/><temp name="T1960"/><temp name="T1966"/><temp name="T1886"/><temp name="T1946"/><temp name="T2022"/></temps><temps name="out"><temp name="T26"/><temp name="T1905"/><temp name="T1954"/><temp name="T1971"/><temp name="T1932"/><temp name="T2037"/><temp name="T2026"/><temp name="T2043"/><temp name="T1940"/><temp name="T1899"/><temp name="T1882"/><temp name="T1895"/><temp name="T1925"/><temp name="T1874"/><temp name="T1913"/><temp name="T2032"/><temp name="T1977"/><temp name="T1919"/><temp name="T2048"/><temp name="T1891"/><temp name="T1936"/><temp name="T700"/><temp name="T1960"/><temp name="T1966"/><temp name="T1886"/><temp name="T1946"/><temp name="T2022"/></temps></instruction><instruction code="INCML T2024, 0"><temps name="use"/><temps name="def"><temp name="T2024"/></temps><temps name="in"><temp name="T26"/><temp name="T1905"/><temp name="T1954"/><temp name="T1971"/><temp name="T1932"/><temp name="T2037"/><temp name="T2026"/><temp name="T2043"/><temp name="T1940"/><temp name="T1899"/><temp name="T1882"/><temp name="T1895"/><temp name="T1925"/><temp name="T1874"/><temp name="T1913"/><temp name="T2032"/><temp name="T1977"/><temp name="T1919"/><temp name="T2048"/><temp name="T1891"/><temp name="T1936"/><temp name="T700"/><temp name="T1960"/><temp name="T1966"/><temp name="T1886"/><temp name="T1946"/><temp name="T2022"/></temps><temps name="out"><temp name="T26"/><temp name="T1905"/><temp name="T1954"/><temp name="T1971"/><temp name="T1932"/><temp name="T2037"/><temp name="T2026"/><temp name="T2043"/><temp name="T1940"/><temp name="T1899"/><temp name="T1882"/><temp name="T1895"/><temp name="T1925"/><temp name="T1874"/><temp name="T1913"/><temp name="T2032"/><temp name="T1977"/><temp name="T1919"/><temp name="T2048"/><temp name="T1891"/><temp name="T1936"/><temp name="T700"/><temp name="T1960"/><temp name="T1966"/><temp name="T1886"/><temp name="T1946"/><temp name="T2022"/></temps></instruction><instruction code="INCMH T2024, 0"><temps name="use"/><temps name="def"><temp name="T2024"/></temps><temps name="in"><temp name="T26"/><temp name="T1905"/><temp name="T1954"/><temp name="T1971"/><temp name="T1932"/><temp name="T2037"/><temp name="T2026"/><temp name="T2043"/><temp name="T1940"/><temp name="T1899"/><temp name="T1882"/><temp name="T1895"/><temp name="T1925"/><temp name="T1874"/><temp name="T1913"/><temp name="T2032"/><temp name="T1977"/><temp name="T1919"/><temp name="T2048"/><temp name="T1891"/><temp name="T1936"/><temp name="T700"/><temp name="T1960"/><temp name="T1966"/><temp name="T1886"/><temp name="T1946"/><temp name="T2022"/></temps><temps name="out"><temp name="T26"/><temp name="T1905"/><temp name="T1954"/><temp name="T1971"/><temp name="T1932"/><temp name="T2037"/><temp name="T2026"/><temp name="T2043"/><temp name="T1940"/><temp name="T1899"/><temp name="T1882"/><temp name="T1895"/><temp name="T1925"/><temp name="T1874"/><temp name="T1913"/><temp name="T2032"/><temp name="T1977"/><temp name="T1919"/><temp name="T2048"/><temp name="T1891"/><temp name="T1936"/><temp name="T700"/><temp name="T1960"/><temp name="T1966"/><temp name="T1886"/><temp name="T1946"/><temp name="T2022"/></temps></instruction><instruction code="INCH  T2024, 0"><temps name="use"/><temps name="def"><temp name="T2024"/></temps><temps name="in"><temp name="T26"/><temp name="T1905"/><temp name="T1954"/><temp name="T1971"/><temp name="T1932"/><temp name="T2037"/><temp name="T2026"/><temp name="T2043"/><temp name="T1940"/><temp name="T1899"/><temp name="T1882"/><temp name="T1895"/><temp name="T1925"/><temp name="T1874"/><temp name="T1913"/><temp name="T2032"/><temp name="T1977"/><temp name="T1919"/><temp name="T2048"/><temp name="T1891"/><temp name="T1936"/><temp name="T700"/><temp name="T1960"/><temp name="T1966"/><temp name="T1886"/><temp name="T1946"/><temp name="T2022"/></temps><temps name="out"><temp name="T26"/><temp name="T1905"/><temp name="T1954"/><temp name="T1971"/><temp name="T1932"/><temp name="T2037"/><temp name="T2026"/><temp name="T2043"/><temp name="T1940"/><temp name="T1899"/><temp name="T1882"/><temp name="T1895"/><temp name="T1925"/><temp name="T1874"/><temp name="T1913"/><temp name="T2032"/><temp name="T2024"/><temp name="T1977"/><temp name="T1919"/><temp name="T2048"/><temp name="T1891"/><temp name="T1936"/><temp name="T700"/><temp name="T1960"/><temp name="T1966"/><temp name="T1886"/><temp name="T1946"/><temp name="T2022"/></temps></instruction><instruction code="NEG T2024, 0, T2024"><temps name="use"><temp name="T2024"/></temps><temps name="def"><temp name="T2024"/></temps><temps name="in"><temp name="T26"/><temp name="T1905"/><temp name="T1954"/><temp name="T1971"/><temp name="T1932"/><temp name="T2037"/><temp name="T2026"/><temp name="T2043"/><temp name="T1940"/><temp name="T1899"/><temp name="T1882"/><temp name="T1895"/><temp name="T1925"/><temp name="T1874"/><temp name="T1913"/><temp name="T2032"/><temp name="T2024"/><temp name="T1977"/><temp name="T1919"/><temp name="T2048"/><temp name="T1891"/><temp name="T1936"/><temp name="T700"/><temp name="T1960"/><temp name="T1966"/><temp name="T1886"/><temp name="T1946"/><temp name="T2022"/></temps><temps name="out"><temp name="T26"/><temp name="T1905"/><temp name="T1954"/><temp name="T1971"/><temp name="T1932"/><temp name="T2037"/><temp name="T2026"/><temp name="T2043"/><temp name="T1940"/><temp name="T1899"/><temp name="T1882"/><temp name="T1895"/><temp name="T1925"/><temp name="T1874"/><temp name="T1913"/><temp name="T2032"/><temp name="T2024"/><temp name="T1977"/><temp name="T1919"/><temp name="T2048"/><temp name="T1891"/><temp name="T1936"/><temp name="T700"/><temp name="T1960"/><temp name="T1966"/><temp name="T1886"/><temp name="T1946"/><temp name="T2022"/></temps></instruction><instruction code="OR T701, T2024, 0"><temps name="use"><temp name="T2024"/></temps><temps name="def"><temp name="T701"/></temps><temps name="in"><temp name="T26"/><temp name="T1905"/><temp name="T1954"/><temp name="T1971"/><temp name="T1932"/><temp name="T2037"/><temp name="T2026"/><temp name="T2043"/><temp name="T1940"/><temp name="T1899"/><temp name="T1882"/><temp name="T1895"/><temp name="T1925"/><temp name="T1874"/><temp name="T1913"/><temp name="T2032"/><temp name="T2024"/><temp name="T1977"/><temp name="T1919"/><temp name="T2048"/><temp name="T1891"/><temp name="T1936"/><temp name="T700"/><temp name="T1960"/><temp name="T1966"/><temp name="T1886"/><temp name="T1946"/><temp name="T2022"/></temps><temps name="out"><temp name="T26"/><temp name="T1905"/><temp name="T1954"/><temp name="T1971"/><temp name="T1932"/><temp name="T2037"/><temp name="T2026"/><temp name="T2043"/><temp name="T1940"/><temp name="T1899"/><temp name="T1882"/><temp name="T1895"/><temp name="T1925"/><temp name="T701"/><temp name="T1874"/><temp name="T1913"/><temp name="T2032"/><temp name="T1977"/><temp name="T1919"/><temp name="T2048"/><temp name="T1891"/><temp name="T1936"/><temp name="T700"/><temp name="T1960"/><temp name="T1966"/><temp name="T1886"/><temp name="T1946"/><temp name="T2022"/></temps></instruction><instruction code="ADD T2025, T700, T701"><temps name="use"><temp name="T700"/><temp name="T701"/></temps><temps name="def"><temp name="T2025"/></temps><temps name="in"><temp name="T26"/><temp name="T1905"/><temp name="T1954"/><temp name="T1971"/><temp name="T1932"/><temp name="T2037"/><temp name="T2026"/><temp name="T2043"/><temp name="T1940"/><temp name="T1899"/><temp name="T1882"/><temp name="T1895"/><temp name="T1925"/><temp name="T701"/><temp name="T1874"/><temp name="T1913"/><temp name="T2032"/><temp name="T1977"/><temp name="T1919"/><temp name="T2048"/><temp name="T1891"/><temp name="T1936"/><temp name="T700"/><temp name="T1960"/><temp name="T1966"/><temp name="T1886"/><temp name="T1946"/><temp name="T2022"/></temps><temps name="out"><temp name="T26"/><temp name="T1905"/><temp name="T1954"/><temp name="T1971"/><temp name="T1932"/><temp name="T2037"/><temp name="T2026"/><temp name="T2043"/><temp name="T1940"/><temp name="T1899"/><temp name="T1882"/><temp name="T1895"/><temp name="T1925"/><temp name="T1874"/><temp name="T1913"/><temp name="T2025"/><temp name="T2032"/><temp name="T1977"/><temp name="T1919"/><temp name="T2048"/><temp name="T1891"/><temp name="T1936"/><temp name="T1960"/><temp name="T1966"/><temp name="T1886"/><temp name="T1946"/><temp name="T2022"/></temps></instruction><instruction code="OR T702, T2025, 0"><temps name="use"><temp name="T2025"/></temps><temps name="def"><temp name="T702"/></temps><temps name="in"><temp name="T26"/><temp name="T1905"/><temp name="T1954"/><temp name="T1971"/><temp name="T1932"/><temp name="T2037"/><temp name="T2026"/><temp name="T2043"/><temp name="T1940"/><temp name="T1899"/><temp name="T1882"/><temp name="T1895"/><temp name="T1925"/><temp name="T1874"/><temp name="T1913"/><temp name="T2025"/><temp name="T2032"/><temp name="T1977"/><temp name="T1919"/><temp name="T2048"/><temp name="T1891"/><temp name="T1936"/><temp name="T1960"/><temp name="T1966"/><temp name="T1886"/><temp name="T1946"/><temp name="T2022"/></temps><temps name="out"><temp name="T26"/><temp name="T1905"/><temp name="T1954"/><temp name="T1971"/><temp name="T1932"/><temp name="T2037"/><temp name="T2026"/><temp name="T2043"/><temp name="T1940"/><temp name="T1899"/><temp name="T1882"/><temp name="T1895"/><temp name="T1925"/><temp name="T1874"/><temp name="T1913"/><temp name="T2032"/><temp name="T1977"/><temp name="T1919"/><temp name="T2048"/><temp name="T1891"/><temp name="T1936"/><temp name="T1960"/><temp name="T1966"/><temp name="T1886"/><temp name="T1946"/><temp name="T2022"/></temps></instruction><instruction code="LDO T2027, T2026, 0"><temps name="use"><temp name="T2026"/></temps><temps name="def"><temp name="T2027"/></temps><temps name="in"><temp name="T26"/><temp name="T1905"/><temp name="T1954"/><temp name="T1971"/><temp name="T1932"/><temp name="T2037"/><temp name="T2026"/><temp name="T2043"/><temp name="T1940"/><temp name="T1899"/><temp name="T1882"/><temp name="T1895"/><temp name="T1925"/><temp name="T1874"/><temp name="T1913"/><temp name="T2032"/><temp name="T1977"/><temp name="T1919"/><temp name="T2048"/><temp name="T1891"/><temp name="T1936"/><temp name="T1960"/><temp name="T1966"/><temp name="T1886"/><temp name="T1946"/><temp name="T2022"/></temps><temps name="out"><temp name="T26"/><temp name="T1905"/><temp name="T1954"/><temp name="T1971"/><temp name="T1932"/><temp name="T2037"/><temp name="T2026"/><temp name="T2043"/><temp name="T1940"/><temp name="T1899"/><temp name="T1882"/><temp name="T1895"/><temp name="T1925"/><temp name="T1874"/><temp name="T1913"/><temp name="T2032"/><temp name="T1977"/><temp name="T1919"/><temp name="T2027"/><temp name="T2048"/><temp name="T1891"/><temp name="T1936"/><temp name="T1960"/><temp name="T1966"/><temp name="T1886"/><temp name="T1946"/><temp name="T2022"/></temps></instruction><instruction code="OR T703, T2027, 0"><temps name="use"><temp name="T2027"/></temps><temps name="def"><temp name="T703"/></temps><temps name="in"><temp name="T26"/><temp name="T1905"/><temp name="T1954"/><temp name="T1971"/><temp name="T1932"/><temp name="T2037"/><temp name="T2026"/><temp name="T2043"/><temp name="T1940"/><temp name="T1899"/><temp name="T1882"/><temp name="T1895"/><temp name="T1925"/><temp name="T1874"/><temp name="T1913"/><temp name="T2032"/><temp name="T1977"/><temp name="T1919"/><temp name="T2027"/><temp name="T2048"/><temp name="T1891"/><temp name="T1936"/><temp name="T1960"/><temp name="T1966"/><temp name="T1886"/><temp name="T1946"/><temp name="T2022"/></temps><temps name="out"><temp name="T26"/><temp name="T1905"/><temp name="T1954"/><temp name="T1971"/><temp name="T1932"/><temp name="T2037"/><temp name="T2026"/><temp name="T2043"/><temp name="T1940"/><temp name="T1899"/><temp name="T1882"/><temp name="T703"/><temp name="T1895"/><temp name="T1925"/><temp name="T1874"/><temp name="T1913"/><temp name="T2032"/><temp name="T1977"/><temp name="T1919"/><temp name="T2048"/><temp name="T1891"/><temp name="T1936"/><temp name="T1960"/><temp name="T1966"/><temp name="T1886"/><temp name="T1946"/><temp name="T2022"/></temps></instruction><instruction code="SETL  T2028, 1"><temps name="use"/><temps name="def"><temp name="T2028"/></temps><temps name="in"><temp name="T26"/><temp name="T1905"/><temp name="T1954"/><temp name="T1971"/><temp name="T1932"/><temp name="T2037"/><temp name="T2026"/><temp name="T2043"/><temp name="T1940"/><temp name="T1899"/><temp name="T1882"/><temp name="T703"/><temp name="T1895"/><temp name="T1925"/><temp name="T1874"/><temp name="T1913"/><temp name="T2032"/><temp name="T1977"/><temp name="T1919"/><temp name="T2048"/><temp name="T1891"/><temp name="T1936"/><temp name="T1960"/><temp name="T1966"/><temp name="T1886"/><temp name="T1946"/><temp name="T2022"/></temps><temps name="out"><temp name="T26"/><temp name="T1905"/><temp name="T1954"/><temp name="T1971"/><temp name="T1932"/><temp name="T2037"/><temp name="T2026"/><temp name="T2043"/><temp name="T1940"/><temp name="T1899"/><temp name="T1882"/><temp name="T703"/><temp name="T1895"/><temp name="T1925"/><temp name="T1874"/><temp name="T1913"/><temp name="T2032"/><temp name="T1977"/><temp name="T1919"/><temp name="T2048"/><temp name="T1891"/><temp name="T1936"/><temp name="T1960"/><temp name="T1966"/><temp name="T1886"/><temp name="T1946"/><temp name="T2022"/></temps></instruction><instruction code="INCML T2028, 0"><temps name="use"/><temps name="def"><temp name="T2028"/></temps><temps name="in"><temp name="T26"/><temp name="T1905"/><temp name="T1954"/><temp name="T1971"/><temp name="T1932"/><temp name="T2037"/><temp name="T2026"/><temp name="T2043"/><temp name="T1940"/><temp name="T1899"/><temp name="T1882"/><temp name="T703"/><temp name="T1895"/><temp name="T1925"/><temp name="T1874"/><temp name="T1913"/><temp name="T2032"/><temp name="T1977"/><temp name="T1919"/><temp name="T2048"/><temp name="T1891"/><temp name="T1936"/><temp name="T1960"/><temp name="T1966"/><temp name="T1886"/><temp name="T1946"/><temp name="T2022"/></temps><temps name="out"><temp name="T26"/><temp name="T1905"/><temp name="T1954"/><temp name="T1971"/><temp name="T1932"/><temp name="T2037"/><temp name="T2026"/><temp name="T2043"/><temp name="T1940"/><temp name="T1899"/><temp name="T1882"/><temp name="T703"/><temp name="T1895"/><temp name="T1925"/><temp name="T1874"/><temp name="T1913"/><temp name="T2032"/><temp name="T1977"/><temp name="T1919"/><temp name="T2048"/><temp name="T1891"/><temp name="T1936"/><temp name="T1960"/><temp name="T1966"/><temp name="T1886"/><temp name="T1946"/><temp name="T2022"/></temps></instruction><instruction code="INCMH T2028, 0"><temps name="use"/><temps name="def"><temp name="T2028"/></temps><temps name="in"><temp name="T26"/><temp name="T1905"/><temp name="T1954"/><temp name="T1971"/><temp name="T1932"/><temp name="T2037"/><temp name="T2026"/><temp name="T2043"/><temp name="T1940"/><temp name="T1899"/><temp name="T1882"/><temp name="T703"/><temp name="T1895"/><temp name="T1925"/><temp name="T1874"/><temp name="T1913"/><temp name="T2032"/><temp name="T1977"/><temp name="T1919"/><temp name="T2048"/><temp name="T1891"/><temp name="T1936"/><temp name="T1960"/><temp name="T1966"/><temp name="T1886"/><temp name="T1946"/><temp name="T2022"/></temps><temps name="out"><temp name="T26"/><temp name="T1905"/><temp name="T1954"/><temp name="T1971"/><temp name="T1932"/><temp name="T2037"/><temp name="T2026"/><temp name="T2043"/><temp name="T1940"/><temp name="T1899"/><temp name="T1882"/><temp name="T703"/><temp name="T1895"/><temp name="T1925"/><temp name="T1874"/><temp name="T1913"/><temp name="T2032"/><temp name="T1977"/><temp name="T1919"/><temp name="T2048"/><temp name="T1891"/><temp name="T1936"/><temp name="T1960"/><temp name="T1966"/><temp name="T1886"/><temp name="T1946"/><temp name="T2022"/></temps></instruction><instruction code="INCH  T2028, 0"><temps name="use"/><temps name="def"><temp name="T2028"/></temps><temps name="in"><temp name="T26"/><temp name="T1905"/><temp name="T1954"/><temp name="T1971"/><temp name="T1932"/><temp name="T2037"/><temp name="T2026"/><temp name="T2043"/><temp name="T1940"/><temp name="T1899"/><temp name="T1882"/><temp name="T703"/><temp name="T1895"/><temp name="T1925"/><temp name="T1874"/><temp name="T1913"/><temp name="T2032"/><temp name="T1977"/><temp name="T1919"/><temp name="T2048"/><temp name="T1891"/><temp name="T1936"/><temp name="T1960"/><temp name="T1966"/><temp name="T1886"/><temp name="T1946"/><temp name="T2022"/></temps><temps name="out"><temp name="T26"/><temp name="T1905"/><temp name="T1954"/><temp name="T1971"/><temp name="T1932"/><temp name="T2037"/><temp name="T2026"/><temp name="T2043"/><temp name="T1940"/><temp name="T1899"/><temp name="T1882"/><temp name="T2028"/><temp name="T703"/><temp name="T1895"/><temp name="T1925"/><temp name="T1874"/><temp name="T1913"/><temp name="T2032"/><temp name="T1977"/><temp name="T1919"/><temp name="T2048"/><temp name="T1891"/><temp name="T1936"/><temp name="T1960"/><temp name="T1966"/><temp name="T1886"/><temp name="T1946"/><temp name="T2022"/></temps></instruction><instruction code="OR T704, T2028, 0"><temps name="use"><temp name="T2028"/></temps><temps name="def"><temp name="T704"/></temps><temps name="in"><temp name="T26"/><temp name="T1905"/><temp name="T1954"/><temp name="T1971"/><temp name="T1932"/><temp name="T2037"/><temp name="T2026"/><temp name="T2043"/><temp name="T1940"/><temp name="T1899"/><temp name="T1882"/><temp name="T2028"/><temp name="T703"/><temp name="T1895"/><temp name="T1925"/><temp name="T1874"/><temp name="T1913"/><temp name="T2032"/><temp name="T1977"/><temp name="T1919"/><temp name="T2048"/><temp name="T1891"/><temp name="T1936"/><temp name="T1960"/><temp name="T1966"/><temp name="T1886"/><temp name="T1946"/><temp name="T2022"/></temps><temps name="out"><temp name="T26"/><temp name="T1905"/><temp name="T1954"/><temp name="T1971"/><temp name="T1932"/><temp name="T2037"/><temp name="T2026"/><temp name="T2043"/><temp name="T1940"/><temp name="T1899"/><temp name="T1882"/><temp name="T703"/><temp name="T1895"/><temp name="T1925"/><temp name="T1874"/><temp name="T1913"/><temp name="T2032"/><temp name="T1977"/><temp name="T1919"/><temp name="T704"/><temp name="T2048"/><temp name="T1891"/><temp name="T1936"/><temp name="T1960"/><temp name="T1966"/><temp name="T1886"/><temp name="T1946"/><temp name="T2022"/></temps></instruction><instruction code="ADD T2029, T703, T704"><temps name="use"><temp name="T703"/><temp name="T704"/></temps><temps name="def"><temp name="T2029"/></temps><temps name="in"><temp name="T26"/><temp name="T1905"/><temp name="T1954"/><temp name="T1971"/><temp name="T1932"/><temp name="T2037"/><temp name="T2026"/><temp name="T2043"/><temp name="T1940"/><temp name="T1899"/><temp name="T1882"/><temp name="T703"/><temp name="T1895"/><temp name="T1925"/><temp name="T1874"/><temp name="T1913"/><temp name="T2032"/><temp name="T1977"/><temp name="T1919"/><temp name="T704"/><temp name="T2048"/><temp name="T1891"/><temp name="T1936"/><temp name="T1960"/><temp name="T1966"/><temp name="T1886"/><temp name="T1946"/><temp name="T2022"/></temps><temps name="out"><temp name="T26"/><temp name="T1905"/><temp name="T1954"/><temp name="T1971"/><temp name="T1932"/><temp name="T2037"/><temp name="T2026"/><temp name="T2043"/><temp name="T1940"/><temp name="T1899"/><temp name="T2029"/><temp name="T1882"/><temp name="T1895"/><temp name="T1925"/><temp name="T1874"/><temp name="T1913"/><temp name="T2032"/><temp name="T1977"/><temp name="T1919"/><temp name="T2048"/><temp name="T1891"/><temp name="T1936"/><temp name="T1960"/><temp name="T1966"/><temp name="T1886"/><temp name="T1946"/><temp name="T2022"/></temps></instruction><instruction code="OR T705, T2029, 0"><temps name="use"><temp name="T2029"/></temps><temps name="def"><temp name="T705"/></temps><temps name="in"><temp name="T26"/><temp name="T1905"/><temp name="T1954"/><temp name="T1971"/><temp name="T1932"/><temp name="T2037"/><temp name="T2026"/><temp name="T2043"/><temp name="T1940"/><temp name="T1899"/><temp name="T2029"/><temp name="T1882"/><temp name="T1895"/><temp name="T1925"/><temp name="T1874"/><temp name="T1913"/><temp name="T2032"/><temp name="T1977"/><temp name="T1919"/><temp name="T2048"/><temp name="T1891"/><temp name="T1936"/><temp name="T1960"/><temp name="T1966"/><temp name="T1886"/><temp name="T1946"/><temp name="T2022"/></temps><temps name="out"><temp name="T26"/><temp name="T1905"/><temp name="T1954"/><temp name="T1971"/><temp name="T1932"/><temp name="T2037"/><temp name="T2026"/><temp name="T705"/><temp name="T2043"/><temp name="T1940"/><temp name="T1899"/><temp name="T1882"/><temp name="T1895"/><temp name="T1925"/><temp name="T1874"/><temp name="T1913"/><temp name="T2032"/><temp name="T1977"/><temp name="T1919"/><temp name="T2048"/><temp name="T1891"/><temp name="T1936"/><temp name="T1960"/><temp name="T1966"/><temp name="T1886"/><temp name="T1946"/><temp name="T2022"/></temps></instruction><instruction code="LDO T2033, T2032, 0"><temps name="use"><temp name="T2032"/></temps><temps name="def"><temp name="T2033"/></temps><temps name="in"><temp name="T26"/><temp name="T1905"/><temp name="T1954"/><temp name="T1971"/><temp name="T1932"/><temp name="T2037"/><temp name="T2026"/><temp name="T705"/><temp name="T2043"/><temp name="T1940"/><temp name="T1899"/><temp name="T1882"/><temp name="T1895"/><temp name="T1925"/><temp name="T1874"/><temp name="T1913"/><temp name="T2032"/><temp name="T1977"/><temp name="T1919"/><temp name="T2048"/><temp name="T1891"/><temp name="T1936"/><temp name="T1960"/><temp name="T1966"/><temp name="T1886"/><temp name="T1946"/><temp name="T2022"/></temps><temps name="out"><temp name="T26"/><temp name="T1905"/><temp name="T1954"/><temp name="T1971"/><temp name="T1932"/><temp name="T2037"/><temp name="T2026"/><temp name="T705"/><temp name="T2043"/><temp name="T1940"/><temp name="T1899"/><temp name="T1882"/><temp name="T1895"/><temp name="T1925"/><temp name="T1874"/><temp name="T1913"/><temp name="T2032"/><temp name="T1977"/><temp name="T1919"/><temp name="T2048"/><temp name="T1891"/><temp name="T1936"/><temp name="T1960"/><temp name="T1966"/><temp name="T1886"/><temp name="T1946"/><temp name="T2022"/><temp name="T2033"/></temps></instruction><instruction code="STO T2033, T705, 0"><temps name="use"><temp name="T2033"/><temp name="T705"/></temps><temps name="def"/><temps name="in"><temp name="T26"/><temp name="T1905"/><temp name="T1954"/><temp name="T1971"/><temp name="T1932"/><temp name="T2037"/><temp name="T2026"/><temp name="T705"/><temp name="T2043"/><temp name="T1940"/><temp name="T1899"/><temp name="T1882"/><temp name="T1895"/><temp name="T1925"/><temp name="T1874"/><temp name="T1913"/><temp name="T2032"/><temp name="T1977"/><temp name="T1919"/><temp name="T2048"/><temp name="T1891"/><temp name="T1936"/><temp name="T1960"/><temp name="T1966"/><temp name="T1886"/><temp name="T1946"/><temp name="T2022"/><temp name="T2033"/></temps><temps name="out"><temp name="T26"/><temp name="T1905"/><temp name="T1954"/><temp name="T1971"/><temp name="T1932"/><temp name="T2037"/><temp name="T2026"/><temp name="T2043"/><temp name="T1940"/><temp name="T1899"/><temp name="T1882"/><temp name="T1895"/><temp name="T1925"/><temp name="T1874"/><temp name="T1913"/><temp name="T2032"/><temp name="T1977"/><temp name="T1919"/><temp name="T2048"/><temp name="T1891"/><temp name="T1936"/><temp name="T1960"/><temp name="T1966"/><temp name="T1886"/><temp name="T1946"/><temp name="T2022"/></temps></instruction><instruction code="LDA T2034, L80"><temps name="use"/><temps name="def"><temp name="T2034"/></temps><temps name="in"><temp name="T26"/><temp name="T1905"/><temp name="T1954"/><temp name="T1971"/><temp name="T1932"/><temp name="T2037"/><temp name="T2026"/><temp name="T2043"/><temp name="T1940"/><temp name="T1899"/><temp name="T1882"/><temp name="T1895"/><temp name="T1925"/><temp name="T1874"/><temp name="T1913"/><temp name="T2032"/><temp name="T1977"/><temp name="T1919"/><temp name="T2048"/><temp name="T1891"/><temp name="T1936"/><temp name="T1960"/><temp name="T1966"/><temp name="T1886"/><temp name="T1946"/><temp name="T2022"/></temps><temps name="out"><temp name="T26"/><temp name="T1905"/><temp name="T1954"/><temp name="T1971"/><temp name="T1932"/><temp name="T2037"/><temp name="T2026"/><temp name="T2043"/><temp name="T1940"/><temp name="T1899"/><temp name="T1882"/><temp name="T1895"/><temp name="T1925"/><temp name="T1874"/><temp name="T1913"/><temp name="T2032"/><temp name="T1977"/><temp name="T1919"/><temp name="T2048"/><temp name="T1891"/><temp name="T1936"/><temp name="T1960"/><temp name="T1966"/><temp name="T2034"/><temp name="T1886"/><temp name="T1946"/><temp name="T2022"/></temps></instruction><instruction code="GO T2034, T2034, 0"><temps name="use"><temp name="T2034"/></temps><temps name="def"><temp name="T2034"/></temps><temps name="in"><temp name="T26"/><temp name="T1905"/><temp name="T1954"/><temp name="T1971"/><temp name="T1932"/><temp name="T2037"/><temp name="T2026"/><temp name="T2043"/><temp name="T1940"/><temp name="T1899"/><temp name="T1882"/><temp name="T1895"/><temp name="T1925"/><temp name="T1874"/><temp name="T1913"/><temp name="T2032"/><temp name="T1977"/><temp name="T1919"/><temp name="T2048"/><temp name="T1891"/><temp name="T1936"/><temp name="T1960"/><temp name="T1966"/><temp name="T2034"/><temp name="T1886"/><temp name="T1946"/><temp name="T2022"/></temps><temps name="out"><temp name="T26"/><temp name="T1905"/><temp name="T1954"/><temp name="T1971"/><temp name="T1932"/><temp name="T2037"/><temp name="T2026"/><temp name="T2043"/><temp name="T1940"/><temp name="T1899"/><temp name="T1882"/><temp name="T1895"/><temp name="T1925"/><temp name="T1874"/><temp name="T1913"/><temp name="T2032"/><temp name="T1977"/><temp name="T1919"/><temp name="T2048"/><temp name="T1891"/><temp name="T1936"/><temp name="T1960"/><temp name="T1966"/><temp name="T1886"/><temp name="T1946"/><temp name="T2022"/></temps></instruction><instruction code="L82"><temps name="use"/><temps name="def"/><temps name="in"><temp name="T26"/><temp name="T1905"/><temp name="T1954"/><temp name="T1971"/><temp name="T1932"/><temp name="T2037"/><temp name="T2026"/><temp name="T2043"/><temp name="T1940"/><temp name="T1899"/><temp name="T1882"/><temp name="T1895"/><temp name="T1925"/><temp name="T1874"/><temp name="T1913"/><temp name="T2032"/><temp name="T1977"/><temp name="T1919"/><temp name="T2048"/><temp name="T1891"/><temp name="T1936"/><temp name="T1960"/><temp name="T1966"/><temp name="T1886"/><temp name="T1946"/><temp name="T2022"/></temps><temps name="out"><temp name="T26"/><temp name="T1905"/><temp name="T1954"/><temp name="T1971"/><temp name="T1932"/><temp name="T2037"/><temp name="T2026"/><temp name="T2043"/><temp name="T1940"/><temp name="T1899"/><temp name="T1882"/><temp name="T1895"/><temp name="T1925"/><temp name="T1874"/><temp name="T1913"/><temp name="T2032"/><temp name="T1977"/><temp name="T1919"/><temp name="T2048"/><temp name="T1891"/><temp name="T1936"/><temp name="T1960"/><temp name="T1966"/><temp name="T1886"/><temp name="T1946"/><temp name="T2022"/></temps></instruction><instruction code="OR T706, T26, 0"><temps name="use"><temp name="T26"/></temps><temps name="def"><temp name="T706"/></temps><temps name="in"><temp name="T26"/><temp name="T1905"/><temp name="T1954"/><temp name="T1971"/><temp name="T1932"/><temp name="T2037"/><temp name="T2026"/><temp name="T2043"/><temp name="T1940"/><temp name="T1899"/><temp name="T1882"/><temp name="T1895"/><temp name="T1925"/><temp name="T1874"/><temp name="T1913"/><temp name="T2032"/><temp name="T1977"/><temp name="T1919"/><temp name="T2048"/><temp name="T1891"/><temp name="T1936"/><temp name="T1960"/><temp name="T1966"/><temp name="T1886"/><temp name="T1946"/><temp name="T2022"/></temps><temps name="out"><temp name="T26"/><temp name="T1905"/><temp name="T1954"/><temp name="T1971"/><temp name="T1932"/><temp name="T2037"/><temp name="T2026"/><temp name="T2043"/><temp name="T1940"/><temp name="T1899"/><temp name="T1882"/><temp name="T1895"/><temp name="T1925"/><temp name="T1874"/><temp name="T1913"/><temp name="T2032"/><temp name="T1977"/><temp name="T1919"/><temp name="T2048"/><temp name="T1891"/><temp name="T1936"/><temp name="T1960"/><temp name="T1966"/><temp name="T706"/><temp name="T1886"/><temp name="T1946"/><temp name="T2022"/></temps></instruction><instruction code="SETL  T2035, 96"><temps name="use"/><temps name="def"><temp name="T2035"/></temps><temps name="in"><temp name="T26"/><temp name="T1905"/><temp name="T1954"/><temp name="T1971"/><temp name="T1932"/><temp name="T2037"/><temp name="T2026"/><temp name="T2043"/><temp name="T1940"/><temp name="T1899"/><temp name="T1882"/><temp name="T1895"/><temp name="T1925"/><temp name="T1874"/><temp name="T1913"/><temp name="T2032"/><temp name="T1977"/><temp name="T1919"/><temp name="T2048"/><temp name="T1891"/><temp name="T1936"/><temp name="T1960"/><temp name="T1966"/><temp name="T706"/><temp name="T1886"/><temp name="T1946"/><temp name="T2022"/></temps><temps name="out"><temp name="T26"/><temp name="T1905"/><temp name="T1954"/><temp name="T1971"/><temp name="T1932"/><temp name="T2037"/><temp name="T2026"/><temp name="T2043"/><temp name="T1940"/><temp name="T1899"/><temp name="T1882"/><temp name="T1895"/><temp name="T1925"/><temp name="T1874"/><temp name="T1913"/><temp name="T2032"/><temp name="T1977"/><temp name="T1919"/><temp name="T2048"/><temp name="T1891"/><temp name="T1936"/><temp name="T1960"/><temp name="T1966"/><temp name="T706"/><temp name="T1886"/><temp name="T1946"/><temp name="T2022"/></temps></instruction><instruction code="INCML T2035, 0"><temps name="use"/><temps name="def"><temp name="T2035"/></temps><temps name="in"><temp name="T26"/><temp name="T1905"/><temp name="T1954"/><temp name="T1971"/><temp name="T1932"/><temp name="T2037"/><temp name="T2026"/><temp name="T2043"/><temp name="T1940"/><temp name="T1899"/><temp name="T1882"/><temp name="T1895"/><temp name="T1925"/><temp name="T1874"/><temp name="T1913"/><temp name="T2032"/><temp name="T1977"/><temp name="T1919"/><temp name="T2048"/><temp name="T1891"/><temp name="T1936"/><temp name="T1960"/><temp name="T1966"/><temp name="T706"/><temp name="T1886"/><temp name="T1946"/><temp name="T2022"/></temps><temps name="out"><temp name="T26"/><temp name="T1905"/><temp name="T1954"/><temp name="T1971"/><temp name="T1932"/><temp name="T2037"/><temp name="T2026"/><temp name="T2043"/><temp name="T1940"/><temp name="T1899"/><temp name="T1882"/><temp name="T1895"/><temp name="T1925"/><temp name="T1874"/><temp name="T1913"/><temp name="T2032"/><temp name="T1977"/><temp name="T1919"/><temp name="T2048"/><temp name="T1891"/><temp name="T1936"/><temp name="T1960"/><temp name="T1966"/><temp name="T706"/><temp name="T1886"/><temp name="T1946"/><temp name="T2022"/></temps></instruction><instruction code="INCMH T2035, 0"><temps name="use"/><temps name="def"><temp name="T2035"/></temps><temps name="in"><temp name="T26"/><temp name="T1905"/><temp name="T1954"/><temp name="T1971"/><temp name="T1932"/><temp name="T2037"/><temp name="T2026"/><temp name="T2043"/><temp name="T1940"/><temp name="T1899"/><temp name="T1882"/><temp name="T1895"/><temp name="T1925"/><temp name="T1874"/><temp name="T1913"/><temp name="T2032"/><temp name="T1977"/><temp name="T1919"/><temp name="T2048"/><temp name="T1891"/><temp name="T1936"/><temp name="T1960"/><temp name="T1966"/><temp name="T706"/><temp name="T1886"/><temp name="T1946"/><temp name="T2022"/></temps><temps name="out"><temp name="T26"/><temp name="T1905"/><temp name="T1954"/><temp name="T1971"/><temp name="T1932"/><temp name="T2037"/><temp name="T2026"/><temp name="T2043"/><temp name="T1940"/><temp name="T1899"/><temp name="T1882"/><temp name="T1895"/><temp name="T1925"/><temp name="T1874"/><temp name="T1913"/><temp name="T2032"/><temp name="T1977"/><temp name="T1919"/><temp name="T2048"/><temp name="T1891"/><temp name="T1936"/><temp name="T1960"/><temp name="T1966"/><temp name="T706"/><temp name="T1886"/><temp name="T1946"/><temp name="T2022"/></temps></instruction><instruction code="INCH  T2035, 0"><temps name="use"/><temps name="def"><temp name="T2035"/></temps><temps name="in"><temp name="T26"/><temp name="T1905"/><temp name="T1954"/><temp name="T1971"/><temp name="T1932"/><temp name="T2037"/><temp name="T2026"/><temp name="T2043"/><temp name="T1940"/><temp name="T1899"/><temp name="T1882"/><temp name="T1895"/><temp name="T1925"/><temp name="T1874"/><temp name="T1913"/><temp name="T2032"/><temp name="T1977"/><temp name="T1919"/><temp name="T2048"/><temp name="T1891"/><temp name="T1936"/><temp name="T1960"/><temp name="T1966"/><temp name="T706"/><temp name="T1886"/><temp name="T1946"/><temp name="T2022"/></temps><temps name="out"><temp name="T26"/><temp name="T1905"/><temp name="T1954"/><temp name="T1971"/><temp name="T1932"/><temp name="T2037"/><temp name="T2026"/><temp name="T2043"/><temp name="T1940"/><temp name="T1899"/><temp name="T1882"/><temp name="T1895"/><temp name="T1925"/><temp name="T1874"/><temp name="T1913"/><temp name="T2032"/><temp name="T1977"/><temp name="T1919"/><temp name="T2035"/><temp name="T2048"/><temp name="T1891"/><temp name="T1936"/><temp name="T1960"/><temp name="T1966"/><temp name="T706"/><temp name="T1886"/><temp name="T1946"/><temp name="T2022"/></temps></instruction><instruction code="NEG T2035, 0, T2035"><temps name="use"><temp name="T2035"/></temps><temps name="def"><temp name="T2035"/></temps><temps name="in"><temp name="T26"/><temp name="T1905"/><temp name="T1954"/><temp name="T1971"/><temp name="T1932"/><temp name="T2037"/><temp name="T2026"/><temp name="T2043"/><temp name="T1940"/><temp name="T1899"/><temp name="T1882"/><temp name="T1895"/><temp name="T1925"/><temp name="T1874"/><temp name="T1913"/><temp name="T2032"/><temp name="T1977"/><temp name="T1919"/><temp name="T2035"/><temp name="T2048"/><temp name="T1891"/><temp name="T1936"/><temp name="T1960"/><temp name="T1966"/><temp name="T706"/><temp name="T1886"/><temp name="T1946"/><temp name="T2022"/></temps><temps name="out"><temp name="T26"/><temp name="T1905"/><temp name="T1954"/><temp name="T1971"/><temp name="T1932"/><temp name="T2037"/><temp name="T2026"/><temp name="T2043"/><temp name="T1940"/><temp name="T1899"/><temp name="T1882"/><temp name="T1895"/><temp name="T1925"/><temp name="T1874"/><temp name="T1913"/><temp name="T2032"/><temp name="T1977"/><temp name="T1919"/><temp name="T2035"/><temp name="T2048"/><temp name="T1891"/><temp name="T1936"/><temp name="T1960"/><temp name="T1966"/><temp name="T706"/><temp name="T1886"/><temp name="T1946"/><temp name="T2022"/></temps></instruction><instruction code="OR T707, T2035, 0"><temps name="use"><temp name="T2035"/></temps><temps name="def"><temp name="T707"/></temps><temps name="in"><temp name="T26"/><temp name="T1905"/><temp name="T1954"/><temp name="T1971"/><temp name="T1932"/><temp name="T2037"/><temp name="T2026"/><temp name="T2043"/><temp name="T1940"/><temp name="T1899"/><temp name="T1882"/><temp name="T1895"/><temp name="T1925"/><temp name="T1874"/><temp name="T1913"/><temp name="T2032"/><temp name="T1977"/><temp name="T1919"/><temp name="T2035"/><temp name="T2048"/><temp name="T1891"/><temp name="T1936"/><temp name="T1960"/><temp name="T1966"/><temp name="T706"/><temp name="T1886"/><temp name="T1946"/><temp name="T2022"/></temps><temps name="out"><temp name="T26"/><temp name="T1905"/><temp name="T1954"/><temp name="T1971"/><temp name="T1932"/><temp name="T2037"/><temp name="T2026"/><temp name="T2043"/><temp name="T1940"/><temp name="T707"/><temp name="T1899"/><temp name="T1882"/><temp name="T1895"/><temp name="T1925"/><temp name="T1874"/><temp name="T1913"/><temp name="T2032"/><temp name="T1977"/><temp name="T1919"/><temp name="T2048"/><temp name="T1891"/><temp name="T1936"/><temp name="T1960"/><temp name="T1966"/><temp name="T706"/><temp name="T1886"/><temp name="T1946"/><temp name="T2022"/></temps></instruction><instruction code="ADD T2036, T706, T707"><temps name="use"><temp name="T706"/><temp name="T707"/></temps><temps name="def"><temp name="T2036"/></temps><temps name="in"><temp name="T26"/><temp name="T1905"/><temp name="T1954"/><temp name="T1971"/><temp name="T1932"/><temp name="T2037"/><temp name="T2026"/><temp name="T2043"/><temp name="T1940"/><temp name="T707"/><temp name="T1899"/><temp name="T1882"/><temp name="T1895"/><temp name="T1925"/><temp name="T1874"/><temp name="T1913"/><temp name="T2032"/><temp name="T1977"/><temp name="T1919"/><temp name="T2048"/><temp name="T1891"/><temp name="T1936"/><temp name="T1960"/><temp name="T1966"/><temp name="T706"/><temp name="T1886"/><temp name="T1946"/><temp name="T2022"/></temps><temps name="out"><temp name="T26"/><temp name="T1905"/><temp name="T1954"/><temp name="T1971"/><temp name="T1932"/><temp name="T2037"/><temp name="T2026"/><temp name="T2043"/><temp name="T1940"/><temp name="T1899"/><temp name="T1882"/><temp name="T1895"/><temp name="T1925"/><temp name="T1874"/><temp name="T1913"/><temp name="T2032"/><temp name="T2036"/><temp name="T1977"/><temp name="T1919"/><temp name="T2048"/><temp name="T1891"/><temp name="T1936"/><temp name="T1960"/><temp name="T1966"/><temp name="T1886"/><temp name="T1946"/><temp name="T2022"/></temps></instruction><instruction code="OR T708, T2036, 0"><temps name="use"><temp name="T2036"/></temps><temps name="def"><temp name="T708"/></temps><temps name="in"><temp name="T26"/><temp name="T1905"/><temp name="T1954"/><temp name="T1971"/><temp name="T1932"/><temp name="T2037"/><temp name="T2026"/><temp name="T2043"/><temp name="T1940"/><temp name="T1899"/><temp name="T1882"/><temp name="T1895"/><temp name="T1925"/><temp name="T1874"/><temp name="T1913"/><temp name="T2032"/><temp name="T2036"/><temp name="T1977"/><temp name="T1919"/><temp name="T2048"/><temp name="T1891"/><temp name="T1936"/><temp name="T1960"/><temp name="T1966"/><temp name="T1886"/><temp name="T1946"/><temp name="T2022"/></temps><temps name="out"><temp name="T26"/><temp name="T1905"/><temp name="T1954"/><temp name="T1971"/><temp name="T1932"/><temp name="T2037"/><temp name="T2026"/><temp name="T2043"/><temp name="T1940"/><temp name="T1899"/><temp name="T1882"/><temp name="T1895"/><temp name="T1925"/><temp name="T1874"/><temp name="T1913"/><temp name="T2032"/><temp name="T1977"/><temp name="T1919"/><temp name="T2048"/><temp name="T1891"/><temp name="T1936"/><temp name="T1960"/><temp name="T1966"/><temp name="T1886"/><temp name="T1946"/><temp name="T2022"/></temps></instruction><instruction code="LDO T2038, T2037, 0"><temps name="use"><temp name="T2037"/></temps><temps name="def"><temp name="T2038"/></temps><temps name="in"><temp name="T26"/><temp name="T1905"/><temp name="T1954"/><temp name="T1971"/><temp name="T1932"/><temp name="T2037"/><temp name="T2026"/><temp name="T2043"/><temp name="T1940"/><temp name="T1899"/><temp name="T1882"/><temp name="T1895"/><temp name="T1925"/><temp name="T1874"/><temp name="T1913"/><temp name="T2032"/><temp name="T1977"/><temp name="T1919"/><temp name="T2048"/><temp name="T1891"/><temp name="T1936"/><temp name="T1960"/><temp name="T1966"/><temp name="T1886"/><temp name="T1946"/><temp name="T2022"/></temps><temps name="out"><temp name="T26"/><temp name="T1905"/><temp name="T1954"/><temp name="T1971"/><temp name="T1932"/><temp name="T2037"/><temp name="T2026"/><temp name="T2043"/><temp name="T1940"/><temp name="T1899"/><temp name="T1882"/><temp name="T2038"/><temp name="T1895"/><temp name="T1925"/><temp name="T1874"/><temp name="T1913"/><temp name="T2032"/><temp name="T1977"/><temp name="T1919"/><temp name="T2048"/><temp name="T1891"/><temp name="T1936"/><temp name="T1960"/><temp name="T1966"/><temp name="T1886"/><temp name="T1946"/><temp name="T2022"/></temps></instruction><instruction code="OR T709, T2038, 0"><temps name="use"><temp name="T2038"/></temps><temps name="def"><temp name="T709"/></temps><temps name="in"><temp name="T26"/><temp name="T1905"/><temp name="T1954"/><temp name="T1971"/><temp name="T1932"/><temp name="T2037"/><temp name="T2026"/><temp name="T2043"/><temp name="T1940"/><temp name="T1899"/><temp name="T1882"/><temp name="T2038"/><temp name="T1895"/><temp name="T1925"/><temp name="T1874"/><temp name="T1913"/><temp name="T2032"/><temp name="T1977"/><temp name="T1919"/><temp name="T2048"/><temp name="T1891"/><temp name="T1936"/><temp name="T1960"/><temp name="T1966"/><temp name="T1886"/><temp name="T1946"/><temp name="T2022"/></temps><temps name="out"><temp name="T26"/><temp name="T1905"/><temp name="T1954"/><temp name="T1971"/><temp name="T1932"/><temp name="T2037"/><temp name="T2026"/><temp name="T2043"/><temp name="T1940"/><temp name="T1899"/><temp name="T1882"/><temp name="T1895"/><temp name="T1925"/><temp name="T1874"/><temp name="T1913"/><temp name="T2032"/><temp name="T1977"/><temp name="T1919"/><temp name="T2048"/><temp name="T1891"/><temp name="T1936"/><temp name="T1960"/><temp name="T1966"/><temp name="T709"/><temp name="T1886"/><temp name="T1946"/><temp name="T2022"/></temps></instruction><instruction code="SETL  T2039, 1"><temps name="use"/><temps name="def"><temp name="T2039"/></temps><temps name="in"><temp name="T26"/><temp name="T1905"/><temp name="T1954"/><temp name="T1971"/><temp name="T1932"/><temp name="T2037"/><temp name="T2026"/><temp name="T2043"/><temp name="T1940"/><temp name="T1899"/><temp name="T1882"/><temp name="T1895"/><temp name="T1925"/><temp name="T1874"/><temp name="T1913"/><temp name="T2032"/><temp name="T1977"/><temp name="T1919"/><temp name="T2048"/><temp name="T1891"/><temp name="T1936"/><temp name="T1960"/><temp name="T1966"/><temp name="T709"/><temp name="T1886"/><temp name="T1946"/><temp name="T2022"/></temps><temps name="out"><temp name="T26"/><temp name="T1905"/><temp name="T1954"/><temp name="T1971"/><temp name="T1932"/><temp name="T2037"/><temp name="T2026"/><temp name="T2043"/><temp name="T1940"/><temp name="T1899"/><temp name="T1882"/><temp name="T1895"/><temp name="T1925"/><temp name="T1874"/><temp name="T1913"/><temp name="T2032"/><temp name="T1977"/><temp name="T1919"/><temp name="T2048"/><temp name="T1891"/><temp name="T1936"/><temp name="T1960"/><temp name="T1966"/><temp name="T709"/><temp name="T1886"/><temp name="T1946"/><temp name="T2022"/></temps></instruction><instruction code="INCML T2039, 0"><temps name="use"/><temps name="def"><temp name="T2039"/></temps><temps name="in"><temp name="T26"/><temp name="T1905"/><temp name="T1954"/><temp name="T1971"/><temp name="T1932"/><temp name="T2037"/><temp name="T2026"/><temp name="T2043"/><temp name="T1940"/><temp name="T1899"/><temp name="T1882"/><temp name="T1895"/><temp name="T1925"/><temp name="T1874"/><temp name="T1913"/><temp name="T2032"/><temp name="T1977"/><temp name="T1919"/><temp name="T2048"/><temp name="T1891"/><temp name="T1936"/><temp name="T1960"/><temp name="T1966"/><temp name="T709"/><temp name="T1886"/><temp name="T1946"/><temp name="T2022"/></temps><temps name="out"><temp name="T26"/><temp name="T1905"/><temp name="T1954"/><temp name="T1971"/><temp name="T1932"/><temp name="T2037"/><temp name="T2026"/><temp name="T2043"/><temp name="T1940"/><temp name="T1899"/><temp name="T1882"/><temp name="T1895"/><temp name="T1925"/><temp name="T1874"/><temp name="T1913"/><temp name="T2032"/><temp name="T1977"/><temp name="T1919"/><temp name="T2048"/><temp name="T1891"/><temp name="T1936"/><temp name="T1960"/><temp name="T1966"/><temp name="T709"/><temp name="T1886"/><temp name="T1946"/><temp name="T2022"/></temps></instruction><instruction code="INCMH T2039, 0"><temps name="use"/><temps name="def"><temp name="T2039"/></temps><temps name="in"><temp name="T26"/><temp name="T1905"/><temp name="T1954"/><temp name="T1971"/><temp name="T1932"/><temp name="T2037"/><temp name="T2026"/><temp name="T2043"/><temp name="T1940"/><temp name="T1899"/><temp name="T1882"/><temp name="T1895"/><temp name="T1925"/><temp name="T1874"/><temp name="T1913"/><temp name="T2032"/><temp name="T1977"/><temp name="T1919"/><temp name="T2048"/><temp name="T1891"/><temp name="T1936"/><temp name="T1960"/><temp name="T1966"/><temp name="T709"/><temp name="T1886"/><temp name="T1946"/><temp name="T2022"/></temps><temps name="out"><temp name="T26"/><temp name="T1905"/><temp name="T1954"/><temp name="T1971"/><temp name="T1932"/><temp name="T2037"/><temp name="T2026"/><temp name="T2043"/><temp name="T1940"/><temp name="T1899"/><temp name="T1882"/><temp name="T1895"/><temp name="T1925"/><temp name="T1874"/><temp name="T1913"/><temp name="T2032"/><temp name="T1977"/><temp name="T1919"/><temp name="T2048"/><temp name="T1891"/><temp name="T1936"/><temp name="T1960"/><temp name="T1966"/><temp name="T709"/><temp name="T1886"/><temp name="T1946"/><temp name="T2022"/></temps></instruction><instruction code="INCH  T2039, 0"><temps name="use"/><temps name="def"><temp name="T2039"/></temps><temps name="in"><temp name="T26"/><temp name="T1905"/><temp name="T1954"/><temp name="T1971"/><temp name="T1932"/><temp name="T2037"/><temp name="T2026"/><temp name="T2043"/><temp name="T1940"/><temp name="T1899"/><temp name="T1882"/><temp name="T1895"/><temp name="T1925"/><temp name="T1874"/><temp name="T1913"/><temp name="T2032"/><temp name="T1977"/><temp name="T1919"/><temp name="T2048"/><temp name="T1891"/><temp name="T1936"/><temp name="T1960"/><temp name="T1966"/><temp name="T709"/><temp name="T1886"/><temp name="T1946"/><temp name="T2022"/></temps><temps name="out"><temp name="T26"/><temp name="T1905"/><temp name="T1954"/><temp name="T1971"/><temp name="T1932"/><temp name="T2037"/><temp name="T2026"/><temp name="T2043"/><temp name="T1940"/><temp name="T1899"/><temp name="T1882"/><temp name="T1895"/><temp name="T1925"/><temp name="T1874"/><temp name="T1913"/><temp name="T2039"/><temp name="T2032"/><temp name="T1977"/><temp name="T1919"/><temp name="T2048"/><temp name="T1891"/><temp name="T1936"/><temp name="T1960"/><temp name="T1966"/><temp name="T709"/><temp name="T1886"/><temp name="T1946"/><temp name="T2022"/></temps></instruction><instruction code="OR T710, T2039, 0"><temps name="use"><temp name="T2039"/></temps><temps name="def"><temp name="T710"/></temps><temps name="in"><temp name="T26"/><temp name="T1905"/><temp name="T1954"/><temp name="T1971"/><temp name="T1932"/><temp name="T2037"/><temp name="T2026"/><temp name="T2043"/><temp name="T1940"/><temp name="T1899"/><temp name="T1882"/><temp name="T1895"/><temp name="T1925"/><temp name="T1874"/><temp name="T1913"/><temp name="T2039"/><temp name="T2032"/><temp name="T1977"/><temp name="T1919"/><temp name="T2048"/><temp name="T1891"/><temp name="T1936"/><temp name="T1960"/><temp name="T1966"/><temp name="T709"/><temp name="T1886"/><temp name="T1946"/><temp name="T2022"/></temps><temps name="out"><temp name="T26"/><temp name="T1905"/><temp name="T1954"/><temp name="T1971"/><temp name="T1932"/><temp name="T2037"/><temp name="T2026"/><temp name="T2043"/><temp name="T1940"/><temp name="T1899"/><temp name="T1882"/><temp name="T1895"/><temp name="T1925"/><temp name="T1874"/><temp name="T1913"/><temp name="T2032"/><temp name="T1977"/><temp name="T1919"/><temp name="T2048"/><temp name="T710"/><temp name="T1891"/><temp name="T1936"/><temp name="T1960"/><temp name="T1966"/><temp name="T709"/><temp name="T1886"/><temp name="T1946"/><temp name="T2022"/></temps></instruction><instruction code="ADD T2040, T709, T710"><temps name="use"><temp name="T709"/><temp name="T710"/></temps><temps name="def"><temp name="T2040"/></temps><temps name="in"><temp name="T26"/><temp name="T1905"/><temp name="T1954"/><temp name="T1971"/><temp name="T1932"/><temp name="T2037"/><temp name="T2026"/><temp name="T2043"/><temp name="T1940"/><temp name="T1899"/><temp name="T1882"/><temp name="T1895"/><temp name="T1925"/><temp name="T1874"/><temp name="T1913"/><temp name="T2032"/><temp name="T1977"/><temp name="T1919"/><temp name="T2048"/><temp name="T710"/><temp name="T1891"/><temp name="T1936"/><temp name="T1960"/><temp name="T1966"/><temp name="T709"/><temp name="T1886"/><temp name="T1946"/><temp name="T2022"/></temps><temps name="out"><temp name="T26"/><temp name="T1905"/><temp name="T1954"/><temp name="T1971"/><temp name="T1932"/><temp name="T2037"/><temp name="T2026"/><temp name="T2043"/><temp name="T1940"/><temp name="T1899"/><temp name="T1882"/><temp name="T1895"/><temp name="T1925"/><temp name="T1874"/><temp name="T1913"/><temp name="T2032"/><temp name="T2040"/><temp name="T1977"/><temp name="T1919"/><temp name="T2048"/><temp name="T1891"/><temp name="T1936"/><temp name="T1960"/><temp name="T1966"/><temp name="T1886"/><temp name="T1946"/><temp name="T2022"/></temps></instruction><instruction code="OR T711, T2040, 0"><temps name="use"><temp name="T2040"/></temps><temps name="def"><temp name="T711"/></temps><temps name="in"><temp name="T26"/><temp name="T1905"/><temp name="T1954"/><temp name="T1971"/><temp name="T1932"/><temp name="T2037"/><temp name="T2026"/><temp name="T2043"/><temp name="T1940"/><temp name="T1899"/><temp name="T1882"/><temp name="T1895"/><temp name="T1925"/><temp name="T1874"/><temp name="T1913"/><temp name="T2032"/><temp name="T2040"/><temp name="T1977"/><temp name="T1919"/><temp name="T2048"/><temp name="T1891"/><temp name="T1936"/><temp name="T1960"/><temp name="T1966"/><temp name="T1886"/><temp name="T1946"/><temp name="T2022"/></temps><temps name="out"><temp name="T26"/><temp name="T1905"/><temp name="T1954"/><temp name="T1971"/><temp name="T1932"/><temp name="T2037"/><temp name="T2026"/><temp name="T2043"/><temp name="T1940"/><temp name="T1899"/><temp name="T1882"/><temp name="T1895"/><temp name="T1925"/><temp name="T1874"/><temp name="T1913"/><temp name="T2032"/><temp name="T1977"/><temp name="T1919"/><temp name="T2048"/><temp name="T1891"/><temp name="T1936"/><temp name="T711"/><temp name="T1960"/><temp name="T1966"/><temp name="T1886"/><temp name="T1946"/><temp name="T2022"/></temps></instruction><instruction code="LDO T2044, T2043, 0"><temps name="use"><temp name="T2043"/></temps><temps name="def"><temp name="T2044"/></temps><temps name="in"><temp name="T26"/><temp name="T1905"/><temp name="T1954"/><temp name="T1971"/><temp name="T1932"/><temp name="T2037"/><temp name="T2026"/><temp name="T2043"/><temp name="T1940"/><temp name="T1899"/><temp name="T1882"/><temp name="T1895"/><temp name="T1925"/><temp name="T1874"/><temp name="T1913"/><temp name="T2032"/><temp name="T1977"/><temp name="T1919"/><temp name="T2048"/><temp name="T1891"/><temp name="T1936"/><temp name="T711"/><temp name="T1960"/><temp name="T1966"/><temp name="T1886"/><temp name="T1946"/><temp name="T2022"/></temps><temps name="out"><temp name="T26"/><temp name="T1905"/><temp name="T1954"/><temp name="T1971"/><temp name="T1932"/><temp name="T2037"/><temp name="T2026"/><temp name="T2043"/><temp name="T1940"/><temp name="T1899"/><temp name="T1882"/><temp name="T1895"/><temp name="T1925"/><temp name="T1874"/><temp name="T1913"/><temp name="T2032"/><temp name="T2044"/><temp name="T1977"/><temp name="T1919"/><temp name="T2048"/><temp name="T1891"/><temp name="T1936"/><temp name="T711"/><temp name="T1960"/><temp name="T1966"/><temp name="T1886"/><temp name="T1946"/><temp name="T2022"/></temps></instruction><instruction code="STO T2044, T711, 0"><temps name="use"><temp name="T2044"/><temp name="T711"/></temps><temps name="def"/><temps name="in"><temp name="T26"/><temp name="T1905"/><temp name="T1954"/><temp name="T1971"/><temp name="T1932"/><temp name="T2037"/><temp name="T2026"/><temp name="T2043"/><temp name="T1940"/><temp name="T1899"/><temp name="T1882"/><temp name="T1895"/><temp name="T1925"/><temp name="T1874"/><temp name="T1913"/><temp name="T2032"/><temp name="T2044"/><temp name="T1977"/><temp name="T1919"/><temp name="T2048"/><temp name="T1891"/><temp name="T1936"/><temp name="T711"/><temp name="T1960"/><temp name="T1966"/><temp name="T1886"/><temp name="T1946"/><temp name="T2022"/></temps><temps name="out"><temp name="T26"/><temp name="T1905"/><temp name="T1954"/><temp name="T1971"/><temp name="T1932"/><temp name="T2037"/><temp name="T2026"/><temp name="T2043"/><temp name="T1940"/><temp name="T1899"/><temp name="T1882"/><temp name="T1895"/><temp name="T1925"/><temp name="T1874"/><temp name="T1913"/><temp name="T2032"/><temp name="T1977"/><temp name="T1919"/><temp name="T2048"/><temp name="T1891"/><temp name="T1936"/><temp name="T1960"/><temp name="T1966"/><temp name="T1886"/><temp name="T1946"/><temp name="T2022"/></temps></instruction><instruction code="LDA T2045, L83"><temps name="use"/><temps name="def"><temp name="T2045"/></temps><temps name="in"><temp name="T26"/><temp name="T1905"/><temp name="T1954"/><temp name="T1971"/><temp name="T1932"/><temp name="T2037"/><temp name="T2026"/><temp name="T2043"/><temp name="T1940"/><temp name="T1899"/><temp name="T1882"/><temp name="T1895"/><temp name="T1925"/><temp name="T1874"/><temp name="T1913"/><temp name="T2032"/><temp name="T1977"/><temp name="T1919"/><temp name="T2048"/><temp name="T1891"/><temp name="T1936"/><temp name="T1960"/><temp name="T1966"/><temp name="T1886"/><temp name="T1946"/><temp name="T2022"/></temps><temps name="out"><temp name="T26"/><temp name="T1905"/><temp name="T1954"/><temp name="T1971"/><temp name="T1932"/><temp name="T2037"/><temp name="T2026"/><temp name="T2043"/><temp name="T1940"/><temp name="T1899"/><temp name="T1882"/><temp name="T2045"/><temp name="T1895"/><temp name="T1925"/><temp name="T1874"/><temp name="T1913"/><temp name="T2032"/><temp name="T1977"/><temp name="T1919"/><temp name="T2048"/><temp name="T1891"/><temp name="T1936"/><temp name="T1960"/><temp name="T1966"/><temp name="T1886"/><temp name="T1946"/><temp name="T2022"/></temps></instruction><instruction code="GO T2045, T2045, 0"><temps name="use"><temp name="T2045"/></temps><temps name="def"><temp name="T2045"/></temps><temps name="in"><temp name="T26"/><temp name="T1905"/><temp name="T1954"/><temp name="T1971"/><temp name="T1932"/><temp name="T2037"/><temp name="T2026"/><temp name="T2043"/><temp name="T1940"/><temp name="T1899"/><temp name="T1882"/><temp name="T2045"/><temp name="T1895"/><temp name="T1925"/><temp name="T1874"/><temp name="T1913"/><temp name="T2032"/><temp name="T1977"/><temp name="T1919"/><temp name="T2048"/><temp name="T1891"/><temp name="T1936"/><temp name="T1960"/><temp name="T1966"/><temp name="T1886"/><temp name="T1946"/><temp name="T2022"/></temps><temps name="out"><temp name="T26"/><temp name="T1905"/><temp name="T1954"/><temp name="T1971"/><temp name="T1932"/><temp name="T2037"/><temp name="T2026"/><temp name="T2043"/><temp name="T1940"/><temp name="T1899"/><temp name="T1882"/><temp name="T1895"/><temp name="T1925"/><temp name="T1874"/><temp name="T1913"/><temp name="T2032"/><temp name="T1977"/><temp name="T1919"/><temp name="T2048"/><temp name="T1891"/><temp name="T1936"/><temp name="T1960"/><temp name="T1966"/><temp name="T1886"/><temp name="T1946"/><temp name="T2022"/></temps></instruction><instruction code="L85"><temps name="use"/><temps name="def"/><temps name="in"><temp name="T26"/><temp name="T2048"/></temps><temps name="out"><temp name="T26"/><temp name="T2048"/></temps></instruction><instruction code="OR T712, T26, 0"><temps name="use"><temp name="T26"/></temps><temps name="def"><temp name="T712"/></temps><temps name="in"><temp name="T26"/><temp name="T2048"/></temps><temps name="out"><temp name="T712"/><temp name="T2048"/></temps></instruction><instruction code="SETL  T2046, 112"><temps name="use"/><temps name="def"><temp name="T2046"/></temps><temps name="in"><temp name="T712"/><temp name="T2048"/></temps><temps name="out"><temp name="T712"/><temp name="T2048"/></temps></instruction><instruction code="INCML T2046, 0"><temps name="use"/><temps name="def"><temp name="T2046"/></temps><temps name="in"><temp name="T712"/><temp name="T2048"/></temps><temps name="out"><temp name="T712"/><temp name="T2048"/></temps></instruction><instruction code="INCMH T2046, 0"><temps name="use"/><temps name="def"><temp name="T2046"/></temps><temps name="in"><temp name="T712"/><temp name="T2048"/></temps><temps name="out"><temp name="T712"/><temp name="T2048"/></temps></instruction><instruction code="INCH  T2046, 0"><temps name="use"/><temps name="def"><temp name="T2046"/></temps><temps name="in"><temp name="T712"/><temp name="T2048"/></temps><temps name="out"><temp name="T2046"/><temp name="T712"/><temp name="T2048"/></temps></instruction><instruction code="NEG T2046, 0, T2046"><temps name="use"><temp name="T2046"/></temps><temps name="def"><temp name="T2046"/></temps><temps name="in"><temp name="T2046"/><temp name="T712"/><temp name="T2048"/></temps><temps name="out"><temp name="T2046"/><temp name="T712"/><temp name="T2048"/></temps></instruction><instruction code="OR T713, T2046, 0"><temps name="use"><temp name="T2046"/></temps><temps name="def"><temp name="T713"/></temps><temps name="in"><temp name="T2046"/><temp name="T712"/><temp name="T2048"/></temps><temps name="out"><temp name="T713"/><temp name="T712"/><temp name="T2048"/></temps></instruction><instruction code="ADD T2047, T712, T713"><temps name="use"><temp name="T712"/><temp name="T713"/></temps><temps name="def"><temp name="T2047"/></temps><temps name="in"><temp name="T713"/><temp name="T712"/><temp name="T2048"/></temps><temps name="out"><temp name="T2047"/><temp name="T2048"/></temps></instruction><instruction code="OR T714, T2047, 0"><temps name="use"><temp name="T2047"/></temps><temps name="def"><temp name="T714"/></temps><temps name="in"><temp name="T2047"/><temp name="T2048"/></temps><temps name="out"><temp name="T2048"/></temps></instruction><instruction code="LDO T2049, T2048, 0"><temps name="use"><temp name="T2048"/></temps><temps name="def"><temp name="T2049"/></temps><temps name="in"><temp name="T2048"/></temps><temps name="out"><temp name="T2049"/></temps></instruction><instruction code="OR T715, T2049, 0"><temps name="use"><temp name="T2049"/></temps><temps name="def"><temp name="T715"/></temps><temps name="in"><temp name="T2049"/></temps><temps name="out"><temp name="T715"/></temps></instruction><instruction code="OR T27, T715, 0"><temps name="use"><temp name="T715"/></temps><temps name="def"><temp name="T27"/></temps><temps name="in"><temp name="T715"/></temps><temps name="out"/></instruction><instruction code="LDA T2050, L149"><temps name="use"/><temps name="def"><temp name="T2050"/></temps><temps name="in"/><temps name="out"><temp name="T2050"/></temps></instruction><instruction code="GO T2050, T2050, 0"><temps name="use"><temp name="T2050"/></temps><temps name="def"><temp name="T2050"/></temps><temps name="in"><temp name="T2050"/></temps><temps name="out"/></instruction></instructions></code><code entrylabel="L157" exitlabel="L158" tempsize="0"><frame FP="T28" RV="T29" argssize="24" depth="2" label="L4" locssize="32" size="72"/><instructions><instruction code="L157"><temps name="use"/><temps name="def"/><temps name="in"><temp name="T2290"/><temp name="T2263"/><temp name="T2111"/><temp name="T2078"/><temp name="T2149"/><temp name="T2132"/><temp name="T2188"/><temp name="T2124"/><temp name="T2165"/><temp name="T2175"/><temp name="T2197"/><temp name="T2270"/><temp name="T2108"/><temp name="T2277"/><temp name="T2320"/><temp name="T2326"/><temp name="T2154"/><temp name="T2310"/><temp name="T2230"/><temp name="T2082"/><temp name="T2070"/><temp name="T2213"/><temp name="T2249"/><temp name="T2281"/><temp name="T2103"/><temp name="T2251"/><temp name="T2202"/><temp name="T2244"/><temp name="T2314"/><temp name="T2185"/><temp name="T2191"/><temp name="T2161"/><temp name="T2115"/><temp name="T2206"/><temp name="T28"/><temp name="T2096"/><temp name="T2170"/><temp name="T2066"/><temp name="T2255"/><temp name="T2088"/><temp name="T2057"/><temp name="T2118"/><temp name="T2157"/><temp name="T2228"/><temp name="T2240"/><temp name="T2053"/><temp name="T2275"/><temp name="T2135"/><temp name="T2092"/><temp name="T2234"/><temp name="T2141"/><temp name="T2294"/><temp name="T2239"/><temp name="T2287"/><temp name="T2179"/></temps><temps name="out"><temp name="T2290"/><temp name="T2263"/><temp name="T2111"/><temp name="T2078"/><temp name="T2149"/><temp name="T2132"/><temp name="T2188"/><temp name="T2124"/><temp name="T2165"/><temp name="T2175"/><temp name="T2197"/><temp name="T2270"/><temp name="T2108"/><temp name="T2277"/><temp name="T2320"/><temp name="T2326"/><temp name="T2154"/><temp name="T2310"/><temp name="T2230"/><temp name="T2082"/><temp name="T2070"/><temp name="T2213"/><temp name="T2249"/><temp name="T2281"/><temp name="T2103"/><temp name="T2251"/><temp name="T2202"/><temp name="T2244"/><temp name="T2314"/><temp name="T2185"/><temp name="T2191"/><temp name="T2161"/><temp name="T2115"/><temp name="T2206"/><temp name="T28"/><temp name="T2096"/><temp name="T2170"/><temp name="T2066"/><temp name="T2255"/><temp name="T2088"/><temp name="T2057"/><temp name="T2118"/><temp name="T2157"/><temp name="T2228"/><temp name="T2240"/><temp name="T2053"/><temp name="T2275"/><temp name="T2135"/><temp name="T2092"/><temp name="T2234"/><temp name="T2141"/><temp name="T2294"/><temp name="T2239"/><temp name="T2287"/><temp name="T2179"/></temps></instruction><instruction code="OR T716, T28, 0"><temps name="use"><temp name="T28"/></temps><temps name="def"><temp name="T716"/></temps><temps name="in"><temp name="T2290"/><temp name="T2263"/><temp name="T2111"/><temp name="T2078"/><temp name="T2149"/><temp name="T2132"/><temp name="T2188"/><temp name="T2124"/><temp name="T2165"/><temp name="T2175"/><temp name="T2197"/><temp name="T2270"/><temp name="T2108"/><temp name="T2277"/><temp name="T2320"/><temp name="T2326"/><temp name="T2154"/><temp name="T2310"/><temp name="T2230"/><temp name="T2082"/><temp name="T2070"/><temp name="T2213"/><temp name="T2249"/><temp name="T2281"/><temp name="T2103"/><temp name="T2251"/><temp name="T2202"/><temp name="T2244"/><temp name="T2314"/><temp name="T2185"/><temp name="T2191"/><temp name="T2161"/><temp name="T2115"/><temp name="T2206"/><temp name="T28"/><temp name="T2096"/><temp name="T2170"/><temp name="T2066"/><temp name="T2255"/><temp name="T2088"/><temp name="T2057"/><temp name="T2118"/><temp name="T2157"/><temp name="T2228"/><temp name="T2240"/><temp name="T2053"/><temp name="T2275"/><temp name="T2135"/><temp name="T2092"/><temp name="T2234"/><temp name="T2141"/><temp name="T2294"/><temp name="T2239"/><temp name="T2287"/><temp name="T2179"/></temps><temps name="out"><temp name="T2290"/><temp name="T2263"/><temp name="T2111"/><temp name="T2078"/><temp name="T2149"/><temp name="T2132"/><temp name="T2188"/><temp name="T2124"/><temp name="T2165"/><temp name="T2175"/><temp name="T2197"/><temp name="T2270"/><temp name="T2108"/><temp name="T2277"/><temp name="T2320"/><temp name="T2326"/><temp name="T2154"/><temp name="T2310"/><temp name="T2230"/><temp name="T2082"/><temp name="T2070"/><temp name="T2213"/><temp name="T2249"/><temp name="T2281"/><temp name="T2103"/><temp name="T2251"/><temp name="T2202"/><temp name="T2244"/><temp name="T2314"/><temp name="T2185"/><temp name="T2191"/><temp name="T2161"/><temp name="T2115"/><temp name="T2206"/><temp name="T28"/><temp name="T2096"/><temp name="T2170"/><temp name="T2066"/><temp name="T716"/><temp name="T2255"/><temp name="T2088"/><temp name="T2057"/><temp name="T2118"/><temp name="T2157"/><temp name="T2228"/><temp name="T2240"/><temp name="T2053"/><temp name="T2275"/><temp name="T2135"/><temp name="T2092"/><temp name="T2234"/><temp name="T2141"/><temp name="T2294"/><temp name="T2239"/><temp name="T2287"/><temp name="T2179"/></temps></instruction><instruction code="SETL  T2051, 8"><temps name="use"/><temps name="def"><temp name="T2051"/></temps><temps name="in"><temp name="T2290"/><temp name="T2263"/><temp name="T2111"/><temp name="T2078"/><temp name="T2149"/><temp name="T2132"/><temp name="T2188"/><temp name="T2124"/><temp name="T2165"/><temp name="T2175"/><temp name="T2197"/><temp name="T2270"/><temp name="T2108"/><temp name="T2277"/><temp name="T2320"/><temp name="T2326"/><temp name="T2154"/><temp name="T2310"/><temp name="T2230"/><temp name="T2082"/><temp name="T2070"/><temp name="T2213"/><temp name="T2249"/><temp name="T2281"/><temp name="T2103"/><temp name="T2251"/><temp name="T2202"/><temp name="T2244"/><temp name="T2314"/><temp name="T2185"/><temp name="T2191"/><temp name="T2161"/><temp name="T2115"/><temp name="T2206"/><temp name="T28"/><temp name="T2096"/><temp name="T2170"/><temp name="T2066"/><temp name="T716"/><temp name="T2255"/><temp name="T2088"/><temp name="T2057"/><temp name="T2118"/><temp name="T2157"/><temp name="T2228"/><temp name="T2240"/><temp name="T2053"/><temp name="T2275"/><temp name="T2135"/><temp name="T2092"/><temp name="T2234"/><temp name="T2141"/><temp name="T2294"/><temp name="T2239"/><temp name="T2287"/><temp name="T2179"/></temps><temps name="out"><temp name="T2290"/><temp name="T2263"/><temp name="T2111"/><temp name="T2078"/><temp name="T2149"/><temp name="T2132"/><temp name="T2188"/><temp name="T2124"/><temp name="T2165"/><temp name="T2175"/><temp name="T2197"/><temp name="T2270"/><temp name="T2108"/><temp name="T2277"/><temp name="T2320"/><temp name="T2326"/><temp name="T2154"/><temp name="T2310"/><temp name="T2230"/><temp name="T2082"/><temp name="T2070"/><temp name="T2213"/><temp name="T2249"/><temp name="T2281"/><temp name="T2103"/><temp name="T2251"/><temp name="T2202"/><temp name="T2244"/><temp name="T2314"/><temp name="T2185"/><temp name="T2191"/><temp name="T2161"/><temp name="T2115"/><temp name="T2206"/><temp name="T28"/><temp name="T2096"/><temp name="T2170"/><temp name="T2066"/><temp name="T716"/><temp name="T2255"/><temp name="T2088"/><temp name="T2057"/><temp name="T2118"/><temp name="T2157"/><temp name="T2228"/><temp name="T2240"/><temp name="T2053"/><temp name="T2275"/><temp name="T2135"/><temp name="T2092"/><temp name="T2234"/><temp name="T2141"/><temp name="T2294"/><temp name="T2239"/><temp name="T2287"/><temp name="T2179"/></temps></instruction><instruction code="INCML T2051, 0"><temps name="use"/><temps name="def"><temp name="T2051"/></temps><temps name="in"><temp name="T2290"/><temp name="T2263"/><temp name="T2111"/><temp name="T2078"/><temp name="T2149"/><temp name="T2132"/><temp name="T2188"/><temp name="T2124"/><temp name="T2165"/><temp name="T2175"/><temp name="T2197"/><temp name="T2270"/><temp name="T2108"/><temp name="T2277"/><temp name="T2320"/><temp name="T2326"/><temp name="T2154"/><temp name="T2310"/><temp name="T2230"/><temp name="T2082"/><temp name="T2070"/><temp name="T2213"/><temp name="T2249"/><temp name="T2281"/><temp name="T2103"/><temp name="T2251"/><temp name="T2202"/><temp name="T2244"/><temp name="T2314"/><temp name="T2185"/><temp name="T2191"/><temp name="T2161"/><temp name="T2115"/><temp name="T2206"/><temp name="T28"/><temp name="T2096"/><temp name="T2170"/><temp name="T2066"/><temp name="T716"/><temp name="T2255"/><temp name="T2088"/><temp name="T2057"/><temp name="T2118"/><temp name="T2157"/><temp name="T2228"/><temp name="T2240"/><temp name="T2053"/><temp name="T2275"/><temp name="T2135"/><temp name="T2092"/><temp name="T2234"/><temp name="T2141"/><temp name="T2294"/><temp name="T2239"/><temp name="T2287"/><temp name="T2179"/></temps><temps name="out"><temp name="T2290"/><temp name="T2263"/><temp name="T2111"/><temp name="T2078"/><temp name="T2149"/><temp name="T2132"/><temp name="T2188"/><temp name="T2124"/><temp name="T2165"/><temp name="T2175"/><temp name="T2197"/><temp name="T2270"/><temp name="T2108"/><temp name="T2277"/><temp name="T2320"/><temp name="T2326"/><temp name="T2154"/><temp name="T2310"/><temp name="T2230"/><temp name="T2082"/><temp name="T2070"/><temp name="T2213"/><temp name="T2249"/><temp name="T2281"/><temp name="T2103"/><temp name="T2251"/><temp name="T2202"/><temp name="T2244"/><temp name="T2314"/><temp name="T2185"/><temp name="T2191"/><temp name="T2161"/><temp name="T2115"/><temp name="T2206"/><temp name="T28"/><temp name="T2096"/><temp name="T2170"/><temp name="T2066"/><temp name="T716"/><temp name="T2255"/><temp name="T2088"/><temp name="T2057"/><temp name="T2118"/><temp name="T2157"/><temp name="T2228"/><temp name="T2240"/><temp name="T2053"/><temp name="T2275"/><temp name="T2135"/><temp name="T2092"/><temp name="T2234"/><temp name="T2141"/><temp name="T2294"/><temp name="T2239"/><temp name="T2287"/><temp name="T2179"/></temps></instruction><instruction code="INCMH T2051, 0"><temps name="use"/><temps name="def"><temp name="T2051"/></temps><temps name="in"><temp name="T2290"/><temp name="T2263"/><temp name="T2111"/><temp name="T2078"/><temp name="T2149"/><temp name="T2132"/><temp name="T2188"/><temp name="T2124"/><temp name="T2165"/><temp name="T2175"/><temp name="T2197"/><temp name="T2270"/><temp name="T2108"/><temp name="T2277"/><temp name="T2320"/><temp name="T2326"/><temp name="T2154"/><temp name="T2310"/><temp name="T2230"/><temp name="T2082"/><temp name="T2070"/><temp name="T2213"/><temp name="T2249"/><temp name="T2281"/><temp name="T2103"/><temp name="T2251"/><temp name="T2202"/><temp name="T2244"/><temp name="T2314"/><temp name="T2185"/><temp name="T2191"/><temp name="T2161"/><temp name="T2115"/><temp name="T2206"/><temp name="T28"/><temp name="T2096"/><temp name="T2170"/><temp name="T2066"/><temp name="T716"/><temp name="T2255"/><temp name="T2088"/><temp name="T2057"/><temp name="T2118"/><temp name="T2157"/><temp name="T2228"/><temp name="T2240"/><temp name="T2053"/><temp name="T2275"/><temp name="T2135"/><temp name="T2092"/><temp name="T2234"/><temp name="T2141"/><temp name="T2294"/><temp name="T2239"/><temp name="T2287"/><temp name="T2179"/></temps><temps name="out"><temp name="T2290"/><temp name="T2263"/><temp name="T2111"/><temp name="T2078"/><temp name="T2149"/><temp name="T2132"/><temp name="T2188"/><temp name="T2124"/><temp name="T2165"/><temp name="T2175"/><temp name="T2197"/><temp name="T2270"/><temp name="T2108"/><temp name="T2277"/><temp name="T2320"/><temp name="T2326"/><temp name="T2154"/><temp name="T2310"/><temp name="T2230"/><temp name="T2082"/><temp name="T2070"/><temp name="T2213"/><temp name="T2249"/><temp name="T2281"/><temp name="T2103"/><temp name="T2251"/><temp name="T2202"/><temp name="T2244"/><temp name="T2314"/><temp name="T2185"/><temp name="T2191"/><temp name="T2161"/><temp name="T2115"/><temp name="T2206"/><temp name="T28"/><temp name="T2096"/><temp name="T2170"/><temp name="T2066"/><temp name="T716"/><temp name="T2255"/><temp name="T2088"/><temp name="T2057"/><temp name="T2118"/><temp name="T2157"/><temp name="T2228"/><temp name="T2240"/><temp name="T2053"/><temp name="T2275"/><temp name="T2135"/><temp name="T2092"/><temp name="T2234"/><temp name="T2141"/><temp name="T2294"/><temp name="T2239"/><temp name="T2287"/><temp name="T2179"/></temps></instruction><instruction code="INCH  T2051, 0"><temps name="use"/><temps name="def"><temp name="T2051"/></temps><temps name="in"><temp name="T2290"/><temp name="T2263"/><temp name="T2111"/><temp name="T2078"/><temp name="T2149"/><temp name="T2132"/><temp name="T2188"/><temp name="T2124"/><temp name="T2165"/><temp name="T2175"/><temp name="T2197"/><temp name="T2270"/><temp name="T2108"/><temp name="T2277"/><temp name="T2320"/><temp name="T2326"/><temp name="T2154"/><temp name="T2310"/><temp name="T2230"/><temp name="T2082"/><temp name="T2070"/><temp name="T2213"/><temp name="T2249"/><temp name="T2281"/><temp name="T2103"/><temp name="T2251"/><temp name="T2202"/><temp name="T2244"/><temp name="T2314"/><temp name="T2185"/><temp name="T2191"/><temp name="T2161"/><temp name="T2115"/><temp name="T2206"/><temp name="T28"/><temp name="T2096"/><temp name="T2170"/><temp name="T2066"/><temp name="T716"/><temp name="T2255"/><temp name="T2088"/><temp name="T2057"/><temp name="T2118"/><temp name="T2157"/><temp name="T2228"/><temp name="T2240"/><temp name="T2053"/><temp name="T2275"/><temp name="T2135"/><temp name="T2092"/><temp name="T2234"/><temp name="T2141"/><temp name="T2294"/><temp name="T2239"/><temp name="T2287"/><temp name="T2179"/></temps><temps name="out"><temp name="T2290"/><temp name="T2263"/><temp name="T2111"/><temp name="T2078"/><temp name="T2149"/><temp name="T2132"/><temp name="T2188"/><temp name="T2124"/><temp name="T2165"/><temp name="T2175"/><temp name="T2197"/><temp name="T2270"/><temp name="T2108"/><temp name="T2277"/><temp name="T2320"/><temp name="T2326"/><temp name="T2154"/><temp name="T2310"/><temp name="T2230"/><temp name="T2082"/><temp name="T2070"/><temp name="T2213"/><temp name="T2249"/><temp name="T2281"/><temp name="T2103"/><temp name="T2251"/><temp name="T2202"/><temp name="T2244"/><temp name="T2314"/><temp name="T2185"/><temp name="T2191"/><temp name="T2161"/><temp name="T2115"/><temp name="T2206"/><temp name="T28"/><temp name="T2096"/><temp name="T2170"/><temp name="T2066"/><temp name="T716"/><temp name="T2255"/><temp name="T2088"/><temp name="T2057"/><temp name="T2118"/><temp name="T2157"/><temp name="T2228"/><temp name="T2240"/><temp name="T2051"/><temp name="T2053"/><temp name="T2275"/><temp name="T2135"/><temp name="T2092"/><temp name="T2234"/><temp name="T2141"/><temp name="T2294"/><temp name="T2239"/><temp name="T2287"/><temp name="T2179"/></temps></instruction><instruction code="OR T717, T2051, 0"><temps name="use"><temp name="T2051"/></temps><temps name="def"><temp name="T717"/></temps><temps name="in"><temp name="T2290"/><temp name="T2263"/><temp name="T2111"/><temp name="T2078"/><temp name="T2149"/><temp name="T2132"/><temp name="T2188"/><temp name="T2124"/><temp name="T2165"/><temp name="T2175"/><temp name="T2197"/><temp name="T2270"/><temp name="T2108"/><temp name="T2277"/><temp name="T2320"/><temp name="T2326"/><temp name="T2154"/><temp name="T2310"/><temp name="T2230"/><temp name="T2082"/><temp name="T2070"/><temp name="T2213"/><temp name="T2249"/><temp name="T2281"/><temp name="T2103"/><temp name="T2251"/><temp name="T2202"/><temp name="T2244"/><temp name="T2314"/><temp name="T2185"/><temp name="T2191"/><temp name="T2161"/><temp name="T2115"/><temp name="T2206"/><temp name="T28"/><temp name="T2096"/><temp name="T2170"/><temp name="T2066"/><temp name="T716"/><temp name="T2255"/><temp name="T2088"/><temp name="T2057"/><temp name="T2118"/><temp name="T2157"/><temp name="T2228"/><temp name="T2240"/><temp name="T2051"/><temp name="T2053"/><temp name="T2275"/><temp name="T2135"/><temp name="T2092"/><temp name="T2234"/><temp name="T2141"/><temp name="T2294"/><temp name="T2239"/><temp name="T2287"/><temp name="T2179"/></temps><temps name="out"><temp name="T2290"/><temp name="T2263"/><temp name="T2111"/><temp name="T2078"/><temp name="T2149"/><temp name="T2132"/><temp name="T2188"/><temp name="T2124"/><temp name="T2165"/><temp name="T2175"/><temp name="T2197"/><temp name="T2270"/><temp name="T2108"/><temp name="T2277"/><temp name="T2320"/><temp name="T2326"/><temp name="T2154"/><temp name="T2310"/><temp name="T2230"/><temp name="T2082"/><temp name="T2070"/><temp name="T2213"/><temp name="T2249"/><temp name="T2281"/><temp name="T717"/><temp name="T2103"/><temp name="T2251"/><temp name="T2202"/><temp name="T2244"/><temp name="T2314"/><temp name="T2185"/><temp name="T2191"/><temp name="T2161"/><temp name="T2115"/><temp name="T2206"/><temp name="T28"/><temp name="T2096"/><temp name="T2170"/><temp name="T2066"/><temp name="T716"/><temp name="T2255"/><temp name="T2088"/><temp name="T2057"/><temp name="T2118"/><temp name="T2157"/><temp name="T2228"/><temp name="T2240"/><temp name="T2053"/><temp name="T2275"/><temp name="T2135"/><temp name="T2092"/><temp name="T2234"/><temp name="T2141"/><temp name="T2294"/><temp name="T2239"/><temp name="T2287"/><temp name="T2179"/></temps></instruction><instruction code="ADD T2052, T716, T717"><temps name="use"><temp name="T716"/><temp name="T717"/></temps><temps name="def"><temp name="T2052"/></temps><temps name="in"><temp name="T2290"/><temp name="T2263"/><temp name="T2111"/><temp name="T2078"/><temp name="T2149"/><temp name="T2132"/><temp name="T2188"/><temp name="T2124"/><temp name="T2165"/><temp name="T2175"/><temp name="T2197"/><temp name="T2270"/><temp name="T2108"/><temp name="T2277"/><temp name="T2320"/><temp name="T2326"/><temp name="T2154"/><temp name="T2310"/><temp name="T2230"/><temp name="T2082"/><temp name="T2070"/><temp name="T2213"/><temp name="T2249"/><temp name="T2281"/><temp name="T717"/><temp name="T2103"/><temp name="T2251"/><temp name="T2202"/><temp name="T2244"/><temp name="T2314"/><temp name="T2185"/><temp name="T2191"/><temp name="T2161"/><temp name="T2115"/><temp name="T2206"/><temp name="T28"/><temp name="T2096"/><temp name="T2170"/><temp name="T2066"/><temp name="T716"/><temp name="T2255"/><temp name="T2088"/><temp name="T2057"/><temp name="T2118"/><temp name="T2157"/><temp name="T2228"/><temp name="T2240"/><temp name="T2053"/><temp name="T2275"/><temp name="T2135"/><temp name="T2092"/><temp name="T2234"/><temp name="T2141"/><temp name="T2294"/><temp name="T2239"/><temp name="T2287"/><temp name="T2179"/></temps><temps name="out"><temp name="T2290"/><temp name="T2263"/><temp name="T2111"/><temp name="T2078"/><temp name="T2149"/><temp name="T2132"/><temp name="T2188"/><temp name="T2124"/><temp name="T2165"/><temp name="T2175"/><temp name="T2197"/><temp name="T2270"/><temp name="T2108"/><temp name="T2277"/><temp name="T2320"/><temp name="T2326"/><temp name="T2154"/><temp name="T2310"/><temp name="T2230"/><temp name="T2082"/><temp name="T2070"/><temp name="T2213"/><temp name="T2249"/><temp name="T2281"/><temp name="T2103"/><temp name="T2251"/><temp name="T2202"/><temp name="T2244"/><temp name="T2314"/><temp name="T2185"/><temp name="T2191"/><temp name="T2161"/><temp name="T2115"/><temp name="T2206"/><temp name="T28"/><temp name="T2096"/><temp name="T2170"/><temp name="T2066"/><temp name="T2255"/><temp name="T2088"/><temp name="T2057"/><temp name="T2118"/><temp name="T2157"/><temp name="T2052"/><temp name="T2228"/><temp name="T2240"/><temp name="T2053"/><temp name="T2275"/><temp name="T2135"/><temp name="T2092"/><temp name="T2234"/><temp name="T2141"/><temp name="T2294"/><temp name="T2239"/><temp name="T2287"/><temp name="T2179"/></temps></instruction><instruction code="OR T718, T2052, 0"><temps name="use"><temp name="T2052"/></temps><temps name="def"><temp name="T718"/></temps><temps name="in"><temp name="T2290"/><temp name="T2263"/><temp name="T2111"/><temp name="T2078"/><temp name="T2149"/><temp name="T2132"/><temp name="T2188"/><temp name="T2124"/><temp name="T2165"/><temp name="T2175"/><temp name="T2197"/><temp name="T2270"/><temp name="T2108"/><temp name="T2277"/><temp name="T2320"/><temp name="T2326"/><temp name="T2154"/><temp name="T2310"/><temp name="T2230"/><temp name="T2082"/><temp name="T2070"/><temp name="T2213"/><temp name="T2249"/><temp name="T2281"/><temp name="T2103"/><temp name="T2251"/><temp name="T2202"/><temp name="T2244"/><temp name="T2314"/><temp name="T2185"/><temp name="T2191"/><temp name="T2161"/><temp name="T2115"/><temp name="T2206"/><temp name="T28"/><temp name="T2096"/><temp name="T2170"/><temp name="T2066"/><temp name="T2255"/><temp name="T2088"/><temp name="T2057"/><temp name="T2118"/><temp name="T2157"/><temp name="T2052"/><temp name="T2228"/><temp name="T2240"/><temp name="T2053"/><temp name="T2275"/><temp name="T2135"/><temp name="T2092"/><temp name="T2234"/><temp name="T2141"/><temp name="T2294"/><temp name="T2239"/><temp name="T2287"/><temp name="T2179"/></temps><temps name="out"><temp name="T2290"/><temp name="T2263"/><temp name="T2111"/><temp name="T2078"/><temp name="T2149"/><temp name="T2132"/><temp name="T2188"/><temp name="T2124"/><temp name="T2165"/><temp name="T2175"/><temp name="T2197"/><temp name="T2270"/><temp name="T2108"/><temp name="T2277"/><temp name="T2320"/><temp name="T2326"/><temp name="T2154"/><temp name="T2310"/><temp name="T2230"/><temp name="T2082"/><temp name="T2070"/><temp name="T2213"/><temp name="T2249"/><temp name="T2281"/><temp name="T2103"/><temp name="T2251"/><temp name="T2202"/><temp name="T2244"/><temp name="T2314"/><temp name="T2185"/><temp name="T2191"/><temp name="T2161"/><temp name="T2115"/><temp name="T2206"/><temp name="T28"/><temp name="T2096"/><temp name="T2170"/><temp name="T2066"/><temp name="T2255"/><temp name="T2088"/><temp name="T2057"/><temp name="T2118"/><temp name="T2157"/><temp name="T2228"/><temp name="T2240"/><temp name="T2053"/><temp name="T2275"/><temp name="T2135"/><temp name="T2092"/><temp name="T2234"/><temp name="T2141"/><temp name="T2294"/><temp name="T2239"/><temp name="T2287"/><temp name="T2179"/></temps></instruction><instruction code="LDO T2054, T2053, 0"><temps name="use"><temp name="T2053"/></temps><temps name="def"><temp name="T2054"/></temps><temps name="in"><temp name="T2290"/><temp name="T2263"/><temp name="T2111"/><temp name="T2078"/><temp name="T2149"/><temp name="T2132"/><temp name="T2188"/><temp name="T2124"/><temp name="T2165"/><temp name="T2175"/><temp name="T2197"/><temp name="T2270"/><temp name="T2108"/><temp name="T2277"/><temp name="T2320"/><temp name="T2326"/><temp name="T2154"/><temp name="T2310"/><temp name="T2230"/><temp name="T2082"/><temp name="T2070"/><temp name="T2213"/><temp name="T2249"/><temp name="T2281"/><temp name="T2103"/><temp name="T2251"/><temp name="T2202"/><temp name="T2244"/><temp name="T2314"/><temp name="T2185"/><temp name="T2191"/><temp name="T2161"/><temp name="T2115"/><temp name="T2206"/><temp name="T28"/><temp name="T2096"/><temp name="T2170"/><temp name="T2066"/><temp name="T2255"/><temp name="T2088"/><temp name="T2057"/><temp name="T2118"/><temp name="T2157"/><temp name="T2228"/><temp name="T2240"/><temp name="T2053"/><temp name="T2275"/><temp name="T2135"/><temp name="T2092"/><temp name="T2234"/><temp name="T2141"/><temp name="T2294"/><temp name="T2239"/><temp name="T2287"/><temp name="T2179"/></temps><temps name="out"><temp name="T2290"/><temp name="T2263"/><temp name="T2111"/><temp name="T2078"/><temp name="T2149"/><temp name="T2132"/><temp name="T2188"/><temp name="T2124"/><temp name="T2165"/><temp name="T2175"/><temp name="T2197"/><temp name="T2270"/><temp name="T2108"/><temp name="T2277"/><temp name="T2320"/><temp name="T2326"/><temp name="T2154"/><temp name="T2310"/><temp name="T2230"/><temp name="T2082"/><temp name="T2070"/><temp name="T2213"/><temp name="T2249"/><temp name="T2281"/><temp name="T2103"/><temp name="T2251"/><temp name="T2202"/><temp name="T2244"/><temp name="T2314"/><temp name="T2185"/><temp name="T2191"/><temp name="T2161"/><temp name="T2115"/><temp name="T2054"/><temp name="T2206"/><temp name="T28"/><temp name="T2096"/><temp name="T2170"/><temp name="T2066"/><temp name="T2255"/><temp name="T2088"/><temp name="T2057"/><temp name="T2118"/><temp name="T2157"/><temp name="T2228"/><temp name="T2240"/><temp name="T2275"/><temp name="T2135"/><temp name="T2092"/><temp name="T2234"/><temp name="T2141"/><temp name="T2294"/><temp name="T2239"/><temp name="T2287"/><temp name="T2179"/></temps></instruction><instruction code="OR T719, T2054, 0"><temps name="use"><temp name="T2054"/></temps><temps name="def"><temp name="T719"/></temps><temps name="in"><temp name="T2290"/><temp name="T2263"/><temp name="T2111"/><temp name="T2078"/><temp name="T2149"/><temp name="T2132"/><temp name="T2188"/><temp name="T2124"/><temp name="T2165"/><temp name="T2175"/><temp name="T2197"/><temp name="T2270"/><temp name="T2108"/><temp name="T2277"/><temp name="T2320"/><temp name="T2326"/><temp name="T2154"/><temp name="T2310"/><temp name="T2230"/><temp name="T2082"/><temp name="T2070"/><temp name="T2213"/><temp name="T2249"/><temp name="T2281"/><temp name="T2103"/><temp name="T2251"/><temp name="T2202"/><temp name="T2244"/><temp name="T2314"/><temp name="T2185"/><temp name="T2191"/><temp name="T2161"/><temp name="T2115"/><temp name="T2054"/><temp name="T2206"/><temp name="T28"/><temp name="T2096"/><temp name="T2170"/><temp name="T2066"/><temp name="T2255"/><temp name="T2088"/><temp name="T2057"/><temp name="T2118"/><temp name="T2157"/><temp name="T2228"/><temp name="T2240"/><temp name="T2275"/><temp name="T2135"/><temp name="T2092"/><temp name="T2234"/><temp name="T2141"/><temp name="T2294"/><temp name="T2239"/><temp name="T2287"/><temp name="T2179"/></temps><temps name="out"><temp name="T2290"/><temp name="T2263"/><temp name="T719"/><temp name="T2111"/><temp name="T2078"/><temp name="T2149"/><temp name="T2132"/><temp name="T2188"/><temp name="T2124"/><temp name="T2165"/><temp name="T2175"/><temp name="T2197"/><temp name="T2270"/><temp name="T2108"/><temp name="T2277"/><temp name="T2320"/><temp name="T2326"/><temp name="T2154"/><temp name="T2310"/><temp name="T2230"/><temp name="T2082"/><temp name="T2070"/><temp name="T2213"/><temp name="T2249"/><temp name="T2281"/><temp name="T2103"/><temp name="T2251"/><temp name="T2202"/><temp name="T2244"/><temp name="T2314"/><temp name="T2185"/><temp name="T2191"/><temp name="T2161"/><temp name="T2115"/><temp name="T2206"/><temp name="T28"/><temp name="T2096"/><temp name="T2170"/><temp name="T2066"/><temp name="T2255"/><temp name="T2088"/><temp name="T2057"/><temp name="T2118"/><temp name="T2157"/><temp name="T2228"/><temp name="T2240"/><temp name="T2275"/><temp name="T2135"/><temp name="T2092"/><temp name="T2234"/><temp name="T2141"/><temp name="T2294"/><temp name="T2239"/><temp name="T2287"/><temp name="T2179"/></temps></instruction><instruction code="OR T720, T28, 0"><temps name="use"><temp name="T28"/></temps><temps name="def"><temp name="T720"/></temps><temps name="in"><temp name="T2290"/><temp name="T2263"/><temp name="T719"/><temp name="T2111"/><temp name="T2078"/><temp name="T2149"/><temp name="T2132"/><temp name="T2188"/><temp name="T2124"/><temp name="T2165"/><temp name="T2175"/><temp name="T2197"/><temp name="T2270"/><temp name="T2108"/><temp name="T2277"/><temp name="T2320"/><temp name="T2326"/><temp name="T2154"/><temp name="T2310"/><temp name="T2230"/><temp name="T2082"/><temp name="T2070"/><temp name="T2213"/><temp name="T2249"/><temp name="T2281"/><temp name="T2103"/><temp name="T2251"/><temp name="T2202"/><temp name="T2244"/><temp name="T2314"/><temp name="T2185"/><temp name="T2191"/><temp name="T2161"/><temp name="T2115"/><temp name="T2206"/><temp name="T28"/><temp name="T2096"/><temp name="T2170"/><temp name="T2066"/><temp name="T2255"/><temp name="T2088"/><temp name="T2057"/><temp name="T2118"/><temp name="T2157"/><temp name="T2228"/><temp name="T2240"/><temp name="T2275"/><temp name="T2135"/><temp name="T2092"/><temp name="T2234"/><temp name="T2141"/><temp name="T2294"/><temp name="T2239"/><temp name="T2287"/><temp name="T2179"/></temps><temps name="out"><temp name="T2290"/><temp name="T2263"/><temp name="T719"/><temp name="T2111"/><temp name="T2078"/><temp name="T2149"/><temp name="T2132"/><temp name="T2188"/><temp name="T2124"/><temp name="T2165"/><temp name="T2175"/><temp name="T2197"/><temp name="T2270"/><temp name="T2108"/><temp name="T2277"/><temp name="T2320"/><temp name="T2326"/><temp name="T2154"/><temp name="T2310"/><temp name="T2230"/><temp name="T2082"/><temp name="T2070"/><temp name="T2213"/><temp name="T2249"/><temp name="T2281"/><temp name="T720"/><temp name="T2103"/><temp name="T2251"/><temp name="T2202"/><temp name="T2244"/><temp name="T2314"/><temp name="T2185"/><temp name="T2191"/><temp name="T2161"/><temp name="T2115"/><temp name="T2206"/><temp name="T28"/><temp name="T2096"/><temp name="T2170"/><temp name="T2066"/><temp name="T2255"/><temp name="T2088"/><temp name="T2057"/><temp name="T2118"/><temp name="T2157"/><temp name="T2228"/><temp name="T2240"/><temp name="T2275"/><temp name="T2135"/><temp name="T2092"/><temp name="T2234"/><temp name="T2141"/><temp name="T2294"/><temp name="T2239"/><temp name="T2287"/><temp name="T2179"/></temps></instruction><instruction code="SETL  T2055, 16"><temps name="use"/><temps name="def"><temp name="T2055"/></temps><temps name="in"><temp name="T2290"/><temp name="T2263"/><temp name="T719"/><temp name="T2111"/><temp name="T2078"/><temp name="T2149"/><temp name="T2132"/><temp name="T2188"/><temp name="T2124"/><temp name="T2165"/><temp name="T2175"/><temp name="T2197"/><temp name="T2270"/><temp name="T2108"/><temp name="T2277"/><temp name="T2320"/><temp name="T2326"/><temp name="T2154"/><temp name="T2310"/><temp name="T2230"/><temp name="T2082"/><temp name="T2070"/><temp name="T2213"/><temp name="T2249"/><temp name="T2281"/><temp name="T720"/><temp name="T2103"/><temp name="T2251"/><temp name="T2202"/><temp name="T2244"/><temp name="T2314"/><temp name="T2185"/><temp name="T2191"/><temp name="T2161"/><temp name="T2115"/><temp name="T2206"/><temp name="T28"/><temp name="T2096"/><temp name="T2170"/><temp name="T2066"/><temp name="T2255"/><temp name="T2088"/><temp name="T2057"/><temp name="T2118"/><temp name="T2157"/><temp name="T2228"/><temp name="T2240"/><temp name="T2275"/><temp name="T2135"/><temp name="T2092"/><temp name="T2234"/><temp name="T2141"/><temp name="T2294"/><temp name="T2239"/><temp name="T2287"/><temp name="T2179"/></temps><temps name="out"><temp name="T2290"/><temp name="T2263"/><temp name="T719"/><temp name="T2111"/><temp name="T2078"/><temp name="T2149"/><temp name="T2132"/><temp name="T2188"/><temp name="T2124"/><temp name="T2165"/><temp name="T2175"/><temp name="T2197"/><temp name="T2270"/><temp name="T2108"/><temp name="T2277"/><temp name="T2320"/><temp name="T2326"/><temp name="T2154"/><temp name="T2310"/><temp name="T2230"/><temp name="T2082"/><temp name="T2070"/><temp name="T2213"/><temp name="T2249"/><temp name="T2281"/><temp name="T720"/><temp name="T2103"/><temp name="T2251"/><temp name="T2202"/><temp name="T2244"/><temp name="T2314"/><temp name="T2185"/><temp name="T2191"/><temp name="T2161"/><temp name="T2115"/><temp name="T2206"/><temp name="T28"/><temp name="T2096"/><temp name="T2170"/><temp name="T2066"/><temp name="T2255"/><temp name="T2088"/><temp name="T2057"/><temp name="T2118"/><temp name="T2157"/><temp name="T2228"/><temp name="T2240"/><temp name="T2275"/><temp name="T2135"/><temp name="T2092"/><temp name="T2234"/><temp name="T2141"/><temp name="T2294"/><temp name="T2239"/><temp name="T2287"/><temp name="T2179"/></temps></instruction><instruction code="INCML T2055, 0"><temps name="use"/><temps name="def"><temp name="T2055"/></temps><temps name="in"><temp name="T2290"/><temp name="T2263"/><temp name="T719"/><temp name="T2111"/><temp name="T2078"/><temp name="T2149"/><temp name="T2132"/><temp name="T2188"/><temp name="T2124"/><temp name="T2165"/><temp name="T2175"/><temp name="T2197"/><temp name="T2270"/><temp name="T2108"/><temp name="T2277"/><temp name="T2320"/><temp name="T2326"/><temp name="T2154"/><temp name="T2310"/><temp name="T2230"/><temp name="T2082"/><temp name="T2070"/><temp name="T2213"/><temp name="T2249"/><temp name="T2281"/><temp name="T720"/><temp name="T2103"/><temp name="T2251"/><temp name="T2202"/><temp name="T2244"/><temp name="T2314"/><temp name="T2185"/><temp name="T2191"/><temp name="T2161"/><temp name="T2115"/><temp name="T2206"/><temp name="T28"/><temp name="T2096"/><temp name="T2170"/><temp name="T2066"/><temp name="T2255"/><temp name="T2088"/><temp name="T2057"/><temp name="T2118"/><temp name="T2157"/><temp name="T2228"/><temp name="T2240"/><temp name="T2275"/><temp name="T2135"/><temp name="T2092"/><temp name="T2234"/><temp name="T2141"/><temp name="T2294"/><temp name="T2239"/><temp name="T2287"/><temp name="T2179"/></temps><temps name="out"><temp name="T2290"/><temp name="T2263"/><temp name="T719"/><temp name="T2111"/><temp name="T2078"/><temp name="T2149"/><temp name="T2132"/><temp name="T2188"/><temp name="T2124"/><temp name="T2165"/><temp name="T2175"/><temp name="T2197"/><temp name="T2270"/><temp name="T2108"/><temp name="T2277"/><temp name="T2320"/><temp name="T2326"/><temp name="T2154"/><temp name="T2310"/><temp name="T2230"/><temp name="T2082"/><temp name="T2070"/><temp name="T2213"/><temp name="T2249"/><temp name="T2281"/><temp name="T720"/><temp name="T2103"/><temp name="T2251"/><temp name="T2202"/><temp name="T2244"/><temp name="T2314"/><temp name="T2185"/><temp name="T2191"/><temp name="T2161"/><temp name="T2115"/><temp name="T2206"/><temp name="T28"/><temp name="T2096"/><temp name="T2170"/><temp name="T2066"/><temp name="T2255"/><temp name="T2088"/><temp name="T2057"/><temp name="T2118"/><temp name="T2157"/><temp name="T2228"/><temp name="T2240"/><temp name="T2275"/><temp name="T2135"/><temp name="T2092"/><temp name="T2234"/><temp name="T2141"/><temp name="T2294"/><temp name="T2239"/><temp name="T2287"/><temp name="T2179"/></temps></instruction><instruction code="INCMH T2055, 0"><temps name="use"/><temps name="def"><temp name="T2055"/></temps><temps name="in"><temp name="T2290"/><temp name="T2263"/><temp name="T719"/><temp name="T2111"/><temp name="T2078"/><temp name="T2149"/><temp name="T2132"/><temp name="T2188"/><temp name="T2124"/><temp name="T2165"/><temp name="T2175"/><temp name="T2197"/><temp name="T2270"/><temp name="T2108"/><temp name="T2277"/><temp name="T2320"/><temp name="T2326"/><temp name="T2154"/><temp name="T2310"/><temp name="T2230"/><temp name="T2082"/><temp name="T2070"/><temp name="T2213"/><temp name="T2249"/><temp name="T2281"/><temp name="T720"/><temp name="T2103"/><temp name="T2251"/><temp name="T2202"/><temp name="T2244"/><temp name="T2314"/><temp name="T2185"/><temp name="T2191"/><temp name="T2161"/><temp name="T2115"/><temp name="T2206"/><temp name="T28"/><temp name="T2096"/><temp name="T2170"/><temp name="T2066"/><temp name="T2255"/><temp name="T2088"/><temp name="T2057"/><temp name="T2118"/><temp name="T2157"/><temp name="T2228"/><temp name="T2240"/><temp name="T2275"/><temp name="T2135"/><temp name="T2092"/><temp name="T2234"/><temp name="T2141"/><temp name="T2294"/><temp name="T2239"/><temp name="T2287"/><temp name="T2179"/></temps><temps name="out"><temp name="T2290"/><temp name="T2263"/><temp name="T719"/><temp name="T2111"/><temp name="T2078"/><temp name="T2149"/><temp name="T2132"/><temp name="T2188"/><temp name="T2124"/><temp name="T2165"/><temp name="T2175"/><temp name="T2197"/><temp name="T2270"/><temp name="T2108"/><temp name="T2277"/><temp name="T2320"/><temp name="T2326"/><temp name="T2154"/><temp name="T2310"/><temp name="T2230"/><temp name="T2082"/><temp name="T2070"/><temp name="T2213"/><temp name="T2249"/><temp name="T2281"/><temp name="T720"/><temp name="T2103"/><temp name="T2251"/><temp name="T2202"/><temp name="T2244"/><temp name="T2314"/><temp name="T2185"/><temp name="T2191"/><temp name="T2161"/><temp name="T2115"/><temp name="T2206"/><temp name="T28"/><temp name="T2096"/><temp name="T2170"/><temp name="T2066"/><temp name="T2255"/><temp name="T2088"/><temp name="T2057"/><temp name="T2118"/><temp name="T2157"/><temp name="T2228"/><temp name="T2240"/><temp name="T2275"/><temp name="T2135"/><temp name="T2092"/><temp name="T2234"/><temp name="T2141"/><temp name="T2294"/><temp name="T2239"/><temp name="T2287"/><temp name="T2179"/></temps></instruction><instruction code="INCH  T2055, 0"><temps name="use"/><temps name="def"><temp name="T2055"/></temps><temps name="in"><temp name="T2290"/><temp name="T2263"/><temp name="T719"/><temp name="T2111"/><temp name="T2078"/><temp name="T2149"/><temp name="T2132"/><temp name="T2188"/><temp name="T2124"/><temp name="T2165"/><temp name="T2175"/><temp name="T2197"/><temp name="T2270"/><temp name="T2108"/><temp name="T2277"/><temp name="T2320"/><temp name="T2326"/><temp name="T2154"/><temp name="T2310"/><temp name="T2230"/><temp name="T2082"/><temp name="T2070"/><temp name="T2213"/><temp name="T2249"/><temp name="T2281"/><temp name="T720"/><temp name="T2103"/><temp name="T2251"/><temp name="T2202"/><temp name="T2244"/><temp name="T2314"/><temp name="T2185"/><temp name="T2191"/><temp name="T2161"/><temp name="T2115"/><temp name="T2206"/><temp name="T28"/><temp name="T2096"/><temp name="T2170"/><temp name="T2066"/><temp name="T2255"/><temp name="T2088"/><temp name="T2057"/><temp name="T2118"/><temp name="T2157"/><temp name="T2228"/><temp name="T2240"/><temp name="T2275"/><temp name="T2135"/><temp name="T2092"/><temp name="T2234"/><temp name="T2141"/><temp name="T2294"/><temp name="T2239"/><temp name="T2287"/><temp name="T2179"/></temps><temps name="out"><temp name="T2290"/><temp name="T2263"/><temp name="T719"/><temp name="T2111"/><temp name="T2078"/><temp name="T2055"/><temp name="T2149"/><temp name="T2132"/><temp name="T2188"/><temp name="T2124"/><temp name="T2165"/><temp name="T2175"/><temp name="T2197"/><temp name="T2270"/><temp name="T2108"/><temp name="T2277"/><temp name="T2320"/><temp name="T2326"/><temp name="T2154"/><temp name="T2310"/><temp name="T2230"/><temp name="T2082"/><temp name="T2070"/><temp name="T2213"/><temp name="T2249"/><temp name="T2281"/><temp name="T720"/><temp name="T2103"/><temp name="T2251"/><temp name="T2202"/><temp name="T2244"/><temp name="T2314"/><temp name="T2185"/><temp name="T2191"/><temp name="T2161"/><temp name="T2115"/><temp name="T2206"/><temp name="T28"/><temp name="T2096"/><temp name="T2170"/><temp name="T2066"/><temp name="T2255"/><temp name="T2088"/><temp name="T2057"/><temp name="T2118"/><temp name="T2157"/><temp name="T2228"/><temp name="T2240"/><temp name="T2275"/><temp name="T2135"/><temp name="T2092"/><temp name="T2234"/><temp name="T2141"/><temp name="T2294"/><temp name="T2239"/><temp name="T2287"/><temp name="T2179"/></temps></instruction><instruction code="OR T721, T2055, 0"><temps name="use"><temp name="T2055"/></temps><temps name="def"><temp name="T721"/></temps><temps name="in"><temp name="T2290"/><temp name="T2263"/><temp name="T719"/><temp name="T2111"/><temp name="T2078"/><temp name="T2055"/><temp name="T2149"/><temp name="T2132"/><temp name="T2188"/><temp name="T2124"/><temp name="T2165"/><temp name="T2175"/><temp name="T2197"/><temp name="T2270"/><temp name="T2108"/><temp name="T2277"/><temp name="T2320"/><temp name="T2326"/><temp name="T2154"/><temp name="T2310"/><temp name="T2230"/><temp name="T2082"/><temp name="T2070"/><temp name="T2213"/><temp name="T2249"/><temp name="T2281"/><temp name="T720"/><temp name="T2103"/><temp name="T2251"/><temp name="T2202"/><temp name="T2244"/><temp name="T2314"/><temp name="T2185"/><temp name="T2191"/><temp name="T2161"/><temp name="T2115"/><temp name="T2206"/><temp name="T28"/><temp name="T2096"/><temp name="T2170"/><temp name="T2066"/><temp name="T2255"/><temp name="T2088"/><temp name="T2057"/><temp name="T2118"/><temp name="T2157"/><temp name="T2228"/><temp name="T2240"/><temp name="T2275"/><temp name="T2135"/><temp name="T2092"/><temp name="T2234"/><temp name="T2141"/><temp name="T2294"/><temp name="T2239"/><temp name="T2287"/><temp name="T2179"/></temps><temps name="out"><temp name="T2290"/><temp name="T2263"/><temp name="T719"/><temp name="T2111"/><temp name="T2078"/><temp name="T2149"/><temp name="T2132"/><temp name="T2188"/><temp name="T2124"/><temp name="T2165"/><temp name="T2175"/><temp name="T2197"/><temp name="T2270"/><temp name="T2108"/><temp name="T2277"/><temp name="T2320"/><temp name="T2326"/><temp name="T2154"/><temp name="T2310"/><temp name="T2230"/><temp name="T2082"/><temp name="T2070"/><temp name="T2213"/><temp name="T2249"/><temp name="T2281"/><temp name="T720"/><temp name="T2103"/><temp name="T2251"/><temp name="T2202"/><temp name="T2244"/><temp name="T2314"/><temp name="T2185"/><temp name="T2191"/><temp name="T2161"/><temp name="T2115"/><temp name="T2206"/><temp name="T721"/><temp name="T28"/><temp name="T2096"/><temp name="T2170"/><temp name="T2066"/><temp name="T2255"/><temp name="T2088"/><temp name="T2057"/><temp name="T2118"/><temp name="T2157"/><temp name="T2228"/><temp name="T2240"/><temp name="T2275"/><temp name="T2135"/><temp name="T2092"/><temp name="T2234"/><temp name="T2141"/><temp name="T2294"/><temp name="T2239"/><temp name="T2287"/><temp name="T2179"/></temps></instruction><instruction code="ADD T2056, T720, T721"><temps name="use"><temp name="T720"/><temp name="T721"/></temps><temps name="def"><temp name="T2056"/></temps><temps name="in"><temp name="T2290"/><temp name="T2263"/><temp name="T719"/><temp name="T2111"/><temp name="T2078"/><temp name="T2149"/><temp name="T2132"/><temp name="T2188"/><temp name="T2124"/><temp name="T2165"/><temp name="T2175"/><temp name="T2197"/><temp name="T2270"/><temp name="T2108"/><temp name="T2277"/><temp name="T2320"/><temp name="T2326"/><temp name="T2154"/><temp name="T2310"/><temp name="T2230"/><temp name="T2082"/><temp name="T2070"/><temp name="T2213"/><temp name="T2249"/><temp name="T2281"/><temp name="T720"/><temp name="T2103"/><temp name="T2251"/><temp name="T2202"/><temp name="T2244"/><temp name="T2314"/><temp name="T2185"/><temp name="T2191"/><temp name="T2161"/><temp name="T2115"/><temp name="T2206"/><temp name="T721"/><temp name="T28"/><temp name="T2096"/><temp name="T2170"/><temp name="T2066"/><temp name="T2255"/><temp name="T2088"/><temp name="T2057"/><temp name="T2118"/><temp name="T2157"/><temp name="T2228"/><temp name="T2240"/><temp name="T2275"/><temp name="T2135"/><temp name="T2092"/><temp name="T2234"/><temp name="T2141"/><temp name="T2294"/><temp name="T2239"/><temp name="T2287"/><temp name="T2179"/></temps><temps name="out"><temp name="T2290"/><temp name="T2263"/><temp name="T719"/><temp name="T2111"/><temp name="T2078"/><temp name="T2149"/><temp name="T2056"/><temp name="T2132"/><temp name="T2188"/><temp name="T2124"/><temp name="T2165"/><temp name="T2175"/><temp name="T2197"/><temp name="T2270"/><temp name="T2108"/><temp name="T2277"/><temp name="T2320"/><temp name="T2326"/><temp name="T2154"/><temp name="T2310"/><temp name="T2230"/><temp name="T2082"/><temp name="T2070"/><temp name="T2213"/><temp name="T2249"/><temp name="T2281"/><temp name="T2103"/><temp name="T2251"/><temp name="T2202"/><temp name="T2244"/><temp name="T2314"/><temp name="T2185"/><temp name="T2191"/><temp name="T2161"/><temp name="T2115"/><temp name="T2206"/><temp name="T28"/><temp name="T2096"/><temp name="T2170"/><temp name="T2066"/><temp name="T2255"/><temp name="T2088"/><temp name="T2057"/><temp name="T2118"/><temp name="T2157"/><temp name="T2228"/><temp name="T2240"/><temp name="T2275"/><temp name="T2135"/><temp name="T2092"/><temp name="T2234"/><temp name="T2141"/><temp name="T2294"/><temp name="T2239"/><temp name="T2287"/><temp name="T2179"/></temps></instruction><instruction code="OR T722, T2056, 0"><temps name="use"><temp name="T2056"/></temps><temps name="def"><temp name="T722"/></temps><temps name="in"><temp name="T2290"/><temp name="T2263"/><temp name="T719"/><temp name="T2111"/><temp name="T2078"/><temp name="T2149"/><temp name="T2056"/><temp name="T2132"/><temp name="T2188"/><temp name="T2124"/><temp name="T2165"/><temp name="T2175"/><temp name="T2197"/><temp name="T2270"/><temp name="T2108"/><temp name="T2277"/><temp name="T2320"/><temp name="T2326"/><temp name="T2154"/><temp name="T2310"/><temp name="T2230"/><temp name="T2082"/><temp name="T2070"/><temp name="T2213"/><temp name="T2249"/><temp name="T2281"/><temp name="T2103"/><temp name="T2251"/><temp name="T2202"/><temp name="T2244"/><temp name="T2314"/><temp name="T2185"/><temp name="T2191"/><temp name="T2161"/><temp name="T2115"/><temp name="T2206"/><temp name="T28"/><temp name="T2096"/><temp name="T2170"/><temp name="T2066"/><temp name="T2255"/><temp name="T2088"/><temp name="T2057"/><temp name="T2118"/><temp name="T2157"/><temp name="T2228"/><temp name="T2240"/><temp name="T2275"/><temp name="T2135"/><temp name="T2092"/><temp name="T2234"/><temp name="T2141"/><temp name="T2294"/><temp name="T2239"/><temp name="T2287"/><temp name="T2179"/></temps><temps name="out"><temp name="T2290"/><temp name="T2263"/><temp name="T719"/><temp name="T2111"/><temp name="T2078"/><temp name="T2149"/><temp name="T2132"/><temp name="T2188"/><temp name="T2124"/><temp name="T2165"/><temp name="T2175"/><temp name="T2197"/><temp name="T2270"/><temp name="T2108"/><temp name="T2277"/><temp name="T2320"/><temp name="T2326"/><temp name="T2154"/><temp name="T2310"/><temp name="T2230"/><temp name="T2082"/><temp name="T2070"/><temp name="T2213"/><temp name="T2249"/><temp name="T2281"/><temp name="T2103"/><temp name="T2251"/><temp name="T2202"/><temp name="T2244"/><temp name="T2314"/><temp name="T2185"/><temp name="T2191"/><temp name="T2161"/><temp name="T2115"/><temp name="T2206"/><temp name="T28"/><temp name="T2096"/><temp name="T2170"/><temp name="T2066"/><temp name="T2255"/><temp name="T2088"/><temp name="T2057"/><temp name="T2118"/><temp name="T2157"/><temp name="T2228"/><temp name="T2240"/><temp name="T2275"/><temp name="T2135"/><temp name="T2092"/><temp name="T2234"/><temp name="T2141"/><temp name="T2294"/><temp name="T2239"/><temp name="T2287"/><temp name="T2179"/></temps></instruction><instruction code="LDO T2058, T2057, 0"><temps name="use"><temp name="T2057"/></temps><temps name="def"><temp name="T2058"/></temps><temps name="in"><temp name="T2290"/><temp name="T2263"/><temp name="T719"/><temp name="T2111"/><temp name="T2078"/><temp name="T2149"/><temp name="T2132"/><temp name="T2188"/><temp name="T2124"/><temp name="T2165"/><temp name="T2175"/><temp name="T2197"/><temp name="T2270"/><temp name="T2108"/><temp name="T2277"/><temp name="T2320"/><temp name="T2326"/><temp name="T2154"/><temp name="T2310"/><temp name="T2230"/><temp name="T2082"/><temp name="T2070"/><temp name="T2213"/><temp name="T2249"/><temp name="T2281"/><temp name="T2103"/><temp name="T2251"/><temp name="T2202"/><temp name="T2244"/><temp name="T2314"/><temp name="T2185"/><temp name="T2191"/><temp name="T2161"/><temp name="T2115"/><temp name="T2206"/><temp name="T28"/><temp name="T2096"/><temp name="T2170"/><temp name="T2066"/><temp name="T2255"/><temp name="T2088"/><temp name="T2057"/><temp name="T2118"/><temp name="T2157"/><temp name="T2228"/><temp name="T2240"/><temp name="T2275"/><temp name="T2135"/><temp name="T2092"/><temp name="T2234"/><temp name="T2141"/><temp name="T2294"/><temp name="T2239"/><temp name="T2287"/><temp name="T2179"/></temps><temps name="out"><temp name="T2290"/><temp name="T2263"/><temp name="T719"/><temp name="T2111"/><temp name="T2078"/><temp name="T2149"/><temp name="T2132"/><temp name="T2188"/><temp name="T2124"/><temp name="T2165"/><temp name="T2175"/><temp name="T2197"/><temp name="T2270"/><temp name="T2108"/><temp name="T2277"/><temp name="T2320"/><temp name="T2326"/><temp name="T2154"/><temp name="T2310"/><temp name="T2230"/><temp name="T2082"/><temp name="T2070"/><temp name="T2213"/><temp name="T2249"/><temp name="T2281"/><temp name="T2103"/><temp name="T2251"/><temp name="T2202"/><temp name="T2244"/><temp name="T2314"/><temp name="T2185"/><temp name="T2191"/><temp name="T2161"/><temp name="T2058"/><temp name="T2115"/><temp name="T2206"/><temp name="T28"/><temp name="T2096"/><temp name="T2170"/><temp name="T2066"/><temp name="T2255"/><temp name="T2088"/><temp name="T2118"/><temp name="T2157"/><temp name="T2228"/><temp name="T2240"/><temp name="T2275"/><temp name="T2135"/><temp name="T2092"/><temp name="T2234"/><temp name="T2141"/><temp name="T2294"/><temp name="T2239"/><temp name="T2287"/><temp name="T2179"/></temps></instruction><instruction code="OR T723, T2058, 0"><temps name="use"><temp name="T2058"/></temps><temps name="def"><temp name="T723"/></temps><temps name="in"><temp name="T2290"/><temp name="T2263"/><temp name="T719"/><temp name="T2111"/><temp name="T2078"/><temp name="T2149"/><temp name="T2132"/><temp name="T2188"/><temp name="T2124"/><temp name="T2165"/><temp name="T2175"/><temp name="T2197"/><temp name="T2270"/><temp name="T2108"/><temp name="T2277"/><temp name="T2320"/><temp name="T2326"/><temp name="T2154"/><temp name="T2310"/><temp name="T2230"/><temp name="T2082"/><temp name="T2070"/><temp name="T2213"/><temp name="T2249"/><temp name="T2281"/><temp name="T2103"/><temp name="T2251"/><temp name="T2202"/><temp name="T2244"/><temp name="T2314"/><temp name="T2185"/><temp name="T2191"/><temp name="T2161"/><temp name="T2058"/><temp name="T2115"/><temp name="T2206"/><temp name="T28"/><temp name="T2096"/><temp name="T2170"/><temp name="T2066"/><temp name="T2255"/><temp name="T2088"/><temp name="T2118"/><temp name="T2157"/><temp name="T2228"/><temp name="T2240"/><temp name="T2275"/><temp name="T2135"/><temp name="T2092"/><temp name="T2234"/><temp name="T2141"/><temp name="T2294"/><temp name="T2239"/><temp name="T2287"/><temp name="T2179"/></temps><temps name="out"><temp name="T2290"/><temp name="T2263"/><temp name="T719"/><temp name="T2111"/><temp name="T2078"/><temp name="T2149"/><temp name="T2132"/><temp name="T2188"/><temp name="T2124"/><temp name="T2165"/><temp name="T2175"/><temp name="T2197"/><temp name="T2270"/><temp name="T2108"/><temp name="T2277"/><temp name="T2320"/><temp name="T2326"/><temp name="T2154"/><temp name="T2310"/><temp name="T2230"/><temp name="T2082"/><temp name="T2070"/><temp name="T2213"/><temp name="T2249"/><temp name="T2281"/><temp name="T2103"/><temp name="T2251"/><temp name="T2202"/><temp name="T2244"/><temp name="T723"/><temp name="T2314"/><temp name="T2185"/><temp name="T2191"/><temp name="T2161"/><temp name="T2115"/><temp name="T2206"/><temp name="T28"/><temp name="T2096"/><temp name="T2170"/><temp name="T2066"/><temp name="T2255"/><temp name="T2088"/><temp name="T2118"/><temp name="T2157"/><temp name="T2228"/><temp name="T2240"/><temp name="T2275"/><temp name="T2135"/><temp name="T2092"/><temp name="T2234"/><temp name="T2141"/><temp name="T2294"/><temp name="T2239"/><temp name="T2287"/><temp name="T2179"/></temps></instruction><instruction code="CMP T2059, T719, T723"><temps name="use"><temp name="T719"/><temp name="T723"/></temps><temps name="def"><temp name="T2059"/></temps><temps name="in"><temp name="T2290"/><temp name="T2263"/><temp name="T719"/><temp name="T2111"/><temp name="T2078"/><temp name="T2149"/><temp name="T2132"/><temp name="T2188"/><temp name="T2124"/><temp name="T2165"/><temp name="T2175"/><temp name="T2197"/><temp name="T2270"/><temp name="T2108"/><temp name="T2277"/><temp name="T2320"/><temp name="T2326"/><temp name="T2154"/><temp name="T2310"/><temp name="T2230"/><temp name="T2082"/><temp name="T2070"/><temp name="T2213"/><temp name="T2249"/><temp name="T2281"/><temp name="T2103"/><temp name="T2251"/><temp name="T2202"/><temp name="T2244"/><temp name="T723"/><temp name="T2314"/><temp name="T2185"/><temp name="T2191"/><temp name="T2161"/><temp name="T2115"/><temp name="T2206"/><temp name="T28"/><temp name="T2096"/><temp name="T2170"/><temp name="T2066"/><temp name="T2255"/><temp name="T2088"/><temp name="T2118"/><temp name="T2157"/><temp name="T2228"/><temp name="T2240"/><temp name="T2275"/><temp name="T2135"/><temp name="T2092"/><temp name="T2234"/><temp name="T2141"/><temp name="T2294"/><temp name="T2239"/><temp name="T2287"/><temp name="T2179"/></temps><temps name="out"><temp name="T2290"/><temp name="T2263"/><temp name="T2111"/><temp name="T2078"/><temp name="T2149"/><temp name="T2132"/><temp name="T2188"/><temp name="T2124"/><temp name="T2165"/><temp name="T2175"/><temp name="T2197"/><temp name="T2270"/><temp name="T2108"/><temp name="T2277"/><temp name="T2320"/><temp name="T2326"/><temp name="T2154"/><temp name="T2310"/><temp name="T2230"/><temp name="T2082"/><temp name="T2070"/><temp name="T2213"/><temp name="T2249"/><temp name="T2281"/><temp name="T2103"/><temp name="T2251"/><temp name="T2202"/><temp name="T2244"/><temp name="T2314"/><temp name="T2185"/><temp name="T2191"/><temp name="T2161"/><temp name="T2115"/><temp name="T2206"/><temp name="T28"/><temp name="T2096"/><temp name="T2170"/><temp name="T2066"/><temp name="T2255"/><temp name="T2088"/><temp name="T2118"/><temp name="T2157"/><temp name="T2228"/><temp name="T2240"/><temp name="T2059"/><temp name="T2275"/><temp name="T2135"/><temp name="T2092"/><temp name="T2234"/><temp name="T2141"/><temp name="T2294"/><temp name="T2239"/><temp name="T2287"/><temp name="T2179"/></temps></instruction><instruction code="ZSZ T2059, T2059, 1"><temps name="use"><temp name="T2059"/></temps><temps name="def"><temp name="T2059"/></temps><temps name="in"><temp name="T2290"/><temp name="T2263"/><temp name="T2111"/><temp name="T2078"/><temp name="T2149"/><temp name="T2132"/><temp name="T2188"/><temp name="T2124"/><temp name="T2165"/><temp name="T2175"/><temp name="T2197"/><temp name="T2270"/><temp name="T2108"/><temp name="T2277"/><temp name="T2320"/><temp name="T2326"/><temp name="T2154"/><temp name="T2310"/><temp name="T2230"/><temp name="T2082"/><temp name="T2070"/><temp name="T2213"/><temp name="T2249"/><temp name="T2281"/><temp name="T2103"/><temp name="T2251"/><temp name="T2202"/><temp name="T2244"/><temp name="T2314"/><temp name="T2185"/><temp name="T2191"/><temp name="T2161"/><temp name="T2115"/><temp name="T2206"/><temp name="T28"/><temp name="T2096"/><temp name="T2170"/><temp name="T2066"/><temp name="T2255"/><temp name="T2088"/><temp name="T2118"/><temp name="T2157"/><temp name="T2228"/><temp name="T2240"/><temp name="T2059"/><temp name="T2275"/><temp name="T2135"/><temp name="T2092"/><temp name="T2234"/><temp name="T2141"/><temp name="T2294"/><temp name="T2239"/><temp name="T2287"/><temp name="T2179"/></temps><temps name="out"><temp name="T2290"/><temp name="T2263"/><temp name="T2111"/><temp name="T2078"/><temp name="T2149"/><temp name="T2132"/><temp name="T2188"/><temp name="T2124"/><temp name="T2165"/><temp name="T2175"/><temp name="T2197"/><temp name="T2270"/><temp name="T2108"/><temp name="T2277"/><temp name="T2320"/><temp name="T2326"/><temp name="T2154"/><temp name="T2310"/><temp name="T2230"/><temp name="T2082"/><temp name="T2070"/><temp name="T2213"/><temp name="T2249"/><temp name="T2281"/><temp name="T2103"/><temp name="T2251"/><temp name="T2202"/><temp name="T2244"/><temp name="T2314"/><temp name="T2185"/><temp name="T2191"/><temp name="T2161"/><temp name="T2115"/><temp name="T2206"/><temp name="T28"/><temp name="T2096"/><temp name="T2170"/><temp name="T2066"/><temp name="T2255"/><temp name="T2088"/><temp name="T2118"/><temp name="T2157"/><temp name="T2228"/><temp name="T2240"/><temp name="T2059"/><temp name="T2275"/><temp name="T2135"/><temp name="T2092"/><temp name="T2234"/><temp name="T2141"/><temp name="T2294"/><temp name="T2239"/><temp name="T2287"/><temp name="T2179"/></temps></instruction><instruction code="OR T724, T2059, 0"><temps name="use"><temp name="T2059"/></temps><temps name="def"><temp name="T724"/></temps><temps name="in"><temp name="T2290"/><temp name="T2263"/><temp name="T2111"/><temp name="T2078"/><temp name="T2149"/><temp name="T2132"/><temp name="T2188"/><temp name="T2124"/><temp name="T2165"/><temp name="T2175"/><temp name="T2197"/><temp name="T2270"/><temp name="T2108"/><temp name="T2277"/><temp name="T2320"/><temp name="T2326"/><temp name="T2154"/><temp name="T2310"/><temp name="T2230"/><temp name="T2082"/><temp name="T2070"/><temp name="T2213"/><temp name="T2249"/><temp name="T2281"/><temp name="T2103"/><temp name="T2251"/><temp name="T2202"/><temp name="T2244"/><temp name="T2314"/><temp name="T2185"/><temp name="T2191"/><temp name="T2161"/><temp name="T2115"/><temp name="T2206"/><temp name="T28"/><temp name="T2096"/><temp name="T2170"/><temp name="T2066"/><temp name="T2255"/><temp name="T2088"/><temp name="T2118"/><temp name="T2157"/><temp name="T2228"/><temp name="T2240"/><temp name="T2059"/><temp name="T2275"/><temp name="T2135"/><temp name="T2092"/><temp name="T2234"/><temp name="T2141"/><temp name="T2294"/><temp name="T2239"/><temp name="T2287"/><temp name="T2179"/></temps><temps name="out"><temp name="T2290"/><temp name="T2263"/><temp name="T2111"/><temp name="T2078"/><temp name="T2149"/><temp name="T2132"/><temp name="T2188"/><temp name="T2124"/><temp name="T2165"/><temp name="T2175"/><temp name="T2197"/><temp name="T2270"/><temp name="T2108"/><temp name="T2277"/><temp name="T2320"/><temp name="T2326"/><temp name="T2154"/><temp name="T2310"/><temp name="T2230"/><temp name="T2082"/><temp name="T2070"/><temp name="T2213"/><temp name="T2249"/><temp name="T2281"/><temp name="T2103"/><temp name="T2251"/><temp name="T2202"/><temp name="T2244"/><temp name="T2314"/><temp name="T2185"/><temp name="T2191"/><temp name="T2161"/><temp name="T2115"/><temp name="T724"/><temp name="T2206"/><temp name="T28"/><temp name="T2096"/><temp name="T2170"/><temp name="T2066"/><temp name="T2255"/><temp name="T2088"/><temp name="T2118"/><temp name="T2157"/><temp name="T2228"/><temp name="T2240"/><temp name="T2275"/><temp name="T2135"/><temp name="T2092"/><temp name="T2234"/><temp name="T2141"/><temp name="T2294"/><temp name="T2239"/><temp name="T2287"/><temp name="T2179"/></temps></instruction><instruction code="BNZ T724, L102"><temps name="use"><temp name="T724"/></temps><temps name="def"/><temps name="in"><temp name="T2290"/><temp name="T2263"/><temp name="T2111"/><temp name="T2078"/><temp name="T2149"/><temp name="T2132"/><temp name="T2188"/><temp name="T2124"/><temp name="T2165"/><temp name="T2175"/><temp name="T2197"/><temp name="T2270"/><temp name="T2108"/><temp name="T2277"/><temp name="T2320"/><temp name="T2326"/><temp name="T2154"/><temp name="T2310"/><temp name="T2230"/><temp name="T2082"/><temp name="T2070"/><temp name="T2213"/><temp name="T2249"/><temp name="T2281"/><temp name="T2103"/><temp name="T2251"/><temp name="T2202"/><temp name="T2244"/><temp name="T2314"/><temp name="T2185"/><temp name="T2191"/><temp name="T2161"/><temp name="T2115"/><temp name="T724"/><temp name="T2206"/><temp name="T28"/><temp name="T2096"/><temp name="T2170"/><temp name="T2066"/><temp name="T2255"/><temp name="T2088"/><temp name="T2118"/><temp name="T2157"/><temp name="T2228"/><temp name="T2240"/><temp name="T2275"/><temp name="T2135"/><temp name="T2092"/><temp name="T2234"/><temp name="T2141"/><temp name="T2294"/><temp name="T2239"/><temp name="T2287"/><temp name="T2179"/></temps><temps name="out"><temp name="T2290"/><temp name="T2263"/><temp name="T2111"/><temp name="T2078"/><temp name="T2149"/><temp name="T2132"/><temp name="T2188"/><temp name="T2124"/><temp name="T2165"/><temp name="T2175"/><temp name="T2197"/><temp name="T2270"/><temp name="T2108"/><temp name="T2277"/><temp name="T2320"/><temp name="T2326"/><temp name="T2154"/><temp name="T2310"/><temp name="T2230"/><temp name="T2082"/><temp name="T2070"/><temp name="T2213"/><temp name="T2249"/><temp name="T2281"/><temp name="T2103"/><temp name="T2251"/><temp name="T2202"/><temp name="T2244"/><temp name="T2314"/><temp name="T2185"/><temp name="T2191"/><temp name="T2161"/><temp name="T2115"/><temp name="T2206"/><temp name="T28"/><temp name="T2096"/><temp name="T2170"/><temp name="T2066"/><temp name="T2255"/><temp name="T2088"/><temp name="T2118"/><temp name="T2157"/><temp name="T2228"/><temp name="T2240"/><temp name="T2275"/><temp name="T2135"/><temp name="T2092"/><temp name="T2234"/><temp name="T2141"/><temp name="T2294"/><temp name="T2239"/><temp name="T2287"/><temp name="T2179"/></temps></instruction><instruction code="L150"><temps name="use"/><temps name="def"/><temps name="in"><temp name="T2290"/><temp name="T2263"/><temp name="T2111"/><temp name="T2078"/><temp name="T2149"/><temp name="T2132"/><temp name="T2188"/><temp name="T2124"/><temp name="T2165"/><temp name="T2175"/><temp name="T2197"/><temp name="T2270"/><temp name="T2108"/><temp name="T2277"/><temp name="T2320"/><temp name="T2326"/><temp name="T2154"/><temp name="T2310"/><temp name="T2230"/><temp name="T2082"/><temp name="T2070"/><temp name="T2213"/><temp name="T2249"/><temp name="T2281"/><temp name="T2103"/><temp name="T2251"/><temp name="T2202"/><temp name="T2244"/><temp name="T2314"/><temp name="T2185"/><temp name="T2191"/><temp name="T2161"/><temp name="T2115"/><temp name="T2206"/><temp name="T28"/><temp name="T2096"/><temp name="T2170"/><temp name="T2066"/><temp name="T2255"/><temp name="T2088"/><temp name="T2118"/><temp name="T2157"/><temp name="T2228"/><temp name="T2240"/><temp name="T2275"/><temp name="T2135"/><temp name="T2092"/><temp name="T2234"/><temp name="T2141"/><temp name="T2294"/><temp name="T2239"/><temp name="T2287"/><temp name="T2179"/></temps><temps name="out"><temp name="T2290"/><temp name="T2263"/><temp name="T2111"/><temp name="T2078"/><temp name="T2149"/><temp name="T2132"/><temp name="T2188"/><temp name="T2124"/><temp name="T2165"/><temp name="T2175"/><temp name="T2197"/><temp name="T2270"/><temp name="T2108"/><temp name="T2277"/><temp name="T2320"/><temp name="T2326"/><temp name="T2154"/><temp name="T2310"/><temp name="T2230"/><temp name="T2082"/><temp name="T2070"/><temp name="T2213"/><temp name="T2249"/><temp name="T2281"/><temp name="T2103"/><temp name="T2251"/><temp name="T2202"/><temp name="T2244"/><temp name="T2314"/><temp name="T2185"/><temp name="T2191"/><temp name="T2161"/><temp name="T2115"/><temp name="T2206"/><temp name="T28"/><temp name="T2096"/><temp name="T2170"/><temp name="T2066"/><temp name="T2255"/><temp name="T2088"/><temp name="T2118"/><temp name="T2157"/><temp name="T2228"/><temp name="T2240"/><temp name="T2275"/><temp name="T2135"/><temp name="T2092"/><temp name="T2234"/><temp name="T2141"/><temp name="T2294"/><temp name="T2239"/><temp name="T2287"/><temp name="T2179"/></temps></instruction><instruction code="LDA T2060, L103"><temps name="use"/><temps name="def"><temp name="T2060"/></temps><temps name="in"><temp name="T2290"/><temp name="T2263"/><temp name="T2111"/><temp name="T2078"/><temp name="T2149"/><temp name="T2132"/><temp name="T2188"/><temp name="T2124"/><temp name="T2165"/><temp name="T2175"/><temp name="T2197"/><temp name="T2270"/><temp name="T2108"/><temp name="T2277"/><temp name="T2320"/><temp name="T2326"/><temp name="T2154"/><temp name="T2310"/><temp name="T2230"/><temp name="T2082"/><temp name="T2070"/><temp name="T2213"/><temp name="T2249"/><temp name="T2281"/><temp name="T2103"/><temp name="T2251"/><temp name="T2202"/><temp name="T2244"/><temp name="T2314"/><temp name="T2185"/><temp name="T2191"/><temp name="T2161"/><temp name="T2115"/><temp name="T2206"/><temp name="T28"/><temp name="T2096"/><temp name="T2170"/><temp name="T2066"/><temp name="T2255"/><temp name="T2088"/><temp name="T2118"/><temp name="T2157"/><temp name="T2228"/><temp name="T2240"/><temp name="T2275"/><temp name="T2135"/><temp name="T2092"/><temp name="T2234"/><temp name="T2141"/><temp name="T2294"/><temp name="T2239"/><temp name="T2287"/><temp name="T2179"/></temps><temps name="out"><temp name="T2290"/><temp name="T2263"/><temp name="T2111"/><temp name="T2078"/><temp name="T2149"/><temp name="T2132"/><temp name="T2060"/><temp name="T2188"/><temp name="T2124"/><temp name="T2165"/><temp name="T2175"/><temp name="T2197"/><temp name="T2270"/><temp name="T2108"/><temp name="T2277"/><temp name="T2320"/><temp name="T2326"/><temp name="T2154"/><temp name="T2310"/><temp name="T2230"/><temp name="T2082"/><temp name="T2070"/><temp name="T2213"/><temp name="T2249"/><temp name="T2281"/><temp name="T2103"/><temp name="T2251"/><temp name="T2202"/><temp name="T2244"/><temp name="T2314"/><temp name="T2185"/><temp name="T2191"/><temp name="T2161"/><temp name="T2115"/><temp name="T2206"/><temp name="T28"/><temp name="T2096"/><temp name="T2170"/><temp name="T2066"/><temp name="T2255"/><temp name="T2088"/><temp name="T2118"/><temp name="T2157"/><temp name="T2228"/><temp name="T2240"/><temp name="T2275"/><temp name="T2135"/><temp name="T2092"/><temp name="T2234"/><temp name="T2141"/><temp name="T2294"/><temp name="T2239"/><temp name="T2287"/><temp name="T2179"/></temps></instruction><instruction code="GO T2060, T2060, 0"><temps name="use"><temp name="T2060"/></temps><temps name="def"><temp name="T2060"/></temps><temps name="in"><temp name="T2290"/><temp name="T2263"/><temp name="T2111"/><temp name="T2078"/><temp name="T2149"/><temp name="T2132"/><temp name="T2060"/><temp name="T2188"/><temp name="T2124"/><temp name="T2165"/><temp name="T2175"/><temp name="T2197"/><temp name="T2270"/><temp name="T2108"/><temp name="T2277"/><temp name="T2320"/><temp name="T2326"/><temp name="T2154"/><temp name="T2310"/><temp name="T2230"/><temp name="T2082"/><temp name="T2070"/><temp name="T2213"/><temp name="T2249"/><temp name="T2281"/><temp name="T2103"/><temp name="T2251"/><temp name="T2202"/><temp name="T2244"/><temp name="T2314"/><temp name="T2185"/><temp name="T2191"/><temp name="T2161"/><temp name="T2115"/><temp name="T2206"/><temp name="T28"/><temp name="T2096"/><temp name="T2170"/><temp name="T2066"/><temp name="T2255"/><temp name="T2088"/><temp name="T2118"/><temp name="T2157"/><temp name="T2228"/><temp name="T2240"/><temp name="T2275"/><temp name="T2135"/><temp name="T2092"/><temp name="T2234"/><temp name="T2141"/><temp name="T2294"/><temp name="T2239"/><temp name="T2287"/><temp name="T2179"/></temps><temps name="out"><temp name="T2290"/><temp name="T2263"/><temp name="T2111"/><temp name="T2078"/><temp name="T2149"/><temp name="T2132"/><temp name="T2188"/><temp name="T2124"/><temp name="T2165"/><temp name="T2175"/><temp name="T2197"/><temp name="T2270"/><temp name="T2108"/><temp name="T2277"/><temp name="T2320"/><temp name="T2326"/><temp name="T2154"/><temp name="T2310"/><temp name="T2230"/><temp name="T2082"/><temp name="T2070"/><temp name="T2213"/><temp name="T2249"/><temp name="T2281"/><temp name="T2103"/><temp name="T2251"/><temp name="T2202"/><temp name="T2244"/><temp name="T2314"/><temp name="T2185"/><temp name="T2191"/><temp name="T2161"/><temp name="T2115"/><temp name="T2206"/><temp name="T28"/><temp name="T2096"/><temp name="T2170"/><temp name="T2066"/><temp name="T2255"/><temp name="T2088"/><temp name="T2118"/><temp name="T2157"/><temp name="T2228"/><temp name="T2240"/><temp name="T2275"/><temp name="T2135"/><temp name="T2092"/><temp name="T2234"/><temp name="T2141"/><temp name="T2294"/><temp name="T2239"/><temp name="T2287"/><temp name="T2179"/></temps></instruction><instruction code="L102"><temps name="use"/><temps name="def"/><temps name="in"><temp name="T2290"/><temp name="T2263"/><temp name="T2111"/><temp name="T2078"/><temp name="T2149"/><temp name="T2132"/><temp name="T2188"/><temp name="T2124"/><temp name="T2165"/><temp name="T2175"/><temp name="T2197"/><temp name="T2270"/><temp name="T2108"/><temp name="T2277"/><temp name="T2320"/><temp name="T2326"/><temp name="T2154"/><temp name="T2310"/><temp name="T2230"/><temp name="T2082"/><temp name="T2070"/><temp name="T2213"/><temp name="T2249"/><temp name="T2281"/><temp name="T2103"/><temp name="T2251"/><temp name="T2202"/><temp name="T2244"/><temp name="T2314"/><temp name="T2185"/><temp name="T2191"/><temp name="T2161"/><temp name="T2115"/><temp name="T2206"/><temp name="T28"/><temp name="T2096"/><temp name="T2170"/><temp name="T2066"/><temp name="T2255"/><temp name="T2088"/><temp name="T2118"/><temp name="T2157"/><temp name="T2228"/><temp name="T2240"/><temp name="T2275"/><temp name="T2135"/><temp name="T2092"/><temp name="T2141"/><temp name="T2234"/><temp name="T2294"/><temp name="T2239"/><temp name="T2287"/><temp name="T2179"/></temps><temps name="out"><temp name="T2290"/><temp name="T2263"/><temp name="T2111"/><temp name="T2078"/><temp name="T2149"/><temp name="T2132"/><temp name="T2188"/><temp name="T2124"/><temp name="T2165"/><temp name="T2175"/><temp name="T2197"/><temp name="T2270"/><temp name="T2108"/><temp name="T2277"/><temp name="T2320"/><temp name="T2326"/><temp name="T2154"/><temp name="T2310"/><temp name="T2230"/><temp name="T2082"/><temp name="T2070"/><temp name="T2213"/><temp name="T2249"/><temp name="T2281"/><temp name="T2103"/><temp name="T2251"/><temp name="T2202"/><temp name="T2244"/><temp name="T2314"/><temp name="T2185"/><temp name="T2191"/><temp name="T2161"/><temp name="T2115"/><temp name="T2206"/><temp name="T28"/><temp name="T2096"/><temp name="T2170"/><temp name="T2066"/><temp name="T2255"/><temp name="T2088"/><temp name="T2118"/><temp name="T2157"/><temp name="T2228"/><temp name="T2240"/><temp name="T2275"/><temp name="T2135"/><temp name="T2092"/><temp name="T2141"/><temp name="T2234"/><temp name="T2294"/><temp name="T2239"/><temp name="T2287"/><temp name="T2179"/></temps></instruction><instruction code="SETL  T2061, 1"><temps name="use"/><temps name="def"><temp name="T2061"/></temps><temps name="in"><temp name="T2290"/><temp name="T2263"/><temp name="T2111"/><temp name="T2078"/><temp name="T2149"/><temp name="T2132"/><temp name="T2188"/><temp name="T2124"/><temp name="T2165"/><temp name="T2175"/><temp name="T2197"/><temp name="T2270"/><temp name="T2108"/><temp name="T2277"/><temp name="T2320"/><temp name="T2326"/><temp name="T2154"/><temp name="T2310"/><temp name="T2230"/><temp name="T2082"/><temp name="T2070"/><temp name="T2213"/><temp name="T2249"/><temp name="T2281"/><temp name="T2103"/><temp name="T2251"/><temp name="T2202"/><temp name="T2244"/><temp name="T2314"/><temp name="T2185"/><temp name="T2191"/><temp name="T2161"/><temp name="T2115"/><temp name="T2206"/><temp name="T28"/><temp name="T2096"/><temp name="T2170"/><temp name="T2066"/><temp name="T2255"/><temp name="T2088"/><temp name="T2118"/><temp name="T2157"/><temp name="T2228"/><temp name="T2240"/><temp name="T2275"/><temp name="T2135"/><temp name="T2092"/><temp name="T2141"/><temp name="T2234"/><temp name="T2294"/><temp name="T2239"/><temp name="T2287"/><temp name="T2179"/></temps><temps name="out"><temp name="T2290"/><temp name="T2263"/><temp name="T2111"/><temp name="T2078"/><temp name="T2149"/><temp name="T2132"/><temp name="T2188"/><temp name="T2124"/><temp name="T2165"/><temp name="T2175"/><temp name="T2197"/><temp name="T2270"/><temp name="T2108"/><temp name="T2277"/><temp name="T2320"/><temp name="T2326"/><temp name="T2154"/><temp name="T2310"/><temp name="T2230"/><temp name="T2082"/><temp name="T2070"/><temp name="T2213"/><temp name="T2249"/><temp name="T2281"/><temp name="T2103"/><temp name="T2251"/><temp name="T2202"/><temp name="T2244"/><temp name="T2314"/><temp name="T2185"/><temp name="T2191"/><temp name="T2161"/><temp name="T2115"/><temp name="T2206"/><temp name="T28"/><temp name="T2096"/><temp name="T2170"/><temp name="T2066"/><temp name="T2255"/><temp name="T2088"/><temp name="T2118"/><temp name="T2157"/><temp name="T2228"/><temp name="T2240"/><temp name="T2275"/><temp name="T2135"/><temp name="T2092"/><temp name="T2141"/><temp name="T2234"/><temp name="T2294"/><temp name="T2239"/><temp name="T2287"/><temp name="T2179"/></temps></instruction><instruction code="INCML T2061, 0"><temps name="use"/><temps name="def"><temp name="T2061"/></temps><temps name="in"><temp name="T2290"/><temp name="T2263"/><temp name="T2111"/><temp name="T2078"/><temp name="T2149"/><temp name="T2132"/><temp name="T2188"/><temp name="T2124"/><temp name="T2165"/><temp name="T2175"/><temp name="T2197"/><temp name="T2270"/><temp name="T2108"/><temp name="T2277"/><temp name="T2320"/><temp name="T2326"/><temp name="T2154"/><temp name="T2310"/><temp name="T2230"/><temp name="T2082"/><temp name="T2070"/><temp name="T2213"/><temp name="T2249"/><temp name="T2281"/><temp name="T2103"/><temp name="T2251"/><temp name="T2202"/><temp name="T2244"/><temp name="T2314"/><temp name="T2185"/><temp name="T2191"/><temp name="T2161"/><temp name="T2115"/><temp name="T2206"/><temp name="T28"/><temp name="T2096"/><temp name="T2170"/><temp name="T2066"/><temp name="T2255"/><temp name="T2088"/><temp name="T2118"/><temp name="T2157"/><temp name="T2228"/><temp name="T2240"/><temp name="T2275"/><temp name="T2135"/><temp name="T2092"/><temp name="T2141"/><temp name="T2234"/><temp name="T2294"/><temp name="T2239"/><temp name="T2287"/><temp name="T2179"/></temps><temps name="out"><temp name="T2290"/><temp name="T2263"/><temp name="T2111"/><temp name="T2078"/><temp name="T2149"/><temp name="T2132"/><temp name="T2188"/><temp name="T2124"/><temp name="T2165"/><temp name="T2175"/><temp name="T2197"/><temp name="T2270"/><temp name="T2108"/><temp name="T2277"/><temp name="T2320"/><temp name="T2326"/><temp name="T2154"/><temp name="T2310"/><temp name="T2230"/><temp name="T2082"/><temp name="T2070"/><temp name="T2213"/><temp name="T2249"/><temp name="T2281"/><temp name="T2103"/><temp name="T2251"/><temp name="T2202"/><temp name="T2244"/><temp name="T2314"/><temp name="T2185"/><temp name="T2191"/><temp name="T2161"/><temp name="T2115"/><temp name="T2206"/><temp name="T28"/><temp name="T2096"/><temp name="T2170"/><temp name="T2066"/><temp name="T2255"/><temp name="T2088"/><temp name="T2118"/><temp name="T2157"/><temp name="T2228"/><temp name="T2240"/><temp name="T2275"/><temp name="T2135"/><temp name="T2092"/><temp name="T2141"/><temp name="T2234"/><temp name="T2294"/><temp name="T2239"/><temp name="T2287"/><temp name="T2179"/></temps></instruction><instruction code="INCMH T2061, 0"><temps name="use"/><temps name="def"><temp name="T2061"/></temps><temps name="in"><temp name="T2290"/><temp name="T2263"/><temp name="T2111"/><temp name="T2078"/><temp name="T2149"/><temp name="T2132"/><temp name="T2188"/><temp name="T2124"/><temp name="T2165"/><temp name="T2175"/><temp name="T2197"/><temp name="T2270"/><temp name="T2108"/><temp name="T2277"/><temp name="T2320"/><temp name="T2326"/><temp name="T2154"/><temp name="T2310"/><temp name="T2230"/><temp name="T2082"/><temp name="T2070"/><temp name="T2213"/><temp name="T2249"/><temp name="T2281"/><temp name="T2103"/><temp name="T2251"/><temp name="T2202"/><temp name="T2244"/><temp name="T2314"/><temp name="T2185"/><temp name="T2191"/><temp name="T2161"/><temp name="T2115"/><temp name="T2206"/><temp name="T28"/><temp name="T2096"/><temp name="T2170"/><temp name="T2066"/><temp name="T2255"/><temp name="T2088"/><temp name="T2118"/><temp name="T2157"/><temp name="T2228"/><temp name="T2240"/><temp name="T2275"/><temp name="T2135"/><temp name="T2092"/><temp name="T2141"/><temp name="T2234"/><temp name="T2294"/><temp name="T2239"/><temp name="T2287"/><temp name="T2179"/></temps><temps name="out"><temp name="T2290"/><temp name="T2263"/><temp name="T2111"/><temp name="T2078"/><temp name="T2149"/><temp name="T2132"/><temp name="T2188"/><temp name="T2124"/><temp name="T2165"/><temp name="T2175"/><temp name="T2197"/><temp name="T2270"/><temp name="T2108"/><temp name="T2277"/><temp name="T2320"/><temp name="T2326"/><temp name="T2154"/><temp name="T2310"/><temp name="T2230"/><temp name="T2082"/><temp name="T2070"/><temp name="T2213"/><temp name="T2249"/><temp name="T2281"/><temp name="T2103"/><temp name="T2251"/><temp name="T2202"/><temp name="T2244"/><temp name="T2314"/><temp name="T2185"/><temp name="T2191"/><temp name="T2161"/><temp name="T2115"/><temp name="T2206"/><temp name="T28"/><temp name="T2096"/><temp name="T2170"/><temp name="T2066"/><temp name="T2255"/><temp name="T2088"/><temp name="T2118"/><temp name="T2157"/><temp name="T2228"/><temp name="T2240"/><temp name="T2275"/><temp name="T2135"/><temp name="T2092"/><temp name="T2141"/><temp name="T2234"/><temp name="T2294"/><temp name="T2239"/><temp name="T2287"/><temp name="T2179"/></temps></instruction><instruction code="INCH  T2061, 0"><temps name="use"/><temps name="def"><temp name="T2061"/></temps><temps name="in"><temp name="T2290"/><temp name="T2263"/><temp name="T2111"/><temp name="T2078"/><temp name="T2149"/><temp name="T2132"/><temp name="T2188"/><temp name="T2124"/><temp name="T2165"/><temp name="T2175"/><temp name="T2197"/><temp name="T2270"/><temp name="T2108"/><temp name="T2277"/><temp name="T2320"/><temp name="T2326"/><temp name="T2154"/><temp name="T2310"/><temp name="T2230"/><temp name="T2082"/><temp name="T2070"/><temp name="T2213"/><temp name="T2249"/><temp name="T2281"/><temp name="T2103"/><temp name="T2251"/><temp name="T2202"/><temp name="T2244"/><temp name="T2314"/><temp name="T2185"/><temp name="T2191"/><temp name="T2161"/><temp name="T2115"/><temp name="T2206"/><temp name="T28"/><temp name="T2096"/><temp name="T2170"/><temp name="T2066"/><temp name="T2255"/><temp name="T2088"/><temp name="T2118"/><temp name="T2157"/><temp name="T2228"/><temp name="T2240"/><temp name="T2275"/><temp name="T2135"/><temp name="T2092"/><temp name="T2141"/><temp name="T2234"/><temp name="T2294"/><temp name="T2239"/><temp name="T2287"/><temp name="T2179"/></temps><temps name="out"><temp name="T2290"/><temp name="T2263"/><temp name="T2111"/><temp name="T2078"/><temp name="T2149"/><temp name="T2132"/><temp name="T2188"/><temp name="T2061"/><temp name="T2124"/><temp name="T2165"/><temp name="T2175"/><temp name="T2197"/><temp name="T2270"/><temp name="T2108"/><temp name="T2277"/><temp name="T2320"/><temp name="T2326"/><temp name="T2154"/><temp name="T2310"/><temp name="T2230"/><temp name="T2082"/><temp name="T2070"/><temp name="T2213"/><temp name="T2249"/><temp name="T2281"/><temp name="T2103"/><temp name="T2251"/><temp name="T2202"/><temp name="T2244"/><temp name="T2314"/><temp name="T2185"/><temp name="T2191"/><temp name="T2161"/><temp name="T2115"/><temp name="T2206"/><temp name="T28"/><temp name="T2096"/><temp name="T2170"/><temp name="T2066"/><temp name="T2255"/><temp name="T2088"/><temp name="T2118"/><temp name="T2157"/><temp name="T2228"/><temp name="T2240"/><temp name="T2275"/><temp name="T2135"/><temp name="T2092"/><temp name="T2141"/><temp name="T2234"/><temp name="T2294"/><temp name="T2239"/><temp name="T2287"/><temp name="T2179"/></temps></instruction><instruction code="OR T725, T2061, 0"><temps name="use"><temp name="T2061"/></temps><temps name="def"><temp name="T725"/></temps><temps name="in"><temp name="T2290"/><temp name="T2263"/><temp name="T2111"/><temp name="T2078"/><temp name="T2149"/><temp name="T2132"/><temp name="T2188"/><temp name="T2061"/><temp name="T2124"/><temp name="T2165"/><temp name="T2175"/><temp name="T2197"/><temp name="T2270"/><temp name="T2108"/><temp name="T2277"/><temp name="T2320"/><temp name="T2326"/><temp name="T2154"/><temp name="T2310"/><temp name="T2230"/><temp name="T2082"/><temp name="T2070"/><temp name="T2213"/><temp name="T2249"/><temp name="T2281"/><temp name="T2103"/><temp name="T2251"/><temp name="T2202"/><temp name="T2244"/><temp name="T2314"/><temp name="T2185"/><temp name="T2191"/><temp name="T2161"/><temp name="T2115"/><temp name="T2206"/><temp name="T28"/><temp name="T2096"/><temp name="T2170"/><temp name="T2066"/><temp name="T2255"/><temp name="T2088"/><temp name="T2118"/><temp name="T2157"/><temp name="T2228"/><temp name="T2240"/><temp name="T2275"/><temp name="T2135"/><temp name="T2092"/><temp name="T2141"/><temp name="T2234"/><temp name="T2294"/><temp name="T2239"/><temp name="T2287"/><temp name="T2179"/></temps><temps name="out"><temp name="T2290"/><temp name="T2263"/><temp name="T2111"/><temp name="T2078"/><temp name="T2149"/><temp name="T2132"/><temp name="T2188"/><temp name="T2124"/><temp name="T2165"/><temp name="T2175"/><temp name="T2197"/><temp name="T2270"/><temp name="T2108"/><temp name="T2277"/><temp name="T2320"/><temp name="T2326"/><temp name="T2154"/><temp name="T2310"/><temp name="T2230"/><temp name="T2082"/><temp name="T2070"/><temp name="T2213"/><temp name="T2249"/><temp name="T2281"/><temp name="T2103"/><temp name="T2251"/><temp name="T2202"/><temp name="T2244"/><temp name="T2314"/><temp name="T2185"/><temp name="T2191"/><temp name="T2161"/><temp name="T2115"/><temp name="T2206"/><temp name="T28"/><temp name="T2096"/><temp name="T2170"/><temp name="T2066"/><temp name="T2255"/><temp name="T2088"/><temp name="T2118"/><temp name="T725"/><temp name="T2157"/><temp name="T2228"/><temp name="T2240"/><temp name="T2275"/><temp name="T2135"/><temp name="T2092"/><temp name="T2141"/><temp name="T2234"/><temp name="T2294"/><temp name="T2239"/><temp name="T2287"/><temp name="T2179"/></temps></instruction><instruction code="BNZ T725, L92"><temps name="use"><temp name="T725"/></temps><temps name="def"/><temps name="in"><temp name="T2290"/><temp name="T2263"/><temp name="T2111"/><temp name="T2078"/><temp name="T2149"/><temp name="T2132"/><temp name="T2188"/><temp name="T2124"/><temp name="T2165"/><temp name="T2175"/><temp name="T2197"/><temp name="T2270"/><temp name="T2108"/><temp name="T2277"/><temp name="T2320"/><temp name="T2326"/><temp name="T2154"/><temp name="T2310"/><temp name="T2230"/><temp name="T2082"/><temp name="T2070"/><temp name="T2213"/><temp name="T2249"/><temp name="T2281"/><temp name="T2103"/><temp name="T2251"/><temp name="T2202"/><temp name="T2244"/><temp name="T2314"/><temp name="T2185"/><temp name="T2191"/><temp name="T2161"/><temp name="T2115"/><temp name="T2206"/><temp name="T28"/><temp name="T2096"/><temp name="T2170"/><temp name="T2066"/><temp name="T2255"/><temp name="T2088"/><temp name="T2118"/><temp name="T725"/><temp name="T2157"/><temp name="T2228"/><temp name="T2240"/><temp name="T2275"/><temp name="T2135"/><temp name="T2092"/><temp name="T2141"/><temp name="T2234"/><temp name="T2294"/><temp name="T2239"/><temp name="T2287"/><temp name="T2179"/></temps><temps name="out"><temp name="T2290"/><temp name="T2263"/><temp name="T2111"/><temp name="T2078"/><temp name="T2149"/><temp name="T2132"/><temp name="T2188"/><temp name="T2124"/><temp name="T2165"/><temp name="T2175"/><temp name="T2197"/><temp name="T2270"/><temp name="T2108"/><temp name="T2277"/><temp name="T2320"/><temp name="T2326"/><temp name="T2154"/><temp name="T2310"/><temp name="T2230"/><temp name="T2082"/><temp name="T2070"/><temp name="T2213"/><temp name="T2249"/><temp name="T2281"/><temp name="T2103"/><temp name="T2251"/><temp name="T2202"/><temp name="T2244"/><temp name="T2314"/><temp name="T2185"/><temp name="T2191"/><temp name="T2161"/><temp name="T2115"/><temp name="T2206"/><temp name="T28"/><temp name="T2096"/><temp name="T2170"/><temp name="T2066"/><temp name="T2255"/><temp name="T2088"/><temp name="T2118"/><temp name="T2157"/><temp name="T2228"/><temp name="T2240"/><temp name="T2275"/><temp name="T2135"/><temp name="T2092"/><temp name="T2141"/><temp name="T2234"/><temp name="T2294"/><temp name="T2239"/><temp name="T2287"/><temp name="T2179"/></temps></instruction><instruction code="L151"><temps name="use"/><temps name="def"/><temps name="in"><temp name="T2290"/><temp name="T2263"/><temp name="T2111"/><temp name="T2078"/><temp name="T2149"/><temp name="T2132"/><temp name="T2188"/><temp name="T2124"/><temp name="T2165"/><temp name="T2175"/><temp name="T2197"/><temp name="T2270"/><temp name="T2108"/><temp name="T2277"/><temp name="T2320"/><temp name="T2326"/><temp name="T2154"/><temp name="T2310"/><temp name="T2230"/><temp name="T2082"/><temp name="T2070"/><temp name="T2213"/><temp name="T2249"/><temp name="T2281"/><temp name="T2103"/><temp name="T2251"/><temp name="T2202"/><temp name="T2244"/><temp name="T2314"/><temp name="T2185"/><temp name="T2191"/><temp name="T2161"/><temp name="T2115"/><temp name="T2206"/><temp name="T28"/><temp name="T2096"/><temp name="T2170"/><temp name="T2066"/><temp name="T2255"/><temp name="T2088"/><temp name="T2118"/><temp name="T2157"/><temp name="T2228"/><temp name="T2240"/><temp name="T2275"/><temp name="T2135"/><temp name="T2092"/><temp name="T2141"/><temp name="T2234"/><temp name="T2294"/><temp name="T2239"/><temp name="T2287"/><temp name="T2179"/></temps><temps name="out"><temp name="T2290"/><temp name="T2263"/><temp name="T2111"/><temp name="T2078"/><temp name="T2149"/><temp name="T2132"/><temp name="T2188"/><temp name="T2124"/><temp name="T2165"/><temp name="T2175"/><temp name="T2197"/><temp name="T2270"/><temp name="T2108"/><temp name="T2277"/><temp name="T2320"/><temp name="T2326"/><temp name="T2154"/><temp name="T2310"/><temp name="T2230"/><temp name="T2082"/><temp name="T2070"/><temp name="T2213"/><temp name="T2249"/><temp name="T2281"/><temp name="T2103"/><temp name="T2251"/><temp name="T2202"/><temp name="T2244"/><temp name="T2314"/><temp name="T2185"/><temp name="T2191"/><temp name="T2161"/><temp name="T2115"/><temp name="T2206"/><temp name="T28"/><temp name="T2096"/><temp name="T2170"/><temp name="T2066"/><temp name="T2255"/><temp name="T2088"/><temp name="T2118"/><temp name="T2157"/><temp name="T2228"/><temp name="T2240"/><temp name="T2275"/><temp name="T2135"/><temp name="T2092"/><temp name="T2141"/><temp name="T2234"/><temp name="T2294"/><temp name="T2239"/><temp name="T2287"/><temp name="T2179"/></temps></instruction><instruction code="LDA T2062, L93"><temps name="use"/><temps name="def"><temp name="T2062"/></temps><temps name="in"><temp name="T2290"/><temp name="T2263"/><temp name="T2111"/><temp name="T2078"/><temp name="T2149"/><temp name="T2132"/><temp name="T2188"/><temp name="T2124"/><temp name="T2165"/><temp name="T2175"/><temp name="T2197"/><temp name="T2270"/><temp name="T2108"/><temp name="T2277"/><temp name="T2320"/><temp name="T2326"/><temp name="T2154"/><temp name="T2310"/><temp name="T2230"/><temp name="T2082"/><temp name="T2070"/><temp name="T2213"/><temp name="T2249"/><temp name="T2281"/><temp name="T2103"/><temp name="T2251"/><temp name="T2202"/><temp name="T2244"/><temp name="T2314"/><temp name="T2185"/><temp name="T2191"/><temp name="T2161"/><temp name="T2115"/><temp name="T2206"/><temp name="T28"/><temp name="T2096"/><temp name="T2170"/><temp name="T2066"/><temp name="T2255"/><temp name="T2088"/><temp name="T2118"/><temp name="T2157"/><temp name="T2228"/><temp name="T2240"/><temp name="T2275"/><temp name="T2135"/><temp name="T2092"/><temp name="T2141"/><temp name="T2234"/><temp name="T2294"/><temp name="T2239"/><temp name="T2287"/><temp name="T2179"/></temps><temps name="out"><temp name="T2290"/><temp name="T2263"/><temp name="T2111"/><temp name="T2078"/><temp name="T2149"/><temp name="T2132"/><temp name="T2188"/><temp name="T2124"/><temp name="T2165"/><temp name="T2175"/><temp name="T2197"/><temp name="T2270"/><temp name="T2108"/><temp name="T2277"/><temp name="T2320"/><temp name="T2326"/><temp name="T2154"/><temp name="T2310"/><temp name="T2230"/><temp name="T2082"/><temp name="T2070"/><temp name="T2213"/><temp name="T2249"/><temp name="T2281"/><temp name="T2103"/><temp name="T2251"/><temp name="T2202"/><temp name="T2244"/><temp name="T2314"/><temp name="T2185"/><temp name="T2191"/><temp name="T2161"/><temp name="T2115"/><temp name="T2206"/><temp name="T28"/><temp name="T2096"/><temp name="T2170"/><temp name="T2066"/><temp name="T2255"/><temp name="T2088"/><temp name="T2118"/><temp name="T2157"/><temp name="T2228"/><temp name="T2240"/><temp name="T2275"/><temp name="T2135"/><temp name="T2092"/><temp name="T2141"/><temp name="T2234"/><temp name="T2294"/><temp name="T2239"/><temp name="T2287"/><temp name="T2062"/><temp name="T2179"/></temps></instruction><instruction code="GO T2062, T2062, 0"><temps name="use"><temp name="T2062"/></temps><temps name="def"><temp name="T2062"/></temps><temps name="in"><temp name="T2290"/><temp name="T2263"/><temp name="T2111"/><temp name="T2078"/><temp name="T2149"/><temp name="T2132"/><temp name="T2188"/><temp name="T2124"/><temp name="T2165"/><temp name="T2175"/><temp name="T2197"/><temp name="T2270"/><temp name="T2108"/><temp name="T2277"/><temp name="T2320"/><temp name="T2326"/><temp name="T2154"/><temp name="T2310"/><temp name="T2230"/><temp name="T2082"/><temp name="T2070"/><temp name="T2213"/><temp name="T2249"/><temp name="T2281"/><temp name="T2103"/><temp name="T2251"/><temp name="T2202"/><temp name="T2244"/><temp name="T2314"/><temp name="T2185"/><temp name="T2191"/><temp name="T2161"/><temp name="T2115"/><temp name="T2206"/><temp name="T28"/><temp name="T2096"/><temp name="T2170"/><temp name="T2066"/><temp name="T2255"/><temp name="T2088"/><temp name="T2118"/><temp name="T2157"/><temp name="T2228"/><temp name="T2240"/><temp name="T2275"/><temp name="T2135"/><temp name="T2092"/><temp name="T2141"/><temp name="T2234"/><temp name="T2294"/><temp name="T2239"/><temp name="T2287"/><temp name="T2062"/><temp name="T2179"/></temps><temps name="out"><temp name="T2290"/><temp name="T2263"/><temp name="T2111"/><temp name="T2078"/><temp name="T2149"/><temp name="T2132"/><temp name="T2188"/><temp name="T2124"/><temp name="T2165"/><temp name="T2175"/><temp name="T2197"/><temp name="T2270"/><temp name="T2108"/><temp name="T2277"/><temp name="T2320"/><temp name="T2326"/><temp name="T2154"/><temp name="T2310"/><temp name="T2230"/><temp name="T2082"/><temp name="T2070"/><temp name="T2213"/><temp name="T2249"/><temp name="T2281"/><temp name="T2103"/><temp name="T2251"/><temp name="T2202"/><temp name="T2244"/><temp name="T2314"/><temp name="T2185"/><temp name="T2191"/><temp name="T2161"/><temp name="T2115"/><temp name="T2206"/><temp name="T28"/><temp name="T2096"/><temp name="T2170"/><temp name="T2066"/><temp name="T2255"/><temp name="T2088"/><temp name="T2118"/><temp name="T2157"/><temp name="T2228"/><temp name="T2240"/><temp name="T2275"/><temp name="T2135"/><temp name="T2092"/><temp name="T2141"/><temp name="T2234"/><temp name="T2294"/><temp name="T2239"/><temp name="T2287"/><temp name="T2179"/></temps></instruction><instruction code="L92"><temps name="use"/><temps name="def"/><temps name="in"><temp name="T2290"/><temp name="T2263"/><temp name="T2111"/><temp name="T2078"/><temp name="T2149"/><temp name="T2132"/><temp name="T2188"/><temp name="T2124"/><temp name="T2165"/><temp name="T2175"/><temp name="T2197"/><temp name="T2270"/><temp name="T2108"/><temp name="T2277"/><temp name="T2320"/><temp name="T2326"/><temp name="T2154"/><temp name="T2310"/><temp name="T2230"/><temp name="T2082"/><temp name="T2070"/><temp name="T2213"/><temp name="T2249"/><temp name="T2281"/><temp name="T2103"/><temp name="T2251"/><temp name="T2202"/><temp name="T2244"/><temp name="T2314"/><temp name="T2185"/><temp name="T2191"/><temp name="T2161"/><temp name="T2115"/><temp name="T2206"/><temp name="T28"/><temp name="T2096"/><temp name="T2170"/><temp name="T2066"/><temp name="T2255"/><temp name="T2088"/><temp name="T2118"/><temp name="T2157"/><temp name="T2228"/><temp name="T2240"/><temp name="T2275"/><temp name="T2135"/><temp name="T2092"/><temp name="T2141"/><temp name="T2234"/><temp name="T2294"/><temp name="T2239"/><temp name="T2287"/><temp name="T2179"/></temps><temps name="out"><temp name="T2290"/><temp name="T2263"/><temp name="T2111"/><temp name="T2078"/><temp name="T2149"/><temp name="T2132"/><temp name="T2188"/><temp name="T2124"/><temp name="T2165"/><temp name="T2175"/><temp name="T2197"/><temp name="T2270"/><temp name="T2108"/><temp name="T2277"/><temp name="T2320"/><temp name="T2326"/><temp name="T2154"/><temp name="T2310"/><temp name="T2230"/><temp name="T2082"/><temp name="T2070"/><temp name="T2213"/><temp name="T2249"/><temp name="T2281"/><temp name="T2103"/><temp name="T2251"/><temp name="T2202"/><temp name="T2244"/><temp name="T2314"/><temp name="T2185"/><temp name="T2191"/><temp name="T2161"/><temp name="T2115"/><temp name="T2206"/><temp name="T28"/><temp name="T2096"/><temp name="T2170"/><temp name="T2066"/><temp name="T2255"/><temp name="T2088"/><temp name="T2118"/><temp name="T2157"/><temp name="T2228"/><temp name="T2240"/><temp name="T2275"/><temp name="T2135"/><temp name="T2092"/><temp name="T2141"/><temp name="T2234"/><temp name="T2294"/><temp name="T2239"/><temp name="T2287"/><temp name="T2179"/></temps></instruction><instruction code="SETL  T2063, 0"><temps name="use"/><temps name="def"><temp name="T2063"/></temps><temps name="in"><temp name="T2290"/><temp name="T2263"/><temp name="T2111"/><temp name="T2078"/><temp name="T2149"/><temp name="T2132"/><temp name="T2188"/><temp name="T2124"/><temp name="T2165"/><temp name="T2175"/><temp name="T2197"/><temp name="T2270"/><temp name="T2108"/><temp name="T2277"/><temp name="T2320"/><temp name="T2326"/><temp name="T2154"/><temp name="T2310"/><temp name="T2230"/><temp name="T2082"/><temp name="T2070"/><temp name="T2213"/><temp name="T2249"/><temp name="T2281"/><temp name="T2103"/><temp name="T2251"/><temp name="T2202"/><temp name="T2244"/><temp name="T2314"/><temp name="T2185"/><temp name="T2191"/><temp name="T2161"/><temp name="T2115"/><temp name="T2206"/><temp name="T28"/><temp name="T2096"/><temp name="T2170"/><temp name="T2066"/><temp name="T2255"/><temp name="T2088"/><temp name="T2118"/><temp name="T2157"/><temp name="T2228"/><temp name="T2240"/><temp name="T2275"/><temp name="T2135"/><temp name="T2092"/><temp name="T2141"/><temp name="T2234"/><temp name="T2294"/><temp name="T2239"/><temp name="T2287"/><temp name="T2179"/></temps><temps name="out"><temp name="T2290"/><temp name="T2263"/><temp name="T2111"/><temp name="T2078"/><temp name="T2149"/><temp name="T2132"/><temp name="T2188"/><temp name="T2124"/><temp name="T2165"/><temp name="T2175"/><temp name="T2197"/><temp name="T2270"/><temp name="T2108"/><temp name="T2277"/><temp name="T2320"/><temp name="T2326"/><temp name="T2154"/><temp name="T2310"/><temp name="T2230"/><temp name="T2082"/><temp name="T2070"/><temp name="T2213"/><temp name="T2249"/><temp name="T2281"/><temp name="T2103"/><temp name="T2251"/><temp name="T2202"/><temp name="T2244"/><temp name="T2314"/><temp name="T2185"/><temp name="T2191"/><temp name="T2161"/><temp name="T2115"/><temp name="T2206"/><temp name="T28"/><temp name="T2096"/><temp name="T2170"/><temp name="T2066"/><temp name="T2255"/><temp name="T2088"/><temp name="T2118"/><temp name="T2157"/><temp name="T2228"/><temp name="T2240"/><temp name="T2275"/><temp name="T2135"/><temp name="T2092"/><temp name="T2141"/><temp name="T2234"/><temp name="T2294"/><temp name="T2239"/><temp name="T2287"/><temp name="T2179"/></temps></instruction><instruction code="INCML T2063, 0"><temps name="use"/><temps name="def"><temp name="T2063"/></temps><temps name="in"><temp name="T2290"/><temp name="T2263"/><temp name="T2111"/><temp name="T2078"/><temp name="T2149"/><temp name="T2132"/><temp name="T2188"/><temp name="T2124"/><temp name="T2165"/><temp name="T2175"/><temp name="T2197"/><temp name="T2270"/><temp name="T2108"/><temp name="T2277"/><temp name="T2320"/><temp name="T2326"/><temp name="T2154"/><temp name="T2310"/><temp name="T2230"/><temp name="T2082"/><temp name="T2070"/><temp name="T2213"/><temp name="T2249"/><temp name="T2281"/><temp name="T2103"/><temp name="T2251"/><temp name="T2202"/><temp name="T2244"/><temp name="T2314"/><temp name="T2185"/><temp name="T2191"/><temp name="T2161"/><temp name="T2115"/><temp name="T2206"/><temp name="T28"/><temp name="T2096"/><temp name="T2170"/><temp name="T2066"/><temp name="T2255"/><temp name="T2088"/><temp name="T2118"/><temp name="T2157"/><temp name="T2228"/><temp name="T2240"/><temp name="T2275"/><temp name="T2135"/><temp name="T2092"/><temp name="T2141"/><temp name="T2234"/><temp name="T2294"/><temp name="T2239"/><temp name="T2287"/><temp name="T2179"/></temps><temps name="out"><temp name="T2290"/><temp name="T2263"/><temp name="T2111"/><temp name="T2078"/><temp name="T2149"/><temp name="T2132"/><temp name="T2188"/><temp name="T2124"/><temp name="T2165"/><temp name="T2175"/><temp name="T2197"/><temp name="T2270"/><temp name="T2108"/><temp name="T2277"/><temp name="T2320"/><temp name="T2326"/><temp name="T2154"/><temp name="T2310"/><temp name="T2230"/><temp name="T2082"/><temp name="T2070"/><temp name="T2213"/><temp name="T2249"/><temp name="T2281"/><temp name="T2103"/><temp name="T2251"/><temp name="T2202"/><temp name="T2244"/><temp name="T2314"/><temp name="T2185"/><temp name="T2191"/><temp name="T2161"/><temp name="T2115"/><temp name="T2206"/><temp name="T28"/><temp name="T2096"/><temp name="T2170"/><temp name="T2066"/><temp name="T2255"/><temp name="T2088"/><temp name="T2118"/><temp name="T2157"/><temp name="T2228"/><temp name="T2240"/><temp name="T2275"/><temp name="T2135"/><temp name="T2092"/><temp name="T2141"/><temp name="T2234"/><temp name="T2294"/><temp name="T2239"/><temp name="T2287"/><temp name="T2179"/></temps></instruction><instruction code="INCMH T2063, 0"><temps name="use"/><temps name="def"><temp name="T2063"/></temps><temps name="in"><temp name="T2290"/><temp name="T2263"/><temp name="T2111"/><temp name="T2078"/><temp name="T2149"/><temp name="T2132"/><temp name="T2188"/><temp name="T2124"/><temp name="T2165"/><temp name="T2175"/><temp name="T2197"/><temp name="T2270"/><temp name="T2108"/><temp name="T2277"/><temp name="T2320"/><temp name="T2326"/><temp name="T2154"/><temp name="T2310"/><temp name="T2230"/><temp name="T2082"/><temp name="T2070"/><temp name="T2213"/><temp name="T2249"/><temp name="T2281"/><temp name="T2103"/><temp name="T2251"/><temp name="T2202"/><temp name="T2244"/><temp name="T2314"/><temp name="T2185"/><temp name="T2191"/><temp name="T2161"/><temp name="T2115"/><temp name="T2206"/><temp name="T28"/><temp name="T2096"/><temp name="T2170"/><temp name="T2066"/><temp name="T2255"/><temp name="T2088"/><temp name="T2118"/><temp name="T2157"/><temp name="T2228"/><temp name="T2240"/><temp name="T2275"/><temp name="T2135"/><temp name="T2092"/><temp name="T2141"/><temp name="T2234"/><temp name="T2294"/><temp name="T2239"/><temp name="T2287"/><temp name="T2179"/></temps><temps name="out"><temp name="T2290"/><temp name="T2263"/><temp name="T2111"/><temp name="T2078"/><temp name="T2149"/><temp name="T2132"/><temp name="T2188"/><temp name="T2124"/><temp name="T2165"/><temp name="T2175"/><temp name="T2197"/><temp name="T2270"/><temp name="T2108"/><temp name="T2277"/><temp name="T2320"/><temp name="T2326"/><temp name="T2154"/><temp name="T2310"/><temp name="T2230"/><temp name="T2082"/><temp name="T2070"/><temp name="T2213"/><temp name="T2249"/><temp name="T2281"/><temp name="T2103"/><temp name="T2251"/><temp name="T2202"/><temp name="T2244"/><temp name="T2314"/><temp name="T2185"/><temp name="T2191"/><temp name="T2161"/><temp name="T2115"/><temp name="T2206"/><temp name="T28"/><temp name="T2096"/><temp name="T2170"/><temp name="T2066"/><temp name="T2255"/><temp name="T2088"/><temp name="T2118"/><temp name="T2157"/><temp name="T2228"/><temp name="T2240"/><temp name="T2275"/><temp name="T2135"/><temp name="T2092"/><temp name="T2141"/><temp name="T2234"/><temp name="T2294"/><temp name="T2239"/><temp name="T2287"/><temp name="T2179"/></temps></instruction><instruction code="INCH  T2063, 0"><temps name="use"/><temps name="def"><temp name="T2063"/></temps><temps name="in"><temp name="T2290"/><temp name="T2263"/><temp name="T2111"/><temp name="T2078"/><temp name="T2149"/><temp name="T2132"/><temp name="T2188"/><temp name="T2124"/><temp name="T2165"/><temp name="T2175"/><temp name="T2197"/><temp name="T2270"/><temp name="T2108"/><temp name="T2277"/><temp name="T2320"/><temp name="T2326"/><temp name="T2154"/><temp name="T2310"/><temp name="T2230"/><temp name="T2082"/><temp name="T2070"/><temp name="T2213"/><temp name="T2249"/><temp name="T2281"/><temp name="T2103"/><temp name="T2251"/><temp name="T2202"/><temp name="T2244"/><temp name="T2314"/><temp name="T2185"/><temp name="T2191"/><temp name="T2161"/><temp name="T2115"/><temp name="T2206"/><temp name="T28"/><temp name="T2096"/><temp name="T2170"/><temp name="T2066"/><temp name="T2255"/><temp name="T2088"/><temp name="T2118"/><temp name="T2157"/><temp name="T2228"/><temp name="T2240"/><temp name="T2275"/><temp name="T2135"/><temp name="T2092"/><temp name="T2141"/><temp name="T2234"/><temp name="T2294"/><temp name="T2239"/><temp name="T2287"/><temp name="T2179"/></temps><temps name="out"><temp name="T2290"/><temp name="T2263"/><temp name="T2111"/><temp name="T2078"/><temp name="T2149"/><temp name="T2132"/><temp name="T2188"/><temp name="T2124"/><temp name="T2165"/><temp name="T2175"/><temp name="T2197"/><temp name="T2270"/><temp name="T2108"/><temp name="T2277"/><temp name="T2320"/><temp name="T2326"/><temp name="T2154"/><temp name="T2310"/><temp name="T2230"/><temp name="T2082"/><temp name="T2070"/><temp name="T2213"/><temp name="T2249"/><temp name="T2281"/><temp name="T2103"/><temp name="T2251"/><temp name="T2202"/><temp name="T2244"/><temp name="T2314"/><temp name="T2185"/><temp name="T2191"/><temp name="T2161"/><temp name="T2115"/><temp name="T2206"/><temp name="T28"/><temp name="T2096"/><temp name="T2170"/><temp name="T2066"/><temp name="T2255"/><temp name="T2088"/><temp name="T2063"/><temp name="T2118"/><temp name="T2157"/><temp name="T2228"/><temp name="T2240"/><temp name="T2275"/><temp name="T2135"/><temp name="T2092"/><temp name="T2141"/><temp name="T2234"/><temp name="T2294"/><temp name="T2239"/><temp name="T2287"/><temp name="T2179"/></temps></instruction><instruction code="OR T726, T2063, 0"><temps name="use"><temp name="T2063"/></temps><temps name="def"><temp name="T726"/></temps><temps name="in"><temp name="T2290"/><temp name="T2263"/><temp name="T2111"/><temp name="T2078"/><temp name="T2149"/><temp name="T2132"/><temp name="T2188"/><temp name="T2124"/><temp name="T2165"/><temp name="T2175"/><temp name="T2197"/><temp name="T2270"/><temp name="T2108"/><temp name="T2277"/><temp name="T2320"/><temp name="T2326"/><temp name="T2154"/><temp name="T2310"/><temp name="T2230"/><temp name="T2082"/><temp name="T2070"/><temp name="T2213"/><temp name="T2249"/><temp name="T2281"/><temp name="T2103"/><temp name="T2251"/><temp name="T2202"/><temp name="T2244"/><temp name="T2314"/><temp name="T2185"/><temp name="T2191"/><temp name="T2161"/><temp name="T2115"/><temp name="T2206"/><temp name="T28"/><temp name="T2096"/><temp name="T2170"/><temp name="T2066"/><temp name="T2255"/><temp name="T2088"/><temp name="T2063"/><temp name="T2118"/><temp name="T2157"/><temp name="T2228"/><temp name="T2240"/><temp name="T2275"/><temp name="T2135"/><temp name="T2092"/><temp name="T2141"/><temp name="T2234"/><temp name="T2294"/><temp name="T2239"/><temp name="T2287"/><temp name="T2179"/></temps><temps name="out"><temp name="T2290"/><temp name="T2263"/><temp name="T2111"/><temp name="T2078"/><temp name="T2149"/><temp name="T2132"/><temp name="T2188"/><temp name="T2124"/><temp name="T2165"/><temp name="T2175"/><temp name="T2197"/><temp name="T2270"/><temp name="T2108"/><temp name="T2277"/><temp name="T2320"/><temp name="T2326"/><temp name="T2154"/><temp name="T2310"/><temp name="T2230"/><temp name="T2082"/><temp name="T2070"/><temp name="T2213"/><temp name="T2249"/><temp name="T2281"/><temp name="T2103"/><temp name="T2251"/><temp name="T2202"/><temp name="T2244"/><temp name="T2314"/><temp name="T2185"/><temp name="T2191"/><temp name="T2161"/><temp name="T2115"/><temp name="T2206"/><temp name="T28"/><temp name="T2096"/><temp name="T2170"/><temp name="T2066"/><temp name="T2255"/><temp name="T2088"/><temp name="T2118"/><temp name="T2157"/><temp name="T2228"/><temp name="T2240"/><temp name="T2275"/><temp name="T726"/><temp name="T2135"/><temp name="T2092"/><temp name="T2141"/><temp name="T2234"/><temp name="T2294"/><temp name="T2239"/><temp name="T2287"/><temp name="T2179"/></temps></instruction><instruction code="LDO T2067, T2066, 0"><temps name="use"><temp name="T2066"/></temps><temps name="def"><temp name="T2067"/></temps><temps name="in"><temp name="T2290"/><temp name="T2263"/><temp name="T2111"/><temp name="T2078"/><temp name="T2149"/><temp name="T2132"/><temp name="T2188"/><temp name="T2124"/><temp name="T2165"/><temp name="T2175"/><temp name="T2197"/><temp name="T2270"/><temp name="T2108"/><temp name="T2277"/><temp name="T2320"/><temp name="T2326"/><temp name="T2154"/><temp name="T2310"/><temp name="T2230"/><temp name="T2082"/><temp name="T2070"/><temp name="T2213"/><temp name="T2249"/><temp name="T2281"/><temp name="T2103"/><temp name="T2251"/><temp name="T2202"/><temp name="T2244"/><temp name="T2314"/><temp name="T2185"/><temp name="T2191"/><temp name="T2161"/><temp name="T2115"/><temp name="T2206"/><temp name="T28"/><temp name="T2096"/><temp name="T2170"/><temp name="T2066"/><temp name="T2255"/><temp name="T2088"/><temp name="T2118"/><temp name="T2157"/><temp name="T2228"/><temp name="T2240"/><temp name="T2275"/><temp name="T726"/><temp name="T2135"/><temp name="T2092"/><temp name="T2141"/><temp name="T2234"/><temp name="T2294"/><temp name="T2239"/><temp name="T2287"/><temp name="T2179"/></temps><temps name="out"><temp name="T2290"/><temp name="T2263"/><temp name="T2111"/><temp name="T2078"/><temp name="T2149"/><temp name="T2132"/><temp name="T2188"/><temp name="T2124"/><temp name="T2165"/><temp name="T2175"/><temp name="T2197"/><temp name="T2270"/><temp name="T2108"/><temp name="T2277"/><temp name="T2320"/><temp name="T2326"/><temp name="T2154"/><temp name="T2310"/><temp name="T2230"/><temp name="T2082"/><temp name="T2070"/><temp name="T2213"/><temp name="T2249"/><temp name="T2281"/><temp name="T2103"/><temp name="T2251"/><temp name="T2202"/><temp name="T2244"/><temp name="T2314"/><temp name="T2185"/><temp name="T2191"/><temp name="T2161"/><temp name="T2115"/><temp name="T2206"/><temp name="T28"/><temp name="T2096"/><temp name="T2170"/><temp name="T2255"/><temp name="T2088"/><temp name="T2118"/><temp name="T2157"/><temp name="T2067"/><temp name="T2228"/><temp name="T2240"/><temp name="T2275"/><temp name="T726"/><temp name="T2135"/><temp name="T2092"/><temp name="T2141"/><temp name="T2234"/><temp name="T2294"/><temp name="T2239"/><temp name="T2287"/><temp name="T2179"/></temps></instruction><instruction code="STO T2067, T726, 0"><temps name="use"><temp name="T2067"/><temp name="T726"/></temps><temps name="def"/><temps name="in"><temp name="T2290"/><temp name="T2263"/><temp name="T2111"/><temp name="T2078"/><temp name="T2149"/><temp name="T2132"/><temp name="T2188"/><temp name="T2124"/><temp name="T2165"/><temp name="T2175"/><temp name="T2197"/><temp name="T2270"/><temp name="T2108"/><temp name="T2277"/><temp name="T2320"/><temp name="T2326"/><temp name="T2154"/><temp name="T2310"/><temp name="T2230"/><temp name="T2082"/><temp name="T2070"/><temp name="T2213"/><temp name="T2249"/><temp name="T2281"/><temp name="T2103"/><temp name="T2251"/><temp name="T2202"/><temp name="T2244"/><temp name="T2314"/><temp name="T2185"/><temp name="T2191"/><temp name="T2161"/><temp name="T2115"/><temp name="T2206"/><temp name="T28"/><temp name="T2096"/><temp name="T2170"/><temp name="T2255"/><temp name="T2088"/><temp name="T2118"/><temp name="T2157"/><temp name="T2067"/><temp name="T2228"/><temp name="T2240"/><temp name="T2275"/><temp name="T726"/><temp name="T2135"/><temp name="T2092"/><temp name="T2141"/><temp name="T2234"/><temp name="T2294"/><temp name="T2239"/><temp name="T2287"/><temp name="T2179"/></temps><temps name="out"><temp name="T2290"/><temp name="T2263"/><temp name="T2111"/><temp name="T2078"/><temp name="T2149"/><temp name="T2132"/><temp name="T2188"/><temp name="T2124"/><temp name="T2165"/><temp name="T2175"/><temp name="T2197"/><temp name="T2270"/><temp name="T2108"/><temp name="T2277"/><temp name="T2320"/><temp name="T2326"/><temp name="T2154"/><temp name="T2310"/><temp name="T2230"/><temp name="T2082"/><temp name="T2070"/><temp name="T2213"/><temp name="T2249"/><temp name="T2281"/><temp name="T2103"/><temp name="T2251"/><temp name="T2202"/><temp name="T2244"/><temp name="T2314"/><temp name="T2185"/><temp name="T2191"/><temp name="T2161"/><temp name="T2115"/><temp name="T2206"/><temp name="T28"/><temp name="T2096"/><temp name="T2170"/><temp name="T2255"/><temp name="T2088"/><temp name="T2118"/><temp name="T2157"/><temp name="T2228"/><temp name="T2240"/><temp name="T2275"/><temp name="T2135"/><temp name="T2092"/><temp name="T2141"/><temp name="T2234"/><temp name="T2294"/><temp name="T2239"/><temp name="T2287"/><temp name="T2179"/></temps></instruction><instruction code="L89"><temps name="use"/><temps name="def"/><temps name="in"><temp name="T2290"/><temp name="T2263"/><temp name="T2111"/><temp name="T2078"/><temp name="T2149"/><temp name="T2132"/><temp name="T2188"/><temp name="T2124"/><temp name="T2165"/><temp name="T2175"/><temp name="T2197"/><temp name="T2270"/><temp name="T2108"/><temp name="T2277"/><temp name="T2320"/><temp name="T2326"/><temp name="T2154"/><temp name="T2310"/><temp name="T2230"/><temp name="T2082"/><temp name="T2070"/><temp name="T2213"/><temp name="T2249"/><temp name="T2281"/><temp name="T2103"/><temp name="T2251"/><temp name="T2202"/><temp name="T2244"/><temp name="T2314"/><temp name="T2185"/><temp name="T2191"/><temp name="T2161"/><temp name="T2115"/><temp name="T2206"/><temp name="T28"/><temp name="T2096"/><temp name="T2170"/><temp name="T2255"/><temp name="T2088"/><temp name="T2118"/><temp name="T2157"/><temp name="T2228"/><temp name="T2240"/><temp name="T2275"/><temp name="T2135"/><temp name="T2092"/><temp name="T2141"/><temp name="T2234"/><temp name="T2294"/><temp name="T2239"/><temp name="T2287"/><temp name="T2179"/></temps><temps name="out"><temp name="T2290"/><temp name="T2263"/><temp name="T2111"/><temp name="T2078"/><temp name="T2149"/><temp name="T2132"/><temp name="T2188"/><temp name="T2124"/><temp name="T2165"/><temp name="T2175"/><temp name="T2197"/><temp name="T2270"/><temp name="T2108"/><temp name="T2277"/><temp name="T2320"/><temp name="T2326"/><temp name="T2154"/><temp name="T2310"/><temp name="T2230"/><temp name="T2082"/><temp name="T2070"/><temp name="T2213"/><temp name="T2249"/><temp name="T2281"/><temp name="T2103"/><temp name="T2251"/><temp name="T2202"/><temp name="T2244"/><temp name="T2314"/><temp name="T2185"/><temp name="T2191"/><temp name="T2161"/><temp name="T2115"/><temp name="T2206"/><temp name="T28"/><temp name="T2096"/><temp name="T2170"/><temp name="T2255"/><temp name="T2088"/><temp name="T2118"/><temp name="T2157"/><temp name="T2228"/><temp name="T2240"/><temp name="T2275"/><temp name="T2135"/><temp name="T2092"/><temp name="T2141"/><temp name="T2234"/><temp name="T2294"/><temp name="T2239"/><temp name="T2287"/><temp name="T2179"/></temps></instruction><instruction code="OR T727, T28, 0"><temps name="use"><temp name="T28"/></temps><temps name="def"><temp name="T727"/></temps><temps name="in"><temp name="T2290"/><temp name="T2263"/><temp name="T2111"/><temp name="T2078"/><temp name="T2149"/><temp name="T2132"/><temp name="T2188"/><temp name="T2124"/><temp name="T2165"/><temp name="T2175"/><temp name="T2197"/><temp name="T2270"/><temp name="T2108"/><temp name="T2277"/><temp name="T2320"/><temp name="T2326"/><temp name="T2154"/><temp name="T2310"/><temp name="T2230"/><temp name="T2082"/><temp name="T2070"/><temp name="T2213"/><temp name="T2249"/><temp name="T2281"/><temp name="T2103"/><temp name="T2251"/><temp name="T2202"/><temp name="T2244"/><temp name="T2314"/><temp name="T2185"/><temp name="T2191"/><temp name="T2161"/><temp name="T2115"/><temp name="T2206"/><temp name="T28"/><temp name="T2096"/><temp name="T2170"/><temp name="T2255"/><temp name="T2088"/><temp name="T2118"/><temp name="T2157"/><temp name="T2228"/><temp name="T2240"/><temp name="T2275"/><temp name="T2135"/><temp name="T2092"/><temp name="T2141"/><temp name="T2234"/><temp name="T2294"/><temp name="T2239"/><temp name="T2287"/><temp name="T2179"/></temps><temps name="out"><temp name="T2290"/><temp name="T2263"/><temp name="T2111"/><temp name="T2078"/><temp name="T2149"/><temp name="T2132"/><temp name="T2188"/><temp name="T2124"/><temp name="T2165"/><temp name="T2175"/><temp name="T2197"/><temp name="T2270"/><temp name="T2108"/><temp name="T2277"/><temp name="T2320"/><temp name="T2326"/><temp name="T2154"/><temp name="T2310"/><temp name="T2230"/><temp name="T2082"/><temp name="T2070"/><temp name="T2213"/><temp name="T2249"/><temp name="T2281"/><temp name="T2103"/><temp name="T2251"/><temp name="T2202"/><temp name="T2244"/><temp name="T2314"/><temp name="T2185"/><temp name="T2191"/><temp name="T2161"/><temp name="T2115"/><temp name="T2206"/><temp name="T28"/><temp name="T2096"/><temp name="T2170"/><temp name="T2255"/><temp name="T2088"/><temp name="T2118"/><temp name="T2157"/><temp name="T2228"/><temp name="T2240"/><temp name="T2275"/><temp name="T2135"/><temp name="T2092"/><temp name="T2141"/><temp name="T2234"/><temp name="T2294"/><temp name="T2239"/><temp name="T2287"/><temp name="T727"/><temp name="T2179"/></temps></instruction><instruction code="SETL  T2068, 16"><temps name="use"/><temps name="def"><temp name="T2068"/></temps><temps name="in"><temp name="T2290"/><temp name="T2263"/><temp name="T2111"/><temp name="T2078"/><temp name="T2149"/><temp name="T2132"/><temp name="T2188"/><temp name="T2124"/><temp name="T2165"/><temp name="T2175"/><temp name="T2197"/><temp name="T2270"/><temp name="T2108"/><temp name="T2277"/><temp name="T2320"/><temp name="T2326"/><temp name="T2154"/><temp name="T2310"/><temp name="T2230"/><temp name="T2082"/><temp name="T2070"/><temp name="T2213"/><temp name="T2249"/><temp name="T2281"/><temp name="T2103"/><temp name="T2251"/><temp name="T2202"/><temp name="T2244"/><temp name="T2314"/><temp name="T2185"/><temp name="T2191"/><temp name="T2161"/><temp name="T2115"/><temp name="T2206"/><temp name="T28"/><temp name="T2096"/><temp name="T2170"/><temp name="T2255"/><temp name="T2088"/><temp name="T2118"/><temp name="T2157"/><temp name="T2228"/><temp name="T2240"/><temp name="T2275"/><temp name="T2135"/><temp name="T2092"/><temp name="T2141"/><temp name="T2234"/><temp name="T2294"/><temp name="T2239"/><temp name="T2287"/><temp name="T727"/><temp name="T2179"/></temps><temps name="out"><temp name="T2290"/><temp name="T2263"/><temp name="T2111"/><temp name="T2078"/><temp name="T2149"/><temp name="T2132"/><temp name="T2188"/><temp name="T2124"/><temp name="T2165"/><temp name="T2175"/><temp name="T2197"/><temp name="T2270"/><temp name="T2108"/><temp name="T2277"/><temp name="T2320"/><temp name="T2326"/><temp name="T2154"/><temp name="T2310"/><temp name="T2230"/><temp name="T2082"/><temp name="T2070"/><temp name="T2213"/><temp name="T2249"/><temp name="T2281"/><temp name="T2103"/><temp name="T2251"/><temp name="T2202"/><temp name="T2244"/><temp name="T2314"/><temp name="T2185"/><temp name="T2191"/><temp name="T2161"/><temp name="T2115"/><temp name="T2206"/><temp name="T28"/><temp name="T2096"/><temp name="T2170"/><temp name="T2255"/><temp name="T2088"/><temp name="T2118"/><temp name="T2157"/><temp name="T2228"/><temp name="T2240"/><temp name="T2275"/><temp name="T2135"/><temp name="T2092"/><temp name="T2141"/><temp name="T2234"/><temp name="T2294"/><temp name="T2239"/><temp name="T2287"/><temp name="T727"/><temp name="T2179"/></temps></instruction><instruction code="INCML T2068, 0"><temps name="use"/><temps name="def"><temp name="T2068"/></temps><temps name="in"><temp name="T2290"/><temp name="T2263"/><temp name="T2111"/><temp name="T2078"/><temp name="T2149"/><temp name="T2132"/><temp name="T2188"/><temp name="T2124"/><temp name="T2165"/><temp name="T2175"/><temp name="T2197"/><temp name="T2270"/><temp name="T2108"/><temp name="T2277"/><temp name="T2320"/><temp name="T2326"/><temp name="T2154"/><temp name="T2310"/><temp name="T2230"/><temp name="T2082"/><temp name="T2070"/><temp name="T2213"/><temp name="T2249"/><temp name="T2281"/><temp name="T2103"/><temp name="T2251"/><temp name="T2202"/><temp name="T2244"/><temp name="T2314"/><temp name="T2185"/><temp name="T2191"/><temp name="T2161"/><temp name="T2115"/><temp name="T2206"/><temp name="T28"/><temp name="T2096"/><temp name="T2170"/><temp name="T2255"/><temp name="T2088"/><temp name="T2118"/><temp name="T2157"/><temp name="T2228"/><temp name="T2240"/><temp name="T2275"/><temp name="T2135"/><temp name="T2092"/><temp name="T2141"/><temp name="T2234"/><temp name="T2294"/><temp name="T2239"/><temp name="T2287"/><temp name="T727"/><temp name="T2179"/></temps><temps name="out"><temp name="T2290"/><temp name="T2263"/><temp name="T2111"/><temp name="T2078"/><temp name="T2149"/><temp name="T2132"/><temp name="T2188"/><temp name="T2124"/><temp name="T2165"/><temp name="T2175"/><temp name="T2197"/><temp name="T2270"/><temp name="T2108"/><temp name="T2277"/><temp name="T2320"/><temp name="T2326"/><temp name="T2154"/><temp name="T2310"/><temp name="T2230"/><temp name="T2082"/><temp name="T2070"/><temp name="T2213"/><temp name="T2249"/><temp name="T2281"/><temp name="T2103"/><temp name="T2251"/><temp name="T2202"/><temp name="T2244"/><temp name="T2314"/><temp name="T2185"/><temp name="T2191"/><temp name="T2161"/><temp name="T2115"/><temp name="T2206"/><temp name="T28"/><temp name="T2096"/><temp name="T2170"/><temp name="T2255"/><temp name="T2088"/><temp name="T2118"/><temp name="T2157"/><temp name="T2228"/><temp name="T2240"/><temp name="T2275"/><temp name="T2135"/><temp name="T2092"/><temp name="T2141"/><temp name="T2234"/><temp name="T2294"/><temp name="T2239"/><temp name="T2287"/><temp name="T727"/><temp name="T2179"/></temps></instruction><instruction code="INCMH T2068, 0"><temps name="use"/><temps name="def"><temp name="T2068"/></temps><temps name="in"><temp name="T2290"/><temp name="T2263"/><temp name="T2111"/><temp name="T2078"/><temp name="T2149"/><temp name="T2132"/><temp name="T2188"/><temp name="T2124"/><temp name="T2165"/><temp name="T2175"/><temp name="T2197"/><temp name="T2270"/><temp name="T2108"/><temp name="T2277"/><temp name="T2320"/><temp name="T2326"/><temp name="T2154"/><temp name="T2310"/><temp name="T2230"/><temp name="T2082"/><temp name="T2070"/><temp name="T2213"/><temp name="T2249"/><temp name="T2281"/><temp name="T2103"/><temp name="T2251"/><temp name="T2202"/><temp name="T2244"/><temp name="T2314"/><temp name="T2185"/><temp name="T2191"/><temp name="T2161"/><temp name="T2115"/><temp name="T2206"/><temp name="T28"/><temp name="T2096"/><temp name="T2170"/><temp name="T2255"/><temp name="T2088"/><temp name="T2118"/><temp name="T2157"/><temp name="T2228"/><temp name="T2240"/><temp name="T2275"/><temp name="T2135"/><temp name="T2092"/><temp name="T2141"/><temp name="T2234"/><temp name="T2294"/><temp name="T2239"/><temp name="T2287"/><temp name="T727"/><temp name="T2179"/></temps><temps name="out"><temp name="T2290"/><temp name="T2263"/><temp name="T2111"/><temp name="T2078"/><temp name="T2149"/><temp name="T2132"/><temp name="T2188"/><temp name="T2124"/><temp name="T2165"/><temp name="T2175"/><temp name="T2197"/><temp name="T2270"/><temp name="T2108"/><temp name="T2277"/><temp name="T2320"/><temp name="T2326"/><temp name="T2154"/><temp name="T2310"/><temp name="T2230"/><temp name="T2082"/><temp name="T2070"/><temp name="T2213"/><temp name="T2249"/><temp name="T2281"/><temp name="T2103"/><temp name="T2251"/><temp name="T2202"/><temp name="T2244"/><temp name="T2314"/><temp name="T2185"/><temp name="T2191"/><temp name="T2161"/><temp name="T2115"/><temp name="T2206"/><temp name="T28"/><temp name="T2096"/><temp name="T2170"/><temp name="T2255"/><temp name="T2088"/><temp name="T2118"/><temp name="T2157"/><temp name="T2228"/><temp name="T2240"/><temp name="T2275"/><temp name="T2135"/><temp name="T2092"/><temp name="T2141"/><temp name="T2234"/><temp name="T2294"/><temp name="T2239"/><temp name="T2287"/><temp name="T727"/><temp name="T2179"/></temps></instruction><instruction code="INCH  T2068, 0"><temps name="use"/><temps name="def"><temp name="T2068"/></temps><temps name="in"><temp name="T2290"/><temp name="T2263"/><temp name="T2111"/><temp name="T2078"/><temp name="T2149"/><temp name="T2132"/><temp name="T2188"/><temp name="T2124"/><temp name="T2165"/><temp name="T2175"/><temp name="T2197"/><temp name="T2270"/><temp name="T2108"/><temp name="T2277"/><temp name="T2320"/><temp name="T2326"/><temp name="T2154"/><temp name="T2310"/><temp name="T2230"/><temp name="T2082"/><temp name="T2070"/><temp name="T2213"/><temp name="T2249"/><temp name="T2281"/><temp name="T2103"/><temp name="T2251"/><temp name="T2202"/><temp name="T2244"/><temp name="T2314"/><temp name="T2185"/><temp name="T2191"/><temp name="T2161"/><temp name="T2115"/><temp name="T2206"/><temp name="T28"/><temp name="T2096"/><temp name="T2170"/><temp name="T2255"/><temp name="T2088"/><temp name="T2118"/><temp name="T2157"/><temp name="T2228"/><temp name="T2240"/><temp name="T2275"/><temp name="T2135"/><temp name="T2092"/><temp name="T2141"/><temp name="T2234"/><temp name="T2294"/><temp name="T2239"/><temp name="T2287"/><temp name="T727"/><temp name="T2179"/></temps><temps name="out"><temp name="T2290"/><temp name="T2263"/><temp name="T2111"/><temp name="T2078"/><temp name="T2149"/><temp name="T2132"/><temp name="T2188"/><temp name="T2124"/><temp name="T2165"/><temp name="T2175"/><temp name="T2197"/><temp name="T2270"/><temp name="T2108"/><temp name="T2277"/><temp name="T2320"/><temp name="T2326"/><temp name="T2154"/><temp name="T2310"/><temp name="T2230"/><temp name="T2082"/><temp name="T2070"/><temp name="T2213"/><temp name="T2249"/><temp name="T2281"/><temp name="T2103"/><temp name="T2251"/><temp name="T2202"/><temp name="T2244"/><temp name="T2314"/><temp name="T2185"/><temp name="T2191"/><temp name="T2161"/><temp name="T2115"/><temp name="T2068"/><temp name="T2206"/><temp name="T28"/><temp name="T2096"/><temp name="T2170"/><temp name="T2255"/><temp name="T2088"/><temp name="T2118"/><temp name="T2157"/><temp name="T2228"/><temp name="T2240"/><temp name="T2275"/><temp name="T2135"/><temp name="T2092"/><temp name="T2141"/><temp name="T2234"/><temp name="T2294"/><temp name="T2239"/><temp name="T2287"/><temp name="T727"/><temp name="T2179"/></temps></instruction><instruction code="NEG T2068, 0, T2068"><temps name="use"><temp name="T2068"/></temps><temps name="def"><temp name="T2068"/></temps><temps name="in"><temp name="T2290"/><temp name="T2263"/><temp name="T2111"/><temp name="T2078"/><temp name="T2149"/><temp name="T2132"/><temp name="T2188"/><temp name="T2124"/><temp name="T2165"/><temp name="T2175"/><temp name="T2197"/><temp name="T2270"/><temp name="T2108"/><temp name="T2277"/><temp name="T2320"/><temp name="T2326"/><temp name="T2154"/><temp name="T2310"/><temp name="T2230"/><temp name="T2082"/><temp name="T2070"/><temp name="T2213"/><temp name="T2249"/><temp name="T2281"/><temp name="T2103"/><temp name="T2251"/><temp name="T2202"/><temp name="T2244"/><temp name="T2314"/><temp name="T2185"/><temp name="T2191"/><temp name="T2161"/><temp name="T2115"/><temp name="T2068"/><temp name="T2206"/><temp name="T28"/><temp name="T2096"/><temp name="T2170"/><temp name="T2255"/><temp name="T2088"/><temp name="T2118"/><temp name="T2157"/><temp name="T2228"/><temp name="T2240"/><temp name="T2275"/><temp name="T2135"/><temp name="T2092"/><temp name="T2141"/><temp name="T2234"/><temp name="T2294"/><temp name="T2239"/><temp name="T2287"/><temp name="T727"/><temp name="T2179"/></temps><temps name="out"><temp name="T2290"/><temp name="T2263"/><temp name="T2111"/><temp name="T2078"/><temp name="T2149"/><temp name="T2132"/><temp name="T2188"/><temp name="T2124"/><temp name="T2165"/><temp name="T2175"/><temp name="T2197"/><temp name="T2270"/><temp name="T2108"/><temp name="T2277"/><temp name="T2320"/><temp name="T2326"/><temp name="T2154"/><temp name="T2310"/><temp name="T2230"/><temp name="T2082"/><temp name="T2070"/><temp name="T2213"/><temp name="T2249"/><temp name="T2281"/><temp name="T2103"/><temp name="T2251"/><temp name="T2202"/><temp name="T2244"/><temp name="T2314"/><temp name="T2185"/><temp name="T2191"/><temp name="T2161"/><temp name="T2115"/><temp name="T2068"/><temp name="T2206"/><temp name="T28"/><temp name="T2096"/><temp name="T2170"/><temp name="T2255"/><temp name="T2088"/><temp name="T2118"/><temp name="T2157"/><temp name="T2228"/><temp name="T2240"/><temp name="T2275"/><temp name="T2135"/><temp name="T2092"/><temp name="T2141"/><temp name="T2234"/><temp name="T2294"/><temp name="T2239"/><temp name="T2287"/><temp name="T727"/><temp name="T2179"/></temps></instruction><instruction code="OR T728, T2068, 0"><temps name="use"><temp name="T2068"/></temps><temps name="def"><temp name="T728"/></temps><temps name="in"><temp name="T2290"/><temp name="T2263"/><temp name="T2111"/><temp name="T2078"/><temp name="T2149"/><temp name="T2132"/><temp name="T2188"/><temp name="T2124"/><temp name="T2165"/><temp name="T2175"/><temp name="T2197"/><temp name="T2270"/><temp name="T2108"/><temp name="T2277"/><temp name="T2320"/><temp name="T2326"/><temp name="T2154"/><temp name="T2310"/><temp name="T2230"/><temp name="T2082"/><temp name="T2070"/><temp name="T2213"/><temp name="T2249"/><temp name="T2281"/><temp name="T2103"/><temp name="T2251"/><temp name="T2202"/><temp name="T2244"/><temp name="T2314"/><temp name="T2185"/><temp name="T2191"/><temp name="T2161"/><temp name="T2115"/><temp name="T2068"/><temp name="T2206"/><temp name="T28"/><temp name="T2096"/><temp name="T2170"/><temp name="T2255"/><temp name="T2088"/><temp name="T2118"/><temp name="T2157"/><temp name="T2228"/><temp name="T2240"/><temp name="T2275"/><temp name="T2135"/><temp name="T2092"/><temp name="T2141"/><temp name="T2234"/><temp name="T2294"/><temp name="T2239"/><temp name="T2287"/><temp name="T727"/><temp name="T2179"/></temps><temps name="out"><temp name="T2290"/><temp name="T2263"/><temp name="T2111"/><temp name="T2078"/><temp name="T2149"/><temp name="T2132"/><temp name="T2188"/><temp name="T2124"/><temp name="T2165"/><temp name="T2175"/><temp name="T2197"/><temp name="T2270"/><temp name="T2108"/><temp name="T2277"/><temp name="T2320"/><temp name="T2326"/><temp name="T2154"/><temp name="T2310"/><temp name="T2230"/><temp name="T2082"/><temp name="T2070"/><temp name="T2213"/><temp name="T2249"/><temp name="T2281"/><temp name="T2103"/><temp name="T2251"/><temp name="T2202"/><temp name="T2244"/><temp name="T728"/><temp name="T2314"/><temp name="T2185"/><temp name="T2191"/><temp name="T2161"/><temp name="T2115"/><temp name="T2206"/><temp name="T28"/><temp name="T2096"/><temp name="T2170"/><temp name="T2255"/><temp name="T2088"/><temp name="T2118"/><temp name="T2157"/><temp name="T2228"/><temp name="T2240"/><temp name="T2275"/><temp name="T2135"/><temp name="T2092"/><temp name="T2141"/><temp name="T2234"/><temp name="T2294"/><temp name="T2239"/><temp name="T2287"/><temp name="T727"/><temp name="T2179"/></temps></instruction><instruction code="ADD T2069, T727, T728"><temps name="use"><temp name="T727"/><temp name="T728"/></temps><temps name="def"><temp name="T2069"/></temps><temps name="in"><temp name="T2290"/><temp name="T2263"/><temp name="T2111"/><temp name="T2078"/><temp name="T2149"/><temp name="T2132"/><temp name="T2188"/><temp name="T2124"/><temp name="T2165"/><temp name="T2175"/><temp name="T2197"/><temp name="T2270"/><temp name="T2108"/><temp name="T2277"/><temp name="T2320"/><temp name="T2326"/><temp name="T2154"/><temp name="T2310"/><temp name="T2230"/><temp name="T2082"/><temp name="T2070"/><temp name="T2213"/><temp name="T2249"/><temp name="T2281"/><temp name="T2103"/><temp name="T2251"/><temp name="T2202"/><temp name="T2244"/><temp name="T728"/><temp name="T2314"/><temp name="T2185"/><temp name="T2191"/><temp name="T2161"/><temp name="T2115"/><temp name="T2206"/><temp name="T28"/><temp name="T2096"/><temp name="T2170"/><temp name="T2255"/><temp name="T2088"/><temp name="T2118"/><temp name="T2157"/><temp name="T2228"/><temp name="T2240"/><temp name="T2275"/><temp name="T2135"/><temp name="T2092"/><temp name="T2141"/><temp name="T2234"/><temp name="T2294"/><temp name="T2239"/><temp name="T2287"/><temp name="T727"/><temp name="T2179"/></temps><temps name="out"><temp name="T2290"/><temp name="T2263"/><temp name="T2111"/><temp name="T2078"/><temp name="T2149"/><temp name="T2132"/><temp name="T2188"/><temp name="T2124"/><temp name="T2165"/><temp name="T2175"/><temp name="T2197"/><temp name="T2270"/><temp name="T2108"/><temp name="T2277"/><temp name="T2320"/><temp name="T2326"/><temp name="T2154"/><temp name="T2310"/><temp name="T2230"/><temp name="T2082"/><temp name="T2070"/><temp name="T2213"/><temp name="T2249"/><temp name="T2281"/><temp name="T2103"/><temp name="T2251"/><temp name="T2202"/><temp name="T2244"/><temp name="T2314"/><temp name="T2185"/><temp name="T2191"/><temp name="T2161"/><temp name="T2115"/><temp name="T2206"/><temp name="T28"/><temp name="T2096"/><temp name="T2170"/><temp name="T2255"/><temp name="T2088"/><temp name="T2069"/><temp name="T2118"/><temp name="T2157"/><temp name="T2228"/><temp name="T2240"/><temp name="T2275"/><temp name="T2135"/><temp name="T2092"/><temp name="T2141"/><temp name="T2234"/><temp name="T2294"/><temp name="T2239"/><temp name="T2287"/><temp name="T2179"/></temps></instruction><instruction code="OR T729, T2069, 0"><temps name="use"><temp name="T2069"/></temps><temps name="def"><temp name="T729"/></temps><temps name="in"><temp name="T2290"/><temp name="T2263"/><temp name="T2111"/><temp name="T2078"/><temp name="T2149"/><temp name="T2132"/><temp name="T2188"/><temp name="T2124"/><temp name="T2165"/><temp name="T2175"/><temp name="T2197"/><temp name="T2270"/><temp name="T2108"/><temp name="T2277"/><temp name="T2320"/><temp name="T2326"/><temp name="T2154"/><temp name="T2310"/><temp name="T2230"/><temp name="T2082"/><temp name="T2070"/><temp name="T2213"/><temp name="T2249"/><temp name="T2281"/><temp name="T2103"/><temp name="T2251"/><temp name="T2202"/><temp name="T2244"/><temp name="T2314"/><temp name="T2185"/><temp name="T2191"/><temp name="T2161"/><temp name="T2115"/><temp name="T2206"/><temp name="T28"/><temp name="T2096"/><temp name="T2170"/><temp name="T2255"/><temp name="T2088"/><temp name="T2069"/><temp name="T2118"/><temp name="T2157"/><temp name="T2228"/><temp name="T2240"/><temp name="T2275"/><temp name="T2135"/><temp name="T2092"/><temp name="T2141"/><temp name="T2234"/><temp name="T2294"/><temp name="T2239"/><temp name="T2287"/><temp name="T2179"/></temps><temps name="out"><temp name="T2290"/><temp name="T2263"/><temp name="T2111"/><temp name="T2078"/><temp name="T2149"/><temp name="T2132"/><temp name="T2188"/><temp name="T2124"/><temp name="T2165"/><temp name="T2175"/><temp name="T2197"/><temp name="T2270"/><temp name="T2108"/><temp name="T2277"/><temp name="T2320"/><temp name="T2326"/><temp name="T2154"/><temp name="T2310"/><temp name="T2230"/><temp name="T2082"/><temp name="T2070"/><temp name="T2213"/><temp name="T2249"/><temp name="T2281"/><temp name="T2103"/><temp name="T2251"/><temp name="T2202"/><temp name="T2244"/><temp name="T2314"/><temp name="T2185"/><temp name="T2191"/><temp name="T2161"/><temp name="T2115"/><temp name="T2206"/><temp name="T28"/><temp name="T2096"/><temp name="T2170"/><temp name="T2255"/><temp name="T2088"/><temp name="T2118"/><temp name="T2157"/><temp name="T2228"/><temp name="T2240"/><temp name="T2275"/><temp name="T2135"/><temp name="T2092"/><temp name="T2141"/><temp name="T2234"/><temp name="T2294"/><temp name="T2239"/><temp name="T2287"/><temp name="T2179"/></temps></instruction><instruction code="LDO T2071, T2070, 0"><temps name="use"><temp name="T2070"/></temps><temps name="def"><temp name="T2071"/></temps><temps name="in"><temp name="T2290"/><temp name="T2263"/><temp name="T2111"/><temp name="T2078"/><temp name="T2149"/><temp name="T2132"/><temp name="T2188"/><temp name="T2124"/><temp name="T2165"/><temp name="T2175"/><temp name="T2197"/><temp name="T2270"/><temp name="T2108"/><temp name="T2277"/><temp name="T2320"/><temp name="T2326"/><temp name="T2154"/><temp name="T2310"/><temp name="T2230"/><temp name="T2082"/><temp name="T2070"/><temp name="T2213"/><temp name="T2249"/><temp name="T2281"/><temp name="T2103"/><temp name="T2251"/><temp name="T2202"/><temp name="T2244"/><temp name="T2314"/><temp name="T2185"/><temp name="T2191"/><temp name="T2161"/><temp name="T2115"/><temp name="T2206"/><temp name="T28"/><temp name="T2096"/><temp name="T2170"/><temp name="T2255"/><temp name="T2088"/><temp name="T2118"/><temp name="T2157"/><temp name="T2228"/><temp name="T2240"/><temp name="T2275"/><temp name="T2135"/><temp name="T2092"/><temp name="T2141"/><temp name="T2234"/><temp name="T2294"/><temp name="T2239"/><temp name="T2287"/><temp name="T2179"/></temps><temps name="out"><temp name="T2290"/><temp name="T2263"/><temp name="T2111"/><temp name="T2078"/><temp name="T2149"/><temp name="T2132"/><temp name="T2188"/><temp name="T2124"/><temp name="T2165"/><temp name="T2071"/><temp name="T2175"/><temp name="T2197"/><temp name="T2270"/><temp name="T2108"/><temp name="T2277"/><temp name="T2320"/><temp name="T2326"/><temp name="T2154"/><temp name="T2310"/><temp name="T2230"/><temp name="T2082"/><temp name="T2070"/><temp name="T2213"/><temp name="T2249"/><temp name="T2281"/><temp name="T2103"/><temp name="T2251"/><temp name="T2202"/><temp name="T2244"/><temp name="T2314"/><temp name="T2185"/><temp name="T2191"/><temp name="T2161"/><temp name="T2115"/><temp name="T2206"/><temp name="T28"/><temp name="T2096"/><temp name="T2170"/><temp name="T2255"/><temp name="T2088"/><temp name="T2118"/><temp name="T2157"/><temp name="T2228"/><temp name="T2240"/><temp name="T2275"/><temp name="T2135"/><temp name="T2092"/><temp name="T2141"/><temp name="T2234"/><temp name="T2294"/><temp name="T2239"/><temp name="T2287"/><temp name="T2179"/></temps></instruction><instruction code="OR T730, T2071, 0"><temps name="use"><temp name="T2071"/></temps><temps name="def"><temp name="T730"/></temps><temps name="in"><temp name="T2290"/><temp name="T2263"/><temp name="T2111"/><temp name="T2078"/><temp name="T2149"/><temp name="T2132"/><temp name="T2188"/><temp name="T2124"/><temp name="T2165"/><temp name="T2071"/><temp name="T2175"/><temp name="T2197"/><temp name="T2270"/><temp name="T2108"/><temp name="T2277"/><temp name="T2320"/><temp name="T2326"/><temp name="T2154"/><temp name="T2310"/><temp name="T2230"/><temp name="T2082"/><temp name="T2070"/><temp name="T2213"/><temp name="T2249"/><temp name="T2281"/><temp name="T2103"/><temp name="T2251"/><temp name="T2202"/><temp name="T2244"/><temp name="T2314"/><temp name="T2185"/><temp name="T2191"/><temp name="T2161"/><temp name="T2115"/><temp name="T2206"/><temp name="T28"/><temp name="T2096"/><temp name="T2170"/><temp name="T2255"/><temp name="T2088"/><temp name="T2118"/><temp name="T2157"/><temp name="T2228"/><temp name="T2240"/><temp name="T2275"/><temp name="T2135"/><temp name="T2092"/><temp name="T2141"/><temp name="T2234"/><temp name="T2294"/><temp name="T2239"/><temp name="T2287"/><temp name="T2179"/></temps><temps name="out"><temp name="T2290"/><temp name="T2263"/><temp name="T2111"/><temp name="T2078"/><temp name="T2149"/><temp name="T2132"/><temp name="T2188"/><temp name="T2124"/><temp name="T2165"/><temp name="T2175"/><temp name="T2197"/><temp name="T2270"/><temp name="T2108"/><temp name="T2277"/><temp name="T2320"/><temp name="T2326"/><temp name="T2154"/><temp name="T2310"/><temp name="T2230"/><temp name="T730"/><temp name="T2082"/><temp name="T2070"/><temp name="T2213"/><temp name="T2249"/><temp name="T2281"/><temp name="T2103"/><temp name="T2251"/><temp name="T2202"/><temp name="T2244"/><temp name="T2314"/><temp name="T2185"/><temp name="T2191"/><temp name="T2161"/><temp name="T2115"/><temp name="T2206"/><temp name="T28"/><temp name="T2096"/><temp name="T2170"/><temp name="T2255"/><temp name="T2088"/><temp name="T2118"/><temp name="T2157"/><temp name="T2228"/><temp name="T2240"/><temp name="T2275"/><temp name="T2135"/><temp name="T2092"/><temp name="T2141"/><temp name="T2234"/><temp name="T2294"/><temp name="T2239"/><temp name="T2287"/><temp name="T2179"/></temps></instruction><instruction code="SETL  T2072, 9"><temps name="use"/><temps name="def"><temp name="T2072"/></temps><temps name="in"><temp name="T2290"/><temp name="T2263"/><temp name="T2111"/><temp name="T2078"/><temp name="T2149"/><temp name="T2132"/><temp name="T2188"/><temp name="T2124"/><temp name="T2165"/><temp name="T2175"/><temp name="T2197"/><temp name="T2270"/><temp name="T2108"/><temp name="T2277"/><temp name="T2320"/><temp name="T2326"/><temp name="T2154"/><temp name="T2310"/><temp name="T2230"/><temp name="T730"/><temp name="T2082"/><temp name="T2070"/><temp name="T2213"/><temp name="T2249"/><temp name="T2281"/><temp name="T2103"/><temp name="T2251"/><temp name="T2202"/><temp name="T2244"/><temp name="T2314"/><temp name="T2185"/><temp name="T2191"/><temp name="T2161"/><temp name="T2115"/><temp name="T2206"/><temp name="T28"/><temp name="T2096"/><temp name="T2170"/><temp name="T2255"/><temp name="T2088"/><temp name="T2118"/><temp name="T2157"/><temp name="T2228"/><temp name="T2240"/><temp name="T2275"/><temp name="T2135"/><temp name="T2092"/><temp name="T2141"/><temp name="T2234"/><temp name="T2294"/><temp name="T2239"/><temp name="T2287"/><temp name="T2179"/></temps><temps name="out"><temp name="T2290"/><temp name="T2263"/><temp name="T2111"/><temp name="T2078"/><temp name="T2149"/><temp name="T2132"/><temp name="T2188"/><temp name="T2124"/><temp name="T2165"/><temp name="T2175"/><temp name="T2197"/><temp name="T2270"/><temp name="T2108"/><temp name="T2277"/><temp name="T2320"/><temp name="T2326"/><temp name="T2154"/><temp name="T2310"/><temp name="T2230"/><temp name="T730"/><temp name="T2082"/><temp name="T2070"/><temp name="T2213"/><temp name="T2249"/><temp name="T2281"/><temp name="T2103"/><temp name="T2251"/><temp name="T2202"/><temp name="T2244"/><temp name="T2314"/><temp name="T2185"/><temp name="T2191"/><temp name="T2161"/><temp name="T2115"/><temp name="T2206"/><temp name="T28"/><temp name="T2096"/><temp name="T2170"/><temp name="T2255"/><temp name="T2088"/><temp name="T2118"/><temp name="T2157"/><temp name="T2228"/><temp name="T2240"/><temp name="T2275"/><temp name="T2135"/><temp name="T2092"/><temp name="T2141"/><temp name="T2234"/><temp name="T2294"/><temp name="T2239"/><temp name="T2287"/><temp name="T2179"/></temps></instruction><instruction code="INCML T2072, 0"><temps name="use"/><temps name="def"><temp name="T2072"/></temps><temps name="in"><temp name="T2290"/><temp name="T2263"/><temp name="T2111"/><temp name="T2078"/><temp name="T2149"/><temp name="T2132"/><temp name="T2188"/><temp name="T2124"/><temp name="T2165"/><temp name="T2175"/><temp name="T2197"/><temp name="T2270"/><temp name="T2108"/><temp name="T2277"/><temp name="T2320"/><temp name="T2326"/><temp name="T2154"/><temp name="T2310"/><temp name="T2230"/><temp name="T730"/><temp name="T2082"/><temp name="T2070"/><temp name="T2213"/><temp name="T2249"/><temp name="T2281"/><temp name="T2103"/><temp name="T2251"/><temp name="T2202"/><temp name="T2244"/><temp name="T2314"/><temp name="T2185"/><temp name="T2191"/><temp name="T2161"/><temp name="T2115"/><temp name="T2206"/><temp name="T28"/><temp name="T2096"/><temp name="T2170"/><temp name="T2255"/><temp name="T2088"/><temp name="T2118"/><temp name="T2157"/><temp name="T2228"/><temp name="T2240"/><temp name="T2275"/><temp name="T2135"/><temp name="T2092"/><temp name="T2141"/><temp name="T2234"/><temp name="T2294"/><temp name="T2239"/><temp name="T2287"/><temp name="T2179"/></temps><temps name="out"><temp name="T2290"/><temp name="T2263"/><temp name="T2111"/><temp name="T2078"/><temp name="T2149"/><temp name="T2132"/><temp name="T2188"/><temp name="T2124"/><temp name="T2165"/><temp name="T2175"/><temp name="T2197"/><temp name="T2270"/><temp name="T2108"/><temp name="T2277"/><temp name="T2320"/><temp name="T2326"/><temp name="T2154"/><temp name="T2310"/><temp name="T2230"/><temp name="T730"/><temp name="T2082"/><temp name="T2070"/><temp name="T2213"/><temp name="T2249"/><temp name="T2281"/><temp name="T2103"/><temp name="T2251"/><temp name="T2202"/><temp name="T2244"/><temp name="T2314"/><temp name="T2185"/><temp name="T2191"/><temp name="T2161"/><temp name="T2115"/><temp name="T2206"/><temp name="T28"/><temp name="T2096"/><temp name="T2170"/><temp name="T2255"/><temp name="T2088"/><temp name="T2118"/><temp name="T2157"/><temp name="T2228"/><temp name="T2240"/><temp name="T2275"/><temp name="T2135"/><temp name="T2092"/><temp name="T2141"/><temp name="T2234"/><temp name="T2294"/><temp name="T2239"/><temp name="T2287"/><temp name="T2179"/></temps></instruction><instruction code="INCMH T2072, 0"><temps name="use"/><temps name="def"><temp name="T2072"/></temps><temps name="in"><temp name="T2290"/><temp name="T2263"/><temp name="T2111"/><temp name="T2078"/><temp name="T2149"/><temp name="T2132"/><temp name="T2188"/><temp name="T2124"/><temp name="T2165"/><temp name="T2175"/><temp name="T2197"/><temp name="T2270"/><temp name="T2108"/><temp name="T2277"/><temp name="T2320"/><temp name="T2326"/><temp name="T2154"/><temp name="T2310"/><temp name="T2230"/><temp name="T730"/><temp name="T2082"/><temp name="T2070"/><temp name="T2213"/><temp name="T2249"/><temp name="T2281"/><temp name="T2103"/><temp name="T2251"/><temp name="T2202"/><temp name="T2244"/><temp name="T2314"/><temp name="T2185"/><temp name="T2191"/><temp name="T2161"/><temp name="T2115"/><temp name="T2206"/><temp name="T28"/><temp name="T2096"/><temp name="T2170"/><temp name="T2255"/><temp name="T2088"/><temp name="T2118"/><temp name="T2157"/><temp name="T2228"/><temp name="T2240"/><temp name="T2275"/><temp name="T2135"/><temp name="T2092"/><temp name="T2141"/><temp name="T2234"/><temp name="T2294"/><temp name="T2239"/><temp name="T2287"/><temp name="T2179"/></temps><temps name="out"><temp name="T2290"/><temp name="T2263"/><temp name="T2111"/><temp name="T2078"/><temp name="T2149"/><temp name="T2132"/><temp name="T2188"/><temp name="T2124"/><temp name="T2165"/><temp name="T2175"/><temp name="T2197"/><temp name="T2270"/><temp name="T2108"/><temp name="T2277"/><temp name="T2320"/><temp name="T2326"/><temp name="T2154"/><temp name="T2310"/><temp name="T2230"/><temp name="T730"/><temp name="T2082"/><temp name="T2070"/><temp name="T2213"/><temp name="T2249"/><temp name="T2281"/><temp name="T2103"/><temp name="T2251"/><temp name="T2202"/><temp name="T2244"/><temp name="T2314"/><temp name="T2185"/><temp name="T2191"/><temp name="T2161"/><temp name="T2115"/><temp name="T2206"/><temp name="T28"/><temp name="T2096"/><temp name="T2170"/><temp name="T2255"/><temp name="T2088"/><temp name="T2118"/><temp name="T2157"/><temp name="T2228"/><temp name="T2240"/><temp name="T2275"/><temp name="T2135"/><temp name="T2092"/><temp name="T2141"/><temp name="T2234"/><temp name="T2294"/><temp name="T2239"/><temp name="T2287"/><temp name="T2179"/></temps></instruction><instruction code="INCH  T2072, 0"><temps name="use"/><temps name="def"><temp name="T2072"/></temps><temps name="in"><temp name="T2290"/><temp name="T2263"/><temp name="T2111"/><temp name="T2078"/><temp name="T2149"/><temp name="T2132"/><temp name="T2188"/><temp name="T2124"/><temp name="T2165"/><temp name="T2175"/><temp name="T2197"/><temp name="T2270"/><temp name="T2108"/><temp name="T2277"/><temp name="T2320"/><temp name="T2326"/><temp name="T2154"/><temp name="T2310"/><temp name="T2230"/><temp name="T730"/><temp name="T2082"/><temp name="T2070"/><temp name="T2213"/><temp name="T2249"/><temp name="T2281"/><temp name="T2103"/><temp name="T2251"/><temp name="T2202"/><temp name="T2244"/><temp name="T2314"/><temp name="T2185"/><temp name="T2191"/><temp name="T2161"/><temp name="T2115"/><temp name="T2206"/><temp name="T28"/><temp name="T2096"/><temp name="T2170"/><temp name="T2255"/><temp name="T2088"/><temp name="T2118"/><temp name="T2157"/><temp name="T2228"/><temp name="T2240"/><temp name="T2275"/><temp name="T2135"/><temp name="T2092"/><temp name="T2141"/><temp name="T2234"/><temp name="T2294"/><temp name="T2239"/><temp name="T2287"/><temp name="T2179"/></temps><temps name="out"><temp name="T2290"/><temp name="T2263"/><temp name="T2111"/><temp name="T2078"/><temp name="T2149"/><temp name="T2132"/><temp name="T2188"/><temp name="T2124"/><temp name="T2165"/><temp name="T2175"/><temp name="T2197"/><temp name="T2270"/><temp name="T2108"/><temp name="T2277"/><temp name="T2320"/><temp name="T2326"/><temp name="T2154"/><temp name="T2310"/><temp name="T2230"/><temp name="T730"/><temp name="T2082"/><temp name="T2070"/><temp name="T2213"/><temp name="T2249"/><temp name="T2281"/><temp name="T2072"/><temp name="T2103"/><temp name="T2251"/><temp name="T2202"/><temp name="T2244"/><temp name="T2314"/><temp name="T2185"/><temp name="T2191"/><temp name="T2161"/><temp name="T2115"/><temp name="T2206"/><temp name="T28"/><temp name="T2096"/><temp name="T2170"/><temp name="T2255"/><temp name="T2088"/><temp name="T2118"/><temp name="T2157"/><temp name="T2228"/><temp name="T2240"/><temp name="T2275"/><temp name="T2135"/><temp name="T2092"/><temp name="T2141"/><temp name="T2234"/><temp name="T2294"/><temp name="T2239"/><temp name="T2287"/><temp name="T2179"/></temps></instruction><instruction code="OR T731, T2072, 0"><temps name="use"><temp name="T2072"/></temps><temps name="def"><temp name="T731"/></temps><temps name="in"><temp name="T2290"/><temp name="T2263"/><temp name="T2111"/><temp name="T2078"/><temp name="T2149"/><temp name="T2132"/><temp name="T2188"/><temp name="T2124"/><temp name="T2165"/><temp name="T2175"/><temp name="T2197"/><temp name="T2270"/><temp name="T2108"/><temp name="T2277"/><temp name="T2320"/><temp name="T2326"/><temp name="T2154"/><temp name="T2310"/><temp name="T2230"/><temp name="T730"/><temp name="T2082"/><temp name="T2070"/><temp name="T2213"/><temp name="T2249"/><temp name="T2281"/><temp name="T2072"/><temp name="T2103"/><temp name="T2251"/><temp name="T2202"/><temp name="T2244"/><temp name="T2314"/><temp name="T2185"/><temp name="T2191"/><temp name="T2161"/><temp name="T2115"/><temp name="T2206"/><temp name="T28"/><temp name="T2096"/><temp name="T2170"/><temp name="T2255"/><temp name="T2088"/><temp name="T2118"/><temp name="T2157"/><temp name="T2228"/><temp name="T2240"/><temp name="T2275"/><temp name="T2135"/><temp name="T2092"/><temp name="T2141"/><temp name="T2234"/><temp name="T2294"/><temp name="T2239"/><temp name="T2287"/><temp name="T2179"/></temps><temps name="out"><temp name="T2290"/><temp name="T2263"/><temp name="T2111"/><temp name="T2078"/><temp name="T2149"/><temp name="T2132"/><temp name="T2188"/><temp name="T2124"/><temp name="T2165"/><temp name="T2175"/><temp name="T2197"/><temp name="T2270"/><temp name="T2108"/><temp name="T2277"/><temp name="T2320"/><temp name="T2326"/><temp name="T731"/><temp name="T2154"/><temp name="T2310"/><temp name="T2230"/><temp name="T730"/><temp name="T2082"/><temp name="T2070"/><temp name="T2213"/><temp name="T2249"/><temp name="T2281"/><temp name="T2103"/><temp name="T2251"/><temp name="T2202"/><temp name="T2244"/><temp name="T2314"/><temp name="T2185"/><temp name="T2191"/><temp name="T2161"/><temp name="T2115"/><temp name="T2206"/><temp name="T28"/><temp name="T2096"/><temp name="T2170"/><temp name="T2255"/><temp name="T2088"/><temp name="T2118"/><temp name="T2157"/><temp name="T2228"/><temp name="T2240"/><temp name="T2275"/><temp name="T2135"/><temp name="T2092"/><temp name="T2141"/><temp name="T2234"/><temp name="T2294"/><temp name="T2239"/><temp name="T2287"/><temp name="T2179"/></temps></instruction><instruction code="CMP T2073, T730, T731"><temps name="use"><temp name="T730"/><temp name="T731"/></temps><temps name="def"><temp name="T2073"/></temps><temps name="in"><temp name="T2290"/><temp name="T2263"/><temp name="T2111"/><temp name="T2078"/><temp name="T2149"/><temp name="T2132"/><temp name="T2188"/><temp name="T2124"/><temp name="T2165"/><temp name="T2175"/><temp name="T2197"/><temp name="T2270"/><temp name="T2108"/><temp name="T2277"/><temp name="T2320"/><temp name="T2326"/><temp name="T731"/><temp name="T2154"/><temp name="T2310"/><temp name="T2230"/><temp name="T730"/><temp name="T2082"/><temp name="T2070"/><temp name="T2213"/><temp name="T2249"/><temp name="T2281"/><temp name="T2103"/><temp name="T2251"/><temp name="T2202"/><temp name="T2244"/><temp name="T2314"/><temp name="T2185"/><temp name="T2191"/><temp name="T2161"/><temp name="T2115"/><temp name="T2206"/><temp name="T28"/><temp name="T2096"/><temp name="T2170"/><temp name="T2255"/><temp name="T2088"/><temp name="T2118"/><temp name="T2157"/><temp name="T2228"/><temp name="T2240"/><temp name="T2275"/><temp name="T2135"/><temp name="T2092"/><temp name="T2141"/><temp name="T2234"/><temp name="T2294"/><temp name="T2239"/><temp name="T2287"/><temp name="T2179"/></temps><temps name="out"><temp name="T2290"/><temp name="T2263"/><temp name="T2111"/><temp name="T2078"/><temp name="T2149"/><temp name="T2132"/><temp name="T2188"/><temp name="T2124"/><temp name="T2165"/><temp name="T2175"/><temp name="T2197"/><temp name="T2270"/><temp name="T2108"/><temp name="T2277"/><temp name="T2320"/><temp name="T2326"/><temp name="T2154"/><temp name="T2310"/><temp name="T2230"/><temp name="T2082"/><temp name="T2070"/><temp name="T2213"/><temp name="T2249"/><temp name="T2281"/><temp name="T2103"/><temp name="T2251"/><temp name="T2202"/><temp name="T2244"/><temp name="T2314"/><temp name="T2185"/><temp name="T2191"/><temp name="T2161"/><temp name="T2115"/><temp name="T2206"/><temp name="T28"/><temp name="T2096"/><temp name="T2170"/><temp name="T2255"/><temp name="T2088"/><temp name="T2118"/><temp name="T2157"/><temp name="T2228"/><temp name="T2240"/><temp name="T2275"/><temp name="T2073"/><temp name="T2135"/><temp name="T2092"/><temp name="T2141"/><temp name="T2234"/><temp name="T2294"/><temp name="T2239"/><temp name="T2287"/><temp name="T2179"/></temps></instruction><instruction code="ZSN T2073, T2073, 1"><temps name="use"><temp name="T2073"/></temps><temps name="def"><temp name="T2073"/></temps><temps name="in"><temp name="T2290"/><temp name="T2263"/><temp name="T2111"/><temp name="T2078"/><temp name="T2149"/><temp name="T2132"/><temp name="T2188"/><temp name="T2124"/><temp name="T2165"/><temp name="T2175"/><temp name="T2197"/><temp name="T2270"/><temp name="T2108"/><temp name="T2277"/><temp name="T2320"/><temp name="T2326"/><temp name="T2154"/><temp name="T2310"/><temp name="T2230"/><temp name="T2082"/><temp name="T2070"/><temp name="T2213"/><temp name="T2249"/><temp name="T2281"/><temp name="T2103"/><temp name="T2251"/><temp name="T2202"/><temp name="T2244"/><temp name="T2314"/><temp name="T2185"/><temp name="T2191"/><temp name="T2161"/><temp name="T2115"/><temp name="T2206"/><temp name="T28"/><temp name="T2096"/><temp name="T2170"/><temp name="T2255"/><temp name="T2088"/><temp name="T2118"/><temp name="T2157"/><temp name="T2228"/><temp name="T2240"/><temp name="T2275"/><temp name="T2073"/><temp name="T2135"/><temp name="T2092"/><temp name="T2141"/><temp name="T2234"/><temp name="T2294"/><temp name="T2239"/><temp name="T2287"/><temp name="T2179"/></temps><temps name="out"><temp name="T2290"/><temp name="T2263"/><temp name="T2111"/><temp name="T2078"/><temp name="T2149"/><temp name="T2132"/><temp name="T2188"/><temp name="T2124"/><temp name="T2165"/><temp name="T2175"/><temp name="T2197"/><temp name="T2270"/><temp name="T2108"/><temp name="T2277"/><temp name="T2320"/><temp name="T2326"/><temp name="T2154"/><temp name="T2310"/><temp name="T2230"/><temp name="T2082"/><temp name="T2070"/><temp name="T2213"/><temp name="T2249"/><temp name="T2281"/><temp name="T2103"/><temp name="T2251"/><temp name="T2202"/><temp name="T2244"/><temp name="T2314"/><temp name="T2185"/><temp name="T2191"/><temp name="T2161"/><temp name="T2115"/><temp name="T2206"/><temp name="T28"/><temp name="T2096"/><temp name="T2170"/><temp name="T2255"/><temp name="T2088"/><temp name="T2118"/><temp name="T2157"/><temp name="T2228"/><temp name="T2240"/><temp name="T2275"/><temp name="T2073"/><temp name="T2135"/><temp name="T2092"/><temp name="T2141"/><temp name="T2234"/><temp name="T2294"/><temp name="T2239"/><temp name="T2287"/><temp name="T2179"/></temps></instruction><instruction code="OR T732, T2073, 0"><temps name="use"><temp name="T2073"/></temps><temps name="def"><temp name="T732"/></temps><temps name="in"><temp name="T2290"/><temp name="T2263"/><temp name="T2111"/><temp name="T2078"/><temp name="T2149"/><temp name="T2132"/><temp name="T2188"/><temp name="T2124"/><temp name="T2165"/><temp name="T2175"/><temp name="T2197"/><temp name="T2270"/><temp name="T2108"/><temp name="T2277"/><temp name="T2320"/><temp name="T2326"/><temp name="T2154"/><temp name="T2310"/><temp name="T2230"/><temp name="T2082"/><temp name="T2070"/><temp name="T2213"/><temp name="T2249"/><temp name="T2281"/><temp name="T2103"/><temp name="T2251"/><temp name="T2202"/><temp name="T2244"/><temp name="T2314"/><temp name="T2185"/><temp name="T2191"/><temp name="T2161"/><temp name="T2115"/><temp name="T2206"/><temp name="T28"/><temp name="T2096"/><temp name="T2170"/><temp name="T2255"/><temp name="T2088"/><temp name="T2118"/><temp name="T2157"/><temp name="T2228"/><temp name="T2240"/><temp name="T2275"/><temp name="T2073"/><temp name="T2135"/><temp name="T2092"/><temp name="T2141"/><temp name="T2234"/><temp name="T2294"/><temp name="T2239"/><temp name="T2287"/><temp name="T2179"/></temps><temps name="out"><temp name="T2290"/><temp name="T2263"/><temp name="T2111"/><temp name="T2078"/><temp name="T2149"/><temp name="T2132"/><temp name="T2188"/><temp name="T2124"/><temp name="T2165"/><temp name="T2175"/><temp name="T2197"/><temp name="T2270"/><temp name="T2108"/><temp name="T2277"/><temp name="T2320"/><temp name="T2326"/><temp name="T2154"/><temp name="T2310"/><temp name="T2230"/><temp name="T2082"/><temp name="T2070"/><temp name="T2213"/><temp name="T2249"/><temp name="T2281"/><temp name="T732"/><temp name="T2103"/><temp name="T2251"/><temp name="T2202"/><temp name="T2244"/><temp name="T2314"/><temp name="T2185"/><temp name="T2191"/><temp name="T2161"/><temp name="T2115"/><temp name="T2206"/><temp name="T28"/><temp name="T2096"/><temp name="T2170"/><temp name="T2255"/><temp name="T2088"/><temp name="T2118"/><temp name="T2157"/><temp name="T2228"/><temp name="T2240"/><temp name="T2275"/><temp name="T2135"/><temp name="T2092"/><temp name="T2141"/><temp name="T2234"/><temp name="T2294"/><temp name="T2239"/><temp name="T2287"/><temp name="T2179"/></temps></instruction><instruction code="BNZ T732, L90"><temps name="use"><temp name="T732"/></temps><temps name="def"/><temps name="in"><temp name="T2290"/><temp name="T2263"/><temp name="T2111"/><temp name="T2078"/><temp name="T2149"/><temp name="T2132"/><temp name="T2188"/><temp name="T2124"/><temp name="T2165"/><temp name="T2175"/><temp name="T2197"/><temp name="T2270"/><temp name="T2108"/><temp name="T2277"/><temp name="T2320"/><temp name="T2326"/><temp name="T2154"/><temp name="T2310"/><temp name="T2230"/><temp name="T2082"/><temp name="T2070"/><temp name="T2213"/><temp name="T2249"/><temp name="T2281"/><temp name="T732"/><temp name="T2103"/><temp name="T2251"/><temp name="T2202"/><temp name="T2244"/><temp name="T2314"/><temp name="T2185"/><temp name="T2191"/><temp name="T2161"/><temp name="T2115"/><temp name="T2206"/><temp name="T28"/><temp name="T2096"/><temp name="T2170"/><temp name="T2255"/><temp name="T2088"/><temp name="T2118"/><temp name="T2157"/><temp name="T2228"/><temp name="T2240"/><temp name="T2275"/><temp name="T2135"/><temp name="T2092"/><temp name="T2141"/><temp name="T2234"/><temp name="T2294"/><temp name="T2239"/><temp name="T2287"/><temp name="T2179"/></temps><temps name="out"><temp name="T2290"/><temp name="T2263"/><temp name="T2111"/><temp name="T2078"/><temp name="T2149"/><temp name="T2132"/><temp name="T2188"/><temp name="T2124"/><temp name="T2165"/><temp name="T2175"/><temp name="T2197"/><temp name="T2270"/><temp name="T2108"/><temp name="T2277"/><temp name="T2320"/><temp name="T2326"/><temp name="T2154"/><temp name="T2310"/><temp name="T2230"/><temp name="T2082"/><temp name="T2070"/><temp name="T2213"/><temp name="T2249"/><temp name="T2281"/><temp name="T2103"/><temp name="T2251"/><temp name="T2202"/><temp name="T2244"/><temp name="T2314"/><temp name="T2185"/><temp name="T2191"/><temp name="T2161"/><temp name="T2115"/><temp name="T2206"/><temp name="T28"/><temp name="T2096"/><temp name="T2170"/><temp name="T2255"/><temp name="T2088"/><temp name="T2118"/><temp name="T2157"/><temp name="T2228"/><temp name="T2240"/><temp name="T2275"/><temp name="T2135"/><temp name="T2092"/><temp name="T2141"/><temp name="T2234"/><temp name="T2294"/><temp name="T2239"/><temp name="T2287"/><temp name="T2179"/></temps></instruction><instruction code="L152"><temps name="use"/><temps name="def"/><temps name="in"><temp name="T2290"/><temp name="T2263"/><temp name="T2111"/><temp name="T2078"/><temp name="T2149"/><temp name="T2132"/><temp name="T2188"/><temp name="T2124"/><temp name="T2165"/><temp name="T2175"/><temp name="T2197"/><temp name="T2270"/><temp name="T2108"/><temp name="T2277"/><temp name="T2320"/><temp name="T2326"/><temp name="T2154"/><temp name="T2310"/><temp name="T2230"/><temp name="T2082"/><temp name="T2070"/><temp name="T2213"/><temp name="T2249"/><temp name="T2281"/><temp name="T2103"/><temp name="T2251"/><temp name="T2202"/><temp name="T2244"/><temp name="T2314"/><temp name="T2185"/><temp name="T2191"/><temp name="T2161"/><temp name="T2115"/><temp name="T2206"/><temp name="T28"/><temp name="T2096"/><temp name="T2170"/><temp name="T2255"/><temp name="T2088"/><temp name="T2118"/><temp name="T2157"/><temp name="T2228"/><temp name="T2240"/><temp name="T2275"/><temp name="T2135"/><temp name="T2092"/><temp name="T2141"/><temp name="T2234"/><temp name="T2294"/><temp name="T2239"/><temp name="T2287"/><temp name="T2179"/></temps><temps name="out"><temp name="T2290"/><temp name="T2263"/><temp name="T2111"/><temp name="T2078"/><temp name="T2149"/><temp name="T2132"/><temp name="T2188"/><temp name="T2124"/><temp name="T2165"/><temp name="T2175"/><temp name="T2197"/><temp name="T2270"/><temp name="T2108"/><temp name="T2277"/><temp name="T2320"/><temp name="T2326"/><temp name="T2154"/><temp name="T2310"/><temp name="T2230"/><temp name="T2082"/><temp name="T2070"/><temp name="T2213"/><temp name="T2249"/><temp name="T2281"/><temp name="T2103"/><temp name="T2251"/><temp name="T2202"/><temp name="T2244"/><temp name="T2314"/><temp name="T2185"/><temp name="T2191"/><temp name="T2161"/><temp name="T2115"/><temp name="T2206"/><temp name="T28"/><temp name="T2096"/><temp name="T2170"/><temp name="T2255"/><temp name="T2088"/><temp name="T2118"/><temp name="T2157"/><temp name="T2228"/><temp name="T2240"/><temp name="T2275"/><temp name="T2135"/><temp name="T2092"/><temp name="T2141"/><temp name="T2234"/><temp name="T2294"/><temp name="T2239"/><temp name="T2287"/><temp name="T2179"/></temps></instruction><instruction code="LDA T2074, L91"><temps name="use"/><temps name="def"><temp name="T2074"/></temps><temps name="in"><temp name="T2290"/><temp name="T2263"/><temp name="T2111"/><temp name="T2078"/><temp name="T2149"/><temp name="T2132"/><temp name="T2188"/><temp name="T2124"/><temp name="T2165"/><temp name="T2175"/><temp name="T2197"/><temp name="T2270"/><temp name="T2108"/><temp name="T2277"/><temp name="T2320"/><temp name="T2326"/><temp name="T2154"/><temp name="T2310"/><temp name="T2230"/><temp name="T2082"/><temp name="T2070"/><temp name="T2213"/><temp name="T2249"/><temp name="T2281"/><temp name="T2103"/><temp name="T2251"/><temp name="T2202"/><temp name="T2244"/><temp name="T2314"/><temp name="T2185"/><temp name="T2191"/><temp name="T2161"/><temp name="T2115"/><temp name="T2206"/><temp name="T28"/><temp name="T2096"/><temp name="T2170"/><temp name="T2255"/><temp name="T2088"/><temp name="T2118"/><temp name="T2157"/><temp name="T2228"/><temp name="T2240"/><temp name="T2275"/><temp name="T2135"/><temp name="T2092"/><temp name="T2141"/><temp name="T2234"/><temp name="T2294"/><temp name="T2239"/><temp name="T2287"/><temp name="T2179"/></temps><temps name="out"><temp name="T2290"/><temp name="T2263"/><temp name="T2111"/><temp name="T2078"/><temp name="T2149"/><temp name="T2132"/><temp name="T2188"/><temp name="T2124"/><temp name="T2165"/><temp name="T2175"/><temp name="T2197"/><temp name="T2270"/><temp name="T2108"/><temp name="T2277"/><temp name="T2320"/><temp name="T2326"/><temp name="T2154"/><temp name="T2310"/><temp name="T2230"/><temp name="T2082"/><temp name="T2070"/><temp name="T2213"/><temp name="T2249"/><temp name="T2281"/><temp name="T2103"/><temp name="T2251"/><temp name="T2202"/><temp name="T2244"/><temp name="T2314"/><temp name="T2185"/><temp name="T2191"/><temp name="T2161"/><temp name="T2115"/><temp name="T2206"/><temp name="T28"/><temp name="T2096"/><temp name="T2170"/><temp name="T2255"/><temp name="T2088"/><temp name="T2074"/><temp name="T2118"/><temp name="T2157"/><temp name="T2228"/><temp name="T2240"/><temp name="T2275"/><temp name="T2135"/><temp name="T2092"/><temp name="T2141"/><temp name="T2234"/><temp name="T2294"/><temp name="T2239"/><temp name="T2287"/><temp name="T2179"/></temps></instruction><instruction code="GO T2074, T2074, 0"><temps name="use"><temp name="T2074"/></temps><temps name="def"><temp name="T2074"/></temps><temps name="in"><temp name="T2290"/><temp name="T2263"/><temp name="T2111"/><temp name="T2078"/><temp name="T2149"/><temp name="T2132"/><temp name="T2188"/><temp name="T2124"/><temp name="T2165"/><temp name="T2175"/><temp name="T2197"/><temp name="T2270"/><temp name="T2108"/><temp name="T2277"/><temp name="T2320"/><temp name="T2326"/><temp name="T2154"/><temp name="T2310"/><temp name="T2230"/><temp name="T2082"/><temp name="T2070"/><temp name="T2213"/><temp name="T2249"/><temp name="T2281"/><temp name="T2103"/><temp name="T2251"/><temp name="T2202"/><temp name="T2244"/><temp name="T2314"/><temp name="T2185"/><temp name="T2191"/><temp name="T2161"/><temp name="T2115"/><temp name="T2206"/><temp name="T28"/><temp name="T2096"/><temp name="T2170"/><temp name="T2255"/><temp name="T2088"/><temp name="T2074"/><temp name="T2118"/><temp name="T2157"/><temp name="T2228"/><temp name="T2240"/><temp name="T2275"/><temp name="T2135"/><temp name="T2092"/><temp name="T2141"/><temp name="T2234"/><temp name="T2294"/><temp name="T2239"/><temp name="T2287"/><temp name="T2179"/></temps><temps name="out"><temp name="T2290"/><temp name="T2263"/><temp name="T2111"/><temp name="T2078"/><temp name="T2149"/><temp name="T2132"/><temp name="T2188"/><temp name="T2124"/><temp name="T2165"/><temp name="T2175"/><temp name="T2197"/><temp name="T2270"/><temp name="T2108"/><temp name="T2277"/><temp name="T2320"/><temp name="T2326"/><temp name="T2154"/><temp name="T2310"/><temp name="T2230"/><temp name="T2082"/><temp name="T2070"/><temp name="T2213"/><temp name="T2249"/><temp name="T2281"/><temp name="T2103"/><temp name="T2251"/><temp name="T2202"/><temp name="T2244"/><temp name="T2314"/><temp name="T2185"/><temp name="T2191"/><temp name="T2161"/><temp name="T2115"/><temp name="T2206"/><temp name="T28"/><temp name="T2096"/><temp name="T2170"/><temp name="T2255"/><temp name="T2088"/><temp name="T2118"/><temp name="T2157"/><temp name="T2228"/><temp name="T2240"/><temp name="T2275"/><temp name="T2135"/><temp name="T2092"/><temp name="T2141"/><temp name="T2234"/><temp name="T2294"/><temp name="T2239"/><temp name="T2287"/><temp name="T2179"/></temps></instruction><instruction code="L90"><temps name="use"/><temps name="def"/><temps name="in"><temp name="T2290"/><temp name="T2263"/><temp name="T2111"/><temp name="T2078"/><temp name="T2149"/><temp name="T2132"/><temp name="T2188"/><temp name="T2124"/><temp name="T2165"/><temp name="T2175"/><temp name="T2197"/><temp name="T2270"/><temp name="T2108"/><temp name="T2277"/><temp name="T2320"/><temp name="T2326"/><temp name="T2154"/><temp name="T2310"/><temp name="T2230"/><temp name="T2082"/><temp name="T2070"/><temp name="T2213"/><temp name="T2249"/><temp name="T2281"/><temp name="T2103"/><temp name="T2251"/><temp name="T2202"/><temp name="T2244"/><temp name="T2314"/><temp name="T2185"/><temp name="T2191"/><temp name="T2161"/><temp name="T2115"/><temp name="T2206"/><temp name="T28"/><temp name="T2096"/><temp name="T2170"/><temp name="T2255"/><temp name="T2088"/><temp name="T2118"/><temp name="T2157"/><temp name="T2228"/><temp name="T2240"/><temp name="T2275"/><temp name="T2135"/><temp name="T2092"/><temp name="T2141"/><temp name="T2234"/><temp name="T2294"/><temp name="T2239"/><temp name="T2287"/><temp name="T2179"/></temps><temps name="out"><temp name="T2290"/><temp name="T2263"/><temp name="T2111"/><temp name="T2078"/><temp name="T2149"/><temp name="T2132"/><temp name="T2188"/><temp name="T2124"/><temp name="T2165"/><temp name="T2175"/><temp name="T2197"/><temp name="T2270"/><temp name="T2108"/><temp name="T2277"/><temp name="T2320"/><temp name="T2326"/><temp name="T2154"/><temp name="T2310"/><temp name="T2230"/><temp name="T2082"/><temp name="T2070"/><temp name="T2213"/><temp name="T2249"/><temp name="T2281"/><temp name="T2103"/><temp name="T2251"/><temp name="T2202"/><temp name="T2244"/><temp name="T2314"/><temp name="T2185"/><temp name="T2191"/><temp name="T2161"/><temp name="T2115"/><temp name="T2206"/><temp name="T28"/><temp name="T2096"/><temp name="T2170"/><temp name="T2255"/><temp name="T2088"/><temp name="T2118"/><temp name="T2157"/><temp name="T2228"/><temp name="T2240"/><temp name="T2275"/><temp name="T2135"/><temp name="T2092"/><temp name="T2141"/><temp name="T2234"/><temp name="T2294"/><temp name="T2239"/><temp name="T2287"/><temp name="T2179"/></temps></instruction><instruction code="SETL  T2075, 0"><temps name="use"/><temps name="def"><temp name="T2075"/></temps><temps name="in"><temp name="T2290"/><temp name="T2263"/><temp name="T2111"/><temp name="T2078"/><temp name="T2149"/><temp name="T2132"/><temp name="T2188"/><temp name="T2124"/><temp name="T2165"/><temp name="T2175"/><temp name="T2197"/><temp name="T2270"/><temp name="T2108"/><temp name="T2277"/><temp name="T2320"/><temp name="T2326"/><temp name="T2154"/><temp name="T2310"/><temp name="T2230"/><temp name="T2082"/><temp name="T2070"/><temp name="T2213"/><temp name="T2249"/><temp name="T2281"/><temp name="T2103"/><temp name="T2251"/><temp name="T2202"/><temp name="T2244"/><temp name="T2314"/><temp name="T2185"/><temp name="T2191"/><temp name="T2161"/><temp name="T2115"/><temp name="T2206"/><temp name="T28"/><temp name="T2096"/><temp name="T2170"/><temp name="T2255"/><temp name="T2088"/><temp name="T2118"/><temp name="T2157"/><temp name="T2228"/><temp name="T2240"/><temp name="T2275"/><temp name="T2135"/><temp name="T2092"/><temp name="T2141"/><temp name="T2234"/><temp name="T2294"/><temp name="T2239"/><temp name="T2287"/><temp name="T2179"/></temps><temps name="out"><temp name="T2290"/><temp name="T2263"/><temp name="T2111"/><temp name="T2078"/><temp name="T2149"/><temp name="T2132"/><temp name="T2188"/><temp name="T2124"/><temp name="T2165"/><temp name="T2175"/><temp name="T2197"/><temp name="T2270"/><temp name="T2108"/><temp name="T2277"/><temp name="T2320"/><temp name="T2326"/><temp name="T2154"/><temp name="T2310"/><temp name="T2230"/><temp name="T2082"/><temp name="T2070"/><temp name="T2213"/><temp name="T2249"/><temp name="T2281"/><temp name="T2103"/><temp name="T2251"/><temp name="T2202"/><temp name="T2244"/><temp name="T2314"/><temp name="T2185"/><temp name="T2191"/><temp name="T2161"/><temp name="T2115"/><temp name="T2206"/><temp name="T28"/><temp name="T2096"/><temp name="T2170"/><temp name="T2255"/><temp name="T2088"/><temp name="T2118"/><temp name="T2157"/><temp name="T2228"/><temp name="T2240"/><temp name="T2275"/><temp name="T2135"/><temp name="T2092"/><temp name="T2141"/><temp name="T2234"/><temp name="T2294"/><temp name="T2239"/><temp name="T2287"/><temp name="T2179"/></temps></instruction><instruction code="INCML T2075, 0"><temps name="use"/><temps name="def"><temp name="T2075"/></temps><temps name="in"><temp name="T2290"/><temp name="T2263"/><temp name="T2111"/><temp name="T2078"/><temp name="T2149"/><temp name="T2132"/><temp name="T2188"/><temp name="T2124"/><temp name="T2165"/><temp name="T2175"/><temp name="T2197"/><temp name="T2270"/><temp name="T2108"/><temp name="T2277"/><temp name="T2320"/><temp name="T2326"/><temp name="T2154"/><temp name="T2310"/><temp name="T2230"/><temp name="T2082"/><temp name="T2070"/><temp name="T2213"/><temp name="T2249"/><temp name="T2281"/><temp name="T2103"/><temp name="T2251"/><temp name="T2202"/><temp name="T2244"/><temp name="T2314"/><temp name="T2185"/><temp name="T2191"/><temp name="T2161"/><temp name="T2115"/><temp name="T2206"/><temp name="T28"/><temp name="T2096"/><temp name="T2170"/><temp name="T2255"/><temp name="T2088"/><temp name="T2118"/><temp name="T2157"/><temp name="T2228"/><temp name="T2240"/><temp name="T2275"/><temp name="T2135"/><temp name="T2092"/><temp name="T2141"/><temp name="T2234"/><temp name="T2294"/><temp name="T2239"/><temp name="T2287"/><temp name="T2179"/></temps><temps name="out"><temp name="T2290"/><temp name="T2263"/><temp name="T2111"/><temp name="T2078"/><temp name="T2149"/><temp name="T2132"/><temp name="T2188"/><temp name="T2124"/><temp name="T2165"/><temp name="T2175"/><temp name="T2197"/><temp name="T2270"/><temp name="T2108"/><temp name="T2277"/><temp name="T2320"/><temp name="T2326"/><temp name="T2154"/><temp name="T2310"/><temp name="T2230"/><temp name="T2082"/><temp name="T2070"/><temp name="T2213"/><temp name="T2249"/><temp name="T2281"/><temp name="T2103"/><temp name="T2251"/><temp name="T2202"/><temp name="T2244"/><temp name="T2314"/><temp name="T2185"/><temp name="T2191"/><temp name="T2161"/><temp name="T2115"/><temp name="T2206"/><temp name="T28"/><temp name="T2096"/><temp name="T2170"/><temp name="T2255"/><temp name="T2088"/><temp name="T2118"/><temp name="T2157"/><temp name="T2228"/><temp name="T2240"/><temp name="T2275"/><temp name="T2135"/><temp name="T2092"/><temp name="T2141"/><temp name="T2234"/><temp name="T2294"/><temp name="T2239"/><temp name="T2287"/><temp name="T2179"/></temps></instruction><instruction code="INCMH T2075, 0"><temps name="use"/><temps name="def"><temp name="T2075"/></temps><temps name="in"><temp name="T2290"/><temp name="T2263"/><temp name="T2111"/><temp name="T2078"/><temp name="T2149"/><temp name="T2132"/><temp name="T2188"/><temp name="T2124"/><temp name="T2165"/><temp name="T2175"/><temp name="T2197"/><temp name="T2270"/><temp name="T2108"/><temp name="T2277"/><temp name="T2320"/><temp name="T2326"/><temp name="T2154"/><temp name="T2310"/><temp name="T2230"/><temp name="T2082"/><temp name="T2070"/><temp name="T2213"/><temp name="T2249"/><temp name="T2281"/><temp name="T2103"/><temp name="T2251"/><temp name="T2202"/><temp name="T2244"/><temp name="T2314"/><temp name="T2185"/><temp name="T2191"/><temp name="T2161"/><temp name="T2115"/><temp name="T2206"/><temp name="T28"/><temp name="T2096"/><temp name="T2170"/><temp name="T2255"/><temp name="T2088"/><temp name="T2118"/><temp name="T2157"/><temp name="T2228"/><temp name="T2240"/><temp name="T2275"/><temp name="T2135"/><temp name="T2092"/><temp name="T2141"/><temp name="T2234"/><temp name="T2294"/><temp name="T2239"/><temp name="T2287"/><temp name="T2179"/></temps><temps name="out"><temp name="T2290"/><temp name="T2263"/><temp name="T2111"/><temp name="T2078"/><temp name="T2149"/><temp name="T2132"/><temp name="T2188"/><temp name="T2124"/><temp name="T2165"/><temp name="T2175"/><temp name="T2197"/><temp name="T2270"/><temp name="T2108"/><temp name="T2277"/><temp name="T2320"/><temp name="T2326"/><temp name="T2154"/><temp name="T2310"/><temp name="T2230"/><temp name="T2082"/><temp name="T2070"/><temp name="T2213"/><temp name="T2249"/><temp name="T2281"/><temp name="T2103"/><temp name="T2251"/><temp name="T2202"/><temp name="T2244"/><temp name="T2314"/><temp name="T2185"/><temp name="T2191"/><temp name="T2161"/><temp name="T2115"/><temp name="T2206"/><temp name="T28"/><temp name="T2096"/><temp name="T2170"/><temp name="T2255"/><temp name="T2088"/><temp name="T2118"/><temp name="T2157"/><temp name="T2228"/><temp name="T2240"/><temp name="T2275"/><temp name="T2135"/><temp name="T2092"/><temp name="T2141"/><temp name="T2234"/><temp name="T2294"/><temp name="T2239"/><temp name="T2287"/><temp name="T2179"/></temps></instruction><instruction code="INCH  T2075, 0"><temps name="use"/><temps name="def"><temp name="T2075"/></temps><temps name="in"><temp name="T2290"/><temp name="T2263"/><temp name="T2111"/><temp name="T2078"/><temp name="T2149"/><temp name="T2132"/><temp name="T2188"/><temp name="T2124"/><temp name="T2165"/><temp name="T2175"/><temp name="T2197"/><temp name="T2270"/><temp name="T2108"/><temp name="T2277"/><temp name="T2320"/><temp name="T2326"/><temp name="T2154"/><temp name="T2310"/><temp name="T2230"/><temp name="T2082"/><temp name="T2070"/><temp name="T2213"/><temp name="T2249"/><temp name="T2281"/><temp name="T2103"/><temp name="T2251"/><temp name="T2202"/><temp name="T2244"/><temp name="T2314"/><temp name="T2185"/><temp name="T2191"/><temp name="T2161"/><temp name="T2115"/><temp name="T2206"/><temp name="T28"/><temp name="T2096"/><temp name="T2170"/><temp name="T2255"/><temp name="T2088"/><temp name="T2118"/><temp name="T2157"/><temp name="T2228"/><temp name="T2240"/><temp name="T2275"/><temp name="T2135"/><temp name="T2092"/><temp name="T2141"/><temp name="T2234"/><temp name="T2294"/><temp name="T2239"/><temp name="T2287"/><temp name="T2179"/></temps><temps name="out"><temp name="T2290"/><temp name="T2263"/><temp name="T2111"/><temp name="T2078"/><temp name="T2149"/><temp name="T2132"/><temp name="T2188"/><temp name="T2124"/><temp name="T2165"/><temp name="T2175"/><temp name="T2197"/><temp name="T2270"/><temp name="T2108"/><temp name="T2277"/><temp name="T2320"/><temp name="T2326"/><temp name="T2154"/><temp name="T2310"/><temp name="T2230"/><temp name="T2082"/><temp name="T2070"/><temp name="T2213"/><temp name="T2249"/><temp name="T2281"/><temp name="T2103"/><temp name="T2251"/><temp name="T2202"/><temp name="T2244"/><temp name="T2314"/><temp name="T2185"/><temp name="T2191"/><temp name="T2161"/><temp name="T2115"/><temp name="T2206"/><temp name="T28"/><temp name="T2096"/><temp name="T2170"/><temp name="T2255"/><temp name="T2088"/><temp name="T2075"/><temp name="T2118"/><temp name="T2157"/><temp name="T2228"/><temp name="T2240"/><temp name="T2275"/><temp name="T2135"/><temp name="T2092"/><temp name="T2141"/><temp name="T2234"/><temp name="T2294"/><temp name="T2239"/><temp name="T2287"/><temp name="T2179"/></temps></instruction><instruction code="OR T733, T2075, 0"><temps name="use"><temp name="T2075"/></temps><temps name="def"><temp name="T733"/></temps><temps name="in"><temp name="T2290"/><temp name="T2263"/><temp name="T2111"/><temp name="T2078"/><temp name="T2149"/><temp name="T2132"/><temp name="T2188"/><temp name="T2124"/><temp name="T2165"/><temp name="T2175"/><temp name="T2197"/><temp name="T2270"/><temp name="T2108"/><temp name="T2277"/><temp name="T2320"/><temp name="T2326"/><temp name="T2154"/><temp name="T2310"/><temp name="T2230"/><temp name="T2082"/><temp name="T2070"/><temp name="T2213"/><temp name="T2249"/><temp name="T2281"/><temp name="T2103"/><temp name="T2251"/><temp name="T2202"/><temp name="T2244"/><temp name="T2314"/><temp name="T2185"/><temp name="T2191"/><temp name="T2161"/><temp name="T2115"/><temp name="T2206"/><temp name="T28"/><temp name="T2096"/><temp name="T2170"/><temp name="T2255"/><temp name="T2088"/><temp name="T2075"/><temp name="T2118"/><temp name="T2157"/><temp name="T2228"/><temp name="T2240"/><temp name="T2275"/><temp name="T2135"/><temp name="T2092"/><temp name="T2141"/><temp name="T2234"/><temp name="T2294"/><temp name="T2239"/><temp name="T2287"/><temp name="T2179"/></temps><temps name="out"><temp name="T2290"/><temp name="T2263"/><temp name="T2111"/><temp name="T2078"/><temp name="T2149"/><temp name="T2132"/><temp name="T2188"/><temp name="T2124"/><temp name="T2165"/><temp name="T2175"/><temp name="T2197"/><temp name="T2270"/><temp name="T2108"/><temp name="T2277"/><temp name="T2320"/><temp name="T2326"/><temp name="T2154"/><temp name="T2310"/><temp name="T2230"/><temp name="T2082"/><temp name="T2070"/><temp name="T2213"/><temp name="T2249"/><temp name="T2281"/><temp name="T2103"/><temp name="T2251"/><temp name="T2202"/><temp name="T2244"/><temp name="T733"/><temp name="T2314"/><temp name="T2185"/><temp name="T2191"/><temp name="T2161"/><temp name="T2115"/><temp name="T2206"/><temp name="T28"/><temp name="T2096"/><temp name="T2170"/><temp name="T2255"/><temp name="T2088"/><temp name="T2118"/><temp name="T2157"/><temp name="T2228"/><temp name="T2240"/><temp name="T2275"/><temp name="T2135"/><temp name="T2092"/><temp name="T2141"/><temp name="T2234"/><temp name="T2294"/><temp name="T2239"/><temp name="T2287"/><temp name="T2179"/></temps></instruction><instruction code="LDO T2079, T2078, 0"><temps name="use"><temp name="T2078"/></temps><temps name="def"><temp name="T2079"/></temps><temps name="in"><temp name="T2290"/><temp name="T2263"/><temp name="T2111"/><temp name="T2078"/><temp name="T2149"/><temp name="T2132"/><temp name="T2188"/><temp name="T2124"/><temp name="T2165"/><temp name="T2175"/><temp name="T2197"/><temp name="T2270"/><temp name="T2108"/><temp name="T2277"/><temp name="T2320"/><temp name="T2326"/><temp name="T2154"/><temp name="T2310"/><temp name="T2230"/><temp name="T2082"/><temp name="T2070"/><temp name="T2213"/><temp name="T2249"/><temp name="T2281"/><temp name="T2103"/><temp name="T2251"/><temp name="T2202"/><temp name="T2244"/><temp name="T733"/><temp name="T2314"/><temp name="T2185"/><temp name="T2191"/><temp name="T2161"/><temp name="T2115"/><temp name="T2206"/><temp name="T28"/><temp name="T2096"/><temp name="T2170"/><temp name="T2255"/><temp name="T2088"/><temp name="T2118"/><temp name="T2157"/><temp name="T2228"/><temp name="T2240"/><temp name="T2275"/><temp name="T2135"/><temp name="T2092"/><temp name="T2141"/><temp name="T2234"/><temp name="T2294"/><temp name="T2239"/><temp name="T2287"/><temp name="T2179"/></temps><temps name="out"><temp name="T2290"/><temp name="T2263"/><temp name="T2111"/><temp name="T2078"/><temp name="T2149"/><temp name="T2132"/><temp name="T2188"/><temp name="T2124"/><temp name="T2165"/><temp name="T2175"/><temp name="T2197"/><temp name="T2270"/><temp name="T2108"/><temp name="T2277"/><temp name="T2320"/><temp name="T2326"/><temp name="T2154"/><temp name="T2310"/><temp name="T2230"/><temp name="T2082"/><temp name="T2070"/><temp name="T2213"/><temp name="T2249"/><temp name="T2281"/><temp name="T2103"/><temp name="T2251"/><temp name="T2202"/><temp name="T2244"/><temp name="T733"/><temp name="T2314"/><temp name="T2185"/><temp name="T2191"/><temp name="T2161"/><temp name="T2115"/><temp name="T2206"/><temp name="T28"/><temp name="T2096"/><temp name="T2170"/><temp name="T2255"/><temp name="T2088"/><temp name="T2118"/><temp name="T2157"/><temp name="T2228"/><temp name="T2240"/><temp name="T2079"/><temp name="T2275"/><temp name="T2135"/><temp name="T2092"/><temp name="T2141"/><temp name="T2234"/><temp name="T2294"/><temp name="T2239"/><temp name="T2287"/><temp name="T2179"/></temps></instruction><instruction code="STO T2079, T733, 0"><temps name="use"><temp name="T2079"/><temp name="T733"/></temps><temps name="def"/><temps name="in"><temp name="T2290"/><temp name="T2263"/><temp name="T2111"/><temp name="T2078"/><temp name="T2149"/><temp name="T2132"/><temp name="T2188"/><temp name="T2124"/><temp name="T2165"/><temp name="T2175"/><temp name="T2197"/><temp name="T2270"/><temp name="T2108"/><temp name="T2277"/><temp name="T2320"/><temp name="T2326"/><temp name="T2154"/><temp name="T2310"/><temp name="T2230"/><temp name="T2082"/><temp name="T2070"/><temp name="T2213"/><temp name="T2249"/><temp name="T2281"/><temp name="T2103"/><temp name="T2251"/><temp name="T2202"/><temp name="T2244"/><temp name="T733"/><temp name="T2314"/><temp name="T2185"/><temp name="T2191"/><temp name="T2161"/><temp name="T2115"/><temp name="T2206"/><temp name="T28"/><temp name="T2096"/><temp name="T2170"/><temp name="T2255"/><temp name="T2088"/><temp name="T2118"/><temp name="T2157"/><temp name="T2228"/><temp name="T2240"/><temp name="T2079"/><temp name="T2275"/><temp name="T2135"/><temp name="T2092"/><temp name="T2141"/><temp name="T2234"/><temp name="T2294"/><temp name="T2239"/><temp name="T2287"/><temp name="T2179"/></temps><temps name="out"><temp name="T2290"/><temp name="T2263"/><temp name="T2111"/><temp name="T2078"/><temp name="T2149"/><temp name="T2132"/><temp name="T2188"/><temp name="T2124"/><temp name="T2165"/><temp name="T2175"/><temp name="T2197"/><temp name="T2270"/><temp name="T2108"/><temp name="T2277"/><temp name="T2320"/><temp name="T2326"/><temp name="T2154"/><temp name="T2310"/><temp name="T2230"/><temp name="T2082"/><temp name="T2070"/><temp name="T2213"/><temp name="T2249"/><temp name="T2281"/><temp name="T2103"/><temp name="T2251"/><temp name="T2202"/><temp name="T2244"/><temp name="T2314"/><temp name="T2185"/><temp name="T2191"/><temp name="T2161"/><temp name="T2115"/><temp name="T2206"/><temp name="T28"/><temp name="T2096"/><temp name="T2170"/><temp name="T2255"/><temp name="T2088"/><temp name="T2118"/><temp name="T2157"/><temp name="T2228"/><temp name="T2240"/><temp name="T2275"/><temp name="T2135"/><temp name="T2092"/><temp name="T2141"/><temp name="T2234"/><temp name="T2294"/><temp name="T2239"/><temp name="T2287"/><temp name="T2179"/></temps></instruction><instruction code="L86"><temps name="use"/><temps name="def"/><temps name="in"><temp name="T2290"/><temp name="T2263"/><temp name="T2111"/><temp name="T2078"/><temp name="T2149"/><temp name="T2132"/><temp name="T2188"/><temp name="T2124"/><temp name="T2165"/><temp name="T2175"/><temp name="T2197"/><temp name="T2270"/><temp name="T2108"/><temp name="T2277"/><temp name="T2320"/><temp name="T2326"/><temp name="T2154"/><temp name="T2310"/><temp name="T2230"/><temp name="T2082"/><temp name="T2070"/><temp name="T2213"/><temp name="T2249"/><temp name="T2281"/><temp name="T2103"/><temp name="T2251"/><temp name="T2202"/><temp name="T2244"/><temp name="T2314"/><temp name="T2185"/><temp name="T2191"/><temp name="T2161"/><temp name="T2115"/><temp name="T2206"/><temp name="T28"/><temp name="T2096"/><temp name="T2170"/><temp name="T2255"/><temp name="T2088"/><temp name="T2118"/><temp name="T2157"/><temp name="T2228"/><temp name="T2240"/><temp name="T2275"/><temp name="T2135"/><temp name="T2092"/><temp name="T2141"/><temp name="T2234"/><temp name="T2294"/><temp name="T2239"/><temp name="T2287"/><temp name="T2179"/></temps><temps name="out"><temp name="T2290"/><temp name="T2263"/><temp name="T2111"/><temp name="T2078"/><temp name="T2149"/><temp name="T2132"/><temp name="T2188"/><temp name="T2124"/><temp name="T2165"/><temp name="T2175"/><temp name="T2197"/><temp name="T2270"/><temp name="T2108"/><temp name="T2277"/><temp name="T2320"/><temp name="T2326"/><temp name="T2154"/><temp name="T2310"/><temp name="T2230"/><temp name="T2082"/><temp name="T2070"/><temp name="T2213"/><temp name="T2249"/><temp name="T2281"/><temp name="T2103"/><temp name="T2251"/><temp name="T2202"/><temp name="T2244"/><temp name="T2314"/><temp name="T2185"/><temp name="T2191"/><temp name="T2161"/><temp name="T2115"/><temp name="T2206"/><temp name="T28"/><temp name="T2096"/><temp name="T2170"/><temp name="T2255"/><temp name="T2088"/><temp name="T2118"/><temp name="T2157"/><temp name="T2228"/><temp name="T2240"/><temp name="T2275"/><temp name="T2135"/><temp name="T2092"/><temp name="T2141"/><temp name="T2234"/><temp name="T2294"/><temp name="T2239"/><temp name="T2287"/><temp name="T2179"/></temps></instruction><instruction code="OR T734, T28, 0"><temps name="use"><temp name="T28"/></temps><temps name="def"><temp name="T734"/></temps><temps name="in"><temp name="T2290"/><temp name="T2263"/><temp name="T2111"/><temp name="T2078"/><temp name="T2149"/><temp name="T2132"/><temp name="T2188"/><temp name="T2124"/><temp name="T2165"/><temp name="T2175"/><temp name="T2197"/><temp name="T2270"/><temp name="T2108"/><temp name="T2277"/><temp name="T2320"/><temp name="T2326"/><temp name="T2154"/><temp name="T2310"/><temp name="T2230"/><temp name="T2082"/><temp name="T2070"/><temp name="T2213"/><temp name="T2249"/><temp name="T2281"/><temp name="T2103"/><temp name="T2251"/><temp name="T2202"/><temp name="T2244"/><temp name="T2314"/><temp name="T2185"/><temp name="T2191"/><temp name="T2161"/><temp name="T2115"/><temp name="T2206"/><temp name="T28"/><temp name="T2096"/><temp name="T2170"/><temp name="T2255"/><temp name="T2088"/><temp name="T2118"/><temp name="T2157"/><temp name="T2228"/><temp name="T2240"/><temp name="T2275"/><temp name="T2135"/><temp name="T2092"/><temp name="T2141"/><temp name="T2234"/><temp name="T2294"/><temp name="T2239"/><temp name="T2287"/><temp name="T2179"/></temps><temps name="out"><temp name="T2290"/><temp name="T2263"/><temp name="T2111"/><temp name="T2078"/><temp name="T2149"/><temp name="T2132"/><temp name="T2188"/><temp name="T2124"/><temp name="T2165"/><temp name="T2175"/><temp name="T2197"/><temp name="T2270"/><temp name="T2108"/><temp name="T2277"/><temp name="T2320"/><temp name="T2326"/><temp name="T2154"/><temp name="T2310"/><temp name="T2230"/><temp name="T2082"/><temp name="T2070"/><temp name="T2213"/><temp name="T2249"/><temp name="T2281"/><temp name="T2103"/><temp name="T2251"/><temp name="T2202"/><temp name="T2244"/><temp name="T2314"/><temp name="T2185"/><temp name="T2191"/><temp name="T2161"/><temp name="T2115"/><temp name="T2206"/><temp name="T28"/><temp name="T2096"/><temp name="T2170"/><temp name="T2255"/><temp name="T734"/><temp name="T2088"/><temp name="T2118"/><temp name="T2157"/><temp name="T2228"/><temp name="T2240"/><temp name="T2275"/><temp name="T2135"/><temp name="T2092"/><temp name="T2141"/><temp name="T2234"/><temp name="T2294"/><temp name="T2239"/><temp name="T2287"/><temp name="T2179"/></temps></instruction><instruction code="SETL  T2080, 24"><temps name="use"/><temps name="def"><temp name="T2080"/></temps><temps name="in"><temp name="T2290"/><temp name="T2263"/><temp name="T2111"/><temp name="T2078"/><temp name="T2149"/><temp name="T2132"/><temp name="T2188"/><temp name="T2124"/><temp name="T2165"/><temp name="T2175"/><temp name="T2197"/><temp name="T2270"/><temp name="T2108"/><temp name="T2277"/><temp name="T2320"/><temp name="T2326"/><temp name="T2154"/><temp name="T2310"/><temp name="T2230"/><temp name="T2082"/><temp name="T2070"/><temp name="T2213"/><temp name="T2249"/><temp name="T2281"/><temp name="T2103"/><temp name="T2251"/><temp name="T2202"/><temp name="T2244"/><temp name="T2314"/><temp name="T2185"/><temp name="T2191"/><temp name="T2161"/><temp name="T2115"/><temp name="T2206"/><temp name="T28"/><temp name="T2096"/><temp name="T2170"/><temp name="T2255"/><temp name="T734"/><temp name="T2088"/><temp name="T2118"/><temp name="T2157"/><temp name="T2228"/><temp name="T2240"/><temp name="T2275"/><temp name="T2135"/><temp name="T2092"/><temp name="T2141"/><temp name="T2234"/><temp name="T2294"/><temp name="T2239"/><temp name="T2287"/><temp name="T2179"/></temps><temps name="out"><temp name="T2290"/><temp name="T2263"/><temp name="T2111"/><temp name="T2078"/><temp name="T2149"/><temp name="T2132"/><temp name="T2188"/><temp name="T2124"/><temp name="T2165"/><temp name="T2175"/><temp name="T2197"/><temp name="T2270"/><temp name="T2108"/><temp name="T2277"/><temp name="T2320"/><temp name="T2326"/><temp name="T2154"/><temp name="T2310"/><temp name="T2230"/><temp name="T2082"/><temp name="T2070"/><temp name="T2213"/><temp name="T2249"/><temp name="T2281"/><temp name="T2103"/><temp name="T2251"/><temp name="T2202"/><temp name="T2244"/><temp name="T2314"/><temp name="T2185"/><temp name="T2191"/><temp name="T2161"/><temp name="T2115"/><temp name="T2206"/><temp name="T28"/><temp name="T2096"/><temp name="T2170"/><temp name="T2255"/><temp name="T734"/><temp name="T2088"/><temp name="T2118"/><temp name="T2157"/><temp name="T2228"/><temp name="T2240"/><temp name="T2275"/><temp name="T2135"/><temp name="T2092"/><temp name="T2141"/><temp name="T2234"/><temp name="T2294"/><temp name="T2239"/><temp name="T2287"/><temp name="T2179"/></temps></instruction><instruction code="INCML T2080, 0"><temps name="use"/><temps name="def"><temp name="T2080"/></temps><temps name="in"><temp name="T2290"/><temp name="T2263"/><temp name="T2111"/><temp name="T2078"/><temp name="T2149"/><temp name="T2132"/><temp name="T2188"/><temp name="T2124"/><temp name="T2165"/><temp name="T2175"/><temp name="T2197"/><temp name="T2270"/><temp name="T2108"/><temp name="T2277"/><temp name="T2320"/><temp name="T2326"/><temp name="T2154"/><temp name="T2310"/><temp name="T2230"/><temp name="T2082"/><temp name="T2070"/><temp name="T2213"/><temp name="T2249"/><temp name="T2281"/><temp name="T2103"/><temp name="T2251"/><temp name="T2202"/><temp name="T2244"/><temp name="T2314"/><temp name="T2185"/><temp name="T2191"/><temp name="T2161"/><temp name="T2115"/><temp name="T2206"/><temp name="T28"/><temp name="T2096"/><temp name="T2170"/><temp name="T2255"/><temp name="T734"/><temp name="T2088"/><temp name="T2118"/><temp name="T2157"/><temp name="T2228"/><temp name="T2240"/><temp name="T2275"/><temp name="T2135"/><temp name="T2092"/><temp name="T2141"/><temp name="T2234"/><temp name="T2294"/><temp name="T2239"/><temp name="T2287"/><temp name="T2179"/></temps><temps name="out"><temp name="T2290"/><temp name="T2263"/><temp name="T2111"/><temp name="T2078"/><temp name="T2149"/><temp name="T2132"/><temp name="T2188"/><temp name="T2124"/><temp name="T2165"/><temp name="T2175"/><temp name="T2197"/><temp name="T2270"/><temp name="T2108"/><temp name="T2277"/><temp name="T2320"/><temp name="T2326"/><temp name="T2154"/><temp name="T2310"/><temp name="T2230"/><temp name="T2082"/><temp name="T2070"/><temp name="T2213"/><temp name="T2249"/><temp name="T2281"/><temp name="T2103"/><temp name="T2251"/><temp name="T2202"/><temp name="T2244"/><temp name="T2314"/><temp name="T2185"/><temp name="T2191"/><temp name="T2161"/><temp name="T2115"/><temp name="T2206"/><temp name="T28"/><temp name="T2096"/><temp name="T2170"/><temp name="T2255"/><temp name="T734"/><temp name="T2088"/><temp name="T2118"/><temp name="T2157"/><temp name="T2228"/><temp name="T2240"/><temp name="T2275"/><temp name="T2135"/><temp name="T2092"/><temp name="T2141"/><temp name="T2234"/><temp name="T2294"/><temp name="T2239"/><temp name="T2287"/><temp name="T2179"/></temps></instruction><instruction code="INCMH T2080, 0"><temps name="use"/><temps name="def"><temp name="T2080"/></temps><temps name="in"><temp name="T2290"/><temp name="T2263"/><temp name="T2111"/><temp name="T2078"/><temp name="T2149"/><temp name="T2132"/><temp name="T2188"/><temp name="T2124"/><temp name="T2165"/><temp name="T2175"/><temp name="T2197"/><temp name="T2270"/><temp name="T2108"/><temp name="T2277"/><temp name="T2320"/><temp name="T2326"/><temp name="T2154"/><temp name="T2310"/><temp name="T2230"/><temp name="T2082"/><temp name="T2070"/><temp name="T2213"/><temp name="T2249"/><temp name="T2281"/><temp name="T2103"/><temp name="T2251"/><temp name="T2202"/><temp name="T2244"/><temp name="T2314"/><temp name="T2185"/><temp name="T2191"/><temp name="T2161"/><temp name="T2115"/><temp name="T2206"/><temp name="T28"/><temp name="T2096"/><temp name="T2170"/><temp name="T2255"/><temp name="T734"/><temp name="T2088"/><temp name="T2118"/><temp name="T2157"/><temp name="T2228"/><temp name="T2240"/><temp name="T2275"/><temp name="T2135"/><temp name="T2092"/><temp name="T2141"/><temp name="T2234"/><temp name="T2294"/><temp name="T2239"/><temp name="T2287"/><temp name="T2179"/></temps><temps name="out"><temp name="T2290"/><temp name="T2263"/><temp name="T2111"/><temp name="T2078"/><temp name="T2149"/><temp name="T2132"/><temp name="T2188"/><temp name="T2124"/><temp name="T2165"/><temp name="T2175"/><temp name="T2197"/><temp name="T2270"/><temp name="T2108"/><temp name="T2277"/><temp name="T2320"/><temp name="T2326"/><temp name="T2154"/><temp name="T2310"/><temp name="T2230"/><temp name="T2082"/><temp name="T2070"/><temp name="T2213"/><temp name="T2249"/><temp name="T2281"/><temp name="T2103"/><temp name="T2251"/><temp name="T2202"/><temp name="T2244"/><temp name="T2314"/><temp name="T2185"/><temp name="T2191"/><temp name="T2161"/><temp name="T2115"/><temp name="T2206"/><temp name="T28"/><temp name="T2096"/><temp name="T2170"/><temp name="T2255"/><temp name="T734"/><temp name="T2088"/><temp name="T2118"/><temp name="T2157"/><temp name="T2228"/><temp name="T2240"/><temp name="T2275"/><temp name="T2135"/><temp name="T2092"/><temp name="T2141"/><temp name="T2234"/><temp name="T2294"/><temp name="T2239"/><temp name="T2287"/><temp name="T2179"/></temps></instruction><instruction code="INCH  T2080, 0"><temps name="use"/><temps name="def"><temp name="T2080"/></temps><temps name="in"><temp name="T2290"/><temp name="T2263"/><temp name="T2111"/><temp name="T2078"/><temp name="T2149"/><temp name="T2132"/><temp name="T2188"/><temp name="T2124"/><temp name="T2165"/><temp name="T2175"/><temp name="T2197"/><temp name="T2270"/><temp name="T2108"/><temp name="T2277"/><temp name="T2320"/><temp name="T2326"/><temp name="T2154"/><temp name="T2310"/><temp name="T2230"/><temp name="T2082"/><temp name="T2070"/><temp name="T2213"/><temp name="T2249"/><temp name="T2281"/><temp name="T2103"/><temp name="T2251"/><temp name="T2202"/><temp name="T2244"/><temp name="T2314"/><temp name="T2185"/><temp name="T2191"/><temp name="T2161"/><temp name="T2115"/><temp name="T2206"/><temp name="T28"/><temp name="T2096"/><temp name="T2170"/><temp name="T2255"/><temp name="T734"/><temp name="T2088"/><temp name="T2118"/><temp name="T2157"/><temp name="T2228"/><temp name="T2240"/><temp name="T2275"/><temp name="T2135"/><temp name="T2092"/><temp name="T2141"/><temp name="T2234"/><temp name="T2294"/><temp name="T2239"/><temp name="T2287"/><temp name="T2179"/></temps><temps name="out"><temp name="T2290"/><temp name="T2263"/><temp name="T2111"/><temp name="T2078"/><temp name="T2149"/><temp name="T2132"/><temp name="T2188"/><temp name="T2124"/><temp name="T2165"/><temp name="T2175"/><temp name="T2197"/><temp name="T2270"/><temp name="T2108"/><temp name="T2277"/><temp name="T2320"/><temp name="T2326"/><temp name="T2154"/><temp name="T2310"/><temp name="T2230"/><temp name="T2082"/><temp name="T2070"/><temp name="T2213"/><temp name="T2249"/><temp name="T2281"/><temp name="T2103"/><temp name="T2251"/><temp name="T2202"/><temp name="T2244"/><temp name="T2314"/><temp name="T2185"/><temp name="T2191"/><temp name="T2161"/><temp name="T2115"/><temp name="T2206"/><temp name="T28"/><temp name="T2096"/><temp name="T2170"/><temp name="T2255"/><temp name="T734"/><temp name="T2088"/><temp name="T2118"/><temp name="T2157"/><temp name="T2080"/><temp name="T2228"/><temp name="T2240"/><temp name="T2275"/><temp name="T2135"/><temp name="T2092"/><temp name="T2141"/><temp name="T2234"/><temp name="T2294"/><temp name="T2239"/><temp name="T2287"/><temp name="T2179"/></temps></instruction><instruction code="NEG T2080, 0, T2080"><temps name="use"><temp name="T2080"/></temps><temps name="def"><temp name="T2080"/></temps><temps name="in"><temp name="T2290"/><temp name="T2263"/><temp name="T2111"/><temp name="T2078"/><temp name="T2149"/><temp name="T2132"/><temp name="T2188"/><temp name="T2124"/><temp name="T2165"/><temp name="T2175"/><temp name="T2197"/><temp name="T2270"/><temp name="T2108"/><temp name="T2277"/><temp name="T2320"/><temp name="T2326"/><temp name="T2154"/><temp name="T2310"/><temp name="T2230"/><temp name="T2082"/><temp name="T2070"/><temp name="T2213"/><temp name="T2249"/><temp name="T2281"/><temp name="T2103"/><temp name="T2251"/><temp name="T2202"/><temp name="T2244"/><temp name="T2314"/><temp name="T2185"/><temp name="T2191"/><temp name="T2161"/><temp name="T2115"/><temp name="T2206"/><temp name="T28"/><temp name="T2096"/><temp name="T2170"/><temp name="T2255"/><temp name="T734"/><temp name="T2088"/><temp name="T2118"/><temp name="T2157"/><temp name="T2080"/><temp name="T2228"/><temp name="T2240"/><temp name="T2275"/><temp name="T2135"/><temp name="T2092"/><temp name="T2141"/><temp name="T2234"/><temp name="T2294"/><temp name="T2239"/><temp name="T2287"/><temp name="T2179"/></temps><temps name="out"><temp name="T2290"/><temp name="T2263"/><temp name="T2111"/><temp name="T2078"/><temp name="T2149"/><temp name="T2132"/><temp name="T2188"/><temp name="T2124"/><temp name="T2165"/><temp name="T2175"/><temp name="T2197"/><temp name="T2270"/><temp name="T2108"/><temp name="T2277"/><temp name="T2320"/><temp name="T2326"/><temp name="T2154"/><temp name="T2310"/><temp name="T2230"/><temp name="T2082"/><temp name="T2070"/><temp name="T2213"/><temp name="T2249"/><temp name="T2281"/><temp name="T2103"/><temp name="T2251"/><temp name="T2202"/><temp name="T2244"/><temp name="T2314"/><temp name="T2185"/><temp name="T2191"/><temp name="T2161"/><temp name="T2115"/><temp name="T2206"/><temp name="T28"/><temp name="T2096"/><temp name="T2170"/><temp name="T2255"/><temp name="T734"/><temp name="T2088"/><temp name="T2118"/><temp name="T2157"/><temp name="T2080"/><temp name="T2228"/><temp name="T2240"/><temp name="T2275"/><temp name="T2135"/><temp name="T2092"/><temp name="T2141"/><temp name="T2234"/><temp name="T2294"/><temp name="T2239"/><temp name="T2287"/><temp name="T2179"/></temps></instruction><instruction code="OR T735, T2080, 0"><temps name="use"><temp name="T2080"/></temps><temps name="def"><temp name="T735"/></temps><temps name="in"><temp name="T2290"/><temp name="T2263"/><temp name="T2111"/><temp name="T2078"/><temp name="T2149"/><temp name="T2132"/><temp name="T2188"/><temp name="T2124"/><temp name="T2165"/><temp name="T2175"/><temp name="T2197"/><temp name="T2270"/><temp name="T2108"/><temp name="T2277"/><temp name="T2320"/><temp name="T2326"/><temp name="T2154"/><temp name="T2310"/><temp name="T2230"/><temp name="T2082"/><temp name="T2070"/><temp name="T2213"/><temp name="T2249"/><temp name="T2281"/><temp name="T2103"/><temp name="T2251"/><temp name="T2202"/><temp name="T2244"/><temp name="T2314"/><temp name="T2185"/><temp name="T2191"/><temp name="T2161"/><temp name="T2115"/><temp name="T2206"/><temp name="T28"/><temp name="T2096"/><temp name="T2170"/><temp name="T2255"/><temp name="T734"/><temp name="T2088"/><temp name="T2118"/><temp name="T2157"/><temp name="T2080"/><temp name="T2228"/><temp name="T2240"/><temp name="T2275"/><temp name="T2135"/><temp name="T2092"/><temp name="T2141"/><temp name="T2234"/><temp name="T2294"/><temp name="T2239"/><temp name="T2287"/><temp name="T2179"/></temps><temps name="out"><temp name="T2290"/><temp name="T2263"/><temp name="T2111"/><temp name="T2078"/><temp name="T2149"/><temp name="T2132"/><temp name="T2188"/><temp name="T2124"/><temp name="T2165"/><temp name="T735"/><temp name="T2175"/><temp name="T2197"/><temp name="T2270"/><temp name="T2108"/><temp name="T2277"/><temp name="T2320"/><temp name="T2326"/><temp name="T2154"/><temp name="T2310"/><temp name="T2230"/><temp name="T2082"/><temp name="T2070"/><temp name="T2213"/><temp name="T2249"/><temp name="T2281"/><temp name="T2103"/><temp name="T2251"/><temp name="T2202"/><temp name="T2244"/><temp name="T2314"/><temp name="T2185"/><temp name="T2191"/><temp name="T2161"/><temp name="T2115"/><temp name="T2206"/><temp name="T28"/><temp name="T2096"/><temp name="T2170"/><temp name="T2255"/><temp name="T734"/><temp name="T2088"/><temp name="T2118"/><temp name="T2157"/><temp name="T2228"/><temp name="T2240"/><temp name="T2275"/><temp name="T2135"/><temp name="T2092"/><temp name="T2141"/><temp name="T2234"/><temp name="T2294"/><temp name="T2239"/><temp name="T2287"/><temp name="T2179"/></temps></instruction><instruction code="ADD T2081, T734, T735"><temps name="use"><temp name="T734"/><temp name="T735"/></temps><temps name="def"><temp name="T2081"/></temps><temps name="in"><temp name="T2290"/><temp name="T2263"/><temp name="T2111"/><temp name="T2078"/><temp name="T2149"/><temp name="T2132"/><temp name="T2188"/><temp name="T2124"/><temp name="T2165"/><temp name="T735"/><temp name="T2175"/><temp name="T2197"/><temp name="T2270"/><temp name="T2108"/><temp name="T2277"/><temp name="T2320"/><temp name="T2326"/><temp name="T2154"/><temp name="T2310"/><temp name="T2230"/><temp name="T2082"/><temp name="T2070"/><temp name="T2213"/><temp name="T2249"/><temp name="T2281"/><temp name="T2103"/><temp name="T2251"/><temp name="T2202"/><temp name="T2244"/><temp name="T2314"/><temp name="T2185"/><temp name="T2191"/><temp name="T2161"/><temp name="T2115"/><temp name="T2206"/><temp name="T28"/><temp name="T2096"/><temp name="T2170"/><temp name="T2255"/><temp name="T734"/><temp name="T2088"/><temp name="T2118"/><temp name="T2157"/><temp name="T2228"/><temp name="T2240"/><temp name="T2275"/><temp name="T2135"/><temp name="T2092"/><temp name="T2141"/><temp name="T2234"/><temp name="T2294"/><temp name="T2239"/><temp name="T2287"/><temp name="T2179"/></temps><temps name="out"><temp name="T2290"/><temp name="T2263"/><temp name="T2111"/><temp name="T2078"/><temp name="T2149"/><temp name="T2132"/><temp name="T2188"/><temp name="T2124"/><temp name="T2081"/><temp name="T2165"/><temp name="T2175"/><temp name="T2197"/><temp name="T2270"/><temp name="T2108"/><temp name="T2277"/><temp name="T2320"/><temp name="T2326"/><temp name="T2154"/><temp name="T2310"/><temp name="T2230"/><temp name="T2082"/><temp name="T2070"/><temp name="T2213"/><temp name="T2249"/><temp name="T2281"/><temp name="T2103"/><temp name="T2251"/><temp name="T2202"/><temp name="T2244"/><temp name="T2314"/><temp name="T2185"/><temp name="T2191"/><temp name="T2161"/><temp name="T2115"/><temp name="T2206"/><temp name="T28"/><temp name="T2096"/><temp name="T2170"/><temp name="T2255"/><temp name="T2088"/><temp name="T2118"/><temp name="T2157"/><temp name="T2228"/><temp name="T2240"/><temp name="T2275"/><temp name="T2135"/><temp name="T2092"/><temp name="T2141"/><temp name="T2234"/><temp name="T2294"/><temp name="T2239"/><temp name="T2287"/><temp name="T2179"/></temps></instruction><instruction code="OR T736, T2081, 0"><temps name="use"><temp name="T2081"/></temps><temps name="def"><temp name="T736"/></temps><temps name="in"><temp name="T2290"/><temp name="T2263"/><temp name="T2111"/><temp name="T2078"/><temp name="T2149"/><temp name="T2132"/><temp name="T2188"/><temp name="T2124"/><temp name="T2081"/><temp name="T2165"/><temp name="T2175"/><temp name="T2197"/><temp name="T2270"/><temp name="T2108"/><temp name="T2277"/><temp name="T2320"/><temp name="T2326"/><temp name="T2154"/><temp name="T2310"/><temp name="T2230"/><temp name="T2082"/><temp name="T2070"/><temp name="T2213"/><temp name="T2249"/><temp name="T2281"/><temp name="T2103"/><temp name="T2251"/><temp name="T2202"/><temp name="T2244"/><temp name="T2314"/><temp name="T2185"/><temp name="T2191"/><temp name="T2161"/><temp name="T2115"/><temp name="T2206"/><temp name="T28"/><temp name="T2096"/><temp name="T2170"/><temp name="T2255"/><temp name="T2088"/><temp name="T2118"/><temp name="T2157"/><temp name="T2228"/><temp name="T2240"/><temp name="T2275"/><temp name="T2135"/><temp name="T2092"/><temp name="T2141"/><temp name="T2234"/><temp name="T2294"/><temp name="T2239"/><temp name="T2287"/><temp name="T2179"/></temps><temps name="out"><temp name="T2290"/><temp name="T2263"/><temp name="T2111"/><temp name="T2078"/><temp name="T2149"/><temp name="T2132"/><temp name="T2188"/><temp name="T2124"/><temp name="T2165"/><temp name="T2175"/><temp name="T2197"/><temp name="T2270"/><temp name="T2108"/><temp name="T2277"/><temp name="T2320"/><temp name="T2326"/><temp name="T2154"/><temp name="T2310"/><temp name="T2230"/><temp name="T2082"/><temp name="T2070"/><temp name="T2213"/><temp name="T2249"/><temp name="T2281"/><temp name="T2103"/><temp name="T2251"/><temp name="T2202"/><temp name="T2244"/><temp name="T2314"/><temp name="T2185"/><temp name="T2191"/><temp name="T2161"/><temp name="T2115"/><temp name="T2206"/><temp name="T28"/><temp name="T2096"/><temp name="T2170"/><temp name="T2255"/><temp name="T2088"/><temp name="T2118"/><temp name="T2157"/><temp name="T2228"/><temp name="T2240"/><temp name="T2275"/><temp name="T2135"/><temp name="T2092"/><temp name="T2141"/><temp name="T2234"/><temp name="T2294"/><temp name="T2239"/><temp name="T2287"/><temp name="T2179"/></temps></instruction><instruction code="LDO T2083, T2082, 0"><temps name="use"><temp name="T2082"/></temps><temps name="def"><temp name="T2083"/></temps><temps name="in"><temp name="T2290"/><temp name="T2263"/><temp name="T2111"/><temp name="T2078"/><temp name="T2149"/><temp name="T2132"/><temp name="T2188"/><temp name="T2124"/><temp name="T2165"/><temp name="T2175"/><temp name="T2197"/><temp name="T2270"/><temp name="T2108"/><temp name="T2277"/><temp name="T2320"/><temp name="T2326"/><temp name="T2154"/><temp name="T2310"/><temp name="T2230"/><temp name="T2082"/><temp name="T2070"/><temp name="T2213"/><temp name="T2249"/><temp name="T2281"/><temp name="T2103"/><temp name="T2251"/><temp name="T2202"/><temp name="T2244"/><temp name="T2314"/><temp name="T2185"/><temp name="T2191"/><temp name="T2161"/><temp name="T2115"/><temp name="T2206"/><temp name="T28"/><temp name="T2096"/><temp name="T2170"/><temp name="T2255"/><temp name="T2088"/><temp name="T2118"/><temp name="T2157"/><temp name="T2228"/><temp name="T2240"/><temp name="T2275"/><temp name="T2135"/><temp name="T2092"/><temp name="T2141"/><temp name="T2234"/><temp name="T2294"/><temp name="T2239"/><temp name="T2287"/><temp name="T2179"/></temps><temps name="out"><temp name="T2290"/><temp name="T2263"/><temp name="T2111"/><temp name="T2078"/><temp name="T2149"/><temp name="T2132"/><temp name="T2188"/><temp name="T2124"/><temp name="T2165"/><temp name="T2175"/><temp name="T2197"/><temp name="T2270"/><temp name="T2108"/><temp name="T2277"/><temp name="T2320"/><temp name="T2326"/><temp name="T2154"/><temp name="T2310"/><temp name="T2230"/><temp name="T2082"/><temp name="T2070"/><temp name="T2213"/><temp name="T2249"/><temp name="T2281"/><temp name="T2103"/><temp name="T2251"/><temp name="T2202"/><temp name="T2244"/><temp name="T2314"/><temp name="T2185"/><temp name="T2191"/><temp name="T2161"/><temp name="T2115"/><temp name="T2206"/><temp name="T28"/><temp name="T2096"/><temp name="T2170"/><temp name="T2255"/><temp name="T2088"/><temp name="T2118"/><temp name="T2157"/><temp name="T2228"/><temp name="T2240"/><temp name="T2083"/><temp name="T2275"/><temp name="T2135"/><temp name="T2092"/><temp name="T2141"/><temp name="T2234"/><temp name="T2294"/><temp name="T2239"/><temp name="T2287"/><temp name="T2179"/></temps></instruction><instruction code="OR T737, T2083, 0"><temps name="use"><temp name="T2083"/></temps><temps name="def"><temp name="T737"/></temps><temps name="in"><temp name="T2290"/><temp name="T2263"/><temp name="T2111"/><temp name="T2078"/><temp name="T2149"/><temp name="T2132"/><temp name="T2188"/><temp name="T2124"/><temp name="T2165"/><temp name="T2175"/><temp name="T2197"/><temp name="T2270"/><temp name="T2108"/><temp name="T2277"/><temp name="T2320"/><temp name="T2326"/><temp name="T2154"/><temp name="T2310"/><temp name="T2230"/><temp name="T2082"/><temp name="T2070"/><temp name="T2213"/><temp name="T2249"/><temp name="T2281"/><temp name="T2103"/><temp name="T2251"/><temp name="T2202"/><temp name="T2244"/><temp name="T2314"/><temp name="T2185"/><temp name="T2191"/><temp name="T2161"/><temp name="T2115"/><temp name="T2206"/><temp name="T28"/><temp name="T2096"/><temp name="T2170"/><temp name="T2255"/><temp name="T2088"/><temp name="T2118"/><temp name="T2157"/><temp name="T2228"/><temp name="T2240"/><temp name="T2083"/><temp name="T2275"/><temp name="T2135"/><temp name="T2092"/><temp name="T2141"/><temp name="T2234"/><temp name="T2294"/><temp name="T2239"/><temp name="T2287"/><temp name="T2179"/></temps><temps name="out"><temp name="T2290"/><temp name="T2263"/><temp name="T2111"/><temp name="T2078"/><temp name="T2149"/><temp name="T2132"/><temp name="T2188"/><temp name="T2124"/><temp name="T2165"/><temp name="T2175"/><temp name="T2197"/><temp name="T2270"/><temp name="T2108"/><temp name="T2277"/><temp name="T2320"/><temp name="T2326"/><temp name="T2154"/><temp name="T2310"/><temp name="T2230"/><temp name="T2082"/><temp name="T737"/><temp name="T2070"/><temp name="T2213"/><temp name="T2249"/><temp name="T2281"/><temp name="T2103"/><temp name="T2251"/><temp name="T2202"/><temp name="T2244"/><temp name="T2314"/><temp name="T2185"/><temp name="T2191"/><temp name="T2161"/><temp name="T2115"/><temp name="T2206"/><temp name="T28"/><temp name="T2096"/><temp name="T2170"/><temp name="T2255"/><temp name="T2088"/><temp name="T2118"/><temp name="T2157"/><temp name="T2228"/><temp name="T2240"/><temp name="T2275"/><temp name="T2135"/><temp name="T2092"/><temp name="T2141"/><temp name="T2234"/><temp name="T2294"/><temp name="T2239"/><temp name="T2287"/><temp name="T2179"/></temps></instruction><instruction code="SETL  T2084, 9"><temps name="use"/><temps name="def"><temp name="T2084"/></temps><temps name="in"><temp name="T2290"/><temp name="T2263"/><temp name="T2111"/><temp name="T2078"/><temp name="T2149"/><temp name="T2132"/><temp name="T2188"/><temp name="T2124"/><temp name="T2165"/><temp name="T2175"/><temp name="T2197"/><temp name="T2270"/><temp name="T2108"/><temp name="T2277"/><temp name="T2320"/><temp name="T2326"/><temp name="T2154"/><temp name="T2310"/><temp name="T2230"/><temp name="T2082"/><temp name="T737"/><temp name="T2070"/><temp name="T2213"/><temp name="T2249"/><temp name="T2281"/><temp name="T2103"/><temp name="T2251"/><temp name="T2202"/><temp name="T2244"/><temp name="T2314"/><temp name="T2185"/><temp name="T2191"/><temp name="T2161"/><temp name="T2115"/><temp name="T2206"/><temp name="T28"/><temp name="T2096"/><temp name="T2170"/><temp name="T2255"/><temp name="T2088"/><temp name="T2118"/><temp name="T2157"/><temp name="T2228"/><temp name="T2240"/><temp name="T2275"/><temp name="T2135"/><temp name="T2092"/><temp name="T2141"/><temp name="T2234"/><temp name="T2294"/><temp name="T2239"/><temp name="T2287"/><temp name="T2179"/></temps><temps name="out"><temp name="T2290"/><temp name="T2263"/><temp name="T2111"/><temp name="T2078"/><temp name="T2149"/><temp name="T2132"/><temp name="T2188"/><temp name="T2124"/><temp name="T2165"/><temp name="T2175"/><temp name="T2197"/><temp name="T2270"/><temp name="T2108"/><temp name="T2277"/><temp name="T2320"/><temp name="T2326"/><temp name="T2154"/><temp name="T2310"/><temp name="T2230"/><temp name="T2082"/><temp name="T737"/><temp name="T2070"/><temp name="T2213"/><temp name="T2249"/><temp name="T2281"/><temp name="T2103"/><temp name="T2251"/><temp name="T2202"/><temp name="T2244"/><temp name="T2314"/><temp name="T2185"/><temp name="T2191"/><temp name="T2161"/><temp name="T2115"/><temp name="T2206"/><temp name="T28"/><temp name="T2096"/><temp name="T2170"/><temp name="T2255"/><temp name="T2088"/><temp name="T2118"/><temp name="T2157"/><temp name="T2228"/><temp name="T2240"/><temp name="T2275"/><temp name="T2135"/><temp name="T2092"/><temp name="T2141"/><temp name="T2234"/><temp name="T2294"/><temp name="T2239"/><temp name="T2287"/><temp name="T2179"/></temps></instruction><instruction code="INCML T2084, 0"><temps name="use"/><temps name="def"><temp name="T2084"/></temps><temps name="in"><temp name="T2290"/><temp name="T2263"/><temp name="T2111"/><temp name="T2078"/><temp name="T2149"/><temp name="T2132"/><temp name="T2188"/><temp name="T2124"/><temp name="T2165"/><temp name="T2175"/><temp name="T2197"/><temp name="T2270"/><temp name="T2108"/><temp name="T2277"/><temp name="T2320"/><temp name="T2326"/><temp name="T2154"/><temp name="T2310"/><temp name="T2230"/><temp name="T2082"/><temp name="T737"/><temp name="T2070"/><temp name="T2213"/><temp name="T2249"/><temp name="T2281"/><temp name="T2103"/><temp name="T2251"/><temp name="T2202"/><temp name="T2244"/><temp name="T2314"/><temp name="T2185"/><temp name="T2191"/><temp name="T2161"/><temp name="T2115"/><temp name="T2206"/><temp name="T28"/><temp name="T2096"/><temp name="T2170"/><temp name="T2255"/><temp name="T2088"/><temp name="T2118"/><temp name="T2157"/><temp name="T2228"/><temp name="T2240"/><temp name="T2275"/><temp name="T2135"/><temp name="T2092"/><temp name="T2141"/><temp name="T2234"/><temp name="T2294"/><temp name="T2239"/><temp name="T2287"/><temp name="T2179"/></temps><temps name="out"><temp name="T2290"/><temp name="T2263"/><temp name="T2111"/><temp name="T2078"/><temp name="T2149"/><temp name="T2132"/><temp name="T2188"/><temp name="T2124"/><temp name="T2165"/><temp name="T2175"/><temp name="T2197"/><temp name="T2270"/><temp name="T2108"/><temp name="T2277"/><temp name="T2320"/><temp name="T2326"/><temp name="T2154"/><temp name="T2310"/><temp name="T2230"/><temp name="T2082"/><temp name="T737"/><temp name="T2070"/><temp name="T2213"/><temp name="T2249"/><temp name="T2281"/><temp name="T2103"/><temp name="T2251"/><temp name="T2202"/><temp name="T2244"/><temp name="T2314"/><temp name="T2185"/><temp name="T2191"/><temp name="T2161"/><temp name="T2115"/><temp name="T2206"/><temp name="T28"/><temp name="T2096"/><temp name="T2170"/><temp name="T2255"/><temp name="T2088"/><temp name="T2118"/><temp name="T2157"/><temp name="T2228"/><temp name="T2240"/><temp name="T2275"/><temp name="T2135"/><temp name="T2092"/><temp name="T2141"/><temp name="T2234"/><temp name="T2294"/><temp name="T2239"/><temp name="T2287"/><temp name="T2179"/></temps></instruction><instruction code="INCMH T2084, 0"><temps name="use"/><temps name="def"><temp name="T2084"/></temps><temps name="in"><temp name="T2290"/><temp name="T2263"/><temp name="T2111"/><temp name="T2078"/><temp name="T2149"/><temp name="T2132"/><temp name="T2188"/><temp name="T2124"/><temp name="T2165"/><temp name="T2175"/><temp name="T2197"/><temp name="T2270"/><temp name="T2108"/><temp name="T2277"/><temp name="T2320"/><temp name="T2326"/><temp name="T2154"/><temp name="T2310"/><temp name="T2230"/><temp name="T2082"/><temp name="T737"/><temp name="T2070"/><temp name="T2213"/><temp name="T2249"/><temp name="T2281"/><temp name="T2103"/><temp name="T2251"/><temp name="T2202"/><temp name="T2244"/><temp name="T2314"/><temp name="T2185"/><temp name="T2191"/><temp name="T2161"/><temp name="T2115"/><temp name="T2206"/><temp name="T28"/><temp name="T2096"/><temp name="T2170"/><temp name="T2255"/><temp name="T2088"/><temp name="T2118"/><temp name="T2157"/><temp name="T2228"/><temp name="T2240"/><temp name="T2275"/><temp name="T2135"/><temp name="T2092"/><temp name="T2141"/><temp name="T2234"/><temp name="T2294"/><temp name="T2239"/><temp name="T2287"/><temp name="T2179"/></temps><temps name="out"><temp name="T2290"/><temp name="T2263"/><temp name="T2111"/><temp name="T2078"/><temp name="T2149"/><temp name="T2132"/><temp name="T2188"/><temp name="T2124"/><temp name="T2165"/><temp name="T2175"/><temp name="T2197"/><temp name="T2270"/><temp name="T2108"/><temp name="T2277"/><temp name="T2320"/><temp name="T2326"/><temp name="T2154"/><temp name="T2310"/><temp name="T2230"/><temp name="T2082"/><temp name="T737"/><temp name="T2070"/><temp name="T2213"/><temp name="T2249"/><temp name="T2281"/><temp name="T2103"/><temp name="T2251"/><temp name="T2202"/><temp name="T2244"/><temp name="T2314"/><temp name="T2185"/><temp name="T2191"/><temp name="T2161"/><temp name="T2115"/><temp name="T2206"/><temp name="T28"/><temp name="T2096"/><temp name="T2170"/><temp name="T2255"/><temp name="T2088"/><temp name="T2118"/><temp name="T2157"/><temp name="T2228"/><temp name="T2240"/><temp name="T2275"/><temp name="T2135"/><temp name="T2092"/><temp name="T2141"/><temp name="T2234"/><temp name="T2294"/><temp name="T2239"/><temp name="T2287"/><temp name="T2179"/></temps></instruction><instruction code="INCH  T2084, 0"><temps name="use"/><temps name="def"><temp name="T2084"/></temps><temps name="in"><temp name="T2290"/><temp name="T2263"/><temp name="T2111"/><temp name="T2078"/><temp name="T2149"/><temp name="T2132"/><temp name="T2188"/><temp name="T2124"/><temp name="T2165"/><temp name="T2175"/><temp name="T2197"/><temp name="T2270"/><temp name="T2108"/><temp name="T2277"/><temp name="T2320"/><temp name="T2326"/><temp name="T2154"/><temp name="T2310"/><temp name="T2230"/><temp name="T2082"/><temp name="T737"/><temp name="T2070"/><temp name="T2213"/><temp name="T2249"/><temp name="T2281"/><temp name="T2103"/><temp name="T2251"/><temp name="T2202"/><temp name="T2244"/><temp name="T2314"/><temp name="T2185"/><temp name="T2191"/><temp name="T2161"/><temp name="T2115"/><temp name="T2206"/><temp name="T28"/><temp name="T2096"/><temp name="T2170"/><temp name="T2255"/><temp name="T2088"/><temp name="T2118"/><temp name="T2157"/><temp name="T2228"/><temp name="T2240"/><temp name="T2275"/><temp name="T2135"/><temp name="T2092"/><temp name="T2141"/><temp name="T2234"/><temp name="T2294"/><temp name="T2239"/><temp name="T2287"/><temp name="T2179"/></temps><temps name="out"><temp name="T2290"/><temp name="T2263"/><temp name="T2111"/><temp name="T2078"/><temp name="T2149"/><temp name="T2132"/><temp name="T2188"/><temp name="T2124"/><temp name="T2165"/><temp name="T2175"/><temp name="T2197"/><temp name="T2270"/><temp name="T2108"/><temp name="T2277"/><temp name="T2320"/><temp name="T2326"/><temp name="T2154"/><temp name="T2310"/><temp name="T2230"/><temp name="T2082"/><temp name="T737"/><temp name="T2070"/><temp name="T2213"/><temp name="T2249"/><temp name="T2281"/><temp name="T2084"/><temp name="T2103"/><temp name="T2251"/><temp name="T2202"/><temp name="T2244"/><temp name="T2314"/><temp name="T2185"/><temp name="T2191"/><temp name="T2161"/><temp name="T2115"/><temp name="T2206"/><temp name="T28"/><temp name="T2096"/><temp name="T2170"/><temp name="T2255"/><temp name="T2088"/><temp name="T2118"/><temp name="T2157"/><temp name="T2228"/><temp name="T2240"/><temp name="T2275"/><temp name="T2135"/><temp name="T2092"/><temp name="T2141"/><temp name="T2234"/><temp name="T2294"/><temp name="T2239"/><temp name="T2287"/><temp name="T2179"/></temps></instruction><instruction code="OR T738, T2084, 0"><temps name="use"><temp name="T2084"/></temps><temps name="def"><temp name="T738"/></temps><temps name="in"><temp name="T2290"/><temp name="T2263"/><temp name="T2111"/><temp name="T2078"/><temp name="T2149"/><temp name="T2132"/><temp name="T2188"/><temp name="T2124"/><temp name="T2165"/><temp name="T2175"/><temp name="T2197"/><temp name="T2270"/><temp name="T2108"/><temp name="T2277"/><temp name="T2320"/><temp name="T2326"/><temp name="T2154"/><temp name="T2310"/><temp name="T2230"/><temp name="T2082"/><temp name="T737"/><temp name="T2070"/><temp name="T2213"/><temp name="T2249"/><temp name="T2281"/><temp name="T2084"/><temp name="T2103"/><temp name="T2251"/><temp name="T2202"/><temp name="T2244"/><temp name="T2314"/><temp name="T2185"/><temp name="T2191"/><temp name="T2161"/><temp name="T2115"/><temp name="T2206"/><temp name="T28"/><temp name="T2096"/><temp name="T2170"/><temp name="T2255"/><temp name="T2088"/><temp name="T2118"/><temp name="T2157"/><temp name="T2228"/><temp name="T2240"/><temp name="T2275"/><temp name="T2135"/><temp name="T2092"/><temp name="T2141"/><temp name="T2234"/><temp name="T2294"/><temp name="T2239"/><temp name="T2287"/><temp name="T2179"/></temps><temps name="out"><temp name="T2290"/><temp name="T2263"/><temp name="T2111"/><temp name="T2078"/><temp name="T2149"/><temp name="T2132"/><temp name="T2188"/><temp name="T2124"/><temp name="T2165"/><temp name="T738"/><temp name="T2175"/><temp name="T2197"/><temp name="T2270"/><temp name="T2108"/><temp name="T2277"/><temp name="T2320"/><temp name="T2326"/><temp name="T2154"/><temp name="T2310"/><temp name="T2230"/><temp name="T2082"/><temp name="T737"/><temp name="T2070"/><temp name="T2213"/><temp name="T2249"/><temp name="T2281"/><temp name="T2103"/><temp name="T2251"/><temp name="T2202"/><temp name="T2244"/><temp name="T2314"/><temp name="T2185"/><temp name="T2191"/><temp name="T2161"/><temp name="T2115"/><temp name="T2206"/><temp name="T28"/><temp name="T2096"/><temp name="T2170"/><temp name="T2255"/><temp name="T2088"/><temp name="T2118"/><temp name="T2157"/><temp name="T2228"/><temp name="T2240"/><temp name="T2275"/><temp name="T2135"/><temp name="T2092"/><temp name="T2141"/><temp name="T2234"/><temp name="T2294"/><temp name="T2239"/><temp name="T2287"/><temp name="T2179"/></temps></instruction><instruction code="CMP T2085, T737, T738"><temps name="use"><temp name="T737"/><temp name="T738"/></temps><temps name="def"><temp name="T2085"/></temps><temps name="in"><temp name="T2290"/><temp name="T2263"/><temp name="T2111"/><temp name="T2078"/><temp name="T2149"/><temp name="T2132"/><temp name="T2188"/><temp name="T2124"/><temp name="T2165"/><temp name="T738"/><temp name="T2175"/><temp name="T2197"/><temp name="T2270"/><temp name="T2108"/><temp name="T2277"/><temp name="T2320"/><temp name="T2326"/><temp name="T2154"/><temp name="T2310"/><temp name="T2230"/><temp name="T2082"/><temp name="T737"/><temp name="T2070"/><temp name="T2213"/><temp name="T2249"/><temp name="T2281"/><temp name="T2103"/><temp name="T2251"/><temp name="T2202"/><temp name="T2244"/><temp name="T2314"/><temp name="T2185"/><temp name="T2191"/><temp name="T2161"/><temp name="T2115"/><temp name="T2206"/><temp name="T28"/><temp name="T2096"/><temp name="T2170"/><temp name="T2255"/><temp name="T2088"/><temp name="T2118"/><temp name="T2157"/><temp name="T2228"/><temp name="T2240"/><temp name="T2275"/><temp name="T2135"/><temp name="T2092"/><temp name="T2141"/><temp name="T2234"/><temp name="T2294"/><temp name="T2239"/><temp name="T2287"/><temp name="T2179"/></temps><temps name="out"><temp name="T2290"/><temp name="T2263"/><temp name="T2111"/><temp name="T2078"/><temp name="T2149"/><temp name="T2132"/><temp name="T2188"/><temp name="T2124"/><temp name="T2165"/><temp name="T2175"/><temp name="T2197"/><temp name="T2270"/><temp name="T2108"/><temp name="T2277"/><temp name="T2320"/><temp name="T2326"/><temp name="T2154"/><temp name="T2310"/><temp name="T2230"/><temp name="T2082"/><temp name="T2070"/><temp name="T2213"/><temp name="T2249"/><temp name="T2281"/><temp name="T2103"/><temp name="T2251"/><temp name="T2202"/><temp name="T2244"/><temp name="T2314"/><temp name="T2185"/><temp name="T2191"/><temp name="T2161"/><temp name="T2115"/><temp name="T2206"/><temp name="T28"/><temp name="T2096"/><temp name="T2170"/><temp name="T2255"/><temp name="T2088"/><temp name="T2118"/><temp name="T2157"/><temp name="T2228"/><temp name="T2240"/><temp name="T2275"/><temp name="T2135"/><temp name="T2092"/><temp name="T2141"/><temp name="T2234"/><temp name="T2294"/><temp name="T2085"/><temp name="T2239"/><temp name="T2287"/><temp name="T2179"/></temps></instruction><instruction code="ZSN T2085, T2085, 1"><temps name="use"><temp name="T2085"/></temps><temps name="def"><temp name="T2085"/></temps><temps name="in"><temp name="T2290"/><temp name="T2263"/><temp name="T2111"/><temp name="T2078"/><temp name="T2149"/><temp name="T2132"/><temp name="T2188"/><temp name="T2124"/><temp name="T2165"/><temp name="T2175"/><temp name="T2197"/><temp name="T2270"/><temp name="T2108"/><temp name="T2277"/><temp name="T2320"/><temp name="T2326"/><temp name="T2154"/><temp name="T2310"/><temp name="T2230"/><temp name="T2082"/><temp name="T2070"/><temp name="T2213"/><temp name="T2249"/><temp name="T2281"/><temp name="T2103"/><temp name="T2251"/><temp name="T2202"/><temp name="T2244"/><temp name="T2314"/><temp name="T2185"/><temp name="T2191"/><temp name="T2161"/><temp name="T2115"/><temp name="T2206"/><temp name="T28"/><temp name="T2096"/><temp name="T2170"/><temp name="T2255"/><temp name="T2088"/><temp name="T2118"/><temp name="T2157"/><temp name="T2228"/><temp name="T2240"/><temp name="T2275"/><temp name="T2135"/><temp name="T2092"/><temp name="T2141"/><temp name="T2234"/><temp name="T2294"/><temp name="T2085"/><temp name="T2239"/><temp name="T2287"/><temp name="T2179"/></temps><temps name="out"><temp name="T2290"/><temp name="T2263"/><temp name="T2111"/><temp name="T2078"/><temp name="T2149"/><temp name="T2132"/><temp name="T2188"/><temp name="T2124"/><temp name="T2165"/><temp name="T2175"/><temp name="T2197"/><temp name="T2270"/><temp name="T2108"/><temp name="T2277"/><temp name="T2320"/><temp name="T2326"/><temp name="T2154"/><temp name="T2310"/><temp name="T2230"/><temp name="T2082"/><temp name="T2070"/><temp name="T2213"/><temp name="T2249"/><temp name="T2281"/><temp name="T2103"/><temp name="T2251"/><temp name="T2202"/><temp name="T2244"/><temp name="T2314"/><temp name="T2185"/><temp name="T2191"/><temp name="T2161"/><temp name="T2115"/><temp name="T2206"/><temp name="T28"/><temp name="T2096"/><temp name="T2170"/><temp name="T2255"/><temp name="T2088"/><temp name="T2118"/><temp name="T2157"/><temp name="T2228"/><temp name="T2240"/><temp name="T2275"/><temp name="T2135"/><temp name="T2092"/><temp name="T2141"/><temp name="T2234"/><temp name="T2294"/><temp name="T2085"/><temp name="T2239"/><temp name="T2287"/><temp name="T2179"/></temps></instruction><instruction code="OR T739, T2085, 0"><temps name="use"><temp name="T2085"/></temps><temps name="def"><temp name="T739"/></temps><temps name="in"><temp name="T2290"/><temp name="T2263"/><temp name="T2111"/><temp name="T2078"/><temp name="T2149"/><temp name="T2132"/><temp name="T2188"/><temp name="T2124"/><temp name="T2165"/><temp name="T2175"/><temp name="T2197"/><temp name="T2270"/><temp name="T2108"/><temp name="T2277"/><temp name="T2320"/><temp name="T2326"/><temp name="T2154"/><temp name="T2310"/><temp name="T2230"/><temp name="T2082"/><temp name="T2070"/><temp name="T2213"/><temp name="T2249"/><temp name="T2281"/><temp name="T2103"/><temp name="T2251"/><temp name="T2202"/><temp name="T2244"/><temp name="T2314"/><temp name="T2185"/><temp name="T2191"/><temp name="T2161"/><temp name="T2115"/><temp name="T2206"/><temp name="T28"/><temp name="T2096"/><temp name="T2170"/><temp name="T2255"/><temp name="T2088"/><temp name="T2118"/><temp name="T2157"/><temp name="T2228"/><temp name="T2240"/><temp name="T2275"/><temp name="T2135"/><temp name="T2092"/><temp name="T2141"/><temp name="T2234"/><temp name="T2294"/><temp name="T2085"/><temp name="T2239"/><temp name="T2287"/><temp name="T2179"/></temps><temps name="out"><temp name="T2290"/><temp name="T2263"/><temp name="T2111"/><temp name="T2078"/><temp name="T2149"/><temp name="T2132"/><temp name="T2188"/><temp name="T2124"/><temp name="T2165"/><temp name="T2175"/><temp name="T2197"/><temp name="T2270"/><temp name="T2108"/><temp name="T2277"/><temp name="T2320"/><temp name="T2326"/><temp name="T2154"/><temp name="T2310"/><temp name="T2230"/><temp name="T2082"/><temp name="T2070"/><temp name="T2213"/><temp name="T2249"/><temp name="T2281"/><temp name="T2103"/><temp name="T2251"/><temp name="T2202"/><temp name="T2244"/><temp name="T2314"/><temp name="T2185"/><temp name="T2191"/><temp name="T2161"/><temp name="T2115"/><temp name="T2206"/><temp name="T28"/><temp name="T2096"/><temp name="T2170"/><temp name="T2255"/><temp name="T2088"/><temp name="T739"/><temp name="T2118"/><temp name="T2157"/><temp name="T2228"/><temp name="T2240"/><temp name="T2275"/><temp name="T2135"/><temp name="T2092"/><temp name="T2141"/><temp name="T2234"/><temp name="T2294"/><temp name="T2239"/><temp name="T2287"/><temp name="T2179"/></temps></instruction><instruction code="BNZ T739, L87"><temps name="use"><temp name="T739"/></temps><temps name="def"/><temps name="in"><temp name="T2290"/><temp name="T2263"/><temp name="T2111"/><temp name="T2078"/><temp name="T2149"/><temp name="T2132"/><temp name="T2188"/><temp name="T2124"/><temp name="T2165"/><temp name="T2175"/><temp name="T2197"/><temp name="T2270"/><temp name="T2108"/><temp name="T2277"/><temp name="T2320"/><temp name="T2326"/><temp name="T2154"/><temp name="T2310"/><temp name="T2230"/><temp name="T2082"/><temp name="T2070"/><temp name="T2213"/><temp name="T2249"/><temp name="T2281"/><temp name="T2103"/><temp name="T2251"/><temp name="T2202"/><temp name="T2244"/><temp name="T2314"/><temp name="T2185"/><temp name="T2191"/><temp name="T2161"/><temp name="T2115"/><temp name="T2206"/><temp name="T28"/><temp name="T2096"/><temp name="T2170"/><temp name="T2255"/><temp name="T2088"/><temp name="T739"/><temp name="T2118"/><temp name="T2157"/><temp name="T2228"/><temp name="T2240"/><temp name="T2275"/><temp name="T2135"/><temp name="T2092"/><temp name="T2141"/><temp name="T2234"/><temp name="T2294"/><temp name="T2239"/><temp name="T2287"/><temp name="T2179"/></temps><temps name="out"><temp name="T2290"/><temp name="T2263"/><temp name="T2111"/><temp name="T2078"/><temp name="T2149"/><temp name="T2132"/><temp name="T2188"/><temp name="T2124"/><temp name="T2165"/><temp name="T2175"/><temp name="T2197"/><temp name="T2270"/><temp name="T2108"/><temp name="T2277"/><temp name="T2320"/><temp name="T2326"/><temp name="T2154"/><temp name="T2310"/><temp name="T2230"/><temp name="T2082"/><temp name="T2070"/><temp name="T2213"/><temp name="T2249"/><temp name="T2281"/><temp name="T2103"/><temp name="T2251"/><temp name="T2202"/><temp name="T2244"/><temp name="T2314"/><temp name="T2185"/><temp name="T2191"/><temp name="T2161"/><temp name="T2115"/><temp name="T2206"/><temp name="T28"/><temp name="T2096"/><temp name="T2170"/><temp name="T2255"/><temp name="T2088"/><temp name="T2118"/><temp name="T2157"/><temp name="T2228"/><temp name="T2240"/><temp name="T2275"/><temp name="T2135"/><temp name="T2092"/><temp name="T2141"/><temp name="T2234"/><temp name="T2294"/><temp name="T2239"/><temp name="T2287"/><temp name="T2179"/></temps></instruction><instruction code="L153"><temps name="use"/><temps name="def"/><temps name="in"><temp name="T2290"/><temp name="T2263"/><temp name="T2111"/><temp name="T2078"/><temp name="T2149"/><temp name="T2132"/><temp name="T2188"/><temp name="T2124"/><temp name="T2165"/><temp name="T2175"/><temp name="T2197"/><temp name="T2270"/><temp name="T2108"/><temp name="T2277"/><temp name="T2320"/><temp name="T2326"/><temp name="T2154"/><temp name="T2310"/><temp name="T2230"/><temp name="T2082"/><temp name="T2070"/><temp name="T2213"/><temp name="T2249"/><temp name="T2281"/><temp name="T2103"/><temp name="T2251"/><temp name="T2202"/><temp name="T2244"/><temp name="T2314"/><temp name="T2185"/><temp name="T2191"/><temp name="T2161"/><temp name="T2115"/><temp name="T2206"/><temp name="T28"/><temp name="T2096"/><temp name="T2170"/><temp name="T2255"/><temp name="T2088"/><temp name="T2118"/><temp name="T2157"/><temp name="T2228"/><temp name="T2240"/><temp name="T2275"/><temp name="T2135"/><temp name="T2092"/><temp name="T2141"/><temp name="T2234"/><temp name="T2294"/><temp name="T2239"/><temp name="T2287"/><temp name="T2179"/></temps><temps name="out"><temp name="T2290"/><temp name="T2263"/><temp name="T2111"/><temp name="T2078"/><temp name="T2149"/><temp name="T2132"/><temp name="T2188"/><temp name="T2124"/><temp name="T2165"/><temp name="T2175"/><temp name="T2197"/><temp name="T2270"/><temp name="T2108"/><temp name="T2277"/><temp name="T2320"/><temp name="T2326"/><temp name="T2154"/><temp name="T2310"/><temp name="T2230"/><temp name="T2082"/><temp name="T2070"/><temp name="T2213"/><temp name="T2249"/><temp name="T2281"/><temp name="T2103"/><temp name="T2251"/><temp name="T2202"/><temp name="T2244"/><temp name="T2314"/><temp name="T2185"/><temp name="T2191"/><temp name="T2161"/><temp name="T2115"/><temp name="T2206"/><temp name="T28"/><temp name="T2096"/><temp name="T2170"/><temp name="T2255"/><temp name="T2088"/><temp name="T2118"/><temp name="T2157"/><temp name="T2228"/><temp name="T2240"/><temp name="T2275"/><temp name="T2135"/><temp name="T2092"/><temp name="T2141"/><temp name="T2234"/><temp name="T2294"/><temp name="T2239"/><temp name="T2287"/><temp name="T2179"/></temps></instruction><instruction code="LDA T2086, L88"><temps name="use"/><temps name="def"><temp name="T2086"/></temps><temps name="in"><temp name="T2290"/><temp name="T2263"/><temp name="T2111"/><temp name="T2078"/><temp name="T2149"/><temp name="T2132"/><temp name="T2188"/><temp name="T2124"/><temp name="T2165"/><temp name="T2175"/><temp name="T2197"/><temp name="T2270"/><temp name="T2108"/><temp name="T2277"/><temp name="T2320"/><temp name="T2326"/><temp name="T2154"/><temp name="T2310"/><temp name="T2230"/><temp name="T2082"/><temp name="T2070"/><temp name="T2213"/><temp name="T2249"/><temp name="T2281"/><temp name="T2103"/><temp name="T2251"/><temp name="T2202"/><temp name="T2244"/><temp name="T2314"/><temp name="T2185"/><temp name="T2191"/><temp name="T2161"/><temp name="T2115"/><temp name="T2206"/><temp name="T28"/><temp name="T2096"/><temp name="T2170"/><temp name="T2255"/><temp name="T2088"/><temp name="T2118"/><temp name="T2157"/><temp name="T2228"/><temp name="T2240"/><temp name="T2275"/><temp name="T2135"/><temp name="T2092"/><temp name="T2141"/><temp name="T2234"/><temp name="T2294"/><temp name="T2239"/><temp name="T2287"/><temp name="T2179"/></temps><temps name="out"><temp name="T2290"/><temp name="T2263"/><temp name="T2111"/><temp name="T2078"/><temp name="T2149"/><temp name="T2132"/><temp name="T2188"/><temp name="T2124"/><temp name="T2165"/><temp name="T2175"/><temp name="T2197"/><temp name="T2270"/><temp name="T2108"/><temp name="T2277"/><temp name="T2320"/><temp name="T2326"/><temp name="T2154"/><temp name="T2310"/><temp name="T2230"/><temp name="T2082"/><temp name="T2070"/><temp name="T2213"/><temp name="T2249"/><temp name="T2281"/><temp name="T2103"/><temp name="T2251"/><temp name="T2202"/><temp name="T2244"/><temp name="T2314"/><temp name="T2185"/><temp name="T2191"/><temp name="T2161"/><temp name="T2115"/><temp name="T2206"/><temp name="T28"/><temp name="T2096"/><temp name="T2170"/><temp name="T2255"/><temp name="T2088"/><temp name="T2118"/><temp name="T2157"/><temp name="T2086"/><temp name="T2228"/><temp name="T2240"/><temp name="T2275"/><temp name="T2135"/><temp name="T2092"/><temp name="T2141"/><temp name="T2234"/><temp name="T2294"/><temp name="T2239"/><temp name="T2287"/><temp name="T2179"/></temps></instruction><instruction code="GO T2086, T2086, 0"><temps name="use"><temp name="T2086"/></temps><temps name="def"><temp name="T2086"/></temps><temps name="in"><temp name="T2290"/><temp name="T2263"/><temp name="T2111"/><temp name="T2078"/><temp name="T2149"/><temp name="T2132"/><temp name="T2188"/><temp name="T2124"/><temp name="T2165"/><temp name="T2175"/><temp name="T2197"/><temp name="T2270"/><temp name="T2108"/><temp name="T2277"/><temp name="T2320"/><temp name="T2326"/><temp name="T2154"/><temp name="T2310"/><temp name="T2230"/><temp name="T2082"/><temp name="T2070"/><temp name="T2213"/><temp name="T2249"/><temp name="T2281"/><temp name="T2103"/><temp name="T2251"/><temp name="T2202"/><temp name="T2244"/><temp name="T2314"/><temp name="T2185"/><temp name="T2191"/><temp name="T2161"/><temp name="T2115"/><temp name="T2206"/><temp name="T28"/><temp name="T2096"/><temp name="T2170"/><temp name="T2255"/><temp name="T2088"/><temp name="T2118"/><temp name="T2157"/><temp name="T2086"/><temp name="T2228"/><temp name="T2240"/><temp name="T2275"/><temp name="T2135"/><temp name="T2092"/><temp name="T2141"/><temp name="T2234"/><temp name="T2294"/><temp name="T2239"/><temp name="T2287"/><temp name="T2179"/></temps><temps name="out"><temp name="T2290"/><temp name="T2263"/><temp name="T2111"/><temp name="T2078"/><temp name="T2149"/><temp name="T2132"/><temp name="T2188"/><temp name="T2124"/><temp name="T2165"/><temp name="T2175"/><temp name="T2197"/><temp name="T2270"/><temp name="T2108"/><temp name="T2277"/><temp name="T2320"/><temp name="T2326"/><temp name="T2154"/><temp name="T2310"/><temp name="T2230"/><temp name="T2082"/><temp name="T2070"/><temp name="T2213"/><temp name="T2249"/><temp name="T2281"/><temp name="T2103"/><temp name="T2251"/><temp name="T2202"/><temp name="T2244"/><temp name="T2314"/><temp name="T2185"/><temp name="T2191"/><temp name="T2161"/><temp name="T2115"/><temp name="T2206"/><temp name="T28"/><temp name="T2096"/><temp name="T2170"/><temp name="T2255"/><temp name="T2088"/><temp name="T2118"/><temp name="T2157"/><temp name="T2228"/><temp name="T2240"/><temp name="T2275"/><temp name="T2135"/><temp name="T2092"/><temp name="T2141"/><temp name="T2234"/><temp name="T2294"/><temp name="T2239"/><temp name="T2287"/><temp name="T2179"/></temps></instruction><instruction code="L87"><temps name="use"/><temps name="def"/><temps name="in"><temp name="T2290"/><temp name="T2263"/><temp name="T2111"/><temp name="T2078"/><temp name="T2149"/><temp name="T2132"/><temp name="T2188"/><temp name="T2124"/><temp name="T2165"/><temp name="T2175"/><temp name="T2197"/><temp name="T2270"/><temp name="T2108"/><temp name="T2277"/><temp name="T2320"/><temp name="T2326"/><temp name="T2154"/><temp name="T2310"/><temp name="T2230"/><temp name="T2082"/><temp name="T2070"/><temp name="T2213"/><temp name="T2249"/><temp name="T2281"/><temp name="T2103"/><temp name="T2251"/><temp name="T2202"/><temp name="T2244"/><temp name="T2314"/><temp name="T2185"/><temp name="T2191"/><temp name="T2161"/><temp name="T2115"/><temp name="T2206"/><temp name="T28"/><temp name="T2096"/><temp name="T2170"/><temp name="T2255"/><temp name="T2088"/><temp name="T2118"/><temp name="T2157"/><temp name="T2228"/><temp name="T2240"/><temp name="T2275"/><temp name="T2135"/><temp name="T2092"/><temp name="T2141"/><temp name="T2234"/><temp name="T2294"/><temp name="T2239"/><temp name="T2287"/><temp name="T2179"/></temps><temps name="out"><temp name="T2290"/><temp name="T2263"/><temp name="T2111"/><temp name="T2078"/><temp name="T2149"/><temp name="T2132"/><temp name="T2188"/><temp name="T2124"/><temp name="T2165"/><temp name="T2175"/><temp name="T2197"/><temp name="T2270"/><temp name="T2108"/><temp name="T2277"/><temp name="T2320"/><temp name="T2326"/><temp name="T2154"/><temp name="T2310"/><temp name="T2230"/><temp name="T2082"/><temp name="T2070"/><temp name="T2213"/><temp name="T2249"/><temp name="T2281"/><temp name="T2103"/><temp name="T2251"/><temp name="T2202"/><temp name="T2244"/><temp name="T2314"/><temp name="T2185"/><temp name="T2191"/><temp name="T2161"/><temp name="T2115"/><temp name="T2206"/><temp name="T28"/><temp name="T2096"/><temp name="T2170"/><temp name="T2255"/><temp name="T2088"/><temp name="T2118"/><temp name="T2157"/><temp name="T2228"/><temp name="T2240"/><temp name="T2275"/><temp name="T2135"/><temp name="T2092"/><temp name="T2141"/><temp name="T2234"/><temp name="T2294"/><temp name="T2239"/><temp name="T2287"/><temp name="T2179"/></temps></instruction><instruction code="SETL  T2087, 0"><temps name="use"/><temps name="def"><temp name="T2087"/></temps><temps name="in"><temp name="T2290"/><temp name="T2263"/><temp name="T2111"/><temp name="T2078"/><temp name="T2149"/><temp name="T2132"/><temp name="T2188"/><temp name="T2124"/><temp name="T2165"/><temp name="T2175"/><temp name="T2197"/><temp name="T2270"/><temp name="T2108"/><temp name="T2277"/><temp name="T2320"/><temp name="T2326"/><temp name="T2154"/><temp name="T2310"/><temp name="T2230"/><temp name="T2082"/><temp name="T2070"/><temp name="T2213"/><temp name="T2249"/><temp name="T2281"/><temp name="T2103"/><temp name="T2251"/><temp name="T2202"/><temp name="T2244"/><temp name="T2314"/><temp name="T2185"/><temp name="T2191"/><temp name="T2161"/><temp name="T2115"/><temp name="T2206"/><temp name="T28"/><temp name="T2096"/><temp name="T2170"/><temp name="T2255"/><temp name="T2088"/><temp name="T2118"/><temp name="T2157"/><temp name="T2228"/><temp name="T2240"/><temp name="T2275"/><temp name="T2135"/><temp name="T2092"/><temp name="T2141"/><temp name="T2234"/><temp name="T2294"/><temp name="T2239"/><temp name="T2287"/><temp name="T2179"/></temps><temps name="out"><temp name="T2290"/><temp name="T2263"/><temp name="T2111"/><temp name="T2078"/><temp name="T2149"/><temp name="T2132"/><temp name="T2188"/><temp name="T2124"/><temp name="T2165"/><temp name="T2175"/><temp name="T2197"/><temp name="T2270"/><temp name="T2108"/><temp name="T2277"/><temp name="T2320"/><temp name="T2326"/><temp name="T2154"/><temp name="T2310"/><temp name="T2230"/><temp name="T2082"/><temp name="T2070"/><temp name="T2213"/><temp name="T2249"/><temp name="T2281"/><temp name="T2103"/><temp name="T2251"/><temp name="T2202"/><temp name="T2244"/><temp name="T2314"/><temp name="T2185"/><temp name="T2191"/><temp name="T2161"/><temp name="T2115"/><temp name="T2206"/><temp name="T28"/><temp name="T2096"/><temp name="T2170"/><temp name="T2255"/><temp name="T2088"/><temp name="T2118"/><temp name="T2157"/><temp name="T2228"/><temp name="T2240"/><temp name="T2275"/><temp name="T2135"/><temp name="T2092"/><temp name="T2141"/><temp name="T2234"/><temp name="T2294"/><temp name="T2239"/><temp name="T2287"/><temp name="T2179"/></temps></instruction><instruction code="INCML T2087, 0"><temps name="use"/><temps name="def"><temp name="T2087"/></temps><temps name="in"><temp name="T2290"/><temp name="T2263"/><temp name="T2111"/><temp name="T2078"/><temp name="T2149"/><temp name="T2132"/><temp name="T2188"/><temp name="T2124"/><temp name="T2165"/><temp name="T2175"/><temp name="T2197"/><temp name="T2270"/><temp name="T2108"/><temp name="T2277"/><temp name="T2320"/><temp name="T2326"/><temp name="T2154"/><temp name="T2310"/><temp name="T2230"/><temp name="T2082"/><temp name="T2070"/><temp name="T2213"/><temp name="T2249"/><temp name="T2281"/><temp name="T2103"/><temp name="T2251"/><temp name="T2202"/><temp name="T2244"/><temp name="T2314"/><temp name="T2185"/><temp name="T2191"/><temp name="T2161"/><temp name="T2115"/><temp name="T2206"/><temp name="T28"/><temp name="T2096"/><temp name="T2170"/><temp name="T2255"/><temp name="T2088"/><temp name="T2118"/><temp name="T2157"/><temp name="T2228"/><temp name="T2240"/><temp name="T2275"/><temp name="T2135"/><temp name="T2092"/><temp name="T2141"/><temp name="T2234"/><temp name="T2294"/><temp name="T2239"/><temp name="T2287"/><temp name="T2179"/></temps><temps name="out"><temp name="T2290"/><temp name="T2263"/><temp name="T2111"/><temp name="T2078"/><temp name="T2149"/><temp name="T2132"/><temp name="T2188"/><temp name="T2124"/><temp name="T2165"/><temp name="T2175"/><temp name="T2197"/><temp name="T2270"/><temp name="T2108"/><temp name="T2277"/><temp name="T2320"/><temp name="T2326"/><temp name="T2154"/><temp name="T2310"/><temp name="T2230"/><temp name="T2082"/><temp name="T2070"/><temp name="T2213"/><temp name="T2249"/><temp name="T2281"/><temp name="T2103"/><temp name="T2251"/><temp name="T2202"/><temp name="T2244"/><temp name="T2314"/><temp name="T2185"/><temp name="T2191"/><temp name="T2161"/><temp name="T2115"/><temp name="T2206"/><temp name="T28"/><temp name="T2096"/><temp name="T2170"/><temp name="T2255"/><temp name="T2088"/><temp name="T2118"/><temp name="T2157"/><temp name="T2228"/><temp name="T2240"/><temp name="T2275"/><temp name="T2135"/><temp name="T2092"/><temp name="T2141"/><temp name="T2234"/><temp name="T2294"/><temp name="T2239"/><temp name="T2287"/><temp name="T2179"/></temps></instruction><instruction code="INCMH T2087, 0"><temps name="use"/><temps name="def"><temp name="T2087"/></temps><temps name="in"><temp name="T2290"/><temp name="T2263"/><temp name="T2111"/><temp name="T2078"/><temp name="T2149"/><temp name="T2132"/><temp name="T2188"/><temp name="T2124"/><temp name="T2165"/><temp name="T2175"/><temp name="T2197"/><temp name="T2270"/><temp name="T2108"/><temp name="T2277"/><temp name="T2320"/><temp name="T2326"/><temp name="T2154"/><temp name="T2310"/><temp name="T2230"/><temp name="T2082"/><temp name="T2070"/><temp name="T2213"/><temp name="T2249"/><temp name="T2281"/><temp name="T2103"/><temp name="T2251"/><temp name="T2202"/><temp name="T2244"/><temp name="T2314"/><temp name="T2185"/><temp name="T2191"/><temp name="T2161"/><temp name="T2115"/><temp name="T2206"/><temp name="T28"/><temp name="T2096"/><temp name="T2170"/><temp name="T2255"/><temp name="T2088"/><temp name="T2118"/><temp name="T2157"/><temp name="T2228"/><temp name="T2240"/><temp name="T2275"/><temp name="T2135"/><temp name="T2092"/><temp name="T2141"/><temp name="T2234"/><temp name="T2294"/><temp name="T2239"/><temp name="T2287"/><temp name="T2179"/></temps><temps name="out"><temp name="T2290"/><temp name="T2263"/><temp name="T2111"/><temp name="T2078"/><temp name="T2149"/><temp name="T2132"/><temp name="T2188"/><temp name="T2124"/><temp name="T2165"/><temp name="T2175"/><temp name="T2197"/><temp name="T2270"/><temp name="T2108"/><temp name="T2277"/><temp name="T2320"/><temp name="T2326"/><temp name="T2154"/><temp name="T2310"/><temp name="T2230"/><temp name="T2082"/><temp name="T2070"/><temp name="T2213"/><temp name="T2249"/><temp name="T2281"/><temp name="T2103"/><temp name="T2251"/><temp name="T2202"/><temp name="T2244"/><temp name="T2314"/><temp name="T2185"/><temp name="T2191"/><temp name="T2161"/><temp name="T2115"/><temp name="T2206"/><temp name="T28"/><temp name="T2096"/><temp name="T2170"/><temp name="T2255"/><temp name="T2088"/><temp name="T2118"/><temp name="T2157"/><temp name="T2228"/><temp name="T2240"/><temp name="T2275"/><temp name="T2135"/><temp name="T2092"/><temp name="T2141"/><temp name="T2234"/><temp name="T2294"/><temp name="T2239"/><temp name="T2287"/><temp name="T2179"/></temps></instruction><instruction code="INCH  T2087, 0"><temps name="use"/><temps name="def"><temp name="T2087"/></temps><temps name="in"><temp name="T2290"/><temp name="T2263"/><temp name="T2111"/><temp name="T2078"/><temp name="T2149"/><temp name="T2132"/><temp name="T2188"/><temp name="T2124"/><temp name="T2165"/><temp name="T2175"/><temp name="T2197"/><temp name="T2270"/><temp name="T2108"/><temp name="T2277"/><temp name="T2320"/><temp name="T2326"/><temp name="T2154"/><temp name="T2310"/><temp name="T2230"/><temp name="T2082"/><temp name="T2070"/><temp name="T2213"/><temp name="T2249"/><temp name="T2281"/><temp name="T2103"/><temp name="T2251"/><temp name="T2202"/><temp name="T2244"/><temp name="T2314"/><temp name="T2185"/><temp name="T2191"/><temp name="T2161"/><temp name="T2115"/><temp name="T2206"/><temp name="T28"/><temp name="T2096"/><temp name="T2170"/><temp name="T2255"/><temp name="T2088"/><temp name="T2118"/><temp name="T2157"/><temp name="T2228"/><temp name="T2240"/><temp name="T2275"/><temp name="T2135"/><temp name="T2092"/><temp name="T2141"/><temp name="T2234"/><temp name="T2294"/><temp name="T2239"/><temp name="T2287"/><temp name="T2179"/></temps><temps name="out"><temp name="T2290"/><temp name="T2263"/><temp name="T2111"/><temp name="T2078"/><temp name="T2149"/><temp name="T2132"/><temp name="T2188"/><temp name="T2124"/><temp name="T2165"/><temp name="T2175"/><temp name="T2197"/><temp name="T2270"/><temp name="T2108"/><temp name="T2277"/><temp name="T2320"/><temp name="T2326"/><temp name="T2154"/><temp name="T2310"/><temp name="T2230"/><temp name="T2082"/><temp name="T2087"/><temp name="T2070"/><temp name="T2213"/><temp name="T2249"/><temp name="T2281"/><temp name="T2103"/><temp name="T2251"/><temp name="T2202"/><temp name="T2244"/><temp name="T2314"/><temp name="T2185"/><temp name="T2191"/><temp name="T2161"/><temp name="T2115"/><temp name="T2206"/><temp name="T28"/><temp name="T2096"/><temp name="T2170"/><temp name="T2255"/><temp name="T2088"/><temp name="T2118"/><temp name="T2157"/><temp name="T2228"/><temp name="T2240"/><temp name="T2275"/><temp name="T2135"/><temp name="T2092"/><temp name="T2141"/><temp name="T2234"/><temp name="T2294"/><temp name="T2239"/><temp name="T2287"/><temp name="T2179"/></temps></instruction><instruction code="OR T740, T2087, 0"><temps name="use"><temp name="T2087"/></temps><temps name="def"><temp name="T740"/></temps><temps name="in"><temp name="T2290"/><temp name="T2263"/><temp name="T2111"/><temp name="T2078"/><temp name="T2149"/><temp name="T2132"/><temp name="T2188"/><temp name="T2124"/><temp name="T2165"/><temp name="T2175"/><temp name="T2197"/><temp name="T2270"/><temp name="T2108"/><temp name="T2277"/><temp name="T2320"/><temp name="T2326"/><temp name="T2154"/><temp name="T2310"/><temp name="T2230"/><temp name="T2082"/><temp name="T2087"/><temp name="T2070"/><temp name="T2213"/><temp name="T2249"/><temp name="T2281"/><temp name="T2103"/><temp name="T2251"/><temp name="T2202"/><temp name="T2244"/><temp name="T2314"/><temp name="T2185"/><temp name="T2191"/><temp name="T2161"/><temp name="T2115"/><temp name="T2206"/><temp name="T28"/><temp name="T2096"/><temp name="T2170"/><temp name="T2255"/><temp name="T2088"/><temp name="T2118"/><temp name="T2157"/><temp name="T2228"/><temp name="T2240"/><temp name="T2275"/><temp name="T2135"/><temp name="T2092"/><temp name="T2141"/><temp name="T2234"/><temp name="T2294"/><temp name="T2239"/><temp name="T2287"/><temp name="T2179"/></temps><temps name="out"><temp name="T2290"/><temp name="T2263"/><temp name="T2111"/><temp name="T2078"/><temp name="T2149"/><temp name="T2132"/><temp name="T2188"/><temp name="T2124"/><temp name="T2165"/><temp name="T2175"/><temp name="T2197"/><temp name="T2270"/><temp name="T2108"/><temp name="T2277"/><temp name="T2320"/><temp name="T2326"/><temp name="T2154"/><temp name="T2310"/><temp name="T2230"/><temp name="T2082"/><temp name="T2070"/><temp name="T2213"/><temp name="T2249"/><temp name="T2281"/><temp name="T2103"/><temp name="T2251"/><temp name="T2202"/><temp name="T2244"/><temp name="T2314"/><temp name="T2185"/><temp name="T2191"/><temp name="T2161"/><temp name="T740"/><temp name="T2115"/><temp name="T2206"/><temp name="T28"/><temp name="T2096"/><temp name="T2170"/><temp name="T2255"/><temp name="T2088"/><temp name="T2118"/><temp name="T2157"/><temp name="T2228"/><temp name="T2240"/><temp name="T2275"/><temp name="T2135"/><temp name="T2092"/><temp name="T2141"/><temp name="T2234"/><temp name="T2294"/><temp name="T2239"/><temp name="T2287"/><temp name="T2179"/></temps></instruction><instruction code="OR T741, T28, 0"><temps name="use"><temp name="T28"/></temps><temps name="def"><temp name="T741"/></temps><temps name="in"><temp name="T2290"/><temp name="T2263"/><temp name="T2111"/><temp name="T2078"/><temp name="T2149"/><temp name="T2132"/><temp name="T2188"/><temp name="T2124"/><temp name="T2165"/><temp name="T2175"/><temp name="T2197"/><temp name="T2270"/><temp name="T2108"/><temp name="T2277"/><temp name="T2320"/><temp name="T2326"/><temp name="T2154"/><temp name="T2310"/><temp name="T2230"/><temp name="T2082"/><temp name="T2070"/><temp name="T2213"/><temp name="T2249"/><temp name="T2281"/><temp name="T2103"/><temp name="T2251"/><temp name="T2202"/><temp name="T2244"/><temp name="T2314"/><temp name="T2185"/><temp name="T2191"/><temp name="T2161"/><temp name="T740"/><temp name="T2115"/><temp name="T2206"/><temp name="T28"/><temp name="T2096"/><temp name="T2170"/><temp name="T2255"/><temp name="T2088"/><temp name="T2118"/><temp name="T2157"/><temp name="T2228"/><temp name="T2240"/><temp name="T2275"/><temp name="T2135"/><temp name="T2092"/><temp name="T2141"/><temp name="T2234"/><temp name="T2294"/><temp name="T2239"/><temp name="T2287"/><temp name="T2179"/></temps><temps name="out"><temp name="T2290"/><temp name="T2263"/><temp name="T2111"/><temp name="T2078"/><temp name="T2149"/><temp name="T2132"/><temp name="T2188"/><temp name="T2124"/><temp name="T2165"/><temp name="T2175"/><temp name="T2197"/><temp name="T2270"/><temp name="T2108"/><temp name="T2277"/><temp name="T2320"/><temp name="T2326"/><temp name="T2154"/><temp name="T2310"/><temp name="T2230"/><temp name="T2082"/><temp name="T2070"/><temp name="T2213"/><temp name="T2249"/><temp name="T2281"/><temp name="T2103"/><temp name="T2251"/><temp name="T2202"/><temp name="T2244"/><temp name="T2314"/><temp name="T2185"/><temp name="T2191"/><temp name="T2161"/><temp name="T740"/><temp name="T2115"/><temp name="T2206"/><temp name="T28"/><temp name="T2096"/><temp name="T2170"/><temp name="T2255"/><temp name="T2088"/><temp name="T2118"/><temp name="T2157"/><temp name="T2228"/><temp name="T2240"/><temp name="T2275"/><temp name="T2135"/><temp name="T2092"/><temp name="T2141"/><temp name="T2234"/><temp name="T2294"/><temp name="T2239"/><temp name="T2287"/><temp name="T2179"/></temps></instruction><instruction code="LDO T2089, T2088, 0"><temps name="use"><temp name="T2088"/></temps><temps name="def"><temp name="T2089"/></temps><temps name="in"><temp name="T2290"/><temp name="T2263"/><temp name="T2111"/><temp name="T2078"/><temp name="T2149"/><temp name="T2132"/><temp name="T2188"/><temp name="T2124"/><temp name="T2165"/><temp name="T2175"/><temp name="T2197"/><temp name="T2270"/><temp name="T2108"/><temp name="T2277"/><temp name="T2320"/><temp name="T2326"/><temp name="T2154"/><temp name="T2310"/><temp name="T2230"/><temp name="T2082"/><temp name="T2070"/><temp name="T2213"/><temp name="T2249"/><temp name="T2281"/><temp name="T2103"/><temp name="T2251"/><temp name="T2202"/><temp name="T2244"/><temp name="T2314"/><temp name="T2185"/><temp name="T2191"/><temp name="T2161"/><temp name="T740"/><temp name="T2115"/><temp name="T2206"/><temp name="T28"/><temp name="T2096"/><temp name="T2170"/><temp name="T2255"/><temp name="T2088"/><temp name="T2118"/><temp name="T2157"/><temp name="T2228"/><temp name="T2240"/><temp name="T2275"/><temp name="T2135"/><temp name="T2092"/><temp name="T2141"/><temp name="T2234"/><temp name="T2294"/><temp name="T2239"/><temp name="T2287"/><temp name="T2179"/></temps><temps name="out"><temp name="T2290"/><temp name="T2263"/><temp name="T2111"/><temp name="T2078"/><temp name="T2149"/><temp name="T2132"/><temp name="T2188"/><temp name="T2124"/><temp name="T2165"/><temp name="T2175"/><temp name="T2197"/><temp name="T2270"/><temp name="T2108"/><temp name="T2277"/><temp name="T2320"/><temp name="T2326"/><temp name="T2154"/><temp name="T2310"/><temp name="T2230"/><temp name="T2082"/><temp name="T2070"/><temp name="T2213"/><temp name="T2249"/><temp name="T2281"/><temp name="T2103"/><temp name="T2251"/><temp name="T2202"/><temp name="T2244"/><temp name="T2314"/><temp name="T2185"/><temp name="T2191"/><temp name="T2161"/><temp name="T740"/><temp name="T2115"/><temp name="T2206"/><temp name="T28"/><temp name="T2096"/><temp name="T2170"/><temp name="T2255"/><temp name="T2089"/><temp name="T2088"/><temp name="T2118"/><temp name="T2157"/><temp name="T2228"/><temp name="T2240"/><temp name="T2275"/><temp name="T2135"/><temp name="T2092"/><temp name="T2141"/><temp name="T2234"/><temp name="T2294"/><temp name="T2239"/><temp name="T2287"/><temp name="T2179"/></temps></instruction><instruction code="OR T742, T2089, 0"><temps name="use"><temp name="T2089"/></temps><temps name="def"><temp name="T742"/></temps><temps name="in"><temp name="T2290"/><temp name="T2263"/><temp name="T2111"/><temp name="T2078"/><temp name="T2149"/><temp name="T2132"/><temp name="T2188"/><temp name="T2124"/><temp name="T2165"/><temp name="T2175"/><temp name="T2197"/><temp name="T2270"/><temp name="T2108"/><temp name="T2277"/><temp name="T2320"/><temp name="T2326"/><temp name="T2154"/><temp name="T2310"/><temp name="T2230"/><temp name="T2082"/><temp name="T2070"/><temp name="T2213"/><temp name="T2249"/><temp name="T2281"/><temp name="T2103"/><temp name="T2251"/><temp name="T2202"/><temp name="T2244"/><temp name="T2314"/><temp name="T2185"/><temp name="T2191"/><temp name="T2161"/><temp name="T740"/><temp name="T2115"/><temp name="T2206"/><temp name="T28"/><temp name="T2096"/><temp name="T2170"/><temp name="T2255"/><temp name="T2089"/><temp name="T2088"/><temp name="T2118"/><temp name="T2157"/><temp name="T2228"/><temp name="T2240"/><temp name="T2275"/><temp name="T2135"/><temp name="T2092"/><temp name="T2141"/><temp name="T2234"/><temp name="T2294"/><temp name="T2239"/><temp name="T2287"/><temp name="T2179"/></temps><temps name="out"><temp name="T2290"/><temp name="T2263"/><temp name="T2111"/><temp name="T2078"/><temp name="T2149"/><temp name="T2132"/><temp name="T2188"/><temp name="T2124"/><temp name="T2165"/><temp name="T2175"/><temp name="T2197"/><temp name="T2270"/><temp name="T2108"/><temp name="T2277"/><temp name="T2320"/><temp name="T2326"/><temp name="T2154"/><temp name="T2310"/><temp name="T2230"/><temp name="T2082"/><temp name="T2070"/><temp name="T2213"/><temp name="T2249"/><temp name="T2281"/><temp name="T2103"/><temp name="T2251"/><temp name="T2202"/><temp name="T2244"/><temp name="T742"/><temp name="T2314"/><temp name="T2185"/><temp name="T2191"/><temp name="T2161"/><temp name="T740"/><temp name="T2115"/><temp name="T2206"/><temp name="T28"/><temp name="T2096"/><temp name="T2170"/><temp name="T2255"/><temp name="T2088"/><temp name="T2118"/><temp name="T2157"/><temp name="T2228"/><temp name="T2240"/><temp name="T2275"/><temp name="T2135"/><temp name="T2092"/><temp name="T2141"/><temp name="T2234"/><temp name="T2294"/><temp name="T2239"/><temp name="T2287"/><temp name="T2179"/></temps></instruction><instruction code="SETL  T2090, 8"><temps name="use"/><temps name="def"><temp name="T2090"/></temps><temps name="in"><temp name="T2290"/><temp name="T2263"/><temp name="T2111"/><temp name="T2078"/><temp name="T2149"/><temp name="T2132"/><temp name="T2188"/><temp name="T2124"/><temp name="T2165"/><temp name="T2175"/><temp name="T2197"/><temp name="T2270"/><temp name="T2108"/><temp name="T2277"/><temp name="T2320"/><temp name="T2326"/><temp name="T2154"/><temp name="T2310"/><temp name="T2230"/><temp name="T2082"/><temp name="T2070"/><temp name="T2213"/><temp name="T2249"/><temp name="T2281"/><temp name="T2103"/><temp name="T2251"/><temp name="T2202"/><temp name="T2244"/><temp name="T742"/><temp name="T2314"/><temp name="T2185"/><temp name="T2191"/><temp name="T2161"/><temp name="T740"/><temp name="T2115"/><temp name="T2206"/><temp name="T28"/><temp name="T2096"/><temp name="T2170"/><temp name="T2255"/><temp name="T2088"/><temp name="T2118"/><temp name="T2157"/><temp name="T2228"/><temp name="T2240"/><temp name="T2275"/><temp name="T2135"/><temp name="T2092"/><temp name="T2141"/><temp name="T2234"/><temp name="T2294"/><temp name="T2239"/><temp name="T2287"/><temp name="T2179"/></temps><temps name="out"><temp name="T2290"/><temp name="T2263"/><temp name="T2111"/><temp name="T2078"/><temp name="T2149"/><temp name="T2132"/><temp name="T2188"/><temp name="T2124"/><temp name="T2165"/><temp name="T2175"/><temp name="T2197"/><temp name="T2270"/><temp name="T2108"/><temp name="T2277"/><temp name="T2320"/><temp name="T2326"/><temp name="T2154"/><temp name="T2310"/><temp name="T2230"/><temp name="T2082"/><temp name="T2070"/><temp name="T2213"/><temp name="T2249"/><temp name="T2281"/><temp name="T2103"/><temp name="T2251"/><temp name="T2202"/><temp name="T2244"/><temp name="T742"/><temp name="T2314"/><temp name="T2185"/><temp name="T2191"/><temp name="T2161"/><temp name="T740"/><temp name="T2115"/><temp name="T2206"/><temp name="T28"/><temp name="T2096"/><temp name="T2170"/><temp name="T2255"/><temp name="T2088"/><temp name="T2118"/><temp name="T2157"/><temp name="T2228"/><temp name="T2240"/><temp name="T2275"/><temp name="T2135"/><temp name="T2092"/><temp name="T2141"/><temp name="T2234"/><temp name="T2294"/><temp name="T2239"/><temp name="T2287"/><temp name="T2179"/></temps></instruction><instruction code="INCML T2090, 0"><temps name="use"/><temps name="def"><temp name="T2090"/></temps><temps name="in"><temp name="T2290"/><temp name="T2263"/><temp name="T2111"/><temp name="T2078"/><temp name="T2149"/><temp name="T2132"/><temp name="T2188"/><temp name="T2124"/><temp name="T2165"/><temp name="T2175"/><temp name="T2197"/><temp name="T2270"/><temp name="T2108"/><temp name="T2277"/><temp name="T2320"/><temp name="T2326"/><temp name="T2154"/><temp name="T2310"/><temp name="T2230"/><temp name="T2082"/><temp name="T2070"/><temp name="T2213"/><temp name="T2249"/><temp name="T2281"/><temp name="T2103"/><temp name="T2251"/><temp name="T2202"/><temp name="T2244"/><temp name="T742"/><temp name="T2314"/><temp name="T2185"/><temp name="T2191"/><temp name="T2161"/><temp name="T740"/><temp name="T2115"/><temp name="T2206"/><temp name="T28"/><temp name="T2096"/><temp name="T2170"/><temp name="T2255"/><temp name="T2088"/><temp name="T2118"/><temp name="T2157"/><temp name="T2228"/><temp name="T2240"/><temp name="T2275"/><temp name="T2135"/><temp name="T2092"/><temp name="T2141"/><temp name="T2234"/><temp name="T2294"/><temp name="T2239"/><temp name="T2287"/><temp name="T2179"/></temps><temps name="out"><temp name="T2290"/><temp name="T2263"/><temp name="T2111"/><temp name="T2078"/><temp name="T2149"/><temp name="T2132"/><temp name="T2188"/><temp name="T2124"/><temp name="T2165"/><temp name="T2175"/><temp name="T2197"/><temp name="T2270"/><temp name="T2108"/><temp name="T2277"/><temp name="T2320"/><temp name="T2326"/><temp name="T2154"/><temp name="T2310"/><temp name="T2230"/><temp name="T2082"/><temp name="T2070"/><temp name="T2213"/><temp name="T2249"/><temp name="T2281"/><temp name="T2103"/><temp name="T2251"/><temp name="T2202"/><temp name="T2244"/><temp name="T742"/><temp name="T2314"/><temp name="T2185"/><temp name="T2191"/><temp name="T2161"/><temp name="T740"/><temp name="T2115"/><temp name="T2206"/><temp name="T28"/><temp name="T2096"/><temp name="T2170"/><temp name="T2255"/><temp name="T2088"/><temp name="T2118"/><temp name="T2157"/><temp name="T2228"/><temp name="T2240"/><temp name="T2275"/><temp name="T2135"/><temp name="T2092"/><temp name="T2141"/><temp name="T2234"/><temp name="T2294"/><temp name="T2239"/><temp name="T2287"/><temp name="T2179"/></temps></instruction><instruction code="INCMH T2090, 0"><temps name="use"/><temps name="def"><temp name="T2090"/></temps><temps name="in"><temp name="T2290"/><temp name="T2263"/><temp name="T2111"/><temp name="T2078"/><temp name="T2149"/><temp name="T2132"/><temp name="T2188"/><temp name="T2124"/><temp name="T2165"/><temp name="T2175"/><temp name="T2197"/><temp name="T2270"/><temp name="T2108"/><temp name="T2277"/><temp name="T2320"/><temp name="T2326"/><temp name="T2154"/><temp name="T2310"/><temp name="T2230"/><temp name="T2082"/><temp name="T2070"/><temp name="T2213"/><temp name="T2249"/><temp name="T2281"/><temp name="T2103"/><temp name="T2251"/><temp name="T2202"/><temp name="T2244"/><temp name="T742"/><temp name="T2314"/><temp name="T2185"/><temp name="T2191"/><temp name="T2161"/><temp name="T740"/><temp name="T2115"/><temp name="T2206"/><temp name="T28"/><temp name="T2096"/><temp name="T2170"/><temp name="T2255"/><temp name="T2088"/><temp name="T2118"/><temp name="T2157"/><temp name="T2228"/><temp name="T2240"/><temp name="T2275"/><temp name="T2135"/><temp name="T2092"/><temp name="T2141"/><temp name="T2234"/><temp name="T2294"/><temp name="T2239"/><temp name="T2287"/><temp name="T2179"/></temps><temps name="out"><temp name="T2290"/><temp name="T2263"/><temp name="T2111"/><temp name="T2078"/><temp name="T2149"/><temp name="T2132"/><temp name="T2188"/><temp name="T2124"/><temp name="T2165"/><temp name="T2175"/><temp name="T2197"/><temp name="T2270"/><temp name="T2108"/><temp name="T2277"/><temp name="T2320"/><temp name="T2326"/><temp name="T2154"/><temp name="T2310"/><temp name="T2230"/><temp name="T2082"/><temp name="T2070"/><temp name="T2213"/><temp name="T2249"/><temp name="T2281"/><temp name="T2103"/><temp name="T2251"/><temp name="T2202"/><temp name="T2244"/><temp name="T742"/><temp name="T2314"/><temp name="T2185"/><temp name="T2191"/><temp name="T2161"/><temp name="T740"/><temp name="T2115"/><temp name="T2206"/><temp name="T28"/><temp name="T2096"/><temp name="T2170"/><temp name="T2255"/><temp name="T2088"/><temp name="T2118"/><temp name="T2157"/><temp name="T2228"/><temp name="T2240"/><temp name="T2275"/><temp name="T2135"/><temp name="T2092"/><temp name="T2141"/><temp name="T2234"/><temp name="T2294"/><temp name="T2239"/><temp name="T2287"/><temp name="T2179"/></temps></instruction><instruction code="INCH  T2090, 0"><temps name="use"/><temps name="def"><temp name="T2090"/></temps><temps name="in"><temp name="T2290"/><temp name="T2263"/><temp name="T2111"/><temp name="T2078"/><temp name="T2149"/><temp name="T2132"/><temp name="T2188"/><temp name="T2124"/><temp name="T2165"/><temp name="T2175"/><temp name="T2197"/><temp name="T2270"/><temp name="T2108"/><temp name="T2277"/><temp name="T2320"/><temp name="T2326"/><temp name="T2154"/><temp name="T2310"/><temp name="T2230"/><temp name="T2082"/><temp name="T2070"/><temp name="T2213"/><temp name="T2249"/><temp name="T2281"/><temp name="T2103"/><temp name="T2251"/><temp name="T2202"/><temp name="T2244"/><temp name="T742"/><temp name="T2314"/><temp name="T2185"/><temp name="T2191"/><temp name="T2161"/><temp name="T740"/><temp name="T2115"/><temp name="T2206"/><temp name="T28"/><temp name="T2096"/><temp name="T2170"/><temp name="T2255"/><temp name="T2088"/><temp name="T2118"/><temp name="T2157"/><temp name="T2228"/><temp name="T2240"/><temp name="T2275"/><temp name="T2135"/><temp name="T2092"/><temp name="T2141"/><temp name="T2234"/><temp name="T2294"/><temp name="T2239"/><temp name="T2287"/><temp name="T2179"/></temps><temps name="out"><temp name="T2290"/><temp name="T2263"/><temp name="T2090"/><temp name="T2111"/><temp name="T2078"/><temp name="T2149"/><temp name="T2132"/><temp name="T2188"/><temp name="T2124"/><temp name="T2165"/><temp name="T2175"/><temp name="T2197"/><temp name="T2270"/><temp name="T2108"/><temp name="T2277"/><temp name="T2320"/><temp name="T2326"/><temp name="T2154"/><temp name="T2310"/><temp name="T2230"/><temp name="T2082"/><temp name="T2070"/><temp name="T2213"/><temp name="T2249"/><temp name="T2281"/><temp name="T2103"/><temp name="T2251"/><temp name="T2202"/><temp name="T2244"/><temp name="T742"/><temp name="T2314"/><temp name="T2185"/><temp name="T2191"/><temp name="T2161"/><temp name="T740"/><temp name="T2115"/><temp name="T2206"/><temp name="T28"/><temp name="T2096"/><temp name="T2170"/><temp name="T2255"/><temp name="T2088"/><temp name="T2118"/><temp name="T2157"/><temp name="T2228"/><temp name="T2240"/><temp name="T2275"/><temp name="T2135"/><temp name="T2092"/><temp name="T2141"/><temp name="T2234"/><temp name="T2294"/><temp name="T2239"/><temp name="T2287"/><temp name="T2179"/></temps></instruction><instruction code="OR T743, T2090, 0"><temps name="use"><temp name="T2090"/></temps><temps name="def"><temp name="T743"/></temps><temps name="in"><temp name="T2290"/><temp name="T2263"/><temp name="T2090"/><temp name="T2111"/><temp name="T2078"/><temp name="T2149"/><temp name="T2132"/><temp name="T2188"/><temp name="T2124"/><temp name="T2165"/><temp name="T2175"/><temp name="T2197"/><temp name="T2270"/><temp name="T2108"/><temp name="T2277"/><temp name="T2320"/><temp name="T2326"/><temp name="T2154"/><temp name="T2310"/><temp name="T2230"/><temp name="T2082"/><temp name="T2070"/><temp name="T2213"/><temp name="T2249"/><temp name="T2281"/><temp name="T2103"/><temp name="T2251"/><temp name="T2202"/><temp name="T2244"/><temp name="T742"/><temp name="T2314"/><temp name="T2185"/><temp name="T2191"/><temp name="T2161"/><temp name="T740"/><temp name="T2115"/><temp name="T2206"/><temp name="T28"/><temp name="T2096"/><temp name="T2170"/><temp name="T2255"/><temp name="T2088"/><temp name="T2118"/><temp name="T2157"/><temp name="T2228"/><temp name="T2240"/><temp name="T2275"/><temp name="T2135"/><temp name="T2092"/><temp name="T2141"/><temp name="T2234"/><temp name="T2294"/><temp name="T2239"/><temp name="T2287"/><temp name="T2179"/></temps><temps name="out"><temp name="T2290"/><temp name="T2263"/><temp name="T2111"/><temp name="T2078"/><temp name="T2149"/><temp name="T2132"/><temp name="T2188"/><temp name="T2124"/><temp name="T2165"/><temp name="T2175"/><temp name="T2197"/><temp name="T2270"/><temp name="T2108"/><temp name="T2277"/><temp name="T2320"/><temp name="T2326"/><temp name="T2154"/><temp name="T2310"/><temp name="T2230"/><temp name="T2082"/><temp name="T2070"/><temp name="T2213"/><temp name="T2249"/><temp name="T2281"/><temp name="T2103"/><temp name="T2251"/><temp name="T2202"/><temp name="T2244"/><temp name="T742"/><temp name="T743"/><temp name="T2314"/><temp name="T2185"/><temp name="T2191"/><temp name="T2161"/><temp name="T740"/><temp name="T2115"/><temp name="T2206"/><temp name="T28"/><temp name="T2096"/><temp name="T2170"/><temp name="T2255"/><temp name="T2088"/><temp name="T2118"/><temp name="T2157"/><temp name="T2228"/><temp name="T2240"/><temp name="T2275"/><temp name="T2135"/><temp name="T2092"/><temp name="T2141"/><temp name="T2234"/><temp name="T2294"/><temp name="T2239"/><temp name="T2287"/><temp name="T2179"/></temps></instruction><instruction code="ADD T2091, T742, T743"><temps name="use"><temp name="T742"/><temp name="T743"/></temps><temps name="def"><temp name="T2091"/></temps><temps name="in"><temp name="T2290"/><temp name="T2263"/><temp name="T2111"/><temp name="T2078"/><temp name="T2149"/><temp name="T2132"/><temp name="T2188"/><temp name="T2124"/><temp name="T2165"/><temp name="T2175"/><temp name="T2197"/><temp name="T2270"/><temp name="T2108"/><temp name="T2277"/><temp name="T2320"/><temp name="T2326"/><temp name="T2154"/><temp name="T2310"/><temp name="T2230"/><temp name="T2082"/><temp name="T2070"/><temp name="T2213"/><temp name="T2249"/><temp name="T2281"/><temp name="T2103"/><temp name="T2251"/><temp name="T2202"/><temp name="T2244"/><temp name="T742"/><temp name="T743"/><temp name="T2314"/><temp name="T2185"/><temp name="T2191"/><temp name="T2161"/><temp name="T740"/><temp name="T2115"/><temp name="T2206"/><temp name="T28"/><temp name="T2096"/><temp name="T2170"/><temp name="T2255"/><temp name="T2088"/><temp name="T2118"/><temp name="T2157"/><temp name="T2228"/><temp name="T2240"/><temp name="T2275"/><temp name="T2135"/><temp name="T2092"/><temp name="T2141"/><temp name="T2234"/><temp name="T2294"/><temp name="T2239"/><temp name="T2287"/><temp name="T2179"/></temps><temps name="out"><temp name="T2290"/><temp name="T2263"/><temp name="T2111"/><temp name="T2078"/><temp name="T2149"/><temp name="T2132"/><temp name="T2188"/><temp name="T2124"/><temp name="T2165"/><temp name="T2175"/><temp name="T2197"/><temp name="T2270"/><temp name="T2108"/><temp name="T2277"/><temp name="T2091"/><temp name="T2320"/><temp name="T2326"/><temp name="T2154"/><temp name="T2310"/><temp name="T2230"/><temp name="T2082"/><temp name="T2070"/><temp name="T2213"/><temp name="T2249"/><temp name="T2281"/><temp name="T2103"/><temp name="T2251"/><temp name="T2202"/><temp name="T2244"/><temp name="T2314"/><temp name="T2185"/><temp name="T2191"/><temp name="T2161"/><temp name="T740"/><temp name="T2115"/><temp name="T2206"/><temp name="T28"/><temp name="T2096"/><temp name="T2170"/><temp name="T2255"/><temp name="T2088"/><temp name="T2118"/><temp name="T2157"/><temp name="T2228"/><temp name="T2240"/><temp name="T2275"/><temp name="T2135"/><temp name="T2092"/><temp name="T2141"/><temp name="T2234"/><temp name="T2294"/><temp name="T2239"/><temp name="T2287"/><temp name="T2179"/></temps></instruction><instruction code="OR T744, T2091, 0"><temps name="use"><temp name="T2091"/></temps><temps name="def"><temp name="T744"/></temps><temps name="in"><temp name="T2290"/><temp name="T2263"/><temp name="T2111"/><temp name="T2078"/><temp name="T2149"/><temp name="T2132"/><temp name="T2188"/><temp name="T2124"/><temp name="T2165"/><temp name="T2175"/><temp name="T2197"/><temp name="T2270"/><temp name="T2108"/><temp name="T2277"/><temp name="T2091"/><temp name="T2320"/><temp name="T2326"/><temp name="T2154"/><temp name="T2310"/><temp name="T2230"/><temp name="T2082"/><temp name="T2070"/><temp name="T2213"/><temp name="T2249"/><temp name="T2281"/><temp name="T2103"/><temp name="T2251"/><temp name="T2202"/><temp name="T2244"/><temp name="T2314"/><temp name="T2185"/><temp name="T2191"/><temp name="T2161"/><temp name="T740"/><temp name="T2115"/><temp name="T2206"/><temp name="T28"/><temp name="T2096"/><temp name="T2170"/><temp name="T2255"/><temp name="T2088"/><temp name="T2118"/><temp name="T2157"/><temp name="T2228"/><temp name="T2240"/><temp name="T2275"/><temp name="T2135"/><temp name="T2092"/><temp name="T2141"/><temp name="T2234"/><temp name="T2294"/><temp name="T2239"/><temp name="T2287"/><temp name="T2179"/></temps><temps name="out"><temp name="T2290"/><temp name="T2263"/><temp name="T2111"/><temp name="T2078"/><temp name="T2149"/><temp name="T2132"/><temp name="T2188"/><temp name="T2124"/><temp name="T2165"/><temp name="T2175"/><temp name="T2197"/><temp name="T2270"/><temp name="T2108"/><temp name="T2277"/><temp name="T2320"/><temp name="T2326"/><temp name="T2154"/><temp name="T2310"/><temp name="T2230"/><temp name="T2082"/><temp name="T2070"/><temp name="T2213"/><temp name="T2249"/><temp name="T2281"/><temp name="T2103"/><temp name="T2251"/><temp name="T2202"/><temp name="T2244"/><temp name="T2314"/><temp name="T2185"/><temp name="T2191"/><temp name="T2161"/><temp name="T740"/><temp name="T2115"/><temp name="T2206"/><temp name="T28"/><temp name="T2096"/><temp name="T2170"/><temp name="T2255"/><temp name="T2088"/><temp name="T2118"/><temp name="T2157"/><temp name="T2228"/><temp name="T2240"/><temp name="T2275"/><temp name="T2135"/><temp name="T2092"/><temp name="T2141"/><temp name="T2234"/><temp name="T2294"/><temp name="T2239"/><temp name="T2287"/><temp name="T2179"/></temps></instruction><instruction code="LDO T2093, T2092, 0"><temps name="use"><temp name="T2092"/></temps><temps name="def"><temp name="T2093"/></temps><temps name="in"><temp name="T2290"/><temp name="T2263"/><temp name="T2111"/><temp name="T2078"/><temp name="T2149"/><temp name="T2132"/><temp name="T2188"/><temp name="T2124"/><temp name="T2165"/><temp name="T2175"/><temp name="T2197"/><temp name="T2270"/><temp name="T2108"/><temp name="T2277"/><temp name="T2320"/><temp name="T2326"/><temp name="T2154"/><temp name="T2310"/><temp name="T2230"/><temp name="T2082"/><temp name="T2070"/><temp name="T2213"/><temp name="T2249"/><temp name="T2281"/><temp name="T2103"/><temp name="T2251"/><temp name="T2202"/><temp name="T2244"/><temp name="T2314"/><temp name="T2185"/><temp name="T2191"/><temp name="T2161"/><temp name="T740"/><temp name="T2115"/><temp name="T2206"/><temp name="T28"/><temp name="T2096"/><temp name="T2170"/><temp name="T2255"/><temp name="T2088"/><temp name="T2118"/><temp name="T2157"/><temp name="T2228"/><temp name="T2240"/><temp name="T2275"/><temp name="T2135"/><temp name="T2092"/><temp name="T2141"/><temp name="T2234"/><temp name="T2294"/><temp name="T2239"/><temp name="T2287"/><temp name="T2179"/></temps><temps name="out"><temp name="T2290"/><temp name="T2263"/><temp name="T2111"/><temp name="T2078"/><temp name="T2149"/><temp name="T2132"/><temp name="T2188"/><temp name="T2124"/><temp name="T2165"/><temp name="T2175"/><temp name="T2197"/><temp name="T2270"/><temp name="T2108"/><temp name="T2277"/><temp name="T2320"/><temp name="T2326"/><temp name="T2154"/><temp name="T2310"/><temp name="T2230"/><temp name="T2082"/><temp name="T2070"/><temp name="T2213"/><temp name="T2249"/><temp name="T2281"/><temp name="T2103"/><temp name="T2251"/><temp name="T2202"/><temp name="T2244"/><temp name="T2314"/><temp name="T2185"/><temp name="T2191"/><temp name="T2161"/><temp name="T740"/><temp name="T2115"/><temp name="T2206"/><temp name="T28"/><temp name="T2096"/><temp name="T2170"/><temp name="T2255"/><temp name="T2088"/><temp name="T2118"/><temp name="T2093"/><temp name="T2157"/><temp name="T2228"/><temp name="T2240"/><temp name="T2275"/><temp name="T2135"/><temp name="T2092"/><temp name="T2141"/><temp name="T2234"/><temp name="T2294"/><temp name="T2239"/><temp name="T2287"/><temp name="T2179"/></temps></instruction><instruction code="OR T745, T2093, 0"><temps name="use"><temp name="T2093"/></temps><temps name="def"><temp name="T745"/></temps><temps name="in"><temp name="T2290"/><temp name="T2263"/><temp name="T2111"/><temp name="T2078"/><temp name="T2149"/><temp name="T2132"/><temp name="T2188"/><temp name="T2124"/><temp name="T2165"/><temp name="T2175"/><temp name="T2197"/><temp name="T2270"/><temp name="T2108"/><temp name="T2277"/><temp name="T2320"/><temp name="T2326"/><temp name="T2154"/><temp name="T2310"/><temp name="T2230"/><temp name="T2082"/><temp name="T2070"/><temp name="T2213"/><temp name="T2249"/><temp name="T2281"/><temp name="T2103"/><temp name="T2251"/><temp name="T2202"/><temp name="T2244"/><temp name="T2314"/><temp name="T2185"/><temp name="T2191"/><temp name="T2161"/><temp name="T740"/><temp name="T2115"/><temp name="T2206"/><temp name="T28"/><temp name="T2096"/><temp name="T2170"/><temp name="T2255"/><temp name="T2088"/><temp name="T2118"/><temp name="T2093"/><temp name="T2157"/><temp name="T2228"/><temp name="T2240"/><temp name="T2275"/><temp name="T2135"/><temp name="T2092"/><temp name="T2141"/><temp name="T2234"/><temp name="T2294"/><temp name="T2239"/><temp name="T2287"/><temp name="T2179"/></temps><temps name="out"><temp name="T2290"/><temp name="T2263"/><temp name="T745"/><temp name="T2111"/><temp name="T2078"/><temp name="T2149"/><temp name="T2132"/><temp name="T2188"/><temp name="T2124"/><temp name="T2165"/><temp name="T2175"/><temp name="T2197"/><temp name="T2270"/><temp name="T2108"/><temp name="T2277"/><temp name="T2320"/><temp name="T2326"/><temp name="T2154"/><temp name="T2310"/><temp name="T2230"/><temp name="T2082"/><temp name="T2070"/><temp name="T2213"/><temp name="T2249"/><temp name="T2281"/><temp name="T2103"/><temp name="T2251"/><temp name="T2202"/><temp name="T2244"/><temp name="T2314"/><temp name="T2185"/><temp name="T2191"/><temp name="T2161"/><temp name="T740"/><temp name="T2115"/><temp name="T2206"/><temp name="T28"/><temp name="T2096"/><temp name="T2170"/><temp name="T2255"/><temp name="T2088"/><temp name="T2118"/><temp name="T2157"/><temp name="T2228"/><temp name="T2240"/><temp name="T2275"/><temp name="T2135"/><temp name="T2092"/><temp name="T2141"/><temp name="T2234"/><temp name="T2294"/><temp name="T2239"/><temp name="T2287"/><temp name="T2179"/></temps></instruction><instruction code="OR T746, T28, 0"><temps name="use"><temp name="T28"/></temps><temps name="def"><temp name="T746"/></temps><temps name="in"><temp name="T2290"/><temp name="T2263"/><temp name="T745"/><temp name="T2111"/><temp name="T2078"/><temp name="T2149"/><temp name="T2132"/><temp name="T2188"/><temp name="T2124"/><temp name="T2165"/><temp name="T2175"/><temp name="T2197"/><temp name="T2270"/><temp name="T2108"/><temp name="T2277"/><temp name="T2320"/><temp name="T2326"/><temp name="T2154"/><temp name="T2310"/><temp name="T2230"/><temp name="T2082"/><temp name="T2070"/><temp name="T2213"/><temp name="T2249"/><temp name="T2281"/><temp name="T2103"/><temp name="T2251"/><temp name="T2202"/><temp name="T2244"/><temp name="T2314"/><temp name="T2185"/><temp name="T2191"/><temp name="T2161"/><temp name="T740"/><temp name="T2115"/><temp name="T2206"/><temp name="T28"/><temp name="T2096"/><temp name="T2170"/><temp name="T2255"/><temp name="T2088"/><temp name="T2118"/><temp name="T2157"/><temp name="T2228"/><temp name="T2240"/><temp name="T2275"/><temp name="T2135"/><temp name="T2092"/><temp name="T2141"/><temp name="T2234"/><temp name="T2294"/><temp name="T2239"/><temp name="T2287"/><temp name="T2179"/></temps><temps name="out"><temp name="T2290"/><temp name="T2263"/><temp name="T745"/><temp name="T2111"/><temp name="T2078"/><temp name="T2149"/><temp name="T2132"/><temp name="T2188"/><temp name="T2124"/><temp name="T2165"/><temp name="T2175"/><temp name="T2197"/><temp name="T2270"/><temp name="T2108"/><temp name="T2277"/><temp name="T2320"/><temp name="T2326"/><temp name="T2154"/><temp name="T2310"/><temp name="T2230"/><temp name="T2082"/><temp name="T2070"/><temp name="T2213"/><temp name="T2249"/><temp name="T2281"/><temp name="T2103"/><temp name="T2251"/><temp name="T2202"/><temp name="T2244"/><temp name="T2314"/><temp name="T2185"/><temp name="T2191"/><temp name="T2161"/><temp name="T740"/><temp name="T2115"/><temp name="T2206"/><temp name="T2096"/><temp name="T28"/><temp name="T2170"/><temp name="T2255"/><temp name="T2088"/><temp name="T746"/><temp name="T2118"/><temp name="T2157"/><temp name="T2228"/><temp name="T2240"/><temp name="T2275"/><temp name="T2135"/><temp name="T2092"/><temp name="T2141"/><temp name="T2234"/><temp name="T2294"/><temp name="T2239"/><temp name="T2287"/><temp name="T2179"/></temps></instruction><instruction code="SETL  T2094, 16"><temps name="use"/><temps name="def"><temp name="T2094"/></temps><temps name="in"><temp name="T2290"/><temp name="T2263"/><temp name="T745"/><temp name="T2111"/><temp name="T2078"/><temp name="T2149"/><temp name="T2132"/><temp name="T2188"/><temp name="T2124"/><temp name="T2165"/><temp name="T2175"/><temp name="T2197"/><temp name="T2270"/><temp name="T2108"/><temp name="T2277"/><temp name="T2320"/><temp name="T2326"/><temp name="T2154"/><temp name="T2310"/><temp name="T2230"/><temp name="T2082"/><temp name="T2070"/><temp name="T2213"/><temp name="T2249"/><temp name="T2281"/><temp name="T2103"/><temp name="T2251"/><temp name="T2202"/><temp name="T2244"/><temp name="T2314"/><temp name="T2185"/><temp name="T2191"/><temp name="T2161"/><temp name="T740"/><temp name="T2115"/><temp name="T2206"/><temp name="T2096"/><temp name="T28"/><temp name="T2170"/><temp name="T2255"/><temp name="T2088"/><temp name="T746"/><temp name="T2118"/><temp name="T2157"/><temp name="T2228"/><temp name="T2240"/><temp name="T2275"/><temp name="T2135"/><temp name="T2092"/><temp name="T2141"/><temp name="T2234"/><temp name="T2294"/><temp name="T2239"/><temp name="T2287"/><temp name="T2179"/></temps><temps name="out"><temp name="T2290"/><temp name="T2263"/><temp name="T745"/><temp name="T2111"/><temp name="T2078"/><temp name="T2149"/><temp name="T2132"/><temp name="T2188"/><temp name="T2124"/><temp name="T2165"/><temp name="T2175"/><temp name="T2197"/><temp name="T2270"/><temp name="T2108"/><temp name="T2277"/><temp name="T2320"/><temp name="T2326"/><temp name="T2154"/><temp name="T2310"/><temp name="T2230"/><temp name="T2082"/><temp name="T2070"/><temp name="T2213"/><temp name="T2249"/><temp name="T2281"/><temp name="T2103"/><temp name="T2251"/><temp name="T2202"/><temp name="T2244"/><temp name="T2314"/><temp name="T2185"/><temp name="T2191"/><temp name="T2161"/><temp name="T740"/><temp name="T2115"/><temp name="T2206"/><temp name="T2096"/><temp name="T28"/><temp name="T2170"/><temp name="T2255"/><temp name="T2088"/><temp name="T746"/><temp name="T2118"/><temp name="T2157"/><temp name="T2228"/><temp name="T2240"/><temp name="T2275"/><temp name="T2135"/><temp name="T2092"/><temp name="T2141"/><temp name="T2234"/><temp name="T2294"/><temp name="T2239"/><temp name="T2287"/><temp name="T2179"/></temps></instruction><instruction code="INCML T2094, 0"><temps name="use"/><temps name="def"><temp name="T2094"/></temps><temps name="in"><temp name="T2290"/><temp name="T2263"/><temp name="T745"/><temp name="T2111"/><temp name="T2078"/><temp name="T2149"/><temp name="T2132"/><temp name="T2188"/><temp name="T2124"/><temp name="T2165"/><temp name="T2175"/><temp name="T2197"/><temp name="T2270"/><temp name="T2108"/><temp name="T2277"/><temp name="T2320"/><temp name="T2326"/><temp name="T2154"/><temp name="T2310"/><temp name="T2230"/><temp name="T2082"/><temp name="T2070"/><temp name="T2213"/><temp name="T2249"/><temp name="T2281"/><temp name="T2103"/><temp name="T2251"/><temp name="T2202"/><temp name="T2244"/><temp name="T2314"/><temp name="T2185"/><temp name="T2191"/><temp name="T2161"/><temp name="T740"/><temp name="T2115"/><temp name="T2206"/><temp name="T2096"/><temp name="T28"/><temp name="T2170"/><temp name="T2255"/><temp name="T2088"/><temp name="T746"/><temp name="T2118"/><temp name="T2157"/><temp name="T2228"/><temp name="T2240"/><temp name="T2275"/><temp name="T2135"/><temp name="T2092"/><temp name="T2141"/><temp name="T2234"/><temp name="T2294"/><temp name="T2239"/><temp name="T2287"/><temp name="T2179"/></temps><temps name="out"><temp name="T2290"/><temp name="T2263"/><temp name="T745"/><temp name="T2111"/><temp name="T2078"/><temp name="T2149"/><temp name="T2132"/><temp name="T2188"/><temp name="T2124"/><temp name="T2165"/><temp name="T2175"/><temp name="T2197"/><temp name="T2270"/><temp name="T2108"/><temp name="T2277"/><temp name="T2320"/><temp name="T2326"/><temp name="T2154"/><temp name="T2310"/><temp name="T2230"/><temp name="T2082"/><temp name="T2070"/><temp name="T2213"/><temp name="T2249"/><temp name="T2281"/><temp name="T2103"/><temp name="T2251"/><temp name="T2202"/><temp name="T2244"/><temp name="T2314"/><temp name="T2185"/><temp name="T2191"/><temp name="T2161"/><temp name="T740"/><temp name="T2115"/><temp name="T2206"/><temp name="T2096"/><temp name="T28"/><temp name="T2170"/><temp name="T2255"/><temp name="T2088"/><temp name="T746"/><temp name="T2118"/><temp name="T2157"/><temp name="T2228"/><temp name="T2240"/><temp name="T2275"/><temp name="T2135"/><temp name="T2092"/><temp name="T2141"/><temp name="T2234"/><temp name="T2294"/><temp name="T2239"/><temp name="T2287"/><temp name="T2179"/></temps></instruction><instruction code="INCMH T2094, 0"><temps name="use"/><temps name="def"><temp name="T2094"/></temps><temps name="in"><temp name="T2290"/><temp name="T2263"/><temp name="T745"/><temp name="T2111"/><temp name="T2078"/><temp name="T2149"/><temp name="T2132"/><temp name="T2188"/><temp name="T2124"/><temp name="T2165"/><temp name="T2175"/><temp name="T2197"/><temp name="T2270"/><temp name="T2108"/><temp name="T2277"/><temp name="T2320"/><temp name="T2326"/><temp name="T2154"/><temp name="T2310"/><temp name="T2230"/><temp name="T2082"/><temp name="T2070"/><temp name="T2213"/><temp name="T2249"/><temp name="T2281"/><temp name="T2103"/><temp name="T2251"/><temp name="T2202"/><temp name="T2244"/><temp name="T2314"/><temp name="T2185"/><temp name="T2191"/><temp name="T2161"/><temp name="T740"/><temp name="T2115"/><temp name="T2206"/><temp name="T2096"/><temp name="T28"/><temp name="T2170"/><temp name="T2255"/><temp name="T2088"/><temp name="T746"/><temp name="T2118"/><temp name="T2157"/><temp name="T2228"/><temp name="T2240"/><temp name="T2275"/><temp name="T2135"/><temp name="T2092"/><temp name="T2141"/><temp name="T2234"/><temp name="T2294"/><temp name="T2239"/><temp name="T2287"/><temp name="T2179"/></temps><temps name="out"><temp name="T2290"/><temp name="T2263"/><temp name="T745"/><temp name="T2111"/><temp name="T2078"/><temp name="T2149"/><temp name="T2132"/><temp name="T2188"/><temp name="T2124"/><temp name="T2165"/><temp name="T2175"/><temp name="T2197"/><temp name="T2270"/><temp name="T2108"/><temp name="T2277"/><temp name="T2320"/><temp name="T2326"/><temp name="T2154"/><temp name="T2310"/><temp name="T2230"/><temp name="T2082"/><temp name="T2070"/><temp name="T2213"/><temp name="T2249"/><temp name="T2281"/><temp name="T2103"/><temp name="T2251"/><temp name="T2202"/><temp name="T2244"/><temp name="T2314"/><temp name="T2185"/><temp name="T2191"/><temp name="T2161"/><temp name="T740"/><temp name="T2115"/><temp name="T2206"/><temp name="T2096"/><temp name="T28"/><temp name="T2170"/><temp name="T2255"/><temp name="T2088"/><temp name="T746"/><temp name="T2118"/><temp name="T2157"/><temp name="T2228"/><temp name="T2240"/><temp name="T2275"/><temp name="T2135"/><temp name="T2092"/><temp name="T2141"/><temp name="T2234"/><temp name="T2294"/><temp name="T2239"/><temp name="T2287"/><temp name="T2179"/></temps></instruction><instruction code="INCH  T2094, 0"><temps name="use"/><temps name="def"><temp name="T2094"/></temps><temps name="in"><temp name="T2290"/><temp name="T2263"/><temp name="T745"/><temp name="T2111"/><temp name="T2078"/><temp name="T2149"/><temp name="T2132"/><temp name="T2188"/><temp name="T2124"/><temp name="T2165"/><temp name="T2175"/><temp name="T2197"/><temp name="T2270"/><temp name="T2108"/><temp name="T2277"/><temp name="T2320"/><temp name="T2326"/><temp name="T2154"/><temp name="T2310"/><temp name="T2230"/><temp name="T2082"/><temp name="T2070"/><temp name="T2213"/><temp name="T2249"/><temp name="T2281"/><temp name="T2103"/><temp name="T2251"/><temp name="T2202"/><temp name="T2244"/><temp name="T2314"/><temp name="T2185"/><temp name="T2191"/><temp name="T2161"/><temp name="T740"/><temp name="T2115"/><temp name="T2206"/><temp name="T2096"/><temp name="T28"/><temp name="T2170"/><temp name="T2255"/><temp name="T2088"/><temp name="T746"/><temp name="T2118"/><temp name="T2157"/><temp name="T2228"/><temp name="T2240"/><temp name="T2275"/><temp name="T2135"/><temp name="T2092"/><temp name="T2141"/><temp name="T2234"/><temp name="T2294"/><temp name="T2239"/><temp name="T2287"/><temp name="T2179"/></temps><temps name="out"><temp name="T2290"/><temp name="T2263"/><temp name="T745"/><temp name="T2111"/><temp name="T2078"/><temp name="T2149"/><temp name="T2132"/><temp name="T2188"/><temp name="T2124"/><temp name="T2165"/><temp name="T2175"/><temp name="T2197"/><temp name="T2270"/><temp name="T2108"/><temp name="T2277"/><temp name="T2320"/><temp name="T2326"/><temp name="T2154"/><temp name="T2310"/><temp name="T2230"/><temp name="T2082"/><temp name="T2070"/><temp name="T2213"/><temp name="T2249"/><temp name="T2281"/><temp name="T2094"/><temp name="T2103"/><temp name="T2251"/><temp name="T2202"/><temp name="T2244"/><temp name="T2314"/><temp name="T2185"/><temp name="T2191"/><temp name="T2161"/><temp name="T740"/><temp name="T2115"/><temp name="T2206"/><temp name="T2096"/><temp name="T28"/><temp name="T2170"/><temp name="T2255"/><temp name="T2088"/><temp name="T746"/><temp name="T2118"/><temp name="T2157"/><temp name="T2228"/><temp name="T2240"/><temp name="T2275"/><temp name="T2135"/><temp name="T2092"/><temp name="T2141"/><temp name="T2234"/><temp name="T2294"/><temp name="T2239"/><temp name="T2287"/><temp name="T2179"/></temps></instruction><instruction code="NEG T2094, 0, T2094"><temps name="use"><temp name="T2094"/></temps><temps name="def"><temp name="T2094"/></temps><temps name="in"><temp name="T2290"/><temp name="T2263"/><temp name="T745"/><temp name="T2111"/><temp name="T2078"/><temp name="T2149"/><temp name="T2132"/><temp name="T2188"/><temp name="T2124"/><temp name="T2165"/><temp name="T2175"/><temp name="T2197"/><temp name="T2270"/><temp name="T2108"/><temp name="T2277"/><temp name="T2320"/><temp name="T2326"/><temp name="T2154"/><temp name="T2310"/><temp name="T2230"/><temp name="T2082"/><temp name="T2070"/><temp name="T2213"/><temp name="T2249"/><temp name="T2281"/><temp name="T2094"/><temp name="T2103"/><temp name="T2251"/><temp name="T2202"/><temp name="T2244"/><temp name="T2314"/><temp name="T2185"/><temp name="T2191"/><temp name="T2161"/><temp name="T740"/><temp name="T2115"/><temp name="T2206"/><temp name="T2096"/><temp name="T28"/><temp name="T2170"/><temp name="T2255"/><temp name="T2088"/><temp name="T746"/><temp name="T2118"/><temp name="T2157"/><temp name="T2228"/><temp name="T2240"/><temp name="T2275"/><temp name="T2135"/><temp name="T2092"/><temp name="T2141"/><temp name="T2234"/><temp name="T2294"/><temp name="T2239"/><temp name="T2287"/><temp name="T2179"/></temps><temps name="out"><temp name="T2290"/><temp name="T2263"/><temp name="T745"/><temp name="T2111"/><temp name="T2078"/><temp name="T2149"/><temp name="T2132"/><temp name="T2188"/><temp name="T2124"/><temp name="T2165"/><temp name="T2175"/><temp name="T2197"/><temp name="T2270"/><temp name="T2108"/><temp name="T2277"/><temp name="T2320"/><temp name="T2326"/><temp name="T2154"/><temp name="T2310"/><temp name="T2230"/><temp name="T2082"/><temp name="T2070"/><temp name="T2213"/><temp name="T2249"/><temp name="T2281"/><temp name="T2094"/><temp name="T2103"/><temp name="T2251"/><temp name="T2202"/><temp name="T2244"/><temp name="T2314"/><temp name="T2185"/><temp name="T2191"/><temp name="T2161"/><temp name="T740"/><temp name="T2115"/><temp name="T2206"/><temp name="T2096"/><temp name="T28"/><temp name="T2170"/><temp name="T2255"/><temp name="T2088"/><temp name="T746"/><temp name="T2118"/><temp name="T2157"/><temp name="T2228"/><temp name="T2240"/><temp name="T2275"/><temp name="T2135"/><temp name="T2092"/><temp name="T2141"/><temp name="T2234"/><temp name="T2294"/><temp name="T2239"/><temp name="T2287"/><temp name="T2179"/></temps></instruction><instruction code="OR T747, T2094, 0"><temps name="use"><temp name="T2094"/></temps><temps name="def"><temp name="T747"/></temps><temps name="in"><temp name="T2290"/><temp name="T2263"/><temp name="T745"/><temp name="T2111"/><temp name="T2078"/><temp name="T2149"/><temp name="T2132"/><temp name="T2188"/><temp name="T2124"/><temp name="T2165"/><temp name="T2175"/><temp name="T2197"/><temp name="T2270"/><temp name="T2108"/><temp name="T2277"/><temp name="T2320"/><temp name="T2326"/><temp name="T2154"/><temp name="T2310"/><temp name="T2230"/><temp name="T2082"/><temp name="T2070"/><temp name="T2213"/><temp name="T2249"/><temp name="T2281"/><temp name="T2094"/><temp name="T2103"/><temp name="T2251"/><temp name="T2202"/><temp name="T2244"/><temp name="T2314"/><temp name="T2185"/><temp name="T2191"/><temp name="T2161"/><temp name="T740"/><temp name="T2115"/><temp name="T2206"/><temp name="T2096"/><temp name="T28"/><temp name="T2170"/><temp name="T2255"/><temp name="T2088"/><temp name="T746"/><temp name="T2118"/><temp name="T2157"/><temp name="T2228"/><temp name="T2240"/><temp name="T2275"/><temp name="T2135"/><temp name="T2092"/><temp name="T2141"/><temp name="T2234"/><temp name="T2294"/><temp name="T2239"/><temp name="T2287"/><temp name="T2179"/></temps><temps name="out"><temp name="T2290"/><temp name="T2263"/><temp name="T745"/><temp name="T2111"/><temp name="T2078"/><temp name="T747"/><temp name="T2149"/><temp name="T2132"/><temp name="T2188"/><temp name="T2124"/><temp name="T2165"/><temp name="T2175"/><temp name="T2197"/><temp name="T2270"/><temp name="T2108"/><temp name="T2277"/><temp name="T2320"/><temp name="T2326"/><temp name="T2154"/><temp name="T2310"/><temp name="T2230"/><temp name="T2082"/><temp name="T2070"/><temp name="T2213"/><temp name="T2249"/><temp name="T2281"/><temp name="T2103"/><temp name="T2251"/><temp name="T2202"/><temp name="T2244"/><temp name="T2314"/><temp name="T2185"/><temp name="T2191"/><temp name="T2161"/><temp name="T740"/><temp name="T2115"/><temp name="T2206"/><temp name="T2096"/><temp name="T28"/><temp name="T2170"/><temp name="T2255"/><temp name="T2088"/><temp name="T746"/><temp name="T2118"/><temp name="T2157"/><temp name="T2228"/><temp name="T2240"/><temp name="T2275"/><temp name="T2135"/><temp name="T2092"/><temp name="T2141"/><temp name="T2234"/><temp name="T2294"/><temp name="T2239"/><temp name="T2287"/><temp name="T2179"/></temps></instruction><instruction code="ADD T2095, T746, T747"><temps name="use"><temp name="T746"/><temp name="T747"/></temps><temps name="def"><temp name="T2095"/></temps><temps name="in"><temp name="T2290"/><temp name="T2263"/><temp name="T745"/><temp name="T2111"/><temp name="T2078"/><temp name="T747"/><temp name="T2149"/><temp name="T2132"/><temp name="T2188"/><temp name="T2124"/><temp name="T2165"/><temp name="T2175"/><temp name="T2197"/><temp name="T2270"/><temp name="T2108"/><temp name="T2277"/><temp name="T2320"/><temp name="T2326"/><temp name="T2154"/><temp name="T2310"/><temp name="T2230"/><temp name="T2082"/><temp name="T2070"/><temp name="T2213"/><temp name="T2249"/><temp name="T2281"/><temp name="T2103"/><temp name="T2251"/><temp name="T2202"/><temp name="T2244"/><temp name="T2314"/><temp name="T2185"/><temp name="T2191"/><temp name="T2161"/><temp name="T740"/><temp name="T2115"/><temp name="T2206"/><temp name="T2096"/><temp name="T28"/><temp name="T2170"/><temp name="T2255"/><temp name="T2088"/><temp name="T746"/><temp name="T2118"/><temp name="T2157"/><temp name="T2228"/><temp name="T2240"/><temp name="T2275"/><temp name="T2135"/><temp name="T2092"/><temp name="T2141"/><temp name="T2234"/><temp name="T2294"/><temp name="T2239"/><temp name="T2287"/><temp name="T2179"/></temps><temps name="out"><temp name="T2290"/><temp name="T2263"/><temp name="T745"/><temp name="T2111"/><temp name="T2078"/><temp name="T2149"/><temp name="T2132"/><temp name="T2188"/><temp name="T2124"/><temp name="T2165"/><temp name="T2175"/><temp name="T2197"/><temp name="T2270"/><temp name="T2108"/><temp name="T2277"/><temp name="T2320"/><temp name="T2326"/><temp name="T2154"/><temp name="T2310"/><temp name="T2230"/><temp name="T2082"/><temp name="T2070"/><temp name="T2213"/><temp name="T2249"/><temp name="T2281"/><temp name="T2103"/><temp name="T2251"/><temp name="T2202"/><temp name="T2095"/><temp name="T2244"/><temp name="T2314"/><temp name="T2185"/><temp name="T2191"/><temp name="T2161"/><temp name="T740"/><temp name="T2115"/><temp name="T2206"/><temp name="T2096"/><temp name="T28"/><temp name="T2170"/><temp name="T2255"/><temp name="T2088"/><temp name="T2118"/><temp name="T2157"/><temp name="T2228"/><temp name="T2240"/><temp name="T2275"/><temp name="T2135"/><temp name="T2092"/><temp name="T2141"/><temp name="T2234"/><temp name="T2294"/><temp name="T2239"/><temp name="T2287"/><temp name="T2179"/></temps></instruction><instruction code="OR T748, T2095, 0"><temps name="use"><temp name="T2095"/></temps><temps name="def"><temp name="T748"/></temps><temps name="in"><temp name="T2290"/><temp name="T2263"/><temp name="T745"/><temp name="T2111"/><temp name="T2078"/><temp name="T2149"/><temp name="T2132"/><temp name="T2188"/><temp name="T2124"/><temp name="T2165"/><temp name="T2175"/><temp name="T2197"/><temp name="T2270"/><temp name="T2108"/><temp name="T2277"/><temp name="T2320"/><temp name="T2326"/><temp name="T2154"/><temp name="T2310"/><temp name="T2230"/><temp name="T2082"/><temp name="T2070"/><temp name="T2213"/><temp name="T2249"/><temp name="T2281"/><temp name="T2103"/><temp name="T2251"/><temp name="T2202"/><temp name="T2095"/><temp name="T2244"/><temp name="T2314"/><temp name="T2185"/><temp name="T2191"/><temp name="T2161"/><temp name="T740"/><temp name="T2115"/><temp name="T2206"/><temp name="T2096"/><temp name="T28"/><temp name="T2170"/><temp name="T2255"/><temp name="T2088"/><temp name="T2118"/><temp name="T2157"/><temp name="T2228"/><temp name="T2240"/><temp name="T2275"/><temp name="T2135"/><temp name="T2092"/><temp name="T2141"/><temp name="T2234"/><temp name="T2294"/><temp name="T2239"/><temp name="T2287"/><temp name="T2179"/></temps><temps name="out"><temp name="T2290"/><temp name="T2263"/><temp name="T745"/><temp name="T2111"/><temp name="T2078"/><temp name="T2149"/><temp name="T2132"/><temp name="T2188"/><temp name="T2124"/><temp name="T2165"/><temp name="T2175"/><temp name="T2197"/><temp name="T2270"/><temp name="T2108"/><temp name="T2277"/><temp name="T2320"/><temp name="T2326"/><temp name="T2154"/><temp name="T2310"/><temp name="T2230"/><temp name="T2082"/><temp name="T2070"/><temp name="T2213"/><temp name="T2249"/><temp name="T2281"/><temp name="T2103"/><temp name="T2251"/><temp name="T2202"/><temp name="T2244"/><temp name="T2314"/><temp name="T2185"/><temp name="T2191"/><temp name="T2161"/><temp name="T740"/><temp name="T2115"/><temp name="T2206"/><temp name="T2096"/><temp name="T28"/><temp name="T2170"/><temp name="T2255"/><temp name="T2088"/><temp name="T2118"/><temp name="T2157"/><temp name="T2228"/><temp name="T2240"/><temp name="T2275"/><temp name="T2135"/><temp name="T2092"/><temp name="T2141"/><temp name="T2234"/><temp name="T2294"/><temp name="T2239"/><temp name="T2287"/><temp name="T2179"/></temps></instruction><instruction code="LDO T2097, T2096, 0"><temps name="use"><temp name="T2096"/></temps><temps name="def"><temp name="T2097"/></temps><temps name="in"><temp name="T2290"/><temp name="T2263"/><temp name="T745"/><temp name="T2111"/><temp name="T2078"/><temp name="T2149"/><temp name="T2132"/><temp name="T2188"/><temp name="T2124"/><temp name="T2165"/><temp name="T2175"/><temp name="T2197"/><temp name="T2270"/><temp name="T2108"/><temp name="T2277"/><temp name="T2320"/><temp name="T2326"/><temp name="T2154"/><temp name="T2310"/><temp name="T2230"/><temp name="T2082"/><temp name="T2070"/><temp name="T2213"/><temp name="T2249"/><temp name="T2281"/><temp name="T2103"/><temp name="T2251"/><temp name="T2202"/><temp name="T2244"/><temp name="T2314"/><temp name="T2185"/><temp name="T2191"/><temp name="T2161"/><temp name="T740"/><temp name="T2115"/><temp name="T2206"/><temp name="T2096"/><temp name="T28"/><temp name="T2170"/><temp name="T2255"/><temp name="T2088"/><temp name="T2118"/><temp name="T2157"/><temp name="T2228"/><temp name="T2240"/><temp name="T2275"/><temp name="T2135"/><temp name="T2092"/><temp name="T2141"/><temp name="T2234"/><temp name="T2294"/><temp name="T2239"/><temp name="T2287"/><temp name="T2179"/></temps><temps name="out"><temp name="T2290"/><temp name="T2263"/><temp name="T745"/><temp name="T2111"/><temp name="T2078"/><temp name="T2149"/><temp name="T2132"/><temp name="T2188"/><temp name="T2124"/><temp name="T2097"/><temp name="T2165"/><temp name="T2175"/><temp name="T2197"/><temp name="T2270"/><temp name="T2108"/><temp name="T2277"/><temp name="T2320"/><temp name="T2326"/><temp name="T2154"/><temp name="T2310"/><temp name="T2230"/><temp name="T2082"/><temp name="T2070"/><temp name="T2213"/><temp name="T2249"/><temp name="T2281"/><temp name="T2103"/><temp name="T2251"/><temp name="T2202"/><temp name="T2244"/><temp name="T2314"/><temp name="T2185"/><temp name="T2191"/><temp name="T2161"/><temp name="T740"/><temp name="T2115"/><temp name="T2206"/><temp name="T28"/><temp name="T2096"/><temp name="T2170"/><temp name="T2255"/><temp name="T2088"/><temp name="T2118"/><temp name="T2157"/><temp name="T2228"/><temp name="T2240"/><temp name="T2275"/><temp name="T2135"/><temp name="T2092"/><temp name="T2141"/><temp name="T2234"/><temp name="T2294"/><temp name="T2239"/><temp name="T2287"/><temp name="T2179"/></temps></instruction><instruction code="OR T749, T2097, 0"><temps name="use"><temp name="T2097"/></temps><temps name="def"><temp name="T749"/></temps><temps name="in"><temp name="T2290"/><temp name="T2263"/><temp name="T745"/><temp name="T2111"/><temp name="T2078"/><temp name="T2149"/><temp name="T2132"/><temp name="T2188"/><temp name="T2124"/><temp name="T2097"/><temp name="T2165"/><temp name="T2175"/><temp name="T2197"/><temp name="T2270"/><temp name="T2108"/><temp name="T2277"/><temp name="T2320"/><temp name="T2326"/><temp name="T2154"/><temp name="T2310"/><temp name="T2230"/><temp name="T2082"/><temp name="T2070"/><temp name="T2213"/><temp name="T2249"/><temp name="T2281"/><temp name="T2103"/><temp name="T2251"/><temp name="T2202"/><temp name="T2244"/><temp name="T2314"/><temp name="T2185"/><temp name="T2191"/><temp name="T2161"/><temp name="T740"/><temp name="T2115"/><temp name="T2206"/><temp name="T28"/><temp name="T2096"/><temp name="T2170"/><temp name="T2255"/><temp name="T2088"/><temp name="T2118"/><temp name="T2157"/><temp name="T2228"/><temp name="T2240"/><temp name="T2275"/><temp name="T2135"/><temp name="T2092"/><temp name="T2141"/><temp name="T2234"/><temp name="T2294"/><temp name="T2239"/><temp name="T2287"/><temp name="T2179"/></temps><temps name="out"><temp name="T2290"/><temp name="T2263"/><temp name="T745"/><temp name="T2111"/><temp name="T2078"/><temp name="T2149"/><temp name="T2132"/><temp name="T2188"/><temp name="T2124"/><temp name="T749"/><temp name="T2165"/><temp name="T2175"/><temp name="T2197"/><temp name="T2270"/><temp name="T2108"/><temp name="T2277"/><temp name="T2320"/><temp name="T2326"/><temp name="T2154"/><temp name="T2310"/><temp name="T2230"/><temp name="T2082"/><temp name="T2070"/><temp name="T2213"/><temp name="T2249"/><temp name="T2281"/><temp name="T2103"/><temp name="T2251"/><temp name="T2202"/><temp name="T2244"/><temp name="T2314"/><temp name="T2185"/><temp name="T2191"/><temp name="T2161"/><temp name="T740"/><temp name="T2115"/><temp name="T2206"/><temp name="T28"/><temp name="T2096"/><temp name="T2170"/><temp name="T2255"/><temp name="T2088"/><temp name="T2118"/><temp name="T2157"/><temp name="T2228"/><temp name="T2240"/><temp name="T2275"/><temp name="T2135"/><temp name="T2092"/><temp name="T2141"/><temp name="T2234"/><temp name="T2294"/><temp name="T2239"/><temp name="T2287"/><temp name="T2179"/></temps></instruction><instruction code="SETL  T2098, 72"><temps name="use"/><temps name="def"><temp name="T2098"/></temps><temps name="in"><temp name="T2290"/><temp name="T2263"/><temp name="T745"/><temp name="T2111"/><temp name="T2078"/><temp name="T2149"/><temp name="T2132"/><temp name="T2188"/><temp name="T2124"/><temp name="T749"/><temp name="T2165"/><temp name="T2175"/><temp name="T2197"/><temp name="T2270"/><temp name="T2108"/><temp name="T2277"/><temp name="T2320"/><temp name="T2326"/><temp name="T2154"/><temp name="T2310"/><temp name="T2230"/><temp name="T2082"/><temp name="T2070"/><temp name="T2213"/><temp name="T2249"/><temp name="T2281"/><temp name="T2103"/><temp name="T2251"/><temp name="T2202"/><temp name="T2244"/><temp name="T2314"/><temp name="T2185"/><temp name="T2191"/><temp name="T2161"/><temp name="T740"/><temp name="T2115"/><temp name="T2206"/><temp name="T28"/><temp name="T2096"/><temp name="T2170"/><temp name="T2255"/><temp name="T2088"/><temp name="T2118"/><temp name="T2157"/><temp name="T2228"/><temp name="T2240"/><temp name="T2275"/><temp name="T2135"/><temp name="T2092"/><temp name="T2141"/><temp name="T2234"/><temp name="T2294"/><temp name="T2239"/><temp name="T2287"/><temp name="T2179"/></temps><temps name="out"><temp name="T2290"/><temp name="T2263"/><temp name="T745"/><temp name="T2111"/><temp name="T2078"/><temp name="T2149"/><temp name="T2132"/><temp name="T2188"/><temp name="T2124"/><temp name="T749"/><temp name="T2165"/><temp name="T2175"/><temp name="T2197"/><temp name="T2270"/><temp name="T2108"/><temp name="T2277"/><temp name="T2320"/><temp name="T2326"/><temp name="T2154"/><temp name="T2310"/><temp name="T2230"/><temp name="T2082"/><temp name="T2070"/><temp name="T2213"/><temp name="T2249"/><temp name="T2281"/><temp name="T2103"/><temp name="T2251"/><temp name="T2202"/><temp name="T2244"/><temp name="T2314"/><temp name="T2185"/><temp name="T2191"/><temp name="T2161"/><temp name="T740"/><temp name="T2115"/><temp name="T2206"/><temp name="T28"/><temp name="T2096"/><temp name="T2170"/><temp name="T2255"/><temp name="T2088"/><temp name="T2118"/><temp name="T2157"/><temp name="T2228"/><temp name="T2240"/><temp name="T2275"/><temp name="T2135"/><temp name="T2092"/><temp name="T2141"/><temp name="T2234"/><temp name="T2294"/><temp name="T2239"/><temp name="T2287"/><temp name="T2179"/></temps></instruction><instruction code="INCML T2098, 0"><temps name="use"/><temps name="def"><temp name="T2098"/></temps><temps name="in"><temp name="T2290"/><temp name="T2263"/><temp name="T745"/><temp name="T2111"/><temp name="T2078"/><temp name="T2149"/><temp name="T2132"/><temp name="T2188"/><temp name="T2124"/><temp name="T749"/><temp name="T2165"/><temp name="T2175"/><temp name="T2197"/><temp name="T2270"/><temp name="T2108"/><temp name="T2277"/><temp name="T2320"/><temp name="T2326"/><temp name="T2154"/><temp name="T2310"/><temp name="T2230"/><temp name="T2082"/><temp name="T2070"/><temp name="T2213"/><temp name="T2249"/><temp name="T2281"/><temp name="T2103"/><temp name="T2251"/><temp name="T2202"/><temp name="T2244"/><temp name="T2314"/><temp name="T2185"/><temp name="T2191"/><temp name="T2161"/><temp name="T740"/><temp name="T2115"/><temp name="T2206"/><temp name="T28"/><temp name="T2096"/><temp name="T2170"/><temp name="T2255"/><temp name="T2088"/><temp name="T2118"/><temp name="T2157"/><temp name="T2228"/><temp name="T2240"/><temp name="T2275"/><temp name="T2135"/><temp name="T2092"/><temp name="T2141"/><temp name="T2234"/><temp name="T2294"/><temp name="T2239"/><temp name="T2287"/><temp name="T2179"/></temps><temps name="out"><temp name="T2290"/><temp name="T2263"/><temp name="T745"/><temp name="T2111"/><temp name="T2078"/><temp name="T2149"/><temp name="T2132"/><temp name="T2188"/><temp name="T2124"/><temp name="T749"/><temp name="T2165"/><temp name="T2175"/><temp name="T2197"/><temp name="T2270"/><temp name="T2108"/><temp name="T2277"/><temp name="T2320"/><temp name="T2326"/><temp name="T2154"/><temp name="T2310"/><temp name="T2230"/><temp name="T2082"/><temp name="T2070"/><temp name="T2213"/><temp name="T2249"/><temp name="T2281"/><temp name="T2103"/><temp name="T2251"/><temp name="T2202"/><temp name="T2244"/><temp name="T2314"/><temp name="T2185"/><temp name="T2191"/><temp name="T2161"/><temp name="T740"/><temp name="T2115"/><temp name="T2206"/><temp name="T28"/><temp name="T2096"/><temp name="T2170"/><temp name="T2255"/><temp name="T2088"/><temp name="T2118"/><temp name="T2157"/><temp name="T2228"/><temp name="T2240"/><temp name="T2275"/><temp name="T2135"/><temp name="T2092"/><temp name="T2141"/><temp name="T2234"/><temp name="T2294"/><temp name="T2239"/><temp name="T2287"/><temp name="T2179"/></temps></instruction><instruction code="INCMH T2098, 0"><temps name="use"/><temps name="def"><temp name="T2098"/></temps><temps name="in"><temp name="T2290"/><temp name="T2263"/><temp name="T745"/><temp name="T2111"/><temp name="T2078"/><temp name="T2149"/><temp name="T2132"/><temp name="T2188"/><temp name="T2124"/><temp name="T749"/><temp name="T2165"/><temp name="T2175"/><temp name="T2197"/><temp name="T2270"/><temp name="T2108"/><temp name="T2277"/><temp name="T2320"/><temp name="T2326"/><temp name="T2154"/><temp name="T2310"/><temp name="T2230"/><temp name="T2082"/><temp name="T2070"/><temp name="T2213"/><temp name="T2249"/><temp name="T2281"/><temp name="T2103"/><temp name="T2251"/><temp name="T2202"/><temp name="T2244"/><temp name="T2314"/><temp name="T2185"/><temp name="T2191"/><temp name="T2161"/><temp name="T740"/><temp name="T2115"/><temp name="T2206"/><temp name="T28"/><temp name="T2096"/><temp name="T2170"/><temp name="T2255"/><temp name="T2088"/><temp name="T2118"/><temp name="T2157"/><temp name="T2228"/><temp name="T2240"/><temp name="T2275"/><temp name="T2135"/><temp name="T2092"/><temp name="T2141"/><temp name="T2234"/><temp name="T2294"/><temp name="T2239"/><temp name="T2287"/><temp name="T2179"/></temps><temps name="out"><temp name="T2290"/><temp name="T2263"/><temp name="T745"/><temp name="T2111"/><temp name="T2078"/><temp name="T2149"/><temp name="T2132"/><temp name="T2188"/><temp name="T2124"/><temp name="T749"/><temp name="T2165"/><temp name="T2175"/><temp name="T2197"/><temp name="T2270"/><temp name="T2108"/><temp name="T2277"/><temp name="T2320"/><temp name="T2326"/><temp name="T2154"/><temp name="T2310"/><temp name="T2230"/><temp name="T2082"/><temp name="T2070"/><temp name="T2213"/><temp name="T2249"/><temp name="T2281"/><temp name="T2103"/><temp name="T2251"/><temp name="T2202"/><temp name="T2244"/><temp name="T2314"/><temp name="T2185"/><temp name="T2191"/><temp name="T2161"/><temp name="T740"/><temp name="T2115"/><temp name="T2206"/><temp name="T28"/><temp name="T2096"/><temp name="T2170"/><temp name="T2255"/><temp name="T2088"/><temp name="T2118"/><temp name="T2157"/><temp name="T2228"/><temp name="T2240"/><temp name="T2275"/><temp name="T2135"/><temp name="T2092"/><temp name="T2141"/><temp name="T2234"/><temp name="T2294"/><temp name="T2239"/><temp name="T2287"/><temp name="T2179"/></temps></instruction><instruction code="INCH  T2098, 0"><temps name="use"/><temps name="def"><temp name="T2098"/></temps><temps name="in"><temp name="T2290"/><temp name="T2263"/><temp name="T745"/><temp name="T2111"/><temp name="T2078"/><temp name="T2149"/><temp name="T2132"/><temp name="T2188"/><temp name="T2124"/><temp name="T749"/><temp name="T2165"/><temp name="T2175"/><temp name="T2197"/><temp name="T2270"/><temp name="T2108"/><temp name="T2277"/><temp name="T2320"/><temp name="T2326"/><temp name="T2154"/><temp name="T2310"/><temp name="T2230"/><temp name="T2082"/><temp name="T2070"/><temp name="T2213"/><temp name="T2249"/><temp name="T2281"/><temp name="T2103"/><temp name="T2251"/><temp name="T2202"/><temp name="T2244"/><temp name="T2314"/><temp name="T2185"/><temp name="T2191"/><temp name="T2161"/><temp name="T740"/><temp name="T2115"/><temp name="T2206"/><temp name="T28"/><temp name="T2096"/><temp name="T2170"/><temp name="T2255"/><temp name="T2088"/><temp name="T2118"/><temp name="T2157"/><temp name="T2228"/><temp name="T2240"/><temp name="T2275"/><temp name="T2135"/><temp name="T2092"/><temp name="T2141"/><temp name="T2234"/><temp name="T2294"/><temp name="T2239"/><temp name="T2287"/><temp name="T2179"/></temps><temps name="out"><temp name="T2098"/><temp name="T2290"/><temp name="T2263"/><temp name="T745"/><temp name="T2111"/><temp name="T2078"/><temp name="T2149"/><temp name="T2132"/><temp name="T2188"/><temp name="T2124"/><temp name="T749"/><temp name="T2165"/><temp name="T2175"/><temp name="T2197"/><temp name="T2270"/><temp name="T2108"/><temp name="T2277"/><temp name="T2320"/><temp name="T2326"/><temp name="T2154"/><temp name="T2310"/><temp name="T2230"/><temp name="T2082"/><temp name="T2070"/><temp name="T2213"/><temp name="T2249"/><temp name="T2281"/><temp name="T2103"/><temp name="T2251"/><temp name="T2202"/><temp name="T2244"/><temp name="T2314"/><temp name="T2185"/><temp name="T2191"/><temp name="T2161"/><temp name="T740"/><temp name="T2115"/><temp name="T2206"/><temp name="T28"/><temp name="T2096"/><temp name="T2170"/><temp name="T2255"/><temp name="T2088"/><temp name="T2118"/><temp name="T2157"/><temp name="T2228"/><temp name="T2240"/><temp name="T2275"/><temp name="T2135"/><temp name="T2092"/><temp name="T2141"/><temp name="T2234"/><temp name="T2294"/><temp name="T2239"/><temp name="T2287"/><temp name="T2179"/></temps></instruction><instruction code="OR T750, T2098, 0"><temps name="use"><temp name="T2098"/></temps><temps name="def"><temp name="T750"/></temps><temps name="in"><temp name="T2098"/><temp name="T2290"/><temp name="T2263"/><temp name="T745"/><temp name="T2111"/><temp name="T2078"/><temp name="T2149"/><temp name="T2132"/><temp name="T2188"/><temp name="T2124"/><temp name="T749"/><temp name="T2165"/><temp name="T2175"/><temp name="T2197"/><temp name="T2270"/><temp name="T2108"/><temp name="T2277"/><temp name="T2320"/><temp name="T2326"/><temp name="T2154"/><temp name="T2310"/><temp name="T2230"/><temp name="T2082"/><temp name="T2070"/><temp name="T2213"/><temp name="T2249"/><temp name="T2281"/><temp name="T2103"/><temp name="T2251"/><temp name="T2202"/><temp name="T2244"/><temp name="T2314"/><temp name="T2185"/><temp name="T2191"/><temp name="T2161"/><temp name="T740"/><temp name="T2115"/><temp name="T2206"/><temp name="T28"/><temp name="T2096"/><temp name="T2170"/><temp name="T2255"/><temp name="T2088"/><temp name="T2118"/><temp name="T2157"/><temp name="T2228"/><temp name="T2240"/><temp name="T2275"/><temp name="T2135"/><temp name="T2092"/><temp name="T2141"/><temp name="T2234"/><temp name="T2294"/><temp name="T2239"/><temp name="T2287"/><temp name="T2179"/></temps><temps name="out"><temp name="T2290"/><temp name="T2263"/><temp name="T745"/><temp name="T2111"/><temp name="T2078"/><temp name="T2149"/><temp name="T2132"/><temp name="T2188"/><temp name="T2124"/><temp name="T749"/><temp name="T2165"/><temp name="T2175"/><temp name="T2197"/><temp name="T2270"/><temp name="T2108"/><temp name="T2277"/><temp name="T2320"/><temp name="T2326"/><temp name="T2154"/><temp name="T2310"/><temp name="T2230"/><temp name="T2082"/><temp name="T2070"/><temp name="T2213"/><temp name="T2249"/><temp name="T2281"/><temp name="T2103"/><temp name="T2251"/><temp name="T2202"/><temp name="T2244"/><temp name="T2314"/><temp name="T2185"/><temp name="T2191"/><temp name="T2161"/><temp name="T740"/><temp name="T2115"/><temp name="T2206"/><temp name="T28"/><temp name="T2096"/><temp name="T2170"/><temp name="T2255"/><temp name="T2088"/><temp name="T2118"/><temp name="T2157"/><temp name="T2228"/><temp name="T2240"/><temp name="T2275"/><temp name="T2135"/><temp name="T2092"/><temp name="T2141"/><temp name="T2234"/><temp name="T2294"/><temp name="T2239"/><temp name="T2287"/><temp name="T2179"/><temp name="T750"/></temps></instruction><instruction code="MUL T2099, T749, T750"><temps name="use"><temp name="T749"/><temp name="T750"/></temps><temps name="def"><temp name="T2099"/></temps><temps name="in"><temp name="T2290"/><temp name="T2263"/><temp name="T745"/><temp name="T2111"/><temp name="T2078"/><temp name="T2149"/><temp name="T2132"/><temp name="T2188"/><temp name="T2124"/><temp name="T749"/><temp name="T2165"/><temp name="T2175"/><temp name="T2197"/><temp name="T2270"/><temp name="T2108"/><temp name="T2277"/><temp name="T2320"/><temp name="T2326"/><temp name="T2154"/><temp name="T2310"/><temp name="T2230"/><temp name="T2082"/><temp name="T2070"/><temp name="T2213"/><temp name="T2249"/><temp name="T2281"/><temp name="T2103"/><temp name="T2251"/><temp name="T2202"/><temp name="T2244"/><temp name="T2314"/><temp name="T2185"/><temp name="T2191"/><temp name="T2161"/><temp name="T740"/><temp name="T2115"/><temp name="T2206"/><temp name="T28"/><temp name="T2096"/><temp name="T2170"/><temp name="T2255"/><temp name="T2088"/><temp name="T2118"/><temp name="T2157"/><temp name="T2228"/><temp name="T2240"/><temp name="T2275"/><temp name="T2135"/><temp name="T2092"/><temp name="T2141"/><temp name="T2234"/><temp name="T2294"/><temp name="T2239"/><temp name="T2287"/><temp name="T2179"/><temp name="T750"/></temps><temps name="out"><temp name="T2099"/><temp name="T2290"/><temp name="T2263"/><temp name="T745"/><temp name="T2111"/><temp name="T2078"/><temp name="T2149"/><temp name="T2132"/><temp name="T2188"/><temp name="T2124"/><temp name="T2165"/><temp name="T2175"/><temp name="T2197"/><temp name="T2270"/><temp name="T2108"/><temp name="T2277"/><temp name="T2320"/><temp name="T2326"/><temp name="T2154"/><temp name="T2310"/><temp name="T2230"/><temp name="T2082"/><temp name="T2070"/><temp name="T2213"/><temp name="T2249"/><temp name="T2281"/><temp name="T2103"/><temp name="T2251"/><temp name="T2202"/><temp name="T2244"/><temp name="T2314"/><temp name="T2185"/><temp name="T2191"/><temp name="T2161"/><temp name="T740"/><temp name="T2115"/><temp name="T2206"/><temp name="T28"/><temp name="T2096"/><temp name="T2170"/><temp name="T2255"/><temp name="T2088"/><temp name="T2118"/><temp name="T2157"/><temp name="T2228"/><temp name="T2240"/><temp name="T2275"/><temp name="T2135"/><temp name="T2092"/><temp name="T2141"/><temp name="T2234"/><temp name="T2294"/><temp name="T2239"/><temp name="T2287"/><temp name="T2179"/></temps></instruction><instruction code="OR T751, T2099, 0"><temps name="use"><temp name="T2099"/></temps><temps name="def"><temp name="T751"/></temps><temps name="in"><temp name="T2099"/><temp name="T2290"/><temp name="T2263"/><temp name="T745"/><temp name="T2111"/><temp name="T2078"/><temp name="T2149"/><temp name="T2132"/><temp name="T2188"/><temp name="T2124"/><temp name="T2165"/><temp name="T2175"/><temp name="T2197"/><temp name="T2270"/><temp name="T2108"/><temp name="T2277"/><temp name="T2320"/><temp name="T2326"/><temp name="T2154"/><temp name="T2310"/><temp name="T2230"/><temp name="T2082"/><temp name="T2070"/><temp name="T2213"/><temp name="T2249"/><temp name="T2281"/><temp name="T2103"/><temp name="T2251"/><temp name="T2202"/><temp name="T2244"/><temp name="T2314"/><temp name="T2185"/><temp name="T2191"/><temp name="T2161"/><temp name="T740"/><temp name="T2115"/><temp name="T2206"/><temp name="T28"/><temp name="T2096"/><temp name="T2170"/><temp name="T2255"/><temp name="T2088"/><temp name="T2118"/><temp name="T2157"/><temp name="T2228"/><temp name="T2240"/><temp name="T2275"/><temp name="T2135"/><temp name="T2092"/><temp name="T2141"/><temp name="T2234"/><temp name="T2294"/><temp name="T2239"/><temp name="T2287"/><temp name="T2179"/></temps><temps name="out"><temp name="T2290"/><temp name="T2263"/><temp name="T745"/><temp name="T2111"/><temp name="T2078"/><temp name="T751"/><temp name="T2149"/><temp name="T2132"/><temp name="T2188"/><temp name="T2124"/><temp name="T2165"/><temp name="T2175"/><temp name="T2197"/><temp name="T2270"/><temp name="T2108"/><temp name="T2277"/><temp name="T2320"/><temp name="T2326"/><temp name="T2154"/><temp name="T2310"/><temp name="T2230"/><temp name="T2082"/><temp name="T2070"/><temp name="T2213"/><temp name="T2249"/><temp name="T2281"/><temp name="T2103"/><temp name="T2251"/><temp name="T2202"/><temp name="T2244"/><temp name="T2314"/><temp name="T2185"/><temp name="T2191"/><temp name="T2161"/><temp name="T740"/><temp name="T2115"/><temp name="T2206"/><temp name="T28"/><temp name="T2096"/><temp name="T2170"/><temp name="T2255"/><temp name="T2088"/><temp name="T2118"/><temp name="T2157"/><temp name="T2228"/><temp name="T2240"/><temp name="T2275"/><temp name="T2135"/><temp name="T2092"/><temp name="T2141"/><temp name="T2234"/><temp name="T2294"/><temp name="T2239"/><temp name="T2287"/><temp name="T2179"/></temps></instruction><instruction code="ADD T2100, T745, T751"><temps name="use"><temp name="T745"/><temp name="T751"/></temps><temps name="def"><temp name="T2100"/></temps><temps name="in"><temp name="T2290"/><temp name="T2263"/><temp name="T745"/><temp name="T2111"/><temp name="T2078"/><temp name="T751"/><temp name="T2149"/><temp name="T2132"/><temp name="T2188"/><temp name="T2124"/><temp name="T2165"/><temp name="T2175"/><temp name="T2197"/><temp name="T2270"/><temp name="T2108"/><temp name="T2277"/><temp name="T2320"/><temp name="T2326"/><temp name="T2154"/><temp name="T2310"/><temp name="T2230"/><temp name="T2082"/><temp name="T2070"/><temp name="T2213"/><temp name="T2249"/><temp name="T2281"/><temp name="T2103"/><temp name="T2251"/><temp name="T2202"/><temp name="T2244"/><temp name="T2314"/><temp name="T2185"/><temp name="T2191"/><temp name="T2161"/><temp name="T740"/><temp name="T2115"/><temp name="T2206"/><temp name="T28"/><temp name="T2096"/><temp name="T2170"/><temp name="T2255"/><temp name="T2088"/><temp name="T2118"/><temp name="T2157"/><temp name="T2228"/><temp name="T2240"/><temp name="T2275"/><temp name="T2135"/><temp name="T2092"/><temp name="T2141"/><temp name="T2234"/><temp name="T2294"/><temp name="T2239"/><temp name="T2287"/><temp name="T2179"/></temps><temps name="out"><temp name="T2290"/><temp name="T2263"/><temp name="T2111"/><temp name="T2078"/><temp name="T2149"/><temp name="T2132"/><temp name="T2188"/><temp name="T2124"/><temp name="T2165"/><temp name="T2175"/><temp name="T2197"/><temp name="T2270"/><temp name="T2108"/><temp name="T2277"/><temp name="T2320"/><temp name="T2326"/><temp name="T2154"/><temp name="T2310"/><temp name="T2230"/><temp name="T2082"/><temp name="T2070"/><temp name="T2213"/><temp name="T2249"/><temp name="T2281"/><temp name="T2103"/><temp name="T2251"/><temp name="T2202"/><temp name="T2244"/><temp name="T2314"/><temp name="T2185"/><temp name="T2191"/><temp name="T2161"/><temp name="T740"/><temp name="T2115"/><temp name="T2206"/><temp name="T28"/><temp name="T2096"/><temp name="T2170"/><temp name="T2255"/><temp name="T2088"/><temp name="T2118"/><temp name="T2157"/><temp name="T2100"/><temp name="T2228"/><temp name="T2240"/><temp name="T2275"/><temp name="T2135"/><temp name="T2092"/><temp name="T2141"/><temp name="T2234"/><temp name="T2294"/><temp name="T2239"/><temp name="T2287"/><temp name="T2179"/></temps></instruction><instruction code="OR T752, T2100, 0"><temps name="use"><temp name="T2100"/></temps><temps name="def"><temp name="T752"/></temps><temps name="in"><temp name="T2290"/><temp name="T2263"/><temp name="T2111"/><temp name="T2078"/><temp name="T2149"/><temp name="T2132"/><temp name="T2188"/><temp name="T2124"/><temp name="T2165"/><temp name="T2175"/><temp name="T2197"/><temp name="T2270"/><temp name="T2108"/><temp name="T2277"/><temp name="T2320"/><temp name="T2326"/><temp name="T2154"/><temp name="T2310"/><temp name="T2230"/><temp name="T2082"/><temp name="T2070"/><temp name="T2213"/><temp name="T2249"/><temp name="T2281"/><temp name="T2103"/><temp name="T2251"/><temp name="T2202"/><temp name="T2244"/><temp name="T2314"/><temp name="T2185"/><temp name="T2191"/><temp name="T2161"/><temp name="T740"/><temp name="T2115"/><temp name="T2206"/><temp name="T28"/><temp name="T2096"/><temp name="T2170"/><temp name="T2255"/><temp name="T2088"/><temp name="T2118"/><temp name="T2157"/><temp name="T2100"/><temp name="T2228"/><temp name="T2240"/><temp name="T2275"/><temp name="T2135"/><temp name="T2092"/><temp name="T2141"/><temp name="T2234"/><temp name="T2294"/><temp name="T2239"/><temp name="T2287"/><temp name="T2179"/></temps><temps name="out"><temp name="T2290"/><temp name="T2263"/><temp name="T2111"/><temp name="T2078"/><temp name="T2149"/><temp name="T2132"/><temp name="T2188"/><temp name="T2124"/><temp name="T2165"/><temp name="T2175"/><temp name="T2197"/><temp name="T2270"/><temp name="T2108"/><temp name="T2277"/><temp name="T2320"/><temp name="T2326"/><temp name="T2154"/><temp name="T2310"/><temp name="T2230"/><temp name="T752"/><temp name="T2082"/><temp name="T2070"/><temp name="T2213"/><temp name="T2249"/><temp name="T2281"/><temp name="T2103"/><temp name="T2251"/><temp name="T2202"/><temp name="T2244"/><temp name="T2314"/><temp name="T2185"/><temp name="T2191"/><temp name="T2161"/><temp name="T740"/><temp name="T2115"/><temp name="T2206"/><temp name="T28"/><temp name="T2096"/><temp name="T2170"/><temp name="T2255"/><temp name="T2088"/><temp name="T2118"/><temp name="T2157"/><temp name="T2228"/><temp name="T2240"/><temp name="T2275"/><temp name="T2135"/><temp name="T2092"/><temp name="T2141"/><temp name="T2234"/><temp name="T2294"/><temp name="T2239"/><temp name="T2287"/><temp name="T2179"/></temps></instruction><instruction code="OR T753, T28, 0"><temps name="use"><temp name="T28"/></temps><temps name="def"><temp name="T753"/></temps><temps name="in"><temp name="T2290"/><temp name="T2263"/><temp name="T2111"/><temp name="T2078"/><temp name="T2149"/><temp name="T2132"/><temp name="T2188"/><temp name="T2124"/><temp name="T2165"/><temp name="T2175"/><temp name="T2197"/><temp name="T2270"/><temp name="T2108"/><temp name="T2277"/><temp name="T2320"/><temp name="T2326"/><temp name="T2154"/><temp name="T2310"/><temp name="T2230"/><temp name="T752"/><temp name="T2082"/><temp name="T2070"/><temp name="T2213"/><temp name="T2249"/><temp name="T2281"/><temp name="T2103"/><temp name="T2251"/><temp name="T2202"/><temp name="T2244"/><temp name="T2314"/><temp name="T2185"/><temp name="T2191"/><temp name="T2161"/><temp name="T740"/><temp name="T2115"/><temp name="T2206"/><temp name="T28"/><temp name="T2096"/><temp name="T2170"/><temp name="T2255"/><temp name="T2088"/><temp name="T2118"/><temp name="T2157"/><temp name="T2228"/><temp name="T2240"/><temp name="T2275"/><temp name="T2135"/><temp name="T2092"/><temp name="T2141"/><temp name="T2234"/><temp name="T2294"/><temp name="T2239"/><temp name="T2287"/><temp name="T2179"/></temps><temps name="out"><temp name="T2290"/><temp name="T2263"/><temp name="T753"/><temp name="T2111"/><temp name="T2078"/><temp name="T2149"/><temp name="T2132"/><temp name="T2188"/><temp name="T2124"/><temp name="T2165"/><temp name="T2175"/><temp name="T2197"/><temp name="T2270"/><temp name="T2108"/><temp name="T2277"/><temp name="T2320"/><temp name="T2326"/><temp name="T2154"/><temp name="T2310"/><temp name="T2230"/><temp name="T752"/><temp name="T2082"/><temp name="T2070"/><temp name="T2213"/><temp name="T2249"/><temp name="T2281"/><temp name="T2103"/><temp name="T2251"/><temp name="T2202"/><temp name="T2244"/><temp name="T2314"/><temp name="T2185"/><temp name="T2191"/><temp name="T2161"/><temp name="T740"/><temp name="T2115"/><temp name="T2206"/><temp name="T28"/><temp name="T2096"/><temp name="T2170"/><temp name="T2255"/><temp name="T2088"/><temp name="T2118"/><temp name="T2157"/><temp name="T2228"/><temp name="T2240"/><temp name="T2275"/><temp name="T2135"/><temp name="T2092"/><temp name="T2141"/><temp name="T2234"/><temp name="T2294"/><temp name="T2239"/><temp name="T2287"/><temp name="T2179"/></temps></instruction><instruction code="SETL  T2101, 24"><temps name="use"/><temps name="def"><temp name="T2101"/></temps><temps name="in"><temp name="T2290"/><temp name="T2263"/><temp name="T753"/><temp name="T2111"/><temp name="T2078"/><temp name="T2149"/><temp name="T2132"/><temp name="T2188"/><temp name="T2124"/><temp name="T2165"/><temp name="T2175"/><temp name="T2197"/><temp name="T2270"/><temp name="T2108"/><temp name="T2277"/><temp name="T2320"/><temp name="T2326"/><temp name="T2154"/><temp name="T2310"/><temp name="T2230"/><temp name="T752"/><temp name="T2082"/><temp name="T2070"/><temp name="T2213"/><temp name="T2249"/><temp name="T2281"/><temp name="T2103"/><temp name="T2251"/><temp name="T2202"/><temp name="T2244"/><temp name="T2314"/><temp name="T2185"/><temp name="T2191"/><temp name="T2161"/><temp name="T740"/><temp name="T2115"/><temp name="T2206"/><temp name="T28"/><temp name="T2096"/><temp name="T2170"/><temp name="T2255"/><temp name="T2088"/><temp name="T2118"/><temp name="T2157"/><temp name="T2228"/><temp name="T2240"/><temp name="T2275"/><temp name="T2135"/><temp name="T2092"/><temp name="T2141"/><temp name="T2234"/><temp name="T2294"/><temp name="T2239"/><temp name="T2287"/><temp name="T2179"/></temps><temps name="out"><temp name="T2290"/><temp name="T2263"/><temp name="T753"/><temp name="T2111"/><temp name="T2078"/><temp name="T2149"/><temp name="T2132"/><temp name="T2188"/><temp name="T2124"/><temp name="T2165"/><temp name="T2175"/><temp name="T2197"/><temp name="T2270"/><temp name="T2108"/><temp name="T2277"/><temp name="T2320"/><temp name="T2326"/><temp name="T2154"/><temp name="T2310"/><temp name="T2230"/><temp name="T752"/><temp name="T2082"/><temp name="T2070"/><temp name="T2213"/><temp name="T2249"/><temp name="T2281"/><temp name="T2103"/><temp name="T2251"/><temp name="T2202"/><temp name="T2244"/><temp name="T2314"/><temp name="T2185"/><temp name="T2191"/><temp name="T2161"/><temp name="T740"/><temp name="T2115"/><temp name="T2206"/><temp name="T28"/><temp name="T2096"/><temp name="T2170"/><temp name="T2255"/><temp name="T2088"/><temp name="T2118"/><temp name="T2157"/><temp name="T2228"/><temp name="T2240"/><temp name="T2275"/><temp name="T2135"/><temp name="T2092"/><temp name="T2141"/><temp name="T2234"/><temp name="T2294"/><temp name="T2239"/><temp name="T2287"/><temp name="T2179"/></temps></instruction><instruction code="INCML T2101, 0"><temps name="use"/><temps name="def"><temp name="T2101"/></temps><temps name="in"><temp name="T2290"/><temp name="T2263"/><temp name="T753"/><temp name="T2111"/><temp name="T2078"/><temp name="T2149"/><temp name="T2132"/><temp name="T2188"/><temp name="T2124"/><temp name="T2165"/><temp name="T2175"/><temp name="T2197"/><temp name="T2270"/><temp name="T2108"/><temp name="T2277"/><temp name="T2320"/><temp name="T2326"/><temp name="T2154"/><temp name="T2310"/><temp name="T2230"/><temp name="T752"/><temp name="T2082"/><temp name="T2070"/><temp name="T2213"/><temp name="T2249"/><temp name="T2281"/><temp name="T2103"/><temp name="T2251"/><temp name="T2202"/><temp name="T2244"/><temp name="T2314"/><temp name="T2185"/><temp name="T2191"/><temp name="T2161"/><temp name="T740"/><temp name="T2115"/><temp name="T2206"/><temp name="T28"/><temp name="T2096"/><temp name="T2170"/><temp name="T2255"/><temp name="T2088"/><temp name="T2118"/><temp name="T2157"/><temp name="T2228"/><temp name="T2240"/><temp name="T2275"/><temp name="T2135"/><temp name="T2092"/><temp name="T2141"/><temp name="T2234"/><temp name="T2294"/><temp name="T2239"/><temp name="T2287"/><temp name="T2179"/></temps><temps name="out"><temp name="T2290"/><temp name="T2263"/><temp name="T753"/><temp name="T2111"/><temp name="T2078"/><temp name="T2149"/><temp name="T2132"/><temp name="T2188"/><temp name="T2124"/><temp name="T2165"/><temp name="T2175"/><temp name="T2197"/><temp name="T2270"/><temp name="T2108"/><temp name="T2277"/><temp name="T2320"/><temp name="T2326"/><temp name="T2154"/><temp name="T2310"/><temp name="T2230"/><temp name="T752"/><temp name="T2082"/><temp name="T2070"/><temp name="T2213"/><temp name="T2249"/><temp name="T2281"/><temp name="T2103"/><temp name="T2251"/><temp name="T2202"/><temp name="T2244"/><temp name="T2314"/><temp name="T2185"/><temp name="T2191"/><temp name="T2161"/><temp name="T740"/><temp name="T2115"/><temp name="T2206"/><temp name="T28"/><temp name="T2096"/><temp name="T2170"/><temp name="T2255"/><temp name="T2088"/><temp name="T2118"/><temp name="T2157"/><temp name="T2228"/><temp name="T2240"/><temp name="T2275"/><temp name="T2135"/><temp name="T2092"/><temp name="T2141"/><temp name="T2234"/><temp name="T2294"/><temp name="T2239"/><temp name="T2287"/><temp name="T2179"/></temps></instruction><instruction code="INCMH T2101, 0"><temps name="use"/><temps name="def"><temp name="T2101"/></temps><temps name="in"><temp name="T2290"/><temp name="T2263"/><temp name="T753"/><temp name="T2111"/><temp name="T2078"/><temp name="T2149"/><temp name="T2132"/><temp name="T2188"/><temp name="T2124"/><temp name="T2165"/><temp name="T2175"/><temp name="T2197"/><temp name="T2270"/><temp name="T2108"/><temp name="T2277"/><temp name="T2320"/><temp name="T2326"/><temp name="T2154"/><temp name="T2310"/><temp name="T2230"/><temp name="T752"/><temp name="T2082"/><temp name="T2070"/><temp name="T2213"/><temp name="T2249"/><temp name="T2281"/><temp name="T2103"/><temp name="T2251"/><temp name="T2202"/><temp name="T2244"/><temp name="T2314"/><temp name="T2185"/><temp name="T2191"/><temp name="T2161"/><temp name="T740"/><temp name="T2115"/><temp name="T2206"/><temp name="T28"/><temp name="T2096"/><temp name="T2170"/><temp name="T2255"/><temp name="T2088"/><temp name="T2118"/><temp name="T2157"/><temp name="T2228"/><temp name="T2240"/><temp name="T2275"/><temp name="T2135"/><temp name="T2092"/><temp name="T2141"/><temp name="T2234"/><temp name="T2294"/><temp name="T2239"/><temp name="T2287"/><temp name="T2179"/></temps><temps name="out"><temp name="T2290"/><temp name="T2263"/><temp name="T753"/><temp name="T2111"/><temp name="T2078"/><temp name="T2149"/><temp name="T2132"/><temp name="T2188"/><temp name="T2124"/><temp name="T2165"/><temp name="T2175"/><temp name="T2197"/><temp name="T2270"/><temp name="T2108"/><temp name="T2277"/><temp name="T2320"/><temp name="T2326"/><temp name="T2154"/><temp name="T2310"/><temp name="T2230"/><temp name="T752"/><temp name="T2082"/><temp name="T2070"/><temp name="T2213"/><temp name="T2249"/><temp name="T2281"/><temp name="T2103"/><temp name="T2251"/><temp name="T2202"/><temp name="T2244"/><temp name="T2314"/><temp name="T2185"/><temp name="T2191"/><temp name="T2161"/><temp name="T740"/><temp name="T2115"/><temp name="T2206"/><temp name="T28"/><temp name="T2096"/><temp name="T2170"/><temp name="T2255"/><temp name="T2088"/><temp name="T2118"/><temp name="T2157"/><temp name="T2228"/><temp name="T2240"/><temp name="T2275"/><temp name="T2135"/><temp name="T2092"/><temp name="T2141"/><temp name="T2234"/><temp name="T2294"/><temp name="T2239"/><temp name="T2287"/><temp name="T2179"/></temps></instruction><instruction code="INCH  T2101, 0"><temps name="use"/><temps name="def"><temp name="T2101"/></temps><temps name="in"><temp name="T2290"/><temp name="T2263"/><temp name="T753"/><temp name="T2111"/><temp name="T2078"/><temp name="T2149"/><temp name="T2132"/><temp name="T2188"/><temp name="T2124"/><temp name="T2165"/><temp name="T2175"/><temp name="T2197"/><temp name="T2270"/><temp name="T2108"/><temp name="T2277"/><temp name="T2320"/><temp name="T2326"/><temp name="T2154"/><temp name="T2310"/><temp name="T2230"/><temp name="T752"/><temp name="T2082"/><temp name="T2070"/><temp name="T2213"/><temp name="T2249"/><temp name="T2281"/><temp name="T2103"/><temp name="T2251"/><temp name="T2202"/><temp name="T2244"/><temp name="T2314"/><temp name="T2185"/><temp name="T2191"/><temp name="T2161"/><temp name="T740"/><temp name="T2115"/><temp name="T2206"/><temp name="T28"/><temp name="T2096"/><temp name="T2170"/><temp name="T2255"/><temp name="T2088"/><temp name="T2118"/><temp name="T2157"/><temp name="T2228"/><temp name="T2240"/><temp name="T2275"/><temp name="T2135"/><temp name="T2092"/><temp name="T2141"/><temp name="T2234"/><temp name="T2294"/><temp name="T2239"/><temp name="T2287"/><temp name="T2179"/></temps><temps name="out"><temp name="T2290"/><temp name="T2263"/><temp name="T753"/><temp name="T2111"/><temp name="T2078"/><temp name="T2149"/><temp name="T2132"/><temp name="T2188"/><temp name="T2124"/><temp name="T2165"/><temp name="T2175"/><temp name="T2197"/><temp name="T2270"/><temp name="T2108"/><temp name="T2277"/><temp name="T2320"/><temp name="T2326"/><temp name="T2154"/><temp name="T2310"/><temp name="T2230"/><temp name="T752"/><temp name="T2082"/><temp name="T2070"/><temp name="T2213"/><temp name="T2249"/><temp name="T2281"/><temp name="T2103"/><temp name="T2251"/><temp name="T2202"/><temp name="T2244"/><temp name="T2314"/><temp name="T2185"/><temp name="T2191"/><temp name="T2161"/><temp name="T740"/><temp name="T2115"/><temp name="T2101"/><temp name="T2206"/><temp name="T28"/><temp name="T2096"/><temp name="T2170"/><temp name="T2255"/><temp name="T2088"/><temp name="T2118"/><temp name="T2157"/><temp name="T2228"/><temp name="T2240"/><temp name="T2275"/><temp name="T2135"/><temp name="T2092"/><temp name="T2141"/><temp name="T2234"/><temp name="T2294"/><temp name="T2239"/><temp name="T2287"/><temp name="T2179"/></temps></instruction><instruction code="NEG T2101, 0, T2101"><temps name="use"><temp name="T2101"/></temps><temps name="def"><temp name="T2101"/></temps><temps name="in"><temp name="T2290"/><temp name="T2263"/><temp name="T753"/><temp name="T2111"/><temp name="T2078"/><temp name="T2149"/><temp name="T2132"/><temp name="T2188"/><temp name="T2124"/><temp name="T2165"/><temp name="T2175"/><temp name="T2197"/><temp name="T2270"/><temp name="T2108"/><temp name="T2277"/><temp name="T2320"/><temp name="T2326"/><temp name="T2154"/><temp name="T2310"/><temp name="T2230"/><temp name="T752"/><temp name="T2082"/><temp name="T2070"/><temp name="T2213"/><temp name="T2249"/><temp name="T2281"/><temp name="T2103"/><temp name="T2251"/><temp name="T2202"/><temp name="T2244"/><temp name="T2314"/><temp name="T2185"/><temp name="T2191"/><temp name="T2161"/><temp name="T740"/><temp name="T2115"/><temp name="T2101"/><temp name="T2206"/><temp name="T28"/><temp name="T2096"/><temp name="T2170"/><temp name="T2255"/><temp name="T2088"/><temp name="T2118"/><temp name="T2157"/><temp name="T2228"/><temp name="T2240"/><temp name="T2275"/><temp name="T2135"/><temp name="T2092"/><temp name="T2141"/><temp name="T2234"/><temp name="T2294"/><temp name="T2239"/><temp name="T2287"/><temp name="T2179"/></temps><temps name="out"><temp name="T2290"/><temp name="T2263"/><temp name="T753"/><temp name="T2111"/><temp name="T2078"/><temp name="T2149"/><temp name="T2132"/><temp name="T2188"/><temp name="T2124"/><temp name="T2165"/><temp name="T2175"/><temp name="T2197"/><temp name="T2270"/><temp name="T2108"/><temp name="T2277"/><temp name="T2320"/><temp name="T2326"/><temp name="T2154"/><temp name="T2310"/><temp name="T2230"/><temp name="T752"/><temp name="T2082"/><temp name="T2070"/><temp name="T2213"/><temp name="T2249"/><temp name="T2281"/><temp name="T2103"/><temp name="T2251"/><temp name="T2202"/><temp name="T2244"/><temp name="T2314"/><temp name="T2185"/><temp name="T2191"/><temp name="T2161"/><temp name="T740"/><temp name="T2115"/><temp name="T2101"/><temp name="T2206"/><temp name="T28"/><temp name="T2096"/><temp name="T2170"/><temp name="T2255"/><temp name="T2088"/><temp name="T2118"/><temp name="T2157"/><temp name="T2228"/><temp name="T2240"/><temp name="T2275"/><temp name="T2135"/><temp name="T2092"/><temp name="T2141"/><temp name="T2234"/><temp name="T2294"/><temp name="T2239"/><temp name="T2287"/><temp name="T2179"/></temps></instruction><instruction code="OR T754, T2101, 0"><temps name="use"><temp name="T2101"/></temps><temps name="def"><temp name="T754"/></temps><temps name="in"><temp name="T2290"/><temp name="T2263"/><temp name="T753"/><temp name="T2111"/><temp name="T2078"/><temp name="T2149"/><temp name="T2132"/><temp name="T2188"/><temp name="T2124"/><temp name="T2165"/><temp name="T2175"/><temp name="T2197"/><temp name="T2270"/><temp name="T2108"/><temp name="T2277"/><temp name="T2320"/><temp name="T2326"/><temp name="T2154"/><temp name="T2310"/><temp name="T2230"/><temp name="T752"/><temp name="T2082"/><temp name="T2070"/><temp name="T2213"/><temp name="T2249"/><temp name="T2281"/><temp name="T2103"/><temp name="T2251"/><temp name="T2202"/><temp name="T2244"/><temp name="T2314"/><temp name="T2185"/><temp name="T2191"/><temp name="T2161"/><temp name="T740"/><temp name="T2115"/><temp name="T2101"/><temp name="T2206"/><temp name="T28"/><temp name="T2096"/><temp name="T2170"/><temp name="T2255"/><temp name="T2088"/><temp name="T2118"/><temp name="T2157"/><temp name="T2228"/><temp name="T2240"/><temp name="T2275"/><temp name="T2135"/><temp name="T2092"/><temp name="T2141"/><temp name="T2234"/><temp name="T2294"/><temp name="T2239"/><temp name="T2287"/><temp name="T2179"/></temps><temps name="out"><temp name="T2290"/><temp name="T2263"/><temp name="T753"/><temp name="T2111"/><temp name="T2078"/><temp name="T2149"/><temp name="T2132"/><temp name="T2188"/><temp name="T2124"/><temp name="T2165"/><temp name="T2175"/><temp name="T2197"/><temp name="T2270"/><temp name="T2108"/><temp name="T2277"/><temp name="T2320"/><temp name="T754"/><temp name="T2326"/><temp name="T2154"/><temp name="T2310"/><temp name="T2230"/><temp name="T752"/><temp name="T2082"/><temp name="T2070"/><temp name="T2213"/><temp name="T2249"/><temp name="T2281"/><temp name="T2103"/><temp name="T2251"/><temp name="T2202"/><temp name="T2244"/><temp name="T2314"/><temp name="T2185"/><temp name="T2191"/><temp name="T2161"/><temp name="T740"/><temp name="T2115"/><temp name="T2206"/><temp name="T28"/><temp name="T2096"/><temp name="T2170"/><temp name="T2255"/><temp name="T2088"/><temp name="T2118"/><temp name="T2157"/><temp name="T2228"/><temp name="T2240"/><temp name="T2275"/><temp name="T2135"/><temp name="T2092"/><temp name="T2141"/><temp name="T2234"/><temp name="T2294"/><temp name="T2239"/><temp name="T2287"/><temp name="T2179"/></temps></instruction><instruction code="ADD T2102, T753, T754"><temps name="use"><temp name="T753"/><temp name="T754"/></temps><temps name="def"><temp name="T2102"/></temps><temps name="in"><temp name="T2290"/><temp name="T2263"/><temp name="T753"/><temp name="T2111"/><temp name="T2078"/><temp name="T2149"/><temp name="T2132"/><temp name="T2188"/><temp name="T2124"/><temp name="T2165"/><temp name="T2175"/><temp name="T2197"/><temp name="T2270"/><temp name="T2108"/><temp name="T2277"/><temp name="T2320"/><temp name="T754"/><temp name="T2326"/><temp name="T2154"/><temp name="T2310"/><temp name="T2230"/><temp name="T752"/><temp name="T2082"/><temp name="T2070"/><temp name="T2213"/><temp name="T2249"/><temp name="T2281"/><temp name="T2103"/><temp name="T2251"/><temp name="T2202"/><temp name="T2244"/><temp name="T2314"/><temp name="T2185"/><temp name="T2191"/><temp name="T2161"/><temp name="T740"/><temp name="T2115"/><temp name="T2206"/><temp name="T28"/><temp name="T2096"/><temp name="T2170"/><temp name="T2255"/><temp name="T2088"/><temp name="T2118"/><temp name="T2157"/><temp name="T2228"/><temp name="T2240"/><temp name="T2275"/><temp name="T2135"/><temp name="T2092"/><temp name="T2141"/><temp name="T2234"/><temp name="T2294"/><temp name="T2239"/><temp name="T2287"/><temp name="T2179"/></temps><temps name="out"><temp name="T2290"/><temp name="T2263"/><temp name="T2111"/><temp name="T2078"/><temp name="T2149"/><temp name="T2132"/><temp name="T2188"/><temp name="T2124"/><temp name="T2165"/><temp name="T2175"/><temp name="T2197"/><temp name="T2270"/><temp name="T2108"/><temp name="T2277"/><temp name="T2320"/><temp name="T2326"/><temp name="T2154"/><temp name="T2310"/><temp name="T2230"/><temp name="T752"/><temp name="T2082"/><temp name="T2070"/><temp name="T2213"/><temp name="T2249"/><temp name="T2281"/><temp name="T2103"/><temp name="T2251"/><temp name="T2202"/><temp name="T2244"/><temp name="T2314"/><temp name="T2185"/><temp name="T2102"/><temp name="T2191"/><temp name="T2161"/><temp name="T740"/><temp name="T2115"/><temp name="T2206"/><temp name="T28"/><temp name="T2096"/><temp name="T2170"/><temp name="T2255"/><temp name="T2088"/><temp name="T2118"/><temp name="T2157"/><temp name="T2228"/><temp name="T2240"/><temp name="T2275"/><temp name="T2135"/><temp name="T2092"/><temp name="T2141"/><temp name="T2234"/><temp name="T2294"/><temp name="T2239"/><temp name="T2287"/><temp name="T2179"/></temps></instruction><instruction code="OR T755, T2102, 0"><temps name="use"><temp name="T2102"/></temps><temps name="def"><temp name="T755"/></temps><temps name="in"><temp name="T2290"/><temp name="T2263"/><temp name="T2111"/><temp name="T2078"/><temp name="T2149"/><temp name="T2132"/><temp name="T2188"/><temp name="T2124"/><temp name="T2165"/><temp name="T2175"/><temp name="T2197"/><temp name="T2270"/><temp name="T2108"/><temp name="T2277"/><temp name="T2320"/><temp name="T2326"/><temp name="T2154"/><temp name="T2310"/><temp name="T2230"/><temp name="T752"/><temp name="T2082"/><temp name="T2070"/><temp name="T2213"/><temp name="T2249"/><temp name="T2281"/><temp name="T2103"/><temp name="T2251"/><temp name="T2202"/><temp name="T2244"/><temp name="T2314"/><temp name="T2185"/><temp name="T2102"/><temp name="T2191"/><temp name="T2161"/><temp name="T740"/><temp name="T2115"/><temp name="T2206"/><temp name="T28"/><temp name="T2096"/><temp name="T2170"/><temp name="T2255"/><temp name="T2088"/><temp name="T2118"/><temp name="T2157"/><temp name="T2228"/><temp name="T2240"/><temp name="T2275"/><temp name="T2135"/><temp name="T2092"/><temp name="T2141"/><temp name="T2234"/><temp name="T2294"/><temp name="T2239"/><temp name="T2287"/><temp name="T2179"/></temps><temps name="out"><temp name="T2290"/><temp name="T2263"/><temp name="T2111"/><temp name="T2078"/><temp name="T2149"/><temp name="T2132"/><temp name="T2188"/><temp name="T2124"/><temp name="T2165"/><temp name="T2175"/><temp name="T2197"/><temp name="T2270"/><temp name="T2108"/><temp name="T2277"/><temp name="T2320"/><temp name="T2326"/><temp name="T2154"/><temp name="T2310"/><temp name="T2230"/><temp name="T752"/><temp name="T2082"/><temp name="T2070"/><temp name="T2213"/><temp name="T2249"/><temp name="T2281"/><temp name="T2103"/><temp name="T2251"/><temp name="T2202"/><temp name="T2244"/><temp name="T2314"/><temp name="T2185"/><temp name="T2191"/><temp name="T2161"/><temp name="T740"/><temp name="T2115"/><temp name="T2206"/><temp name="T28"/><temp name="T2096"/><temp name="T2170"/><temp name="T2255"/><temp name="T2088"/><temp name="T2118"/><temp name="T2157"/><temp name="T2228"/><temp name="T2240"/><temp name="T2275"/><temp name="T2135"/><temp name="T2092"/><temp name="T2141"/><temp name="T2234"/><temp name="T2294"/><temp name="T2239"/><temp name="T2287"/><temp name="T2179"/></temps></instruction><instruction code="LDO T2104, T2103, 0"><temps name="use"><temp name="T2103"/></temps><temps name="def"><temp name="T2104"/></temps><temps name="in"><temp name="T2290"/><temp name="T2263"/><temp name="T2111"/><temp name="T2078"/><temp name="T2149"/><temp name="T2132"/><temp name="T2188"/><temp name="T2124"/><temp name="T2165"/><temp name="T2175"/><temp name="T2197"/><temp name="T2270"/><temp name="T2108"/><temp name="T2277"/><temp name="T2320"/><temp name="T2326"/><temp name="T2154"/><temp name="T2310"/><temp name="T2230"/><temp name="T752"/><temp name="T2082"/><temp name="T2070"/><temp name="T2213"/><temp name="T2249"/><temp name="T2281"/><temp name="T2103"/><temp name="T2251"/><temp name="T2202"/><temp name="T2244"/><temp name="T2314"/><temp name="T2185"/><temp name="T2191"/><temp name="T2161"/><temp name="T740"/><temp name="T2115"/><temp name="T2206"/><temp name="T28"/><temp name="T2096"/><temp name="T2170"/><temp name="T2255"/><temp name="T2088"/><temp name="T2118"/><temp name="T2157"/><temp name="T2228"/><temp name="T2240"/><temp name="T2275"/><temp name="T2135"/><temp name="T2092"/><temp name="T2141"/><temp name="T2234"/><temp name="T2294"/><temp name="T2239"/><temp name="T2287"/><temp name="T2179"/></temps><temps name="out"><temp name="T2290"/><temp name="T2263"/><temp name="T2111"/><temp name="T2078"/><temp name="T2149"/><temp name="T2132"/><temp name="T2188"/><temp name="T2124"/><temp name="T2165"/><temp name="T2175"/><temp name="T2197"/><temp name="T2270"/><temp name="T2108"/><temp name="T2277"/><temp name="T2320"/><temp name="T2326"/><temp name="T2154"/><temp name="T2310"/><temp name="T2230"/><temp name="T752"/><temp name="T2082"/><temp name="T2070"/><temp name="T2213"/><temp name="T2249"/><temp name="T2281"/><temp name="T2103"/><temp name="T2251"/><temp name="T2202"/><temp name="T2244"/><temp name="T2314"/><temp name="T2104"/><temp name="T2185"/><temp name="T2191"/><temp name="T2161"/><temp name="T740"/><temp name="T2115"/><temp name="T2206"/><temp name="T28"/><temp name="T2096"/><temp name="T2170"/><temp name="T2255"/><temp name="T2088"/><temp name="T2118"/><temp name="T2157"/><temp name="T2228"/><temp name="T2240"/><temp name="T2275"/><temp name="T2135"/><temp name="T2092"/><temp name="T2141"/><temp name="T2234"/><temp name="T2294"/><temp name="T2239"/><temp name="T2287"/><temp name="T2179"/></temps></instruction><instruction code="OR T756, T2104, 0"><temps name="use"><temp name="T2104"/></temps><temps name="def"><temp name="T756"/></temps><temps name="in"><temp name="T2290"/><temp name="T2263"/><temp name="T2111"/><temp name="T2078"/><temp name="T2149"/><temp name="T2132"/><temp name="T2188"/><temp name="T2124"/><temp name="T2165"/><temp name="T2175"/><temp name="T2197"/><temp name="T2270"/><temp name="T2108"/><temp name="T2277"/><temp name="T2320"/><temp name="T2326"/><temp name="T2154"/><temp name="T2310"/><temp name="T2230"/><temp name="T752"/><temp name="T2082"/><temp name="T2070"/><temp name="T2213"/><temp name="T2249"/><temp name="T2281"/><temp name="T2103"/><temp name="T2251"/><temp name="T2202"/><temp name="T2244"/><temp name="T2314"/><temp name="T2104"/><temp name="T2185"/><temp name="T2191"/><temp name="T2161"/><temp name="T740"/><temp name="T2115"/><temp name="T2206"/><temp name="T28"/><temp name="T2096"/><temp name="T2170"/><temp name="T2255"/><temp name="T2088"/><temp name="T2118"/><temp name="T2157"/><temp name="T2228"/><temp name="T2240"/><temp name="T2275"/><temp name="T2135"/><temp name="T2092"/><temp name="T2141"/><temp name="T2234"/><temp name="T2294"/><temp name="T2239"/><temp name="T2287"/><temp name="T2179"/></temps><temps name="out"><temp name="T2290"/><temp name="T2263"/><temp name="T2111"/><temp name="T2078"/><temp name="T2149"/><temp name="T2132"/><temp name="T2188"/><temp name="T2124"/><temp name="T2165"/><temp name="T2175"/><temp name="T2197"/><temp name="T2270"/><temp name="T2108"/><temp name="T2277"/><temp name="T2320"/><temp name="T2326"/><temp name="T2154"/><temp name="T2310"/><temp name="T2230"/><temp name="T752"/><temp name="T2082"/><temp name="T2070"/><temp name="T2213"/><temp name="T2249"/><temp name="T2281"/><temp name="T2103"/><temp name="T2251"/><temp name="T2202"/><temp name="T2244"/><temp name="T2314"/><temp name="T2185"/><temp name="T2191"/><temp name="T2161"/><temp name="T740"/><temp name="T2115"/><temp name="T2206"/><temp name="T28"/><temp name="T2096"/><temp name="T2170"/><temp name="T2255"/><temp name="T2088"/><temp name="T2118"/><temp name="T2157"/><temp name="T756"/><temp name="T2228"/><temp name="T2240"/><temp name="T2275"/><temp name="T2135"/><temp name="T2092"/><temp name="T2141"/><temp name="T2234"/><temp name="T2294"/><temp name="T2239"/><temp name="T2287"/><temp name="T2179"/></temps></instruction><instruction code="SETL  T2105, 8"><temps name="use"/><temps name="def"><temp name="T2105"/></temps><temps name="in"><temp name="T2290"/><temp name="T2263"/><temp name="T2111"/><temp name="T2078"/><temp name="T2149"/><temp name="T2132"/><temp name="T2188"/><temp name="T2124"/><temp name="T2165"/><temp name="T2175"/><temp name="T2197"/><temp name="T2270"/><temp name="T2108"/><temp name="T2277"/><temp name="T2320"/><temp name="T2326"/><temp name="T2154"/><temp name="T2310"/><temp name="T2230"/><temp name="T752"/><temp name="T2082"/><temp name="T2070"/><temp name="T2213"/><temp name="T2249"/><temp name="T2281"/><temp name="T2103"/><temp name="T2251"/><temp name="T2202"/><temp name="T2244"/><temp name="T2314"/><temp name="T2185"/><temp name="T2191"/><temp name="T2161"/><temp name="T740"/><temp name="T2115"/><temp name="T2206"/><temp name="T28"/><temp name="T2096"/><temp name="T2170"/><temp name="T2255"/><temp name="T2088"/><temp name="T2118"/><temp name="T2157"/><temp name="T756"/><temp name="T2228"/><temp name="T2240"/><temp name="T2275"/><temp name="T2135"/><temp name="T2092"/><temp name="T2141"/><temp name="T2234"/><temp name="T2294"/><temp name="T2239"/><temp name="T2287"/><temp name="T2179"/></temps><temps name="out"><temp name="T2290"/><temp name="T2263"/><temp name="T2111"/><temp name="T2078"/><temp name="T2149"/><temp name="T2132"/><temp name="T2188"/><temp name="T2124"/><temp name="T2165"/><temp name="T2175"/><temp name="T2197"/><temp name="T2270"/><temp name="T2108"/><temp name="T2277"/><temp name="T2320"/><temp name="T2326"/><temp name="T2154"/><temp name="T2310"/><temp name="T2230"/><temp name="T752"/><temp name="T2082"/><temp name="T2070"/><temp name="T2213"/><temp name="T2249"/><temp name="T2281"/><temp name="T2103"/><temp name="T2251"/><temp name="T2202"/><temp name="T2244"/><temp name="T2314"/><temp name="T2185"/><temp name="T2191"/><temp name="T2161"/><temp name="T740"/><temp name="T2115"/><temp name="T2206"/><temp name="T28"/><temp name="T2096"/><temp name="T2170"/><temp name="T2255"/><temp name="T2088"/><temp name="T2118"/><temp name="T2157"/><temp name="T756"/><temp name="T2228"/><temp name="T2240"/><temp name="T2275"/><temp name="T2135"/><temp name="T2092"/><temp name="T2141"/><temp name="T2234"/><temp name="T2294"/><temp name="T2239"/><temp name="T2287"/><temp name="T2179"/></temps></instruction><instruction code="INCML T2105, 0"><temps name="use"/><temps name="def"><temp name="T2105"/></temps><temps name="in"><temp name="T2290"/><temp name="T2263"/><temp name="T2111"/><temp name="T2078"/><temp name="T2149"/><temp name="T2132"/><temp name="T2188"/><temp name="T2124"/><temp name="T2165"/><temp name="T2175"/><temp name="T2197"/><temp name="T2270"/><temp name="T2108"/><temp name="T2277"/><temp name="T2320"/><temp name="T2326"/><temp name="T2154"/><temp name="T2310"/><temp name="T2230"/><temp name="T752"/><temp name="T2082"/><temp name="T2070"/><temp name="T2213"/><temp name="T2249"/><temp name="T2281"/><temp name="T2103"/><temp name="T2251"/><temp name="T2202"/><temp name="T2244"/><temp name="T2314"/><temp name="T2185"/><temp name="T2191"/><temp name="T2161"/><temp name="T740"/><temp name="T2115"/><temp name="T2206"/><temp name="T28"/><temp name="T2096"/><temp name="T2170"/><temp name="T2255"/><temp name="T2088"/><temp name="T2118"/><temp name="T2157"/><temp name="T756"/><temp name="T2228"/><temp name="T2240"/><temp name="T2275"/><temp name="T2135"/><temp name="T2092"/><temp name="T2141"/><temp name="T2234"/><temp name="T2294"/><temp name="T2239"/><temp name="T2287"/><temp name="T2179"/></temps><temps name="out"><temp name="T2290"/><temp name="T2263"/><temp name="T2111"/><temp name="T2078"/><temp name="T2149"/><temp name="T2132"/><temp name="T2188"/><temp name="T2124"/><temp name="T2165"/><temp name="T2175"/><temp name="T2197"/><temp name="T2270"/><temp name="T2108"/><temp name="T2277"/><temp name="T2320"/><temp name="T2326"/><temp name="T2154"/><temp name="T2310"/><temp name="T2230"/><temp name="T752"/><temp name="T2082"/><temp name="T2070"/><temp name="T2213"/><temp name="T2249"/><temp name="T2281"/><temp name="T2103"/><temp name="T2251"/><temp name="T2202"/><temp name="T2244"/><temp name="T2314"/><temp name="T2185"/><temp name="T2191"/><temp name="T2161"/><temp name="T740"/><temp name="T2115"/><temp name="T2206"/><temp name="T28"/><temp name="T2096"/><temp name="T2170"/><temp name="T2255"/><temp name="T2088"/><temp name="T2118"/><temp name="T2157"/><temp name="T756"/><temp name="T2228"/><temp name="T2240"/><temp name="T2275"/><temp name="T2135"/><temp name="T2092"/><temp name="T2141"/><temp name="T2234"/><temp name="T2294"/><temp name="T2239"/><temp name="T2287"/><temp name="T2179"/></temps></instruction><instruction code="INCMH T2105, 0"><temps name="use"/><temps name="def"><temp name="T2105"/></temps><temps name="in"><temp name="T2290"/><temp name="T2263"/><temp name="T2111"/><temp name="T2078"/><temp name="T2149"/><temp name="T2132"/><temp name="T2188"/><temp name="T2124"/><temp name="T2165"/><temp name="T2175"/><temp name="T2197"/><temp name="T2270"/><temp name="T2108"/><temp name="T2277"/><temp name="T2320"/><temp name="T2326"/><temp name="T2154"/><temp name="T2310"/><temp name="T2230"/><temp name="T752"/><temp name="T2082"/><temp name="T2070"/><temp name="T2213"/><temp name="T2249"/><temp name="T2281"/><temp name="T2103"/><temp name="T2251"/><temp name="T2202"/><temp name="T2244"/><temp name="T2314"/><temp name="T2185"/><temp name="T2191"/><temp name="T2161"/><temp name="T740"/><temp name="T2115"/><temp name="T2206"/><temp name="T28"/><temp name="T2096"/><temp name="T2170"/><temp name="T2255"/><temp name="T2088"/><temp name="T2118"/><temp name="T2157"/><temp name="T756"/><temp name="T2228"/><temp name="T2240"/><temp name="T2275"/><temp name="T2135"/><temp name="T2092"/><temp name="T2141"/><temp name="T2234"/><temp name="T2294"/><temp name="T2239"/><temp name="T2287"/><temp name="T2179"/></temps><temps name="out"><temp name="T2290"/><temp name="T2263"/><temp name="T2111"/><temp name="T2078"/><temp name="T2149"/><temp name="T2132"/><temp name="T2188"/><temp name="T2124"/><temp name="T2165"/><temp name="T2175"/><temp name="T2197"/><temp name="T2270"/><temp name="T2108"/><temp name="T2277"/><temp name="T2320"/><temp name="T2326"/><temp name="T2154"/><temp name="T2310"/><temp name="T2230"/><temp name="T752"/><temp name="T2082"/><temp name="T2070"/><temp name="T2213"/><temp name="T2249"/><temp name="T2281"/><temp name="T2103"/><temp name="T2251"/><temp name="T2202"/><temp name="T2244"/><temp name="T2314"/><temp name="T2185"/><temp name="T2191"/><temp name="T2161"/><temp name="T740"/><temp name="T2115"/><temp name="T2206"/><temp name="T28"/><temp name="T2096"/><temp name="T2170"/><temp name="T2255"/><temp name="T2088"/><temp name="T2118"/><temp name="T2157"/><temp name="T756"/><temp name="T2228"/><temp name="T2240"/><temp name="T2275"/><temp name="T2135"/><temp name="T2092"/><temp name="T2141"/><temp name="T2234"/><temp name="T2294"/><temp name="T2239"/><temp name="T2287"/><temp name="T2179"/></temps></instruction><instruction code="INCH  T2105, 0"><temps name="use"/><temps name="def"><temp name="T2105"/></temps><temps name="in"><temp name="T2290"/><temp name="T2263"/><temp name="T2111"/><temp name="T2078"/><temp name="T2149"/><temp name="T2132"/><temp name="T2188"/><temp name="T2124"/><temp name="T2165"/><temp name="T2175"/><temp name="T2197"/><temp name="T2270"/><temp name="T2108"/><temp name="T2277"/><temp name="T2320"/><temp name="T2326"/><temp name="T2154"/><temp name="T2310"/><temp name="T2230"/><temp name="T752"/><temp name="T2082"/><temp name="T2070"/><temp name="T2213"/><temp name="T2249"/><temp name="T2281"/><temp name="T2103"/><temp name="T2251"/><temp name="T2202"/><temp name="T2244"/><temp name="T2314"/><temp name="T2185"/><temp name="T2191"/><temp name="T2161"/><temp name="T740"/><temp name="T2115"/><temp name="T2206"/><temp name="T28"/><temp name="T2096"/><temp name="T2170"/><temp name="T2255"/><temp name="T2088"/><temp name="T2118"/><temp name="T2157"/><temp name="T756"/><temp name="T2228"/><temp name="T2240"/><temp name="T2275"/><temp name="T2135"/><temp name="T2092"/><temp name="T2141"/><temp name="T2234"/><temp name="T2294"/><temp name="T2239"/><temp name="T2287"/><temp name="T2179"/></temps><temps name="out"><temp name="T2290"/><temp name="T2263"/><temp name="T2111"/><temp name="T2078"/><temp name="T2149"/><temp name="T2132"/><temp name="T2188"/><temp name="T2124"/><temp name="T2165"/><temp name="T2175"/><temp name="T2197"/><temp name="T2270"/><temp name="T2108"/><temp name="T2277"/><temp name="T2320"/><temp name="T2326"/><temp name="T2105"/><temp name="T2154"/><temp name="T2310"/><temp name="T2230"/><temp name="T752"/><temp name="T2082"/><temp name="T2070"/><temp name="T2213"/><temp name="T2249"/><temp name="T2281"/><temp name="T2103"/><temp name="T2251"/><temp name="T2202"/><temp name="T2244"/><temp name="T2314"/><temp name="T2185"/><temp name="T2191"/><temp name="T2161"/><temp name="T740"/><temp name="T2115"/><temp name="T2206"/><temp name="T28"/><temp name="T2096"/><temp name="T2170"/><temp name="T2255"/><temp name="T2088"/><temp name="T2118"/><temp name="T2157"/><temp name="T756"/><temp name="T2228"/><temp name="T2240"/><temp name="T2275"/><temp name="T2135"/><temp name="T2092"/><temp name="T2141"/><temp name="T2234"/><temp name="T2294"/><temp name="T2239"/><temp name="T2287"/><temp name="T2179"/></temps></instruction><instruction code="OR T757, T2105, 0"><temps name="use"><temp name="T2105"/></temps><temps name="def"><temp name="T757"/></temps><temps name="in"><temp name="T2290"/><temp name="T2263"/><temp name="T2111"/><temp name="T2078"/><temp name="T2149"/><temp name="T2132"/><temp name="T2188"/><temp name="T2124"/><temp name="T2165"/><temp name="T2175"/><temp name="T2197"/><temp name="T2270"/><temp name="T2108"/><temp name="T2277"/><temp name="T2320"/><temp name="T2326"/><temp name="T2105"/><temp name="T2154"/><temp name="T2310"/><temp name="T2230"/><temp name="T752"/><temp name="T2082"/><temp name="T2070"/><temp name="T2213"/><temp name="T2249"/><temp name="T2281"/><temp name="T2103"/><temp name="T2251"/><temp name="T2202"/><temp name="T2244"/><temp name="T2314"/><temp name="T2185"/><temp name="T2191"/><temp name="T2161"/><temp name="T740"/><temp name="T2115"/><temp name="T2206"/><temp name="T28"/><temp name="T2096"/><temp name="T2170"/><temp name="T2255"/><temp name="T2088"/><temp name="T2118"/><temp name="T2157"/><temp name="T756"/><temp name="T2228"/><temp name="T2240"/><temp name="T2275"/><temp name="T2135"/><temp name="T2092"/><temp name="T2141"/><temp name="T2234"/><temp name="T2294"/><temp name="T2239"/><temp name="T2287"/><temp name="T2179"/></temps><temps name="out"><temp name="T2290"/><temp name="T757"/><temp name="T2263"/><temp name="T2111"/><temp name="T2078"/><temp name="T2149"/><temp name="T2132"/><temp name="T2188"/><temp name="T2124"/><temp name="T2165"/><temp name="T2175"/><temp name="T2197"/><temp name="T2270"/><temp name="T2108"/><temp name="T2277"/><temp name="T2320"/><temp name="T2326"/><temp name="T2154"/><temp name="T2310"/><temp name="T2230"/><temp name="T752"/><temp name="T2082"/><temp name="T2070"/><temp name="T2213"/><temp name="T2249"/><temp name="T2281"/><temp name="T2103"/><temp name="T2251"/><temp name="T2202"/><temp name="T2244"/><temp name="T2314"/><temp name="T2185"/><temp name="T2191"/><temp name="T2161"/><temp name="T740"/><temp name="T2115"/><temp name="T2206"/><temp name="T28"/><temp name="T2096"/><temp name="T2170"/><temp name="T2255"/><temp name="T2088"/><temp name="T2118"/><temp name="T2157"/><temp name="T756"/><temp name="T2228"/><temp name="T2240"/><temp name="T2275"/><temp name="T2135"/><temp name="T2092"/><temp name="T2141"/><temp name="T2234"/><temp name="T2294"/><temp name="T2239"/><temp name="T2287"/><temp name="T2179"/></temps></instruction><instruction code="MUL T2106, T756, T757"><temps name="use"><temp name="T756"/><temp name="T757"/></temps><temps name="def"><temp name="T2106"/></temps><temps name="in"><temp name="T2290"/><temp name="T757"/><temp name="T2263"/><temp name="T2111"/><temp name="T2078"/><temp name="T2149"/><temp name="T2132"/><temp name="T2188"/><temp name="T2124"/><temp name="T2165"/><temp name="T2175"/><temp name="T2197"/><temp name="T2270"/><temp name="T2108"/><temp name="T2277"/><temp name="T2320"/><temp name="T2326"/><temp name="T2154"/><temp name="T2310"/><temp name="T2230"/><temp name="T752"/><temp name="T2082"/><temp name="T2070"/><temp name="T2213"/><temp name="T2249"/><temp name="T2281"/><temp name="T2103"/><temp name="T2251"/><temp name="T2202"/><temp name="T2244"/><temp name="T2314"/><temp name="T2185"/><temp name="T2191"/><temp name="T2161"/><temp name="T740"/><temp name="T2115"/><temp name="T2206"/><temp name="T28"/><temp name="T2096"/><temp name="T2170"/><temp name="T2255"/><temp name="T2088"/><temp name="T2118"/><temp name="T2157"/><temp name="T756"/><temp name="T2228"/><temp name="T2240"/><temp name="T2275"/><temp name="T2135"/><temp name="T2092"/><temp name="T2141"/><temp name="T2234"/><temp name="T2294"/><temp name="T2239"/><temp name="T2287"/><temp name="T2179"/></temps><temps name="out"><temp name="T2290"/><temp name="T2263"/><temp name="T2111"/><temp name="T2078"/><temp name="T2149"/><temp name="T2132"/><temp name="T2188"/><temp name="T2124"/><temp name="T2165"/><temp name="T2175"/><temp name="T2197"/><temp name="T2270"/><temp name="T2108"/><temp name="T2277"/><temp name="T2320"/><temp name="T2326"/><temp name="T2154"/><temp name="T2310"/><temp name="T2230"/><temp name="T752"/><temp name="T2082"/><temp name="T2070"/><temp name="T2213"/><temp name="T2249"/><temp name="T2281"/><temp name="T2103"/><temp name="T2251"/><temp name="T2202"/><temp name="T2244"/><temp name="T2314"/><temp name="T2106"/><temp name="T2185"/><temp name="T2191"/><temp name="T2161"/><temp name="T740"/><temp name="T2115"/><temp name="T2206"/><temp name="T28"/><temp name="T2096"/><temp name="T2170"/><temp name="T2255"/><temp name="T2088"/><temp name="T2118"/><temp name="T2157"/><temp name="T2228"/><temp name="T2240"/><temp name="T2275"/><temp name="T2135"/><temp name="T2092"/><temp name="T2141"/><temp name="T2234"/><temp name="T2294"/><temp name="T2239"/><temp name="T2287"/><temp name="T2179"/></temps></instruction><instruction code="OR T758, T2106, 0"><temps name="use"><temp name="T2106"/></temps><temps name="def"><temp name="T758"/></temps><temps name="in"><temp name="T2290"/><temp name="T2263"/><temp name="T2111"/><temp name="T2078"/><temp name="T2149"/><temp name="T2132"/><temp name="T2188"/><temp name="T2124"/><temp name="T2165"/><temp name="T2175"/><temp name="T2197"/><temp name="T2270"/><temp name="T2108"/><temp name="T2277"/><temp name="T2320"/><temp name="T2326"/><temp name="T2154"/><temp name="T2310"/><temp name="T2230"/><temp name="T752"/><temp name="T2082"/><temp name="T2070"/><temp name="T2213"/><temp name="T2249"/><temp name="T2281"/><temp name="T2103"/><temp name="T2251"/><temp name="T2202"/><temp name="T2244"/><temp name="T2314"/><temp name="T2106"/><temp name="T2185"/><temp name="T2191"/><temp name="T2161"/><temp name="T740"/><temp name="T2115"/><temp name="T2206"/><temp name="T28"/><temp name="T2096"/><temp name="T2170"/><temp name="T2255"/><temp name="T2088"/><temp name="T2118"/><temp name="T2157"/><temp name="T2228"/><temp name="T2240"/><temp name="T2275"/><temp name="T2135"/><temp name="T2092"/><temp name="T2141"/><temp name="T2234"/><temp name="T2294"/><temp name="T2239"/><temp name="T2287"/><temp name="T2179"/></temps><temps name="out"><temp name="T2290"/><temp name="T2263"/><temp name="T2111"/><temp name="T2078"/><temp name="T2149"/><temp name="T2132"/><temp name="T2188"/><temp name="T2124"/><temp name="T2165"/><temp name="T2175"/><temp name="T2197"/><temp name="T2270"/><temp name="T2108"/><temp name="T2277"/><temp name="T2320"/><temp name="T2326"/><temp name="T2154"/><temp name="T2310"/><temp name="T2230"/><temp name="T752"/><temp name="T2082"/><temp name="T2070"/><temp name="T2213"/><temp name="T2249"/><temp name="T2281"/><temp name="T2103"/><temp name="T2251"/><temp name="T2202"/><temp name="T2244"/><temp name="T2314"/><temp name="T2185"/><temp name="T2191"/><temp name="T2161"/><temp name="T740"/><temp name="T2115"/><temp name="T2206"/><temp name="T28"/><temp name="T2096"/><temp name="T2170"/><temp name="T2255"/><temp name="T2088"/><temp name="T2118"/><temp name="T2157"/><temp name="T2228"/><temp name="T2240"/><temp name="T758"/><temp name="T2275"/><temp name="T2135"/><temp name="T2092"/><temp name="T2141"/><temp name="T2234"/><temp name="T2294"/><temp name="T2239"/><temp name="T2287"/><temp name="T2179"/></temps></instruction><instruction code="ADD T2107, T752, T758"><temps name="use"><temp name="T752"/><temp name="T758"/></temps><temps name="def"><temp name="T2107"/></temps><temps name="in"><temp name="T2290"/><temp name="T2263"/><temp name="T2111"/><temp name="T2078"/><temp name="T2149"/><temp name="T2132"/><temp name="T2188"/><temp name="T2124"/><temp name="T2165"/><temp name="T2175"/><temp name="T2197"/><temp name="T2270"/><temp name="T2108"/><temp name="T2277"/><temp name="T2320"/><temp name="T2326"/><temp name="T2154"/><temp name="T2310"/><temp name="T2230"/><temp name="T752"/><temp name="T2082"/><temp name="T2070"/><temp name="T2213"/><temp name="T2249"/><temp name="T2281"/><temp name="T2103"/><temp name="T2251"/><temp name="T2202"/><temp name="T2244"/><temp name="T2314"/><temp name="T2185"/><temp name="T2191"/><temp name="T2161"/><temp name="T740"/><temp name="T2115"/><temp name="T2206"/><temp name="T28"/><temp name="T2096"/><temp name="T2170"/><temp name="T2255"/><temp name="T2088"/><temp name="T2118"/><temp name="T2157"/><temp name="T2228"/><temp name="T2240"/><temp name="T758"/><temp name="T2275"/><temp name="T2135"/><temp name="T2092"/><temp name="T2141"/><temp name="T2234"/><temp name="T2294"/><temp name="T2239"/><temp name="T2287"/><temp name="T2179"/></temps><temps name="out"><temp name="T2290"/><temp name="T2263"/><temp name="T2111"/><temp name="T2078"/><temp name="T2149"/><temp name="T2132"/><temp name="T2188"/><temp name="T2124"/><temp name="T2165"/><temp name="T2175"/><temp name="T2197"/><temp name="T2270"/><temp name="T2108"/><temp name="T2277"/><temp name="T2320"/><temp name="T2326"/><temp name="T2154"/><temp name="T2310"/><temp name="T2230"/><temp name="T2082"/><temp name="T2070"/><temp name="T2213"/><temp name="T2249"/><temp name="T2281"/><temp name="T2103"/><temp name="T2251"/><temp name="T2202"/><temp name="T2244"/><temp name="T2107"/><temp name="T2314"/><temp name="T2185"/><temp name="T2191"/><temp name="T2161"/><temp name="T740"/><temp name="T2115"/><temp name="T2206"/><temp name="T28"/><temp name="T2096"/><temp name="T2170"/><temp name="T2255"/><temp name="T2088"/><temp name="T2118"/><temp name="T2157"/><temp name="T2228"/><temp name="T2240"/><temp name="T2275"/><temp name="T2135"/><temp name="T2092"/><temp name="T2141"/><temp name="T2234"/><temp name="T2294"/><temp name="T2239"/><temp name="T2287"/><temp name="T2179"/></temps></instruction><instruction code="OR T759, T2107, 0"><temps name="use"><temp name="T2107"/></temps><temps name="def"><temp name="T759"/></temps><temps name="in"><temp name="T2290"/><temp name="T2263"/><temp name="T2111"/><temp name="T2078"/><temp name="T2149"/><temp name="T2132"/><temp name="T2188"/><temp name="T2124"/><temp name="T2165"/><temp name="T2175"/><temp name="T2197"/><temp name="T2270"/><temp name="T2108"/><temp name="T2277"/><temp name="T2320"/><temp name="T2326"/><temp name="T2154"/><temp name="T2310"/><temp name="T2230"/><temp name="T2082"/><temp name="T2070"/><temp name="T2213"/><temp name="T2249"/><temp name="T2281"/><temp name="T2103"/><temp name="T2251"/><temp name="T2202"/><temp name="T2244"/><temp name="T2107"/><temp name="T2314"/><temp name="T2185"/><temp name="T2191"/><temp name="T2161"/><temp name="T740"/><temp name="T2115"/><temp name="T2206"/><temp name="T28"/><temp name="T2096"/><temp name="T2170"/><temp name="T2255"/><temp name="T2088"/><temp name="T2118"/><temp name="T2157"/><temp name="T2228"/><temp name="T2240"/><temp name="T2275"/><temp name="T2135"/><temp name="T2092"/><temp name="T2141"/><temp name="T2234"/><temp name="T2294"/><temp name="T2239"/><temp name="T2287"/><temp name="T2179"/></temps><temps name="out"><temp name="T2290"/><temp name="T2263"/><temp name="T2111"/><temp name="T2078"/><temp name="T2149"/><temp name="T2132"/><temp name="T2188"/><temp name="T2124"/><temp name="T2165"/><temp name="T2175"/><temp name="T2197"/><temp name="T2270"/><temp name="T2108"/><temp name="T2277"/><temp name="T2320"/><temp name="T2326"/><temp name="T2154"/><temp name="T2310"/><temp name="T2230"/><temp name="T2082"/><temp name="T2070"/><temp name="T2213"/><temp name="T2249"/><temp name="T2281"/><temp name="T2103"/><temp name="T2251"/><temp name="T2202"/><temp name="T2244"/><temp name="T2314"/><temp name="T2185"/><temp name="T2191"/><temp name="T2161"/><temp name="T740"/><temp name="T2115"/><temp name="T2206"/><temp name="T28"/><temp name="T2096"/><temp name="T2170"/><temp name="T2255"/><temp name="T2088"/><temp name="T2118"/><temp name="T2157"/><temp name="T2228"/><temp name="T2240"/><temp name="T2275"/><temp name="T2135"/><temp name="T2092"/><temp name="T2141"/><temp name="T2234"/><temp name="T2294"/><temp name="T2239"/><temp name="T2287"/><temp name="T2179"/></temps></instruction><instruction code="LDO T2109, T2108, 0"><temps name="use"><temp name="T2108"/></temps><temps name="def"><temp name="T2109"/></temps><temps name="in"><temp name="T2290"/><temp name="T2263"/><temp name="T2111"/><temp name="T2078"/><temp name="T2149"/><temp name="T2132"/><temp name="T2188"/><temp name="T2124"/><temp name="T2165"/><temp name="T2175"/><temp name="T2197"/><temp name="T2270"/><temp name="T2108"/><temp name="T2277"/><temp name="T2320"/><temp name="T2326"/><temp name="T2154"/><temp name="T2310"/><temp name="T2230"/><temp name="T2082"/><temp name="T2070"/><temp name="T2213"/><temp name="T2249"/><temp name="T2281"/><temp name="T2103"/><temp name="T2251"/><temp name="T2202"/><temp name="T2244"/><temp name="T2314"/><temp name="T2185"/><temp name="T2191"/><temp name="T2161"/><temp name="T740"/><temp name="T2115"/><temp name="T2206"/><temp name="T28"/><temp name="T2096"/><temp name="T2170"/><temp name="T2255"/><temp name="T2088"/><temp name="T2118"/><temp name="T2157"/><temp name="T2228"/><temp name="T2240"/><temp name="T2275"/><temp name="T2135"/><temp name="T2092"/><temp name="T2141"/><temp name="T2234"/><temp name="T2294"/><temp name="T2239"/><temp name="T2287"/><temp name="T2179"/></temps><temps name="out"><temp name="T2290"/><temp name="T2263"/><temp name="T2111"/><temp name="T2078"/><temp name="T2149"/><temp name="T2132"/><temp name="T2188"/><temp name="T2124"/><temp name="T2165"/><temp name="T2175"/><temp name="T2197"/><temp name="T2270"/><temp name="T2108"/><temp name="T2277"/><temp name="T2320"/><temp name="T2326"/><temp name="T2154"/><temp name="T2310"/><temp name="T2230"/><temp name="T2082"/><temp name="T2070"/><temp name="T2213"/><temp name="T2249"/><temp name="T2281"/><temp name="T2103"/><temp name="T2251"/><temp name="T2202"/><temp name="T2244"/><temp name="T2314"/><temp name="T2185"/><temp name="T2191"/><temp name="T2161"/><temp name="T740"/><temp name="T2115"/><temp name="T2206"/><temp name="T28"/><temp name="T2096"/><temp name="T2170"/><temp name="T2255"/><temp name="T2088"/><temp name="T2118"/><temp name="T2157"/><temp name="T2228"/><temp name="T2240"/><temp name="T2275"/><temp name="T2135"/><temp name="T2109"/><temp name="T2092"/><temp name="T2141"/><temp name="T2234"/><temp name="T2294"/><temp name="T2239"/><temp name="T2287"/><temp name="T2179"/></temps></instruction><instruction code="OR T760, T2109, 0"><temps name="use"><temp name="T2109"/></temps><temps name="def"><temp name="T760"/></temps><temps name="in"><temp name="T2290"/><temp name="T2263"/><temp name="T2111"/><temp name="T2078"/><temp name="T2149"/><temp name="T2132"/><temp name="T2188"/><temp name="T2124"/><temp name="T2165"/><temp name="T2175"/><temp name="T2197"/><temp name="T2270"/><temp name="T2108"/><temp name="T2277"/><temp name="T2320"/><temp name="T2326"/><temp name="T2154"/><temp name="T2310"/><temp name="T2230"/><temp name="T2082"/><temp name="T2070"/><temp name="T2213"/><temp name="T2249"/><temp name="T2281"/><temp name="T2103"/><temp name="T2251"/><temp name="T2202"/><temp name="T2244"/><temp name="T2314"/><temp name="T2185"/><temp name="T2191"/><temp name="T2161"/><temp name="T740"/><temp name="T2115"/><temp name="T2206"/><temp name="T28"/><temp name="T2096"/><temp name="T2170"/><temp name="T2255"/><temp name="T2088"/><temp name="T2118"/><temp name="T2157"/><temp name="T2228"/><temp name="T2240"/><temp name="T2275"/><temp name="T2135"/><temp name="T2109"/><temp name="T2092"/><temp name="T2141"/><temp name="T2234"/><temp name="T2294"/><temp name="T2239"/><temp name="T2287"/><temp name="T2179"/></temps><temps name="out"><temp name="T2290"/><temp name="T2263"/><temp name="T2111"/><temp name="T2078"/><temp name="T2149"/><temp name="T2132"/><temp name="T2188"/><temp name="T2124"/><temp name="T2165"/><temp name="T2175"/><temp name="T2197"/><temp name="T2270"/><temp name="T2108"/><temp name="T2277"/><temp name="T2320"/><temp name="T2326"/><temp name="T2154"/><temp name="T2310"/><temp name="T2230"/><temp name="T2082"/><temp name="T2070"/><temp name="T2213"/><temp name="T2249"/><temp name="T2281"/><temp name="T2103"/><temp name="T2251"/><temp name="T2202"/><temp name="T2244"/><temp name="T2314"/><temp name="T2185"/><temp name="T2191"/><temp name="T2161"/><temp name="T740"/><temp name="T2115"/><temp name="T2206"/><temp name="T28"/><temp name="T2096"/><temp name="T2170"/><temp name="T760"/><temp name="T2255"/><temp name="T2088"/><temp name="T2118"/><temp name="T2157"/><temp name="T2228"/><temp name="T2240"/><temp name="T2275"/><temp name="T2135"/><temp name="T2092"/><temp name="T2141"/><temp name="T2234"/><temp name="T2294"/><temp name="T2239"/><temp name="T2287"/><temp name="T2179"/></temps></instruction><instruction code="STO T740, $254, 8"><temps name="use"><temp name="T740"/></temps><temps name="def"/><temps name="in"><temp name="T2290"/><temp name="T2263"/><temp name="T2111"/><temp name="T2078"/><temp name="T2149"/><temp name="T2132"/><temp name="T2188"/><temp name="T2124"/><temp name="T2165"/><temp name="T2175"/><temp name="T2197"/><temp name="T2270"/><temp name="T2108"/><temp name="T2277"/><temp name="T2320"/><temp name="T2326"/><temp name="T2154"/><temp name="T2310"/><temp name="T2230"/><temp name="T2082"/><temp name="T2070"/><temp name="T2213"/><temp name="T2249"/><temp name="T2281"/><temp name="T2103"/><temp name="T2251"/><temp name="T2202"/><temp name="T2244"/><temp name="T2314"/><temp name="T2185"/><temp name="T2191"/><temp name="T2161"/><temp name="T740"/><temp name="T2115"/><temp name="T2206"/><temp name="T28"/><temp name="T2096"/><temp name="T2170"/><temp name="T760"/><temp name="T2255"/><temp name="T2088"/><temp name="T2118"/><temp name="T2157"/><temp name="T2228"/><temp name="T2240"/><temp name="T2275"/><temp name="T2135"/><temp name="T2092"/><temp name="T2141"/><temp name="T2234"/><temp name="T2294"/><temp name="T2239"/><temp name="T2287"/><temp name="T2179"/></temps><temps name="out"><temp name="T2290"/><temp name="T2263"/><temp name="T2111"/><temp name="T2078"/><temp name="T2149"/><temp name="T2132"/><temp name="T2188"/><temp name="T2124"/><temp name="T2165"/><temp name="T2175"/><temp name="T2197"/><temp name="T2270"/><temp name="T2108"/><temp name="T2277"/><temp name="T2320"/><temp name="T2326"/><temp name="T2154"/><temp name="T2310"/><temp name="T2230"/><temp name="T2082"/><temp name="T2070"/><temp name="T2213"/><temp name="T2249"/><temp name="T2281"/><temp name="T2103"/><temp name="T2251"/><temp name="T2202"/><temp name="T2244"/><temp name="T2314"/><temp name="T2185"/><temp name="T2191"/><temp name="T2161"/><temp name="T2115"/><temp name="T2206"/><temp name="T28"/><temp name="T2096"/><temp name="T2170"/><temp name="T760"/><temp name="T2255"/><temp name="T2088"/><temp name="T2118"/><temp name="T2157"/><temp name="T2228"/><temp name="T2240"/><temp name="T2275"/><temp name="T2135"/><temp name="T2092"/><temp name="T2141"/><temp name="T2234"/><temp name="T2294"/><temp name="T2239"/><temp name="T2287"/><temp name="T2179"/></temps></instruction><instruction code="STO T760, $254, 16"><temps name="use"><temp name="T760"/></temps><temps name="def"/><temps name="in"><temp name="T2290"/><temp name="T2263"/><temp name="T2111"/><temp name="T2078"/><temp name="T2149"/><temp name="T2132"/><temp name="T2188"/><temp name="T2124"/><temp name="T2165"/><temp name="T2175"/><temp name="T2197"/><temp name="T2270"/><temp name="T2108"/><temp name="T2277"/><temp name="T2320"/><temp name="T2326"/><temp name="T2154"/><temp name="T2310"/><temp name="T2230"/><temp name="T2082"/><temp name="T2070"/><temp name="T2213"/><temp name="T2249"/><temp name="T2281"/><temp name="T2103"/><temp name="T2251"/><temp name="T2202"/><temp name="T2244"/><temp name="T2314"/><temp name="T2185"/><temp name="T2191"/><temp name="T2161"/><temp name="T2115"/><temp name="T2206"/><temp name="T28"/><temp name="T2096"/><temp name="T2170"/><temp name="T760"/><temp name="T2255"/><temp name="T2088"/><temp name="T2118"/><temp name="T2157"/><temp name="T2228"/><temp name="T2240"/><temp name="T2275"/><temp name="T2135"/><temp name="T2092"/><temp name="T2141"/><temp name="T2234"/><temp name="T2294"/><temp name="T2239"/><temp name="T2287"/><temp name="T2179"/></temps><temps name="out"><temp name="T2290"/><temp name="T2263"/><temp name="T2111"/><temp name="T2078"/><temp name="T2149"/><temp name="T2132"/><temp name="T2188"/><temp name="T2124"/><temp name="T2165"/><temp name="T2175"/><temp name="T2197"/><temp name="T2270"/><temp name="T2108"/><temp name="T2277"/><temp name="T2320"/><temp name="T2326"/><temp name="T2154"/><temp name="T2310"/><temp name="T2230"/><temp name="T2082"/><temp name="T2070"/><temp name="T2213"/><temp name="T2249"/><temp name="T2281"/><temp name="T2103"/><temp name="T2251"/><temp name="T2202"/><temp name="T2244"/><temp name="T2314"/><temp name="T2185"/><temp name="T2191"/><temp name="T2161"/><temp name="T2115"/><temp name="T2206"/><temp name="T28"/><temp name="T2096"/><temp name="T2170"/><temp name="T2255"/><temp name="T2088"/><temp name="T2118"/><temp name="T2157"/><temp name="T2228"/><temp name="T2240"/><temp name="T2275"/><temp name="T2135"/><temp name="T2092"/><temp name="T2141"/><temp name="T2234"/><temp name="T2294"/><temp name="T2239"/><temp name="T2287"/><temp name="T2179"/></temps></instruction><instruction code="LDA T2110, _putInt"><temps name="use"/><temps name="def"><temp name="T2110"/></temps><temps name="in"><temp name="T2290"/><temp name="T2263"/><temp name="T2111"/><temp name="T2078"/><temp name="T2149"/><temp name="T2132"/><temp name="T2188"/><temp name="T2124"/><temp name="T2165"/><temp name="T2175"/><temp name="T2197"/><temp name="T2270"/><temp name="T2108"/><temp name="T2277"/><temp name="T2320"/><temp name="T2326"/><temp name="T2154"/><temp name="T2310"/><temp name="T2230"/><temp name="T2082"/><temp name="T2070"/><temp name="T2213"/><temp name="T2249"/><temp name="T2281"/><temp name="T2103"/><temp name="T2251"/><temp name="T2202"/><temp name="T2244"/><temp name="T2314"/><temp name="T2185"/><temp name="T2191"/><temp name="T2161"/><temp name="T2115"/><temp name="T2206"/><temp name="T28"/><temp name="T2096"/><temp name="T2170"/><temp name="T2255"/><temp name="T2088"/><temp name="T2118"/><temp name="T2157"/><temp name="T2228"/><temp name="T2240"/><temp name="T2275"/><temp name="T2135"/><temp name="T2092"/><temp name="T2141"/><temp name="T2234"/><temp name="T2294"/><temp name="T2239"/><temp name="T2287"/><temp name="T2179"/></temps><temps name="out"><temp name="T2290"/><temp name="T2263"/><temp name="T2111"/><temp name="T2078"/><temp name="T2149"/><temp name="T2132"/><temp name="T2188"/><temp name="T2124"/><temp name="T2165"/><temp name="T2175"/><temp name="T2197"/><temp name="T2270"/><temp name="T2108"/><temp name="T2277"/><temp name="T2320"/><temp name="T2326"/><temp name="T2154"/><temp name="T2310"/><temp name="T2230"/><temp name="T2082"/><temp name="T2070"/><temp name="T2213"/><temp name="T2249"/><temp name="T2281"/><temp name="T2110"/><temp name="T2103"/><temp name="T2251"/><temp name="T2202"/><temp name="T2244"/><temp name="T2314"/><temp name="T2185"/><temp name="T2191"/><temp name="T2161"/><temp name="T2115"/><temp name="T2206"/><temp name="T28"/><temp name="T2096"/><temp name="T2170"/><temp name="T2255"/><temp name="T2088"/><temp name="T2118"/><temp name="T2157"/><temp name="T2228"/><temp name="T2240"/><temp name="T2275"/><temp name="T2135"/><temp name="T2092"/><temp name="T2141"/><temp name="T2234"/><temp name="T2294"/><temp name="T2239"/><temp name="T2287"/><temp name="T2179"/></temps></instruction><instruction code="PUSHJ $15, T2110, 0"><temps name="use"><temp name="T2110"/></temps><temps name="def"/><temps name="in"><temp name="T2290"/><temp name="T2263"/><temp name="T2111"/><temp name="T2078"/><temp name="T2149"/><temp name="T2132"/><temp name="T2188"/><temp name="T2124"/><temp name="T2165"/><temp name="T2175"/><temp name="T2197"/><temp name="T2270"/><temp name="T2108"/><temp name="T2277"/><temp name="T2320"/><temp name="T2326"/><temp name="T2154"/><temp name="T2310"/><temp name="T2230"/><temp name="T2082"/><temp name="T2070"/><temp name="T2213"/><temp name="T2249"/><temp name="T2281"/><temp name="T2110"/><temp name="T2103"/><temp name="T2251"/><temp name="T2202"/><temp name="T2244"/><temp name="T2314"/><temp name="T2185"/><temp name="T2191"/><temp name="T2161"/><temp name="T2115"/><temp name="T2206"/><temp name="T28"/><temp name="T2096"/><temp name="T2170"/><temp name="T2255"/><temp name="T2088"/><temp name="T2118"/><temp name="T2157"/><temp name="T2228"/><temp name="T2240"/><temp name="T2275"/><temp name="T2135"/><temp name="T2092"/><temp name="T2141"/><temp name="T2234"/><temp name="T2294"/><temp name="T2239"/><temp name="T2287"/><temp name="T2179"/></temps><temps name="out"><temp name="T2290"/><temp name="T2263"/><temp name="T2111"/><temp name="T2078"/><temp name="T2149"/><temp name="T2132"/><temp name="T2188"/><temp name="T2124"/><temp name="T2165"/><temp name="T2175"/><temp name="T2197"/><temp name="T2270"/><temp name="T2108"/><temp name="T2277"/><temp name="T2320"/><temp name="T2326"/><temp name="T2154"/><temp name="T2310"/><temp name="T2230"/><temp name="T2082"/><temp name="T2070"/><temp name="T2213"/><temp name="T2249"/><temp name="T2281"/><temp name="T2103"/><temp name="T2251"/><temp name="T2202"/><temp name="T2244"/><temp name="T2314"/><temp name="T2185"/><temp name="T2191"/><temp name="T2161"/><temp name="T2115"/><temp name="T2206"/><temp name="T28"/><temp name="T2096"/><temp name="T2170"/><temp name="T2255"/><temp name="T2088"/><temp name="T2118"/><temp name="T2157"/><temp name="T2228"/><temp name="T2240"/><temp name="T2275"/><temp name="T2135"/><temp name="T2092"/><temp name="T2141"/><temp name="T2234"/><temp name="T2294"/><temp name="T2239"/><temp name="T2287"/><temp name="T2179"/></temps></instruction><instruction code="OR T761, T2111, 0"><temps name="use"><temp name="T2111"/></temps><temps name="def"><temp name="T761"/></temps><temps name="in"><temp name="T2290"/><temp name="T2263"/><temp name="T2111"/><temp name="T2078"/><temp name="T2149"/><temp name="T2132"/><temp name="T2188"/><temp name="T2124"/><temp name="T2165"/><temp name="T2175"/><temp name="T2197"/><temp name="T2270"/><temp name="T2108"/><temp name="T2277"/><temp name="T2320"/><temp name="T2326"/><temp name="T2154"/><temp name="T2310"/><temp name="T2230"/><temp name="T2082"/><temp name="T2070"/><temp name="T2213"/><temp name="T2249"/><temp name="T2281"/><temp name="T2103"/><temp name="T2251"/><temp name="T2202"/><temp name="T2244"/><temp name="T2314"/><temp name="T2185"/><temp name="T2191"/><temp name="T2161"/><temp name="T2115"/><temp name="T2206"/><temp name="T28"/><temp name="T2096"/><temp name="T2170"/><temp name="T2255"/><temp name="T2088"/><temp name="T2118"/><temp name="T2157"/><temp name="T2228"/><temp name="T2240"/><temp name="T2275"/><temp name="T2135"/><temp name="T2092"/><temp name="T2141"/><temp name="T2234"/><temp name="T2294"/><temp name="T2239"/><temp name="T2287"/><temp name="T2179"/></temps><temps name="out"><temp name="T2290"/><temp name="T2263"/><temp name="T2111"/><temp name="T2078"/><temp name="T2149"/><temp name="T2132"/><temp name="T2188"/><temp name="T2124"/><temp name="T2165"/><temp name="T2175"/><temp name="T2197"/><temp name="T2270"/><temp name="T2108"/><temp name="T2277"/><temp name="T2320"/><temp name="T2326"/><temp name="T2154"/><temp name="T2310"/><temp name="T2230"/><temp name="T2082"/><temp name="T2070"/><temp name="T2213"/><temp name="T2249"/><temp name="T2281"/><temp name="T2103"/><temp name="T2251"/><temp name="T2202"/><temp name="T2244"/><temp name="T2314"/><temp name="T2185"/><temp name="T2191"/><temp name="T2161"/><temp name="T2115"/><temp name="T2206"/><temp name="T28"/><temp name="T2096"/><temp name="T2170"/><temp name="T2255"/><temp name="T2088"/><temp name="T2118"/><temp name="T2157"/><temp name="T2228"/><temp name="T2240"/><temp name="T2275"/><temp name="T2135"/><temp name="T2092"/><temp name="T2141"/><temp name="T2234"/><temp name="T2294"/><temp name="T2239"/><temp name="T2287"/><temp name="T2179"/></temps></instruction><instruction code="SETL  T2112, 0"><temps name="use"/><temps name="def"><temp name="T2112"/></temps><temps name="in"><temp name="T2290"/><temp name="T2263"/><temp name="T2111"/><temp name="T2078"/><temp name="T2149"/><temp name="T2132"/><temp name="T2188"/><temp name="T2124"/><temp name="T2165"/><temp name="T2175"/><temp name="T2197"/><temp name="T2270"/><temp name="T2108"/><temp name="T2277"/><temp name="T2320"/><temp name="T2326"/><temp name="T2154"/><temp name="T2310"/><temp name="T2230"/><temp name="T2082"/><temp name="T2070"/><temp name="T2213"/><temp name="T2249"/><temp name="T2281"/><temp name="T2103"/><temp name="T2251"/><temp name="T2202"/><temp name="T2244"/><temp name="T2314"/><temp name="T2185"/><temp name="T2191"/><temp name="T2161"/><temp name="T2115"/><temp name="T2206"/><temp name="T28"/><temp name="T2096"/><temp name="T2170"/><temp name="T2255"/><temp name="T2088"/><temp name="T2118"/><temp name="T2157"/><temp name="T2228"/><temp name="T2240"/><temp name="T2275"/><temp name="T2135"/><temp name="T2092"/><temp name="T2141"/><temp name="T2234"/><temp name="T2294"/><temp name="T2239"/><temp name="T2287"/><temp name="T2179"/></temps><temps name="out"><temp name="T2290"/><temp name="T2263"/><temp name="T2111"/><temp name="T2078"/><temp name="T2149"/><temp name="T2132"/><temp name="T2188"/><temp name="T2124"/><temp name="T2165"/><temp name="T2175"/><temp name="T2197"/><temp name="T2270"/><temp name="T2108"/><temp name="T2277"/><temp name="T2320"/><temp name="T2326"/><temp name="T2154"/><temp name="T2310"/><temp name="T2230"/><temp name="T2082"/><temp name="T2070"/><temp name="T2213"/><temp name="T2249"/><temp name="T2281"/><temp name="T2103"/><temp name="T2251"/><temp name="T2202"/><temp name="T2244"/><temp name="T2314"/><temp name="T2185"/><temp name="T2191"/><temp name="T2161"/><temp name="T2115"/><temp name="T2206"/><temp name="T28"/><temp name="T2096"/><temp name="T2170"/><temp name="T2255"/><temp name="T2088"/><temp name="T2118"/><temp name="T2157"/><temp name="T2228"/><temp name="T2240"/><temp name="T2275"/><temp name="T2135"/><temp name="T2092"/><temp name="T2141"/><temp name="T2234"/><temp name="T2294"/><temp name="T2239"/><temp name="T2287"/><temp name="T2179"/></temps></instruction><instruction code="INCML T2112, 0"><temps name="use"/><temps name="def"><temp name="T2112"/></temps><temps name="in"><temp name="T2290"/><temp name="T2263"/><temp name="T2111"/><temp name="T2078"/><temp name="T2149"/><temp name="T2132"/><temp name="T2188"/><temp name="T2124"/><temp name="T2165"/><temp name="T2175"/><temp name="T2197"/><temp name="T2270"/><temp name="T2108"/><temp name="T2277"/><temp name="T2320"/><temp name="T2326"/><temp name="T2154"/><temp name="T2310"/><temp name="T2230"/><temp name="T2082"/><temp name="T2070"/><temp name="T2213"/><temp name="T2249"/><temp name="T2281"/><temp name="T2103"/><temp name="T2251"/><temp name="T2202"/><temp name="T2244"/><temp name="T2314"/><temp name="T2185"/><temp name="T2191"/><temp name="T2161"/><temp name="T2115"/><temp name="T2206"/><temp name="T28"/><temp name="T2096"/><temp name="T2170"/><temp name="T2255"/><temp name="T2088"/><temp name="T2118"/><temp name="T2157"/><temp name="T2228"/><temp name="T2240"/><temp name="T2275"/><temp name="T2135"/><temp name="T2092"/><temp name="T2141"/><temp name="T2234"/><temp name="T2294"/><temp name="T2239"/><temp name="T2287"/><temp name="T2179"/></temps><temps name="out"><temp name="T2290"/><temp name="T2263"/><temp name="T2111"/><temp name="T2078"/><temp name="T2149"/><temp name="T2132"/><temp name="T2188"/><temp name="T2124"/><temp name="T2165"/><temp name="T2175"/><temp name="T2197"/><temp name="T2270"/><temp name="T2108"/><temp name="T2277"/><temp name="T2320"/><temp name="T2326"/><temp name="T2154"/><temp name="T2310"/><temp name="T2230"/><temp name="T2082"/><temp name="T2070"/><temp name="T2213"/><temp name="T2249"/><temp name="T2281"/><temp name="T2103"/><temp name="T2251"/><temp name="T2202"/><temp name="T2244"/><temp name="T2314"/><temp name="T2185"/><temp name="T2191"/><temp name="T2161"/><temp name="T2115"/><temp name="T2206"/><temp name="T28"/><temp name="T2096"/><temp name="T2170"/><temp name="T2255"/><temp name="T2088"/><temp name="T2118"/><temp name="T2157"/><temp name="T2228"/><temp name="T2240"/><temp name="T2275"/><temp name="T2135"/><temp name="T2092"/><temp name="T2141"/><temp name="T2234"/><temp name="T2294"/><temp name="T2239"/><temp name="T2287"/><temp name="T2179"/></temps></instruction><instruction code="INCMH T2112, 0"><temps name="use"/><temps name="def"><temp name="T2112"/></temps><temps name="in"><temp name="T2290"/><temp name="T2263"/><temp name="T2111"/><temp name="T2078"/><temp name="T2149"/><temp name="T2132"/><temp name="T2188"/><temp name="T2124"/><temp name="T2165"/><temp name="T2175"/><temp name="T2197"/><temp name="T2270"/><temp name="T2108"/><temp name="T2277"/><temp name="T2320"/><temp name="T2326"/><temp name="T2154"/><temp name="T2310"/><temp name="T2230"/><temp name="T2082"/><temp name="T2070"/><temp name="T2213"/><temp name="T2249"/><temp name="T2281"/><temp name="T2103"/><temp name="T2251"/><temp name="T2202"/><temp name="T2244"/><temp name="T2314"/><temp name="T2185"/><temp name="T2191"/><temp name="T2161"/><temp name="T2115"/><temp name="T2206"/><temp name="T28"/><temp name="T2096"/><temp name="T2170"/><temp name="T2255"/><temp name="T2088"/><temp name="T2118"/><temp name="T2157"/><temp name="T2228"/><temp name="T2240"/><temp name="T2275"/><temp name="T2135"/><temp name="T2092"/><temp name="T2141"/><temp name="T2234"/><temp name="T2294"/><temp name="T2239"/><temp name="T2287"/><temp name="T2179"/></temps><temps name="out"><temp name="T2290"/><temp name="T2263"/><temp name="T2111"/><temp name="T2078"/><temp name="T2149"/><temp name="T2132"/><temp name="T2188"/><temp name="T2124"/><temp name="T2165"/><temp name="T2175"/><temp name="T2197"/><temp name="T2270"/><temp name="T2108"/><temp name="T2277"/><temp name="T2320"/><temp name="T2326"/><temp name="T2154"/><temp name="T2310"/><temp name="T2230"/><temp name="T2082"/><temp name="T2070"/><temp name="T2213"/><temp name="T2249"/><temp name="T2281"/><temp name="T2103"/><temp name="T2251"/><temp name="T2202"/><temp name="T2244"/><temp name="T2314"/><temp name="T2185"/><temp name="T2191"/><temp name="T2161"/><temp name="T2115"/><temp name="T2206"/><temp name="T28"/><temp name="T2096"/><temp name="T2170"/><temp name="T2255"/><temp name="T2088"/><temp name="T2118"/><temp name="T2157"/><temp name="T2228"/><temp name="T2240"/><temp name="T2275"/><temp name="T2135"/><temp name="T2092"/><temp name="T2141"/><temp name="T2234"/><temp name="T2294"/><temp name="T2239"/><temp name="T2287"/><temp name="T2179"/></temps></instruction><instruction code="INCH  T2112, 0"><temps name="use"/><temps name="def"><temp name="T2112"/></temps><temps name="in"><temp name="T2290"/><temp name="T2263"/><temp name="T2111"/><temp name="T2078"/><temp name="T2149"/><temp name="T2132"/><temp name="T2188"/><temp name="T2124"/><temp name="T2165"/><temp name="T2175"/><temp name="T2197"/><temp name="T2270"/><temp name="T2108"/><temp name="T2277"/><temp name="T2320"/><temp name="T2326"/><temp name="T2154"/><temp name="T2310"/><temp name="T2230"/><temp name="T2082"/><temp name="T2070"/><temp name="T2213"/><temp name="T2249"/><temp name="T2281"/><temp name="T2103"/><temp name="T2251"/><temp name="T2202"/><temp name="T2244"/><temp name="T2314"/><temp name="T2185"/><temp name="T2191"/><temp name="T2161"/><temp name="T2115"/><temp name="T2206"/><temp name="T28"/><temp name="T2096"/><temp name="T2170"/><temp name="T2255"/><temp name="T2088"/><temp name="T2118"/><temp name="T2157"/><temp name="T2228"/><temp name="T2240"/><temp name="T2275"/><temp name="T2135"/><temp name="T2092"/><temp name="T2141"/><temp name="T2234"/><temp name="T2294"/><temp name="T2239"/><temp name="T2287"/><temp name="T2179"/></temps><temps name="out"><temp name="T2290"/><temp name="T2263"/><temp name="T2111"/><temp name="T2078"/><temp name="T2149"/><temp name="T2132"/><temp name="T2188"/><temp name="T2124"/><temp name="T2112"/><temp name="T2165"/><temp name="T2175"/><temp name="T2197"/><temp name="T2270"/><temp name="T2108"/><temp name="T2277"/><temp name="T2320"/><temp name="T2326"/><temp name="T2154"/><temp name="T2310"/><temp name="T2230"/><temp name="T2082"/><temp name="T2070"/><temp name="T2213"/><temp name="T2249"/><temp name="T2281"/><temp name="T2103"/><temp name="T2251"/><temp name="T2202"/><temp name="T2244"/><temp name="T2314"/><temp name="T2185"/><temp name="T2191"/><temp name="T2161"/><temp name="T2115"/><temp name="T2206"/><temp name="T28"/><temp name="T2096"/><temp name="T2170"/><temp name="T2255"/><temp name="T2088"/><temp name="T2118"/><temp name="T2157"/><temp name="T2228"/><temp name="T2240"/><temp name="T2275"/><temp name="T2135"/><temp name="T2092"/><temp name="T2141"/><temp name="T2234"/><temp name="T2294"/><temp name="T2239"/><temp name="T2287"/><temp name="T2179"/></temps></instruction><instruction code="OR T762, T2112, 0"><temps name="use"><temp name="T2112"/></temps><temps name="def"><temp name="T762"/></temps><temps name="in"><temp name="T2290"/><temp name="T2263"/><temp name="T2111"/><temp name="T2078"/><temp name="T2149"/><temp name="T2132"/><temp name="T2188"/><temp name="T2124"/><temp name="T2112"/><temp name="T2165"/><temp name="T2175"/><temp name="T2197"/><temp name="T2270"/><temp name="T2108"/><temp name="T2277"/><temp name="T2320"/><temp name="T2326"/><temp name="T2154"/><temp name="T2310"/><temp name="T2230"/><temp name="T2082"/><temp name="T2070"/><temp name="T2213"/><temp name="T2249"/><temp name="T2281"/><temp name="T2103"/><temp name="T2251"/><temp name="T2202"/><temp name="T2244"/><temp name="T2314"/><temp name="T2185"/><temp name="T2191"/><temp name="T2161"/><temp name="T2115"/><temp name="T2206"/><temp name="T28"/><temp name="T2096"/><temp name="T2170"/><temp name="T2255"/><temp name="T2088"/><temp name="T2118"/><temp name="T2157"/><temp name="T2228"/><temp name="T2240"/><temp name="T2275"/><temp name="T2135"/><temp name="T2092"/><temp name="T2141"/><temp name="T2234"/><temp name="T2294"/><temp name="T2239"/><temp name="T2287"/><temp name="T2179"/></temps><temps name="out"><temp name="T2290"/><temp name="T2263"/><temp name="T2111"/><temp name="T2078"/><temp name="T2149"/><temp name="T2132"/><temp name="T2188"/><temp name="T2124"/><temp name="T2165"/><temp name="T2175"/><temp name="T2197"/><temp name="T2270"/><temp name="T2108"/><temp name="T2277"/><temp name="T2320"/><temp name="T2326"/><temp name="T2154"/><temp name="T2310"/><temp name="T2230"/><temp name="T2082"/><temp name="T2070"/><temp name="T2213"/><temp name="T2249"/><temp name="T2281"/><temp name="T2103"/><temp name="T2251"/><temp name="T2202"/><temp name="T2244"/><temp name="T2314"/><temp name="T2185"/><temp name="T2191"/><temp name="T2161"/><temp name="T2115"/><temp name="T2206"/><temp name="T28"/><temp name="T2096"/><temp name="T2170"/><temp name="T2255"/><temp name="T762"/><temp name="T2088"/><temp name="T2118"/><temp name="T2157"/><temp name="T2228"/><temp name="T2240"/><temp name="T2275"/><temp name="T2135"/><temp name="T2092"/><temp name="T2141"/><temp name="T2234"/><temp name="T2294"/><temp name="T2239"/><temp name="T2287"/><temp name="T2179"/></temps></instruction><instruction code="SETL  T2113, 32"><temps name="use"/><temps name="def"><temp name="T2113"/></temps><temps name="in"><temp name="T2290"/><temp name="T2263"/><temp name="T2111"/><temp name="T2078"/><temp name="T2149"/><temp name="T2132"/><temp name="T2188"/><temp name="T2124"/><temp name="T2165"/><temp name="T2175"/><temp name="T2197"/><temp name="T2270"/><temp name="T2108"/><temp name="T2277"/><temp name="T2320"/><temp name="T2326"/><temp name="T2154"/><temp name="T2310"/><temp name="T2230"/><temp name="T2082"/><temp name="T2070"/><temp name="T2213"/><temp name="T2249"/><temp name="T2281"/><temp name="T2103"/><temp name="T2251"/><temp name="T2202"/><temp name="T2244"/><temp name="T2314"/><temp name="T2185"/><temp name="T2191"/><temp name="T2161"/><temp name="T2115"/><temp name="T2206"/><temp name="T28"/><temp name="T2096"/><temp name="T2170"/><temp name="T2255"/><temp name="T762"/><temp name="T2088"/><temp name="T2118"/><temp name="T2157"/><temp name="T2228"/><temp name="T2240"/><temp name="T2275"/><temp name="T2135"/><temp name="T2092"/><temp name="T2141"/><temp name="T2234"/><temp name="T2294"/><temp name="T2239"/><temp name="T2287"/><temp name="T2179"/></temps><temps name="out"><temp name="T2290"/><temp name="T2263"/><temp name="T2111"/><temp name="T2078"/><temp name="T2149"/><temp name="T2132"/><temp name="T2188"/><temp name="T2124"/><temp name="T2165"/><temp name="T2175"/><temp name="T2197"/><temp name="T2270"/><temp name="T2108"/><temp name="T2277"/><temp name="T2320"/><temp name="T2326"/><temp name="T2154"/><temp name="T2310"/><temp name="T2230"/><temp name="T2082"/><temp name="T2070"/><temp name="T2213"/><temp name="T2249"/><temp name="T2281"/><temp name="T2103"/><temp name="T2251"/><temp name="T2202"/><temp name="T2244"/><temp name="T2314"/><temp name="T2185"/><temp name="T2191"/><temp name="T2161"/><temp name="T2115"/><temp name="T2206"/><temp name="T28"/><temp name="T2096"/><temp name="T2170"/><temp name="T2255"/><temp name="T762"/><temp name="T2088"/><temp name="T2118"/><temp name="T2157"/><temp name="T2228"/><temp name="T2240"/><temp name="T2275"/><temp name="T2135"/><temp name="T2092"/><temp name="T2141"/><temp name="T2234"/><temp name="T2294"/><temp name="T2239"/><temp name="T2287"/><temp name="T2179"/></temps></instruction><instruction code="INCML T2113, 0"><temps name="use"/><temps name="def"><temp name="T2113"/></temps><temps name="in"><temp name="T2290"/><temp name="T2263"/><temp name="T2111"/><temp name="T2078"/><temp name="T2149"/><temp name="T2132"/><temp name="T2188"/><temp name="T2124"/><temp name="T2165"/><temp name="T2175"/><temp name="T2197"/><temp name="T2270"/><temp name="T2108"/><temp name="T2277"/><temp name="T2320"/><temp name="T2326"/><temp name="T2154"/><temp name="T2310"/><temp name="T2230"/><temp name="T2082"/><temp name="T2070"/><temp name="T2213"/><temp name="T2249"/><temp name="T2281"/><temp name="T2103"/><temp name="T2251"/><temp name="T2202"/><temp name="T2244"/><temp name="T2314"/><temp name="T2185"/><temp name="T2191"/><temp name="T2161"/><temp name="T2115"/><temp name="T2206"/><temp name="T28"/><temp name="T2096"/><temp name="T2170"/><temp name="T2255"/><temp name="T762"/><temp name="T2088"/><temp name="T2118"/><temp name="T2157"/><temp name="T2228"/><temp name="T2240"/><temp name="T2275"/><temp name="T2135"/><temp name="T2092"/><temp name="T2141"/><temp name="T2234"/><temp name="T2294"/><temp name="T2239"/><temp name="T2287"/><temp name="T2179"/></temps><temps name="out"><temp name="T2290"/><temp name="T2263"/><temp name="T2111"/><temp name="T2078"/><temp name="T2149"/><temp name="T2132"/><temp name="T2188"/><temp name="T2124"/><temp name="T2165"/><temp name="T2175"/><temp name="T2197"/><temp name="T2270"/><temp name="T2108"/><temp name="T2277"/><temp name="T2320"/><temp name="T2326"/><temp name="T2154"/><temp name="T2310"/><temp name="T2230"/><temp name="T2082"/><temp name="T2070"/><temp name="T2213"/><temp name="T2249"/><temp name="T2281"/><temp name="T2103"/><temp name="T2251"/><temp name="T2202"/><temp name="T2244"/><temp name="T2314"/><temp name="T2185"/><temp name="T2191"/><temp name="T2161"/><temp name="T2115"/><temp name="T2206"/><temp name="T28"/><temp name="T2096"/><temp name="T2170"/><temp name="T2255"/><temp name="T762"/><temp name="T2088"/><temp name="T2118"/><temp name="T2157"/><temp name="T2228"/><temp name="T2240"/><temp name="T2275"/><temp name="T2135"/><temp name="T2092"/><temp name="T2141"/><temp name="T2234"/><temp name="T2294"/><temp name="T2239"/><temp name="T2287"/><temp name="T2179"/></temps></instruction><instruction code="INCMH T2113, 0"><temps name="use"/><temps name="def"><temp name="T2113"/></temps><temps name="in"><temp name="T2290"/><temp name="T2263"/><temp name="T2111"/><temp name="T2078"/><temp name="T2149"/><temp name="T2132"/><temp name="T2188"/><temp name="T2124"/><temp name="T2165"/><temp name="T2175"/><temp name="T2197"/><temp name="T2270"/><temp name="T2108"/><temp name="T2277"/><temp name="T2320"/><temp name="T2326"/><temp name="T2154"/><temp name="T2310"/><temp name="T2230"/><temp name="T2082"/><temp name="T2070"/><temp name="T2213"/><temp name="T2249"/><temp name="T2281"/><temp name="T2103"/><temp name="T2251"/><temp name="T2202"/><temp name="T2244"/><temp name="T2314"/><temp name="T2185"/><temp name="T2191"/><temp name="T2161"/><temp name="T2115"/><temp name="T2206"/><temp name="T28"/><temp name="T2096"/><temp name="T2170"/><temp name="T2255"/><temp name="T762"/><temp name="T2088"/><temp name="T2118"/><temp name="T2157"/><temp name="T2228"/><temp name="T2240"/><temp name="T2275"/><temp name="T2135"/><temp name="T2092"/><temp name="T2141"/><temp name="T2234"/><temp name="T2294"/><temp name="T2239"/><temp name="T2287"/><temp name="T2179"/></temps><temps name="out"><temp name="T2290"/><temp name="T2263"/><temp name="T2111"/><temp name="T2078"/><temp name="T2149"/><temp name="T2132"/><temp name="T2188"/><temp name="T2124"/><temp name="T2165"/><temp name="T2175"/><temp name="T2197"/><temp name="T2270"/><temp name="T2108"/><temp name="T2277"/><temp name="T2320"/><temp name="T2326"/><temp name="T2154"/><temp name="T2310"/><temp name="T2230"/><temp name="T2082"/><temp name="T2070"/><temp name="T2213"/><temp name="T2249"/><temp name="T2281"/><temp name="T2103"/><temp name="T2251"/><temp name="T2202"/><temp name="T2244"/><temp name="T2314"/><temp name="T2185"/><temp name="T2191"/><temp name="T2161"/><temp name="T2115"/><temp name="T2206"/><temp name="T28"/><temp name="T2096"/><temp name="T2170"/><temp name="T2255"/><temp name="T762"/><temp name="T2088"/><temp name="T2118"/><temp name="T2157"/><temp name="T2228"/><temp name="T2240"/><temp name="T2275"/><temp name="T2135"/><temp name="T2092"/><temp name="T2141"/><temp name="T2234"/><temp name="T2294"/><temp name="T2239"/><temp name="T2287"/><temp name="T2179"/></temps></instruction><instruction code="INCH  T2113, 0"><temps name="use"/><temps name="def"><temp name="T2113"/></temps><temps name="in"><temp name="T2290"/><temp name="T2263"/><temp name="T2111"/><temp name="T2078"/><temp name="T2149"/><temp name="T2132"/><temp name="T2188"/><temp name="T2124"/><temp name="T2165"/><temp name="T2175"/><temp name="T2197"/><temp name="T2270"/><temp name="T2108"/><temp name="T2277"/><temp name="T2320"/><temp name="T2326"/><temp name="T2154"/><temp name="T2310"/><temp name="T2230"/><temp name="T2082"/><temp name="T2070"/><temp name="T2213"/><temp name="T2249"/><temp name="T2281"/><temp name="T2103"/><temp name="T2251"/><temp name="T2202"/><temp name="T2244"/><temp name="T2314"/><temp name="T2185"/><temp name="T2191"/><temp name="T2161"/><temp name="T2115"/><temp name="T2206"/><temp name="T28"/><temp name="T2096"/><temp name="T2170"/><temp name="T2255"/><temp name="T762"/><temp name="T2088"/><temp name="T2118"/><temp name="T2157"/><temp name="T2228"/><temp name="T2240"/><temp name="T2275"/><temp name="T2135"/><temp name="T2092"/><temp name="T2141"/><temp name="T2234"/><temp name="T2294"/><temp name="T2239"/><temp name="T2287"/><temp name="T2179"/></temps><temps name="out"><temp name="T2290"/><temp name="T2263"/><temp name="T2111"/><temp name="T2078"/><temp name="T2149"/><temp name="T2132"/><temp name="T2188"/><temp name="T2124"/><temp name="T2113"/><temp name="T2165"/><temp name="T2175"/><temp name="T2197"/><temp name="T2270"/><temp name="T2108"/><temp name="T2277"/><temp name="T2320"/><temp name="T2326"/><temp name="T2154"/><temp name="T2310"/><temp name="T2230"/><temp name="T2082"/><temp name="T2070"/><temp name="T2213"/><temp name="T2249"/><temp name="T2281"/><temp name="T2103"/><temp name="T2251"/><temp name="T2202"/><temp name="T2244"/><temp name="T2314"/><temp name="T2185"/><temp name="T2191"/><temp name="T2161"/><temp name="T2115"/><temp name="T2206"/><temp name="T28"/><temp name="T2096"/><temp name="T2170"/><temp name="T2255"/><temp name="T762"/><temp name="T2088"/><temp name="T2118"/><temp name="T2157"/><temp name="T2228"/><temp name="T2240"/><temp name="T2275"/><temp name="T2135"/><temp name="T2092"/><temp name="T2141"/><temp name="T2234"/><temp name="T2294"/><temp name="T2239"/><temp name="T2287"/><temp name="T2179"/></temps></instruction><instruction code="OR T763, T2113, 0"><temps name="use"><temp name="T2113"/></temps><temps name="def"><temp name="T763"/></temps><temps name="in"><temp name="T2290"/><temp name="T2263"/><temp name="T2111"/><temp name="T2078"/><temp name="T2149"/><temp name="T2132"/><temp name="T2188"/><temp name="T2124"/><temp name="T2113"/><temp name="T2165"/><temp name="T2175"/><temp name="T2197"/><temp name="T2270"/><temp name="T2108"/><temp name="T2277"/><temp name="T2320"/><temp name="T2326"/><temp name="T2154"/><temp name="T2310"/><temp name="T2230"/><temp name="T2082"/><temp name="T2070"/><temp name="T2213"/><temp name="T2249"/><temp name="T2281"/><temp name="T2103"/><temp name="T2251"/><temp name="T2202"/><temp name="T2244"/><temp name="T2314"/><temp name="T2185"/><temp name="T2191"/><temp name="T2161"/><temp name="T2115"/><temp name="T2206"/><temp name="T28"/><temp name="T2096"/><temp name="T2170"/><temp name="T2255"/><temp name="T762"/><temp name="T2088"/><temp name="T2118"/><temp name="T2157"/><temp name="T2228"/><temp name="T2240"/><temp name="T2275"/><temp name="T2135"/><temp name="T2092"/><temp name="T2141"/><temp name="T2234"/><temp name="T2294"/><temp name="T2239"/><temp name="T2287"/><temp name="T2179"/></temps><temps name="out"><temp name="T2290"/><temp name="T2263"/><temp name="T2111"/><temp name="T2078"/><temp name="T2149"/><temp name="T2132"/><temp name="T2188"/><temp name="T2124"/><temp name="T2165"/><temp name="T2175"/><temp name="T2197"/><temp name="T2270"/><temp name="T2108"/><temp name="T2277"/><temp name="T2320"/><temp name="T2326"/><temp name="T2154"/><temp name="T2310"/><temp name="T2230"/><temp name="T2082"/><temp name="T2070"/><temp name="T2213"/><temp name="T2249"/><temp name="T2281"/><temp name="T2103"/><temp name="T2251"/><temp name="T2202"/><temp name="T2244"/><temp name="T2314"/><temp name="T2185"/><temp name="T2191"/><temp name="T2161"/><temp name="T2115"/><temp name="T2206"/><temp name="T28"/><temp name="T2096"/><temp name="T2170"/><temp name="T2255"/><temp name="T762"/><temp name="T2088"/><temp name="T2118"/><temp name="T2157"/><temp name="T2228"/><temp name="T2240"/><temp name="T763"/><temp name="T2275"/><temp name="T2135"/><temp name="T2092"/><temp name="T2141"/><temp name="T2234"/><temp name="T2294"/><temp name="T2239"/><temp name="T2287"/><temp name="T2179"/></temps></instruction><instruction code="STO T762, $254, 8"><temps name="use"><temp name="T762"/></temps><temps name="def"/><temps name="in"><temp name="T2290"/><temp name="T2263"/><temp name="T2111"/><temp name="T2078"/><temp name="T2149"/><temp name="T2132"/><temp name="T2188"/><temp name="T2124"/><temp name="T2165"/><temp name="T2175"/><temp name="T2197"/><temp name="T2270"/><temp name="T2108"/><temp name="T2277"/><temp name="T2320"/><temp name="T2326"/><temp name="T2154"/><temp name="T2310"/><temp name="T2230"/><temp name="T2082"/><temp name="T2070"/><temp name="T2213"/><temp name="T2249"/><temp name="T2281"/><temp name="T2103"/><temp name="T2251"/><temp name="T2202"/><temp name="T2244"/><temp name="T2314"/><temp name="T2185"/><temp name="T2191"/><temp name="T2161"/><temp name="T2115"/><temp name="T2206"/><temp name="T28"/><temp name="T2096"/><temp name="T2170"/><temp name="T2255"/><temp name="T762"/><temp name="T2088"/><temp name="T2118"/><temp name="T2157"/><temp name="T2228"/><temp name="T2240"/><temp name="T763"/><temp name="T2275"/><temp name="T2135"/><temp name="T2092"/><temp name="T2141"/><temp name="T2234"/><temp name="T2294"/><temp name="T2239"/><temp name="T2287"/><temp name="T2179"/></temps><temps name="out"><temp name="T2290"/><temp name="T2263"/><temp name="T2111"/><temp name="T2078"/><temp name="T2149"/><temp name="T2132"/><temp name="T2188"/><temp name="T2124"/><temp name="T2165"/><temp name="T2175"/><temp name="T2197"/><temp name="T2270"/><temp name="T2108"/><temp name="T2277"/><temp name="T2320"/><temp name="T2326"/><temp name="T2154"/><temp name="T2310"/><temp name="T2230"/><temp name="T2082"/><temp name="T2070"/><temp name="T2213"/><temp name="T2249"/><temp name="T2281"/><temp name="T2103"/><temp name="T2251"/><temp name="T2202"/><temp name="T2244"/><temp name="T2314"/><temp name="T2185"/><temp name="T2191"/><temp name="T2161"/><temp name="T2115"/><temp name="T2206"/><temp name="T28"/><temp name="T2096"/><temp name="T2170"/><temp name="T2255"/><temp name="T2088"/><temp name="T2118"/><temp name="T2157"/><temp name="T2228"/><temp name="T2240"/><temp name="T763"/><temp name="T2275"/><temp name="T2135"/><temp name="T2092"/><temp name="T2141"/><temp name="T2234"/><temp name="T2294"/><temp name="T2239"/><temp name="T2287"/><temp name="T2179"/></temps></instruction><instruction code="STO T763, $254, 16"><temps name="use"><temp name="T763"/></temps><temps name="def"/><temps name="in"><temp name="T2290"/><temp name="T2263"/><temp name="T2111"/><temp name="T2078"/><temp name="T2149"/><temp name="T2132"/><temp name="T2188"/><temp name="T2124"/><temp name="T2165"/><temp name="T2175"/><temp name="T2197"/><temp name="T2270"/><temp name="T2108"/><temp name="T2277"/><temp name="T2320"/><temp name="T2326"/><temp name="T2154"/><temp name="T2310"/><temp name="T2230"/><temp name="T2082"/><temp name="T2070"/><temp name="T2213"/><temp name="T2249"/><temp name="T2281"/><temp name="T2103"/><temp name="T2251"/><temp name="T2202"/><temp name="T2244"/><temp name="T2314"/><temp name="T2185"/><temp name="T2191"/><temp name="T2161"/><temp name="T2115"/><temp name="T2206"/><temp name="T28"/><temp name="T2096"/><temp name="T2170"/><temp name="T2255"/><temp name="T2088"/><temp name="T2118"/><temp name="T2157"/><temp name="T2228"/><temp name="T2240"/><temp name="T763"/><temp name="T2275"/><temp name="T2135"/><temp name="T2092"/><temp name="T2141"/><temp name="T2234"/><temp name="T2294"/><temp name="T2239"/><temp name="T2287"/><temp name="T2179"/></temps><temps name="out"><temp name="T2290"/><temp name="T2263"/><temp name="T2111"/><temp name="T2078"/><temp name="T2149"/><temp name="T2132"/><temp name="T2188"/><temp name="T2124"/><temp name="T2165"/><temp name="T2175"/><temp name="T2197"/><temp name="T2270"/><temp name="T2108"/><temp name="T2277"/><temp name="T2320"/><temp name="T2326"/><temp name="T2154"/><temp name="T2310"/><temp name="T2230"/><temp name="T2082"/><temp name="T2070"/><temp name="T2213"/><temp name="T2249"/><temp name="T2281"/><temp name="T2103"/><temp name="T2251"/><temp name="T2202"/><temp name="T2244"/><temp name="T2314"/><temp name="T2185"/><temp name="T2191"/><temp name="T2161"/><temp name="T2115"/><temp name="T2206"/><temp name="T28"/><temp name="T2096"/><temp name="T2170"/><temp name="T2255"/><temp name="T2088"/><temp name="T2118"/><temp name="T2157"/><temp name="T2228"/><temp name="T2240"/><temp name="T2275"/><temp name="T2135"/><temp name="T2092"/><temp name="T2141"/><temp name="T2234"/><temp name="T2294"/><temp name="T2239"/><temp name="T2287"/><temp name="T2179"/></temps></instruction><instruction code="LDA T2114, _putChar"><temps name="use"/><temps name="def"><temp name="T2114"/></temps><temps name="in"><temp name="T2290"/><temp name="T2263"/><temp name="T2111"/><temp name="T2078"/><temp name="T2149"/><temp name="T2132"/><temp name="T2188"/><temp name="T2124"/><temp name="T2165"/><temp name="T2175"/><temp name="T2197"/><temp name="T2270"/><temp name="T2108"/><temp name="T2277"/><temp name="T2320"/><temp name="T2326"/><temp name="T2154"/><temp name="T2310"/><temp name="T2230"/><temp name="T2082"/><temp name="T2070"/><temp name="T2213"/><temp name="T2249"/><temp name="T2281"/><temp name="T2103"/><temp name="T2251"/><temp name="T2202"/><temp name="T2244"/><temp name="T2314"/><temp name="T2185"/><temp name="T2191"/><temp name="T2161"/><temp name="T2115"/><temp name="T2206"/><temp name="T28"/><temp name="T2096"/><temp name="T2170"/><temp name="T2255"/><temp name="T2088"/><temp name="T2118"/><temp name="T2157"/><temp name="T2228"/><temp name="T2240"/><temp name="T2275"/><temp name="T2135"/><temp name="T2092"/><temp name="T2141"/><temp name="T2234"/><temp name="T2294"/><temp name="T2239"/><temp name="T2287"/><temp name="T2179"/></temps><temps name="out"><temp name="T2290"/><temp name="T2263"/><temp name="T2111"/><temp name="T2078"/><temp name="T2149"/><temp name="T2132"/><temp name="T2188"/><temp name="T2124"/><temp name="T2165"/><temp name="T2175"/><temp name="T2197"/><temp name="T2270"/><temp name="T2108"/><temp name="T2277"/><temp name="T2320"/><temp name="T2326"/><temp name="T2154"/><temp name="T2310"/><temp name="T2230"/><temp name="T2082"/><temp name="T2070"/><temp name="T2213"/><temp name="T2249"/><temp name="T2281"/><temp name="T2103"/><temp name="T2251"/><temp name="T2202"/><temp name="T2244"/><temp name="T2114"/><temp name="T2314"/><temp name="T2185"/><temp name="T2191"/><temp name="T2161"/><temp name="T2115"/><temp name="T2206"/><temp name="T28"/><temp name="T2096"/><temp name="T2170"/><temp name="T2255"/><temp name="T2088"/><temp name="T2118"/><temp name="T2157"/><temp name="T2228"/><temp name="T2240"/><temp name="T2275"/><temp name="T2135"/><temp name="T2092"/><temp name="T2141"/><temp name="T2234"/><temp name="T2294"/><temp name="T2239"/><temp name="T2287"/><temp name="T2179"/></temps></instruction><instruction code="PUSHJ $15, T2114, 0"><temps name="use"><temp name="T2114"/></temps><temps name="def"/><temps name="in"><temp name="T2290"/><temp name="T2263"/><temp name="T2111"/><temp name="T2078"/><temp name="T2149"/><temp name="T2132"/><temp name="T2188"/><temp name="T2124"/><temp name="T2165"/><temp name="T2175"/><temp name="T2197"/><temp name="T2270"/><temp name="T2108"/><temp name="T2277"/><temp name="T2320"/><temp name="T2326"/><temp name="T2154"/><temp name="T2310"/><temp name="T2230"/><temp name="T2082"/><temp name="T2070"/><temp name="T2213"/><temp name="T2249"/><temp name="T2281"/><temp name="T2103"/><temp name="T2251"/><temp name="T2202"/><temp name="T2244"/><temp name="T2114"/><temp name="T2314"/><temp name="T2185"/><temp name="T2191"/><temp name="T2161"/><temp name="T2115"/><temp name="T2206"/><temp name="T28"/><temp name="T2096"/><temp name="T2170"/><temp name="T2255"/><temp name="T2088"/><temp name="T2118"/><temp name="T2157"/><temp name="T2228"/><temp name="T2240"/><temp name="T2275"/><temp name="T2135"/><temp name="T2092"/><temp name="T2141"/><temp name="T2234"/><temp name="T2294"/><temp name="T2239"/><temp name="T2287"/><temp name="T2179"/></temps><temps name="out"><temp name="T2290"/><temp name="T2263"/><temp name="T2111"/><temp name="T2078"/><temp name="T2149"/><temp name="T2132"/><temp name="T2188"/><temp name="T2124"/><temp name="T2165"/><temp name="T2175"/><temp name="T2197"/><temp name="T2270"/><temp name="T2108"/><temp name="T2277"/><temp name="T2320"/><temp name="T2326"/><temp name="T2154"/><temp name="T2310"/><temp name="T2230"/><temp name="T2082"/><temp name="T2070"/><temp name="T2213"/><temp name="T2249"/><temp name="T2281"/><temp name="T2103"/><temp name="T2251"/><temp name="T2202"/><temp name="T2244"/><temp name="T2314"/><temp name="T2185"/><temp name="T2191"/><temp name="T2161"/><temp name="T2115"/><temp name="T2206"/><temp name="T28"/><temp name="T2096"/><temp name="T2170"/><temp name="T2255"/><temp name="T2088"/><temp name="T2118"/><temp name="T2157"/><temp name="T2228"/><temp name="T2240"/><temp name="T2275"/><temp name="T2135"/><temp name="T2092"/><temp name="T2141"/><temp name="T2234"/><temp name="T2294"/><temp name="T2239"/><temp name="T2287"/><temp name="T2179"/></temps></instruction><instruction code="OR T764, T2115, 0"><temps name="use"><temp name="T2115"/></temps><temps name="def"><temp name="T764"/></temps><temps name="in"><temp name="T2290"/><temp name="T2263"/><temp name="T2111"/><temp name="T2078"/><temp name="T2149"/><temp name="T2132"/><temp name="T2188"/><temp name="T2124"/><temp name="T2165"/><temp name="T2175"/><temp name="T2197"/><temp name="T2270"/><temp name="T2108"/><temp name="T2277"/><temp name="T2320"/><temp name="T2326"/><temp name="T2154"/><temp name="T2310"/><temp name="T2230"/><temp name="T2082"/><temp name="T2070"/><temp name="T2213"/><temp name="T2249"/><temp name="T2281"/><temp name="T2103"/><temp name="T2251"/><temp name="T2202"/><temp name="T2244"/><temp name="T2314"/><temp name="T2185"/><temp name="T2191"/><temp name="T2161"/><temp name="T2115"/><temp name="T2206"/><temp name="T28"/><temp name="T2096"/><temp name="T2170"/><temp name="T2255"/><temp name="T2088"/><temp name="T2118"/><temp name="T2157"/><temp name="T2228"/><temp name="T2240"/><temp name="T2275"/><temp name="T2135"/><temp name="T2092"/><temp name="T2141"/><temp name="T2234"/><temp name="T2294"/><temp name="T2239"/><temp name="T2287"/><temp name="T2179"/></temps><temps name="out"><temp name="T2290"/><temp name="T2263"/><temp name="T2111"/><temp name="T2078"/><temp name="T2149"/><temp name="T2132"/><temp name="T2188"/><temp name="T2124"/><temp name="T2165"/><temp name="T2175"/><temp name="T2197"/><temp name="T2270"/><temp name="T2108"/><temp name="T2277"/><temp name="T2320"/><temp name="T2326"/><temp name="T2154"/><temp name="T2310"/><temp name="T2230"/><temp name="T2082"/><temp name="T2070"/><temp name="T2213"/><temp name="T2249"/><temp name="T2281"/><temp name="T2103"/><temp name="T2251"/><temp name="T2202"/><temp name="T2244"/><temp name="T2314"/><temp name="T2185"/><temp name="T2191"/><temp name="T2161"/><temp name="T2115"/><temp name="T2206"/><temp name="T28"/><temp name="T2096"/><temp name="T2170"/><temp name="T2255"/><temp name="T2088"/><temp name="T2118"/><temp name="T2157"/><temp name="T2228"/><temp name="T2240"/><temp name="T2275"/><temp name="T2135"/><temp name="T2092"/><temp name="T2141"/><temp name="T2234"/><temp name="T2294"/><temp name="T2239"/><temp name="T2287"/><temp name="T2179"/></temps></instruction><instruction code="OR T765, T28, 0"><temps name="use"><temp name="T28"/></temps><temps name="def"><temp name="T765"/></temps><temps name="in"><temp name="T2290"/><temp name="T2263"/><temp name="T2111"/><temp name="T2078"/><temp name="T2149"/><temp name="T2132"/><temp name="T2188"/><temp name="T2124"/><temp name="T2165"/><temp name="T2175"/><temp name="T2197"/><temp name="T2270"/><temp name="T2108"/><temp name="T2277"/><temp name="T2320"/><temp name="T2326"/><temp name="T2154"/><temp name="T2310"/><temp name="T2230"/><temp name="T2082"/><temp name="T2070"/><temp name="T2213"/><temp name="T2249"/><temp name="T2281"/><temp name="T2103"/><temp name="T2251"/><temp name="T2202"/><temp name="T2244"/><temp name="T2314"/><temp name="T2185"/><temp name="T2191"/><temp name="T2161"/><temp name="T2115"/><temp name="T2206"/><temp name="T28"/><temp name="T2096"/><temp name="T2170"/><temp name="T2255"/><temp name="T2088"/><temp name="T2118"/><temp name="T2157"/><temp name="T2228"/><temp name="T2240"/><temp name="T2275"/><temp name="T2135"/><temp name="T2092"/><temp name="T2141"/><temp name="T2234"/><temp name="T2294"/><temp name="T2239"/><temp name="T2287"/><temp name="T2179"/></temps><temps name="out"><temp name="T2290"/><temp name="T2263"/><temp name="T2111"/><temp name="T2078"/><temp name="T2149"/><temp name="T2132"/><temp name="T2188"/><temp name="T2124"/><temp name="T2165"/><temp name="T2175"/><temp name="T2197"/><temp name="T2270"/><temp name="T2108"/><temp name="T2277"/><temp name="T2320"/><temp name="T2326"/><temp name="T2154"/><temp name="T2310"/><temp name="T2230"/><temp name="T2082"/><temp name="T2070"/><temp name="T2213"/><temp name="T2249"/><temp name="T2281"/><temp name="T2103"/><temp name="T2251"/><temp name="T2202"/><temp name="T2244"/><temp name="T2314"/><temp name="T2185"/><temp name="T2191"/><temp name="T2161"/><temp name="T2115"/><temp name="T2206"/><temp name="T28"/><temp name="T2096"/><temp name="T2170"/><temp name="T2255"/><temp name="T2088"/><temp name="T2118"/><temp name="T2157"/><temp name="T2228"/><temp name="T2240"/><temp name="T2275"/><temp name="T2135"/><temp name="T2092"/><temp name="T2141"/><temp name="T2234"/><temp name="T2294"/><temp name="T2239"/><temp name="T2287"/><temp name="T765"/><temp name="T2179"/></temps></instruction><instruction code="SETL  T2116, 24"><temps name="use"/><temps name="def"><temp name="T2116"/></temps><temps name="in"><temp name="T2290"/><temp name="T2263"/><temp name="T2111"/><temp name="T2078"/><temp name="T2149"/><temp name="T2132"/><temp name="T2188"/><temp name="T2124"/><temp name="T2165"/><temp name="T2175"/><temp name="T2197"/><temp name="T2270"/><temp name="T2108"/><temp name="T2277"/><temp name="T2320"/><temp name="T2326"/><temp name="T2154"/><temp name="T2310"/><temp name="T2230"/><temp name="T2082"/><temp name="T2070"/><temp name="T2213"/><temp name="T2249"/><temp name="T2281"/><temp name="T2103"/><temp name="T2251"/><temp name="T2202"/><temp name="T2244"/><temp name="T2314"/><temp name="T2185"/><temp name="T2191"/><temp name="T2161"/><temp name="T2115"/><temp name="T2206"/><temp name="T28"/><temp name="T2096"/><temp name="T2170"/><temp name="T2255"/><temp name="T2088"/><temp name="T2118"/><temp name="T2157"/><temp name="T2228"/><temp name="T2240"/><temp name="T2275"/><temp name="T2135"/><temp name="T2092"/><temp name="T2141"/><temp name="T2234"/><temp name="T2294"/><temp name="T2239"/><temp name="T2287"/><temp name="T765"/><temp name="T2179"/></temps><temps name="out"><temp name="T2290"/><temp name="T2263"/><temp name="T2111"/><temp name="T2078"/><temp name="T2149"/><temp name="T2132"/><temp name="T2188"/><temp name="T2124"/><temp name="T2165"/><temp name="T2175"/><temp name="T2197"/><temp name="T2270"/><temp name="T2108"/><temp name="T2277"/><temp name="T2320"/><temp name="T2326"/><temp name="T2154"/><temp name="T2310"/><temp name="T2230"/><temp name="T2082"/><temp name="T2070"/><temp name="T2213"/><temp name="T2249"/><temp name="T2281"/><temp name="T2103"/><temp name="T2251"/><temp name="T2202"/><temp name="T2244"/><temp name="T2314"/><temp name="T2185"/><temp name="T2191"/><temp name="T2161"/><temp name="T2115"/><temp name="T2206"/><temp name="T28"/><temp name="T2096"/><temp name="T2170"/><temp name="T2255"/><temp name="T2088"/><temp name="T2118"/><temp name="T2157"/><temp name="T2228"/><temp name="T2240"/><temp name="T2275"/><temp name="T2135"/><temp name="T2092"/><temp name="T2141"/><temp name="T2234"/><temp name="T2294"/><temp name="T2239"/><temp name="T2287"/><temp name="T765"/><temp name="T2179"/></temps></instruction><instruction code="INCML T2116, 0"><temps name="use"/><temps name="def"><temp name="T2116"/></temps><temps name="in"><temp name="T2290"/><temp name="T2263"/><temp name="T2111"/><temp name="T2078"/><temp name="T2149"/><temp name="T2132"/><temp name="T2188"/><temp name="T2124"/><temp name="T2165"/><temp name="T2175"/><temp name="T2197"/><temp name="T2270"/><temp name="T2108"/><temp name="T2277"/><temp name="T2320"/><temp name="T2326"/><temp name="T2154"/><temp name="T2310"/><temp name="T2230"/><temp name="T2082"/><temp name="T2070"/><temp name="T2213"/><temp name="T2249"/><temp name="T2281"/><temp name="T2103"/><temp name="T2251"/><temp name="T2202"/><temp name="T2244"/><temp name="T2314"/><temp name="T2185"/><temp name="T2191"/><temp name="T2161"/><temp name="T2115"/><temp name="T2206"/><temp name="T28"/><temp name="T2096"/><temp name="T2170"/><temp name="T2255"/><temp name="T2088"/><temp name="T2118"/><temp name="T2157"/><temp name="T2228"/><temp name="T2240"/><temp name="T2275"/><temp name="T2135"/><temp name="T2092"/><temp name="T2141"/><temp name="T2234"/><temp name="T2294"/><temp name="T2239"/><temp name="T2287"/><temp name="T765"/><temp name="T2179"/></temps><temps name="out"><temp name="T2290"/><temp name="T2263"/><temp name="T2111"/><temp name="T2078"/><temp name="T2149"/><temp name="T2132"/><temp name="T2188"/><temp name="T2124"/><temp name="T2165"/><temp name="T2175"/><temp name="T2197"/><temp name="T2270"/><temp name="T2108"/><temp name="T2277"/><temp name="T2320"/><temp name="T2326"/><temp name="T2154"/><temp name="T2310"/><temp name="T2230"/><temp name="T2082"/><temp name="T2070"/><temp name="T2213"/><temp name="T2249"/><temp name="T2281"/><temp name="T2103"/><temp name="T2251"/><temp name="T2202"/><temp name="T2244"/><temp name="T2314"/><temp name="T2185"/><temp name="T2191"/><temp name="T2161"/><temp name="T2115"/><temp name="T2206"/><temp name="T28"/><temp name="T2096"/><temp name="T2170"/><temp name="T2255"/><temp name="T2088"/><temp name="T2118"/><temp name="T2157"/><temp name="T2228"/><temp name="T2240"/><temp name="T2275"/><temp name="T2135"/><temp name="T2092"/><temp name="T2141"/><temp name="T2234"/><temp name="T2294"/><temp name="T2239"/><temp name="T2287"/><temp name="T765"/><temp name="T2179"/></temps></instruction><instruction code="INCMH T2116, 0"><temps name="use"/><temps name="def"><temp name="T2116"/></temps><temps name="in"><temp name="T2290"/><temp name="T2263"/><temp name="T2111"/><temp name="T2078"/><temp name="T2149"/><temp name="T2132"/><temp name="T2188"/><temp name="T2124"/><temp name="T2165"/><temp name="T2175"/><temp name="T2197"/><temp name="T2270"/><temp name="T2108"/><temp name="T2277"/><temp name="T2320"/><temp name="T2326"/><temp name="T2154"/><temp name="T2310"/><temp name="T2230"/><temp name="T2082"/><temp name="T2070"/><temp name="T2213"/><temp name="T2249"/><temp name="T2281"/><temp name="T2103"/><temp name="T2251"/><temp name="T2202"/><temp name="T2244"/><temp name="T2314"/><temp name="T2185"/><temp name="T2191"/><temp name="T2161"/><temp name="T2115"/><temp name="T2206"/><temp name="T28"/><temp name="T2096"/><temp name="T2170"/><temp name="T2255"/><temp name="T2088"/><temp name="T2118"/><temp name="T2157"/><temp name="T2228"/><temp name="T2240"/><temp name="T2275"/><temp name="T2135"/><temp name="T2092"/><temp name="T2141"/><temp name="T2234"/><temp name="T2294"/><temp name="T2239"/><temp name="T2287"/><temp name="T765"/><temp name="T2179"/></temps><temps name="out"><temp name="T2290"/><temp name="T2263"/><temp name="T2111"/><temp name="T2078"/><temp name="T2149"/><temp name="T2132"/><temp name="T2188"/><temp name="T2124"/><temp name="T2165"/><temp name="T2175"/><temp name="T2197"/><temp name="T2270"/><temp name="T2108"/><temp name="T2277"/><temp name="T2320"/><temp name="T2326"/><temp name="T2154"/><temp name="T2310"/><temp name="T2230"/><temp name="T2082"/><temp name="T2070"/><temp name="T2213"/><temp name="T2249"/><temp name="T2281"/><temp name="T2103"/><temp name="T2251"/><temp name="T2202"/><temp name="T2244"/><temp name="T2314"/><temp name="T2185"/><temp name="T2191"/><temp name="T2161"/><temp name="T2115"/><temp name="T2206"/><temp name="T28"/><temp name="T2096"/><temp name="T2170"/><temp name="T2255"/><temp name="T2088"/><temp name="T2118"/><temp name="T2157"/><temp name="T2228"/><temp name="T2240"/><temp name="T2275"/><temp name="T2135"/><temp name="T2092"/><temp name="T2141"/><temp name="T2234"/><temp name="T2294"/><temp name="T2239"/><temp name="T2287"/><temp name="T765"/><temp name="T2179"/></temps></instruction><instruction code="INCH  T2116, 0"><temps name="use"/><temps name="def"><temp name="T2116"/></temps><temps name="in"><temp name="T2290"/><temp name="T2263"/><temp name="T2111"/><temp name="T2078"/><temp name="T2149"/><temp name="T2132"/><temp name="T2188"/><temp name="T2124"/><temp name="T2165"/><temp name="T2175"/><temp name="T2197"/><temp name="T2270"/><temp name="T2108"/><temp name="T2277"/><temp name="T2320"/><temp name="T2326"/><temp name="T2154"/><temp name="T2310"/><temp name="T2230"/><temp name="T2082"/><temp name="T2070"/><temp name="T2213"/><temp name="T2249"/><temp name="T2281"/><temp name="T2103"/><temp name="T2251"/><temp name="T2202"/><temp name="T2244"/><temp name="T2314"/><temp name="T2185"/><temp name="T2191"/><temp name="T2161"/><temp name="T2115"/><temp name="T2206"/><temp name="T28"/><temp name="T2096"/><temp name="T2170"/><temp name="T2255"/><temp name="T2088"/><temp name="T2118"/><temp name="T2157"/><temp name="T2228"/><temp name="T2240"/><temp name="T2275"/><temp name="T2135"/><temp name="T2092"/><temp name="T2141"/><temp name="T2234"/><temp name="T2294"/><temp name="T2239"/><temp name="T2287"/><temp name="T765"/><temp name="T2179"/></temps><temps name="out"><temp name="T2290"/><temp name="T2263"/><temp name="T2111"/><temp name="T2078"/><temp name="T2149"/><temp name="T2132"/><temp name="T2188"/><temp name="T2124"/><temp name="T2165"/><temp name="T2175"/><temp name="T2197"/><temp name="T2270"/><temp name="T2108"/><temp name="T2277"/><temp name="T2320"/><temp name="T2326"/><temp name="T2154"/><temp name="T2310"/><temp name="T2230"/><temp name="T2082"/><temp name="T2070"/><temp name="T2213"/><temp name="T2249"/><temp name="T2281"/><temp name="T2103"/><temp name="T2251"/><temp name="T2202"/><temp name="T2244"/><temp name="T2314"/><temp name="T2185"/><temp name="T2191"/><temp name="T2161"/><temp name="T2115"/><temp name="T2206"/><temp name="T28"/><temp name="T2096"/><temp name="T2170"/><temp name="T2255"/><temp name="T2088"/><temp name="T2118"/><temp name="T2157"/><temp name="T2228"/><temp name="T2240"/><temp name="T2116"/><temp name="T2275"/><temp name="T2135"/><temp name="T2092"/><temp name="T2141"/><temp name="T2234"/><temp name="T2294"/><temp name="T2239"/><temp name="T2287"/><temp name="T765"/><temp name="T2179"/></temps></instruction><instruction code="NEG T2116, 0, T2116"><temps name="use"><temp name="T2116"/></temps><temps name="def"><temp name="T2116"/></temps><temps name="in"><temp name="T2290"/><temp name="T2263"/><temp name="T2111"/><temp name="T2078"/><temp name="T2149"/><temp name="T2132"/><temp name="T2188"/><temp name="T2124"/><temp name="T2165"/><temp name="T2175"/><temp name="T2197"/><temp name="T2270"/><temp name="T2108"/><temp name="T2277"/><temp name="T2320"/><temp name="T2326"/><temp name="T2154"/><temp name="T2310"/><temp name="T2230"/><temp name="T2082"/><temp name="T2070"/><temp name="T2213"/><temp name="T2249"/><temp name="T2281"/><temp name="T2103"/><temp name="T2251"/><temp name="T2202"/><temp name="T2244"/><temp name="T2314"/><temp name="T2185"/><temp name="T2191"/><temp name="T2161"/><temp name="T2115"/><temp name="T2206"/><temp name="T28"/><temp name="T2096"/><temp name="T2170"/><temp name="T2255"/><temp name="T2088"/><temp name="T2118"/><temp name="T2157"/><temp name="T2228"/><temp name="T2240"/><temp name="T2116"/><temp name="T2275"/><temp name="T2135"/><temp name="T2092"/><temp name="T2141"/><temp name="T2234"/><temp name="T2294"/><temp name="T2239"/><temp name="T2287"/><temp name="T765"/><temp name="T2179"/></temps><temps name="out"><temp name="T2290"/><temp name="T2263"/><temp name="T2111"/><temp name="T2078"/><temp name="T2149"/><temp name="T2132"/><temp name="T2188"/><temp name="T2124"/><temp name="T2165"/><temp name="T2175"/><temp name="T2197"/><temp name="T2270"/><temp name="T2108"/><temp name="T2277"/><temp name="T2320"/><temp name="T2326"/><temp name="T2154"/><temp name="T2310"/><temp name="T2230"/><temp name="T2082"/><temp name="T2070"/><temp name="T2213"/><temp name="T2249"/><temp name="T2281"/><temp name="T2103"/><temp name="T2251"/><temp name="T2202"/><temp name="T2244"/><temp name="T2314"/><temp name="T2185"/><temp name="T2191"/><temp name="T2161"/><temp name="T2115"/><temp name="T2206"/><temp name="T28"/><temp name="T2096"/><temp name="T2170"/><temp name="T2255"/><temp name="T2088"/><temp name="T2118"/><temp name="T2157"/><temp name="T2228"/><temp name="T2240"/><temp name="T2116"/><temp name="T2275"/><temp name="T2135"/><temp name="T2092"/><temp name="T2141"/><temp name="T2234"/><temp name="T2294"/><temp name="T2239"/><temp name="T2287"/><temp name="T765"/><temp name="T2179"/></temps></instruction><instruction code="OR T766, T2116, 0"><temps name="use"><temp name="T2116"/></temps><temps name="def"><temp name="T766"/></temps><temps name="in"><temp name="T2290"/><temp name="T2263"/><temp name="T2111"/><temp name="T2078"/><temp name="T2149"/><temp name="T2132"/><temp name="T2188"/><temp name="T2124"/><temp name="T2165"/><temp name="T2175"/><temp name="T2197"/><temp name="T2270"/><temp name="T2108"/><temp name="T2277"/><temp name="T2320"/><temp name="T2326"/><temp name="T2154"/><temp name="T2310"/><temp name="T2230"/><temp name="T2082"/><temp name="T2070"/><temp name="T2213"/><temp name="T2249"/><temp name="T2281"/><temp name="T2103"/><temp name="T2251"/><temp name="T2202"/><temp name="T2244"/><temp name="T2314"/><temp name="T2185"/><temp name="T2191"/><temp name="T2161"/><temp name="T2115"/><temp name="T2206"/><temp name="T28"/><temp name="T2096"/><temp name="T2170"/><temp name="T2255"/><temp name="T2088"/><temp name="T2118"/><temp name="T2157"/><temp name="T2228"/><temp name="T2240"/><temp name="T2116"/><temp name="T2275"/><temp name="T2135"/><temp name="T2092"/><temp name="T2141"/><temp name="T2234"/><temp name="T2294"/><temp name="T2239"/><temp name="T2287"/><temp name="T765"/><temp name="T2179"/></temps><temps name="out"><temp name="T2290"/><temp name="T2263"/><temp name="T766"/><temp name="T2111"/><temp name="T2078"/><temp name="T2149"/><temp name="T2132"/><temp name="T2188"/><temp name="T2124"/><temp name="T2165"/><temp name="T2175"/><temp name="T2197"/><temp name="T2270"/><temp name="T2108"/><temp name="T2277"/><temp name="T2320"/><temp name="T2326"/><temp name="T2154"/><temp name="T2310"/><temp name="T2230"/><temp name="T2082"/><temp name="T2070"/><temp name="T2213"/><temp name="T2249"/><temp name="T2281"/><temp name="T2103"/><temp name="T2251"/><temp name="T2202"/><temp name="T2244"/><temp name="T2314"/><temp name="T2185"/><temp name="T2191"/><temp name="T2161"/><temp name="T2115"/><temp name="T2206"/><temp name="T28"/><temp name="T2096"/><temp name="T2170"/><temp name="T2255"/><temp name="T2088"/><temp name="T2118"/><temp name="T2157"/><temp name="T2228"/><temp name="T2240"/><temp name="T2275"/><temp name="T2135"/><temp name="T2092"/><temp name="T2141"/><temp name="T2234"/><temp name="T2294"/><temp name="T2239"/><temp name="T2287"/><temp name="T765"/><temp name="T2179"/></temps></instruction><instruction code="ADD T2117, T765, T766"><temps name="use"><temp name="T765"/><temp name="T766"/></temps><temps name="def"><temp name="T2117"/></temps><temps name="in"><temp name="T2290"/><temp name="T2263"/><temp name="T766"/><temp name="T2111"/><temp name="T2078"/><temp name="T2149"/><temp name="T2132"/><temp name="T2188"/><temp name="T2124"/><temp name="T2165"/><temp name="T2175"/><temp name="T2197"/><temp name="T2270"/><temp name="T2108"/><temp name="T2277"/><temp name="T2320"/><temp name="T2326"/><temp name="T2154"/><temp name="T2310"/><temp name="T2230"/><temp name="T2082"/><temp name="T2070"/><temp name="T2213"/><temp name="T2249"/><temp name="T2281"/><temp name="T2103"/><temp name="T2251"/><temp name="T2202"/><temp name="T2244"/><temp name="T2314"/><temp name="T2185"/><temp name="T2191"/><temp name="T2161"/><temp name="T2115"/><temp name="T2206"/><temp name="T28"/><temp name="T2096"/><temp name="T2170"/><temp name="T2255"/><temp name="T2088"/><temp name="T2118"/><temp name="T2157"/><temp name="T2228"/><temp name="T2240"/><temp name="T2275"/><temp name="T2135"/><temp name="T2092"/><temp name="T2141"/><temp name="T2234"/><temp name="T2294"/><temp name="T2239"/><temp name="T2287"/><temp name="T765"/><temp name="T2179"/></temps><temps name="out"><temp name="T2290"/><temp name="T2263"/><temp name="T2111"/><temp name="T2078"/><temp name="T2149"/><temp name="T2132"/><temp name="T2188"/><temp name="T2124"/><temp name="T2165"/><temp name="T2175"/><temp name="T2197"/><temp name="T2270"/><temp name="T2108"/><temp name="T2277"/><temp name="T2320"/><temp name="T2326"/><temp name="T2154"/><temp name="T2310"/><temp name="T2230"/><temp name="T2082"/><temp name="T2117"/><temp name="T2070"/><temp name="T2213"/><temp name="T2249"/><temp name="T2281"/><temp name="T2103"/><temp name="T2251"/><temp name="T2202"/><temp name="T2244"/><temp name="T2314"/><temp name="T2185"/><temp name="T2191"/><temp name="T2161"/><temp name="T2115"/><temp name="T2206"/><temp name="T28"/><temp name="T2096"/><temp name="T2170"/><temp name="T2255"/><temp name="T2088"/><temp name="T2118"/><temp name="T2157"/><temp name="T2228"/><temp name="T2240"/><temp name="T2275"/><temp name="T2135"/><temp name="T2092"/><temp name="T2141"/><temp name="T2234"/><temp name="T2294"/><temp name="T2239"/><temp name="T2287"/><temp name="T2179"/></temps></instruction><instruction code="OR T767, T2117, 0"><temps name="use"><temp name="T2117"/></temps><temps name="def"><temp name="T767"/></temps><temps name="in"><temp name="T2290"/><temp name="T2263"/><temp name="T2111"/><temp name="T2078"/><temp name="T2149"/><temp name="T2132"/><temp name="T2188"/><temp name="T2124"/><temp name="T2165"/><temp name="T2175"/><temp name="T2197"/><temp name="T2270"/><temp name="T2108"/><temp name="T2277"/><temp name="T2320"/><temp name="T2326"/><temp name="T2154"/><temp name="T2310"/><temp name="T2230"/><temp name="T2082"/><temp name="T2117"/><temp name="T2070"/><temp name="T2213"/><temp name="T2249"/><temp name="T2281"/><temp name="T2103"/><temp name="T2251"/><temp name="T2202"/><temp name="T2244"/><temp name="T2314"/><temp name="T2185"/><temp name="T2191"/><temp name="T2161"/><temp name="T2115"/><temp name="T2206"/><temp name="T28"/><temp name="T2096"/><temp name="T2170"/><temp name="T2255"/><temp name="T2088"/><temp name="T2118"/><temp name="T2157"/><temp name="T2228"/><temp name="T2240"/><temp name="T2275"/><temp name="T2135"/><temp name="T2092"/><temp name="T2141"/><temp name="T2234"/><temp name="T2294"/><temp name="T2239"/><temp name="T2287"/><temp name="T2179"/></temps><temps name="out"><temp name="T2290"/><temp name="T2263"/><temp name="T2111"/><temp name="T2078"/><temp name="T2149"/><temp name="T2132"/><temp name="T2188"/><temp name="T2124"/><temp name="T2165"/><temp name="T2175"/><temp name="T2197"/><temp name="T2270"/><temp name="T2108"/><temp name="T2277"/><temp name="T2320"/><temp name="T2326"/><temp name="T2154"/><temp name="T2310"/><temp name="T2230"/><temp name="T2082"/><temp name="T2070"/><temp name="T2213"/><temp name="T2249"/><temp name="T2281"/><temp name="T2103"/><temp name="T2251"/><temp name="T2202"/><temp name="T2244"/><temp name="T2314"/><temp name="T2185"/><temp name="T2191"/><temp name="T2161"/><temp name="T2115"/><temp name="T2206"/><temp name="T28"/><temp name="T2096"/><temp name="T2170"/><temp name="T2255"/><temp name="T2088"/><temp name="T2118"/><temp name="T2157"/><temp name="T2228"/><temp name="T2240"/><temp name="T2275"/><temp name="T2135"/><temp name="T2092"/><temp name="T2141"/><temp name="T2234"/><temp name="T2294"/><temp name="T2239"/><temp name="T2287"/><temp name="T2179"/></temps></instruction><instruction code="LDO T2119, T2118, 0"><temps name="use"><temp name="T2118"/></temps><temps name="def"><temp name="T2119"/></temps><temps name="in"><temp name="T2290"/><temp name="T2263"/><temp name="T2111"/><temp name="T2078"/><temp name="T2149"/><temp name="T2132"/><temp name="T2188"/><temp name="T2124"/><temp name="T2165"/><temp name="T2175"/><temp name="T2197"/><temp name="T2270"/><temp name="T2108"/><temp name="T2277"/><temp name="T2320"/><temp name="T2326"/><temp name="T2154"/><temp name="T2310"/><temp name="T2230"/><temp name="T2082"/><temp name="T2070"/><temp name="T2213"/><temp name="T2249"/><temp name="T2281"/><temp name="T2103"/><temp name="T2251"/><temp name="T2202"/><temp name="T2244"/><temp name="T2314"/><temp name="T2185"/><temp name="T2191"/><temp name="T2161"/><temp name="T2115"/><temp name="T2206"/><temp name="T28"/><temp name="T2096"/><temp name="T2170"/><temp name="T2255"/><temp name="T2088"/><temp name="T2118"/><temp name="T2157"/><temp name="T2228"/><temp name="T2240"/><temp name="T2275"/><temp name="T2135"/><temp name="T2092"/><temp name="T2141"/><temp name="T2234"/><temp name="T2294"/><temp name="T2239"/><temp name="T2287"/><temp name="T2179"/></temps><temps name="out"><temp name="T2290"/><temp name="T2263"/><temp name="T2111"/><temp name="T2078"/><temp name="T2149"/><temp name="T2132"/><temp name="T2188"/><temp name="T2124"/><temp name="T2165"/><temp name="T2175"/><temp name="T2197"/><temp name="T2270"/><temp name="T2108"/><temp name="T2277"/><temp name="T2320"/><temp name="T2326"/><temp name="T2154"/><temp name="T2310"/><temp name="T2230"/><temp name="T2082"/><temp name="T2070"/><temp name="T2213"/><temp name="T2249"/><temp name="T2281"/><temp name="T2103"/><temp name="T2251"/><temp name="T2202"/><temp name="T2244"/><temp name="T2314"/><temp name="T2185"/><temp name="T2191"/><temp name="T2161"/><temp name="T2115"/><temp name="T2206"/><temp name="T28"/><temp name="T2096"/><temp name="T2170"/><temp name="T2255"/><temp name="T2088"/><temp name="T2118"/><temp name="T2157"/><temp name="T2228"/><temp name="T2240"/><temp name="T2275"/><temp name="T2135"/><temp name="T2119"/><temp name="T2092"/><temp name="T2141"/><temp name="T2234"/><temp name="T2294"/><temp name="T2239"/><temp name="T2287"/><temp name="T2179"/></temps></instruction><instruction code="OR T768, T2119, 0"><temps name="use"><temp name="T2119"/></temps><temps name="def"><temp name="T768"/></temps><temps name="in"><temp name="T2290"/><temp name="T2263"/><temp name="T2111"/><temp name="T2078"/><temp name="T2149"/><temp name="T2132"/><temp name="T2188"/><temp name="T2124"/><temp name="T2165"/><temp name="T2175"/><temp name="T2197"/><temp name="T2270"/><temp name="T2108"/><temp name="T2277"/><temp name="T2320"/><temp name="T2326"/><temp name="T2154"/><temp name="T2310"/><temp name="T2230"/><temp name="T2082"/><temp name="T2070"/><temp name="T2213"/><temp name="T2249"/><temp name="T2281"/><temp name="T2103"/><temp name="T2251"/><temp name="T2202"/><temp name="T2244"/><temp name="T2314"/><temp name="T2185"/><temp name="T2191"/><temp name="T2161"/><temp name="T2115"/><temp name="T2206"/><temp name="T28"/><temp name="T2096"/><temp name="T2170"/><temp name="T2255"/><temp name="T2088"/><temp name="T2118"/><temp name="T2157"/><temp name="T2228"/><temp name="T2240"/><temp name="T2275"/><temp name="T2135"/><temp name="T2119"/><temp name="T2092"/><temp name="T2141"/><temp name="T2234"/><temp name="T2294"/><temp name="T2239"/><temp name="T2287"/><temp name="T2179"/></temps><temps name="out"><temp name="T2290"/><temp name="T2263"/><temp name="T2111"/><temp name="T2078"/><temp name="T2149"/><temp name="T2132"/><temp name="T2188"/><temp name="T2124"/><temp name="T2165"/><temp name="T2175"/><temp name="T2197"/><temp name="T2270"/><temp name="T2108"/><temp name="T2277"/><temp name="T2320"/><temp name="T2326"/><temp name="T2154"/><temp name="T2310"/><temp name="T2230"/><temp name="T2082"/><temp name="T2070"/><temp name="T2213"/><temp name="T2249"/><temp name="T2281"/><temp name="T2103"/><temp name="T2251"/><temp name="T2202"/><temp name="T2244"/><temp name="T2314"/><temp name="T2185"/><temp name="T2191"/><temp name="T2161"/><temp name="T768"/><temp name="T2115"/><temp name="T2206"/><temp name="T28"/><temp name="T2096"/><temp name="T2170"/><temp name="T2255"/><temp name="T2088"/><temp name="T2118"/><temp name="T2157"/><temp name="T2228"/><temp name="T2240"/><temp name="T2275"/><temp name="T2135"/><temp name="T2092"/><temp name="T2141"/><temp name="T2234"/><temp name="T2294"/><temp name="T2239"/><temp name="T2287"/><temp name="T2179"/></temps></instruction><instruction code="SETL  T2120, 1"><temps name="use"/><temps name="def"><temp name="T2120"/></temps><temps name="in"><temp name="T2290"/><temp name="T2263"/><temp name="T2111"/><temp name="T2078"/><temp name="T2149"/><temp name="T2132"/><temp name="T2188"/><temp name="T2124"/><temp name="T2165"/><temp name="T2175"/><temp name="T2197"/><temp name="T2270"/><temp name="T2108"/><temp name="T2277"/><temp name="T2320"/><temp name="T2326"/><temp name="T2154"/><temp name="T2310"/><temp name="T2230"/><temp name="T2082"/><temp name="T2070"/><temp name="T2213"/><temp name="T2249"/><temp name="T2281"/><temp name="T2103"/><temp name="T2251"/><temp name="T2202"/><temp name="T2244"/><temp name="T2314"/><temp name="T2185"/><temp name="T2191"/><temp name="T2161"/><temp name="T768"/><temp name="T2115"/><temp name="T2206"/><temp name="T28"/><temp name="T2096"/><temp name="T2170"/><temp name="T2255"/><temp name="T2088"/><temp name="T2118"/><temp name="T2157"/><temp name="T2228"/><temp name="T2240"/><temp name="T2275"/><temp name="T2135"/><temp name="T2092"/><temp name="T2141"/><temp name="T2234"/><temp name="T2294"/><temp name="T2239"/><temp name="T2287"/><temp name="T2179"/></temps><temps name="out"><temp name="T2290"/><temp name="T2263"/><temp name="T2111"/><temp name="T2078"/><temp name="T2149"/><temp name="T2132"/><temp name="T2188"/><temp name="T2124"/><temp name="T2165"/><temp name="T2175"/><temp name="T2197"/><temp name="T2270"/><temp name="T2108"/><temp name="T2277"/><temp name="T2320"/><temp name="T2326"/><temp name="T2154"/><temp name="T2310"/><temp name="T2230"/><temp name="T2082"/><temp name="T2070"/><temp name="T2213"/><temp name="T2249"/><temp name="T2281"/><temp name="T2103"/><temp name="T2251"/><temp name="T2202"/><temp name="T2244"/><temp name="T2314"/><temp name="T2185"/><temp name="T2191"/><temp name="T2161"/><temp name="T768"/><temp name="T2115"/><temp name="T2206"/><temp name="T28"/><temp name="T2096"/><temp name="T2170"/><temp name="T2255"/><temp name="T2088"/><temp name="T2118"/><temp name="T2157"/><temp name="T2228"/><temp name="T2240"/><temp name="T2275"/><temp name="T2135"/><temp name="T2092"/><temp name="T2141"/><temp name="T2234"/><temp name="T2294"/><temp name="T2239"/><temp name="T2287"/><temp name="T2179"/></temps></instruction><instruction code="INCML T2120, 0"><temps name="use"/><temps name="def"><temp name="T2120"/></temps><temps name="in"><temp name="T2290"/><temp name="T2263"/><temp name="T2111"/><temp name="T2078"/><temp name="T2149"/><temp name="T2132"/><temp name="T2188"/><temp name="T2124"/><temp name="T2165"/><temp name="T2175"/><temp name="T2197"/><temp name="T2270"/><temp name="T2108"/><temp name="T2277"/><temp name="T2320"/><temp name="T2326"/><temp name="T2154"/><temp name="T2310"/><temp name="T2230"/><temp name="T2082"/><temp name="T2070"/><temp name="T2213"/><temp name="T2249"/><temp name="T2281"/><temp name="T2103"/><temp name="T2251"/><temp name="T2202"/><temp name="T2244"/><temp name="T2314"/><temp name="T2185"/><temp name="T2191"/><temp name="T2161"/><temp name="T768"/><temp name="T2115"/><temp name="T2206"/><temp name="T28"/><temp name="T2096"/><temp name="T2170"/><temp name="T2255"/><temp name="T2088"/><temp name="T2118"/><temp name="T2157"/><temp name="T2228"/><temp name="T2240"/><temp name="T2275"/><temp name="T2135"/><temp name="T2092"/><temp name="T2141"/><temp name="T2234"/><temp name="T2294"/><temp name="T2239"/><temp name="T2287"/><temp name="T2179"/></temps><temps name="out"><temp name="T2290"/><temp name="T2263"/><temp name="T2111"/><temp name="T2078"/><temp name="T2149"/><temp name="T2132"/><temp name="T2188"/><temp name="T2124"/><temp name="T2165"/><temp name="T2175"/><temp name="T2197"/><temp name="T2270"/><temp name="T2108"/><temp name="T2277"/><temp name="T2320"/><temp name="T2326"/><temp name="T2154"/><temp name="T2310"/><temp name="T2230"/><temp name="T2082"/><temp name="T2070"/><temp name="T2213"/><temp name="T2249"/><temp name="T2281"/><temp name="T2103"/><temp name="T2251"/><temp name="T2202"/><temp name="T2244"/><temp name="T2314"/><temp name="T2185"/><temp name="T2191"/><temp name="T2161"/><temp name="T768"/><temp name="T2115"/><temp name="T2206"/><temp name="T28"/><temp name="T2096"/><temp name="T2170"/><temp name="T2255"/><temp name="T2088"/><temp name="T2118"/><temp name="T2157"/><temp name="T2228"/><temp name="T2240"/><temp name="T2275"/><temp name="T2135"/><temp name="T2092"/><temp name="T2141"/><temp name="T2234"/><temp name="T2294"/><temp name="T2239"/><temp name="T2287"/><temp name="T2179"/></temps></instruction><instruction code="INCMH T2120, 0"><temps name="use"/><temps name="def"><temp name="T2120"/></temps><temps name="in"><temp name="T2290"/><temp name="T2263"/><temp name="T2111"/><temp name="T2078"/><temp name="T2149"/><temp name="T2132"/><temp name="T2188"/><temp name="T2124"/><temp name="T2165"/><temp name="T2175"/><temp name="T2197"/><temp name="T2270"/><temp name="T2108"/><temp name="T2277"/><temp name="T2320"/><temp name="T2326"/><temp name="T2154"/><temp name="T2310"/><temp name="T2230"/><temp name="T2082"/><temp name="T2070"/><temp name="T2213"/><temp name="T2249"/><temp name="T2281"/><temp name="T2103"/><temp name="T2251"/><temp name="T2202"/><temp name="T2244"/><temp name="T2314"/><temp name="T2185"/><temp name="T2191"/><temp name="T2161"/><temp name="T768"/><temp name="T2115"/><temp name="T2206"/><temp name="T28"/><temp name="T2096"/><temp name="T2170"/><temp name="T2255"/><temp name="T2088"/><temp name="T2118"/><temp name="T2157"/><temp name="T2228"/><temp name="T2240"/><temp name="T2275"/><temp name="T2135"/><temp name="T2092"/><temp name="T2141"/><temp name="T2234"/><temp name="T2294"/><temp name="T2239"/><temp name="T2287"/><temp name="T2179"/></temps><temps name="out"><temp name="T2290"/><temp name="T2263"/><temp name="T2111"/><temp name="T2078"/><temp name="T2149"/><temp name="T2132"/><temp name="T2188"/><temp name="T2124"/><temp name="T2165"/><temp name="T2175"/><temp name="T2197"/><temp name="T2270"/><temp name="T2108"/><temp name="T2277"/><temp name="T2320"/><temp name="T2326"/><temp name="T2154"/><temp name="T2310"/><temp name="T2230"/><temp name="T2082"/><temp name="T2070"/><temp name="T2213"/><temp name="T2249"/><temp name="T2281"/><temp name="T2103"/><temp name="T2251"/><temp name="T2202"/><temp name="T2244"/><temp name="T2314"/><temp name="T2185"/><temp name="T2191"/><temp name="T2161"/><temp name="T768"/><temp name="T2115"/><temp name="T2206"/><temp name="T28"/><temp name="T2096"/><temp name="T2170"/><temp name="T2255"/><temp name="T2088"/><temp name="T2118"/><temp name="T2157"/><temp name="T2228"/><temp name="T2240"/><temp name="T2275"/><temp name="T2135"/><temp name="T2092"/><temp name="T2141"/><temp name="T2234"/><temp name="T2294"/><temp name="T2239"/><temp name="T2287"/><temp name="T2179"/></temps></instruction><instruction code="INCH  T2120, 0"><temps name="use"/><temps name="def"><temp name="T2120"/></temps><temps name="in"><temp name="T2290"/><temp name="T2263"/><temp name="T2111"/><temp name="T2078"/><temp name="T2149"/><temp name="T2132"/><temp name="T2188"/><temp name="T2124"/><temp name="T2165"/><temp name="T2175"/><temp name="T2197"/><temp name="T2270"/><temp name="T2108"/><temp name="T2277"/><temp name="T2320"/><temp name="T2326"/><temp name="T2154"/><temp name="T2310"/><temp name="T2230"/><temp name="T2082"/><temp name="T2070"/><temp name="T2213"/><temp name="T2249"/><temp name="T2281"/><temp name="T2103"/><temp name="T2251"/><temp name="T2202"/><temp name="T2244"/><temp name="T2314"/><temp name="T2185"/><temp name="T2191"/><temp name="T2161"/><temp name="T768"/><temp name="T2115"/><temp name="T2206"/><temp name="T28"/><temp name="T2096"/><temp name="T2170"/><temp name="T2255"/><temp name="T2088"/><temp name="T2118"/><temp name="T2157"/><temp name="T2228"/><temp name="T2240"/><temp name="T2275"/><temp name="T2135"/><temp name="T2092"/><temp name="T2141"/><temp name="T2234"/><temp name="T2294"/><temp name="T2239"/><temp name="T2287"/><temp name="T2179"/></temps><temps name="out"><temp name="T2290"/><temp name="T2263"/><temp name="T2111"/><temp name="T2078"/><temp name="T2149"/><temp name="T2132"/><temp name="T2188"/><temp name="T2124"/><temp name="T2165"/><temp name="T2175"/><temp name="T2197"/><temp name="T2270"/><temp name="T2108"/><temp name="T2277"/><temp name="T2120"/><temp name="T2320"/><temp name="T2326"/><temp name="T2154"/><temp name="T2310"/><temp name="T2230"/><temp name="T2082"/><temp name="T2070"/><temp name="T2213"/><temp name="T2249"/><temp name="T2281"/><temp name="T2103"/><temp name="T2251"/><temp name="T2202"/><temp name="T2244"/><temp name="T2314"/><temp name="T2185"/><temp name="T2191"/><temp name="T2161"/><temp name="T768"/><temp name="T2115"/><temp name="T2206"/><temp name="T28"/><temp name="T2096"/><temp name="T2170"/><temp name="T2255"/><temp name="T2088"/><temp name="T2118"/><temp name="T2157"/><temp name="T2228"/><temp name="T2240"/><temp name="T2275"/><temp name="T2135"/><temp name="T2092"/><temp name="T2141"/><temp name="T2234"/><temp name="T2294"/><temp name="T2239"/><temp name="T2287"/><temp name="T2179"/></temps></instruction><instruction code="OR T769, T2120, 0"><temps name="use"><temp name="T2120"/></temps><temps name="def"><temp name="T769"/></temps><temps name="in"><temp name="T2290"/><temp name="T2263"/><temp name="T2111"/><temp name="T2078"/><temp name="T2149"/><temp name="T2132"/><temp name="T2188"/><temp name="T2124"/><temp name="T2165"/><temp name="T2175"/><temp name="T2197"/><temp name="T2270"/><temp name="T2108"/><temp name="T2277"/><temp name="T2120"/><temp name="T2320"/><temp name="T2326"/><temp name="T2154"/><temp name="T2310"/><temp name="T2230"/><temp name="T2082"/><temp name="T2070"/><temp name="T2213"/><temp name="T2249"/><temp name="T2281"/><temp name="T2103"/><temp name="T2251"/><temp name="T2202"/><temp name="T2244"/><temp name="T2314"/><temp name="T2185"/><temp name="T2191"/><temp name="T2161"/><temp name="T768"/><temp name="T2115"/><temp name="T2206"/><temp name="T28"/><temp name="T2096"/><temp name="T2170"/><temp name="T2255"/><temp name="T2088"/><temp name="T2118"/><temp name="T2157"/><temp name="T2228"/><temp name="T2240"/><temp name="T2275"/><temp name="T2135"/><temp name="T2092"/><temp name="T2141"/><temp name="T2234"/><temp name="T2294"/><temp name="T2239"/><temp name="T2287"/><temp name="T2179"/></temps><temps name="out"><temp name="T2290"/><temp name="T2263"/><temp name="T2111"/><temp name="T2078"/><temp name="T2149"/><temp name="T2132"/><temp name="T2188"/><temp name="T2124"/><temp name="T2165"/><temp name="T2175"/><temp name="T2197"/><temp name="T2270"/><temp name="T2108"/><temp name="T2277"/><temp name="T2320"/><temp name="T2326"/><temp name="T2154"/><temp name="T2310"/><temp name="T2230"/><temp name="T2082"/><temp name="T2070"/><temp name="T2213"/><temp name="T2249"/><temp name="T2281"/><temp name="T2103"/><temp name="T2251"/><temp name="T2202"/><temp name="T2244"/><temp name="T2314"/><temp name="T2185"/><temp name="T2191"/><temp name="T2161"/><temp name="T768"/><temp name="T2115"/><temp name="T2206"/><temp name="T28"/><temp name="T2096"/><temp name="T2170"/><temp name="T2255"/><temp name="T2088"/><temp name="T2118"/><temp name="T2157"/><temp name="T2228"/><temp name="T2240"/><temp name="T769"/><temp name="T2275"/><temp name="T2135"/><temp name="T2092"/><temp name="T2141"/><temp name="T2234"/><temp name="T2294"/><temp name="T2239"/><temp name="T2287"/><temp name="T2179"/></temps></instruction><instruction code="ADD T2121, T768, T769"><temps name="use"><temp name="T768"/><temp name="T769"/></temps><temps name="def"><temp name="T2121"/></temps><temps name="in"><temp name="T2290"/><temp name="T2263"/><temp name="T2111"/><temp name="T2078"/><temp name="T2149"/><temp name="T2132"/><temp name="T2188"/><temp name="T2124"/><temp name="T2165"/><temp name="T2175"/><temp name="T2197"/><temp name="T2270"/><temp name="T2108"/><temp name="T2277"/><temp name="T2320"/><temp name="T2326"/><temp name="T2154"/><temp name="T2310"/><temp name="T2230"/><temp name="T2082"/><temp name="T2070"/><temp name="T2213"/><temp name="T2249"/><temp name="T2281"/><temp name="T2103"/><temp name="T2251"/><temp name="T2202"/><temp name="T2244"/><temp name="T2314"/><temp name="T2185"/><temp name="T2191"/><temp name="T2161"/><temp name="T768"/><temp name="T2115"/><temp name="T2206"/><temp name="T28"/><temp name="T2096"/><temp name="T2170"/><temp name="T2255"/><temp name="T2088"/><temp name="T2118"/><temp name="T2157"/><temp name="T2228"/><temp name="T2240"/><temp name="T769"/><temp name="T2275"/><temp name="T2135"/><temp name="T2092"/><temp name="T2141"/><temp name="T2234"/><temp name="T2294"/><temp name="T2239"/><temp name="T2287"/><temp name="T2179"/></temps><temps name="out"><temp name="T2290"/><temp name="T2263"/><temp name="T2111"/><temp name="T2078"/><temp name="T2149"/><temp name="T2132"/><temp name="T2188"/><temp name="T2124"/><temp name="T2165"/><temp name="T2175"/><temp name="T2197"/><temp name="T2270"/><temp name="T2108"/><temp name="T2277"/><temp name="T2320"/><temp name="T2326"/><temp name="T2154"/><temp name="T2310"/><temp name="T2230"/><temp name="T2082"/><temp name="T2070"/><temp name="T2121"/><temp name="T2213"/><temp name="T2249"/><temp name="T2281"/><temp name="T2103"/><temp name="T2251"/><temp name="T2202"/><temp name="T2244"/><temp name="T2314"/><temp name="T2185"/><temp name="T2191"/><temp name="T2161"/><temp name="T2115"/><temp name="T2206"/><temp name="T28"/><temp name="T2096"/><temp name="T2170"/><temp name="T2255"/><temp name="T2088"/><temp name="T2118"/><temp name="T2157"/><temp name="T2228"/><temp name="T2240"/><temp name="T2275"/><temp name="T2135"/><temp name="T2092"/><temp name="T2141"/><temp name="T2234"/><temp name="T2294"/><temp name="T2239"/><temp name="T2287"/><temp name="T2179"/></temps></instruction><instruction code="OR T770, T2121, 0"><temps name="use"><temp name="T2121"/></temps><temps name="def"><temp name="T770"/></temps><temps name="in"><temp name="T2290"/><temp name="T2263"/><temp name="T2111"/><temp name="T2078"/><temp name="T2149"/><temp name="T2132"/><temp name="T2188"/><temp name="T2124"/><temp name="T2165"/><temp name="T2175"/><temp name="T2197"/><temp name="T2270"/><temp name="T2108"/><temp name="T2277"/><temp name="T2320"/><temp name="T2326"/><temp name="T2154"/><temp name="T2310"/><temp name="T2230"/><temp name="T2082"/><temp name="T2070"/><temp name="T2121"/><temp name="T2213"/><temp name="T2249"/><temp name="T2281"/><temp name="T2103"/><temp name="T2251"/><temp name="T2202"/><temp name="T2244"/><temp name="T2314"/><temp name="T2185"/><temp name="T2191"/><temp name="T2161"/><temp name="T2115"/><temp name="T2206"/><temp name="T28"/><temp name="T2096"/><temp name="T2170"/><temp name="T2255"/><temp name="T2088"/><temp name="T2118"/><temp name="T2157"/><temp name="T2228"/><temp name="T2240"/><temp name="T2275"/><temp name="T2135"/><temp name="T2092"/><temp name="T2141"/><temp name="T2234"/><temp name="T2294"/><temp name="T2239"/><temp name="T2287"/><temp name="T2179"/></temps><temps name="out"><temp name="T2290"/><temp name="T2263"/><temp name="T2111"/><temp name="T2078"/><temp name="T2149"/><temp name="T2132"/><temp name="T2188"/><temp name="T2124"/><temp name="T2165"/><temp name="T2175"/><temp name="T2197"/><temp name="T2270"/><temp name="T2108"/><temp name="T2277"/><temp name="T2320"/><temp name="T2326"/><temp name="T2154"/><temp name="T2310"/><temp name="T2230"/><temp name="T2082"/><temp name="T2070"/><temp name="T2213"/><temp name="T2249"/><temp name="T2281"/><temp name="T2103"/><temp name="T2251"/><temp name="T2202"/><temp name="T2244"/><temp name="T2314"/><temp name="T2185"/><temp name="T2191"/><temp name="T2161"/><temp name="T2115"/><temp name="T2206"/><temp name="T28"/><temp name="T2096"/><temp name="T2170"/><temp name="T2255"/><temp name="T2088"/><temp name="T2118"/><temp name="T770"/><temp name="T2157"/><temp name="T2228"/><temp name="T2240"/><temp name="T2275"/><temp name="T2135"/><temp name="T2092"/><temp name="T2141"/><temp name="T2234"/><temp name="T2294"/><temp name="T2239"/><temp name="T2287"/><temp name="T2179"/></temps></instruction><instruction code="LDO T2125, T2124, 0"><temps name="use"><temp name="T2124"/></temps><temps name="def"><temp name="T2125"/></temps><temps name="in"><temp name="T2290"/><temp name="T2263"/><temp name="T2111"/><temp name="T2078"/><temp name="T2149"/><temp name="T2132"/><temp name="T2188"/><temp name="T2124"/><temp name="T2165"/><temp name="T2175"/><temp name="T2197"/><temp name="T2270"/><temp name="T2108"/><temp name="T2277"/><temp name="T2320"/><temp name="T2326"/><temp name="T2154"/><temp name="T2310"/><temp name="T2230"/><temp name="T2082"/><temp name="T2070"/><temp name="T2213"/><temp name="T2249"/><temp name="T2281"/><temp name="T2103"/><temp name="T2251"/><temp name="T2202"/><temp name="T2244"/><temp name="T2314"/><temp name="T2185"/><temp name="T2191"/><temp name="T2161"/><temp name="T2115"/><temp name="T2206"/><temp name="T28"/><temp name="T2096"/><temp name="T2170"/><temp name="T2255"/><temp name="T2088"/><temp name="T2118"/><temp name="T770"/><temp name="T2157"/><temp name="T2228"/><temp name="T2240"/><temp name="T2275"/><temp name="T2135"/><temp name="T2092"/><temp name="T2141"/><temp name="T2234"/><temp name="T2294"/><temp name="T2239"/><temp name="T2287"/><temp name="T2179"/></temps><temps name="out"><temp name="T2290"/><temp name="T2263"/><temp name="T2111"/><temp name="T2078"/><temp name="T2149"/><temp name="T2132"/><temp name="T2188"/><temp name="T2124"/><temp name="T2165"/><temp name="T2175"/><temp name="T2197"/><temp name="T2270"/><temp name="T2108"/><temp name="T2277"/><temp name="T2320"/><temp name="T2326"/><temp name="T2154"/><temp name="T2310"/><temp name="T2230"/><temp name="T2082"/><temp name="T2070"/><temp name="T2213"/><temp name="T2249"/><temp name="T2281"/><temp name="T2125"/><temp name="T2103"/><temp name="T2251"/><temp name="T2202"/><temp name="T2244"/><temp name="T2314"/><temp name="T2185"/><temp name="T2191"/><temp name="T2161"/><temp name="T2115"/><temp name="T2206"/><temp name="T28"/><temp name="T2096"/><temp name="T2170"/><temp name="T2255"/><temp name="T2088"/><temp name="T2118"/><temp name="T770"/><temp name="T2157"/><temp name="T2228"/><temp name="T2240"/><temp name="T2275"/><temp name="T2135"/><temp name="T2092"/><temp name="T2141"/><temp name="T2234"/><temp name="T2294"/><temp name="T2239"/><temp name="T2287"/><temp name="T2179"/></temps></instruction><instruction code="STO T2125, T770, 0"><temps name="use"><temp name="T2125"/><temp name="T770"/></temps><temps name="def"/><temps name="in"><temp name="T2290"/><temp name="T2263"/><temp name="T2111"/><temp name="T2078"/><temp name="T2149"/><temp name="T2132"/><temp name="T2188"/><temp name="T2124"/><temp name="T2165"/><temp name="T2175"/><temp name="T2197"/><temp name="T2270"/><temp name="T2108"/><temp name="T2277"/><temp name="T2320"/><temp name="T2326"/><temp name="T2154"/><temp name="T2310"/><temp name="T2230"/><temp name="T2082"/><temp name="T2070"/><temp name="T2213"/><temp name="T2249"/><temp name="T2281"/><temp name="T2125"/><temp name="T2103"/><temp name="T2251"/><temp name="T2202"/><temp name="T2244"/><temp name="T2314"/><temp name="T2185"/><temp name="T2191"/><temp name="T2161"/><temp name="T2115"/><temp name="T2206"/><temp name="T28"/><temp name="T2096"/><temp name="T2170"/><temp name="T2255"/><temp name="T2088"/><temp name="T2118"/><temp name="T770"/><temp name="T2157"/><temp name="T2228"/><temp name="T2240"/><temp name="T2275"/><temp name="T2135"/><temp name="T2092"/><temp name="T2141"/><temp name="T2234"/><temp name="T2294"/><temp name="T2239"/><temp name="T2287"/><temp name="T2179"/></temps><temps name="out"><temp name="T2290"/><temp name="T2263"/><temp name="T2111"/><temp name="T2078"/><temp name="T2149"/><temp name="T2132"/><temp name="T2188"/><temp name="T2124"/><temp name="T2165"/><temp name="T2175"/><temp name="T2197"/><temp name="T2270"/><temp name="T2108"/><temp name="T2277"/><temp name="T2320"/><temp name="T2326"/><temp name="T2154"/><temp name="T2310"/><temp name="T2230"/><temp name="T2082"/><temp name="T2070"/><temp name="T2213"/><temp name="T2249"/><temp name="T2281"/><temp name="T2103"/><temp name="T2251"/><temp name="T2202"/><temp name="T2244"/><temp name="T2314"/><temp name="T2185"/><temp name="T2191"/><temp name="T2161"/><temp name="T2115"/><temp name="T2206"/><temp name="T28"/><temp name="T2096"/><temp name="T2170"/><temp name="T2255"/><temp name="T2088"/><temp name="T2118"/><temp name="T2157"/><temp name="T2228"/><temp name="T2240"/><temp name="T2275"/><temp name="T2135"/><temp name="T2092"/><temp name="T2141"/><temp name="T2234"/><temp name="T2294"/><temp name="T2239"/><temp name="T2287"/><temp name="T2179"/></temps></instruction><instruction code="LDA T2126, L86"><temps name="use"/><temps name="def"><temp name="T2126"/></temps><temps name="in"><temp name="T2290"/><temp name="T2263"/><temp name="T2111"/><temp name="T2078"/><temp name="T2149"/><temp name="T2132"/><temp name="T2188"/><temp name="T2124"/><temp name="T2165"/><temp name="T2175"/><temp name="T2197"/><temp name="T2270"/><temp name="T2108"/><temp name="T2277"/><temp name="T2320"/><temp name="T2326"/><temp name="T2154"/><temp name="T2310"/><temp name="T2230"/><temp name="T2082"/><temp name="T2070"/><temp name="T2213"/><temp name="T2249"/><temp name="T2281"/><temp name="T2103"/><temp name="T2251"/><temp name="T2202"/><temp name="T2244"/><temp name="T2314"/><temp name="T2185"/><temp name="T2191"/><temp name="T2161"/><temp name="T2115"/><temp name="T2206"/><temp name="T28"/><temp name="T2096"/><temp name="T2170"/><temp name="T2255"/><temp name="T2088"/><temp name="T2118"/><temp name="T2157"/><temp name="T2228"/><temp name="T2240"/><temp name="T2275"/><temp name="T2135"/><temp name="T2092"/><temp name="T2141"/><temp name="T2234"/><temp name="T2294"/><temp name="T2239"/><temp name="T2287"/><temp name="T2179"/></temps><temps name="out"><temp name="T2290"/><temp name="T2126"/><temp name="T2263"/><temp name="T2111"/><temp name="T2078"/><temp name="T2149"/><temp name="T2132"/><temp name="T2188"/><temp name="T2124"/><temp name="T2165"/><temp name="T2175"/><temp name="T2197"/><temp name="T2270"/><temp name="T2108"/><temp name="T2277"/><temp name="T2320"/><temp name="T2326"/><temp name="T2154"/><temp name="T2310"/><temp name="T2230"/><temp name="T2082"/><temp name="T2070"/><temp name="T2213"/><temp name="T2249"/><temp name="T2281"/><temp name="T2103"/><temp name="T2251"/><temp name="T2202"/><temp name="T2244"/><temp name="T2314"/><temp name="T2185"/><temp name="T2191"/><temp name="T2161"/><temp name="T2115"/><temp name="T2206"/><temp name="T28"/><temp name="T2096"/><temp name="T2170"/><temp name="T2255"/><temp name="T2088"/><temp name="T2118"/><temp name="T2157"/><temp name="T2228"/><temp name="T2240"/><temp name="T2275"/><temp name="T2135"/><temp name="T2092"/><temp name="T2141"/><temp name="T2234"/><temp name="T2294"/><temp name="T2239"/><temp name="T2287"/><temp name="T2179"/></temps></instruction><instruction code="GO T2126, T2126, 0"><temps name="use"><temp name="T2126"/></temps><temps name="def"><temp name="T2126"/></temps><temps name="in"><temp name="T2290"/><temp name="T2126"/><temp name="T2263"/><temp name="T2111"/><temp name="T2078"/><temp name="T2149"/><temp name="T2132"/><temp name="T2188"/><temp name="T2124"/><temp name="T2165"/><temp name="T2175"/><temp name="T2197"/><temp name="T2270"/><temp name="T2108"/><temp name="T2277"/><temp name="T2320"/><temp name="T2326"/><temp name="T2154"/><temp name="T2310"/><temp name="T2230"/><temp name="T2082"/><temp name="T2070"/><temp name="T2213"/><temp name="T2249"/><temp name="T2281"/><temp name="T2103"/><temp name="T2251"/><temp name="T2202"/><temp name="T2244"/><temp name="T2314"/><temp name="T2185"/><temp name="T2191"/><temp name="T2161"/><temp name="T2115"/><temp name="T2206"/><temp name="T28"/><temp name="T2096"/><temp name="T2170"/><temp name="T2255"/><temp name="T2088"/><temp name="T2118"/><temp name="T2157"/><temp name="T2228"/><temp name="T2240"/><temp name="T2275"/><temp name="T2135"/><temp name="T2092"/><temp name="T2141"/><temp name="T2234"/><temp name="T2294"/><temp name="T2239"/><temp name="T2287"/><temp name="T2179"/></temps><temps name="out"><temp name="T2290"/><temp name="T2263"/><temp name="T2111"/><temp name="T2078"/><temp name="T2149"/><temp name="T2132"/><temp name="T2188"/><temp name="T2124"/><temp name="T2165"/><temp name="T2175"/><temp name="T2197"/><temp name="T2270"/><temp name="T2108"/><temp name="T2277"/><temp name="T2320"/><temp name="T2326"/><temp name="T2154"/><temp name="T2310"/><temp name="T2230"/><temp name="T2082"/><temp name="T2070"/><temp name="T2213"/><temp name="T2249"/><temp name="T2281"/><temp name="T2103"/><temp name="T2251"/><temp name="T2202"/><temp name="T2244"/><temp name="T2314"/><temp name="T2185"/><temp name="T2191"/><temp name="T2161"/><temp name="T2115"/><temp name="T2206"/><temp name="T28"/><temp name="T2096"/><temp name="T2170"/><temp name="T2255"/><temp name="T2088"/><temp name="T2118"/><temp name="T2157"/><temp name="T2228"/><temp name="T2240"/><temp name="T2275"/><temp name="T2135"/><temp name="T2092"/><temp name="T2141"/><temp name="T2234"/><temp name="T2294"/><temp name="T2239"/><temp name="T2287"/><temp name="T2179"/></temps></instruction><instruction code="L88"><temps name="use"/><temps name="def"/><temps name="in"><temp name="T2290"/><temp name="T2263"/><temp name="T2111"/><temp name="T2078"/><temp name="T2149"/><temp name="T2132"/><temp name="T2188"/><temp name="T2124"/><temp name="T2165"/><temp name="T2175"/><temp name="T2197"/><temp name="T2270"/><temp name="T2108"/><temp name="T2277"/><temp name="T2320"/><temp name="T2326"/><temp name="T2154"/><temp name="T2310"/><temp name="T2230"/><temp name="T2082"/><temp name="T2070"/><temp name="T2213"/><temp name="T2249"/><temp name="T2281"/><temp name="T2103"/><temp name="T2251"/><temp name="T2202"/><temp name="T2244"/><temp name="T2314"/><temp name="T2185"/><temp name="T2191"/><temp name="T2161"/><temp name="T2115"/><temp name="T2206"/><temp name="T28"/><temp name="T2096"/><temp name="T2170"/><temp name="T2255"/><temp name="T2088"/><temp name="T2118"/><temp name="T2157"/><temp name="T2228"/><temp name="T2240"/><temp name="T2275"/><temp name="T2135"/><temp name="T2092"/><temp name="T2141"/><temp name="T2234"/><temp name="T2294"/><temp name="T2239"/><temp name="T2287"/><temp name="T2179"/></temps><temps name="out"><temp name="T2290"/><temp name="T2263"/><temp name="T2111"/><temp name="T2078"/><temp name="T2149"/><temp name="T2132"/><temp name="T2188"/><temp name="T2124"/><temp name="T2165"/><temp name="T2175"/><temp name="T2197"/><temp name="T2270"/><temp name="T2108"/><temp name="T2277"/><temp name="T2320"/><temp name="T2326"/><temp name="T2154"/><temp name="T2310"/><temp name="T2230"/><temp name="T2082"/><temp name="T2070"/><temp name="T2213"/><temp name="T2249"/><temp name="T2281"/><temp name="T2103"/><temp name="T2251"/><temp name="T2202"/><temp name="T2244"/><temp name="T2314"/><temp name="T2185"/><temp name="T2191"/><temp name="T2161"/><temp name="T2115"/><temp name="T2206"/><temp name="T28"/><temp name="T2096"/><temp name="T2170"/><temp name="T2255"/><temp name="T2088"/><temp name="T2118"/><temp name="T2157"/><temp name="T2228"/><temp name="T2240"/><temp name="T2275"/><temp name="T2135"/><temp name="T2092"/><temp name="T2141"/><temp name="T2234"/><temp name="T2294"/><temp name="T2239"/><temp name="T2287"/><temp name="T2179"/></temps></instruction><instruction code="SETL  T2127, 0"><temps name="use"/><temps name="def"><temp name="T2127"/></temps><temps name="in"><temp name="T2290"/><temp name="T2263"/><temp name="T2111"/><temp name="T2078"/><temp name="T2149"/><temp name="T2132"/><temp name="T2188"/><temp name="T2124"/><temp name="T2165"/><temp name="T2175"/><temp name="T2197"/><temp name="T2270"/><temp name="T2108"/><temp name="T2277"/><temp name="T2320"/><temp name="T2326"/><temp name="T2154"/><temp name="T2310"/><temp name="T2230"/><temp name="T2082"/><temp name="T2070"/><temp name="T2213"/><temp name="T2249"/><temp name="T2281"/><temp name="T2103"/><temp name="T2251"/><temp name="T2202"/><temp name="T2244"/><temp name="T2314"/><temp name="T2185"/><temp name="T2191"/><temp name="T2161"/><temp name="T2115"/><temp name="T2206"/><temp name="T28"/><temp name="T2096"/><temp name="T2170"/><temp name="T2255"/><temp name="T2088"/><temp name="T2118"/><temp name="T2157"/><temp name="T2228"/><temp name="T2240"/><temp name="T2275"/><temp name="T2135"/><temp name="T2092"/><temp name="T2141"/><temp name="T2234"/><temp name="T2294"/><temp name="T2239"/><temp name="T2287"/><temp name="T2179"/></temps><temps name="out"><temp name="T2290"/><temp name="T2263"/><temp name="T2111"/><temp name="T2078"/><temp name="T2149"/><temp name="T2132"/><temp name="T2188"/><temp name="T2124"/><temp name="T2165"/><temp name="T2175"/><temp name="T2197"/><temp name="T2270"/><temp name="T2108"/><temp name="T2277"/><temp name="T2320"/><temp name="T2326"/><temp name="T2154"/><temp name="T2310"/><temp name="T2230"/><temp name="T2082"/><temp name="T2070"/><temp name="T2213"/><temp name="T2249"/><temp name="T2281"/><temp name="T2103"/><temp name="T2251"/><temp name="T2202"/><temp name="T2244"/><temp name="T2314"/><temp name="T2185"/><temp name="T2191"/><temp name="T2161"/><temp name="T2115"/><temp name="T2206"/><temp name="T28"/><temp name="T2096"/><temp name="T2170"/><temp name="T2255"/><temp name="T2088"/><temp name="T2118"/><temp name="T2157"/><temp name="T2228"/><temp name="T2240"/><temp name="T2275"/><temp name="T2135"/><temp name="T2092"/><temp name="T2141"/><temp name="T2234"/><temp name="T2294"/><temp name="T2239"/><temp name="T2287"/><temp name="T2179"/></temps></instruction><instruction code="INCML T2127, 0"><temps name="use"/><temps name="def"><temp name="T2127"/></temps><temps name="in"><temp name="T2290"/><temp name="T2263"/><temp name="T2111"/><temp name="T2078"/><temp name="T2149"/><temp name="T2132"/><temp name="T2188"/><temp name="T2124"/><temp name="T2165"/><temp name="T2175"/><temp name="T2197"/><temp name="T2270"/><temp name="T2108"/><temp name="T2277"/><temp name="T2320"/><temp name="T2326"/><temp name="T2154"/><temp name="T2310"/><temp name="T2230"/><temp name="T2082"/><temp name="T2070"/><temp name="T2213"/><temp name="T2249"/><temp name="T2281"/><temp name="T2103"/><temp name="T2251"/><temp name="T2202"/><temp name="T2244"/><temp name="T2314"/><temp name="T2185"/><temp name="T2191"/><temp name="T2161"/><temp name="T2115"/><temp name="T2206"/><temp name="T28"/><temp name="T2096"/><temp name="T2170"/><temp name="T2255"/><temp name="T2088"/><temp name="T2118"/><temp name="T2157"/><temp name="T2228"/><temp name="T2240"/><temp name="T2275"/><temp name="T2135"/><temp name="T2092"/><temp name="T2141"/><temp name="T2234"/><temp name="T2294"/><temp name="T2239"/><temp name="T2287"/><temp name="T2179"/></temps><temps name="out"><temp name="T2290"/><temp name="T2263"/><temp name="T2111"/><temp name="T2078"/><temp name="T2149"/><temp name="T2132"/><temp name="T2188"/><temp name="T2124"/><temp name="T2165"/><temp name="T2175"/><temp name="T2197"/><temp name="T2270"/><temp name="T2108"/><temp name="T2277"/><temp name="T2320"/><temp name="T2326"/><temp name="T2154"/><temp name="T2310"/><temp name="T2230"/><temp name="T2082"/><temp name="T2070"/><temp name="T2213"/><temp name="T2249"/><temp name="T2281"/><temp name="T2103"/><temp name="T2251"/><temp name="T2202"/><temp name="T2244"/><temp name="T2314"/><temp name="T2185"/><temp name="T2191"/><temp name="T2161"/><temp name="T2115"/><temp name="T2206"/><temp name="T28"/><temp name="T2096"/><temp name="T2170"/><temp name="T2255"/><temp name="T2088"/><temp name="T2118"/><temp name="T2157"/><temp name="T2228"/><temp name="T2240"/><temp name="T2275"/><temp name="T2135"/><temp name="T2092"/><temp name="T2141"/><temp name="T2234"/><temp name="T2294"/><temp name="T2239"/><temp name="T2287"/><temp name="T2179"/></temps></instruction><instruction code="INCMH T2127, 0"><temps name="use"/><temps name="def"><temp name="T2127"/></temps><temps name="in"><temp name="T2290"/><temp name="T2263"/><temp name="T2111"/><temp name="T2078"/><temp name="T2149"/><temp name="T2132"/><temp name="T2188"/><temp name="T2124"/><temp name="T2165"/><temp name="T2175"/><temp name="T2197"/><temp name="T2270"/><temp name="T2108"/><temp name="T2277"/><temp name="T2320"/><temp name="T2326"/><temp name="T2154"/><temp name="T2310"/><temp name="T2230"/><temp name="T2082"/><temp name="T2070"/><temp name="T2213"/><temp name="T2249"/><temp name="T2281"/><temp name="T2103"/><temp name="T2251"/><temp name="T2202"/><temp name="T2244"/><temp name="T2314"/><temp name="T2185"/><temp name="T2191"/><temp name="T2161"/><temp name="T2115"/><temp name="T2206"/><temp name="T28"/><temp name="T2096"/><temp name="T2170"/><temp name="T2255"/><temp name="T2088"/><temp name="T2118"/><temp name="T2157"/><temp name="T2228"/><temp name="T2240"/><temp name="T2275"/><temp name="T2135"/><temp name="T2092"/><temp name="T2141"/><temp name="T2234"/><temp name="T2294"/><temp name="T2239"/><temp name="T2287"/><temp name="T2179"/></temps><temps name="out"><temp name="T2290"/><temp name="T2263"/><temp name="T2111"/><temp name="T2078"/><temp name="T2149"/><temp name="T2132"/><temp name="T2188"/><temp name="T2124"/><temp name="T2165"/><temp name="T2175"/><temp name="T2197"/><temp name="T2270"/><temp name="T2108"/><temp name="T2277"/><temp name="T2320"/><temp name="T2326"/><temp name="T2154"/><temp name="T2310"/><temp name="T2230"/><temp name="T2082"/><temp name="T2070"/><temp name="T2213"/><temp name="T2249"/><temp name="T2281"/><temp name="T2103"/><temp name="T2251"/><temp name="T2202"/><temp name="T2244"/><temp name="T2314"/><temp name="T2185"/><temp name="T2191"/><temp name="T2161"/><temp name="T2115"/><temp name="T2206"/><temp name="T28"/><temp name="T2096"/><temp name="T2170"/><temp name="T2255"/><temp name="T2088"/><temp name="T2118"/><temp name="T2157"/><temp name="T2228"/><temp name="T2240"/><temp name="T2275"/><temp name="T2135"/><temp name="T2092"/><temp name="T2141"/><temp name="T2234"/><temp name="T2294"/><temp name="T2239"/><temp name="T2287"/><temp name="T2179"/></temps></instruction><instruction code="INCH  T2127, 0"><temps name="use"/><temps name="def"><temp name="T2127"/></temps><temps name="in"><temp name="T2290"/><temp name="T2263"/><temp name="T2111"/><temp name="T2078"/><temp name="T2149"/><temp name="T2132"/><temp name="T2188"/><temp name="T2124"/><temp name="T2165"/><temp name="T2175"/><temp name="T2197"/><temp name="T2270"/><temp name="T2108"/><temp name="T2277"/><temp name="T2320"/><temp name="T2326"/><temp name="T2154"/><temp name="T2310"/><temp name="T2230"/><temp name="T2082"/><temp name="T2070"/><temp name="T2213"/><temp name="T2249"/><temp name="T2281"/><temp name="T2103"/><temp name="T2251"/><temp name="T2202"/><temp name="T2244"/><temp name="T2314"/><temp name="T2185"/><temp name="T2191"/><temp name="T2161"/><temp name="T2115"/><temp name="T2206"/><temp name="T28"/><temp name="T2096"/><temp name="T2170"/><temp name="T2255"/><temp name="T2088"/><temp name="T2118"/><temp name="T2157"/><temp name="T2228"/><temp name="T2240"/><temp name="T2275"/><temp name="T2135"/><temp name="T2092"/><temp name="T2141"/><temp name="T2234"/><temp name="T2294"/><temp name="T2239"/><temp name="T2287"/><temp name="T2179"/></temps><temps name="out"><temp name="T2290"/><temp name="T2263"/><temp name="T2111"/><temp name="T2078"/><temp name="T2149"/><temp name="T2132"/><temp name="T2188"/><temp name="T2124"/><temp name="T2165"/><temp name="T2175"/><temp name="T2197"/><temp name="T2270"/><temp name="T2108"/><temp name="T2277"/><temp name="T2320"/><temp name="T2326"/><temp name="T2154"/><temp name="T2310"/><temp name="T2230"/><temp name="T2082"/><temp name="T2070"/><temp name="T2213"/><temp name="T2249"/><temp name="T2281"/><temp name="T2103"/><temp name="T2251"/><temp name="T2202"/><temp name="T2244"/><temp name="T2314"/><temp name="T2185"/><temp name="T2191"/><temp name="T2161"/><temp name="T2115"/><temp name="T2206"/><temp name="T28"/><temp name="T2096"/><temp name="T2170"/><temp name="T2255"/><temp name="T2088"/><temp name="T2118"/><temp name="T2157"/><temp name="T2127"/><temp name="T2228"/><temp name="T2240"/><temp name="T2275"/><temp name="T2135"/><temp name="T2092"/><temp name="T2141"/><temp name="T2234"/><temp name="T2294"/><temp name="T2239"/><temp name="T2287"/><temp name="T2179"/></temps></instruction><instruction code="OR T771, T2127, 0"><temps name="use"><temp name="T2127"/></temps><temps name="def"><temp name="T771"/></temps><temps name="in"><temp name="T2290"/><temp name="T2263"/><temp name="T2111"/><temp name="T2078"/><temp name="T2149"/><temp name="T2132"/><temp name="T2188"/><temp name="T2124"/><temp name="T2165"/><temp name="T2175"/><temp name="T2197"/><temp name="T2270"/><temp name="T2108"/><temp name="T2277"/><temp name="T2320"/><temp name="T2326"/><temp name="T2154"/><temp name="T2310"/><temp name="T2230"/><temp name="T2082"/><temp name="T2070"/><temp name="T2213"/><temp name="T2249"/><temp name="T2281"/><temp name="T2103"/><temp name="T2251"/><temp name="T2202"/><temp name="T2244"/><temp name="T2314"/><temp name="T2185"/><temp name="T2191"/><temp name="T2161"/><temp name="T2115"/><temp name="T2206"/><temp name="T28"/><temp name="T2096"/><temp name="T2170"/><temp name="T2255"/><temp name="T2088"/><temp name="T2118"/><temp name="T2157"/><temp name="T2127"/><temp name="T2228"/><temp name="T2240"/><temp name="T2275"/><temp name="T2135"/><temp name="T2092"/><temp name="T2141"/><temp name="T2234"/><temp name="T2294"/><temp name="T2239"/><temp name="T2287"/><temp name="T2179"/></temps><temps name="out"><temp name="T2290"/><temp name="T2263"/><temp name="T2111"/><temp name="T2078"/><temp name="T2149"/><temp name="T2132"/><temp name="T2188"/><temp name="T2124"/><temp name="T2165"/><temp name="T2175"/><temp name="T2197"/><temp name="T2270"/><temp name="T2108"/><temp name="T2277"/><temp name="T2320"/><temp name="T2326"/><temp name="T2154"/><temp name="T2310"/><temp name="T2230"/><temp name="T2082"/><temp name="T2070"/><temp name="T2213"/><temp name="T2249"/><temp name="T2281"/><temp name="T2103"/><temp name="T2251"/><temp name="T2202"/><temp name="T2244"/><temp name="T2314"/><temp name="T2185"/><temp name="T2191"/><temp name="T2161"/><temp name="T2115"/><temp name="T2206"/><temp name="T28"/><temp name="T2096"/><temp name="T2170"/><temp name="T2255"/><temp name="T2088"/><temp name="T2118"/><temp name="T2157"/><temp name="T771"/><temp name="T2228"/><temp name="T2240"/><temp name="T2275"/><temp name="T2135"/><temp name="T2092"/><temp name="T2141"/><temp name="T2234"/><temp name="T2294"/><temp name="T2239"/><temp name="T2287"/><temp name="T2179"/></temps></instruction><instruction code="SETL  T2128, 10"><temps name="use"/><temps name="def"><temp name="T2128"/></temps><temps name="in"><temp name="T2290"/><temp name="T2263"/><temp name="T2111"/><temp name="T2078"/><temp name="T2149"/><temp name="T2132"/><temp name="T2188"/><temp name="T2124"/><temp name="T2165"/><temp name="T2175"/><temp name="T2197"/><temp name="T2270"/><temp name="T2108"/><temp name="T2277"/><temp name="T2320"/><temp name="T2326"/><temp name="T2154"/><temp name="T2310"/><temp name="T2230"/><temp name="T2082"/><temp name="T2070"/><temp name="T2213"/><temp name="T2249"/><temp name="T2281"/><temp name="T2103"/><temp name="T2251"/><temp name="T2202"/><temp name="T2244"/><temp name="T2314"/><temp name="T2185"/><temp name="T2191"/><temp name="T2161"/><temp name="T2115"/><temp name="T2206"/><temp name="T28"/><temp name="T2096"/><temp name="T2170"/><temp name="T2255"/><temp name="T2088"/><temp name="T2118"/><temp name="T2157"/><temp name="T771"/><temp name="T2228"/><temp name="T2240"/><temp name="T2275"/><temp name="T2135"/><temp name="T2092"/><temp name="T2141"/><temp name="T2234"/><temp name="T2294"/><temp name="T2239"/><temp name="T2287"/><temp name="T2179"/></temps><temps name="out"><temp name="T2290"/><temp name="T2263"/><temp name="T2111"/><temp name="T2078"/><temp name="T2149"/><temp name="T2132"/><temp name="T2188"/><temp name="T2124"/><temp name="T2165"/><temp name="T2175"/><temp name="T2197"/><temp name="T2270"/><temp name="T2108"/><temp name="T2277"/><temp name="T2320"/><temp name="T2326"/><temp name="T2154"/><temp name="T2310"/><temp name="T2230"/><temp name="T2082"/><temp name="T2070"/><temp name="T2213"/><temp name="T2249"/><temp name="T2281"/><temp name="T2103"/><temp name="T2251"/><temp name="T2202"/><temp name="T2244"/><temp name="T2314"/><temp name="T2185"/><temp name="T2191"/><temp name="T2161"/><temp name="T2115"/><temp name="T2206"/><temp name="T28"/><temp name="T2096"/><temp name="T2170"/><temp name="T2255"/><temp name="T2088"/><temp name="T2118"/><temp name="T2157"/><temp name="T771"/><temp name="T2228"/><temp name="T2240"/><temp name="T2275"/><temp name="T2135"/><temp name="T2092"/><temp name="T2141"/><temp name="T2234"/><temp name="T2294"/><temp name="T2239"/><temp name="T2287"/><temp name="T2179"/></temps></instruction><instruction code="INCML T2128, 0"><temps name="use"/><temps name="def"><temp name="T2128"/></temps><temps name="in"><temp name="T2290"/><temp name="T2263"/><temp name="T2111"/><temp name="T2078"/><temp name="T2149"/><temp name="T2132"/><temp name="T2188"/><temp name="T2124"/><temp name="T2165"/><temp name="T2175"/><temp name="T2197"/><temp name="T2270"/><temp name="T2108"/><temp name="T2277"/><temp name="T2320"/><temp name="T2326"/><temp name="T2154"/><temp name="T2310"/><temp name="T2230"/><temp name="T2082"/><temp name="T2070"/><temp name="T2213"/><temp name="T2249"/><temp name="T2281"/><temp name="T2103"/><temp name="T2251"/><temp name="T2202"/><temp name="T2244"/><temp name="T2314"/><temp name="T2185"/><temp name="T2191"/><temp name="T2161"/><temp name="T2115"/><temp name="T2206"/><temp name="T28"/><temp name="T2096"/><temp name="T2170"/><temp name="T2255"/><temp name="T2088"/><temp name="T2118"/><temp name="T2157"/><temp name="T771"/><temp name="T2228"/><temp name="T2240"/><temp name="T2275"/><temp name="T2135"/><temp name="T2092"/><temp name="T2141"/><temp name="T2234"/><temp name="T2294"/><temp name="T2239"/><temp name="T2287"/><temp name="T2179"/></temps><temps name="out"><temp name="T2290"/><temp name="T2263"/><temp name="T2111"/><temp name="T2078"/><temp name="T2149"/><temp name="T2132"/><temp name="T2188"/><temp name="T2124"/><temp name="T2165"/><temp name="T2175"/><temp name="T2197"/><temp name="T2270"/><temp name="T2108"/><temp name="T2277"/><temp name="T2320"/><temp name="T2326"/><temp name="T2154"/><temp name="T2310"/><temp name="T2230"/><temp name="T2082"/><temp name="T2070"/><temp name="T2213"/><temp name="T2249"/><temp name="T2281"/><temp name="T2103"/><temp name="T2251"/><temp name="T2202"/><temp name="T2244"/><temp name="T2314"/><temp name="T2185"/><temp name="T2191"/><temp name="T2161"/><temp name="T2115"/><temp name="T2206"/><temp name="T28"/><temp name="T2096"/><temp name="T2170"/><temp name="T2255"/><temp name="T2088"/><temp name="T2118"/><temp name="T2157"/><temp name="T771"/><temp name="T2228"/><temp name="T2240"/><temp name="T2275"/><temp name="T2135"/><temp name="T2092"/><temp name="T2141"/><temp name="T2234"/><temp name="T2294"/><temp name="T2239"/><temp name="T2287"/><temp name="T2179"/></temps></instruction><instruction code="INCMH T2128, 0"><temps name="use"/><temps name="def"><temp name="T2128"/></temps><temps name="in"><temp name="T2290"/><temp name="T2263"/><temp name="T2111"/><temp name="T2078"/><temp name="T2149"/><temp name="T2132"/><temp name="T2188"/><temp name="T2124"/><temp name="T2165"/><temp name="T2175"/><temp name="T2197"/><temp name="T2270"/><temp name="T2108"/><temp name="T2277"/><temp name="T2320"/><temp name="T2326"/><temp name="T2154"/><temp name="T2310"/><temp name="T2230"/><temp name="T2082"/><temp name="T2070"/><temp name="T2213"/><temp name="T2249"/><temp name="T2281"/><temp name="T2103"/><temp name="T2251"/><temp name="T2202"/><temp name="T2244"/><temp name="T2314"/><temp name="T2185"/><temp name="T2191"/><temp name="T2161"/><temp name="T2115"/><temp name="T2206"/><temp name="T28"/><temp name="T2096"/><temp name="T2170"/><temp name="T2255"/><temp name="T2088"/><temp name="T2118"/><temp name="T2157"/><temp name="T771"/><temp name="T2228"/><temp name="T2240"/><temp name="T2275"/><temp name="T2135"/><temp name="T2092"/><temp name="T2141"/><temp name="T2234"/><temp name="T2294"/><temp name="T2239"/><temp name="T2287"/><temp name="T2179"/></temps><temps name="out"><temp name="T2290"/><temp name="T2263"/><temp name="T2111"/><temp name="T2078"/><temp name="T2149"/><temp name="T2132"/><temp name="T2188"/><temp name="T2124"/><temp name="T2165"/><temp name="T2175"/><temp name="T2197"/><temp name="T2270"/><temp name="T2108"/><temp name="T2277"/><temp name="T2320"/><temp name="T2326"/><temp name="T2154"/><temp name="T2310"/><temp name="T2230"/><temp name="T2082"/><temp name="T2070"/><temp name="T2213"/><temp name="T2249"/><temp name="T2281"/><temp name="T2103"/><temp name="T2251"/><temp name="T2202"/><temp name="T2244"/><temp name="T2314"/><temp name="T2185"/><temp name="T2191"/><temp name="T2161"/><temp name="T2115"/><temp name="T2206"/><temp name="T28"/><temp name="T2096"/><temp name="T2170"/><temp name="T2255"/><temp name="T2088"/><temp name="T2118"/><temp name="T2157"/><temp name="T771"/><temp name="T2228"/><temp name="T2240"/><temp name="T2275"/><temp name="T2135"/><temp name="T2092"/><temp name="T2141"/><temp name="T2234"/><temp name="T2294"/><temp name="T2239"/><temp name="T2287"/><temp name="T2179"/></temps></instruction><instruction code="INCH  T2128, 0"><temps name="use"/><temps name="def"><temp name="T2128"/></temps><temps name="in"><temp name="T2290"/><temp name="T2263"/><temp name="T2111"/><temp name="T2078"/><temp name="T2149"/><temp name="T2132"/><temp name="T2188"/><temp name="T2124"/><temp name="T2165"/><temp name="T2175"/><temp name="T2197"/><temp name="T2270"/><temp name="T2108"/><temp name="T2277"/><temp name="T2320"/><temp name="T2326"/><temp name="T2154"/><temp name="T2310"/><temp name="T2230"/><temp name="T2082"/><temp name="T2070"/><temp name="T2213"/><temp name="T2249"/><temp name="T2281"/><temp name="T2103"/><temp name="T2251"/><temp name="T2202"/><temp name="T2244"/><temp name="T2314"/><temp name="T2185"/><temp name="T2191"/><temp name="T2161"/><temp name="T2115"/><temp name="T2206"/><temp name="T28"/><temp name="T2096"/><temp name="T2170"/><temp name="T2255"/><temp name="T2088"/><temp name="T2118"/><temp name="T2157"/><temp name="T771"/><temp name="T2228"/><temp name="T2240"/><temp name="T2275"/><temp name="T2135"/><temp name="T2092"/><temp name="T2141"/><temp name="T2234"/><temp name="T2294"/><temp name="T2239"/><temp name="T2287"/><temp name="T2179"/></temps><temps name="out"><temp name="T2290"/><temp name="T2263"/><temp name="T2111"/><temp name="T2078"/><temp name="T2149"/><temp name="T2132"/><temp name="T2188"/><temp name="T2124"/><temp name="T2165"/><temp name="T2175"/><temp name="T2197"/><temp name="T2270"/><temp name="T2108"/><temp name="T2277"/><temp name="T2320"/><temp name="T2326"/><temp name="T2154"/><temp name="T2310"/><temp name="T2230"/><temp name="T2082"/><temp name="T2070"/><temp name="T2213"/><temp name="T2249"/><temp name="T2281"/><temp name="T2103"/><temp name="T2251"/><temp name="T2202"/><temp name="T2244"/><temp name="T2314"/><temp name="T2185"/><temp name="T2191"/><temp name="T2161"/><temp name="T2115"/><temp name="T2206"/><temp name="T28"/><temp name="T2096"/><temp name="T2170"/><temp name="T2255"/><temp name="T2088"/><temp name="T2118"/><temp name="T2157"/><temp name="T771"/><temp name="T2228"/><temp name="T2240"/><temp name="T2275"/><temp name="T2135"/><temp name="T2092"/><temp name="T2141"/><temp name="T2234"/><temp name="T2294"/><temp name="T2128"/><temp name="T2239"/><temp name="T2287"/><temp name="T2179"/></temps></instruction><instruction code="OR T772, T2128, 0"><temps name="use"><temp name="T2128"/></temps><temps name="def"><temp name="T772"/></temps><temps name="in"><temp name="T2290"/><temp name="T2263"/><temp name="T2111"/><temp name="T2078"/><temp name="T2149"/><temp name="T2132"/><temp name="T2188"/><temp name="T2124"/><temp name="T2165"/><temp name="T2175"/><temp name="T2197"/><temp name="T2270"/><temp name="T2108"/><temp name="T2277"/><temp name="T2320"/><temp name="T2326"/><temp name="T2154"/><temp name="T2310"/><temp name="T2230"/><temp name="T2082"/><temp name="T2070"/><temp name="T2213"/><temp name="T2249"/><temp name="T2281"/><temp name="T2103"/><temp name="T2251"/><temp name="T2202"/><temp name="T2244"/><temp name="T2314"/><temp name="T2185"/><temp name="T2191"/><temp name="T2161"/><temp name="T2115"/><temp name="T2206"/><temp name="T28"/><temp name="T2096"/><temp name="T2170"/><temp name="T2255"/><temp name="T2088"/><temp name="T2118"/><temp name="T2157"/><temp name="T771"/><temp name="T2228"/><temp name="T2240"/><temp name="T2275"/><temp name="T2135"/><temp name="T2092"/><temp name="T2141"/><temp name="T2234"/><temp name="T2294"/><temp name="T2128"/><temp name="T2239"/><temp name="T2287"/><temp name="T2179"/></temps><temps name="out"><temp name="T2290"/><temp name="T2263"/><temp name="T2111"/><temp name="T2078"/><temp name="T2149"/><temp name="T2132"/><temp name="T2188"/><temp name="T2124"/><temp name="T2165"/><temp name="T2175"/><temp name="T2197"/><temp name="T2270"/><temp name="T2108"/><temp name="T2277"/><temp name="T2320"/><temp name="T2326"/><temp name="T2154"/><temp name="T2310"/><temp name="T2230"/><temp name="T2082"/><temp name="T772"/><temp name="T2070"/><temp name="T2213"/><temp name="T2249"/><temp name="T2281"/><temp name="T2103"/><temp name="T2251"/><temp name="T2202"/><temp name="T2244"/><temp name="T2314"/><temp name="T2185"/><temp name="T2191"/><temp name="T2161"/><temp name="T2115"/><temp name="T2206"/><temp name="T28"/><temp name="T2096"/><temp name="T2170"/><temp name="T2255"/><temp name="T2088"/><temp name="T2118"/><temp name="T2157"/><temp name="T771"/><temp name="T2228"/><temp name="T2240"/><temp name="T2275"/><temp name="T2135"/><temp name="T2092"/><temp name="T2141"/><temp name="T2234"/><temp name="T2294"/><temp name="T2239"/><temp name="T2287"/><temp name="T2179"/></temps></instruction><instruction code="SETL  T2129, 256"><temps name="use"/><temps name="def"><temp name="T2129"/></temps><temps name="in"><temp name="T2290"/><temp name="T2263"/><temp name="T2111"/><temp name="T2078"/><temp name="T2149"/><temp name="T2132"/><temp name="T2188"/><temp name="T2124"/><temp name="T2165"/><temp name="T2175"/><temp name="T2197"/><temp name="T2270"/><temp name="T2108"/><temp name="T2277"/><temp name="T2320"/><temp name="T2326"/><temp name="T2154"/><temp name="T2310"/><temp name="T2230"/><temp name="T2082"/><temp name="T772"/><temp name="T2070"/><temp name="T2213"/><temp name="T2249"/><temp name="T2281"/><temp name="T2103"/><temp name="T2251"/><temp name="T2202"/><temp name="T2244"/><temp name="T2314"/><temp name="T2185"/><temp name="T2191"/><temp name="T2161"/><temp name="T2115"/><temp name="T2206"/><temp name="T28"/><temp name="T2096"/><temp name="T2170"/><temp name="T2255"/><temp name="T2088"/><temp name="T2118"/><temp name="T2157"/><temp name="T771"/><temp name="T2228"/><temp name="T2240"/><temp name="T2275"/><temp name="T2135"/><temp name="T2092"/><temp name="T2141"/><temp name="T2234"/><temp name="T2294"/><temp name="T2239"/><temp name="T2287"/><temp name="T2179"/></temps><temps name="out"><temp name="T2290"/><temp name="T2263"/><temp name="T2111"/><temp name="T2078"/><temp name="T2149"/><temp name="T2132"/><temp name="T2188"/><temp name="T2124"/><temp name="T2165"/><temp name="T2175"/><temp name="T2197"/><temp name="T2270"/><temp name="T2108"/><temp name="T2277"/><temp name="T2320"/><temp name="T2326"/><temp name="T2154"/><temp name="T2310"/><temp name="T2230"/><temp name="T2082"/><temp name="T772"/><temp name="T2070"/><temp name="T2213"/><temp name="T2249"/><temp name="T2281"/><temp name="T2103"/><temp name="T2251"/><temp name="T2202"/><temp name="T2244"/><temp name="T2314"/><temp name="T2185"/><temp name="T2191"/><temp name="T2161"/><temp name="T2115"/><temp name="T2206"/><temp name="T28"/><temp name="T2096"/><temp name="T2170"/><temp name="T2255"/><temp name="T2088"/><temp name="T2118"/><temp name="T2157"/><temp name="T771"/><temp name="T2228"/><temp name="T2240"/><temp name="T2275"/><temp name="T2135"/><temp name="T2092"/><temp name="T2141"/><temp name="T2234"/><temp name="T2294"/><temp name="T2239"/><temp name="T2287"/><temp name="T2179"/></temps></instruction><instruction code="INCML T2129, 0"><temps name="use"/><temps name="def"><temp name="T2129"/></temps><temps name="in"><temp name="T2290"/><temp name="T2263"/><temp name="T2111"/><temp name="T2078"/><temp name="T2149"/><temp name="T2132"/><temp name="T2188"/><temp name="T2124"/><temp name="T2165"/><temp name="T2175"/><temp name="T2197"/><temp name="T2270"/><temp name="T2108"/><temp name="T2277"/><temp name="T2320"/><temp name="T2326"/><temp name="T2154"/><temp name="T2310"/><temp name="T2230"/><temp name="T2082"/><temp name="T772"/><temp name="T2070"/><temp name="T2213"/><temp name="T2249"/><temp name="T2281"/><temp name="T2103"/><temp name="T2251"/><temp name="T2202"/><temp name="T2244"/><temp name="T2314"/><temp name="T2185"/><temp name="T2191"/><temp name="T2161"/><temp name="T2115"/><temp name="T2206"/><temp name="T28"/><temp name="T2096"/><temp name="T2170"/><temp name="T2255"/><temp name="T2088"/><temp name="T2118"/><temp name="T2157"/><temp name="T771"/><temp name="T2228"/><temp name="T2240"/><temp name="T2275"/><temp name="T2135"/><temp name="T2092"/><temp name="T2141"/><temp name="T2234"/><temp name="T2294"/><temp name="T2239"/><temp name="T2287"/><temp name="T2179"/></temps><temps name="out"><temp name="T2290"/><temp name="T2263"/><temp name="T2111"/><temp name="T2078"/><temp name="T2149"/><temp name="T2132"/><temp name="T2188"/><temp name="T2124"/><temp name="T2165"/><temp name="T2175"/><temp name="T2197"/><temp name="T2270"/><temp name="T2108"/><temp name="T2277"/><temp name="T2320"/><temp name="T2326"/><temp name="T2154"/><temp name="T2310"/><temp name="T2230"/><temp name="T2082"/><temp name="T772"/><temp name="T2070"/><temp name="T2213"/><temp name="T2249"/><temp name="T2281"/><temp name="T2103"/><temp name="T2251"/><temp name="T2202"/><temp name="T2244"/><temp name="T2314"/><temp name="T2185"/><temp name="T2191"/><temp name="T2161"/><temp name="T2115"/><temp name="T2206"/><temp name="T28"/><temp name="T2096"/><temp name="T2170"/><temp name="T2255"/><temp name="T2088"/><temp name="T2118"/><temp name="T2157"/><temp name="T771"/><temp name="T2228"/><temp name="T2240"/><temp name="T2275"/><temp name="T2135"/><temp name="T2092"/><temp name="T2141"/><temp name="T2234"/><temp name="T2294"/><temp name="T2239"/><temp name="T2287"/><temp name="T2179"/></temps></instruction><instruction code="INCMH T2129, 0"><temps name="use"/><temps name="def"><temp name="T2129"/></temps><temps name="in"><temp name="T2290"/><temp name="T2263"/><temp name="T2111"/><temp name="T2078"/><temp name="T2149"/><temp name="T2132"/><temp name="T2188"/><temp name="T2124"/><temp name="T2165"/><temp name="T2175"/><temp name="T2197"/><temp name="T2270"/><temp name="T2108"/><temp name="T2277"/><temp name="T2320"/><temp name="T2326"/><temp name="T2154"/><temp name="T2310"/><temp name="T2230"/><temp name="T2082"/><temp name="T772"/><temp name="T2070"/><temp name="T2213"/><temp name="T2249"/><temp name="T2281"/><temp name="T2103"/><temp name="T2251"/><temp name="T2202"/><temp name="T2244"/><temp name="T2314"/><temp name="T2185"/><temp name="T2191"/><temp name="T2161"/><temp name="T2115"/><temp name="T2206"/><temp name="T28"/><temp name="T2096"/><temp name="T2170"/><temp name="T2255"/><temp name="T2088"/><temp name="T2118"/><temp name="T2157"/><temp name="T771"/><temp name="T2228"/><temp name="T2240"/><temp name="T2275"/><temp name="T2135"/><temp name="T2092"/><temp name="T2141"/><temp name="T2234"/><temp name="T2294"/><temp name="T2239"/><temp name="T2287"/><temp name="T2179"/></temps><temps name="out"><temp name="T2290"/><temp name="T2263"/><temp name="T2111"/><temp name="T2078"/><temp name="T2149"/><temp name="T2132"/><temp name="T2188"/><temp name="T2124"/><temp name="T2165"/><temp name="T2175"/><temp name="T2197"/><temp name="T2270"/><temp name="T2108"/><temp name="T2277"/><temp name="T2320"/><temp name="T2326"/><temp name="T2154"/><temp name="T2310"/><temp name="T2230"/><temp name="T2082"/><temp name="T772"/><temp name="T2070"/><temp name="T2213"/><temp name="T2249"/><temp name="T2281"/><temp name="T2103"/><temp name="T2251"/><temp name="T2202"/><temp name="T2244"/><temp name="T2314"/><temp name="T2185"/><temp name="T2191"/><temp name="T2161"/><temp name="T2115"/><temp name="T2206"/><temp name="T28"/><temp name="T2096"/><temp name="T2170"/><temp name="T2255"/><temp name="T2088"/><temp name="T2118"/><temp name="T2157"/><temp name="T771"/><temp name="T2228"/><temp name="T2240"/><temp name="T2275"/><temp name="T2135"/><temp name="T2092"/><temp name="T2141"/><temp name="T2234"/><temp name="T2294"/><temp name="T2239"/><temp name="T2287"/><temp name="T2179"/></temps></instruction><instruction code="INCH  T2129, 0"><temps name="use"/><temps name="def"><temp name="T2129"/></temps><temps name="in"><temp name="T2290"/><temp name="T2263"/><temp name="T2111"/><temp name="T2078"/><temp name="T2149"/><temp name="T2132"/><temp name="T2188"/><temp name="T2124"/><temp name="T2165"/><temp name="T2175"/><temp name="T2197"/><temp name="T2270"/><temp name="T2108"/><temp name="T2277"/><temp name="T2320"/><temp name="T2326"/><temp name="T2154"/><temp name="T2310"/><temp name="T2230"/><temp name="T2082"/><temp name="T772"/><temp name="T2070"/><temp name="T2213"/><temp name="T2249"/><temp name="T2281"/><temp name="T2103"/><temp name="T2251"/><temp name="T2202"/><temp name="T2244"/><temp name="T2314"/><temp name="T2185"/><temp name="T2191"/><temp name="T2161"/><temp name="T2115"/><temp name="T2206"/><temp name="T28"/><temp name="T2096"/><temp name="T2170"/><temp name="T2255"/><temp name="T2088"/><temp name="T2118"/><temp name="T2157"/><temp name="T771"/><temp name="T2228"/><temp name="T2240"/><temp name="T2275"/><temp name="T2135"/><temp name="T2092"/><temp name="T2141"/><temp name="T2234"/><temp name="T2294"/><temp name="T2239"/><temp name="T2287"/><temp name="T2179"/></temps><temps name="out"><temp name="T2290"/><temp name="T2263"/><temp name="T2111"/><temp name="T2129"/><temp name="T2078"/><temp name="T2149"/><temp name="T2132"/><temp name="T2188"/><temp name="T2124"/><temp name="T2165"/><temp name="T2175"/><temp name="T2197"/><temp name="T2270"/><temp name="T2108"/><temp name="T2277"/><temp name="T2320"/><temp name="T2326"/><temp name="T2154"/><temp name="T2310"/><temp name="T2230"/><temp name="T2082"/><temp name="T772"/><temp name="T2070"/><temp name="T2213"/><temp name="T2249"/><temp name="T2281"/><temp name="T2103"/><temp name="T2251"/><temp name="T2202"/><temp name="T2244"/><temp name="T2314"/><temp name="T2185"/><temp name="T2191"/><temp name="T2161"/><temp name="T2115"/><temp name="T2206"/><temp name="T28"/><temp name="T2096"/><temp name="T2170"/><temp name="T2255"/><temp name="T2088"/><temp name="T2118"/><temp name="T2157"/><temp name="T771"/><temp name="T2228"/><temp name="T2240"/><temp name="T2275"/><temp name="T2135"/><temp name="T2092"/><temp name="T2141"/><temp name="T2234"/><temp name="T2294"/><temp name="T2239"/><temp name="T2287"/><temp name="T2179"/></temps></instruction><instruction code="OR T773, T2129, 0"><temps name="use"><temp name="T2129"/></temps><temps name="def"><temp name="T773"/></temps><temps name="in"><temp name="T2290"/><temp name="T2263"/><temp name="T2111"/><temp name="T2129"/><temp name="T2078"/><temp name="T2149"/><temp name="T2132"/><temp name="T2188"/><temp name="T2124"/><temp name="T2165"/><temp name="T2175"/><temp name="T2197"/><temp name="T2270"/><temp name="T2108"/><temp name="T2277"/><temp name="T2320"/><temp name="T2326"/><temp name="T2154"/><temp name="T2310"/><temp name="T2230"/><temp name="T2082"/><temp name="T772"/><temp name="T2070"/><temp name="T2213"/><temp name="T2249"/><temp name="T2281"/><temp name="T2103"/><temp name="T2251"/><temp name="T2202"/><temp name="T2244"/><temp name="T2314"/><temp name="T2185"/><temp name="T2191"/><temp name="T2161"/><temp name="T2115"/><temp name="T2206"/><temp name="T28"/><temp name="T2096"/><temp name="T2170"/><temp name="T2255"/><temp name="T2088"/><temp name="T2118"/><temp name="T2157"/><temp name="T771"/><temp name="T2228"/><temp name="T2240"/><temp name="T2275"/><temp name="T2135"/><temp name="T2092"/><temp name="T2141"/><temp name="T2234"/><temp name="T2294"/><temp name="T2239"/><temp name="T2287"/><temp name="T2179"/></temps><temps name="out"><temp name="T2290"/><temp name="T2263"/><temp name="T2111"/><temp name="T2078"/><temp name="T2149"/><temp name="T2132"/><temp name="T2188"/><temp name="T2124"/><temp name="T2165"/><temp name="T2175"/><temp name="T2197"/><temp name="T2270"/><temp name="T2108"/><temp name="T2277"/><temp name="T2320"/><temp name="T2326"/><temp name="T2154"/><temp name="T2310"/><temp name="T2230"/><temp name="T2082"/><temp name="T772"/><temp name="T2070"/><temp name="T2213"/><temp name="T2249"/><temp name="T2281"/><temp name="T2103"/><temp name="T2251"/><temp name="T2202"/><temp name="T2244"/><temp name="T2314"/><temp name="T2185"/><temp name="T2191"/><temp name="T2161"/><temp name="T2115"/><temp name="T2206"/><temp name="T28"/><temp name="T2096"/><temp name="T2170"/><temp name="T2255"/><temp name="T2088"/><temp name="T2118"/><temp name="T2157"/><temp name="T771"/><temp name="T2228"/><temp name="T2240"/><temp name="T2275"/><temp name="T2135"/><temp name="T2092"/><temp name="T2141"/><temp name="T2234"/><temp name="T773"/><temp name="T2294"/><temp name="T2239"/><temp name="T2287"/><temp name="T2179"/></temps></instruction><instruction code="DIV T2130, T772, T773"><temps name="use"><temp name="T772"/><temp name="T773"/></temps><temps name="def"><temp name="T2130"/></temps><temps name="in"><temp name="T2290"/><temp name="T2263"/><temp name="T2111"/><temp name="T2078"/><temp name="T2149"/><temp name="T2132"/><temp name="T2188"/><temp name="T2124"/><temp name="T2165"/><temp name="T2175"/><temp name="T2197"/><temp name="T2270"/><temp name="T2108"/><temp name="T2277"/><temp name="T2320"/><temp name="T2326"/><temp name="T2154"/><temp name="T2310"/><temp name="T2230"/><temp name="T2082"/><temp name="T772"/><temp name="T2070"/><temp name="T2213"/><temp name="T2249"/><temp name="T2281"/><temp name="T2103"/><temp name="T2251"/><temp name="T2202"/><temp name="T2244"/><temp name="T2314"/><temp name="T2185"/><temp name="T2191"/><temp name="T2161"/><temp name="T2115"/><temp name="T2206"/><temp name="T28"/><temp name="T2096"/><temp name="T2170"/><temp name="T2255"/><temp name="T2088"/><temp name="T2118"/><temp name="T2157"/><temp name="T771"/><temp name="T2228"/><temp name="T2240"/><temp name="T2275"/><temp name="T2135"/><temp name="T2092"/><temp name="T2141"/><temp name="T2234"/><temp name="T773"/><temp name="T2294"/><temp name="T2239"/><temp name="T2287"/><temp name="T2179"/></temps><temps name="out"><temp name="T2290"/><temp name="T2263"/><temp name="T2111"/><temp name="T2078"/><temp name="T2149"/><temp name="T2132"/><temp name="T2188"/><temp name="T2124"/><temp name="T2165"/><temp name="T2175"/><temp name="T2197"/><temp name="T2270"/><temp name="T2108"/><temp name="T2277"/><temp name="T2320"/><temp name="T2326"/><temp name="T2154"/><temp name="T2310"/><temp name="T2230"/><temp name="T2082"/><temp name="T2070"/><temp name="T2213"/><temp name="T2249"/><temp name="T2281"/><temp name="T2103"/><temp name="T2251"/><temp name="T2202"/><temp name="T2244"/><temp name="T2314"/><temp name="T2185"/><temp name="T2191"/><temp name="T2161"/><temp name="T2115"/><temp name="T2206"/><temp name="T28"/><temp name="T2096"/><temp name="T2170"/><temp name="T2255"/><temp name="T2088"/><temp name="T2118"/><temp name="T2157"/><temp name="T771"/><temp name="T2228"/><temp name="T2240"/><temp name="T2275"/><temp name="T2135"/><temp name="T2092"/><temp name="T2141"/><temp name="T2234"/><temp name="T2294"/><temp name="T2239"/><temp name="T2287"/><temp name="T2179"/></temps></instruction><instruction code="OR T2130, rR, 0"><temps name="use"/><temps name="def"><temp name="T2130"/></temps><temps name="in"><temp name="T2290"/><temp name="T2263"/><temp name="T2111"/><temp name="T2078"/><temp name="T2149"/><temp name="T2132"/><temp name="T2188"/><temp name="T2124"/><temp name="T2165"/><temp name="T2175"/><temp name="T2197"/><temp name="T2270"/><temp name="T2108"/><temp name="T2277"/><temp name="T2320"/><temp name="T2326"/><temp name="T2154"/><temp name="T2310"/><temp name="T2230"/><temp name="T2082"/><temp name="T2070"/><temp name="T2213"/><temp name="T2249"/><temp name="T2281"/><temp name="T2103"/><temp name="T2251"/><temp name="T2202"/><temp name="T2244"/><temp name="T2314"/><temp name="T2185"/><temp name="T2191"/><temp name="T2161"/><temp name="T2115"/><temp name="T2206"/><temp name="T28"/><temp name="T2096"/><temp name="T2170"/><temp name="T2255"/><temp name="T2088"/><temp name="T2118"/><temp name="T2157"/><temp name="T771"/><temp name="T2228"/><temp name="T2240"/><temp name="T2275"/><temp name="T2135"/><temp name="T2092"/><temp name="T2141"/><temp name="T2234"/><temp name="T2294"/><temp name="T2239"/><temp name="T2287"/><temp name="T2179"/></temps><temps name="out"><temp name="T2290"/><temp name="T2263"/><temp name="T2111"/><temp name="T2078"/><temp name="T2149"/><temp name="T2132"/><temp name="T2188"/><temp name="T2124"/><temp name="T2165"/><temp name="T2175"/><temp name="T2197"/><temp name="T2270"/><temp name="T2108"/><temp name="T2277"/><temp name="T2320"/><temp name="T2326"/><temp name="T2154"/><temp name="T2310"/><temp name="T2230"/><temp name="T2082"/><temp name="T2070"/><temp name="T2213"/><temp name="T2249"/><temp name="T2281"/><temp name="T2103"/><temp name="T2251"/><temp name="T2130"/><temp name="T2202"/><temp name="T2244"/><temp name="T2314"/><temp name="T2185"/><temp name="T2191"/><temp name="T2161"/><temp name="T2115"/><temp name="T2206"/><temp name="T28"/><temp name="T2096"/><temp name="T2170"/><temp name="T2255"/><temp name="T2088"/><temp name="T2118"/><temp name="T2157"/><temp name="T771"/><temp name="T2228"/><temp name="T2240"/><temp name="T2275"/><temp name="T2135"/><temp name="T2092"/><temp name="T2141"/><temp name="T2234"/><temp name="T2294"/><temp name="T2239"/><temp name="T2287"/><temp name="T2179"/></temps></instruction><instruction code="OR T774, T2130, 0"><temps name="use"><temp name="T2130"/></temps><temps name="def"><temp name="T774"/></temps><temps name="in"><temp name="T2290"/><temp name="T2263"/><temp name="T2111"/><temp name="T2078"/><temp name="T2149"/><temp name="T2132"/><temp name="T2188"/><temp name="T2124"/><temp name="T2165"/><temp name="T2175"/><temp name="T2197"/><temp name="T2270"/><temp name="T2108"/><temp name="T2277"/><temp name="T2320"/><temp name="T2326"/><temp name="T2154"/><temp name="T2310"/><temp name="T2230"/><temp name="T2082"/><temp name="T2070"/><temp name="T2213"/><temp name="T2249"/><temp name="T2281"/><temp name="T2103"/><temp name="T2251"/><temp name="T2130"/><temp name="T2202"/><temp name="T2244"/><temp name="T2314"/><temp name="T2185"/><temp name="T2191"/><temp name="T2161"/><temp name="T2115"/><temp name="T2206"/><temp name="T28"/><temp name="T2096"/><temp name="T2170"/><temp name="T2255"/><temp name="T2088"/><temp name="T2118"/><temp name="T2157"/><temp name="T771"/><temp name="T2228"/><temp name="T2240"/><temp name="T2275"/><temp name="T2135"/><temp name="T2092"/><temp name="T2141"/><temp name="T2234"/><temp name="T2294"/><temp name="T2239"/><temp name="T2287"/><temp name="T2179"/></temps><temps name="out"><temp name="T2290"/><temp name="T2263"/><temp name="T2111"/><temp name="T2078"/><temp name="T774"/><temp name="T2149"/><temp name="T2132"/><temp name="T2188"/><temp name="T2124"/><temp name="T2165"/><temp name="T2175"/><temp name="T2197"/><temp name="T2270"/><temp name="T2108"/><temp name="T2277"/><temp name="T2320"/><temp name="T2326"/><temp name="T2154"/><temp name="T2310"/><temp name="T2230"/><temp name="T2082"/><temp name="T2070"/><temp name="T2213"/><temp name="T2249"/><temp name="T2281"/><temp name="T2103"/><temp name="T2251"/><temp name="T2202"/><temp name="T2244"/><temp name="T2314"/><temp name="T2185"/><temp name="T2191"/><temp name="T2161"/><temp name="T2115"/><temp name="T2206"/><temp name="T28"/><temp name="T2096"/><temp name="T2170"/><temp name="T2255"/><temp name="T2088"/><temp name="T2118"/><temp name="T2157"/><temp name="T771"/><temp name="T2228"/><temp name="T2240"/><temp name="T2275"/><temp name="T2135"/><temp name="T2092"/><temp name="T2141"/><temp name="T2234"/><temp name="T2294"/><temp name="T2239"/><temp name="T2287"/><temp name="T2179"/></temps></instruction><instruction code="STO T771, $254, 8"><temps name="use"><temp name="T771"/></temps><temps name="def"/><temps name="in"><temp name="T2290"/><temp name="T2263"/><temp name="T2111"/><temp name="T2078"/><temp name="T774"/><temp name="T2149"/><temp name="T2132"/><temp name="T2188"/><temp name="T2124"/><temp name="T2165"/><temp name="T2175"/><temp name="T2197"/><temp name="T2270"/><temp name="T2108"/><temp name="T2277"/><temp name="T2320"/><temp name="T2326"/><temp name="T2154"/><temp name="T2310"/><temp name="T2230"/><temp name="T2082"/><temp name="T2070"/><temp name="T2213"/><temp name="T2249"/><temp name="T2281"/><temp name="T2103"/><temp name="T2251"/><temp name="T2202"/><temp name="T2244"/><temp name="T2314"/><temp name="T2185"/><temp name="T2191"/><temp name="T2161"/><temp name="T2115"/><temp name="T2206"/><temp name="T28"/><temp name="T2096"/><temp name="T2170"/><temp name="T2255"/><temp name="T2088"/><temp name="T2118"/><temp name="T2157"/><temp name="T771"/><temp name="T2228"/><temp name="T2240"/><temp name="T2275"/><temp name="T2135"/><temp name="T2092"/><temp name="T2141"/><temp name="T2234"/><temp name="T2294"/><temp name="T2239"/><temp name="T2287"/><temp name="T2179"/></temps><temps name="out"><temp name="T2290"/><temp name="T2263"/><temp name="T2111"/><temp name="T2078"/><temp name="T774"/><temp name="T2149"/><temp name="T2132"/><temp name="T2188"/><temp name="T2124"/><temp name="T2165"/><temp name="T2175"/><temp name="T2197"/><temp name="T2270"/><temp name="T2108"/><temp name="T2277"/><temp name="T2320"/><temp name="T2326"/><temp name="T2154"/><temp name="T2310"/><temp name="T2230"/><temp name="T2082"/><temp name="T2070"/><temp name="T2213"/><temp name="T2249"/><temp name="T2281"/><temp name="T2103"/><temp name="T2251"/><temp name="T2202"/><temp name="T2244"/><temp name="T2314"/><temp name="T2185"/><temp name="T2191"/><temp name="T2161"/><temp name="T2115"/><temp name="T2206"/><temp name="T28"/><temp name="T2096"/><temp name="T2170"/><temp name="T2255"/><temp name="T2088"/><temp name="T2118"/><temp name="T2157"/><temp name="T2228"/><temp name="T2240"/><temp name="T2275"/><temp name="T2135"/><temp name="T2092"/><temp name="T2141"/><temp name="T2234"/><temp name="T2294"/><temp name="T2239"/><temp name="T2287"/><temp name="T2179"/></temps></instruction><instruction code="STO T774, $254, 16"><temps name="use"><temp name="T774"/></temps><temps name="def"/><temps name="in"><temp name="T2290"/><temp name="T2263"/><temp name="T2111"/><temp name="T2078"/><temp name="T774"/><temp name="T2149"/><temp name="T2132"/><temp name="T2188"/><temp name="T2124"/><temp name="T2165"/><temp name="T2175"/><temp name="T2197"/><temp name="T2270"/><temp name="T2108"/><temp name="T2277"/><temp name="T2320"/><temp name="T2326"/><temp name="T2154"/><temp name="T2310"/><temp name="T2230"/><temp name="T2082"/><temp name="T2070"/><temp name="T2213"/><temp name="T2249"/><temp name="T2281"/><temp name="T2103"/><temp name="T2251"/><temp name="T2202"/><temp name="T2244"/><temp name="T2314"/><temp name="T2185"/><temp name="T2191"/><temp name="T2161"/><temp name="T2115"/><temp name="T2206"/><temp name="T28"/><temp name="T2096"/><temp name="T2170"/><temp name="T2255"/><temp name="T2088"/><temp name="T2118"/><temp name="T2157"/><temp name="T2228"/><temp name="T2240"/><temp name="T2275"/><temp name="T2135"/><temp name="T2092"/><temp name="T2141"/><temp name="T2234"/><temp name="T2294"/><temp name="T2239"/><temp name="T2287"/><temp name="T2179"/></temps><temps name="out"><temp name="T2290"/><temp name="T2263"/><temp name="T2111"/><temp name="T2078"/><temp name="T2149"/><temp name="T2132"/><temp name="T2188"/><temp name="T2124"/><temp name="T2165"/><temp name="T2175"/><temp name="T2197"/><temp name="T2270"/><temp name="T2108"/><temp name="T2277"/><temp name="T2320"/><temp name="T2326"/><temp name="T2154"/><temp name="T2310"/><temp name="T2230"/><temp name="T2082"/><temp name="T2070"/><temp name="T2213"/><temp name="T2249"/><temp name="T2281"/><temp name="T2103"/><temp name="T2251"/><temp name="T2202"/><temp name="T2244"/><temp name="T2314"/><temp name="T2185"/><temp name="T2191"/><temp name="T2161"/><temp name="T2115"/><temp name="T2206"/><temp name="T28"/><temp name="T2096"/><temp name="T2170"/><temp name="T2255"/><temp name="T2088"/><temp name="T2118"/><temp name="T2157"/><temp name="T2228"/><temp name="T2240"/><temp name="T2275"/><temp name="T2135"/><temp name="T2092"/><temp name="T2141"/><temp name="T2234"/><temp name="T2294"/><temp name="T2239"/><temp name="T2287"/><temp name="T2179"/></temps></instruction><instruction code="LDA T2131, _putChar"><temps name="use"/><temps name="def"><temp name="T2131"/></temps><temps name="in"><temp name="T2290"/><temp name="T2263"/><temp name="T2111"/><temp name="T2078"/><temp name="T2149"/><temp name="T2132"/><temp name="T2188"/><temp name="T2124"/><temp name="T2165"/><temp name="T2175"/><temp name="T2197"/><temp name="T2270"/><temp name="T2108"/><temp name="T2277"/><temp name="T2320"/><temp name="T2326"/><temp name="T2154"/><temp name="T2310"/><temp name="T2230"/><temp name="T2082"/><temp name="T2070"/><temp name="T2213"/><temp name="T2249"/><temp name="T2281"/><temp name="T2103"/><temp name="T2251"/><temp name="T2202"/><temp name="T2244"/><temp name="T2314"/><temp name="T2185"/><temp name="T2191"/><temp name="T2161"/><temp name="T2115"/><temp name="T2206"/><temp name="T28"/><temp name="T2096"/><temp name="T2170"/><temp name="T2255"/><temp name="T2088"/><temp name="T2118"/><temp name="T2157"/><temp name="T2228"/><temp name="T2240"/><temp name="T2275"/><temp name="T2135"/><temp name="T2092"/><temp name="T2141"/><temp name="T2234"/><temp name="T2294"/><temp name="T2239"/><temp name="T2287"/><temp name="T2179"/></temps><temps name="out"><temp name="T2290"/><temp name="T2263"/><temp name="T2111"/><temp name="T2078"/><temp name="T2149"/><temp name="T2132"/><temp name="T2188"/><temp name="T2124"/><temp name="T2165"/><temp name="T2175"/><temp name="T2197"/><temp name="T2270"/><temp name="T2108"/><temp name="T2277"/><temp name="T2320"/><temp name="T2326"/><temp name="T2154"/><temp name="T2310"/><temp name="T2230"/><temp name="T2082"/><temp name="T2131"/><temp name="T2070"/><temp name="T2213"/><temp name="T2249"/><temp name="T2281"/><temp name="T2103"/><temp name="T2251"/><temp name="T2202"/><temp name="T2244"/><temp name="T2314"/><temp name="T2185"/><temp name="T2191"/><temp name="T2161"/><temp name="T2115"/><temp name="T2206"/><temp name="T28"/><temp name="T2096"/><temp name="T2170"/><temp name="T2255"/><temp name="T2088"/><temp name="T2118"/><temp name="T2157"/><temp name="T2228"/><temp name="T2240"/><temp name="T2275"/><temp name="T2135"/><temp name="T2092"/><temp name="T2141"/><temp name="T2234"/><temp name="T2294"/><temp name="T2239"/><temp name="T2287"/><temp name="T2179"/></temps></instruction><instruction code="PUSHJ $15, T2131, 0"><temps name="use"><temp name="T2131"/></temps><temps name="def"/><temps name="in"><temp name="T2290"/><temp name="T2263"/><temp name="T2111"/><temp name="T2078"/><temp name="T2149"/><temp name="T2132"/><temp name="T2188"/><temp name="T2124"/><temp name="T2165"/><temp name="T2175"/><temp name="T2197"/><temp name="T2270"/><temp name="T2108"/><temp name="T2277"/><temp name="T2320"/><temp name="T2326"/><temp name="T2154"/><temp name="T2310"/><temp name="T2230"/><temp name="T2082"/><temp name="T2131"/><temp name="T2070"/><temp name="T2213"/><temp name="T2249"/><temp name="T2281"/><temp name="T2103"/><temp name="T2251"/><temp name="T2202"/><temp name="T2244"/><temp name="T2314"/><temp name="T2185"/><temp name="T2191"/><temp name="T2161"/><temp name="T2115"/><temp name="T2206"/><temp name="T28"/><temp name="T2096"/><temp name="T2170"/><temp name="T2255"/><temp name="T2088"/><temp name="T2118"/><temp name="T2157"/><temp name="T2228"/><temp name="T2240"/><temp name="T2275"/><temp name="T2135"/><temp name="T2092"/><temp name="T2141"/><temp name="T2234"/><temp name="T2294"/><temp name="T2239"/><temp name="T2287"/><temp name="T2179"/></temps><temps name="out"><temp name="T2290"/><temp name="T2263"/><temp name="T2111"/><temp name="T2078"/><temp name="T2149"/><temp name="T2132"/><temp name="T2188"/><temp name="T2124"/><temp name="T2165"/><temp name="T2175"/><temp name="T2197"/><temp name="T2270"/><temp name="T2108"/><temp name="T2277"/><temp name="T2320"/><temp name="T2326"/><temp name="T2154"/><temp name="T2310"/><temp name="T2230"/><temp name="T2082"/><temp name="T2070"/><temp name="T2213"/><temp name="T2249"/><temp name="T2281"/><temp name="T2103"/><temp name="T2251"/><temp name="T2202"/><temp name="T2244"/><temp name="T2314"/><temp name="T2185"/><temp name="T2191"/><temp name="T2161"/><temp name="T2115"/><temp name="T2206"/><temp name="T28"/><temp name="T2096"/><temp name="T2170"/><temp name="T2255"/><temp name="T2088"/><temp name="T2118"/><temp name="T2157"/><temp name="T2228"/><temp name="T2240"/><temp name="T2275"/><temp name="T2135"/><temp name="T2092"/><temp name="T2141"/><temp name="T2234"/><temp name="T2294"/><temp name="T2239"/><temp name="T2287"/><temp name="T2179"/></temps></instruction><instruction code="OR T775, T2132, 0"><temps name="use"><temp name="T2132"/></temps><temps name="def"><temp name="T775"/></temps><temps name="in"><temp name="T2290"/><temp name="T2263"/><temp name="T2111"/><temp name="T2078"/><temp name="T2149"/><temp name="T2132"/><temp name="T2188"/><temp name="T2124"/><temp name="T2165"/><temp name="T2175"/><temp name="T2197"/><temp name="T2270"/><temp name="T2108"/><temp name="T2277"/><temp name="T2320"/><temp name="T2326"/><temp name="T2154"/><temp name="T2310"/><temp name="T2230"/><temp name="T2082"/><temp name="T2070"/><temp name="T2213"/><temp name="T2249"/><temp name="T2281"/><temp name="T2103"/><temp name="T2251"/><temp name="T2202"/><temp name="T2244"/><temp name="T2314"/><temp name="T2185"/><temp name="T2191"/><temp name="T2161"/><temp name="T2115"/><temp name="T2206"/><temp name="T28"/><temp name="T2096"/><temp name="T2170"/><temp name="T2255"/><temp name="T2088"/><temp name="T2118"/><temp name="T2157"/><temp name="T2228"/><temp name="T2240"/><temp name="T2275"/><temp name="T2135"/><temp name="T2092"/><temp name="T2141"/><temp name="T2234"/><temp name="T2294"/><temp name="T2239"/><temp name="T2287"/><temp name="T2179"/></temps><temps name="out"><temp name="T2290"/><temp name="T2263"/><temp name="T2111"/><temp name="T2078"/><temp name="T2149"/><temp name="T2132"/><temp name="T2188"/><temp name="T2124"/><temp name="T2165"/><temp name="T2175"/><temp name="T2197"/><temp name="T2270"/><temp name="T2108"/><temp name="T2277"/><temp name="T2320"/><temp name="T2326"/><temp name="T2154"/><temp name="T2310"/><temp name="T2230"/><temp name="T2082"/><temp name="T2070"/><temp name="T2213"/><temp name="T2249"/><temp name="T2281"/><temp name="T2103"/><temp name="T2251"/><temp name="T2202"/><temp name="T2244"/><temp name="T2314"/><temp name="T2185"/><temp name="T2191"/><temp name="T2161"/><temp name="T2115"/><temp name="T2206"/><temp name="T28"/><temp name="T2096"/><temp name="T2170"/><temp name="T2255"/><temp name="T2088"/><temp name="T2118"/><temp name="T2157"/><temp name="T2228"/><temp name="T2240"/><temp name="T2275"/><temp name="T2135"/><temp name="T2092"/><temp name="T2141"/><temp name="T2234"/><temp name="T2294"/><temp name="T2239"/><temp name="T2287"/><temp name="T2179"/></temps></instruction><instruction code="OR T776, T28, 0"><temps name="use"><temp name="T28"/></temps><temps name="def"><temp name="T776"/></temps><temps name="in"><temp name="T2290"/><temp name="T2263"/><temp name="T2111"/><temp name="T2078"/><temp name="T2149"/><temp name="T2132"/><temp name="T2188"/><temp name="T2124"/><temp name="T2165"/><temp name="T2175"/><temp name="T2197"/><temp name="T2270"/><temp name="T2108"/><temp name="T2277"/><temp name="T2320"/><temp name="T2326"/><temp name="T2154"/><temp name="T2310"/><temp name="T2230"/><temp name="T2082"/><temp name="T2070"/><temp name="T2213"/><temp name="T2249"/><temp name="T2281"/><temp name="T2103"/><temp name="T2251"/><temp name="T2202"/><temp name="T2244"/><temp name="T2314"/><temp name="T2185"/><temp name="T2191"/><temp name="T2161"/><temp name="T2115"/><temp name="T2206"/><temp name="T28"/><temp name="T2096"/><temp name="T2170"/><temp name="T2255"/><temp name="T2088"/><temp name="T2118"/><temp name="T2157"/><temp name="T2228"/><temp name="T2240"/><temp name="T2275"/><temp name="T2135"/><temp name="T2092"/><temp name="T2141"/><temp name="T2234"/><temp name="T2294"/><temp name="T2239"/><temp name="T2287"/><temp name="T2179"/></temps><temps name="out"><temp name="T2290"/><temp name="T2263"/><temp name="T2111"/><temp name="T2078"/><temp name="T2149"/><temp name="T2132"/><temp name="T2188"/><temp name="T2124"/><temp name="T2165"/><temp name="T2175"/><temp name="T2197"/><temp name="T2270"/><temp name="T2108"/><temp name="T2277"/><temp name="T2320"/><temp name="T2326"/><temp name="T2154"/><temp name="T2310"/><temp name="T2230"/><temp name="T2082"/><temp name="T2070"/><temp name="T2213"/><temp name="T2249"/><temp name="T2281"/><temp name="T2103"/><temp name="T2251"/><temp name="T2202"/><temp name="T2244"/><temp name="T2314"/><temp name="T2185"/><temp name="T2191"/><temp name="T2161"/><temp name="T2115"/><temp name="T2206"/><temp name="T28"/><temp name="T2096"/><temp name="T2170"/><temp name="T2255"/><temp name="T776"/><temp name="T2088"/><temp name="T2118"/><temp name="T2157"/><temp name="T2228"/><temp name="T2240"/><temp name="T2275"/><temp name="T2135"/><temp name="T2092"/><temp name="T2141"/><temp name="T2234"/><temp name="T2294"/><temp name="T2239"/><temp name="T2287"/><temp name="T2179"/></temps></instruction><instruction code="SETL  T2133, 16"><temps name="use"/><temps name="def"><temp name="T2133"/></temps><temps name="in"><temp name="T2290"/><temp name="T2263"/><temp name="T2111"/><temp name="T2078"/><temp name="T2149"/><temp name="T2132"/><temp name="T2188"/><temp name="T2124"/><temp name="T2165"/><temp name="T2175"/><temp name="T2197"/><temp name="T2270"/><temp name="T2108"/><temp name="T2277"/><temp name="T2320"/><temp name="T2326"/><temp name="T2154"/><temp name="T2310"/><temp name="T2230"/><temp name="T2082"/><temp name="T2070"/><temp name="T2213"/><temp name="T2249"/><temp name="T2281"/><temp name="T2103"/><temp name="T2251"/><temp name="T2202"/><temp name="T2244"/><temp name="T2314"/><temp name="T2185"/><temp name="T2191"/><temp name="T2161"/><temp name="T2115"/><temp name="T2206"/><temp name="T28"/><temp name="T2096"/><temp name="T2170"/><temp name="T2255"/><temp name="T776"/><temp name="T2088"/><temp name="T2118"/><temp name="T2157"/><temp name="T2228"/><temp name="T2240"/><temp name="T2275"/><temp name="T2135"/><temp name="T2092"/><temp name="T2141"/><temp name="T2234"/><temp name="T2294"/><temp name="T2239"/><temp name="T2287"/><temp name="T2179"/></temps><temps name="out"><temp name="T2290"/><temp name="T2263"/><temp name="T2111"/><temp name="T2078"/><temp name="T2149"/><temp name="T2132"/><temp name="T2188"/><temp name="T2124"/><temp name="T2165"/><temp name="T2175"/><temp name="T2197"/><temp name="T2270"/><temp name="T2108"/><temp name="T2277"/><temp name="T2320"/><temp name="T2326"/><temp name="T2154"/><temp name="T2310"/><temp name="T2230"/><temp name="T2082"/><temp name="T2070"/><temp name="T2213"/><temp name="T2249"/><temp name="T2281"/><temp name="T2103"/><temp name="T2251"/><temp name="T2202"/><temp name="T2244"/><temp name="T2314"/><temp name="T2185"/><temp name="T2191"/><temp name="T2161"/><temp name="T2115"/><temp name="T2206"/><temp name="T28"/><temp name="T2096"/><temp name="T2170"/><temp name="T2255"/><temp name="T776"/><temp name="T2088"/><temp name="T2118"/><temp name="T2157"/><temp name="T2228"/><temp name="T2240"/><temp name="T2275"/><temp name="T2135"/><temp name="T2092"/><temp name="T2141"/><temp name="T2234"/><temp name="T2294"/><temp name="T2239"/><temp name="T2287"/><temp name="T2179"/></temps></instruction><instruction code="INCML T2133, 0"><temps name="use"/><temps name="def"><temp name="T2133"/></temps><temps name="in"><temp name="T2290"/><temp name="T2263"/><temp name="T2111"/><temp name="T2078"/><temp name="T2149"/><temp name="T2132"/><temp name="T2188"/><temp name="T2124"/><temp name="T2165"/><temp name="T2175"/><temp name="T2197"/><temp name="T2270"/><temp name="T2108"/><temp name="T2277"/><temp name="T2320"/><temp name="T2326"/><temp name="T2154"/><temp name="T2310"/><temp name="T2230"/><temp name="T2082"/><temp name="T2070"/><temp name="T2213"/><temp name="T2249"/><temp name="T2281"/><temp name="T2103"/><temp name="T2251"/><temp name="T2202"/><temp name="T2244"/><temp name="T2314"/><temp name="T2185"/><temp name="T2191"/><temp name="T2161"/><temp name="T2115"/><temp name="T2206"/><temp name="T28"/><temp name="T2096"/><temp name="T2170"/><temp name="T2255"/><temp name="T776"/><temp name="T2088"/><temp name="T2118"/><temp name="T2157"/><temp name="T2228"/><temp name="T2240"/><temp name="T2275"/><temp name="T2135"/><temp name="T2092"/><temp name="T2141"/><temp name="T2234"/><temp name="T2294"/><temp name="T2239"/><temp name="T2287"/><temp name="T2179"/></temps><temps name="out"><temp name="T2290"/><temp name="T2263"/><temp name="T2111"/><temp name="T2078"/><temp name="T2149"/><temp name="T2132"/><temp name="T2188"/><temp name="T2124"/><temp name="T2165"/><temp name="T2175"/><temp name="T2197"/><temp name="T2270"/><temp name="T2108"/><temp name="T2277"/><temp name="T2320"/><temp name="T2326"/><temp name="T2154"/><temp name="T2310"/><temp name="T2230"/><temp name="T2082"/><temp name="T2070"/><temp name="T2213"/><temp name="T2249"/><temp name="T2281"/><temp name="T2103"/><temp name="T2251"/><temp name="T2202"/><temp name="T2244"/><temp name="T2314"/><temp name="T2185"/><temp name="T2191"/><temp name="T2161"/><temp name="T2115"/><temp name="T2206"/><temp name="T28"/><temp name="T2096"/><temp name="T2170"/><temp name="T2255"/><temp name="T776"/><temp name="T2088"/><temp name="T2118"/><temp name="T2157"/><temp name="T2228"/><temp name="T2240"/><temp name="T2275"/><temp name="T2135"/><temp name="T2092"/><temp name="T2141"/><temp name="T2234"/><temp name="T2294"/><temp name="T2239"/><temp name="T2287"/><temp name="T2179"/></temps></instruction><instruction code="INCMH T2133, 0"><temps name="use"/><temps name="def"><temp name="T2133"/></temps><temps name="in"><temp name="T2290"/><temp name="T2263"/><temp name="T2111"/><temp name="T2078"/><temp name="T2149"/><temp name="T2132"/><temp name="T2188"/><temp name="T2124"/><temp name="T2165"/><temp name="T2175"/><temp name="T2197"/><temp name="T2270"/><temp name="T2108"/><temp name="T2277"/><temp name="T2320"/><temp name="T2326"/><temp name="T2154"/><temp name="T2310"/><temp name="T2230"/><temp name="T2082"/><temp name="T2070"/><temp name="T2213"/><temp name="T2249"/><temp name="T2281"/><temp name="T2103"/><temp name="T2251"/><temp name="T2202"/><temp name="T2244"/><temp name="T2314"/><temp name="T2185"/><temp name="T2191"/><temp name="T2161"/><temp name="T2115"/><temp name="T2206"/><temp name="T28"/><temp name="T2096"/><temp name="T2170"/><temp name="T2255"/><temp name="T776"/><temp name="T2088"/><temp name="T2118"/><temp name="T2157"/><temp name="T2228"/><temp name="T2240"/><temp name="T2275"/><temp name="T2135"/><temp name="T2092"/><temp name="T2141"/><temp name="T2234"/><temp name="T2294"/><temp name="T2239"/><temp name="T2287"/><temp name="T2179"/></temps><temps name="out"><temp name="T2290"/><temp name="T2263"/><temp name="T2111"/><temp name="T2078"/><temp name="T2149"/><temp name="T2132"/><temp name="T2188"/><temp name="T2124"/><temp name="T2165"/><temp name="T2175"/><temp name="T2197"/><temp name="T2270"/><temp name="T2108"/><temp name="T2277"/><temp name="T2320"/><temp name="T2326"/><temp name="T2154"/><temp name="T2310"/><temp name="T2230"/><temp name="T2082"/><temp name="T2070"/><temp name="T2213"/><temp name="T2249"/><temp name="T2281"/><temp name="T2103"/><temp name="T2251"/><temp name="T2202"/><temp name="T2244"/><temp name="T2314"/><temp name="T2185"/><temp name="T2191"/><temp name="T2161"/><temp name="T2115"/><temp name="T2206"/><temp name="T28"/><temp name="T2096"/><temp name="T2170"/><temp name="T2255"/><temp name="T776"/><temp name="T2088"/><temp name="T2118"/><temp name="T2157"/><temp name="T2228"/><temp name="T2240"/><temp name="T2275"/><temp name="T2135"/><temp name="T2092"/><temp name="T2141"/><temp name="T2234"/><temp name="T2294"/><temp name="T2239"/><temp name="T2287"/><temp name="T2179"/></temps></instruction><instruction code="INCH  T2133, 0"><temps name="use"/><temps name="def"><temp name="T2133"/></temps><temps name="in"><temp name="T2290"/><temp name="T2263"/><temp name="T2111"/><temp name="T2078"/><temp name="T2149"/><temp name="T2132"/><temp name="T2188"/><temp name="T2124"/><temp name="T2165"/><temp name="T2175"/><temp name="T2197"/><temp name="T2270"/><temp name="T2108"/><temp name="T2277"/><temp name="T2320"/><temp name="T2326"/><temp name="T2154"/><temp name="T2310"/><temp name="T2230"/><temp name="T2082"/><temp name="T2070"/><temp name="T2213"/><temp name="T2249"/><temp name="T2281"/><temp name="T2103"/><temp name="T2251"/><temp name="T2202"/><temp name="T2244"/><temp name="T2314"/><temp name="T2185"/><temp name="T2191"/><temp name="T2161"/><temp name="T2115"/><temp name="T2206"/><temp name="T28"/><temp name="T2096"/><temp name="T2170"/><temp name="T2255"/><temp name="T776"/><temp name="T2088"/><temp name="T2118"/><temp name="T2157"/><temp name="T2228"/><temp name="T2240"/><temp name="T2275"/><temp name="T2135"/><temp name="T2092"/><temp name="T2141"/><temp name="T2234"/><temp name="T2294"/><temp name="T2239"/><temp name="T2287"/><temp name="T2179"/></temps><temps name="out"><temp name="T2290"/><temp name="T2263"/><temp name="T2111"/><temp name="T2078"/><temp name="T2149"/><temp name="T2132"/><temp name="T2188"/><temp name="T2124"/><temp name="T2165"/><temp name="T2175"/><temp name="T2197"/><temp name="T2270"/><temp name="T2108"/><temp name="T2277"/><temp name="T2320"/><temp name="T2326"/><temp name="T2154"/><temp name="T2310"/><temp name="T2230"/><temp name="T2082"/><temp name="T2133"/><temp name="T2070"/><temp name="T2213"/><temp name="T2249"/><temp name="T2281"/><temp name="T2103"/><temp name="T2251"/><temp name="T2202"/><temp name="T2244"/><temp name="T2314"/><temp name="T2185"/><temp name="T2191"/><temp name="T2161"/><temp name="T2115"/><temp name="T2206"/><temp name="T28"/><temp name="T2096"/><temp name="T2170"/><temp name="T2255"/><temp name="T776"/><temp name="T2088"/><temp name="T2118"/><temp name="T2157"/><temp name="T2228"/><temp name="T2240"/><temp name="T2275"/><temp name="T2135"/><temp name="T2092"/><temp name="T2141"/><temp name="T2234"/><temp name="T2294"/><temp name="T2239"/><temp name="T2287"/><temp name="T2179"/></temps></instruction><instruction code="NEG T2133, 0, T2133"><temps name="use"><temp name="T2133"/></temps><temps name="def"><temp name="T2133"/></temps><temps name="in"><temp name="T2290"/><temp name="T2263"/><temp name="T2111"/><temp name="T2078"/><temp name="T2149"/><temp name="T2132"/><temp name="T2188"/><temp name="T2124"/><temp name="T2165"/><temp name="T2175"/><temp name="T2197"/><temp name="T2270"/><temp name="T2108"/><temp name="T2277"/><temp name="T2320"/><temp name="T2326"/><temp name="T2154"/><temp name="T2310"/><temp name="T2230"/><temp name="T2082"/><temp name="T2133"/><temp name="T2070"/><temp name="T2213"/><temp name="T2249"/><temp name="T2281"/><temp name="T2103"/><temp name="T2251"/><temp name="T2202"/><temp name="T2244"/><temp name="T2314"/><temp name="T2185"/><temp name="T2191"/><temp name="T2161"/><temp name="T2115"/><temp name="T2206"/><temp name="T28"/><temp name="T2096"/><temp name="T2170"/><temp name="T2255"/><temp name="T776"/><temp name="T2088"/><temp name="T2118"/><temp name="T2157"/><temp name="T2228"/><temp name="T2240"/><temp name="T2275"/><temp name="T2135"/><temp name="T2092"/><temp name="T2141"/><temp name="T2234"/><temp name="T2294"/><temp name="T2239"/><temp name="T2287"/><temp name="T2179"/></temps><temps name="out"><temp name="T2290"/><temp name="T2263"/><temp name="T2111"/><temp name="T2078"/><temp name="T2149"/><temp name="T2132"/><temp name="T2188"/><temp name="T2124"/><temp name="T2165"/><temp name="T2175"/><temp name="T2197"/><temp name="T2270"/><temp name="T2108"/><temp name="T2277"/><temp name="T2320"/><temp name="T2326"/><temp name="T2154"/><temp name="T2310"/><temp name="T2230"/><temp name="T2082"/><temp name="T2133"/><temp name="T2070"/><temp name="T2213"/><temp name="T2249"/><temp name="T2281"/><temp name="T2103"/><temp name="T2251"/><temp name="T2202"/><temp name="T2244"/><temp name="T2314"/><temp name="T2185"/><temp name="T2191"/><temp name="T2161"/><temp name="T2115"/><temp name="T2206"/><temp name="T28"/><temp name="T2096"/><temp name="T2170"/><temp name="T2255"/><temp name="T776"/><temp name="T2088"/><temp name="T2118"/><temp name="T2157"/><temp name="T2228"/><temp name="T2240"/><temp name="T2275"/><temp name="T2135"/><temp name="T2092"/><temp name="T2141"/><temp name="T2234"/><temp name="T2294"/><temp name="T2239"/><temp name="T2287"/><temp name="T2179"/></temps></instruction><instruction code="OR T777, T2133, 0"><temps name="use"><temp name="T2133"/></temps><temps name="def"><temp name="T777"/></temps><temps name="in"><temp name="T2290"/><temp name="T2263"/><temp name="T2111"/><temp name="T2078"/><temp name="T2149"/><temp name="T2132"/><temp name="T2188"/><temp name="T2124"/><temp name="T2165"/><temp name="T2175"/><temp name="T2197"/><temp name="T2270"/><temp name="T2108"/><temp name="T2277"/><temp name="T2320"/><temp name="T2326"/><temp name="T2154"/><temp name="T2310"/><temp name="T2230"/><temp name="T2082"/><temp name="T2133"/><temp name="T2070"/><temp name="T2213"/><temp name="T2249"/><temp name="T2281"/><temp name="T2103"/><temp name="T2251"/><temp name="T2202"/><temp name="T2244"/><temp name="T2314"/><temp name="T2185"/><temp name="T2191"/><temp name="T2161"/><temp name="T2115"/><temp name="T2206"/><temp name="T28"/><temp name="T2096"/><temp name="T2170"/><temp name="T2255"/><temp name="T776"/><temp name="T2088"/><temp name="T2118"/><temp name="T2157"/><temp name="T2228"/><temp name="T2240"/><temp name="T2275"/><temp name="T2135"/><temp name="T2092"/><temp name="T2141"/><temp name="T2234"/><temp name="T2294"/><temp name="T2239"/><temp name="T2287"/><temp name="T2179"/></temps><temps name="out"><temp name="T2290"/><temp name="T2263"/><temp name="T777"/><temp name="T2111"/><temp name="T2078"/><temp name="T2149"/><temp name="T2132"/><temp name="T2188"/><temp name="T2124"/><temp name="T2165"/><temp name="T2175"/><temp name="T2197"/><temp name="T2270"/><temp name="T2108"/><temp name="T2277"/><temp name="T2320"/><temp name="T2326"/><temp name="T2154"/><temp name="T2310"/><temp name="T2230"/><temp name="T2082"/><temp name="T2070"/><temp name="T2213"/><temp name="T2249"/><temp name="T2281"/><temp name="T2103"/><temp name="T2251"/><temp name="T2202"/><temp name="T2244"/><temp name="T2314"/><temp name="T2185"/><temp name="T2191"/><temp name="T2161"/><temp name="T2115"/><temp name="T2206"/><temp name="T28"/><temp name="T2096"/><temp name="T2170"/><temp name="T2255"/><temp name="T776"/><temp name="T2088"/><temp name="T2118"/><temp name="T2157"/><temp name="T2228"/><temp name="T2240"/><temp name="T2275"/><temp name="T2135"/><temp name="T2092"/><temp name="T2141"/><temp name="T2234"/><temp name="T2294"/><temp name="T2239"/><temp name="T2287"/><temp name="T2179"/></temps></instruction><instruction code="ADD T2134, T776, T777"><temps name="use"><temp name="T776"/><temp name="T777"/></temps><temps name="def"><temp name="T2134"/></temps><temps name="in"><temp name="T2290"/><temp name="T2263"/><temp name="T777"/><temp name="T2111"/><temp name="T2078"/><temp name="T2149"/><temp name="T2132"/><temp name="T2188"/><temp name="T2124"/><temp name="T2165"/><temp name="T2175"/><temp name="T2197"/><temp name="T2270"/><temp name="T2108"/><temp name="T2277"/><temp name="T2320"/><temp name="T2326"/><temp name="T2154"/><temp name="T2310"/><temp name="T2230"/><temp name="T2082"/><temp name="T2070"/><temp name="T2213"/><temp name="T2249"/><temp name="T2281"/><temp name="T2103"/><temp name="T2251"/><temp name="T2202"/><temp name="T2244"/><temp name="T2314"/><temp name="T2185"/><temp name="T2191"/><temp name="T2161"/><temp name="T2115"/><temp name="T2206"/><temp name="T28"/><temp name="T2096"/><temp name="T2170"/><temp name="T2255"/><temp name="T776"/><temp name="T2088"/><temp name="T2118"/><temp name="T2157"/><temp name="T2228"/><temp name="T2240"/><temp name="T2275"/><temp name="T2135"/><temp name="T2092"/><temp name="T2141"/><temp name="T2234"/><temp name="T2294"/><temp name="T2239"/><temp name="T2287"/><temp name="T2179"/></temps><temps name="out"><temp name="T2290"/><temp name="T2263"/><temp name="T2111"/><temp name="T2078"/><temp name="T2149"/><temp name="T2132"/><temp name="T2188"/><temp name="T2124"/><temp name="T2165"/><temp name="T2175"/><temp name="T2197"/><temp name="T2270"/><temp name="T2108"/><temp name="T2277"/><temp name="T2320"/><temp name="T2326"/><temp name="T2154"/><temp name="T2310"/><temp name="T2230"/><temp name="T2082"/><temp name="T2070"/><temp name="T2213"/><temp name="T2249"/><temp name="T2281"/><temp name="T2103"/><temp name="T2251"/><temp name="T2202"/><temp name="T2244"/><temp name="T2314"/><temp name="T2185"/><temp name="T2191"/><temp name="T2161"/><temp name="T2115"/><temp name="T2206"/><temp name="T28"/><temp name="T2096"/><temp name="T2170"/><temp name="T2255"/><temp name="T2088"/><temp name="T2134"/><temp name="T2118"/><temp name="T2157"/><temp name="T2228"/><temp name="T2240"/><temp name="T2275"/><temp name="T2135"/><temp name="T2092"/><temp name="T2141"/><temp name="T2234"/><temp name="T2294"/><temp name="T2239"/><temp name="T2287"/><temp name="T2179"/></temps></instruction><instruction code="OR T778, T2134, 0"><temps name="use"><temp name="T2134"/></temps><temps name="def"><temp name="T778"/></temps><temps name="in"><temp name="T2290"/><temp name="T2263"/><temp name="T2111"/><temp name="T2078"/><temp name="T2149"/><temp name="T2132"/><temp name="T2188"/><temp name="T2124"/><temp name="T2165"/><temp name="T2175"/><temp name="T2197"/><temp name="T2270"/><temp name="T2108"/><temp name="T2277"/><temp name="T2320"/><temp name="T2326"/><temp name="T2154"/><temp name="T2310"/><temp name="T2230"/><temp name="T2082"/><temp name="T2070"/><temp name="T2213"/><temp name="T2249"/><temp name="T2281"/><temp name="T2103"/><temp name="T2251"/><temp name="T2202"/><temp name="T2244"/><temp name="T2314"/><temp name="T2185"/><temp name="T2191"/><temp name="T2161"/><temp name="T2115"/><temp name="T2206"/><temp name="T28"/><temp name="T2096"/><temp name="T2170"/><temp name="T2255"/><temp name="T2088"/><temp name="T2134"/><temp name="T2118"/><temp name="T2157"/><temp name="T2228"/><temp name="T2240"/><temp name="T2275"/><temp name="T2135"/><temp name="T2092"/><temp name="T2141"/><temp name="T2234"/><temp name="T2294"/><temp name="T2239"/><temp name="T2287"/><temp name="T2179"/></temps><temps name="out"><temp name="T2290"/><temp name="T2263"/><temp name="T2111"/><temp name="T2078"/><temp name="T2149"/><temp name="T2132"/><temp name="T2188"/><temp name="T2124"/><temp name="T2165"/><temp name="T2175"/><temp name="T2197"/><temp name="T2270"/><temp name="T2108"/><temp name="T2277"/><temp name="T2320"/><temp name="T2326"/><temp name="T2154"/><temp name="T2310"/><temp name="T2230"/><temp name="T2082"/><temp name="T2070"/><temp name="T2213"/><temp name="T2249"/><temp name="T2281"/><temp name="T2103"/><temp name="T2251"/><temp name="T2202"/><temp name="T2244"/><temp name="T2314"/><temp name="T2185"/><temp name="T2191"/><temp name="T2161"/><temp name="T2115"/><temp name="T2206"/><temp name="T28"/><temp name="T2096"/><temp name="T2170"/><temp name="T2255"/><temp name="T2088"/><temp name="T2118"/><temp name="T2157"/><temp name="T2228"/><temp name="T2240"/><temp name="T2275"/><temp name="T2135"/><temp name="T2092"/><temp name="T2141"/><temp name="T2234"/><temp name="T2294"/><temp name="T2239"/><temp name="T2287"/><temp name="T2179"/></temps></instruction><instruction code="LDO T2136, T2135, 0"><temps name="use"><temp name="T2135"/></temps><temps name="def"><temp name="T2136"/></temps><temps name="in"><temp name="T2290"/><temp name="T2263"/><temp name="T2111"/><temp name="T2078"/><temp name="T2149"/><temp name="T2132"/><temp name="T2188"/><temp name="T2124"/><temp name="T2165"/><temp name="T2175"/><temp name="T2197"/><temp name="T2270"/><temp name="T2108"/><temp name="T2277"/><temp name="T2320"/><temp name="T2326"/><temp name="T2154"/><temp name="T2310"/><temp name="T2230"/><temp name="T2082"/><temp name="T2070"/><temp name="T2213"/><temp name="T2249"/><temp name="T2281"/><temp name="T2103"/><temp name="T2251"/><temp name="T2202"/><temp name="T2244"/><temp name="T2314"/><temp name="T2185"/><temp name="T2191"/><temp name="T2161"/><temp name="T2115"/><temp name="T2206"/><temp name="T28"/><temp name="T2096"/><temp name="T2170"/><temp name="T2255"/><temp name="T2088"/><temp name="T2118"/><temp name="T2157"/><temp name="T2228"/><temp name="T2240"/><temp name="T2275"/><temp name="T2135"/><temp name="T2092"/><temp name="T2141"/><temp name="T2234"/><temp name="T2294"/><temp name="T2239"/><temp name="T2287"/><temp name="T2179"/></temps><temps name="out"><temp name="T2290"/><temp name="T2263"/><temp name="T2111"/><temp name="T2078"/><temp name="T2149"/><temp name="T2132"/><temp name="T2188"/><temp name="T2124"/><temp name="T2165"/><temp name="T2175"/><temp name="T2197"/><temp name="T2270"/><temp name="T2108"/><temp name="T2277"/><temp name="T2320"/><temp name="T2326"/><temp name="T2154"/><temp name="T2310"/><temp name="T2230"/><temp name="T2082"/><temp name="T2070"/><temp name="T2213"/><temp name="T2249"/><temp name="T2281"/><temp name="T2103"/><temp name="T2251"/><temp name="T2202"/><temp name="T2244"/><temp name="T2314"/><temp name="T2185"/><temp name="T2191"/><temp name="T2161"/><temp name="T2115"/><temp name="T2206"/><temp name="T28"/><temp name="T2096"/><temp name="T2170"/><temp name="T2255"/><temp name="T2088"/><temp name="T2118"/><temp name="T2157"/><temp name="T2228"/><temp name="T2240"/><temp name="T2275"/><temp name="T2135"/><temp name="T2136"/><temp name="T2092"/><temp name="T2141"/><temp name="T2234"/><temp name="T2294"/><temp name="T2239"/><temp name="T2287"/><temp name="T2179"/></temps></instruction><instruction code="OR T779, T2136, 0"><temps name="use"><temp name="T2136"/></temps><temps name="def"><temp name="T779"/></temps><temps name="in"><temp name="T2290"/><temp name="T2263"/><temp name="T2111"/><temp name="T2078"/><temp name="T2149"/><temp name="T2132"/><temp name="T2188"/><temp name="T2124"/><temp name="T2165"/><temp name="T2175"/><temp name="T2197"/><temp name="T2270"/><temp name="T2108"/><temp name="T2277"/><temp name="T2320"/><temp name="T2326"/><temp name="T2154"/><temp name="T2310"/><temp name="T2230"/><temp name="T2082"/><temp name="T2070"/><temp name="T2213"/><temp name="T2249"/><temp name="T2281"/><temp name="T2103"/><temp name="T2251"/><temp name="T2202"/><temp name="T2244"/><temp name="T2314"/><temp name="T2185"/><temp name="T2191"/><temp name="T2161"/><temp name="T2115"/><temp name="T2206"/><temp name="T28"/><temp name="T2096"/><temp name="T2170"/><temp name="T2255"/><temp name="T2088"/><temp name="T2118"/><temp name="T2157"/><temp name="T2228"/><temp name="T2240"/><temp name="T2275"/><temp name="T2135"/><temp name="T2136"/><temp name="T2092"/><temp name="T2141"/><temp name="T2234"/><temp name="T2294"/><temp name="T2239"/><temp name="T2287"/><temp name="T2179"/></temps><temps name="out"><temp name="T2290"/><temp name="T2263"/><temp name="T2111"/><temp name="T2078"/><temp name="T2149"/><temp name="T2132"/><temp name="T2188"/><temp name="T2124"/><temp name="T2165"/><temp name="T2175"/><temp name="T2197"/><temp name="T2270"/><temp name="T2108"/><temp name="T2277"/><temp name="T2320"/><temp name="T2326"/><temp name="T2154"/><temp name="T2310"/><temp name="T2230"/><temp name="T2082"/><temp name="T2070"/><temp name="T2213"/><temp name="T2249"/><temp name="T2281"/><temp name="T2103"/><temp name="T2251"/><temp name="T2202"/><temp name="T2244"/><temp name="T2314"/><temp name="T2185"/><temp name="T2191"/><temp name="T2161"/><temp name="T2115"/><temp name="T2206"/><temp name="T28"/><temp name="T2096"/><temp name="T2170"/><temp name="T2255"/><temp name="T2088"/><temp name="T2118"/><temp name="T779"/><temp name="T2157"/><temp name="T2228"/><temp name="T2240"/><temp name="T2275"/><temp name="T2135"/><temp name="T2092"/><temp name="T2141"/><temp name="T2234"/><temp name="T2294"/><temp name="T2239"/><temp name="T2287"/><temp name="T2179"/></temps></instruction><instruction code="SETL  T2137, 1"><temps name="use"/><temps name="def"><temp name="T2137"/></temps><temps name="in"><temp name="T2290"/><temp name="T2263"/><temp name="T2111"/><temp name="T2078"/><temp name="T2149"/><temp name="T2132"/><temp name="T2188"/><temp name="T2124"/><temp name="T2165"/><temp name="T2175"/><temp name="T2197"/><temp name="T2270"/><temp name="T2108"/><temp name="T2277"/><temp name="T2320"/><temp name="T2326"/><temp name="T2154"/><temp name="T2310"/><temp name="T2230"/><temp name="T2082"/><temp name="T2070"/><temp name="T2213"/><temp name="T2249"/><temp name="T2281"/><temp name="T2103"/><temp name="T2251"/><temp name="T2202"/><temp name="T2244"/><temp name="T2314"/><temp name="T2185"/><temp name="T2191"/><temp name="T2161"/><temp name="T2115"/><temp name="T2206"/><temp name="T28"/><temp name="T2096"/><temp name="T2170"/><temp name="T2255"/><temp name="T2088"/><temp name="T2118"/><temp name="T779"/><temp name="T2157"/><temp name="T2228"/><temp name="T2240"/><temp name="T2275"/><temp name="T2135"/><temp name="T2092"/><temp name="T2141"/><temp name="T2234"/><temp name="T2294"/><temp name="T2239"/><temp name="T2287"/><temp name="T2179"/></temps><temps name="out"><temp name="T2290"/><temp name="T2263"/><temp name="T2111"/><temp name="T2078"/><temp name="T2149"/><temp name="T2132"/><temp name="T2188"/><temp name="T2124"/><temp name="T2165"/><temp name="T2175"/><temp name="T2197"/><temp name="T2270"/><temp name="T2108"/><temp name="T2277"/><temp name="T2320"/><temp name="T2326"/><temp name="T2154"/><temp name="T2310"/><temp name="T2230"/><temp name="T2082"/><temp name="T2070"/><temp name="T2213"/><temp name="T2249"/><temp name="T2281"/><temp name="T2103"/><temp name="T2251"/><temp name="T2202"/><temp name="T2244"/><temp name="T2314"/><temp name="T2185"/><temp name="T2191"/><temp name="T2161"/><temp name="T2115"/><temp name="T2206"/><temp name="T28"/><temp name="T2096"/><temp name="T2170"/><temp name="T2255"/><temp name="T2088"/><temp name="T2118"/><temp name="T779"/><temp name="T2157"/><temp name="T2228"/><temp name="T2240"/><temp name="T2275"/><temp name="T2135"/><temp name="T2092"/><temp name="T2141"/><temp name="T2234"/><temp name="T2294"/><temp name="T2239"/><temp name="T2287"/><temp name="T2179"/></temps></instruction><instruction code="INCML T2137, 0"><temps name="use"/><temps name="def"><temp name="T2137"/></temps><temps name="in"><temp name="T2290"/><temp name="T2263"/><temp name="T2111"/><temp name="T2078"/><temp name="T2149"/><temp name="T2132"/><temp name="T2188"/><temp name="T2124"/><temp name="T2165"/><temp name="T2175"/><temp name="T2197"/><temp name="T2270"/><temp name="T2108"/><temp name="T2277"/><temp name="T2320"/><temp name="T2326"/><temp name="T2154"/><temp name="T2310"/><temp name="T2230"/><temp name="T2082"/><temp name="T2070"/><temp name="T2213"/><temp name="T2249"/><temp name="T2281"/><temp name="T2103"/><temp name="T2251"/><temp name="T2202"/><temp name="T2244"/><temp name="T2314"/><temp name="T2185"/><temp name="T2191"/><temp name="T2161"/><temp name="T2115"/><temp name="T2206"/><temp name="T28"/><temp name="T2096"/><temp name="T2170"/><temp name="T2255"/><temp name="T2088"/><temp name="T2118"/><temp name="T779"/><temp name="T2157"/><temp name="T2228"/><temp name="T2240"/><temp name="T2275"/><temp name="T2135"/><temp name="T2092"/><temp name="T2141"/><temp name="T2234"/><temp name="T2294"/><temp name="T2239"/><temp name="T2287"/><temp name="T2179"/></temps><temps name="out"><temp name="T2290"/><temp name="T2263"/><temp name="T2111"/><temp name="T2078"/><temp name="T2149"/><temp name="T2132"/><temp name="T2188"/><temp name="T2124"/><temp name="T2165"/><temp name="T2175"/><temp name="T2197"/><temp name="T2270"/><temp name="T2108"/><temp name="T2277"/><temp name="T2320"/><temp name="T2326"/><temp name="T2154"/><temp name="T2310"/><temp name="T2230"/><temp name="T2082"/><temp name="T2070"/><temp name="T2213"/><temp name="T2249"/><temp name="T2281"/><temp name="T2103"/><temp name="T2251"/><temp name="T2202"/><temp name="T2244"/><temp name="T2314"/><temp name="T2185"/><temp name="T2191"/><temp name="T2161"/><temp name="T2115"/><temp name="T2206"/><temp name="T28"/><temp name="T2096"/><temp name="T2170"/><temp name="T2255"/><temp name="T2088"/><temp name="T2118"/><temp name="T779"/><temp name="T2157"/><temp name="T2228"/><temp name="T2240"/><temp name="T2275"/><temp name="T2135"/><temp name="T2092"/><temp name="T2141"/><temp name="T2234"/><temp name="T2294"/><temp name="T2239"/><temp name="T2287"/><temp name="T2179"/></temps></instruction><instruction code="INCMH T2137, 0"><temps name="use"/><temps name="def"><temp name="T2137"/></temps><temps name="in"><temp name="T2290"/><temp name="T2263"/><temp name="T2111"/><temp name="T2078"/><temp name="T2149"/><temp name="T2132"/><temp name="T2188"/><temp name="T2124"/><temp name="T2165"/><temp name="T2175"/><temp name="T2197"/><temp name="T2270"/><temp name="T2108"/><temp name="T2277"/><temp name="T2320"/><temp name="T2326"/><temp name="T2154"/><temp name="T2310"/><temp name="T2230"/><temp name="T2082"/><temp name="T2070"/><temp name="T2213"/><temp name="T2249"/><temp name="T2281"/><temp name="T2103"/><temp name="T2251"/><temp name="T2202"/><temp name="T2244"/><temp name="T2314"/><temp name="T2185"/><temp name="T2191"/><temp name="T2161"/><temp name="T2115"/><temp name="T2206"/><temp name="T28"/><temp name="T2096"/><temp name="T2170"/><temp name="T2255"/><temp name="T2088"/><temp name="T2118"/><temp name="T779"/><temp name="T2157"/><temp name="T2228"/><temp name="T2240"/><temp name="T2275"/><temp name="T2135"/><temp name="T2092"/><temp name="T2141"/><temp name="T2234"/><temp name="T2294"/><temp name="T2239"/><temp name="T2287"/><temp name="T2179"/></temps><temps name="out"><temp name="T2290"/><temp name="T2263"/><temp name="T2111"/><temp name="T2078"/><temp name="T2149"/><temp name="T2132"/><temp name="T2188"/><temp name="T2124"/><temp name="T2165"/><temp name="T2175"/><temp name="T2197"/><temp name="T2270"/><temp name="T2108"/><temp name="T2277"/><temp name="T2320"/><temp name="T2326"/><temp name="T2154"/><temp name="T2310"/><temp name="T2230"/><temp name="T2082"/><temp name="T2070"/><temp name="T2213"/><temp name="T2249"/><temp name="T2281"/><temp name="T2103"/><temp name="T2251"/><temp name="T2202"/><temp name="T2244"/><temp name="T2314"/><temp name="T2185"/><temp name="T2191"/><temp name="T2161"/><temp name="T2115"/><temp name="T2206"/><temp name="T28"/><temp name="T2096"/><temp name="T2170"/><temp name="T2255"/><temp name="T2088"/><temp name="T2118"/><temp name="T779"/><temp name="T2157"/><temp name="T2228"/><temp name="T2240"/><temp name="T2275"/><temp name="T2135"/><temp name="T2092"/><temp name="T2141"/><temp name="T2234"/><temp name="T2294"/><temp name="T2239"/><temp name="T2287"/><temp name="T2179"/></temps></instruction><instruction code="INCH  T2137, 0"><temps name="use"/><temps name="def"><temp name="T2137"/></temps><temps name="in"><temp name="T2290"/><temp name="T2263"/><temp name="T2111"/><temp name="T2078"/><temp name="T2149"/><temp name="T2132"/><temp name="T2188"/><temp name="T2124"/><temp name="T2165"/><temp name="T2175"/><temp name="T2197"/><temp name="T2270"/><temp name="T2108"/><temp name="T2277"/><temp name="T2320"/><temp name="T2326"/><temp name="T2154"/><temp name="T2310"/><temp name="T2230"/><temp name="T2082"/><temp name="T2070"/><temp name="T2213"/><temp name="T2249"/><temp name="T2281"/><temp name="T2103"/><temp name="T2251"/><temp name="T2202"/><temp name="T2244"/><temp name="T2314"/><temp name="T2185"/><temp name="T2191"/><temp name="T2161"/><temp name="T2115"/><temp name="T2206"/><temp name="T28"/><temp name="T2096"/><temp name="T2170"/><temp name="T2255"/><temp name="T2088"/><temp name="T2118"/><temp name="T779"/><temp name="T2157"/><temp name="T2228"/><temp name="T2240"/><temp name="T2275"/><temp name="T2135"/><temp name="T2092"/><temp name="T2141"/><temp name="T2234"/><temp name="T2294"/><temp name="T2239"/><temp name="T2287"/><temp name="T2179"/></temps><temps name="out"><temp name="T2290"/><temp name="T2263"/><temp name="T2111"/><temp name="T2078"/><temp name="T2149"/><temp name="T2132"/><temp name="T2188"/><temp name="T2124"/><temp name="T2165"/><temp name="T2175"/><temp name="T2197"/><temp name="T2270"/><temp name="T2108"/><temp name="T2277"/><temp name="T2320"/><temp name="T2326"/><temp name="T2154"/><temp name="T2310"/><temp name="T2230"/><temp name="T2082"/><temp name="T2070"/><temp name="T2213"/><temp name="T2249"/><temp name="T2281"/><temp name="T2103"/><temp name="T2251"/><temp name="T2202"/><temp name="T2244"/><temp name="T2314"/><temp name="T2185"/><temp name="T2137"/><temp name="T2191"/><temp name="T2161"/><temp name="T2115"/><temp name="T2206"/><temp name="T28"/><temp name="T2096"/><temp name="T2170"/><temp name="T2255"/><temp name="T2088"/><temp name="T2118"/><temp name="T779"/><temp name="T2157"/><temp name="T2228"/><temp name="T2240"/><temp name="T2275"/><temp name="T2135"/><temp name="T2092"/><temp name="T2141"/><temp name="T2234"/><temp name="T2294"/><temp name="T2239"/><temp name="T2287"/><temp name="T2179"/></temps></instruction><instruction code="OR T780, T2137, 0"><temps name="use"><temp name="T2137"/></temps><temps name="def"><temp name="T780"/></temps><temps name="in"><temp name="T2290"/><temp name="T2263"/><temp name="T2111"/><temp name="T2078"/><temp name="T2149"/><temp name="T2132"/><temp name="T2188"/><temp name="T2124"/><temp name="T2165"/><temp name="T2175"/><temp name="T2197"/><temp name="T2270"/><temp name="T2108"/><temp name="T2277"/><temp name="T2320"/><temp name="T2326"/><temp name="T2154"/><temp name="T2310"/><temp name="T2230"/><temp name="T2082"/><temp name="T2070"/><temp name="T2213"/><temp name="T2249"/><temp name="T2281"/><temp name="T2103"/><temp name="T2251"/><temp name="T2202"/><temp name="T2244"/><temp name="T2314"/><temp name="T2185"/><temp name="T2137"/><temp name="T2191"/><temp name="T2161"/><temp name="T2115"/><temp name="T2206"/><temp name="T28"/><temp name="T2096"/><temp name="T2170"/><temp name="T2255"/><temp name="T2088"/><temp name="T2118"/><temp name="T779"/><temp name="T2157"/><temp name="T2228"/><temp name="T2240"/><temp name="T2275"/><temp name="T2135"/><temp name="T2092"/><temp name="T2141"/><temp name="T2234"/><temp name="T2294"/><temp name="T2239"/><temp name="T2287"/><temp name="T2179"/></temps><temps name="out"><temp name="T2290"/><temp name="T2263"/><temp name="T2111"/><temp name="T2078"/><temp name="T2149"/><temp name="T2132"/><temp name="T2188"/><temp name="T2124"/><temp name="T2165"/><temp name="T2175"/><temp name="T2197"/><temp name="T2270"/><temp name="T2108"/><temp name="T2277"/><temp name="T2320"/><temp name="T2326"/><temp name="T2154"/><temp name="T2310"/><temp name="T2230"/><temp name="T2082"/><temp name="T2070"/><temp name="T2213"/><temp name="T2249"/><temp name="T2281"/><temp name="T2103"/><temp name="T2251"/><temp name="T2202"/><temp name="T2244"/><temp name="T2314"/><temp name="T2185"/><temp name="T2191"/><temp name="T2161"/><temp name="T2115"/><temp name="T2206"/><temp name="T28"/><temp name="T2096"/><temp name="T2170"/><temp name="T2255"/><temp name="T2088"/><temp name="T780"/><temp name="T2118"/><temp name="T779"/><temp name="T2157"/><temp name="T2228"/><temp name="T2240"/><temp name="T2275"/><temp name="T2135"/><temp name="T2092"/><temp name="T2141"/><temp name="T2234"/><temp name="T2294"/><temp name="T2239"/><temp name="T2287"/><temp name="T2179"/></temps></instruction><instruction code="ADD T2138, T779, T780"><temps name="use"><temp name="T779"/><temp name="T780"/></temps><temps name="def"><temp name="T2138"/></temps><temps name="in"><temp name="T2290"/><temp name="T2263"/><temp name="T2111"/><temp name="T2078"/><temp name="T2149"/><temp name="T2132"/><temp name="T2188"/><temp name="T2124"/><temp name="T2165"/><temp name="T2175"/><temp name="T2197"/><temp name="T2270"/><temp name="T2108"/><temp name="T2277"/><temp name="T2320"/><temp name="T2326"/><temp name="T2154"/><temp name="T2310"/><temp name="T2230"/><temp name="T2082"/><temp name="T2070"/><temp name="T2213"/><temp name="T2249"/><temp name="T2281"/><temp name="T2103"/><temp name="T2251"/><temp name="T2202"/><temp name="T2244"/><temp name="T2314"/><temp name="T2185"/><temp name="T2191"/><temp name="T2161"/><temp name="T2115"/><temp name="T2206"/><temp name="T28"/><temp name="T2096"/><temp name="T2170"/><temp name="T2255"/><temp name="T2088"/><temp name="T780"/><temp name="T2118"/><temp name="T779"/><temp name="T2157"/><temp name="T2228"/><temp name="T2240"/><temp name="T2275"/><temp name="T2135"/><temp name="T2092"/><temp name="T2141"/><temp name="T2234"/><temp name="T2294"/><temp name="T2239"/><temp name="T2287"/><temp name="T2179"/></temps><temps name="out"><temp name="T2290"/><temp name="T2263"/><temp name="T2111"/><temp name="T2078"/><temp name="T2149"/><temp name="T2132"/><temp name="T2188"/><temp name="T2124"/><temp name="T2165"/><temp name="T2175"/><temp name="T2197"/><temp name="T2270"/><temp name="T2108"/><temp name="T2277"/><temp name="T2320"/><temp name="T2326"/><temp name="T2154"/><temp name="T2310"/><temp name="T2230"/><temp name="T2082"/><temp name="T2070"/><temp name="T2213"/><temp name="T2249"/><temp name="T2281"/><temp name="T2103"/><temp name="T2251"/><temp name="T2202"/><temp name="T2244"/><temp name="T2314"/><temp name="T2185"/><temp name="T2191"/><temp name="T2161"/><temp name="T2115"/><temp name="T2206"/><temp name="T28"/><temp name="T2096"/><temp name="T2170"/><temp name="T2255"/><temp name="T2088"/><temp name="T2118"/><temp name="T2157"/><temp name="T2228"/><temp name="T2240"/><temp name="T2275"/><temp name="T2135"/><temp name="T2092"/><temp name="T2141"/><temp name="T2234"/><temp name="T2294"/><temp name="T2138"/><temp name="T2239"/><temp name="T2287"/><temp name="T2179"/></temps></instruction><instruction code="OR T781, T2138, 0"><temps name="use"><temp name="T2138"/></temps><temps name="def"><temp name="T781"/></temps><temps name="in"><temp name="T2290"/><temp name="T2263"/><temp name="T2111"/><temp name="T2078"/><temp name="T2149"/><temp name="T2132"/><temp name="T2188"/><temp name="T2124"/><temp name="T2165"/><temp name="T2175"/><temp name="T2197"/><temp name="T2270"/><temp name="T2108"/><temp name="T2277"/><temp name="T2320"/><temp name="T2326"/><temp name="T2154"/><temp name="T2310"/><temp name="T2230"/><temp name="T2082"/><temp name="T2070"/><temp name="T2213"/><temp name="T2249"/><temp name="T2281"/><temp name="T2103"/><temp name="T2251"/><temp name="T2202"/><temp name="T2244"/><temp name="T2314"/><temp name="T2185"/><temp name="T2191"/><temp name="T2161"/><temp name="T2115"/><temp name="T2206"/><temp name="T28"/><temp name="T2096"/><temp name="T2170"/><temp name="T2255"/><temp name="T2088"/><temp name="T2118"/><temp name="T2157"/><temp name="T2228"/><temp name="T2240"/><temp name="T2275"/><temp name="T2135"/><temp name="T2092"/><temp name="T2141"/><temp name="T2234"/><temp name="T2294"/><temp name="T2138"/><temp name="T2239"/><temp name="T2287"/><temp name="T2179"/></temps><temps name="out"><temp name="T2290"/><temp name="T2263"/><temp name="T2111"/><temp name="T2078"/><temp name="T2149"/><temp name="T2132"/><temp name="T2188"/><temp name="T2124"/><temp name="T2165"/><temp name="T2175"/><temp name="T2197"/><temp name="T2270"/><temp name="T2108"/><temp name="T2277"/><temp name="T2320"/><temp name="T2326"/><temp name="T2154"/><temp name="T2310"/><temp name="T2230"/><temp name="T2082"/><temp name="T2070"/><temp name="T2213"/><temp name="T2249"/><temp name="T2281"/><temp name="T2103"/><temp name="T2251"/><temp name="T2202"/><temp name="T2244"/><temp name="T2314"/><temp name="T2185"/><temp name="T2191"/><temp name="T2161"/><temp name="T2115"/><temp name="T781"/><temp name="T2206"/><temp name="T28"/><temp name="T2096"/><temp name="T2170"/><temp name="T2255"/><temp name="T2088"/><temp name="T2118"/><temp name="T2157"/><temp name="T2228"/><temp name="T2240"/><temp name="T2275"/><temp name="T2135"/><temp name="T2092"/><temp name="T2141"/><temp name="T2234"/><temp name="T2294"/><temp name="T2239"/><temp name="T2287"/><temp name="T2179"/></temps></instruction><instruction code="LDO T2142, T2141, 0"><temps name="use"><temp name="T2141"/></temps><temps name="def"><temp name="T2142"/></temps><temps name="in"><temp name="T2290"/><temp name="T2263"/><temp name="T2111"/><temp name="T2078"/><temp name="T2149"/><temp name="T2132"/><temp name="T2188"/><temp name="T2124"/><temp name="T2165"/><temp name="T2175"/><temp name="T2197"/><temp name="T2270"/><temp name="T2108"/><temp name="T2277"/><temp name="T2320"/><temp name="T2326"/><temp name="T2154"/><temp name="T2310"/><temp name="T2230"/><temp name="T2082"/><temp name="T2070"/><temp name="T2213"/><temp name="T2249"/><temp name="T2281"/><temp name="T2103"/><temp name="T2251"/><temp name="T2202"/><temp name="T2244"/><temp name="T2314"/><temp name="T2185"/><temp name="T2191"/><temp name="T2161"/><temp name="T2115"/><temp name="T781"/><temp name="T2206"/><temp name="T28"/><temp name="T2096"/><temp name="T2170"/><temp name="T2255"/><temp name="T2088"/><temp name="T2118"/><temp name="T2157"/><temp name="T2228"/><temp name="T2240"/><temp name="T2275"/><temp name="T2135"/><temp name="T2092"/><temp name="T2141"/><temp name="T2234"/><temp name="T2294"/><temp name="T2239"/><temp name="T2287"/><temp name="T2179"/></temps><temps name="out"><temp name="T2290"/><temp name="T2263"/><temp name="T2111"/><temp name="T2078"/><temp name="T2149"/><temp name="T2132"/><temp name="T2188"/><temp name="T2124"/><temp name="T2165"/><temp name="T2175"/><temp name="T2197"/><temp name="T2270"/><temp name="T2108"/><temp name="T2277"/><temp name="T2320"/><temp name="T2142"/><temp name="T2326"/><temp name="T2154"/><temp name="T2310"/><temp name="T2230"/><temp name="T2082"/><temp name="T2070"/><temp name="T2213"/><temp name="T2249"/><temp name="T2281"/><temp name="T2103"/><temp name="T2251"/><temp name="T2202"/><temp name="T2244"/><temp name="T2314"/><temp name="T2185"/><temp name="T2191"/><temp name="T2161"/><temp name="T2115"/><temp name="T781"/><temp name="T2206"/><temp name="T28"/><temp name="T2096"/><temp name="T2170"/><temp name="T2255"/><temp name="T2088"/><temp name="T2118"/><temp name="T2157"/><temp name="T2228"/><temp name="T2240"/><temp name="T2275"/><temp name="T2135"/><temp name="T2092"/><temp name="T2141"/><temp name="T2234"/><temp name="T2294"/><temp name="T2239"/><temp name="T2287"/><temp name="T2179"/></temps></instruction><instruction code="STO T2142, T781, 0"><temps name="use"><temp name="T2142"/><temp name="T781"/></temps><temps name="def"/><temps name="in"><temp name="T2290"/><temp name="T2263"/><temp name="T2111"/><temp name="T2078"/><temp name="T2149"/><temp name="T2132"/><temp name="T2188"/><temp name="T2124"/><temp name="T2165"/><temp name="T2175"/><temp name="T2197"/><temp name="T2270"/><temp name="T2108"/><temp name="T2277"/><temp name="T2320"/><temp name="T2142"/><temp name="T2326"/><temp name="T2154"/><temp name="T2310"/><temp name="T2230"/><temp name="T2082"/><temp name="T2070"/><temp name="T2213"/><temp name="T2249"/><temp name="T2281"/><temp name="T2103"/><temp name="T2251"/><temp name="T2202"/><temp name="T2244"/><temp name="T2314"/><temp name="T2185"/><temp name="T2191"/><temp name="T2161"/><temp name="T2115"/><temp name="T781"/><temp name="T2206"/><temp name="T28"/><temp name="T2096"/><temp name="T2170"/><temp name="T2255"/><temp name="T2088"/><temp name="T2118"/><temp name="T2157"/><temp name="T2228"/><temp name="T2240"/><temp name="T2275"/><temp name="T2135"/><temp name="T2092"/><temp name="T2141"/><temp name="T2234"/><temp name="T2294"/><temp name="T2239"/><temp name="T2287"/><temp name="T2179"/></temps><temps name="out"><temp name="T2290"/><temp name="T2263"/><temp name="T2111"/><temp name="T2078"/><temp name="T2149"/><temp name="T2132"/><temp name="T2188"/><temp name="T2124"/><temp name="T2165"/><temp name="T2175"/><temp name="T2197"/><temp name="T2270"/><temp name="T2108"/><temp name="T2277"/><temp name="T2320"/><temp name="T2326"/><temp name="T2154"/><temp name="T2310"/><temp name="T2230"/><temp name="T2082"/><temp name="T2070"/><temp name="T2213"/><temp name="T2249"/><temp name="T2281"/><temp name="T2103"/><temp name="T2251"/><temp name="T2202"/><temp name="T2244"/><temp name="T2314"/><temp name="T2185"/><temp name="T2191"/><temp name="T2161"/><temp name="T2115"/><temp name="T2206"/><temp name="T28"/><temp name="T2096"/><temp name="T2170"/><temp name="T2255"/><temp name="T2088"/><temp name="T2118"/><temp name="T2157"/><temp name="T2228"/><temp name="T2240"/><temp name="T2275"/><temp name="T2135"/><temp name="T2092"/><temp name="T2141"/><temp name="T2234"/><temp name="T2294"/><temp name="T2239"/><temp name="T2287"/><temp name="T2179"/></temps></instruction><instruction code="LDA T2143, L89"><temps name="use"/><temps name="def"><temp name="T2143"/></temps><temps name="in"><temp name="T2290"/><temp name="T2263"/><temp name="T2111"/><temp name="T2078"/><temp name="T2149"/><temp name="T2132"/><temp name="T2188"/><temp name="T2124"/><temp name="T2165"/><temp name="T2175"/><temp name="T2197"/><temp name="T2270"/><temp name="T2108"/><temp name="T2277"/><temp name="T2320"/><temp name="T2326"/><temp name="T2154"/><temp name="T2310"/><temp name="T2230"/><temp name="T2082"/><temp name="T2070"/><temp name="T2213"/><temp name="T2249"/><temp name="T2281"/><temp name="T2103"/><temp name="T2251"/><temp name="T2202"/><temp name="T2244"/><temp name="T2314"/><temp name="T2185"/><temp name="T2191"/><temp name="T2161"/><temp name="T2115"/><temp name="T2206"/><temp name="T28"/><temp name="T2096"/><temp name="T2170"/><temp name="T2255"/><temp name="T2088"/><temp name="T2118"/><temp name="T2157"/><temp name="T2228"/><temp name="T2240"/><temp name="T2275"/><temp name="T2135"/><temp name="T2092"/><temp name="T2141"/><temp name="T2234"/><temp name="T2294"/><temp name="T2239"/><temp name="T2287"/><temp name="T2179"/></temps><temps name="out"><temp name="T2290"/><temp name="T2263"/><temp name="T2111"/><temp name="T2078"/><temp name="T2149"/><temp name="T2132"/><temp name="T2188"/><temp name="T2124"/><temp name="T2165"/><temp name="T2175"/><temp name="T2197"/><temp name="T2270"/><temp name="T2108"/><temp name="T2277"/><temp name="T2320"/><temp name="T2326"/><temp name="T2154"/><temp name="T2310"/><temp name="T2230"/><temp name="T2082"/><temp name="T2070"/><temp name="T2213"/><temp name="T2249"/><temp name="T2281"/><temp name="T2143"/><temp name="T2103"/><temp name="T2251"/><temp name="T2202"/><temp name="T2244"/><temp name="T2314"/><temp name="T2185"/><temp name="T2191"/><temp name="T2161"/><temp name="T2115"/><temp name="T2206"/><temp name="T28"/><temp name="T2096"/><temp name="T2170"/><temp name="T2255"/><temp name="T2088"/><temp name="T2118"/><temp name="T2157"/><temp name="T2228"/><temp name="T2240"/><temp name="T2275"/><temp name="T2135"/><temp name="T2092"/><temp name="T2141"/><temp name="T2234"/><temp name="T2294"/><temp name="T2239"/><temp name="T2287"/><temp name="T2179"/></temps></instruction><instruction code="GO T2143, T2143, 0"><temps name="use"><temp name="T2143"/></temps><temps name="def"><temp name="T2143"/></temps><temps name="in"><temp name="T2290"/><temp name="T2263"/><temp name="T2111"/><temp name="T2078"/><temp name="T2149"/><temp name="T2132"/><temp name="T2188"/><temp name="T2124"/><temp name="T2165"/><temp name="T2175"/><temp name="T2197"/><temp name="T2270"/><temp name="T2108"/><temp name="T2277"/><temp name="T2320"/><temp name="T2326"/><temp name="T2154"/><temp name="T2310"/><temp name="T2230"/><temp name="T2082"/><temp name="T2070"/><temp name="T2213"/><temp name="T2249"/><temp name="T2281"/><temp name="T2143"/><temp name="T2103"/><temp name="T2251"/><temp name="T2202"/><temp name="T2244"/><temp name="T2314"/><temp name="T2185"/><temp name="T2191"/><temp name="T2161"/><temp name="T2115"/><temp name="T2206"/><temp name="T28"/><temp name="T2096"/><temp name="T2170"/><temp name="T2255"/><temp name="T2088"/><temp name="T2118"/><temp name="T2157"/><temp name="T2228"/><temp name="T2240"/><temp name="T2275"/><temp name="T2135"/><temp name="T2092"/><temp name="T2141"/><temp name="T2234"/><temp name="T2294"/><temp name="T2239"/><temp name="T2287"/><temp name="T2179"/></temps><temps name="out"><temp name="T2290"/><temp name="T2263"/><temp name="T2111"/><temp name="T2078"/><temp name="T2149"/><temp name="T2132"/><temp name="T2188"/><temp name="T2124"/><temp name="T2165"/><temp name="T2175"/><temp name="T2197"/><temp name="T2270"/><temp name="T2108"/><temp name="T2277"/><temp name="T2320"/><temp name="T2326"/><temp name="T2154"/><temp name="T2310"/><temp name="T2230"/><temp name="T2082"/><temp name="T2070"/><temp name="T2213"/><temp name="T2249"/><temp name="T2281"/><temp name="T2103"/><temp name="T2251"/><temp name="T2202"/><temp name="T2244"/><temp name="T2314"/><temp name="T2185"/><temp name="T2191"/><temp name="T2161"/><temp name="T2115"/><temp name="T2206"/><temp name="T28"/><temp name="T2096"/><temp name="T2170"/><temp name="T2255"/><temp name="T2088"/><temp name="T2118"/><temp name="T2157"/><temp name="T2228"/><temp name="T2240"/><temp name="T2275"/><temp name="T2135"/><temp name="T2092"/><temp name="T2141"/><temp name="T2234"/><temp name="T2294"/><temp name="T2239"/><temp name="T2287"/><temp name="T2179"/></temps></instruction><instruction code="L91"><temps name="use"/><temps name="def"/><temps name="in"><temp name="T2185"/><temp name="T2191"/><temp name="T2290"/><temp name="T2161"/><temp name="T2263"/><temp name="T2206"/><temp name="T2149"/><temp name="T28"/><temp name="T2170"/><temp name="T2255"/><temp name="T2188"/><temp name="T2165"/><temp name="T2175"/><temp name="T2197"/><temp name="T2270"/><temp name="T2277"/><temp name="T2157"/><temp name="T2320"/><temp name="T2326"/><temp name="T2154"/><temp name="T2310"/><temp name="T2230"/><temp name="T2228"/><temp name="T2240"/><temp name="T2213"/><temp name="T2249"/><temp name="T2275"/><temp name="T2281"/><temp name="T2251"/><temp name="T2202"/><temp name="T2234"/><temp name="T2294"/><temp name="T2244"/><temp name="T2239"/><temp name="T2287"/><temp name="T2179"/><temp name="T2314"/></temps><temps name="out"><temp name="T2185"/><temp name="T2191"/><temp name="T2290"/><temp name="T2161"/><temp name="T2263"/><temp name="T2206"/><temp name="T2149"/><temp name="T28"/><temp name="T2170"/><temp name="T2255"/><temp name="T2188"/><temp name="T2165"/><temp name="T2175"/><temp name="T2197"/><temp name="T2270"/><temp name="T2277"/><temp name="T2157"/><temp name="T2320"/><temp name="T2326"/><temp name="T2154"/><temp name="T2310"/><temp name="T2230"/><temp name="T2228"/><temp name="T2240"/><temp name="T2213"/><temp name="T2249"/><temp name="T2275"/><temp name="T2281"/><temp name="T2251"/><temp name="T2202"/><temp name="T2234"/><temp name="T2294"/><temp name="T2244"/><temp name="T2239"/><temp name="T2287"/><temp name="T2179"/><temp name="T2314"/></temps></instruction><instruction code="SETL  T2144, 0"><temps name="use"/><temps name="def"><temp name="T2144"/></temps><temps name="in"><temp name="T2185"/><temp name="T2191"/><temp name="T2290"/><temp name="T2161"/><temp name="T2263"/><temp name="T2206"/><temp name="T2149"/><temp name="T28"/><temp name="T2170"/><temp name="T2255"/><temp name="T2188"/><temp name="T2165"/><temp name="T2175"/><temp name="T2197"/><temp name="T2270"/><temp name="T2277"/><temp name="T2157"/><temp name="T2320"/><temp name="T2326"/><temp name="T2154"/><temp name="T2310"/><temp name="T2230"/><temp name="T2228"/><temp name="T2240"/><temp name="T2213"/><temp name="T2249"/><temp name="T2275"/><temp name="T2281"/><temp name="T2251"/><temp name="T2202"/><temp name="T2234"/><temp name="T2294"/><temp name="T2244"/><temp name="T2239"/><temp name="T2287"/><temp name="T2179"/><temp name="T2314"/></temps><temps name="out"><temp name="T2185"/><temp name="T2191"/><temp name="T2290"/><temp name="T2161"/><temp name="T2263"/><temp name="T2206"/><temp name="T2149"/><temp name="T28"/><temp name="T2170"/><temp name="T2255"/><temp name="T2188"/><temp name="T2165"/><temp name="T2175"/><temp name="T2197"/><temp name="T2270"/><temp name="T2277"/><temp name="T2157"/><temp name="T2320"/><temp name="T2326"/><temp name="T2154"/><temp name="T2310"/><temp name="T2230"/><temp name="T2228"/><temp name="T2240"/><temp name="T2213"/><temp name="T2249"/><temp name="T2275"/><temp name="T2281"/><temp name="T2251"/><temp name="T2202"/><temp name="T2234"/><temp name="T2294"/><temp name="T2244"/><temp name="T2239"/><temp name="T2287"/><temp name="T2179"/><temp name="T2314"/></temps></instruction><instruction code="INCML T2144, 0"><temps name="use"/><temps name="def"><temp name="T2144"/></temps><temps name="in"><temp name="T2185"/><temp name="T2191"/><temp name="T2290"/><temp name="T2161"/><temp name="T2263"/><temp name="T2206"/><temp name="T2149"/><temp name="T28"/><temp name="T2170"/><temp name="T2255"/><temp name="T2188"/><temp name="T2165"/><temp name="T2175"/><temp name="T2197"/><temp name="T2270"/><temp name="T2277"/><temp name="T2157"/><temp name="T2320"/><temp name="T2326"/><temp name="T2154"/><temp name="T2310"/><temp name="T2230"/><temp name="T2228"/><temp name="T2240"/><temp name="T2213"/><temp name="T2249"/><temp name="T2275"/><temp name="T2281"/><temp name="T2251"/><temp name="T2202"/><temp name="T2234"/><temp name="T2294"/><temp name="T2244"/><temp name="T2239"/><temp name="T2287"/><temp name="T2179"/><temp name="T2314"/></temps><temps name="out"><temp name="T2185"/><temp name="T2191"/><temp name="T2290"/><temp name="T2161"/><temp name="T2263"/><temp name="T2206"/><temp name="T2149"/><temp name="T28"/><temp name="T2170"/><temp name="T2255"/><temp name="T2188"/><temp name="T2165"/><temp name="T2175"/><temp name="T2197"/><temp name="T2270"/><temp name="T2277"/><temp name="T2157"/><temp name="T2320"/><temp name="T2326"/><temp name="T2154"/><temp name="T2310"/><temp name="T2230"/><temp name="T2228"/><temp name="T2240"/><temp name="T2213"/><temp name="T2249"/><temp name="T2275"/><temp name="T2281"/><temp name="T2251"/><temp name="T2202"/><temp name="T2234"/><temp name="T2294"/><temp name="T2244"/><temp name="T2239"/><temp name="T2287"/><temp name="T2179"/><temp name="T2314"/></temps></instruction><instruction code="INCMH T2144, 0"><temps name="use"/><temps name="def"><temp name="T2144"/></temps><temps name="in"><temp name="T2185"/><temp name="T2191"/><temp name="T2290"/><temp name="T2161"/><temp name="T2263"/><temp name="T2206"/><temp name="T2149"/><temp name="T28"/><temp name="T2170"/><temp name="T2255"/><temp name="T2188"/><temp name="T2165"/><temp name="T2175"/><temp name="T2197"/><temp name="T2270"/><temp name="T2277"/><temp name="T2157"/><temp name="T2320"/><temp name="T2326"/><temp name="T2154"/><temp name="T2310"/><temp name="T2230"/><temp name="T2228"/><temp name="T2240"/><temp name="T2213"/><temp name="T2249"/><temp name="T2275"/><temp name="T2281"/><temp name="T2251"/><temp name="T2202"/><temp name="T2234"/><temp name="T2294"/><temp name="T2244"/><temp name="T2239"/><temp name="T2287"/><temp name="T2179"/><temp name="T2314"/></temps><temps name="out"><temp name="T2185"/><temp name="T2191"/><temp name="T2290"/><temp name="T2161"/><temp name="T2263"/><temp name="T2206"/><temp name="T2149"/><temp name="T28"/><temp name="T2170"/><temp name="T2255"/><temp name="T2188"/><temp name="T2165"/><temp name="T2175"/><temp name="T2197"/><temp name="T2270"/><temp name="T2277"/><temp name="T2157"/><temp name="T2320"/><temp name="T2326"/><temp name="T2154"/><temp name="T2310"/><temp name="T2230"/><temp name="T2228"/><temp name="T2240"/><temp name="T2213"/><temp name="T2249"/><temp name="T2275"/><temp name="T2281"/><temp name="T2251"/><temp name="T2202"/><temp name="T2234"/><temp name="T2294"/><temp name="T2244"/><temp name="T2239"/><temp name="T2287"/><temp name="T2179"/><temp name="T2314"/></temps></instruction><instruction code="INCH  T2144, 0"><temps name="use"/><temps name="def"><temp name="T2144"/></temps><temps name="in"><temp name="T2185"/><temp name="T2191"/><temp name="T2290"/><temp name="T2161"/><temp name="T2263"/><temp name="T2206"/><temp name="T2149"/><temp name="T28"/><temp name="T2170"/><temp name="T2255"/><temp name="T2188"/><temp name="T2165"/><temp name="T2175"/><temp name="T2197"/><temp name="T2270"/><temp name="T2277"/><temp name="T2157"/><temp name="T2320"/><temp name="T2326"/><temp name="T2154"/><temp name="T2310"/><temp name="T2230"/><temp name="T2228"/><temp name="T2240"/><temp name="T2213"/><temp name="T2249"/><temp name="T2275"/><temp name="T2281"/><temp name="T2251"/><temp name="T2202"/><temp name="T2234"/><temp name="T2294"/><temp name="T2244"/><temp name="T2239"/><temp name="T2287"/><temp name="T2179"/><temp name="T2314"/></temps><temps name="out"><temp name="T2185"/><temp name="T2191"/><temp name="T2290"/><temp name="T2161"/><temp name="T2263"/><temp name="T2206"/><temp name="T2149"/><temp name="T28"/><temp name="T2170"/><temp name="T2255"/><temp name="T2188"/><temp name="T2165"/><temp name="T2175"/><temp name="T2197"/><temp name="T2270"/><temp name="T2277"/><temp name="T2157"/><temp name="T2320"/><temp name="T2326"/><temp name="T2154"/><temp name="T2310"/><temp name="T2230"/><temp name="T2228"/><temp name="T2240"/><temp name="T2213"/><temp name="T2144"/><temp name="T2249"/><temp name="T2275"/><temp name="T2281"/><temp name="T2251"/><temp name="T2202"/><temp name="T2234"/><temp name="T2294"/><temp name="T2244"/><temp name="T2239"/><temp name="T2287"/><temp name="T2179"/><temp name="T2314"/></temps></instruction><instruction code="OR T782, T2144, 0"><temps name="use"><temp name="T2144"/></temps><temps name="def"><temp name="T782"/></temps><temps name="in"><temp name="T2185"/><temp name="T2191"/><temp name="T2290"/><temp name="T2161"/><temp name="T2263"/><temp name="T2206"/><temp name="T2149"/><temp name="T28"/><temp name="T2170"/><temp name="T2255"/><temp name="T2188"/><temp name="T2165"/><temp name="T2175"/><temp name="T2197"/><temp name="T2270"/><temp name="T2277"/><temp name="T2157"/><temp name="T2320"/><temp name="T2326"/><temp name="T2154"/><temp name="T2310"/><temp name="T2230"/><temp name="T2228"/><temp name="T2240"/><temp name="T2213"/><temp name="T2144"/><temp name="T2249"/><temp name="T2275"/><temp name="T2281"/><temp name="T2251"/><temp name="T2202"/><temp name="T2234"/><temp name="T2294"/><temp name="T2244"/><temp name="T2239"/><temp name="T2287"/><temp name="T2179"/><temp name="T2314"/></temps><temps name="out"><temp name="T2185"/><temp name="T2191"/><temp name="T2290"/><temp name="T2161"/><temp name="T2263"/><temp name="T2206"/><temp name="T2149"/><temp name="T28"/><temp name="T2170"/><temp name="T2255"/><temp name="T2188"/><temp name="T2165"/><temp name="T2175"/><temp name="T2197"/><temp name="T2270"/><temp name="T2277"/><temp name="T2157"/><temp name="T2320"/><temp name="T2326"/><temp name="T2154"/><temp name="T2310"/><temp name="T2230"/><temp name="T2228"/><temp name="T2240"/><temp name="T2213"/><temp name="T2249"/><temp name="T2275"/><temp name="T2281"/><temp name="T2251"/><temp name="T2202"/><temp name="T2234"/><temp name="T2294"/><temp name="T2244"/><temp name="T2239"/><temp name="T2287"/><temp name="T2179"/><temp name="T2314"/><temp name="T782"/></temps></instruction><instruction code="SETL  T2145, 10"><temps name="use"/><temps name="def"><temp name="T2145"/></temps><temps name="in"><temp name="T2185"/><temp name="T2191"/><temp name="T2290"/><temp name="T2161"/><temp name="T2263"/><temp name="T2206"/><temp name="T2149"/><temp name="T28"/><temp name="T2170"/><temp name="T2255"/><temp name="T2188"/><temp name="T2165"/><temp name="T2175"/><temp name="T2197"/><temp name="T2270"/><temp name="T2277"/><temp name="T2157"/><temp name="T2320"/><temp name="T2326"/><temp name="T2154"/><temp name="T2310"/><temp name="T2230"/><temp name="T2228"/><temp name="T2240"/><temp name="T2213"/><temp name="T2249"/><temp name="T2275"/><temp name="T2281"/><temp name="T2251"/><temp name="T2202"/><temp name="T2234"/><temp name="T2294"/><temp name="T2244"/><temp name="T2239"/><temp name="T2287"/><temp name="T2179"/><temp name="T2314"/><temp name="T782"/></temps><temps name="out"><temp name="T2185"/><temp name="T2191"/><temp name="T2290"/><temp name="T2161"/><temp name="T2263"/><temp name="T2206"/><temp name="T2149"/><temp name="T28"/><temp name="T2170"/><temp name="T2255"/><temp name="T2188"/><temp name="T2165"/><temp name="T2175"/><temp name="T2197"/><temp name="T2270"/><temp name="T2277"/><temp name="T2157"/><temp name="T2320"/><temp name="T2326"/><temp name="T2154"/><temp name="T2310"/><temp name="T2230"/><temp name="T2228"/><temp name="T2240"/><temp name="T2213"/><temp name="T2249"/><temp name="T2275"/><temp name="T2281"/><temp name="T2251"/><temp name="T2202"/><temp name="T2234"/><temp name="T2294"/><temp name="T2244"/><temp name="T2239"/><temp name="T2287"/><temp name="T2179"/><temp name="T2314"/><temp name="T782"/></temps></instruction><instruction code="INCML T2145, 0"><temps name="use"/><temps name="def"><temp name="T2145"/></temps><temps name="in"><temp name="T2185"/><temp name="T2191"/><temp name="T2290"/><temp name="T2161"/><temp name="T2263"/><temp name="T2206"/><temp name="T2149"/><temp name="T28"/><temp name="T2170"/><temp name="T2255"/><temp name="T2188"/><temp name="T2165"/><temp name="T2175"/><temp name="T2197"/><temp name="T2270"/><temp name="T2277"/><temp name="T2157"/><temp name="T2320"/><temp name="T2326"/><temp name="T2154"/><temp name="T2310"/><temp name="T2230"/><temp name="T2228"/><temp name="T2240"/><temp name="T2213"/><temp name="T2249"/><temp name="T2275"/><temp name="T2281"/><temp name="T2251"/><temp name="T2202"/><temp name="T2234"/><temp name="T2294"/><temp name="T2244"/><temp name="T2239"/><temp name="T2287"/><temp name="T2179"/><temp name="T2314"/><temp name="T782"/></temps><temps name="out"><temp name="T2185"/><temp name="T2191"/><temp name="T2290"/><temp name="T2161"/><temp name="T2263"/><temp name="T2206"/><temp name="T2149"/><temp name="T28"/><temp name="T2170"/><temp name="T2255"/><temp name="T2188"/><temp name="T2165"/><temp name="T2175"/><temp name="T2197"/><temp name="T2270"/><temp name="T2277"/><temp name="T2157"/><temp name="T2320"/><temp name="T2326"/><temp name="T2154"/><temp name="T2310"/><temp name="T2230"/><temp name="T2228"/><temp name="T2240"/><temp name="T2213"/><temp name="T2249"/><temp name="T2275"/><temp name="T2281"/><temp name="T2251"/><temp name="T2202"/><temp name="T2234"/><temp name="T2294"/><temp name="T2244"/><temp name="T2239"/><temp name="T2287"/><temp name="T2179"/><temp name="T2314"/><temp name="T782"/></temps></instruction><instruction code="INCMH T2145, 0"><temps name="use"/><temps name="def"><temp name="T2145"/></temps><temps name="in"><temp name="T2185"/><temp name="T2191"/><temp name="T2290"/><temp name="T2161"/><temp name="T2263"/><temp name="T2206"/><temp name="T2149"/><temp name="T28"/><temp name="T2170"/><temp name="T2255"/><temp name="T2188"/><temp name="T2165"/><temp name="T2175"/><temp name="T2197"/><temp name="T2270"/><temp name="T2277"/><temp name="T2157"/><temp name="T2320"/><temp name="T2326"/><temp name="T2154"/><temp name="T2310"/><temp name="T2230"/><temp name="T2228"/><temp name="T2240"/><temp name="T2213"/><temp name="T2249"/><temp name="T2275"/><temp name="T2281"/><temp name="T2251"/><temp name="T2202"/><temp name="T2234"/><temp name="T2294"/><temp name="T2244"/><temp name="T2239"/><temp name="T2287"/><temp name="T2179"/><temp name="T2314"/><temp name="T782"/></temps><temps name="out"><temp name="T2185"/><temp name="T2191"/><temp name="T2290"/><temp name="T2161"/><temp name="T2263"/><temp name="T2206"/><temp name="T2149"/><temp name="T28"/><temp name="T2170"/><temp name="T2255"/><temp name="T2188"/><temp name="T2165"/><temp name="T2175"/><temp name="T2197"/><temp name="T2270"/><temp name="T2277"/><temp name="T2157"/><temp name="T2320"/><temp name="T2326"/><temp name="T2154"/><temp name="T2310"/><temp name="T2230"/><temp name="T2228"/><temp name="T2240"/><temp name="T2213"/><temp name="T2249"/><temp name="T2275"/><temp name="T2281"/><temp name="T2251"/><temp name="T2202"/><temp name="T2234"/><temp name="T2294"/><temp name="T2244"/><temp name="T2239"/><temp name="T2287"/><temp name="T2179"/><temp name="T2314"/><temp name="T782"/></temps></instruction><instruction code="INCH  T2145, 0"><temps name="use"/><temps name="def"><temp name="T2145"/></temps><temps name="in"><temp name="T2185"/><temp name="T2191"/><temp name="T2290"/><temp name="T2161"/><temp name="T2263"/><temp name="T2206"/><temp name="T2149"/><temp name="T28"/><temp name="T2170"/><temp name="T2255"/><temp name="T2188"/><temp name="T2165"/><temp name="T2175"/><temp name="T2197"/><temp name="T2270"/><temp name="T2277"/><temp name="T2157"/><temp name="T2320"/><temp name="T2326"/><temp name="T2154"/><temp name="T2310"/><temp name="T2230"/><temp name="T2228"/><temp name="T2240"/><temp name="T2213"/><temp name="T2249"/><temp name="T2275"/><temp name="T2281"/><temp name="T2251"/><temp name="T2202"/><temp name="T2234"/><temp name="T2294"/><temp name="T2244"/><temp name="T2239"/><temp name="T2287"/><temp name="T2179"/><temp name="T2314"/><temp name="T782"/></temps><temps name="out"><temp name="T2185"/><temp name="T2191"/><temp name="T2290"/><temp name="T2161"/><temp name="T2263"/><temp name="T2206"/><temp name="T2149"/><temp name="T28"/><temp name="T2170"/><temp name="T2255"/><temp name="T2145"/><temp name="T2188"/><temp name="T2165"/><temp name="T2175"/><temp name="T2197"/><temp name="T2270"/><temp name="T2277"/><temp name="T2157"/><temp name="T2320"/><temp name="T2326"/><temp name="T2154"/><temp name="T2310"/><temp name="T2230"/><temp name="T2228"/><temp name="T2240"/><temp name="T2213"/><temp name="T2249"/><temp name="T2275"/><temp name="T2281"/><temp name="T2251"/><temp name="T2202"/><temp name="T2234"/><temp name="T2294"/><temp name="T2244"/><temp name="T2239"/><temp name="T2287"/><temp name="T2179"/><temp name="T2314"/><temp name="T782"/></temps></instruction><instruction code="OR T783, T2145, 0"><temps name="use"><temp name="T2145"/></temps><temps name="def"><temp name="T783"/></temps><temps name="in"><temp name="T2185"/><temp name="T2191"/><temp name="T2290"/><temp name="T2161"/><temp name="T2263"/><temp name="T2206"/><temp name="T2149"/><temp name="T28"/><temp name="T2170"/><temp name="T2255"/><temp name="T2145"/><temp name="T2188"/><temp name="T2165"/><temp name="T2175"/><temp name="T2197"/><temp name="T2270"/><temp name="T2277"/><temp name="T2157"/><temp name="T2320"/><temp name="T2326"/><temp name="T2154"/><temp name="T2310"/><temp name="T2230"/><temp name="T2228"/><temp name="T2240"/><temp name="T2213"/><temp name="T2249"/><temp name="T2275"/><temp name="T2281"/><temp name="T2251"/><temp name="T2202"/><temp name="T2234"/><temp name="T2294"/><temp name="T2244"/><temp name="T2239"/><temp name="T2287"/><temp name="T2179"/><temp name="T2314"/><temp name="T782"/></temps><temps name="out"><temp name="T2185"/><temp name="T2191"/><temp name="T2290"/><temp name="T2161"/><temp name="T2263"/><temp name="T2206"/><temp name="T2149"/><temp name="T28"/><temp name="T2170"/><temp name="T2255"/><temp name="T783"/><temp name="T2188"/><temp name="T2165"/><temp name="T2175"/><temp name="T2197"/><temp name="T2270"/><temp name="T2277"/><temp name="T2157"/><temp name="T2320"/><temp name="T2326"/><temp name="T2154"/><temp name="T2310"/><temp name="T2230"/><temp name="T2228"/><temp name="T2240"/><temp name="T2213"/><temp name="T2249"/><temp name="T2275"/><temp name="T2281"/><temp name="T2251"/><temp name="T2202"/><temp name="T2234"/><temp name="T2294"/><temp name="T2244"/><temp name="T2239"/><temp name="T2287"/><temp name="T2179"/><temp name="T2314"/><temp name="T782"/></temps></instruction><instruction code="SETL  T2146, 256"><temps name="use"/><temps name="def"><temp name="T2146"/></temps><temps name="in"><temp name="T2185"/><temp name="T2191"/><temp name="T2290"/><temp name="T2161"/><temp name="T2263"/><temp name="T2206"/><temp name="T2149"/><temp name="T28"/><temp name="T2170"/><temp name="T2255"/><temp name="T783"/><temp name="T2188"/><temp name="T2165"/><temp name="T2175"/><temp name="T2197"/><temp name="T2270"/><temp name="T2277"/><temp name="T2157"/><temp name="T2320"/><temp name="T2326"/><temp name="T2154"/><temp name="T2310"/><temp name="T2230"/><temp name="T2228"/><temp name="T2240"/><temp name="T2213"/><temp name="T2249"/><temp name="T2275"/><temp name="T2281"/><temp name="T2251"/><temp name="T2202"/><temp name="T2234"/><temp name="T2294"/><temp name="T2244"/><temp name="T2239"/><temp name="T2287"/><temp name="T2179"/><temp name="T2314"/><temp name="T782"/></temps><temps name="out"><temp name="T2185"/><temp name="T2191"/><temp name="T2290"/><temp name="T2161"/><temp name="T2263"/><temp name="T2206"/><temp name="T2149"/><temp name="T28"/><temp name="T2170"/><temp name="T2255"/><temp name="T783"/><temp name="T2188"/><temp name="T2165"/><temp name="T2175"/><temp name="T2197"/><temp name="T2270"/><temp name="T2277"/><temp name="T2157"/><temp name="T2320"/><temp name="T2326"/><temp name="T2154"/><temp name="T2310"/><temp name="T2230"/><temp name="T2228"/><temp name="T2240"/><temp name="T2213"/><temp name="T2249"/><temp name="T2275"/><temp name="T2281"/><temp name="T2251"/><temp name="T2202"/><temp name="T2234"/><temp name="T2294"/><temp name="T2244"/><temp name="T2239"/><temp name="T2287"/><temp name="T2179"/><temp name="T2314"/><temp name="T782"/></temps></instruction><instruction code="INCML T2146, 0"><temps name="use"/><temps name="def"><temp name="T2146"/></temps><temps name="in"><temp name="T2185"/><temp name="T2191"/><temp name="T2290"/><temp name="T2161"/><temp name="T2263"/><temp name="T2206"/><temp name="T2149"/><temp name="T28"/><temp name="T2170"/><temp name="T2255"/><temp name="T783"/><temp name="T2188"/><temp name="T2165"/><temp name="T2175"/><temp name="T2197"/><temp name="T2270"/><temp name="T2277"/><temp name="T2157"/><temp name="T2320"/><temp name="T2326"/><temp name="T2154"/><temp name="T2310"/><temp name="T2230"/><temp name="T2228"/><temp name="T2240"/><temp name="T2213"/><temp name="T2249"/><temp name="T2275"/><temp name="T2281"/><temp name="T2251"/><temp name="T2202"/><temp name="T2234"/><temp name="T2294"/><temp name="T2244"/><temp name="T2239"/><temp name="T2287"/><temp name="T2179"/><temp name="T2314"/><temp name="T782"/></temps><temps name="out"><temp name="T2185"/><temp name="T2191"/><temp name="T2290"/><temp name="T2161"/><temp name="T2263"/><temp name="T2206"/><temp name="T2149"/><temp name="T28"/><temp name="T2170"/><temp name="T2255"/><temp name="T783"/><temp name="T2188"/><temp name="T2165"/><temp name="T2175"/><temp name="T2197"/><temp name="T2270"/><temp name="T2277"/><temp name="T2157"/><temp name="T2320"/><temp name="T2326"/><temp name="T2154"/><temp name="T2310"/><temp name="T2230"/><temp name="T2228"/><temp name="T2240"/><temp name="T2213"/><temp name="T2249"/><temp name="T2275"/><temp name="T2281"/><temp name="T2251"/><temp name="T2202"/><temp name="T2234"/><temp name="T2294"/><temp name="T2244"/><temp name="T2239"/><temp name="T2287"/><temp name="T2179"/><temp name="T2314"/><temp name="T782"/></temps></instruction><instruction code="INCMH T2146, 0"><temps name="use"/><temps name="def"><temp name="T2146"/></temps><temps name="in"><temp name="T2185"/><temp name="T2191"/><temp name="T2290"/><temp name="T2161"/><temp name="T2263"/><temp name="T2206"/><temp name="T2149"/><temp name="T28"/><temp name="T2170"/><temp name="T2255"/><temp name="T783"/><temp name="T2188"/><temp name="T2165"/><temp name="T2175"/><temp name="T2197"/><temp name="T2270"/><temp name="T2277"/><temp name="T2157"/><temp name="T2320"/><temp name="T2326"/><temp name="T2154"/><temp name="T2310"/><temp name="T2230"/><temp name="T2228"/><temp name="T2240"/><temp name="T2213"/><temp name="T2249"/><temp name="T2275"/><temp name="T2281"/><temp name="T2251"/><temp name="T2202"/><temp name="T2234"/><temp name="T2294"/><temp name="T2244"/><temp name="T2239"/><temp name="T2287"/><temp name="T2179"/><temp name="T2314"/><temp name="T782"/></temps><temps name="out"><temp name="T2185"/><temp name="T2191"/><temp name="T2290"/><temp name="T2161"/><temp name="T2263"/><temp name="T2206"/><temp name="T2149"/><temp name="T28"/><temp name="T2170"/><temp name="T2255"/><temp name="T783"/><temp name="T2188"/><temp name="T2165"/><temp name="T2175"/><temp name="T2197"/><temp name="T2270"/><temp name="T2277"/><temp name="T2157"/><temp name="T2320"/><temp name="T2326"/><temp name="T2154"/><temp name="T2310"/><temp name="T2230"/><temp name="T2228"/><temp name="T2240"/><temp name="T2213"/><temp name="T2249"/><temp name="T2275"/><temp name="T2281"/><temp name="T2251"/><temp name="T2202"/><temp name="T2234"/><temp name="T2294"/><temp name="T2244"/><temp name="T2239"/><temp name="T2287"/><temp name="T2179"/><temp name="T2314"/><temp name="T782"/></temps></instruction><instruction code="INCH  T2146, 0"><temps name="use"/><temps name="def"><temp name="T2146"/></temps><temps name="in"><temp name="T2185"/><temp name="T2191"/><temp name="T2290"/><temp name="T2161"/><temp name="T2263"/><temp name="T2206"/><temp name="T2149"/><temp name="T28"/><temp name="T2170"/><temp name="T2255"/><temp name="T783"/><temp name="T2188"/><temp name="T2165"/><temp name="T2175"/><temp name="T2197"/><temp name="T2270"/><temp name="T2277"/><temp name="T2157"/><temp name="T2320"/><temp name="T2326"/><temp name="T2154"/><temp name="T2310"/><temp name="T2230"/><temp name="T2228"/><temp name="T2240"/><temp name="T2213"/><temp name="T2249"/><temp name="T2275"/><temp name="T2281"/><temp name="T2251"/><temp name="T2202"/><temp name="T2234"/><temp name="T2294"/><temp name="T2244"/><temp name="T2239"/><temp name="T2287"/><temp name="T2179"/><temp name="T2314"/><temp name="T782"/></temps><temps name="out"><temp name="T2185"/><temp name="T2191"/><temp name="T2290"/><temp name="T2161"/><temp name="T2263"/><temp name="T2206"/><temp name="T2149"/><temp name="T28"/><temp name="T2170"/><temp name="T2255"/><temp name="T783"/><temp name="T2188"/><temp name="T2165"/><temp name="T2175"/><temp name="T2197"/><temp name="T2270"/><temp name="T2277"/><temp name="T2157"/><temp name="T2320"/><temp name="T2326"/><temp name="T2154"/><temp name="T2310"/><temp name="T2230"/><temp name="T2146"/><temp name="T2228"/><temp name="T2240"/><temp name="T2213"/><temp name="T2249"/><temp name="T2275"/><temp name="T2281"/><temp name="T2251"/><temp name="T2202"/><temp name="T2234"/><temp name="T2294"/><temp name="T2244"/><temp name="T2239"/><temp name="T2287"/><temp name="T2179"/><temp name="T2314"/><temp name="T782"/></temps></instruction><instruction code="OR T784, T2146, 0"><temps name="use"><temp name="T2146"/></temps><temps name="def"><temp name="T784"/></temps><temps name="in"><temp name="T2185"/><temp name="T2191"/><temp name="T2290"/><temp name="T2161"/><temp name="T2263"/><temp name="T2206"/><temp name="T2149"/><temp name="T28"/><temp name="T2170"/><temp name="T2255"/><temp name="T783"/><temp name="T2188"/><temp name="T2165"/><temp name="T2175"/><temp name="T2197"/><temp name="T2270"/><temp name="T2277"/><temp name="T2157"/><temp name="T2320"/><temp name="T2326"/><temp name="T2154"/><temp name="T2310"/><temp name="T2230"/><temp name="T2146"/><temp name="T2228"/><temp name="T2240"/><temp name="T2213"/><temp name="T2249"/><temp name="T2275"/><temp name="T2281"/><temp name="T2251"/><temp name="T2202"/><temp name="T2234"/><temp name="T2294"/><temp name="T2244"/><temp name="T2239"/><temp name="T2287"/><temp name="T2179"/><temp name="T2314"/><temp name="T782"/></temps><temps name="out"><temp name="T2185"/><temp name="T2191"/><temp name="T2290"/><temp name="T2161"/><temp name="T2263"/><temp name="T2206"/><temp name="T2149"/><temp name="T28"/><temp name="T2170"/><temp name="T2255"/><temp name="T783"/><temp name="T2188"/><temp name="T2165"/><temp name="T2175"/><temp name="T2197"/><temp name="T2270"/><temp name="T2277"/><temp name="T2157"/><temp name="T2320"/><temp name="T2326"/><temp name="T784"/><temp name="T2154"/><temp name="T2310"/><temp name="T2230"/><temp name="T2228"/><temp name="T2240"/><temp name="T2213"/><temp name="T2249"/><temp name="T2275"/><temp name="T2281"/><temp name="T2251"/><temp name="T2202"/><temp name="T2234"/><temp name="T2294"/><temp name="T2244"/><temp name="T2239"/><temp name="T2287"/><temp name="T2179"/><temp name="T2314"/><temp name="T782"/></temps></instruction><instruction code="DIV T2147, T783, T784"><temps name="use"><temp name="T783"/><temp name="T784"/></temps><temps name="def"><temp name="T2147"/></temps><temps name="in"><temp name="T2185"/><temp name="T2191"/><temp name="T2290"/><temp name="T2161"/><temp name="T2263"/><temp name="T2206"/><temp name="T2149"/><temp name="T28"/><temp name="T2170"/><temp name="T2255"/><temp name="T783"/><temp name="T2188"/><temp name="T2165"/><temp name="T2175"/><temp name="T2197"/><temp name="T2270"/><temp name="T2277"/><temp name="T2157"/><temp name="T2320"/><temp name="T2326"/><temp name="T784"/><temp name="T2154"/><temp name="T2310"/><temp name="T2230"/><temp name="T2228"/><temp name="T2240"/><temp name="T2213"/><temp name="T2249"/><temp name="T2275"/><temp name="T2281"/><temp name="T2251"/><temp name="T2202"/><temp name="T2234"/><temp name="T2294"/><temp name="T2244"/><temp name="T2239"/><temp name="T2287"/><temp name="T2179"/><temp name="T2314"/><temp name="T782"/></temps><temps name="out"><temp name="T2185"/><temp name="T2191"/><temp name="T2290"/><temp name="T2161"/><temp name="T2263"/><temp name="T2206"/><temp name="T2149"/><temp name="T28"/><temp name="T2170"/><temp name="T2255"/><temp name="T2188"/><temp name="T2165"/><temp name="T2175"/><temp name="T2197"/><temp name="T2270"/><temp name="T2277"/><temp name="T2157"/><temp name="T2320"/><temp name="T2326"/><temp name="T2154"/><temp name="T2310"/><temp name="T2230"/><temp name="T2228"/><temp name="T2240"/><temp name="T2213"/><temp name="T2249"/><temp name="T2275"/><temp name="T2281"/><temp name="T2251"/><temp name="T2202"/><temp name="T2234"/><temp name="T2294"/><temp name="T2244"/><temp name="T2239"/><temp name="T2287"/><temp name="T2179"/><temp name="T2314"/><temp name="T782"/></temps></instruction><instruction code="OR T2147, rR, 0"><temps name="use"/><temps name="def"><temp name="T2147"/></temps><temps name="in"><temp name="T2185"/><temp name="T2191"/><temp name="T2290"/><temp name="T2161"/><temp name="T2263"/><temp name="T2206"/><temp name="T2149"/><temp name="T28"/><temp name="T2170"/><temp name="T2255"/><temp name="T2188"/><temp name="T2165"/><temp name="T2175"/><temp name="T2197"/><temp name="T2270"/><temp name="T2277"/><temp name="T2157"/><temp name="T2320"/><temp name="T2326"/><temp name="T2154"/><temp name="T2310"/><temp name="T2230"/><temp name="T2228"/><temp name="T2240"/><temp name="T2213"/><temp name="T2249"/><temp name="T2275"/><temp name="T2281"/><temp name="T2251"/><temp name="T2202"/><temp name="T2234"/><temp name="T2294"/><temp name="T2244"/><temp name="T2239"/><temp name="T2287"/><temp name="T2179"/><temp name="T2314"/><temp name="T782"/></temps><temps name="out"><temp name="T2185"/><temp name="T2191"/><temp name="T2290"/><temp name="T2161"/><temp name="T2263"/><temp name="T2206"/><temp name="T2149"/><temp name="T28"/><temp name="T2147"/><temp name="T2170"/><temp name="T2255"/><temp name="T2188"/><temp name="T2165"/><temp name="T2175"/><temp name="T2197"/><temp name="T2270"/><temp name="T2277"/><temp name="T2157"/><temp name="T2320"/><temp name="T2326"/><temp name="T2154"/><temp name="T2310"/><temp name="T2230"/><temp name="T2228"/><temp name="T2240"/><temp name="T2213"/><temp name="T2249"/><temp name="T2275"/><temp name="T2281"/><temp name="T2251"/><temp name="T2202"/><temp name="T2234"/><temp name="T2294"/><temp name="T2244"/><temp name="T2239"/><temp name="T2287"/><temp name="T2179"/><temp name="T2314"/><temp name="T782"/></temps></instruction><instruction code="OR T785, T2147, 0"><temps name="use"><temp name="T2147"/></temps><temps name="def"><temp name="T785"/></temps><temps name="in"><temp name="T2185"/><temp name="T2191"/><temp name="T2290"/><temp name="T2161"/><temp name="T2263"/><temp name="T2206"/><temp name="T2149"/><temp name="T28"/><temp name="T2147"/><temp name="T2170"/><temp name="T2255"/><temp name="T2188"/><temp name="T2165"/><temp name="T2175"/><temp name="T2197"/><temp name="T2270"/><temp name="T2277"/><temp name="T2157"/><temp name="T2320"/><temp name="T2326"/><temp name="T2154"/><temp name="T2310"/><temp name="T2230"/><temp name="T2228"/><temp name="T2240"/><temp name="T2213"/><temp name="T2249"/><temp name="T2275"/><temp name="T2281"/><temp name="T2251"/><temp name="T2202"/><temp name="T2234"/><temp name="T2294"/><temp name="T2244"/><temp name="T2239"/><temp name="T2287"/><temp name="T2179"/><temp name="T2314"/><temp name="T782"/></temps><temps name="out"><temp name="T2185"/><temp name="T2191"/><temp name="T2290"/><temp name="T2161"/><temp name="T2263"/><temp name="T2206"/><temp name="T2149"/><temp name="T28"/><temp name="T2170"/><temp name="T785"/><temp name="T2255"/><temp name="T2188"/><temp name="T2165"/><temp name="T2175"/><temp name="T2197"/><temp name="T2270"/><temp name="T2277"/><temp name="T2157"/><temp name="T2320"/><temp name="T2326"/><temp name="T2154"/><temp name="T2310"/><temp name="T2230"/><temp name="T2228"/><temp name="T2240"/><temp name="T2213"/><temp name="T2249"/><temp name="T2275"/><temp name="T2281"/><temp name="T2251"/><temp name="T2202"/><temp name="T2234"/><temp name="T2294"/><temp name="T2244"/><temp name="T2239"/><temp name="T2287"/><temp name="T2179"/><temp name="T2314"/><temp name="T782"/></temps></instruction><instruction code="STO T782, $254, 8"><temps name="use"><temp name="T782"/></temps><temps name="def"/><temps name="in"><temp name="T2185"/><temp name="T2191"/><temp name="T2290"/><temp name="T2161"/><temp name="T2263"/><temp name="T2206"/><temp name="T2149"/><temp name="T28"/><temp name="T2170"/><temp name="T785"/><temp name="T2255"/><temp name="T2188"/><temp name="T2165"/><temp name="T2175"/><temp name="T2197"/><temp name="T2270"/><temp name="T2277"/><temp name="T2157"/><temp name="T2320"/><temp name="T2326"/><temp name="T2154"/><temp name="T2310"/><temp name="T2230"/><temp name="T2228"/><temp name="T2240"/><temp name="T2213"/><temp name="T2249"/><temp name="T2275"/><temp name="T2281"/><temp name="T2251"/><temp name="T2202"/><temp name="T2234"/><temp name="T2294"/><temp name="T2244"/><temp name="T2239"/><temp name="T2287"/><temp name="T2179"/><temp name="T2314"/><temp name="T782"/></temps><temps name="out"><temp name="T2185"/><temp name="T2191"/><temp name="T2290"/><temp name="T2161"/><temp name="T2263"/><temp name="T2206"/><temp name="T2149"/><temp name="T28"/><temp name="T2170"/><temp name="T785"/><temp name="T2255"/><temp name="T2188"/><temp name="T2165"/><temp name="T2175"/><temp name="T2197"/><temp name="T2270"/><temp name="T2277"/><temp name="T2157"/><temp name="T2320"/><temp name="T2326"/><temp name="T2154"/><temp name="T2310"/><temp name="T2230"/><temp name="T2228"/><temp name="T2240"/><temp name="T2213"/><temp name="T2249"/><temp name="T2275"/><temp name="T2281"/><temp name="T2251"/><temp name="T2202"/><temp name="T2234"/><temp name="T2294"/><temp name="T2244"/><temp name="T2239"/><temp name="T2287"/><temp name="T2179"/><temp name="T2314"/></temps></instruction><instruction code="STO T785, $254, 16"><temps name="use"><temp name="T785"/></temps><temps name="def"/><temps name="in"><temp name="T2185"/><temp name="T2191"/><temp name="T2290"/><temp name="T2161"/><temp name="T2263"/><temp name="T2206"/><temp name="T2149"/><temp name="T28"/><temp name="T2170"/><temp name="T785"/><temp name="T2255"/><temp name="T2188"/><temp name="T2165"/><temp name="T2175"/><temp name="T2197"/><temp name="T2270"/><temp name="T2277"/><temp name="T2157"/><temp name="T2320"/><temp name="T2326"/><temp name="T2154"/><temp name="T2310"/><temp name="T2230"/><temp name="T2228"/><temp name="T2240"/><temp name="T2213"/><temp name="T2249"/><temp name="T2275"/><temp name="T2281"/><temp name="T2251"/><temp name="T2202"/><temp name="T2234"/><temp name="T2294"/><temp name="T2244"/><temp name="T2239"/><temp name="T2287"/><temp name="T2179"/><temp name="T2314"/></temps><temps name="out"><temp name="T2185"/><temp name="T2191"/><temp name="T2290"/><temp name="T2161"/><temp name="T2263"/><temp name="T2206"/><temp name="T2149"/><temp name="T28"/><temp name="T2170"/><temp name="T2255"/><temp name="T2188"/><temp name="T2165"/><temp name="T2175"/><temp name="T2197"/><temp name="T2270"/><temp name="T2277"/><temp name="T2157"/><temp name="T2320"/><temp name="T2326"/><temp name="T2154"/><temp name="T2310"/><temp name="T2230"/><temp name="T2228"/><temp name="T2240"/><temp name="T2213"/><temp name="T2249"/><temp name="T2275"/><temp name="T2281"/><temp name="T2251"/><temp name="T2202"/><temp name="T2234"/><temp name="T2294"/><temp name="T2244"/><temp name="T2239"/><temp name="T2287"/><temp name="T2179"/><temp name="T2314"/></temps></instruction><instruction code="LDA T2148, _putChar"><temps name="use"/><temps name="def"><temp name="T2148"/></temps><temps name="in"><temp name="T2185"/><temp name="T2191"/><temp name="T2290"/><temp name="T2161"/><temp name="T2263"/><temp name="T2206"/><temp name="T2149"/><temp name="T28"/><temp name="T2170"/><temp name="T2255"/><temp name="T2188"/><temp name="T2165"/><temp name="T2175"/><temp name="T2197"/><temp name="T2270"/><temp name="T2277"/><temp name="T2157"/><temp name="T2320"/><temp name="T2326"/><temp name="T2154"/><temp name="T2310"/><temp name="T2230"/><temp name="T2228"/><temp name="T2240"/><temp name="T2213"/><temp name="T2249"/><temp name="T2275"/><temp name="T2281"/><temp name="T2251"/><temp name="T2202"/><temp name="T2234"/><temp name="T2294"/><temp name="T2244"/><temp name="T2239"/><temp name="T2287"/><temp name="T2179"/><temp name="T2314"/></temps><temps name="out"><temp name="T2148"/><temp name="T2185"/><temp name="T2191"/><temp name="T2290"/><temp name="T2161"/><temp name="T2263"/><temp name="T2206"/><temp name="T2149"/><temp name="T28"/><temp name="T2170"/><temp name="T2255"/><temp name="T2188"/><temp name="T2165"/><temp name="T2175"/><temp name="T2197"/><temp name="T2270"/><temp name="T2277"/><temp name="T2157"/><temp name="T2320"/><temp name="T2326"/><temp name="T2154"/><temp name="T2310"/><temp name="T2230"/><temp name="T2228"/><temp name="T2240"/><temp name="T2213"/><temp name="T2249"/><temp name="T2275"/><temp name="T2281"/><temp name="T2251"/><temp name="T2202"/><temp name="T2234"/><temp name="T2294"/><temp name="T2244"/><temp name="T2239"/><temp name="T2287"/><temp name="T2179"/><temp name="T2314"/></temps></instruction><instruction code="PUSHJ $15, T2148, 0"><temps name="use"><temp name="T2148"/></temps><temps name="def"/><temps name="in"><temp name="T2148"/><temp name="T2185"/><temp name="T2191"/><temp name="T2290"/><temp name="T2161"/><temp name="T2263"/><temp name="T2206"/><temp name="T2149"/><temp name="T28"/><temp name="T2170"/><temp name="T2255"/><temp name="T2188"/><temp name="T2165"/><temp name="T2175"/><temp name="T2197"/><temp name="T2270"/><temp name="T2277"/><temp name="T2157"/><temp name="T2320"/><temp name="T2326"/><temp name="T2154"/><temp name="T2310"/><temp name="T2230"/><temp name="T2228"/><temp name="T2240"/><temp name="T2213"/><temp name="T2249"/><temp name="T2275"/><temp name="T2281"/><temp name="T2251"/><temp name="T2202"/><temp name="T2234"/><temp name="T2294"/><temp name="T2244"/><temp name="T2239"/><temp name="T2287"/><temp name="T2179"/><temp name="T2314"/></temps><temps name="out"><temp name="T2185"/><temp name="T2191"/><temp name="T2290"/><temp name="T2161"/><temp name="T2263"/><temp name="T2206"/><temp name="T2149"/><temp name="T28"/><temp name="T2170"/><temp name="T2255"/><temp name="T2188"/><temp name="T2165"/><temp name="T2175"/><temp name="T2197"/><temp name="T2270"/><temp name="T2277"/><temp name="T2157"/><temp name="T2320"/><temp name="T2326"/><temp name="T2154"/><temp name="T2310"/><temp name="T2230"/><temp name="T2228"/><temp name="T2240"/><temp name="T2213"/><temp name="T2249"/><temp name="T2275"/><temp name="T2281"/><temp name="T2251"/><temp name="T2202"/><temp name="T2234"/><temp name="T2294"/><temp name="T2244"/><temp name="T2239"/><temp name="T2287"/><temp name="T2179"/><temp name="T2314"/></temps></instruction><instruction code="OR T786, T2149, 0"><temps name="use"><temp name="T2149"/></temps><temps name="def"><temp name="T786"/></temps><temps name="in"><temp name="T2185"/><temp name="T2191"/><temp name="T2290"/><temp name="T2161"/><temp name="T2263"/><temp name="T2206"/><temp name="T2149"/><temp name="T28"/><temp name="T2170"/><temp name="T2255"/><temp name="T2188"/><temp name="T2165"/><temp name="T2175"/><temp name="T2197"/><temp name="T2270"/><temp name="T2277"/><temp name="T2157"/><temp name="T2320"/><temp name="T2326"/><temp name="T2154"/><temp name="T2310"/><temp name="T2230"/><temp name="T2228"/><temp name="T2240"/><temp name="T2213"/><temp name="T2249"/><temp name="T2275"/><temp name="T2281"/><temp name="T2251"/><temp name="T2202"/><temp name="T2234"/><temp name="T2294"/><temp name="T2244"/><temp name="T2239"/><temp name="T2287"/><temp name="T2179"/><temp name="T2314"/></temps><temps name="out"><temp name="T2185"/><temp name="T2191"/><temp name="T2290"/><temp name="T2161"/><temp name="T2263"/><temp name="T2206"/><temp name="T28"/><temp name="T2170"/><temp name="T2255"/><temp name="T2188"/><temp name="T2165"/><temp name="T2175"/><temp name="T2197"/><temp name="T2270"/><temp name="T2277"/><temp name="T2157"/><temp name="T2320"/><temp name="T2326"/><temp name="T2154"/><temp name="T2310"/><temp name="T2230"/><temp name="T2228"/><temp name="T2240"/><temp name="T2213"/><temp name="T2249"/><temp name="T2275"/><temp name="T2281"/><temp name="T2251"/><temp name="T2202"/><temp name="T2234"/><temp name="T2294"/><temp name="T2244"/><temp name="T2239"/><temp name="T2287"/><temp name="T2179"/><temp name="T2314"/></temps></instruction><instruction code="L93"><temps name="use"/><temps name="def"/><temps name="in"><temp name="T2185"/><temp name="T2191"/><temp name="T2290"/><temp name="T2161"/><temp name="T2263"/><temp name="T2206"/><temp name="T28"/><temp name="T2170"/><temp name="T2255"/><temp name="T2188"/><temp name="T2165"/><temp name="T2175"/><temp name="T2197"/><temp name="T2270"/><temp name="T2277"/><temp name="T2157"/><temp name="T2320"/><temp name="T2326"/><temp name="T2154"/><temp name="T2310"/><temp name="T2230"/><temp name="T2228"/><temp name="T2240"/><temp name="T2213"/><temp name="T2249"/><temp name="T2275"/><temp name="T2281"/><temp name="T2251"/><temp name="T2202"/><temp name="T2234"/><temp name="T2294"/><temp name="T2244"/><temp name="T2239"/><temp name="T2287"/><temp name="T2179"/><temp name="T2314"/></temps><temps name="out"><temp name="T2185"/><temp name="T2191"/><temp name="T2290"/><temp name="T2161"/><temp name="T2263"/><temp name="T2206"/><temp name="T28"/><temp name="T2170"/><temp name="T2255"/><temp name="T2188"/><temp name="T2165"/><temp name="T2175"/><temp name="T2197"/><temp name="T2270"/><temp name="T2277"/><temp name="T2157"/><temp name="T2320"/><temp name="T2326"/><temp name="T2154"/><temp name="T2310"/><temp name="T2230"/><temp name="T2228"/><temp name="T2240"/><temp name="T2213"/><temp name="T2249"/><temp name="T2275"/><temp name="T2281"/><temp name="T2251"/><temp name="T2202"/><temp name="T2234"/><temp name="T2294"/><temp name="T2244"/><temp name="T2239"/><temp name="T2287"/><temp name="T2179"/><temp name="T2314"/></temps></instruction><instruction code="SETL  T2150, 0"><temps name="use"/><temps name="def"><temp name="T2150"/></temps><temps name="in"><temp name="T2185"/><temp name="T2191"/><temp name="T2290"/><temp name="T2161"/><temp name="T2263"/><temp name="T2206"/><temp name="T28"/><temp name="T2170"/><temp name="T2255"/><temp name="T2188"/><temp name="T2165"/><temp name="T2175"/><temp name="T2197"/><temp name="T2270"/><temp name="T2277"/><temp name="T2157"/><temp name="T2320"/><temp name="T2326"/><temp name="T2154"/><temp name="T2310"/><temp name="T2230"/><temp name="T2228"/><temp name="T2240"/><temp name="T2213"/><temp name="T2249"/><temp name="T2275"/><temp name="T2281"/><temp name="T2251"/><temp name="T2202"/><temp name="T2234"/><temp name="T2294"/><temp name="T2244"/><temp name="T2239"/><temp name="T2287"/><temp name="T2179"/><temp name="T2314"/></temps><temps name="out"><temp name="T2185"/><temp name="T2191"/><temp name="T2290"/><temp name="T2161"/><temp name="T2263"/><temp name="T2206"/><temp name="T28"/><temp name="T2170"/><temp name="T2255"/><temp name="T2188"/><temp name="T2165"/><temp name="T2175"/><temp name="T2197"/><temp name="T2270"/><temp name="T2277"/><temp name="T2157"/><temp name="T2320"/><temp name="T2326"/><temp name="T2154"/><temp name="T2310"/><temp name="T2230"/><temp name="T2228"/><temp name="T2240"/><temp name="T2213"/><temp name="T2249"/><temp name="T2275"/><temp name="T2281"/><temp name="T2251"/><temp name="T2202"/><temp name="T2234"/><temp name="T2294"/><temp name="T2244"/><temp name="T2239"/><temp name="T2287"/><temp name="T2179"/><temp name="T2314"/></temps></instruction><instruction code="INCML T2150, 0"><temps name="use"/><temps name="def"><temp name="T2150"/></temps><temps name="in"><temp name="T2185"/><temp name="T2191"/><temp name="T2290"/><temp name="T2161"/><temp name="T2263"/><temp name="T2206"/><temp name="T28"/><temp name="T2170"/><temp name="T2255"/><temp name="T2188"/><temp name="T2165"/><temp name="T2175"/><temp name="T2197"/><temp name="T2270"/><temp name="T2277"/><temp name="T2157"/><temp name="T2320"/><temp name="T2326"/><temp name="T2154"/><temp name="T2310"/><temp name="T2230"/><temp name="T2228"/><temp name="T2240"/><temp name="T2213"/><temp name="T2249"/><temp name="T2275"/><temp name="T2281"/><temp name="T2251"/><temp name="T2202"/><temp name="T2234"/><temp name="T2294"/><temp name="T2244"/><temp name="T2239"/><temp name="T2287"/><temp name="T2179"/><temp name="T2314"/></temps><temps name="out"><temp name="T2185"/><temp name="T2191"/><temp name="T2290"/><temp name="T2161"/><temp name="T2263"/><temp name="T2206"/><temp name="T28"/><temp name="T2170"/><temp name="T2255"/><temp name="T2188"/><temp name="T2165"/><temp name="T2175"/><temp name="T2197"/><temp name="T2270"/><temp name="T2277"/><temp name="T2157"/><temp name="T2320"/><temp name="T2326"/><temp name="T2154"/><temp name="T2310"/><temp name="T2230"/><temp name="T2228"/><temp name="T2240"/><temp name="T2213"/><temp name="T2249"/><temp name="T2275"/><temp name="T2281"/><temp name="T2251"/><temp name="T2202"/><temp name="T2234"/><temp name="T2294"/><temp name="T2244"/><temp name="T2239"/><temp name="T2287"/><temp name="T2179"/><temp name="T2314"/></temps></instruction><instruction code="INCMH T2150, 0"><temps name="use"/><temps name="def"><temp name="T2150"/></temps><temps name="in"><temp name="T2185"/><temp name="T2191"/><temp name="T2290"/><temp name="T2161"/><temp name="T2263"/><temp name="T2206"/><temp name="T28"/><temp name="T2170"/><temp name="T2255"/><temp name="T2188"/><temp name="T2165"/><temp name="T2175"/><temp name="T2197"/><temp name="T2270"/><temp name="T2277"/><temp name="T2157"/><temp name="T2320"/><temp name="T2326"/><temp name="T2154"/><temp name="T2310"/><temp name="T2230"/><temp name="T2228"/><temp name="T2240"/><temp name="T2213"/><temp name="T2249"/><temp name="T2275"/><temp name="T2281"/><temp name="T2251"/><temp name="T2202"/><temp name="T2234"/><temp name="T2294"/><temp name="T2244"/><temp name="T2239"/><temp name="T2287"/><temp name="T2179"/><temp name="T2314"/></temps><temps name="out"><temp name="T2185"/><temp name="T2191"/><temp name="T2290"/><temp name="T2161"/><temp name="T2263"/><temp name="T2206"/><temp name="T28"/><temp name="T2170"/><temp name="T2255"/><temp name="T2188"/><temp name="T2165"/><temp name="T2175"/><temp name="T2197"/><temp name="T2270"/><temp name="T2277"/><temp name="T2157"/><temp name="T2320"/><temp name="T2326"/><temp name="T2154"/><temp name="T2310"/><temp name="T2230"/><temp name="T2228"/><temp name="T2240"/><temp name="T2213"/><temp name="T2249"/><temp name="T2275"/><temp name="T2281"/><temp name="T2251"/><temp name="T2202"/><temp name="T2234"/><temp name="T2294"/><temp name="T2244"/><temp name="T2239"/><temp name="T2287"/><temp name="T2179"/><temp name="T2314"/></temps></instruction><instruction code="INCH  T2150, 0"><temps name="use"/><temps name="def"><temp name="T2150"/></temps><temps name="in"><temp name="T2185"/><temp name="T2191"/><temp name="T2290"/><temp name="T2161"/><temp name="T2263"/><temp name="T2206"/><temp name="T28"/><temp name="T2170"/><temp name="T2255"/><temp name="T2188"/><temp name="T2165"/><temp name="T2175"/><temp name="T2197"/><temp name="T2270"/><temp name="T2277"/><temp name="T2157"/><temp name="T2320"/><temp name="T2326"/><temp name="T2154"/><temp name="T2310"/><temp name="T2230"/><temp name="T2228"/><temp name="T2240"/><temp name="T2213"/><temp name="T2249"/><temp name="T2275"/><temp name="T2281"/><temp name="T2251"/><temp name="T2202"/><temp name="T2234"/><temp name="T2294"/><temp name="T2244"/><temp name="T2239"/><temp name="T2287"/><temp name="T2179"/><temp name="T2314"/></temps><temps name="out"><temp name="T2185"/><temp name="T2191"/><temp name="T2290"/><temp name="T2161"/><temp name="T2263"/><temp name="T2206"/><temp name="T28"/><temp name="T2170"/><temp name="T2255"/><temp name="T2188"/><temp name="T2165"/><temp name="T2175"/><temp name="T2197"/><temp name="T2270"/><temp name="T2277"/><temp name="T2157"/><temp name="T2320"/><temp name="T2326"/><temp name="T2154"/><temp name="T2310"/><temp name="T2230"/><temp name="T2228"/><temp name="T2240"/><temp name="T2150"/><temp name="T2213"/><temp name="T2249"/><temp name="T2275"/><temp name="T2281"/><temp name="T2251"/><temp name="T2202"/><temp name="T2234"/><temp name="T2294"/><temp name="T2244"/><temp name="T2239"/><temp name="T2287"/><temp name="T2179"/><temp name="T2314"/></temps></instruction><instruction code="OR T787, T2150, 0"><temps name="use"><temp name="T2150"/></temps><temps name="def"><temp name="T787"/></temps><temps name="in"><temp name="T2185"/><temp name="T2191"/><temp name="T2290"/><temp name="T2161"/><temp name="T2263"/><temp name="T2206"/><temp name="T28"/><temp name="T2170"/><temp name="T2255"/><temp name="T2188"/><temp name="T2165"/><temp name="T2175"/><temp name="T2197"/><temp name="T2270"/><temp name="T2277"/><temp name="T2157"/><temp name="T2320"/><temp name="T2326"/><temp name="T2154"/><temp name="T2310"/><temp name="T2230"/><temp name="T2228"/><temp name="T2240"/><temp name="T2150"/><temp name="T2213"/><temp name="T2249"/><temp name="T2275"/><temp name="T2281"/><temp name="T2251"/><temp name="T2202"/><temp name="T2234"/><temp name="T2294"/><temp name="T2244"/><temp name="T2239"/><temp name="T2287"/><temp name="T2179"/><temp name="T2314"/></temps><temps name="out"><temp name="T2185"/><temp name="T2191"/><temp name="T2290"/><temp name="T2161"/><temp name="T2263"/><temp name="T2206"/><temp name="T28"/><temp name="T2170"/><temp name="T2255"/><temp name="T2188"/><temp name="T2165"/><temp name="T2175"/><temp name="T2197"/><temp name="T2270"/><temp name="T2277"/><temp name="T2157"/><temp name="T2320"/><temp name="T2326"/><temp name="T2154"/><temp name="T2310"/><temp name="T2230"/><temp name="T2228"/><temp name="T2240"/><temp name="T787"/><temp name="T2213"/><temp name="T2249"/><temp name="T2275"/><temp name="T2281"/><temp name="T2251"/><temp name="T2202"/><temp name="T2234"/><temp name="T2294"/><temp name="T2244"/><temp name="T2239"/><temp name="T2287"/><temp name="T2179"/><temp name="T2314"/></temps></instruction><instruction code="OR T788, T787, 0"><temps name="use"><temp name="T787"/></temps><temps name="def"><temp name="T788"/></temps><temps name="in"><temp name="T2185"/><temp name="T2191"/><temp name="T2290"/><temp name="T2161"/><temp name="T2263"/><temp name="T2206"/><temp name="T28"/><temp name="T2170"/><temp name="T2255"/><temp name="T2188"/><temp name="T2165"/><temp name="T2175"/><temp name="T2197"/><temp name="T2270"/><temp name="T2277"/><temp name="T2157"/><temp name="T2320"/><temp name="T2326"/><temp name="T2154"/><temp name="T2310"/><temp name="T2230"/><temp name="T2228"/><temp name="T2240"/><temp name="T787"/><temp name="T2213"/><temp name="T2249"/><temp name="T2275"/><temp name="T2281"/><temp name="T2251"/><temp name="T2202"/><temp name="T2234"/><temp name="T2294"/><temp name="T2244"/><temp name="T2239"/><temp name="T2287"/><temp name="T2179"/><temp name="T2314"/></temps><temps name="out"><temp name="T2185"/><temp name="T2191"/><temp name="T2290"/><temp name="T2161"/><temp name="T2263"/><temp name="T2206"/><temp name="T28"/><temp name="T2170"/><temp name="T2255"/><temp name="T2188"/><temp name="T2165"/><temp name="T2175"/><temp name="T2197"/><temp name="T2270"/><temp name="T2277"/><temp name="T2157"/><temp name="T2320"/><temp name="T2326"/><temp name="T2154"/><temp name="T2310"/><temp name="T2230"/><temp name="T2228"/><temp name="T2240"/><temp name="T2213"/><temp name="T2249"/><temp name="T2275"/><temp name="T2281"/><temp name="T2251"/><temp name="T2202"/><temp name="T2234"/><temp name="T2294"/><temp name="T2244"/><temp name="T2239"/><temp name="T2287"/><temp name="T2179"/><temp name="T2314"/></temps></instruction><instruction code="SETL  T2151, 1"><temps name="use"/><temps name="def"><temp name="T2151"/></temps><temps name="in"><temp name="T2185"/><temp name="T2191"/><temp name="T2290"/><temp name="T2161"/><temp name="T2263"/><temp name="T2206"/><temp name="T28"/><temp name="T2170"/><temp name="T2255"/><temp name="T2188"/><temp name="T2165"/><temp name="T2175"/><temp name="T2197"/><temp name="T2270"/><temp name="T2277"/><temp name="T2157"/><temp name="T2320"/><temp name="T2326"/><temp name="T2154"/><temp name="T2310"/><temp name="T2230"/><temp name="T2228"/><temp name="T2240"/><temp name="T2213"/><temp name="T2249"/><temp name="T2275"/><temp name="T2281"/><temp name="T2251"/><temp name="T2202"/><temp name="T2234"/><temp name="T2294"/><temp name="T2244"/><temp name="T2239"/><temp name="T2287"/><temp name="T2179"/><temp name="T2314"/></temps><temps name="out"><temp name="T2185"/><temp name="T2191"/><temp name="T2290"/><temp name="T2161"/><temp name="T2263"/><temp name="T2206"/><temp name="T28"/><temp name="T2170"/><temp name="T2255"/><temp name="T2188"/><temp name="T2165"/><temp name="T2175"/><temp name="T2197"/><temp name="T2270"/><temp name="T2277"/><temp name="T2157"/><temp name="T2320"/><temp name="T2326"/><temp name="T2154"/><temp name="T2310"/><temp name="T2230"/><temp name="T2228"/><temp name="T2240"/><temp name="T2213"/><temp name="T2249"/><temp name="T2275"/><temp name="T2281"/><temp name="T2251"/><temp name="T2202"/><temp name="T2234"/><temp name="T2294"/><temp name="T2244"/><temp name="T2239"/><temp name="T2287"/><temp name="T2179"/><temp name="T2314"/></temps></instruction><instruction code="INCML T2151, 0"><temps name="use"/><temps name="def"><temp name="T2151"/></temps><temps name="in"><temp name="T2185"/><temp name="T2191"/><temp name="T2290"/><temp name="T2161"/><temp name="T2263"/><temp name="T2206"/><temp name="T28"/><temp name="T2170"/><temp name="T2255"/><temp name="T2188"/><temp name="T2165"/><temp name="T2175"/><temp name="T2197"/><temp name="T2270"/><temp name="T2277"/><temp name="T2157"/><temp name="T2320"/><temp name="T2326"/><temp name="T2154"/><temp name="T2310"/><temp name="T2230"/><temp name="T2228"/><temp name="T2240"/><temp name="T2213"/><temp name="T2249"/><temp name="T2275"/><temp name="T2281"/><temp name="T2251"/><temp name="T2202"/><temp name="T2234"/><temp name="T2294"/><temp name="T2244"/><temp name="T2239"/><temp name="T2287"/><temp name="T2179"/><temp name="T2314"/></temps><temps name="out"><temp name="T2185"/><temp name="T2191"/><temp name="T2290"/><temp name="T2161"/><temp name="T2263"/><temp name="T2206"/><temp name="T28"/><temp name="T2170"/><temp name="T2255"/><temp name="T2188"/><temp name="T2165"/><temp name="T2175"/><temp name="T2197"/><temp name="T2270"/><temp name="T2277"/><temp name="T2157"/><temp name="T2320"/><temp name="T2326"/><temp name="T2154"/><temp name="T2310"/><temp name="T2230"/><temp name="T2228"/><temp name="T2240"/><temp name="T2213"/><temp name="T2249"/><temp name="T2275"/><temp name="T2281"/><temp name="T2251"/><temp name="T2202"/><temp name="T2234"/><temp name="T2294"/><temp name="T2244"/><temp name="T2239"/><temp name="T2287"/><temp name="T2179"/><temp name="T2314"/></temps></instruction><instruction code="INCMH T2151, 0"><temps name="use"/><temps name="def"><temp name="T2151"/></temps><temps name="in"><temp name="T2185"/><temp name="T2191"/><temp name="T2290"/><temp name="T2161"/><temp name="T2263"/><temp name="T2206"/><temp name="T28"/><temp name="T2170"/><temp name="T2255"/><temp name="T2188"/><temp name="T2165"/><temp name="T2175"/><temp name="T2197"/><temp name="T2270"/><temp name="T2277"/><temp name="T2157"/><temp name="T2320"/><temp name="T2326"/><temp name="T2154"/><temp name="T2310"/><temp name="T2230"/><temp name="T2228"/><temp name="T2240"/><temp name="T2213"/><temp name="T2249"/><temp name="T2275"/><temp name="T2281"/><temp name="T2251"/><temp name="T2202"/><temp name="T2234"/><temp name="T2294"/><temp name="T2244"/><temp name="T2239"/><temp name="T2287"/><temp name="T2179"/><temp name="T2314"/></temps><temps name="out"><temp name="T2185"/><temp name="T2191"/><temp name="T2290"/><temp name="T2161"/><temp name="T2263"/><temp name="T2206"/><temp name="T28"/><temp name="T2170"/><temp name="T2255"/><temp name="T2188"/><temp name="T2165"/><temp name="T2175"/><temp name="T2197"/><temp name="T2270"/><temp name="T2277"/><temp name="T2157"/><temp name="T2320"/><temp name="T2326"/><temp name="T2154"/><temp name="T2310"/><temp name="T2230"/><temp name="T2228"/><temp name="T2240"/><temp name="T2213"/><temp name="T2249"/><temp name="T2275"/><temp name="T2281"/><temp name="T2251"/><temp name="T2202"/><temp name="T2234"/><temp name="T2294"/><temp name="T2244"/><temp name="T2239"/><temp name="T2287"/><temp name="T2179"/><temp name="T2314"/></temps></instruction><instruction code="INCH  T2151, 0"><temps name="use"/><temps name="def"><temp name="T2151"/></temps><temps name="in"><temp name="T2185"/><temp name="T2191"/><temp name="T2290"/><temp name="T2161"/><temp name="T2263"/><temp name="T2206"/><temp name="T28"/><temp name="T2170"/><temp name="T2255"/><temp name="T2188"/><temp name="T2165"/><temp name="T2175"/><temp name="T2197"/><temp name="T2270"/><temp name="T2277"/><temp name="T2157"/><temp name="T2320"/><temp name="T2326"/><temp name="T2154"/><temp name="T2310"/><temp name="T2230"/><temp name="T2228"/><temp name="T2240"/><temp name="T2213"/><temp name="T2249"/><temp name="T2275"/><temp name="T2281"/><temp name="T2251"/><temp name="T2202"/><temp name="T2234"/><temp name="T2294"/><temp name="T2244"/><temp name="T2239"/><temp name="T2287"/><temp name="T2179"/><temp name="T2314"/></temps><temps name="out"><temp name="T2185"/><temp name="T2191"/><temp name="T2290"/><temp name="T2161"/><temp name="T2263"/><temp name="T2206"/><temp name="T28"/><temp name="T2170"/><temp name="T2151"/><temp name="T2255"/><temp name="T2188"/><temp name="T2165"/><temp name="T2175"/><temp name="T2197"/><temp name="T2270"/><temp name="T2277"/><temp name="T2157"/><temp name="T2320"/><temp name="T2326"/><temp name="T2154"/><temp name="T2310"/><temp name="T2230"/><temp name="T2228"/><temp name="T2240"/><temp name="T2213"/><temp name="T2249"/><temp name="T2275"/><temp name="T2281"/><temp name="T2251"/><temp name="T2202"/><temp name="T2234"/><temp name="T2294"/><temp name="T2244"/><temp name="T2239"/><temp name="T2287"/><temp name="T2179"/><temp name="T2314"/></temps></instruction><instruction code="OR T789, T2151, 0"><temps name="use"><temp name="T2151"/></temps><temps name="def"><temp name="T789"/></temps><temps name="in"><temp name="T2185"/><temp name="T2191"/><temp name="T2290"/><temp name="T2161"/><temp name="T2263"/><temp name="T2206"/><temp name="T28"/><temp name="T2170"/><temp name="T2151"/><temp name="T2255"/><temp name="T2188"/><temp name="T2165"/><temp name="T2175"/><temp name="T2197"/><temp name="T2270"/><temp name="T2277"/><temp name="T2157"/><temp name="T2320"/><temp name="T2326"/><temp name="T2154"/><temp name="T2310"/><temp name="T2230"/><temp name="T2228"/><temp name="T2240"/><temp name="T2213"/><temp name="T2249"/><temp name="T2275"/><temp name="T2281"/><temp name="T2251"/><temp name="T2202"/><temp name="T2234"/><temp name="T2294"/><temp name="T2244"/><temp name="T2239"/><temp name="T2287"/><temp name="T2179"/><temp name="T2314"/></temps><temps name="out"><temp name="T2185"/><temp name="T2191"/><temp name="T2290"/><temp name="T2161"/><temp name="T2263"/><temp name="T2206"/><temp name="T28"/><temp name="T789"/><temp name="T2170"/><temp name="T2255"/><temp name="T2188"/><temp name="T2165"/><temp name="T2175"/><temp name="T2197"/><temp name="T2270"/><temp name="T2277"/><temp name="T2157"/><temp name="T2320"/><temp name="T2326"/><temp name="T2154"/><temp name="T2310"/><temp name="T2230"/><temp name="T2228"/><temp name="T2240"/><temp name="T2213"/><temp name="T2249"/><temp name="T2275"/><temp name="T2281"/><temp name="T2251"/><temp name="T2202"/><temp name="T2234"/><temp name="T2294"/><temp name="T2244"/><temp name="T2239"/><temp name="T2287"/><temp name="T2179"/><temp name="T2314"/></temps></instruction><instruction code="LDO T2155, T2154, 0"><temps name="use"><temp name="T2154"/></temps><temps name="def"><temp name="T2155"/></temps><temps name="in"><temp name="T2185"/><temp name="T2191"/><temp name="T2290"/><temp name="T2161"/><temp name="T2263"/><temp name="T2206"/><temp name="T28"/><temp name="T789"/><temp name="T2170"/><temp name="T2255"/><temp name="T2188"/><temp name="T2165"/><temp name="T2175"/><temp name="T2197"/><temp name="T2270"/><temp name="T2277"/><temp name="T2157"/><temp name="T2320"/><temp name="T2326"/><temp name="T2154"/><temp name="T2310"/><temp name="T2230"/><temp name="T2228"/><temp name="T2240"/><temp name="T2213"/><temp name="T2249"/><temp name="T2275"/><temp name="T2281"/><temp name="T2251"/><temp name="T2202"/><temp name="T2234"/><temp name="T2294"/><temp name="T2244"/><temp name="T2239"/><temp name="T2287"/><temp name="T2179"/><temp name="T2314"/></temps><temps name="out"><temp name="T2185"/><temp name="T2191"/><temp name="T2290"/><temp name="T2161"/><temp name="T2263"/><temp name="T2206"/><temp name="T28"/><temp name="T789"/><temp name="T2170"/><temp name="T2255"/><temp name="T2188"/><temp name="T2165"/><temp name="T2175"/><temp name="T2197"/><temp name="T2270"/><temp name="T2277"/><temp name="T2157"/><temp name="T2320"/><temp name="T2326"/><temp name="T2310"/><temp name="T2230"/><temp name="T2228"/><temp name="T2240"/><temp name="T2213"/><temp name="T2155"/><temp name="T2249"/><temp name="T2275"/><temp name="T2281"/><temp name="T2251"/><temp name="T2202"/><temp name="T2234"/><temp name="T2294"/><temp name="T2244"/><temp name="T2239"/><temp name="T2287"/><temp name="T2179"/><temp name="T2314"/></temps></instruction><instruction code="STO T2155, T789, 0"><temps name="use"><temp name="T2155"/><temp name="T789"/></temps><temps name="def"/><temps name="in"><temp name="T2185"/><temp name="T2191"/><temp name="T2290"/><temp name="T2161"/><temp name="T2263"/><temp name="T2206"/><temp name="T28"/><temp name="T789"/><temp name="T2170"/><temp name="T2255"/><temp name="T2188"/><temp name="T2165"/><temp name="T2175"/><temp name="T2197"/><temp name="T2270"/><temp name="T2277"/><temp name="T2157"/><temp name="T2320"/><temp name="T2326"/><temp name="T2310"/><temp name="T2230"/><temp name="T2228"/><temp name="T2240"/><temp name="T2213"/><temp name="T2155"/><temp name="T2249"/><temp name="T2275"/><temp name="T2281"/><temp name="T2251"/><temp name="T2202"/><temp name="T2234"/><temp name="T2294"/><temp name="T2244"/><temp name="T2239"/><temp name="T2287"/><temp name="T2179"/><temp name="T2314"/></temps><temps name="out"><temp name="T2185"/><temp name="T2191"/><temp name="T2290"/><temp name="T2161"/><temp name="T2263"/><temp name="T2206"/><temp name="T28"/><temp name="T2170"/><temp name="T2255"/><temp name="T2188"/><temp name="T2165"/><temp name="T2175"/><temp name="T2197"/><temp name="T2270"/><temp name="T2277"/><temp name="T2157"/><temp name="T2320"/><temp name="T2326"/><temp name="T2310"/><temp name="T2230"/><temp name="T2228"/><temp name="T2240"/><temp name="T2213"/><temp name="T2249"/><temp name="T2275"/><temp name="T2281"/><temp name="T2251"/><temp name="T2202"/><temp name="T2234"/><temp name="T2294"/><temp name="T2244"/><temp name="T2239"/><temp name="T2287"/><temp name="T2179"/><temp name="T2314"/></temps></instruction><instruction code="LDA T2156, L104"><temps name="use"/><temps name="def"><temp name="T2156"/></temps><temps name="in"><temp name="T2185"/><temp name="T2191"/><temp name="T2290"/><temp name="T2161"/><temp name="T2263"/><temp name="T2206"/><temp name="T28"/><temp name="T2170"/><temp name="T2255"/><temp name="T2188"/><temp name="T2165"/><temp name="T2175"/><temp name="T2197"/><temp name="T2270"/><temp name="T2277"/><temp name="T2157"/><temp name="T2320"/><temp name="T2326"/><temp name="T2310"/><temp name="T2230"/><temp name="T2228"/><temp name="T2240"/><temp name="T2213"/><temp name="T2249"/><temp name="T2275"/><temp name="T2281"/><temp name="T2251"/><temp name="T2202"/><temp name="T2234"/><temp name="T2294"/><temp name="T2244"/><temp name="T2239"/><temp name="T2287"/><temp name="T2179"/><temp name="T2314"/></temps><temps name="out"><temp name="T2185"/><temp name="T2191"/><temp name="T2290"/><temp name="T2156"/><temp name="T2161"/><temp name="T2263"/><temp name="T2206"/><temp name="T28"/><temp name="T2170"/><temp name="T2255"/><temp name="T2188"/><temp name="T2165"/><temp name="T2175"/><temp name="T2197"/><temp name="T2270"/><temp name="T2277"/><temp name="T2157"/><temp name="T2320"/><temp name="T2326"/><temp name="T2310"/><temp name="T2230"/><temp name="T2228"/><temp name="T2240"/><temp name="T2213"/><temp name="T2249"/><temp name="T2275"/><temp name="T2281"/><temp name="T2251"/><temp name="T2202"/><temp name="T2234"/><temp name="T2294"/><temp name="T2244"/><temp name="T2239"/><temp name="T2287"/><temp name="T2179"/><temp name="T2314"/></temps></instruction><instruction code="GO T2156, T2156, 0"><temps name="use"><temp name="T2156"/></temps><temps name="def"><temp name="T2156"/></temps><temps name="in"><temp name="T2185"/><temp name="T2191"/><temp name="T2290"/><temp name="T2156"/><temp name="T2161"/><temp name="T2263"/><temp name="T2206"/><temp name="T28"/><temp name="T2170"/><temp name="T2255"/><temp name="T2188"/><temp name="T2165"/><temp name="T2175"/><temp name="T2197"/><temp name="T2270"/><temp name="T2277"/><temp name="T2157"/><temp name="T2320"/><temp name="T2326"/><temp name="T2310"/><temp name="T2230"/><temp name="T2228"/><temp name="T2240"/><temp name="T2213"/><temp name="T2249"/><temp name="T2275"/><temp name="T2281"/><temp name="T2251"/><temp name="T2202"/><temp name="T2234"/><temp name="T2294"/><temp name="T2244"/><temp name="T2239"/><temp name="T2287"/><temp name="T2179"/><temp name="T2314"/></temps><temps name="out"><temp name="T2185"/><temp name="T2191"/><temp name="T2290"/><temp name="T2161"/><temp name="T2263"/><temp name="T2206"/><temp name="T28"/><temp name="T2170"/><temp name="T2255"/><temp name="T2188"/><temp name="T2165"/><temp name="T2175"/><temp name="T2197"/><temp name="T2270"/><temp name="T2277"/><temp name="T2157"/><temp name="T2320"/><temp name="T2326"/><temp name="T2310"/><temp name="T2230"/><temp name="T2228"/><temp name="T2240"/><temp name="T2213"/><temp name="T2249"/><temp name="T2275"/><temp name="T2281"/><temp name="T2251"/><temp name="T2202"/><temp name="T2234"/><temp name="T2294"/><temp name="T2244"/><temp name="T2239"/><temp name="T2287"/><temp name="T2179"/><temp name="T2314"/></temps></instruction><instruction code="L103"><temps name="use"/><temps name="def"/><temps name="in"><temp name="T2185"/><temp name="T2191"/><temp name="T2290"/><temp name="T2161"/><temp name="T2263"/><temp name="T2206"/><temp name="T28"/><temp name="T2170"/><temp name="T2255"/><temp name="T2188"/><temp name="T2165"/><temp name="T2175"/><temp name="T2197"/><temp name="T2270"/><temp name="T2277"/><temp name="T2157"/><temp name="T2320"/><temp name="T2326"/><temp name="T2310"/><temp name="T2230"/><temp name="T2228"/><temp name="T2240"/><temp name="T2213"/><temp name="T2249"/><temp name="T2275"/><temp name="T2281"/><temp name="T2251"/><temp name="T2202"/><temp name="T2234"/><temp name="T2294"/><temp name="T2244"/><temp name="T2239"/><temp name="T2287"/><temp name="T2179"/><temp name="T2314"/></temps><temps name="out"><temp name="T2185"/><temp name="T2191"/><temp name="T2290"/><temp name="T2161"/><temp name="T2263"/><temp name="T2206"/><temp name="T28"/><temp name="T2170"/><temp name="T2255"/><temp name="T2188"/><temp name="T2165"/><temp name="T2175"/><temp name="T2197"/><temp name="T2270"/><temp name="T2277"/><temp name="T2157"/><temp name="T2320"/><temp name="T2326"/><temp name="T2310"/><temp name="T2230"/><temp name="T2228"/><temp name="T2240"/><temp name="T2213"/><temp name="T2249"/><temp name="T2275"/><temp name="T2281"/><temp name="T2251"/><temp name="T2202"/><temp name="T2234"/><temp name="T2294"/><temp name="T2244"/><temp name="T2239"/><temp name="T2287"/><temp name="T2179"/><temp name="T2314"/></temps></instruction><instruction code="OR T790, T28, 0"><temps name="use"><temp name="T28"/></temps><temps name="def"><temp name="T790"/></temps><temps name="in"><temp name="T2185"/><temp name="T2191"/><temp name="T2290"/><temp name="T2161"/><temp name="T2263"/><temp name="T2206"/><temp name="T28"/><temp name="T2170"/><temp name="T2255"/><temp name="T2188"/><temp name="T2165"/><temp name="T2175"/><temp name="T2197"/><temp name="T2270"/><temp name="T2277"/><temp name="T2157"/><temp name="T2320"/><temp name="T2326"/><temp name="T2310"/><temp name="T2230"/><temp name="T2228"/><temp name="T2240"/><temp name="T2213"/><temp name="T2249"/><temp name="T2275"/><temp name="T2281"/><temp name="T2251"/><temp name="T2202"/><temp name="T2234"/><temp name="T2294"/><temp name="T2244"/><temp name="T2239"/><temp name="T2287"/><temp name="T2179"/><temp name="T2314"/></temps><temps name="out"><temp name="T2185"/><temp name="T2191"/><temp name="T2290"/><temp name="T2161"/><temp name="T2263"/><temp name="T2206"/><temp name="T28"/><temp name="T2170"/><temp name="T2255"/><temp name="T2188"/><temp name="T2165"/><temp name="T2175"/><temp name="T2197"/><temp name="T2270"/><temp name="T2277"/><temp name="T2157"/><temp name="T2320"/><temp name="T2326"/><temp name="T2310"/><temp name="T2230"/><temp name="T2228"/><temp name="T2240"/><temp name="T2213"/><temp name="T2249"/><temp name="T2275"/><temp name="T2281"/><temp name="T2251"/><temp name="T2202"/><temp name="T2234"/><temp name="T2294"/><temp name="T2244"/><temp name="T2239"/><temp name="T2287"/><temp name="T2179"/><temp name="T2314"/></temps></instruction><instruction code="LDO T2158, T2157, 0"><temps name="use"><temp name="T2157"/></temps><temps name="def"><temp name="T2158"/></temps><temps name="in"><temp name="T2185"/><temp name="T2191"/><temp name="T2290"/><temp name="T2161"/><temp name="T2263"/><temp name="T2206"/><temp name="T28"/><temp name="T2170"/><temp name="T2255"/><temp name="T2188"/><temp name="T2165"/><temp name="T2175"/><temp name="T2197"/><temp name="T2270"/><temp name="T2277"/><temp name="T2157"/><temp name="T2320"/><temp name="T2326"/><temp name="T2310"/><temp name="T2230"/><temp name="T2228"/><temp name="T2240"/><temp name="T2213"/><temp name="T2249"/><temp name="T2275"/><temp name="T2281"/><temp name="T2251"/><temp name="T2202"/><temp name="T2234"/><temp name="T2294"/><temp name="T2244"/><temp name="T2239"/><temp name="T2287"/><temp name="T2179"/><temp name="T2314"/></temps><temps name="out"><temp name="T2185"/><temp name="T2191"/><temp name="T2290"/><temp name="T2161"/><temp name="T2263"/><temp name="T2206"/><temp name="T28"/><temp name="T2170"/><temp name="T2255"/><temp name="T2188"/><temp name="T2165"/><temp name="T2175"/><temp name="T2197"/><temp name="T2270"/><temp name="T2277"/><temp name="T2320"/><temp name="T2326"/><temp name="T2158"/><temp name="T2310"/><temp name="T2230"/><temp name="T2228"/><temp name="T2240"/><temp name="T2213"/><temp name="T2249"/><temp name="T2275"/><temp name="T2281"/><temp name="T2251"/><temp name="T2202"/><temp name="T2234"/><temp name="T2294"/><temp name="T2244"/><temp name="T2239"/><temp name="T2287"/><temp name="T2179"/><temp name="T2314"/></temps></instruction><instruction code="OR T791, T2158, 0"><temps name="use"><temp name="T2158"/></temps><temps name="def"><temp name="T791"/></temps><temps name="in"><temp name="T2185"/><temp name="T2191"/><temp name="T2290"/><temp name="T2161"/><temp name="T2263"/><temp name="T2206"/><temp name="T28"/><temp name="T2170"/><temp name="T2255"/><temp name="T2188"/><temp name="T2165"/><temp name="T2175"/><temp name="T2197"/><temp name="T2270"/><temp name="T2277"/><temp name="T2320"/><temp name="T2326"/><temp name="T2158"/><temp name="T2310"/><temp name="T2230"/><temp name="T2228"/><temp name="T2240"/><temp name="T2213"/><temp name="T2249"/><temp name="T2275"/><temp name="T2281"/><temp name="T2251"/><temp name="T2202"/><temp name="T2234"/><temp name="T2294"/><temp name="T2244"/><temp name="T2239"/><temp name="T2287"/><temp name="T2179"/><temp name="T2314"/></temps><temps name="out"><temp name="T2185"/><temp name="T2191"/><temp name="T2290"/><temp name="T2161"/><temp name="T2263"/><temp name="T2206"/><temp name="T28"/><temp name="T2170"/><temp name="T2255"/><temp name="T2188"/><temp name="T791"/><temp name="T2165"/><temp name="T2175"/><temp name="T2197"/><temp name="T2270"/><temp name="T2277"/><temp name="T2320"/><temp name="T2326"/><temp name="T2310"/><temp name="T2230"/><temp name="T2228"/><temp name="T2240"/><temp name="T2213"/><temp name="T2249"/><temp name="T2275"/><temp name="T2281"/><temp name="T2251"/><temp name="T2202"/><temp name="T2234"/><temp name="T2294"/><temp name="T2244"/><temp name="T2239"/><temp name="T2287"/><temp name="T2179"/><temp name="T2314"/></temps></instruction><instruction code="SETL  T2159, 8"><temps name="use"/><temps name="def"><temp name="T2159"/></temps><temps name="in"><temp name="T2185"/><temp name="T2191"/><temp name="T2290"/><temp name="T2161"/><temp name="T2263"/><temp name="T2206"/><temp name="T28"/><temp name="T2170"/><temp name="T2255"/><temp name="T2188"/><temp name="T791"/><temp name="T2165"/><temp name="T2175"/><temp name="T2197"/><temp name="T2270"/><temp name="T2277"/><temp name="T2320"/><temp name="T2326"/><temp name="T2310"/><temp name="T2230"/><temp name="T2228"/><temp name="T2240"/><temp name="T2213"/><temp name="T2249"/><temp name="T2275"/><temp name="T2281"/><temp name="T2251"/><temp name="T2202"/><temp name="T2234"/><temp name="T2294"/><temp name="T2244"/><temp name="T2239"/><temp name="T2287"/><temp name="T2179"/><temp name="T2314"/></temps><temps name="out"><temp name="T2185"/><temp name="T2191"/><temp name="T2290"/><temp name="T2161"/><temp name="T2263"/><temp name="T2206"/><temp name="T28"/><temp name="T2170"/><temp name="T2255"/><temp name="T2188"/><temp name="T791"/><temp name="T2165"/><temp name="T2175"/><temp name="T2197"/><temp name="T2270"/><temp name="T2277"/><temp name="T2320"/><temp name="T2326"/><temp name="T2310"/><temp name="T2230"/><temp name="T2228"/><temp name="T2240"/><temp name="T2213"/><temp name="T2249"/><temp name="T2275"/><temp name="T2281"/><temp name="T2251"/><temp name="T2202"/><temp name="T2234"/><temp name="T2294"/><temp name="T2244"/><temp name="T2239"/><temp name="T2287"/><temp name="T2179"/><temp name="T2314"/></temps></instruction><instruction code="INCML T2159, 0"><temps name="use"/><temps name="def"><temp name="T2159"/></temps><temps name="in"><temp name="T2185"/><temp name="T2191"/><temp name="T2290"/><temp name="T2161"/><temp name="T2263"/><temp name="T2206"/><temp name="T28"/><temp name="T2170"/><temp name="T2255"/><temp name="T2188"/><temp name="T791"/><temp name="T2165"/><temp name="T2175"/><temp name="T2197"/><temp name="T2270"/><temp name="T2277"/><temp name="T2320"/><temp name="T2326"/><temp name="T2310"/><temp name="T2230"/><temp name="T2228"/><temp name="T2240"/><temp name="T2213"/><temp name="T2249"/><temp name="T2275"/><temp name="T2281"/><temp name="T2251"/><temp name="T2202"/><temp name="T2234"/><temp name="T2294"/><temp name="T2244"/><temp name="T2239"/><temp name="T2287"/><temp name="T2179"/><temp name="T2314"/></temps><temps name="out"><temp name="T2185"/><temp name="T2191"/><temp name="T2290"/><temp name="T2161"/><temp name="T2263"/><temp name="T2206"/><temp name="T28"/><temp name="T2170"/><temp name="T2255"/><temp name="T2188"/><temp name="T791"/><temp name="T2165"/><temp name="T2175"/><temp name="T2197"/><temp name="T2270"/><temp name="T2277"/><temp name="T2320"/><temp name="T2326"/><temp name="T2310"/><temp name="T2230"/><temp name="T2228"/><temp name="T2240"/><temp name="T2213"/><temp name="T2249"/><temp name="T2275"/><temp name="T2281"/><temp name="T2251"/><temp name="T2202"/><temp name="T2234"/><temp name="T2294"/><temp name="T2244"/><temp name="T2239"/><temp name="T2287"/><temp name="T2179"/><temp name="T2314"/></temps></instruction><instruction code="INCMH T2159, 0"><temps name="use"/><temps name="def"><temp name="T2159"/></temps><temps name="in"><temp name="T2185"/><temp name="T2191"/><temp name="T2290"/><temp name="T2161"/><temp name="T2263"/><temp name="T2206"/><temp name="T28"/><temp name="T2170"/><temp name="T2255"/><temp name="T2188"/><temp name="T791"/><temp name="T2165"/><temp name="T2175"/><temp name="T2197"/><temp name="T2270"/><temp name="T2277"/><temp name="T2320"/><temp name="T2326"/><temp name="T2310"/><temp name="T2230"/><temp name="T2228"/><temp name="T2240"/><temp name="T2213"/><temp name="T2249"/><temp name="T2275"/><temp name="T2281"/><temp name="T2251"/><temp name="T2202"/><temp name="T2234"/><temp name="T2294"/><temp name="T2244"/><temp name="T2239"/><temp name="T2287"/><temp name="T2179"/><temp name="T2314"/></temps><temps name="out"><temp name="T2185"/><temp name="T2191"/><temp name="T2290"/><temp name="T2161"/><temp name="T2263"/><temp name="T2206"/><temp name="T28"/><temp name="T2170"/><temp name="T2255"/><temp name="T2188"/><temp name="T791"/><temp name="T2165"/><temp name="T2175"/><temp name="T2197"/><temp name="T2270"/><temp name="T2277"/><temp name="T2320"/><temp name="T2326"/><temp name="T2310"/><temp name="T2230"/><temp name="T2228"/><temp name="T2240"/><temp name="T2213"/><temp name="T2249"/><temp name="T2275"/><temp name="T2281"/><temp name="T2251"/><temp name="T2202"/><temp name="T2234"/><temp name="T2294"/><temp name="T2244"/><temp name="T2239"/><temp name="T2287"/><temp name="T2179"/><temp name="T2314"/></temps></instruction><instruction code="INCH  T2159, 0"><temps name="use"/><temps name="def"><temp name="T2159"/></temps><temps name="in"><temp name="T2185"/><temp name="T2191"/><temp name="T2290"/><temp name="T2161"/><temp name="T2263"/><temp name="T2206"/><temp name="T28"/><temp name="T2170"/><temp name="T2255"/><temp name="T2188"/><temp name="T791"/><temp name="T2165"/><temp name="T2175"/><temp name="T2197"/><temp name="T2270"/><temp name="T2277"/><temp name="T2320"/><temp name="T2326"/><temp name="T2310"/><temp name="T2230"/><temp name="T2228"/><temp name="T2240"/><temp name="T2213"/><temp name="T2249"/><temp name="T2275"/><temp name="T2281"/><temp name="T2251"/><temp name="T2202"/><temp name="T2234"/><temp name="T2294"/><temp name="T2244"/><temp name="T2239"/><temp name="T2287"/><temp name="T2179"/><temp name="T2314"/></temps><temps name="out"><temp name="T2185"/><temp name="T2191"/><temp name="T2290"/><temp name="T2161"/><temp name="T2263"/><temp name="T2206"/><temp name="T28"/><temp name="T2170"/><temp name="T2255"/><temp name="T2188"/><temp name="T791"/><temp name="T2165"/><temp name="T2175"/><temp name="T2197"/><temp name="T2270"/><temp name="T2277"/><temp name="T2320"/><temp name="T2326"/><temp name="T2159"/><temp name="T2310"/><temp name="T2230"/><temp name="T2228"/><temp name="T2240"/><temp name="T2213"/><temp name="T2249"/><temp name="T2275"/><temp name="T2281"/><temp name="T2251"/><temp name="T2202"/><temp name="T2234"/><temp name="T2294"/><temp name="T2244"/><temp name="T2239"/><temp name="T2287"/><temp name="T2179"/><temp name="T2314"/></temps></instruction><instruction code="NEG T2159, 0, T2159"><temps name="use"><temp name="T2159"/></temps><temps name="def"><temp name="T2159"/></temps><temps name="in"><temp name="T2185"/><temp name="T2191"/><temp name="T2290"/><temp name="T2161"/><temp name="T2263"/><temp name="T2206"/><temp name="T28"/><temp name="T2170"/><temp name="T2255"/><temp name="T2188"/><temp name="T791"/><temp name="T2165"/><temp name="T2175"/><temp name="T2197"/><temp name="T2270"/><temp name="T2277"/><temp name="T2320"/><temp name="T2326"/><temp name="T2159"/><temp name="T2310"/><temp name="T2230"/><temp name="T2228"/><temp name="T2240"/><temp name="T2213"/><temp name="T2249"/><temp name="T2275"/><temp name="T2281"/><temp name="T2251"/><temp name="T2202"/><temp name="T2234"/><temp name="T2294"/><temp name="T2244"/><temp name="T2239"/><temp name="T2287"/><temp name="T2179"/><temp name="T2314"/></temps><temps name="out"><temp name="T2185"/><temp name="T2191"/><temp name="T2290"/><temp name="T2161"/><temp name="T2263"/><temp name="T2206"/><temp name="T28"/><temp name="T2170"/><temp name="T2255"/><temp name="T2188"/><temp name="T791"/><temp name="T2165"/><temp name="T2175"/><temp name="T2197"/><temp name="T2270"/><temp name="T2277"/><temp name="T2320"/><temp name="T2326"/><temp name="T2159"/><temp name="T2310"/><temp name="T2230"/><temp name="T2228"/><temp name="T2240"/><temp name="T2213"/><temp name="T2249"/><temp name="T2275"/><temp name="T2281"/><temp name="T2251"/><temp name="T2202"/><temp name="T2234"/><temp name="T2294"/><temp name="T2244"/><temp name="T2239"/><temp name="T2287"/><temp name="T2179"/><temp name="T2314"/></temps></instruction><instruction code="OR T792, T2159, 0"><temps name="use"><temp name="T2159"/></temps><temps name="def"><temp name="T792"/></temps><temps name="in"><temp name="T2185"/><temp name="T2191"/><temp name="T2290"/><temp name="T2161"/><temp name="T2263"/><temp name="T2206"/><temp name="T28"/><temp name="T2170"/><temp name="T2255"/><temp name="T2188"/><temp name="T791"/><temp name="T2165"/><temp name="T2175"/><temp name="T2197"/><temp name="T2270"/><temp name="T2277"/><temp name="T2320"/><temp name="T2326"/><temp name="T2159"/><temp name="T2310"/><temp name="T2230"/><temp name="T2228"/><temp name="T2240"/><temp name="T2213"/><temp name="T2249"/><temp name="T2275"/><temp name="T2281"/><temp name="T2251"/><temp name="T2202"/><temp name="T2234"/><temp name="T2294"/><temp name="T2244"/><temp name="T2239"/><temp name="T2287"/><temp name="T2179"/><temp name="T2314"/></temps><temps name="out"><temp name="T2185"/><temp name="T2191"/><temp name="T2290"/><temp name="T2161"/><temp name="T2263"/><temp name="T2206"/><temp name="T28"/><temp name="T2170"/><temp name="T2255"/><temp name="T2188"/><temp name="T791"/><temp name="T2165"/><temp name="T2175"/><temp name="T2197"/><temp name="T2270"/><temp name="T2277"/><temp name="T2320"/><temp name="T2326"/><temp name="T792"/><temp name="T2310"/><temp name="T2230"/><temp name="T2228"/><temp name="T2240"/><temp name="T2213"/><temp name="T2249"/><temp name="T2275"/><temp name="T2281"/><temp name="T2251"/><temp name="T2202"/><temp name="T2234"/><temp name="T2294"/><temp name="T2244"/><temp name="T2239"/><temp name="T2287"/><temp name="T2179"/><temp name="T2314"/></temps></instruction><instruction code="ADD T2160, T791, T792"><temps name="use"><temp name="T791"/><temp name="T792"/></temps><temps name="def"><temp name="T2160"/></temps><temps name="in"><temp name="T2185"/><temp name="T2191"/><temp name="T2290"/><temp name="T2161"/><temp name="T2263"/><temp name="T2206"/><temp name="T28"/><temp name="T2170"/><temp name="T2255"/><temp name="T2188"/><temp name="T791"/><temp name="T2165"/><temp name="T2175"/><temp name="T2197"/><temp name="T2270"/><temp name="T2277"/><temp name="T2320"/><temp name="T2326"/><temp name="T792"/><temp name="T2310"/><temp name="T2230"/><temp name="T2228"/><temp name="T2240"/><temp name="T2213"/><temp name="T2249"/><temp name="T2275"/><temp name="T2281"/><temp name="T2251"/><temp name="T2202"/><temp name="T2234"/><temp name="T2294"/><temp name="T2244"/><temp name="T2239"/><temp name="T2287"/><temp name="T2179"/><temp name="T2314"/></temps><temps name="out"><temp name="T2185"/><temp name="T2191"/><temp name="T2290"/><temp name="T2161"/><temp name="T2263"/><temp name="T2206"/><temp name="T28"/><temp name="T2170"/><temp name="T2255"/><temp name="T2188"/><temp name="T2165"/><temp name="T2175"/><temp name="T2197"/><temp name="T2270"/><temp name="T2277"/><temp name="T2320"/><temp name="T2326"/><temp name="T2160"/><temp name="T2310"/><temp name="T2230"/><temp name="T2228"/><temp name="T2240"/><temp name="T2213"/><temp name="T2249"/><temp name="T2275"/><temp name="T2281"/><temp name="T2251"/><temp name="T2202"/><temp name="T2234"/><temp name="T2294"/><temp name="T2244"/><temp name="T2239"/><temp name="T2287"/><temp name="T2179"/><temp name="T2314"/></temps></instruction><instruction code="OR T793, T2160, 0"><temps name="use"><temp name="T2160"/></temps><temps name="def"><temp name="T793"/></temps><temps name="in"><temp name="T2185"/><temp name="T2191"/><temp name="T2290"/><temp name="T2161"/><temp name="T2263"/><temp name="T2206"/><temp name="T28"/><temp name="T2170"/><temp name="T2255"/><temp name="T2188"/><temp name="T2165"/><temp name="T2175"/><temp name="T2197"/><temp name="T2270"/><temp name="T2277"/><temp name="T2320"/><temp name="T2326"/><temp name="T2160"/><temp name="T2310"/><temp name="T2230"/><temp name="T2228"/><temp name="T2240"/><temp name="T2213"/><temp name="T2249"/><temp name="T2275"/><temp name="T2281"/><temp name="T2251"/><temp name="T2202"/><temp name="T2234"/><temp name="T2294"/><temp name="T2244"/><temp name="T2239"/><temp name="T2287"/><temp name="T2179"/><temp name="T2314"/></temps><temps name="out"><temp name="T2185"/><temp name="T2191"/><temp name="T2290"/><temp name="T2161"/><temp name="T2263"/><temp name="T2206"/><temp name="T28"/><temp name="T2170"/><temp name="T2255"/><temp name="T2188"/><temp name="T2165"/><temp name="T2175"/><temp name="T2197"/><temp name="T2270"/><temp name="T2277"/><temp name="T2320"/><temp name="T2326"/><temp name="T2310"/><temp name="T2230"/><temp name="T2228"/><temp name="T2240"/><temp name="T2213"/><temp name="T2249"/><temp name="T2275"/><temp name="T2281"/><temp name="T2251"/><temp name="T2202"/><temp name="T2234"/><temp name="T2294"/><temp name="T2244"/><temp name="T2239"/><temp name="T2287"/><temp name="T2179"/><temp name="T2314"/></temps></instruction><instruction code="LDO T2162, T2161, 0"><temps name="use"><temp name="T2161"/></temps><temps name="def"><temp name="T2162"/></temps><temps name="in"><temp name="T2185"/><temp name="T2191"/><temp name="T2290"/><temp name="T2161"/><temp name="T2263"/><temp name="T2206"/><temp name="T28"/><temp name="T2170"/><temp name="T2255"/><temp name="T2188"/><temp name="T2165"/><temp name="T2175"/><temp name="T2197"/><temp name="T2270"/><temp name="T2277"/><temp name="T2320"/><temp name="T2326"/><temp name="T2310"/><temp name="T2230"/><temp name="T2228"/><temp name="T2240"/><temp name="T2213"/><temp name="T2249"/><temp name="T2275"/><temp name="T2281"/><temp name="T2251"/><temp name="T2202"/><temp name="T2234"/><temp name="T2294"/><temp name="T2244"/><temp name="T2239"/><temp name="T2287"/><temp name="T2179"/><temp name="T2314"/></temps><temps name="out"><temp name="T2185"/><temp name="T2191"/><temp name="T2290"/><temp name="T2263"/><temp name="T2206"/><temp name="T28"/><temp name="T2170"/><temp name="T2255"/><temp name="T2188"/><temp name="T2165"/><temp name="T2175"/><temp name="T2197"/><temp name="T2270"/><temp name="T2277"/><temp name="T2320"/><temp name="T2326"/><temp name="T2310"/><temp name="T2230"/><temp name="T2228"/><temp name="T2240"/><temp name="T2213"/><temp name="T2249"/><temp name="T2275"/><temp name="T2281"/><temp name="T2251"/><temp name="T2202"/><temp name="T2234"/><temp name="T2294"/><temp name="T2162"/><temp name="T2244"/><temp name="T2239"/><temp name="T2287"/><temp name="T2179"/><temp name="T2314"/></temps></instruction><instruction code="OR T794, T2162, 0"><temps name="use"><temp name="T2162"/></temps><temps name="def"><temp name="T794"/></temps><temps name="in"><temp name="T2185"/><temp name="T2191"/><temp name="T2290"/><temp name="T2263"/><temp name="T2206"/><temp name="T28"/><temp name="T2170"/><temp name="T2255"/><temp name="T2188"/><temp name="T2165"/><temp name="T2175"/><temp name="T2197"/><temp name="T2270"/><temp name="T2277"/><temp name="T2320"/><temp name="T2326"/><temp name="T2310"/><temp name="T2230"/><temp name="T2228"/><temp name="T2240"/><temp name="T2213"/><temp name="T2249"/><temp name="T2275"/><temp name="T2281"/><temp name="T2251"/><temp name="T2202"/><temp name="T2234"/><temp name="T2294"/><temp name="T2162"/><temp name="T2244"/><temp name="T2239"/><temp name="T2287"/><temp name="T2179"/><temp name="T2314"/></temps><temps name="out"><temp name="T2185"/><temp name="T2191"/><temp name="T2290"/><temp name="T2263"/><temp name="T2206"/><temp name="T28"/><temp name="T2170"/><temp name="T2255"/><temp name="T2188"/><temp name="T2165"/><temp name="T2175"/><temp name="T2197"/><temp name="T2270"/><temp name="T2277"/><temp name="T2320"/><temp name="T2326"/><temp name="T2310"/><temp name="T2230"/><temp name="T2228"/><temp name="T2240"/><temp name="T2213"/><temp name="T2249"/><temp name="T2275"/><temp name="T2281"/><temp name="T2251"/><temp name="T2202"/><temp name="T2234"/><temp name="T2294"/><temp name="T2244"/><temp name="T2239"/><temp name="T2287"/><temp name="T794"/><temp name="T2179"/><temp name="T2314"/></temps></instruction><instruction code="OR T795, T28, 0"><temps name="use"><temp name="T28"/></temps><temps name="def"><temp name="T795"/></temps><temps name="in"><temp name="T2185"/><temp name="T2191"/><temp name="T2290"/><temp name="T2263"/><temp name="T2206"/><temp name="T28"/><temp name="T2170"/><temp name="T2255"/><temp name="T2188"/><temp name="T2165"/><temp name="T2175"/><temp name="T2197"/><temp name="T2270"/><temp name="T2277"/><temp name="T2320"/><temp name="T2326"/><temp name="T2310"/><temp name="T2230"/><temp name="T2228"/><temp name="T2240"/><temp name="T2213"/><temp name="T2249"/><temp name="T2275"/><temp name="T2281"/><temp name="T2251"/><temp name="T2202"/><temp name="T2234"/><temp name="T2294"/><temp name="T2244"/><temp name="T2239"/><temp name="T2287"/><temp name="T794"/><temp name="T2179"/><temp name="T2314"/></temps><temps name="out"><temp name="T2185"/><temp name="T2191"/><temp name="T2290"/><temp name="T2263"/><temp name="T2206"/><temp name="T28"/><temp name="T2170"/><temp name="T795"/><temp name="T2255"/><temp name="T2188"/><temp name="T2165"/><temp name="T2175"/><temp name="T2197"/><temp name="T2270"/><temp name="T2277"/><temp name="T2320"/><temp name="T2326"/><temp name="T2310"/><temp name="T2230"/><temp name="T2228"/><temp name="T2240"/><temp name="T2213"/><temp name="T2249"/><temp name="T2275"/><temp name="T2281"/><temp name="T2251"/><temp name="T2202"/><temp name="T2234"/><temp name="T2294"/><temp name="T2244"/><temp name="T2239"/><temp name="T2287"/><temp name="T794"/><temp name="T2179"/><temp name="T2314"/></temps></instruction><instruction code="SETL  T2163, 8"><temps name="use"/><temps name="def"><temp name="T2163"/></temps><temps name="in"><temp name="T2185"/><temp name="T2191"/><temp name="T2290"/><temp name="T2263"/><temp name="T2206"/><temp name="T28"/><temp name="T2170"/><temp name="T795"/><temp name="T2255"/><temp name="T2188"/><temp name="T2165"/><temp name="T2175"/><temp name="T2197"/><temp name="T2270"/><temp name="T2277"/><temp name="T2320"/><temp name="T2326"/><temp name="T2310"/><temp name="T2230"/><temp name="T2228"/><temp name="T2240"/><temp name="T2213"/><temp name="T2249"/><temp name="T2275"/><temp name="T2281"/><temp name="T2251"/><temp name="T2202"/><temp name="T2234"/><temp name="T2294"/><temp name="T2244"/><temp name="T2239"/><temp name="T2287"/><temp name="T794"/><temp name="T2179"/><temp name="T2314"/></temps><temps name="out"><temp name="T2185"/><temp name="T2191"/><temp name="T2290"/><temp name="T2263"/><temp name="T2206"/><temp name="T28"/><temp name="T2170"/><temp name="T795"/><temp name="T2255"/><temp name="T2188"/><temp name="T2165"/><temp name="T2175"/><temp name="T2197"/><temp name="T2270"/><temp name="T2277"/><temp name="T2320"/><temp name="T2326"/><temp name="T2310"/><temp name="T2230"/><temp name="T2228"/><temp name="T2240"/><temp name="T2213"/><temp name="T2249"/><temp name="T2275"/><temp name="T2281"/><temp name="T2251"/><temp name="T2202"/><temp name="T2234"/><temp name="T2294"/><temp name="T2244"/><temp name="T2239"/><temp name="T2287"/><temp name="T794"/><temp name="T2179"/><temp name="T2314"/></temps></instruction><instruction code="INCML T2163, 0"><temps name="use"/><temps name="def"><temp name="T2163"/></temps><temps name="in"><temp name="T2185"/><temp name="T2191"/><temp name="T2290"/><temp name="T2263"/><temp name="T2206"/><temp name="T28"/><temp name="T2170"/><temp name="T795"/><temp name="T2255"/><temp name="T2188"/><temp name="T2165"/><temp name="T2175"/><temp name="T2197"/><temp name="T2270"/><temp name="T2277"/><temp name="T2320"/><temp name="T2326"/><temp name="T2310"/><temp name="T2230"/><temp name="T2228"/><temp name="T2240"/><temp name="T2213"/><temp name="T2249"/><temp name="T2275"/><temp name="T2281"/><temp name="T2251"/><temp name="T2202"/><temp name="T2234"/><temp name="T2294"/><temp name="T2244"/><temp name="T2239"/><temp name="T2287"/><temp name="T794"/><temp name="T2179"/><temp name="T2314"/></temps><temps name="out"><temp name="T2185"/><temp name="T2191"/><temp name="T2290"/><temp name="T2263"/><temp name="T2206"/><temp name="T28"/><temp name="T2170"/><temp name="T795"/><temp name="T2255"/><temp name="T2188"/><temp name="T2165"/><temp name="T2175"/><temp name="T2197"/><temp name="T2270"/><temp name="T2277"/><temp name="T2320"/><temp name="T2326"/><temp name="T2310"/><temp name="T2230"/><temp name="T2228"/><temp name="T2240"/><temp name="T2213"/><temp name="T2249"/><temp name="T2275"/><temp name="T2281"/><temp name="T2251"/><temp name="T2202"/><temp name="T2234"/><temp name="T2294"/><temp name="T2244"/><temp name="T2239"/><temp name="T2287"/><temp name="T794"/><temp name="T2179"/><temp name="T2314"/></temps></instruction><instruction code="INCMH T2163, 0"><temps name="use"/><temps name="def"><temp name="T2163"/></temps><temps name="in"><temp name="T2185"/><temp name="T2191"/><temp name="T2290"/><temp name="T2263"/><temp name="T2206"/><temp name="T28"/><temp name="T2170"/><temp name="T795"/><temp name="T2255"/><temp name="T2188"/><temp name="T2165"/><temp name="T2175"/><temp name="T2197"/><temp name="T2270"/><temp name="T2277"/><temp name="T2320"/><temp name="T2326"/><temp name="T2310"/><temp name="T2230"/><temp name="T2228"/><temp name="T2240"/><temp name="T2213"/><temp name="T2249"/><temp name="T2275"/><temp name="T2281"/><temp name="T2251"/><temp name="T2202"/><temp name="T2234"/><temp name="T2294"/><temp name="T2244"/><temp name="T2239"/><temp name="T2287"/><temp name="T794"/><temp name="T2179"/><temp name="T2314"/></temps><temps name="out"><temp name="T2185"/><temp name="T2191"/><temp name="T2290"/><temp name="T2263"/><temp name="T2206"/><temp name="T28"/><temp name="T2170"/><temp name="T795"/><temp name="T2255"/><temp name="T2188"/><temp name="T2165"/><temp name="T2175"/><temp name="T2197"/><temp name="T2270"/><temp name="T2277"/><temp name="T2320"/><temp name="T2326"/><temp name="T2310"/><temp name="T2230"/><temp name="T2228"/><temp name="T2240"/><temp name="T2213"/><temp name="T2249"/><temp name="T2275"/><temp name="T2281"/><temp name="T2251"/><temp name="T2202"/><temp name="T2234"/><temp name="T2294"/><temp name="T2244"/><temp name="T2239"/><temp name="T2287"/><temp name="T794"/><temp name="T2179"/><temp name="T2314"/></temps></instruction><instruction code="INCH  T2163, 0"><temps name="use"/><temps name="def"><temp name="T2163"/></temps><temps name="in"><temp name="T2185"/><temp name="T2191"/><temp name="T2290"/><temp name="T2263"/><temp name="T2206"/><temp name="T28"/><temp name="T2170"/><temp name="T795"/><temp name="T2255"/><temp name="T2188"/><temp name="T2165"/><temp name="T2175"/><temp name="T2197"/><temp name="T2270"/><temp name="T2277"/><temp name="T2320"/><temp name="T2326"/><temp name="T2310"/><temp name="T2230"/><temp name="T2228"/><temp name="T2240"/><temp name="T2213"/><temp name="T2249"/><temp name="T2275"/><temp name="T2281"/><temp name="T2251"/><temp name="T2202"/><temp name="T2234"/><temp name="T2294"/><temp name="T2244"/><temp name="T2239"/><temp name="T2287"/><temp name="T794"/><temp name="T2179"/><temp name="T2314"/></temps><temps name="out"><temp name="T2163"/><temp name="T2185"/><temp name="T2191"/><temp name="T2290"/><temp name="T2263"/><temp name="T2206"/><temp name="T28"/><temp name="T2170"/><temp name="T795"/><temp name="T2255"/><temp name="T2188"/><temp name="T2165"/><temp name="T2175"/><temp name="T2197"/><temp name="T2270"/><temp name="T2277"/><temp name="T2320"/><temp name="T2326"/><temp name="T2310"/><temp name="T2230"/><temp name="T2228"/><temp name="T2240"/><temp name="T2213"/><temp name="T2249"/><temp name="T2275"/><temp name="T2281"/><temp name="T2251"/><temp name="T2202"/><temp name="T2234"/><temp name="T2294"/><temp name="T2244"/><temp name="T2239"/><temp name="T2287"/><temp name="T794"/><temp name="T2179"/><temp name="T2314"/></temps></instruction><instruction code="OR T796, T2163, 0"><temps name="use"><temp name="T2163"/></temps><temps name="def"><temp name="T796"/></temps><temps name="in"><temp name="T2163"/><temp name="T2185"/><temp name="T2191"/><temp name="T2290"/><temp name="T2263"/><temp name="T2206"/><temp name="T28"/><temp name="T2170"/><temp name="T795"/><temp name="T2255"/><temp name="T2188"/><temp name="T2165"/><temp name="T2175"/><temp name="T2197"/><temp name="T2270"/><temp name="T2277"/><temp name="T2320"/><temp name="T2326"/><temp name="T2310"/><temp name="T2230"/><temp name="T2228"/><temp name="T2240"/><temp name="T2213"/><temp name="T2249"/><temp name="T2275"/><temp name="T2281"/><temp name="T2251"/><temp name="T2202"/><temp name="T2234"/><temp name="T2294"/><temp name="T2244"/><temp name="T2239"/><temp name="T2287"/><temp name="T794"/><temp name="T2179"/><temp name="T2314"/></temps><temps name="out"><temp name="T2185"/><temp name="T2191"/><temp name="T2290"/><temp name="T2263"/><temp name="T2206"/><temp name="T28"/><temp name="T2170"/><temp name="T795"/><temp name="T796"/><temp name="T2255"/><temp name="T2188"/><temp name="T2165"/><temp name="T2175"/><temp name="T2197"/><temp name="T2270"/><temp name="T2277"/><temp name="T2320"/><temp name="T2326"/><temp name="T2310"/><temp name="T2230"/><temp name="T2228"/><temp name="T2240"/><temp name="T2213"/><temp name="T2249"/><temp name="T2275"/><temp name="T2281"/><temp name="T2251"/><temp name="T2202"/><temp name="T2234"/><temp name="T2294"/><temp name="T2244"/><temp name="T2239"/><temp name="T2287"/><temp name="T794"/><temp name="T2179"/><temp name="T2314"/></temps></instruction><instruction code="ADD T2164, T795, T796"><temps name="use"><temp name="T795"/><temp name="T796"/></temps><temps name="def"><temp name="T2164"/></temps><temps name="in"><temp name="T2185"/><temp name="T2191"/><temp name="T2290"/><temp name="T2263"/><temp name="T2206"/><temp name="T28"/><temp name="T2170"/><temp name="T795"/><temp name="T796"/><temp name="T2255"/><temp name="T2188"/><temp name="T2165"/><temp name="T2175"/><temp name="T2197"/><temp name="T2270"/><temp name="T2277"/><temp name="T2320"/><temp name="T2326"/><temp name="T2310"/><temp name="T2230"/><temp name="T2228"/><temp name="T2240"/><temp name="T2213"/><temp name="T2249"/><temp name="T2275"/><temp name="T2281"/><temp name="T2251"/><temp name="T2202"/><temp name="T2234"/><temp name="T2294"/><temp name="T2244"/><temp name="T2239"/><temp name="T2287"/><temp name="T794"/><temp name="T2179"/><temp name="T2314"/></temps><temps name="out"><temp name="T2185"/><temp name="T2191"/><temp name="T2290"/><temp name="T2263"/><temp name="T2206"/><temp name="T2164"/><temp name="T28"/><temp name="T2170"/><temp name="T2255"/><temp name="T2188"/><temp name="T2165"/><temp name="T2175"/><temp name="T2197"/><temp name="T2270"/><temp name="T2277"/><temp name="T2320"/><temp name="T2326"/><temp name="T2310"/><temp name="T2230"/><temp name="T2228"/><temp name="T2240"/><temp name="T2213"/><temp name="T2249"/><temp name="T2275"/><temp name="T2281"/><temp name="T2251"/><temp name="T2202"/><temp name="T2234"/><temp name="T2294"/><temp name="T2244"/><temp name="T2239"/><temp name="T2287"/><temp name="T794"/><temp name="T2179"/><temp name="T2314"/></temps></instruction><instruction code="OR T797, T2164, 0"><temps name="use"><temp name="T2164"/></temps><temps name="def"><temp name="T797"/></temps><temps name="in"><temp name="T2185"/><temp name="T2191"/><temp name="T2290"/><temp name="T2263"/><temp name="T2206"/><temp name="T2164"/><temp name="T28"/><temp name="T2170"/><temp name="T2255"/><temp name="T2188"/><temp name="T2165"/><temp name="T2175"/><temp name="T2197"/><temp name="T2270"/><temp name="T2277"/><temp name="T2320"/><temp name="T2326"/><temp name="T2310"/><temp name="T2230"/><temp name="T2228"/><temp name="T2240"/><temp name="T2213"/><temp name="T2249"/><temp name="T2275"/><temp name="T2281"/><temp name="T2251"/><temp name="T2202"/><temp name="T2234"/><temp name="T2294"/><temp name="T2244"/><temp name="T2239"/><temp name="T2287"/><temp name="T794"/><temp name="T2179"/><temp name="T2314"/></temps><temps name="out"><temp name="T2185"/><temp name="T2191"/><temp name="T2290"/><temp name="T2263"/><temp name="T2206"/><temp name="T28"/><temp name="T2170"/><temp name="T2255"/><temp name="T2188"/><temp name="T2165"/><temp name="T2175"/><temp name="T2197"/><temp name="T2270"/><temp name="T2277"/><temp name="T2320"/><temp name="T2326"/><temp name="T2310"/><temp name="T2230"/><temp name="T2228"/><temp name="T2240"/><temp name="T2213"/><temp name="T2249"/><temp name="T2275"/><temp name="T2281"/><temp name="T2251"/><temp name="T2202"/><temp name="T2234"/><temp name="T2294"/><temp name="T2244"/><temp name="T2239"/><temp name="T2287"/><temp name="T794"/><temp name="T2179"/><temp name="T2314"/></temps></instruction><instruction code="LDO T2166, T2165, 0"><temps name="use"><temp name="T2165"/></temps><temps name="def"><temp name="T2166"/></temps><temps name="in"><temp name="T2185"/><temp name="T2191"/><temp name="T2290"/><temp name="T2263"/><temp name="T2206"/><temp name="T28"/><temp name="T2170"/><temp name="T2255"/><temp name="T2188"/><temp name="T2165"/><temp name="T2175"/><temp name="T2197"/><temp name="T2270"/><temp name="T2277"/><temp name="T2320"/><temp name="T2326"/><temp name="T2310"/><temp name="T2230"/><temp name="T2228"/><temp name="T2240"/><temp name="T2213"/><temp name="T2249"/><temp name="T2275"/><temp name="T2281"/><temp name="T2251"/><temp name="T2202"/><temp name="T2234"/><temp name="T2294"/><temp name="T2244"/><temp name="T2239"/><temp name="T2287"/><temp name="T794"/><temp name="T2179"/><temp name="T2314"/></temps><temps name="out"><temp name="T2185"/><temp name="T2191"/><temp name="T2290"/><temp name="T2263"/><temp name="T2206"/><temp name="T28"/><temp name="T2170"/><temp name="T2255"/><temp name="T2188"/><temp name="T2175"/><temp name="T2197"/><temp name="T2270"/><temp name="T2277"/><temp name="T2320"/><temp name="T2326"/><temp name="T2310"/><temp name="T2230"/><temp name="T2228"/><temp name="T2240"/><temp name="T2166"/><temp name="T2213"/><temp name="T2249"/><temp name="T2275"/><temp name="T2281"/><temp name="T2251"/><temp name="T2202"/><temp name="T2234"/><temp name="T2294"/><temp name="T2244"/><temp name="T2239"/><temp name="T2287"/><temp name="T794"/><temp name="T2179"/><temp name="T2314"/></temps></instruction><instruction code="OR T798, T2166, 0"><temps name="use"><temp name="T2166"/></temps><temps name="def"><temp name="T798"/></temps><temps name="in"><temp name="T2185"/><temp name="T2191"/><temp name="T2290"/><temp name="T2263"/><temp name="T2206"/><temp name="T28"/><temp name="T2170"/><temp name="T2255"/><temp name="T2188"/><temp name="T2175"/><temp name="T2197"/><temp name="T2270"/><temp name="T2277"/><temp name="T2320"/><temp name="T2326"/><temp name="T2310"/><temp name="T2230"/><temp name="T2228"/><temp name="T2240"/><temp name="T2166"/><temp name="T2213"/><temp name="T2249"/><temp name="T2275"/><temp name="T2281"/><temp name="T2251"/><temp name="T2202"/><temp name="T2234"/><temp name="T2294"/><temp name="T2244"/><temp name="T2239"/><temp name="T2287"/><temp name="T794"/><temp name="T2179"/><temp name="T2314"/></temps><temps name="out"><temp name="T2185"/><temp name="T2191"/><temp name="T2290"/><temp name="T2263"/><temp name="T2206"/><temp name="T28"/><temp name="T2170"/><temp name="T2255"/><temp name="T2188"/><temp name="T2175"/><temp name="T2197"/><temp name="T2270"/><temp name="T2277"/><temp name="T2320"/><temp name="T2326"/><temp name="T2310"/><temp name="T2230"/><temp name="T2228"/><temp name="T2240"/><temp name="T2213"/><temp name="T798"/><temp name="T2249"/><temp name="T2275"/><temp name="T2281"/><temp name="T2251"/><temp name="T2202"/><temp name="T2234"/><temp name="T2294"/><temp name="T2244"/><temp name="T2239"/><temp name="T2287"/><temp name="T794"/><temp name="T2179"/><temp name="T2314"/></temps></instruction><instruction code="SETL  T2167, 8"><temps name="use"/><temps name="def"><temp name="T2167"/></temps><temps name="in"><temp name="T2185"/><temp name="T2191"/><temp name="T2290"/><temp name="T2263"/><temp name="T2206"/><temp name="T28"/><temp name="T2170"/><temp name="T2255"/><temp name="T2188"/><temp name="T2175"/><temp name="T2197"/><temp name="T2270"/><temp name="T2277"/><temp name="T2320"/><temp name="T2326"/><temp name="T2310"/><temp name="T2230"/><temp name="T2228"/><temp name="T2240"/><temp name="T2213"/><temp name="T798"/><temp name="T2249"/><temp name="T2275"/><temp name="T2281"/><temp name="T2251"/><temp name="T2202"/><temp name="T2234"/><temp name="T2294"/><temp name="T2244"/><temp name="T2239"/><temp name="T2287"/><temp name="T794"/><temp name="T2179"/><temp name="T2314"/></temps><temps name="out"><temp name="T2185"/><temp name="T2191"/><temp name="T2290"/><temp name="T2263"/><temp name="T2206"/><temp name="T28"/><temp name="T2170"/><temp name="T2255"/><temp name="T2188"/><temp name="T2175"/><temp name="T2197"/><temp name="T2270"/><temp name="T2277"/><temp name="T2320"/><temp name="T2326"/><temp name="T2310"/><temp name="T2230"/><temp name="T2228"/><temp name="T2240"/><temp name="T2213"/><temp name="T798"/><temp name="T2249"/><temp name="T2275"/><temp name="T2281"/><temp name="T2251"/><temp name="T2202"/><temp name="T2234"/><temp name="T2294"/><temp name="T2244"/><temp name="T2239"/><temp name="T2287"/><temp name="T794"/><temp name="T2179"/><temp name="T2314"/></temps></instruction><instruction code="INCML T2167, 0"><temps name="use"/><temps name="def"><temp name="T2167"/></temps><temps name="in"><temp name="T2185"/><temp name="T2191"/><temp name="T2290"/><temp name="T2263"/><temp name="T2206"/><temp name="T28"/><temp name="T2170"/><temp name="T2255"/><temp name="T2188"/><temp name="T2175"/><temp name="T2197"/><temp name="T2270"/><temp name="T2277"/><temp name="T2320"/><temp name="T2326"/><temp name="T2310"/><temp name="T2230"/><temp name="T2228"/><temp name="T2240"/><temp name="T2213"/><temp name="T798"/><temp name="T2249"/><temp name="T2275"/><temp name="T2281"/><temp name="T2251"/><temp name="T2202"/><temp name="T2234"/><temp name="T2294"/><temp name="T2244"/><temp name="T2239"/><temp name="T2287"/><temp name="T794"/><temp name="T2179"/><temp name="T2314"/></temps><temps name="out"><temp name="T2185"/><temp name="T2191"/><temp name="T2290"/><temp name="T2263"/><temp name="T2206"/><temp name="T28"/><temp name="T2170"/><temp name="T2255"/><temp name="T2188"/><temp name="T2175"/><temp name="T2197"/><temp name="T2270"/><temp name="T2277"/><temp name="T2320"/><temp name="T2326"/><temp name="T2310"/><temp name="T2230"/><temp name="T2228"/><temp name="T2240"/><temp name="T2213"/><temp name="T798"/><temp name="T2249"/><temp name="T2275"/><temp name="T2281"/><temp name="T2251"/><temp name="T2202"/><temp name="T2234"/><temp name="T2294"/><temp name="T2244"/><temp name="T2239"/><temp name="T2287"/><temp name="T794"/><temp name="T2179"/><temp name="T2314"/></temps></instruction><instruction code="INCMH T2167, 0"><temps name="use"/><temps name="def"><temp name="T2167"/></temps><temps name="in"><temp name="T2185"/><temp name="T2191"/><temp name="T2290"/><temp name="T2263"/><temp name="T2206"/><temp name="T28"/><temp name="T2170"/><temp name="T2255"/><temp name="T2188"/><temp name="T2175"/><temp name="T2197"/><temp name="T2270"/><temp name="T2277"/><temp name="T2320"/><temp name="T2326"/><temp name="T2310"/><temp name="T2230"/><temp name="T2228"/><temp name="T2240"/><temp name="T2213"/><temp name="T798"/><temp name="T2249"/><temp name="T2275"/><temp name="T2281"/><temp name="T2251"/><temp name="T2202"/><temp name="T2234"/><temp name="T2294"/><temp name="T2244"/><temp name="T2239"/><temp name="T2287"/><temp name="T794"/><temp name="T2179"/><temp name="T2314"/></temps><temps name="out"><temp name="T2185"/><temp name="T2191"/><temp name="T2290"/><temp name="T2263"/><temp name="T2206"/><temp name="T28"/><temp name="T2170"/><temp name="T2255"/><temp name="T2188"/><temp name="T2175"/><temp name="T2197"/><temp name="T2270"/><temp name="T2277"/><temp name="T2320"/><temp name="T2326"/><temp name="T2310"/><temp name="T2230"/><temp name="T2228"/><temp name="T2240"/><temp name="T2213"/><temp name="T798"/><temp name="T2249"/><temp name="T2275"/><temp name="T2281"/><temp name="T2251"/><temp name="T2202"/><temp name="T2234"/><temp name="T2294"/><temp name="T2244"/><temp name="T2239"/><temp name="T2287"/><temp name="T794"/><temp name="T2179"/><temp name="T2314"/></temps></instruction><instruction code="INCH  T2167, 0"><temps name="use"/><temps name="def"><temp name="T2167"/></temps><temps name="in"><temp name="T2185"/><temp name="T2191"/><temp name="T2290"/><temp name="T2263"/><temp name="T2206"/><temp name="T28"/><temp name="T2170"/><temp name="T2255"/><temp name="T2188"/><temp name="T2175"/><temp name="T2197"/><temp name="T2270"/><temp name="T2277"/><temp name="T2320"/><temp name="T2326"/><temp name="T2310"/><temp name="T2230"/><temp name="T2228"/><temp name="T2240"/><temp name="T2213"/><temp name="T798"/><temp name="T2249"/><temp name="T2275"/><temp name="T2281"/><temp name="T2251"/><temp name="T2202"/><temp name="T2234"/><temp name="T2294"/><temp name="T2244"/><temp name="T2239"/><temp name="T2287"/><temp name="T794"/><temp name="T2179"/><temp name="T2314"/></temps><temps name="out"><temp name="T2185"/><temp name="T2191"/><temp name="T2290"/><temp name="T2263"/><temp name="T2167"/><temp name="T2206"/><temp name="T28"/><temp name="T2170"/><temp name="T2255"/><temp name="T2188"/><temp name="T2175"/><temp name="T2197"/><temp name="T2270"/><temp name="T2277"/><temp name="T2320"/><temp name="T2326"/><temp name="T2310"/><temp name="T2230"/><temp name="T2228"/><temp name="T2240"/><temp name="T2213"/><temp name="T798"/><temp name="T2249"/><temp name="T2275"/><temp name="T2281"/><temp name="T2251"/><temp name="T2202"/><temp name="T2234"/><temp name="T2294"/><temp name="T2244"/><temp name="T2239"/><temp name="T2287"/><temp name="T794"/><temp name="T2179"/><temp name="T2314"/></temps></instruction><instruction code="OR T799, T2167, 0"><temps name="use"><temp name="T2167"/></temps><temps name="def"><temp name="T799"/></temps><temps name="in"><temp name="T2185"/><temp name="T2191"/><temp name="T2290"/><temp name="T2263"/><temp name="T2167"/><temp name="T2206"/><temp name="T28"/><temp name="T2170"/><temp name="T2255"/><temp name="T2188"/><temp name="T2175"/><temp name="T2197"/><temp name="T2270"/><temp name="T2277"/><temp name="T2320"/><temp name="T2326"/><temp name="T2310"/><temp name="T2230"/><temp name="T2228"/><temp name="T2240"/><temp name="T2213"/><temp name="T798"/><temp name="T2249"/><temp name="T2275"/><temp name="T2281"/><temp name="T2251"/><temp name="T2202"/><temp name="T2234"/><temp name="T2294"/><temp name="T2244"/><temp name="T2239"/><temp name="T2287"/><temp name="T794"/><temp name="T2179"/><temp name="T2314"/></temps><temps name="out"><temp name="T2185"/><temp name="T2191"/><temp name="T2290"/><temp name="T2263"/><temp name="T2206"/><temp name="T28"/><temp name="T2170"/><temp name="T2255"/><temp name="T2188"/><temp name="T799"/><temp name="T2175"/><temp name="T2197"/><temp name="T2270"/><temp name="T2277"/><temp name="T2320"/><temp name="T2326"/><temp name="T2310"/><temp name="T2230"/><temp name="T2228"/><temp name="T2240"/><temp name="T2213"/><temp name="T798"/><temp name="T2249"/><temp name="T2275"/><temp name="T2281"/><temp name="T2251"/><temp name="T2202"/><temp name="T2234"/><temp name="T2294"/><temp name="T2244"/><temp name="T2239"/><temp name="T2287"/><temp name="T794"/><temp name="T2179"/><temp name="T2314"/></temps></instruction><instruction code="MUL T2168, T798, T799"><temps name="use"><temp name="T798"/><temp name="T799"/></temps><temps name="def"><temp name="T2168"/></temps><temps name="in"><temp name="T2185"/><temp name="T2191"/><temp name="T2290"/><temp name="T2263"/><temp name="T2206"/><temp name="T28"/><temp name="T2170"/><temp name="T2255"/><temp name="T2188"/><temp name="T799"/><temp name="T2175"/><temp name="T2197"/><temp name="T2270"/><temp name="T2277"/><temp name="T2320"/><temp name="T2326"/><temp name="T2310"/><temp name="T2230"/><temp name="T2228"/><temp name="T2240"/><temp name="T2213"/><temp name="T798"/><temp name="T2249"/><temp name="T2275"/><temp name="T2281"/><temp name="T2251"/><temp name="T2202"/><temp name="T2234"/><temp name="T2294"/><temp name="T2244"/><temp name="T2239"/><temp name="T2287"/><temp name="T794"/><temp name="T2179"/><temp name="T2314"/></temps><temps name="out"><temp name="T2185"/><temp name="T2191"/><temp name="T2290"/><temp name="T2263"/><temp name="T2206"/><temp name="T28"/><temp name="T2170"/><temp name="T2255"/><temp name="T2188"/><temp name="T2175"/><temp name="T2197"/><temp name="T2270"/><temp name="T2277"/><temp name="T2320"/><temp name="T2326"/><temp name="T2310"/><temp name="T2230"/><temp name="T2228"/><temp name="T2240"/><temp name="T2213"/><temp name="T2168"/><temp name="T2249"/><temp name="T2275"/><temp name="T2281"/><temp name="T2251"/><temp name="T2202"/><temp name="T2234"/><temp name="T2294"/><temp name="T2244"/><temp name="T2239"/><temp name="T2287"/><temp name="T794"/><temp name="T2179"/><temp name="T2314"/></temps></instruction><instruction code="OR T800, T2168, 0"><temps name="use"><temp name="T2168"/></temps><temps name="def"><temp name="T800"/></temps><temps name="in"><temp name="T2185"/><temp name="T2191"/><temp name="T2290"/><temp name="T2263"/><temp name="T2206"/><temp name="T28"/><temp name="T2170"/><temp name="T2255"/><temp name="T2188"/><temp name="T2175"/><temp name="T2197"/><temp name="T2270"/><temp name="T2277"/><temp name="T2320"/><temp name="T2326"/><temp name="T2310"/><temp name="T2230"/><temp name="T2228"/><temp name="T2240"/><temp name="T2213"/><temp name="T2168"/><temp name="T2249"/><temp name="T2275"/><temp name="T2281"/><temp name="T2251"/><temp name="T2202"/><temp name="T2234"/><temp name="T2294"/><temp name="T2244"/><temp name="T2239"/><temp name="T2287"/><temp name="T794"/><temp name="T2179"/><temp name="T2314"/></temps><temps name="out"><temp name="T2185"/><temp name="T2191"/><temp name="T2290"/><temp name="T2263"/><temp name="T2206"/><temp name="T28"/><temp name="T2170"/><temp name="T2255"/><temp name="T2188"/><temp name="T2175"/><temp name="T2197"/><temp name="T2270"/><temp name="T2277"/><temp name="T2320"/><temp name="T2326"/><temp name="T2310"/><temp name="T2230"/><temp name="T800"/><temp name="T2228"/><temp name="T2240"/><temp name="T2213"/><temp name="T2249"/><temp name="T2275"/><temp name="T2281"/><temp name="T2251"/><temp name="T2202"/><temp name="T2234"/><temp name="T2294"/><temp name="T2244"/><temp name="T2239"/><temp name="T2287"/><temp name="T794"/><temp name="T2179"/><temp name="T2314"/></temps></instruction><instruction code="ADD T2169, T794, T800"><temps name="use"><temp name="T794"/><temp name="T800"/></temps><temps name="def"><temp name="T2169"/></temps><temps name="in"><temp name="T2185"/><temp name="T2191"/><temp name="T2290"/><temp name="T2263"/><temp name="T2206"/><temp name="T28"/><temp name="T2170"/><temp name="T2255"/><temp name="T2188"/><temp name="T2175"/><temp name="T2197"/><temp name="T2270"/><temp name="T2277"/><temp name="T2320"/><temp name="T2326"/><temp name="T2310"/><temp name="T2230"/><temp name="T800"/><temp name="T2228"/><temp name="T2240"/><temp name="T2213"/><temp name="T2249"/><temp name="T2275"/><temp name="T2281"/><temp name="T2251"/><temp name="T2202"/><temp name="T2234"/><temp name="T2294"/><temp name="T2244"/><temp name="T2239"/><temp name="T2287"/><temp name="T794"/><temp name="T2179"/><temp name="T2314"/></temps><temps name="out"><temp name="T2185"/><temp name="T2191"/><temp name="T2290"/><temp name="T2263"/><temp name="T2169"/><temp name="T2206"/><temp name="T28"/><temp name="T2170"/><temp name="T2255"/><temp name="T2188"/><temp name="T2175"/><temp name="T2197"/><temp name="T2270"/><temp name="T2277"/><temp name="T2320"/><temp name="T2326"/><temp name="T2310"/><temp name="T2230"/><temp name="T2228"/><temp name="T2240"/><temp name="T2213"/><temp name="T2249"/><temp name="T2275"/><temp name="T2281"/><temp name="T2251"/><temp name="T2202"/><temp name="T2234"/><temp name="T2294"/><temp name="T2244"/><temp name="T2239"/><temp name="T2287"/><temp name="T2179"/><temp name="T2314"/></temps></instruction><instruction code="OR T801, T2169, 0"><temps name="use"><temp name="T2169"/></temps><temps name="def"><temp name="T801"/></temps><temps name="in"><temp name="T2185"/><temp name="T2191"/><temp name="T2290"/><temp name="T2263"/><temp name="T2169"/><temp name="T2206"/><temp name="T28"/><temp name="T2170"/><temp name="T2255"/><temp name="T2188"/><temp name="T2175"/><temp name="T2197"/><temp name="T2270"/><temp name="T2277"/><temp name="T2320"/><temp name="T2326"/><temp name="T2310"/><temp name="T2230"/><temp name="T2228"/><temp name="T2240"/><temp name="T2213"/><temp name="T2249"/><temp name="T2275"/><temp name="T2281"/><temp name="T2251"/><temp name="T2202"/><temp name="T2234"/><temp name="T2294"/><temp name="T2244"/><temp name="T2239"/><temp name="T2287"/><temp name="T2179"/><temp name="T2314"/></temps><temps name="out"><temp name="T2185"/><temp name="T2191"/><temp name="T2290"/><temp name="T2263"/><temp name="T2206"/><temp name="T28"/><temp name="T2170"/><temp name="T2255"/><temp name="T2188"/><temp name="T2175"/><temp name="T2197"/><temp name="T2270"/><temp name="T2277"/><temp name="T2320"/><temp name="T2326"/><temp name="T2310"/><temp name="T2230"/><temp name="T2228"/><temp name="T2240"/><temp name="T2213"/><temp name="T2249"/><temp name="T2275"/><temp name="T2281"/><temp name="T2251"/><temp name="T2202"/><temp name="T2234"/><temp name="T2294"/><temp name="T2244"/><temp name="T2239"/><temp name="T2287"/><temp name="T2179"/><temp name="T2314"/></temps></instruction><instruction code="LDO T2171, T2170, 0"><temps name="use"><temp name="T2170"/></temps><temps name="def"><temp name="T2171"/></temps><temps name="in"><temp name="T2185"/><temp name="T2191"/><temp name="T2290"/><temp name="T2263"/><temp name="T2206"/><temp name="T28"/><temp name="T2170"/><temp name="T2255"/><temp name="T2188"/><temp name="T2175"/><temp name="T2197"/><temp name="T2270"/><temp name="T2277"/><temp name="T2320"/><temp name="T2326"/><temp name="T2310"/><temp name="T2230"/><temp name="T2228"/><temp name="T2240"/><temp name="T2213"/><temp name="T2249"/><temp name="T2275"/><temp name="T2281"/><temp name="T2251"/><temp name="T2202"/><temp name="T2234"/><temp name="T2294"/><temp name="T2244"/><temp name="T2239"/><temp name="T2287"/><temp name="T2179"/><temp name="T2314"/></temps><temps name="out"><temp name="T2185"/><temp name="T2191"/><temp name="T2290"/><temp name="T2263"/><temp name="T2206"/><temp name="T28"/><temp name="T2255"/><temp name="T2188"/><temp name="T2171"/><temp name="T2175"/><temp name="T2197"/><temp name="T2270"/><temp name="T2277"/><temp name="T2320"/><temp name="T2326"/><temp name="T2310"/><temp name="T2230"/><temp name="T2228"/><temp name="T2240"/><temp name="T2213"/><temp name="T2249"/><temp name="T2275"/><temp name="T2281"/><temp name="T2251"/><temp name="T2202"/><temp name="T2234"/><temp name="T2294"/><temp name="T2244"/><temp name="T2239"/><temp name="T2287"/><temp name="T2179"/><temp name="T2314"/></temps></instruction><instruction code="OR T802, T2171, 0"><temps name="use"><temp name="T2171"/></temps><temps name="def"><temp name="T802"/></temps><temps name="in"><temp name="T2185"/><temp name="T2191"/><temp name="T2290"/><temp name="T2263"/><temp name="T2206"/><temp name="T28"/><temp name="T2255"/><temp name="T2188"/><temp name="T2171"/><temp name="T2175"/><temp name="T2197"/><temp name="T2270"/><temp name="T2277"/><temp name="T2320"/><temp name="T2326"/><temp name="T2310"/><temp name="T2230"/><temp name="T2228"/><temp name="T2240"/><temp name="T2213"/><temp name="T2249"/><temp name="T2275"/><temp name="T2281"/><temp name="T2251"/><temp name="T2202"/><temp name="T2234"/><temp name="T2294"/><temp name="T2244"/><temp name="T2239"/><temp name="T2287"/><temp name="T2179"/><temp name="T2314"/></temps><temps name="out"><temp name="T2185"/><temp name="T2191"/><temp name="T2290"/><temp name="T2263"/><temp name="T2206"/><temp name="T28"/><temp name="T2255"/><temp name="T2188"/><temp name="T802"/><temp name="T2175"/><temp name="T2197"/><temp name="T2270"/><temp name="T2277"/><temp name="T2320"/><temp name="T2326"/><temp name="T2310"/><temp name="T2230"/><temp name="T2228"/><temp name="T2240"/><temp name="T2213"/><temp name="T2249"/><temp name="T2275"/><temp name="T2281"/><temp name="T2251"/><temp name="T2202"/><temp name="T2234"/><temp name="T2294"/><temp name="T2244"/><temp name="T2239"/><temp name="T2287"/><temp name="T2179"/><temp name="T2314"/></temps></instruction><instruction code="SETL  T2172, 0"><temps name="use"/><temps name="def"><temp name="T2172"/></temps><temps name="in"><temp name="T2185"/><temp name="T2191"/><temp name="T2290"/><temp name="T2263"/><temp name="T2206"/><temp name="T28"/><temp name="T2255"/><temp name="T2188"/><temp name="T802"/><temp name="T2175"/><temp name="T2197"/><temp name="T2270"/><temp name="T2277"/><temp name="T2320"/><temp name="T2326"/><temp name="T2310"/><temp name="T2230"/><temp name="T2228"/><temp name="T2240"/><temp name="T2213"/><temp name="T2249"/><temp name="T2275"/><temp name="T2281"/><temp name="T2251"/><temp name="T2202"/><temp name="T2234"/><temp name="T2294"/><temp name="T2244"/><temp name="T2239"/><temp name="T2287"/><temp name="T2179"/><temp name="T2314"/></temps><temps name="out"><temp name="T2185"/><temp name="T2191"/><temp name="T2290"/><temp name="T2263"/><temp name="T2206"/><temp name="T28"/><temp name="T2255"/><temp name="T2188"/><temp name="T802"/><temp name="T2175"/><temp name="T2197"/><temp name="T2270"/><temp name="T2277"/><temp name="T2320"/><temp name="T2326"/><temp name="T2310"/><temp name="T2230"/><temp name="T2228"/><temp name="T2240"/><temp name="T2213"/><temp name="T2249"/><temp name="T2275"/><temp name="T2281"/><temp name="T2251"/><temp name="T2202"/><temp name="T2234"/><temp name="T2294"/><temp name="T2244"/><temp name="T2239"/><temp name="T2287"/><temp name="T2179"/><temp name="T2314"/></temps></instruction><instruction code="INCML T2172, 0"><temps name="use"/><temps name="def"><temp name="T2172"/></temps><temps name="in"><temp name="T2185"/><temp name="T2191"/><temp name="T2290"/><temp name="T2263"/><temp name="T2206"/><temp name="T28"/><temp name="T2255"/><temp name="T2188"/><temp name="T802"/><temp name="T2175"/><temp name="T2197"/><temp name="T2270"/><temp name="T2277"/><temp name="T2320"/><temp name="T2326"/><temp name="T2310"/><temp name="T2230"/><temp name="T2228"/><temp name="T2240"/><temp name="T2213"/><temp name="T2249"/><temp name="T2275"/><temp name="T2281"/><temp name="T2251"/><temp name="T2202"/><temp name="T2234"/><temp name="T2294"/><temp name="T2244"/><temp name="T2239"/><temp name="T2287"/><temp name="T2179"/><temp name="T2314"/></temps><temps name="out"><temp name="T2185"/><temp name="T2191"/><temp name="T2290"/><temp name="T2263"/><temp name="T2206"/><temp name="T28"/><temp name="T2255"/><temp name="T2188"/><temp name="T802"/><temp name="T2175"/><temp name="T2197"/><temp name="T2270"/><temp name="T2277"/><temp name="T2320"/><temp name="T2326"/><temp name="T2310"/><temp name="T2230"/><temp name="T2228"/><temp name="T2240"/><temp name="T2213"/><temp name="T2249"/><temp name="T2275"/><temp name="T2281"/><temp name="T2251"/><temp name="T2202"/><temp name="T2234"/><temp name="T2294"/><temp name="T2244"/><temp name="T2239"/><temp name="T2287"/><temp name="T2179"/><temp name="T2314"/></temps></instruction><instruction code="INCMH T2172, 0"><temps name="use"/><temps name="def"><temp name="T2172"/></temps><temps name="in"><temp name="T2185"/><temp name="T2191"/><temp name="T2290"/><temp name="T2263"/><temp name="T2206"/><temp name="T28"/><temp name="T2255"/><temp name="T2188"/><temp name="T802"/><temp name="T2175"/><temp name="T2197"/><temp name="T2270"/><temp name="T2277"/><temp name="T2320"/><temp name="T2326"/><temp name="T2310"/><temp name="T2230"/><temp name="T2228"/><temp name="T2240"/><temp name="T2213"/><temp name="T2249"/><temp name="T2275"/><temp name="T2281"/><temp name="T2251"/><temp name="T2202"/><temp name="T2234"/><temp name="T2294"/><temp name="T2244"/><temp name="T2239"/><temp name="T2287"/><temp name="T2179"/><temp name="T2314"/></temps><temps name="out"><temp name="T2185"/><temp name="T2191"/><temp name="T2290"/><temp name="T2263"/><temp name="T2206"/><temp name="T28"/><temp name="T2255"/><temp name="T2188"/><temp name="T802"/><temp name="T2175"/><temp name="T2197"/><temp name="T2270"/><temp name="T2277"/><temp name="T2320"/><temp name="T2326"/><temp name="T2310"/><temp name="T2230"/><temp name="T2228"/><temp name="T2240"/><temp name="T2213"/><temp name="T2249"/><temp name="T2275"/><temp name="T2281"/><temp name="T2251"/><temp name="T2202"/><temp name="T2234"/><temp name="T2294"/><temp name="T2244"/><temp name="T2239"/><temp name="T2287"/><temp name="T2179"/><temp name="T2314"/></temps></instruction><instruction code="INCH  T2172, 0"><temps name="use"/><temps name="def"><temp name="T2172"/></temps><temps name="in"><temp name="T2185"/><temp name="T2191"/><temp name="T2290"/><temp name="T2263"/><temp name="T2206"/><temp name="T28"/><temp name="T2255"/><temp name="T2188"/><temp name="T802"/><temp name="T2175"/><temp name="T2197"/><temp name="T2270"/><temp name="T2277"/><temp name="T2320"/><temp name="T2326"/><temp name="T2310"/><temp name="T2230"/><temp name="T2228"/><temp name="T2240"/><temp name="T2213"/><temp name="T2249"/><temp name="T2275"/><temp name="T2281"/><temp name="T2251"/><temp name="T2202"/><temp name="T2234"/><temp name="T2294"/><temp name="T2244"/><temp name="T2239"/><temp name="T2287"/><temp name="T2179"/><temp name="T2314"/></temps><temps name="out"><temp name="T2185"/><temp name="T2191"/><temp name="T2290"/><temp name="T2263"/><temp name="T2206"/><temp name="T28"/><temp name="T2172"/><temp name="T2255"/><temp name="T2188"/><temp name="T802"/><temp name="T2175"/><temp name="T2197"/><temp name="T2270"/><temp name="T2277"/><temp name="T2320"/><temp name="T2326"/><temp name="T2310"/><temp name="T2230"/><temp name="T2228"/><temp name="T2240"/><temp name="T2213"/><temp name="T2249"/><temp name="T2275"/><temp name="T2281"/><temp name="T2251"/><temp name="T2202"/><temp name="T2234"/><temp name="T2294"/><temp name="T2244"/><temp name="T2239"/><temp name="T2287"/><temp name="T2179"/><temp name="T2314"/></temps></instruction><instruction code="OR T803, T2172, 0"><temps name="use"><temp name="T2172"/></temps><temps name="def"><temp name="T803"/></temps><temps name="in"><temp name="T2185"/><temp name="T2191"/><temp name="T2290"/><temp name="T2263"/><temp name="T2206"/><temp name="T28"/><temp name="T2172"/><temp name="T2255"/><temp name="T2188"/><temp name="T802"/><temp name="T2175"/><temp name="T2197"/><temp name="T2270"/><temp name="T2277"/><temp name="T2320"/><temp name="T2326"/><temp name="T2310"/><temp name="T2230"/><temp name="T2228"/><temp name="T2240"/><temp name="T2213"/><temp name="T2249"/><temp name="T2275"/><temp name="T2281"/><temp name="T2251"/><temp name="T2202"/><temp name="T2234"/><temp name="T2294"/><temp name="T2244"/><temp name="T2239"/><temp name="T2287"/><temp name="T2179"/><temp name="T2314"/></temps><temps name="out"><temp name="T2185"/><temp name="T2191"/><temp name="T2290"/><temp name="T2263"/><temp name="T2206"/><temp name="T28"/><temp name="T2255"/><temp name="T2188"/><temp name="T802"/><temp name="T2175"/><temp name="T2197"/><temp name="T2270"/><temp name="T2277"/><temp name="T2320"/><temp name="T2326"/><temp name="T2310"/><temp name="T2230"/><temp name="T2228"/><temp name="T2240"/><temp name="T2213"/><temp name="T2249"/><temp name="T2275"/><temp name="T2281"/><temp name="T803"/><temp name="T2251"/><temp name="T2202"/><temp name="T2234"/><temp name="T2294"/><temp name="T2244"/><temp name="T2239"/><temp name="T2287"/><temp name="T2179"/><temp name="T2314"/></temps></instruction><instruction code="CMP T2173, T802, T803"><temps name="use"><temp name="T802"/><temp name="T803"/></temps><temps name="def"><temp name="T2173"/></temps><temps name="in"><temp name="T2185"/><temp name="T2191"/><temp name="T2290"/><temp name="T2263"/><temp name="T2206"/><temp name="T28"/><temp name="T2255"/><temp name="T2188"/><temp name="T802"/><temp name="T2175"/><temp name="T2197"/><temp name="T2270"/><temp name="T2277"/><temp name="T2320"/><temp name="T2326"/><temp name="T2310"/><temp name="T2230"/><temp name="T2228"/><temp name="T2240"/><temp name="T2213"/><temp name="T2249"/><temp name="T2275"/><temp name="T2281"/><temp name="T803"/><temp name="T2251"/><temp name="T2202"/><temp name="T2234"/><temp name="T2294"/><temp name="T2244"/><temp name="T2239"/><temp name="T2287"/><temp name="T2179"/><temp name="T2314"/></temps><temps name="out"><temp name="T2185"/><temp name="T2191"/><temp name="T2290"/><temp name="T2263"/><temp name="T2206"/><temp name="T28"/><temp name="T2255"/><temp name="T2188"/><temp name="T2173"/><temp name="T2175"/><temp name="T2197"/><temp name="T2270"/><temp name="T2277"/><temp name="T2320"/><temp name="T2326"/><temp name="T2310"/><temp name="T2230"/><temp name="T2228"/><temp name="T2240"/><temp name="T2213"/><temp name="T2249"/><temp name="T2275"/><temp name="T2281"/><temp name="T2251"/><temp name="T2202"/><temp name="T2234"/><temp name="T2294"/><temp name="T2244"/><temp name="T2239"/><temp name="T2287"/><temp name="T2179"/><temp name="T2314"/></temps></instruction><instruction code="ZSNZ T2173, T2173, 1"><temps name="use"><temp name="T2173"/></temps><temps name="def"><temp name="T2173"/></temps><temps name="in"><temp name="T2185"/><temp name="T2191"/><temp name="T2290"/><temp name="T2263"/><temp name="T2206"/><temp name="T28"/><temp name="T2255"/><temp name="T2188"/><temp name="T2173"/><temp name="T2175"/><temp name="T2197"/><temp name="T2270"/><temp name="T2277"/><temp name="T2320"/><temp name="T2326"/><temp name="T2310"/><temp name="T2230"/><temp name="T2228"/><temp name="T2240"/><temp name="T2213"/><temp name="T2249"/><temp name="T2275"/><temp name="T2281"/><temp name="T2251"/><temp name="T2202"/><temp name="T2234"/><temp name="T2294"/><temp name="T2244"/><temp name="T2239"/><temp name="T2287"/><temp name="T2179"/><temp name="T2314"/></temps><temps name="out"><temp name="T2185"/><temp name="T2191"/><temp name="T2290"/><temp name="T2263"/><temp name="T2206"/><temp name="T28"/><temp name="T2255"/><temp name="T2188"/><temp name="T2173"/><temp name="T2175"/><temp name="T2197"/><temp name="T2270"/><temp name="T2277"/><temp name="T2320"/><temp name="T2326"/><temp name="T2310"/><temp name="T2230"/><temp name="T2228"/><temp name="T2240"/><temp name="T2213"/><temp name="T2249"/><temp name="T2275"/><temp name="T2281"/><temp name="T2251"/><temp name="T2202"/><temp name="T2234"/><temp name="T2294"/><temp name="T2244"/><temp name="T2239"/><temp name="T2287"/><temp name="T2179"/><temp name="T2314"/></temps></instruction><instruction code="OR T804, T2173, 0"><temps name="use"><temp name="T2173"/></temps><temps name="def"><temp name="T804"/></temps><temps name="in"><temp name="T2185"/><temp name="T2191"/><temp name="T2290"/><temp name="T2263"/><temp name="T2206"/><temp name="T28"/><temp name="T2255"/><temp name="T2188"/><temp name="T2173"/><temp name="T2175"/><temp name="T2197"/><temp name="T2270"/><temp name="T2277"/><temp name="T2320"/><temp name="T2326"/><temp name="T2310"/><temp name="T2230"/><temp name="T2228"/><temp name="T2240"/><temp name="T2213"/><temp name="T2249"/><temp name="T2275"/><temp name="T2281"/><temp name="T2251"/><temp name="T2202"/><temp name="T2234"/><temp name="T2294"/><temp name="T2244"/><temp name="T2239"/><temp name="T2287"/><temp name="T2179"/><temp name="T2314"/></temps><temps name="out"><temp name="T2185"/><temp name="T2191"/><temp name="T2290"/><temp name="T804"/><temp name="T2263"/><temp name="T2206"/><temp name="T28"/><temp name="T2255"/><temp name="T2188"/><temp name="T2175"/><temp name="T2197"/><temp name="T2270"/><temp name="T2277"/><temp name="T2320"/><temp name="T2326"/><temp name="T2310"/><temp name="T2230"/><temp name="T2228"/><temp name="T2240"/><temp name="T2213"/><temp name="T2249"/><temp name="T2275"/><temp name="T2281"/><temp name="T2251"/><temp name="T2202"/><temp name="T2234"/><temp name="T2294"/><temp name="T2244"/><temp name="T2239"/><temp name="T2287"/><temp name="T2179"/><temp name="T2314"/></temps></instruction><instruction code="BNZ T804, L99"><temps name="use"><temp name="T804"/></temps><temps name="def"/><temps name="in"><temp name="T2185"/><temp name="T2191"/><temp name="T2290"/><temp name="T804"/><temp name="T2263"/><temp name="T2206"/><temp name="T28"/><temp name="T2255"/><temp name="T2188"/><temp name="T2175"/><temp name="T2197"/><temp name="T2270"/><temp name="T2277"/><temp name="T2320"/><temp name="T2326"/><temp name="T2310"/><temp name="T2230"/><temp name="T2228"/><temp name="T2240"/><temp name="T2213"/><temp name="T2249"/><temp name="T2275"/><temp name="T2281"/><temp name="T2251"/><temp name="T2202"/><temp name="T2234"/><temp name="T2294"/><temp name="T2244"/><temp name="T2239"/><temp name="T2287"/><temp name="T2179"/><temp name="T2314"/></temps><temps name="out"><temp name="T2185"/><temp name="T2191"/><temp name="T2290"/><temp name="T2263"/><temp name="T2206"/><temp name="T28"/><temp name="T2255"/><temp name="T2188"/><temp name="T2175"/><temp name="T2197"/><temp name="T2270"/><temp name="T2277"/><temp name="T2320"/><temp name="T2326"/><temp name="T2310"/><temp name="T2230"/><temp name="T2228"/><temp name="T2240"/><temp name="T2213"/><temp name="T2249"/><temp name="T2275"/><temp name="T2281"/><temp name="T2251"/><temp name="T2202"/><temp name="T2234"/><temp name="T2294"/><temp name="T2244"/><temp name="T2239"/><temp name="T2287"/><temp name="T2179"/><temp name="T2314"/></temps></instruction><instruction code="L154"><temps name="use"/><temps name="def"/><temps name="in"><temp name="T2185"/><temp name="T2191"/><temp name="T2290"/><temp name="T2263"/><temp name="T2206"/><temp name="T28"/><temp name="T2255"/><temp name="T2188"/><temp name="T2175"/><temp name="T2197"/><temp name="T2270"/><temp name="T2277"/><temp name="T2320"/><temp name="T2326"/><temp name="T2310"/><temp name="T2230"/><temp name="T2228"/><temp name="T2240"/><temp name="T2213"/><temp name="T2249"/><temp name="T2275"/><temp name="T2281"/><temp name="T2251"/><temp name="T2202"/><temp name="T2234"/><temp name="T2294"/><temp name="T2244"/><temp name="T2239"/><temp name="T2287"/><temp name="T2179"/><temp name="T2314"/></temps><temps name="out"><temp name="T2185"/><temp name="T2191"/><temp name="T2290"/><temp name="T2263"/><temp name="T2206"/><temp name="T28"/><temp name="T2255"/><temp name="T2188"/><temp name="T2175"/><temp name="T2197"/><temp name="T2270"/><temp name="T2277"/><temp name="T2320"/><temp name="T2326"/><temp name="T2310"/><temp name="T2230"/><temp name="T2228"/><temp name="T2240"/><temp name="T2213"/><temp name="T2249"/><temp name="T2275"/><temp name="T2281"/><temp name="T2251"/><temp name="T2202"/><temp name="T2234"/><temp name="T2294"/><temp name="T2244"/><temp name="T2239"/><temp name="T2287"/><temp name="T2179"/><temp name="T2314"/></temps></instruction><instruction code="LDA T2174, L100"><temps name="use"/><temps name="def"><temp name="T2174"/></temps><temps name="in"><temp name="T2185"/><temp name="T2191"/><temp name="T2290"/><temp name="T2263"/><temp name="T2206"/><temp name="T28"/><temp name="T2255"/><temp name="T2188"/><temp name="T2175"/><temp name="T2197"/><temp name="T2270"/><temp name="T2277"/><temp name="T2320"/><temp name="T2326"/><temp name="T2310"/><temp name="T2230"/><temp name="T2228"/><temp name="T2240"/><temp name="T2213"/><temp name="T2249"/><temp name="T2275"/><temp name="T2281"/><temp name="T2251"/><temp name="T2202"/><temp name="T2234"/><temp name="T2294"/><temp name="T2244"/><temp name="T2239"/><temp name="T2287"/><temp name="T2179"/><temp name="T2314"/></temps><temps name="out"><temp name="T2185"/><temp name="T2191"/><temp name="T2290"/><temp name="T2263"/><temp name="T2206"/><temp name="T28"/><temp name="T2255"/><temp name="T2188"/><temp name="T2175"/><temp name="T2197"/><temp name="T2270"/><temp name="T2277"/><temp name="T2320"/><temp name="T2326"/><temp name="T2310"/><temp name="T2230"/><temp name="T2228"/><temp name="T2240"/><temp name="T2174"/><temp name="T2213"/><temp name="T2249"/><temp name="T2275"/><temp name="T2281"/><temp name="T2251"/><temp name="T2202"/><temp name="T2234"/><temp name="T2294"/><temp name="T2244"/><temp name="T2239"/><temp name="T2287"/><temp name="T2179"/><temp name="T2314"/></temps></instruction><instruction code="GO T2174, T2174, 0"><temps name="use"><temp name="T2174"/></temps><temps name="def"><temp name="T2174"/></temps><temps name="in"><temp name="T2185"/><temp name="T2191"/><temp name="T2290"/><temp name="T2263"/><temp name="T2206"/><temp name="T28"/><temp name="T2255"/><temp name="T2188"/><temp name="T2175"/><temp name="T2197"/><temp name="T2270"/><temp name="T2277"/><temp name="T2320"/><temp name="T2326"/><temp name="T2310"/><temp name="T2230"/><temp name="T2228"/><temp name="T2240"/><temp name="T2174"/><temp name="T2213"/><temp name="T2249"/><temp name="T2275"/><temp name="T2281"/><temp name="T2251"/><temp name="T2202"/><temp name="T2234"/><temp name="T2294"/><temp name="T2244"/><temp name="T2239"/><temp name="T2287"/><temp name="T2179"/><temp name="T2314"/></temps><temps name="out"><temp name="T2185"/><temp name="T2191"/><temp name="T2290"/><temp name="T2263"/><temp name="T2206"/><temp name="T28"/><temp name="T2255"/><temp name="T2188"/><temp name="T2175"/><temp name="T2197"/><temp name="T2270"/><temp name="T2277"/><temp name="T2320"/><temp name="T2326"/><temp name="T2310"/><temp name="T2230"/><temp name="T2228"/><temp name="T2240"/><temp name="T2213"/><temp name="T2249"/><temp name="T2275"/><temp name="T2281"/><temp name="T2251"/><temp name="T2202"/><temp name="T2234"/><temp name="T2294"/><temp name="T2244"/><temp name="T2239"/><temp name="T2287"/><temp name="T2179"/><temp name="T2314"/></temps></instruction><instruction code="L99"><temps name="use"/><temps name="def"/><temps name="in"><temp name="T2185"/><temp name="T2191"/><temp name="T2290"/><temp name="T2263"/><temp name="T2206"/><temp name="T28"/><temp name="T2255"/><temp name="T2188"/><temp name="T2175"/><temp name="T2197"/><temp name="T2270"/><temp name="T2277"/><temp name="T2320"/><temp name="T2326"/><temp name="T2310"/><temp name="T2230"/><temp name="T2228"/><temp name="T2240"/><temp name="T2213"/><temp name="T2249"/><temp name="T2275"/><temp name="T2281"/><temp name="T2251"/><temp name="T2202"/><temp name="T2234"/><temp name="T2294"/><temp name="T2244"/><temp name="T2239"/><temp name="T2287"/><temp name="T2179"/><temp name="T2314"/></temps><temps name="out"><temp name="T2185"/><temp name="T2191"/><temp name="T2290"/><temp name="T2263"/><temp name="T2206"/><temp name="T28"/><temp name="T2255"/><temp name="T2188"/><temp name="T2175"/><temp name="T2197"/><temp name="T2270"/><temp name="T2277"/><temp name="T2320"/><temp name="T2326"/><temp name="T2310"/><temp name="T2230"/><temp name="T2228"/><temp name="T2240"/><temp name="T2213"/><temp name="T2249"/><temp name="T2275"/><temp name="T2281"/><temp name="T2251"/><temp name="T2202"/><temp name="T2234"/><temp name="T2294"/><temp name="T2244"/><temp name="T2239"/><temp name="T2287"/><temp name="T2179"/><temp name="T2314"/></temps></instruction><instruction code="LDO T2176, T2175, 0"><temps name="use"><temp name="T2175"/></temps><temps name="def"><temp name="T2176"/></temps><temps name="in"><temp name="T2185"/><temp name="T2191"/><temp name="T2290"/><temp name="T2263"/><temp name="T2206"/><temp name="T28"/><temp name="T2255"/><temp name="T2188"/><temp name="T2175"/><temp name="T2197"/><temp name="T2270"/><temp name="T2277"/><temp name="T2320"/><temp name="T2326"/><temp name="T2310"/><temp name="T2230"/><temp name="T2228"/><temp name="T2240"/><temp name="T2213"/><temp name="T2249"/><temp name="T2275"/><temp name="T2281"/><temp name="T2251"/><temp name="T2202"/><temp name="T2234"/><temp name="T2294"/><temp name="T2244"/><temp name="T2239"/><temp name="T2287"/><temp name="T2179"/><temp name="T2314"/></temps><temps name="out"><temp name="T2185"/><temp name="T2191"/><temp name="T2290"/><temp name="T2263"/><temp name="T2206"/><temp name="T28"/><temp name="T2255"/><temp name="T2188"/><temp name="T2197"/><temp name="T2270"/><temp name="T2277"/><temp name="T2320"/><temp name="T2326"/><temp name="T2176"/><temp name="T2310"/><temp name="T2230"/><temp name="T2228"/><temp name="T2240"/><temp name="T2213"/><temp name="T2249"/><temp name="T2275"/><temp name="T2281"/><temp name="T2251"/><temp name="T2202"/><temp name="T2234"/><temp name="T2294"/><temp name="T2244"/><temp name="T2239"/><temp name="T2287"/><temp name="T2179"/><temp name="T2314"/></temps></instruction><instruction code="OR T805, T2176, 0"><temps name="use"><temp name="T2176"/></temps><temps name="def"><temp name="T805"/></temps><temps name="in"><temp name="T2185"/><temp name="T2191"/><temp name="T2290"/><temp name="T2263"/><temp name="T2206"/><temp name="T28"/><temp name="T2255"/><temp name="T2188"/><temp name="T2197"/><temp name="T2270"/><temp name="T2277"/><temp name="T2320"/><temp name="T2326"/><temp name="T2176"/><temp name="T2310"/><temp name="T2230"/><temp name="T2228"/><temp name="T2240"/><temp name="T2213"/><temp name="T2249"/><temp name="T2275"/><temp name="T2281"/><temp name="T2251"/><temp name="T2202"/><temp name="T2234"/><temp name="T2294"/><temp name="T2244"/><temp name="T2239"/><temp name="T2287"/><temp name="T2179"/><temp name="T2314"/></temps><temps name="out"><temp name="T2185"/><temp name="T2191"/><temp name="T2290"/><temp name="T2263"/><temp name="T2206"/><temp name="T28"/><temp name="T2255"/><temp name="T2188"/><temp name="T2197"/><temp name="T2270"/><temp name="T2277"/><temp name="T2320"/><temp name="T2326"/><temp name="T2310"/><temp name="T2230"/><temp name="T2228"/><temp name="T2240"/><temp name="T2213"/><temp name="T805"/><temp name="T2249"/><temp name="T2275"/><temp name="T2281"/><temp name="T2251"/><temp name="T2202"/><temp name="T2234"/><temp name="T2294"/><temp name="T2244"/><temp name="T2239"/><temp name="T2287"/><temp name="T2179"/><temp name="T2314"/></temps></instruction><instruction code="OR T806, T28, 0"><temps name="use"><temp name="T28"/></temps><temps name="def"><temp name="T806"/></temps><temps name="in"><temp name="T2185"/><temp name="T2191"/><temp name="T2290"/><temp name="T2263"/><temp name="T2206"/><temp name="T28"/><temp name="T2255"/><temp name="T2188"/><temp name="T2197"/><temp name="T2270"/><temp name="T2277"/><temp name="T2320"/><temp name="T2326"/><temp name="T2310"/><temp name="T2230"/><temp name="T2228"/><temp name="T2240"/><temp name="T2213"/><temp name="T805"/><temp name="T2249"/><temp name="T2275"/><temp name="T2281"/><temp name="T2251"/><temp name="T2202"/><temp name="T2234"/><temp name="T2294"/><temp name="T2244"/><temp name="T2239"/><temp name="T2287"/><temp name="T2179"/><temp name="T2314"/></temps><temps name="out"><temp name="T2185"/><temp name="T2191"/><temp name="T2290"/><temp name="T2263"/><temp name="T2206"/><temp name="T28"/><temp name="T2255"/><temp name="T2188"/><temp name="T2197"/><temp name="T2270"/><temp name="T2277"/><temp name="T2320"/><temp name="T2326"/><temp name="T806"/><temp name="T2310"/><temp name="T2230"/><temp name="T2228"/><temp name="T2240"/><temp name="T2213"/><temp name="T805"/><temp name="T2249"/><temp name="T2275"/><temp name="T2281"/><temp name="T2251"/><temp name="T2202"/><temp name="T2234"/><temp name="T2294"/><temp name="T2244"/><temp name="T2239"/><temp name="T2287"/><temp name="T2179"/><temp name="T2314"/></temps></instruction><instruction code="SETL  T2177, 8"><temps name="use"/><temps name="def"><temp name="T2177"/></temps><temps name="in"><temp name="T2185"/><temp name="T2191"/><temp name="T2290"/><temp name="T2263"/><temp name="T2206"/><temp name="T28"/><temp name="T2255"/><temp name="T2188"/><temp name="T2197"/><temp name="T2270"/><temp name="T2277"/><temp name="T2320"/><temp name="T2326"/><temp name="T806"/><temp name="T2310"/><temp name="T2230"/><temp name="T2228"/><temp name="T2240"/><temp name="T2213"/><temp name="T805"/><temp name="T2249"/><temp name="T2275"/><temp name="T2281"/><temp name="T2251"/><temp name="T2202"/><temp name="T2234"/><temp name="T2294"/><temp name="T2244"/><temp name="T2239"/><temp name="T2287"/><temp name="T2179"/><temp name="T2314"/></temps><temps name="out"><temp name="T2185"/><temp name="T2191"/><temp name="T2290"/><temp name="T2263"/><temp name="T2206"/><temp name="T28"/><temp name="T2255"/><temp name="T2188"/><temp name="T2197"/><temp name="T2270"/><temp name="T2277"/><temp name="T2320"/><temp name="T2326"/><temp name="T806"/><temp name="T2310"/><temp name="T2230"/><temp name="T2228"/><temp name="T2240"/><temp name="T2213"/><temp name="T805"/><temp name="T2249"/><temp name="T2275"/><temp name="T2281"/><temp name="T2251"/><temp name="T2202"/><temp name="T2234"/><temp name="T2294"/><temp name="T2244"/><temp name="T2239"/><temp name="T2287"/><temp name="T2179"/><temp name="T2314"/></temps></instruction><instruction code="INCML T2177, 0"><temps name="use"/><temps name="def"><temp name="T2177"/></temps><temps name="in"><temp name="T2185"/><temp name="T2191"/><temp name="T2290"/><temp name="T2263"/><temp name="T2206"/><temp name="T28"/><temp name="T2255"/><temp name="T2188"/><temp name="T2197"/><temp name="T2270"/><temp name="T2277"/><temp name="T2320"/><temp name="T2326"/><temp name="T806"/><temp name="T2310"/><temp name="T2230"/><temp name="T2228"/><temp name="T2240"/><temp name="T2213"/><temp name="T805"/><temp name="T2249"/><temp name="T2275"/><temp name="T2281"/><temp name="T2251"/><temp name="T2202"/><temp name="T2234"/><temp name="T2294"/><temp name="T2244"/><temp name="T2239"/><temp name="T2287"/><temp name="T2179"/><temp name="T2314"/></temps><temps name="out"><temp name="T2185"/><temp name="T2191"/><temp name="T2290"/><temp name="T2263"/><temp name="T2206"/><temp name="T28"/><temp name="T2255"/><temp name="T2188"/><temp name="T2197"/><temp name="T2270"/><temp name="T2277"/><temp name="T2320"/><temp name="T2326"/><temp name="T806"/><temp name="T2310"/><temp name="T2230"/><temp name="T2228"/><temp name="T2240"/><temp name="T2213"/><temp name="T805"/><temp name="T2249"/><temp name="T2275"/><temp name="T2281"/><temp name="T2251"/><temp name="T2202"/><temp name="T2234"/><temp name="T2294"/><temp name="T2244"/><temp name="T2239"/><temp name="T2287"/><temp name="T2179"/><temp name="T2314"/></temps></instruction><instruction code="INCMH T2177, 0"><temps name="use"/><temps name="def"><temp name="T2177"/></temps><temps name="in"><temp name="T2185"/><temp name="T2191"/><temp name="T2290"/><temp name="T2263"/><temp name="T2206"/><temp name="T28"/><temp name="T2255"/><temp name="T2188"/><temp name="T2197"/><temp name="T2270"/><temp name="T2277"/><temp name="T2320"/><temp name="T2326"/><temp name="T806"/><temp name="T2310"/><temp name="T2230"/><temp name="T2228"/><temp name="T2240"/><temp name="T2213"/><temp name="T805"/><temp name="T2249"/><temp name="T2275"/><temp name="T2281"/><temp name="T2251"/><temp name="T2202"/><temp name="T2234"/><temp name="T2294"/><temp name="T2244"/><temp name="T2239"/><temp name="T2287"/><temp name="T2179"/><temp name="T2314"/></temps><temps name="out"><temp name="T2185"/><temp name="T2191"/><temp name="T2290"/><temp name="T2263"/><temp name="T2206"/><temp name="T28"/><temp name="T2255"/><temp name="T2188"/><temp name="T2197"/><temp name="T2270"/><temp name="T2277"/><temp name="T2320"/><temp name="T2326"/><temp name="T806"/><temp name="T2310"/><temp name="T2230"/><temp name="T2228"/><temp name="T2240"/><temp name="T2213"/><temp name="T805"/><temp name="T2249"/><temp name="T2275"/><temp name="T2281"/><temp name="T2251"/><temp name="T2202"/><temp name="T2234"/><temp name="T2294"/><temp name="T2244"/><temp name="T2239"/><temp name="T2287"/><temp name="T2179"/><temp name="T2314"/></temps></instruction><instruction code="INCH  T2177, 0"><temps name="use"/><temps name="def"><temp name="T2177"/></temps><temps name="in"><temp name="T2185"/><temp name="T2191"/><temp name="T2290"/><temp name="T2263"/><temp name="T2206"/><temp name="T28"/><temp name="T2255"/><temp name="T2188"/><temp name="T2197"/><temp name="T2270"/><temp name="T2277"/><temp name="T2320"/><temp name="T2326"/><temp name="T806"/><temp name="T2310"/><temp name="T2230"/><temp name="T2228"/><temp name="T2240"/><temp name="T2213"/><temp name="T805"/><temp name="T2249"/><temp name="T2275"/><temp name="T2281"/><temp name="T2251"/><temp name="T2202"/><temp name="T2234"/><temp name="T2294"/><temp name="T2244"/><temp name="T2239"/><temp name="T2287"/><temp name="T2179"/><temp name="T2314"/></temps><temps name="out"><temp name="T2185"/><temp name="T2191"/><temp name="T2290"/><temp name="T2263"/><temp name="T2206"/><temp name="T28"/><temp name="T2177"/><temp name="T2255"/><temp name="T2188"/><temp name="T2197"/><temp name="T2270"/><temp name="T2277"/><temp name="T2320"/><temp name="T2326"/><temp name="T806"/><temp name="T2310"/><temp name="T2230"/><temp name="T2228"/><temp name="T2240"/><temp name="T2213"/><temp name="T805"/><temp name="T2249"/><temp name="T2275"/><temp name="T2281"/><temp name="T2251"/><temp name="T2202"/><temp name="T2234"/><temp name="T2294"/><temp name="T2244"/><temp name="T2239"/><temp name="T2287"/><temp name="T2179"/><temp name="T2314"/></temps></instruction><instruction code="OR T807, T2177, 0"><temps name="use"><temp name="T2177"/></temps><temps name="def"><temp name="T807"/></temps><temps name="in"><temp name="T2185"/><temp name="T2191"/><temp name="T2290"/><temp name="T2263"/><temp name="T2206"/><temp name="T28"/><temp name="T2177"/><temp name="T2255"/><temp name="T2188"/><temp name="T2197"/><temp name="T2270"/><temp name="T2277"/><temp name="T2320"/><temp name="T2326"/><temp name="T806"/><temp name="T2310"/><temp name="T2230"/><temp name="T2228"/><temp name="T2240"/><temp name="T2213"/><temp name="T805"/><temp name="T2249"/><temp name="T2275"/><temp name="T2281"/><temp name="T2251"/><temp name="T2202"/><temp name="T2234"/><temp name="T2294"/><temp name="T2244"/><temp name="T2239"/><temp name="T2287"/><temp name="T2179"/><temp name="T2314"/></temps><temps name="out"><temp name="T2185"/><temp name="T2191"/><temp name="T2290"/><temp name="T2263"/><temp name="T2206"/><temp name="T28"/><temp name="T2255"/><temp name="T2188"/><temp name="T2197"/><temp name="T2270"/><temp name="T2277"/><temp name="T2320"/><temp name="T2326"/><temp name="T807"/><temp name="T806"/><temp name="T2310"/><temp name="T2230"/><temp name="T2228"/><temp name="T2240"/><temp name="T2213"/><temp name="T805"/><temp name="T2249"/><temp name="T2275"/><temp name="T2281"/><temp name="T2251"/><temp name="T2202"/><temp name="T2234"/><temp name="T2294"/><temp name="T2244"/><temp name="T2239"/><temp name="T2287"/><temp name="T2179"/><temp name="T2314"/></temps></instruction><instruction code="ADD T2178, T806, T807"><temps name="use"><temp name="T806"/><temp name="T807"/></temps><temps name="def"><temp name="T2178"/></temps><temps name="in"><temp name="T2185"/><temp name="T2191"/><temp name="T2290"/><temp name="T2263"/><temp name="T2206"/><temp name="T28"/><temp name="T2255"/><temp name="T2188"/><temp name="T2197"/><temp name="T2270"/><temp name="T2277"/><temp name="T2320"/><temp name="T2326"/><temp name="T807"/><temp name="T806"/><temp name="T2310"/><temp name="T2230"/><temp name="T2228"/><temp name="T2240"/><temp name="T2213"/><temp name="T805"/><temp name="T2249"/><temp name="T2275"/><temp name="T2281"/><temp name="T2251"/><temp name="T2202"/><temp name="T2234"/><temp name="T2294"/><temp name="T2244"/><temp name="T2239"/><temp name="T2287"/><temp name="T2179"/><temp name="T2314"/></temps><temps name="out"><temp name="T2185"/><temp name="T2191"/><temp name="T2290"/><temp name="T2263"/><temp name="T2206"/><temp name="T28"/><temp name="T2255"/><temp name="T2178"/><temp name="T2188"/><temp name="T2197"/><temp name="T2270"/><temp name="T2277"/><temp name="T2320"/><temp name="T2326"/><temp name="T2310"/><temp name="T2230"/><temp name="T2228"/><temp name="T2240"/><temp name="T2213"/><temp name="T805"/><temp name="T2249"/><temp name="T2275"/><temp name="T2281"/><temp name="T2251"/><temp name="T2202"/><temp name="T2234"/><temp name="T2294"/><temp name="T2244"/><temp name="T2239"/><temp name="T2287"/><temp name="T2179"/><temp name="T2314"/></temps></instruction><instruction code="OR T808, T2178, 0"><temps name="use"><temp name="T2178"/></temps><temps name="def"><temp name="T808"/></temps><temps name="in"><temp name="T2185"/><temp name="T2191"/><temp name="T2290"/><temp name="T2263"/><temp name="T2206"/><temp name="T28"/><temp name="T2255"/><temp name="T2178"/><temp name="T2188"/><temp name="T2197"/><temp name="T2270"/><temp name="T2277"/><temp name="T2320"/><temp name="T2326"/><temp name="T2310"/><temp name="T2230"/><temp name="T2228"/><temp name="T2240"/><temp name="T2213"/><temp name="T805"/><temp name="T2249"/><temp name="T2275"/><temp name="T2281"/><temp name="T2251"/><temp name="T2202"/><temp name="T2234"/><temp name="T2294"/><temp name="T2244"/><temp name="T2239"/><temp name="T2287"/><temp name="T2179"/><temp name="T2314"/></temps><temps name="out"><temp name="T2185"/><temp name="T2191"/><temp name="T2290"/><temp name="T2263"/><temp name="T2206"/><temp name="T28"/><temp name="T2255"/><temp name="T2188"/><temp name="T2197"/><temp name="T2270"/><temp name="T2277"/><temp name="T2320"/><temp name="T2326"/><temp name="T2310"/><temp name="T2230"/><temp name="T2228"/><temp name="T2240"/><temp name="T2213"/><temp name="T805"/><temp name="T2249"/><temp name="T2275"/><temp name="T2281"/><temp name="T2251"/><temp name="T2202"/><temp name="T2234"/><temp name="T2294"/><temp name="T2244"/><temp name="T2239"/><temp name="T2287"/><temp name="T2179"/><temp name="T2314"/></temps></instruction><instruction code="LDO T2180, T2179, 0"><temps name="use"><temp name="T2179"/></temps><temps name="def"><temp name="T2180"/></temps><temps name="in"><temp name="T2185"/><temp name="T2191"/><temp name="T2290"/><temp name="T2263"/><temp name="T2206"/><temp name="T28"/><temp name="T2255"/><temp name="T2188"/><temp name="T2197"/><temp name="T2270"/><temp name="T2277"/><temp name="T2320"/><temp name="T2326"/><temp name="T2310"/><temp name="T2230"/><temp name="T2228"/><temp name="T2240"/><temp name="T2213"/><temp name="T805"/><temp name="T2249"/><temp name="T2275"/><temp name="T2281"/><temp name="T2251"/><temp name="T2202"/><temp name="T2234"/><temp name="T2294"/><temp name="T2244"/><temp name="T2239"/><temp name="T2287"/><temp name="T2179"/><temp name="T2314"/></temps><temps name="out"><temp name="T2185"/><temp name="T2191"/><temp name="T2290"/><temp name="T2263"/><temp name="T2180"/><temp name="T2206"/><temp name="T28"/><temp name="T2255"/><temp name="T2188"/><temp name="T2197"/><temp name="T2270"/><temp name="T2277"/><temp name="T2320"/><temp name="T2326"/><temp name="T2310"/><temp name="T2230"/><temp name="T2228"/><temp name="T2240"/><temp name="T2213"/><temp name="T805"/><temp name="T2249"/><temp name="T2275"/><temp name="T2281"/><temp name="T2251"/><temp name="T2202"/><temp name="T2234"/><temp name="T2294"/><temp name="T2244"/><temp name="T2239"/><temp name="T2287"/><temp name="T2314"/></temps></instruction><instruction code="OR T809, T2180, 0"><temps name="use"><temp name="T2180"/></temps><temps name="def"><temp name="T809"/></temps><temps name="in"><temp name="T2185"/><temp name="T2191"/><temp name="T2290"/><temp name="T2263"/><temp name="T2180"/><temp name="T2206"/><temp name="T28"/><temp name="T2255"/><temp name="T2188"/><temp name="T2197"/><temp name="T2270"/><temp name="T2277"/><temp name="T2320"/><temp name="T2326"/><temp name="T2310"/><temp name="T2230"/><temp name="T2228"/><temp name="T2240"/><temp name="T2213"/><temp name="T805"/><temp name="T2249"/><temp name="T2275"/><temp name="T2281"/><temp name="T2251"/><temp name="T2202"/><temp name="T2234"/><temp name="T2294"/><temp name="T2244"/><temp name="T2239"/><temp name="T2287"/><temp name="T2314"/></temps><temps name="out"><temp name="T2185"/><temp name="T2191"/><temp name="T2290"/><temp name="T2263"/><temp name="T2206"/><temp name="T28"/><temp name="T2255"/><temp name="T2188"/><temp name="T2197"/><temp name="T2270"/><temp name="T2277"/><temp name="T2320"/><temp name="T2326"/><temp name="T2310"/><temp name="T2230"/><temp name="T2228"/><temp name="T2240"/><temp name="T809"/><temp name="T2213"/><temp name="T805"/><temp name="T2249"/><temp name="T2275"/><temp name="T2281"/><temp name="T2251"/><temp name="T2202"/><temp name="T2234"/><temp name="T2294"/><temp name="T2244"/><temp name="T2239"/><temp name="T2287"/><temp name="T2314"/></temps></instruction><instruction code="SETL  T2181, 1"><temps name="use"/><temps name="def"><temp name="T2181"/></temps><temps name="in"><temp name="T2185"/><temp name="T2191"/><temp name="T2290"/><temp name="T2263"/><temp name="T2206"/><temp name="T28"/><temp name="T2255"/><temp name="T2188"/><temp name="T2197"/><temp name="T2270"/><temp name="T2277"/><temp name="T2320"/><temp name="T2326"/><temp name="T2310"/><temp name="T2230"/><temp name="T2228"/><temp name="T2240"/><temp name="T809"/><temp name="T2213"/><temp name="T805"/><temp name="T2249"/><temp name="T2275"/><temp name="T2281"/><temp name="T2251"/><temp name="T2202"/><temp name="T2234"/><temp name="T2294"/><temp name="T2244"/><temp name="T2239"/><temp name="T2287"/><temp name="T2314"/></temps><temps name="out"><temp name="T2185"/><temp name="T2191"/><temp name="T2290"/><temp name="T2263"/><temp name="T2206"/><temp name="T28"/><temp name="T2255"/><temp name="T2188"/><temp name="T2197"/><temp name="T2270"/><temp name="T2277"/><temp name="T2320"/><temp name="T2326"/><temp name="T2310"/><temp name="T2230"/><temp name="T2228"/><temp name="T2240"/><temp name="T809"/><temp name="T2213"/><temp name="T805"/><temp name="T2249"/><temp name="T2275"/><temp name="T2281"/><temp name="T2251"/><temp name="T2202"/><temp name="T2234"/><temp name="T2294"/><temp name="T2244"/><temp name="T2239"/><temp name="T2287"/><temp name="T2314"/></temps></instruction><instruction code="INCML T2181, 0"><temps name="use"/><temps name="def"><temp name="T2181"/></temps><temps name="in"><temp name="T2185"/><temp name="T2191"/><temp name="T2290"/><temp name="T2263"/><temp name="T2206"/><temp name="T28"/><temp name="T2255"/><temp name="T2188"/><temp name="T2197"/><temp name="T2270"/><temp name="T2277"/><temp name="T2320"/><temp name="T2326"/><temp name="T2310"/><temp name="T2230"/><temp name="T2228"/><temp name="T2240"/><temp name="T809"/><temp name="T2213"/><temp name="T805"/><temp name="T2249"/><temp name="T2275"/><temp name="T2281"/><temp name="T2251"/><temp name="T2202"/><temp name="T2234"/><temp name="T2294"/><temp name="T2244"/><temp name="T2239"/><temp name="T2287"/><temp name="T2314"/></temps><temps name="out"><temp name="T2185"/><temp name="T2191"/><temp name="T2290"/><temp name="T2263"/><temp name="T2206"/><temp name="T28"/><temp name="T2255"/><temp name="T2188"/><temp name="T2197"/><temp name="T2270"/><temp name="T2277"/><temp name="T2320"/><temp name="T2326"/><temp name="T2310"/><temp name="T2230"/><temp name="T2228"/><temp name="T2240"/><temp name="T809"/><temp name="T2213"/><temp name="T805"/><temp name="T2249"/><temp name="T2275"/><temp name="T2281"/><temp name="T2251"/><temp name="T2202"/><temp name="T2234"/><temp name="T2294"/><temp name="T2244"/><temp name="T2239"/><temp name="T2287"/><temp name="T2314"/></temps></instruction><instruction code="INCMH T2181, 0"><temps name="use"/><temps name="def"><temp name="T2181"/></temps><temps name="in"><temp name="T2185"/><temp name="T2191"/><temp name="T2290"/><temp name="T2263"/><temp name="T2206"/><temp name="T28"/><temp name="T2255"/><temp name="T2188"/><temp name="T2197"/><temp name="T2270"/><temp name="T2277"/><temp name="T2320"/><temp name="T2326"/><temp name="T2310"/><temp name="T2230"/><temp name="T2228"/><temp name="T2240"/><temp name="T809"/><temp name="T2213"/><temp name="T805"/><temp name="T2249"/><temp name="T2275"/><temp name="T2281"/><temp name="T2251"/><temp name="T2202"/><temp name="T2234"/><temp name="T2294"/><temp name="T2244"/><temp name="T2239"/><temp name="T2287"/><temp name="T2314"/></temps><temps name="out"><temp name="T2185"/><temp name="T2191"/><temp name="T2290"/><temp name="T2263"/><temp name="T2206"/><temp name="T28"/><temp name="T2255"/><temp name="T2188"/><temp name="T2197"/><temp name="T2270"/><temp name="T2277"/><temp name="T2320"/><temp name="T2326"/><temp name="T2310"/><temp name="T2230"/><temp name="T2228"/><temp name="T2240"/><temp name="T809"/><temp name="T2213"/><temp name="T805"/><temp name="T2249"/><temp name="T2275"/><temp name="T2281"/><temp name="T2251"/><temp name="T2202"/><temp name="T2234"/><temp name="T2294"/><temp name="T2244"/><temp name="T2239"/><temp name="T2287"/><temp name="T2314"/></temps></instruction><instruction code="INCH  T2181, 0"><temps name="use"/><temps name="def"><temp name="T2181"/></temps><temps name="in"><temp name="T2185"/><temp name="T2191"/><temp name="T2290"/><temp name="T2263"/><temp name="T2206"/><temp name="T28"/><temp name="T2255"/><temp name="T2188"/><temp name="T2197"/><temp name="T2270"/><temp name="T2277"/><temp name="T2320"/><temp name="T2326"/><temp name="T2310"/><temp name="T2230"/><temp name="T2228"/><temp name="T2240"/><temp name="T809"/><temp name="T2213"/><temp name="T805"/><temp name="T2249"/><temp name="T2275"/><temp name="T2281"/><temp name="T2251"/><temp name="T2202"/><temp name="T2234"/><temp name="T2294"/><temp name="T2244"/><temp name="T2239"/><temp name="T2287"/><temp name="T2314"/></temps><temps name="out"><temp name="T2185"/><temp name="T2191"/><temp name="T2290"/><temp name="T2263"/><temp name="T2206"/><temp name="T28"/><temp name="T2255"/><temp name="T2188"/><temp name="T2197"/><temp name="T2270"/><temp name="T2277"/><temp name="T2320"/><temp name="T2326"/><temp name="T2310"/><temp name="T2230"/><temp name="T2228"/><temp name="T2240"/><temp name="T809"/><temp name="T2213"/><temp name="T805"/><temp name="T2249"/><temp name="T2275"/><temp name="T2281"/><temp name="T2181"/><temp name="T2251"/><temp name="T2202"/><temp name="T2234"/><temp name="T2294"/><temp name="T2244"/><temp name="T2239"/><temp name="T2287"/><temp name="T2314"/></temps></instruction><instruction code="OR T810, T2181, 0"><temps name="use"><temp name="T2181"/></temps><temps name="def"><temp name="T810"/></temps><temps name="in"><temp name="T2185"/><temp name="T2191"/><temp name="T2290"/><temp name="T2263"/><temp name="T2206"/><temp name="T28"/><temp name="T2255"/><temp name="T2188"/><temp name="T2197"/><temp name="T2270"/><temp name="T2277"/><temp name="T2320"/><temp name="T2326"/><temp name="T2310"/><temp name="T2230"/><temp name="T2228"/><temp name="T2240"/><temp name="T809"/><temp name="T2213"/><temp name="T805"/><temp name="T2249"/><temp name="T2275"/><temp name="T2281"/><temp name="T2181"/><temp name="T2251"/><temp name="T2202"/><temp name="T2234"/><temp name="T2294"/><temp name="T2244"/><temp name="T2239"/><temp name="T2287"/><temp name="T2314"/></temps><temps name="out"><temp name="T2185"/><temp name="T2191"/><temp name="T2290"/><temp name="T2263"/><temp name="T2206"/><temp name="T28"/><temp name="T2255"/><temp name="T2188"/><temp name="T2197"/><temp name="T2270"/><temp name="T2277"/><temp name="T2320"/><temp name="T2326"/><temp name="T2310"/><temp name="T2230"/><temp name="T2228"/><temp name="T2240"/><temp name="T809"/><temp name="T810"/><temp name="T2213"/><temp name="T805"/><temp name="T2249"/><temp name="T2275"/><temp name="T2281"/><temp name="T2251"/><temp name="T2202"/><temp name="T2234"/><temp name="T2294"/><temp name="T2244"/><temp name="T2239"/><temp name="T2287"/><temp name="T2314"/></temps></instruction><instruction code="ADD T2182, T809, T810"><temps name="use"><temp name="T809"/><temp name="T810"/></temps><temps name="def"><temp name="T2182"/></temps><temps name="in"><temp name="T2185"/><temp name="T2191"/><temp name="T2290"/><temp name="T2263"/><temp name="T2206"/><temp name="T28"/><temp name="T2255"/><temp name="T2188"/><temp name="T2197"/><temp name="T2270"/><temp name="T2277"/><temp name="T2320"/><temp name="T2326"/><temp name="T2310"/><temp name="T2230"/><temp name="T2228"/><temp name="T2240"/><temp name="T809"/><temp name="T810"/><temp name="T2213"/><temp name="T805"/><temp name="T2249"/><temp name="T2275"/><temp name="T2281"/><temp name="T2251"/><temp name="T2202"/><temp name="T2234"/><temp name="T2294"/><temp name="T2244"/><temp name="T2239"/><temp name="T2287"/><temp name="T2314"/></temps><temps name="out"><temp name="T2185"/><temp name="T2191"/><temp name="T2290"/><temp name="T2263"/><temp name="T2206"/><temp name="T28"/><temp name="T2182"/><temp name="T2255"/><temp name="T2188"/><temp name="T2197"/><temp name="T2270"/><temp name="T2277"/><temp name="T2320"/><temp name="T2326"/><temp name="T2310"/><temp name="T2230"/><temp name="T2228"/><temp name="T2240"/><temp name="T2213"/><temp name="T805"/><temp name="T2249"/><temp name="T2275"/><temp name="T2281"/><temp name="T2251"/><temp name="T2202"/><temp name="T2234"/><temp name="T2294"/><temp name="T2244"/><temp name="T2239"/><temp name="T2287"/><temp name="T2314"/></temps></instruction><instruction code="OR T811, T2182, 0"><temps name="use"><temp name="T2182"/></temps><temps name="def"><temp name="T811"/></temps><temps name="in"><temp name="T2185"/><temp name="T2191"/><temp name="T2290"/><temp name="T2263"/><temp name="T2206"/><temp name="T28"/><temp name="T2182"/><temp name="T2255"/><temp name="T2188"/><temp name="T2197"/><temp name="T2270"/><temp name="T2277"/><temp name="T2320"/><temp name="T2326"/><temp name="T2310"/><temp name="T2230"/><temp name="T2228"/><temp name="T2240"/><temp name="T2213"/><temp name="T805"/><temp name="T2249"/><temp name="T2275"/><temp name="T2281"/><temp name="T2251"/><temp name="T2202"/><temp name="T2234"/><temp name="T2294"/><temp name="T2244"/><temp name="T2239"/><temp name="T2287"/><temp name="T2314"/></temps><temps name="out"><temp name="T2185"/><temp name="T2191"/><temp name="T2290"/><temp name="T2263"/><temp name="T2206"/><temp name="T28"/><temp name="T2255"/><temp name="T2188"/><temp name="T2197"/><temp name="T2270"/><temp name="T2277"/><temp name="T2320"/><temp name="T2326"/><temp name="T2310"/><temp name="T2230"/><temp name="T2228"/><temp name="T2240"/><temp name="T2213"/><temp name="T805"/><temp name="T2249"/><temp name="T2275"/><temp name="T2281"/><temp name="T2251"/><temp name="T2202"/><temp name="T2234"/><temp name="T2294"/><temp name="T2244"/><temp name="T811"/><temp name="T2239"/><temp name="T2287"/><temp name="T2314"/></temps></instruction><instruction code="OR T812, T28, 0"><temps name="use"><temp name="T28"/></temps><temps name="def"><temp name="T812"/></temps><temps name="in"><temp name="T2185"/><temp name="T2191"/><temp name="T2290"/><temp name="T2263"/><temp name="T2206"/><temp name="T28"/><temp name="T2255"/><temp name="T2188"/><temp name="T2197"/><temp name="T2270"/><temp name="T2277"/><temp name="T2320"/><temp name="T2326"/><temp name="T2310"/><temp name="T2230"/><temp name="T2228"/><temp name="T2240"/><temp name="T2213"/><temp name="T805"/><temp name="T2249"/><temp name="T2275"/><temp name="T2281"/><temp name="T2251"/><temp name="T2202"/><temp name="T2234"/><temp name="T2294"/><temp name="T2244"/><temp name="T811"/><temp name="T2239"/><temp name="T2287"/><temp name="T2314"/></temps><temps name="out"><temp name="T2185"/><temp name="T2191"/><temp name="T2290"/><temp name="T2263"/><temp name="T2206"/><temp name="T28"/><temp name="T2255"/><temp name="T2188"/><temp name="T2197"/><temp name="T2270"/><temp name="T2277"/><temp name="T2320"/><temp name="T2326"/><temp name="T2310"/><temp name="T2230"/><temp name="T2228"/><temp name="T2240"/><temp name="T2213"/><temp name="T805"/><temp name="T2249"/><temp name="T2275"/><temp name="T2281"/><temp name="T812"/><temp name="T2251"/><temp name="T2202"/><temp name="T2234"/><temp name="T2294"/><temp name="T2244"/><temp name="T811"/><temp name="T2239"/><temp name="T2287"/><temp name="T2314"/></temps></instruction><instruction code="SETL  T2183, 16"><temps name="use"/><temps name="def"><temp name="T2183"/></temps><temps name="in"><temp name="T2185"/><temp name="T2191"/><temp name="T2290"/><temp name="T2263"/><temp name="T2206"/><temp name="T28"/><temp name="T2255"/><temp name="T2188"/><temp name="T2197"/><temp name="T2270"/><temp name="T2277"/><temp name="T2320"/><temp name="T2326"/><temp name="T2310"/><temp name="T2230"/><temp name="T2228"/><temp name="T2240"/><temp name="T2213"/><temp name="T805"/><temp name="T2249"/><temp name="T2275"/><temp name="T2281"/><temp name="T812"/><temp name="T2251"/><temp name="T2202"/><temp name="T2234"/><temp name="T2294"/><temp name="T2244"/><temp name="T811"/><temp name="T2239"/><temp name="T2287"/><temp name="T2314"/></temps><temps name="out"><temp name="T2185"/><temp name="T2191"/><temp name="T2290"/><temp name="T2263"/><temp name="T2206"/><temp name="T28"/><temp name="T2255"/><temp name="T2188"/><temp name="T2197"/><temp name="T2270"/><temp name="T2277"/><temp name="T2320"/><temp name="T2326"/><temp name="T2310"/><temp name="T2230"/><temp name="T2228"/><temp name="T2240"/><temp name="T2213"/><temp name="T805"/><temp name="T2249"/><temp name="T2275"/><temp name="T2281"/><temp name="T812"/><temp name="T2251"/><temp name="T2202"/><temp name="T2234"/><temp name="T2294"/><temp name="T2244"/><temp name="T811"/><temp name="T2239"/><temp name="T2287"/><temp name="T2314"/></temps></instruction><instruction code="INCML T2183, 0"><temps name="use"/><temps name="def"><temp name="T2183"/></temps><temps name="in"><temp name="T2185"/><temp name="T2191"/><temp name="T2290"/><temp name="T2263"/><temp name="T2206"/><temp name="T28"/><temp name="T2255"/><temp name="T2188"/><temp name="T2197"/><temp name="T2270"/><temp name="T2277"/><temp name="T2320"/><temp name="T2326"/><temp name="T2310"/><temp name="T2230"/><temp name="T2228"/><temp name="T2240"/><temp name="T2213"/><temp name="T805"/><temp name="T2249"/><temp name="T2275"/><temp name="T2281"/><temp name="T812"/><temp name="T2251"/><temp name="T2202"/><temp name="T2234"/><temp name="T2294"/><temp name="T2244"/><temp name="T811"/><temp name="T2239"/><temp name="T2287"/><temp name="T2314"/></temps><temps name="out"><temp name="T2185"/><temp name="T2191"/><temp name="T2290"/><temp name="T2263"/><temp name="T2206"/><temp name="T28"/><temp name="T2255"/><temp name="T2188"/><temp name="T2197"/><temp name="T2270"/><temp name="T2277"/><temp name="T2320"/><temp name="T2326"/><temp name="T2310"/><temp name="T2230"/><temp name="T2228"/><temp name="T2240"/><temp name="T2213"/><temp name="T805"/><temp name="T2249"/><temp name="T2275"/><temp name="T2281"/><temp name="T812"/><temp name="T2251"/><temp name="T2202"/><temp name="T2234"/><temp name="T2294"/><temp name="T2244"/><temp name="T811"/><temp name="T2239"/><temp name="T2287"/><temp name="T2314"/></temps></instruction><instruction code="INCMH T2183, 0"><temps name="use"/><temps name="def"><temp name="T2183"/></temps><temps name="in"><temp name="T2185"/><temp name="T2191"/><temp name="T2290"/><temp name="T2263"/><temp name="T2206"/><temp name="T28"/><temp name="T2255"/><temp name="T2188"/><temp name="T2197"/><temp name="T2270"/><temp name="T2277"/><temp name="T2320"/><temp name="T2326"/><temp name="T2310"/><temp name="T2230"/><temp name="T2228"/><temp name="T2240"/><temp name="T2213"/><temp name="T805"/><temp name="T2249"/><temp name="T2275"/><temp name="T2281"/><temp name="T812"/><temp name="T2251"/><temp name="T2202"/><temp name="T2234"/><temp name="T2294"/><temp name="T2244"/><temp name="T811"/><temp name="T2239"/><temp name="T2287"/><temp name="T2314"/></temps><temps name="out"><temp name="T2185"/><temp name="T2191"/><temp name="T2290"/><temp name="T2263"/><temp name="T2206"/><temp name="T28"/><temp name="T2255"/><temp name="T2188"/><temp name="T2197"/><temp name="T2270"/><temp name="T2277"/><temp name="T2320"/><temp name="T2326"/><temp name="T2310"/><temp name="T2230"/><temp name="T2228"/><temp name="T2240"/><temp name="T2213"/><temp name="T805"/><temp name="T2249"/><temp name="T2275"/><temp name="T2281"/><temp name="T812"/><temp name="T2251"/><temp name="T2202"/><temp name="T2234"/><temp name="T2294"/><temp name="T2244"/><temp name="T811"/><temp name="T2239"/><temp name="T2287"/><temp name="T2314"/></temps></instruction><instruction code="INCH  T2183, 0"><temps name="use"/><temps name="def"><temp name="T2183"/></temps><temps name="in"><temp name="T2185"/><temp name="T2191"/><temp name="T2290"/><temp name="T2263"/><temp name="T2206"/><temp name="T28"/><temp name="T2255"/><temp name="T2188"/><temp name="T2197"/><temp name="T2270"/><temp name="T2277"/><temp name="T2320"/><temp name="T2326"/><temp name="T2310"/><temp name="T2230"/><temp name="T2228"/><temp name="T2240"/><temp name="T2213"/><temp name="T805"/><temp name="T2249"/><temp name="T2275"/><temp name="T2281"/><temp name="T812"/><temp name="T2251"/><temp name="T2202"/><temp name="T2234"/><temp name="T2294"/><temp name="T2244"/><temp name="T811"/><temp name="T2239"/><temp name="T2287"/><temp name="T2314"/></temps><temps name="out"><temp name="T2185"/><temp name="T2191"/><temp name="T2290"/><temp name="T2263"/><temp name="T2206"/><temp name="T28"/><temp name="T2255"/><temp name="T2188"/><temp name="T2183"/><temp name="T2197"/><temp name="T2270"/><temp name="T2277"/><temp name="T2320"/><temp name="T2326"/><temp name="T2310"/><temp name="T2230"/><temp name="T2228"/><temp name="T2240"/><temp name="T2213"/><temp name="T805"/><temp name="T2249"/><temp name="T2275"/><temp name="T2281"/><temp name="T812"/><temp name="T2251"/><temp name="T2202"/><temp name="T2234"/><temp name="T2294"/><temp name="T2244"/><temp name="T811"/><temp name="T2239"/><temp name="T2287"/><temp name="T2314"/></temps></instruction><instruction code="OR T813, T2183, 0"><temps name="use"><temp name="T2183"/></temps><temps name="def"><temp name="T813"/></temps><temps name="in"><temp name="T2185"/><temp name="T2191"/><temp name="T2290"/><temp name="T2263"/><temp name="T2206"/><temp name="T28"/><temp name="T2255"/><temp name="T2188"/><temp name="T2183"/><temp name="T2197"/><temp name="T2270"/><temp name="T2277"/><temp name="T2320"/><temp name="T2326"/><temp name="T2310"/><temp name="T2230"/><temp name="T2228"/><temp name="T2240"/><temp name="T2213"/><temp name="T805"/><temp name="T2249"/><temp name="T2275"/><temp name="T2281"/><temp name="T812"/><temp name="T2251"/><temp name="T2202"/><temp name="T2234"/><temp name="T2294"/><temp name="T2244"/><temp name="T811"/><temp name="T2239"/><temp name="T2287"/><temp name="T2314"/></temps><temps name="out"><temp name="T2185"/><temp name="T2191"/><temp name="T2290"/><temp name="T2263"/><temp name="T2206"/><temp name="T28"/><temp name="T2255"/><temp name="T2188"/><temp name="T2197"/><temp name="T2270"/><temp name="T2277"/><temp name="T2320"/><temp name="T2326"/><temp name="T2310"/><temp name="T2230"/><temp name="T2228"/><temp name="T2240"/><temp name="T2213"/><temp name="T805"/><temp name="T2249"/><temp name="T2275"/><temp name="T2281"/><temp name="T812"/><temp name="T2251"/><temp name="T2202"/><temp name="T2234"/><temp name="T2294"/><temp name="T2244"/><temp name="T813"/><temp name="T811"/><temp name="T2239"/><temp name="T2287"/><temp name="T2314"/></temps></instruction><instruction code="ADD T2184, T812, T813"><temps name="use"><temp name="T812"/><temp name="T813"/></temps><temps name="def"><temp name="T2184"/></temps><temps name="in"><temp name="T2185"/><temp name="T2191"/><temp name="T2290"/><temp name="T2263"/><temp name="T2206"/><temp name="T28"/><temp name="T2255"/><temp name="T2188"/><temp name="T2197"/><temp name="T2270"/><temp name="T2277"/><temp name="T2320"/><temp name="T2326"/><temp name="T2310"/><temp name="T2230"/><temp name="T2228"/><temp name="T2240"/><temp name="T2213"/><temp name="T805"/><temp name="T2249"/><temp name="T2275"/><temp name="T2281"/><temp name="T812"/><temp name="T2251"/><temp name="T2202"/><temp name="T2234"/><temp name="T2294"/><temp name="T2244"/><temp name="T813"/><temp name="T811"/><temp name="T2239"/><temp name="T2287"/><temp name="T2314"/></temps><temps name="out"><temp name="T2185"/><temp name="T2191"/><temp name="T2290"/><temp name="T2263"/><temp name="T2206"/><temp name="T28"/><temp name="T2255"/><temp name="T2188"/><temp name="T2197"/><temp name="T2270"/><temp name="T2277"/><temp name="T2320"/><temp name="T2326"/><temp name="T2310"/><temp name="T2230"/><temp name="T2228"/><temp name="T2240"/><temp name="T2184"/><temp name="T2213"/><temp name="T805"/><temp name="T2249"/><temp name="T2275"/><temp name="T2281"/><temp name="T2251"/><temp name="T2202"/><temp name="T2234"/><temp name="T2294"/><temp name="T2244"/><temp name="T811"/><temp name="T2239"/><temp name="T2287"/><temp name="T2314"/></temps></instruction><instruction code="OR T814, T2184, 0"><temps name="use"><temp name="T2184"/></temps><temps name="def"><temp name="T814"/></temps><temps name="in"><temp name="T2185"/><temp name="T2191"/><temp name="T2290"/><temp name="T2263"/><temp name="T2206"/><temp name="T28"/><temp name="T2255"/><temp name="T2188"/><temp name="T2197"/><temp name="T2270"/><temp name="T2277"/><temp name="T2320"/><temp name="T2326"/><temp name="T2310"/><temp name="T2230"/><temp name="T2228"/><temp name="T2240"/><temp name="T2184"/><temp name="T2213"/><temp name="T805"/><temp name="T2249"/><temp name="T2275"/><temp name="T2281"/><temp name="T2251"/><temp name="T2202"/><temp name="T2234"/><temp name="T2294"/><temp name="T2244"/><temp name="T811"/><temp name="T2239"/><temp name="T2287"/><temp name="T2314"/></temps><temps name="out"><temp name="T2185"/><temp name="T2191"/><temp name="T2290"/><temp name="T2263"/><temp name="T2206"/><temp name="T28"/><temp name="T2255"/><temp name="T2188"/><temp name="T2197"/><temp name="T2270"/><temp name="T2277"/><temp name="T2320"/><temp name="T2326"/><temp name="T2310"/><temp name="T2230"/><temp name="T2228"/><temp name="T2240"/><temp name="T2213"/><temp name="T805"/><temp name="T2249"/><temp name="T2275"/><temp name="T2281"/><temp name="T2251"/><temp name="T2202"/><temp name="T2234"/><temp name="T2294"/><temp name="T2244"/><temp name="T811"/><temp name="T2239"/><temp name="T2287"/><temp name="T2314"/></temps></instruction><instruction code="LDO T2186, T2185, 0"><temps name="use"><temp name="T2185"/></temps><temps name="def"><temp name="T2186"/></temps><temps name="in"><temp name="T2185"/><temp name="T2191"/><temp name="T2290"/><temp name="T2263"/><temp name="T2206"/><temp name="T28"/><temp name="T2255"/><temp name="T2188"/><temp name="T2197"/><temp name="T2270"/><temp name="T2277"/><temp name="T2320"/><temp name="T2326"/><temp name="T2310"/><temp name="T2230"/><temp name="T2228"/><temp name="T2240"/><temp name="T2213"/><temp name="T805"/><temp name="T2249"/><temp name="T2275"/><temp name="T2281"/><temp name="T2251"/><temp name="T2202"/><temp name="T2234"/><temp name="T2294"/><temp name="T2244"/><temp name="T811"/><temp name="T2239"/><temp name="T2287"/><temp name="T2314"/></temps><temps name="out"><temp name="T2191"/><temp name="T2290"/><temp name="T2263"/><temp name="T2206"/><temp name="T28"/><temp name="T2255"/><temp name="T2188"/><temp name="T2197"/><temp name="T2270"/><temp name="T2277"/><temp name="T2320"/><temp name="T2326"/><temp name="T2310"/><temp name="T2230"/><temp name="T2228"/><temp name="T2240"/><temp name="T2186"/><temp name="T2213"/><temp name="T805"/><temp name="T2249"/><temp name="T2275"/><temp name="T2281"/><temp name="T2251"/><temp name="T2202"/><temp name="T2234"/><temp name="T2294"/><temp name="T2244"/><temp name="T811"/><temp name="T2239"/><temp name="T2287"/><temp name="T2314"/></temps></instruction><instruction code="OR T815, T2186, 0"><temps name="use"><temp name="T2186"/></temps><temps name="def"><temp name="T815"/></temps><temps name="in"><temp name="T2191"/><temp name="T2290"/><temp name="T2263"/><temp name="T2206"/><temp name="T28"/><temp name="T2255"/><temp name="T2188"/><temp name="T2197"/><temp name="T2270"/><temp name="T2277"/><temp name="T2320"/><temp name="T2326"/><temp name="T2310"/><temp name="T2230"/><temp name="T2228"/><temp name="T2240"/><temp name="T2186"/><temp name="T2213"/><temp name="T805"/><temp name="T2249"/><temp name="T2275"/><temp name="T2281"/><temp name="T2251"/><temp name="T2202"/><temp name="T2234"/><temp name="T2294"/><temp name="T2244"/><temp name="T811"/><temp name="T2239"/><temp name="T2287"/><temp name="T2314"/></temps><temps name="out"><temp name="T2191"/><temp name="T2290"/><temp name="T2263"/><temp name="T2206"/><temp name="T28"/><temp name="T2255"/><temp name="T2188"/><temp name="T2197"/><temp name="T2270"/><temp name="T2277"/><temp name="T2320"/><temp name="T2326"/><temp name="T2310"/><temp name="T2230"/><temp name="T815"/><temp name="T2228"/><temp name="T2240"/><temp name="T2213"/><temp name="T805"/><temp name="T2249"/><temp name="T2275"/><temp name="T2281"/><temp name="T2251"/><temp name="T2202"/><temp name="T2234"/><temp name="T2294"/><temp name="T2244"/><temp name="T811"/><temp name="T2239"/><temp name="T2287"/><temp name="T2314"/></temps></instruction><instruction code="STO T805, $254, 8"><temps name="use"><temp name="T805"/></temps><temps name="def"/><temps name="in"><temp name="T2191"/><temp name="T2290"/><temp name="T2263"/><temp name="T2206"/><temp name="T28"/><temp name="T2255"/><temp name="T2188"/><temp name="T2197"/><temp name="T2270"/><temp name="T2277"/><temp name="T2320"/><temp name="T2326"/><temp name="T2310"/><temp name="T2230"/><temp name="T815"/><temp name="T2228"/><temp name="T2240"/><temp name="T2213"/><temp name="T805"/><temp name="T2249"/><temp name="T2275"/><temp name="T2281"/><temp name="T2251"/><temp name="T2202"/><temp name="T2234"/><temp name="T2294"/><temp name="T2244"/><temp name="T811"/><temp name="T2239"/><temp name="T2287"/><temp name="T2314"/></temps><temps name="out"><temp name="T2191"/><temp name="T2290"/><temp name="T2263"/><temp name="T2206"/><temp name="T28"/><temp name="T2255"/><temp name="T2188"/><temp name="T2197"/><temp name="T2270"/><temp name="T2277"/><temp name="T2320"/><temp name="T2326"/><temp name="T2310"/><temp name="T2230"/><temp name="T815"/><temp name="T2228"/><temp name="T2240"/><temp name="T2213"/><temp name="T2249"/><temp name="T2275"/><temp name="T2281"/><temp name="T2251"/><temp name="T2202"/><temp name="T2234"/><temp name="T2294"/><temp name="T2244"/><temp name="T811"/><temp name="T2239"/><temp name="T2287"/><temp name="T2314"/></temps></instruction><instruction code="STO T811, $254, 16"><temps name="use"><temp name="T811"/></temps><temps name="def"/><temps name="in"><temp name="T2191"/><temp name="T2290"/><temp name="T2263"/><temp name="T2206"/><temp name="T28"/><temp name="T2255"/><temp name="T2188"/><temp name="T2197"/><temp name="T2270"/><temp name="T2277"/><temp name="T2320"/><temp name="T2326"/><temp name="T2310"/><temp name="T2230"/><temp name="T815"/><temp name="T2228"/><temp name="T2240"/><temp name="T2213"/><temp name="T2249"/><temp name="T2275"/><temp name="T2281"/><temp name="T2251"/><temp name="T2202"/><temp name="T2234"/><temp name="T2294"/><temp name="T2244"/><temp name="T811"/><temp name="T2239"/><temp name="T2287"/><temp name="T2314"/></temps><temps name="out"><temp name="T2191"/><temp name="T2290"/><temp name="T2263"/><temp name="T2206"/><temp name="T28"/><temp name="T2255"/><temp name="T2188"/><temp name="T2197"/><temp name="T2270"/><temp name="T2277"/><temp name="T2320"/><temp name="T2326"/><temp name="T2310"/><temp name="T2230"/><temp name="T815"/><temp name="T2228"/><temp name="T2240"/><temp name="T2213"/><temp name="T2249"/><temp name="T2275"/><temp name="T2281"/><temp name="T2251"/><temp name="T2202"/><temp name="T2234"/><temp name="T2294"/><temp name="T2244"/><temp name="T2239"/><temp name="T2287"/><temp name="T2314"/></temps></instruction><instruction code="STO T815, $254, 24"><temps name="use"><temp name="T815"/></temps><temps name="def"/><temps name="in"><temp name="T2191"/><temp name="T2290"/><temp name="T2263"/><temp name="T2206"/><temp name="T28"/><temp name="T2255"/><temp name="T2188"/><temp name="T2197"/><temp name="T2270"/><temp name="T2277"/><temp name="T2320"/><temp name="T2326"/><temp name="T2310"/><temp name="T2230"/><temp name="T815"/><temp name="T2228"/><temp name="T2240"/><temp name="T2213"/><temp name="T2249"/><temp name="T2275"/><temp name="T2281"/><temp name="T2251"/><temp name="T2202"/><temp name="T2234"/><temp name="T2294"/><temp name="T2244"/><temp name="T2239"/><temp name="T2287"/><temp name="T2314"/></temps><temps name="out"><temp name="T2191"/><temp name="T2290"/><temp name="T2263"/><temp name="T2206"/><temp name="T28"/><temp name="T2255"/><temp name="T2188"/><temp name="T2197"/><temp name="T2270"/><temp name="T2277"/><temp name="T2320"/><temp name="T2326"/><temp name="T2310"/><temp name="T2230"/><temp name="T2228"/><temp name="T2240"/><temp name="T2213"/><temp name="T2249"/><temp name="T2275"/><temp name="T2281"/><temp name="T2251"/><temp name="T2202"/><temp name="T2234"/><temp name="T2294"/><temp name="T2244"/><temp name="T2239"/><temp name="T2287"/><temp name="T2314"/></temps></instruction><instruction code="LDA T2187, L4"><temps name="use"/><temps name="def"><temp name="T2187"/></temps><temps name="in"><temp name="T2191"/><temp name="T2290"/><temp name="T2263"/><temp name="T2206"/><temp name="T28"/><temp name="T2255"/><temp name="T2188"/><temp name="T2197"/><temp name="T2270"/><temp name="T2277"/><temp name="T2320"/><temp name="T2326"/><temp name="T2310"/><temp name="T2230"/><temp name="T2228"/><temp name="T2240"/><temp name="T2213"/><temp name="T2249"/><temp name="T2275"/><temp name="T2281"/><temp name="T2251"/><temp name="T2202"/><temp name="T2234"/><temp name="T2294"/><temp name="T2244"/><temp name="T2239"/><temp name="T2287"/><temp name="T2314"/></temps><temps name="out"><temp name="T2191"/><temp name="T2290"/><temp name="T2263"/><temp name="T2206"/><temp name="T28"/><temp name="T2255"/><temp name="T2188"/><temp name="T2187"/><temp name="T2197"/><temp name="T2270"/><temp name="T2277"/><temp name="T2320"/><temp name="T2326"/><temp name="T2310"/><temp name="T2230"/><temp name="T2228"/><temp name="T2240"/><temp name="T2213"/><temp name="T2249"/><temp name="T2275"/><temp name="T2281"/><temp name="T2251"/><temp name="T2202"/><temp name="T2234"/><temp name="T2294"/><temp name="T2244"/><temp name="T2239"/><temp name="T2287"/><temp name="T2314"/></temps></instruction><instruction code="PUSHJ $15, T2187, 0"><temps name="use"><temp name="T2187"/></temps><temps name="def"/><temps name="in"><temp name="T2191"/><temp name="T2290"/><temp name="T2263"/><temp name="T2206"/><temp name="T28"/><temp name="T2255"/><temp name="T2188"/><temp name="T2187"/><temp name="T2197"/><temp name="T2270"/><temp name="T2277"/><temp name="T2320"/><temp name="T2326"/><temp name="T2310"/><temp name="T2230"/><temp name="T2228"/><temp name="T2240"/><temp name="T2213"/><temp name="T2249"/><temp name="T2275"/><temp name="T2281"/><temp name="T2251"/><temp name="T2202"/><temp name="T2234"/><temp name="T2294"/><temp name="T2244"/><temp name="T2239"/><temp name="T2287"/><temp name="T2314"/></temps><temps name="out"><temp name="T2191"/><temp name="T2290"/><temp name="T2263"/><temp name="T2206"/><temp name="T28"/><temp name="T2255"/><temp name="T2188"/><temp name="T2197"/><temp name="T2270"/><temp name="T2277"/><temp name="T2320"/><temp name="T2326"/><temp name="T2310"/><temp name="T2230"/><temp name="T2228"/><temp name="T2240"/><temp name="T2213"/><temp name="T2249"/><temp name="T2275"/><temp name="T2281"/><temp name="T2251"/><temp name="T2202"/><temp name="T2234"/><temp name="T2294"/><temp name="T2244"/><temp name="T2239"/><temp name="T2287"/><temp name="T2314"/></temps></instruction><instruction code="OR T816, T2188, 0"><temps name="use"><temp name="T2188"/></temps><temps name="def"><temp name="T816"/></temps><temps name="in"><temp name="T2191"/><temp name="T2290"/><temp name="T2263"/><temp name="T2206"/><temp name="T28"/><temp name="T2255"/><temp name="T2188"/><temp name="T2197"/><temp name="T2270"/><temp name="T2277"/><temp name="T2320"/><temp name="T2326"/><temp name="T2310"/><temp name="T2230"/><temp name="T2228"/><temp name="T2240"/><temp name="T2213"/><temp name="T2249"/><temp name="T2275"/><temp name="T2281"/><temp name="T2251"/><temp name="T2202"/><temp name="T2234"/><temp name="T2294"/><temp name="T2244"/><temp name="T2239"/><temp name="T2287"/><temp name="T2314"/></temps><temps name="out"><temp name="T816"/><temp name="T2191"/><temp name="T2290"/><temp name="T2263"/><temp name="T2206"/><temp name="T28"/><temp name="T2255"/><temp name="T2197"/><temp name="T2270"/><temp name="T2277"/><temp name="T2320"/><temp name="T2326"/><temp name="T2310"/><temp name="T2230"/><temp name="T2228"/><temp name="T2240"/><temp name="T2213"/><temp name="T2249"/><temp name="T2275"/><temp name="T2281"/><temp name="T2251"/><temp name="T2202"/><temp name="T2234"/><temp name="T2294"/><temp name="T2244"/><temp name="T2239"/><temp name="T2287"/><temp name="T2314"/></temps></instruction><instruction code="LDO T2192, T2191, 0"><temps name="use"><temp name="T2191"/></temps><temps name="def"><temp name="T2192"/></temps><temps name="in"><temp name="T816"/><temp name="T2191"/><temp name="T2290"/><temp name="T2263"/><temp name="T2206"/><temp name="T28"/><temp name="T2255"/><temp name="T2197"/><temp name="T2270"/><temp name="T2277"/><temp name="T2320"/><temp name="T2326"/><temp name="T2310"/><temp name="T2230"/><temp name="T2228"/><temp name="T2240"/><temp name="T2213"/><temp name="T2249"/><temp name="T2275"/><temp name="T2281"/><temp name="T2251"/><temp name="T2202"/><temp name="T2234"/><temp name="T2294"/><temp name="T2244"/><temp name="T2239"/><temp name="T2287"/><temp name="T2314"/></temps><temps name="out"><temp name="T816"/><temp name="T2290"/><temp name="T2263"/><temp name="T2206"/><temp name="T28"/><temp name="T2255"/><temp name="T2197"/><temp name="T2270"/><temp name="T2277"/><temp name="T2320"/><temp name="T2326"/><temp name="T2310"/><temp name="T2230"/><temp name="T2228"/><temp name="T2240"/><temp name="T2213"/><temp name="T2249"/><temp name="T2275"/><temp name="T2281"/><temp name="T2251"/><temp name="T2202"/><temp name="T2234"/><temp name="T2294"/><temp name="T2244"/><temp name="T2239"/><temp name="T2287"/><temp name="T2192"/><temp name="T2314"/></temps></instruction><instruction code="STO T2192, T816, 0"><temps name="use"><temp name="T2192"/><temp name="T816"/></temps><temps name="def"/><temps name="in"><temp name="T816"/><temp name="T2290"/><temp name="T2263"/><temp name="T2206"/><temp name="T28"/><temp name="T2255"/><temp name="T2197"/><temp name="T2270"/><temp name="T2277"/><temp name="T2320"/><temp name="T2326"/><temp name="T2310"/><temp name="T2230"/><temp name="T2228"/><temp name="T2240"/><temp name="T2213"/><temp name="T2249"/><temp name="T2275"/><temp name="T2281"/><temp name="T2251"/><temp name="T2202"/><temp name="T2234"/><temp name="T2294"/><temp name="T2244"/><temp name="T2239"/><temp name="T2287"/><temp name="T2192"/><temp name="T2314"/></temps><temps name="out"><temp name="T2290"/><temp name="T2263"/><temp name="T2206"/><temp name="T28"/><temp name="T2255"/><temp name="T2197"/><temp name="T2270"/><temp name="T2277"/><temp name="T2320"/><temp name="T2326"/><temp name="T2310"/><temp name="T2230"/><temp name="T2228"/><temp name="T2240"/><temp name="T2213"/><temp name="T2249"/><temp name="T2275"/><temp name="T2281"/><temp name="T2251"/><temp name="T2202"/><temp name="T2234"/><temp name="T2294"/><temp name="T2244"/><temp name="T2239"/><temp name="T2287"/><temp name="T2314"/></temps></instruction><instruction code="LDA T2193, L101"><temps name="use"/><temps name="def"><temp name="T2193"/></temps><temps name="in"><temp name="T2290"/><temp name="T2263"/><temp name="T2206"/><temp name="T28"/><temp name="T2255"/><temp name="T2197"/><temp name="T2270"/><temp name="T2277"/><temp name="T2320"/><temp name="T2326"/><temp name="T2310"/><temp name="T2230"/><temp name="T2228"/><temp name="T2240"/><temp name="T2213"/><temp name="T2249"/><temp name="T2275"/><temp name="T2281"/><temp name="T2251"/><temp name="T2202"/><temp name="T2234"/><temp name="T2294"/><temp name="T2244"/><temp name="T2239"/><temp name="T2287"/><temp name="T2314"/></temps><temps name="out"><temp name="T2290"/><temp name="T2263"/><temp name="T2206"/><temp name="T28"/><temp name="T2255"/><temp name="T2193"/><temp name="T2197"/><temp name="T2270"/><temp name="T2277"/><temp name="T2320"/><temp name="T2326"/><temp name="T2310"/><temp name="T2230"/><temp name="T2228"/><temp name="T2240"/><temp name="T2213"/><temp name="T2249"/><temp name="T2275"/><temp name="T2281"/><temp name="T2251"/><temp name="T2202"/><temp name="T2234"/><temp name="T2294"/><temp name="T2244"/><temp name="T2239"/><temp name="T2287"/><temp name="T2314"/></temps></instruction><instruction code="GO T2193, T2193, 0"><temps name="use"><temp name="T2193"/></temps><temps name="def"><temp name="T2193"/></temps><temps name="in"><temp name="T2290"/><temp name="T2263"/><temp name="T2206"/><temp name="T28"/><temp name="T2255"/><temp name="T2193"/><temp name="T2197"/><temp name="T2270"/><temp name="T2277"/><temp name="T2320"/><temp name="T2326"/><temp name="T2310"/><temp name="T2230"/><temp name="T2228"/><temp name="T2240"/><temp name="T2213"/><temp name="T2249"/><temp name="T2275"/><temp name="T2281"/><temp name="T2251"/><temp name="T2202"/><temp name="T2234"/><temp name="T2294"/><temp name="T2244"/><temp name="T2239"/><temp name="T2287"/><temp name="T2314"/></temps><temps name="out"><temp name="T2290"/><temp name="T2263"/><temp name="T2206"/><temp name="T28"/><temp name="T2255"/><temp name="T2197"/><temp name="T2270"/><temp name="T2277"/><temp name="T2320"/><temp name="T2326"/><temp name="T2310"/><temp name="T2230"/><temp name="T2228"/><temp name="T2240"/><temp name="T2213"/><temp name="T2249"/><temp name="T2275"/><temp name="T2281"/><temp name="T2251"/><temp name="T2202"/><temp name="T2234"/><temp name="T2294"/><temp name="T2244"/><temp name="T2239"/><temp name="T2287"/><temp name="T2314"/></temps></instruction><instruction code="L100"><temps name="use"/><temps name="def"/><temps name="in"><temp name="T2290"/><temp name="T2263"/><temp name="T2206"/><temp name="T28"/><temp name="T2255"/><temp name="T2197"/><temp name="T2270"/><temp name="T2277"/><temp name="T2320"/><temp name="T2326"/><temp name="T2310"/><temp name="T2230"/><temp name="T2228"/><temp name="T2240"/><temp name="T2213"/><temp name="T2249"/><temp name="T2275"/><temp name="T2281"/><temp name="T2251"/><temp name="T2202"/><temp name="T2234"/><temp name="T2294"/><temp name="T2244"/><temp name="T2239"/><temp name="T2287"/><temp name="T2314"/></temps><temps name="out"><temp name="T2290"/><temp name="T2263"/><temp name="T2206"/><temp name="T28"/><temp name="T2255"/><temp name="T2197"/><temp name="T2270"/><temp name="T2277"/><temp name="T2320"/><temp name="T2326"/><temp name="T2310"/><temp name="T2230"/><temp name="T2228"/><temp name="T2240"/><temp name="T2213"/><temp name="T2249"/><temp name="T2275"/><temp name="T2281"/><temp name="T2251"/><temp name="T2202"/><temp name="T2234"/><temp name="T2294"/><temp name="T2244"/><temp name="T2239"/><temp name="T2287"/><temp name="T2314"/></temps></instruction><instruction code="SETL  T2194, 0"><temps name="use"/><temps name="def"><temp name="T2194"/></temps><temps name="in"><temp name="T2290"/><temp name="T2263"/><temp name="T2206"/><temp name="T28"/><temp name="T2255"/><temp name="T2197"/><temp name="T2270"/><temp name="T2277"/><temp name="T2320"/><temp name="T2326"/><temp name="T2310"/><temp name="T2230"/><temp name="T2228"/><temp name="T2240"/><temp name="T2213"/><temp name="T2249"/><temp name="T2275"/><temp name="T2281"/><temp name="T2251"/><temp name="T2202"/><temp name="T2234"/><temp name="T2294"/><temp name="T2244"/><temp name="T2239"/><temp name="T2287"/><temp name="T2314"/></temps><temps name="out"><temp name="T2290"/><temp name="T2263"/><temp name="T2206"/><temp name="T28"/><temp name="T2255"/><temp name="T2197"/><temp name="T2270"/><temp name="T2277"/><temp name="T2320"/><temp name="T2326"/><temp name="T2310"/><temp name="T2230"/><temp name="T2228"/><temp name="T2240"/><temp name="T2213"/><temp name="T2249"/><temp name="T2275"/><temp name="T2281"/><temp name="T2251"/><temp name="T2202"/><temp name="T2234"/><temp name="T2294"/><temp name="T2244"/><temp name="T2239"/><temp name="T2287"/><temp name="T2314"/></temps></instruction><instruction code="INCML T2194, 0"><temps name="use"/><temps name="def"><temp name="T2194"/></temps><temps name="in"><temp name="T2290"/><temp name="T2263"/><temp name="T2206"/><temp name="T28"/><temp name="T2255"/><temp name="T2197"/><temp name="T2270"/><temp name="T2277"/><temp name="T2320"/><temp name="T2326"/><temp name="T2310"/><temp name="T2230"/><temp name="T2228"/><temp name="T2240"/><temp name="T2213"/><temp name="T2249"/><temp name="T2275"/><temp name="T2281"/><temp name="T2251"/><temp name="T2202"/><temp name="T2234"/><temp name="T2294"/><temp name="T2244"/><temp name="T2239"/><temp name="T2287"/><temp name="T2314"/></temps><temps name="out"><temp name="T2290"/><temp name="T2263"/><temp name="T2206"/><temp name="T28"/><temp name="T2255"/><temp name="T2197"/><temp name="T2270"/><temp name="T2277"/><temp name="T2320"/><temp name="T2326"/><temp name="T2310"/><temp name="T2230"/><temp name="T2228"/><temp name="T2240"/><temp name="T2213"/><temp name="T2249"/><temp name="T2275"/><temp name="T2281"/><temp name="T2251"/><temp name="T2202"/><temp name="T2234"/><temp name="T2294"/><temp name="T2244"/><temp name="T2239"/><temp name="T2287"/><temp name="T2314"/></temps></instruction><instruction code="INCMH T2194, 0"><temps name="use"/><temps name="def"><temp name="T2194"/></temps><temps name="in"><temp name="T2290"/><temp name="T2263"/><temp name="T2206"/><temp name="T28"/><temp name="T2255"/><temp name="T2197"/><temp name="T2270"/><temp name="T2277"/><temp name="T2320"/><temp name="T2326"/><temp name="T2310"/><temp name="T2230"/><temp name="T2228"/><temp name="T2240"/><temp name="T2213"/><temp name="T2249"/><temp name="T2275"/><temp name="T2281"/><temp name="T2251"/><temp name="T2202"/><temp name="T2234"/><temp name="T2294"/><temp name="T2244"/><temp name="T2239"/><temp name="T2287"/><temp name="T2314"/></temps><temps name="out"><temp name="T2290"/><temp name="T2263"/><temp name="T2206"/><temp name="T28"/><temp name="T2255"/><temp name="T2197"/><temp name="T2270"/><temp name="T2277"/><temp name="T2320"/><temp name="T2326"/><temp name="T2310"/><temp name="T2230"/><temp name="T2228"/><temp name="T2240"/><temp name="T2213"/><temp name="T2249"/><temp name="T2275"/><temp name="T2281"/><temp name="T2251"/><temp name="T2202"/><temp name="T2234"/><temp name="T2294"/><temp name="T2244"/><temp name="T2239"/><temp name="T2287"/><temp name="T2314"/></temps></instruction><instruction code="INCH  T2194, 0"><temps name="use"/><temps name="def"><temp name="T2194"/></temps><temps name="in"><temp name="T2290"/><temp name="T2263"/><temp name="T2206"/><temp name="T28"/><temp name="T2255"/><temp name="T2197"/><temp name="T2270"/><temp name="T2277"/><temp name="T2320"/><temp name="T2326"/><temp name="T2310"/><temp name="T2230"/><temp name="T2228"/><temp name="T2240"/><temp name="T2213"/><temp name="T2249"/><temp name="T2275"/><temp name="T2281"/><temp name="T2251"/><temp name="T2202"/><temp name="T2234"/><temp name="T2294"/><temp name="T2244"/><temp name="T2239"/><temp name="T2287"/><temp name="T2314"/></temps><temps name="out"><temp name="T2290"/><temp name="T2194"/><temp name="T2263"/><temp name="T2206"/><temp name="T28"/><temp name="T2255"/><temp name="T2197"/><temp name="T2270"/><temp name="T2277"/><temp name="T2320"/><temp name="T2326"/><temp name="T2310"/><temp name="T2230"/><temp name="T2228"/><temp name="T2240"/><temp name="T2213"/><temp name="T2249"/><temp name="T2275"/><temp name="T2281"/><temp name="T2251"/><temp name="T2202"/><temp name="T2234"/><temp name="T2294"/><temp name="T2244"/><temp name="T2239"/><temp name="T2287"/><temp name="T2314"/></temps></instruction><instruction code="OR T817, T2194, 0"><temps name="use"><temp name="T2194"/></temps><temps name="def"><temp name="T817"/></temps><temps name="in"><temp name="T2290"/><temp name="T2194"/><temp name="T2263"/><temp name="T2206"/><temp name="T28"/><temp name="T2255"/><temp name="T2197"/><temp name="T2270"/><temp name="T2277"/><temp name="T2320"/><temp name="T2326"/><temp name="T2310"/><temp name="T2230"/><temp name="T2228"/><temp name="T2240"/><temp name="T2213"/><temp name="T2249"/><temp name="T2275"/><temp name="T2281"/><temp name="T2251"/><temp name="T2202"/><temp name="T2234"/><temp name="T2294"/><temp name="T2244"/><temp name="T2239"/><temp name="T2287"/><temp name="T2314"/></temps><temps name="out"><temp name="T2290"/><temp name="T2263"/><temp name="T2206"/><temp name="T28"/><temp name="T2255"/><temp name="T817"/><temp name="T2197"/><temp name="T2270"/><temp name="T2277"/><temp name="T2320"/><temp name="T2326"/><temp name="T2310"/><temp name="T2230"/><temp name="T2228"/><temp name="T2240"/><temp name="T2213"/><temp name="T2249"/><temp name="T2275"/><temp name="T2281"/><temp name="T2251"/><temp name="T2202"/><temp name="T2234"/><temp name="T2294"/><temp name="T2244"/><temp name="T2239"/><temp name="T2287"/><temp name="T2314"/></temps></instruction><instruction code="LDO T2198, T2197, 0"><temps name="use"><temp name="T2197"/></temps><temps name="def"><temp name="T2198"/></temps><temps name="in"><temp name="T2290"/><temp name="T2263"/><temp name="T2206"/><temp name="T28"/><temp name="T2255"/><temp name="T817"/><temp name="T2197"/><temp name="T2270"/><temp name="T2277"/><temp name="T2320"/><temp name="T2326"/><temp name="T2310"/><temp name="T2230"/><temp name="T2228"/><temp name="T2240"/><temp name="T2213"/><temp name="T2249"/><temp name="T2275"/><temp name="T2281"/><temp name="T2251"/><temp name="T2202"/><temp name="T2234"/><temp name="T2294"/><temp name="T2244"/><temp name="T2239"/><temp name="T2287"/><temp name="T2314"/></temps><temps name="out"><temp name="T2290"/><temp name="T2263"/><temp name="T2206"/><temp name="T28"/><temp name="T2255"/><temp name="T817"/><temp name="T2270"/><temp name="T2277"/><temp name="T2320"/><temp name="T2326"/><temp name="T2310"/><temp name="T2230"/><temp name="T2198"/><temp name="T2228"/><temp name="T2240"/><temp name="T2213"/><temp name="T2249"/><temp name="T2275"/><temp name="T2281"/><temp name="T2251"/><temp name="T2202"/><temp name="T2234"/><temp name="T2294"/><temp name="T2244"/><temp name="T2239"/><temp name="T2287"/><temp name="T2314"/></temps></instruction><instruction code="STO T2198, T817, 0"><temps name="use"><temp name="T2198"/><temp name="T817"/></temps><temps name="def"/><temps name="in"><temp name="T2290"/><temp name="T2263"/><temp name="T2206"/><temp name="T28"/><temp name="T2255"/><temp name="T817"/><temp name="T2270"/><temp name="T2277"/><temp name="T2320"/><temp name="T2326"/><temp name="T2310"/><temp name="T2230"/><temp name="T2198"/><temp name="T2228"/><temp name="T2240"/><temp name="T2213"/><temp name="T2249"/><temp name="T2275"/><temp name="T2281"/><temp name="T2251"/><temp name="T2202"/><temp name="T2234"/><temp name="T2294"/><temp name="T2244"/><temp name="T2239"/><temp name="T2287"/><temp name="T2314"/></temps><temps name="out"><temp name="T2290"/><temp name="T2263"/><temp name="T2206"/><temp name="T28"/><temp name="T2255"/><temp name="T2270"/><temp name="T2277"/><temp name="T2320"/><temp name="T2326"/><temp name="T2310"/><temp name="T2230"/><temp name="T2228"/><temp name="T2240"/><temp name="T2213"/><temp name="T2249"/><temp name="T2275"/><temp name="T2281"/><temp name="T2251"/><temp name="T2202"/><temp name="T2234"/><temp name="T2294"/><temp name="T2244"/><temp name="T2239"/><temp name="T2287"/><temp name="T2314"/></temps></instruction><instruction code="SETL  T2199, 1"><temps name="use"/><temps name="def"><temp name="T2199"/></temps><temps name="in"><temp name="T2290"/><temp name="T2263"/><temp name="T2206"/><temp name="T28"/><temp name="T2255"/><temp name="T2270"/><temp name="T2277"/><temp name="T2320"/><temp name="T2326"/><temp name="T2310"/><temp name="T2230"/><temp name="T2228"/><temp name="T2240"/><temp name="T2213"/><temp name="T2249"/><temp name="T2275"/><temp name="T2281"/><temp name="T2251"/><temp name="T2202"/><temp name="T2234"/><temp name="T2294"/><temp name="T2244"/><temp name="T2239"/><temp name="T2287"/><temp name="T2314"/></temps><temps name="out"><temp name="T2290"/><temp name="T2263"/><temp name="T2206"/><temp name="T28"/><temp name="T2255"/><temp name="T2270"/><temp name="T2277"/><temp name="T2320"/><temp name="T2326"/><temp name="T2310"/><temp name="T2230"/><temp name="T2228"/><temp name="T2240"/><temp name="T2213"/><temp name="T2249"/><temp name="T2275"/><temp name="T2281"/><temp name="T2251"/><temp name="T2202"/><temp name="T2234"/><temp name="T2294"/><temp name="T2244"/><temp name="T2239"/><temp name="T2287"/><temp name="T2314"/></temps></instruction><instruction code="INCML T2199, 0"><temps name="use"/><temps name="def"><temp name="T2199"/></temps><temps name="in"><temp name="T2290"/><temp name="T2263"/><temp name="T2206"/><temp name="T28"/><temp name="T2255"/><temp name="T2270"/><temp name="T2277"/><temp name="T2320"/><temp name="T2326"/><temp name="T2310"/><temp name="T2230"/><temp name="T2228"/><temp name="T2240"/><temp name="T2213"/><temp name="T2249"/><temp name="T2275"/><temp name="T2281"/><temp name="T2251"/><temp name="T2202"/><temp name="T2234"/><temp name="T2294"/><temp name="T2244"/><temp name="T2239"/><temp name="T2287"/><temp name="T2314"/></temps><temps name="out"><temp name="T2290"/><temp name="T2263"/><temp name="T2206"/><temp name="T28"/><temp name="T2255"/><temp name="T2270"/><temp name="T2277"/><temp name="T2320"/><temp name="T2326"/><temp name="T2310"/><temp name="T2230"/><temp name="T2228"/><temp name="T2240"/><temp name="T2213"/><temp name="T2249"/><temp name="T2275"/><temp name="T2281"/><temp name="T2251"/><temp name="T2202"/><temp name="T2234"/><temp name="T2294"/><temp name="T2244"/><temp name="T2239"/><temp name="T2287"/><temp name="T2314"/></temps></instruction><instruction code="INCMH T2199, 0"><temps name="use"/><temps name="def"><temp name="T2199"/></temps><temps name="in"><temp name="T2290"/><temp name="T2263"/><temp name="T2206"/><temp name="T28"/><temp name="T2255"/><temp name="T2270"/><temp name="T2277"/><temp name="T2320"/><temp name="T2326"/><temp name="T2310"/><temp name="T2230"/><temp name="T2228"/><temp name="T2240"/><temp name="T2213"/><temp name="T2249"/><temp name="T2275"/><temp name="T2281"/><temp name="T2251"/><temp name="T2202"/><temp name="T2234"/><temp name="T2294"/><temp name="T2244"/><temp name="T2239"/><temp name="T2287"/><temp name="T2314"/></temps><temps name="out"><temp name="T2290"/><temp name="T2263"/><temp name="T2206"/><temp name="T28"/><temp name="T2255"/><temp name="T2270"/><temp name="T2277"/><temp name="T2320"/><temp name="T2326"/><temp name="T2310"/><temp name="T2230"/><temp name="T2228"/><temp name="T2240"/><temp name="T2213"/><temp name="T2249"/><temp name="T2275"/><temp name="T2281"/><temp name="T2251"/><temp name="T2202"/><temp name="T2234"/><temp name="T2294"/><temp name="T2244"/><temp name="T2239"/><temp name="T2287"/><temp name="T2314"/></temps></instruction><instruction code="INCH  T2199, 0"><temps name="use"/><temps name="def"><temp name="T2199"/></temps><temps name="in"><temp name="T2290"/><temp name="T2263"/><temp name="T2206"/><temp name="T28"/><temp name="T2255"/><temp name="T2270"/><temp name="T2277"/><temp name="T2320"/><temp name="T2326"/><temp name="T2310"/><temp name="T2230"/><temp name="T2228"/><temp name="T2240"/><temp name="T2213"/><temp name="T2249"/><temp name="T2275"/><temp name="T2281"/><temp name="T2251"/><temp name="T2202"/><temp name="T2234"/><temp name="T2294"/><temp name="T2244"/><temp name="T2239"/><temp name="T2287"/><temp name="T2314"/></temps><temps name="out"><temp name="T2290"/><temp name="T2263"/><temp name="T2206"/><temp name="T28"/><temp name="T2255"/><temp name="T2270"/><temp name="T2277"/><temp name="T2320"/><temp name="T2326"/><temp name="T2199"/><temp name="T2310"/><temp name="T2230"/><temp name="T2228"/><temp name="T2240"/><temp name="T2213"/><temp name="T2249"/><temp name="T2275"/><temp name="T2281"/><temp name="T2251"/><temp name="T2202"/><temp name="T2234"/><temp name="T2294"/><temp name="T2244"/><temp name="T2239"/><temp name="T2287"/><temp name="T2314"/></temps></instruction><instruction code="OR T818, T2199, 0"><temps name="use"><temp name="T2199"/></temps><temps name="def"><temp name="T818"/></temps><temps name="in"><temp name="T2290"/><temp name="T2263"/><temp name="T2206"/><temp name="T28"/><temp name="T2255"/><temp name="T2270"/><temp name="T2277"/><temp name="T2320"/><temp name="T2326"/><temp name="T2199"/><temp name="T2310"/><temp name="T2230"/><temp name="T2228"/><temp name="T2240"/><temp name="T2213"/><temp name="T2249"/><temp name="T2275"/><temp name="T2281"/><temp name="T2251"/><temp name="T2202"/><temp name="T2234"/><temp name="T2294"/><temp name="T2244"/><temp name="T2239"/><temp name="T2287"/><temp name="T2314"/></temps><temps name="out"><temp name="T2290"/><temp name="T2263"/><temp name="T2206"/><temp name="T28"/><temp name="T2255"/><temp name="T818"/><temp name="T2270"/><temp name="T2277"/><temp name="T2320"/><temp name="T2326"/><temp name="T2310"/><temp name="T2230"/><temp name="T2228"/><temp name="T2240"/><temp name="T2213"/><temp name="T2249"/><temp name="T2275"/><temp name="T2281"/><temp name="T2251"/><temp name="T2202"/><temp name="T2234"/><temp name="T2294"/><temp name="T2244"/><temp name="T2239"/><temp name="T2287"/><temp name="T2314"/></temps></instruction><instruction code="LDO T2203, T2202, 0"><temps name="use"><temp name="T2202"/></temps><temps name="def"><temp name="T2203"/></temps><temps name="in"><temp name="T2290"/><temp name="T2263"/><temp name="T2206"/><temp name="T28"/><temp name="T2255"/><temp name="T818"/><temp name="T2270"/><temp name="T2277"/><temp name="T2320"/><temp name="T2326"/><temp name="T2310"/><temp name="T2230"/><temp name="T2228"/><temp name="T2240"/><temp name="T2213"/><temp name="T2249"/><temp name="T2275"/><temp name="T2281"/><temp name="T2251"/><temp name="T2202"/><temp name="T2234"/><temp name="T2294"/><temp name="T2244"/><temp name="T2239"/><temp name="T2287"/><temp name="T2314"/></temps><temps name="out"><temp name="T2290"/><temp name="T2263"/><temp name="T2206"/><temp name="T28"/><temp name="T2255"/><temp name="T818"/><temp name="T2270"/><temp name="T2277"/><temp name="T2320"/><temp name="T2326"/><temp name="T2310"/><temp name="T2230"/><temp name="T2228"/><temp name="T2240"/><temp name="T2203"/><temp name="T2213"/><temp name="T2249"/><temp name="T2275"/><temp name="T2281"/><temp name="T2251"/><temp name="T2234"/><temp name="T2294"/><temp name="T2244"/><temp name="T2239"/><temp name="T2287"/><temp name="T2314"/></temps></instruction><instruction code="STO T2203, T818, 0"><temps name="use"><temp name="T2203"/><temp name="T818"/></temps><temps name="def"/><temps name="in"><temp name="T2290"/><temp name="T2263"/><temp name="T2206"/><temp name="T28"/><temp name="T2255"/><temp name="T818"/><temp name="T2270"/><temp name="T2277"/><temp name="T2320"/><temp name="T2326"/><temp name="T2310"/><temp name="T2230"/><temp name="T2228"/><temp name="T2240"/><temp name="T2203"/><temp name="T2213"/><temp name="T2249"/><temp name="T2275"/><temp name="T2281"/><temp name="T2251"/><temp name="T2234"/><temp name="T2294"/><temp name="T2244"/><temp name="T2239"/><temp name="T2287"/><temp name="T2314"/></temps><temps name="out"><temp name="T2290"/><temp name="T2263"/><temp name="T2206"/><temp name="T28"/><temp name="T2255"/><temp name="T2270"/><temp name="T2277"/><temp name="T2320"/><temp name="T2326"/><temp name="T2310"/><temp name="T2230"/><temp name="T2228"/><temp name="T2240"/><temp name="T2213"/><temp name="T2249"/><temp name="T2275"/><temp name="T2281"/><temp name="T2251"/><temp name="T2234"/><temp name="T2294"/><temp name="T2244"/><temp name="T2239"/><temp name="T2287"/><temp name="T2314"/></temps></instruction><instruction code="L96"><temps name="use"/><temps name="def"/><temps name="in"><temp name="T2290"/><temp name="T2263"/><temp name="T2206"/><temp name="T28"/><temp name="T2255"/><temp name="T2270"/><temp name="T2277"/><temp name="T2320"/><temp name="T2326"/><temp name="T2310"/><temp name="T2230"/><temp name="T2228"/><temp name="T2240"/><temp name="T2213"/><temp name="T2249"/><temp name="T2275"/><temp name="T2281"/><temp name="T2251"/><temp name="T2234"/><temp name="T2294"/><temp name="T2244"/><temp name="T2239"/><temp name="T2287"/><temp name="T2314"/></temps><temps name="out"><temp name="T2290"/><temp name="T2263"/><temp name="T2206"/><temp name="T28"/><temp name="T2255"/><temp name="T2270"/><temp name="T2277"/><temp name="T2320"/><temp name="T2326"/><temp name="T2310"/><temp name="T2230"/><temp name="T2228"/><temp name="T2240"/><temp name="T2213"/><temp name="T2249"/><temp name="T2275"/><temp name="T2281"/><temp name="T2251"/><temp name="T2234"/><temp name="T2294"/><temp name="T2244"/><temp name="T2239"/><temp name="T2287"/><temp name="T2314"/></temps></instruction><instruction code="OR T819, T28, 0"><temps name="use"><temp name="T28"/></temps><temps name="def"><temp name="T819"/></temps><temps name="in"><temp name="T2290"/><temp name="T2263"/><temp name="T2206"/><temp name="T28"/><temp name="T2255"/><temp name="T2270"/><temp name="T2277"/><temp name="T2320"/><temp name="T2326"/><temp name="T2310"/><temp name="T2230"/><temp name="T2228"/><temp name="T2240"/><temp name="T2213"/><temp name="T2249"/><temp name="T2275"/><temp name="T2281"/><temp name="T2251"/><temp name="T2234"/><temp name="T2294"/><temp name="T2244"/><temp name="T2239"/><temp name="T2287"/><temp name="T2314"/></temps><temps name="out"><temp name="T2290"/><temp name="T2263"/><temp name="T2206"/><temp name="T28"/><temp name="T2255"/><temp name="T2270"/><temp name="T2277"/><temp name="T2320"/><temp name="T2326"/><temp name="T2310"/><temp name="T2230"/><temp name="T2228"/><temp name="T2240"/><temp name="T819"/><temp name="T2213"/><temp name="T2249"/><temp name="T2275"/><temp name="T2281"/><temp name="T2251"/><temp name="T2234"/><temp name="T2294"/><temp name="T2244"/><temp name="T2239"/><temp name="T2287"/><temp name="T2314"/></temps></instruction><instruction code="SETL  T2204, 32"><temps name="use"/><temps name="def"><temp name="T2204"/></temps><temps name="in"><temp name="T2290"/><temp name="T2263"/><temp name="T2206"/><temp name="T28"/><temp name="T2255"/><temp name="T2270"/><temp name="T2277"/><temp name="T2320"/><temp name="T2326"/><temp name="T2310"/><temp name="T2230"/><temp name="T2228"/><temp name="T2240"/><temp name="T819"/><temp name="T2213"/><temp name="T2249"/><temp name="T2275"/><temp name="T2281"/><temp name="T2251"/><temp name="T2234"/><temp name="T2294"/><temp name="T2244"/><temp name="T2239"/><temp name="T2287"/><temp name="T2314"/></temps><temps name="out"><temp name="T2290"/><temp name="T2263"/><temp name="T2206"/><temp name="T28"/><temp name="T2255"/><temp name="T2270"/><temp name="T2277"/><temp name="T2320"/><temp name="T2326"/><temp name="T2310"/><temp name="T2230"/><temp name="T2228"/><temp name="T2240"/><temp name="T819"/><temp name="T2213"/><temp name="T2249"/><temp name="T2275"/><temp name="T2281"/><temp name="T2251"/><temp name="T2234"/><temp name="T2294"/><temp name="T2244"/><temp name="T2239"/><temp name="T2287"/><temp name="T2314"/></temps></instruction><instruction code="INCML T2204, 0"><temps name="use"/><temps name="def"><temp name="T2204"/></temps><temps name="in"><temp name="T2290"/><temp name="T2263"/><temp name="T2206"/><temp name="T28"/><temp name="T2255"/><temp name="T2270"/><temp name="T2277"/><temp name="T2320"/><temp name="T2326"/><temp name="T2310"/><temp name="T2230"/><temp name="T2228"/><temp name="T2240"/><temp name="T819"/><temp name="T2213"/><temp name="T2249"/><temp name="T2275"/><temp name="T2281"/><temp name="T2251"/><temp name="T2234"/><temp name="T2294"/><temp name="T2244"/><temp name="T2239"/><temp name="T2287"/><temp name="T2314"/></temps><temps name="out"><temp name="T2290"/><temp name="T2263"/><temp name="T2206"/><temp name="T28"/><temp name="T2255"/><temp name="T2270"/><temp name="T2277"/><temp name="T2320"/><temp name="T2326"/><temp name="T2310"/><temp name="T2230"/><temp name="T2228"/><temp name="T2240"/><temp name="T819"/><temp name="T2213"/><temp name="T2249"/><temp name="T2275"/><temp name="T2281"/><temp name="T2251"/><temp name="T2234"/><temp name="T2294"/><temp name="T2244"/><temp name="T2239"/><temp name="T2287"/><temp name="T2314"/></temps></instruction><instruction code="INCMH T2204, 0"><temps name="use"/><temps name="def"><temp name="T2204"/></temps><temps name="in"><temp name="T2290"/><temp name="T2263"/><temp name="T2206"/><temp name="T28"/><temp name="T2255"/><temp name="T2270"/><temp name="T2277"/><temp name="T2320"/><temp name="T2326"/><temp name="T2310"/><temp name="T2230"/><temp name="T2228"/><temp name="T2240"/><temp name="T819"/><temp name="T2213"/><temp name="T2249"/><temp name="T2275"/><temp name="T2281"/><temp name="T2251"/><temp name="T2234"/><temp name="T2294"/><temp name="T2244"/><temp name="T2239"/><temp name="T2287"/><temp name="T2314"/></temps><temps name="out"><temp name="T2290"/><temp name="T2263"/><temp name="T2206"/><temp name="T28"/><temp name="T2255"/><temp name="T2270"/><temp name="T2277"/><temp name="T2320"/><temp name="T2326"/><temp name="T2310"/><temp name="T2230"/><temp name="T2228"/><temp name="T2240"/><temp name="T819"/><temp name="T2213"/><temp name="T2249"/><temp name="T2275"/><temp name="T2281"/><temp name="T2251"/><temp name="T2234"/><temp name="T2294"/><temp name="T2244"/><temp name="T2239"/><temp name="T2287"/><temp name="T2314"/></temps></instruction><instruction code="INCH  T2204, 0"><temps name="use"/><temps name="def"><temp name="T2204"/></temps><temps name="in"><temp name="T2290"/><temp name="T2263"/><temp name="T2206"/><temp name="T28"/><temp name="T2255"/><temp name="T2270"/><temp name="T2277"/><temp name="T2320"/><temp name="T2326"/><temp name="T2310"/><temp name="T2230"/><temp name="T2228"/><temp name="T2240"/><temp name="T819"/><temp name="T2213"/><temp name="T2249"/><temp name="T2275"/><temp name="T2281"/><temp name="T2251"/><temp name="T2234"/><temp name="T2294"/><temp name="T2244"/><temp name="T2239"/><temp name="T2287"/><temp name="T2314"/></temps><temps name="out"><temp name="T2290"/><temp name="T2263"/><temp name="T2206"/><temp name="T28"/><temp name="T2255"/><temp name="T2270"/><temp name="T2277"/><temp name="T2320"/><temp name="T2326"/><temp name="T2310"/><temp name="T2230"/><temp name="T2204"/><temp name="T2228"/><temp name="T2240"/><temp name="T819"/><temp name="T2213"/><temp name="T2249"/><temp name="T2275"/><temp name="T2281"/><temp name="T2251"/><temp name="T2234"/><temp name="T2294"/><temp name="T2244"/><temp name="T2239"/><temp name="T2287"/><temp name="T2314"/></temps></instruction><instruction code="NEG T2204, 0, T2204"><temps name="use"><temp name="T2204"/></temps><temps name="def"><temp name="T2204"/></temps><temps name="in"><temp name="T2290"/><temp name="T2263"/><temp name="T2206"/><temp name="T28"/><temp name="T2255"/><temp name="T2270"/><temp name="T2277"/><temp name="T2320"/><temp name="T2326"/><temp name="T2310"/><temp name="T2230"/><temp name="T2204"/><temp name="T2228"/><temp name="T2240"/><temp name="T819"/><temp name="T2213"/><temp name="T2249"/><temp name="T2275"/><temp name="T2281"/><temp name="T2251"/><temp name="T2234"/><temp name="T2294"/><temp name="T2244"/><temp name="T2239"/><temp name="T2287"/><temp name="T2314"/></temps><temps name="out"><temp name="T2290"/><temp name="T2263"/><temp name="T2206"/><temp name="T28"/><temp name="T2255"/><temp name="T2270"/><temp name="T2277"/><temp name="T2320"/><temp name="T2326"/><temp name="T2310"/><temp name="T2230"/><temp name="T2204"/><temp name="T2228"/><temp name="T2240"/><temp name="T819"/><temp name="T2213"/><temp name="T2249"/><temp name="T2275"/><temp name="T2281"/><temp name="T2251"/><temp name="T2234"/><temp name="T2294"/><temp name="T2244"/><temp name="T2239"/><temp name="T2287"/><temp name="T2314"/></temps></instruction><instruction code="OR T820, T2204, 0"><temps name="use"><temp name="T2204"/></temps><temps name="def"><temp name="T820"/></temps><temps name="in"><temp name="T2290"/><temp name="T2263"/><temp name="T2206"/><temp name="T28"/><temp name="T2255"/><temp name="T2270"/><temp name="T2277"/><temp name="T2320"/><temp name="T2326"/><temp name="T2310"/><temp name="T2230"/><temp name="T2204"/><temp name="T2228"/><temp name="T2240"/><temp name="T819"/><temp name="T2213"/><temp name="T2249"/><temp name="T2275"/><temp name="T2281"/><temp name="T2251"/><temp name="T2234"/><temp name="T2294"/><temp name="T2244"/><temp name="T2239"/><temp name="T2287"/><temp name="T2314"/></temps><temps name="out"><temp name="T2290"/><temp name="T2263"/><temp name="T2206"/><temp name="T28"/><temp name="T820"/><temp name="T2255"/><temp name="T2270"/><temp name="T2277"/><temp name="T2320"/><temp name="T2326"/><temp name="T2310"/><temp name="T2230"/><temp name="T2228"/><temp name="T2240"/><temp name="T819"/><temp name="T2213"/><temp name="T2249"/><temp name="T2275"/><temp name="T2281"/><temp name="T2251"/><temp name="T2234"/><temp name="T2294"/><temp name="T2244"/><temp name="T2239"/><temp name="T2287"/><temp name="T2314"/></temps></instruction><instruction code="ADD T2205, T819, T820"><temps name="use"><temp name="T819"/><temp name="T820"/></temps><temps name="def"><temp name="T2205"/></temps><temps name="in"><temp name="T2290"/><temp name="T2263"/><temp name="T2206"/><temp name="T28"/><temp name="T820"/><temp name="T2255"/><temp name="T2270"/><temp name="T2277"/><temp name="T2320"/><temp name="T2326"/><temp name="T2310"/><temp name="T2230"/><temp name="T2228"/><temp name="T2240"/><temp name="T819"/><temp name="T2213"/><temp name="T2249"/><temp name="T2275"/><temp name="T2281"/><temp name="T2251"/><temp name="T2234"/><temp name="T2294"/><temp name="T2244"/><temp name="T2239"/><temp name="T2287"/><temp name="T2314"/></temps><temps name="out"><temp name="T2290"/><temp name="T2263"/><temp name="T2206"/><temp name="T28"/><temp name="T2255"/><temp name="T2270"/><temp name="T2277"/><temp name="T2320"/><temp name="T2326"/><temp name="T2310"/><temp name="T2230"/><temp name="T2228"/><temp name="T2240"/><temp name="T2205"/><temp name="T2213"/><temp name="T2249"/><temp name="T2275"/><temp name="T2281"/><temp name="T2251"/><temp name="T2234"/><temp name="T2294"/><temp name="T2244"/><temp name="T2239"/><temp name="T2287"/><temp name="T2314"/></temps></instruction><instruction code="OR T821, T2205, 0"><temps name="use"><temp name="T2205"/></temps><temps name="def"><temp name="T821"/></temps><temps name="in"><temp name="T2290"/><temp name="T2263"/><temp name="T2206"/><temp name="T28"/><temp name="T2255"/><temp name="T2270"/><temp name="T2277"/><temp name="T2320"/><temp name="T2326"/><temp name="T2310"/><temp name="T2230"/><temp name="T2228"/><temp name="T2240"/><temp name="T2205"/><temp name="T2213"/><temp name="T2249"/><temp name="T2275"/><temp name="T2281"/><temp name="T2251"/><temp name="T2234"/><temp name="T2294"/><temp name="T2244"/><temp name="T2239"/><temp name="T2287"/><temp name="T2314"/></temps><temps name="out"><temp name="T2290"/><temp name="T2263"/><temp name="T2206"/><temp name="T28"/><temp name="T2255"/><temp name="T2270"/><temp name="T2277"/><temp name="T2320"/><temp name="T2326"/><temp name="T2310"/><temp name="T2230"/><temp name="T2228"/><temp name="T2240"/><temp name="T2213"/><temp name="T2249"/><temp name="T2275"/><temp name="T2281"/><temp name="T2251"/><temp name="T2234"/><temp name="T2294"/><temp name="T2244"/><temp name="T2239"/><temp name="T2287"/><temp name="T2314"/></temps></instruction><instruction code="LDO T2207, T2206, 0"><temps name="use"><temp name="T2206"/></temps><temps name="def"><temp name="T2207"/></temps><temps name="in"><temp name="T2290"/><temp name="T2263"/><temp name="T2206"/><temp name="T28"/><temp name="T2255"/><temp name="T2270"/><temp name="T2277"/><temp name="T2320"/><temp name="T2326"/><temp name="T2310"/><temp name="T2230"/><temp name="T2228"/><temp name="T2240"/><temp name="T2213"/><temp name="T2249"/><temp name="T2275"/><temp name="T2281"/><temp name="T2251"/><temp name="T2234"/><temp name="T2294"/><temp name="T2244"/><temp name="T2239"/><temp name="T2287"/><temp name="T2314"/></temps><temps name="out"><temp name="T2290"/><temp name="T2263"/><temp name="T2206"/><temp name="T28"/><temp name="T2255"/><temp name="T2270"/><temp name="T2277"/><temp name="T2207"/><temp name="T2320"/><temp name="T2326"/><temp name="T2310"/><temp name="T2230"/><temp name="T2228"/><temp name="T2240"/><temp name="T2213"/><temp name="T2249"/><temp name="T2275"/><temp name="T2281"/><temp name="T2251"/><temp name="T2234"/><temp name="T2294"/><temp name="T2244"/><temp name="T2239"/><temp name="T2287"/><temp name="T2314"/></temps></instruction><instruction code="OR T822, T2207, 0"><temps name="use"><temp name="T2207"/></temps><temps name="def"><temp name="T822"/></temps><temps name="in"><temp name="T2290"/><temp name="T2263"/><temp name="T2206"/><temp name="T28"/><temp name="T2255"/><temp name="T2270"/><temp name="T2277"/><temp name="T2207"/><temp name="T2320"/><temp name="T2326"/><temp name="T2310"/><temp name="T2230"/><temp name="T2228"/><temp name="T2240"/><temp name="T2213"/><temp name="T2249"/><temp name="T2275"/><temp name="T2281"/><temp name="T2251"/><temp name="T2234"/><temp name="T2294"/><temp name="T2244"/><temp name="T2239"/><temp name="T2287"/><temp name="T2314"/></temps><temps name="out"><temp name="T2290"/><temp name="T2263"/><temp name="T2206"/><temp name="T28"/><temp name="T2255"/><temp name="T2270"/><temp name="T2277"/><temp name="T2320"/><temp name="T2326"/><temp name="T2310"/><temp name="T2230"/><temp name="T2228"/><temp name="T2240"/><temp name="T2213"/><temp name="T822"/><temp name="T2249"/><temp name="T2275"/><temp name="T2281"/><temp name="T2251"/><temp name="T2234"/><temp name="T2294"/><temp name="T2244"/><temp name="T2239"/><temp name="T2287"/><temp name="T2314"/></temps></instruction><instruction code="SETL  T2208, 9"><temps name="use"/><temps name="def"><temp name="T2208"/></temps><temps name="in"><temp name="T2290"/><temp name="T2263"/><temp name="T2206"/><temp name="T28"/><temp name="T2255"/><temp name="T2270"/><temp name="T2277"/><temp name="T2320"/><temp name="T2326"/><temp name="T2310"/><temp name="T2230"/><temp name="T2228"/><temp name="T2240"/><temp name="T2213"/><temp name="T822"/><temp name="T2249"/><temp name="T2275"/><temp name="T2281"/><temp name="T2251"/><temp name="T2234"/><temp name="T2294"/><temp name="T2244"/><temp name="T2239"/><temp name="T2287"/><temp name="T2314"/></temps><temps name="out"><temp name="T2290"/><temp name="T2263"/><temp name="T2206"/><temp name="T28"/><temp name="T2255"/><temp name="T2270"/><temp name="T2277"/><temp name="T2320"/><temp name="T2326"/><temp name="T2310"/><temp name="T2230"/><temp name="T2228"/><temp name="T2240"/><temp name="T2213"/><temp name="T822"/><temp name="T2249"/><temp name="T2275"/><temp name="T2281"/><temp name="T2251"/><temp name="T2234"/><temp name="T2294"/><temp name="T2244"/><temp name="T2239"/><temp name="T2287"/><temp name="T2314"/></temps></instruction><instruction code="INCML T2208, 0"><temps name="use"/><temps name="def"><temp name="T2208"/></temps><temps name="in"><temp name="T2290"/><temp name="T2263"/><temp name="T2206"/><temp name="T28"/><temp name="T2255"/><temp name="T2270"/><temp name="T2277"/><temp name="T2320"/><temp name="T2326"/><temp name="T2310"/><temp name="T2230"/><temp name="T2228"/><temp name="T2240"/><temp name="T2213"/><temp name="T822"/><temp name="T2249"/><temp name="T2275"/><temp name="T2281"/><temp name="T2251"/><temp name="T2234"/><temp name="T2294"/><temp name="T2244"/><temp name="T2239"/><temp name="T2287"/><temp name="T2314"/></temps><temps name="out"><temp name="T2290"/><temp name="T2263"/><temp name="T2206"/><temp name="T28"/><temp name="T2255"/><temp name="T2270"/><temp name="T2277"/><temp name="T2320"/><temp name="T2326"/><temp name="T2310"/><temp name="T2230"/><temp name="T2228"/><temp name="T2240"/><temp name="T2213"/><temp name="T822"/><temp name="T2249"/><temp name="T2275"/><temp name="T2281"/><temp name="T2251"/><temp name="T2234"/><temp name="T2294"/><temp name="T2244"/><temp name="T2239"/><temp name="T2287"/><temp name="T2314"/></temps></instruction><instruction code="INCMH T2208, 0"><temps name="use"/><temps name="def"><temp name="T2208"/></temps><temps name="in"><temp name="T2290"/><temp name="T2263"/><temp name="T2206"/><temp name="T28"/><temp name="T2255"/><temp name="T2270"/><temp name="T2277"/><temp name="T2320"/><temp name="T2326"/><temp name="T2310"/><temp name="T2230"/><temp name="T2228"/><temp name="T2240"/><temp name="T2213"/><temp name="T822"/><temp name="T2249"/><temp name="T2275"/><temp name="T2281"/><temp name="T2251"/><temp name="T2234"/><temp name="T2294"/><temp name="T2244"/><temp name="T2239"/><temp name="T2287"/><temp name="T2314"/></temps><temps name="out"><temp name="T2290"/><temp name="T2263"/><temp name="T2206"/><temp name="T28"/><temp name="T2255"/><temp name="T2270"/><temp name="T2277"/><temp name="T2320"/><temp name="T2326"/><temp name="T2310"/><temp name="T2230"/><temp name="T2228"/><temp name="T2240"/><temp name="T2213"/><temp name="T822"/><temp name="T2249"/><temp name="T2275"/><temp name="T2281"/><temp name="T2251"/><temp name="T2234"/><temp name="T2294"/><temp name="T2244"/><temp name="T2239"/><temp name="T2287"/><temp name="T2314"/></temps></instruction><instruction code="INCH  T2208, 0"><temps name="use"/><temps name="def"><temp name="T2208"/></temps><temps name="in"><temp name="T2290"/><temp name="T2263"/><temp name="T2206"/><temp name="T28"/><temp name="T2255"/><temp name="T2270"/><temp name="T2277"/><temp name="T2320"/><temp name="T2326"/><temp name="T2310"/><temp name="T2230"/><temp name="T2228"/><temp name="T2240"/><temp name="T2213"/><temp name="T822"/><temp name="T2249"/><temp name="T2275"/><temp name="T2281"/><temp name="T2251"/><temp name="T2234"/><temp name="T2294"/><temp name="T2244"/><temp name="T2239"/><temp name="T2287"/><temp name="T2314"/></temps><temps name="out"><temp name="T2290"/><temp name="T2263"/><temp name="T2206"/><temp name="T28"/><temp name="T2208"/><temp name="T2255"/><temp name="T2270"/><temp name="T2277"/><temp name="T2320"/><temp name="T2326"/><temp name="T2310"/><temp name="T2230"/><temp name="T2228"/><temp name="T2240"/><temp name="T2213"/><temp name="T822"/><temp name="T2249"/><temp name="T2275"/><temp name="T2281"/><temp name="T2251"/><temp name="T2234"/><temp name="T2294"/><temp name="T2244"/><temp name="T2239"/><temp name="T2287"/><temp name="T2314"/></temps></instruction><instruction code="OR T823, T2208, 0"><temps name="use"><temp name="T2208"/></temps><temps name="def"><temp name="T823"/></temps><temps name="in"><temp name="T2290"/><temp name="T2263"/><temp name="T2206"/><temp name="T28"/><temp name="T2208"/><temp name="T2255"/><temp name="T2270"/><temp name="T2277"/><temp name="T2320"/><temp name="T2326"/><temp name="T2310"/><temp name="T2230"/><temp name="T2228"/><temp name="T2240"/><temp name="T2213"/><temp name="T822"/><temp name="T2249"/><temp name="T2275"/><temp name="T2281"/><temp name="T2251"/><temp name="T2234"/><temp name="T2294"/><temp name="T2244"/><temp name="T2239"/><temp name="T2287"/><temp name="T2314"/></temps><temps name="out"><temp name="T2290"/><temp name="T2263"/><temp name="T2206"/><temp name="T28"/><temp name="T2255"/><temp name="T2270"/><temp name="T2277"/><temp name="T2320"/><temp name="T2326"/><temp name="T2310"/><temp name="T823"/><temp name="T2230"/><temp name="T2228"/><temp name="T2240"/><temp name="T2213"/><temp name="T822"/><temp name="T2249"/><temp name="T2275"/><temp name="T2281"/><temp name="T2251"/><temp name="T2234"/><temp name="T2294"/><temp name="T2244"/><temp name="T2239"/><temp name="T2287"/><temp name="T2314"/></temps></instruction><instruction code="CMP T2209, T822, T823"><temps name="use"><temp name="T822"/><temp name="T823"/></temps><temps name="def"><temp name="T2209"/></temps><temps name="in"><temp name="T2290"/><temp name="T2263"/><temp name="T2206"/><temp name="T28"/><temp name="T2255"/><temp name="T2270"/><temp name="T2277"/><temp name="T2320"/><temp name="T2326"/><temp name="T2310"/><temp name="T823"/><temp name="T2230"/><temp name="T2228"/><temp name="T2240"/><temp name="T2213"/><temp name="T822"/><temp name="T2249"/><temp name="T2275"/><temp name="T2281"/><temp name="T2251"/><temp name="T2234"/><temp name="T2294"/><temp name="T2244"/><temp name="T2239"/><temp name="T2287"/><temp name="T2314"/></temps><temps name="out"><temp name="T2290"/><temp name="T2263"/><temp name="T2206"/><temp name="T28"/><temp name="T2255"/><temp name="T2270"/><temp name="T2277"/><temp name="T2320"/><temp name="T2326"/><temp name="T2310"/><temp name="T2209"/><temp name="T2230"/><temp name="T2228"/><temp name="T2240"/><temp name="T2213"/><temp name="T2249"/><temp name="T2275"/><temp name="T2281"/><temp name="T2251"/><temp name="T2234"/><temp name="T2294"/><temp name="T2244"/><temp name="T2239"/><temp name="T2287"/><temp name="T2314"/></temps></instruction><instruction code="ZSNP T2209, T2209, 1"><temps name="use"><temp name="T2209"/></temps><temps name="def"><temp name="T2209"/></temps><temps name="in"><temp name="T2290"/><temp name="T2263"/><temp name="T2206"/><temp name="T28"/><temp name="T2255"/><temp name="T2270"/><temp name="T2277"/><temp name="T2320"/><temp name="T2326"/><temp name="T2310"/><temp name="T2209"/><temp name="T2230"/><temp name="T2228"/><temp name="T2240"/><temp name="T2213"/><temp name="T2249"/><temp name="T2275"/><temp name="T2281"/><temp name="T2251"/><temp name="T2234"/><temp name="T2294"/><temp name="T2244"/><temp name="T2239"/><temp name="T2287"/><temp name="T2314"/></temps><temps name="out"><temp name="T2290"/><temp name="T2263"/><temp name="T2206"/><temp name="T28"/><temp name="T2255"/><temp name="T2270"/><temp name="T2277"/><temp name="T2320"/><temp name="T2326"/><temp name="T2310"/><temp name="T2209"/><temp name="T2230"/><temp name="T2228"/><temp name="T2240"/><temp name="T2213"/><temp name="T2249"/><temp name="T2275"/><temp name="T2281"/><temp name="T2251"/><temp name="T2234"/><temp name="T2294"/><temp name="T2244"/><temp name="T2239"/><temp name="T2287"/><temp name="T2314"/></temps></instruction><instruction code="OR T824, T2209, 0"><temps name="use"><temp name="T2209"/></temps><temps name="def"><temp name="T824"/></temps><temps name="in"><temp name="T2290"/><temp name="T2263"/><temp name="T2206"/><temp name="T28"/><temp name="T2255"/><temp name="T2270"/><temp name="T2277"/><temp name="T2320"/><temp name="T2326"/><temp name="T2310"/><temp name="T2209"/><temp name="T2230"/><temp name="T2228"/><temp name="T2240"/><temp name="T2213"/><temp name="T2249"/><temp name="T2275"/><temp name="T2281"/><temp name="T2251"/><temp name="T2234"/><temp name="T2294"/><temp name="T2244"/><temp name="T2239"/><temp name="T2287"/><temp name="T2314"/></temps><temps name="out"><temp name="T2290"/><temp name="T2263"/><temp name="T824"/><temp name="T2206"/><temp name="T28"/><temp name="T2255"/><temp name="T2270"/><temp name="T2277"/><temp name="T2320"/><temp name="T2326"/><temp name="T2310"/><temp name="T2230"/><temp name="T2228"/><temp name="T2240"/><temp name="T2213"/><temp name="T2249"/><temp name="T2275"/><temp name="T2281"/><temp name="T2251"/><temp name="T2234"/><temp name="T2294"/><temp name="T2244"/><temp name="T2239"/><temp name="T2287"/><temp name="T2314"/></temps></instruction><instruction code="BNZ T824, L97"><temps name="use"><temp name="T824"/></temps><temps name="def"/><temps name="in"><temp name="T2290"/><temp name="T2263"/><temp name="T824"/><temp name="T2206"/><temp name="T28"/><temp name="T2255"/><temp name="T2270"/><temp name="T2277"/><temp name="T2320"/><temp name="T2326"/><temp name="T2310"/><temp name="T2230"/><temp name="T2228"/><temp name="T2240"/><temp name="T2213"/><temp name="T2249"/><temp name="T2275"/><temp name="T2281"/><temp name="T2251"/><temp name="T2234"/><temp name="T2294"/><temp name="T2244"/><temp name="T2239"/><temp name="T2287"/><temp name="T2314"/></temps><temps name="out"><temp name="T2290"/><temp name="T2263"/><temp name="T2206"/><temp name="T28"/><temp name="T2255"/><temp name="T2270"/><temp name="T2277"/><temp name="T2320"/><temp name="T2326"/><temp name="T2310"/><temp name="T2230"/><temp name="T2228"/><temp name="T2240"/><temp name="T2213"/><temp name="T2249"/><temp name="T2275"/><temp name="T2281"/><temp name="T2251"/><temp name="T2234"/><temp name="T2294"/><temp name="T2244"/><temp name="T2239"/><temp name="T2287"/><temp name="T2314"/></temps></instruction><instruction code="L155"><temps name="use"/><temps name="def"/><temps name="in"><temp name="T2290"/><temp name="T2263"/><temp name="T2206"/><temp name="T28"/><temp name="T2255"/><temp name="T2270"/><temp name="T2277"/><temp name="T2320"/><temp name="T2326"/><temp name="T2310"/><temp name="T2230"/><temp name="T2228"/><temp name="T2240"/><temp name="T2213"/><temp name="T2249"/><temp name="T2275"/><temp name="T2281"/><temp name="T2251"/><temp name="T2234"/><temp name="T2294"/><temp name="T2244"/><temp name="T2239"/><temp name="T2287"/><temp name="T2314"/></temps><temps name="out"><temp name="T2290"/><temp name="T2263"/><temp name="T2206"/><temp name="T28"/><temp name="T2255"/><temp name="T2270"/><temp name="T2277"/><temp name="T2320"/><temp name="T2326"/><temp name="T2310"/><temp name="T2230"/><temp name="T2228"/><temp name="T2240"/><temp name="T2213"/><temp name="T2249"/><temp name="T2275"/><temp name="T2281"/><temp name="T2251"/><temp name="T2234"/><temp name="T2294"/><temp name="T2244"/><temp name="T2239"/><temp name="T2287"/><temp name="T2314"/></temps></instruction><instruction code="LDA T2210, L98"><temps name="use"/><temps name="def"><temp name="T2210"/></temps><temps name="in"><temp name="T2290"/><temp name="T2263"/><temp name="T2206"/><temp name="T28"/><temp name="T2255"/><temp name="T2270"/><temp name="T2277"/><temp name="T2320"/><temp name="T2326"/><temp name="T2310"/><temp name="T2230"/><temp name="T2228"/><temp name="T2240"/><temp name="T2213"/><temp name="T2249"/><temp name="T2275"/><temp name="T2281"/><temp name="T2251"/><temp name="T2234"/><temp name="T2294"/><temp name="T2244"/><temp name="T2239"/><temp name="T2287"/><temp name="T2314"/></temps><temps name="out"><temp name="T2290"/><temp name="T2263"/><temp name="T2206"/><temp name="T28"/><temp name="T2210"/><temp name="T2255"/><temp name="T2270"/><temp name="T2277"/><temp name="T2320"/><temp name="T2326"/><temp name="T2310"/><temp name="T2230"/><temp name="T2228"/><temp name="T2240"/><temp name="T2213"/><temp name="T2249"/><temp name="T2275"/><temp name="T2281"/><temp name="T2251"/><temp name="T2234"/><temp name="T2294"/><temp name="T2244"/><temp name="T2239"/><temp name="T2287"/><temp name="T2314"/></temps></instruction><instruction code="GO T2210, T2210, 0"><temps name="use"><temp name="T2210"/></temps><temps name="def"><temp name="T2210"/></temps><temps name="in"><temp name="T2290"/><temp name="T2263"/><temp name="T2206"/><temp name="T28"/><temp name="T2210"/><temp name="T2255"/><temp name="T2270"/><temp name="T2277"/><temp name="T2320"/><temp name="T2326"/><temp name="T2310"/><temp name="T2230"/><temp name="T2228"/><temp name="T2240"/><temp name="T2213"/><temp name="T2249"/><temp name="T2275"/><temp name="T2281"/><temp name="T2251"/><temp name="T2234"/><temp name="T2294"/><temp name="T2244"/><temp name="T2239"/><temp name="T2287"/><temp name="T2314"/></temps><temps name="out"><temp name="T2290"/><temp name="T2263"/><temp name="T2206"/><temp name="T28"/><temp name="T2255"/><temp name="T2270"/><temp name="T2277"/><temp name="T2320"/><temp name="T2326"/><temp name="T2310"/><temp name="T2230"/><temp name="T2228"/><temp name="T2240"/><temp name="T2213"/><temp name="T2249"/><temp name="T2275"/><temp name="T2281"/><temp name="T2251"/><temp name="T2234"/><temp name="T2294"/><temp name="T2244"/><temp name="T2239"/><temp name="T2287"/><temp name="T2314"/></temps></instruction><instruction code="L97"><temps name="use"/><temps name="def"/><temps name="in"><temp name="T2290"/><temp name="T2263"/><temp name="T2206"/><temp name="T28"/><temp name="T2255"/><temp name="T2270"/><temp name="T2277"/><temp name="T2320"/><temp name="T2326"/><temp name="T2310"/><temp name="T2230"/><temp name="T2228"/><temp name="T2240"/><temp name="T2213"/><temp name="T2249"/><temp name="T2275"/><temp name="T2281"/><temp name="T2251"/><temp name="T2234"/><temp name="T2294"/><temp name="T2244"/><temp name="T2239"/><temp name="T2287"/><temp name="T2314"/></temps><temps name="out"><temp name="T2290"/><temp name="T2263"/><temp name="T2206"/><temp name="T28"/><temp name="T2255"/><temp name="T2270"/><temp name="T2277"/><temp name="T2320"/><temp name="T2326"/><temp name="T2310"/><temp name="T2230"/><temp name="T2228"/><temp name="T2240"/><temp name="T2213"/><temp name="T2249"/><temp name="T2275"/><temp name="T2281"/><temp name="T2251"/><temp name="T2234"/><temp name="T2294"/><temp name="T2244"/><temp name="T2239"/><temp name="T2287"/><temp name="T2314"/></temps></instruction><instruction code="OR T825, T28, 0"><temps name="use"><temp name="T28"/></temps><temps name="def"><temp name="T825"/></temps><temps name="in"><temp name="T2290"/><temp name="T2263"/><temp name="T2206"/><temp name="T28"/><temp name="T2255"/><temp name="T2270"/><temp name="T2277"/><temp name="T2320"/><temp name="T2326"/><temp name="T2310"/><temp name="T2230"/><temp name="T2228"/><temp name="T2240"/><temp name="T2213"/><temp name="T2249"/><temp name="T2275"/><temp name="T2281"/><temp name="T2251"/><temp name="T2234"/><temp name="T2294"/><temp name="T2244"/><temp name="T2239"/><temp name="T2287"/><temp name="T2314"/></temps><temps name="out"><temp name="T2290"/><temp name="T2263"/><temp name="T2206"/><temp name="T28"/><temp name="T2255"/><temp name="T825"/><temp name="T2270"/><temp name="T2277"/><temp name="T2320"/><temp name="T2326"/><temp name="T2310"/><temp name="T2230"/><temp name="T2228"/><temp name="T2240"/><temp name="T2213"/><temp name="T2249"/><temp name="T2275"/><temp name="T2281"/><temp name="T2251"/><temp name="T2234"/><temp name="T2294"/><temp name="T2244"/><temp name="T2239"/><temp name="T2287"/><temp name="T2314"/></temps></instruction><instruction code="SETL  T2211, 32"><temps name="use"/><temps name="def"><temp name="T2211"/></temps><temps name="in"><temp name="T2290"/><temp name="T2263"/><temp name="T2206"/><temp name="T28"/><temp name="T2255"/><temp name="T825"/><temp name="T2270"/><temp name="T2277"/><temp name="T2320"/><temp name="T2326"/><temp name="T2310"/><temp name="T2230"/><temp name="T2228"/><temp name="T2240"/><temp name="T2213"/><temp name="T2249"/><temp name="T2275"/><temp name="T2281"/><temp name="T2251"/><temp name="T2234"/><temp name="T2294"/><temp name="T2244"/><temp name="T2239"/><temp name="T2287"/><temp name="T2314"/></temps><temps name="out"><temp name="T2290"/><temp name="T2263"/><temp name="T2206"/><temp name="T28"/><temp name="T2255"/><temp name="T825"/><temp name="T2270"/><temp name="T2277"/><temp name="T2320"/><temp name="T2326"/><temp name="T2310"/><temp name="T2230"/><temp name="T2228"/><temp name="T2240"/><temp name="T2213"/><temp name="T2249"/><temp name="T2275"/><temp name="T2281"/><temp name="T2251"/><temp name="T2234"/><temp name="T2294"/><temp name="T2244"/><temp name="T2239"/><temp name="T2287"/><temp name="T2314"/></temps></instruction><instruction code="INCML T2211, 0"><temps name="use"/><temps name="def"><temp name="T2211"/></temps><temps name="in"><temp name="T2290"/><temp name="T2263"/><temp name="T2206"/><temp name="T28"/><temp name="T2255"/><temp name="T825"/><temp name="T2270"/><temp name="T2277"/><temp name="T2320"/><temp name="T2326"/><temp name="T2310"/><temp name="T2230"/><temp name="T2228"/><temp name="T2240"/><temp name="T2213"/><temp name="T2249"/><temp name="T2275"/><temp name="T2281"/><temp name="T2251"/><temp name="T2234"/><temp name="T2294"/><temp name="T2244"/><temp name="T2239"/><temp name="T2287"/><temp name="T2314"/></temps><temps name="out"><temp name="T2290"/><temp name="T2263"/><temp name="T2206"/><temp name="T28"/><temp name="T2255"/><temp name="T825"/><temp name="T2270"/><temp name="T2277"/><temp name="T2320"/><temp name="T2326"/><temp name="T2310"/><temp name="T2230"/><temp name="T2228"/><temp name="T2240"/><temp name="T2213"/><temp name="T2249"/><temp name="T2275"/><temp name="T2281"/><temp name="T2251"/><temp name="T2234"/><temp name="T2294"/><temp name="T2244"/><temp name="T2239"/><temp name="T2287"/><temp name="T2314"/></temps></instruction><instruction code="INCMH T2211, 0"><temps name="use"/><temps name="def"><temp name="T2211"/></temps><temps name="in"><temp name="T2290"/><temp name="T2263"/><temp name="T2206"/><temp name="T28"/><temp name="T2255"/><temp name="T825"/><temp name="T2270"/><temp name="T2277"/><temp name="T2320"/><temp name="T2326"/><temp name="T2310"/><temp name="T2230"/><temp name="T2228"/><temp name="T2240"/><temp name="T2213"/><temp name="T2249"/><temp name="T2275"/><temp name="T2281"/><temp name="T2251"/><temp name="T2234"/><temp name="T2294"/><temp name="T2244"/><temp name="T2239"/><temp name="T2287"/><temp name="T2314"/></temps><temps name="out"><temp name="T2290"/><temp name="T2263"/><temp name="T2206"/><temp name="T28"/><temp name="T2255"/><temp name="T825"/><temp name="T2270"/><temp name="T2277"/><temp name="T2320"/><temp name="T2326"/><temp name="T2310"/><temp name="T2230"/><temp name="T2228"/><temp name="T2240"/><temp name="T2213"/><temp name="T2249"/><temp name="T2275"/><temp name="T2281"/><temp name="T2251"/><temp name="T2234"/><temp name="T2294"/><temp name="T2244"/><temp name="T2239"/><temp name="T2287"/><temp name="T2314"/></temps></instruction><instruction code="INCH  T2211, 0"><temps name="use"/><temps name="def"><temp name="T2211"/></temps><temps name="in"><temp name="T2290"/><temp name="T2263"/><temp name="T2206"/><temp name="T28"/><temp name="T2255"/><temp name="T825"/><temp name="T2270"/><temp name="T2277"/><temp name="T2320"/><temp name="T2326"/><temp name="T2310"/><temp name="T2230"/><temp name="T2228"/><temp name="T2240"/><temp name="T2213"/><temp name="T2249"/><temp name="T2275"/><temp name="T2281"/><temp name="T2251"/><temp name="T2234"/><temp name="T2294"/><temp name="T2244"/><temp name="T2239"/><temp name="T2287"/><temp name="T2314"/></temps><temps name="out"><temp name="T2290"/><temp name="T2263"/><temp name="T2206"/><temp name="T28"/><temp name="T2255"/><temp name="T825"/><temp name="T2211"/><temp name="T2270"/><temp name="T2277"/><temp name="T2320"/><temp name="T2326"/><temp name="T2310"/><temp name="T2230"/><temp name="T2228"/><temp name="T2240"/><temp name="T2213"/><temp name="T2249"/><temp name="T2275"/><temp name="T2281"/><temp name="T2251"/><temp name="T2234"/><temp name="T2294"/><temp name="T2244"/><temp name="T2239"/><temp name="T2287"/><temp name="T2314"/></temps></instruction><instruction code="NEG T2211, 0, T2211"><temps name="use"><temp name="T2211"/></temps><temps name="def"><temp name="T2211"/></temps><temps name="in"><temp name="T2290"/><temp name="T2263"/><temp name="T2206"/><temp name="T28"/><temp name="T2255"/><temp name="T825"/><temp name="T2211"/><temp name="T2270"/><temp name="T2277"/><temp name="T2320"/><temp name="T2326"/><temp name="T2310"/><temp name="T2230"/><temp name="T2228"/><temp name="T2240"/><temp name="T2213"/><temp name="T2249"/><temp name="T2275"/><temp name="T2281"/><temp name="T2251"/><temp name="T2234"/><temp name="T2294"/><temp name="T2244"/><temp name="T2239"/><temp name="T2287"/><temp name="T2314"/></temps><temps name="out"><temp name="T2290"/><temp name="T2263"/><temp name="T2206"/><temp name="T28"/><temp name="T2255"/><temp name="T825"/><temp name="T2211"/><temp name="T2270"/><temp name="T2277"/><temp name="T2320"/><temp name="T2326"/><temp name="T2310"/><temp name="T2230"/><temp name="T2228"/><temp name="T2240"/><temp name="T2213"/><temp name="T2249"/><temp name="T2275"/><temp name="T2281"/><temp name="T2251"/><temp name="T2234"/><temp name="T2294"/><temp name="T2244"/><temp name="T2239"/><temp name="T2287"/><temp name="T2314"/></temps></instruction><instruction code="OR T826, T2211, 0"><temps name="use"><temp name="T2211"/></temps><temps name="def"><temp name="T826"/></temps><temps name="in"><temp name="T2290"/><temp name="T2263"/><temp name="T2206"/><temp name="T28"/><temp name="T2255"/><temp name="T825"/><temp name="T2211"/><temp name="T2270"/><temp name="T2277"/><temp name="T2320"/><temp name="T2326"/><temp name="T2310"/><temp name="T2230"/><temp name="T2228"/><temp name="T2240"/><temp name="T2213"/><temp name="T2249"/><temp name="T2275"/><temp name="T2281"/><temp name="T2251"/><temp name="T2234"/><temp name="T2294"/><temp name="T2244"/><temp name="T2239"/><temp name="T2287"/><temp name="T2314"/></temps><temps name="out"><temp name="T2290"/><temp name="T2263"/><temp name="T2206"/><temp name="T28"/><temp name="T2255"/><temp name="T825"/><temp name="T826"/><temp name="T2270"/><temp name="T2277"/><temp name="T2320"/><temp name="T2326"/><temp name="T2310"/><temp name="T2230"/><temp name="T2228"/><temp name="T2240"/><temp name="T2213"/><temp name="T2249"/><temp name="T2275"/><temp name="T2281"/><temp name="T2251"/><temp name="T2234"/><temp name="T2294"/><temp name="T2244"/><temp name="T2239"/><temp name="T2287"/><temp name="T2314"/></temps></instruction><instruction code="ADD T2212, T825, T826"><temps name="use"><temp name="T825"/><temp name="T826"/></temps><temps name="def"><temp name="T2212"/></temps><temps name="in"><temp name="T2290"/><temp name="T2263"/><temp name="T2206"/><temp name="T28"/><temp name="T2255"/><temp name="T825"/><temp name="T826"/><temp name="T2270"/><temp name="T2277"/><temp name="T2320"/><temp name="T2326"/><temp name="T2310"/><temp name="T2230"/><temp name="T2228"/><temp name="T2240"/><temp name="T2213"/><temp name="T2249"/><temp name="T2275"/><temp name="T2281"/><temp name="T2251"/><temp name="T2234"/><temp name="T2294"/><temp name="T2244"/><temp name="T2239"/><temp name="T2287"/><temp name="T2314"/></temps><temps name="out"><temp name="T2290"/><temp name="T2212"/><temp name="T2263"/><temp name="T2206"/><temp name="T28"/><temp name="T2255"/><temp name="T2270"/><temp name="T2277"/><temp name="T2320"/><temp name="T2326"/><temp name="T2310"/><temp name="T2230"/><temp name="T2228"/><temp name="T2240"/><temp name="T2213"/><temp name="T2249"/><temp name="T2275"/><temp name="T2281"/><temp name="T2251"/><temp name="T2234"/><temp name="T2294"/><temp name="T2244"/><temp name="T2239"/><temp name="T2287"/><temp name="T2314"/></temps></instruction><instruction code="OR T827, T2212, 0"><temps name="use"><temp name="T2212"/></temps><temps name="def"><temp name="T827"/></temps><temps name="in"><temp name="T2290"/><temp name="T2212"/><temp name="T2263"/><temp name="T2206"/><temp name="T28"/><temp name="T2255"/><temp name="T2270"/><temp name="T2277"/><temp name="T2320"/><temp name="T2326"/><temp name="T2310"/><temp name="T2230"/><temp name="T2228"/><temp name="T2240"/><temp name="T2213"/><temp name="T2249"/><temp name="T2275"/><temp name="T2281"/><temp name="T2251"/><temp name="T2234"/><temp name="T2294"/><temp name="T2244"/><temp name="T2239"/><temp name="T2287"/><temp name="T2314"/></temps><temps name="out"><temp name="T2290"/><temp name="T2263"/><temp name="T2206"/><temp name="T28"/><temp name="T2255"/><temp name="T2270"/><temp name="T2277"/><temp name="T2320"/><temp name="T2326"/><temp name="T2310"/><temp name="T2230"/><temp name="T2228"/><temp name="T2240"/><temp name="T2213"/><temp name="T2249"/><temp name="T2275"/><temp name="T2281"/><temp name="T2251"/><temp name="T2234"/><temp name="T2294"/><temp name="T2244"/><temp name="T2239"/><temp name="T2287"/><temp name="T2314"/></temps></instruction><instruction code="LDO T2214, T2213, 0"><temps name="use"><temp name="T2213"/></temps><temps name="def"><temp name="T2214"/></temps><temps name="in"><temp name="T2290"/><temp name="T2263"/><temp name="T2206"/><temp name="T28"/><temp name="T2255"/><temp name="T2270"/><temp name="T2277"/><temp name="T2320"/><temp name="T2326"/><temp name="T2310"/><temp name="T2230"/><temp name="T2228"/><temp name="T2240"/><temp name="T2213"/><temp name="T2249"/><temp name="T2275"/><temp name="T2281"/><temp name="T2251"/><temp name="T2234"/><temp name="T2294"/><temp name="T2244"/><temp name="T2239"/><temp name="T2287"/><temp name="T2314"/></temps><temps name="out"><temp name="T2214"/><temp name="T2290"/><temp name="T2263"/><temp name="T2206"/><temp name="T28"/><temp name="T2255"/><temp name="T2270"/><temp name="T2277"/><temp name="T2320"/><temp name="T2326"/><temp name="T2310"/><temp name="T2230"/><temp name="T2228"/><temp name="T2240"/><temp name="T2213"/><temp name="T2249"/><temp name="T2275"/><temp name="T2281"/><temp name="T2251"/><temp name="T2234"/><temp name="T2294"/><temp name="T2244"/><temp name="T2239"/><temp name="T2287"/><temp name="T2314"/></temps></instruction><instruction code="OR T828, T2214, 0"><temps name="use"><temp name="T2214"/></temps><temps name="def"><temp name="T828"/></temps><temps name="in"><temp name="T2214"/><temp name="T2290"/><temp name="T2263"/><temp name="T2206"/><temp name="T28"/><temp name="T2255"/><temp name="T2270"/><temp name="T2277"/><temp name="T2320"/><temp name="T2326"/><temp name="T2310"/><temp name="T2230"/><temp name="T2228"/><temp name="T2240"/><temp name="T2213"/><temp name="T2249"/><temp name="T2275"/><temp name="T2281"/><temp name="T2251"/><temp name="T2234"/><temp name="T2294"/><temp name="T2244"/><temp name="T2239"/><temp name="T2287"/><temp name="T2314"/></temps><temps name="out"><temp name="T2290"/><temp name="T2263"/><temp name="T2206"/><temp name="T28"/><temp name="T828"/><temp name="T2255"/><temp name="T2270"/><temp name="T2277"/><temp name="T2320"/><temp name="T2326"/><temp name="T2310"/><temp name="T2230"/><temp name="T2228"/><temp name="T2240"/><temp name="T2213"/><temp name="T2249"/><temp name="T2275"/><temp name="T2281"/><temp name="T2251"/><temp name="T2234"/><temp name="T2294"/><temp name="T2244"/><temp name="T2239"/><temp name="T2287"/><temp name="T2314"/></temps></instruction><instruction code="LDO T2229, T2228, 0"><temps name="use"><temp name="T2228"/></temps><temps name="def"><temp name="T2229"/></temps><temps name="in"><temp name="T2290"/><temp name="T2263"/><temp name="T2206"/><temp name="T28"/><temp name="T828"/><temp name="T2255"/><temp name="T2270"/><temp name="T2277"/><temp name="T2320"/><temp name="T2326"/><temp name="T2310"/><temp name="T2230"/><temp name="T2228"/><temp name="T2240"/><temp name="T2213"/><temp name="T2249"/><temp name="T2275"/><temp name="T2281"/><temp name="T2251"/><temp name="T2234"/><temp name="T2294"/><temp name="T2244"/><temp name="T2239"/><temp name="T2287"/><temp name="T2314"/></temps><temps name="out"><temp name="T2290"/><temp name="T2263"/><temp name="T2206"/><temp name="T28"/><temp name="T828"/><temp name="T2255"/><temp name="T2270"/><temp name="T2277"/><temp name="T2320"/><temp name="T2326"/><temp name="T2310"/><temp name="T2230"/><temp name="T2229"/><temp name="T2240"/><temp name="T2228"/><temp name="T2213"/><temp name="T2249"/><temp name="T2275"/><temp name="T2281"/><temp name="T2251"/><temp name="T2234"/><temp name="T2294"/><temp name="T2244"/><temp name="T2239"/><temp name="T2287"/><temp name="T2314"/></temps></instruction><instruction code="STO T2229, T828, 0"><temps name="use"><temp name="T2229"/><temp name="T828"/></temps><temps name="def"/><temps name="in"><temp name="T2290"/><temp name="T2263"/><temp name="T2206"/><temp name="T28"/><temp name="T828"/><temp name="T2255"/><temp name="T2270"/><temp name="T2277"/><temp name="T2320"/><temp name="T2326"/><temp name="T2310"/><temp name="T2230"/><temp name="T2229"/><temp name="T2240"/><temp name="T2228"/><temp name="T2213"/><temp name="T2249"/><temp name="T2275"/><temp name="T2281"/><temp name="T2251"/><temp name="T2234"/><temp name="T2294"/><temp name="T2244"/><temp name="T2239"/><temp name="T2287"/><temp name="T2314"/></temps><temps name="out"><temp name="T2290"/><temp name="T2263"/><temp name="T2206"/><temp name="T28"/><temp name="T2255"/><temp name="T2270"/><temp name="T2277"/><temp name="T2320"/><temp name="T2326"/><temp name="T2310"/><temp name="T2230"/><temp name="T2240"/><temp name="T2228"/><temp name="T2213"/><temp name="T2249"/><temp name="T2275"/><temp name="T2281"/><temp name="T2251"/><temp name="T2234"/><temp name="T2294"/><temp name="T2244"/><temp name="T2239"/><temp name="T2287"/><temp name="T2314"/></temps></instruction><instruction code="LDO T2231, T2230, 0"><temps name="use"><temp name="T2230"/></temps><temps name="def"><temp name="T2231"/></temps><temps name="in"><temp name="T2290"/><temp name="T2263"/><temp name="T2206"/><temp name="T28"/><temp name="T2255"/><temp name="T2270"/><temp name="T2277"/><temp name="T2320"/><temp name="T2326"/><temp name="T2310"/><temp name="T2230"/><temp name="T2240"/><temp name="T2228"/><temp name="T2213"/><temp name="T2249"/><temp name="T2275"/><temp name="T2281"/><temp name="T2251"/><temp name="T2234"/><temp name="T2294"/><temp name="T2244"/><temp name="T2239"/><temp name="T2287"/><temp name="T2314"/></temps><temps name="out"><temp name="T2290"/><temp name="T2231"/><temp name="T2263"/><temp name="T2206"/><temp name="T28"/><temp name="T2255"/><temp name="T2270"/><temp name="T2277"/><temp name="T2320"/><temp name="T2326"/><temp name="T2310"/><temp name="T2230"/><temp name="T2240"/><temp name="T2228"/><temp name="T2213"/><temp name="T2249"/><temp name="T2275"/><temp name="T2281"/><temp name="T2251"/><temp name="T2234"/><temp name="T2294"/><temp name="T2244"/><temp name="T2239"/><temp name="T2287"/><temp name="T2314"/></temps></instruction><instruction code="OR T829, T2231, 0"><temps name="use"><temp name="T2231"/></temps><temps name="def"><temp name="T829"/></temps><temps name="in"><temp name="T2290"/><temp name="T2231"/><temp name="T2263"/><temp name="T2206"/><temp name="T28"/><temp name="T2255"/><temp name="T2270"/><temp name="T2277"/><temp name="T2320"/><temp name="T2326"/><temp name="T2310"/><temp name="T2230"/><temp name="T2240"/><temp name="T2228"/><temp name="T2213"/><temp name="T2249"/><temp name="T2275"/><temp name="T2281"/><temp name="T2251"/><temp name="T2234"/><temp name="T2294"/><temp name="T2244"/><temp name="T2239"/><temp name="T2287"/><temp name="T2314"/></temps><temps name="out"><temp name="T2290"/><temp name="T2263"/><temp name="T2206"/><temp name="T28"/><temp name="T2255"/><temp name="T2270"/><temp name="T2277"/><temp name="T829"/><temp name="T2320"/><temp name="T2326"/><temp name="T2310"/><temp name="T2230"/><temp name="T2240"/><temp name="T2228"/><temp name="T2213"/><temp name="T2249"/><temp name="T2275"/><temp name="T2281"/><temp name="T2251"/><temp name="T2234"/><temp name="T2294"/><temp name="T2244"/><temp name="T2239"/><temp name="T2287"/><temp name="T2314"/></temps></instruction><instruction code="OR T830, T28, 0"><temps name="use"><temp name="T28"/></temps><temps name="def"><temp name="T830"/></temps><temps name="in"><temp name="T2290"/><temp name="T2263"/><temp name="T2206"/><temp name="T28"/><temp name="T2255"/><temp name="T2270"/><temp name="T2277"/><temp name="T829"/><temp name="T2320"/><temp name="T2326"/><temp name="T2310"/><temp name="T2230"/><temp name="T2240"/><temp name="T2228"/><temp name="T2213"/><temp name="T2249"/><temp name="T2275"/><temp name="T2281"/><temp name="T2251"/><temp name="T2234"/><temp name="T2294"/><temp name="T2244"/><temp name="T2239"/><temp name="T2287"/><temp name="T2314"/></temps><temps name="out"><temp name="T2290"/><temp name="T2263"/><temp name="T2206"/><temp name="T28"/><temp name="T2255"/><temp name="T2270"/><temp name="T2277"/><temp name="T829"/><temp name="T2320"/><temp name="T2326"/><temp name="T2310"/><temp name="T2230"/><temp name="T830"/><temp name="T2240"/><temp name="T2228"/><temp name="T2213"/><temp name="T2249"/><temp name="T2275"/><temp name="T2281"/><temp name="T2251"/><temp name="T2234"/><temp name="T2294"/><temp name="T2244"/><temp name="T2239"/><temp name="T2287"/><temp name="T2314"/></temps></instruction><instruction code="SETL  T2232, 8"><temps name="use"/><temps name="def"><temp name="T2232"/></temps><temps name="in"><temp name="T2290"/><temp name="T2263"/><temp name="T2206"/><temp name="T28"/><temp name="T2255"/><temp name="T2270"/><temp name="T2277"/><temp name="T829"/><temp name="T2320"/><temp name="T2326"/><temp name="T2310"/><temp name="T2230"/><temp name="T830"/><temp name="T2240"/><temp name="T2228"/><temp name="T2213"/><temp name="T2249"/><temp name="T2275"/><temp name="T2281"/><temp name="T2251"/><temp name="T2234"/><temp name="T2294"/><temp name="T2244"/><temp name="T2239"/><temp name="T2287"/><temp name="T2314"/></temps><temps name="out"><temp name="T2290"/><temp name="T2263"/><temp name="T2206"/><temp name="T28"/><temp name="T2255"/><temp name="T2270"/><temp name="T2277"/><temp name="T829"/><temp name="T2320"/><temp name="T2326"/><temp name="T2310"/><temp name="T2230"/><temp name="T830"/><temp name="T2240"/><temp name="T2228"/><temp name="T2213"/><temp name="T2249"/><temp name="T2275"/><temp name="T2281"/><temp name="T2251"/><temp name="T2234"/><temp name="T2294"/><temp name="T2244"/><temp name="T2239"/><temp name="T2287"/><temp name="T2314"/></temps></instruction><instruction code="INCML T2232, 0"><temps name="use"/><temps name="def"><temp name="T2232"/></temps><temps name="in"><temp name="T2290"/><temp name="T2263"/><temp name="T2206"/><temp name="T28"/><temp name="T2255"/><temp name="T2270"/><temp name="T2277"/><temp name="T829"/><temp name="T2320"/><temp name="T2326"/><temp name="T2310"/><temp name="T2230"/><temp name="T830"/><temp name="T2240"/><temp name="T2228"/><temp name="T2213"/><temp name="T2249"/><temp name="T2275"/><temp name="T2281"/><temp name="T2251"/><temp name="T2234"/><temp name="T2294"/><temp name="T2244"/><temp name="T2239"/><temp name="T2287"/><temp name="T2314"/></temps><temps name="out"><temp name="T2290"/><temp name="T2263"/><temp name="T2206"/><temp name="T28"/><temp name="T2255"/><temp name="T2270"/><temp name="T2277"/><temp name="T829"/><temp name="T2320"/><temp name="T2326"/><temp name="T2310"/><temp name="T2230"/><temp name="T830"/><temp name="T2240"/><temp name="T2228"/><temp name="T2213"/><temp name="T2249"/><temp name="T2275"/><temp name="T2281"/><temp name="T2251"/><temp name="T2234"/><temp name="T2294"/><temp name="T2244"/><temp name="T2239"/><temp name="T2287"/><temp name="T2314"/></temps></instruction><instruction code="INCMH T2232, 0"><temps name="use"/><temps name="def"><temp name="T2232"/></temps><temps name="in"><temp name="T2290"/><temp name="T2263"/><temp name="T2206"/><temp name="T28"/><temp name="T2255"/><temp name="T2270"/><temp name="T2277"/><temp name="T829"/><temp name="T2320"/><temp name="T2326"/><temp name="T2310"/><temp name="T2230"/><temp name="T830"/><temp name="T2240"/><temp name="T2228"/><temp name="T2213"/><temp name="T2249"/><temp name="T2275"/><temp name="T2281"/><temp name="T2251"/><temp name="T2234"/><temp name="T2294"/><temp name="T2244"/><temp name="T2239"/><temp name="T2287"/><temp name="T2314"/></temps><temps name="out"><temp name="T2290"/><temp name="T2263"/><temp name="T2206"/><temp name="T28"/><temp name="T2255"/><temp name="T2270"/><temp name="T2277"/><temp name="T829"/><temp name="T2320"/><temp name="T2326"/><temp name="T2310"/><temp name="T2230"/><temp name="T830"/><temp name="T2240"/><temp name="T2228"/><temp name="T2213"/><temp name="T2249"/><temp name="T2275"/><temp name="T2281"/><temp name="T2251"/><temp name="T2234"/><temp name="T2294"/><temp name="T2244"/><temp name="T2239"/><temp name="T2287"/><temp name="T2314"/></temps></instruction><instruction code="INCH  T2232, 0"><temps name="use"/><temps name="def"><temp name="T2232"/></temps><temps name="in"><temp name="T2290"/><temp name="T2263"/><temp name="T2206"/><temp name="T28"/><temp name="T2255"/><temp name="T2270"/><temp name="T2277"/><temp name="T829"/><temp name="T2320"/><temp name="T2326"/><temp name="T2310"/><temp name="T2230"/><temp name="T830"/><temp name="T2240"/><temp name="T2228"/><temp name="T2213"/><temp name="T2249"/><temp name="T2275"/><temp name="T2281"/><temp name="T2251"/><temp name="T2234"/><temp name="T2294"/><temp name="T2244"/><temp name="T2239"/><temp name="T2287"/><temp name="T2314"/></temps><temps name="out"><temp name="T2290"/><temp name="T2263"/><temp name="T2206"/><temp name="T28"/><temp name="T2255"/><temp name="T2270"/><temp name="T2277"/><temp name="T829"/><temp name="T2320"/><temp name="T2326"/><temp name="T2310"/><temp name="T2230"/><temp name="T830"/><temp name="T2240"/><temp name="T2228"/><temp name="T2213"/><temp name="T2249"/><temp name="T2275"/><temp name="T2281"/><temp name="T2251"/><temp name="T2234"/><temp name="T2294"/><temp name="T2232"/><temp name="T2244"/><temp name="T2239"/><temp name="T2287"/><temp name="T2314"/></temps></instruction><instruction code="OR T831, T2232, 0"><temps name="use"><temp name="T2232"/></temps><temps name="def"><temp name="T831"/></temps><temps name="in"><temp name="T2290"/><temp name="T2263"/><temp name="T2206"/><temp name="T28"/><temp name="T2255"/><temp name="T2270"/><temp name="T2277"/><temp name="T829"/><temp name="T2320"/><temp name="T2326"/><temp name="T2310"/><temp name="T2230"/><temp name="T830"/><temp name="T2240"/><temp name="T2228"/><temp name="T2213"/><temp name="T2249"/><temp name="T2275"/><temp name="T2281"/><temp name="T2251"/><temp name="T2234"/><temp name="T2294"/><temp name="T2232"/><temp name="T2244"/><temp name="T2239"/><temp name="T2287"/><temp name="T2314"/></temps><temps name="out"><temp name="T2290"/><temp name="T2263"/><temp name="T2206"/><temp name="T28"/><temp name="T2255"/><temp name="T2270"/><temp name="T2277"/><temp name="T829"/><temp name="T2320"/><temp name="T2326"/><temp name="T2310"/><temp name="T2230"/><temp name="T830"/><temp name="T2240"/><temp name="T2228"/><temp name="T2213"/><temp name="T2249"/><temp name="T2275"/><temp name="T2281"/><temp name="T2251"/><temp name="T2234"/><temp name="T2294"/><temp name="T2244"/><temp name="T2239"/><temp name="T2287"/><temp name="T831"/><temp name="T2314"/></temps></instruction><instruction code="ADD T2233, T830, T831"><temps name="use"><temp name="T830"/><temp name="T831"/></temps><temps name="def"><temp name="T2233"/></temps><temps name="in"><temp name="T2290"/><temp name="T2263"/><temp name="T2206"/><temp name="T28"/><temp name="T2255"/><temp name="T2270"/><temp name="T2277"/><temp name="T829"/><temp name="T2320"/><temp name="T2326"/><temp name="T2310"/><temp name="T2230"/><temp name="T830"/><temp name="T2240"/><temp name="T2228"/><temp name="T2213"/><temp name="T2249"/><temp name="T2275"/><temp name="T2281"/><temp name="T2251"/><temp name="T2234"/><temp name="T2294"/><temp name="T2244"/><temp name="T2239"/><temp name="T2287"/><temp name="T831"/><temp name="T2314"/></temps><temps name="out"><temp name="T2290"/><temp name="T2263"/><temp name="T2206"/><temp name="T28"/><temp name="T2255"/><temp name="T2233"/><temp name="T2270"/><temp name="T2277"/><temp name="T829"/><temp name="T2320"/><temp name="T2326"/><temp name="T2310"/><temp name="T2230"/><temp name="T2240"/><temp name="T2228"/><temp name="T2213"/><temp name="T2249"/><temp name="T2275"/><temp name="T2281"/><temp name="T2251"/><temp name="T2234"/><temp name="T2294"/><temp name="T2244"/><temp name="T2239"/><temp name="T2287"/><temp name="T2314"/></temps></instruction><instruction code="OR T832, T2233, 0"><temps name="use"><temp name="T2233"/></temps><temps name="def"><temp name="T832"/></temps><temps name="in"><temp name="T2290"/><temp name="T2263"/><temp name="T2206"/><temp name="T28"/><temp name="T2255"/><temp name="T2233"/><temp name="T2270"/><temp name="T2277"/><temp name="T829"/><temp name="T2320"/><temp name="T2326"/><temp name="T2310"/><temp name="T2230"/><temp name="T2240"/><temp name="T2228"/><temp name="T2213"/><temp name="T2249"/><temp name="T2275"/><temp name="T2281"/><temp name="T2251"/><temp name="T2234"/><temp name="T2294"/><temp name="T2244"/><temp name="T2239"/><temp name="T2287"/><temp name="T2314"/></temps><temps name="out"><temp name="T2290"/><temp name="T2263"/><temp name="T2206"/><temp name="T28"/><temp name="T2255"/><temp name="T2270"/><temp name="T2277"/><temp name="T829"/><temp name="T2320"/><temp name="T2326"/><temp name="T2310"/><temp name="T2230"/><temp name="T2240"/><temp name="T2228"/><temp name="T2213"/><temp name="T2249"/><temp name="T2275"/><temp name="T2281"/><temp name="T2251"/><temp name="T2234"/><temp name="T2294"/><temp name="T2244"/><temp name="T2239"/><temp name="T2287"/><temp name="T2314"/></temps></instruction><instruction code="LDO T2235, T2234, 0"><temps name="use"><temp name="T2234"/></temps><temps name="def"><temp name="T2235"/></temps><temps name="in"><temp name="T2290"/><temp name="T2263"/><temp name="T2206"/><temp name="T28"/><temp name="T2255"/><temp name="T2270"/><temp name="T2277"/><temp name="T829"/><temp name="T2320"/><temp name="T2326"/><temp name="T2310"/><temp name="T2230"/><temp name="T2240"/><temp name="T2228"/><temp name="T2213"/><temp name="T2249"/><temp name="T2275"/><temp name="T2281"/><temp name="T2251"/><temp name="T2234"/><temp name="T2294"/><temp name="T2244"/><temp name="T2239"/><temp name="T2287"/><temp name="T2314"/></temps><temps name="out"><temp name="T2290"/><temp name="T2263"/><temp name="T2206"/><temp name="T28"/><temp name="T2255"/><temp name="T2235"/><temp name="T2270"/><temp name="T2277"/><temp name="T829"/><temp name="T2320"/><temp name="T2326"/><temp name="T2310"/><temp name="T2230"/><temp name="T2240"/><temp name="T2228"/><temp name="T2213"/><temp name="T2249"/><temp name="T2275"/><temp name="T2281"/><temp name="T2251"/><temp name="T2234"/><temp name="T2294"/><temp name="T2244"/><temp name="T2239"/><temp name="T2287"/><temp name="T2314"/></temps></instruction><instruction code="OR T833, T2235, 0"><temps name="use"><temp name="T2235"/></temps><temps name="def"><temp name="T833"/></temps><temps name="in"><temp name="T2290"/><temp name="T2263"/><temp name="T2206"/><temp name="T28"/><temp name="T2255"/><temp name="T2235"/><temp name="T2270"/><temp name="T2277"/><temp name="T829"/><temp name="T2320"/><temp name="T2326"/><temp name="T2310"/><temp name="T2230"/><temp name="T2240"/><temp name="T2228"/><temp name="T2213"/><temp name="T2249"/><temp name="T2275"/><temp name="T2281"/><temp name="T2251"/><temp name="T2234"/><temp name="T2294"/><temp name="T2244"/><temp name="T2239"/><temp name="T2287"/><temp name="T2314"/></temps><temps name="out"><temp name="T833"/><temp name="T2290"/><temp name="T2263"/><temp name="T2206"/><temp name="T28"/><temp name="T2255"/><temp name="T2270"/><temp name="T2277"/><temp name="T829"/><temp name="T2320"/><temp name="T2326"/><temp name="T2310"/><temp name="T2230"/><temp name="T2240"/><temp name="T2228"/><temp name="T2213"/><temp name="T2249"/><temp name="T2275"/><temp name="T2281"/><temp name="T2251"/><temp name="T2234"/><temp name="T2294"/><temp name="T2244"/><temp name="T2239"/><temp name="T2287"/><temp name="T2314"/></temps></instruction><instruction code="SETL  T2236, 9"><temps name="use"/><temps name="def"><temp name="T2236"/></temps><temps name="in"><temp name="T833"/><temp name="T2290"/><temp name="T2263"/><temp name="T2206"/><temp name="T28"/><temp name="T2255"/><temp name="T2270"/><temp name="T2277"/><temp name="T829"/><temp name="T2320"/><temp name="T2326"/><temp name="T2310"/><temp name="T2230"/><temp name="T2240"/><temp name="T2228"/><temp name="T2213"/><temp name="T2249"/><temp name="T2275"/><temp name="T2281"/><temp name="T2251"/><temp name="T2234"/><temp name="T2294"/><temp name="T2244"/><temp name="T2239"/><temp name="T2287"/><temp name="T2314"/></temps><temps name="out"><temp name="T833"/><temp name="T2290"/><temp name="T2263"/><temp name="T2206"/><temp name="T28"/><temp name="T2255"/><temp name="T2270"/><temp name="T2277"/><temp name="T829"/><temp name="T2320"/><temp name="T2326"/><temp name="T2310"/><temp name="T2230"/><temp name="T2240"/><temp name="T2228"/><temp name="T2213"/><temp name="T2249"/><temp name="T2275"/><temp name="T2281"/><temp name="T2251"/><temp name="T2234"/><temp name="T2294"/><temp name="T2244"/><temp name="T2239"/><temp name="T2287"/><temp name="T2314"/></temps></instruction><instruction code="INCML T2236, 0"><temps name="use"/><temps name="def"><temp name="T2236"/></temps><temps name="in"><temp name="T833"/><temp name="T2290"/><temp name="T2263"/><temp name="T2206"/><temp name="T28"/><temp name="T2255"/><temp name="T2270"/><temp name="T2277"/><temp name="T829"/><temp name="T2320"/><temp name="T2326"/><temp name="T2310"/><temp name="T2230"/><temp name="T2240"/><temp name="T2228"/><temp name="T2213"/><temp name="T2249"/><temp name="T2275"/><temp name="T2281"/><temp name="T2251"/><temp name="T2234"/><temp name="T2294"/><temp name="T2244"/><temp name="T2239"/><temp name="T2287"/><temp name="T2314"/></temps><temps name="out"><temp name="T833"/><temp name="T2290"/><temp name="T2263"/><temp name="T2206"/><temp name="T28"/><temp name="T2255"/><temp name="T2270"/><temp name="T2277"/><temp name="T829"/><temp name="T2320"/><temp name="T2326"/><temp name="T2310"/><temp name="T2230"/><temp name="T2240"/><temp name="T2228"/><temp name="T2213"/><temp name="T2249"/><temp name="T2275"/><temp name="T2281"/><temp name="T2251"/><temp name="T2234"/><temp name="T2294"/><temp name="T2244"/><temp name="T2239"/><temp name="T2287"/><temp name="T2314"/></temps></instruction><instruction code="INCMH T2236, 0"><temps name="use"/><temps name="def"><temp name="T2236"/></temps><temps name="in"><temp name="T833"/><temp name="T2290"/><temp name="T2263"/><temp name="T2206"/><temp name="T28"/><temp name="T2255"/><temp name="T2270"/><temp name="T2277"/><temp name="T829"/><temp name="T2320"/><temp name="T2326"/><temp name="T2310"/><temp name="T2230"/><temp name="T2240"/><temp name="T2228"/><temp name="T2213"/><temp name="T2249"/><temp name="T2275"/><temp name="T2281"/><temp name="T2251"/><temp name="T2234"/><temp name="T2294"/><temp name="T2244"/><temp name="T2239"/><temp name="T2287"/><temp name="T2314"/></temps><temps name="out"><temp name="T833"/><temp name="T2290"/><temp name="T2263"/><temp name="T2206"/><temp name="T28"/><temp name="T2255"/><temp name="T2270"/><temp name="T2277"/><temp name="T829"/><temp name="T2320"/><temp name="T2326"/><temp name="T2310"/><temp name="T2230"/><temp name="T2240"/><temp name="T2228"/><temp name="T2213"/><temp name="T2249"/><temp name="T2275"/><temp name="T2281"/><temp name="T2251"/><temp name="T2234"/><temp name="T2294"/><temp name="T2244"/><temp name="T2239"/><temp name="T2287"/><temp name="T2314"/></temps></instruction><instruction code="INCH  T2236, 0"><temps name="use"/><temps name="def"><temp name="T2236"/></temps><temps name="in"><temp name="T833"/><temp name="T2290"/><temp name="T2263"/><temp name="T2206"/><temp name="T28"/><temp name="T2255"/><temp name="T2270"/><temp name="T2277"/><temp name="T829"/><temp name="T2320"/><temp name="T2326"/><temp name="T2310"/><temp name="T2230"/><temp name="T2240"/><temp name="T2228"/><temp name="T2213"/><temp name="T2249"/><temp name="T2275"/><temp name="T2281"/><temp name="T2251"/><temp name="T2234"/><temp name="T2294"/><temp name="T2244"/><temp name="T2239"/><temp name="T2287"/><temp name="T2314"/></temps><temps name="out"><temp name="T833"/><temp name="T2290"/><temp name="T2263"/><temp name="T2206"/><temp name="T28"/><temp name="T2255"/><temp name="T2270"/><temp name="T2277"/><temp name="T829"/><temp name="T2320"/><temp name="T2326"/><temp name="T2310"/><temp name="T2230"/><temp name="T2240"/><temp name="T2228"/><temp name="T2236"/><temp name="T2213"/><temp name="T2249"/><temp name="T2275"/><temp name="T2281"/><temp name="T2251"/><temp name="T2234"/><temp name="T2294"/><temp name="T2244"/><temp name="T2239"/><temp name="T2287"/><temp name="T2314"/></temps></instruction><instruction code="OR T834, T2236, 0"><temps name="use"><temp name="T2236"/></temps><temps name="def"><temp name="T834"/></temps><temps name="in"><temp name="T833"/><temp name="T2290"/><temp name="T2263"/><temp name="T2206"/><temp name="T28"/><temp name="T2255"/><temp name="T2270"/><temp name="T2277"/><temp name="T829"/><temp name="T2320"/><temp name="T2326"/><temp name="T2310"/><temp name="T2230"/><temp name="T2240"/><temp name="T2228"/><temp name="T2236"/><temp name="T2213"/><temp name="T2249"/><temp name="T2275"/><temp name="T2281"/><temp name="T2251"/><temp name="T2234"/><temp name="T2294"/><temp name="T2244"/><temp name="T2239"/><temp name="T2287"/><temp name="T2314"/></temps><temps name="out"><temp name="T833"/><temp name="T2290"/><temp name="T2263"/><temp name="T2206"/><temp name="T28"/><temp name="T2255"/><temp name="T2270"/><temp name="T2277"/><temp name="T829"/><temp name="T2320"/><temp name="T2326"/><temp name="T834"/><temp name="T2310"/><temp name="T2230"/><temp name="T2240"/><temp name="T2228"/><temp name="T2213"/><temp name="T2249"/><temp name="T2275"/><temp name="T2281"/><temp name="T2251"/><temp name="T2234"/><temp name="T2294"/><temp name="T2244"/><temp name="T2239"/><temp name="T2287"/><temp name="T2314"/></temps></instruction><instruction code="DIV T2237, T833, T834"><temps name="use"><temp name="T833"/><temp name="T834"/></temps><temps name="def"><temp name="T2237"/></temps><temps name="in"><temp name="T833"/><temp name="T2290"/><temp name="T2263"/><temp name="T2206"/><temp name="T28"/><temp name="T2255"/><temp name="T2270"/><temp name="T2277"/><temp name="T829"/><temp name="T2320"/><temp name="T2326"/><temp name="T834"/><temp name="T2310"/><temp name="T2230"/><temp name="T2240"/><temp name="T2228"/><temp name="T2213"/><temp name="T2249"/><temp name="T2275"/><temp name="T2281"/><temp name="T2251"/><temp name="T2234"/><temp name="T2294"/><temp name="T2244"/><temp name="T2239"/><temp name="T2287"/><temp name="T2314"/></temps><temps name="out"><temp name="T2290"/><temp name="T2263"/><temp name="T2206"/><temp name="T28"/><temp name="T2255"/><temp name="T2270"/><temp name="T2237"/><temp name="T2277"/><temp name="T829"/><temp name="T2320"/><temp name="T2326"/><temp name="T2310"/><temp name="T2230"/><temp name="T2240"/><temp name="T2228"/><temp name="T2213"/><temp name="T2249"/><temp name="T2275"/><temp name="T2281"/><temp name="T2251"/><temp name="T2234"/><temp name="T2294"/><temp name="T2244"/><temp name="T2239"/><temp name="T2287"/><temp name="T2314"/></temps></instruction><instruction code="OR T835, T2237, 0"><temps name="use"><temp name="T2237"/></temps><temps name="def"><temp name="T835"/></temps><temps name="in"><temp name="T2290"/><temp name="T2263"/><temp name="T2206"/><temp name="T28"/><temp name="T2255"/><temp name="T2270"/><temp name="T2237"/><temp name="T2277"/><temp name="T829"/><temp name="T2320"/><temp name="T2326"/><temp name="T2310"/><temp name="T2230"/><temp name="T2240"/><temp name="T2228"/><temp name="T2213"/><temp name="T2249"/><temp name="T2275"/><temp name="T2281"/><temp name="T2251"/><temp name="T2234"/><temp name="T2294"/><temp name="T2244"/><temp name="T2239"/><temp name="T2287"/><temp name="T2314"/></temps><temps name="out"><temp name="T2290"/><temp name="T2263"/><temp name="T2206"/><temp name="T28"/><temp name="T2255"/><temp name="T835"/><temp name="T2270"/><temp name="T2277"/><temp name="T829"/><temp name="T2320"/><temp name="T2326"/><temp name="T2310"/><temp name="T2230"/><temp name="T2240"/><temp name="T2228"/><temp name="T2213"/><temp name="T2249"/><temp name="T2275"/><temp name="T2281"/><temp name="T2251"/><temp name="T2234"/><temp name="T2294"/><temp name="T2244"/><temp name="T2239"/><temp name="T2287"/><temp name="T2314"/></temps></instruction><instruction code="STO T829, $254, 8"><temps name="use"><temp name="T829"/></temps><temps name="def"/><temps name="in"><temp name="T2290"/><temp name="T2263"/><temp name="T2206"/><temp name="T28"/><temp name="T2255"/><temp name="T835"/><temp name="T2270"/><temp name="T2277"/><temp name="T829"/><temp name="T2320"/><temp name="T2326"/><temp name="T2310"/><temp name="T2230"/><temp name="T2240"/><temp name="T2228"/><temp name="T2213"/><temp name="T2249"/><temp name="T2275"/><temp name="T2281"/><temp name="T2251"/><temp name="T2234"/><temp name="T2294"/><temp name="T2244"/><temp name="T2239"/><temp name="T2287"/><temp name="T2314"/></temps><temps name="out"><temp name="T2290"/><temp name="T2263"/><temp name="T2206"/><temp name="T28"/><temp name="T2255"/><temp name="T835"/><temp name="T2270"/><temp name="T2277"/><temp name="T2320"/><temp name="T2326"/><temp name="T2310"/><temp name="T2230"/><temp name="T2240"/><temp name="T2228"/><temp name="T2213"/><temp name="T2249"/><temp name="T2275"/><temp name="T2281"/><temp name="T2251"/><temp name="T2234"/><temp name="T2294"/><temp name="T2244"/><temp name="T2239"/><temp name="T2287"/><temp name="T2314"/></temps></instruction><instruction code="STO T835, $254, 16"><temps name="use"><temp name="T835"/></temps><temps name="def"/><temps name="in"><temp name="T2290"/><temp name="T2263"/><temp name="T2206"/><temp name="T28"/><temp name="T2255"/><temp name="T835"/><temp name="T2270"/><temp name="T2277"/><temp name="T2320"/><temp name="T2326"/><temp name="T2310"/><temp name="T2230"/><temp name="T2240"/><temp name="T2228"/><temp name="T2213"/><temp name="T2249"/><temp name="T2275"/><temp name="T2281"/><temp name="T2251"/><temp name="T2234"/><temp name="T2294"/><temp name="T2244"/><temp name="T2239"/><temp name="T2287"/><temp name="T2314"/></temps><temps name="out"><temp name="T2290"/><temp name="T2263"/><temp name="T2206"/><temp name="T28"/><temp name="T2255"/><temp name="T2270"/><temp name="T2277"/><temp name="T2320"/><temp name="T2326"/><temp name="T2310"/><temp name="T2230"/><temp name="T2240"/><temp name="T2228"/><temp name="T2213"/><temp name="T2249"/><temp name="T2275"/><temp name="T2281"/><temp name="T2251"/><temp name="T2234"/><temp name="T2294"/><temp name="T2244"/><temp name="T2239"/><temp name="T2287"/><temp name="T2314"/></temps></instruction><instruction code="LDA T2238, L1"><temps name="use"/><temps name="def"><temp name="T2238"/></temps><temps name="in"><temp name="T2290"/><temp name="T2263"/><temp name="T2206"/><temp name="T28"/><temp name="T2255"/><temp name="T2270"/><temp name="T2277"/><temp name="T2320"/><temp name="T2326"/><temp name="T2310"/><temp name="T2230"/><temp name="T2240"/><temp name="T2228"/><temp name="T2213"/><temp name="T2249"/><temp name="T2275"/><temp name="T2281"/><temp name="T2251"/><temp name="T2234"/><temp name="T2294"/><temp name="T2244"/><temp name="T2239"/><temp name="T2287"/><temp name="T2314"/></temps><temps name="out"><temp name="T2290"/><temp name="T2263"/><temp name="T2206"/><temp name="T28"/><temp name="T2238"/><temp name="T2255"/><temp name="T2270"/><temp name="T2277"/><temp name="T2320"/><temp name="T2326"/><temp name="T2310"/><temp name="T2230"/><temp name="T2240"/><temp name="T2228"/><temp name="T2213"/><temp name="T2249"/><temp name="T2275"/><temp name="T2281"/><temp name="T2251"/><temp name="T2234"/><temp name="T2294"/><temp name="T2244"/><temp name="T2239"/><temp name="T2287"/><temp name="T2314"/></temps></instruction><instruction code="PUSHJ $15, T2238, 0"><temps name="use"><temp name="T2238"/></temps><temps name="def"/><temps name="in"><temp name="T2290"/><temp name="T2263"/><temp name="T2206"/><temp name="T28"/><temp name="T2238"/><temp name="T2255"/><temp name="T2270"/><temp name="T2277"/><temp name="T2320"/><temp name="T2326"/><temp name="T2310"/><temp name="T2230"/><temp name="T2240"/><temp name="T2228"/><temp name="T2213"/><temp name="T2249"/><temp name="T2275"/><temp name="T2281"/><temp name="T2251"/><temp name="T2234"/><temp name="T2294"/><temp name="T2244"/><temp name="T2239"/><temp name="T2287"/><temp name="T2314"/></temps><temps name="out"><temp name="T2290"/><temp name="T2263"/><temp name="T2206"/><temp name="T28"/><temp name="T2255"/><temp name="T2270"/><temp name="T2277"/><temp name="T2320"/><temp name="T2326"/><temp name="T2310"/><temp name="T2230"/><temp name="T2240"/><temp name="T2228"/><temp name="T2213"/><temp name="T2249"/><temp name="T2275"/><temp name="T2281"/><temp name="T2251"/><temp name="T2234"/><temp name="T2294"/><temp name="T2244"/><temp name="T2239"/><temp name="T2287"/><temp name="T2314"/></temps></instruction><instruction code="OR T836, T2239, 0"><temps name="use"><temp name="T2239"/></temps><temps name="def"><temp name="T836"/></temps><temps name="in"><temp name="T2290"/><temp name="T2263"/><temp name="T2206"/><temp name="T28"/><temp name="T2255"/><temp name="T2270"/><temp name="T2277"/><temp name="T2320"/><temp name="T2326"/><temp name="T2310"/><temp name="T2230"/><temp name="T2240"/><temp name="T2228"/><temp name="T2213"/><temp name="T2249"/><temp name="T2275"/><temp name="T2281"/><temp name="T2251"/><temp name="T2234"/><temp name="T2294"/><temp name="T2244"/><temp name="T2239"/><temp name="T2287"/><temp name="T2314"/></temps><temps name="out"><temp name="T2290"/><temp name="T2263"/><temp name="T2206"/><temp name="T28"/><temp name="T2255"/><temp name="T836"/><temp name="T2270"/><temp name="T2277"/><temp name="T2320"/><temp name="T2326"/><temp name="T2310"/><temp name="T2230"/><temp name="T2240"/><temp name="T2228"/><temp name="T2213"/><temp name="T2249"/><temp name="T2275"/><temp name="T2281"/><temp name="T2251"/><temp name="T2234"/><temp name="T2294"/><temp name="T2244"/><temp name="T2287"/><temp name="T2239"/><temp name="T2314"/></temps></instruction><instruction code="LDO T2241, T2240, 0"><temps name="use"><temp name="T2240"/></temps><temps name="def"><temp name="T2241"/></temps><temps name="in"><temp name="T2290"/><temp name="T2263"/><temp name="T2206"/><temp name="T28"/><temp name="T2255"/><temp name="T836"/><temp name="T2270"/><temp name="T2277"/><temp name="T2320"/><temp name="T2326"/><temp name="T2310"/><temp name="T2230"/><temp name="T2240"/><temp name="T2228"/><temp name="T2213"/><temp name="T2249"/><temp name="T2275"/><temp name="T2281"/><temp name="T2251"/><temp name="T2234"/><temp name="T2294"/><temp name="T2244"/><temp name="T2287"/><temp name="T2239"/><temp name="T2314"/></temps><temps name="out"><temp name="T2290"/><temp name="T2263"/><temp name="T2206"/><temp name="T28"/><temp name="T2255"/><temp name="T836"/><temp name="T2270"/><temp name="T2277"/><temp name="T2320"/><temp name="T2326"/><temp name="T2241"/><temp name="T2310"/><temp name="T2230"/><temp name="T2228"/><temp name="T2240"/><temp name="T2213"/><temp name="T2249"/><temp name="T2275"/><temp name="T2281"/><temp name="T2251"/><temp name="T2234"/><temp name="T2294"/><temp name="T2244"/><temp name="T2287"/><temp name="T2239"/><temp name="T2314"/></temps></instruction><instruction code="OR T837, T2241, 0"><temps name="use"><temp name="T2241"/></temps><temps name="def"><temp name="T837"/></temps><temps name="in"><temp name="T2290"/><temp name="T2263"/><temp name="T2206"/><temp name="T28"/><temp name="T2255"/><temp name="T836"/><temp name="T2270"/><temp name="T2277"/><temp name="T2320"/><temp name="T2326"/><temp name="T2241"/><temp name="T2310"/><temp name="T2230"/><temp name="T2228"/><temp name="T2240"/><temp name="T2213"/><temp name="T2249"/><temp name="T2275"/><temp name="T2281"/><temp name="T2251"/><temp name="T2234"/><temp name="T2294"/><temp name="T2244"/><temp name="T2287"/><temp name="T2239"/><temp name="T2314"/></temps><temps name="out"><temp name="T2290"/><temp name="T2263"/><temp name="T837"/><temp name="T2206"/><temp name="T28"/><temp name="T2255"/><temp name="T836"/><temp name="T2270"/><temp name="T2277"/><temp name="T2320"/><temp name="T2326"/><temp name="T2310"/><temp name="T2230"/><temp name="T2228"/><temp name="T2240"/><temp name="T2213"/><temp name="T2249"/><temp name="T2275"/><temp name="T2281"/><temp name="T2251"/><temp name="T2234"/><temp name="T2294"/><temp name="T2244"/><temp name="T2287"/><temp name="T2239"/><temp name="T2314"/></temps></instruction><instruction code="OR T838, T28, 0"><temps name="use"><temp name="T28"/></temps><temps name="def"><temp name="T838"/></temps><temps name="in"><temp name="T2290"/><temp name="T2263"/><temp name="T837"/><temp name="T2206"/><temp name="T28"/><temp name="T2255"/><temp name="T836"/><temp name="T2270"/><temp name="T2277"/><temp name="T2320"/><temp name="T2326"/><temp name="T2310"/><temp name="T2230"/><temp name="T2228"/><temp name="T2240"/><temp name="T2213"/><temp name="T2249"/><temp name="T2275"/><temp name="T2281"/><temp name="T2251"/><temp name="T2234"/><temp name="T2294"/><temp name="T2244"/><temp name="T2287"/><temp name="T2239"/><temp name="T2314"/></temps><temps name="out"><temp name="T2290"/><temp name="T2263"/><temp name="T837"/><temp name="T2206"/><temp name="T28"/><temp name="T2255"/><temp name="T836"/><temp name="T838"/><temp name="T2270"/><temp name="T2277"/><temp name="T2320"/><temp name="T2326"/><temp name="T2310"/><temp name="T2230"/><temp name="T2228"/><temp name="T2240"/><temp name="T2213"/><temp name="T2249"/><temp name="T2275"/><temp name="T2281"/><temp name="T2251"/><temp name="T2234"/><temp name="T2294"/><temp name="T2244"/><temp name="T2287"/><temp name="T2239"/><temp name="T2314"/></temps></instruction><instruction code="SETL  T2242, 8"><temps name="use"/><temps name="def"><temp name="T2242"/></temps><temps name="in"><temp name="T2290"/><temp name="T2263"/><temp name="T837"/><temp name="T2206"/><temp name="T28"/><temp name="T2255"/><temp name="T836"/><temp name="T838"/><temp name="T2270"/><temp name="T2277"/><temp name="T2320"/><temp name="T2326"/><temp name="T2310"/><temp name="T2230"/><temp name="T2228"/><temp name="T2240"/><temp name="T2213"/><temp name="T2249"/><temp name="T2275"/><temp name="T2281"/><temp name="T2251"/><temp name="T2234"/><temp name="T2294"/><temp name="T2244"/><temp name="T2287"/><temp name="T2239"/><temp name="T2314"/></temps><temps name="out"><temp name="T2290"/><temp name="T2263"/><temp name="T837"/><temp name="T2206"/><temp name="T28"/><temp name="T2255"/><temp name="T836"/><temp name="T838"/><temp name="T2270"/><temp name="T2277"/><temp name="T2320"/><temp name="T2326"/><temp name="T2310"/><temp name="T2230"/><temp name="T2228"/><temp name="T2240"/><temp name="T2213"/><temp name="T2249"/><temp name="T2275"/><temp name="T2281"/><temp name="T2251"/><temp name="T2234"/><temp name="T2294"/><temp name="T2244"/><temp name="T2287"/><temp name="T2239"/><temp name="T2314"/></temps></instruction><instruction code="INCML T2242, 0"><temps name="use"/><temps name="def"><temp name="T2242"/></temps><temps name="in"><temp name="T2290"/><temp name="T2263"/><temp name="T837"/><temp name="T2206"/><temp name="T28"/><temp name="T2255"/><temp name="T836"/><temp name="T838"/><temp name="T2270"/><temp name="T2277"/><temp name="T2320"/><temp name="T2326"/><temp name="T2310"/><temp name="T2230"/><temp name="T2228"/><temp name="T2240"/><temp name="T2213"/><temp name="T2249"/><temp name="T2275"/><temp name="T2281"/><temp name="T2251"/><temp name="T2234"/><temp name="T2294"/><temp name="T2244"/><temp name="T2287"/><temp name="T2239"/><temp name="T2314"/></temps><temps name="out"><temp name="T2290"/><temp name="T2263"/><temp name="T837"/><temp name="T2206"/><temp name="T28"/><temp name="T2255"/><temp name="T836"/><temp name="T838"/><temp name="T2270"/><temp name="T2277"/><temp name="T2320"/><temp name="T2326"/><temp name="T2310"/><temp name="T2230"/><temp name="T2228"/><temp name="T2240"/><temp name="T2213"/><temp name="T2249"/><temp name="T2275"/><temp name="T2281"/><temp name="T2251"/><temp name="T2234"/><temp name="T2294"/><temp name="T2244"/><temp name="T2287"/><temp name="T2239"/><temp name="T2314"/></temps></instruction><instruction code="INCMH T2242, 0"><temps name="use"/><temps name="def"><temp name="T2242"/></temps><temps name="in"><temp name="T2290"/><temp name="T2263"/><temp name="T837"/><temp name="T2206"/><temp name="T28"/><temp name="T2255"/><temp name="T836"/><temp name="T838"/><temp name="T2270"/><temp name="T2277"/><temp name="T2320"/><temp name="T2326"/><temp name="T2310"/><temp name="T2230"/><temp name="T2228"/><temp name="T2240"/><temp name="T2213"/><temp name="T2249"/><temp name="T2275"/><temp name="T2281"/><temp name="T2251"/><temp name="T2234"/><temp name="T2294"/><temp name="T2244"/><temp name="T2287"/><temp name="T2239"/><temp name="T2314"/></temps><temps name="out"><temp name="T2290"/><temp name="T2263"/><temp name="T837"/><temp name="T2206"/><temp name="T28"/><temp name="T2255"/><temp name="T836"/><temp name="T838"/><temp name="T2270"/><temp name="T2277"/><temp name="T2320"/><temp name="T2326"/><temp name="T2310"/><temp name="T2230"/><temp name="T2228"/><temp name="T2240"/><temp name="T2213"/><temp name="T2249"/><temp name="T2275"/><temp name="T2281"/><temp name="T2251"/><temp name="T2234"/><temp name="T2294"/><temp name="T2244"/><temp name="T2287"/><temp name="T2239"/><temp name="T2314"/></temps></instruction><instruction code="INCH  T2242, 0"><temps name="use"/><temps name="def"><temp name="T2242"/></temps><temps name="in"><temp name="T2290"/><temp name="T2263"/><temp name="T837"/><temp name="T2206"/><temp name="T28"/><temp name="T2255"/><temp name="T836"/><temp name="T838"/><temp name="T2270"/><temp name="T2277"/><temp name="T2320"/><temp name="T2326"/><temp name="T2310"/><temp name="T2230"/><temp name="T2228"/><temp name="T2240"/><temp name="T2213"/><temp name="T2249"/><temp name="T2275"/><temp name="T2281"/><temp name="T2251"/><temp name="T2234"/><temp name="T2294"/><temp name="T2244"/><temp name="T2287"/><temp name="T2239"/><temp name="T2314"/></temps><temps name="out"><temp name="T2290"/><temp name="T2263"/><temp name="T837"/><temp name="T2206"/><temp name="T28"/><temp name="T2255"/><temp name="T836"/><temp name="T838"/><temp name="T2270"/><temp name="T2277"/><temp name="T2320"/><temp name="T2326"/><temp name="T2310"/><temp name="T2230"/><temp name="T2228"/><temp name="T2240"/><temp name="T2242"/><temp name="T2213"/><temp name="T2249"/><temp name="T2275"/><temp name="T2281"/><temp name="T2251"/><temp name="T2234"/><temp name="T2294"/><temp name="T2244"/><temp name="T2287"/><temp name="T2239"/><temp name="T2314"/></temps></instruction><instruction code="OR T839, T2242, 0"><temps name="use"><temp name="T2242"/></temps><temps name="def"><temp name="T839"/></temps><temps name="in"><temp name="T2290"/><temp name="T2263"/><temp name="T837"/><temp name="T2206"/><temp name="T28"/><temp name="T2255"/><temp name="T836"/><temp name="T838"/><temp name="T2270"/><temp name="T2277"/><temp name="T2320"/><temp name="T2326"/><temp name="T2310"/><temp name="T2230"/><temp name="T2228"/><temp name="T2240"/><temp name="T2242"/><temp name="T2213"/><temp name="T2249"/><temp name="T2275"/><temp name="T2281"/><temp name="T2251"/><temp name="T2234"/><temp name="T2294"/><temp name="T2244"/><temp name="T2287"/><temp name="T2239"/><temp name="T2314"/></temps><temps name="out"><temp name="T2290"/><temp name="T2263"/><temp name="T837"/><temp name="T2206"/><temp name="T28"/><temp name="T2255"/><temp name="T836"/><temp name="T838"/><temp name="T2270"/><temp name="T839"/><temp name="T2277"/><temp name="T2320"/><temp name="T2326"/><temp name="T2310"/><temp name="T2230"/><temp name="T2228"/><temp name="T2240"/><temp name="T2213"/><temp name="T2249"/><temp name="T2275"/><temp name="T2281"/><temp name="T2251"/><temp name="T2234"/><temp name="T2294"/><temp name="T2244"/><temp name="T2287"/><temp name="T2239"/><temp name="T2314"/></temps></instruction><instruction code="ADD T2243, T838, T839"><temps name="use"><temp name="T838"/><temp name="T839"/></temps><temps name="def"><temp name="T2243"/></temps><temps name="in"><temp name="T2290"/><temp name="T2263"/><temp name="T837"/><temp name="T2206"/><temp name="T28"/><temp name="T2255"/><temp name="T836"/><temp name="T838"/><temp name="T2270"/><temp name="T839"/><temp name="T2277"/><temp name="T2320"/><temp name="T2326"/><temp name="T2310"/><temp name="T2230"/><temp name="T2228"/><temp name="T2240"/><temp name="T2213"/><temp name="T2249"/><temp name="T2275"/><temp name="T2281"/><temp name="T2251"/><temp name="T2234"/><temp name="T2294"/><temp name="T2244"/><temp name="T2287"/><temp name="T2239"/><temp name="T2314"/></temps><temps name="out"><temp name="T2290"/><temp name="T2263"/><temp name="T837"/><temp name="T2206"/><temp name="T28"/><temp name="T2255"/><temp name="T836"/><temp name="T2270"/><temp name="T2277"/><temp name="T2320"/><temp name="T2326"/><temp name="T2310"/><temp name="T2230"/><temp name="T2228"/><temp name="T2240"/><temp name="T2213"/><temp name="T2249"/><temp name="T2275"/><temp name="T2281"/><temp name="T2251"/><temp name="T2234"/><temp name="T2294"/><temp name="T2244"/><temp name="T2287"/><temp name="T2239"/><temp name="T2243"/><temp name="T2314"/></temps></instruction><instruction code="OR T840, T2243, 0"><temps name="use"><temp name="T2243"/></temps><temps name="def"><temp name="T840"/></temps><temps name="in"><temp name="T2290"/><temp name="T2263"/><temp name="T837"/><temp name="T2206"/><temp name="T28"/><temp name="T2255"/><temp name="T836"/><temp name="T2270"/><temp name="T2277"/><temp name="T2320"/><temp name="T2326"/><temp name="T2310"/><temp name="T2230"/><temp name="T2228"/><temp name="T2240"/><temp name="T2213"/><temp name="T2249"/><temp name="T2275"/><temp name="T2281"/><temp name="T2251"/><temp name="T2234"/><temp name="T2294"/><temp name="T2244"/><temp name="T2287"/><temp name="T2239"/><temp name="T2243"/><temp name="T2314"/></temps><temps name="out"><temp name="T2290"/><temp name="T2263"/><temp name="T837"/><temp name="T2206"/><temp name="T28"/><temp name="T2255"/><temp name="T836"/><temp name="T2270"/><temp name="T2277"/><temp name="T2320"/><temp name="T2326"/><temp name="T2310"/><temp name="T2230"/><temp name="T2228"/><temp name="T2240"/><temp name="T2213"/><temp name="T2249"/><temp name="T2275"/><temp name="T2281"/><temp name="T2251"/><temp name="T2234"/><temp name="T2294"/><temp name="T2244"/><temp name="T2287"/><temp name="T2239"/><temp name="T2314"/></temps></instruction><instruction code="LDO T2245, T2244, 0"><temps name="use"><temp name="T2244"/></temps><temps name="def"><temp name="T2245"/></temps><temps name="in"><temp name="T2290"/><temp name="T2263"/><temp name="T837"/><temp name="T2206"/><temp name="T28"/><temp name="T2255"/><temp name="T836"/><temp name="T2270"/><temp name="T2277"/><temp name="T2320"/><temp name="T2326"/><temp name="T2310"/><temp name="T2230"/><temp name="T2228"/><temp name="T2240"/><temp name="T2213"/><temp name="T2249"/><temp name="T2275"/><temp name="T2281"/><temp name="T2251"/><temp name="T2234"/><temp name="T2294"/><temp name="T2244"/><temp name="T2287"/><temp name="T2239"/><temp name="T2314"/></temps><temps name="out"><temp name="T2290"/><temp name="T2263"/><temp name="T837"/><temp name="T2206"/><temp name="T28"/><temp name="T2255"/><temp name="T836"/><temp name="T2245"/><temp name="T2270"/><temp name="T2277"/><temp name="T2320"/><temp name="T2326"/><temp name="T2310"/><temp name="T2230"/><temp name="T2228"/><temp name="T2240"/><temp name="T2213"/><temp name="T2249"/><temp name="T2275"/><temp name="T2281"/><temp name="T2251"/><temp name="T2234"/><temp name="T2294"/><temp name="T2244"/><temp name="T2287"/><temp name="T2239"/><temp name="T2314"/></temps></instruction><instruction code="OR T841, T2245, 0"><temps name="use"><temp name="T2245"/></temps><temps name="def"><temp name="T841"/></temps><temps name="in"><temp name="T2290"/><temp name="T2263"/><temp name="T837"/><temp name="T2206"/><temp name="T28"/><temp name="T2255"/><temp name="T836"/><temp name="T2245"/><temp name="T2270"/><temp name="T2277"/><temp name="T2320"/><temp name="T2326"/><temp name="T2310"/><temp name="T2230"/><temp name="T2228"/><temp name="T2240"/><temp name="T2213"/><temp name="T2249"/><temp name="T2275"/><temp name="T2281"/><temp name="T2251"/><temp name="T2234"/><temp name="T2294"/><temp name="T2244"/><temp name="T2287"/><temp name="T2239"/><temp name="T2314"/></temps><temps name="out"><temp name="T2290"/><temp name="T2263"/><temp name="T837"/><temp name="T2206"/><temp name="T28"/><temp name="T841"/><temp name="T2255"/><temp name="T836"/><temp name="T2270"/><temp name="T2277"/><temp name="T2320"/><temp name="T2326"/><temp name="T2310"/><temp name="T2230"/><temp name="T2228"/><temp name="T2240"/><temp name="T2213"/><temp name="T2249"/><temp name="T2275"/><temp name="T2281"/><temp name="T2251"/><temp name="T2234"/><temp name="T2294"/><temp name="T2244"/><temp name="T2287"/><temp name="T2239"/><temp name="T2314"/></temps></instruction><instruction code="SETL  T2246, 9"><temps name="use"/><temps name="def"><temp name="T2246"/></temps><temps name="in"><temp name="T2290"/><temp name="T2263"/><temp name="T837"/><temp name="T2206"/><temp name="T28"/><temp name="T841"/><temp name="T2255"/><temp name="T836"/><temp name="T2270"/><temp name="T2277"/><temp name="T2320"/><temp name="T2326"/><temp name="T2310"/><temp name="T2230"/><temp name="T2228"/><temp name="T2240"/><temp name="T2213"/><temp name="T2249"/><temp name="T2275"/><temp name="T2281"/><temp name="T2251"/><temp name="T2234"/><temp name="T2294"/><temp name="T2244"/><temp name="T2287"/><temp name="T2239"/><temp name="T2314"/></temps><temps name="out"><temp name="T2290"/><temp name="T2263"/><temp name="T837"/><temp name="T2206"/><temp name="T28"/><temp name="T841"/><temp name="T2255"/><temp name="T836"/><temp name="T2270"/><temp name="T2277"/><temp name="T2320"/><temp name="T2326"/><temp name="T2310"/><temp name="T2230"/><temp name="T2228"/><temp name="T2240"/><temp name="T2213"/><temp name="T2249"/><temp name="T2275"/><temp name="T2281"/><temp name="T2251"/><temp name="T2234"/><temp name="T2294"/><temp name="T2244"/><temp name="T2287"/><temp name="T2239"/><temp name="T2314"/></temps></instruction><instruction code="INCML T2246, 0"><temps name="use"/><temps name="def"><temp name="T2246"/></temps><temps name="in"><temp name="T2290"/><temp name="T2263"/><temp name="T837"/><temp name="T2206"/><temp name="T28"/><temp name="T841"/><temp name="T2255"/><temp name="T836"/><temp name="T2270"/><temp name="T2277"/><temp name="T2320"/><temp name="T2326"/><temp name="T2310"/><temp name="T2230"/><temp name="T2228"/><temp name="T2240"/><temp name="T2213"/><temp name="T2249"/><temp name="T2275"/><temp name="T2281"/><temp name="T2251"/><temp name="T2234"/><temp name="T2294"/><temp name="T2244"/><temp name="T2287"/><temp name="T2239"/><temp name="T2314"/></temps><temps name="out"><temp name="T2290"/><temp name="T2263"/><temp name="T837"/><temp name="T2206"/><temp name="T28"/><temp name="T841"/><temp name="T2255"/><temp name="T836"/><temp name="T2270"/><temp name="T2277"/><temp name="T2320"/><temp name="T2326"/><temp name="T2310"/><temp name="T2230"/><temp name="T2228"/><temp name="T2240"/><temp name="T2213"/><temp name="T2249"/><temp name="T2275"/><temp name="T2281"/><temp name="T2251"/><temp name="T2234"/><temp name="T2294"/><temp name="T2244"/><temp name="T2287"/><temp name="T2239"/><temp name="T2314"/></temps></instruction><instruction code="INCMH T2246, 0"><temps name="use"/><temps name="def"><temp name="T2246"/></temps><temps name="in"><temp name="T2290"/><temp name="T2263"/><temp name="T837"/><temp name="T2206"/><temp name="T28"/><temp name="T841"/><temp name="T2255"/><temp name="T836"/><temp name="T2270"/><temp name="T2277"/><temp name="T2320"/><temp name="T2326"/><temp name="T2310"/><temp name="T2230"/><temp name="T2228"/><temp name="T2240"/><temp name="T2213"/><temp name="T2249"/><temp name="T2275"/><temp name="T2281"/><temp name="T2251"/><temp name="T2234"/><temp name="T2294"/><temp name="T2244"/><temp name="T2287"/><temp name="T2239"/><temp name="T2314"/></temps><temps name="out"><temp name="T2290"/><temp name="T2263"/><temp name="T837"/><temp name="T2206"/><temp name="T28"/><temp name="T841"/><temp name="T2255"/><temp name="T836"/><temp name="T2270"/><temp name="T2277"/><temp name="T2320"/><temp name="T2326"/><temp name="T2310"/><temp name="T2230"/><temp name="T2228"/><temp name="T2240"/><temp name="T2213"/><temp name="T2249"/><temp name="T2275"/><temp name="T2281"/><temp name="T2251"/><temp name="T2234"/><temp name="T2294"/><temp name="T2244"/><temp name="T2287"/><temp name="T2239"/><temp name="T2314"/></temps></instruction><instruction code="INCH  T2246, 0"><temps name="use"/><temps name="def"><temp name="T2246"/></temps><temps name="in"><temp name="T2290"/><temp name="T2263"/><temp name="T837"/><temp name="T2206"/><temp name="T28"/><temp name="T841"/><temp name="T2255"/><temp name="T836"/><temp name="T2270"/><temp name="T2277"/><temp name="T2320"/><temp name="T2326"/><temp name="T2310"/><temp name="T2230"/><temp name="T2228"/><temp name="T2240"/><temp name="T2213"/><temp name="T2249"/><temp name="T2275"/><temp name="T2281"/><temp name="T2251"/><temp name="T2234"/><temp name="T2294"/><temp name="T2244"/><temp name="T2287"/><temp name="T2239"/><temp name="T2314"/></temps><temps name="out"><temp name="T2290"/><temp name="T2263"/><temp name="T837"/><temp name="T2206"/><temp name="T28"/><temp name="T841"/><temp name="T2255"/><temp name="T836"/><temp name="T2270"/><temp name="T2277"/><temp name="T2320"/><temp name="T2326"/><temp name="T2310"/><temp name="T2230"/><temp name="T2228"/><temp name="T2240"/><temp name="T2213"/><temp name="T2246"/><temp name="T2249"/><temp name="T2275"/><temp name="T2281"/><temp name="T2251"/><temp name="T2234"/><temp name="T2294"/><temp name="T2244"/><temp name="T2287"/><temp name="T2239"/><temp name="T2314"/></temps></instruction><instruction code="OR T842, T2246, 0"><temps name="use"><temp name="T2246"/></temps><temps name="def"><temp name="T842"/></temps><temps name="in"><temp name="T2290"/><temp name="T2263"/><temp name="T837"/><temp name="T2206"/><temp name="T28"/><temp name="T841"/><temp name="T2255"/><temp name="T836"/><temp name="T2270"/><temp name="T2277"/><temp name="T2320"/><temp name="T2326"/><temp name="T2310"/><temp name="T2230"/><temp name="T2228"/><temp name="T2240"/><temp name="T2213"/><temp name="T2246"/><temp name="T2249"/><temp name="T2275"/><temp name="T2281"/><temp name="T2251"/><temp name="T2234"/><temp name="T2294"/><temp name="T2244"/><temp name="T2287"/><temp name="T2239"/><temp name="T2314"/></temps><temps name="out"><temp name="T2290"/><temp name="T2263"/><temp name="T837"/><temp name="T2206"/><temp name="T28"/><temp name="T841"/><temp name="T2255"/><temp name="T836"/><temp name="T2270"/><temp name="T2277"/><temp name="T842"/><temp name="T2320"/><temp name="T2326"/><temp name="T2310"/><temp name="T2230"/><temp name="T2228"/><temp name="T2240"/><temp name="T2213"/><temp name="T2249"/><temp name="T2275"/><temp name="T2281"/><temp name="T2251"/><temp name="T2234"/><temp name="T2294"/><temp name="T2244"/><temp name="T2287"/><temp name="T2239"/><temp name="T2314"/></temps></instruction><instruction code="DIV T2247, T841, T842"><temps name="use"><temp name="T841"/><temp name="T842"/></temps><temps name="def"><temp name="T2247"/></temps><temps name="in"><temp name="T2290"/><temp name="T2263"/><temp name="T837"/><temp name="T2206"/><temp name="T28"/><temp name="T841"/><temp name="T2255"/><temp name="T836"/><temp name="T2270"/><temp name="T2277"/><temp name="T842"/><temp name="T2320"/><temp name="T2326"/><temp name="T2310"/><temp name="T2230"/><temp name="T2228"/><temp name="T2240"/><temp name="T2213"/><temp name="T2249"/><temp name="T2275"/><temp name="T2281"/><temp name="T2251"/><temp name="T2234"/><temp name="T2294"/><temp name="T2244"/><temp name="T2287"/><temp name="T2239"/><temp name="T2314"/></temps><temps name="out"><temp name="T2290"/><temp name="T2263"/><temp name="T837"/><temp name="T2206"/><temp name="T28"/><temp name="T2255"/><temp name="T836"/><temp name="T2270"/><temp name="T2277"/><temp name="T2320"/><temp name="T2326"/><temp name="T2310"/><temp name="T2230"/><temp name="T2228"/><temp name="T2240"/><temp name="T2213"/><temp name="T2249"/><temp name="T2275"/><temp name="T2281"/><temp name="T2251"/><temp name="T2234"/><temp name="T2294"/><temp name="T2244"/><temp name="T2287"/><temp name="T2239"/><temp name="T2314"/></temps></instruction><instruction code="OR T2247, rR, 0"><temps name="use"/><temps name="def"><temp name="T2247"/></temps><temps name="in"><temp name="T2290"/><temp name="T2263"/><temp name="T837"/><temp name="T2206"/><temp name="T28"/><temp name="T2255"/><temp name="T836"/><temp name="T2270"/><temp name="T2277"/><temp name="T2320"/><temp name="T2326"/><temp name="T2310"/><temp name="T2230"/><temp name="T2228"/><temp name="T2240"/><temp name="T2213"/><temp name="T2249"/><temp name="T2275"/><temp name="T2281"/><temp name="T2251"/><temp name="T2234"/><temp name="T2294"/><temp name="T2244"/><temp name="T2287"/><temp name="T2239"/><temp name="T2314"/></temps><temps name="out"><temp name="T2290"/><temp name="T2263"/><temp name="T837"/><temp name="T2206"/><temp name="T28"/><temp name="T2255"/><temp name="T836"/><temp name="T2270"/><temp name="T2277"/><temp name="T2320"/><temp name="T2326"/><temp name="T2247"/><temp name="T2310"/><temp name="T2230"/><temp name="T2228"/><temp name="T2240"/><temp name="T2213"/><temp name="T2249"/><temp name="T2275"/><temp name="T2281"/><temp name="T2251"/><temp name="T2234"/><temp name="T2294"/><temp name="T2244"/><temp name="T2287"/><temp name="T2239"/><temp name="T2314"/></temps></instruction><instruction code="OR T843, T2247, 0"><temps name="use"><temp name="T2247"/></temps><temps name="def"><temp name="T843"/></temps><temps name="in"><temp name="T2290"/><temp name="T2263"/><temp name="T837"/><temp name="T2206"/><temp name="T28"/><temp name="T2255"/><temp name="T836"/><temp name="T2270"/><temp name="T2277"/><temp name="T2320"/><temp name="T2326"/><temp name="T2247"/><temp name="T2310"/><temp name="T2230"/><temp name="T2228"/><temp name="T2240"/><temp name="T2213"/><temp name="T2249"/><temp name="T2275"/><temp name="T2281"/><temp name="T2251"/><temp name="T2234"/><temp name="T2294"/><temp name="T2244"/><temp name="T2287"/><temp name="T2239"/><temp name="T2314"/></temps><temps name="out"><temp name="T843"/><temp name="T2290"/><temp name="T2263"/><temp name="T837"/><temp name="T2206"/><temp name="T28"/><temp name="T2255"/><temp name="T836"/><temp name="T2270"/><temp name="T2277"/><temp name="T2320"/><temp name="T2326"/><temp name="T2310"/><temp name="T2230"/><temp name="T2228"/><temp name="T2240"/><temp name="T2213"/><temp name="T2249"/><temp name="T2275"/><temp name="T2281"/><temp name="T2251"/><temp name="T2234"/><temp name="T2294"/><temp name="T2244"/><temp name="T2287"/><temp name="T2239"/><temp name="T2314"/></temps></instruction><instruction code="STO T837, $254, 8"><temps name="use"><temp name="T837"/></temps><temps name="def"/><temps name="in"><temp name="T843"/><temp name="T2290"/><temp name="T2263"/><temp name="T837"/><temp name="T2206"/><temp name="T28"/><temp name="T2255"/><temp name="T836"/><temp name="T2270"/><temp name="T2277"/><temp name="T2320"/><temp name="T2326"/><temp name="T2310"/><temp name="T2230"/><temp name="T2228"/><temp name="T2240"/><temp name="T2213"/><temp name="T2249"/><temp name="T2275"/><temp name="T2281"/><temp name="T2251"/><temp name="T2234"/><temp name="T2294"/><temp name="T2244"/><temp name="T2287"/><temp name="T2239"/><temp name="T2314"/></temps><temps name="out"><temp name="T843"/><temp name="T2290"/><temp name="T2263"/><temp name="T2206"/><temp name="T28"/><temp name="T2255"/><temp name="T836"/><temp name="T2270"/><temp name="T2277"/><temp name="T2320"/><temp name="T2326"/><temp name="T2310"/><temp name="T2230"/><temp name="T2228"/><temp name="T2240"/><temp name="T2213"/><temp name="T2249"/><temp name="T2275"/><temp name="T2281"/><temp name="T2251"/><temp name="T2234"/><temp name="T2294"/><temp name="T2244"/><temp name="T2287"/><temp name="T2239"/><temp name="T2314"/></temps></instruction><instruction code="STO T843, $254, 16"><temps name="use"><temp name="T843"/></temps><temps name="def"/><temps name="in"><temp name="T843"/><temp name="T2290"/><temp name="T2263"/><temp name="T2206"/><temp name="T28"/><temp name="T2255"/><temp name="T836"/><temp name="T2270"/><temp name="T2277"/><temp name="T2320"/><temp name="T2326"/><temp name="T2310"/><temp name="T2230"/><temp name="T2228"/><temp name="T2240"/><temp name="T2213"/><temp name="T2249"/><temp name="T2275"/><temp name="T2281"/><temp name="T2251"/><temp name="T2234"/><temp name="T2294"/><temp name="T2244"/><temp name="T2287"/><temp name="T2239"/><temp name="T2314"/></temps><temps name="out"><temp name="T2290"/><temp name="T2263"/><temp name="T2206"/><temp name="T28"/><temp name="T2255"/><temp name="T836"/><temp name="T2270"/><temp name="T2277"/><temp name="T2320"/><temp name="T2326"/><temp name="T2310"/><temp name="T2230"/><temp name="T2228"/><temp name="T2240"/><temp name="T2213"/><temp name="T2249"/><temp name="T2275"/><temp name="T2281"/><temp name="T2251"/><temp name="T2234"/><temp name="T2294"/><temp name="T2244"/><temp name="T2287"/><temp name="T2239"/><temp name="T2314"/></temps></instruction><instruction code="LDA T2248, L2"><temps name="use"/><temps name="def"><temp name="T2248"/></temps><temps name="in"><temp name="T2290"/><temp name="T2263"/><temp name="T2206"/><temp name="T28"/><temp name="T2255"/><temp name="T836"/><temp name="T2270"/><temp name="T2277"/><temp name="T2320"/><temp name="T2326"/><temp name="T2310"/><temp name="T2230"/><temp name="T2228"/><temp name="T2240"/><temp name="T2213"/><temp name="T2249"/><temp name="T2275"/><temp name="T2281"/><temp name="T2251"/><temp name="T2234"/><temp name="T2294"/><temp name="T2244"/><temp name="T2287"/><temp name="T2239"/><temp name="T2314"/></temps><temps name="out"><temp name="T2290"/><temp name="T2263"/><temp name="T2206"/><temp name="T28"/><temp name="T2255"/><temp name="T2248"/><temp name="T836"/><temp name="T2270"/><temp name="T2277"/><temp name="T2320"/><temp name="T2326"/><temp name="T2310"/><temp name="T2230"/><temp name="T2228"/><temp name="T2240"/><temp name="T2213"/><temp name="T2249"/><temp name="T2275"/><temp name="T2281"/><temp name="T2251"/><temp name="T2234"/><temp name="T2294"/><temp name="T2244"/><temp name="T2287"/><temp name="T2239"/><temp name="T2314"/></temps></instruction><instruction code="PUSHJ $15, T2248, 0"><temps name="use"><temp name="T2248"/></temps><temps name="def"/><temps name="in"><temp name="T2290"/><temp name="T2263"/><temp name="T2206"/><temp name="T28"/><temp name="T2255"/><temp name="T2248"/><temp name="T836"/><temp name="T2270"/><temp name="T2277"/><temp name="T2320"/><temp name="T2326"/><temp name="T2310"/><temp name="T2230"/><temp name="T2228"/><temp name="T2240"/><temp name="T2213"/><temp name="T2249"/><temp name="T2275"/><temp name="T2281"/><temp name="T2251"/><temp name="T2234"/><temp name="T2294"/><temp name="T2244"/><temp name="T2287"/><temp name="T2239"/><temp name="T2314"/></temps><temps name="out"><temp name="T2290"/><temp name="T2263"/><temp name="T2206"/><temp name="T28"/><temp name="T2255"/><temp name="T836"/><temp name="T2270"/><temp name="T2277"/><temp name="T2320"/><temp name="T2326"/><temp name="T2310"/><temp name="T2230"/><temp name="T2228"/><temp name="T2240"/><temp name="T2213"/><temp name="T2249"/><temp name="T2275"/><temp name="T2281"/><temp name="T2251"/><temp name="T2234"/><temp name="T2294"/><temp name="T2244"/><temp name="T2287"/><temp name="T2239"/><temp name="T2314"/></temps></instruction><instruction code="OR T844, T2249, 0"><temps name="use"><temp name="T2249"/></temps><temps name="def"><temp name="T844"/></temps><temps name="in"><temp name="T2290"/><temp name="T2263"/><temp name="T2206"/><temp name="T28"/><temp name="T2255"/><temp name="T836"/><temp name="T2270"/><temp name="T2277"/><temp name="T2320"/><temp name="T2326"/><temp name="T2310"/><temp name="T2230"/><temp name="T2228"/><temp name="T2240"/><temp name="T2213"/><temp name="T2249"/><temp name="T2275"/><temp name="T2281"/><temp name="T2251"/><temp name="T2234"/><temp name="T2294"/><temp name="T2244"/><temp name="T2287"/><temp name="T2239"/><temp name="T2314"/></temps><temps name="out"><temp name="T2290"/><temp name="T2263"/><temp name="T2206"/><temp name="T28"/><temp name="T2255"/><temp name="T836"/><temp name="T2270"/><temp name="T2277"/><temp name="T2320"/><temp name="T2326"/><temp name="T2310"/><temp name="T2230"/><temp name="T2228"/><temp name="T2240"/><temp name="T2213"/><temp name="T844"/><temp name="T2275"/><temp name="T2281"/><temp name="T2249"/><temp name="T2251"/><temp name="T2234"/><temp name="T2294"/><temp name="T2244"/><temp name="T2287"/><temp name="T2239"/><temp name="T2314"/></temps></instruction><instruction code="AND T2250, T836, T844"><temps name="use"><temp name="T836"/><temp name="T844"/></temps><temps name="def"><temp name="T2250"/></temps><temps name="in"><temp name="T2290"/><temp name="T2263"/><temp name="T2206"/><temp name="T28"/><temp name="T2255"/><temp name="T836"/><temp name="T2270"/><temp name="T2277"/><temp name="T2320"/><temp name="T2326"/><temp name="T2310"/><temp name="T2230"/><temp name="T2228"/><temp name="T2240"/><temp name="T2213"/><temp name="T844"/><temp name="T2275"/><temp name="T2281"/><temp name="T2249"/><temp name="T2251"/><temp name="T2234"/><temp name="T2294"/><temp name="T2244"/><temp name="T2287"/><temp name="T2239"/><temp name="T2314"/></temps><temps name="out"><temp name="T2290"/><temp name="T2263"/><temp name="T2206"/><temp name="T28"/><temp name="T2255"/><temp name="T2270"/><temp name="T2277"/><temp name="T2320"/><temp name="T2326"/><temp name="T2310"/><temp name="T2230"/><temp name="T2228"/><temp name="T2240"/><temp name="T2213"/><temp name="T2275"/><temp name="T2281"/><temp name="T2249"/><temp name="T2251"/><temp name="T2234"/><temp name="T2294"/><temp name="T2244"/><temp name="T2287"/><temp name="T2239"/><temp name="T2250"/><temp name="T2314"/></temps></instruction><instruction code="OR T845, T2250, 0"><temps name="use"><temp name="T2250"/></temps><temps name="def"><temp name="T845"/></temps><temps name="in"><temp name="T2290"/><temp name="T2263"/><temp name="T2206"/><temp name="T28"/><temp name="T2255"/><temp name="T2270"/><temp name="T2277"/><temp name="T2320"/><temp name="T2326"/><temp name="T2310"/><temp name="T2230"/><temp name="T2228"/><temp name="T2240"/><temp name="T2213"/><temp name="T2275"/><temp name="T2281"/><temp name="T2249"/><temp name="T2251"/><temp name="T2234"/><temp name="T2294"/><temp name="T2244"/><temp name="T2287"/><temp name="T2239"/><temp name="T2250"/><temp name="T2314"/></temps><temps name="out"><temp name="T2290"/><temp name="T2263"/><temp name="T845"/><temp name="T2206"/><temp name="T28"/><temp name="T2255"/><temp name="T2270"/><temp name="T2277"/><temp name="T2320"/><temp name="T2326"/><temp name="T2310"/><temp name="T2230"/><temp name="T2228"/><temp name="T2240"/><temp name="T2213"/><temp name="T2275"/><temp name="T2281"/><temp name="T2249"/><temp name="T2251"/><temp name="T2234"/><temp name="T2294"/><temp name="T2244"/><temp name="T2287"/><temp name="T2239"/><temp name="T2314"/></temps></instruction><instruction code="LDO T2252, T2251, 0"><temps name="use"><temp name="T2251"/></temps><temps name="def"><temp name="T2252"/></temps><temps name="in"><temp name="T2290"/><temp name="T2263"/><temp name="T845"/><temp name="T2206"/><temp name="T28"/><temp name="T2255"/><temp name="T2270"/><temp name="T2277"/><temp name="T2320"/><temp name="T2326"/><temp name="T2310"/><temp name="T2230"/><temp name="T2228"/><temp name="T2240"/><temp name="T2213"/><temp name="T2275"/><temp name="T2281"/><temp name="T2249"/><temp name="T2251"/><temp name="T2234"/><temp name="T2294"/><temp name="T2244"/><temp name="T2287"/><temp name="T2239"/><temp name="T2314"/></temps><temps name="out"><temp name="T2290"/><temp name="T2263"/><temp name="T845"/><temp name="T2206"/><temp name="T28"/><temp name="T2255"/><temp name="T2270"/><temp name="T2277"/><temp name="T2320"/><temp name="T2326"/><temp name="T2310"/><temp name="T2252"/><temp name="T2230"/><temp name="T2228"/><temp name="T2240"/><temp name="T2213"/><temp name="T2275"/><temp name="T2281"/><temp name="T2249"/><temp name="T2251"/><temp name="T2234"/><temp name="T2294"/><temp name="T2244"/><temp name="T2287"/><temp name="T2239"/><temp name="T2314"/></temps></instruction><instruction code="OR T846, T2252, 0"><temps name="use"><temp name="T2252"/></temps><temps name="def"><temp name="T846"/></temps><temps name="in"><temp name="T2290"/><temp name="T2263"/><temp name="T845"/><temp name="T2206"/><temp name="T28"/><temp name="T2255"/><temp name="T2270"/><temp name="T2277"/><temp name="T2320"/><temp name="T2326"/><temp name="T2310"/><temp name="T2252"/><temp name="T2230"/><temp name="T2228"/><temp name="T2240"/><temp name="T2213"/><temp name="T2275"/><temp name="T2281"/><temp name="T2249"/><temp name="T2251"/><temp name="T2234"/><temp name="T2294"/><temp name="T2244"/><temp name="T2287"/><temp name="T2239"/><temp name="T2314"/></temps><temps name="out"><temp name="T846"/><temp name="T2290"/><temp name="T2263"/><temp name="T845"/><temp name="T2206"/><temp name="T28"/><temp name="T2255"/><temp name="T2270"/><temp name="T2277"/><temp name="T2320"/><temp name="T2326"/><temp name="T2310"/><temp name="T2230"/><temp name="T2228"/><temp name="T2240"/><temp name="T2213"/><temp name="T2275"/><temp name="T2281"/><temp name="T2249"/><temp name="T2251"/><temp name="T2234"/><temp name="T2294"/><temp name="T2244"/><temp name="T2287"/><temp name="T2239"/><temp name="T2314"/></temps></instruction><instruction code="OR T847, T28, 0"><temps name="use"><temp name="T28"/></temps><temps name="def"><temp name="T847"/></temps><temps name="in"><temp name="T846"/><temp name="T2290"/><temp name="T2263"/><temp name="T845"/><temp name="T2206"/><temp name="T28"/><temp name="T2255"/><temp name="T2270"/><temp name="T2277"/><temp name="T2320"/><temp name="T2326"/><temp name="T2310"/><temp name="T2230"/><temp name="T2228"/><temp name="T2240"/><temp name="T2213"/><temp name="T2275"/><temp name="T2281"/><temp name="T2249"/><temp name="T2251"/><temp name="T2234"/><temp name="T2294"/><temp name="T2244"/><temp name="T2287"/><temp name="T2239"/><temp name="T2314"/></temps><temps name="out"><temp name="T846"/><temp name="T2290"/><temp name="T2263"/><temp name="T845"/><temp name="T2206"/><temp name="T28"/><temp name="T2255"/><temp name="T847"/><temp name="T2270"/><temp name="T2277"/><temp name="T2320"/><temp name="T2326"/><temp name="T2310"/><temp name="T2230"/><temp name="T2228"/><temp name="T2240"/><temp name="T2213"/><temp name="T2275"/><temp name="T2281"/><temp name="T2249"/><temp name="T2251"/><temp name="T2234"/><temp name="T2294"/><temp name="T2244"/><temp name="T2287"/><temp name="T2239"/><temp name="T2314"/></temps></instruction><instruction code="SETL  T2253, 8"><temps name="use"/><temps name="def"><temp name="T2253"/></temps><temps name="in"><temp name="T846"/><temp name="T2290"/><temp name="T2263"/><temp name="T845"/><temp name="T2206"/><temp name="T28"/><temp name="T2255"/><temp name="T847"/><temp name="T2270"/><temp name="T2277"/><temp name="T2320"/><temp name="T2326"/><temp name="T2310"/><temp name="T2230"/><temp name="T2228"/><temp name="T2240"/><temp name="T2213"/><temp name="T2275"/><temp name="T2281"/><temp name="T2249"/><temp name="T2251"/><temp name="T2234"/><temp name="T2294"/><temp name="T2244"/><temp name="T2287"/><temp name="T2239"/><temp name="T2314"/></temps><temps name="out"><temp name="T846"/><temp name="T2290"/><temp name="T2263"/><temp name="T845"/><temp name="T2206"/><temp name="T28"/><temp name="T2255"/><temp name="T847"/><temp name="T2270"/><temp name="T2277"/><temp name="T2320"/><temp name="T2326"/><temp name="T2310"/><temp name="T2230"/><temp name="T2228"/><temp name="T2240"/><temp name="T2213"/><temp name="T2275"/><temp name="T2281"/><temp name="T2249"/><temp name="T2251"/><temp name="T2234"/><temp name="T2294"/><temp name="T2244"/><temp name="T2287"/><temp name="T2239"/><temp name="T2314"/></temps></instruction><instruction code="INCML T2253, 0"><temps name="use"/><temps name="def"><temp name="T2253"/></temps><temps name="in"><temp name="T846"/><temp name="T2290"/><temp name="T2263"/><temp name="T845"/><temp name="T2206"/><temp name="T28"/><temp name="T2255"/><temp name="T847"/><temp name="T2270"/><temp name="T2277"/><temp name="T2320"/><temp name="T2326"/><temp name="T2310"/><temp name="T2230"/><temp name="T2228"/><temp name="T2240"/><temp name="T2213"/><temp name="T2275"/><temp name="T2281"/><temp name="T2249"/><temp name="T2251"/><temp name="T2234"/><temp name="T2294"/><temp name="T2244"/><temp name="T2287"/><temp name="T2239"/><temp name="T2314"/></temps><temps name="out"><temp name="T846"/><temp name="T2290"/><temp name="T2263"/><temp name="T845"/><temp name="T2206"/><temp name="T28"/><temp name="T2255"/><temp name="T847"/><temp name="T2270"/><temp name="T2277"/><temp name="T2320"/><temp name="T2326"/><temp name="T2310"/><temp name="T2230"/><temp name="T2228"/><temp name="T2240"/><temp name="T2213"/><temp name="T2275"/><temp name="T2281"/><temp name="T2249"/><temp name="T2251"/><temp name="T2234"/><temp name="T2294"/><temp name="T2244"/><temp name="T2287"/><temp name="T2239"/><temp name="T2314"/></temps></instruction><instruction code="INCMH T2253, 0"><temps name="use"/><temps name="def"><temp name="T2253"/></temps><temps name="in"><temp name="T846"/><temp name="T2290"/><temp name="T2263"/><temp name="T845"/><temp name="T2206"/><temp name="T28"/><temp name="T2255"/><temp name="T847"/><temp name="T2270"/><temp name="T2277"/><temp name="T2320"/><temp name="T2326"/><temp name="T2310"/><temp name="T2230"/><temp name="T2228"/><temp name="T2240"/><temp name="T2213"/><temp name="T2275"/><temp name="T2281"/><temp name="T2249"/><temp name="T2251"/><temp name="T2234"/><temp name="T2294"/><temp name="T2244"/><temp name="T2287"/><temp name="T2239"/><temp name="T2314"/></temps><temps name="out"><temp name="T846"/><temp name="T2290"/><temp name="T2263"/><temp name="T845"/><temp name="T2206"/><temp name="T28"/><temp name="T2255"/><temp name="T847"/><temp name="T2270"/><temp name="T2277"/><temp name="T2320"/><temp name="T2326"/><temp name="T2310"/><temp name="T2230"/><temp name="T2228"/><temp name="T2240"/><temp name="T2213"/><temp name="T2275"/><temp name="T2281"/><temp name="T2249"/><temp name="T2251"/><temp name="T2234"/><temp name="T2294"/><temp name="T2244"/><temp name="T2287"/><temp name="T2239"/><temp name="T2314"/></temps></instruction><instruction code="INCH  T2253, 0"><temps name="use"/><temps name="def"><temp name="T2253"/></temps><temps name="in"><temp name="T846"/><temp name="T2290"/><temp name="T2263"/><temp name="T845"/><temp name="T2206"/><temp name="T28"/><temp name="T2255"/><temp name="T847"/><temp name="T2270"/><temp name="T2277"/><temp name="T2320"/><temp name="T2326"/><temp name="T2310"/><temp name="T2230"/><temp name="T2228"/><temp name="T2240"/><temp name="T2213"/><temp name="T2275"/><temp name="T2281"/><temp name="T2249"/><temp name="T2251"/><temp name="T2234"/><temp name="T2294"/><temp name="T2244"/><temp name="T2287"/><temp name="T2239"/><temp name="T2314"/></temps><temps name="out"><temp name="T846"/><temp name="T2290"/><temp name="T2263"/><temp name="T845"/><temp name="T2206"/><temp name="T28"/><temp name="T2255"/><temp name="T847"/><temp name="T2253"/><temp name="T2270"/><temp name="T2277"/><temp name="T2320"/><temp name="T2326"/><temp name="T2310"/><temp name="T2230"/><temp name="T2228"/><temp name="T2240"/><temp name="T2213"/><temp name="T2275"/><temp name="T2281"/><temp name="T2249"/><temp name="T2251"/><temp name="T2234"/><temp name="T2294"/><temp name="T2244"/><temp name="T2287"/><temp name="T2239"/><temp name="T2314"/></temps></instruction><instruction code="OR T848, T2253, 0"><temps name="use"><temp name="T2253"/></temps><temps name="def"><temp name="T848"/></temps><temps name="in"><temp name="T846"/><temp name="T2290"/><temp name="T2263"/><temp name="T845"/><temp name="T2206"/><temp name="T28"/><temp name="T2255"/><temp name="T847"/><temp name="T2253"/><temp name="T2270"/><temp name="T2277"/><temp name="T2320"/><temp name="T2326"/><temp name="T2310"/><temp name="T2230"/><temp name="T2228"/><temp name="T2240"/><temp name="T2213"/><temp name="T2275"/><temp name="T2281"/><temp name="T2249"/><temp name="T2251"/><temp name="T2234"/><temp name="T2294"/><temp name="T2244"/><temp name="T2287"/><temp name="T2239"/><temp name="T2314"/></temps><temps name="out"><temp name="T846"/><temp name="T2290"/><temp name="T2263"/><temp name="T845"/><temp name="T2206"/><temp name="T28"/><temp name="T2255"/><temp name="T847"/><temp name="T2270"/><temp name="T2277"/><temp name="T2320"/><temp name="T2326"/><temp name="T2310"/><temp name="T2230"/><temp name="T2228"/><temp name="T2240"/><temp name="T848"/><temp name="T2213"/><temp name="T2275"/><temp name="T2281"/><temp name="T2249"/><temp name="T2251"/><temp name="T2234"/><temp name="T2294"/><temp name="T2244"/><temp name="T2287"/><temp name="T2239"/><temp name="T2314"/></temps></instruction><instruction code="ADD T2254, T847, T848"><temps name="use"><temp name="T847"/><temp name="T848"/></temps><temps name="def"><temp name="T2254"/></temps><temps name="in"><temp name="T846"/><temp name="T2290"/><temp name="T2263"/><temp name="T845"/><temp name="T2206"/><temp name="T28"/><temp name="T2255"/><temp name="T847"/><temp name="T2270"/><temp name="T2277"/><temp name="T2320"/><temp name="T2326"/><temp name="T2310"/><temp name="T2230"/><temp name="T2228"/><temp name="T2240"/><temp name="T848"/><temp name="T2213"/><temp name="T2275"/><temp name="T2281"/><temp name="T2249"/><temp name="T2251"/><temp name="T2234"/><temp name="T2294"/><temp name="T2244"/><temp name="T2287"/><temp name="T2239"/><temp name="T2314"/></temps><temps name="out"><temp name="T846"/><temp name="T2290"/><temp name="T2263"/><temp name="T845"/><temp name="T2206"/><temp name="T28"/><temp name="T2255"/><temp name="T2270"/><temp name="T2277"/><temp name="T2320"/><temp name="T2326"/><temp name="T2310"/><temp name="T2230"/><temp name="T2254"/><temp name="T2228"/><temp name="T2240"/><temp name="T2213"/><temp name="T2275"/><temp name="T2281"/><temp name="T2249"/><temp name="T2251"/><temp name="T2234"/><temp name="T2294"/><temp name="T2244"/><temp name="T2287"/><temp name="T2239"/><temp name="T2314"/></temps></instruction><instruction code="OR T849, T2254, 0"><temps name="use"><temp name="T2254"/></temps><temps name="def"><temp name="T849"/></temps><temps name="in"><temp name="T846"/><temp name="T2290"/><temp name="T2263"/><temp name="T845"/><temp name="T2206"/><temp name="T28"/><temp name="T2255"/><temp name="T2270"/><temp name="T2277"/><temp name="T2320"/><temp name="T2326"/><temp name="T2310"/><temp name="T2230"/><temp name="T2254"/><temp name="T2228"/><temp name="T2240"/><temp name="T2213"/><temp name="T2275"/><temp name="T2281"/><temp name="T2249"/><temp name="T2251"/><temp name="T2234"/><temp name="T2294"/><temp name="T2244"/><temp name="T2287"/><temp name="T2239"/><temp name="T2314"/></temps><temps name="out"><temp name="T846"/><temp name="T2290"/><temp name="T2263"/><temp name="T845"/><temp name="T2206"/><temp name="T28"/><temp name="T2255"/><temp name="T2270"/><temp name="T2277"/><temp name="T2320"/><temp name="T2326"/><temp name="T2310"/><temp name="T2230"/><temp name="T2228"/><temp name="T2240"/><temp name="T2213"/><temp name="T2275"/><temp name="T2281"/><temp name="T2249"/><temp name="T2251"/><temp name="T2234"/><temp name="T2294"/><temp name="T2244"/><temp name="T2287"/><temp name="T2239"/><temp name="T2314"/></temps></instruction><instruction code="LDO T2256, T2255, 0"><temps name="use"><temp name="T2255"/></temps><temps name="def"><temp name="T2256"/></temps><temps name="in"><temp name="T846"/><temp name="T2290"/><temp name="T2263"/><temp name="T845"/><temp name="T2206"/><temp name="T28"/><temp name="T2255"/><temp name="T2270"/><temp name="T2277"/><temp name="T2320"/><temp name="T2326"/><temp name="T2310"/><temp name="T2230"/><temp name="T2228"/><temp name="T2240"/><temp name="T2213"/><temp name="T2275"/><temp name="T2281"/><temp name="T2249"/><temp name="T2251"/><temp name="T2234"/><temp name="T2294"/><temp name="T2244"/><temp name="T2287"/><temp name="T2239"/><temp name="T2314"/></temps><temps name="out"><temp name="T846"/><temp name="T2290"/><temp name="T2263"/><temp name="T845"/><temp name="T2206"/><temp name="T28"/><temp name="T2255"/><temp name="T2270"/><temp name="T2277"/><temp name="T2320"/><temp name="T2326"/><temp name="T2310"/><temp name="T2256"/><temp name="T2230"/><temp name="T2228"/><temp name="T2240"/><temp name="T2213"/><temp name="T2275"/><temp name="T2281"/><temp name="T2249"/><temp name="T2251"/><temp name="T2234"/><temp name="T2294"/><temp name="T2244"/><temp name="T2287"/><temp name="T2239"/><temp name="T2314"/></temps></instruction><instruction code="OR T850, T2256, 0"><temps name="use"><temp name="T2256"/></temps><temps name="def"><temp name="T850"/></temps><temps name="in"><temp name="T846"/><temp name="T2290"/><temp name="T2263"/><temp name="T845"/><temp name="T2206"/><temp name="T28"/><temp name="T2255"/><temp name="T2270"/><temp name="T2277"/><temp name="T2320"/><temp name="T2326"/><temp name="T2310"/><temp name="T2256"/><temp name="T2230"/><temp name="T2228"/><temp name="T2240"/><temp name="T2213"/><temp name="T2275"/><temp name="T2281"/><temp name="T2249"/><temp name="T2251"/><temp name="T2234"/><temp name="T2294"/><temp name="T2244"/><temp name="T2287"/><temp name="T2239"/><temp name="T2314"/></temps><temps name="out"><temp name="T846"/><temp name="T2290"/><temp name="T2263"/><temp name="T845"/><temp name="T2206"/><temp name="T28"/><temp name="T2255"/><temp name="T850"/><temp name="T2270"/><temp name="T2277"/><temp name="T2320"/><temp name="T2326"/><temp name="T2310"/><temp name="T2230"/><temp name="T2228"/><temp name="T2240"/><temp name="T2213"/><temp name="T2275"/><temp name="T2281"/><temp name="T2249"/><temp name="T2251"/><temp name="T2234"/><temp name="T2294"/><temp name="T2244"/><temp name="T2287"/><temp name="T2239"/><temp name="T2314"/></temps></instruction><instruction code="SETL  T2257, 9"><temps name="use"/><temps name="def"><temp name="T2257"/></temps><temps name="in"><temp name="T846"/><temp name="T2290"/><temp name="T2263"/><temp name="T845"/><temp name="T2206"/><temp name="T28"/><temp name="T2255"/><temp name="T850"/><temp name="T2270"/><temp name="T2277"/><temp name="T2320"/><temp name="T2326"/><temp name="T2310"/><temp name="T2230"/><temp name="T2228"/><temp name="T2240"/><temp name="T2213"/><temp name="T2275"/><temp name="T2281"/><temp name="T2249"/><temp name="T2251"/><temp name="T2234"/><temp name="T2294"/><temp name="T2244"/><temp name="T2287"/><temp name="T2239"/><temp name="T2314"/></temps><temps name="out"><temp name="T846"/><temp name="T2290"/><temp name="T2263"/><temp name="T845"/><temp name="T2206"/><temp name="T28"/><temp name="T2255"/><temp name="T850"/><temp name="T2270"/><temp name="T2277"/><temp name="T2320"/><temp name="T2326"/><temp name="T2310"/><temp name="T2230"/><temp name="T2228"/><temp name="T2240"/><temp name="T2213"/><temp name="T2275"/><temp name="T2281"/><temp name="T2249"/><temp name="T2251"/><temp name="T2234"/><temp name="T2294"/><temp name="T2244"/><temp name="T2287"/><temp name="T2239"/><temp name="T2314"/></temps></instruction><instruction code="INCML T2257, 0"><temps name="use"/><temps name="def"><temp name="T2257"/></temps><temps name="in"><temp name="T846"/><temp name="T2290"/><temp name="T2263"/><temp name="T845"/><temp name="T2206"/><temp name="T28"/><temp name="T2255"/><temp name="T850"/><temp name="T2270"/><temp name="T2277"/><temp name="T2320"/><temp name="T2326"/><temp name="T2310"/><temp name="T2230"/><temp name="T2228"/><temp name="T2240"/><temp name="T2213"/><temp name="T2275"/><temp name="T2281"/><temp name="T2249"/><temp name="T2251"/><temp name="T2234"/><temp name="T2294"/><temp name="T2244"/><temp name="T2287"/><temp name="T2239"/><temp name="T2314"/></temps><temps name="out"><temp name="T846"/><temp name="T2290"/><temp name="T2263"/><temp name="T845"/><temp name="T2206"/><temp name="T28"/><temp name="T2255"/><temp name="T850"/><temp name="T2270"/><temp name="T2277"/><temp name="T2320"/><temp name="T2326"/><temp name="T2310"/><temp name="T2230"/><temp name="T2228"/><temp name="T2240"/><temp name="T2213"/><temp name="T2275"/><temp name="T2281"/><temp name="T2249"/><temp name="T2251"/><temp name="T2234"/><temp name="T2294"/><temp name="T2244"/><temp name="T2287"/><temp name="T2239"/><temp name="T2314"/></temps></instruction><instruction code="INCMH T2257, 0"><temps name="use"/><temps name="def"><temp name="T2257"/></temps><temps name="in"><temp name="T846"/><temp name="T2290"/><temp name="T2263"/><temp name="T845"/><temp name="T2206"/><temp name="T28"/><temp name="T2255"/><temp name="T850"/><temp name="T2270"/><temp name="T2277"/><temp name="T2320"/><temp name="T2326"/><temp name="T2310"/><temp name="T2230"/><temp name="T2228"/><temp name="T2240"/><temp name="T2213"/><temp name="T2275"/><temp name="T2281"/><temp name="T2249"/><temp name="T2251"/><temp name="T2234"/><temp name="T2294"/><temp name="T2244"/><temp name="T2287"/><temp name="T2239"/><temp name="T2314"/></temps><temps name="out"><temp name="T846"/><temp name="T2290"/><temp name="T2263"/><temp name="T845"/><temp name="T2206"/><temp name="T28"/><temp name="T2255"/><temp name="T850"/><temp name="T2270"/><temp name="T2277"/><temp name="T2320"/><temp name="T2326"/><temp name="T2310"/><temp name="T2230"/><temp name="T2228"/><temp name="T2240"/><temp name="T2213"/><temp name="T2275"/><temp name="T2281"/><temp name="T2249"/><temp name="T2251"/><temp name="T2234"/><temp name="T2294"/><temp name="T2244"/><temp name="T2287"/><temp name="T2239"/><temp name="T2314"/></temps></instruction><instruction code="INCH  T2257, 0"><temps name="use"/><temps name="def"><temp name="T2257"/></temps><temps name="in"><temp name="T846"/><temp name="T2290"/><temp name="T2263"/><temp name="T845"/><temp name="T2206"/><temp name="T28"/><temp name="T2255"/><temp name="T850"/><temp name="T2270"/><temp name="T2277"/><temp name="T2320"/><temp name="T2326"/><temp name="T2310"/><temp name="T2230"/><temp name="T2228"/><temp name="T2240"/><temp name="T2213"/><temp name="T2275"/><temp name="T2281"/><temp name="T2249"/><temp name="T2251"/><temp name="T2234"/><temp name="T2294"/><temp name="T2244"/><temp name="T2287"/><temp name="T2239"/><temp name="T2314"/></temps><temps name="out"><temp name="T846"/><temp name="T2290"/><temp name="T2263"/><temp name="T845"/><temp name="T2206"/><temp name="T28"/><temp name="T2257"/><temp name="T2255"/><temp name="T850"/><temp name="T2270"/><temp name="T2277"/><temp name="T2320"/><temp name="T2326"/><temp name="T2310"/><temp name="T2230"/><temp name="T2228"/><temp name="T2240"/><temp name="T2213"/><temp name="T2275"/><temp name="T2281"/><temp name="T2249"/><temp name="T2251"/><temp name="T2234"/><temp name="T2294"/><temp name="T2244"/><temp name="T2287"/><temp name="T2239"/><temp name="T2314"/></temps></instruction><instruction code="OR T851, T2257, 0"><temps name="use"><temp name="T2257"/></temps><temps name="def"><temp name="T851"/></temps><temps name="in"><temp name="T846"/><temp name="T2290"/><temp name="T2263"/><temp name="T845"/><temp name="T2206"/><temp name="T28"/><temp name="T2257"/><temp name="T2255"/><temp name="T850"/><temp name="T2270"/><temp name="T2277"/><temp name="T2320"/><temp name="T2326"/><temp name="T2310"/><temp name="T2230"/><temp name="T2228"/><temp name="T2240"/><temp name="T2213"/><temp name="T2275"/><temp name="T2281"/><temp name="T2249"/><temp name="T2251"/><temp name="T2234"/><temp name="T2294"/><temp name="T2244"/><temp name="T2287"/><temp name="T2239"/><temp name="T2314"/></temps><temps name="out"><temp name="T846"/><temp name="T2290"/><temp name="T2263"/><temp name="T845"/><temp name="T2206"/><temp name="T28"/><temp name="T2255"/><temp name="T850"/><temp name="T2270"/><temp name="T2277"/><temp name="T2320"/><temp name="T2326"/><temp name="T2310"/><temp name="T2230"/><temp name="T2228"/><temp name="T2240"/><temp name="T2213"/><temp name="T2275"/><temp name="T2281"/><temp name="T2249"/><temp name="T851"/><temp name="T2251"/><temp name="T2234"/><temp name="T2294"/><temp name="T2244"/><temp name="T2287"/><temp name="T2239"/><temp name="T2314"/></temps></instruction><instruction code="DIV T2258, T850, T851"><temps name="use"><temp name="T850"/><temp name="T851"/></temps><temps name="def"><temp name="T2258"/></temps><temps name="in"><temp name="T846"/><temp name="T2290"/><temp name="T2263"/><temp name="T845"/><temp name="T2206"/><temp name="T28"/><temp name="T2255"/><temp name="T850"/><temp name="T2270"/><temp name="T2277"/><temp name="T2320"/><temp name="T2326"/><temp name="T2310"/><temp name="T2230"/><temp name="T2228"/><temp name="T2240"/><temp name="T2213"/><temp name="T2275"/><temp name="T2281"/><temp name="T2249"/><temp name="T851"/><temp name="T2251"/><temp name="T2234"/><temp name="T2294"/><temp name="T2244"/><temp name="T2287"/><temp name="T2239"/><temp name="T2314"/></temps><temps name="out"><temp name="T846"/><temp name="T2290"/><temp name="T2263"/><temp name="T845"/><temp name="T2206"/><temp name="T28"/><temp name="T2255"/><temp name="T2270"/><temp name="T2277"/><temp name="T2320"/><temp name="T2326"/><temp name="T2258"/><temp name="T2310"/><temp name="T2230"/><temp name="T2228"/><temp name="T2240"/><temp name="T2213"/><temp name="T2275"/><temp name="T2281"/><temp name="T2249"/><temp name="T2251"/><temp name="T2234"/><temp name="T2294"/><temp name="T2244"/><temp name="T2287"/><temp name="T2239"/><temp name="T2314"/></temps></instruction><instruction code="OR T852, T2258, 0"><temps name="use"><temp name="T2258"/></temps><temps name="def"><temp name="T852"/></temps><temps name="in"><temp name="T846"/><temp name="T2290"/><temp name="T2263"/><temp name="T845"/><temp name="T2206"/><temp name="T28"/><temp name="T2255"/><temp name="T2270"/><temp name="T2277"/><temp name="T2320"/><temp name="T2326"/><temp name="T2258"/><temp name="T2310"/><temp name="T2230"/><temp name="T2228"/><temp name="T2240"/><temp name="T2213"/><temp name="T2275"/><temp name="T2281"/><temp name="T2249"/><temp name="T2251"/><temp name="T2234"/><temp name="T2294"/><temp name="T2244"/><temp name="T2287"/><temp name="T2239"/><temp name="T2314"/></temps><temps name="out"><temp name="T846"/><temp name="T2290"/><temp name="T2263"/><temp name="T845"/><temp name="T2206"/><temp name="T28"/><temp name="T2255"/><temp name="T2270"/><temp name="T2277"/><temp name="T2320"/><temp name="T2326"/><temp name="T2310"/><temp name="T2230"/><temp name="T2228"/><temp name="T2240"/><temp name="T2213"/><temp name="T2275"/><temp name="T2281"/><temp name="T2249"/><temp name="T2251"/><temp name="T2234"/><temp name="T2294"/><temp name="T2244"/><temp name="T2287"/><temp name="T2239"/><temp name="T852"/><temp name="T2314"/></temps></instruction><instruction code="SETL  T2259, 3"><temps name="use"/><temps name="def"><temp name="T2259"/></temps><temps name="in"><temp name="T846"/><temp name="T2290"/><temp name="T2263"/><temp name="T845"/><temp name="T2206"/><temp name="T28"/><temp name="T2255"/><temp name="T2270"/><temp name="T2277"/><temp name="T2320"/><temp name="T2326"/><temp name="T2310"/><temp name="T2230"/><temp name="T2228"/><temp name="T2240"/><temp name="T2213"/><temp name="T2275"/><temp name="T2281"/><temp name="T2249"/><temp name="T2251"/><temp name="T2234"/><temp name="T2294"/><temp name="T2244"/><temp name="T2287"/><temp name="T2239"/><temp name="T852"/><temp name="T2314"/></temps><temps name="out"><temp name="T846"/><temp name="T2290"/><temp name="T2263"/><temp name="T845"/><temp name="T2206"/><temp name="T28"/><temp name="T2255"/><temp name="T2270"/><temp name="T2277"/><temp name="T2320"/><temp name="T2326"/><temp name="T2310"/><temp name="T2230"/><temp name="T2228"/><temp name="T2240"/><temp name="T2213"/><temp name="T2275"/><temp name="T2281"/><temp name="T2249"/><temp name="T2251"/><temp name="T2234"/><temp name="T2294"/><temp name="T2244"/><temp name="T2287"/><temp name="T2239"/><temp name="T852"/><temp name="T2314"/></temps></instruction><instruction code="INCML T2259, 0"><temps name="use"/><temps name="def"><temp name="T2259"/></temps><temps name="in"><temp name="T846"/><temp name="T2290"/><temp name="T2263"/><temp name="T845"/><temp name="T2206"/><temp name="T28"/><temp name="T2255"/><temp name="T2270"/><temp name="T2277"/><temp name="T2320"/><temp name="T2326"/><temp name="T2310"/><temp name="T2230"/><temp name="T2228"/><temp name="T2240"/><temp name="T2213"/><temp name="T2275"/><temp name="T2281"/><temp name="T2249"/><temp name="T2251"/><temp name="T2234"/><temp name="T2294"/><temp name="T2244"/><temp name="T2287"/><temp name="T2239"/><temp name="T852"/><temp name="T2314"/></temps><temps name="out"><temp name="T846"/><temp name="T2290"/><temp name="T2263"/><temp name="T845"/><temp name="T2206"/><temp name="T28"/><temp name="T2255"/><temp name="T2270"/><temp name="T2277"/><temp name="T2320"/><temp name="T2326"/><temp name="T2310"/><temp name="T2230"/><temp name="T2228"/><temp name="T2240"/><temp name="T2213"/><temp name="T2275"/><temp name="T2281"/><temp name="T2249"/><temp name="T2251"/><temp name="T2234"/><temp name="T2294"/><temp name="T2244"/><temp name="T2287"/><temp name="T2239"/><temp name="T852"/><temp name="T2314"/></temps></instruction><instruction code="INCMH T2259, 0"><temps name="use"/><temps name="def"><temp name="T2259"/></temps><temps name="in"><temp name="T846"/><temp name="T2290"/><temp name="T2263"/><temp name="T845"/><temp name="T2206"/><temp name="T28"/><temp name="T2255"/><temp name="T2270"/><temp name="T2277"/><temp name="T2320"/><temp name="T2326"/><temp name="T2310"/><temp name="T2230"/><temp name="T2228"/><temp name="T2240"/><temp name="T2213"/><temp name="T2275"/><temp name="T2281"/><temp name="T2249"/><temp name="T2251"/><temp name="T2234"/><temp name="T2294"/><temp name="T2244"/><temp name="T2287"/><temp name="T2239"/><temp name="T852"/><temp name="T2314"/></temps><temps name="out"><temp name="T846"/><temp name="T2290"/><temp name="T2263"/><temp name="T845"/><temp name="T2206"/><temp name="T28"/><temp name="T2255"/><temp name="T2270"/><temp name="T2277"/><temp name="T2320"/><temp name="T2326"/><temp name="T2310"/><temp name="T2230"/><temp name="T2228"/><temp name="T2240"/><temp name="T2213"/><temp name="T2275"/><temp name="T2281"/><temp name="T2249"/><temp name="T2251"/><temp name="T2234"/><temp name="T2294"/><temp name="T2244"/><temp name="T2287"/><temp name="T2239"/><temp name="T852"/><temp name="T2314"/></temps></instruction><instruction code="INCH  T2259, 0"><temps name="use"/><temps name="def"><temp name="T2259"/></temps><temps name="in"><temp name="T846"/><temp name="T2290"/><temp name="T2263"/><temp name="T845"/><temp name="T2206"/><temp name="T28"/><temp name="T2255"/><temp name="T2270"/><temp name="T2277"/><temp name="T2320"/><temp name="T2326"/><temp name="T2310"/><temp name="T2230"/><temp name="T2228"/><temp name="T2240"/><temp name="T2213"/><temp name="T2275"/><temp name="T2281"/><temp name="T2249"/><temp name="T2251"/><temp name="T2234"/><temp name="T2294"/><temp name="T2244"/><temp name="T2287"/><temp name="T2239"/><temp name="T852"/><temp name="T2314"/></temps><temps name="out"><temp name="T846"/><temp name="T2290"/><temp name="T2263"/><temp name="T845"/><temp name="T2206"/><temp name="T28"/><temp name="T2259"/><temp name="T2255"/><temp name="T2270"/><temp name="T2277"/><temp name="T2320"/><temp name="T2326"/><temp name="T2310"/><temp name="T2230"/><temp name="T2228"/><temp name="T2240"/><temp name="T2213"/><temp name="T2275"/><temp name="T2281"/><temp name="T2249"/><temp name="T2251"/><temp name="T2234"/><temp name="T2294"/><temp name="T2244"/><temp name="T2287"/><temp name="T2239"/><temp name="T852"/><temp name="T2314"/></temps></instruction><instruction code="OR T853, T2259, 0"><temps name="use"><temp name="T2259"/></temps><temps name="def"><temp name="T853"/></temps><temps name="in"><temp name="T846"/><temp name="T2290"/><temp name="T2263"/><temp name="T845"/><temp name="T2206"/><temp name="T28"/><temp name="T2259"/><temp name="T2255"/><temp name="T2270"/><temp name="T2277"/><temp name="T2320"/><temp name="T2326"/><temp name="T2310"/><temp name="T2230"/><temp name="T2228"/><temp name="T2240"/><temp name="T2213"/><temp name="T2275"/><temp name="T2281"/><temp name="T2249"/><temp name="T2251"/><temp name="T2234"/><temp name="T2294"/><temp name="T2244"/><temp name="T2287"/><temp name="T2239"/><temp name="T852"/><temp name="T2314"/></temps><temps name="out"><temp name="T846"/><temp name="T2290"/><temp name="T2263"/><temp name="T845"/><temp name="T2206"/><temp name="T28"/><temp name="T2255"/><temp name="T2270"/><temp name="T2277"/><temp name="T853"/><temp name="T2320"/><temp name="T2326"/><temp name="T2310"/><temp name="T2230"/><temp name="T2228"/><temp name="T2240"/><temp name="T2213"/><temp name="T2275"/><temp name="T2281"/><temp name="T2249"/><temp name="T2251"/><temp name="T2234"/><temp name="T2294"/><temp name="T2244"/><temp name="T2287"/><temp name="T2239"/><temp name="T852"/><temp name="T2314"/></temps></instruction><instruction code="DIV T2260, T852, T853"><temps name="use"><temp name="T852"/><temp name="T853"/></temps><temps name="def"><temp name="T2260"/></temps><temps name="in"><temp name="T846"/><temp name="T2290"/><temp name="T2263"/><temp name="T845"/><temp name="T2206"/><temp name="T28"/><temp name="T2255"/><temp name="T2270"/><temp name="T2277"/><temp name="T853"/><temp name="T2320"/><temp name="T2326"/><temp name="T2310"/><temp name="T2230"/><temp name="T2228"/><temp name="T2240"/><temp name="T2213"/><temp name="T2275"/><temp name="T2281"/><temp name="T2249"/><temp name="T2251"/><temp name="T2234"/><temp name="T2294"/><temp name="T2244"/><temp name="T2287"/><temp name="T2239"/><temp name="T852"/><temp name="T2314"/></temps><temps name="out"><temp name="T846"/><temp name="T2290"/><temp name="T2263"/><temp name="T845"/><temp name="T2206"/><temp name="T28"/><temp name="T2255"/><temp name="T2270"/><temp name="T2277"/><temp name="T2320"/><temp name="T2326"/><temp name="T2260"/><temp name="T2310"/><temp name="T2230"/><temp name="T2228"/><temp name="T2240"/><temp name="T2213"/><temp name="T2275"/><temp name="T2281"/><temp name="T2249"/><temp name="T2251"/><temp name="T2234"/><temp name="T2294"/><temp name="T2244"/><temp name="T2287"/><temp name="T2239"/><temp name="T2314"/></temps></instruction><instruction code="OR T854, T2260, 0"><temps name="use"><temp name="T2260"/></temps><temps name="def"><temp name="T854"/></temps><temps name="in"><temp name="T846"/><temp name="T2290"/><temp name="T2263"/><temp name="T845"/><temp name="T2206"/><temp name="T28"/><temp name="T2255"/><temp name="T2270"/><temp name="T2277"/><temp name="T2320"/><temp name="T2326"/><temp name="T2260"/><temp name="T2310"/><temp name="T2230"/><temp name="T2228"/><temp name="T2240"/><temp name="T2213"/><temp name="T2275"/><temp name="T2281"/><temp name="T2249"/><temp name="T2251"/><temp name="T2234"/><temp name="T2294"/><temp name="T2244"/><temp name="T2287"/><temp name="T2239"/><temp name="T2314"/></temps><temps name="out"><temp name="T846"/><temp name="T2290"/><temp name="T2263"/><temp name="T845"/><temp name="T2206"/><temp name="T28"/><temp name="T2255"/><temp name="T2270"/><temp name="T2277"/><temp name="T854"/><temp name="T2320"/><temp name="T2326"/><temp name="T2310"/><temp name="T2230"/><temp name="T2228"/><temp name="T2240"/><temp name="T2213"/><temp name="T2275"/><temp name="T2281"/><temp name="T2249"/><temp name="T2251"/><temp name="T2234"/><temp name="T2294"/><temp name="T2244"/><temp name="T2287"/><temp name="T2239"/><temp name="T2314"/></temps></instruction><instruction code="OR T855, T28, 0"><temps name="use"><temp name="T28"/></temps><temps name="def"><temp name="T855"/></temps><temps name="in"><temp name="T846"/><temp name="T2290"/><temp name="T2263"/><temp name="T845"/><temp name="T2206"/><temp name="T28"/><temp name="T2255"/><temp name="T2270"/><temp name="T2277"/><temp name="T854"/><temp name="T2320"/><temp name="T2326"/><temp name="T2310"/><temp name="T2230"/><temp name="T2228"/><temp name="T2240"/><temp name="T2213"/><temp name="T2275"/><temp name="T2281"/><temp name="T2249"/><temp name="T2251"/><temp name="T2234"/><temp name="T2294"/><temp name="T2244"/><temp name="T2287"/><temp name="T2239"/><temp name="T2314"/></temps><temps name="out"><temp name="T846"/><temp name="T2290"/><temp name="T2263"/><temp name="T845"/><temp name="T2206"/><temp name="T28"/><temp name="T2255"/><temp name="T2270"/><temp name="T2277"/><temp name="T854"/><temp name="T2320"/><temp name="T2326"/><temp name="T2310"/><temp name="T2230"/><temp name="T2228"/><temp name="T2240"/><temp name="T2213"/><temp name="T2275"/><temp name="T2281"/><temp name="T2249"/><temp name="T2251"/><temp name="T2234"/><temp name="T2294"/><temp name="T2244"/><temp name="T2287"/><temp name="T2239"/><temp name="T855"/><temp name="T2314"/></temps></instruction><instruction code="SETL  T2261, 8"><temps name="use"/><temps name="def"><temp name="T2261"/></temps><temps name="in"><temp name="T846"/><temp name="T2290"/><temp name="T2263"/><temp name="T845"/><temp name="T2206"/><temp name="T28"/><temp name="T2255"/><temp name="T2270"/><temp name="T2277"/><temp name="T854"/><temp name="T2320"/><temp name="T2326"/><temp name="T2310"/><temp name="T2230"/><temp name="T2228"/><temp name="T2240"/><temp name="T2213"/><temp name="T2275"/><temp name="T2281"/><temp name="T2249"/><temp name="T2251"/><temp name="T2234"/><temp name="T2294"/><temp name="T2244"/><temp name="T2287"/><temp name="T2239"/><temp name="T855"/><temp name="T2314"/></temps><temps name="out"><temp name="T846"/><temp name="T2290"/><temp name="T2263"/><temp name="T845"/><temp name="T2206"/><temp name="T28"/><temp name="T2255"/><temp name="T2270"/><temp name="T2277"/><temp name="T854"/><temp name="T2320"/><temp name="T2326"/><temp name="T2310"/><temp name="T2230"/><temp name="T2228"/><temp name="T2240"/><temp name="T2213"/><temp name="T2275"/><temp name="T2281"/><temp name="T2249"/><temp name="T2251"/><temp name="T2234"/><temp name="T2294"/><temp name="T2244"/><temp name="T2287"/><temp name="T2239"/><temp name="T855"/><temp name="T2314"/></temps></instruction><instruction code="INCML T2261, 0"><temps name="use"/><temps name="def"><temp name="T2261"/></temps><temps name="in"><temp name="T846"/><temp name="T2290"/><temp name="T2263"/><temp name="T845"/><temp name="T2206"/><temp name="T28"/><temp name="T2255"/><temp name="T2270"/><temp name="T2277"/><temp name="T854"/><temp name="T2320"/><temp name="T2326"/><temp name="T2310"/><temp name="T2230"/><temp name="T2228"/><temp name="T2240"/><temp name="T2213"/><temp name="T2275"/><temp name="T2281"/><temp name="T2249"/><temp name="T2251"/><temp name="T2234"/><temp name="T2294"/><temp name="T2244"/><temp name="T2287"/><temp name="T2239"/><temp name="T855"/><temp name="T2314"/></temps><temps name="out"><temp name="T846"/><temp name="T2290"/><temp name="T2263"/><temp name="T845"/><temp name="T2206"/><temp name="T28"/><temp name="T2255"/><temp name="T2270"/><temp name="T2277"/><temp name="T854"/><temp name="T2320"/><temp name="T2326"/><temp name="T2310"/><temp name="T2230"/><temp name="T2228"/><temp name="T2240"/><temp name="T2213"/><temp name="T2275"/><temp name="T2281"/><temp name="T2249"/><temp name="T2251"/><temp name="T2234"/><temp name="T2294"/><temp name="T2244"/><temp name="T2287"/><temp name="T2239"/><temp name="T855"/><temp name="T2314"/></temps></instruction><instruction code="INCMH T2261, 0"><temps name="use"/><temps name="def"><temp name="T2261"/></temps><temps name="in"><temp name="T846"/><temp name="T2290"/><temp name="T2263"/><temp name="T845"/><temp name="T2206"/><temp name="T28"/><temp name="T2255"/><temp name="T2270"/><temp name="T2277"/><temp name="T854"/><temp name="T2320"/><temp name="T2326"/><temp name="T2310"/><temp name="T2230"/><temp name="T2228"/><temp name="T2240"/><temp name="T2213"/><temp name="T2275"/><temp name="T2281"/><temp name="T2249"/><temp name="T2251"/><temp name="T2234"/><temp name="T2294"/><temp name="T2244"/><temp name="T2287"/><temp name="T2239"/><temp name="T855"/><temp name="T2314"/></temps><temps name="out"><temp name="T846"/><temp name="T2290"/><temp name="T2263"/><temp name="T845"/><temp name="T2206"/><temp name="T28"/><temp name="T2255"/><temp name="T2270"/><temp name="T2277"/><temp name="T854"/><temp name="T2320"/><temp name="T2326"/><temp name="T2310"/><temp name="T2230"/><temp name="T2228"/><temp name="T2240"/><temp name="T2213"/><temp name="T2275"/><temp name="T2281"/><temp name="T2249"/><temp name="T2251"/><temp name="T2234"/><temp name="T2294"/><temp name="T2244"/><temp name="T2287"/><temp name="T2239"/><temp name="T855"/><temp name="T2314"/></temps></instruction><instruction code="INCH  T2261, 0"><temps name="use"/><temps name="def"><temp name="T2261"/></temps><temps name="in"><temp name="T846"/><temp name="T2290"/><temp name="T2263"/><temp name="T845"/><temp name="T2206"/><temp name="T28"/><temp name="T2255"/><temp name="T2270"/><temp name="T2277"/><temp name="T854"/><temp name="T2320"/><temp name="T2326"/><temp name="T2310"/><temp name="T2230"/><temp name="T2228"/><temp name="T2240"/><temp name="T2213"/><temp name="T2275"/><temp name="T2281"/><temp name="T2249"/><temp name="T2251"/><temp name="T2234"/><temp name="T2294"/><temp name="T2244"/><temp name="T2287"/><temp name="T2239"/><temp name="T855"/><temp name="T2314"/></temps><temps name="out"><temp name="T846"/><temp name="T2290"/><temp name="T2263"/><temp name="T845"/><temp name="T2206"/><temp name="T28"/><temp name="T2255"/><temp name="T2270"/><temp name="T2277"/><temp name="T854"/><temp name="T2320"/><temp name="T2326"/><temp name="T2310"/><temp name="T2230"/><temp name="T2228"/><temp name="T2240"/><temp name="T2213"/><temp name="T2275"/><temp name="T2281"/><temp name="T2249"/><temp name="T2261"/><temp name="T2251"/><temp name="T2234"/><temp name="T2294"/><temp name="T2244"/><temp name="T2287"/><temp name="T2239"/><temp name="T855"/><temp name="T2314"/></temps></instruction><instruction code="OR T856, T2261, 0"><temps name="use"><temp name="T2261"/></temps><temps name="def"><temp name="T856"/></temps><temps name="in"><temp name="T846"/><temp name="T2290"/><temp name="T2263"/><temp name="T845"/><temp name="T2206"/><temp name="T28"/><temp name="T2255"/><temp name="T2270"/><temp name="T2277"/><temp name="T854"/><temp name="T2320"/><temp name="T2326"/><temp name="T2310"/><temp name="T2230"/><temp name="T2228"/><temp name="T2240"/><temp name="T2213"/><temp name="T2275"/><temp name="T2281"/><temp name="T2249"/><temp name="T2261"/><temp name="T2251"/><temp name="T2234"/><temp name="T2294"/><temp name="T2244"/><temp name="T2287"/><temp name="T2239"/><temp name="T855"/><temp name="T2314"/></temps><temps name="out"><temp name="T846"/><temp name="T2290"/><temp name="T2263"/><temp name="T845"/><temp name="T2206"/><temp name="T28"/><temp name="T2255"/><temp name="T2270"/><temp name="T2277"/><temp name="T854"/><temp name="T2320"/><temp name="T2326"/><temp name="T2310"/><temp name="T2230"/><temp name="T2228"/><temp name="T2240"/><temp name="T856"/><temp name="T2213"/><temp name="T2275"/><temp name="T2281"/><temp name="T2249"/><temp name="T2251"/><temp name="T2234"/><temp name="T2294"/><temp name="T2244"/><temp name="T2287"/><temp name="T2239"/><temp name="T855"/><temp name="T2314"/></temps></instruction><instruction code="ADD T2262, T855, T856"><temps name="use"><temp name="T855"/><temp name="T856"/></temps><temps name="def"><temp name="T2262"/></temps><temps name="in"><temp name="T846"/><temp name="T2290"/><temp name="T2263"/><temp name="T845"/><temp name="T2206"/><temp name="T28"/><temp name="T2255"/><temp name="T2270"/><temp name="T2277"/><temp name="T854"/><temp name="T2320"/><temp name="T2326"/><temp name="T2310"/><temp name="T2230"/><temp name="T2228"/><temp name="T2240"/><temp name="T856"/><temp name="T2213"/><temp name="T2275"/><temp name="T2281"/><temp name="T2249"/><temp name="T2251"/><temp name="T2234"/><temp name="T2294"/><temp name="T2244"/><temp name="T2287"/><temp name="T2239"/><temp name="T855"/><temp name="T2314"/></temps><temps name="out"><temp name="T846"/><temp name="T2290"/><temp name="T2263"/><temp name="T2262"/><temp name="T845"/><temp name="T2206"/><temp name="T28"/><temp name="T2255"/><temp name="T2270"/><temp name="T2277"/><temp name="T854"/><temp name="T2320"/><temp name="T2326"/><temp name="T2310"/><temp name="T2230"/><temp name="T2228"/><temp name="T2240"/><temp name="T2213"/><temp name="T2275"/><temp name="T2281"/><temp name="T2249"/><temp name="T2251"/><temp name="T2234"/><temp name="T2294"/><temp name="T2244"/><temp name="T2287"/><temp name="T2239"/><temp name="T2314"/></temps></instruction><instruction code="OR T857, T2262, 0"><temps name="use"><temp name="T2262"/></temps><temps name="def"><temp name="T857"/></temps><temps name="in"><temp name="T846"/><temp name="T2290"/><temp name="T2263"/><temp name="T2262"/><temp name="T845"/><temp name="T2206"/><temp name="T28"/><temp name="T2255"/><temp name="T2270"/><temp name="T2277"/><temp name="T854"/><temp name="T2320"/><temp name="T2326"/><temp name="T2310"/><temp name="T2230"/><temp name="T2228"/><temp name="T2240"/><temp name="T2213"/><temp name="T2275"/><temp name="T2281"/><temp name="T2249"/><temp name="T2251"/><temp name="T2234"/><temp name="T2294"/><temp name="T2244"/><temp name="T2287"/><temp name="T2239"/><temp name="T2314"/></temps><temps name="out"><temp name="T846"/><temp name="T2290"/><temp name="T2263"/><temp name="T845"/><temp name="T2206"/><temp name="T28"/><temp name="T2255"/><temp name="T2270"/><temp name="T2277"/><temp name="T854"/><temp name="T2320"/><temp name="T2326"/><temp name="T2310"/><temp name="T2230"/><temp name="T2228"/><temp name="T2240"/><temp name="T2213"/><temp name="T2275"/><temp name="T2281"/><temp name="T2249"/><temp name="T2251"/><temp name="T2234"/><temp name="T2294"/><temp name="T2244"/><temp name="T2287"/><temp name="T2239"/><temp name="T2314"/></temps></instruction><instruction code="LDO T2264, T2263, 0"><temps name="use"><temp name="T2263"/></temps><temps name="def"><temp name="T2264"/></temps><temps name="in"><temp name="T846"/><temp name="T2290"/><temp name="T2263"/><temp name="T845"/><temp name="T2206"/><temp name="T28"/><temp name="T2255"/><temp name="T2270"/><temp name="T2277"/><temp name="T854"/><temp name="T2320"/><temp name="T2326"/><temp name="T2310"/><temp name="T2230"/><temp name="T2228"/><temp name="T2240"/><temp name="T2213"/><temp name="T2275"/><temp name="T2281"/><temp name="T2249"/><temp name="T2251"/><temp name="T2234"/><temp name="T2294"/><temp name="T2244"/><temp name="T2287"/><temp name="T2239"/><temp name="T2314"/></temps><temps name="out"><temp name="T846"/><temp name="T2290"/><temp name="T2263"/><temp name="T845"/><temp name="T2206"/><temp name="T28"/><temp name="T2255"/><temp name="T2270"/><temp name="T2277"/><temp name="T854"/><temp name="T2320"/><temp name="T2326"/><temp name="T2310"/><temp name="T2230"/><temp name="T2228"/><temp name="T2240"/><temp name="T2264"/><temp name="T2213"/><temp name="T2275"/><temp name="T2281"/><temp name="T2249"/><temp name="T2251"/><temp name="T2234"/><temp name="T2294"/><temp name="T2244"/><temp name="T2287"/><temp name="T2239"/><temp name="T2314"/></temps></instruction><instruction code="OR T858, T2264, 0"><temps name="use"><temp name="T2264"/></temps><temps name="def"><temp name="T858"/></temps><temps name="in"><temp name="T846"/><temp name="T2290"/><temp name="T2263"/><temp name="T845"/><temp name="T2206"/><temp name="T28"/><temp name="T2255"/><temp name="T2270"/><temp name="T2277"/><temp name="T854"/><temp name="T2320"/><temp name="T2326"/><temp name="T2310"/><temp name="T2230"/><temp name="T2228"/><temp name="T2240"/><temp name="T2264"/><temp name="T2213"/><temp name="T2275"/><temp name="T2281"/><temp name="T2249"/><temp name="T2251"/><temp name="T2234"/><temp name="T2294"/><temp name="T2244"/><temp name="T2287"/><temp name="T2239"/><temp name="T2314"/></temps><temps name="out"><temp name="T846"/><temp name="T858"/><temp name="T2290"/><temp name="T2263"/><temp name="T845"/><temp name="T2206"/><temp name="T28"/><temp name="T2255"/><temp name="T2270"/><temp name="T2277"/><temp name="T854"/><temp name="T2320"/><temp name="T2326"/><temp name="T2310"/><temp name="T2230"/><temp name="T2228"/><temp name="T2240"/><temp name="T2213"/><temp name="T2275"/><temp name="T2281"/><temp name="T2249"/><temp name="T2251"/><temp name="T2234"/><temp name="T2294"/><temp name="T2244"/><temp name="T2287"/><temp name="T2239"/><temp name="T2314"/></temps></instruction><instruction code="SETL  T2265, 9"><temps name="use"/><temps name="def"><temp name="T2265"/></temps><temps name="in"><temp name="T846"/><temp name="T858"/><temp name="T2290"/><temp name="T2263"/><temp name="T845"/><temp name="T2206"/><temp name="T28"/><temp name="T2255"/><temp name="T2270"/><temp name="T2277"/><temp name="T854"/><temp name="T2320"/><temp name="T2326"/><temp name="T2310"/><temp name="T2230"/><temp name="T2228"/><temp name="T2240"/><temp name="T2213"/><temp name="T2275"/><temp name="T2281"/><temp name="T2249"/><temp name="T2251"/><temp name="T2234"/><temp name="T2294"/><temp name="T2244"/><temp name="T2287"/><temp name="T2239"/><temp name="T2314"/></temps><temps name="out"><temp name="T846"/><temp name="T858"/><temp name="T2290"/><temp name="T2263"/><temp name="T845"/><temp name="T2206"/><temp name="T28"/><temp name="T2255"/><temp name="T2270"/><temp name="T2277"/><temp name="T854"/><temp name="T2320"/><temp name="T2326"/><temp name="T2310"/><temp name="T2230"/><temp name="T2228"/><temp name="T2240"/><temp name="T2213"/><temp name="T2275"/><temp name="T2281"/><temp name="T2249"/><temp name="T2251"/><temp name="T2234"/><temp name="T2294"/><temp name="T2244"/><temp name="T2287"/><temp name="T2239"/><temp name="T2314"/></temps></instruction><instruction code="INCML T2265, 0"><temps name="use"/><temps name="def"><temp name="T2265"/></temps><temps name="in"><temp name="T846"/><temp name="T858"/><temp name="T2290"/><temp name="T2263"/><temp name="T845"/><temp name="T2206"/><temp name="T28"/><temp name="T2255"/><temp name="T2270"/><temp name="T2277"/><temp name="T854"/><temp name="T2320"/><temp name="T2326"/><temp name="T2310"/><temp name="T2230"/><temp name="T2228"/><temp name="T2240"/><temp name="T2213"/><temp name="T2275"/><temp name="T2281"/><temp name="T2249"/><temp name="T2251"/><temp name="T2234"/><temp name="T2294"/><temp name="T2244"/><temp name="T2287"/><temp name="T2239"/><temp name="T2314"/></temps><temps name="out"><temp name="T846"/><temp name="T858"/><temp name="T2290"/><temp name="T2263"/><temp name="T845"/><temp name="T2206"/><temp name="T28"/><temp name="T2255"/><temp name="T2270"/><temp name="T2277"/><temp name="T854"/><temp name="T2320"/><temp name="T2326"/><temp name="T2310"/><temp name="T2230"/><temp name="T2228"/><temp name="T2240"/><temp name="T2213"/><temp name="T2275"/><temp name="T2281"/><temp name="T2249"/><temp name="T2251"/><temp name="T2234"/><temp name="T2294"/><temp name="T2244"/><temp name="T2287"/><temp name="T2239"/><temp name="T2314"/></temps></instruction><instruction code="INCMH T2265, 0"><temps name="use"/><temps name="def"><temp name="T2265"/></temps><temps name="in"><temp name="T846"/><temp name="T858"/><temp name="T2290"/><temp name="T2263"/><temp name="T845"/><temp name="T2206"/><temp name="T28"/><temp name="T2255"/><temp name="T2270"/><temp name="T2277"/><temp name="T854"/><temp name="T2320"/><temp name="T2326"/><temp name="T2310"/><temp name="T2230"/><temp name="T2228"/><temp name="T2240"/><temp name="T2213"/><temp name="T2275"/><temp name="T2281"/><temp name="T2249"/><temp name="T2251"/><temp name="T2234"/><temp name="T2294"/><temp name="T2244"/><temp name="T2287"/><temp name="T2239"/><temp name="T2314"/></temps><temps name="out"><temp name="T846"/><temp name="T858"/><temp name="T2290"/><temp name="T2263"/><temp name="T845"/><temp name="T2206"/><temp name="T28"/><temp name="T2255"/><temp name="T2270"/><temp name="T2277"/><temp name="T854"/><temp name="T2320"/><temp name="T2326"/><temp name="T2310"/><temp name="T2230"/><temp name="T2228"/><temp name="T2240"/><temp name="T2213"/><temp name="T2275"/><temp name="T2281"/><temp name="T2249"/><temp name="T2251"/><temp name="T2234"/><temp name="T2294"/><temp name="T2244"/><temp name="T2287"/><temp name="T2239"/><temp name="T2314"/></temps></instruction><instruction code="INCH  T2265, 0"><temps name="use"/><temps name="def"><temp name="T2265"/></temps><temps name="in"><temp name="T846"/><temp name="T858"/><temp name="T2290"/><temp name="T2263"/><temp name="T845"/><temp name="T2206"/><temp name="T28"/><temp name="T2255"/><temp name="T2270"/><temp name="T2277"/><temp name="T854"/><temp name="T2320"/><temp name="T2326"/><temp name="T2310"/><temp name="T2230"/><temp name="T2228"/><temp name="T2240"/><temp name="T2213"/><temp name="T2275"/><temp name="T2281"/><temp name="T2249"/><temp name="T2251"/><temp name="T2234"/><temp name="T2294"/><temp name="T2244"/><temp name="T2287"/><temp name="T2239"/><temp name="T2314"/></temps><temps name="out"><temp name="T846"/><temp name="T858"/><temp name="T2290"/><temp name="T2263"/><temp name="T845"/><temp name="T2206"/><temp name="T28"/><temp name="T2255"/><temp name="T2270"/><temp name="T2277"/><temp name="T854"/><temp name="T2320"/><temp name="T2326"/><temp name="T2310"/><temp name="T2230"/><temp name="T2228"/><temp name="T2240"/><temp name="T2265"/><temp name="T2213"/><temp name="T2275"/><temp name="T2281"/><temp name="T2249"/><temp name="T2251"/><temp name="T2234"/><temp name="T2294"/><temp name="T2244"/><temp name="T2287"/><temp name="T2239"/><temp name="T2314"/></temps></instruction><instruction code="OR T859, T2265, 0"><temps name="use"><temp name="T2265"/></temps><temps name="def"><temp name="T859"/></temps><temps name="in"><temp name="T846"/><temp name="T858"/><temp name="T2290"/><temp name="T2263"/><temp name="T845"/><temp name="T2206"/><temp name="T28"/><temp name="T2255"/><temp name="T2270"/><temp name="T2277"/><temp name="T854"/><temp name="T2320"/><temp name="T2326"/><temp name="T2310"/><temp name="T2230"/><temp name="T2228"/><temp name="T2240"/><temp name="T2265"/><temp name="T2213"/><temp name="T2275"/><temp name="T2281"/><temp name="T2249"/><temp name="T2251"/><temp name="T2234"/><temp name="T2294"/><temp name="T2244"/><temp name="T2287"/><temp name="T2239"/><temp name="T2314"/></temps><temps name="out"><temp name="T846"/><temp name="T858"/><temp name="T2290"/><temp name="T2263"/><temp name="T845"/><temp name="T2206"/><temp name="T28"/><temp name="T2255"/><temp name="T859"/><temp name="T2270"/><temp name="T2277"/><temp name="T854"/><temp name="T2320"/><temp name="T2326"/><temp name="T2310"/><temp name="T2230"/><temp name="T2228"/><temp name="T2240"/><temp name="T2213"/><temp name="T2275"/><temp name="T2281"/><temp name="T2249"/><temp name="T2251"/><temp name="T2234"/><temp name="T2294"/><temp name="T2244"/><temp name="T2287"/><temp name="T2239"/><temp name="T2314"/></temps></instruction><instruction code="DIV T2266, T858, T859"><temps name="use"><temp name="T858"/><temp name="T859"/></temps><temps name="def"><temp name="T2266"/></temps><temps name="in"><temp name="T846"/><temp name="T858"/><temp name="T2290"/><temp name="T2263"/><temp name="T845"/><temp name="T2206"/><temp name="T28"/><temp name="T2255"/><temp name="T859"/><temp name="T2270"/><temp name="T2277"/><temp name="T854"/><temp name="T2320"/><temp name="T2326"/><temp name="T2310"/><temp name="T2230"/><temp name="T2228"/><temp name="T2240"/><temp name="T2213"/><temp name="T2275"/><temp name="T2281"/><temp name="T2249"/><temp name="T2251"/><temp name="T2234"/><temp name="T2294"/><temp name="T2244"/><temp name="T2287"/><temp name="T2239"/><temp name="T2314"/></temps><temps name="out"><temp name="T846"/><temp name="T2290"/><temp name="T2263"/><temp name="T845"/><temp name="T2206"/><temp name="T28"/><temp name="T2255"/><temp name="T2270"/><temp name="T2277"/><temp name="T854"/><temp name="T2320"/><temp name="T2326"/><temp name="T2310"/><temp name="T2230"/><temp name="T2228"/><temp name="T2240"/><temp name="T2213"/><temp name="T2275"/><temp name="T2281"/><temp name="T2249"/><temp name="T2251"/><temp name="T2234"/><temp name="T2294"/><temp name="T2244"/><temp name="T2287"/><temp name="T2239"/><temp name="T2314"/></temps></instruction><instruction code="OR T2266, rR, 0"><temps name="use"/><temps name="def"><temp name="T2266"/></temps><temps name="in"><temp name="T846"/><temp name="T2290"/><temp name="T2263"/><temp name="T845"/><temp name="T2206"/><temp name="T28"/><temp name="T2255"/><temp name="T2270"/><temp name="T2277"/><temp name="T854"/><temp name="T2320"/><temp name="T2326"/><temp name="T2310"/><temp name="T2230"/><temp name="T2228"/><temp name="T2240"/><temp name="T2213"/><temp name="T2275"/><temp name="T2281"/><temp name="T2249"/><temp name="T2251"/><temp name="T2234"/><temp name="T2294"/><temp name="T2244"/><temp name="T2287"/><temp name="T2239"/><temp name="T2314"/></temps><temps name="out"><temp name="T846"/><temp name="T2290"/><temp name="T2266"/><temp name="T2263"/><temp name="T845"/><temp name="T2206"/><temp name="T28"/><temp name="T2255"/><temp name="T2270"/><temp name="T2277"/><temp name="T854"/><temp name="T2320"/><temp name="T2326"/><temp name="T2310"/><temp name="T2230"/><temp name="T2228"/><temp name="T2240"/><temp name="T2213"/><temp name="T2275"/><temp name="T2281"/><temp name="T2249"/><temp name="T2251"/><temp name="T2234"/><temp name="T2294"/><temp name="T2244"/><temp name="T2287"/><temp name="T2239"/><temp name="T2314"/></temps></instruction><instruction code="OR T860, T2266, 0"><temps name="use"><temp name="T2266"/></temps><temps name="def"><temp name="T860"/></temps><temps name="in"><temp name="T846"/><temp name="T2290"/><temp name="T2266"/><temp name="T2263"/><temp name="T845"/><temp name="T2206"/><temp name="T28"/><temp name="T2255"/><temp name="T2270"/><temp name="T2277"/><temp name="T854"/><temp name="T2320"/><temp name="T2326"/><temp name="T2310"/><temp name="T2230"/><temp name="T2228"/><temp name="T2240"/><temp name="T2213"/><temp name="T2275"/><temp name="T2281"/><temp name="T2249"/><temp name="T2251"/><temp name="T2234"/><temp name="T2294"/><temp name="T2244"/><temp name="T2287"/><temp name="T2239"/><temp name="T2314"/></temps><temps name="out"><temp name="T846"/><temp name="T2290"/><temp name="T2263"/><temp name="T845"/><temp name="T2206"/><temp name="T28"/><temp name="T2255"/><temp name="T2270"/><temp name="T2277"/><temp name="T854"/><temp name="T2320"/><temp name="T2326"/><temp name="T2310"/><temp name="T2230"/><temp name="T860"/><temp name="T2228"/><temp name="T2240"/><temp name="T2213"/><temp name="T2275"/><temp name="T2281"/><temp name="T2249"/><temp name="T2251"/><temp name="T2234"/><temp name="T2294"/><temp name="T2244"/><temp name="T2287"/><temp name="T2239"/><temp name="T2314"/></temps></instruction><instruction code="SETL  T2267, 3"><temps name="use"/><temps name="def"><temp name="T2267"/></temps><temps name="in"><temp name="T846"/><temp name="T2290"/><temp name="T2263"/><temp name="T845"/><temp name="T2206"/><temp name="T28"/><temp name="T2255"/><temp name="T2270"/><temp name="T2277"/><temp name="T854"/><temp name="T2320"/><temp name="T2326"/><temp name="T2310"/><temp name="T2230"/><temp name="T860"/><temp name="T2228"/><temp name="T2240"/><temp name="T2213"/><temp name="T2275"/><temp name="T2281"/><temp name="T2249"/><temp name="T2251"/><temp name="T2234"/><temp name="T2294"/><temp name="T2244"/><temp name="T2287"/><temp name="T2239"/><temp name="T2314"/></temps><temps name="out"><temp name="T846"/><temp name="T2290"/><temp name="T2263"/><temp name="T845"/><temp name="T2206"/><temp name="T28"/><temp name="T2255"/><temp name="T2270"/><temp name="T2277"/><temp name="T854"/><temp name="T2320"/><temp name="T2326"/><temp name="T2310"/><temp name="T2230"/><temp name="T860"/><temp name="T2228"/><temp name="T2240"/><temp name="T2213"/><temp name="T2275"/><temp name="T2281"/><temp name="T2249"/><temp name="T2251"/><temp name="T2234"/><temp name="T2294"/><temp name="T2244"/><temp name="T2287"/><temp name="T2239"/><temp name="T2314"/></temps></instruction><instruction code="INCML T2267, 0"><temps name="use"/><temps name="def"><temp name="T2267"/></temps><temps name="in"><temp name="T846"/><temp name="T2290"/><temp name="T2263"/><temp name="T845"/><temp name="T2206"/><temp name="T28"/><temp name="T2255"/><temp name="T2270"/><temp name="T2277"/><temp name="T854"/><temp name="T2320"/><temp name="T2326"/><temp name="T2310"/><temp name="T2230"/><temp name="T860"/><temp name="T2228"/><temp name="T2240"/><temp name="T2213"/><temp name="T2275"/><temp name="T2281"/><temp name="T2249"/><temp name="T2251"/><temp name="T2234"/><temp name="T2294"/><temp name="T2244"/><temp name="T2287"/><temp name="T2239"/><temp name="T2314"/></temps><temps name="out"><temp name="T846"/><temp name="T2290"/><temp name="T2263"/><temp name="T845"/><temp name="T2206"/><temp name="T28"/><temp name="T2255"/><temp name="T2270"/><temp name="T2277"/><temp name="T854"/><temp name="T2320"/><temp name="T2326"/><temp name="T2310"/><temp name="T2230"/><temp name="T860"/><temp name="T2228"/><temp name="T2240"/><temp name="T2213"/><temp name="T2275"/><temp name="T2281"/><temp name="T2249"/><temp name="T2251"/><temp name="T2234"/><temp name="T2294"/><temp name="T2244"/><temp name="T2287"/><temp name="T2239"/><temp name="T2314"/></temps></instruction><instruction code="INCMH T2267, 0"><temps name="use"/><temps name="def"><temp name="T2267"/></temps><temps name="in"><temp name="T846"/><temp name="T2290"/><temp name="T2263"/><temp name="T845"/><temp name="T2206"/><temp name="T28"/><temp name="T2255"/><temp name="T2270"/><temp name="T2277"/><temp name="T854"/><temp name="T2320"/><temp name="T2326"/><temp name="T2310"/><temp name="T2230"/><temp name="T860"/><temp name="T2228"/><temp name="T2240"/><temp name="T2213"/><temp name="T2275"/><temp name="T2281"/><temp name="T2249"/><temp name="T2251"/><temp name="T2234"/><temp name="T2294"/><temp name="T2244"/><temp name="T2287"/><temp name="T2239"/><temp name="T2314"/></temps><temps name="out"><temp name="T846"/><temp name="T2290"/><temp name="T2263"/><temp name="T845"/><temp name="T2206"/><temp name="T28"/><temp name="T2255"/><temp name="T2270"/><temp name="T2277"/><temp name="T854"/><temp name="T2320"/><temp name="T2326"/><temp name="T2310"/><temp name="T2230"/><temp name="T860"/><temp name="T2228"/><temp name="T2240"/><temp name="T2213"/><temp name="T2275"/><temp name="T2281"/><temp name="T2249"/><temp name="T2251"/><temp name="T2234"/><temp name="T2294"/><temp name="T2244"/><temp name="T2287"/><temp name="T2239"/><temp name="T2314"/></temps></instruction><instruction code="INCH  T2267, 0"><temps name="use"/><temps name="def"><temp name="T2267"/></temps><temps name="in"><temp name="T846"/><temp name="T2290"/><temp name="T2263"/><temp name="T845"/><temp name="T2206"/><temp name="T28"/><temp name="T2255"/><temp name="T2270"/><temp name="T2277"/><temp name="T854"/><temp name="T2320"/><temp name="T2326"/><temp name="T2310"/><temp name="T2230"/><temp name="T860"/><temp name="T2228"/><temp name="T2240"/><temp name="T2213"/><temp name="T2275"/><temp name="T2281"/><temp name="T2249"/><temp name="T2251"/><temp name="T2234"/><temp name="T2294"/><temp name="T2244"/><temp name="T2287"/><temp name="T2239"/><temp name="T2314"/></temps><temps name="out"><temp name="T846"/><temp name="T2290"/><temp name="T2263"/><temp name="T845"/><temp name="T2206"/><temp name="T28"/><temp name="T2255"/><temp name="T2270"/><temp name="T2277"/><temp name="T854"/><temp name="T2320"/><temp name="T2326"/><temp name="T2310"/><temp name="T2230"/><temp name="T860"/><temp name="T2228"/><temp name="T2240"/><temp name="T2213"/><temp name="T2275"/><temp name="T2281"/><temp name="T2249"/><temp name="T2251"/><temp name="T2234"/><temp name="T2267"/><temp name="T2294"/><temp name="T2244"/><temp name="T2287"/><temp name="T2239"/><temp name="T2314"/></temps></instruction><instruction code="OR T861, T2267, 0"><temps name="use"><temp name="T2267"/></temps><temps name="def"><temp name="T861"/></temps><temps name="in"><temp name="T846"/><temp name="T2290"/><temp name="T2263"/><temp name="T845"/><temp name="T2206"/><temp name="T28"/><temp name="T2255"/><temp name="T2270"/><temp name="T2277"/><temp name="T854"/><temp name="T2320"/><temp name="T2326"/><temp name="T2310"/><temp name="T2230"/><temp name="T860"/><temp name="T2228"/><temp name="T2240"/><temp name="T2213"/><temp name="T2275"/><temp name="T2281"/><temp name="T2249"/><temp name="T2251"/><temp name="T2234"/><temp name="T2267"/><temp name="T2294"/><temp name="T2244"/><temp name="T2287"/><temp name="T2239"/><temp name="T2314"/></temps><temps name="out"><temp name="T846"/><temp name="T2290"/><temp name="T2263"/><temp name="T845"/><temp name="T2206"/><temp name="T28"/><temp name="T2255"/><temp name="T861"/><temp name="T2270"/><temp name="T2277"/><temp name="T854"/><temp name="T2320"/><temp name="T2326"/><temp name="T2310"/><temp name="T2230"/><temp name="T860"/><temp name="T2228"/><temp name="T2240"/><temp name="T2213"/><temp name="T2275"/><temp name="T2281"/><temp name="T2249"/><temp name="T2251"/><temp name="T2234"/><temp name="T2294"/><temp name="T2244"/><temp name="T2287"/><temp name="T2239"/><temp name="T2314"/></temps></instruction><instruction code="DIV T2268, T860, T861"><temps name="use"><temp name="T860"/><temp name="T861"/></temps><temps name="def"><temp name="T2268"/></temps><temps name="in"><temp name="T846"/><temp name="T2290"/><temp name="T2263"/><temp name="T845"/><temp name="T2206"/><temp name="T28"/><temp name="T2255"/><temp name="T861"/><temp name="T2270"/><temp name="T2277"/><temp name="T854"/><temp name="T2320"/><temp name="T2326"/><temp name="T2310"/><temp name="T2230"/><temp name="T860"/><temp name="T2228"/><temp name="T2240"/><temp name="T2213"/><temp name="T2275"/><temp name="T2281"/><temp name="T2249"/><temp name="T2251"/><temp name="T2234"/><temp name="T2294"/><temp name="T2244"/><temp name="T2287"/><temp name="T2239"/><temp name="T2314"/></temps><temps name="out"><temp name="T846"/><temp name="T2290"/><temp name="T2263"/><temp name="T845"/><temp name="T2206"/><temp name="T28"/><temp name="T2255"/><temp name="T2270"/><temp name="T2277"/><temp name="T854"/><temp name="T2320"/><temp name="T2326"/><temp name="T2268"/><temp name="T2310"/><temp name="T2230"/><temp name="T2228"/><temp name="T2240"/><temp name="T2213"/><temp name="T2275"/><temp name="T2281"/><temp name="T2249"/><temp name="T2251"/><temp name="T2234"/><temp name="T2294"/><temp name="T2244"/><temp name="T2287"/><temp name="T2239"/><temp name="T2314"/></temps></instruction><instruction code="OR T862, T2268, 0"><temps name="use"><temp name="T2268"/></temps><temps name="def"><temp name="T862"/></temps><temps name="in"><temp name="T846"/><temp name="T2290"/><temp name="T2263"/><temp name="T845"/><temp name="T2206"/><temp name="T28"/><temp name="T2255"/><temp name="T2270"/><temp name="T2277"/><temp name="T854"/><temp name="T2320"/><temp name="T2326"/><temp name="T2268"/><temp name="T2310"/><temp name="T2230"/><temp name="T2228"/><temp name="T2240"/><temp name="T2213"/><temp name="T2275"/><temp name="T2281"/><temp name="T2249"/><temp name="T2251"/><temp name="T2234"/><temp name="T2294"/><temp name="T2244"/><temp name="T2287"/><temp name="T2239"/><temp name="T2314"/></temps><temps name="out"><temp name="T846"/><temp name="T2290"/><temp name="T2263"/><temp name="T845"/><temp name="T2206"/><temp name="T28"/><temp name="T2255"/><temp name="T2270"/><temp name="T862"/><temp name="T2277"/><temp name="T854"/><temp name="T2320"/><temp name="T2326"/><temp name="T2310"/><temp name="T2230"/><temp name="T2228"/><temp name="T2240"/><temp name="T2213"/><temp name="T2275"/><temp name="T2281"/><temp name="T2249"/><temp name="T2251"/><temp name="T2234"/><temp name="T2294"/><temp name="T2244"/><temp name="T2287"/><temp name="T2239"/><temp name="T2314"/></temps></instruction><instruction code="STO T846, $254, 8"><temps name="use"><temp name="T846"/></temps><temps name="def"/><temps name="in"><temp name="T846"/><temp name="T2290"/><temp name="T2263"/><temp name="T845"/><temp name="T2206"/><temp name="T28"/><temp name="T2255"/><temp name="T2270"/><temp name="T862"/><temp name="T2277"/><temp name="T854"/><temp name="T2320"/><temp name="T2326"/><temp name="T2310"/><temp name="T2230"/><temp name="T2228"/><temp name="T2240"/><temp name="T2213"/><temp name="T2275"/><temp name="T2281"/><temp name="T2249"/><temp name="T2251"/><temp name="T2234"/><temp name="T2294"/><temp name="T2244"/><temp name="T2287"/><temp name="T2239"/><temp name="T2314"/></temps><temps name="out"><temp name="T2290"/><temp name="T2263"/><temp name="T845"/><temp name="T2206"/><temp name="T28"/><temp name="T2255"/><temp name="T2270"/><temp name="T862"/><temp name="T2277"/><temp name="T854"/><temp name="T2320"/><temp name="T2326"/><temp name="T2310"/><temp name="T2230"/><temp name="T2228"/><temp name="T2240"/><temp name="T2213"/><temp name="T2275"/><temp name="T2281"/><temp name="T2249"/><temp name="T2251"/><temp name="T2234"/><temp name="T2294"/><temp name="T2244"/><temp name="T2287"/><temp name="T2239"/><temp name="T2314"/></temps></instruction><instruction code="STO T854, $254, 16"><temps name="use"><temp name="T854"/></temps><temps name="def"/><temps name="in"><temp name="T2290"/><temp name="T2263"/><temp name="T845"/><temp name="T2206"/><temp name="T28"/><temp name="T2255"/><temp name="T2270"/><temp name="T862"/><temp name="T2277"/><temp name="T854"/><temp name="T2320"/><temp name="T2326"/><temp name="T2310"/><temp name="T2230"/><temp name="T2228"/><temp name="T2240"/><temp name="T2213"/><temp name="T2275"/><temp name="T2281"/><temp name="T2249"/><temp name="T2251"/><temp name="T2234"/><temp name="T2294"/><temp name="T2244"/><temp name="T2287"/><temp name="T2239"/><temp name="T2314"/></temps><temps name="out"><temp name="T2290"/><temp name="T2263"/><temp name="T845"/><temp name="T2206"/><temp name="T28"/><temp name="T2255"/><temp name="T2270"/><temp name="T862"/><temp name="T2277"/><temp name="T2320"/><temp name="T2326"/><temp name="T2310"/><temp name="T2230"/><temp name="T2228"/><temp name="T2240"/><temp name="T2213"/><temp name="T2275"/><temp name="T2281"/><temp name="T2249"/><temp name="T2251"/><temp name="T2234"/><temp name="T2294"/><temp name="T2244"/><temp name="T2287"/><temp name="T2239"/><temp name="T2314"/></temps></instruction><instruction code="STO T862, $254, 24"><temps name="use"><temp name="T862"/></temps><temps name="def"/><temps name="in"><temp name="T2290"/><temp name="T2263"/><temp name="T845"/><temp name="T2206"/><temp name="T28"/><temp name="T2255"/><temp name="T2270"/><temp name="T862"/><temp name="T2277"/><temp name="T2320"/><temp name="T2326"/><temp name="T2310"/><temp name="T2230"/><temp name="T2228"/><temp name="T2240"/><temp name="T2213"/><temp name="T2275"/><temp name="T2281"/><temp name="T2249"/><temp name="T2251"/><temp name="T2234"/><temp name="T2294"/><temp name="T2244"/><temp name="T2287"/><temp name="T2239"/><temp name="T2314"/></temps><temps name="out"><temp name="T2290"/><temp name="T2263"/><temp name="T845"/><temp name="T2206"/><temp name="T28"/><temp name="T2255"/><temp name="T2270"/><temp name="T2277"/><temp name="T2320"/><temp name="T2326"/><temp name="T2310"/><temp name="T2230"/><temp name="T2228"/><temp name="T2240"/><temp name="T2213"/><temp name="T2275"/><temp name="T2281"/><temp name="T2249"/><temp name="T2251"/><temp name="T2234"/><temp name="T2294"/><temp name="T2244"/><temp name="T2287"/><temp name="T2239"/><temp name="T2314"/></temps></instruction><instruction code="LDA T2269, L3"><temps name="use"/><temps name="def"><temp name="T2269"/></temps><temps name="in"><temp name="T2290"/><temp name="T2263"/><temp name="T845"/><temp name="T2206"/><temp name="T28"/><temp name="T2255"/><temp name="T2270"/><temp name="T2277"/><temp name="T2320"/><temp name="T2326"/><temp name="T2310"/><temp name="T2230"/><temp name="T2228"/><temp name="T2240"/><temp name="T2213"/><temp name="T2275"/><temp name="T2281"/><temp name="T2249"/><temp name="T2251"/><temp name="T2234"/><temp name="T2294"/><temp name="T2244"/><temp name="T2287"/><temp name="T2239"/><temp name="T2314"/></temps><temps name="out"><temp name="T2290"/><temp name="T2263"/><temp name="T845"/><temp name="T2269"/><temp name="T2206"/><temp name="T28"/><temp name="T2255"/><temp name="T2270"/><temp name="T2277"/><temp name="T2320"/><temp name="T2326"/><temp name="T2310"/><temp name="T2230"/><temp name="T2228"/><temp name="T2240"/><temp name="T2213"/><temp name="T2275"/><temp name="T2281"/><temp name="T2249"/><temp name="T2251"/><temp name="T2234"/><temp name="T2294"/><temp name="T2244"/><temp name="T2287"/><temp name="T2239"/><temp name="T2314"/></temps></instruction><instruction code="PUSHJ $15, T2269, 0"><temps name="use"><temp name="T2269"/></temps><temps name="def"/><temps name="in"><temp name="T2290"/><temp name="T2263"/><temp name="T845"/><temp name="T2269"/><temp name="T2206"/><temp name="T28"/><temp name="T2255"/><temp name="T2270"/><temp name="T2277"/><temp name="T2320"/><temp name="T2326"/><temp name="T2310"/><temp name="T2230"/><temp name="T2228"/><temp name="T2240"/><temp name="T2213"/><temp name="T2275"/><temp name="T2281"/><temp name="T2249"/><temp name="T2251"/><temp name="T2234"/><temp name="T2294"/><temp name="T2244"/><temp name="T2287"/><temp name="T2239"/><temp name="T2314"/></temps><temps name="out"><temp name="T2290"/><temp name="T2263"/><temp name="T845"/><temp name="T2206"/><temp name="T28"/><temp name="T2255"/><temp name="T2270"/><temp name="T2277"/><temp name="T2320"/><temp name="T2326"/><temp name="T2310"/><temp name="T2230"/><temp name="T2228"/><temp name="T2240"/><temp name="T2213"/><temp name="T2275"/><temp name="T2281"/><temp name="T2249"/><temp name="T2251"/><temp name="T2234"/><temp name="T2294"/><temp name="T2244"/><temp name="T2287"/><temp name="T2239"/><temp name="T2314"/></temps></instruction><instruction code="OR T863, T2270, 0"><temps name="use"><temp name="T2270"/></temps><temps name="def"><temp name="T863"/></temps><temps name="in"><temp name="T2290"/><temp name="T2263"/><temp name="T845"/><temp name="T2206"/><temp name="T28"/><temp name="T2255"/><temp name="T2270"/><temp name="T2277"/><temp name="T2320"/><temp name="T2326"/><temp name="T2310"/><temp name="T2230"/><temp name="T2228"/><temp name="T2240"/><temp name="T2213"/><temp name="T2275"/><temp name="T2281"/><temp name="T2249"/><temp name="T2251"/><temp name="T2234"/><temp name="T2294"/><temp name="T2244"/><temp name="T2287"/><temp name="T2239"/><temp name="T2314"/></temps><temps name="out"><temp name="T2290"/><temp name="T2263"/><temp name="T845"/><temp name="T2206"/><temp name="T28"/><temp name="T2255"/><temp name="T2270"/><temp name="T2277"/><temp name="T2320"/><temp name="T2326"/><temp name="T863"/><temp name="T2310"/><temp name="T2230"/><temp name="T2228"/><temp name="T2240"/><temp name="T2213"/><temp name="T2275"/><temp name="T2281"/><temp name="T2249"/><temp name="T2251"/><temp name="T2234"/><temp name="T2294"/><temp name="T2244"/><temp name="T2287"/><temp name="T2239"/><temp name="T2314"/></temps></instruction><instruction code="AND T2271, T845, T863"><temps name="use"><temp name="T845"/><temp name="T863"/></temps><temps name="def"><temp name="T2271"/></temps><temps name="in"><temp name="T2290"/><temp name="T2263"/><temp name="T845"/><temp name="T2206"/><temp name="T28"/><temp name="T2255"/><temp name="T2270"/><temp name="T2277"/><temp name="T2320"/><temp name="T2326"/><temp name="T863"/><temp name="T2310"/><temp name="T2230"/><temp name="T2228"/><temp name="T2240"/><temp name="T2213"/><temp name="T2275"/><temp name="T2281"/><temp name="T2249"/><temp name="T2251"/><temp name="T2234"/><temp name="T2294"/><temp name="T2244"/><temp name="T2287"/><temp name="T2239"/><temp name="T2314"/></temps><temps name="out"><temp name="T2290"/><temp name="T2263"/><temp name="T2206"/><temp name="T28"/><temp name="T2255"/><temp name="T2270"/><temp name="T2277"/><temp name="T2320"/><temp name="T2326"/><temp name="T2310"/><temp name="T2230"/><temp name="T2228"/><temp name="T2240"/><temp name="T2213"/><temp name="T2271"/><temp name="T2275"/><temp name="T2281"/><temp name="T2249"/><temp name="T2251"/><temp name="T2234"/><temp name="T2294"/><temp name="T2244"/><temp name="T2287"/><temp name="T2239"/><temp name="T2314"/></temps></instruction><instruction code="OR T864, T2271, 0"><temps name="use"><temp name="T2271"/></temps><temps name="def"><temp name="T864"/></temps><temps name="in"><temp name="T2290"/><temp name="T2263"/><temp name="T2206"/><temp name="T28"/><temp name="T2255"/><temp name="T2270"/><temp name="T2277"/><temp name="T2320"/><temp name="T2326"/><temp name="T2310"/><temp name="T2230"/><temp name="T2228"/><temp name="T2240"/><temp name="T2213"/><temp name="T2271"/><temp name="T2275"/><temp name="T2281"/><temp name="T2249"/><temp name="T2251"/><temp name="T2234"/><temp name="T2294"/><temp name="T2244"/><temp name="T2287"/><temp name="T2239"/><temp name="T2314"/></temps><temps name="out"><temp name="T2290"/><temp name="T864"/><temp name="T2263"/><temp name="T2206"/><temp name="T28"/><temp name="T2255"/><temp name="T2270"/><temp name="T2277"/><temp name="T2320"/><temp name="T2326"/><temp name="T2310"/><temp name="T2230"/><temp name="T2228"/><temp name="T2240"/><temp name="T2213"/><temp name="T2275"/><temp name="T2281"/><temp name="T2249"/><temp name="T2251"/><temp name="T2234"/><temp name="T2294"/><temp name="T2244"/><temp name="T2287"/><temp name="T2239"/><temp name="T2314"/></temps></instruction><instruction code="BNZ T864, L94"><temps name="use"><temp name="T864"/></temps><temps name="def"/><temps name="in"><temp name="T2290"/><temp name="T864"/><temp name="T2263"/><temp name="T2206"/><temp name="T28"/><temp name="T2255"/><temp name="T2270"/><temp name="T2277"/><temp name="T2320"/><temp name="T2326"/><temp name="T2310"/><temp name="T2230"/><temp name="T2228"/><temp name="T2240"/><temp name="T2213"/><temp name="T2275"/><temp name="T2281"/><temp name="T2249"/><temp name="T2251"/><temp name="T2234"/><temp name="T2294"/><temp name="T2244"/><temp name="T2287"/><temp name="T2239"/><temp name="T2314"/></temps><temps name="out"><temp name="T2290"/><temp name="T2263"/><temp name="T2206"/><temp name="T28"/><temp name="T2255"/><temp name="T2270"/><temp name="T2277"/><temp name="T2320"/><temp name="T2326"/><temp name="T2310"/><temp name="T2230"/><temp name="T2228"/><temp name="T2240"/><temp name="T2213"/><temp name="T2275"/><temp name="T2281"/><temp name="T2249"/><temp name="T2251"/><temp name="T2234"/><temp name="T2294"/><temp name="T2244"/><temp name="T2287"/><temp name="T2239"/><temp name="T2314"/></temps></instruction><instruction code="L156"><temps name="use"/><temps name="def"/><temps name="in"><temp name="T2290"/><temp name="T2263"/><temp name="T2206"/><temp name="T28"/><temp name="T2255"/><temp name="T2270"/><temp name="T2277"/><temp name="T2320"/><temp name="T2326"/><temp name="T2310"/><temp name="T2230"/><temp name="T2228"/><temp name="T2240"/><temp name="T2213"/><temp name="T2275"/><temp name="T2281"/><temp name="T2249"/><temp name="T2251"/><temp name="T2234"/><temp name="T2294"/><temp name="T2244"/><temp name="T2287"/><temp name="T2239"/><temp name="T2314"/></temps><temps name="out"><temp name="T2290"/><temp name="T2263"/><temp name="T2206"/><temp name="T28"/><temp name="T2255"/><temp name="T2270"/><temp name="T2277"/><temp name="T2320"/><temp name="T2326"/><temp name="T2310"/><temp name="T2230"/><temp name="T2228"/><temp name="T2240"/><temp name="T2213"/><temp name="T2275"/><temp name="T2281"/><temp name="T2249"/><temp name="T2251"/><temp name="T2234"/><temp name="T2294"/><temp name="T2244"/><temp name="T2287"/><temp name="T2239"/><temp name="T2314"/></temps></instruction><instruction code="LDA T2272, L95"><temps name="use"/><temps name="def"><temp name="T2272"/></temps><temps name="in"><temp name="T2290"/><temp name="T2263"/><temp name="T2206"/><temp name="T28"/><temp name="T2255"/><temp name="T2270"/><temp name="T2277"/><temp name="T2320"/><temp name="T2326"/><temp name="T2310"/><temp name="T2230"/><temp name="T2228"/><temp name="T2240"/><temp name="T2213"/><temp name="T2275"/><temp name="T2281"/><temp name="T2249"/><temp name="T2251"/><temp name="T2234"/><temp name="T2294"/><temp name="T2244"/><temp name="T2287"/><temp name="T2239"/><temp name="T2314"/></temps><temps name="out"><temp name="T2290"/><temp name="T2263"/><temp name="T2206"/><temp name="T28"/><temp name="T2255"/><temp name="T2270"/><temp name="T2277"/><temp name="T2320"/><temp name="T2326"/><temp name="T2310"/><temp name="T2230"/><temp name="T2228"/><temp name="T2240"/><temp name="T2213"/><temp name="T2272"/><temp name="T2275"/><temp name="T2281"/><temp name="T2249"/><temp name="T2251"/><temp name="T2234"/><temp name="T2294"/><temp name="T2244"/><temp name="T2287"/><temp name="T2239"/><temp name="T2314"/></temps></instruction><instruction code="GO T2272, T2272, 0"><temps name="use"><temp name="T2272"/></temps><temps name="def"><temp name="T2272"/></temps><temps name="in"><temp name="T2290"/><temp name="T2263"/><temp name="T2206"/><temp name="T28"/><temp name="T2255"/><temp name="T2270"/><temp name="T2277"/><temp name="T2320"/><temp name="T2326"/><temp name="T2310"/><temp name="T2230"/><temp name="T2228"/><temp name="T2240"/><temp name="T2213"/><temp name="T2272"/><temp name="T2275"/><temp name="T2281"/><temp name="T2249"/><temp name="T2251"/><temp name="T2234"/><temp name="T2294"/><temp name="T2244"/><temp name="T2287"/><temp name="T2239"/><temp name="T2314"/></temps><temps name="out"><temp name="T2290"/><temp name="T2263"/><temp name="T2206"/><temp name="T28"/><temp name="T2255"/><temp name="T2270"/><temp name="T2277"/><temp name="T2320"/><temp name="T2326"/><temp name="T2310"/><temp name="T2230"/><temp name="T2228"/><temp name="T2240"/><temp name="T2213"/><temp name="T2275"/><temp name="T2281"/><temp name="T2249"/><temp name="T2251"/><temp name="T2234"/><temp name="T2294"/><temp name="T2244"/><temp name="T2287"/><temp name="T2239"/><temp name="T2314"/></temps></instruction><instruction code="L94"><temps name="use"/><temps name="def"/><temps name="in"><temp name="T2290"/><temp name="T2263"/><temp name="T2206"/><temp name="T28"/><temp name="T2255"/><temp name="T2270"/><temp name="T2277"/><temp name="T2320"/><temp name="T2326"/><temp name="T2310"/><temp name="T2230"/><temp name="T2228"/><temp name="T2240"/><temp name="T2213"/><temp name="T2275"/><temp name="T2281"/><temp name="T2249"/><temp name="T2251"/><temp name="T2234"/><temp name="T2294"/><temp name="T2244"/><temp name="T2287"/><temp name="T2239"/><temp name="T2314"/></temps><temps name="out"><temp name="T2290"/><temp name="T2263"/><temp name="T2206"/><temp name="T28"/><temp name="T2255"/><temp name="T2270"/><temp name="T2277"/><temp name="T2320"/><temp name="T2326"/><temp name="T2310"/><temp name="T2230"/><temp name="T2228"/><temp name="T2240"/><temp name="T2213"/><temp name="T2275"/><temp name="T2281"/><temp name="T2249"/><temp name="T2251"/><temp name="T2234"/><temp name="T2294"/><temp name="T2244"/><temp name="T2287"/><temp name="T2239"/><temp name="T2314"/></temps></instruction><instruction code="OR T865, T28, 0"><temps name="use"><temp name="T28"/></temps><temps name="def"><temp name="T865"/></temps><temps name="in"><temp name="T2290"/><temp name="T2263"/><temp name="T2206"/><temp name="T28"/><temp name="T2255"/><temp name="T2270"/><temp name="T2277"/><temp name="T2320"/><temp name="T2326"/><temp name="T2310"/><temp name="T2230"/><temp name="T2228"/><temp name="T2240"/><temp name="T2213"/><temp name="T2275"/><temp name="T2281"/><temp name="T2249"/><temp name="T2251"/><temp name="T2234"/><temp name="T2294"/><temp name="T2244"/><temp name="T2287"/><temp name="T2239"/><temp name="T2314"/></temps><temps name="out"><temp name="T2290"/><temp name="T2263"/><temp name="T2206"/><temp name="T28"/><temp name="T2255"/><temp name="T2270"/><temp name="T2277"/><temp name="T2320"/><temp name="T2326"/><temp name="T2310"/><temp name="T2230"/><temp name="T2228"/><temp name="T2240"/><temp name="T865"/><temp name="T2213"/><temp name="T2275"/><temp name="T2281"/><temp name="T2249"/><temp name="T2251"/><temp name="T2234"/><temp name="T2294"/><temp name="T2244"/><temp name="T2287"/><temp name="T2239"/><temp name="T2314"/></temps></instruction><instruction code="SETL  T2273, 8"><temps name="use"/><temps name="def"><temp name="T2273"/></temps><temps name="in"><temp name="T2290"/><temp name="T2263"/><temp name="T2206"/><temp name="T28"/><temp name="T2255"/><temp name="T2270"/><temp name="T2277"/><temp name="T2320"/><temp name="T2326"/><temp name="T2310"/><temp name="T2230"/><temp name="T2228"/><temp name="T2240"/><temp name="T865"/><temp name="T2213"/><temp name="T2275"/><temp name="T2281"/><temp name="T2249"/><temp name="T2251"/><temp name="T2234"/><temp name="T2294"/><temp name="T2244"/><temp name="T2287"/><temp name="T2239"/><temp name="T2314"/></temps><temps name="out"><temp name="T2290"/><temp name="T2263"/><temp name="T2206"/><temp name="T28"/><temp name="T2255"/><temp name="T2270"/><temp name="T2277"/><temp name="T2320"/><temp name="T2326"/><temp name="T2310"/><temp name="T2230"/><temp name="T2228"/><temp name="T2240"/><temp name="T865"/><temp name="T2213"/><temp name="T2275"/><temp name="T2281"/><temp name="T2249"/><temp name="T2251"/><temp name="T2234"/><temp name="T2294"/><temp name="T2244"/><temp name="T2287"/><temp name="T2239"/><temp name="T2314"/></temps></instruction><instruction code="INCML T2273, 0"><temps name="use"/><temps name="def"><temp name="T2273"/></temps><temps name="in"><temp name="T2290"/><temp name="T2263"/><temp name="T2206"/><temp name="T28"/><temp name="T2255"/><temp name="T2270"/><temp name="T2277"/><temp name="T2320"/><temp name="T2326"/><temp name="T2310"/><temp name="T2230"/><temp name="T2228"/><temp name="T2240"/><temp name="T865"/><temp name="T2213"/><temp name="T2275"/><temp name="T2281"/><temp name="T2249"/><temp name="T2251"/><temp name="T2234"/><temp name="T2294"/><temp name="T2244"/><temp name="T2287"/><temp name="T2239"/><temp name="T2314"/></temps><temps name="out"><temp name="T2290"/><temp name="T2263"/><temp name="T2206"/><temp name="T28"/><temp name="T2255"/><temp name="T2270"/><temp name="T2277"/><temp name="T2320"/><temp name="T2326"/><temp name="T2310"/><temp name="T2230"/><temp name="T2228"/><temp name="T2240"/><temp name="T865"/><temp name="T2213"/><temp name="T2275"/><temp name="T2281"/><temp name="T2249"/><temp name="T2251"/><temp name="T2234"/><temp name="T2294"/><temp name="T2244"/><temp name="T2287"/><temp name="T2239"/><temp name="T2314"/></temps></instruction><instruction code="INCMH T2273, 0"><temps name="use"/><temps name="def"><temp name="T2273"/></temps><temps name="in"><temp name="T2290"/><temp name="T2263"/><temp name="T2206"/><temp name="T28"/><temp name="T2255"/><temp name="T2270"/><temp name="T2277"/><temp name="T2320"/><temp name="T2326"/><temp name="T2310"/><temp name="T2230"/><temp name="T2228"/><temp name="T2240"/><temp name="T865"/><temp name="T2213"/><temp name="T2275"/><temp name="T2281"/><temp name="T2249"/><temp name="T2251"/><temp name="T2234"/><temp name="T2294"/><temp name="T2244"/><temp name="T2287"/><temp name="T2239"/><temp name="T2314"/></temps><temps name="out"><temp name="T2290"/><temp name="T2263"/><temp name="T2206"/><temp name="T28"/><temp name="T2255"/><temp name="T2270"/><temp name="T2277"/><temp name="T2320"/><temp name="T2326"/><temp name="T2310"/><temp name="T2230"/><temp name="T2228"/><temp name="T2240"/><temp name="T865"/><temp name="T2213"/><temp name="T2275"/><temp name="T2281"/><temp name="T2249"/><temp name="T2251"/><temp name="T2234"/><temp name="T2294"/><temp name="T2244"/><temp name="T2287"/><temp name="T2239"/><temp name="T2314"/></temps></instruction><instruction code="INCH  T2273, 0"><temps name="use"/><temps name="def"><temp name="T2273"/></temps><temps name="in"><temp name="T2290"/><temp name="T2263"/><temp name="T2206"/><temp name="T28"/><temp name="T2255"/><temp name="T2270"/><temp name="T2277"/><temp name="T2320"/><temp name="T2326"/><temp name="T2310"/><temp name="T2230"/><temp name="T2228"/><temp name="T2240"/><temp name="T865"/><temp name="T2213"/><temp name="T2275"/><temp name="T2281"/><temp name="T2249"/><temp name="T2251"/><temp name="T2234"/><temp name="T2294"/><temp name="T2244"/><temp name="T2287"/><temp name="T2239"/><temp name="T2314"/></temps><temps name="out"><temp name="T2290"/><temp name="T2263"/><temp name="T2206"/><temp name="T28"/><temp name="T2255"/><temp name="T2270"/><temp name="T2277"/><temp name="T2320"/><temp name="T2326"/><temp name="T2310"/><temp name="T2230"/><temp name="T2228"/><temp name="T2240"/><temp name="T2273"/><temp name="T865"/><temp name="T2213"/><temp name="T2275"/><temp name="T2281"/><temp name="T2249"/><temp name="T2251"/><temp name="T2234"/><temp name="T2294"/><temp name="T2244"/><temp name="T2287"/><temp name="T2239"/><temp name="T2314"/></temps></instruction><instruction code="NEG T2273, 0, T2273"><temps name="use"><temp name="T2273"/></temps><temps name="def"><temp name="T2273"/></temps><temps name="in"><temp name="T2290"/><temp name="T2263"/><temp name="T2206"/><temp name="T28"/><temp name="T2255"/><temp name="T2270"/><temp name="T2277"/><temp name="T2320"/><temp name="T2326"/><temp name="T2310"/><temp name="T2230"/><temp name="T2228"/><temp name="T2240"/><temp name="T2273"/><temp name="T865"/><temp name="T2213"/><temp name="T2275"/><temp name="T2281"/><temp name="T2249"/><temp name="T2251"/><temp name="T2234"/><temp name="T2294"/><temp name="T2244"/><temp name="T2287"/><temp name="T2239"/><temp name="T2314"/></temps><temps name="out"><temp name="T2290"/><temp name="T2263"/><temp name="T2206"/><temp name="T28"/><temp name="T2255"/><temp name="T2270"/><temp name="T2277"/><temp name="T2320"/><temp name="T2326"/><temp name="T2310"/><temp name="T2230"/><temp name="T2228"/><temp name="T2240"/><temp name="T2273"/><temp name="T865"/><temp name="T2213"/><temp name="T2275"/><temp name="T2281"/><temp name="T2249"/><temp name="T2251"/><temp name="T2234"/><temp name="T2294"/><temp name="T2244"/><temp name="T2287"/><temp name="T2239"/><temp name="T2314"/></temps></instruction><instruction code="OR T866, T2273, 0"><temps name="use"><temp name="T2273"/></temps><temps name="def"><temp name="T866"/></temps><temps name="in"><temp name="T2290"/><temp name="T2263"/><temp name="T2206"/><temp name="T28"/><temp name="T2255"/><temp name="T2270"/><temp name="T2277"/><temp name="T2320"/><temp name="T2326"/><temp name="T2310"/><temp name="T2230"/><temp name="T2228"/><temp name="T2240"/><temp name="T2273"/><temp name="T865"/><temp name="T2213"/><temp name="T2275"/><temp name="T2281"/><temp name="T2249"/><temp name="T2251"/><temp name="T2234"/><temp name="T2294"/><temp name="T2244"/><temp name="T2287"/><temp name="T2239"/><temp name="T2314"/></temps><temps name="out"><temp name="T2290"/><temp name="T2263"/><temp name="T2206"/><temp name="T28"/><temp name="T866"/><temp name="T2255"/><temp name="T2270"/><temp name="T2277"/><temp name="T2320"/><temp name="T2326"/><temp name="T2310"/><temp name="T2230"/><temp name="T2228"/><temp name="T2240"/><temp name="T865"/><temp name="T2213"/><temp name="T2275"/><temp name="T2281"/><temp name="T2249"/><temp name="T2251"/><temp name="T2234"/><temp name="T2294"/><temp name="T2244"/><temp name="T2287"/><temp name="T2239"/><temp name="T2314"/></temps></instruction><instruction code="ADD T2274, T865, T866"><temps name="use"><temp name="T865"/><temp name="T866"/></temps><temps name="def"><temp name="T2274"/></temps><temps name="in"><temp name="T2290"/><temp name="T2263"/><temp name="T2206"/><temp name="T28"/><temp name="T866"/><temp name="T2255"/><temp name="T2270"/><temp name="T2277"/><temp name="T2320"/><temp name="T2326"/><temp name="T2310"/><temp name="T2230"/><temp name="T2228"/><temp name="T2240"/><temp name="T865"/><temp name="T2213"/><temp name="T2275"/><temp name="T2281"/><temp name="T2249"/><temp name="T2251"/><temp name="T2234"/><temp name="T2294"/><temp name="T2244"/><temp name="T2287"/><temp name="T2239"/><temp name="T2314"/></temps><temps name="out"><temp name="T2290"/><temp name="T2263"/><temp name="T2206"/><temp name="T28"/><temp name="T2274"/><temp name="T2255"/><temp name="T2270"/><temp name="T2277"/><temp name="T2320"/><temp name="T2326"/><temp name="T2310"/><temp name="T2230"/><temp name="T2228"/><temp name="T2240"/><temp name="T2213"/><temp name="T2275"/><temp name="T2281"/><temp name="T2249"/><temp name="T2251"/><temp name="T2234"/><temp name="T2294"/><temp name="T2244"/><temp name="T2287"/><temp name="T2239"/><temp name="T2314"/></temps></instruction><instruction code="OR T867, T2274, 0"><temps name="use"><temp name="T2274"/></temps><temps name="def"><temp name="T867"/></temps><temps name="in"><temp name="T2290"/><temp name="T2263"/><temp name="T2206"/><temp name="T28"/><temp name="T2274"/><temp name="T2255"/><temp name="T2270"/><temp name="T2277"/><temp name="T2320"/><temp name="T2326"/><temp name="T2310"/><temp name="T2230"/><temp name="T2228"/><temp name="T2240"/><temp name="T2213"/><temp name="T2275"/><temp name="T2281"/><temp name="T2249"/><temp name="T2251"/><temp name="T2234"/><temp name="T2294"/><temp name="T2244"/><temp name="T2287"/><temp name="T2239"/><temp name="T2314"/></temps><temps name="out"><temp name="T2290"/><temp name="T2263"/><temp name="T2206"/><temp name="T28"/><temp name="T2255"/><temp name="T2270"/><temp name="T2277"/><temp name="T2320"/><temp name="T2326"/><temp name="T2310"/><temp name="T2230"/><temp name="T2228"/><temp name="T2240"/><temp name="T2213"/><temp name="T2275"/><temp name="T2281"/><temp name="T2249"/><temp name="T2251"/><temp name="T2234"/><temp name="T2294"/><temp name="T2244"/><temp name="T2287"/><temp name="T2239"/><temp name="T2314"/></temps></instruction><instruction code="LDO T2276, T2275, 0"><temps name="use"><temp name="T2275"/></temps><temps name="def"><temp name="T2276"/></temps><temps name="in"><temp name="T2290"/><temp name="T2263"/><temp name="T2206"/><temp name="T28"/><temp name="T2255"/><temp name="T2270"/><temp name="T2277"/><temp name="T2320"/><temp name="T2326"/><temp name="T2310"/><temp name="T2230"/><temp name="T2228"/><temp name="T2240"/><temp name="T2213"/><temp name="T2275"/><temp name="T2281"/><temp name="T2249"/><temp name="T2251"/><temp name="T2234"/><temp name="T2294"/><temp name="T2244"/><temp name="T2287"/><temp name="T2239"/><temp name="T2314"/></temps><temps name="out"><temp name="T2276"/><temp name="T2290"/><temp name="T2263"/><temp name="T2206"/><temp name="T28"/><temp name="T2255"/><temp name="T2270"/><temp name="T2277"/><temp name="T2320"/><temp name="T2326"/><temp name="T2310"/><temp name="T2230"/><temp name="T2228"/><temp name="T2240"/><temp name="T2213"/><temp name="T2281"/><temp name="T2249"/><temp name="T2275"/><temp name="T2251"/><temp name="T2234"/><temp name="T2294"/><temp name="T2244"/><temp name="T2287"/><temp name="T2239"/><temp name="T2314"/></temps></instruction><instruction code="OR T868, T2276, 0"><temps name="use"><temp name="T2276"/></temps><temps name="def"><temp name="T868"/></temps><temps name="in"><temp name="T2276"/><temp name="T2290"/><temp name="T2263"/><temp name="T2206"/><temp name="T28"/><temp name="T2255"/><temp name="T2270"/><temp name="T2277"/><temp name="T2320"/><temp name="T2326"/><temp name="T2310"/><temp name="T2230"/><temp name="T2228"/><temp name="T2240"/><temp name="T2213"/><temp name="T2281"/><temp name="T2249"/><temp name="T2275"/><temp name="T2251"/><temp name="T2234"/><temp name="T2294"/><temp name="T2244"/><temp name="T2287"/><temp name="T2239"/><temp name="T2314"/></temps><temps name="out"><temp name="T2290"/><temp name="T2263"/><temp name="T2206"/><temp name="T28"/><temp name="T2255"/><temp name="T868"/><temp name="T2270"/><temp name="T2277"/><temp name="T2320"/><temp name="T2326"/><temp name="T2310"/><temp name="T2230"/><temp name="T2228"/><temp name="T2240"/><temp name="T2213"/><temp name="T2281"/><temp name="T2249"/><temp name="T2275"/><temp name="T2251"/><temp name="T2234"/><temp name="T2294"/><temp name="T2244"/><temp name="T2287"/><temp name="T2239"/><temp name="T2314"/></temps></instruction><instruction code="LDO T2278, T2277, 0"><temps name="use"><temp name="T2277"/></temps><temps name="def"><temp name="T2278"/></temps><temps name="in"><temp name="T2290"/><temp name="T2263"/><temp name="T2206"/><temp name="T28"/><temp name="T2255"/><temp name="T868"/><temp name="T2270"/><temp name="T2277"/><temp name="T2320"/><temp name="T2326"/><temp name="T2310"/><temp name="T2230"/><temp name="T2228"/><temp name="T2240"/><temp name="T2213"/><temp name="T2281"/><temp name="T2249"/><temp name="T2275"/><temp name="T2251"/><temp name="T2234"/><temp name="T2294"/><temp name="T2244"/><temp name="T2287"/><temp name="T2239"/><temp name="T2314"/></temps><temps name="out"><temp name="T2290"/><temp name="T2263"/><temp name="T2206"/><temp name="T28"/><temp name="T2255"/><temp name="T868"/><temp name="T2270"/><temp name="T2277"/><temp name="T2278"/><temp name="T2320"/><temp name="T2326"/><temp name="T2310"/><temp name="T2230"/><temp name="T2228"/><temp name="T2240"/><temp name="T2213"/><temp name="T2281"/><temp name="T2249"/><temp name="T2275"/><temp name="T2251"/><temp name="T2234"/><temp name="T2294"/><temp name="T2244"/><temp name="T2287"/><temp name="T2239"/><temp name="T2314"/></temps></instruction><instruction code="OR T869, T2278, 0"><temps name="use"><temp name="T2278"/></temps><temps name="def"><temp name="T869"/></temps><temps name="in"><temp name="T2290"/><temp name="T2263"/><temp name="T2206"/><temp name="T28"/><temp name="T2255"/><temp name="T868"/><temp name="T2270"/><temp name="T2277"/><temp name="T2278"/><temp name="T2320"/><temp name="T2326"/><temp name="T2310"/><temp name="T2230"/><temp name="T2228"/><temp name="T2240"/><temp name="T2213"/><temp name="T2281"/><temp name="T2249"/><temp name="T2275"/><temp name="T2251"/><temp name="T2234"/><temp name="T2294"/><temp name="T2244"/><temp name="T2287"/><temp name="T2239"/><temp name="T2314"/></temps><temps name="out"><temp name="T2290"/><temp name="T2263"/><temp name="T2206"/><temp name="T28"/><temp name="T2255"/><temp name="T868"/><temp name="T869"/><temp name="T2270"/><temp name="T2277"/><temp name="T2320"/><temp name="T2326"/><temp name="T2310"/><temp name="T2230"/><temp name="T2228"/><temp name="T2240"/><temp name="T2213"/><temp name="T2281"/><temp name="T2249"/><temp name="T2275"/><temp name="T2251"/><temp name="T2234"/><temp name="T2294"/><temp name="T2244"/><temp name="T2287"/><temp name="T2239"/><temp name="T2314"/></temps></instruction><instruction code="OR T870, T28, 0"><temps name="use"><temp name="T28"/></temps><temps name="def"><temp name="T870"/></temps><temps name="in"><temp name="T2290"/><temp name="T2263"/><temp name="T2206"/><temp name="T28"/><temp name="T2255"/><temp name="T868"/><temp name="T869"/><temp name="T2270"/><temp name="T2277"/><temp name="T2320"/><temp name="T2326"/><temp name="T2310"/><temp name="T2230"/><temp name="T2228"/><temp name="T2240"/><temp name="T2213"/><temp name="T2281"/><temp name="T2249"/><temp name="T2275"/><temp name="T2251"/><temp name="T2234"/><temp name="T2294"/><temp name="T2244"/><temp name="T2287"/><temp name="T2239"/><temp name="T2314"/></temps><temps name="out"><temp name="T2290"/><temp name="T2263"/><temp name="T2206"/><temp name="T28"/><temp name="T2255"/><temp name="T868"/><temp name="T869"/><temp name="T2270"/><temp name="T2277"/><temp name="T2320"/><temp name="T2326"/><temp name="T2310"/><temp name="T2230"/><temp name="T870"/><temp name="T2228"/><temp name="T2240"/><temp name="T2213"/><temp name="T2281"/><temp name="T2249"/><temp name="T2275"/><temp name="T2251"/><temp name="T2234"/><temp name="T2294"/><temp name="T2244"/><temp name="T2287"/><temp name="T2239"/><temp name="T2314"/></temps></instruction><instruction code="SETL  T2279, 8"><temps name="use"/><temps name="def"><temp name="T2279"/></temps><temps name="in"><temp name="T2290"/><temp name="T2263"/><temp name="T2206"/><temp name="T28"/><temp name="T2255"/><temp name="T868"/><temp name="T869"/><temp name="T2270"/><temp name="T2277"/><temp name="T2320"/><temp name="T2326"/><temp name="T2310"/><temp name="T2230"/><temp name="T870"/><temp name="T2228"/><temp name="T2240"/><temp name="T2213"/><temp name="T2281"/><temp name="T2249"/><temp name="T2275"/><temp name="T2251"/><temp name="T2234"/><temp name="T2294"/><temp name="T2244"/><temp name="T2287"/><temp name="T2239"/><temp name="T2314"/></temps><temps name="out"><temp name="T2290"/><temp name="T2263"/><temp name="T2206"/><temp name="T28"/><temp name="T2255"/><temp name="T868"/><temp name="T869"/><temp name="T2270"/><temp name="T2277"/><temp name="T2320"/><temp name="T2326"/><temp name="T2310"/><temp name="T2230"/><temp name="T870"/><temp name="T2228"/><temp name="T2240"/><temp name="T2213"/><temp name="T2281"/><temp name="T2249"/><temp name="T2275"/><temp name="T2251"/><temp name="T2234"/><temp name="T2294"/><temp name="T2244"/><temp name="T2287"/><temp name="T2239"/><temp name="T2314"/></temps></instruction><instruction code="INCML T2279, 0"><temps name="use"/><temps name="def"><temp name="T2279"/></temps><temps name="in"><temp name="T2290"/><temp name="T2263"/><temp name="T2206"/><temp name="T28"/><temp name="T2255"/><temp name="T868"/><temp name="T869"/><temp name="T2270"/><temp name="T2277"/><temp name="T2320"/><temp name="T2326"/><temp name="T2310"/><temp name="T2230"/><temp name="T870"/><temp name="T2228"/><temp name="T2240"/><temp name="T2213"/><temp name="T2281"/><temp name="T2249"/><temp name="T2275"/><temp name="T2251"/><temp name="T2234"/><temp name="T2294"/><temp name="T2244"/><temp name="T2287"/><temp name="T2239"/><temp name="T2314"/></temps><temps name="out"><temp name="T2290"/><temp name="T2263"/><temp name="T2206"/><temp name="T28"/><temp name="T2255"/><temp name="T868"/><temp name="T869"/><temp name="T2270"/><temp name="T2277"/><temp name="T2320"/><temp name="T2326"/><temp name="T2310"/><temp name="T2230"/><temp name="T870"/><temp name="T2228"/><temp name="T2240"/><temp name="T2213"/><temp name="T2281"/><temp name="T2249"/><temp name="T2275"/><temp name="T2251"/><temp name="T2234"/><temp name="T2294"/><temp name="T2244"/><temp name="T2287"/><temp name="T2239"/><temp name="T2314"/></temps></instruction><instruction code="INCMH T2279, 0"><temps name="use"/><temps name="def"><temp name="T2279"/></temps><temps name="in"><temp name="T2290"/><temp name="T2263"/><temp name="T2206"/><temp name="T28"/><temp name="T2255"/><temp name="T868"/><temp name="T869"/><temp name="T2270"/><temp name="T2277"/><temp name="T2320"/><temp name="T2326"/><temp name="T2310"/><temp name="T2230"/><temp name="T870"/><temp name="T2228"/><temp name="T2240"/><temp name="T2213"/><temp name="T2281"/><temp name="T2249"/><temp name="T2275"/><temp name="T2251"/><temp name="T2234"/><temp name="T2294"/><temp name="T2244"/><temp name="T2287"/><temp name="T2239"/><temp name="T2314"/></temps><temps name="out"><temp name="T2290"/><temp name="T2263"/><temp name="T2206"/><temp name="T28"/><temp name="T2255"/><temp name="T868"/><temp name="T869"/><temp name="T2270"/><temp name="T2277"/><temp name="T2320"/><temp name="T2326"/><temp name="T2310"/><temp name="T2230"/><temp name="T870"/><temp name="T2228"/><temp name="T2240"/><temp name="T2213"/><temp name="T2281"/><temp name="T2249"/><temp name="T2275"/><temp name="T2251"/><temp name="T2234"/><temp name="T2294"/><temp name="T2244"/><temp name="T2287"/><temp name="T2239"/><temp name="T2314"/></temps></instruction><instruction code="INCH  T2279, 0"><temps name="use"/><temps name="def"><temp name="T2279"/></temps><temps name="in"><temp name="T2290"/><temp name="T2263"/><temp name="T2206"/><temp name="T28"/><temp name="T2255"/><temp name="T868"/><temp name="T869"/><temp name="T2270"/><temp name="T2277"/><temp name="T2320"/><temp name="T2326"/><temp name="T2310"/><temp name="T2230"/><temp name="T870"/><temp name="T2228"/><temp name="T2240"/><temp name="T2213"/><temp name="T2281"/><temp name="T2249"/><temp name="T2275"/><temp name="T2251"/><temp name="T2234"/><temp name="T2294"/><temp name="T2244"/><temp name="T2287"/><temp name="T2239"/><temp name="T2314"/></temps><temps name="out"><temp name="T2290"/><temp name="T2263"/><temp name="T2206"/><temp name="T28"/><temp name="T2255"/><temp name="T868"/><temp name="T869"/><temp name="T2270"/><temp name="T2277"/><temp name="T2320"/><temp name="T2326"/><temp name="T2310"/><temp name="T2230"/><temp name="T870"/><temp name="T2228"/><temp name="T2240"/><temp name="T2213"/><temp name="T2279"/><temp name="T2281"/><temp name="T2249"/><temp name="T2275"/><temp name="T2251"/><temp name="T2234"/><temp name="T2294"/><temp name="T2244"/><temp name="T2287"/><temp name="T2239"/><temp name="T2314"/></temps></instruction><instruction code="OR T871, T2279, 0"><temps name="use"><temp name="T2279"/></temps><temps name="def"><temp name="T871"/></temps><temps name="in"><temp name="T2290"/><temp name="T2263"/><temp name="T2206"/><temp name="T28"/><temp name="T2255"/><temp name="T868"/><temp name="T869"/><temp name="T2270"/><temp name="T2277"/><temp name="T2320"/><temp name="T2326"/><temp name="T2310"/><temp name="T2230"/><temp name="T870"/><temp name="T2228"/><temp name="T2240"/><temp name="T2213"/><temp name="T2279"/><temp name="T2281"/><temp name="T2249"/><temp name="T2275"/><temp name="T2251"/><temp name="T2234"/><temp name="T2294"/><temp name="T2244"/><temp name="T2287"/><temp name="T2239"/><temp name="T2314"/></temps><temps name="out"><temp name="T2290"/><temp name="T2263"/><temp name="T2206"/><temp name="T28"/><temp name="T2255"/><temp name="T868"/><temp name="T869"/><temp name="T2270"/><temp name="T2277"/><temp name="T2320"/><temp name="T2326"/><temp name="T2310"/><temp name="T2230"/><temp name="T870"/><temp name="T2228"/><temp name="T2240"/><temp name="T2213"/><temp name="T2281"/><temp name="T2249"/><temp name="T2275"/><temp name="T2251"/><temp name="T2234"/><temp name="T2294"/><temp name="T2244"/><temp name="T2287"/><temp name="T2239"/><temp name="T871"/><temp name="T2314"/></temps></instruction><instruction code="ADD T2280, T870, T871"><temps name="use"><temp name="T870"/><temp name="T871"/></temps><temps name="def"><temp name="T2280"/></temps><temps name="in"><temp name="T2290"/><temp name="T2263"/><temp name="T2206"/><temp name="T28"/><temp name="T2255"/><temp name="T868"/><temp name="T869"/><temp name="T2270"/><temp name="T2277"/><temp name="T2320"/><temp name="T2326"/><temp name="T2310"/><temp name="T2230"/><temp name="T870"/><temp name="T2228"/><temp name="T2240"/><temp name="T2213"/><temp name="T2281"/><temp name="T2249"/><temp name="T2275"/><temp name="T2251"/><temp name="T2234"/><temp name="T2294"/><temp name="T2244"/><temp name="T2287"/><temp name="T2239"/><temp name="T871"/><temp name="T2314"/></temps><temps name="out"><temp name="T2290"/><temp name="T2263"/><temp name="T2206"/><temp name="T28"/><temp name="T2255"/><temp name="T868"/><temp name="T869"/><temp name="T2270"/><temp name="T2277"/><temp name="T2320"/><temp name="T2326"/><temp name="T2280"/><temp name="T2310"/><temp name="T2230"/><temp name="T2228"/><temp name="T2240"/><temp name="T2213"/><temp name="T2281"/><temp name="T2249"/><temp name="T2275"/><temp name="T2251"/><temp name="T2234"/><temp name="T2294"/><temp name="T2244"/><temp name="T2287"/><temp name="T2239"/><temp name="T2314"/></temps></instruction><instruction code="OR T872, T2280, 0"><temps name="use"><temp name="T2280"/></temps><temps name="def"><temp name="T872"/></temps><temps name="in"><temp name="T2290"/><temp name="T2263"/><temp name="T2206"/><temp name="T28"/><temp name="T2255"/><temp name="T868"/><temp name="T869"/><temp name="T2270"/><temp name="T2277"/><temp name="T2320"/><temp name="T2326"/><temp name="T2280"/><temp name="T2310"/><temp name="T2230"/><temp name="T2228"/><temp name="T2240"/><temp name="T2213"/><temp name="T2281"/><temp name="T2249"/><temp name="T2275"/><temp name="T2251"/><temp name="T2234"/><temp name="T2294"/><temp name="T2244"/><temp name="T2287"/><temp name="T2239"/><temp name="T2314"/></temps><temps name="out"><temp name="T2290"/><temp name="T2263"/><temp name="T2206"/><temp name="T28"/><temp name="T2255"/><temp name="T868"/><temp name="T869"/><temp name="T2270"/><temp name="T2277"/><temp name="T2320"/><temp name="T2326"/><temp name="T2310"/><temp name="T2230"/><temp name="T2228"/><temp name="T2240"/><temp name="T2213"/><temp name="T2281"/><temp name="T2249"/><temp name="T2275"/><temp name="T2251"/><temp name="T2234"/><temp name="T2294"/><temp name="T2244"/><temp name="T2287"/><temp name="T2239"/><temp name="T2314"/></temps></instruction><instruction code="LDO T2282, T2281, 0"><temps name="use"><temp name="T2281"/></temps><temps name="def"><temp name="T2282"/></temps><temps name="in"><temp name="T2290"/><temp name="T2263"/><temp name="T2206"/><temp name="T28"/><temp name="T2255"/><temp name="T868"/><temp name="T869"/><temp name="T2270"/><temp name="T2277"/><temp name="T2320"/><temp name="T2326"/><temp name="T2310"/><temp name="T2230"/><temp name="T2228"/><temp name="T2240"/><temp name="T2213"/><temp name="T2281"/><temp name="T2249"/><temp name="T2275"/><temp name="T2251"/><temp name="T2234"/><temp name="T2294"/><temp name="T2244"/><temp name="T2287"/><temp name="T2239"/><temp name="T2314"/></temps><temps name="out"><temp name="T2290"/><temp name="T2263"/><temp name="T2206"/><temp name="T28"/><temp name="T2255"/><temp name="T868"/><temp name="T869"/><temp name="T2282"/><temp name="T2270"/><temp name="T2277"/><temp name="T2320"/><temp name="T2326"/><temp name="T2310"/><temp name="T2230"/><temp name="T2228"/><temp name="T2240"/><temp name="T2213"/><temp name="T2249"/><temp name="T2275"/><temp name="T2281"/><temp name="T2251"/><temp name="T2234"/><temp name="T2294"/><temp name="T2244"/><temp name="T2287"/><temp name="T2239"/><temp name="T2314"/></temps></instruction><instruction code="OR T873, T2282, 0"><temps name="use"><temp name="T2282"/></temps><temps name="def"><temp name="T873"/></temps><temps name="in"><temp name="T2290"/><temp name="T2263"/><temp name="T2206"/><temp name="T28"/><temp name="T2255"/><temp name="T868"/><temp name="T869"/><temp name="T2282"/><temp name="T2270"/><temp name="T2277"/><temp name="T2320"/><temp name="T2326"/><temp name="T2310"/><temp name="T2230"/><temp name="T2228"/><temp name="T2240"/><temp name="T2213"/><temp name="T2249"/><temp name="T2275"/><temp name="T2281"/><temp name="T2251"/><temp name="T2234"/><temp name="T2294"/><temp name="T2244"/><temp name="T2287"/><temp name="T2239"/><temp name="T2314"/></temps><temps name="out"><temp name="T2290"/><temp name="T2263"/><temp name="T2206"/><temp name="T28"/><temp name="T2255"/><temp name="T868"/><temp name="T869"/><temp name="T873"/><temp name="T2270"/><temp name="T2277"/><temp name="T2320"/><temp name="T2326"/><temp name="T2310"/><temp name="T2230"/><temp name="T2228"/><temp name="T2240"/><temp name="T2213"/><temp name="T2249"/><temp name="T2275"/><temp name="T2281"/><temp name="T2251"/><temp name="T2234"/><temp name="T2294"/><temp name="T2244"/><temp name="T2287"/><temp name="T2239"/><temp name="T2314"/></temps></instruction><instruction code="SETL  T2283, 1"><temps name="use"/><temps name="def"><temp name="T2283"/></temps><temps name="in"><temp name="T2290"/><temp name="T2263"/><temp name="T2206"/><temp name="T28"/><temp name="T2255"/><temp name="T868"/><temp name="T869"/><temp name="T873"/><temp name="T2270"/><temp name="T2277"/><temp name="T2320"/><temp name="T2326"/><temp name="T2310"/><temp name="T2230"/><temp name="T2228"/><temp name="T2240"/><temp name="T2213"/><temp name="T2249"/><temp name="T2275"/><temp name="T2281"/><temp name="T2251"/><temp name="T2234"/><temp name="T2294"/><temp name="T2244"/><temp name="T2287"/><temp name="T2239"/><temp name="T2314"/></temps><temps name="out"><temp name="T2290"/><temp name="T2263"/><temp name="T2206"/><temp name="T28"/><temp name="T2255"/><temp name="T868"/><temp name="T869"/><temp name="T873"/><temp name="T2270"/><temp name="T2277"/><temp name="T2320"/><temp name="T2326"/><temp name="T2310"/><temp name="T2230"/><temp name="T2228"/><temp name="T2240"/><temp name="T2213"/><temp name="T2249"/><temp name="T2275"/><temp name="T2281"/><temp name="T2251"/><temp name="T2234"/><temp name="T2294"/><temp name="T2244"/><temp name="T2287"/><temp name="T2239"/><temp name="T2314"/></temps></instruction><instruction code="INCML T2283, 0"><temps name="use"/><temps name="def"><temp name="T2283"/></temps><temps name="in"><temp name="T2290"/><temp name="T2263"/><temp name="T2206"/><temp name="T28"/><temp name="T2255"/><temp name="T868"/><temp name="T869"/><temp name="T873"/><temp name="T2270"/><temp name="T2277"/><temp name="T2320"/><temp name="T2326"/><temp name="T2310"/><temp name="T2230"/><temp name="T2228"/><temp name="T2240"/><temp name="T2213"/><temp name="T2249"/><temp name="T2275"/><temp name="T2281"/><temp name="T2251"/><temp name="T2234"/><temp name="T2294"/><temp name="T2244"/><temp name="T2287"/><temp name="T2239"/><temp name="T2314"/></temps><temps name="out"><temp name="T2290"/><temp name="T2263"/><temp name="T2206"/><temp name="T28"/><temp name="T2255"/><temp name="T868"/><temp name="T869"/><temp name="T873"/><temp name="T2270"/><temp name="T2277"/><temp name="T2320"/><temp name="T2326"/><temp name="T2310"/><temp name="T2230"/><temp name="T2228"/><temp name="T2240"/><temp name="T2213"/><temp name="T2249"/><temp name="T2275"/><temp name="T2281"/><temp name="T2251"/><temp name="T2234"/><temp name="T2294"/><temp name="T2244"/><temp name="T2287"/><temp name="T2239"/><temp name="T2314"/></temps></instruction><instruction code="INCMH T2283, 0"><temps name="use"/><temps name="def"><temp name="T2283"/></temps><temps name="in"><temp name="T2290"/><temp name="T2263"/><temp name="T2206"/><temp name="T28"/><temp name="T2255"/><temp name="T868"/><temp name="T869"/><temp name="T873"/><temp name="T2270"/><temp name="T2277"/><temp name="T2320"/><temp name="T2326"/><temp name="T2310"/><temp name="T2230"/><temp name="T2228"/><temp name="T2240"/><temp name="T2213"/><temp name="T2249"/><temp name="T2275"/><temp name="T2281"/><temp name="T2251"/><temp name="T2234"/><temp name="T2294"/><temp name="T2244"/><temp name="T2287"/><temp name="T2239"/><temp name="T2314"/></temps><temps name="out"><temp name="T2290"/><temp name="T2263"/><temp name="T2206"/><temp name="T28"/><temp name="T2255"/><temp name="T868"/><temp name="T869"/><temp name="T873"/><temp name="T2270"/><temp name="T2277"/><temp name="T2320"/><temp name="T2326"/><temp name="T2310"/><temp name="T2230"/><temp name="T2228"/><temp name="T2240"/><temp name="T2213"/><temp name="T2249"/><temp name="T2275"/><temp name="T2281"/><temp name="T2251"/><temp name="T2234"/><temp name="T2294"/><temp name="T2244"/><temp name="T2287"/><temp name="T2239"/><temp name="T2314"/></temps></instruction><instruction code="INCH  T2283, 0"><temps name="use"/><temps name="def"><temp name="T2283"/></temps><temps name="in"><temp name="T2290"/><temp name="T2263"/><temp name="T2206"/><temp name="T28"/><temp name="T2255"/><temp name="T868"/><temp name="T869"/><temp name="T873"/><temp name="T2270"/><temp name="T2277"/><temp name="T2320"/><temp name="T2326"/><temp name="T2310"/><temp name="T2230"/><temp name="T2228"/><temp name="T2240"/><temp name="T2213"/><temp name="T2249"/><temp name="T2275"/><temp name="T2281"/><temp name="T2251"/><temp name="T2234"/><temp name="T2294"/><temp name="T2244"/><temp name="T2287"/><temp name="T2239"/><temp name="T2314"/></temps><temps name="out"><temp name="T2290"/><temp name="T2263"/><temp name="T2206"/><temp name="T28"/><temp name="T2255"/><temp name="T2283"/><temp name="T868"/><temp name="T869"/><temp name="T873"/><temp name="T2270"/><temp name="T2277"/><temp name="T2320"/><temp name="T2326"/><temp name="T2310"/><temp name="T2230"/><temp name="T2228"/><temp name="T2240"/><temp name="T2213"/><temp name="T2249"/><temp name="T2275"/><temp name="T2281"/><temp name="T2251"/><temp name="T2234"/><temp name="T2294"/><temp name="T2244"/><temp name="T2287"/><temp name="T2239"/><temp name="T2314"/></temps></instruction><instruction code="OR T874, T2283, 0"><temps name="use"><temp name="T2283"/></temps><temps name="def"><temp name="T874"/></temps><temps name="in"><temp name="T2290"/><temp name="T2263"/><temp name="T2206"/><temp name="T28"/><temp name="T2255"/><temp name="T2283"/><temp name="T868"/><temp name="T869"/><temp name="T873"/><temp name="T2270"/><temp name="T2277"/><temp name="T2320"/><temp name="T2326"/><temp name="T2310"/><temp name="T2230"/><temp name="T2228"/><temp name="T2240"/><temp name="T2213"/><temp name="T2249"/><temp name="T2275"/><temp name="T2281"/><temp name="T2251"/><temp name="T2234"/><temp name="T2294"/><temp name="T2244"/><temp name="T2287"/><temp name="T2239"/><temp name="T2314"/></temps><temps name="out"><temp name="T2290"/><temp name="T2263"/><temp name="T874"/><temp name="T2206"/><temp name="T28"/><temp name="T2255"/><temp name="T868"/><temp name="T869"/><temp name="T873"/><temp name="T2270"/><temp name="T2277"/><temp name="T2320"/><temp name="T2326"/><temp name="T2310"/><temp name="T2230"/><temp name="T2228"/><temp name="T2240"/><temp name="T2213"/><temp name="T2249"/><temp name="T2275"/><temp name="T2281"/><temp name="T2251"/><temp name="T2234"/><temp name="T2294"/><temp name="T2244"/><temp name="T2287"/><temp name="T2239"/><temp name="T2314"/></temps></instruction><instruction code="ADD T2284, T873, T874"><temps name="use"><temp name="T873"/><temp name="T874"/></temps><temps name="def"><temp name="T2284"/></temps><temps name="in"><temp name="T2290"/><temp name="T2263"/><temp name="T874"/><temp name="T2206"/><temp name="T28"/><temp name="T2255"/><temp name="T868"/><temp name="T869"/><temp name="T873"/><temp name="T2270"/><temp name="T2277"/><temp name="T2320"/><temp name="T2326"/><temp name="T2310"/><temp name="T2230"/><temp name="T2228"/><temp name="T2240"/><temp name="T2213"/><temp name="T2249"/><temp name="T2275"/><temp name="T2281"/><temp name="T2251"/><temp name="T2234"/><temp name="T2294"/><temp name="T2244"/><temp name="T2287"/><temp name="T2239"/><temp name="T2314"/></temps><temps name="out"><temp name="T2290"/><temp name="T2263"/><temp name="T2206"/><temp name="T28"/><temp name="T2255"/><temp name="T2284"/><temp name="T868"/><temp name="T869"/><temp name="T2270"/><temp name="T2277"/><temp name="T2320"/><temp name="T2326"/><temp name="T2310"/><temp name="T2230"/><temp name="T2228"/><temp name="T2240"/><temp name="T2213"/><temp name="T2249"/><temp name="T2275"/><temp name="T2281"/><temp name="T2251"/><temp name="T2234"/><temp name="T2294"/><temp name="T2244"/><temp name="T2287"/><temp name="T2239"/><temp name="T2314"/></temps></instruction><instruction code="OR T875, T2284, 0"><temps name="use"><temp name="T2284"/></temps><temps name="def"><temp name="T875"/></temps><temps name="in"><temp name="T2290"/><temp name="T2263"/><temp name="T2206"/><temp name="T28"/><temp name="T2255"/><temp name="T2284"/><temp name="T868"/><temp name="T869"/><temp name="T2270"/><temp name="T2277"/><temp name="T2320"/><temp name="T2326"/><temp name="T2310"/><temp name="T2230"/><temp name="T2228"/><temp name="T2240"/><temp name="T2213"/><temp name="T2249"/><temp name="T2275"/><temp name="T2281"/><temp name="T2251"/><temp name="T2234"/><temp name="T2294"/><temp name="T2244"/><temp name="T2287"/><temp name="T2239"/><temp name="T2314"/></temps><temps name="out"><temp name="T2290"/><temp name="T2263"/><temp name="T2206"/><temp name="T28"/><temp name="T2255"/><temp name="T868"/><temp name="T869"/><temp name="T2270"/><temp name="T2277"/><temp name="T2320"/><temp name="T2326"/><temp name="T2310"/><temp name="T2230"/><temp name="T2228"/><temp name="T2240"/><temp name="T2213"/><temp name="T2249"/><temp name="T2275"/><temp name="T2281"/><temp name="T875"/><temp name="T2251"/><temp name="T2234"/><temp name="T2294"/><temp name="T2244"/><temp name="T2287"/><temp name="T2239"/><temp name="T2314"/></temps></instruction><instruction code="OR T876, T28, 0"><temps name="use"><temp name="T28"/></temps><temps name="def"><temp name="T876"/></temps><temps name="in"><temp name="T2290"/><temp name="T2263"/><temp name="T2206"/><temp name="T28"/><temp name="T2255"/><temp name="T868"/><temp name="T869"/><temp name="T2270"/><temp name="T2277"/><temp name="T2320"/><temp name="T2326"/><temp name="T2310"/><temp name="T2230"/><temp name="T2228"/><temp name="T2240"/><temp name="T2213"/><temp name="T2249"/><temp name="T2275"/><temp name="T2281"/><temp name="T875"/><temp name="T2251"/><temp name="T2234"/><temp name="T2294"/><temp name="T2244"/><temp name="T2287"/><temp name="T2239"/><temp name="T2314"/></temps><temps name="out"><temp name="T2290"/><temp name="T2263"/><temp name="T2206"/><temp name="T28"/><temp name="T876"/><temp name="T2255"/><temp name="T868"/><temp name="T869"/><temp name="T2270"/><temp name="T2277"/><temp name="T2320"/><temp name="T2326"/><temp name="T2310"/><temp name="T2230"/><temp name="T2228"/><temp name="T2240"/><temp name="T2213"/><temp name="T2249"/><temp name="T2275"/><temp name="T2281"/><temp name="T875"/><temp name="T2251"/><temp name="T2234"/><temp name="T2294"/><temp name="T2244"/><temp name="T2287"/><temp name="T2239"/><temp name="T2314"/></temps></instruction><instruction code="SETL  T2285, 16"><temps name="use"/><temps name="def"><temp name="T2285"/></temps><temps name="in"><temp name="T2290"/><temp name="T2263"/><temp name="T2206"/><temp name="T28"/><temp name="T876"/><temp name="T2255"/><temp name="T868"/><temp name="T869"/><temp name="T2270"/><temp name="T2277"/><temp name="T2320"/><temp name="T2326"/><temp name="T2310"/><temp name="T2230"/><temp name="T2228"/><temp name="T2240"/><temp name="T2213"/><temp name="T2249"/><temp name="T2275"/><temp name="T2281"/><temp name="T875"/><temp name="T2251"/><temp name="T2234"/><temp name="T2294"/><temp name="T2244"/><temp name="T2287"/><temp name="T2239"/><temp name="T2314"/></temps><temps name="out"><temp name="T2290"/><temp name="T2263"/><temp name="T2206"/><temp name="T28"/><temp name="T876"/><temp name="T2255"/><temp name="T868"/><temp name="T869"/><temp name="T2270"/><temp name="T2277"/><temp name="T2320"/><temp name="T2326"/><temp name="T2310"/><temp name="T2230"/><temp name="T2228"/><temp name="T2240"/><temp name="T2213"/><temp name="T2249"/><temp name="T2275"/><temp name="T2281"/><temp name="T875"/><temp name="T2251"/><temp name="T2234"/><temp name="T2294"/><temp name="T2244"/><temp name="T2287"/><temp name="T2239"/><temp name="T2314"/></temps></instruction><instruction code="INCML T2285, 0"><temps name="use"/><temps name="def"><temp name="T2285"/></temps><temps name="in"><temp name="T2290"/><temp name="T2263"/><temp name="T2206"/><temp name="T28"/><temp name="T876"/><temp name="T2255"/><temp name="T868"/><temp name="T869"/><temp name="T2270"/><temp name="T2277"/><temp name="T2320"/><temp name="T2326"/><temp name="T2310"/><temp name="T2230"/><temp name="T2228"/><temp name="T2240"/><temp name="T2213"/><temp name="T2249"/><temp name="T2275"/><temp name="T2281"/><temp name="T875"/><temp name="T2251"/><temp name="T2234"/><temp name="T2294"/><temp name="T2244"/><temp name="T2287"/><temp name="T2239"/><temp name="T2314"/></temps><temps name="out"><temp name="T2290"/><temp name="T2263"/><temp name="T2206"/><temp name="T28"/><temp name="T876"/><temp name="T2255"/><temp name="T868"/><temp name="T869"/><temp name="T2270"/><temp name="T2277"/><temp name="T2320"/><temp name="T2326"/><temp name="T2310"/><temp name="T2230"/><temp name="T2228"/><temp name="T2240"/><temp name="T2213"/><temp name="T2249"/><temp name="T2275"/><temp name="T2281"/><temp name="T875"/><temp name="T2251"/><temp name="T2234"/><temp name="T2294"/><temp name="T2244"/><temp name="T2287"/><temp name="T2239"/><temp name="T2314"/></temps></instruction><instruction code="INCMH T2285, 0"><temps name="use"/><temps name="def"><temp name="T2285"/></temps><temps name="in"><temp name="T2290"/><temp name="T2263"/><temp name="T2206"/><temp name="T28"/><temp name="T876"/><temp name="T2255"/><temp name="T868"/><temp name="T869"/><temp name="T2270"/><temp name="T2277"/><temp name="T2320"/><temp name="T2326"/><temp name="T2310"/><temp name="T2230"/><temp name="T2228"/><temp name="T2240"/><temp name="T2213"/><temp name="T2249"/><temp name="T2275"/><temp name="T2281"/><temp name="T875"/><temp name="T2251"/><temp name="T2234"/><temp name="T2294"/><temp name="T2244"/><temp name="T2287"/><temp name="T2239"/><temp name="T2314"/></temps><temps name="out"><temp name="T2290"/><temp name="T2263"/><temp name="T2206"/><temp name="T28"/><temp name="T876"/><temp name="T2255"/><temp name="T868"/><temp name="T869"/><temp name="T2270"/><temp name="T2277"/><temp name="T2320"/><temp name="T2326"/><temp name="T2310"/><temp name="T2230"/><temp name="T2228"/><temp name="T2240"/><temp name="T2213"/><temp name="T2249"/><temp name="T2275"/><temp name="T2281"/><temp name="T875"/><temp name="T2251"/><temp name="T2234"/><temp name="T2294"/><temp name="T2244"/><temp name="T2287"/><temp name="T2239"/><temp name="T2314"/></temps></instruction><instruction code="INCH  T2285, 0"><temps name="use"/><temps name="def"><temp name="T2285"/></temps><temps name="in"><temp name="T2290"/><temp name="T2263"/><temp name="T2206"/><temp name="T28"/><temp name="T876"/><temp name="T2255"/><temp name="T868"/><temp name="T869"/><temp name="T2270"/><temp name="T2277"/><temp name="T2320"/><temp name="T2326"/><temp name="T2310"/><temp name="T2230"/><temp name="T2228"/><temp name="T2240"/><temp name="T2213"/><temp name="T2249"/><temp name="T2275"/><temp name="T2281"/><temp name="T875"/><temp name="T2251"/><temp name="T2234"/><temp name="T2294"/><temp name="T2244"/><temp name="T2287"/><temp name="T2239"/><temp name="T2314"/></temps><temps name="out"><temp name="T2290"/><temp name="T2263"/><temp name="T2206"/><temp name="T28"/><temp name="T876"/><temp name="T2255"/><temp name="T868"/><temp name="T869"/><temp name="T2270"/><temp name="T2277"/><temp name="T2320"/><temp name="T2326"/><temp name="T2310"/><temp name="T2230"/><temp name="T2228"/><temp name="T2240"/><temp name="T2213"/><temp name="T2249"/><temp name="T2275"/><temp name="T2281"/><temp name="T875"/><temp name="T2285"/><temp name="T2251"/><temp name="T2234"/><temp name="T2294"/><temp name="T2244"/><temp name="T2287"/><temp name="T2239"/><temp name="T2314"/></temps></instruction><instruction code="OR T877, T2285, 0"><temps name="use"><temp name="T2285"/></temps><temps name="def"><temp name="T877"/></temps><temps name="in"><temp name="T2290"/><temp name="T2263"/><temp name="T2206"/><temp name="T28"/><temp name="T876"/><temp name="T2255"/><temp name="T868"/><temp name="T869"/><temp name="T2270"/><temp name="T2277"/><temp name="T2320"/><temp name="T2326"/><temp name="T2310"/><temp name="T2230"/><temp name="T2228"/><temp name="T2240"/><temp name="T2213"/><temp name="T2249"/><temp name="T2275"/><temp name="T2281"/><temp name="T875"/><temp name="T2285"/><temp name="T2251"/><temp name="T2234"/><temp name="T2294"/><temp name="T2244"/><temp name="T2287"/><temp name="T2239"/><temp name="T2314"/></temps><temps name="out"><temp name="T2290"/><temp name="T2263"/><temp name="T2206"/><temp name="T28"/><temp name="T876"/><temp name="T2255"/><temp name="T868"/><temp name="T869"/><temp name="T2270"/><temp name="T2277"/><temp name="T2320"/><temp name="T2326"/><temp name="T877"/><temp name="T2310"/><temp name="T2230"/><temp name="T2228"/><temp name="T2240"/><temp name="T2213"/><temp name="T2249"/><temp name="T2275"/><temp name="T2281"/><temp name="T875"/><temp name="T2251"/><temp name="T2234"/><temp name="T2294"/><temp name="T2244"/><temp name="T2287"/><temp name="T2239"/><temp name="T2314"/></temps></instruction><instruction code="ADD T2286, T876, T877"><temps name="use"><temp name="T876"/><temp name="T877"/></temps><temps name="def"><temp name="T2286"/></temps><temps name="in"><temp name="T2290"/><temp name="T2263"/><temp name="T2206"/><temp name="T28"/><temp name="T876"/><temp name="T2255"/><temp name="T868"/><temp name="T869"/><temp name="T2270"/><temp name="T2277"/><temp name="T2320"/><temp name="T2326"/><temp name="T877"/><temp name="T2310"/><temp name="T2230"/><temp name="T2228"/><temp name="T2240"/><temp name="T2213"/><temp name="T2249"/><temp name="T2275"/><temp name="T2281"/><temp name="T875"/><temp name="T2251"/><temp name="T2234"/><temp name="T2294"/><temp name="T2244"/><temp name="T2287"/><temp name="T2239"/><temp name="T2314"/></temps><temps name="out"><temp name="T2290"/><temp name="T2263"/><temp name="T2206"/><temp name="T28"/><temp name="T2255"/><temp name="T868"/><temp name="T869"/><temp name="T2270"/><temp name="T2277"/><temp name="T2320"/><temp name="T2326"/><temp name="T2310"/><temp name="T2230"/><temp name="T2228"/><temp name="T2240"/><temp name="T2286"/><temp name="T2213"/><temp name="T2249"/><temp name="T2275"/><temp name="T2281"/><temp name="T875"/><temp name="T2251"/><temp name="T2234"/><temp name="T2294"/><temp name="T2244"/><temp name="T2287"/><temp name="T2239"/><temp name="T2314"/></temps></instruction><instruction code="OR T878, T2286, 0"><temps name="use"><temp name="T2286"/></temps><temps name="def"><temp name="T878"/></temps><temps name="in"><temp name="T2290"/><temp name="T2263"/><temp name="T2206"/><temp name="T28"/><temp name="T2255"/><temp name="T868"/><temp name="T869"/><temp name="T2270"/><temp name="T2277"/><temp name="T2320"/><temp name="T2326"/><temp name="T2310"/><temp name="T2230"/><temp name="T2228"/><temp name="T2240"/><temp name="T2286"/><temp name="T2213"/><temp name="T2249"/><temp name="T2275"/><temp name="T2281"/><temp name="T875"/><temp name="T2251"/><temp name="T2234"/><temp name="T2294"/><temp name="T2244"/><temp name="T2287"/><temp name="T2239"/><temp name="T2314"/></temps><temps name="out"><temp name="T2290"/><temp name="T2263"/><temp name="T2206"/><temp name="T28"/><temp name="T2255"/><temp name="T868"/><temp name="T869"/><temp name="T2270"/><temp name="T2277"/><temp name="T2320"/><temp name="T2326"/><temp name="T2310"/><temp name="T2230"/><temp name="T2228"/><temp name="T2240"/><temp name="T2213"/><temp name="T2249"/><temp name="T2275"/><temp name="T2281"/><temp name="T875"/><temp name="T2251"/><temp name="T2234"/><temp name="T2294"/><temp name="T2244"/><temp name="T2287"/><temp name="T2239"/><temp name="T2314"/></temps></instruction><instruction code="LDO T2288, T2287, 0"><temps name="use"><temp name="T2287"/></temps><temps name="def"><temp name="T2288"/></temps><temps name="in"><temp name="T2290"/><temp name="T2263"/><temp name="T2206"/><temp name="T28"/><temp name="T2255"/><temp name="T868"/><temp name="T869"/><temp name="T2270"/><temp name="T2277"/><temp name="T2320"/><temp name="T2326"/><temp name="T2310"/><temp name="T2230"/><temp name="T2228"/><temp name="T2240"/><temp name="T2213"/><temp name="T2249"/><temp name="T2275"/><temp name="T2281"/><temp name="T875"/><temp name="T2251"/><temp name="T2234"/><temp name="T2294"/><temp name="T2244"/><temp name="T2287"/><temp name="T2239"/><temp name="T2314"/></temps><temps name="out"><temp name="T2290"/><temp name="T2263"/><temp name="T2288"/><temp name="T2206"/><temp name="T28"/><temp name="T2255"/><temp name="T868"/><temp name="T869"/><temp name="T2270"/><temp name="T2277"/><temp name="T2320"/><temp name="T2326"/><temp name="T2310"/><temp name="T2230"/><temp name="T2228"/><temp name="T2240"/><temp name="T2213"/><temp name="T2249"/><temp name="T2275"/><temp name="T2281"/><temp name="T875"/><temp name="T2251"/><temp name="T2234"/><temp name="T2294"/><temp name="T2244"/><temp name="T2239"/><temp name="T2287"/><temp name="T2314"/></temps></instruction><instruction code="OR T879, T2288, 0"><temps name="use"><temp name="T2288"/></temps><temps name="def"><temp name="T879"/></temps><temps name="in"><temp name="T2290"/><temp name="T2263"/><temp name="T2288"/><temp name="T2206"/><temp name="T28"/><temp name="T2255"/><temp name="T868"/><temp name="T869"/><temp name="T2270"/><temp name="T2277"/><temp name="T2320"/><temp name="T2326"/><temp name="T2310"/><temp name="T2230"/><temp name="T2228"/><temp name="T2240"/><temp name="T2213"/><temp name="T2249"/><temp name="T2275"/><temp name="T2281"/><temp name="T875"/><temp name="T2251"/><temp name="T2234"/><temp name="T2294"/><temp name="T2244"/><temp name="T2239"/><temp name="T2287"/><temp name="T2314"/></temps><temps name="out"><temp name="T2290"/><temp name="T2263"/><temp name="T2206"/><temp name="T28"/><temp name="T2255"/><temp name="T868"/><temp name="T869"/><temp name="T879"/><temp name="T2270"/><temp name="T2277"/><temp name="T2320"/><temp name="T2326"/><temp name="T2310"/><temp name="T2230"/><temp name="T2228"/><temp name="T2240"/><temp name="T2213"/><temp name="T2249"/><temp name="T2275"/><temp name="T2281"/><temp name="T875"/><temp name="T2251"/><temp name="T2234"/><temp name="T2294"/><temp name="T2244"/><temp name="T2239"/><temp name="T2287"/><temp name="T2314"/></temps></instruction><instruction code="STO T869, $254, 8"><temps name="use"><temp name="T869"/></temps><temps name="def"/><temps name="in"><temp name="T2290"/><temp name="T2263"/><temp name="T2206"/><temp name="T28"/><temp name="T2255"/><temp name="T868"/><temp name="T869"/><temp name="T879"/><temp name="T2270"/><temp name="T2277"/><temp name="T2320"/><temp name="T2326"/><temp name="T2310"/><temp name="T2230"/><temp name="T2228"/><temp name="T2240"/><temp name="T2213"/><temp name="T2249"/><temp name="T2275"/><temp name="T2281"/><temp name="T875"/><temp name="T2251"/><temp name="T2234"/><temp name="T2294"/><temp name="T2244"/><temp name="T2239"/><temp name="T2287"/><temp name="T2314"/></temps><temps name="out"><temp name="T2290"/><temp name="T2263"/><temp name="T2206"/><temp name="T28"/><temp name="T2255"/><temp name="T868"/><temp name="T879"/><temp name="T2270"/><temp name="T2277"/><temp name="T2320"/><temp name="T2326"/><temp name="T2310"/><temp name="T2230"/><temp name="T2228"/><temp name="T2240"/><temp name="T2213"/><temp name="T2249"/><temp name="T2275"/><temp name="T2281"/><temp name="T875"/><temp name="T2251"/><temp name="T2234"/><temp name="T2294"/><temp name="T2244"/><temp name="T2239"/><temp name="T2287"/><temp name="T2314"/></temps></instruction><instruction code="STO T875, $254, 16"><temps name="use"><temp name="T875"/></temps><temps name="def"/><temps name="in"><temp name="T2290"/><temp name="T2263"/><temp name="T2206"/><temp name="T28"/><temp name="T2255"/><temp name="T868"/><temp name="T879"/><temp name="T2270"/><temp name="T2277"/><temp name="T2320"/><temp name="T2326"/><temp name="T2310"/><temp name="T2230"/><temp name="T2228"/><temp name="T2240"/><temp name="T2213"/><temp name="T2249"/><temp name="T2275"/><temp name="T2281"/><temp name="T875"/><temp name="T2251"/><temp name="T2234"/><temp name="T2294"/><temp name="T2244"/><temp name="T2239"/><temp name="T2287"/><temp name="T2314"/></temps><temps name="out"><temp name="T2290"/><temp name="T2263"/><temp name="T2206"/><temp name="T28"/><temp name="T2255"/><temp name="T868"/><temp name="T879"/><temp name="T2270"/><temp name="T2277"/><temp name="T2320"/><temp name="T2326"/><temp name="T2310"/><temp name="T2230"/><temp name="T2228"/><temp name="T2240"/><temp name="T2213"/><temp name="T2249"/><temp name="T2275"/><temp name="T2281"/><temp name="T2251"/><temp name="T2234"/><temp name="T2294"/><temp name="T2244"/><temp name="T2239"/><temp name="T2287"/><temp name="T2314"/></temps></instruction><instruction code="STO T879, $254, 24"><temps name="use"><temp name="T879"/></temps><temps name="def"/><temps name="in"><temp name="T2290"/><temp name="T2263"/><temp name="T2206"/><temp name="T28"/><temp name="T2255"/><temp name="T868"/><temp name="T879"/><temp name="T2270"/><temp name="T2277"/><temp name="T2320"/><temp name="T2326"/><temp name="T2310"/><temp name="T2230"/><temp name="T2228"/><temp name="T2240"/><temp name="T2213"/><temp name="T2249"/><temp name="T2275"/><temp name="T2281"/><temp name="T2251"/><temp name="T2234"/><temp name="T2294"/><temp name="T2244"/><temp name="T2239"/><temp name="T2287"/><temp name="T2314"/></temps><temps name="out"><temp name="T2290"/><temp name="T2263"/><temp name="T2206"/><temp name="T28"/><temp name="T2255"/><temp name="T868"/><temp name="T2270"/><temp name="T2277"/><temp name="T2320"/><temp name="T2326"/><temp name="T2310"/><temp name="T2230"/><temp name="T2228"/><temp name="T2240"/><temp name="T2213"/><temp name="T2249"/><temp name="T2275"/><temp name="T2281"/><temp name="T2251"/><temp name="T2234"/><temp name="T2294"/><temp name="T2244"/><temp name="T2239"/><temp name="T2287"/><temp name="T2314"/></temps></instruction><instruction code="LDA T2289, L4"><temps name="use"/><temps name="def"><temp name="T2289"/></temps><temps name="in"><temp name="T2290"/><temp name="T2263"/><temp name="T2206"/><temp name="T28"/><temp name="T2255"/><temp name="T868"/><temp name="T2270"/><temp name="T2277"/><temp name="T2320"/><temp name="T2326"/><temp name="T2310"/><temp name="T2230"/><temp name="T2228"/><temp name="T2240"/><temp name="T2213"/><temp name="T2249"/><temp name="T2275"/><temp name="T2281"/><temp name="T2251"/><temp name="T2234"/><temp name="T2294"/><temp name="T2244"/><temp name="T2239"/><temp name="T2287"/><temp name="T2314"/></temps><temps name="out"><temp name="T2290"/><temp name="T2263"/><temp name="T2289"/><temp name="T2206"/><temp name="T28"/><temp name="T2255"/><temp name="T868"/><temp name="T2270"/><temp name="T2277"/><temp name="T2320"/><temp name="T2326"/><temp name="T2310"/><temp name="T2230"/><temp name="T2228"/><temp name="T2240"/><temp name="T2213"/><temp name="T2249"/><temp name="T2275"/><temp name="T2281"/><temp name="T2251"/><temp name="T2234"/><temp name="T2294"/><temp name="T2244"/><temp name="T2239"/><temp name="T2287"/><temp name="T2314"/></temps></instruction><instruction code="PUSHJ $15, T2289, 0"><temps name="use"><temp name="T2289"/></temps><temps name="def"/><temps name="in"><temp name="T2290"/><temp name="T2263"/><temp name="T2289"/><temp name="T2206"/><temp name="T28"/><temp name="T2255"/><temp name="T868"/><temp name="T2270"/><temp name="T2277"/><temp name="T2320"/><temp name="T2326"/><temp name="T2310"/><temp name="T2230"/><temp name="T2228"/><temp name="T2240"/><temp name="T2213"/><temp name="T2249"/><temp name="T2275"/><temp name="T2281"/><temp name="T2251"/><temp name="T2234"/><temp name="T2294"/><temp name="T2244"/><temp name="T2239"/><temp name="T2287"/><temp name="T2314"/></temps><temps name="out"><temp name="T2290"/><temp name="T2263"/><temp name="T2206"/><temp name="T28"/><temp name="T2255"/><temp name="T868"/><temp name="T2270"/><temp name="T2277"/><temp name="T2320"/><temp name="T2326"/><temp name="T2310"/><temp name="T2230"/><temp name="T2228"/><temp name="T2240"/><temp name="T2213"/><temp name="T2249"/><temp name="T2275"/><temp name="T2281"/><temp name="T2251"/><temp name="T2234"/><temp name="T2294"/><temp name="T2244"/><temp name="T2239"/><temp name="T2287"/><temp name="T2314"/></temps></instruction><instruction code="OR T880, T2290, 0"><temps name="use"><temp name="T2290"/></temps><temps name="def"><temp name="T880"/></temps><temps name="in"><temp name="T2290"/><temp name="T2263"/><temp name="T2206"/><temp name="T28"/><temp name="T2255"/><temp name="T868"/><temp name="T2270"/><temp name="T2277"/><temp name="T2320"/><temp name="T2326"/><temp name="T2310"/><temp name="T2230"/><temp name="T2228"/><temp name="T2240"/><temp name="T2213"/><temp name="T2249"/><temp name="T2275"/><temp name="T2281"/><temp name="T2251"/><temp name="T2234"/><temp name="T2294"/><temp name="T2244"/><temp name="T2239"/><temp name="T2287"/><temp name="T2314"/></temps><temps name="out"><temp name="T2290"/><temp name="T2263"/><temp name="T2206"/><temp name="T28"/><temp name="T2255"/><temp name="T868"/><temp name="T2270"/><temp name="T2277"/><temp name="T2320"/><temp name="T2326"/><temp name="T2310"/><temp name="T2230"/><temp name="T2228"/><temp name="T2240"/><temp name="T880"/><temp name="T2213"/><temp name="T2249"/><temp name="T2275"/><temp name="T2281"/><temp name="T2251"/><temp name="T2234"/><temp name="T2294"/><temp name="T2244"/><temp name="T2239"/><temp name="T2287"/><temp name="T2314"/></temps></instruction><instruction code="ADD T2291, T868, T880"><temps name="use"><temp name="T868"/><temp name="T880"/></temps><temps name="def"><temp name="T2291"/></temps><temps name="in"><temp name="T2290"/><temp name="T2263"/><temp name="T2206"/><temp name="T28"/><temp name="T2255"/><temp name="T868"/><temp name="T2270"/><temp name="T2277"/><temp name="T2320"/><temp name="T2326"/><temp name="T2310"/><temp name="T2230"/><temp name="T2228"/><temp name="T2240"/><temp name="T880"/><temp name="T2213"/><temp name="T2249"/><temp name="T2275"/><temp name="T2281"/><temp name="T2251"/><temp name="T2234"/><temp name="T2294"/><temp name="T2244"/><temp name="T2239"/><temp name="T2287"/><temp name="T2314"/></temps><temps name="out"><temp name="T2290"/><temp name="T2263"/><temp name="T2206"/><temp name="T28"/><temp name="T2255"/><temp name="T2270"/><temp name="T2277"/><temp name="T2320"/><temp name="T2326"/><temp name="T2310"/><temp name="T2230"/><temp name="T2228"/><temp name="T2240"/><temp name="T2213"/><temp name="T2249"/><temp name="T2275"/><temp name="T2281"/><temp name="T2251"/><temp name="T2234"/><temp name="T2291"/><temp name="T2294"/><temp name="T2244"/><temp name="T2239"/><temp name="T2287"/><temp name="T2314"/></temps></instruction><instruction code="OR T881, T2291, 0"><temps name="use"><temp name="T2291"/></temps><temps name="def"><temp name="T881"/></temps><temps name="in"><temp name="T2290"/><temp name="T2263"/><temp name="T2206"/><temp name="T28"/><temp name="T2255"/><temp name="T2270"/><temp name="T2277"/><temp name="T2320"/><temp name="T2326"/><temp name="T2310"/><temp name="T2230"/><temp name="T2228"/><temp name="T2240"/><temp name="T2213"/><temp name="T2249"/><temp name="T2275"/><temp name="T2281"/><temp name="T2251"/><temp name="T2234"/><temp name="T2291"/><temp name="T2294"/><temp name="T2244"/><temp name="T2239"/><temp name="T2287"/><temp name="T2314"/></temps><temps name="out"><temp name="T2290"/><temp name="T2263"/><temp name="T2206"/><temp name="T28"/><temp name="T2255"/><temp name="T881"/><temp name="T2270"/><temp name="T2277"/><temp name="T2320"/><temp name="T2326"/><temp name="T2310"/><temp name="T2230"/><temp name="T2228"/><temp name="T2240"/><temp name="T2213"/><temp name="T2249"/><temp name="T2275"/><temp name="T2281"/><temp name="T2251"/><temp name="T2234"/><temp name="T2294"/><temp name="T2244"/><temp name="T2239"/><temp name="T2287"/><temp name="T2314"/></temps></instruction><instruction code="LDO T2295, T2294, 0"><temps name="use"><temp name="T2294"/></temps><temps name="def"><temp name="T2295"/></temps><temps name="in"><temp name="T2290"/><temp name="T2263"/><temp name="T2206"/><temp name="T28"/><temp name="T2255"/><temp name="T881"/><temp name="T2270"/><temp name="T2277"/><temp name="T2320"/><temp name="T2326"/><temp name="T2310"/><temp name="T2230"/><temp name="T2228"/><temp name="T2240"/><temp name="T2213"/><temp name="T2249"/><temp name="T2275"/><temp name="T2281"/><temp name="T2251"/><temp name="T2234"/><temp name="T2294"/><temp name="T2244"/><temp name="T2239"/><temp name="T2287"/><temp name="T2314"/></temps><temps name="out"><temp name="T2290"/><temp name="T2263"/><temp name="T2206"/><temp name="T28"/><temp name="T2255"/><temp name="T2295"/><temp name="T881"/><temp name="T2270"/><temp name="T2277"/><temp name="T2320"/><temp name="T2326"/><temp name="T2310"/><temp name="T2230"/><temp name="T2228"/><temp name="T2240"/><temp name="T2213"/><temp name="T2249"/><temp name="T2275"/><temp name="T2281"/><temp name="T2251"/><temp name="T2234"/><temp name="T2294"/><temp name="T2244"/><temp name="T2239"/><temp name="T2287"/><temp name="T2314"/></temps></instruction><instruction code="STO T2295, T881, 0"><temps name="use"><temp name="T2295"/><temp name="T881"/></temps><temps name="def"/><temps name="in"><temp name="T2290"/><temp name="T2263"/><temp name="T2206"/><temp name="T28"/><temp name="T2255"/><temp name="T2295"/><temp name="T881"/><temp name="T2270"/><temp name="T2277"/><temp name="T2320"/><temp name="T2326"/><temp name="T2310"/><temp name="T2230"/><temp name="T2228"/><temp name="T2240"/><temp name="T2213"/><temp name="T2249"/><temp name="T2275"/><temp name="T2281"/><temp name="T2251"/><temp name="T2234"/><temp name="T2294"/><temp name="T2244"/><temp name="T2239"/><temp name="T2287"/><temp name="T2314"/></temps><temps name="out"><temp name="T2290"/><temp name="T2263"/><temp name="T2206"/><temp name="T28"/><temp name="T2255"/><temp name="T2270"/><temp name="T2277"/><temp name="T2320"/><temp name="T2326"/><temp name="T2310"/><temp name="T2230"/><temp name="T2228"/><temp name="T2240"/><temp name="T2213"/><temp name="T2249"/><temp name="T2275"/><temp name="T2281"/><temp name="T2251"/><temp name="T2234"/><temp name="T2294"/><temp name="T2244"/><temp name="T2239"/><temp name="T2287"/><temp name="T2314"/></temps></instruction><instruction code="L95"><temps name="use"/><temps name="def"/><temps name="in"><temp name="T2290"/><temp name="T2263"/><temp name="T2206"/><temp name="T28"/><temp name="T2255"/><temp name="T2270"/><temp name="T2277"/><temp name="T2320"/><temp name="T2326"/><temp name="T2310"/><temp name="T2230"/><temp name="T2228"/><temp name="T2240"/><temp name="T2213"/><temp name="T2249"/><temp name="T2275"/><temp name="T2281"/><temp name="T2251"/><temp name="T2234"/><temp name="T2294"/><temp name="T2244"/><temp name="T2239"/><temp name="T2287"/><temp name="T2314"/></temps><temps name="out"><temp name="T2290"/><temp name="T2263"/><temp name="T2206"/><temp name="T28"/><temp name="T2255"/><temp name="T2270"/><temp name="T2277"/><temp name="T2320"/><temp name="T2326"/><temp name="T2310"/><temp name="T2230"/><temp name="T2228"/><temp name="T2240"/><temp name="T2213"/><temp name="T2249"/><temp name="T2275"/><temp name="T2281"/><temp name="T2251"/><temp name="T2234"/><temp name="T2294"/><temp name="T2244"/><temp name="T2239"/><temp name="T2287"/><temp name="T2314"/></temps></instruction><instruction code="SETL  T2296, 0"><temps name="use"/><temps name="def"><temp name="T2296"/></temps><temps name="in"><temp name="T2290"/><temp name="T2263"/><temp name="T2206"/><temp name="T28"/><temp name="T2255"/><temp name="T2270"/><temp name="T2277"/><temp name="T2320"/><temp name="T2326"/><temp name="T2310"/><temp name="T2230"/><temp name="T2228"/><temp name="T2240"/><temp name="T2213"/><temp name="T2249"/><temp name="T2275"/><temp name="T2281"/><temp name="T2251"/><temp name="T2234"/><temp name="T2294"/><temp name="T2244"/><temp name="T2239"/><temp name="T2287"/><temp name="T2314"/></temps><temps name="out"><temp name="T2290"/><temp name="T2263"/><temp name="T2206"/><temp name="T28"/><temp name="T2255"/><temp name="T2270"/><temp name="T2277"/><temp name="T2320"/><temp name="T2326"/><temp name="T2310"/><temp name="T2230"/><temp name="T2228"/><temp name="T2240"/><temp name="T2213"/><temp name="T2249"/><temp name="T2275"/><temp name="T2281"/><temp name="T2251"/><temp name="T2234"/><temp name="T2294"/><temp name="T2244"/><temp name="T2239"/><temp name="T2287"/><temp name="T2314"/></temps></instruction><instruction code="INCML T2296, 0"><temps name="use"/><temps name="def"><temp name="T2296"/></temps><temps name="in"><temp name="T2290"/><temp name="T2263"/><temp name="T2206"/><temp name="T28"/><temp name="T2255"/><temp name="T2270"/><temp name="T2277"/><temp name="T2320"/><temp name="T2326"/><temp name="T2310"/><temp name="T2230"/><temp name="T2228"/><temp name="T2240"/><temp name="T2213"/><temp name="T2249"/><temp name="T2275"/><temp name="T2281"/><temp name="T2251"/><temp name="T2234"/><temp name="T2294"/><temp name="T2244"/><temp name="T2239"/><temp name="T2287"/><temp name="T2314"/></temps><temps name="out"><temp name="T2290"/><temp name="T2263"/><temp name="T2206"/><temp name="T28"/><temp name="T2255"/><temp name="T2270"/><temp name="T2277"/><temp name="T2320"/><temp name="T2326"/><temp name="T2310"/><temp name="T2230"/><temp name="T2228"/><temp name="T2240"/><temp name="T2213"/><temp name="T2249"/><temp name="T2275"/><temp name="T2281"/><temp name="T2251"/><temp name="T2234"/><temp name="T2294"/><temp name="T2244"/><temp name="T2239"/><temp name="T2287"/><temp name="T2314"/></temps></instruction><instruction code="INCMH T2296, 0"><temps name="use"/><temps name="def"><temp name="T2296"/></temps><temps name="in"><temp name="T2290"/><temp name="T2263"/><temp name="T2206"/><temp name="T28"/><temp name="T2255"/><temp name="T2270"/><temp name="T2277"/><temp name="T2320"/><temp name="T2326"/><temp name="T2310"/><temp name="T2230"/><temp name="T2228"/><temp name="T2240"/><temp name="T2213"/><temp name="T2249"/><temp name="T2275"/><temp name="T2281"/><temp name="T2251"/><temp name="T2234"/><temp name="T2294"/><temp name="T2244"/><temp name="T2239"/><temp name="T2287"/><temp name="T2314"/></temps><temps name="out"><temp name="T2290"/><temp name="T2263"/><temp name="T2206"/><temp name="T28"/><temp name="T2255"/><temp name="T2270"/><temp name="T2277"/><temp name="T2320"/><temp name="T2326"/><temp name="T2310"/><temp name="T2230"/><temp name="T2228"/><temp name="T2240"/><temp name="T2213"/><temp name="T2249"/><temp name="T2275"/><temp name="T2281"/><temp name="T2251"/><temp name="T2234"/><temp name="T2294"/><temp name="T2244"/><temp name="T2239"/><temp name="T2287"/><temp name="T2314"/></temps></instruction><instruction code="INCH  T2296, 0"><temps name="use"/><temps name="def"><temp name="T2296"/></temps><temps name="in"><temp name="T2290"/><temp name="T2263"/><temp name="T2206"/><temp name="T28"/><temp name="T2255"/><temp name="T2270"/><temp name="T2277"/><temp name="T2320"/><temp name="T2326"/><temp name="T2310"/><temp name="T2230"/><temp name="T2228"/><temp name="T2240"/><temp name="T2213"/><temp name="T2249"/><temp name="T2275"/><temp name="T2281"/><temp name="T2251"/><temp name="T2234"/><temp name="T2294"/><temp name="T2244"/><temp name="T2239"/><temp name="T2287"/><temp name="T2314"/></temps><temps name="out"><temp name="T2290"/><temp name="T2263"/><temp name="T2206"/><temp name="T28"/><temp name="T2255"/><temp name="T2296"/><temp name="T2270"/><temp name="T2277"/><temp name="T2320"/><temp name="T2326"/><temp name="T2310"/><temp name="T2230"/><temp name="T2228"/><temp name="T2240"/><temp name="T2213"/><temp name="T2249"/><temp name="T2275"/><temp name="T2281"/><temp name="T2251"/><temp name="T2234"/><temp name="T2294"/><temp name="T2244"/><temp name="T2239"/><temp name="T2287"/><temp name="T2314"/></temps></instruction><instruction code="OR T882, T2296, 0"><temps name="use"><temp name="T2296"/></temps><temps name="def"><temp name="T882"/></temps><temps name="in"><temp name="T2290"/><temp name="T2263"/><temp name="T2206"/><temp name="T28"/><temp name="T2255"/><temp name="T2296"/><temp name="T2270"/><temp name="T2277"/><temp name="T2320"/><temp name="T2326"/><temp name="T2310"/><temp name="T2230"/><temp name="T2228"/><temp name="T2240"/><temp name="T2213"/><temp name="T2249"/><temp name="T2275"/><temp name="T2281"/><temp name="T2251"/><temp name="T2234"/><temp name="T2294"/><temp name="T2244"/><temp name="T2239"/><temp name="T2287"/><temp name="T2314"/></temps><temps name="out"><temp name="T882"/><temp name="T2290"/><temp name="T2263"/><temp name="T2206"/><temp name="T28"/><temp name="T2255"/><temp name="T2270"/><temp name="T2277"/><temp name="T2320"/><temp name="T2326"/><temp name="T2310"/><temp name="T2230"/><temp name="T2228"/><temp name="T2240"/><temp name="T2213"/><temp name="T2249"/><temp name="T2275"/><temp name="T2281"/><temp name="T2251"/><temp name="T2234"/><temp name="T2294"/><temp name="T2244"/><temp name="T2239"/><temp name="T2287"/><temp name="T2314"/></temps></instruction><instruction code="LDO T2311, T2310, 0"><temps name="use"><temp name="T2310"/></temps><temps name="def"><temp name="T2311"/></temps><temps name="in"><temp name="T882"/><temp name="T2290"/><temp name="T2263"/><temp name="T2206"/><temp name="T28"/><temp name="T2255"/><temp name="T2270"/><temp name="T2277"/><temp name="T2320"/><temp name="T2326"/><temp name="T2310"/><temp name="T2230"/><temp name="T2228"/><temp name="T2240"/><temp name="T2213"/><temp name="T2249"/><temp name="T2275"/><temp name="T2281"/><temp name="T2251"/><temp name="T2234"/><temp name="T2294"/><temp name="T2244"/><temp name="T2239"/><temp name="T2287"/><temp name="T2314"/></temps><temps name="out"><temp name="T882"/><temp name="T2290"/><temp name="T2263"/><temp name="T2206"/><temp name="T28"/><temp name="T2255"/><temp name="T2270"/><temp name="T2277"/><temp name="T2320"/><temp name="T2326"/><temp name="T2310"/><temp name="T2230"/><temp name="T2228"/><temp name="T2240"/><temp name="T2213"/><temp name="T2249"/><temp name="T2275"/><temp name="T2281"/><temp name="T2251"/><temp name="T2234"/><temp name="T2294"/><temp name="T2244"/><temp name="T2239"/><temp name="T2287"/><temp name="T2311"/><temp name="T2314"/></temps></instruction><instruction code="STO T2311, T882, 0"><temps name="use"><temp name="T2311"/><temp name="T882"/></temps><temps name="def"/><temps name="in"><temp name="T882"/><temp name="T2290"/><temp name="T2263"/><temp name="T2206"/><temp name="T28"/><temp name="T2255"/><temp name="T2270"/><temp name="T2277"/><temp name="T2320"/><temp name="T2326"/><temp name="T2310"/><temp name="T2230"/><temp name="T2228"/><temp name="T2240"/><temp name="T2213"/><temp name="T2249"/><temp name="T2275"/><temp name="T2281"/><temp name="T2251"/><temp name="T2234"/><temp name="T2294"/><temp name="T2244"/><temp name="T2239"/><temp name="T2287"/><temp name="T2311"/><temp name="T2314"/></temps><temps name="out"><temp name="T2290"/><temp name="T2263"/><temp name="T2206"/><temp name="T28"/><temp name="T2255"/><temp name="T2270"/><temp name="T2277"/><temp name="T2320"/><temp name="T2326"/><temp name="T2310"/><temp name="T2230"/><temp name="T2228"/><temp name="T2240"/><temp name="T2213"/><temp name="T2249"/><temp name="T2275"/><temp name="T2281"/><temp name="T2251"/><temp name="T2234"/><temp name="T2294"/><temp name="T2244"/><temp name="T2239"/><temp name="T2287"/><temp name="T2314"/></temps></instruction><instruction code="OR T883, T28, 0"><temps name="use"><temp name="T28"/></temps><temps name="def"><temp name="T883"/></temps><temps name="in"><temp name="T2290"/><temp name="T2263"/><temp name="T2206"/><temp name="T28"/><temp name="T2255"/><temp name="T2270"/><temp name="T2277"/><temp name="T2320"/><temp name="T2326"/><temp name="T2310"/><temp name="T2230"/><temp name="T2228"/><temp name="T2240"/><temp name="T2213"/><temp name="T2249"/><temp name="T2275"/><temp name="T2281"/><temp name="T2251"/><temp name="T2234"/><temp name="T2294"/><temp name="T2244"/><temp name="T2239"/><temp name="T2287"/><temp name="T2314"/></temps><temps name="out"><temp name="T2290"/><temp name="T2263"/><temp name="T2206"/><temp name="T28"/><temp name="T2255"/><temp name="T2270"/><temp name="T2277"/><temp name="T2320"/><temp name="T2326"/><temp name="T2310"/><temp name="T2230"/><temp name="T2228"/><temp name="T2240"/><temp name="T2213"/><temp name="T2249"/><temp name="T2275"/><temp name="T2281"/><temp name="T883"/><temp name="T2251"/><temp name="T2234"/><temp name="T2294"/><temp name="T2244"/><temp name="T2239"/><temp name="T2287"/><temp name="T2314"/></temps></instruction><instruction code="SETL  T2312, 32"><temps name="use"/><temps name="def"><temp name="T2312"/></temps><temps name="in"><temp name="T2290"/><temp name="T2263"/><temp name="T2206"/><temp name="T28"/><temp name="T2255"/><temp name="T2270"/><temp name="T2277"/><temp name="T2320"/><temp name="T2326"/><temp name="T2310"/><temp name="T2230"/><temp name="T2228"/><temp name="T2240"/><temp name="T2213"/><temp name="T2249"/><temp name="T2275"/><temp name="T2281"/><temp name="T883"/><temp name="T2251"/><temp name="T2234"/><temp name="T2294"/><temp name="T2244"/><temp name="T2239"/><temp name="T2287"/><temp name="T2314"/></temps><temps name="out"><temp name="T2290"/><temp name="T2263"/><temp name="T2206"/><temp name="T28"/><temp name="T2255"/><temp name="T2270"/><temp name="T2277"/><temp name="T2320"/><temp name="T2326"/><temp name="T2310"/><temp name="T2230"/><temp name="T2228"/><temp name="T2240"/><temp name="T2213"/><temp name="T2249"/><temp name="T2275"/><temp name="T2281"/><temp name="T883"/><temp name="T2251"/><temp name="T2234"/><temp name="T2294"/><temp name="T2244"/><temp name="T2239"/><temp name="T2287"/><temp name="T2314"/></temps></instruction><instruction code="INCML T2312, 0"><temps name="use"/><temps name="def"><temp name="T2312"/></temps><temps name="in"><temp name="T2290"/><temp name="T2263"/><temp name="T2206"/><temp name="T28"/><temp name="T2255"/><temp name="T2270"/><temp name="T2277"/><temp name="T2320"/><temp name="T2326"/><temp name="T2310"/><temp name="T2230"/><temp name="T2228"/><temp name="T2240"/><temp name="T2213"/><temp name="T2249"/><temp name="T2275"/><temp name="T2281"/><temp name="T883"/><temp name="T2251"/><temp name="T2234"/><temp name="T2294"/><temp name="T2244"/><temp name="T2239"/><temp name="T2287"/><temp name="T2314"/></temps><temps name="out"><temp name="T2290"/><temp name="T2263"/><temp name="T2206"/><temp name="T28"/><temp name="T2255"/><temp name="T2270"/><temp name="T2277"/><temp name="T2320"/><temp name="T2326"/><temp name="T2310"/><temp name="T2230"/><temp name="T2228"/><temp name="T2240"/><temp name="T2213"/><temp name="T2249"/><temp name="T2275"/><temp name="T2281"/><temp name="T883"/><temp name="T2251"/><temp name="T2234"/><temp name="T2294"/><temp name="T2244"/><temp name="T2239"/><temp name="T2287"/><temp name="T2314"/></temps></instruction><instruction code="INCMH T2312, 0"><temps name="use"/><temps name="def"><temp name="T2312"/></temps><temps name="in"><temp name="T2290"/><temp name="T2263"/><temp name="T2206"/><temp name="T28"/><temp name="T2255"/><temp name="T2270"/><temp name="T2277"/><temp name="T2320"/><temp name="T2326"/><temp name="T2310"/><temp name="T2230"/><temp name="T2228"/><temp name="T2240"/><temp name="T2213"/><temp name="T2249"/><temp name="T2275"/><temp name="T2281"/><temp name="T883"/><temp name="T2251"/><temp name="T2234"/><temp name="T2294"/><temp name="T2244"/><temp name="T2239"/><temp name="T2287"/><temp name="T2314"/></temps><temps name="out"><temp name="T2290"/><temp name="T2263"/><temp name="T2206"/><temp name="T28"/><temp name="T2255"/><temp name="T2270"/><temp name="T2277"/><temp name="T2320"/><temp name="T2326"/><temp name="T2310"/><temp name="T2230"/><temp name="T2228"/><temp name="T2240"/><temp name="T2213"/><temp name="T2249"/><temp name="T2275"/><temp name="T2281"/><temp name="T883"/><temp name="T2251"/><temp name="T2234"/><temp name="T2294"/><temp name="T2244"/><temp name="T2239"/><temp name="T2287"/><temp name="T2314"/></temps></instruction><instruction code="INCH  T2312, 0"><temps name="use"/><temps name="def"><temp name="T2312"/></temps><temps name="in"><temp name="T2290"/><temp name="T2263"/><temp name="T2206"/><temp name="T28"/><temp name="T2255"/><temp name="T2270"/><temp name="T2277"/><temp name="T2320"/><temp name="T2326"/><temp name="T2310"/><temp name="T2230"/><temp name="T2228"/><temp name="T2240"/><temp name="T2213"/><temp name="T2249"/><temp name="T2275"/><temp name="T2281"/><temp name="T883"/><temp name="T2251"/><temp name="T2234"/><temp name="T2294"/><temp name="T2244"/><temp name="T2239"/><temp name="T2287"/><temp name="T2314"/></temps><temps name="out"><temp name="T2290"/><temp name="T2263"/><temp name="T2206"/><temp name="T28"/><temp name="T2255"/><temp name="T2270"/><temp name="T2277"/><temp name="T2320"/><temp name="T2326"/><temp name="T2310"/><temp name="T2230"/><temp name="T2228"/><temp name="T2240"/><temp name="T2213"/><temp name="T2249"/><temp name="T2275"/><temp name="T2281"/><temp name="T2312"/><temp name="T883"/><temp name="T2251"/><temp name="T2234"/><temp name="T2294"/><temp name="T2244"/><temp name="T2239"/><temp name="T2287"/><temp name="T2314"/></temps></instruction><instruction code="NEG T2312, 0, T2312"><temps name="use"><temp name="T2312"/></temps><temps name="def"><temp name="T2312"/></temps><temps name="in"><temp name="T2290"/><temp name="T2263"/><temp name="T2206"/><temp name="T28"/><temp name="T2255"/><temp name="T2270"/><temp name="T2277"/><temp name="T2320"/><temp name="T2326"/><temp name="T2310"/><temp name="T2230"/><temp name="T2228"/><temp name="T2240"/><temp name="T2213"/><temp name="T2249"/><temp name="T2275"/><temp name="T2281"/><temp name="T2312"/><temp name="T883"/><temp name="T2251"/><temp name="T2234"/><temp name="T2294"/><temp name="T2244"/><temp name="T2239"/><temp name="T2287"/><temp name="T2314"/></temps><temps name="out"><temp name="T2290"/><temp name="T2263"/><temp name="T2206"/><temp name="T28"/><temp name="T2255"/><temp name="T2270"/><temp name="T2277"/><temp name="T2320"/><temp name="T2326"/><temp name="T2310"/><temp name="T2230"/><temp name="T2228"/><temp name="T2240"/><temp name="T2213"/><temp name="T2249"/><temp name="T2275"/><temp name="T2281"/><temp name="T2312"/><temp name="T883"/><temp name="T2251"/><temp name="T2234"/><temp name="T2294"/><temp name="T2244"/><temp name="T2239"/><temp name="T2287"/><temp name="T2314"/></temps></instruction><instruction code="OR T884, T2312, 0"><temps name="use"><temp name="T2312"/></temps><temps name="def"><temp name="T884"/></temps><temps name="in"><temp name="T2290"/><temp name="T2263"/><temp name="T2206"/><temp name="T28"/><temp name="T2255"/><temp name="T2270"/><temp name="T2277"/><temp name="T2320"/><temp name="T2326"/><temp name="T2310"/><temp name="T2230"/><temp name="T2228"/><temp name="T2240"/><temp name="T2213"/><temp name="T2249"/><temp name="T2275"/><temp name="T2281"/><temp name="T2312"/><temp name="T883"/><temp name="T2251"/><temp name="T2234"/><temp name="T2294"/><temp name="T2244"/><temp name="T2239"/><temp name="T2287"/><temp name="T2314"/></temps><temps name="out"><temp name="T2290"/><temp name="T2263"/><temp name="T2206"/><temp name="T28"/><temp name="T2255"/><temp name="T2270"/><temp name="T2277"/><temp name="T2320"/><temp name="T2326"/><temp name="T2310"/><temp name="T2230"/><temp name="T2228"/><temp name="T2240"/><temp name="T884"/><temp name="T2213"/><temp name="T2249"/><temp name="T2275"/><temp name="T2281"/><temp name="T883"/><temp name="T2251"/><temp name="T2234"/><temp name="T2294"/><temp name="T2244"/><temp name="T2239"/><temp name="T2287"/><temp name="T2314"/></temps></instruction><instruction code="ADD T2313, T883, T884"><temps name="use"><temp name="T883"/><temp name="T884"/></temps><temps name="def"><temp name="T2313"/></temps><temps name="in"><temp name="T2290"/><temp name="T2263"/><temp name="T2206"/><temp name="T28"/><temp name="T2255"/><temp name="T2270"/><temp name="T2277"/><temp name="T2320"/><temp name="T2326"/><temp name="T2310"/><temp name="T2230"/><temp name="T2228"/><temp name="T2240"/><temp name="T884"/><temp name="T2213"/><temp name="T2249"/><temp name="T2275"/><temp name="T2281"/><temp name="T883"/><temp name="T2251"/><temp name="T2234"/><temp name="T2294"/><temp name="T2244"/><temp name="T2239"/><temp name="T2287"/><temp name="T2314"/></temps><temps name="out"><temp name="T2290"/><temp name="T2263"/><temp name="T2206"/><temp name="T28"/><temp name="T2255"/><temp name="T2270"/><temp name="T2277"/><temp name="T2320"/><temp name="T2326"/><temp name="T2310"/><temp name="T2230"/><temp name="T2228"/><temp name="T2240"/><temp name="T2213"/><temp name="T2249"/><temp name="T2275"/><temp name="T2281"/><temp name="T2251"/><temp name="T2234"/><temp name="T2294"/><temp name="T2313"/><temp name="T2244"/><temp name="T2239"/><temp name="T2287"/><temp name="T2314"/></temps></instruction><instruction code="OR T885, T2313, 0"><temps name="use"><temp name="T2313"/></temps><temps name="def"><temp name="T885"/></temps><temps name="in"><temp name="T2290"/><temp name="T2263"/><temp name="T2206"/><temp name="T28"/><temp name="T2255"/><temp name="T2270"/><temp name="T2277"/><temp name="T2320"/><temp name="T2326"/><temp name="T2310"/><temp name="T2230"/><temp name="T2228"/><temp name="T2240"/><temp name="T2213"/><temp name="T2249"/><temp name="T2275"/><temp name="T2281"/><temp name="T2251"/><temp name="T2234"/><temp name="T2294"/><temp name="T2313"/><temp name="T2244"/><temp name="T2239"/><temp name="T2287"/><temp name="T2314"/></temps><temps name="out"><temp name="T2290"/><temp name="T2263"/><temp name="T2206"/><temp name="T28"/><temp name="T2255"/><temp name="T2270"/><temp name="T2277"/><temp name="T2320"/><temp name="T2326"/><temp name="T2310"/><temp name="T2230"/><temp name="T2228"/><temp name="T2240"/><temp name="T2213"/><temp name="T2249"/><temp name="T2275"/><temp name="T2281"/><temp name="T2251"/><temp name="T2234"/><temp name="T2294"/><temp name="T2244"/><temp name="T2239"/><temp name="T2287"/><temp name="T2314"/></temps></instruction><instruction code="LDO T2315, T2314, 0"><temps name="use"><temp name="T2314"/></temps><temps name="def"><temp name="T2315"/></temps><temps name="in"><temp name="T2290"/><temp name="T2263"/><temp name="T2206"/><temp name="T28"/><temp name="T2255"/><temp name="T2270"/><temp name="T2277"/><temp name="T2320"/><temp name="T2326"/><temp name="T2310"/><temp name="T2230"/><temp name="T2228"/><temp name="T2240"/><temp name="T2213"/><temp name="T2249"/><temp name="T2275"/><temp name="T2281"/><temp name="T2251"/><temp name="T2234"/><temp name="T2294"/><temp name="T2244"/><temp name="T2239"/><temp name="T2287"/><temp name="T2314"/></temps><temps name="out"><temp name="T2290"/><temp name="T2263"/><temp name="T2206"/><temp name="T28"/><temp name="T2255"/><temp name="T2270"/><temp name="T2277"/><temp name="T2320"/><temp name="T2326"/><temp name="T2310"/><temp name="T2230"/><temp name="T2228"/><temp name="T2240"/><temp name="T2315"/><temp name="T2213"/><temp name="T2249"/><temp name="T2275"/><temp name="T2281"/><temp name="T2251"/><temp name="T2234"/><temp name="T2294"/><temp name="T2244"/><temp name="T2239"/><temp name="T2287"/><temp name="T2314"/></temps></instruction><instruction code="OR T886, T2315, 0"><temps name="use"><temp name="T2315"/></temps><temps name="def"><temp name="T886"/></temps><temps name="in"><temp name="T2290"/><temp name="T2263"/><temp name="T2206"/><temp name="T28"/><temp name="T2255"/><temp name="T2270"/><temp name="T2277"/><temp name="T2320"/><temp name="T2326"/><temp name="T2310"/><temp name="T2230"/><temp name="T2228"/><temp name="T2240"/><temp name="T2315"/><temp name="T2213"/><temp name="T2249"/><temp name="T2275"/><temp name="T2281"/><temp name="T2251"/><temp name="T2234"/><temp name="T2294"/><temp name="T2244"/><temp name="T2239"/><temp name="T2287"/><temp name="T2314"/></temps><temps name="out"><temp name="T2290"/><temp name="T2263"/><temp name="T2206"/><temp name="T28"/><temp name="T2255"/><temp name="T2270"/><temp name="T2277"/><temp name="T2320"/><temp name="T2326"/><temp name="T2310"/><temp name="T2230"/><temp name="T2228"/><temp name="T2240"/><temp name="T886"/><temp name="T2213"/><temp name="T2249"/><temp name="T2275"/><temp name="T2281"/><temp name="T2251"/><temp name="T2234"/><temp name="T2294"/><temp name="T2244"/><temp name="T2239"/><temp name="T2287"/><temp name="T2314"/></temps></instruction><instruction code="SETL  T2316, 1"><temps name="use"/><temps name="def"><temp name="T2316"/></temps><temps name="in"><temp name="T2290"/><temp name="T2263"/><temp name="T2206"/><temp name="T28"/><temp name="T2255"/><temp name="T2270"/><temp name="T2277"/><temp name="T2320"/><temp name="T2326"/><temp name="T2310"/><temp name="T2230"/><temp name="T2228"/><temp name="T2240"/><temp name="T886"/><temp name="T2213"/><temp name="T2249"/><temp name="T2275"/><temp name="T2281"/><temp name="T2251"/><temp name="T2234"/><temp name="T2294"/><temp name="T2244"/><temp name="T2239"/><temp name="T2287"/><temp name="T2314"/></temps><temps name="out"><temp name="T2290"/><temp name="T2263"/><temp name="T2206"/><temp name="T28"/><temp name="T2255"/><temp name="T2270"/><temp name="T2277"/><temp name="T2320"/><temp name="T2326"/><temp name="T2310"/><temp name="T2230"/><temp name="T2228"/><temp name="T2240"/><temp name="T886"/><temp name="T2213"/><temp name="T2249"/><temp name="T2275"/><temp name="T2281"/><temp name="T2251"/><temp name="T2234"/><temp name="T2294"/><temp name="T2244"/><temp name="T2239"/><temp name="T2287"/><temp name="T2314"/></temps></instruction><instruction code="INCML T2316, 0"><temps name="use"/><temps name="def"><temp name="T2316"/></temps><temps name="in"><temp name="T2290"/><temp name="T2263"/><temp name="T2206"/><temp name="T28"/><temp name="T2255"/><temp name="T2270"/><temp name="T2277"/><temp name="T2320"/><temp name="T2326"/><temp name="T2310"/><temp name="T2230"/><temp name="T2228"/><temp name="T2240"/><temp name="T886"/><temp name="T2213"/><temp name="T2249"/><temp name="T2275"/><temp name="T2281"/><temp name="T2251"/><temp name="T2234"/><temp name="T2294"/><temp name="T2244"/><temp name="T2239"/><temp name="T2287"/><temp name="T2314"/></temps><temps name="out"><temp name="T2290"/><temp name="T2263"/><temp name="T2206"/><temp name="T28"/><temp name="T2255"/><temp name="T2270"/><temp name="T2277"/><temp name="T2320"/><temp name="T2326"/><temp name="T2310"/><temp name="T2230"/><temp name="T2228"/><temp name="T2240"/><temp name="T886"/><temp name="T2213"/><temp name="T2249"/><temp name="T2275"/><temp name="T2281"/><temp name="T2251"/><temp name="T2234"/><temp name="T2294"/><temp name="T2244"/><temp name="T2239"/><temp name="T2287"/><temp name="T2314"/></temps></instruction><instruction code="INCMH T2316, 0"><temps name="use"/><temps name="def"><temp name="T2316"/></temps><temps name="in"><temp name="T2290"/><temp name="T2263"/><temp name="T2206"/><temp name="T28"/><temp name="T2255"/><temp name="T2270"/><temp name="T2277"/><temp name="T2320"/><temp name="T2326"/><temp name="T2310"/><temp name="T2230"/><temp name="T2228"/><temp name="T2240"/><temp name="T886"/><temp name="T2213"/><temp name="T2249"/><temp name="T2275"/><temp name="T2281"/><temp name="T2251"/><temp name="T2234"/><temp name="T2294"/><temp name="T2244"/><temp name="T2239"/><temp name="T2287"/><temp name="T2314"/></temps><temps name="out"><temp name="T2290"/><temp name="T2263"/><temp name="T2206"/><temp name="T28"/><temp name="T2255"/><temp name="T2270"/><temp name="T2277"/><temp name="T2320"/><temp name="T2326"/><temp name="T2310"/><temp name="T2230"/><temp name="T2228"/><temp name="T2240"/><temp name="T886"/><temp name="T2213"/><temp name="T2249"/><temp name="T2275"/><temp name="T2281"/><temp name="T2251"/><temp name="T2234"/><temp name="T2294"/><temp name="T2244"/><temp name="T2239"/><temp name="T2287"/><temp name="T2314"/></temps></instruction><instruction code="INCH  T2316, 0"><temps name="use"/><temps name="def"><temp name="T2316"/></temps><temps name="in"><temp name="T2290"/><temp name="T2263"/><temp name="T2206"/><temp name="T28"/><temp name="T2255"/><temp name="T2270"/><temp name="T2277"/><temp name="T2320"/><temp name="T2326"/><temp name="T2310"/><temp name="T2230"/><temp name="T2228"/><temp name="T2240"/><temp name="T886"/><temp name="T2213"/><temp name="T2249"/><temp name="T2275"/><temp name="T2281"/><temp name="T2251"/><temp name="T2234"/><temp name="T2294"/><temp name="T2244"/><temp name="T2239"/><temp name="T2287"/><temp name="T2314"/></temps><temps name="out"><temp name="T2290"/><temp name="T2263"/><temp name="T2206"/><temp name="T28"/><temp name="T2255"/><temp name="T2270"/><temp name="T2277"/><temp name="T2320"/><temp name="T2326"/><temp name="T2310"/><temp name="T2230"/><temp name="T2228"/><temp name="T2240"/><temp name="T886"/><temp name="T2316"/><temp name="T2213"/><temp name="T2249"/><temp name="T2275"/><temp name="T2281"/><temp name="T2251"/><temp name="T2234"/><temp name="T2294"/><temp name="T2244"/><temp name="T2239"/><temp name="T2287"/><temp name="T2314"/></temps></instruction><instruction code="OR T887, T2316, 0"><temps name="use"><temp name="T2316"/></temps><temps name="def"><temp name="T887"/></temps><temps name="in"><temp name="T2290"/><temp name="T2263"/><temp name="T2206"/><temp name="T28"/><temp name="T2255"/><temp name="T2270"/><temp name="T2277"/><temp name="T2320"/><temp name="T2326"/><temp name="T2310"/><temp name="T2230"/><temp name="T2228"/><temp name="T2240"/><temp name="T886"/><temp name="T2316"/><temp name="T2213"/><temp name="T2249"/><temp name="T2275"/><temp name="T2281"/><temp name="T2251"/><temp name="T2234"/><temp name="T2294"/><temp name="T2244"/><temp name="T2239"/><temp name="T2287"/><temp name="T2314"/></temps><temps name="out"><temp name="T2290"/><temp name="T2263"/><temp name="T2206"/><temp name="T28"/><temp name="T2255"/><temp name="T887"/><temp name="T2270"/><temp name="T2277"/><temp name="T2320"/><temp name="T2326"/><temp name="T2310"/><temp name="T2230"/><temp name="T2228"/><temp name="T2240"/><temp name="T886"/><temp name="T2213"/><temp name="T2249"/><temp name="T2275"/><temp name="T2281"/><temp name="T2251"/><temp name="T2234"/><temp name="T2294"/><temp name="T2244"/><temp name="T2239"/><temp name="T2287"/><temp name="T2314"/></temps></instruction><instruction code="ADD T2317, T886, T887"><temps name="use"><temp name="T886"/><temp name="T887"/></temps><temps name="def"><temp name="T2317"/></temps><temps name="in"><temp name="T2290"/><temp name="T2263"/><temp name="T2206"/><temp name="T28"/><temp name="T2255"/><temp name="T887"/><temp name="T2270"/><temp name="T2277"/><temp name="T2320"/><temp name="T2326"/><temp name="T2310"/><temp name="T2230"/><temp name="T2228"/><temp name="T2240"/><temp name="T886"/><temp name="T2213"/><temp name="T2249"/><temp name="T2275"/><temp name="T2281"/><temp name="T2251"/><temp name="T2234"/><temp name="T2294"/><temp name="T2244"/><temp name="T2239"/><temp name="T2287"/><temp name="T2314"/></temps><temps name="out"><temp name="T2290"/><temp name="T2263"/><temp name="T2206"/><temp name="T28"/><temp name="T2255"/><temp name="T2270"/><temp name="T2277"/><temp name="T2320"/><temp name="T2326"/><temp name="T2310"/><temp name="T2230"/><temp name="T2228"/><temp name="T2240"/><temp name="T2213"/><temp name="T2249"/><temp name="T2275"/><temp name="T2281"/><temp name="T2251"/><temp name="T2234"/><temp name="T2317"/><temp name="T2294"/><temp name="T2244"/><temp name="T2239"/><temp name="T2287"/><temp name="T2314"/></temps></instruction><instruction code="OR T888, T2317, 0"><temps name="use"><temp name="T2317"/></temps><temps name="def"><temp name="T888"/></temps><temps name="in"><temp name="T2290"/><temp name="T2263"/><temp name="T2206"/><temp name="T28"/><temp name="T2255"/><temp name="T2270"/><temp name="T2277"/><temp name="T2320"/><temp name="T2326"/><temp name="T2310"/><temp name="T2230"/><temp name="T2228"/><temp name="T2240"/><temp name="T2213"/><temp name="T2249"/><temp name="T2275"/><temp name="T2281"/><temp name="T2251"/><temp name="T2234"/><temp name="T2317"/><temp name="T2294"/><temp name="T2244"/><temp name="T2239"/><temp name="T2287"/><temp name="T2314"/></temps><temps name="out"><temp name="T2290"/><temp name="T2263"/><temp name="T2206"/><temp name="T28"/><temp name="T2255"/><temp name="T888"/><temp name="T2270"/><temp name="T2277"/><temp name="T2320"/><temp name="T2326"/><temp name="T2310"/><temp name="T2230"/><temp name="T2228"/><temp name="T2240"/><temp name="T2213"/><temp name="T2249"/><temp name="T2275"/><temp name="T2281"/><temp name="T2251"/><temp name="T2234"/><temp name="T2294"/><temp name="T2244"/><temp name="T2239"/><temp name="T2287"/><temp name="T2314"/></temps></instruction><instruction code="LDO T2321, T2320, 0"><temps name="use"><temp name="T2320"/></temps><temps name="def"><temp name="T2321"/></temps><temps name="in"><temp name="T2290"/><temp name="T2263"/><temp name="T2206"/><temp name="T28"/><temp name="T2255"/><temp name="T888"/><temp name="T2270"/><temp name="T2277"/><temp name="T2320"/><temp name="T2326"/><temp name="T2310"/><temp name="T2230"/><temp name="T2228"/><temp name="T2240"/><temp name="T2213"/><temp name="T2249"/><temp name="T2275"/><temp name="T2281"/><temp name="T2251"/><temp name="T2234"/><temp name="T2294"/><temp name="T2244"/><temp name="T2239"/><temp name="T2287"/><temp name="T2314"/></temps><temps name="out"><temp name="T2290"/><temp name="T2263"/><temp name="T2206"/><temp name="T28"/><temp name="T2255"/><temp name="T888"/><temp name="T2270"/><temp name="T2277"/><temp name="T2320"/><temp name="T2326"/><temp name="T2310"/><temp name="T2230"/><temp name="T2228"/><temp name="T2240"/><temp name="T2321"/><temp name="T2213"/><temp name="T2249"/><temp name="T2275"/><temp name="T2281"/><temp name="T2251"/><temp name="T2234"/><temp name="T2294"/><temp name="T2244"/><temp name="T2239"/><temp name="T2287"/><temp name="T2314"/></temps></instruction><instruction code="STO T2321, T888, 0"><temps name="use"><temp name="T2321"/><temp name="T888"/></temps><temps name="def"/><temps name="in"><temp name="T2290"/><temp name="T2263"/><temp name="T2206"/><temp name="T28"/><temp name="T2255"/><temp name="T888"/><temp name="T2270"/><temp name="T2277"/><temp name="T2320"/><temp name="T2326"/><temp name="T2310"/><temp name="T2230"/><temp name="T2228"/><temp name="T2240"/><temp name="T2321"/><temp name="T2213"/><temp name="T2249"/><temp name="T2275"/><temp name="T2281"/><temp name="T2251"/><temp name="T2234"/><temp name="T2294"/><temp name="T2244"/><temp name="T2239"/><temp name="T2287"/><temp name="T2314"/></temps><temps name="out"><temp name="T2290"/><temp name="T2263"/><temp name="T2206"/><temp name="T28"/><temp name="T2255"/><temp name="T2270"/><temp name="T2277"/><temp name="T2320"/><temp name="T2326"/><temp name="T2310"/><temp name="T2230"/><temp name="T2228"/><temp name="T2240"/><temp name="T2213"/><temp name="T2249"/><temp name="T2275"/><temp name="T2281"/><temp name="T2251"/><temp name="T2234"/><temp name="T2294"/><temp name="T2244"/><temp name="T2239"/><temp name="T2287"/><temp name="T2314"/></temps></instruction><instruction code="LDA T2322, L96"><temps name="use"/><temps name="def"><temp name="T2322"/></temps><temps name="in"><temp name="T2290"/><temp name="T2263"/><temp name="T2206"/><temp name="T28"/><temp name="T2255"/><temp name="T2270"/><temp name="T2277"/><temp name="T2320"/><temp name="T2326"/><temp name="T2310"/><temp name="T2230"/><temp name="T2228"/><temp name="T2240"/><temp name="T2213"/><temp name="T2249"/><temp name="T2275"/><temp name="T2281"/><temp name="T2251"/><temp name="T2234"/><temp name="T2294"/><temp name="T2244"/><temp name="T2239"/><temp name="T2287"/><temp name="T2314"/></temps><temps name="out"><temp name="T2322"/><temp name="T2290"/><temp name="T2263"/><temp name="T2206"/><temp name="T28"/><temp name="T2255"/><temp name="T2270"/><temp name="T2277"/><temp name="T2320"/><temp name="T2326"/><temp name="T2310"/><temp name="T2230"/><temp name="T2228"/><temp name="T2240"/><temp name="T2213"/><temp name="T2249"/><temp name="T2275"/><temp name="T2281"/><temp name="T2251"/><temp name="T2234"/><temp name="T2294"/><temp name="T2244"/><temp name="T2239"/><temp name="T2287"/><temp name="T2314"/></temps></instruction><instruction code="GO T2322, T2322, 0"><temps name="use"><temp name="T2322"/></temps><temps name="def"><temp name="T2322"/></temps><temps name="in"><temp name="T2322"/><temp name="T2290"/><temp name="T2263"/><temp name="T2206"/><temp name="T28"/><temp name="T2255"/><temp name="T2270"/><temp name="T2277"/><temp name="T2320"/><temp name="T2326"/><temp name="T2310"/><temp name="T2230"/><temp name="T2228"/><temp name="T2240"/><temp name="T2213"/><temp name="T2249"/><temp name="T2275"/><temp name="T2281"/><temp name="T2251"/><temp name="T2234"/><temp name="T2294"/><temp name="T2244"/><temp name="T2239"/><temp name="T2287"/><temp name="T2314"/></temps><temps name="out"><temp name="T2290"/><temp name="T2263"/><temp name="T2206"/><temp name="T28"/><temp name="T2255"/><temp name="T2270"/><temp name="T2277"/><temp name="T2320"/><temp name="T2326"/><temp name="T2310"/><temp name="T2230"/><temp name="T2228"/><temp name="T2240"/><temp name="T2213"/><temp name="T2249"/><temp name="T2275"/><temp name="T2281"/><temp name="T2251"/><temp name="T2234"/><temp name="T2294"/><temp name="T2244"/><temp name="T2239"/><temp name="T2287"/><temp name="T2314"/></temps></instruction><instruction code="L98"><temps name="use"/><temps name="def"/><temps name="in"><temp name="T2326"/><temp name="T28"/></temps><temps name="out"><temp name="T2326"/><temp name="T28"/></temps></instruction><instruction code="SETL  T2323, 0"><temps name="use"/><temps name="def"><temp name="T2323"/></temps><temps name="in"><temp name="T2326"/><temp name="T28"/></temps><temps name="out"><temp name="T2326"/><temp name="T28"/></temps></instruction><instruction code="INCML T2323, 0"><temps name="use"/><temps name="def"><temp name="T2323"/></temps><temps name="in"><temp name="T2326"/><temp name="T28"/></temps><temps name="out"><temp name="T2326"/><temp name="T28"/></temps></instruction><instruction code="INCMH T2323, 0"><temps name="use"/><temps name="def"><temp name="T2323"/></temps><temps name="in"><temp name="T2326"/><temp name="T28"/></temps><temps name="out"><temp name="T2326"/><temp name="T28"/></temps></instruction><instruction code="INCH  T2323, 0"><temps name="use"/><temps name="def"><temp name="T2323"/></temps><temps name="in"><temp name="T2326"/><temp name="T28"/></temps><temps name="out"><temp name="T2326"/><temp name="T28"/><temp name="T2323"/></temps></instruction><instruction code="OR T889, T2323, 0"><temps name="use"><temp name="T2323"/></temps><temps name="def"><temp name="T889"/></temps><temps name="in"><temp name="T2326"/><temp name="T28"/><temp name="T2323"/></temps><temps name="out"><temp name="T2326"/><temp name="T889"/><temp name="T28"/></temps></instruction><instruction code="OR T890, T889, 0"><temps name="use"><temp name="T889"/></temps><temps name="def"><temp name="T890"/></temps><temps name="in"><temp name="T2326"/><temp name="T889"/><temp name="T28"/></temps><temps name="out"><temp name="T2326"/><temp name="T28"/></temps></instruction><instruction code="L101"><temps name="use"/><temps name="def"/><temps name="in"><temp name="T2326"/><temp name="T28"/></temps><temps name="out"><temp name="T2326"/><temp name="T28"/></temps></instruction><instruction code="L104"><temps name="use"/><temps name="def"/><temps name="in"><temp name="T2326"/><temp name="T28"/></temps><temps name="out"><temp name="T2326"/><temp name="T28"/></temps></instruction><instruction code="OR T891, T28, 0"><temps name="use"><temp name="T28"/></temps><temps name="def"><temp name="T891"/></temps><temps name="in"><temp name="T2326"/><temp name="T28"/></temps><temps name="out"><temp name="T2326"/><temp name="T891"/></temps></instruction><instruction code="SETL  T2324, 8"><temps name="use"/><temps name="def"><temp name="T2324"/></temps><temps name="in"><temp name="T2326"/><temp name="T891"/></temps><temps name="out"><temp name="T2326"/><temp name="T891"/></temps></instruction><instruction code="INCML T2324, 0"><temps name="use"/><temps name="def"><temp name="T2324"/></temps><temps name="in"><temp name="T2326"/><temp name="T891"/></temps><temps name="out"><temp name="T2326"/><temp name="T891"/></temps></instruction><instruction code="INCMH T2324, 0"><temps name="use"/><temps name="def"><temp name="T2324"/></temps><temps name="in"><temp name="T2326"/><temp name="T891"/></temps><temps name="out"><temp name="T2326"/><temp name="T891"/></temps></instruction><instruction code="INCH  T2324, 0"><temps name="use"/><temps name="def"><temp name="T2324"/></temps><temps name="in"><temp name="T2326"/><temp name="T891"/></temps><temps name="out"><temp name="T2326"/><temp name="T2324"/><temp name="T891"/></temps></instruction><instruction code="NEG T2324, 0, T2324"><temps name="use"><temp name="T2324"/></temps><temps name="def"><temp name="T2324"/></temps><temps name="in"><temp name="T2326"/><temp name="T2324"/><temp name="T891"/></temps><temps name="out"><temp name="T2326"/><temp name="T2324"/><temp name="T891"/></temps></instruction><instruction code="OR T892, T2324, 0"><temps name="use"><temp name="T2324"/></temps><temps name="def"><temp name="T892"/></temps><temps name="in"><temp name="T2326"/><temp name="T2324"/><temp name="T891"/></temps><temps name="out"><temp name="T2326"/><temp name="T892"/><temp name="T891"/></temps></instruction><instruction code="ADD T2325, T891, T892"><temps name="use"><temp name="T891"/><temp name="T892"/></temps><temps name="def"><temp name="T2325"/></temps><temps name="in"><temp name="T2326"/><temp name="T892"/><temp name="T891"/></temps><temps name="out"><temp name="T2326"/><temp name="T2325"/></temps></instruction><instruction code="OR T893, T2325, 0"><temps name="use"><temp name="T2325"/></temps><temps name="def"><temp name="T893"/></temps><temps name="in"><temp name="T2326"/><temp name="T2325"/></temps><temps name="out"><temp name="T2326"/></temps></instruction><instruction code="LDO T2327, T2326, 0"><temps name="use"><temp name="T2326"/></temps><temps name="def"><temp name="T2327"/></temps><temps name="in"><temp name="T2326"/></temps><temps name="out"><temp name="T2327"/></temps></instruction><instruction code="OR T894, T2327, 0"><temps name="use"><temp name="T2327"/></temps><temps name="def"><temp name="T894"/></temps><temps name="in"><temp name="T2327"/></temps><temps name="out"><temp name="T894"/></temps></instruction><instruction code="OR T29, T894, 0"><temps name="use"><temp name="T894"/></temps><temps name="def"><temp name="T29"/></temps><temps name="in"><temp name="T894"/></temps><temps name="out"/></instruction><instruction code="LDA T2328, L158"><temps name="use"/><temps name="def"><temp name="T2328"/></temps><temps name="in"/><temps name="out"><temp name="T2328"/></temps></instruction><instruction code="GO T2328, T2328, 0"><temps name="use"><temp name="T2328"/></temps><temps name="def"><temp name="T2328"/></temps><temps name="in"><temp name="T2328"/></temps><temps name="out"/></instruction></instructions></code><code entrylabel="L159" exitlabel="L160" tempsize="0"><frame FP="T20" RV="T21" argssize="24" depth="1" label="_sudoku" locssize="8" size="48"/><instructions><instruction code="L159"><temps name="use"/><temps name="def"/><temps name="in"><temp name="T2331"/><temp name="T2340"/><temp name="T2335"/><temp name="T20"/></temps><temps name="out"><temp name="T2331"/><temp name="T2340"/><temp name="T2335"/><temp name="T20"/></temps></instruction><instruction code="OR T895, T20, 0"><temps name="use"><temp name="T20"/></temps><temps name="def"><temp name="T895"/></temps><temps name="in"><temp name="T2331"/><temp name="T2340"/><temp name="T2335"/><temp name="T20"/></temps><temps name="out"><temp name="T895"/><temp name="T2331"/><temp name="T2340"/><temp name="T2335"/><temp name="T20"/></temps></instruction><instruction code="SETL  T2329, 8"><temps name="use"/><temps name="def"><temp name="T2329"/></temps><temps name="in"><temp name="T895"/><temp name="T2331"/><temp name="T2340"/><temp name="T2335"/><temp name="T20"/></temps><temps name="out"><temp name="T895"/><temp name="T2331"/><temp name="T2340"/><temp name="T2335"/><temp name="T20"/></temps></instruction><instruction code="INCML T2329, 0"><temps name="use"/><temps name="def"><temp name="T2329"/></temps><temps name="in"><temp name="T895"/><temp name="T2331"/><temp name="T2340"/><temp name="T2335"/><temp name="T20"/></temps><temps name="out"><temp name="T895"/><temp name="T2331"/><temp name="T2340"/><temp name="T2335"/><temp name="T20"/></temps></instruction><instruction code="INCMH T2329, 0"><temps name="use"/><temps name="def"><temp name="T2329"/></temps><temps name="in"><temp name="T895"/><temp name="T2331"/><temp name="T2340"/><temp name="T2335"/><temp name="T20"/></temps><temps name="out"><temp name="T895"/><temp name="T2331"/><temp name="T2340"/><temp name="T2335"/><temp name="T20"/></temps></instruction><instruction code="INCH  T2329, 0"><temps name="use"/><temps name="def"><temp name="T2329"/></temps><temps name="in"><temp name="T895"/><temp name="T2331"/><temp name="T2340"/><temp name="T2335"/><temp name="T20"/></temps><temps name="out"><temp name="T895"/><temp name="T2331"/><temp name="T2340"/><temp name="T2329"/><temp name="T2335"/><temp name="T20"/></temps></instruction><instruction code="OR T896, T2329, 0"><temps name="use"><temp name="T2329"/></temps><temps name="def"><temp name="T896"/></temps><temps name="in"><temp name="T895"/><temp name="T2331"/><temp name="T2340"/><temp name="T2329"/><temp name="T2335"/><temp name="T20"/></temps><temps name="out"><temp name="T895"/><temp name="T2331"/><temp name="T2340"/><temp name="T2335"/><temp name="T20"/><temp name="T896"/></temps></instruction><instruction code="ADD T2330, T895, T896"><temps name="use"><temp name="T895"/><temp name="T896"/></temps><temps name="def"><temp name="T2330"/></temps><temps name="in"><temp name="T895"/><temp name="T2331"/><temp name="T2340"/><temp name="T2335"/><temp name="T20"/><temp name="T896"/></temps><temps name="out"><temp name="T2331"/><temp name="T2340"/><temp name="T2330"/><temp name="T2335"/><temp name="T20"/></temps></instruction><instruction code="OR T897, T2330, 0"><temps name="use"><temp name="T2330"/></temps><temps name="def"><temp name="T897"/></temps><temps name="in"><temp name="T2331"/><temp name="T2340"/><temp name="T2330"/><temp name="T2335"/><temp name="T20"/></temps><temps name="out"><temp name="T2331"/><temp name="T2340"/><temp name="T2335"/><temp name="T20"/></temps></instruction><instruction code="LDO T2332, T2331, 0"><temps name="use"><temp name="T2331"/></temps><temps name="def"><temp name="T2332"/></temps><temps name="in"><temp name="T2331"/><temp name="T2340"/><temp name="T2335"/><temp name="T20"/></temps><temps name="out"><temp name="T2340"/><temp name="T2332"/><temp name="T2335"/><temp name="T20"/></temps></instruction><instruction code="OR T898, T2332, 0"><temps name="use"><temp name="T2332"/></temps><temps name="def"><temp name="T898"/></temps><temps name="in"><temp name="T2340"/><temp name="T2332"/><temp name="T2335"/><temp name="T20"/></temps><temps name="out"><temp name="T898"/><temp name="T2340"/><temp name="T2335"/><temp name="T20"/></temps></instruction><instruction code="LDO T2336, T2335, 0"><temps name="use"><temp name="T2335"/></temps><temps name="def"><temp name="T2336"/></temps><temps name="in"><temp name="T898"/><temp name="T2340"/><temp name="T2335"/><temp name="T20"/></temps><temps name="out"><temp name="T898"/><temp name="T2340"/><temp name="T20"/><temp name="T2336"/></temps></instruction><instruction code="STO T2336, T898, 0"><temps name="use"><temp name="T2336"/><temp name="T898"/></temps><temps name="def"/><temps name="in"><temp name="T898"/><temp name="T2340"/><temp name="T20"/><temp name="T2336"/></temps><temps name="out"><temp name="T2340"/><temp name="T20"/></temps></instruction><instruction code="OR T899, T20, 0"><temps name="use"><temp name="T20"/></temps><temps name="def"><temp name="T899"/></temps><temps name="in"><temp name="T2340"/><temp name="T20"/></temps><temps name="out"><temp name="T2340"/><temp name="T899"/></temps></instruction><instruction code="SETL  T2337, 0"><temps name="use"/><temps name="def"><temp name="T2337"/></temps><temps name="in"><temp name="T2340"/><temp name="T899"/></temps><temps name="out"><temp name="T2340"/><temp name="T899"/></temps></instruction><instruction code="INCML T2337, 0"><temps name="use"/><temps name="def"><temp name="T2337"/></temps><temps name="in"><temp name="T2340"/><temp name="T899"/></temps><temps name="out"><temp name="T2340"/><temp name="T899"/></temps></instruction><instruction code="INCMH T2337, 0"><temps name="use"/><temps name="def"><temp name="T2337"/></temps><temps name="in"><temp name="T2340"/><temp name="T899"/></temps><temps name="out"><temp name="T2340"/><temp name="T899"/></temps></instruction><instruction code="INCH  T2337, 0"><temps name="use"/><temps name="def"><temp name="T2337"/></temps><temps name="in"><temp name="T2340"/><temp name="T899"/></temps><temps name="out"><temp name="T2337"/><temp name="T2340"/><temp name="T899"/></temps></instruction><instruction code="OR T900, T2337, 0"><temps name="use"><temp name="T2337"/></temps><temps name="def"><temp name="T900"/></temps><temps name="in"><temp name="T2337"/><temp name="T2340"/><temp name="T899"/></temps><temps name="out"><temp name="T2340"/><temp name="T899"/><temp name="T900"/></temps></instruction><instruction code="SETL  T2338, 81"><temps name="use"/><temps name="def"><temp name="T2338"/></temps><temps name="in"><temp name="T2340"/><temp name="T899"/><temp name="T900"/></temps><temps name="out"><temp name="T2340"/><temp name="T899"/><temp name="T900"/></temps></instruction><instruction code="INCML T2338, 0"><temps name="use"/><temps name="def"><temp name="T2338"/></temps><temps name="in"><temp name="T2340"/><temp name="T899"/><temp name="T900"/></temps><temps name="out"><temp name="T2340"/><temp name="T899"/><temp name="T900"/></temps></instruction><instruction code="INCMH T2338, 0"><temps name="use"/><temps name="def"><temp name="T2338"/></temps><temps name="in"><temp name="T2340"/><temp name="T899"/><temp name="T900"/></temps><temps name="out"><temp name="T2340"/><temp name="T899"/><temp name="T900"/></temps></instruction><instruction code="INCH  T2338, 0"><temps name="use"/><temps name="def"><temp name="T2338"/></temps><temps name="in"><temp name="T2340"/><temp name="T899"/><temp name="T900"/></temps><temps name="out"><temp name="T2338"/><temp name="T2340"/><temp name="T899"/><temp name="T900"/></temps></instruction><instruction code="OR T901, T2338, 0"><temps name="use"><temp name="T2338"/></temps><temps name="def"><temp name="T901"/></temps><temps name="in"><temp name="T2338"/><temp name="T2340"/><temp name="T899"/><temp name="T900"/></temps><temps name="out"><temp name="T2340"/><temp name="T901"/><temp name="T899"/><temp name="T900"/></temps></instruction><instruction code="STO T899, $254, 8"><temps name="use"><temp name="T899"/></temps><temps name="def"/><temps name="in"><temp name="T2340"/><temp name="T901"/><temp name="T899"/><temp name="T900"/></temps><temps name="out"><temp name="T2340"/><temp name="T901"/><temp name="T900"/></temps></instruction><instruction code="STO T900, $254, 16"><temps name="use"><temp name="T900"/></temps><temps name="def"/><temps name="in"><temp name="T2340"/><temp name="T901"/><temp name="T900"/></temps><temps name="out"><temp name="T2340"/><temp name="T901"/></temps></instruction><instruction code="STO T901, $254, 24"><temps name="use"><temp name="T901"/></temps><temps name="def"/><temps name="in"><temp name="T2340"/><temp name="T901"/></temps><temps name="out"><temp name="T2340"/></temps></instruction><instruction code="LDA T2339, L4"><temps name="use"/><temps name="def"><temp name="T2339"/></temps><temps name="in"><temp name="T2340"/></temps><temps name="out"><temp name="T2340"/><temp name="T2339"/></temps></instruction><instruction code="PUSHJ $15, T2339, 0"><temps name="use"><temp name="T2339"/></temps><temps name="def"/><temps name="in"><temp name="T2340"/><temp name="T2339"/></temps><temps name="out"><temp name="T2340"/></temps></instruction><instruction code="OR T902, T2340, 0"><temps name="use"><temp name="T2340"/></temps><temps name="def"><temp name="T902"/></temps><temps name="in"><temp name="T2340"/></temps><temps name="out"><temp name="T902"/></temps></instruction><instruction code="OR T21, T902, 0"><temps name="use"><temp name="T902"/></temps><temps name="def"><temp name="T21"/></temps><temps name="in"><temp name="T902"/></temps><temps name="out"/></instruction><instruction code="LDA T2341, L160"><temps name="use"/><temps name="def"><temp name="T2341"/></temps><temps name="in"/><temps name="out"><temp name="T2341"/></temps></instruction><instruction code="GO T2341, T2341, 0"><temps name="use"><temp name="T2341"/></temps><temps name="def"><temp name="T2341"/></temps><temps name="in"><temp name="T2341"/></temps><temps name="out"/></instruction></instructions></code></livean>