<?xml version="1.0" encoding="UTF-8" standalone="no"?><?xml-stylesheet type="text/xsl" href="../../data/livean.xsl"?><livean><code entrylabel="L0" exitlabel="L1" tempsize="0"><frame FP="T2" RV="T3" argssize="16" depth="1" label="_putInt" locssize="0" size="32"/><instructions><instruction code="L0"><temps name="use"/><temps name="def"/><temps name="in"><temp name="T2"/></temps><temps name="out"><temp name="T2"/></temps></instruction><instruction code="OR T2,T2,0"><temps name="use"><temp name="T2"/></temps><temps name="def"><temp name="T2"/></temps><temps name="in"><temp name="T2"/></temps><temps name="out"><temp name="T2"/></temps></instruction><instruction code="SETL T26,0"><temps name="use"/><temps name="def"><temp name="T26"/></temps><temps name="in"><temp name="T2"/></temps><temps name="out"><temp name="T26"/><temp name="T2"/></temps></instruction><instruction code="INCML T26,0"><temps name="use"><temp name="T26"/></temps><temps name="def"><temp name="T26"/></temps><temps name="in"><temp name="T26"/><temp name="T2"/></temps><temps name="out"><temp name="T26"/><temp name="T2"/></temps></instruction><instruction code="INCMH T26,0"><temps name="use"><temp name="T26"/></temps><temps name="def"><temp name="T26"/></temps><temps name="in"><temp name="T26"/><temp name="T2"/></temps><temps name="out"><temp name="T26"/><temp name="T2"/></temps></instruction><instruction code="INCH T26,0"><temps name="use"><temp name="T26"/></temps><temps name="def"><temp name="T26"/></temps><temps name="in"><temp name="T26"/><temp name="T2"/></temps><temps name="out"><temp name="T26"/><temp name="T2"/></temps></instruction><instruction code="OR T6,T26,0"><temps name="use"><temp name="T26"/></temps><temps name="def"><temp name="T6"/></temps><temps name="in"><temp name="T26"/><temp name="T2"/></temps><temps name="out"><temp name="T6"/><temp name="T2"/></temps></instruction><instruction code="OR T7,T2,0"><temps name="use"><temp name="T2"/></temps><temps name="def"><temp name="T7"/></temps><temps name="in"><temp name="T6"/><temp name="T2"/></temps><temps name="out"><temp name="T7"/><temp name="T6"/></temps></instruction><instruction code="SETL T27,8"><temps name="use"/><temps name="def"><temp name="T27"/></temps><temps name="in"><temp name="T7"/><temp name="T6"/></temps><temps name="out"><temp name="T7"/><temp name="T27"/><temp name="T6"/></temps></instruction><instruction code="INCML T27,0"><temps name="use"><temp name="T27"/></temps><temps name="def"><temp name="T27"/></temps><temps name="in"><temp name="T7"/><temp name="T27"/><temp name="T6"/></temps><temps name="out"><temp name="T7"/><temp name="T27"/><temp name="T6"/></temps></instruction><instruction code="INCMH T27,0"><temps name="use"><temp name="T27"/></temps><temps name="def"><temp name="T27"/></temps><temps name="in"><temp name="T7"/><temp name="T27"/><temp name="T6"/></temps><temps name="out"><temp name="T7"/><temp name="T27"/><temp name="T6"/></temps></instruction><instruction code="INCH T27,0"><temps name="use"><temp name="T27"/></temps><temps name="def"><temp name="T27"/></temps><temps name="in"><temp name="T7"/><temp name="T27"/><temp name="T6"/></temps><temps name="out"><temp name="T7"/><temp name="T27"/><temp name="T6"/></temps></instruction><instruction code="OR T8,T27,0"><temps name="use"><temp name="T27"/></temps><temps name="def"><temp name="T8"/></temps><temps name="in"><temp name="T7"/><temp name="T27"/><temp name="T6"/></temps><temps name="out"><temp name="T7"/><temp name="T6"/><temp name="T8"/></temps></instruction><instruction code="ADD T28,T7,T8"><temps name="use"><temp name="T7"/><temp name="T8"/></temps><temps name="def"><temp name="T28"/></temps><temps name="in"><temp name="T7"/><temp name="T6"/><temp name="T8"/></temps><temps name="out"><temp name="T28"/><temp name="T6"/></temps></instruction><instruction code="OR T9,T28,0"><temps name="use"><temp name="T28"/></temps><temps name="def"><temp name="T9"/></temps><temps name="in"><temp name="T28"/><temp name="T6"/></temps><temps name="out"><temp name="T9"/><temp name="T6"/></temps></instruction><instruction code="LDO T29,T9,0"><temps name="use"><temp name="T9"/></temps><temps name="def"><temp name="T29"/></temps><temps name="in"><temp name="T9"/><temp name="T6"/></temps><temps name="out"><temp name="T29"/><temp name="T6"/></temps></instruction><instruction code="OR T10,T29,0"><temps name="use"><temp name="T29"/></temps><temps name="def"><temp name="T10"/></temps><temps name="in"><temp name="T29"/><temp name="T6"/></temps><temps name="out"><temp name="T10"/><temp name="T6"/></temps></instruction><instruction code="SETL T30,10"><temps name="use"/><temps name="def"><temp name="T30"/></temps><temps name="in"><temp name="T10"/><temp name="T6"/></temps><temps name="out"><temp name="T10"/><temp name="T30"/><temp name="T6"/></temps></instruction><instruction code="INCML T30,0"><temps name="use"><temp name="T30"/></temps><temps name="def"><temp name="T30"/></temps><temps name="in"><temp name="T10"/><temp name="T30"/><temp name="T6"/></temps><temps name="out"><temp name="T10"/><temp name="T30"/><temp name="T6"/></temps></instruction><instruction code="INCMH T30,0"><temps name="use"><temp name="T30"/></temps><temps name="def"><temp name="T30"/></temps><temps name="in"><temp name="T10"/><temp name="T30"/><temp name="T6"/></temps><temps name="out"><temp name="T10"/><temp name="T30"/><temp name="T6"/></temps></instruction><instruction code="INCH T30,0"><temps name="use"><temp name="T30"/></temps><temps name="def"><temp name="T30"/></temps><temps name="in"><temp name="T10"/><temp name="T30"/><temp name="T6"/></temps><temps name="out"><temp name="T10"/><temp name="T30"/><temp name="T6"/></temps></instruction><instruction code="OR T11,T30,0"><temps name="use"><temp name="T30"/></temps><temps name="def"><temp name="T11"/></temps><temps name="in"><temp name="T10"/><temp name="T30"/><temp name="T6"/></temps><temps name="out"><temp name="T10"/><temp name="T11"/><temp name="T6"/></temps></instruction><instruction code="DIV T31,T10,T11"><temps name="use"><temp name="T10"/><temp name="T11"/></temps><temps name="def"><temp name="T31"/></temps><temps name="in"><temp name="T10"/><temp name="T11"/><temp name="T6"/></temps><temps name="out"><temp name="T6"/></temps></instruction><instruction code="GET T31,rR"><temps name="use"/><temps name="def"><temp name="T31"/></temps><temps name="in"><temp name="T6"/></temps><temps name="out"><temp name="T6"/><temp name="T31"/></temps></instruction><instruction code="OR T12,T31,0"><temps name="use"><temp name="T31"/></temps><temps name="def"><temp name="T12"/></temps><temps name="in"><temp name="T6"/><temp name="T31"/></temps><temps name="out"><temp name="T12"/><temp name="T6"/></temps></instruction><instruction code="SETL T32,48"><temps name="use"/><temps name="def"><temp name="T32"/></temps><temps name="in"><temp name="T12"/><temp name="T6"/></temps><temps name="out"><temp name="T32"/><temp name="T12"/><temp name="T6"/></temps></instruction><instruction code="INCML T32,0"><temps name="use"><temp name="T32"/></temps><temps name="def"><temp name="T32"/></temps><temps name="in"><temp name="T32"/><temp name="T12"/><temp name="T6"/></temps><temps name="out"><temp name="T32"/><temp name="T12"/><temp name="T6"/></temps></instruction><instruction code="INCMH T32,0"><temps name="use"><temp name="T32"/></temps><temps name="def"><temp name="T32"/></temps><temps name="in"><temp name="T32"/><temp name="T12"/><temp name="T6"/></temps><temps name="out"><temp name="T32"/><temp name="T12"/><temp name="T6"/></temps></instruction><instruction code="INCH T32,0"><temps name="use"><temp name="T32"/></temps><temps name="def"><temp name="T32"/></temps><temps name="in"><temp name="T32"/><temp name="T12"/><temp name="T6"/></temps><temps name="out"><temp name="T32"/><temp name="T12"/><temp name="T6"/></temps></instruction><instruction code="OR T13,T32,0"><temps name="use"><temp name="T32"/></temps><temps name="def"><temp name="T13"/></temps><temps name="in"><temp name="T32"/><temp name="T12"/><temp name="T6"/></temps><temps name="out"><temp name="T13"/><temp name="T12"/><temp name="T6"/></temps></instruction><instruction code="ADD T33,T12,T13"><temps name="use"><temp name="T12"/><temp name="T13"/></temps><temps name="def"><temp name="T33"/></temps><temps name="in"><temp name="T13"/><temp name="T12"/><temp name="T6"/></temps><temps name="out"><temp name="T33"/><temp name="T6"/></temps></instruction><instruction code="OR T14,T33,0"><temps name="use"><temp name="T33"/></temps><temps name="def"><temp name="T14"/></temps><temps name="in"><temp name="T33"/><temp name="T6"/></temps><temps name="out"><temp name="T14"/><temp name="T6"/></temps></instruction><instruction code="SETL T34,256"><temps name="use"/><temps name="def"><temp name="T34"/></temps><temps name="in"><temp name="T14"/><temp name="T6"/></temps><temps name="out"><temp name="T34"/><temp name="T14"/><temp name="T6"/></temps></instruction><instruction code="INCML T34,0"><temps name="use"><temp name="T34"/></temps><temps name="def"><temp name="T34"/></temps><temps name="in"><temp name="T34"/><temp name="T14"/><temp name="T6"/></temps><temps name="out"><temp name="T34"/><temp name="T14"/><temp name="T6"/></temps></instruction><instruction code="INCMH T34,0"><temps name="use"><temp name="T34"/></temps><temps name="def"><temp name="T34"/></temps><temps name="in"><temp name="T34"/><temp name="T14"/><temp name="T6"/></temps><temps name="out"><temp name="T34"/><temp name="T14"/><temp name="T6"/></temps></instruction><instruction code="INCH T34,0"><temps name="use"><temp name="T34"/></temps><temps name="def"><temp name="T34"/></temps><temps name="in"><temp name="T34"/><temp name="T14"/><temp name="T6"/></temps><temps name="out"><temp name="T34"/><temp name="T14"/><temp name="T6"/></temps></instruction><instruction code="OR T15,T34,0"><temps name="use"><temp name="T34"/></temps><temps name="def"><temp name="T15"/></temps><temps name="in"><temp name="T34"/><temp name="T14"/><temp name="T6"/></temps><temps name="out"><temp name="T15"/><temp name="T14"/><temp name="T6"/></temps></instruction><instruction code="DIV T35,T14,T15"><temps name="use"><temp name="T14"/><temp name="T15"/></temps><temps name="def"><temp name="T35"/></temps><temps name="in"><temp name="T15"/><temp name="T14"/><temp name="T6"/></temps><temps name="out"><temp name="T6"/></temps></instruction><instruction code="GET T35,rR"><temps name="use"/><temps name="def"><temp name="T35"/></temps><temps name="in"><temp name="T6"/></temps><temps name="out"><temp name="T35"/><temp name="T6"/></temps></instruction><instruction code="OR T16,T35,0"><temps name="use"><temp name="T35"/></temps><temps name="def"><temp name="T16"/></temps><temps name="in"><temp name="T35"/><temp name="T6"/></temps><temps name="out"><temp name="T6"/><temp name="T16"/></temps></instruction><instruction code="STO T6,$254,0"><temps name="use"><temp name="T6"/></temps><temps name="def"/><temps name="in"><temp name="T6"/><temp name="T16"/></temps><temps name="out"><temp name="T16"/></temps></instruction><instruction code="STO T16,$254,8"><temps name="use"><temp name="T16"/></temps><temps name="def"/><temps name="in"><temp name="T16"/></temps><temps name="out"/></instruction><instruction code="PUSHJ $8,_putChar"><temps name="use"/><temps name="def"/><temps name="in"/><temps name="out"/></instruction><instruction code="LDO T37,$254,0"><temps name="use"/><temps name="def"><temp name="T37"/></temps><temps name="in"/><temps name="out"><temp name="T37"/></temps></instruction><instruction code="OR T17,T37,0"><temps name="use"><temp name="T37"/></temps><temps name="def"><temp name="T17"/></temps><temps name="in"><temp name="T37"/></temps><temps name="out"/></instruction><instruction code="SETL T38,0"><temps name="use"/><temps name="def"><temp name="T38"/></temps><temps name="in"/><temps name="out"><temp name="T38"/></temps></instruction><instruction code="INCML T38,0"><temps name="use"><temp name="T38"/></temps><temps name="def"><temp name="T38"/></temps><temps name="in"><temp name="T38"/></temps><temps name="out"><temp name="T38"/></temps></instruction><instruction code="INCMH T38,0"><temps name="use"><temp name="T38"/></temps><temps name="def"><temp name="T38"/></temps><temps name="in"><temp name="T38"/></temps><temps name="out"><temp name="T38"/></temps></instruction><instruction code="INCH T38,0"><temps name="use"><temp name="T38"/></temps><temps name="def"><temp name="T38"/></temps><temps name="in"><temp name="T38"/></temps><temps name="out"><temp name="T38"/></temps></instruction><instruction code="OR T18,T38,0"><temps name="use"><temp name="T38"/></temps><temps name="def"><temp name="T18"/></temps><temps name="in"><temp name="T38"/></temps><temps name="out"><temp name="T18"/></temps></instruction><instruction code="OR T3,T18,0"><temps name="use"><temp name="T18"/></temps><temps name="def"><temp name="T3"/></temps><temps name="in"><temp name="T18"/></temps><temps name="out"/></instruction><instruction code="JMP L1"><temps name="use"/><temps name="def"/><temps name="in"/><temps name="out"/></instruction></instructions></code><code entrylabel="L2" exitlabel="L3" tempsize="0"><frame FP="T4" RV="T5" argssize="16" depth="1" label="_main" locssize="0" size="32"/><instructions><instruction code="L2"><temps name="use"/><temps name="def"/><temps name="in"><temp name="T4"/></temps><temps name="out"><temp name="T4"/></temps></instruction><instruction code="OR T4,T4,0"><temps name="use"><temp name="T4"/></temps><temps name="def"><temp name="T4"/></temps><temps name="in"><temp name="T4"/></temps><temps name="out"/></instruction><instruction code="SETL T40,0"><temps name="use"/><temps name="def"><temp name="T40"/></temps><temps name="in"/><temps name="out"><temp name="T40"/></temps></instruction><instruction code="INCML T40,0"><temps name="use"><temp name="T40"/></temps><temps name="def"><temp name="T40"/></temps><temps name="in"><temp name="T40"/></temps><temps name="out"><temp name="T40"/></temps></instruction><instruction code="INCMH T40,0"><temps name="use"><temp name="T40"/></temps><temps name="def"><temp name="T40"/></temps><temps name="in"><temp name="T40"/></temps><temps name="out"><temp name="T40"/></temps></instruction><instruction code="INCH T40,0"><temps name="use"><temp name="T40"/></temps><temps name="def"><temp name="T40"/></temps><temps name="in"><temp name="T40"/></temps><temps name="out"><temp name="T40"/></temps></instruction><instruction code="OR T19,T40,0"><temps name="use"><temp name="T40"/></temps><temps name="def"><temp name="T19"/></temps><temps name="in"><temp name="T40"/></temps><temps name="out"><temp name="T19"/></temps></instruction><instruction code="SETL T41,99"><temps name="use"/><temps name="def"><temp name="T41"/></temps><temps name="in"><temp name="T19"/></temps><temps name="out"><temp name="T19"/><temp name="T41"/></temps></instruction><instruction code="INCML T41,0"><temps name="use"><temp name="T41"/></temps><temps name="def"><temp name="T41"/></temps><temps name="in"><temp name="T19"/><temp name="T41"/></temps><temps name="out"><temp name="T19"/><temp name="T41"/></temps></instruction><instruction code="INCMH T41,0"><temps name="use"><temp name="T41"/></temps><temps name="def"><temp name="T41"/></temps><temps name="in"><temp name="T19"/><temp name="T41"/></temps><temps name="out"><temp name="T19"/><temp name="T41"/></temps></instruction><instruction code="INCH T41,0"><temps name="use"><temp name="T41"/></temps><temps name="def"><temp name="T41"/></temps><temps name="in"><temp name="T19"/><temp name="T41"/></temps><temps name="out"><temp name="T19"/><temp name="T41"/></temps></instruction><instruction code="OR T20,T41,0"><temps name="use"><temp name="T41"/></temps><temps name="def"><temp name="T20"/></temps><temps name="in"><temp name="T19"/><temp name="T41"/></temps><temps name="out"><temp name="T20"/><temp name="T19"/></temps></instruction><instruction code="STO T19,$254,0"><temps name="use"><temp name="T19"/></temps><temps name="def"/><temps name="in"><temp name="T20"/><temp name="T19"/></temps><temps name="out"><temp name="T20"/></temps></instruction><instruction code="STO T20,$254,8"><temps name="use"><temp name="T20"/></temps><temps name="def"/><temps name="in"><temp name="T20"/></temps><temps name="out"/></instruction><instruction code="PUSHJ $8,_putChar"><temps name="use"/><temps name="def"/><temps name="in"/><temps name="out"/></instruction><instruction code="LDO T43,$254,0"><temps name="use"/><temps name="def"><temp name="T43"/></temps><temps name="in"/><temps name="out"><temp name="T43"/></temps></instruction><instruction code="OR T21,T43,0"><temps name="use"><temp name="T43"/></temps><temps name="def"><temp name="T21"/></temps><temps name="in"><temp name="T43"/></temps><temps name="out"/></instruction><instruction code="SETL T44,0"><temps name="use"/><temps name="def"><temp name="T44"/></temps><temps name="in"/><temps name="out"><temp name="T44"/></temps></instruction><instruction code="INCML T44,0"><temps name="use"><temp name="T44"/></temps><temps name="def"><temp name="T44"/></temps><temps name="in"><temp name="T44"/></temps><temps name="out"><temp name="T44"/></temps></instruction><instruction code="INCMH T44,0"><temps name="use"><temp name="T44"/></temps><temps name="def"><temp name="T44"/></temps><temps name="in"><temp name="T44"/></temps><temps name="out"><temp name="T44"/></temps></instruction><instruction code="INCH T44,0"><temps name="use"><temp name="T44"/></temps><temps name="def"><temp name="T44"/></temps><temps name="in"><temp name="T44"/></temps><temps name="out"><temp name="T44"/></temps></instruction><instruction code="OR T22,T44,0"><temps name="use"><temp name="T44"/></temps><temps name="def"><temp name="T22"/></temps><temps name="in"><temp name="T44"/></temps><temps name="out"><temp name="T22"/></temps></instruction><instruction code="SETL T45,123"><temps name="use"/><temps name="def"><temp name="T45"/></temps><temps name="in"><temp name="T22"/></temps><temps name="out"><temp name="T22"/><temp name="T45"/></temps></instruction><instruction code="INCML T45,0"><temps name="use"><temp name="T45"/></temps><temps name="def"><temp name="T45"/></temps><temps name="in"><temp name="T22"/><temp name="T45"/></temps><temps name="out"><temp name="T22"/><temp name="T45"/></temps></instruction><instruction code="INCMH T45,0"><temps name="use"><temp name="T45"/></temps><temps name="def"><temp name="T45"/></temps><temps name="in"><temp name="T22"/><temp name="T45"/></temps><temps name="out"><temp name="T22"/><temp name="T45"/></temps></instruction><instruction code="INCH T45,0"><temps name="use"><temp name="T45"/></temps><temps name="def"><temp name="T45"/></temps><temps name="in"><temp name="T22"/><temp name="T45"/></temps><temps name="out"><temp name="T22"/><temp name="T45"/></temps></instruction><instruction code="OR T23,T45,0"><temps name="use"><temp name="T45"/></temps><temps name="def"><temp name="T23"/></temps><temps name="in"><temp name="T22"/><temp name="T45"/></temps><temps name="out"><temp name="T23"/><temp name="T22"/></temps></instruction><instruction code="STO T22,$254,0"><temps name="use"><temp name="T22"/></temps><temps name="def"/><temps name="in"><temp name="T23"/><temp name="T22"/></temps><temps name="out"><temp name="T23"/></temps></instruction><instruction code="STO T23,$254,8"><temps name="use"><temp name="T23"/></temps><temps name="def"/><temps name="in"><temp name="T23"/></temps><temps name="out"/></instruction><instruction code="PUSHJ $8,_putInt"><temps name="use"/><temps name="def"/><temps name="in"/><temps name="out"/></instruction><instruction code="LDO T47,$254,0"><temps name="use"/><temps name="def"><temp name="T47"/></temps><temps name="in"/><temps name="out"><temp name="T47"/></temps></instruction><instruction code="OR T24,T47,0"><temps name="use"><temp name="T47"/></temps><temps name="def"><temp name="T24"/></temps><temps name="in"><temp name="T47"/></temps><temps name="out"/></instruction><instruction code="SETL T48,0"><temps name="use"/><temps name="def"><temp name="T48"/></temps><temps name="in"/><temps name="out"><temp name="T48"/></temps></instruction><instruction code="INCML T48,0"><temps name="use"><temp name="T48"/></temps><temps name="def"><temp name="T48"/></temps><temps name="in"><temp name="T48"/></temps><temps name="out"><temp name="T48"/></temps></instruction><instruction code="INCMH T48,0"><temps name="use"><temp name="T48"/></temps><temps name="def"><temp name="T48"/></temps><temps name="in"><temp name="T48"/></temps><temps name="out"><temp name="T48"/></temps></instruction><instruction code="INCH T48,0"><temps name="use"><temp name="T48"/></temps><temps name="def"><temp name="T48"/></temps><temps name="in"><temp name="T48"/></temps><temps name="out"><temp name="T48"/></temps></instruction><instruction code="OR T25,T48,0"><temps name="use"><temp name="T48"/></temps><temps name="def"><temp name="T25"/></temps><temps name="in"><temp name="T48"/></temps><temps name="out"><temp name="T25"/></temps></instruction><instruction code="OR T5,T25,0"><temps name="use"><temp name="T25"/></temps><temps name="def"><temp name="T5"/></temps><temps name="in"><temp name="T25"/></temps><temps name="out"/></instruction><instruction code="JMP L3"><temps name="use"/><temps name="def"/><temps name="in"/><temps name="out"/></instruction></instructions></code></livean>