<?xml version="1.0" encoding="UTF-8" standalone="no"?><?xml-stylesheet type="text/xsl" href="../../data/livean.xsl"?><livean><code entrylabel="L2" exitlabel="L3" tempsize="0"><frame FP="T0" RV="T1" argssize="0" depth="1" label="_f1" locssize="0" size="16"/><instructions><instruction code="L2"><temps name="use"/><temps name="def"/><temps name="in"/><temps name="out"/></instruction><instruction code="LDA T19, L0"><temps name="use"/><temps name="def"><temp name="T19"/></temps><temps name="in"/><temps name="out"><temp name="T19"/></temps></instruction><instruction code="OR T1, T19, 0"><temps name="use"><temp name="T19"/></temps><temps name="def"><temp name="T1"/></temps><temps name="in"><temp name="T19"/></temps><temps name="out"/></instruction><instruction code="LDA T20, L3"><temps name="use"/><temps name="def"><temp name="T20"/></temps><temps name="in"/><temps name="out"><temp name="T20"/></temps></instruction><instruction code="GO T20, T20, 0"><temps name="use"><temp name="T20"/></temps><temps name="def"><temp name="T20"/></temps><temps name="in"><temp name="T20"/></temps><temps name="out"/></instruction></instructions></code><code entrylabel="L4" exitlabel="L5" tempsize="0"><frame FP="T2" RV="T3" argssize="0" depth="1" label="_f2" locssize="0" size="16"/><instructions><instruction code="L4"><temps name="use"/><temps name="def"/><temps name="in"/><temps name="out"/></instruction><instruction code="SETL  T21, 1"><temps name="use"/><temps name="def"><temp name="T21"/></temps><temps name="in"/><temps name="out"/></instruction><instruction code="INCML T21, 0"><temps name="use"/><temps name="def"><temp name="T21"/></temps><temps name="in"/><temps name="out"/></instruction><instruction code="INCMH T21, 0"><temps name="use"/><temps name="def"><temp name="T21"/></temps><temps name="in"/><temps name="out"/></instruction><instruction code="INCH  T21, 0"><temps name="use"/><temps name="def"><temp name="T21"/></temps><temps name="in"/><temps name="out"><temp name="T21"/></temps></instruction><instruction code="OR T3, T21, 0"><temps name="use"><temp name="T21"/></temps><temps name="def"><temp name="T3"/></temps><temps name="in"><temp name="T21"/></temps><temps name="out"/></instruction><instruction code="LDA T22, L5"><temps name="use"/><temps name="def"><temp name="T22"/></temps><temps name="in"/><temps name="out"><temp name="T22"/></temps></instruction><instruction code="GO T22, T22, 0"><temps name="use"><temp name="T22"/></temps><temps name="def"><temp name="T22"/></temps><temps name="in"><temp name="T22"/></temps><temps name="out"/></instruction></instructions></code><code entrylabel="L6" exitlabel="L7" tempsize="0"><frame FP="T4" RV="T5" argssize="16" depth="1" label="_main" locssize="0" size="32"/><instructions><instruction code="L6"><temps name="use"/><temps name="def"/><temps name="in"><temp name="T27"/><temp name="T32"/></temps><temps name="out"><temp name="T27"/><temp name="T32"/></temps></instruction><instruction code="SETL  T23, 3"><temps name="use"/><temps name="def"><temp name="T23"/></temps><temps name="in"><temp name="T27"/><temp name="T32"/></temps><temps name="out"><temp name="T27"/><temp name="T32"/></temps></instruction><instruction code="INCML T23, 0"><temps name="use"/><temps name="def"><temp name="T23"/></temps><temps name="in"><temp name="T27"/><temp name="T32"/></temps><temps name="out"><temp name="T27"/><temp name="T32"/></temps></instruction><instruction code="INCMH T23, 0"><temps name="use"/><temps name="def"><temp name="T23"/></temps><temps name="in"><temp name="T27"/><temp name="T32"/></temps><temps name="out"><temp name="T27"/><temp name="T32"/></temps></instruction><instruction code="INCH  T23, 0"><temps name="use"/><temps name="def"><temp name="T23"/></temps><temps name="in"><temp name="T27"/><temp name="T32"/></temps><temps name="out"><temp name="T27"/><temp name="T32"/><temp name="T23"/></temps></instruction><instruction code="OR T12, T23, 0"><temps name="use"><temp name="T23"/></temps><temps name="def"><temp name="T12"/></temps><temps name="in"><temp name="T27"/><temp name="T32"/><temp name="T23"/></temps><temps name="out"><temp name="T27"/><temp name="T32"/><temp name="T12"/></temps></instruction><instruction code="SETL  T24, 2"><temps name="use"/><temps name="def"><temp name="T24"/></temps><temps name="in"><temp name="T27"/><temp name="T32"/><temp name="T12"/></temps><temps name="out"><temp name="T27"/><temp name="T32"/><temp name="T12"/></temps></instruction><instruction code="INCML T24, 0"><temps name="use"/><temps name="def"><temp name="T24"/></temps><temps name="in"><temp name="T27"/><temp name="T32"/><temp name="T12"/></temps><temps name="out"><temp name="T27"/><temp name="T32"/><temp name="T12"/></temps></instruction><instruction code="INCMH T24, 0"><temps name="use"/><temps name="def"><temp name="T24"/></temps><temps name="in"><temp name="T27"/><temp name="T32"/><temp name="T12"/></temps><temps name="out"><temp name="T27"/><temp name="T32"/><temp name="T12"/></temps></instruction><instruction code="INCH  T24, 0"><temps name="use"/><temps name="def"><temp name="T24"/></temps><temps name="in"><temp name="T27"/><temp name="T32"/><temp name="T12"/></temps><temps name="out"><temp name="T27"/><temp name="T32"/><temp name="T24"/><temp name="T12"/></temps></instruction><instruction code="OR T13, T24, 0"><temps name="use"><temp name="T24"/></temps><temps name="def"><temp name="T13"/></temps><temps name="in"><temp name="T27"/><temp name="T32"/><temp name="T24"/><temp name="T12"/></temps><temps name="out"><temp name="T13"/><temp name="T27"/><temp name="T32"/><temp name="T12"/></temps></instruction><instruction code="ADD T25, T12, T13"><temps name="use"><temp name="T12"/><temp name="T13"/></temps><temps name="def"><temp name="T25"/></temps><temps name="in"><temp name="T13"/><temp name="T27"/><temp name="T32"/><temp name="T12"/></temps><temps name="out"><temp name="T25"/><temp name="T27"/><temp name="T32"/></temps></instruction><instruction code="OR T14, T25, 0"><temps name="use"><temp name="T25"/></temps><temps name="def"><temp name="T14"/></temps><temps name="in"><temp name="T25"/><temp name="T27"/><temp name="T32"/></temps><temps name="out"><temp name="T14"/><temp name="T27"/><temp name="T32"/></temps></instruction><instruction code="LDO T28, T27, 0"><temps name="use"><temp name="T27"/></temps><temps name="def"><temp name="T28"/></temps><temps name="in"><temp name="T14"/><temp name="T27"/><temp name="T32"/></temps><temps name="out"><temp name="T28"/><temp name="T14"/><temp name="T32"/></temps></instruction><instruction code="STO T28, T14, 0"><temps name="use"><temp name="T28"/><temp name="T14"/></temps><temps name="def"/><temps name="in"><temp name="T28"/><temp name="T14"/><temp name="T32"/></temps><temps name="out"><temp name="T32"/></temps></instruction><instruction code="SETL  T29, 0"><temps name="use"/><temps name="def"><temp name="T29"/></temps><temps name="in"><temp name="T32"/></temps><temps name="out"><temp name="T32"/></temps></instruction><instruction code="INCML T29, 0"><temps name="use"/><temps name="def"><temp name="T29"/></temps><temps name="in"><temp name="T32"/></temps><temps name="out"><temp name="T32"/></temps></instruction><instruction code="INCMH T29, 0"><temps name="use"/><temps name="def"><temp name="T29"/></temps><temps name="in"><temp name="T32"/></temps><temps name="out"><temp name="T32"/></temps></instruction><instruction code="INCH  T29, 0"><temps name="use"/><temps name="def"><temp name="T29"/></temps><temps name="in"><temp name="T32"/></temps><temps name="out"><temp name="T29"/><temp name="T32"/></temps></instruction><instruction code="OR T15, T29, 0"><temps name="use"><temp name="T29"/></temps><temps name="def"><temp name="T15"/></temps><temps name="in"><temp name="T29"/><temp name="T32"/></temps><temps name="out"><temp name="T32"/><temp name="T15"/></temps></instruction><instruction code="LDA T30, L1"><temps name="use"/><temps name="def"><temp name="T30"/></temps><temps name="in"><temp name="T32"/><temp name="T15"/></temps><temps name="out"><temp name="T32"/><temp name="T15"/><temp name="T30"/></temps></instruction><instruction code="OR T16, T30, 0"><temps name="use"><temp name="T30"/></temps><temps name="def"><temp name="T16"/></temps><temps name="in"><temp name="T32"/><temp name="T15"/><temp name="T30"/></temps><temps name="out"><temp name="T32"/><temp name="T15"/><temp name="T16"/></temps></instruction><instruction code="STO T15, $254, 8"><temps name="use"><temp name="T15"/></temps><temps name="def"/><temps name="in"><temp name="T32"/><temp name="T15"/><temp name="T16"/></temps><temps name="out"><temp name="T32"/><temp name="T16"/></temps></instruction><instruction code="STO T16, $254, 16"><temps name="use"><temp name="T16"/></temps><temps name="def"/><temps name="in"><temp name="T32"/><temp name="T16"/></temps><temps name="out"><temp name="T32"/></temps></instruction><instruction code="LDA T31, _putString"><temps name="use"/><temps name="def"><temp name="T31"/></temps><temps name="in"><temp name="T32"/></temps><temps name="out"><temp name="T31"/><temp name="T32"/></temps></instruction><instruction code="PUSHJ $15, T31, 0"><temps name="use"><temp name="T31"/></temps><temps name="def"/><temps name="in"><temp name="T31"/><temp name="T32"/></temps><temps name="out"><temp name="T32"/></temps></instruction><instruction code="OR T17, T32, 0"><temps name="use"><temp name="T32"/></temps><temps name="def"><temp name="T17"/></temps><temps name="in"><temp name="T32"/></temps><temps name="out"/></instruction><instruction code="SETL  T33, 0"><temps name="use"/><temps name="def"><temp name="T33"/></temps><temps name="in"/><temps name="out"/></instruction><instruction code="INCML T33, 0"><temps name="use"/><temps name="def"><temp name="T33"/></temps><temps name="in"/><temps name="out"/></instruction><instruction code="INCMH T33, 0"><temps name="use"/><temps name="def"><temp name="T33"/></temps><temps name="in"/><temps name="out"/></instruction><instruction code="INCH  T33, 0"><temps name="use"/><temps name="def"><temp name="T33"/></temps><temps name="in"/><temps name="out"><temp name="T33"/></temps></instruction><instruction code="OR T18, T33, 0"><temps name="use"><temp name="T33"/></temps><temps name="def"><temp name="T18"/></temps><temps name="in"><temp name="T33"/></temps><temps name="out"><temp name="T18"/></temps></instruction><instruction code="OR T5, T18, 0"><temps name="use"><temp name="T18"/></temps><temps name="def"><temp name="T5"/></temps><temps name="in"><temp name="T18"/></temps><temps name="out"/></instruction><instruction code="LDA T34, L7"><temps name="use"/><temps name="def"><temp name="T34"/></temps><temps name="in"/><temps name="out"><temp name="T34"/></temps></instruction><instruction code="GO T34, T34, 0"><temps name="use"><temp name="T34"/></temps><temps name="def"><temp name="T34"/></temps><temps name="in"><temp name="T34"/></temps><temps name="out"/></instruction></instructions></code></livean>