<?xml version="1.0" encoding="UTF-8" standalone="no"?><?xml-stylesheet type="text/xsl" href="../../data/livean.xsl"?><livean><code entrylabel="L109" exitlabel="L110" tempsize="0"><frame FP="T6" RV="T7" argssize="24" depth="1" label="_main" locssize="16" size="56"/><instructions><instruction code="L109"><temps name="use"/><temps name="def"/><temps name="in"><temp name="T6"/></temps><temps name="out"><temp name="T6"/></temps></instruction><instruction code="SETL  T903, 0"><temps name="use"/><temps name="def"><temp name="T903"/></temps><temps name="in"><temp name="T6"/></temps><temps name="out"><temp name="T6"/></temps></instruction><instruction code="INCML T903, 0"><temps name="use"/><temps name="def"><temp name="T903"/></temps><temps name="in"><temp name="T6"/></temps><temps name="out"><temp name="T6"/></temps></instruction><instruction code="INCMH T903, 0"><temps name="use"/><temps name="def"><temp name="T903"/></temps><temps name="in"><temp name="T6"/></temps><temps name="out"><temp name="T6"/></temps></instruction><instruction code="INCH  T903, 0"><temps name="use"/><temps name="def"><temp name="T903"/></temps><temps name="in"><temp name="T6"/></temps><temps name="out"><temp name="T6"/><temp name="T903"/></temps></instruction><instruction code="OR T30, T903, 0"><temps name="use"><temp name="T903"/></temps><temps name="def"><temp name="T30"/></temps><temps name="in"><temp name="T6"/><temp name="T903"/></temps><temps name="out"><temp name="T6"/><temp name="T30"/></temps></instruction><instruction code="LDA T904, L5"><temps name="use"/><temps name="def"><temp name="T904"/></temps><temps name="in"><temp name="T6"/><temp name="T30"/></temps><temps name="out"><temp name="T6"/><temp name="T30"/><temp name="T904"/></temps></instruction><instruction code="OR T31, T904, 0"><temps name="use"><temp name="T904"/></temps><temps name="def"><temp name="T31"/></temps><temps name="in"><temp name="T6"/><temp name="T30"/><temp name="T904"/></temps><temps name="out"><temp name="T6"/><temp name="T30"/><temp name="T31"/></temps></instruction><instruction code="STO T30, $254, 8"><temps name="use"><temp name="T30"/></temps><temps name="def"/><temps name="in"><temp name="T6"/><temp name="T30"/><temp name="T31"/></temps><temps name="out"><temp name="T6"/><temp name="T31"/></temps></instruction><instruction code="STO T31, $254, 16"><temps name="use"><temp name="T31"/></temps><temps name="def"/><temps name="in"><temp name="T6"/><temp name="T31"/></temps><temps name="out"><temp name="T6"/></temps></instruction><instruction code="LDA T905, _putString"><temps name="use"/><temps name="def"><temp name="T905"/></temps><temps name="in"><temp name="T6"/></temps><temps name="out"><temp name="T6"/><temp name="T905"/></temps></instruction><instruction code="PUSHJ $16, T905, 0"><temps name="use"><temp name="T905"/></temps><temps name="def"/><temps name="in"><temp name="T6"/><temp name="T905"/></temps><temps name="out"><temp name="T6"/></temps></instruction><instruction code="LDO T906, $254, 0"><temps name="use"/><temps name="def"><temp name="T906"/></temps><temps name="in"><temp name="T6"/></temps><temps name="out"><temp name="T6"/><temp name="T906"/></temps></instruction><instruction code="OR T32, T906, 0"><temps name="use"><temp name="T906"/></temps><temps name="def"><temp name="T32"/></temps><temps name="in"><temp name="T6"/><temp name="T906"/></temps><temps name="out"><temp name="T6"/></temps></instruction><instruction code="SETL  T907, 0"><temps name="use"/><temps name="def"><temp name="T907"/></temps><temps name="in"><temp name="T6"/></temps><temps name="out"><temp name="T6"/></temps></instruction><instruction code="INCML T907, 0"><temps name="use"/><temps name="def"><temp name="T907"/></temps><temps name="in"><temp name="T6"/></temps><temps name="out"><temp name="T6"/></temps></instruction><instruction code="INCMH T907, 0"><temps name="use"/><temps name="def"><temp name="T907"/></temps><temps name="in"><temp name="T6"/></temps><temps name="out"><temp name="T6"/></temps></instruction><instruction code="INCH  T907, 0"><temps name="use"/><temps name="def"><temp name="T907"/></temps><temps name="in"><temp name="T6"/></temps><temps name="out"><temp name="T907"/><temp name="T6"/></temps></instruction><instruction code="OR T33, T907, 0"><temps name="use"><temp name="T907"/></temps><temps name="def"><temp name="T33"/></temps><temps name="in"><temp name="T907"/><temp name="T6"/></temps><temps name="out"><temp name="T33"/><temp name="T6"/></temps></instruction><instruction code="SETL  T908, 10"><temps name="use"/><temps name="def"><temp name="T908"/></temps><temps name="in"><temp name="T33"/><temp name="T6"/></temps><temps name="out"><temp name="T33"/><temp name="T6"/></temps></instruction><instruction code="INCML T908, 0"><temps name="use"/><temps name="def"><temp name="T908"/></temps><temps name="in"><temp name="T33"/><temp name="T6"/></temps><temps name="out"><temp name="T33"/><temp name="T6"/></temps></instruction><instruction code="INCMH T908, 0"><temps name="use"/><temps name="def"><temp name="T908"/></temps><temps name="in"><temp name="T33"/><temp name="T6"/></temps><temps name="out"><temp name="T33"/><temp name="T6"/></temps></instruction><instruction code="INCH  T908, 0"><temps name="use"/><temps name="def"><temp name="T908"/></temps><temps name="in"><temp name="T33"/><temp name="T6"/></temps><temps name="out"><temp name="T33"/><temp name="T6"/><temp name="T908"/></temps></instruction><instruction code="OR T34, T908, 0"><temps name="use"><temp name="T908"/></temps><temps name="def"><temp name="T34"/></temps><temps name="in"><temp name="T33"/><temp name="T6"/><temp name="T908"/></temps><temps name="out"><temp name="T33"/><temp name="T6"/><temp name="T34"/></temps></instruction><instruction code="SETL  T909, 256"><temps name="use"/><temps name="def"><temp name="T909"/></temps><temps name="in"><temp name="T33"/><temp name="T6"/><temp name="T34"/></temps><temps name="out"><temp name="T33"/><temp name="T6"/><temp name="T34"/></temps></instruction><instruction code="INCML T909, 0"><temps name="use"/><temps name="def"><temp name="T909"/></temps><temps name="in"><temp name="T33"/><temp name="T6"/><temp name="T34"/></temps><temps name="out"><temp name="T33"/><temp name="T6"/><temp name="T34"/></temps></instruction><instruction code="INCMH T909, 0"><temps name="use"/><temps name="def"><temp name="T909"/></temps><temps name="in"><temp name="T33"/><temp name="T6"/><temp name="T34"/></temps><temps name="out"><temp name="T33"/><temp name="T6"/><temp name="T34"/></temps></instruction><instruction code="INCH  T909, 0"><temps name="use"/><temps name="def"><temp name="T909"/></temps><temps name="in"><temp name="T33"/><temp name="T6"/><temp name="T34"/></temps><temps name="out"><temp name="T909"/><temp name="T33"/><temp name="T6"/><temp name="T34"/></temps></instruction><instruction code="OR T35, T909, 0"><temps name="use"><temp name="T909"/></temps><temps name="def"><temp name="T35"/></temps><temps name="in"><temp name="T909"/><temp name="T33"/><temp name="T6"/><temp name="T34"/></temps><temps name="out"><temp name="T33"/><temp name="T6"/><temp name="T35"/><temp name="T34"/></temps></instruction><instruction code="DIV T910, T34, T35"><temps name="use"><temp name="T34"/><temp name="T35"/></temps><temps name="def"><temp name="T910"/></temps><temps name="in"><temp name="T33"/><temp name="T6"/><temp name="T35"/><temp name="T34"/></temps><temps name="out"><temp name="T33"/><temp name="T6"/></temps></instruction><instruction code="OR T910, rR, 0"><temps name="use"/><temps name="def"><temp name="T910"/></temps><temps name="in"><temp name="T33"/><temp name="T6"/></temps><temps name="out"><temp name="T33"/><temp name="T910"/><temp name="T6"/></temps></instruction><instruction code="OR T36, T910, 0"><temps name="use"><temp name="T910"/></temps><temps name="def"><temp name="T36"/></temps><temps name="in"><temp name="T33"/><temp name="T910"/><temp name="T6"/></temps><temps name="out"><temp name="T33"/><temp name="T6"/><temp name="T36"/></temps></instruction><instruction code="STO T33, $254, 8"><temps name="use"><temp name="T33"/></temps><temps name="def"/><temps name="in"><temp name="T33"/><temp name="T6"/><temp name="T36"/></temps><temps name="out"><temp name="T6"/><temp name="T36"/></temps></instruction><instruction code="STO T36, $254, 16"><temps name="use"><temp name="T36"/></temps><temps name="def"/><temps name="in"><temp name="T6"/><temp name="T36"/></temps><temps name="out"><temp name="T6"/></temps></instruction><instruction code="LDA T911, _putChar"><temps name="use"/><temps name="def"><temp name="T911"/></temps><temps name="in"><temp name="T6"/></temps><temps name="out"><temp name="T6"/><temp name="T911"/></temps></instruction><instruction code="PUSHJ $16, T911, 0"><temps name="use"><temp name="T911"/></temps><temps name="def"/><temps name="in"><temp name="T6"/><temp name="T911"/></temps><temps name="out"><temp name="T6"/></temps></instruction><instruction code="LDO T912, $254, 0"><temps name="use"/><temps name="def"><temp name="T912"/></temps><temps name="in"><temp name="T6"/></temps><temps name="out"><temp name="T6"/><temp name="T912"/></temps></instruction><instruction code="OR T37, T912, 0"><temps name="use"><temp name="T912"/></temps><temps name="def"><temp name="T37"/></temps><temps name="in"><temp name="T6"/><temp name="T912"/></temps><temps name="out"><temp name="T6"/></temps></instruction><instruction code="SETL  T913, 1"><temps name="use"/><temps name="def"><temp name="T913"/></temps><temps name="in"><temp name="T6"/></temps><temps name="out"><temp name="T6"/></temps></instruction><instruction code="INCML T913, 0"><temps name="use"/><temps name="def"><temp name="T913"/></temps><temps name="in"><temp name="T6"/></temps><temps name="out"><temp name="T6"/></temps></instruction><instruction code="INCMH T913, 0"><temps name="use"/><temps name="def"><temp name="T913"/></temps><temps name="in"><temp name="T6"/></temps><temps name="out"><temp name="T6"/></temps></instruction><instruction code="INCH  T913, 0"><temps name="use"/><temps name="def"><temp name="T913"/></temps><temps name="in"><temp name="T6"/></temps><temps name="out"><temp name="T6"/><temp name="T913"/></temps></instruction><instruction code="OR T38, T913, 0"><temps name="use"><temp name="T913"/></temps><temps name="def"><temp name="T38"/></temps><temps name="in"><temp name="T6"/><temp name="T913"/></temps><temps name="out"><temp name="T6"/><temp name="T38"/></temps></instruction><instruction code="SETL  T914, 8"><temps name="use"/><temps name="def"><temp name="T914"/></temps><temps name="in"><temp name="T6"/><temp name="T38"/></temps><temps name="out"><temp name="T6"/><temp name="T38"/></temps></instruction><instruction code="INCML T914, 0"><temps name="use"/><temps name="def"><temp name="T914"/></temps><temps name="in"><temp name="T6"/><temp name="T38"/></temps><temps name="out"><temp name="T6"/><temp name="T38"/></temps></instruction><instruction code="INCMH T914, 0"><temps name="use"/><temps name="def"><temp name="T914"/></temps><temps name="in"><temp name="T6"/><temp name="T38"/></temps><temps name="out"><temp name="T6"/><temp name="T38"/></temps></instruction><instruction code="INCH  T914, 0"><temps name="use"/><temps name="def"><temp name="T914"/></temps><temps name="in"><temp name="T6"/><temp name="T38"/></temps><temps name="out"><temp name="T6"/><temp name="T914"/><temp name="T38"/></temps></instruction><instruction code="NEG T914, 0, T914"><temps name="use"><temp name="T914"/></temps><temps name="def"><temp name="T914"/></temps><temps name="in"><temp name="T6"/><temp name="T914"/><temp name="T38"/></temps><temps name="out"><temp name="T6"/><temp name="T914"/><temp name="T38"/></temps></instruction><instruction code="ADD T915, T6, T914"><temps name="use"><temp name="T6"/><temp name="T914"/></temps><temps name="def"><temp name="T915"/></temps><temps name="in"><temp name="T6"/><temp name="T914"/><temp name="T38"/></temps><temps name="out"><temp name="T915"/><temp name="T6"/><temp name="T38"/></temps></instruction><instruction code="STO T915, T38, 0"><temps name="use"><temp name="T915"/><temp name="T38"/></temps><temps name="def"/><temps name="in"><temp name="T915"/><temp name="T6"/><temp name="T38"/></temps><temps name="out"><temp name="T6"/></temps></instruction><instruction code="L7"><temps name="use"/><temps name="def"/><temps name="in"><temp name="T6"/></temps><temps name="out"><temp name="T6"/></temps></instruction><instruction code="OR T39, T6, 0"><temps name="use"><temp name="T6"/></temps><temps name="def"><temp name="T39"/></temps><temps name="in"><temp name="T6"/></temps><temps name="out"><temp name="T6"/><temp name="T39"/></temps></instruction><instruction code="SETL  T917, 8"><temps name="use"/><temps name="def"><temp name="T917"/></temps><temps name="in"><temp name="T6"/><temp name="T39"/></temps><temps name="out"><temp name="T6"/><temp name="T39"/></temps></instruction><instruction code="INCML T917, 0"><temps name="use"/><temps name="def"><temp name="T917"/></temps><temps name="in"><temp name="T6"/><temp name="T39"/></temps><temps name="out"><temp name="T6"/><temp name="T39"/></temps></instruction><instruction code="INCMH T917, 0"><temps name="use"/><temps name="def"><temp name="T917"/></temps><temps name="in"><temp name="T6"/><temp name="T39"/></temps><temps name="out"><temp name="T6"/><temp name="T39"/></temps></instruction><instruction code="INCH  T917, 0"><temps name="use"/><temps name="def"><temp name="T917"/></temps><temps name="in"><temp name="T6"/><temp name="T39"/></temps><temps name="out"><temp name="T6"/><temp name="T917"/><temp name="T39"/></temps></instruction><instruction code="NEG T917, 0, T917"><temps name="use"><temp name="T917"/></temps><temps name="def"><temp name="T917"/></temps><temps name="in"><temp name="T6"/><temp name="T917"/><temp name="T39"/></temps><temps name="out"><temp name="T6"/><temp name="T917"/><temp name="T39"/></temps></instruction><instruction code="OR T40, T917, 0"><temps name="use"><temp name="T917"/></temps><temps name="def"><temp name="T40"/></temps><temps name="in"><temp name="T6"/><temp name="T917"/><temp name="T39"/></temps><temps name="out"><temp name="T6"/><temp name="T39"/><temp name="T40"/></temps></instruction><instruction code="ADD T918, T39, T40"><temps name="use"><temp name="T39"/><temp name="T40"/></temps><temps name="def"><temp name="T918"/></temps><temps name="in"><temp name="T6"/><temp name="T39"/><temp name="T40"/></temps><temps name="out"><temp name="T6"/><temp name="T918"/></temps></instruction><instruction code="OR T41, T918, 0"><temps name="use"><temp name="T918"/></temps><temps name="def"><temp name="T41"/></temps><temps name="in"><temp name="T6"/><temp name="T918"/></temps><temps name="out"><temp name="T6"/><temp name="T41"/></temps></instruction><instruction code="OR T42, T41, 0"><temps name="use"><temp name="T41"/></temps><temps name="def"><temp name="T42"/></temps><temps name="in"><temp name="T6"/><temp name="T41"/></temps><temps name="out"><temp name="T6"/><temp name="T42"/></temps></instruction><instruction code="SETL  T920, 10"><temps name="use"/><temps name="def"><temp name="T920"/></temps><temps name="in"><temp name="T6"/><temp name="T42"/></temps><temps name="out"><temp name="T6"/><temp name="T42"/></temps></instruction><instruction code="INCML T920, 0"><temps name="use"/><temps name="def"><temp name="T920"/></temps><temps name="in"><temp name="T6"/><temp name="T42"/></temps><temps name="out"><temp name="T6"/><temp name="T42"/></temps></instruction><instruction code="INCMH T920, 0"><temps name="use"/><temps name="def"><temp name="T920"/></temps><temps name="in"><temp name="T6"/><temp name="T42"/></temps><temps name="out"><temp name="T6"/><temp name="T42"/></temps></instruction><instruction code="INCH  T920, 0"><temps name="use"/><temps name="def"><temp name="T920"/></temps><temps name="in"><temp name="T6"/><temp name="T42"/></temps><temps name="out"><temp name="T6"/><temp name="T920"/><temp name="T42"/></temps></instruction><instruction code="OR T43, T920, 0"><temps name="use"><temp name="T920"/></temps><temps name="def"><temp name="T43"/></temps><temps name="in"><temp name="T6"/><temp name="T920"/><temp name="T42"/></temps><temps name="out"><temp name="T6"/><temp name="T43"/><temp name="T42"/></temps></instruction><instruction code="CMP T921, T42, T43"><temps name="use"><temp name="T42"/><temp name="T43"/></temps><temps name="def"><temp name="T921"/></temps><temps name="in"><temp name="T6"/><temp name="T43"/><temp name="T42"/></temps><temps name="out"><temp name="T6"/><temp name="T921"/></temps></instruction><instruction code="ZSNP T921, T921, 1"><temps name="use"><temp name="T921"/></temps><temps name="def"><temp name="T921"/></temps><temps name="in"><temp name="T6"/><temp name="T921"/></temps><temps name="out"><temp name="T6"/><temp name="T921"/></temps></instruction><instruction code="OR T44, T921, 0"><temps name="use"><temp name="T921"/></temps><temps name="def"><temp name="T44"/></temps><temps name="in"><temp name="T6"/><temp name="T921"/></temps><temps name="out"><temp name="T6"/><temp name="T44"/></temps></instruction><instruction code="BNZ T44, L8"><temps name="use"><temp name="T44"/></temps><temps name="def"/><temps name="in"><temp name="T6"/><temp name="T44"/></temps><temps name="out"><temp name="T6"/></temps></instruction><instruction code="L105"><temps name="use"/><temps name="def"/><temps name="in"><temp name="T6"/></temps><temps name="out"><temp name="T6"/></temps></instruction><instruction code="LDA T922, L9"><temps name="use"/><temps name="def"><temp name="T922"/></temps><temps name="in"><temp name="T6"/></temps><temps name="out"><temp name="T6"/><temp name="T922"/></temps></instruction><instruction code="GO T922, T922, 0"><temps name="use"><temp name="T922"/></temps><temps name="def"><temp name="T922"/></temps><temps name="in"><temp name="T6"/><temp name="T922"/></temps><temps name="out"><temp name="T6"/></temps></instruction><instruction code="L8"><temps name="use"/><temps name="def"/><temps name="in"><temp name="T6"/></temps><temps name="out"><temp name="T6"/></temps></instruction><instruction code="SETL  T923, 0"><temps name="use"/><temps name="def"><temp name="T923"/></temps><temps name="in"><temp name="T6"/></temps><temps name="out"><temp name="T6"/></temps></instruction><instruction code="INCML T923, 0"><temps name="use"/><temps name="def"><temp name="T923"/></temps><temps name="in"><temp name="T6"/></temps><temps name="out"><temp name="T6"/></temps></instruction><instruction code="INCMH T923, 0"><temps name="use"/><temps name="def"><temp name="T923"/></temps><temps name="in"><temp name="T6"/></temps><temps name="out"><temp name="T6"/></temps></instruction><instruction code="INCH  T923, 0"><temps name="use"/><temps name="def"><temp name="T923"/></temps><temps name="in"><temp name="T6"/></temps><temps name="out"><temp name="T6"/><temp name="T923"/></temps></instruction><instruction code="OR T45, T923, 0"><temps name="use"><temp name="T923"/></temps><temps name="def"><temp name="T45"/></temps><temps name="in"><temp name="T6"/><temp name="T923"/></temps><temps name="out"><temp name="T6"/><temp name="T45"/></temps></instruction><instruction code="OR T46, T6, 0"><temps name="use"><temp name="T6"/></temps><temps name="def"><temp name="T46"/></temps><temps name="in"><temp name="T6"/><temp name="T45"/></temps><temps name="out"><temp name="T6"/><temp name="T46"/><temp name="T45"/></temps></instruction><instruction code="SETL  T924, 8"><temps name="use"/><temps name="def"><temp name="T924"/></temps><temps name="in"><temp name="T6"/><temp name="T46"/><temp name="T45"/></temps><temps name="out"><temp name="T6"/><temp name="T46"/><temp name="T45"/></temps></instruction><instruction code="INCML T924, 0"><temps name="use"/><temps name="def"><temp name="T924"/></temps><temps name="in"><temp name="T6"/><temp name="T46"/><temp name="T45"/></temps><temps name="out"><temp name="T6"/><temp name="T46"/><temp name="T45"/></temps></instruction><instruction code="INCMH T924, 0"><temps name="use"/><temps name="def"><temp name="T924"/></temps><temps name="in"><temp name="T6"/><temp name="T46"/><temp name="T45"/></temps><temps name="out"><temp name="T6"/><temp name="T46"/><temp name="T45"/></temps></instruction><instruction code="INCH  T924, 0"><temps name="use"/><temps name="def"><temp name="T924"/></temps><temps name="in"><temp name="T6"/><temp name="T46"/><temp name="T45"/></temps><temps name="out"><temp name="T924"/><temp name="T6"/><temp name="T46"/><temp name="T45"/></temps></instruction><instruction code="NEG T924, 0, T924"><temps name="use"><temp name="T924"/></temps><temps name="def"><temp name="T924"/></temps><temps name="in"><temp name="T924"/><temp name="T6"/><temp name="T46"/><temp name="T45"/></temps><temps name="out"><temp name="T924"/><temp name="T6"/><temp name="T46"/><temp name="T45"/></temps></instruction><instruction code="OR T47, T924, 0"><temps name="use"><temp name="T924"/></temps><temps name="def"><temp name="T47"/></temps><temps name="in"><temp name="T924"/><temp name="T6"/><temp name="T46"/><temp name="T45"/></temps><temps name="out"><temp name="T6"/><temp name="T46"/><temp name="T47"/><temp name="T45"/></temps></instruction><instruction code="ADD T925, T46, T47"><temps name="use"><temp name="T46"/><temp name="T47"/></temps><temps name="def"><temp name="T925"/></temps><temps name="in"><temp name="T6"/><temp name="T46"/><temp name="T47"/><temp name="T45"/></temps><temps name="out"><temp name="T6"/><temp name="T925"/><temp name="T45"/></temps></instruction><instruction code="OR T48, T925, 0"><temps name="use"><temp name="T925"/></temps><temps name="def"><temp name="T48"/></temps><temps name="in"><temp name="T6"/><temp name="T925"/><temp name="T45"/></temps><temps name="out"><temp name="T6"/><temp name="T48"/><temp name="T45"/></temps></instruction><instruction code="OR T49, T48, 0"><temps name="use"><temp name="T48"/></temps><temps name="def"><temp name="T49"/></temps><temps name="in"><temp name="T6"/><temp name="T48"/><temp name="T45"/></temps><temps name="out"><temp name="T49"/><temp name="T6"/><temp name="T45"/></temps></instruction><instruction code="STO T45, $254, 8"><temps name="use"><temp name="T45"/></temps><temps name="def"/><temps name="in"><temp name="T49"/><temp name="T6"/><temp name="T45"/></temps><temps name="out"><temp name="T49"/><temp name="T6"/></temps></instruction><instruction code="STO T49, $254, 16"><temps name="use"><temp name="T49"/></temps><temps name="def"/><temps name="in"><temp name="T49"/><temp name="T6"/></temps><temps name="out"><temp name="T6"/></temps></instruction><instruction code="LDA T927, _putInt"><temps name="use"/><temps name="def"><temp name="T927"/></temps><temps name="in"><temp name="T6"/></temps><temps name="out"><temp name="T6"/><temp name="T927"/></temps></instruction><instruction code="PUSHJ $16, T927, 0"><temps name="use"><temp name="T927"/></temps><temps name="def"/><temps name="in"><temp name="T6"/><temp name="T927"/></temps><temps name="out"><temp name="T6"/></temps></instruction><instruction code="LDO T928, $254, 0"><temps name="use"/><temps name="def"><temp name="T928"/></temps><temps name="in"><temp name="T6"/></temps><temps name="out"><temp name="T6"/><temp name="T928"/></temps></instruction><instruction code="OR T50, T928, 0"><temps name="use"><temp name="T928"/></temps><temps name="def"><temp name="T50"/></temps><temps name="in"><temp name="T6"/><temp name="T928"/></temps><temps name="out"><temp name="T6"/></temps></instruction><instruction code="SETL  T929, 0"><temps name="use"/><temps name="def"><temp name="T929"/></temps><temps name="in"><temp name="T6"/></temps><temps name="out"><temp name="T6"/></temps></instruction><instruction code="INCML T929, 0"><temps name="use"/><temps name="def"><temp name="T929"/></temps><temps name="in"><temp name="T6"/></temps><temps name="out"><temp name="T6"/></temps></instruction><instruction code="INCMH T929, 0"><temps name="use"/><temps name="def"><temp name="T929"/></temps><temps name="in"><temp name="T6"/></temps><temps name="out"><temp name="T6"/></temps></instruction><instruction code="INCH  T929, 0"><temps name="use"/><temps name="def"><temp name="T929"/></temps><temps name="in"><temp name="T6"/></temps><temps name="out"><temp name="T929"/><temp name="T6"/></temps></instruction><instruction code="OR T51, T929, 0"><temps name="use"><temp name="T929"/></temps><temps name="def"><temp name="T51"/></temps><temps name="in"><temp name="T929"/><temp name="T6"/></temps><temps name="out"><temp name="T6"/><temp name="T51"/></temps></instruction><instruction code="LDA T930, L6"><temps name="use"/><temps name="def"><temp name="T930"/></temps><temps name="in"><temp name="T6"/><temp name="T51"/></temps><temps name="out"><temp name="T930"/><temp name="T6"/><temp name="T51"/></temps></instruction><instruction code="OR T52, T930, 0"><temps name="use"><temp name="T930"/></temps><temps name="def"><temp name="T52"/></temps><temps name="in"><temp name="T930"/><temp name="T6"/><temp name="T51"/></temps><temps name="out"><temp name="T6"/><temp name="T51"/><temp name="T52"/></temps></instruction><instruction code="STO T51, $254, 8"><temps name="use"><temp name="T51"/></temps><temps name="def"/><temps name="in"><temp name="T6"/><temp name="T51"/><temp name="T52"/></temps><temps name="out"><temp name="T6"/><temp name="T52"/></temps></instruction><instruction code="STO T52, $254, 16"><temps name="use"><temp name="T52"/></temps><temps name="def"/><temps name="in"><temp name="T6"/><temp name="T52"/></temps><temps name="out"><temp name="T6"/></temps></instruction><instruction code="LDA T931, _putString"><temps name="use"/><temps name="def"><temp name="T931"/></temps><temps name="in"><temp name="T6"/></temps><temps name="out"><temp name="T6"/><temp name="T931"/></temps></instruction><instruction code="PUSHJ $16, T931, 0"><temps name="use"><temp name="T931"/></temps><temps name="def"/><temps name="in"><temp name="T6"/><temp name="T931"/></temps><temps name="out"><temp name="T6"/></temps></instruction><instruction code="LDO T932, $254, 0"><temps name="use"/><temps name="def"><temp name="T932"/></temps><temps name="in"><temp name="T6"/></temps><temps name="out"><temp name="T6"/><temp name="T932"/></temps></instruction><instruction code="OR T53, T932, 0"><temps name="use"><temp name="T932"/></temps><temps name="def"><temp name="T53"/></temps><temps name="in"><temp name="T6"/><temp name="T932"/></temps><temps name="out"><temp name="T6"/></temps></instruction><instruction code="SETL  T933, 0"><temps name="use"/><temps name="def"><temp name="T933"/></temps><temps name="in"><temp name="T6"/></temps><temps name="out"><temp name="T6"/></temps></instruction><instruction code="INCML T933, 0"><temps name="use"/><temps name="def"><temp name="T933"/></temps><temps name="in"><temp name="T6"/></temps><temps name="out"><temp name="T6"/></temps></instruction><instruction code="INCMH T933, 0"><temps name="use"/><temps name="def"><temp name="T933"/></temps><temps name="in"><temp name="T6"/></temps><temps name="out"><temp name="T6"/></temps></instruction><instruction code="INCH  T933, 0"><temps name="use"/><temps name="def"><temp name="T933"/></temps><temps name="in"><temp name="T6"/></temps><temps name="out"><temp name="T6"/><temp name="T933"/></temps></instruction><instruction code="OR T54, T933, 0"><temps name="use"><temp name="T933"/></temps><temps name="def"><temp name="T54"/></temps><temps name="in"><temp name="T6"/><temp name="T933"/></temps><temps name="out"><temp name="T6"/><temp name="T54"/></temps></instruction><instruction code="SETL  T934, 0"><temps name="use"/><temps name="def"><temp name="T934"/></temps><temps name="in"><temp name="T6"/><temp name="T54"/></temps><temps name="out"><temp name="T6"/><temp name="T54"/></temps></instruction><instruction code="INCML T934, 0"><temps name="use"/><temps name="def"><temp name="T934"/></temps><temps name="in"><temp name="T6"/><temp name="T54"/></temps><temps name="out"><temp name="T6"/><temp name="T54"/></temps></instruction><instruction code="INCMH T934, 0"><temps name="use"/><temps name="def"><temp name="T934"/></temps><temps name="in"><temp name="T6"/><temp name="T54"/></temps><temps name="out"><temp name="T6"/><temp name="T54"/></temps></instruction><instruction code="INCH  T934, 0"><temps name="use"/><temps name="def"><temp name="T934"/></temps><temps name="in"><temp name="T6"/><temp name="T54"/></temps><temps name="out"><temp name="T6"/><temp name="T54"/><temp name="T934"/></temps></instruction><instruction code="OR T55, T934, 0"><temps name="use"><temp name="T934"/></temps><temps name="def"><temp name="T55"/></temps><temps name="in"><temp name="T6"/><temp name="T54"/><temp name="T934"/></temps><temps name="out"><temp name="T6"/><temp name="T55"/><temp name="T54"/></temps></instruction><instruction code="OR T56, T6, 0"><temps name="use"><temp name="T6"/></temps><temps name="def"><temp name="T56"/></temps><temps name="in"><temp name="T6"/><temp name="T55"/><temp name="T54"/></temps><temps name="out"><temp name="T55"/><temp name="T6"/><temp name="T54"/><temp name="T56"/></temps></instruction><instruction code="SETL  T935, 8"><temps name="use"/><temps name="def"><temp name="T935"/></temps><temps name="in"><temp name="T55"/><temp name="T6"/><temp name="T54"/><temp name="T56"/></temps><temps name="out"><temp name="T55"/><temp name="T6"/><temp name="T54"/><temp name="T56"/></temps></instruction><instruction code="INCML T935, 0"><temps name="use"/><temps name="def"><temp name="T935"/></temps><temps name="in"><temp name="T55"/><temp name="T6"/><temp name="T54"/><temp name="T56"/></temps><temps name="out"><temp name="T55"/><temp name="T6"/><temp name="T54"/><temp name="T56"/></temps></instruction><instruction code="INCMH T935, 0"><temps name="use"/><temps name="def"><temp name="T935"/></temps><temps name="in"><temp name="T55"/><temp name="T6"/><temp name="T54"/><temp name="T56"/></temps><temps name="out"><temp name="T55"/><temp name="T6"/><temp name="T54"/><temp name="T56"/></temps></instruction><instruction code="INCH  T935, 0"><temps name="use"/><temps name="def"><temp name="T935"/></temps><temps name="in"><temp name="T55"/><temp name="T6"/><temp name="T54"/><temp name="T56"/></temps><temps name="out"><temp name="T55"/><temp name="T6"/><temp name="T54"/><temp name="T56"/><temp name="T935"/></temps></instruction><instruction code="NEG T935, 0, T935"><temps name="use"><temp name="T935"/></temps><temps name="def"><temp name="T935"/></temps><temps name="in"><temp name="T55"/><temp name="T6"/><temp name="T54"/><temp name="T56"/><temp name="T935"/></temps><temps name="out"><temp name="T55"/><temp name="T6"/><temp name="T54"/><temp name="T56"/><temp name="T935"/></temps></instruction><instruction code="OR T57, T935, 0"><temps name="use"><temp name="T935"/></temps><temps name="def"><temp name="T57"/></temps><temps name="in"><temp name="T55"/><temp name="T6"/><temp name="T54"/><temp name="T56"/><temp name="T935"/></temps><temps name="out"><temp name="T55"/><temp name="T6"/><temp name="T54"/><temp name="T57"/><temp name="T56"/></temps></instruction><instruction code="ADD T936, T56, T57"><temps name="use"><temp name="T56"/><temp name="T57"/></temps><temps name="def"><temp name="T936"/></temps><temps name="in"><temp name="T55"/><temp name="T6"/><temp name="T54"/><temp name="T57"/><temp name="T56"/></temps><temps name="out"><temp name="T55"/><temp name="T6"/><temp name="T54"/><temp name="T936"/></temps></instruction><instruction code="OR T58, T936, 0"><temps name="use"><temp name="T936"/></temps><temps name="def"><temp name="T58"/></temps><temps name="in"><temp name="T55"/><temp name="T6"/><temp name="T54"/><temp name="T936"/></temps><temps name="out"><temp name="T58"/><temp name="T55"/><temp name="T6"/><temp name="T54"/></temps></instruction><instruction code="OR T59, T58, 0"><temps name="use"><temp name="T58"/></temps><temps name="def"><temp name="T59"/></temps><temps name="in"><temp name="T58"/><temp name="T55"/><temp name="T6"/><temp name="T54"/></temps><temps name="out"><temp name="T55"/><temp name="T6"/><temp name="T54"/><temp name="T59"/></temps></instruction><instruction code="STO T55, $254, 8"><temps name="use"><temp name="T55"/></temps><temps name="def"/><temps name="in"><temp name="T55"/><temp name="T6"/><temp name="T54"/><temp name="T59"/></temps><temps name="out"><temp name="T6"/><temp name="T54"/><temp name="T59"/></temps></instruction><instruction code="STO T59, $254, 16"><temps name="use"><temp name="T59"/></temps><temps name="def"/><temps name="in"><temp name="T6"/><temp name="T54"/><temp name="T59"/></temps><temps name="out"><temp name="T6"/><temp name="T54"/></temps></instruction><instruction code="LDA T938, _facItr"><temps name="use"/><temps name="def"><temp name="T938"/></temps><temps name="in"><temp name="T6"/><temp name="T54"/></temps><temps name="out"><temp name="T6"/><temp name="T54"/><temp name="T938"/></temps></instruction><instruction code="PUSHJ $16, T938, 0"><temps name="use"><temp name="T938"/></temps><temps name="def"/><temps name="in"><temp name="T6"/><temp name="T54"/><temp name="T938"/></temps><temps name="out"><temp name="T6"/><temp name="T54"/></temps></instruction><instruction code="LDO T939, $254, 0"><temps name="use"/><temps name="def"><temp name="T939"/></temps><temps name="in"><temp name="T6"/><temp name="T54"/></temps><temps name="out"><temp name="T6"/><temp name="T939"/><temp name="T54"/></temps></instruction><instruction code="OR T60, T939, 0"><temps name="use"><temp name="T939"/></temps><temps name="def"><temp name="T60"/></temps><temps name="in"><temp name="T6"/><temp name="T939"/><temp name="T54"/></temps><temps name="out"><temp name="T6"/><temp name="T54"/><temp name="T60"/></temps></instruction><instruction code="STO T54, $254, 8"><temps name="use"><temp name="T54"/></temps><temps name="def"/><temps name="in"><temp name="T6"/><temp name="T54"/><temp name="T60"/></temps><temps name="out"><temp name="T6"/><temp name="T60"/></temps></instruction><instruction code="STO T60, $254, 16"><temps name="use"><temp name="T60"/></temps><temps name="def"/><temps name="in"><temp name="T6"/><temp name="T60"/></temps><temps name="out"><temp name="T6"/></temps></instruction><instruction code="LDA T940, _putInt"><temps name="use"/><temps name="def"><temp name="T940"/></temps><temps name="in"><temp name="T6"/></temps><temps name="out"><temp name="T6"/><temp name="T940"/></temps></instruction><instruction code="PUSHJ $16, T940, 0"><temps name="use"><temp name="T940"/></temps><temps name="def"/><temps name="in"><temp name="T6"/><temp name="T940"/></temps><temps name="out"><temp name="T6"/></temps></instruction><instruction code="LDO T941, $254, 0"><temps name="use"/><temps name="def"><temp name="T941"/></temps><temps name="in"><temp name="T6"/></temps><temps name="out"><temp name="T6"/><temp name="T941"/></temps></instruction><instruction code="OR T61, T941, 0"><temps name="use"><temp name="T941"/></temps><temps name="def"><temp name="T61"/></temps><temps name="in"><temp name="T6"/><temp name="T941"/></temps><temps name="out"><temp name="T6"/></temps></instruction><instruction code="SETL  T942, 0"><temps name="use"/><temps name="def"><temp name="T942"/></temps><temps name="in"><temp name="T6"/></temps><temps name="out"><temp name="T6"/></temps></instruction><instruction code="INCML T942, 0"><temps name="use"/><temps name="def"><temp name="T942"/></temps><temps name="in"><temp name="T6"/></temps><temps name="out"><temp name="T6"/></temps></instruction><instruction code="INCMH T942, 0"><temps name="use"/><temps name="def"><temp name="T942"/></temps><temps name="in"><temp name="T6"/></temps><temps name="out"><temp name="T6"/></temps></instruction><instruction code="INCH  T942, 0"><temps name="use"/><temps name="def"><temp name="T942"/></temps><temps name="in"><temp name="T6"/></temps><temps name="out"><temp name="T942"/><temp name="T6"/></temps></instruction><instruction code="OR T62, T942, 0"><temps name="use"><temp name="T942"/></temps><temps name="def"><temp name="T62"/></temps><temps name="in"><temp name="T942"/><temp name="T6"/></temps><temps name="out"><temp name="T6"/><temp name="T62"/></temps></instruction><instruction code="SETL  T943, 10"><temps name="use"/><temps name="def"><temp name="T943"/></temps><temps name="in"><temp name="T6"/><temp name="T62"/></temps><temps name="out"><temp name="T6"/><temp name="T62"/></temps></instruction><instruction code="INCML T943, 0"><temps name="use"/><temps name="def"><temp name="T943"/></temps><temps name="in"><temp name="T6"/><temp name="T62"/></temps><temps name="out"><temp name="T6"/><temp name="T62"/></temps></instruction><instruction code="INCMH T943, 0"><temps name="use"/><temps name="def"><temp name="T943"/></temps><temps name="in"><temp name="T6"/><temp name="T62"/></temps><temps name="out"><temp name="T6"/><temp name="T62"/></temps></instruction><instruction code="INCH  T943, 0"><temps name="use"/><temps name="def"><temp name="T943"/></temps><temps name="in"><temp name="T6"/><temp name="T62"/></temps><temps name="out"><temp name="T943"/><temp name="T6"/><temp name="T62"/></temps></instruction><instruction code="OR T63, T943, 0"><temps name="use"><temp name="T943"/></temps><temps name="def"><temp name="T63"/></temps><temps name="in"><temp name="T943"/><temp name="T6"/><temp name="T62"/></temps><temps name="out"><temp name="T6"/><temp name="T63"/><temp name="T62"/></temps></instruction><instruction code="SETL  T944, 256"><temps name="use"/><temps name="def"><temp name="T944"/></temps><temps name="in"><temp name="T6"/><temp name="T63"/><temp name="T62"/></temps><temps name="out"><temp name="T6"/><temp name="T63"/><temp name="T62"/></temps></instruction><instruction code="INCML T944, 0"><temps name="use"/><temps name="def"><temp name="T944"/></temps><temps name="in"><temp name="T6"/><temp name="T63"/><temp name="T62"/></temps><temps name="out"><temp name="T6"/><temp name="T63"/><temp name="T62"/></temps></instruction><instruction code="INCMH T944, 0"><temps name="use"/><temps name="def"><temp name="T944"/></temps><temps name="in"><temp name="T6"/><temp name="T63"/><temp name="T62"/></temps><temps name="out"><temp name="T6"/><temp name="T63"/><temp name="T62"/></temps></instruction><instruction code="INCH  T944, 0"><temps name="use"/><temps name="def"><temp name="T944"/></temps><temps name="in"><temp name="T6"/><temp name="T63"/><temp name="T62"/></temps><temps name="out"><temp name="T6"/><temp name="T63"/><temp name="T62"/><temp name="T944"/></temps></instruction><instruction code="OR T64, T944, 0"><temps name="use"><temp name="T944"/></temps><temps name="def"><temp name="T64"/></temps><temps name="in"><temp name="T6"/><temp name="T63"/><temp name="T62"/><temp name="T944"/></temps><temps name="out"><temp name="T6"/><temp name="T64"/><temp name="T63"/><temp name="T62"/></temps></instruction><instruction code="DIV T945, T63, T64"><temps name="use"><temp name="T63"/><temp name="T64"/></temps><temps name="def"><temp name="T945"/></temps><temps name="in"><temp name="T6"/><temp name="T64"/><temp name="T63"/><temp name="T62"/></temps><temps name="out"><temp name="T6"/><temp name="T62"/></temps></instruction><instruction code="OR T945, rR, 0"><temps name="use"/><temps name="def"><temp name="T945"/></temps><temps name="in"><temp name="T6"/><temp name="T62"/></temps><temps name="out"><temp name="T6"/><temp name="T945"/><temp name="T62"/></temps></instruction><instruction code="OR T65, T945, 0"><temps name="use"><temp name="T945"/></temps><temps name="def"><temp name="T65"/></temps><temps name="in"><temp name="T6"/><temp name="T945"/><temp name="T62"/></temps><temps name="out"><temp name="T6"/><temp name="T65"/><temp name="T62"/></temps></instruction><instruction code="STO T62, $254, 8"><temps name="use"><temp name="T62"/></temps><temps name="def"/><temps name="in"><temp name="T6"/><temp name="T65"/><temp name="T62"/></temps><temps name="out"><temp name="T6"/><temp name="T65"/></temps></instruction><instruction code="STO T65, $254, 16"><temps name="use"><temp name="T65"/></temps><temps name="def"/><temps name="in"><temp name="T6"/><temp name="T65"/></temps><temps name="out"><temp name="T6"/></temps></instruction><instruction code="LDA T946, _putChar"><temps name="use"/><temps name="def"><temp name="T946"/></temps><temps name="in"><temp name="T6"/></temps><temps name="out"><temp name="T6"/><temp name="T946"/></temps></instruction><instruction code="PUSHJ $16, T946, 0"><temps name="use"><temp name="T946"/></temps><temps name="def"/><temps name="in"><temp name="T6"/><temp name="T946"/></temps><temps name="out"><temp name="T6"/></temps></instruction><instruction code="LDO T947, $254, 0"><temps name="use"/><temps name="def"><temp name="T947"/></temps><temps name="in"><temp name="T6"/></temps><temps name="out"><temp name="T947"/><temp name="T6"/></temps></instruction><instruction code="OR T66, T947, 0"><temps name="use"><temp name="T947"/></temps><temps name="def"><temp name="T66"/></temps><temps name="in"><temp name="T947"/><temp name="T6"/></temps><temps name="out"><temp name="T6"/></temps></instruction><instruction code="OR T67, T6, 0"><temps name="use"><temp name="T6"/></temps><temps name="def"><temp name="T67"/></temps><temps name="in"><temp name="T6"/></temps><temps name="out"><temp name="T6"/><temp name="T67"/></temps></instruction><instruction code="SETL  T948, 8"><temps name="use"/><temps name="def"><temp name="T948"/></temps><temps name="in"><temp name="T6"/><temp name="T67"/></temps><temps name="out"><temp name="T6"/><temp name="T67"/></temps></instruction><instruction code="INCML T948, 0"><temps name="use"/><temps name="def"><temp name="T948"/></temps><temps name="in"><temp name="T6"/><temp name="T67"/></temps><temps name="out"><temp name="T6"/><temp name="T67"/></temps></instruction><instruction code="INCMH T948, 0"><temps name="use"/><temps name="def"><temp name="T948"/></temps><temps name="in"><temp name="T6"/><temp name="T67"/></temps><temps name="out"><temp name="T6"/><temp name="T67"/></temps></instruction><instruction code="INCH  T948, 0"><temps name="use"/><temps name="def"><temp name="T948"/></temps><temps name="in"><temp name="T6"/><temp name="T67"/></temps><temps name="out"><temp name="T6"/><temp name="T948"/><temp name="T67"/></temps></instruction><instruction code="NEG T948, 0, T948"><temps name="use"><temp name="T948"/></temps><temps name="def"><temp name="T948"/></temps><temps name="in"><temp name="T6"/><temp name="T948"/><temp name="T67"/></temps><temps name="out"><temp name="T6"/><temp name="T948"/><temp name="T67"/></temps></instruction><instruction code="OR T68, T948, 0"><temps name="use"><temp name="T948"/></temps><temps name="def"><temp name="T68"/></temps><temps name="in"><temp name="T6"/><temp name="T948"/><temp name="T67"/></temps><temps name="out"><temp name="T6"/><temp name="T68"/><temp name="T67"/></temps></instruction><instruction code="ADD T949, T67, T68"><temps name="use"><temp name="T67"/><temp name="T68"/></temps><temps name="def"><temp name="T949"/></temps><temps name="in"><temp name="T6"/><temp name="T68"/><temp name="T67"/></temps><temps name="out"><temp name="T949"/><temp name="T6"/></temps></instruction><instruction code="OR T69, T949, 0"><temps name="use"><temp name="T949"/></temps><temps name="def"><temp name="T69"/></temps><temps name="in"><temp name="T949"/><temp name="T6"/></temps><temps name="out"><temp name="T6"/><temp name="T69"/></temps></instruction><instruction code="OR T70, T69, 0"><temps name="use"><temp name="T69"/></temps><temps name="def"><temp name="T70"/></temps><temps name="in"><temp name="T6"/><temp name="T69"/></temps><temps name="out"><temp name="T70"/><temp name="T6"/></temps></instruction><instruction code="SETL  T951, 1"><temps name="use"/><temps name="def"><temp name="T951"/></temps><temps name="in"><temp name="T70"/><temp name="T6"/></temps><temps name="out"><temp name="T70"/><temp name="T6"/></temps></instruction><instruction code="INCML T951, 0"><temps name="use"/><temps name="def"><temp name="T951"/></temps><temps name="in"><temp name="T70"/><temp name="T6"/></temps><temps name="out"><temp name="T70"/><temp name="T6"/></temps></instruction><instruction code="INCMH T951, 0"><temps name="use"/><temps name="def"><temp name="T951"/></temps><temps name="in"><temp name="T70"/><temp name="T6"/></temps><temps name="out"><temp name="T70"/><temp name="T6"/></temps></instruction><instruction code="INCH  T951, 0"><temps name="use"/><temps name="def"><temp name="T951"/></temps><temps name="in"><temp name="T70"/><temp name="T6"/></temps><temps name="out"><temp name="T70"/><temp name="T6"/><temp name="T951"/></temps></instruction><instruction code="OR T71, T951, 0"><temps name="use"><temp name="T951"/></temps><temps name="def"><temp name="T71"/></temps><temps name="in"><temp name="T70"/><temp name="T6"/><temp name="T951"/></temps><temps name="out"><temp name="T70"/><temp name="T6"/><temp name="T71"/></temps></instruction><instruction code="ADD T952, T70, T71"><temps name="use"><temp name="T70"/><temp name="T71"/></temps><temps name="def"><temp name="T952"/></temps><temps name="in"><temp name="T70"/><temp name="T6"/><temp name="T71"/></temps><temps name="out"><temp name="T6"/><temp name="T952"/></temps></instruction><instruction code="OR T72, T952, 0"><temps name="use"><temp name="T952"/></temps><temps name="def"><temp name="T72"/></temps><temps name="in"><temp name="T6"/><temp name="T952"/></temps><temps name="out"><temp name="T6"/><temp name="T72"/></temps></instruction><instruction code="SETL  T953, 8"><temps name="use"/><temps name="def"><temp name="T953"/></temps><temps name="in"><temp name="T6"/><temp name="T72"/></temps><temps name="out"><temp name="T6"/><temp name="T72"/></temps></instruction><instruction code="INCML T953, 0"><temps name="use"/><temps name="def"><temp name="T953"/></temps><temps name="in"><temp name="T6"/><temp name="T72"/></temps><temps name="out"><temp name="T6"/><temp name="T72"/></temps></instruction><instruction code="INCMH T953, 0"><temps name="use"/><temps name="def"><temp name="T953"/></temps><temps name="in"><temp name="T6"/><temp name="T72"/></temps><temps name="out"><temp name="T6"/><temp name="T72"/></temps></instruction><instruction code="INCH  T953, 0"><temps name="use"/><temps name="def"><temp name="T953"/></temps><temps name="in"><temp name="T6"/><temp name="T72"/></temps><temps name="out"><temp name="T953"/><temp name="T6"/><temp name="T72"/></temps></instruction><instruction code="NEG T953, 0, T953"><temps name="use"><temp name="T953"/></temps><temps name="def"><temp name="T953"/></temps><temps name="in"><temp name="T953"/><temp name="T6"/><temp name="T72"/></temps><temps name="out"><temp name="T953"/><temp name="T6"/><temp name="T72"/></temps></instruction><instruction code="ADD T954, T6, T953"><temps name="use"><temp name="T6"/><temp name="T953"/></temps><temps name="def"><temp name="T954"/></temps><temps name="in"><temp name="T953"/><temp name="T6"/><temp name="T72"/></temps><temps name="out"><temp name="T6"/><temp name="T954"/><temp name="T72"/></temps></instruction><instruction code="STO T954, T72, 0"><temps name="use"><temp name="T954"/><temp name="T72"/></temps><temps name="def"/><temps name="in"><temp name="T6"/><temp name="T954"/><temp name="T72"/></temps><temps name="out"><temp name="T6"/></temps></instruction><instruction code="LDA T956, L7"><temps name="use"/><temps name="def"><temp name="T956"/></temps><temps name="in"><temp name="T6"/></temps><temps name="out"><temp name="T6"/><temp name="T956"/></temps></instruction><instruction code="GO T956, T956, 0"><temps name="use"><temp name="T956"/></temps><temps name="def"><temp name="T956"/></temps><temps name="in"><temp name="T6"/><temp name="T956"/></temps><temps name="out"><temp name="T6"/></temps></instruction><instruction code="L9"><temps name="use"/><temps name="def"/><temps name="in"><temp name="T6"/></temps><temps name="out"><temp name="T6"/></temps></instruction><instruction code="SETL  T957, 0"><temps name="use"/><temps name="def"><temp name="T957"/></temps><temps name="in"><temp name="T6"/></temps><temps name="out"><temp name="T6"/></temps></instruction><instruction code="INCML T957, 0"><temps name="use"/><temps name="def"><temp name="T957"/></temps><temps name="in"><temp name="T6"/></temps><temps name="out"><temp name="T6"/></temps></instruction><instruction code="INCMH T957, 0"><temps name="use"/><temps name="def"><temp name="T957"/></temps><temps name="in"><temp name="T6"/></temps><temps name="out"><temp name="T6"/></temps></instruction><instruction code="INCH  T957, 0"><temps name="use"/><temps name="def"><temp name="T957"/></temps><temps name="in"><temp name="T6"/></temps><temps name="out"><temp name="T6"/><temp name="T957"/></temps></instruction><instruction code="OR T73, T957, 0"><temps name="use"><temp name="T957"/></temps><temps name="def"><temp name="T73"/></temps><temps name="in"><temp name="T6"/><temp name="T957"/></temps><temps name="out"><temp name="T6"/><temp name="T73"/></temps></instruction><instruction code="LDA T958, L10"><temps name="use"/><temps name="def"><temp name="T958"/></temps><temps name="in"><temp name="T6"/><temp name="T73"/></temps><temps name="out"><temp name="T958"/><temp name="T6"/><temp name="T73"/></temps></instruction><instruction code="OR T74, T958, 0"><temps name="use"><temp name="T958"/></temps><temps name="def"><temp name="T74"/></temps><temps name="in"><temp name="T958"/><temp name="T6"/><temp name="T73"/></temps><temps name="out"><temp name="T74"/><temp name="T6"/><temp name="T73"/></temps></instruction><instruction code="STO T73, $254, 8"><temps name="use"><temp name="T73"/></temps><temps name="def"/><temps name="in"><temp name="T74"/><temp name="T6"/><temp name="T73"/></temps><temps name="out"><temp name="T74"/><temp name="T6"/></temps></instruction><instruction code="STO T74, $254, 16"><temps name="use"><temp name="T74"/></temps><temps name="def"/><temps name="in"><temp name="T74"/><temp name="T6"/></temps><temps name="out"><temp name="T6"/></temps></instruction><instruction code="LDA T959, _putString"><temps name="use"/><temps name="def"><temp name="T959"/></temps><temps name="in"><temp name="T6"/></temps><temps name="out"><temp name="T959"/><temp name="T6"/></temps></instruction><instruction code="PUSHJ $16, T959, 0"><temps name="use"><temp name="T959"/></temps><temps name="def"/><temps name="in"><temp name="T959"/><temp name="T6"/></temps><temps name="out"><temp name="T6"/></temps></instruction><instruction code="LDO T960, $254, 0"><temps name="use"/><temps name="def"><temp name="T960"/></temps><temps name="in"><temp name="T6"/></temps><temps name="out"><temp name="T960"/><temp name="T6"/></temps></instruction><instruction code="OR T75, T960, 0"><temps name="use"><temp name="T960"/></temps><temps name="def"><temp name="T75"/></temps><temps name="in"><temp name="T960"/><temp name="T6"/></temps><temps name="out"><temp name="T6"/></temps></instruction><instruction code="SETL  T961, 0"><temps name="use"/><temps name="def"><temp name="T961"/></temps><temps name="in"><temp name="T6"/></temps><temps name="out"><temp name="T6"/></temps></instruction><instruction code="INCML T961, 0"><temps name="use"/><temps name="def"><temp name="T961"/></temps><temps name="in"><temp name="T6"/></temps><temps name="out"><temp name="T6"/></temps></instruction><instruction code="INCMH T961, 0"><temps name="use"/><temps name="def"><temp name="T961"/></temps><temps name="in"><temp name="T6"/></temps><temps name="out"><temp name="T6"/></temps></instruction><instruction code="INCH  T961, 0"><temps name="use"/><temps name="def"><temp name="T961"/></temps><temps name="in"><temp name="T6"/></temps><temps name="out"><temp name="T6"/><temp name="T961"/></temps></instruction><instruction code="OR T76, T961, 0"><temps name="use"><temp name="T961"/></temps><temps name="def"><temp name="T76"/></temps><temps name="in"><temp name="T6"/><temp name="T961"/></temps><temps name="out"><temp name="T6"/><temp name="T76"/></temps></instruction><instruction code="SETL  T962, 10"><temps name="use"/><temps name="def"><temp name="T962"/></temps><temps name="in"><temp name="T6"/><temp name="T76"/></temps><temps name="out"><temp name="T6"/><temp name="T76"/></temps></instruction><instruction code="INCML T962, 0"><temps name="use"/><temps name="def"><temp name="T962"/></temps><temps name="in"><temp name="T6"/><temp name="T76"/></temps><temps name="out"><temp name="T6"/><temp name="T76"/></temps></instruction><instruction code="INCMH T962, 0"><temps name="use"/><temps name="def"><temp name="T962"/></temps><temps name="in"><temp name="T6"/><temp name="T76"/></temps><temps name="out"><temp name="T6"/><temp name="T76"/></temps></instruction><instruction code="INCH  T962, 0"><temps name="use"/><temps name="def"><temp name="T962"/></temps><temps name="in"><temp name="T6"/><temp name="T76"/></temps><temps name="out"><temp name="T6"/><temp name="T76"/><temp name="T962"/></temps></instruction><instruction code="OR T77, T962, 0"><temps name="use"><temp name="T962"/></temps><temps name="def"><temp name="T77"/></temps><temps name="in"><temp name="T6"/><temp name="T76"/><temp name="T962"/></temps><temps name="out"><temp name="T77"/><temp name="T6"/><temp name="T76"/></temps></instruction><instruction code="SETL  T963, 256"><temps name="use"/><temps name="def"><temp name="T963"/></temps><temps name="in"><temp name="T77"/><temp name="T6"/><temp name="T76"/></temps><temps name="out"><temp name="T77"/><temp name="T6"/><temp name="T76"/></temps></instruction><instruction code="INCML T963, 0"><temps name="use"/><temps name="def"><temp name="T963"/></temps><temps name="in"><temp name="T77"/><temp name="T6"/><temp name="T76"/></temps><temps name="out"><temp name="T77"/><temp name="T6"/><temp name="T76"/></temps></instruction><instruction code="INCMH T963, 0"><temps name="use"/><temps name="def"><temp name="T963"/></temps><temps name="in"><temp name="T77"/><temp name="T6"/><temp name="T76"/></temps><temps name="out"><temp name="T77"/><temp name="T6"/><temp name="T76"/></temps></instruction><instruction code="INCH  T963, 0"><temps name="use"/><temps name="def"><temp name="T963"/></temps><temps name="in"><temp name="T77"/><temp name="T6"/><temp name="T76"/></temps><temps name="out"><temp name="T963"/><temp name="T77"/><temp name="T6"/><temp name="T76"/></temps></instruction><instruction code="OR T78, T963, 0"><temps name="use"><temp name="T963"/></temps><temps name="def"><temp name="T78"/></temps><temps name="in"><temp name="T963"/><temp name="T77"/><temp name="T6"/><temp name="T76"/></temps><temps name="out"><temp name="T77"/><temp name="T78"/><temp name="T6"/><temp name="T76"/></temps></instruction><instruction code="DIV T964, T77, T78"><temps name="use"><temp name="T77"/><temp name="T78"/></temps><temps name="def"><temp name="T964"/></temps><temps name="in"><temp name="T77"/><temp name="T78"/><temp name="T6"/><temp name="T76"/></temps><temps name="out"><temp name="T6"/><temp name="T76"/></temps></instruction><instruction code="OR T964, rR, 0"><temps name="use"/><temps name="def"><temp name="T964"/></temps><temps name="in"><temp name="T6"/><temp name="T76"/></temps><temps name="out"><temp name="T6"/><temp name="T76"/><temp name="T964"/></temps></instruction><instruction code="OR T79, T964, 0"><temps name="use"><temp name="T964"/></temps><temps name="def"><temp name="T79"/></temps><temps name="in"><temp name="T6"/><temp name="T76"/><temp name="T964"/></temps><temps name="out"><temp name="T6"/><temp name="T79"/><temp name="T76"/></temps></instruction><instruction code="STO T76, $254, 8"><temps name="use"><temp name="T76"/></temps><temps name="def"/><temps name="in"><temp name="T6"/><temp name="T79"/><temp name="T76"/></temps><temps name="out"><temp name="T6"/><temp name="T79"/></temps></instruction><instruction code="STO T79, $254, 16"><temps name="use"><temp name="T79"/></temps><temps name="def"/><temps name="in"><temp name="T6"/><temp name="T79"/></temps><temps name="out"><temp name="T6"/></temps></instruction><instruction code="LDA T965, _putChar"><temps name="use"/><temps name="def"><temp name="T965"/></temps><temps name="in"><temp name="T6"/></temps><temps name="out"><temp name="T6"/><temp name="T965"/></temps></instruction><instruction code="PUSHJ $16, T965, 0"><temps name="use"><temp name="T965"/></temps><temps name="def"/><temps name="in"><temp name="T6"/><temp name="T965"/></temps><temps name="out"><temp name="T6"/></temps></instruction><instruction code="LDO T966, $254, 0"><temps name="use"/><temps name="def"><temp name="T966"/></temps><temps name="in"><temp name="T6"/></temps><temps name="out"><temp name="T6"/><temp name="T966"/></temps></instruction><instruction code="OR T80, T966, 0"><temps name="use"><temp name="T966"/></temps><temps name="def"><temp name="T80"/></temps><temps name="in"><temp name="T6"/><temp name="T966"/></temps><temps name="out"><temp name="T6"/></temps></instruction><instruction code="SETL  T967, 1"><temps name="use"/><temps name="def"><temp name="T967"/></temps><temps name="in"><temp name="T6"/></temps><temps name="out"><temp name="T6"/></temps></instruction><instruction code="INCML T967, 0"><temps name="use"/><temps name="def"><temp name="T967"/></temps><temps name="in"><temp name="T6"/></temps><temps name="out"><temp name="T6"/></temps></instruction><instruction code="INCMH T967, 0"><temps name="use"/><temps name="def"><temp name="T967"/></temps><temps name="in"><temp name="T6"/></temps><temps name="out"><temp name="T6"/></temps></instruction><instruction code="INCH  T967, 0"><temps name="use"/><temps name="def"><temp name="T967"/></temps><temps name="in"><temp name="T6"/></temps><temps name="out"><temp name="T6"/><temp name="T967"/></temps></instruction><instruction code="OR T81, T967, 0"><temps name="use"><temp name="T967"/></temps><temps name="def"><temp name="T81"/></temps><temps name="in"><temp name="T6"/><temp name="T967"/></temps><temps name="out"><temp name="T6"/><temp name="T81"/></temps></instruction><instruction code="SETL  T968, 8"><temps name="use"/><temps name="def"><temp name="T968"/></temps><temps name="in"><temp name="T6"/><temp name="T81"/></temps><temps name="out"><temp name="T6"/><temp name="T81"/></temps></instruction><instruction code="INCML T968, 0"><temps name="use"/><temps name="def"><temp name="T968"/></temps><temps name="in"><temp name="T6"/><temp name="T81"/></temps><temps name="out"><temp name="T6"/><temp name="T81"/></temps></instruction><instruction code="INCMH T968, 0"><temps name="use"/><temps name="def"><temp name="T968"/></temps><temps name="in"><temp name="T6"/><temp name="T81"/></temps><temps name="out"><temp name="T6"/><temp name="T81"/></temps></instruction><instruction code="INCH  T968, 0"><temps name="use"/><temps name="def"><temp name="T968"/></temps><temps name="in"><temp name="T6"/><temp name="T81"/></temps><temps name="out"><temp name="T6"/><temp name="T81"/><temp name="T968"/></temps></instruction><instruction code="NEG T968, 0, T968"><temps name="use"><temp name="T968"/></temps><temps name="def"><temp name="T968"/></temps><temps name="in"><temp name="T6"/><temp name="T81"/><temp name="T968"/></temps><temps name="out"><temp name="T6"/><temp name="T81"/><temp name="T968"/></temps></instruction><instruction code="ADD T969, T6, T968"><temps name="use"><temp name="T6"/><temp name="T968"/></temps><temps name="def"><temp name="T969"/></temps><temps name="in"><temp name="T6"/><temp name="T81"/><temp name="T968"/></temps><temps name="out"><temp name="T969"/><temp name="T6"/><temp name="T81"/></temps></instruction><instruction code="STO T969, T81, 0"><temps name="use"><temp name="T969"/><temp name="T81"/></temps><temps name="def"/><temps name="in"><temp name="T969"/><temp name="T6"/><temp name="T81"/></temps><temps name="out"><temp name="T6"/></temps></instruction><instruction code="L12"><temps name="use"/><temps name="def"/><temps name="in"><temp name="T6"/></temps><temps name="out"><temp name="T6"/></temps></instruction><instruction code="OR T82, T6, 0"><temps name="use"><temp name="T6"/></temps><temps name="def"><temp name="T82"/></temps><temps name="in"><temp name="T6"/></temps><temps name="out"><temp name="T6"/><temp name="T82"/></temps></instruction><instruction code="SETL  T971, 8"><temps name="use"/><temps name="def"><temp name="T971"/></temps><temps name="in"><temp name="T6"/><temp name="T82"/></temps><temps name="out"><temp name="T6"/><temp name="T82"/></temps></instruction><instruction code="INCML T971, 0"><temps name="use"/><temps name="def"><temp name="T971"/></temps><temps name="in"><temp name="T6"/><temp name="T82"/></temps><temps name="out"><temp name="T6"/><temp name="T82"/></temps></instruction><instruction code="INCMH T971, 0"><temps name="use"/><temps name="def"><temp name="T971"/></temps><temps name="in"><temp name="T6"/><temp name="T82"/></temps><temps name="out"><temp name="T6"/><temp name="T82"/></temps></instruction><instruction code="INCH  T971, 0"><temps name="use"/><temps name="def"><temp name="T971"/></temps><temps name="in"><temp name="T6"/><temp name="T82"/></temps><temps name="out"><temp name="T6"/><temp name="T971"/><temp name="T82"/></temps></instruction><instruction code="NEG T971, 0, T971"><temps name="use"><temp name="T971"/></temps><temps name="def"><temp name="T971"/></temps><temps name="in"><temp name="T6"/><temp name="T971"/><temp name="T82"/></temps><temps name="out"><temp name="T6"/><temp name="T971"/><temp name="T82"/></temps></instruction><instruction code="OR T83, T971, 0"><temps name="use"><temp name="T971"/></temps><temps name="def"><temp name="T83"/></temps><temps name="in"><temp name="T6"/><temp name="T971"/><temp name="T82"/></temps><temps name="out"><temp name="T6"/><temp name="T83"/><temp name="T82"/></temps></instruction><instruction code="ADD T972, T82, T83"><temps name="use"><temp name="T82"/><temp name="T83"/></temps><temps name="def"><temp name="T972"/></temps><temps name="in"><temp name="T6"/><temp name="T83"/><temp name="T82"/></temps><temps name="out"><temp name="T6"/><temp name="T972"/></temps></instruction><instruction code="OR T84, T972, 0"><temps name="use"><temp name="T972"/></temps><temps name="def"><temp name="T84"/></temps><temps name="in"><temp name="T6"/><temp name="T972"/></temps><temps name="out"><temp name="T84"/><temp name="T6"/></temps></instruction><instruction code="OR T85, T84, 0"><temps name="use"><temp name="T84"/></temps><temps name="def"><temp name="T85"/></temps><temps name="in"><temp name="T84"/><temp name="T6"/></temps><temps name="out"><temp name="T6"/><temp name="T85"/></temps></instruction><instruction code="SETL  T974, 10"><temps name="use"/><temps name="def"><temp name="T974"/></temps><temps name="in"><temp name="T6"/><temp name="T85"/></temps><temps name="out"><temp name="T6"/><temp name="T85"/></temps></instruction><instruction code="INCML T974, 0"><temps name="use"/><temps name="def"><temp name="T974"/></temps><temps name="in"><temp name="T6"/><temp name="T85"/></temps><temps name="out"><temp name="T6"/><temp name="T85"/></temps></instruction><instruction code="INCMH T974, 0"><temps name="use"/><temps name="def"><temp name="T974"/></temps><temps name="in"><temp name="T6"/><temp name="T85"/></temps><temps name="out"><temp name="T6"/><temp name="T85"/></temps></instruction><instruction code="INCH  T974, 0"><temps name="use"/><temps name="def"><temp name="T974"/></temps><temps name="in"><temp name="T6"/><temp name="T85"/></temps><temps name="out"><temp name="T974"/><temp name="T6"/><temp name="T85"/></temps></instruction><instruction code="OR T86, T974, 0"><temps name="use"><temp name="T974"/></temps><temps name="def"><temp name="T86"/></temps><temps name="in"><temp name="T974"/><temp name="T6"/><temp name="T85"/></temps><temps name="out"><temp name="T6"/><temp name="T86"/><temp name="T85"/></temps></instruction><instruction code="CMP T975, T85, T86"><temps name="use"><temp name="T85"/><temp name="T86"/></temps><temps name="def"><temp name="T975"/></temps><temps name="in"><temp name="T6"/><temp name="T86"/><temp name="T85"/></temps><temps name="out"><temp name="T6"/><temp name="T975"/></temps></instruction><instruction code="ZSNP T975, T975, 1"><temps name="use"><temp name="T975"/></temps><temps name="def"><temp name="T975"/></temps><temps name="in"><temp name="T6"/><temp name="T975"/></temps><temps name="out"><temp name="T6"/><temp name="T975"/></temps></instruction><instruction code="OR T87, T975, 0"><temps name="use"><temp name="T975"/></temps><temps name="def"><temp name="T87"/></temps><temps name="in"><temp name="T6"/><temp name="T975"/></temps><temps name="out"><temp name="T6"/><temp name="T87"/></temps></instruction><instruction code="BNZ T87, L13"><temps name="use"><temp name="T87"/></temps><temps name="def"/><temps name="in"><temp name="T6"/><temp name="T87"/></temps><temps name="out"><temp name="T6"/></temps></instruction><instruction code="L106"><temps name="use"/><temps name="def"/><temps name="in"><temp name="T6"/></temps><temps name="out"><temp name="T6"/></temps></instruction><instruction code="LDA T976, L14"><temps name="use"/><temps name="def"><temp name="T976"/></temps><temps name="in"><temp name="T6"/></temps><temps name="out"><temp name="T6"/><temp name="T976"/></temps></instruction><instruction code="GO T976, T976, 0"><temps name="use"><temp name="T976"/></temps><temps name="def"><temp name="T976"/></temps><temps name="in"><temp name="T6"/><temp name="T976"/></temps><temps name="out"><temp name="T6"/></temps></instruction><instruction code="L13"><temps name="use"/><temps name="def"/><temps name="in"><temp name="T6"/></temps><temps name="out"><temp name="T6"/></temps></instruction><instruction code="SETL  T977, 0"><temps name="use"/><temps name="def"><temp name="T977"/></temps><temps name="in"><temp name="T6"/></temps><temps name="out"><temp name="T6"/></temps></instruction><instruction code="INCML T977, 0"><temps name="use"/><temps name="def"><temp name="T977"/></temps><temps name="in"><temp name="T6"/></temps><temps name="out"><temp name="T6"/></temps></instruction><instruction code="INCMH T977, 0"><temps name="use"/><temps name="def"><temp name="T977"/></temps><temps name="in"><temp name="T6"/></temps><temps name="out"><temp name="T6"/></temps></instruction><instruction code="INCH  T977, 0"><temps name="use"/><temps name="def"><temp name="T977"/></temps><temps name="in"><temp name="T6"/></temps><temps name="out"><temp name="T6"/><temp name="T977"/></temps></instruction><instruction code="OR T88, T977, 0"><temps name="use"><temp name="T977"/></temps><temps name="def"><temp name="T88"/></temps><temps name="in"><temp name="T6"/><temp name="T977"/></temps><temps name="out"><temp name="T6"/><temp name="T88"/></temps></instruction><instruction code="OR T89, T6, 0"><temps name="use"><temp name="T6"/></temps><temps name="def"><temp name="T89"/></temps><temps name="in"><temp name="T6"/><temp name="T88"/></temps><temps name="out"><temp name="T6"/><temp name="T89"/><temp name="T88"/></temps></instruction><instruction code="SETL  T978, 8"><temps name="use"/><temps name="def"><temp name="T978"/></temps><temps name="in"><temp name="T6"/><temp name="T89"/><temp name="T88"/></temps><temps name="out"><temp name="T6"/><temp name="T89"/><temp name="T88"/></temps></instruction><instruction code="INCML T978, 0"><temps name="use"/><temps name="def"><temp name="T978"/></temps><temps name="in"><temp name="T6"/><temp name="T89"/><temp name="T88"/></temps><temps name="out"><temp name="T6"/><temp name="T89"/><temp name="T88"/></temps></instruction><instruction code="INCMH T978, 0"><temps name="use"/><temps name="def"><temp name="T978"/></temps><temps name="in"><temp name="T6"/><temp name="T89"/><temp name="T88"/></temps><temps name="out"><temp name="T6"/><temp name="T89"/><temp name="T88"/></temps></instruction><instruction code="INCH  T978, 0"><temps name="use"/><temps name="def"><temp name="T978"/></temps><temps name="in"><temp name="T6"/><temp name="T89"/><temp name="T88"/></temps><temps name="out"><temp name="T6"/><temp name="T978"/><temp name="T89"/><temp name="T88"/></temps></instruction><instruction code="NEG T978, 0, T978"><temps name="use"><temp name="T978"/></temps><temps name="def"><temp name="T978"/></temps><temps name="in"><temp name="T6"/><temp name="T978"/><temp name="T89"/><temp name="T88"/></temps><temps name="out"><temp name="T6"/><temp name="T978"/><temp name="T89"/><temp name="T88"/></temps></instruction><instruction code="OR T90, T978, 0"><temps name="use"><temp name="T978"/></temps><temps name="def"><temp name="T90"/></temps><temps name="in"><temp name="T6"/><temp name="T978"/><temp name="T89"/><temp name="T88"/></temps><temps name="out"><temp name="T90"/><temp name="T6"/><temp name="T89"/><temp name="T88"/></temps></instruction><instruction code="ADD T979, T89, T90"><temps name="use"><temp name="T89"/><temp name="T90"/></temps><temps name="def"><temp name="T979"/></temps><temps name="in"><temp name="T90"/><temp name="T6"/><temp name="T89"/><temp name="T88"/></temps><temps name="out"><temp name="T6"/><temp name="T979"/><temp name="T88"/></temps></instruction><instruction code="OR T91, T979, 0"><temps name="use"><temp name="T979"/></temps><temps name="def"><temp name="T91"/></temps><temps name="in"><temp name="T6"/><temp name="T979"/><temp name="T88"/></temps><temps name="out"><temp name="T91"/><temp name="T6"/><temp name="T88"/></temps></instruction><instruction code="OR T92, T91, 0"><temps name="use"><temp name="T91"/></temps><temps name="def"><temp name="T92"/></temps><temps name="in"><temp name="T91"/><temp name="T6"/><temp name="T88"/></temps><temps name="out"><temp name="T6"/><temp name="T88"/><temp name="T92"/></temps></instruction><instruction code="STO T88, $254, 8"><temps name="use"><temp name="T88"/></temps><temps name="def"/><temps name="in"><temp name="T6"/><temp name="T88"/><temp name="T92"/></temps><temps name="out"><temp name="T6"/><temp name="T92"/></temps></instruction><instruction code="STO T92, $254, 16"><temps name="use"><temp name="T92"/></temps><temps name="def"/><temps name="in"><temp name="T6"/><temp name="T92"/></temps><temps name="out"><temp name="T6"/></temps></instruction><instruction code="LDA T981, _putInt"><temps name="use"/><temps name="def"><temp name="T981"/></temps><temps name="in"><temp name="T6"/></temps><temps name="out"><temp name="T6"/><temp name="T981"/></temps></instruction><instruction code="PUSHJ $16, T981, 0"><temps name="use"><temp name="T981"/></temps><temps name="def"/><temps name="in"><temp name="T6"/><temp name="T981"/></temps><temps name="out"><temp name="T6"/></temps></instruction><instruction code="LDO T982, $254, 0"><temps name="use"/><temps name="def"><temp name="T982"/></temps><temps name="in"><temp name="T6"/></temps><temps name="out"><temp name="T6"/><temp name="T982"/></temps></instruction><instruction code="OR T93, T982, 0"><temps name="use"><temp name="T982"/></temps><temps name="def"><temp name="T93"/></temps><temps name="in"><temp name="T6"/><temp name="T982"/></temps><temps name="out"><temp name="T6"/></temps></instruction><instruction code="SETL  T983, 0"><temps name="use"/><temps name="def"><temp name="T983"/></temps><temps name="in"><temp name="T6"/></temps><temps name="out"><temp name="T6"/></temps></instruction><instruction code="INCML T983, 0"><temps name="use"/><temps name="def"><temp name="T983"/></temps><temps name="in"><temp name="T6"/></temps><temps name="out"><temp name="T6"/></temps></instruction><instruction code="INCMH T983, 0"><temps name="use"/><temps name="def"><temp name="T983"/></temps><temps name="in"><temp name="T6"/></temps><temps name="out"><temp name="T6"/></temps></instruction><instruction code="INCH  T983, 0"><temps name="use"/><temps name="def"><temp name="T983"/></temps><temps name="in"><temp name="T6"/></temps><temps name="out"><temp name="T6"/><temp name="T983"/></temps></instruction><instruction code="OR T94, T983, 0"><temps name="use"><temp name="T983"/></temps><temps name="def"><temp name="T94"/></temps><temps name="in"><temp name="T6"/><temp name="T983"/></temps><temps name="out"><temp name="T6"/><temp name="T94"/></temps></instruction><instruction code="LDA T984, L11"><temps name="use"/><temps name="def"><temp name="T984"/></temps><temps name="in"><temp name="T6"/><temp name="T94"/></temps><temps name="out"><temp name="T6"/><temp name="T984"/><temp name="T94"/></temps></instruction><instruction code="OR T95, T984, 0"><temps name="use"><temp name="T984"/></temps><temps name="def"><temp name="T95"/></temps><temps name="in"><temp name="T6"/><temp name="T984"/><temp name="T94"/></temps><temps name="out"><temp name="T6"/><temp name="T95"/><temp name="T94"/></temps></instruction><instruction code="STO T94, $254, 8"><temps name="use"><temp name="T94"/></temps><temps name="def"/><temps name="in"><temp name="T6"/><temp name="T95"/><temp name="T94"/></temps><temps name="out"><temp name="T6"/><temp name="T95"/></temps></instruction><instruction code="STO T95, $254, 16"><temps name="use"><temp name="T95"/></temps><temps name="def"/><temps name="in"><temp name="T6"/><temp name="T95"/></temps><temps name="out"><temp name="T6"/></temps></instruction><instruction code="LDA T985, _putString"><temps name="use"/><temps name="def"><temp name="T985"/></temps><temps name="in"><temp name="T6"/></temps><temps name="out"><temp name="T985"/><temp name="T6"/></temps></instruction><instruction code="PUSHJ $16, T985, 0"><temps name="use"><temp name="T985"/></temps><temps name="def"/><temps name="in"><temp name="T985"/><temp name="T6"/></temps><temps name="out"><temp name="T6"/></temps></instruction><instruction code="LDO T986, $254, 0"><temps name="use"/><temps name="def"><temp name="T986"/></temps><temps name="in"><temp name="T6"/></temps><temps name="out"><temp name="T6"/><temp name="T986"/></temps></instruction><instruction code="OR T96, T986, 0"><temps name="use"><temp name="T986"/></temps><temps name="def"><temp name="T96"/></temps><temps name="in"><temp name="T6"/><temp name="T986"/></temps><temps name="out"><temp name="T6"/></temps></instruction><instruction code="SETL  T987, 0"><temps name="use"/><temps name="def"><temp name="T987"/></temps><temps name="in"><temp name="T6"/></temps><temps name="out"><temp name="T6"/></temps></instruction><instruction code="INCML T987, 0"><temps name="use"/><temps name="def"><temp name="T987"/></temps><temps name="in"><temp name="T6"/></temps><temps name="out"><temp name="T6"/></temps></instruction><instruction code="INCMH T987, 0"><temps name="use"/><temps name="def"><temp name="T987"/></temps><temps name="in"><temp name="T6"/></temps><temps name="out"><temp name="T6"/></temps></instruction><instruction code="INCH  T987, 0"><temps name="use"/><temps name="def"><temp name="T987"/></temps><temps name="in"><temp name="T6"/></temps><temps name="out"><temp name="T6"/><temp name="T987"/></temps></instruction><instruction code="OR T97, T987, 0"><temps name="use"><temp name="T987"/></temps><temps name="def"><temp name="T97"/></temps><temps name="in"><temp name="T6"/><temp name="T987"/></temps><temps name="out"><temp name="T97"/><temp name="T6"/></temps></instruction><instruction code="SETL  T988, 0"><temps name="use"/><temps name="def"><temp name="T988"/></temps><temps name="in"><temp name="T97"/><temp name="T6"/></temps><temps name="out"><temp name="T97"/><temp name="T6"/></temps></instruction><instruction code="INCML T988, 0"><temps name="use"/><temps name="def"><temp name="T988"/></temps><temps name="in"><temp name="T97"/><temp name="T6"/></temps><temps name="out"><temp name="T97"/><temp name="T6"/></temps></instruction><instruction code="INCMH T988, 0"><temps name="use"/><temps name="def"><temp name="T988"/></temps><temps name="in"><temp name="T97"/><temp name="T6"/></temps><temps name="out"><temp name="T97"/><temp name="T6"/></temps></instruction><instruction code="INCH  T988, 0"><temps name="use"/><temps name="def"><temp name="T988"/></temps><temps name="in"><temp name="T97"/><temp name="T6"/></temps><temps name="out"><temp name="T97"/><temp name="T6"/><temp name="T988"/></temps></instruction><instruction code="OR T98, T988, 0"><temps name="use"><temp name="T988"/></temps><temps name="def"><temp name="T98"/></temps><temps name="in"><temp name="T97"/><temp name="T6"/><temp name="T988"/></temps><temps name="out"><temp name="T97"/><temp name="T6"/><temp name="T98"/></temps></instruction><instruction code="OR T99, T6, 0"><temps name="use"><temp name="T6"/></temps><temps name="def"><temp name="T99"/></temps><temps name="in"><temp name="T97"/><temp name="T6"/><temp name="T98"/></temps><temps name="out"><temp name="T97"/><temp name="T98"/><temp name="T6"/><temp name="T99"/></temps></instruction><instruction code="SETL  T989, 8"><temps name="use"/><temps name="def"><temp name="T989"/></temps><temps name="in"><temp name="T97"/><temp name="T98"/><temp name="T6"/><temp name="T99"/></temps><temps name="out"><temp name="T97"/><temp name="T98"/><temp name="T6"/><temp name="T99"/></temps></instruction><instruction code="INCML T989, 0"><temps name="use"/><temps name="def"><temp name="T989"/></temps><temps name="in"><temp name="T97"/><temp name="T98"/><temp name="T6"/><temp name="T99"/></temps><temps name="out"><temp name="T97"/><temp name="T98"/><temp name="T6"/><temp name="T99"/></temps></instruction><instruction code="INCMH T989, 0"><temps name="use"/><temps name="def"><temp name="T989"/></temps><temps name="in"><temp name="T97"/><temp name="T98"/><temp name="T6"/><temp name="T99"/></temps><temps name="out"><temp name="T97"/><temp name="T98"/><temp name="T6"/><temp name="T99"/></temps></instruction><instruction code="INCH  T989, 0"><temps name="use"/><temps name="def"><temp name="T989"/></temps><temps name="in"><temp name="T97"/><temp name="T98"/><temp name="T6"/><temp name="T99"/></temps><temps name="out"><temp name="T97"/><temp name="T98"/><temp name="T6"/><temp name="T99"/><temp name="T989"/></temps></instruction><instruction code="NEG T989, 0, T989"><temps name="use"><temp name="T989"/></temps><temps name="def"><temp name="T989"/></temps><temps name="in"><temp name="T97"/><temp name="T98"/><temp name="T6"/><temp name="T99"/><temp name="T989"/></temps><temps name="out"><temp name="T97"/><temp name="T98"/><temp name="T6"/><temp name="T99"/><temp name="T989"/></temps></instruction><instruction code="OR T100, T989, 0"><temps name="use"><temp name="T989"/></temps><temps name="def"><temp name="T100"/></temps><temps name="in"><temp name="T97"/><temp name="T98"/><temp name="T6"/><temp name="T99"/><temp name="T989"/></temps><temps name="out"><temp name="T97"/><temp name="T98"/><temp name="T6"/><temp name="T99"/><temp name="T100"/></temps></instruction><instruction code="ADD T990, T99, T100"><temps name="use"><temp name="T99"/><temp name="T100"/></temps><temps name="def"><temp name="T990"/></temps><temps name="in"><temp name="T97"/><temp name="T98"/><temp name="T6"/><temp name="T99"/><temp name="T100"/></temps><temps name="out"><temp name="T97"/><temp name="T98"/><temp name="T6"/><temp name="T990"/></temps></instruction><instruction code="OR T101, T990, 0"><temps name="use"><temp name="T990"/></temps><temps name="def"><temp name="T101"/></temps><temps name="in"><temp name="T97"/><temp name="T98"/><temp name="T6"/><temp name="T990"/></temps><temps name="out"><temp name="T97"/><temp name="T98"/><temp name="T6"/><temp name="T101"/></temps></instruction><instruction code="OR T102, T101, 0"><temps name="use"><temp name="T101"/></temps><temps name="def"><temp name="T102"/></temps><temps name="in"><temp name="T97"/><temp name="T98"/><temp name="T6"/><temp name="T101"/></temps><temps name="out"><temp name="T102"/><temp name="T97"/><temp name="T98"/><temp name="T6"/></temps></instruction><instruction code="STO T98, $254, 8"><temps name="use"><temp name="T98"/></temps><temps name="def"/><temps name="in"><temp name="T102"/><temp name="T97"/><temp name="T98"/><temp name="T6"/></temps><temps name="out"><temp name="T102"/><temp name="T97"/><temp name="T6"/></temps></instruction><instruction code="STO T102, $254, 16"><temps name="use"><temp name="T102"/></temps><temps name="def"/><temps name="in"><temp name="T102"/><temp name="T97"/><temp name="T6"/></temps><temps name="out"><temp name="T97"/><temp name="T6"/></temps></instruction><instruction code="LDA T992, _facRec"><temps name="use"/><temps name="def"><temp name="T992"/></temps><temps name="in"><temp name="T97"/><temp name="T6"/></temps><temps name="out"><temp name="T97"/><temp name="T6"/><temp name="T992"/></temps></instruction><instruction code="PUSHJ $16, T992, 0"><temps name="use"><temp name="T992"/></temps><temps name="def"/><temps name="in"><temp name="T97"/><temp name="T6"/><temp name="T992"/></temps><temps name="out"><temp name="T97"/><temp name="T6"/></temps></instruction><instruction code="LDO T993, $254, 0"><temps name="use"/><temps name="def"><temp name="T993"/></temps><temps name="in"><temp name="T97"/><temp name="T6"/></temps><temps name="out"><temp name="T97"/><temp name="T6"/><temp name="T993"/></temps></instruction><instruction code="OR T103, T993, 0"><temps name="use"><temp name="T993"/></temps><temps name="def"><temp name="T103"/></temps><temps name="in"><temp name="T97"/><temp name="T6"/><temp name="T993"/></temps><temps name="out"><temp name="T97"/><temp name="T103"/><temp name="T6"/></temps></instruction><instruction code="STO T97, $254, 8"><temps name="use"><temp name="T97"/></temps><temps name="def"/><temps name="in"><temp name="T97"/><temp name="T103"/><temp name="T6"/></temps><temps name="out"><temp name="T103"/><temp name="T6"/></temps></instruction><instruction code="STO T103, $254, 16"><temps name="use"><temp name="T103"/></temps><temps name="def"/><temps name="in"><temp name="T103"/><temp name="T6"/></temps><temps name="out"><temp name="T6"/></temps></instruction><instruction code="LDA T994, _putInt"><temps name="use"/><temps name="def"><temp name="T994"/></temps><temps name="in"><temp name="T6"/></temps><temps name="out"><temp name="T6"/><temp name="T994"/></temps></instruction><instruction code="PUSHJ $16, T994, 0"><temps name="use"><temp name="T994"/></temps><temps name="def"/><temps name="in"><temp name="T6"/><temp name="T994"/></temps><temps name="out"><temp name="T6"/></temps></instruction><instruction code="LDO T995, $254, 0"><temps name="use"/><temps name="def"><temp name="T995"/></temps><temps name="in"><temp name="T6"/></temps><temps name="out"><temp name="T6"/><temp name="T995"/></temps></instruction><instruction code="OR T104, T995, 0"><temps name="use"><temp name="T995"/></temps><temps name="def"><temp name="T104"/></temps><temps name="in"><temp name="T6"/><temp name="T995"/></temps><temps name="out"><temp name="T6"/></temps></instruction><instruction code="SETL  T996, 0"><temps name="use"/><temps name="def"><temp name="T996"/></temps><temps name="in"><temp name="T6"/></temps><temps name="out"><temp name="T6"/></temps></instruction><instruction code="INCML T996, 0"><temps name="use"/><temps name="def"><temp name="T996"/></temps><temps name="in"><temp name="T6"/></temps><temps name="out"><temp name="T6"/></temps></instruction><instruction code="INCMH T996, 0"><temps name="use"/><temps name="def"><temp name="T996"/></temps><temps name="in"><temp name="T6"/></temps><temps name="out"><temp name="T6"/></temps></instruction><instruction code="INCH  T996, 0"><temps name="use"/><temps name="def"><temp name="T996"/></temps><temps name="in"><temp name="T6"/></temps><temps name="out"><temp name="T6"/><temp name="T996"/></temps></instruction><instruction code="OR T105, T996, 0"><temps name="use"><temp name="T996"/></temps><temps name="def"><temp name="T105"/></temps><temps name="in"><temp name="T6"/><temp name="T996"/></temps><temps name="out"><temp name="T6"/><temp name="T105"/></temps></instruction><instruction code="SETL  T997, 10"><temps name="use"/><temps name="def"><temp name="T997"/></temps><temps name="in"><temp name="T6"/><temp name="T105"/></temps><temps name="out"><temp name="T6"/><temp name="T105"/></temps></instruction><instruction code="INCML T997, 0"><temps name="use"/><temps name="def"><temp name="T997"/></temps><temps name="in"><temp name="T6"/><temp name="T105"/></temps><temps name="out"><temp name="T6"/><temp name="T105"/></temps></instruction><instruction code="INCMH T997, 0"><temps name="use"/><temps name="def"><temp name="T997"/></temps><temps name="in"><temp name="T6"/><temp name="T105"/></temps><temps name="out"><temp name="T6"/><temp name="T105"/></temps></instruction><instruction code="INCH  T997, 0"><temps name="use"/><temps name="def"><temp name="T997"/></temps><temps name="in"><temp name="T6"/><temp name="T105"/></temps><temps name="out"><temp name="T997"/><temp name="T6"/><temp name="T105"/></temps></instruction><instruction code="OR T106, T997, 0"><temps name="use"><temp name="T997"/></temps><temps name="def"><temp name="T106"/></temps><temps name="in"><temp name="T997"/><temp name="T6"/><temp name="T105"/></temps><temps name="out"><temp name="T6"/><temp name="T105"/><temp name="T106"/></temps></instruction><instruction code="SETL  T998, 256"><temps name="use"/><temps name="def"><temp name="T998"/></temps><temps name="in"><temp name="T6"/><temp name="T105"/><temp name="T106"/></temps><temps name="out"><temp name="T6"/><temp name="T105"/><temp name="T106"/></temps></instruction><instruction code="INCML T998, 0"><temps name="use"/><temps name="def"><temp name="T998"/></temps><temps name="in"><temp name="T6"/><temp name="T105"/><temp name="T106"/></temps><temps name="out"><temp name="T6"/><temp name="T105"/><temp name="T106"/></temps></instruction><instruction code="INCMH T998, 0"><temps name="use"/><temps name="def"><temp name="T998"/></temps><temps name="in"><temp name="T6"/><temp name="T105"/><temp name="T106"/></temps><temps name="out"><temp name="T6"/><temp name="T105"/><temp name="T106"/></temps></instruction><instruction code="INCH  T998, 0"><temps name="use"/><temps name="def"><temp name="T998"/></temps><temps name="in"><temp name="T6"/><temp name="T105"/><temp name="T106"/></temps><temps name="out"><temp name="T6"/><temp name="T998"/><temp name="T105"/><temp name="T106"/></temps></instruction><instruction code="OR T107, T998, 0"><temps name="use"><temp name="T998"/></temps><temps name="def"><temp name="T107"/></temps><temps name="in"><temp name="T6"/><temp name="T998"/><temp name="T105"/><temp name="T106"/></temps><temps name="out"><temp name="T6"/><temp name="T105"/><temp name="T106"/><temp name="T107"/></temps></instruction><instruction code="DIV T999, T106, T107"><temps name="use"><temp name="T106"/><temp name="T107"/></temps><temps name="def"><temp name="T999"/></temps><temps name="in"><temp name="T6"/><temp name="T105"/><temp name="T106"/><temp name="T107"/></temps><temps name="out"><temp name="T6"/><temp name="T105"/></temps></instruction><instruction code="OR T999, rR, 0"><temps name="use"/><temps name="def"><temp name="T999"/></temps><temps name="in"><temp name="T6"/><temp name="T105"/></temps><temps name="out"><temp name="T6"/><temp name="T999"/><temp name="T105"/></temps></instruction><instruction code="OR T108, T999, 0"><temps name="use"><temp name="T999"/></temps><temps name="def"><temp name="T108"/></temps><temps name="in"><temp name="T6"/><temp name="T999"/><temp name="T105"/></temps><temps name="out"><temp name="T6"/><temp name="T105"/><temp name="T108"/></temps></instruction><instruction code="STO T105, $254, 8"><temps name="use"><temp name="T105"/></temps><temps name="def"/><temps name="in"><temp name="T6"/><temp name="T105"/><temp name="T108"/></temps><temps name="out"><temp name="T6"/><temp name="T108"/></temps></instruction><instruction code="STO T108, $254, 16"><temps name="use"><temp name="T108"/></temps><temps name="def"/><temps name="in"><temp name="T6"/><temp name="T108"/></temps><temps name="out"><temp name="T6"/></temps></instruction><instruction code="LDA T1000, _putChar"><temps name="use"/><temps name="def"><temp name="T1000"/></temps><temps name="in"><temp name="T6"/></temps><temps name="out"><temp name="T6"/><temp name="T1000"/></temps></instruction><instruction code="PUSHJ $16, T1000, 0"><temps name="use"><temp name="T1000"/></temps><temps name="def"/><temps name="in"><temp name="T6"/><temp name="T1000"/></temps><temps name="out"><temp name="T6"/></temps></instruction><instruction code="LDO T1001, $254, 0"><temps name="use"/><temps name="def"><temp name="T1001"/></temps><temps name="in"><temp name="T6"/></temps><temps name="out"><temp name="T6"/><temp name="T1001"/></temps></instruction><instruction code="OR T109, T1001, 0"><temps name="use"><temp name="T1001"/></temps><temps name="def"><temp name="T109"/></temps><temps name="in"><temp name="T6"/><temp name="T1001"/></temps><temps name="out"><temp name="T6"/></temps></instruction><instruction code="OR T110, T6, 0"><temps name="use"><temp name="T6"/></temps><temps name="def"><temp name="T110"/></temps><temps name="in"><temp name="T6"/></temps><temps name="out"><temp name="T6"/><temp name="T110"/></temps></instruction><instruction code="SETL  T1002, 8"><temps name="use"/><temps name="def"><temp name="T1002"/></temps><temps name="in"><temp name="T6"/><temp name="T110"/></temps><temps name="out"><temp name="T6"/><temp name="T110"/></temps></instruction><instruction code="INCML T1002, 0"><temps name="use"/><temps name="def"><temp name="T1002"/></temps><temps name="in"><temp name="T6"/><temp name="T110"/></temps><temps name="out"><temp name="T6"/><temp name="T110"/></temps></instruction><instruction code="INCMH T1002, 0"><temps name="use"/><temps name="def"><temp name="T1002"/></temps><temps name="in"><temp name="T6"/><temp name="T110"/></temps><temps name="out"><temp name="T6"/><temp name="T110"/></temps></instruction><instruction code="INCH  T1002, 0"><temps name="use"/><temps name="def"><temp name="T1002"/></temps><temps name="in"><temp name="T6"/><temp name="T110"/></temps><temps name="out"><temp name="T6"/><temp name="T110"/><temp name="T1002"/></temps></instruction><instruction code="NEG T1002, 0, T1002"><temps name="use"><temp name="T1002"/></temps><temps name="def"><temp name="T1002"/></temps><temps name="in"><temp name="T6"/><temp name="T110"/><temp name="T1002"/></temps><temps name="out"><temp name="T6"/><temp name="T110"/><temp name="T1002"/></temps></instruction><instruction code="OR T111, T1002, 0"><temps name="use"><temp name="T1002"/></temps><temps name="def"><temp name="T111"/></temps><temps name="in"><temp name="T6"/><temp name="T110"/><temp name="T1002"/></temps><temps name="out"><temp name="T6"/><temp name="T110"/><temp name="T111"/></temps></instruction><instruction code="ADD T1003, T110, T111"><temps name="use"><temp name="T110"/><temp name="T111"/></temps><temps name="def"><temp name="T1003"/></temps><temps name="in"><temp name="T6"/><temp name="T110"/><temp name="T111"/></temps><temps name="out"><temp name="T1003"/><temp name="T6"/></temps></instruction><instruction code="OR T112, T1003, 0"><temps name="use"><temp name="T1003"/></temps><temps name="def"><temp name="T112"/></temps><temps name="in"><temp name="T1003"/><temp name="T6"/></temps><temps name="out"><temp name="T6"/><temp name="T112"/></temps></instruction><instruction code="OR T113, T112, 0"><temps name="use"><temp name="T112"/></temps><temps name="def"><temp name="T113"/></temps><temps name="in"><temp name="T6"/><temp name="T112"/></temps><temps name="out"><temp name="T6"/><temp name="T113"/></temps></instruction><instruction code="SETL  T1005, 1"><temps name="use"/><temps name="def"><temp name="T1005"/></temps><temps name="in"><temp name="T6"/><temp name="T113"/></temps><temps name="out"><temp name="T6"/><temp name="T113"/></temps></instruction><instruction code="INCML T1005, 0"><temps name="use"/><temps name="def"><temp name="T1005"/></temps><temps name="in"><temp name="T6"/><temp name="T113"/></temps><temps name="out"><temp name="T6"/><temp name="T113"/></temps></instruction><instruction code="INCMH T1005, 0"><temps name="use"/><temps name="def"><temp name="T1005"/></temps><temps name="in"><temp name="T6"/><temp name="T113"/></temps><temps name="out"><temp name="T6"/><temp name="T113"/></temps></instruction><instruction code="INCH  T1005, 0"><temps name="use"/><temps name="def"><temp name="T1005"/></temps><temps name="in"><temp name="T6"/><temp name="T113"/></temps><temps name="out"><temp name="T6"/><temp name="T113"/><temp name="T1005"/></temps></instruction><instruction code="OR T114, T1005, 0"><temps name="use"><temp name="T1005"/></temps><temps name="def"><temp name="T114"/></temps><temps name="in"><temp name="T6"/><temp name="T113"/><temp name="T1005"/></temps><temps name="out"><temp name="T6"/><temp name="T114"/><temp name="T113"/></temps></instruction><instruction code="ADD T1006, T113, T114"><temps name="use"><temp name="T113"/><temp name="T114"/></temps><temps name="def"><temp name="T1006"/></temps><temps name="in"><temp name="T6"/><temp name="T114"/><temp name="T113"/></temps><temps name="out"><temp name="T1006"/><temp name="T6"/></temps></instruction><instruction code="OR T115, T1006, 0"><temps name="use"><temp name="T1006"/></temps><temps name="def"><temp name="T115"/></temps><temps name="in"><temp name="T1006"/><temp name="T6"/></temps><temps name="out"><temp name="T6"/><temp name="T115"/></temps></instruction><instruction code="SETL  T1007, 8"><temps name="use"/><temps name="def"><temp name="T1007"/></temps><temps name="in"><temp name="T6"/><temp name="T115"/></temps><temps name="out"><temp name="T6"/><temp name="T115"/></temps></instruction><instruction code="INCML T1007, 0"><temps name="use"/><temps name="def"><temp name="T1007"/></temps><temps name="in"><temp name="T6"/><temp name="T115"/></temps><temps name="out"><temp name="T6"/><temp name="T115"/></temps></instruction><instruction code="INCMH T1007, 0"><temps name="use"/><temps name="def"><temp name="T1007"/></temps><temps name="in"><temp name="T6"/><temp name="T115"/></temps><temps name="out"><temp name="T6"/><temp name="T115"/></temps></instruction><instruction code="INCH  T1007, 0"><temps name="use"/><temps name="def"><temp name="T1007"/></temps><temps name="in"><temp name="T6"/><temp name="T115"/></temps><temps name="out"><temp name="T1007"/><temp name="T6"/><temp name="T115"/></temps></instruction><instruction code="NEG T1007, 0, T1007"><temps name="use"><temp name="T1007"/></temps><temps name="def"><temp name="T1007"/></temps><temps name="in"><temp name="T1007"/><temp name="T6"/><temp name="T115"/></temps><temps name="out"><temp name="T6"/><temp name="T1007"/><temp name="T115"/></temps></instruction><instruction code="ADD T1008, T6, T1007"><temps name="use"><temp name="T6"/><temp name="T1007"/></temps><temps name="def"><temp name="T1008"/></temps><temps name="in"><temp name="T6"/><temp name="T1007"/><temp name="T115"/></temps><temps name="out"><temp name="T6"/><temp name="T115"/><temp name="T1008"/></temps></instruction><instruction code="STO T1008, T115, 0"><temps name="use"><temp name="T1008"/><temp name="T115"/></temps><temps name="def"/><temps name="in"><temp name="T6"/><temp name="T115"/><temp name="T1008"/></temps><temps name="out"><temp name="T6"/></temps></instruction><instruction code="LDA T1010, L12"><temps name="use"/><temps name="def"><temp name="T1010"/></temps><temps name="in"><temp name="T6"/></temps><temps name="out"><temp name="T6"/><temp name="T1010"/></temps></instruction><instruction code="GO T1010, T1010, 0"><temps name="use"><temp name="T1010"/></temps><temps name="def"><temp name="T1010"/></temps><temps name="in"><temp name="T6"/><temp name="T1010"/></temps><temps name="out"><temp name="T6"/></temps></instruction><instruction code="L14"><temps name="use"/><temps name="def"/><temps name="in"><temp name="T6"/></temps><temps name="out"><temp name="T6"/></temps></instruction><instruction code="SETL  T1011, 0"><temps name="use"/><temps name="def"><temp name="T1011"/></temps><temps name="in"><temp name="T6"/></temps><temps name="out"><temp name="T6"/></temps></instruction><instruction code="INCML T1011, 0"><temps name="use"/><temps name="def"><temp name="T1011"/></temps><temps name="in"><temp name="T6"/></temps><temps name="out"><temp name="T6"/></temps></instruction><instruction code="INCMH T1011, 0"><temps name="use"/><temps name="def"><temp name="T1011"/></temps><temps name="in"><temp name="T6"/></temps><temps name="out"><temp name="T6"/></temps></instruction><instruction code="INCH  T1011, 0"><temps name="use"/><temps name="def"><temp name="T1011"/></temps><temps name="in"><temp name="T6"/></temps><temps name="out"><temp name="T6"/><temp name="T1011"/></temps></instruction><instruction code="OR T116, T1011, 0"><temps name="use"><temp name="T1011"/></temps><temps name="def"><temp name="T116"/></temps><temps name="in"><temp name="T6"/><temp name="T1011"/></temps><temps name="out"><temp name="T116"/><temp name="T6"/></temps></instruction><instruction code="LDA T1012, L15"><temps name="use"/><temps name="def"><temp name="T1012"/></temps><temps name="in"><temp name="T116"/><temp name="T6"/></temps><temps name="out"><temp name="T116"/><temp name="T6"/><temp name="T1012"/></temps></instruction><instruction code="OR T117, T1012, 0"><temps name="use"><temp name="T1012"/></temps><temps name="def"><temp name="T117"/></temps><temps name="in"><temp name="T116"/><temp name="T6"/><temp name="T1012"/></temps><temps name="out"><temp name="T116"/><temp name="T6"/><temp name="T117"/></temps></instruction><instruction code="STO T116, $254, 8"><temps name="use"><temp name="T116"/></temps><temps name="def"/><temps name="in"><temp name="T116"/><temp name="T6"/><temp name="T117"/></temps><temps name="out"><temp name="T6"/><temp name="T117"/></temps></instruction><instruction code="STO T117, $254, 16"><temps name="use"><temp name="T117"/></temps><temps name="def"/><temps name="in"><temp name="T6"/><temp name="T117"/></temps><temps name="out"><temp name="T6"/></temps></instruction><instruction code="LDA T1013, _putString"><temps name="use"/><temps name="def"><temp name="T1013"/></temps><temps name="in"><temp name="T6"/></temps><temps name="out"><temp name="T6"/><temp name="T1013"/></temps></instruction><instruction code="PUSHJ $16, T1013, 0"><temps name="use"><temp name="T1013"/></temps><temps name="def"/><temps name="in"><temp name="T6"/><temp name="T1013"/></temps><temps name="out"><temp name="T6"/></temps></instruction><instruction code="LDO T1014, $254, 0"><temps name="use"/><temps name="def"><temp name="T1014"/></temps><temps name="in"><temp name="T6"/></temps><temps name="out"><temp name="T6"/><temp name="T1014"/></temps></instruction><instruction code="OR T118, T1014, 0"><temps name="use"><temp name="T1014"/></temps><temps name="def"><temp name="T118"/></temps><temps name="in"><temp name="T6"/><temp name="T1014"/></temps><temps name="out"><temp name="T6"/></temps></instruction><instruction code="SETL  T1015, 0"><temps name="use"/><temps name="def"><temp name="T1015"/></temps><temps name="in"><temp name="T6"/></temps><temps name="out"><temp name="T6"/></temps></instruction><instruction code="INCML T1015, 0"><temps name="use"/><temps name="def"><temp name="T1015"/></temps><temps name="in"><temp name="T6"/></temps><temps name="out"><temp name="T6"/></temps></instruction><instruction code="INCMH T1015, 0"><temps name="use"/><temps name="def"><temp name="T1015"/></temps><temps name="in"><temp name="T6"/></temps><temps name="out"><temp name="T6"/></temps></instruction><instruction code="INCH  T1015, 0"><temps name="use"/><temps name="def"><temp name="T1015"/></temps><temps name="in"><temp name="T6"/></temps><temps name="out"><temp name="T6"/><temp name="T1015"/></temps></instruction><instruction code="OR T119, T1015, 0"><temps name="use"><temp name="T1015"/></temps><temps name="def"><temp name="T119"/></temps><temps name="in"><temp name="T6"/><temp name="T1015"/></temps><temps name="out"><temp name="T6"/><temp name="T119"/></temps></instruction><instruction code="SETL  T1016, 10"><temps name="use"/><temps name="def"><temp name="T1016"/></temps><temps name="in"><temp name="T6"/><temp name="T119"/></temps><temps name="out"><temp name="T6"/><temp name="T119"/></temps></instruction><instruction code="INCML T1016, 0"><temps name="use"/><temps name="def"><temp name="T1016"/></temps><temps name="in"><temp name="T6"/><temp name="T119"/></temps><temps name="out"><temp name="T6"/><temp name="T119"/></temps></instruction><instruction code="INCMH T1016, 0"><temps name="use"/><temps name="def"><temp name="T1016"/></temps><temps name="in"><temp name="T6"/><temp name="T119"/></temps><temps name="out"><temp name="T6"/><temp name="T119"/></temps></instruction><instruction code="INCH  T1016, 0"><temps name="use"/><temps name="def"><temp name="T1016"/></temps><temps name="in"><temp name="T6"/><temp name="T119"/></temps><temps name="out"><temp name="T1016"/><temp name="T6"/><temp name="T119"/></temps></instruction><instruction code="OR T120, T1016, 0"><temps name="use"><temp name="T1016"/></temps><temps name="def"><temp name="T120"/></temps><temps name="in"><temp name="T1016"/><temp name="T6"/><temp name="T119"/></temps><temps name="out"><temp name="T6"/><temp name="T119"/><temp name="T120"/></temps></instruction><instruction code="SETL  T1017, 256"><temps name="use"/><temps name="def"><temp name="T1017"/></temps><temps name="in"><temp name="T6"/><temp name="T119"/><temp name="T120"/></temps><temps name="out"><temp name="T6"/><temp name="T119"/><temp name="T120"/></temps></instruction><instruction code="INCML T1017, 0"><temps name="use"/><temps name="def"><temp name="T1017"/></temps><temps name="in"><temp name="T6"/><temp name="T119"/><temp name="T120"/></temps><temps name="out"><temp name="T6"/><temp name="T119"/><temp name="T120"/></temps></instruction><instruction code="INCMH T1017, 0"><temps name="use"/><temps name="def"><temp name="T1017"/></temps><temps name="in"><temp name="T6"/><temp name="T119"/><temp name="T120"/></temps><temps name="out"><temp name="T6"/><temp name="T119"/><temp name="T120"/></temps></instruction><instruction code="INCH  T1017, 0"><temps name="use"/><temps name="def"><temp name="T1017"/></temps><temps name="in"><temp name="T6"/><temp name="T119"/><temp name="T120"/></temps><temps name="out"><temp name="T1017"/><temp name="T6"/><temp name="T119"/><temp name="T120"/></temps></instruction><instruction code="OR T121, T1017, 0"><temps name="use"><temp name="T1017"/></temps><temps name="def"><temp name="T121"/></temps><temps name="in"><temp name="T1017"/><temp name="T6"/><temp name="T119"/><temp name="T120"/></temps><temps name="out"><temp name="T6"/><temp name="T121"/><temp name="T119"/><temp name="T120"/></temps></instruction><instruction code="DIV T1018, T120, T121"><temps name="use"><temp name="T120"/><temp name="T121"/></temps><temps name="def"><temp name="T1018"/></temps><temps name="in"><temp name="T6"/><temp name="T121"/><temp name="T119"/><temp name="T120"/></temps><temps name="out"><temp name="T6"/><temp name="T119"/></temps></instruction><instruction code="OR T1018, rR, 0"><temps name="use"/><temps name="def"><temp name="T1018"/></temps><temps name="in"><temp name="T6"/><temp name="T119"/></temps><temps name="out"><temp name="T6"/><temp name="T119"/><temp name="T1018"/></temps></instruction><instruction code="OR T122, T1018, 0"><temps name="use"><temp name="T1018"/></temps><temps name="def"><temp name="T122"/></temps><temps name="in"><temp name="T6"/><temp name="T119"/><temp name="T1018"/></temps><temps name="out"><temp name="T6"/><temp name="T119"/><temp name="T122"/></temps></instruction><instruction code="STO T119, $254, 8"><temps name="use"><temp name="T119"/></temps><temps name="def"/><temps name="in"><temp name="T6"/><temp name="T119"/><temp name="T122"/></temps><temps name="out"><temp name="T6"/><temp name="T122"/></temps></instruction><instruction code="STO T122, $254, 16"><temps name="use"><temp name="T122"/></temps><temps name="def"/><temps name="in"><temp name="T6"/><temp name="T122"/></temps><temps name="out"><temp name="T6"/></temps></instruction><instruction code="LDA T1019, _putChar"><temps name="use"/><temps name="def"><temp name="T1019"/></temps><temps name="in"><temp name="T6"/></temps><temps name="out"><temp name="T6"/><temp name="T1019"/></temps></instruction><instruction code="PUSHJ $16, T1019, 0"><temps name="use"><temp name="T1019"/></temps><temps name="def"/><temps name="in"><temp name="T6"/><temp name="T1019"/></temps><temps name="out"><temp name="T6"/></temps></instruction><instruction code="LDO T1020, $254, 0"><temps name="use"/><temps name="def"><temp name="T1020"/></temps><temps name="in"><temp name="T6"/></temps><temps name="out"><temp name="T6"/><temp name="T1020"/></temps></instruction><instruction code="OR T123, T1020, 0"><temps name="use"><temp name="T1020"/></temps><temps name="def"><temp name="T123"/></temps><temps name="in"><temp name="T6"/><temp name="T1020"/></temps><temps name="out"><temp name="T6"/></temps></instruction><instruction code="SETL  T1021, 1"><temps name="use"/><temps name="def"><temp name="T1021"/></temps><temps name="in"><temp name="T6"/></temps><temps name="out"><temp name="T6"/></temps></instruction><instruction code="INCML T1021, 0"><temps name="use"/><temps name="def"><temp name="T1021"/></temps><temps name="in"><temp name="T6"/></temps><temps name="out"><temp name="T6"/></temps></instruction><instruction code="INCMH T1021, 0"><temps name="use"/><temps name="def"><temp name="T1021"/></temps><temps name="in"><temp name="T6"/></temps><temps name="out"><temp name="T6"/></temps></instruction><instruction code="INCH  T1021, 0"><temps name="use"/><temps name="def"><temp name="T1021"/></temps><temps name="in"><temp name="T6"/></temps><temps name="out"><temp name="T6"/><temp name="T1021"/></temps></instruction><instruction code="OR T124, T1021, 0"><temps name="use"><temp name="T1021"/></temps><temps name="def"><temp name="T124"/></temps><temps name="in"><temp name="T6"/><temp name="T1021"/></temps><temps name="out"><temp name="T6"/><temp name="T124"/></temps></instruction><instruction code="SETL  T1022, 8"><temps name="use"/><temps name="def"><temp name="T1022"/></temps><temps name="in"><temp name="T6"/><temp name="T124"/></temps><temps name="out"><temp name="T6"/><temp name="T124"/></temps></instruction><instruction code="INCML T1022, 0"><temps name="use"/><temps name="def"><temp name="T1022"/></temps><temps name="in"><temp name="T6"/><temp name="T124"/></temps><temps name="out"><temp name="T6"/><temp name="T124"/></temps></instruction><instruction code="INCMH T1022, 0"><temps name="use"/><temps name="def"><temp name="T1022"/></temps><temps name="in"><temp name="T6"/><temp name="T124"/></temps><temps name="out"><temp name="T6"/><temp name="T124"/></temps></instruction><instruction code="INCH  T1022, 0"><temps name="use"/><temps name="def"><temp name="T1022"/></temps><temps name="in"><temp name="T6"/><temp name="T124"/></temps><temps name="out"><temp name="T6"/><temp name="T1022"/><temp name="T124"/></temps></instruction><instruction code="NEG T1022, 0, T1022"><temps name="use"><temp name="T1022"/></temps><temps name="def"><temp name="T1022"/></temps><temps name="in"><temp name="T6"/><temp name="T1022"/><temp name="T124"/></temps><temps name="out"><temp name="T6"/><temp name="T1022"/><temp name="T124"/></temps></instruction><instruction code="ADD T1023, T6, T1022"><temps name="use"><temp name="T6"/><temp name="T1022"/></temps><temps name="def"><temp name="T1023"/></temps><temps name="in"><temp name="T6"/><temp name="T1022"/><temp name="T124"/></temps><temps name="out"><temp name="T6"/><temp name="T124"/><temp name="T1023"/></temps></instruction><instruction code="STO T1023, T124, 0"><temps name="use"><temp name="T1023"/><temp name="T124"/></temps><temps name="def"/><temps name="in"><temp name="T6"/><temp name="T124"/><temp name="T1023"/></temps><temps name="out"><temp name="T6"/></temps></instruction><instruction code="L17"><temps name="use"/><temps name="def"/><temps name="in"><temp name="T6"/></temps><temps name="out"><temp name="T6"/></temps></instruction><instruction code="OR T125, T6, 0"><temps name="use"><temp name="T6"/></temps><temps name="def"><temp name="T125"/></temps><temps name="in"><temp name="T6"/></temps><temps name="out"><temp name="T6"/><temp name="T125"/></temps></instruction><instruction code="SETL  T1025, 8"><temps name="use"/><temps name="def"><temp name="T1025"/></temps><temps name="in"><temp name="T6"/><temp name="T125"/></temps><temps name="out"><temp name="T6"/><temp name="T125"/></temps></instruction><instruction code="INCML T1025, 0"><temps name="use"/><temps name="def"><temp name="T1025"/></temps><temps name="in"><temp name="T6"/><temp name="T125"/></temps><temps name="out"><temp name="T6"/><temp name="T125"/></temps></instruction><instruction code="INCMH T1025, 0"><temps name="use"/><temps name="def"><temp name="T1025"/></temps><temps name="in"><temp name="T6"/><temp name="T125"/></temps><temps name="out"><temp name="T6"/><temp name="T125"/></temps></instruction><instruction code="INCH  T1025, 0"><temps name="use"/><temps name="def"><temp name="T1025"/></temps><temps name="in"><temp name="T6"/><temp name="T125"/></temps><temps name="out"><temp name="T1025"/><temp name="T6"/><temp name="T125"/></temps></instruction><instruction code="NEG T1025, 0, T1025"><temps name="use"><temp name="T1025"/></temps><temps name="def"><temp name="T1025"/></temps><temps name="in"><temp name="T1025"/><temp name="T6"/><temp name="T125"/></temps><temps name="out"><temp name="T1025"/><temp name="T6"/><temp name="T125"/></temps></instruction><instruction code="OR T126, T1025, 0"><temps name="use"><temp name="T1025"/></temps><temps name="def"><temp name="T126"/></temps><temps name="in"><temp name="T1025"/><temp name="T6"/><temp name="T125"/></temps><temps name="out"><temp name="T6"/><temp name="T126"/><temp name="T125"/></temps></instruction><instruction code="ADD T1026, T125, T126"><temps name="use"><temp name="T125"/><temp name="T126"/></temps><temps name="def"><temp name="T1026"/></temps><temps name="in"><temp name="T6"/><temp name="T126"/><temp name="T125"/></temps><temps name="out"><temp name="T6"/><temp name="T1026"/></temps></instruction><instruction code="OR T127, T1026, 0"><temps name="use"><temp name="T1026"/></temps><temps name="def"><temp name="T127"/></temps><temps name="in"><temp name="T6"/><temp name="T1026"/></temps><temps name="out"><temp name="T6"/><temp name="T127"/></temps></instruction><instruction code="OR T128, T127, 0"><temps name="use"><temp name="T127"/></temps><temps name="def"><temp name="T128"/></temps><temps name="in"><temp name="T6"/><temp name="T127"/></temps><temps name="out"><temp name="T6"/><temp name="T128"/></temps></instruction><instruction code="SETL  T1028, 10"><temps name="use"/><temps name="def"><temp name="T1028"/></temps><temps name="in"><temp name="T6"/><temp name="T128"/></temps><temps name="out"><temp name="T6"/><temp name="T128"/></temps></instruction><instruction code="INCML T1028, 0"><temps name="use"/><temps name="def"><temp name="T1028"/></temps><temps name="in"><temp name="T6"/><temp name="T128"/></temps><temps name="out"><temp name="T6"/><temp name="T128"/></temps></instruction><instruction code="INCMH T1028, 0"><temps name="use"/><temps name="def"><temp name="T1028"/></temps><temps name="in"><temp name="T6"/><temp name="T128"/></temps><temps name="out"><temp name="T6"/><temp name="T128"/></temps></instruction><instruction code="INCH  T1028, 0"><temps name="use"/><temps name="def"><temp name="T1028"/></temps><temps name="in"><temp name="T6"/><temp name="T128"/></temps><temps name="out"><temp name="T6"/><temp name="T1028"/><temp name="T128"/></temps></instruction><instruction code="OR T129, T1028, 0"><temps name="use"><temp name="T1028"/></temps><temps name="def"><temp name="T129"/></temps><temps name="in"><temp name="T6"/><temp name="T1028"/><temp name="T128"/></temps><temps name="out"><temp name="T6"/><temp name="T128"/><temp name="T129"/></temps></instruction><instruction code="CMP T1029, T128, T129"><temps name="use"><temp name="T128"/><temp name="T129"/></temps><temps name="def"><temp name="T1029"/></temps><temps name="in"><temp name="T6"/><temp name="T128"/><temp name="T129"/></temps><temps name="out"><temp name="T6"/><temp name="T1029"/></temps></instruction><instruction code="ZSNP T1029, T1029, 1"><temps name="use"><temp name="T1029"/></temps><temps name="def"><temp name="T1029"/></temps><temps name="in"><temp name="T6"/><temp name="T1029"/></temps><temps name="out"><temp name="T6"/><temp name="T1029"/></temps></instruction><instruction code="OR T130, T1029, 0"><temps name="use"><temp name="T1029"/></temps><temps name="def"><temp name="T130"/></temps><temps name="in"><temp name="T6"/><temp name="T1029"/></temps><temps name="out"><temp name="T6"/><temp name="T130"/></temps></instruction><instruction code="BNZ T130, L18"><temps name="use"><temp name="T130"/></temps><temps name="def"/><temps name="in"><temp name="T6"/><temp name="T130"/></temps><temps name="out"><temp name="T6"/></temps></instruction><instruction code="L107"><temps name="use"/><temps name="def"/><temps name="in"><temp name="T6"/></temps><temps name="out"><temp name="T6"/></temps></instruction><instruction code="LDA T1030, L19"><temps name="use"/><temps name="def"><temp name="T1030"/></temps><temps name="in"><temp name="T6"/></temps><temps name="out"><temp name="T1030"/><temp name="T6"/></temps></instruction><instruction code="GO T1030, T1030, 0"><temps name="use"><temp name="T1030"/></temps><temps name="def"><temp name="T1030"/></temps><temps name="in"><temp name="T1030"/><temp name="T6"/></temps><temps name="out"><temp name="T6"/></temps></instruction><instruction code="L18"><temps name="use"/><temps name="def"/><temps name="in"><temp name="T6"/></temps><temps name="out"><temp name="T6"/></temps></instruction><instruction code="SETL  T1031, 0"><temps name="use"/><temps name="def"><temp name="T1031"/></temps><temps name="in"><temp name="T6"/></temps><temps name="out"><temp name="T6"/></temps></instruction><instruction code="INCML T1031, 0"><temps name="use"/><temps name="def"><temp name="T1031"/></temps><temps name="in"><temp name="T6"/></temps><temps name="out"><temp name="T6"/></temps></instruction><instruction code="INCMH T1031, 0"><temps name="use"/><temps name="def"><temp name="T1031"/></temps><temps name="in"><temp name="T6"/></temps><temps name="out"><temp name="T6"/></temps></instruction><instruction code="INCH  T1031, 0"><temps name="use"/><temps name="def"><temp name="T1031"/></temps><temps name="in"><temp name="T6"/></temps><temps name="out"><temp name="T6"/><temp name="T1031"/></temps></instruction><instruction code="OR T131, T1031, 0"><temps name="use"><temp name="T1031"/></temps><temps name="def"><temp name="T131"/></temps><temps name="in"><temp name="T6"/><temp name="T1031"/></temps><temps name="out"><temp name="T6"/><temp name="T131"/></temps></instruction><instruction code="OR T132, T6, 0"><temps name="use"><temp name="T6"/></temps><temps name="def"><temp name="T132"/></temps><temps name="in"><temp name="T6"/><temp name="T131"/></temps><temps name="out"><temp name="T6"/><temp name="T131"/><temp name="T132"/></temps></instruction><instruction code="SETL  T1032, 8"><temps name="use"/><temps name="def"><temp name="T1032"/></temps><temps name="in"><temp name="T6"/><temp name="T131"/><temp name="T132"/></temps><temps name="out"><temp name="T6"/><temp name="T131"/><temp name="T132"/></temps></instruction><instruction code="INCML T1032, 0"><temps name="use"/><temps name="def"><temp name="T1032"/></temps><temps name="in"><temp name="T6"/><temp name="T131"/><temp name="T132"/></temps><temps name="out"><temp name="T6"/><temp name="T131"/><temp name="T132"/></temps></instruction><instruction code="INCMH T1032, 0"><temps name="use"/><temps name="def"><temp name="T1032"/></temps><temps name="in"><temp name="T6"/><temp name="T131"/><temp name="T132"/></temps><temps name="out"><temp name="T6"/><temp name="T131"/><temp name="T132"/></temps></instruction><instruction code="INCH  T1032, 0"><temps name="use"/><temps name="def"><temp name="T1032"/></temps><temps name="in"><temp name="T6"/><temp name="T131"/><temp name="T132"/></temps><temps name="out"><temp name="T6"/><temp name="T131"/><temp name="T1032"/><temp name="T132"/></temps></instruction><instruction code="NEG T1032, 0, T1032"><temps name="use"><temp name="T1032"/></temps><temps name="def"><temp name="T1032"/></temps><temps name="in"><temp name="T6"/><temp name="T131"/><temp name="T1032"/><temp name="T132"/></temps><temps name="out"><temp name="T6"/><temp name="T131"/><temp name="T1032"/><temp name="T132"/></temps></instruction><instruction code="OR T133, T1032, 0"><temps name="use"><temp name="T1032"/></temps><temps name="def"><temp name="T133"/></temps><temps name="in"><temp name="T6"/><temp name="T131"/><temp name="T1032"/><temp name="T132"/></temps><temps name="out"><temp name="T6"/><temp name="T131"/><temp name="T133"/><temp name="T132"/></temps></instruction><instruction code="ADD T1033, T132, T133"><temps name="use"><temp name="T132"/><temp name="T133"/></temps><temps name="def"><temp name="T1033"/></temps><temps name="in"><temp name="T6"/><temp name="T131"/><temp name="T133"/><temp name="T132"/></temps><temps name="out"><temp name="T6"/><temp name="T131"/><temp name="T1033"/></temps></instruction><instruction code="OR T134, T1033, 0"><temps name="use"><temp name="T1033"/></temps><temps name="def"><temp name="T134"/></temps><temps name="in"><temp name="T6"/><temp name="T131"/><temp name="T1033"/></temps><temps name="out"><temp name="T6"/><temp name="T134"/><temp name="T131"/></temps></instruction><instruction code="OR T135, T134, 0"><temps name="use"><temp name="T134"/></temps><temps name="def"><temp name="T135"/></temps><temps name="in"><temp name="T6"/><temp name="T134"/><temp name="T131"/></temps><temps name="out"><temp name="T6"/><temp name="T131"/><temp name="T135"/></temps></instruction><instruction code="STO T131, $254, 8"><temps name="use"><temp name="T131"/></temps><temps name="def"/><temps name="in"><temp name="T6"/><temp name="T131"/><temp name="T135"/></temps><temps name="out"><temp name="T6"/><temp name="T135"/></temps></instruction><instruction code="STO T135, $254, 16"><temps name="use"><temp name="T135"/></temps><temps name="def"/><temps name="in"><temp name="T6"/><temp name="T135"/></temps><temps name="out"><temp name="T6"/></temps></instruction><instruction code="LDA T1035, _putInt"><temps name="use"/><temps name="def"><temp name="T1035"/></temps><temps name="in"><temp name="T6"/></temps><temps name="out"><temp name="T6"/><temp name="T1035"/></temps></instruction><instruction code="PUSHJ $16, T1035, 0"><temps name="use"><temp name="T1035"/></temps><temps name="def"/><temps name="in"><temp name="T6"/><temp name="T1035"/></temps><temps name="out"><temp name="T6"/></temps></instruction><instruction code="LDO T1036, $254, 0"><temps name="use"/><temps name="def"><temp name="T1036"/></temps><temps name="in"><temp name="T6"/></temps><temps name="out"><temp name="T6"/><temp name="T1036"/></temps></instruction><instruction code="OR T136, T1036, 0"><temps name="use"><temp name="T1036"/></temps><temps name="def"><temp name="T136"/></temps><temps name="in"><temp name="T6"/><temp name="T1036"/></temps><temps name="out"><temp name="T6"/></temps></instruction><instruction code="SETL  T1037, 0"><temps name="use"/><temps name="def"><temp name="T1037"/></temps><temps name="in"><temp name="T6"/></temps><temps name="out"><temp name="T6"/></temps></instruction><instruction code="INCML T1037, 0"><temps name="use"/><temps name="def"><temp name="T1037"/></temps><temps name="in"><temp name="T6"/></temps><temps name="out"><temp name="T6"/></temps></instruction><instruction code="INCMH T1037, 0"><temps name="use"/><temps name="def"><temp name="T1037"/></temps><temps name="in"><temp name="T6"/></temps><temps name="out"><temp name="T6"/></temps></instruction><instruction code="INCH  T1037, 0"><temps name="use"/><temps name="def"><temp name="T1037"/></temps><temps name="in"><temp name="T6"/></temps><temps name="out"><temp name="T6"/><temp name="T1037"/></temps></instruction><instruction code="OR T137, T1037, 0"><temps name="use"><temp name="T1037"/></temps><temps name="def"><temp name="T137"/></temps><temps name="in"><temp name="T6"/><temp name="T1037"/></temps><temps name="out"><temp name="T6"/><temp name="T137"/></temps></instruction><instruction code="LDA T1038, L16"><temps name="use"/><temps name="def"><temp name="T1038"/></temps><temps name="in"><temp name="T6"/><temp name="T137"/></temps><temps name="out"><temp name="T6"/><temp name="T1038"/><temp name="T137"/></temps></instruction><instruction code="OR T138, T1038, 0"><temps name="use"><temp name="T1038"/></temps><temps name="def"><temp name="T138"/></temps><temps name="in"><temp name="T6"/><temp name="T1038"/><temp name="T137"/></temps><temps name="out"><temp name="T6"/><temp name="T138"/><temp name="T137"/></temps></instruction><instruction code="STO T137, $254, 8"><temps name="use"><temp name="T137"/></temps><temps name="def"/><temps name="in"><temp name="T6"/><temp name="T138"/><temp name="T137"/></temps><temps name="out"><temp name="T6"/><temp name="T138"/></temps></instruction><instruction code="STO T138, $254, 16"><temps name="use"><temp name="T138"/></temps><temps name="def"/><temps name="in"><temp name="T6"/><temp name="T138"/></temps><temps name="out"><temp name="T6"/></temps></instruction><instruction code="LDA T1039, _putString"><temps name="use"/><temps name="def"><temp name="T1039"/></temps><temps name="in"><temp name="T6"/></temps><temps name="out"><temp name="T6"/><temp name="T1039"/></temps></instruction><instruction code="PUSHJ $16, T1039, 0"><temps name="use"><temp name="T1039"/></temps><temps name="def"/><temps name="in"><temp name="T6"/><temp name="T1039"/></temps><temps name="out"><temp name="T6"/></temps></instruction><instruction code="LDO T1040, $254, 0"><temps name="use"/><temps name="def"><temp name="T1040"/></temps><temps name="in"><temp name="T6"/></temps><temps name="out"><temp name="T6"/><temp name="T1040"/></temps></instruction><instruction code="OR T139, T1040, 0"><temps name="use"><temp name="T1040"/></temps><temps name="def"><temp name="T139"/></temps><temps name="in"><temp name="T6"/><temp name="T1040"/></temps><temps name="out"><temp name="T6"/></temps></instruction><instruction code="SETL  T1041, 0"><temps name="use"/><temps name="def"><temp name="T1041"/></temps><temps name="in"><temp name="T6"/></temps><temps name="out"><temp name="T6"/></temps></instruction><instruction code="INCML T1041, 0"><temps name="use"/><temps name="def"><temp name="T1041"/></temps><temps name="in"><temp name="T6"/></temps><temps name="out"><temp name="T6"/></temps></instruction><instruction code="INCMH T1041, 0"><temps name="use"/><temps name="def"><temp name="T1041"/></temps><temps name="in"><temp name="T6"/></temps><temps name="out"><temp name="T6"/></temps></instruction><instruction code="INCH  T1041, 0"><temps name="use"/><temps name="def"><temp name="T1041"/></temps><temps name="in"><temp name="T6"/></temps><temps name="out"><temp name="T6"/><temp name="T1041"/></temps></instruction><instruction code="OR T140, T1041, 0"><temps name="use"><temp name="T1041"/></temps><temps name="def"><temp name="T140"/></temps><temps name="in"><temp name="T6"/><temp name="T1041"/></temps><temps name="out"><temp name="T6"/><temp name="T140"/></temps></instruction><instruction code="SETL  T1042, 0"><temps name="use"/><temps name="def"><temp name="T1042"/></temps><temps name="in"><temp name="T6"/><temp name="T140"/></temps><temps name="out"><temp name="T6"/><temp name="T140"/></temps></instruction><instruction code="INCML T1042, 0"><temps name="use"/><temps name="def"><temp name="T1042"/></temps><temps name="in"><temp name="T6"/><temp name="T140"/></temps><temps name="out"><temp name="T6"/><temp name="T140"/></temps></instruction><instruction code="INCMH T1042, 0"><temps name="use"/><temps name="def"><temp name="T1042"/></temps><temps name="in"><temp name="T6"/><temp name="T140"/></temps><temps name="out"><temp name="T6"/><temp name="T140"/></temps></instruction><instruction code="INCH  T1042, 0"><temps name="use"/><temps name="def"><temp name="T1042"/></temps><temps name="in"><temp name="T6"/><temp name="T140"/></temps><temps name="out"><temp name="T6"/><temp name="T140"/><temp name="T1042"/></temps></instruction><instruction code="OR T141, T1042, 0"><temps name="use"><temp name="T1042"/></temps><temps name="def"><temp name="T141"/></temps><temps name="in"><temp name="T6"/><temp name="T140"/><temp name="T1042"/></temps><temps name="out"><temp name="T6"/><temp name="T140"/><temp name="T141"/></temps></instruction><instruction code="OR T142, T6, 0"><temps name="use"><temp name="T6"/></temps><temps name="def"><temp name="T142"/></temps><temps name="in"><temp name="T6"/><temp name="T140"/><temp name="T141"/></temps><temps name="out"><temp name="T140"/><temp name="T6"/><temp name="T141"/><temp name="T142"/></temps></instruction><instruction code="SETL  T1043, 8"><temps name="use"/><temps name="def"><temp name="T1043"/></temps><temps name="in"><temp name="T140"/><temp name="T6"/><temp name="T141"/><temp name="T142"/></temps><temps name="out"><temp name="T140"/><temp name="T6"/><temp name="T141"/><temp name="T142"/></temps></instruction><instruction code="INCML T1043, 0"><temps name="use"/><temps name="def"><temp name="T1043"/></temps><temps name="in"><temp name="T140"/><temp name="T6"/><temp name="T141"/><temp name="T142"/></temps><temps name="out"><temp name="T140"/><temp name="T6"/><temp name="T141"/><temp name="T142"/></temps></instruction><instruction code="INCMH T1043, 0"><temps name="use"/><temps name="def"><temp name="T1043"/></temps><temps name="in"><temp name="T140"/><temp name="T6"/><temp name="T141"/><temp name="T142"/></temps><temps name="out"><temp name="T140"/><temp name="T6"/><temp name="T141"/><temp name="T142"/></temps></instruction><instruction code="INCH  T1043, 0"><temps name="use"/><temps name="def"><temp name="T1043"/></temps><temps name="in"><temp name="T140"/><temp name="T6"/><temp name="T141"/><temp name="T142"/></temps><temps name="out"><temp name="T140"/><temp name="T6"/><temp name="T141"/><temp name="T142"/><temp name="T1043"/></temps></instruction><instruction code="NEG T1043, 0, T1043"><temps name="use"><temp name="T1043"/></temps><temps name="def"><temp name="T1043"/></temps><temps name="in"><temp name="T140"/><temp name="T6"/><temp name="T141"/><temp name="T142"/><temp name="T1043"/></temps><temps name="out"><temp name="T140"/><temp name="T6"/><temp name="T141"/><temp name="T142"/><temp name="T1043"/></temps></instruction><instruction code="OR T143, T1043, 0"><temps name="use"><temp name="T1043"/></temps><temps name="def"><temp name="T143"/></temps><temps name="in"><temp name="T140"/><temp name="T6"/><temp name="T141"/><temp name="T142"/><temp name="T1043"/></temps><temps name="out"><temp name="T143"/><temp name="T140"/><temp name="T6"/><temp name="T141"/><temp name="T142"/></temps></instruction><instruction code="ADD T1044, T142, T143"><temps name="use"><temp name="T142"/><temp name="T143"/></temps><temps name="def"><temp name="T1044"/></temps><temps name="in"><temp name="T143"/><temp name="T140"/><temp name="T6"/><temp name="T141"/><temp name="T142"/></temps><temps name="out"><temp name="T140"/><temp name="T6"/><temp name="T141"/><temp name="T1044"/></temps></instruction><instruction code="OR T144, T1044, 0"><temps name="use"><temp name="T1044"/></temps><temps name="def"><temp name="T144"/></temps><temps name="in"><temp name="T140"/><temp name="T6"/><temp name="T141"/><temp name="T1044"/></temps><temps name="out"><temp name="T140"/><temp name="T6"/><temp name="T144"/><temp name="T141"/></temps></instruction><instruction code="OR T145, T144, 0"><temps name="use"><temp name="T144"/></temps><temps name="def"><temp name="T145"/></temps><temps name="in"><temp name="T140"/><temp name="T6"/><temp name="T144"/><temp name="T141"/></temps><temps name="out"><temp name="T140"/><temp name="T6"/><temp name="T141"/><temp name="T145"/></temps></instruction><instruction code="STO T141, $254, 8"><temps name="use"><temp name="T141"/></temps><temps name="def"/><temps name="in"><temp name="T140"/><temp name="T6"/><temp name="T141"/><temp name="T145"/></temps><temps name="out"><temp name="T140"/><temp name="T6"/><temp name="T145"/></temps></instruction><instruction code="STO T145, $254, 16"><temps name="use"><temp name="T145"/></temps><temps name="def"/><temps name="in"><temp name="T140"/><temp name="T6"/><temp name="T145"/></temps><temps name="out"><temp name="T140"/><temp name="T6"/></temps></instruction><instruction code="LDA T1046, _fibItr"><temps name="use"/><temps name="def"><temp name="T1046"/></temps><temps name="in"><temp name="T140"/><temp name="T6"/></temps><temps name="out"><temp name="T140"/><temp name="T6"/><temp name="T1046"/></temps></instruction><instruction code="PUSHJ $16, T1046, 0"><temps name="use"><temp name="T1046"/></temps><temps name="def"/><temps name="in"><temp name="T140"/><temp name="T6"/><temp name="T1046"/></temps><temps name="out"><temp name="T140"/><temp name="T6"/></temps></instruction><instruction code="LDO T1047, $254, 0"><temps name="use"/><temps name="def"><temp name="T1047"/></temps><temps name="in"><temp name="T140"/><temp name="T6"/></temps><temps name="out"><temp name="T140"/><temp name="T6"/><temp name="T1047"/></temps></instruction><instruction code="OR T146, T1047, 0"><temps name="use"><temp name="T1047"/></temps><temps name="def"><temp name="T146"/></temps><temps name="in"><temp name="T140"/><temp name="T6"/><temp name="T1047"/></temps><temps name="out"><temp name="T140"/><temp name="T6"/><temp name="T146"/></temps></instruction><instruction code="STO T140, $254, 8"><temps name="use"><temp name="T140"/></temps><temps name="def"/><temps name="in"><temp name="T140"/><temp name="T6"/><temp name="T146"/></temps><temps name="out"><temp name="T6"/><temp name="T146"/></temps></instruction><instruction code="STO T146, $254, 16"><temps name="use"><temp name="T146"/></temps><temps name="def"/><temps name="in"><temp name="T6"/><temp name="T146"/></temps><temps name="out"><temp name="T6"/></temps></instruction><instruction code="LDA T1048, _putInt"><temps name="use"/><temps name="def"><temp name="T1048"/></temps><temps name="in"><temp name="T6"/></temps><temps name="out"><temp name="T6"/><temp name="T1048"/></temps></instruction><instruction code="PUSHJ $16, T1048, 0"><temps name="use"><temp name="T1048"/></temps><temps name="def"/><temps name="in"><temp name="T6"/><temp name="T1048"/></temps><temps name="out"><temp name="T6"/></temps></instruction><instruction code="LDO T1049, $254, 0"><temps name="use"/><temps name="def"><temp name="T1049"/></temps><temps name="in"><temp name="T6"/></temps><temps name="out"><temp name="T1049"/><temp name="T6"/></temps></instruction><instruction code="OR T147, T1049, 0"><temps name="use"><temp name="T1049"/></temps><temps name="def"><temp name="T147"/></temps><temps name="in"><temp name="T1049"/><temp name="T6"/></temps><temps name="out"><temp name="T6"/></temps></instruction><instruction code="SETL  T1050, 0"><temps name="use"/><temps name="def"><temp name="T1050"/></temps><temps name="in"><temp name="T6"/></temps><temps name="out"><temp name="T6"/></temps></instruction><instruction code="INCML T1050, 0"><temps name="use"/><temps name="def"><temp name="T1050"/></temps><temps name="in"><temp name="T6"/></temps><temps name="out"><temp name="T6"/></temps></instruction><instruction code="INCMH T1050, 0"><temps name="use"/><temps name="def"><temp name="T1050"/></temps><temps name="in"><temp name="T6"/></temps><temps name="out"><temp name="T6"/></temps></instruction><instruction code="INCH  T1050, 0"><temps name="use"/><temps name="def"><temp name="T1050"/></temps><temps name="in"><temp name="T6"/></temps><temps name="out"><temp name="T1050"/><temp name="T6"/></temps></instruction><instruction code="OR T148, T1050, 0"><temps name="use"><temp name="T1050"/></temps><temps name="def"><temp name="T148"/></temps><temps name="in"><temp name="T1050"/><temp name="T6"/></temps><temps name="out"><temp name="T148"/><temp name="T6"/></temps></instruction><instruction code="SETL  T1051, 10"><temps name="use"/><temps name="def"><temp name="T1051"/></temps><temps name="in"><temp name="T148"/><temp name="T6"/></temps><temps name="out"><temp name="T148"/><temp name="T6"/></temps></instruction><instruction code="INCML T1051, 0"><temps name="use"/><temps name="def"><temp name="T1051"/></temps><temps name="in"><temp name="T148"/><temp name="T6"/></temps><temps name="out"><temp name="T148"/><temp name="T6"/></temps></instruction><instruction code="INCMH T1051, 0"><temps name="use"/><temps name="def"><temp name="T1051"/></temps><temps name="in"><temp name="T148"/><temp name="T6"/></temps><temps name="out"><temp name="T148"/><temp name="T6"/></temps></instruction><instruction code="INCH  T1051, 0"><temps name="use"/><temps name="def"><temp name="T1051"/></temps><temps name="in"><temp name="T148"/><temp name="T6"/></temps><temps name="out"><temp name="T148"/><temp name="T6"/><temp name="T1051"/></temps></instruction><instruction code="OR T149, T1051, 0"><temps name="use"><temp name="T1051"/></temps><temps name="def"><temp name="T149"/></temps><temps name="in"><temp name="T148"/><temp name="T6"/><temp name="T1051"/></temps><temps name="out"><temp name="T148"/><temp name="T6"/><temp name="T149"/></temps></instruction><instruction code="SETL  T1052, 256"><temps name="use"/><temps name="def"><temp name="T1052"/></temps><temps name="in"><temp name="T148"/><temp name="T6"/><temp name="T149"/></temps><temps name="out"><temp name="T148"/><temp name="T6"/><temp name="T149"/></temps></instruction><instruction code="INCML T1052, 0"><temps name="use"/><temps name="def"><temp name="T1052"/></temps><temps name="in"><temp name="T148"/><temp name="T6"/><temp name="T149"/></temps><temps name="out"><temp name="T148"/><temp name="T6"/><temp name="T149"/></temps></instruction><instruction code="INCMH T1052, 0"><temps name="use"/><temps name="def"><temp name="T1052"/></temps><temps name="in"><temp name="T148"/><temp name="T6"/><temp name="T149"/></temps><temps name="out"><temp name="T148"/><temp name="T6"/><temp name="T149"/></temps></instruction><instruction code="INCH  T1052, 0"><temps name="use"/><temps name="def"><temp name="T1052"/></temps><temps name="in"><temp name="T148"/><temp name="T6"/><temp name="T149"/></temps><temps name="out"><temp name="T148"/><temp name="T6"/><temp name="T149"/><temp name="T1052"/></temps></instruction><instruction code="OR T150, T1052, 0"><temps name="use"><temp name="T1052"/></temps><temps name="def"><temp name="T150"/></temps><temps name="in"><temp name="T148"/><temp name="T6"/><temp name="T149"/><temp name="T1052"/></temps><temps name="out"><temp name="T148"/><temp name="T6"/><temp name="T150"/><temp name="T149"/></temps></instruction><instruction code="DIV T1053, T149, T150"><temps name="use"><temp name="T149"/><temp name="T150"/></temps><temps name="def"><temp name="T1053"/></temps><temps name="in"><temp name="T148"/><temp name="T6"/><temp name="T150"/><temp name="T149"/></temps><temps name="out"><temp name="T148"/><temp name="T6"/></temps></instruction><instruction code="OR T1053, rR, 0"><temps name="use"/><temps name="def"><temp name="T1053"/></temps><temps name="in"><temp name="T148"/><temp name="T6"/></temps><temps name="out"><temp name="T148"/><temp name="T6"/><temp name="T1053"/></temps></instruction><instruction code="OR T151, T1053, 0"><temps name="use"><temp name="T1053"/></temps><temps name="def"><temp name="T151"/></temps><temps name="in"><temp name="T148"/><temp name="T6"/><temp name="T1053"/></temps><temps name="out"><temp name="T148"/><temp name="T6"/><temp name="T151"/></temps></instruction><instruction code="STO T148, $254, 8"><temps name="use"><temp name="T148"/></temps><temps name="def"/><temps name="in"><temp name="T148"/><temp name="T6"/><temp name="T151"/></temps><temps name="out"><temp name="T6"/><temp name="T151"/></temps></instruction><instruction code="STO T151, $254, 16"><temps name="use"><temp name="T151"/></temps><temps name="def"/><temps name="in"><temp name="T6"/><temp name="T151"/></temps><temps name="out"><temp name="T6"/></temps></instruction><instruction code="LDA T1054, _putChar"><temps name="use"/><temps name="def"><temp name="T1054"/></temps><temps name="in"><temp name="T6"/></temps><temps name="out"><temp name="T6"/><temp name="T1054"/></temps></instruction><instruction code="PUSHJ $16, T1054, 0"><temps name="use"><temp name="T1054"/></temps><temps name="def"/><temps name="in"><temp name="T6"/><temp name="T1054"/></temps><temps name="out"><temp name="T6"/></temps></instruction><instruction code="LDO T1055, $254, 0"><temps name="use"/><temps name="def"><temp name="T1055"/></temps><temps name="in"><temp name="T6"/></temps><temps name="out"><temp name="T6"/><temp name="T1055"/></temps></instruction><instruction code="OR T152, T1055, 0"><temps name="use"><temp name="T1055"/></temps><temps name="def"><temp name="T152"/></temps><temps name="in"><temp name="T6"/><temp name="T1055"/></temps><temps name="out"><temp name="T6"/></temps></instruction><instruction code="OR T153, T6, 0"><temps name="use"><temp name="T6"/></temps><temps name="def"><temp name="T153"/></temps><temps name="in"><temp name="T6"/></temps><temps name="out"><temp name="T153"/><temp name="T6"/></temps></instruction><instruction code="SETL  T1056, 8"><temps name="use"/><temps name="def"><temp name="T1056"/></temps><temps name="in"><temp name="T153"/><temp name="T6"/></temps><temps name="out"><temp name="T153"/><temp name="T6"/></temps></instruction><instruction code="INCML T1056, 0"><temps name="use"/><temps name="def"><temp name="T1056"/></temps><temps name="in"><temp name="T153"/><temp name="T6"/></temps><temps name="out"><temp name="T153"/><temp name="T6"/></temps></instruction><instruction code="INCMH T1056, 0"><temps name="use"/><temps name="def"><temp name="T1056"/></temps><temps name="in"><temp name="T153"/><temp name="T6"/></temps><temps name="out"><temp name="T153"/><temp name="T6"/></temps></instruction><instruction code="INCH  T1056, 0"><temps name="use"/><temps name="def"><temp name="T1056"/></temps><temps name="in"><temp name="T153"/><temp name="T6"/></temps><temps name="out"><temp name="T153"/><temp name="T6"/><temp name="T1056"/></temps></instruction><instruction code="NEG T1056, 0, T1056"><temps name="use"><temp name="T1056"/></temps><temps name="def"><temp name="T1056"/></temps><temps name="in"><temp name="T153"/><temp name="T6"/><temp name="T1056"/></temps><temps name="out"><temp name="T153"/><temp name="T6"/><temp name="T1056"/></temps></instruction><instruction code="OR T154, T1056, 0"><temps name="use"><temp name="T1056"/></temps><temps name="def"><temp name="T154"/></temps><temps name="in"><temp name="T153"/><temp name="T6"/><temp name="T1056"/></temps><temps name="out"><temp name="T153"/><temp name="T6"/><temp name="T154"/></temps></instruction><instruction code="ADD T1057, T153, T154"><temps name="use"><temp name="T153"/><temp name="T154"/></temps><temps name="def"><temp name="T1057"/></temps><temps name="in"><temp name="T153"/><temp name="T6"/><temp name="T154"/></temps><temps name="out"><temp name="T6"/><temp name="T1057"/></temps></instruction><instruction code="OR T155, T1057, 0"><temps name="use"><temp name="T1057"/></temps><temps name="def"><temp name="T155"/></temps><temps name="in"><temp name="T6"/><temp name="T1057"/></temps><temps name="out"><temp name="T6"/><temp name="T155"/></temps></instruction><instruction code="OR T156, T155, 0"><temps name="use"><temp name="T155"/></temps><temps name="def"><temp name="T156"/></temps><temps name="in"><temp name="T6"/><temp name="T155"/></temps><temps name="out"><temp name="T6"/><temp name="T156"/></temps></instruction><instruction code="SETL  T1059, 1"><temps name="use"/><temps name="def"><temp name="T1059"/></temps><temps name="in"><temp name="T6"/><temp name="T156"/></temps><temps name="out"><temp name="T6"/><temp name="T156"/></temps></instruction><instruction code="INCML T1059, 0"><temps name="use"/><temps name="def"><temp name="T1059"/></temps><temps name="in"><temp name="T6"/><temp name="T156"/></temps><temps name="out"><temp name="T6"/><temp name="T156"/></temps></instruction><instruction code="INCMH T1059, 0"><temps name="use"/><temps name="def"><temp name="T1059"/></temps><temps name="in"><temp name="T6"/><temp name="T156"/></temps><temps name="out"><temp name="T6"/><temp name="T156"/></temps></instruction><instruction code="INCH  T1059, 0"><temps name="use"/><temps name="def"><temp name="T1059"/></temps><temps name="in"><temp name="T6"/><temp name="T156"/></temps><temps name="out"><temp name="T6"/><temp name="T156"/><temp name="T1059"/></temps></instruction><instruction code="OR T157, T1059, 0"><temps name="use"><temp name="T1059"/></temps><temps name="def"><temp name="T157"/></temps><temps name="in"><temp name="T6"/><temp name="T156"/><temp name="T1059"/></temps><temps name="out"><temp name="T6"/><temp name="T157"/><temp name="T156"/></temps></instruction><instruction code="ADD T1060, T156, T157"><temps name="use"><temp name="T156"/><temp name="T157"/></temps><temps name="def"><temp name="T1060"/></temps><temps name="in"><temp name="T6"/><temp name="T157"/><temp name="T156"/></temps><temps name="out"><temp name="T6"/><temp name="T1060"/></temps></instruction><instruction code="OR T158, T1060, 0"><temps name="use"><temp name="T1060"/></temps><temps name="def"><temp name="T158"/></temps><temps name="in"><temp name="T6"/><temp name="T1060"/></temps><temps name="out"><temp name="T6"/><temp name="T158"/></temps></instruction><instruction code="SETL  T1061, 8"><temps name="use"/><temps name="def"><temp name="T1061"/></temps><temps name="in"><temp name="T6"/><temp name="T158"/></temps><temps name="out"><temp name="T6"/><temp name="T158"/></temps></instruction><instruction code="INCML T1061, 0"><temps name="use"/><temps name="def"><temp name="T1061"/></temps><temps name="in"><temp name="T6"/><temp name="T158"/></temps><temps name="out"><temp name="T6"/><temp name="T158"/></temps></instruction><instruction code="INCMH T1061, 0"><temps name="use"/><temps name="def"><temp name="T1061"/></temps><temps name="in"><temp name="T6"/><temp name="T158"/></temps><temps name="out"><temp name="T6"/><temp name="T158"/></temps></instruction><instruction code="INCH  T1061, 0"><temps name="use"/><temps name="def"><temp name="T1061"/></temps><temps name="in"><temp name="T6"/><temp name="T158"/></temps><temps name="out"><temp name="T6"/><temp name="T1061"/><temp name="T158"/></temps></instruction><instruction code="NEG T1061, 0, T1061"><temps name="use"><temp name="T1061"/></temps><temps name="def"><temp name="T1061"/></temps><temps name="in"><temp name="T6"/><temp name="T1061"/><temp name="T158"/></temps><temps name="out"><temp name="T6"/><temp name="T1061"/><temp name="T158"/></temps></instruction><instruction code="ADD T1062, T6, T1061"><temps name="use"><temp name="T6"/><temp name="T1061"/></temps><temps name="def"><temp name="T1062"/></temps><temps name="in"><temp name="T6"/><temp name="T1061"/><temp name="T158"/></temps><temps name="out"><temp name="T6"/><temp name="T158"/><temp name="T1062"/></temps></instruction><instruction code="STO T1062, T158, 0"><temps name="use"><temp name="T1062"/><temp name="T158"/></temps><temps name="def"/><temps name="in"><temp name="T6"/><temp name="T158"/><temp name="T1062"/></temps><temps name="out"><temp name="T6"/></temps></instruction><instruction code="LDA T1064, L17"><temps name="use"/><temps name="def"><temp name="T1064"/></temps><temps name="in"><temp name="T6"/></temps><temps name="out"><temp name="T1064"/><temp name="T6"/></temps></instruction><instruction code="GO T1064, T1064, 0"><temps name="use"><temp name="T1064"/></temps><temps name="def"><temp name="T1064"/></temps><temps name="in"><temp name="T1064"/><temp name="T6"/></temps><temps name="out"><temp name="T6"/></temps></instruction><instruction code="L19"><temps name="use"/><temps name="def"/><temps name="in"><temp name="T6"/></temps><temps name="out"><temp name="T6"/></temps></instruction><instruction code="SETL  T1065, 0"><temps name="use"/><temps name="def"><temp name="T1065"/></temps><temps name="in"><temp name="T6"/></temps><temps name="out"><temp name="T6"/></temps></instruction><instruction code="INCML T1065, 0"><temps name="use"/><temps name="def"><temp name="T1065"/></temps><temps name="in"><temp name="T6"/></temps><temps name="out"><temp name="T6"/></temps></instruction><instruction code="INCMH T1065, 0"><temps name="use"/><temps name="def"><temp name="T1065"/></temps><temps name="in"><temp name="T6"/></temps><temps name="out"><temp name="T6"/></temps></instruction><instruction code="INCH  T1065, 0"><temps name="use"/><temps name="def"><temp name="T1065"/></temps><temps name="in"><temp name="T6"/></temps><temps name="out"><temp name="T6"/><temp name="T1065"/></temps></instruction><instruction code="OR T159, T1065, 0"><temps name="use"><temp name="T1065"/></temps><temps name="def"><temp name="T159"/></temps><temps name="in"><temp name="T6"/><temp name="T1065"/></temps><temps name="out"><temp name="T6"/><temp name="T159"/></temps></instruction><instruction code="LDA T1066, L20"><temps name="use"/><temps name="def"><temp name="T1066"/></temps><temps name="in"><temp name="T6"/><temp name="T159"/></temps><temps name="out"><temp name="T6"/><temp name="T159"/><temp name="T1066"/></temps></instruction><instruction code="OR T160, T1066, 0"><temps name="use"><temp name="T1066"/></temps><temps name="def"><temp name="T160"/></temps><temps name="in"><temp name="T6"/><temp name="T159"/><temp name="T1066"/></temps><temps name="out"><temp name="T6"/><temp name="T159"/><temp name="T160"/></temps></instruction><instruction code="STO T159, $254, 8"><temps name="use"><temp name="T159"/></temps><temps name="def"/><temps name="in"><temp name="T6"/><temp name="T159"/><temp name="T160"/></temps><temps name="out"><temp name="T6"/><temp name="T160"/></temps></instruction><instruction code="STO T160, $254, 16"><temps name="use"><temp name="T160"/></temps><temps name="def"/><temps name="in"><temp name="T6"/><temp name="T160"/></temps><temps name="out"><temp name="T6"/></temps></instruction><instruction code="LDA T1067, _putString"><temps name="use"/><temps name="def"><temp name="T1067"/></temps><temps name="in"><temp name="T6"/></temps><temps name="out"><temp name="T6"/><temp name="T1067"/></temps></instruction><instruction code="PUSHJ $16, T1067, 0"><temps name="use"><temp name="T1067"/></temps><temps name="def"/><temps name="in"><temp name="T6"/><temp name="T1067"/></temps><temps name="out"><temp name="T6"/></temps></instruction><instruction code="LDO T1068, $254, 0"><temps name="use"/><temps name="def"><temp name="T1068"/></temps><temps name="in"><temp name="T6"/></temps><temps name="out"><temp name="T6"/><temp name="T1068"/></temps></instruction><instruction code="OR T161, T1068, 0"><temps name="use"><temp name="T1068"/></temps><temps name="def"><temp name="T161"/></temps><temps name="in"><temp name="T6"/><temp name="T1068"/></temps><temps name="out"><temp name="T6"/></temps></instruction><instruction code="SETL  T1069, 0"><temps name="use"/><temps name="def"><temp name="T1069"/></temps><temps name="in"><temp name="T6"/></temps><temps name="out"><temp name="T6"/></temps></instruction><instruction code="INCML T1069, 0"><temps name="use"/><temps name="def"><temp name="T1069"/></temps><temps name="in"><temp name="T6"/></temps><temps name="out"><temp name="T6"/></temps></instruction><instruction code="INCMH T1069, 0"><temps name="use"/><temps name="def"><temp name="T1069"/></temps><temps name="in"><temp name="T6"/></temps><temps name="out"><temp name="T6"/></temps></instruction><instruction code="INCH  T1069, 0"><temps name="use"/><temps name="def"><temp name="T1069"/></temps><temps name="in"><temp name="T6"/></temps><temps name="out"><temp name="T6"/><temp name="T1069"/></temps></instruction><instruction code="OR T162, T1069, 0"><temps name="use"><temp name="T1069"/></temps><temps name="def"><temp name="T162"/></temps><temps name="in"><temp name="T6"/><temp name="T1069"/></temps><temps name="out"><temp name="T6"/><temp name="T162"/></temps></instruction><instruction code="SETL  T1070, 10"><temps name="use"/><temps name="def"><temp name="T1070"/></temps><temps name="in"><temp name="T6"/><temp name="T162"/></temps><temps name="out"><temp name="T6"/><temp name="T162"/></temps></instruction><instruction code="INCML T1070, 0"><temps name="use"/><temps name="def"><temp name="T1070"/></temps><temps name="in"><temp name="T6"/><temp name="T162"/></temps><temps name="out"><temp name="T6"/><temp name="T162"/></temps></instruction><instruction code="INCMH T1070, 0"><temps name="use"/><temps name="def"><temp name="T1070"/></temps><temps name="in"><temp name="T6"/><temp name="T162"/></temps><temps name="out"><temp name="T6"/><temp name="T162"/></temps></instruction><instruction code="INCH  T1070, 0"><temps name="use"/><temps name="def"><temp name="T1070"/></temps><temps name="in"><temp name="T6"/><temp name="T162"/></temps><temps name="out"><temp name="T6"/><temp name="T162"/><temp name="T1070"/></temps></instruction><instruction code="OR T163, T1070, 0"><temps name="use"><temp name="T1070"/></temps><temps name="def"><temp name="T163"/></temps><temps name="in"><temp name="T6"/><temp name="T162"/><temp name="T1070"/></temps><temps name="out"><temp name="T6"/><temp name="T162"/><temp name="T163"/></temps></instruction><instruction code="SETL  T1071, 256"><temps name="use"/><temps name="def"><temp name="T1071"/></temps><temps name="in"><temp name="T6"/><temp name="T162"/><temp name="T163"/></temps><temps name="out"><temp name="T6"/><temp name="T162"/><temp name="T163"/></temps></instruction><instruction code="INCML T1071, 0"><temps name="use"/><temps name="def"><temp name="T1071"/></temps><temps name="in"><temp name="T6"/><temp name="T162"/><temp name="T163"/></temps><temps name="out"><temp name="T6"/><temp name="T162"/><temp name="T163"/></temps></instruction><instruction code="INCMH T1071, 0"><temps name="use"/><temps name="def"><temp name="T1071"/></temps><temps name="in"><temp name="T6"/><temp name="T162"/><temp name="T163"/></temps><temps name="out"><temp name="T6"/><temp name="T162"/><temp name="T163"/></temps></instruction><instruction code="INCH  T1071, 0"><temps name="use"/><temps name="def"><temp name="T1071"/></temps><temps name="in"><temp name="T6"/><temp name="T162"/><temp name="T163"/></temps><temps name="out"><temp name="T6"/><temp name="T162"/><temp name="T1071"/><temp name="T163"/></temps></instruction><instruction code="OR T164, T1071, 0"><temps name="use"><temp name="T1071"/></temps><temps name="def"><temp name="T164"/></temps><temps name="in"><temp name="T6"/><temp name="T162"/><temp name="T1071"/><temp name="T163"/></temps><temps name="out"><temp name="T6"/><temp name="T162"/><temp name="T163"/><temp name="T164"/></temps></instruction><instruction code="DIV T1072, T163, T164"><temps name="use"><temp name="T163"/><temp name="T164"/></temps><temps name="def"><temp name="T1072"/></temps><temps name="in"><temp name="T6"/><temp name="T162"/><temp name="T163"/><temp name="T164"/></temps><temps name="out"><temp name="T6"/><temp name="T162"/></temps></instruction><instruction code="OR T1072, rR, 0"><temps name="use"/><temps name="def"><temp name="T1072"/></temps><temps name="in"><temp name="T6"/><temp name="T162"/></temps><temps name="out"><temp name="T6"/><temp name="T1072"/><temp name="T162"/></temps></instruction><instruction code="OR T165, T1072, 0"><temps name="use"><temp name="T1072"/></temps><temps name="def"><temp name="T165"/></temps><temps name="in"><temp name="T6"/><temp name="T1072"/><temp name="T162"/></temps><temps name="out"><temp name="T6"/><temp name="T162"/><temp name="T165"/></temps></instruction><instruction code="STO T162, $254, 8"><temps name="use"><temp name="T162"/></temps><temps name="def"/><temps name="in"><temp name="T6"/><temp name="T162"/><temp name="T165"/></temps><temps name="out"><temp name="T6"/><temp name="T165"/></temps></instruction><instruction code="STO T165, $254, 16"><temps name="use"><temp name="T165"/></temps><temps name="def"/><temps name="in"><temp name="T6"/><temp name="T165"/></temps><temps name="out"><temp name="T6"/></temps></instruction><instruction code="LDA T1073, _putChar"><temps name="use"/><temps name="def"><temp name="T1073"/></temps><temps name="in"><temp name="T6"/></temps><temps name="out"><temp name="T6"/><temp name="T1073"/></temps></instruction><instruction code="PUSHJ $16, T1073, 0"><temps name="use"><temp name="T1073"/></temps><temps name="def"/><temps name="in"><temp name="T6"/><temp name="T1073"/></temps><temps name="out"><temp name="T6"/></temps></instruction><instruction code="LDO T1074, $254, 0"><temps name="use"/><temps name="def"><temp name="T1074"/></temps><temps name="in"><temp name="T6"/></temps><temps name="out"><temp name="T6"/><temp name="T1074"/></temps></instruction><instruction code="OR T166, T1074, 0"><temps name="use"><temp name="T1074"/></temps><temps name="def"><temp name="T166"/></temps><temps name="in"><temp name="T6"/><temp name="T1074"/></temps><temps name="out"><temp name="T6"/></temps></instruction><instruction code="SETL  T1075, 1"><temps name="use"/><temps name="def"><temp name="T1075"/></temps><temps name="in"><temp name="T6"/></temps><temps name="out"><temp name="T6"/></temps></instruction><instruction code="INCML T1075, 0"><temps name="use"/><temps name="def"><temp name="T1075"/></temps><temps name="in"><temp name="T6"/></temps><temps name="out"><temp name="T6"/></temps></instruction><instruction code="INCMH T1075, 0"><temps name="use"/><temps name="def"><temp name="T1075"/></temps><temps name="in"><temp name="T6"/></temps><temps name="out"><temp name="T6"/></temps></instruction><instruction code="INCH  T1075, 0"><temps name="use"/><temps name="def"><temp name="T1075"/></temps><temps name="in"><temp name="T6"/></temps><temps name="out"><temp name="T6"/><temp name="T1075"/></temps></instruction><instruction code="OR T167, T1075, 0"><temps name="use"><temp name="T1075"/></temps><temps name="def"><temp name="T167"/></temps><temps name="in"><temp name="T6"/><temp name="T1075"/></temps><temps name="out"><temp name="T6"/><temp name="T167"/></temps></instruction><instruction code="SETL  T1076, 8"><temps name="use"/><temps name="def"><temp name="T1076"/></temps><temps name="in"><temp name="T6"/><temp name="T167"/></temps><temps name="out"><temp name="T6"/><temp name="T167"/></temps></instruction><instruction code="INCML T1076, 0"><temps name="use"/><temps name="def"><temp name="T1076"/></temps><temps name="in"><temp name="T6"/><temp name="T167"/></temps><temps name="out"><temp name="T6"/><temp name="T167"/></temps></instruction><instruction code="INCMH T1076, 0"><temps name="use"/><temps name="def"><temp name="T1076"/></temps><temps name="in"><temp name="T6"/><temp name="T167"/></temps><temps name="out"><temp name="T6"/><temp name="T167"/></temps></instruction><instruction code="INCH  T1076, 0"><temps name="use"/><temps name="def"><temp name="T1076"/></temps><temps name="in"><temp name="T6"/><temp name="T167"/></temps><temps name="out"><temp name="T6"/><temp name="T1076"/><temp name="T167"/></temps></instruction><instruction code="NEG T1076, 0, T1076"><temps name="use"><temp name="T1076"/></temps><temps name="def"><temp name="T1076"/></temps><temps name="in"><temp name="T6"/><temp name="T1076"/><temp name="T167"/></temps><temps name="out"><temp name="T6"/><temp name="T1076"/><temp name="T167"/></temps></instruction><instruction code="ADD T1077, T6, T1076"><temps name="use"><temp name="T6"/><temp name="T1076"/></temps><temps name="def"><temp name="T1077"/></temps><temps name="in"><temp name="T6"/><temp name="T1076"/><temp name="T167"/></temps><temps name="out"><temp name="T6"/><temp name="T1077"/><temp name="T167"/></temps></instruction><instruction code="STO T1077, T167, 0"><temps name="use"><temp name="T1077"/><temp name="T167"/></temps><temps name="def"/><temps name="in"><temp name="T6"/><temp name="T1077"/><temp name="T167"/></temps><temps name="out"><temp name="T6"/></temps></instruction><instruction code="L22"><temps name="use"/><temps name="def"/><temps name="in"><temp name="T6"/></temps><temps name="out"><temp name="T6"/></temps></instruction><instruction code="OR T168, T6, 0"><temps name="use"><temp name="T6"/></temps><temps name="def"><temp name="T168"/></temps><temps name="in"><temp name="T6"/></temps><temps name="out"><temp name="T6"/><temp name="T168"/></temps></instruction><instruction code="SETL  T1079, 8"><temps name="use"/><temps name="def"><temp name="T1079"/></temps><temps name="in"><temp name="T6"/><temp name="T168"/></temps><temps name="out"><temp name="T6"/><temp name="T168"/></temps></instruction><instruction code="INCML T1079, 0"><temps name="use"/><temps name="def"><temp name="T1079"/></temps><temps name="in"><temp name="T6"/><temp name="T168"/></temps><temps name="out"><temp name="T6"/><temp name="T168"/></temps></instruction><instruction code="INCMH T1079, 0"><temps name="use"/><temps name="def"><temp name="T1079"/></temps><temps name="in"><temp name="T6"/><temp name="T168"/></temps><temps name="out"><temp name="T6"/><temp name="T168"/></temps></instruction><instruction code="INCH  T1079, 0"><temps name="use"/><temps name="def"><temp name="T1079"/></temps><temps name="in"><temp name="T6"/><temp name="T168"/></temps><temps name="out"><temp name="T6"/><temp name="T168"/><temp name="T1079"/></temps></instruction><instruction code="NEG T1079, 0, T1079"><temps name="use"><temp name="T1079"/></temps><temps name="def"><temp name="T1079"/></temps><temps name="in"><temp name="T6"/><temp name="T168"/><temp name="T1079"/></temps><temps name="out"><temp name="T6"/><temp name="T168"/><temp name="T1079"/></temps></instruction><instruction code="OR T169, T1079, 0"><temps name="use"><temp name="T1079"/></temps><temps name="def"><temp name="T169"/></temps><temps name="in"><temp name="T6"/><temp name="T168"/><temp name="T1079"/></temps><temps name="out"><temp name="T6"/><temp name="T168"/><temp name="T169"/></temps></instruction><instruction code="ADD T1080, T168, T169"><temps name="use"><temp name="T168"/><temp name="T169"/></temps><temps name="def"><temp name="T1080"/></temps><temps name="in"><temp name="T6"/><temp name="T168"/><temp name="T169"/></temps><temps name="out"><temp name="T1080"/><temp name="T6"/></temps></instruction><instruction code="OR T170, T1080, 0"><temps name="use"><temp name="T1080"/></temps><temps name="def"><temp name="T170"/></temps><temps name="in"><temp name="T1080"/><temp name="T6"/></temps><temps name="out"><temp name="T6"/><temp name="T170"/></temps></instruction><instruction code="OR T171, T170, 0"><temps name="use"><temp name="T170"/></temps><temps name="def"><temp name="T171"/></temps><temps name="in"><temp name="T6"/><temp name="T170"/></temps><temps name="out"><temp name="T171"/><temp name="T6"/></temps></instruction><instruction code="SETL  T1082, 10"><temps name="use"/><temps name="def"><temp name="T1082"/></temps><temps name="in"><temp name="T171"/><temp name="T6"/></temps><temps name="out"><temp name="T171"/><temp name="T6"/></temps></instruction><instruction code="INCML T1082, 0"><temps name="use"/><temps name="def"><temp name="T1082"/></temps><temps name="in"><temp name="T171"/><temp name="T6"/></temps><temps name="out"><temp name="T171"/><temp name="T6"/></temps></instruction><instruction code="INCMH T1082, 0"><temps name="use"/><temps name="def"><temp name="T1082"/></temps><temps name="in"><temp name="T171"/><temp name="T6"/></temps><temps name="out"><temp name="T171"/><temp name="T6"/></temps></instruction><instruction code="INCH  T1082, 0"><temps name="use"/><temps name="def"><temp name="T1082"/></temps><temps name="in"><temp name="T171"/><temp name="T6"/></temps><temps name="out"><temp name="T171"/><temp name="T6"/><temp name="T1082"/></temps></instruction><instruction code="OR T172, T1082, 0"><temps name="use"><temp name="T1082"/></temps><temps name="def"><temp name="T172"/></temps><temps name="in"><temp name="T171"/><temp name="T6"/><temp name="T1082"/></temps><temps name="out"><temp name="T171"/><temp name="T172"/><temp name="T6"/></temps></instruction><instruction code="CMP T1083, T171, T172"><temps name="use"><temp name="T171"/><temp name="T172"/></temps><temps name="def"><temp name="T1083"/></temps><temps name="in"><temp name="T171"/><temp name="T172"/><temp name="T6"/></temps><temps name="out"><temp name="T6"/><temp name="T1083"/></temps></instruction><instruction code="ZSNP T1083, T1083, 1"><temps name="use"><temp name="T1083"/></temps><temps name="def"><temp name="T1083"/></temps><temps name="in"><temp name="T6"/><temp name="T1083"/></temps><temps name="out"><temp name="T6"/><temp name="T1083"/></temps></instruction><instruction code="OR T173, T1083, 0"><temps name="use"><temp name="T1083"/></temps><temps name="def"><temp name="T173"/></temps><temps name="in"><temp name="T6"/><temp name="T1083"/></temps><temps name="out"><temp name="T173"/><temp name="T6"/></temps></instruction><instruction code="BNZ T173, L23"><temps name="use"><temp name="T173"/></temps><temps name="def"/><temps name="in"><temp name="T173"/><temp name="T6"/></temps><temps name="out"><temp name="T6"/></temps></instruction><instruction code="L108"><temps name="use"/><temps name="def"/><temps name="in"><temp name="T6"/></temps><temps name="out"><temp name="T6"/></temps></instruction><instruction code="LDA T1084, L24"><temps name="use"/><temps name="def"><temp name="T1084"/></temps><temps name="in"><temp name="T6"/></temps><temps name="out"><temp name="T6"/><temp name="T1084"/></temps></instruction><instruction code="GO T1084, T1084, 0"><temps name="use"><temp name="T1084"/></temps><temps name="def"><temp name="T1084"/></temps><temps name="in"><temp name="T6"/><temp name="T1084"/></temps><temps name="out"><temp name="T6"/></temps></instruction><instruction code="L23"><temps name="use"/><temps name="def"/><temps name="in"><temp name="T6"/></temps><temps name="out"><temp name="T6"/></temps></instruction><instruction code="SETL  T1085, 0"><temps name="use"/><temps name="def"><temp name="T1085"/></temps><temps name="in"><temp name="T6"/></temps><temps name="out"><temp name="T6"/></temps></instruction><instruction code="INCML T1085, 0"><temps name="use"/><temps name="def"><temp name="T1085"/></temps><temps name="in"><temp name="T6"/></temps><temps name="out"><temp name="T6"/></temps></instruction><instruction code="INCMH T1085, 0"><temps name="use"/><temps name="def"><temp name="T1085"/></temps><temps name="in"><temp name="T6"/></temps><temps name="out"><temp name="T6"/></temps></instruction><instruction code="INCH  T1085, 0"><temps name="use"/><temps name="def"><temp name="T1085"/></temps><temps name="in"><temp name="T6"/></temps><temps name="out"><temp name="T6"/><temp name="T1085"/></temps></instruction><instruction code="OR T174, T1085, 0"><temps name="use"><temp name="T1085"/></temps><temps name="def"><temp name="T174"/></temps><temps name="in"><temp name="T6"/><temp name="T1085"/></temps><temps name="out"><temp name="T6"/><temp name="T174"/></temps></instruction><instruction code="OR T175, T6, 0"><temps name="use"><temp name="T6"/></temps><temps name="def"><temp name="T175"/></temps><temps name="in"><temp name="T6"/><temp name="T174"/></temps><temps name="out"><temp name="T6"/><temp name="T174"/><temp name="T175"/></temps></instruction><instruction code="SETL  T1086, 8"><temps name="use"/><temps name="def"><temp name="T1086"/></temps><temps name="in"><temp name="T6"/><temp name="T174"/><temp name="T175"/></temps><temps name="out"><temp name="T6"/><temp name="T174"/><temp name="T175"/></temps></instruction><instruction code="INCML T1086, 0"><temps name="use"/><temps name="def"><temp name="T1086"/></temps><temps name="in"><temp name="T6"/><temp name="T174"/><temp name="T175"/></temps><temps name="out"><temp name="T6"/><temp name="T174"/><temp name="T175"/></temps></instruction><instruction code="INCMH T1086, 0"><temps name="use"/><temps name="def"><temp name="T1086"/></temps><temps name="in"><temp name="T6"/><temp name="T174"/><temp name="T175"/></temps><temps name="out"><temp name="T6"/><temp name="T174"/><temp name="T175"/></temps></instruction><instruction code="INCH  T1086, 0"><temps name="use"/><temps name="def"><temp name="T1086"/></temps><temps name="in"><temp name="T6"/><temp name="T174"/><temp name="T175"/></temps><temps name="out"><temp name="T6"/><temp name="T174"/><temp name="T175"/><temp name="T1086"/></temps></instruction><instruction code="NEG T1086, 0, T1086"><temps name="use"><temp name="T1086"/></temps><temps name="def"><temp name="T1086"/></temps><temps name="in"><temp name="T6"/><temp name="T174"/><temp name="T175"/><temp name="T1086"/></temps><temps name="out"><temp name="T6"/><temp name="T174"/><temp name="T175"/><temp name="T1086"/></temps></instruction><instruction code="OR T176, T1086, 0"><temps name="use"><temp name="T1086"/></temps><temps name="def"><temp name="T176"/></temps><temps name="in"><temp name="T6"/><temp name="T174"/><temp name="T175"/><temp name="T1086"/></temps><temps name="out"><temp name="T176"/><temp name="T6"/><temp name="T174"/><temp name="T175"/></temps></instruction><instruction code="ADD T1087, T175, T176"><temps name="use"><temp name="T175"/><temp name="T176"/></temps><temps name="def"><temp name="T1087"/></temps><temps name="in"><temp name="T176"/><temp name="T6"/><temp name="T174"/><temp name="T175"/></temps><temps name="out"><temp name="T6"/><temp name="T174"/><temp name="T1087"/></temps></instruction><instruction code="OR T177, T1087, 0"><temps name="use"><temp name="T1087"/></temps><temps name="def"><temp name="T177"/></temps><temps name="in"><temp name="T6"/><temp name="T174"/><temp name="T1087"/></temps><temps name="out"><temp name="T6"/><temp name="T174"/><temp name="T177"/></temps></instruction><instruction code="OR T178, T177, 0"><temps name="use"><temp name="T177"/></temps><temps name="def"><temp name="T178"/></temps><temps name="in"><temp name="T6"/><temp name="T174"/><temp name="T177"/></temps><temps name="out"><temp name="T6"/><temp name="T178"/><temp name="T174"/></temps></instruction><instruction code="STO T174, $254, 8"><temps name="use"><temp name="T174"/></temps><temps name="def"/><temps name="in"><temp name="T6"/><temp name="T178"/><temp name="T174"/></temps><temps name="out"><temp name="T6"/><temp name="T178"/></temps></instruction><instruction code="STO T178, $254, 16"><temps name="use"><temp name="T178"/></temps><temps name="def"/><temps name="in"><temp name="T6"/><temp name="T178"/></temps><temps name="out"><temp name="T6"/></temps></instruction><instruction code="LDA T1089, _putInt"><temps name="use"/><temps name="def"><temp name="T1089"/></temps><temps name="in"><temp name="T6"/></temps><temps name="out"><temp name="T6"/><temp name="T1089"/></temps></instruction><instruction code="PUSHJ $16, T1089, 0"><temps name="use"><temp name="T1089"/></temps><temps name="def"/><temps name="in"><temp name="T6"/><temp name="T1089"/></temps><temps name="out"><temp name="T6"/></temps></instruction><instruction code="LDO T1090, $254, 0"><temps name="use"/><temps name="def"><temp name="T1090"/></temps><temps name="in"><temp name="T6"/></temps><temps name="out"><temp name="T6"/><temp name="T1090"/></temps></instruction><instruction code="OR T179, T1090, 0"><temps name="use"><temp name="T1090"/></temps><temps name="def"><temp name="T179"/></temps><temps name="in"><temp name="T6"/><temp name="T1090"/></temps><temps name="out"><temp name="T6"/></temps></instruction><instruction code="SETL  T1091, 0"><temps name="use"/><temps name="def"><temp name="T1091"/></temps><temps name="in"><temp name="T6"/></temps><temps name="out"><temp name="T6"/></temps></instruction><instruction code="INCML T1091, 0"><temps name="use"/><temps name="def"><temp name="T1091"/></temps><temps name="in"><temp name="T6"/></temps><temps name="out"><temp name="T6"/></temps></instruction><instruction code="INCMH T1091, 0"><temps name="use"/><temps name="def"><temp name="T1091"/></temps><temps name="in"><temp name="T6"/></temps><temps name="out"><temp name="T6"/></temps></instruction><instruction code="INCH  T1091, 0"><temps name="use"/><temps name="def"><temp name="T1091"/></temps><temps name="in"><temp name="T6"/></temps><temps name="out"><temp name="T6"/><temp name="T1091"/></temps></instruction><instruction code="OR T180, T1091, 0"><temps name="use"><temp name="T1091"/></temps><temps name="def"><temp name="T180"/></temps><temps name="in"><temp name="T6"/><temp name="T1091"/></temps><temps name="out"><temp name="T180"/><temp name="T6"/></temps></instruction><instruction code="LDA T1092, L21"><temps name="use"/><temps name="def"><temp name="T1092"/></temps><temps name="in"><temp name="T180"/><temp name="T6"/></temps><temps name="out"><temp name="T180"/><temp name="T6"/><temp name="T1092"/></temps></instruction><instruction code="OR T181, T1092, 0"><temps name="use"><temp name="T1092"/></temps><temps name="def"><temp name="T181"/></temps><temps name="in"><temp name="T180"/><temp name="T6"/><temp name="T1092"/></temps><temps name="out"><temp name="T180"/><temp name="T6"/><temp name="T181"/></temps></instruction><instruction code="STO T180, $254, 8"><temps name="use"><temp name="T180"/></temps><temps name="def"/><temps name="in"><temp name="T180"/><temp name="T6"/><temp name="T181"/></temps><temps name="out"><temp name="T6"/><temp name="T181"/></temps></instruction><instruction code="STO T181, $254, 16"><temps name="use"><temp name="T181"/></temps><temps name="def"/><temps name="in"><temp name="T6"/><temp name="T181"/></temps><temps name="out"><temp name="T6"/></temps></instruction><instruction code="LDA T1093, _putString"><temps name="use"/><temps name="def"><temp name="T1093"/></temps><temps name="in"><temp name="T6"/></temps><temps name="out"><temp name="T6"/><temp name="T1093"/></temps></instruction><instruction code="PUSHJ $16, T1093, 0"><temps name="use"><temp name="T1093"/></temps><temps name="def"/><temps name="in"><temp name="T6"/><temp name="T1093"/></temps><temps name="out"><temp name="T6"/></temps></instruction><instruction code="LDO T1094, $254, 0"><temps name="use"/><temps name="def"><temp name="T1094"/></temps><temps name="in"><temp name="T6"/></temps><temps name="out"><temp name="T6"/><temp name="T1094"/></temps></instruction><instruction code="OR T182, T1094, 0"><temps name="use"><temp name="T1094"/></temps><temps name="def"><temp name="T182"/></temps><temps name="in"><temp name="T6"/><temp name="T1094"/></temps><temps name="out"><temp name="T6"/></temps></instruction><instruction code="SETL  T1095, 0"><temps name="use"/><temps name="def"><temp name="T1095"/></temps><temps name="in"><temp name="T6"/></temps><temps name="out"><temp name="T6"/></temps></instruction><instruction code="INCML T1095, 0"><temps name="use"/><temps name="def"><temp name="T1095"/></temps><temps name="in"><temp name="T6"/></temps><temps name="out"><temp name="T6"/></temps></instruction><instruction code="INCMH T1095, 0"><temps name="use"/><temps name="def"><temp name="T1095"/></temps><temps name="in"><temp name="T6"/></temps><temps name="out"><temp name="T6"/></temps></instruction><instruction code="INCH  T1095, 0"><temps name="use"/><temps name="def"><temp name="T1095"/></temps><temps name="in"><temp name="T6"/></temps><temps name="out"><temp name="T6"/><temp name="T1095"/></temps></instruction><instruction code="OR T183, T1095, 0"><temps name="use"><temp name="T1095"/></temps><temps name="def"><temp name="T183"/></temps><temps name="in"><temp name="T6"/><temp name="T1095"/></temps><temps name="out"><temp name="T6"/><temp name="T183"/></temps></instruction><instruction code="SETL  T1096, 0"><temps name="use"/><temps name="def"><temp name="T1096"/></temps><temps name="in"><temp name="T6"/><temp name="T183"/></temps><temps name="out"><temp name="T6"/><temp name="T183"/></temps></instruction><instruction code="INCML T1096, 0"><temps name="use"/><temps name="def"><temp name="T1096"/></temps><temps name="in"><temp name="T6"/><temp name="T183"/></temps><temps name="out"><temp name="T6"/><temp name="T183"/></temps></instruction><instruction code="INCMH T1096, 0"><temps name="use"/><temps name="def"><temp name="T1096"/></temps><temps name="in"><temp name="T6"/><temp name="T183"/></temps><temps name="out"><temp name="T6"/><temp name="T183"/></temps></instruction><instruction code="INCH  T1096, 0"><temps name="use"/><temps name="def"><temp name="T1096"/></temps><temps name="in"><temp name="T6"/><temp name="T183"/></temps><temps name="out"><temp name="T6"/><temp name="T1096"/><temp name="T183"/></temps></instruction><instruction code="OR T184, T1096, 0"><temps name="use"><temp name="T1096"/></temps><temps name="def"><temp name="T184"/></temps><temps name="in"><temp name="T6"/><temp name="T1096"/><temp name="T183"/></temps><temps name="out"><temp name="T6"/><temp name="T183"/><temp name="T184"/></temps></instruction><instruction code="OR T185, T6, 0"><temps name="use"><temp name="T6"/></temps><temps name="def"><temp name="T185"/></temps><temps name="in"><temp name="T6"/><temp name="T183"/><temp name="T184"/></temps><temps name="out"><temp name="T6"/><temp name="T185"/><temp name="T183"/><temp name="T184"/></temps></instruction><instruction code="SETL  T1097, 8"><temps name="use"/><temps name="def"><temp name="T1097"/></temps><temps name="in"><temp name="T6"/><temp name="T185"/><temp name="T183"/><temp name="T184"/></temps><temps name="out"><temp name="T6"/><temp name="T185"/><temp name="T183"/><temp name="T184"/></temps></instruction><instruction code="INCML T1097, 0"><temps name="use"/><temps name="def"><temp name="T1097"/></temps><temps name="in"><temp name="T6"/><temp name="T185"/><temp name="T183"/><temp name="T184"/></temps><temps name="out"><temp name="T6"/><temp name="T185"/><temp name="T183"/><temp name="T184"/></temps></instruction><instruction code="INCMH T1097, 0"><temps name="use"/><temps name="def"><temp name="T1097"/></temps><temps name="in"><temp name="T6"/><temp name="T185"/><temp name="T183"/><temp name="T184"/></temps><temps name="out"><temp name="T6"/><temp name="T185"/><temp name="T183"/><temp name="T184"/></temps></instruction><instruction code="INCH  T1097, 0"><temps name="use"/><temps name="def"><temp name="T1097"/></temps><temps name="in"><temp name="T6"/><temp name="T185"/><temp name="T183"/><temp name="T184"/></temps><temps name="out"><temp name="T1097"/><temp name="T6"/><temp name="T185"/><temp name="T183"/><temp name="T184"/></temps></instruction><instruction code="NEG T1097, 0, T1097"><temps name="use"><temp name="T1097"/></temps><temps name="def"><temp name="T1097"/></temps><temps name="in"><temp name="T1097"/><temp name="T6"/><temp name="T185"/><temp name="T183"/><temp name="T184"/></temps><temps name="out"><temp name="T1097"/><temp name="T6"/><temp name="T185"/><temp name="T183"/><temp name="T184"/></temps></instruction><instruction code="OR T186, T1097, 0"><temps name="use"><temp name="T1097"/></temps><temps name="def"><temp name="T186"/></temps><temps name="in"><temp name="T1097"/><temp name="T6"/><temp name="T185"/><temp name="T183"/><temp name="T184"/></temps><temps name="out"><temp name="T6"/><temp name="T185"/><temp name="T183"/><temp name="T184"/><temp name="T186"/></temps></instruction><instruction code="ADD T1098, T185, T186"><temps name="use"><temp name="T185"/><temp name="T186"/></temps><temps name="def"><temp name="T1098"/></temps><temps name="in"><temp name="T6"/><temp name="T185"/><temp name="T183"/><temp name="T184"/><temp name="T186"/></temps><temps name="out"><temp name="T6"/><temp name="T183"/><temp name="T184"/><temp name="T1098"/></temps></instruction><instruction code="OR T187, T1098, 0"><temps name="use"><temp name="T1098"/></temps><temps name="def"><temp name="T187"/></temps><temps name="in"><temp name="T6"/><temp name="T183"/><temp name="T184"/><temp name="T1098"/></temps><temps name="out"><temp name="T6"/><temp name="T183"/><temp name="T184"/><temp name="T187"/></temps></instruction><instruction code="OR T188, T187, 0"><temps name="use"><temp name="T187"/></temps><temps name="def"><temp name="T188"/></temps><temps name="in"><temp name="T6"/><temp name="T183"/><temp name="T184"/><temp name="T187"/></temps><temps name="out"><temp name="T6"/><temp name="T183"/><temp name="T184"/><temp name="T188"/></temps></instruction><instruction code="STO T184, $254, 8"><temps name="use"><temp name="T184"/></temps><temps name="def"/><temps name="in"><temp name="T6"/><temp name="T183"/><temp name="T184"/><temp name="T188"/></temps><temps name="out"><temp name="T6"/><temp name="T183"/><temp name="T188"/></temps></instruction><instruction code="STO T188, $254, 16"><temps name="use"><temp name="T188"/></temps><temps name="def"/><temps name="in"><temp name="T6"/><temp name="T183"/><temp name="T188"/></temps><temps name="out"><temp name="T6"/><temp name="T183"/></temps></instruction><instruction code="LDA T1100, _fibRec"><temps name="use"/><temps name="def"><temp name="T1100"/></temps><temps name="in"><temp name="T6"/><temp name="T183"/></temps><temps name="out"><temp name="T6"/><temp name="T1100"/><temp name="T183"/></temps></instruction><instruction code="PUSHJ $16, T1100, 0"><temps name="use"><temp name="T1100"/></temps><temps name="def"/><temps name="in"><temp name="T6"/><temp name="T1100"/><temp name="T183"/></temps><temps name="out"><temp name="T6"/><temp name="T183"/></temps></instruction><instruction code="LDO T1101, $254, 0"><temps name="use"/><temps name="def"><temp name="T1101"/></temps><temps name="in"><temp name="T6"/><temp name="T183"/></temps><temps name="out"><temp name="T6"/><temp name="T183"/><temp name="T1101"/></temps></instruction><instruction code="OR T189, T1101, 0"><temps name="use"><temp name="T1101"/></temps><temps name="def"><temp name="T189"/></temps><temps name="in"><temp name="T6"/><temp name="T183"/><temp name="T1101"/></temps><temps name="out"><temp name="T6"/><temp name="T183"/><temp name="T189"/></temps></instruction><instruction code="STO T183, $254, 8"><temps name="use"><temp name="T183"/></temps><temps name="def"/><temps name="in"><temp name="T6"/><temp name="T183"/><temp name="T189"/></temps><temps name="out"><temp name="T6"/><temp name="T189"/></temps></instruction><instruction code="STO T189, $254, 16"><temps name="use"><temp name="T189"/></temps><temps name="def"/><temps name="in"><temp name="T6"/><temp name="T189"/></temps><temps name="out"><temp name="T6"/></temps></instruction><instruction code="LDA T1102, _putInt"><temps name="use"/><temps name="def"><temp name="T1102"/></temps><temps name="in"><temp name="T6"/></temps><temps name="out"><temp name="T1102"/><temp name="T6"/></temps></instruction><instruction code="PUSHJ $16, T1102, 0"><temps name="use"><temp name="T1102"/></temps><temps name="def"/><temps name="in"><temp name="T1102"/><temp name="T6"/></temps><temps name="out"><temp name="T6"/></temps></instruction><instruction code="LDO T1103, $254, 0"><temps name="use"/><temps name="def"><temp name="T1103"/></temps><temps name="in"><temp name="T6"/></temps><temps name="out"><temp name="T6"/><temp name="T1103"/></temps></instruction><instruction code="OR T190, T1103, 0"><temps name="use"><temp name="T1103"/></temps><temps name="def"><temp name="T190"/></temps><temps name="in"><temp name="T6"/><temp name="T1103"/></temps><temps name="out"><temp name="T6"/></temps></instruction><instruction code="SETL  T1104, 0"><temps name="use"/><temps name="def"><temp name="T1104"/></temps><temps name="in"><temp name="T6"/></temps><temps name="out"><temp name="T6"/></temps></instruction><instruction code="INCML T1104, 0"><temps name="use"/><temps name="def"><temp name="T1104"/></temps><temps name="in"><temp name="T6"/></temps><temps name="out"><temp name="T6"/></temps></instruction><instruction code="INCMH T1104, 0"><temps name="use"/><temps name="def"><temp name="T1104"/></temps><temps name="in"><temp name="T6"/></temps><temps name="out"><temp name="T6"/></temps></instruction><instruction code="INCH  T1104, 0"><temps name="use"/><temps name="def"><temp name="T1104"/></temps><temps name="in"><temp name="T6"/></temps><temps name="out"><temp name="T6"/><temp name="T1104"/></temps></instruction><instruction code="OR T191, T1104, 0"><temps name="use"><temp name="T1104"/></temps><temps name="def"><temp name="T191"/></temps><temps name="in"><temp name="T6"/><temp name="T1104"/></temps><temps name="out"><temp name="T6"/><temp name="T191"/></temps></instruction><instruction code="SETL  T1105, 10"><temps name="use"/><temps name="def"><temp name="T1105"/></temps><temps name="in"><temp name="T6"/><temp name="T191"/></temps><temps name="out"><temp name="T6"/><temp name="T191"/></temps></instruction><instruction code="INCML T1105, 0"><temps name="use"/><temps name="def"><temp name="T1105"/></temps><temps name="in"><temp name="T6"/><temp name="T191"/></temps><temps name="out"><temp name="T6"/><temp name="T191"/></temps></instruction><instruction code="INCMH T1105, 0"><temps name="use"/><temps name="def"><temp name="T1105"/></temps><temps name="in"><temp name="T6"/><temp name="T191"/></temps><temps name="out"><temp name="T6"/><temp name="T191"/></temps></instruction><instruction code="INCH  T1105, 0"><temps name="use"/><temps name="def"><temp name="T1105"/></temps><temps name="in"><temp name="T6"/><temp name="T191"/></temps><temps name="out"><temp name="T6"/><temp name="T1105"/><temp name="T191"/></temps></instruction><instruction code="OR T192, T1105, 0"><temps name="use"><temp name="T1105"/></temps><temps name="def"><temp name="T192"/></temps><temps name="in"><temp name="T6"/><temp name="T1105"/><temp name="T191"/></temps><temps name="out"><temp name="T6"/><temp name="T192"/><temp name="T191"/></temps></instruction><instruction code="SETL  T1106, 256"><temps name="use"/><temps name="def"><temp name="T1106"/></temps><temps name="in"><temp name="T6"/><temp name="T192"/><temp name="T191"/></temps><temps name="out"><temp name="T6"/><temp name="T192"/><temp name="T191"/></temps></instruction><instruction code="INCML T1106, 0"><temps name="use"/><temps name="def"><temp name="T1106"/></temps><temps name="in"><temp name="T6"/><temp name="T192"/><temp name="T191"/></temps><temps name="out"><temp name="T6"/><temp name="T192"/><temp name="T191"/></temps></instruction><instruction code="INCMH T1106, 0"><temps name="use"/><temps name="def"><temp name="T1106"/></temps><temps name="in"><temp name="T6"/><temp name="T192"/><temp name="T191"/></temps><temps name="out"><temp name="T6"/><temp name="T192"/><temp name="T191"/></temps></instruction><instruction code="INCH  T1106, 0"><temps name="use"/><temps name="def"><temp name="T1106"/></temps><temps name="in"><temp name="T6"/><temp name="T192"/><temp name="T191"/></temps><temps name="out"><temp name="T1106"/><temp name="T6"/><temp name="T192"/><temp name="T191"/></temps></instruction><instruction code="OR T193, T1106, 0"><temps name="use"><temp name="T1106"/></temps><temps name="def"><temp name="T193"/></temps><temps name="in"><temp name="T1106"/><temp name="T6"/><temp name="T192"/><temp name="T191"/></temps><temps name="out"><temp name="T6"/><temp name="T193"/><temp name="T192"/><temp name="T191"/></temps></instruction><instruction code="DIV T1107, T192, T193"><temps name="use"><temp name="T192"/><temp name="T193"/></temps><temps name="def"><temp name="T1107"/></temps><temps name="in"><temp name="T6"/><temp name="T193"/><temp name="T192"/><temp name="T191"/></temps><temps name="out"><temp name="T6"/><temp name="T191"/></temps></instruction><instruction code="OR T1107, rR, 0"><temps name="use"/><temps name="def"><temp name="T1107"/></temps><temps name="in"><temp name="T6"/><temp name="T191"/></temps><temps name="out"><temp name="T6"/><temp name="T1107"/><temp name="T191"/></temps></instruction><instruction code="OR T194, T1107, 0"><temps name="use"><temp name="T1107"/></temps><temps name="def"><temp name="T194"/></temps><temps name="in"><temp name="T6"/><temp name="T1107"/><temp name="T191"/></temps><temps name="out"><temp name="T6"/><temp name="T194"/><temp name="T191"/></temps></instruction><instruction code="STO T191, $254, 8"><temps name="use"><temp name="T191"/></temps><temps name="def"/><temps name="in"><temp name="T6"/><temp name="T194"/><temp name="T191"/></temps><temps name="out"><temp name="T6"/><temp name="T194"/></temps></instruction><instruction code="STO T194, $254, 16"><temps name="use"><temp name="T194"/></temps><temps name="def"/><temps name="in"><temp name="T6"/><temp name="T194"/></temps><temps name="out"><temp name="T6"/></temps></instruction><instruction code="LDA T1108, _putChar"><temps name="use"/><temps name="def"><temp name="T1108"/></temps><temps name="in"><temp name="T6"/></temps><temps name="out"><temp name="T6"/><temp name="T1108"/></temps></instruction><instruction code="PUSHJ $16, T1108, 0"><temps name="use"><temp name="T1108"/></temps><temps name="def"/><temps name="in"><temp name="T6"/><temp name="T1108"/></temps><temps name="out"><temp name="T6"/></temps></instruction><instruction code="LDO T1109, $254, 0"><temps name="use"/><temps name="def"><temp name="T1109"/></temps><temps name="in"><temp name="T6"/></temps><temps name="out"><temp name="T6"/><temp name="T1109"/></temps></instruction><instruction code="OR T195, T1109, 0"><temps name="use"><temp name="T1109"/></temps><temps name="def"><temp name="T195"/></temps><temps name="in"><temp name="T6"/><temp name="T1109"/></temps><temps name="out"><temp name="T6"/></temps></instruction><instruction code="OR T196, T6, 0"><temps name="use"><temp name="T6"/></temps><temps name="def"><temp name="T196"/></temps><temps name="in"><temp name="T6"/></temps><temps name="out"><temp name="T6"/><temp name="T196"/></temps></instruction><instruction code="SETL  T1110, 8"><temps name="use"/><temps name="def"><temp name="T1110"/></temps><temps name="in"><temp name="T6"/><temp name="T196"/></temps><temps name="out"><temp name="T6"/><temp name="T196"/></temps></instruction><instruction code="INCML T1110, 0"><temps name="use"/><temps name="def"><temp name="T1110"/></temps><temps name="in"><temp name="T6"/><temp name="T196"/></temps><temps name="out"><temp name="T6"/><temp name="T196"/></temps></instruction><instruction code="INCMH T1110, 0"><temps name="use"/><temps name="def"><temp name="T1110"/></temps><temps name="in"><temp name="T6"/><temp name="T196"/></temps><temps name="out"><temp name="T6"/><temp name="T196"/></temps></instruction><instruction code="INCH  T1110, 0"><temps name="use"/><temps name="def"><temp name="T1110"/></temps><temps name="in"><temp name="T6"/><temp name="T196"/></temps><temps name="out"><temp name="T6"/><temp name="T196"/><temp name="T1110"/></temps></instruction><instruction code="NEG T1110, 0, T1110"><temps name="use"><temp name="T1110"/></temps><temps name="def"><temp name="T1110"/></temps><temps name="in"><temp name="T6"/><temp name="T196"/><temp name="T1110"/></temps><temps name="out"><temp name="T6"/><temp name="T196"/><temp name="T1110"/></temps></instruction><instruction code="OR T197, T1110, 0"><temps name="use"><temp name="T1110"/></temps><temps name="def"><temp name="T197"/></temps><temps name="in"><temp name="T6"/><temp name="T196"/><temp name="T1110"/></temps><temps name="out"><temp name="T6"/><temp name="T196"/><temp name="T197"/></temps></instruction><instruction code="ADD T1111, T196, T197"><temps name="use"><temp name="T196"/><temp name="T197"/></temps><temps name="def"><temp name="T1111"/></temps><temps name="in"><temp name="T6"/><temp name="T196"/><temp name="T197"/></temps><temps name="out"><temp name="T6"/><temp name="T1111"/></temps></instruction><instruction code="OR T198, T1111, 0"><temps name="use"><temp name="T1111"/></temps><temps name="def"><temp name="T198"/></temps><temps name="in"><temp name="T6"/><temp name="T1111"/></temps><temps name="out"><temp name="T6"/><temp name="T198"/></temps></instruction><instruction code="OR T199, T198, 0"><temps name="use"><temp name="T198"/></temps><temps name="def"><temp name="T199"/></temps><temps name="in"><temp name="T6"/><temp name="T198"/></temps><temps name="out"><temp name="T6"/><temp name="T199"/></temps></instruction><instruction code="SETL  T1113, 1"><temps name="use"/><temps name="def"><temp name="T1113"/></temps><temps name="in"><temp name="T6"/><temp name="T199"/></temps><temps name="out"><temp name="T6"/><temp name="T199"/></temps></instruction><instruction code="INCML T1113, 0"><temps name="use"/><temps name="def"><temp name="T1113"/></temps><temps name="in"><temp name="T6"/><temp name="T199"/></temps><temps name="out"><temp name="T6"/><temp name="T199"/></temps></instruction><instruction code="INCMH T1113, 0"><temps name="use"/><temps name="def"><temp name="T1113"/></temps><temps name="in"><temp name="T6"/><temp name="T199"/></temps><temps name="out"><temp name="T6"/><temp name="T199"/></temps></instruction><instruction code="INCH  T1113, 0"><temps name="use"/><temps name="def"><temp name="T1113"/></temps><temps name="in"><temp name="T6"/><temp name="T199"/></temps><temps name="out"><temp name="T6"/><temp name="T199"/><temp name="T1113"/></temps></instruction><instruction code="OR T200, T1113, 0"><temps name="use"><temp name="T1113"/></temps><temps name="def"><temp name="T200"/></temps><temps name="in"><temp name="T6"/><temp name="T199"/><temp name="T1113"/></temps><temps name="out"><temp name="T6"/><temp name="T200"/><temp name="T199"/></temps></instruction><instruction code="ADD T1114, T199, T200"><temps name="use"><temp name="T199"/><temp name="T200"/></temps><temps name="def"><temp name="T1114"/></temps><temps name="in"><temp name="T6"/><temp name="T200"/><temp name="T199"/></temps><temps name="out"><temp name="T6"/><temp name="T1114"/></temps></instruction><instruction code="OR T201, T1114, 0"><temps name="use"><temp name="T1114"/></temps><temps name="def"><temp name="T201"/></temps><temps name="in"><temp name="T6"/><temp name="T1114"/></temps><temps name="out"><temp name="T6"/><temp name="T201"/></temps></instruction><instruction code="SETL  T1115, 8"><temps name="use"/><temps name="def"><temp name="T1115"/></temps><temps name="in"><temp name="T6"/><temp name="T201"/></temps><temps name="out"><temp name="T6"/><temp name="T201"/></temps></instruction><instruction code="INCML T1115, 0"><temps name="use"/><temps name="def"><temp name="T1115"/></temps><temps name="in"><temp name="T6"/><temp name="T201"/></temps><temps name="out"><temp name="T6"/><temp name="T201"/></temps></instruction><instruction code="INCMH T1115, 0"><temps name="use"/><temps name="def"><temp name="T1115"/></temps><temps name="in"><temp name="T6"/><temp name="T201"/></temps><temps name="out"><temp name="T6"/><temp name="T201"/></temps></instruction><instruction code="INCH  T1115, 0"><temps name="use"/><temps name="def"><temp name="T1115"/></temps><temps name="in"><temp name="T6"/><temp name="T201"/></temps><temps name="out"><temp name="T6"/><temp name="T201"/><temp name="T1115"/></temps></instruction><instruction code="NEG T1115, 0, T1115"><temps name="use"><temp name="T1115"/></temps><temps name="def"><temp name="T1115"/></temps><temps name="in"><temp name="T6"/><temp name="T201"/><temp name="T1115"/></temps><temps name="out"><temp name="T6"/><temp name="T201"/><temp name="T1115"/></temps></instruction><instruction code="ADD T1116, T6, T1115"><temps name="use"><temp name="T6"/><temp name="T1115"/></temps><temps name="def"><temp name="T1116"/></temps><temps name="in"><temp name="T6"/><temp name="T201"/><temp name="T1115"/></temps><temps name="out"><temp name="T6"/><temp name="T201"/><temp name="T1116"/></temps></instruction><instruction code="STO T1116, T201, 0"><temps name="use"><temp name="T1116"/><temp name="T201"/></temps><temps name="def"/><temps name="in"><temp name="T6"/><temp name="T201"/><temp name="T1116"/></temps><temps name="out"><temp name="T6"/></temps></instruction><instruction code="LDA T1118, L22"><temps name="use"/><temps name="def"><temp name="T1118"/></temps><temps name="in"><temp name="T6"/></temps><temps name="out"><temp name="T6"/><temp name="T1118"/></temps></instruction><instruction code="GO T1118, T1118, 0"><temps name="use"><temp name="T1118"/></temps><temps name="def"><temp name="T1118"/></temps><temps name="in"><temp name="T6"/><temp name="T1118"/></temps><temps name="out"><temp name="T6"/></temps></instruction><instruction code="L24"><temps name="use"/><temps name="def"/><temps name="in"/><temps name="out"/></instruction><instruction code="SETL  T1119, 0"><temps name="use"/><temps name="def"><temp name="T1119"/></temps><temps name="in"/><temps name="out"/></instruction><instruction code="INCML T1119, 0"><temps name="use"/><temps name="def"><temp name="T1119"/></temps><temps name="in"/><temps name="out"/></instruction><instruction code="INCMH T1119, 0"><temps name="use"/><temps name="def"><temp name="T1119"/></temps><temps name="in"/><temps name="out"/></instruction><instruction code="INCH  T1119, 0"><temps name="use"/><temps name="def"><temp name="T1119"/></temps><temps name="in"/><temps name="out"><temp name="T1119"/></temps></instruction><instruction code="OR T202, T1119, 0"><temps name="use"><temp name="T1119"/></temps><temps name="def"><temp name="T202"/></temps><temps name="in"><temp name="T1119"/></temps><temps name="out"><temp name="T202"/></temps></instruction><instruction code="LDA T1120, L25"><temps name="use"/><temps name="def"><temp name="T1120"/></temps><temps name="in"><temp name="T202"/></temps><temps name="out"><temp name="T202"/><temp name="T1120"/></temps></instruction><instruction code="OR T203, T1120, 0"><temps name="use"><temp name="T1120"/></temps><temps name="def"><temp name="T203"/></temps><temps name="in"><temp name="T202"/><temp name="T1120"/></temps><temps name="out"><temp name="T203"/><temp name="T202"/></temps></instruction><instruction code="STO T202, $254, 8"><temps name="use"><temp name="T202"/></temps><temps name="def"/><temps name="in"><temp name="T203"/><temp name="T202"/></temps><temps name="out"><temp name="T203"/></temps></instruction><instruction code="STO T203, $254, 16"><temps name="use"><temp name="T203"/></temps><temps name="def"/><temps name="in"><temp name="T203"/></temps><temps name="out"/></instruction><instruction code="LDA T1121, _putString"><temps name="use"/><temps name="def"><temp name="T1121"/></temps><temps name="in"/><temps name="out"><temp name="T1121"/></temps></instruction><instruction code="PUSHJ $16, T1121, 0"><temps name="use"><temp name="T1121"/></temps><temps name="def"/><temps name="in"><temp name="T1121"/></temps><temps name="out"/></instruction><instruction code="LDO T1122, $254, 0"><temps name="use"/><temps name="def"><temp name="T1122"/></temps><temps name="in"/><temps name="out"><temp name="T1122"/></temps></instruction><instruction code="OR T204, T1122, 0"><temps name="use"><temp name="T1122"/></temps><temps name="def"><temp name="T204"/></temps><temps name="in"><temp name="T1122"/></temps><temps name="out"/></instruction><instruction code="SETL  T1123, 0"><temps name="use"/><temps name="def"><temp name="T1123"/></temps><temps name="in"/><temps name="out"/></instruction><instruction code="INCML T1123, 0"><temps name="use"/><temps name="def"><temp name="T1123"/></temps><temps name="in"/><temps name="out"/></instruction><instruction code="INCMH T1123, 0"><temps name="use"/><temps name="def"><temp name="T1123"/></temps><temps name="in"/><temps name="out"/></instruction><instruction code="INCH  T1123, 0"><temps name="use"/><temps name="def"><temp name="T1123"/></temps><temps name="in"/><temps name="out"><temp name="T1123"/></temps></instruction><instruction code="OR T205, T1123, 0"><temps name="use"><temp name="T1123"/></temps><temps name="def"><temp name="T205"/></temps><temps name="in"><temp name="T1123"/></temps><temps name="out"><temp name="T205"/></temps></instruction><instruction code="SETL  T1124, 10"><temps name="use"/><temps name="def"><temp name="T1124"/></temps><temps name="in"><temp name="T205"/></temps><temps name="out"><temp name="T205"/></temps></instruction><instruction code="INCML T1124, 0"><temps name="use"/><temps name="def"><temp name="T1124"/></temps><temps name="in"><temp name="T205"/></temps><temps name="out"><temp name="T205"/></temps></instruction><instruction code="INCMH T1124, 0"><temps name="use"/><temps name="def"><temp name="T1124"/></temps><temps name="in"><temp name="T205"/></temps><temps name="out"><temp name="T205"/></temps></instruction><instruction code="INCH  T1124, 0"><temps name="use"/><temps name="def"><temp name="T1124"/></temps><temps name="in"><temp name="T205"/></temps><temps name="out"><temp name="T1124"/><temp name="T205"/></temps></instruction><instruction code="OR T206, T1124, 0"><temps name="use"><temp name="T1124"/></temps><temps name="def"><temp name="T206"/></temps><temps name="in"><temp name="T1124"/><temp name="T205"/></temps><temps name="out"><temp name="T206"/><temp name="T205"/></temps></instruction><instruction code="SETL  T1125, 256"><temps name="use"/><temps name="def"><temp name="T1125"/></temps><temps name="in"><temp name="T206"/><temp name="T205"/></temps><temps name="out"><temp name="T206"/><temp name="T205"/></temps></instruction><instruction code="INCML T1125, 0"><temps name="use"/><temps name="def"><temp name="T1125"/></temps><temps name="in"><temp name="T206"/><temp name="T205"/></temps><temps name="out"><temp name="T206"/><temp name="T205"/></temps></instruction><instruction code="INCMH T1125, 0"><temps name="use"/><temps name="def"><temp name="T1125"/></temps><temps name="in"><temp name="T206"/><temp name="T205"/></temps><temps name="out"><temp name="T206"/><temp name="T205"/></temps></instruction><instruction code="INCH  T1125, 0"><temps name="use"/><temps name="def"><temp name="T1125"/></temps><temps name="in"><temp name="T206"/><temp name="T205"/></temps><temps name="out"><temp name="T1125"/><temp name="T206"/><temp name="T205"/></temps></instruction><instruction code="OR T207, T1125, 0"><temps name="use"><temp name="T1125"/></temps><temps name="def"><temp name="T207"/></temps><temps name="in"><temp name="T1125"/><temp name="T206"/><temp name="T205"/></temps><temps name="out"><temp name="T207"/><temp name="T206"/><temp name="T205"/></temps></instruction><instruction code="DIV T1126, T206, T207"><temps name="use"><temp name="T206"/><temp name="T207"/></temps><temps name="def"><temp name="T1126"/></temps><temps name="in"><temp name="T207"/><temp name="T206"/><temp name="T205"/></temps><temps name="out"><temp name="T205"/></temps></instruction><instruction code="OR T1126, rR, 0"><temps name="use"/><temps name="def"><temp name="T1126"/></temps><temps name="in"><temp name="T205"/></temps><temps name="out"><temp name="T1126"/><temp name="T205"/></temps></instruction><instruction code="OR T208, T1126, 0"><temps name="use"><temp name="T1126"/></temps><temps name="def"><temp name="T208"/></temps><temps name="in"><temp name="T1126"/><temp name="T205"/></temps><temps name="out"><temp name="T208"/><temp name="T205"/></temps></instruction><instruction code="STO T205, $254, 8"><temps name="use"><temp name="T205"/></temps><temps name="def"/><temps name="in"><temp name="T208"/><temp name="T205"/></temps><temps name="out"><temp name="T208"/></temps></instruction><instruction code="STO T208, $254, 16"><temps name="use"><temp name="T208"/></temps><temps name="def"/><temps name="in"><temp name="T208"/></temps><temps name="out"/></instruction><instruction code="LDA T1127, _putChar"><temps name="use"/><temps name="def"><temp name="T1127"/></temps><temps name="in"/><temps name="out"><temp name="T1127"/></temps></instruction><instruction code="PUSHJ $16, T1127, 0"><temps name="use"><temp name="T1127"/></temps><temps name="def"/><temps name="in"><temp name="T1127"/></temps><temps name="out"/></instruction><instruction code="LDO T1128, $254, 0"><temps name="use"/><temps name="def"><temp name="T1128"/></temps><temps name="in"/><temps name="out"><temp name="T1128"/></temps></instruction><instruction code="OR T209, T1128, 0"><temps name="use"><temp name="T1128"/></temps><temps name="def"><temp name="T209"/></temps><temps name="in"><temp name="T1128"/></temps><temps name="out"/></instruction><instruction code="SETL  T1129, 0"><temps name="use"/><temps name="def"><temp name="T1129"/></temps><temps name="in"/><temps name="out"/></instruction><instruction code="INCML T1129, 0"><temps name="use"/><temps name="def"><temp name="T1129"/></temps><temps name="in"/><temps name="out"/></instruction><instruction code="INCMH T1129, 0"><temps name="use"/><temps name="def"><temp name="T1129"/></temps><temps name="in"/><temps name="out"/></instruction><instruction code="INCH  T1129, 0"><temps name="use"/><temps name="def"><temp name="T1129"/></temps><temps name="in"/><temps name="out"><temp name="T1129"/></temps></instruction><instruction code="OR T210, T1129, 0"><temps name="use"><temp name="T1129"/></temps><temps name="def"><temp name="T210"/></temps><temps name="in"><temp name="T1129"/></temps><temps name="out"><temp name="T210"/></temps></instruction><instruction code="SETL  T1130, 4"><temps name="use"/><temps name="def"><temp name="T1130"/></temps><temps name="in"><temp name="T210"/></temps><temps name="out"><temp name="T210"/></temps></instruction><instruction code="INCML T1130, 0"><temps name="use"/><temps name="def"><temp name="T1130"/></temps><temps name="in"><temp name="T210"/></temps><temps name="out"><temp name="T210"/></temps></instruction><instruction code="INCMH T1130, 0"><temps name="use"/><temps name="def"><temp name="T1130"/></temps><temps name="in"><temp name="T210"/></temps><temps name="out"><temp name="T210"/></temps></instruction><instruction code="INCH  T1130, 0"><temps name="use"/><temps name="def"><temp name="T1130"/></temps><temps name="in"><temp name="T210"/></temps><temps name="out"><temp name="T1130"/><temp name="T210"/></temps></instruction><instruction code="OR T211, T1130, 0"><temps name="use"><temp name="T1130"/></temps><temps name="def"><temp name="T211"/></temps><temps name="in"><temp name="T1130"/><temp name="T210"/></temps><temps name="out"><temp name="T210"/><temp name="T211"/></temps></instruction><instruction code="SETL  T1131, 3"><temps name="use"/><temps name="def"><temp name="T1131"/></temps><temps name="in"><temp name="T210"/><temp name="T211"/></temps><temps name="out"><temp name="T210"/><temp name="T211"/></temps></instruction><instruction code="INCML T1131, 0"><temps name="use"/><temps name="def"><temp name="T1131"/></temps><temps name="in"><temp name="T210"/><temp name="T211"/></temps><temps name="out"><temp name="T210"/><temp name="T211"/></temps></instruction><instruction code="INCMH T1131, 0"><temps name="use"/><temps name="def"><temp name="T1131"/></temps><temps name="in"><temp name="T210"/><temp name="T211"/></temps><temps name="out"><temp name="T210"/><temp name="T211"/></temps></instruction><instruction code="INCH  T1131, 0"><temps name="use"/><temps name="def"><temp name="T1131"/></temps><temps name="in"><temp name="T210"/><temp name="T211"/></temps><temps name="out"><temp name="T1131"/><temp name="T210"/><temp name="T211"/></temps></instruction><instruction code="OR T212, T1131, 0"><temps name="use"><temp name="T1131"/></temps><temps name="def"><temp name="T212"/></temps><temps name="in"><temp name="T1131"/><temp name="T210"/><temp name="T211"/></temps><temps name="out"><temp name="T212"/><temp name="T210"/><temp name="T211"/></temps></instruction><instruction code="STO T210, $254, 8"><temps name="use"><temp name="T210"/></temps><temps name="def"/><temps name="in"><temp name="T212"/><temp name="T210"/><temp name="T211"/></temps><temps name="out"><temp name="T212"/><temp name="T211"/></temps></instruction><instruction code="STO T211, $254, 16"><temps name="use"><temp name="T211"/></temps><temps name="def"/><temps name="in"><temp name="T212"/><temp name="T211"/></temps><temps name="out"><temp name="T212"/></temps></instruction><instruction code="STO T212, $254, 24"><temps name="use"><temp name="T212"/></temps><temps name="def"/><temps name="in"><temp name="T212"/></temps><temps name="out"/></instruction><instruction code="LDA T1132, _combs"><temps name="use"/><temps name="def"><temp name="T1132"/></temps><temps name="in"/><temps name="out"><temp name="T1132"/></temps></instruction><instruction code="PUSHJ $16, T1132, 0"><temps name="use"><temp name="T1132"/></temps><temps name="def"/><temps name="in"><temp name="T1132"/></temps><temps name="out"/></instruction><instruction code="LDO T1133, $254, 0"><temps name="use"/><temps name="def"><temp name="T1133"/></temps><temps name="in"/><temps name="out"><temp name="T1133"/></temps></instruction><instruction code="OR T213, T1133, 0"><temps name="use"><temp name="T1133"/></temps><temps name="def"><temp name="T213"/></temps><temps name="in"><temp name="T1133"/></temps><temps name="out"/></instruction><instruction code="SETL  T1134, 0"><temps name="use"/><temps name="def"><temp name="T1134"/></temps><temps name="in"/><temps name="out"/></instruction><instruction code="INCML T1134, 0"><temps name="use"/><temps name="def"><temp name="T1134"/></temps><temps name="in"/><temps name="out"/></instruction><instruction code="INCMH T1134, 0"><temps name="use"/><temps name="def"><temp name="T1134"/></temps><temps name="in"/><temps name="out"/></instruction><instruction code="INCH  T1134, 0"><temps name="use"/><temps name="def"><temp name="T1134"/></temps><temps name="in"/><temps name="out"><temp name="T1134"/></temps></instruction><instruction code="OR T214, T1134, 0"><temps name="use"><temp name="T1134"/></temps><temps name="def"><temp name="T214"/></temps><temps name="in"><temp name="T1134"/></temps><temps name="out"><temp name="T214"/></temps></instruction><instruction code="OR T7, T214, 0"><temps name="use"><temp name="T214"/></temps><temps name="def"><temp name="T7"/></temps><temps name="in"><temp name="T214"/></temps><temps name="out"/></instruction><instruction code="LDA T1135, L110"><temps name="use"/><temps name="def"><temp name="T1135"/></temps><temps name="in"/><temps name="out"><temp name="T1135"/></temps></instruction><instruction code="GO T1135, T1135, 0"><temps name="use"><temp name="T1135"/></temps><temps name="def"><temp name="T1135"/></temps><temps name="in"><temp name="T1135"/></temps><temps name="out"/></instruction></instructions></code><code entrylabel="L112" exitlabel="L113" tempsize="0"><frame FP="T8" RV="T9" argssize="0" depth="1" label="_facItr" locssize="8" size="24"/><instructions><instruction code="L112"><temps name="use"/><temps name="def"/><temps name="in"><temp name="T8"/></temps><temps name="out"><temp name="T8"/></temps></instruction><instruction code="SETL  T1136, 1"><temps name="use"/><temps name="def"><temp name="T1136"/></temps><temps name="in"><temp name="T8"/></temps><temps name="out"><temp name="T8"/></temps></instruction><instruction code="INCML T1136, 0"><temps name="use"/><temps name="def"><temp name="T1136"/></temps><temps name="in"><temp name="T8"/></temps><temps name="out"><temp name="T8"/></temps></instruction><instruction code="INCMH T1136, 0"><temps name="use"/><temps name="def"><temp name="T1136"/></temps><temps name="in"><temp name="T8"/></temps><temps name="out"><temp name="T8"/></temps></instruction><instruction code="INCH  T1136, 0"><temps name="use"/><temps name="def"><temp name="T1136"/></temps><temps name="in"><temp name="T8"/></temps><temps name="out"><temp name="T1136"/><temp name="T8"/></temps></instruction><instruction code="OR T215, T1136, 0"><temps name="use"><temp name="T1136"/></temps><temps name="def"><temp name="T215"/></temps><temps name="in"><temp name="T1136"/><temp name="T8"/></temps><temps name="out"><temp name="T215"/><temp name="T8"/></temps></instruction><instruction code="SETL  T1137, 8"><temps name="use"/><temps name="def"><temp name="T1137"/></temps><temps name="in"><temp name="T215"/><temp name="T8"/></temps><temps name="out"><temp name="T215"/><temp name="T8"/></temps></instruction><instruction code="INCML T1137, 0"><temps name="use"/><temps name="def"><temp name="T1137"/></temps><temps name="in"><temp name="T215"/><temp name="T8"/></temps><temps name="out"><temp name="T215"/><temp name="T8"/></temps></instruction><instruction code="INCMH T1137, 0"><temps name="use"/><temps name="def"><temp name="T1137"/></temps><temps name="in"><temp name="T215"/><temp name="T8"/></temps><temps name="out"><temp name="T215"/><temp name="T8"/></temps></instruction><instruction code="INCH  T1137, 0"><temps name="use"/><temps name="def"><temp name="T1137"/></temps><temps name="in"><temp name="T215"/><temp name="T8"/></temps><temps name="out"><temp name="T215"/><temp name="T1137"/><temp name="T8"/></temps></instruction><instruction code="NEG T1137, 0, T1137"><temps name="use"><temp name="T1137"/></temps><temps name="def"><temp name="T1137"/></temps><temps name="in"><temp name="T215"/><temp name="T1137"/><temp name="T8"/></temps><temps name="out"><temp name="T215"/><temp name="T1137"/><temp name="T8"/></temps></instruction><instruction code="ADD T1138, T8, T1137"><temps name="use"><temp name="T8"/><temp name="T1137"/></temps><temps name="def"><temp name="T1138"/></temps><temps name="in"><temp name="T215"/><temp name="T1137"/><temp name="T8"/></temps><temps name="out"><temp name="T215"/><temp name="T1138"/><temp name="T8"/></temps></instruction><instruction code="STO T1138, T215, 0"><temps name="use"><temp name="T1138"/><temp name="T215"/></temps><temps name="def"/><temps name="in"><temp name="T215"/><temp name="T1138"/><temp name="T8"/></temps><temps name="out"><temp name="T8"/></temps></instruction><instruction code="L26"><temps name="use"/><temps name="def"/><temps name="in"><temp name="T8"/></temps><temps name="out"><temp name="T8"/></temps></instruction><instruction code="OR T216, T8, 0"><temps name="use"><temp name="T8"/></temps><temps name="def"><temp name="T216"/></temps><temps name="in"><temp name="T8"/></temps><temps name="out"><temp name="T216"/><temp name="T8"/></temps></instruction><instruction code="SETL  T1140, 8"><temps name="use"/><temps name="def"><temp name="T1140"/></temps><temps name="in"><temp name="T216"/><temp name="T8"/></temps><temps name="out"><temp name="T216"/><temp name="T8"/></temps></instruction><instruction code="INCML T1140, 0"><temps name="use"/><temps name="def"><temp name="T1140"/></temps><temps name="in"><temp name="T216"/><temp name="T8"/></temps><temps name="out"><temp name="T216"/><temp name="T8"/></temps></instruction><instruction code="INCMH T1140, 0"><temps name="use"/><temps name="def"><temp name="T1140"/></temps><temps name="in"><temp name="T216"/><temp name="T8"/></temps><temps name="out"><temp name="T216"/><temp name="T8"/></temps></instruction><instruction code="INCH  T1140, 0"><temps name="use"/><temps name="def"><temp name="T1140"/></temps><temps name="in"><temp name="T216"/><temp name="T8"/></temps><temps name="out"><temp name="T1140"/><temp name="T216"/><temp name="T8"/></temps></instruction><instruction code="OR T217, T1140, 0"><temps name="use"><temp name="T1140"/></temps><temps name="def"><temp name="T217"/></temps><temps name="in"><temp name="T1140"/><temp name="T216"/><temp name="T8"/></temps><temps name="out"><temp name="T217"/><temp name="T216"/><temp name="T8"/></temps></instruction><instruction code="ADD T1141, T216, T217"><temps name="use"><temp name="T216"/><temp name="T217"/></temps><temps name="def"><temp name="T1141"/></temps><temps name="in"><temp name="T217"/><temp name="T216"/><temp name="T8"/></temps><temps name="out"><temp name="T1141"/><temp name="T8"/></temps></instruction><instruction code="OR T218, T1141, 0"><temps name="use"><temp name="T1141"/></temps><temps name="def"><temp name="T218"/></temps><temps name="in"><temp name="T1141"/><temp name="T8"/></temps><temps name="out"><temp name="T218"/><temp name="T8"/></temps></instruction><instruction code="OR T219, T218, 0"><temps name="use"><temp name="T218"/></temps><temps name="def"><temp name="T219"/></temps><temps name="in"><temp name="T218"/><temp name="T8"/></temps><temps name="out"><temp name="T219"/><temp name="T8"/></temps></instruction><instruction code="SETL  T1143, 0"><temps name="use"/><temps name="def"><temp name="T1143"/></temps><temps name="in"><temp name="T219"/><temp name="T8"/></temps><temps name="out"><temp name="T219"/><temp name="T8"/></temps></instruction><instruction code="INCML T1143, 0"><temps name="use"/><temps name="def"><temp name="T1143"/></temps><temps name="in"><temp name="T219"/><temp name="T8"/></temps><temps name="out"><temp name="T219"/><temp name="T8"/></temps></instruction><instruction code="INCMH T1143, 0"><temps name="use"/><temps name="def"><temp name="T1143"/></temps><temps name="in"><temp name="T219"/><temp name="T8"/></temps><temps name="out"><temp name="T219"/><temp name="T8"/></temps></instruction><instruction code="INCH  T1143, 0"><temps name="use"/><temps name="def"><temp name="T1143"/></temps><temps name="in"><temp name="T219"/><temp name="T8"/></temps><temps name="out"><temp name="T1143"/><temp name="T219"/><temp name="T8"/></temps></instruction><instruction code="OR T220, T1143, 0"><temps name="use"><temp name="T1143"/></temps><temps name="def"><temp name="T220"/></temps><temps name="in"><temp name="T1143"/><temp name="T219"/><temp name="T8"/></temps><temps name="out"><temp name="T219"/><temp name="T220"/><temp name="T8"/></temps></instruction><instruction code="CMP T1144, T219, T220"><temps name="use"><temp name="T219"/><temp name="T220"/></temps><temps name="def"><temp name="T1144"/></temps><temps name="in"><temp name="T219"/><temp name="T220"/><temp name="T8"/></temps><temps name="out"><temp name="T1144"/><temp name="T8"/></temps></instruction><instruction code="ZSP T1144, T1144, 1"><temps name="use"><temp name="T1144"/></temps><temps name="def"><temp name="T1144"/></temps><temps name="in"><temp name="T1144"/><temp name="T8"/></temps><temps name="out"><temp name="T1144"/><temp name="T8"/></temps></instruction><instruction code="OR T221, T1144, 0"><temps name="use"><temp name="T1144"/></temps><temps name="def"><temp name="T221"/></temps><temps name="in"><temp name="T1144"/><temp name="T8"/></temps><temps name="out"><temp name="T221"/><temp name="T8"/></temps></instruction><instruction code="BNZ T221, L27"><temps name="use"><temp name="T221"/></temps><temps name="def"/><temps name="in"><temp name="T221"/><temp name="T8"/></temps><temps name="out"><temp name="T8"/></temps></instruction><instruction code="L111"><temps name="use"/><temps name="def"/><temps name="in"><temp name="T8"/></temps><temps name="out"><temp name="T8"/></temps></instruction><instruction code="LDA T1145, L28"><temps name="use"/><temps name="def"><temp name="T1145"/></temps><temps name="in"><temp name="T8"/></temps><temps name="out"><temp name="T1145"/><temp name="T8"/></temps></instruction><instruction code="GO T1145, T1145, 0"><temps name="use"><temp name="T1145"/></temps><temps name="def"><temp name="T1145"/></temps><temps name="in"><temp name="T1145"/><temp name="T8"/></temps><temps name="out"><temp name="T8"/></temps></instruction><instruction code="L27"><temps name="use"/><temps name="def"/><temps name="in"><temp name="T8"/></temps><temps name="out"><temp name="T8"/></temps></instruction><instruction code="OR T222, T8, 0"><temps name="use"><temp name="T8"/></temps><temps name="def"><temp name="T222"/></temps><temps name="in"><temp name="T8"/></temps><temps name="out"><temp name="T222"/><temp name="T8"/></temps></instruction><instruction code="SETL  T1146, 8"><temps name="use"/><temps name="def"><temp name="T1146"/></temps><temps name="in"><temp name="T222"/><temp name="T8"/></temps><temps name="out"><temp name="T222"/><temp name="T8"/></temps></instruction><instruction code="INCML T1146, 0"><temps name="use"/><temps name="def"><temp name="T1146"/></temps><temps name="in"><temp name="T222"/><temp name="T8"/></temps><temps name="out"><temp name="T222"/><temp name="T8"/></temps></instruction><instruction code="INCMH T1146, 0"><temps name="use"/><temps name="def"><temp name="T1146"/></temps><temps name="in"><temp name="T222"/><temp name="T8"/></temps><temps name="out"><temp name="T222"/><temp name="T8"/></temps></instruction><instruction code="INCH  T1146, 0"><temps name="use"/><temps name="def"><temp name="T1146"/></temps><temps name="in"><temp name="T222"/><temp name="T8"/></temps><temps name="out"><temp name="T1146"/><temp name="T222"/><temp name="T8"/></temps></instruction><instruction code="NEG T1146, 0, T1146"><temps name="use"><temp name="T1146"/></temps><temps name="def"><temp name="T1146"/></temps><temps name="in"><temp name="T1146"/><temp name="T222"/><temp name="T8"/></temps><temps name="out"><temp name="T1146"/><temp name="T222"/><temp name="T8"/></temps></instruction><instruction code="OR T223, T1146, 0"><temps name="use"><temp name="T1146"/></temps><temps name="def"><temp name="T223"/></temps><temps name="in"><temp name="T1146"/><temp name="T222"/><temp name="T8"/></temps><temps name="out"><temp name="T222"/><temp name="T223"/><temp name="T8"/></temps></instruction><instruction code="ADD T1147, T222, T223"><temps name="use"><temp name="T222"/><temp name="T223"/></temps><temps name="def"><temp name="T1147"/></temps><temps name="in"><temp name="T222"/><temp name="T223"/><temp name="T8"/></temps><temps name="out"><temp name="T8"/><temp name="T1147"/></temps></instruction><instruction code="OR T224, T1147, 0"><temps name="use"><temp name="T1147"/></temps><temps name="def"><temp name="T224"/></temps><temps name="in"><temp name="T8"/><temp name="T1147"/></temps><temps name="out"><temp name="T224"/><temp name="T8"/></temps></instruction><instruction code="OR T225, T224, 0"><temps name="use"><temp name="T224"/></temps><temps name="def"><temp name="T225"/></temps><temps name="in"><temp name="T224"/><temp name="T8"/></temps><temps name="out"><temp name="T225"/><temp name="T8"/></temps></instruction><instruction code="OR T226, T8, 0"><temps name="use"><temp name="T8"/></temps><temps name="def"><temp name="T226"/></temps><temps name="in"><temp name="T225"/><temp name="T8"/></temps><temps name="out"><temp name="T225"/><temp name="T226"/><temp name="T8"/></temps></instruction><instruction code="SETL  T1149, 8"><temps name="use"/><temps name="def"><temp name="T1149"/></temps><temps name="in"><temp name="T225"/><temp name="T226"/><temp name="T8"/></temps><temps name="out"><temp name="T225"/><temp name="T226"/><temp name="T8"/></temps></instruction><instruction code="INCML T1149, 0"><temps name="use"/><temps name="def"><temp name="T1149"/></temps><temps name="in"><temp name="T225"/><temp name="T226"/><temp name="T8"/></temps><temps name="out"><temp name="T225"/><temp name="T226"/><temp name="T8"/></temps></instruction><instruction code="INCMH T1149, 0"><temps name="use"/><temps name="def"><temp name="T1149"/></temps><temps name="in"><temp name="T225"/><temp name="T226"/><temp name="T8"/></temps><temps name="out"><temp name="T225"/><temp name="T226"/><temp name="T8"/></temps></instruction><instruction code="INCH  T1149, 0"><temps name="use"/><temps name="def"><temp name="T1149"/></temps><temps name="in"><temp name="T225"/><temp name="T226"/><temp name="T8"/></temps><temps name="out"><temp name="T225"/><temp name="T1149"/><temp name="T226"/><temp name="T8"/></temps></instruction><instruction code="OR T227, T1149, 0"><temps name="use"><temp name="T1149"/></temps><temps name="def"><temp name="T227"/></temps><temps name="in"><temp name="T225"/><temp name="T1149"/><temp name="T226"/><temp name="T8"/></temps><temps name="out"><temp name="T225"/><temp name="T226"/><temp name="T8"/><temp name="T227"/></temps></instruction><instruction code="ADD T1150, T226, T227"><temps name="use"><temp name="T226"/><temp name="T227"/></temps><temps name="def"><temp name="T1150"/></temps><temps name="in"><temp name="T225"/><temp name="T226"/><temp name="T8"/><temp name="T227"/></temps><temps name="out"><temp name="T1150"/><temp name="T225"/><temp name="T8"/></temps></instruction><instruction code="OR T228, T1150, 0"><temps name="use"><temp name="T1150"/></temps><temps name="def"><temp name="T228"/></temps><temps name="in"><temp name="T1150"/><temp name="T225"/><temp name="T8"/></temps><temps name="out"><temp name="T225"/><temp name="T8"/><temp name="T228"/></temps></instruction><instruction code="OR T229, T228, 0"><temps name="use"><temp name="T228"/></temps><temps name="def"><temp name="T229"/></temps><temps name="in"><temp name="T225"/><temp name="T8"/><temp name="T228"/></temps><temps name="out"><temp name="T225"/><temp name="T229"/><temp name="T8"/></temps></instruction><instruction code="MUL T1152, T225, T229"><temps name="use"><temp name="T225"/><temp name="T229"/></temps><temps name="def"><temp name="T1152"/></temps><temps name="in"><temp name="T225"/><temp name="T229"/><temp name="T8"/></temps><temps name="out"><temp name="T1152"/><temp name="T8"/></temps></instruction><instruction code="OR T230, T1152, 0"><temps name="use"><temp name="T1152"/></temps><temps name="def"><temp name="T230"/></temps><temps name="in"><temp name="T1152"/><temp name="T8"/></temps><temps name="out"><temp name="T230"/><temp name="T8"/></temps></instruction><instruction code="SETL  T1153, 8"><temps name="use"/><temps name="def"><temp name="T1153"/></temps><temps name="in"><temp name="T230"/><temp name="T8"/></temps><temps name="out"><temp name="T230"/><temp name="T8"/></temps></instruction><instruction code="INCML T1153, 0"><temps name="use"/><temps name="def"><temp name="T1153"/></temps><temps name="in"><temp name="T230"/><temp name="T8"/></temps><temps name="out"><temp name="T230"/><temp name="T8"/></temps></instruction><instruction code="INCMH T1153, 0"><temps name="use"/><temps name="def"><temp name="T1153"/></temps><temps name="in"><temp name="T230"/><temp name="T8"/></temps><temps name="out"><temp name="T230"/><temp name="T8"/></temps></instruction><instruction code="INCH  T1153, 0"><temps name="use"/><temps name="def"><temp name="T1153"/></temps><temps name="in"><temp name="T230"/><temp name="T8"/></temps><temps name="out"><temp name="T230"/><temp name="T1153"/><temp name="T8"/></temps></instruction><instruction code="NEG T1153, 0, T1153"><temps name="use"><temp name="T1153"/></temps><temps name="def"><temp name="T1153"/></temps><temps name="in"><temp name="T230"/><temp name="T1153"/><temp name="T8"/></temps><temps name="out"><temp name="T230"/><temp name="T1153"/><temp name="T8"/></temps></instruction><instruction code="ADD T1154, T8, T1153"><temps name="use"><temp name="T8"/><temp name="T1153"/></temps><temps name="def"><temp name="T1154"/></temps><temps name="in"><temp name="T230"/><temp name="T1153"/><temp name="T8"/></temps><temps name="out"><temp name="T1154"/><temp name="T230"/><temp name="T8"/></temps></instruction><instruction code="STO T1154, T230, 0"><temps name="use"><temp name="T1154"/><temp name="T230"/></temps><temps name="def"/><temps name="in"><temp name="T1154"/><temp name="T230"/><temp name="T8"/></temps><temps name="out"><temp name="T8"/></temps></instruction><instruction code="OR T231, T8, 0"><temps name="use"><temp name="T8"/></temps><temps name="def"><temp name="T231"/></temps><temps name="in"><temp name="T8"/></temps><temps name="out"><temp name="T231"/><temp name="T8"/></temps></instruction><instruction code="SETL  T1156, 8"><temps name="use"/><temps name="def"><temp name="T1156"/></temps><temps name="in"><temp name="T231"/><temp name="T8"/></temps><temps name="out"><temp name="T231"/><temp name="T8"/></temps></instruction><instruction code="INCML T1156, 0"><temps name="use"/><temps name="def"><temp name="T1156"/></temps><temps name="in"><temp name="T231"/><temp name="T8"/></temps><temps name="out"><temp name="T231"/><temp name="T8"/></temps></instruction><instruction code="INCMH T1156, 0"><temps name="use"/><temps name="def"><temp name="T1156"/></temps><temps name="in"><temp name="T231"/><temp name="T8"/></temps><temps name="out"><temp name="T231"/><temp name="T8"/></temps></instruction><instruction code="INCH  T1156, 0"><temps name="use"/><temps name="def"><temp name="T1156"/></temps><temps name="in"><temp name="T231"/><temp name="T8"/></temps><temps name="out"><temp name="T1156"/><temp name="T231"/><temp name="T8"/></temps></instruction><instruction code="OR T232, T1156, 0"><temps name="use"><temp name="T1156"/></temps><temps name="def"><temp name="T232"/></temps><temps name="in"><temp name="T1156"/><temp name="T231"/><temp name="T8"/></temps><temps name="out"><temp name="T232"/><temp name="T231"/><temp name="T8"/></temps></instruction><instruction code="ADD T1157, T231, T232"><temps name="use"><temp name="T231"/><temp name="T232"/></temps><temps name="def"><temp name="T1157"/></temps><temps name="in"><temp name="T232"/><temp name="T231"/><temp name="T8"/></temps><temps name="out"><temp name="T1157"/><temp name="T8"/></temps></instruction><instruction code="OR T233, T1157, 0"><temps name="use"><temp name="T1157"/></temps><temps name="def"><temp name="T233"/></temps><temps name="in"><temp name="T1157"/><temp name="T8"/></temps><temps name="out"><temp name="T233"/><temp name="T8"/></temps></instruction><instruction code="OR T234, T233, 0"><temps name="use"><temp name="T233"/></temps><temps name="def"><temp name="T234"/></temps><temps name="in"><temp name="T233"/><temp name="T8"/></temps><temps name="out"><temp name="T234"/><temp name="T8"/></temps></instruction><instruction code="SETL  T1159, 1"><temps name="use"/><temps name="def"><temp name="T1159"/></temps><temps name="in"><temp name="T234"/><temp name="T8"/></temps><temps name="out"><temp name="T234"/><temp name="T8"/></temps></instruction><instruction code="INCML T1159, 0"><temps name="use"/><temps name="def"><temp name="T1159"/></temps><temps name="in"><temp name="T234"/><temp name="T8"/></temps><temps name="out"><temp name="T234"/><temp name="T8"/></temps></instruction><instruction code="INCMH T1159, 0"><temps name="use"/><temps name="def"><temp name="T1159"/></temps><temps name="in"><temp name="T234"/><temp name="T8"/></temps><temps name="out"><temp name="T234"/><temp name="T8"/></temps></instruction><instruction code="INCH  T1159, 0"><temps name="use"/><temps name="def"><temp name="T1159"/></temps><temps name="in"><temp name="T234"/><temp name="T8"/></temps><temps name="out"><temp name="T1159"/><temp name="T234"/><temp name="T8"/></temps></instruction><instruction code="OR T235, T1159, 0"><temps name="use"><temp name="T1159"/></temps><temps name="def"><temp name="T235"/></temps><temps name="in"><temp name="T1159"/><temp name="T234"/><temp name="T8"/></temps><temps name="out"><temp name="T235"/><temp name="T234"/><temp name="T8"/></temps></instruction><instruction code="SUB T1160, T234, T235"><temps name="use"><temp name="T234"/><temp name="T235"/></temps><temps name="def"><temp name="T1160"/></temps><temps name="in"><temp name="T235"/><temp name="T234"/><temp name="T8"/></temps><temps name="out"><temp name="T1160"/><temp name="T8"/></temps></instruction><instruction code="OR T236, T1160, 0"><temps name="use"><temp name="T1160"/></temps><temps name="def"><temp name="T236"/></temps><temps name="in"><temp name="T1160"/><temp name="T8"/></temps><temps name="out"><temp name="T236"/><temp name="T8"/></temps></instruction><instruction code="SETL  T1161, 8"><temps name="use"/><temps name="def"><temp name="T1161"/></temps><temps name="in"><temp name="T236"/><temp name="T8"/></temps><temps name="out"><temp name="T236"/><temp name="T8"/></temps></instruction><instruction code="INCML T1161, 0"><temps name="use"/><temps name="def"><temp name="T1161"/></temps><temps name="in"><temp name="T236"/><temp name="T8"/></temps><temps name="out"><temp name="T236"/><temp name="T8"/></temps></instruction><instruction code="INCMH T1161, 0"><temps name="use"/><temps name="def"><temp name="T1161"/></temps><temps name="in"><temp name="T236"/><temp name="T8"/></temps><temps name="out"><temp name="T236"/><temp name="T8"/></temps></instruction><instruction code="INCH  T1161, 0"><temps name="use"/><temps name="def"><temp name="T1161"/></temps><temps name="in"><temp name="T236"/><temp name="T8"/></temps><temps name="out"><temp name="T1161"/><temp name="T236"/><temp name="T8"/></temps></instruction><instruction code="ADD T1162, T8, T1161"><temps name="use"><temp name="T8"/><temp name="T1161"/></temps><temps name="def"><temp name="T1162"/></temps><temps name="in"><temp name="T1161"/><temp name="T236"/><temp name="T8"/></temps><temps name="out"><temp name="T1162"/><temp name="T236"/><temp name="T8"/></temps></instruction><instruction code="STO T1162, T236, 0"><temps name="use"><temp name="T1162"/><temp name="T236"/></temps><temps name="def"/><temps name="in"><temp name="T1162"/><temp name="T236"/><temp name="T8"/></temps><temps name="out"><temp name="T8"/></temps></instruction><instruction code="LDA T1164, L26"><temps name="use"/><temps name="def"><temp name="T1164"/></temps><temps name="in"><temp name="T8"/></temps><temps name="out"><temp name="T1164"/><temp name="T8"/></temps></instruction><instruction code="GO T1164, T1164, 0"><temps name="use"><temp name="T1164"/></temps><temps name="def"><temp name="T1164"/></temps><temps name="in"><temp name="T1164"/><temp name="T8"/></temps><temps name="out"><temp name="T8"/></temps></instruction><instruction code="L28"><temps name="use"/><temps name="def"/><temps name="in"><temp name="T8"/></temps><temps name="out"><temp name="T8"/></temps></instruction><instruction code="OR T237, T8, 0"><temps name="use"><temp name="T8"/></temps><temps name="def"><temp name="T237"/></temps><temps name="in"><temp name="T8"/></temps><temps name="out"><temp name="T237"/></temps></instruction><instruction code="SETL  T1165, 8"><temps name="use"/><temps name="def"><temp name="T1165"/></temps><temps name="in"><temp name="T237"/></temps><temps name="out"><temp name="T237"/></temps></instruction><instruction code="INCML T1165, 0"><temps name="use"/><temps name="def"><temp name="T1165"/></temps><temps name="in"><temp name="T237"/></temps><temps name="out"><temp name="T237"/></temps></instruction><instruction code="INCMH T1165, 0"><temps name="use"/><temps name="def"><temp name="T1165"/></temps><temps name="in"><temp name="T237"/></temps><temps name="out"><temp name="T237"/></temps></instruction><instruction code="INCH  T1165, 0"><temps name="use"/><temps name="def"><temp name="T1165"/></temps><temps name="in"><temp name="T237"/></temps><temps name="out"><temp name="T1165"/><temp name="T237"/></temps></instruction><instruction code="NEG T1165, 0, T1165"><temps name="use"><temp name="T1165"/></temps><temps name="def"><temp name="T1165"/></temps><temps name="in"><temp name="T1165"/><temp name="T237"/></temps><temps name="out"><temp name="T1165"/><temp name="T237"/></temps></instruction><instruction code="OR T238, T1165, 0"><temps name="use"><temp name="T1165"/></temps><temps name="def"><temp name="T238"/></temps><temps name="in"><temp name="T1165"/><temp name="T237"/></temps><temps name="out"><temp name="T238"/><temp name="T237"/></temps></instruction><instruction code="ADD T1166, T237, T238"><temps name="use"><temp name="T237"/><temp name="T238"/></temps><temps name="def"><temp name="T1166"/></temps><temps name="in"><temp name="T238"/><temp name="T237"/></temps><temps name="out"><temp name="T1166"/></temps></instruction><instruction code="OR T239, T1166, 0"><temps name="use"><temp name="T1166"/></temps><temps name="def"><temp name="T239"/></temps><temps name="in"><temp name="T1166"/></temps><temps name="out"><temp name="T239"/></temps></instruction><instruction code="OR T240, T239, 0"><temps name="use"><temp name="T239"/></temps><temps name="def"><temp name="T240"/></temps><temps name="in"><temp name="T239"/></temps><temps name="out"><temp name="T240"/></temps></instruction><instruction code="OR T9, T240, 0"><temps name="use"><temp name="T240"/></temps><temps name="def"><temp name="T9"/></temps><temps name="in"><temp name="T240"/></temps><temps name="out"/></instruction><instruction code="LDA T1168, L113"><temps name="use"/><temps name="def"><temp name="T1168"/></temps><temps name="in"/><temps name="out"><temp name="T1168"/></temps></instruction><instruction code="GO T1168, T1168, 0"><temps name="use"><temp name="T1168"/></temps><temps name="def"><temp name="T1168"/></temps><temps name="in"><temp name="T1168"/></temps><temps name="out"/></instruction></instructions></code><code entrylabel="L115" exitlabel="L116" tempsize="0"><frame FP="T10" RV="T11" argssize="16" depth="1" label="_facRec" locssize="8" size="40"/><instructions><instruction code="L115"><temps name="use"/><temps name="def"/><temps name="in"><temp name="T10"/></temps><temps name="out"><temp name="T10"/></temps></instruction><instruction code="OR T241, T10, 0"><temps name="use"><temp name="T10"/></temps><temps name="def"><temp name="T241"/></temps><temps name="in"><temp name="T10"/></temps><temps name="out"><temp name="T241"/><temp name="T10"/></temps></instruction><instruction code="SETL  T1169, 8"><temps name="use"/><temps name="def"><temp name="T1169"/></temps><temps name="in"><temp name="T241"/><temp name="T10"/></temps><temps name="out"><temp name="T241"/><temp name="T10"/></temps></instruction><instruction code="INCML T1169, 0"><temps name="use"/><temps name="def"><temp name="T1169"/></temps><temps name="in"><temp name="T241"/><temp name="T10"/></temps><temps name="out"><temp name="T241"/><temp name="T10"/></temps></instruction><instruction code="INCMH T1169, 0"><temps name="use"/><temps name="def"><temp name="T1169"/></temps><temps name="in"><temp name="T241"/><temp name="T10"/></temps><temps name="out"><temp name="T241"/><temp name="T10"/></temps></instruction><instruction code="INCH  T1169, 0"><temps name="use"/><temps name="def"><temp name="T1169"/></temps><temps name="in"><temp name="T241"/><temp name="T10"/></temps><temps name="out"><temp name="T241"/><temp name="T1169"/><temp name="T10"/></temps></instruction><instruction code="OR T242, T1169, 0"><temps name="use"><temp name="T1169"/></temps><temps name="def"><temp name="T242"/></temps><temps name="in"><temp name="T241"/><temp name="T1169"/><temp name="T10"/></temps><temps name="out"><temp name="T241"/><temp name="T242"/><temp name="T10"/></temps></instruction><instruction code="ADD T1170, T241, T242"><temps name="use"><temp name="T241"/><temp name="T242"/></temps><temps name="def"><temp name="T1170"/></temps><temps name="in"><temp name="T241"/><temp name="T242"/><temp name="T10"/></temps><temps name="out"><temp name="T10"/><temp name="T1170"/></temps></instruction><instruction code="OR T243, T1170, 0"><temps name="use"><temp name="T1170"/></temps><temps name="def"><temp name="T243"/></temps><temps name="in"><temp name="T10"/><temp name="T1170"/></temps><temps name="out"><temp name="T243"/><temp name="T10"/></temps></instruction><instruction code="OR T244, T243, 0"><temps name="use"><temp name="T243"/></temps><temps name="def"><temp name="T244"/></temps><temps name="in"><temp name="T243"/><temp name="T10"/></temps><temps name="out"><temp name="T244"/><temp name="T10"/></temps></instruction><instruction code="SETL  T1172, 1"><temps name="use"/><temps name="def"><temp name="T1172"/></temps><temps name="in"><temp name="T244"/><temp name="T10"/></temps><temps name="out"><temp name="T244"/><temp name="T10"/></temps></instruction><instruction code="INCML T1172, 0"><temps name="use"/><temps name="def"><temp name="T1172"/></temps><temps name="in"><temp name="T244"/><temp name="T10"/></temps><temps name="out"><temp name="T244"/><temp name="T10"/></temps></instruction><instruction code="INCMH T1172, 0"><temps name="use"/><temps name="def"><temp name="T1172"/></temps><temps name="in"><temp name="T244"/><temp name="T10"/></temps><temps name="out"><temp name="T244"/><temp name="T10"/></temps></instruction><instruction code="INCH  T1172, 0"><temps name="use"/><temps name="def"><temp name="T1172"/></temps><temps name="in"><temp name="T244"/><temp name="T10"/></temps><temps name="out"><temp name="T244"/><temp name="T10"/><temp name="T1172"/></temps></instruction><instruction code="OR T245, T1172, 0"><temps name="use"><temp name="T1172"/></temps><temps name="def"><temp name="T245"/></temps><temps name="in"><temp name="T244"/><temp name="T10"/><temp name="T1172"/></temps><temps name="out"><temp name="T245"/><temp name="T244"/><temp name="T10"/></temps></instruction><instruction code="CMP T1173, T244, T245"><temps name="use"><temp name="T244"/><temp name="T245"/></temps><temps name="def"><temp name="T1173"/></temps><temps name="in"><temp name="T245"/><temp name="T244"/><temp name="T10"/></temps><temps name="out"><temp name="T10"/><temp name="T1173"/></temps></instruction><instruction code="ZSZ T1173, T1173, 1"><temps name="use"><temp name="T1173"/></temps><temps name="def"><temp name="T1173"/></temps><temps name="in"><temp name="T10"/><temp name="T1173"/></temps><temps name="out"><temp name="T10"/><temp name="T1173"/></temps></instruction><instruction code="OR T246, T1173, 0"><temps name="use"><temp name="T1173"/></temps><temps name="def"><temp name="T246"/></temps><temps name="in"><temp name="T10"/><temp name="T1173"/></temps><temps name="out"><temp name="T10"/><temp name="T246"/></temps></instruction><instruction code="BNZ T246, L29"><temps name="use"><temp name="T246"/></temps><temps name="def"/><temps name="in"><temp name="T10"/><temp name="T246"/></temps><temps name="out"><temp name="T10"/></temps></instruction><instruction code="L114"><temps name="use"/><temps name="def"/><temps name="in"><temp name="T10"/></temps><temps name="out"><temp name="T10"/></temps></instruction><instruction code="LDA T1174, L30"><temps name="use"/><temps name="def"><temp name="T1174"/></temps><temps name="in"><temp name="T10"/></temps><temps name="out"><temp name="T1174"/><temp name="T10"/></temps></instruction><instruction code="GO T1174, T1174, 0"><temps name="use"><temp name="T1174"/></temps><temps name="def"><temp name="T1174"/></temps><temps name="in"><temp name="T1174"/><temp name="T10"/></temps><temps name="out"><temp name="T10"/></temps></instruction><instruction code="L29"><temps name="use"/><temps name="def"/><temps name="in"><temp name="T10"/></temps><temps name="out"><temp name="T10"/></temps></instruction><instruction code="SETL  T1175, 1"><temps name="use"/><temps name="def"><temp name="T1175"/></temps><temps name="in"><temp name="T10"/></temps><temps name="out"><temp name="T10"/></temps></instruction><instruction code="INCML T1175, 0"><temps name="use"/><temps name="def"><temp name="T1175"/></temps><temps name="in"><temp name="T10"/></temps><temps name="out"><temp name="T10"/></temps></instruction><instruction code="INCMH T1175, 0"><temps name="use"/><temps name="def"><temp name="T1175"/></temps><temps name="in"><temp name="T10"/></temps><temps name="out"><temp name="T10"/></temps></instruction><instruction code="INCH  T1175, 0"><temps name="use"/><temps name="def"><temp name="T1175"/></temps><temps name="in"><temp name="T10"/></temps><temps name="out"><temp name="T10"/><temp name="T1175"/></temps></instruction><instruction code="OR T247, T1175, 0"><temps name="use"><temp name="T1175"/></temps><temps name="def"><temp name="T247"/></temps><temps name="in"><temp name="T10"/><temp name="T1175"/></temps><temps name="out"><temp name="T247"/><temp name="T10"/></temps></instruction><instruction code="SETL  T1176, 8"><temps name="use"/><temps name="def"><temp name="T1176"/></temps><temps name="in"><temp name="T247"/><temp name="T10"/></temps><temps name="out"><temp name="T247"/><temp name="T10"/></temps></instruction><instruction code="INCML T1176, 0"><temps name="use"/><temps name="def"><temp name="T1176"/></temps><temps name="in"><temp name="T247"/><temp name="T10"/></temps><temps name="out"><temp name="T247"/><temp name="T10"/></temps></instruction><instruction code="INCMH T1176, 0"><temps name="use"/><temps name="def"><temp name="T1176"/></temps><temps name="in"><temp name="T247"/><temp name="T10"/></temps><temps name="out"><temp name="T247"/><temp name="T10"/></temps></instruction><instruction code="INCH  T1176, 0"><temps name="use"/><temps name="def"><temp name="T1176"/></temps><temps name="in"><temp name="T247"/><temp name="T10"/></temps><temps name="out"><temp name="T247"/><temp name="T10"/><temp name="T1176"/></temps></instruction><instruction code="NEG T1176, 0, T1176"><temps name="use"><temp name="T1176"/></temps><temps name="def"><temp name="T1176"/></temps><temps name="in"><temp name="T247"/><temp name="T10"/><temp name="T1176"/></temps><temps name="out"><temp name="T247"/><temp name="T10"/><temp name="T1176"/></temps></instruction><instruction code="ADD T1177, T10, T1176"><temps name="use"><temp name="T10"/><temp name="T1176"/></temps><temps name="def"><temp name="T1177"/></temps><temps name="in"><temp name="T247"/><temp name="T10"/><temp name="T1176"/></temps><temps name="out"><temp name="T247"/><temp name="T10"/><temp name="T1177"/></temps></instruction><instruction code="STO T1177, T247, 0"><temps name="use"><temp name="T1177"/><temp name="T247"/></temps><temps name="def"/><temps name="in"><temp name="T247"/><temp name="T10"/><temp name="T1177"/></temps><temps name="out"><temp name="T10"/></temps></instruction><instruction code="LDA T1179, L31"><temps name="use"/><temps name="def"><temp name="T1179"/></temps><temps name="in"><temp name="T10"/></temps><temps name="out"><temp name="T1179"/><temp name="T10"/></temps></instruction><instruction code="GO T1179, T1179, 0"><temps name="use"><temp name="T1179"/></temps><temps name="def"><temp name="T1179"/></temps><temps name="in"><temp name="T1179"/><temp name="T10"/></temps><temps name="out"><temp name="T10"/></temps></instruction><instruction code="L30"><temps name="use"/><temps name="def"/><temps name="in"><temp name="T10"/></temps><temps name="out"><temp name="T10"/></temps></instruction><instruction code="OR T248, T10, 0"><temps name="use"><temp name="T10"/></temps><temps name="def"><temp name="T248"/></temps><temps name="in"><temp name="T10"/></temps><temps name="out"><temp name="T10"/><temp name="T248"/></temps></instruction><instruction code="SETL  T1180, 8"><temps name="use"/><temps name="def"><temp name="T1180"/></temps><temps name="in"><temp name="T10"/><temp name="T248"/></temps><temps name="out"><temp name="T10"/><temp name="T248"/></temps></instruction><instruction code="INCML T1180, 0"><temps name="use"/><temps name="def"><temp name="T1180"/></temps><temps name="in"><temp name="T10"/><temp name="T248"/></temps><temps name="out"><temp name="T10"/><temp name="T248"/></temps></instruction><instruction code="INCMH T1180, 0"><temps name="use"/><temps name="def"><temp name="T1180"/></temps><temps name="in"><temp name="T10"/><temp name="T248"/></temps><temps name="out"><temp name="T10"/><temp name="T248"/></temps></instruction><instruction code="INCH  T1180, 0"><temps name="use"/><temps name="def"><temp name="T1180"/></temps><temps name="in"><temp name="T10"/><temp name="T248"/></temps><temps name="out"><temp name="T1180"/><temp name="T10"/><temp name="T248"/></temps></instruction><instruction code="OR T249, T1180, 0"><temps name="use"><temp name="T1180"/></temps><temps name="def"><temp name="T249"/></temps><temps name="in"><temp name="T1180"/><temp name="T10"/><temp name="T248"/></temps><temps name="out"><temp name="T249"/><temp name="T10"/><temp name="T248"/></temps></instruction><instruction code="ADD T1181, T248, T249"><temps name="use"><temp name="T248"/><temp name="T249"/></temps><temps name="def"><temp name="T1181"/></temps><temps name="in"><temp name="T249"/><temp name="T10"/><temp name="T248"/></temps><temps name="out"><temp name="T1181"/><temp name="T10"/></temps></instruction><instruction code="OR T250, T1181, 0"><temps name="use"><temp name="T1181"/></temps><temps name="def"><temp name="T250"/></temps><temps name="in"><temp name="T1181"/><temp name="T10"/></temps><temps name="out"><temp name="T10"/><temp name="T250"/></temps></instruction><instruction code="OR T251, T250, 0"><temps name="use"><temp name="T250"/></temps><temps name="def"><temp name="T251"/></temps><temps name="in"><temp name="T10"/><temp name="T250"/></temps><temps name="out"><temp name="T251"/><temp name="T10"/></temps></instruction><instruction code="SETL  T1183, 0"><temps name="use"/><temps name="def"><temp name="T1183"/></temps><temps name="in"><temp name="T251"/><temp name="T10"/></temps><temps name="out"><temp name="T251"/><temp name="T10"/></temps></instruction><instruction code="INCML T1183, 0"><temps name="use"/><temps name="def"><temp name="T1183"/></temps><temps name="in"><temp name="T251"/><temp name="T10"/></temps><temps name="out"><temp name="T251"/><temp name="T10"/></temps></instruction><instruction code="INCMH T1183, 0"><temps name="use"/><temps name="def"><temp name="T1183"/></temps><temps name="in"><temp name="T251"/><temp name="T10"/></temps><temps name="out"><temp name="T251"/><temp name="T10"/></temps></instruction><instruction code="INCH  T1183, 0"><temps name="use"/><temps name="def"><temp name="T1183"/></temps><temps name="in"><temp name="T251"/><temp name="T10"/></temps><temps name="out"><temp name="T251"/><temp name="T10"/><temp name="T1183"/></temps></instruction><instruction code="OR T252, T1183, 0"><temps name="use"><temp name="T1183"/></temps><temps name="def"><temp name="T252"/></temps><temps name="in"><temp name="T251"/><temp name="T10"/><temp name="T1183"/></temps><temps name="out"><temp name="T252"/><temp name="T251"/><temp name="T10"/></temps></instruction><instruction code="OR T253, T10, 0"><temps name="use"><temp name="T10"/></temps><temps name="def"><temp name="T253"/></temps><temps name="in"><temp name="T252"/><temp name="T251"/><temp name="T10"/></temps><temps name="out"><temp name="T252"/><temp name="T251"/><temp name="T253"/><temp name="T10"/></temps></instruction><instruction code="SETL  T1184, 8"><temps name="use"/><temps name="def"><temp name="T1184"/></temps><temps name="in"><temp name="T252"/><temp name="T251"/><temp name="T253"/><temp name="T10"/></temps><temps name="out"><temp name="T252"/><temp name="T251"/><temp name="T253"/><temp name="T10"/></temps></instruction><instruction code="INCML T1184, 0"><temps name="use"/><temps name="def"><temp name="T1184"/></temps><temps name="in"><temp name="T252"/><temp name="T251"/><temp name="T253"/><temp name="T10"/></temps><temps name="out"><temp name="T252"/><temp name="T251"/><temp name="T253"/><temp name="T10"/></temps></instruction><instruction code="INCMH T1184, 0"><temps name="use"/><temps name="def"><temp name="T1184"/></temps><temps name="in"><temp name="T252"/><temp name="T251"/><temp name="T253"/><temp name="T10"/></temps><temps name="out"><temp name="T252"/><temp name="T251"/><temp name="T253"/><temp name="T10"/></temps></instruction><instruction code="INCH  T1184, 0"><temps name="use"/><temps name="def"><temp name="T1184"/></temps><temps name="in"><temp name="T252"/><temp name="T251"/><temp name="T253"/><temp name="T10"/></temps><temps name="out"><temp name="T252"/><temp name="T251"/><temp name="T253"/><temp name="T10"/><temp name="T1184"/></temps></instruction><instruction code="OR T254, T1184, 0"><temps name="use"><temp name="T1184"/></temps><temps name="def"><temp name="T254"/></temps><temps name="in"><temp name="T252"/><temp name="T251"/><temp name="T253"/><temp name="T10"/><temp name="T1184"/></temps><temps name="out"><temp name="T252"/><temp name="T251"/><temp name="T253"/><temp name="T10"/><temp name="T254"/></temps></instruction><instruction code="ADD T1185, T253, T254"><temps name="use"><temp name="T253"/><temp name="T254"/></temps><temps name="def"><temp name="T1185"/></temps><temps name="in"><temp name="T252"/><temp name="T251"/><temp name="T253"/><temp name="T10"/><temp name="T254"/></temps><temps name="out"><temp name="T252"/><temp name="T251"/><temp name="T1185"/><temp name="T10"/></temps></instruction><instruction code="OR T255, T1185, 0"><temps name="use"><temp name="T1185"/></temps><temps name="def"><temp name="T255"/></temps><temps name="in"><temp name="T252"/><temp name="T251"/><temp name="T1185"/><temp name="T10"/></temps><temps name="out"><temp name="T252"/><temp name="T251"/><temp name="T255"/><temp name="T10"/></temps></instruction><instruction code="OR T256, T255, 0"><temps name="use"><temp name="T255"/></temps><temps name="def"><temp name="T256"/></temps><temps name="in"><temp name="T252"/><temp name="T251"/><temp name="T255"/><temp name="T10"/></temps><temps name="out"><temp name="T252"/><temp name="T251"/><temp name="T10"/><temp name="T256"/></temps></instruction><instruction code="SETL  T1187, 1"><temps name="use"/><temps name="def"><temp name="T1187"/></temps><temps name="in"><temp name="T252"/><temp name="T251"/><temp name="T10"/><temp name="T256"/></temps><temps name="out"><temp name="T252"/><temp name="T251"/><temp name="T10"/><temp name="T256"/></temps></instruction><instruction code="INCML T1187, 0"><temps name="use"/><temps name="def"><temp name="T1187"/></temps><temps name="in"><temp name="T252"/><temp name="T251"/><temp name="T10"/><temp name="T256"/></temps><temps name="out"><temp name="T252"/><temp name="T251"/><temp name="T10"/><temp name="T256"/></temps></instruction><instruction code="INCMH T1187, 0"><temps name="use"/><temps name="def"><temp name="T1187"/></temps><temps name="in"><temp name="T252"/><temp name="T251"/><temp name="T10"/><temp name="T256"/></temps><temps name="out"><temp name="T252"/><temp name="T251"/><temp name="T10"/><temp name="T256"/></temps></instruction><instruction code="INCH  T1187, 0"><temps name="use"/><temps name="def"><temp name="T1187"/></temps><temps name="in"><temp name="T252"/><temp name="T251"/><temp name="T10"/><temp name="T256"/></temps><temps name="out"><temp name="T252"/><temp name="T251"/><temp name="T10"/><temp name="T1187"/><temp name="T256"/></temps></instruction><instruction code="OR T257, T1187, 0"><temps name="use"><temp name="T1187"/></temps><temps name="def"><temp name="T257"/></temps><temps name="in"><temp name="T252"/><temp name="T251"/><temp name="T10"/><temp name="T1187"/><temp name="T256"/></temps><temps name="out"><temp name="T252"/><temp name="T251"/><temp name="T10"/><temp name="T256"/><temp name="T257"/></temps></instruction><instruction code="SUB T1188, T256, T257"><temps name="use"><temp name="T256"/><temp name="T257"/></temps><temps name="def"><temp name="T1188"/></temps><temps name="in"><temp name="T252"/><temp name="T251"/><temp name="T10"/><temp name="T256"/><temp name="T257"/></temps><temps name="out"><temp name="T252"/><temp name="T251"/><temp name="T10"/><temp name="T1188"/></temps></instruction><instruction code="OR T258, T1188, 0"><temps name="use"><temp name="T1188"/></temps><temps name="def"><temp name="T258"/></temps><temps name="in"><temp name="T252"/><temp name="T251"/><temp name="T10"/><temp name="T1188"/></temps><temps name="out"><temp name="T252"/><temp name="T251"/><temp name="T10"/><temp name="T258"/></temps></instruction><instruction code="STO T252, $254, 8"><temps name="use"><temp name="T252"/></temps><temps name="def"/><temps name="in"><temp name="T252"/><temp name="T251"/><temp name="T10"/><temp name="T258"/></temps><temps name="out"><temp name="T251"/><temp name="T10"/><temp name="T258"/></temps></instruction><instruction code="STO T258, $254, 16"><temps name="use"><temp name="T258"/></temps><temps name="def"/><temps name="in"><temp name="T251"/><temp name="T10"/><temp name="T258"/></temps><temps name="out"><temp name="T251"/><temp name="T10"/></temps></instruction><instruction code="LDA T1189, _facRec"><temps name="use"/><temps name="def"><temp name="T1189"/></temps><temps name="in"><temp name="T251"/><temp name="T10"/></temps><temps name="out"><temp name="T251"/><temp name="T1189"/><temp name="T10"/></temps></instruction><instruction code="PUSHJ $16, T1189, 0"><temps name="use"><temp name="T1189"/></temps><temps name="def"/><temps name="in"><temp name="T251"/><temp name="T1189"/><temp name="T10"/></temps><temps name="out"><temp name="T251"/><temp name="T10"/></temps></instruction><instruction code="LDO T1190, $254, 0"><temps name="use"/><temps name="def"><temp name="T1190"/></temps><temps name="in"><temp name="T251"/><temp name="T10"/></temps><temps name="out"><temp name="T251"/><temp name="T1190"/><temp name="T10"/></temps></instruction><instruction code="OR T259, T1190, 0"><temps name="use"><temp name="T1190"/></temps><temps name="def"><temp name="T259"/></temps><temps name="in"><temp name="T251"/><temp name="T1190"/><temp name="T10"/></temps><temps name="out"><temp name="T251"/><temp name="T259"/><temp name="T10"/></temps></instruction><instruction code="MUL T1191, T251, T259"><temps name="use"><temp name="T251"/><temp name="T259"/></temps><temps name="def"><temp name="T1191"/></temps><temps name="in"><temp name="T251"/><temp name="T259"/><temp name="T10"/></temps><temps name="out"><temp name="T1191"/><temp name="T10"/></temps></instruction><instruction code="OR T260, T1191, 0"><temps name="use"><temp name="T1191"/></temps><temps name="def"><temp name="T260"/></temps><temps name="in"><temp name="T1191"/><temp name="T10"/></temps><temps name="out"><temp name="T10"/><temp name="T260"/></temps></instruction><instruction code="SETL  T1192, 8"><temps name="use"/><temps name="def"><temp name="T1192"/></temps><temps name="in"><temp name="T10"/><temp name="T260"/></temps><temps name="out"><temp name="T10"/><temp name="T260"/></temps></instruction><instruction code="INCML T1192, 0"><temps name="use"/><temps name="def"><temp name="T1192"/></temps><temps name="in"><temp name="T10"/><temp name="T260"/></temps><temps name="out"><temp name="T10"/><temp name="T260"/></temps></instruction><instruction code="INCMH T1192, 0"><temps name="use"/><temps name="def"><temp name="T1192"/></temps><temps name="in"><temp name="T10"/><temp name="T260"/></temps><temps name="out"><temp name="T10"/><temp name="T260"/></temps></instruction><instruction code="INCH  T1192, 0"><temps name="use"/><temps name="def"><temp name="T1192"/></temps><temps name="in"><temp name="T10"/><temp name="T260"/></temps><temps name="out"><temp name="T1192"/><temp name="T10"/><temp name="T260"/></temps></instruction><instruction code="NEG T1192, 0, T1192"><temps name="use"><temp name="T1192"/></temps><temps name="def"><temp name="T1192"/></temps><temps name="in"><temp name="T1192"/><temp name="T10"/><temp name="T260"/></temps><temps name="out"><temp name="T1192"/><temp name="T10"/><temp name="T260"/></temps></instruction><instruction code="ADD T1193, T10, T1192"><temps name="use"><temp name="T10"/><temp name="T1192"/></temps><temps name="def"><temp name="T1193"/></temps><temps name="in"><temp name="T1192"/><temp name="T10"/><temp name="T260"/></temps><temps name="out"><temp name="T1193"/><temp name="T10"/><temp name="T260"/></temps></instruction><instruction code="STO T1193, T260, 0"><temps name="use"><temp name="T1193"/><temp name="T260"/></temps><temps name="def"/><temps name="in"><temp name="T1193"/><temp name="T10"/><temp name="T260"/></temps><temps name="out"><temp name="T10"/></temps></instruction><instruction code="L31"><temps name="use"/><temps name="def"/><temps name="in"><temp name="T10"/></temps><temps name="out"><temp name="T10"/></temps></instruction><instruction code="OR T261, T10, 0"><temps name="use"><temp name="T10"/></temps><temps name="def"><temp name="T261"/></temps><temps name="in"><temp name="T10"/></temps><temps name="out"><temp name="T261"/></temps></instruction><instruction code="SETL  T1195, 8"><temps name="use"/><temps name="def"><temp name="T1195"/></temps><temps name="in"><temp name="T261"/></temps><temps name="out"><temp name="T261"/></temps></instruction><instruction code="INCML T1195, 0"><temps name="use"/><temps name="def"><temp name="T1195"/></temps><temps name="in"><temp name="T261"/></temps><temps name="out"><temp name="T261"/></temps></instruction><instruction code="INCMH T1195, 0"><temps name="use"/><temps name="def"><temp name="T1195"/></temps><temps name="in"><temp name="T261"/></temps><temps name="out"><temp name="T261"/></temps></instruction><instruction code="INCH  T1195, 0"><temps name="use"/><temps name="def"><temp name="T1195"/></temps><temps name="in"><temp name="T261"/></temps><temps name="out"><temp name="T261"/><temp name="T1195"/></temps></instruction><instruction code="NEG T1195, 0, T1195"><temps name="use"><temp name="T1195"/></temps><temps name="def"><temp name="T1195"/></temps><temps name="in"><temp name="T261"/><temp name="T1195"/></temps><temps name="out"><temp name="T261"/><temp name="T1195"/></temps></instruction><instruction code="OR T262, T1195, 0"><temps name="use"><temp name="T1195"/></temps><temps name="def"><temp name="T262"/></temps><temps name="in"><temp name="T261"/><temp name="T1195"/></temps><temps name="out"><temp name="T261"/><temp name="T262"/></temps></instruction><instruction code="ADD T1196, T261, T262"><temps name="use"><temp name="T261"/><temp name="T262"/></temps><temps name="def"><temp name="T1196"/></temps><temps name="in"><temp name="T261"/><temp name="T262"/></temps><temps name="out"><temp name="T1196"/></temps></instruction><instruction code="OR T263, T1196, 0"><temps name="use"><temp name="T1196"/></temps><temps name="def"><temp name="T263"/></temps><temps name="in"><temp name="T1196"/></temps><temps name="out"><temp name="T263"/></temps></instruction><instruction code="OR T264, T263, 0"><temps name="use"><temp name="T263"/></temps><temps name="def"><temp name="T264"/></temps><temps name="in"><temp name="T263"/></temps><temps name="out"><temp name="T264"/></temps></instruction><instruction code="OR T11, T264, 0"><temps name="use"><temp name="T264"/></temps><temps name="def"><temp name="T11"/></temps><temps name="in"><temp name="T264"/></temps><temps name="out"/></instruction><instruction code="LDA T1198, L116"><temps name="use"/><temps name="def"><temp name="T1198"/></temps><temps name="in"/><temps name="out"><temp name="T1198"/></temps></instruction><instruction code="GO T1198, T1198, 0"><temps name="use"><temp name="T1198"/></temps><temps name="def"><temp name="T1198"/></temps><temps name="in"><temp name="T1198"/></temps><temps name="out"/></instruction></instructions></code><code entrylabel="L118" exitlabel="L119" tempsize="0"><frame FP="T12" RV="T13" argssize="0" depth="1" label="_fibItr" locssize="24" size="40"/><instructions><instruction code="L118"><temps name="use"/><temps name="def"/><temps name="in"><temp name="T12"/></temps><temps name="out"><temp name="T12"/></temps></instruction><instruction code="SETL  T1199, 1"><temps name="use"/><temps name="def"><temp name="T1199"/></temps><temps name="in"><temp name="T12"/></temps><temps name="out"><temp name="T12"/></temps></instruction><instruction code="INCML T1199, 0"><temps name="use"/><temps name="def"><temp name="T1199"/></temps><temps name="in"><temp name="T12"/></temps><temps name="out"><temp name="T12"/></temps></instruction><instruction code="INCMH T1199, 0"><temps name="use"/><temps name="def"><temp name="T1199"/></temps><temps name="in"><temp name="T12"/></temps><temps name="out"><temp name="T12"/></temps></instruction><instruction code="INCH  T1199, 0"><temps name="use"/><temps name="def"><temp name="T1199"/></temps><temps name="in"><temp name="T12"/></temps><temps name="out"><temp name="T1199"/><temp name="T12"/></temps></instruction><instruction code="OR T265, T1199, 0"><temps name="use"><temp name="T1199"/></temps><temps name="def"><temp name="T265"/></temps><temps name="in"><temp name="T1199"/><temp name="T12"/></temps><temps name="out"><temp name="T265"/><temp name="T12"/></temps></instruction><instruction code="SETL  T1200, 8"><temps name="use"/><temps name="def"><temp name="T1200"/></temps><temps name="in"><temp name="T265"/><temp name="T12"/></temps><temps name="out"><temp name="T265"/><temp name="T12"/></temps></instruction><instruction code="INCML T1200, 0"><temps name="use"/><temps name="def"><temp name="T1200"/></temps><temps name="in"><temp name="T265"/><temp name="T12"/></temps><temps name="out"><temp name="T265"/><temp name="T12"/></temps></instruction><instruction code="INCMH T1200, 0"><temps name="use"/><temps name="def"><temp name="T1200"/></temps><temps name="in"><temp name="T265"/><temp name="T12"/></temps><temps name="out"><temp name="T265"/><temp name="T12"/></temps></instruction><instruction code="INCH  T1200, 0"><temps name="use"/><temps name="def"><temp name="T1200"/></temps><temps name="in"><temp name="T265"/><temp name="T12"/></temps><temps name="out"><temp name="T265"/><temp name="T12"/><temp name="T1200"/></temps></instruction><instruction code="NEG T1200, 0, T1200"><temps name="use"><temp name="T1200"/></temps><temps name="def"><temp name="T1200"/></temps><temps name="in"><temp name="T265"/><temp name="T12"/><temp name="T1200"/></temps><temps name="out"><temp name="T265"/><temp name="T12"/><temp name="T1200"/></temps></instruction><instruction code="ADD T1201, T12, T1200"><temps name="use"><temp name="T12"/><temp name="T1200"/></temps><temps name="def"><temp name="T1201"/></temps><temps name="in"><temp name="T265"/><temp name="T12"/><temp name="T1200"/></temps><temps name="out"><temp name="T1201"/><temp name="T265"/><temp name="T12"/></temps></instruction><instruction code="STO T1201, T265, 0"><temps name="use"><temp name="T1201"/><temp name="T265"/></temps><temps name="def"/><temps name="in"><temp name="T1201"/><temp name="T265"/><temp name="T12"/></temps><temps name="out"><temp name="T12"/></temps></instruction><instruction code="SETL  T1203, 1"><temps name="use"/><temps name="def"><temp name="T1203"/></temps><temps name="in"><temp name="T12"/></temps><temps name="out"><temp name="T12"/></temps></instruction><instruction code="INCML T1203, 0"><temps name="use"/><temps name="def"><temp name="T1203"/></temps><temps name="in"><temp name="T12"/></temps><temps name="out"><temp name="T12"/></temps></instruction><instruction code="INCMH T1203, 0"><temps name="use"/><temps name="def"><temp name="T1203"/></temps><temps name="in"><temp name="T12"/></temps><temps name="out"><temp name="T12"/></temps></instruction><instruction code="INCH  T1203, 0"><temps name="use"/><temps name="def"><temp name="T1203"/></temps><temps name="in"><temp name="T12"/></temps><temps name="out"><temp name="T12"/><temp name="T1203"/></temps></instruction><instruction code="OR T266, T1203, 0"><temps name="use"><temp name="T1203"/></temps><temps name="def"><temp name="T266"/></temps><temps name="in"><temp name="T12"/><temp name="T1203"/></temps><temps name="out"><temp name="T266"/><temp name="T12"/></temps></instruction><instruction code="SETL  T1204, 16"><temps name="use"/><temps name="def"><temp name="T1204"/></temps><temps name="in"><temp name="T266"/><temp name="T12"/></temps><temps name="out"><temp name="T266"/><temp name="T12"/></temps></instruction><instruction code="INCML T1204, 0"><temps name="use"/><temps name="def"><temp name="T1204"/></temps><temps name="in"><temp name="T266"/><temp name="T12"/></temps><temps name="out"><temp name="T266"/><temp name="T12"/></temps></instruction><instruction code="INCMH T1204, 0"><temps name="use"/><temps name="def"><temp name="T1204"/></temps><temps name="in"><temp name="T266"/><temp name="T12"/></temps><temps name="out"><temp name="T266"/><temp name="T12"/></temps></instruction><instruction code="INCH  T1204, 0"><temps name="use"/><temps name="def"><temp name="T1204"/></temps><temps name="in"><temp name="T266"/><temp name="T12"/></temps><temps name="out"><temp name="T1204"/><temp name="T266"/><temp name="T12"/></temps></instruction><instruction code="NEG T1204, 0, T1204"><temps name="use"><temp name="T1204"/></temps><temps name="def"><temp name="T1204"/></temps><temps name="in"><temp name="T1204"/><temp name="T266"/><temp name="T12"/></temps><temps name="out"><temp name="T1204"/><temp name="T266"/><temp name="T12"/></temps></instruction><instruction code="ADD T1205, T12, T1204"><temps name="use"><temp name="T12"/><temp name="T1204"/></temps><temps name="def"><temp name="T1205"/></temps><temps name="in"><temp name="T1204"/><temp name="T266"/><temp name="T12"/></temps><temps name="out"><temp name="T266"/><temp name="T1205"/><temp name="T12"/></temps></instruction><instruction code="STO T1205, T266, 0"><temps name="use"><temp name="T1205"/><temp name="T266"/></temps><temps name="def"/><temps name="in"><temp name="T266"/><temp name="T1205"/><temp name="T12"/></temps><temps name="out"><temp name="T12"/></temps></instruction><instruction code="SETL  T1207, 0"><temps name="use"/><temps name="def"><temp name="T1207"/></temps><temps name="in"><temp name="T12"/></temps><temps name="out"><temp name="T12"/></temps></instruction><instruction code="INCML T1207, 0"><temps name="use"/><temps name="def"><temp name="T1207"/></temps><temps name="in"><temp name="T12"/></temps><temps name="out"><temp name="T12"/></temps></instruction><instruction code="INCMH T1207, 0"><temps name="use"/><temps name="def"><temp name="T1207"/></temps><temps name="in"><temp name="T12"/></temps><temps name="out"><temp name="T12"/></temps></instruction><instruction code="INCH  T1207, 0"><temps name="use"/><temps name="def"><temp name="T1207"/></temps><temps name="in"><temp name="T12"/></temps><temps name="out"><temp name="T12"/><temp name="T1207"/></temps></instruction><instruction code="OR T267, T1207, 0"><temps name="use"><temp name="T1207"/></temps><temps name="def"><temp name="T267"/></temps><temps name="in"><temp name="T12"/><temp name="T1207"/></temps><temps name="out"><temp name="T12"/><temp name="T267"/></temps></instruction><instruction code="SETL  T1208, 24"><temps name="use"/><temps name="def"><temp name="T1208"/></temps><temps name="in"><temp name="T12"/><temp name="T267"/></temps><temps name="out"><temp name="T12"/><temp name="T267"/></temps></instruction><instruction code="INCML T1208, 0"><temps name="use"/><temps name="def"><temp name="T1208"/></temps><temps name="in"><temp name="T12"/><temp name="T267"/></temps><temps name="out"><temp name="T12"/><temp name="T267"/></temps></instruction><instruction code="INCMH T1208, 0"><temps name="use"/><temps name="def"><temp name="T1208"/></temps><temps name="in"><temp name="T12"/><temp name="T267"/></temps><temps name="out"><temp name="T12"/><temp name="T267"/></temps></instruction><instruction code="INCH  T1208, 0"><temps name="use"/><temps name="def"><temp name="T1208"/></temps><temps name="in"><temp name="T12"/><temp name="T267"/></temps><temps name="out"><temp name="T1208"/><temp name="T12"/><temp name="T267"/></temps></instruction><instruction code="NEG T1208, 0, T1208"><temps name="use"><temp name="T1208"/></temps><temps name="def"><temp name="T1208"/></temps><temps name="in"><temp name="T1208"/><temp name="T12"/><temp name="T267"/></temps><temps name="out"><temp name="T1208"/><temp name="T12"/><temp name="T267"/></temps></instruction><instruction code="ADD T1209, T12, T1208"><temps name="use"><temp name="T12"/><temp name="T1208"/></temps><temps name="def"><temp name="T1209"/></temps><temps name="in"><temp name="T1208"/><temp name="T12"/><temp name="T267"/></temps><temps name="out"><temp name="T1209"/><temp name="T267"/><temp name="T12"/></temps></instruction><instruction code="STO T1209, T267, 0"><temps name="use"><temp name="T1209"/><temp name="T267"/></temps><temps name="def"/><temps name="in"><temp name="T1209"/><temp name="T267"/><temp name="T12"/></temps><temps name="out"><temp name="T12"/></temps></instruction><instruction code="L32"><temps name="use"/><temps name="def"/><temps name="in"><temp name="T12"/></temps><temps name="out"><temp name="T12"/></temps></instruction><instruction code="OR T268, T12, 0"><temps name="use"><temp name="T12"/></temps><temps name="def"><temp name="T268"/></temps><temps name="in"><temp name="T12"/></temps><temps name="out"><temp name="T268"/><temp name="T12"/></temps></instruction><instruction code="SETL  T1211, 8"><temps name="use"/><temps name="def"><temp name="T1211"/></temps><temps name="in"><temp name="T268"/><temp name="T12"/></temps><temps name="out"><temp name="T268"/><temp name="T12"/></temps></instruction><instruction code="INCML T1211, 0"><temps name="use"/><temps name="def"><temp name="T1211"/></temps><temps name="in"><temp name="T268"/><temp name="T12"/></temps><temps name="out"><temp name="T268"/><temp name="T12"/></temps></instruction><instruction code="INCMH T1211, 0"><temps name="use"/><temps name="def"><temp name="T1211"/></temps><temps name="in"><temp name="T268"/><temp name="T12"/></temps><temps name="out"><temp name="T268"/><temp name="T12"/></temps></instruction><instruction code="INCH  T1211, 0"><temps name="use"/><temps name="def"><temp name="T1211"/></temps><temps name="in"><temp name="T268"/><temp name="T12"/></temps><temps name="out"><temp name="T268"/><temp name="T12"/><temp name="T1211"/></temps></instruction><instruction code="OR T269, T1211, 0"><temps name="use"><temp name="T1211"/></temps><temps name="def"><temp name="T269"/></temps><temps name="in"><temp name="T268"/><temp name="T12"/><temp name="T1211"/></temps><temps name="out"><temp name="T268"/><temp name="T12"/><temp name="T269"/></temps></instruction><instruction code="ADD T1212, T268, T269"><temps name="use"><temp name="T268"/><temp name="T269"/></temps><temps name="def"><temp name="T1212"/></temps><temps name="in"><temp name="T268"/><temp name="T12"/><temp name="T269"/></temps><temps name="out"><temp name="T12"/><temp name="T1212"/></temps></instruction><instruction code="OR T270, T1212, 0"><temps name="use"><temp name="T1212"/></temps><temps name="def"><temp name="T270"/></temps><temps name="in"><temp name="T12"/><temp name="T1212"/></temps><temps name="out"><temp name="T12"/><temp name="T270"/></temps></instruction><instruction code="OR T271, T270, 0"><temps name="use"><temp name="T270"/></temps><temps name="def"><temp name="T271"/></temps><temps name="in"><temp name="T12"/><temp name="T270"/></temps><temps name="out"><temp name="T271"/><temp name="T12"/></temps></instruction><instruction code="SETL  T1214, 1"><temps name="use"/><temps name="def"><temp name="T1214"/></temps><temps name="in"><temp name="T271"/><temp name="T12"/></temps><temps name="out"><temp name="T271"/><temp name="T12"/></temps></instruction><instruction code="INCML T1214, 0"><temps name="use"/><temps name="def"><temp name="T1214"/></temps><temps name="in"><temp name="T271"/><temp name="T12"/></temps><temps name="out"><temp name="T271"/><temp name="T12"/></temps></instruction><instruction code="INCMH T1214, 0"><temps name="use"/><temps name="def"><temp name="T1214"/></temps><temps name="in"><temp name="T271"/><temp name="T12"/></temps><temps name="out"><temp name="T271"/><temp name="T12"/></temps></instruction><instruction code="INCH  T1214, 0"><temps name="use"/><temps name="def"><temp name="T1214"/></temps><temps name="in"><temp name="T271"/><temp name="T12"/></temps><temps name="out"><temp name="T271"/><temp name="T12"/><temp name="T1214"/></temps></instruction><instruction code="OR T272, T1214, 0"><temps name="use"><temp name="T1214"/></temps><temps name="def"><temp name="T272"/></temps><temps name="in"><temp name="T271"/><temp name="T12"/><temp name="T1214"/></temps><temps name="out"><temp name="T271"/><temp name="T12"/><temp name="T272"/></temps></instruction><instruction code="CMP T1215, T271, T272"><temps name="use"><temp name="T271"/><temp name="T272"/></temps><temps name="def"><temp name="T1215"/></temps><temps name="in"><temp name="T271"/><temp name="T12"/><temp name="T272"/></temps><temps name="out"><temp name="T12"/><temp name="T1215"/></temps></instruction><instruction code="ZSP T1215, T1215, 1"><temps name="use"><temp name="T1215"/></temps><temps name="def"><temp name="T1215"/></temps><temps name="in"><temp name="T12"/><temp name="T1215"/></temps><temps name="out"><temp name="T12"/><temp name="T1215"/></temps></instruction><instruction code="OR T273, T1215, 0"><temps name="use"><temp name="T1215"/></temps><temps name="def"><temp name="T273"/></temps><temps name="in"><temp name="T12"/><temp name="T1215"/></temps><temps name="out"><temp name="T12"/><temp name="T273"/></temps></instruction><instruction code="BNZ T273, L33"><temps name="use"><temp name="T273"/></temps><temps name="def"/><temps name="in"><temp name="T12"/><temp name="T273"/></temps><temps name="out"><temp name="T12"/></temps></instruction><instruction code="L117"><temps name="use"/><temps name="def"/><temps name="in"><temp name="T12"/></temps><temps name="out"><temp name="T12"/></temps></instruction><instruction code="LDA T1216, L34"><temps name="use"/><temps name="def"><temp name="T1216"/></temps><temps name="in"><temp name="T12"/></temps><temps name="out"><temp name="T1216"/><temp name="T12"/></temps></instruction><instruction code="GO T1216, T1216, 0"><temps name="use"><temp name="T1216"/></temps><temps name="def"><temp name="T1216"/></temps><temps name="in"><temp name="T1216"/><temp name="T12"/></temps><temps name="out"><temp name="T12"/></temps></instruction><instruction code="L33"><temps name="use"/><temps name="def"/><temps name="in"><temp name="T12"/></temps><temps name="out"><temp name="T12"/></temps></instruction><instruction code="OR T274, T12, 0"><temps name="use"><temp name="T12"/></temps><temps name="def"><temp name="T274"/></temps><temps name="in"><temp name="T12"/></temps><temps name="out"><temp name="T274"/><temp name="T12"/></temps></instruction><instruction code="SETL  T1217, 16"><temps name="use"/><temps name="def"><temp name="T1217"/></temps><temps name="in"><temp name="T274"/><temp name="T12"/></temps><temps name="out"><temp name="T274"/><temp name="T12"/></temps></instruction><instruction code="INCML T1217, 0"><temps name="use"/><temps name="def"><temp name="T1217"/></temps><temps name="in"><temp name="T274"/><temp name="T12"/></temps><temps name="out"><temp name="T274"/><temp name="T12"/></temps></instruction><instruction code="INCMH T1217, 0"><temps name="use"/><temps name="def"><temp name="T1217"/></temps><temps name="in"><temp name="T274"/><temp name="T12"/></temps><temps name="out"><temp name="T274"/><temp name="T12"/></temps></instruction><instruction code="INCH  T1217, 0"><temps name="use"/><temps name="def"><temp name="T1217"/></temps><temps name="in"><temp name="T274"/><temp name="T12"/></temps><temps name="out"><temp name="T274"/><temp name="T12"/><temp name="T1217"/></temps></instruction><instruction code="NEG T1217, 0, T1217"><temps name="use"><temp name="T1217"/></temps><temps name="def"><temp name="T1217"/></temps><temps name="in"><temp name="T274"/><temp name="T12"/><temp name="T1217"/></temps><temps name="out"><temp name="T274"/><temp name="T12"/><temp name="T1217"/></temps></instruction><instruction code="OR T275, T1217, 0"><temps name="use"><temp name="T1217"/></temps><temps name="def"><temp name="T275"/></temps><temps name="in"><temp name="T274"/><temp name="T12"/><temp name="T1217"/></temps><temps name="out"><temp name="T275"/><temp name="T274"/><temp name="T12"/></temps></instruction><instruction code="ADD T1218, T274, T275"><temps name="use"><temp name="T274"/><temp name="T275"/></temps><temps name="def"><temp name="T1218"/></temps><temps name="in"><temp name="T275"/><temp name="T274"/><temp name="T12"/></temps><temps name="out"><temp name="T12"/><temp name="T1218"/></temps></instruction><instruction code="OR T276, T1218, 0"><temps name="use"><temp name="T1218"/></temps><temps name="def"><temp name="T276"/></temps><temps name="in"><temp name="T12"/><temp name="T1218"/></temps><temps name="out"><temp name="T276"/><temp name="T12"/></temps></instruction><instruction code="OR T277, T276, 0"><temps name="use"><temp name="T276"/></temps><temps name="def"><temp name="T277"/></temps><temps name="in"><temp name="T276"/><temp name="T12"/></temps><temps name="out"><temp name="T277"/><temp name="T12"/></temps></instruction><instruction code="OR T278, T12, 0"><temps name="use"><temp name="T12"/></temps><temps name="def"><temp name="T278"/></temps><temps name="in"><temp name="T277"/><temp name="T12"/></temps><temps name="out"><temp name="T277"/><temp name="T278"/><temp name="T12"/></temps></instruction><instruction code="SETL  T1220, 24"><temps name="use"/><temps name="def"><temp name="T1220"/></temps><temps name="in"><temp name="T277"/><temp name="T278"/><temp name="T12"/></temps><temps name="out"><temp name="T277"/><temp name="T278"/><temp name="T12"/></temps></instruction><instruction code="INCML T1220, 0"><temps name="use"/><temps name="def"><temp name="T1220"/></temps><temps name="in"><temp name="T277"/><temp name="T278"/><temp name="T12"/></temps><temps name="out"><temp name="T277"/><temp name="T278"/><temp name="T12"/></temps></instruction><instruction code="INCMH T1220, 0"><temps name="use"/><temps name="def"><temp name="T1220"/></temps><temps name="in"><temp name="T277"/><temp name="T278"/><temp name="T12"/></temps><temps name="out"><temp name="T277"/><temp name="T278"/><temp name="T12"/></temps></instruction><instruction code="INCH  T1220, 0"><temps name="use"/><temps name="def"><temp name="T1220"/></temps><temps name="in"><temp name="T277"/><temp name="T278"/><temp name="T12"/></temps><temps name="out"><temp name="T1220"/><temp name="T277"/><temp name="T278"/><temp name="T12"/></temps></instruction><instruction code="NEG T1220, 0, T1220"><temps name="use"><temp name="T1220"/></temps><temps name="def"><temp name="T1220"/></temps><temps name="in"><temp name="T1220"/><temp name="T277"/><temp name="T278"/><temp name="T12"/></temps><temps name="out"><temp name="T1220"/><temp name="T277"/><temp name="T278"/><temp name="T12"/></temps></instruction><instruction code="OR T279, T1220, 0"><temps name="use"><temp name="T1220"/></temps><temps name="def"><temp name="T279"/></temps><temps name="in"><temp name="T1220"/><temp name="T277"/><temp name="T278"/><temp name="T12"/></temps><temps name="out"><temp name="T277"/><temp name="T278"/><temp name="T279"/><temp name="T12"/></temps></instruction><instruction code="ADD T1221, T278, T279"><temps name="use"><temp name="T278"/><temp name="T279"/></temps><temps name="def"><temp name="T1221"/></temps><temps name="in"><temp name="T277"/><temp name="T278"/><temp name="T279"/><temp name="T12"/></temps><temps name="out"><temp name="T277"/><temp name="T12"/><temp name="T1221"/></temps></instruction><instruction code="OR T280, T1221, 0"><temps name="use"><temp name="T1221"/></temps><temps name="def"><temp name="T280"/></temps><temps name="in"><temp name="T277"/><temp name="T12"/><temp name="T1221"/></temps><temps name="out"><temp name="T277"/><temp name="T280"/><temp name="T12"/></temps></instruction><instruction code="OR T281, T280, 0"><temps name="use"><temp name="T280"/></temps><temps name="def"><temp name="T281"/></temps><temps name="in"><temp name="T277"/><temp name="T280"/><temp name="T12"/></temps><temps name="out"><temp name="T277"/><temp name="T281"/><temp name="T12"/></temps></instruction><instruction code="ADD T1223, T277, T281"><temps name="use"><temp name="T277"/><temp name="T281"/></temps><temps name="def"><temp name="T1223"/></temps><temps name="in"><temp name="T277"/><temp name="T281"/><temp name="T12"/></temps><temps name="out"><temp name="T12"/><temp name="T1223"/></temps></instruction><instruction code="OR T282, T1223, 0"><temps name="use"><temp name="T1223"/></temps><temps name="def"><temp name="T282"/></temps><temps name="in"><temp name="T12"/><temp name="T1223"/></temps><temps name="out"><temp name="T12"/><temp name="T282"/></temps></instruction><instruction code="SETL  T1224, 8"><temps name="use"/><temps name="def"><temp name="T1224"/></temps><temps name="in"><temp name="T12"/><temp name="T282"/></temps><temps name="out"><temp name="T12"/><temp name="T282"/></temps></instruction><instruction code="INCML T1224, 0"><temps name="use"/><temps name="def"><temp name="T1224"/></temps><temps name="in"><temp name="T12"/><temp name="T282"/></temps><temps name="out"><temp name="T12"/><temp name="T282"/></temps></instruction><instruction code="INCMH T1224, 0"><temps name="use"/><temps name="def"><temp name="T1224"/></temps><temps name="in"><temp name="T12"/><temp name="T282"/></temps><temps name="out"><temp name="T12"/><temp name="T282"/></temps></instruction><instruction code="INCH  T1224, 0"><temps name="use"/><temps name="def"><temp name="T1224"/></temps><temps name="in"><temp name="T12"/><temp name="T282"/></temps><temps name="out"><temp name="T12"/><temp name="T282"/><temp name="T1224"/></temps></instruction><instruction code="NEG T1224, 0, T1224"><temps name="use"><temp name="T1224"/></temps><temps name="def"><temp name="T1224"/></temps><temps name="in"><temp name="T12"/><temp name="T282"/><temp name="T1224"/></temps><temps name="out"><temp name="T12"/><temp name="T282"/><temp name="T1224"/></temps></instruction><instruction code="ADD T1225, T12, T1224"><temps name="use"><temp name="T12"/><temp name="T1224"/></temps><temps name="def"><temp name="T1225"/></temps><temps name="in"><temp name="T12"/><temp name="T282"/><temp name="T1224"/></temps><temps name="out"><temp name="T1225"/><temp name="T282"/><temp name="T12"/></temps></instruction><instruction code="STO T1225, T282, 0"><temps name="use"><temp name="T1225"/><temp name="T282"/></temps><temps name="def"/><temps name="in"><temp name="T1225"/><temp name="T282"/><temp name="T12"/></temps><temps name="out"><temp name="T12"/></temps></instruction><instruction code="OR T283, T12, 0"><temps name="use"><temp name="T12"/></temps><temps name="def"><temp name="T283"/></temps><temps name="in"><temp name="T12"/></temps><temps name="out"><temp name="T12"/><temp name="T283"/></temps></instruction><instruction code="SETL  T1227, 16"><temps name="use"/><temps name="def"><temp name="T1227"/></temps><temps name="in"><temp name="T12"/><temp name="T283"/></temps><temps name="out"><temp name="T12"/><temp name="T283"/></temps></instruction><instruction code="INCML T1227, 0"><temps name="use"/><temps name="def"><temp name="T1227"/></temps><temps name="in"><temp name="T12"/><temp name="T283"/></temps><temps name="out"><temp name="T12"/><temp name="T283"/></temps></instruction><instruction code="INCMH T1227, 0"><temps name="use"/><temps name="def"><temp name="T1227"/></temps><temps name="in"><temp name="T12"/><temp name="T283"/></temps><temps name="out"><temp name="T12"/><temp name="T283"/></temps></instruction><instruction code="INCH  T1227, 0"><temps name="use"/><temps name="def"><temp name="T1227"/></temps><temps name="in"><temp name="T12"/><temp name="T283"/></temps><temps name="out"><temp name="T12"/><temp name="T1227"/><temp name="T283"/></temps></instruction><instruction code="NEG T1227, 0, T1227"><temps name="use"><temp name="T1227"/></temps><temps name="def"><temp name="T1227"/></temps><temps name="in"><temp name="T12"/><temp name="T1227"/><temp name="T283"/></temps><temps name="out"><temp name="T12"/><temp name="T1227"/><temp name="T283"/></temps></instruction><instruction code="OR T284, T1227, 0"><temps name="use"><temp name="T1227"/></temps><temps name="def"><temp name="T284"/></temps><temps name="in"><temp name="T12"/><temp name="T1227"/><temp name="T283"/></temps><temps name="out"><temp name="T284"/><temp name="T12"/><temp name="T283"/></temps></instruction><instruction code="ADD T1228, T283, T284"><temps name="use"><temp name="T283"/><temp name="T284"/></temps><temps name="def"><temp name="T1228"/></temps><temps name="in"><temp name="T284"/><temp name="T12"/><temp name="T283"/></temps><temps name="out"><temp name="T1228"/><temp name="T12"/></temps></instruction><instruction code="OR T285, T1228, 0"><temps name="use"><temp name="T1228"/></temps><temps name="def"><temp name="T285"/></temps><temps name="in"><temp name="T1228"/><temp name="T12"/></temps><temps name="out"><temp name="T285"/><temp name="T12"/></temps></instruction><instruction code="OR T286, T285, 0"><temps name="use"><temp name="T285"/></temps><temps name="def"><temp name="T286"/></temps><temps name="in"><temp name="T285"/><temp name="T12"/></temps><temps name="out"><temp name="T12"/><temp name="T286"/></temps></instruction><instruction code="SETL  T1230, 24"><temps name="use"/><temps name="def"><temp name="T1230"/></temps><temps name="in"><temp name="T12"/><temp name="T286"/></temps><temps name="out"><temp name="T12"/><temp name="T286"/></temps></instruction><instruction code="INCML T1230, 0"><temps name="use"/><temps name="def"><temp name="T1230"/></temps><temps name="in"><temp name="T12"/><temp name="T286"/></temps><temps name="out"><temp name="T12"/><temp name="T286"/></temps></instruction><instruction code="INCMH T1230, 0"><temps name="use"/><temps name="def"><temp name="T1230"/></temps><temps name="in"><temp name="T12"/><temp name="T286"/></temps><temps name="out"><temp name="T12"/><temp name="T286"/></temps></instruction><instruction code="INCH  T1230, 0"><temps name="use"/><temps name="def"><temp name="T1230"/></temps><temps name="in"><temp name="T12"/><temp name="T286"/></temps><temps name="out"><temp name="T1230"/><temp name="T12"/><temp name="T286"/></temps></instruction><instruction code="NEG T1230, 0, T1230"><temps name="use"><temp name="T1230"/></temps><temps name="def"><temp name="T1230"/></temps><temps name="in"><temp name="T1230"/><temp name="T12"/><temp name="T286"/></temps><temps name="out"><temp name="T1230"/><temp name="T12"/><temp name="T286"/></temps></instruction><instruction code="ADD T1231, T12, T1230"><temps name="use"><temp name="T12"/><temp name="T1230"/></temps><temps name="def"><temp name="T1231"/></temps><temps name="in"><temp name="T1230"/><temp name="T12"/><temp name="T286"/></temps><temps name="out"><temp name="T1231"/><temp name="T12"/><temp name="T286"/></temps></instruction><instruction code="STO T1231, T286, 0"><temps name="use"><temp name="T1231"/><temp name="T286"/></temps><temps name="def"/><temps name="in"><temp name="T1231"/><temp name="T12"/><temp name="T286"/></temps><temps name="out"><temp name="T12"/></temps></instruction><instruction code="OR T287, T12, 0"><temps name="use"><temp name="T12"/></temps><temps name="def"><temp name="T287"/></temps><temps name="in"><temp name="T12"/></temps><temps name="out"><temp name="T12"/><temp name="T287"/></temps></instruction><instruction code="SETL  T1233, 8"><temps name="use"/><temps name="def"><temp name="T1233"/></temps><temps name="in"><temp name="T12"/><temp name="T287"/></temps><temps name="out"><temp name="T12"/><temp name="T287"/></temps></instruction><instruction code="INCML T1233, 0"><temps name="use"/><temps name="def"><temp name="T1233"/></temps><temps name="in"><temp name="T12"/><temp name="T287"/></temps><temps name="out"><temp name="T12"/><temp name="T287"/></temps></instruction><instruction code="INCMH T1233, 0"><temps name="use"/><temps name="def"><temp name="T1233"/></temps><temps name="in"><temp name="T12"/><temp name="T287"/></temps><temps name="out"><temp name="T12"/><temp name="T287"/></temps></instruction><instruction code="INCH  T1233, 0"><temps name="use"/><temps name="def"><temp name="T1233"/></temps><temps name="in"><temp name="T12"/><temp name="T287"/></temps><temps name="out"><temp name="T1233"/><temp name="T12"/><temp name="T287"/></temps></instruction><instruction code="NEG T1233, 0, T1233"><temps name="use"><temp name="T1233"/></temps><temps name="def"><temp name="T1233"/></temps><temps name="in"><temp name="T1233"/><temp name="T12"/><temp name="T287"/></temps><temps name="out"><temp name="T1233"/><temp name="T12"/><temp name="T287"/></temps></instruction><instruction code="OR T288, T1233, 0"><temps name="use"><temp name="T1233"/></temps><temps name="def"><temp name="T288"/></temps><temps name="in"><temp name="T1233"/><temp name="T12"/><temp name="T287"/></temps><temps name="out"><temp name="T288"/><temp name="T12"/><temp name="T287"/></temps></instruction><instruction code="ADD T1234, T287, T288"><temps name="use"><temp name="T287"/><temp name="T288"/></temps><temps name="def"><temp name="T1234"/></temps><temps name="in"><temp name="T288"/><temp name="T12"/><temp name="T287"/></temps><temps name="out"><temp name="T1234"/><temp name="T12"/></temps></instruction><instruction code="OR T289, T1234, 0"><temps name="use"><temp name="T1234"/></temps><temps name="def"><temp name="T289"/></temps><temps name="in"><temp name="T1234"/><temp name="T12"/></temps><temps name="out"><temp name="T289"/><temp name="T12"/></temps></instruction><instruction code="OR T290, T289, 0"><temps name="use"><temp name="T289"/></temps><temps name="def"><temp name="T290"/></temps><temps name="in"><temp name="T289"/><temp name="T12"/></temps><temps name="out"><temp name="T12"/><temp name="T290"/></temps></instruction><instruction code="SETL  T1236, 16"><temps name="use"/><temps name="def"><temp name="T1236"/></temps><temps name="in"><temp name="T12"/><temp name="T290"/></temps><temps name="out"><temp name="T12"/><temp name="T290"/></temps></instruction><instruction code="INCML T1236, 0"><temps name="use"/><temps name="def"><temp name="T1236"/></temps><temps name="in"><temp name="T12"/><temp name="T290"/></temps><temps name="out"><temp name="T12"/><temp name="T290"/></temps></instruction><instruction code="INCMH T1236, 0"><temps name="use"/><temps name="def"><temp name="T1236"/></temps><temps name="in"><temp name="T12"/><temp name="T290"/></temps><temps name="out"><temp name="T12"/><temp name="T290"/></temps></instruction><instruction code="INCH  T1236, 0"><temps name="use"/><temps name="def"><temp name="T1236"/></temps><temps name="in"><temp name="T12"/><temp name="T290"/></temps><temps name="out"><temp name="T1236"/><temp name="T12"/><temp name="T290"/></temps></instruction><instruction code="NEG T1236, 0, T1236"><temps name="use"><temp name="T1236"/></temps><temps name="def"><temp name="T1236"/></temps><temps name="in"><temp name="T1236"/><temp name="T12"/><temp name="T290"/></temps><temps name="out"><temp name="T1236"/><temp name="T12"/><temp name="T290"/></temps></instruction><instruction code="ADD T1237, T12, T1236"><temps name="use"><temp name="T12"/><temp name="T1236"/></temps><temps name="def"><temp name="T1237"/></temps><temps name="in"><temp name="T1236"/><temp name="T12"/><temp name="T290"/></temps><temps name="out"><temp name="T1237"/><temp name="T290"/><temp name="T12"/></temps></instruction><instruction code="STO T1237, T290, 0"><temps name="use"><temp name="T1237"/><temp name="T290"/></temps><temps name="def"/><temps name="in"><temp name="T1237"/><temp name="T290"/><temp name="T12"/></temps><temps name="out"><temp name="T12"/></temps></instruction><instruction code="OR T291, T12, 0"><temps name="use"><temp name="T12"/></temps><temps name="def"><temp name="T291"/></temps><temps name="in"><temp name="T12"/></temps><temps name="out"><temp name="T291"/><temp name="T12"/></temps></instruction><instruction code="SETL  T1239, 8"><temps name="use"/><temps name="def"><temp name="T1239"/></temps><temps name="in"><temp name="T291"/><temp name="T12"/></temps><temps name="out"><temp name="T291"/><temp name="T12"/></temps></instruction><instruction code="INCML T1239, 0"><temps name="use"/><temps name="def"><temp name="T1239"/></temps><temps name="in"><temp name="T291"/><temp name="T12"/></temps><temps name="out"><temp name="T291"/><temp name="T12"/></temps></instruction><instruction code="INCMH T1239, 0"><temps name="use"/><temps name="def"><temp name="T1239"/></temps><temps name="in"><temp name="T291"/><temp name="T12"/></temps><temps name="out"><temp name="T291"/><temp name="T12"/></temps></instruction><instruction code="INCH  T1239, 0"><temps name="use"/><temps name="def"><temp name="T1239"/></temps><temps name="in"><temp name="T291"/><temp name="T12"/></temps><temps name="out"><temp name="T291"/><temp name="T12"/><temp name="T1239"/></temps></instruction><instruction code="OR T292, T1239, 0"><temps name="use"><temp name="T1239"/></temps><temps name="def"><temp name="T292"/></temps><temps name="in"><temp name="T291"/><temp name="T12"/><temp name="T1239"/></temps><temps name="out"><temp name="T291"/><temp name="T12"/><temp name="T292"/></temps></instruction><instruction code="ADD T1240, T291, T292"><temps name="use"><temp name="T291"/><temp name="T292"/></temps><temps name="def"><temp name="T1240"/></temps><temps name="in"><temp name="T291"/><temp name="T12"/><temp name="T292"/></temps><temps name="out"><temp name="T12"/><temp name="T1240"/></temps></instruction><instruction code="OR T293, T1240, 0"><temps name="use"><temp name="T1240"/></temps><temps name="def"><temp name="T293"/></temps><temps name="in"><temp name="T12"/><temp name="T1240"/></temps><temps name="out"><temp name="T293"/><temp name="T12"/></temps></instruction><instruction code="OR T294, T293, 0"><temps name="use"><temp name="T293"/></temps><temps name="def"><temp name="T294"/></temps><temps name="in"><temp name="T293"/><temp name="T12"/></temps><temps name="out"><temp name="T294"/><temp name="T12"/></temps></instruction><instruction code="SETL  T1242, 1"><temps name="use"/><temps name="def"><temp name="T1242"/></temps><temps name="in"><temp name="T294"/><temp name="T12"/></temps><temps name="out"><temp name="T294"/><temp name="T12"/></temps></instruction><instruction code="INCML T1242, 0"><temps name="use"/><temps name="def"><temp name="T1242"/></temps><temps name="in"><temp name="T294"/><temp name="T12"/></temps><temps name="out"><temp name="T294"/><temp name="T12"/></temps></instruction><instruction code="INCMH T1242, 0"><temps name="use"/><temps name="def"><temp name="T1242"/></temps><temps name="in"><temp name="T294"/><temp name="T12"/></temps><temps name="out"><temp name="T294"/><temp name="T12"/></temps></instruction><instruction code="INCH  T1242, 0"><temps name="use"/><temps name="def"><temp name="T1242"/></temps><temps name="in"><temp name="T294"/><temp name="T12"/></temps><temps name="out"><temp name="T294"/><temp name="T12"/><temp name="T1242"/></temps></instruction><instruction code="OR T295, T1242, 0"><temps name="use"><temp name="T1242"/></temps><temps name="def"><temp name="T295"/></temps><temps name="in"><temp name="T294"/><temp name="T12"/><temp name="T1242"/></temps><temps name="out"><temp name="T294"/><temp name="T12"/><temp name="T295"/></temps></instruction><instruction code="SUB T1243, T294, T295"><temps name="use"><temp name="T294"/><temp name="T295"/></temps><temps name="def"><temp name="T1243"/></temps><temps name="in"><temp name="T294"/><temp name="T12"/><temp name="T295"/></temps><temps name="out"><temp name="T12"/><temp name="T1243"/></temps></instruction><instruction code="OR T296, T1243, 0"><temps name="use"><temp name="T1243"/></temps><temps name="def"><temp name="T296"/></temps><temps name="in"><temp name="T12"/><temp name="T1243"/></temps><temps name="out"><temp name="T296"/><temp name="T12"/></temps></instruction><instruction code="SETL  T1244, 8"><temps name="use"/><temps name="def"><temp name="T1244"/></temps><temps name="in"><temp name="T296"/><temp name="T12"/></temps><temps name="out"><temp name="T296"/><temp name="T12"/></temps></instruction><instruction code="INCML T1244, 0"><temps name="use"/><temps name="def"><temp name="T1244"/></temps><temps name="in"><temp name="T296"/><temp name="T12"/></temps><temps name="out"><temp name="T296"/><temp name="T12"/></temps></instruction><instruction code="INCMH T1244, 0"><temps name="use"/><temps name="def"><temp name="T1244"/></temps><temps name="in"><temp name="T296"/><temp name="T12"/></temps><temps name="out"><temp name="T296"/><temp name="T12"/></temps></instruction><instruction code="INCH  T1244, 0"><temps name="use"/><temps name="def"><temp name="T1244"/></temps><temps name="in"><temp name="T296"/><temp name="T12"/></temps><temps name="out"><temp name="T296"/><temp name="T12"/><temp name="T1244"/></temps></instruction><instruction code="ADD T1245, T12, T1244"><temps name="use"><temp name="T12"/><temp name="T1244"/></temps><temps name="def"><temp name="T1245"/></temps><temps name="in"><temp name="T296"/><temp name="T12"/><temp name="T1244"/></temps><temps name="out"><temp name="T296"/><temp name="T12"/><temp name="T1245"/></temps></instruction><instruction code="STO T1245, T296, 0"><temps name="use"><temp name="T1245"/><temp name="T296"/></temps><temps name="def"/><temps name="in"><temp name="T296"/><temp name="T12"/><temp name="T1245"/></temps><temps name="out"><temp name="T12"/></temps></instruction><instruction code="LDA T1247, L32"><temps name="use"/><temps name="def"><temp name="T1247"/></temps><temps name="in"><temp name="T12"/></temps><temps name="out"><temp name="T12"/><temp name="T1247"/></temps></instruction><instruction code="GO T1247, T1247, 0"><temps name="use"><temp name="T1247"/></temps><temps name="def"><temp name="T1247"/></temps><temps name="in"><temp name="T12"/><temp name="T1247"/></temps><temps name="out"><temp name="T12"/></temps></instruction><instruction code="L34"><temps name="use"/><temps name="def"/><temps name="in"><temp name="T12"/></temps><temps name="out"><temp name="T12"/></temps></instruction><instruction code="OR T297, T12, 0"><temps name="use"><temp name="T12"/></temps><temps name="def"><temp name="T297"/></temps><temps name="in"><temp name="T12"/></temps><temps name="out"><temp name="T297"/></temps></instruction><instruction code="SETL  T1248, 8"><temps name="use"/><temps name="def"><temp name="T1248"/></temps><temps name="in"><temp name="T297"/></temps><temps name="out"><temp name="T297"/></temps></instruction><instruction code="INCML T1248, 0"><temps name="use"/><temps name="def"><temp name="T1248"/></temps><temps name="in"><temp name="T297"/></temps><temps name="out"><temp name="T297"/></temps></instruction><instruction code="INCMH T1248, 0"><temps name="use"/><temps name="def"><temp name="T1248"/></temps><temps name="in"><temp name="T297"/></temps><temps name="out"><temp name="T297"/></temps></instruction><instruction code="INCH  T1248, 0"><temps name="use"/><temps name="def"><temp name="T1248"/></temps><temps name="in"><temp name="T297"/></temps><temps name="out"><temp name="T1248"/><temp name="T297"/></temps></instruction><instruction code="NEG T1248, 0, T1248"><temps name="use"><temp name="T1248"/></temps><temps name="def"><temp name="T1248"/></temps><temps name="in"><temp name="T1248"/><temp name="T297"/></temps><temps name="out"><temp name="T1248"/><temp name="T297"/></temps></instruction><instruction code="OR T298, T1248, 0"><temps name="use"><temp name="T1248"/></temps><temps name="def"><temp name="T298"/></temps><temps name="in"><temp name="T1248"/><temp name="T297"/></temps><temps name="out"><temp name="T298"/><temp name="T297"/></temps></instruction><instruction code="ADD T1249, T297, T298"><temps name="use"><temp name="T297"/><temp name="T298"/></temps><temps name="def"><temp name="T1249"/></temps><temps name="in"><temp name="T298"/><temp name="T297"/></temps><temps name="out"><temp name="T1249"/></temps></instruction><instruction code="OR T299, T1249, 0"><temps name="use"><temp name="T1249"/></temps><temps name="def"><temp name="T299"/></temps><temps name="in"><temp name="T1249"/></temps><temps name="out"><temp name="T299"/></temps></instruction><instruction code="OR T300, T299, 0"><temps name="use"><temp name="T299"/></temps><temps name="def"><temp name="T300"/></temps><temps name="in"><temp name="T299"/></temps><temps name="out"><temp name="T300"/></temps></instruction><instruction code="OR T13, T300, 0"><temps name="use"><temp name="T300"/></temps><temps name="def"><temp name="T13"/></temps><temps name="in"><temp name="T300"/></temps><temps name="out"/></instruction><instruction code="LDA T1251, L119"><temps name="use"/><temps name="def"><temp name="T1251"/></temps><temps name="in"/><temps name="out"><temp name="T1251"/></temps></instruction><instruction code="GO T1251, T1251, 0"><temps name="use"><temp name="T1251"/></temps><temps name="def"><temp name="T1251"/></temps><temps name="in"><temp name="T1251"/></temps><temps name="out"/></instruction></instructions></code><code entrylabel="L121" exitlabel="L122" tempsize="0"><frame FP="T14" RV="T15" argssize="16" depth="1" label="_fibRec" locssize="8" size="40"/><instructions><instruction code="L121"><temps name="use"/><temps name="def"/><temps name="in"><temp name="T14"/></temps><temps name="out"><temp name="T14"/></temps></instruction><instruction code="OR T301, T14, 0"><temps name="use"><temp name="T14"/></temps><temps name="def"><temp name="T301"/></temps><temps name="in"><temp name="T14"/></temps><temps name="out"><temp name="T301"/><temp name="T14"/></temps></instruction><instruction code="SETL  T1252, 8"><temps name="use"/><temps name="def"><temp name="T1252"/></temps><temps name="in"><temp name="T301"/><temp name="T14"/></temps><temps name="out"><temp name="T301"/><temp name="T14"/></temps></instruction><instruction code="INCML T1252, 0"><temps name="use"/><temps name="def"><temp name="T1252"/></temps><temps name="in"><temp name="T301"/><temp name="T14"/></temps><temps name="out"><temp name="T301"/><temp name="T14"/></temps></instruction><instruction code="INCMH T1252, 0"><temps name="use"/><temps name="def"><temp name="T1252"/></temps><temps name="in"><temp name="T301"/><temp name="T14"/></temps><temps name="out"><temp name="T301"/><temp name="T14"/></temps></instruction><instruction code="INCH  T1252, 0"><temps name="use"/><temps name="def"><temp name="T1252"/></temps><temps name="in"><temp name="T301"/><temp name="T14"/></temps><temps name="out"><temp name="T301"/><temp name="T1252"/><temp name="T14"/></temps></instruction><instruction code="OR T302, T1252, 0"><temps name="use"><temp name="T1252"/></temps><temps name="def"><temp name="T302"/></temps><temps name="in"><temp name="T301"/><temp name="T1252"/><temp name="T14"/></temps><temps name="out"><temp name="T301"/><temp name="T302"/><temp name="T14"/></temps></instruction><instruction code="ADD T1253, T301, T302"><temps name="use"><temp name="T301"/><temp name="T302"/></temps><temps name="def"><temp name="T1253"/></temps><temps name="in"><temp name="T301"/><temp name="T302"/><temp name="T14"/></temps><temps name="out"><temp name="T1253"/><temp name="T14"/></temps></instruction><instruction code="OR T303, T1253, 0"><temps name="use"><temp name="T1253"/></temps><temps name="def"><temp name="T303"/></temps><temps name="in"><temp name="T1253"/><temp name="T14"/></temps><temps name="out"><temp name="T303"/><temp name="T14"/></temps></instruction><instruction code="OR T304, T303, 0"><temps name="use"><temp name="T303"/></temps><temps name="def"><temp name="T304"/></temps><temps name="in"><temp name="T303"/><temp name="T14"/></temps><temps name="out"><temp name="T304"/><temp name="T14"/></temps></instruction><instruction code="SETL  T1255, 2"><temps name="use"/><temps name="def"><temp name="T1255"/></temps><temps name="in"><temp name="T304"/><temp name="T14"/></temps><temps name="out"><temp name="T304"/><temp name="T14"/></temps></instruction><instruction code="INCML T1255, 0"><temps name="use"/><temps name="def"><temp name="T1255"/></temps><temps name="in"><temp name="T304"/><temp name="T14"/></temps><temps name="out"><temp name="T304"/><temp name="T14"/></temps></instruction><instruction code="INCMH T1255, 0"><temps name="use"/><temps name="def"><temp name="T1255"/></temps><temps name="in"><temp name="T304"/><temp name="T14"/></temps><temps name="out"><temp name="T304"/><temp name="T14"/></temps></instruction><instruction code="INCH  T1255, 0"><temps name="use"/><temps name="def"><temp name="T1255"/></temps><temps name="in"><temp name="T304"/><temp name="T14"/></temps><temps name="out"><temp name="T304"/><temp name="T1255"/><temp name="T14"/></temps></instruction><instruction code="OR T305, T1255, 0"><temps name="use"><temp name="T1255"/></temps><temps name="def"><temp name="T305"/></temps><temps name="in"><temp name="T304"/><temp name="T1255"/><temp name="T14"/></temps><temps name="out"><temp name="T304"/><temp name="T305"/><temp name="T14"/></temps></instruction><instruction code="CMP T1256, T304, T305"><temps name="use"><temp name="T304"/><temp name="T305"/></temps><temps name="def"><temp name="T1256"/></temps><temps name="in"><temp name="T304"/><temp name="T305"/><temp name="T14"/></temps><temps name="out"><temp name="T1256"/><temp name="T14"/></temps></instruction><instruction code="ZSNP T1256, T1256, 1"><temps name="use"><temp name="T1256"/></temps><temps name="def"><temp name="T1256"/></temps><temps name="in"><temp name="T1256"/><temp name="T14"/></temps><temps name="out"><temp name="T1256"/><temp name="T14"/></temps></instruction><instruction code="OR T306, T1256, 0"><temps name="use"><temp name="T1256"/></temps><temps name="def"><temp name="T306"/></temps><temps name="in"><temp name="T1256"/><temp name="T14"/></temps><temps name="out"><temp name="T14"/><temp name="T306"/></temps></instruction><instruction code="BNZ T306, L35"><temps name="use"><temp name="T306"/></temps><temps name="def"/><temps name="in"><temp name="T14"/><temp name="T306"/></temps><temps name="out"><temp name="T14"/></temps></instruction><instruction code="L120"><temps name="use"/><temps name="def"/><temps name="in"><temp name="T14"/></temps><temps name="out"><temp name="T14"/></temps></instruction><instruction code="LDA T1257, L36"><temps name="use"/><temps name="def"><temp name="T1257"/></temps><temps name="in"><temp name="T14"/></temps><temps name="out"><temp name="T1257"/><temp name="T14"/></temps></instruction><instruction code="GO T1257, T1257, 0"><temps name="use"><temp name="T1257"/></temps><temps name="def"><temp name="T1257"/></temps><temps name="in"><temp name="T1257"/><temp name="T14"/></temps><temps name="out"><temp name="T14"/></temps></instruction><instruction code="L35"><temps name="use"/><temps name="def"/><temps name="in"><temp name="T14"/></temps><temps name="out"><temp name="T14"/></temps></instruction><instruction code="SETL  T1258, 1"><temps name="use"/><temps name="def"><temp name="T1258"/></temps><temps name="in"><temp name="T14"/></temps><temps name="out"><temp name="T14"/></temps></instruction><instruction code="INCML T1258, 0"><temps name="use"/><temps name="def"><temp name="T1258"/></temps><temps name="in"><temp name="T14"/></temps><temps name="out"><temp name="T14"/></temps></instruction><instruction code="INCMH T1258, 0"><temps name="use"/><temps name="def"><temp name="T1258"/></temps><temps name="in"><temp name="T14"/></temps><temps name="out"><temp name="T14"/></temps></instruction><instruction code="INCH  T1258, 0"><temps name="use"/><temps name="def"><temp name="T1258"/></temps><temps name="in"><temp name="T14"/></temps><temps name="out"><temp name="T1258"/><temp name="T14"/></temps></instruction><instruction code="OR T307, T1258, 0"><temps name="use"><temp name="T1258"/></temps><temps name="def"><temp name="T307"/></temps><temps name="in"><temp name="T1258"/><temp name="T14"/></temps><temps name="out"><temp name="T307"/><temp name="T14"/></temps></instruction><instruction code="SETL  T1259, 8"><temps name="use"/><temps name="def"><temp name="T1259"/></temps><temps name="in"><temp name="T307"/><temp name="T14"/></temps><temps name="out"><temp name="T307"/><temp name="T14"/></temps></instruction><instruction code="INCML T1259, 0"><temps name="use"/><temps name="def"><temp name="T1259"/></temps><temps name="in"><temp name="T307"/><temp name="T14"/></temps><temps name="out"><temp name="T307"/><temp name="T14"/></temps></instruction><instruction code="INCMH T1259, 0"><temps name="use"/><temps name="def"><temp name="T1259"/></temps><temps name="in"><temp name="T307"/><temp name="T14"/></temps><temps name="out"><temp name="T307"/><temp name="T14"/></temps></instruction><instruction code="INCH  T1259, 0"><temps name="use"/><temps name="def"><temp name="T1259"/></temps><temps name="in"><temp name="T307"/><temp name="T14"/></temps><temps name="out"><temp name="T1259"/><temp name="T307"/><temp name="T14"/></temps></instruction><instruction code="NEG T1259, 0, T1259"><temps name="use"><temp name="T1259"/></temps><temps name="def"><temp name="T1259"/></temps><temps name="in"><temp name="T1259"/><temp name="T307"/><temp name="T14"/></temps><temps name="out"><temp name="T1259"/><temp name="T307"/><temp name="T14"/></temps></instruction><instruction code="ADD T1260, T14, T1259"><temps name="use"><temp name="T14"/><temp name="T1259"/></temps><temps name="def"><temp name="T1260"/></temps><temps name="in"><temp name="T1259"/><temp name="T307"/><temp name="T14"/></temps><temps name="out"><temp name="T1260"/><temp name="T307"/><temp name="T14"/></temps></instruction><instruction code="STO T1260, T307, 0"><temps name="use"><temp name="T1260"/><temp name="T307"/></temps><temps name="def"/><temps name="in"><temp name="T1260"/><temp name="T307"/><temp name="T14"/></temps><temps name="out"><temp name="T14"/></temps></instruction><instruction code="LDA T1262, L37"><temps name="use"/><temps name="def"><temp name="T1262"/></temps><temps name="in"><temp name="T14"/></temps><temps name="out"><temp name="T1262"/><temp name="T14"/></temps></instruction><instruction code="GO T1262, T1262, 0"><temps name="use"><temp name="T1262"/></temps><temps name="def"><temp name="T1262"/></temps><temps name="in"><temp name="T1262"/><temp name="T14"/></temps><temps name="out"><temp name="T14"/></temps></instruction><instruction code="L36"><temps name="use"/><temps name="def"/><temps name="in"><temp name="T14"/></temps><temps name="out"><temp name="T14"/></temps></instruction><instruction code="SETL  T1263, 0"><temps name="use"/><temps name="def"><temp name="T1263"/></temps><temps name="in"><temp name="T14"/></temps><temps name="out"><temp name="T14"/></temps></instruction><instruction code="INCML T1263, 0"><temps name="use"/><temps name="def"><temp name="T1263"/></temps><temps name="in"><temp name="T14"/></temps><temps name="out"><temp name="T14"/></temps></instruction><instruction code="INCMH T1263, 0"><temps name="use"/><temps name="def"><temp name="T1263"/></temps><temps name="in"><temp name="T14"/></temps><temps name="out"><temp name="T14"/></temps></instruction><instruction code="INCH  T1263, 0"><temps name="use"/><temps name="def"><temp name="T1263"/></temps><temps name="in"><temp name="T14"/></temps><temps name="out"><temp name="T1263"/><temp name="T14"/></temps></instruction><instruction code="OR T308, T1263, 0"><temps name="use"><temp name="T1263"/></temps><temps name="def"><temp name="T308"/></temps><temps name="in"><temp name="T1263"/><temp name="T14"/></temps><temps name="out"><temp name="T308"/><temp name="T14"/></temps></instruction><instruction code="OR T309, T14, 0"><temps name="use"><temp name="T14"/></temps><temps name="def"><temp name="T309"/></temps><temps name="in"><temp name="T308"/><temp name="T14"/></temps><temps name="out"><temp name="T308"/><temp name="T14"/><temp name="T309"/></temps></instruction><instruction code="SETL  T1264, 8"><temps name="use"/><temps name="def"><temp name="T1264"/></temps><temps name="in"><temp name="T308"/><temp name="T14"/><temp name="T309"/></temps><temps name="out"><temp name="T308"/><temp name="T14"/><temp name="T309"/></temps></instruction><instruction code="INCML T1264, 0"><temps name="use"/><temps name="def"><temp name="T1264"/></temps><temps name="in"><temp name="T308"/><temp name="T14"/><temp name="T309"/></temps><temps name="out"><temp name="T308"/><temp name="T14"/><temp name="T309"/></temps></instruction><instruction code="INCMH T1264, 0"><temps name="use"/><temps name="def"><temp name="T1264"/></temps><temps name="in"><temp name="T308"/><temp name="T14"/><temp name="T309"/></temps><temps name="out"><temp name="T308"/><temp name="T14"/><temp name="T309"/></temps></instruction><instruction code="INCH  T1264, 0"><temps name="use"/><temps name="def"><temp name="T1264"/></temps><temps name="in"><temp name="T308"/><temp name="T14"/><temp name="T309"/></temps><temps name="out"><temp name="T308"/><temp name="T1264"/><temp name="T14"/><temp name="T309"/></temps></instruction><instruction code="OR T310, T1264, 0"><temps name="use"><temp name="T1264"/></temps><temps name="def"><temp name="T310"/></temps><temps name="in"><temp name="T308"/><temp name="T1264"/><temp name="T14"/><temp name="T309"/></temps><temps name="out"><temp name="T310"/><temp name="T308"/><temp name="T14"/><temp name="T309"/></temps></instruction><instruction code="ADD T1265, T309, T310"><temps name="use"><temp name="T309"/><temp name="T310"/></temps><temps name="def"><temp name="T1265"/></temps><temps name="in"><temp name="T310"/><temp name="T308"/><temp name="T14"/><temp name="T309"/></temps><temps name="out"><temp name="T308"/><temp name="T1265"/><temp name="T14"/></temps></instruction><instruction code="OR T311, T1265, 0"><temps name="use"><temp name="T1265"/></temps><temps name="def"><temp name="T311"/></temps><temps name="in"><temp name="T308"/><temp name="T1265"/><temp name="T14"/></temps><temps name="out"><temp name="T311"/><temp name="T308"/><temp name="T14"/></temps></instruction><instruction code="OR T312, T311, 0"><temps name="use"><temp name="T311"/></temps><temps name="def"><temp name="T312"/></temps><temps name="in"><temp name="T311"/><temp name="T308"/><temp name="T14"/></temps><temps name="out"><temp name="T308"/><temp name="T14"/><temp name="T312"/></temps></instruction><instruction code="SETL  T1267, 1"><temps name="use"/><temps name="def"><temp name="T1267"/></temps><temps name="in"><temp name="T308"/><temp name="T14"/><temp name="T312"/></temps><temps name="out"><temp name="T308"/><temp name="T14"/><temp name="T312"/></temps></instruction><instruction code="INCML T1267, 0"><temps name="use"/><temps name="def"><temp name="T1267"/></temps><temps name="in"><temp name="T308"/><temp name="T14"/><temp name="T312"/></temps><temps name="out"><temp name="T308"/><temp name="T14"/><temp name="T312"/></temps></instruction><instruction code="INCMH T1267, 0"><temps name="use"/><temps name="def"><temp name="T1267"/></temps><temps name="in"><temp name="T308"/><temp name="T14"/><temp name="T312"/></temps><temps name="out"><temp name="T308"/><temp name="T14"/><temp name="T312"/></temps></instruction><instruction code="INCH  T1267, 0"><temps name="use"/><temps name="def"><temp name="T1267"/></temps><temps name="in"><temp name="T308"/><temp name="T14"/><temp name="T312"/></temps><temps name="out"><temp name="T308"/><temp name="T1267"/><temp name="T14"/><temp name="T312"/></temps></instruction><instruction code="OR T313, T1267, 0"><temps name="use"><temp name="T1267"/></temps><temps name="def"><temp name="T313"/></temps><temps name="in"><temp name="T308"/><temp name="T1267"/><temp name="T14"/><temp name="T312"/></temps><temps name="out"><temp name="T308"/><temp name="T313"/><temp name="T14"/><temp name="T312"/></temps></instruction><instruction code="SUB T1268, T312, T313"><temps name="use"><temp name="T312"/><temp name="T313"/></temps><temps name="def"><temp name="T1268"/></temps><temps name="in"><temp name="T308"/><temp name="T313"/><temp name="T14"/><temp name="T312"/></temps><temps name="out"><temp name="T308"/><temp name="T1268"/><temp name="T14"/></temps></instruction><instruction code="OR T314, T1268, 0"><temps name="use"><temp name="T1268"/></temps><temps name="def"><temp name="T314"/></temps><temps name="in"><temp name="T308"/><temp name="T1268"/><temp name="T14"/></temps><temps name="out"><temp name="T308"/><temp name="T314"/><temp name="T14"/></temps></instruction><instruction code="STO T308, $254, 8"><temps name="use"><temp name="T308"/></temps><temps name="def"/><temps name="in"><temp name="T308"/><temp name="T314"/><temp name="T14"/></temps><temps name="out"><temp name="T314"/><temp name="T14"/></temps></instruction><instruction code="STO T314, $254, 16"><temps name="use"><temp name="T314"/></temps><temps name="def"/><temps name="in"><temp name="T314"/><temp name="T14"/></temps><temps name="out"><temp name="T14"/></temps></instruction><instruction code="LDA T1269, _fibRec"><temps name="use"/><temps name="def"><temp name="T1269"/></temps><temps name="in"><temp name="T14"/></temps><temps name="out"><temp name="T1269"/><temp name="T14"/></temps></instruction><instruction code="PUSHJ $16, T1269, 0"><temps name="use"><temp name="T1269"/></temps><temps name="def"/><temps name="in"><temp name="T1269"/><temp name="T14"/></temps><temps name="out"><temp name="T14"/></temps></instruction><instruction code="LDO T1270, $254, 0"><temps name="use"/><temps name="def"><temp name="T1270"/></temps><temps name="in"><temp name="T14"/></temps><temps name="out"><temp name="T1270"/><temp name="T14"/></temps></instruction><instruction code="OR T315, T1270, 0"><temps name="use"><temp name="T1270"/></temps><temps name="def"><temp name="T315"/></temps><temps name="in"><temp name="T1270"/><temp name="T14"/></temps><temps name="out"><temp name="T315"/><temp name="T14"/></temps></instruction><instruction code="SETL  T1271, 0"><temps name="use"/><temps name="def"><temp name="T1271"/></temps><temps name="in"><temp name="T315"/><temp name="T14"/></temps><temps name="out"><temp name="T315"/><temp name="T14"/></temps></instruction><instruction code="INCML T1271, 0"><temps name="use"/><temps name="def"><temp name="T1271"/></temps><temps name="in"><temp name="T315"/><temp name="T14"/></temps><temps name="out"><temp name="T315"/><temp name="T14"/></temps></instruction><instruction code="INCMH T1271, 0"><temps name="use"/><temps name="def"><temp name="T1271"/></temps><temps name="in"><temp name="T315"/><temp name="T14"/></temps><temps name="out"><temp name="T315"/><temp name="T14"/></temps></instruction><instruction code="INCH  T1271, 0"><temps name="use"/><temps name="def"><temp name="T1271"/></temps><temps name="in"><temp name="T315"/><temp name="T14"/></temps><temps name="out"><temp name="T315"/><temp name="T1271"/><temp name="T14"/></temps></instruction><instruction code="OR T316, T1271, 0"><temps name="use"><temp name="T1271"/></temps><temps name="def"><temp name="T316"/></temps><temps name="in"><temp name="T315"/><temp name="T1271"/><temp name="T14"/></temps><temps name="out"><temp name="T315"/><temp name="T14"/><temp name="T316"/></temps></instruction><instruction code="OR T317, T14, 0"><temps name="use"><temp name="T14"/></temps><temps name="def"><temp name="T317"/></temps><temps name="in"><temp name="T315"/><temp name="T14"/><temp name="T316"/></temps><temps name="out"><temp name="T315"/><temp name="T317"/><temp name="T14"/><temp name="T316"/></temps></instruction><instruction code="SETL  T1272, 8"><temps name="use"/><temps name="def"><temp name="T1272"/></temps><temps name="in"><temp name="T315"/><temp name="T317"/><temp name="T14"/><temp name="T316"/></temps><temps name="out"><temp name="T315"/><temp name="T317"/><temp name="T14"/><temp name="T316"/></temps></instruction><instruction code="INCML T1272, 0"><temps name="use"/><temps name="def"><temp name="T1272"/></temps><temps name="in"><temp name="T315"/><temp name="T317"/><temp name="T14"/><temp name="T316"/></temps><temps name="out"><temp name="T315"/><temp name="T317"/><temp name="T14"/><temp name="T316"/></temps></instruction><instruction code="INCMH T1272, 0"><temps name="use"/><temps name="def"><temp name="T1272"/></temps><temps name="in"><temp name="T315"/><temp name="T317"/><temp name="T14"/><temp name="T316"/></temps><temps name="out"><temp name="T315"/><temp name="T317"/><temp name="T14"/><temp name="T316"/></temps></instruction><instruction code="INCH  T1272, 0"><temps name="use"/><temps name="def"><temp name="T1272"/></temps><temps name="in"><temp name="T315"/><temp name="T317"/><temp name="T14"/><temp name="T316"/></temps><temps name="out"><temp name="T1272"/><temp name="T315"/><temp name="T317"/><temp name="T14"/><temp name="T316"/></temps></instruction><instruction code="OR T318, T1272, 0"><temps name="use"><temp name="T1272"/></temps><temps name="def"><temp name="T318"/></temps><temps name="in"><temp name="T1272"/><temp name="T315"/><temp name="T317"/><temp name="T14"/><temp name="T316"/></temps><temps name="out"><temp name="T318"/><temp name="T315"/><temp name="T317"/><temp name="T14"/><temp name="T316"/></temps></instruction><instruction code="ADD T1273, T317, T318"><temps name="use"><temp name="T317"/><temp name="T318"/></temps><temps name="def"><temp name="T1273"/></temps><temps name="in"><temp name="T318"/><temp name="T315"/><temp name="T317"/><temp name="T14"/><temp name="T316"/></temps><temps name="out"><temp name="T315"/><temp name="T14"/><temp name="T316"/><temp name="T1273"/></temps></instruction><instruction code="OR T319, T1273, 0"><temps name="use"><temp name="T1273"/></temps><temps name="def"><temp name="T319"/></temps><temps name="in"><temp name="T315"/><temp name="T14"/><temp name="T316"/><temp name="T1273"/></temps><temps name="out"><temp name="T319"/><temp name="T315"/><temp name="T14"/><temp name="T316"/></temps></instruction><instruction code="OR T320, T319, 0"><temps name="use"><temp name="T319"/></temps><temps name="def"><temp name="T320"/></temps><temps name="in"><temp name="T319"/><temp name="T315"/><temp name="T14"/><temp name="T316"/></temps><temps name="out"><temp name="T320"/><temp name="T315"/><temp name="T14"/><temp name="T316"/></temps></instruction><instruction code="SETL  T1275, 2"><temps name="use"/><temps name="def"><temp name="T1275"/></temps><temps name="in"><temp name="T320"/><temp name="T315"/><temp name="T14"/><temp name="T316"/></temps><temps name="out"><temp name="T320"/><temp name="T315"/><temp name="T14"/><temp name="T316"/></temps></instruction><instruction code="INCML T1275, 0"><temps name="use"/><temps name="def"><temp name="T1275"/></temps><temps name="in"><temp name="T320"/><temp name="T315"/><temp name="T14"/><temp name="T316"/></temps><temps name="out"><temp name="T320"/><temp name="T315"/><temp name="T14"/><temp name="T316"/></temps></instruction><instruction code="INCMH T1275, 0"><temps name="use"/><temps name="def"><temp name="T1275"/></temps><temps name="in"><temp name="T320"/><temp name="T315"/><temp name="T14"/><temp name="T316"/></temps><temps name="out"><temp name="T320"/><temp name="T315"/><temp name="T14"/><temp name="T316"/></temps></instruction><instruction code="INCH  T1275, 0"><temps name="use"/><temps name="def"><temp name="T1275"/></temps><temps name="in"><temp name="T320"/><temp name="T315"/><temp name="T14"/><temp name="T316"/></temps><temps name="out"><temp name="T1275"/><temp name="T320"/><temp name="T315"/><temp name="T14"/><temp name="T316"/></temps></instruction><instruction code="OR T321, T1275, 0"><temps name="use"><temp name="T1275"/></temps><temps name="def"><temp name="T321"/></temps><temps name="in"><temp name="T1275"/><temp name="T320"/><temp name="T315"/><temp name="T14"/><temp name="T316"/></temps><temps name="out"><temp name="T320"/><temp name="T315"/><temp name="T14"/><temp name="T316"/><temp name="T321"/></temps></instruction><instruction code="SUB T1276, T320, T321"><temps name="use"><temp name="T320"/><temp name="T321"/></temps><temps name="def"><temp name="T1276"/></temps><temps name="in"><temp name="T320"/><temp name="T315"/><temp name="T14"/><temp name="T316"/><temp name="T321"/></temps><temps name="out"><temp name="T1276"/><temp name="T315"/><temp name="T14"/><temp name="T316"/></temps></instruction><instruction code="OR T322, T1276, 0"><temps name="use"><temp name="T1276"/></temps><temps name="def"><temp name="T322"/></temps><temps name="in"><temp name="T1276"/><temp name="T315"/><temp name="T14"/><temp name="T316"/></temps><temps name="out"><temp name="T322"/><temp name="T315"/><temp name="T14"/><temp name="T316"/></temps></instruction><instruction code="STO T316, $254, 8"><temps name="use"><temp name="T316"/></temps><temps name="def"/><temps name="in"><temp name="T322"/><temp name="T315"/><temp name="T14"/><temp name="T316"/></temps><temps name="out"><temp name="T322"/><temp name="T315"/><temp name="T14"/></temps></instruction><instruction code="STO T322, $254, 16"><temps name="use"><temp name="T322"/></temps><temps name="def"/><temps name="in"><temp name="T322"/><temp name="T315"/><temp name="T14"/></temps><temps name="out"><temp name="T315"/><temp name="T14"/></temps></instruction><instruction code="LDA T1277, _fibRec"><temps name="use"/><temps name="def"><temp name="T1277"/></temps><temps name="in"><temp name="T315"/><temp name="T14"/></temps><temps name="out"><temp name="T315"/><temp name="T1277"/><temp name="T14"/></temps></instruction><instruction code="PUSHJ $16, T1277, 0"><temps name="use"><temp name="T1277"/></temps><temps name="def"/><temps name="in"><temp name="T315"/><temp name="T1277"/><temp name="T14"/></temps><temps name="out"><temp name="T315"/><temp name="T14"/></temps></instruction><instruction code="LDO T1278, $254, 0"><temps name="use"/><temps name="def"><temp name="T1278"/></temps><temps name="in"><temp name="T315"/><temp name="T14"/></temps><temps name="out"><temp name="T1278"/><temp name="T315"/><temp name="T14"/></temps></instruction><instruction code="OR T323, T1278, 0"><temps name="use"><temp name="T1278"/></temps><temps name="def"><temp name="T323"/></temps><temps name="in"><temp name="T1278"/><temp name="T315"/><temp name="T14"/></temps><temps name="out"><temp name="T323"/><temp name="T315"/><temp name="T14"/></temps></instruction><instruction code="ADD T1279, T315, T323"><temps name="use"><temp name="T315"/><temp name="T323"/></temps><temps name="def"><temp name="T1279"/></temps><temps name="in"><temp name="T323"/><temp name="T315"/><temp name="T14"/></temps><temps name="out"><temp name="T1279"/><temp name="T14"/></temps></instruction><instruction code="OR T324, T1279, 0"><temps name="use"><temp name="T1279"/></temps><temps name="def"><temp name="T324"/></temps><temps name="in"><temp name="T1279"/><temp name="T14"/></temps><temps name="out"><temp name="T14"/><temp name="T324"/></temps></instruction><instruction code="SETL  T1280, 8"><temps name="use"/><temps name="def"><temp name="T1280"/></temps><temps name="in"><temp name="T14"/><temp name="T324"/></temps><temps name="out"><temp name="T14"/><temp name="T324"/></temps></instruction><instruction code="INCML T1280, 0"><temps name="use"/><temps name="def"><temp name="T1280"/></temps><temps name="in"><temp name="T14"/><temp name="T324"/></temps><temps name="out"><temp name="T14"/><temp name="T324"/></temps></instruction><instruction code="INCMH T1280, 0"><temps name="use"/><temps name="def"><temp name="T1280"/></temps><temps name="in"><temp name="T14"/><temp name="T324"/></temps><temps name="out"><temp name="T14"/><temp name="T324"/></temps></instruction><instruction code="INCH  T1280, 0"><temps name="use"/><temps name="def"><temp name="T1280"/></temps><temps name="in"><temp name="T14"/><temp name="T324"/></temps><temps name="out"><temp name="T1280"/><temp name="T14"/><temp name="T324"/></temps></instruction><instruction code="NEG T1280, 0, T1280"><temps name="use"><temp name="T1280"/></temps><temps name="def"><temp name="T1280"/></temps><temps name="in"><temp name="T1280"/><temp name="T14"/><temp name="T324"/></temps><temps name="out"><temp name="T1280"/><temp name="T14"/><temp name="T324"/></temps></instruction><instruction code="ADD T1281, T14, T1280"><temps name="use"><temp name="T14"/><temp name="T1280"/></temps><temps name="def"><temp name="T1281"/></temps><temps name="in"><temp name="T1280"/><temp name="T14"/><temp name="T324"/></temps><temps name="out"><temp name="T1281"/><temp name="T14"/><temp name="T324"/></temps></instruction><instruction code="STO T1281, T324, 0"><temps name="use"><temp name="T1281"/><temp name="T324"/></temps><temps name="def"/><temps name="in"><temp name="T1281"/><temp name="T14"/><temp name="T324"/></temps><temps name="out"><temp name="T14"/></temps></instruction><instruction code="L37"><temps name="use"/><temps name="def"/><temps name="in"><temp name="T14"/></temps><temps name="out"><temp name="T14"/></temps></instruction><instruction code="OR T325, T14, 0"><temps name="use"><temp name="T14"/></temps><temps name="def"><temp name="T325"/></temps><temps name="in"><temp name="T14"/></temps><temps name="out"><temp name="T325"/></temps></instruction><instruction code="SETL  T1283, 8"><temps name="use"/><temps name="def"><temp name="T1283"/></temps><temps name="in"><temp name="T325"/></temps><temps name="out"><temp name="T325"/></temps></instruction><instruction code="INCML T1283, 0"><temps name="use"/><temps name="def"><temp name="T1283"/></temps><temps name="in"><temp name="T325"/></temps><temps name="out"><temp name="T325"/></temps></instruction><instruction code="INCMH T1283, 0"><temps name="use"/><temps name="def"><temp name="T1283"/></temps><temps name="in"><temp name="T325"/></temps><temps name="out"><temp name="T325"/></temps></instruction><instruction code="INCH  T1283, 0"><temps name="use"/><temps name="def"><temp name="T1283"/></temps><temps name="in"><temp name="T325"/></temps><temps name="out"><temp name="T325"/><temp name="T1283"/></temps></instruction><instruction code="NEG T1283, 0, T1283"><temps name="use"><temp name="T1283"/></temps><temps name="def"><temp name="T1283"/></temps><temps name="in"><temp name="T325"/><temp name="T1283"/></temps><temps name="out"><temp name="T325"/><temp name="T1283"/></temps></instruction><instruction code="OR T326, T1283, 0"><temps name="use"><temp name="T1283"/></temps><temps name="def"><temp name="T326"/></temps><temps name="in"><temp name="T325"/><temp name="T1283"/></temps><temps name="out"><temp name="T325"/><temp name="T326"/></temps></instruction><instruction code="ADD T1284, T325, T326"><temps name="use"><temp name="T325"/><temp name="T326"/></temps><temps name="def"><temp name="T1284"/></temps><temps name="in"><temp name="T325"/><temp name="T326"/></temps><temps name="out"><temp name="T1284"/></temps></instruction><instruction code="OR T327, T1284, 0"><temps name="use"><temp name="T1284"/></temps><temps name="def"><temp name="T327"/></temps><temps name="in"><temp name="T1284"/></temps><temps name="out"><temp name="T327"/></temps></instruction><instruction code="OR T328, T327, 0"><temps name="use"><temp name="T327"/></temps><temps name="def"><temp name="T328"/></temps><temps name="in"><temp name="T327"/></temps><temps name="out"><temp name="T328"/></temps></instruction><instruction code="OR T15, T328, 0"><temps name="use"><temp name="T328"/></temps><temps name="def"><temp name="T15"/></temps><temps name="in"><temp name="T328"/></temps><temps name="out"/></instruction><instruction code="LDA T1286, L122"><temps name="use"/><temps name="def"><temp name="T1286"/></temps><temps name="in"/><temps name="out"><temp name="T1286"/></temps></instruction><instruction code="GO T1286, T1286, 0"><temps name="use"><temp name="T1286"/></temps><temps name="def"><temp name="T1286"/></temps><temps name="in"><temp name="T1286"/></temps><temps name="out"/></instruction></instructions></code><code entrylabel="L126" exitlabel="L127" tempsize="0"><frame FP="T18" RV="T19" argssize="16" depth="2" label="L0" locssize="8" size="40"/><instructions><instruction code="L126"><temps name="use"/><temps name="def"/><temps name="in"><temp name="T18"/></temps><temps name="out"><temp name="T18"/></temps></instruction><instruction code="OR T329, T18, 0"><temps name="use"><temp name="T18"/></temps><temps name="def"><temp name="T329"/></temps><temps name="in"><temp name="T18"/></temps><temps name="out"><temp name="T18"/><temp name="T329"/></temps></instruction><instruction code="SETL  T1287, 8"><temps name="use"/><temps name="def"><temp name="T1287"/></temps><temps name="in"><temp name="T18"/><temp name="T329"/></temps><temps name="out"><temp name="T18"/><temp name="T329"/></temps></instruction><instruction code="INCML T1287, 0"><temps name="use"/><temps name="def"><temp name="T1287"/></temps><temps name="in"><temp name="T18"/><temp name="T329"/></temps><temps name="out"><temp name="T18"/><temp name="T329"/></temps></instruction><instruction code="INCMH T1287, 0"><temps name="use"/><temps name="def"><temp name="T1287"/></temps><temps name="in"><temp name="T18"/><temp name="T329"/></temps><temps name="out"><temp name="T18"/><temp name="T329"/></temps></instruction><instruction code="INCH  T1287, 0"><temps name="use"/><temps name="def"><temp name="T1287"/></temps><temps name="in"><temp name="T18"/><temp name="T329"/></temps><temps name="out"><temp name="T18"/><temp name="T329"/><temp name="T1287"/></temps></instruction><instruction code="OR T330, T1287, 0"><temps name="use"><temp name="T1287"/></temps><temps name="def"><temp name="T330"/></temps><temps name="in"><temp name="T18"/><temp name="T329"/><temp name="T1287"/></temps><temps name="out"><temp name="T18"/><temp name="T329"/><temp name="T330"/></temps></instruction><instruction code="ADD T1288, T329, T330"><temps name="use"><temp name="T329"/><temp name="T330"/></temps><temps name="def"><temp name="T1288"/></temps><temps name="in"><temp name="T18"/><temp name="T329"/><temp name="T330"/></temps><temps name="out"><temp name="T18"/><temp name="T1288"/></temps></instruction><instruction code="OR T331, T1288, 0"><temps name="use"><temp name="T1288"/></temps><temps name="def"><temp name="T331"/></temps><temps name="in"><temp name="T18"/><temp name="T1288"/></temps><temps name="out"><temp name="T18"/><temp name="T331"/></temps></instruction><instruction code="OR T332, T331, 0"><temps name="use"><temp name="T331"/></temps><temps name="def"><temp name="T332"/></temps><temps name="in"><temp name="T18"/><temp name="T331"/></temps><temps name="out"><temp name="T18"/><temp name="T332"/></temps></instruction><instruction code="OR T333, T18, 0"><temps name="use"><temp name="T18"/></temps><temps name="def"><temp name="T333"/></temps><temps name="in"><temp name="T18"/><temp name="T332"/></temps><temps name="out"><temp name="T18"/><temp name="T332"/><temp name="T333"/></temps></instruction><instruction code="OR T334, T333, 0"><temps name="use"><temp name="T333"/></temps><temps name="def"><temp name="T334"/></temps><temps name="in"><temp name="T18"/><temp name="T332"/><temp name="T333"/></temps><temps name="out"><temp name="T18"/><temp name="T334"/><temp name="T332"/></temps></instruction><instruction code="SETL  T1291, 8"><temps name="use"/><temps name="def"><temp name="T1291"/></temps><temps name="in"><temp name="T18"/><temp name="T334"/><temp name="T332"/></temps><temps name="out"><temp name="T18"/><temp name="T334"/><temp name="T332"/></temps></instruction><instruction code="INCML T1291, 0"><temps name="use"/><temps name="def"><temp name="T1291"/></temps><temps name="in"><temp name="T18"/><temp name="T334"/><temp name="T332"/></temps><temps name="out"><temp name="T18"/><temp name="T334"/><temp name="T332"/></temps></instruction><instruction code="INCMH T1291, 0"><temps name="use"/><temps name="def"><temp name="T1291"/></temps><temps name="in"><temp name="T18"/><temp name="T334"/><temp name="T332"/></temps><temps name="out"><temp name="T18"/><temp name="T334"/><temp name="T332"/></temps></instruction><instruction code="INCH  T1291, 0"><temps name="use"/><temps name="def"><temp name="T1291"/></temps><temps name="in"><temp name="T18"/><temp name="T334"/><temp name="T332"/></temps><temps name="out"><temp name="T18"/><temp name="T334"/><temp name="T332"/><temp name="T1291"/></temps></instruction><instruction code="OR T335, T1291, 0"><temps name="use"><temp name="T1291"/></temps><temps name="def"><temp name="T335"/></temps><temps name="in"><temp name="T18"/><temp name="T334"/><temp name="T332"/><temp name="T1291"/></temps><temps name="out"><temp name="T18"/><temp name="T334"/><temp name="T332"/><temp name="T335"/></temps></instruction><instruction code="ADD T1292, T334, T335"><temps name="use"><temp name="T334"/><temp name="T335"/></temps><temps name="def"><temp name="T1292"/></temps><temps name="in"><temp name="T18"/><temp name="T334"/><temp name="T332"/><temp name="T335"/></temps><temps name="out"><temp name="T1292"/><temp name="T18"/><temp name="T332"/></temps></instruction><instruction code="OR T336, T1292, 0"><temps name="use"><temp name="T1292"/></temps><temps name="def"><temp name="T336"/></temps><temps name="in"><temp name="T1292"/><temp name="T18"/><temp name="T332"/></temps><temps name="out"><temp name="T18"/><temp name="T336"/><temp name="T332"/></temps></instruction><instruction code="OR T337, T336, 0"><temps name="use"><temp name="T336"/></temps><temps name="def"><temp name="T337"/></temps><temps name="in"><temp name="T18"/><temp name="T336"/><temp name="T332"/></temps><temps name="out"><temp name="T18"/><temp name="T332"/><temp name="T337"/></temps></instruction><instruction code="CMP T1294, T332, T337"><temps name="use"><temp name="T332"/><temp name="T337"/></temps><temps name="def"><temp name="T1294"/></temps><temps name="in"><temp name="T18"/><temp name="T332"/><temp name="T337"/></temps><temps name="out"><temp name="T18"/><temp name="T1294"/></temps></instruction><instruction code="ZSZ T1294, T1294, 1"><temps name="use"><temp name="T1294"/></temps><temps name="def"><temp name="T1294"/></temps><temps name="in"><temp name="T18"/><temp name="T1294"/></temps><temps name="out"><temp name="T18"/><temp name="T1294"/></temps></instruction><instruction code="OR T338, T1294, 0"><temps name="use"><temp name="T1294"/></temps><temps name="def"><temp name="T338"/></temps><temps name="in"><temp name="T18"/><temp name="T1294"/></temps><temps name="out"><temp name="T18"/><temp name="T338"/></temps></instruction><instruction code="BNZ T338, L44"><temps name="use"><temp name="T338"/></temps><temps name="def"/><temps name="in"><temp name="T18"/><temp name="T338"/></temps><temps name="out"><temp name="T18"/></temps></instruction><instruction code="L123"><temps name="use"/><temps name="def"/><temps name="in"><temp name="T18"/></temps><temps name="out"><temp name="T18"/></temps></instruction><instruction code="LDA T1295, L45"><temps name="use"/><temps name="def"><temp name="T1295"/></temps><temps name="in"><temp name="T18"/></temps><temps name="out"><temp name="T18"/><temp name="T1295"/></temps></instruction><instruction code="GO T1295, T1295, 0"><temps name="use"><temp name="T1295"/></temps><temps name="def"><temp name="T1295"/></temps><temps name="in"><temp name="T18"/><temp name="T1295"/></temps><temps name="out"><temp name="T18"/></temps></instruction><instruction code="L44"><temps name="use"/><temps name="def"/><temps name="in"><temp name="T18"/></temps><temps name="out"><temp name="T18"/></temps></instruction><instruction code="SETL  T1296, 0"><temps name="use"/><temps name="def"><temp name="T1296"/></temps><temps name="in"><temp name="T18"/></temps><temps name="out"><temp name="T18"/></temps></instruction><instruction code="INCML T1296, 0"><temps name="use"/><temps name="def"><temp name="T1296"/></temps><temps name="in"><temp name="T18"/></temps><temps name="out"><temp name="T18"/></temps></instruction><instruction code="INCMH T1296, 0"><temps name="use"/><temps name="def"><temp name="T1296"/></temps><temps name="in"><temp name="T18"/></temps><temps name="out"><temp name="T18"/></temps></instruction><instruction code="INCH  T1296, 0"><temps name="use"/><temps name="def"><temp name="T1296"/></temps><temps name="in"><temp name="T18"/></temps><temps name="out"><temp name="T18"/><temp name="T1296"/></temps></instruction><instruction code="OR T339, T1296, 0"><temps name="use"><temp name="T1296"/></temps><temps name="def"><temp name="T339"/></temps><temps name="in"><temp name="T18"/><temp name="T1296"/></temps><temps name="out"><temp name="T18"/><temp name="T339"/></temps></instruction><instruction code="SETL  T1297, 8"><temps name="use"/><temps name="def"><temp name="T1297"/></temps><temps name="in"><temp name="T18"/><temp name="T339"/></temps><temps name="out"><temp name="T18"/><temp name="T339"/></temps></instruction><instruction code="INCML T1297, 0"><temps name="use"/><temps name="def"><temp name="T1297"/></temps><temps name="in"><temp name="T18"/><temp name="T339"/></temps><temps name="out"><temp name="T18"/><temp name="T339"/></temps></instruction><instruction code="INCMH T1297, 0"><temps name="use"/><temps name="def"><temp name="T1297"/></temps><temps name="in"><temp name="T18"/><temp name="T339"/></temps><temps name="out"><temp name="T18"/><temp name="T339"/></temps></instruction><instruction code="INCH  T1297, 0"><temps name="use"/><temps name="def"><temp name="T1297"/></temps><temps name="in"><temp name="T18"/><temp name="T339"/></temps><temps name="out"><temp name="T18"/><temp name="T1297"/><temp name="T339"/></temps></instruction><instruction code="NEG T1297, 0, T1297"><temps name="use"><temp name="T1297"/></temps><temps name="def"><temp name="T1297"/></temps><temps name="in"><temp name="T18"/><temp name="T1297"/><temp name="T339"/></temps><temps name="out"><temp name="T18"/><temp name="T1297"/><temp name="T339"/></temps></instruction><instruction code="ADD T1298, T18, T1297"><temps name="use"><temp name="T18"/><temp name="T1297"/></temps><temps name="def"><temp name="T1298"/></temps><temps name="in"><temp name="T18"/><temp name="T1297"/><temp name="T339"/></temps><temps name="out"><temp name="T18"/><temp name="T1298"/><temp name="T339"/></temps></instruction><instruction code="STO T1298, T339, 0"><temps name="use"><temp name="T1298"/><temp name="T339"/></temps><temps name="def"/><temps name="in"><temp name="T18"/><temp name="T1298"/><temp name="T339"/></temps><temps name="out"><temp name="T18"/></temps></instruction><instruction code="L38"><temps name="use"/><temps name="def"/><temps name="in"><temp name="T18"/></temps><temps name="out"><temp name="T18"/></temps></instruction><instruction code="OR T340, T18, 0"><temps name="use"><temp name="T18"/></temps><temps name="def"><temp name="T340"/></temps><temps name="in"><temp name="T18"/></temps><temps name="out"><temp name="T18"/><temp name="T340"/></temps></instruction><instruction code="SETL  T1300, 8"><temps name="use"/><temps name="def"><temp name="T1300"/></temps><temps name="in"><temp name="T18"/><temp name="T340"/></temps><temps name="out"><temp name="T18"/><temp name="T340"/></temps></instruction><instruction code="INCML T1300, 0"><temps name="use"/><temps name="def"><temp name="T1300"/></temps><temps name="in"><temp name="T18"/><temp name="T340"/></temps><temps name="out"><temp name="T18"/><temp name="T340"/></temps></instruction><instruction code="INCMH T1300, 0"><temps name="use"/><temps name="def"><temp name="T1300"/></temps><temps name="in"><temp name="T18"/><temp name="T340"/></temps><temps name="out"><temp name="T18"/><temp name="T340"/></temps></instruction><instruction code="INCH  T1300, 0"><temps name="use"/><temps name="def"><temp name="T1300"/></temps><temps name="in"><temp name="T18"/><temp name="T340"/></temps><temps name="out"><temp name="T18"/><temp name="T340"/><temp name="T1300"/></temps></instruction><instruction code="NEG T1300, 0, T1300"><temps name="use"><temp name="T1300"/></temps><temps name="def"><temp name="T1300"/></temps><temps name="in"><temp name="T18"/><temp name="T340"/><temp name="T1300"/></temps><temps name="out"><temp name="T18"/><temp name="T340"/><temp name="T1300"/></temps></instruction><instruction code="OR T341, T1300, 0"><temps name="use"><temp name="T1300"/></temps><temps name="def"><temp name="T341"/></temps><temps name="in"><temp name="T18"/><temp name="T340"/><temp name="T1300"/></temps><temps name="out"><temp name="T18"/><temp name="T341"/><temp name="T340"/></temps></instruction><instruction code="ADD T1301, T340, T341"><temps name="use"><temp name="T340"/><temp name="T341"/></temps><temps name="def"><temp name="T1301"/></temps><temps name="in"><temp name="T18"/><temp name="T341"/><temp name="T340"/></temps><temps name="out"><temp name="T1301"/><temp name="T18"/></temps></instruction><instruction code="OR T342, T1301, 0"><temps name="use"><temp name="T1301"/></temps><temps name="def"><temp name="T342"/></temps><temps name="in"><temp name="T1301"/><temp name="T18"/></temps><temps name="out"><temp name="T18"/><temp name="T342"/></temps></instruction><instruction code="OR T343, T342, 0"><temps name="use"><temp name="T342"/></temps><temps name="def"><temp name="T343"/></temps><temps name="in"><temp name="T18"/><temp name="T342"/></temps><temps name="out"><temp name="T18"/><temp name="T343"/></temps></instruction><instruction code="OR T344, T18, 0"><temps name="use"><temp name="T18"/></temps><temps name="def"><temp name="T344"/></temps><temps name="in"><temp name="T18"/><temp name="T343"/></temps><temps name="out"><temp name="T18"/><temp name="T344"/><temp name="T343"/></temps></instruction><instruction code="OR T345, T344, 0"><temps name="use"><temp name="T344"/></temps><temps name="def"><temp name="T345"/></temps><temps name="in"><temp name="T18"/><temp name="T344"/><temp name="T343"/></temps><temps name="out"><temp name="T18"/><temp name="T343"/><temp name="T345"/></temps></instruction><instruction code="SETL  T1304, 8"><temps name="use"/><temps name="def"><temp name="T1304"/></temps><temps name="in"><temp name="T18"/><temp name="T343"/><temp name="T345"/></temps><temps name="out"><temp name="T18"/><temp name="T343"/><temp name="T345"/></temps></instruction><instruction code="INCML T1304, 0"><temps name="use"/><temps name="def"><temp name="T1304"/></temps><temps name="in"><temp name="T18"/><temp name="T343"/><temp name="T345"/></temps><temps name="out"><temp name="T18"/><temp name="T343"/><temp name="T345"/></temps></instruction><instruction code="INCMH T1304, 0"><temps name="use"/><temps name="def"><temp name="T1304"/></temps><temps name="in"><temp name="T18"/><temp name="T343"/><temp name="T345"/></temps><temps name="out"><temp name="T18"/><temp name="T343"/><temp name="T345"/></temps></instruction><instruction code="INCH  T1304, 0"><temps name="use"/><temps name="def"><temp name="T1304"/></temps><temps name="in"><temp name="T18"/><temp name="T343"/><temp name="T345"/></temps><temps name="out"><temp name="T18"/><temp name="T1304"/><temp name="T343"/><temp name="T345"/></temps></instruction><instruction code="OR T346, T1304, 0"><temps name="use"><temp name="T1304"/></temps><temps name="def"><temp name="T346"/></temps><temps name="in"><temp name="T18"/><temp name="T1304"/><temp name="T343"/><temp name="T345"/></temps><temps name="out"><temp name="T18"/><temp name="T343"/><temp name="T345"/><temp name="T346"/></temps></instruction><instruction code="ADD T1305, T345, T346"><temps name="use"><temp name="T345"/><temp name="T346"/></temps><temps name="def"><temp name="T1305"/></temps><temps name="in"><temp name="T18"/><temp name="T343"/><temp name="T345"/><temp name="T346"/></temps><temps name="out"><temp name="T18"/><temp name="T343"/><temp name="T1305"/></temps></instruction><instruction code="OR T347, T1305, 0"><temps name="use"><temp name="T1305"/></temps><temps name="def"><temp name="T347"/></temps><temps name="in"><temp name="T18"/><temp name="T343"/><temp name="T1305"/></temps><temps name="out"><temp name="T18"/><temp name="T343"/><temp name="T347"/></temps></instruction><instruction code="OR T348, T347, 0"><temps name="use"><temp name="T347"/></temps><temps name="def"><temp name="T348"/></temps><temps name="in"><temp name="T18"/><temp name="T343"/><temp name="T347"/></temps><temps name="out"><temp name="T18"/><temp name="T348"/><temp name="T343"/></temps></instruction><instruction code="CMP T1307, T343, T348"><temps name="use"><temp name="T343"/><temp name="T348"/></temps><temps name="def"><temp name="T1307"/></temps><temps name="in"><temp name="T18"/><temp name="T348"/><temp name="T343"/></temps><temps name="out"><temp name="T18"/><temp name="T1307"/></temps></instruction><instruction code="ZSN T1307, T1307, 1"><temps name="use"><temp name="T1307"/></temps><temps name="def"><temp name="T1307"/></temps><temps name="in"><temp name="T18"/><temp name="T1307"/></temps><temps name="out"><temp name="T18"/><temp name="T1307"/></temps></instruction><instruction code="OR T349, T1307, 0"><temps name="use"><temp name="T1307"/></temps><temps name="def"><temp name="T349"/></temps><temps name="in"><temp name="T18"/><temp name="T1307"/></temps><temps name="out"><temp name="T18"/><temp name="T349"/></temps></instruction><instruction code="BNZ T349, L39"><temps name="use"><temp name="T349"/></temps><temps name="def"/><temps name="in"><temp name="T18"/><temp name="T349"/></temps><temps name="out"><temp name="T18"/></temps></instruction><instruction code="L124"><temps name="use"/><temps name="def"/><temps name="in"><temp name="T18"/></temps><temps name="out"><temp name="T18"/></temps></instruction><instruction code="LDA T1308, L40"><temps name="use"/><temps name="def"><temp name="T1308"/></temps><temps name="in"><temp name="T18"/></temps><temps name="out"><temp name="T18"/><temp name="T1308"/></temps></instruction><instruction code="GO T1308, T1308, 0"><temps name="use"><temp name="T1308"/></temps><temps name="def"><temp name="T1308"/></temps><temps name="in"><temp name="T18"/><temp name="T1308"/></temps><temps name="out"><temp name="T18"/></temps></instruction><instruction code="L39"><temps name="use"/><temps name="def"/><temps name="in"><temp name="T18"/></temps><temps name="out"><temp name="T18"/></temps></instruction><instruction code="SETL  T1309, 0"><temps name="use"/><temps name="def"><temp name="T1309"/></temps><temps name="in"><temp name="T18"/></temps><temps name="out"><temp name="T18"/></temps></instruction><instruction code="INCML T1309, 0"><temps name="use"/><temps name="def"><temp name="T1309"/></temps><temps name="in"><temp name="T18"/></temps><temps name="out"><temp name="T18"/></temps></instruction><instruction code="INCMH T1309, 0"><temps name="use"/><temps name="def"><temp name="T1309"/></temps><temps name="in"><temp name="T18"/></temps><temps name="out"><temp name="T18"/></temps></instruction><instruction code="INCH  T1309, 0"><temps name="use"/><temps name="def"><temp name="T1309"/></temps><temps name="in"><temp name="T18"/></temps><temps name="out"><temp name="T18"/><temp name="T1309"/></temps></instruction><instruction code="OR T350, T1309, 0"><temps name="use"><temp name="T1309"/></temps><temps name="def"><temp name="T350"/></temps><temps name="in"><temp name="T18"/><temp name="T1309"/></temps><temps name="out"><temp name="T18"/><temp name="T350"/></temps></instruction><instruction code="OR T351, T18, 0"><temps name="use"><temp name="T18"/></temps><temps name="def"><temp name="T351"/></temps><temps name="in"><temp name="T18"/><temp name="T350"/></temps><temps name="out"><temp name="T18"/><temp name="T351"/><temp name="T350"/></temps></instruction><instruction code="OR T352, T351, 0"><temps name="use"><temp name="T351"/></temps><temps name="def"><temp name="T352"/></temps><temps name="in"><temp name="T18"/><temp name="T351"/><temp name="T350"/></temps><temps name="out"><temp name="T18"/><temp name="T352"/><temp name="T350"/></temps></instruction><instruction code="SETL  T1311, 800"><temps name="use"/><temps name="def"><temp name="T1311"/></temps><temps name="in"><temp name="T18"/><temp name="T352"/><temp name="T350"/></temps><temps name="out"><temp name="T18"/><temp name="T352"/><temp name="T350"/></temps></instruction><instruction code="INCML T1311, 0"><temps name="use"/><temps name="def"><temp name="T1311"/></temps><temps name="in"><temp name="T18"/><temp name="T352"/><temp name="T350"/></temps><temps name="out"><temp name="T18"/><temp name="T352"/><temp name="T350"/></temps></instruction><instruction code="INCMH T1311, 0"><temps name="use"/><temps name="def"><temp name="T1311"/></temps><temps name="in"><temp name="T18"/><temp name="T352"/><temp name="T350"/></temps><temps name="out"><temp name="T18"/><temp name="T352"/><temp name="T350"/></temps></instruction><instruction code="INCH  T1311, 0"><temps name="use"/><temps name="def"><temp name="T1311"/></temps><temps name="in"><temp name="T18"/><temp name="T352"/><temp name="T350"/></temps><temps name="out"><temp name="T18"/><temp name="T352"/><temp name="T350"/><temp name="T1311"/></temps></instruction><instruction code="NEG T1311, 0, T1311"><temps name="use"><temp name="T1311"/></temps><temps name="def"><temp name="T1311"/></temps><temps name="in"><temp name="T18"/><temp name="T352"/><temp name="T350"/><temp name="T1311"/></temps><temps name="out"><temp name="T18"/><temp name="T352"/><temp name="T350"/><temp name="T1311"/></temps></instruction><instruction code="OR T353, T1311, 0"><temps name="use"><temp name="T1311"/></temps><temps name="def"><temp name="T353"/></temps><temps name="in"><temp name="T18"/><temp name="T352"/><temp name="T350"/><temp name="T1311"/></temps><temps name="out"><temp name="T18"/><temp name="T353"/><temp name="T352"/><temp name="T350"/></temps></instruction><instruction code="ADD T1312, T352, T353"><temps name="use"><temp name="T352"/><temp name="T353"/></temps><temps name="def"><temp name="T1312"/></temps><temps name="in"><temp name="T18"/><temp name="T353"/><temp name="T352"/><temp name="T350"/></temps><temps name="out"><temp name="T18"/><temp name="T350"/><temp name="T1312"/></temps></instruction><instruction code="OR T354, T1312, 0"><temps name="use"><temp name="T1312"/></temps><temps name="def"><temp name="T354"/></temps><temps name="in"><temp name="T18"/><temp name="T350"/><temp name="T1312"/></temps><temps name="out"><temp name="T18"/><temp name="T350"/><temp name="T354"/></temps></instruction><instruction code="OR T355, T18, 0"><temps name="use"><temp name="T18"/></temps><temps name="def"><temp name="T355"/></temps><temps name="in"><temp name="T18"/><temp name="T350"/><temp name="T354"/></temps><temps name="out"><temp name="T18"/><temp name="T355"/><temp name="T350"/><temp name="T354"/></temps></instruction><instruction code="SETL  T1313, 8"><temps name="use"/><temps name="def"><temp name="T1313"/></temps><temps name="in"><temp name="T18"/><temp name="T355"/><temp name="T350"/><temp name="T354"/></temps><temps name="out"><temp name="T18"/><temp name="T355"/><temp name="T350"/><temp name="T354"/></temps></instruction><instruction code="INCML T1313, 0"><temps name="use"/><temps name="def"><temp name="T1313"/></temps><temps name="in"><temp name="T18"/><temp name="T355"/><temp name="T350"/><temp name="T354"/></temps><temps name="out"><temp name="T18"/><temp name="T355"/><temp name="T350"/><temp name="T354"/></temps></instruction><instruction code="INCMH T1313, 0"><temps name="use"/><temps name="def"><temp name="T1313"/></temps><temps name="in"><temp name="T18"/><temp name="T355"/><temp name="T350"/><temp name="T354"/></temps><temps name="out"><temp name="T18"/><temp name="T355"/><temp name="T350"/><temp name="T354"/></temps></instruction><instruction code="INCH  T1313, 0"><temps name="use"/><temps name="def"><temp name="T1313"/></temps><temps name="in"><temp name="T18"/><temp name="T355"/><temp name="T350"/><temp name="T354"/></temps><temps name="out"><temp name="T18"/><temp name="T1313"/><temp name="T355"/><temp name="T350"/><temp name="T354"/></temps></instruction><instruction code="NEG T1313, 0, T1313"><temps name="use"><temp name="T1313"/></temps><temps name="def"><temp name="T1313"/></temps><temps name="in"><temp name="T18"/><temp name="T1313"/><temp name="T355"/><temp name="T350"/><temp name="T354"/></temps><temps name="out"><temp name="T18"/><temp name="T1313"/><temp name="T355"/><temp name="T350"/><temp name="T354"/></temps></instruction><instruction code="OR T356, T1313, 0"><temps name="use"><temp name="T1313"/></temps><temps name="def"><temp name="T356"/></temps><temps name="in"><temp name="T18"/><temp name="T1313"/><temp name="T355"/><temp name="T350"/><temp name="T354"/></temps><temps name="out"><temp name="T18"/><temp name="T355"/><temp name="T356"/><temp name="T350"/><temp name="T354"/></temps></instruction><instruction code="ADD T1314, T355, T356"><temps name="use"><temp name="T355"/><temp name="T356"/></temps><temps name="def"><temp name="T1314"/></temps><temps name="in"><temp name="T18"/><temp name="T355"/><temp name="T356"/><temp name="T350"/><temp name="T354"/></temps><temps name="out"><temp name="T18"/><temp name="T1314"/><temp name="T350"/><temp name="T354"/></temps></instruction><instruction code="OR T357, T1314, 0"><temps name="use"><temp name="T1314"/></temps><temps name="def"><temp name="T357"/></temps><temps name="in"><temp name="T18"/><temp name="T1314"/><temp name="T350"/><temp name="T354"/></temps><temps name="out"><temp name="T18"/><temp name="T350"/><temp name="T357"/><temp name="T354"/></temps></instruction><instruction code="OR T358, T357, 0"><temps name="use"><temp name="T357"/></temps><temps name="def"><temp name="T358"/></temps><temps name="in"><temp name="T18"/><temp name="T350"/><temp name="T357"/><temp name="T354"/></temps><temps name="out"><temp name="T18"/><temp name="T358"/><temp name="T350"/><temp name="T354"/></temps></instruction><instruction code="SETL  T1316, 8"><temps name="use"/><temps name="def"><temp name="T1316"/></temps><temps name="in"><temp name="T18"/><temp name="T358"/><temp name="T350"/><temp name="T354"/></temps><temps name="out"><temp name="T18"/><temp name="T358"/><temp name="T350"/><temp name="T354"/></temps></instruction><instruction code="INCML T1316, 0"><temps name="use"/><temps name="def"><temp name="T1316"/></temps><temps name="in"><temp name="T18"/><temp name="T358"/><temp name="T350"/><temp name="T354"/></temps><temps name="out"><temp name="T18"/><temp name="T358"/><temp name="T350"/><temp name="T354"/></temps></instruction><instruction code="INCMH T1316, 0"><temps name="use"/><temps name="def"><temp name="T1316"/></temps><temps name="in"><temp name="T18"/><temp name="T358"/><temp name="T350"/><temp name="T354"/></temps><temps name="out"><temp name="T18"/><temp name="T358"/><temp name="T350"/><temp name="T354"/></temps></instruction><instruction code="INCH  T1316, 0"><temps name="use"/><temps name="def"><temp name="T1316"/></temps><temps name="in"><temp name="T18"/><temp name="T358"/><temp name="T350"/><temp name="T354"/></temps><temps name="out"><temp name="T18"/><temp name="T358"/><temp name="T1316"/><temp name="T350"/><temp name="T354"/></temps></instruction><instruction code="OR T359, T1316, 0"><temps name="use"><temp name="T1316"/></temps><temps name="def"><temp name="T359"/></temps><temps name="in"><temp name="T18"/><temp name="T358"/><temp name="T1316"/><temp name="T350"/><temp name="T354"/></temps><temps name="out"><temp name="T18"/><temp name="T358"/><temp name="T350"/><temp name="T359"/><temp name="T354"/></temps></instruction><instruction code="MUL T1317, T358, T359"><temps name="use"><temp name="T358"/><temp name="T359"/></temps><temps name="def"><temp name="T1317"/></temps><temps name="in"><temp name="T18"/><temp name="T358"/><temp name="T350"/><temp name="T359"/><temp name="T354"/></temps><temps name="out"><temp name="T18"/><temp name="T1317"/><temp name="T350"/><temp name="T354"/></temps></instruction><instruction code="OR T360, T1317, 0"><temps name="use"><temp name="T1317"/></temps><temps name="def"><temp name="T360"/></temps><temps name="in"><temp name="T18"/><temp name="T1317"/><temp name="T350"/><temp name="T354"/></temps><temps name="out"><temp name="T18"/><temp name="T360"/><temp name="T350"/><temp name="T354"/></temps></instruction><instruction code="ADD T1318, T354, T360"><temps name="use"><temp name="T354"/><temp name="T360"/></temps><temps name="def"><temp name="T1318"/></temps><temps name="in"><temp name="T18"/><temp name="T360"/><temp name="T350"/><temp name="T354"/></temps><temps name="out"><temp name="T18"/><temp name="T350"/><temp name="T1318"/></temps></instruction><instruction code="OR T361, T1318, 0"><temps name="use"><temp name="T1318"/></temps><temps name="def"><temp name="T361"/></temps><temps name="in"><temp name="T18"/><temp name="T350"/><temp name="T1318"/></temps><temps name="out"><temp name="T18"/><temp name="T361"/><temp name="T350"/></temps></instruction><instruction code="OR T362, T361, 0"><temps name="use"><temp name="T361"/></temps><temps name="def"><temp name="T362"/></temps><temps name="in"><temp name="T18"/><temp name="T361"/><temp name="T350"/></temps><temps name="out"><temp name="T362"/><temp name="T18"/><temp name="T350"/></temps></instruction><instruction code="STO T350, $254, 8"><temps name="use"><temp name="T350"/></temps><temps name="def"/><temps name="in"><temp name="T362"/><temp name="T18"/><temp name="T350"/></temps><temps name="out"><temp name="T362"/><temp name="T18"/></temps></instruction><instruction code="STO T362, $254, 16"><temps name="use"><temp name="T362"/></temps><temps name="def"/><temps name="in"><temp name="T362"/><temp name="T18"/></temps><temps name="out"><temp name="T18"/></temps></instruction><instruction code="LDA T1320, _putInt"><temps name="use"/><temps name="def"><temp name="T1320"/></temps><temps name="in"><temp name="T18"/></temps><temps name="out"><temp name="T18"/><temp name="T1320"/></temps></instruction><instruction code="PUSHJ $16, T1320, 0"><temps name="use"><temp name="T1320"/></temps><temps name="def"/><temps name="in"><temp name="T18"/><temp name="T1320"/></temps><temps name="out"><temp name="T18"/></temps></instruction><instruction code="LDO T1321, $254, 0"><temps name="use"/><temps name="def"><temp name="T1321"/></temps><temps name="in"><temp name="T18"/></temps><temps name="out"><temp name="T18"/><temp name="T1321"/></temps></instruction><instruction code="OR T363, T1321, 0"><temps name="use"><temp name="T1321"/></temps><temps name="def"><temp name="T363"/></temps><temps name="in"><temp name="T18"/><temp name="T1321"/></temps><temps name="out"><temp name="T18"/></temps></instruction><instruction code="SETL  T1322, 0"><temps name="use"/><temps name="def"><temp name="T1322"/></temps><temps name="in"><temp name="T18"/></temps><temps name="out"><temp name="T18"/></temps></instruction><instruction code="INCML T1322, 0"><temps name="use"/><temps name="def"><temp name="T1322"/></temps><temps name="in"><temp name="T18"/></temps><temps name="out"><temp name="T18"/></temps></instruction><instruction code="INCMH T1322, 0"><temps name="use"/><temps name="def"><temp name="T1322"/></temps><temps name="in"><temp name="T18"/></temps><temps name="out"><temp name="T18"/></temps></instruction><instruction code="INCH  T1322, 0"><temps name="use"/><temps name="def"><temp name="T1322"/></temps><temps name="in"><temp name="T18"/></temps><temps name="out"><temp name="T18"/><temp name="T1322"/></temps></instruction><instruction code="OR T364, T1322, 0"><temps name="use"><temp name="T1322"/></temps><temps name="def"><temp name="T364"/></temps><temps name="in"><temp name="T18"/><temp name="T1322"/></temps><temps name="out"><temp name="T364"/><temp name="T18"/></temps></instruction><instruction code="SETL  T1323, 32"><temps name="use"/><temps name="def"><temp name="T1323"/></temps><temps name="in"><temp name="T364"/><temp name="T18"/></temps><temps name="out"><temp name="T364"/><temp name="T18"/></temps></instruction><instruction code="INCML T1323, 0"><temps name="use"/><temps name="def"><temp name="T1323"/></temps><temps name="in"><temp name="T364"/><temp name="T18"/></temps><temps name="out"><temp name="T364"/><temp name="T18"/></temps></instruction><instruction code="INCMH T1323, 0"><temps name="use"/><temps name="def"><temp name="T1323"/></temps><temps name="in"><temp name="T364"/><temp name="T18"/></temps><temps name="out"><temp name="T364"/><temp name="T18"/></temps></instruction><instruction code="INCH  T1323, 0"><temps name="use"/><temps name="def"><temp name="T1323"/></temps><temps name="in"><temp name="T364"/><temp name="T18"/></temps><temps name="out"><temp name="T364"/><temp name="T18"/><temp name="T1323"/></temps></instruction><instruction code="OR T365, T1323, 0"><temps name="use"><temp name="T1323"/></temps><temps name="def"><temp name="T365"/></temps><temps name="in"><temp name="T364"/><temp name="T18"/><temp name="T1323"/></temps><temps name="out"><temp name="T364"/><temp name="T18"/><temp name="T365"/></temps></instruction><instruction code="STO T364, $254, 8"><temps name="use"><temp name="T364"/></temps><temps name="def"/><temps name="in"><temp name="T364"/><temp name="T18"/><temp name="T365"/></temps><temps name="out"><temp name="T18"/><temp name="T365"/></temps></instruction><instruction code="STO T365, $254, 16"><temps name="use"><temp name="T365"/></temps><temps name="def"/><temps name="in"><temp name="T18"/><temp name="T365"/></temps><temps name="out"><temp name="T18"/></temps></instruction><instruction code="LDA T1324, _putChar"><temps name="use"/><temps name="def"><temp name="T1324"/></temps><temps name="in"><temp name="T18"/></temps><temps name="out"><temp name="T18"/><temp name="T1324"/></temps></instruction><instruction code="PUSHJ $16, T1324, 0"><temps name="use"><temp name="T1324"/></temps><temps name="def"/><temps name="in"><temp name="T18"/><temp name="T1324"/></temps><temps name="out"><temp name="T18"/></temps></instruction><instruction code="LDO T1325, $254, 0"><temps name="use"/><temps name="def"><temp name="T1325"/></temps><temps name="in"><temp name="T18"/></temps><temps name="out"><temp name="T18"/><temp name="T1325"/></temps></instruction><instruction code="OR T366, T1325, 0"><temps name="use"><temp name="T1325"/></temps><temps name="def"><temp name="T366"/></temps><temps name="in"><temp name="T18"/><temp name="T1325"/></temps><temps name="out"><temp name="T18"/></temps></instruction><instruction code="OR T367, T18, 0"><temps name="use"><temp name="T18"/></temps><temps name="def"><temp name="T367"/></temps><temps name="in"><temp name="T18"/></temps><temps name="out"><temp name="T18"/><temp name="T367"/></temps></instruction><instruction code="SETL  T1326, 8"><temps name="use"/><temps name="def"><temp name="T1326"/></temps><temps name="in"><temp name="T18"/><temp name="T367"/></temps><temps name="out"><temp name="T18"/><temp name="T367"/></temps></instruction><instruction code="INCML T1326, 0"><temps name="use"/><temps name="def"><temp name="T1326"/></temps><temps name="in"><temp name="T18"/><temp name="T367"/></temps><temps name="out"><temp name="T18"/><temp name="T367"/></temps></instruction><instruction code="INCMH T1326, 0"><temps name="use"/><temps name="def"><temp name="T1326"/></temps><temps name="in"><temp name="T18"/><temp name="T367"/></temps><temps name="out"><temp name="T18"/><temp name="T367"/></temps></instruction><instruction code="INCH  T1326, 0"><temps name="use"/><temps name="def"><temp name="T1326"/></temps><temps name="in"><temp name="T18"/><temp name="T367"/></temps><temps name="out"><temp name="T18"/><temp name="T1326"/><temp name="T367"/></temps></instruction><instruction code="NEG T1326, 0, T1326"><temps name="use"><temp name="T1326"/></temps><temps name="def"><temp name="T1326"/></temps><temps name="in"><temp name="T18"/><temp name="T1326"/><temp name="T367"/></temps><temps name="out"><temp name="T18"/><temp name="T1326"/><temp name="T367"/></temps></instruction><instruction code="OR T368, T1326, 0"><temps name="use"><temp name="T1326"/></temps><temps name="def"><temp name="T368"/></temps><temps name="in"><temp name="T18"/><temp name="T1326"/><temp name="T367"/></temps><temps name="out"><temp name="T18"/><temp name="T368"/><temp name="T367"/></temps></instruction><instruction code="ADD T1327, T367, T368"><temps name="use"><temp name="T367"/><temp name="T368"/></temps><temps name="def"><temp name="T1327"/></temps><temps name="in"><temp name="T18"/><temp name="T368"/><temp name="T367"/></temps><temps name="out"><temp name="T18"/><temp name="T1327"/></temps></instruction><instruction code="OR T369, T1327, 0"><temps name="use"><temp name="T1327"/></temps><temps name="def"><temp name="T369"/></temps><temps name="in"><temp name="T18"/><temp name="T1327"/></temps><temps name="out"><temp name="T18"/><temp name="T369"/></temps></instruction><instruction code="OR T370, T369, 0"><temps name="use"><temp name="T369"/></temps><temps name="def"><temp name="T370"/></temps><temps name="in"><temp name="T18"/><temp name="T369"/></temps><temps name="out"><temp name="T18"/><temp name="T370"/></temps></instruction><instruction code="SETL  T1329, 1"><temps name="use"/><temps name="def"><temp name="T1329"/></temps><temps name="in"><temp name="T18"/><temp name="T370"/></temps><temps name="out"><temp name="T18"/><temp name="T370"/></temps></instruction><instruction code="INCML T1329, 0"><temps name="use"/><temps name="def"><temp name="T1329"/></temps><temps name="in"><temp name="T18"/><temp name="T370"/></temps><temps name="out"><temp name="T18"/><temp name="T370"/></temps></instruction><instruction code="INCMH T1329, 0"><temps name="use"/><temps name="def"><temp name="T1329"/></temps><temps name="in"><temp name="T18"/><temp name="T370"/></temps><temps name="out"><temp name="T18"/><temp name="T370"/></temps></instruction><instruction code="INCH  T1329, 0"><temps name="use"/><temps name="def"><temp name="T1329"/></temps><temps name="in"><temp name="T18"/><temp name="T370"/></temps><temps name="out"><temp name="T18"/><temp name="T1329"/><temp name="T370"/></temps></instruction><instruction code="OR T371, T1329, 0"><temps name="use"><temp name="T1329"/></temps><temps name="def"><temp name="T371"/></temps><temps name="in"><temp name="T18"/><temp name="T1329"/><temp name="T370"/></temps><temps name="out"><temp name="T18"/><temp name="T370"/><temp name="T371"/></temps></instruction><instruction code="ADD T1330, T370, T371"><temps name="use"><temp name="T370"/><temp name="T371"/></temps><temps name="def"><temp name="T1330"/></temps><temps name="in"><temp name="T18"/><temp name="T370"/><temp name="T371"/></temps><temps name="out"><temp name="T18"/><temp name="T1330"/></temps></instruction><instruction code="OR T372, T1330, 0"><temps name="use"><temp name="T1330"/></temps><temps name="def"><temp name="T372"/></temps><temps name="in"><temp name="T18"/><temp name="T1330"/></temps><temps name="out"><temp name="T18"/><temp name="T372"/></temps></instruction><instruction code="SETL  T1331, 8"><temps name="use"/><temps name="def"><temp name="T1331"/></temps><temps name="in"><temp name="T18"/><temp name="T372"/></temps><temps name="out"><temp name="T18"/><temp name="T372"/></temps></instruction><instruction code="INCML T1331, 0"><temps name="use"/><temps name="def"><temp name="T1331"/></temps><temps name="in"><temp name="T18"/><temp name="T372"/></temps><temps name="out"><temp name="T18"/><temp name="T372"/></temps></instruction><instruction code="INCMH T1331, 0"><temps name="use"/><temps name="def"><temp name="T1331"/></temps><temps name="in"><temp name="T18"/><temp name="T372"/></temps><temps name="out"><temp name="T18"/><temp name="T372"/></temps></instruction><instruction code="INCH  T1331, 0"><temps name="use"/><temps name="def"><temp name="T1331"/></temps><temps name="in"><temp name="T18"/><temp name="T372"/></temps><temps name="out"><temp name="T18"/><temp name="T372"/><temp name="T1331"/></temps></instruction><instruction code="NEG T1331, 0, T1331"><temps name="use"><temp name="T1331"/></temps><temps name="def"><temp name="T1331"/></temps><temps name="in"><temp name="T18"/><temp name="T372"/><temp name="T1331"/></temps><temps name="out"><temp name="T18"/><temp name="T372"/><temp name="T1331"/></temps></instruction><instruction code="ADD T1332, T18, T1331"><temps name="use"><temp name="T18"/><temp name="T1331"/></temps><temps name="def"><temp name="T1332"/></temps><temps name="in"><temp name="T18"/><temp name="T372"/><temp name="T1331"/></temps><temps name="out"><temp name="T18"/><temp name="T372"/><temp name="T1332"/></temps></instruction><instruction code="STO T1332, T372, 0"><temps name="use"><temp name="T1332"/><temp name="T372"/></temps><temps name="def"/><temps name="in"><temp name="T18"/><temp name="T372"/><temp name="T1332"/></temps><temps name="out"><temp name="T18"/></temps></instruction><instruction code="LDA T1334, L38"><temps name="use"/><temps name="def"><temp name="T1334"/></temps><temps name="in"><temp name="T18"/></temps><temps name="out"><temp name="T18"/><temp name="T1334"/></temps></instruction><instruction code="GO T1334, T1334, 0"><temps name="use"><temp name="T1334"/></temps><temps name="def"><temp name="T1334"/></temps><temps name="in"><temp name="T18"/><temp name="T1334"/></temps><temps name="out"><temp name="T18"/></temps></instruction><instruction code="L40"><temps name="use"/><temps name="def"/><temps name="in"><temp name="T18"/></temps><temps name="out"><temp name="T18"/></temps></instruction><instruction code="SETL  T1335, 0"><temps name="use"/><temps name="def"><temp name="T1335"/></temps><temps name="in"><temp name="T18"/></temps><temps name="out"><temp name="T18"/></temps></instruction><instruction code="INCML T1335, 0"><temps name="use"/><temps name="def"><temp name="T1335"/></temps><temps name="in"><temp name="T18"/></temps><temps name="out"><temp name="T18"/></temps></instruction><instruction code="INCMH T1335, 0"><temps name="use"/><temps name="def"><temp name="T1335"/></temps><temps name="in"><temp name="T18"/></temps><temps name="out"><temp name="T18"/></temps></instruction><instruction code="INCH  T1335, 0"><temps name="use"/><temps name="def"><temp name="T1335"/></temps><temps name="in"><temp name="T18"/></temps><temps name="out"><temp name="T18"/><temp name="T1335"/></temps></instruction><instruction code="OR T373, T1335, 0"><temps name="use"><temp name="T1335"/></temps><temps name="def"><temp name="T373"/></temps><temps name="in"><temp name="T18"/><temp name="T1335"/></temps><temps name="out"><temp name="T18"/><temp name="T373"/></temps></instruction><instruction code="SETL  T1336, 10"><temps name="use"/><temps name="def"><temp name="T1336"/></temps><temps name="in"><temp name="T18"/><temp name="T373"/></temps><temps name="out"><temp name="T18"/><temp name="T373"/></temps></instruction><instruction code="INCML T1336, 0"><temps name="use"/><temps name="def"><temp name="T1336"/></temps><temps name="in"><temp name="T18"/><temp name="T373"/></temps><temps name="out"><temp name="T18"/><temp name="T373"/></temps></instruction><instruction code="INCMH T1336, 0"><temps name="use"/><temps name="def"><temp name="T1336"/></temps><temps name="in"><temp name="T18"/><temp name="T373"/></temps><temps name="out"><temp name="T18"/><temp name="T373"/></temps></instruction><instruction code="INCH  T1336, 0"><temps name="use"/><temps name="def"><temp name="T1336"/></temps><temps name="in"><temp name="T18"/><temp name="T373"/></temps><temps name="out"><temp name="T18"/><temp name="T1336"/><temp name="T373"/></temps></instruction><instruction code="OR T374, T1336, 0"><temps name="use"><temp name="T1336"/></temps><temps name="def"><temp name="T374"/></temps><temps name="in"><temp name="T18"/><temp name="T1336"/><temp name="T373"/></temps><temps name="out"><temp name="T18"/><temp name="T374"/><temp name="T373"/></temps></instruction><instruction code="SETL  T1337, 256"><temps name="use"/><temps name="def"><temp name="T1337"/></temps><temps name="in"><temp name="T18"/><temp name="T374"/><temp name="T373"/></temps><temps name="out"><temp name="T18"/><temp name="T374"/><temp name="T373"/></temps></instruction><instruction code="INCML T1337, 0"><temps name="use"/><temps name="def"><temp name="T1337"/></temps><temps name="in"><temp name="T18"/><temp name="T374"/><temp name="T373"/></temps><temps name="out"><temp name="T18"/><temp name="T374"/><temp name="T373"/></temps></instruction><instruction code="INCMH T1337, 0"><temps name="use"/><temps name="def"><temp name="T1337"/></temps><temps name="in"><temp name="T18"/><temp name="T374"/><temp name="T373"/></temps><temps name="out"><temp name="T18"/><temp name="T374"/><temp name="T373"/></temps></instruction><instruction code="INCH  T1337, 0"><temps name="use"/><temps name="def"><temp name="T1337"/></temps><temps name="in"><temp name="T18"/><temp name="T374"/><temp name="T373"/></temps><temps name="out"><temp name="T18"/><temp name="T374"/><temp name="T1337"/><temp name="T373"/></temps></instruction><instruction code="OR T375, T1337, 0"><temps name="use"><temp name="T1337"/></temps><temps name="def"><temp name="T375"/></temps><temps name="in"><temp name="T18"/><temp name="T374"/><temp name="T1337"/><temp name="T373"/></temps><temps name="out"><temp name="T18"/><temp name="T374"/><temp name="T375"/><temp name="T373"/></temps></instruction><instruction code="DIV T1338, T374, T375"><temps name="use"><temp name="T374"/><temp name="T375"/></temps><temps name="def"><temp name="T1338"/></temps><temps name="in"><temp name="T18"/><temp name="T374"/><temp name="T375"/><temp name="T373"/></temps><temps name="out"><temp name="T18"/><temp name="T373"/></temps></instruction><instruction code="OR T1338, rR, 0"><temps name="use"/><temps name="def"><temp name="T1338"/></temps><temps name="in"><temp name="T18"/><temp name="T373"/></temps><temps name="out"><temp name="T18"/><temp name="T1338"/><temp name="T373"/></temps></instruction><instruction code="OR T376, T1338, 0"><temps name="use"><temp name="T1338"/></temps><temps name="def"><temp name="T376"/></temps><temps name="in"><temp name="T18"/><temp name="T1338"/><temp name="T373"/></temps><temps name="out"><temp name="T18"/><temp name="T373"/><temp name="T376"/></temps></instruction><instruction code="STO T373, $254, 8"><temps name="use"><temp name="T373"/></temps><temps name="def"/><temps name="in"><temp name="T18"/><temp name="T373"/><temp name="T376"/></temps><temps name="out"><temp name="T18"/><temp name="T376"/></temps></instruction><instruction code="STO T376, $254, 16"><temps name="use"><temp name="T376"/></temps><temps name="def"/><temps name="in"><temp name="T18"/><temp name="T376"/></temps><temps name="out"><temp name="T18"/></temps></instruction><instruction code="LDA T1339, _putChar"><temps name="use"/><temps name="def"><temp name="T1339"/></temps><temps name="in"><temp name="T18"/></temps><temps name="out"><temp name="T18"/><temp name="T1339"/></temps></instruction><instruction code="PUSHJ $16, T1339, 0"><temps name="use"><temp name="T1339"/></temps><temps name="def"/><temps name="in"><temp name="T18"/><temp name="T1339"/></temps><temps name="out"><temp name="T18"/></temps></instruction><instruction code="LDO T1340, $254, 0"><temps name="use"/><temps name="def"><temp name="T1340"/></temps><temps name="in"><temp name="T18"/></temps><temps name="out"><temp name="T18"/><temp name="T1340"/></temps></instruction><instruction code="OR T377, T1340, 0"><temps name="use"><temp name="T1340"/></temps><temps name="def"><temp name="T377"/></temps><temps name="in"><temp name="T18"/><temp name="T1340"/></temps><temps name="out"><temp name="T18"/></temps></instruction><instruction code="LDA T1341, L46"><temps name="use"/><temps name="def"><temp name="T1341"/></temps><temps name="in"><temp name="T18"/></temps><temps name="out"><temp name="T18"/><temp name="T1341"/></temps></instruction><instruction code="GO T1341, T1341, 0"><temps name="use"><temp name="T1341"/></temps><temps name="def"><temp name="T1341"/></temps><temps name="in"><temp name="T18"/><temp name="T1341"/></temps><temps name="out"><temp name="T18"/></temps></instruction><instruction code="L45"><temps name="use"/><temps name="def"/><temps name="in"><temp name="T18"/></temps><temps name="out"><temp name="T18"/></temps></instruction><instruction code="SETL  T1342, 1"><temps name="use"/><temps name="def"><temp name="T1342"/></temps><temps name="in"><temp name="T18"/></temps><temps name="out"><temp name="T18"/></temps></instruction><instruction code="INCML T1342, 0"><temps name="use"/><temps name="def"><temp name="T1342"/></temps><temps name="in"><temp name="T18"/></temps><temps name="out"><temp name="T18"/></temps></instruction><instruction code="INCMH T1342, 0"><temps name="use"/><temps name="def"><temp name="T1342"/></temps><temps name="in"><temp name="T18"/></temps><temps name="out"><temp name="T18"/></temps></instruction><instruction code="INCH  T1342, 0"><temps name="use"/><temps name="def"><temp name="T1342"/></temps><temps name="in"><temp name="T18"/></temps><temps name="out"><temp name="T18"/><temp name="T1342"/></temps></instruction><instruction code="OR T378, T1342, 0"><temps name="use"><temp name="T1342"/></temps><temps name="def"><temp name="T378"/></temps><temps name="in"><temp name="T18"/><temp name="T1342"/></temps><temps name="out"><temp name="T18"/><temp name="T378"/></temps></instruction><instruction code="SETL  T1343, 8"><temps name="use"/><temps name="def"><temp name="T1343"/></temps><temps name="in"><temp name="T18"/><temp name="T378"/></temps><temps name="out"><temp name="T18"/><temp name="T378"/></temps></instruction><instruction code="INCML T1343, 0"><temps name="use"/><temps name="def"><temp name="T1343"/></temps><temps name="in"><temp name="T18"/><temp name="T378"/></temps><temps name="out"><temp name="T18"/><temp name="T378"/></temps></instruction><instruction code="INCMH T1343, 0"><temps name="use"/><temps name="def"><temp name="T1343"/></temps><temps name="in"><temp name="T18"/><temp name="T378"/></temps><temps name="out"><temp name="T18"/><temp name="T378"/></temps></instruction><instruction code="INCH  T1343, 0"><temps name="use"/><temps name="def"><temp name="T1343"/></temps><temps name="in"><temp name="T18"/><temp name="T378"/></temps><temps name="out"><temp name="T18"/><temp name="T1343"/><temp name="T378"/></temps></instruction><instruction code="NEG T1343, 0, T1343"><temps name="use"><temp name="T1343"/></temps><temps name="def"><temp name="T1343"/></temps><temps name="in"><temp name="T18"/><temp name="T1343"/><temp name="T378"/></temps><temps name="out"><temp name="T18"/><temp name="T1343"/><temp name="T378"/></temps></instruction><instruction code="ADD T1344, T18, T1343"><temps name="use"><temp name="T18"/><temp name="T1343"/></temps><temps name="def"><temp name="T1344"/></temps><temps name="in"><temp name="T18"/><temp name="T1343"/><temp name="T378"/></temps><temps name="out"><temp name="T18"/><temp name="T378"/><temp name="T1344"/></temps></instruction><instruction code="STO T1344, T378, 0"><temps name="use"><temp name="T1344"/><temp name="T378"/></temps><temps name="def"/><temps name="in"><temp name="T18"/><temp name="T378"/><temp name="T1344"/></temps><temps name="out"><temp name="T18"/></temps></instruction><instruction code="L41"><temps name="use"/><temps name="def"/><temps name="in"><temp name="T18"/></temps><temps name="out"><temp name="T18"/></temps></instruction><instruction code="OR T379, T18, 0"><temps name="use"><temp name="T18"/></temps><temps name="def"><temp name="T379"/></temps><temps name="in"><temp name="T18"/></temps><temps name="out"><temp name="T18"/><temp name="T379"/></temps></instruction><instruction code="SETL  T1346, 8"><temps name="use"/><temps name="def"><temp name="T1346"/></temps><temps name="in"><temp name="T18"/><temp name="T379"/></temps><temps name="out"><temp name="T18"/><temp name="T379"/></temps></instruction><instruction code="INCML T1346, 0"><temps name="use"/><temps name="def"><temp name="T1346"/></temps><temps name="in"><temp name="T18"/><temp name="T379"/></temps><temps name="out"><temp name="T18"/><temp name="T379"/></temps></instruction><instruction code="INCMH T1346, 0"><temps name="use"/><temps name="def"><temp name="T1346"/></temps><temps name="in"><temp name="T18"/><temp name="T379"/></temps><temps name="out"><temp name="T18"/><temp name="T379"/></temps></instruction><instruction code="INCH  T1346, 0"><temps name="use"/><temps name="def"><temp name="T1346"/></temps><temps name="in"><temp name="T18"/><temp name="T379"/></temps><temps name="out"><temp name="T18"/><temp name="T1346"/><temp name="T379"/></temps></instruction><instruction code="NEG T1346, 0, T1346"><temps name="use"><temp name="T1346"/></temps><temps name="def"><temp name="T1346"/></temps><temps name="in"><temp name="T18"/><temp name="T1346"/><temp name="T379"/></temps><temps name="out"><temp name="T18"/><temp name="T1346"/><temp name="T379"/></temps></instruction><instruction code="OR T380, T1346, 0"><temps name="use"><temp name="T1346"/></temps><temps name="def"><temp name="T380"/></temps><temps name="in"><temp name="T18"/><temp name="T1346"/><temp name="T379"/></temps><temps name="out"><temp name="T18"/><temp name="T379"/><temp name="T380"/></temps></instruction><instruction code="ADD T1347, T379, T380"><temps name="use"><temp name="T379"/><temp name="T380"/></temps><temps name="def"><temp name="T1347"/></temps><temps name="in"><temp name="T18"/><temp name="T379"/><temp name="T380"/></temps><temps name="out"><temp name="T18"/><temp name="T1347"/></temps></instruction><instruction code="OR T381, T1347, 0"><temps name="use"><temp name="T1347"/></temps><temps name="def"><temp name="T381"/></temps><temps name="in"><temp name="T18"/><temp name="T1347"/></temps><temps name="out"><temp name="T18"/><temp name="T381"/></temps></instruction><instruction code="OR T382, T381, 0"><temps name="use"><temp name="T381"/></temps><temps name="def"><temp name="T382"/></temps><temps name="in"><temp name="T18"/><temp name="T381"/></temps><temps name="out"><temp name="T18"/><temp name="T382"/></temps></instruction><instruction code="OR T383, T18, 0"><temps name="use"><temp name="T18"/></temps><temps name="def"><temp name="T383"/></temps><temps name="in"><temp name="T18"/><temp name="T382"/></temps><temps name="out"><temp name="T18"/><temp name="T382"/><temp name="T383"/></temps></instruction><instruction code="OR T384, T383, 0"><temps name="use"><temp name="T383"/></temps><temps name="def"><temp name="T384"/></temps><temps name="in"><temp name="T18"/><temp name="T382"/><temp name="T383"/></temps><temps name="out"><temp name="T18"/><temp name="T382"/><temp name="T384"/></temps></instruction><instruction code="SETL  T1350, 16"><temps name="use"/><temps name="def"><temp name="T1350"/></temps><temps name="in"><temp name="T18"/><temp name="T382"/><temp name="T384"/></temps><temps name="out"><temp name="T18"/><temp name="T382"/><temp name="T384"/></temps></instruction><instruction code="INCML T1350, 0"><temps name="use"/><temps name="def"><temp name="T1350"/></temps><temps name="in"><temp name="T18"/><temp name="T382"/><temp name="T384"/></temps><temps name="out"><temp name="T18"/><temp name="T382"/><temp name="T384"/></temps></instruction><instruction code="INCMH T1350, 0"><temps name="use"/><temps name="def"><temp name="T1350"/></temps><temps name="in"><temp name="T18"/><temp name="T382"/><temp name="T384"/></temps><temps name="out"><temp name="T18"/><temp name="T382"/><temp name="T384"/></temps></instruction><instruction code="INCH  T1350, 0"><temps name="use"/><temps name="def"><temp name="T1350"/></temps><temps name="in"><temp name="T18"/><temp name="T382"/><temp name="T384"/></temps><temps name="out"><temp name="T1350"/><temp name="T18"/><temp name="T382"/><temp name="T384"/></temps></instruction><instruction code="OR T385, T1350, 0"><temps name="use"><temp name="T1350"/></temps><temps name="def"><temp name="T385"/></temps><temps name="in"><temp name="T1350"/><temp name="T18"/><temp name="T382"/><temp name="T384"/></temps><temps name="out"><temp name="T18"/><temp name="T382"/><temp name="T384"/><temp name="T385"/></temps></instruction><instruction code="ADD T1351, T384, T385"><temps name="use"><temp name="T384"/><temp name="T385"/></temps><temps name="def"><temp name="T1351"/></temps><temps name="in"><temp name="T18"/><temp name="T382"/><temp name="T384"/><temp name="T385"/></temps><temps name="out"><temp name="T18"/><temp name="T382"/><temp name="T1351"/></temps></instruction><instruction code="OR T386, T1351, 0"><temps name="use"><temp name="T1351"/></temps><temps name="def"><temp name="T386"/></temps><temps name="in"><temp name="T18"/><temp name="T382"/><temp name="T1351"/></temps><temps name="out"><temp name="T18"/><temp name="T382"/><temp name="T386"/></temps></instruction><instruction code="OR T387, T386, 0"><temps name="use"><temp name="T386"/></temps><temps name="def"><temp name="T387"/></temps><temps name="in"><temp name="T18"/><temp name="T382"/><temp name="T386"/></temps><temps name="out"><temp name="T18"/><temp name="T382"/><temp name="T387"/></temps></instruction><instruction code="CMP T1353, T382, T387"><temps name="use"><temp name="T382"/><temp name="T387"/></temps><temps name="def"><temp name="T1353"/></temps><temps name="in"><temp name="T18"/><temp name="T382"/><temp name="T387"/></temps><temps name="out"><temp name="T18"/><temp name="T1353"/></temps></instruction><instruction code="ZSNP T1353, T1353, 1"><temps name="use"><temp name="T1353"/></temps><temps name="def"><temp name="T1353"/></temps><temps name="in"><temp name="T18"/><temp name="T1353"/></temps><temps name="out"><temp name="T18"/><temp name="T1353"/></temps></instruction><instruction code="OR T388, T1353, 0"><temps name="use"><temp name="T1353"/></temps><temps name="def"><temp name="T388"/></temps><temps name="in"><temp name="T18"/><temp name="T1353"/></temps><temps name="out"><temp name="T18"/><temp name="T388"/></temps></instruction><instruction code="BNZ T388, L42"><temps name="use"><temp name="T388"/></temps><temps name="def"/><temps name="in"><temp name="T18"/><temp name="T388"/></temps><temps name="out"><temp name="T18"/></temps></instruction><instruction code="L125"><temps name="use"/><temps name="def"/><temps name="in"><temp name="T18"/></temps><temps name="out"><temp name="T18"/></temps></instruction><instruction code="LDA T1354, L43"><temps name="use"/><temps name="def"><temp name="T1354"/></temps><temps name="in"><temp name="T18"/></temps><temps name="out"><temp name="T18"/><temp name="T1354"/></temps></instruction><instruction code="GO T1354, T1354, 0"><temps name="use"><temp name="T1354"/></temps><temps name="def"><temp name="T1354"/></temps><temps name="in"><temp name="T18"/><temp name="T1354"/></temps><temps name="out"><temp name="T18"/></temps></instruction><instruction code="L42"><temps name="use"/><temps name="def"/><temps name="in"><temp name="T18"/></temps><temps name="out"><temp name="T18"/></temps></instruction><instruction code="OR T389, T18, 0"><temps name="use"><temp name="T18"/></temps><temps name="def"><temp name="T389"/></temps><temps name="in"><temp name="T18"/></temps><temps name="out"><temp name="T18"/><temp name="T389"/></temps></instruction><instruction code="SETL  T1355, 8"><temps name="use"/><temps name="def"><temp name="T1355"/></temps><temps name="in"><temp name="T18"/><temp name="T389"/></temps><temps name="out"><temp name="T18"/><temp name="T389"/></temps></instruction><instruction code="INCML T1355, 0"><temps name="use"/><temps name="def"><temp name="T1355"/></temps><temps name="in"><temp name="T18"/><temp name="T389"/></temps><temps name="out"><temp name="T18"/><temp name="T389"/></temps></instruction><instruction code="INCMH T1355, 0"><temps name="use"/><temps name="def"><temp name="T1355"/></temps><temps name="in"><temp name="T18"/><temp name="T389"/></temps><temps name="out"><temp name="T18"/><temp name="T389"/></temps></instruction><instruction code="INCH  T1355, 0"><temps name="use"/><temps name="def"><temp name="T1355"/></temps><temps name="in"><temp name="T18"/><temp name="T389"/></temps><temps name="out"><temp name="T18"/><temp name="T1355"/><temp name="T389"/></temps></instruction><instruction code="NEG T1355, 0, T1355"><temps name="use"><temp name="T1355"/></temps><temps name="def"><temp name="T1355"/></temps><temps name="in"><temp name="T18"/><temp name="T1355"/><temp name="T389"/></temps><temps name="out"><temp name="T18"/><temp name="T1355"/><temp name="T389"/></temps></instruction><instruction code="OR T390, T1355, 0"><temps name="use"><temp name="T1355"/></temps><temps name="def"><temp name="T390"/></temps><temps name="in"><temp name="T18"/><temp name="T1355"/><temp name="T389"/></temps><temps name="out"><temp name="T18"/><temp name="T389"/><temp name="T390"/></temps></instruction><instruction code="ADD T1356, T389, T390"><temps name="use"><temp name="T389"/><temp name="T390"/></temps><temps name="def"><temp name="T1356"/></temps><temps name="in"><temp name="T18"/><temp name="T389"/><temp name="T390"/></temps><temps name="out"><temp name="T18"/><temp name="T1356"/></temps></instruction><instruction code="OR T391, T1356, 0"><temps name="use"><temp name="T1356"/></temps><temps name="def"><temp name="T391"/></temps><temps name="in"><temp name="T18"/><temp name="T1356"/></temps><temps name="out"><temp name="T18"/><temp name="T391"/></temps></instruction><instruction code="OR T392, T391, 0"><temps name="use"><temp name="T391"/></temps><temps name="def"><temp name="T392"/></temps><temps name="in"><temp name="T18"/><temp name="T391"/></temps><temps name="out"><temp name="T18"/><temp name="T392"/></temps></instruction><instruction code="SETL  T1359, 800"><temps name="use"/><temps name="def"><temp name="T1359"/></temps><temps name="in"><temp name="T18"/><temp name="T392"/></temps><temps name="out"><temp name="T18"/><temp name="T392"/></temps></instruction><instruction code="INCML T1359, 0"><temps name="use"/><temps name="def"><temp name="T1359"/></temps><temps name="in"><temp name="T18"/><temp name="T392"/></temps><temps name="out"><temp name="T18"/><temp name="T392"/></temps></instruction><instruction code="INCMH T1359, 0"><temps name="use"/><temps name="def"><temp name="T1359"/></temps><temps name="in"><temp name="T18"/><temp name="T392"/></temps><temps name="out"><temp name="T18"/><temp name="T392"/></temps></instruction><instruction code="INCH  T1359, 0"><temps name="use"/><temps name="def"><temp name="T1359"/></temps><temps name="in"><temp name="T18"/><temp name="T392"/></temps><temps name="out"><temp name="T1359"/><temp name="T18"/><temp name="T392"/></temps></instruction><instruction code="NEG T1359, 0, T1359"><temps name="use"><temp name="T1359"/></temps><temps name="def"><temp name="T1359"/></temps><temps name="in"><temp name="T1359"/><temp name="T18"/><temp name="T392"/></temps><temps name="out"><temp name="T18"/><temp name="T1359"/><temp name="T392"/></temps></instruction><instruction code="ADD T1360, T18, T1359"><temps name="use"><temp name="T18"/><temp name="T1359"/></temps><temps name="def"><temp name="T1360"/></temps><temps name="in"><temp name="T18"/><temp name="T1359"/><temp name="T392"/></temps><temps name="out"><temp name="T18"/><temp name="T392"/><temp name="T1360"/></temps></instruction><instruction code="SETL  T1361, 8"><temps name="use"/><temps name="def"><temp name="T1361"/></temps><temps name="in"><temp name="T18"/><temp name="T392"/><temp name="T1360"/></temps><temps name="out"><temp name="T18"/><temp name="T392"/><temp name="T1360"/></temps></instruction><instruction code="INCML T1361, 0"><temps name="use"/><temps name="def"><temp name="T1361"/></temps><temps name="in"><temp name="T18"/><temp name="T392"/><temp name="T1360"/></temps><temps name="out"><temp name="T18"/><temp name="T392"/><temp name="T1360"/></temps></instruction><instruction code="INCMH T1361, 0"><temps name="use"/><temps name="def"><temp name="T1361"/></temps><temps name="in"><temp name="T18"/><temp name="T392"/><temp name="T1360"/></temps><temps name="out"><temp name="T18"/><temp name="T392"/><temp name="T1360"/></temps></instruction><instruction code="INCH  T1361, 0"><temps name="use"/><temps name="def"><temp name="T1361"/></temps><temps name="in"><temp name="T18"/><temp name="T392"/><temp name="T1360"/></temps><temps name="out"><temp name="T18"/><temp name="T392"/><temp name="T1361"/><temp name="T1360"/></temps></instruction><instruction code="ADD T1362, T18, T1361"><temps name="use"><temp name="T18"/><temp name="T1361"/></temps><temps name="def"><temp name="T1362"/></temps><temps name="in"><temp name="T18"/><temp name="T392"/><temp name="T1361"/><temp name="T1360"/></temps><temps name="out"><temp name="T18"/><temp name="T392"/><temp name="T1362"/><temp name="T1360"/></temps></instruction><instruction code="SETL  T1364, 8"><temps name="use"/><temps name="def"><temp name="T1364"/></temps><temps name="in"><temp name="T18"/><temp name="T392"/><temp name="T1362"/><temp name="T1360"/></temps><temps name="out"><temp name="T18"/><temp name="T392"/><temp name="T1362"/><temp name="T1360"/></temps></instruction><instruction code="INCML T1364, 0"><temps name="use"/><temps name="def"><temp name="T1364"/></temps><temps name="in"><temp name="T18"/><temp name="T392"/><temp name="T1362"/><temp name="T1360"/></temps><temps name="out"><temp name="T18"/><temp name="T392"/><temp name="T1362"/><temp name="T1360"/></temps></instruction><instruction code="INCMH T1364, 0"><temps name="use"/><temps name="def"><temp name="T1364"/></temps><temps name="in"><temp name="T18"/><temp name="T392"/><temp name="T1362"/><temp name="T1360"/></temps><temps name="out"><temp name="T18"/><temp name="T392"/><temp name="T1362"/><temp name="T1360"/></temps></instruction><instruction code="INCH  T1364, 0"><temps name="use"/><temps name="def"><temp name="T1364"/></temps><temps name="in"><temp name="T18"/><temp name="T392"/><temp name="T1362"/><temp name="T1360"/></temps><temps name="out"><temp name="T18"/><temp name="T392"/><temp name="T1362"/><temp name="T1364"/><temp name="T1360"/></temps></instruction><instruction code="MUL T1365, T1362, T1364"><temps name="use"><temp name="T1362"/><temp name="T1364"/></temps><temps name="def"><temp name="T1365"/></temps><temps name="in"><temp name="T18"/><temp name="T392"/><temp name="T1362"/><temp name="T1364"/><temp name="T1360"/></temps><temps name="out"><temp name="T18"/><temp name="T392"/><temp name="T1365"/><temp name="T1360"/></temps></instruction><instruction code="ADD T1366, T1360, T1365"><temps name="use"><temp name="T1360"/><temp name="T1365"/></temps><temps name="def"><temp name="T1366"/></temps><temps name="in"><temp name="T18"/><temp name="T392"/><temp name="T1365"/><temp name="T1360"/></temps><temps name="out"><temp name="T18"/><temp name="T392"/><temp name="T1366"/></temps></instruction><instruction code="STO T1366, T392, 0"><temps name="use"><temp name="T1366"/><temp name="T392"/></temps><temps name="def"/><temps name="in"><temp name="T18"/><temp name="T392"/><temp name="T1366"/></temps><temps name="out"><temp name="T18"/></temps></instruction><instruction code="OR T393, T18, 0"><temps name="use"><temp name="T18"/></temps><temps name="def"><temp name="T393"/></temps><temps name="in"><temp name="T18"/></temps><temps name="out"><temp name="T393"/><temp name="T18"/></temps></instruction><instruction code="SETL  T1368, 8"><temps name="use"/><temps name="def"><temp name="T1368"/></temps><temps name="in"><temp name="T393"/><temp name="T18"/></temps><temps name="out"><temp name="T393"/><temp name="T18"/></temps></instruction><instruction code="INCML T1368, 0"><temps name="use"/><temps name="def"><temp name="T1368"/></temps><temps name="in"><temp name="T393"/><temp name="T18"/></temps><temps name="out"><temp name="T393"/><temp name="T18"/></temps></instruction><instruction code="INCMH T1368, 0"><temps name="use"/><temps name="def"><temp name="T1368"/></temps><temps name="in"><temp name="T393"/><temp name="T18"/></temps><temps name="out"><temp name="T393"/><temp name="T18"/></temps></instruction><instruction code="INCH  T1368, 0"><temps name="use"/><temps name="def"><temp name="T1368"/></temps><temps name="in"><temp name="T393"/><temp name="T18"/></temps><temps name="out"><temp name="T1368"/><temp name="T393"/><temp name="T18"/></temps></instruction><instruction code="NEG T1368, 0, T1368"><temps name="use"><temp name="T1368"/></temps><temps name="def"><temp name="T1368"/></temps><temps name="in"><temp name="T1368"/><temp name="T393"/><temp name="T18"/></temps><temps name="out"><temp name="T1368"/><temp name="T393"/><temp name="T18"/></temps></instruction><instruction code="OR T394, T1368, 0"><temps name="use"><temp name="T1368"/></temps><temps name="def"><temp name="T394"/></temps><temps name="in"><temp name="T1368"/><temp name="T393"/><temp name="T18"/></temps><temps name="out"><temp name="T393"/><temp name="T18"/><temp name="T394"/></temps></instruction><instruction code="ADD T1369, T393, T394"><temps name="use"><temp name="T393"/><temp name="T394"/></temps><temps name="def"><temp name="T1369"/></temps><temps name="in"><temp name="T393"/><temp name="T18"/><temp name="T394"/></temps><temps name="out"><temp name="T18"/><temp name="T1369"/></temps></instruction><instruction code="OR T395, T1369, 0"><temps name="use"><temp name="T1369"/></temps><temps name="def"><temp name="T395"/></temps><temps name="in"><temp name="T18"/><temp name="T1369"/></temps><temps name="out"><temp name="T18"/><temp name="T395"/></temps></instruction><instruction code="OR T396, T395, 0"><temps name="use"><temp name="T395"/></temps><temps name="def"><temp name="T396"/></temps><temps name="in"><temp name="T18"/><temp name="T395"/></temps><temps name="out"><temp name="T18"/><temp name="T396"/></temps></instruction><instruction code="SETL  T1371, 1"><temps name="use"/><temps name="def"><temp name="T1371"/></temps><temps name="in"><temp name="T18"/><temp name="T396"/></temps><temps name="out"><temp name="T18"/><temp name="T396"/></temps></instruction><instruction code="INCML T1371, 0"><temps name="use"/><temps name="def"><temp name="T1371"/></temps><temps name="in"><temp name="T18"/><temp name="T396"/></temps><temps name="out"><temp name="T18"/><temp name="T396"/></temps></instruction><instruction code="INCMH T1371, 0"><temps name="use"/><temps name="def"><temp name="T1371"/></temps><temps name="in"><temp name="T18"/><temp name="T396"/></temps><temps name="out"><temp name="T18"/><temp name="T396"/></temps></instruction><instruction code="INCH  T1371, 0"><temps name="use"/><temps name="def"><temp name="T1371"/></temps><temps name="in"><temp name="T18"/><temp name="T396"/></temps><temps name="out"><temp name="T18"/><temp name="T396"/><temp name="T1371"/></temps></instruction><instruction code="OR T397, T1371, 0"><temps name="use"><temp name="T1371"/></temps><temps name="def"><temp name="T397"/></temps><temps name="in"><temp name="T18"/><temp name="T396"/><temp name="T1371"/></temps><temps name="out"><temp name="T18"/><temp name="T396"/><temp name="T397"/></temps></instruction><instruction code="ADD T1372, T396, T397"><temps name="use"><temp name="T396"/><temp name="T397"/></temps><temps name="def"><temp name="T1372"/></temps><temps name="in"><temp name="T18"/><temp name="T396"/><temp name="T397"/></temps><temps name="out"><temp name="T18"/><temp name="T1372"/></temps></instruction><instruction code="OR T398, T1372, 0"><temps name="use"><temp name="T1372"/></temps><temps name="def"><temp name="T398"/></temps><temps name="in"><temp name="T18"/><temp name="T1372"/></temps><temps name="out"><temp name="T18"/><temp name="T398"/></temps></instruction><instruction code="SETL  T1373, 8"><temps name="use"/><temps name="def"><temp name="T1373"/></temps><temps name="in"><temp name="T18"/><temp name="T398"/></temps><temps name="out"><temp name="T18"/><temp name="T398"/></temps></instruction><instruction code="INCML T1373, 0"><temps name="use"/><temps name="def"><temp name="T1373"/></temps><temps name="in"><temp name="T18"/><temp name="T398"/></temps><temps name="out"><temp name="T18"/><temp name="T398"/></temps></instruction><instruction code="INCMH T1373, 0"><temps name="use"/><temps name="def"><temp name="T1373"/></temps><temps name="in"><temp name="T18"/><temp name="T398"/></temps><temps name="out"><temp name="T18"/><temp name="T398"/></temps></instruction><instruction code="INCH  T1373, 0"><temps name="use"/><temps name="def"><temp name="T1373"/></temps><temps name="in"><temp name="T18"/><temp name="T398"/></temps><temps name="out"><temp name="T18"/><temp name="T398"/><temp name="T1373"/></temps></instruction><instruction code="NEG T1373, 0, T1373"><temps name="use"><temp name="T1373"/></temps><temps name="def"><temp name="T1373"/></temps><temps name="in"><temp name="T18"/><temp name="T398"/><temp name="T1373"/></temps><temps name="out"><temp name="T18"/><temp name="T398"/><temp name="T1373"/></temps></instruction><instruction code="ADD T1374, T18, T1373"><temps name="use"><temp name="T18"/><temp name="T1373"/></temps><temps name="def"><temp name="T1374"/></temps><temps name="in"><temp name="T18"/><temp name="T398"/><temp name="T1373"/></temps><temps name="out"><temp name="T18"/><temp name="T398"/><temp name="T1374"/></temps></instruction><instruction code="STO T1374, T398, 0"><temps name="use"><temp name="T1374"/><temp name="T398"/></temps><temps name="def"/><temps name="in"><temp name="T18"/><temp name="T398"/><temp name="T1374"/></temps><temps name="out"><temp name="T18"/></temps></instruction><instruction code="OR T399, T18, 0"><temps name="use"><temp name="T18"/></temps><temps name="def"><temp name="T399"/></temps><temps name="in"><temp name="T18"/></temps><temps name="out"><temp name="T18"/><temp name="T399"/></temps></instruction><instruction code="OR T400, T18, 0"><temps name="use"><temp name="T18"/></temps><temps name="def"><temp name="T400"/></temps><temps name="in"><temp name="T18"/><temp name="T399"/></temps><temps name="out"><temp name="T18"/><temp name="T400"/><temp name="T399"/></temps></instruction><instruction code="SETL  T1377, 8"><temps name="use"/><temps name="def"><temp name="T1377"/></temps><temps name="in"><temp name="T18"/><temp name="T400"/><temp name="T399"/></temps><temps name="out"><temp name="T18"/><temp name="T400"/><temp name="T399"/></temps></instruction><instruction code="INCML T1377, 0"><temps name="use"/><temps name="def"><temp name="T1377"/></temps><temps name="in"><temp name="T18"/><temp name="T400"/><temp name="T399"/></temps><temps name="out"><temp name="T18"/><temp name="T400"/><temp name="T399"/></temps></instruction><instruction code="INCMH T1377, 0"><temps name="use"/><temps name="def"><temp name="T1377"/></temps><temps name="in"><temp name="T18"/><temp name="T400"/><temp name="T399"/></temps><temps name="out"><temp name="T18"/><temp name="T400"/><temp name="T399"/></temps></instruction><instruction code="INCH  T1377, 0"><temps name="use"/><temps name="def"><temp name="T1377"/></temps><temps name="in"><temp name="T18"/><temp name="T400"/><temp name="T399"/></temps><temps name="out"><temp name="T18"/><temp name="T1377"/><temp name="T400"/><temp name="T399"/></temps></instruction><instruction code="OR T401, T1377, 0"><temps name="use"><temp name="T1377"/></temps><temps name="def"><temp name="T401"/></temps><temps name="in"><temp name="T18"/><temp name="T1377"/><temp name="T400"/><temp name="T399"/></temps><temps name="out"><temp name="T18"/><temp name="T401"/><temp name="T400"/><temp name="T399"/></temps></instruction><instruction code="ADD T1378, T400, T401"><temps name="use"><temp name="T400"/><temp name="T401"/></temps><temps name="def"><temp name="T1378"/></temps><temps name="in"><temp name="T18"/><temp name="T401"/><temp name="T400"/><temp name="T399"/></temps><temps name="out"><temp name="T18"/><temp name="T399"/><temp name="T1378"/></temps></instruction><instruction code="OR T402, T1378, 0"><temps name="use"><temp name="T1378"/></temps><temps name="def"><temp name="T402"/></temps><temps name="in"><temp name="T18"/><temp name="T399"/><temp name="T1378"/></temps><temps name="out"><temp name="T18"/><temp name="T402"/><temp name="T399"/></temps></instruction><instruction code="OR T403, T402, 0"><temps name="use"><temp name="T402"/></temps><temps name="def"><temp name="T403"/></temps><temps name="in"><temp name="T18"/><temp name="T402"/><temp name="T399"/></temps><temps name="out"><temp name="T18"/><temp name="T403"/><temp name="T399"/></temps></instruction><instruction code="SETL  T1380, 1"><temps name="use"/><temps name="def"><temp name="T1380"/></temps><temps name="in"><temp name="T18"/><temp name="T403"/><temp name="T399"/></temps><temps name="out"><temp name="T18"/><temp name="T403"/><temp name="T399"/></temps></instruction><instruction code="INCML T1380, 0"><temps name="use"/><temps name="def"><temp name="T1380"/></temps><temps name="in"><temp name="T18"/><temp name="T403"/><temp name="T399"/></temps><temps name="out"><temp name="T18"/><temp name="T403"/><temp name="T399"/></temps></instruction><instruction code="INCMH T1380, 0"><temps name="use"/><temps name="def"><temp name="T1380"/></temps><temps name="in"><temp name="T18"/><temp name="T403"/><temp name="T399"/></temps><temps name="out"><temp name="T18"/><temp name="T403"/><temp name="T399"/></temps></instruction><instruction code="INCH  T1380, 0"><temps name="use"/><temps name="def"><temp name="T1380"/></temps><temps name="in"><temp name="T18"/><temp name="T403"/><temp name="T399"/></temps><temps name="out"><temp name="T1380"/><temp name="T18"/><temp name="T403"/><temp name="T399"/></temps></instruction><instruction code="OR T404, T1380, 0"><temps name="use"><temp name="T1380"/></temps><temps name="def"><temp name="T404"/></temps><temps name="in"><temp name="T1380"/><temp name="T18"/><temp name="T403"/><temp name="T399"/></temps><temps name="out"><temp name="T18"/><temp name="T404"/><temp name="T403"/><temp name="T399"/></temps></instruction><instruction code="ADD T1381, T403, T404"><temps name="use"><temp name="T403"/><temp name="T404"/></temps><temps name="def"><temp name="T1381"/></temps><temps name="in"><temp name="T18"/><temp name="T404"/><temp name="T403"/><temp name="T399"/></temps><temps name="out"><temp name="T18"/><temp name="T1381"/><temp name="T399"/></temps></instruction><instruction code="OR T405, T1381, 0"><temps name="use"><temp name="T1381"/></temps><temps name="def"><temp name="T405"/></temps><temps name="in"><temp name="T18"/><temp name="T1381"/><temp name="T399"/></temps><temps name="out"><temp name="T18"/><temp name="T405"/><temp name="T399"/></temps></instruction><instruction code="STO T399, $254, 8"><temps name="use"><temp name="T399"/></temps><temps name="def"/><temps name="in"><temp name="T18"/><temp name="T405"/><temp name="T399"/></temps><temps name="out"><temp name="T18"/><temp name="T405"/></temps></instruction><instruction code="STO T405, $254, 16"><temps name="use"><temp name="T405"/></temps><temps name="def"/><temps name="in"><temp name="T18"/><temp name="T405"/></temps><temps name="out"><temp name="T18"/></temps></instruction><instruction code="LDA T1382, L0"><temps name="use"/><temps name="def"><temp name="T1382"/></temps><temps name="in"><temp name="T18"/></temps><temps name="out"><temp name="T18"/><temp name="T1382"/></temps></instruction><instruction code="PUSHJ $16, T1382, 0"><temps name="use"><temp name="T1382"/></temps><temps name="def"/><temps name="in"><temp name="T18"/><temp name="T1382"/></temps><temps name="out"><temp name="T18"/></temps></instruction><instruction code="LDO T1383, $254, 0"><temps name="use"/><temps name="def"><temp name="T1383"/></temps><temps name="in"><temp name="T18"/></temps><temps name="out"><temp name="T18"/><temp name="T1383"/></temps></instruction><instruction code="OR T406, T1383, 0"><temps name="use"><temp name="T1383"/></temps><temps name="def"><temp name="T406"/></temps><temps name="in"><temp name="T18"/><temp name="T1383"/></temps><temps name="out"><temp name="T18"/></temps></instruction><instruction code="LDA T1384, L41"><temps name="use"/><temps name="def"><temp name="T1384"/></temps><temps name="in"><temp name="T18"/></temps><temps name="out"><temp name="T18"/><temp name="T1384"/></temps></instruction><instruction code="GO T1384, T1384, 0"><temps name="use"><temp name="T1384"/></temps><temps name="def"><temp name="T1384"/></temps><temps name="in"><temp name="T18"/><temp name="T1384"/></temps><temps name="out"><temp name="T18"/></temps></instruction><instruction code="L43"><temps name="use"/><temps name="def"/><temps name="in"/><temps name="out"/></instruction><instruction code="L46"><temps name="use"/><temps name="def"/><temps name="in"/><temps name="out"/></instruction><instruction code="SETL  T1385, 0"><temps name="use"/><temps name="def"><temp name="T1385"/></temps><temps name="in"/><temps name="out"/></instruction><instruction code="INCML T1385, 0"><temps name="use"/><temps name="def"><temp name="T1385"/></temps><temps name="in"/><temps name="out"/></instruction><instruction code="INCMH T1385, 0"><temps name="use"/><temps name="def"><temp name="T1385"/></temps><temps name="in"/><temps name="out"/></instruction><instruction code="INCH  T1385, 0"><temps name="use"/><temps name="def"><temp name="T1385"/></temps><temps name="in"/><temps name="out"><temp name="T1385"/></temps></instruction><instruction code="OR T407, T1385, 0"><temps name="use"><temp name="T1385"/></temps><temps name="def"><temp name="T407"/></temps><temps name="in"><temp name="T1385"/></temps><temps name="out"><temp name="T407"/></temps></instruction><instruction code="OR T19, T407, 0"><temps name="use"><temp name="T407"/></temps><temps name="def"><temp name="T19"/></temps><temps name="in"><temp name="T407"/></temps><temps name="out"/></instruction><instruction code="LDA T1386, L127"><temps name="use"/><temps name="def"><temp name="T1386"/></temps><temps name="in"/><temps name="out"><temp name="T1386"/></temps></instruction><instruction code="GO T1386, T1386, 0"><temps name="use"><temp name="T1386"/></temps><temps name="def"><temp name="T1386"/></temps><temps name="in"><temp name="T1386"/></temps><temps name="out"/></instruction></instructions></code><code entrylabel="L129" exitlabel="L130" tempsize="0"><frame FP="T16" RV="T17" argssize="16" depth="1" label="_combs" locssize="808" size="840"/><instructions><instruction code="L129"><temps name="use"/><temps name="def"/><temps name="in"><temp name="T16"/></temps><temps name="out"><temp name="T16"/></temps></instruction><instruction code="SETL  T1387, 0"><temps name="use"/><temps name="def"><temp name="T1387"/></temps><temps name="in"><temp name="T16"/></temps><temps name="out"><temp name="T16"/></temps></instruction><instruction code="INCML T1387, 0"><temps name="use"/><temps name="def"><temp name="T1387"/></temps><temps name="in"><temp name="T16"/></temps><temps name="out"><temp name="T16"/></temps></instruction><instruction code="INCMH T1387, 0"><temps name="use"/><temps name="def"><temp name="T1387"/></temps><temps name="in"><temp name="T16"/></temps><temps name="out"><temp name="T16"/></temps></instruction><instruction code="INCH  T1387, 0"><temps name="use"/><temps name="def"><temp name="T1387"/></temps><temps name="in"><temp name="T16"/></temps><temps name="out"><temp name="T1387"/><temp name="T16"/></temps></instruction><instruction code="OR T408, T1387, 0"><temps name="use"><temp name="T1387"/></temps><temps name="def"><temp name="T408"/></temps><temps name="in"><temp name="T1387"/><temp name="T16"/></temps><temps name="out"><temp name="T16"/><temp name="T408"/></temps></instruction><instruction code="SETL  T1388, 808"><temps name="use"/><temps name="def"><temp name="T1388"/></temps><temps name="in"><temp name="T16"/><temp name="T408"/></temps><temps name="out"><temp name="T16"/><temp name="T408"/></temps></instruction><instruction code="INCML T1388, 0"><temps name="use"/><temps name="def"><temp name="T1388"/></temps><temps name="in"><temp name="T16"/><temp name="T408"/></temps><temps name="out"><temp name="T16"/><temp name="T408"/></temps></instruction><instruction code="INCMH T1388, 0"><temps name="use"/><temps name="def"><temp name="T1388"/></temps><temps name="in"><temp name="T16"/><temp name="T408"/></temps><temps name="out"><temp name="T16"/><temp name="T408"/></temps></instruction><instruction code="INCH  T1388, 0"><temps name="use"/><temps name="def"><temp name="T1388"/></temps><temps name="in"><temp name="T16"/><temp name="T408"/></temps><temps name="out"><temp name="T1388"/><temp name="T16"/><temp name="T408"/></temps></instruction><instruction code="NEG T1388, 0, T1388"><temps name="use"><temp name="T1388"/></temps><temps name="def"><temp name="T1388"/></temps><temps name="in"><temp name="T1388"/><temp name="T16"/><temp name="T408"/></temps><temps name="out"><temp name="T1388"/><temp name="T16"/><temp name="T408"/></temps></instruction><instruction code="ADD T1389, T16, T1388"><temps name="use"><temp name="T16"/><temp name="T1388"/></temps><temps name="def"><temp name="T1389"/></temps><temps name="in"><temp name="T1388"/><temp name="T16"/><temp name="T408"/></temps><temps name="out"><temp name="T1389"/><temp name="T16"/><temp name="T408"/></temps></instruction><instruction code="STO T1389, T408, 0"><temps name="use"><temp name="T1389"/><temp name="T408"/></temps><temps name="def"/><temps name="in"><temp name="T1389"/><temp name="T16"/><temp name="T408"/></temps><temps name="out"><temp name="T16"/></temps></instruction><instruction code="L47"><temps name="use"/><temps name="def"/><temps name="in"><temp name="T16"/></temps><temps name="out"><temp name="T16"/></temps></instruction><instruction code="OR T409, T16, 0"><temps name="use"><temp name="T16"/></temps><temps name="def"><temp name="T409"/></temps><temps name="in"><temp name="T16"/></temps><temps name="out"><temp name="T409"/><temp name="T16"/></temps></instruction><instruction code="SETL  T1391, 808"><temps name="use"/><temps name="def"><temp name="T1391"/></temps><temps name="in"><temp name="T409"/><temp name="T16"/></temps><temps name="out"><temp name="T409"/><temp name="T16"/></temps></instruction><instruction code="INCML T1391, 0"><temps name="use"/><temps name="def"><temp name="T1391"/></temps><temps name="in"><temp name="T409"/><temp name="T16"/></temps><temps name="out"><temp name="T409"/><temp name="T16"/></temps></instruction><instruction code="INCMH T1391, 0"><temps name="use"/><temps name="def"><temp name="T1391"/></temps><temps name="in"><temp name="T409"/><temp name="T16"/></temps><temps name="out"><temp name="T409"/><temp name="T16"/></temps></instruction><instruction code="INCH  T1391, 0"><temps name="use"/><temps name="def"><temp name="T1391"/></temps><temps name="in"><temp name="T409"/><temp name="T16"/></temps><temps name="out"><temp name="T409"/><temp name="T1391"/><temp name="T16"/></temps></instruction><instruction code="NEG T1391, 0, T1391"><temps name="use"><temp name="T1391"/></temps><temps name="def"><temp name="T1391"/></temps><temps name="in"><temp name="T409"/><temp name="T1391"/><temp name="T16"/></temps><temps name="out"><temp name="T409"/><temp name="T1391"/><temp name="T16"/></temps></instruction><instruction code="OR T410, T1391, 0"><temps name="use"><temp name="T1391"/></temps><temps name="def"><temp name="T410"/></temps><temps name="in"><temp name="T409"/><temp name="T1391"/><temp name="T16"/></temps><temps name="out"><temp name="T410"/><temp name="T409"/><temp name="T16"/></temps></instruction><instruction code="ADD T1392, T409, T410"><temps name="use"><temp name="T409"/><temp name="T410"/></temps><temps name="def"><temp name="T1392"/></temps><temps name="in"><temp name="T410"/><temp name="T409"/><temp name="T16"/></temps><temps name="out"><temp name="T1392"/><temp name="T16"/></temps></instruction><instruction code="OR T411, T1392, 0"><temps name="use"><temp name="T1392"/></temps><temps name="def"><temp name="T411"/></temps><temps name="in"><temp name="T1392"/><temp name="T16"/></temps><temps name="out"><temp name="T411"/><temp name="T16"/></temps></instruction><instruction code="OR T412, T411, 0"><temps name="use"><temp name="T411"/></temps><temps name="def"><temp name="T412"/></temps><temps name="in"><temp name="T411"/><temp name="T16"/></temps><temps name="out"><temp name="T412"/><temp name="T16"/></temps></instruction><instruction code="SETL  T1394, 100"><temps name="use"/><temps name="def"><temp name="T1394"/></temps><temps name="in"><temp name="T412"/><temp name="T16"/></temps><temps name="out"><temp name="T412"/><temp name="T16"/></temps></instruction><instruction code="INCML T1394, 0"><temps name="use"/><temps name="def"><temp name="T1394"/></temps><temps name="in"><temp name="T412"/><temp name="T16"/></temps><temps name="out"><temp name="T412"/><temp name="T16"/></temps></instruction><instruction code="INCMH T1394, 0"><temps name="use"/><temps name="def"><temp name="T1394"/></temps><temps name="in"><temp name="T412"/><temp name="T16"/></temps><temps name="out"><temp name="T412"/><temp name="T16"/></temps></instruction><instruction code="INCH  T1394, 0"><temps name="use"/><temps name="def"><temp name="T1394"/></temps><temps name="in"><temp name="T412"/><temp name="T16"/></temps><temps name="out"><temp name="T412"/><temp name="T1394"/><temp name="T16"/></temps></instruction><instruction code="OR T413, T1394, 0"><temps name="use"><temp name="T1394"/></temps><temps name="def"><temp name="T413"/></temps><temps name="in"><temp name="T412"/><temp name="T1394"/><temp name="T16"/></temps><temps name="out"><temp name="T412"/><temp name="T16"/><temp name="T413"/></temps></instruction><instruction code="CMP T1395, T412, T413"><temps name="use"><temp name="T412"/><temp name="T413"/></temps><temps name="def"><temp name="T1395"/></temps><temps name="in"><temp name="T412"/><temp name="T16"/><temp name="T413"/></temps><temps name="out"><temp name="T1395"/><temp name="T16"/></temps></instruction><instruction code="ZSN T1395, T1395, 1"><temps name="use"><temp name="T1395"/></temps><temps name="def"><temp name="T1395"/></temps><temps name="in"><temp name="T1395"/><temp name="T16"/></temps><temps name="out"><temp name="T1395"/><temp name="T16"/></temps></instruction><instruction code="OR T414, T1395, 0"><temps name="use"><temp name="T1395"/></temps><temps name="def"><temp name="T414"/></temps><temps name="in"><temp name="T1395"/><temp name="T16"/></temps><temps name="out"><temp name="T16"/><temp name="T414"/></temps></instruction><instruction code="BNZ T414, L48"><temps name="use"><temp name="T414"/></temps><temps name="def"/><temps name="in"><temp name="T16"/><temp name="T414"/></temps><temps name="out"><temp name="T16"/></temps></instruction><instruction code="L128"><temps name="use"/><temps name="def"/><temps name="in"><temp name="T16"/></temps><temps name="out"><temp name="T16"/></temps></instruction><instruction code="LDA T1396, L49"><temps name="use"/><temps name="def"><temp name="T1396"/></temps><temps name="in"><temp name="T16"/></temps><temps name="out"><temp name="T1396"/><temp name="T16"/></temps></instruction><instruction code="GO T1396, T1396, 0"><temps name="use"><temp name="T1396"/></temps><temps name="def"><temp name="T1396"/></temps><temps name="in"><temp name="T1396"/><temp name="T16"/></temps><temps name="out"><temp name="T16"/></temps></instruction><instruction code="L48"><temps name="use"/><temps name="def"/><temps name="in"><temp name="T16"/></temps><temps name="out"><temp name="T16"/></temps></instruction><instruction code="SETL  T1397, 0"><temps name="use"/><temps name="def"><temp name="T1397"/></temps><temps name="in"><temp name="T16"/></temps><temps name="out"><temp name="T16"/></temps></instruction><instruction code="INCML T1397, 0"><temps name="use"/><temps name="def"><temp name="T1397"/></temps><temps name="in"><temp name="T16"/></temps><temps name="out"><temp name="T16"/></temps></instruction><instruction code="INCMH T1397, 0"><temps name="use"/><temps name="def"><temp name="T1397"/></temps><temps name="in"><temp name="T16"/></temps><temps name="out"><temp name="T16"/></temps></instruction><instruction code="INCH  T1397, 0"><temps name="use"/><temps name="def"><temp name="T1397"/></temps><temps name="in"><temp name="T16"/></temps><temps name="out"><temp name="T1397"/><temp name="T16"/></temps></instruction><instruction code="OR T415, T1397, 0"><temps name="use"><temp name="T1397"/></temps><temps name="def"><temp name="T415"/></temps><temps name="in"><temp name="T1397"/><temp name="T16"/></temps><temps name="out"><temp name="T415"/><temp name="T16"/></temps></instruction><instruction code="SETL  T1398, 800"><temps name="use"/><temps name="def"><temp name="T1398"/></temps><temps name="in"><temp name="T415"/><temp name="T16"/></temps><temps name="out"><temp name="T415"/><temp name="T16"/></temps></instruction><instruction code="INCML T1398, 0"><temps name="use"/><temps name="def"><temp name="T1398"/></temps><temps name="in"><temp name="T415"/><temp name="T16"/></temps><temps name="out"><temp name="T415"/><temp name="T16"/></temps></instruction><instruction code="INCMH T1398, 0"><temps name="use"/><temps name="def"><temp name="T1398"/></temps><temps name="in"><temp name="T415"/><temp name="T16"/></temps><temps name="out"><temp name="T415"/><temp name="T16"/></temps></instruction><instruction code="INCH  T1398, 0"><temps name="use"/><temps name="def"><temp name="T1398"/></temps><temps name="in"><temp name="T415"/><temp name="T16"/></temps><temps name="out"><temp name="T415"/><temp name="T1398"/><temp name="T16"/></temps></instruction><instruction code="NEG T1398, 0, T1398"><temps name="use"><temp name="T1398"/></temps><temps name="def"><temp name="T1398"/></temps><temps name="in"><temp name="T415"/><temp name="T1398"/><temp name="T16"/></temps><temps name="out"><temp name="T415"/><temp name="T1398"/><temp name="T16"/></temps></instruction><instruction code="ADD T1399, T16, T1398"><temps name="use"><temp name="T16"/><temp name="T1398"/></temps><temps name="def"><temp name="T1399"/></temps><temps name="in"><temp name="T415"/><temp name="T1398"/><temp name="T16"/></temps><temps name="out"><temp name="T1399"/><temp name="T415"/><temp name="T16"/></temps></instruction><instruction code="SETL  T1400, 808"><temps name="use"/><temps name="def"><temp name="T1400"/></temps><temps name="in"><temp name="T1399"/><temp name="T415"/><temp name="T16"/></temps><temps name="out"><temp name="T1399"/><temp name="T415"/><temp name="T16"/></temps></instruction><instruction code="INCML T1400, 0"><temps name="use"/><temps name="def"><temp name="T1400"/></temps><temps name="in"><temp name="T1399"/><temp name="T415"/><temp name="T16"/></temps><temps name="out"><temp name="T1399"/><temp name="T415"/><temp name="T16"/></temps></instruction><instruction code="INCMH T1400, 0"><temps name="use"/><temps name="def"><temp name="T1400"/></temps><temps name="in"><temp name="T1399"/><temp name="T415"/><temp name="T16"/></temps><temps name="out"><temp name="T1399"/><temp name="T415"/><temp name="T16"/></temps></instruction><instruction code="INCH  T1400, 0"><temps name="use"/><temps name="def"><temp name="T1400"/></temps><temps name="in"><temp name="T1399"/><temp name="T415"/><temp name="T16"/></temps><temps name="out"><temp name="T1399"/><temp name="T415"/><temp name="T1400"/><temp name="T16"/></temps></instruction><instruction code="NEG T1400, 0, T1400"><temps name="use"><temp name="T1400"/></temps><temps name="def"><temp name="T1400"/></temps><temps name="in"><temp name="T1399"/><temp name="T415"/><temp name="T1400"/><temp name="T16"/></temps><temps name="out"><temp name="T1399"/><temp name="T415"/><temp name="T16"/><temp name="T1400"/></temps></instruction><instruction code="ADD T1401, T16, T1400"><temps name="use"><temp name="T16"/><temp name="T1400"/></temps><temps name="def"><temp name="T1401"/></temps><temps name="in"><temp name="T1399"/><temp name="T415"/><temp name="T16"/><temp name="T1400"/></temps><temps name="out"><temp name="T1399"/><temp name="T1401"/><temp name="T415"/><temp name="T16"/></temps></instruction><instruction code="SETL  T1403, 8"><temps name="use"/><temps name="def"><temp name="T1403"/></temps><temps name="in"><temp name="T1399"/><temp name="T1401"/><temp name="T415"/><temp name="T16"/></temps><temps name="out"><temp name="T1399"/><temp name="T1401"/><temp name="T415"/><temp name="T16"/></temps></instruction><instruction code="INCML T1403, 0"><temps name="use"/><temps name="def"><temp name="T1403"/></temps><temps name="in"><temp name="T1399"/><temp name="T1401"/><temp name="T415"/><temp name="T16"/></temps><temps name="out"><temp name="T1399"/><temp name="T1401"/><temp name="T415"/><temp name="T16"/></temps></instruction><instruction code="INCMH T1403, 0"><temps name="use"/><temps name="def"><temp name="T1403"/></temps><temps name="in"><temp name="T1399"/><temp name="T1401"/><temp name="T415"/><temp name="T16"/></temps><temps name="out"><temp name="T1399"/><temp name="T1401"/><temp name="T415"/><temp name="T16"/></temps></instruction><instruction code="INCH  T1403, 0"><temps name="use"/><temps name="def"><temp name="T1403"/></temps><temps name="in"><temp name="T1399"/><temp name="T1401"/><temp name="T415"/><temp name="T16"/></temps><temps name="out"><temp name="T1399"/><temp name="T1401"/><temp name="T415"/><temp name="T16"/><temp name="T1403"/></temps></instruction><instruction code="MUL T1404, T1401, T1403"><temps name="use"><temp name="T1401"/><temp name="T1403"/></temps><temps name="def"><temp name="T1404"/></temps><temps name="in"><temp name="T1399"/><temp name="T1401"/><temp name="T415"/><temp name="T16"/><temp name="T1403"/></temps><temps name="out"><temp name="T1399"/><temp name="T1404"/><temp name="T415"/><temp name="T16"/></temps></instruction><instruction code="ADD T1405, T1399, T1404"><temps name="use"><temp name="T1399"/><temp name="T1404"/></temps><temps name="def"><temp name="T1405"/></temps><temps name="in"><temp name="T1399"/><temp name="T1404"/><temp name="T415"/><temp name="T16"/></temps><temps name="out"><temp name="T1405"/><temp name="T415"/><temp name="T16"/></temps></instruction><instruction code="STO T1405, T415, 0"><temps name="use"><temp name="T1405"/><temp name="T415"/></temps><temps name="def"/><temps name="in"><temp name="T1405"/><temp name="T415"/><temp name="T16"/></temps><temps name="out"><temp name="T16"/></temps></instruction><instruction code="OR T416, T16, 0"><temps name="use"><temp name="T16"/></temps><temps name="def"><temp name="T416"/></temps><temps name="in"><temp name="T16"/></temps><temps name="out"><temp name="T416"/><temp name="T16"/></temps></instruction><instruction code="SETL  T1407, 808"><temps name="use"/><temps name="def"><temp name="T1407"/></temps><temps name="in"><temp name="T416"/><temp name="T16"/></temps><temps name="out"><temp name="T416"/><temp name="T16"/></temps></instruction><instruction code="INCML T1407, 0"><temps name="use"/><temps name="def"><temp name="T1407"/></temps><temps name="in"><temp name="T416"/><temp name="T16"/></temps><temps name="out"><temp name="T416"/><temp name="T16"/></temps></instruction><instruction code="INCMH T1407, 0"><temps name="use"/><temps name="def"><temp name="T1407"/></temps><temps name="in"><temp name="T416"/><temp name="T16"/></temps><temps name="out"><temp name="T416"/><temp name="T16"/></temps></instruction><instruction code="INCH  T1407, 0"><temps name="use"/><temps name="def"><temp name="T1407"/></temps><temps name="in"><temp name="T416"/><temp name="T16"/></temps><temps name="out"><temp name="T1407"/><temp name="T416"/><temp name="T16"/></temps></instruction><instruction code="NEG T1407, 0, T1407"><temps name="use"><temp name="T1407"/></temps><temps name="def"><temp name="T1407"/></temps><temps name="in"><temp name="T1407"/><temp name="T416"/><temp name="T16"/></temps><temps name="out"><temp name="T1407"/><temp name="T416"/><temp name="T16"/></temps></instruction><instruction code="OR T417, T1407, 0"><temps name="use"><temp name="T1407"/></temps><temps name="def"><temp name="T417"/></temps><temps name="in"><temp name="T1407"/><temp name="T416"/><temp name="T16"/></temps><temps name="out"><temp name="T417"/><temp name="T416"/><temp name="T16"/></temps></instruction><instruction code="ADD T1408, T416, T417"><temps name="use"><temp name="T416"/><temp name="T417"/></temps><temps name="def"><temp name="T1408"/></temps><temps name="in"><temp name="T417"/><temp name="T416"/><temp name="T16"/></temps><temps name="out"><temp name="T16"/><temp name="T1408"/></temps></instruction><instruction code="OR T418, T1408, 0"><temps name="use"><temp name="T1408"/></temps><temps name="def"><temp name="T418"/></temps><temps name="in"><temp name="T16"/><temp name="T1408"/></temps><temps name="out"><temp name="T16"/><temp name="T418"/></temps></instruction><instruction code="OR T419, T418, 0"><temps name="use"><temp name="T418"/></temps><temps name="def"><temp name="T419"/></temps><temps name="in"><temp name="T16"/><temp name="T418"/></temps><temps name="out"><temp name="T419"/><temp name="T16"/></temps></instruction><instruction code="SETL  T1410, 1"><temps name="use"/><temps name="def"><temp name="T1410"/></temps><temps name="in"><temp name="T419"/><temp name="T16"/></temps><temps name="out"><temp name="T419"/><temp name="T16"/></temps></instruction><instruction code="INCML T1410, 0"><temps name="use"/><temps name="def"><temp name="T1410"/></temps><temps name="in"><temp name="T419"/><temp name="T16"/></temps><temps name="out"><temp name="T419"/><temp name="T16"/></temps></instruction><instruction code="INCMH T1410, 0"><temps name="use"/><temps name="def"><temp name="T1410"/></temps><temps name="in"><temp name="T419"/><temp name="T16"/></temps><temps name="out"><temp name="T419"/><temp name="T16"/></temps></instruction><instruction code="INCH  T1410, 0"><temps name="use"/><temps name="def"><temp name="T1410"/></temps><temps name="in"><temp name="T419"/><temp name="T16"/></temps><temps name="out"><temp name="T419"/><temp name="T1410"/><temp name="T16"/></temps></instruction><instruction code="OR T420, T1410, 0"><temps name="use"><temp name="T1410"/></temps><temps name="def"><temp name="T420"/></temps><temps name="in"><temp name="T419"/><temp name="T1410"/><temp name="T16"/></temps><temps name="out"><temp name="T419"/><temp name="T420"/><temp name="T16"/></temps></instruction><instruction code="ADD T1411, T419, T420"><temps name="use"><temp name="T419"/><temp name="T420"/></temps><temps name="def"><temp name="T1411"/></temps><temps name="in"><temp name="T419"/><temp name="T420"/><temp name="T16"/></temps><temps name="out"><temp name="T1411"/><temp name="T16"/></temps></instruction><instruction code="OR T421, T1411, 0"><temps name="use"><temp name="T1411"/></temps><temps name="def"><temp name="T421"/></temps><temps name="in"><temp name="T1411"/><temp name="T16"/></temps><temps name="out"><temp name="T421"/><temp name="T16"/></temps></instruction><instruction code="SETL  T1412, 808"><temps name="use"/><temps name="def"><temp name="T1412"/></temps><temps name="in"><temp name="T421"/><temp name="T16"/></temps><temps name="out"><temp name="T421"/><temp name="T16"/></temps></instruction><instruction code="INCML T1412, 0"><temps name="use"/><temps name="def"><temp name="T1412"/></temps><temps name="in"><temp name="T421"/><temp name="T16"/></temps><temps name="out"><temp name="T421"/><temp name="T16"/></temps></instruction><instruction code="INCMH T1412, 0"><temps name="use"/><temps name="def"><temp name="T1412"/></temps><temps name="in"><temp name="T421"/><temp name="T16"/></temps><temps name="out"><temp name="T421"/><temp name="T16"/></temps></instruction><instruction code="INCH  T1412, 0"><temps name="use"/><temps name="def"><temp name="T1412"/></temps><temps name="in"><temp name="T421"/><temp name="T16"/></temps><temps name="out"><temp name="T421"/><temp name="T1412"/><temp name="T16"/></temps></instruction><instruction code="NEG T1412, 0, T1412"><temps name="use"><temp name="T1412"/></temps><temps name="def"><temp name="T1412"/></temps><temps name="in"><temp name="T421"/><temp name="T1412"/><temp name="T16"/></temps><temps name="out"><temp name="T421"/><temp name="T1412"/><temp name="T16"/></temps></instruction><instruction code="ADD T1413, T16, T1412"><temps name="use"><temp name="T16"/><temp name="T1412"/></temps><temps name="def"><temp name="T1413"/></temps><temps name="in"><temp name="T421"/><temp name="T1412"/><temp name="T16"/></temps><temps name="out"><temp name="T421"/><temp name="T1413"/><temp name="T16"/></temps></instruction><instruction code="STO T1413, T421, 0"><temps name="use"><temp name="T1413"/><temp name="T421"/></temps><temps name="def"/><temps name="in"><temp name="T421"/><temp name="T1413"/><temp name="T16"/></temps><temps name="out"><temp name="T16"/></temps></instruction><instruction code="LDA T1415, L47"><temps name="use"/><temps name="def"><temp name="T1415"/></temps><temps name="in"><temp name="T16"/></temps><temps name="out"><temp name="T1415"/><temp name="T16"/></temps></instruction><instruction code="GO T1415, T1415, 0"><temps name="use"><temp name="T1415"/></temps><temps name="def"><temp name="T1415"/></temps><temps name="in"><temp name="T1415"/><temp name="T16"/></temps><temps name="out"><temp name="T16"/></temps></instruction><instruction code="L49"><temps name="use"/><temps name="def"/><temps name="in"><temp name="T16"/></temps><temps name="out"><temp name="T16"/></temps></instruction><instruction code="OR T422, T16, 0"><temps name="use"><temp name="T16"/></temps><temps name="def"><temp name="T422"/></temps><temps name="in"><temp name="T16"/></temps><temps name="out"><temp name="T422"/></temps></instruction><instruction code="SETL  T1416, 0"><temps name="use"/><temps name="def"><temp name="T1416"/></temps><temps name="in"><temp name="T422"/></temps><temps name="out"><temp name="T422"/></temps></instruction><instruction code="INCML T1416, 0"><temps name="use"/><temps name="def"><temp name="T1416"/></temps><temps name="in"><temp name="T422"/></temps><temps name="out"><temp name="T422"/></temps></instruction><instruction code="INCMH T1416, 0"><temps name="use"/><temps name="def"><temp name="T1416"/></temps><temps name="in"><temp name="T422"/></temps><temps name="out"><temp name="T422"/></temps></instruction><instruction code="INCH  T1416, 0"><temps name="use"/><temps name="def"><temp name="T1416"/></temps><temps name="in"><temp name="T422"/></temps><temps name="out"><temp name="T1416"/><temp name="T422"/></temps></instruction><instruction code="OR T423, T1416, 0"><temps name="use"><temp name="T1416"/></temps><temps name="def"><temp name="T423"/></temps><temps name="in"><temp name="T1416"/><temp name="T422"/></temps><temps name="out"><temp name="T423"/><temp name="T422"/></temps></instruction><instruction code="STO T422, $254, 8"><temps name="use"><temp name="T422"/></temps><temps name="def"/><temps name="in"><temp name="T423"/><temp name="T422"/></temps><temps name="out"><temp name="T423"/></temps></instruction><instruction code="STO T423, $254, 16"><temps name="use"><temp name="T423"/></temps><temps name="def"/><temps name="in"><temp name="T423"/></temps><temps name="out"/></instruction><instruction code="LDA T1417, L0"><temps name="use"/><temps name="def"><temp name="T1417"/></temps><temps name="in"/><temps name="out"><temp name="T1417"/></temps></instruction><instruction code="PUSHJ $16, T1417, 0"><temps name="use"><temp name="T1417"/></temps><temps name="def"/><temps name="in"><temp name="T1417"/></temps><temps name="out"/></instruction><instruction code="LDO T1418, $254, 0"><temps name="use"/><temps name="def"><temp name="T1418"/></temps><temps name="in"/><temps name="out"><temp name="T1418"/></temps></instruction><instruction code="OR T424, T1418, 0"><temps name="use"><temp name="T1418"/></temps><temps name="def"><temp name="T424"/></temps><temps name="in"><temp name="T1418"/></temps><temps name="out"/></instruction><instruction code="SETL  T1419, 0"><temps name="use"/><temps name="def"><temp name="T1419"/></temps><temps name="in"/><temps name="out"/></instruction><instruction code="INCML T1419, 0"><temps name="use"/><temps name="def"><temp name="T1419"/></temps><temps name="in"/><temps name="out"/></instruction><instruction code="INCMH T1419, 0"><temps name="use"/><temps name="def"><temp name="T1419"/></temps><temps name="in"/><temps name="out"/></instruction><instruction code="INCH  T1419, 0"><temps name="use"/><temps name="def"><temp name="T1419"/></temps><temps name="in"/><temps name="out"><temp name="T1419"/></temps></instruction><instruction code="OR T425, T1419, 0"><temps name="use"><temp name="T1419"/></temps><temps name="def"><temp name="T425"/></temps><temps name="in"><temp name="T1419"/></temps><temps name="out"><temp name="T425"/></temps></instruction><instruction code="OR T17, T425, 0"><temps name="use"><temp name="T425"/></temps><temps name="def"><temp name="T17"/></temps><temps name="in"><temp name="T425"/></temps><temps name="out"/></instruction><instruction code="LDA T1420, L130"><temps name="use"/><temps name="def"><temp name="T1420"/></temps><temps name="in"/><temps name="out"><temp name="T1420"/></temps></instruction><instruction code="GO T1420, T1420, 0"><temps name="use"><temp name="T1420"/></temps><temps name="def"><temp name="T1420"/></temps><temps name="in"><temp name="T1420"/></temps><temps name="out"/></instruction></instructions></code><code entrylabel="L135" exitlabel="L136" tempsize="0"><frame FP="T22" RV="T23" argssize="0" depth="2" label="L1" locssize="96" size="112"/><instructions><instruction code="L135"><temps name="use"/><temps name="def"/><temps name="in"><temp name="T22"/></temps><temps name="out"><temp name="T22"/></temps></instruction><instruction code="SETL  T1421, 1"><temps name="use"/><temps name="def"><temp name="T1421"/></temps><temps name="in"><temp name="T22"/></temps><temps name="out"><temp name="T22"/></temps></instruction><instruction code="INCML T1421, 0"><temps name="use"/><temps name="def"><temp name="T1421"/></temps><temps name="in"><temp name="T22"/></temps><temps name="out"><temp name="T22"/></temps></instruction><instruction code="INCMH T1421, 0"><temps name="use"/><temps name="def"><temp name="T1421"/></temps><temps name="in"><temp name="T22"/></temps><temps name="out"><temp name="T22"/></temps></instruction><instruction code="INCH  T1421, 0"><temps name="use"/><temps name="def"><temp name="T1421"/></temps><temps name="in"><temp name="T22"/></temps><temps name="out"><temp name="T1421"/><temp name="T22"/></temps></instruction><instruction code="OR T426, T1421, 0"><temps name="use"><temp name="T1421"/></temps><temps name="def"><temp name="T426"/></temps><temps name="in"><temp name="T1421"/><temp name="T22"/></temps><temps name="out"><temp name="T22"/><temp name="T426"/></temps></instruction><instruction code="SETL  T1422, 96"><temps name="use"/><temps name="def"><temp name="T1422"/></temps><temps name="in"><temp name="T22"/><temp name="T426"/></temps><temps name="out"><temp name="T22"/><temp name="T426"/></temps></instruction><instruction code="INCML T1422, 0"><temps name="use"/><temps name="def"><temp name="T1422"/></temps><temps name="in"><temp name="T22"/><temp name="T426"/></temps><temps name="out"><temp name="T22"/><temp name="T426"/></temps></instruction><instruction code="INCMH T1422, 0"><temps name="use"/><temps name="def"><temp name="T1422"/></temps><temps name="in"><temp name="T22"/><temp name="T426"/></temps><temps name="out"><temp name="T22"/><temp name="T426"/></temps></instruction><instruction code="INCH  T1422, 0"><temps name="use"/><temps name="def"><temp name="T1422"/></temps><temps name="in"><temp name="T22"/><temp name="T426"/></temps><temps name="out"><temp name="T1422"/><temp name="T22"/><temp name="T426"/></temps></instruction><instruction code="NEG T1422, 0, T1422"><temps name="use"><temp name="T1422"/></temps><temps name="def"><temp name="T1422"/></temps><temps name="in"><temp name="T1422"/><temp name="T22"/><temp name="T426"/></temps><temps name="out"><temp name="T1422"/><temp name="T22"/><temp name="T426"/></temps></instruction><instruction code="ADD T1423, T22, T1422"><temps name="use"><temp name="T22"/><temp name="T1422"/></temps><temps name="def"><temp name="T1423"/></temps><temps name="in"><temp name="T1422"/><temp name="T22"/><temp name="T426"/></temps><temps name="out"><temp name="T1423"/><temp name="T22"/><temp name="T426"/></temps></instruction><instruction code="STO T1423, T426, 0"><temps name="use"><temp name="T1423"/><temp name="T426"/></temps><temps name="def"/><temps name="in"><temp name="T1423"/><temp name="T22"/><temp name="T426"/></temps><temps name="out"><temp name="T22"/></temps></instruction><instruction code="SETL  T1425, 1"><temps name="use"/><temps name="def"><temp name="T1425"/></temps><temps name="in"><temp name="T22"/></temps><temps name="out"><temp name="T22"/></temps></instruction><instruction code="INCML T1425, 0"><temps name="use"/><temps name="def"><temp name="T1425"/></temps><temps name="in"><temp name="T22"/></temps><temps name="out"><temp name="T22"/></temps></instruction><instruction code="INCMH T1425, 0"><temps name="use"/><temps name="def"><temp name="T1425"/></temps><temps name="in"><temp name="T22"/></temps><temps name="out"><temp name="T22"/></temps></instruction><instruction code="INCH  T1425, 0"><temps name="use"/><temps name="def"><temp name="T1425"/></temps><temps name="in"><temp name="T22"/></temps><temps name="out"><temp name="T1425"/><temp name="T22"/></temps></instruction><instruction code="OR T427, T1425, 0"><temps name="use"><temp name="T1425"/></temps><temps name="def"><temp name="T427"/></temps><temps name="in"><temp name="T1425"/><temp name="T22"/></temps><temps name="out"><temp name="T427"/><temp name="T22"/></temps></instruction><instruction code="SETL  T1426, 88"><temps name="use"/><temps name="def"><temp name="T1426"/></temps><temps name="in"><temp name="T427"/><temp name="T22"/></temps><temps name="out"><temp name="T427"/><temp name="T22"/></temps></instruction><instruction code="INCML T1426, 0"><temps name="use"/><temps name="def"><temp name="T1426"/></temps><temps name="in"><temp name="T427"/><temp name="T22"/></temps><temps name="out"><temp name="T427"/><temp name="T22"/></temps></instruction><instruction code="INCMH T1426, 0"><temps name="use"/><temps name="def"><temp name="T1426"/></temps><temps name="in"><temp name="T427"/><temp name="T22"/></temps><temps name="out"><temp name="T427"/><temp name="T22"/></temps></instruction><instruction code="INCH  T1426, 0"><temps name="use"/><temps name="def"><temp name="T1426"/></temps><temps name="in"><temp name="T427"/><temp name="T22"/></temps><temps name="out"><temp name="T427"/><temp name="T22"/><temp name="T1426"/></temps></instruction><instruction code="NEG T1426, 0, T1426"><temps name="use"><temp name="T1426"/></temps><temps name="def"><temp name="T1426"/></temps><temps name="in"><temp name="T427"/><temp name="T22"/><temp name="T1426"/></temps><temps name="out"><temp name="T427"/><temp name="T22"/><temp name="T1426"/></temps></instruction><instruction code="ADD T1427, T22, T1426"><temps name="use"><temp name="T22"/><temp name="T1426"/></temps><temps name="def"><temp name="T1427"/></temps><temps name="in"><temp name="T427"/><temp name="T22"/><temp name="T1426"/></temps><temps name="out"><temp name="T427"/><temp name="T22"/><temp name="T1427"/></temps></instruction><instruction code="STO T1427, T427, 0"><temps name="use"><temp name="T1427"/><temp name="T427"/></temps><temps name="def"/><temps name="in"><temp name="T427"/><temp name="T22"/><temp name="T1427"/></temps><temps name="out"><temp name="T22"/></temps></instruction><instruction code="L50"><temps name="use"/><temps name="def"/><temps name="in"><temp name="T22"/></temps><temps name="out"><temp name="T22"/></temps></instruction><instruction code="OR T428, T22, 0"><temps name="use"><temp name="T22"/></temps><temps name="def"><temp name="T428"/></temps><temps name="in"><temp name="T22"/></temps><temps name="out"><temp name="T428"/><temp name="T22"/></temps></instruction><instruction code="SETL  T1429, 88"><temps name="use"/><temps name="def"><temp name="T1429"/></temps><temps name="in"><temp name="T428"/><temp name="T22"/></temps><temps name="out"><temp name="T428"/><temp name="T22"/></temps></instruction><instruction code="INCML T1429, 0"><temps name="use"/><temps name="def"><temp name="T1429"/></temps><temps name="in"><temp name="T428"/><temp name="T22"/></temps><temps name="out"><temp name="T428"/><temp name="T22"/></temps></instruction><instruction code="INCMH T1429, 0"><temps name="use"/><temps name="def"><temp name="T1429"/></temps><temps name="in"><temp name="T428"/><temp name="T22"/></temps><temps name="out"><temp name="T428"/><temp name="T22"/></temps></instruction><instruction code="INCH  T1429, 0"><temps name="use"/><temps name="def"><temp name="T1429"/></temps><temps name="in"><temp name="T428"/><temp name="T22"/></temps><temps name="out"><temp name="T1429"/><temp name="T428"/><temp name="T22"/></temps></instruction><instruction code="NEG T1429, 0, T1429"><temps name="use"><temp name="T1429"/></temps><temps name="def"><temp name="T1429"/></temps><temps name="in"><temp name="T1429"/><temp name="T428"/><temp name="T22"/></temps><temps name="out"><temp name="T1429"/><temp name="T428"/><temp name="T22"/></temps></instruction><instruction code="OR T429, T1429, 0"><temps name="use"><temp name="T1429"/></temps><temps name="def"><temp name="T429"/></temps><temps name="in"><temp name="T1429"/><temp name="T428"/><temp name="T22"/></temps><temps name="out"><temp name="T428"/><temp name="T429"/><temp name="T22"/></temps></instruction><instruction code="ADD T1430, T428, T429"><temps name="use"><temp name="T428"/><temp name="T429"/></temps><temps name="def"><temp name="T1430"/></temps><temps name="in"><temp name="T428"/><temp name="T429"/><temp name="T22"/></temps><temps name="out"><temp name="T1430"/><temp name="T22"/></temps></instruction><instruction code="OR T430, T1430, 0"><temps name="use"><temp name="T1430"/></temps><temps name="def"><temp name="T430"/></temps><temps name="in"><temp name="T1430"/><temp name="T22"/></temps><temps name="out"><temp name="T430"/><temp name="T22"/></temps></instruction><instruction code="OR T431, T430, 0"><temps name="use"><temp name="T430"/></temps><temps name="def"><temp name="T431"/></temps><temps name="in"><temp name="T430"/><temp name="T22"/></temps><temps name="out"><temp name="T22"/><temp name="T431"/></temps></instruction><instruction code="SETL  T1432, 9"><temps name="use"/><temps name="def"><temp name="T1432"/></temps><temps name="in"><temp name="T22"/><temp name="T431"/></temps><temps name="out"><temp name="T22"/><temp name="T431"/></temps></instruction><instruction code="INCML T1432, 0"><temps name="use"/><temps name="def"><temp name="T1432"/></temps><temps name="in"><temp name="T22"/><temp name="T431"/></temps><temps name="out"><temp name="T22"/><temp name="T431"/></temps></instruction><instruction code="INCMH T1432, 0"><temps name="use"/><temps name="def"><temp name="T1432"/></temps><temps name="in"><temp name="T22"/><temp name="T431"/></temps><temps name="out"><temp name="T22"/><temp name="T431"/></temps></instruction><instruction code="INCH  T1432, 0"><temps name="use"/><temps name="def"><temp name="T1432"/></temps><temps name="in"><temp name="T22"/><temp name="T431"/></temps><temps name="out"><temp name="T1432"/><temp name="T22"/><temp name="T431"/></temps></instruction><instruction code="OR T432, T1432, 0"><temps name="use"><temp name="T1432"/></temps><temps name="def"><temp name="T432"/></temps><temps name="in"><temp name="T1432"/><temp name="T22"/><temp name="T431"/></temps><temps name="out"><temp name="T432"/><temp name="T22"/><temp name="T431"/></temps></instruction><instruction code="CMP T1433, T431, T432"><temps name="use"><temp name="T431"/><temp name="T432"/></temps><temps name="def"><temp name="T1433"/></temps><temps name="in"><temp name="T432"/><temp name="T22"/><temp name="T431"/></temps><temps name="out"><temp name="T1433"/><temp name="T22"/></temps></instruction><instruction code="ZSNP T1433, T1433, 1"><temps name="use"><temp name="T1433"/></temps><temps name="def"><temp name="T1433"/></temps><temps name="in"><temp name="T1433"/><temp name="T22"/></temps><temps name="out"><temp name="T1433"/><temp name="T22"/></temps></instruction><instruction code="OR T433, T1433, 0"><temps name="use"><temp name="T1433"/></temps><temps name="def"><temp name="T433"/></temps><temps name="in"><temp name="T1433"/><temp name="T22"/></temps><temps name="out"><temp name="T433"/><temp name="T22"/></temps></instruction><instruction code="BNZ T433, L51"><temps name="use"><temp name="T433"/></temps><temps name="def"/><temps name="in"><temp name="T433"/><temp name="T22"/></temps><temps name="out"><temp name="T22"/></temps></instruction><instruction code="L131"><temps name="use"/><temps name="def"/><temps name="in"><temp name="T22"/></temps><temps name="out"><temp name="T22"/></temps></instruction><instruction code="LDA T1434, L52"><temps name="use"/><temps name="def"><temp name="T1434"/></temps><temps name="in"><temp name="T22"/></temps><temps name="out"><temp name="T1434"/><temp name="T22"/></temps></instruction><instruction code="GO T1434, T1434, 0"><temps name="use"><temp name="T1434"/></temps><temps name="def"><temp name="T1434"/></temps><temps name="in"><temp name="T1434"/><temp name="T22"/></temps><temps name="out"><temp name="T22"/></temps></instruction><instruction code="L51"><temps name="use"/><temps name="def"/><temps name="in"><temp name="T22"/></temps><temps name="out"><temp name="T22"/></temps></instruction><instruction code="SETL  T1435, 0"><temps name="use"/><temps name="def"><temp name="T1435"/></temps><temps name="in"><temp name="T22"/></temps><temps name="out"><temp name="T22"/></temps></instruction><instruction code="INCML T1435, 0"><temps name="use"/><temps name="def"><temp name="T1435"/></temps><temps name="in"><temp name="T22"/></temps><temps name="out"><temp name="T22"/></temps></instruction><instruction code="INCMH T1435, 0"><temps name="use"/><temps name="def"><temp name="T1435"/></temps><temps name="in"><temp name="T22"/></temps><temps name="out"><temp name="T22"/></temps></instruction><instruction code="INCH  T1435, 0"><temps name="use"/><temps name="def"><temp name="T1435"/></temps><temps name="in"><temp name="T22"/></temps><temps name="out"><temp name="T1435"/><temp name="T22"/></temps></instruction><instruction code="OR T434, T1435, 0"><temps name="use"><temp name="T1435"/></temps><temps name="def"><temp name="T434"/></temps><temps name="in"><temp name="T1435"/><temp name="T22"/></temps><temps name="out"><temp name="T434"/><temp name="T22"/></temps></instruction><instruction code="SETL  T1436, 80"><temps name="use"/><temps name="def"><temp name="T1436"/></temps><temps name="in"><temp name="T434"/><temp name="T22"/></temps><temps name="out"><temp name="T434"/><temp name="T22"/></temps></instruction><instruction code="INCML T1436, 0"><temps name="use"/><temps name="def"><temp name="T1436"/></temps><temps name="in"><temp name="T434"/><temp name="T22"/></temps><temps name="out"><temp name="T434"/><temp name="T22"/></temps></instruction><instruction code="INCMH T1436, 0"><temps name="use"/><temps name="def"><temp name="T1436"/></temps><temps name="in"><temp name="T434"/><temp name="T22"/></temps><temps name="out"><temp name="T434"/><temp name="T22"/></temps></instruction><instruction code="INCH  T1436, 0"><temps name="use"/><temps name="def"><temp name="T1436"/></temps><temps name="in"><temp name="T434"/><temp name="T22"/></temps><temps name="out"><temp name="T434"/><temp name="T1436"/><temp name="T22"/></temps></instruction><instruction code="NEG T1436, 0, T1436"><temps name="use"><temp name="T1436"/></temps><temps name="def"><temp name="T1436"/></temps><temps name="in"><temp name="T434"/><temp name="T1436"/><temp name="T22"/></temps><temps name="out"><temp name="T434"/><temp name="T1436"/><temp name="T22"/></temps></instruction><instruction code="ADD T1437, T22, T1436"><temps name="use"><temp name="T22"/><temp name="T1436"/></temps><temps name="def"><temp name="T1437"/></temps><temps name="in"><temp name="T434"/><temp name="T1436"/><temp name="T22"/></temps><temps name="out"><temp name="T1437"/><temp name="T434"/><temp name="T22"/></temps></instruction><instruction code="SETL  T1438, 88"><temps name="use"/><temps name="def"><temp name="T1438"/></temps><temps name="in"><temp name="T1437"/><temp name="T434"/><temp name="T22"/></temps><temps name="out"><temp name="T1437"/><temp name="T434"/><temp name="T22"/></temps></instruction><instruction code="INCML T1438, 0"><temps name="use"/><temps name="def"><temp name="T1438"/></temps><temps name="in"><temp name="T1437"/><temp name="T434"/><temp name="T22"/></temps><temps name="out"><temp name="T1437"/><temp name="T434"/><temp name="T22"/></temps></instruction><instruction code="INCMH T1438, 0"><temps name="use"/><temps name="def"><temp name="T1438"/></temps><temps name="in"><temp name="T1437"/><temp name="T434"/><temp name="T22"/></temps><temps name="out"><temp name="T1437"/><temp name="T434"/><temp name="T22"/></temps></instruction><instruction code="INCH  T1438, 0"><temps name="use"/><temps name="def"><temp name="T1438"/></temps><temps name="in"><temp name="T1437"/><temp name="T434"/><temp name="T22"/></temps><temps name="out"><temp name="T1437"/><temp name="T434"/><temp name="T1438"/><temp name="T22"/></temps></instruction><instruction code="NEG T1438, 0, T1438"><temps name="use"><temp name="T1438"/></temps><temps name="def"><temp name="T1438"/></temps><temps name="in"><temp name="T1437"/><temp name="T434"/><temp name="T1438"/><temp name="T22"/></temps><temps name="out"><temp name="T1437"/><temp name="T434"/><temp name="T1438"/><temp name="T22"/></temps></instruction><instruction code="ADD T1439, T22, T1438"><temps name="use"><temp name="T22"/><temp name="T1438"/></temps><temps name="def"><temp name="T1439"/></temps><temps name="in"><temp name="T1437"/><temp name="T434"/><temp name="T1438"/><temp name="T22"/></temps><temps name="out"><temp name="T1439"/><temp name="T1437"/><temp name="T434"/><temp name="T22"/></temps></instruction><instruction code="SETL  T1441, 8"><temps name="use"/><temps name="def"><temp name="T1441"/></temps><temps name="in"><temp name="T1439"/><temp name="T1437"/><temp name="T434"/><temp name="T22"/></temps><temps name="out"><temp name="T1439"/><temp name="T1437"/><temp name="T434"/><temp name="T22"/></temps></instruction><instruction code="INCML T1441, 0"><temps name="use"/><temps name="def"><temp name="T1441"/></temps><temps name="in"><temp name="T1439"/><temp name="T1437"/><temp name="T434"/><temp name="T22"/></temps><temps name="out"><temp name="T1439"/><temp name="T1437"/><temp name="T434"/><temp name="T22"/></temps></instruction><instruction code="INCMH T1441, 0"><temps name="use"/><temps name="def"><temp name="T1441"/></temps><temps name="in"><temp name="T1439"/><temp name="T1437"/><temp name="T434"/><temp name="T22"/></temps><temps name="out"><temp name="T1439"/><temp name="T1437"/><temp name="T434"/><temp name="T22"/></temps></instruction><instruction code="INCH  T1441, 0"><temps name="use"/><temps name="def"><temp name="T1441"/></temps><temps name="in"><temp name="T1439"/><temp name="T1437"/><temp name="T434"/><temp name="T22"/></temps><temps name="out"><temp name="T1439"/><temp name="T1437"/><temp name="T1441"/><temp name="T434"/><temp name="T22"/></temps></instruction><instruction code="MUL T1442, T1439, T1441"><temps name="use"><temp name="T1439"/><temp name="T1441"/></temps><temps name="def"><temp name="T1442"/></temps><temps name="in"><temp name="T1439"/><temp name="T1437"/><temp name="T1441"/><temp name="T434"/><temp name="T22"/></temps><temps name="out"><temp name="T1437"/><temp name="T434"/><temp name="T1442"/><temp name="T22"/></temps></instruction><instruction code="ADD T1443, T1437, T1442"><temps name="use"><temp name="T1437"/><temp name="T1442"/></temps><temps name="def"><temp name="T1443"/></temps><temps name="in"><temp name="T1437"/><temp name="T434"/><temp name="T1442"/><temp name="T22"/></temps><temps name="out"><temp name="T434"/><temp name="T1443"/><temp name="T22"/></temps></instruction><instruction code="STO T1443, T434, 0"><temps name="use"><temp name="T1443"/><temp name="T434"/></temps><temps name="def"/><temps name="in"><temp name="T434"/><temp name="T1443"/><temp name="T22"/></temps><temps name="out"><temp name="T22"/></temps></instruction><instruction code="OR T435, T22, 0"><temps name="use"><temp name="T22"/></temps><temps name="def"><temp name="T435"/></temps><temps name="in"><temp name="T22"/></temps><temps name="out"><temp name="T435"/><temp name="T22"/></temps></instruction><instruction code="SETL  T1445, 88"><temps name="use"/><temps name="def"><temp name="T1445"/></temps><temps name="in"><temp name="T435"/><temp name="T22"/></temps><temps name="out"><temp name="T435"/><temp name="T22"/></temps></instruction><instruction code="INCML T1445, 0"><temps name="use"/><temps name="def"><temp name="T1445"/></temps><temps name="in"><temp name="T435"/><temp name="T22"/></temps><temps name="out"><temp name="T435"/><temp name="T22"/></temps></instruction><instruction code="INCMH T1445, 0"><temps name="use"/><temps name="def"><temp name="T1445"/></temps><temps name="in"><temp name="T435"/><temp name="T22"/></temps><temps name="out"><temp name="T435"/><temp name="T22"/></temps></instruction><instruction code="INCH  T1445, 0"><temps name="use"/><temps name="def"><temp name="T1445"/></temps><temps name="in"><temp name="T435"/><temp name="T22"/></temps><temps name="out"><temp name="T435"/><temp name="T1445"/><temp name="T22"/></temps></instruction><instruction code="NEG T1445, 0, T1445"><temps name="use"><temp name="T1445"/></temps><temps name="def"><temp name="T1445"/></temps><temps name="in"><temp name="T435"/><temp name="T1445"/><temp name="T22"/></temps><temps name="out"><temp name="T435"/><temp name="T1445"/><temp name="T22"/></temps></instruction><instruction code="OR T436, T1445, 0"><temps name="use"><temp name="T1445"/></temps><temps name="def"><temp name="T436"/></temps><temps name="in"><temp name="T435"/><temp name="T1445"/><temp name="T22"/></temps><temps name="out"><temp name="T435"/><temp name="T22"/><temp name="T436"/></temps></instruction><instruction code="ADD T1446, T435, T436"><temps name="use"><temp name="T435"/><temp name="T436"/></temps><temps name="def"><temp name="T1446"/></temps><temps name="in"><temp name="T435"/><temp name="T22"/><temp name="T436"/></temps><temps name="out"><temp name="T1446"/><temp name="T22"/></temps></instruction><instruction code="OR T437, T1446, 0"><temps name="use"><temp name="T1446"/></temps><temps name="def"><temp name="T437"/></temps><temps name="in"><temp name="T1446"/><temp name="T22"/></temps><temps name="out"><temp name="T437"/><temp name="T22"/></temps></instruction><instruction code="OR T438, T437, 0"><temps name="use"><temp name="T437"/></temps><temps name="def"><temp name="T438"/></temps><temps name="in"><temp name="T437"/><temp name="T22"/></temps><temps name="out"><temp name="T438"/><temp name="T22"/></temps></instruction><instruction code="SETL  T1448, 1"><temps name="use"/><temps name="def"><temp name="T1448"/></temps><temps name="in"><temp name="T438"/><temp name="T22"/></temps><temps name="out"><temp name="T438"/><temp name="T22"/></temps></instruction><instruction code="INCML T1448, 0"><temps name="use"/><temps name="def"><temp name="T1448"/></temps><temps name="in"><temp name="T438"/><temp name="T22"/></temps><temps name="out"><temp name="T438"/><temp name="T22"/></temps></instruction><instruction code="INCMH T1448, 0"><temps name="use"/><temps name="def"><temp name="T1448"/></temps><temps name="in"><temp name="T438"/><temp name="T22"/></temps><temps name="out"><temp name="T438"/><temp name="T22"/></temps></instruction><instruction code="INCH  T1448, 0"><temps name="use"/><temps name="def"><temp name="T1448"/></temps><temps name="in"><temp name="T438"/><temp name="T22"/></temps><temps name="out"><temp name="T1448"/><temp name="T438"/><temp name="T22"/></temps></instruction><instruction code="OR T439, T1448, 0"><temps name="use"><temp name="T1448"/></temps><temps name="def"><temp name="T439"/></temps><temps name="in"><temp name="T1448"/><temp name="T438"/><temp name="T22"/></temps><temps name="out"><temp name="T439"/><temp name="T438"/><temp name="T22"/></temps></instruction><instruction code="ADD T1449, T438, T439"><temps name="use"><temp name="T438"/><temp name="T439"/></temps><temps name="def"><temp name="T1449"/></temps><temps name="in"><temp name="T439"/><temp name="T438"/><temp name="T22"/></temps><temps name="out"><temp name="T1449"/><temp name="T22"/></temps></instruction><instruction code="OR T440, T1449, 0"><temps name="use"><temp name="T1449"/></temps><temps name="def"><temp name="T440"/></temps><temps name="in"><temp name="T1449"/><temp name="T22"/></temps><temps name="out"><temp name="T22"/><temp name="T440"/></temps></instruction><instruction code="SETL  T1450, 88"><temps name="use"/><temps name="def"><temp name="T1450"/></temps><temps name="in"><temp name="T22"/><temp name="T440"/></temps><temps name="out"><temp name="T22"/><temp name="T440"/></temps></instruction><instruction code="INCML T1450, 0"><temps name="use"/><temps name="def"><temp name="T1450"/></temps><temps name="in"><temp name="T22"/><temp name="T440"/></temps><temps name="out"><temp name="T22"/><temp name="T440"/></temps></instruction><instruction code="INCMH T1450, 0"><temps name="use"/><temps name="def"><temp name="T1450"/></temps><temps name="in"><temp name="T22"/><temp name="T440"/></temps><temps name="out"><temp name="T22"/><temp name="T440"/></temps></instruction><instruction code="INCH  T1450, 0"><temps name="use"/><temps name="def"><temp name="T1450"/></temps><temps name="in"><temp name="T22"/><temp name="T440"/></temps><temps name="out"><temp name="T1450"/><temp name="T22"/><temp name="T440"/></temps></instruction><instruction code="NEG T1450, 0, T1450"><temps name="use"><temp name="T1450"/></temps><temps name="def"><temp name="T1450"/></temps><temps name="in"><temp name="T1450"/><temp name="T22"/><temp name="T440"/></temps><temps name="out"><temp name="T1450"/><temp name="T22"/><temp name="T440"/></temps></instruction><instruction code="ADD T1451, T22, T1450"><temps name="use"><temp name="T22"/><temp name="T1450"/></temps><temps name="def"><temp name="T1451"/></temps><temps name="in"><temp name="T1450"/><temp name="T22"/><temp name="T440"/></temps><temps name="out"><temp name="T1451"/><temp name="T440"/><temp name="T22"/></temps></instruction><instruction code="STO T1451, T440, 0"><temps name="use"><temp name="T1451"/><temp name="T440"/></temps><temps name="def"/><temps name="in"><temp name="T1451"/><temp name="T440"/><temp name="T22"/></temps><temps name="out"><temp name="T22"/></temps></instruction><instruction code="LDA T1453, L50"><temps name="use"/><temps name="def"><temp name="T1453"/></temps><temps name="in"><temp name="T22"/></temps><temps name="out"><temp name="T1453"/><temp name="T22"/></temps></instruction><instruction code="GO T1453, T1453, 0"><temps name="use"><temp name="T1453"/></temps><temps name="def"><temp name="T1453"/></temps><temps name="in"><temp name="T1453"/><temp name="T22"/></temps><temps name="out"><temp name="T22"/></temps></instruction><instruction code="L52"><temps name="use"/><temps name="def"/><temps name="in"><temp name="T22"/></temps><temps name="out"><temp name="T22"/></temps></instruction><instruction code="SETL  T1454, 0"><temps name="use"/><temps name="def"><temp name="T1454"/></temps><temps name="in"><temp name="T22"/></temps><temps name="out"><temp name="T22"/></temps></instruction><instruction code="INCML T1454, 0"><temps name="use"/><temps name="def"><temp name="T1454"/></temps><temps name="in"><temp name="T22"/></temps><temps name="out"><temp name="T22"/></temps></instruction><instruction code="INCMH T1454, 0"><temps name="use"/><temps name="def"><temp name="T1454"/></temps><temps name="in"><temp name="T22"/></temps><temps name="out"><temp name="T22"/></temps></instruction><instruction code="INCH  T1454, 0"><temps name="use"/><temps name="def"><temp name="T1454"/></temps><temps name="in"><temp name="T22"/></temps><temps name="out"><temp name="T1454"/><temp name="T22"/></temps></instruction><instruction code="OR T441, T1454, 0"><temps name="use"><temp name="T1454"/></temps><temps name="def"><temp name="T441"/></temps><temps name="in"><temp name="T1454"/><temp name="T22"/></temps><temps name="out"><temp name="T441"/><temp name="T22"/></temps></instruction><instruction code="SETL  T1455, 88"><temps name="use"/><temps name="def"><temp name="T1455"/></temps><temps name="in"><temp name="T441"/><temp name="T22"/></temps><temps name="out"><temp name="T441"/><temp name="T22"/></temps></instruction><instruction code="INCML T1455, 0"><temps name="use"/><temps name="def"><temp name="T1455"/></temps><temps name="in"><temp name="T441"/><temp name="T22"/></temps><temps name="out"><temp name="T441"/><temp name="T22"/></temps></instruction><instruction code="INCMH T1455, 0"><temps name="use"/><temps name="def"><temp name="T1455"/></temps><temps name="in"><temp name="T441"/><temp name="T22"/></temps><temps name="out"><temp name="T441"/><temp name="T22"/></temps></instruction><instruction code="INCH  T1455, 0"><temps name="use"/><temps name="def"><temp name="T1455"/></temps><temps name="in"><temp name="T441"/><temp name="T22"/></temps><temps name="out"><temp name="T1455"/><temp name="T441"/><temp name="T22"/></temps></instruction><instruction code="NEG T1455, 0, T1455"><temps name="use"><temp name="T1455"/></temps><temps name="def"><temp name="T1455"/></temps><temps name="in"><temp name="T1455"/><temp name="T441"/><temp name="T22"/></temps><temps name="out"><temp name="T1455"/><temp name="T441"/><temp name="T22"/></temps></instruction><instruction code="ADD T1456, T22, T1455"><temps name="use"><temp name="T22"/><temp name="T1455"/></temps><temps name="def"><temp name="T1456"/></temps><temps name="in"><temp name="T1455"/><temp name="T441"/><temp name="T22"/></temps><temps name="out"><temp name="T441"/><temp name="T1456"/><temp name="T22"/></temps></instruction><instruction code="STO T1456, T441, 0"><temps name="use"><temp name="T1456"/><temp name="T441"/></temps><temps name="def"/><temps name="in"><temp name="T441"/><temp name="T1456"/><temp name="T22"/></temps><temps name="out"><temp name="T22"/></temps></instruction><instruction code="L58"><temps name="use"/><temps name="def"/><temps name="in"><temp name="T22"/></temps><temps name="out"><temp name="T22"/></temps></instruction><instruction code="OR T442, T22, 0"><temps name="use"><temp name="T22"/></temps><temps name="def"><temp name="T442"/></temps><temps name="in"><temp name="T22"/></temps><temps name="out"><temp name="T442"/><temp name="T22"/></temps></instruction><instruction code="SETL  T1458, 88"><temps name="use"/><temps name="def"><temp name="T1458"/></temps><temps name="in"><temp name="T442"/><temp name="T22"/></temps><temps name="out"><temp name="T442"/><temp name="T22"/></temps></instruction><instruction code="INCML T1458, 0"><temps name="use"/><temps name="def"><temp name="T1458"/></temps><temps name="in"><temp name="T442"/><temp name="T22"/></temps><temps name="out"><temp name="T442"/><temp name="T22"/></temps></instruction><instruction code="INCMH T1458, 0"><temps name="use"/><temps name="def"><temp name="T1458"/></temps><temps name="in"><temp name="T442"/><temp name="T22"/></temps><temps name="out"><temp name="T442"/><temp name="T22"/></temps></instruction><instruction code="INCH  T1458, 0"><temps name="use"/><temps name="def"><temp name="T1458"/></temps><temps name="in"><temp name="T442"/><temp name="T22"/></temps><temps name="out"><temp name="T442"/><temp name="T22"/><temp name="T1458"/></temps></instruction><instruction code="NEG T1458, 0, T1458"><temps name="use"><temp name="T1458"/></temps><temps name="def"><temp name="T1458"/></temps><temps name="in"><temp name="T442"/><temp name="T22"/><temp name="T1458"/></temps><temps name="out"><temp name="T442"/><temp name="T22"/><temp name="T1458"/></temps></instruction><instruction code="OR T443, T1458, 0"><temps name="use"><temp name="T1458"/></temps><temps name="def"><temp name="T443"/></temps><temps name="in"><temp name="T442"/><temp name="T22"/><temp name="T1458"/></temps><temps name="out"><temp name="T442"/><temp name="T443"/><temp name="T22"/></temps></instruction><instruction code="ADD T1459, T442, T443"><temps name="use"><temp name="T442"/><temp name="T443"/></temps><temps name="def"><temp name="T1459"/></temps><temps name="in"><temp name="T442"/><temp name="T443"/><temp name="T22"/></temps><temps name="out"><temp name="T1459"/><temp name="T22"/></temps></instruction><instruction code="OR T444, T1459, 0"><temps name="use"><temp name="T1459"/></temps><temps name="def"><temp name="T444"/></temps><temps name="in"><temp name="T1459"/><temp name="T22"/></temps><temps name="out"><temp name="T444"/><temp name="T22"/></temps></instruction><instruction code="OR T445, T444, 0"><temps name="use"><temp name="T444"/></temps><temps name="def"><temp name="T445"/></temps><temps name="in"><temp name="T444"/><temp name="T22"/></temps><temps name="out"><temp name="T445"/><temp name="T22"/></temps></instruction><instruction code="SETL  T1461, 9"><temps name="use"/><temps name="def"><temp name="T1461"/></temps><temps name="in"><temp name="T445"/><temp name="T22"/></temps><temps name="out"><temp name="T445"/><temp name="T22"/></temps></instruction><instruction code="INCML T1461, 0"><temps name="use"/><temps name="def"><temp name="T1461"/></temps><temps name="in"><temp name="T445"/><temp name="T22"/></temps><temps name="out"><temp name="T445"/><temp name="T22"/></temps></instruction><instruction code="INCMH T1461, 0"><temps name="use"/><temps name="def"><temp name="T1461"/></temps><temps name="in"><temp name="T445"/><temp name="T22"/></temps><temps name="out"><temp name="T445"/><temp name="T22"/></temps></instruction><instruction code="INCH  T1461, 0"><temps name="use"/><temps name="def"><temp name="T1461"/></temps><temps name="in"><temp name="T445"/><temp name="T22"/></temps><temps name="out"><temp name="T1461"/><temp name="T445"/><temp name="T22"/></temps></instruction><instruction code="OR T446, T1461, 0"><temps name="use"><temp name="T1461"/></temps><temps name="def"><temp name="T446"/></temps><temps name="in"><temp name="T1461"/><temp name="T445"/><temp name="T22"/></temps><temps name="out"><temp name="T446"/><temp name="T445"/><temp name="T22"/></temps></instruction><instruction code="CMP T1462, T445, T446"><temps name="use"><temp name="T445"/><temp name="T446"/></temps><temps name="def"><temp name="T1462"/></temps><temps name="in"><temp name="T446"/><temp name="T445"/><temp name="T22"/></temps><temps name="out"><temp name="T1462"/><temp name="T22"/></temps></instruction><instruction code="ZSN T1462, T1462, 1"><temps name="use"><temp name="T1462"/></temps><temps name="def"><temp name="T1462"/></temps><temps name="in"><temp name="T1462"/><temp name="T22"/></temps><temps name="out"><temp name="T1462"/><temp name="T22"/></temps></instruction><instruction code="OR T447, T1462, 0"><temps name="use"><temp name="T1462"/></temps><temps name="def"><temp name="T447"/></temps><temps name="in"><temp name="T1462"/><temp name="T22"/></temps><temps name="out"><temp name="T447"/><temp name="T22"/></temps></instruction><instruction code="BNZ T447, L59"><temps name="use"><temp name="T447"/></temps><temps name="def"/><temps name="in"><temp name="T447"/><temp name="T22"/></temps><temps name="out"><temp name="T22"/></temps></instruction><instruction code="L132"><temps name="use"/><temps name="def"/><temps name="in"><temp name="T22"/></temps><temps name="out"><temp name="T22"/></temps></instruction><instruction code="LDA T1463, L60"><temps name="use"/><temps name="def"><temp name="T1463"/></temps><temps name="in"><temp name="T22"/></temps><temps name="out"><temp name="T1463"/><temp name="T22"/></temps></instruction><instruction code="GO T1463, T1463, 0"><temps name="use"><temp name="T1463"/></temps><temps name="def"><temp name="T1463"/></temps><temps name="in"><temp name="T1463"/><temp name="T22"/></temps><temps name="out"><temp name="T22"/></temps></instruction><instruction code="L59"><temps name="use"/><temps name="def"/><temps name="in"><temp name="T22"/></temps><temps name="out"><temp name="T22"/></temps></instruction><instruction code="OR T448, T22, 0"><temps name="use"><temp name="T22"/></temps><temps name="def"><temp name="T448"/></temps><temps name="in"><temp name="T22"/></temps><temps name="out"><temp name="T448"/><temp name="T22"/></temps></instruction><instruction code="OR T449, T448, 0"><temps name="use"><temp name="T448"/></temps><temps name="def"><temp name="T449"/></temps><temps name="in"><temp name="T448"/><temp name="T22"/></temps><temps name="out"><temp name="T449"/><temp name="T22"/></temps></instruction><instruction code="SETL  T1465, 8"><temps name="use"/><temps name="def"><temp name="T1465"/></temps><temps name="in"><temp name="T449"/><temp name="T22"/></temps><temps name="out"><temp name="T449"/><temp name="T22"/></temps></instruction><instruction code="INCML T1465, 0"><temps name="use"/><temps name="def"><temp name="T1465"/></temps><temps name="in"><temp name="T449"/><temp name="T22"/></temps><temps name="out"><temp name="T449"/><temp name="T22"/></temps></instruction><instruction code="INCMH T1465, 0"><temps name="use"/><temps name="def"><temp name="T1465"/></temps><temps name="in"><temp name="T449"/><temp name="T22"/></temps><temps name="out"><temp name="T449"/><temp name="T22"/></temps></instruction><instruction code="INCH  T1465, 0"><temps name="use"/><temps name="def"><temp name="T1465"/></temps><temps name="in"><temp name="T449"/><temp name="T22"/></temps><temps name="out"><temp name="T1465"/><temp name="T449"/><temp name="T22"/></temps></instruction><instruction code="OR T450, T1465, 0"><temps name="use"><temp name="T1465"/></temps><temps name="def"><temp name="T450"/></temps><temps name="in"><temp name="T1465"/><temp name="T449"/><temp name="T22"/></temps><temps name="out"><temp name="T449"/><temp name="T450"/><temp name="T22"/></temps></instruction><instruction code="ADD T1466, T449, T450"><temps name="use"><temp name="T449"/><temp name="T450"/></temps><temps name="def"><temp name="T1466"/></temps><temps name="in"><temp name="T449"/><temp name="T450"/><temp name="T22"/></temps><temps name="out"><temp name="T1466"/><temp name="T22"/></temps></instruction><instruction code="OR T451, T1466, 0"><temps name="use"><temp name="T1466"/></temps><temps name="def"><temp name="T451"/></temps><temps name="in"><temp name="T1466"/><temp name="T22"/></temps><temps name="out"><temp name="T451"/><temp name="T22"/></temps></instruction><instruction code="OR T452, T451, 0"><temps name="use"><temp name="T451"/></temps><temps name="def"><temp name="T452"/></temps><temps name="in"><temp name="T451"/><temp name="T22"/></temps><temps name="out"><temp name="T22"/><temp name="T452"/></temps></instruction><instruction code="OR T453, T22, 0"><temps name="use"><temp name="T22"/></temps><temps name="def"><temp name="T453"/></temps><temps name="in"><temp name="T22"/><temp name="T452"/></temps><temps name="out"><temp name="T453"/><temp name="T22"/><temp name="T452"/></temps></instruction><instruction code="SETL  T1468, 8"><temps name="use"/><temps name="def"><temp name="T1468"/></temps><temps name="in"><temp name="T453"/><temp name="T22"/><temp name="T452"/></temps><temps name="out"><temp name="T453"/><temp name="T22"/><temp name="T452"/></temps></instruction><instruction code="INCML T1468, 0"><temps name="use"/><temps name="def"><temp name="T1468"/></temps><temps name="in"><temp name="T453"/><temp name="T22"/><temp name="T452"/></temps><temps name="out"><temp name="T453"/><temp name="T22"/><temp name="T452"/></temps></instruction><instruction code="INCMH T1468, 0"><temps name="use"/><temps name="def"><temp name="T1468"/></temps><temps name="in"><temp name="T453"/><temp name="T22"/><temp name="T452"/></temps><temps name="out"><temp name="T453"/><temp name="T22"/><temp name="T452"/></temps></instruction><instruction code="INCH  T1468, 0"><temps name="use"/><temps name="def"><temp name="T1468"/></temps><temps name="in"><temp name="T453"/><temp name="T22"/><temp name="T452"/></temps><temps name="out"><temp name="T453"/><temp name="T1468"/><temp name="T22"/><temp name="T452"/></temps></instruction><instruction code="OR T454, T1468, 0"><temps name="use"><temp name="T1468"/></temps><temps name="def"><temp name="T454"/></temps><temps name="in"><temp name="T453"/><temp name="T1468"/><temp name="T22"/><temp name="T452"/></temps><temps name="out"><temp name="T453"/><temp name="T22"/><temp name="T454"/><temp name="T452"/></temps></instruction><instruction code="ADD T1469, T453, T454"><temps name="use"><temp name="T453"/><temp name="T454"/></temps><temps name="def"><temp name="T1469"/></temps><temps name="in"><temp name="T453"/><temp name="T22"/><temp name="T454"/><temp name="T452"/></temps><temps name="out"><temp name="T1469"/><temp name="T22"/><temp name="T452"/></temps></instruction><instruction code="OR T455, T1469, 0"><temps name="use"><temp name="T1469"/></temps><temps name="def"><temp name="T455"/></temps><temps name="in"><temp name="T1469"/><temp name="T22"/><temp name="T452"/></temps><temps name="out"><temp name="T455"/><temp name="T22"/><temp name="T452"/></temps></instruction><instruction code="OR T456, T455, 0"><temps name="use"><temp name="T455"/></temps><temps name="def"><temp name="T456"/></temps><temps name="in"><temp name="T455"/><temp name="T22"/><temp name="T452"/></temps><temps name="out"><temp name="T456"/><temp name="T22"/><temp name="T452"/></temps></instruction><instruction code="SETL  T1471, 72"><temps name="use"/><temps name="def"><temp name="T1471"/></temps><temps name="in"><temp name="T456"/><temp name="T22"/><temp name="T452"/></temps><temps name="out"><temp name="T456"/><temp name="T22"/><temp name="T452"/></temps></instruction><instruction code="INCML T1471, 0"><temps name="use"/><temps name="def"><temp name="T1471"/></temps><temps name="in"><temp name="T456"/><temp name="T22"/><temp name="T452"/></temps><temps name="out"><temp name="T456"/><temp name="T22"/><temp name="T452"/></temps></instruction><instruction code="INCMH T1471, 0"><temps name="use"/><temps name="def"><temp name="T1471"/></temps><temps name="in"><temp name="T456"/><temp name="T22"/><temp name="T452"/></temps><temps name="out"><temp name="T456"/><temp name="T22"/><temp name="T452"/></temps></instruction><instruction code="INCH  T1471, 0"><temps name="use"/><temps name="def"><temp name="T1471"/></temps><temps name="in"><temp name="T456"/><temp name="T22"/><temp name="T452"/></temps><temps name="out"><temp name="T1471"/><temp name="T456"/><temp name="T22"/><temp name="T452"/></temps></instruction><instruction code="OR T457, T1471, 0"><temps name="use"><temp name="T1471"/></temps><temps name="def"><temp name="T457"/></temps><temps name="in"><temp name="T1471"/><temp name="T456"/><temp name="T22"/><temp name="T452"/></temps><temps name="out"><temp name="T456"/><temp name="T22"/><temp name="T457"/><temp name="T452"/></temps></instruction><instruction code="MUL T1472, T456, T457"><temps name="use"><temp name="T456"/><temp name="T457"/></temps><temps name="def"><temp name="T1472"/></temps><temps name="in"><temp name="T456"/><temp name="T22"/><temp name="T457"/><temp name="T452"/></temps><temps name="out"><temp name="T1472"/><temp name="T22"/><temp name="T452"/></temps></instruction><instruction code="OR T458, T1472, 0"><temps name="use"><temp name="T1472"/></temps><temps name="def"><temp name="T458"/></temps><temps name="in"><temp name="T1472"/><temp name="T22"/><temp name="T452"/></temps><temps name="out"><temp name="T458"/><temp name="T22"/><temp name="T452"/></temps></instruction><instruction code="ADD T1473, T452, T458"><temps name="use"><temp name="T452"/><temp name="T458"/></temps><temps name="def"><temp name="T1473"/></temps><temps name="in"><temp name="T458"/><temp name="T22"/><temp name="T452"/></temps><temps name="out"><temp name="T1473"/><temp name="T22"/></temps></instruction><instruction code="OR T459, T1473, 0"><temps name="use"><temp name="T1473"/></temps><temps name="def"><temp name="T459"/></temps><temps name="in"><temp name="T1473"/><temp name="T22"/></temps><temps name="out"><temp name="T459"/><temp name="T22"/></temps></instruction><instruction code="OR T460, T22, 0"><temps name="use"><temp name="T22"/></temps><temps name="def"><temp name="T460"/></temps><temps name="in"><temp name="T459"/><temp name="T22"/></temps><temps name="out"><temp name="T459"/><temp name="T460"/><temp name="T22"/></temps></instruction><instruction code="SETL  T1474, 88"><temps name="use"/><temps name="def"><temp name="T1474"/></temps><temps name="in"><temp name="T459"/><temp name="T460"/><temp name="T22"/></temps><temps name="out"><temp name="T459"/><temp name="T460"/><temp name="T22"/></temps></instruction><instruction code="INCML T1474, 0"><temps name="use"/><temps name="def"><temp name="T1474"/></temps><temps name="in"><temp name="T459"/><temp name="T460"/><temp name="T22"/></temps><temps name="out"><temp name="T459"/><temp name="T460"/><temp name="T22"/></temps></instruction><instruction code="INCMH T1474, 0"><temps name="use"/><temps name="def"><temp name="T1474"/></temps><temps name="in"><temp name="T459"/><temp name="T460"/><temp name="T22"/></temps><temps name="out"><temp name="T459"/><temp name="T460"/><temp name="T22"/></temps></instruction><instruction code="INCH  T1474, 0"><temps name="use"/><temps name="def"><temp name="T1474"/></temps><temps name="in"><temp name="T459"/><temp name="T460"/><temp name="T22"/></temps><temps name="out"><temp name="T1474"/><temp name="T459"/><temp name="T460"/><temp name="T22"/></temps></instruction><instruction code="NEG T1474, 0, T1474"><temps name="use"><temp name="T1474"/></temps><temps name="def"><temp name="T1474"/></temps><temps name="in"><temp name="T1474"/><temp name="T459"/><temp name="T460"/><temp name="T22"/></temps><temps name="out"><temp name="T1474"/><temp name="T459"/><temp name="T460"/><temp name="T22"/></temps></instruction><instruction code="OR T461, T1474, 0"><temps name="use"><temp name="T1474"/></temps><temps name="def"><temp name="T461"/></temps><temps name="in"><temp name="T1474"/><temp name="T459"/><temp name="T460"/><temp name="T22"/></temps><temps name="out"><temp name="T459"/><temp name="T460"/><temp name="T22"/><temp name="T461"/></temps></instruction><instruction code="ADD T1475, T460, T461"><temps name="use"><temp name="T460"/><temp name="T461"/></temps><temps name="def"><temp name="T1475"/></temps><temps name="in"><temp name="T459"/><temp name="T460"/><temp name="T22"/><temp name="T461"/></temps><temps name="out"><temp name="T459"/><temp name="T1475"/><temp name="T22"/></temps></instruction><instruction code="OR T462, T1475, 0"><temps name="use"><temp name="T1475"/></temps><temps name="def"><temp name="T462"/></temps><temps name="in"><temp name="T459"/><temp name="T1475"/><temp name="T22"/></temps><temps name="out"><temp name="T462"/><temp name="T459"/><temp name="T22"/></temps></instruction><instruction code="OR T463, T462, 0"><temps name="use"><temp name="T462"/></temps><temps name="def"><temp name="T463"/></temps><temps name="in"><temp name="T462"/><temp name="T459"/><temp name="T22"/></temps><temps name="out"><temp name="T463"/><temp name="T459"/><temp name="T22"/></temps></instruction><instruction code="SETL  T1477, 8"><temps name="use"/><temps name="def"><temp name="T1477"/></temps><temps name="in"><temp name="T463"/><temp name="T459"/><temp name="T22"/></temps><temps name="out"><temp name="T463"/><temp name="T459"/><temp name="T22"/></temps></instruction><instruction code="INCML T1477, 0"><temps name="use"/><temps name="def"><temp name="T1477"/></temps><temps name="in"><temp name="T463"/><temp name="T459"/><temp name="T22"/></temps><temps name="out"><temp name="T463"/><temp name="T459"/><temp name="T22"/></temps></instruction><instruction code="INCMH T1477, 0"><temps name="use"/><temps name="def"><temp name="T1477"/></temps><temps name="in"><temp name="T463"/><temp name="T459"/><temp name="T22"/></temps><temps name="out"><temp name="T463"/><temp name="T459"/><temp name="T22"/></temps></instruction><instruction code="INCH  T1477, 0"><temps name="use"/><temps name="def"><temp name="T1477"/></temps><temps name="in"><temp name="T463"/><temp name="T459"/><temp name="T22"/></temps><temps name="out"><temp name="T463"/><temp name="T459"/><temp name="T1477"/><temp name="T22"/></temps></instruction><instruction code="OR T464, T1477, 0"><temps name="use"><temp name="T1477"/></temps><temps name="def"><temp name="T464"/></temps><temps name="in"><temp name="T463"/><temp name="T459"/><temp name="T1477"/><temp name="T22"/></temps><temps name="out"><temp name="T463"/><temp name="T459"/><temp name="T464"/><temp name="T22"/></temps></instruction><instruction code="MUL T1478, T463, T464"><temps name="use"><temp name="T463"/><temp name="T464"/></temps><temps name="def"><temp name="T1478"/></temps><temps name="in"><temp name="T463"/><temp name="T459"/><temp name="T464"/><temp name="T22"/></temps><temps name="out"><temp name="T1478"/><temp name="T459"/><temp name="T22"/></temps></instruction><instruction code="OR T465, T1478, 0"><temps name="use"><temp name="T1478"/></temps><temps name="def"><temp name="T465"/></temps><temps name="in"><temp name="T1478"/><temp name="T459"/><temp name="T22"/></temps><temps name="out"><temp name="T459"/><temp name="T22"/><temp name="T465"/></temps></instruction><instruction code="ADD T1479, T459, T465"><temps name="use"><temp name="T459"/><temp name="T465"/></temps><temps name="def"><temp name="T1479"/></temps><temps name="in"><temp name="T459"/><temp name="T22"/><temp name="T465"/></temps><temps name="out"><temp name="T1479"/><temp name="T22"/></temps></instruction><instruction code="OR T466, T1479, 0"><temps name="use"><temp name="T1479"/></temps><temps name="def"><temp name="T466"/></temps><temps name="in"><temp name="T1479"/><temp name="T22"/></temps><temps name="out"><temp name="T22"/><temp name="T466"/></temps></instruction><instruction code="OR T467, T466, 0"><temps name="use"><temp name="T466"/></temps><temps name="def"><temp name="T467"/></temps><temps name="in"><temp name="T22"/><temp name="T466"/></temps><temps name="out"><temp name="T467"/><temp name="T22"/></temps></instruction><instruction code="SETL  T1481, 0"><temps name="use"/><temps name="def"><temp name="T1481"/></temps><temps name="in"><temp name="T467"/><temp name="T22"/></temps><temps name="out"><temp name="T467"/><temp name="T22"/></temps></instruction><instruction code="INCML T1481, 0"><temps name="use"/><temps name="def"><temp name="T1481"/></temps><temps name="in"><temp name="T467"/><temp name="T22"/></temps><temps name="out"><temp name="T467"/><temp name="T22"/></temps></instruction><instruction code="INCMH T1481, 0"><temps name="use"/><temps name="def"><temp name="T1481"/></temps><temps name="in"><temp name="T467"/><temp name="T22"/></temps><temps name="out"><temp name="T467"/><temp name="T22"/></temps></instruction><instruction code="INCH  T1481, 0"><temps name="use"/><temps name="def"><temp name="T1481"/></temps><temps name="in"><temp name="T467"/><temp name="T22"/></temps><temps name="out"><temp name="T1481"/><temp name="T467"/><temp name="T22"/></temps></instruction><instruction code="OR T468, T1481, 0"><temps name="use"><temp name="T1481"/></temps><temps name="def"><temp name="T468"/></temps><temps name="in"><temp name="T1481"/><temp name="T467"/><temp name="T22"/></temps><temps name="out"><temp name="T468"/><temp name="T467"/><temp name="T22"/></temps></instruction><instruction code="CMP T1482, T467, T468"><temps name="use"><temp name="T467"/><temp name="T468"/></temps><temps name="def"><temp name="T1482"/></temps><temps name="in"><temp name="T468"/><temp name="T467"/><temp name="T22"/></temps><temps name="out"><temp name="T1482"/><temp name="T22"/></temps></instruction><instruction code="ZSNZ T1482, T1482, 1"><temps name="use"><temp name="T1482"/></temps><temps name="def"><temp name="T1482"/></temps><temps name="in"><temp name="T1482"/><temp name="T22"/></temps><temps name="out"><temp name="T1482"/><temp name="T22"/></temps></instruction><instruction code="OR T469, T1482, 0"><temps name="use"><temp name="T1482"/></temps><temps name="def"><temp name="T469"/></temps><temps name="in"><temp name="T1482"/><temp name="T22"/></temps><temps name="out"><temp name="T469"/><temp name="T22"/></temps></instruction><instruction code="BNZ T469, L56"><temps name="use"><temp name="T469"/></temps><temps name="def"/><temps name="in"><temp name="T469"/><temp name="T22"/></temps><temps name="out"><temp name="T22"/></temps></instruction><instruction code="L133"><temps name="use"/><temps name="def"/><temps name="in"><temp name="T22"/></temps><temps name="out"><temp name="T22"/></temps></instruction><instruction code="LDA T1483, L57"><temps name="use"/><temps name="def"><temp name="T1483"/></temps><temps name="in"><temp name="T22"/></temps><temps name="out"><temp name="T1483"/><temp name="T22"/></temps></instruction><instruction code="GO T1483, T1483, 0"><temps name="use"><temp name="T1483"/></temps><temps name="def"><temp name="T1483"/></temps><temps name="in"><temp name="T1483"/><temp name="T22"/></temps><temps name="out"><temp name="T22"/></temps></instruction><instruction code="L56"><temps name="use"/><temps name="def"/><temps name="in"><temp name="T22"/></temps><temps name="out"><temp name="T22"/></temps></instruction><instruction code="OR T470, T22, 0"><temps name="use"><temp name="T22"/></temps><temps name="def"><temp name="T470"/></temps><temps name="in"><temp name="T22"/></temps><temps name="out"><temp name="T470"/><temp name="T22"/></temps></instruction><instruction code="SETL  T1484, 80"><temps name="use"/><temps name="def"><temp name="T1484"/></temps><temps name="in"><temp name="T470"/><temp name="T22"/></temps><temps name="out"><temp name="T470"/><temp name="T22"/></temps></instruction><instruction code="INCML T1484, 0"><temps name="use"/><temps name="def"><temp name="T1484"/></temps><temps name="in"><temp name="T470"/><temp name="T22"/></temps><temps name="out"><temp name="T470"/><temp name="T22"/></temps></instruction><instruction code="INCMH T1484, 0"><temps name="use"/><temps name="def"><temp name="T1484"/></temps><temps name="in"><temp name="T470"/><temp name="T22"/></temps><temps name="out"><temp name="T470"/><temp name="T22"/></temps></instruction><instruction code="INCH  T1484, 0"><temps name="use"/><temps name="def"><temp name="T1484"/></temps><temps name="in"><temp name="T470"/><temp name="T22"/></temps><temps name="out"><temp name="T1484"/><temp name="T470"/><temp name="T22"/></temps></instruction><instruction code="NEG T1484, 0, T1484"><temps name="use"><temp name="T1484"/></temps><temps name="def"><temp name="T1484"/></temps><temps name="in"><temp name="T1484"/><temp name="T470"/><temp name="T22"/></temps><temps name="out"><temp name="T1484"/><temp name="T470"/><temp name="T22"/></temps></instruction><instruction code="OR T471, T1484, 0"><temps name="use"><temp name="T1484"/></temps><temps name="def"><temp name="T471"/></temps><temps name="in"><temp name="T1484"/><temp name="T470"/><temp name="T22"/></temps><temps name="out"><temp name="T471"/><temp name="T470"/><temp name="T22"/></temps></instruction><instruction code="ADD T1485, T470, T471"><temps name="use"><temp name="T470"/><temp name="T471"/></temps><temps name="def"><temp name="T1485"/></temps><temps name="in"><temp name="T471"/><temp name="T470"/><temp name="T22"/></temps><temps name="out"><temp name="T1485"/><temp name="T22"/></temps></instruction><instruction code="OR T472, T1485, 0"><temps name="use"><temp name="T1485"/></temps><temps name="def"><temp name="T472"/></temps><temps name="in"><temp name="T1485"/><temp name="T22"/></temps><temps name="out"><temp name="T472"/><temp name="T22"/></temps></instruction><instruction code="OR T473, T22, 0"><temps name="use"><temp name="T22"/></temps><temps name="def"><temp name="T473"/></temps><temps name="in"><temp name="T472"/><temp name="T22"/></temps><temps name="out"><temp name="T473"/><temp name="T472"/><temp name="T22"/></temps></instruction><instruction code="OR T474, T473, 0"><temps name="use"><temp name="T473"/></temps><temps name="def"><temp name="T474"/></temps><temps name="in"><temp name="T473"/><temp name="T472"/><temp name="T22"/></temps><temps name="out"><temp name="T472"/><temp name="T474"/><temp name="T22"/></temps></instruction><instruction code="SETL  T1487, 8"><temps name="use"/><temps name="def"><temp name="T1487"/></temps><temps name="in"><temp name="T472"/><temp name="T474"/><temp name="T22"/></temps><temps name="out"><temp name="T472"/><temp name="T474"/><temp name="T22"/></temps></instruction><instruction code="INCML T1487, 0"><temps name="use"/><temps name="def"><temp name="T1487"/></temps><temps name="in"><temp name="T472"/><temp name="T474"/><temp name="T22"/></temps><temps name="out"><temp name="T472"/><temp name="T474"/><temp name="T22"/></temps></instruction><instruction code="INCMH T1487, 0"><temps name="use"/><temps name="def"><temp name="T1487"/></temps><temps name="in"><temp name="T472"/><temp name="T474"/><temp name="T22"/></temps><temps name="out"><temp name="T472"/><temp name="T474"/><temp name="T22"/></temps></instruction><instruction code="INCH  T1487, 0"><temps name="use"/><temps name="def"><temp name="T1487"/></temps><temps name="in"><temp name="T472"/><temp name="T474"/><temp name="T22"/></temps><temps name="out"><temp name="T1487"/><temp name="T472"/><temp name="T474"/><temp name="T22"/></temps></instruction><instruction code="OR T475, T1487, 0"><temps name="use"><temp name="T1487"/></temps><temps name="def"><temp name="T475"/></temps><temps name="in"><temp name="T1487"/><temp name="T472"/><temp name="T474"/><temp name="T22"/></temps><temps name="out"><temp name="T472"/><temp name="T475"/><temp name="T474"/><temp name="T22"/></temps></instruction><instruction code="ADD T1488, T474, T475"><temps name="use"><temp name="T474"/><temp name="T475"/></temps><temps name="def"><temp name="T1488"/></temps><temps name="in"><temp name="T472"/><temp name="T475"/><temp name="T474"/><temp name="T22"/></temps><temps name="out"><temp name="T1488"/><temp name="T472"/><temp name="T22"/></temps></instruction><instruction code="OR T476, T1488, 0"><temps name="use"><temp name="T1488"/></temps><temps name="def"><temp name="T476"/></temps><temps name="in"><temp name="T1488"/><temp name="T472"/><temp name="T22"/></temps><temps name="out"><temp name="T476"/><temp name="T472"/><temp name="T22"/></temps></instruction><instruction code="OR T477, T476, 0"><temps name="use"><temp name="T476"/></temps><temps name="def"><temp name="T477"/></temps><temps name="in"><temp name="T476"/><temp name="T472"/><temp name="T22"/></temps><temps name="out"><temp name="T472"/><temp name="T477"/><temp name="T22"/></temps></instruction><instruction code="OR T478, T22, 0"><temps name="use"><temp name="T22"/></temps><temps name="def"><temp name="T478"/></temps><temps name="in"><temp name="T472"/><temp name="T477"/><temp name="T22"/></temps><temps name="out"><temp name="T478"/><temp name="T472"/><temp name="T477"/><temp name="T22"/></temps></instruction><instruction code="SETL  T1490, 8"><temps name="use"/><temps name="def"><temp name="T1490"/></temps><temps name="in"><temp name="T478"/><temp name="T472"/><temp name="T477"/><temp name="T22"/></temps><temps name="out"><temp name="T478"/><temp name="T472"/><temp name="T477"/><temp name="T22"/></temps></instruction><instruction code="INCML T1490, 0"><temps name="use"/><temps name="def"><temp name="T1490"/></temps><temps name="in"><temp name="T478"/><temp name="T472"/><temp name="T477"/><temp name="T22"/></temps><temps name="out"><temp name="T478"/><temp name="T472"/><temp name="T477"/><temp name="T22"/></temps></instruction><instruction code="INCMH T1490, 0"><temps name="use"/><temps name="def"><temp name="T1490"/></temps><temps name="in"><temp name="T478"/><temp name="T472"/><temp name="T477"/><temp name="T22"/></temps><temps name="out"><temp name="T478"/><temp name="T472"/><temp name="T477"/><temp name="T22"/></temps></instruction><instruction code="INCH  T1490, 0"><temps name="use"/><temps name="def"><temp name="T1490"/></temps><temps name="in"><temp name="T478"/><temp name="T472"/><temp name="T477"/><temp name="T22"/></temps><temps name="out"><temp name="T478"/><temp name="T472"/><temp name="T1490"/><temp name="T477"/><temp name="T22"/></temps></instruction><instruction code="OR T479, T1490, 0"><temps name="use"><temp name="T1490"/></temps><temps name="def"><temp name="T479"/></temps><temps name="in"><temp name="T478"/><temp name="T472"/><temp name="T1490"/><temp name="T477"/><temp name="T22"/></temps><temps name="out"><temp name="T478"/><temp name="T479"/><temp name="T472"/><temp name="T477"/><temp name="T22"/></temps></instruction><instruction code="ADD T1491, T478, T479"><temps name="use"><temp name="T478"/><temp name="T479"/></temps><temps name="def"><temp name="T1491"/></temps><temps name="in"><temp name="T478"/><temp name="T479"/><temp name="T472"/><temp name="T477"/><temp name="T22"/></temps><temps name="out"><temp name="T1491"/><temp name="T472"/><temp name="T477"/><temp name="T22"/></temps></instruction><instruction code="OR T480, T1491, 0"><temps name="use"><temp name="T1491"/></temps><temps name="def"><temp name="T480"/></temps><temps name="in"><temp name="T1491"/><temp name="T472"/><temp name="T477"/><temp name="T22"/></temps><temps name="out"><temp name="T472"/><temp name="T477"/><temp name="T480"/><temp name="T22"/></temps></instruction><instruction code="OR T481, T480, 0"><temps name="use"><temp name="T480"/></temps><temps name="def"><temp name="T481"/></temps><temps name="in"><temp name="T472"/><temp name="T477"/><temp name="T480"/><temp name="T22"/></temps><temps name="out"><temp name="T472"/><temp name="T477"/><temp name="T481"/><temp name="T22"/></temps></instruction><instruction code="SETL  T1493, 72"><temps name="use"/><temps name="def"><temp name="T1493"/></temps><temps name="in"><temp name="T472"/><temp name="T477"/><temp name="T481"/><temp name="T22"/></temps><temps name="out"><temp name="T472"/><temp name="T477"/><temp name="T481"/><temp name="T22"/></temps></instruction><instruction code="INCML T1493, 0"><temps name="use"/><temps name="def"><temp name="T1493"/></temps><temps name="in"><temp name="T472"/><temp name="T477"/><temp name="T481"/><temp name="T22"/></temps><temps name="out"><temp name="T472"/><temp name="T477"/><temp name="T481"/><temp name="T22"/></temps></instruction><instruction code="INCMH T1493, 0"><temps name="use"/><temps name="def"><temp name="T1493"/></temps><temps name="in"><temp name="T472"/><temp name="T477"/><temp name="T481"/><temp name="T22"/></temps><temps name="out"><temp name="T472"/><temp name="T477"/><temp name="T481"/><temp name="T22"/></temps></instruction><instruction code="INCH  T1493, 0"><temps name="use"/><temps name="def"><temp name="T1493"/></temps><temps name="in"><temp name="T472"/><temp name="T477"/><temp name="T481"/><temp name="T22"/></temps><temps name="out"><temp name="T472"/><temp name="T1493"/><temp name="T477"/><temp name="T481"/><temp name="T22"/></temps></instruction><instruction code="OR T482, T1493, 0"><temps name="use"><temp name="T1493"/></temps><temps name="def"><temp name="T482"/></temps><temps name="in"><temp name="T472"/><temp name="T1493"/><temp name="T477"/><temp name="T481"/><temp name="T22"/></temps><temps name="out"><temp name="T472"/><temp name="T477"/><temp name="T481"/><temp name="T482"/><temp name="T22"/></temps></instruction><instruction code="MUL T1494, T481, T482"><temps name="use"><temp name="T481"/><temp name="T482"/></temps><temps name="def"><temp name="T1494"/></temps><temps name="in"><temp name="T472"/><temp name="T477"/><temp name="T481"/><temp name="T482"/><temp name="T22"/></temps><temps name="out"><temp name="T472"/><temp name="T477"/><temp name="T1494"/><temp name="T22"/></temps></instruction><instruction code="OR T483, T1494, 0"><temps name="use"><temp name="T1494"/></temps><temps name="def"><temp name="T483"/></temps><temps name="in"><temp name="T472"/><temp name="T477"/><temp name="T1494"/><temp name="T22"/></temps><temps name="out"><temp name="T472"/><temp name="T477"/><temp name="T483"/><temp name="T22"/></temps></instruction><instruction code="ADD T1495, T477, T483"><temps name="use"><temp name="T477"/><temp name="T483"/></temps><temps name="def"><temp name="T1495"/></temps><temps name="in"><temp name="T472"/><temp name="T477"/><temp name="T483"/><temp name="T22"/></temps><temps name="out"><temp name="T472"/><temp name="T1495"/><temp name="T22"/></temps></instruction><instruction code="OR T484, T1495, 0"><temps name="use"><temp name="T1495"/></temps><temps name="def"><temp name="T484"/></temps><temps name="in"><temp name="T472"/><temp name="T1495"/><temp name="T22"/></temps><temps name="out"><temp name="T484"/><temp name="T472"/><temp name="T22"/></temps></instruction><instruction code="OR T485, T22, 0"><temps name="use"><temp name="T22"/></temps><temps name="def"><temp name="T485"/></temps><temps name="in"><temp name="T484"/><temp name="T472"/><temp name="T22"/></temps><temps name="out"><temp name="T484"/><temp name="T472"/><temp name="T485"/><temp name="T22"/></temps></instruction><instruction code="SETL  T1496, 88"><temps name="use"/><temps name="def"><temp name="T1496"/></temps><temps name="in"><temp name="T484"/><temp name="T472"/><temp name="T485"/><temp name="T22"/></temps><temps name="out"><temp name="T484"/><temp name="T472"/><temp name="T485"/><temp name="T22"/></temps></instruction><instruction code="INCML T1496, 0"><temps name="use"/><temps name="def"><temp name="T1496"/></temps><temps name="in"><temp name="T484"/><temp name="T472"/><temp name="T485"/><temp name="T22"/></temps><temps name="out"><temp name="T484"/><temp name="T472"/><temp name="T485"/><temp name="T22"/></temps></instruction><instruction code="INCMH T1496, 0"><temps name="use"/><temps name="def"><temp name="T1496"/></temps><temps name="in"><temp name="T484"/><temp name="T472"/><temp name="T485"/><temp name="T22"/></temps><temps name="out"><temp name="T484"/><temp name="T472"/><temp name="T485"/><temp name="T22"/></temps></instruction><instruction code="INCH  T1496, 0"><temps name="use"/><temps name="def"><temp name="T1496"/></temps><temps name="in"><temp name="T484"/><temp name="T472"/><temp name="T485"/><temp name="T22"/></temps><temps name="out"><temp name="T1496"/><temp name="T484"/><temp name="T472"/><temp name="T485"/><temp name="T22"/></temps></instruction><instruction code="NEG T1496, 0, T1496"><temps name="use"><temp name="T1496"/></temps><temps name="def"><temp name="T1496"/></temps><temps name="in"><temp name="T1496"/><temp name="T484"/><temp name="T472"/><temp name="T485"/><temp name="T22"/></temps><temps name="out"><temp name="T1496"/><temp name="T484"/><temp name="T472"/><temp name="T485"/><temp name="T22"/></temps></instruction><instruction code="OR T486, T1496, 0"><temps name="use"><temp name="T1496"/></temps><temps name="def"><temp name="T486"/></temps><temps name="in"><temp name="T1496"/><temp name="T484"/><temp name="T472"/><temp name="T485"/><temp name="T22"/></temps><temps name="out"><temp name="T484"/><temp name="T472"/><temp name="T485"/><temp name="T486"/><temp name="T22"/></temps></instruction><instruction code="ADD T1497, T485, T486"><temps name="use"><temp name="T485"/><temp name="T486"/></temps><temps name="def"><temp name="T1497"/></temps><temps name="in"><temp name="T484"/><temp name="T472"/><temp name="T485"/><temp name="T486"/><temp name="T22"/></temps><temps name="out"><temp name="T484"/><temp name="T472"/><temp name="T1497"/><temp name="T22"/></temps></instruction><instruction code="OR T487, T1497, 0"><temps name="use"><temp name="T1497"/></temps><temps name="def"><temp name="T487"/></temps><temps name="in"><temp name="T484"/><temp name="T472"/><temp name="T1497"/><temp name="T22"/></temps><temps name="out"><temp name="T484"/><temp name="T472"/><temp name="T487"/><temp name="T22"/></temps></instruction><instruction code="OR T488, T487, 0"><temps name="use"><temp name="T487"/></temps><temps name="def"><temp name="T488"/></temps><temps name="in"><temp name="T484"/><temp name="T472"/><temp name="T487"/><temp name="T22"/></temps><temps name="out"><temp name="T484"/><temp name="T472"/><temp name="T22"/><temp name="T488"/></temps></instruction><instruction code="SETL  T1499, 8"><temps name="use"/><temps name="def"><temp name="T1499"/></temps><temps name="in"><temp name="T484"/><temp name="T472"/><temp name="T22"/><temp name="T488"/></temps><temps name="out"><temp name="T484"/><temp name="T472"/><temp name="T22"/><temp name="T488"/></temps></instruction><instruction code="INCML T1499, 0"><temps name="use"/><temps name="def"><temp name="T1499"/></temps><temps name="in"><temp name="T484"/><temp name="T472"/><temp name="T22"/><temp name="T488"/></temps><temps name="out"><temp name="T484"/><temp name="T472"/><temp name="T22"/><temp name="T488"/></temps></instruction><instruction code="INCMH T1499, 0"><temps name="use"/><temps name="def"><temp name="T1499"/></temps><temps name="in"><temp name="T484"/><temp name="T472"/><temp name="T22"/><temp name="T488"/></temps><temps name="out"><temp name="T484"/><temp name="T472"/><temp name="T22"/><temp name="T488"/></temps></instruction><instruction code="INCH  T1499, 0"><temps name="use"/><temps name="def"><temp name="T1499"/></temps><temps name="in"><temp name="T484"/><temp name="T472"/><temp name="T22"/><temp name="T488"/></temps><temps name="out"><temp name="T484"/><temp name="T472"/><temp name="T22"/><temp name="T1499"/><temp name="T488"/></temps></instruction><instruction code="OR T489, T1499, 0"><temps name="use"><temp name="T1499"/></temps><temps name="def"><temp name="T489"/></temps><temps name="in"><temp name="T484"/><temp name="T472"/><temp name="T22"/><temp name="T1499"/><temp name="T488"/></temps><temps name="out"><temp name="T484"/><temp name="T472"/><temp name="T489"/><temp name="T22"/><temp name="T488"/></temps></instruction><instruction code="MUL T1500, T488, T489"><temps name="use"><temp name="T488"/><temp name="T489"/></temps><temps name="def"><temp name="T1500"/></temps><temps name="in"><temp name="T484"/><temp name="T472"/><temp name="T489"/><temp name="T22"/><temp name="T488"/></temps><temps name="out"><temp name="T484"/><temp name="T472"/><temp name="T1500"/><temp name="T22"/></temps></instruction><instruction code="OR T490, T1500, 0"><temps name="use"><temp name="T1500"/></temps><temps name="def"><temp name="T490"/></temps><temps name="in"><temp name="T484"/><temp name="T472"/><temp name="T1500"/><temp name="T22"/></temps><temps name="out"><temp name="T484"/><temp name="T472"/><temp name="T490"/><temp name="T22"/></temps></instruction><instruction code="ADD T1501, T484, T490"><temps name="use"><temp name="T484"/><temp name="T490"/></temps><temps name="def"><temp name="T1501"/></temps><temps name="in"><temp name="T484"/><temp name="T472"/><temp name="T490"/><temp name="T22"/></temps><temps name="out"><temp name="T472"/><temp name="T1501"/><temp name="T22"/></temps></instruction><instruction code="OR T491, T1501, 0"><temps name="use"><temp name="T1501"/></temps><temps name="def"><temp name="T491"/></temps><temps name="in"><temp name="T472"/><temp name="T1501"/><temp name="T22"/></temps><temps name="out"><temp name="T491"/><temp name="T472"/><temp name="T22"/></temps></instruction><instruction code="OR T492, T491, 0"><temps name="use"><temp name="T491"/></temps><temps name="def"><temp name="T492"/></temps><temps name="in"><temp name="T491"/><temp name="T472"/><temp name="T22"/></temps><temps name="out"><temp name="T472"/><temp name="T492"/><temp name="T22"/></temps></instruction><instruction code="SETL  T1503, 8"><temps name="use"/><temps name="def"><temp name="T1503"/></temps><temps name="in"><temp name="T472"/><temp name="T492"/><temp name="T22"/></temps><temps name="out"><temp name="T472"/><temp name="T492"/><temp name="T22"/></temps></instruction><instruction code="INCML T1503, 0"><temps name="use"/><temps name="def"><temp name="T1503"/></temps><temps name="in"><temp name="T472"/><temp name="T492"/><temp name="T22"/></temps><temps name="out"><temp name="T472"/><temp name="T492"/><temp name="T22"/></temps></instruction><instruction code="INCMH T1503, 0"><temps name="use"/><temps name="def"><temp name="T1503"/></temps><temps name="in"><temp name="T472"/><temp name="T492"/><temp name="T22"/></temps><temps name="out"><temp name="T472"/><temp name="T492"/><temp name="T22"/></temps></instruction><instruction code="INCH  T1503, 0"><temps name="use"/><temps name="def"><temp name="T1503"/></temps><temps name="in"><temp name="T472"/><temp name="T492"/><temp name="T22"/></temps><temps name="out"><temp name="T472"/><temp name="T492"/><temp name="T22"/><temp name="T1503"/></temps></instruction><instruction code="OR T493, T1503, 0"><temps name="use"><temp name="T1503"/></temps><temps name="def"><temp name="T493"/></temps><temps name="in"><temp name="T472"/><temp name="T492"/><temp name="T22"/><temp name="T1503"/></temps><temps name="out"><temp name="T472"/><temp name="T492"/><temp name="T22"/><temp name="T493"/></temps></instruction><instruction code="MUL T1504, T492, T493"><temps name="use"><temp name="T492"/><temp name="T493"/></temps><temps name="def"><temp name="T1504"/></temps><temps name="in"><temp name="T472"/><temp name="T492"/><temp name="T22"/><temp name="T493"/></temps><temps name="out"><temp name="T472"/><temp name="T1504"/><temp name="T22"/></temps></instruction><instruction code="OR T494, T1504, 0"><temps name="use"><temp name="T1504"/></temps><temps name="def"><temp name="T494"/></temps><temps name="in"><temp name="T472"/><temp name="T1504"/><temp name="T22"/></temps><temps name="out"><temp name="T472"/><temp name="T22"/><temp name="T494"/></temps></instruction><instruction code="ADD T1505, T472, T494"><temps name="use"><temp name="T472"/><temp name="T494"/></temps><temps name="def"><temp name="T1505"/></temps><temps name="in"><temp name="T472"/><temp name="T22"/><temp name="T494"/></temps><temps name="out"><temp name="T1505"/><temp name="T22"/></temps></instruction><instruction code="OR T495, T1505, 0"><temps name="use"><temp name="T1505"/></temps><temps name="def"><temp name="T495"/></temps><temps name="in"><temp name="T1505"/><temp name="T22"/></temps><temps name="out"><temp name="T495"/><temp name="T22"/></temps></instruction><instruction code="OR T496, T495, 0"><temps name="use"><temp name="T495"/></temps><temps name="def"><temp name="T496"/></temps><temps name="in"><temp name="T495"/><temp name="T22"/></temps><temps name="out"><temp name="T22"/><temp name="T496"/></temps></instruction><instruction code="BNZ T496, L53"><temps name="use"><temp name="T496"/></temps><temps name="def"/><temps name="in"><temp name="T22"/><temp name="T496"/></temps><temps name="out"><temp name="T22"/></temps></instruction><instruction code="L134"><temps name="use"/><temps name="def"/><temps name="in"><temp name="T22"/></temps><temps name="out"><temp name="T22"/></temps></instruction><instruction code="LDA T1507, L54"><temps name="use"/><temps name="def"><temp name="T1507"/></temps><temps name="in"><temp name="T22"/></temps><temps name="out"><temp name="T1507"/><temp name="T22"/></temps></instruction><instruction code="GO T1507, T1507, 0"><temps name="use"><temp name="T1507"/></temps><temps name="def"><temp name="T1507"/></temps><temps name="in"><temp name="T1507"/><temp name="T22"/></temps><temps name="out"><temp name="T22"/></temps></instruction><instruction code="L53"><temps name="use"/><temps name="def"/><temps name="in"><temp name="T22"/></temps><temps name="out"><temp name="T22"/></temps></instruction><instruction code="SETL  T1508, 0"><temps name="use"/><temps name="def"><temp name="T1508"/></temps><temps name="in"><temp name="T22"/></temps><temps name="out"><temp name="T22"/></temps></instruction><instruction code="INCML T1508, 0"><temps name="use"/><temps name="def"><temp name="T1508"/></temps><temps name="in"><temp name="T22"/></temps><temps name="out"><temp name="T22"/></temps></instruction><instruction code="INCMH T1508, 0"><temps name="use"/><temps name="def"><temp name="T1508"/></temps><temps name="in"><temp name="T22"/></temps><temps name="out"><temp name="T22"/></temps></instruction><instruction code="INCH  T1508, 0"><temps name="use"/><temps name="def"><temp name="T1508"/></temps><temps name="in"><temp name="T22"/></temps><temps name="out"><temp name="T1508"/><temp name="T22"/></temps></instruction><instruction code="OR T497, T1508, 0"><temps name="use"><temp name="T1508"/></temps><temps name="def"><temp name="T497"/></temps><temps name="in"><temp name="T1508"/><temp name="T22"/></temps><temps name="out"><temp name="T497"/><temp name="T22"/></temps></instruction><instruction code="SETL  T1509, 96"><temps name="use"/><temps name="def"><temp name="T1509"/></temps><temps name="in"><temp name="T497"/><temp name="T22"/></temps><temps name="out"><temp name="T497"/><temp name="T22"/></temps></instruction><instruction code="INCML T1509, 0"><temps name="use"/><temps name="def"><temp name="T1509"/></temps><temps name="in"><temp name="T497"/><temp name="T22"/></temps><temps name="out"><temp name="T497"/><temp name="T22"/></temps></instruction><instruction code="INCMH T1509, 0"><temps name="use"/><temps name="def"><temp name="T1509"/></temps><temps name="in"><temp name="T497"/><temp name="T22"/></temps><temps name="out"><temp name="T497"/><temp name="T22"/></temps></instruction><instruction code="INCH  T1509, 0"><temps name="use"/><temps name="def"><temp name="T1509"/></temps><temps name="in"><temp name="T497"/><temp name="T22"/></temps><temps name="out"><temp name="T497"/><temp name="T1509"/><temp name="T22"/></temps></instruction><instruction code="NEG T1509, 0, T1509"><temps name="use"><temp name="T1509"/></temps><temps name="def"><temp name="T1509"/></temps><temps name="in"><temp name="T497"/><temp name="T1509"/><temp name="T22"/></temps><temps name="out"><temp name="T497"/><temp name="T1509"/><temp name="T22"/></temps></instruction><instruction code="ADD T1510, T22, T1509"><temps name="use"><temp name="T22"/><temp name="T1509"/></temps><temps name="def"><temp name="T1510"/></temps><temps name="in"><temp name="T497"/><temp name="T1509"/><temp name="T22"/></temps><temps name="out"><temp name="T497"/><temp name="T22"/><temp name="T1510"/></temps></instruction><instruction code="STO T1510, T497, 0"><temps name="use"><temp name="T1510"/><temp name="T497"/></temps><temps name="def"/><temps name="in"><temp name="T497"/><temp name="T22"/><temp name="T1510"/></temps><temps name="out"><temp name="T22"/></temps></instruction><instruction code="LDA T1512, L55"><temps name="use"/><temps name="def"><temp name="T1512"/></temps><temps name="in"><temp name="T22"/></temps><temps name="out"><temp name="T1512"/><temp name="T22"/></temps></instruction><instruction code="GO T1512, T1512, 0"><temps name="use"><temp name="T1512"/></temps><temps name="def"><temp name="T1512"/></temps><temps name="in"><temp name="T1512"/><temp name="T22"/></temps><temps name="out"><temp name="T22"/></temps></instruction><instruction code="L54"><temps name="use"/><temps name="def"/><temps name="in"><temp name="T22"/></temps><temps name="out"><temp name="T22"/></temps></instruction><instruction code="SETL  T1513, 1"><temps name="use"/><temps name="def"><temp name="T1513"/></temps><temps name="in"><temp name="T22"/></temps><temps name="out"><temp name="T22"/></temps></instruction><instruction code="INCML T1513, 0"><temps name="use"/><temps name="def"><temp name="T1513"/></temps><temps name="in"><temp name="T22"/></temps><temps name="out"><temp name="T22"/></temps></instruction><instruction code="INCMH T1513, 0"><temps name="use"/><temps name="def"><temp name="T1513"/></temps><temps name="in"><temp name="T22"/></temps><temps name="out"><temp name="T22"/></temps></instruction><instruction code="INCH  T1513, 0"><temps name="use"/><temps name="def"><temp name="T1513"/></temps><temps name="in"><temp name="T22"/></temps><temps name="out"><temp name="T1513"/><temp name="T22"/></temps></instruction><instruction code="OR T498, T1513, 0"><temps name="use"><temp name="T1513"/></temps><temps name="def"><temp name="T498"/></temps><temps name="in"><temp name="T1513"/><temp name="T22"/></temps><temps name="out"><temp name="T498"/><temp name="T22"/></temps></instruction><instruction code="SETL  T1514, 80"><temps name="use"/><temps name="def"><temp name="T1514"/></temps><temps name="in"><temp name="T498"/><temp name="T22"/></temps><temps name="out"><temp name="T498"/><temp name="T22"/></temps></instruction><instruction code="INCML T1514, 0"><temps name="use"/><temps name="def"><temp name="T1514"/></temps><temps name="in"><temp name="T498"/><temp name="T22"/></temps><temps name="out"><temp name="T498"/><temp name="T22"/></temps></instruction><instruction code="INCMH T1514, 0"><temps name="use"/><temps name="def"><temp name="T1514"/></temps><temps name="in"><temp name="T498"/><temp name="T22"/></temps><temps name="out"><temp name="T498"/><temp name="T22"/></temps></instruction><instruction code="INCH  T1514, 0"><temps name="use"/><temps name="def"><temp name="T1514"/></temps><temps name="in"><temp name="T498"/><temp name="T22"/></temps><temps name="out"><temp name="T498"/><temp name="T1514"/><temp name="T22"/></temps></instruction><instruction code="NEG T1514, 0, T1514"><temps name="use"><temp name="T1514"/></temps><temps name="def"><temp name="T1514"/></temps><temps name="in"><temp name="T498"/><temp name="T1514"/><temp name="T22"/></temps><temps name="out"><temp name="T498"/><temp name="T1514"/><temp name="T22"/></temps></instruction><instruction code="ADD T1515, T22, T1514"><temps name="use"><temp name="T22"/><temp name="T1514"/></temps><temps name="def"><temp name="T1515"/></temps><temps name="in"><temp name="T498"/><temp name="T1514"/><temp name="T22"/></temps><temps name="out"><temp name="T498"/><temp name="T1515"/><temp name="T22"/></temps></instruction><instruction code="SETL  T1517, 8"><temps name="use"/><temps name="def"><temp name="T1517"/></temps><temps name="in"><temp name="T498"/><temp name="T1515"/><temp name="T22"/></temps><temps name="out"><temp name="T498"/><temp name="T1515"/><temp name="T22"/></temps></instruction><instruction code="INCML T1517, 0"><temps name="use"/><temps name="def"><temp name="T1517"/></temps><temps name="in"><temp name="T498"/><temp name="T1515"/><temp name="T22"/></temps><temps name="out"><temp name="T498"/><temp name="T1515"/><temp name="T22"/></temps></instruction><instruction code="INCMH T1517, 0"><temps name="use"/><temps name="def"><temp name="T1517"/></temps><temps name="in"><temp name="T498"/><temp name="T1515"/><temp name="T22"/></temps><temps name="out"><temp name="T498"/><temp name="T1515"/><temp name="T22"/></temps></instruction><instruction code="INCH  T1517, 0"><temps name="use"/><temps name="def"><temp name="T1517"/></temps><temps name="in"><temp name="T498"/><temp name="T1515"/><temp name="T22"/></temps><temps name="out"><temp name="T498"/><temp name="T1515"/><temp name="T22"/><temp name="T1517"/></temps></instruction><instruction code="ADD T1518, T22, T1517"><temps name="use"><temp name="T22"/><temp name="T1517"/></temps><temps name="def"><temp name="T1518"/></temps><temps name="in"><temp name="T498"/><temp name="T1515"/><temp name="T22"/><temp name="T1517"/></temps><temps name="out"><temp name="T498"/><temp name="T1515"/><temp name="T1518"/><temp name="T22"/></temps></instruction><instruction code="SETL  T1520, 8"><temps name="use"/><temps name="def"><temp name="T1520"/></temps><temps name="in"><temp name="T498"/><temp name="T1515"/><temp name="T1518"/><temp name="T22"/></temps><temps name="out"><temp name="T498"/><temp name="T1515"/><temp name="T1518"/><temp name="T22"/></temps></instruction><instruction code="INCML T1520, 0"><temps name="use"/><temps name="def"><temp name="T1520"/></temps><temps name="in"><temp name="T498"/><temp name="T1515"/><temp name="T1518"/><temp name="T22"/></temps><temps name="out"><temp name="T498"/><temp name="T1515"/><temp name="T1518"/><temp name="T22"/></temps></instruction><instruction code="INCMH T1520, 0"><temps name="use"/><temps name="def"><temp name="T1520"/></temps><temps name="in"><temp name="T498"/><temp name="T1515"/><temp name="T1518"/><temp name="T22"/></temps><temps name="out"><temp name="T498"/><temp name="T1515"/><temp name="T1518"/><temp name="T22"/></temps></instruction><instruction code="INCH  T1520, 0"><temps name="use"/><temps name="def"><temp name="T1520"/></temps><temps name="in"><temp name="T498"/><temp name="T1515"/><temp name="T1518"/><temp name="T22"/></temps><temps name="out"><temp name="T498"/><temp name="T1520"/><temp name="T1515"/><temp name="T1518"/><temp name="T22"/></temps></instruction><instruction code="ADD T1521, T22, T1520"><temps name="use"><temp name="T22"/><temp name="T1520"/></temps><temps name="def"><temp name="T1521"/></temps><temps name="in"><temp name="T498"/><temp name="T1520"/><temp name="T1515"/><temp name="T1518"/><temp name="T22"/></temps><temps name="out"><temp name="T498"/><temp name="T1521"/><temp name="T1515"/><temp name="T1518"/><temp name="T22"/></temps></instruction><instruction code="SETL  T1523, 72"><temps name="use"/><temps name="def"><temp name="T1523"/></temps><temps name="in"><temp name="T498"/><temp name="T1521"/><temp name="T1515"/><temp name="T1518"/><temp name="T22"/></temps><temps name="out"><temp name="T498"/><temp name="T1521"/><temp name="T1515"/><temp name="T1518"/><temp name="T22"/></temps></instruction><instruction code="INCML T1523, 0"><temps name="use"/><temps name="def"><temp name="T1523"/></temps><temps name="in"><temp name="T498"/><temp name="T1521"/><temp name="T1515"/><temp name="T1518"/><temp name="T22"/></temps><temps name="out"><temp name="T498"/><temp name="T1521"/><temp name="T1515"/><temp name="T1518"/><temp name="T22"/></temps></instruction><instruction code="INCMH T1523, 0"><temps name="use"/><temps name="def"><temp name="T1523"/></temps><temps name="in"><temp name="T498"/><temp name="T1521"/><temp name="T1515"/><temp name="T1518"/><temp name="T22"/></temps><temps name="out"><temp name="T498"/><temp name="T1521"/><temp name="T1515"/><temp name="T1518"/><temp name="T22"/></temps></instruction><instruction code="INCH  T1523, 0"><temps name="use"/><temps name="def"><temp name="T1523"/></temps><temps name="in"><temp name="T498"/><temp name="T1521"/><temp name="T1515"/><temp name="T1518"/><temp name="T22"/></temps><temps name="out"><temp name="T1523"/><temp name="T498"/><temp name="T1521"/><temp name="T1515"/><temp name="T1518"/><temp name="T22"/></temps></instruction><instruction code="MUL T1524, T1521, T1523"><temps name="use"><temp name="T1521"/><temp name="T1523"/></temps><temps name="def"><temp name="T1524"/></temps><temps name="in"><temp name="T1523"/><temp name="T498"/><temp name="T1521"/><temp name="T1515"/><temp name="T1518"/><temp name="T22"/></temps><temps name="out"><temp name="T498"/><temp name="T1524"/><temp name="T1515"/><temp name="T1518"/><temp name="T22"/></temps></instruction><instruction code="ADD T1525, T1518, T1524"><temps name="use"><temp name="T1518"/><temp name="T1524"/></temps><temps name="def"><temp name="T1525"/></temps><temps name="in"><temp name="T498"/><temp name="T1524"/><temp name="T1515"/><temp name="T1518"/><temp name="T22"/></temps><temps name="out"><temp name="T498"/><temp name="T1515"/><temp name="T1525"/><temp name="T22"/></temps></instruction><instruction code="SETL  T1526, 88"><temps name="use"/><temps name="def"><temp name="T1526"/></temps><temps name="in"><temp name="T498"/><temp name="T1515"/><temp name="T1525"/><temp name="T22"/></temps><temps name="out"><temp name="T498"/><temp name="T1515"/><temp name="T1525"/><temp name="T22"/></temps></instruction><instruction code="INCML T1526, 0"><temps name="use"/><temps name="def"><temp name="T1526"/></temps><temps name="in"><temp name="T498"/><temp name="T1515"/><temp name="T1525"/><temp name="T22"/></temps><temps name="out"><temp name="T498"/><temp name="T1515"/><temp name="T1525"/><temp name="T22"/></temps></instruction><instruction code="INCMH T1526, 0"><temps name="use"/><temps name="def"><temp name="T1526"/></temps><temps name="in"><temp name="T498"/><temp name="T1515"/><temp name="T1525"/><temp name="T22"/></temps><temps name="out"><temp name="T498"/><temp name="T1515"/><temp name="T1525"/><temp name="T22"/></temps></instruction><instruction code="INCH  T1526, 0"><temps name="use"/><temps name="def"><temp name="T1526"/></temps><temps name="in"><temp name="T498"/><temp name="T1515"/><temp name="T1525"/><temp name="T22"/></temps><temps name="out"><temp name="T498"/><temp name="T1526"/><temp name="T1515"/><temp name="T1525"/><temp name="T22"/></temps></instruction><instruction code="NEG T1526, 0, T1526"><temps name="use"><temp name="T1526"/></temps><temps name="def"><temp name="T1526"/></temps><temps name="in"><temp name="T498"/><temp name="T1526"/><temp name="T1515"/><temp name="T1525"/><temp name="T22"/></temps><temps name="out"><temp name="T498"/><temp name="T1526"/><temp name="T1515"/><temp name="T1525"/><temp name="T22"/></temps></instruction><instruction code="ADD T1527, T22, T1526"><temps name="use"><temp name="T22"/><temp name="T1526"/></temps><temps name="def"><temp name="T1527"/></temps><temps name="in"><temp name="T498"/><temp name="T1526"/><temp name="T1515"/><temp name="T1525"/><temp name="T22"/></temps><temps name="out"><temp name="T498"/><temp name="T1515"/><temp name="T1525"/><temp name="T1527"/><temp name="T22"/></temps></instruction><instruction code="SETL  T1529, 8"><temps name="use"/><temps name="def"><temp name="T1529"/></temps><temps name="in"><temp name="T498"/><temp name="T1515"/><temp name="T1525"/><temp name="T1527"/><temp name="T22"/></temps><temps name="out"><temp name="T498"/><temp name="T1515"/><temp name="T1525"/><temp name="T1527"/><temp name="T22"/></temps></instruction><instruction code="INCML T1529, 0"><temps name="use"/><temps name="def"><temp name="T1529"/></temps><temps name="in"><temp name="T498"/><temp name="T1515"/><temp name="T1525"/><temp name="T1527"/><temp name="T22"/></temps><temps name="out"><temp name="T498"/><temp name="T1515"/><temp name="T1525"/><temp name="T1527"/><temp name="T22"/></temps></instruction><instruction code="INCMH T1529, 0"><temps name="use"/><temps name="def"><temp name="T1529"/></temps><temps name="in"><temp name="T498"/><temp name="T1515"/><temp name="T1525"/><temp name="T1527"/><temp name="T22"/></temps><temps name="out"><temp name="T498"/><temp name="T1515"/><temp name="T1525"/><temp name="T1527"/><temp name="T22"/></temps></instruction><instruction code="INCH  T1529, 0"><temps name="use"/><temps name="def"><temp name="T1529"/></temps><temps name="in"><temp name="T498"/><temp name="T1515"/><temp name="T1525"/><temp name="T1527"/><temp name="T22"/></temps><temps name="out"><temp name="T498"/><temp name="T1529"/><temp name="T1515"/><temp name="T1525"/><temp name="T1527"/><temp name="T22"/></temps></instruction><instruction code="MUL T1530, T1527, T1529"><temps name="use"><temp name="T1527"/><temp name="T1529"/></temps><temps name="def"><temp name="T1530"/></temps><temps name="in"><temp name="T498"/><temp name="T1529"/><temp name="T1515"/><temp name="T1525"/><temp name="T1527"/><temp name="T22"/></temps><temps name="out"><temp name="T1530"/><temp name="T498"/><temp name="T1515"/><temp name="T1525"/><temp name="T22"/></temps></instruction><instruction code="ADD T1531, T1525, T1530"><temps name="use"><temp name="T1525"/><temp name="T1530"/></temps><temps name="def"><temp name="T1531"/></temps><temps name="in"><temp name="T1530"/><temp name="T498"/><temp name="T1515"/><temp name="T1525"/><temp name="T22"/></temps><temps name="out"><temp name="T498"/><temp name="T1515"/><temp name="T22"/><temp name="T1531"/></temps></instruction><instruction code="SETL  T1533, 8"><temps name="use"/><temps name="def"><temp name="T1533"/></temps><temps name="in"><temp name="T498"/><temp name="T1515"/><temp name="T22"/><temp name="T1531"/></temps><temps name="out"><temp name="T498"/><temp name="T1515"/><temp name="T22"/><temp name="T1531"/></temps></instruction><instruction code="INCML T1533, 0"><temps name="use"/><temps name="def"><temp name="T1533"/></temps><temps name="in"><temp name="T498"/><temp name="T1515"/><temp name="T22"/><temp name="T1531"/></temps><temps name="out"><temp name="T498"/><temp name="T1515"/><temp name="T22"/><temp name="T1531"/></temps></instruction><instruction code="INCMH T1533, 0"><temps name="use"/><temps name="def"><temp name="T1533"/></temps><temps name="in"><temp name="T498"/><temp name="T1515"/><temp name="T22"/><temp name="T1531"/></temps><temps name="out"><temp name="T498"/><temp name="T1515"/><temp name="T22"/><temp name="T1531"/></temps></instruction><instruction code="INCH  T1533, 0"><temps name="use"/><temps name="def"><temp name="T1533"/></temps><temps name="in"><temp name="T498"/><temp name="T1515"/><temp name="T22"/><temp name="T1531"/></temps><temps name="out"><temp name="T1533"/><temp name="T498"/><temp name="T1515"/><temp name="T22"/><temp name="T1531"/></temps></instruction><instruction code="MUL T1534, T1531, T1533"><temps name="use"><temp name="T1531"/><temp name="T1533"/></temps><temps name="def"><temp name="T1534"/></temps><temps name="in"><temp name="T1533"/><temp name="T498"/><temp name="T1515"/><temp name="T22"/><temp name="T1531"/></temps><temps name="out"><temp name="T498"/><temp name="T1515"/><temp name="T1534"/><temp name="T22"/></temps></instruction><instruction code="ADD T1535, T1515, T1534"><temps name="use"><temp name="T1515"/><temp name="T1534"/></temps><temps name="def"><temp name="T1535"/></temps><temps name="in"><temp name="T498"/><temp name="T1515"/><temp name="T1534"/><temp name="T22"/></temps><temps name="out"><temp name="T1535"/><temp name="T498"/><temp name="T22"/></temps></instruction><instruction code="STO T1535, T498, 0"><temps name="use"><temp name="T1535"/><temp name="T498"/></temps><temps name="def"/><temps name="in"><temp name="T1535"/><temp name="T498"/><temp name="T22"/></temps><temps name="out"><temp name="T22"/></temps></instruction><instruction code="L55"><temps name="use"/><temps name="def"/><temps name="in"><temp name="T22"/></temps><temps name="out"><temp name="T22"/></temps></instruction><instruction code="L57"><temps name="use"/><temps name="def"/><temps name="in"><temp name="T22"/></temps><temps name="out"><temp name="T22"/></temps></instruction><instruction code="OR T499, T22, 0"><temps name="use"><temp name="T22"/></temps><temps name="def"><temp name="T499"/></temps><temps name="in"><temp name="T22"/></temps><temps name="out"><temp name="T499"/><temp name="T22"/></temps></instruction><instruction code="SETL  T1537, 88"><temps name="use"/><temps name="def"><temp name="T1537"/></temps><temps name="in"><temp name="T499"/><temp name="T22"/></temps><temps name="out"><temp name="T499"/><temp name="T22"/></temps></instruction><instruction code="INCML T1537, 0"><temps name="use"/><temps name="def"><temp name="T1537"/></temps><temps name="in"><temp name="T499"/><temp name="T22"/></temps><temps name="out"><temp name="T499"/><temp name="T22"/></temps></instruction><instruction code="INCMH T1537, 0"><temps name="use"/><temps name="def"><temp name="T1537"/></temps><temps name="in"><temp name="T499"/><temp name="T22"/></temps><temps name="out"><temp name="T499"/><temp name="T22"/></temps></instruction><instruction code="INCH  T1537, 0"><temps name="use"/><temps name="def"><temp name="T1537"/></temps><temps name="in"><temp name="T499"/><temp name="T22"/></temps><temps name="out"><temp name="T499"/><temp name="T22"/><temp name="T1537"/></temps></instruction><instruction code="NEG T1537, 0, T1537"><temps name="use"><temp name="T1537"/></temps><temps name="def"><temp name="T1537"/></temps><temps name="in"><temp name="T499"/><temp name="T22"/><temp name="T1537"/></temps><temps name="out"><temp name="T499"/><temp name="T22"/><temp name="T1537"/></temps></instruction><instruction code="OR T500, T1537, 0"><temps name="use"><temp name="T1537"/></temps><temps name="def"><temp name="T500"/></temps><temps name="in"><temp name="T499"/><temp name="T22"/><temp name="T1537"/></temps><temps name="out"><temp name="T499"/><temp name="T22"/><temp name="T500"/></temps></instruction><instruction code="ADD T1538, T499, T500"><temps name="use"><temp name="T499"/><temp name="T500"/></temps><temps name="def"><temp name="T1538"/></temps><temps name="in"><temp name="T499"/><temp name="T22"/><temp name="T500"/></temps><temps name="out"><temp name="T22"/><temp name="T1538"/></temps></instruction><instruction code="OR T501, T1538, 0"><temps name="use"><temp name="T1538"/></temps><temps name="def"><temp name="T501"/></temps><temps name="in"><temp name="T22"/><temp name="T1538"/></temps><temps name="out"><temp name="T501"/><temp name="T22"/></temps></instruction><instruction code="OR T502, T501, 0"><temps name="use"><temp name="T501"/></temps><temps name="def"><temp name="T502"/></temps><temps name="in"><temp name="T501"/><temp name="T22"/></temps><temps name="out"><temp name="T22"/><temp name="T502"/></temps></instruction><instruction code="SETL  T1540, 1"><temps name="use"/><temps name="def"><temp name="T1540"/></temps><temps name="in"><temp name="T22"/><temp name="T502"/></temps><temps name="out"><temp name="T22"/><temp name="T502"/></temps></instruction><instruction code="INCML T1540, 0"><temps name="use"/><temps name="def"><temp name="T1540"/></temps><temps name="in"><temp name="T22"/><temp name="T502"/></temps><temps name="out"><temp name="T22"/><temp name="T502"/></temps></instruction><instruction code="INCMH T1540, 0"><temps name="use"/><temps name="def"><temp name="T1540"/></temps><temps name="in"><temp name="T22"/><temp name="T502"/></temps><temps name="out"><temp name="T22"/><temp name="T502"/></temps></instruction><instruction code="INCH  T1540, 0"><temps name="use"/><temps name="def"><temp name="T1540"/></temps><temps name="in"><temp name="T22"/><temp name="T502"/></temps><temps name="out"><temp name="T1540"/><temp name="T22"/><temp name="T502"/></temps></instruction><instruction code="OR T503, T1540, 0"><temps name="use"><temp name="T1540"/></temps><temps name="def"><temp name="T503"/></temps><temps name="in"><temp name="T1540"/><temp name="T22"/><temp name="T502"/></temps><temps name="out"><temp name="T22"/><temp name="T502"/><temp name="T503"/></temps></instruction><instruction code="ADD T1541, T502, T503"><temps name="use"><temp name="T502"/><temp name="T503"/></temps><temps name="def"><temp name="T1541"/></temps><temps name="in"><temp name="T22"/><temp name="T502"/><temp name="T503"/></temps><temps name="out"><temp name="T22"/><temp name="T1541"/></temps></instruction><instruction code="OR T504, T1541, 0"><temps name="use"><temp name="T1541"/></temps><temps name="def"><temp name="T504"/></temps><temps name="in"><temp name="T22"/><temp name="T1541"/></temps><temps name="out"><temp name="T22"/><temp name="T504"/></temps></instruction><instruction code="SETL  T1542, 88"><temps name="use"/><temps name="def"><temp name="T1542"/></temps><temps name="in"><temp name="T22"/><temp name="T504"/></temps><temps name="out"><temp name="T22"/><temp name="T504"/></temps></instruction><instruction code="INCML T1542, 0"><temps name="use"/><temps name="def"><temp name="T1542"/></temps><temps name="in"><temp name="T22"/><temp name="T504"/></temps><temps name="out"><temp name="T22"/><temp name="T504"/></temps></instruction><instruction code="INCMH T1542, 0"><temps name="use"/><temps name="def"><temp name="T1542"/></temps><temps name="in"><temp name="T22"/><temp name="T504"/></temps><temps name="out"><temp name="T22"/><temp name="T504"/></temps></instruction><instruction code="INCH  T1542, 0"><temps name="use"/><temps name="def"><temp name="T1542"/></temps><temps name="in"><temp name="T22"/><temp name="T504"/></temps><temps name="out"><temp name="T22"/><temp name="T1542"/><temp name="T504"/></temps></instruction><instruction code="NEG T1542, 0, T1542"><temps name="use"><temp name="T1542"/></temps><temps name="def"><temp name="T1542"/></temps><temps name="in"><temp name="T22"/><temp name="T1542"/><temp name="T504"/></temps><temps name="out"><temp name="T22"/><temp name="T1542"/><temp name="T504"/></temps></instruction><instruction code="ADD T1543, T22, T1542"><temps name="use"><temp name="T22"/><temp name="T1542"/></temps><temps name="def"><temp name="T1543"/></temps><temps name="in"><temp name="T22"/><temp name="T1542"/><temp name="T504"/></temps><temps name="out"><temp name="T1543"/><temp name="T22"/><temp name="T504"/></temps></instruction><instruction code="STO T1543, T504, 0"><temps name="use"><temp name="T1543"/><temp name="T504"/></temps><temps name="def"/><temps name="in"><temp name="T1543"/><temp name="T22"/><temp name="T504"/></temps><temps name="out"><temp name="T22"/></temps></instruction><instruction code="LDA T1545, L58"><temps name="use"/><temps name="def"><temp name="T1545"/></temps><temps name="in"><temp name="T22"/></temps><temps name="out"><temp name="T1545"/><temp name="T22"/></temps></instruction><instruction code="GO T1545, T1545, 0"><temps name="use"><temp name="T1545"/></temps><temps name="def"><temp name="T1545"/></temps><temps name="in"><temp name="T1545"/><temp name="T22"/></temps><temps name="out"><temp name="T22"/></temps></instruction><instruction code="L60"><temps name="use"/><temps name="def"/><temps name="in"><temp name="T22"/></temps><temps name="out"><temp name="T22"/></temps></instruction><instruction code="OR T505, T22, 0"><temps name="use"><temp name="T22"/></temps><temps name="def"><temp name="T505"/></temps><temps name="in"><temp name="T22"/></temps><temps name="out"><temp name="T505"/></temps></instruction><instruction code="SETL  T1546, 96"><temps name="use"/><temps name="def"><temp name="T1546"/></temps><temps name="in"><temp name="T505"/></temps><temps name="out"><temp name="T505"/></temps></instruction><instruction code="INCML T1546, 0"><temps name="use"/><temps name="def"><temp name="T1546"/></temps><temps name="in"><temp name="T505"/></temps><temps name="out"><temp name="T505"/></temps></instruction><instruction code="INCMH T1546, 0"><temps name="use"/><temps name="def"><temp name="T1546"/></temps><temps name="in"><temp name="T505"/></temps><temps name="out"><temp name="T505"/></temps></instruction><instruction code="INCH  T1546, 0"><temps name="use"/><temps name="def"><temp name="T1546"/></temps><temps name="in"><temp name="T505"/></temps><temps name="out"><temp name="T505"/><temp name="T1546"/></temps></instruction><instruction code="NEG T1546, 0, T1546"><temps name="use"><temp name="T1546"/></temps><temps name="def"><temp name="T1546"/></temps><temps name="in"><temp name="T505"/><temp name="T1546"/></temps><temps name="out"><temp name="T505"/><temp name="T1546"/></temps></instruction><instruction code="OR T506, T1546, 0"><temps name="use"><temp name="T1546"/></temps><temps name="def"><temp name="T506"/></temps><temps name="in"><temp name="T505"/><temp name="T1546"/></temps><temps name="out"><temp name="T506"/><temp name="T505"/></temps></instruction><instruction code="ADD T1547, T505, T506"><temps name="use"><temp name="T505"/><temp name="T506"/></temps><temps name="def"><temp name="T1547"/></temps><temps name="in"><temp name="T506"/><temp name="T505"/></temps><temps name="out"><temp name="T1547"/></temps></instruction><instruction code="OR T507, T1547, 0"><temps name="use"><temp name="T1547"/></temps><temps name="def"><temp name="T507"/></temps><temps name="in"><temp name="T1547"/></temps><temps name="out"><temp name="T507"/></temps></instruction><instruction code="OR T508, T507, 0"><temps name="use"><temp name="T507"/></temps><temps name="def"><temp name="T508"/></temps><temps name="in"><temp name="T507"/></temps><temps name="out"><temp name="T508"/></temps></instruction><instruction code="OR T23, T508, 0"><temps name="use"><temp name="T508"/></temps><temps name="def"><temp name="T23"/></temps><temps name="in"><temp name="T508"/></temps><temps name="out"/></instruction><instruction code="LDA T1549, L136"><temps name="use"/><temps name="def"><temp name="T1549"/></temps><temps name="in"/><temps name="out"><temp name="T1549"/></temps></instruction><instruction code="GO T1549, T1549, 0"><temps name="use"><temp name="T1549"/></temps><temps name="def"><temp name="T1549"/></temps><temps name="in"><temp name="T1549"/></temps><temps name="out"/></instruction></instructions></code><code entrylabel="L141" exitlabel="L142" tempsize="0"><frame FP="T24" RV="T25" argssize="0" depth="2" label="L2" locssize="96" size="112"/><instructions><instruction code="L141"><temps name="use"/><temps name="def"/><temps name="in"><temp name="T24"/></temps><temps name="out"><temp name="T24"/></temps></instruction><instruction code="SETL  T1550, 1"><temps name="use"/><temps name="def"><temp name="T1550"/></temps><temps name="in"><temp name="T24"/></temps><temps name="out"><temp name="T24"/></temps></instruction><instruction code="INCML T1550, 0"><temps name="use"/><temps name="def"><temp name="T1550"/></temps><temps name="in"><temp name="T24"/></temps><temps name="out"><temp name="T24"/></temps></instruction><instruction code="INCMH T1550, 0"><temps name="use"/><temps name="def"><temp name="T1550"/></temps><temps name="in"><temp name="T24"/></temps><temps name="out"><temp name="T24"/></temps></instruction><instruction code="INCH  T1550, 0"><temps name="use"/><temps name="def"><temp name="T1550"/></temps><temps name="in"><temp name="T24"/></temps><temps name="out"><temp name="T24"/><temp name="T1550"/></temps></instruction><instruction code="OR T509, T1550, 0"><temps name="use"><temp name="T1550"/></temps><temps name="def"><temp name="T509"/></temps><temps name="in"><temp name="T24"/><temp name="T1550"/></temps><temps name="out"><temp name="T509"/><temp name="T24"/></temps></instruction><instruction code="SETL  T1551, 96"><temps name="use"/><temps name="def"><temp name="T1551"/></temps><temps name="in"><temp name="T509"/><temp name="T24"/></temps><temps name="out"><temp name="T509"/><temp name="T24"/></temps></instruction><instruction code="INCML T1551, 0"><temps name="use"/><temps name="def"><temp name="T1551"/></temps><temps name="in"><temp name="T509"/><temp name="T24"/></temps><temps name="out"><temp name="T509"/><temp name="T24"/></temps></instruction><instruction code="INCMH T1551, 0"><temps name="use"/><temps name="def"><temp name="T1551"/></temps><temps name="in"><temp name="T509"/><temp name="T24"/></temps><temps name="out"><temp name="T509"/><temp name="T24"/></temps></instruction><instruction code="INCH  T1551, 0"><temps name="use"/><temps name="def"><temp name="T1551"/></temps><temps name="in"><temp name="T509"/><temp name="T24"/></temps><temps name="out"><temp name="T509"/><temp name="T24"/><temp name="T1551"/></temps></instruction><instruction code="NEG T1551, 0, T1551"><temps name="use"><temp name="T1551"/></temps><temps name="def"><temp name="T1551"/></temps><temps name="in"><temp name="T509"/><temp name="T24"/><temp name="T1551"/></temps><temps name="out"><temp name="T509"/><temp name="T24"/><temp name="T1551"/></temps></instruction><instruction code="ADD T1552, T24, T1551"><temps name="use"><temp name="T24"/><temp name="T1551"/></temps><temps name="def"><temp name="T1552"/></temps><temps name="in"><temp name="T509"/><temp name="T24"/><temp name="T1551"/></temps><temps name="out"><temp name="T509"/><temp name="T24"/><temp name="T1552"/></temps></instruction><instruction code="STO T1552, T509, 0"><temps name="use"><temp name="T1552"/><temp name="T509"/></temps><temps name="def"/><temps name="in"><temp name="T509"/><temp name="T24"/><temp name="T1552"/></temps><temps name="out"><temp name="T24"/></temps></instruction><instruction code="SETL  T1554, 1"><temps name="use"/><temps name="def"><temp name="T1554"/></temps><temps name="in"><temp name="T24"/></temps><temps name="out"><temp name="T24"/></temps></instruction><instruction code="INCML T1554, 0"><temps name="use"/><temps name="def"><temp name="T1554"/></temps><temps name="in"><temp name="T24"/></temps><temps name="out"><temp name="T24"/></temps></instruction><instruction code="INCMH T1554, 0"><temps name="use"/><temps name="def"><temp name="T1554"/></temps><temps name="in"><temp name="T24"/></temps><temps name="out"><temp name="T24"/></temps></instruction><instruction code="INCH  T1554, 0"><temps name="use"/><temps name="def"><temp name="T1554"/></temps><temps name="in"><temp name="T24"/></temps><temps name="out"><temp name="T1554"/><temp name="T24"/></temps></instruction><instruction code="OR T510, T1554, 0"><temps name="use"><temp name="T1554"/></temps><temps name="def"><temp name="T510"/></temps><temps name="in"><temp name="T1554"/><temp name="T24"/></temps><temps name="out"><temp name="T24"/><temp name="T510"/></temps></instruction><instruction code="SETL  T1555, 88"><temps name="use"/><temps name="def"><temp name="T1555"/></temps><temps name="in"><temp name="T24"/><temp name="T510"/></temps><temps name="out"><temp name="T24"/><temp name="T510"/></temps></instruction><instruction code="INCML T1555, 0"><temps name="use"/><temps name="def"><temp name="T1555"/></temps><temps name="in"><temp name="T24"/><temp name="T510"/></temps><temps name="out"><temp name="T24"/><temp name="T510"/></temps></instruction><instruction code="INCMH T1555, 0"><temps name="use"/><temps name="def"><temp name="T1555"/></temps><temps name="in"><temp name="T24"/><temp name="T510"/></temps><temps name="out"><temp name="T24"/><temp name="T510"/></temps></instruction><instruction code="INCH  T1555, 0"><temps name="use"/><temps name="def"><temp name="T1555"/></temps><temps name="in"><temp name="T24"/><temp name="T510"/></temps><temps name="out"><temp name="T1555"/><temp name="T24"/><temp name="T510"/></temps></instruction><instruction code="NEG T1555, 0, T1555"><temps name="use"><temp name="T1555"/></temps><temps name="def"><temp name="T1555"/></temps><temps name="in"><temp name="T1555"/><temp name="T24"/><temp name="T510"/></temps><temps name="out"><temp name="T1555"/><temp name="T24"/><temp name="T510"/></temps></instruction><instruction code="ADD T1556, T24, T1555"><temps name="use"><temp name="T24"/><temp name="T1555"/></temps><temps name="def"><temp name="T1556"/></temps><temps name="in"><temp name="T1555"/><temp name="T24"/><temp name="T510"/></temps><temps name="out"><temp name="T1556"/><temp name="T24"/><temp name="T510"/></temps></instruction><instruction code="STO T1556, T510, 0"><temps name="use"><temp name="T1556"/><temp name="T510"/></temps><temps name="def"/><temps name="in"><temp name="T1556"/><temp name="T24"/><temp name="T510"/></temps><temps name="out"><temp name="T24"/></temps></instruction><instruction code="L61"><temps name="use"/><temps name="def"/><temps name="in"><temp name="T24"/></temps><temps name="out"><temp name="T24"/></temps></instruction><instruction code="OR T511, T24, 0"><temps name="use"><temp name="T24"/></temps><temps name="def"><temp name="T511"/></temps><temps name="in"><temp name="T24"/></temps><temps name="out"><temp name="T24"/><temp name="T511"/></temps></instruction><instruction code="SETL  T1558, 88"><temps name="use"/><temps name="def"><temp name="T1558"/></temps><temps name="in"><temp name="T24"/><temp name="T511"/></temps><temps name="out"><temp name="T24"/><temp name="T511"/></temps></instruction><instruction code="INCML T1558, 0"><temps name="use"/><temps name="def"><temp name="T1558"/></temps><temps name="in"><temp name="T24"/><temp name="T511"/></temps><temps name="out"><temp name="T24"/><temp name="T511"/></temps></instruction><instruction code="INCMH T1558, 0"><temps name="use"/><temps name="def"><temp name="T1558"/></temps><temps name="in"><temp name="T24"/><temp name="T511"/></temps><temps name="out"><temp name="T24"/><temp name="T511"/></temps></instruction><instruction code="INCH  T1558, 0"><temps name="use"/><temps name="def"><temp name="T1558"/></temps><temps name="in"><temp name="T24"/><temp name="T511"/></temps><temps name="out"><temp name="T24"/><temp name="T1558"/><temp name="T511"/></temps></instruction><instruction code="NEG T1558, 0, T1558"><temps name="use"><temp name="T1558"/></temps><temps name="def"><temp name="T1558"/></temps><temps name="in"><temp name="T24"/><temp name="T1558"/><temp name="T511"/></temps><temps name="out"><temp name="T24"/><temp name="T1558"/><temp name="T511"/></temps></instruction><instruction code="OR T512, T1558, 0"><temps name="use"><temp name="T1558"/></temps><temps name="def"><temp name="T512"/></temps><temps name="in"><temp name="T24"/><temp name="T1558"/><temp name="T511"/></temps><temps name="out"><temp name="T24"/><temp name="T512"/><temp name="T511"/></temps></instruction><instruction code="ADD T1559, T511, T512"><temps name="use"><temp name="T511"/><temp name="T512"/></temps><temps name="def"><temp name="T1559"/></temps><temps name="in"><temp name="T24"/><temp name="T512"/><temp name="T511"/></temps><temps name="out"><temp name="T24"/><temp name="T1559"/></temps></instruction><instruction code="OR T513, T1559, 0"><temps name="use"><temp name="T1559"/></temps><temps name="def"><temp name="T513"/></temps><temps name="in"><temp name="T24"/><temp name="T1559"/></temps><temps name="out"><temp name="T24"/><temp name="T513"/></temps></instruction><instruction code="OR T514, T513, 0"><temps name="use"><temp name="T513"/></temps><temps name="def"><temp name="T514"/></temps><temps name="in"><temp name="T24"/><temp name="T513"/></temps><temps name="out"><temp name="T514"/><temp name="T24"/></temps></instruction><instruction code="SETL  T1561, 9"><temps name="use"/><temps name="def"><temp name="T1561"/></temps><temps name="in"><temp name="T514"/><temp name="T24"/></temps><temps name="out"><temp name="T514"/><temp name="T24"/></temps></instruction><instruction code="INCML T1561, 0"><temps name="use"/><temps name="def"><temp name="T1561"/></temps><temps name="in"><temp name="T514"/><temp name="T24"/></temps><temps name="out"><temp name="T514"/><temp name="T24"/></temps></instruction><instruction code="INCMH T1561, 0"><temps name="use"/><temps name="def"><temp name="T1561"/></temps><temps name="in"><temp name="T514"/><temp name="T24"/></temps><temps name="out"><temp name="T514"/><temp name="T24"/></temps></instruction><instruction code="INCH  T1561, 0"><temps name="use"/><temps name="def"><temp name="T1561"/></temps><temps name="in"><temp name="T514"/><temp name="T24"/></temps><temps name="out"><temp name="T514"/><temp name="T24"/><temp name="T1561"/></temps></instruction><instruction code="OR T515, T1561, 0"><temps name="use"><temp name="T1561"/></temps><temps name="def"><temp name="T515"/></temps><temps name="in"><temp name="T514"/><temp name="T24"/><temp name="T1561"/></temps><temps name="out"><temp name="T514"/><temp name="T515"/><temp name="T24"/></temps></instruction><instruction code="CMP T1562, T514, T515"><temps name="use"><temp name="T514"/><temp name="T515"/></temps><temps name="def"><temp name="T1562"/></temps><temps name="in"><temp name="T514"/><temp name="T515"/><temp name="T24"/></temps><temps name="out"><temp name="T24"/><temp name="T1562"/></temps></instruction><instruction code="ZSNP T1562, T1562, 1"><temps name="use"><temp name="T1562"/></temps><temps name="def"><temp name="T1562"/></temps><temps name="in"><temp name="T24"/><temp name="T1562"/></temps><temps name="out"><temp name="T24"/><temp name="T1562"/></temps></instruction><instruction code="OR T516, T1562, 0"><temps name="use"><temp name="T1562"/></temps><temps name="def"><temp name="T516"/></temps><temps name="in"><temp name="T24"/><temp name="T1562"/></temps><temps name="out"><temp name="T24"/><temp name="T516"/></temps></instruction><instruction code="BNZ T516, L62"><temps name="use"><temp name="T516"/></temps><temps name="def"/><temps name="in"><temp name="T24"/><temp name="T516"/></temps><temps name="out"><temp name="T24"/></temps></instruction><instruction code="L137"><temps name="use"/><temps name="def"/><temps name="in"><temp name="T24"/></temps><temps name="out"><temp name="T24"/></temps></instruction><instruction code="LDA T1563, L63"><temps name="use"/><temps name="def"><temp name="T1563"/></temps><temps name="in"><temp name="T24"/></temps><temps name="out"><temp name="T24"/><temp name="T1563"/></temps></instruction><instruction code="GO T1563, T1563, 0"><temps name="use"><temp name="T1563"/></temps><temps name="def"><temp name="T1563"/></temps><temps name="in"><temp name="T24"/><temp name="T1563"/></temps><temps name="out"><temp name="T24"/></temps></instruction><instruction code="L62"><temps name="use"/><temps name="def"/><temps name="in"><temp name="T24"/></temps><temps name="out"><temp name="T24"/></temps></instruction><instruction code="SETL  T1564, 0"><temps name="use"/><temps name="def"><temp name="T1564"/></temps><temps name="in"><temp name="T24"/></temps><temps name="out"><temp name="T24"/></temps></instruction><instruction code="INCML T1564, 0"><temps name="use"/><temps name="def"><temp name="T1564"/></temps><temps name="in"><temp name="T24"/></temps><temps name="out"><temp name="T24"/></temps></instruction><instruction code="INCMH T1564, 0"><temps name="use"/><temps name="def"><temp name="T1564"/></temps><temps name="in"><temp name="T24"/></temps><temps name="out"><temp name="T24"/></temps></instruction><instruction code="INCH  T1564, 0"><temps name="use"/><temps name="def"><temp name="T1564"/></temps><temps name="in"><temp name="T24"/></temps><temps name="out"><temp name="T1564"/><temp name="T24"/></temps></instruction><instruction code="OR T517, T1564, 0"><temps name="use"><temp name="T1564"/></temps><temps name="def"><temp name="T517"/></temps><temps name="in"><temp name="T1564"/><temp name="T24"/></temps><temps name="out"><temp name="T517"/><temp name="T24"/></temps></instruction><instruction code="SETL  T1565, 80"><temps name="use"/><temps name="def"><temp name="T1565"/></temps><temps name="in"><temp name="T517"/><temp name="T24"/></temps><temps name="out"><temp name="T517"/><temp name="T24"/></temps></instruction><instruction code="INCML T1565, 0"><temps name="use"/><temps name="def"><temp name="T1565"/></temps><temps name="in"><temp name="T517"/><temp name="T24"/></temps><temps name="out"><temp name="T517"/><temp name="T24"/></temps></instruction><instruction code="INCMH T1565, 0"><temps name="use"/><temps name="def"><temp name="T1565"/></temps><temps name="in"><temp name="T517"/><temp name="T24"/></temps><temps name="out"><temp name="T517"/><temp name="T24"/></temps></instruction><instruction code="INCH  T1565, 0"><temps name="use"/><temps name="def"><temp name="T1565"/></temps><temps name="in"><temp name="T517"/><temp name="T24"/></temps><temps name="out"><temp name="T517"/><temp name="T24"/><temp name="T1565"/></temps></instruction><instruction code="NEG T1565, 0, T1565"><temps name="use"><temp name="T1565"/></temps><temps name="def"><temp name="T1565"/></temps><temps name="in"><temp name="T517"/><temp name="T24"/><temp name="T1565"/></temps><temps name="out"><temp name="T517"/><temp name="T24"/><temp name="T1565"/></temps></instruction><instruction code="ADD T1566, T24, T1565"><temps name="use"><temp name="T24"/><temp name="T1565"/></temps><temps name="def"><temp name="T1566"/></temps><temps name="in"><temp name="T517"/><temp name="T24"/><temp name="T1565"/></temps><temps name="out"><temp name="T517"/><temp name="T24"/><temp name="T1566"/></temps></instruction><instruction code="SETL  T1567, 88"><temps name="use"/><temps name="def"><temp name="T1567"/></temps><temps name="in"><temp name="T517"/><temp name="T24"/><temp name="T1566"/></temps><temps name="out"><temp name="T517"/><temp name="T24"/><temp name="T1566"/></temps></instruction><instruction code="INCML T1567, 0"><temps name="use"/><temps name="def"><temp name="T1567"/></temps><temps name="in"><temp name="T517"/><temp name="T24"/><temp name="T1566"/></temps><temps name="out"><temp name="T517"/><temp name="T24"/><temp name="T1566"/></temps></instruction><instruction code="INCMH T1567, 0"><temps name="use"/><temps name="def"><temp name="T1567"/></temps><temps name="in"><temp name="T517"/><temp name="T24"/><temp name="T1566"/></temps><temps name="out"><temp name="T517"/><temp name="T24"/><temp name="T1566"/></temps></instruction><instruction code="INCH  T1567, 0"><temps name="use"/><temps name="def"><temp name="T1567"/></temps><temps name="in"><temp name="T517"/><temp name="T24"/><temp name="T1566"/></temps><temps name="out"><temp name="T517"/><temp name="T24"/><temp name="T1566"/><temp name="T1567"/></temps></instruction><instruction code="NEG T1567, 0, T1567"><temps name="use"><temp name="T1567"/></temps><temps name="def"><temp name="T1567"/></temps><temps name="in"><temp name="T517"/><temp name="T24"/><temp name="T1566"/><temp name="T1567"/></temps><temps name="out"><temp name="T517"/><temp name="T24"/><temp name="T1566"/><temp name="T1567"/></temps></instruction><instruction code="ADD T1568, T24, T1567"><temps name="use"><temp name="T24"/><temp name="T1567"/></temps><temps name="def"><temp name="T1568"/></temps><temps name="in"><temp name="T517"/><temp name="T24"/><temp name="T1566"/><temp name="T1567"/></temps><temps name="out"><temp name="T517"/><temp name="T24"/><temp name="T1566"/><temp name="T1568"/></temps></instruction><instruction code="SETL  T1570, 8"><temps name="use"/><temps name="def"><temp name="T1570"/></temps><temps name="in"><temp name="T517"/><temp name="T24"/><temp name="T1566"/><temp name="T1568"/></temps><temps name="out"><temp name="T517"/><temp name="T24"/><temp name="T1566"/><temp name="T1568"/></temps></instruction><instruction code="INCML T1570, 0"><temps name="use"/><temps name="def"><temp name="T1570"/></temps><temps name="in"><temp name="T517"/><temp name="T24"/><temp name="T1566"/><temp name="T1568"/></temps><temps name="out"><temp name="T517"/><temp name="T24"/><temp name="T1566"/><temp name="T1568"/></temps></instruction><instruction code="INCMH T1570, 0"><temps name="use"/><temps name="def"><temp name="T1570"/></temps><temps name="in"><temp name="T517"/><temp name="T24"/><temp name="T1566"/><temp name="T1568"/></temps><temps name="out"><temp name="T517"/><temp name="T24"/><temp name="T1566"/><temp name="T1568"/></temps></instruction><instruction code="INCH  T1570, 0"><temps name="use"/><temps name="def"><temp name="T1570"/></temps><temps name="in"><temp name="T517"/><temp name="T24"/><temp name="T1566"/><temp name="T1568"/></temps><temps name="out"><temp name="T517"/><temp name="T24"/><temp name="T1566"/><temp name="T1570"/><temp name="T1568"/></temps></instruction><instruction code="MUL T1571, T1568, T1570"><temps name="use"><temp name="T1568"/><temp name="T1570"/></temps><temps name="def"><temp name="T1571"/></temps><temps name="in"><temp name="T517"/><temp name="T24"/><temp name="T1566"/><temp name="T1570"/><temp name="T1568"/></temps><temps name="out"><temp name="T517"/><temp name="T24"/><temp name="T1566"/><temp name="T1571"/></temps></instruction><instruction code="ADD T1572, T1566, T1571"><temps name="use"><temp name="T1566"/><temp name="T1571"/></temps><temps name="def"><temp name="T1572"/></temps><temps name="in"><temp name="T517"/><temp name="T24"/><temp name="T1566"/><temp name="T1571"/></temps><temps name="out"><temp name="T1572"/><temp name="T517"/><temp name="T24"/></temps></instruction><instruction code="STO T1572, T517, 0"><temps name="use"><temp name="T1572"/><temp name="T517"/></temps><temps name="def"/><temps name="in"><temp name="T1572"/><temp name="T517"/><temp name="T24"/></temps><temps name="out"><temp name="T24"/></temps></instruction><instruction code="OR T518, T24, 0"><temps name="use"><temp name="T24"/></temps><temps name="def"><temp name="T518"/></temps><temps name="in"><temp name="T24"/></temps><temps name="out"><temp name="T24"/><temp name="T518"/></temps></instruction><instruction code="SETL  T1574, 88"><temps name="use"/><temps name="def"><temp name="T1574"/></temps><temps name="in"><temp name="T24"/><temp name="T518"/></temps><temps name="out"><temp name="T24"/><temp name="T518"/></temps></instruction><instruction code="INCML T1574, 0"><temps name="use"/><temps name="def"><temp name="T1574"/></temps><temps name="in"><temp name="T24"/><temp name="T518"/></temps><temps name="out"><temp name="T24"/><temp name="T518"/></temps></instruction><instruction code="INCMH T1574, 0"><temps name="use"/><temps name="def"><temp name="T1574"/></temps><temps name="in"><temp name="T24"/><temp name="T518"/></temps><temps name="out"><temp name="T24"/><temp name="T518"/></temps></instruction><instruction code="INCH  T1574, 0"><temps name="use"/><temps name="def"><temp name="T1574"/></temps><temps name="in"><temp name="T24"/><temp name="T518"/></temps><temps name="out"><temp name="T24"/><temp name="T1574"/><temp name="T518"/></temps></instruction><instruction code="NEG T1574, 0, T1574"><temps name="use"><temp name="T1574"/></temps><temps name="def"><temp name="T1574"/></temps><temps name="in"><temp name="T24"/><temp name="T1574"/><temp name="T518"/></temps><temps name="out"><temp name="T24"/><temp name="T1574"/><temp name="T518"/></temps></instruction><instruction code="OR T519, T1574, 0"><temps name="use"><temp name="T1574"/></temps><temps name="def"><temp name="T519"/></temps><temps name="in"><temp name="T24"/><temp name="T1574"/><temp name="T518"/></temps><temps name="out"><temp name="T24"/><temp name="T519"/><temp name="T518"/></temps></instruction><instruction code="ADD T1575, T518, T519"><temps name="use"><temp name="T518"/><temp name="T519"/></temps><temps name="def"><temp name="T1575"/></temps><temps name="in"><temp name="T24"/><temp name="T519"/><temp name="T518"/></temps><temps name="out"><temp name="T1575"/><temp name="T24"/></temps></instruction><instruction code="OR T520, T1575, 0"><temps name="use"><temp name="T1575"/></temps><temps name="def"><temp name="T520"/></temps><temps name="in"><temp name="T1575"/><temp name="T24"/></temps><temps name="out"><temp name="T520"/><temp name="T24"/></temps></instruction><instruction code="OR T521, T520, 0"><temps name="use"><temp name="T520"/></temps><temps name="def"><temp name="T521"/></temps><temps name="in"><temp name="T520"/><temp name="T24"/></temps><temps name="out"><temp name="T521"/><temp name="T24"/></temps></instruction><instruction code="SETL  T1577, 1"><temps name="use"/><temps name="def"><temp name="T1577"/></temps><temps name="in"><temp name="T521"/><temp name="T24"/></temps><temps name="out"><temp name="T521"/><temp name="T24"/></temps></instruction><instruction code="INCML T1577, 0"><temps name="use"/><temps name="def"><temp name="T1577"/></temps><temps name="in"><temp name="T521"/><temp name="T24"/></temps><temps name="out"><temp name="T521"/><temp name="T24"/></temps></instruction><instruction code="INCMH T1577, 0"><temps name="use"/><temps name="def"><temp name="T1577"/></temps><temps name="in"><temp name="T521"/><temp name="T24"/></temps><temps name="out"><temp name="T521"/><temp name="T24"/></temps></instruction><instruction code="INCH  T1577, 0"><temps name="use"/><temps name="def"><temp name="T1577"/></temps><temps name="in"><temp name="T521"/><temp name="T24"/></temps><temps name="out"><temp name="T521"/><temp name="T24"/><temp name="T1577"/></temps></instruction><instruction code="OR T522, T1577, 0"><temps name="use"><temp name="T1577"/></temps><temps name="def"><temp name="T522"/></temps><temps name="in"><temp name="T521"/><temp name="T24"/><temp name="T1577"/></temps><temps name="out"><temp name="T521"/><temp name="T522"/><temp name="T24"/></temps></instruction><instruction code="ADD T1578, T521, T522"><temps name="use"><temp name="T521"/><temp name="T522"/></temps><temps name="def"><temp name="T1578"/></temps><temps name="in"><temp name="T521"/><temp name="T522"/><temp name="T24"/></temps><temps name="out"><temp name="T1578"/><temp name="T24"/></temps></instruction><instruction code="OR T523, T1578, 0"><temps name="use"><temp name="T1578"/></temps><temps name="def"><temp name="T523"/></temps><temps name="in"><temp name="T1578"/><temp name="T24"/></temps><temps name="out"><temp name="T24"/><temp name="T523"/></temps></instruction><instruction code="SETL  T1579, 88"><temps name="use"/><temps name="def"><temp name="T1579"/></temps><temps name="in"><temp name="T24"/><temp name="T523"/></temps><temps name="out"><temp name="T24"/><temp name="T523"/></temps></instruction><instruction code="INCML T1579, 0"><temps name="use"/><temps name="def"><temp name="T1579"/></temps><temps name="in"><temp name="T24"/><temp name="T523"/></temps><temps name="out"><temp name="T24"/><temp name="T523"/></temps></instruction><instruction code="INCMH T1579, 0"><temps name="use"/><temps name="def"><temp name="T1579"/></temps><temps name="in"><temp name="T24"/><temp name="T523"/></temps><temps name="out"><temp name="T24"/><temp name="T523"/></temps></instruction><instruction code="INCH  T1579, 0"><temps name="use"/><temps name="def"><temp name="T1579"/></temps><temps name="in"><temp name="T24"/><temp name="T523"/></temps><temps name="out"><temp name="T24"/><temp name="T1579"/><temp name="T523"/></temps></instruction><instruction code="NEG T1579, 0, T1579"><temps name="use"><temp name="T1579"/></temps><temps name="def"><temp name="T1579"/></temps><temps name="in"><temp name="T24"/><temp name="T1579"/><temp name="T523"/></temps><temps name="out"><temp name="T24"/><temp name="T1579"/><temp name="T523"/></temps></instruction><instruction code="ADD T1580, T24, T1579"><temps name="use"><temp name="T24"/><temp name="T1579"/></temps><temps name="def"><temp name="T1580"/></temps><temps name="in"><temp name="T24"/><temp name="T1579"/><temp name="T523"/></temps><temps name="out"><temp name="T1580"/><temp name="T24"/><temp name="T523"/></temps></instruction><instruction code="STO T1580, T523, 0"><temps name="use"><temp name="T1580"/><temp name="T523"/></temps><temps name="def"/><temps name="in"><temp name="T1580"/><temp name="T24"/><temp name="T523"/></temps><temps name="out"><temp name="T24"/></temps></instruction><instruction code="LDA T1582, L61"><temps name="use"/><temps name="def"><temp name="T1582"/></temps><temps name="in"><temp name="T24"/></temps><temps name="out"><temp name="T24"/><temp name="T1582"/></temps></instruction><instruction code="GO T1582, T1582, 0"><temps name="use"><temp name="T1582"/></temps><temps name="def"><temp name="T1582"/></temps><temps name="in"><temp name="T24"/><temp name="T1582"/></temps><temps name="out"><temp name="T24"/></temps></instruction><instruction code="L63"><temps name="use"/><temps name="def"/><temps name="in"><temp name="T24"/></temps><temps name="out"><temp name="T24"/></temps></instruction><instruction code="SETL  T1583, 0"><temps name="use"/><temps name="def"><temp name="T1583"/></temps><temps name="in"><temp name="T24"/></temps><temps name="out"><temp name="T24"/></temps></instruction><instruction code="INCML T1583, 0"><temps name="use"/><temps name="def"><temp name="T1583"/></temps><temps name="in"><temp name="T24"/></temps><temps name="out"><temp name="T24"/></temps></instruction><instruction code="INCMH T1583, 0"><temps name="use"/><temps name="def"><temp name="T1583"/></temps><temps name="in"><temp name="T24"/></temps><temps name="out"><temp name="T24"/></temps></instruction><instruction code="INCH  T1583, 0"><temps name="use"/><temps name="def"><temp name="T1583"/></temps><temps name="in"><temp name="T24"/></temps><temps name="out"><temp name="T1583"/><temp name="T24"/></temps></instruction><instruction code="OR T524, T1583, 0"><temps name="use"><temp name="T1583"/></temps><temps name="def"><temp name="T524"/></temps><temps name="in"><temp name="T1583"/><temp name="T24"/></temps><temps name="out"><temp name="T524"/><temp name="T24"/></temps></instruction><instruction code="SETL  T1584, 88"><temps name="use"/><temps name="def"><temp name="T1584"/></temps><temps name="in"><temp name="T524"/><temp name="T24"/></temps><temps name="out"><temp name="T524"/><temp name="T24"/></temps></instruction><instruction code="INCML T1584, 0"><temps name="use"/><temps name="def"><temp name="T1584"/></temps><temps name="in"><temp name="T524"/><temp name="T24"/></temps><temps name="out"><temp name="T524"/><temp name="T24"/></temps></instruction><instruction code="INCMH T1584, 0"><temps name="use"/><temps name="def"><temp name="T1584"/></temps><temps name="in"><temp name="T524"/><temp name="T24"/></temps><temps name="out"><temp name="T524"/><temp name="T24"/></temps></instruction><instruction code="INCH  T1584, 0"><temps name="use"/><temps name="def"><temp name="T1584"/></temps><temps name="in"><temp name="T524"/><temp name="T24"/></temps><temps name="out"><temp name="T524"/><temp name="T24"/><temp name="T1584"/></temps></instruction><instruction code="NEG T1584, 0, T1584"><temps name="use"><temp name="T1584"/></temps><temps name="def"><temp name="T1584"/></temps><temps name="in"><temp name="T524"/><temp name="T24"/><temp name="T1584"/></temps><temps name="out"><temp name="T524"/><temp name="T24"/><temp name="T1584"/></temps></instruction><instruction code="ADD T1585, T24, T1584"><temps name="use"><temp name="T24"/><temp name="T1584"/></temps><temps name="def"><temp name="T1585"/></temps><temps name="in"><temp name="T524"/><temp name="T24"/><temp name="T1584"/></temps><temps name="out"><temp name="T524"/><temp name="T24"/><temp name="T1585"/></temps></instruction><instruction code="STO T1585, T524, 0"><temps name="use"><temp name="T1585"/><temp name="T524"/></temps><temps name="def"/><temps name="in"><temp name="T524"/><temp name="T24"/><temp name="T1585"/></temps><temps name="out"><temp name="T24"/></temps></instruction><instruction code="L69"><temps name="use"/><temps name="def"/><temps name="in"><temp name="T24"/></temps><temps name="out"><temp name="T24"/></temps></instruction><instruction code="OR T525, T24, 0"><temps name="use"><temp name="T24"/></temps><temps name="def"><temp name="T525"/></temps><temps name="in"><temp name="T24"/></temps><temps name="out"><temp name="T24"/><temp name="T525"/></temps></instruction><instruction code="SETL  T1587, 88"><temps name="use"/><temps name="def"><temp name="T1587"/></temps><temps name="in"><temp name="T24"/><temp name="T525"/></temps><temps name="out"><temp name="T24"/><temp name="T525"/></temps></instruction><instruction code="INCML T1587, 0"><temps name="use"/><temps name="def"><temp name="T1587"/></temps><temps name="in"><temp name="T24"/><temp name="T525"/></temps><temps name="out"><temp name="T24"/><temp name="T525"/></temps></instruction><instruction code="INCMH T1587, 0"><temps name="use"/><temps name="def"><temp name="T1587"/></temps><temps name="in"><temp name="T24"/><temp name="T525"/></temps><temps name="out"><temp name="T24"/><temp name="T525"/></temps></instruction><instruction code="INCH  T1587, 0"><temps name="use"/><temps name="def"><temp name="T1587"/></temps><temps name="in"><temp name="T24"/><temp name="T525"/></temps><temps name="out"><temp name="T24"/><temp name="T525"/><temp name="T1587"/></temps></instruction><instruction code="NEG T1587, 0, T1587"><temps name="use"><temp name="T1587"/></temps><temps name="def"><temp name="T1587"/></temps><temps name="in"><temp name="T24"/><temp name="T525"/><temp name="T1587"/></temps><temps name="out"><temp name="T24"/><temp name="T525"/><temp name="T1587"/></temps></instruction><instruction code="OR T526, T1587, 0"><temps name="use"><temp name="T1587"/></temps><temps name="def"><temp name="T526"/></temps><temps name="in"><temp name="T24"/><temp name="T525"/><temp name="T1587"/></temps><temps name="out"><temp name="T24"/><temp name="T525"/><temp name="T526"/></temps></instruction><instruction code="ADD T1588, T525, T526"><temps name="use"><temp name="T525"/><temp name="T526"/></temps><temps name="def"><temp name="T1588"/></temps><temps name="in"><temp name="T24"/><temp name="T525"/><temp name="T526"/></temps><temps name="out"><temp name="T1588"/><temp name="T24"/></temps></instruction><instruction code="OR T527, T1588, 0"><temps name="use"><temp name="T1588"/></temps><temps name="def"><temp name="T527"/></temps><temps name="in"><temp name="T1588"/><temp name="T24"/></temps><temps name="out"><temp name="T24"/><temp name="T527"/></temps></instruction><instruction code="OR T528, T527, 0"><temps name="use"><temp name="T527"/></temps><temps name="def"><temp name="T528"/></temps><temps name="in"><temp name="T24"/><temp name="T527"/></temps><temps name="out"><temp name="T528"/><temp name="T24"/></temps></instruction><instruction code="SETL  T1590, 9"><temps name="use"/><temps name="def"><temp name="T1590"/></temps><temps name="in"><temp name="T528"/><temp name="T24"/></temps><temps name="out"><temp name="T528"/><temp name="T24"/></temps></instruction><instruction code="INCML T1590, 0"><temps name="use"/><temps name="def"><temp name="T1590"/></temps><temps name="in"><temp name="T528"/><temp name="T24"/></temps><temps name="out"><temp name="T528"/><temp name="T24"/></temps></instruction><instruction code="INCMH T1590, 0"><temps name="use"/><temps name="def"><temp name="T1590"/></temps><temps name="in"><temp name="T528"/><temp name="T24"/></temps><temps name="out"><temp name="T528"/><temp name="T24"/></temps></instruction><instruction code="INCH  T1590, 0"><temps name="use"/><temps name="def"><temp name="T1590"/></temps><temps name="in"><temp name="T528"/><temp name="T24"/></temps><temps name="out"><temp name="T528"/><temp name="T24"/><temp name="T1590"/></temps></instruction><instruction code="OR T529, T1590, 0"><temps name="use"><temp name="T1590"/></temps><temps name="def"><temp name="T529"/></temps><temps name="in"><temp name="T528"/><temp name="T24"/><temp name="T1590"/></temps><temps name="out"><temp name="T529"/><temp name="T528"/><temp name="T24"/></temps></instruction><instruction code="CMP T1591, T528, T529"><temps name="use"><temp name="T528"/><temp name="T529"/></temps><temps name="def"><temp name="T1591"/></temps><temps name="in"><temp name="T529"/><temp name="T528"/><temp name="T24"/></temps><temps name="out"><temp name="T24"/><temp name="T1591"/></temps></instruction><instruction code="ZSN T1591, T1591, 1"><temps name="use"><temp name="T1591"/></temps><temps name="def"><temp name="T1591"/></temps><temps name="in"><temp name="T24"/><temp name="T1591"/></temps><temps name="out"><temp name="T24"/><temp name="T1591"/></temps></instruction><instruction code="OR T530, T1591, 0"><temps name="use"><temp name="T1591"/></temps><temps name="def"><temp name="T530"/></temps><temps name="in"><temp name="T24"/><temp name="T1591"/></temps><temps name="out"><temp name="T530"/><temp name="T24"/></temps></instruction><instruction code="BNZ T530, L70"><temps name="use"><temp name="T530"/></temps><temps name="def"/><temps name="in"><temp name="T530"/><temp name="T24"/></temps><temps name="out"><temp name="T24"/></temps></instruction><instruction code="L138"><temps name="use"/><temps name="def"/><temps name="in"><temp name="T24"/></temps><temps name="out"><temp name="T24"/></temps></instruction><instruction code="LDA T1592, L71"><temps name="use"/><temps name="def"><temp name="T1592"/></temps><temps name="in"><temp name="T24"/></temps><temps name="out"><temp name="T24"/><temp name="T1592"/></temps></instruction><instruction code="GO T1592, T1592, 0"><temps name="use"><temp name="T1592"/></temps><temps name="def"><temp name="T1592"/></temps><temps name="in"><temp name="T24"/><temp name="T1592"/></temps><temps name="out"><temp name="T24"/></temps></instruction><instruction code="L70"><temps name="use"/><temps name="def"/><temps name="in"><temp name="T24"/></temps><temps name="out"><temp name="T24"/></temps></instruction><instruction code="OR T531, T24, 0"><temps name="use"><temp name="T24"/></temps><temps name="def"><temp name="T531"/></temps><temps name="in"><temp name="T24"/></temps><temps name="out"><temp name="T531"/><temp name="T24"/></temps></instruction><instruction code="OR T532, T531, 0"><temps name="use"><temp name="T531"/></temps><temps name="def"><temp name="T532"/></temps><temps name="in"><temp name="T531"/><temp name="T24"/></temps><temps name="out"><temp name="T24"/><temp name="T532"/></temps></instruction><instruction code="SETL  T1594, 8"><temps name="use"/><temps name="def"><temp name="T1594"/></temps><temps name="in"><temp name="T24"/><temp name="T532"/></temps><temps name="out"><temp name="T24"/><temp name="T532"/></temps></instruction><instruction code="INCML T1594, 0"><temps name="use"/><temps name="def"><temp name="T1594"/></temps><temps name="in"><temp name="T24"/><temp name="T532"/></temps><temps name="out"><temp name="T24"/><temp name="T532"/></temps></instruction><instruction code="INCMH T1594, 0"><temps name="use"/><temps name="def"><temp name="T1594"/></temps><temps name="in"><temp name="T24"/><temp name="T532"/></temps><temps name="out"><temp name="T24"/><temp name="T532"/></temps></instruction><instruction code="INCH  T1594, 0"><temps name="use"/><temps name="def"><temp name="T1594"/></temps><temps name="in"><temp name="T24"/><temp name="T532"/></temps><temps name="out"><temp name="T24"/><temp name="T1594"/><temp name="T532"/></temps></instruction><instruction code="OR T533, T1594, 0"><temps name="use"><temp name="T1594"/></temps><temps name="def"><temp name="T533"/></temps><temps name="in"><temp name="T24"/><temp name="T1594"/><temp name="T532"/></temps><temps name="out"><temp name="T24"/><temp name="T532"/><temp name="T533"/></temps></instruction><instruction code="ADD T1595, T532, T533"><temps name="use"><temp name="T532"/><temp name="T533"/></temps><temps name="def"><temp name="T1595"/></temps><temps name="in"><temp name="T24"/><temp name="T532"/><temp name="T533"/></temps><temps name="out"><temp name="T1595"/><temp name="T24"/></temps></instruction><instruction code="OR T534, T1595, 0"><temps name="use"><temp name="T1595"/></temps><temps name="def"><temp name="T534"/></temps><temps name="in"><temp name="T1595"/><temp name="T24"/></temps><temps name="out"><temp name="T534"/><temp name="T24"/></temps></instruction><instruction code="OR T535, T534, 0"><temps name="use"><temp name="T534"/></temps><temps name="def"><temp name="T535"/></temps><temps name="in"><temp name="T534"/><temp name="T24"/></temps><temps name="out"><temp name="T24"/><temp name="T535"/></temps></instruction><instruction code="OR T536, T24, 0"><temps name="use"><temp name="T24"/></temps><temps name="def"><temp name="T536"/></temps><temps name="in"><temp name="T24"/><temp name="T535"/></temps><temps name="out"><temp name="T24"/><temp name="T536"/><temp name="T535"/></temps></instruction><instruction code="SETL  T1597, 88"><temps name="use"/><temps name="def"><temp name="T1597"/></temps><temps name="in"><temp name="T24"/><temp name="T536"/><temp name="T535"/></temps><temps name="out"><temp name="T24"/><temp name="T536"/><temp name="T535"/></temps></instruction><instruction code="INCML T1597, 0"><temps name="use"/><temps name="def"><temp name="T1597"/></temps><temps name="in"><temp name="T24"/><temp name="T536"/><temp name="T535"/></temps><temps name="out"><temp name="T24"/><temp name="T536"/><temp name="T535"/></temps></instruction><instruction code="INCMH T1597, 0"><temps name="use"/><temps name="def"><temp name="T1597"/></temps><temps name="in"><temp name="T24"/><temp name="T536"/><temp name="T535"/></temps><temps name="out"><temp name="T24"/><temp name="T536"/><temp name="T535"/></temps></instruction><instruction code="INCH  T1597, 0"><temps name="use"/><temps name="def"><temp name="T1597"/></temps><temps name="in"><temp name="T24"/><temp name="T536"/><temp name="T535"/></temps><temps name="out"><temp name="T24"/><temp name="T536"/><temp name="T1597"/><temp name="T535"/></temps></instruction><instruction code="NEG T1597, 0, T1597"><temps name="use"><temp name="T1597"/></temps><temps name="def"><temp name="T1597"/></temps><temps name="in"><temp name="T24"/><temp name="T536"/><temp name="T1597"/><temp name="T535"/></temps><temps name="out"><temp name="T24"/><temp name="T536"/><temp name="T1597"/><temp name="T535"/></temps></instruction><instruction code="OR T537, T1597, 0"><temps name="use"><temp name="T1597"/></temps><temps name="def"><temp name="T537"/></temps><temps name="in"><temp name="T24"/><temp name="T536"/><temp name="T1597"/><temp name="T535"/></temps><temps name="out"><temp name="T537"/><temp name="T24"/><temp name="T536"/><temp name="T535"/></temps></instruction><instruction code="ADD T1598, T536, T537"><temps name="use"><temp name="T536"/><temp name="T537"/></temps><temps name="def"><temp name="T1598"/></temps><temps name="in"><temp name="T537"/><temp name="T24"/><temp name="T536"/><temp name="T535"/></temps><temps name="out"><temp name="T24"/><temp name="T1598"/><temp name="T535"/></temps></instruction><instruction code="OR T538, T1598, 0"><temps name="use"><temp name="T1598"/></temps><temps name="def"><temp name="T538"/></temps><temps name="in"><temp name="T24"/><temp name="T1598"/><temp name="T535"/></temps><temps name="out"><temp name="T538"/><temp name="T24"/><temp name="T535"/></temps></instruction><instruction code="OR T539, T538, 0"><temps name="use"><temp name="T538"/></temps><temps name="def"><temp name="T539"/></temps><temps name="in"><temp name="T538"/><temp name="T24"/><temp name="T535"/></temps><temps name="out"><temp name="T24"/><temp name="T539"/><temp name="T535"/></temps></instruction><instruction code="SETL  T1600, 72"><temps name="use"/><temps name="def"><temp name="T1600"/></temps><temps name="in"><temp name="T24"/><temp name="T539"/><temp name="T535"/></temps><temps name="out"><temp name="T24"/><temp name="T539"/><temp name="T535"/></temps></instruction><instruction code="INCML T1600, 0"><temps name="use"/><temps name="def"><temp name="T1600"/></temps><temps name="in"><temp name="T24"/><temp name="T539"/><temp name="T535"/></temps><temps name="out"><temp name="T24"/><temp name="T539"/><temp name="T535"/></temps></instruction><instruction code="INCMH T1600, 0"><temps name="use"/><temps name="def"><temp name="T1600"/></temps><temps name="in"><temp name="T24"/><temp name="T539"/><temp name="T535"/></temps><temps name="out"><temp name="T24"/><temp name="T539"/><temp name="T535"/></temps></instruction><instruction code="INCH  T1600, 0"><temps name="use"/><temps name="def"><temp name="T1600"/></temps><temps name="in"><temp name="T24"/><temp name="T539"/><temp name="T535"/></temps><temps name="out"><temp name="T24"/><temp name="T539"/><temp name="T1600"/><temp name="T535"/></temps></instruction><instruction code="OR T540, T1600, 0"><temps name="use"><temp name="T1600"/></temps><temps name="def"><temp name="T540"/></temps><temps name="in"><temp name="T24"/><temp name="T539"/><temp name="T1600"/><temp name="T535"/></temps><temps name="out"><temp name="T540"/><temp name="T24"/><temp name="T539"/><temp name="T535"/></temps></instruction><instruction code="MUL T1601, T539, T540"><temps name="use"><temp name="T539"/><temp name="T540"/></temps><temps name="def"><temp name="T1601"/></temps><temps name="in"><temp name="T540"/><temp name="T24"/><temp name="T539"/><temp name="T535"/></temps><temps name="out"><temp name="T24"/><temp name="T1601"/><temp name="T535"/></temps></instruction><instruction code="OR T541, T1601, 0"><temps name="use"><temp name="T1601"/></temps><temps name="def"><temp name="T541"/></temps><temps name="in"><temp name="T24"/><temp name="T1601"/><temp name="T535"/></temps><temps name="out"><temp name="T541"/><temp name="T24"/><temp name="T535"/></temps></instruction><instruction code="ADD T1602, T535, T541"><temps name="use"><temp name="T535"/><temp name="T541"/></temps><temps name="def"><temp name="T1602"/></temps><temps name="in"><temp name="T541"/><temp name="T24"/><temp name="T535"/></temps><temps name="out"><temp name="T24"/><temp name="T1602"/></temps></instruction><instruction code="OR T542, T1602, 0"><temps name="use"><temp name="T1602"/></temps><temps name="def"><temp name="T542"/></temps><temps name="in"><temp name="T24"/><temp name="T1602"/></temps><temps name="out"><temp name="T542"/><temp name="T24"/></temps></instruction><instruction code="OR T543, T24, 0"><temps name="use"><temp name="T24"/></temps><temps name="def"><temp name="T543"/></temps><temps name="in"><temp name="T542"/><temp name="T24"/></temps><temps name="out"><temp name="T542"/><temp name="T24"/><temp name="T543"/></temps></instruction><instruction code="SETL  T1603, 8"><temps name="use"/><temps name="def"><temp name="T1603"/></temps><temps name="in"><temp name="T542"/><temp name="T24"/><temp name="T543"/></temps><temps name="out"><temp name="T542"/><temp name="T24"/><temp name="T543"/></temps></instruction><instruction code="INCML T1603, 0"><temps name="use"/><temps name="def"><temp name="T1603"/></temps><temps name="in"><temp name="T542"/><temp name="T24"/><temp name="T543"/></temps><temps name="out"><temp name="T542"/><temp name="T24"/><temp name="T543"/></temps></instruction><instruction code="INCMH T1603, 0"><temps name="use"/><temps name="def"><temp name="T1603"/></temps><temps name="in"><temp name="T542"/><temp name="T24"/><temp name="T543"/></temps><temps name="out"><temp name="T542"/><temp name="T24"/><temp name="T543"/></temps></instruction><instruction code="INCH  T1603, 0"><temps name="use"/><temps name="def"><temp name="T1603"/></temps><temps name="in"><temp name="T542"/><temp name="T24"/><temp name="T543"/></temps><temps name="out"><temp name="T542"/><temp name="T1603"/><temp name="T24"/><temp name="T543"/></temps></instruction><instruction code="OR T544, T1603, 0"><temps name="use"><temp name="T1603"/></temps><temps name="def"><temp name="T544"/></temps><temps name="in"><temp name="T542"/><temp name="T1603"/><temp name="T24"/><temp name="T543"/></temps><temps name="out"><temp name="T542"/><temp name="T544"/><temp name="T24"/><temp name="T543"/></temps></instruction><instruction code="ADD T1604, T543, T544"><temps name="use"><temp name="T543"/><temp name="T544"/></temps><temps name="def"><temp name="T1604"/></temps><temps name="in"><temp name="T542"/><temp name="T544"/><temp name="T24"/><temp name="T543"/></temps><temps name="out"><temp name="T1604"/><temp name="T542"/><temp name="T24"/></temps></instruction><instruction code="OR T545, T1604, 0"><temps name="use"><temp name="T1604"/></temps><temps name="def"><temp name="T545"/></temps><temps name="in"><temp name="T1604"/><temp name="T542"/><temp name="T24"/></temps><temps name="out"><temp name="T545"/><temp name="T542"/><temp name="T24"/></temps></instruction><instruction code="OR T546, T545, 0"><temps name="use"><temp name="T545"/></temps><temps name="def"><temp name="T546"/></temps><temps name="in"><temp name="T545"/><temp name="T542"/><temp name="T24"/></temps><temps name="out"><temp name="T542"/><temp name="T546"/><temp name="T24"/></temps></instruction><instruction code="SETL  T1606, 8"><temps name="use"/><temps name="def"><temp name="T1606"/></temps><temps name="in"><temp name="T542"/><temp name="T546"/><temp name="T24"/></temps><temps name="out"><temp name="T542"/><temp name="T546"/><temp name="T24"/></temps></instruction><instruction code="INCML T1606, 0"><temps name="use"/><temps name="def"><temp name="T1606"/></temps><temps name="in"><temp name="T542"/><temp name="T546"/><temp name="T24"/></temps><temps name="out"><temp name="T542"/><temp name="T546"/><temp name="T24"/></temps></instruction><instruction code="INCMH T1606, 0"><temps name="use"/><temps name="def"><temp name="T1606"/></temps><temps name="in"><temp name="T542"/><temp name="T546"/><temp name="T24"/></temps><temps name="out"><temp name="T542"/><temp name="T546"/><temp name="T24"/></temps></instruction><instruction code="INCH  T1606, 0"><temps name="use"/><temps name="def"><temp name="T1606"/></temps><temps name="in"><temp name="T542"/><temp name="T546"/><temp name="T24"/></temps><temps name="out"><temp name="T1606"/><temp name="T542"/><temp name="T546"/><temp name="T24"/></temps></instruction><instruction code="OR T547, T1606, 0"><temps name="use"><temp name="T1606"/></temps><temps name="def"><temp name="T547"/></temps><temps name="in"><temp name="T1606"/><temp name="T542"/><temp name="T546"/><temp name="T24"/></temps><temps name="out"><temp name="T542"/><temp name="T546"/><temp name="T24"/><temp name="T547"/></temps></instruction><instruction code="MUL T1607, T546, T547"><temps name="use"><temp name="T546"/><temp name="T547"/></temps><temps name="def"><temp name="T1607"/></temps><temps name="in"><temp name="T542"/><temp name="T546"/><temp name="T24"/><temp name="T547"/></temps><temps name="out"><temp name="T542"/><temp name="T24"/><temp name="T1607"/></temps></instruction><instruction code="OR T548, T1607, 0"><temps name="use"><temp name="T1607"/></temps><temps name="def"><temp name="T548"/></temps><temps name="in"><temp name="T542"/><temp name="T24"/><temp name="T1607"/></temps><temps name="out"><temp name="T542"/><temp name="T24"/><temp name="T548"/></temps></instruction><instruction code="ADD T1608, T542, T548"><temps name="use"><temp name="T542"/><temp name="T548"/></temps><temps name="def"><temp name="T1608"/></temps><temps name="in"><temp name="T542"/><temp name="T24"/><temp name="T548"/></temps><temps name="out"><temp name="T1608"/><temp name="T24"/></temps></instruction><instruction code="OR T549, T1608, 0"><temps name="use"><temp name="T1608"/></temps><temps name="def"><temp name="T549"/></temps><temps name="in"><temp name="T1608"/><temp name="T24"/></temps><temps name="out"><temp name="T24"/><temp name="T549"/></temps></instruction><instruction code="OR T550, T549, 0"><temps name="use"><temp name="T549"/></temps><temps name="def"><temp name="T550"/></temps><temps name="in"><temp name="T24"/><temp name="T549"/></temps><temps name="out"><temp name="T550"/><temp name="T24"/></temps></instruction><instruction code="SETL  T1610, 0"><temps name="use"/><temps name="def"><temp name="T1610"/></temps><temps name="in"><temp name="T550"/><temp name="T24"/></temps><temps name="out"><temp name="T550"/><temp name="T24"/></temps></instruction><instruction code="INCML T1610, 0"><temps name="use"/><temps name="def"><temp name="T1610"/></temps><temps name="in"><temp name="T550"/><temp name="T24"/></temps><temps name="out"><temp name="T550"/><temp name="T24"/></temps></instruction><instruction code="INCMH T1610, 0"><temps name="use"/><temps name="def"><temp name="T1610"/></temps><temps name="in"><temp name="T550"/><temp name="T24"/></temps><temps name="out"><temp name="T550"/><temp name="T24"/></temps></instruction><instruction code="INCH  T1610, 0"><temps name="use"/><temps name="def"><temp name="T1610"/></temps><temps name="in"><temp name="T550"/><temp name="T24"/></temps><temps name="out"><temp name="T550"/><temp name="T1610"/><temp name="T24"/></temps></instruction><instruction code="OR T551, T1610, 0"><temps name="use"><temp name="T1610"/></temps><temps name="def"><temp name="T551"/></temps><temps name="in"><temp name="T550"/><temp name="T1610"/><temp name="T24"/></temps><temps name="out"><temp name="T551"/><temp name="T550"/><temp name="T24"/></temps></instruction><instruction code="CMP T1611, T550, T551"><temps name="use"><temp name="T550"/><temp name="T551"/></temps><temps name="def"><temp name="T1611"/></temps><temps name="in"><temp name="T551"/><temp name="T550"/><temp name="T24"/></temps><temps name="out"><temp name="T24"/><temp name="T1611"/></temps></instruction><instruction code="ZSNZ T1611, T1611, 1"><temps name="use"><temp name="T1611"/></temps><temps name="def"><temp name="T1611"/></temps><temps name="in"><temp name="T24"/><temp name="T1611"/></temps><temps name="out"><temp name="T24"/><temp name="T1611"/></temps></instruction><instruction code="OR T552, T1611, 0"><temps name="use"><temp name="T1611"/></temps><temps name="def"><temp name="T552"/></temps><temps name="in"><temp name="T24"/><temp name="T1611"/></temps><temps name="out"><temp name="T24"/><temp name="T552"/></temps></instruction><instruction code="BNZ T552, L67"><temps name="use"><temp name="T552"/></temps><temps name="def"/><temps name="in"><temp name="T24"/><temp name="T552"/></temps><temps name="out"><temp name="T24"/></temps></instruction><instruction code="L139"><temps name="use"/><temps name="def"/><temps name="in"><temp name="T24"/></temps><temps name="out"><temp name="T24"/></temps></instruction><instruction code="LDA T1612, L68"><temps name="use"/><temps name="def"><temp name="T1612"/></temps><temps name="in"><temp name="T24"/></temps><temps name="out"><temp name="T1612"/><temp name="T24"/></temps></instruction><instruction code="GO T1612, T1612, 0"><temps name="use"><temp name="T1612"/></temps><temps name="def"><temp name="T1612"/></temps><temps name="in"><temp name="T1612"/><temp name="T24"/></temps><temps name="out"><temp name="T24"/></temps></instruction><instruction code="L67"><temps name="use"/><temps name="def"/><temps name="in"><temp name="T24"/></temps><temps name="out"><temp name="T24"/></temps></instruction><instruction code="OR T553, T24, 0"><temps name="use"><temp name="T24"/></temps><temps name="def"><temp name="T553"/></temps><temps name="in"><temp name="T24"/></temps><temps name="out"><temp name="T24"/><temp name="T553"/></temps></instruction><instruction code="SETL  T1613, 80"><temps name="use"/><temps name="def"><temp name="T1613"/></temps><temps name="in"><temp name="T24"/><temp name="T553"/></temps><temps name="out"><temp name="T24"/><temp name="T553"/></temps></instruction><instruction code="INCML T1613, 0"><temps name="use"/><temps name="def"><temp name="T1613"/></temps><temps name="in"><temp name="T24"/><temp name="T553"/></temps><temps name="out"><temp name="T24"/><temp name="T553"/></temps></instruction><instruction code="INCMH T1613, 0"><temps name="use"/><temps name="def"><temp name="T1613"/></temps><temps name="in"><temp name="T24"/><temp name="T553"/></temps><temps name="out"><temp name="T24"/><temp name="T553"/></temps></instruction><instruction code="INCH  T1613, 0"><temps name="use"/><temps name="def"><temp name="T1613"/></temps><temps name="in"><temp name="T24"/><temp name="T553"/></temps><temps name="out"><temp name="T1613"/><temp name="T24"/><temp name="T553"/></temps></instruction><instruction code="NEG T1613, 0, T1613"><temps name="use"><temp name="T1613"/></temps><temps name="def"><temp name="T1613"/></temps><temps name="in"><temp name="T1613"/><temp name="T24"/><temp name="T553"/></temps><temps name="out"><temp name="T1613"/><temp name="T24"/><temp name="T553"/></temps></instruction><instruction code="OR T554, T1613, 0"><temps name="use"><temp name="T1613"/></temps><temps name="def"><temp name="T554"/></temps><temps name="in"><temp name="T1613"/><temp name="T24"/><temp name="T553"/></temps><temps name="out"><temp name="T24"/><temp name="T554"/><temp name="T553"/></temps></instruction><instruction code="ADD T1614, T553, T554"><temps name="use"><temp name="T553"/><temp name="T554"/></temps><temps name="def"><temp name="T1614"/></temps><temps name="in"><temp name="T24"/><temp name="T554"/><temp name="T553"/></temps><temps name="out"><temp name="T24"/><temp name="T1614"/></temps></instruction><instruction code="OR T555, T1614, 0"><temps name="use"><temp name="T1614"/></temps><temps name="def"><temp name="T555"/></temps><temps name="in"><temp name="T24"/><temp name="T1614"/></temps><temps name="out"><temp name="T555"/><temp name="T24"/></temps></instruction><instruction code="OR T556, T24, 0"><temps name="use"><temp name="T24"/></temps><temps name="def"><temp name="T556"/></temps><temps name="in"><temp name="T555"/><temp name="T24"/></temps><temps name="out"><temp name="T555"/><temp name="T24"/><temp name="T556"/></temps></instruction><instruction code="OR T557, T556, 0"><temps name="use"><temp name="T556"/></temps><temps name="def"><temp name="T557"/></temps><temps name="in"><temp name="T555"/><temp name="T24"/><temp name="T556"/></temps><temps name="out"><temp name="T557"/><temp name="T555"/><temp name="T24"/></temps></instruction><instruction code="SETL  T1616, 8"><temps name="use"/><temps name="def"><temp name="T1616"/></temps><temps name="in"><temp name="T557"/><temp name="T555"/><temp name="T24"/></temps><temps name="out"><temp name="T557"/><temp name="T555"/><temp name="T24"/></temps></instruction><instruction code="INCML T1616, 0"><temps name="use"/><temps name="def"><temp name="T1616"/></temps><temps name="in"><temp name="T557"/><temp name="T555"/><temp name="T24"/></temps><temps name="out"><temp name="T557"/><temp name="T555"/><temp name="T24"/></temps></instruction><instruction code="INCMH T1616, 0"><temps name="use"/><temps name="def"><temp name="T1616"/></temps><temps name="in"><temp name="T557"/><temp name="T555"/><temp name="T24"/></temps><temps name="out"><temp name="T557"/><temp name="T555"/><temp name="T24"/></temps></instruction><instruction code="INCH  T1616, 0"><temps name="use"/><temps name="def"><temp name="T1616"/></temps><temps name="in"><temp name="T557"/><temp name="T555"/><temp name="T24"/></temps><temps name="out"><temp name="T557"/><temp name="T555"/><temp name="T24"/><temp name="T1616"/></temps></instruction><instruction code="OR T558, T1616, 0"><temps name="use"><temp name="T1616"/></temps><temps name="def"><temp name="T558"/></temps><temps name="in"><temp name="T557"/><temp name="T555"/><temp name="T24"/><temp name="T1616"/></temps><temps name="out"><temp name="T557"/><temp name="T555"/><temp name="T24"/><temp name="T558"/></temps></instruction><instruction code="ADD T1617, T557, T558"><temps name="use"><temp name="T557"/><temp name="T558"/></temps><temps name="def"><temp name="T1617"/></temps><temps name="in"><temp name="T557"/><temp name="T555"/><temp name="T24"/><temp name="T558"/></temps><temps name="out"><temp name="T555"/><temp name="T1617"/><temp name="T24"/></temps></instruction><instruction code="OR T559, T1617, 0"><temps name="use"><temp name="T1617"/></temps><temps name="def"><temp name="T559"/></temps><temps name="in"><temp name="T555"/><temp name="T1617"/><temp name="T24"/></temps><temps name="out"><temp name="T555"/><temp name="T559"/><temp name="T24"/></temps></instruction><instruction code="OR T560, T559, 0"><temps name="use"><temp name="T559"/></temps><temps name="def"><temp name="T560"/></temps><temps name="in"><temp name="T555"/><temp name="T559"/><temp name="T24"/></temps><temps name="out"><temp name="T555"/><temp name="T24"/><temp name="T560"/></temps></instruction><instruction code="OR T561, T24, 0"><temps name="use"><temp name="T24"/></temps><temps name="def"><temp name="T561"/></temps><temps name="in"><temp name="T555"/><temp name="T24"/><temp name="T560"/></temps><temps name="out"><temp name="T555"/><temp name="T561"/><temp name="T24"/><temp name="T560"/></temps></instruction><instruction code="SETL  T1619, 88"><temps name="use"/><temps name="def"><temp name="T1619"/></temps><temps name="in"><temp name="T555"/><temp name="T561"/><temp name="T24"/><temp name="T560"/></temps><temps name="out"><temp name="T555"/><temp name="T561"/><temp name="T24"/><temp name="T560"/></temps></instruction><instruction code="INCML T1619, 0"><temps name="use"/><temps name="def"><temp name="T1619"/></temps><temps name="in"><temp name="T555"/><temp name="T561"/><temp name="T24"/><temp name="T560"/></temps><temps name="out"><temp name="T555"/><temp name="T561"/><temp name="T24"/><temp name="T560"/></temps></instruction><instruction code="INCMH T1619, 0"><temps name="use"/><temps name="def"><temp name="T1619"/></temps><temps name="in"><temp name="T555"/><temp name="T561"/><temp name="T24"/><temp name="T560"/></temps><temps name="out"><temp name="T555"/><temp name="T561"/><temp name="T24"/><temp name="T560"/></temps></instruction><instruction code="INCH  T1619, 0"><temps name="use"/><temps name="def"><temp name="T1619"/></temps><temps name="in"><temp name="T555"/><temp name="T561"/><temp name="T24"/><temp name="T560"/></temps><temps name="out"><temp name="T1619"/><temp name="T555"/><temp name="T561"/><temp name="T24"/><temp name="T560"/></temps></instruction><instruction code="NEG T1619, 0, T1619"><temps name="use"><temp name="T1619"/></temps><temps name="def"><temp name="T1619"/></temps><temps name="in"><temp name="T1619"/><temp name="T555"/><temp name="T561"/><temp name="T24"/><temp name="T560"/></temps><temps name="out"><temp name="T1619"/><temp name="T555"/><temp name="T561"/><temp name="T24"/><temp name="T560"/></temps></instruction><instruction code="OR T562, T1619, 0"><temps name="use"><temp name="T1619"/></temps><temps name="def"><temp name="T562"/></temps><temps name="in"><temp name="T1619"/><temp name="T555"/><temp name="T561"/><temp name="T24"/><temp name="T560"/></temps><temps name="out"><temp name="T555"/><temp name="T561"/><temp name="T24"/><temp name="T562"/><temp name="T560"/></temps></instruction><instruction code="ADD T1620, T561, T562"><temps name="use"><temp name="T561"/><temp name="T562"/></temps><temps name="def"><temp name="T1620"/></temps><temps name="in"><temp name="T555"/><temp name="T561"/><temp name="T24"/><temp name="T562"/><temp name="T560"/></temps><temps name="out"><temp name="T555"/><temp name="T1620"/><temp name="T24"/><temp name="T560"/></temps></instruction><instruction code="OR T563, T1620, 0"><temps name="use"><temp name="T1620"/></temps><temps name="def"><temp name="T563"/></temps><temps name="in"><temp name="T555"/><temp name="T1620"/><temp name="T24"/><temp name="T560"/></temps><temps name="out"><temp name="T563"/><temp name="T555"/><temp name="T24"/><temp name="T560"/></temps></instruction><instruction code="OR T564, T563, 0"><temps name="use"><temp name="T563"/></temps><temps name="def"><temp name="T564"/></temps><temps name="in"><temp name="T563"/><temp name="T555"/><temp name="T24"/><temp name="T560"/></temps><temps name="out"><temp name="T555"/><temp name="T24"/><temp name="T564"/><temp name="T560"/></temps></instruction><instruction code="SETL  T1622, 72"><temps name="use"/><temps name="def"><temp name="T1622"/></temps><temps name="in"><temp name="T555"/><temp name="T24"/><temp name="T564"/><temp name="T560"/></temps><temps name="out"><temp name="T555"/><temp name="T24"/><temp name="T564"/><temp name="T560"/></temps></instruction><instruction code="INCML T1622, 0"><temps name="use"/><temps name="def"><temp name="T1622"/></temps><temps name="in"><temp name="T555"/><temp name="T24"/><temp name="T564"/><temp name="T560"/></temps><temps name="out"><temp name="T555"/><temp name="T24"/><temp name="T564"/><temp name="T560"/></temps></instruction><instruction code="INCMH T1622, 0"><temps name="use"/><temps name="def"><temp name="T1622"/></temps><temps name="in"><temp name="T555"/><temp name="T24"/><temp name="T564"/><temp name="T560"/></temps><temps name="out"><temp name="T555"/><temp name="T24"/><temp name="T564"/><temp name="T560"/></temps></instruction><instruction code="INCH  T1622, 0"><temps name="use"/><temps name="def"><temp name="T1622"/></temps><temps name="in"><temp name="T555"/><temp name="T24"/><temp name="T564"/><temp name="T560"/></temps><temps name="out"><temp name="T555"/><temp name="T24"/><temp name="T1622"/><temp name="T564"/><temp name="T560"/></temps></instruction><instruction code="OR T565, T1622, 0"><temps name="use"><temp name="T1622"/></temps><temps name="def"><temp name="T565"/></temps><temps name="in"><temp name="T555"/><temp name="T24"/><temp name="T1622"/><temp name="T564"/><temp name="T560"/></temps><temps name="out"><temp name="T555"/><temp name="T24"/><temp name="T565"/><temp name="T564"/><temp name="T560"/></temps></instruction><instruction code="MUL T1623, T564, T565"><temps name="use"><temp name="T564"/><temp name="T565"/></temps><temps name="def"><temp name="T1623"/></temps><temps name="in"><temp name="T555"/><temp name="T24"/><temp name="T565"/><temp name="T564"/><temp name="T560"/></temps><temps name="out"><temp name="T555"/><temp name="T24"/><temp name="T1623"/><temp name="T560"/></temps></instruction><instruction code="OR T566, T1623, 0"><temps name="use"><temp name="T1623"/></temps><temps name="def"><temp name="T566"/></temps><temps name="in"><temp name="T555"/><temp name="T24"/><temp name="T1623"/><temp name="T560"/></temps><temps name="out"><temp name="T566"/><temp name="T555"/><temp name="T24"/><temp name="T560"/></temps></instruction><instruction code="ADD T1624, T560, T566"><temps name="use"><temp name="T560"/><temp name="T566"/></temps><temps name="def"><temp name="T1624"/></temps><temps name="in"><temp name="T566"/><temp name="T555"/><temp name="T24"/><temp name="T560"/></temps><temps name="out"><temp name="T555"/><temp name="T1624"/><temp name="T24"/></temps></instruction><instruction code="OR T567, T1624, 0"><temps name="use"><temp name="T1624"/></temps><temps name="def"><temp name="T567"/></temps><temps name="in"><temp name="T555"/><temp name="T1624"/><temp name="T24"/></temps><temps name="out"><temp name="T555"/><temp name="T24"/><temp name="T567"/></temps></instruction><instruction code="OR T568, T24, 0"><temps name="use"><temp name="T24"/></temps><temps name="def"><temp name="T568"/></temps><temps name="in"><temp name="T555"/><temp name="T24"/><temp name="T567"/></temps><temps name="out"><temp name="T555"/><temp name="T568"/><temp name="T24"/><temp name="T567"/></temps></instruction><instruction code="SETL  T1625, 8"><temps name="use"/><temps name="def"><temp name="T1625"/></temps><temps name="in"><temp name="T555"/><temp name="T568"/><temp name="T24"/><temp name="T567"/></temps><temps name="out"><temp name="T555"/><temp name="T568"/><temp name="T24"/><temp name="T567"/></temps></instruction><instruction code="INCML T1625, 0"><temps name="use"/><temps name="def"><temp name="T1625"/></temps><temps name="in"><temp name="T555"/><temp name="T568"/><temp name="T24"/><temp name="T567"/></temps><temps name="out"><temp name="T555"/><temp name="T568"/><temp name="T24"/><temp name="T567"/></temps></instruction><instruction code="INCMH T1625, 0"><temps name="use"/><temps name="def"><temp name="T1625"/></temps><temps name="in"><temp name="T555"/><temp name="T568"/><temp name="T24"/><temp name="T567"/></temps><temps name="out"><temp name="T555"/><temp name="T568"/><temp name="T24"/><temp name="T567"/></temps></instruction><instruction code="INCH  T1625, 0"><temps name="use"/><temps name="def"><temp name="T1625"/></temps><temps name="in"><temp name="T555"/><temp name="T568"/><temp name="T24"/><temp name="T567"/></temps><temps name="out"><temp name="T1625"/><temp name="T555"/><temp name="T568"/><temp name="T24"/><temp name="T567"/></temps></instruction><instruction code="OR T569, T1625, 0"><temps name="use"><temp name="T1625"/></temps><temps name="def"><temp name="T569"/></temps><temps name="in"><temp name="T1625"/><temp name="T555"/><temp name="T568"/><temp name="T24"/><temp name="T567"/></temps><temps name="out"><temp name="T555"/><temp name="T568"/><temp name="T569"/><temp name="T24"/><temp name="T567"/></temps></instruction><instruction code="ADD T1626, T568, T569"><temps name="use"><temp name="T568"/><temp name="T569"/></temps><temps name="def"><temp name="T1626"/></temps><temps name="in"><temp name="T555"/><temp name="T568"/><temp name="T569"/><temp name="T24"/><temp name="T567"/></temps><temps name="out"><temp name="T555"/><temp name="T24"/><temp name="T567"/><temp name="T1626"/></temps></instruction><instruction code="OR T570, T1626, 0"><temps name="use"><temp name="T1626"/></temps><temps name="def"><temp name="T570"/></temps><temps name="in"><temp name="T555"/><temp name="T24"/><temp name="T567"/><temp name="T1626"/></temps><temps name="out"><temp name="T555"/><temp name="T24"/><temp name="T570"/><temp name="T567"/></temps></instruction><instruction code="OR T571, T570, 0"><temps name="use"><temp name="T570"/></temps><temps name="def"><temp name="T571"/></temps><temps name="in"><temp name="T555"/><temp name="T24"/><temp name="T570"/><temp name="T567"/></temps><temps name="out"><temp name="T555"/><temp name="T24"/><temp name="T567"/><temp name="T571"/></temps></instruction><instruction code="SETL  T1628, 8"><temps name="use"/><temps name="def"><temp name="T1628"/></temps><temps name="in"><temp name="T555"/><temp name="T24"/><temp name="T567"/><temp name="T571"/></temps><temps name="out"><temp name="T555"/><temp name="T24"/><temp name="T567"/><temp name="T571"/></temps></instruction><instruction code="INCML T1628, 0"><temps name="use"/><temps name="def"><temp name="T1628"/></temps><temps name="in"><temp name="T555"/><temp name="T24"/><temp name="T567"/><temp name="T571"/></temps><temps name="out"><temp name="T555"/><temp name="T24"/><temp name="T567"/><temp name="T571"/></temps></instruction><instruction code="INCMH T1628, 0"><temps name="use"/><temps name="def"><temp name="T1628"/></temps><temps name="in"><temp name="T555"/><temp name="T24"/><temp name="T567"/><temp name="T571"/></temps><temps name="out"><temp name="T555"/><temp name="T24"/><temp name="T567"/><temp name="T571"/></temps></instruction><instruction code="INCH  T1628, 0"><temps name="use"/><temps name="def"><temp name="T1628"/></temps><temps name="in"><temp name="T555"/><temp name="T24"/><temp name="T567"/><temp name="T571"/></temps><temps name="out"><temp name="T555"/><temp name="T24"/><temp name="T567"/><temp name="T571"/><temp name="T1628"/></temps></instruction><instruction code="OR T572, T1628, 0"><temps name="use"><temp name="T1628"/></temps><temps name="def"><temp name="T572"/></temps><temps name="in"><temp name="T555"/><temp name="T24"/><temp name="T567"/><temp name="T571"/><temp name="T1628"/></temps><temps name="out"><temp name="T555"/><temp name="T24"/><temp name="T572"/><temp name="T567"/><temp name="T571"/></temps></instruction><instruction code="MUL T1629, T571, T572"><temps name="use"><temp name="T571"/><temp name="T572"/></temps><temps name="def"><temp name="T1629"/></temps><temps name="in"><temp name="T555"/><temp name="T24"/><temp name="T572"/><temp name="T567"/><temp name="T571"/></temps><temps name="out"><temp name="T1629"/><temp name="T555"/><temp name="T24"/><temp name="T567"/></temps></instruction><instruction code="OR T573, T1629, 0"><temps name="use"><temp name="T1629"/></temps><temps name="def"><temp name="T573"/></temps><temps name="in"><temp name="T1629"/><temp name="T555"/><temp name="T24"/><temp name="T567"/></temps><temps name="out"><temp name="T555"/><temp name="T24"/><temp name="T567"/><temp name="T573"/></temps></instruction><instruction code="ADD T1630, T567, T573"><temps name="use"><temp name="T567"/><temp name="T573"/></temps><temps name="def"><temp name="T1630"/></temps><temps name="in"><temp name="T555"/><temp name="T24"/><temp name="T567"/><temp name="T573"/></temps><temps name="out"><temp name="T1630"/><temp name="T555"/><temp name="T24"/></temps></instruction><instruction code="OR T574, T1630, 0"><temps name="use"><temp name="T1630"/></temps><temps name="def"><temp name="T574"/></temps><temps name="in"><temp name="T1630"/><temp name="T555"/><temp name="T24"/></temps><temps name="out"><temp name="T574"/><temp name="T555"/><temp name="T24"/></temps></instruction><instruction code="OR T575, T574, 0"><temps name="use"><temp name="T574"/></temps><temps name="def"><temp name="T575"/></temps><temps name="in"><temp name="T574"/><temp name="T555"/><temp name="T24"/></temps><temps name="out"><temp name="T555"/><temp name="T24"/><temp name="T575"/></temps></instruction><instruction code="SETL  T1632, 8"><temps name="use"/><temps name="def"><temp name="T1632"/></temps><temps name="in"><temp name="T555"/><temp name="T24"/><temp name="T575"/></temps><temps name="out"><temp name="T555"/><temp name="T24"/><temp name="T575"/></temps></instruction><instruction code="INCML T1632, 0"><temps name="use"/><temps name="def"><temp name="T1632"/></temps><temps name="in"><temp name="T555"/><temp name="T24"/><temp name="T575"/></temps><temps name="out"><temp name="T555"/><temp name="T24"/><temp name="T575"/></temps></instruction><instruction code="INCMH T1632, 0"><temps name="use"/><temps name="def"><temp name="T1632"/></temps><temps name="in"><temp name="T555"/><temp name="T24"/><temp name="T575"/></temps><temps name="out"><temp name="T555"/><temp name="T24"/><temp name="T575"/></temps></instruction><instruction code="INCH  T1632, 0"><temps name="use"/><temps name="def"><temp name="T1632"/></temps><temps name="in"><temp name="T555"/><temp name="T24"/><temp name="T575"/></temps><temps name="out"><temp name="T555"/><temp name="T24"/><temp name="T1632"/><temp name="T575"/></temps></instruction><instruction code="OR T576, T1632, 0"><temps name="use"><temp name="T1632"/></temps><temps name="def"><temp name="T576"/></temps><temps name="in"><temp name="T555"/><temp name="T24"/><temp name="T1632"/><temp name="T575"/></temps><temps name="out"><temp name="T576"/><temp name="T555"/><temp name="T24"/><temp name="T575"/></temps></instruction><instruction code="MUL T1633, T575, T576"><temps name="use"><temp name="T575"/><temp name="T576"/></temps><temps name="def"><temp name="T1633"/></temps><temps name="in"><temp name="T576"/><temp name="T555"/><temp name="T24"/><temp name="T575"/></temps><temps name="out"><temp name="T555"/><temp name="T24"/><temp name="T1633"/></temps></instruction><instruction code="OR T577, T1633, 0"><temps name="use"><temp name="T1633"/></temps><temps name="def"><temp name="T577"/></temps><temps name="in"><temp name="T555"/><temp name="T24"/><temp name="T1633"/></temps><temps name="out"><temp name="T555"/><temp name="T577"/><temp name="T24"/></temps></instruction><instruction code="ADD T1634, T555, T577"><temps name="use"><temp name="T555"/><temp name="T577"/></temps><temps name="def"><temp name="T1634"/></temps><temps name="in"><temp name="T555"/><temp name="T577"/><temp name="T24"/></temps><temps name="out"><temp name="T1634"/><temp name="T24"/></temps></instruction><instruction code="OR T578, T1634, 0"><temps name="use"><temp name="T1634"/></temps><temps name="def"><temp name="T578"/></temps><temps name="in"><temp name="T1634"/><temp name="T24"/></temps><temps name="out"><temp name="T24"/><temp name="T578"/></temps></instruction><instruction code="OR T579, T578, 0"><temps name="use"><temp name="T578"/></temps><temps name="def"><temp name="T579"/></temps><temps name="in"><temp name="T24"/><temp name="T578"/></temps><temps name="out"><temp name="T579"/><temp name="T24"/></temps></instruction><instruction code="BNZ T579, L64"><temps name="use"><temp name="T579"/></temps><temps name="def"/><temps name="in"><temp name="T579"/><temp name="T24"/></temps><temps name="out"><temp name="T24"/></temps></instruction><instruction code="L140"><temps name="use"/><temps name="def"/><temps name="in"><temp name="T24"/></temps><temps name="out"><temp name="T24"/></temps></instruction><instruction code="LDA T1636, L65"><temps name="use"/><temps name="def"><temp name="T1636"/></temps><temps name="in"><temp name="T24"/></temps><temps name="out"><temp name="T1636"/><temp name="T24"/></temps></instruction><instruction code="GO T1636, T1636, 0"><temps name="use"><temp name="T1636"/></temps><temps name="def"><temp name="T1636"/></temps><temps name="in"><temp name="T1636"/><temp name="T24"/></temps><temps name="out"><temp name="T24"/></temps></instruction><instruction code="L64"><temps name="use"/><temps name="def"/><temps name="in"><temp name="T24"/></temps><temps name="out"><temp name="T24"/></temps></instruction><instruction code="SETL  T1637, 0"><temps name="use"/><temps name="def"><temp name="T1637"/></temps><temps name="in"><temp name="T24"/></temps><temps name="out"><temp name="T24"/></temps></instruction><instruction code="INCML T1637, 0"><temps name="use"/><temps name="def"><temp name="T1637"/></temps><temps name="in"><temp name="T24"/></temps><temps name="out"><temp name="T24"/></temps></instruction><instruction code="INCMH T1637, 0"><temps name="use"/><temps name="def"><temp name="T1637"/></temps><temps name="in"><temp name="T24"/></temps><temps name="out"><temp name="T24"/></temps></instruction><instruction code="INCH  T1637, 0"><temps name="use"/><temps name="def"><temp name="T1637"/></temps><temps name="in"><temp name="T24"/></temps><temps name="out"><temp name="T1637"/><temp name="T24"/></temps></instruction><instruction code="OR T580, T1637, 0"><temps name="use"><temp name="T1637"/></temps><temps name="def"><temp name="T580"/></temps><temps name="in"><temp name="T1637"/><temp name="T24"/></temps><temps name="out"><temp name="T24"/><temp name="T580"/></temps></instruction><instruction code="SETL  T1638, 96"><temps name="use"/><temps name="def"><temp name="T1638"/></temps><temps name="in"><temp name="T24"/><temp name="T580"/></temps><temps name="out"><temp name="T24"/><temp name="T580"/></temps></instruction><instruction code="INCML T1638, 0"><temps name="use"/><temps name="def"><temp name="T1638"/></temps><temps name="in"><temp name="T24"/><temp name="T580"/></temps><temps name="out"><temp name="T24"/><temp name="T580"/></temps></instruction><instruction code="INCMH T1638, 0"><temps name="use"/><temps name="def"><temp name="T1638"/></temps><temps name="in"><temp name="T24"/><temp name="T580"/></temps><temps name="out"><temp name="T24"/><temp name="T580"/></temps></instruction><instruction code="INCH  T1638, 0"><temps name="use"/><temps name="def"><temp name="T1638"/></temps><temps name="in"><temp name="T24"/><temp name="T580"/></temps><temps name="out"><temp name="T1638"/><temp name="T24"/><temp name="T580"/></temps></instruction><instruction code="NEG T1638, 0, T1638"><temps name="use"><temp name="T1638"/></temps><temps name="def"><temp name="T1638"/></temps><temps name="in"><temp name="T1638"/><temp name="T24"/><temp name="T580"/></temps><temps name="out"><temp name="T1638"/><temp name="T24"/><temp name="T580"/></temps></instruction><instruction code="ADD T1639, T24, T1638"><temps name="use"><temp name="T24"/><temp name="T1638"/></temps><temps name="def"><temp name="T1639"/></temps><temps name="in"><temp name="T1638"/><temp name="T24"/><temp name="T580"/></temps><temps name="out"><temp name="T1639"/><temp name="T580"/><temp name="T24"/></temps></instruction><instruction code="STO T1639, T580, 0"><temps name="use"><temp name="T1639"/><temp name="T580"/></temps><temps name="def"/><temps name="in"><temp name="T1639"/><temp name="T580"/><temp name="T24"/></temps><temps name="out"><temp name="T24"/></temps></instruction><instruction code="LDA T1641, L66"><temps name="use"/><temps name="def"><temp name="T1641"/></temps><temps name="in"><temp name="T24"/></temps><temps name="out"><temp name="T24"/><temp name="T1641"/></temps></instruction><instruction code="GO T1641, T1641, 0"><temps name="use"><temp name="T1641"/></temps><temps name="def"><temp name="T1641"/></temps><temps name="in"><temp name="T24"/><temp name="T1641"/></temps><temps name="out"><temp name="T24"/></temps></instruction><instruction code="L65"><temps name="use"/><temps name="def"/><temps name="in"><temp name="T24"/></temps><temps name="out"><temp name="T24"/></temps></instruction><instruction code="SETL  T1642, 1"><temps name="use"/><temps name="def"><temp name="T1642"/></temps><temps name="in"><temp name="T24"/></temps><temps name="out"><temp name="T24"/></temps></instruction><instruction code="INCML T1642, 0"><temps name="use"/><temps name="def"><temp name="T1642"/></temps><temps name="in"><temp name="T24"/></temps><temps name="out"><temp name="T24"/></temps></instruction><instruction code="INCMH T1642, 0"><temps name="use"/><temps name="def"><temp name="T1642"/></temps><temps name="in"><temp name="T24"/></temps><temps name="out"><temp name="T24"/></temps></instruction><instruction code="INCH  T1642, 0"><temps name="use"/><temps name="def"><temp name="T1642"/></temps><temps name="in"><temp name="T24"/></temps><temps name="out"><temp name="T1642"/><temp name="T24"/></temps></instruction><instruction code="OR T581, T1642, 0"><temps name="use"><temp name="T1642"/></temps><temps name="def"><temp name="T581"/></temps><temps name="in"><temp name="T1642"/><temp name="T24"/></temps><temps name="out"><temp name="T24"/><temp name="T581"/></temps></instruction><instruction code="SETL  T1643, 80"><temps name="use"/><temps name="def"><temp name="T1643"/></temps><temps name="in"><temp name="T24"/><temp name="T581"/></temps><temps name="out"><temp name="T24"/><temp name="T581"/></temps></instruction><instruction code="INCML T1643, 0"><temps name="use"/><temps name="def"><temp name="T1643"/></temps><temps name="in"><temp name="T24"/><temp name="T581"/></temps><temps name="out"><temp name="T24"/><temp name="T581"/></temps></instruction><instruction code="INCMH T1643, 0"><temps name="use"/><temps name="def"><temp name="T1643"/></temps><temps name="in"><temp name="T24"/><temp name="T581"/></temps><temps name="out"><temp name="T24"/><temp name="T581"/></temps></instruction><instruction code="INCH  T1643, 0"><temps name="use"/><temps name="def"><temp name="T1643"/></temps><temps name="in"><temp name="T24"/><temp name="T581"/></temps><temps name="out"><temp name="T1643"/><temp name="T24"/><temp name="T581"/></temps></instruction><instruction code="NEG T1643, 0, T1643"><temps name="use"><temp name="T1643"/></temps><temps name="def"><temp name="T1643"/></temps><temps name="in"><temp name="T1643"/><temp name="T24"/><temp name="T581"/></temps><temps name="out"><temp name="T1643"/><temp name="T24"/><temp name="T581"/></temps></instruction><instruction code="ADD T1644, T24, T1643"><temps name="use"><temp name="T24"/><temp name="T1643"/></temps><temps name="def"><temp name="T1644"/></temps><temps name="in"><temp name="T1643"/><temp name="T24"/><temp name="T581"/></temps><temps name="out"><temp name="T1644"/><temp name="T24"/><temp name="T581"/></temps></instruction><instruction code="SETL  T1646, 8"><temps name="use"/><temps name="def"><temp name="T1646"/></temps><temps name="in"><temp name="T1644"/><temp name="T24"/><temp name="T581"/></temps><temps name="out"><temp name="T1644"/><temp name="T24"/><temp name="T581"/></temps></instruction><instruction code="INCML T1646, 0"><temps name="use"/><temps name="def"><temp name="T1646"/></temps><temps name="in"><temp name="T1644"/><temp name="T24"/><temp name="T581"/></temps><temps name="out"><temp name="T1644"/><temp name="T24"/><temp name="T581"/></temps></instruction><instruction code="INCMH T1646, 0"><temps name="use"/><temps name="def"><temp name="T1646"/></temps><temps name="in"><temp name="T1644"/><temp name="T24"/><temp name="T581"/></temps><temps name="out"><temp name="T1644"/><temp name="T24"/><temp name="T581"/></temps></instruction><instruction code="INCH  T1646, 0"><temps name="use"/><temps name="def"><temp name="T1646"/></temps><temps name="in"><temp name="T1644"/><temp name="T24"/><temp name="T581"/></temps><temps name="out"><temp name="T1644"/><temp name="T24"/><temp name="T581"/><temp name="T1646"/></temps></instruction><instruction code="ADD T1647, T24, T1646"><temps name="use"><temp name="T24"/><temp name="T1646"/></temps><temps name="def"><temp name="T1647"/></temps><temps name="in"><temp name="T1644"/><temp name="T24"/><temp name="T581"/><temp name="T1646"/></temps><temps name="out"><temp name="T1644"/><temp name="T24"/><temp name="T581"/><temp name="T1647"/></temps></instruction><instruction code="SETL  T1649, 88"><temps name="use"/><temps name="def"><temp name="T1649"/></temps><temps name="in"><temp name="T1644"/><temp name="T24"/><temp name="T581"/><temp name="T1647"/></temps><temps name="out"><temp name="T1644"/><temp name="T24"/><temp name="T581"/><temp name="T1647"/></temps></instruction><instruction code="INCML T1649, 0"><temps name="use"/><temps name="def"><temp name="T1649"/></temps><temps name="in"><temp name="T1644"/><temp name="T24"/><temp name="T581"/><temp name="T1647"/></temps><temps name="out"><temp name="T1644"/><temp name="T24"/><temp name="T581"/><temp name="T1647"/></temps></instruction><instruction code="INCMH T1649, 0"><temps name="use"/><temps name="def"><temp name="T1649"/></temps><temps name="in"><temp name="T1644"/><temp name="T24"/><temp name="T581"/><temp name="T1647"/></temps><temps name="out"><temp name="T1644"/><temp name="T24"/><temp name="T581"/><temp name="T1647"/></temps></instruction><instruction code="INCH  T1649, 0"><temps name="use"/><temps name="def"><temp name="T1649"/></temps><temps name="in"><temp name="T1644"/><temp name="T24"/><temp name="T581"/><temp name="T1647"/></temps><temps name="out"><temp name="T1644"/><temp name="T24"/><temp name="T581"/><temp name="T1649"/><temp name="T1647"/></temps></instruction><instruction code="NEG T1649, 0, T1649"><temps name="use"><temp name="T1649"/></temps><temps name="def"><temp name="T1649"/></temps><temps name="in"><temp name="T1644"/><temp name="T24"/><temp name="T581"/><temp name="T1649"/><temp name="T1647"/></temps><temps name="out"><temp name="T1644"/><temp name="T24"/><temp name="T581"/><temp name="T1649"/><temp name="T1647"/></temps></instruction><instruction code="ADD T1650, T24, T1649"><temps name="use"><temp name="T24"/><temp name="T1649"/></temps><temps name="def"><temp name="T1650"/></temps><temps name="in"><temp name="T1644"/><temp name="T24"/><temp name="T581"/><temp name="T1649"/><temp name="T1647"/></temps><temps name="out"><temp name="T1644"/><temp name="T1650"/><temp name="T24"/><temp name="T581"/><temp name="T1647"/></temps></instruction><instruction code="SETL  T1652, 72"><temps name="use"/><temps name="def"><temp name="T1652"/></temps><temps name="in"><temp name="T1644"/><temp name="T1650"/><temp name="T24"/><temp name="T581"/><temp name="T1647"/></temps><temps name="out"><temp name="T1644"/><temp name="T1650"/><temp name="T24"/><temp name="T581"/><temp name="T1647"/></temps></instruction><instruction code="INCML T1652, 0"><temps name="use"/><temps name="def"><temp name="T1652"/></temps><temps name="in"><temp name="T1644"/><temp name="T1650"/><temp name="T24"/><temp name="T581"/><temp name="T1647"/></temps><temps name="out"><temp name="T1644"/><temp name="T1650"/><temp name="T24"/><temp name="T581"/><temp name="T1647"/></temps></instruction><instruction code="INCMH T1652, 0"><temps name="use"/><temps name="def"><temp name="T1652"/></temps><temps name="in"><temp name="T1644"/><temp name="T1650"/><temp name="T24"/><temp name="T581"/><temp name="T1647"/></temps><temps name="out"><temp name="T1644"/><temp name="T1650"/><temp name="T24"/><temp name="T581"/><temp name="T1647"/></temps></instruction><instruction code="INCH  T1652, 0"><temps name="use"/><temps name="def"><temp name="T1652"/></temps><temps name="in"><temp name="T1644"/><temp name="T1650"/><temp name="T24"/><temp name="T581"/><temp name="T1647"/></temps><temps name="out"><temp name="T1644"/><temp name="T1650"/><temp name="T1652"/><temp name="T24"/><temp name="T581"/><temp name="T1647"/></temps></instruction><instruction code="MUL T1653, T1650, T1652"><temps name="use"><temp name="T1650"/><temp name="T1652"/></temps><temps name="def"><temp name="T1653"/></temps><temps name="in"><temp name="T1644"/><temp name="T1650"/><temp name="T1652"/><temp name="T24"/><temp name="T581"/><temp name="T1647"/></temps><temps name="out"><temp name="T1644"/><temp name="T24"/><temp name="T581"/><temp name="T1653"/><temp name="T1647"/></temps></instruction><instruction code="ADD T1654, T1647, T1653"><temps name="use"><temp name="T1647"/><temp name="T1653"/></temps><temps name="def"><temp name="T1654"/></temps><temps name="in"><temp name="T1644"/><temp name="T24"/><temp name="T581"/><temp name="T1653"/><temp name="T1647"/></temps><temps name="out"><temp name="T1644"/><temp name="T24"/><temp name="T581"/><temp name="T1654"/></temps></instruction><instruction code="SETL  T1655, 8"><temps name="use"/><temps name="def"><temp name="T1655"/></temps><temps name="in"><temp name="T1644"/><temp name="T24"/><temp name="T581"/><temp name="T1654"/></temps><temps name="out"><temp name="T1644"/><temp name="T24"/><temp name="T581"/><temp name="T1654"/></temps></instruction><instruction code="INCML T1655, 0"><temps name="use"/><temps name="def"><temp name="T1655"/></temps><temps name="in"><temp name="T1644"/><temp name="T24"/><temp name="T581"/><temp name="T1654"/></temps><temps name="out"><temp name="T1644"/><temp name="T24"/><temp name="T581"/><temp name="T1654"/></temps></instruction><instruction code="INCMH T1655, 0"><temps name="use"/><temps name="def"><temp name="T1655"/></temps><temps name="in"><temp name="T1644"/><temp name="T24"/><temp name="T581"/><temp name="T1654"/></temps><temps name="out"><temp name="T1644"/><temp name="T24"/><temp name="T581"/><temp name="T1654"/></temps></instruction><instruction code="INCH  T1655, 0"><temps name="use"/><temps name="def"><temp name="T1655"/></temps><temps name="in"><temp name="T1644"/><temp name="T24"/><temp name="T581"/><temp name="T1654"/></temps><temps name="out"><temp name="T1644"/><temp name="T24"/><temp name="T581"/><temp name="T1654"/><temp name="T1655"/></temps></instruction><instruction code="ADD T1656, T24, T1655"><temps name="use"><temp name="T24"/><temp name="T1655"/></temps><temps name="def"><temp name="T1656"/></temps><temps name="in"><temp name="T1644"/><temp name="T24"/><temp name="T581"/><temp name="T1654"/><temp name="T1655"/></temps><temps name="out"><temp name="T1644"/><temp name="T581"/><temp name="T24"/><temp name="T1654"/><temp name="T1656"/></temps></instruction><instruction code="SETL  T1658, 8"><temps name="use"/><temps name="def"><temp name="T1658"/></temps><temps name="in"><temp name="T1644"/><temp name="T581"/><temp name="T24"/><temp name="T1654"/><temp name="T1656"/></temps><temps name="out"><temp name="T1644"/><temp name="T581"/><temp name="T24"/><temp name="T1654"/><temp name="T1656"/></temps></instruction><instruction code="INCML T1658, 0"><temps name="use"/><temps name="def"><temp name="T1658"/></temps><temps name="in"><temp name="T1644"/><temp name="T581"/><temp name="T24"/><temp name="T1654"/><temp name="T1656"/></temps><temps name="out"><temp name="T1644"/><temp name="T581"/><temp name="T24"/><temp name="T1654"/><temp name="T1656"/></temps></instruction><instruction code="INCMH T1658, 0"><temps name="use"/><temps name="def"><temp name="T1658"/></temps><temps name="in"><temp name="T1644"/><temp name="T581"/><temp name="T24"/><temp name="T1654"/><temp name="T1656"/></temps><temps name="out"><temp name="T1644"/><temp name="T581"/><temp name="T24"/><temp name="T1654"/><temp name="T1656"/></temps></instruction><instruction code="INCH  T1658, 0"><temps name="use"/><temps name="def"><temp name="T1658"/></temps><temps name="in"><temp name="T1644"/><temp name="T581"/><temp name="T24"/><temp name="T1654"/><temp name="T1656"/></temps><temps name="out"><temp name="T1644"/><temp name="T1658"/><temp name="T581"/><temp name="T24"/><temp name="T1654"/><temp name="T1656"/></temps></instruction><instruction code="MUL T1659, T1656, T1658"><temps name="use"><temp name="T1656"/><temp name="T1658"/></temps><temps name="def"><temp name="T1659"/></temps><temps name="in"><temp name="T1644"/><temp name="T1658"/><temp name="T581"/><temp name="T24"/><temp name="T1654"/><temp name="T1656"/></temps><temps name="out"><temp name="T1644"/><temp name="T1659"/><temp name="T581"/><temp name="T24"/><temp name="T1654"/></temps></instruction><instruction code="ADD T1660, T1654, T1659"><temps name="use"><temp name="T1654"/><temp name="T1659"/></temps><temps name="def"><temp name="T1660"/></temps><temps name="in"><temp name="T1644"/><temp name="T1659"/><temp name="T581"/><temp name="T24"/><temp name="T1654"/></temps><temps name="out"><temp name="T1660"/><temp name="T1644"/><temp name="T581"/><temp name="T24"/></temps></instruction><instruction code="SETL  T1662, 8"><temps name="use"/><temps name="def"><temp name="T1662"/></temps><temps name="in"><temp name="T1660"/><temp name="T1644"/><temp name="T581"/><temp name="T24"/></temps><temps name="out"><temp name="T1660"/><temp name="T1644"/><temp name="T581"/><temp name="T24"/></temps></instruction><instruction code="INCML T1662, 0"><temps name="use"/><temps name="def"><temp name="T1662"/></temps><temps name="in"><temp name="T1660"/><temp name="T1644"/><temp name="T581"/><temp name="T24"/></temps><temps name="out"><temp name="T1660"/><temp name="T1644"/><temp name="T581"/><temp name="T24"/></temps></instruction><instruction code="INCMH T1662, 0"><temps name="use"/><temps name="def"><temp name="T1662"/></temps><temps name="in"><temp name="T1660"/><temp name="T1644"/><temp name="T581"/><temp name="T24"/></temps><temps name="out"><temp name="T1660"/><temp name="T1644"/><temp name="T581"/><temp name="T24"/></temps></instruction><instruction code="INCH  T1662, 0"><temps name="use"/><temps name="def"><temp name="T1662"/></temps><temps name="in"><temp name="T1660"/><temp name="T1644"/><temp name="T581"/><temp name="T24"/></temps><temps name="out"><temp name="T1660"/><temp name="T1644"/><temp name="T581"/><temp name="T24"/><temp name="T1662"/></temps></instruction><instruction code="MUL T1663, T1660, T1662"><temps name="use"><temp name="T1660"/><temp name="T1662"/></temps><temps name="def"><temp name="T1663"/></temps><temps name="in"><temp name="T1660"/><temp name="T1644"/><temp name="T581"/><temp name="T24"/><temp name="T1662"/></temps><temps name="out"><temp name="T1644"/><temp name="T581"/><temp name="T24"/><temp name="T1663"/></temps></instruction><instruction code="ADD T1664, T1644, T1663"><temps name="use"><temp name="T1644"/><temp name="T1663"/></temps><temps name="def"><temp name="T1664"/></temps><temps name="in"><temp name="T1644"/><temp name="T581"/><temp name="T24"/><temp name="T1663"/></temps><temps name="out"><temp name="T581"/><temp name="T24"/><temp name="T1664"/></temps></instruction><instruction code="STO T1664, T581, 0"><temps name="use"><temp name="T1664"/><temp name="T581"/></temps><temps name="def"/><temps name="in"><temp name="T581"/><temp name="T24"/><temp name="T1664"/></temps><temps name="out"><temp name="T24"/></temps></instruction><instruction code="L66"><temps name="use"/><temps name="def"/><temps name="in"><temp name="T24"/></temps><temps name="out"><temp name="T24"/></temps></instruction><instruction code="L68"><temps name="use"/><temps name="def"/><temps name="in"><temp name="T24"/></temps><temps name="out"><temp name="T24"/></temps></instruction><instruction code="OR T582, T24, 0"><temps name="use"><temp name="T24"/></temps><temps name="def"><temp name="T582"/></temps><temps name="in"><temp name="T24"/></temps><temps name="out"><temp name="T24"/><temp name="T582"/></temps></instruction><instruction code="SETL  T1666, 88"><temps name="use"/><temps name="def"><temp name="T1666"/></temps><temps name="in"><temp name="T24"/><temp name="T582"/></temps><temps name="out"><temp name="T24"/><temp name="T582"/></temps></instruction><instruction code="INCML T1666, 0"><temps name="use"/><temps name="def"><temp name="T1666"/></temps><temps name="in"><temp name="T24"/><temp name="T582"/></temps><temps name="out"><temp name="T24"/><temp name="T582"/></temps></instruction><instruction code="INCMH T1666, 0"><temps name="use"/><temps name="def"><temp name="T1666"/></temps><temps name="in"><temp name="T24"/><temp name="T582"/></temps><temps name="out"><temp name="T24"/><temp name="T582"/></temps></instruction><instruction code="INCH  T1666, 0"><temps name="use"/><temps name="def"><temp name="T1666"/></temps><temps name="in"><temp name="T24"/><temp name="T582"/></temps><temps name="out"><temp name="T1666"/><temp name="T24"/><temp name="T582"/></temps></instruction><instruction code="NEG T1666, 0, T1666"><temps name="use"><temp name="T1666"/></temps><temps name="def"><temp name="T1666"/></temps><temps name="in"><temp name="T1666"/><temp name="T24"/><temp name="T582"/></temps><temps name="out"><temp name="T1666"/><temp name="T24"/><temp name="T582"/></temps></instruction><instruction code="OR T583, T1666, 0"><temps name="use"><temp name="T1666"/></temps><temps name="def"><temp name="T583"/></temps><temps name="in"><temp name="T1666"/><temp name="T24"/><temp name="T582"/></temps><temps name="out"><temp name="T583"/><temp name="T24"/><temp name="T582"/></temps></instruction><instruction code="ADD T1667, T582, T583"><temps name="use"><temp name="T582"/><temp name="T583"/></temps><temps name="def"><temp name="T1667"/></temps><temps name="in"><temp name="T583"/><temp name="T24"/><temp name="T582"/></temps><temps name="out"><temp name="T24"/><temp name="T1667"/></temps></instruction><instruction code="OR T584, T1667, 0"><temps name="use"><temp name="T1667"/></temps><temps name="def"><temp name="T584"/></temps><temps name="in"><temp name="T24"/><temp name="T1667"/></temps><temps name="out"><temp name="T24"/><temp name="T584"/></temps></instruction><instruction code="OR T585, T584, 0"><temps name="use"><temp name="T584"/></temps><temps name="def"><temp name="T585"/></temps><temps name="in"><temp name="T24"/><temp name="T584"/></temps><temps name="out"><temp name="T585"/><temp name="T24"/></temps></instruction><instruction code="SETL  T1669, 1"><temps name="use"/><temps name="def"><temp name="T1669"/></temps><temps name="in"><temp name="T585"/><temp name="T24"/></temps><temps name="out"><temp name="T585"/><temp name="T24"/></temps></instruction><instruction code="INCML T1669, 0"><temps name="use"/><temps name="def"><temp name="T1669"/></temps><temps name="in"><temp name="T585"/><temp name="T24"/></temps><temps name="out"><temp name="T585"/><temp name="T24"/></temps></instruction><instruction code="INCMH T1669, 0"><temps name="use"/><temps name="def"><temp name="T1669"/></temps><temps name="in"><temp name="T585"/><temp name="T24"/></temps><temps name="out"><temp name="T585"/><temp name="T24"/></temps></instruction><instruction code="INCH  T1669, 0"><temps name="use"/><temps name="def"><temp name="T1669"/></temps><temps name="in"><temp name="T585"/><temp name="T24"/></temps><temps name="out"><temp name="T585"/><temp name="T24"/><temp name="T1669"/></temps></instruction><instruction code="OR T586, T1669, 0"><temps name="use"><temp name="T1669"/></temps><temps name="def"><temp name="T586"/></temps><temps name="in"><temp name="T585"/><temp name="T24"/><temp name="T1669"/></temps><temps name="out"><temp name="T586"/><temp name="T585"/><temp name="T24"/></temps></instruction><instruction code="ADD T1670, T585, T586"><temps name="use"><temp name="T585"/><temp name="T586"/></temps><temps name="def"><temp name="T1670"/></temps><temps name="in"><temp name="T586"/><temp name="T585"/><temp name="T24"/></temps><temps name="out"><temp name="T1670"/><temp name="T24"/></temps></instruction><instruction code="OR T587, T1670, 0"><temps name="use"><temp name="T1670"/></temps><temps name="def"><temp name="T587"/></temps><temps name="in"><temp name="T1670"/><temp name="T24"/></temps><temps name="out"><temp name="T24"/><temp name="T587"/></temps></instruction><instruction code="SETL  T1671, 88"><temps name="use"/><temps name="def"><temp name="T1671"/></temps><temps name="in"><temp name="T24"/><temp name="T587"/></temps><temps name="out"><temp name="T24"/><temp name="T587"/></temps></instruction><instruction code="INCML T1671, 0"><temps name="use"/><temps name="def"><temp name="T1671"/></temps><temps name="in"><temp name="T24"/><temp name="T587"/></temps><temps name="out"><temp name="T24"/><temp name="T587"/></temps></instruction><instruction code="INCMH T1671, 0"><temps name="use"/><temps name="def"><temp name="T1671"/></temps><temps name="in"><temp name="T24"/><temp name="T587"/></temps><temps name="out"><temp name="T24"/><temp name="T587"/></temps></instruction><instruction code="INCH  T1671, 0"><temps name="use"/><temps name="def"><temp name="T1671"/></temps><temps name="in"><temp name="T24"/><temp name="T587"/></temps><temps name="out"><temp name="T1671"/><temp name="T24"/><temp name="T587"/></temps></instruction><instruction code="NEG T1671, 0, T1671"><temps name="use"><temp name="T1671"/></temps><temps name="def"><temp name="T1671"/></temps><temps name="in"><temp name="T1671"/><temp name="T24"/><temp name="T587"/></temps><temps name="out"><temp name="T24"/><temp name="T1671"/><temp name="T587"/></temps></instruction><instruction code="ADD T1672, T24, T1671"><temps name="use"><temp name="T24"/><temp name="T1671"/></temps><temps name="def"><temp name="T1672"/></temps><temps name="in"><temp name="T24"/><temp name="T1671"/><temp name="T587"/></temps><temps name="out"><temp name="T24"/><temp name="T587"/><temp name="T1672"/></temps></instruction><instruction code="STO T1672, T587, 0"><temps name="use"><temp name="T1672"/><temp name="T587"/></temps><temps name="def"/><temps name="in"><temp name="T24"/><temp name="T587"/><temp name="T1672"/></temps><temps name="out"><temp name="T24"/></temps></instruction><instruction code="LDA T1674, L69"><temps name="use"/><temps name="def"><temp name="T1674"/></temps><temps name="in"><temp name="T24"/></temps><temps name="out"><temp name="T24"/><temp name="T1674"/></temps></instruction><instruction code="GO T1674, T1674, 0"><temps name="use"><temp name="T1674"/></temps><temps name="def"><temp name="T1674"/></temps><temps name="in"><temp name="T24"/><temp name="T1674"/></temps><temps name="out"><temp name="T24"/></temps></instruction><instruction code="L71"><temps name="use"/><temps name="def"/><temps name="in"><temp name="T24"/></temps><temps name="out"><temp name="T24"/></temps></instruction><instruction code="OR T588, T24, 0"><temps name="use"><temp name="T24"/></temps><temps name="def"><temp name="T588"/></temps><temps name="in"><temp name="T24"/></temps><temps name="out"><temp name="T588"/></temps></instruction><instruction code="SETL  T1675, 96"><temps name="use"/><temps name="def"><temp name="T1675"/></temps><temps name="in"><temp name="T588"/></temps><temps name="out"><temp name="T588"/></temps></instruction><instruction code="INCML T1675, 0"><temps name="use"/><temps name="def"><temp name="T1675"/></temps><temps name="in"><temp name="T588"/></temps><temps name="out"><temp name="T588"/></temps></instruction><instruction code="INCMH T1675, 0"><temps name="use"/><temps name="def"><temp name="T1675"/></temps><temps name="in"><temp name="T588"/></temps><temps name="out"><temp name="T588"/></temps></instruction><instruction code="INCH  T1675, 0"><temps name="use"/><temps name="def"><temp name="T1675"/></temps><temps name="in"><temp name="T588"/></temps><temps name="out"><temp name="T1675"/><temp name="T588"/></temps></instruction><instruction code="NEG T1675, 0, T1675"><temps name="use"><temp name="T1675"/></temps><temps name="def"><temp name="T1675"/></temps><temps name="in"><temp name="T1675"/><temp name="T588"/></temps><temps name="out"><temp name="T1675"/><temp name="T588"/></temps></instruction><instruction code="OR T589, T1675, 0"><temps name="use"><temp name="T1675"/></temps><temps name="def"><temp name="T589"/></temps><temps name="in"><temp name="T1675"/><temp name="T588"/></temps><temps name="out"><temp name="T588"/><temp name="T589"/></temps></instruction><instruction code="ADD T1676, T588, T589"><temps name="use"><temp name="T588"/><temp name="T589"/></temps><temps name="def"><temp name="T1676"/></temps><temps name="in"><temp name="T588"/><temp name="T589"/></temps><temps name="out"><temp name="T1676"/></temps></instruction><instruction code="OR T590, T1676, 0"><temps name="use"><temp name="T1676"/></temps><temps name="def"><temp name="T590"/></temps><temps name="in"><temp name="T1676"/></temps><temps name="out"><temp name="T590"/></temps></instruction><instruction code="OR T591, T590, 0"><temps name="use"><temp name="T590"/></temps><temps name="def"><temp name="T591"/></temps><temps name="in"><temp name="T590"/></temps><temps name="out"><temp name="T591"/></temps></instruction><instruction code="OR T25, T591, 0"><temps name="use"><temp name="T591"/></temps><temps name="def"><temp name="T25"/></temps><temps name="in"><temp name="T591"/></temps><temps name="out"/></instruction><instruction code="LDA T1678, L142"><temps name="use"/><temps name="def"><temp name="T1678"/></temps><temps name="in"/><temps name="out"><temp name="T1678"/></temps></instruction><instruction code="GO T1678, T1678, 0"><temps name="use"><temp name="T1678"/></temps><temps name="def"><temp name="T1678"/></temps><temps name="in"><temp name="T1678"/></temps><temps name="out"/></instruction></instructions></code><code entrylabel="L148" exitlabel="L149" tempsize="0"><frame FP="T26" RV="T27" argssize="0" depth="2" label="L3" locssize="112" size="128"/><instructions><instruction code="L148"><temps name="use"/><temps name="def"/><temps name="in"><temp name="T26"/></temps><temps name="out"><temp name="T26"/></temps></instruction><instruction code="SETL  T1679, 1"><temps name="use"/><temps name="def"><temp name="T1679"/></temps><temps name="in"><temp name="T26"/></temps><temps name="out"><temp name="T26"/></temps></instruction><instruction code="INCML T1679, 0"><temps name="use"/><temps name="def"><temp name="T1679"/></temps><temps name="in"><temp name="T26"/></temps><temps name="out"><temp name="T26"/></temps></instruction><instruction code="INCMH T1679, 0"><temps name="use"/><temps name="def"><temp name="T1679"/></temps><temps name="in"><temp name="T26"/></temps><temps name="out"><temp name="T26"/></temps></instruction><instruction code="INCH  T1679, 0"><temps name="use"/><temps name="def"><temp name="T1679"/></temps><temps name="in"><temp name="T26"/></temps><temps name="out"><temp name="T26"/><temp name="T1679"/></temps></instruction><instruction code="OR T592, T1679, 0"><temps name="use"><temp name="T1679"/></temps><temps name="def"><temp name="T592"/></temps><temps name="in"><temp name="T26"/><temp name="T1679"/></temps><temps name="out"><temp name="T26"/><temp name="T592"/></temps></instruction><instruction code="SETL  T1680, 112"><temps name="use"/><temps name="def"><temp name="T1680"/></temps><temps name="in"><temp name="T26"/><temp name="T592"/></temps><temps name="out"><temp name="T26"/><temp name="T592"/></temps></instruction><instruction code="INCML T1680, 0"><temps name="use"/><temps name="def"><temp name="T1680"/></temps><temps name="in"><temp name="T26"/><temp name="T592"/></temps><temps name="out"><temp name="T26"/><temp name="T592"/></temps></instruction><instruction code="INCMH T1680, 0"><temps name="use"/><temps name="def"><temp name="T1680"/></temps><temps name="in"><temp name="T26"/><temp name="T592"/></temps><temps name="out"><temp name="T26"/><temp name="T592"/></temps></instruction><instruction code="INCH  T1680, 0"><temps name="use"/><temps name="def"><temp name="T1680"/></temps><temps name="in"><temp name="T26"/><temp name="T592"/></temps><temps name="out"><temp name="T1680"/><temp name="T26"/><temp name="T592"/></temps></instruction><instruction code="NEG T1680, 0, T1680"><temps name="use"><temp name="T1680"/></temps><temps name="def"><temp name="T1680"/></temps><temps name="in"><temp name="T1680"/><temp name="T26"/><temp name="T592"/></temps><temps name="out"><temp name="T26"/><temp name="T1680"/><temp name="T592"/></temps></instruction><instruction code="ADD T1681, T26, T1680"><temps name="use"><temp name="T26"/><temp name="T1680"/></temps><temps name="def"><temp name="T1681"/></temps><temps name="in"><temp name="T26"/><temp name="T1680"/><temp name="T592"/></temps><temps name="out"><temp name="T592"/><temp name="T26"/><temp name="T1681"/></temps></instruction><instruction code="STO T1681, T592, 0"><temps name="use"><temp name="T1681"/><temp name="T592"/></temps><temps name="def"/><temps name="in"><temp name="T592"/><temp name="T26"/><temp name="T1681"/></temps><temps name="out"><temp name="T26"/></temps></instruction><instruction code="SETL  T1683, 1"><temps name="use"/><temps name="def"><temp name="T1683"/></temps><temps name="in"><temp name="T26"/></temps><temps name="out"><temp name="T26"/></temps></instruction><instruction code="INCML T1683, 0"><temps name="use"/><temps name="def"><temp name="T1683"/></temps><temps name="in"><temp name="T26"/></temps><temps name="out"><temp name="T26"/></temps></instruction><instruction code="INCMH T1683, 0"><temps name="use"/><temps name="def"><temp name="T1683"/></temps><temps name="in"><temp name="T26"/></temps><temps name="out"><temp name="T26"/></temps></instruction><instruction code="INCH  T1683, 0"><temps name="use"/><temps name="def"><temp name="T1683"/></temps><temps name="in"><temp name="T26"/></temps><temps name="out"><temp name="T1683"/><temp name="T26"/></temps></instruction><instruction code="OR T593, T1683, 0"><temps name="use"><temp name="T1683"/></temps><temps name="def"><temp name="T593"/></temps><temps name="in"><temp name="T1683"/><temp name="T26"/></temps><temps name="out"><temp name="T26"/><temp name="T593"/></temps></instruction><instruction code="SETL  T1684, 104"><temps name="use"/><temps name="def"><temp name="T1684"/></temps><temps name="in"><temp name="T26"/><temp name="T593"/></temps><temps name="out"><temp name="T26"/><temp name="T593"/></temps></instruction><instruction code="INCML T1684, 0"><temps name="use"/><temps name="def"><temp name="T1684"/></temps><temps name="in"><temp name="T26"/><temp name="T593"/></temps><temps name="out"><temp name="T26"/><temp name="T593"/></temps></instruction><instruction code="INCMH T1684, 0"><temps name="use"/><temps name="def"><temp name="T1684"/></temps><temps name="in"><temp name="T26"/><temp name="T593"/></temps><temps name="out"><temp name="T26"/><temp name="T593"/></temps></instruction><instruction code="INCH  T1684, 0"><temps name="use"/><temps name="def"><temp name="T1684"/></temps><temps name="in"><temp name="T26"/><temp name="T593"/></temps><temps name="out"><temp name="T26"/><temp name="T1684"/><temp name="T593"/></temps></instruction><instruction code="NEG T1684, 0, T1684"><temps name="use"><temp name="T1684"/></temps><temps name="def"><temp name="T1684"/></temps><temps name="in"><temp name="T26"/><temp name="T1684"/><temp name="T593"/></temps><temps name="out"><temp name="T26"/><temp name="T1684"/><temp name="T593"/></temps></instruction><instruction code="ADD T1685, T26, T1684"><temps name="use"><temp name="T26"/><temp name="T1684"/></temps><temps name="def"><temp name="T1685"/></temps><temps name="in"><temp name="T26"/><temp name="T1684"/><temp name="T593"/></temps><temps name="out"><temp name="T26"/><temp name="T593"/><temp name="T1685"/></temps></instruction><instruction code="STO T1685, T593, 0"><temps name="use"><temp name="T1685"/><temp name="T593"/></temps><temps name="def"/><temps name="in"><temp name="T26"/><temp name="T593"/><temp name="T1685"/></temps><temps name="out"><temp name="T26"/></temps></instruction><instruction code="L72"><temps name="use"/><temps name="def"/><temps name="in"><temp name="T26"/></temps><temps name="out"><temp name="T26"/></temps></instruction><instruction code="OR T594, T26, 0"><temps name="use"><temp name="T26"/></temps><temps name="def"><temp name="T594"/></temps><temps name="in"><temp name="T26"/></temps><temps name="out"><temp name="T26"/><temp name="T594"/></temps></instruction><instruction code="SETL  T1687, 104"><temps name="use"/><temps name="def"><temp name="T1687"/></temps><temps name="in"><temp name="T26"/><temp name="T594"/></temps><temps name="out"><temp name="T26"/><temp name="T594"/></temps></instruction><instruction code="INCML T1687, 0"><temps name="use"/><temps name="def"><temp name="T1687"/></temps><temps name="in"><temp name="T26"/><temp name="T594"/></temps><temps name="out"><temp name="T26"/><temp name="T594"/></temps></instruction><instruction code="INCMH T1687, 0"><temps name="use"/><temps name="def"><temp name="T1687"/></temps><temps name="in"><temp name="T26"/><temp name="T594"/></temps><temps name="out"><temp name="T26"/><temp name="T594"/></temps></instruction><instruction code="INCH  T1687, 0"><temps name="use"/><temps name="def"><temp name="T1687"/></temps><temps name="in"><temp name="T26"/><temp name="T594"/></temps><temps name="out"><temp name="T26"/><temp name="T1687"/><temp name="T594"/></temps></instruction><instruction code="NEG T1687, 0, T1687"><temps name="use"><temp name="T1687"/></temps><temps name="def"><temp name="T1687"/></temps><temps name="in"><temp name="T26"/><temp name="T1687"/><temp name="T594"/></temps><temps name="out"><temp name="T26"/><temp name="T1687"/><temp name="T594"/></temps></instruction><instruction code="OR T595, T1687, 0"><temps name="use"><temp name="T1687"/></temps><temps name="def"><temp name="T595"/></temps><temps name="in"><temp name="T26"/><temp name="T1687"/><temp name="T594"/></temps><temps name="out"><temp name="T26"/><temp name="T595"/><temp name="T594"/></temps></instruction><instruction code="ADD T1688, T594, T595"><temps name="use"><temp name="T594"/><temp name="T595"/></temps><temps name="def"><temp name="T1688"/></temps><temps name="in"><temp name="T26"/><temp name="T595"/><temp name="T594"/></temps><temps name="out"><temp name="T26"/><temp name="T1688"/></temps></instruction><instruction code="OR T596, T1688, 0"><temps name="use"><temp name="T1688"/></temps><temps name="def"><temp name="T596"/></temps><temps name="in"><temp name="T26"/><temp name="T1688"/></temps><temps name="out"><temp name="T26"/><temp name="T596"/></temps></instruction><instruction code="OR T597, T596, 0"><temps name="use"><temp name="T596"/></temps><temps name="def"><temp name="T597"/></temps><temps name="in"><temp name="T26"/><temp name="T596"/></temps><temps name="out"><temp name="T26"/><temp name="T597"/></temps></instruction><instruction code="SETL  T1690, 9"><temps name="use"/><temps name="def"><temp name="T1690"/></temps><temps name="in"><temp name="T26"/><temp name="T597"/></temps><temps name="out"><temp name="T26"/><temp name="T597"/></temps></instruction><instruction code="INCML T1690, 0"><temps name="use"/><temps name="def"><temp name="T1690"/></temps><temps name="in"><temp name="T26"/><temp name="T597"/></temps><temps name="out"><temp name="T26"/><temp name="T597"/></temps></instruction><instruction code="INCMH T1690, 0"><temps name="use"/><temps name="def"><temp name="T1690"/></temps><temps name="in"><temp name="T26"/><temp name="T597"/></temps><temps name="out"><temp name="T26"/><temp name="T597"/></temps></instruction><instruction code="INCH  T1690, 0"><temps name="use"/><temps name="def"><temp name="T1690"/></temps><temps name="in"><temp name="T26"/><temp name="T597"/></temps><temps name="out"><temp name="T26"/><temp name="T597"/><temp name="T1690"/></temps></instruction><instruction code="OR T598, T1690, 0"><temps name="use"><temp name="T1690"/></temps><temps name="def"><temp name="T598"/></temps><temps name="in"><temp name="T26"/><temp name="T597"/><temp name="T1690"/></temps><temps name="out"><temp name="T26"/><temp name="T597"/><temp name="T598"/></temps></instruction><instruction code="CMP T1691, T597, T598"><temps name="use"><temp name="T597"/><temp name="T598"/></temps><temps name="def"><temp name="T1691"/></temps><temps name="in"><temp name="T26"/><temp name="T597"/><temp name="T598"/></temps><temps name="out"><temp name="T26"/><temp name="T1691"/></temps></instruction><instruction code="ZSNP T1691, T1691, 1"><temps name="use"><temp name="T1691"/></temps><temps name="def"><temp name="T1691"/></temps><temps name="in"><temp name="T26"/><temp name="T1691"/></temps><temps name="out"><temp name="T26"/><temp name="T1691"/></temps></instruction><instruction code="OR T599, T1691, 0"><temps name="use"><temp name="T1691"/></temps><temps name="def"><temp name="T599"/></temps><temps name="in"><temp name="T26"/><temp name="T1691"/></temps><temps name="out"><temp name="T26"/><temp name="T599"/></temps></instruction><instruction code="BNZ T599, L73"><temps name="use"><temp name="T599"/></temps><temps name="def"/><temps name="in"><temp name="T26"/><temp name="T599"/></temps><temps name="out"><temp name="T26"/></temps></instruction><instruction code="L143"><temps name="use"/><temps name="def"/><temps name="in"><temp name="T26"/></temps><temps name="out"><temp name="T26"/></temps></instruction><instruction code="LDA T1692, L74"><temps name="use"/><temps name="def"><temp name="T1692"/></temps><temps name="in"><temp name="T26"/></temps><temps name="out"><temp name="T26"/><temp name="T1692"/></temps></instruction><instruction code="GO T1692, T1692, 0"><temps name="use"><temp name="T1692"/></temps><temps name="def"><temp name="T1692"/></temps><temps name="in"><temp name="T26"/><temp name="T1692"/></temps><temps name="out"><temp name="T26"/></temps></instruction><instruction code="L73"><temps name="use"/><temps name="def"/><temps name="in"><temp name="T26"/></temps><temps name="out"><temp name="T26"/></temps></instruction><instruction code="SETL  T1693, 0"><temps name="use"/><temps name="def"><temp name="T1693"/></temps><temps name="in"><temp name="T26"/></temps><temps name="out"><temp name="T26"/></temps></instruction><instruction code="INCML T1693, 0"><temps name="use"/><temps name="def"><temp name="T1693"/></temps><temps name="in"><temp name="T26"/></temps><temps name="out"><temp name="T26"/></temps></instruction><instruction code="INCMH T1693, 0"><temps name="use"/><temps name="def"><temp name="T1693"/></temps><temps name="in"><temp name="T26"/></temps><temps name="out"><temp name="T26"/></temps></instruction><instruction code="INCH  T1693, 0"><temps name="use"/><temps name="def"><temp name="T1693"/></temps><temps name="in"><temp name="T26"/></temps><temps name="out"><temp name="T1693"/><temp name="T26"/></temps></instruction><instruction code="OR T600, T1693, 0"><temps name="use"><temp name="T1693"/></temps><temps name="def"><temp name="T600"/></temps><temps name="in"><temp name="T1693"/><temp name="T26"/></temps><temps name="out"><temp name="T26"/><temp name="T600"/></temps></instruction><instruction code="SETL  T1694, 80"><temps name="use"/><temps name="def"><temp name="T1694"/></temps><temps name="in"><temp name="T26"/><temp name="T600"/></temps><temps name="out"><temp name="T26"/><temp name="T600"/></temps></instruction><instruction code="INCML T1694, 0"><temps name="use"/><temps name="def"><temp name="T1694"/></temps><temps name="in"><temp name="T26"/><temp name="T600"/></temps><temps name="out"><temp name="T26"/><temp name="T600"/></temps></instruction><instruction code="INCMH T1694, 0"><temps name="use"/><temps name="def"><temp name="T1694"/></temps><temps name="in"><temp name="T26"/><temp name="T600"/></temps><temps name="out"><temp name="T26"/><temp name="T600"/></temps></instruction><instruction code="INCH  T1694, 0"><temps name="use"/><temps name="def"><temp name="T1694"/></temps><temps name="in"><temp name="T26"/><temp name="T600"/></temps><temps name="out"><temp name="T26"/><temp name="T1694"/><temp name="T600"/></temps></instruction><instruction code="NEG T1694, 0, T1694"><temps name="use"><temp name="T1694"/></temps><temps name="def"><temp name="T1694"/></temps><temps name="in"><temp name="T26"/><temp name="T1694"/><temp name="T600"/></temps><temps name="out"><temp name="T26"/><temp name="T1694"/><temp name="T600"/></temps></instruction><instruction code="ADD T1695, T26, T1694"><temps name="use"><temp name="T26"/><temp name="T1694"/></temps><temps name="def"><temp name="T1695"/></temps><temps name="in"><temp name="T26"/><temp name="T1694"/><temp name="T600"/></temps><temps name="out"><temp name="T26"/><temp name="T1695"/><temp name="T600"/></temps></instruction><instruction code="SETL  T1696, 104"><temps name="use"/><temps name="def"><temp name="T1696"/></temps><temps name="in"><temp name="T26"/><temp name="T1695"/><temp name="T600"/></temps><temps name="out"><temp name="T26"/><temp name="T1695"/><temp name="T600"/></temps></instruction><instruction code="INCML T1696, 0"><temps name="use"/><temps name="def"><temp name="T1696"/></temps><temps name="in"><temp name="T26"/><temp name="T1695"/><temp name="T600"/></temps><temps name="out"><temp name="T26"/><temp name="T1695"/><temp name="T600"/></temps></instruction><instruction code="INCMH T1696, 0"><temps name="use"/><temps name="def"><temp name="T1696"/></temps><temps name="in"><temp name="T26"/><temp name="T1695"/><temp name="T600"/></temps><temps name="out"><temp name="T26"/><temp name="T1695"/><temp name="T600"/></temps></instruction><instruction code="INCH  T1696, 0"><temps name="use"/><temps name="def"><temp name="T1696"/></temps><temps name="in"><temp name="T26"/><temp name="T1695"/><temp name="T600"/></temps><temps name="out"><temp name="T1696"/><temp name="T26"/><temp name="T1695"/><temp name="T600"/></temps></instruction><instruction code="NEG T1696, 0, T1696"><temps name="use"><temp name="T1696"/></temps><temps name="def"><temp name="T1696"/></temps><temps name="in"><temp name="T1696"/><temp name="T26"/><temp name="T1695"/><temp name="T600"/></temps><temps name="out"><temp name="T26"/><temp name="T1696"/><temp name="T1695"/><temp name="T600"/></temps></instruction><instruction code="ADD T1697, T26, T1696"><temps name="use"><temp name="T26"/><temp name="T1696"/></temps><temps name="def"><temp name="T1697"/></temps><temps name="in"><temp name="T26"/><temp name="T1696"/><temp name="T1695"/><temp name="T600"/></temps><temps name="out"><temp name="T26"/><temp name="T1695"/><temp name="T600"/><temp name="T1697"/></temps></instruction><instruction code="SETL  T1699, 8"><temps name="use"/><temps name="def"><temp name="T1699"/></temps><temps name="in"><temp name="T26"/><temp name="T1695"/><temp name="T600"/><temp name="T1697"/></temps><temps name="out"><temp name="T26"/><temp name="T1695"/><temp name="T600"/><temp name="T1697"/></temps></instruction><instruction code="INCML T1699, 0"><temps name="use"/><temps name="def"><temp name="T1699"/></temps><temps name="in"><temp name="T26"/><temp name="T1695"/><temp name="T600"/><temp name="T1697"/></temps><temps name="out"><temp name="T26"/><temp name="T1695"/><temp name="T600"/><temp name="T1697"/></temps></instruction><instruction code="INCMH T1699, 0"><temps name="use"/><temps name="def"><temp name="T1699"/></temps><temps name="in"><temp name="T26"/><temp name="T1695"/><temp name="T600"/><temp name="T1697"/></temps><temps name="out"><temp name="T26"/><temp name="T1695"/><temp name="T600"/><temp name="T1697"/></temps></instruction><instruction code="INCH  T1699, 0"><temps name="use"/><temps name="def"><temp name="T1699"/></temps><temps name="in"><temp name="T26"/><temp name="T1695"/><temp name="T600"/><temp name="T1697"/></temps><temps name="out"><temp name="T26"/><temp name="T1695"/><temp name="T1699"/><temp name="T600"/><temp name="T1697"/></temps></instruction><instruction code="MUL T1700, T1697, T1699"><temps name="use"><temp name="T1697"/><temp name="T1699"/></temps><temps name="def"><temp name="T1700"/></temps><temps name="in"><temp name="T26"/><temp name="T1695"/><temp name="T1699"/><temp name="T600"/><temp name="T1697"/></temps><temps name="out"><temp name="T26"/><temp name="T1695"/><temp name="T1700"/><temp name="T600"/></temps></instruction><instruction code="ADD T1701, T1695, T1700"><temps name="use"><temp name="T1695"/><temp name="T1700"/></temps><temps name="def"><temp name="T1701"/></temps><temps name="in"><temp name="T26"/><temp name="T1695"/><temp name="T1700"/><temp name="T600"/></temps><temps name="out"><temp name="T26"/><temp name="T1701"/><temp name="T600"/></temps></instruction><instruction code="STO T1701, T600, 0"><temps name="use"><temp name="T1701"/><temp name="T600"/></temps><temps name="def"/><temps name="in"><temp name="T26"/><temp name="T1701"/><temp name="T600"/></temps><temps name="out"><temp name="T26"/></temps></instruction><instruction code="OR T601, T26, 0"><temps name="use"><temp name="T26"/></temps><temps name="def"><temp name="T601"/></temps><temps name="in"><temp name="T26"/></temps><temps name="out"><temp name="T601"/><temp name="T26"/></temps></instruction><instruction code="SETL  T1703, 104"><temps name="use"/><temps name="def"><temp name="T1703"/></temps><temps name="in"><temp name="T601"/><temp name="T26"/></temps><temps name="out"><temp name="T601"/><temp name="T26"/></temps></instruction><instruction code="INCML T1703, 0"><temps name="use"/><temps name="def"><temp name="T1703"/></temps><temps name="in"><temp name="T601"/><temp name="T26"/></temps><temps name="out"><temp name="T601"/><temp name="T26"/></temps></instruction><instruction code="INCMH T1703, 0"><temps name="use"/><temps name="def"><temp name="T1703"/></temps><temps name="in"><temp name="T601"/><temp name="T26"/></temps><temps name="out"><temp name="T601"/><temp name="T26"/></temps></instruction><instruction code="INCH  T1703, 0"><temps name="use"/><temps name="def"><temp name="T1703"/></temps><temps name="in"><temp name="T601"/><temp name="T26"/></temps><temps name="out"><temp name="T601"/><temp name="T26"/><temp name="T1703"/></temps></instruction><instruction code="NEG T1703, 0, T1703"><temps name="use"><temp name="T1703"/></temps><temps name="def"><temp name="T1703"/></temps><temps name="in"><temp name="T601"/><temp name="T26"/><temp name="T1703"/></temps><temps name="out"><temp name="T601"/><temp name="T26"/><temp name="T1703"/></temps></instruction><instruction code="OR T602, T1703, 0"><temps name="use"><temp name="T1703"/></temps><temps name="def"><temp name="T602"/></temps><temps name="in"><temp name="T601"/><temp name="T26"/><temp name="T1703"/></temps><temps name="out"><temp name="T601"/><temp name="T26"/><temp name="T602"/></temps></instruction><instruction code="ADD T1704, T601, T602"><temps name="use"><temp name="T601"/><temp name="T602"/></temps><temps name="def"><temp name="T1704"/></temps><temps name="in"><temp name="T601"/><temp name="T26"/><temp name="T602"/></temps><temps name="out"><temp name="T26"/><temp name="T1704"/></temps></instruction><instruction code="OR T603, T1704, 0"><temps name="use"><temp name="T1704"/></temps><temps name="def"><temp name="T603"/></temps><temps name="in"><temp name="T26"/><temp name="T1704"/></temps><temps name="out"><temp name="T603"/><temp name="T26"/></temps></instruction><instruction code="OR T604, T603, 0"><temps name="use"><temp name="T603"/></temps><temps name="def"><temp name="T604"/></temps><temps name="in"><temp name="T603"/><temp name="T26"/></temps><temps name="out"><temp name="T604"/><temp name="T26"/></temps></instruction><instruction code="SETL  T1706, 1"><temps name="use"/><temps name="def"><temp name="T1706"/></temps><temps name="in"><temp name="T604"/><temp name="T26"/></temps><temps name="out"><temp name="T604"/><temp name="T26"/></temps></instruction><instruction code="INCML T1706, 0"><temps name="use"/><temps name="def"><temp name="T1706"/></temps><temps name="in"><temp name="T604"/><temp name="T26"/></temps><temps name="out"><temp name="T604"/><temp name="T26"/></temps></instruction><instruction code="INCMH T1706, 0"><temps name="use"/><temps name="def"><temp name="T1706"/></temps><temps name="in"><temp name="T604"/><temp name="T26"/></temps><temps name="out"><temp name="T604"/><temp name="T26"/></temps></instruction><instruction code="INCH  T1706, 0"><temps name="use"/><temps name="def"><temp name="T1706"/></temps><temps name="in"><temp name="T604"/><temp name="T26"/></temps><temps name="out"><temp name="T604"/><temp name="T26"/><temp name="T1706"/></temps></instruction><instruction code="OR T605, T1706, 0"><temps name="use"><temp name="T1706"/></temps><temps name="def"><temp name="T605"/></temps><temps name="in"><temp name="T604"/><temp name="T26"/><temp name="T1706"/></temps><temps name="out"><temp name="T604"/><temp name="T26"/><temp name="T605"/></temps></instruction><instruction code="ADD T1707, T604, T605"><temps name="use"><temp name="T604"/><temp name="T605"/></temps><temps name="def"><temp name="T1707"/></temps><temps name="in"><temp name="T604"/><temp name="T26"/><temp name="T605"/></temps><temps name="out"><temp name="T26"/><temp name="T1707"/></temps></instruction><instruction code="OR T606, T1707, 0"><temps name="use"><temp name="T1707"/></temps><temps name="def"><temp name="T606"/></temps><temps name="in"><temp name="T26"/><temp name="T1707"/></temps><temps name="out"><temp name="T26"/><temp name="T606"/></temps></instruction><instruction code="SETL  T1708, 104"><temps name="use"/><temps name="def"><temp name="T1708"/></temps><temps name="in"><temp name="T26"/><temp name="T606"/></temps><temps name="out"><temp name="T26"/><temp name="T606"/></temps></instruction><instruction code="INCML T1708, 0"><temps name="use"/><temps name="def"><temp name="T1708"/></temps><temps name="in"><temp name="T26"/><temp name="T606"/></temps><temps name="out"><temp name="T26"/><temp name="T606"/></temps></instruction><instruction code="INCMH T1708, 0"><temps name="use"/><temps name="def"><temp name="T1708"/></temps><temps name="in"><temp name="T26"/><temp name="T606"/></temps><temps name="out"><temp name="T26"/><temp name="T606"/></temps></instruction><instruction code="INCH  T1708, 0"><temps name="use"/><temps name="def"><temp name="T1708"/></temps><temps name="in"><temp name="T26"/><temp name="T606"/></temps><temps name="out"><temp name="T26"/><temp name="T606"/><temp name="T1708"/></temps></instruction><instruction code="NEG T1708, 0, T1708"><temps name="use"><temp name="T1708"/></temps><temps name="def"><temp name="T1708"/></temps><temps name="in"><temp name="T26"/><temp name="T606"/><temp name="T1708"/></temps><temps name="out"><temp name="T26"/><temp name="T606"/><temp name="T1708"/></temps></instruction><instruction code="ADD T1709, T26, T1708"><temps name="use"><temp name="T26"/><temp name="T1708"/></temps><temps name="def"><temp name="T1709"/></temps><temps name="in"><temp name="T26"/><temp name="T606"/><temp name="T1708"/></temps><temps name="out"><temp name="T26"/><temp name="T1709"/><temp name="T606"/></temps></instruction><instruction code="STO T1709, T606, 0"><temps name="use"><temp name="T1709"/><temp name="T606"/></temps><temps name="def"/><temps name="in"><temp name="T26"/><temp name="T1709"/><temp name="T606"/></temps><temps name="out"><temp name="T26"/></temps></instruction><instruction code="LDA T1711, L72"><temps name="use"/><temps name="def"><temp name="T1711"/></temps><temps name="in"><temp name="T26"/></temps><temps name="out"><temp name="T26"/><temp name="T1711"/></temps></instruction><instruction code="GO T1711, T1711, 0"><temps name="use"><temp name="T1711"/></temps><temps name="def"><temp name="T1711"/></temps><temps name="in"><temp name="T26"/><temp name="T1711"/></temps><temps name="out"><temp name="T26"/></temps></instruction><instruction code="L74"><temps name="use"/><temps name="def"/><temps name="in"><temp name="T26"/></temps><temps name="out"><temp name="T26"/></temps></instruction><instruction code="SETL  T1712, 0"><temps name="use"/><temps name="def"><temp name="T1712"/></temps><temps name="in"><temp name="T26"/></temps><temps name="out"><temp name="T26"/></temps></instruction><instruction code="INCML T1712, 0"><temps name="use"/><temps name="def"><temp name="T1712"/></temps><temps name="in"><temp name="T26"/></temps><temps name="out"><temp name="T26"/></temps></instruction><instruction code="INCMH T1712, 0"><temps name="use"/><temps name="def"><temp name="T1712"/></temps><temps name="in"><temp name="T26"/></temps><temps name="out"><temp name="T26"/></temps></instruction><instruction code="INCH  T1712, 0"><temps name="use"/><temps name="def"><temp name="T1712"/></temps><temps name="in"><temp name="T26"/></temps><temps name="out"><temp name="T26"/><temp name="T1712"/></temps></instruction><instruction code="OR T607, T1712, 0"><temps name="use"><temp name="T1712"/></temps><temps name="def"><temp name="T607"/></temps><temps name="in"><temp name="T26"/><temp name="T1712"/></temps><temps name="out"><temp name="T26"/><temp name="T607"/></temps></instruction><instruction code="SETL  T1713, 96"><temps name="use"/><temps name="def"><temp name="T1713"/></temps><temps name="in"><temp name="T26"/><temp name="T607"/></temps><temps name="out"><temp name="T26"/><temp name="T607"/></temps></instruction><instruction code="INCML T1713, 0"><temps name="use"/><temps name="def"><temp name="T1713"/></temps><temps name="in"><temp name="T26"/><temp name="T607"/></temps><temps name="out"><temp name="T26"/><temp name="T607"/></temps></instruction><instruction code="INCMH T1713, 0"><temps name="use"/><temps name="def"><temp name="T1713"/></temps><temps name="in"><temp name="T26"/><temp name="T607"/></temps><temps name="out"><temp name="T26"/><temp name="T607"/></temps></instruction><instruction code="INCH  T1713, 0"><temps name="use"/><temps name="def"><temp name="T1713"/></temps><temps name="in"><temp name="T26"/><temp name="T607"/></temps><temps name="out"><temp name="T26"/><temp name="T607"/><temp name="T1713"/></temps></instruction><instruction code="NEG T1713, 0, T1713"><temps name="use"><temp name="T1713"/></temps><temps name="def"><temp name="T1713"/></temps><temps name="in"><temp name="T26"/><temp name="T607"/><temp name="T1713"/></temps><temps name="out"><temp name="T26"/><temp name="T607"/><temp name="T1713"/></temps></instruction><instruction code="ADD T1714, T26, T1713"><temps name="use"><temp name="T26"/><temp name="T1713"/></temps><temps name="def"><temp name="T1714"/></temps><temps name="in"><temp name="T26"/><temp name="T607"/><temp name="T1713"/></temps><temps name="out"><temp name="T1714"/><temp name="T26"/><temp name="T607"/></temps></instruction><instruction code="STO T1714, T607, 0"><temps name="use"><temp name="T1714"/><temp name="T607"/></temps><temps name="def"/><temps name="in"><temp name="T1714"/><temp name="T26"/><temp name="T607"/></temps><temps name="out"><temp name="T26"/></temps></instruction><instruction code="L83"><temps name="use"/><temps name="def"/><temps name="in"><temp name="T26"/></temps><temps name="out"><temp name="T26"/></temps></instruction><instruction code="OR T608, T26, 0"><temps name="use"><temp name="T26"/></temps><temps name="def"><temp name="T608"/></temps><temps name="in"><temp name="T26"/></temps><temps name="out"><temp name="T26"/><temp name="T608"/></temps></instruction><instruction code="SETL  T1716, 96"><temps name="use"/><temps name="def"><temp name="T1716"/></temps><temps name="in"><temp name="T26"/><temp name="T608"/></temps><temps name="out"><temp name="T26"/><temp name="T608"/></temps></instruction><instruction code="INCML T1716, 0"><temps name="use"/><temps name="def"><temp name="T1716"/></temps><temps name="in"><temp name="T26"/><temp name="T608"/></temps><temps name="out"><temp name="T26"/><temp name="T608"/></temps></instruction><instruction code="INCMH T1716, 0"><temps name="use"/><temps name="def"><temp name="T1716"/></temps><temps name="in"><temp name="T26"/><temp name="T608"/></temps><temps name="out"><temp name="T26"/><temp name="T608"/></temps></instruction><instruction code="INCH  T1716, 0"><temps name="use"/><temps name="def"><temp name="T1716"/></temps><temps name="in"><temp name="T26"/><temp name="T608"/></temps><temps name="out"><temp name="T26"/><temp name="T608"/><temp name="T1716"/></temps></instruction><instruction code="NEG T1716, 0, T1716"><temps name="use"><temp name="T1716"/></temps><temps name="def"><temp name="T1716"/></temps><temps name="in"><temp name="T26"/><temp name="T608"/><temp name="T1716"/></temps><temps name="out"><temp name="T26"/><temp name="T608"/><temp name="T1716"/></temps></instruction><instruction code="OR T609, T1716, 0"><temps name="use"><temp name="T1716"/></temps><temps name="def"><temp name="T609"/></temps><temps name="in"><temp name="T26"/><temp name="T608"/><temp name="T1716"/></temps><temps name="out"><temp name="T26"/><temp name="T608"/><temp name="T609"/></temps></instruction><instruction code="ADD T1717, T608, T609"><temps name="use"><temp name="T608"/><temp name="T609"/></temps><temps name="def"><temp name="T1717"/></temps><temps name="in"><temp name="T26"/><temp name="T608"/><temp name="T609"/></temps><temps name="out"><temp name="T26"/><temp name="T1717"/></temps></instruction><instruction code="OR T610, T1717, 0"><temps name="use"><temp name="T1717"/></temps><temps name="def"><temp name="T610"/></temps><temps name="in"><temp name="T26"/><temp name="T1717"/></temps><temps name="out"><temp name="T610"/><temp name="T26"/></temps></instruction><instruction code="OR T611, T610, 0"><temps name="use"><temp name="T610"/></temps><temps name="def"><temp name="T611"/></temps><temps name="in"><temp name="T610"/><temp name="T26"/></temps><temps name="out"><temp name="T611"/><temp name="T26"/></temps></instruction><instruction code="SETL  T1719, 3"><temps name="use"/><temps name="def"><temp name="T1719"/></temps><temps name="in"><temp name="T611"/><temp name="T26"/></temps><temps name="out"><temp name="T611"/><temp name="T26"/></temps></instruction><instruction code="INCML T1719, 0"><temps name="use"/><temps name="def"><temp name="T1719"/></temps><temps name="in"><temp name="T611"/><temp name="T26"/></temps><temps name="out"><temp name="T611"/><temp name="T26"/></temps></instruction><instruction code="INCMH T1719, 0"><temps name="use"/><temps name="def"><temp name="T1719"/></temps><temps name="in"><temp name="T611"/><temp name="T26"/></temps><temps name="out"><temp name="T611"/><temp name="T26"/></temps></instruction><instruction code="INCH  T1719, 0"><temps name="use"/><temps name="def"><temp name="T1719"/></temps><temps name="in"><temp name="T611"/><temp name="T26"/></temps><temps name="out"><temp name="T611"/><temp name="T26"/><temp name="T1719"/></temps></instruction><instruction code="OR T612, T1719, 0"><temps name="use"><temp name="T1719"/></temps><temps name="def"><temp name="T612"/></temps><temps name="in"><temp name="T611"/><temp name="T26"/><temp name="T1719"/></temps><temps name="out"><temp name="T611"/><temp name="T26"/><temp name="T612"/></temps></instruction><instruction code="CMP T1720, T611, T612"><temps name="use"><temp name="T611"/><temp name="T612"/></temps><temps name="def"><temp name="T1720"/></temps><temps name="in"><temp name="T611"/><temp name="T26"/><temp name="T612"/></temps><temps name="out"><temp name="T26"/><temp name="T1720"/></temps></instruction><instruction code="ZSN T1720, T1720, 1"><temps name="use"><temp name="T1720"/></temps><temps name="def"><temp name="T1720"/></temps><temps name="in"><temp name="T26"/><temp name="T1720"/></temps><temps name="out"><temp name="T26"/><temp name="T1720"/></temps></instruction><instruction code="OR T613, T1720, 0"><temps name="use"><temp name="T1720"/></temps><temps name="def"><temp name="T613"/></temps><temps name="in"><temp name="T26"/><temp name="T1720"/></temps><temps name="out"><temp name="T26"/><temp name="T613"/></temps></instruction><instruction code="BNZ T613, L84"><temps name="use"><temp name="T613"/></temps><temps name="def"/><temps name="in"><temp name="T26"/><temp name="T613"/></temps><temps name="out"><temp name="T26"/></temps></instruction><instruction code="L144"><temps name="use"/><temps name="def"/><temps name="in"><temp name="T26"/></temps><temps name="out"><temp name="T26"/></temps></instruction><instruction code="LDA T1721, L85"><temps name="use"/><temps name="def"><temp name="T1721"/></temps><temps name="in"><temp name="T26"/></temps><temps name="out"><temp name="T26"/><temp name="T1721"/></temps></instruction><instruction code="GO T1721, T1721, 0"><temps name="use"><temp name="T1721"/></temps><temps name="def"><temp name="T1721"/></temps><temps name="in"><temp name="T26"/><temp name="T1721"/></temps><temps name="out"><temp name="T26"/></temps></instruction><instruction code="L84"><temps name="use"/><temps name="def"/><temps name="in"><temp name="T26"/></temps><temps name="out"><temp name="T26"/></temps></instruction><instruction code="SETL  T1722, 0"><temps name="use"/><temps name="def"><temp name="T1722"/></temps><temps name="in"><temp name="T26"/></temps><temps name="out"><temp name="T26"/></temps></instruction><instruction code="INCML T1722, 0"><temps name="use"/><temps name="def"><temp name="T1722"/></temps><temps name="in"><temp name="T26"/></temps><temps name="out"><temp name="T26"/></temps></instruction><instruction code="INCMH T1722, 0"><temps name="use"/><temps name="def"><temp name="T1722"/></temps><temps name="in"><temp name="T26"/></temps><temps name="out"><temp name="T26"/></temps></instruction><instruction code="INCH  T1722, 0"><temps name="use"/><temps name="def"><temp name="T1722"/></temps><temps name="in"><temp name="T26"/></temps><temps name="out"><temp name="T26"/><temp name="T1722"/></temps></instruction><instruction code="OR T614, T1722, 0"><temps name="use"><temp name="T1722"/></temps><temps name="def"><temp name="T614"/></temps><temps name="in"><temp name="T26"/><temp name="T1722"/></temps><temps name="out"><temp name="T26"/><temp name="T614"/></temps></instruction><instruction code="SETL  T1723, 88"><temps name="use"/><temps name="def"><temp name="T1723"/></temps><temps name="in"><temp name="T26"/><temp name="T614"/></temps><temps name="out"><temp name="T26"/><temp name="T614"/></temps></instruction><instruction code="INCML T1723, 0"><temps name="use"/><temps name="def"><temp name="T1723"/></temps><temps name="in"><temp name="T26"/><temp name="T614"/></temps><temps name="out"><temp name="T26"/><temp name="T614"/></temps></instruction><instruction code="INCMH T1723, 0"><temps name="use"/><temps name="def"><temp name="T1723"/></temps><temps name="in"><temp name="T26"/><temp name="T614"/></temps><temps name="out"><temp name="T26"/><temp name="T614"/></temps></instruction><instruction code="INCH  T1723, 0"><temps name="use"/><temps name="def"><temp name="T1723"/></temps><temps name="in"><temp name="T26"/><temp name="T614"/></temps><temps name="out"><temp name="T26"/><temp name="T1723"/><temp name="T614"/></temps></instruction><instruction code="NEG T1723, 0, T1723"><temps name="use"><temp name="T1723"/></temps><temps name="def"><temp name="T1723"/></temps><temps name="in"><temp name="T26"/><temp name="T1723"/><temp name="T614"/></temps><temps name="out"><temp name="T26"/><temp name="T1723"/><temp name="T614"/></temps></instruction><instruction code="ADD T1724, T26, T1723"><temps name="use"><temp name="T26"/><temp name="T1723"/></temps><temps name="def"><temp name="T1724"/></temps><temps name="in"><temp name="T26"/><temp name="T1723"/><temp name="T614"/></temps><temps name="out"><temp name="T1724"/><temp name="T26"/><temp name="T614"/></temps></instruction><instruction code="STO T1724, T614, 0"><temps name="use"><temp name="T1724"/><temp name="T614"/></temps><temps name="def"/><temps name="in"><temp name="T1724"/><temp name="T26"/><temp name="T614"/></temps><temps name="out"><temp name="T26"/></temps></instruction><instruction code="L80"><temps name="use"/><temps name="def"/><temps name="in"><temp name="T26"/></temps><temps name="out"><temp name="T26"/></temps></instruction><instruction code="OR T615, T26, 0"><temps name="use"><temp name="T26"/></temps><temps name="def"><temp name="T615"/></temps><temps name="in"><temp name="T26"/></temps><temps name="out"><temp name="T26"/><temp name="T615"/></temps></instruction><instruction code="SETL  T1726, 88"><temps name="use"/><temps name="def"><temp name="T1726"/></temps><temps name="in"><temp name="T26"/><temp name="T615"/></temps><temps name="out"><temp name="T26"/><temp name="T615"/></temps></instruction><instruction code="INCML T1726, 0"><temps name="use"/><temps name="def"><temp name="T1726"/></temps><temps name="in"><temp name="T26"/><temp name="T615"/></temps><temps name="out"><temp name="T26"/><temp name="T615"/></temps></instruction><instruction code="INCMH T1726, 0"><temps name="use"/><temps name="def"><temp name="T1726"/></temps><temps name="in"><temp name="T26"/><temp name="T615"/></temps><temps name="out"><temp name="T26"/><temp name="T615"/></temps></instruction><instruction code="INCH  T1726, 0"><temps name="use"/><temps name="def"><temp name="T1726"/></temps><temps name="in"><temp name="T26"/><temp name="T615"/></temps><temps name="out"><temp name="T26"/><temp name="T1726"/><temp name="T615"/></temps></instruction><instruction code="NEG T1726, 0, T1726"><temps name="use"><temp name="T1726"/></temps><temps name="def"><temp name="T1726"/></temps><temps name="in"><temp name="T26"/><temp name="T1726"/><temp name="T615"/></temps><temps name="out"><temp name="T26"/><temp name="T1726"/><temp name="T615"/></temps></instruction><instruction code="OR T616, T1726, 0"><temps name="use"><temp name="T1726"/></temps><temps name="def"><temp name="T616"/></temps><temps name="in"><temp name="T26"/><temp name="T1726"/><temp name="T615"/></temps><temps name="out"><temp name="T26"/><temp name="T616"/><temp name="T615"/></temps></instruction><instruction code="ADD T1727, T615, T616"><temps name="use"><temp name="T615"/><temp name="T616"/></temps><temps name="def"><temp name="T1727"/></temps><temps name="in"><temp name="T26"/><temp name="T616"/><temp name="T615"/></temps><temps name="out"><temp name="T26"/><temp name="T1727"/></temps></instruction><instruction code="OR T617, T1727, 0"><temps name="use"><temp name="T1727"/></temps><temps name="def"><temp name="T617"/></temps><temps name="in"><temp name="T26"/><temp name="T1727"/></temps><temps name="out"><temp name="T26"/><temp name="T617"/></temps></instruction><instruction code="OR T618, T617, 0"><temps name="use"><temp name="T617"/></temps><temps name="def"><temp name="T618"/></temps><temps name="in"><temp name="T26"/><temp name="T617"/></temps><temps name="out"><temp name="T26"/><temp name="T618"/></temps></instruction><instruction code="SETL  T1729, 3"><temps name="use"/><temps name="def"><temp name="T1729"/></temps><temps name="in"><temp name="T26"/><temp name="T618"/></temps><temps name="out"><temp name="T26"/><temp name="T618"/></temps></instruction><instruction code="INCML T1729, 0"><temps name="use"/><temps name="def"><temp name="T1729"/></temps><temps name="in"><temp name="T26"/><temp name="T618"/></temps><temps name="out"><temp name="T26"/><temp name="T618"/></temps></instruction><instruction code="INCMH T1729, 0"><temps name="use"/><temps name="def"><temp name="T1729"/></temps><temps name="in"><temp name="T26"/><temp name="T618"/></temps><temps name="out"><temp name="T26"/><temp name="T618"/></temps></instruction><instruction code="INCH  T1729, 0"><temps name="use"/><temps name="def"><temp name="T1729"/></temps><temps name="in"><temp name="T26"/><temp name="T618"/></temps><temps name="out"><temp name="T1729"/><temp name="T26"/><temp name="T618"/></temps></instruction><instruction code="OR T619, T1729, 0"><temps name="use"><temp name="T1729"/></temps><temps name="def"><temp name="T619"/></temps><temps name="in"><temp name="T1729"/><temp name="T26"/><temp name="T618"/></temps><temps name="out"><temp name="T619"/><temp name="T26"/><temp name="T618"/></temps></instruction><instruction code="CMP T1730, T618, T619"><temps name="use"><temp name="T618"/><temp name="T619"/></temps><temps name="def"><temp name="T1730"/></temps><temps name="in"><temp name="T619"/><temp name="T26"/><temp name="T618"/></temps><temps name="out"><temp name="T26"/><temp name="T1730"/></temps></instruction><instruction code="ZSN T1730, T1730, 1"><temps name="use"><temp name="T1730"/></temps><temps name="def"><temp name="T1730"/></temps><temps name="in"><temp name="T26"/><temp name="T1730"/></temps><temps name="out"><temp name="T26"/><temp name="T1730"/></temps></instruction><instruction code="OR T620, T1730, 0"><temps name="use"><temp name="T1730"/></temps><temps name="def"><temp name="T620"/></temps><temps name="in"><temp name="T26"/><temp name="T1730"/></temps><temps name="out"><temp name="T26"/><temp name="T620"/></temps></instruction><instruction code="BNZ T620, L81"><temps name="use"><temp name="T620"/></temps><temps name="def"/><temps name="in"><temp name="T26"/><temp name="T620"/></temps><temps name="out"><temp name="T26"/></temps></instruction><instruction code="L145"><temps name="use"/><temps name="def"/><temps name="in"><temp name="T26"/></temps><temps name="out"><temp name="T26"/></temps></instruction><instruction code="LDA T1731, L82"><temps name="use"/><temps name="def"><temp name="T1731"/></temps><temps name="in"><temp name="T26"/></temps><temps name="out"><temp name="T1731"/><temp name="T26"/></temps></instruction><instruction code="GO T1731, T1731, 0"><temps name="use"><temp name="T1731"/></temps><temps name="def"><temp name="T1731"/></temps><temps name="in"><temp name="T1731"/><temp name="T26"/></temps><temps name="out"><temp name="T26"/></temps></instruction><instruction code="L81"><temps name="use"/><temps name="def"/><temps name="in"><temp name="T26"/></temps><temps name="out"><temp name="T26"/></temps></instruction><instruction code="OR T621, T26, 0"><temps name="use"><temp name="T26"/></temps><temps name="def"><temp name="T621"/></temps><temps name="in"><temp name="T26"/></temps><temps name="out"><temp name="T26"/><temp name="T621"/></temps></instruction><instruction code="OR T622, T621, 0"><temps name="use"><temp name="T621"/></temps><temps name="def"><temp name="T622"/></temps><temps name="in"><temp name="T26"/><temp name="T621"/></temps><temps name="out"><temp name="T26"/><temp name="T622"/></temps></instruction><instruction code="SETL  T1733, 8"><temps name="use"/><temps name="def"><temp name="T1733"/></temps><temps name="in"><temp name="T26"/><temp name="T622"/></temps><temps name="out"><temp name="T26"/><temp name="T622"/></temps></instruction><instruction code="INCML T1733, 0"><temps name="use"/><temps name="def"><temp name="T1733"/></temps><temps name="in"><temp name="T26"/><temp name="T622"/></temps><temps name="out"><temp name="T26"/><temp name="T622"/></temps></instruction><instruction code="INCMH T1733, 0"><temps name="use"/><temps name="def"><temp name="T1733"/></temps><temps name="in"><temp name="T26"/><temp name="T622"/></temps><temps name="out"><temp name="T26"/><temp name="T622"/></temps></instruction><instruction code="INCH  T1733, 0"><temps name="use"/><temps name="def"><temp name="T1733"/></temps><temps name="in"><temp name="T26"/><temp name="T622"/></temps><temps name="out"><temp name="T26"/><temp name="T622"/><temp name="T1733"/></temps></instruction><instruction code="OR T623, T1733, 0"><temps name="use"><temp name="T1733"/></temps><temps name="def"><temp name="T623"/></temps><temps name="in"><temp name="T26"/><temp name="T622"/><temp name="T1733"/></temps><temps name="out"><temp name="T26"/><temp name="T623"/><temp name="T622"/></temps></instruction><instruction code="ADD T1734, T622, T623"><temps name="use"><temp name="T622"/><temp name="T623"/></temps><temps name="def"><temp name="T1734"/></temps><temps name="in"><temp name="T26"/><temp name="T623"/><temp name="T622"/></temps><temps name="out"><temp name="T26"/><temp name="T1734"/></temps></instruction><instruction code="OR T624, T1734, 0"><temps name="use"><temp name="T1734"/></temps><temps name="def"><temp name="T624"/></temps><temps name="in"><temp name="T26"/><temp name="T1734"/></temps><temps name="out"><temp name="T26"/><temp name="T624"/></temps></instruction><instruction code="OR T625, T624, 0"><temps name="use"><temp name="T624"/></temps><temps name="def"><temp name="T625"/></temps><temps name="in"><temp name="T26"/><temp name="T624"/></temps><temps name="out"><temp name="T26"/><temp name="T625"/></temps></instruction><instruction code="OR T626, T26, 0"><temps name="use"><temp name="T26"/></temps><temps name="def"><temp name="T626"/></temps><temps name="in"><temp name="T26"/><temp name="T625"/></temps><temps name="out"><temp name="T26"/><temp name="T626"/><temp name="T625"/></temps></instruction><instruction code="SETL  T1736, 16"><temps name="use"/><temps name="def"><temp name="T1736"/></temps><temps name="in"><temp name="T26"/><temp name="T626"/><temp name="T625"/></temps><temps name="out"><temp name="T26"/><temp name="T626"/><temp name="T625"/></temps></instruction><instruction code="INCML T1736, 0"><temps name="use"/><temps name="def"><temp name="T1736"/></temps><temps name="in"><temp name="T26"/><temp name="T626"/><temp name="T625"/></temps><temps name="out"><temp name="T26"/><temp name="T626"/><temp name="T625"/></temps></instruction><instruction code="INCMH T1736, 0"><temps name="use"/><temps name="def"><temp name="T1736"/></temps><temps name="in"><temp name="T26"/><temp name="T626"/><temp name="T625"/></temps><temps name="out"><temp name="T26"/><temp name="T626"/><temp name="T625"/></temps></instruction><instruction code="INCH  T1736, 0"><temps name="use"/><temps name="def"><temp name="T1736"/></temps><temps name="in"><temp name="T26"/><temp name="T626"/><temp name="T625"/></temps><temps name="out"><temp name="T26"/><temp name="T626"/><temp name="T625"/><temp name="T1736"/></temps></instruction><instruction code="OR T627, T1736, 0"><temps name="use"><temp name="T1736"/></temps><temps name="def"><temp name="T627"/></temps><temps name="in"><temp name="T26"/><temp name="T626"/><temp name="T625"/><temp name="T1736"/></temps><temps name="out"><temp name="T26"/><temp name="T627"/><temp name="T626"/><temp name="T625"/></temps></instruction><instruction code="ADD T1737, T626, T627"><temps name="use"><temp name="T626"/><temp name="T627"/></temps><temps name="def"><temp name="T1737"/></temps><temps name="in"><temp name="T26"/><temp name="T627"/><temp name="T626"/><temp name="T625"/></temps><temps name="out"><temp name="T26"/><temp name="T625"/><temp name="T1737"/></temps></instruction><instruction code="OR T628, T1737, 0"><temps name="use"><temp name="T1737"/></temps><temps name="def"><temp name="T628"/></temps><temps name="in"><temp name="T26"/><temp name="T625"/><temp name="T1737"/></temps><temps name="out"><temp name="T26"/><temp name="T625"/><temp name="T628"/></temps></instruction><instruction code="OR T629, T628, 0"><temps name="use"><temp name="T628"/></temps><temps name="def"><temp name="T629"/></temps><temps name="in"><temp name="T26"/><temp name="T625"/><temp name="T628"/></temps><temps name="out"><temp name="T629"/><temp name="T26"/><temp name="T625"/></temps></instruction><instruction code="SETL  T1739, 3"><temps name="use"/><temps name="def"><temp name="T1739"/></temps><temps name="in"><temp name="T629"/><temp name="T26"/><temp name="T625"/></temps><temps name="out"><temp name="T629"/><temp name="T26"/><temp name="T625"/></temps></instruction><instruction code="INCML T1739, 0"><temps name="use"/><temps name="def"><temp name="T1739"/></temps><temps name="in"><temp name="T629"/><temp name="T26"/><temp name="T625"/></temps><temps name="out"><temp name="T629"/><temp name="T26"/><temp name="T625"/></temps></instruction><instruction code="INCMH T1739, 0"><temps name="use"/><temps name="def"><temp name="T1739"/></temps><temps name="in"><temp name="T629"/><temp name="T26"/><temp name="T625"/></temps><temps name="out"><temp name="T629"/><temp name="T26"/><temp name="T625"/></temps></instruction><instruction code="INCH  T1739, 0"><temps name="use"/><temps name="def"><temp name="T1739"/></temps><temps name="in"><temp name="T629"/><temp name="T26"/><temp name="T625"/></temps><temps name="out"><temp name="T629"/><temp name="T26"/><temp name="T1739"/><temp name="T625"/></temps></instruction><instruction code="OR T630, T1739, 0"><temps name="use"><temp name="T1739"/></temps><temps name="def"><temp name="T630"/></temps><temps name="in"><temp name="T629"/><temp name="T26"/><temp name="T1739"/><temp name="T625"/></temps><temps name="out"><temp name="T629"/><temp name="T26"/><temp name="T625"/><temp name="T630"/></temps></instruction><instruction code="MUL T1740, T629, T630"><temps name="use"><temp name="T629"/><temp name="T630"/></temps><temps name="def"><temp name="T1740"/></temps><temps name="in"><temp name="T629"/><temp name="T26"/><temp name="T625"/><temp name="T630"/></temps><temps name="out"><temp name="T26"/><temp name="T625"/><temp name="T1740"/></temps></instruction><instruction code="OR T631, T1740, 0"><temps name="use"><temp name="T1740"/></temps><temps name="def"><temp name="T631"/></temps><temps name="in"><temp name="T26"/><temp name="T625"/><temp name="T1740"/></temps><temps name="out"><temp name="T26"/><temp name="T625"/><temp name="T631"/></temps></instruction><instruction code="OR T632, T26, 0"><temps name="use"><temp name="T26"/></temps><temps name="def"><temp name="T632"/></temps><temps name="in"><temp name="T26"/><temp name="T625"/><temp name="T631"/></temps><temps name="out"><temp name="T26"/><temp name="T632"/><temp name="T625"/><temp name="T631"/></temps></instruction><instruction code="SETL  T1741, 96"><temps name="use"/><temps name="def"><temp name="T1741"/></temps><temps name="in"><temp name="T26"/><temp name="T632"/><temp name="T625"/><temp name="T631"/></temps><temps name="out"><temp name="T26"/><temp name="T632"/><temp name="T625"/><temp name="T631"/></temps></instruction><instruction code="INCML T1741, 0"><temps name="use"/><temps name="def"><temp name="T1741"/></temps><temps name="in"><temp name="T26"/><temp name="T632"/><temp name="T625"/><temp name="T631"/></temps><temps name="out"><temp name="T26"/><temp name="T632"/><temp name="T625"/><temp name="T631"/></temps></instruction><instruction code="INCMH T1741, 0"><temps name="use"/><temps name="def"><temp name="T1741"/></temps><temps name="in"><temp name="T26"/><temp name="T632"/><temp name="T625"/><temp name="T631"/></temps><temps name="out"><temp name="T26"/><temp name="T632"/><temp name="T625"/><temp name="T631"/></temps></instruction><instruction code="INCH  T1741, 0"><temps name="use"/><temps name="def"><temp name="T1741"/></temps><temps name="in"><temp name="T26"/><temp name="T632"/><temp name="T625"/><temp name="T631"/></temps><temps name="out"><temp name="T26"/><temp name="T1741"/><temp name="T632"/><temp name="T625"/><temp name="T631"/></temps></instruction><instruction code="NEG T1741, 0, T1741"><temps name="use"><temp name="T1741"/></temps><temps name="def"><temp name="T1741"/></temps><temps name="in"><temp name="T26"/><temp name="T1741"/><temp name="T632"/><temp name="T625"/><temp name="T631"/></temps><temps name="out"><temp name="T26"/><temp name="T1741"/><temp name="T632"/><temp name="T625"/><temp name="T631"/></temps></instruction><instruction code="OR T633, T1741, 0"><temps name="use"><temp name="T1741"/></temps><temps name="def"><temp name="T633"/></temps><temps name="in"><temp name="T26"/><temp name="T1741"/><temp name="T632"/><temp name="T625"/><temp name="T631"/></temps><temps name="out"><temp name="T26"/><temp name="T632"/><temp name="T625"/><temp name="T633"/><temp name="T631"/></temps></instruction><instruction code="ADD T1742, T632, T633"><temps name="use"><temp name="T632"/><temp name="T633"/></temps><temps name="def"><temp name="T1742"/></temps><temps name="in"><temp name="T26"/><temp name="T632"/><temp name="T625"/><temp name="T633"/><temp name="T631"/></temps><temps name="out"><temp name="T26"/><temp name="T1742"/><temp name="T625"/><temp name="T631"/></temps></instruction><instruction code="OR T634, T1742, 0"><temps name="use"><temp name="T1742"/></temps><temps name="def"><temp name="T634"/></temps><temps name="in"><temp name="T26"/><temp name="T1742"/><temp name="T625"/><temp name="T631"/></temps><temps name="out"><temp name="T26"/><temp name="T625"/><temp name="T631"/><temp name="T634"/></temps></instruction><instruction code="OR T635, T634, 0"><temps name="use"><temp name="T634"/></temps><temps name="def"><temp name="T635"/></temps><temps name="in"><temp name="T26"/><temp name="T625"/><temp name="T631"/><temp name="T634"/></temps><temps name="out"><temp name="T26"/><temp name="T635"/><temp name="T625"/><temp name="T631"/></temps></instruction><instruction code="ADD T1744, T631, T635"><temps name="use"><temp name="T631"/><temp name="T635"/></temps><temps name="def"><temp name="T1744"/></temps><temps name="in"><temp name="T26"/><temp name="T635"/><temp name="T625"/><temp name="T631"/></temps><temps name="out"><temp name="T26"/><temp name="T625"/><temp name="T1744"/></temps></instruction><instruction code="OR T636, T1744, 0"><temps name="use"><temp name="T1744"/></temps><temps name="def"><temp name="T636"/></temps><temps name="in"><temp name="T26"/><temp name="T625"/><temp name="T1744"/></temps><temps name="out"><temp name="T26"/><temp name="T625"/><temp name="T636"/></temps></instruction><instruction code="SETL  T1745, 72"><temps name="use"/><temps name="def"><temp name="T1745"/></temps><temps name="in"><temp name="T26"/><temp name="T625"/><temp name="T636"/></temps><temps name="out"><temp name="T26"/><temp name="T625"/><temp name="T636"/></temps></instruction><instruction code="INCML T1745, 0"><temps name="use"/><temps name="def"><temp name="T1745"/></temps><temps name="in"><temp name="T26"/><temp name="T625"/><temp name="T636"/></temps><temps name="out"><temp name="T26"/><temp name="T625"/><temp name="T636"/></temps></instruction><instruction code="INCMH T1745, 0"><temps name="use"/><temps name="def"><temp name="T1745"/></temps><temps name="in"><temp name="T26"/><temp name="T625"/><temp name="T636"/></temps><temps name="out"><temp name="T26"/><temp name="T625"/><temp name="T636"/></temps></instruction><instruction code="INCH  T1745, 0"><temps name="use"/><temps name="def"><temp name="T1745"/></temps><temps name="in"><temp name="T26"/><temp name="T625"/><temp name="T636"/></temps><temps name="out"><temp name="T26"/><temp name="T1745"/><temp name="T625"/><temp name="T636"/></temps></instruction><instruction code="OR T637, T1745, 0"><temps name="use"><temp name="T1745"/></temps><temps name="def"><temp name="T637"/></temps><temps name="in"><temp name="T26"/><temp name="T1745"/><temp name="T625"/><temp name="T636"/></temps><temps name="out"><temp name="T26"/><temp name="T625"/><temp name="T637"/><temp name="T636"/></temps></instruction><instruction code="MUL T1746, T636, T637"><temps name="use"><temp name="T636"/><temp name="T637"/></temps><temps name="def"><temp name="T1746"/></temps><temps name="in"><temp name="T26"/><temp name="T625"/><temp name="T637"/><temp name="T636"/></temps><temps name="out"><temp name="T1746"/><temp name="T26"/><temp name="T625"/></temps></instruction><instruction code="OR T638, T1746, 0"><temps name="use"><temp name="T1746"/></temps><temps name="def"><temp name="T638"/></temps><temps name="in"><temp name="T1746"/><temp name="T26"/><temp name="T625"/></temps><temps name="out"><temp name="T26"/><temp name="T625"/><temp name="T638"/></temps></instruction><instruction code="ADD T1747, T625, T638"><temps name="use"><temp name="T625"/><temp name="T638"/></temps><temps name="def"><temp name="T1747"/></temps><temps name="in"><temp name="T26"/><temp name="T625"/><temp name="T638"/></temps><temps name="out"><temp name="T26"/><temp name="T1747"/></temps></instruction><instruction code="OR T639, T1747, 0"><temps name="use"><temp name="T1747"/></temps><temps name="def"><temp name="T639"/></temps><temps name="in"><temp name="T26"/><temp name="T1747"/></temps><temps name="out"><temp name="T26"/><temp name="T639"/></temps></instruction><instruction code="OR T640, T26, 0"><temps name="use"><temp name="T26"/></temps><temps name="def"><temp name="T640"/></temps><temps name="in"><temp name="T26"/><temp name="T639"/></temps><temps name="out"><temp name="T26"/><temp name="T639"/><temp name="T640"/></temps></instruction><instruction code="SETL  T1748, 8"><temps name="use"/><temps name="def"><temp name="T1748"/></temps><temps name="in"><temp name="T26"/><temp name="T639"/><temp name="T640"/></temps><temps name="out"><temp name="T26"/><temp name="T639"/><temp name="T640"/></temps></instruction><instruction code="INCML T1748, 0"><temps name="use"/><temps name="def"><temp name="T1748"/></temps><temps name="in"><temp name="T26"/><temp name="T639"/><temp name="T640"/></temps><temps name="out"><temp name="T26"/><temp name="T639"/><temp name="T640"/></temps></instruction><instruction code="INCMH T1748, 0"><temps name="use"/><temps name="def"><temp name="T1748"/></temps><temps name="in"><temp name="T26"/><temp name="T639"/><temp name="T640"/></temps><temps name="out"><temp name="T26"/><temp name="T639"/><temp name="T640"/></temps></instruction><instruction code="INCH  T1748, 0"><temps name="use"/><temps name="def"><temp name="T1748"/></temps><temps name="in"><temp name="T26"/><temp name="T639"/><temp name="T640"/></temps><temps name="out"><temp name="T26"/><temp name="T639"/><temp name="T640"/><temp name="T1748"/></temps></instruction><instruction code="OR T641, T1748, 0"><temps name="use"><temp name="T1748"/></temps><temps name="def"><temp name="T641"/></temps><temps name="in"><temp name="T26"/><temp name="T639"/><temp name="T640"/><temp name="T1748"/></temps><temps name="out"><temp name="T26"/><temp name="T639"/><temp name="T640"/><temp name="T641"/></temps></instruction><instruction code="ADD T1749, T640, T641"><temps name="use"><temp name="T640"/><temp name="T641"/></temps><temps name="def"><temp name="T1749"/></temps><temps name="in"><temp name="T26"/><temp name="T639"/><temp name="T640"/><temp name="T641"/></temps><temps name="out"><temp name="T26"/><temp name="T639"/><temp name="T1749"/></temps></instruction><instruction code="OR T642, T1749, 0"><temps name="use"><temp name="T1749"/></temps><temps name="def"><temp name="T642"/></temps><temps name="in"><temp name="T26"/><temp name="T639"/><temp name="T1749"/></temps><temps name="out"><temp name="T26"/><temp name="T642"/><temp name="T639"/></temps></instruction><instruction code="OR T643, T642, 0"><temps name="use"><temp name="T642"/></temps><temps name="def"><temp name="T643"/></temps><temps name="in"><temp name="T26"/><temp name="T642"/><temp name="T639"/></temps><temps name="out"><temp name="T26"/><temp name="T639"/><temp name="T643"/></temps></instruction><instruction code="SETL  T1751, 3"><temps name="use"/><temps name="def"><temp name="T1751"/></temps><temps name="in"><temp name="T26"/><temp name="T639"/><temp name="T643"/></temps><temps name="out"><temp name="T26"/><temp name="T639"/><temp name="T643"/></temps></instruction><instruction code="INCML T1751, 0"><temps name="use"/><temps name="def"><temp name="T1751"/></temps><temps name="in"><temp name="T26"/><temp name="T639"/><temp name="T643"/></temps><temps name="out"><temp name="T26"/><temp name="T639"/><temp name="T643"/></temps></instruction><instruction code="INCMH T1751, 0"><temps name="use"/><temps name="def"><temp name="T1751"/></temps><temps name="in"><temp name="T26"/><temp name="T639"/><temp name="T643"/></temps><temps name="out"><temp name="T26"/><temp name="T639"/><temp name="T643"/></temps></instruction><instruction code="INCH  T1751, 0"><temps name="use"/><temps name="def"><temp name="T1751"/></temps><temps name="in"><temp name="T26"/><temp name="T639"/><temp name="T643"/></temps><temps name="out"><temp name="T26"/><temp name="T639"/><temp name="T643"/><temp name="T1751"/></temps></instruction><instruction code="OR T644, T1751, 0"><temps name="use"><temp name="T1751"/></temps><temps name="def"><temp name="T644"/></temps><temps name="in"><temp name="T26"/><temp name="T639"/><temp name="T643"/><temp name="T1751"/></temps><temps name="out"><temp name="T26"/><temp name="T639"/><temp name="T644"/><temp name="T643"/></temps></instruction><instruction code="MUL T1752, T643, T644"><temps name="use"><temp name="T643"/><temp name="T644"/></temps><temps name="def"><temp name="T1752"/></temps><temps name="in"><temp name="T26"/><temp name="T639"/><temp name="T644"/><temp name="T643"/></temps><temps name="out"><temp name="T26"/><temp name="T639"/><temp name="T1752"/></temps></instruction><instruction code="OR T645, T1752, 0"><temps name="use"><temp name="T1752"/></temps><temps name="def"><temp name="T645"/></temps><temps name="in"><temp name="T26"/><temp name="T639"/><temp name="T1752"/></temps><temps name="out"><temp name="T26"/><temp name="T639"/><temp name="T645"/></temps></instruction><instruction code="OR T646, T26, 0"><temps name="use"><temp name="T26"/></temps><temps name="def"><temp name="T646"/></temps><temps name="in"><temp name="T26"/><temp name="T639"/><temp name="T645"/></temps><temps name="out"><temp name="T26"/><temp name="T646"/><temp name="T639"/><temp name="T645"/></temps></instruction><instruction code="SETL  T1753, 88"><temps name="use"/><temps name="def"><temp name="T1753"/></temps><temps name="in"><temp name="T26"/><temp name="T646"/><temp name="T639"/><temp name="T645"/></temps><temps name="out"><temp name="T26"/><temp name="T646"/><temp name="T639"/><temp name="T645"/></temps></instruction><instruction code="INCML T1753, 0"><temps name="use"/><temps name="def"><temp name="T1753"/></temps><temps name="in"><temp name="T26"/><temp name="T646"/><temp name="T639"/><temp name="T645"/></temps><temps name="out"><temp name="T26"/><temp name="T646"/><temp name="T639"/><temp name="T645"/></temps></instruction><instruction code="INCMH T1753, 0"><temps name="use"/><temps name="def"><temp name="T1753"/></temps><temps name="in"><temp name="T26"/><temp name="T646"/><temp name="T639"/><temp name="T645"/></temps><temps name="out"><temp name="T26"/><temp name="T646"/><temp name="T639"/><temp name="T645"/></temps></instruction><instruction code="INCH  T1753, 0"><temps name="use"/><temps name="def"><temp name="T1753"/></temps><temps name="in"><temp name="T26"/><temp name="T646"/><temp name="T639"/><temp name="T645"/></temps><temps name="out"><temp name="T26"/><temp name="T646"/><temp name="T639"/><temp name="T1753"/><temp name="T645"/></temps></instruction><instruction code="NEG T1753, 0, T1753"><temps name="use"><temp name="T1753"/></temps><temps name="def"><temp name="T1753"/></temps><temps name="in"><temp name="T26"/><temp name="T646"/><temp name="T639"/><temp name="T1753"/><temp name="T645"/></temps><temps name="out"><temp name="T26"/><temp name="T646"/><temp name="T639"/><temp name="T1753"/><temp name="T645"/></temps></instruction><instruction code="OR T647, T1753, 0"><temps name="use"><temp name="T1753"/></temps><temps name="def"><temp name="T647"/></temps><temps name="in"><temp name="T26"/><temp name="T646"/><temp name="T639"/><temp name="T1753"/><temp name="T645"/></temps><temps name="out"><temp name="T26"/><temp name="T646"/><temp name="T639"/><temp name="T645"/><temp name="T647"/></temps></instruction><instruction code="ADD T1754, T646, T647"><temps name="use"><temp name="T646"/><temp name="T647"/></temps><temps name="def"><temp name="T1754"/></temps><temps name="in"><temp name="T26"/><temp name="T646"/><temp name="T639"/><temp name="T645"/><temp name="T647"/></temps><temps name="out"><temp name="T26"/><temp name="T639"/><temp name="T1754"/><temp name="T645"/></temps></instruction><instruction code="OR T648, T1754, 0"><temps name="use"><temp name="T1754"/></temps><temps name="def"><temp name="T648"/></temps><temps name="in"><temp name="T26"/><temp name="T639"/><temp name="T1754"/><temp name="T645"/></temps><temps name="out"><temp name="T26"/><temp name="T639"/><temp name="T648"/><temp name="T645"/></temps></instruction><instruction code="OR T649, T648, 0"><temps name="use"><temp name="T648"/></temps><temps name="def"><temp name="T649"/></temps><temps name="in"><temp name="T26"/><temp name="T639"/><temp name="T648"/><temp name="T645"/></temps><temps name="out"><temp name="T649"/><temp name="T26"/><temp name="T639"/><temp name="T645"/></temps></instruction><instruction code="ADD T1756, T645, T649"><temps name="use"><temp name="T645"/><temp name="T649"/></temps><temps name="def"><temp name="T1756"/></temps><temps name="in"><temp name="T649"/><temp name="T26"/><temp name="T639"/><temp name="T645"/></temps><temps name="out"><temp name="T26"/><temp name="T639"/><temp name="T1756"/></temps></instruction><instruction code="OR T650, T1756, 0"><temps name="use"><temp name="T1756"/></temps><temps name="def"><temp name="T650"/></temps><temps name="in"><temp name="T26"/><temp name="T639"/><temp name="T1756"/></temps><temps name="out"><temp name="T26"/><temp name="T650"/><temp name="T639"/></temps></instruction><instruction code="SETL  T1757, 8"><temps name="use"/><temps name="def"><temp name="T1757"/></temps><temps name="in"><temp name="T26"/><temp name="T650"/><temp name="T639"/></temps><temps name="out"><temp name="T26"/><temp name="T650"/><temp name="T639"/></temps></instruction><instruction code="INCML T1757, 0"><temps name="use"/><temps name="def"><temp name="T1757"/></temps><temps name="in"><temp name="T26"/><temp name="T650"/><temp name="T639"/></temps><temps name="out"><temp name="T26"/><temp name="T650"/><temp name="T639"/></temps></instruction><instruction code="INCMH T1757, 0"><temps name="use"/><temps name="def"><temp name="T1757"/></temps><temps name="in"><temp name="T26"/><temp name="T650"/><temp name="T639"/></temps><temps name="out"><temp name="T26"/><temp name="T650"/><temp name="T639"/></temps></instruction><instruction code="INCH  T1757, 0"><temps name="use"/><temps name="def"><temp name="T1757"/></temps><temps name="in"><temp name="T26"/><temp name="T650"/><temp name="T639"/></temps><temps name="out"><temp name="T26"/><temp name="T650"/><temp name="T639"/><temp name="T1757"/></temps></instruction><instruction code="OR T651, T1757, 0"><temps name="use"><temp name="T1757"/></temps><temps name="def"><temp name="T651"/></temps><temps name="in"><temp name="T26"/><temp name="T650"/><temp name="T639"/><temp name="T1757"/></temps><temps name="out"><temp name="T26"/><temp name="T650"/><temp name="T651"/><temp name="T639"/></temps></instruction><instruction code="MUL T1758, T650, T651"><temps name="use"><temp name="T650"/><temp name="T651"/></temps><temps name="def"><temp name="T1758"/></temps><temps name="in"><temp name="T26"/><temp name="T650"/><temp name="T651"/><temp name="T639"/></temps><temps name="out"><temp name="T1758"/><temp name="T26"/><temp name="T639"/></temps></instruction><instruction code="OR T652, T1758, 0"><temps name="use"><temp name="T1758"/></temps><temps name="def"><temp name="T652"/></temps><temps name="in"><temp name="T1758"/><temp name="T26"/><temp name="T639"/></temps><temps name="out"><temp name="T26"/><temp name="T639"/><temp name="T652"/></temps></instruction><instruction code="ADD T1759, T639, T652"><temps name="use"><temp name="T639"/><temp name="T652"/></temps><temps name="def"><temp name="T1759"/></temps><temps name="in"><temp name="T26"/><temp name="T639"/><temp name="T652"/></temps><temps name="out"><temp name="T26"/><temp name="T1759"/></temps></instruction><instruction code="OR T653, T1759, 0"><temps name="use"><temp name="T1759"/></temps><temps name="def"><temp name="T653"/></temps><temps name="in"><temp name="T26"/><temp name="T1759"/></temps><temps name="out"><temp name="T26"/><temp name="T653"/></temps></instruction><instruction code="OR T654, T653, 0"><temps name="use"><temp name="T653"/></temps><temps name="def"><temp name="T654"/></temps><temps name="in"><temp name="T26"/><temp name="T653"/></temps><temps name="out"><temp name="T26"/><temp name="T654"/></temps></instruction><instruction code="SETL  T1761, 0"><temps name="use"/><temps name="def"><temp name="T1761"/></temps><temps name="in"><temp name="T26"/><temp name="T654"/></temps><temps name="out"><temp name="T26"/><temp name="T654"/></temps></instruction><instruction code="INCML T1761, 0"><temps name="use"/><temps name="def"><temp name="T1761"/></temps><temps name="in"><temp name="T26"/><temp name="T654"/></temps><temps name="out"><temp name="T26"/><temp name="T654"/></temps></instruction><instruction code="INCMH T1761, 0"><temps name="use"/><temps name="def"><temp name="T1761"/></temps><temps name="in"><temp name="T26"/><temp name="T654"/></temps><temps name="out"><temp name="T26"/><temp name="T654"/></temps></instruction><instruction code="INCH  T1761, 0"><temps name="use"/><temps name="def"><temp name="T1761"/></temps><temps name="in"><temp name="T26"/><temp name="T654"/></temps><temps name="out"><temp name="T26"/><temp name="T654"/><temp name="T1761"/></temps></instruction><instruction code="OR T655, T1761, 0"><temps name="use"><temp name="T1761"/></temps><temps name="def"><temp name="T655"/></temps><temps name="in"><temp name="T26"/><temp name="T654"/><temp name="T1761"/></temps><temps name="out"><temp name="T26"/><temp name="T654"/><temp name="T655"/></temps></instruction><instruction code="CMP T1762, T654, T655"><temps name="use"><temp name="T654"/><temp name="T655"/></temps><temps name="def"><temp name="T1762"/></temps><temps name="in"><temp name="T26"/><temp name="T654"/><temp name="T655"/></temps><temps name="out"><temp name="T26"/><temp name="T1762"/></temps></instruction><instruction code="ZSNZ T1762, T1762, 1"><temps name="use"><temp name="T1762"/></temps><temps name="def"><temp name="T1762"/></temps><temps name="in"><temp name="T26"/><temp name="T1762"/></temps><temps name="out"><temp name="T26"/><temp name="T1762"/></temps></instruction><instruction code="OR T656, T1762, 0"><temps name="use"><temp name="T1762"/></temps><temps name="def"><temp name="T656"/></temps><temps name="in"><temp name="T26"/><temp name="T1762"/></temps><temps name="out"><temp name="T26"/><temp name="T656"/></temps></instruction><instruction code="BNZ T656, L78"><temps name="use"><temp name="T656"/></temps><temps name="def"/><temps name="in"><temp name="T26"/><temp name="T656"/></temps><temps name="out"><temp name="T26"/></temps></instruction><instruction code="L146"><temps name="use"/><temps name="def"/><temps name="in"><temp name="T26"/></temps><temps name="out"><temp name="T26"/></temps></instruction><instruction code="LDA T1763, L79"><temps name="use"/><temps name="def"><temp name="T1763"/></temps><temps name="in"><temp name="T26"/></temps><temps name="out"><temp name="T1763"/><temp name="T26"/></temps></instruction><instruction code="GO T1763, T1763, 0"><temps name="use"><temp name="T1763"/></temps><temps name="def"><temp name="T1763"/></temps><temps name="in"><temp name="T1763"/><temp name="T26"/></temps><temps name="out"><temp name="T26"/></temps></instruction><instruction code="L78"><temps name="use"/><temps name="def"/><temps name="in"><temp name="T26"/></temps><temps name="out"><temp name="T26"/></temps></instruction><instruction code="OR T657, T26, 0"><temps name="use"><temp name="T26"/></temps><temps name="def"><temp name="T657"/></temps><temps name="in"><temp name="T26"/></temps><temps name="out"><temp name="T26"/><temp name="T657"/></temps></instruction><instruction code="SETL  T1764, 80"><temps name="use"/><temps name="def"><temp name="T1764"/></temps><temps name="in"><temp name="T26"/><temp name="T657"/></temps><temps name="out"><temp name="T26"/><temp name="T657"/></temps></instruction><instruction code="INCML T1764, 0"><temps name="use"/><temps name="def"><temp name="T1764"/></temps><temps name="in"><temp name="T26"/><temp name="T657"/></temps><temps name="out"><temp name="T26"/><temp name="T657"/></temps></instruction><instruction code="INCMH T1764, 0"><temps name="use"/><temps name="def"><temp name="T1764"/></temps><temps name="in"><temp name="T26"/><temp name="T657"/></temps><temps name="out"><temp name="T26"/><temp name="T657"/></temps></instruction><instruction code="INCH  T1764, 0"><temps name="use"/><temps name="def"><temp name="T1764"/></temps><temps name="in"><temp name="T26"/><temp name="T657"/></temps><temps name="out"><temp name="T26"/><temp name="T1764"/><temp name="T657"/></temps></instruction><instruction code="NEG T1764, 0, T1764"><temps name="use"><temp name="T1764"/></temps><temps name="def"><temp name="T1764"/></temps><temps name="in"><temp name="T26"/><temp name="T1764"/><temp name="T657"/></temps><temps name="out"><temp name="T26"/><temp name="T1764"/><temp name="T657"/></temps></instruction><instruction code="OR T658, T1764, 0"><temps name="use"><temp name="T1764"/></temps><temps name="def"><temp name="T658"/></temps><temps name="in"><temp name="T26"/><temp name="T1764"/><temp name="T657"/></temps><temps name="out"><temp name="T26"/><temp name="T658"/><temp name="T657"/></temps></instruction><instruction code="ADD T1765, T657, T658"><temps name="use"><temp name="T657"/><temp name="T658"/></temps><temps name="def"><temp name="T1765"/></temps><temps name="in"><temp name="T26"/><temp name="T658"/><temp name="T657"/></temps><temps name="out"><temp name="T1765"/><temp name="T26"/></temps></instruction><instruction code="OR T659, T1765, 0"><temps name="use"><temp name="T1765"/></temps><temps name="def"><temp name="T659"/></temps><temps name="in"><temp name="T1765"/><temp name="T26"/></temps><temps name="out"><temp name="T26"/><temp name="T659"/></temps></instruction><instruction code="OR T660, T26, 0"><temps name="use"><temp name="T26"/></temps><temps name="def"><temp name="T660"/></temps><temps name="in"><temp name="T26"/><temp name="T659"/></temps><temps name="out"><temp name="T26"/><temp name="T660"/><temp name="T659"/></temps></instruction><instruction code="OR T661, T660, 0"><temps name="use"><temp name="T660"/></temps><temps name="def"><temp name="T661"/></temps><temps name="in"><temp name="T26"/><temp name="T660"/><temp name="T659"/></temps><temps name="out"><temp name="T661"/><temp name="T26"/><temp name="T659"/></temps></instruction><instruction code="SETL  T1767, 8"><temps name="use"/><temps name="def"><temp name="T1767"/></temps><temps name="in"><temp name="T661"/><temp name="T26"/><temp name="T659"/></temps><temps name="out"><temp name="T661"/><temp name="T26"/><temp name="T659"/></temps></instruction><instruction code="INCML T1767, 0"><temps name="use"/><temps name="def"><temp name="T1767"/></temps><temps name="in"><temp name="T661"/><temp name="T26"/><temp name="T659"/></temps><temps name="out"><temp name="T661"/><temp name="T26"/><temp name="T659"/></temps></instruction><instruction code="INCMH T1767, 0"><temps name="use"/><temps name="def"><temp name="T1767"/></temps><temps name="in"><temp name="T661"/><temp name="T26"/><temp name="T659"/></temps><temps name="out"><temp name="T661"/><temp name="T26"/><temp name="T659"/></temps></instruction><instruction code="INCH  T1767, 0"><temps name="use"/><temps name="def"><temp name="T1767"/></temps><temps name="in"><temp name="T661"/><temp name="T26"/><temp name="T659"/></temps><temps name="out"><temp name="T1767"/><temp name="T661"/><temp name="T26"/><temp name="T659"/></temps></instruction><instruction code="OR T662, T1767, 0"><temps name="use"><temp name="T1767"/></temps><temps name="def"><temp name="T662"/></temps><temps name="in"><temp name="T1767"/><temp name="T661"/><temp name="T26"/><temp name="T659"/></temps><temps name="out"><temp name="T661"/><temp name="T26"/><temp name="T662"/><temp name="T659"/></temps></instruction><instruction code="ADD T1768, T661, T662"><temps name="use"><temp name="T661"/><temp name="T662"/></temps><temps name="def"><temp name="T1768"/></temps><temps name="in"><temp name="T661"/><temp name="T26"/><temp name="T662"/><temp name="T659"/></temps><temps name="out"><temp name="T26"/><temp name="T1768"/><temp name="T659"/></temps></instruction><instruction code="OR T663, T1768, 0"><temps name="use"><temp name="T1768"/></temps><temps name="def"><temp name="T663"/></temps><temps name="in"><temp name="T26"/><temp name="T1768"/><temp name="T659"/></temps><temps name="out"><temp name="T26"/><temp name="T663"/><temp name="T659"/></temps></instruction><instruction code="OR T664, T663, 0"><temps name="use"><temp name="T663"/></temps><temps name="def"><temp name="T664"/></temps><temps name="in"><temp name="T26"/><temp name="T663"/><temp name="T659"/></temps><temps name="out"><temp name="T26"/><temp name="T664"/><temp name="T659"/></temps></instruction><instruction code="OR T665, T26, 0"><temps name="use"><temp name="T26"/></temps><temps name="def"><temp name="T665"/></temps><temps name="in"><temp name="T26"/><temp name="T664"/><temp name="T659"/></temps><temps name="out"><temp name="T26"/><temp name="T664"/><temp name="T665"/><temp name="T659"/></temps></instruction><instruction code="SETL  T1770, 16"><temps name="use"/><temps name="def"><temp name="T1770"/></temps><temps name="in"><temp name="T26"/><temp name="T664"/><temp name="T665"/><temp name="T659"/></temps><temps name="out"><temp name="T26"/><temp name="T664"/><temp name="T665"/><temp name="T659"/></temps></instruction><instruction code="INCML T1770, 0"><temps name="use"/><temps name="def"><temp name="T1770"/></temps><temps name="in"><temp name="T26"/><temp name="T664"/><temp name="T665"/><temp name="T659"/></temps><temps name="out"><temp name="T26"/><temp name="T664"/><temp name="T665"/><temp name="T659"/></temps></instruction><instruction code="INCMH T1770, 0"><temps name="use"/><temps name="def"><temp name="T1770"/></temps><temps name="in"><temp name="T26"/><temp name="T664"/><temp name="T665"/><temp name="T659"/></temps><temps name="out"><temp name="T26"/><temp name="T664"/><temp name="T665"/><temp name="T659"/></temps></instruction><instruction code="INCH  T1770, 0"><temps name="use"/><temps name="def"><temp name="T1770"/></temps><temps name="in"><temp name="T26"/><temp name="T664"/><temp name="T665"/><temp name="T659"/></temps><temps name="out"><temp name="T26"/><temp name="T1770"/><temp name="T664"/><temp name="T665"/><temp name="T659"/></temps></instruction><instruction code="OR T666, T1770, 0"><temps name="use"><temp name="T1770"/></temps><temps name="def"><temp name="T666"/></temps><temps name="in"><temp name="T26"/><temp name="T1770"/><temp name="T664"/><temp name="T665"/><temp name="T659"/></temps><temps name="out"><temp name="T26"/><temp name="T664"/><temp name="T665"/><temp name="T666"/><temp name="T659"/></temps></instruction><instruction code="ADD T1771, T665, T666"><temps name="use"><temp name="T665"/><temp name="T666"/></temps><temps name="def"><temp name="T1771"/></temps><temps name="in"><temp name="T26"/><temp name="T664"/><temp name="T665"/><temp name="T666"/><temp name="T659"/></temps><temps name="out"><temp name="T26"/><temp name="T664"/><temp name="T1771"/><temp name="T659"/></temps></instruction><instruction code="OR T667, T1771, 0"><temps name="use"><temp name="T1771"/></temps><temps name="def"><temp name="T667"/></temps><temps name="in"><temp name="T26"/><temp name="T664"/><temp name="T1771"/><temp name="T659"/></temps><temps name="out"><temp name="T26"/><temp name="T664"/><temp name="T667"/><temp name="T659"/></temps></instruction><instruction code="OR T668, T667, 0"><temps name="use"><temp name="T667"/></temps><temps name="def"><temp name="T668"/></temps><temps name="in"><temp name="T26"/><temp name="T664"/><temp name="T667"/><temp name="T659"/></temps><temps name="out"><temp name="T26"/><temp name="T668"/><temp name="T664"/><temp name="T659"/></temps></instruction><instruction code="SETL  T1773, 3"><temps name="use"/><temps name="def"><temp name="T1773"/></temps><temps name="in"><temp name="T26"/><temp name="T668"/><temp name="T664"/><temp name="T659"/></temps><temps name="out"><temp name="T26"/><temp name="T668"/><temp name="T664"/><temp name="T659"/></temps></instruction><instruction code="INCML T1773, 0"><temps name="use"/><temps name="def"><temp name="T1773"/></temps><temps name="in"><temp name="T26"/><temp name="T668"/><temp name="T664"/><temp name="T659"/></temps><temps name="out"><temp name="T26"/><temp name="T668"/><temp name="T664"/><temp name="T659"/></temps></instruction><instruction code="INCMH T1773, 0"><temps name="use"/><temps name="def"><temp name="T1773"/></temps><temps name="in"><temp name="T26"/><temp name="T668"/><temp name="T664"/><temp name="T659"/></temps><temps name="out"><temp name="T26"/><temp name="T668"/><temp name="T664"/><temp name="T659"/></temps></instruction><instruction code="INCH  T1773, 0"><temps name="use"/><temps name="def"><temp name="T1773"/></temps><temps name="in"><temp name="T26"/><temp name="T668"/><temp name="T664"/><temp name="T659"/></temps><temps name="out"><temp name="T26"/><temp name="T668"/><temp name="T664"/><temp name="T1773"/><temp name="T659"/></temps></instruction><instruction code="OR T669, T1773, 0"><temps name="use"><temp name="T1773"/></temps><temps name="def"><temp name="T669"/></temps><temps name="in"><temp name="T26"/><temp name="T668"/><temp name="T664"/><temp name="T1773"/><temp name="T659"/></temps><temps name="out"><temp name="T26"/><temp name="T669"/><temp name="T668"/><temp name="T664"/><temp name="T659"/></temps></instruction><instruction code="MUL T1774, T668, T669"><temps name="use"><temp name="T668"/><temp name="T669"/></temps><temps name="def"><temp name="T1774"/></temps><temps name="in"><temp name="T26"/><temp name="T669"/><temp name="T668"/><temp name="T664"/><temp name="T659"/></temps><temps name="out"><temp name="T26"/><temp name="T664"/><temp name="T1774"/><temp name="T659"/></temps></instruction><instruction code="OR T670, T1774, 0"><temps name="use"><temp name="T1774"/></temps><temps name="def"><temp name="T670"/></temps><temps name="in"><temp name="T26"/><temp name="T664"/><temp name="T1774"/><temp name="T659"/></temps><temps name="out"><temp name="T670"/><temp name="T26"/><temp name="T664"/><temp name="T659"/></temps></instruction><instruction code="OR T671, T26, 0"><temps name="use"><temp name="T26"/></temps><temps name="def"><temp name="T671"/></temps><temps name="in"><temp name="T670"/><temp name="T26"/><temp name="T664"/><temp name="T659"/></temps><temps name="out"><temp name="T671"/><temp name="T670"/><temp name="T26"/><temp name="T664"/><temp name="T659"/></temps></instruction><instruction code="SETL  T1775, 96"><temps name="use"/><temps name="def"><temp name="T1775"/></temps><temps name="in"><temp name="T671"/><temp name="T670"/><temp name="T26"/><temp name="T664"/><temp name="T659"/></temps><temps name="out"><temp name="T671"/><temp name="T670"/><temp name="T26"/><temp name="T664"/><temp name="T659"/></temps></instruction><instruction code="INCML T1775, 0"><temps name="use"/><temps name="def"><temp name="T1775"/></temps><temps name="in"><temp name="T671"/><temp name="T670"/><temp name="T26"/><temp name="T664"/><temp name="T659"/></temps><temps name="out"><temp name="T671"/><temp name="T670"/><temp name="T26"/><temp name="T664"/><temp name="T659"/></temps></instruction><instruction code="INCMH T1775, 0"><temps name="use"/><temps name="def"><temp name="T1775"/></temps><temps name="in"><temp name="T671"/><temp name="T670"/><temp name="T26"/><temp name="T664"/><temp name="T659"/></temps><temps name="out"><temp name="T671"/><temp name="T670"/><temp name="T26"/><temp name="T664"/><temp name="T659"/></temps></instruction><instruction code="INCH  T1775, 0"><temps name="use"/><temps name="def"><temp name="T1775"/></temps><temps name="in"><temp name="T671"/><temp name="T670"/><temp name="T26"/><temp name="T664"/><temp name="T659"/></temps><temps name="out"><temp name="T671"/><temp name="T670"/><temp name="T26"/><temp name="T1775"/><temp name="T664"/><temp name="T659"/></temps></instruction><instruction code="NEG T1775, 0, T1775"><temps name="use"><temp name="T1775"/></temps><temps name="def"><temp name="T1775"/></temps><temps name="in"><temp name="T671"/><temp name="T670"/><temp name="T26"/><temp name="T1775"/><temp name="T664"/><temp name="T659"/></temps><temps name="out"><temp name="T671"/><temp name="T670"/><temp name="T26"/><temp name="T1775"/><temp name="T664"/><temp name="T659"/></temps></instruction><instruction code="OR T672, T1775, 0"><temps name="use"><temp name="T1775"/></temps><temps name="def"><temp name="T672"/></temps><temps name="in"><temp name="T671"/><temp name="T670"/><temp name="T26"/><temp name="T1775"/><temp name="T664"/><temp name="T659"/></temps><temps name="out"><temp name="T671"/><temp name="T670"/><temp name="T26"/><temp name="T664"/><temp name="T672"/><temp name="T659"/></temps></instruction><instruction code="ADD T1776, T671, T672"><temps name="use"><temp name="T671"/><temp name="T672"/></temps><temps name="def"><temp name="T1776"/></temps><temps name="in"><temp name="T671"/><temp name="T670"/><temp name="T26"/><temp name="T664"/><temp name="T672"/><temp name="T659"/></temps><temps name="out"><temp name="T670"/><temp name="T26"/><temp name="T1776"/><temp name="T664"/><temp name="T659"/></temps></instruction><instruction code="OR T673, T1776, 0"><temps name="use"><temp name="T1776"/></temps><temps name="def"><temp name="T673"/></temps><temps name="in"><temp name="T670"/><temp name="T26"/><temp name="T1776"/><temp name="T664"/><temp name="T659"/></temps><temps name="out"><temp name="T670"/><temp name="T26"/><temp name="T664"/><temp name="T673"/><temp name="T659"/></temps></instruction><instruction code="OR T674, T673, 0"><temps name="use"><temp name="T673"/></temps><temps name="def"><temp name="T674"/></temps><temps name="in"><temp name="T670"/><temp name="T26"/><temp name="T664"/><temp name="T673"/><temp name="T659"/></temps><temps name="out"><temp name="T670"/><temp name="T26"/><temp name="T664"/><temp name="T674"/><temp name="T659"/></temps></instruction><instruction code="ADD T1778, T670, T674"><temps name="use"><temp name="T670"/><temp name="T674"/></temps><temps name="def"><temp name="T1778"/></temps><temps name="in"><temp name="T670"/><temp name="T26"/><temp name="T664"/><temp name="T674"/><temp name="T659"/></temps><temps name="out"><temp name="T26"/><temp name="T664"/><temp name="T1778"/><temp name="T659"/></temps></instruction><instruction code="OR T675, T1778, 0"><temps name="use"><temp name="T1778"/></temps><temps name="def"><temp name="T675"/></temps><temps name="in"><temp name="T26"/><temp name="T664"/><temp name="T1778"/><temp name="T659"/></temps><temps name="out"><temp name="T26"/><temp name="T664"/><temp name="T675"/><temp name="T659"/></temps></instruction><instruction code="SETL  T1779, 72"><temps name="use"/><temps name="def"><temp name="T1779"/></temps><temps name="in"><temp name="T26"/><temp name="T664"/><temp name="T675"/><temp name="T659"/></temps><temps name="out"><temp name="T26"/><temp name="T664"/><temp name="T675"/><temp name="T659"/></temps></instruction><instruction code="INCML T1779, 0"><temps name="use"/><temps name="def"><temp name="T1779"/></temps><temps name="in"><temp name="T26"/><temp name="T664"/><temp name="T675"/><temp name="T659"/></temps><temps name="out"><temp name="T26"/><temp name="T664"/><temp name="T675"/><temp name="T659"/></temps></instruction><instruction code="INCMH T1779, 0"><temps name="use"/><temps name="def"><temp name="T1779"/></temps><temps name="in"><temp name="T26"/><temp name="T664"/><temp name="T675"/><temp name="T659"/></temps><temps name="out"><temp name="T26"/><temp name="T664"/><temp name="T675"/><temp name="T659"/></temps></instruction><instruction code="INCH  T1779, 0"><temps name="use"/><temps name="def"><temp name="T1779"/></temps><temps name="in"><temp name="T26"/><temp name="T664"/><temp name="T675"/><temp name="T659"/></temps><temps name="out"><temp name="T26"/><temp name="T664"/><temp name="T1779"/><temp name="T675"/><temp name="T659"/></temps></instruction><instruction code="OR T676, T1779, 0"><temps name="use"><temp name="T1779"/></temps><temps name="def"><temp name="T676"/></temps><temps name="in"><temp name="T26"/><temp name="T664"/><temp name="T1779"/><temp name="T675"/><temp name="T659"/></temps><temps name="out"><temp name="T676"/><temp name="T26"/><temp name="T664"/><temp name="T675"/><temp name="T659"/></temps></instruction><instruction code="MUL T1780, T675, T676"><temps name="use"><temp name="T675"/><temp name="T676"/></temps><temps name="def"><temp name="T1780"/></temps><temps name="in"><temp name="T676"/><temp name="T26"/><temp name="T664"/><temp name="T675"/><temp name="T659"/></temps><temps name="out"><temp name="T26"/><temp name="T664"/><temp name="T1780"/><temp name="T659"/></temps></instruction><instruction code="OR T677, T1780, 0"><temps name="use"><temp name="T1780"/></temps><temps name="def"><temp name="T677"/></temps><temps name="in"><temp name="T26"/><temp name="T664"/><temp name="T1780"/><temp name="T659"/></temps><temps name="out"><temp name="T26"/><temp name="T664"/><temp name="T677"/><temp name="T659"/></temps></instruction><instruction code="ADD T1781, T664, T677"><temps name="use"><temp name="T664"/><temp name="T677"/></temps><temps name="def"><temp name="T1781"/></temps><temps name="in"><temp name="T26"/><temp name="T664"/><temp name="T677"/><temp name="T659"/></temps><temps name="out"><temp name="T26"/><temp name="T1781"/><temp name="T659"/></temps></instruction><instruction code="OR T678, T1781, 0"><temps name="use"><temp name="T1781"/></temps><temps name="def"><temp name="T678"/></temps><temps name="in"><temp name="T26"/><temp name="T1781"/><temp name="T659"/></temps><temps name="out"><temp name="T678"/><temp name="T26"/><temp name="T659"/></temps></instruction><instruction code="OR T679, T26, 0"><temps name="use"><temp name="T26"/></temps><temps name="def"><temp name="T679"/></temps><temps name="in"><temp name="T678"/><temp name="T26"/><temp name="T659"/></temps><temps name="out"><temp name="T678"/><temp name="T26"/><temp name="T679"/><temp name="T659"/></temps></instruction><instruction code="SETL  T1782, 8"><temps name="use"/><temps name="def"><temp name="T1782"/></temps><temps name="in"><temp name="T678"/><temp name="T26"/><temp name="T679"/><temp name="T659"/></temps><temps name="out"><temp name="T678"/><temp name="T26"/><temp name="T679"/><temp name="T659"/></temps></instruction><instruction code="INCML T1782, 0"><temps name="use"/><temps name="def"><temp name="T1782"/></temps><temps name="in"><temp name="T678"/><temp name="T26"/><temp name="T679"/><temp name="T659"/></temps><temps name="out"><temp name="T678"/><temp name="T26"/><temp name="T679"/><temp name="T659"/></temps></instruction><instruction code="INCMH T1782, 0"><temps name="use"/><temps name="def"><temp name="T1782"/></temps><temps name="in"><temp name="T678"/><temp name="T26"/><temp name="T679"/><temp name="T659"/></temps><temps name="out"><temp name="T678"/><temp name="T26"/><temp name="T679"/><temp name="T659"/></temps></instruction><instruction code="INCH  T1782, 0"><temps name="use"/><temps name="def"><temp name="T1782"/></temps><temps name="in"><temp name="T678"/><temp name="T26"/><temp name="T679"/><temp name="T659"/></temps><temps name="out"><temp name="T678"/><temp name="T26"/><temp name="T1782"/><temp name="T679"/><temp name="T659"/></temps></instruction><instruction code="OR T680, T1782, 0"><temps name="use"><temp name="T1782"/></temps><temps name="def"><temp name="T680"/></temps><temps name="in"><temp name="T678"/><temp name="T26"/><temp name="T1782"/><temp name="T679"/><temp name="T659"/></temps><temps name="out"><temp name="T678"/><temp name="T26"/><temp name="T680"/><temp name="T679"/><temp name="T659"/></temps></instruction><instruction code="ADD T1783, T679, T680"><temps name="use"><temp name="T679"/><temp name="T680"/></temps><temps name="def"><temp name="T1783"/></temps><temps name="in"><temp name="T678"/><temp name="T26"/><temp name="T680"/><temp name="T679"/><temp name="T659"/></temps><temps name="out"><temp name="T678"/><temp name="T26"/><temp name="T1783"/><temp name="T659"/></temps></instruction><instruction code="OR T681, T1783, 0"><temps name="use"><temp name="T1783"/></temps><temps name="def"><temp name="T681"/></temps><temps name="in"><temp name="T678"/><temp name="T26"/><temp name="T1783"/><temp name="T659"/></temps><temps name="out"><temp name="T678"/><temp name="T26"/><temp name="T681"/><temp name="T659"/></temps></instruction><instruction code="OR T682, T681, 0"><temps name="use"><temp name="T681"/></temps><temps name="def"><temp name="T682"/></temps><temps name="in"><temp name="T678"/><temp name="T26"/><temp name="T681"/><temp name="T659"/></temps><temps name="out"><temp name="T678"/><temp name="T26"/><temp name="T682"/><temp name="T659"/></temps></instruction><instruction code="SETL  T1785, 3"><temps name="use"/><temps name="def"><temp name="T1785"/></temps><temps name="in"><temp name="T678"/><temp name="T26"/><temp name="T682"/><temp name="T659"/></temps><temps name="out"><temp name="T678"/><temp name="T26"/><temp name="T682"/><temp name="T659"/></temps></instruction><instruction code="INCML T1785, 0"><temps name="use"/><temps name="def"><temp name="T1785"/></temps><temps name="in"><temp name="T678"/><temp name="T26"/><temp name="T682"/><temp name="T659"/></temps><temps name="out"><temp name="T678"/><temp name="T26"/><temp name="T682"/><temp name="T659"/></temps></instruction><instruction code="INCMH T1785, 0"><temps name="use"/><temps name="def"><temp name="T1785"/></temps><temps name="in"><temp name="T678"/><temp name="T26"/><temp name="T682"/><temp name="T659"/></temps><temps name="out"><temp name="T678"/><temp name="T26"/><temp name="T682"/><temp name="T659"/></temps></instruction><instruction code="INCH  T1785, 0"><temps name="use"/><temps name="def"><temp name="T1785"/></temps><temps name="in"><temp name="T678"/><temp name="T26"/><temp name="T682"/><temp name="T659"/></temps><temps name="out"><temp name="T678"/><temp name="T26"/><temp name="T1785"/><temp name="T682"/><temp name="T659"/></temps></instruction><instruction code="OR T683, T1785, 0"><temps name="use"><temp name="T1785"/></temps><temps name="def"><temp name="T683"/></temps><temps name="in"><temp name="T678"/><temp name="T26"/><temp name="T1785"/><temp name="T682"/><temp name="T659"/></temps><temps name="out"><temp name="T678"/><temp name="T26"/><temp name="T682"/><temp name="T683"/><temp name="T659"/></temps></instruction><instruction code="MUL T1786, T682, T683"><temps name="use"><temp name="T682"/><temp name="T683"/></temps><temps name="def"><temp name="T1786"/></temps><temps name="in"><temp name="T678"/><temp name="T26"/><temp name="T682"/><temp name="T683"/><temp name="T659"/></temps><temps name="out"><temp name="T678"/><temp name="T26"/><temp name="T1786"/><temp name="T659"/></temps></instruction><instruction code="OR T684, T1786, 0"><temps name="use"><temp name="T1786"/></temps><temps name="def"><temp name="T684"/></temps><temps name="in"><temp name="T678"/><temp name="T26"/><temp name="T1786"/><temp name="T659"/></temps><temps name="out"><temp name="T678"/><temp name="T26"/><temp name="T684"/><temp name="T659"/></temps></instruction><instruction code="OR T685, T26, 0"><temps name="use"><temp name="T26"/></temps><temps name="def"><temp name="T685"/></temps><temps name="in"><temp name="T678"/><temp name="T26"/><temp name="T684"/><temp name="T659"/></temps><temps name="out"><temp name="T678"/><temp name="T26"/><temp name="T684"/><temp name="T685"/><temp name="T659"/></temps></instruction><instruction code="SETL  T1787, 88"><temps name="use"/><temps name="def"><temp name="T1787"/></temps><temps name="in"><temp name="T678"/><temp name="T26"/><temp name="T684"/><temp name="T685"/><temp name="T659"/></temps><temps name="out"><temp name="T678"/><temp name="T26"/><temp name="T684"/><temp name="T685"/><temp name="T659"/></temps></instruction><instruction code="INCML T1787, 0"><temps name="use"/><temps name="def"><temp name="T1787"/></temps><temps name="in"><temp name="T678"/><temp name="T26"/><temp name="T684"/><temp name="T685"/><temp name="T659"/></temps><temps name="out"><temp name="T678"/><temp name="T26"/><temp name="T684"/><temp name="T685"/><temp name="T659"/></temps></instruction><instruction code="INCMH T1787, 0"><temps name="use"/><temps name="def"><temp name="T1787"/></temps><temps name="in"><temp name="T678"/><temp name="T26"/><temp name="T684"/><temp name="T685"/><temp name="T659"/></temps><temps name="out"><temp name="T678"/><temp name="T26"/><temp name="T684"/><temp name="T685"/><temp name="T659"/></temps></instruction><instruction code="INCH  T1787, 0"><temps name="use"/><temps name="def"><temp name="T1787"/></temps><temps name="in"><temp name="T678"/><temp name="T26"/><temp name="T684"/><temp name="T685"/><temp name="T659"/></temps><temps name="out"><temp name="T678"/><temp name="T26"/><temp name="T684"/><temp name="T1787"/><temp name="T685"/><temp name="T659"/></temps></instruction><instruction code="NEG T1787, 0, T1787"><temps name="use"><temp name="T1787"/></temps><temps name="def"><temp name="T1787"/></temps><temps name="in"><temp name="T678"/><temp name="T26"/><temp name="T684"/><temp name="T1787"/><temp name="T685"/><temp name="T659"/></temps><temps name="out"><temp name="T678"/><temp name="T26"/><temp name="T684"/><temp name="T1787"/><temp name="T685"/><temp name="T659"/></temps></instruction><instruction code="OR T686, T1787, 0"><temps name="use"><temp name="T1787"/></temps><temps name="def"><temp name="T686"/></temps><temps name="in"><temp name="T678"/><temp name="T26"/><temp name="T684"/><temp name="T1787"/><temp name="T685"/><temp name="T659"/></temps><temps name="out"><temp name="T678"/><temp name="T26"/><temp name="T686"/><temp name="T684"/><temp name="T685"/><temp name="T659"/></temps></instruction><instruction code="ADD T1788, T685, T686"><temps name="use"><temp name="T685"/><temp name="T686"/></temps><temps name="def"><temp name="T1788"/></temps><temps name="in"><temp name="T678"/><temp name="T26"/><temp name="T686"/><temp name="T684"/><temp name="T685"/><temp name="T659"/></temps><temps name="out"><temp name="T678"/><temp name="T26"/><temp name="T684"/><temp name="T1788"/><temp name="T659"/></temps></instruction><instruction code="OR T687, T1788, 0"><temps name="use"><temp name="T1788"/></temps><temps name="def"><temp name="T687"/></temps><temps name="in"><temp name="T678"/><temp name="T26"/><temp name="T684"/><temp name="T1788"/><temp name="T659"/></temps><temps name="out"><temp name="T678"/><temp name="T26"/><temp name="T684"/><temp name="T687"/><temp name="T659"/></temps></instruction><instruction code="OR T688, T687, 0"><temps name="use"><temp name="T687"/></temps><temps name="def"><temp name="T688"/></temps><temps name="in"><temp name="T678"/><temp name="T26"/><temp name="T684"/><temp name="T687"/><temp name="T659"/></temps><temps name="out"><temp name="T688"/><temp name="T678"/><temp name="T26"/><temp name="T684"/><temp name="T659"/></temps></instruction><instruction code="ADD T1790, T684, T688"><temps name="use"><temp name="T684"/><temp name="T688"/></temps><temps name="def"><temp name="T1790"/></temps><temps name="in"><temp name="T688"/><temp name="T678"/><temp name="T26"/><temp name="T684"/><temp name="T659"/></temps><temps name="out"><temp name="T678"/><temp name="T26"/><temp name="T1790"/><temp name="T659"/></temps></instruction><instruction code="OR T689, T1790, 0"><temps name="use"><temp name="T1790"/></temps><temps name="def"><temp name="T689"/></temps><temps name="in"><temp name="T678"/><temp name="T26"/><temp name="T1790"/><temp name="T659"/></temps><temps name="out"><temp name="T689"/><temp name="T678"/><temp name="T26"/><temp name="T659"/></temps></instruction><instruction code="SETL  T1791, 8"><temps name="use"/><temps name="def"><temp name="T1791"/></temps><temps name="in"><temp name="T689"/><temp name="T678"/><temp name="T26"/><temp name="T659"/></temps><temps name="out"><temp name="T689"/><temp name="T678"/><temp name="T26"/><temp name="T659"/></temps></instruction><instruction code="INCML T1791, 0"><temps name="use"/><temps name="def"><temp name="T1791"/></temps><temps name="in"><temp name="T689"/><temp name="T678"/><temp name="T26"/><temp name="T659"/></temps><temps name="out"><temp name="T689"/><temp name="T678"/><temp name="T26"/><temp name="T659"/></temps></instruction><instruction code="INCMH T1791, 0"><temps name="use"/><temps name="def"><temp name="T1791"/></temps><temps name="in"><temp name="T689"/><temp name="T678"/><temp name="T26"/><temp name="T659"/></temps><temps name="out"><temp name="T689"/><temp name="T678"/><temp name="T26"/><temp name="T659"/></temps></instruction><instruction code="INCH  T1791, 0"><temps name="use"/><temps name="def"><temp name="T1791"/></temps><temps name="in"><temp name="T689"/><temp name="T678"/><temp name="T26"/><temp name="T659"/></temps><temps name="out"><temp name="T689"/><temp name="T678"/><temp name="T26"/><temp name="T1791"/><temp name="T659"/></temps></instruction><instruction code="OR T690, T1791, 0"><temps name="use"><temp name="T1791"/></temps><temps name="def"><temp name="T690"/></temps><temps name="in"><temp name="T689"/><temp name="T678"/><temp name="T26"/><temp name="T1791"/><temp name="T659"/></temps><temps name="out"><temp name="T689"/><temp name="T678"/><temp name="T26"/><temp name="T690"/><temp name="T659"/></temps></instruction><instruction code="MUL T1792, T689, T690"><temps name="use"><temp name="T689"/><temp name="T690"/></temps><temps name="def"><temp name="T1792"/></temps><temps name="in"><temp name="T689"/><temp name="T678"/><temp name="T26"/><temp name="T690"/><temp name="T659"/></temps><temps name="out"><temp name="T678"/><temp name="T26"/><temp name="T1792"/><temp name="T659"/></temps></instruction><instruction code="OR T691, T1792, 0"><temps name="use"><temp name="T1792"/></temps><temps name="def"><temp name="T691"/></temps><temps name="in"><temp name="T678"/><temp name="T26"/><temp name="T1792"/><temp name="T659"/></temps><temps name="out"><temp name="T678"/><temp name="T26"/><temp name="T691"/><temp name="T659"/></temps></instruction><instruction code="ADD T1793, T678, T691"><temps name="use"><temp name="T678"/><temp name="T691"/></temps><temps name="def"><temp name="T1793"/></temps><temps name="in"><temp name="T678"/><temp name="T26"/><temp name="T691"/><temp name="T659"/></temps><temps name="out"><temp name="T26"/><temp name="T1793"/><temp name="T659"/></temps></instruction><instruction code="OR T692, T1793, 0"><temps name="use"><temp name="T1793"/></temps><temps name="def"><temp name="T692"/></temps><temps name="in"><temp name="T26"/><temp name="T1793"/><temp name="T659"/></temps><temps name="out"><temp name="T26"/><temp name="T692"/><temp name="T659"/></temps></instruction><instruction code="OR T693, T692, 0"><temps name="use"><temp name="T692"/></temps><temps name="def"><temp name="T693"/></temps><temps name="in"><temp name="T26"/><temp name="T692"/><temp name="T659"/></temps><temps name="out"><temp name="T26"/><temp name="T693"/><temp name="T659"/></temps></instruction><instruction code="SETL  T1795, 8"><temps name="use"/><temps name="def"><temp name="T1795"/></temps><temps name="in"><temp name="T26"/><temp name="T693"/><temp name="T659"/></temps><temps name="out"><temp name="T26"/><temp name="T693"/><temp name="T659"/></temps></instruction><instruction code="INCML T1795, 0"><temps name="use"/><temps name="def"><temp name="T1795"/></temps><temps name="in"><temp name="T26"/><temp name="T693"/><temp name="T659"/></temps><temps name="out"><temp name="T26"/><temp name="T693"/><temp name="T659"/></temps></instruction><instruction code="INCMH T1795, 0"><temps name="use"/><temps name="def"><temp name="T1795"/></temps><temps name="in"><temp name="T26"/><temp name="T693"/><temp name="T659"/></temps><temps name="out"><temp name="T26"/><temp name="T693"/><temp name="T659"/></temps></instruction><instruction code="INCH  T1795, 0"><temps name="use"/><temps name="def"><temp name="T1795"/></temps><temps name="in"><temp name="T26"/><temp name="T693"/><temp name="T659"/></temps><temps name="out"><temp name="T26"/><temp name="T1795"/><temp name="T693"/><temp name="T659"/></temps></instruction><instruction code="OR T694, T1795, 0"><temps name="use"><temp name="T1795"/></temps><temps name="def"><temp name="T694"/></temps><temps name="in"><temp name="T26"/><temp name="T1795"/><temp name="T693"/><temp name="T659"/></temps><temps name="out"><temp name="T26"/><temp name="T694"/><temp name="T693"/><temp name="T659"/></temps></instruction><instruction code="MUL T1796, T693, T694"><temps name="use"><temp name="T693"/><temp name="T694"/></temps><temps name="def"><temp name="T1796"/></temps><temps name="in"><temp name="T26"/><temp name="T694"/><temp name="T693"/><temp name="T659"/></temps><temps name="out"><temp name="T26"/><temp name="T1796"/><temp name="T659"/></temps></instruction><instruction code="OR T695, T1796, 0"><temps name="use"><temp name="T1796"/></temps><temps name="def"><temp name="T695"/></temps><temps name="in"><temp name="T26"/><temp name="T1796"/><temp name="T659"/></temps><temps name="out"><temp name="T26"/><temp name="T695"/><temp name="T659"/></temps></instruction><instruction code="ADD T1797, T659, T695"><temps name="use"><temp name="T659"/><temp name="T695"/></temps><temps name="def"><temp name="T1797"/></temps><temps name="in"><temp name="T26"/><temp name="T695"/><temp name="T659"/></temps><temps name="out"><temp name="T26"/><temp name="T1797"/></temps></instruction><instruction code="OR T696, T1797, 0"><temps name="use"><temp name="T1797"/></temps><temps name="def"><temp name="T696"/></temps><temps name="in"><temp name="T26"/><temp name="T1797"/></temps><temps name="out"><temp name="T26"/><temp name="T696"/></temps></instruction><instruction code="OR T697, T696, 0"><temps name="use"><temp name="T696"/></temps><temps name="def"><temp name="T697"/></temps><temps name="in"><temp name="T26"/><temp name="T696"/></temps><temps name="out"><temp name="T26"/><temp name="T697"/></temps></instruction><instruction code="BNZ T697, L75"><temps name="use"><temp name="T697"/></temps><temps name="def"/><temps name="in"><temp name="T26"/><temp name="T697"/></temps><temps name="out"><temp name="T26"/></temps></instruction><instruction code="L147"><temps name="use"/><temps name="def"/><temps name="in"><temp name="T26"/></temps><temps name="out"><temp name="T26"/></temps></instruction><instruction code="LDA T1799, L76"><temps name="use"/><temps name="def"><temp name="T1799"/></temps><temps name="in"><temp name="T26"/></temps><temps name="out"><temp name="T1799"/><temp name="T26"/></temps></instruction><instruction code="GO T1799, T1799, 0"><temps name="use"><temp name="T1799"/></temps><temps name="def"><temp name="T1799"/></temps><temps name="in"><temp name="T1799"/><temp name="T26"/></temps><temps name="out"><temp name="T26"/></temps></instruction><instruction code="L75"><temps name="use"/><temps name="def"/><temps name="in"><temp name="T26"/></temps><temps name="out"><temp name="T26"/></temps></instruction><instruction code="SETL  T1800, 0"><temps name="use"/><temps name="def"><temp name="T1800"/></temps><temps name="in"><temp name="T26"/></temps><temps name="out"><temp name="T26"/></temps></instruction><instruction code="INCML T1800, 0"><temps name="use"/><temps name="def"><temp name="T1800"/></temps><temps name="in"><temp name="T26"/></temps><temps name="out"><temp name="T26"/></temps></instruction><instruction code="INCMH T1800, 0"><temps name="use"/><temps name="def"><temp name="T1800"/></temps><temps name="in"><temp name="T26"/></temps><temps name="out"><temp name="T26"/></temps></instruction><instruction code="INCH  T1800, 0"><temps name="use"/><temps name="def"><temp name="T1800"/></temps><temps name="in"><temp name="T26"/></temps><temps name="out"><temp name="T26"/><temp name="T1800"/></temps></instruction><instruction code="OR T698, T1800, 0"><temps name="use"><temp name="T1800"/></temps><temps name="def"><temp name="T698"/></temps><temps name="in"><temp name="T26"/><temp name="T1800"/></temps><temps name="out"><temp name="T26"/><temp name="T698"/></temps></instruction><instruction code="SETL  T1801, 112"><temps name="use"/><temps name="def"><temp name="T1801"/></temps><temps name="in"><temp name="T26"/><temp name="T698"/></temps><temps name="out"><temp name="T26"/><temp name="T698"/></temps></instruction><instruction code="INCML T1801, 0"><temps name="use"/><temps name="def"><temp name="T1801"/></temps><temps name="in"><temp name="T26"/><temp name="T698"/></temps><temps name="out"><temp name="T26"/><temp name="T698"/></temps></instruction><instruction code="INCMH T1801, 0"><temps name="use"/><temps name="def"><temp name="T1801"/></temps><temps name="in"><temp name="T26"/><temp name="T698"/></temps><temps name="out"><temp name="T26"/><temp name="T698"/></temps></instruction><instruction code="INCH  T1801, 0"><temps name="use"/><temps name="def"><temp name="T1801"/></temps><temps name="in"><temp name="T26"/><temp name="T698"/></temps><temps name="out"><temp name="T1801"/><temp name="T26"/><temp name="T698"/></temps></instruction><instruction code="NEG T1801, 0, T1801"><temps name="use"><temp name="T1801"/></temps><temps name="def"><temp name="T1801"/></temps><temps name="in"><temp name="T1801"/><temp name="T26"/><temp name="T698"/></temps><temps name="out"><temp name="T26"/><temp name="T1801"/><temp name="T698"/></temps></instruction><instruction code="ADD T1802, T26, T1801"><temps name="use"><temp name="T26"/><temp name="T1801"/></temps><temps name="def"><temp name="T1802"/></temps><temps name="in"><temp name="T26"/><temp name="T1801"/><temp name="T698"/></temps><temps name="out"><temp name="T26"/><temp name="T1802"/><temp name="T698"/></temps></instruction><instruction code="STO T1802, T698, 0"><temps name="use"><temp name="T1802"/><temp name="T698"/></temps><temps name="def"/><temps name="in"><temp name="T26"/><temp name="T1802"/><temp name="T698"/></temps><temps name="out"><temp name="T26"/></temps></instruction><instruction code="LDA T1804, L77"><temps name="use"/><temps name="def"><temp name="T1804"/></temps><temps name="in"><temp name="T26"/></temps><temps name="out"><temp name="T26"/><temp name="T1804"/></temps></instruction><instruction code="GO T1804, T1804, 0"><temps name="use"><temp name="T1804"/></temps><temps name="def"><temp name="T1804"/></temps><temps name="in"><temp name="T26"/><temp name="T1804"/></temps><temps name="out"><temp name="T26"/></temps></instruction><instruction code="L76"><temps name="use"/><temps name="def"/><temps name="in"><temp name="T26"/></temps><temps name="out"><temp name="T26"/></temps></instruction><instruction code="SETL  T1805, 1"><temps name="use"/><temps name="def"><temp name="T1805"/></temps><temps name="in"><temp name="T26"/></temps><temps name="out"><temp name="T26"/></temps></instruction><instruction code="INCML T1805, 0"><temps name="use"/><temps name="def"><temp name="T1805"/></temps><temps name="in"><temp name="T26"/></temps><temps name="out"><temp name="T26"/></temps></instruction><instruction code="INCMH T1805, 0"><temps name="use"/><temps name="def"><temp name="T1805"/></temps><temps name="in"><temp name="T26"/></temps><temps name="out"><temp name="T26"/></temps></instruction><instruction code="INCH  T1805, 0"><temps name="use"/><temps name="def"><temp name="T1805"/></temps><temps name="in"><temp name="T26"/></temps><temps name="out"><temp name="T26"/><temp name="T1805"/></temps></instruction><instruction code="OR T699, T1805, 0"><temps name="use"><temp name="T1805"/></temps><temps name="def"><temp name="T699"/></temps><temps name="in"><temp name="T26"/><temp name="T1805"/></temps><temps name="out"><temp name="T26"/><temp name="T699"/></temps></instruction><instruction code="SETL  T1806, 80"><temps name="use"/><temps name="def"><temp name="T1806"/></temps><temps name="in"><temp name="T26"/><temp name="T699"/></temps><temps name="out"><temp name="T26"/><temp name="T699"/></temps></instruction><instruction code="INCML T1806, 0"><temps name="use"/><temps name="def"><temp name="T1806"/></temps><temps name="in"><temp name="T26"/><temp name="T699"/></temps><temps name="out"><temp name="T26"/><temp name="T699"/></temps></instruction><instruction code="INCMH T1806, 0"><temps name="use"/><temps name="def"><temp name="T1806"/></temps><temps name="in"><temp name="T26"/><temp name="T699"/></temps><temps name="out"><temp name="T26"/><temp name="T699"/></temps></instruction><instruction code="INCH  T1806, 0"><temps name="use"/><temps name="def"><temp name="T1806"/></temps><temps name="in"><temp name="T26"/><temp name="T699"/></temps><temps name="out"><temp name="T26"/><temp name="T1806"/><temp name="T699"/></temps></instruction><instruction code="NEG T1806, 0, T1806"><temps name="use"><temp name="T1806"/></temps><temps name="def"><temp name="T1806"/></temps><temps name="in"><temp name="T26"/><temp name="T1806"/><temp name="T699"/></temps><temps name="out"><temp name="T26"/><temp name="T1806"/><temp name="T699"/></temps></instruction><instruction code="ADD T1807, T26, T1806"><temps name="use"><temp name="T26"/><temp name="T1806"/></temps><temps name="def"><temp name="T1807"/></temps><temps name="in"><temp name="T26"/><temp name="T1806"/><temp name="T699"/></temps><temps name="out"><temp name="T26"/><temp name="T1807"/><temp name="T699"/></temps></instruction><instruction code="SETL  T1809, 8"><temps name="use"/><temps name="def"><temp name="T1809"/></temps><temps name="in"><temp name="T26"/><temp name="T1807"/><temp name="T699"/></temps><temps name="out"><temp name="T26"/><temp name="T1807"/><temp name="T699"/></temps></instruction><instruction code="INCML T1809, 0"><temps name="use"/><temps name="def"><temp name="T1809"/></temps><temps name="in"><temp name="T26"/><temp name="T1807"/><temp name="T699"/></temps><temps name="out"><temp name="T26"/><temp name="T1807"/><temp name="T699"/></temps></instruction><instruction code="INCMH T1809, 0"><temps name="use"/><temps name="def"><temp name="T1809"/></temps><temps name="in"><temp name="T26"/><temp name="T1807"/><temp name="T699"/></temps><temps name="out"><temp name="T26"/><temp name="T1807"/><temp name="T699"/></temps></instruction><instruction code="INCH  T1809, 0"><temps name="use"/><temps name="def"><temp name="T1809"/></temps><temps name="in"><temp name="T26"/><temp name="T1807"/><temp name="T699"/></temps><temps name="out"><temp name="T26"/><temp name="T1807"/><temp name="T699"/><temp name="T1809"/></temps></instruction><instruction code="ADD T1810, T26, T1809"><temps name="use"><temp name="T26"/><temp name="T1809"/></temps><temps name="def"><temp name="T1810"/></temps><temps name="in"><temp name="T26"/><temp name="T1807"/><temp name="T699"/><temp name="T1809"/></temps><temps name="out"><temp name="T26"/><temp name="T1807"/><temp name="T699"/><temp name="T1810"/></temps></instruction><instruction code="SETL  T1812, 16"><temps name="use"/><temps name="def"><temp name="T1812"/></temps><temps name="in"><temp name="T26"/><temp name="T1807"/><temp name="T699"/><temp name="T1810"/></temps><temps name="out"><temp name="T26"/><temp name="T1807"/><temp name="T699"/><temp name="T1810"/></temps></instruction><instruction code="INCML T1812, 0"><temps name="use"/><temps name="def"><temp name="T1812"/></temps><temps name="in"><temp name="T26"/><temp name="T1807"/><temp name="T699"/><temp name="T1810"/></temps><temps name="out"><temp name="T26"/><temp name="T1807"/><temp name="T699"/><temp name="T1810"/></temps></instruction><instruction code="INCMH T1812, 0"><temps name="use"/><temps name="def"><temp name="T1812"/></temps><temps name="in"><temp name="T26"/><temp name="T1807"/><temp name="T699"/><temp name="T1810"/></temps><temps name="out"><temp name="T26"/><temp name="T1807"/><temp name="T699"/><temp name="T1810"/></temps></instruction><instruction code="INCH  T1812, 0"><temps name="use"/><temps name="def"><temp name="T1812"/></temps><temps name="in"><temp name="T26"/><temp name="T1807"/><temp name="T699"/><temp name="T1810"/></temps><temps name="out"><temp name="T26"/><temp name="T1807"/><temp name="T699"/><temp name="T1812"/><temp name="T1810"/></temps></instruction><instruction code="ADD T1813, T26, T1812"><temps name="use"><temp name="T26"/><temp name="T1812"/></temps><temps name="def"><temp name="T1813"/></temps><temps name="in"><temp name="T26"/><temp name="T1807"/><temp name="T699"/><temp name="T1812"/><temp name="T1810"/></temps><temps name="out"><temp name="T26"/><temp name="T1807"/><temp name="T699"/><temp name="T1813"/><temp name="T1810"/></temps></instruction><instruction code="SETL  T1815, 3"><temps name="use"/><temps name="def"><temp name="T1815"/></temps><temps name="in"><temp name="T26"/><temp name="T1807"/><temp name="T699"/><temp name="T1813"/><temp name="T1810"/></temps><temps name="out"><temp name="T26"/><temp name="T1807"/><temp name="T699"/><temp name="T1813"/><temp name="T1810"/></temps></instruction><instruction code="INCML T1815, 0"><temps name="use"/><temps name="def"><temp name="T1815"/></temps><temps name="in"><temp name="T26"/><temp name="T1807"/><temp name="T699"/><temp name="T1813"/><temp name="T1810"/></temps><temps name="out"><temp name="T26"/><temp name="T1807"/><temp name="T699"/><temp name="T1813"/><temp name="T1810"/></temps></instruction><instruction code="INCMH T1815, 0"><temps name="use"/><temps name="def"><temp name="T1815"/></temps><temps name="in"><temp name="T26"/><temp name="T1807"/><temp name="T699"/><temp name="T1813"/><temp name="T1810"/></temps><temps name="out"><temp name="T26"/><temp name="T1807"/><temp name="T699"/><temp name="T1813"/><temp name="T1810"/></temps></instruction><instruction code="INCH  T1815, 0"><temps name="use"/><temps name="def"><temp name="T1815"/></temps><temps name="in"><temp name="T26"/><temp name="T1807"/><temp name="T699"/><temp name="T1813"/><temp name="T1810"/></temps><temps name="out"><temp name="T26"/><temp name="T1807"/><temp name="T699"/><temp name="T1813"/><temp name="T1815"/><temp name="T1810"/></temps></instruction><instruction code="MUL T1816, T1813, T1815"><temps name="use"><temp name="T1813"/><temp name="T1815"/></temps><temps name="def"><temp name="T1816"/></temps><temps name="in"><temp name="T26"/><temp name="T1807"/><temp name="T699"/><temp name="T1813"/><temp name="T1815"/><temp name="T1810"/></temps><temps name="out"><temp name="T26"/><temp name="T1807"/><temp name="T1816"/><temp name="T699"/><temp name="T1810"/></temps></instruction><instruction code="SETL  T1817, 96"><temps name="use"/><temps name="def"><temp name="T1817"/></temps><temps name="in"><temp name="T26"/><temp name="T1807"/><temp name="T1816"/><temp name="T699"/><temp name="T1810"/></temps><temps name="out"><temp name="T26"/><temp name="T1807"/><temp name="T1816"/><temp name="T699"/><temp name="T1810"/></temps></instruction><instruction code="INCML T1817, 0"><temps name="use"/><temps name="def"><temp name="T1817"/></temps><temps name="in"><temp name="T26"/><temp name="T1807"/><temp name="T1816"/><temp name="T699"/><temp name="T1810"/></temps><temps name="out"><temp name="T26"/><temp name="T1807"/><temp name="T1816"/><temp name="T699"/><temp name="T1810"/></temps></instruction><instruction code="INCMH T1817, 0"><temps name="use"/><temps name="def"><temp name="T1817"/></temps><temps name="in"><temp name="T26"/><temp name="T1807"/><temp name="T1816"/><temp name="T699"/><temp name="T1810"/></temps><temps name="out"><temp name="T26"/><temp name="T1807"/><temp name="T1816"/><temp name="T699"/><temp name="T1810"/></temps></instruction><instruction code="INCH  T1817, 0"><temps name="use"/><temps name="def"><temp name="T1817"/></temps><temps name="in"><temp name="T26"/><temp name="T1807"/><temp name="T1816"/><temp name="T699"/><temp name="T1810"/></temps><temps name="out"><temp name="T1817"/><temp name="T26"/><temp name="T1807"/><temp name="T1816"/><temp name="T699"/><temp name="T1810"/></temps></instruction><instruction code="NEG T1817, 0, T1817"><temps name="use"><temp name="T1817"/></temps><temps name="def"><temp name="T1817"/></temps><temps name="in"><temp name="T1817"/><temp name="T26"/><temp name="T1807"/><temp name="T1816"/><temp name="T699"/><temp name="T1810"/></temps><temps name="out"><temp name="T26"/><temp name="T1817"/><temp name="T1807"/><temp name="T1816"/><temp name="T699"/><temp name="T1810"/></temps></instruction><instruction code="ADD T1818, T26, T1817"><temps name="use"><temp name="T26"/><temp name="T1817"/></temps><temps name="def"><temp name="T1818"/></temps><temps name="in"><temp name="T26"/><temp name="T1817"/><temp name="T1807"/><temp name="T1816"/><temp name="T699"/><temp name="T1810"/></temps><temps name="out"><temp name="T26"/><temp name="T1807"/><temp name="T1816"/><temp name="T699"/><temp name="T1818"/><temp name="T1810"/></temps></instruction><instruction code="ADD T1820, T1816, T1818"><temps name="use"><temp name="T1816"/><temp name="T1818"/></temps><temps name="def"><temp name="T1820"/></temps><temps name="in"><temp name="T26"/><temp name="T1807"/><temp name="T1816"/><temp name="T699"/><temp name="T1818"/><temp name="T1810"/></temps><temps name="out"><temp name="T26"/><temp name="T1807"/><temp name="T699"/><temp name="T1820"/><temp name="T1810"/></temps></instruction><instruction code="SETL  T1821, 72"><temps name="use"/><temps name="def"><temp name="T1821"/></temps><temps name="in"><temp name="T26"/><temp name="T1807"/><temp name="T699"/><temp name="T1820"/><temp name="T1810"/></temps><temps name="out"><temp name="T26"/><temp name="T1807"/><temp name="T699"/><temp name="T1820"/><temp name="T1810"/></temps></instruction><instruction code="INCML T1821, 0"><temps name="use"/><temps name="def"><temp name="T1821"/></temps><temps name="in"><temp name="T26"/><temp name="T1807"/><temp name="T699"/><temp name="T1820"/><temp name="T1810"/></temps><temps name="out"><temp name="T26"/><temp name="T1807"/><temp name="T699"/><temp name="T1820"/><temp name="T1810"/></temps></instruction><instruction code="INCMH T1821, 0"><temps name="use"/><temps name="def"><temp name="T1821"/></temps><temps name="in"><temp name="T26"/><temp name="T1807"/><temp name="T699"/><temp name="T1820"/><temp name="T1810"/></temps><temps name="out"><temp name="T26"/><temp name="T1807"/><temp name="T699"/><temp name="T1820"/><temp name="T1810"/></temps></instruction><instruction code="INCH  T1821, 0"><temps name="use"/><temps name="def"><temp name="T1821"/></temps><temps name="in"><temp name="T26"/><temp name="T1807"/><temp name="T699"/><temp name="T1820"/><temp name="T1810"/></temps><temps name="out"><temp name="T26"/><temp name="T1807"/><temp name="T699"/><temp name="T1821"/><temp name="T1820"/><temp name="T1810"/></temps></instruction><instruction code="MUL T1822, T1820, T1821"><temps name="use"><temp name="T1820"/><temp name="T1821"/></temps><temps name="def"><temp name="T1822"/></temps><temps name="in"><temp name="T26"/><temp name="T1807"/><temp name="T699"/><temp name="T1821"/><temp name="T1820"/><temp name="T1810"/></temps><temps name="out"><temp name="T26"/><temp name="T1807"/><temp name="T699"/><temp name="T1822"/><temp name="T1810"/></temps></instruction><instruction code="ADD T1823, T1810, T1822"><temps name="use"><temp name="T1810"/><temp name="T1822"/></temps><temps name="def"><temp name="T1823"/></temps><temps name="in"><temp name="T26"/><temp name="T1807"/><temp name="T699"/><temp name="T1822"/><temp name="T1810"/></temps><temps name="out"><temp name="T26"/><temp name="T1807"/><temp name="T699"/><temp name="T1823"/></temps></instruction><instruction code="SETL  T1824, 8"><temps name="use"/><temps name="def"><temp name="T1824"/></temps><temps name="in"><temp name="T26"/><temp name="T1807"/><temp name="T699"/><temp name="T1823"/></temps><temps name="out"><temp name="T26"/><temp name="T1807"/><temp name="T699"/><temp name="T1823"/></temps></instruction><instruction code="INCML T1824, 0"><temps name="use"/><temps name="def"><temp name="T1824"/></temps><temps name="in"><temp name="T26"/><temp name="T1807"/><temp name="T699"/><temp name="T1823"/></temps><temps name="out"><temp name="T26"/><temp name="T1807"/><temp name="T699"/><temp name="T1823"/></temps></instruction><instruction code="INCMH T1824, 0"><temps name="use"/><temps name="def"><temp name="T1824"/></temps><temps name="in"><temp name="T26"/><temp name="T1807"/><temp name="T699"/><temp name="T1823"/></temps><temps name="out"><temp name="T26"/><temp name="T1807"/><temp name="T699"/><temp name="T1823"/></temps></instruction><instruction code="INCH  T1824, 0"><temps name="use"/><temps name="def"><temp name="T1824"/></temps><temps name="in"><temp name="T26"/><temp name="T1807"/><temp name="T699"/><temp name="T1823"/></temps><temps name="out"><temp name="T26"/><temp name="T1807"/><temp name="T699"/><temp name="T1824"/><temp name="T1823"/></temps></instruction><instruction code="ADD T1825, T26, T1824"><temps name="use"><temp name="T26"/><temp name="T1824"/></temps><temps name="def"><temp name="T1825"/></temps><temps name="in"><temp name="T26"/><temp name="T1807"/><temp name="T699"/><temp name="T1824"/><temp name="T1823"/></temps><temps name="out"><temp name="T26"/><temp name="T1807"/><temp name="T699"/><temp name="T1825"/><temp name="T1823"/></temps></instruction><instruction code="SETL  T1827, 3"><temps name="use"/><temps name="def"><temp name="T1827"/></temps><temps name="in"><temp name="T26"/><temp name="T1807"/><temp name="T699"/><temp name="T1825"/><temp name="T1823"/></temps><temps name="out"><temp name="T26"/><temp name="T1807"/><temp name="T699"/><temp name="T1825"/><temp name="T1823"/></temps></instruction><instruction code="INCML T1827, 0"><temps name="use"/><temps name="def"><temp name="T1827"/></temps><temps name="in"><temp name="T26"/><temp name="T1807"/><temp name="T699"/><temp name="T1825"/><temp name="T1823"/></temps><temps name="out"><temp name="T26"/><temp name="T1807"/><temp name="T699"/><temp name="T1825"/><temp name="T1823"/></temps></instruction><instruction code="INCMH T1827, 0"><temps name="use"/><temps name="def"><temp name="T1827"/></temps><temps name="in"><temp name="T26"/><temp name="T1807"/><temp name="T699"/><temp name="T1825"/><temp name="T1823"/></temps><temps name="out"><temp name="T26"/><temp name="T1807"/><temp name="T699"/><temp name="T1825"/><temp name="T1823"/></temps></instruction><instruction code="INCH  T1827, 0"><temps name="use"/><temps name="def"><temp name="T1827"/></temps><temps name="in"><temp name="T26"/><temp name="T1807"/><temp name="T699"/><temp name="T1825"/><temp name="T1823"/></temps><temps name="out"><temp name="T26"/><temp name="T1807"/><temp name="T699"/><temp name="T1825"/><temp name="T1823"/><temp name="T1827"/></temps></instruction><instruction code="MUL T1828, T1825, T1827"><temps name="use"><temp name="T1825"/><temp name="T1827"/></temps><temps name="def"><temp name="T1828"/></temps><temps name="in"><temp name="T26"/><temp name="T1807"/><temp name="T699"/><temp name="T1825"/><temp name="T1823"/><temp name="T1827"/></temps><temps name="out"><temp name="T1828"/><temp name="T26"/><temp name="T1807"/><temp name="T699"/><temp name="T1823"/></temps></instruction><instruction code="SETL  T1829, 88"><temps name="use"/><temps name="def"><temp name="T1829"/></temps><temps name="in"><temp name="T1828"/><temp name="T26"/><temp name="T1807"/><temp name="T699"/><temp name="T1823"/></temps><temps name="out"><temp name="T1828"/><temp name="T26"/><temp name="T1807"/><temp name="T699"/><temp name="T1823"/></temps></instruction><instruction code="INCML T1829, 0"><temps name="use"/><temps name="def"><temp name="T1829"/></temps><temps name="in"><temp name="T1828"/><temp name="T26"/><temp name="T1807"/><temp name="T699"/><temp name="T1823"/></temps><temps name="out"><temp name="T1828"/><temp name="T26"/><temp name="T1807"/><temp name="T699"/><temp name="T1823"/></temps></instruction><instruction code="INCMH T1829, 0"><temps name="use"/><temps name="def"><temp name="T1829"/></temps><temps name="in"><temp name="T1828"/><temp name="T26"/><temp name="T1807"/><temp name="T699"/><temp name="T1823"/></temps><temps name="out"><temp name="T1828"/><temp name="T26"/><temp name="T1807"/><temp name="T699"/><temp name="T1823"/></temps></instruction><instruction code="INCH  T1829, 0"><temps name="use"/><temps name="def"><temp name="T1829"/></temps><temps name="in"><temp name="T1828"/><temp name="T26"/><temp name="T1807"/><temp name="T699"/><temp name="T1823"/></temps><temps name="out"><temp name="T1829"/><temp name="T1828"/><temp name="T26"/><temp name="T1807"/><temp name="T699"/><temp name="T1823"/></temps></instruction><instruction code="NEG T1829, 0, T1829"><temps name="use"><temp name="T1829"/></temps><temps name="def"><temp name="T1829"/></temps><temps name="in"><temp name="T1829"/><temp name="T1828"/><temp name="T26"/><temp name="T1807"/><temp name="T699"/><temp name="T1823"/></temps><temps name="out"><temp name="T1829"/><temp name="T1828"/><temp name="T26"/><temp name="T1807"/><temp name="T699"/><temp name="T1823"/></temps></instruction><instruction code="ADD T1830, T26, T1829"><temps name="use"><temp name="T26"/><temp name="T1829"/></temps><temps name="def"><temp name="T1830"/></temps><temps name="in"><temp name="T1829"/><temp name="T1828"/><temp name="T26"/><temp name="T1807"/><temp name="T699"/><temp name="T1823"/></temps><temps name="out"><temp name="T1828"/><temp name="T26"/><temp name="T1807"/><temp name="T699"/><temp name="T1830"/><temp name="T1823"/></temps></instruction><instruction code="ADD T1832, T1828, T1830"><temps name="use"><temp name="T1828"/><temp name="T1830"/></temps><temps name="def"><temp name="T1832"/></temps><temps name="in"><temp name="T1828"/><temp name="T26"/><temp name="T1807"/><temp name="T699"/><temp name="T1830"/><temp name="T1823"/></temps><temps name="out"><temp name="T26"/><temp name="T1807"/><temp name="T699"/><temp name="T1832"/><temp name="T1823"/></temps></instruction><instruction code="SETL  T1833, 8"><temps name="use"/><temps name="def"><temp name="T1833"/></temps><temps name="in"><temp name="T26"/><temp name="T1807"/><temp name="T699"/><temp name="T1832"/><temp name="T1823"/></temps><temps name="out"><temp name="T26"/><temp name="T1807"/><temp name="T699"/><temp name="T1832"/><temp name="T1823"/></temps></instruction><instruction code="INCML T1833, 0"><temps name="use"/><temps name="def"><temp name="T1833"/></temps><temps name="in"><temp name="T26"/><temp name="T1807"/><temp name="T699"/><temp name="T1832"/><temp name="T1823"/></temps><temps name="out"><temp name="T26"/><temp name="T1807"/><temp name="T699"/><temp name="T1832"/><temp name="T1823"/></temps></instruction><instruction code="INCMH T1833, 0"><temps name="use"/><temps name="def"><temp name="T1833"/></temps><temps name="in"><temp name="T26"/><temp name="T1807"/><temp name="T699"/><temp name="T1832"/><temp name="T1823"/></temps><temps name="out"><temp name="T26"/><temp name="T1807"/><temp name="T699"/><temp name="T1832"/><temp name="T1823"/></temps></instruction><instruction code="INCH  T1833, 0"><temps name="use"/><temps name="def"><temp name="T1833"/></temps><temps name="in"><temp name="T26"/><temp name="T1807"/><temp name="T699"/><temp name="T1832"/><temp name="T1823"/></temps><temps name="out"><temp name="T1833"/><temp name="T26"/><temp name="T1807"/><temp name="T699"/><temp name="T1832"/><temp name="T1823"/></temps></instruction><instruction code="MUL T1834, T1832, T1833"><temps name="use"><temp name="T1832"/><temp name="T1833"/></temps><temps name="def"><temp name="T1834"/></temps><temps name="in"><temp name="T1833"/><temp name="T26"/><temp name="T1807"/><temp name="T699"/><temp name="T1832"/><temp name="T1823"/></temps><temps name="out"><temp name="T26"/><temp name="T1807"/><temp name="T699"/><temp name="T1823"/><temp name="T1834"/></temps></instruction><instruction code="ADD T1835, T1823, T1834"><temps name="use"><temp name="T1823"/><temp name="T1834"/></temps><temps name="def"><temp name="T1835"/></temps><temps name="in"><temp name="T26"/><temp name="T1807"/><temp name="T699"/><temp name="T1823"/><temp name="T1834"/></temps><temps name="out"><temp name="T26"/><temp name="T1807"/><temp name="T699"/><temp name="T1835"/></temps></instruction><instruction code="SETL  T1837, 8"><temps name="use"/><temps name="def"><temp name="T1837"/></temps><temps name="in"><temp name="T26"/><temp name="T1807"/><temp name="T699"/><temp name="T1835"/></temps><temps name="out"><temp name="T26"/><temp name="T1807"/><temp name="T699"/><temp name="T1835"/></temps></instruction><instruction code="INCML T1837, 0"><temps name="use"/><temps name="def"><temp name="T1837"/></temps><temps name="in"><temp name="T26"/><temp name="T1807"/><temp name="T699"/><temp name="T1835"/></temps><temps name="out"><temp name="T26"/><temp name="T1807"/><temp name="T699"/><temp name="T1835"/></temps></instruction><instruction code="INCMH T1837, 0"><temps name="use"/><temps name="def"><temp name="T1837"/></temps><temps name="in"><temp name="T26"/><temp name="T1807"/><temp name="T699"/><temp name="T1835"/></temps><temps name="out"><temp name="T26"/><temp name="T1807"/><temp name="T699"/><temp name="T1835"/></temps></instruction><instruction code="INCH  T1837, 0"><temps name="use"/><temps name="def"><temp name="T1837"/></temps><temps name="in"><temp name="T26"/><temp name="T1807"/><temp name="T699"/><temp name="T1835"/></temps><temps name="out"><temp name="T1837"/><temp name="T26"/><temp name="T1807"/><temp name="T699"/><temp name="T1835"/></temps></instruction><instruction code="MUL T1838, T1835, T1837"><temps name="use"><temp name="T1835"/><temp name="T1837"/></temps><temps name="def"><temp name="T1838"/></temps><temps name="in"><temp name="T1837"/><temp name="T26"/><temp name="T1807"/><temp name="T699"/><temp name="T1835"/></temps><temps name="out"><temp name="T26"/><temp name="T1807"/><temp name="T699"/><temp name="T1838"/></temps></instruction><instruction code="ADD T1839, T1807, T1838"><temps name="use"><temp name="T1807"/><temp name="T1838"/></temps><temps name="def"><temp name="T1839"/></temps><temps name="in"><temp name="T26"/><temp name="T1807"/><temp name="T699"/><temp name="T1838"/></temps><temps name="out"><temp name="T1839"/><temp name="T26"/><temp name="T699"/></temps></instruction><instruction code="STO T1839, T699, 0"><temps name="use"><temp name="T1839"/><temp name="T699"/></temps><temps name="def"/><temps name="in"><temp name="T1839"/><temp name="T26"/><temp name="T699"/></temps><temps name="out"><temp name="T26"/></temps></instruction><instruction code="L77"><temps name="use"/><temps name="def"/><temps name="in"><temp name="T26"/></temps><temps name="out"><temp name="T26"/></temps></instruction><instruction code="L79"><temps name="use"/><temps name="def"/><temps name="in"><temp name="T26"/></temps><temps name="out"><temp name="T26"/></temps></instruction><instruction code="OR T700, T26, 0"><temps name="use"><temp name="T26"/></temps><temps name="def"><temp name="T700"/></temps><temps name="in"><temp name="T26"/></temps><temps name="out"><temp name="T26"/><temp name="T700"/></temps></instruction><instruction code="SETL  T1841, 88"><temps name="use"/><temps name="def"><temp name="T1841"/></temps><temps name="in"><temp name="T26"/><temp name="T700"/></temps><temps name="out"><temp name="T26"/><temp name="T700"/></temps></instruction><instruction code="INCML T1841, 0"><temps name="use"/><temps name="def"><temp name="T1841"/></temps><temps name="in"><temp name="T26"/><temp name="T700"/></temps><temps name="out"><temp name="T26"/><temp name="T700"/></temps></instruction><instruction code="INCMH T1841, 0"><temps name="use"/><temps name="def"><temp name="T1841"/></temps><temps name="in"><temp name="T26"/><temp name="T700"/></temps><temps name="out"><temp name="T26"/><temp name="T700"/></temps></instruction><instruction code="INCH  T1841, 0"><temps name="use"/><temps name="def"><temp name="T1841"/></temps><temps name="in"><temp name="T26"/><temp name="T700"/></temps><temps name="out"><temp name="T26"/><temp name="T1841"/><temp name="T700"/></temps></instruction><instruction code="NEG T1841, 0, T1841"><temps name="use"><temp name="T1841"/></temps><temps name="def"><temp name="T1841"/></temps><temps name="in"><temp name="T26"/><temp name="T1841"/><temp name="T700"/></temps><temps name="out"><temp name="T26"/><temp name="T1841"/><temp name="T700"/></temps></instruction><instruction code="OR T701, T1841, 0"><temps name="use"><temp name="T1841"/></temps><temps name="def"><temp name="T701"/></temps><temps name="in"><temp name="T26"/><temp name="T1841"/><temp name="T700"/></temps><temps name="out"><temp name="T26"/><temp name="T701"/><temp name="T700"/></temps></instruction><instruction code="ADD T1842, T700, T701"><temps name="use"><temp name="T700"/><temp name="T701"/></temps><temps name="def"><temp name="T1842"/></temps><temps name="in"><temp name="T26"/><temp name="T701"/><temp name="T700"/></temps><temps name="out"><temp name="T26"/><temp name="T1842"/></temps></instruction><instruction code="OR T702, T1842, 0"><temps name="use"><temp name="T1842"/></temps><temps name="def"><temp name="T702"/></temps><temps name="in"><temp name="T26"/><temp name="T1842"/></temps><temps name="out"><temp name="T26"/><temp name="T702"/></temps></instruction><instruction code="OR T703, T702, 0"><temps name="use"><temp name="T702"/></temps><temps name="def"><temp name="T703"/></temps><temps name="in"><temp name="T26"/><temp name="T702"/></temps><temps name="out"><temp name="T26"/><temp name="T703"/></temps></instruction><instruction code="SETL  T1844, 1"><temps name="use"/><temps name="def"><temp name="T1844"/></temps><temps name="in"><temp name="T26"/><temp name="T703"/></temps><temps name="out"><temp name="T26"/><temp name="T703"/></temps></instruction><instruction code="INCML T1844, 0"><temps name="use"/><temps name="def"><temp name="T1844"/></temps><temps name="in"><temp name="T26"/><temp name="T703"/></temps><temps name="out"><temp name="T26"/><temp name="T703"/></temps></instruction><instruction code="INCMH T1844, 0"><temps name="use"/><temps name="def"><temp name="T1844"/></temps><temps name="in"><temp name="T26"/><temp name="T703"/></temps><temps name="out"><temp name="T26"/><temp name="T703"/></temps></instruction><instruction code="INCH  T1844, 0"><temps name="use"/><temps name="def"><temp name="T1844"/></temps><temps name="in"><temp name="T26"/><temp name="T703"/></temps><temps name="out"><temp name="T26"/><temp name="T1844"/><temp name="T703"/></temps></instruction><instruction code="OR T704, T1844, 0"><temps name="use"><temp name="T1844"/></temps><temps name="def"><temp name="T704"/></temps><temps name="in"><temp name="T26"/><temp name="T1844"/><temp name="T703"/></temps><temps name="out"><temp name="T26"/><temp name="T703"/><temp name="T704"/></temps></instruction><instruction code="ADD T1845, T703, T704"><temps name="use"><temp name="T703"/><temp name="T704"/></temps><temps name="def"><temp name="T1845"/></temps><temps name="in"><temp name="T26"/><temp name="T703"/><temp name="T704"/></temps><temps name="out"><temp name="T1845"/><temp name="T26"/></temps></instruction><instruction code="OR T705, T1845, 0"><temps name="use"><temp name="T1845"/></temps><temps name="def"><temp name="T705"/></temps><temps name="in"><temp name="T1845"/><temp name="T26"/></temps><temps name="out"><temp name="T26"/><temp name="T705"/></temps></instruction><instruction code="SETL  T1846, 88"><temps name="use"/><temps name="def"><temp name="T1846"/></temps><temps name="in"><temp name="T26"/><temp name="T705"/></temps><temps name="out"><temp name="T26"/><temp name="T705"/></temps></instruction><instruction code="INCML T1846, 0"><temps name="use"/><temps name="def"><temp name="T1846"/></temps><temps name="in"><temp name="T26"/><temp name="T705"/></temps><temps name="out"><temp name="T26"/><temp name="T705"/></temps></instruction><instruction code="INCMH T1846, 0"><temps name="use"/><temps name="def"><temp name="T1846"/></temps><temps name="in"><temp name="T26"/><temp name="T705"/></temps><temps name="out"><temp name="T26"/><temp name="T705"/></temps></instruction><instruction code="INCH  T1846, 0"><temps name="use"/><temps name="def"><temp name="T1846"/></temps><temps name="in"><temp name="T26"/><temp name="T705"/></temps><temps name="out"><temp name="T26"/><temp name="T705"/><temp name="T1846"/></temps></instruction><instruction code="NEG T1846, 0, T1846"><temps name="use"><temp name="T1846"/></temps><temps name="def"><temp name="T1846"/></temps><temps name="in"><temp name="T26"/><temp name="T705"/><temp name="T1846"/></temps><temps name="out"><temp name="T26"/><temp name="T705"/><temp name="T1846"/></temps></instruction><instruction code="ADD T1847, T26, T1846"><temps name="use"><temp name="T26"/><temp name="T1846"/></temps><temps name="def"><temp name="T1847"/></temps><temps name="in"><temp name="T26"/><temp name="T705"/><temp name="T1846"/></temps><temps name="out"><temp name="T705"/><temp name="T26"/><temp name="T1847"/></temps></instruction><instruction code="STO T1847, T705, 0"><temps name="use"><temp name="T1847"/><temp name="T705"/></temps><temps name="def"/><temps name="in"><temp name="T705"/><temp name="T26"/><temp name="T1847"/></temps><temps name="out"><temp name="T26"/></temps></instruction><instruction code="LDA T1849, L80"><temps name="use"/><temps name="def"><temp name="T1849"/></temps><temps name="in"><temp name="T26"/></temps><temps name="out"><temp name="T26"/><temp name="T1849"/></temps></instruction><instruction code="GO T1849, T1849, 0"><temps name="use"><temp name="T1849"/></temps><temps name="def"><temp name="T1849"/></temps><temps name="in"><temp name="T26"/><temp name="T1849"/></temps><temps name="out"><temp name="T26"/></temps></instruction><instruction code="L82"><temps name="use"/><temps name="def"/><temps name="in"><temp name="T26"/></temps><temps name="out"><temp name="T26"/></temps></instruction><instruction code="OR T706, T26, 0"><temps name="use"><temp name="T26"/></temps><temps name="def"><temp name="T706"/></temps><temps name="in"><temp name="T26"/></temps><temps name="out"><temp name="T26"/><temp name="T706"/></temps></instruction><instruction code="SETL  T1850, 96"><temps name="use"/><temps name="def"><temp name="T1850"/></temps><temps name="in"><temp name="T26"/><temp name="T706"/></temps><temps name="out"><temp name="T26"/><temp name="T706"/></temps></instruction><instruction code="INCML T1850, 0"><temps name="use"/><temps name="def"><temp name="T1850"/></temps><temps name="in"><temp name="T26"/><temp name="T706"/></temps><temps name="out"><temp name="T26"/><temp name="T706"/></temps></instruction><instruction code="INCMH T1850, 0"><temps name="use"/><temps name="def"><temp name="T1850"/></temps><temps name="in"><temp name="T26"/><temp name="T706"/></temps><temps name="out"><temp name="T26"/><temp name="T706"/></temps></instruction><instruction code="INCH  T1850, 0"><temps name="use"/><temps name="def"><temp name="T1850"/></temps><temps name="in"><temp name="T26"/><temp name="T706"/></temps><temps name="out"><temp name="T26"/><temp name="T1850"/><temp name="T706"/></temps></instruction><instruction code="NEG T1850, 0, T1850"><temps name="use"><temp name="T1850"/></temps><temps name="def"><temp name="T1850"/></temps><temps name="in"><temp name="T26"/><temp name="T1850"/><temp name="T706"/></temps><temps name="out"><temp name="T26"/><temp name="T1850"/><temp name="T706"/></temps></instruction><instruction code="OR T707, T1850, 0"><temps name="use"><temp name="T1850"/></temps><temps name="def"><temp name="T707"/></temps><temps name="in"><temp name="T26"/><temp name="T1850"/><temp name="T706"/></temps><temps name="out"><temp name="T26"/><temp name="T707"/><temp name="T706"/></temps></instruction><instruction code="ADD T1851, T706, T707"><temps name="use"><temp name="T706"/><temp name="T707"/></temps><temps name="def"><temp name="T1851"/></temps><temps name="in"><temp name="T26"/><temp name="T707"/><temp name="T706"/></temps><temps name="out"><temp name="T26"/><temp name="T1851"/></temps></instruction><instruction code="OR T708, T1851, 0"><temps name="use"><temp name="T1851"/></temps><temps name="def"><temp name="T708"/></temps><temps name="in"><temp name="T26"/><temp name="T1851"/></temps><temps name="out"><temp name="T26"/><temp name="T708"/></temps></instruction><instruction code="OR T709, T708, 0"><temps name="use"><temp name="T708"/></temps><temps name="def"><temp name="T709"/></temps><temps name="in"><temp name="T26"/><temp name="T708"/></temps><temps name="out"><temp name="T26"/><temp name="T709"/></temps></instruction><instruction code="SETL  T1853, 1"><temps name="use"/><temps name="def"><temp name="T1853"/></temps><temps name="in"><temp name="T26"/><temp name="T709"/></temps><temps name="out"><temp name="T26"/><temp name="T709"/></temps></instruction><instruction code="INCML T1853, 0"><temps name="use"/><temps name="def"><temp name="T1853"/></temps><temps name="in"><temp name="T26"/><temp name="T709"/></temps><temps name="out"><temp name="T26"/><temp name="T709"/></temps></instruction><instruction code="INCMH T1853, 0"><temps name="use"/><temps name="def"><temp name="T1853"/></temps><temps name="in"><temp name="T26"/><temp name="T709"/></temps><temps name="out"><temp name="T26"/><temp name="T709"/></temps></instruction><instruction code="INCH  T1853, 0"><temps name="use"/><temps name="def"><temp name="T1853"/></temps><temps name="in"><temp name="T26"/><temp name="T709"/></temps><temps name="out"><temp name="T26"/><temp name="T709"/><temp name="T1853"/></temps></instruction><instruction code="OR T710, T1853, 0"><temps name="use"><temp name="T1853"/></temps><temps name="def"><temp name="T710"/></temps><temps name="in"><temp name="T26"/><temp name="T709"/><temp name="T1853"/></temps><temps name="out"><temp name="T26"/><temp name="T709"/><temp name="T710"/></temps></instruction><instruction code="ADD T1854, T709, T710"><temps name="use"><temp name="T709"/><temp name="T710"/></temps><temps name="def"><temp name="T1854"/></temps><temps name="in"><temp name="T26"/><temp name="T709"/><temp name="T710"/></temps><temps name="out"><temp name="T26"/><temp name="T1854"/></temps></instruction><instruction code="OR T711, T1854, 0"><temps name="use"><temp name="T1854"/></temps><temps name="def"><temp name="T711"/></temps><temps name="in"><temp name="T26"/><temp name="T1854"/></temps><temps name="out"><temp name="T26"/><temp name="T711"/></temps></instruction><instruction code="SETL  T1855, 96"><temps name="use"/><temps name="def"><temp name="T1855"/></temps><temps name="in"><temp name="T26"/><temp name="T711"/></temps><temps name="out"><temp name="T26"/><temp name="T711"/></temps></instruction><instruction code="INCML T1855, 0"><temps name="use"/><temps name="def"><temp name="T1855"/></temps><temps name="in"><temp name="T26"/><temp name="T711"/></temps><temps name="out"><temp name="T26"/><temp name="T711"/></temps></instruction><instruction code="INCMH T1855, 0"><temps name="use"/><temps name="def"><temp name="T1855"/></temps><temps name="in"><temp name="T26"/><temp name="T711"/></temps><temps name="out"><temp name="T26"/><temp name="T711"/></temps></instruction><instruction code="INCH  T1855, 0"><temps name="use"/><temps name="def"><temp name="T1855"/></temps><temps name="in"><temp name="T26"/><temp name="T711"/></temps><temps name="out"><temp name="T26"/><temp name="T711"/><temp name="T1855"/></temps></instruction><instruction code="NEG T1855, 0, T1855"><temps name="use"><temp name="T1855"/></temps><temps name="def"><temp name="T1855"/></temps><temps name="in"><temp name="T26"/><temp name="T711"/><temp name="T1855"/></temps><temps name="out"><temp name="T26"/><temp name="T711"/><temp name="T1855"/></temps></instruction><instruction code="ADD T1856, T26, T1855"><temps name="use"><temp name="T26"/><temp name="T1855"/></temps><temps name="def"><temp name="T1856"/></temps><temps name="in"><temp name="T26"/><temp name="T711"/><temp name="T1855"/></temps><temps name="out"><temp name="T711"/><temp name="T26"/><temp name="T1856"/></temps></instruction><instruction code="STO T1856, T711, 0"><temps name="use"><temp name="T1856"/><temp name="T711"/></temps><temps name="def"/><temps name="in"><temp name="T711"/><temp name="T26"/><temp name="T1856"/></temps><temps name="out"><temp name="T26"/></temps></instruction><instruction code="LDA T1858, L83"><temps name="use"/><temps name="def"><temp name="T1858"/></temps><temps name="in"><temp name="T26"/></temps><temps name="out"><temp name="T26"/><temp name="T1858"/></temps></instruction><instruction code="GO T1858, T1858, 0"><temps name="use"><temp name="T1858"/></temps><temps name="def"><temp name="T1858"/></temps><temps name="in"><temp name="T26"/><temp name="T1858"/></temps><temps name="out"><temp name="T26"/></temps></instruction><instruction code="L85"><temps name="use"/><temps name="def"/><temps name="in"><temp name="T26"/></temps><temps name="out"><temp name="T26"/></temps></instruction><instruction code="OR T712, T26, 0"><temps name="use"><temp name="T26"/></temps><temps name="def"><temp name="T712"/></temps><temps name="in"><temp name="T26"/></temps><temps name="out"><temp name="T712"/></temps></instruction><instruction code="SETL  T1859, 112"><temps name="use"/><temps name="def"><temp name="T1859"/></temps><temps name="in"><temp name="T712"/></temps><temps name="out"><temp name="T712"/></temps></instruction><instruction code="INCML T1859, 0"><temps name="use"/><temps name="def"><temp name="T1859"/></temps><temps name="in"><temp name="T712"/></temps><temps name="out"><temp name="T712"/></temps></instruction><instruction code="INCMH T1859, 0"><temps name="use"/><temps name="def"><temp name="T1859"/></temps><temps name="in"><temp name="T712"/></temps><temps name="out"><temp name="T712"/></temps></instruction><instruction code="INCH  T1859, 0"><temps name="use"/><temps name="def"><temp name="T1859"/></temps><temps name="in"><temp name="T712"/></temps><temps name="out"><temp name="T712"/><temp name="T1859"/></temps></instruction><instruction code="NEG T1859, 0, T1859"><temps name="use"><temp name="T1859"/></temps><temps name="def"><temp name="T1859"/></temps><temps name="in"><temp name="T712"/><temp name="T1859"/></temps><temps name="out"><temp name="T712"/><temp name="T1859"/></temps></instruction><instruction code="OR T713, T1859, 0"><temps name="use"><temp name="T1859"/></temps><temps name="def"><temp name="T713"/></temps><temps name="in"><temp name="T712"/><temp name="T1859"/></temps><temps name="out"><temp name="T712"/><temp name="T713"/></temps></instruction><instruction code="ADD T1860, T712, T713"><temps name="use"><temp name="T712"/><temp name="T713"/></temps><temps name="def"><temp name="T1860"/></temps><temps name="in"><temp name="T712"/><temp name="T713"/></temps><temps name="out"><temp name="T1860"/></temps></instruction><instruction code="OR T714, T1860, 0"><temps name="use"><temp name="T1860"/></temps><temps name="def"><temp name="T714"/></temps><temps name="in"><temp name="T1860"/></temps><temps name="out"><temp name="T714"/></temps></instruction><instruction code="OR T715, T714, 0"><temps name="use"><temp name="T714"/></temps><temps name="def"><temp name="T715"/></temps><temps name="in"><temp name="T714"/></temps><temps name="out"><temp name="T715"/></temps></instruction><instruction code="OR T27, T715, 0"><temps name="use"><temp name="T715"/></temps><temps name="def"><temp name="T27"/></temps><temps name="in"><temp name="T715"/></temps><temps name="out"/></instruction><instruction code="LDA T1862, L149"><temps name="use"/><temps name="def"><temp name="T1862"/></temps><temps name="in"/><temps name="out"><temp name="T1862"/></temps></instruction><instruction code="GO T1862, T1862, 0"><temps name="use"><temp name="T1862"/></temps><temps name="def"><temp name="T1862"/></temps><temps name="in"><temp name="T1862"/></temps><temps name="out"/></instruction></instructions></code><code entrylabel="L157" exitlabel="L158" tempsize="0"><frame FP="T28" RV="T29" argssize="24" depth="2" label="L4" locssize="32" size="72"/><instructions><instruction code="L157"><temps name="use"/><temps name="def"/><temps name="in"><temp name="T28"/></temps><temps name="out"><temp name="T28"/></temps></instruction><instruction code="OR T716, T28, 0"><temps name="use"><temp name="T28"/></temps><temps name="def"><temp name="T716"/></temps><temps name="in"><temp name="T28"/></temps><temps name="out"><temp name="T28"/><temp name="T716"/></temps></instruction><instruction code="SETL  T1863, 8"><temps name="use"/><temps name="def"><temp name="T1863"/></temps><temps name="in"><temp name="T28"/><temp name="T716"/></temps><temps name="out"><temp name="T28"/><temp name="T716"/></temps></instruction><instruction code="INCML T1863, 0"><temps name="use"/><temps name="def"><temp name="T1863"/></temps><temps name="in"><temp name="T28"/><temp name="T716"/></temps><temps name="out"><temp name="T28"/><temp name="T716"/></temps></instruction><instruction code="INCMH T1863, 0"><temps name="use"/><temps name="def"><temp name="T1863"/></temps><temps name="in"><temp name="T28"/><temp name="T716"/></temps><temps name="out"><temp name="T28"/><temp name="T716"/></temps></instruction><instruction code="INCH  T1863, 0"><temps name="use"/><temps name="def"><temp name="T1863"/></temps><temps name="in"><temp name="T28"/><temp name="T716"/></temps><temps name="out"><temp name="T28"/><temp name="T716"/><temp name="T1863"/></temps></instruction><instruction code="OR T717, T1863, 0"><temps name="use"><temp name="T1863"/></temps><temps name="def"><temp name="T717"/></temps><temps name="in"><temp name="T28"/><temp name="T716"/><temp name="T1863"/></temps><temps name="out"><temp name="T28"/><temp name="T716"/><temp name="T717"/></temps></instruction><instruction code="ADD T1864, T716, T717"><temps name="use"><temp name="T716"/><temp name="T717"/></temps><temps name="def"><temp name="T1864"/></temps><temps name="in"><temp name="T28"/><temp name="T716"/><temp name="T717"/></temps><temps name="out"><temp name="T1864"/><temp name="T28"/></temps></instruction><instruction code="OR T718, T1864, 0"><temps name="use"><temp name="T1864"/></temps><temps name="def"><temp name="T718"/></temps><temps name="in"><temp name="T1864"/><temp name="T28"/></temps><temps name="out"><temp name="T28"/><temp name="T718"/></temps></instruction><instruction code="OR T719, T718, 0"><temps name="use"><temp name="T718"/></temps><temps name="def"><temp name="T719"/></temps><temps name="in"><temp name="T28"/><temp name="T718"/></temps><temps name="out"><temp name="T28"/><temp name="T719"/></temps></instruction><instruction code="OR T720, T28, 0"><temps name="use"><temp name="T28"/></temps><temps name="def"><temp name="T720"/></temps><temps name="in"><temp name="T28"/><temp name="T719"/></temps><temps name="out"><temp name="T720"/><temp name="T28"/><temp name="T719"/></temps></instruction><instruction code="SETL  T1866, 16"><temps name="use"/><temps name="def"><temp name="T1866"/></temps><temps name="in"><temp name="T720"/><temp name="T28"/><temp name="T719"/></temps><temps name="out"><temp name="T720"/><temp name="T28"/><temp name="T719"/></temps></instruction><instruction code="INCML T1866, 0"><temps name="use"/><temps name="def"><temp name="T1866"/></temps><temps name="in"><temp name="T720"/><temp name="T28"/><temp name="T719"/></temps><temps name="out"><temp name="T720"/><temp name="T28"/><temp name="T719"/></temps></instruction><instruction code="INCMH T1866, 0"><temps name="use"/><temps name="def"><temp name="T1866"/></temps><temps name="in"><temp name="T720"/><temp name="T28"/><temp name="T719"/></temps><temps name="out"><temp name="T720"/><temp name="T28"/><temp name="T719"/></temps></instruction><instruction code="INCH  T1866, 0"><temps name="use"/><temps name="def"><temp name="T1866"/></temps><temps name="in"><temp name="T720"/><temp name="T28"/><temp name="T719"/></temps><temps name="out"><temp name="T1866"/><temp name="T720"/><temp name="T28"/><temp name="T719"/></temps></instruction><instruction code="OR T721, T1866, 0"><temps name="use"><temp name="T1866"/></temps><temps name="def"><temp name="T721"/></temps><temps name="in"><temp name="T1866"/><temp name="T720"/><temp name="T28"/><temp name="T719"/></temps><temps name="out"><temp name="T720"/><temp name="T721"/><temp name="T28"/><temp name="T719"/></temps></instruction><instruction code="ADD T1867, T720, T721"><temps name="use"><temp name="T720"/><temp name="T721"/></temps><temps name="def"><temp name="T1867"/></temps><temps name="in"><temp name="T720"/><temp name="T721"/><temp name="T28"/><temp name="T719"/></temps><temps name="out"><temp name="T1867"/><temp name="T28"/><temp name="T719"/></temps></instruction><instruction code="OR T722, T1867, 0"><temps name="use"><temp name="T1867"/></temps><temps name="def"><temp name="T722"/></temps><temps name="in"><temp name="T1867"/><temp name="T28"/><temp name="T719"/></temps><temps name="out"><temp name="T722"/><temp name="T28"/><temp name="T719"/></temps></instruction><instruction code="OR T723, T722, 0"><temps name="use"><temp name="T722"/></temps><temps name="def"><temp name="T723"/></temps><temps name="in"><temp name="T722"/><temp name="T28"/><temp name="T719"/></temps><temps name="out"><temp name="T28"/><temp name="T723"/><temp name="T719"/></temps></instruction><instruction code="CMP T1869, T719, T723"><temps name="use"><temp name="T719"/><temp name="T723"/></temps><temps name="def"><temp name="T1869"/></temps><temps name="in"><temp name="T28"/><temp name="T723"/><temp name="T719"/></temps><temps name="out"><temp name="T28"/><temp name="T1869"/></temps></instruction><instruction code="ZSZ T1869, T1869, 1"><temps name="use"><temp name="T1869"/></temps><temps name="def"><temp name="T1869"/></temps><temps name="in"><temp name="T28"/><temp name="T1869"/></temps><temps name="out"><temp name="T28"/><temp name="T1869"/></temps></instruction><instruction code="OR T724, T1869, 0"><temps name="use"><temp name="T1869"/></temps><temps name="def"><temp name="T724"/></temps><temps name="in"><temp name="T28"/><temp name="T1869"/></temps><temps name="out"><temp name="T28"/><temp name="T724"/></temps></instruction><instruction code="BNZ T724, L102"><temps name="use"><temp name="T724"/></temps><temps name="def"/><temps name="in"><temp name="T28"/><temp name="T724"/></temps><temps name="out"><temp name="T28"/></temps></instruction><instruction code="L150"><temps name="use"/><temps name="def"/><temps name="in"><temp name="T28"/></temps><temps name="out"><temp name="T28"/></temps></instruction><instruction code="LDA T1870, L103"><temps name="use"/><temps name="def"><temp name="T1870"/></temps><temps name="in"><temp name="T28"/></temps><temps name="out"><temp name="T1870"/><temp name="T28"/></temps></instruction><instruction code="GO T1870, T1870, 0"><temps name="use"><temp name="T1870"/></temps><temps name="def"><temp name="T1870"/></temps><temps name="in"><temp name="T1870"/><temp name="T28"/></temps><temps name="out"><temp name="T28"/></temps></instruction><instruction code="L102"><temps name="use"/><temps name="def"/><temps name="in"><temp name="T28"/></temps><temps name="out"><temp name="T28"/></temps></instruction><instruction code="SETL  T1871, 1"><temps name="use"/><temps name="def"><temp name="T1871"/></temps><temps name="in"><temp name="T28"/></temps><temps name="out"><temp name="T28"/></temps></instruction><instruction code="INCML T1871, 0"><temps name="use"/><temps name="def"><temp name="T1871"/></temps><temps name="in"><temp name="T28"/></temps><temps name="out"><temp name="T28"/></temps></instruction><instruction code="INCMH T1871, 0"><temps name="use"/><temps name="def"><temp name="T1871"/></temps><temps name="in"><temp name="T28"/></temps><temps name="out"><temp name="T28"/></temps></instruction><instruction code="INCH  T1871, 0"><temps name="use"/><temps name="def"><temp name="T1871"/></temps><temps name="in"><temp name="T28"/></temps><temps name="out"><temp name="T28"/><temp name="T1871"/></temps></instruction><instruction code="OR T725, T1871, 0"><temps name="use"><temp name="T1871"/></temps><temps name="def"><temp name="T725"/></temps><temps name="in"><temp name="T28"/><temp name="T1871"/></temps><temps name="out"><temp name="T28"/><temp name="T725"/></temps></instruction><instruction code="BNZ T725, L92"><temps name="use"><temp name="T725"/></temps><temps name="def"/><temps name="in"><temp name="T28"/><temp name="T725"/></temps><temps name="out"><temp name="T28"/></temps></instruction><instruction code="L151"><temps name="use"/><temps name="def"/><temps name="in"><temp name="T28"/></temps><temps name="out"><temp name="T28"/></temps></instruction><instruction code="LDA T1872, L93"><temps name="use"/><temps name="def"><temp name="T1872"/></temps><temps name="in"><temp name="T28"/></temps><temps name="out"><temp name="T28"/><temp name="T1872"/></temps></instruction><instruction code="GO T1872, T1872, 0"><temps name="use"><temp name="T1872"/></temps><temps name="def"><temp name="T1872"/></temps><temps name="in"><temp name="T28"/><temp name="T1872"/></temps><temps name="out"><temp name="T28"/></temps></instruction><instruction code="L92"><temps name="use"/><temps name="def"/><temps name="in"><temp name="T28"/></temps><temps name="out"><temp name="T28"/></temps></instruction><instruction code="SETL  T1873, 0"><temps name="use"/><temps name="def"><temp name="T1873"/></temps><temps name="in"><temp name="T28"/></temps><temps name="out"><temp name="T28"/></temps></instruction><instruction code="INCML T1873, 0"><temps name="use"/><temps name="def"><temp name="T1873"/></temps><temps name="in"><temp name="T28"/></temps><temps name="out"><temp name="T28"/></temps></instruction><instruction code="INCMH T1873, 0"><temps name="use"/><temps name="def"><temp name="T1873"/></temps><temps name="in"><temp name="T28"/></temps><temps name="out"><temp name="T28"/></temps></instruction><instruction code="INCH  T1873, 0"><temps name="use"/><temps name="def"><temp name="T1873"/></temps><temps name="in"><temp name="T28"/></temps><temps name="out"><temp name="T1873"/><temp name="T28"/></temps></instruction><instruction code="OR T726, T1873, 0"><temps name="use"><temp name="T1873"/></temps><temps name="def"><temp name="T726"/></temps><temps name="in"><temp name="T1873"/><temp name="T28"/></temps><temps name="out"><temp name="T28"/><temp name="T726"/></temps></instruction><instruction code="SETL  T1874, 16"><temps name="use"/><temps name="def"><temp name="T1874"/></temps><temps name="in"><temp name="T28"/><temp name="T726"/></temps><temps name="out"><temp name="T28"/><temp name="T726"/></temps></instruction><instruction code="INCML T1874, 0"><temps name="use"/><temps name="def"><temp name="T1874"/></temps><temps name="in"><temp name="T28"/><temp name="T726"/></temps><temps name="out"><temp name="T28"/><temp name="T726"/></temps></instruction><instruction code="INCMH T1874, 0"><temps name="use"/><temps name="def"><temp name="T1874"/></temps><temps name="in"><temp name="T28"/><temp name="T726"/></temps><temps name="out"><temp name="T28"/><temp name="T726"/></temps></instruction><instruction code="INCH  T1874, 0"><temps name="use"/><temps name="def"><temp name="T1874"/></temps><temps name="in"><temp name="T28"/><temp name="T726"/></temps><temps name="out"><temp name="T1874"/><temp name="T28"/><temp name="T726"/></temps></instruction><instruction code="NEG T1874, 0, T1874"><temps name="use"><temp name="T1874"/></temps><temps name="def"><temp name="T1874"/></temps><temps name="in"><temp name="T1874"/><temp name="T28"/><temp name="T726"/></temps><temps name="out"><temp name="T1874"/><temp name="T28"/><temp name="T726"/></temps></instruction><instruction code="ADD T1875, T28, T1874"><temps name="use"><temp name="T28"/><temp name="T1874"/></temps><temps name="def"><temp name="T1875"/></temps><temps name="in"><temp name="T1874"/><temp name="T28"/><temp name="T726"/></temps><temps name="out"><temp name="T28"/><temp name="T1875"/><temp name="T726"/></temps></instruction><instruction code="STO T1875, T726, 0"><temps name="use"><temp name="T1875"/><temp name="T726"/></temps><temps name="def"/><temps name="in"><temp name="T28"/><temp name="T1875"/><temp name="T726"/></temps><temps name="out"><temp name="T28"/></temps></instruction><instruction code="L89"><temps name="use"/><temps name="def"/><temps name="in"><temp name="T28"/></temps><temps name="out"><temp name="T28"/></temps></instruction><instruction code="OR T727, T28, 0"><temps name="use"><temp name="T28"/></temps><temps name="def"><temp name="T727"/></temps><temps name="in"><temp name="T28"/></temps><temps name="out"><temp name="T28"/><temp name="T727"/></temps></instruction><instruction code="SETL  T1877, 16"><temps name="use"/><temps name="def"><temp name="T1877"/></temps><temps name="in"><temp name="T28"/><temp name="T727"/></temps><temps name="out"><temp name="T28"/><temp name="T727"/></temps></instruction><instruction code="INCML T1877, 0"><temps name="use"/><temps name="def"><temp name="T1877"/></temps><temps name="in"><temp name="T28"/><temp name="T727"/></temps><temps name="out"><temp name="T28"/><temp name="T727"/></temps></instruction><instruction code="INCMH T1877, 0"><temps name="use"/><temps name="def"><temp name="T1877"/></temps><temps name="in"><temp name="T28"/><temp name="T727"/></temps><temps name="out"><temp name="T28"/><temp name="T727"/></temps></instruction><instruction code="INCH  T1877, 0"><temps name="use"/><temps name="def"><temp name="T1877"/></temps><temps name="in"><temp name="T28"/><temp name="T727"/></temps><temps name="out"><temp name="T28"/><temp name="T727"/><temp name="T1877"/></temps></instruction><instruction code="NEG T1877, 0, T1877"><temps name="use"><temp name="T1877"/></temps><temps name="def"><temp name="T1877"/></temps><temps name="in"><temp name="T28"/><temp name="T727"/><temp name="T1877"/></temps><temps name="out"><temp name="T28"/><temp name="T727"/><temp name="T1877"/></temps></instruction><instruction code="OR T728, T1877, 0"><temps name="use"><temp name="T1877"/></temps><temps name="def"><temp name="T728"/></temps><temps name="in"><temp name="T28"/><temp name="T727"/><temp name="T1877"/></temps><temps name="out"><temp name="T28"/><temp name="T727"/><temp name="T728"/></temps></instruction><instruction code="ADD T1878, T727, T728"><temps name="use"><temp name="T727"/><temp name="T728"/></temps><temps name="def"><temp name="T1878"/></temps><temps name="in"><temp name="T28"/><temp name="T727"/><temp name="T728"/></temps><temps name="out"><temp name="T28"/><temp name="T1878"/></temps></instruction><instruction code="OR T729, T1878, 0"><temps name="use"><temp name="T1878"/></temps><temps name="def"><temp name="T729"/></temps><temps name="in"><temp name="T28"/><temp name="T1878"/></temps><temps name="out"><temp name="T28"/><temp name="T729"/></temps></instruction><instruction code="OR T730, T729, 0"><temps name="use"><temp name="T729"/></temps><temps name="def"><temp name="T730"/></temps><temps name="in"><temp name="T28"/><temp name="T729"/></temps><temps name="out"><temp name="T730"/><temp name="T28"/></temps></instruction><instruction code="SETL  T1880, 9"><temps name="use"/><temps name="def"><temp name="T1880"/></temps><temps name="in"><temp name="T730"/><temp name="T28"/></temps><temps name="out"><temp name="T730"/><temp name="T28"/></temps></instruction><instruction code="INCML T1880, 0"><temps name="use"/><temps name="def"><temp name="T1880"/></temps><temps name="in"><temp name="T730"/><temp name="T28"/></temps><temps name="out"><temp name="T730"/><temp name="T28"/></temps></instruction><instruction code="INCMH T1880, 0"><temps name="use"/><temps name="def"><temp name="T1880"/></temps><temps name="in"><temp name="T730"/><temp name="T28"/></temps><temps name="out"><temp name="T730"/><temp name="T28"/></temps></instruction><instruction code="INCH  T1880, 0"><temps name="use"/><temps name="def"><temp name="T1880"/></temps><temps name="in"><temp name="T730"/><temp name="T28"/></temps><temps name="out"><temp name="T730"/><temp name="T28"/><temp name="T1880"/></temps></instruction><instruction code="OR T731, T1880, 0"><temps name="use"><temp name="T1880"/></temps><temps name="def"><temp name="T731"/></temps><temps name="in"><temp name="T730"/><temp name="T28"/><temp name="T1880"/></temps><temps name="out"><temp name="T730"/><temp name="T731"/><temp name="T28"/></temps></instruction><instruction code="CMP T1881, T730, T731"><temps name="use"><temp name="T730"/><temp name="T731"/></temps><temps name="def"><temp name="T1881"/></temps><temps name="in"><temp name="T730"/><temp name="T731"/><temp name="T28"/></temps><temps name="out"><temp name="T28"/><temp name="T1881"/></temps></instruction><instruction code="ZSN T1881, T1881, 1"><temps name="use"><temp name="T1881"/></temps><temps name="def"><temp name="T1881"/></temps><temps name="in"><temp name="T28"/><temp name="T1881"/></temps><temps name="out"><temp name="T28"/><temp name="T1881"/></temps></instruction><instruction code="OR T732, T1881, 0"><temps name="use"><temp name="T1881"/></temps><temps name="def"><temp name="T732"/></temps><temps name="in"><temp name="T28"/><temp name="T1881"/></temps><temps name="out"><temp name="T28"/><temp name="T732"/></temps></instruction><instruction code="BNZ T732, L90"><temps name="use"><temp name="T732"/></temps><temps name="def"/><temps name="in"><temp name="T28"/><temp name="T732"/></temps><temps name="out"><temp name="T28"/></temps></instruction><instruction code="L152"><temps name="use"/><temps name="def"/><temps name="in"><temp name="T28"/></temps><temps name="out"><temp name="T28"/></temps></instruction><instruction code="LDA T1882, L91"><temps name="use"/><temps name="def"><temp name="T1882"/></temps><temps name="in"><temp name="T28"/></temps><temps name="out"><temp name="T28"/><temp name="T1882"/></temps></instruction><instruction code="GO T1882, T1882, 0"><temps name="use"><temp name="T1882"/></temps><temps name="def"><temp name="T1882"/></temps><temps name="in"><temp name="T28"/><temp name="T1882"/></temps><temps name="out"><temp name="T28"/></temps></instruction><instruction code="L90"><temps name="use"/><temps name="def"/><temps name="in"><temp name="T28"/></temps><temps name="out"><temp name="T28"/></temps></instruction><instruction code="SETL  T1883, 0"><temps name="use"/><temps name="def"><temp name="T1883"/></temps><temps name="in"><temp name="T28"/></temps><temps name="out"><temp name="T28"/></temps></instruction><instruction code="INCML T1883, 0"><temps name="use"/><temps name="def"><temp name="T1883"/></temps><temps name="in"><temp name="T28"/></temps><temps name="out"><temp name="T28"/></temps></instruction><instruction code="INCMH T1883, 0"><temps name="use"/><temps name="def"><temp name="T1883"/></temps><temps name="in"><temp name="T28"/></temps><temps name="out"><temp name="T28"/></temps></instruction><instruction code="INCH  T1883, 0"><temps name="use"/><temps name="def"><temp name="T1883"/></temps><temps name="in"><temp name="T28"/></temps><temps name="out"><temp name="T28"/><temp name="T1883"/></temps></instruction><instruction code="OR T733, T1883, 0"><temps name="use"><temp name="T1883"/></temps><temps name="def"><temp name="T733"/></temps><temps name="in"><temp name="T28"/><temp name="T1883"/></temps><temps name="out"><temp name="T28"/><temp name="T733"/></temps></instruction><instruction code="SETL  T1884, 24"><temps name="use"/><temps name="def"><temp name="T1884"/></temps><temps name="in"><temp name="T28"/><temp name="T733"/></temps><temps name="out"><temp name="T28"/><temp name="T733"/></temps></instruction><instruction code="INCML T1884, 0"><temps name="use"/><temps name="def"><temp name="T1884"/></temps><temps name="in"><temp name="T28"/><temp name="T733"/></temps><temps name="out"><temp name="T28"/><temp name="T733"/></temps></instruction><instruction code="INCMH T1884, 0"><temps name="use"/><temps name="def"><temp name="T1884"/></temps><temps name="in"><temp name="T28"/><temp name="T733"/></temps><temps name="out"><temp name="T28"/><temp name="T733"/></temps></instruction><instruction code="INCH  T1884, 0"><temps name="use"/><temps name="def"><temp name="T1884"/></temps><temps name="in"><temp name="T28"/><temp name="T733"/></temps><temps name="out"><temp name="T28"/><temp name="T733"/><temp name="T1884"/></temps></instruction><instruction code="NEG T1884, 0, T1884"><temps name="use"><temp name="T1884"/></temps><temps name="def"><temp name="T1884"/></temps><temps name="in"><temp name="T28"/><temp name="T733"/><temp name="T1884"/></temps><temps name="out"><temp name="T28"/><temp name="T733"/><temp name="T1884"/></temps></instruction><instruction code="ADD T1885, T28, T1884"><temps name="use"><temp name="T28"/><temp name="T1884"/></temps><temps name="def"><temp name="T1885"/></temps><temps name="in"><temp name="T28"/><temp name="T733"/><temp name="T1884"/></temps><temps name="out"><temp name="T28"/><temp name="T733"/><temp name="T1885"/></temps></instruction><instruction code="STO T1885, T733, 0"><temps name="use"><temp name="T1885"/><temp name="T733"/></temps><temps name="def"/><temps name="in"><temp name="T28"/><temp name="T733"/><temp name="T1885"/></temps><temps name="out"><temp name="T28"/></temps></instruction><instruction code="L86"><temps name="use"/><temps name="def"/><temps name="in"><temp name="T28"/></temps><temps name="out"><temp name="T28"/></temps></instruction><instruction code="OR T734, T28, 0"><temps name="use"><temp name="T28"/></temps><temps name="def"><temp name="T734"/></temps><temps name="in"><temp name="T28"/></temps><temps name="out"><temp name="T734"/><temp name="T28"/></temps></instruction><instruction code="SETL  T1887, 24"><temps name="use"/><temps name="def"><temp name="T1887"/></temps><temps name="in"><temp name="T734"/><temp name="T28"/></temps><temps name="out"><temp name="T734"/><temp name="T28"/></temps></instruction><instruction code="INCML T1887, 0"><temps name="use"/><temps name="def"><temp name="T1887"/></temps><temps name="in"><temp name="T734"/><temp name="T28"/></temps><temps name="out"><temp name="T734"/><temp name="T28"/></temps></instruction><instruction code="INCMH T1887, 0"><temps name="use"/><temps name="def"><temp name="T1887"/></temps><temps name="in"><temp name="T734"/><temp name="T28"/></temps><temps name="out"><temp name="T734"/><temp name="T28"/></temps></instruction><instruction code="INCH  T1887, 0"><temps name="use"/><temps name="def"><temp name="T1887"/></temps><temps name="in"><temp name="T734"/><temp name="T28"/></temps><temps name="out"><temp name="T1887"/><temp name="T734"/><temp name="T28"/></temps></instruction><instruction code="NEG T1887, 0, T1887"><temps name="use"><temp name="T1887"/></temps><temps name="def"><temp name="T1887"/></temps><temps name="in"><temp name="T1887"/><temp name="T734"/><temp name="T28"/></temps><temps name="out"><temp name="T1887"/><temp name="T734"/><temp name="T28"/></temps></instruction><instruction code="OR T735, T1887, 0"><temps name="use"><temp name="T1887"/></temps><temps name="def"><temp name="T735"/></temps><temps name="in"><temp name="T1887"/><temp name="T734"/><temp name="T28"/></temps><temps name="out"><temp name="T735"/><temp name="T734"/><temp name="T28"/></temps></instruction><instruction code="ADD T1888, T734, T735"><temps name="use"><temp name="T734"/><temp name="T735"/></temps><temps name="def"><temp name="T1888"/></temps><temps name="in"><temp name="T735"/><temp name="T734"/><temp name="T28"/></temps><temps name="out"><temp name="T28"/><temp name="T1888"/></temps></instruction><instruction code="OR T736, T1888, 0"><temps name="use"><temp name="T1888"/></temps><temps name="def"><temp name="T736"/></temps><temps name="in"><temp name="T28"/><temp name="T1888"/></temps><temps name="out"><temp name="T736"/><temp name="T28"/></temps></instruction><instruction code="OR T737, T736, 0"><temps name="use"><temp name="T736"/></temps><temps name="def"><temp name="T737"/></temps><temps name="in"><temp name="T736"/><temp name="T28"/></temps><temps name="out"><temp name="T28"/><temp name="T737"/></temps></instruction><instruction code="SETL  T1890, 9"><temps name="use"/><temps name="def"><temp name="T1890"/></temps><temps name="in"><temp name="T28"/><temp name="T737"/></temps><temps name="out"><temp name="T28"/><temp name="T737"/></temps></instruction><instruction code="INCML T1890, 0"><temps name="use"/><temps name="def"><temp name="T1890"/></temps><temps name="in"><temp name="T28"/><temp name="T737"/></temps><temps name="out"><temp name="T28"/><temp name="T737"/></temps></instruction><instruction code="INCMH T1890, 0"><temps name="use"/><temps name="def"><temp name="T1890"/></temps><temps name="in"><temp name="T28"/><temp name="T737"/></temps><temps name="out"><temp name="T28"/><temp name="T737"/></temps></instruction><instruction code="INCH  T1890, 0"><temps name="use"/><temps name="def"><temp name="T1890"/></temps><temps name="in"><temp name="T28"/><temp name="T737"/></temps><temps name="out"><temp name="T28"/><temp name="T737"/><temp name="T1890"/></temps></instruction><instruction code="OR T738, T1890, 0"><temps name="use"><temp name="T1890"/></temps><temps name="def"><temp name="T738"/></temps><temps name="in"><temp name="T28"/><temp name="T737"/><temp name="T1890"/></temps><temps name="out"><temp name="T28"/><temp name="T737"/><temp name="T738"/></temps></instruction><instruction code="CMP T1891, T737, T738"><temps name="use"><temp name="T737"/><temp name="T738"/></temps><temps name="def"><temp name="T1891"/></temps><temps name="in"><temp name="T28"/><temp name="T737"/><temp name="T738"/></temps><temps name="out"><temp name="T28"/><temp name="T1891"/></temps></instruction><instruction code="ZSN T1891, T1891, 1"><temps name="use"><temp name="T1891"/></temps><temps name="def"><temp name="T1891"/></temps><temps name="in"><temp name="T28"/><temp name="T1891"/></temps><temps name="out"><temp name="T28"/><temp name="T1891"/></temps></instruction><instruction code="OR T739, T1891, 0"><temps name="use"><temp name="T1891"/></temps><temps name="def"><temp name="T739"/></temps><temps name="in"><temp name="T28"/><temp name="T1891"/></temps><temps name="out"><temp name="T739"/><temp name="T28"/></temps></instruction><instruction code="BNZ T739, L87"><temps name="use"><temp name="T739"/></temps><temps name="def"/><temps name="in"><temp name="T739"/><temp name="T28"/></temps><temps name="out"><temp name="T28"/></temps></instruction><instruction code="L153"><temps name="use"/><temps name="def"/><temps name="in"><temp name="T28"/></temps><temps name="out"><temp name="T28"/></temps></instruction><instruction code="LDA T1892, L88"><temps name="use"/><temps name="def"><temp name="T1892"/></temps><temps name="in"><temp name="T28"/></temps><temps name="out"><temp name="T28"/><temp name="T1892"/></temps></instruction><instruction code="GO T1892, T1892, 0"><temps name="use"><temp name="T1892"/></temps><temps name="def"><temp name="T1892"/></temps><temps name="in"><temp name="T28"/><temp name="T1892"/></temps><temps name="out"><temp name="T28"/></temps></instruction><instruction code="L87"><temps name="use"/><temps name="def"/><temps name="in"><temp name="T28"/></temps><temps name="out"><temp name="T28"/></temps></instruction><instruction code="SETL  T1893, 0"><temps name="use"/><temps name="def"><temp name="T1893"/></temps><temps name="in"><temp name="T28"/></temps><temps name="out"><temp name="T28"/></temps></instruction><instruction code="INCML T1893, 0"><temps name="use"/><temps name="def"><temp name="T1893"/></temps><temps name="in"><temp name="T28"/></temps><temps name="out"><temp name="T28"/></temps></instruction><instruction code="INCMH T1893, 0"><temps name="use"/><temps name="def"><temp name="T1893"/></temps><temps name="in"><temp name="T28"/></temps><temps name="out"><temp name="T28"/></temps></instruction><instruction code="INCH  T1893, 0"><temps name="use"/><temps name="def"><temp name="T1893"/></temps><temps name="in"><temp name="T28"/></temps><temps name="out"><temp name="T28"/><temp name="T1893"/></temps></instruction><instruction code="OR T740, T1893, 0"><temps name="use"><temp name="T1893"/></temps><temps name="def"><temp name="T740"/></temps><temps name="in"><temp name="T28"/><temp name="T1893"/></temps><temps name="out"><temp name="T28"/><temp name="T740"/></temps></instruction><instruction code="OR T741, T28, 0"><temps name="use"><temp name="T28"/></temps><temps name="def"><temp name="T741"/></temps><temps name="in"><temp name="T28"/><temp name="T740"/></temps><temps name="out"><temp name="T28"/><temp name="T741"/><temp name="T740"/></temps></instruction><instruction code="OR T742, T741, 0"><temps name="use"><temp name="T741"/></temps><temps name="def"><temp name="T742"/></temps><temps name="in"><temp name="T28"/><temp name="T741"/><temp name="T740"/></temps><temps name="out"><temp name="T742"/><temp name="T28"/><temp name="T740"/></temps></instruction><instruction code="SETL  T1895, 8"><temps name="use"/><temps name="def"><temp name="T1895"/></temps><temps name="in"><temp name="T742"/><temp name="T28"/><temp name="T740"/></temps><temps name="out"><temp name="T742"/><temp name="T28"/><temp name="T740"/></temps></instruction><instruction code="INCML T1895, 0"><temps name="use"/><temps name="def"><temp name="T1895"/></temps><temps name="in"><temp name="T742"/><temp name="T28"/><temp name="T740"/></temps><temps name="out"><temp name="T742"/><temp name="T28"/><temp name="T740"/></temps></instruction><instruction code="INCMH T1895, 0"><temps name="use"/><temps name="def"><temp name="T1895"/></temps><temps name="in"><temp name="T742"/><temp name="T28"/><temp name="T740"/></temps><temps name="out"><temp name="T742"/><temp name="T28"/><temp name="T740"/></temps></instruction><instruction code="INCH  T1895, 0"><temps name="use"/><temps name="def"><temp name="T1895"/></temps><temps name="in"><temp name="T742"/><temp name="T28"/><temp name="T740"/></temps><temps name="out"><temp name="T1895"/><temp name="T742"/><temp name="T28"/><temp name="T740"/></temps></instruction><instruction code="OR T743, T1895, 0"><temps name="use"><temp name="T1895"/></temps><temps name="def"><temp name="T743"/></temps><temps name="in"><temp name="T1895"/><temp name="T742"/><temp name="T28"/><temp name="T740"/></temps><temps name="out"><temp name="T742"/><temp name="T28"/><temp name="T740"/><temp name="T743"/></temps></instruction><instruction code="ADD T1896, T742, T743"><temps name="use"><temp name="T742"/><temp name="T743"/></temps><temps name="def"><temp name="T1896"/></temps><temps name="in"><temp name="T742"/><temp name="T28"/><temp name="T740"/><temp name="T743"/></temps><temps name="out"><temp name="T28"/><temp name="T740"/><temp name="T1896"/></temps></instruction><instruction code="OR T744, T1896, 0"><temps name="use"><temp name="T1896"/></temps><temps name="def"><temp name="T744"/></temps><temps name="in"><temp name="T28"/><temp name="T740"/><temp name="T1896"/></temps><temps name="out"><temp name="T744"/><temp name="T28"/><temp name="T740"/></temps></instruction><instruction code="OR T745, T744, 0"><temps name="use"><temp name="T744"/></temps><temps name="def"><temp name="T745"/></temps><temps name="in"><temp name="T744"/><temp name="T28"/><temp name="T740"/></temps><temps name="out"><temp name="T28"/><temp name="T745"/><temp name="T740"/></temps></instruction><instruction code="OR T746, T28, 0"><temps name="use"><temp name="T28"/></temps><temps name="def"><temp name="T746"/></temps><temps name="in"><temp name="T28"/><temp name="T745"/><temp name="T740"/></temps><temps name="out"><temp name="T746"/><temp name="T745"/><temp name="T28"/><temp name="T740"/></temps></instruction><instruction code="SETL  T1898, 16"><temps name="use"/><temps name="def"><temp name="T1898"/></temps><temps name="in"><temp name="T746"/><temp name="T745"/><temp name="T28"/><temp name="T740"/></temps><temps name="out"><temp name="T746"/><temp name="T745"/><temp name="T28"/><temp name="T740"/></temps></instruction><instruction code="INCML T1898, 0"><temps name="use"/><temps name="def"><temp name="T1898"/></temps><temps name="in"><temp name="T746"/><temp name="T745"/><temp name="T28"/><temp name="T740"/></temps><temps name="out"><temp name="T746"/><temp name="T745"/><temp name="T28"/><temp name="T740"/></temps></instruction><instruction code="INCMH T1898, 0"><temps name="use"/><temps name="def"><temp name="T1898"/></temps><temps name="in"><temp name="T746"/><temp name="T745"/><temp name="T28"/><temp name="T740"/></temps><temps name="out"><temp name="T746"/><temp name="T745"/><temp name="T28"/><temp name="T740"/></temps></instruction><instruction code="INCH  T1898, 0"><temps name="use"/><temps name="def"><temp name="T1898"/></temps><temps name="in"><temp name="T746"/><temp name="T745"/><temp name="T28"/><temp name="T740"/></temps><temps name="out"><temp name="T746"/><temp name="T1898"/><temp name="T745"/><temp name="T28"/><temp name="T740"/></temps></instruction><instruction code="NEG T1898, 0, T1898"><temps name="use"><temp name="T1898"/></temps><temps name="def"><temp name="T1898"/></temps><temps name="in"><temp name="T746"/><temp name="T1898"/><temp name="T745"/><temp name="T28"/><temp name="T740"/></temps><temps name="out"><temp name="T746"/><temp name="T1898"/><temp name="T745"/><temp name="T28"/><temp name="T740"/></temps></instruction><instruction code="OR T747, T1898, 0"><temps name="use"><temp name="T1898"/></temps><temps name="def"><temp name="T747"/></temps><temps name="in"><temp name="T746"/><temp name="T1898"/><temp name="T745"/><temp name="T28"/><temp name="T740"/></temps><temps name="out"><temp name="T746"/><temp name="T745"/><temp name="T28"/><temp name="T740"/><temp name="T747"/></temps></instruction><instruction code="ADD T1899, T746, T747"><temps name="use"><temp name="T746"/><temp name="T747"/></temps><temps name="def"><temp name="T1899"/></temps><temps name="in"><temp name="T746"/><temp name="T745"/><temp name="T28"/><temp name="T740"/><temp name="T747"/></temps><temps name="out"><temp name="T745"/><temp name="T28"/><temp name="T1899"/><temp name="T740"/></temps></instruction><instruction code="OR T748, T1899, 0"><temps name="use"><temp name="T1899"/></temps><temps name="def"><temp name="T748"/></temps><temps name="in"><temp name="T745"/><temp name="T28"/><temp name="T1899"/><temp name="T740"/></temps><temps name="out"><temp name="T748"/><temp name="T745"/><temp name="T28"/><temp name="T740"/></temps></instruction><instruction code="OR T749, T748, 0"><temps name="use"><temp name="T748"/></temps><temps name="def"><temp name="T749"/></temps><temps name="in"><temp name="T748"/><temp name="T745"/><temp name="T28"/><temp name="T740"/></temps><temps name="out"><temp name="T745"/><temp name="T28"/><temp name="T749"/><temp name="T740"/></temps></instruction><instruction code="SETL  T1901, 72"><temps name="use"/><temps name="def"><temp name="T1901"/></temps><temps name="in"><temp name="T745"/><temp name="T28"/><temp name="T749"/><temp name="T740"/></temps><temps name="out"><temp name="T745"/><temp name="T28"/><temp name="T749"/><temp name="T740"/></temps></instruction><instruction code="INCML T1901, 0"><temps name="use"/><temps name="def"><temp name="T1901"/></temps><temps name="in"><temp name="T745"/><temp name="T28"/><temp name="T749"/><temp name="T740"/></temps><temps name="out"><temp name="T745"/><temp name="T28"/><temp name="T749"/><temp name="T740"/></temps></instruction><instruction code="INCMH T1901, 0"><temps name="use"/><temps name="def"><temp name="T1901"/></temps><temps name="in"><temp name="T745"/><temp name="T28"/><temp name="T749"/><temp name="T740"/></temps><temps name="out"><temp name="T745"/><temp name="T28"/><temp name="T749"/><temp name="T740"/></temps></instruction><instruction code="INCH  T1901, 0"><temps name="use"/><temps name="def"><temp name="T1901"/></temps><temps name="in"><temp name="T745"/><temp name="T28"/><temp name="T749"/><temp name="T740"/></temps><temps name="out"><temp name="T745"/><temp name="T28"/><temp name="T749"/><temp name="T740"/><temp name="T1901"/></temps></instruction><instruction code="OR T750, T1901, 0"><temps name="use"><temp name="T1901"/></temps><temps name="def"><temp name="T750"/></temps><temps name="in"><temp name="T745"/><temp name="T28"/><temp name="T749"/><temp name="T740"/><temp name="T1901"/></temps><temps name="out"><temp name="T750"/><temp name="T745"/><temp name="T28"/><temp name="T749"/><temp name="T740"/></temps></instruction><instruction code="MUL T1902, T749, T750"><temps name="use"><temp name="T749"/><temp name="T750"/></temps><temps name="def"><temp name="T1902"/></temps><temps name="in"><temp name="T750"/><temp name="T745"/><temp name="T28"/><temp name="T749"/><temp name="T740"/></temps><temps name="out"><temp name="T745"/><temp name="T28"/><temp name="T1902"/><temp name="T740"/></temps></instruction><instruction code="OR T751, T1902, 0"><temps name="use"><temp name="T1902"/></temps><temps name="def"><temp name="T751"/></temps><temps name="in"><temp name="T745"/><temp name="T28"/><temp name="T1902"/><temp name="T740"/></temps><temps name="out"><temp name="T751"/><temp name="T745"/><temp name="T28"/><temp name="T740"/></temps></instruction><instruction code="ADD T1903, T745, T751"><temps name="use"><temp name="T745"/><temp name="T751"/></temps><temps name="def"><temp name="T1903"/></temps><temps name="in"><temp name="T751"/><temp name="T745"/><temp name="T28"/><temp name="T740"/></temps><temps name="out"><temp name="T1903"/><temp name="T28"/><temp name="T740"/></temps></instruction><instruction code="OR T752, T1903, 0"><temps name="use"><temp name="T1903"/></temps><temps name="def"><temp name="T752"/></temps><temps name="in"><temp name="T1903"/><temp name="T28"/><temp name="T740"/></temps><temps name="out"><temp name="T28"/><temp name="T740"/><temp name="T752"/></temps></instruction><instruction code="OR T753, T28, 0"><temps name="use"><temp name="T28"/></temps><temps name="def"><temp name="T753"/></temps><temps name="in"><temp name="T28"/><temp name="T740"/><temp name="T752"/></temps><temps name="out"><temp name="T28"/><temp name="T740"/><temp name="T752"/><temp name="T753"/></temps></instruction><instruction code="SETL  T1904, 24"><temps name="use"/><temps name="def"><temp name="T1904"/></temps><temps name="in"><temp name="T28"/><temp name="T740"/><temp name="T752"/><temp name="T753"/></temps><temps name="out"><temp name="T28"/><temp name="T740"/><temp name="T752"/><temp name="T753"/></temps></instruction><instruction code="INCML T1904, 0"><temps name="use"/><temps name="def"><temp name="T1904"/></temps><temps name="in"><temp name="T28"/><temp name="T740"/><temp name="T752"/><temp name="T753"/></temps><temps name="out"><temp name="T28"/><temp name="T740"/><temp name="T752"/><temp name="T753"/></temps></instruction><instruction code="INCMH T1904, 0"><temps name="use"/><temps name="def"><temp name="T1904"/></temps><temps name="in"><temp name="T28"/><temp name="T740"/><temp name="T752"/><temp name="T753"/></temps><temps name="out"><temp name="T28"/><temp name="T740"/><temp name="T752"/><temp name="T753"/></temps></instruction><instruction code="INCH  T1904, 0"><temps name="use"/><temps name="def"><temp name="T1904"/></temps><temps name="in"><temp name="T28"/><temp name="T740"/><temp name="T752"/><temp name="T753"/></temps><temps name="out"><temp name="T28"/><temp name="T740"/><temp name="T1904"/><temp name="T752"/><temp name="T753"/></temps></instruction><instruction code="NEG T1904, 0, T1904"><temps name="use"><temp name="T1904"/></temps><temps name="def"><temp name="T1904"/></temps><temps name="in"><temp name="T28"/><temp name="T740"/><temp name="T1904"/><temp name="T752"/><temp name="T753"/></temps><temps name="out"><temp name="T28"/><temp name="T740"/><temp name="T1904"/><temp name="T752"/><temp name="T753"/></temps></instruction><instruction code="OR T754, T1904, 0"><temps name="use"><temp name="T1904"/></temps><temps name="def"><temp name="T754"/></temps><temps name="in"><temp name="T28"/><temp name="T740"/><temp name="T1904"/><temp name="T752"/><temp name="T753"/></temps><temps name="out"><temp name="T754"/><temp name="T28"/><temp name="T740"/><temp name="T752"/><temp name="T753"/></temps></instruction><instruction code="ADD T1905, T753, T754"><temps name="use"><temp name="T753"/><temp name="T754"/></temps><temps name="def"><temp name="T1905"/></temps><temps name="in"><temp name="T754"/><temp name="T28"/><temp name="T740"/><temp name="T752"/><temp name="T753"/></temps><temps name="out"><temp name="T28"/><temp name="T1905"/><temp name="T740"/><temp name="T752"/></temps></instruction><instruction code="OR T755, T1905, 0"><temps name="use"><temp name="T1905"/></temps><temps name="def"><temp name="T755"/></temps><temps name="in"><temp name="T28"/><temp name="T1905"/><temp name="T740"/><temp name="T752"/></temps><temps name="out"><temp name="T755"/><temp name="T28"/><temp name="T740"/><temp name="T752"/></temps></instruction><instruction code="OR T756, T755, 0"><temps name="use"><temp name="T755"/></temps><temps name="def"><temp name="T756"/></temps><temps name="in"><temp name="T755"/><temp name="T28"/><temp name="T740"/><temp name="T752"/></temps><temps name="out"><temp name="T28"/><temp name="T740"/><temp name="T752"/><temp name="T756"/></temps></instruction><instruction code="SETL  T1907, 8"><temps name="use"/><temps name="def"><temp name="T1907"/></temps><temps name="in"><temp name="T28"/><temp name="T740"/><temp name="T752"/><temp name="T756"/></temps><temps name="out"><temp name="T28"/><temp name="T740"/><temp name="T752"/><temp name="T756"/></temps></instruction><instruction code="INCML T1907, 0"><temps name="use"/><temps name="def"><temp name="T1907"/></temps><temps name="in"><temp name="T28"/><temp name="T740"/><temp name="T752"/><temp name="T756"/></temps><temps name="out"><temp name="T28"/><temp name="T740"/><temp name="T752"/><temp name="T756"/></temps></instruction><instruction code="INCMH T1907, 0"><temps name="use"/><temps name="def"><temp name="T1907"/></temps><temps name="in"><temp name="T28"/><temp name="T740"/><temp name="T752"/><temp name="T756"/></temps><temps name="out"><temp name="T28"/><temp name="T740"/><temp name="T752"/><temp name="T756"/></temps></instruction><instruction code="INCH  T1907, 0"><temps name="use"/><temps name="def"><temp name="T1907"/></temps><temps name="in"><temp name="T28"/><temp name="T740"/><temp name="T752"/><temp name="T756"/></temps><temps name="out"><temp name="T1907"/><temp name="T28"/><temp name="T740"/><temp name="T752"/><temp name="T756"/></temps></instruction><instruction code="OR T757, T1907, 0"><temps name="use"><temp name="T1907"/></temps><temps name="def"><temp name="T757"/></temps><temps name="in"><temp name="T1907"/><temp name="T28"/><temp name="T740"/><temp name="T752"/><temp name="T756"/></temps><temps name="out"><temp name="T757"/><temp name="T28"/><temp name="T740"/><temp name="T752"/><temp name="T756"/></temps></instruction><instruction code="MUL T1908, T756, T757"><temps name="use"><temp name="T756"/><temp name="T757"/></temps><temps name="def"><temp name="T1908"/></temps><temps name="in"><temp name="T757"/><temp name="T28"/><temp name="T740"/><temp name="T752"/><temp name="T756"/></temps><temps name="out"><temp name="T28"/><temp name="T1908"/><temp name="T740"/><temp name="T752"/></temps></instruction><instruction code="OR T758, T1908, 0"><temps name="use"><temp name="T1908"/></temps><temps name="def"><temp name="T758"/></temps><temps name="in"><temp name="T28"/><temp name="T1908"/><temp name="T740"/><temp name="T752"/></temps><temps name="out"><temp name="T758"/><temp name="T28"/><temp name="T740"/><temp name="T752"/></temps></instruction><instruction code="ADD T1909, T752, T758"><temps name="use"><temp name="T752"/><temp name="T758"/></temps><temps name="def"><temp name="T1909"/></temps><temps name="in"><temp name="T758"/><temp name="T28"/><temp name="T740"/><temp name="T752"/></temps><temps name="out"><temp name="T28"/><temp name="T740"/><temp name="T1909"/></temps></instruction><instruction code="OR T759, T1909, 0"><temps name="use"><temp name="T1909"/></temps><temps name="def"><temp name="T759"/></temps><temps name="in"><temp name="T28"/><temp name="T740"/><temp name="T1909"/></temps><temps name="out"><temp name="T28"/><temp name="T740"/><temp name="T759"/></temps></instruction><instruction code="OR T760, T759, 0"><temps name="use"><temp name="T759"/></temps><temps name="def"><temp name="T760"/></temps><temps name="in"><temp name="T28"/><temp name="T740"/><temp name="T759"/></temps><temps name="out"><temp name="T28"/><temp name="T740"/><temp name="T760"/></temps></instruction><instruction code="STO T740, $254, 8"><temps name="use"><temp name="T740"/></temps><temps name="def"/><temps name="in"><temp name="T28"/><temp name="T740"/><temp name="T760"/></temps><temps name="out"><temp name="T28"/><temp name="T760"/></temps></instruction><instruction code="STO T760, $254, 16"><temps name="use"><temp name="T760"/></temps><temps name="def"/><temps name="in"><temp name="T28"/><temp name="T760"/></temps><temps name="out"><temp name="T28"/></temps></instruction><instruction code="LDA T1911, _putInt"><temps name="use"/><temps name="def"><temp name="T1911"/></temps><temps name="in"><temp name="T28"/></temps><temps name="out"><temp name="T1911"/><temp name="T28"/></temps></instruction><instruction code="PUSHJ $16, T1911, 0"><temps name="use"><temp name="T1911"/></temps><temps name="def"/><temps name="in"><temp name="T1911"/><temp name="T28"/></temps><temps name="out"><temp name="T28"/></temps></instruction><instruction code="LDO T1912, $254, 0"><temps name="use"/><temps name="def"><temp name="T1912"/></temps><temps name="in"><temp name="T28"/></temps><temps name="out"><temp name="T28"/><temp name="T1912"/></temps></instruction><instruction code="OR T761, T1912, 0"><temps name="use"><temp name="T1912"/></temps><temps name="def"><temp name="T761"/></temps><temps name="in"><temp name="T28"/><temp name="T1912"/></temps><temps name="out"><temp name="T28"/></temps></instruction><instruction code="SETL  T1913, 0"><temps name="use"/><temps name="def"><temp name="T1913"/></temps><temps name="in"><temp name="T28"/></temps><temps name="out"><temp name="T28"/></temps></instruction><instruction code="INCML T1913, 0"><temps name="use"/><temps name="def"><temp name="T1913"/></temps><temps name="in"><temp name="T28"/></temps><temps name="out"><temp name="T28"/></temps></instruction><instruction code="INCMH T1913, 0"><temps name="use"/><temps name="def"><temp name="T1913"/></temps><temps name="in"><temp name="T28"/></temps><temps name="out"><temp name="T28"/></temps></instruction><instruction code="INCH  T1913, 0"><temps name="use"/><temps name="def"><temp name="T1913"/></temps><temps name="in"><temp name="T28"/></temps><temps name="out"><temp name="T28"/><temp name="T1913"/></temps></instruction><instruction code="OR T762, T1913, 0"><temps name="use"><temp name="T1913"/></temps><temps name="def"><temp name="T762"/></temps><temps name="in"><temp name="T28"/><temp name="T1913"/></temps><temps name="out"><temp name="T28"/><temp name="T762"/></temps></instruction><instruction code="SETL  T1914, 32"><temps name="use"/><temps name="def"><temp name="T1914"/></temps><temps name="in"><temp name="T28"/><temp name="T762"/></temps><temps name="out"><temp name="T28"/><temp name="T762"/></temps></instruction><instruction code="INCML T1914, 0"><temps name="use"/><temps name="def"><temp name="T1914"/></temps><temps name="in"><temp name="T28"/><temp name="T762"/></temps><temps name="out"><temp name="T28"/><temp name="T762"/></temps></instruction><instruction code="INCMH T1914, 0"><temps name="use"/><temps name="def"><temp name="T1914"/></temps><temps name="in"><temp name="T28"/><temp name="T762"/></temps><temps name="out"><temp name="T28"/><temp name="T762"/></temps></instruction><instruction code="INCH  T1914, 0"><temps name="use"/><temps name="def"><temp name="T1914"/></temps><temps name="in"><temp name="T28"/><temp name="T762"/></temps><temps name="out"><temp name="T1914"/><temp name="T28"/><temp name="T762"/></temps></instruction><instruction code="OR T763, T1914, 0"><temps name="use"><temp name="T1914"/></temps><temps name="def"><temp name="T763"/></temps><temps name="in"><temp name="T1914"/><temp name="T28"/><temp name="T762"/></temps><temps name="out"><temp name="T28"/><temp name="T762"/><temp name="T763"/></temps></instruction><instruction code="STO T762, $254, 8"><temps name="use"><temp name="T762"/></temps><temps name="def"/><temps name="in"><temp name="T28"/><temp name="T762"/><temp name="T763"/></temps><temps name="out"><temp name="T28"/><temp name="T763"/></temps></instruction><instruction code="STO T763, $254, 16"><temps name="use"><temp name="T763"/></temps><temps name="def"/><temps name="in"><temp name="T28"/><temp name="T763"/></temps><temps name="out"><temp name="T28"/></temps></instruction><instruction code="LDA T1915, _putChar"><temps name="use"/><temps name="def"><temp name="T1915"/></temps><temps name="in"><temp name="T28"/></temps><temps name="out"><temp name="T28"/><temp name="T1915"/></temps></instruction><instruction code="PUSHJ $16, T1915, 0"><temps name="use"><temp name="T1915"/></temps><temps name="def"/><temps name="in"><temp name="T28"/><temp name="T1915"/></temps><temps name="out"><temp name="T28"/></temps></instruction><instruction code="LDO T1916, $254, 0"><temps name="use"/><temps name="def"><temp name="T1916"/></temps><temps name="in"><temp name="T28"/></temps><temps name="out"><temp name="T1916"/><temp name="T28"/></temps></instruction><instruction code="OR T764, T1916, 0"><temps name="use"><temp name="T1916"/></temps><temps name="def"><temp name="T764"/></temps><temps name="in"><temp name="T1916"/><temp name="T28"/></temps><temps name="out"><temp name="T28"/></temps></instruction><instruction code="OR T765, T28, 0"><temps name="use"><temp name="T28"/></temps><temps name="def"><temp name="T765"/></temps><temps name="in"><temp name="T28"/></temps><temps name="out"><temp name="T28"/><temp name="T765"/></temps></instruction><instruction code="SETL  T1917, 24"><temps name="use"/><temps name="def"><temp name="T1917"/></temps><temps name="in"><temp name="T28"/><temp name="T765"/></temps><temps name="out"><temp name="T28"/><temp name="T765"/></temps></instruction><instruction code="INCML T1917, 0"><temps name="use"/><temps name="def"><temp name="T1917"/></temps><temps name="in"><temp name="T28"/><temp name="T765"/></temps><temps name="out"><temp name="T28"/><temp name="T765"/></temps></instruction><instruction code="INCMH T1917, 0"><temps name="use"/><temps name="def"><temp name="T1917"/></temps><temps name="in"><temp name="T28"/><temp name="T765"/></temps><temps name="out"><temp name="T28"/><temp name="T765"/></temps></instruction><instruction code="INCH  T1917, 0"><temps name="use"/><temps name="def"><temp name="T1917"/></temps><temps name="in"><temp name="T28"/><temp name="T765"/></temps><temps name="out"><temp name="T28"/><temp name="T1917"/><temp name="T765"/></temps></instruction><instruction code="NEG T1917, 0, T1917"><temps name="use"><temp name="T1917"/></temps><temps name="def"><temp name="T1917"/></temps><temps name="in"><temp name="T28"/><temp name="T1917"/><temp name="T765"/></temps><temps name="out"><temp name="T28"/><temp name="T1917"/><temp name="T765"/></temps></instruction><instruction code="OR T766, T1917, 0"><temps name="use"><temp name="T1917"/></temps><temps name="def"><temp name="T766"/></temps><temps name="in"><temp name="T28"/><temp name="T1917"/><temp name="T765"/></temps><temps name="out"><temp name="T766"/><temp name="T28"/><temp name="T765"/></temps></instruction><instruction code="ADD T1918, T765, T766"><temps name="use"><temp name="T765"/><temp name="T766"/></temps><temps name="def"><temp name="T1918"/></temps><temps name="in"><temp name="T766"/><temp name="T28"/><temp name="T765"/></temps><temps name="out"><temp name="T28"/><temp name="T1918"/></temps></instruction><instruction code="OR T767, T1918, 0"><temps name="use"><temp name="T1918"/></temps><temps name="def"><temp name="T767"/></temps><temps name="in"><temp name="T28"/><temp name="T1918"/></temps><temps name="out"><temp name="T28"/><temp name="T767"/></temps></instruction><instruction code="OR T768, T767, 0"><temps name="use"><temp name="T767"/></temps><temps name="def"><temp name="T768"/></temps><temps name="in"><temp name="T28"/><temp name="T767"/></temps><temps name="out"><temp name="T768"/><temp name="T28"/></temps></instruction><instruction code="SETL  T1920, 1"><temps name="use"/><temps name="def"><temp name="T1920"/></temps><temps name="in"><temp name="T768"/><temp name="T28"/></temps><temps name="out"><temp name="T768"/><temp name="T28"/></temps></instruction><instruction code="INCML T1920, 0"><temps name="use"/><temps name="def"><temp name="T1920"/></temps><temps name="in"><temp name="T768"/><temp name="T28"/></temps><temps name="out"><temp name="T768"/><temp name="T28"/></temps></instruction><instruction code="INCMH T1920, 0"><temps name="use"/><temps name="def"><temp name="T1920"/></temps><temps name="in"><temp name="T768"/><temp name="T28"/></temps><temps name="out"><temp name="T768"/><temp name="T28"/></temps></instruction><instruction code="INCH  T1920, 0"><temps name="use"/><temps name="def"><temp name="T1920"/></temps><temps name="in"><temp name="T768"/><temp name="T28"/></temps><temps name="out"><temp name="T1920"/><temp name="T768"/><temp name="T28"/></temps></instruction><instruction code="OR T769, T1920, 0"><temps name="use"><temp name="T1920"/></temps><temps name="def"><temp name="T769"/></temps><temps name="in"><temp name="T1920"/><temp name="T768"/><temp name="T28"/></temps><temps name="out"><temp name="T768"/><temp name="T28"/><temp name="T769"/></temps></instruction><instruction code="ADD T1921, T768, T769"><temps name="use"><temp name="T768"/><temp name="T769"/></temps><temps name="def"><temp name="T1921"/></temps><temps name="in"><temp name="T768"/><temp name="T28"/><temp name="T769"/></temps><temps name="out"><temp name="T28"/><temp name="T1921"/></temps></instruction><instruction code="OR T770, T1921, 0"><temps name="use"><temp name="T1921"/></temps><temps name="def"><temp name="T770"/></temps><temps name="in"><temp name="T28"/><temp name="T1921"/></temps><temps name="out"><temp name="T770"/><temp name="T28"/></temps></instruction><instruction code="SETL  T1922, 24"><temps name="use"/><temps name="def"><temp name="T1922"/></temps><temps name="in"><temp name="T770"/><temp name="T28"/></temps><temps name="out"><temp name="T770"/><temp name="T28"/></temps></instruction><instruction code="INCML T1922, 0"><temps name="use"/><temps name="def"><temp name="T1922"/></temps><temps name="in"><temp name="T770"/><temp name="T28"/></temps><temps name="out"><temp name="T770"/><temp name="T28"/></temps></instruction><instruction code="INCMH T1922, 0"><temps name="use"/><temps name="def"><temp name="T1922"/></temps><temps name="in"><temp name="T770"/><temp name="T28"/></temps><temps name="out"><temp name="T770"/><temp name="T28"/></temps></instruction><instruction code="INCH  T1922, 0"><temps name="use"/><temps name="def"><temp name="T1922"/></temps><temps name="in"><temp name="T770"/><temp name="T28"/></temps><temps name="out"><temp name="T770"/><temp name="T28"/><temp name="T1922"/></temps></instruction><instruction code="NEG T1922, 0, T1922"><temps name="use"><temp name="T1922"/></temps><temps name="def"><temp name="T1922"/></temps><temps name="in"><temp name="T770"/><temp name="T28"/><temp name="T1922"/></temps><temps name="out"><temp name="T770"/><temp name="T28"/><temp name="T1922"/></temps></instruction><instruction code="ADD T1923, T28, T1922"><temps name="use"><temp name="T28"/><temp name="T1922"/></temps><temps name="def"><temp name="T1923"/></temps><temps name="in"><temp name="T770"/><temp name="T28"/><temp name="T1922"/></temps><temps name="out"><temp name="T770"/><temp name="T28"/><temp name="T1923"/></temps></instruction><instruction code="STO T1923, T770, 0"><temps name="use"><temp name="T1923"/><temp name="T770"/></temps><temps name="def"/><temps name="in"><temp name="T770"/><temp name="T28"/><temp name="T1923"/></temps><temps name="out"><temp name="T28"/></temps></instruction><instruction code="LDA T1925, L86"><temps name="use"/><temps name="def"><temp name="T1925"/></temps><temps name="in"><temp name="T28"/></temps><temps name="out"><temp name="T1925"/><temp name="T28"/></temps></instruction><instruction code="GO T1925, T1925, 0"><temps name="use"><temp name="T1925"/></temps><temps name="def"><temp name="T1925"/></temps><temps name="in"><temp name="T1925"/><temp name="T28"/></temps><temps name="out"><temp name="T28"/></temps></instruction><instruction code="L88"><temps name="use"/><temps name="def"/><temps name="in"><temp name="T28"/></temps><temps name="out"><temp name="T28"/></temps></instruction><instruction code="SETL  T1926, 0"><temps name="use"/><temps name="def"><temp name="T1926"/></temps><temps name="in"><temp name="T28"/></temps><temps name="out"><temp name="T28"/></temps></instruction><instruction code="INCML T1926, 0"><temps name="use"/><temps name="def"><temp name="T1926"/></temps><temps name="in"><temp name="T28"/></temps><temps name="out"><temp name="T28"/></temps></instruction><instruction code="INCMH T1926, 0"><temps name="use"/><temps name="def"><temp name="T1926"/></temps><temps name="in"><temp name="T28"/></temps><temps name="out"><temp name="T28"/></temps></instruction><instruction code="INCH  T1926, 0"><temps name="use"/><temps name="def"><temp name="T1926"/></temps><temps name="in"><temp name="T28"/></temps><temps name="out"><temp name="T1926"/><temp name="T28"/></temps></instruction><instruction code="OR T771, T1926, 0"><temps name="use"><temp name="T1926"/></temps><temps name="def"><temp name="T771"/></temps><temps name="in"><temp name="T1926"/><temp name="T28"/></temps><temps name="out"><temp name="T28"/><temp name="T771"/></temps></instruction><instruction code="SETL  T1927, 10"><temps name="use"/><temps name="def"><temp name="T1927"/></temps><temps name="in"><temp name="T28"/><temp name="T771"/></temps><temps name="out"><temp name="T28"/><temp name="T771"/></temps></instruction><instruction code="INCML T1927, 0"><temps name="use"/><temps name="def"><temp name="T1927"/></temps><temps name="in"><temp name="T28"/><temp name="T771"/></temps><temps name="out"><temp name="T28"/><temp name="T771"/></temps></instruction><instruction code="INCMH T1927, 0"><temps name="use"/><temps name="def"><temp name="T1927"/></temps><temps name="in"><temp name="T28"/><temp name="T771"/></temps><temps name="out"><temp name="T28"/><temp name="T771"/></temps></instruction><instruction code="INCH  T1927, 0"><temps name="use"/><temps name="def"><temp name="T1927"/></temps><temps name="in"><temp name="T28"/><temp name="T771"/></temps><temps name="out"><temp name="T28"/><temp name="T771"/><temp name="T1927"/></temps></instruction><instruction code="OR T772, T1927, 0"><temps name="use"><temp name="T1927"/></temps><temps name="def"><temp name="T772"/></temps><temps name="in"><temp name="T28"/><temp name="T771"/><temp name="T1927"/></temps><temps name="out"><temp name="T28"/><temp name="T772"/><temp name="T771"/></temps></instruction><instruction code="SETL  T1928, 256"><temps name="use"/><temps name="def"><temp name="T1928"/></temps><temps name="in"><temp name="T28"/><temp name="T772"/><temp name="T771"/></temps><temps name="out"><temp name="T28"/><temp name="T772"/><temp name="T771"/></temps></instruction><instruction code="INCML T1928, 0"><temps name="use"/><temps name="def"><temp name="T1928"/></temps><temps name="in"><temp name="T28"/><temp name="T772"/><temp name="T771"/></temps><temps name="out"><temp name="T28"/><temp name="T772"/><temp name="T771"/></temps></instruction><instruction code="INCMH T1928, 0"><temps name="use"/><temps name="def"><temp name="T1928"/></temps><temps name="in"><temp name="T28"/><temp name="T772"/><temp name="T771"/></temps><temps name="out"><temp name="T28"/><temp name="T772"/><temp name="T771"/></temps></instruction><instruction code="INCH  T1928, 0"><temps name="use"/><temps name="def"><temp name="T1928"/></temps><temps name="in"><temp name="T28"/><temp name="T772"/><temp name="T771"/></temps><temps name="out"><temp name="T28"/><temp name="T772"/><temp name="T771"/><temp name="T1928"/></temps></instruction><instruction code="OR T773, T1928, 0"><temps name="use"><temp name="T1928"/></temps><temps name="def"><temp name="T773"/></temps><temps name="in"><temp name="T28"/><temp name="T772"/><temp name="T771"/><temp name="T1928"/></temps><temps name="out"><temp name="T28"/><temp name="T772"/><temp name="T771"/><temp name="T773"/></temps></instruction><instruction code="DIV T1929, T772, T773"><temps name="use"><temp name="T772"/><temp name="T773"/></temps><temps name="def"><temp name="T1929"/></temps><temps name="in"><temp name="T28"/><temp name="T772"/><temp name="T771"/><temp name="T773"/></temps><temps name="out"><temp name="T28"/><temp name="T771"/></temps></instruction><instruction code="OR T1929, rR, 0"><temps name="use"/><temps name="def"><temp name="T1929"/></temps><temps name="in"><temp name="T28"/><temp name="T771"/></temps><temps name="out"><temp name="T28"/><temp name="T771"/><temp name="T1929"/></temps></instruction><instruction code="OR T774, T1929, 0"><temps name="use"><temp name="T1929"/></temps><temps name="def"><temp name="T774"/></temps><temps name="in"><temp name="T28"/><temp name="T771"/><temp name="T1929"/></temps><temps name="out"><temp name="T28"/><temp name="T771"/><temp name="T774"/></temps></instruction><instruction code="STO T771, $254, 8"><temps name="use"><temp name="T771"/></temps><temps name="def"/><temps name="in"><temp name="T28"/><temp name="T771"/><temp name="T774"/></temps><temps name="out"><temp name="T28"/><temp name="T774"/></temps></instruction><instruction code="STO T774, $254, 16"><temps name="use"><temp name="T774"/></temps><temps name="def"/><temps name="in"><temp name="T28"/><temp name="T774"/></temps><temps name="out"><temp name="T28"/></temps></instruction><instruction code="LDA T1930, _putChar"><temps name="use"/><temps name="def"><temp name="T1930"/></temps><temps name="in"><temp name="T28"/></temps><temps name="out"><temp name="T28"/><temp name="T1930"/></temps></instruction><instruction code="PUSHJ $16, T1930, 0"><temps name="use"><temp name="T1930"/></temps><temps name="def"/><temps name="in"><temp name="T28"/><temp name="T1930"/></temps><temps name="out"><temp name="T28"/></temps></instruction><instruction code="LDO T1931, $254, 0"><temps name="use"/><temps name="def"><temp name="T1931"/></temps><temps name="in"><temp name="T28"/></temps><temps name="out"><temp name="T28"/><temp name="T1931"/></temps></instruction><instruction code="OR T775, T1931, 0"><temps name="use"><temp name="T1931"/></temps><temps name="def"><temp name="T775"/></temps><temps name="in"><temp name="T28"/><temp name="T1931"/></temps><temps name="out"><temp name="T28"/></temps></instruction><instruction code="OR T776, T28, 0"><temps name="use"><temp name="T28"/></temps><temps name="def"><temp name="T776"/></temps><temps name="in"><temp name="T28"/></temps><temps name="out"><temp name="T776"/><temp name="T28"/></temps></instruction><instruction code="SETL  T1932, 16"><temps name="use"/><temps name="def"><temp name="T1932"/></temps><temps name="in"><temp name="T776"/><temp name="T28"/></temps><temps name="out"><temp name="T776"/><temp name="T28"/></temps></instruction><instruction code="INCML T1932, 0"><temps name="use"/><temps name="def"><temp name="T1932"/></temps><temps name="in"><temp name="T776"/><temp name="T28"/></temps><temps name="out"><temp name="T776"/><temp name="T28"/></temps></instruction><instruction code="INCMH T1932, 0"><temps name="use"/><temps name="def"><temp name="T1932"/></temps><temps name="in"><temp name="T776"/><temp name="T28"/></temps><temps name="out"><temp name="T776"/><temp name="T28"/></temps></instruction><instruction code="INCH  T1932, 0"><temps name="use"/><temps name="def"><temp name="T1932"/></temps><temps name="in"><temp name="T776"/><temp name="T28"/></temps><temps name="out"><temp name="T776"/><temp name="T1932"/><temp name="T28"/></temps></instruction><instruction code="NEG T1932, 0, T1932"><temps name="use"><temp name="T1932"/></temps><temps name="def"><temp name="T1932"/></temps><temps name="in"><temp name="T776"/><temp name="T1932"/><temp name="T28"/></temps><temps name="out"><temp name="T776"/><temp name="T1932"/><temp name="T28"/></temps></instruction><instruction code="OR T777, T1932, 0"><temps name="use"><temp name="T1932"/></temps><temps name="def"><temp name="T777"/></temps><temps name="in"><temp name="T776"/><temp name="T1932"/><temp name="T28"/></temps><temps name="out"><temp name="T777"/><temp name="T776"/><temp name="T28"/></temps></instruction><instruction code="ADD T1933, T776, T777"><temps name="use"><temp name="T776"/><temp name="T777"/></temps><temps name="def"><temp name="T1933"/></temps><temps name="in"><temp name="T777"/><temp name="T776"/><temp name="T28"/></temps><temps name="out"><temp name="T28"/><temp name="T1933"/></temps></instruction><instruction code="OR T778, T1933, 0"><temps name="use"><temp name="T1933"/></temps><temps name="def"><temp name="T778"/></temps><temps name="in"><temp name="T28"/><temp name="T1933"/></temps><temps name="out"><temp name="T28"/><temp name="T778"/></temps></instruction><instruction code="OR T779, T778, 0"><temps name="use"><temp name="T778"/></temps><temps name="def"><temp name="T779"/></temps><temps name="in"><temp name="T28"/><temp name="T778"/></temps><temps name="out"><temp name="T28"/><temp name="T779"/></temps></instruction><instruction code="SETL  T1935, 1"><temps name="use"/><temps name="def"><temp name="T1935"/></temps><temps name="in"><temp name="T28"/><temp name="T779"/></temps><temps name="out"><temp name="T28"/><temp name="T779"/></temps></instruction><instruction code="INCML T1935, 0"><temps name="use"/><temps name="def"><temp name="T1935"/></temps><temps name="in"><temp name="T28"/><temp name="T779"/></temps><temps name="out"><temp name="T28"/><temp name="T779"/></temps></instruction><instruction code="INCMH T1935, 0"><temps name="use"/><temps name="def"><temp name="T1935"/></temps><temps name="in"><temp name="T28"/><temp name="T779"/></temps><temps name="out"><temp name="T28"/><temp name="T779"/></temps></instruction><instruction code="INCH  T1935, 0"><temps name="use"/><temps name="def"><temp name="T1935"/></temps><temps name="in"><temp name="T28"/><temp name="T779"/></temps><temps name="out"><temp name="T1935"/><temp name="T28"/><temp name="T779"/></temps></instruction><instruction code="OR T780, T1935, 0"><temps name="use"><temp name="T1935"/></temps><temps name="def"><temp name="T780"/></temps><temps name="in"><temp name="T1935"/><temp name="T28"/><temp name="T779"/></temps><temps name="out"><temp name="T780"/><temp name="T28"/><temp name="T779"/></temps></instruction><instruction code="ADD T1936, T779, T780"><temps name="use"><temp name="T779"/><temp name="T780"/></temps><temps name="def"><temp name="T1936"/></temps><temps name="in"><temp name="T780"/><temp name="T28"/><temp name="T779"/></temps><temps name="out"><temp name="T28"/><temp name="T1936"/></temps></instruction><instruction code="OR T781, T1936, 0"><temps name="use"><temp name="T1936"/></temps><temps name="def"><temp name="T781"/></temps><temps name="in"><temp name="T28"/><temp name="T1936"/></temps><temps name="out"><temp name="T781"/><temp name="T28"/></temps></instruction><instruction code="SETL  T1937, 16"><temps name="use"/><temps name="def"><temp name="T1937"/></temps><temps name="in"><temp name="T781"/><temp name="T28"/></temps><temps name="out"><temp name="T781"/><temp name="T28"/></temps></instruction><instruction code="INCML T1937, 0"><temps name="use"/><temps name="def"><temp name="T1937"/></temps><temps name="in"><temp name="T781"/><temp name="T28"/></temps><temps name="out"><temp name="T781"/><temp name="T28"/></temps></instruction><instruction code="INCMH T1937, 0"><temps name="use"/><temps name="def"><temp name="T1937"/></temps><temps name="in"><temp name="T781"/><temp name="T28"/></temps><temps name="out"><temp name="T781"/><temp name="T28"/></temps></instruction><instruction code="INCH  T1937, 0"><temps name="use"/><temps name="def"><temp name="T1937"/></temps><temps name="in"><temp name="T781"/><temp name="T28"/></temps><temps name="out"><temp name="T781"/><temp name="T28"/><temp name="T1937"/></temps></instruction><instruction code="NEG T1937, 0, T1937"><temps name="use"><temp name="T1937"/></temps><temps name="def"><temp name="T1937"/></temps><temps name="in"><temp name="T781"/><temp name="T28"/><temp name="T1937"/></temps><temps name="out"><temp name="T781"/><temp name="T28"/><temp name="T1937"/></temps></instruction><instruction code="ADD T1938, T28, T1937"><temps name="use"><temp name="T28"/><temp name="T1937"/></temps><temps name="def"><temp name="T1938"/></temps><temps name="in"><temp name="T781"/><temp name="T28"/><temp name="T1937"/></temps><temps name="out"><temp name="T781"/><temp name="T28"/><temp name="T1938"/></temps></instruction><instruction code="STO T1938, T781, 0"><temps name="use"><temp name="T1938"/><temp name="T781"/></temps><temps name="def"/><temps name="in"><temp name="T781"/><temp name="T28"/><temp name="T1938"/></temps><temps name="out"><temp name="T28"/></temps></instruction><instruction code="LDA T1940, L89"><temps name="use"/><temps name="def"><temp name="T1940"/></temps><temps name="in"><temp name="T28"/></temps><temps name="out"><temp name="T1940"/><temp name="T28"/></temps></instruction><instruction code="GO T1940, T1940, 0"><temps name="use"><temp name="T1940"/></temps><temps name="def"><temp name="T1940"/></temps><temps name="in"><temp name="T1940"/><temp name="T28"/></temps><temps name="out"><temp name="T28"/></temps></instruction><instruction code="L91"><temps name="use"/><temps name="def"/><temps name="in"><temp name="T28"/></temps><temps name="out"><temp name="T28"/></temps></instruction><instruction code="SETL  T1941, 0"><temps name="use"/><temps name="def"><temp name="T1941"/></temps><temps name="in"><temp name="T28"/></temps><temps name="out"><temp name="T28"/></temps></instruction><instruction code="INCML T1941, 0"><temps name="use"/><temps name="def"><temp name="T1941"/></temps><temps name="in"><temp name="T28"/></temps><temps name="out"><temp name="T28"/></temps></instruction><instruction code="INCMH T1941, 0"><temps name="use"/><temps name="def"><temp name="T1941"/></temps><temps name="in"><temp name="T28"/></temps><temps name="out"><temp name="T28"/></temps></instruction><instruction code="INCH  T1941, 0"><temps name="use"/><temps name="def"><temp name="T1941"/></temps><temps name="in"><temp name="T28"/></temps><temps name="out"><temp name="T28"/><temp name="T1941"/></temps></instruction><instruction code="OR T782, T1941, 0"><temps name="use"><temp name="T1941"/></temps><temps name="def"><temp name="T782"/></temps><temps name="in"><temp name="T28"/><temp name="T1941"/></temps><temps name="out"><temp name="T782"/><temp name="T28"/></temps></instruction><instruction code="SETL  T1942, 10"><temps name="use"/><temps name="def"><temp name="T1942"/></temps><temps name="in"><temp name="T782"/><temp name="T28"/></temps><temps name="out"><temp name="T782"/><temp name="T28"/></temps></instruction><instruction code="INCML T1942, 0"><temps name="use"/><temps name="def"><temp name="T1942"/></temps><temps name="in"><temp name="T782"/><temp name="T28"/></temps><temps name="out"><temp name="T782"/><temp name="T28"/></temps></instruction><instruction code="INCMH T1942, 0"><temps name="use"/><temps name="def"><temp name="T1942"/></temps><temps name="in"><temp name="T782"/><temp name="T28"/></temps><temps name="out"><temp name="T782"/><temp name="T28"/></temps></instruction><instruction code="INCH  T1942, 0"><temps name="use"/><temps name="def"><temp name="T1942"/></temps><temps name="in"><temp name="T782"/><temp name="T28"/></temps><temps name="out"><temp name="T1942"/><temp name="T782"/><temp name="T28"/></temps></instruction><instruction code="OR T783, T1942, 0"><temps name="use"><temp name="T1942"/></temps><temps name="def"><temp name="T783"/></temps><temps name="in"><temp name="T1942"/><temp name="T782"/><temp name="T28"/></temps><temps name="out"><temp name="T782"/><temp name="T28"/><temp name="T783"/></temps></instruction><instruction code="SETL  T1943, 256"><temps name="use"/><temps name="def"><temp name="T1943"/></temps><temps name="in"><temp name="T782"/><temp name="T28"/><temp name="T783"/></temps><temps name="out"><temp name="T782"/><temp name="T28"/><temp name="T783"/></temps></instruction><instruction code="INCML T1943, 0"><temps name="use"/><temps name="def"><temp name="T1943"/></temps><temps name="in"><temp name="T782"/><temp name="T28"/><temp name="T783"/></temps><temps name="out"><temp name="T782"/><temp name="T28"/><temp name="T783"/></temps></instruction><instruction code="INCMH T1943, 0"><temps name="use"/><temps name="def"><temp name="T1943"/></temps><temps name="in"><temp name="T782"/><temp name="T28"/><temp name="T783"/></temps><temps name="out"><temp name="T782"/><temp name="T28"/><temp name="T783"/></temps></instruction><instruction code="INCH  T1943, 0"><temps name="use"/><temps name="def"><temp name="T1943"/></temps><temps name="in"><temp name="T782"/><temp name="T28"/><temp name="T783"/></temps><temps name="out"><temp name="T782"/><temp name="T28"/><temp name="T1943"/><temp name="T783"/></temps></instruction><instruction code="OR T784, T1943, 0"><temps name="use"><temp name="T1943"/></temps><temps name="def"><temp name="T784"/></temps><temps name="in"><temp name="T782"/><temp name="T28"/><temp name="T1943"/><temp name="T783"/></temps><temps name="out"><temp name="T784"/><temp name="T782"/><temp name="T28"/><temp name="T783"/></temps></instruction><instruction code="DIV T1944, T783, T784"><temps name="use"><temp name="T783"/><temp name="T784"/></temps><temps name="def"><temp name="T1944"/></temps><temps name="in"><temp name="T784"/><temp name="T782"/><temp name="T28"/><temp name="T783"/></temps><temps name="out"><temp name="T782"/><temp name="T28"/></temps></instruction><instruction code="OR T1944, rR, 0"><temps name="use"/><temps name="def"><temp name="T1944"/></temps><temps name="in"><temp name="T782"/><temp name="T28"/></temps><temps name="out"><temp name="T782"/><temp name="T28"/><temp name="T1944"/></temps></instruction><instruction code="OR T785, T1944, 0"><temps name="use"><temp name="T1944"/></temps><temps name="def"><temp name="T785"/></temps><temps name="in"><temp name="T782"/><temp name="T28"/><temp name="T1944"/></temps><temps name="out"><temp name="T785"/><temp name="T782"/><temp name="T28"/></temps></instruction><instruction code="STO T782, $254, 8"><temps name="use"><temp name="T782"/></temps><temps name="def"/><temps name="in"><temp name="T785"/><temp name="T782"/><temp name="T28"/></temps><temps name="out"><temp name="T785"/><temp name="T28"/></temps></instruction><instruction code="STO T785, $254, 16"><temps name="use"><temp name="T785"/></temps><temps name="def"/><temps name="in"><temp name="T785"/><temp name="T28"/></temps><temps name="out"><temp name="T28"/></temps></instruction><instruction code="LDA T1945, _putChar"><temps name="use"/><temps name="def"><temp name="T1945"/></temps><temps name="in"><temp name="T28"/></temps><temps name="out"><temp name="T28"/><temp name="T1945"/></temps></instruction><instruction code="PUSHJ $16, T1945, 0"><temps name="use"><temp name="T1945"/></temps><temps name="def"/><temps name="in"><temp name="T28"/><temp name="T1945"/></temps><temps name="out"><temp name="T28"/></temps></instruction><instruction code="LDO T1946, $254, 0"><temps name="use"/><temps name="def"><temp name="T1946"/></temps><temps name="in"><temp name="T28"/></temps><temps name="out"><temp name="T1946"/><temp name="T28"/></temps></instruction><instruction code="OR T786, T1946, 0"><temps name="use"><temp name="T1946"/></temps><temps name="def"><temp name="T786"/></temps><temps name="in"><temp name="T1946"/><temp name="T28"/></temps><temps name="out"><temp name="T28"/></temps></instruction><instruction code="L93"><temps name="use"/><temps name="def"/><temps name="in"><temp name="T28"/></temps><temps name="out"><temp name="T28"/></temps></instruction><instruction code="SETL  T1947, 0"><temps name="use"/><temps name="def"><temp name="T1947"/></temps><temps name="in"><temp name="T28"/></temps><temps name="out"><temp name="T28"/></temps></instruction><instruction code="INCML T1947, 0"><temps name="use"/><temps name="def"><temp name="T1947"/></temps><temps name="in"><temp name="T28"/></temps><temps name="out"><temp name="T28"/></temps></instruction><instruction code="INCMH T1947, 0"><temps name="use"/><temps name="def"><temp name="T1947"/></temps><temps name="in"><temp name="T28"/></temps><temps name="out"><temp name="T28"/></temps></instruction><instruction code="INCH  T1947, 0"><temps name="use"/><temps name="def"><temp name="T1947"/></temps><temps name="in"><temp name="T28"/></temps><temps name="out"><temp name="T1947"/><temp name="T28"/></temps></instruction><instruction code="OR T787, T1947, 0"><temps name="use"><temp name="T1947"/></temps><temps name="def"><temp name="T787"/></temps><temps name="in"><temp name="T1947"/><temp name="T28"/></temps><temps name="out"><temp name="T787"/><temp name="T28"/></temps></instruction><instruction code="OR T788, T787, 0"><temps name="use"><temp name="T787"/></temps><temps name="def"><temp name="T788"/></temps><temps name="in"><temp name="T787"/><temp name="T28"/></temps><temps name="out"><temp name="T28"/></temps></instruction><instruction code="SETL  T1948, 1"><temps name="use"/><temps name="def"><temp name="T1948"/></temps><temps name="in"><temp name="T28"/></temps><temps name="out"><temp name="T28"/></temps></instruction><instruction code="INCML T1948, 0"><temps name="use"/><temps name="def"><temp name="T1948"/></temps><temps name="in"><temp name="T28"/></temps><temps name="out"><temp name="T28"/></temps></instruction><instruction code="INCMH T1948, 0"><temps name="use"/><temps name="def"><temp name="T1948"/></temps><temps name="in"><temp name="T28"/></temps><temps name="out"><temp name="T28"/></temps></instruction><instruction code="INCH  T1948, 0"><temps name="use"/><temps name="def"><temp name="T1948"/></temps><temps name="in"><temp name="T28"/></temps><temps name="out"><temp name="T28"/><temp name="T1948"/></temps></instruction><instruction code="OR T789, T1948, 0"><temps name="use"><temp name="T1948"/></temps><temps name="def"><temp name="T789"/></temps><temps name="in"><temp name="T28"/><temp name="T1948"/></temps><temps name="out"><temp name="T28"/><temp name="T789"/></temps></instruction><instruction code="SETL  T1949, 8"><temps name="use"/><temps name="def"><temp name="T1949"/></temps><temps name="in"><temp name="T28"/><temp name="T789"/></temps><temps name="out"><temp name="T28"/><temp name="T789"/></temps></instruction><instruction code="INCML T1949, 0"><temps name="use"/><temps name="def"><temp name="T1949"/></temps><temps name="in"><temp name="T28"/><temp name="T789"/></temps><temps name="out"><temp name="T28"/><temp name="T789"/></temps></instruction><instruction code="INCMH T1949, 0"><temps name="use"/><temps name="def"><temp name="T1949"/></temps><temps name="in"><temp name="T28"/><temp name="T789"/></temps><temps name="out"><temp name="T28"/><temp name="T789"/></temps></instruction><instruction code="INCH  T1949, 0"><temps name="use"/><temps name="def"><temp name="T1949"/></temps><temps name="in"><temp name="T28"/><temp name="T789"/></temps><temps name="out"><temp name="T1949"/><temp name="T28"/><temp name="T789"/></temps></instruction><instruction code="NEG T1949, 0, T1949"><temps name="use"><temp name="T1949"/></temps><temps name="def"><temp name="T1949"/></temps><temps name="in"><temp name="T1949"/><temp name="T28"/><temp name="T789"/></temps><temps name="out"><temp name="T28"/><temp name="T1949"/><temp name="T789"/></temps></instruction><instruction code="ADD T1950, T28, T1949"><temps name="use"><temp name="T28"/><temp name="T1949"/></temps><temps name="def"><temp name="T1950"/></temps><temps name="in"><temp name="T28"/><temp name="T1949"/><temp name="T789"/></temps><temps name="out"><temp name="T1950"/><temp name="T28"/><temp name="T789"/></temps></instruction><instruction code="STO T1950, T789, 0"><temps name="use"><temp name="T1950"/><temp name="T789"/></temps><temps name="def"/><temps name="in"><temp name="T1950"/><temp name="T28"/><temp name="T789"/></temps><temps name="out"><temp name="T28"/></temps></instruction><instruction code="LDA T1952, L104"><temps name="use"/><temps name="def"><temp name="T1952"/></temps><temps name="in"><temp name="T28"/></temps><temps name="out"><temp name="T28"/><temp name="T1952"/></temps></instruction><instruction code="GO T1952, T1952, 0"><temps name="use"><temp name="T1952"/></temps><temps name="def"><temp name="T1952"/></temps><temps name="in"><temp name="T28"/><temp name="T1952"/></temps><temps name="out"><temp name="T28"/></temps></instruction><instruction code="L103"><temps name="use"/><temps name="def"/><temps name="in"><temp name="T28"/></temps><temps name="out"><temp name="T28"/></temps></instruction><instruction code="OR T790, T28, 0"><temps name="use"><temp name="T28"/></temps><temps name="def"><temp name="T790"/></temps><temps name="in"><temp name="T28"/></temps><temps name="out"><temp name="T28"/><temp name="T790"/></temps></instruction><instruction code="OR T791, T790, 0"><temps name="use"><temp name="T790"/></temps><temps name="def"><temp name="T791"/></temps><temps name="in"><temp name="T28"/><temp name="T790"/></temps><temps name="out"><temp name="T28"/><temp name="T791"/></temps></instruction><instruction code="SETL  T1954, 8"><temps name="use"/><temps name="def"><temp name="T1954"/></temps><temps name="in"><temp name="T28"/><temp name="T791"/></temps><temps name="out"><temp name="T28"/><temp name="T791"/></temps></instruction><instruction code="INCML T1954, 0"><temps name="use"/><temps name="def"><temp name="T1954"/></temps><temps name="in"><temp name="T28"/><temp name="T791"/></temps><temps name="out"><temp name="T28"/><temp name="T791"/></temps></instruction><instruction code="INCMH T1954, 0"><temps name="use"/><temps name="def"><temp name="T1954"/></temps><temps name="in"><temp name="T28"/><temp name="T791"/></temps><temps name="out"><temp name="T28"/><temp name="T791"/></temps></instruction><instruction code="INCH  T1954, 0"><temps name="use"/><temps name="def"><temp name="T1954"/></temps><temps name="in"><temp name="T28"/><temp name="T791"/></temps><temps name="out"><temp name="T1954"/><temp name="T28"/><temp name="T791"/></temps></instruction><instruction code="NEG T1954, 0, T1954"><temps name="use"><temp name="T1954"/></temps><temps name="def"><temp name="T1954"/></temps><temps name="in"><temp name="T1954"/><temp name="T28"/><temp name="T791"/></temps><temps name="out"><temp name="T1954"/><temp name="T28"/><temp name="T791"/></temps></instruction><instruction code="OR T792, T1954, 0"><temps name="use"><temp name="T1954"/></temps><temps name="def"><temp name="T792"/></temps><temps name="in"><temp name="T1954"/><temp name="T28"/><temp name="T791"/></temps><temps name="out"><temp name="T28"/><temp name="T792"/><temp name="T791"/></temps></instruction><instruction code="ADD T1955, T791, T792"><temps name="use"><temp name="T791"/><temp name="T792"/></temps><temps name="def"><temp name="T1955"/></temps><temps name="in"><temp name="T28"/><temp name="T792"/><temp name="T791"/></temps><temps name="out"><temp name="T1955"/><temp name="T28"/></temps></instruction><instruction code="OR T793, T1955, 0"><temps name="use"><temp name="T1955"/></temps><temps name="def"><temp name="T793"/></temps><temps name="in"><temp name="T1955"/><temp name="T28"/></temps><temps name="out"><temp name="T28"/><temp name="T793"/></temps></instruction><instruction code="OR T794, T793, 0"><temps name="use"><temp name="T793"/></temps><temps name="def"><temp name="T794"/></temps><temps name="in"><temp name="T28"/><temp name="T793"/></temps><temps name="out"><temp name="T794"/><temp name="T28"/></temps></instruction><instruction code="OR T795, T28, 0"><temps name="use"><temp name="T28"/></temps><temps name="def"><temp name="T795"/></temps><temps name="in"><temp name="T794"/><temp name="T28"/></temps><temps name="out"><temp name="T794"/><temp name="T28"/><temp name="T795"/></temps></instruction><instruction code="SETL  T1957, 8"><temps name="use"/><temps name="def"><temp name="T1957"/></temps><temps name="in"><temp name="T794"/><temp name="T28"/><temp name="T795"/></temps><temps name="out"><temp name="T794"/><temp name="T28"/><temp name="T795"/></temps></instruction><instruction code="INCML T1957, 0"><temps name="use"/><temps name="def"><temp name="T1957"/></temps><temps name="in"><temp name="T794"/><temp name="T28"/><temp name="T795"/></temps><temps name="out"><temp name="T794"/><temp name="T28"/><temp name="T795"/></temps></instruction><instruction code="INCMH T1957, 0"><temps name="use"/><temps name="def"><temp name="T1957"/></temps><temps name="in"><temp name="T794"/><temp name="T28"/><temp name="T795"/></temps><temps name="out"><temp name="T794"/><temp name="T28"/><temp name="T795"/></temps></instruction><instruction code="INCH  T1957, 0"><temps name="use"/><temps name="def"><temp name="T1957"/></temps><temps name="in"><temp name="T794"/><temp name="T28"/><temp name="T795"/></temps><temps name="out"><temp name="T1957"/><temp name="T794"/><temp name="T28"/><temp name="T795"/></temps></instruction><instruction code="OR T796, T1957, 0"><temps name="use"><temp name="T1957"/></temps><temps name="def"><temp name="T796"/></temps><temps name="in"><temp name="T1957"/><temp name="T794"/><temp name="T28"/><temp name="T795"/></temps><temps name="out"><temp name="T794"/><temp name="T796"/><temp name="T28"/><temp name="T795"/></temps></instruction><instruction code="ADD T1958, T795, T796"><temps name="use"><temp name="T795"/><temp name="T796"/></temps><temps name="def"><temp name="T1958"/></temps><temps name="in"><temp name="T794"/><temp name="T796"/><temp name="T28"/><temp name="T795"/></temps><temps name="out"><temp name="T794"/><temp name="T28"/><temp name="T1958"/></temps></instruction><instruction code="OR T797, T1958, 0"><temps name="use"><temp name="T1958"/></temps><temps name="def"><temp name="T797"/></temps><temps name="in"><temp name="T794"/><temp name="T28"/><temp name="T1958"/></temps><temps name="out"><temp name="T794"/><temp name="T28"/><temp name="T797"/></temps></instruction><instruction code="OR T798, T797, 0"><temps name="use"><temp name="T797"/></temps><temps name="def"><temp name="T798"/></temps><temps name="in"><temp name="T794"/><temp name="T28"/><temp name="T797"/></temps><temps name="out"><temp name="T794"/><temp name="T28"/><temp name="T798"/></temps></instruction><instruction code="SETL  T1960, 8"><temps name="use"/><temps name="def"><temp name="T1960"/></temps><temps name="in"><temp name="T794"/><temp name="T28"/><temp name="T798"/></temps><temps name="out"><temp name="T794"/><temp name="T28"/><temp name="T798"/></temps></instruction><instruction code="INCML T1960, 0"><temps name="use"/><temps name="def"><temp name="T1960"/></temps><temps name="in"><temp name="T794"/><temp name="T28"/><temp name="T798"/></temps><temps name="out"><temp name="T794"/><temp name="T28"/><temp name="T798"/></temps></instruction><instruction code="INCMH T1960, 0"><temps name="use"/><temps name="def"><temp name="T1960"/></temps><temps name="in"><temp name="T794"/><temp name="T28"/><temp name="T798"/></temps><temps name="out"><temp name="T794"/><temp name="T28"/><temp name="T798"/></temps></instruction><instruction code="INCH  T1960, 0"><temps name="use"/><temps name="def"><temp name="T1960"/></temps><temps name="in"><temp name="T794"/><temp name="T28"/><temp name="T798"/></temps><temps name="out"><temp name="T794"/><temp name="T1960"/><temp name="T28"/><temp name="T798"/></temps></instruction><instruction code="OR T799, T1960, 0"><temps name="use"><temp name="T1960"/></temps><temps name="def"><temp name="T799"/></temps><temps name="in"><temp name="T794"/><temp name="T1960"/><temp name="T28"/><temp name="T798"/></temps><temps name="out"><temp name="T794"/><temp name="T28"/><temp name="T798"/><temp name="T799"/></temps></instruction><instruction code="MUL T1961, T798, T799"><temps name="use"><temp name="T798"/><temp name="T799"/></temps><temps name="def"><temp name="T1961"/></temps><temps name="in"><temp name="T794"/><temp name="T28"/><temp name="T798"/><temp name="T799"/></temps><temps name="out"><temp name="T794"/><temp name="T28"/><temp name="T1961"/></temps></instruction><instruction code="OR T800, T1961, 0"><temps name="use"><temp name="T1961"/></temps><temps name="def"><temp name="T800"/></temps><temps name="in"><temp name="T794"/><temp name="T28"/><temp name="T1961"/></temps><temps name="out"><temp name="T794"/><temp name="T28"/><temp name="T800"/></temps></instruction><instruction code="ADD T1962, T794, T800"><temps name="use"><temp name="T794"/><temp name="T800"/></temps><temps name="def"><temp name="T1962"/></temps><temps name="in"><temp name="T794"/><temp name="T28"/><temp name="T800"/></temps><temps name="out"><temp name="T28"/><temp name="T1962"/></temps></instruction><instruction code="OR T801, T1962, 0"><temps name="use"><temp name="T1962"/></temps><temps name="def"><temp name="T801"/></temps><temps name="in"><temp name="T28"/><temp name="T1962"/></temps><temps name="out"><temp name="T28"/><temp name="T801"/></temps></instruction><instruction code="OR T802, T801, 0"><temps name="use"><temp name="T801"/></temps><temps name="def"><temp name="T802"/></temps><temps name="in"><temp name="T28"/><temp name="T801"/></temps><temps name="out"><temp name="T28"/><temp name="T802"/></temps></instruction><instruction code="SETL  T1964, 0"><temps name="use"/><temps name="def"><temp name="T1964"/></temps><temps name="in"><temp name="T28"/><temp name="T802"/></temps><temps name="out"><temp name="T28"/><temp name="T802"/></temps></instruction><instruction code="INCML T1964, 0"><temps name="use"/><temps name="def"><temp name="T1964"/></temps><temps name="in"><temp name="T28"/><temp name="T802"/></temps><temps name="out"><temp name="T28"/><temp name="T802"/></temps></instruction><instruction code="INCMH T1964, 0"><temps name="use"/><temps name="def"><temp name="T1964"/></temps><temps name="in"><temp name="T28"/><temp name="T802"/></temps><temps name="out"><temp name="T28"/><temp name="T802"/></temps></instruction><instruction code="INCH  T1964, 0"><temps name="use"/><temps name="def"><temp name="T1964"/></temps><temps name="in"><temp name="T28"/><temp name="T802"/></temps><temps name="out"><temp name="T1964"/><temp name="T28"/><temp name="T802"/></temps></instruction><instruction code="OR T803, T1964, 0"><temps name="use"><temp name="T1964"/></temps><temps name="def"><temp name="T803"/></temps><temps name="in"><temp name="T1964"/><temp name="T28"/><temp name="T802"/></temps><temps name="out"><temp name="T28"/><temp name="T802"/><temp name="T803"/></temps></instruction><instruction code="CMP T1965, T802, T803"><temps name="use"><temp name="T802"/><temp name="T803"/></temps><temps name="def"><temp name="T1965"/></temps><temps name="in"><temp name="T28"/><temp name="T802"/><temp name="T803"/></temps><temps name="out"><temp name="T28"/><temp name="T1965"/></temps></instruction><instruction code="ZSNZ T1965, T1965, 1"><temps name="use"><temp name="T1965"/></temps><temps name="def"><temp name="T1965"/></temps><temps name="in"><temp name="T28"/><temp name="T1965"/></temps><temps name="out"><temp name="T28"/><temp name="T1965"/></temps></instruction><instruction code="OR T804, T1965, 0"><temps name="use"><temp name="T1965"/></temps><temps name="def"><temp name="T804"/></temps><temps name="in"><temp name="T28"/><temp name="T1965"/></temps><temps name="out"><temp name="T28"/><temp name="T804"/></temps></instruction><instruction code="BNZ T804, L99"><temps name="use"><temp name="T804"/></temps><temps name="def"/><temps name="in"><temp name="T28"/><temp name="T804"/></temps><temps name="out"><temp name="T28"/></temps></instruction><instruction code="L154"><temps name="use"/><temps name="def"/><temps name="in"><temp name="T28"/></temps><temps name="out"><temp name="T28"/></temps></instruction><instruction code="LDA T1966, L100"><temps name="use"/><temps name="def"><temp name="T1966"/></temps><temps name="in"><temp name="T28"/></temps><temps name="out"><temp name="T1966"/><temp name="T28"/></temps></instruction><instruction code="GO T1966, T1966, 0"><temps name="use"><temp name="T1966"/></temps><temps name="def"><temp name="T1966"/></temps><temps name="in"><temp name="T1966"/><temp name="T28"/></temps><temps name="out"><temp name="T28"/></temps></instruction><instruction code="L99"><temps name="use"/><temps name="def"/><temps name="in"><temp name="T28"/></temps><temps name="out"><temp name="T28"/></temps></instruction><instruction code="OR T805, T28, 0"><temps name="use"><temp name="T28"/></temps><temps name="def"><temp name="T805"/></temps><temps name="in"><temp name="T28"/></temps><temps name="out"><temp name="T805"/><temp name="T28"/></temps></instruction><instruction code="OR T806, T28, 0"><temps name="use"><temp name="T28"/></temps><temps name="def"><temp name="T806"/></temps><temps name="in"><temp name="T805"/><temp name="T28"/></temps><temps name="out"><temp name="T806"/><temp name="T805"/><temp name="T28"/></temps></instruction><instruction code="SETL  T1968, 8"><temps name="use"/><temps name="def"><temp name="T1968"/></temps><temps name="in"><temp name="T806"/><temp name="T805"/><temp name="T28"/></temps><temps name="out"><temp name="T806"/><temp name="T805"/><temp name="T28"/></temps></instruction><instruction code="INCML T1968, 0"><temps name="use"/><temps name="def"><temp name="T1968"/></temps><temps name="in"><temp name="T806"/><temp name="T805"/><temp name="T28"/></temps><temps name="out"><temp name="T806"/><temp name="T805"/><temp name="T28"/></temps></instruction><instruction code="INCMH T1968, 0"><temps name="use"/><temps name="def"><temp name="T1968"/></temps><temps name="in"><temp name="T806"/><temp name="T805"/><temp name="T28"/></temps><temps name="out"><temp name="T806"/><temp name="T805"/><temp name="T28"/></temps></instruction><instruction code="INCH  T1968, 0"><temps name="use"/><temps name="def"><temp name="T1968"/></temps><temps name="in"><temp name="T806"/><temp name="T805"/><temp name="T28"/></temps><temps name="out"><temp name="T806"/><temp name="T1968"/><temp name="T805"/><temp name="T28"/></temps></instruction><instruction code="OR T807, T1968, 0"><temps name="use"><temp name="T1968"/></temps><temps name="def"><temp name="T807"/></temps><temps name="in"><temp name="T806"/><temp name="T1968"/><temp name="T805"/><temp name="T28"/></temps><temps name="out"><temp name="T806"/><temp name="T805"/><temp name="T807"/><temp name="T28"/></temps></instruction><instruction code="ADD T1969, T806, T807"><temps name="use"><temp name="T806"/><temp name="T807"/></temps><temps name="def"><temp name="T1969"/></temps><temps name="in"><temp name="T806"/><temp name="T805"/><temp name="T807"/><temp name="T28"/></temps><temps name="out"><temp name="T805"/><temp name="T28"/><temp name="T1969"/></temps></instruction><instruction code="OR T808, T1969, 0"><temps name="use"><temp name="T1969"/></temps><temps name="def"><temp name="T808"/></temps><temps name="in"><temp name="T805"/><temp name="T28"/><temp name="T1969"/></temps><temps name="out"><temp name="T805"/><temp name="T28"/><temp name="T808"/></temps></instruction><instruction code="OR T809, T808, 0"><temps name="use"><temp name="T808"/></temps><temps name="def"><temp name="T809"/></temps><temps name="in"><temp name="T805"/><temp name="T28"/><temp name="T808"/></temps><temps name="out"><temp name="T805"/><temp name="T28"/><temp name="T809"/></temps></instruction><instruction code="SETL  T1971, 1"><temps name="use"/><temps name="def"><temp name="T1971"/></temps><temps name="in"><temp name="T805"/><temp name="T28"/><temp name="T809"/></temps><temps name="out"><temp name="T805"/><temp name="T28"/><temp name="T809"/></temps></instruction><instruction code="INCML T1971, 0"><temps name="use"/><temps name="def"><temp name="T1971"/></temps><temps name="in"><temp name="T805"/><temp name="T28"/><temp name="T809"/></temps><temps name="out"><temp name="T805"/><temp name="T28"/><temp name="T809"/></temps></instruction><instruction code="INCMH T1971, 0"><temps name="use"/><temps name="def"><temp name="T1971"/></temps><temps name="in"><temp name="T805"/><temp name="T28"/><temp name="T809"/></temps><temps name="out"><temp name="T805"/><temp name="T28"/><temp name="T809"/></temps></instruction><instruction code="INCH  T1971, 0"><temps name="use"/><temps name="def"><temp name="T1971"/></temps><temps name="in"><temp name="T805"/><temp name="T28"/><temp name="T809"/></temps><temps name="out"><temp name="T805"/><temp name="T28"/><temp name="T809"/><temp name="T1971"/></temps></instruction><instruction code="OR T810, T1971, 0"><temps name="use"><temp name="T1971"/></temps><temps name="def"><temp name="T810"/></temps><temps name="in"><temp name="T805"/><temp name="T28"/><temp name="T809"/><temp name="T1971"/></temps><temps name="out"><temp name="T805"/><temp name="T810"/><temp name="T28"/><temp name="T809"/></temps></instruction><instruction code="ADD T1972, T809, T810"><temps name="use"><temp name="T809"/><temp name="T810"/></temps><temps name="def"><temp name="T1972"/></temps><temps name="in"><temp name="T805"/><temp name="T810"/><temp name="T28"/><temp name="T809"/></temps><temps name="out"><temp name="T1972"/><temp name="T805"/><temp name="T28"/></temps></instruction><instruction code="OR T811, T1972, 0"><temps name="use"><temp name="T1972"/></temps><temps name="def"><temp name="T811"/></temps><temps name="in"><temp name="T1972"/><temp name="T805"/><temp name="T28"/></temps><temps name="out"><temp name="T805"/><temp name="T28"/><temp name="T811"/></temps></instruction><instruction code="OR T812, T28, 0"><temps name="use"><temp name="T28"/></temps><temps name="def"><temp name="T812"/></temps><temps name="in"><temp name="T805"/><temp name="T28"/><temp name="T811"/></temps><temps name="out"><temp name="T805"/><temp name="T28"/><temp name="T812"/><temp name="T811"/></temps></instruction><instruction code="SETL  T1973, 16"><temps name="use"/><temps name="def"><temp name="T1973"/></temps><temps name="in"><temp name="T805"/><temp name="T28"/><temp name="T812"/><temp name="T811"/></temps><temps name="out"><temp name="T805"/><temp name="T28"/><temp name="T812"/><temp name="T811"/></temps></instruction><instruction code="INCML T1973, 0"><temps name="use"/><temps name="def"><temp name="T1973"/></temps><temps name="in"><temp name="T805"/><temp name="T28"/><temp name="T812"/><temp name="T811"/></temps><temps name="out"><temp name="T805"/><temp name="T28"/><temp name="T812"/><temp name="T811"/></temps></instruction><instruction code="INCMH T1973, 0"><temps name="use"/><temps name="def"><temp name="T1973"/></temps><temps name="in"><temp name="T805"/><temp name="T28"/><temp name="T812"/><temp name="T811"/></temps><temps name="out"><temp name="T805"/><temp name="T28"/><temp name="T812"/><temp name="T811"/></temps></instruction><instruction code="INCH  T1973, 0"><temps name="use"/><temps name="def"><temp name="T1973"/></temps><temps name="in"><temp name="T805"/><temp name="T28"/><temp name="T812"/><temp name="T811"/></temps><temps name="out"><temp name="T1973"/><temp name="T805"/><temp name="T28"/><temp name="T812"/><temp name="T811"/></temps></instruction><instruction code="OR T813, T1973, 0"><temps name="use"><temp name="T1973"/></temps><temps name="def"><temp name="T813"/></temps><temps name="in"><temp name="T1973"/><temp name="T805"/><temp name="T28"/><temp name="T812"/><temp name="T811"/></temps><temps name="out"><temp name="T805"/><temp name="T28"/><temp name="T812"/><temp name="T813"/><temp name="T811"/></temps></instruction><instruction code="ADD T1974, T812, T813"><temps name="use"><temp name="T812"/><temp name="T813"/></temps><temps name="def"><temp name="T1974"/></temps><temps name="in"><temp name="T805"/><temp name="T28"/><temp name="T812"/><temp name="T813"/><temp name="T811"/></temps><temps name="out"><temp name="T1974"/><temp name="T805"/><temp name="T28"/><temp name="T811"/></temps></instruction><instruction code="OR T814, T1974, 0"><temps name="use"><temp name="T1974"/></temps><temps name="def"><temp name="T814"/></temps><temps name="in"><temp name="T1974"/><temp name="T805"/><temp name="T28"/><temp name="T811"/></temps><temps name="out"><temp name="T805"/><temp name="T28"/><temp name="T811"/><temp name="T814"/></temps></instruction><instruction code="OR T815, T814, 0"><temps name="use"><temp name="T814"/></temps><temps name="def"><temp name="T815"/></temps><temps name="in"><temp name="T805"/><temp name="T28"/><temp name="T811"/><temp name="T814"/></temps><temps name="out"><temp name="T805"/><temp name="T815"/><temp name="T28"/><temp name="T811"/></temps></instruction><instruction code="STO T805, $254, 8"><temps name="use"><temp name="T805"/></temps><temps name="def"/><temps name="in"><temp name="T805"/><temp name="T815"/><temp name="T28"/><temp name="T811"/></temps><temps name="out"><temp name="T815"/><temp name="T28"/><temp name="T811"/></temps></instruction><instruction code="STO T811, $254, 16"><temps name="use"><temp name="T811"/></temps><temps name="def"/><temps name="in"><temp name="T815"/><temp name="T28"/><temp name="T811"/></temps><temps name="out"><temp name="T815"/><temp name="T28"/></temps></instruction><instruction code="STO T815, $254, 24"><temps name="use"><temp name="T815"/></temps><temps name="def"/><temps name="in"><temp name="T815"/><temp name="T28"/></temps><temps name="out"><temp name="T28"/></temps></instruction><instruction code="LDA T1976, L4"><temps name="use"/><temps name="def"><temp name="T1976"/></temps><temps name="in"><temp name="T28"/></temps><temps name="out"><temp name="T28"/><temp name="T1976"/></temps></instruction><instruction code="PUSHJ $16, T1976, 0"><temps name="use"><temp name="T1976"/></temps><temps name="def"/><temps name="in"><temp name="T28"/><temp name="T1976"/></temps><temps name="out"><temp name="T28"/></temps></instruction><instruction code="LDO T1977, $254, 0"><temps name="use"/><temps name="def"><temp name="T1977"/></temps><temps name="in"><temp name="T28"/></temps><temps name="out"><temp name="T28"/><temp name="T1977"/></temps></instruction><instruction code="OR T816, T1977, 0"><temps name="use"><temp name="T1977"/></temps><temps name="def"><temp name="T816"/></temps><temps name="in"><temp name="T28"/><temp name="T1977"/></temps><temps name="out"><temp name="T28"/><temp name="T816"/></temps></instruction><instruction code="SETL  T1978, 8"><temps name="use"/><temps name="def"><temp name="T1978"/></temps><temps name="in"><temp name="T28"/><temp name="T816"/></temps><temps name="out"><temp name="T28"/><temp name="T816"/></temps></instruction><instruction code="INCML T1978, 0"><temps name="use"/><temps name="def"><temp name="T1978"/></temps><temps name="in"><temp name="T28"/><temp name="T816"/></temps><temps name="out"><temp name="T28"/><temp name="T816"/></temps></instruction><instruction code="INCMH T1978, 0"><temps name="use"/><temps name="def"><temp name="T1978"/></temps><temps name="in"><temp name="T28"/><temp name="T816"/></temps><temps name="out"><temp name="T28"/><temp name="T816"/></temps></instruction><instruction code="INCH  T1978, 0"><temps name="use"/><temps name="def"><temp name="T1978"/></temps><temps name="in"><temp name="T28"/><temp name="T816"/></temps><temps name="out"><temp name="T1978"/><temp name="T28"/><temp name="T816"/></temps></instruction><instruction code="NEG T1978, 0, T1978"><temps name="use"><temp name="T1978"/></temps><temps name="def"><temp name="T1978"/></temps><temps name="in"><temp name="T1978"/><temp name="T28"/><temp name="T816"/></temps><temps name="out"><temp name="T1978"/><temp name="T28"/><temp name="T816"/></temps></instruction><instruction code="ADD T1979, T28, T1978"><temps name="use"><temp name="T28"/><temp name="T1978"/></temps><temps name="def"><temp name="T1979"/></temps><temps name="in"><temp name="T1978"/><temp name="T28"/><temp name="T816"/></temps><temps name="out"><temp name="T28"/><temp name="T1979"/><temp name="T816"/></temps></instruction><instruction code="STO T1979, T816, 0"><temps name="use"><temp name="T1979"/><temp name="T816"/></temps><temps name="def"/><temps name="in"><temp name="T28"/><temp name="T1979"/><temp name="T816"/></temps><temps name="out"><temp name="T28"/></temps></instruction><instruction code="LDA T1981, L101"><temps name="use"/><temps name="def"><temp name="T1981"/></temps><temps name="in"><temp name="T28"/></temps><temps name="out"><temp name="T1981"/><temp name="T28"/></temps></instruction><instruction code="GO T1981, T1981, 0"><temps name="use"><temp name="T1981"/></temps><temps name="def"><temp name="T1981"/></temps><temps name="in"><temp name="T1981"/><temp name="T28"/></temps><temps name="out"><temp name="T28"/></temps></instruction><instruction code="L100"><temps name="use"/><temps name="def"/><temps name="in"><temp name="T28"/></temps><temps name="out"><temp name="T28"/></temps></instruction><instruction code="SETL  T1982, 0"><temps name="use"/><temps name="def"><temp name="T1982"/></temps><temps name="in"><temp name="T28"/></temps><temps name="out"><temp name="T28"/></temps></instruction><instruction code="INCML T1982, 0"><temps name="use"/><temps name="def"><temp name="T1982"/></temps><temps name="in"><temp name="T28"/></temps><temps name="out"><temp name="T28"/></temps></instruction><instruction code="INCMH T1982, 0"><temps name="use"/><temps name="def"><temp name="T1982"/></temps><temps name="in"><temp name="T28"/></temps><temps name="out"><temp name="T28"/></temps></instruction><instruction code="INCH  T1982, 0"><temps name="use"/><temps name="def"><temp name="T1982"/></temps><temps name="in"><temp name="T28"/></temps><temps name="out"><temp name="T28"/><temp name="T1982"/></temps></instruction><instruction code="OR T817, T1982, 0"><temps name="use"><temp name="T1982"/></temps><temps name="def"><temp name="T817"/></temps><temps name="in"><temp name="T28"/><temp name="T1982"/></temps><temps name="out"><temp name="T817"/><temp name="T28"/></temps></instruction><instruction code="SETL  T1983, 8"><temps name="use"/><temps name="def"><temp name="T1983"/></temps><temps name="in"><temp name="T817"/><temp name="T28"/></temps><temps name="out"><temp name="T817"/><temp name="T28"/></temps></instruction><instruction code="INCML T1983, 0"><temps name="use"/><temps name="def"><temp name="T1983"/></temps><temps name="in"><temp name="T817"/><temp name="T28"/></temps><temps name="out"><temp name="T817"/><temp name="T28"/></temps></instruction><instruction code="INCMH T1983, 0"><temps name="use"/><temps name="def"><temp name="T1983"/></temps><temps name="in"><temp name="T817"/><temp name="T28"/></temps><temps name="out"><temp name="T817"/><temp name="T28"/></temps></instruction><instruction code="INCH  T1983, 0"><temps name="use"/><temps name="def"><temp name="T1983"/></temps><temps name="in"><temp name="T817"/><temp name="T28"/></temps><temps name="out"><temp name="T1983"/><temp name="T817"/><temp name="T28"/></temps></instruction><instruction code="NEG T1983, 0, T1983"><temps name="use"><temp name="T1983"/></temps><temps name="def"><temp name="T1983"/></temps><temps name="in"><temp name="T1983"/><temp name="T817"/><temp name="T28"/></temps><temps name="out"><temp name="T1983"/><temp name="T817"/><temp name="T28"/></temps></instruction><instruction code="ADD T1984, T28, T1983"><temps name="use"><temp name="T28"/><temp name="T1983"/></temps><temps name="def"><temp name="T1984"/></temps><temps name="in"><temp name="T1983"/><temp name="T817"/><temp name="T28"/></temps><temps name="out"><temp name="T817"/><temp name="T28"/><temp name="T1984"/></temps></instruction><instruction code="STO T1984, T817, 0"><temps name="use"><temp name="T1984"/><temp name="T817"/></temps><temps name="def"/><temps name="in"><temp name="T817"/><temp name="T28"/><temp name="T1984"/></temps><temps name="out"><temp name="T28"/></temps></instruction><instruction code="SETL  T1986, 1"><temps name="use"/><temps name="def"><temp name="T1986"/></temps><temps name="in"><temp name="T28"/></temps><temps name="out"><temp name="T28"/></temps></instruction><instruction code="INCML T1986, 0"><temps name="use"/><temps name="def"><temp name="T1986"/></temps><temps name="in"><temp name="T28"/></temps><temps name="out"><temp name="T28"/></temps></instruction><instruction code="INCMH T1986, 0"><temps name="use"/><temps name="def"><temp name="T1986"/></temps><temps name="in"><temp name="T28"/></temps><temps name="out"><temp name="T28"/></temps></instruction><instruction code="INCH  T1986, 0"><temps name="use"/><temps name="def"><temp name="T1986"/></temps><temps name="in"><temp name="T28"/></temps><temps name="out"><temp name="T28"/><temp name="T1986"/></temps></instruction><instruction code="OR T818, T1986, 0"><temps name="use"><temp name="T1986"/></temps><temps name="def"><temp name="T818"/></temps><temps name="in"><temp name="T28"/><temp name="T1986"/></temps><temps name="out"><temp name="T28"/><temp name="T818"/></temps></instruction><instruction code="SETL  T1987, 32"><temps name="use"/><temps name="def"><temp name="T1987"/></temps><temps name="in"><temp name="T28"/><temp name="T818"/></temps><temps name="out"><temp name="T28"/><temp name="T818"/></temps></instruction><instruction code="INCML T1987, 0"><temps name="use"/><temps name="def"><temp name="T1987"/></temps><temps name="in"><temp name="T28"/><temp name="T818"/></temps><temps name="out"><temp name="T28"/><temp name="T818"/></temps></instruction><instruction code="INCMH T1987, 0"><temps name="use"/><temps name="def"><temp name="T1987"/></temps><temps name="in"><temp name="T28"/><temp name="T818"/></temps><temps name="out"><temp name="T28"/><temp name="T818"/></temps></instruction><instruction code="INCH  T1987, 0"><temps name="use"/><temps name="def"><temp name="T1987"/></temps><temps name="in"><temp name="T28"/><temp name="T818"/></temps><temps name="out"><temp name="T28"/><temp name="T818"/><temp name="T1987"/></temps></instruction><instruction code="NEG T1987, 0, T1987"><temps name="use"><temp name="T1987"/></temps><temps name="def"><temp name="T1987"/></temps><temps name="in"><temp name="T28"/><temp name="T818"/><temp name="T1987"/></temps><temps name="out"><temp name="T28"/><temp name="T818"/><temp name="T1987"/></temps></instruction><instruction code="ADD T1988, T28, T1987"><temps name="use"><temp name="T28"/><temp name="T1987"/></temps><temps name="def"><temp name="T1988"/></temps><temps name="in"><temp name="T28"/><temp name="T818"/><temp name="T1987"/></temps><temps name="out"><temp name="T28"/><temp name="T818"/><temp name="T1988"/></temps></instruction><instruction code="STO T1988, T818, 0"><temps name="use"><temp name="T1988"/><temp name="T818"/></temps><temps name="def"/><temps name="in"><temp name="T28"/><temp name="T818"/><temp name="T1988"/></temps><temps name="out"><temp name="T28"/></temps></instruction><instruction code="L96"><temps name="use"/><temps name="def"/><temps name="in"><temp name="T28"/></temps><temps name="out"><temp name="T28"/></temps></instruction><instruction code="OR T819, T28, 0"><temps name="use"><temp name="T28"/></temps><temps name="def"><temp name="T819"/></temps><temps name="in"><temp name="T28"/></temps><temps name="out"><temp name="T28"/><temp name="T819"/></temps></instruction><instruction code="SETL  T1990, 32"><temps name="use"/><temps name="def"><temp name="T1990"/></temps><temps name="in"><temp name="T28"/><temp name="T819"/></temps><temps name="out"><temp name="T28"/><temp name="T819"/></temps></instruction><instruction code="INCML T1990, 0"><temps name="use"/><temps name="def"><temp name="T1990"/></temps><temps name="in"><temp name="T28"/><temp name="T819"/></temps><temps name="out"><temp name="T28"/><temp name="T819"/></temps></instruction><instruction code="INCMH T1990, 0"><temps name="use"/><temps name="def"><temp name="T1990"/></temps><temps name="in"><temp name="T28"/><temp name="T819"/></temps><temps name="out"><temp name="T28"/><temp name="T819"/></temps></instruction><instruction code="INCH  T1990, 0"><temps name="use"/><temps name="def"><temp name="T1990"/></temps><temps name="in"><temp name="T28"/><temp name="T819"/></temps><temps name="out"><temp name="T28"/><temp name="T819"/><temp name="T1990"/></temps></instruction><instruction code="NEG T1990, 0, T1990"><temps name="use"><temp name="T1990"/></temps><temps name="def"><temp name="T1990"/></temps><temps name="in"><temp name="T28"/><temp name="T819"/><temp name="T1990"/></temps><temps name="out"><temp name="T28"/><temp name="T819"/><temp name="T1990"/></temps></instruction><instruction code="OR T820, T1990, 0"><temps name="use"><temp name="T1990"/></temps><temps name="def"><temp name="T820"/></temps><temps name="in"><temp name="T28"/><temp name="T819"/><temp name="T1990"/></temps><temps name="out"><temp name="T28"/><temp name="T819"/><temp name="T820"/></temps></instruction><instruction code="ADD T1991, T819, T820"><temps name="use"><temp name="T819"/><temp name="T820"/></temps><temps name="def"><temp name="T1991"/></temps><temps name="in"><temp name="T28"/><temp name="T819"/><temp name="T820"/></temps><temps name="out"><temp name="T1991"/><temp name="T28"/></temps></instruction><instruction code="OR T821, T1991, 0"><temps name="use"><temp name="T1991"/></temps><temps name="def"><temp name="T821"/></temps><temps name="in"><temp name="T1991"/><temp name="T28"/></temps><temps name="out"><temp name="T28"/><temp name="T821"/></temps></instruction><instruction code="OR T822, T821, 0"><temps name="use"><temp name="T821"/></temps><temps name="def"><temp name="T822"/></temps><temps name="in"><temp name="T28"/><temp name="T821"/></temps><temps name="out"><temp name="T28"/><temp name="T822"/></temps></instruction><instruction code="SETL  T1993, 9"><temps name="use"/><temps name="def"><temp name="T1993"/></temps><temps name="in"><temp name="T28"/><temp name="T822"/></temps><temps name="out"><temp name="T28"/><temp name="T822"/></temps></instruction><instruction code="INCML T1993, 0"><temps name="use"/><temps name="def"><temp name="T1993"/></temps><temps name="in"><temp name="T28"/><temp name="T822"/></temps><temps name="out"><temp name="T28"/><temp name="T822"/></temps></instruction><instruction code="INCMH T1993, 0"><temps name="use"/><temps name="def"><temp name="T1993"/></temps><temps name="in"><temp name="T28"/><temp name="T822"/></temps><temps name="out"><temp name="T28"/><temp name="T822"/></temps></instruction><instruction code="INCH  T1993, 0"><temps name="use"/><temps name="def"><temp name="T1993"/></temps><temps name="in"><temp name="T28"/><temp name="T822"/></temps><temps name="out"><temp name="T28"/><temp name="T1993"/><temp name="T822"/></temps></instruction><instruction code="OR T823, T1993, 0"><temps name="use"><temp name="T1993"/></temps><temps name="def"><temp name="T823"/></temps><temps name="in"><temp name="T28"/><temp name="T1993"/><temp name="T822"/></temps><temps name="out"><temp name="T28"/><temp name="T822"/><temp name="T823"/></temps></instruction><instruction code="CMP T1994, T822, T823"><temps name="use"><temp name="T822"/><temp name="T823"/></temps><temps name="def"><temp name="T1994"/></temps><temps name="in"><temp name="T28"/><temp name="T822"/><temp name="T823"/></temps><temps name="out"><temp name="T28"/><temp name="T1994"/></temps></instruction><instruction code="ZSNP T1994, T1994, 1"><temps name="use"><temp name="T1994"/></temps><temps name="def"><temp name="T1994"/></temps><temps name="in"><temp name="T28"/><temp name="T1994"/></temps><temps name="out"><temp name="T28"/><temp name="T1994"/></temps></instruction><instruction code="OR T824, T1994, 0"><temps name="use"><temp name="T1994"/></temps><temps name="def"><temp name="T824"/></temps><temps name="in"><temp name="T28"/><temp name="T1994"/></temps><temps name="out"><temp name="T824"/><temp name="T28"/></temps></instruction><instruction code="BNZ T824, L97"><temps name="use"><temp name="T824"/></temps><temps name="def"/><temps name="in"><temp name="T824"/><temp name="T28"/></temps><temps name="out"><temp name="T28"/></temps></instruction><instruction code="L155"><temps name="use"/><temps name="def"/><temps name="in"><temp name="T28"/></temps><temps name="out"><temp name="T28"/></temps></instruction><instruction code="LDA T1995, L98"><temps name="use"/><temps name="def"><temp name="T1995"/></temps><temps name="in"><temp name="T28"/></temps><temps name="out"><temp name="T1995"/><temp name="T28"/></temps></instruction><instruction code="GO T1995, T1995, 0"><temps name="use"><temp name="T1995"/></temps><temps name="def"><temp name="T1995"/></temps><temps name="in"><temp name="T1995"/><temp name="T28"/></temps><temps name="out"><temp name="T28"/></temps></instruction><instruction code="L97"><temps name="use"/><temps name="def"/><temps name="in"><temp name="T28"/></temps><temps name="out"><temp name="T28"/></temps></instruction><instruction code="OR T825, T28, 0"><temps name="use"><temp name="T28"/></temps><temps name="def"><temp name="T825"/></temps><temps name="in"><temp name="T28"/></temps><temps name="out"><temp name="T825"/><temp name="T28"/></temps></instruction><instruction code="SETL  T1996, 32"><temps name="use"/><temps name="def"><temp name="T1996"/></temps><temps name="in"><temp name="T825"/><temp name="T28"/></temps><temps name="out"><temp name="T825"/><temp name="T28"/></temps></instruction><instruction code="INCML T1996, 0"><temps name="use"/><temps name="def"><temp name="T1996"/></temps><temps name="in"><temp name="T825"/><temp name="T28"/></temps><temps name="out"><temp name="T825"/><temp name="T28"/></temps></instruction><instruction code="INCMH T1996, 0"><temps name="use"/><temps name="def"><temp name="T1996"/></temps><temps name="in"><temp name="T825"/><temp name="T28"/></temps><temps name="out"><temp name="T825"/><temp name="T28"/></temps></instruction><instruction code="INCH  T1996, 0"><temps name="use"/><temps name="def"><temp name="T1996"/></temps><temps name="in"><temp name="T825"/><temp name="T28"/></temps><temps name="out"><temp name="T825"/><temp name="T28"/><temp name="T1996"/></temps></instruction><instruction code="NEG T1996, 0, T1996"><temps name="use"><temp name="T1996"/></temps><temps name="def"><temp name="T1996"/></temps><temps name="in"><temp name="T825"/><temp name="T28"/><temp name="T1996"/></temps><temps name="out"><temp name="T825"/><temp name="T28"/><temp name="T1996"/></temps></instruction><instruction code="OR T826, T1996, 0"><temps name="use"><temp name="T1996"/></temps><temps name="def"><temp name="T826"/></temps><temps name="in"><temp name="T825"/><temp name="T28"/><temp name="T1996"/></temps><temps name="out"><temp name="T825"/><temp name="T826"/><temp name="T28"/></temps></instruction><instruction code="ADD T1997, T825, T826"><temps name="use"><temp name="T825"/><temp name="T826"/></temps><temps name="def"><temp name="T1997"/></temps><temps name="in"><temp name="T825"/><temp name="T826"/><temp name="T28"/></temps><temps name="out"><temp name="T28"/><temp name="T1997"/></temps></instruction><instruction code="OR T827, T1997, 0"><temps name="use"><temp name="T1997"/></temps><temps name="def"><temp name="T827"/></temps><temps name="in"><temp name="T28"/><temp name="T1997"/></temps><temps name="out"><temp name="T827"/><temp name="T28"/></temps></instruction><instruction code="OR T828, T827, 0"><temps name="use"><temp name="T827"/></temps><temps name="def"><temp name="T828"/></temps><temps name="in"><temp name="T827"/><temp name="T28"/></temps><temps name="out"><temp name="T28"/><temp name="T828"/></temps></instruction><instruction code="SETL  T2000, 8"><temps name="use"/><temps name="def"><temp name="T2000"/></temps><temps name="in"><temp name="T28"/><temp name="T828"/></temps><temps name="out"><temp name="T28"/><temp name="T828"/></temps></instruction><instruction code="INCML T2000, 0"><temps name="use"/><temps name="def"><temp name="T2000"/></temps><temps name="in"><temp name="T28"/><temp name="T828"/></temps><temps name="out"><temp name="T28"/><temp name="T828"/></temps></instruction><instruction code="INCMH T2000, 0"><temps name="use"/><temps name="def"><temp name="T2000"/></temps><temps name="in"><temp name="T28"/><temp name="T828"/></temps><temps name="out"><temp name="T28"/><temp name="T828"/></temps></instruction><instruction code="INCH  T2000, 0"><temps name="use"/><temps name="def"><temp name="T2000"/></temps><temps name="in"><temp name="T28"/><temp name="T828"/></temps><temps name="out"><temp name="T28"/><temp name="T828"/><temp name="T2000"/></temps></instruction><instruction code="NEG T2000, 0, T2000"><temps name="use"><temp name="T2000"/></temps><temps name="def"><temp name="T2000"/></temps><temps name="in"><temp name="T28"/><temp name="T828"/><temp name="T2000"/></temps><temps name="out"><temp name="T28"/><temp name="T828"/><temp name="T2000"/></temps></instruction><instruction code="ADD T2001, T28, T2000"><temps name="use"><temp name="T28"/><temp name="T2000"/></temps><temps name="def"><temp name="T2001"/></temps><temps name="in"><temp name="T28"/><temp name="T828"/><temp name="T2000"/></temps><temps name="out"><temp name="T28"/><temp name="T828"/><temp name="T2001"/></temps></instruction><instruction code="SETL  T2003, 8"><temps name="use"/><temps name="def"><temp name="T2003"/></temps><temps name="in"><temp name="T28"/><temp name="T828"/><temp name="T2001"/></temps><temps name="out"><temp name="T28"/><temp name="T828"/><temp name="T2001"/></temps></instruction><instruction code="INCML T2003, 0"><temps name="use"/><temps name="def"><temp name="T2003"/></temps><temps name="in"><temp name="T28"/><temp name="T828"/><temp name="T2001"/></temps><temps name="out"><temp name="T28"/><temp name="T828"/><temp name="T2001"/></temps></instruction><instruction code="INCMH T2003, 0"><temps name="use"/><temps name="def"><temp name="T2003"/></temps><temps name="in"><temp name="T28"/><temp name="T828"/><temp name="T2001"/></temps><temps name="out"><temp name="T28"/><temp name="T828"/><temp name="T2001"/></temps></instruction><instruction code="INCH  T2003, 0"><temps name="use"/><temps name="def"><temp name="T2003"/></temps><temps name="in"><temp name="T28"/><temp name="T828"/><temp name="T2001"/></temps><temps name="out"><temp name="T2003"/><temp name="T28"/><temp name="T828"/><temp name="T2001"/></temps></instruction><instruction code="ADD T2004, T28, T2003"><temps name="use"><temp name="T28"/><temp name="T2003"/></temps><temps name="def"><temp name="T2004"/></temps><temps name="in"><temp name="T2003"/><temp name="T28"/><temp name="T828"/><temp name="T2001"/></temps><temps name="out"><temp name="T2004"/><temp name="T828"/><temp name="T28"/><temp name="T2001"/></temps></instruction><instruction code="SETL  T2006, 8"><temps name="use"/><temps name="def"><temp name="T2006"/></temps><temps name="in"><temp name="T2004"/><temp name="T828"/><temp name="T28"/><temp name="T2001"/></temps><temps name="out"><temp name="T2004"/><temp name="T828"/><temp name="T28"/><temp name="T2001"/></temps></instruction><instruction code="INCML T2006, 0"><temps name="use"/><temps name="def"><temp name="T2006"/></temps><temps name="in"><temp name="T2004"/><temp name="T828"/><temp name="T28"/><temp name="T2001"/></temps><temps name="out"><temp name="T2004"/><temp name="T828"/><temp name="T28"/><temp name="T2001"/></temps></instruction><instruction code="INCMH T2006, 0"><temps name="use"/><temps name="def"><temp name="T2006"/></temps><temps name="in"><temp name="T2004"/><temp name="T828"/><temp name="T28"/><temp name="T2001"/></temps><temps name="out"><temp name="T2004"/><temp name="T828"/><temp name="T28"/><temp name="T2001"/></temps></instruction><instruction code="INCH  T2006, 0"><temps name="use"/><temps name="def"><temp name="T2006"/></temps><temps name="in"><temp name="T2004"/><temp name="T828"/><temp name="T28"/><temp name="T2001"/></temps><temps name="out"><temp name="T2004"/><temp name="T828"/><temp name="T28"/><temp name="T2006"/><temp name="T2001"/></temps></instruction><instruction code="MUL T2007, T2004, T2006"><temps name="use"><temp name="T2004"/><temp name="T2006"/></temps><temps name="def"><temp name="T2007"/></temps><temps name="in"><temp name="T2004"/><temp name="T828"/><temp name="T28"/><temp name="T2006"/><temp name="T2001"/></temps><temps name="out"><temp name="T828"/><temp name="T28"/><temp name="T2007"/><temp name="T2001"/></temps></instruction><instruction code="ADD T2008, T2001, T2007"><temps name="use"><temp name="T2001"/><temp name="T2007"/></temps><temps name="def"><temp name="T2008"/></temps><temps name="in"><temp name="T828"/><temp name="T28"/><temp name="T2007"/><temp name="T2001"/></temps><temps name="out"><temp name="T828"/><temp name="T28"/><temp name="T2008"/></temps></instruction><instruction code="STO T2008, T828, 0"><temps name="use"><temp name="T2008"/><temp name="T828"/></temps><temps name="def"/><temps name="in"><temp name="T828"/><temp name="T28"/><temp name="T2008"/></temps><temps name="out"><temp name="T28"/></temps></instruction><instruction code="OR T829, T28, 0"><temps name="use"><temp name="T28"/></temps><temps name="def"><temp name="T829"/></temps><temps name="in"><temp name="T28"/></temps><temps name="out"><temp name="T28"/><temp name="T829"/></temps></instruction><instruction code="OR T830, T28, 0"><temps name="use"><temp name="T28"/></temps><temps name="def"><temp name="T830"/></temps><temps name="in"><temp name="T28"/><temp name="T829"/></temps><temps name="out"><temp name="T830"/><temp name="T28"/><temp name="T829"/></temps></instruction><instruction code="SETL  T2011, 8"><temps name="use"/><temps name="def"><temp name="T2011"/></temps><temps name="in"><temp name="T830"/><temp name="T28"/><temp name="T829"/></temps><temps name="out"><temp name="T830"/><temp name="T28"/><temp name="T829"/></temps></instruction><instruction code="INCML T2011, 0"><temps name="use"/><temps name="def"><temp name="T2011"/></temps><temps name="in"><temp name="T830"/><temp name="T28"/><temp name="T829"/></temps><temps name="out"><temp name="T830"/><temp name="T28"/><temp name="T829"/></temps></instruction><instruction code="INCMH T2011, 0"><temps name="use"/><temps name="def"><temp name="T2011"/></temps><temps name="in"><temp name="T830"/><temp name="T28"/><temp name="T829"/></temps><temps name="out"><temp name="T830"/><temp name="T28"/><temp name="T829"/></temps></instruction><instruction code="INCH  T2011, 0"><temps name="use"/><temps name="def"><temp name="T2011"/></temps><temps name="in"><temp name="T830"/><temp name="T28"/><temp name="T829"/></temps><temps name="out"><temp name="T830"/><temp name="T2011"/><temp name="T28"/><temp name="T829"/></temps></instruction><instruction code="OR T831, T2011, 0"><temps name="use"><temp name="T2011"/></temps><temps name="def"><temp name="T831"/></temps><temps name="in"><temp name="T830"/><temp name="T2011"/><temp name="T28"/><temp name="T829"/></temps><temps name="out"><temp name="T831"/><temp name="T830"/><temp name="T28"/><temp name="T829"/></temps></instruction><instruction code="ADD T2012, T830, T831"><temps name="use"><temp name="T830"/><temp name="T831"/></temps><temps name="def"><temp name="T2012"/></temps><temps name="in"><temp name="T831"/><temp name="T830"/><temp name="T28"/><temp name="T829"/></temps><temps name="out"><temp name="T28"/><temp name="T829"/><temp name="T2012"/></temps></instruction><instruction code="OR T832, T2012, 0"><temps name="use"><temp name="T2012"/></temps><temps name="def"><temp name="T832"/></temps><temps name="in"><temp name="T28"/><temp name="T829"/><temp name="T2012"/></temps><temps name="out"><temp name="T28"/><temp name="T829"/><temp name="T832"/></temps></instruction><instruction code="OR T833, T832, 0"><temps name="use"><temp name="T832"/></temps><temps name="def"><temp name="T833"/></temps><temps name="in"><temp name="T28"/><temp name="T829"/><temp name="T832"/></temps><temps name="out"><temp name="T833"/><temp name="T28"/><temp name="T829"/></temps></instruction><instruction code="SETL  T2014, 9"><temps name="use"/><temps name="def"><temp name="T2014"/></temps><temps name="in"><temp name="T833"/><temp name="T28"/><temp name="T829"/></temps><temps name="out"><temp name="T833"/><temp name="T28"/><temp name="T829"/></temps></instruction><instruction code="INCML T2014, 0"><temps name="use"/><temps name="def"><temp name="T2014"/></temps><temps name="in"><temp name="T833"/><temp name="T28"/><temp name="T829"/></temps><temps name="out"><temp name="T833"/><temp name="T28"/><temp name="T829"/></temps></instruction><instruction code="INCMH T2014, 0"><temps name="use"/><temps name="def"><temp name="T2014"/></temps><temps name="in"><temp name="T833"/><temp name="T28"/><temp name="T829"/></temps><temps name="out"><temp name="T833"/><temp name="T28"/><temp name="T829"/></temps></instruction><instruction code="INCH  T2014, 0"><temps name="use"/><temps name="def"><temp name="T2014"/></temps><temps name="in"><temp name="T833"/><temp name="T28"/><temp name="T829"/></temps><temps name="out"><temp name="T833"/><temp name="T28"/><temp name="T829"/><temp name="T2014"/></temps></instruction><instruction code="OR T834, T2014, 0"><temps name="use"><temp name="T2014"/></temps><temps name="def"><temp name="T834"/></temps><temps name="in"><temp name="T833"/><temp name="T28"/><temp name="T829"/><temp name="T2014"/></temps><temps name="out"><temp name="T833"/><temp name="T834"/><temp name="T28"/><temp name="T829"/></temps></instruction><instruction code="DIV T2015, T833, T834"><temps name="use"><temp name="T833"/><temp name="T834"/></temps><temps name="def"><temp name="T2015"/></temps><temps name="in"><temp name="T833"/><temp name="T834"/><temp name="T28"/><temp name="T829"/></temps><temps name="out"><temp name="T2015"/><temp name="T28"/><temp name="T829"/></temps></instruction><instruction code="OR T835, T2015, 0"><temps name="use"><temp name="T2015"/></temps><temps name="def"><temp name="T835"/></temps><temps name="in"><temp name="T2015"/><temp name="T28"/><temp name="T829"/></temps><temps name="out"><temp name="T835"/><temp name="T28"/><temp name="T829"/></temps></instruction><instruction code="STO T829, $254, 8"><temps name="use"><temp name="T829"/></temps><temps name="def"/><temps name="in"><temp name="T835"/><temp name="T28"/><temp name="T829"/></temps><temps name="out"><temp name="T835"/><temp name="T28"/></temps></instruction><instruction code="STO T835, $254, 16"><temps name="use"><temp name="T835"/></temps><temps name="def"/><temps name="in"><temp name="T835"/><temp name="T28"/></temps><temps name="out"><temp name="T28"/></temps></instruction><instruction code="LDA T2016, L1"><temps name="use"/><temps name="def"><temp name="T2016"/></temps><temps name="in"><temp name="T28"/></temps><temps name="out"><temp name="T28"/><temp name="T2016"/></temps></instruction><instruction code="PUSHJ $16, T2016, 0"><temps name="use"><temp name="T2016"/></temps><temps name="def"/><temps name="in"><temp name="T28"/><temp name="T2016"/></temps><temps name="out"><temp name="T28"/></temps></instruction><instruction code="LDO T2017, $254, 0"><temps name="use"/><temps name="def"><temp name="T2017"/></temps><temps name="in"><temp name="T28"/></temps><temps name="out"><temp name="T2017"/><temp name="T28"/></temps></instruction><instruction code="OR T836, T2017, 0"><temps name="use"><temp name="T2017"/></temps><temps name="def"><temp name="T836"/></temps><temps name="in"><temp name="T2017"/><temp name="T28"/></temps><temps name="out"><temp name="T28"/><temp name="T836"/></temps></instruction><instruction code="OR T837, T28, 0"><temps name="use"><temp name="T28"/></temps><temps name="def"><temp name="T837"/></temps><temps name="in"><temp name="T28"/><temp name="T836"/></temps><temps name="out"><temp name="T837"/><temp name="T28"/><temp name="T836"/></temps></instruction><instruction code="OR T838, T28, 0"><temps name="use"><temp name="T28"/></temps><temps name="def"><temp name="T838"/></temps><temps name="in"><temp name="T837"/><temp name="T28"/><temp name="T836"/></temps><temps name="out"><temp name="T837"/><temp name="T838"/><temp name="T836"/><temp name="T28"/></temps></instruction><instruction code="SETL  T2019, 8"><temps name="use"/><temps name="def"><temp name="T2019"/></temps><temps name="in"><temp name="T837"/><temp name="T838"/><temp name="T836"/><temp name="T28"/></temps><temps name="out"><temp name="T837"/><temp name="T838"/><temp name="T836"/><temp name="T28"/></temps></instruction><instruction code="INCML T2019, 0"><temps name="use"/><temps name="def"><temp name="T2019"/></temps><temps name="in"><temp name="T837"/><temp name="T838"/><temp name="T836"/><temp name="T28"/></temps><temps name="out"><temp name="T837"/><temp name="T838"/><temp name="T836"/><temp name="T28"/></temps></instruction><instruction code="INCMH T2019, 0"><temps name="use"/><temps name="def"><temp name="T2019"/></temps><temps name="in"><temp name="T837"/><temp name="T838"/><temp name="T836"/><temp name="T28"/></temps><temps name="out"><temp name="T837"/><temp name="T838"/><temp name="T836"/><temp name="T28"/></temps></instruction><instruction code="INCH  T2019, 0"><temps name="use"/><temps name="def"><temp name="T2019"/></temps><temps name="in"><temp name="T837"/><temp name="T838"/><temp name="T836"/><temp name="T28"/></temps><temps name="out"><temp name="T837"/><temp name="T838"/><temp name="T836"/><temp name="T28"/><temp name="T2019"/></temps></instruction><instruction code="OR T839, T2019, 0"><temps name="use"><temp name="T2019"/></temps><temps name="def"><temp name="T839"/></temps><temps name="in"><temp name="T837"/><temp name="T838"/><temp name="T836"/><temp name="T28"/><temp name="T2019"/></temps><temps name="out"><temp name="T837"/><temp name="T838"/><temp name="T836"/><temp name="T28"/><temp name="T839"/></temps></instruction><instruction code="ADD T2020, T838, T839"><temps name="use"><temp name="T838"/><temp name="T839"/></temps><temps name="def"><temp name="T2020"/></temps><temps name="in"><temp name="T837"/><temp name="T838"/><temp name="T836"/><temp name="T28"/><temp name="T839"/></temps><temps name="out"><temp name="T837"/><temp name="T2020"/><temp name="T836"/><temp name="T28"/></temps></instruction><instruction code="OR T840, T2020, 0"><temps name="use"><temp name="T2020"/></temps><temps name="def"><temp name="T840"/></temps><temps name="in"><temp name="T837"/><temp name="T2020"/><temp name="T836"/><temp name="T28"/></temps><temps name="out"><temp name="T837"/><temp name="T840"/><temp name="T836"/><temp name="T28"/></temps></instruction><instruction code="OR T841, T840, 0"><temps name="use"><temp name="T840"/></temps><temps name="def"><temp name="T841"/></temps><temps name="in"><temp name="T837"/><temp name="T840"/><temp name="T836"/><temp name="T28"/></temps><temps name="out"><temp name="T837"/><temp name="T836"/><temp name="T28"/><temp name="T841"/></temps></instruction><instruction code="SETL  T2022, 9"><temps name="use"/><temps name="def"><temp name="T2022"/></temps><temps name="in"><temp name="T837"/><temp name="T836"/><temp name="T28"/><temp name="T841"/></temps><temps name="out"><temp name="T837"/><temp name="T836"/><temp name="T28"/><temp name="T841"/></temps></instruction><instruction code="INCML T2022, 0"><temps name="use"/><temps name="def"><temp name="T2022"/></temps><temps name="in"><temp name="T837"/><temp name="T836"/><temp name="T28"/><temp name="T841"/></temps><temps name="out"><temp name="T837"/><temp name="T836"/><temp name="T28"/><temp name="T841"/></temps></instruction><instruction code="INCMH T2022, 0"><temps name="use"/><temps name="def"><temp name="T2022"/></temps><temps name="in"><temp name="T837"/><temp name="T836"/><temp name="T28"/><temp name="T841"/></temps><temps name="out"><temp name="T837"/><temp name="T836"/><temp name="T28"/><temp name="T841"/></temps></instruction><instruction code="INCH  T2022, 0"><temps name="use"/><temps name="def"><temp name="T2022"/></temps><temps name="in"><temp name="T837"/><temp name="T836"/><temp name="T28"/><temp name="T841"/></temps><temps name="out"><temp name="T837"/><temp name="T836"/><temp name="T28"/><temp name="T2022"/><temp name="T841"/></temps></instruction><instruction code="OR T842, T2022, 0"><temps name="use"><temp name="T2022"/></temps><temps name="def"><temp name="T842"/></temps><temps name="in"><temp name="T837"/><temp name="T836"/><temp name="T28"/><temp name="T2022"/><temp name="T841"/></temps><temps name="out"><temp name="T837"/><temp name="T836"/><temp name="T28"/><temp name="T842"/><temp name="T841"/></temps></instruction><instruction code="DIV T2023, T841, T842"><temps name="use"><temp name="T841"/><temp name="T842"/></temps><temps name="def"><temp name="T2023"/></temps><temps name="in"><temp name="T837"/><temp name="T836"/><temp name="T28"/><temp name="T842"/><temp name="T841"/></temps><temps name="out"><temp name="T837"/><temp name="T836"/><temp name="T28"/></temps></instruction><instruction code="OR T2023, rR, 0"><temps name="use"/><temps name="def"><temp name="T2023"/></temps><temps name="in"><temp name="T837"/><temp name="T836"/><temp name="T28"/></temps><temps name="out"><temp name="T837"/><temp name="T836"/><temp name="T28"/><temp name="T2023"/></temps></instruction><instruction code="OR T843, T2023, 0"><temps name="use"><temp name="T2023"/></temps><temps name="def"><temp name="T843"/></temps><temps name="in"><temp name="T837"/><temp name="T836"/><temp name="T28"/><temp name="T2023"/></temps><temps name="out"><temp name="T843"/><temp name="T837"/><temp name="T836"/><temp name="T28"/></temps></instruction><instruction code="STO T837, $254, 8"><temps name="use"><temp name="T837"/></temps><temps name="def"/><temps name="in"><temp name="T843"/><temp name="T837"/><temp name="T836"/><temp name="T28"/></temps><temps name="out"><temp name="T843"/><temp name="T836"/><temp name="T28"/></temps></instruction><instruction code="STO T843, $254, 16"><temps name="use"><temp name="T843"/></temps><temps name="def"/><temps name="in"><temp name="T843"/><temp name="T836"/><temp name="T28"/></temps><temps name="out"><temp name="T836"/><temp name="T28"/></temps></instruction><instruction code="LDA T2024, L2"><temps name="use"/><temps name="def"><temp name="T2024"/></temps><temps name="in"><temp name="T836"/><temp name="T28"/></temps><temps name="out"><temp name="T836"/><temp name="T28"/><temp name="T2024"/></temps></instruction><instruction code="PUSHJ $16, T2024, 0"><temps name="use"><temp name="T2024"/></temps><temps name="def"/><temps name="in"><temp name="T836"/><temp name="T28"/><temp name="T2024"/></temps><temps name="out"><temp name="T836"/><temp name="T28"/></temps></instruction><instruction code="LDO T2025, $254, 0"><temps name="use"/><temps name="def"><temp name="T2025"/></temps><temps name="in"><temp name="T836"/><temp name="T28"/></temps><temps name="out"><temp name="T2025"/><temp name="T836"/><temp name="T28"/></temps></instruction><instruction code="OR T844, T2025, 0"><temps name="use"><temp name="T2025"/></temps><temps name="def"><temp name="T844"/></temps><temps name="in"><temp name="T2025"/><temp name="T836"/><temp name="T28"/></temps><temps name="out"><temp name="T844"/><temp name="T836"/><temp name="T28"/></temps></instruction><instruction code="AND T2026, T836, T844"><temps name="use"><temp name="T836"/><temp name="T844"/></temps><temps name="def"><temp name="T2026"/></temps><temps name="in"><temp name="T844"/><temp name="T836"/><temp name="T28"/></temps><temps name="out"><temp name="T28"/><temp name="T2026"/></temps></instruction><instruction code="OR T845, T2026, 0"><temps name="use"><temp name="T2026"/></temps><temps name="def"><temp name="T845"/></temps><temps name="in"><temp name="T28"/><temp name="T2026"/></temps><temps name="out"><temp name="T28"/><temp name="T845"/></temps></instruction><instruction code="OR T846, T28, 0"><temps name="use"><temp name="T28"/></temps><temps name="def"><temp name="T846"/></temps><temps name="in"><temp name="T28"/><temp name="T845"/></temps><temps name="out"><temp name="T846"/><temp name="T28"/><temp name="T845"/></temps></instruction><instruction code="OR T847, T28, 0"><temps name="use"><temp name="T28"/></temps><temps name="def"><temp name="T847"/></temps><temps name="in"><temp name="T846"/><temp name="T28"/><temp name="T845"/></temps><temps name="out"><temp name="T846"/><temp name="T28"/><temp name="T845"/><temp name="T847"/></temps></instruction><instruction code="SETL  T2028, 8"><temps name="use"/><temps name="def"><temp name="T2028"/></temps><temps name="in"><temp name="T846"/><temp name="T28"/><temp name="T845"/><temp name="T847"/></temps><temps name="out"><temp name="T846"/><temp name="T28"/><temp name="T845"/><temp name="T847"/></temps></instruction><instruction code="INCML T2028, 0"><temps name="use"/><temps name="def"><temp name="T2028"/></temps><temps name="in"><temp name="T846"/><temp name="T28"/><temp name="T845"/><temp name="T847"/></temps><temps name="out"><temp name="T846"/><temp name="T28"/><temp name="T845"/><temp name="T847"/></temps></instruction><instruction code="INCMH T2028, 0"><temps name="use"/><temps name="def"><temp name="T2028"/></temps><temps name="in"><temp name="T846"/><temp name="T28"/><temp name="T845"/><temp name="T847"/></temps><temps name="out"><temp name="T846"/><temp name="T28"/><temp name="T845"/><temp name="T847"/></temps></instruction><instruction code="INCH  T2028, 0"><temps name="use"/><temps name="def"><temp name="T2028"/></temps><temps name="in"><temp name="T846"/><temp name="T28"/><temp name="T845"/><temp name="T847"/></temps><temps name="out"><temp name="T846"/><temp name="T2028"/><temp name="T28"/><temp name="T845"/><temp name="T847"/></temps></instruction><instruction code="OR T848, T2028, 0"><temps name="use"><temp name="T2028"/></temps><temps name="def"><temp name="T848"/></temps><temps name="in"><temp name="T846"/><temp name="T2028"/><temp name="T28"/><temp name="T845"/><temp name="T847"/></temps><temps name="out"><temp name="T846"/><temp name="T848"/><temp name="T28"/><temp name="T845"/><temp name="T847"/></temps></instruction><instruction code="ADD T2029, T847, T848"><temps name="use"><temp name="T847"/><temp name="T848"/></temps><temps name="def"><temp name="T2029"/></temps><temps name="in"><temp name="T846"/><temp name="T848"/><temp name="T28"/><temp name="T845"/><temp name="T847"/></temps><temps name="out"><temp name="T846"/><temp name="T2029"/><temp name="T28"/><temp name="T845"/></temps></instruction><instruction code="OR T849, T2029, 0"><temps name="use"><temp name="T2029"/></temps><temps name="def"><temp name="T849"/></temps><temps name="in"><temp name="T846"/><temp name="T2029"/><temp name="T28"/><temp name="T845"/></temps><temps name="out"><temp name="T849"/><temp name="T846"/><temp name="T28"/><temp name="T845"/></temps></instruction><instruction code="OR T850, T849, 0"><temps name="use"><temp name="T849"/></temps><temps name="def"><temp name="T850"/></temps><temps name="in"><temp name="T849"/><temp name="T846"/><temp name="T28"/><temp name="T845"/></temps><temps name="out"><temp name="T846"/><temp name="T28"/><temp name="T850"/><temp name="T845"/></temps></instruction><instruction code="SETL  T2031, 9"><temps name="use"/><temps name="def"><temp name="T2031"/></temps><temps name="in"><temp name="T846"/><temp name="T28"/><temp name="T850"/><temp name="T845"/></temps><temps name="out"><temp name="T846"/><temp name="T28"/><temp name="T850"/><temp name="T845"/></temps></instruction><instruction code="INCML T2031, 0"><temps name="use"/><temps name="def"><temp name="T2031"/></temps><temps name="in"><temp name="T846"/><temp name="T28"/><temp name="T850"/><temp name="T845"/></temps><temps name="out"><temp name="T846"/><temp name="T28"/><temp name="T850"/><temp name="T845"/></temps></instruction><instruction code="INCMH T2031, 0"><temps name="use"/><temps name="def"><temp name="T2031"/></temps><temps name="in"><temp name="T846"/><temp name="T28"/><temp name="T850"/><temp name="T845"/></temps><temps name="out"><temp name="T846"/><temp name="T28"/><temp name="T850"/><temp name="T845"/></temps></instruction><instruction code="INCH  T2031, 0"><temps name="use"/><temps name="def"><temp name="T2031"/></temps><temps name="in"><temp name="T846"/><temp name="T28"/><temp name="T850"/><temp name="T845"/></temps><temps name="out"><temp name="T846"/><temp name="T28"/><temp name="T850"/><temp name="T2031"/><temp name="T845"/></temps></instruction><instruction code="OR T851, T2031, 0"><temps name="use"><temp name="T2031"/></temps><temps name="def"><temp name="T851"/></temps><temps name="in"><temp name="T846"/><temp name="T28"/><temp name="T850"/><temp name="T2031"/><temp name="T845"/></temps><temps name="out"><temp name="T846"/><temp name="T28"/><temp name="T850"/><temp name="T845"/><temp name="T851"/></temps></instruction><instruction code="DIV T2032, T850, T851"><temps name="use"><temp name="T850"/><temp name="T851"/></temps><temps name="def"><temp name="T2032"/></temps><temps name="in"><temp name="T846"/><temp name="T28"/><temp name="T850"/><temp name="T845"/><temp name="T851"/></temps><temps name="out"><temp name="T846"/><temp name="T28"/><temp name="T2032"/><temp name="T845"/></temps></instruction><instruction code="OR T852, T2032, 0"><temps name="use"><temp name="T2032"/></temps><temps name="def"><temp name="T852"/></temps><temps name="in"><temp name="T846"/><temp name="T28"/><temp name="T2032"/><temp name="T845"/></temps><temps name="out"><temp name="T846"/><temp name="T28"/><temp name="T852"/><temp name="T845"/></temps></instruction><instruction code="SETL  T2033, 3"><temps name="use"/><temps name="def"><temp name="T2033"/></temps><temps name="in"><temp name="T846"/><temp name="T28"/><temp name="T852"/><temp name="T845"/></temps><temps name="out"><temp name="T846"/><temp name="T28"/><temp name="T852"/><temp name="T845"/></temps></instruction><instruction code="INCML T2033, 0"><temps name="use"/><temps name="def"><temp name="T2033"/></temps><temps name="in"><temp name="T846"/><temp name="T28"/><temp name="T852"/><temp name="T845"/></temps><temps name="out"><temp name="T846"/><temp name="T28"/><temp name="T852"/><temp name="T845"/></temps></instruction><instruction code="INCMH T2033, 0"><temps name="use"/><temps name="def"><temp name="T2033"/></temps><temps name="in"><temp name="T846"/><temp name="T28"/><temp name="T852"/><temp name="T845"/></temps><temps name="out"><temp name="T846"/><temp name="T28"/><temp name="T852"/><temp name="T845"/></temps></instruction><instruction code="INCH  T2033, 0"><temps name="use"/><temps name="def"><temp name="T2033"/></temps><temps name="in"><temp name="T846"/><temp name="T28"/><temp name="T852"/><temp name="T845"/></temps><temps name="out"><temp name="T846"/><temp name="T28"/><temp name="T2033"/><temp name="T852"/><temp name="T845"/></temps></instruction><instruction code="OR T853, T2033, 0"><temps name="use"><temp name="T2033"/></temps><temps name="def"><temp name="T853"/></temps><temps name="in"><temp name="T846"/><temp name="T28"/><temp name="T2033"/><temp name="T852"/><temp name="T845"/></temps><temps name="out"><temp name="T846"/><temp name="T28"/><temp name="T852"/><temp name="T853"/><temp name="T845"/></temps></instruction><instruction code="DIV T2034, T852, T853"><temps name="use"><temp name="T852"/><temp name="T853"/></temps><temps name="def"><temp name="T2034"/></temps><temps name="in"><temp name="T846"/><temp name="T28"/><temp name="T852"/><temp name="T853"/><temp name="T845"/></temps><temps name="out"><temp name="T846"/><temp name="T28"/><temp name="T845"/><temp name="T2034"/></temps></instruction><instruction code="OR T854, T2034, 0"><temps name="use"><temp name="T2034"/></temps><temps name="def"><temp name="T854"/></temps><temps name="in"><temp name="T846"/><temp name="T28"/><temp name="T845"/><temp name="T2034"/></temps><temps name="out"><temp name="T846"/><temp name="T28"/><temp name="T845"/><temp name="T854"/></temps></instruction><instruction code="OR T855, T28, 0"><temps name="use"><temp name="T28"/></temps><temps name="def"><temp name="T855"/></temps><temps name="in"><temp name="T846"/><temp name="T28"/><temp name="T845"/><temp name="T854"/></temps><temps name="out"><temp name="T846"/><temp name="T28"/><temp name="T845"/><temp name="T855"/><temp name="T854"/></temps></instruction><instruction code="SETL  T2035, 8"><temps name="use"/><temps name="def"><temp name="T2035"/></temps><temps name="in"><temp name="T846"/><temp name="T28"/><temp name="T845"/><temp name="T855"/><temp name="T854"/></temps><temps name="out"><temp name="T846"/><temp name="T28"/><temp name="T845"/><temp name="T855"/><temp name="T854"/></temps></instruction><instruction code="INCML T2035, 0"><temps name="use"/><temps name="def"><temp name="T2035"/></temps><temps name="in"><temp name="T846"/><temp name="T28"/><temp name="T845"/><temp name="T855"/><temp name="T854"/></temps><temps name="out"><temp name="T846"/><temp name="T28"/><temp name="T845"/><temp name="T855"/><temp name="T854"/></temps></instruction><instruction code="INCMH T2035, 0"><temps name="use"/><temps name="def"><temp name="T2035"/></temps><temps name="in"><temp name="T846"/><temp name="T28"/><temp name="T845"/><temp name="T855"/><temp name="T854"/></temps><temps name="out"><temp name="T846"/><temp name="T28"/><temp name="T845"/><temp name="T855"/><temp name="T854"/></temps></instruction><instruction code="INCH  T2035, 0"><temps name="use"/><temps name="def"><temp name="T2035"/></temps><temps name="in"><temp name="T846"/><temp name="T28"/><temp name="T845"/><temp name="T855"/><temp name="T854"/></temps><temps name="out"><temp name="T846"/><temp name="T2035"/><temp name="T28"/><temp name="T845"/><temp name="T855"/><temp name="T854"/></temps></instruction><instruction code="OR T856, T2035, 0"><temps name="use"><temp name="T2035"/></temps><temps name="def"><temp name="T856"/></temps><temps name="in"><temp name="T846"/><temp name="T2035"/><temp name="T28"/><temp name="T845"/><temp name="T855"/><temp name="T854"/></temps><temps name="out"><temp name="T846"/><temp name="T28"/><temp name="T856"/><temp name="T845"/><temp name="T855"/><temp name="T854"/></temps></instruction><instruction code="ADD T2036, T855, T856"><temps name="use"><temp name="T855"/><temp name="T856"/></temps><temps name="def"><temp name="T2036"/></temps><temps name="in"><temp name="T846"/><temp name="T28"/><temp name="T856"/><temp name="T845"/><temp name="T855"/><temp name="T854"/></temps><temps name="out"><temp name="T846"/><temp name="T2036"/><temp name="T28"/><temp name="T845"/><temp name="T854"/></temps></instruction><instruction code="OR T857, T2036, 0"><temps name="use"><temp name="T2036"/></temps><temps name="def"><temp name="T857"/></temps><temps name="in"><temp name="T846"/><temp name="T2036"/><temp name="T28"/><temp name="T845"/><temp name="T854"/></temps><temps name="out"><temp name="T846"/><temp name="T28"/><temp name="T857"/><temp name="T845"/><temp name="T854"/></temps></instruction><instruction code="OR T858, T857, 0"><temps name="use"><temp name="T857"/></temps><temps name="def"><temp name="T858"/></temps><temps name="in"><temp name="T846"/><temp name="T28"/><temp name="T857"/><temp name="T845"/><temp name="T854"/></temps><temps name="out"><temp name="T846"/><temp name="T28"/><temp name="T845"/><temp name="T858"/><temp name="T854"/></temps></instruction><instruction code="SETL  T2038, 9"><temps name="use"/><temps name="def"><temp name="T2038"/></temps><temps name="in"><temp name="T846"/><temp name="T28"/><temp name="T845"/><temp name="T858"/><temp name="T854"/></temps><temps name="out"><temp name="T846"/><temp name="T28"/><temp name="T845"/><temp name="T858"/><temp name="T854"/></temps></instruction><instruction code="INCML T2038, 0"><temps name="use"/><temps name="def"><temp name="T2038"/></temps><temps name="in"><temp name="T846"/><temp name="T28"/><temp name="T845"/><temp name="T858"/><temp name="T854"/></temps><temps name="out"><temp name="T846"/><temp name="T28"/><temp name="T845"/><temp name="T858"/><temp name="T854"/></temps></instruction><instruction code="INCMH T2038, 0"><temps name="use"/><temps name="def"><temp name="T2038"/></temps><temps name="in"><temp name="T846"/><temp name="T28"/><temp name="T845"/><temp name="T858"/><temp name="T854"/></temps><temps name="out"><temp name="T846"/><temp name="T28"/><temp name="T845"/><temp name="T858"/><temp name="T854"/></temps></instruction><instruction code="INCH  T2038, 0"><temps name="use"/><temps name="def"><temp name="T2038"/></temps><temps name="in"><temp name="T846"/><temp name="T28"/><temp name="T845"/><temp name="T858"/><temp name="T854"/></temps><temps name="out"><temp name="T846"/><temp name="T2038"/><temp name="T28"/><temp name="T845"/><temp name="T858"/><temp name="T854"/></temps></instruction><instruction code="OR T859, T2038, 0"><temps name="use"><temp name="T2038"/></temps><temps name="def"><temp name="T859"/></temps><temps name="in"><temp name="T846"/><temp name="T2038"/><temp name="T28"/><temp name="T845"/><temp name="T858"/><temp name="T854"/></temps><temps name="out"><temp name="T846"/><temp name="T859"/><temp name="T28"/><temp name="T845"/><temp name="T858"/><temp name="T854"/></temps></instruction><instruction code="DIV T2039, T858, T859"><temps name="use"><temp name="T858"/><temp name="T859"/></temps><temps name="def"><temp name="T2039"/></temps><temps name="in"><temp name="T846"/><temp name="T859"/><temp name="T28"/><temp name="T845"/><temp name="T858"/><temp name="T854"/></temps><temps name="out"><temp name="T846"/><temp name="T28"/><temp name="T845"/><temp name="T854"/></temps></instruction><instruction code="OR T2039, rR, 0"><temps name="use"/><temps name="def"><temp name="T2039"/></temps><temps name="in"><temp name="T846"/><temp name="T28"/><temp name="T845"/><temp name="T854"/></temps><temps name="out"><temp name="T846"/><temp name="T28"/><temp name="T845"/><temp name="T2039"/><temp name="T854"/></temps></instruction><instruction code="OR T860, T2039, 0"><temps name="use"><temp name="T2039"/></temps><temps name="def"><temp name="T860"/></temps><temps name="in"><temp name="T846"/><temp name="T28"/><temp name="T845"/><temp name="T2039"/><temp name="T854"/></temps><temps name="out"><temp name="T846"/><temp name="T860"/><temp name="T28"/><temp name="T845"/><temp name="T854"/></temps></instruction><instruction code="SETL  T2040, 3"><temps name="use"/><temps name="def"><temp name="T2040"/></temps><temps name="in"><temp name="T846"/><temp name="T860"/><temp name="T28"/><temp name="T845"/><temp name="T854"/></temps><temps name="out"><temp name="T846"/><temp name="T860"/><temp name="T28"/><temp name="T845"/><temp name="T854"/></temps></instruction><instruction code="INCML T2040, 0"><temps name="use"/><temps name="def"><temp name="T2040"/></temps><temps name="in"><temp name="T846"/><temp name="T860"/><temp name="T28"/><temp name="T845"/><temp name="T854"/></temps><temps name="out"><temp name="T846"/><temp name="T860"/><temp name="T28"/><temp name="T845"/><temp name="T854"/></temps></instruction><instruction code="INCMH T2040, 0"><temps name="use"/><temps name="def"><temp name="T2040"/></temps><temps name="in"><temp name="T846"/><temp name="T860"/><temp name="T28"/><temp name="T845"/><temp name="T854"/></temps><temps name="out"><temp name="T846"/><temp name="T860"/><temp name="T28"/><temp name="T845"/><temp name="T854"/></temps></instruction><instruction code="INCH  T2040, 0"><temps name="use"/><temps name="def"><temp name="T2040"/></temps><temps name="in"><temp name="T846"/><temp name="T860"/><temp name="T28"/><temp name="T845"/><temp name="T854"/></temps><temps name="out"><temp name="T846"/><temp name="T860"/><temp name="T28"/><temp name="T2040"/><temp name="T845"/><temp name="T854"/></temps></instruction><instruction code="OR T861, T2040, 0"><temps name="use"><temp name="T2040"/></temps><temps name="def"><temp name="T861"/></temps><temps name="in"><temp name="T846"/><temp name="T860"/><temp name="T28"/><temp name="T2040"/><temp name="T845"/><temp name="T854"/></temps><temps name="out"><temp name="T846"/><temp name="T860"/><temp name="T28"/><temp name="T845"/><temp name="T861"/><temp name="T854"/></temps></instruction><instruction code="DIV T2041, T860, T861"><temps name="use"><temp name="T860"/><temp name="T861"/></temps><temps name="def"><temp name="T2041"/></temps><temps name="in"><temp name="T846"/><temp name="T860"/><temp name="T28"/><temp name="T845"/><temp name="T861"/><temp name="T854"/></temps><temps name="out"><temp name="T846"/><temp name="T28"/><temp name="T2041"/><temp name="T845"/><temp name="T854"/></temps></instruction><instruction code="OR T862, T2041, 0"><temps name="use"><temp name="T2041"/></temps><temps name="def"><temp name="T862"/></temps><temps name="in"><temp name="T846"/><temp name="T28"/><temp name="T2041"/><temp name="T845"/><temp name="T854"/></temps><temps name="out"><temp name="T846"/><temp name="T28"/><temp name="T862"/><temp name="T845"/><temp name="T854"/></temps></instruction><instruction code="STO T846, $254, 8"><temps name="use"><temp name="T846"/></temps><temps name="def"/><temps name="in"><temp name="T846"/><temp name="T28"/><temp name="T862"/><temp name="T845"/><temp name="T854"/></temps><temps name="out"><temp name="T28"/><temp name="T862"/><temp name="T845"/><temp name="T854"/></temps></instruction><instruction code="STO T854, $254, 16"><temps name="use"><temp name="T854"/></temps><temps name="def"/><temps name="in"><temp name="T28"/><temp name="T862"/><temp name="T845"/><temp name="T854"/></temps><temps name="out"><temp name="T28"/><temp name="T862"/><temp name="T845"/></temps></instruction><instruction code="STO T862, $254, 24"><temps name="use"><temp name="T862"/></temps><temps name="def"/><temps name="in"><temp name="T28"/><temp name="T862"/><temp name="T845"/></temps><temps name="out"><temp name="T28"/><temp name="T845"/></temps></instruction><instruction code="LDA T2042, L3"><temps name="use"/><temps name="def"><temp name="T2042"/></temps><temps name="in"><temp name="T28"/><temp name="T845"/></temps><temps name="out"><temp name="T2042"/><temp name="T28"/><temp name="T845"/></temps></instruction><instruction code="PUSHJ $16, T2042, 0"><temps name="use"><temp name="T2042"/></temps><temps name="def"/><temps name="in"><temp name="T2042"/><temp name="T28"/><temp name="T845"/></temps><temps name="out"><temp name="T28"/><temp name="T845"/></temps></instruction><instruction code="LDO T2043, $254, 0"><temps name="use"/><temps name="def"><temp name="T2043"/></temps><temps name="in"><temp name="T28"/><temp name="T845"/></temps><temps name="out"><temp name="T28"/><temp name="T2043"/><temp name="T845"/></temps></instruction><instruction code="OR T863, T2043, 0"><temps name="use"><temp name="T2043"/></temps><temps name="def"><temp name="T863"/></temps><temps name="in"><temp name="T28"/><temp name="T2043"/><temp name="T845"/></temps><temps name="out"><temp name="T863"/><temp name="T28"/><temp name="T845"/></temps></instruction><instruction code="AND T2044, T845, T863"><temps name="use"><temp name="T845"/><temp name="T863"/></temps><temps name="def"><temp name="T2044"/></temps><temps name="in"><temp name="T863"/><temp name="T28"/><temp name="T845"/></temps><temps name="out"><temp name="T28"/><temp name="T2044"/></temps></instruction><instruction code="OR T864, T2044, 0"><temps name="use"><temp name="T2044"/></temps><temps name="def"><temp name="T864"/></temps><temps name="in"><temp name="T28"/><temp name="T2044"/></temps><temps name="out"><temp name="T864"/><temp name="T28"/></temps></instruction><instruction code="BNZ T864, L94"><temps name="use"><temp name="T864"/></temps><temps name="def"/><temps name="in"><temp name="T864"/><temp name="T28"/></temps><temps name="out"><temp name="T28"/></temps></instruction><instruction code="L156"><temps name="use"/><temps name="def"/><temps name="in"><temp name="T28"/></temps><temps name="out"><temp name="T28"/></temps></instruction><instruction code="LDA T2045, L95"><temps name="use"/><temps name="def"><temp name="T2045"/></temps><temps name="in"><temp name="T28"/></temps><temps name="out"><temp name="T2045"/><temp name="T28"/></temps></instruction><instruction code="GO T2045, T2045, 0"><temps name="use"><temp name="T2045"/></temps><temps name="def"><temp name="T2045"/></temps><temps name="in"><temp name="T2045"/><temp name="T28"/></temps><temps name="out"><temp name="T28"/></temps></instruction><instruction code="L94"><temps name="use"/><temps name="def"/><temps name="in"><temp name="T28"/></temps><temps name="out"><temp name="T28"/></temps></instruction><instruction code="OR T865, T28, 0"><temps name="use"><temp name="T28"/></temps><temps name="def"><temp name="T865"/></temps><temps name="in"><temp name="T28"/></temps><temps name="out"><temp name="T28"/><temp name="T865"/></temps></instruction><instruction code="SETL  T2046, 8"><temps name="use"/><temps name="def"><temp name="T2046"/></temps><temps name="in"><temp name="T28"/><temp name="T865"/></temps><temps name="out"><temp name="T28"/><temp name="T865"/></temps></instruction><instruction code="INCML T2046, 0"><temps name="use"/><temps name="def"><temp name="T2046"/></temps><temps name="in"><temp name="T28"/><temp name="T865"/></temps><temps name="out"><temp name="T28"/><temp name="T865"/></temps></instruction><instruction code="INCMH T2046, 0"><temps name="use"/><temps name="def"><temp name="T2046"/></temps><temps name="in"><temp name="T28"/><temp name="T865"/></temps><temps name="out"><temp name="T28"/><temp name="T865"/></temps></instruction><instruction code="INCH  T2046, 0"><temps name="use"/><temps name="def"><temp name="T2046"/></temps><temps name="in"><temp name="T28"/><temp name="T865"/></temps><temps name="out"><temp name="T2046"/><temp name="T28"/><temp name="T865"/></temps></instruction><instruction code="NEG T2046, 0, T2046"><temps name="use"><temp name="T2046"/></temps><temps name="def"><temp name="T2046"/></temps><temps name="in"><temp name="T2046"/><temp name="T28"/><temp name="T865"/></temps><temps name="out"><temp name="T2046"/><temp name="T28"/><temp name="T865"/></temps></instruction><instruction code="OR T866, T2046, 0"><temps name="use"><temp name="T2046"/></temps><temps name="def"><temp name="T866"/></temps><temps name="in"><temp name="T2046"/><temp name="T28"/><temp name="T865"/></temps><temps name="out"><temp name="T28"/><temp name="T865"/><temp name="T866"/></temps></instruction><instruction code="ADD T2047, T865, T866"><temps name="use"><temp name="T865"/><temp name="T866"/></temps><temps name="def"><temp name="T2047"/></temps><temps name="in"><temp name="T28"/><temp name="T865"/><temp name="T866"/></temps><temps name="out"><temp name="T2047"/><temp name="T28"/></temps></instruction><instruction code="OR T867, T2047, 0"><temps name="use"><temp name="T2047"/></temps><temps name="def"><temp name="T867"/></temps><temps name="in"><temp name="T2047"/><temp name="T28"/></temps><temps name="out"><temp name="T867"/><temp name="T28"/></temps></instruction><instruction code="OR T868, T867, 0"><temps name="use"><temp name="T867"/></temps><temps name="def"><temp name="T868"/></temps><temps name="in"><temp name="T867"/><temp name="T28"/></temps><temps name="out"><temp name="T28"/><temp name="T868"/></temps></instruction><instruction code="OR T869, T28, 0"><temps name="use"><temp name="T28"/></temps><temps name="def"><temp name="T869"/></temps><temps name="in"><temp name="T28"/><temp name="T868"/></temps><temps name="out"><temp name="T869"/><temp name="T28"/><temp name="T868"/></temps></instruction><instruction code="OR T870, T28, 0"><temps name="use"><temp name="T28"/></temps><temps name="def"><temp name="T870"/></temps><temps name="in"><temp name="T869"/><temp name="T28"/><temp name="T868"/></temps><temps name="out"><temp name="T869"/><temp name="T28"/><temp name="T870"/><temp name="T868"/></temps></instruction><instruction code="SETL  T2050, 8"><temps name="use"/><temps name="def"><temp name="T2050"/></temps><temps name="in"><temp name="T869"/><temp name="T28"/><temp name="T870"/><temp name="T868"/></temps><temps name="out"><temp name="T869"/><temp name="T28"/><temp name="T870"/><temp name="T868"/></temps></instruction><instruction code="INCML T2050, 0"><temps name="use"/><temps name="def"><temp name="T2050"/></temps><temps name="in"><temp name="T869"/><temp name="T28"/><temp name="T870"/><temp name="T868"/></temps><temps name="out"><temp name="T869"/><temp name="T28"/><temp name="T870"/><temp name="T868"/></temps></instruction><instruction code="INCMH T2050, 0"><temps name="use"/><temps name="def"><temp name="T2050"/></temps><temps name="in"><temp name="T869"/><temp name="T28"/><temp name="T870"/><temp name="T868"/></temps><temps name="out"><temp name="T869"/><temp name="T28"/><temp name="T870"/><temp name="T868"/></temps></instruction><instruction code="INCH  T2050, 0"><temps name="use"/><temps name="def"><temp name="T2050"/></temps><temps name="in"><temp name="T869"/><temp name="T28"/><temp name="T870"/><temp name="T868"/></temps><temps name="out"><temp name="T869"/><temp name="T28"/><temp name="T870"/><temp name="T2050"/><temp name="T868"/></temps></instruction><instruction code="OR T871, T2050, 0"><temps name="use"><temp name="T2050"/></temps><temps name="def"><temp name="T871"/></temps><temps name="in"><temp name="T869"/><temp name="T28"/><temp name="T870"/><temp name="T2050"/><temp name="T868"/></temps><temps name="out"><temp name="T871"/><temp name="T869"/><temp name="T28"/><temp name="T870"/><temp name="T868"/></temps></instruction><instruction code="ADD T2051, T870, T871"><temps name="use"><temp name="T870"/><temp name="T871"/></temps><temps name="def"><temp name="T2051"/></temps><temps name="in"><temp name="T871"/><temp name="T869"/><temp name="T28"/><temp name="T870"/><temp name="T868"/></temps><temps name="out"><temp name="T869"/><temp name="T28"/><temp name="T868"/><temp name="T2051"/></temps></instruction><instruction code="OR T872, T2051, 0"><temps name="use"><temp name="T2051"/></temps><temps name="def"><temp name="T872"/></temps><temps name="in"><temp name="T869"/><temp name="T28"/><temp name="T868"/><temp name="T2051"/></temps><temps name="out"><temp name="T869"/><temp name="T28"/><temp name="T868"/><temp name="T872"/></temps></instruction><instruction code="OR T873, T872, 0"><temps name="use"><temp name="T872"/></temps><temps name="def"><temp name="T873"/></temps><temps name="in"><temp name="T869"/><temp name="T28"/><temp name="T868"/><temp name="T872"/></temps><temps name="out"><temp name="T869"/><temp name="T873"/><temp name="T28"/><temp name="T868"/></temps></instruction><instruction code="SETL  T2053, 1"><temps name="use"/><temps name="def"><temp name="T2053"/></temps><temps name="in"><temp name="T869"/><temp name="T873"/><temp name="T28"/><temp name="T868"/></temps><temps name="out"><temp name="T869"/><temp name="T873"/><temp name="T28"/><temp name="T868"/></temps></instruction><instruction code="INCML T2053, 0"><temps name="use"/><temps name="def"><temp name="T2053"/></temps><temps name="in"><temp name="T869"/><temp name="T873"/><temp name="T28"/><temp name="T868"/></temps><temps name="out"><temp name="T869"/><temp name="T873"/><temp name="T28"/><temp name="T868"/></temps></instruction><instruction code="INCMH T2053, 0"><temps name="use"/><temps name="def"><temp name="T2053"/></temps><temps name="in"><temp name="T869"/><temp name="T873"/><temp name="T28"/><temp name="T868"/></temps><temps name="out"><temp name="T869"/><temp name="T873"/><temp name="T28"/><temp name="T868"/></temps></instruction><instruction code="INCH  T2053, 0"><temps name="use"/><temps name="def"><temp name="T2053"/></temps><temps name="in"><temp name="T869"/><temp name="T873"/><temp name="T28"/><temp name="T868"/></temps><temps name="out"><temp name="T2053"/><temp name="T869"/><temp name="T873"/><temp name="T28"/><temp name="T868"/></temps></instruction><instruction code="OR T874, T2053, 0"><temps name="use"><temp name="T2053"/></temps><temps name="def"><temp name="T874"/></temps><temps name="in"><temp name="T2053"/><temp name="T869"/><temp name="T873"/><temp name="T28"/><temp name="T868"/></temps><temps name="out"><temp name="T869"/><temp name="T874"/><temp name="T873"/><temp name="T28"/><temp name="T868"/></temps></instruction><instruction code="ADD T2054, T873, T874"><temps name="use"><temp name="T873"/><temp name="T874"/></temps><temps name="def"><temp name="T2054"/></temps><temps name="in"><temp name="T869"/><temp name="T874"/><temp name="T873"/><temp name="T28"/><temp name="T868"/></temps><temps name="out"><temp name="T869"/><temp name="T2054"/><temp name="T28"/><temp name="T868"/></temps></instruction><instruction code="OR T875, T2054, 0"><temps name="use"><temp name="T2054"/></temps><temps name="def"><temp name="T875"/></temps><temps name="in"><temp name="T869"/><temp name="T2054"/><temp name="T28"/><temp name="T868"/></temps><temps name="out"><temp name="T869"/><temp name="T28"/><temp name="T868"/><temp name="T875"/></temps></instruction><instruction code="OR T876, T28, 0"><temps name="use"><temp name="T28"/></temps><temps name="def"><temp name="T876"/></temps><temps name="in"><temp name="T869"/><temp name="T28"/><temp name="T868"/><temp name="T875"/></temps><temps name="out"><temp name="T869"/><temp name="T876"/><temp name="T28"/><temp name="T868"/><temp name="T875"/></temps></instruction><instruction code="SETL  T2055, 16"><temps name="use"/><temps name="def"><temp name="T2055"/></temps><temps name="in"><temp name="T869"/><temp name="T876"/><temp name="T28"/><temp name="T868"/><temp name="T875"/></temps><temps name="out"><temp name="T869"/><temp name="T876"/><temp name="T28"/><temp name="T868"/><temp name="T875"/></temps></instruction><instruction code="INCML T2055, 0"><temps name="use"/><temps name="def"><temp name="T2055"/></temps><temps name="in"><temp name="T869"/><temp name="T876"/><temp name="T28"/><temp name="T868"/><temp name="T875"/></temps><temps name="out"><temp name="T869"/><temp name="T876"/><temp name="T28"/><temp name="T868"/><temp name="T875"/></temps></instruction><instruction code="INCMH T2055, 0"><temps name="use"/><temps name="def"><temp name="T2055"/></temps><temps name="in"><temp name="T869"/><temp name="T876"/><temp name="T28"/><temp name="T868"/><temp name="T875"/></temps><temps name="out"><temp name="T869"/><temp name="T876"/><temp name="T28"/><temp name="T868"/><temp name="T875"/></temps></instruction><instruction code="INCH  T2055, 0"><temps name="use"/><temps name="def"><temp name="T2055"/></temps><temps name="in"><temp name="T869"/><temp name="T876"/><temp name="T28"/><temp name="T868"/><temp name="T875"/></temps><temps name="out"><temp name="T869"/><temp name="T2055"/><temp name="T876"/><temp name="T28"/><temp name="T868"/><temp name="T875"/></temps></instruction><instruction code="OR T877, T2055, 0"><temps name="use"><temp name="T2055"/></temps><temps name="def"><temp name="T877"/></temps><temps name="in"><temp name="T869"/><temp name="T2055"/><temp name="T876"/><temp name="T28"/><temp name="T868"/><temp name="T875"/></temps><temps name="out"><temp name="T877"/><temp name="T869"/><temp name="T876"/><temp name="T28"/><temp name="T868"/><temp name="T875"/></temps></instruction><instruction code="ADD T2056, T876, T877"><temps name="use"><temp name="T876"/><temp name="T877"/></temps><temps name="def"><temp name="T2056"/></temps><temps name="in"><temp name="T877"/><temp name="T869"/><temp name="T876"/><temp name="T28"/><temp name="T868"/><temp name="T875"/></temps><temps name="out"><temp name="T869"/><temp name="T2056"/><temp name="T28"/><temp name="T868"/><temp name="T875"/></temps></instruction><instruction code="OR T878, T2056, 0"><temps name="use"><temp name="T2056"/></temps><temps name="def"><temp name="T878"/></temps><temps name="in"><temp name="T869"/><temp name="T2056"/><temp name="T28"/><temp name="T868"/><temp name="T875"/></temps><temps name="out"><temp name="T878"/><temp name="T869"/><temp name="T28"/><temp name="T868"/><temp name="T875"/></temps></instruction><instruction code="OR T879, T878, 0"><temps name="use"><temp name="T878"/></temps><temps name="def"><temp name="T879"/></temps><temps name="in"><temp name="T878"/><temp name="T869"/><temp name="T28"/><temp name="T868"/><temp name="T875"/></temps><temps name="out"><temp name="T869"/><temp name="T28"/><temp name="T868"/><temp name="T879"/><temp name="T875"/></temps></instruction><instruction code="STO T869, $254, 8"><temps name="use"><temp name="T869"/></temps><temps name="def"/><temps name="in"><temp name="T869"/><temp name="T28"/><temp name="T868"/><temp name="T879"/><temp name="T875"/></temps><temps name="out"><temp name="T28"/><temp name="T868"/><temp name="T879"/><temp name="T875"/></temps></instruction><instruction code="STO T875, $254, 16"><temps name="use"><temp name="T875"/></temps><temps name="def"/><temps name="in"><temp name="T28"/><temp name="T868"/><temp name="T879"/><temp name="T875"/></temps><temps name="out"><temp name="T28"/><temp name="T868"/><temp name="T879"/></temps></instruction><instruction code="STO T879, $254, 24"><temps name="use"><temp name="T879"/></temps><temps name="def"/><temps name="in"><temp name="T28"/><temp name="T868"/><temp name="T879"/></temps><temps name="out"><temp name="T28"/><temp name="T868"/></temps></instruction><instruction code="LDA T2058, L4"><temps name="use"/><temps name="def"><temp name="T2058"/></temps><temps name="in"><temp name="T28"/><temp name="T868"/></temps><temps name="out"><temp name="T2058"/><temp name="T28"/><temp name="T868"/></temps></instruction><instruction code="PUSHJ $16, T2058, 0"><temps name="use"><temp name="T2058"/></temps><temps name="def"/><temps name="in"><temp name="T2058"/><temp name="T28"/><temp name="T868"/></temps><temps name="out"><temp name="T28"/><temp name="T868"/></temps></instruction><instruction code="LDO T2059, $254, 0"><temps name="use"/><temps name="def"><temp name="T2059"/></temps><temps name="in"><temp name="T28"/><temp name="T868"/></temps><temps name="out"><temp name="T28"/><temp name="T2059"/><temp name="T868"/></temps></instruction><instruction code="OR T880, T2059, 0"><temps name="use"><temp name="T2059"/></temps><temps name="def"><temp name="T880"/></temps><temps name="in"><temp name="T28"/><temp name="T2059"/><temp name="T868"/></temps><temps name="out"><temp name="T28"/><temp name="T868"/><temp name="T880"/></temps></instruction><instruction code="ADD T2060, T868, T880"><temps name="use"><temp name="T868"/><temp name="T880"/></temps><temps name="def"><temp name="T2060"/></temps><temps name="in"><temp name="T28"/><temp name="T868"/><temp name="T880"/></temps><temps name="out"><temp name="T28"/><temp name="T2060"/></temps></instruction><instruction code="OR T881, T2060, 0"><temps name="use"><temp name="T2060"/></temps><temps name="def"><temp name="T881"/></temps><temps name="in"><temp name="T28"/><temp name="T2060"/></temps><temps name="out"><temp name="T881"/><temp name="T28"/></temps></instruction><instruction code="SETL  T2061, 8"><temps name="use"/><temps name="def"><temp name="T2061"/></temps><temps name="in"><temp name="T881"/><temp name="T28"/></temps><temps name="out"><temp name="T881"/><temp name="T28"/></temps></instruction><instruction code="INCML T2061, 0"><temps name="use"/><temps name="def"><temp name="T2061"/></temps><temps name="in"><temp name="T881"/><temp name="T28"/></temps><temps name="out"><temp name="T881"/><temp name="T28"/></temps></instruction><instruction code="INCMH T2061, 0"><temps name="use"/><temps name="def"><temp name="T2061"/></temps><temps name="in"><temp name="T881"/><temp name="T28"/></temps><temps name="out"><temp name="T881"/><temp name="T28"/></temps></instruction><instruction code="INCH  T2061, 0"><temps name="use"/><temps name="def"><temp name="T2061"/></temps><temps name="in"><temp name="T881"/><temp name="T28"/></temps><temps name="out"><temp name="T2061"/><temp name="T881"/><temp name="T28"/></temps></instruction><instruction code="NEG T2061, 0, T2061"><temps name="use"><temp name="T2061"/></temps><temps name="def"><temp name="T2061"/></temps><temps name="in"><temp name="T2061"/><temp name="T881"/><temp name="T28"/></temps><temps name="out"><temp name="T2061"/><temp name="T881"/><temp name="T28"/></temps></instruction><instruction code="ADD T2062, T28, T2061"><temps name="use"><temp name="T28"/><temp name="T2061"/></temps><temps name="def"><temp name="T2062"/></temps><temps name="in"><temp name="T2061"/><temp name="T881"/><temp name="T28"/></temps><temps name="out"><temp name="T881"/><temp name="T28"/><temp name="T2062"/></temps></instruction><instruction code="STO T2062, T881, 0"><temps name="use"><temp name="T2062"/><temp name="T881"/></temps><temps name="def"/><temps name="in"><temp name="T881"/><temp name="T28"/><temp name="T2062"/></temps><temps name="out"><temp name="T28"/></temps></instruction><instruction code="L95"><temps name="use"/><temps name="def"/><temps name="in"><temp name="T28"/></temps><temps name="out"><temp name="T28"/></temps></instruction><instruction code="SETL  T2064, 0"><temps name="use"/><temps name="def"><temp name="T2064"/></temps><temps name="in"><temp name="T28"/></temps><temps name="out"><temp name="T28"/></temps></instruction><instruction code="INCML T2064, 0"><temps name="use"/><temps name="def"><temp name="T2064"/></temps><temps name="in"><temp name="T28"/></temps><temps name="out"><temp name="T28"/></temps></instruction><instruction code="INCMH T2064, 0"><temps name="use"/><temps name="def"><temp name="T2064"/></temps><temps name="in"><temp name="T28"/></temps><temps name="out"><temp name="T28"/></temps></instruction><instruction code="INCH  T2064, 0"><temps name="use"/><temps name="def"><temp name="T2064"/></temps><temps name="in"><temp name="T28"/></temps><temps name="out"><temp name="T2064"/><temp name="T28"/></temps></instruction><instruction code="OR T882, T2064, 0"><temps name="use"><temp name="T2064"/></temps><temps name="def"><temp name="T882"/></temps><temps name="in"><temp name="T2064"/><temp name="T28"/></temps><temps name="out"><temp name="T28"/><temp name="T882"/></temps></instruction><instruction code="SETL  T2066, 8"><temps name="use"/><temps name="def"><temp name="T2066"/></temps><temps name="in"><temp name="T28"/><temp name="T882"/></temps><temps name="out"><temp name="T28"/><temp name="T882"/></temps></instruction><instruction code="INCML T2066, 0"><temps name="use"/><temps name="def"><temp name="T2066"/></temps><temps name="in"><temp name="T28"/><temp name="T882"/></temps><temps name="out"><temp name="T28"/><temp name="T882"/></temps></instruction><instruction code="INCMH T2066, 0"><temps name="use"/><temps name="def"><temp name="T2066"/></temps><temps name="in"><temp name="T28"/><temp name="T882"/></temps><temps name="out"><temp name="T28"/><temp name="T882"/></temps></instruction><instruction code="INCH  T2066, 0"><temps name="use"/><temps name="def"><temp name="T2066"/></temps><temps name="in"><temp name="T28"/><temp name="T882"/></temps><temps name="out"><temp name="T28"/><temp name="T882"/><temp name="T2066"/></temps></instruction><instruction code="NEG T2066, 0, T2066"><temps name="use"><temp name="T2066"/></temps><temps name="def"><temp name="T2066"/></temps><temps name="in"><temp name="T28"/><temp name="T882"/><temp name="T2066"/></temps><temps name="out"><temp name="T28"/><temp name="T882"/><temp name="T2066"/></temps></instruction><instruction code="ADD T2067, T28, T2066"><temps name="use"><temp name="T28"/><temp name="T2066"/></temps><temps name="def"><temp name="T2067"/></temps><temps name="in"><temp name="T28"/><temp name="T882"/><temp name="T2066"/></temps><temps name="out"><temp name="T2067"/><temp name="T28"/><temp name="T882"/></temps></instruction><instruction code="SETL  T2069, 8"><temps name="use"/><temps name="def"><temp name="T2069"/></temps><temps name="in"><temp name="T2067"/><temp name="T28"/><temp name="T882"/></temps><temps name="out"><temp name="T2067"/><temp name="T28"/><temp name="T882"/></temps></instruction><instruction code="INCML T2069, 0"><temps name="use"/><temps name="def"><temp name="T2069"/></temps><temps name="in"><temp name="T2067"/><temp name="T28"/><temp name="T882"/></temps><temps name="out"><temp name="T2067"/><temp name="T28"/><temp name="T882"/></temps></instruction><instruction code="INCMH T2069, 0"><temps name="use"/><temps name="def"><temp name="T2069"/></temps><temps name="in"><temp name="T2067"/><temp name="T28"/><temp name="T882"/></temps><temps name="out"><temp name="T2067"/><temp name="T28"/><temp name="T882"/></temps></instruction><instruction code="INCH  T2069, 0"><temps name="use"/><temps name="def"><temp name="T2069"/></temps><temps name="in"><temp name="T2067"/><temp name="T28"/><temp name="T882"/></temps><temps name="out"><temp name="T2067"/><temp name="T28"/><temp name="T882"/><temp name="T2069"/></temps></instruction><instruction code="ADD T2070, T28, T2069"><temps name="use"><temp name="T28"/><temp name="T2069"/></temps><temps name="def"><temp name="T2070"/></temps><temps name="in"><temp name="T2067"/><temp name="T28"/><temp name="T882"/><temp name="T2069"/></temps><temps name="out"><temp name="T2067"/><temp name="T2070"/><temp name="T28"/><temp name="T882"/></temps></instruction><instruction code="SETL  T2072, 8"><temps name="use"/><temps name="def"><temp name="T2072"/></temps><temps name="in"><temp name="T2067"/><temp name="T2070"/><temp name="T28"/><temp name="T882"/></temps><temps name="out"><temp name="T2067"/><temp name="T2070"/><temp name="T28"/><temp name="T882"/></temps></instruction><instruction code="INCML T2072, 0"><temps name="use"/><temps name="def"><temp name="T2072"/></temps><temps name="in"><temp name="T2067"/><temp name="T2070"/><temp name="T28"/><temp name="T882"/></temps><temps name="out"><temp name="T2067"/><temp name="T2070"/><temp name="T28"/><temp name="T882"/></temps></instruction><instruction code="INCMH T2072, 0"><temps name="use"/><temps name="def"><temp name="T2072"/></temps><temps name="in"><temp name="T2067"/><temp name="T2070"/><temp name="T28"/><temp name="T882"/></temps><temps name="out"><temp name="T2067"/><temp name="T2070"/><temp name="T28"/><temp name="T882"/></temps></instruction><instruction code="INCH  T2072, 0"><temps name="use"/><temps name="def"><temp name="T2072"/></temps><temps name="in"><temp name="T2067"/><temp name="T2070"/><temp name="T28"/><temp name="T882"/></temps><temps name="out"><temp name="T2072"/><temp name="T2067"/><temp name="T2070"/><temp name="T28"/><temp name="T882"/></temps></instruction><instruction code="MUL T2073, T2070, T2072"><temps name="use"><temp name="T2070"/><temp name="T2072"/></temps><temps name="def"><temp name="T2073"/></temps><temps name="in"><temp name="T2072"/><temp name="T2067"/><temp name="T2070"/><temp name="T28"/><temp name="T882"/></temps><temps name="out"><temp name="T2067"/><temp name="T2073"/><temp name="T28"/><temp name="T882"/></temps></instruction><instruction code="ADD T2074, T2067, T2073"><temps name="use"><temp name="T2067"/><temp name="T2073"/></temps><temps name="def"><temp name="T2074"/></temps><temps name="in"><temp name="T2067"/><temp name="T2073"/><temp name="T28"/><temp name="T882"/></temps><temps name="out"><temp name="T28"/><temp name="T882"/><temp name="T2074"/></temps></instruction><instruction code="STO T2074, T882, 0"><temps name="use"><temp name="T2074"/><temp name="T882"/></temps><temps name="def"/><temps name="in"><temp name="T28"/><temp name="T882"/><temp name="T2074"/></temps><temps name="out"><temp name="T28"/></temps></instruction><instruction code="OR T883, T28, 0"><temps name="use"><temp name="T28"/></temps><temps name="def"><temp name="T883"/></temps><temps name="in"><temp name="T28"/></temps><temps name="out"><temp name="T28"/><temp name="T883"/></temps></instruction><instruction code="SETL  T2076, 32"><temps name="use"/><temps name="def"><temp name="T2076"/></temps><temps name="in"><temp name="T28"/><temp name="T883"/></temps><temps name="out"><temp name="T28"/><temp name="T883"/></temps></instruction><instruction code="INCML T2076, 0"><temps name="use"/><temps name="def"><temp name="T2076"/></temps><temps name="in"><temp name="T28"/><temp name="T883"/></temps><temps name="out"><temp name="T28"/><temp name="T883"/></temps></instruction><instruction code="INCMH T2076, 0"><temps name="use"/><temps name="def"><temp name="T2076"/></temps><temps name="in"><temp name="T28"/><temp name="T883"/></temps><temps name="out"><temp name="T28"/><temp name="T883"/></temps></instruction><instruction code="INCH  T2076, 0"><temps name="use"/><temps name="def"><temp name="T2076"/></temps><temps name="in"><temp name="T28"/><temp name="T883"/></temps><temps name="out"><temp name="T28"/><temp name="T883"/><temp name="T2076"/></temps></instruction><instruction code="NEG T2076, 0, T2076"><temps name="use"><temp name="T2076"/></temps><temps name="def"><temp name="T2076"/></temps><temps name="in"><temp name="T28"/><temp name="T883"/><temp name="T2076"/></temps><temps name="out"><temp name="T28"/><temp name="T883"/><temp name="T2076"/></temps></instruction><instruction code="OR T884, T2076, 0"><temps name="use"><temp name="T2076"/></temps><temps name="def"><temp name="T884"/></temps><temps name="in"><temp name="T28"/><temp name="T883"/><temp name="T2076"/></temps><temps name="out"><temp name="T884"/><temp name="T28"/><temp name="T883"/></temps></instruction><instruction code="ADD T2077, T883, T884"><temps name="use"><temp name="T883"/><temp name="T884"/></temps><temps name="def"><temp name="T2077"/></temps><temps name="in"><temp name="T884"/><temp name="T28"/><temp name="T883"/></temps><temps name="out"><temp name="T2077"/><temp name="T28"/></temps></instruction><instruction code="OR T885, T2077, 0"><temps name="use"><temp name="T2077"/></temps><temps name="def"><temp name="T885"/></temps><temps name="in"><temp name="T2077"/><temp name="T28"/></temps><temps name="out"><temp name="T28"/><temp name="T885"/></temps></instruction><instruction code="OR T886, T885, 0"><temps name="use"><temp name="T885"/></temps><temps name="def"><temp name="T886"/></temps><temps name="in"><temp name="T28"/><temp name="T885"/></temps><temps name="out"><temp name="T886"/><temp name="T28"/></temps></instruction><instruction code="SETL  T2079, 1"><temps name="use"/><temps name="def"><temp name="T2079"/></temps><temps name="in"><temp name="T886"/><temp name="T28"/></temps><temps name="out"><temp name="T886"/><temp name="T28"/></temps></instruction><instruction code="INCML T2079, 0"><temps name="use"/><temps name="def"><temp name="T2079"/></temps><temps name="in"><temp name="T886"/><temp name="T28"/></temps><temps name="out"><temp name="T886"/><temp name="T28"/></temps></instruction><instruction code="INCMH T2079, 0"><temps name="use"/><temps name="def"><temp name="T2079"/></temps><temps name="in"><temp name="T886"/><temp name="T28"/></temps><temps name="out"><temp name="T886"/><temp name="T28"/></temps></instruction><instruction code="INCH  T2079, 0"><temps name="use"/><temps name="def"><temp name="T2079"/></temps><temps name="in"><temp name="T886"/><temp name="T28"/></temps><temps name="out"><temp name="T886"/><temp name="T2079"/><temp name="T28"/></temps></instruction><instruction code="OR T887, T2079, 0"><temps name="use"><temp name="T2079"/></temps><temps name="def"><temp name="T887"/></temps><temps name="in"><temp name="T886"/><temp name="T2079"/><temp name="T28"/></temps><temps name="out"><temp name="T886"/><temp name="T887"/><temp name="T28"/></temps></instruction><instruction code="ADD T2080, T886, T887"><temps name="use"><temp name="T886"/><temp name="T887"/></temps><temps name="def"><temp name="T2080"/></temps><temps name="in"><temp name="T886"/><temp name="T887"/><temp name="T28"/></temps><temps name="out"><temp name="T28"/><temp name="T2080"/></temps></instruction><instruction code="OR T888, T2080, 0"><temps name="use"><temp name="T2080"/></temps><temps name="def"><temp name="T888"/></temps><temps name="in"><temp name="T28"/><temp name="T2080"/></temps><temps name="out"><temp name="T28"/><temp name="T888"/></temps></instruction><instruction code="SETL  T2081, 32"><temps name="use"/><temps name="def"><temp name="T2081"/></temps><temps name="in"><temp name="T28"/><temp name="T888"/></temps><temps name="out"><temp name="T28"/><temp name="T888"/></temps></instruction><instruction code="INCML T2081, 0"><temps name="use"/><temps name="def"><temp name="T2081"/></temps><temps name="in"><temp name="T28"/><temp name="T888"/></temps><temps name="out"><temp name="T28"/><temp name="T888"/></temps></instruction><instruction code="INCMH T2081, 0"><temps name="use"/><temps name="def"><temp name="T2081"/></temps><temps name="in"><temp name="T28"/><temp name="T888"/></temps><temps name="out"><temp name="T28"/><temp name="T888"/></temps></instruction><instruction code="INCH  T2081, 0"><temps name="use"/><temps name="def"><temp name="T2081"/></temps><temps name="in"><temp name="T28"/><temp name="T888"/></temps><temps name="out"><temp name="T2081"/><temp name="T28"/><temp name="T888"/></temps></instruction><instruction code="NEG T2081, 0, T2081"><temps name="use"><temp name="T2081"/></temps><temps name="def"><temp name="T2081"/></temps><temps name="in"><temp name="T2081"/><temp name="T28"/><temp name="T888"/></temps><temps name="out"><temp name="T2081"/><temp name="T28"/><temp name="T888"/></temps></instruction><instruction code="ADD T2082, T28, T2081"><temps name="use"><temp name="T28"/><temp name="T2081"/></temps><temps name="def"><temp name="T2082"/></temps><temps name="in"><temp name="T2081"/><temp name="T28"/><temp name="T888"/></temps><temps name="out"><temp name="T2082"/><temp name="T28"/><temp name="T888"/></temps></instruction><instruction code="STO T2082, T888, 0"><temps name="use"><temp name="T2082"/><temp name="T888"/></temps><temps name="def"/><temps name="in"><temp name="T2082"/><temp name="T28"/><temp name="T888"/></temps><temps name="out"><temp name="T28"/></temps></instruction><instruction code="LDA T2084, L96"><temps name="use"/><temps name="def"><temp name="T2084"/></temps><temps name="in"><temp name="T28"/></temps><temps name="out"><temp name="T2084"/><temp name="T28"/></temps></instruction><instruction code="GO T2084, T2084, 0"><temps name="use"><temp name="T2084"/></temps><temps name="def"><temp name="T2084"/></temps><temps name="in"><temp name="T2084"/><temp name="T28"/></temps><temps name="out"><temp name="T28"/></temps></instruction><instruction code="L98"><temps name="use"/><temps name="def"/><temps name="in"><temp name="T28"/></temps><temps name="out"><temp name="T28"/></temps></instruction><instruction code="SETL  T2085, 0"><temps name="use"/><temps name="def"><temp name="T2085"/></temps><temps name="in"><temp name="T28"/></temps><temps name="out"><temp name="T28"/></temps></instruction><instruction code="INCML T2085, 0"><temps name="use"/><temps name="def"><temp name="T2085"/></temps><temps name="in"><temp name="T28"/></temps><temps name="out"><temp name="T28"/></temps></instruction><instruction code="INCMH T2085, 0"><temps name="use"/><temps name="def"><temp name="T2085"/></temps><temps name="in"><temp name="T28"/></temps><temps name="out"><temp name="T28"/></temps></instruction><instruction code="INCH  T2085, 0"><temps name="use"/><temps name="def"><temp name="T2085"/></temps><temps name="in"><temp name="T28"/></temps><temps name="out"><temp name="T28"/><temp name="T2085"/></temps></instruction><instruction code="OR T889, T2085, 0"><temps name="use"><temp name="T2085"/></temps><temps name="def"><temp name="T889"/></temps><temps name="in"><temp name="T28"/><temp name="T2085"/></temps><temps name="out"><temp name="T889"/><temp name="T28"/></temps></instruction><instruction code="OR T890, T889, 0"><temps name="use"><temp name="T889"/></temps><temps name="def"><temp name="T890"/></temps><temps name="in"><temp name="T889"/><temp name="T28"/></temps><temps name="out"><temp name="T28"/></temps></instruction><instruction code="L101"><temps name="use"/><temps name="def"/><temps name="in"><temp name="T28"/></temps><temps name="out"><temp name="T28"/></temps></instruction><instruction code="L104"><temps name="use"/><temps name="def"/><temps name="in"><temp name="T28"/></temps><temps name="out"><temp name="T28"/></temps></instruction><instruction code="OR T891, T28, 0"><temps name="use"><temp name="T28"/></temps><temps name="def"><temp name="T891"/></temps><temps name="in"><temp name="T28"/></temps><temps name="out"><temp name="T891"/></temps></instruction><instruction code="SETL  T2086, 8"><temps name="use"/><temps name="def"><temp name="T2086"/></temps><temps name="in"><temp name="T891"/></temps><temps name="out"><temp name="T891"/></temps></instruction><instruction code="INCML T2086, 0"><temps name="use"/><temps name="def"><temp name="T2086"/></temps><temps name="in"><temp name="T891"/></temps><temps name="out"><temp name="T891"/></temps></instruction><instruction code="INCMH T2086, 0"><temps name="use"/><temps name="def"><temp name="T2086"/></temps><temps name="in"><temp name="T891"/></temps><temps name="out"><temp name="T891"/></temps></instruction><instruction code="INCH  T2086, 0"><temps name="use"/><temps name="def"><temp name="T2086"/></temps><temps name="in"><temp name="T891"/></temps><temps name="out"><temp name="T891"/><temp name="T2086"/></temps></instruction><instruction code="NEG T2086, 0, T2086"><temps name="use"><temp name="T2086"/></temps><temps name="def"><temp name="T2086"/></temps><temps name="in"><temp name="T891"/><temp name="T2086"/></temps><temps name="out"><temp name="T891"/><temp name="T2086"/></temps></instruction><instruction code="OR T892, T2086, 0"><temps name="use"><temp name="T2086"/></temps><temps name="def"><temp name="T892"/></temps><temps name="in"><temp name="T891"/><temp name="T2086"/></temps><temps name="out"><temp name="T891"/><temp name="T892"/></temps></instruction><instruction code="ADD T2087, T891, T892"><temps name="use"><temp name="T891"/><temp name="T892"/></temps><temps name="def"><temp name="T2087"/></temps><temps name="in"><temp name="T891"/><temp name="T892"/></temps><temps name="out"><temp name="T2087"/></temps></instruction><instruction code="OR T893, T2087, 0"><temps name="use"><temp name="T2087"/></temps><temps name="def"><temp name="T893"/></temps><temps name="in"><temp name="T2087"/></temps><temps name="out"><temp name="T893"/></temps></instruction><instruction code="OR T894, T893, 0"><temps name="use"><temp name="T893"/></temps><temps name="def"><temp name="T894"/></temps><temps name="in"><temp name="T893"/></temps><temps name="out"><temp name="T894"/></temps></instruction><instruction code="OR T29, T894, 0"><temps name="use"><temp name="T894"/></temps><temps name="def"><temp name="T29"/></temps><temps name="in"><temp name="T894"/></temps><temps name="out"/></instruction><instruction code="LDA T2089, L158"><temps name="use"/><temps name="def"><temp name="T2089"/></temps><temps name="in"/><temps name="out"><temp name="T2089"/></temps></instruction><instruction code="GO T2089, T2089, 0"><temps name="use"><temp name="T2089"/></temps><temps name="def"><temp name="T2089"/></temps><temps name="in"><temp name="T2089"/></temps><temps name="out"/></instruction></instructions></code><code entrylabel="L159" exitlabel="L160" tempsize="0"><frame FP="T20" RV="T21" argssize="24" depth="1" label="_sudoku" locssize="8" size="48"/><instructions><instruction code="L159"><temps name="use"/><temps name="def"/><temps name="in"><temp name="T20"/></temps><temps name="out"><temp name="T20"/></temps></instruction><instruction code="OR T895, T20, 0"><temps name="use"><temp name="T20"/></temps><temps name="def"><temp name="T895"/></temps><temps name="in"><temp name="T20"/></temps><temps name="out"><temp name="T895"/><temp name="T20"/></temps></instruction><instruction code="SETL  T2090, 8"><temps name="use"/><temps name="def"><temp name="T2090"/></temps><temps name="in"><temp name="T895"/><temp name="T20"/></temps><temps name="out"><temp name="T895"/><temp name="T20"/></temps></instruction><instruction code="INCML T2090, 0"><temps name="use"/><temps name="def"><temp name="T2090"/></temps><temps name="in"><temp name="T895"/><temp name="T20"/></temps><temps name="out"><temp name="T895"/><temp name="T20"/></temps></instruction><instruction code="INCMH T2090, 0"><temps name="use"/><temps name="def"><temp name="T2090"/></temps><temps name="in"><temp name="T895"/><temp name="T20"/></temps><temps name="out"><temp name="T895"/><temp name="T20"/></temps></instruction><instruction code="INCH  T2090, 0"><temps name="use"/><temps name="def"><temp name="T2090"/></temps><temps name="in"><temp name="T895"/><temp name="T20"/></temps><temps name="out"><temp name="T895"/><temp name="T20"/><temp name="T2090"/></temps></instruction><instruction code="OR T896, T2090, 0"><temps name="use"><temp name="T2090"/></temps><temps name="def"><temp name="T896"/></temps><temps name="in"><temp name="T895"/><temp name="T20"/><temp name="T2090"/></temps><temps name="out"><temp name="T896"/><temp name="T895"/><temp name="T20"/></temps></instruction><instruction code="ADD T2091, T895, T896"><temps name="use"><temp name="T895"/><temp name="T896"/></temps><temps name="def"><temp name="T2091"/></temps><temps name="in"><temp name="T896"/><temp name="T895"/><temp name="T20"/></temps><temps name="out"><temp name="T2091"/><temp name="T20"/></temps></instruction><instruction code="OR T897, T2091, 0"><temps name="use"><temp name="T2091"/></temps><temps name="def"><temp name="T897"/></temps><temps name="in"><temp name="T2091"/><temp name="T20"/></temps><temps name="out"><temp name="T897"/><temp name="T20"/></temps></instruction><instruction code="OR T898, T897, 0"><temps name="use"><temp name="T897"/></temps><temps name="def"><temp name="T898"/></temps><temps name="in"><temp name="T897"/><temp name="T20"/></temps><temps name="out"><temp name="T20"/><temp name="T898"/></temps></instruction><instruction code="SETL  T2093, 8"><temps name="use"/><temps name="def"><temp name="T2093"/></temps><temps name="in"><temp name="T20"/><temp name="T898"/></temps><temps name="out"><temp name="T20"/><temp name="T898"/></temps></instruction><instruction code="INCML T2093, 0"><temps name="use"/><temps name="def"><temp name="T2093"/></temps><temps name="in"><temp name="T20"/><temp name="T898"/></temps><temps name="out"><temp name="T20"/><temp name="T898"/></temps></instruction><instruction code="INCMH T2093, 0"><temps name="use"/><temps name="def"><temp name="T2093"/></temps><temps name="in"><temp name="T20"/><temp name="T898"/></temps><temps name="out"><temp name="T20"/><temp name="T898"/></temps></instruction><instruction code="INCH  T2093, 0"><temps name="use"/><temps name="def"><temp name="T2093"/></temps><temps name="in"><temp name="T20"/><temp name="T898"/></temps><temps name="out"><temp name="T20"/><temp name="T2093"/><temp name="T898"/></temps></instruction><instruction code="NEG T2093, 0, T2093"><temps name="use"><temp name="T2093"/></temps><temps name="def"><temp name="T2093"/></temps><temps name="in"><temp name="T20"/><temp name="T2093"/><temp name="T898"/></temps><temps name="out"><temp name="T20"/><temp name="T2093"/><temp name="T898"/></temps></instruction><instruction code="ADD T2094, T20, T2093"><temps name="use"><temp name="T20"/><temp name="T2093"/></temps><temps name="def"><temp name="T2094"/></temps><temps name="in"><temp name="T20"/><temp name="T2093"/><temp name="T898"/></temps><temps name="out"><temp name="T20"/><temp name="T2094"/><temp name="T898"/></temps></instruction><instruction code="STO T2094, T898, 0"><temps name="use"><temp name="T2094"/><temp name="T898"/></temps><temps name="def"/><temps name="in"><temp name="T20"/><temp name="T2094"/><temp name="T898"/></temps><temps name="out"><temp name="T20"/></temps></instruction><instruction code="OR T899, T20, 0"><temps name="use"><temp name="T20"/></temps><temps name="def"><temp name="T899"/></temps><temps name="in"><temp name="T20"/></temps><temps name="out"><temp name="T899"/></temps></instruction><instruction code="SETL  T2096, 0"><temps name="use"/><temps name="def"><temp name="T2096"/></temps><temps name="in"><temp name="T899"/></temps><temps name="out"><temp name="T899"/></temps></instruction><instruction code="INCML T2096, 0"><temps name="use"/><temps name="def"><temp name="T2096"/></temps><temps name="in"><temp name="T899"/></temps><temps name="out"><temp name="T899"/></temps></instruction><instruction code="INCMH T2096, 0"><temps name="use"/><temps name="def"><temp name="T2096"/></temps><temps name="in"><temp name="T899"/></temps><temps name="out"><temp name="T899"/></temps></instruction><instruction code="INCH  T2096, 0"><temps name="use"/><temps name="def"><temp name="T2096"/></temps><temps name="in"><temp name="T899"/></temps><temps name="out"><temp name="T2096"/><temp name="T899"/></temps></instruction><instruction code="OR T900, T2096, 0"><temps name="use"><temp name="T2096"/></temps><temps name="def"><temp name="T900"/></temps><temps name="in"><temp name="T2096"/><temp name="T899"/></temps><temps name="out"><temp name="T899"/><temp name="T900"/></temps></instruction><instruction code="SETL  T2097, 81"><temps name="use"/><temps name="def"><temp name="T2097"/></temps><temps name="in"><temp name="T899"/><temp name="T900"/></temps><temps name="out"><temp name="T899"/><temp name="T900"/></temps></instruction><instruction code="INCML T2097, 0"><temps name="use"/><temps name="def"><temp name="T2097"/></temps><temps name="in"><temp name="T899"/><temp name="T900"/></temps><temps name="out"><temp name="T899"/><temp name="T900"/></temps></instruction><instruction code="INCMH T2097, 0"><temps name="use"/><temps name="def"><temp name="T2097"/></temps><temps name="in"><temp name="T899"/><temp name="T900"/></temps><temps name="out"><temp name="T899"/><temp name="T900"/></temps></instruction><instruction code="INCH  T2097, 0"><temps name="use"/><temps name="def"><temp name="T2097"/></temps><temps name="in"><temp name="T899"/><temp name="T900"/></temps><temps name="out"><temp name="T899"/><temp name="T900"/><temp name="T2097"/></temps></instruction><instruction code="OR T901, T2097, 0"><temps name="use"><temp name="T2097"/></temps><temps name="def"><temp name="T901"/></temps><temps name="in"><temp name="T899"/><temp name="T900"/><temp name="T2097"/></temps><temps name="out"><temp name="T899"/><temp name="T900"/><temp name="T901"/></temps></instruction><instruction code="STO T899, $254, 8"><temps name="use"><temp name="T899"/></temps><temps name="def"/><temps name="in"><temp name="T899"/><temp name="T900"/><temp name="T901"/></temps><temps name="out"><temp name="T900"/><temp name="T901"/></temps></instruction><instruction code="STO T900, $254, 16"><temps name="use"><temp name="T900"/></temps><temps name="def"/><temps name="in"><temp name="T900"/><temp name="T901"/></temps><temps name="out"><temp name="T901"/></temps></instruction><instruction code="STO T901, $254, 24"><temps name="use"><temp name="T901"/></temps><temps name="def"/><temps name="in"><temp name="T901"/></temps><temps name="out"/></instruction><instruction code="LDA T2098, L4"><temps name="use"/><temps name="def"><temp name="T2098"/></temps><temps name="in"/><temps name="out"><temp name="T2098"/></temps></instruction><instruction code="PUSHJ $16, T2098, 0"><temps name="use"><temp name="T2098"/></temps><temps name="def"/><temps name="in"><temp name="T2098"/></temps><temps name="out"/></instruction><instruction code="LDO T2099, $254, 0"><temps name="use"/><temps name="def"><temp name="T2099"/></temps><temps name="in"/><temps name="out"><temp name="T2099"/></temps></instruction><instruction code="OR T902, T2099, 0"><temps name="use"><temp name="T2099"/></temps><temps name="def"><temp name="T902"/></temps><temps name="in"><temp name="T2099"/></temps><temps name="out"><temp name="T902"/></temps></instruction><instruction code="OR T21, T902, 0"><temps name="use"><temp name="T902"/></temps><temps name="def"><temp name="T21"/></temps><temps name="in"><temp name="T902"/></temps><temps name="out"/></instruction><instruction code="LDA T2100, L160"><temps name="use"/><temps name="def"><temp name="T2100"/></temps><temps name="in"/><temps name="out"><temp name="T2100"/></temps></instruction><instruction code="GO T2100, T2100, 0"><temps name="use"><temp name="T2100"/></temps><temps name="def"><temp name="T2100"/></temps><temps name="in"><temp name="T2100"/></temps><temps name="out"/></instruction></instructions></code></livean>