<?xml version="1.0" encoding="UTF-8" standalone="no"?><?xml-stylesheet type="text/xsl" href="../../data/livean.xsl"?><livean><code entrylabel="L0" exitlabel="L1" tempsize="0"><frame FP="T0" RV="T1" argssize="0" depth="1" label="_main" locssize="0" size="16"/><instructions><instruction code="L0"><temps name="use"/><temps name="def"/><temps name="in"><temp name="T0"/></temps><temps name="out"><temp name="T0"/></temps></instruction><instruction code="OR T0,T0,0"><temps name="use"><temp name="T0"/></temps><temps name="def"><temp name="T0"/></temps><temps name="in"><temp name="T0"/></temps><temps name="out"/></instruction><instruction code="SETL T10,1"><temps name="use"/><temps name="def"><temp name="T10"/></temps><temps name="in"/><temps name="out"><temp name="T10"/></temps></instruction><instruction code="INCML T10,0"><temps name="use"><temp name="T10"/></temps><temps name="def"><temp name="T10"/></temps><temps name="in"><temp name="T10"/></temps><temps name="out"><temp name="T10"/></temps></instruction><instruction code="INCMH T10,0"><temps name="use"><temp name="T10"/></temps><temps name="def"><temp name="T10"/></temps><temps name="in"><temp name="T10"/></temps><temps name="out"><temp name="T10"/></temps></instruction><instruction code="INCH T10,0"><temps name="use"><temp name="T10"/></temps><temps name="def"><temp name="T10"/></temps><temps name="in"><temp name="T10"/></temps><temps name="out"><temp name="T10"/></temps></instruction><instruction code="OR T4,T10,0"><temps name="use"><temp name="T10"/></temps><temps name="def"><temp name="T4"/></temps><temps name="in"><temp name="T10"/></temps><temps name="out"><temp name="T4"/></temps></instruction><instruction code="LDA T11,_i"><temps name="use"/><temps name="def"><temp name="T11"/></temps><temps name="in"><temp name="T4"/></temps><temps name="out"><temp name="T4"/><temp name="T11"/></temps></instruction><instruction code="STO T11,T4,0"><temps name="use"><temp name="T11"/><temp name="T4"/></temps><temps name="def"/><temps name="in"><temp name="T4"/><temp name="T11"/></temps><temps name="out"/></instruction><instruction code="SETL T13,2"><temps name="use"/><temps name="def"><temp name="T13"/></temps><temps name="in"/><temps name="out"><temp name="T13"/></temps></instruction><instruction code="INCML T13,0"><temps name="use"><temp name="T13"/></temps><temps name="def"><temp name="T13"/></temps><temps name="in"><temp name="T13"/></temps><temps name="out"><temp name="T13"/></temps></instruction><instruction code="INCMH T13,0"><temps name="use"><temp name="T13"/></temps><temps name="def"><temp name="T13"/></temps><temps name="in"><temp name="T13"/></temps><temps name="out"><temp name="T13"/></temps></instruction><instruction code="INCH T13,0"><temps name="use"><temp name="T13"/></temps><temps name="def"><temp name="T13"/></temps><temps name="in"><temp name="T13"/></temps><temps name="out"><temp name="T13"/></temps></instruction><instruction code="OR T5,T13,0"><temps name="use"><temp name="T13"/></temps><temps name="def"><temp name="T5"/></temps><temps name="in"><temp name="T13"/></temps><temps name="out"><temp name="T5"/></temps></instruction><instruction code="SETL T14,3"><temps name="use"/><temps name="def"><temp name="T14"/></temps><temps name="in"><temp name="T5"/></temps><temps name="out"><temp name="T5"/><temp name="T14"/></temps></instruction><instruction code="INCML T14,0"><temps name="use"><temp name="T14"/></temps><temps name="def"><temp name="T14"/></temps><temps name="in"><temp name="T5"/><temp name="T14"/></temps><temps name="out"><temp name="T5"/><temp name="T14"/></temps></instruction><instruction code="INCMH T14,0"><temps name="use"><temp name="T14"/></temps><temps name="def"><temp name="T14"/></temps><temps name="in"><temp name="T5"/><temp name="T14"/></temps><temps name="out"><temp name="T5"/><temp name="T14"/></temps></instruction><instruction code="INCH T14,0"><temps name="use"><temp name="T14"/></temps><temps name="def"><temp name="T14"/></temps><temps name="in"><temp name="T5"/><temp name="T14"/></temps><temps name="out"><temp name="T5"/><temp name="T14"/></temps></instruction><instruction code="OR T6,T14,0"><temps name="use"><temp name="T14"/></temps><temps name="def"><temp name="T6"/></temps><temps name="in"><temp name="T5"/><temp name="T14"/></temps><temps name="out"><temp name="T5"/><temp name="T6"/></temps></instruction><instruction code="DIV T15,T5,T6"><temps name="use"><temp name="T5"/><temp name="T6"/></temps><temps name="def"><temp name="T15"/></temps><temps name="in"><temp name="T5"/><temp name="T6"/></temps><temps name="out"/></instruction><instruction code="GET T15,rR"><temps name="use"/><temps name="def"><temp name="T15"/></temps><temps name="in"/><temps name="out"><temp name="T15"/></temps></instruction><instruction code="OR T7,T15,0"><temps name="use"><temp name="T15"/></temps><temps name="def"><temp name="T7"/></temps><temps name="in"><temp name="T15"/></temps><temps name="out"><temp name="T7"/></temps></instruction><instruction code="OR T1,T7,0"><temps name="use"><temp name="T7"/></temps><temps name="def"><temp name="T1"/></temps><temps name="in"><temp name="T7"/></temps><temps name="out"/></instruction><instruction code="JMP L1"><temps name="use"/><temps name="def"/><temps name="in"/><temps name="out"/></instruction></instructions></code><code entrylabel="L2" exitlabel="L3" tempsize="0"><frame FP="T2" RV="T3" argssize="0" depth="1" label="_b" locssize="0" size="16"/><instructions><instruction code="L2"><temps name="use"/><temps name="def"/><temps name="in"><temp name="T2"/></temps><temps name="out"><temp name="T2"/></temps></instruction><instruction code="OR T2,T2,0"><temps name="use"><temp name="T2"/></temps><temps name="def"><temp name="T2"/></temps><temps name="in"><temp name="T2"/></temps><temps name="out"/></instruction><instruction code="SETL T17,1"><temps name="use"/><temps name="def"><temp name="T17"/></temps><temps name="in"/><temps name="out"><temp name="T17"/></temps></instruction><instruction code="INCML T17,0"><temps name="use"><temp name="T17"/></temps><temps name="def"><temp name="T17"/></temps><temps name="in"><temp name="T17"/></temps><temps name="out"><temp name="T17"/></temps></instruction><instruction code="INCMH T17,0"><temps name="use"><temp name="T17"/></temps><temps name="def"><temp name="T17"/></temps><temps name="in"><temp name="T17"/></temps><temps name="out"><temp name="T17"/></temps></instruction><instruction code="INCH T17,0"><temps name="use"><temp name="T17"/></temps><temps name="def"><temp name="T17"/></temps><temps name="in"><temp name="T17"/></temps><temps name="out"><temp name="T17"/></temps></instruction><instruction code="OR T8,T17,0"><temps name="use"><temp name="T17"/></temps><temps name="def"><temp name="T8"/></temps><temps name="in"><temp name="T17"/></temps><temps name="out"><temp name="T8"/></temps></instruction><instruction code="SETL T18,0"><temps name="use"/><temps name="def"><temp name="T18"/></temps><temps name="in"><temp name="T8"/></temps><temps name="out"><temp name="T8"/><temp name="T18"/></temps></instruction><instruction code="INCML T18,0"><temps name="use"><temp name="T18"/></temps><temps name="def"><temp name="T18"/></temps><temps name="in"><temp name="T8"/><temp name="T18"/></temps><temps name="out"><temp name="T8"/><temp name="T18"/></temps></instruction><instruction code="INCMH T18,0"><temps name="use"><temp name="T18"/></temps><temps name="def"><temp name="T18"/></temps><temps name="in"><temp name="T8"/><temp name="T18"/></temps><temps name="out"><temp name="T8"/><temp name="T18"/></temps></instruction><instruction code="INCH T18,0"><temps name="use"><temp name="T18"/></temps><temps name="def"><temp name="T18"/></temps><temps name="in"><temp name="T8"/><temp name="T18"/></temps><temps name="out"><temp name="T8"/><temp name="T18"/></temps></instruction><instruction code="OR T9,T18,0"><temps name="use"><temp name="T18"/></temps><temps name="def"><temp name="T9"/></temps><temps name="in"><temp name="T8"/><temp name="T18"/></temps><temps name="out"><temp name="T8"/><temp name="T9"/></temps></instruction><instruction code="XOR T19,T8,T9"><temps name="use"><temp name="T8"/><temp name="T9"/></temps><temps name="def"><temp name="T19"/></temps><temps name="in"><temp name="T8"/><temp name="T9"/></temps><temps name="out"><temp name="T19"/></temps></instruction><instruction code="OR T3,T19,0"><temps name="use"><temp name="T19"/></temps><temps name="def"><temp name="T3"/></temps><temps name="in"><temp name="T19"/></temps><temps name="out"/></instruction><instruction code="JMP L3"><temps name="use"/><temps name="def"/><temps name="in"/><temps name="out"/></instruction></instructions></code></livean>