<?xml version="1.0" encoding="UTF-8" standalone="no"?><?xml-stylesheet type="text/xsl" href="../../data/livean.xsl"?><livean><code entrylabel="L110" exitlabel="L111" tempsize="0"><frame FP="T6" RV="T7" argssize="24" depth="1" label="_main" locssize="672" size="712"/><instructions><instruction code="L110"><temps name="use"/><temps name="def"/><temps name="in"><temp name="T6"/></temps><temps name="out"><temp name="T6"/></temps></instruction><instruction code="SETL  T1010, 0"><temps name="use"/><temps name="def"><temp name="T1010"/></temps><temps name="in"><temp name="T6"/></temps><temps name="out"><temp name="T6"/></temps></instruction><instruction code="INCML T1010, 0"><temps name="use"/><temps name="def"><temp name="T1010"/></temps><temps name="in"><temp name="T6"/></temps><temps name="out"><temp name="T6"/></temps></instruction><instruction code="INCMH T1010, 0"><temps name="use"/><temps name="def"><temp name="T1010"/></temps><temps name="in"><temp name="T6"/></temps><temps name="out"><temp name="T6"/></temps></instruction><instruction code="INCH  T1010, 0"><temps name="use"/><temps name="def"><temp name="T1010"/></temps><temps name="in"><temp name="T6"/></temps><temps name="out"><temp name="T6"/><temp name="T1010"/></temps></instruction><instruction code="OR T30, T1010, 0"><temps name="use"><temp name="T1010"/></temps><temps name="def"><temp name="T30"/></temps><temps name="in"><temp name="T6"/><temp name="T1010"/></temps><temps name="out"><temp name="T6"/><temp name="T30"/></temps></instruction><instruction code="LDA T1011, L5"><temps name="use"/><temps name="def"><temp name="T1011"/></temps><temps name="in"><temp name="T6"/><temp name="T30"/></temps><temps name="out"><temp name="T6"/><temp name="T1011"/><temp name="T30"/></temps></instruction><instruction code="OR T31, T1011, 0"><temps name="use"><temp name="T1011"/></temps><temps name="def"><temp name="T31"/></temps><temps name="in"><temp name="T6"/><temp name="T1011"/><temp name="T30"/></temps><temps name="out"><temp name="T6"/><temp name="T30"/><temp name="T31"/></temps></instruction><instruction code="STO T30, $254, 8"><temps name="use"><temp name="T30"/></temps><temps name="def"/><temps name="in"><temp name="T6"/><temp name="T30"/><temp name="T31"/></temps><temps name="out"><temp name="T6"/><temp name="T31"/></temps></instruction><instruction code="STO T31, $254, 16"><temps name="use"><temp name="T31"/></temps><temps name="def"/><temps name="in"><temp name="T6"/><temp name="T31"/></temps><temps name="out"><temp name="T6"/></temps></instruction><instruction code="LDA T1012, _putString"><temps name="use"/><temps name="def"><temp name="T1012"/></temps><temps name="in"><temp name="T6"/></temps><temps name="out"><temp name="T6"/><temp name="T1012"/></temps></instruction><instruction code="PUSHJ $16, T1012, 0"><temps name="use"><temp name="T1012"/></temps><temps name="def"/><temps name="in"><temp name="T6"/><temp name="T1012"/></temps><temps name="out"><temp name="T6"/></temps></instruction><instruction code="LDO T1013, $254, 0"><temps name="use"/><temps name="def"><temp name="T1013"/></temps><temps name="in"><temp name="T6"/></temps><temps name="out"><temp name="T6"/><temp name="T1013"/></temps></instruction><instruction code="OR T32, T1013, 0"><temps name="use"><temp name="T1013"/></temps><temps name="def"><temp name="T32"/></temps><temps name="in"><temp name="T6"/><temp name="T1013"/></temps><temps name="out"><temp name="T6"/></temps></instruction><instruction code="SETL  T1014, 0"><temps name="use"/><temps name="def"><temp name="T1014"/></temps><temps name="in"><temp name="T6"/></temps><temps name="out"><temp name="T6"/></temps></instruction><instruction code="INCML T1014, 0"><temps name="use"/><temps name="def"><temp name="T1014"/></temps><temps name="in"><temp name="T6"/></temps><temps name="out"><temp name="T6"/></temps></instruction><instruction code="INCMH T1014, 0"><temps name="use"/><temps name="def"><temp name="T1014"/></temps><temps name="in"><temp name="T6"/></temps><temps name="out"><temp name="T6"/></temps></instruction><instruction code="INCH  T1014, 0"><temps name="use"/><temps name="def"><temp name="T1014"/></temps><temps name="in"><temp name="T6"/></temps><temps name="out"><temp name="T6"/><temp name="T1014"/></temps></instruction><instruction code="OR T33, T1014, 0"><temps name="use"><temp name="T1014"/></temps><temps name="def"><temp name="T33"/></temps><temps name="in"><temp name="T6"/><temp name="T1014"/></temps><temps name="out"><temp name="T6"/><temp name="T33"/></temps></instruction><instruction code="SETL  T1015, 10"><temps name="use"/><temps name="def"><temp name="T1015"/></temps><temps name="in"><temp name="T6"/><temp name="T33"/></temps><temps name="out"><temp name="T6"/><temp name="T33"/></temps></instruction><instruction code="INCML T1015, 0"><temps name="use"/><temps name="def"><temp name="T1015"/></temps><temps name="in"><temp name="T6"/><temp name="T33"/></temps><temps name="out"><temp name="T6"/><temp name="T33"/></temps></instruction><instruction code="INCMH T1015, 0"><temps name="use"/><temps name="def"><temp name="T1015"/></temps><temps name="in"><temp name="T6"/><temp name="T33"/></temps><temps name="out"><temp name="T6"/><temp name="T33"/></temps></instruction><instruction code="INCH  T1015, 0"><temps name="use"/><temps name="def"><temp name="T1015"/></temps><temps name="in"><temp name="T6"/><temp name="T33"/></temps><temps name="out"><temp name="T6"/><temp name="T1015"/><temp name="T33"/></temps></instruction><instruction code="OR T34, T1015, 0"><temps name="use"><temp name="T1015"/></temps><temps name="def"><temp name="T34"/></temps><temps name="in"><temp name="T6"/><temp name="T1015"/><temp name="T33"/></temps><temps name="out"><temp name="T34"/><temp name="T6"/><temp name="T33"/></temps></instruction><instruction code="SETL  T1016, 256"><temps name="use"/><temps name="def"><temp name="T1016"/></temps><temps name="in"><temp name="T34"/><temp name="T6"/><temp name="T33"/></temps><temps name="out"><temp name="T34"/><temp name="T6"/><temp name="T33"/></temps></instruction><instruction code="INCML T1016, 0"><temps name="use"/><temps name="def"><temp name="T1016"/></temps><temps name="in"><temp name="T34"/><temp name="T6"/><temp name="T33"/></temps><temps name="out"><temp name="T34"/><temp name="T6"/><temp name="T33"/></temps></instruction><instruction code="INCMH T1016, 0"><temps name="use"/><temps name="def"><temp name="T1016"/></temps><temps name="in"><temp name="T34"/><temp name="T6"/><temp name="T33"/></temps><temps name="out"><temp name="T34"/><temp name="T6"/><temp name="T33"/></temps></instruction><instruction code="INCH  T1016, 0"><temps name="use"/><temps name="def"><temp name="T1016"/></temps><temps name="in"><temp name="T34"/><temp name="T6"/><temp name="T33"/></temps><temps name="out"><temp name="T34"/><temp name="T6"/><temp name="T1016"/><temp name="T33"/></temps></instruction><instruction code="OR T35, T1016, 0"><temps name="use"><temp name="T1016"/></temps><temps name="def"><temp name="T35"/></temps><temps name="in"><temp name="T34"/><temp name="T6"/><temp name="T1016"/><temp name="T33"/></temps><temps name="out"><temp name="T34"/><temp name="T6"/><temp name="T33"/><temp name="T35"/></temps></instruction><instruction code="DIV T1017, T34, T35"><temps name="use"><temp name="T34"/><temp name="T35"/></temps><temps name="def"><temp name="T1017"/></temps><temps name="in"><temp name="T34"/><temp name="T6"/><temp name="T33"/><temp name="T35"/></temps><temps name="out"><temp name="T6"/><temp name="T33"/></temps></instruction><instruction code="OR T1017, rR, 0"><temps name="use"/><temps name="def"><temp name="T1017"/></temps><temps name="in"><temp name="T6"/><temp name="T33"/></temps><temps name="out"><temp name="T6"/><temp name="T1017"/><temp name="T33"/></temps></instruction><instruction code="OR T36, T1017, 0"><temps name="use"><temp name="T1017"/></temps><temps name="def"><temp name="T36"/></temps><temps name="in"><temp name="T6"/><temp name="T1017"/><temp name="T33"/></temps><temps name="out"><temp name="T36"/><temp name="T6"/><temp name="T33"/></temps></instruction><instruction code="STO T33, $254, 8"><temps name="use"><temp name="T33"/></temps><temps name="def"/><temps name="in"><temp name="T36"/><temp name="T6"/><temp name="T33"/></temps><temps name="out"><temp name="T36"/><temp name="T6"/></temps></instruction><instruction code="STO T36, $254, 16"><temps name="use"><temp name="T36"/></temps><temps name="def"/><temps name="in"><temp name="T36"/><temp name="T6"/></temps><temps name="out"><temp name="T6"/></temps></instruction><instruction code="LDA T1018, _putChar"><temps name="use"/><temps name="def"><temp name="T1018"/></temps><temps name="in"><temp name="T6"/></temps><temps name="out"><temp name="T1018"/><temp name="T6"/></temps></instruction><instruction code="PUSHJ $16, T1018, 0"><temps name="use"><temp name="T1018"/></temps><temps name="def"/><temps name="in"><temp name="T1018"/><temp name="T6"/></temps><temps name="out"><temp name="T6"/></temps></instruction><instruction code="LDO T1019, $254, 0"><temps name="use"/><temps name="def"><temp name="T1019"/></temps><temps name="in"><temp name="T6"/></temps><temps name="out"><temp name="T6"/><temp name="T1019"/></temps></instruction><instruction code="OR T37, T1019, 0"><temps name="use"><temp name="T1019"/></temps><temps name="def"><temp name="T37"/></temps><temps name="in"><temp name="T6"/><temp name="T1019"/></temps><temps name="out"><temp name="T6"/></temps></instruction><instruction code="SETL  T1020, 1"><temps name="use"/><temps name="def"><temp name="T1020"/></temps><temps name="in"><temp name="T6"/></temps><temps name="out"><temp name="T6"/></temps></instruction><instruction code="INCML T1020, 0"><temps name="use"/><temps name="def"><temp name="T1020"/></temps><temps name="in"><temp name="T6"/></temps><temps name="out"><temp name="T6"/></temps></instruction><instruction code="INCMH T1020, 0"><temps name="use"/><temps name="def"><temp name="T1020"/></temps><temps name="in"><temp name="T6"/></temps><temps name="out"><temp name="T6"/></temps></instruction><instruction code="INCH  T1020, 0"><temps name="use"/><temps name="def"><temp name="T1020"/></temps><temps name="in"><temp name="T6"/></temps><temps name="out"><temp name="T6"/><temp name="T1020"/></temps></instruction><instruction code="OR T38, T1020, 0"><temps name="use"><temp name="T1020"/></temps><temps name="def"><temp name="T38"/></temps><temps name="in"><temp name="T6"/><temp name="T1020"/></temps><temps name="out"><temp name="T6"/><temp name="T38"/></temps></instruction><instruction code="SETL  T1021, 8"><temps name="use"/><temps name="def"><temp name="T1021"/></temps><temps name="in"><temp name="T6"/><temp name="T38"/></temps><temps name="out"><temp name="T6"/><temp name="T38"/></temps></instruction><instruction code="INCML T1021, 0"><temps name="use"/><temps name="def"><temp name="T1021"/></temps><temps name="in"><temp name="T6"/><temp name="T38"/></temps><temps name="out"><temp name="T6"/><temp name="T38"/></temps></instruction><instruction code="INCMH T1021, 0"><temps name="use"/><temps name="def"><temp name="T1021"/></temps><temps name="in"><temp name="T6"/><temp name="T38"/></temps><temps name="out"><temp name="T6"/><temp name="T38"/></temps></instruction><instruction code="INCH  T1021, 0"><temps name="use"/><temps name="def"><temp name="T1021"/></temps><temps name="in"><temp name="T6"/><temp name="T38"/></temps><temps name="out"><temp name="T1021"/><temp name="T6"/><temp name="T38"/></temps></instruction><instruction code="NEG T1021, 0, T1021"><temps name="use"><temp name="T1021"/></temps><temps name="def"><temp name="T1021"/></temps><temps name="in"><temp name="T1021"/><temp name="T6"/><temp name="T38"/></temps><temps name="out"><temp name="T6"/><temp name="T1021"/><temp name="T38"/></temps></instruction><instruction code="ADD T1022, T6, T1021"><temps name="use"><temp name="T6"/><temp name="T1021"/></temps><temps name="def"><temp name="T1022"/></temps><temps name="in"><temp name="T6"/><temp name="T1021"/><temp name="T38"/></temps><temps name="out"><temp name="T6"/><temp name="T1022"/><temp name="T38"/></temps></instruction><instruction code="STO T1022, T38, 0"><temps name="use"><temp name="T1022"/><temp name="T38"/></temps><temps name="def"/><temps name="in"><temp name="T6"/><temp name="T1022"/><temp name="T38"/></temps><temps name="out"><temp name="T6"/></temps></instruction><instruction code="L7"><temps name="use"/><temps name="def"/><temps name="in"><temp name="T6"/></temps><temps name="out"><temp name="T6"/></temps></instruction><instruction code="OR T39, T6, 0"><temps name="use"><temp name="T6"/></temps><temps name="def"><temp name="T39"/></temps><temps name="in"><temp name="T6"/></temps><temps name="out"><temp name="T6"/><temp name="T39"/></temps></instruction><instruction code="SETL  T1024, 8"><temps name="use"/><temps name="def"><temp name="T1024"/></temps><temps name="in"><temp name="T6"/><temp name="T39"/></temps><temps name="out"><temp name="T6"/><temp name="T39"/></temps></instruction><instruction code="INCML T1024, 0"><temps name="use"/><temps name="def"><temp name="T1024"/></temps><temps name="in"><temp name="T6"/><temp name="T39"/></temps><temps name="out"><temp name="T6"/><temp name="T39"/></temps></instruction><instruction code="INCMH T1024, 0"><temps name="use"/><temps name="def"><temp name="T1024"/></temps><temps name="in"><temp name="T6"/><temp name="T39"/></temps><temps name="out"><temp name="T6"/><temp name="T39"/></temps></instruction><instruction code="INCH  T1024, 0"><temps name="use"/><temps name="def"><temp name="T1024"/></temps><temps name="in"><temp name="T6"/><temp name="T39"/></temps><temps name="out"><temp name="T6"/><temp name="T1024"/><temp name="T39"/></temps></instruction><instruction code="NEG T1024, 0, T1024"><temps name="use"><temp name="T1024"/></temps><temps name="def"><temp name="T1024"/></temps><temps name="in"><temp name="T6"/><temp name="T1024"/><temp name="T39"/></temps><temps name="out"><temp name="T6"/><temp name="T1024"/><temp name="T39"/></temps></instruction><instruction code="OR T40, T1024, 0"><temps name="use"><temp name="T1024"/></temps><temps name="def"><temp name="T40"/></temps><temps name="in"><temp name="T6"/><temp name="T1024"/><temp name="T39"/></temps><temps name="out"><temp name="T6"/><temp name="T40"/><temp name="T39"/></temps></instruction><instruction code="ADD T1025, T39, T40"><temps name="use"><temp name="T39"/><temp name="T40"/></temps><temps name="def"><temp name="T1025"/></temps><temps name="in"><temp name="T6"/><temp name="T40"/><temp name="T39"/></temps><temps name="out"><temp name="T6"/><temp name="T1025"/></temps></instruction><instruction code="OR T41, T1025, 0"><temps name="use"><temp name="T1025"/></temps><temps name="def"><temp name="T41"/></temps><temps name="in"><temp name="T6"/><temp name="T1025"/></temps><temps name="out"><temp name="T6"/><temp name="T41"/></temps></instruction><instruction code="OR T42, T41, 0"><temps name="use"><temp name="T41"/></temps><temps name="def"><temp name="T42"/></temps><temps name="in"><temp name="T6"/><temp name="T41"/></temps><temps name="out"><temp name="T6"/><temp name="T42"/></temps></instruction><instruction code="SETL  T1027, 10"><temps name="use"/><temps name="def"><temp name="T1027"/></temps><temps name="in"><temp name="T6"/><temp name="T42"/></temps><temps name="out"><temp name="T6"/><temp name="T42"/></temps></instruction><instruction code="INCML T1027, 0"><temps name="use"/><temps name="def"><temp name="T1027"/></temps><temps name="in"><temp name="T6"/><temp name="T42"/></temps><temps name="out"><temp name="T6"/><temp name="T42"/></temps></instruction><instruction code="INCMH T1027, 0"><temps name="use"/><temps name="def"><temp name="T1027"/></temps><temps name="in"><temp name="T6"/><temp name="T42"/></temps><temps name="out"><temp name="T6"/><temp name="T42"/></temps></instruction><instruction code="INCH  T1027, 0"><temps name="use"/><temps name="def"><temp name="T1027"/></temps><temps name="in"><temp name="T6"/><temp name="T42"/></temps><temps name="out"><temp name="T6"/><temp name="T42"/><temp name="T1027"/></temps></instruction><instruction code="OR T43, T1027, 0"><temps name="use"><temp name="T1027"/></temps><temps name="def"><temp name="T43"/></temps><temps name="in"><temp name="T6"/><temp name="T42"/><temp name="T1027"/></temps><temps name="out"><temp name="T6"/><temp name="T42"/><temp name="T43"/></temps></instruction><instruction code="CMP T1028, T42, T43"><temps name="use"><temp name="T42"/><temp name="T43"/></temps><temps name="def"><temp name="T1028"/></temps><temps name="in"><temp name="T6"/><temp name="T42"/><temp name="T43"/></temps><temps name="out"><temp name="T6"/><temp name="T1028"/></temps></instruction><instruction code="ZSNP T1028, T1028, 1"><temps name="use"><temp name="T1028"/></temps><temps name="def"><temp name="T1028"/></temps><temps name="in"><temp name="T6"/><temp name="T1028"/></temps><temps name="out"><temp name="T6"/><temp name="T1028"/></temps></instruction><instruction code="OR T44, T1028, 0"><temps name="use"><temp name="T1028"/></temps><temps name="def"><temp name="T44"/></temps><temps name="in"><temp name="T6"/><temp name="T1028"/></temps><temps name="out"><temp name="T6"/><temp name="T44"/></temps></instruction><instruction code="BNZ T44, L8"><temps name="use"><temp name="T44"/></temps><temps name="def"/><temps name="in"><temp name="T6"/><temp name="T44"/></temps><temps name="out"><temp name="T6"/></temps></instruction><instruction code="L106"><temps name="use"/><temps name="def"/><temps name="in"><temp name="T6"/></temps><temps name="out"><temp name="T6"/></temps></instruction><instruction code="LDA T1029, L9"><temps name="use"/><temps name="def"><temp name="T1029"/></temps><temps name="in"><temp name="T6"/></temps><temps name="out"><temp name="T1029"/><temp name="T6"/></temps></instruction><instruction code="GO T1029, T1029, 0"><temps name="use"><temp name="T1029"/></temps><temps name="def"><temp name="T1029"/></temps><temps name="in"><temp name="T1029"/><temp name="T6"/></temps><temps name="out"><temp name="T6"/></temps></instruction><instruction code="L8"><temps name="use"/><temps name="def"/><temps name="in"><temp name="T6"/></temps><temps name="out"><temp name="T6"/></temps></instruction><instruction code="SETL  T1030, 0"><temps name="use"/><temps name="def"><temp name="T1030"/></temps><temps name="in"><temp name="T6"/></temps><temps name="out"><temp name="T6"/></temps></instruction><instruction code="INCML T1030, 0"><temps name="use"/><temps name="def"><temp name="T1030"/></temps><temps name="in"><temp name="T6"/></temps><temps name="out"><temp name="T6"/></temps></instruction><instruction code="INCMH T1030, 0"><temps name="use"/><temps name="def"><temp name="T1030"/></temps><temps name="in"><temp name="T6"/></temps><temps name="out"><temp name="T6"/></temps></instruction><instruction code="INCH  T1030, 0"><temps name="use"/><temps name="def"><temp name="T1030"/></temps><temps name="in"><temp name="T6"/></temps><temps name="out"><temp name="T1030"/><temp name="T6"/></temps></instruction><instruction code="OR T45, T1030, 0"><temps name="use"><temp name="T1030"/></temps><temps name="def"><temp name="T45"/></temps><temps name="in"><temp name="T1030"/><temp name="T6"/></temps><temps name="out"><temp name="T6"/><temp name="T45"/></temps></instruction><instruction code="OR T46, T6, 0"><temps name="use"><temp name="T6"/></temps><temps name="def"><temp name="T46"/></temps><temps name="in"><temp name="T6"/><temp name="T45"/></temps><temps name="out"><temp name="T6"/><temp name="T45"/><temp name="T46"/></temps></instruction><instruction code="SETL  T1031, 8"><temps name="use"/><temps name="def"><temp name="T1031"/></temps><temps name="in"><temp name="T6"/><temp name="T45"/><temp name="T46"/></temps><temps name="out"><temp name="T6"/><temp name="T45"/><temp name="T46"/></temps></instruction><instruction code="INCML T1031, 0"><temps name="use"/><temps name="def"><temp name="T1031"/></temps><temps name="in"><temp name="T6"/><temp name="T45"/><temp name="T46"/></temps><temps name="out"><temp name="T6"/><temp name="T45"/><temp name="T46"/></temps></instruction><instruction code="INCMH T1031, 0"><temps name="use"/><temps name="def"><temp name="T1031"/></temps><temps name="in"><temp name="T6"/><temp name="T45"/><temp name="T46"/></temps><temps name="out"><temp name="T6"/><temp name="T45"/><temp name="T46"/></temps></instruction><instruction code="INCH  T1031, 0"><temps name="use"/><temps name="def"><temp name="T1031"/></temps><temps name="in"><temp name="T6"/><temp name="T45"/><temp name="T46"/></temps><temps name="out"><temp name="T6"/><temp name="T45"/><temp name="T1031"/><temp name="T46"/></temps></instruction><instruction code="NEG T1031, 0, T1031"><temps name="use"><temp name="T1031"/></temps><temps name="def"><temp name="T1031"/></temps><temps name="in"><temp name="T6"/><temp name="T45"/><temp name="T1031"/><temp name="T46"/></temps><temps name="out"><temp name="T6"/><temp name="T45"/><temp name="T1031"/><temp name="T46"/></temps></instruction><instruction code="OR T47, T1031, 0"><temps name="use"><temp name="T1031"/></temps><temps name="def"><temp name="T47"/></temps><temps name="in"><temp name="T6"/><temp name="T45"/><temp name="T1031"/><temp name="T46"/></temps><temps name="out"><temp name="T6"/><temp name="T45"/><temp name="T46"/><temp name="T47"/></temps></instruction><instruction code="ADD T1032, T46, T47"><temps name="use"><temp name="T46"/><temp name="T47"/></temps><temps name="def"><temp name="T1032"/></temps><temps name="in"><temp name="T6"/><temp name="T45"/><temp name="T46"/><temp name="T47"/></temps><temps name="out"><temp name="T6"/><temp name="T45"/><temp name="T1032"/></temps></instruction><instruction code="OR T48, T1032, 0"><temps name="use"><temp name="T1032"/></temps><temps name="def"><temp name="T48"/></temps><temps name="in"><temp name="T6"/><temp name="T45"/><temp name="T1032"/></temps><temps name="out"><temp name="T48"/><temp name="T6"/><temp name="T45"/></temps></instruction><instruction code="OR T49, T48, 0"><temps name="use"><temp name="T48"/></temps><temps name="def"><temp name="T49"/></temps><temps name="in"><temp name="T48"/><temp name="T6"/><temp name="T45"/></temps><temps name="out"><temp name="T6"/><temp name="T45"/><temp name="T49"/></temps></instruction><instruction code="STO T45, $254, 8"><temps name="use"><temp name="T45"/></temps><temps name="def"/><temps name="in"><temp name="T6"/><temp name="T45"/><temp name="T49"/></temps><temps name="out"><temp name="T6"/><temp name="T49"/></temps></instruction><instruction code="STO T49, $254, 16"><temps name="use"><temp name="T49"/></temps><temps name="def"/><temps name="in"><temp name="T6"/><temp name="T49"/></temps><temps name="out"><temp name="T6"/></temps></instruction><instruction code="LDA T1034, _putInt"><temps name="use"/><temps name="def"><temp name="T1034"/></temps><temps name="in"><temp name="T6"/></temps><temps name="out"><temp name="T1034"/><temp name="T6"/></temps></instruction><instruction code="PUSHJ $16, T1034, 0"><temps name="use"><temp name="T1034"/></temps><temps name="def"/><temps name="in"><temp name="T1034"/><temp name="T6"/></temps><temps name="out"><temp name="T6"/></temps></instruction><instruction code="LDO T1035, $254, 0"><temps name="use"/><temps name="def"><temp name="T1035"/></temps><temps name="in"><temp name="T6"/></temps><temps name="out"><temp name="T6"/><temp name="T1035"/></temps></instruction><instruction code="OR T50, T1035, 0"><temps name="use"><temp name="T1035"/></temps><temps name="def"><temp name="T50"/></temps><temps name="in"><temp name="T6"/><temp name="T1035"/></temps><temps name="out"><temp name="T6"/></temps></instruction><instruction code="SETL  T1036, 0"><temps name="use"/><temps name="def"><temp name="T1036"/></temps><temps name="in"><temp name="T6"/></temps><temps name="out"><temp name="T6"/></temps></instruction><instruction code="INCML T1036, 0"><temps name="use"/><temps name="def"><temp name="T1036"/></temps><temps name="in"><temp name="T6"/></temps><temps name="out"><temp name="T6"/></temps></instruction><instruction code="INCMH T1036, 0"><temps name="use"/><temps name="def"><temp name="T1036"/></temps><temps name="in"><temp name="T6"/></temps><temps name="out"><temp name="T6"/></temps></instruction><instruction code="INCH  T1036, 0"><temps name="use"/><temps name="def"><temp name="T1036"/></temps><temps name="in"><temp name="T6"/></temps><temps name="out"><temp name="T1036"/><temp name="T6"/></temps></instruction><instruction code="OR T51, T1036, 0"><temps name="use"><temp name="T1036"/></temps><temps name="def"><temp name="T51"/></temps><temps name="in"><temp name="T1036"/><temp name="T6"/></temps><temps name="out"><temp name="T51"/><temp name="T6"/></temps></instruction><instruction code="LDA T1037, L6"><temps name="use"/><temps name="def"><temp name="T1037"/></temps><temps name="in"><temp name="T51"/><temp name="T6"/></temps><temps name="out"><temp name="T51"/><temp name="T6"/><temp name="T1037"/></temps></instruction><instruction code="OR T52, T1037, 0"><temps name="use"><temp name="T1037"/></temps><temps name="def"><temp name="T52"/></temps><temps name="in"><temp name="T51"/><temp name="T6"/><temp name="T1037"/></temps><temps name="out"><temp name="T51"/><temp name="T6"/><temp name="T52"/></temps></instruction><instruction code="STO T51, $254, 8"><temps name="use"><temp name="T51"/></temps><temps name="def"/><temps name="in"><temp name="T51"/><temp name="T6"/><temp name="T52"/></temps><temps name="out"><temp name="T6"/><temp name="T52"/></temps></instruction><instruction code="STO T52, $254, 16"><temps name="use"><temp name="T52"/></temps><temps name="def"/><temps name="in"><temp name="T6"/><temp name="T52"/></temps><temps name="out"><temp name="T6"/></temps></instruction><instruction code="LDA T1038, _putString"><temps name="use"/><temps name="def"><temp name="T1038"/></temps><temps name="in"><temp name="T6"/></temps><temps name="out"><temp name="T6"/><temp name="T1038"/></temps></instruction><instruction code="PUSHJ $16, T1038, 0"><temps name="use"><temp name="T1038"/></temps><temps name="def"/><temps name="in"><temp name="T6"/><temp name="T1038"/></temps><temps name="out"><temp name="T6"/></temps></instruction><instruction code="LDO T1039, $254, 0"><temps name="use"/><temps name="def"><temp name="T1039"/></temps><temps name="in"><temp name="T6"/></temps><temps name="out"><temp name="T6"/><temp name="T1039"/></temps></instruction><instruction code="OR T53, T1039, 0"><temps name="use"><temp name="T1039"/></temps><temps name="def"><temp name="T53"/></temps><temps name="in"><temp name="T6"/><temp name="T1039"/></temps><temps name="out"><temp name="T6"/></temps></instruction><instruction code="SETL  T1040, 0"><temps name="use"/><temps name="def"><temp name="T1040"/></temps><temps name="in"><temp name="T6"/></temps><temps name="out"><temp name="T6"/></temps></instruction><instruction code="INCML T1040, 0"><temps name="use"/><temps name="def"><temp name="T1040"/></temps><temps name="in"><temp name="T6"/></temps><temps name="out"><temp name="T6"/></temps></instruction><instruction code="INCMH T1040, 0"><temps name="use"/><temps name="def"><temp name="T1040"/></temps><temps name="in"><temp name="T6"/></temps><temps name="out"><temp name="T6"/></temps></instruction><instruction code="INCH  T1040, 0"><temps name="use"/><temps name="def"><temp name="T1040"/></temps><temps name="in"><temp name="T6"/></temps><temps name="out"><temp name="T6"/><temp name="T1040"/></temps></instruction><instruction code="OR T54, T1040, 0"><temps name="use"><temp name="T1040"/></temps><temps name="def"><temp name="T54"/></temps><temps name="in"><temp name="T6"/><temp name="T1040"/></temps><temps name="out"><temp name="T54"/><temp name="T6"/></temps></instruction><instruction code="SETL  T1041, 0"><temps name="use"/><temps name="def"><temp name="T1041"/></temps><temps name="in"><temp name="T54"/><temp name="T6"/></temps><temps name="out"><temp name="T54"/><temp name="T6"/></temps></instruction><instruction code="INCML T1041, 0"><temps name="use"/><temps name="def"><temp name="T1041"/></temps><temps name="in"><temp name="T54"/><temp name="T6"/></temps><temps name="out"><temp name="T54"/><temp name="T6"/></temps></instruction><instruction code="INCMH T1041, 0"><temps name="use"/><temps name="def"><temp name="T1041"/></temps><temps name="in"><temp name="T54"/><temp name="T6"/></temps><temps name="out"><temp name="T54"/><temp name="T6"/></temps></instruction><instruction code="INCH  T1041, 0"><temps name="use"/><temps name="def"><temp name="T1041"/></temps><temps name="in"><temp name="T54"/><temp name="T6"/></temps><temps name="out"><temp name="T54"/><temp name="T6"/><temp name="T1041"/></temps></instruction><instruction code="OR T55, T1041, 0"><temps name="use"><temp name="T1041"/></temps><temps name="def"><temp name="T55"/></temps><temps name="in"><temp name="T54"/><temp name="T6"/><temp name="T1041"/></temps><temps name="out"><temp name="T54"/><temp name="T6"/><temp name="T55"/></temps></instruction><instruction code="OR T56, T6, 0"><temps name="use"><temp name="T6"/></temps><temps name="def"><temp name="T56"/></temps><temps name="in"><temp name="T54"/><temp name="T6"/><temp name="T55"/></temps><temps name="out"><temp name="T54"/><temp name="T6"/><temp name="T55"/><temp name="T56"/></temps></instruction><instruction code="SETL  T1042, 8"><temps name="use"/><temps name="def"><temp name="T1042"/></temps><temps name="in"><temp name="T54"/><temp name="T6"/><temp name="T55"/><temp name="T56"/></temps><temps name="out"><temp name="T54"/><temp name="T6"/><temp name="T55"/><temp name="T56"/></temps></instruction><instruction code="INCML T1042, 0"><temps name="use"/><temps name="def"><temp name="T1042"/></temps><temps name="in"><temp name="T54"/><temp name="T6"/><temp name="T55"/><temp name="T56"/></temps><temps name="out"><temp name="T54"/><temp name="T6"/><temp name="T55"/><temp name="T56"/></temps></instruction><instruction code="INCMH T1042, 0"><temps name="use"/><temps name="def"><temp name="T1042"/></temps><temps name="in"><temp name="T54"/><temp name="T6"/><temp name="T55"/><temp name="T56"/></temps><temps name="out"><temp name="T54"/><temp name="T6"/><temp name="T55"/><temp name="T56"/></temps></instruction><instruction code="INCH  T1042, 0"><temps name="use"/><temps name="def"><temp name="T1042"/></temps><temps name="in"><temp name="T54"/><temp name="T6"/><temp name="T55"/><temp name="T56"/></temps><temps name="out"><temp name="T1042"/><temp name="T54"/><temp name="T6"/><temp name="T55"/><temp name="T56"/></temps></instruction><instruction code="NEG T1042, 0, T1042"><temps name="use"><temp name="T1042"/></temps><temps name="def"><temp name="T1042"/></temps><temps name="in"><temp name="T1042"/><temp name="T54"/><temp name="T6"/><temp name="T55"/><temp name="T56"/></temps><temps name="out"><temp name="T1042"/><temp name="T54"/><temp name="T6"/><temp name="T55"/><temp name="T56"/></temps></instruction><instruction code="OR T57, T1042, 0"><temps name="use"><temp name="T1042"/></temps><temps name="def"><temp name="T57"/></temps><temps name="in"><temp name="T1042"/><temp name="T54"/><temp name="T6"/><temp name="T55"/><temp name="T56"/></temps><temps name="out"><temp name="T57"/><temp name="T54"/><temp name="T6"/><temp name="T55"/><temp name="T56"/></temps></instruction><instruction code="ADD T1043, T56, T57"><temps name="use"><temp name="T56"/><temp name="T57"/></temps><temps name="def"><temp name="T1043"/></temps><temps name="in"><temp name="T57"/><temp name="T54"/><temp name="T6"/><temp name="T55"/><temp name="T56"/></temps><temps name="out"><temp name="T54"/><temp name="T6"/><temp name="T1043"/><temp name="T55"/></temps></instruction><instruction code="OR T58, T1043, 0"><temps name="use"><temp name="T1043"/></temps><temps name="def"><temp name="T58"/></temps><temps name="in"><temp name="T54"/><temp name="T6"/><temp name="T1043"/><temp name="T55"/></temps><temps name="out"><temp name="T54"/><temp name="T6"/><temp name="T55"/><temp name="T58"/></temps></instruction><instruction code="OR T59, T58, 0"><temps name="use"><temp name="T58"/></temps><temps name="def"><temp name="T59"/></temps><temps name="in"><temp name="T54"/><temp name="T6"/><temp name="T55"/><temp name="T58"/></temps><temps name="out"><temp name="T54"/><temp name="T6"/><temp name="T55"/><temp name="T59"/></temps></instruction><instruction code="STO T55, $254, 8"><temps name="use"><temp name="T55"/></temps><temps name="def"/><temps name="in"><temp name="T54"/><temp name="T6"/><temp name="T55"/><temp name="T59"/></temps><temps name="out"><temp name="T54"/><temp name="T6"/><temp name="T59"/></temps></instruction><instruction code="STO T59, $254, 16"><temps name="use"><temp name="T59"/></temps><temps name="def"/><temps name="in"><temp name="T54"/><temp name="T6"/><temp name="T59"/></temps><temps name="out"><temp name="T54"/><temp name="T6"/></temps></instruction><instruction code="LDA T1045, _facItr"><temps name="use"/><temps name="def"><temp name="T1045"/></temps><temps name="in"><temp name="T54"/><temp name="T6"/></temps><temps name="out"><temp name="T54"/><temp name="T6"/><temp name="T1045"/></temps></instruction><instruction code="PUSHJ $16, T1045, 0"><temps name="use"><temp name="T1045"/></temps><temps name="def"/><temps name="in"><temp name="T54"/><temp name="T6"/><temp name="T1045"/></temps><temps name="out"><temp name="T54"/><temp name="T6"/></temps></instruction><instruction code="LDO T1046, $254, 0"><temps name="use"/><temps name="def"><temp name="T1046"/></temps><temps name="in"><temp name="T54"/><temp name="T6"/></temps><temps name="out"><temp name="T54"/><temp name="T6"/><temp name="T1046"/></temps></instruction><instruction code="OR T60, T1046, 0"><temps name="use"><temp name="T1046"/></temps><temps name="def"><temp name="T60"/></temps><temps name="in"><temp name="T54"/><temp name="T6"/><temp name="T1046"/></temps><temps name="out"><temp name="T54"/><temp name="T6"/><temp name="T60"/></temps></instruction><instruction code="STO T54, $254, 8"><temps name="use"><temp name="T54"/></temps><temps name="def"/><temps name="in"><temp name="T54"/><temp name="T6"/><temp name="T60"/></temps><temps name="out"><temp name="T6"/><temp name="T60"/></temps></instruction><instruction code="STO T60, $254, 16"><temps name="use"><temp name="T60"/></temps><temps name="def"/><temps name="in"><temp name="T6"/><temp name="T60"/></temps><temps name="out"><temp name="T6"/></temps></instruction><instruction code="LDA T1047, _putInt"><temps name="use"/><temps name="def"><temp name="T1047"/></temps><temps name="in"><temp name="T6"/></temps><temps name="out"><temp name="T6"/><temp name="T1047"/></temps></instruction><instruction code="PUSHJ $16, T1047, 0"><temps name="use"><temp name="T1047"/></temps><temps name="def"/><temps name="in"><temp name="T6"/><temp name="T1047"/></temps><temps name="out"><temp name="T6"/></temps></instruction><instruction code="LDO T1048, $254, 0"><temps name="use"/><temps name="def"><temp name="T1048"/></temps><temps name="in"><temp name="T6"/></temps><temps name="out"><temp name="T6"/><temp name="T1048"/></temps></instruction><instruction code="OR T61, T1048, 0"><temps name="use"><temp name="T1048"/></temps><temps name="def"><temp name="T61"/></temps><temps name="in"><temp name="T6"/><temp name="T1048"/></temps><temps name="out"><temp name="T6"/></temps></instruction><instruction code="SETL  T1049, 0"><temps name="use"/><temps name="def"><temp name="T1049"/></temps><temps name="in"><temp name="T6"/></temps><temps name="out"><temp name="T6"/></temps></instruction><instruction code="INCML T1049, 0"><temps name="use"/><temps name="def"><temp name="T1049"/></temps><temps name="in"><temp name="T6"/></temps><temps name="out"><temp name="T6"/></temps></instruction><instruction code="INCMH T1049, 0"><temps name="use"/><temps name="def"><temp name="T1049"/></temps><temps name="in"><temp name="T6"/></temps><temps name="out"><temp name="T6"/></temps></instruction><instruction code="INCH  T1049, 0"><temps name="use"/><temps name="def"><temp name="T1049"/></temps><temps name="in"><temp name="T6"/></temps><temps name="out"><temp name="T6"/><temp name="T1049"/></temps></instruction><instruction code="OR T62, T1049, 0"><temps name="use"><temp name="T1049"/></temps><temps name="def"><temp name="T62"/></temps><temps name="in"><temp name="T6"/><temp name="T1049"/></temps><temps name="out"><temp name="T6"/><temp name="T62"/></temps></instruction><instruction code="SETL  T1050, 10"><temps name="use"/><temps name="def"><temp name="T1050"/></temps><temps name="in"><temp name="T6"/><temp name="T62"/></temps><temps name="out"><temp name="T6"/><temp name="T62"/></temps></instruction><instruction code="INCML T1050, 0"><temps name="use"/><temps name="def"><temp name="T1050"/></temps><temps name="in"><temp name="T6"/><temp name="T62"/></temps><temps name="out"><temp name="T6"/><temp name="T62"/></temps></instruction><instruction code="INCMH T1050, 0"><temps name="use"/><temps name="def"><temp name="T1050"/></temps><temps name="in"><temp name="T6"/><temp name="T62"/></temps><temps name="out"><temp name="T6"/><temp name="T62"/></temps></instruction><instruction code="INCH  T1050, 0"><temps name="use"/><temps name="def"><temp name="T1050"/></temps><temps name="in"><temp name="T6"/><temp name="T62"/></temps><temps name="out"><temp name="T6"/><temp name="T1050"/><temp name="T62"/></temps></instruction><instruction code="OR T63, T1050, 0"><temps name="use"><temp name="T1050"/></temps><temps name="def"><temp name="T63"/></temps><temps name="in"><temp name="T6"/><temp name="T1050"/><temp name="T62"/></temps><temps name="out"><temp name="T6"/><temp name="T62"/><temp name="T63"/></temps></instruction><instruction code="SETL  T1051, 256"><temps name="use"/><temps name="def"><temp name="T1051"/></temps><temps name="in"><temp name="T6"/><temp name="T62"/><temp name="T63"/></temps><temps name="out"><temp name="T6"/><temp name="T62"/><temp name="T63"/></temps></instruction><instruction code="INCML T1051, 0"><temps name="use"/><temps name="def"><temp name="T1051"/></temps><temps name="in"><temp name="T6"/><temp name="T62"/><temp name="T63"/></temps><temps name="out"><temp name="T6"/><temp name="T62"/><temp name="T63"/></temps></instruction><instruction code="INCMH T1051, 0"><temps name="use"/><temps name="def"><temp name="T1051"/></temps><temps name="in"><temp name="T6"/><temp name="T62"/><temp name="T63"/></temps><temps name="out"><temp name="T6"/><temp name="T62"/><temp name="T63"/></temps></instruction><instruction code="INCH  T1051, 0"><temps name="use"/><temps name="def"><temp name="T1051"/></temps><temps name="in"><temp name="T6"/><temp name="T62"/><temp name="T63"/></temps><temps name="out"><temp name="T6"/><temp name="T62"/><temp name="T1051"/><temp name="T63"/></temps></instruction><instruction code="OR T64, T1051, 0"><temps name="use"><temp name="T1051"/></temps><temps name="def"><temp name="T64"/></temps><temps name="in"><temp name="T6"/><temp name="T62"/><temp name="T1051"/><temp name="T63"/></temps><temps name="out"><temp name="T6"/><temp name="T62"/><temp name="T64"/><temp name="T63"/></temps></instruction><instruction code="DIV T1052, T63, T64"><temps name="use"><temp name="T63"/><temp name="T64"/></temps><temps name="def"><temp name="T1052"/></temps><temps name="in"><temp name="T6"/><temp name="T62"/><temp name="T64"/><temp name="T63"/></temps><temps name="out"><temp name="T6"/><temp name="T62"/></temps></instruction><instruction code="OR T1052, rR, 0"><temps name="use"/><temps name="def"><temp name="T1052"/></temps><temps name="in"><temp name="T6"/><temp name="T62"/></temps><temps name="out"><temp name="T6"/><temp name="T1052"/><temp name="T62"/></temps></instruction><instruction code="OR T65, T1052, 0"><temps name="use"><temp name="T1052"/></temps><temps name="def"><temp name="T65"/></temps><temps name="in"><temp name="T6"/><temp name="T1052"/><temp name="T62"/></temps><temps name="out"><temp name="T6"/><temp name="T62"/><temp name="T65"/></temps></instruction><instruction code="STO T62, $254, 8"><temps name="use"><temp name="T62"/></temps><temps name="def"/><temps name="in"><temp name="T6"/><temp name="T62"/><temp name="T65"/></temps><temps name="out"><temp name="T6"/><temp name="T65"/></temps></instruction><instruction code="STO T65, $254, 16"><temps name="use"><temp name="T65"/></temps><temps name="def"/><temps name="in"><temp name="T6"/><temp name="T65"/></temps><temps name="out"><temp name="T6"/></temps></instruction><instruction code="LDA T1053, _putChar"><temps name="use"/><temps name="def"><temp name="T1053"/></temps><temps name="in"><temp name="T6"/></temps><temps name="out"><temp name="T6"/><temp name="T1053"/></temps></instruction><instruction code="PUSHJ $16, T1053, 0"><temps name="use"><temp name="T1053"/></temps><temps name="def"/><temps name="in"><temp name="T6"/><temp name="T1053"/></temps><temps name="out"><temp name="T6"/></temps></instruction><instruction code="LDO T1054, $254, 0"><temps name="use"/><temps name="def"><temp name="T1054"/></temps><temps name="in"><temp name="T6"/></temps><temps name="out"><temp name="T6"/><temp name="T1054"/></temps></instruction><instruction code="OR T66, T1054, 0"><temps name="use"><temp name="T1054"/></temps><temps name="def"><temp name="T66"/></temps><temps name="in"><temp name="T6"/><temp name="T1054"/></temps><temps name="out"><temp name="T6"/></temps></instruction><instruction code="OR T67, T6, 0"><temps name="use"><temp name="T6"/></temps><temps name="def"><temp name="T67"/></temps><temps name="in"><temp name="T6"/></temps><temps name="out"><temp name="T6"/><temp name="T67"/></temps></instruction><instruction code="SETL  T1055, 8"><temps name="use"/><temps name="def"><temp name="T1055"/></temps><temps name="in"><temp name="T6"/><temp name="T67"/></temps><temps name="out"><temp name="T6"/><temp name="T67"/></temps></instruction><instruction code="INCML T1055, 0"><temps name="use"/><temps name="def"><temp name="T1055"/></temps><temps name="in"><temp name="T6"/><temp name="T67"/></temps><temps name="out"><temp name="T6"/><temp name="T67"/></temps></instruction><instruction code="INCMH T1055, 0"><temps name="use"/><temps name="def"><temp name="T1055"/></temps><temps name="in"><temp name="T6"/><temp name="T67"/></temps><temps name="out"><temp name="T6"/><temp name="T67"/></temps></instruction><instruction code="INCH  T1055, 0"><temps name="use"/><temps name="def"><temp name="T1055"/></temps><temps name="in"><temp name="T6"/><temp name="T67"/></temps><temps name="out"><temp name="T6"/><temp name="T1055"/><temp name="T67"/></temps></instruction><instruction code="NEG T1055, 0, T1055"><temps name="use"><temp name="T1055"/></temps><temps name="def"><temp name="T1055"/></temps><temps name="in"><temp name="T6"/><temp name="T1055"/><temp name="T67"/></temps><temps name="out"><temp name="T6"/><temp name="T1055"/><temp name="T67"/></temps></instruction><instruction code="OR T68, T1055, 0"><temps name="use"><temp name="T1055"/></temps><temps name="def"><temp name="T68"/></temps><temps name="in"><temp name="T6"/><temp name="T1055"/><temp name="T67"/></temps><temps name="out"><temp name="T6"/><temp name="T67"/><temp name="T68"/></temps></instruction><instruction code="ADD T1056, T67, T68"><temps name="use"><temp name="T67"/><temp name="T68"/></temps><temps name="def"><temp name="T1056"/></temps><temps name="in"><temp name="T6"/><temp name="T67"/><temp name="T68"/></temps><temps name="out"><temp name="T6"/><temp name="T1056"/></temps></instruction><instruction code="OR T69, T1056, 0"><temps name="use"><temp name="T1056"/></temps><temps name="def"><temp name="T69"/></temps><temps name="in"><temp name="T6"/><temp name="T1056"/></temps><temps name="out"><temp name="T6"/><temp name="T69"/></temps></instruction><instruction code="OR T70, T69, 0"><temps name="use"><temp name="T69"/></temps><temps name="def"><temp name="T70"/></temps><temps name="in"><temp name="T6"/><temp name="T69"/></temps><temps name="out"><temp name="T6"/><temp name="T70"/></temps></instruction><instruction code="SETL  T1058, 1"><temps name="use"/><temps name="def"><temp name="T1058"/></temps><temps name="in"><temp name="T6"/><temp name="T70"/></temps><temps name="out"><temp name="T6"/><temp name="T70"/></temps></instruction><instruction code="INCML T1058, 0"><temps name="use"/><temps name="def"><temp name="T1058"/></temps><temps name="in"><temp name="T6"/><temp name="T70"/></temps><temps name="out"><temp name="T6"/><temp name="T70"/></temps></instruction><instruction code="INCMH T1058, 0"><temps name="use"/><temps name="def"><temp name="T1058"/></temps><temps name="in"><temp name="T6"/><temp name="T70"/></temps><temps name="out"><temp name="T6"/><temp name="T70"/></temps></instruction><instruction code="INCH  T1058, 0"><temps name="use"/><temps name="def"><temp name="T1058"/></temps><temps name="in"><temp name="T6"/><temp name="T70"/></temps><temps name="out"><temp name="T6"/><temp name="T70"/><temp name="T1058"/></temps></instruction><instruction code="OR T71, T1058, 0"><temps name="use"><temp name="T1058"/></temps><temps name="def"><temp name="T71"/></temps><temps name="in"><temp name="T6"/><temp name="T70"/><temp name="T1058"/></temps><temps name="out"><temp name="T6"/><temp name="T70"/><temp name="T71"/></temps></instruction><instruction code="ADD T1059, T70, T71"><temps name="use"><temp name="T70"/><temp name="T71"/></temps><temps name="def"><temp name="T1059"/></temps><temps name="in"><temp name="T6"/><temp name="T70"/><temp name="T71"/></temps><temps name="out"><temp name="T6"/><temp name="T1059"/></temps></instruction><instruction code="OR T72, T1059, 0"><temps name="use"><temp name="T1059"/></temps><temps name="def"><temp name="T72"/></temps><temps name="in"><temp name="T6"/><temp name="T1059"/></temps><temps name="out"><temp name="T6"/><temp name="T72"/></temps></instruction><instruction code="SETL  T1060, 8"><temps name="use"/><temps name="def"><temp name="T1060"/></temps><temps name="in"><temp name="T6"/><temp name="T72"/></temps><temps name="out"><temp name="T6"/><temp name="T72"/></temps></instruction><instruction code="INCML T1060, 0"><temps name="use"/><temps name="def"><temp name="T1060"/></temps><temps name="in"><temp name="T6"/><temp name="T72"/></temps><temps name="out"><temp name="T6"/><temp name="T72"/></temps></instruction><instruction code="INCMH T1060, 0"><temps name="use"/><temps name="def"><temp name="T1060"/></temps><temps name="in"><temp name="T6"/><temp name="T72"/></temps><temps name="out"><temp name="T6"/><temp name="T72"/></temps></instruction><instruction code="INCH  T1060, 0"><temps name="use"/><temps name="def"><temp name="T1060"/></temps><temps name="in"><temp name="T6"/><temp name="T72"/></temps><temps name="out"><temp name="T6"/><temp name="T72"/><temp name="T1060"/></temps></instruction><instruction code="NEG T1060, 0, T1060"><temps name="use"><temp name="T1060"/></temps><temps name="def"><temp name="T1060"/></temps><temps name="in"><temp name="T6"/><temp name="T72"/><temp name="T1060"/></temps><temps name="out"><temp name="T6"/><temp name="T72"/><temp name="T1060"/></temps></instruction><instruction code="ADD T1061, T6, T1060"><temps name="use"><temp name="T6"/><temp name="T1060"/></temps><temps name="def"><temp name="T1061"/></temps><temps name="in"><temp name="T6"/><temp name="T72"/><temp name="T1060"/></temps><temps name="out"><temp name="T6"/><temp name="T72"/><temp name="T1061"/></temps></instruction><instruction code="STO T1061, T72, 0"><temps name="use"><temp name="T1061"/><temp name="T72"/></temps><temps name="def"/><temps name="in"><temp name="T6"/><temp name="T72"/><temp name="T1061"/></temps><temps name="out"><temp name="T6"/></temps></instruction><instruction code="LDA T1063, L7"><temps name="use"/><temps name="def"><temp name="T1063"/></temps><temps name="in"><temp name="T6"/></temps><temps name="out"><temp name="T1063"/><temp name="T6"/></temps></instruction><instruction code="GO T1063, T1063, 0"><temps name="use"><temp name="T1063"/></temps><temps name="def"><temp name="T1063"/></temps><temps name="in"><temp name="T1063"/><temp name="T6"/></temps><temps name="out"><temp name="T6"/></temps></instruction><instruction code="L9"><temps name="use"/><temps name="def"/><temps name="in"><temp name="T6"/></temps><temps name="out"><temp name="T6"/></temps></instruction><instruction code="SETL  T1064, 0"><temps name="use"/><temps name="def"><temp name="T1064"/></temps><temps name="in"><temp name="T6"/></temps><temps name="out"><temp name="T6"/></temps></instruction><instruction code="INCML T1064, 0"><temps name="use"/><temps name="def"><temp name="T1064"/></temps><temps name="in"><temp name="T6"/></temps><temps name="out"><temp name="T6"/></temps></instruction><instruction code="INCMH T1064, 0"><temps name="use"/><temps name="def"><temp name="T1064"/></temps><temps name="in"><temp name="T6"/></temps><temps name="out"><temp name="T6"/></temps></instruction><instruction code="INCH  T1064, 0"><temps name="use"/><temps name="def"><temp name="T1064"/></temps><temps name="in"><temp name="T6"/></temps><temps name="out"><temp name="T6"/><temp name="T1064"/></temps></instruction><instruction code="OR T73, T1064, 0"><temps name="use"><temp name="T1064"/></temps><temps name="def"><temp name="T73"/></temps><temps name="in"><temp name="T6"/><temp name="T1064"/></temps><temps name="out"><temp name="T6"/><temp name="T73"/></temps></instruction><instruction code="LDA T1065, L10"><temps name="use"/><temps name="def"><temp name="T1065"/></temps><temps name="in"><temp name="T6"/><temp name="T73"/></temps><temps name="out"><temp name="T6"/><temp name="T1065"/><temp name="T73"/></temps></instruction><instruction code="OR T74, T1065, 0"><temps name="use"><temp name="T1065"/></temps><temps name="def"><temp name="T74"/></temps><temps name="in"><temp name="T6"/><temp name="T1065"/><temp name="T73"/></temps><temps name="out"><temp name="T6"/><temp name="T73"/><temp name="T74"/></temps></instruction><instruction code="STO T73, $254, 8"><temps name="use"><temp name="T73"/></temps><temps name="def"/><temps name="in"><temp name="T6"/><temp name="T73"/><temp name="T74"/></temps><temps name="out"><temp name="T6"/><temp name="T74"/></temps></instruction><instruction code="STO T74, $254, 16"><temps name="use"><temp name="T74"/></temps><temps name="def"/><temps name="in"><temp name="T6"/><temp name="T74"/></temps><temps name="out"><temp name="T6"/></temps></instruction><instruction code="LDA T1066, _putString"><temps name="use"/><temps name="def"><temp name="T1066"/></temps><temps name="in"><temp name="T6"/></temps><temps name="out"><temp name="T1066"/><temp name="T6"/></temps></instruction><instruction code="PUSHJ $16, T1066, 0"><temps name="use"><temp name="T1066"/></temps><temps name="def"/><temps name="in"><temp name="T1066"/><temp name="T6"/></temps><temps name="out"><temp name="T6"/></temps></instruction><instruction code="LDO T1067, $254, 0"><temps name="use"/><temps name="def"><temp name="T1067"/></temps><temps name="in"><temp name="T6"/></temps><temps name="out"><temp name="T6"/><temp name="T1067"/></temps></instruction><instruction code="OR T75, T1067, 0"><temps name="use"><temp name="T1067"/></temps><temps name="def"><temp name="T75"/></temps><temps name="in"><temp name="T6"/><temp name="T1067"/></temps><temps name="out"><temp name="T6"/></temps></instruction><instruction code="SETL  T1068, 0"><temps name="use"/><temps name="def"><temp name="T1068"/></temps><temps name="in"><temp name="T6"/></temps><temps name="out"><temp name="T6"/></temps></instruction><instruction code="INCML T1068, 0"><temps name="use"/><temps name="def"><temp name="T1068"/></temps><temps name="in"><temp name="T6"/></temps><temps name="out"><temp name="T6"/></temps></instruction><instruction code="INCMH T1068, 0"><temps name="use"/><temps name="def"><temp name="T1068"/></temps><temps name="in"><temp name="T6"/></temps><temps name="out"><temp name="T6"/></temps></instruction><instruction code="INCH  T1068, 0"><temps name="use"/><temps name="def"><temp name="T1068"/></temps><temps name="in"><temp name="T6"/></temps><temps name="out"><temp name="T6"/><temp name="T1068"/></temps></instruction><instruction code="OR T76, T1068, 0"><temps name="use"><temp name="T1068"/></temps><temps name="def"><temp name="T76"/></temps><temps name="in"><temp name="T6"/><temp name="T1068"/></temps><temps name="out"><temp name="T76"/><temp name="T6"/></temps></instruction><instruction code="SETL  T1069, 10"><temps name="use"/><temps name="def"><temp name="T1069"/></temps><temps name="in"><temp name="T76"/><temp name="T6"/></temps><temps name="out"><temp name="T76"/><temp name="T6"/></temps></instruction><instruction code="INCML T1069, 0"><temps name="use"/><temps name="def"><temp name="T1069"/></temps><temps name="in"><temp name="T76"/><temp name="T6"/></temps><temps name="out"><temp name="T76"/><temp name="T6"/></temps></instruction><instruction code="INCMH T1069, 0"><temps name="use"/><temps name="def"><temp name="T1069"/></temps><temps name="in"><temp name="T76"/><temp name="T6"/></temps><temps name="out"><temp name="T76"/><temp name="T6"/></temps></instruction><instruction code="INCH  T1069, 0"><temps name="use"/><temps name="def"><temp name="T1069"/></temps><temps name="in"><temp name="T76"/><temp name="T6"/></temps><temps name="out"><temp name="T76"/><temp name="T6"/><temp name="T1069"/></temps></instruction><instruction code="OR T77, T1069, 0"><temps name="use"><temp name="T1069"/></temps><temps name="def"><temp name="T77"/></temps><temps name="in"><temp name="T76"/><temp name="T6"/><temp name="T1069"/></temps><temps name="out"><temp name="T76"/><temp name="T6"/><temp name="T77"/></temps></instruction><instruction code="SETL  T1070, 256"><temps name="use"/><temps name="def"><temp name="T1070"/></temps><temps name="in"><temp name="T76"/><temp name="T6"/><temp name="T77"/></temps><temps name="out"><temp name="T76"/><temp name="T6"/><temp name="T77"/></temps></instruction><instruction code="INCML T1070, 0"><temps name="use"/><temps name="def"><temp name="T1070"/></temps><temps name="in"><temp name="T76"/><temp name="T6"/><temp name="T77"/></temps><temps name="out"><temp name="T76"/><temp name="T6"/><temp name="T77"/></temps></instruction><instruction code="INCMH T1070, 0"><temps name="use"/><temps name="def"><temp name="T1070"/></temps><temps name="in"><temp name="T76"/><temp name="T6"/><temp name="T77"/></temps><temps name="out"><temp name="T76"/><temp name="T6"/><temp name="T77"/></temps></instruction><instruction code="INCH  T1070, 0"><temps name="use"/><temps name="def"><temp name="T1070"/></temps><temps name="in"><temp name="T76"/><temp name="T6"/><temp name="T77"/></temps><temps name="out"><temp name="T76"/><temp name="T6"/><temp name="T1070"/><temp name="T77"/></temps></instruction><instruction code="OR T78, T1070, 0"><temps name="use"><temp name="T1070"/></temps><temps name="def"><temp name="T78"/></temps><temps name="in"><temp name="T76"/><temp name="T6"/><temp name="T1070"/><temp name="T77"/></temps><temps name="out"><temp name="T76"/><temp name="T6"/><temp name="T78"/><temp name="T77"/></temps></instruction><instruction code="DIV T1071, T77, T78"><temps name="use"><temp name="T77"/><temp name="T78"/></temps><temps name="def"><temp name="T1071"/></temps><temps name="in"><temp name="T76"/><temp name="T6"/><temp name="T78"/><temp name="T77"/></temps><temps name="out"><temp name="T76"/><temp name="T6"/></temps></instruction><instruction code="OR T1071, rR, 0"><temps name="use"/><temps name="def"><temp name="T1071"/></temps><temps name="in"><temp name="T76"/><temp name="T6"/></temps><temps name="out"><temp name="T76"/><temp name="T6"/><temp name="T1071"/></temps></instruction><instruction code="OR T79, T1071, 0"><temps name="use"><temp name="T1071"/></temps><temps name="def"><temp name="T79"/></temps><temps name="in"><temp name="T76"/><temp name="T6"/><temp name="T1071"/></temps><temps name="out"><temp name="T76"/><temp name="T6"/><temp name="T79"/></temps></instruction><instruction code="STO T76, $254, 8"><temps name="use"><temp name="T76"/></temps><temps name="def"/><temps name="in"><temp name="T76"/><temp name="T6"/><temp name="T79"/></temps><temps name="out"><temp name="T6"/><temp name="T79"/></temps></instruction><instruction code="STO T79, $254, 16"><temps name="use"><temp name="T79"/></temps><temps name="def"/><temps name="in"><temp name="T6"/><temp name="T79"/></temps><temps name="out"><temp name="T6"/></temps></instruction><instruction code="LDA T1072, _putChar"><temps name="use"/><temps name="def"><temp name="T1072"/></temps><temps name="in"><temp name="T6"/></temps><temps name="out"><temp name="T6"/><temp name="T1072"/></temps></instruction><instruction code="PUSHJ $16, T1072, 0"><temps name="use"><temp name="T1072"/></temps><temps name="def"/><temps name="in"><temp name="T6"/><temp name="T1072"/></temps><temps name="out"><temp name="T6"/></temps></instruction><instruction code="LDO T1073, $254, 0"><temps name="use"/><temps name="def"><temp name="T1073"/></temps><temps name="in"><temp name="T6"/></temps><temps name="out"><temp name="T6"/><temp name="T1073"/></temps></instruction><instruction code="OR T80, T1073, 0"><temps name="use"><temp name="T1073"/></temps><temps name="def"><temp name="T80"/></temps><temps name="in"><temp name="T6"/><temp name="T1073"/></temps><temps name="out"><temp name="T6"/></temps></instruction><instruction code="SETL  T1074, 1"><temps name="use"/><temps name="def"><temp name="T1074"/></temps><temps name="in"><temp name="T6"/></temps><temps name="out"><temp name="T6"/></temps></instruction><instruction code="INCML T1074, 0"><temps name="use"/><temps name="def"><temp name="T1074"/></temps><temps name="in"><temp name="T6"/></temps><temps name="out"><temp name="T6"/></temps></instruction><instruction code="INCMH T1074, 0"><temps name="use"/><temps name="def"><temp name="T1074"/></temps><temps name="in"><temp name="T6"/></temps><temps name="out"><temp name="T6"/></temps></instruction><instruction code="INCH  T1074, 0"><temps name="use"/><temps name="def"><temp name="T1074"/></temps><temps name="in"><temp name="T6"/></temps><temps name="out"><temp name="T6"/><temp name="T1074"/></temps></instruction><instruction code="OR T81, T1074, 0"><temps name="use"><temp name="T1074"/></temps><temps name="def"><temp name="T81"/></temps><temps name="in"><temp name="T6"/><temp name="T1074"/></temps><temps name="out"><temp name="T81"/><temp name="T6"/></temps></instruction><instruction code="SETL  T1075, 8"><temps name="use"/><temps name="def"><temp name="T1075"/></temps><temps name="in"><temp name="T81"/><temp name="T6"/></temps><temps name="out"><temp name="T81"/><temp name="T6"/></temps></instruction><instruction code="INCML T1075, 0"><temps name="use"/><temps name="def"><temp name="T1075"/></temps><temps name="in"><temp name="T81"/><temp name="T6"/></temps><temps name="out"><temp name="T81"/><temp name="T6"/></temps></instruction><instruction code="INCMH T1075, 0"><temps name="use"/><temps name="def"><temp name="T1075"/></temps><temps name="in"><temp name="T81"/><temp name="T6"/></temps><temps name="out"><temp name="T81"/><temp name="T6"/></temps></instruction><instruction code="INCH  T1075, 0"><temps name="use"/><temps name="def"><temp name="T1075"/></temps><temps name="in"><temp name="T81"/><temp name="T6"/></temps><temps name="out"><temp name="T81"/><temp name="T1075"/><temp name="T6"/></temps></instruction><instruction code="NEG T1075, 0, T1075"><temps name="use"><temp name="T1075"/></temps><temps name="def"><temp name="T1075"/></temps><temps name="in"><temp name="T81"/><temp name="T1075"/><temp name="T6"/></temps><temps name="out"><temp name="T81"/><temp name="T6"/><temp name="T1075"/></temps></instruction><instruction code="ADD T1076, T6, T1075"><temps name="use"><temp name="T6"/><temp name="T1075"/></temps><temps name="def"><temp name="T1076"/></temps><temps name="in"><temp name="T81"/><temp name="T6"/><temp name="T1075"/></temps><temps name="out"><temp name="T81"/><temp name="T6"/><temp name="T1076"/></temps></instruction><instruction code="STO T1076, T81, 0"><temps name="use"><temp name="T1076"/><temp name="T81"/></temps><temps name="def"/><temps name="in"><temp name="T81"/><temp name="T6"/><temp name="T1076"/></temps><temps name="out"><temp name="T6"/></temps></instruction><instruction code="L12"><temps name="use"/><temps name="def"/><temps name="in"><temp name="T6"/></temps><temps name="out"><temp name="T6"/></temps></instruction><instruction code="OR T82, T6, 0"><temps name="use"><temp name="T6"/></temps><temps name="def"><temp name="T82"/></temps><temps name="in"><temp name="T6"/></temps><temps name="out"><temp name="T6"/><temp name="T82"/></temps></instruction><instruction code="SETL  T1078, 8"><temps name="use"/><temps name="def"><temp name="T1078"/></temps><temps name="in"><temp name="T6"/><temp name="T82"/></temps><temps name="out"><temp name="T6"/><temp name="T82"/></temps></instruction><instruction code="INCML T1078, 0"><temps name="use"/><temps name="def"><temp name="T1078"/></temps><temps name="in"><temp name="T6"/><temp name="T82"/></temps><temps name="out"><temp name="T6"/><temp name="T82"/></temps></instruction><instruction code="INCMH T1078, 0"><temps name="use"/><temps name="def"><temp name="T1078"/></temps><temps name="in"><temp name="T6"/><temp name="T82"/></temps><temps name="out"><temp name="T6"/><temp name="T82"/></temps></instruction><instruction code="INCH  T1078, 0"><temps name="use"/><temps name="def"><temp name="T1078"/></temps><temps name="in"><temp name="T6"/><temp name="T82"/></temps><temps name="out"><temp name="T6"/><temp name="T82"/><temp name="T1078"/></temps></instruction><instruction code="NEG T1078, 0, T1078"><temps name="use"><temp name="T1078"/></temps><temps name="def"><temp name="T1078"/></temps><temps name="in"><temp name="T6"/><temp name="T82"/><temp name="T1078"/></temps><temps name="out"><temp name="T6"/><temp name="T82"/><temp name="T1078"/></temps></instruction><instruction code="OR T83, T1078, 0"><temps name="use"><temp name="T1078"/></temps><temps name="def"><temp name="T83"/></temps><temps name="in"><temp name="T6"/><temp name="T82"/><temp name="T1078"/></temps><temps name="out"><temp name="T6"/><temp name="T82"/><temp name="T83"/></temps></instruction><instruction code="ADD T1079, T82, T83"><temps name="use"><temp name="T82"/><temp name="T83"/></temps><temps name="def"><temp name="T1079"/></temps><temps name="in"><temp name="T6"/><temp name="T82"/><temp name="T83"/></temps><temps name="out"><temp name="T6"/><temp name="T1079"/></temps></instruction><instruction code="OR T84, T1079, 0"><temps name="use"><temp name="T1079"/></temps><temps name="def"><temp name="T84"/></temps><temps name="in"><temp name="T6"/><temp name="T1079"/></temps><temps name="out"><temp name="T6"/><temp name="T84"/></temps></instruction><instruction code="OR T85, T84, 0"><temps name="use"><temp name="T84"/></temps><temps name="def"><temp name="T85"/></temps><temps name="in"><temp name="T6"/><temp name="T84"/></temps><temps name="out"><temp name="T6"/><temp name="T85"/></temps></instruction><instruction code="SETL  T1081, 10"><temps name="use"/><temps name="def"><temp name="T1081"/></temps><temps name="in"><temp name="T6"/><temp name="T85"/></temps><temps name="out"><temp name="T6"/><temp name="T85"/></temps></instruction><instruction code="INCML T1081, 0"><temps name="use"/><temps name="def"><temp name="T1081"/></temps><temps name="in"><temp name="T6"/><temp name="T85"/></temps><temps name="out"><temp name="T6"/><temp name="T85"/></temps></instruction><instruction code="INCMH T1081, 0"><temps name="use"/><temps name="def"><temp name="T1081"/></temps><temps name="in"><temp name="T6"/><temp name="T85"/></temps><temps name="out"><temp name="T6"/><temp name="T85"/></temps></instruction><instruction code="INCH  T1081, 0"><temps name="use"/><temps name="def"><temp name="T1081"/></temps><temps name="in"><temp name="T6"/><temp name="T85"/></temps><temps name="out"><temp name="T6"/><temp name="T1081"/><temp name="T85"/></temps></instruction><instruction code="OR T86, T1081, 0"><temps name="use"><temp name="T1081"/></temps><temps name="def"><temp name="T86"/></temps><temps name="in"><temp name="T6"/><temp name="T1081"/><temp name="T85"/></temps><temps name="out"><temp name="T6"/><temp name="T85"/><temp name="T86"/></temps></instruction><instruction code="CMP T1082, T85, T86"><temps name="use"><temp name="T85"/><temp name="T86"/></temps><temps name="def"><temp name="T1082"/></temps><temps name="in"><temp name="T6"/><temp name="T85"/><temp name="T86"/></temps><temps name="out"><temp name="T6"/><temp name="T1082"/></temps></instruction><instruction code="ZSNP T1082, T1082, 1"><temps name="use"><temp name="T1082"/></temps><temps name="def"><temp name="T1082"/></temps><temps name="in"><temp name="T6"/><temp name="T1082"/></temps><temps name="out"><temp name="T6"/><temp name="T1082"/></temps></instruction><instruction code="OR T87, T1082, 0"><temps name="use"><temp name="T1082"/></temps><temps name="def"><temp name="T87"/></temps><temps name="in"><temp name="T6"/><temp name="T1082"/></temps><temps name="out"><temp name="T6"/><temp name="T87"/></temps></instruction><instruction code="BNZ T87, L13"><temps name="use"><temp name="T87"/></temps><temps name="def"/><temps name="in"><temp name="T6"/><temp name="T87"/></temps><temps name="out"><temp name="T6"/></temps></instruction><instruction code="L107"><temps name="use"/><temps name="def"/><temps name="in"><temp name="T6"/></temps><temps name="out"><temp name="T6"/></temps></instruction><instruction code="LDA T1083, L14"><temps name="use"/><temps name="def"><temp name="T1083"/></temps><temps name="in"><temp name="T6"/></temps><temps name="out"><temp name="T6"/><temp name="T1083"/></temps></instruction><instruction code="GO T1083, T1083, 0"><temps name="use"><temp name="T1083"/></temps><temps name="def"><temp name="T1083"/></temps><temps name="in"><temp name="T6"/><temp name="T1083"/></temps><temps name="out"><temp name="T6"/></temps></instruction><instruction code="L13"><temps name="use"/><temps name="def"/><temps name="in"><temp name="T6"/></temps><temps name="out"><temp name="T6"/></temps></instruction><instruction code="SETL  T1084, 0"><temps name="use"/><temps name="def"><temp name="T1084"/></temps><temps name="in"><temp name="T6"/></temps><temps name="out"><temp name="T6"/></temps></instruction><instruction code="INCML T1084, 0"><temps name="use"/><temps name="def"><temp name="T1084"/></temps><temps name="in"><temp name="T6"/></temps><temps name="out"><temp name="T6"/></temps></instruction><instruction code="INCMH T1084, 0"><temps name="use"/><temps name="def"><temp name="T1084"/></temps><temps name="in"><temp name="T6"/></temps><temps name="out"><temp name="T6"/></temps></instruction><instruction code="INCH  T1084, 0"><temps name="use"/><temps name="def"><temp name="T1084"/></temps><temps name="in"><temp name="T6"/></temps><temps name="out"><temp name="T6"/><temp name="T1084"/></temps></instruction><instruction code="OR T88, T1084, 0"><temps name="use"><temp name="T1084"/></temps><temps name="def"><temp name="T88"/></temps><temps name="in"><temp name="T6"/><temp name="T1084"/></temps><temps name="out"><temp name="T6"/><temp name="T88"/></temps></instruction><instruction code="OR T89, T6, 0"><temps name="use"><temp name="T6"/></temps><temps name="def"><temp name="T89"/></temps><temps name="in"><temp name="T6"/><temp name="T88"/></temps><temps name="out"><temp name="T6"/><temp name="T88"/><temp name="T89"/></temps></instruction><instruction code="SETL  T1085, 8"><temps name="use"/><temps name="def"><temp name="T1085"/></temps><temps name="in"><temp name="T6"/><temp name="T88"/><temp name="T89"/></temps><temps name="out"><temp name="T6"/><temp name="T88"/><temp name="T89"/></temps></instruction><instruction code="INCML T1085, 0"><temps name="use"/><temps name="def"><temp name="T1085"/></temps><temps name="in"><temp name="T6"/><temp name="T88"/><temp name="T89"/></temps><temps name="out"><temp name="T6"/><temp name="T88"/><temp name="T89"/></temps></instruction><instruction code="INCMH T1085, 0"><temps name="use"/><temps name="def"><temp name="T1085"/></temps><temps name="in"><temp name="T6"/><temp name="T88"/><temp name="T89"/></temps><temps name="out"><temp name="T6"/><temp name="T88"/><temp name="T89"/></temps></instruction><instruction code="INCH  T1085, 0"><temps name="use"/><temps name="def"><temp name="T1085"/></temps><temps name="in"><temp name="T6"/><temp name="T88"/><temp name="T89"/></temps><temps name="out"><temp name="T6"/><temp name="T1085"/><temp name="T88"/><temp name="T89"/></temps></instruction><instruction code="NEG T1085, 0, T1085"><temps name="use"><temp name="T1085"/></temps><temps name="def"><temp name="T1085"/></temps><temps name="in"><temp name="T6"/><temp name="T1085"/><temp name="T88"/><temp name="T89"/></temps><temps name="out"><temp name="T6"/><temp name="T1085"/><temp name="T88"/><temp name="T89"/></temps></instruction><instruction code="OR T90, T1085, 0"><temps name="use"><temp name="T1085"/></temps><temps name="def"><temp name="T90"/></temps><temps name="in"><temp name="T6"/><temp name="T1085"/><temp name="T88"/><temp name="T89"/></temps><temps name="out"><temp name="T6"/><temp name="T90"/><temp name="T88"/><temp name="T89"/></temps></instruction><instruction code="ADD T1086, T89, T90"><temps name="use"><temp name="T89"/><temp name="T90"/></temps><temps name="def"><temp name="T1086"/></temps><temps name="in"><temp name="T6"/><temp name="T90"/><temp name="T88"/><temp name="T89"/></temps><temps name="out"><temp name="T6"/><temp name="T88"/><temp name="T1086"/></temps></instruction><instruction code="OR T91, T1086, 0"><temps name="use"><temp name="T1086"/></temps><temps name="def"><temp name="T91"/></temps><temps name="in"><temp name="T6"/><temp name="T88"/><temp name="T1086"/></temps><temps name="out"><temp name="T6"/><temp name="T88"/><temp name="T91"/></temps></instruction><instruction code="OR T92, T91, 0"><temps name="use"><temp name="T91"/></temps><temps name="def"><temp name="T92"/></temps><temps name="in"><temp name="T6"/><temp name="T88"/><temp name="T91"/></temps><temps name="out"><temp name="T6"/><temp name="T92"/><temp name="T88"/></temps></instruction><instruction code="STO T88, $254, 8"><temps name="use"><temp name="T88"/></temps><temps name="def"/><temps name="in"><temp name="T6"/><temp name="T92"/><temp name="T88"/></temps><temps name="out"><temp name="T6"/><temp name="T92"/></temps></instruction><instruction code="STO T92, $254, 16"><temps name="use"><temp name="T92"/></temps><temps name="def"/><temps name="in"><temp name="T6"/><temp name="T92"/></temps><temps name="out"><temp name="T6"/></temps></instruction><instruction code="LDA T1088, _putInt"><temps name="use"/><temps name="def"><temp name="T1088"/></temps><temps name="in"><temp name="T6"/></temps><temps name="out"><temp name="T6"/><temp name="T1088"/></temps></instruction><instruction code="PUSHJ $16, T1088, 0"><temps name="use"><temp name="T1088"/></temps><temps name="def"/><temps name="in"><temp name="T6"/><temp name="T1088"/></temps><temps name="out"><temp name="T6"/></temps></instruction><instruction code="LDO T1089, $254, 0"><temps name="use"/><temps name="def"><temp name="T1089"/></temps><temps name="in"><temp name="T6"/></temps><temps name="out"><temp name="T1089"/><temp name="T6"/></temps></instruction><instruction code="OR T93, T1089, 0"><temps name="use"><temp name="T1089"/></temps><temps name="def"><temp name="T93"/></temps><temps name="in"><temp name="T1089"/><temp name="T6"/></temps><temps name="out"><temp name="T6"/></temps></instruction><instruction code="SETL  T1090, 0"><temps name="use"/><temps name="def"><temp name="T1090"/></temps><temps name="in"><temp name="T6"/></temps><temps name="out"><temp name="T6"/></temps></instruction><instruction code="INCML T1090, 0"><temps name="use"/><temps name="def"><temp name="T1090"/></temps><temps name="in"><temp name="T6"/></temps><temps name="out"><temp name="T6"/></temps></instruction><instruction code="INCMH T1090, 0"><temps name="use"/><temps name="def"><temp name="T1090"/></temps><temps name="in"><temp name="T6"/></temps><temps name="out"><temp name="T6"/></temps></instruction><instruction code="INCH  T1090, 0"><temps name="use"/><temps name="def"><temp name="T1090"/></temps><temps name="in"><temp name="T6"/></temps><temps name="out"><temp name="T1090"/><temp name="T6"/></temps></instruction><instruction code="OR T94, T1090, 0"><temps name="use"><temp name="T1090"/></temps><temps name="def"><temp name="T94"/></temps><temps name="in"><temp name="T1090"/><temp name="T6"/></temps><temps name="out"><temp name="T6"/><temp name="T94"/></temps></instruction><instruction code="LDA T1091, L11"><temps name="use"/><temps name="def"><temp name="T1091"/></temps><temps name="in"><temp name="T6"/><temp name="T94"/></temps><temps name="out"><temp name="T1091"/><temp name="T6"/><temp name="T94"/></temps></instruction><instruction code="OR T95, T1091, 0"><temps name="use"><temp name="T1091"/></temps><temps name="def"><temp name="T95"/></temps><temps name="in"><temp name="T1091"/><temp name="T6"/><temp name="T94"/></temps><temps name="out"><temp name="T95"/><temp name="T6"/><temp name="T94"/></temps></instruction><instruction code="STO T94, $254, 8"><temps name="use"><temp name="T94"/></temps><temps name="def"/><temps name="in"><temp name="T95"/><temp name="T6"/><temp name="T94"/></temps><temps name="out"><temp name="T95"/><temp name="T6"/></temps></instruction><instruction code="STO T95, $254, 16"><temps name="use"><temp name="T95"/></temps><temps name="def"/><temps name="in"><temp name="T95"/><temp name="T6"/></temps><temps name="out"><temp name="T6"/></temps></instruction><instruction code="LDA T1092, _putString"><temps name="use"/><temps name="def"><temp name="T1092"/></temps><temps name="in"><temp name="T6"/></temps><temps name="out"><temp name="T6"/><temp name="T1092"/></temps></instruction><instruction code="PUSHJ $16, T1092, 0"><temps name="use"><temp name="T1092"/></temps><temps name="def"/><temps name="in"><temp name="T6"/><temp name="T1092"/></temps><temps name="out"><temp name="T6"/></temps></instruction><instruction code="LDO T1093, $254, 0"><temps name="use"/><temps name="def"><temp name="T1093"/></temps><temps name="in"><temp name="T6"/></temps><temps name="out"><temp name="T6"/><temp name="T1093"/></temps></instruction><instruction code="OR T96, T1093, 0"><temps name="use"><temp name="T1093"/></temps><temps name="def"><temp name="T96"/></temps><temps name="in"><temp name="T6"/><temp name="T1093"/></temps><temps name="out"><temp name="T6"/></temps></instruction><instruction code="SETL  T1094, 0"><temps name="use"/><temps name="def"><temp name="T1094"/></temps><temps name="in"><temp name="T6"/></temps><temps name="out"><temp name="T6"/></temps></instruction><instruction code="INCML T1094, 0"><temps name="use"/><temps name="def"><temp name="T1094"/></temps><temps name="in"><temp name="T6"/></temps><temps name="out"><temp name="T6"/></temps></instruction><instruction code="INCMH T1094, 0"><temps name="use"/><temps name="def"><temp name="T1094"/></temps><temps name="in"><temp name="T6"/></temps><temps name="out"><temp name="T6"/></temps></instruction><instruction code="INCH  T1094, 0"><temps name="use"/><temps name="def"><temp name="T1094"/></temps><temps name="in"><temp name="T6"/></temps><temps name="out"><temp name="T6"/><temp name="T1094"/></temps></instruction><instruction code="OR T97, T1094, 0"><temps name="use"><temp name="T1094"/></temps><temps name="def"><temp name="T97"/></temps><temps name="in"><temp name="T6"/><temp name="T1094"/></temps><temps name="out"><temp name="T6"/><temp name="T97"/></temps></instruction><instruction code="SETL  T1095, 0"><temps name="use"/><temps name="def"><temp name="T1095"/></temps><temps name="in"><temp name="T6"/><temp name="T97"/></temps><temps name="out"><temp name="T6"/><temp name="T97"/></temps></instruction><instruction code="INCML T1095, 0"><temps name="use"/><temps name="def"><temp name="T1095"/></temps><temps name="in"><temp name="T6"/><temp name="T97"/></temps><temps name="out"><temp name="T6"/><temp name="T97"/></temps></instruction><instruction code="INCMH T1095, 0"><temps name="use"/><temps name="def"><temp name="T1095"/></temps><temps name="in"><temp name="T6"/><temp name="T97"/></temps><temps name="out"><temp name="T6"/><temp name="T97"/></temps></instruction><instruction code="INCH  T1095, 0"><temps name="use"/><temps name="def"><temp name="T1095"/></temps><temps name="in"><temp name="T6"/><temp name="T97"/></temps><temps name="out"><temp name="T6"/><temp name="T97"/><temp name="T1095"/></temps></instruction><instruction code="OR T98, T1095, 0"><temps name="use"><temp name="T1095"/></temps><temps name="def"><temp name="T98"/></temps><temps name="in"><temp name="T6"/><temp name="T97"/><temp name="T1095"/></temps><temps name="out"><temp name="T6"/><temp name="T97"/><temp name="T98"/></temps></instruction><instruction code="OR T99, T6, 0"><temps name="use"><temp name="T6"/></temps><temps name="def"><temp name="T99"/></temps><temps name="in"><temp name="T6"/><temp name="T97"/><temp name="T98"/></temps><temps name="out"><temp name="T99"/><temp name="T6"/><temp name="T97"/><temp name="T98"/></temps></instruction><instruction code="SETL  T1096, 8"><temps name="use"/><temps name="def"><temp name="T1096"/></temps><temps name="in"><temp name="T99"/><temp name="T6"/><temp name="T97"/><temp name="T98"/></temps><temps name="out"><temp name="T99"/><temp name="T6"/><temp name="T97"/><temp name="T98"/></temps></instruction><instruction code="INCML T1096, 0"><temps name="use"/><temps name="def"><temp name="T1096"/></temps><temps name="in"><temp name="T99"/><temp name="T6"/><temp name="T97"/><temp name="T98"/></temps><temps name="out"><temp name="T99"/><temp name="T6"/><temp name="T97"/><temp name="T98"/></temps></instruction><instruction code="INCMH T1096, 0"><temps name="use"/><temps name="def"><temp name="T1096"/></temps><temps name="in"><temp name="T99"/><temp name="T6"/><temp name="T97"/><temp name="T98"/></temps><temps name="out"><temp name="T99"/><temp name="T6"/><temp name="T97"/><temp name="T98"/></temps></instruction><instruction code="INCH  T1096, 0"><temps name="use"/><temps name="def"><temp name="T1096"/></temps><temps name="in"><temp name="T99"/><temp name="T6"/><temp name="T97"/><temp name="T98"/></temps><temps name="out"><temp name="T1096"/><temp name="T99"/><temp name="T6"/><temp name="T97"/><temp name="T98"/></temps></instruction><instruction code="NEG T1096, 0, T1096"><temps name="use"><temp name="T1096"/></temps><temps name="def"><temp name="T1096"/></temps><temps name="in"><temp name="T1096"/><temp name="T99"/><temp name="T6"/><temp name="T97"/><temp name="T98"/></temps><temps name="out"><temp name="T1096"/><temp name="T99"/><temp name="T6"/><temp name="T97"/><temp name="T98"/></temps></instruction><instruction code="OR T100, T1096, 0"><temps name="use"><temp name="T1096"/></temps><temps name="def"><temp name="T100"/></temps><temps name="in"><temp name="T1096"/><temp name="T99"/><temp name="T6"/><temp name="T97"/><temp name="T98"/></temps><temps name="out"><temp name="T99"/><temp name="T100"/><temp name="T6"/><temp name="T97"/><temp name="T98"/></temps></instruction><instruction code="ADD T1097, T99, T100"><temps name="use"><temp name="T99"/><temp name="T100"/></temps><temps name="def"><temp name="T1097"/></temps><temps name="in"><temp name="T99"/><temp name="T100"/><temp name="T6"/><temp name="T97"/><temp name="T98"/></temps><temps name="out"><temp name="T6"/><temp name="T97"/><temp name="T1097"/><temp name="T98"/></temps></instruction><instruction code="OR T101, T1097, 0"><temps name="use"><temp name="T1097"/></temps><temps name="def"><temp name="T101"/></temps><temps name="in"><temp name="T6"/><temp name="T97"/><temp name="T1097"/><temp name="T98"/></temps><temps name="out"><temp name="T6"/><temp name="T101"/><temp name="T97"/><temp name="T98"/></temps></instruction><instruction code="OR T102, T101, 0"><temps name="use"><temp name="T101"/></temps><temps name="def"><temp name="T102"/></temps><temps name="in"><temp name="T6"/><temp name="T101"/><temp name="T97"/><temp name="T98"/></temps><temps name="out"><temp name="T6"/><temp name="T102"/><temp name="T97"/><temp name="T98"/></temps></instruction><instruction code="STO T98, $254, 8"><temps name="use"><temp name="T98"/></temps><temps name="def"/><temps name="in"><temp name="T6"/><temp name="T102"/><temp name="T97"/><temp name="T98"/></temps><temps name="out"><temp name="T6"/><temp name="T102"/><temp name="T97"/></temps></instruction><instruction code="STO T102, $254, 16"><temps name="use"><temp name="T102"/></temps><temps name="def"/><temps name="in"><temp name="T6"/><temp name="T102"/><temp name="T97"/></temps><temps name="out"><temp name="T6"/><temp name="T97"/></temps></instruction><instruction code="LDA T1099, _facRec"><temps name="use"/><temps name="def"><temp name="T1099"/></temps><temps name="in"><temp name="T6"/><temp name="T97"/></temps><temps name="out"><temp name="T1099"/><temp name="T6"/><temp name="T97"/></temps></instruction><instruction code="PUSHJ $16, T1099, 0"><temps name="use"><temp name="T1099"/></temps><temps name="def"/><temps name="in"><temp name="T1099"/><temp name="T6"/><temp name="T97"/></temps><temps name="out"><temp name="T6"/><temp name="T97"/></temps></instruction><instruction code="LDO T1100, $254, 0"><temps name="use"/><temps name="def"><temp name="T1100"/></temps><temps name="in"><temp name="T6"/><temp name="T97"/></temps><temps name="out"><temp name="T6"/><temp name="T97"/><temp name="T1100"/></temps></instruction><instruction code="OR T103, T1100, 0"><temps name="use"><temp name="T1100"/></temps><temps name="def"><temp name="T103"/></temps><temps name="in"><temp name="T6"/><temp name="T97"/><temp name="T1100"/></temps><temps name="out"><temp name="T6"/><temp name="T103"/><temp name="T97"/></temps></instruction><instruction code="STO T97, $254, 8"><temps name="use"><temp name="T97"/></temps><temps name="def"/><temps name="in"><temp name="T6"/><temp name="T103"/><temp name="T97"/></temps><temps name="out"><temp name="T6"/><temp name="T103"/></temps></instruction><instruction code="STO T103, $254, 16"><temps name="use"><temp name="T103"/></temps><temps name="def"/><temps name="in"><temp name="T6"/><temp name="T103"/></temps><temps name="out"><temp name="T6"/></temps></instruction><instruction code="LDA T1101, _putInt"><temps name="use"/><temps name="def"><temp name="T1101"/></temps><temps name="in"><temp name="T6"/></temps><temps name="out"><temp name="T6"/><temp name="T1101"/></temps></instruction><instruction code="PUSHJ $16, T1101, 0"><temps name="use"><temp name="T1101"/></temps><temps name="def"/><temps name="in"><temp name="T6"/><temp name="T1101"/></temps><temps name="out"><temp name="T6"/></temps></instruction><instruction code="LDO T1102, $254, 0"><temps name="use"/><temps name="def"><temp name="T1102"/></temps><temps name="in"><temp name="T6"/></temps><temps name="out"><temp name="T6"/><temp name="T1102"/></temps></instruction><instruction code="OR T104, T1102, 0"><temps name="use"><temp name="T1102"/></temps><temps name="def"><temp name="T104"/></temps><temps name="in"><temp name="T6"/><temp name="T1102"/></temps><temps name="out"><temp name="T6"/></temps></instruction><instruction code="SETL  T1103, 0"><temps name="use"/><temps name="def"><temp name="T1103"/></temps><temps name="in"><temp name="T6"/></temps><temps name="out"><temp name="T6"/></temps></instruction><instruction code="INCML T1103, 0"><temps name="use"/><temps name="def"><temp name="T1103"/></temps><temps name="in"><temp name="T6"/></temps><temps name="out"><temp name="T6"/></temps></instruction><instruction code="INCMH T1103, 0"><temps name="use"/><temps name="def"><temp name="T1103"/></temps><temps name="in"><temp name="T6"/></temps><temps name="out"><temp name="T6"/></temps></instruction><instruction code="INCH  T1103, 0"><temps name="use"/><temps name="def"><temp name="T1103"/></temps><temps name="in"><temp name="T6"/></temps><temps name="out"><temp name="T6"/><temp name="T1103"/></temps></instruction><instruction code="OR T105, T1103, 0"><temps name="use"><temp name="T1103"/></temps><temps name="def"><temp name="T105"/></temps><temps name="in"><temp name="T6"/><temp name="T1103"/></temps><temps name="out"><temp name="T105"/><temp name="T6"/></temps></instruction><instruction code="SETL  T1104, 10"><temps name="use"/><temps name="def"><temp name="T1104"/></temps><temps name="in"><temp name="T105"/><temp name="T6"/></temps><temps name="out"><temp name="T105"/><temp name="T6"/></temps></instruction><instruction code="INCML T1104, 0"><temps name="use"/><temps name="def"><temp name="T1104"/></temps><temps name="in"><temp name="T105"/><temp name="T6"/></temps><temps name="out"><temp name="T105"/><temp name="T6"/></temps></instruction><instruction code="INCMH T1104, 0"><temps name="use"/><temps name="def"><temp name="T1104"/></temps><temps name="in"><temp name="T105"/><temp name="T6"/></temps><temps name="out"><temp name="T105"/><temp name="T6"/></temps></instruction><instruction code="INCH  T1104, 0"><temps name="use"/><temps name="def"><temp name="T1104"/></temps><temps name="in"><temp name="T105"/><temp name="T6"/></temps><temps name="out"><temp name="T1104"/><temp name="T105"/><temp name="T6"/></temps></instruction><instruction code="OR T106, T1104, 0"><temps name="use"><temp name="T1104"/></temps><temps name="def"><temp name="T106"/></temps><temps name="in"><temp name="T1104"/><temp name="T105"/><temp name="T6"/></temps><temps name="out"><temp name="T105"/><temp name="T6"/><temp name="T106"/></temps></instruction><instruction code="SETL  T1105, 256"><temps name="use"/><temps name="def"><temp name="T1105"/></temps><temps name="in"><temp name="T105"/><temp name="T6"/><temp name="T106"/></temps><temps name="out"><temp name="T105"/><temp name="T6"/><temp name="T106"/></temps></instruction><instruction code="INCML T1105, 0"><temps name="use"/><temps name="def"><temp name="T1105"/></temps><temps name="in"><temp name="T105"/><temp name="T6"/><temp name="T106"/></temps><temps name="out"><temp name="T105"/><temp name="T6"/><temp name="T106"/></temps></instruction><instruction code="INCMH T1105, 0"><temps name="use"/><temps name="def"><temp name="T1105"/></temps><temps name="in"><temp name="T105"/><temp name="T6"/><temp name="T106"/></temps><temps name="out"><temp name="T105"/><temp name="T6"/><temp name="T106"/></temps></instruction><instruction code="INCH  T1105, 0"><temps name="use"/><temps name="def"><temp name="T1105"/></temps><temps name="in"><temp name="T105"/><temp name="T6"/><temp name="T106"/></temps><temps name="out"><temp name="T105"/><temp name="T6"/><temp name="T1105"/><temp name="T106"/></temps></instruction><instruction code="OR T107, T1105, 0"><temps name="use"><temp name="T1105"/></temps><temps name="def"><temp name="T107"/></temps><temps name="in"><temp name="T105"/><temp name="T6"/><temp name="T1105"/><temp name="T106"/></temps><temps name="out"><temp name="T105"/><temp name="T6"/><temp name="T106"/><temp name="T107"/></temps></instruction><instruction code="DIV T1106, T106, T107"><temps name="use"><temp name="T106"/><temp name="T107"/></temps><temps name="def"><temp name="T1106"/></temps><temps name="in"><temp name="T105"/><temp name="T6"/><temp name="T106"/><temp name="T107"/></temps><temps name="out"><temp name="T105"/><temp name="T6"/></temps></instruction><instruction code="OR T1106, rR, 0"><temps name="use"/><temps name="def"><temp name="T1106"/></temps><temps name="in"><temp name="T105"/><temp name="T6"/></temps><temps name="out"><temp name="T105"/><temp name="T6"/><temp name="T1106"/></temps></instruction><instruction code="OR T108, T1106, 0"><temps name="use"><temp name="T1106"/></temps><temps name="def"><temp name="T108"/></temps><temps name="in"><temp name="T105"/><temp name="T6"/><temp name="T1106"/></temps><temps name="out"><temp name="T105"/><temp name="T6"/><temp name="T108"/></temps></instruction><instruction code="STO T105, $254, 8"><temps name="use"><temp name="T105"/></temps><temps name="def"/><temps name="in"><temp name="T105"/><temp name="T6"/><temp name="T108"/></temps><temps name="out"><temp name="T6"/><temp name="T108"/></temps></instruction><instruction code="STO T108, $254, 16"><temps name="use"><temp name="T108"/></temps><temps name="def"/><temps name="in"><temp name="T6"/><temp name="T108"/></temps><temps name="out"><temp name="T6"/></temps></instruction><instruction code="LDA T1107, _putChar"><temps name="use"/><temps name="def"><temp name="T1107"/></temps><temps name="in"><temp name="T6"/></temps><temps name="out"><temp name="T6"/><temp name="T1107"/></temps></instruction><instruction code="PUSHJ $16, T1107, 0"><temps name="use"><temp name="T1107"/></temps><temps name="def"/><temps name="in"><temp name="T6"/><temp name="T1107"/></temps><temps name="out"><temp name="T6"/></temps></instruction><instruction code="LDO T1108, $254, 0"><temps name="use"/><temps name="def"><temp name="T1108"/></temps><temps name="in"><temp name="T6"/></temps><temps name="out"><temp name="T6"/><temp name="T1108"/></temps></instruction><instruction code="OR T109, T1108, 0"><temps name="use"><temp name="T1108"/></temps><temps name="def"><temp name="T109"/></temps><temps name="in"><temp name="T6"/><temp name="T1108"/></temps><temps name="out"><temp name="T6"/></temps></instruction><instruction code="OR T110, T6, 0"><temps name="use"><temp name="T6"/></temps><temps name="def"><temp name="T110"/></temps><temps name="in"><temp name="T6"/></temps><temps name="out"><temp name="T6"/><temp name="T110"/></temps></instruction><instruction code="SETL  T1109, 8"><temps name="use"/><temps name="def"><temp name="T1109"/></temps><temps name="in"><temp name="T6"/><temp name="T110"/></temps><temps name="out"><temp name="T6"/><temp name="T110"/></temps></instruction><instruction code="INCML T1109, 0"><temps name="use"/><temps name="def"><temp name="T1109"/></temps><temps name="in"><temp name="T6"/><temp name="T110"/></temps><temps name="out"><temp name="T6"/><temp name="T110"/></temps></instruction><instruction code="INCMH T1109, 0"><temps name="use"/><temps name="def"><temp name="T1109"/></temps><temps name="in"><temp name="T6"/><temp name="T110"/></temps><temps name="out"><temp name="T6"/><temp name="T110"/></temps></instruction><instruction code="INCH  T1109, 0"><temps name="use"/><temps name="def"><temp name="T1109"/></temps><temps name="in"><temp name="T6"/><temp name="T110"/></temps><temps name="out"><temp name="T6"/><temp name="T110"/><temp name="T1109"/></temps></instruction><instruction code="NEG T1109, 0, T1109"><temps name="use"><temp name="T1109"/></temps><temps name="def"><temp name="T1109"/></temps><temps name="in"><temp name="T6"/><temp name="T110"/><temp name="T1109"/></temps><temps name="out"><temp name="T6"/><temp name="T110"/><temp name="T1109"/></temps></instruction><instruction code="OR T111, T1109, 0"><temps name="use"><temp name="T1109"/></temps><temps name="def"><temp name="T111"/></temps><temps name="in"><temp name="T6"/><temp name="T110"/><temp name="T1109"/></temps><temps name="out"><temp name="T6"/><temp name="T110"/><temp name="T111"/></temps></instruction><instruction code="ADD T1110, T110, T111"><temps name="use"><temp name="T110"/><temp name="T111"/></temps><temps name="def"><temp name="T1110"/></temps><temps name="in"><temp name="T6"/><temp name="T110"/><temp name="T111"/></temps><temps name="out"><temp name="T6"/><temp name="T1110"/></temps></instruction><instruction code="OR T112, T1110, 0"><temps name="use"><temp name="T1110"/></temps><temps name="def"><temp name="T112"/></temps><temps name="in"><temp name="T6"/><temp name="T1110"/></temps><temps name="out"><temp name="T6"/><temp name="T112"/></temps></instruction><instruction code="OR T113, T112, 0"><temps name="use"><temp name="T112"/></temps><temps name="def"><temp name="T113"/></temps><temps name="in"><temp name="T6"/><temp name="T112"/></temps><temps name="out"><temp name="T6"/><temp name="T113"/></temps></instruction><instruction code="SETL  T1112, 1"><temps name="use"/><temps name="def"><temp name="T1112"/></temps><temps name="in"><temp name="T6"/><temp name="T113"/></temps><temps name="out"><temp name="T6"/><temp name="T113"/></temps></instruction><instruction code="INCML T1112, 0"><temps name="use"/><temps name="def"><temp name="T1112"/></temps><temps name="in"><temp name="T6"/><temp name="T113"/></temps><temps name="out"><temp name="T6"/><temp name="T113"/></temps></instruction><instruction code="INCMH T1112, 0"><temps name="use"/><temps name="def"><temp name="T1112"/></temps><temps name="in"><temp name="T6"/><temp name="T113"/></temps><temps name="out"><temp name="T6"/><temp name="T113"/></temps></instruction><instruction code="INCH  T1112, 0"><temps name="use"/><temps name="def"><temp name="T1112"/></temps><temps name="in"><temp name="T6"/><temp name="T113"/></temps><temps name="out"><temp name="T6"/><temp name="T113"/><temp name="T1112"/></temps></instruction><instruction code="OR T114, T1112, 0"><temps name="use"><temp name="T1112"/></temps><temps name="def"><temp name="T114"/></temps><temps name="in"><temp name="T6"/><temp name="T113"/><temp name="T1112"/></temps><temps name="out"><temp name="T6"/><temp name="T113"/><temp name="T114"/></temps></instruction><instruction code="ADD T1113, T113, T114"><temps name="use"><temp name="T113"/><temp name="T114"/></temps><temps name="def"><temp name="T1113"/></temps><temps name="in"><temp name="T6"/><temp name="T113"/><temp name="T114"/></temps><temps name="out"><temp name="T6"/><temp name="T1113"/></temps></instruction><instruction code="OR T115, T1113, 0"><temps name="use"><temp name="T1113"/></temps><temps name="def"><temp name="T115"/></temps><temps name="in"><temp name="T6"/><temp name="T1113"/></temps><temps name="out"><temp name="T115"/><temp name="T6"/></temps></instruction><instruction code="SETL  T1114, 8"><temps name="use"/><temps name="def"><temp name="T1114"/></temps><temps name="in"><temp name="T115"/><temp name="T6"/></temps><temps name="out"><temp name="T115"/><temp name="T6"/></temps></instruction><instruction code="INCML T1114, 0"><temps name="use"/><temps name="def"><temp name="T1114"/></temps><temps name="in"><temp name="T115"/><temp name="T6"/></temps><temps name="out"><temp name="T115"/><temp name="T6"/></temps></instruction><instruction code="INCMH T1114, 0"><temps name="use"/><temps name="def"><temp name="T1114"/></temps><temps name="in"><temp name="T115"/><temp name="T6"/></temps><temps name="out"><temp name="T115"/><temp name="T6"/></temps></instruction><instruction code="INCH  T1114, 0"><temps name="use"/><temps name="def"><temp name="T1114"/></temps><temps name="in"><temp name="T115"/><temp name="T6"/></temps><temps name="out"><temp name="T115"/><temp name="T6"/><temp name="T1114"/></temps></instruction><instruction code="NEG T1114, 0, T1114"><temps name="use"><temp name="T1114"/></temps><temps name="def"><temp name="T1114"/></temps><temps name="in"><temp name="T115"/><temp name="T6"/><temp name="T1114"/></temps><temps name="out"><temp name="T115"/><temp name="T6"/><temp name="T1114"/></temps></instruction><instruction code="ADD T1115, T6, T1114"><temps name="use"><temp name="T6"/><temp name="T1114"/></temps><temps name="def"><temp name="T1115"/></temps><temps name="in"><temp name="T115"/><temp name="T6"/><temp name="T1114"/></temps><temps name="out"><temp name="T115"/><temp name="T6"/><temp name="T1115"/></temps></instruction><instruction code="STO T1115, T115, 0"><temps name="use"><temp name="T1115"/><temp name="T115"/></temps><temps name="def"/><temps name="in"><temp name="T115"/><temp name="T6"/><temp name="T1115"/></temps><temps name="out"><temp name="T6"/></temps></instruction><instruction code="LDA T1117, L12"><temps name="use"/><temps name="def"><temp name="T1117"/></temps><temps name="in"><temp name="T6"/></temps><temps name="out"><temp name="T6"/><temp name="T1117"/></temps></instruction><instruction code="GO T1117, T1117, 0"><temps name="use"><temp name="T1117"/></temps><temps name="def"><temp name="T1117"/></temps><temps name="in"><temp name="T6"/><temp name="T1117"/></temps><temps name="out"><temp name="T6"/></temps></instruction><instruction code="L14"><temps name="use"/><temps name="def"/><temps name="in"><temp name="T6"/></temps><temps name="out"><temp name="T6"/></temps></instruction><instruction code="SETL  T1118, 0"><temps name="use"/><temps name="def"><temp name="T1118"/></temps><temps name="in"><temp name="T6"/></temps><temps name="out"><temp name="T6"/></temps></instruction><instruction code="INCML T1118, 0"><temps name="use"/><temps name="def"><temp name="T1118"/></temps><temps name="in"><temp name="T6"/></temps><temps name="out"><temp name="T6"/></temps></instruction><instruction code="INCMH T1118, 0"><temps name="use"/><temps name="def"><temp name="T1118"/></temps><temps name="in"><temp name="T6"/></temps><temps name="out"><temp name="T6"/></temps></instruction><instruction code="INCH  T1118, 0"><temps name="use"/><temps name="def"><temp name="T1118"/></temps><temps name="in"><temp name="T6"/></temps><temps name="out"><temp name="T6"/><temp name="T1118"/></temps></instruction><instruction code="OR T116, T1118, 0"><temps name="use"><temp name="T1118"/></temps><temps name="def"><temp name="T116"/></temps><temps name="in"><temp name="T6"/><temp name="T1118"/></temps><temps name="out"><temp name="T6"/><temp name="T116"/></temps></instruction><instruction code="LDA T1119, L15"><temps name="use"/><temps name="def"><temp name="T1119"/></temps><temps name="in"><temp name="T6"/><temp name="T116"/></temps><temps name="out"><temp name="T6"/><temp name="T1119"/><temp name="T116"/></temps></instruction><instruction code="OR T117, T1119, 0"><temps name="use"><temp name="T1119"/></temps><temps name="def"><temp name="T117"/></temps><temps name="in"><temp name="T6"/><temp name="T1119"/><temp name="T116"/></temps><temps name="out"><temp name="T6"/><temp name="T117"/><temp name="T116"/></temps></instruction><instruction code="STO T116, $254, 8"><temps name="use"><temp name="T116"/></temps><temps name="def"/><temps name="in"><temp name="T6"/><temp name="T117"/><temp name="T116"/></temps><temps name="out"><temp name="T6"/><temp name="T117"/></temps></instruction><instruction code="STO T117, $254, 16"><temps name="use"><temp name="T117"/></temps><temps name="def"/><temps name="in"><temp name="T6"/><temp name="T117"/></temps><temps name="out"><temp name="T6"/></temps></instruction><instruction code="LDA T1120, _putString"><temps name="use"/><temps name="def"><temp name="T1120"/></temps><temps name="in"><temp name="T6"/></temps><temps name="out"><temp name="T6"/><temp name="T1120"/></temps></instruction><instruction code="PUSHJ $16, T1120, 0"><temps name="use"><temp name="T1120"/></temps><temps name="def"/><temps name="in"><temp name="T6"/><temp name="T1120"/></temps><temps name="out"><temp name="T6"/></temps></instruction><instruction code="LDO T1121, $254, 0"><temps name="use"/><temps name="def"><temp name="T1121"/></temps><temps name="in"><temp name="T6"/></temps><temps name="out"><temp name="T6"/><temp name="T1121"/></temps></instruction><instruction code="OR T118, T1121, 0"><temps name="use"><temp name="T1121"/></temps><temps name="def"><temp name="T118"/></temps><temps name="in"><temp name="T6"/><temp name="T1121"/></temps><temps name="out"><temp name="T6"/></temps></instruction><instruction code="SETL  T1122, 0"><temps name="use"/><temps name="def"><temp name="T1122"/></temps><temps name="in"><temp name="T6"/></temps><temps name="out"><temp name="T6"/></temps></instruction><instruction code="INCML T1122, 0"><temps name="use"/><temps name="def"><temp name="T1122"/></temps><temps name="in"><temp name="T6"/></temps><temps name="out"><temp name="T6"/></temps></instruction><instruction code="INCMH T1122, 0"><temps name="use"/><temps name="def"><temp name="T1122"/></temps><temps name="in"><temp name="T6"/></temps><temps name="out"><temp name="T6"/></temps></instruction><instruction code="INCH  T1122, 0"><temps name="use"/><temps name="def"><temp name="T1122"/></temps><temps name="in"><temp name="T6"/></temps><temps name="out"><temp name="T6"/><temp name="T1122"/></temps></instruction><instruction code="OR T119, T1122, 0"><temps name="use"><temp name="T1122"/></temps><temps name="def"><temp name="T119"/></temps><temps name="in"><temp name="T6"/><temp name="T1122"/></temps><temps name="out"><temp name="T6"/><temp name="T119"/></temps></instruction><instruction code="SETL  T1123, 10"><temps name="use"/><temps name="def"><temp name="T1123"/></temps><temps name="in"><temp name="T6"/><temp name="T119"/></temps><temps name="out"><temp name="T6"/><temp name="T119"/></temps></instruction><instruction code="INCML T1123, 0"><temps name="use"/><temps name="def"><temp name="T1123"/></temps><temps name="in"><temp name="T6"/><temp name="T119"/></temps><temps name="out"><temp name="T6"/><temp name="T119"/></temps></instruction><instruction code="INCMH T1123, 0"><temps name="use"/><temps name="def"><temp name="T1123"/></temps><temps name="in"><temp name="T6"/><temp name="T119"/></temps><temps name="out"><temp name="T6"/><temp name="T119"/></temps></instruction><instruction code="INCH  T1123, 0"><temps name="use"/><temps name="def"><temp name="T1123"/></temps><temps name="in"><temp name="T6"/><temp name="T119"/></temps><temps name="out"><temp name="T6"/><temp name="T119"/><temp name="T1123"/></temps></instruction><instruction code="OR T120, T1123, 0"><temps name="use"><temp name="T1123"/></temps><temps name="def"><temp name="T120"/></temps><temps name="in"><temp name="T6"/><temp name="T119"/><temp name="T1123"/></temps><temps name="out"><temp name="T120"/><temp name="T6"/><temp name="T119"/></temps></instruction><instruction code="SETL  T1124, 256"><temps name="use"/><temps name="def"><temp name="T1124"/></temps><temps name="in"><temp name="T120"/><temp name="T6"/><temp name="T119"/></temps><temps name="out"><temp name="T120"/><temp name="T6"/><temp name="T119"/></temps></instruction><instruction code="INCML T1124, 0"><temps name="use"/><temps name="def"><temp name="T1124"/></temps><temps name="in"><temp name="T120"/><temp name="T6"/><temp name="T119"/></temps><temps name="out"><temp name="T120"/><temp name="T6"/><temp name="T119"/></temps></instruction><instruction code="INCMH T1124, 0"><temps name="use"/><temps name="def"><temp name="T1124"/></temps><temps name="in"><temp name="T120"/><temp name="T6"/><temp name="T119"/></temps><temps name="out"><temp name="T120"/><temp name="T6"/><temp name="T119"/></temps></instruction><instruction code="INCH  T1124, 0"><temps name="use"/><temps name="def"><temp name="T1124"/></temps><temps name="in"><temp name="T120"/><temp name="T6"/><temp name="T119"/></temps><temps name="out"><temp name="T120"/><temp name="T6"/><temp name="T1124"/><temp name="T119"/></temps></instruction><instruction code="OR T121, T1124, 0"><temps name="use"><temp name="T1124"/></temps><temps name="def"><temp name="T121"/></temps><temps name="in"><temp name="T120"/><temp name="T6"/><temp name="T1124"/><temp name="T119"/></temps><temps name="out"><temp name="T120"/><temp name="T6"/><temp name="T121"/><temp name="T119"/></temps></instruction><instruction code="DIV T1125, T120, T121"><temps name="use"><temp name="T120"/><temp name="T121"/></temps><temps name="def"><temp name="T1125"/></temps><temps name="in"><temp name="T120"/><temp name="T6"/><temp name="T121"/><temp name="T119"/></temps><temps name="out"><temp name="T6"/><temp name="T119"/></temps></instruction><instruction code="OR T1125, rR, 0"><temps name="use"/><temps name="def"><temp name="T1125"/></temps><temps name="in"><temp name="T6"/><temp name="T119"/></temps><temps name="out"><temp name="T6"/><temp name="T1125"/><temp name="T119"/></temps></instruction><instruction code="OR T122, T1125, 0"><temps name="use"><temp name="T1125"/></temps><temps name="def"><temp name="T122"/></temps><temps name="in"><temp name="T6"/><temp name="T1125"/><temp name="T119"/></temps><temps name="out"><temp name="T6"/><temp name="T122"/><temp name="T119"/></temps></instruction><instruction code="STO T119, $254, 8"><temps name="use"><temp name="T119"/></temps><temps name="def"/><temps name="in"><temp name="T6"/><temp name="T122"/><temp name="T119"/></temps><temps name="out"><temp name="T6"/><temp name="T122"/></temps></instruction><instruction code="STO T122, $254, 16"><temps name="use"><temp name="T122"/></temps><temps name="def"/><temps name="in"><temp name="T6"/><temp name="T122"/></temps><temps name="out"><temp name="T6"/></temps></instruction><instruction code="LDA T1126, _putChar"><temps name="use"/><temps name="def"><temp name="T1126"/></temps><temps name="in"><temp name="T6"/></temps><temps name="out"><temp name="T1126"/><temp name="T6"/></temps></instruction><instruction code="PUSHJ $16, T1126, 0"><temps name="use"><temp name="T1126"/></temps><temps name="def"/><temps name="in"><temp name="T1126"/><temp name="T6"/></temps><temps name="out"><temp name="T6"/></temps></instruction><instruction code="LDO T1127, $254, 0"><temps name="use"/><temps name="def"><temp name="T1127"/></temps><temps name="in"><temp name="T6"/></temps><temps name="out"><temp name="T1127"/><temp name="T6"/></temps></instruction><instruction code="OR T123, T1127, 0"><temps name="use"><temp name="T1127"/></temps><temps name="def"><temp name="T123"/></temps><temps name="in"><temp name="T1127"/><temp name="T6"/></temps><temps name="out"><temp name="T6"/></temps></instruction><instruction code="SETL  T1128, 1"><temps name="use"/><temps name="def"><temp name="T1128"/></temps><temps name="in"><temp name="T6"/></temps><temps name="out"><temp name="T6"/></temps></instruction><instruction code="INCML T1128, 0"><temps name="use"/><temps name="def"><temp name="T1128"/></temps><temps name="in"><temp name="T6"/></temps><temps name="out"><temp name="T6"/></temps></instruction><instruction code="INCMH T1128, 0"><temps name="use"/><temps name="def"><temp name="T1128"/></temps><temps name="in"><temp name="T6"/></temps><temps name="out"><temp name="T6"/></temps></instruction><instruction code="INCH  T1128, 0"><temps name="use"/><temps name="def"><temp name="T1128"/></temps><temps name="in"><temp name="T6"/></temps><temps name="out"><temp name="T6"/><temp name="T1128"/></temps></instruction><instruction code="OR T124, T1128, 0"><temps name="use"><temp name="T1128"/></temps><temps name="def"><temp name="T124"/></temps><temps name="in"><temp name="T6"/><temp name="T1128"/></temps><temps name="out"><temp name="T6"/><temp name="T124"/></temps></instruction><instruction code="SETL  T1129, 8"><temps name="use"/><temps name="def"><temp name="T1129"/></temps><temps name="in"><temp name="T6"/><temp name="T124"/></temps><temps name="out"><temp name="T6"/><temp name="T124"/></temps></instruction><instruction code="INCML T1129, 0"><temps name="use"/><temps name="def"><temp name="T1129"/></temps><temps name="in"><temp name="T6"/><temp name="T124"/></temps><temps name="out"><temp name="T6"/><temp name="T124"/></temps></instruction><instruction code="INCMH T1129, 0"><temps name="use"/><temps name="def"><temp name="T1129"/></temps><temps name="in"><temp name="T6"/><temp name="T124"/></temps><temps name="out"><temp name="T6"/><temp name="T124"/></temps></instruction><instruction code="INCH  T1129, 0"><temps name="use"/><temps name="def"><temp name="T1129"/></temps><temps name="in"><temp name="T6"/><temp name="T124"/></temps><temps name="out"><temp name="T6"/><temp name="T124"/><temp name="T1129"/></temps></instruction><instruction code="NEG T1129, 0, T1129"><temps name="use"><temp name="T1129"/></temps><temps name="def"><temp name="T1129"/></temps><temps name="in"><temp name="T6"/><temp name="T124"/><temp name="T1129"/></temps><temps name="out"><temp name="T6"/><temp name="T124"/><temp name="T1129"/></temps></instruction><instruction code="ADD T1130, T6, T1129"><temps name="use"><temp name="T6"/><temp name="T1129"/></temps><temps name="def"><temp name="T1130"/></temps><temps name="in"><temp name="T6"/><temp name="T124"/><temp name="T1129"/></temps><temps name="out"><temp name="T6"/><temp name="T124"/><temp name="T1130"/></temps></instruction><instruction code="STO T1130, T124, 0"><temps name="use"><temp name="T1130"/><temp name="T124"/></temps><temps name="def"/><temps name="in"><temp name="T6"/><temp name="T124"/><temp name="T1130"/></temps><temps name="out"><temp name="T6"/></temps></instruction><instruction code="L17"><temps name="use"/><temps name="def"/><temps name="in"><temp name="T6"/></temps><temps name="out"><temp name="T6"/></temps></instruction><instruction code="OR T125, T6, 0"><temps name="use"><temp name="T6"/></temps><temps name="def"><temp name="T125"/></temps><temps name="in"><temp name="T6"/></temps><temps name="out"><temp name="T6"/><temp name="T125"/></temps></instruction><instruction code="SETL  T1132, 8"><temps name="use"/><temps name="def"><temp name="T1132"/></temps><temps name="in"><temp name="T6"/><temp name="T125"/></temps><temps name="out"><temp name="T6"/><temp name="T125"/></temps></instruction><instruction code="INCML T1132, 0"><temps name="use"/><temps name="def"><temp name="T1132"/></temps><temps name="in"><temp name="T6"/><temp name="T125"/></temps><temps name="out"><temp name="T6"/><temp name="T125"/></temps></instruction><instruction code="INCMH T1132, 0"><temps name="use"/><temps name="def"><temp name="T1132"/></temps><temps name="in"><temp name="T6"/><temp name="T125"/></temps><temps name="out"><temp name="T6"/><temp name="T125"/></temps></instruction><instruction code="INCH  T1132, 0"><temps name="use"/><temps name="def"><temp name="T1132"/></temps><temps name="in"><temp name="T6"/><temp name="T125"/></temps><temps name="out"><temp name="T6"/><temp name="T1132"/><temp name="T125"/></temps></instruction><instruction code="NEG T1132, 0, T1132"><temps name="use"><temp name="T1132"/></temps><temps name="def"><temp name="T1132"/></temps><temps name="in"><temp name="T6"/><temp name="T1132"/><temp name="T125"/></temps><temps name="out"><temp name="T6"/><temp name="T1132"/><temp name="T125"/></temps></instruction><instruction code="OR T126, T1132, 0"><temps name="use"><temp name="T1132"/></temps><temps name="def"><temp name="T126"/></temps><temps name="in"><temp name="T6"/><temp name="T1132"/><temp name="T125"/></temps><temps name="out"><temp name="T126"/><temp name="T6"/><temp name="T125"/></temps></instruction><instruction code="ADD T1133, T125, T126"><temps name="use"><temp name="T125"/><temp name="T126"/></temps><temps name="def"><temp name="T1133"/></temps><temps name="in"><temp name="T126"/><temp name="T6"/><temp name="T125"/></temps><temps name="out"><temp name="T6"/><temp name="T1133"/></temps></instruction><instruction code="OR T127, T1133, 0"><temps name="use"><temp name="T1133"/></temps><temps name="def"><temp name="T127"/></temps><temps name="in"><temp name="T6"/><temp name="T1133"/></temps><temps name="out"><temp name="T6"/><temp name="T127"/></temps></instruction><instruction code="OR T128, T127, 0"><temps name="use"><temp name="T127"/></temps><temps name="def"><temp name="T128"/></temps><temps name="in"><temp name="T6"/><temp name="T127"/></temps><temps name="out"><temp name="T128"/><temp name="T6"/></temps></instruction><instruction code="SETL  T1135, 10"><temps name="use"/><temps name="def"><temp name="T1135"/></temps><temps name="in"><temp name="T128"/><temp name="T6"/></temps><temps name="out"><temp name="T128"/><temp name="T6"/></temps></instruction><instruction code="INCML T1135, 0"><temps name="use"/><temps name="def"><temp name="T1135"/></temps><temps name="in"><temp name="T128"/><temp name="T6"/></temps><temps name="out"><temp name="T128"/><temp name="T6"/></temps></instruction><instruction code="INCMH T1135, 0"><temps name="use"/><temps name="def"><temp name="T1135"/></temps><temps name="in"><temp name="T128"/><temp name="T6"/></temps><temps name="out"><temp name="T128"/><temp name="T6"/></temps></instruction><instruction code="INCH  T1135, 0"><temps name="use"/><temps name="def"><temp name="T1135"/></temps><temps name="in"><temp name="T128"/><temp name="T6"/></temps><temps name="out"><temp name="T128"/><temp name="T6"/><temp name="T1135"/></temps></instruction><instruction code="OR T129, T1135, 0"><temps name="use"><temp name="T1135"/></temps><temps name="def"><temp name="T129"/></temps><temps name="in"><temp name="T128"/><temp name="T6"/><temp name="T1135"/></temps><temps name="out"><temp name="T128"/><temp name="T6"/><temp name="T129"/></temps></instruction><instruction code="CMP T1136, T128, T129"><temps name="use"><temp name="T128"/><temp name="T129"/></temps><temps name="def"><temp name="T1136"/></temps><temps name="in"><temp name="T128"/><temp name="T6"/><temp name="T129"/></temps><temps name="out"><temp name="T6"/><temp name="T1136"/></temps></instruction><instruction code="ZSNP T1136, T1136, 1"><temps name="use"><temp name="T1136"/></temps><temps name="def"><temp name="T1136"/></temps><temps name="in"><temp name="T6"/><temp name="T1136"/></temps><temps name="out"><temp name="T6"/><temp name="T1136"/></temps></instruction><instruction code="OR T130, T1136, 0"><temps name="use"><temp name="T1136"/></temps><temps name="def"><temp name="T130"/></temps><temps name="in"><temp name="T6"/><temp name="T1136"/></temps><temps name="out"><temp name="T6"/><temp name="T130"/></temps></instruction><instruction code="BNZ T130, L18"><temps name="use"><temp name="T130"/></temps><temps name="def"/><temps name="in"><temp name="T6"/><temp name="T130"/></temps><temps name="out"><temp name="T6"/></temps></instruction><instruction code="L108"><temps name="use"/><temps name="def"/><temps name="in"><temp name="T6"/></temps><temps name="out"><temp name="T6"/></temps></instruction><instruction code="LDA T1137, L19"><temps name="use"/><temps name="def"><temp name="T1137"/></temps><temps name="in"><temp name="T6"/></temps><temps name="out"><temp name="T6"/><temp name="T1137"/></temps></instruction><instruction code="GO T1137, T1137, 0"><temps name="use"><temp name="T1137"/></temps><temps name="def"><temp name="T1137"/></temps><temps name="in"><temp name="T6"/><temp name="T1137"/></temps><temps name="out"><temp name="T6"/></temps></instruction><instruction code="L18"><temps name="use"/><temps name="def"/><temps name="in"><temp name="T6"/></temps><temps name="out"><temp name="T6"/></temps></instruction><instruction code="SETL  T1138, 0"><temps name="use"/><temps name="def"><temp name="T1138"/></temps><temps name="in"><temp name="T6"/></temps><temps name="out"><temp name="T6"/></temps></instruction><instruction code="INCML T1138, 0"><temps name="use"/><temps name="def"><temp name="T1138"/></temps><temps name="in"><temp name="T6"/></temps><temps name="out"><temp name="T6"/></temps></instruction><instruction code="INCMH T1138, 0"><temps name="use"/><temps name="def"><temp name="T1138"/></temps><temps name="in"><temp name="T6"/></temps><temps name="out"><temp name="T6"/></temps></instruction><instruction code="INCH  T1138, 0"><temps name="use"/><temps name="def"><temp name="T1138"/></temps><temps name="in"><temp name="T6"/></temps><temps name="out"><temp name="T6"/><temp name="T1138"/></temps></instruction><instruction code="OR T131, T1138, 0"><temps name="use"><temp name="T1138"/></temps><temps name="def"><temp name="T131"/></temps><temps name="in"><temp name="T6"/><temp name="T1138"/></temps><temps name="out"><temp name="T6"/><temp name="T131"/></temps></instruction><instruction code="OR T132, T6, 0"><temps name="use"><temp name="T6"/></temps><temps name="def"><temp name="T132"/></temps><temps name="in"><temp name="T6"/><temp name="T131"/></temps><temps name="out"><temp name="T6"/><temp name="T131"/><temp name="T132"/></temps></instruction><instruction code="SETL  T1139, 8"><temps name="use"/><temps name="def"><temp name="T1139"/></temps><temps name="in"><temp name="T6"/><temp name="T131"/><temp name="T132"/></temps><temps name="out"><temp name="T6"/><temp name="T131"/><temp name="T132"/></temps></instruction><instruction code="INCML T1139, 0"><temps name="use"/><temps name="def"><temp name="T1139"/></temps><temps name="in"><temp name="T6"/><temp name="T131"/><temp name="T132"/></temps><temps name="out"><temp name="T6"/><temp name="T131"/><temp name="T132"/></temps></instruction><instruction code="INCMH T1139, 0"><temps name="use"/><temps name="def"><temp name="T1139"/></temps><temps name="in"><temp name="T6"/><temp name="T131"/><temp name="T132"/></temps><temps name="out"><temp name="T6"/><temp name="T131"/><temp name="T132"/></temps></instruction><instruction code="INCH  T1139, 0"><temps name="use"/><temps name="def"><temp name="T1139"/></temps><temps name="in"><temp name="T6"/><temp name="T131"/><temp name="T132"/></temps><temps name="out"><temp name="T6"/><temp name="T131"/><temp name="T132"/><temp name="T1139"/></temps></instruction><instruction code="NEG T1139, 0, T1139"><temps name="use"><temp name="T1139"/></temps><temps name="def"><temp name="T1139"/></temps><temps name="in"><temp name="T6"/><temp name="T131"/><temp name="T132"/><temp name="T1139"/></temps><temps name="out"><temp name="T6"/><temp name="T131"/><temp name="T132"/><temp name="T1139"/></temps></instruction><instruction code="OR T133, T1139, 0"><temps name="use"><temp name="T1139"/></temps><temps name="def"><temp name="T133"/></temps><temps name="in"><temp name="T6"/><temp name="T131"/><temp name="T132"/><temp name="T1139"/></temps><temps name="out"><temp name="T6"/><temp name="T131"/><temp name="T132"/><temp name="T133"/></temps></instruction><instruction code="ADD T1140, T132, T133"><temps name="use"><temp name="T132"/><temp name="T133"/></temps><temps name="def"><temp name="T1140"/></temps><temps name="in"><temp name="T6"/><temp name="T131"/><temp name="T132"/><temp name="T133"/></temps><temps name="out"><temp name="T1140"/><temp name="T6"/><temp name="T131"/></temps></instruction><instruction code="OR T134, T1140, 0"><temps name="use"><temp name="T1140"/></temps><temps name="def"><temp name="T134"/></temps><temps name="in"><temp name="T1140"/><temp name="T6"/><temp name="T131"/></temps><temps name="out"><temp name="T6"/><temp name="T131"/><temp name="T134"/></temps></instruction><instruction code="OR T135, T134, 0"><temps name="use"><temp name="T134"/></temps><temps name="def"><temp name="T135"/></temps><temps name="in"><temp name="T6"/><temp name="T131"/><temp name="T134"/></temps><temps name="out"><temp name="T6"/><temp name="T131"/><temp name="T135"/></temps></instruction><instruction code="STO T131, $254, 8"><temps name="use"><temp name="T131"/></temps><temps name="def"/><temps name="in"><temp name="T6"/><temp name="T131"/><temp name="T135"/></temps><temps name="out"><temp name="T6"/><temp name="T135"/></temps></instruction><instruction code="STO T135, $254, 16"><temps name="use"><temp name="T135"/></temps><temps name="def"/><temps name="in"><temp name="T6"/><temp name="T135"/></temps><temps name="out"><temp name="T6"/></temps></instruction><instruction code="LDA T1142, _putInt"><temps name="use"/><temps name="def"><temp name="T1142"/></temps><temps name="in"><temp name="T6"/></temps><temps name="out"><temp name="T6"/><temp name="T1142"/></temps></instruction><instruction code="PUSHJ $16, T1142, 0"><temps name="use"><temp name="T1142"/></temps><temps name="def"/><temps name="in"><temp name="T6"/><temp name="T1142"/></temps><temps name="out"><temp name="T6"/></temps></instruction><instruction code="LDO T1143, $254, 0"><temps name="use"/><temps name="def"><temp name="T1143"/></temps><temps name="in"><temp name="T6"/></temps><temps name="out"><temp name="T1143"/><temp name="T6"/></temps></instruction><instruction code="OR T136, T1143, 0"><temps name="use"><temp name="T1143"/></temps><temps name="def"><temp name="T136"/></temps><temps name="in"><temp name="T1143"/><temp name="T6"/></temps><temps name="out"><temp name="T6"/></temps></instruction><instruction code="SETL  T1144, 0"><temps name="use"/><temps name="def"><temp name="T1144"/></temps><temps name="in"><temp name="T6"/></temps><temps name="out"><temp name="T6"/></temps></instruction><instruction code="INCML T1144, 0"><temps name="use"/><temps name="def"><temp name="T1144"/></temps><temps name="in"><temp name="T6"/></temps><temps name="out"><temp name="T6"/></temps></instruction><instruction code="INCMH T1144, 0"><temps name="use"/><temps name="def"><temp name="T1144"/></temps><temps name="in"><temp name="T6"/></temps><temps name="out"><temp name="T6"/></temps></instruction><instruction code="INCH  T1144, 0"><temps name="use"/><temps name="def"><temp name="T1144"/></temps><temps name="in"><temp name="T6"/></temps><temps name="out"><temp name="T1144"/><temp name="T6"/></temps></instruction><instruction code="OR T137, T1144, 0"><temps name="use"><temp name="T1144"/></temps><temps name="def"><temp name="T137"/></temps><temps name="in"><temp name="T1144"/><temp name="T6"/></temps><temps name="out"><temp name="T6"/><temp name="T137"/></temps></instruction><instruction code="LDA T1145, L16"><temps name="use"/><temps name="def"><temp name="T1145"/></temps><temps name="in"><temp name="T6"/><temp name="T137"/></temps><temps name="out"><temp name="T6"/><temp name="T137"/><temp name="T1145"/></temps></instruction><instruction code="OR T138, T1145, 0"><temps name="use"><temp name="T1145"/></temps><temps name="def"><temp name="T138"/></temps><temps name="in"><temp name="T6"/><temp name="T137"/><temp name="T1145"/></temps><temps name="out"><temp name="T6"/><temp name="T138"/><temp name="T137"/></temps></instruction><instruction code="STO T137, $254, 8"><temps name="use"><temp name="T137"/></temps><temps name="def"/><temps name="in"><temp name="T6"/><temp name="T138"/><temp name="T137"/></temps><temps name="out"><temp name="T6"/><temp name="T138"/></temps></instruction><instruction code="STO T138, $254, 16"><temps name="use"><temp name="T138"/></temps><temps name="def"/><temps name="in"><temp name="T6"/><temp name="T138"/></temps><temps name="out"><temp name="T6"/></temps></instruction><instruction code="LDA T1146, _putString"><temps name="use"/><temps name="def"><temp name="T1146"/></temps><temps name="in"><temp name="T6"/></temps><temps name="out"><temp name="T6"/><temp name="T1146"/></temps></instruction><instruction code="PUSHJ $16, T1146, 0"><temps name="use"><temp name="T1146"/></temps><temps name="def"/><temps name="in"><temp name="T6"/><temp name="T1146"/></temps><temps name="out"><temp name="T6"/></temps></instruction><instruction code="LDO T1147, $254, 0"><temps name="use"/><temps name="def"><temp name="T1147"/></temps><temps name="in"><temp name="T6"/></temps><temps name="out"><temp name="T6"/><temp name="T1147"/></temps></instruction><instruction code="OR T139, T1147, 0"><temps name="use"><temp name="T1147"/></temps><temps name="def"><temp name="T139"/></temps><temps name="in"><temp name="T6"/><temp name="T1147"/></temps><temps name="out"><temp name="T6"/></temps></instruction><instruction code="SETL  T1148, 0"><temps name="use"/><temps name="def"><temp name="T1148"/></temps><temps name="in"><temp name="T6"/></temps><temps name="out"><temp name="T6"/></temps></instruction><instruction code="INCML T1148, 0"><temps name="use"/><temps name="def"><temp name="T1148"/></temps><temps name="in"><temp name="T6"/></temps><temps name="out"><temp name="T6"/></temps></instruction><instruction code="INCMH T1148, 0"><temps name="use"/><temps name="def"><temp name="T1148"/></temps><temps name="in"><temp name="T6"/></temps><temps name="out"><temp name="T6"/></temps></instruction><instruction code="INCH  T1148, 0"><temps name="use"/><temps name="def"><temp name="T1148"/></temps><temps name="in"><temp name="T6"/></temps><temps name="out"><temp name="T6"/><temp name="T1148"/></temps></instruction><instruction code="OR T140, T1148, 0"><temps name="use"><temp name="T1148"/></temps><temps name="def"><temp name="T140"/></temps><temps name="in"><temp name="T6"/><temp name="T1148"/></temps><temps name="out"><temp name="T6"/><temp name="T140"/></temps></instruction><instruction code="SETL  T1149, 0"><temps name="use"/><temps name="def"><temp name="T1149"/></temps><temps name="in"><temp name="T6"/><temp name="T140"/></temps><temps name="out"><temp name="T6"/><temp name="T140"/></temps></instruction><instruction code="INCML T1149, 0"><temps name="use"/><temps name="def"><temp name="T1149"/></temps><temps name="in"><temp name="T6"/><temp name="T140"/></temps><temps name="out"><temp name="T6"/><temp name="T140"/></temps></instruction><instruction code="INCMH T1149, 0"><temps name="use"/><temps name="def"><temp name="T1149"/></temps><temps name="in"><temp name="T6"/><temp name="T140"/></temps><temps name="out"><temp name="T6"/><temp name="T140"/></temps></instruction><instruction code="INCH  T1149, 0"><temps name="use"/><temps name="def"><temp name="T1149"/></temps><temps name="in"><temp name="T6"/><temp name="T140"/></temps><temps name="out"><temp name="T1149"/><temp name="T6"/><temp name="T140"/></temps></instruction><instruction code="OR T141, T1149, 0"><temps name="use"><temp name="T1149"/></temps><temps name="def"><temp name="T141"/></temps><temps name="in"><temp name="T1149"/><temp name="T6"/><temp name="T140"/></temps><temps name="out"><temp name="T6"/><temp name="T140"/><temp name="T141"/></temps></instruction><instruction code="OR T142, T6, 0"><temps name="use"><temp name="T6"/></temps><temps name="def"><temp name="T142"/></temps><temps name="in"><temp name="T6"/><temp name="T140"/><temp name="T141"/></temps><temps name="out"><temp name="T6"/><temp name="T142"/><temp name="T140"/><temp name="T141"/></temps></instruction><instruction code="SETL  T1150, 8"><temps name="use"/><temps name="def"><temp name="T1150"/></temps><temps name="in"><temp name="T6"/><temp name="T142"/><temp name="T140"/><temp name="T141"/></temps><temps name="out"><temp name="T6"/><temp name="T142"/><temp name="T140"/><temp name="T141"/></temps></instruction><instruction code="INCML T1150, 0"><temps name="use"/><temps name="def"><temp name="T1150"/></temps><temps name="in"><temp name="T6"/><temp name="T142"/><temp name="T140"/><temp name="T141"/></temps><temps name="out"><temp name="T6"/><temp name="T142"/><temp name="T140"/><temp name="T141"/></temps></instruction><instruction code="INCMH T1150, 0"><temps name="use"/><temps name="def"><temp name="T1150"/></temps><temps name="in"><temp name="T6"/><temp name="T142"/><temp name="T140"/><temp name="T141"/></temps><temps name="out"><temp name="T6"/><temp name="T142"/><temp name="T140"/><temp name="T141"/></temps></instruction><instruction code="INCH  T1150, 0"><temps name="use"/><temps name="def"><temp name="T1150"/></temps><temps name="in"><temp name="T6"/><temp name="T142"/><temp name="T140"/><temp name="T141"/></temps><temps name="out"><temp name="T6"/><temp name="T142"/><temp name="T1150"/><temp name="T140"/><temp name="T141"/></temps></instruction><instruction code="NEG T1150, 0, T1150"><temps name="use"><temp name="T1150"/></temps><temps name="def"><temp name="T1150"/></temps><temps name="in"><temp name="T6"/><temp name="T142"/><temp name="T1150"/><temp name="T140"/><temp name="T141"/></temps><temps name="out"><temp name="T6"/><temp name="T142"/><temp name="T1150"/><temp name="T140"/><temp name="T141"/></temps></instruction><instruction code="OR T143, T1150, 0"><temps name="use"><temp name="T1150"/></temps><temps name="def"><temp name="T143"/></temps><temps name="in"><temp name="T6"/><temp name="T142"/><temp name="T1150"/><temp name="T140"/><temp name="T141"/></temps><temps name="out"><temp name="T6"/><temp name="T142"/><temp name="T140"/><temp name="T143"/><temp name="T141"/></temps></instruction><instruction code="ADD T1151, T142, T143"><temps name="use"><temp name="T142"/><temp name="T143"/></temps><temps name="def"><temp name="T1151"/></temps><temps name="in"><temp name="T6"/><temp name="T142"/><temp name="T140"/><temp name="T143"/><temp name="T141"/></temps><temps name="out"><temp name="T6"/><temp name="T1151"/><temp name="T140"/><temp name="T141"/></temps></instruction><instruction code="OR T144, T1151, 0"><temps name="use"><temp name="T1151"/></temps><temps name="def"><temp name="T144"/></temps><temps name="in"><temp name="T6"/><temp name="T1151"/><temp name="T140"/><temp name="T141"/></temps><temps name="out"><temp name="T6"/><temp name="T144"/><temp name="T140"/><temp name="T141"/></temps></instruction><instruction code="OR T145, T144, 0"><temps name="use"><temp name="T144"/></temps><temps name="def"><temp name="T145"/></temps><temps name="in"><temp name="T6"/><temp name="T144"/><temp name="T140"/><temp name="T141"/></temps><temps name="out"><temp name="T6"/><temp name="T145"/><temp name="T140"/><temp name="T141"/></temps></instruction><instruction code="STO T141, $254, 8"><temps name="use"><temp name="T141"/></temps><temps name="def"/><temps name="in"><temp name="T6"/><temp name="T145"/><temp name="T140"/><temp name="T141"/></temps><temps name="out"><temp name="T6"/><temp name="T145"/><temp name="T140"/></temps></instruction><instruction code="STO T145, $254, 16"><temps name="use"><temp name="T145"/></temps><temps name="def"/><temps name="in"><temp name="T6"/><temp name="T145"/><temp name="T140"/></temps><temps name="out"><temp name="T6"/><temp name="T140"/></temps></instruction><instruction code="LDA T1153, _fibItr"><temps name="use"/><temps name="def"><temp name="T1153"/></temps><temps name="in"><temp name="T6"/><temp name="T140"/></temps><temps name="out"><temp name="T6"/><temp name="T1153"/><temp name="T140"/></temps></instruction><instruction code="PUSHJ $16, T1153, 0"><temps name="use"><temp name="T1153"/></temps><temps name="def"/><temps name="in"><temp name="T6"/><temp name="T1153"/><temp name="T140"/></temps><temps name="out"><temp name="T6"/><temp name="T140"/></temps></instruction><instruction code="LDO T1154, $254, 0"><temps name="use"/><temps name="def"><temp name="T1154"/></temps><temps name="in"><temp name="T6"/><temp name="T140"/></temps><temps name="out"><temp name="T6"/><temp name="T1154"/><temp name="T140"/></temps></instruction><instruction code="OR T146, T1154, 0"><temps name="use"><temp name="T1154"/></temps><temps name="def"><temp name="T146"/></temps><temps name="in"><temp name="T6"/><temp name="T1154"/><temp name="T140"/></temps><temps name="out"><temp name="T6"/><temp name="T140"/><temp name="T146"/></temps></instruction><instruction code="STO T140, $254, 8"><temps name="use"><temp name="T140"/></temps><temps name="def"/><temps name="in"><temp name="T6"/><temp name="T140"/><temp name="T146"/></temps><temps name="out"><temp name="T6"/><temp name="T146"/></temps></instruction><instruction code="STO T146, $254, 16"><temps name="use"><temp name="T146"/></temps><temps name="def"/><temps name="in"><temp name="T6"/><temp name="T146"/></temps><temps name="out"><temp name="T6"/></temps></instruction><instruction code="LDA T1155, _putInt"><temps name="use"/><temps name="def"><temp name="T1155"/></temps><temps name="in"><temp name="T6"/></temps><temps name="out"><temp name="T6"/><temp name="T1155"/></temps></instruction><instruction code="PUSHJ $16, T1155, 0"><temps name="use"><temp name="T1155"/></temps><temps name="def"/><temps name="in"><temp name="T6"/><temp name="T1155"/></temps><temps name="out"><temp name="T6"/></temps></instruction><instruction code="LDO T1156, $254, 0"><temps name="use"/><temps name="def"><temp name="T1156"/></temps><temps name="in"><temp name="T6"/></temps><temps name="out"><temp name="T6"/><temp name="T1156"/></temps></instruction><instruction code="OR T147, T1156, 0"><temps name="use"><temp name="T1156"/></temps><temps name="def"><temp name="T147"/></temps><temps name="in"><temp name="T6"/><temp name="T1156"/></temps><temps name="out"><temp name="T6"/></temps></instruction><instruction code="SETL  T1157, 0"><temps name="use"/><temps name="def"><temp name="T1157"/></temps><temps name="in"><temp name="T6"/></temps><temps name="out"><temp name="T6"/></temps></instruction><instruction code="INCML T1157, 0"><temps name="use"/><temps name="def"><temp name="T1157"/></temps><temps name="in"><temp name="T6"/></temps><temps name="out"><temp name="T6"/></temps></instruction><instruction code="INCMH T1157, 0"><temps name="use"/><temps name="def"><temp name="T1157"/></temps><temps name="in"><temp name="T6"/></temps><temps name="out"><temp name="T6"/></temps></instruction><instruction code="INCH  T1157, 0"><temps name="use"/><temps name="def"><temp name="T1157"/></temps><temps name="in"><temp name="T6"/></temps><temps name="out"><temp name="T6"/><temp name="T1157"/></temps></instruction><instruction code="OR T148, T1157, 0"><temps name="use"><temp name="T1157"/></temps><temps name="def"><temp name="T148"/></temps><temps name="in"><temp name="T6"/><temp name="T1157"/></temps><temps name="out"><temp name="T6"/><temp name="T148"/></temps></instruction><instruction code="SETL  T1158, 10"><temps name="use"/><temps name="def"><temp name="T1158"/></temps><temps name="in"><temp name="T6"/><temp name="T148"/></temps><temps name="out"><temp name="T6"/><temp name="T148"/></temps></instruction><instruction code="INCML T1158, 0"><temps name="use"/><temps name="def"><temp name="T1158"/></temps><temps name="in"><temp name="T6"/><temp name="T148"/></temps><temps name="out"><temp name="T6"/><temp name="T148"/></temps></instruction><instruction code="INCMH T1158, 0"><temps name="use"/><temps name="def"><temp name="T1158"/></temps><temps name="in"><temp name="T6"/><temp name="T148"/></temps><temps name="out"><temp name="T6"/><temp name="T148"/></temps></instruction><instruction code="INCH  T1158, 0"><temps name="use"/><temps name="def"><temp name="T1158"/></temps><temps name="in"><temp name="T6"/><temp name="T148"/></temps><temps name="out"><temp name="T6"/><temp name="T1158"/><temp name="T148"/></temps></instruction><instruction code="OR T149, T1158, 0"><temps name="use"><temp name="T1158"/></temps><temps name="def"><temp name="T149"/></temps><temps name="in"><temp name="T6"/><temp name="T1158"/><temp name="T148"/></temps><temps name="out"><temp name="T6"/><temp name="T148"/><temp name="T149"/></temps></instruction><instruction code="SETL  T1159, 256"><temps name="use"/><temps name="def"><temp name="T1159"/></temps><temps name="in"><temp name="T6"/><temp name="T148"/><temp name="T149"/></temps><temps name="out"><temp name="T6"/><temp name="T148"/><temp name="T149"/></temps></instruction><instruction code="INCML T1159, 0"><temps name="use"/><temps name="def"><temp name="T1159"/></temps><temps name="in"><temp name="T6"/><temp name="T148"/><temp name="T149"/></temps><temps name="out"><temp name="T6"/><temp name="T148"/><temp name="T149"/></temps></instruction><instruction code="INCMH T1159, 0"><temps name="use"/><temps name="def"><temp name="T1159"/></temps><temps name="in"><temp name="T6"/><temp name="T148"/><temp name="T149"/></temps><temps name="out"><temp name="T6"/><temp name="T148"/><temp name="T149"/></temps></instruction><instruction code="INCH  T1159, 0"><temps name="use"/><temps name="def"><temp name="T1159"/></temps><temps name="in"><temp name="T6"/><temp name="T148"/><temp name="T149"/></temps><temps name="out"><temp name="T6"/><temp name="T1159"/><temp name="T148"/><temp name="T149"/></temps></instruction><instruction code="OR T150, T1159, 0"><temps name="use"><temp name="T1159"/></temps><temps name="def"><temp name="T150"/></temps><temps name="in"><temp name="T6"/><temp name="T1159"/><temp name="T148"/><temp name="T149"/></temps><temps name="out"><temp name="T6"/><temp name="T150"/><temp name="T148"/><temp name="T149"/></temps></instruction><instruction code="DIV T1160, T149, T150"><temps name="use"><temp name="T149"/><temp name="T150"/></temps><temps name="def"><temp name="T1160"/></temps><temps name="in"><temp name="T6"/><temp name="T150"/><temp name="T148"/><temp name="T149"/></temps><temps name="out"><temp name="T6"/><temp name="T148"/></temps></instruction><instruction code="OR T1160, rR, 0"><temps name="use"/><temps name="def"><temp name="T1160"/></temps><temps name="in"><temp name="T6"/><temp name="T148"/></temps><temps name="out"><temp name="T6"/><temp name="T148"/><temp name="T1160"/></temps></instruction><instruction code="OR T151, T1160, 0"><temps name="use"><temp name="T1160"/></temps><temps name="def"><temp name="T151"/></temps><temps name="in"><temp name="T6"/><temp name="T148"/><temp name="T1160"/></temps><temps name="out"><temp name="T6"/><temp name="T148"/><temp name="T151"/></temps></instruction><instruction code="STO T148, $254, 8"><temps name="use"><temp name="T148"/></temps><temps name="def"/><temps name="in"><temp name="T6"/><temp name="T148"/><temp name="T151"/></temps><temps name="out"><temp name="T6"/><temp name="T151"/></temps></instruction><instruction code="STO T151, $254, 16"><temps name="use"><temp name="T151"/></temps><temps name="def"/><temps name="in"><temp name="T6"/><temp name="T151"/></temps><temps name="out"><temp name="T6"/></temps></instruction><instruction code="LDA T1161, _putChar"><temps name="use"/><temps name="def"><temp name="T1161"/></temps><temps name="in"><temp name="T6"/></temps><temps name="out"><temp name="T6"/><temp name="T1161"/></temps></instruction><instruction code="PUSHJ $16, T1161, 0"><temps name="use"><temp name="T1161"/></temps><temps name="def"/><temps name="in"><temp name="T6"/><temp name="T1161"/></temps><temps name="out"><temp name="T6"/></temps></instruction><instruction code="LDO T1162, $254, 0"><temps name="use"/><temps name="def"><temp name="T1162"/></temps><temps name="in"><temp name="T6"/></temps><temps name="out"><temp name="T6"/><temp name="T1162"/></temps></instruction><instruction code="OR T152, T1162, 0"><temps name="use"><temp name="T1162"/></temps><temps name="def"><temp name="T152"/></temps><temps name="in"><temp name="T6"/><temp name="T1162"/></temps><temps name="out"><temp name="T6"/></temps></instruction><instruction code="OR T153, T6, 0"><temps name="use"><temp name="T6"/></temps><temps name="def"><temp name="T153"/></temps><temps name="in"><temp name="T6"/></temps><temps name="out"><temp name="T6"/><temp name="T153"/></temps></instruction><instruction code="SETL  T1163, 8"><temps name="use"/><temps name="def"><temp name="T1163"/></temps><temps name="in"><temp name="T6"/><temp name="T153"/></temps><temps name="out"><temp name="T6"/><temp name="T153"/></temps></instruction><instruction code="INCML T1163, 0"><temps name="use"/><temps name="def"><temp name="T1163"/></temps><temps name="in"><temp name="T6"/><temp name="T153"/></temps><temps name="out"><temp name="T6"/><temp name="T153"/></temps></instruction><instruction code="INCMH T1163, 0"><temps name="use"/><temps name="def"><temp name="T1163"/></temps><temps name="in"><temp name="T6"/><temp name="T153"/></temps><temps name="out"><temp name="T6"/><temp name="T153"/></temps></instruction><instruction code="INCH  T1163, 0"><temps name="use"/><temps name="def"><temp name="T1163"/></temps><temps name="in"><temp name="T6"/><temp name="T153"/></temps><temps name="out"><temp name="T1163"/><temp name="T6"/><temp name="T153"/></temps></instruction><instruction code="NEG T1163, 0, T1163"><temps name="use"><temp name="T1163"/></temps><temps name="def"><temp name="T1163"/></temps><temps name="in"><temp name="T1163"/><temp name="T6"/><temp name="T153"/></temps><temps name="out"><temp name="T1163"/><temp name="T6"/><temp name="T153"/></temps></instruction><instruction code="OR T154, T1163, 0"><temps name="use"><temp name="T1163"/></temps><temps name="def"><temp name="T154"/></temps><temps name="in"><temp name="T1163"/><temp name="T6"/><temp name="T153"/></temps><temps name="out"><temp name="T6"/><temp name="T154"/><temp name="T153"/></temps></instruction><instruction code="ADD T1164, T153, T154"><temps name="use"><temp name="T153"/><temp name="T154"/></temps><temps name="def"><temp name="T1164"/></temps><temps name="in"><temp name="T6"/><temp name="T154"/><temp name="T153"/></temps><temps name="out"><temp name="T1164"/><temp name="T6"/></temps></instruction><instruction code="OR T155, T1164, 0"><temps name="use"><temp name="T1164"/></temps><temps name="def"><temp name="T155"/></temps><temps name="in"><temp name="T1164"/><temp name="T6"/></temps><temps name="out"><temp name="T155"/><temp name="T6"/></temps></instruction><instruction code="OR T156, T155, 0"><temps name="use"><temp name="T155"/></temps><temps name="def"><temp name="T156"/></temps><temps name="in"><temp name="T155"/><temp name="T6"/></temps><temps name="out"><temp name="T6"/><temp name="T156"/></temps></instruction><instruction code="SETL  T1166, 1"><temps name="use"/><temps name="def"><temp name="T1166"/></temps><temps name="in"><temp name="T6"/><temp name="T156"/></temps><temps name="out"><temp name="T6"/><temp name="T156"/></temps></instruction><instruction code="INCML T1166, 0"><temps name="use"/><temps name="def"><temp name="T1166"/></temps><temps name="in"><temp name="T6"/><temp name="T156"/></temps><temps name="out"><temp name="T6"/><temp name="T156"/></temps></instruction><instruction code="INCMH T1166, 0"><temps name="use"/><temps name="def"><temp name="T1166"/></temps><temps name="in"><temp name="T6"/><temp name="T156"/></temps><temps name="out"><temp name="T6"/><temp name="T156"/></temps></instruction><instruction code="INCH  T1166, 0"><temps name="use"/><temps name="def"><temp name="T1166"/></temps><temps name="in"><temp name="T6"/><temp name="T156"/></temps><temps name="out"><temp name="T1166"/><temp name="T6"/><temp name="T156"/></temps></instruction><instruction code="OR T157, T1166, 0"><temps name="use"><temp name="T1166"/></temps><temps name="def"><temp name="T157"/></temps><temps name="in"><temp name="T1166"/><temp name="T6"/><temp name="T156"/></temps><temps name="out"><temp name="T157"/><temp name="T6"/><temp name="T156"/></temps></instruction><instruction code="ADD T1167, T156, T157"><temps name="use"><temp name="T156"/><temp name="T157"/></temps><temps name="def"><temp name="T1167"/></temps><temps name="in"><temp name="T157"/><temp name="T6"/><temp name="T156"/></temps><temps name="out"><temp name="T6"/><temp name="T1167"/></temps></instruction><instruction code="OR T158, T1167, 0"><temps name="use"><temp name="T1167"/></temps><temps name="def"><temp name="T158"/></temps><temps name="in"><temp name="T6"/><temp name="T1167"/></temps><temps name="out"><temp name="T6"/><temp name="T158"/></temps></instruction><instruction code="SETL  T1168, 8"><temps name="use"/><temps name="def"><temp name="T1168"/></temps><temps name="in"><temp name="T6"/><temp name="T158"/></temps><temps name="out"><temp name="T6"/><temp name="T158"/></temps></instruction><instruction code="INCML T1168, 0"><temps name="use"/><temps name="def"><temp name="T1168"/></temps><temps name="in"><temp name="T6"/><temp name="T158"/></temps><temps name="out"><temp name="T6"/><temp name="T158"/></temps></instruction><instruction code="INCMH T1168, 0"><temps name="use"/><temps name="def"><temp name="T1168"/></temps><temps name="in"><temp name="T6"/><temp name="T158"/></temps><temps name="out"><temp name="T6"/><temp name="T158"/></temps></instruction><instruction code="INCH  T1168, 0"><temps name="use"/><temps name="def"><temp name="T1168"/></temps><temps name="in"><temp name="T6"/><temp name="T158"/></temps><temps name="out"><temp name="T6"/><temp name="T1168"/><temp name="T158"/></temps></instruction><instruction code="NEG T1168, 0, T1168"><temps name="use"><temp name="T1168"/></temps><temps name="def"><temp name="T1168"/></temps><temps name="in"><temp name="T6"/><temp name="T1168"/><temp name="T158"/></temps><temps name="out"><temp name="T6"/><temp name="T1168"/><temp name="T158"/></temps></instruction><instruction code="ADD T1169, T6, T1168"><temps name="use"><temp name="T6"/><temp name="T1168"/></temps><temps name="def"><temp name="T1169"/></temps><temps name="in"><temp name="T6"/><temp name="T1168"/><temp name="T158"/></temps><temps name="out"><temp name="T6"/><temp name="T1169"/><temp name="T158"/></temps></instruction><instruction code="STO T1169, T158, 0"><temps name="use"><temp name="T1169"/><temp name="T158"/></temps><temps name="def"/><temps name="in"><temp name="T6"/><temp name="T1169"/><temp name="T158"/></temps><temps name="out"><temp name="T6"/></temps></instruction><instruction code="LDA T1171, L17"><temps name="use"/><temps name="def"><temp name="T1171"/></temps><temps name="in"><temp name="T6"/></temps><temps name="out"><temp name="T6"/><temp name="T1171"/></temps></instruction><instruction code="GO T1171, T1171, 0"><temps name="use"><temp name="T1171"/></temps><temps name="def"><temp name="T1171"/></temps><temps name="in"><temp name="T6"/><temp name="T1171"/></temps><temps name="out"><temp name="T6"/></temps></instruction><instruction code="L19"><temps name="use"/><temps name="def"/><temps name="in"><temp name="T6"/></temps><temps name="out"><temp name="T6"/></temps></instruction><instruction code="SETL  T1172, 0"><temps name="use"/><temps name="def"><temp name="T1172"/></temps><temps name="in"><temp name="T6"/></temps><temps name="out"><temp name="T6"/></temps></instruction><instruction code="INCML T1172, 0"><temps name="use"/><temps name="def"><temp name="T1172"/></temps><temps name="in"><temp name="T6"/></temps><temps name="out"><temp name="T6"/></temps></instruction><instruction code="INCMH T1172, 0"><temps name="use"/><temps name="def"><temp name="T1172"/></temps><temps name="in"><temp name="T6"/></temps><temps name="out"><temp name="T6"/></temps></instruction><instruction code="INCH  T1172, 0"><temps name="use"/><temps name="def"><temp name="T1172"/></temps><temps name="in"><temp name="T6"/></temps><temps name="out"><temp name="T6"/><temp name="T1172"/></temps></instruction><instruction code="OR T159, T1172, 0"><temps name="use"><temp name="T1172"/></temps><temps name="def"><temp name="T159"/></temps><temps name="in"><temp name="T6"/><temp name="T1172"/></temps><temps name="out"><temp name="T6"/><temp name="T159"/></temps></instruction><instruction code="LDA T1173, L20"><temps name="use"/><temps name="def"><temp name="T1173"/></temps><temps name="in"><temp name="T6"/><temp name="T159"/></temps><temps name="out"><temp name="T6"/><temp name="T1173"/><temp name="T159"/></temps></instruction><instruction code="OR T160, T1173, 0"><temps name="use"><temp name="T1173"/></temps><temps name="def"><temp name="T160"/></temps><temps name="in"><temp name="T6"/><temp name="T1173"/><temp name="T159"/></temps><temps name="out"><temp name="T6"/><temp name="T159"/><temp name="T160"/></temps></instruction><instruction code="STO T159, $254, 8"><temps name="use"><temp name="T159"/></temps><temps name="def"/><temps name="in"><temp name="T6"/><temp name="T159"/><temp name="T160"/></temps><temps name="out"><temp name="T6"/><temp name="T160"/></temps></instruction><instruction code="STO T160, $254, 16"><temps name="use"><temp name="T160"/></temps><temps name="def"/><temps name="in"><temp name="T6"/><temp name="T160"/></temps><temps name="out"><temp name="T6"/></temps></instruction><instruction code="LDA T1174, _putString"><temps name="use"/><temps name="def"><temp name="T1174"/></temps><temps name="in"><temp name="T6"/></temps><temps name="out"><temp name="T6"/><temp name="T1174"/></temps></instruction><instruction code="PUSHJ $16, T1174, 0"><temps name="use"><temp name="T1174"/></temps><temps name="def"/><temps name="in"><temp name="T6"/><temp name="T1174"/></temps><temps name="out"><temp name="T6"/></temps></instruction><instruction code="LDO T1175, $254, 0"><temps name="use"/><temps name="def"><temp name="T1175"/></temps><temps name="in"><temp name="T6"/></temps><temps name="out"><temp name="T6"/><temp name="T1175"/></temps></instruction><instruction code="OR T161, T1175, 0"><temps name="use"><temp name="T1175"/></temps><temps name="def"><temp name="T161"/></temps><temps name="in"><temp name="T6"/><temp name="T1175"/></temps><temps name="out"><temp name="T6"/></temps></instruction><instruction code="SETL  T1176, 0"><temps name="use"/><temps name="def"><temp name="T1176"/></temps><temps name="in"><temp name="T6"/></temps><temps name="out"><temp name="T6"/></temps></instruction><instruction code="INCML T1176, 0"><temps name="use"/><temps name="def"><temp name="T1176"/></temps><temps name="in"><temp name="T6"/></temps><temps name="out"><temp name="T6"/></temps></instruction><instruction code="INCMH T1176, 0"><temps name="use"/><temps name="def"><temp name="T1176"/></temps><temps name="in"><temp name="T6"/></temps><temps name="out"><temp name="T6"/></temps></instruction><instruction code="INCH  T1176, 0"><temps name="use"/><temps name="def"><temp name="T1176"/></temps><temps name="in"><temp name="T6"/></temps><temps name="out"><temp name="T6"/><temp name="T1176"/></temps></instruction><instruction code="OR T162, T1176, 0"><temps name="use"><temp name="T1176"/></temps><temps name="def"><temp name="T162"/></temps><temps name="in"><temp name="T6"/><temp name="T1176"/></temps><temps name="out"><temp name="T6"/><temp name="T162"/></temps></instruction><instruction code="SETL  T1177, 10"><temps name="use"/><temps name="def"><temp name="T1177"/></temps><temps name="in"><temp name="T6"/><temp name="T162"/></temps><temps name="out"><temp name="T6"/><temp name="T162"/></temps></instruction><instruction code="INCML T1177, 0"><temps name="use"/><temps name="def"><temp name="T1177"/></temps><temps name="in"><temp name="T6"/><temp name="T162"/></temps><temps name="out"><temp name="T6"/><temp name="T162"/></temps></instruction><instruction code="INCMH T1177, 0"><temps name="use"/><temps name="def"><temp name="T1177"/></temps><temps name="in"><temp name="T6"/><temp name="T162"/></temps><temps name="out"><temp name="T6"/><temp name="T162"/></temps></instruction><instruction code="INCH  T1177, 0"><temps name="use"/><temps name="def"><temp name="T1177"/></temps><temps name="in"><temp name="T6"/><temp name="T162"/></temps><temps name="out"><temp name="T6"/><temp name="T1177"/><temp name="T162"/></temps></instruction><instruction code="OR T163, T1177, 0"><temps name="use"><temp name="T1177"/></temps><temps name="def"><temp name="T163"/></temps><temps name="in"><temp name="T6"/><temp name="T1177"/><temp name="T162"/></temps><temps name="out"><temp name="T6"/><temp name="T162"/><temp name="T163"/></temps></instruction><instruction code="SETL  T1178, 256"><temps name="use"/><temps name="def"><temp name="T1178"/></temps><temps name="in"><temp name="T6"/><temp name="T162"/><temp name="T163"/></temps><temps name="out"><temp name="T6"/><temp name="T162"/><temp name="T163"/></temps></instruction><instruction code="INCML T1178, 0"><temps name="use"/><temps name="def"><temp name="T1178"/></temps><temps name="in"><temp name="T6"/><temp name="T162"/><temp name="T163"/></temps><temps name="out"><temp name="T6"/><temp name="T162"/><temp name="T163"/></temps></instruction><instruction code="INCMH T1178, 0"><temps name="use"/><temps name="def"><temp name="T1178"/></temps><temps name="in"><temp name="T6"/><temp name="T162"/><temp name="T163"/></temps><temps name="out"><temp name="T6"/><temp name="T162"/><temp name="T163"/></temps></instruction><instruction code="INCH  T1178, 0"><temps name="use"/><temps name="def"><temp name="T1178"/></temps><temps name="in"><temp name="T6"/><temp name="T162"/><temp name="T163"/></temps><temps name="out"><temp name="T6"/><temp name="T1178"/><temp name="T162"/><temp name="T163"/></temps></instruction><instruction code="OR T164, T1178, 0"><temps name="use"><temp name="T1178"/></temps><temps name="def"><temp name="T164"/></temps><temps name="in"><temp name="T6"/><temp name="T1178"/><temp name="T162"/><temp name="T163"/></temps><temps name="out"><temp name="T6"/><temp name="T162"/><temp name="T163"/><temp name="T164"/></temps></instruction><instruction code="DIV T1179, T163, T164"><temps name="use"><temp name="T163"/><temp name="T164"/></temps><temps name="def"><temp name="T1179"/></temps><temps name="in"><temp name="T6"/><temp name="T162"/><temp name="T163"/><temp name="T164"/></temps><temps name="out"><temp name="T6"/><temp name="T162"/></temps></instruction><instruction code="OR T1179, rR, 0"><temps name="use"/><temps name="def"><temp name="T1179"/></temps><temps name="in"><temp name="T6"/><temp name="T162"/></temps><temps name="out"><temp name="T6"/><temp name="T1179"/><temp name="T162"/></temps></instruction><instruction code="OR T165, T1179, 0"><temps name="use"><temp name="T1179"/></temps><temps name="def"><temp name="T165"/></temps><temps name="in"><temp name="T6"/><temp name="T1179"/><temp name="T162"/></temps><temps name="out"><temp name="T6"/><temp name="T162"/><temp name="T165"/></temps></instruction><instruction code="STO T162, $254, 8"><temps name="use"><temp name="T162"/></temps><temps name="def"/><temps name="in"><temp name="T6"/><temp name="T162"/><temp name="T165"/></temps><temps name="out"><temp name="T6"/><temp name="T165"/></temps></instruction><instruction code="STO T165, $254, 16"><temps name="use"><temp name="T165"/></temps><temps name="def"/><temps name="in"><temp name="T6"/><temp name="T165"/></temps><temps name="out"><temp name="T6"/></temps></instruction><instruction code="LDA T1180, _putChar"><temps name="use"/><temps name="def"><temp name="T1180"/></temps><temps name="in"><temp name="T6"/></temps><temps name="out"><temp name="T6"/><temp name="T1180"/></temps></instruction><instruction code="PUSHJ $16, T1180, 0"><temps name="use"><temp name="T1180"/></temps><temps name="def"/><temps name="in"><temp name="T6"/><temp name="T1180"/></temps><temps name="out"><temp name="T6"/></temps></instruction><instruction code="LDO T1181, $254, 0"><temps name="use"/><temps name="def"><temp name="T1181"/></temps><temps name="in"><temp name="T6"/></temps><temps name="out"><temp name="T6"/><temp name="T1181"/></temps></instruction><instruction code="OR T166, T1181, 0"><temps name="use"><temp name="T1181"/></temps><temps name="def"><temp name="T166"/></temps><temps name="in"><temp name="T6"/><temp name="T1181"/></temps><temps name="out"><temp name="T6"/></temps></instruction><instruction code="SETL  T1182, 1"><temps name="use"/><temps name="def"><temp name="T1182"/></temps><temps name="in"><temp name="T6"/></temps><temps name="out"><temp name="T6"/></temps></instruction><instruction code="INCML T1182, 0"><temps name="use"/><temps name="def"><temp name="T1182"/></temps><temps name="in"><temp name="T6"/></temps><temps name="out"><temp name="T6"/></temps></instruction><instruction code="INCMH T1182, 0"><temps name="use"/><temps name="def"><temp name="T1182"/></temps><temps name="in"><temp name="T6"/></temps><temps name="out"><temp name="T6"/></temps></instruction><instruction code="INCH  T1182, 0"><temps name="use"/><temps name="def"><temp name="T1182"/></temps><temps name="in"><temp name="T6"/></temps><temps name="out"><temp name="T6"/><temp name="T1182"/></temps></instruction><instruction code="OR T167, T1182, 0"><temps name="use"><temp name="T1182"/></temps><temps name="def"><temp name="T167"/></temps><temps name="in"><temp name="T6"/><temp name="T1182"/></temps><temps name="out"><temp name="T6"/><temp name="T167"/></temps></instruction><instruction code="SETL  T1183, 8"><temps name="use"/><temps name="def"><temp name="T1183"/></temps><temps name="in"><temp name="T6"/><temp name="T167"/></temps><temps name="out"><temp name="T6"/><temp name="T167"/></temps></instruction><instruction code="INCML T1183, 0"><temps name="use"/><temps name="def"><temp name="T1183"/></temps><temps name="in"><temp name="T6"/><temp name="T167"/></temps><temps name="out"><temp name="T6"/><temp name="T167"/></temps></instruction><instruction code="INCMH T1183, 0"><temps name="use"/><temps name="def"><temp name="T1183"/></temps><temps name="in"><temp name="T6"/><temp name="T167"/></temps><temps name="out"><temp name="T6"/><temp name="T167"/></temps></instruction><instruction code="INCH  T1183, 0"><temps name="use"/><temps name="def"><temp name="T1183"/></temps><temps name="in"><temp name="T6"/><temp name="T167"/></temps><temps name="out"><temp name="T6"/><temp name="T1183"/><temp name="T167"/></temps></instruction><instruction code="NEG T1183, 0, T1183"><temps name="use"><temp name="T1183"/></temps><temps name="def"><temp name="T1183"/></temps><temps name="in"><temp name="T6"/><temp name="T1183"/><temp name="T167"/></temps><temps name="out"><temp name="T6"/><temp name="T1183"/><temp name="T167"/></temps></instruction><instruction code="ADD T1184, T6, T1183"><temps name="use"><temp name="T6"/><temp name="T1183"/></temps><temps name="def"><temp name="T1184"/></temps><temps name="in"><temp name="T6"/><temp name="T1183"/><temp name="T167"/></temps><temps name="out"><temp name="T6"/><temp name="T1184"/><temp name="T167"/></temps></instruction><instruction code="STO T1184, T167, 0"><temps name="use"><temp name="T1184"/><temp name="T167"/></temps><temps name="def"/><temps name="in"><temp name="T6"/><temp name="T1184"/><temp name="T167"/></temps><temps name="out"><temp name="T6"/></temps></instruction><instruction code="L22"><temps name="use"/><temps name="def"/><temps name="in"><temp name="T6"/></temps><temps name="out"><temp name="T6"/></temps></instruction><instruction code="OR T168, T6, 0"><temps name="use"><temp name="T6"/></temps><temps name="def"><temp name="T168"/></temps><temps name="in"><temp name="T6"/></temps><temps name="out"><temp name="T168"/><temp name="T6"/></temps></instruction><instruction code="SETL  T1186, 8"><temps name="use"/><temps name="def"><temp name="T1186"/></temps><temps name="in"><temp name="T168"/><temp name="T6"/></temps><temps name="out"><temp name="T168"/><temp name="T6"/></temps></instruction><instruction code="INCML T1186, 0"><temps name="use"/><temps name="def"><temp name="T1186"/></temps><temps name="in"><temp name="T168"/><temp name="T6"/></temps><temps name="out"><temp name="T168"/><temp name="T6"/></temps></instruction><instruction code="INCMH T1186, 0"><temps name="use"/><temps name="def"><temp name="T1186"/></temps><temps name="in"><temp name="T168"/><temp name="T6"/></temps><temps name="out"><temp name="T168"/><temp name="T6"/></temps></instruction><instruction code="INCH  T1186, 0"><temps name="use"/><temps name="def"><temp name="T1186"/></temps><temps name="in"><temp name="T168"/><temp name="T6"/></temps><temps name="out"><temp name="T168"/><temp name="T6"/><temp name="T1186"/></temps></instruction><instruction code="NEG T1186, 0, T1186"><temps name="use"><temp name="T1186"/></temps><temps name="def"><temp name="T1186"/></temps><temps name="in"><temp name="T168"/><temp name="T6"/><temp name="T1186"/></temps><temps name="out"><temp name="T168"/><temp name="T6"/><temp name="T1186"/></temps></instruction><instruction code="OR T169, T1186, 0"><temps name="use"><temp name="T1186"/></temps><temps name="def"><temp name="T169"/></temps><temps name="in"><temp name="T168"/><temp name="T6"/><temp name="T1186"/></temps><temps name="out"><temp name="T169"/><temp name="T168"/><temp name="T6"/></temps></instruction><instruction code="ADD T1187, T168, T169"><temps name="use"><temp name="T168"/><temp name="T169"/></temps><temps name="def"><temp name="T1187"/></temps><temps name="in"><temp name="T169"/><temp name="T168"/><temp name="T6"/></temps><temps name="out"><temp name="T6"/><temp name="T1187"/></temps></instruction><instruction code="OR T170, T1187, 0"><temps name="use"><temp name="T1187"/></temps><temps name="def"><temp name="T170"/></temps><temps name="in"><temp name="T6"/><temp name="T1187"/></temps><temps name="out"><temp name="T6"/><temp name="T170"/></temps></instruction><instruction code="OR T171, T170, 0"><temps name="use"><temp name="T170"/></temps><temps name="def"><temp name="T171"/></temps><temps name="in"><temp name="T6"/><temp name="T170"/></temps><temps name="out"><temp name="T6"/><temp name="T171"/></temps></instruction><instruction code="SETL  T1189, 10"><temps name="use"/><temps name="def"><temp name="T1189"/></temps><temps name="in"><temp name="T6"/><temp name="T171"/></temps><temps name="out"><temp name="T6"/><temp name="T171"/></temps></instruction><instruction code="INCML T1189, 0"><temps name="use"/><temps name="def"><temp name="T1189"/></temps><temps name="in"><temp name="T6"/><temp name="T171"/></temps><temps name="out"><temp name="T6"/><temp name="T171"/></temps></instruction><instruction code="INCMH T1189, 0"><temps name="use"/><temps name="def"><temp name="T1189"/></temps><temps name="in"><temp name="T6"/><temp name="T171"/></temps><temps name="out"><temp name="T6"/><temp name="T171"/></temps></instruction><instruction code="INCH  T1189, 0"><temps name="use"/><temps name="def"><temp name="T1189"/></temps><temps name="in"><temp name="T6"/><temp name="T171"/></temps><temps name="out"><temp name="T6"/><temp name="T171"/><temp name="T1189"/></temps></instruction><instruction code="OR T172, T1189, 0"><temps name="use"><temp name="T1189"/></temps><temps name="def"><temp name="T172"/></temps><temps name="in"><temp name="T6"/><temp name="T171"/><temp name="T1189"/></temps><temps name="out"><temp name="T6"/><temp name="T172"/><temp name="T171"/></temps></instruction><instruction code="CMP T1190, T171, T172"><temps name="use"><temp name="T171"/><temp name="T172"/></temps><temps name="def"><temp name="T1190"/></temps><temps name="in"><temp name="T6"/><temp name="T172"/><temp name="T171"/></temps><temps name="out"><temp name="T6"/><temp name="T1190"/></temps></instruction><instruction code="ZSNP T1190, T1190, 1"><temps name="use"><temp name="T1190"/></temps><temps name="def"><temp name="T1190"/></temps><temps name="in"><temp name="T6"/><temp name="T1190"/></temps><temps name="out"><temp name="T6"/><temp name="T1190"/></temps></instruction><instruction code="OR T173, T1190, 0"><temps name="use"><temp name="T1190"/></temps><temps name="def"><temp name="T173"/></temps><temps name="in"><temp name="T6"/><temp name="T1190"/></temps><temps name="out"><temp name="T6"/><temp name="T173"/></temps></instruction><instruction code="BNZ T173, L23"><temps name="use"><temp name="T173"/></temps><temps name="def"/><temps name="in"><temp name="T6"/><temp name="T173"/></temps><temps name="out"><temp name="T6"/></temps></instruction><instruction code="L109"><temps name="use"/><temps name="def"/><temps name="in"><temp name="T6"/></temps><temps name="out"><temp name="T6"/></temps></instruction><instruction code="LDA T1191, L24"><temps name="use"/><temps name="def"><temp name="T1191"/></temps><temps name="in"><temp name="T6"/></temps><temps name="out"><temp name="T1191"/><temp name="T6"/></temps></instruction><instruction code="GO T1191, T1191, 0"><temps name="use"><temp name="T1191"/></temps><temps name="def"><temp name="T1191"/></temps><temps name="in"><temp name="T1191"/><temp name="T6"/></temps><temps name="out"><temp name="T6"/></temps></instruction><instruction code="L23"><temps name="use"/><temps name="def"/><temps name="in"><temp name="T6"/></temps><temps name="out"><temp name="T6"/></temps></instruction><instruction code="SETL  T1192, 0"><temps name="use"/><temps name="def"><temp name="T1192"/></temps><temps name="in"><temp name="T6"/></temps><temps name="out"><temp name="T6"/></temps></instruction><instruction code="INCML T1192, 0"><temps name="use"/><temps name="def"><temp name="T1192"/></temps><temps name="in"><temp name="T6"/></temps><temps name="out"><temp name="T6"/></temps></instruction><instruction code="INCMH T1192, 0"><temps name="use"/><temps name="def"><temp name="T1192"/></temps><temps name="in"><temp name="T6"/></temps><temps name="out"><temp name="T6"/></temps></instruction><instruction code="INCH  T1192, 0"><temps name="use"/><temps name="def"><temp name="T1192"/></temps><temps name="in"><temp name="T6"/></temps><temps name="out"><temp name="T6"/><temp name="T1192"/></temps></instruction><instruction code="OR T174, T1192, 0"><temps name="use"><temp name="T1192"/></temps><temps name="def"><temp name="T174"/></temps><temps name="in"><temp name="T6"/><temp name="T1192"/></temps><temps name="out"><temp name="T6"/><temp name="T174"/></temps></instruction><instruction code="OR T175, T6, 0"><temps name="use"><temp name="T6"/></temps><temps name="def"><temp name="T175"/></temps><temps name="in"><temp name="T6"/><temp name="T174"/></temps><temps name="out"><temp name="T175"/><temp name="T6"/><temp name="T174"/></temps></instruction><instruction code="SETL  T1193, 8"><temps name="use"/><temps name="def"><temp name="T1193"/></temps><temps name="in"><temp name="T175"/><temp name="T6"/><temp name="T174"/></temps><temps name="out"><temp name="T175"/><temp name="T6"/><temp name="T174"/></temps></instruction><instruction code="INCML T1193, 0"><temps name="use"/><temps name="def"><temp name="T1193"/></temps><temps name="in"><temp name="T175"/><temp name="T6"/><temp name="T174"/></temps><temps name="out"><temp name="T175"/><temp name="T6"/><temp name="T174"/></temps></instruction><instruction code="INCMH T1193, 0"><temps name="use"/><temps name="def"><temp name="T1193"/></temps><temps name="in"><temp name="T175"/><temp name="T6"/><temp name="T174"/></temps><temps name="out"><temp name="T175"/><temp name="T6"/><temp name="T174"/></temps></instruction><instruction code="INCH  T1193, 0"><temps name="use"/><temps name="def"><temp name="T1193"/></temps><temps name="in"><temp name="T175"/><temp name="T6"/><temp name="T174"/></temps><temps name="out"><temp name="T175"/><temp name="T6"/><temp name="T174"/><temp name="T1193"/></temps></instruction><instruction code="NEG T1193, 0, T1193"><temps name="use"><temp name="T1193"/></temps><temps name="def"><temp name="T1193"/></temps><temps name="in"><temp name="T175"/><temp name="T6"/><temp name="T174"/><temp name="T1193"/></temps><temps name="out"><temp name="T175"/><temp name="T6"/><temp name="T174"/><temp name="T1193"/></temps></instruction><instruction code="OR T176, T1193, 0"><temps name="use"><temp name="T1193"/></temps><temps name="def"><temp name="T176"/></temps><temps name="in"><temp name="T175"/><temp name="T6"/><temp name="T174"/><temp name="T1193"/></temps><temps name="out"><temp name="T175"/><temp name="T6"/><temp name="T176"/><temp name="T174"/></temps></instruction><instruction code="ADD T1194, T175, T176"><temps name="use"><temp name="T175"/><temp name="T176"/></temps><temps name="def"><temp name="T1194"/></temps><temps name="in"><temp name="T175"/><temp name="T6"/><temp name="T176"/><temp name="T174"/></temps><temps name="out"><temp name="T6"/><temp name="T1194"/><temp name="T174"/></temps></instruction><instruction code="OR T177, T1194, 0"><temps name="use"><temp name="T1194"/></temps><temps name="def"><temp name="T177"/></temps><temps name="in"><temp name="T6"/><temp name="T1194"/><temp name="T174"/></temps><temps name="out"><temp name="T6"/><temp name="T174"/><temp name="T177"/></temps></instruction><instruction code="OR T178, T177, 0"><temps name="use"><temp name="T177"/></temps><temps name="def"><temp name="T178"/></temps><temps name="in"><temp name="T6"/><temp name="T174"/><temp name="T177"/></temps><temps name="out"><temp name="T6"/><temp name="T178"/><temp name="T174"/></temps></instruction><instruction code="STO T174, $254, 8"><temps name="use"><temp name="T174"/></temps><temps name="def"/><temps name="in"><temp name="T6"/><temp name="T178"/><temp name="T174"/></temps><temps name="out"><temp name="T6"/><temp name="T178"/></temps></instruction><instruction code="STO T178, $254, 16"><temps name="use"><temp name="T178"/></temps><temps name="def"/><temps name="in"><temp name="T6"/><temp name="T178"/></temps><temps name="out"><temp name="T6"/></temps></instruction><instruction code="LDA T1196, _putInt"><temps name="use"/><temps name="def"><temp name="T1196"/></temps><temps name="in"><temp name="T6"/></temps><temps name="out"><temp name="T6"/><temp name="T1196"/></temps></instruction><instruction code="PUSHJ $16, T1196, 0"><temps name="use"><temp name="T1196"/></temps><temps name="def"/><temps name="in"><temp name="T6"/><temp name="T1196"/></temps><temps name="out"><temp name="T6"/></temps></instruction><instruction code="LDO T1197, $254, 0"><temps name="use"/><temps name="def"><temp name="T1197"/></temps><temps name="in"><temp name="T6"/></temps><temps name="out"><temp name="T6"/><temp name="T1197"/></temps></instruction><instruction code="OR T179, T1197, 0"><temps name="use"><temp name="T1197"/></temps><temps name="def"><temp name="T179"/></temps><temps name="in"><temp name="T6"/><temp name="T1197"/></temps><temps name="out"><temp name="T6"/></temps></instruction><instruction code="SETL  T1198, 0"><temps name="use"/><temps name="def"><temp name="T1198"/></temps><temps name="in"><temp name="T6"/></temps><temps name="out"><temp name="T6"/></temps></instruction><instruction code="INCML T1198, 0"><temps name="use"/><temps name="def"><temp name="T1198"/></temps><temps name="in"><temp name="T6"/></temps><temps name="out"><temp name="T6"/></temps></instruction><instruction code="INCMH T1198, 0"><temps name="use"/><temps name="def"><temp name="T1198"/></temps><temps name="in"><temp name="T6"/></temps><temps name="out"><temp name="T6"/></temps></instruction><instruction code="INCH  T1198, 0"><temps name="use"/><temps name="def"><temp name="T1198"/></temps><temps name="in"><temp name="T6"/></temps><temps name="out"><temp name="T6"/><temp name="T1198"/></temps></instruction><instruction code="OR T180, T1198, 0"><temps name="use"><temp name="T1198"/></temps><temps name="def"><temp name="T180"/></temps><temps name="in"><temp name="T6"/><temp name="T1198"/></temps><temps name="out"><temp name="T6"/><temp name="T180"/></temps></instruction><instruction code="LDA T1199, L21"><temps name="use"/><temps name="def"><temp name="T1199"/></temps><temps name="in"><temp name="T6"/><temp name="T180"/></temps><temps name="out"><temp name="T1199"/><temp name="T6"/><temp name="T180"/></temps></instruction><instruction code="OR T181, T1199, 0"><temps name="use"><temp name="T1199"/></temps><temps name="def"><temp name="T181"/></temps><temps name="in"><temp name="T1199"/><temp name="T6"/><temp name="T180"/></temps><temps name="out"><temp name="T6"/><temp name="T180"/><temp name="T181"/></temps></instruction><instruction code="STO T180, $254, 8"><temps name="use"><temp name="T180"/></temps><temps name="def"/><temps name="in"><temp name="T6"/><temp name="T180"/><temp name="T181"/></temps><temps name="out"><temp name="T6"/><temp name="T181"/></temps></instruction><instruction code="STO T181, $254, 16"><temps name="use"><temp name="T181"/></temps><temps name="def"/><temps name="in"><temp name="T6"/><temp name="T181"/></temps><temps name="out"><temp name="T6"/></temps></instruction><instruction code="LDA T1200, _putString"><temps name="use"/><temps name="def"><temp name="T1200"/></temps><temps name="in"><temp name="T6"/></temps><temps name="out"><temp name="T6"/><temp name="T1200"/></temps></instruction><instruction code="PUSHJ $16, T1200, 0"><temps name="use"><temp name="T1200"/></temps><temps name="def"/><temps name="in"><temp name="T6"/><temp name="T1200"/></temps><temps name="out"><temp name="T6"/></temps></instruction><instruction code="LDO T1201, $254, 0"><temps name="use"/><temps name="def"><temp name="T1201"/></temps><temps name="in"><temp name="T6"/></temps><temps name="out"><temp name="T1201"/><temp name="T6"/></temps></instruction><instruction code="OR T182, T1201, 0"><temps name="use"><temp name="T1201"/></temps><temps name="def"><temp name="T182"/></temps><temps name="in"><temp name="T1201"/><temp name="T6"/></temps><temps name="out"><temp name="T6"/></temps></instruction><instruction code="SETL  T1202, 0"><temps name="use"/><temps name="def"><temp name="T1202"/></temps><temps name="in"><temp name="T6"/></temps><temps name="out"><temp name="T6"/></temps></instruction><instruction code="INCML T1202, 0"><temps name="use"/><temps name="def"><temp name="T1202"/></temps><temps name="in"><temp name="T6"/></temps><temps name="out"><temp name="T6"/></temps></instruction><instruction code="INCMH T1202, 0"><temps name="use"/><temps name="def"><temp name="T1202"/></temps><temps name="in"><temp name="T6"/></temps><temps name="out"><temp name="T6"/></temps></instruction><instruction code="INCH  T1202, 0"><temps name="use"/><temps name="def"><temp name="T1202"/></temps><temps name="in"><temp name="T6"/></temps><temps name="out"><temp name="T6"/><temp name="T1202"/></temps></instruction><instruction code="OR T183, T1202, 0"><temps name="use"><temp name="T1202"/></temps><temps name="def"><temp name="T183"/></temps><temps name="in"><temp name="T6"/><temp name="T1202"/></temps><temps name="out"><temp name="T6"/><temp name="T183"/></temps></instruction><instruction code="SETL  T1203, 0"><temps name="use"/><temps name="def"><temp name="T1203"/></temps><temps name="in"><temp name="T6"/><temp name="T183"/></temps><temps name="out"><temp name="T6"/><temp name="T183"/></temps></instruction><instruction code="INCML T1203, 0"><temps name="use"/><temps name="def"><temp name="T1203"/></temps><temps name="in"><temp name="T6"/><temp name="T183"/></temps><temps name="out"><temp name="T6"/><temp name="T183"/></temps></instruction><instruction code="INCMH T1203, 0"><temps name="use"/><temps name="def"><temp name="T1203"/></temps><temps name="in"><temp name="T6"/><temp name="T183"/></temps><temps name="out"><temp name="T6"/><temp name="T183"/></temps></instruction><instruction code="INCH  T1203, 0"><temps name="use"/><temps name="def"><temp name="T1203"/></temps><temps name="in"><temp name="T6"/><temp name="T183"/></temps><temps name="out"><temp name="T6"/><temp name="T1203"/><temp name="T183"/></temps></instruction><instruction code="OR T184, T1203, 0"><temps name="use"><temp name="T1203"/></temps><temps name="def"><temp name="T184"/></temps><temps name="in"><temp name="T6"/><temp name="T1203"/><temp name="T183"/></temps><temps name="out"><temp name="T6"/><temp name="T184"/><temp name="T183"/></temps></instruction><instruction code="OR T185, T6, 0"><temps name="use"><temp name="T6"/></temps><temps name="def"><temp name="T185"/></temps><temps name="in"><temp name="T6"/><temp name="T184"/><temp name="T183"/></temps><temps name="out"><temp name="T184"/><temp name="T6"/><temp name="T185"/><temp name="T183"/></temps></instruction><instruction code="SETL  T1204, 8"><temps name="use"/><temps name="def"><temp name="T1204"/></temps><temps name="in"><temp name="T184"/><temp name="T6"/><temp name="T185"/><temp name="T183"/></temps><temps name="out"><temp name="T184"/><temp name="T6"/><temp name="T185"/><temp name="T183"/></temps></instruction><instruction code="INCML T1204, 0"><temps name="use"/><temps name="def"><temp name="T1204"/></temps><temps name="in"><temp name="T184"/><temp name="T6"/><temp name="T185"/><temp name="T183"/></temps><temps name="out"><temp name="T184"/><temp name="T6"/><temp name="T185"/><temp name="T183"/></temps></instruction><instruction code="INCMH T1204, 0"><temps name="use"/><temps name="def"><temp name="T1204"/></temps><temps name="in"><temp name="T184"/><temp name="T6"/><temp name="T185"/><temp name="T183"/></temps><temps name="out"><temp name="T184"/><temp name="T6"/><temp name="T185"/><temp name="T183"/></temps></instruction><instruction code="INCH  T1204, 0"><temps name="use"/><temps name="def"><temp name="T1204"/></temps><temps name="in"><temp name="T184"/><temp name="T6"/><temp name="T185"/><temp name="T183"/></temps><temps name="out"><temp name="T184"/><temp name="T6"/><temp name="T185"/><temp name="T1204"/><temp name="T183"/></temps></instruction><instruction code="NEG T1204, 0, T1204"><temps name="use"><temp name="T1204"/></temps><temps name="def"><temp name="T1204"/></temps><temps name="in"><temp name="T184"/><temp name="T6"/><temp name="T185"/><temp name="T1204"/><temp name="T183"/></temps><temps name="out"><temp name="T184"/><temp name="T6"/><temp name="T185"/><temp name="T1204"/><temp name="T183"/></temps></instruction><instruction code="OR T186, T1204, 0"><temps name="use"><temp name="T1204"/></temps><temps name="def"><temp name="T186"/></temps><temps name="in"><temp name="T184"/><temp name="T6"/><temp name="T185"/><temp name="T1204"/><temp name="T183"/></temps><temps name="out"><temp name="T184"/><temp name="T6"/><temp name="T185"/><temp name="T186"/><temp name="T183"/></temps></instruction><instruction code="ADD T1205, T185, T186"><temps name="use"><temp name="T185"/><temp name="T186"/></temps><temps name="def"><temp name="T1205"/></temps><temps name="in"><temp name="T184"/><temp name="T6"/><temp name="T185"/><temp name="T186"/><temp name="T183"/></temps><temps name="out"><temp name="T1205"/><temp name="T184"/><temp name="T6"/><temp name="T183"/></temps></instruction><instruction code="OR T187, T1205, 0"><temps name="use"><temp name="T1205"/></temps><temps name="def"><temp name="T187"/></temps><temps name="in"><temp name="T1205"/><temp name="T184"/><temp name="T6"/><temp name="T183"/></temps><temps name="out"><temp name="T184"/><temp name="T6"/><temp name="T187"/><temp name="T183"/></temps></instruction><instruction code="OR T188, T187, 0"><temps name="use"><temp name="T187"/></temps><temps name="def"><temp name="T188"/></temps><temps name="in"><temp name="T184"/><temp name="T6"/><temp name="T187"/><temp name="T183"/></temps><temps name="out"><temp name="T184"/><temp name="T6"/><temp name="T188"/><temp name="T183"/></temps></instruction><instruction code="STO T184, $254, 8"><temps name="use"><temp name="T184"/></temps><temps name="def"/><temps name="in"><temp name="T184"/><temp name="T6"/><temp name="T188"/><temp name="T183"/></temps><temps name="out"><temp name="T6"/><temp name="T188"/><temp name="T183"/></temps></instruction><instruction code="STO T188, $254, 16"><temps name="use"><temp name="T188"/></temps><temps name="def"/><temps name="in"><temp name="T6"/><temp name="T188"/><temp name="T183"/></temps><temps name="out"><temp name="T6"/><temp name="T183"/></temps></instruction><instruction code="LDA T1207, _fibRec"><temps name="use"/><temps name="def"><temp name="T1207"/></temps><temps name="in"><temp name="T6"/><temp name="T183"/></temps><temps name="out"><temp name="T6"/><temp name="T1207"/><temp name="T183"/></temps></instruction><instruction code="PUSHJ $16, T1207, 0"><temps name="use"><temp name="T1207"/></temps><temps name="def"/><temps name="in"><temp name="T6"/><temp name="T1207"/><temp name="T183"/></temps><temps name="out"><temp name="T6"/><temp name="T183"/></temps></instruction><instruction code="LDO T1208, $254, 0"><temps name="use"/><temps name="def"><temp name="T1208"/></temps><temps name="in"><temp name="T6"/><temp name="T183"/></temps><temps name="out"><temp name="T6"/><temp name="T1208"/><temp name="T183"/></temps></instruction><instruction code="OR T189, T1208, 0"><temps name="use"><temp name="T1208"/></temps><temps name="def"><temp name="T189"/></temps><temps name="in"><temp name="T6"/><temp name="T1208"/><temp name="T183"/></temps><temps name="out"><temp name="T6"/><temp name="T189"/><temp name="T183"/></temps></instruction><instruction code="STO T183, $254, 8"><temps name="use"><temp name="T183"/></temps><temps name="def"/><temps name="in"><temp name="T6"/><temp name="T189"/><temp name="T183"/></temps><temps name="out"><temp name="T6"/><temp name="T189"/></temps></instruction><instruction code="STO T189, $254, 16"><temps name="use"><temp name="T189"/></temps><temps name="def"/><temps name="in"><temp name="T6"/><temp name="T189"/></temps><temps name="out"><temp name="T6"/></temps></instruction><instruction code="LDA T1209, _putInt"><temps name="use"/><temps name="def"><temp name="T1209"/></temps><temps name="in"><temp name="T6"/></temps><temps name="out"><temp name="T1209"/><temp name="T6"/></temps></instruction><instruction code="PUSHJ $16, T1209, 0"><temps name="use"><temp name="T1209"/></temps><temps name="def"/><temps name="in"><temp name="T1209"/><temp name="T6"/></temps><temps name="out"><temp name="T6"/></temps></instruction><instruction code="LDO T1210, $254, 0"><temps name="use"/><temps name="def"><temp name="T1210"/></temps><temps name="in"><temp name="T6"/></temps><temps name="out"><temp name="T6"/><temp name="T1210"/></temps></instruction><instruction code="OR T190, T1210, 0"><temps name="use"><temp name="T1210"/></temps><temps name="def"><temp name="T190"/></temps><temps name="in"><temp name="T6"/><temp name="T1210"/></temps><temps name="out"><temp name="T6"/></temps></instruction><instruction code="SETL  T1211, 0"><temps name="use"/><temps name="def"><temp name="T1211"/></temps><temps name="in"><temp name="T6"/></temps><temps name="out"><temp name="T6"/></temps></instruction><instruction code="INCML T1211, 0"><temps name="use"/><temps name="def"><temp name="T1211"/></temps><temps name="in"><temp name="T6"/></temps><temps name="out"><temp name="T6"/></temps></instruction><instruction code="INCMH T1211, 0"><temps name="use"/><temps name="def"><temp name="T1211"/></temps><temps name="in"><temp name="T6"/></temps><temps name="out"><temp name="T6"/></temps></instruction><instruction code="INCH  T1211, 0"><temps name="use"/><temps name="def"><temp name="T1211"/></temps><temps name="in"><temp name="T6"/></temps><temps name="out"><temp name="T6"/><temp name="T1211"/></temps></instruction><instruction code="OR T191, T1211, 0"><temps name="use"><temp name="T1211"/></temps><temps name="def"><temp name="T191"/></temps><temps name="in"><temp name="T6"/><temp name="T1211"/></temps><temps name="out"><temp name="T191"/><temp name="T6"/></temps></instruction><instruction code="SETL  T1212, 10"><temps name="use"/><temps name="def"><temp name="T1212"/></temps><temps name="in"><temp name="T191"/><temp name="T6"/></temps><temps name="out"><temp name="T191"/><temp name="T6"/></temps></instruction><instruction code="INCML T1212, 0"><temps name="use"/><temps name="def"><temp name="T1212"/></temps><temps name="in"><temp name="T191"/><temp name="T6"/></temps><temps name="out"><temp name="T191"/><temp name="T6"/></temps></instruction><instruction code="INCMH T1212, 0"><temps name="use"/><temps name="def"><temp name="T1212"/></temps><temps name="in"><temp name="T191"/><temp name="T6"/></temps><temps name="out"><temp name="T191"/><temp name="T6"/></temps></instruction><instruction code="INCH  T1212, 0"><temps name="use"/><temps name="def"><temp name="T1212"/></temps><temps name="in"><temp name="T191"/><temp name="T6"/></temps><temps name="out"><temp name="T1212"/><temp name="T191"/><temp name="T6"/></temps></instruction><instruction code="OR T192, T1212, 0"><temps name="use"><temp name="T1212"/></temps><temps name="def"><temp name="T192"/></temps><temps name="in"><temp name="T1212"/><temp name="T191"/><temp name="T6"/></temps><temps name="out"><temp name="T191"/><temp name="T6"/><temp name="T192"/></temps></instruction><instruction code="SETL  T1213, 256"><temps name="use"/><temps name="def"><temp name="T1213"/></temps><temps name="in"><temp name="T191"/><temp name="T6"/><temp name="T192"/></temps><temps name="out"><temp name="T191"/><temp name="T6"/><temp name="T192"/></temps></instruction><instruction code="INCML T1213, 0"><temps name="use"/><temps name="def"><temp name="T1213"/></temps><temps name="in"><temp name="T191"/><temp name="T6"/><temp name="T192"/></temps><temps name="out"><temp name="T191"/><temp name="T6"/><temp name="T192"/></temps></instruction><instruction code="INCMH T1213, 0"><temps name="use"/><temps name="def"><temp name="T1213"/></temps><temps name="in"><temp name="T191"/><temp name="T6"/><temp name="T192"/></temps><temps name="out"><temp name="T191"/><temp name="T6"/><temp name="T192"/></temps></instruction><instruction code="INCH  T1213, 0"><temps name="use"/><temps name="def"><temp name="T1213"/></temps><temps name="in"><temp name="T191"/><temp name="T6"/><temp name="T192"/></temps><temps name="out"><temp name="T1213"/><temp name="T191"/><temp name="T6"/><temp name="T192"/></temps></instruction><instruction code="OR T193, T1213, 0"><temps name="use"><temp name="T1213"/></temps><temps name="def"><temp name="T193"/></temps><temps name="in"><temp name="T1213"/><temp name="T191"/><temp name="T6"/><temp name="T192"/></temps><temps name="out"><temp name="T191"/><temp name="T6"/><temp name="T193"/><temp name="T192"/></temps></instruction><instruction code="DIV T1214, T192, T193"><temps name="use"><temp name="T192"/><temp name="T193"/></temps><temps name="def"><temp name="T1214"/></temps><temps name="in"><temp name="T191"/><temp name="T6"/><temp name="T193"/><temp name="T192"/></temps><temps name="out"><temp name="T191"/><temp name="T6"/></temps></instruction><instruction code="OR T1214, rR, 0"><temps name="use"/><temps name="def"><temp name="T1214"/></temps><temps name="in"><temp name="T191"/><temp name="T6"/></temps><temps name="out"><temp name="T191"/><temp name="T6"/><temp name="T1214"/></temps></instruction><instruction code="OR T194, T1214, 0"><temps name="use"><temp name="T1214"/></temps><temps name="def"><temp name="T194"/></temps><temps name="in"><temp name="T191"/><temp name="T6"/><temp name="T1214"/></temps><temps name="out"><temp name="T191"/><temp name="T194"/><temp name="T6"/></temps></instruction><instruction code="STO T191, $254, 8"><temps name="use"><temp name="T191"/></temps><temps name="def"/><temps name="in"><temp name="T191"/><temp name="T194"/><temp name="T6"/></temps><temps name="out"><temp name="T194"/><temp name="T6"/></temps></instruction><instruction code="STO T194, $254, 16"><temps name="use"><temp name="T194"/></temps><temps name="def"/><temps name="in"><temp name="T194"/><temp name="T6"/></temps><temps name="out"><temp name="T6"/></temps></instruction><instruction code="LDA T1215, _putChar"><temps name="use"/><temps name="def"><temp name="T1215"/></temps><temps name="in"><temp name="T6"/></temps><temps name="out"><temp name="T6"/><temp name="T1215"/></temps></instruction><instruction code="PUSHJ $16, T1215, 0"><temps name="use"><temp name="T1215"/></temps><temps name="def"/><temps name="in"><temp name="T6"/><temp name="T1215"/></temps><temps name="out"><temp name="T6"/></temps></instruction><instruction code="LDO T1216, $254, 0"><temps name="use"/><temps name="def"><temp name="T1216"/></temps><temps name="in"><temp name="T6"/></temps><temps name="out"><temp name="T6"/><temp name="T1216"/></temps></instruction><instruction code="OR T195, T1216, 0"><temps name="use"><temp name="T1216"/></temps><temps name="def"><temp name="T195"/></temps><temps name="in"><temp name="T6"/><temp name="T1216"/></temps><temps name="out"><temp name="T6"/></temps></instruction><instruction code="OR T196, T6, 0"><temps name="use"><temp name="T6"/></temps><temps name="def"><temp name="T196"/></temps><temps name="in"><temp name="T6"/></temps><temps name="out"><temp name="T6"/><temp name="T196"/></temps></instruction><instruction code="SETL  T1217, 8"><temps name="use"/><temps name="def"><temp name="T1217"/></temps><temps name="in"><temp name="T6"/><temp name="T196"/></temps><temps name="out"><temp name="T6"/><temp name="T196"/></temps></instruction><instruction code="INCML T1217, 0"><temps name="use"/><temps name="def"><temp name="T1217"/></temps><temps name="in"><temp name="T6"/><temp name="T196"/></temps><temps name="out"><temp name="T6"/><temp name="T196"/></temps></instruction><instruction code="INCMH T1217, 0"><temps name="use"/><temps name="def"><temp name="T1217"/></temps><temps name="in"><temp name="T6"/><temp name="T196"/></temps><temps name="out"><temp name="T6"/><temp name="T196"/></temps></instruction><instruction code="INCH  T1217, 0"><temps name="use"/><temps name="def"><temp name="T1217"/></temps><temps name="in"><temp name="T6"/><temp name="T196"/></temps><temps name="out"><temp name="T6"/><temp name="T1217"/><temp name="T196"/></temps></instruction><instruction code="NEG T1217, 0, T1217"><temps name="use"><temp name="T1217"/></temps><temps name="def"><temp name="T1217"/></temps><temps name="in"><temp name="T6"/><temp name="T1217"/><temp name="T196"/></temps><temps name="out"><temp name="T6"/><temp name="T1217"/><temp name="T196"/></temps></instruction><instruction code="OR T197, T1217, 0"><temps name="use"><temp name="T1217"/></temps><temps name="def"><temp name="T197"/></temps><temps name="in"><temp name="T6"/><temp name="T1217"/><temp name="T196"/></temps><temps name="out"><temp name="T6"/><temp name="T197"/><temp name="T196"/></temps></instruction><instruction code="ADD T1218, T196, T197"><temps name="use"><temp name="T196"/><temp name="T197"/></temps><temps name="def"><temp name="T1218"/></temps><temps name="in"><temp name="T6"/><temp name="T197"/><temp name="T196"/></temps><temps name="out"><temp name="T6"/><temp name="T1218"/></temps></instruction><instruction code="OR T198, T1218, 0"><temps name="use"><temp name="T1218"/></temps><temps name="def"><temp name="T198"/></temps><temps name="in"><temp name="T6"/><temp name="T1218"/></temps><temps name="out"><temp name="T6"/><temp name="T198"/></temps></instruction><instruction code="OR T199, T198, 0"><temps name="use"><temp name="T198"/></temps><temps name="def"><temp name="T199"/></temps><temps name="in"><temp name="T6"/><temp name="T198"/></temps><temps name="out"><temp name="T6"/><temp name="T199"/></temps></instruction><instruction code="SETL  T1220, 1"><temps name="use"/><temps name="def"><temp name="T1220"/></temps><temps name="in"><temp name="T6"/><temp name="T199"/></temps><temps name="out"><temp name="T6"/><temp name="T199"/></temps></instruction><instruction code="INCML T1220, 0"><temps name="use"/><temps name="def"><temp name="T1220"/></temps><temps name="in"><temp name="T6"/><temp name="T199"/></temps><temps name="out"><temp name="T6"/><temp name="T199"/></temps></instruction><instruction code="INCMH T1220, 0"><temps name="use"/><temps name="def"><temp name="T1220"/></temps><temps name="in"><temp name="T6"/><temp name="T199"/></temps><temps name="out"><temp name="T6"/><temp name="T199"/></temps></instruction><instruction code="INCH  T1220, 0"><temps name="use"/><temps name="def"><temp name="T1220"/></temps><temps name="in"><temp name="T6"/><temp name="T199"/></temps><temps name="out"><temp name="T1220"/><temp name="T6"/><temp name="T199"/></temps></instruction><instruction code="OR T200, T1220, 0"><temps name="use"><temp name="T1220"/></temps><temps name="def"><temp name="T200"/></temps><temps name="in"><temp name="T1220"/><temp name="T6"/><temp name="T199"/></temps><temps name="out"><temp name="T6"/><temp name="T199"/><temp name="T200"/></temps></instruction><instruction code="ADD T1221, T199, T200"><temps name="use"><temp name="T199"/><temp name="T200"/></temps><temps name="def"><temp name="T1221"/></temps><temps name="in"><temp name="T6"/><temp name="T199"/><temp name="T200"/></temps><temps name="out"><temp name="T6"/><temp name="T1221"/></temps></instruction><instruction code="OR T201, T1221, 0"><temps name="use"><temp name="T1221"/></temps><temps name="def"><temp name="T201"/></temps><temps name="in"><temp name="T6"/><temp name="T1221"/></temps><temps name="out"><temp name="T6"/><temp name="T201"/></temps></instruction><instruction code="SETL  T1222, 8"><temps name="use"/><temps name="def"><temp name="T1222"/></temps><temps name="in"><temp name="T6"/><temp name="T201"/></temps><temps name="out"><temp name="T6"/><temp name="T201"/></temps></instruction><instruction code="INCML T1222, 0"><temps name="use"/><temps name="def"><temp name="T1222"/></temps><temps name="in"><temp name="T6"/><temp name="T201"/></temps><temps name="out"><temp name="T6"/><temp name="T201"/></temps></instruction><instruction code="INCMH T1222, 0"><temps name="use"/><temps name="def"><temp name="T1222"/></temps><temps name="in"><temp name="T6"/><temp name="T201"/></temps><temps name="out"><temp name="T6"/><temp name="T201"/></temps></instruction><instruction code="INCH  T1222, 0"><temps name="use"/><temps name="def"><temp name="T1222"/></temps><temps name="in"><temp name="T6"/><temp name="T201"/></temps><temps name="out"><temp name="T6"/><temp name="T201"/><temp name="T1222"/></temps></instruction><instruction code="NEG T1222, 0, T1222"><temps name="use"><temp name="T1222"/></temps><temps name="def"><temp name="T1222"/></temps><temps name="in"><temp name="T6"/><temp name="T201"/><temp name="T1222"/></temps><temps name="out"><temp name="T6"/><temp name="T201"/><temp name="T1222"/></temps></instruction><instruction code="ADD T1223, T6, T1222"><temps name="use"><temp name="T6"/><temp name="T1222"/></temps><temps name="def"><temp name="T1223"/></temps><temps name="in"><temp name="T6"/><temp name="T201"/><temp name="T1222"/></temps><temps name="out"><temp name="T6"/><temp name="T201"/><temp name="T1223"/></temps></instruction><instruction code="STO T1223, T201, 0"><temps name="use"><temp name="T1223"/><temp name="T201"/></temps><temps name="def"/><temps name="in"><temp name="T6"/><temp name="T201"/><temp name="T1223"/></temps><temps name="out"><temp name="T6"/></temps></instruction><instruction code="LDA T1225, L22"><temps name="use"/><temps name="def"><temp name="T1225"/></temps><temps name="in"><temp name="T6"/></temps><temps name="out"><temp name="T6"/><temp name="T1225"/></temps></instruction><instruction code="GO T1225, T1225, 0"><temps name="use"><temp name="T1225"/></temps><temps name="def"><temp name="T1225"/></temps><temps name="in"><temp name="T6"/><temp name="T1225"/></temps><temps name="out"><temp name="T6"/></temps></instruction><instruction code="L24"><temps name="use"/><temps name="def"/><temps name="in"><temp name="T6"/></temps><temps name="out"><temp name="T6"/></temps></instruction><instruction code="SETL  T1226, 0"><temps name="use"/><temps name="def"><temp name="T1226"/></temps><temps name="in"><temp name="T6"/></temps><temps name="out"><temp name="T6"/></temps></instruction><instruction code="INCML T1226, 0"><temps name="use"/><temps name="def"><temp name="T1226"/></temps><temps name="in"><temp name="T6"/></temps><temps name="out"><temp name="T6"/></temps></instruction><instruction code="INCMH T1226, 0"><temps name="use"/><temps name="def"><temp name="T1226"/></temps><temps name="in"><temp name="T6"/></temps><temps name="out"><temp name="T6"/></temps></instruction><instruction code="INCH  T1226, 0"><temps name="use"/><temps name="def"><temp name="T1226"/></temps><temps name="in"><temp name="T6"/></temps><temps name="out"><temp name="T6"/><temp name="T1226"/></temps></instruction><instruction code="OR T202, T1226, 0"><temps name="use"><temp name="T1226"/></temps><temps name="def"><temp name="T202"/></temps><temps name="in"><temp name="T6"/><temp name="T1226"/></temps><temps name="out"><temp name="T6"/><temp name="T202"/></temps></instruction><instruction code="LDA T1227, L25"><temps name="use"/><temps name="def"><temp name="T1227"/></temps><temps name="in"><temp name="T6"/><temp name="T202"/></temps><temps name="out"><temp name="T6"/><temp name="T202"/><temp name="T1227"/></temps></instruction><instruction code="OR T203, T1227, 0"><temps name="use"><temp name="T1227"/></temps><temps name="def"><temp name="T203"/></temps><temps name="in"><temp name="T6"/><temp name="T202"/><temp name="T1227"/></temps><temps name="out"><temp name="T6"/><temp name="T203"/><temp name="T202"/></temps></instruction><instruction code="STO T202, $254, 8"><temps name="use"><temp name="T202"/></temps><temps name="def"/><temps name="in"><temp name="T6"/><temp name="T203"/><temp name="T202"/></temps><temps name="out"><temp name="T6"/><temp name="T203"/></temps></instruction><instruction code="STO T203, $254, 16"><temps name="use"><temp name="T203"/></temps><temps name="def"/><temps name="in"><temp name="T6"/><temp name="T203"/></temps><temps name="out"><temp name="T6"/></temps></instruction><instruction code="LDA T1228, _putString"><temps name="use"/><temps name="def"><temp name="T1228"/></temps><temps name="in"><temp name="T6"/></temps><temps name="out"><temp name="T6"/><temp name="T1228"/></temps></instruction><instruction code="PUSHJ $16, T1228, 0"><temps name="use"><temp name="T1228"/></temps><temps name="def"/><temps name="in"><temp name="T6"/><temp name="T1228"/></temps><temps name="out"><temp name="T6"/></temps></instruction><instruction code="LDO T1229, $254, 0"><temps name="use"/><temps name="def"><temp name="T1229"/></temps><temps name="in"><temp name="T6"/></temps><temps name="out"><temp name="T6"/><temp name="T1229"/></temps></instruction><instruction code="OR T204, T1229, 0"><temps name="use"><temp name="T1229"/></temps><temps name="def"><temp name="T204"/></temps><temps name="in"><temp name="T6"/><temp name="T1229"/></temps><temps name="out"><temp name="T6"/></temps></instruction><instruction code="SETL  T1230, 0"><temps name="use"/><temps name="def"><temp name="T1230"/></temps><temps name="in"><temp name="T6"/></temps><temps name="out"><temp name="T6"/></temps></instruction><instruction code="INCML T1230, 0"><temps name="use"/><temps name="def"><temp name="T1230"/></temps><temps name="in"><temp name="T6"/></temps><temps name="out"><temp name="T6"/></temps></instruction><instruction code="INCMH T1230, 0"><temps name="use"/><temps name="def"><temp name="T1230"/></temps><temps name="in"><temp name="T6"/></temps><temps name="out"><temp name="T6"/></temps></instruction><instruction code="INCH  T1230, 0"><temps name="use"/><temps name="def"><temp name="T1230"/></temps><temps name="in"><temp name="T6"/></temps><temps name="out"><temp name="T6"/><temp name="T1230"/></temps></instruction><instruction code="OR T205, T1230, 0"><temps name="use"><temp name="T1230"/></temps><temps name="def"><temp name="T205"/></temps><temps name="in"><temp name="T6"/><temp name="T1230"/></temps><temps name="out"><temp name="T6"/><temp name="T205"/></temps></instruction><instruction code="SETL  T1231, 10"><temps name="use"/><temps name="def"><temp name="T1231"/></temps><temps name="in"><temp name="T6"/><temp name="T205"/></temps><temps name="out"><temp name="T6"/><temp name="T205"/></temps></instruction><instruction code="INCML T1231, 0"><temps name="use"/><temps name="def"><temp name="T1231"/></temps><temps name="in"><temp name="T6"/><temp name="T205"/></temps><temps name="out"><temp name="T6"/><temp name="T205"/></temps></instruction><instruction code="INCMH T1231, 0"><temps name="use"/><temps name="def"><temp name="T1231"/></temps><temps name="in"><temp name="T6"/><temp name="T205"/></temps><temps name="out"><temp name="T6"/><temp name="T205"/></temps></instruction><instruction code="INCH  T1231, 0"><temps name="use"/><temps name="def"><temp name="T1231"/></temps><temps name="in"><temp name="T6"/><temp name="T205"/></temps><temps name="out"><temp name="T6"/><temp name="T1231"/><temp name="T205"/></temps></instruction><instruction code="OR T206, T1231, 0"><temps name="use"><temp name="T1231"/></temps><temps name="def"><temp name="T206"/></temps><temps name="in"><temp name="T6"/><temp name="T1231"/><temp name="T205"/></temps><temps name="out"><temp name="T6"/><temp name="T206"/><temp name="T205"/></temps></instruction><instruction code="SETL  T1232, 256"><temps name="use"/><temps name="def"><temp name="T1232"/></temps><temps name="in"><temp name="T6"/><temp name="T206"/><temp name="T205"/></temps><temps name="out"><temp name="T6"/><temp name="T206"/><temp name="T205"/></temps></instruction><instruction code="INCML T1232, 0"><temps name="use"/><temps name="def"><temp name="T1232"/></temps><temps name="in"><temp name="T6"/><temp name="T206"/><temp name="T205"/></temps><temps name="out"><temp name="T6"/><temp name="T206"/><temp name="T205"/></temps></instruction><instruction code="INCMH T1232, 0"><temps name="use"/><temps name="def"><temp name="T1232"/></temps><temps name="in"><temp name="T6"/><temp name="T206"/><temp name="T205"/></temps><temps name="out"><temp name="T6"/><temp name="T206"/><temp name="T205"/></temps></instruction><instruction code="INCH  T1232, 0"><temps name="use"/><temps name="def"><temp name="T1232"/></temps><temps name="in"><temp name="T6"/><temp name="T206"/><temp name="T205"/></temps><temps name="out"><temp name="T6"/><temp name="T206"/><temp name="T1232"/><temp name="T205"/></temps></instruction><instruction code="OR T207, T1232, 0"><temps name="use"><temp name="T1232"/></temps><temps name="def"><temp name="T207"/></temps><temps name="in"><temp name="T6"/><temp name="T206"/><temp name="T1232"/><temp name="T205"/></temps><temps name="out"><temp name="T6"/><temp name="T206"/><temp name="T207"/><temp name="T205"/></temps></instruction><instruction code="DIV T1233, T206, T207"><temps name="use"><temp name="T206"/><temp name="T207"/></temps><temps name="def"><temp name="T1233"/></temps><temps name="in"><temp name="T6"/><temp name="T206"/><temp name="T207"/><temp name="T205"/></temps><temps name="out"><temp name="T6"/><temp name="T205"/></temps></instruction><instruction code="OR T1233, rR, 0"><temps name="use"/><temps name="def"><temp name="T1233"/></temps><temps name="in"><temp name="T6"/><temp name="T205"/></temps><temps name="out"><temp name="T6"/><temp name="T1233"/><temp name="T205"/></temps></instruction><instruction code="OR T208, T1233, 0"><temps name="use"><temp name="T1233"/></temps><temps name="def"><temp name="T208"/></temps><temps name="in"><temp name="T6"/><temp name="T1233"/><temp name="T205"/></temps><temps name="out"><temp name="T208"/><temp name="T6"/><temp name="T205"/></temps></instruction><instruction code="STO T205, $254, 8"><temps name="use"><temp name="T205"/></temps><temps name="def"/><temps name="in"><temp name="T208"/><temp name="T6"/><temp name="T205"/></temps><temps name="out"><temp name="T208"/><temp name="T6"/></temps></instruction><instruction code="STO T208, $254, 16"><temps name="use"><temp name="T208"/></temps><temps name="def"/><temps name="in"><temp name="T208"/><temp name="T6"/></temps><temps name="out"><temp name="T6"/></temps></instruction><instruction code="LDA T1234, _putChar"><temps name="use"/><temps name="def"><temp name="T1234"/></temps><temps name="in"><temp name="T6"/></temps><temps name="out"><temp name="T1234"/><temp name="T6"/></temps></instruction><instruction code="PUSHJ $16, T1234, 0"><temps name="use"><temp name="T1234"/></temps><temps name="def"/><temps name="in"><temp name="T1234"/><temp name="T6"/></temps><temps name="out"><temp name="T6"/></temps></instruction><instruction code="LDO T1235, $254, 0"><temps name="use"/><temps name="def"><temp name="T1235"/></temps><temps name="in"><temp name="T6"/></temps><temps name="out"><temp name="T6"/><temp name="T1235"/></temps></instruction><instruction code="OR T209, T1235, 0"><temps name="use"><temp name="T1235"/></temps><temps name="def"><temp name="T209"/></temps><temps name="in"><temp name="T6"/><temp name="T1235"/></temps><temps name="out"><temp name="T6"/></temps></instruction><instruction code="SETL  T1236, 0"><temps name="use"/><temps name="def"><temp name="T1236"/></temps><temps name="in"><temp name="T6"/></temps><temps name="out"><temp name="T6"/></temps></instruction><instruction code="INCML T1236, 0"><temps name="use"/><temps name="def"><temp name="T1236"/></temps><temps name="in"><temp name="T6"/></temps><temps name="out"><temp name="T6"/></temps></instruction><instruction code="INCMH T1236, 0"><temps name="use"/><temps name="def"><temp name="T1236"/></temps><temps name="in"><temp name="T6"/></temps><temps name="out"><temp name="T6"/></temps></instruction><instruction code="INCH  T1236, 0"><temps name="use"/><temps name="def"><temp name="T1236"/></temps><temps name="in"><temp name="T6"/></temps><temps name="out"><temp name="T6"/><temp name="T1236"/></temps></instruction><instruction code="OR T210, T1236, 0"><temps name="use"><temp name="T1236"/></temps><temps name="def"><temp name="T210"/></temps><temps name="in"><temp name="T6"/><temp name="T1236"/></temps><temps name="out"><temp name="T210"/><temp name="T6"/></temps></instruction><instruction code="SETL  T1237, 4"><temps name="use"/><temps name="def"><temp name="T1237"/></temps><temps name="in"><temp name="T210"/><temp name="T6"/></temps><temps name="out"><temp name="T210"/><temp name="T6"/></temps></instruction><instruction code="INCML T1237, 0"><temps name="use"/><temps name="def"><temp name="T1237"/></temps><temps name="in"><temp name="T210"/><temp name="T6"/></temps><temps name="out"><temp name="T210"/><temp name="T6"/></temps></instruction><instruction code="INCMH T1237, 0"><temps name="use"/><temps name="def"><temp name="T1237"/></temps><temps name="in"><temp name="T210"/><temp name="T6"/></temps><temps name="out"><temp name="T210"/><temp name="T6"/></temps></instruction><instruction code="INCH  T1237, 0"><temps name="use"/><temps name="def"><temp name="T1237"/></temps><temps name="in"><temp name="T210"/><temp name="T6"/></temps><temps name="out"><temp name="T210"/><temp name="T6"/><temp name="T1237"/></temps></instruction><instruction code="OR T211, T1237, 0"><temps name="use"><temp name="T1237"/></temps><temps name="def"><temp name="T211"/></temps><temps name="in"><temp name="T210"/><temp name="T6"/><temp name="T1237"/></temps><temps name="out"><temp name="T210"/><temp name="T6"/><temp name="T211"/></temps></instruction><instruction code="SETL  T1238, 3"><temps name="use"/><temps name="def"><temp name="T1238"/></temps><temps name="in"><temp name="T210"/><temp name="T6"/><temp name="T211"/></temps><temps name="out"><temp name="T210"/><temp name="T6"/><temp name="T211"/></temps></instruction><instruction code="INCML T1238, 0"><temps name="use"/><temps name="def"><temp name="T1238"/></temps><temps name="in"><temp name="T210"/><temp name="T6"/><temp name="T211"/></temps><temps name="out"><temp name="T210"/><temp name="T6"/><temp name="T211"/></temps></instruction><instruction code="INCMH T1238, 0"><temps name="use"/><temps name="def"><temp name="T1238"/></temps><temps name="in"><temp name="T210"/><temp name="T6"/><temp name="T211"/></temps><temps name="out"><temp name="T210"/><temp name="T6"/><temp name="T211"/></temps></instruction><instruction code="INCH  T1238, 0"><temps name="use"/><temps name="def"><temp name="T1238"/></temps><temps name="in"><temp name="T210"/><temp name="T6"/><temp name="T211"/></temps><temps name="out"><temp name="T210"/><temp name="T6"/><temp name="T211"/><temp name="T1238"/></temps></instruction><instruction code="OR T212, T1238, 0"><temps name="use"><temp name="T1238"/></temps><temps name="def"><temp name="T212"/></temps><temps name="in"><temp name="T210"/><temp name="T6"/><temp name="T211"/><temp name="T1238"/></temps><temps name="out"><temp name="T210"/><temp name="T6"/><temp name="T211"/><temp name="T212"/></temps></instruction><instruction code="STO T210, $254, 8"><temps name="use"><temp name="T210"/></temps><temps name="def"/><temps name="in"><temp name="T210"/><temp name="T6"/><temp name="T211"/><temp name="T212"/></temps><temps name="out"><temp name="T6"/><temp name="T211"/><temp name="T212"/></temps></instruction><instruction code="STO T211, $254, 16"><temps name="use"><temp name="T211"/></temps><temps name="def"/><temps name="in"><temp name="T6"/><temp name="T211"/><temp name="T212"/></temps><temps name="out"><temp name="T6"/><temp name="T212"/></temps></instruction><instruction code="STO T212, $254, 24"><temps name="use"><temp name="T212"/></temps><temps name="def"/><temps name="in"><temp name="T6"/><temp name="T212"/></temps><temps name="out"><temp name="T6"/></temps></instruction><instruction code="LDA T1239, _combs"><temps name="use"/><temps name="def"><temp name="T1239"/></temps><temps name="in"><temp name="T6"/></temps><temps name="out"><temp name="T6"/><temp name="T1239"/></temps></instruction><instruction code="PUSHJ $16, T1239, 0"><temps name="use"><temp name="T1239"/></temps><temps name="def"/><temps name="in"><temp name="T6"/><temp name="T1239"/></temps><temps name="out"><temp name="T6"/></temps></instruction><instruction code="LDO T1240, $254, 0"><temps name="use"/><temps name="def"><temp name="T1240"/></temps><temps name="in"><temp name="T6"/></temps><temps name="out"><temp name="T6"/><temp name="T1240"/></temps></instruction><instruction code="OR T213, T1240, 0"><temps name="use"><temp name="T1240"/></temps><temps name="def"><temp name="T213"/></temps><temps name="in"><temp name="T6"/><temp name="T1240"/></temps><temps name="out"><temp name="T6"/></temps></instruction><instruction code="SETL  T1241, 0"><temps name="use"/><temps name="def"><temp name="T1241"/></temps><temps name="in"><temp name="T6"/></temps><temps name="out"><temp name="T6"/></temps></instruction><instruction code="INCML T1241, 0"><temps name="use"/><temps name="def"><temp name="T1241"/></temps><temps name="in"><temp name="T6"/></temps><temps name="out"><temp name="T6"/></temps></instruction><instruction code="INCMH T1241, 0"><temps name="use"/><temps name="def"><temp name="T1241"/></temps><temps name="in"><temp name="T6"/></temps><temps name="out"><temp name="T6"/></temps></instruction><instruction code="INCH  T1241, 0"><temps name="use"/><temps name="def"><temp name="T1241"/></temps><temps name="in"><temp name="T6"/></temps><temps name="out"><temp name="T6"/><temp name="T1241"/></temps></instruction><instruction code="OR T214, T1241, 0"><temps name="use"><temp name="T1241"/></temps><temps name="def"><temp name="T214"/></temps><temps name="in"><temp name="T6"/><temp name="T1241"/></temps><temps name="out"><temp name="T6"/><temp name="T214"/></temps></instruction><instruction code="LDA T1242, L26"><temps name="use"/><temps name="def"><temp name="T1242"/></temps><temps name="in"><temp name="T6"/><temp name="T214"/></temps><temps name="out"><temp name="T6"/><temp name="T1242"/><temp name="T214"/></temps></instruction><instruction code="OR T215, T1242, 0"><temps name="use"><temp name="T1242"/></temps><temps name="def"><temp name="T215"/></temps><temps name="in"><temp name="T6"/><temp name="T1242"/><temp name="T214"/></temps><temps name="out"><temp name="T6"/><temp name="T214"/><temp name="T215"/></temps></instruction><instruction code="STO T214, $254, 8"><temps name="use"><temp name="T214"/></temps><temps name="def"/><temps name="in"><temp name="T6"/><temp name="T214"/><temp name="T215"/></temps><temps name="out"><temp name="T6"/><temp name="T215"/></temps></instruction><instruction code="STO T215, $254, 16"><temps name="use"><temp name="T215"/></temps><temps name="def"/><temps name="in"><temp name="T6"/><temp name="T215"/></temps><temps name="out"><temp name="T6"/></temps></instruction><instruction code="LDA T1243, _putString"><temps name="use"/><temps name="def"><temp name="T1243"/></temps><temps name="in"><temp name="T6"/></temps><temps name="out"><temp name="T6"/><temp name="T1243"/></temps></instruction><instruction code="PUSHJ $16, T1243, 0"><temps name="use"><temp name="T1243"/></temps><temps name="def"/><temps name="in"><temp name="T6"/><temp name="T1243"/></temps><temps name="out"><temp name="T6"/></temps></instruction><instruction code="LDO T1244, $254, 0"><temps name="use"/><temps name="def"><temp name="T1244"/></temps><temps name="in"><temp name="T6"/></temps><temps name="out"><temp name="T1244"/><temp name="T6"/></temps></instruction><instruction code="OR T216, T1244, 0"><temps name="use"><temp name="T1244"/></temps><temps name="def"><temp name="T216"/></temps><temps name="in"><temp name="T1244"/><temp name="T6"/></temps><temps name="out"><temp name="T6"/></temps></instruction><instruction code="SETL  T1245, 0"><temps name="use"/><temps name="def"><temp name="T1245"/></temps><temps name="in"><temp name="T6"/></temps><temps name="out"><temp name="T6"/></temps></instruction><instruction code="INCML T1245, 0"><temps name="use"/><temps name="def"><temp name="T1245"/></temps><temps name="in"><temp name="T6"/></temps><temps name="out"><temp name="T6"/></temps></instruction><instruction code="INCMH T1245, 0"><temps name="use"/><temps name="def"><temp name="T1245"/></temps><temps name="in"><temp name="T6"/></temps><temps name="out"><temp name="T6"/></temps></instruction><instruction code="INCH  T1245, 0"><temps name="use"/><temps name="def"><temp name="T1245"/></temps><temps name="in"><temp name="T6"/></temps><temps name="out"><temp name="T1245"/><temp name="T6"/></temps></instruction><instruction code="OR T217, T1245, 0"><temps name="use"><temp name="T1245"/></temps><temps name="def"><temp name="T217"/></temps><temps name="in"><temp name="T1245"/><temp name="T6"/></temps><temps name="out"><temp name="T6"/><temp name="T217"/></temps></instruction><instruction code="SETL  T1246, 10"><temps name="use"/><temps name="def"><temp name="T1246"/></temps><temps name="in"><temp name="T6"/><temp name="T217"/></temps><temps name="out"><temp name="T6"/><temp name="T217"/></temps></instruction><instruction code="INCML T1246, 0"><temps name="use"/><temps name="def"><temp name="T1246"/></temps><temps name="in"><temp name="T6"/><temp name="T217"/></temps><temps name="out"><temp name="T6"/><temp name="T217"/></temps></instruction><instruction code="INCMH T1246, 0"><temps name="use"/><temps name="def"><temp name="T1246"/></temps><temps name="in"><temp name="T6"/><temp name="T217"/></temps><temps name="out"><temp name="T6"/><temp name="T217"/></temps></instruction><instruction code="INCH  T1246, 0"><temps name="use"/><temps name="def"><temp name="T1246"/></temps><temps name="in"><temp name="T6"/><temp name="T217"/></temps><temps name="out"><temp name="T1246"/><temp name="T6"/><temp name="T217"/></temps></instruction><instruction code="OR T218, T1246, 0"><temps name="use"><temp name="T1246"/></temps><temps name="def"><temp name="T218"/></temps><temps name="in"><temp name="T1246"/><temp name="T6"/><temp name="T217"/></temps><temps name="out"><temp name="T6"/><temp name="T218"/><temp name="T217"/></temps></instruction><instruction code="SETL  T1247, 256"><temps name="use"/><temps name="def"><temp name="T1247"/></temps><temps name="in"><temp name="T6"/><temp name="T218"/><temp name="T217"/></temps><temps name="out"><temp name="T6"/><temp name="T218"/><temp name="T217"/></temps></instruction><instruction code="INCML T1247, 0"><temps name="use"/><temps name="def"><temp name="T1247"/></temps><temps name="in"><temp name="T6"/><temp name="T218"/><temp name="T217"/></temps><temps name="out"><temp name="T6"/><temp name="T218"/><temp name="T217"/></temps></instruction><instruction code="INCMH T1247, 0"><temps name="use"/><temps name="def"><temp name="T1247"/></temps><temps name="in"><temp name="T6"/><temp name="T218"/><temp name="T217"/></temps><temps name="out"><temp name="T6"/><temp name="T218"/><temp name="T217"/></temps></instruction><instruction code="INCH  T1247, 0"><temps name="use"/><temps name="def"><temp name="T1247"/></temps><temps name="in"><temp name="T6"/><temp name="T218"/><temp name="T217"/></temps><temps name="out"><temp name="T6"/><temp name="T218"/><temp name="T217"/><temp name="T1247"/></temps></instruction><instruction code="OR T219, T1247, 0"><temps name="use"><temp name="T1247"/></temps><temps name="def"><temp name="T219"/></temps><temps name="in"><temp name="T6"/><temp name="T218"/><temp name="T217"/><temp name="T1247"/></temps><temps name="out"><temp name="T6"/><temp name="T218"/><temp name="T217"/><temp name="T219"/></temps></instruction><instruction code="DIV T1248, T218, T219"><temps name="use"><temp name="T218"/><temp name="T219"/></temps><temps name="def"><temp name="T1248"/></temps><temps name="in"><temp name="T6"/><temp name="T218"/><temp name="T217"/><temp name="T219"/></temps><temps name="out"><temp name="T6"/><temp name="T217"/></temps></instruction><instruction code="OR T1248, rR, 0"><temps name="use"/><temps name="def"><temp name="T1248"/></temps><temps name="in"><temp name="T6"/><temp name="T217"/></temps><temps name="out"><temp name="T6"/><temp name="T217"/><temp name="T1248"/></temps></instruction><instruction code="OR T220, T1248, 0"><temps name="use"><temp name="T1248"/></temps><temps name="def"><temp name="T220"/></temps><temps name="in"><temp name="T6"/><temp name="T217"/><temp name="T1248"/></temps><temps name="out"><temp name="T6"/><temp name="T220"/><temp name="T217"/></temps></instruction><instruction code="STO T217, $254, 8"><temps name="use"><temp name="T217"/></temps><temps name="def"/><temps name="in"><temp name="T6"/><temp name="T220"/><temp name="T217"/></temps><temps name="out"><temp name="T6"/><temp name="T220"/></temps></instruction><instruction code="STO T220, $254, 16"><temps name="use"><temp name="T220"/></temps><temps name="def"/><temps name="in"><temp name="T6"/><temp name="T220"/></temps><temps name="out"><temp name="T6"/></temps></instruction><instruction code="LDA T1249, _putChar"><temps name="use"/><temps name="def"><temp name="T1249"/></temps><temps name="in"><temp name="T6"/></temps><temps name="out"><temp name="T6"/><temp name="T1249"/></temps></instruction><instruction code="PUSHJ $16, T1249, 0"><temps name="use"><temp name="T1249"/></temps><temps name="def"/><temps name="in"><temp name="T6"/><temp name="T1249"/></temps><temps name="out"><temp name="T6"/></temps></instruction><instruction code="LDO T1250, $254, 0"><temps name="use"/><temps name="def"><temp name="T1250"/></temps><temps name="in"><temp name="T6"/></temps><temps name="out"><temp name="T6"/><temp name="T1250"/></temps></instruction><instruction code="OR T221, T1250, 0"><temps name="use"><temp name="T1250"/></temps><temps name="def"><temp name="T221"/></temps><temps name="in"><temp name="T6"/><temp name="T1250"/></temps><temps name="out"><temp name="T6"/></temps></instruction><instruction code="SETL  T1251, 0"><temps name="use"/><temps name="def"><temp name="T1251"/></temps><temps name="in"><temp name="T6"/></temps><temps name="out"><temp name="T6"/></temps></instruction><instruction code="INCML T1251, 0"><temps name="use"/><temps name="def"><temp name="T1251"/></temps><temps name="in"><temp name="T6"/></temps><temps name="out"><temp name="T6"/></temps></instruction><instruction code="INCMH T1251, 0"><temps name="use"/><temps name="def"><temp name="T1251"/></temps><temps name="in"><temp name="T6"/></temps><temps name="out"><temp name="T6"/></temps></instruction><instruction code="INCH  T1251, 0"><temps name="use"/><temps name="def"><temp name="T1251"/></temps><temps name="in"><temp name="T6"/></temps><temps name="out"><temp name="T6"/><temp name="T1251"/></temps></instruction><instruction code="OR T222, T1251, 0"><temps name="use"><temp name="T1251"/></temps><temps name="def"><temp name="T222"/></temps><temps name="in"><temp name="T6"/><temp name="T1251"/></temps><temps name="out"><temp name="T6"/><temp name="T222"/></temps></instruction><instruction code="SETL  T1252, 664"><temps name="use"/><temps name="def"><temp name="T1252"/></temps><temps name="in"><temp name="T6"/><temp name="T222"/></temps><temps name="out"><temp name="T6"/><temp name="T222"/></temps></instruction><instruction code="INCML T1252, 0"><temps name="use"/><temps name="def"><temp name="T1252"/></temps><temps name="in"><temp name="T6"/><temp name="T222"/></temps><temps name="out"><temp name="T6"/><temp name="T222"/></temps></instruction><instruction code="INCMH T1252, 0"><temps name="use"/><temps name="def"><temp name="T1252"/></temps><temps name="in"><temp name="T6"/><temp name="T222"/></temps><temps name="out"><temp name="T6"/><temp name="T222"/></temps></instruction><instruction code="INCH  T1252, 0"><temps name="use"/><temps name="def"><temp name="T1252"/></temps><temps name="in"><temp name="T6"/><temp name="T222"/></temps><temps name="out"><temp name="T6"/><temp name="T1252"/><temp name="T222"/></temps></instruction><instruction code="NEG T1252, 0, T1252"><temps name="use"><temp name="T1252"/></temps><temps name="def"><temp name="T1252"/></temps><temps name="in"><temp name="T6"/><temp name="T1252"/><temp name="T222"/></temps><temps name="out"><temp name="T6"/><temp name="T1252"/><temp name="T222"/></temps></instruction><instruction code="ADD T1253, T6, T1252"><temps name="use"><temp name="T6"/><temp name="T1252"/></temps><temps name="def"><temp name="T1253"/></temps><temps name="in"><temp name="T6"/><temp name="T1252"/><temp name="T222"/></temps><temps name="out"><temp name="T6"/><temp name="T1253"/><temp name="T222"/></temps></instruction><instruction code="SETL  T1254, 0"><temps name="use"/><temps name="def"><temp name="T1254"/></temps><temps name="in"><temp name="T6"/><temp name="T1253"/><temp name="T222"/></temps><temps name="out"><temp name="T6"/><temp name="T1253"/><temp name="T222"/></temps></instruction><instruction code="INCML T1254, 0"><temps name="use"/><temps name="def"><temp name="T1254"/></temps><temps name="in"><temp name="T6"/><temp name="T1253"/><temp name="T222"/></temps><temps name="out"><temp name="T6"/><temp name="T1253"/><temp name="T222"/></temps></instruction><instruction code="INCMH T1254, 0"><temps name="use"/><temps name="def"><temp name="T1254"/></temps><temps name="in"><temp name="T6"/><temp name="T1253"/><temp name="T222"/></temps><temps name="out"><temp name="T6"/><temp name="T1253"/><temp name="T222"/></temps></instruction><instruction code="INCH  T1254, 0"><temps name="use"/><temps name="def"><temp name="T1254"/></temps><temps name="in"><temp name="T6"/><temp name="T1253"/><temp name="T222"/></temps><temps name="out"><temp name="T6"/><temp name="T1254"/><temp name="T1253"/><temp name="T222"/></temps></instruction><instruction code="SETL  T1255, 72"><temps name="use"/><temps name="def"><temp name="T1255"/></temps><temps name="in"><temp name="T6"/><temp name="T1254"/><temp name="T1253"/><temp name="T222"/></temps><temps name="out"><temp name="T6"/><temp name="T1254"/><temp name="T1253"/><temp name="T222"/></temps></instruction><instruction code="INCML T1255, 0"><temps name="use"/><temps name="def"><temp name="T1255"/></temps><temps name="in"><temp name="T6"/><temp name="T1254"/><temp name="T1253"/><temp name="T222"/></temps><temps name="out"><temp name="T6"/><temp name="T1254"/><temp name="T1253"/><temp name="T222"/></temps></instruction><instruction code="INCMH T1255, 0"><temps name="use"/><temps name="def"><temp name="T1255"/></temps><temps name="in"><temp name="T6"/><temp name="T1254"/><temp name="T1253"/><temp name="T222"/></temps><temps name="out"><temp name="T6"/><temp name="T1254"/><temp name="T1253"/><temp name="T222"/></temps></instruction><instruction code="INCH  T1255, 0"><temps name="use"/><temps name="def"><temp name="T1255"/></temps><temps name="in"><temp name="T6"/><temp name="T1254"/><temp name="T1253"/><temp name="T222"/></temps><temps name="out"><temp name="T6"/><temp name="T1255"/><temp name="T1254"/><temp name="T1253"/><temp name="T222"/></temps></instruction><instruction code="MUL T1256, T1254, T1255"><temps name="use"><temp name="T1254"/><temp name="T1255"/></temps><temps name="def"><temp name="T1256"/></temps><temps name="in"><temp name="T6"/><temp name="T1255"/><temp name="T1254"/><temp name="T1253"/><temp name="T222"/></temps><temps name="out"><temp name="T6"/><temp name="T1253"/><temp name="T1256"/><temp name="T222"/></temps></instruction><instruction code="ADD T1257, T1253, T1256"><temps name="use"><temp name="T1253"/><temp name="T1256"/></temps><temps name="def"><temp name="T1257"/></temps><temps name="in"><temp name="T6"/><temp name="T1253"/><temp name="T1256"/><temp name="T222"/></temps><temps name="out"><temp name="T1257"/><temp name="T6"/><temp name="T222"/></temps></instruction><instruction code="SETL  T1258, 0"><temps name="use"/><temps name="def"><temp name="T1258"/></temps><temps name="in"><temp name="T1257"/><temp name="T6"/><temp name="T222"/></temps><temps name="out"><temp name="T1257"/><temp name="T6"/><temp name="T222"/></temps></instruction><instruction code="INCML T1258, 0"><temps name="use"/><temps name="def"><temp name="T1258"/></temps><temps name="in"><temp name="T1257"/><temp name="T6"/><temp name="T222"/></temps><temps name="out"><temp name="T1257"/><temp name="T6"/><temp name="T222"/></temps></instruction><instruction code="INCMH T1258, 0"><temps name="use"/><temps name="def"><temp name="T1258"/></temps><temps name="in"><temp name="T1257"/><temp name="T6"/><temp name="T222"/></temps><temps name="out"><temp name="T1257"/><temp name="T6"/><temp name="T222"/></temps></instruction><instruction code="INCH  T1258, 0"><temps name="use"/><temps name="def"><temp name="T1258"/></temps><temps name="in"><temp name="T1257"/><temp name="T6"/><temp name="T222"/></temps><temps name="out"><temp name="T1257"/><temp name="T6"/><temp name="T1258"/><temp name="T222"/></temps></instruction><instruction code="SETL  T1259, 8"><temps name="use"/><temps name="def"><temp name="T1259"/></temps><temps name="in"><temp name="T1257"/><temp name="T6"/><temp name="T1258"/><temp name="T222"/></temps><temps name="out"><temp name="T1257"/><temp name="T6"/><temp name="T1258"/><temp name="T222"/></temps></instruction><instruction code="INCML T1259, 0"><temps name="use"/><temps name="def"><temp name="T1259"/></temps><temps name="in"><temp name="T1257"/><temp name="T6"/><temp name="T1258"/><temp name="T222"/></temps><temps name="out"><temp name="T1257"/><temp name="T6"/><temp name="T1258"/><temp name="T222"/></temps></instruction><instruction code="INCMH T1259, 0"><temps name="use"/><temps name="def"><temp name="T1259"/></temps><temps name="in"><temp name="T1257"/><temp name="T6"/><temp name="T1258"/><temp name="T222"/></temps><temps name="out"><temp name="T1257"/><temp name="T6"/><temp name="T1258"/><temp name="T222"/></temps></instruction><instruction code="INCH  T1259, 0"><temps name="use"/><temps name="def"><temp name="T1259"/></temps><temps name="in"><temp name="T1257"/><temp name="T6"/><temp name="T1258"/><temp name="T222"/></temps><temps name="out"><temp name="T1257"/><temp name="T6"/><temp name="T1258"/><temp name="T1259"/><temp name="T222"/></temps></instruction><instruction code="MUL T1260, T1258, T1259"><temps name="use"><temp name="T1258"/><temp name="T1259"/></temps><temps name="def"><temp name="T1260"/></temps><temps name="in"><temp name="T1257"/><temp name="T6"/><temp name="T1258"/><temp name="T1259"/><temp name="T222"/></temps><temps name="out"><temp name="T1257"/><temp name="T6"/><temp name="T1260"/><temp name="T222"/></temps></instruction><instruction code="ADD T1261, T1257, T1260"><temps name="use"><temp name="T1257"/><temp name="T1260"/></temps><temps name="def"><temp name="T1261"/></temps><temps name="in"><temp name="T1257"/><temp name="T6"/><temp name="T1260"/><temp name="T222"/></temps><temps name="out"><temp name="T1261"/><temp name="T6"/><temp name="T222"/></temps></instruction><instruction code="STO T1261, T222, 0"><temps name="use"><temp name="T1261"/><temp name="T222"/></temps><temps name="def"/><temps name="in"><temp name="T1261"/><temp name="T6"/><temp name="T222"/></temps><temps name="out"><temp name="T6"/></temps></instruction><instruction code="SETL  T1263, 0"><temps name="use"/><temps name="def"><temp name="T1263"/></temps><temps name="in"><temp name="T6"/></temps><temps name="out"><temp name="T6"/></temps></instruction><instruction code="INCML T1263, 0"><temps name="use"/><temps name="def"><temp name="T1263"/></temps><temps name="in"><temp name="T6"/></temps><temps name="out"><temp name="T6"/></temps></instruction><instruction code="INCMH T1263, 0"><temps name="use"/><temps name="def"><temp name="T1263"/></temps><temps name="in"><temp name="T6"/></temps><temps name="out"><temp name="T6"/></temps></instruction><instruction code="INCH  T1263, 0"><temps name="use"/><temps name="def"><temp name="T1263"/></temps><temps name="in"><temp name="T6"/></temps><temps name="out"><temp name="T6"/><temp name="T1263"/></temps></instruction><instruction code="OR T223, T1263, 0"><temps name="use"><temp name="T1263"/></temps><temps name="def"><temp name="T223"/></temps><temps name="in"><temp name="T6"/><temp name="T1263"/></temps><temps name="out"><temp name="T6"/><temp name="T223"/></temps></instruction><instruction code="SETL  T1264, 664"><temps name="use"/><temps name="def"><temp name="T1264"/></temps><temps name="in"><temp name="T6"/><temp name="T223"/></temps><temps name="out"><temp name="T6"/><temp name="T223"/></temps></instruction><instruction code="INCML T1264, 0"><temps name="use"/><temps name="def"><temp name="T1264"/></temps><temps name="in"><temp name="T6"/><temp name="T223"/></temps><temps name="out"><temp name="T6"/><temp name="T223"/></temps></instruction><instruction code="INCMH T1264, 0"><temps name="use"/><temps name="def"><temp name="T1264"/></temps><temps name="in"><temp name="T6"/><temp name="T223"/></temps><temps name="out"><temp name="T6"/><temp name="T223"/></temps></instruction><instruction code="INCH  T1264, 0"><temps name="use"/><temps name="def"><temp name="T1264"/></temps><temps name="in"><temp name="T6"/><temp name="T223"/></temps><temps name="out"><temp name="T6"/><temp name="T1264"/><temp name="T223"/></temps></instruction><instruction code="NEG T1264, 0, T1264"><temps name="use"><temp name="T1264"/></temps><temps name="def"><temp name="T1264"/></temps><temps name="in"><temp name="T6"/><temp name="T1264"/><temp name="T223"/></temps><temps name="out"><temp name="T6"/><temp name="T1264"/><temp name="T223"/></temps></instruction><instruction code="ADD T1265, T6, T1264"><temps name="use"><temp name="T6"/><temp name="T1264"/></temps><temps name="def"><temp name="T1265"/></temps><temps name="in"><temp name="T6"/><temp name="T1264"/><temp name="T223"/></temps><temps name="out"><temp name="T6"/><temp name="T223"/><temp name="T1265"/></temps></instruction><instruction code="SETL  T1266, 0"><temps name="use"/><temps name="def"><temp name="T1266"/></temps><temps name="in"><temp name="T6"/><temp name="T223"/><temp name="T1265"/></temps><temps name="out"><temp name="T6"/><temp name="T223"/><temp name="T1265"/></temps></instruction><instruction code="INCML T1266, 0"><temps name="use"/><temps name="def"><temp name="T1266"/></temps><temps name="in"><temp name="T6"/><temp name="T223"/><temp name="T1265"/></temps><temps name="out"><temp name="T6"/><temp name="T223"/><temp name="T1265"/></temps></instruction><instruction code="INCMH T1266, 0"><temps name="use"/><temps name="def"><temp name="T1266"/></temps><temps name="in"><temp name="T6"/><temp name="T223"/><temp name="T1265"/></temps><temps name="out"><temp name="T6"/><temp name="T223"/><temp name="T1265"/></temps></instruction><instruction code="INCH  T1266, 0"><temps name="use"/><temps name="def"><temp name="T1266"/></temps><temps name="in"><temp name="T6"/><temp name="T223"/><temp name="T1265"/></temps><temps name="out"><temp name="T6"/><temp name="T1266"/><temp name="T223"/><temp name="T1265"/></temps></instruction><instruction code="SETL  T1267, 72"><temps name="use"/><temps name="def"><temp name="T1267"/></temps><temps name="in"><temp name="T6"/><temp name="T1266"/><temp name="T223"/><temp name="T1265"/></temps><temps name="out"><temp name="T6"/><temp name="T1266"/><temp name="T223"/><temp name="T1265"/></temps></instruction><instruction code="INCML T1267, 0"><temps name="use"/><temps name="def"><temp name="T1267"/></temps><temps name="in"><temp name="T6"/><temp name="T1266"/><temp name="T223"/><temp name="T1265"/></temps><temps name="out"><temp name="T6"/><temp name="T1266"/><temp name="T223"/><temp name="T1265"/></temps></instruction><instruction code="INCMH T1267, 0"><temps name="use"/><temps name="def"><temp name="T1267"/></temps><temps name="in"><temp name="T6"/><temp name="T1266"/><temp name="T223"/><temp name="T1265"/></temps><temps name="out"><temp name="T6"/><temp name="T1266"/><temp name="T223"/><temp name="T1265"/></temps></instruction><instruction code="INCH  T1267, 0"><temps name="use"/><temps name="def"><temp name="T1267"/></temps><temps name="in"><temp name="T6"/><temp name="T1266"/><temp name="T223"/><temp name="T1265"/></temps><temps name="out"><temp name="T6"/><temp name="T1266"/><temp name="T1267"/><temp name="T223"/><temp name="T1265"/></temps></instruction><instruction code="MUL T1268, T1266, T1267"><temps name="use"><temp name="T1266"/><temp name="T1267"/></temps><temps name="def"><temp name="T1268"/></temps><temps name="in"><temp name="T6"/><temp name="T1266"/><temp name="T1267"/><temp name="T223"/><temp name="T1265"/></temps><temps name="out"><temp name="T1268"/><temp name="T6"/><temp name="T223"/><temp name="T1265"/></temps></instruction><instruction code="ADD T1269, T1265, T1268"><temps name="use"><temp name="T1265"/><temp name="T1268"/></temps><temps name="def"><temp name="T1269"/></temps><temps name="in"><temp name="T1268"/><temp name="T6"/><temp name="T223"/><temp name="T1265"/></temps><temps name="out"><temp name="T6"/><temp name="T1269"/><temp name="T223"/></temps></instruction><instruction code="SETL  T1270, 1"><temps name="use"/><temps name="def"><temp name="T1270"/></temps><temps name="in"><temp name="T6"/><temp name="T1269"/><temp name="T223"/></temps><temps name="out"><temp name="T6"/><temp name="T1269"/><temp name="T223"/></temps></instruction><instruction code="INCML T1270, 0"><temps name="use"/><temps name="def"><temp name="T1270"/></temps><temps name="in"><temp name="T6"/><temp name="T1269"/><temp name="T223"/></temps><temps name="out"><temp name="T6"/><temp name="T1269"/><temp name="T223"/></temps></instruction><instruction code="INCMH T1270, 0"><temps name="use"/><temps name="def"><temp name="T1270"/></temps><temps name="in"><temp name="T6"/><temp name="T1269"/><temp name="T223"/></temps><temps name="out"><temp name="T6"/><temp name="T1269"/><temp name="T223"/></temps></instruction><instruction code="INCH  T1270, 0"><temps name="use"/><temps name="def"><temp name="T1270"/></temps><temps name="in"><temp name="T6"/><temp name="T1269"/><temp name="T223"/></temps><temps name="out"><temp name="T6"/><temp name="T1270"/><temp name="T1269"/><temp name="T223"/></temps></instruction><instruction code="SETL  T1271, 8"><temps name="use"/><temps name="def"><temp name="T1271"/></temps><temps name="in"><temp name="T6"/><temp name="T1270"/><temp name="T1269"/><temp name="T223"/></temps><temps name="out"><temp name="T6"/><temp name="T1270"/><temp name="T1269"/><temp name="T223"/></temps></instruction><instruction code="INCML T1271, 0"><temps name="use"/><temps name="def"><temp name="T1271"/></temps><temps name="in"><temp name="T6"/><temp name="T1270"/><temp name="T1269"/><temp name="T223"/></temps><temps name="out"><temp name="T6"/><temp name="T1270"/><temp name="T1269"/><temp name="T223"/></temps></instruction><instruction code="INCMH T1271, 0"><temps name="use"/><temps name="def"><temp name="T1271"/></temps><temps name="in"><temp name="T6"/><temp name="T1270"/><temp name="T1269"/><temp name="T223"/></temps><temps name="out"><temp name="T6"/><temp name="T1270"/><temp name="T1269"/><temp name="T223"/></temps></instruction><instruction code="INCH  T1271, 0"><temps name="use"/><temps name="def"><temp name="T1271"/></temps><temps name="in"><temp name="T6"/><temp name="T1270"/><temp name="T1269"/><temp name="T223"/></temps><temps name="out"><temp name="T1271"/><temp name="T6"/><temp name="T1270"/><temp name="T1269"/><temp name="T223"/></temps></instruction><instruction code="MUL T1272, T1270, T1271"><temps name="use"><temp name="T1270"/><temp name="T1271"/></temps><temps name="def"><temp name="T1272"/></temps><temps name="in"><temp name="T1271"/><temp name="T6"/><temp name="T1270"/><temp name="T1269"/><temp name="T223"/></temps><temps name="out"><temp name="T6"/><temp name="T1269"/><temp name="T223"/><temp name="T1272"/></temps></instruction><instruction code="ADD T1273, T1269, T1272"><temps name="use"><temp name="T1269"/><temp name="T1272"/></temps><temps name="def"><temp name="T1273"/></temps><temps name="in"><temp name="T6"/><temp name="T1269"/><temp name="T223"/><temp name="T1272"/></temps><temps name="out"><temp name="T6"/><temp name="T1273"/><temp name="T223"/></temps></instruction><instruction code="STO T1273, T223, 0"><temps name="use"><temp name="T1273"/><temp name="T223"/></temps><temps name="def"/><temps name="in"><temp name="T6"/><temp name="T1273"/><temp name="T223"/></temps><temps name="out"><temp name="T6"/></temps></instruction><instruction code="SETL  T1275, 3"><temps name="use"/><temps name="def"><temp name="T1275"/></temps><temps name="in"><temp name="T6"/></temps><temps name="out"><temp name="T6"/></temps></instruction><instruction code="INCML T1275, 0"><temps name="use"/><temps name="def"><temp name="T1275"/></temps><temps name="in"><temp name="T6"/></temps><temps name="out"><temp name="T6"/></temps></instruction><instruction code="INCMH T1275, 0"><temps name="use"/><temps name="def"><temp name="T1275"/></temps><temps name="in"><temp name="T6"/></temps><temps name="out"><temp name="T6"/></temps></instruction><instruction code="INCH  T1275, 0"><temps name="use"/><temps name="def"><temp name="T1275"/></temps><temps name="in"><temp name="T6"/></temps><temps name="out"><temp name="T6"/><temp name="T1275"/></temps></instruction><instruction code="OR T224, T1275, 0"><temps name="use"><temp name="T1275"/></temps><temps name="def"><temp name="T224"/></temps><temps name="in"><temp name="T6"/><temp name="T1275"/></temps><temps name="out"><temp name="T6"/><temp name="T224"/></temps></instruction><instruction code="SETL  T1276, 664"><temps name="use"/><temps name="def"><temp name="T1276"/></temps><temps name="in"><temp name="T6"/><temp name="T224"/></temps><temps name="out"><temp name="T6"/><temp name="T224"/></temps></instruction><instruction code="INCML T1276, 0"><temps name="use"/><temps name="def"><temp name="T1276"/></temps><temps name="in"><temp name="T6"/><temp name="T224"/></temps><temps name="out"><temp name="T6"/><temp name="T224"/></temps></instruction><instruction code="INCMH T1276, 0"><temps name="use"/><temps name="def"><temp name="T1276"/></temps><temps name="in"><temp name="T6"/><temp name="T224"/></temps><temps name="out"><temp name="T6"/><temp name="T224"/></temps></instruction><instruction code="INCH  T1276, 0"><temps name="use"/><temps name="def"><temp name="T1276"/></temps><temps name="in"><temp name="T6"/><temp name="T224"/></temps><temps name="out"><temp name="T6"/><temp name="T1276"/><temp name="T224"/></temps></instruction><instruction code="NEG T1276, 0, T1276"><temps name="use"><temp name="T1276"/></temps><temps name="def"><temp name="T1276"/></temps><temps name="in"><temp name="T6"/><temp name="T1276"/><temp name="T224"/></temps><temps name="out"><temp name="T6"/><temp name="T1276"/><temp name="T224"/></temps></instruction><instruction code="ADD T1277, T6, T1276"><temps name="use"><temp name="T6"/><temp name="T1276"/></temps><temps name="def"><temp name="T1277"/></temps><temps name="in"><temp name="T6"/><temp name="T1276"/><temp name="T224"/></temps><temps name="out"><temp name="T1277"/><temp name="T6"/><temp name="T224"/></temps></instruction><instruction code="SETL  T1278, 0"><temps name="use"/><temps name="def"><temp name="T1278"/></temps><temps name="in"><temp name="T1277"/><temp name="T6"/><temp name="T224"/></temps><temps name="out"><temp name="T1277"/><temp name="T6"/><temp name="T224"/></temps></instruction><instruction code="INCML T1278, 0"><temps name="use"/><temps name="def"><temp name="T1278"/></temps><temps name="in"><temp name="T1277"/><temp name="T6"/><temp name="T224"/></temps><temps name="out"><temp name="T1277"/><temp name="T6"/><temp name="T224"/></temps></instruction><instruction code="INCMH T1278, 0"><temps name="use"/><temps name="def"><temp name="T1278"/></temps><temps name="in"><temp name="T1277"/><temp name="T6"/><temp name="T224"/></temps><temps name="out"><temp name="T1277"/><temp name="T6"/><temp name="T224"/></temps></instruction><instruction code="INCH  T1278, 0"><temps name="use"/><temps name="def"><temp name="T1278"/></temps><temps name="in"><temp name="T1277"/><temp name="T6"/><temp name="T224"/></temps><temps name="out"><temp name="T1277"/><temp name="T6"/><temp name="T224"/><temp name="T1278"/></temps></instruction><instruction code="SETL  T1279, 72"><temps name="use"/><temps name="def"><temp name="T1279"/></temps><temps name="in"><temp name="T1277"/><temp name="T6"/><temp name="T224"/><temp name="T1278"/></temps><temps name="out"><temp name="T1277"/><temp name="T6"/><temp name="T224"/><temp name="T1278"/></temps></instruction><instruction code="INCML T1279, 0"><temps name="use"/><temps name="def"><temp name="T1279"/></temps><temps name="in"><temp name="T1277"/><temp name="T6"/><temp name="T224"/><temp name="T1278"/></temps><temps name="out"><temp name="T1277"/><temp name="T6"/><temp name="T224"/><temp name="T1278"/></temps></instruction><instruction code="INCMH T1279, 0"><temps name="use"/><temps name="def"><temp name="T1279"/></temps><temps name="in"><temp name="T1277"/><temp name="T6"/><temp name="T224"/><temp name="T1278"/></temps><temps name="out"><temp name="T1277"/><temp name="T6"/><temp name="T224"/><temp name="T1278"/></temps></instruction><instruction code="INCH  T1279, 0"><temps name="use"/><temps name="def"><temp name="T1279"/></temps><temps name="in"><temp name="T1277"/><temp name="T6"/><temp name="T224"/><temp name="T1278"/></temps><temps name="out"><temp name="T1277"/><temp name="T1279"/><temp name="T6"/><temp name="T224"/><temp name="T1278"/></temps></instruction><instruction code="MUL T1280, T1278, T1279"><temps name="use"><temp name="T1278"/><temp name="T1279"/></temps><temps name="def"><temp name="T1280"/></temps><temps name="in"><temp name="T1277"/><temp name="T1279"/><temp name="T6"/><temp name="T224"/><temp name="T1278"/></temps><temps name="out"><temp name="T1277"/><temp name="T6"/><temp name="T1280"/><temp name="T224"/></temps></instruction><instruction code="ADD T1281, T1277, T1280"><temps name="use"><temp name="T1277"/><temp name="T1280"/></temps><temps name="def"><temp name="T1281"/></temps><temps name="in"><temp name="T1277"/><temp name="T6"/><temp name="T1280"/><temp name="T224"/></temps><temps name="out"><temp name="T6"/><temp name="T224"/><temp name="T1281"/></temps></instruction><instruction code="SETL  T1282, 2"><temps name="use"/><temps name="def"><temp name="T1282"/></temps><temps name="in"><temp name="T6"/><temp name="T224"/><temp name="T1281"/></temps><temps name="out"><temp name="T6"/><temp name="T224"/><temp name="T1281"/></temps></instruction><instruction code="INCML T1282, 0"><temps name="use"/><temps name="def"><temp name="T1282"/></temps><temps name="in"><temp name="T6"/><temp name="T224"/><temp name="T1281"/></temps><temps name="out"><temp name="T6"/><temp name="T224"/><temp name="T1281"/></temps></instruction><instruction code="INCMH T1282, 0"><temps name="use"/><temps name="def"><temp name="T1282"/></temps><temps name="in"><temp name="T6"/><temp name="T224"/><temp name="T1281"/></temps><temps name="out"><temp name="T6"/><temp name="T224"/><temp name="T1281"/></temps></instruction><instruction code="INCH  T1282, 0"><temps name="use"/><temps name="def"><temp name="T1282"/></temps><temps name="in"><temp name="T6"/><temp name="T224"/><temp name="T1281"/></temps><temps name="out"><temp name="T6"/><temp name="T1282"/><temp name="T224"/><temp name="T1281"/></temps></instruction><instruction code="SETL  T1283, 8"><temps name="use"/><temps name="def"><temp name="T1283"/></temps><temps name="in"><temp name="T6"/><temp name="T1282"/><temp name="T224"/><temp name="T1281"/></temps><temps name="out"><temp name="T6"/><temp name="T1282"/><temp name="T224"/><temp name="T1281"/></temps></instruction><instruction code="INCML T1283, 0"><temps name="use"/><temps name="def"><temp name="T1283"/></temps><temps name="in"><temp name="T6"/><temp name="T1282"/><temp name="T224"/><temp name="T1281"/></temps><temps name="out"><temp name="T6"/><temp name="T1282"/><temp name="T224"/><temp name="T1281"/></temps></instruction><instruction code="INCMH T1283, 0"><temps name="use"/><temps name="def"><temp name="T1283"/></temps><temps name="in"><temp name="T6"/><temp name="T1282"/><temp name="T224"/><temp name="T1281"/></temps><temps name="out"><temp name="T6"/><temp name="T1282"/><temp name="T224"/><temp name="T1281"/></temps></instruction><instruction code="INCH  T1283, 0"><temps name="use"/><temps name="def"><temp name="T1283"/></temps><temps name="in"><temp name="T6"/><temp name="T1282"/><temp name="T224"/><temp name="T1281"/></temps><temps name="out"><temp name="T1283"/><temp name="T6"/><temp name="T1282"/><temp name="T224"/><temp name="T1281"/></temps></instruction><instruction code="MUL T1284, T1282, T1283"><temps name="use"><temp name="T1282"/><temp name="T1283"/></temps><temps name="def"><temp name="T1284"/></temps><temps name="in"><temp name="T1283"/><temp name="T6"/><temp name="T1282"/><temp name="T224"/><temp name="T1281"/></temps><temps name="out"><temp name="T6"/><temp name="T1284"/><temp name="T224"/><temp name="T1281"/></temps></instruction><instruction code="ADD T1285, T1281, T1284"><temps name="use"><temp name="T1281"/><temp name="T1284"/></temps><temps name="def"><temp name="T1285"/></temps><temps name="in"><temp name="T6"/><temp name="T1284"/><temp name="T224"/><temp name="T1281"/></temps><temps name="out"><temp name="T6"/><temp name="T1285"/><temp name="T224"/></temps></instruction><instruction code="STO T1285, T224, 0"><temps name="use"><temp name="T1285"/><temp name="T224"/></temps><temps name="def"/><temps name="in"><temp name="T6"/><temp name="T1285"/><temp name="T224"/></temps><temps name="out"><temp name="T6"/></temps></instruction><instruction code="SETL  T1287, 0"><temps name="use"/><temps name="def"><temp name="T1287"/></temps><temps name="in"><temp name="T6"/></temps><temps name="out"><temp name="T6"/></temps></instruction><instruction code="INCML T1287, 0"><temps name="use"/><temps name="def"><temp name="T1287"/></temps><temps name="in"><temp name="T6"/></temps><temps name="out"><temp name="T6"/></temps></instruction><instruction code="INCMH T1287, 0"><temps name="use"/><temps name="def"><temp name="T1287"/></temps><temps name="in"><temp name="T6"/></temps><temps name="out"><temp name="T6"/></temps></instruction><instruction code="INCH  T1287, 0"><temps name="use"/><temps name="def"><temp name="T1287"/></temps><temps name="in"><temp name="T6"/></temps><temps name="out"><temp name="T6"/><temp name="T1287"/></temps></instruction><instruction code="OR T225, T1287, 0"><temps name="use"><temp name="T1287"/></temps><temps name="def"><temp name="T225"/></temps><temps name="in"><temp name="T6"/><temp name="T1287"/></temps><temps name="out"><temp name="T6"/><temp name="T225"/></temps></instruction><instruction code="SETL  T1288, 664"><temps name="use"/><temps name="def"><temp name="T1288"/></temps><temps name="in"><temp name="T6"/><temp name="T225"/></temps><temps name="out"><temp name="T6"/><temp name="T225"/></temps></instruction><instruction code="INCML T1288, 0"><temps name="use"/><temps name="def"><temp name="T1288"/></temps><temps name="in"><temp name="T6"/><temp name="T225"/></temps><temps name="out"><temp name="T6"/><temp name="T225"/></temps></instruction><instruction code="INCMH T1288, 0"><temps name="use"/><temps name="def"><temp name="T1288"/></temps><temps name="in"><temp name="T6"/><temp name="T225"/></temps><temps name="out"><temp name="T6"/><temp name="T225"/></temps></instruction><instruction code="INCH  T1288, 0"><temps name="use"/><temps name="def"><temp name="T1288"/></temps><temps name="in"><temp name="T6"/><temp name="T225"/></temps><temps name="out"><temp name="T6"/><temp name="T1288"/><temp name="T225"/></temps></instruction><instruction code="NEG T1288, 0, T1288"><temps name="use"><temp name="T1288"/></temps><temps name="def"><temp name="T1288"/></temps><temps name="in"><temp name="T6"/><temp name="T1288"/><temp name="T225"/></temps><temps name="out"><temp name="T6"/><temp name="T1288"/><temp name="T225"/></temps></instruction><instruction code="ADD T1289, T6, T1288"><temps name="use"><temp name="T6"/><temp name="T1288"/></temps><temps name="def"><temp name="T1289"/></temps><temps name="in"><temp name="T6"/><temp name="T1288"/><temp name="T225"/></temps><temps name="out"><temp name="T6"/><temp name="T1289"/><temp name="T225"/></temps></instruction><instruction code="SETL  T1290, 0"><temps name="use"/><temps name="def"><temp name="T1290"/></temps><temps name="in"><temp name="T6"/><temp name="T1289"/><temp name="T225"/></temps><temps name="out"><temp name="T6"/><temp name="T1289"/><temp name="T225"/></temps></instruction><instruction code="INCML T1290, 0"><temps name="use"/><temps name="def"><temp name="T1290"/></temps><temps name="in"><temp name="T6"/><temp name="T1289"/><temp name="T225"/></temps><temps name="out"><temp name="T6"/><temp name="T1289"/><temp name="T225"/></temps></instruction><instruction code="INCMH T1290, 0"><temps name="use"/><temps name="def"><temp name="T1290"/></temps><temps name="in"><temp name="T6"/><temp name="T1289"/><temp name="T225"/></temps><temps name="out"><temp name="T6"/><temp name="T1289"/><temp name="T225"/></temps></instruction><instruction code="INCH  T1290, 0"><temps name="use"/><temps name="def"><temp name="T1290"/></temps><temps name="in"><temp name="T6"/><temp name="T1289"/><temp name="T225"/></temps><temps name="out"><temp name="T6"/><temp name="T1289"/><temp name="T1290"/><temp name="T225"/></temps></instruction><instruction code="SETL  T1291, 72"><temps name="use"/><temps name="def"><temp name="T1291"/></temps><temps name="in"><temp name="T6"/><temp name="T1289"/><temp name="T1290"/><temp name="T225"/></temps><temps name="out"><temp name="T6"/><temp name="T1289"/><temp name="T1290"/><temp name="T225"/></temps></instruction><instruction code="INCML T1291, 0"><temps name="use"/><temps name="def"><temp name="T1291"/></temps><temps name="in"><temp name="T6"/><temp name="T1289"/><temp name="T1290"/><temp name="T225"/></temps><temps name="out"><temp name="T6"/><temp name="T1289"/><temp name="T1290"/><temp name="T225"/></temps></instruction><instruction code="INCMH T1291, 0"><temps name="use"/><temps name="def"><temp name="T1291"/></temps><temps name="in"><temp name="T6"/><temp name="T1289"/><temp name="T1290"/><temp name="T225"/></temps><temps name="out"><temp name="T6"/><temp name="T1289"/><temp name="T1290"/><temp name="T225"/></temps></instruction><instruction code="INCH  T1291, 0"><temps name="use"/><temps name="def"><temp name="T1291"/></temps><temps name="in"><temp name="T6"/><temp name="T1289"/><temp name="T1290"/><temp name="T225"/></temps><temps name="out"><temp name="T1291"/><temp name="T6"/><temp name="T1289"/><temp name="T1290"/><temp name="T225"/></temps></instruction><instruction code="MUL T1292, T1290, T1291"><temps name="use"><temp name="T1290"/><temp name="T1291"/></temps><temps name="def"><temp name="T1292"/></temps><temps name="in"><temp name="T1291"/><temp name="T6"/><temp name="T1289"/><temp name="T1290"/><temp name="T225"/></temps><temps name="out"><temp name="T6"/><temp name="T1289"/><temp name="T1292"/><temp name="T225"/></temps></instruction><instruction code="ADD T1293, T1289, T1292"><temps name="use"><temp name="T1289"/><temp name="T1292"/></temps><temps name="def"><temp name="T1293"/></temps><temps name="in"><temp name="T6"/><temp name="T1289"/><temp name="T1292"/><temp name="T225"/></temps><temps name="out"><temp name="T6"/><temp name="T1293"/><temp name="T225"/></temps></instruction><instruction code="SETL  T1294, 3"><temps name="use"/><temps name="def"><temp name="T1294"/></temps><temps name="in"><temp name="T6"/><temp name="T1293"/><temp name="T225"/></temps><temps name="out"><temp name="T6"/><temp name="T1293"/><temp name="T225"/></temps></instruction><instruction code="INCML T1294, 0"><temps name="use"/><temps name="def"><temp name="T1294"/></temps><temps name="in"><temp name="T6"/><temp name="T1293"/><temp name="T225"/></temps><temps name="out"><temp name="T6"/><temp name="T1293"/><temp name="T225"/></temps></instruction><instruction code="INCMH T1294, 0"><temps name="use"/><temps name="def"><temp name="T1294"/></temps><temps name="in"><temp name="T6"/><temp name="T1293"/><temp name="T225"/></temps><temps name="out"><temp name="T6"/><temp name="T1293"/><temp name="T225"/></temps></instruction><instruction code="INCH  T1294, 0"><temps name="use"/><temps name="def"><temp name="T1294"/></temps><temps name="in"><temp name="T6"/><temp name="T1293"/><temp name="T225"/></temps><temps name="out"><temp name="T6"/><temp name="T1293"/><temp name="T1294"/><temp name="T225"/></temps></instruction><instruction code="SETL  T1295, 8"><temps name="use"/><temps name="def"><temp name="T1295"/></temps><temps name="in"><temp name="T6"/><temp name="T1293"/><temp name="T1294"/><temp name="T225"/></temps><temps name="out"><temp name="T6"/><temp name="T1293"/><temp name="T1294"/><temp name="T225"/></temps></instruction><instruction code="INCML T1295, 0"><temps name="use"/><temps name="def"><temp name="T1295"/></temps><temps name="in"><temp name="T6"/><temp name="T1293"/><temp name="T1294"/><temp name="T225"/></temps><temps name="out"><temp name="T6"/><temp name="T1293"/><temp name="T1294"/><temp name="T225"/></temps></instruction><instruction code="INCMH T1295, 0"><temps name="use"/><temps name="def"><temp name="T1295"/></temps><temps name="in"><temp name="T6"/><temp name="T1293"/><temp name="T1294"/><temp name="T225"/></temps><temps name="out"><temp name="T6"/><temp name="T1293"/><temp name="T1294"/><temp name="T225"/></temps></instruction><instruction code="INCH  T1295, 0"><temps name="use"/><temps name="def"><temp name="T1295"/></temps><temps name="in"><temp name="T6"/><temp name="T1293"/><temp name="T1294"/><temp name="T225"/></temps><temps name="out"><temp name="T6"/><temp name="T1295"/><temp name="T1293"/><temp name="T1294"/><temp name="T225"/></temps></instruction><instruction code="MUL T1296, T1294, T1295"><temps name="use"><temp name="T1294"/><temp name="T1295"/></temps><temps name="def"><temp name="T1296"/></temps><temps name="in"><temp name="T6"/><temp name="T1295"/><temp name="T1293"/><temp name="T1294"/><temp name="T225"/></temps><temps name="out"><temp name="T1296"/><temp name="T6"/><temp name="T1293"/><temp name="T225"/></temps></instruction><instruction code="ADD T1297, T1293, T1296"><temps name="use"><temp name="T1293"/><temp name="T1296"/></temps><temps name="def"><temp name="T1297"/></temps><temps name="in"><temp name="T1296"/><temp name="T6"/><temp name="T1293"/><temp name="T225"/></temps><temps name="out"><temp name="T1297"/><temp name="T6"/><temp name="T225"/></temps></instruction><instruction code="STO T1297, T225, 0"><temps name="use"><temp name="T1297"/><temp name="T225"/></temps><temps name="def"/><temps name="in"><temp name="T1297"/><temp name="T6"/><temp name="T225"/></temps><temps name="out"><temp name="T6"/></temps></instruction><instruction code="SETL  T1299, 0"><temps name="use"/><temps name="def"><temp name="T1299"/></temps><temps name="in"><temp name="T6"/></temps><temps name="out"><temp name="T6"/></temps></instruction><instruction code="INCML T1299, 0"><temps name="use"/><temps name="def"><temp name="T1299"/></temps><temps name="in"><temp name="T6"/></temps><temps name="out"><temp name="T6"/></temps></instruction><instruction code="INCMH T1299, 0"><temps name="use"/><temps name="def"><temp name="T1299"/></temps><temps name="in"><temp name="T6"/></temps><temps name="out"><temp name="T6"/></temps></instruction><instruction code="INCH  T1299, 0"><temps name="use"/><temps name="def"><temp name="T1299"/></temps><temps name="in"><temp name="T6"/></temps><temps name="out"><temp name="T6"/><temp name="T1299"/></temps></instruction><instruction code="OR T226, T1299, 0"><temps name="use"><temp name="T1299"/></temps><temps name="def"><temp name="T226"/></temps><temps name="in"><temp name="T6"/><temp name="T1299"/></temps><temps name="out"><temp name="T226"/><temp name="T6"/></temps></instruction><instruction code="SETL  T1300, 664"><temps name="use"/><temps name="def"><temp name="T1300"/></temps><temps name="in"><temp name="T226"/><temp name="T6"/></temps><temps name="out"><temp name="T226"/><temp name="T6"/></temps></instruction><instruction code="INCML T1300, 0"><temps name="use"/><temps name="def"><temp name="T1300"/></temps><temps name="in"><temp name="T226"/><temp name="T6"/></temps><temps name="out"><temp name="T226"/><temp name="T6"/></temps></instruction><instruction code="INCMH T1300, 0"><temps name="use"/><temps name="def"><temp name="T1300"/></temps><temps name="in"><temp name="T226"/><temp name="T6"/></temps><temps name="out"><temp name="T226"/><temp name="T6"/></temps></instruction><instruction code="INCH  T1300, 0"><temps name="use"/><temps name="def"><temp name="T1300"/></temps><temps name="in"><temp name="T226"/><temp name="T6"/></temps><temps name="out"><temp name="T226"/><temp name="T1300"/><temp name="T6"/></temps></instruction><instruction code="NEG T1300, 0, T1300"><temps name="use"><temp name="T1300"/></temps><temps name="def"><temp name="T1300"/></temps><temps name="in"><temp name="T226"/><temp name="T1300"/><temp name="T6"/></temps><temps name="out"><temp name="T226"/><temp name="T1300"/><temp name="T6"/></temps></instruction><instruction code="ADD T1301, T6, T1300"><temps name="use"><temp name="T6"/><temp name="T1300"/></temps><temps name="def"><temp name="T1301"/></temps><temps name="in"><temp name="T226"/><temp name="T1300"/><temp name="T6"/></temps><temps name="out"><temp name="T226"/><temp name="T6"/><temp name="T1301"/></temps></instruction><instruction code="SETL  T1302, 0"><temps name="use"/><temps name="def"><temp name="T1302"/></temps><temps name="in"><temp name="T226"/><temp name="T6"/><temp name="T1301"/></temps><temps name="out"><temp name="T226"/><temp name="T6"/><temp name="T1301"/></temps></instruction><instruction code="INCML T1302, 0"><temps name="use"/><temps name="def"><temp name="T1302"/></temps><temps name="in"><temp name="T226"/><temp name="T6"/><temp name="T1301"/></temps><temps name="out"><temp name="T226"/><temp name="T6"/><temp name="T1301"/></temps></instruction><instruction code="INCMH T1302, 0"><temps name="use"/><temps name="def"><temp name="T1302"/></temps><temps name="in"><temp name="T226"/><temp name="T6"/><temp name="T1301"/></temps><temps name="out"><temp name="T226"/><temp name="T6"/><temp name="T1301"/></temps></instruction><instruction code="INCH  T1302, 0"><temps name="use"/><temps name="def"><temp name="T1302"/></temps><temps name="in"><temp name="T226"/><temp name="T6"/><temp name="T1301"/></temps><temps name="out"><temp name="T226"/><temp name="T6"/><temp name="T1302"/><temp name="T1301"/></temps></instruction><instruction code="SETL  T1303, 72"><temps name="use"/><temps name="def"><temp name="T1303"/></temps><temps name="in"><temp name="T226"/><temp name="T6"/><temp name="T1302"/><temp name="T1301"/></temps><temps name="out"><temp name="T226"/><temp name="T6"/><temp name="T1302"/><temp name="T1301"/></temps></instruction><instruction code="INCML T1303, 0"><temps name="use"/><temps name="def"><temp name="T1303"/></temps><temps name="in"><temp name="T226"/><temp name="T6"/><temp name="T1302"/><temp name="T1301"/></temps><temps name="out"><temp name="T226"/><temp name="T6"/><temp name="T1302"/><temp name="T1301"/></temps></instruction><instruction code="INCMH T1303, 0"><temps name="use"/><temps name="def"><temp name="T1303"/></temps><temps name="in"><temp name="T226"/><temp name="T6"/><temp name="T1302"/><temp name="T1301"/></temps><temps name="out"><temp name="T226"/><temp name="T6"/><temp name="T1302"/><temp name="T1301"/></temps></instruction><instruction code="INCH  T1303, 0"><temps name="use"/><temps name="def"><temp name="T1303"/></temps><temps name="in"><temp name="T226"/><temp name="T6"/><temp name="T1302"/><temp name="T1301"/></temps><temps name="out"><temp name="T226"/><temp name="T6"/><temp name="T1303"/><temp name="T1302"/><temp name="T1301"/></temps></instruction><instruction code="MUL T1304, T1302, T1303"><temps name="use"><temp name="T1302"/><temp name="T1303"/></temps><temps name="def"><temp name="T1304"/></temps><temps name="in"><temp name="T226"/><temp name="T6"/><temp name="T1303"/><temp name="T1302"/><temp name="T1301"/></temps><temps name="out"><temp name="T226"/><temp name="T6"/><temp name="T1304"/><temp name="T1301"/></temps></instruction><instruction code="ADD T1305, T1301, T1304"><temps name="use"><temp name="T1301"/><temp name="T1304"/></temps><temps name="def"><temp name="T1305"/></temps><temps name="in"><temp name="T226"/><temp name="T6"/><temp name="T1304"/><temp name="T1301"/></temps><temps name="out"><temp name="T226"/><temp name="T1305"/><temp name="T6"/></temps></instruction><instruction code="SETL  T1306, 4"><temps name="use"/><temps name="def"><temp name="T1306"/></temps><temps name="in"><temp name="T226"/><temp name="T1305"/><temp name="T6"/></temps><temps name="out"><temp name="T226"/><temp name="T1305"/><temp name="T6"/></temps></instruction><instruction code="INCML T1306, 0"><temps name="use"/><temps name="def"><temp name="T1306"/></temps><temps name="in"><temp name="T226"/><temp name="T1305"/><temp name="T6"/></temps><temps name="out"><temp name="T226"/><temp name="T1305"/><temp name="T6"/></temps></instruction><instruction code="INCMH T1306, 0"><temps name="use"/><temps name="def"><temp name="T1306"/></temps><temps name="in"><temp name="T226"/><temp name="T1305"/><temp name="T6"/></temps><temps name="out"><temp name="T226"/><temp name="T1305"/><temp name="T6"/></temps></instruction><instruction code="INCH  T1306, 0"><temps name="use"/><temps name="def"><temp name="T1306"/></temps><temps name="in"><temp name="T226"/><temp name="T1305"/><temp name="T6"/></temps><temps name="out"><temp name="T226"/><temp name="T1305"/><temp name="T6"/><temp name="T1306"/></temps></instruction><instruction code="SETL  T1307, 8"><temps name="use"/><temps name="def"><temp name="T1307"/></temps><temps name="in"><temp name="T226"/><temp name="T1305"/><temp name="T6"/><temp name="T1306"/></temps><temps name="out"><temp name="T226"/><temp name="T1305"/><temp name="T6"/><temp name="T1306"/></temps></instruction><instruction code="INCML T1307, 0"><temps name="use"/><temps name="def"><temp name="T1307"/></temps><temps name="in"><temp name="T226"/><temp name="T1305"/><temp name="T6"/><temp name="T1306"/></temps><temps name="out"><temp name="T226"/><temp name="T1305"/><temp name="T6"/><temp name="T1306"/></temps></instruction><instruction code="INCMH T1307, 0"><temps name="use"/><temps name="def"><temp name="T1307"/></temps><temps name="in"><temp name="T226"/><temp name="T1305"/><temp name="T6"/><temp name="T1306"/></temps><temps name="out"><temp name="T226"/><temp name="T1305"/><temp name="T6"/><temp name="T1306"/></temps></instruction><instruction code="INCH  T1307, 0"><temps name="use"/><temps name="def"><temp name="T1307"/></temps><temps name="in"><temp name="T226"/><temp name="T1305"/><temp name="T6"/><temp name="T1306"/></temps><temps name="out"><temp name="T226"/><temp name="T1305"/><temp name="T6"/><temp name="T1306"/><temp name="T1307"/></temps></instruction><instruction code="MUL T1308, T1306, T1307"><temps name="use"><temp name="T1306"/><temp name="T1307"/></temps><temps name="def"><temp name="T1308"/></temps><temps name="in"><temp name="T226"/><temp name="T1305"/><temp name="T6"/><temp name="T1306"/><temp name="T1307"/></temps><temps name="out"><temp name="T226"/><temp name="T1305"/><temp name="T6"/><temp name="T1308"/></temps></instruction><instruction code="ADD T1309, T1305, T1308"><temps name="use"><temp name="T1305"/><temp name="T1308"/></temps><temps name="def"><temp name="T1309"/></temps><temps name="in"><temp name="T226"/><temp name="T1305"/><temp name="T6"/><temp name="T1308"/></temps><temps name="out"><temp name="T226"/><temp name="T6"/><temp name="T1309"/></temps></instruction><instruction code="STO T1309, T226, 0"><temps name="use"><temp name="T1309"/><temp name="T226"/></temps><temps name="def"/><temps name="in"><temp name="T226"/><temp name="T6"/><temp name="T1309"/></temps><temps name="out"><temp name="T6"/></temps></instruction><instruction code="SETL  T1311, 0"><temps name="use"/><temps name="def"><temp name="T1311"/></temps><temps name="in"><temp name="T6"/></temps><temps name="out"><temp name="T6"/></temps></instruction><instruction code="INCML T1311, 0"><temps name="use"/><temps name="def"><temp name="T1311"/></temps><temps name="in"><temp name="T6"/></temps><temps name="out"><temp name="T6"/></temps></instruction><instruction code="INCMH T1311, 0"><temps name="use"/><temps name="def"><temp name="T1311"/></temps><temps name="in"><temp name="T6"/></temps><temps name="out"><temp name="T6"/></temps></instruction><instruction code="INCH  T1311, 0"><temps name="use"/><temps name="def"><temp name="T1311"/></temps><temps name="in"><temp name="T6"/></temps><temps name="out"><temp name="T6"/><temp name="T1311"/></temps></instruction><instruction code="OR T227, T1311, 0"><temps name="use"><temp name="T1311"/></temps><temps name="def"><temp name="T227"/></temps><temps name="in"><temp name="T6"/><temp name="T1311"/></temps><temps name="out"><temp name="T6"/><temp name="T227"/></temps></instruction><instruction code="SETL  T1312, 664"><temps name="use"/><temps name="def"><temp name="T1312"/></temps><temps name="in"><temp name="T6"/><temp name="T227"/></temps><temps name="out"><temp name="T6"/><temp name="T227"/></temps></instruction><instruction code="INCML T1312, 0"><temps name="use"/><temps name="def"><temp name="T1312"/></temps><temps name="in"><temp name="T6"/><temp name="T227"/></temps><temps name="out"><temp name="T6"/><temp name="T227"/></temps></instruction><instruction code="INCMH T1312, 0"><temps name="use"/><temps name="def"><temp name="T1312"/></temps><temps name="in"><temp name="T6"/><temp name="T227"/></temps><temps name="out"><temp name="T6"/><temp name="T227"/></temps></instruction><instruction code="INCH  T1312, 0"><temps name="use"/><temps name="def"><temp name="T1312"/></temps><temps name="in"><temp name="T6"/><temp name="T227"/></temps><temps name="out"><temp name="T1312"/><temp name="T6"/><temp name="T227"/></temps></instruction><instruction code="NEG T1312, 0, T1312"><temps name="use"><temp name="T1312"/></temps><temps name="def"><temp name="T1312"/></temps><temps name="in"><temp name="T1312"/><temp name="T6"/><temp name="T227"/></temps><temps name="out"><temp name="T1312"/><temp name="T6"/><temp name="T227"/></temps></instruction><instruction code="ADD T1313, T6, T1312"><temps name="use"><temp name="T6"/><temp name="T1312"/></temps><temps name="def"><temp name="T1313"/></temps><temps name="in"><temp name="T1312"/><temp name="T6"/><temp name="T227"/></temps><temps name="out"><temp name="T6"/><temp name="T1313"/><temp name="T227"/></temps></instruction><instruction code="SETL  T1314, 0"><temps name="use"/><temps name="def"><temp name="T1314"/></temps><temps name="in"><temp name="T6"/><temp name="T1313"/><temp name="T227"/></temps><temps name="out"><temp name="T6"/><temp name="T1313"/><temp name="T227"/></temps></instruction><instruction code="INCML T1314, 0"><temps name="use"/><temps name="def"><temp name="T1314"/></temps><temps name="in"><temp name="T6"/><temp name="T1313"/><temp name="T227"/></temps><temps name="out"><temp name="T6"/><temp name="T1313"/><temp name="T227"/></temps></instruction><instruction code="INCMH T1314, 0"><temps name="use"/><temps name="def"><temp name="T1314"/></temps><temps name="in"><temp name="T6"/><temp name="T1313"/><temp name="T227"/></temps><temps name="out"><temp name="T6"/><temp name="T1313"/><temp name="T227"/></temps></instruction><instruction code="INCH  T1314, 0"><temps name="use"/><temps name="def"><temp name="T1314"/></temps><temps name="in"><temp name="T6"/><temp name="T1313"/><temp name="T227"/></temps><temps name="out"><temp name="T6"/><temp name="T1314"/><temp name="T1313"/><temp name="T227"/></temps></instruction><instruction code="SETL  T1315, 72"><temps name="use"/><temps name="def"><temp name="T1315"/></temps><temps name="in"><temp name="T6"/><temp name="T1314"/><temp name="T1313"/><temp name="T227"/></temps><temps name="out"><temp name="T6"/><temp name="T1314"/><temp name="T1313"/><temp name="T227"/></temps></instruction><instruction code="INCML T1315, 0"><temps name="use"/><temps name="def"><temp name="T1315"/></temps><temps name="in"><temp name="T6"/><temp name="T1314"/><temp name="T1313"/><temp name="T227"/></temps><temps name="out"><temp name="T6"/><temp name="T1314"/><temp name="T1313"/><temp name="T227"/></temps></instruction><instruction code="INCMH T1315, 0"><temps name="use"/><temps name="def"><temp name="T1315"/></temps><temps name="in"><temp name="T6"/><temp name="T1314"/><temp name="T1313"/><temp name="T227"/></temps><temps name="out"><temp name="T6"/><temp name="T1314"/><temp name="T1313"/><temp name="T227"/></temps></instruction><instruction code="INCH  T1315, 0"><temps name="use"/><temps name="def"><temp name="T1315"/></temps><temps name="in"><temp name="T6"/><temp name="T1314"/><temp name="T1313"/><temp name="T227"/></temps><temps name="out"><temp name="T6"/><temp name="T1314"/><temp name="T1313"/><temp name="T1315"/><temp name="T227"/></temps></instruction><instruction code="MUL T1316, T1314, T1315"><temps name="use"><temp name="T1314"/><temp name="T1315"/></temps><temps name="def"><temp name="T1316"/></temps><temps name="in"><temp name="T6"/><temp name="T1314"/><temp name="T1313"/><temp name="T1315"/><temp name="T227"/></temps><temps name="out"><temp name="T1316"/><temp name="T6"/><temp name="T1313"/><temp name="T227"/></temps></instruction><instruction code="ADD T1317, T1313, T1316"><temps name="use"><temp name="T1313"/><temp name="T1316"/></temps><temps name="def"><temp name="T1317"/></temps><temps name="in"><temp name="T1316"/><temp name="T6"/><temp name="T1313"/><temp name="T227"/></temps><temps name="out"><temp name="T6"/><temp name="T1317"/><temp name="T227"/></temps></instruction><instruction code="SETL  T1318, 5"><temps name="use"/><temps name="def"><temp name="T1318"/></temps><temps name="in"><temp name="T6"/><temp name="T1317"/><temp name="T227"/></temps><temps name="out"><temp name="T6"/><temp name="T1317"/><temp name="T227"/></temps></instruction><instruction code="INCML T1318, 0"><temps name="use"/><temps name="def"><temp name="T1318"/></temps><temps name="in"><temp name="T6"/><temp name="T1317"/><temp name="T227"/></temps><temps name="out"><temp name="T6"/><temp name="T1317"/><temp name="T227"/></temps></instruction><instruction code="INCMH T1318, 0"><temps name="use"/><temps name="def"><temp name="T1318"/></temps><temps name="in"><temp name="T6"/><temp name="T1317"/><temp name="T227"/></temps><temps name="out"><temp name="T6"/><temp name="T1317"/><temp name="T227"/></temps></instruction><instruction code="INCH  T1318, 0"><temps name="use"/><temps name="def"><temp name="T1318"/></temps><temps name="in"><temp name="T6"/><temp name="T1317"/><temp name="T227"/></temps><temps name="out"><temp name="T1318"/><temp name="T6"/><temp name="T1317"/><temp name="T227"/></temps></instruction><instruction code="SETL  T1319, 8"><temps name="use"/><temps name="def"><temp name="T1319"/></temps><temps name="in"><temp name="T1318"/><temp name="T6"/><temp name="T1317"/><temp name="T227"/></temps><temps name="out"><temp name="T1318"/><temp name="T6"/><temp name="T1317"/><temp name="T227"/></temps></instruction><instruction code="INCML T1319, 0"><temps name="use"/><temps name="def"><temp name="T1319"/></temps><temps name="in"><temp name="T1318"/><temp name="T6"/><temp name="T1317"/><temp name="T227"/></temps><temps name="out"><temp name="T1318"/><temp name="T6"/><temp name="T1317"/><temp name="T227"/></temps></instruction><instruction code="INCMH T1319, 0"><temps name="use"/><temps name="def"><temp name="T1319"/></temps><temps name="in"><temp name="T1318"/><temp name="T6"/><temp name="T1317"/><temp name="T227"/></temps><temps name="out"><temp name="T1318"/><temp name="T6"/><temp name="T1317"/><temp name="T227"/></temps></instruction><instruction code="INCH  T1319, 0"><temps name="use"/><temps name="def"><temp name="T1319"/></temps><temps name="in"><temp name="T1318"/><temp name="T6"/><temp name="T1317"/><temp name="T227"/></temps><temps name="out"><temp name="T1318"/><temp name="T6"/><temp name="T1319"/><temp name="T1317"/><temp name="T227"/></temps></instruction><instruction code="MUL T1320, T1318, T1319"><temps name="use"><temp name="T1318"/><temp name="T1319"/></temps><temps name="def"><temp name="T1320"/></temps><temps name="in"><temp name="T1318"/><temp name="T6"/><temp name="T1319"/><temp name="T1317"/><temp name="T227"/></temps><temps name="out"><temp name="T6"/><temp name="T1320"/><temp name="T1317"/><temp name="T227"/></temps></instruction><instruction code="ADD T1321, T1317, T1320"><temps name="use"><temp name="T1317"/><temp name="T1320"/></temps><temps name="def"><temp name="T1321"/></temps><temps name="in"><temp name="T6"/><temp name="T1320"/><temp name="T1317"/><temp name="T227"/></temps><temps name="out"><temp name="T6"/><temp name="T1321"/><temp name="T227"/></temps></instruction><instruction code="STO T1321, T227, 0"><temps name="use"><temp name="T1321"/><temp name="T227"/></temps><temps name="def"/><temps name="in"><temp name="T6"/><temp name="T1321"/><temp name="T227"/></temps><temps name="out"><temp name="T6"/></temps></instruction><instruction code="SETL  T1323, 0"><temps name="use"/><temps name="def"><temp name="T1323"/></temps><temps name="in"><temp name="T6"/></temps><temps name="out"><temp name="T6"/></temps></instruction><instruction code="INCML T1323, 0"><temps name="use"/><temps name="def"><temp name="T1323"/></temps><temps name="in"><temp name="T6"/></temps><temps name="out"><temp name="T6"/></temps></instruction><instruction code="INCMH T1323, 0"><temps name="use"/><temps name="def"><temp name="T1323"/></temps><temps name="in"><temp name="T6"/></temps><temps name="out"><temp name="T6"/></temps></instruction><instruction code="INCH  T1323, 0"><temps name="use"/><temps name="def"><temp name="T1323"/></temps><temps name="in"><temp name="T6"/></temps><temps name="out"><temp name="T6"/><temp name="T1323"/></temps></instruction><instruction code="OR T228, T1323, 0"><temps name="use"><temp name="T1323"/></temps><temps name="def"><temp name="T228"/></temps><temps name="in"><temp name="T6"/><temp name="T1323"/></temps><temps name="out"><temp name="T6"/><temp name="T228"/></temps></instruction><instruction code="SETL  T1324, 664"><temps name="use"/><temps name="def"><temp name="T1324"/></temps><temps name="in"><temp name="T6"/><temp name="T228"/></temps><temps name="out"><temp name="T6"/><temp name="T228"/></temps></instruction><instruction code="INCML T1324, 0"><temps name="use"/><temps name="def"><temp name="T1324"/></temps><temps name="in"><temp name="T6"/><temp name="T228"/></temps><temps name="out"><temp name="T6"/><temp name="T228"/></temps></instruction><instruction code="INCMH T1324, 0"><temps name="use"/><temps name="def"><temp name="T1324"/></temps><temps name="in"><temp name="T6"/><temp name="T228"/></temps><temps name="out"><temp name="T6"/><temp name="T228"/></temps></instruction><instruction code="INCH  T1324, 0"><temps name="use"/><temps name="def"><temp name="T1324"/></temps><temps name="in"><temp name="T6"/><temp name="T228"/></temps><temps name="out"><temp name="T6"/><temp name="T1324"/><temp name="T228"/></temps></instruction><instruction code="NEG T1324, 0, T1324"><temps name="use"><temp name="T1324"/></temps><temps name="def"><temp name="T1324"/></temps><temps name="in"><temp name="T6"/><temp name="T1324"/><temp name="T228"/></temps><temps name="out"><temp name="T6"/><temp name="T1324"/><temp name="T228"/></temps></instruction><instruction code="ADD T1325, T6, T1324"><temps name="use"><temp name="T6"/><temp name="T1324"/></temps><temps name="def"><temp name="T1325"/></temps><temps name="in"><temp name="T6"/><temp name="T1324"/><temp name="T228"/></temps><temps name="out"><temp name="T1325"/><temp name="T6"/><temp name="T228"/></temps></instruction><instruction code="SETL  T1326, 0"><temps name="use"/><temps name="def"><temp name="T1326"/></temps><temps name="in"><temp name="T1325"/><temp name="T6"/><temp name="T228"/></temps><temps name="out"><temp name="T1325"/><temp name="T6"/><temp name="T228"/></temps></instruction><instruction code="INCML T1326, 0"><temps name="use"/><temps name="def"><temp name="T1326"/></temps><temps name="in"><temp name="T1325"/><temp name="T6"/><temp name="T228"/></temps><temps name="out"><temp name="T1325"/><temp name="T6"/><temp name="T228"/></temps></instruction><instruction code="INCMH T1326, 0"><temps name="use"/><temps name="def"><temp name="T1326"/></temps><temps name="in"><temp name="T1325"/><temp name="T6"/><temp name="T228"/></temps><temps name="out"><temp name="T1325"/><temp name="T6"/><temp name="T228"/></temps></instruction><instruction code="INCH  T1326, 0"><temps name="use"/><temps name="def"><temp name="T1326"/></temps><temps name="in"><temp name="T1325"/><temp name="T6"/><temp name="T228"/></temps><temps name="out"><temp name="T1325"/><temp name="T6"/><temp name="T228"/><temp name="T1326"/></temps></instruction><instruction code="SETL  T1327, 72"><temps name="use"/><temps name="def"><temp name="T1327"/></temps><temps name="in"><temp name="T1325"/><temp name="T6"/><temp name="T228"/><temp name="T1326"/></temps><temps name="out"><temp name="T1325"/><temp name="T6"/><temp name="T228"/><temp name="T1326"/></temps></instruction><instruction code="INCML T1327, 0"><temps name="use"/><temps name="def"><temp name="T1327"/></temps><temps name="in"><temp name="T1325"/><temp name="T6"/><temp name="T228"/><temp name="T1326"/></temps><temps name="out"><temp name="T1325"/><temp name="T6"/><temp name="T228"/><temp name="T1326"/></temps></instruction><instruction code="INCMH T1327, 0"><temps name="use"/><temps name="def"><temp name="T1327"/></temps><temps name="in"><temp name="T1325"/><temp name="T6"/><temp name="T228"/><temp name="T1326"/></temps><temps name="out"><temp name="T1325"/><temp name="T6"/><temp name="T228"/><temp name="T1326"/></temps></instruction><instruction code="INCH  T1327, 0"><temps name="use"/><temps name="def"><temp name="T1327"/></temps><temps name="in"><temp name="T1325"/><temp name="T6"/><temp name="T228"/><temp name="T1326"/></temps><temps name="out"><temp name="T1325"/><temp name="T6"/><temp name="T228"/><temp name="T1327"/><temp name="T1326"/></temps></instruction><instruction code="MUL T1328, T1326, T1327"><temps name="use"><temp name="T1326"/><temp name="T1327"/></temps><temps name="def"><temp name="T1328"/></temps><temps name="in"><temp name="T1325"/><temp name="T6"/><temp name="T228"/><temp name="T1327"/><temp name="T1326"/></temps><temps name="out"><temp name="T1325"/><temp name="T6"/><temp name="T228"/><temp name="T1328"/></temps></instruction><instruction code="ADD T1329, T1325, T1328"><temps name="use"><temp name="T1325"/><temp name="T1328"/></temps><temps name="def"><temp name="T1329"/></temps><temps name="in"><temp name="T1325"/><temp name="T6"/><temp name="T228"/><temp name="T1328"/></temps><temps name="out"><temp name="T1329"/><temp name="T6"/><temp name="T228"/></temps></instruction><instruction code="SETL  T1330, 6"><temps name="use"/><temps name="def"><temp name="T1330"/></temps><temps name="in"><temp name="T1329"/><temp name="T6"/><temp name="T228"/></temps><temps name="out"><temp name="T1329"/><temp name="T6"/><temp name="T228"/></temps></instruction><instruction code="INCML T1330, 0"><temps name="use"/><temps name="def"><temp name="T1330"/></temps><temps name="in"><temp name="T1329"/><temp name="T6"/><temp name="T228"/></temps><temps name="out"><temp name="T1329"/><temp name="T6"/><temp name="T228"/></temps></instruction><instruction code="INCMH T1330, 0"><temps name="use"/><temps name="def"><temp name="T1330"/></temps><temps name="in"><temp name="T1329"/><temp name="T6"/><temp name="T228"/></temps><temps name="out"><temp name="T1329"/><temp name="T6"/><temp name="T228"/></temps></instruction><instruction code="INCH  T1330, 0"><temps name="use"/><temps name="def"><temp name="T1330"/></temps><temps name="in"><temp name="T1329"/><temp name="T6"/><temp name="T228"/></temps><temps name="out"><temp name="T1329"/><temp name="T6"/><temp name="T228"/><temp name="T1330"/></temps></instruction><instruction code="SETL  T1331, 8"><temps name="use"/><temps name="def"><temp name="T1331"/></temps><temps name="in"><temp name="T1329"/><temp name="T6"/><temp name="T228"/><temp name="T1330"/></temps><temps name="out"><temp name="T1329"/><temp name="T6"/><temp name="T228"/><temp name="T1330"/></temps></instruction><instruction code="INCML T1331, 0"><temps name="use"/><temps name="def"><temp name="T1331"/></temps><temps name="in"><temp name="T1329"/><temp name="T6"/><temp name="T228"/><temp name="T1330"/></temps><temps name="out"><temp name="T1329"/><temp name="T6"/><temp name="T228"/><temp name="T1330"/></temps></instruction><instruction code="INCMH T1331, 0"><temps name="use"/><temps name="def"><temp name="T1331"/></temps><temps name="in"><temp name="T1329"/><temp name="T6"/><temp name="T228"/><temp name="T1330"/></temps><temps name="out"><temp name="T1329"/><temp name="T6"/><temp name="T228"/><temp name="T1330"/></temps></instruction><instruction code="INCH  T1331, 0"><temps name="use"/><temps name="def"><temp name="T1331"/></temps><temps name="in"><temp name="T1329"/><temp name="T6"/><temp name="T228"/><temp name="T1330"/></temps><temps name="out"><temp name="T1329"/><temp name="T1331"/><temp name="T6"/><temp name="T228"/><temp name="T1330"/></temps></instruction><instruction code="MUL T1332, T1330, T1331"><temps name="use"><temp name="T1330"/><temp name="T1331"/></temps><temps name="def"><temp name="T1332"/></temps><temps name="in"><temp name="T1329"/><temp name="T1331"/><temp name="T6"/><temp name="T228"/><temp name="T1330"/></temps><temps name="out"><temp name="T1329"/><temp name="T6"/><temp name="T228"/><temp name="T1332"/></temps></instruction><instruction code="ADD T1333, T1329, T1332"><temps name="use"><temp name="T1329"/><temp name="T1332"/></temps><temps name="def"><temp name="T1333"/></temps><temps name="in"><temp name="T1329"/><temp name="T6"/><temp name="T228"/><temp name="T1332"/></temps><temps name="out"><temp name="T6"/><temp name="T228"/><temp name="T1333"/></temps></instruction><instruction code="STO T1333, T228, 0"><temps name="use"><temp name="T1333"/><temp name="T228"/></temps><temps name="def"/><temps name="in"><temp name="T6"/><temp name="T228"/><temp name="T1333"/></temps><temps name="out"><temp name="T6"/></temps></instruction><instruction code="SETL  T1335, 9"><temps name="use"/><temps name="def"><temp name="T1335"/></temps><temps name="in"><temp name="T6"/></temps><temps name="out"><temp name="T6"/></temps></instruction><instruction code="INCML T1335, 0"><temps name="use"/><temps name="def"><temp name="T1335"/></temps><temps name="in"><temp name="T6"/></temps><temps name="out"><temp name="T6"/></temps></instruction><instruction code="INCMH T1335, 0"><temps name="use"/><temps name="def"><temp name="T1335"/></temps><temps name="in"><temp name="T6"/></temps><temps name="out"><temp name="T6"/></temps></instruction><instruction code="INCH  T1335, 0"><temps name="use"/><temps name="def"><temp name="T1335"/></temps><temps name="in"><temp name="T6"/></temps><temps name="out"><temp name="T1335"/><temp name="T6"/></temps></instruction><instruction code="OR T229, T1335, 0"><temps name="use"><temp name="T1335"/></temps><temps name="def"><temp name="T229"/></temps><temps name="in"><temp name="T1335"/><temp name="T6"/></temps><temps name="out"><temp name="T6"/><temp name="T229"/></temps></instruction><instruction code="SETL  T1336, 664"><temps name="use"/><temps name="def"><temp name="T1336"/></temps><temps name="in"><temp name="T6"/><temp name="T229"/></temps><temps name="out"><temp name="T6"/><temp name="T229"/></temps></instruction><instruction code="INCML T1336, 0"><temps name="use"/><temps name="def"><temp name="T1336"/></temps><temps name="in"><temp name="T6"/><temp name="T229"/></temps><temps name="out"><temp name="T6"/><temp name="T229"/></temps></instruction><instruction code="INCMH T1336, 0"><temps name="use"/><temps name="def"><temp name="T1336"/></temps><temps name="in"><temp name="T6"/><temp name="T229"/></temps><temps name="out"><temp name="T6"/><temp name="T229"/></temps></instruction><instruction code="INCH  T1336, 0"><temps name="use"/><temps name="def"><temp name="T1336"/></temps><temps name="in"><temp name="T6"/><temp name="T229"/></temps><temps name="out"><temp name="T1336"/><temp name="T6"/><temp name="T229"/></temps></instruction><instruction code="NEG T1336, 0, T1336"><temps name="use"><temp name="T1336"/></temps><temps name="def"><temp name="T1336"/></temps><temps name="in"><temp name="T1336"/><temp name="T6"/><temp name="T229"/></temps><temps name="out"><temp name="T1336"/><temp name="T6"/><temp name="T229"/></temps></instruction><instruction code="ADD T1337, T6, T1336"><temps name="use"><temp name="T6"/><temp name="T1336"/></temps><temps name="def"><temp name="T1337"/></temps><temps name="in"><temp name="T1336"/><temp name="T6"/><temp name="T229"/></temps><temps name="out"><temp name="T6"/><temp name="T229"/><temp name="T1337"/></temps></instruction><instruction code="SETL  T1338, 0"><temps name="use"/><temps name="def"><temp name="T1338"/></temps><temps name="in"><temp name="T6"/><temp name="T229"/><temp name="T1337"/></temps><temps name="out"><temp name="T6"/><temp name="T229"/><temp name="T1337"/></temps></instruction><instruction code="INCML T1338, 0"><temps name="use"/><temps name="def"><temp name="T1338"/></temps><temps name="in"><temp name="T6"/><temp name="T229"/><temp name="T1337"/></temps><temps name="out"><temp name="T6"/><temp name="T229"/><temp name="T1337"/></temps></instruction><instruction code="INCMH T1338, 0"><temps name="use"/><temps name="def"><temp name="T1338"/></temps><temps name="in"><temp name="T6"/><temp name="T229"/><temp name="T1337"/></temps><temps name="out"><temp name="T6"/><temp name="T229"/><temp name="T1337"/></temps></instruction><instruction code="INCH  T1338, 0"><temps name="use"/><temps name="def"><temp name="T1338"/></temps><temps name="in"><temp name="T6"/><temp name="T229"/><temp name="T1337"/></temps><temps name="out"><temp name="T1338"/><temp name="T6"/><temp name="T229"/><temp name="T1337"/></temps></instruction><instruction code="SETL  T1339, 72"><temps name="use"/><temps name="def"><temp name="T1339"/></temps><temps name="in"><temp name="T1338"/><temp name="T6"/><temp name="T229"/><temp name="T1337"/></temps><temps name="out"><temp name="T1338"/><temp name="T6"/><temp name="T229"/><temp name="T1337"/></temps></instruction><instruction code="INCML T1339, 0"><temps name="use"/><temps name="def"><temp name="T1339"/></temps><temps name="in"><temp name="T1338"/><temp name="T6"/><temp name="T229"/><temp name="T1337"/></temps><temps name="out"><temp name="T1338"/><temp name="T6"/><temp name="T229"/><temp name="T1337"/></temps></instruction><instruction code="INCMH T1339, 0"><temps name="use"/><temps name="def"><temp name="T1339"/></temps><temps name="in"><temp name="T1338"/><temp name="T6"/><temp name="T229"/><temp name="T1337"/></temps><temps name="out"><temp name="T1338"/><temp name="T6"/><temp name="T229"/><temp name="T1337"/></temps></instruction><instruction code="INCH  T1339, 0"><temps name="use"/><temps name="def"><temp name="T1339"/></temps><temps name="in"><temp name="T1338"/><temp name="T6"/><temp name="T229"/><temp name="T1337"/></temps><temps name="out"><temp name="T1338"/><temp name="T6"/><temp name="T1339"/><temp name="T229"/><temp name="T1337"/></temps></instruction><instruction code="MUL T1340, T1338, T1339"><temps name="use"><temp name="T1338"/><temp name="T1339"/></temps><temps name="def"><temp name="T1340"/></temps><temps name="in"><temp name="T1338"/><temp name="T6"/><temp name="T1339"/><temp name="T229"/><temp name="T1337"/></temps><temps name="out"><temp name="T6"/><temp name="T1340"/><temp name="T229"/><temp name="T1337"/></temps></instruction><instruction code="ADD T1341, T1337, T1340"><temps name="use"><temp name="T1337"/><temp name="T1340"/></temps><temps name="def"><temp name="T1341"/></temps><temps name="in"><temp name="T6"/><temp name="T1340"/><temp name="T229"/><temp name="T1337"/></temps><temps name="out"><temp name="T6"/><temp name="T1341"/><temp name="T229"/></temps></instruction><instruction code="SETL  T1342, 7"><temps name="use"/><temps name="def"><temp name="T1342"/></temps><temps name="in"><temp name="T6"/><temp name="T1341"/><temp name="T229"/></temps><temps name="out"><temp name="T6"/><temp name="T1341"/><temp name="T229"/></temps></instruction><instruction code="INCML T1342, 0"><temps name="use"/><temps name="def"><temp name="T1342"/></temps><temps name="in"><temp name="T6"/><temp name="T1341"/><temp name="T229"/></temps><temps name="out"><temp name="T6"/><temp name="T1341"/><temp name="T229"/></temps></instruction><instruction code="INCMH T1342, 0"><temps name="use"/><temps name="def"><temp name="T1342"/></temps><temps name="in"><temp name="T6"/><temp name="T1341"/><temp name="T229"/></temps><temps name="out"><temp name="T6"/><temp name="T1341"/><temp name="T229"/></temps></instruction><instruction code="INCH  T1342, 0"><temps name="use"/><temps name="def"><temp name="T1342"/></temps><temps name="in"><temp name="T6"/><temp name="T1341"/><temp name="T229"/></temps><temps name="out"><temp name="T1342"/><temp name="T6"/><temp name="T1341"/><temp name="T229"/></temps></instruction><instruction code="SETL  T1343, 8"><temps name="use"/><temps name="def"><temp name="T1343"/></temps><temps name="in"><temp name="T1342"/><temp name="T6"/><temp name="T1341"/><temp name="T229"/></temps><temps name="out"><temp name="T1342"/><temp name="T6"/><temp name="T1341"/><temp name="T229"/></temps></instruction><instruction code="INCML T1343, 0"><temps name="use"/><temps name="def"><temp name="T1343"/></temps><temps name="in"><temp name="T1342"/><temp name="T6"/><temp name="T1341"/><temp name="T229"/></temps><temps name="out"><temp name="T1342"/><temp name="T6"/><temp name="T1341"/><temp name="T229"/></temps></instruction><instruction code="INCMH T1343, 0"><temps name="use"/><temps name="def"><temp name="T1343"/></temps><temps name="in"><temp name="T1342"/><temp name="T6"/><temp name="T1341"/><temp name="T229"/></temps><temps name="out"><temp name="T1342"/><temp name="T6"/><temp name="T1341"/><temp name="T229"/></temps></instruction><instruction code="INCH  T1343, 0"><temps name="use"/><temps name="def"><temp name="T1343"/></temps><temps name="in"><temp name="T1342"/><temp name="T6"/><temp name="T1341"/><temp name="T229"/></temps><temps name="out"><temp name="T1342"/><temp name="T1343"/><temp name="T6"/><temp name="T1341"/><temp name="T229"/></temps></instruction><instruction code="MUL T1344, T1342, T1343"><temps name="use"><temp name="T1342"/><temp name="T1343"/></temps><temps name="def"><temp name="T1344"/></temps><temps name="in"><temp name="T1342"/><temp name="T1343"/><temp name="T6"/><temp name="T1341"/><temp name="T229"/></temps><temps name="out"><temp name="T6"/><temp name="T1341"/><temp name="T1344"/><temp name="T229"/></temps></instruction><instruction code="ADD T1345, T1341, T1344"><temps name="use"><temp name="T1341"/><temp name="T1344"/></temps><temps name="def"><temp name="T1345"/></temps><temps name="in"><temp name="T6"/><temp name="T1341"/><temp name="T1344"/><temp name="T229"/></temps><temps name="out"><temp name="T1345"/><temp name="T6"/><temp name="T229"/></temps></instruction><instruction code="STO T1345, T229, 0"><temps name="use"><temp name="T1345"/><temp name="T229"/></temps><temps name="def"/><temps name="in"><temp name="T1345"/><temp name="T6"/><temp name="T229"/></temps><temps name="out"><temp name="T6"/></temps></instruction><instruction code="SETL  T1347, 0"><temps name="use"/><temps name="def"><temp name="T1347"/></temps><temps name="in"><temp name="T6"/></temps><temps name="out"><temp name="T6"/></temps></instruction><instruction code="INCML T1347, 0"><temps name="use"/><temps name="def"><temp name="T1347"/></temps><temps name="in"><temp name="T6"/></temps><temps name="out"><temp name="T6"/></temps></instruction><instruction code="INCMH T1347, 0"><temps name="use"/><temps name="def"><temp name="T1347"/></temps><temps name="in"><temp name="T6"/></temps><temps name="out"><temp name="T6"/></temps></instruction><instruction code="INCH  T1347, 0"><temps name="use"/><temps name="def"><temp name="T1347"/></temps><temps name="in"><temp name="T6"/></temps><temps name="out"><temp name="T6"/><temp name="T1347"/></temps></instruction><instruction code="OR T230, T1347, 0"><temps name="use"><temp name="T1347"/></temps><temps name="def"><temp name="T230"/></temps><temps name="in"><temp name="T6"/><temp name="T1347"/></temps><temps name="out"><temp name="T6"/><temp name="T230"/></temps></instruction><instruction code="SETL  T1348, 664"><temps name="use"/><temps name="def"><temp name="T1348"/></temps><temps name="in"><temp name="T6"/><temp name="T230"/></temps><temps name="out"><temp name="T6"/><temp name="T230"/></temps></instruction><instruction code="INCML T1348, 0"><temps name="use"/><temps name="def"><temp name="T1348"/></temps><temps name="in"><temp name="T6"/><temp name="T230"/></temps><temps name="out"><temp name="T6"/><temp name="T230"/></temps></instruction><instruction code="INCMH T1348, 0"><temps name="use"/><temps name="def"><temp name="T1348"/></temps><temps name="in"><temp name="T6"/><temp name="T230"/></temps><temps name="out"><temp name="T6"/><temp name="T230"/></temps></instruction><instruction code="INCH  T1348, 0"><temps name="use"/><temps name="def"><temp name="T1348"/></temps><temps name="in"><temp name="T6"/><temp name="T230"/></temps><temps name="out"><temp name="T6"/><temp name="T1348"/><temp name="T230"/></temps></instruction><instruction code="NEG T1348, 0, T1348"><temps name="use"><temp name="T1348"/></temps><temps name="def"><temp name="T1348"/></temps><temps name="in"><temp name="T6"/><temp name="T1348"/><temp name="T230"/></temps><temps name="out"><temp name="T6"/><temp name="T1348"/><temp name="T230"/></temps></instruction><instruction code="ADD T1349, T6, T1348"><temps name="use"><temp name="T6"/><temp name="T1348"/></temps><temps name="def"><temp name="T1349"/></temps><temps name="in"><temp name="T6"/><temp name="T1348"/><temp name="T230"/></temps><temps name="out"><temp name="T6"/><temp name="T1349"/><temp name="T230"/></temps></instruction><instruction code="SETL  T1350, 0"><temps name="use"/><temps name="def"><temp name="T1350"/></temps><temps name="in"><temp name="T6"/><temp name="T1349"/><temp name="T230"/></temps><temps name="out"><temp name="T6"/><temp name="T1349"/><temp name="T230"/></temps></instruction><instruction code="INCML T1350, 0"><temps name="use"/><temps name="def"><temp name="T1350"/></temps><temps name="in"><temp name="T6"/><temp name="T1349"/><temp name="T230"/></temps><temps name="out"><temp name="T6"/><temp name="T1349"/><temp name="T230"/></temps></instruction><instruction code="INCMH T1350, 0"><temps name="use"/><temps name="def"><temp name="T1350"/></temps><temps name="in"><temp name="T6"/><temp name="T1349"/><temp name="T230"/></temps><temps name="out"><temp name="T6"/><temp name="T1349"/><temp name="T230"/></temps></instruction><instruction code="INCH  T1350, 0"><temps name="use"/><temps name="def"><temp name="T1350"/></temps><temps name="in"><temp name="T6"/><temp name="T1349"/><temp name="T230"/></temps><temps name="out"><temp name="T6"/><temp name="T1349"/><temp name="T230"/><temp name="T1350"/></temps></instruction><instruction code="SETL  T1351, 72"><temps name="use"/><temps name="def"><temp name="T1351"/></temps><temps name="in"><temp name="T6"/><temp name="T1349"/><temp name="T230"/><temp name="T1350"/></temps><temps name="out"><temp name="T6"/><temp name="T1349"/><temp name="T230"/><temp name="T1350"/></temps></instruction><instruction code="INCML T1351, 0"><temps name="use"/><temps name="def"><temp name="T1351"/></temps><temps name="in"><temp name="T6"/><temp name="T1349"/><temp name="T230"/><temp name="T1350"/></temps><temps name="out"><temp name="T6"/><temp name="T1349"/><temp name="T230"/><temp name="T1350"/></temps></instruction><instruction code="INCMH T1351, 0"><temps name="use"/><temps name="def"><temp name="T1351"/></temps><temps name="in"><temp name="T6"/><temp name="T1349"/><temp name="T230"/><temp name="T1350"/></temps><temps name="out"><temp name="T6"/><temp name="T1349"/><temp name="T230"/><temp name="T1350"/></temps></instruction><instruction code="INCH  T1351, 0"><temps name="use"/><temps name="def"><temp name="T1351"/></temps><temps name="in"><temp name="T6"/><temp name="T1349"/><temp name="T230"/><temp name="T1350"/></temps><temps name="out"><temp name="T1351"/><temp name="T6"/><temp name="T1349"/><temp name="T230"/><temp name="T1350"/></temps></instruction><instruction code="MUL T1352, T1350, T1351"><temps name="use"><temp name="T1350"/><temp name="T1351"/></temps><temps name="def"><temp name="T1352"/></temps><temps name="in"><temp name="T1351"/><temp name="T6"/><temp name="T1349"/><temp name="T230"/><temp name="T1350"/></temps><temps name="out"><temp name="T6"/><temp name="T1352"/><temp name="T1349"/><temp name="T230"/></temps></instruction><instruction code="ADD T1353, T1349, T1352"><temps name="use"><temp name="T1349"/><temp name="T1352"/></temps><temps name="def"><temp name="T1353"/></temps><temps name="in"><temp name="T6"/><temp name="T1352"/><temp name="T1349"/><temp name="T230"/></temps><temps name="out"><temp name="T1353"/><temp name="T6"/><temp name="T230"/></temps></instruction><instruction code="SETL  T1354, 8"><temps name="use"/><temps name="def"><temp name="T1354"/></temps><temps name="in"><temp name="T1353"/><temp name="T6"/><temp name="T230"/></temps><temps name="out"><temp name="T1353"/><temp name="T6"/><temp name="T230"/></temps></instruction><instruction code="INCML T1354, 0"><temps name="use"/><temps name="def"><temp name="T1354"/></temps><temps name="in"><temp name="T1353"/><temp name="T6"/><temp name="T230"/></temps><temps name="out"><temp name="T1353"/><temp name="T6"/><temp name="T230"/></temps></instruction><instruction code="INCMH T1354, 0"><temps name="use"/><temps name="def"><temp name="T1354"/></temps><temps name="in"><temp name="T1353"/><temp name="T6"/><temp name="T230"/></temps><temps name="out"><temp name="T1353"/><temp name="T6"/><temp name="T230"/></temps></instruction><instruction code="INCH  T1354, 0"><temps name="use"/><temps name="def"><temp name="T1354"/></temps><temps name="in"><temp name="T1353"/><temp name="T6"/><temp name="T230"/></temps><temps name="out"><temp name="T1353"/><temp name="T6"/><temp name="T230"/><temp name="T1354"/></temps></instruction><instruction code="SETL  T1355, 8"><temps name="use"/><temps name="def"><temp name="T1355"/></temps><temps name="in"><temp name="T1353"/><temp name="T6"/><temp name="T230"/><temp name="T1354"/></temps><temps name="out"><temp name="T1353"/><temp name="T6"/><temp name="T230"/><temp name="T1354"/></temps></instruction><instruction code="INCML T1355, 0"><temps name="use"/><temps name="def"><temp name="T1355"/></temps><temps name="in"><temp name="T1353"/><temp name="T6"/><temp name="T230"/><temp name="T1354"/></temps><temps name="out"><temp name="T1353"/><temp name="T6"/><temp name="T230"/><temp name="T1354"/></temps></instruction><instruction code="INCMH T1355, 0"><temps name="use"/><temps name="def"><temp name="T1355"/></temps><temps name="in"><temp name="T1353"/><temp name="T6"/><temp name="T230"/><temp name="T1354"/></temps><temps name="out"><temp name="T1353"/><temp name="T6"/><temp name="T230"/><temp name="T1354"/></temps></instruction><instruction code="INCH  T1355, 0"><temps name="use"/><temps name="def"><temp name="T1355"/></temps><temps name="in"><temp name="T1353"/><temp name="T6"/><temp name="T230"/><temp name="T1354"/></temps><temps name="out"><temp name="T1353"/><temp name="T6"/><temp name="T230"/><temp name="T1355"/><temp name="T1354"/></temps></instruction><instruction code="MUL T1356, T1354, T1355"><temps name="use"><temp name="T1354"/><temp name="T1355"/></temps><temps name="def"><temp name="T1356"/></temps><temps name="in"><temp name="T1353"/><temp name="T6"/><temp name="T230"/><temp name="T1355"/><temp name="T1354"/></temps><temps name="out"><temp name="T1353"/><temp name="T6"/><temp name="T1356"/><temp name="T230"/></temps></instruction><instruction code="ADD T1357, T1353, T1356"><temps name="use"><temp name="T1353"/><temp name="T1356"/></temps><temps name="def"><temp name="T1357"/></temps><temps name="in"><temp name="T1353"/><temp name="T6"/><temp name="T1356"/><temp name="T230"/></temps><temps name="out"><temp name="T6"/><temp name="T230"/><temp name="T1357"/></temps></instruction><instruction code="STO T1357, T230, 0"><temps name="use"><temp name="T1357"/><temp name="T230"/></temps><temps name="def"/><temps name="in"><temp name="T6"/><temp name="T230"/><temp name="T1357"/></temps><temps name="out"><temp name="T6"/></temps></instruction><instruction code="SETL  T1359, 9"><temps name="use"/><temps name="def"><temp name="T1359"/></temps><temps name="in"><temp name="T6"/></temps><temps name="out"><temp name="T6"/></temps></instruction><instruction code="INCML T1359, 0"><temps name="use"/><temps name="def"><temp name="T1359"/></temps><temps name="in"><temp name="T6"/></temps><temps name="out"><temp name="T6"/></temps></instruction><instruction code="INCMH T1359, 0"><temps name="use"/><temps name="def"><temp name="T1359"/></temps><temps name="in"><temp name="T6"/></temps><temps name="out"><temp name="T6"/></temps></instruction><instruction code="INCH  T1359, 0"><temps name="use"/><temps name="def"><temp name="T1359"/></temps><temps name="in"><temp name="T6"/></temps><temps name="out"><temp name="T6"/><temp name="T1359"/></temps></instruction><instruction code="OR T231, T1359, 0"><temps name="use"><temp name="T1359"/></temps><temps name="def"><temp name="T231"/></temps><temps name="in"><temp name="T6"/><temp name="T1359"/></temps><temps name="out"><temp name="T6"/><temp name="T231"/></temps></instruction><instruction code="SETL  T1360, 664"><temps name="use"/><temps name="def"><temp name="T1360"/></temps><temps name="in"><temp name="T6"/><temp name="T231"/></temps><temps name="out"><temp name="T6"/><temp name="T231"/></temps></instruction><instruction code="INCML T1360, 0"><temps name="use"/><temps name="def"><temp name="T1360"/></temps><temps name="in"><temp name="T6"/><temp name="T231"/></temps><temps name="out"><temp name="T6"/><temp name="T231"/></temps></instruction><instruction code="INCMH T1360, 0"><temps name="use"/><temps name="def"><temp name="T1360"/></temps><temps name="in"><temp name="T6"/><temp name="T231"/></temps><temps name="out"><temp name="T6"/><temp name="T231"/></temps></instruction><instruction code="INCH  T1360, 0"><temps name="use"/><temps name="def"><temp name="T1360"/></temps><temps name="in"><temp name="T6"/><temp name="T231"/></temps><temps name="out"><temp name="T6"/><temp name="T1360"/><temp name="T231"/></temps></instruction><instruction code="NEG T1360, 0, T1360"><temps name="use"><temp name="T1360"/></temps><temps name="def"><temp name="T1360"/></temps><temps name="in"><temp name="T6"/><temp name="T1360"/><temp name="T231"/></temps><temps name="out"><temp name="T6"/><temp name="T1360"/><temp name="T231"/></temps></instruction><instruction code="ADD T1361, T6, T1360"><temps name="use"><temp name="T6"/><temp name="T1360"/></temps><temps name="def"><temp name="T1361"/></temps><temps name="in"><temp name="T6"/><temp name="T1360"/><temp name="T231"/></temps><temps name="out"><temp name="T1361"/><temp name="T6"/><temp name="T231"/></temps></instruction><instruction code="SETL  T1362, 1"><temps name="use"/><temps name="def"><temp name="T1362"/></temps><temps name="in"><temp name="T1361"/><temp name="T6"/><temp name="T231"/></temps><temps name="out"><temp name="T1361"/><temp name="T6"/><temp name="T231"/></temps></instruction><instruction code="INCML T1362, 0"><temps name="use"/><temps name="def"><temp name="T1362"/></temps><temps name="in"><temp name="T1361"/><temp name="T6"/><temp name="T231"/></temps><temps name="out"><temp name="T1361"/><temp name="T6"/><temp name="T231"/></temps></instruction><instruction code="INCMH T1362, 0"><temps name="use"/><temps name="def"><temp name="T1362"/></temps><temps name="in"><temp name="T1361"/><temp name="T6"/><temp name="T231"/></temps><temps name="out"><temp name="T1361"/><temp name="T6"/><temp name="T231"/></temps></instruction><instruction code="INCH  T1362, 0"><temps name="use"/><temps name="def"><temp name="T1362"/></temps><temps name="in"><temp name="T1361"/><temp name="T6"/><temp name="T231"/></temps><temps name="out"><temp name="T1361"/><temp name="T6"/><temp name="T231"/><temp name="T1362"/></temps></instruction><instruction code="SETL  T1363, 72"><temps name="use"/><temps name="def"><temp name="T1363"/></temps><temps name="in"><temp name="T1361"/><temp name="T6"/><temp name="T231"/><temp name="T1362"/></temps><temps name="out"><temp name="T1361"/><temp name="T6"/><temp name="T231"/><temp name="T1362"/></temps></instruction><instruction code="INCML T1363, 0"><temps name="use"/><temps name="def"><temp name="T1363"/></temps><temps name="in"><temp name="T1361"/><temp name="T6"/><temp name="T231"/><temp name="T1362"/></temps><temps name="out"><temp name="T1361"/><temp name="T6"/><temp name="T231"/><temp name="T1362"/></temps></instruction><instruction code="INCMH T1363, 0"><temps name="use"/><temps name="def"><temp name="T1363"/></temps><temps name="in"><temp name="T1361"/><temp name="T6"/><temp name="T231"/><temp name="T1362"/></temps><temps name="out"><temp name="T1361"/><temp name="T6"/><temp name="T231"/><temp name="T1362"/></temps></instruction><instruction code="INCH  T1363, 0"><temps name="use"/><temps name="def"><temp name="T1363"/></temps><temps name="in"><temp name="T1361"/><temp name="T6"/><temp name="T231"/><temp name="T1362"/></temps><temps name="out"><temp name="T1363"/><temp name="T1361"/><temp name="T6"/><temp name="T231"/><temp name="T1362"/></temps></instruction><instruction code="MUL T1364, T1362, T1363"><temps name="use"><temp name="T1362"/><temp name="T1363"/></temps><temps name="def"><temp name="T1364"/></temps><temps name="in"><temp name="T1363"/><temp name="T1361"/><temp name="T6"/><temp name="T231"/><temp name="T1362"/></temps><temps name="out"><temp name="T1361"/><temp name="T6"/><temp name="T1364"/><temp name="T231"/></temps></instruction><instruction code="ADD T1365, T1361, T1364"><temps name="use"><temp name="T1361"/><temp name="T1364"/></temps><temps name="def"><temp name="T1365"/></temps><temps name="in"><temp name="T1361"/><temp name="T6"/><temp name="T1364"/><temp name="T231"/></temps><temps name="out"><temp name="T6"/><temp name="T1365"/><temp name="T231"/></temps></instruction><instruction code="SETL  T1366, 0"><temps name="use"/><temps name="def"><temp name="T1366"/></temps><temps name="in"><temp name="T6"/><temp name="T1365"/><temp name="T231"/></temps><temps name="out"><temp name="T6"/><temp name="T1365"/><temp name="T231"/></temps></instruction><instruction code="INCML T1366, 0"><temps name="use"/><temps name="def"><temp name="T1366"/></temps><temps name="in"><temp name="T6"/><temp name="T1365"/><temp name="T231"/></temps><temps name="out"><temp name="T6"/><temp name="T1365"/><temp name="T231"/></temps></instruction><instruction code="INCMH T1366, 0"><temps name="use"/><temps name="def"><temp name="T1366"/></temps><temps name="in"><temp name="T6"/><temp name="T1365"/><temp name="T231"/></temps><temps name="out"><temp name="T6"/><temp name="T1365"/><temp name="T231"/></temps></instruction><instruction code="INCH  T1366, 0"><temps name="use"/><temps name="def"><temp name="T1366"/></temps><temps name="in"><temp name="T6"/><temp name="T1365"/><temp name="T231"/></temps><temps name="out"><temp name="T6"/><temp name="T1366"/><temp name="T1365"/><temp name="T231"/></temps></instruction><instruction code="SETL  T1367, 8"><temps name="use"/><temps name="def"><temp name="T1367"/></temps><temps name="in"><temp name="T6"/><temp name="T1366"/><temp name="T1365"/><temp name="T231"/></temps><temps name="out"><temp name="T6"/><temp name="T1366"/><temp name="T1365"/><temp name="T231"/></temps></instruction><instruction code="INCML T1367, 0"><temps name="use"/><temps name="def"><temp name="T1367"/></temps><temps name="in"><temp name="T6"/><temp name="T1366"/><temp name="T1365"/><temp name="T231"/></temps><temps name="out"><temp name="T6"/><temp name="T1366"/><temp name="T1365"/><temp name="T231"/></temps></instruction><instruction code="INCMH T1367, 0"><temps name="use"/><temps name="def"><temp name="T1367"/></temps><temps name="in"><temp name="T6"/><temp name="T1366"/><temp name="T1365"/><temp name="T231"/></temps><temps name="out"><temp name="T6"/><temp name="T1366"/><temp name="T1365"/><temp name="T231"/></temps></instruction><instruction code="INCH  T1367, 0"><temps name="use"/><temps name="def"><temp name="T1367"/></temps><temps name="in"><temp name="T6"/><temp name="T1366"/><temp name="T1365"/><temp name="T231"/></temps><temps name="out"><temp name="T6"/><temp name="T1367"/><temp name="T1366"/><temp name="T1365"/><temp name="T231"/></temps></instruction><instruction code="MUL T1368, T1366, T1367"><temps name="use"><temp name="T1366"/><temp name="T1367"/></temps><temps name="def"><temp name="T1368"/></temps><temps name="in"><temp name="T6"/><temp name="T1367"/><temp name="T1366"/><temp name="T1365"/><temp name="T231"/></temps><temps name="out"><temp name="T6"/><temp name="T1365"/><temp name="T1368"/><temp name="T231"/></temps></instruction><instruction code="ADD T1369, T1365, T1368"><temps name="use"><temp name="T1365"/><temp name="T1368"/></temps><temps name="def"><temp name="T1369"/></temps><temps name="in"><temp name="T6"/><temp name="T1365"/><temp name="T1368"/><temp name="T231"/></temps><temps name="out"><temp name="T6"/><temp name="T1369"/><temp name="T231"/></temps></instruction><instruction code="STO T1369, T231, 0"><temps name="use"><temp name="T1369"/><temp name="T231"/></temps><temps name="def"/><temps name="in"><temp name="T6"/><temp name="T1369"/><temp name="T231"/></temps><temps name="out"><temp name="T6"/></temps></instruction><instruction code="SETL  T1371, 0"><temps name="use"/><temps name="def"><temp name="T1371"/></temps><temps name="in"><temp name="T6"/></temps><temps name="out"><temp name="T6"/></temps></instruction><instruction code="INCML T1371, 0"><temps name="use"/><temps name="def"><temp name="T1371"/></temps><temps name="in"><temp name="T6"/></temps><temps name="out"><temp name="T6"/></temps></instruction><instruction code="INCMH T1371, 0"><temps name="use"/><temps name="def"><temp name="T1371"/></temps><temps name="in"><temp name="T6"/></temps><temps name="out"><temp name="T6"/></temps></instruction><instruction code="INCH  T1371, 0"><temps name="use"/><temps name="def"><temp name="T1371"/></temps><temps name="in"><temp name="T6"/></temps><temps name="out"><temp name="T1371"/><temp name="T6"/></temps></instruction><instruction code="OR T232, T1371, 0"><temps name="use"><temp name="T1371"/></temps><temps name="def"><temp name="T232"/></temps><temps name="in"><temp name="T1371"/><temp name="T6"/></temps><temps name="out"><temp name="T6"/><temp name="T232"/></temps></instruction><instruction code="SETL  T1372, 664"><temps name="use"/><temps name="def"><temp name="T1372"/></temps><temps name="in"><temp name="T6"/><temp name="T232"/></temps><temps name="out"><temp name="T6"/><temp name="T232"/></temps></instruction><instruction code="INCML T1372, 0"><temps name="use"/><temps name="def"><temp name="T1372"/></temps><temps name="in"><temp name="T6"/><temp name="T232"/></temps><temps name="out"><temp name="T6"/><temp name="T232"/></temps></instruction><instruction code="INCMH T1372, 0"><temps name="use"/><temps name="def"><temp name="T1372"/></temps><temps name="in"><temp name="T6"/><temp name="T232"/></temps><temps name="out"><temp name="T6"/><temp name="T232"/></temps></instruction><instruction code="INCH  T1372, 0"><temps name="use"/><temps name="def"><temp name="T1372"/></temps><temps name="in"><temp name="T6"/><temp name="T232"/></temps><temps name="out"><temp name="T6"/><temp name="T1372"/><temp name="T232"/></temps></instruction><instruction code="NEG T1372, 0, T1372"><temps name="use"><temp name="T1372"/></temps><temps name="def"><temp name="T1372"/></temps><temps name="in"><temp name="T6"/><temp name="T1372"/><temp name="T232"/></temps><temps name="out"><temp name="T6"/><temp name="T1372"/><temp name="T232"/></temps></instruction><instruction code="ADD T1373, T6, T1372"><temps name="use"><temp name="T6"/><temp name="T1372"/></temps><temps name="def"><temp name="T1373"/></temps><temps name="in"><temp name="T6"/><temp name="T1372"/><temp name="T232"/></temps><temps name="out"><temp name="T1373"/><temp name="T6"/><temp name="T232"/></temps></instruction><instruction code="SETL  T1374, 1"><temps name="use"/><temps name="def"><temp name="T1374"/></temps><temps name="in"><temp name="T1373"/><temp name="T6"/><temp name="T232"/></temps><temps name="out"><temp name="T1373"/><temp name="T6"/><temp name="T232"/></temps></instruction><instruction code="INCML T1374, 0"><temps name="use"/><temps name="def"><temp name="T1374"/></temps><temps name="in"><temp name="T1373"/><temp name="T6"/><temp name="T232"/></temps><temps name="out"><temp name="T1373"/><temp name="T6"/><temp name="T232"/></temps></instruction><instruction code="INCMH T1374, 0"><temps name="use"/><temps name="def"><temp name="T1374"/></temps><temps name="in"><temp name="T1373"/><temp name="T6"/><temp name="T232"/></temps><temps name="out"><temp name="T1373"/><temp name="T6"/><temp name="T232"/></temps></instruction><instruction code="INCH  T1374, 0"><temps name="use"/><temps name="def"><temp name="T1374"/></temps><temps name="in"><temp name="T1373"/><temp name="T6"/><temp name="T232"/></temps><temps name="out"><temp name="T1373"/><temp name="T6"/><temp name="T232"/><temp name="T1374"/></temps></instruction><instruction code="SETL  T1375, 72"><temps name="use"/><temps name="def"><temp name="T1375"/></temps><temps name="in"><temp name="T1373"/><temp name="T6"/><temp name="T232"/><temp name="T1374"/></temps><temps name="out"><temp name="T1373"/><temp name="T6"/><temp name="T232"/><temp name="T1374"/></temps></instruction><instruction code="INCML T1375, 0"><temps name="use"/><temps name="def"><temp name="T1375"/></temps><temps name="in"><temp name="T1373"/><temp name="T6"/><temp name="T232"/><temp name="T1374"/></temps><temps name="out"><temp name="T1373"/><temp name="T6"/><temp name="T232"/><temp name="T1374"/></temps></instruction><instruction code="INCMH T1375, 0"><temps name="use"/><temps name="def"><temp name="T1375"/></temps><temps name="in"><temp name="T1373"/><temp name="T6"/><temp name="T232"/><temp name="T1374"/></temps><temps name="out"><temp name="T1373"/><temp name="T6"/><temp name="T232"/><temp name="T1374"/></temps></instruction><instruction code="INCH  T1375, 0"><temps name="use"/><temps name="def"><temp name="T1375"/></temps><temps name="in"><temp name="T1373"/><temp name="T6"/><temp name="T232"/><temp name="T1374"/></temps><temps name="out"><temp name="T1373"/><temp name="T6"/><temp name="T1375"/><temp name="T232"/><temp name="T1374"/></temps></instruction><instruction code="MUL T1376, T1374, T1375"><temps name="use"><temp name="T1374"/><temp name="T1375"/></temps><temps name="def"><temp name="T1376"/></temps><temps name="in"><temp name="T1373"/><temp name="T6"/><temp name="T1375"/><temp name="T232"/><temp name="T1374"/></temps><temps name="out"><temp name="T1373"/><temp name="T6"/><temp name="T1376"/><temp name="T232"/></temps></instruction><instruction code="ADD T1377, T1373, T1376"><temps name="use"><temp name="T1373"/><temp name="T1376"/></temps><temps name="def"><temp name="T1377"/></temps><temps name="in"><temp name="T1373"/><temp name="T6"/><temp name="T1376"/><temp name="T232"/></temps><temps name="out"><temp name="T6"/><temp name="T1377"/><temp name="T232"/></temps></instruction><instruction code="SETL  T1378, 1"><temps name="use"/><temps name="def"><temp name="T1378"/></temps><temps name="in"><temp name="T6"/><temp name="T1377"/><temp name="T232"/></temps><temps name="out"><temp name="T6"/><temp name="T1377"/><temp name="T232"/></temps></instruction><instruction code="INCML T1378, 0"><temps name="use"/><temps name="def"><temp name="T1378"/></temps><temps name="in"><temp name="T6"/><temp name="T1377"/><temp name="T232"/></temps><temps name="out"><temp name="T6"/><temp name="T1377"/><temp name="T232"/></temps></instruction><instruction code="INCMH T1378, 0"><temps name="use"/><temps name="def"><temp name="T1378"/></temps><temps name="in"><temp name="T6"/><temp name="T1377"/><temp name="T232"/></temps><temps name="out"><temp name="T6"/><temp name="T1377"/><temp name="T232"/></temps></instruction><instruction code="INCH  T1378, 0"><temps name="use"/><temps name="def"><temp name="T1378"/></temps><temps name="in"><temp name="T6"/><temp name="T1377"/><temp name="T232"/></temps><temps name="out"><temp name="T1378"/><temp name="T6"/><temp name="T1377"/><temp name="T232"/></temps></instruction><instruction code="SETL  T1379, 8"><temps name="use"/><temps name="def"><temp name="T1379"/></temps><temps name="in"><temp name="T1378"/><temp name="T6"/><temp name="T1377"/><temp name="T232"/></temps><temps name="out"><temp name="T1378"/><temp name="T6"/><temp name="T1377"/><temp name="T232"/></temps></instruction><instruction code="INCML T1379, 0"><temps name="use"/><temps name="def"><temp name="T1379"/></temps><temps name="in"><temp name="T1378"/><temp name="T6"/><temp name="T1377"/><temp name="T232"/></temps><temps name="out"><temp name="T1378"/><temp name="T6"/><temp name="T1377"/><temp name="T232"/></temps></instruction><instruction code="INCMH T1379, 0"><temps name="use"/><temps name="def"><temp name="T1379"/></temps><temps name="in"><temp name="T1378"/><temp name="T6"/><temp name="T1377"/><temp name="T232"/></temps><temps name="out"><temp name="T1378"/><temp name="T6"/><temp name="T1377"/><temp name="T232"/></temps></instruction><instruction code="INCH  T1379, 0"><temps name="use"/><temps name="def"><temp name="T1379"/></temps><temps name="in"><temp name="T1378"/><temp name="T6"/><temp name="T1377"/><temp name="T232"/></temps><temps name="out"><temp name="T1378"/><temp name="T6"/><temp name="T1379"/><temp name="T1377"/><temp name="T232"/></temps></instruction><instruction code="MUL T1380, T1378, T1379"><temps name="use"><temp name="T1378"/><temp name="T1379"/></temps><temps name="def"><temp name="T1380"/></temps><temps name="in"><temp name="T1378"/><temp name="T6"/><temp name="T1379"/><temp name="T1377"/><temp name="T232"/></temps><temps name="out"><temp name="T6"/><temp name="T1377"/><temp name="T1380"/><temp name="T232"/></temps></instruction><instruction code="ADD T1381, T1377, T1380"><temps name="use"><temp name="T1377"/><temp name="T1380"/></temps><temps name="def"><temp name="T1381"/></temps><temps name="in"><temp name="T6"/><temp name="T1377"/><temp name="T1380"/><temp name="T232"/></temps><temps name="out"><temp name="T6"/><temp name="T1381"/><temp name="T232"/></temps></instruction><instruction code="STO T1381, T232, 0"><temps name="use"><temp name="T1381"/><temp name="T232"/></temps><temps name="def"/><temps name="in"><temp name="T6"/><temp name="T1381"/><temp name="T232"/></temps><temps name="out"><temp name="T6"/></temps></instruction><instruction code="SETL  T1383, 0"><temps name="use"/><temps name="def"><temp name="T1383"/></temps><temps name="in"><temp name="T6"/></temps><temps name="out"><temp name="T6"/></temps></instruction><instruction code="INCML T1383, 0"><temps name="use"/><temps name="def"><temp name="T1383"/></temps><temps name="in"><temp name="T6"/></temps><temps name="out"><temp name="T6"/></temps></instruction><instruction code="INCMH T1383, 0"><temps name="use"/><temps name="def"><temp name="T1383"/></temps><temps name="in"><temp name="T6"/></temps><temps name="out"><temp name="T6"/></temps></instruction><instruction code="INCH  T1383, 0"><temps name="use"/><temps name="def"><temp name="T1383"/></temps><temps name="in"><temp name="T6"/></temps><temps name="out"><temp name="T1383"/><temp name="T6"/></temps></instruction><instruction code="OR T233, T1383, 0"><temps name="use"><temp name="T1383"/></temps><temps name="def"><temp name="T233"/></temps><temps name="in"><temp name="T1383"/><temp name="T6"/></temps><temps name="out"><temp name="T6"/><temp name="T233"/></temps></instruction><instruction code="SETL  T1384, 664"><temps name="use"/><temps name="def"><temp name="T1384"/></temps><temps name="in"><temp name="T6"/><temp name="T233"/></temps><temps name="out"><temp name="T6"/><temp name="T233"/></temps></instruction><instruction code="INCML T1384, 0"><temps name="use"/><temps name="def"><temp name="T1384"/></temps><temps name="in"><temp name="T6"/><temp name="T233"/></temps><temps name="out"><temp name="T6"/><temp name="T233"/></temps></instruction><instruction code="INCMH T1384, 0"><temps name="use"/><temps name="def"><temp name="T1384"/></temps><temps name="in"><temp name="T6"/><temp name="T233"/></temps><temps name="out"><temp name="T6"/><temp name="T233"/></temps></instruction><instruction code="INCH  T1384, 0"><temps name="use"/><temps name="def"><temp name="T1384"/></temps><temps name="in"><temp name="T6"/><temp name="T233"/></temps><temps name="out"><temp name="T6"/><temp name="T233"/><temp name="T1384"/></temps></instruction><instruction code="NEG T1384, 0, T1384"><temps name="use"><temp name="T1384"/></temps><temps name="def"><temp name="T1384"/></temps><temps name="in"><temp name="T6"/><temp name="T233"/><temp name="T1384"/></temps><temps name="out"><temp name="T6"/><temp name="T233"/><temp name="T1384"/></temps></instruction><instruction code="ADD T1385, T6, T1384"><temps name="use"><temp name="T6"/><temp name="T1384"/></temps><temps name="def"><temp name="T1385"/></temps><temps name="in"><temp name="T6"/><temp name="T233"/><temp name="T1384"/></temps><temps name="out"><temp name="T6"/><temp name="T233"/><temp name="T1385"/></temps></instruction><instruction code="SETL  T1386, 1"><temps name="use"/><temps name="def"><temp name="T1386"/></temps><temps name="in"><temp name="T6"/><temp name="T233"/><temp name="T1385"/></temps><temps name="out"><temp name="T6"/><temp name="T233"/><temp name="T1385"/></temps></instruction><instruction code="INCML T1386, 0"><temps name="use"/><temps name="def"><temp name="T1386"/></temps><temps name="in"><temp name="T6"/><temp name="T233"/><temp name="T1385"/></temps><temps name="out"><temp name="T6"/><temp name="T233"/><temp name="T1385"/></temps></instruction><instruction code="INCMH T1386, 0"><temps name="use"/><temps name="def"><temp name="T1386"/></temps><temps name="in"><temp name="T6"/><temp name="T233"/><temp name="T1385"/></temps><temps name="out"><temp name="T6"/><temp name="T233"/><temp name="T1385"/></temps></instruction><instruction code="INCH  T1386, 0"><temps name="use"/><temps name="def"><temp name="T1386"/></temps><temps name="in"><temp name="T6"/><temp name="T233"/><temp name="T1385"/></temps><temps name="out"><temp name="T6"/><temp name="T233"/><temp name="T1385"/><temp name="T1386"/></temps></instruction><instruction code="SETL  T1387, 72"><temps name="use"/><temps name="def"><temp name="T1387"/></temps><temps name="in"><temp name="T6"/><temp name="T233"/><temp name="T1385"/><temp name="T1386"/></temps><temps name="out"><temp name="T6"/><temp name="T233"/><temp name="T1385"/><temp name="T1386"/></temps></instruction><instruction code="INCML T1387, 0"><temps name="use"/><temps name="def"><temp name="T1387"/></temps><temps name="in"><temp name="T6"/><temp name="T233"/><temp name="T1385"/><temp name="T1386"/></temps><temps name="out"><temp name="T6"/><temp name="T233"/><temp name="T1385"/><temp name="T1386"/></temps></instruction><instruction code="INCMH T1387, 0"><temps name="use"/><temps name="def"><temp name="T1387"/></temps><temps name="in"><temp name="T6"/><temp name="T233"/><temp name="T1385"/><temp name="T1386"/></temps><temps name="out"><temp name="T6"/><temp name="T233"/><temp name="T1385"/><temp name="T1386"/></temps></instruction><instruction code="INCH  T1387, 0"><temps name="use"/><temps name="def"><temp name="T1387"/></temps><temps name="in"><temp name="T6"/><temp name="T233"/><temp name="T1385"/><temp name="T1386"/></temps><temps name="out"><temp name="T6"/><temp name="T233"/><temp name="T1385"/><temp name="T1386"/><temp name="T1387"/></temps></instruction><instruction code="MUL T1388, T1386, T1387"><temps name="use"><temp name="T1386"/><temp name="T1387"/></temps><temps name="def"><temp name="T1388"/></temps><temps name="in"><temp name="T6"/><temp name="T233"/><temp name="T1385"/><temp name="T1386"/><temp name="T1387"/></temps><temps name="out"><temp name="T6"/><temp name="T233"/><temp name="T1388"/><temp name="T1385"/></temps></instruction><instruction code="ADD T1389, T1385, T1388"><temps name="use"><temp name="T1385"/><temp name="T1388"/></temps><temps name="def"><temp name="T1389"/></temps><temps name="in"><temp name="T6"/><temp name="T233"/><temp name="T1388"/><temp name="T1385"/></temps><temps name="out"><temp name="T1389"/><temp name="T6"/><temp name="T233"/></temps></instruction><instruction code="SETL  T1390, 2"><temps name="use"/><temps name="def"><temp name="T1390"/></temps><temps name="in"><temp name="T1389"/><temp name="T6"/><temp name="T233"/></temps><temps name="out"><temp name="T1389"/><temp name="T6"/><temp name="T233"/></temps></instruction><instruction code="INCML T1390, 0"><temps name="use"/><temps name="def"><temp name="T1390"/></temps><temps name="in"><temp name="T1389"/><temp name="T6"/><temp name="T233"/></temps><temps name="out"><temp name="T1389"/><temp name="T6"/><temp name="T233"/></temps></instruction><instruction code="INCMH T1390, 0"><temps name="use"/><temps name="def"><temp name="T1390"/></temps><temps name="in"><temp name="T1389"/><temp name="T6"/><temp name="T233"/></temps><temps name="out"><temp name="T1389"/><temp name="T6"/><temp name="T233"/></temps></instruction><instruction code="INCH  T1390, 0"><temps name="use"/><temps name="def"><temp name="T1390"/></temps><temps name="in"><temp name="T1389"/><temp name="T6"/><temp name="T233"/></temps><temps name="out"><temp name="T1389"/><temp name="T6"/><temp name="T233"/><temp name="T1390"/></temps></instruction><instruction code="SETL  T1391, 8"><temps name="use"/><temps name="def"><temp name="T1391"/></temps><temps name="in"><temp name="T1389"/><temp name="T6"/><temp name="T233"/><temp name="T1390"/></temps><temps name="out"><temp name="T1389"/><temp name="T6"/><temp name="T233"/><temp name="T1390"/></temps></instruction><instruction code="INCML T1391, 0"><temps name="use"/><temps name="def"><temp name="T1391"/></temps><temps name="in"><temp name="T1389"/><temp name="T6"/><temp name="T233"/><temp name="T1390"/></temps><temps name="out"><temp name="T1389"/><temp name="T6"/><temp name="T233"/><temp name="T1390"/></temps></instruction><instruction code="INCMH T1391, 0"><temps name="use"/><temps name="def"><temp name="T1391"/></temps><temps name="in"><temp name="T1389"/><temp name="T6"/><temp name="T233"/><temp name="T1390"/></temps><temps name="out"><temp name="T1389"/><temp name="T6"/><temp name="T233"/><temp name="T1390"/></temps></instruction><instruction code="INCH  T1391, 0"><temps name="use"/><temps name="def"><temp name="T1391"/></temps><temps name="in"><temp name="T1389"/><temp name="T6"/><temp name="T233"/><temp name="T1390"/></temps><temps name="out"><temp name="T1391"/><temp name="T1389"/><temp name="T6"/><temp name="T233"/><temp name="T1390"/></temps></instruction><instruction code="MUL T1392, T1390, T1391"><temps name="use"><temp name="T1390"/><temp name="T1391"/></temps><temps name="def"><temp name="T1392"/></temps><temps name="in"><temp name="T1391"/><temp name="T1389"/><temp name="T6"/><temp name="T233"/><temp name="T1390"/></temps><temps name="out"><temp name="T1392"/><temp name="T1389"/><temp name="T6"/><temp name="T233"/></temps></instruction><instruction code="ADD T1393, T1389, T1392"><temps name="use"><temp name="T1389"/><temp name="T1392"/></temps><temps name="def"><temp name="T1393"/></temps><temps name="in"><temp name="T1392"/><temp name="T1389"/><temp name="T6"/><temp name="T233"/></temps><temps name="out"><temp name="T6"/><temp name="T233"/><temp name="T1393"/></temps></instruction><instruction code="STO T1393, T233, 0"><temps name="use"><temp name="T1393"/><temp name="T233"/></temps><temps name="def"/><temps name="in"><temp name="T6"/><temp name="T233"/><temp name="T1393"/></temps><temps name="out"><temp name="T6"/></temps></instruction><instruction code="SETL  T1395, 0"><temps name="use"/><temps name="def"><temp name="T1395"/></temps><temps name="in"><temp name="T6"/></temps><temps name="out"><temp name="T6"/></temps></instruction><instruction code="INCML T1395, 0"><temps name="use"/><temps name="def"><temp name="T1395"/></temps><temps name="in"><temp name="T6"/></temps><temps name="out"><temp name="T6"/></temps></instruction><instruction code="INCMH T1395, 0"><temps name="use"/><temps name="def"><temp name="T1395"/></temps><temps name="in"><temp name="T6"/></temps><temps name="out"><temp name="T6"/></temps></instruction><instruction code="INCH  T1395, 0"><temps name="use"/><temps name="def"><temp name="T1395"/></temps><temps name="in"><temp name="T6"/></temps><temps name="out"><temp name="T6"/><temp name="T1395"/></temps></instruction><instruction code="OR T234, T1395, 0"><temps name="use"><temp name="T1395"/></temps><temps name="def"><temp name="T234"/></temps><temps name="in"><temp name="T6"/><temp name="T1395"/></temps><temps name="out"><temp name="T234"/><temp name="T6"/></temps></instruction><instruction code="SETL  T1396, 664"><temps name="use"/><temps name="def"><temp name="T1396"/></temps><temps name="in"><temp name="T234"/><temp name="T6"/></temps><temps name="out"><temp name="T234"/><temp name="T6"/></temps></instruction><instruction code="INCML T1396, 0"><temps name="use"/><temps name="def"><temp name="T1396"/></temps><temps name="in"><temp name="T234"/><temp name="T6"/></temps><temps name="out"><temp name="T234"/><temp name="T6"/></temps></instruction><instruction code="INCMH T1396, 0"><temps name="use"/><temps name="def"><temp name="T1396"/></temps><temps name="in"><temp name="T234"/><temp name="T6"/></temps><temps name="out"><temp name="T234"/><temp name="T6"/></temps></instruction><instruction code="INCH  T1396, 0"><temps name="use"/><temps name="def"><temp name="T1396"/></temps><temps name="in"><temp name="T234"/><temp name="T6"/></temps><temps name="out"><temp name="T234"/><temp name="T6"/><temp name="T1396"/></temps></instruction><instruction code="NEG T1396, 0, T1396"><temps name="use"><temp name="T1396"/></temps><temps name="def"><temp name="T1396"/></temps><temps name="in"><temp name="T234"/><temp name="T6"/><temp name="T1396"/></temps><temps name="out"><temp name="T234"/><temp name="T6"/><temp name="T1396"/></temps></instruction><instruction code="ADD T1397, T6, T1396"><temps name="use"><temp name="T6"/><temp name="T1396"/></temps><temps name="def"><temp name="T1397"/></temps><temps name="in"><temp name="T234"/><temp name="T6"/><temp name="T1396"/></temps><temps name="out"><temp name="T234"/><temp name="T6"/><temp name="T1397"/></temps></instruction><instruction code="SETL  T1398, 1"><temps name="use"/><temps name="def"><temp name="T1398"/></temps><temps name="in"><temp name="T234"/><temp name="T6"/><temp name="T1397"/></temps><temps name="out"><temp name="T234"/><temp name="T6"/><temp name="T1397"/></temps></instruction><instruction code="INCML T1398, 0"><temps name="use"/><temps name="def"><temp name="T1398"/></temps><temps name="in"><temp name="T234"/><temp name="T6"/><temp name="T1397"/></temps><temps name="out"><temp name="T234"/><temp name="T6"/><temp name="T1397"/></temps></instruction><instruction code="INCMH T1398, 0"><temps name="use"/><temps name="def"><temp name="T1398"/></temps><temps name="in"><temp name="T234"/><temp name="T6"/><temp name="T1397"/></temps><temps name="out"><temp name="T234"/><temp name="T6"/><temp name="T1397"/></temps></instruction><instruction code="INCH  T1398, 0"><temps name="use"/><temps name="def"><temp name="T1398"/></temps><temps name="in"><temp name="T234"/><temp name="T6"/><temp name="T1397"/></temps><temps name="out"><temp name="T234"/><temp name="T6"/><temp name="T1397"/><temp name="T1398"/></temps></instruction><instruction code="SETL  T1399, 72"><temps name="use"/><temps name="def"><temp name="T1399"/></temps><temps name="in"><temp name="T234"/><temp name="T6"/><temp name="T1397"/><temp name="T1398"/></temps><temps name="out"><temp name="T234"/><temp name="T6"/><temp name="T1397"/><temp name="T1398"/></temps></instruction><instruction code="INCML T1399, 0"><temps name="use"/><temps name="def"><temp name="T1399"/></temps><temps name="in"><temp name="T234"/><temp name="T6"/><temp name="T1397"/><temp name="T1398"/></temps><temps name="out"><temp name="T234"/><temp name="T6"/><temp name="T1397"/><temp name="T1398"/></temps></instruction><instruction code="INCMH T1399, 0"><temps name="use"/><temps name="def"><temp name="T1399"/></temps><temps name="in"><temp name="T234"/><temp name="T6"/><temp name="T1397"/><temp name="T1398"/></temps><temps name="out"><temp name="T234"/><temp name="T6"/><temp name="T1397"/><temp name="T1398"/></temps></instruction><instruction code="INCH  T1399, 0"><temps name="use"/><temps name="def"><temp name="T1399"/></temps><temps name="in"><temp name="T234"/><temp name="T6"/><temp name="T1397"/><temp name="T1398"/></temps><temps name="out"><temp name="T234"/><temp name="T6"/><temp name="T1397"/><temp name="T1398"/><temp name="T1399"/></temps></instruction><instruction code="MUL T1400, T1398, T1399"><temps name="use"><temp name="T1398"/><temp name="T1399"/></temps><temps name="def"><temp name="T1400"/></temps><temps name="in"><temp name="T234"/><temp name="T6"/><temp name="T1397"/><temp name="T1398"/><temp name="T1399"/></temps><temps name="out"><temp name="T234"/><temp name="T1400"/><temp name="T6"/><temp name="T1397"/></temps></instruction><instruction code="ADD T1401, T1397, T1400"><temps name="use"><temp name="T1397"/><temp name="T1400"/></temps><temps name="def"><temp name="T1401"/></temps><temps name="in"><temp name="T234"/><temp name="T1400"/><temp name="T6"/><temp name="T1397"/></temps><temps name="out"><temp name="T234"/><temp name="T1401"/><temp name="T6"/></temps></instruction><instruction code="SETL  T1402, 3"><temps name="use"/><temps name="def"><temp name="T1402"/></temps><temps name="in"><temp name="T234"/><temp name="T1401"/><temp name="T6"/></temps><temps name="out"><temp name="T234"/><temp name="T1401"/><temp name="T6"/></temps></instruction><instruction code="INCML T1402, 0"><temps name="use"/><temps name="def"><temp name="T1402"/></temps><temps name="in"><temp name="T234"/><temp name="T1401"/><temp name="T6"/></temps><temps name="out"><temp name="T234"/><temp name="T1401"/><temp name="T6"/></temps></instruction><instruction code="INCMH T1402, 0"><temps name="use"/><temps name="def"><temp name="T1402"/></temps><temps name="in"><temp name="T234"/><temp name="T1401"/><temp name="T6"/></temps><temps name="out"><temp name="T234"/><temp name="T1401"/><temp name="T6"/></temps></instruction><instruction code="INCH  T1402, 0"><temps name="use"/><temps name="def"><temp name="T1402"/></temps><temps name="in"><temp name="T234"/><temp name="T1401"/><temp name="T6"/></temps><temps name="out"><temp name="T234"/><temp name="T1401"/><temp name="T6"/><temp name="T1402"/></temps></instruction><instruction code="SETL  T1403, 8"><temps name="use"/><temps name="def"><temp name="T1403"/></temps><temps name="in"><temp name="T234"/><temp name="T1401"/><temp name="T6"/><temp name="T1402"/></temps><temps name="out"><temp name="T234"/><temp name="T1401"/><temp name="T6"/><temp name="T1402"/></temps></instruction><instruction code="INCML T1403, 0"><temps name="use"/><temps name="def"><temp name="T1403"/></temps><temps name="in"><temp name="T234"/><temp name="T1401"/><temp name="T6"/><temp name="T1402"/></temps><temps name="out"><temp name="T234"/><temp name="T1401"/><temp name="T6"/><temp name="T1402"/></temps></instruction><instruction code="INCMH T1403, 0"><temps name="use"/><temps name="def"><temp name="T1403"/></temps><temps name="in"><temp name="T234"/><temp name="T1401"/><temp name="T6"/><temp name="T1402"/></temps><temps name="out"><temp name="T234"/><temp name="T1401"/><temp name="T6"/><temp name="T1402"/></temps></instruction><instruction code="INCH  T1403, 0"><temps name="use"/><temps name="def"><temp name="T1403"/></temps><temps name="in"><temp name="T234"/><temp name="T1401"/><temp name="T6"/><temp name="T1402"/></temps><temps name="out"><temp name="T234"/><temp name="T1401"/><temp name="T6"/><temp name="T1402"/><temp name="T1403"/></temps></instruction><instruction code="MUL T1404, T1402, T1403"><temps name="use"><temp name="T1402"/><temp name="T1403"/></temps><temps name="def"><temp name="T1404"/></temps><temps name="in"><temp name="T234"/><temp name="T1401"/><temp name="T6"/><temp name="T1402"/><temp name="T1403"/></temps><temps name="out"><temp name="T234"/><temp name="T1401"/><temp name="T1404"/><temp name="T6"/></temps></instruction><instruction code="ADD T1405, T1401, T1404"><temps name="use"><temp name="T1401"/><temp name="T1404"/></temps><temps name="def"><temp name="T1405"/></temps><temps name="in"><temp name="T234"/><temp name="T1401"/><temp name="T1404"/><temp name="T6"/></temps><temps name="out"><temp name="T234"/><temp name="T1405"/><temp name="T6"/></temps></instruction><instruction code="STO T1405, T234, 0"><temps name="use"><temp name="T1405"/><temp name="T234"/></temps><temps name="def"/><temps name="in"><temp name="T234"/><temp name="T1405"/><temp name="T6"/></temps><temps name="out"><temp name="T6"/></temps></instruction><instruction code="SETL  T1407, 8"><temps name="use"/><temps name="def"><temp name="T1407"/></temps><temps name="in"><temp name="T6"/></temps><temps name="out"><temp name="T6"/></temps></instruction><instruction code="INCML T1407, 0"><temps name="use"/><temps name="def"><temp name="T1407"/></temps><temps name="in"><temp name="T6"/></temps><temps name="out"><temp name="T6"/></temps></instruction><instruction code="INCMH T1407, 0"><temps name="use"/><temps name="def"><temp name="T1407"/></temps><temps name="in"><temp name="T6"/></temps><temps name="out"><temp name="T6"/></temps></instruction><instruction code="INCH  T1407, 0"><temps name="use"/><temps name="def"><temp name="T1407"/></temps><temps name="in"><temp name="T6"/></temps><temps name="out"><temp name="T6"/><temp name="T1407"/></temps></instruction><instruction code="OR T235, T1407, 0"><temps name="use"><temp name="T1407"/></temps><temps name="def"><temp name="T235"/></temps><temps name="in"><temp name="T6"/><temp name="T1407"/></temps><temps name="out"><temp name="T6"/><temp name="T235"/></temps></instruction><instruction code="SETL  T1408, 664"><temps name="use"/><temps name="def"><temp name="T1408"/></temps><temps name="in"><temp name="T6"/><temp name="T235"/></temps><temps name="out"><temp name="T6"/><temp name="T235"/></temps></instruction><instruction code="INCML T1408, 0"><temps name="use"/><temps name="def"><temp name="T1408"/></temps><temps name="in"><temp name="T6"/><temp name="T235"/></temps><temps name="out"><temp name="T6"/><temp name="T235"/></temps></instruction><instruction code="INCMH T1408, 0"><temps name="use"/><temps name="def"><temp name="T1408"/></temps><temps name="in"><temp name="T6"/><temp name="T235"/></temps><temps name="out"><temp name="T6"/><temp name="T235"/></temps></instruction><instruction code="INCH  T1408, 0"><temps name="use"/><temps name="def"><temp name="T1408"/></temps><temps name="in"><temp name="T6"/><temp name="T235"/></temps><temps name="out"><temp name="T6"/><temp name="T235"/><temp name="T1408"/></temps></instruction><instruction code="NEG T1408, 0, T1408"><temps name="use"><temp name="T1408"/></temps><temps name="def"><temp name="T1408"/></temps><temps name="in"><temp name="T6"/><temp name="T235"/><temp name="T1408"/></temps><temps name="out"><temp name="T6"/><temp name="T235"/><temp name="T1408"/></temps></instruction><instruction code="ADD T1409, T6, T1408"><temps name="use"><temp name="T6"/><temp name="T1408"/></temps><temps name="def"><temp name="T1409"/></temps><temps name="in"><temp name="T6"/><temp name="T235"/><temp name="T1408"/></temps><temps name="out"><temp name="T6"/><temp name="T1409"/><temp name="T235"/></temps></instruction><instruction code="SETL  T1410, 1"><temps name="use"/><temps name="def"><temp name="T1410"/></temps><temps name="in"><temp name="T6"/><temp name="T1409"/><temp name="T235"/></temps><temps name="out"><temp name="T6"/><temp name="T1409"/><temp name="T235"/></temps></instruction><instruction code="INCML T1410, 0"><temps name="use"/><temps name="def"><temp name="T1410"/></temps><temps name="in"><temp name="T6"/><temp name="T1409"/><temp name="T235"/></temps><temps name="out"><temp name="T6"/><temp name="T1409"/><temp name="T235"/></temps></instruction><instruction code="INCMH T1410, 0"><temps name="use"/><temps name="def"><temp name="T1410"/></temps><temps name="in"><temp name="T6"/><temp name="T1409"/><temp name="T235"/></temps><temps name="out"><temp name="T6"/><temp name="T1409"/><temp name="T235"/></temps></instruction><instruction code="INCH  T1410, 0"><temps name="use"/><temps name="def"><temp name="T1410"/></temps><temps name="in"><temp name="T6"/><temp name="T1409"/><temp name="T235"/></temps><temps name="out"><temp name="T1410"/><temp name="T6"/><temp name="T1409"/><temp name="T235"/></temps></instruction><instruction code="SETL  T1411, 72"><temps name="use"/><temps name="def"><temp name="T1411"/></temps><temps name="in"><temp name="T1410"/><temp name="T6"/><temp name="T1409"/><temp name="T235"/></temps><temps name="out"><temp name="T1410"/><temp name="T6"/><temp name="T1409"/><temp name="T235"/></temps></instruction><instruction code="INCML T1411, 0"><temps name="use"/><temps name="def"><temp name="T1411"/></temps><temps name="in"><temp name="T1410"/><temp name="T6"/><temp name="T1409"/><temp name="T235"/></temps><temps name="out"><temp name="T1410"/><temp name="T6"/><temp name="T1409"/><temp name="T235"/></temps></instruction><instruction code="INCMH T1411, 0"><temps name="use"/><temps name="def"><temp name="T1411"/></temps><temps name="in"><temp name="T1410"/><temp name="T6"/><temp name="T1409"/><temp name="T235"/></temps><temps name="out"><temp name="T1410"/><temp name="T6"/><temp name="T1409"/><temp name="T235"/></temps></instruction><instruction code="INCH  T1411, 0"><temps name="use"/><temps name="def"><temp name="T1411"/></temps><temps name="in"><temp name="T1410"/><temp name="T6"/><temp name="T1409"/><temp name="T235"/></temps><temps name="out"><temp name="T1410"/><temp name="T6"/><temp name="T1409"/><temp name="T235"/><temp name="T1411"/></temps></instruction><instruction code="MUL T1412, T1410, T1411"><temps name="use"><temp name="T1410"/><temp name="T1411"/></temps><temps name="def"><temp name="T1412"/></temps><temps name="in"><temp name="T1410"/><temp name="T6"/><temp name="T1409"/><temp name="T235"/><temp name="T1411"/></temps><temps name="out"><temp name="T6"/><temp name="T1409"/><temp name="T235"/><temp name="T1412"/></temps></instruction><instruction code="ADD T1413, T1409, T1412"><temps name="use"><temp name="T1409"/><temp name="T1412"/></temps><temps name="def"><temp name="T1413"/></temps><temps name="in"><temp name="T6"/><temp name="T1409"/><temp name="T235"/><temp name="T1412"/></temps><temps name="out"><temp name="T6"/><temp name="T235"/><temp name="T1413"/></temps></instruction><instruction code="SETL  T1414, 4"><temps name="use"/><temps name="def"><temp name="T1414"/></temps><temps name="in"><temp name="T6"/><temp name="T235"/><temp name="T1413"/></temps><temps name="out"><temp name="T6"/><temp name="T235"/><temp name="T1413"/></temps></instruction><instruction code="INCML T1414, 0"><temps name="use"/><temps name="def"><temp name="T1414"/></temps><temps name="in"><temp name="T6"/><temp name="T235"/><temp name="T1413"/></temps><temps name="out"><temp name="T6"/><temp name="T235"/><temp name="T1413"/></temps></instruction><instruction code="INCMH T1414, 0"><temps name="use"/><temps name="def"><temp name="T1414"/></temps><temps name="in"><temp name="T6"/><temp name="T235"/><temp name="T1413"/></temps><temps name="out"><temp name="T6"/><temp name="T235"/><temp name="T1413"/></temps></instruction><instruction code="INCH  T1414, 0"><temps name="use"/><temps name="def"><temp name="T1414"/></temps><temps name="in"><temp name="T6"/><temp name="T235"/><temp name="T1413"/></temps><temps name="out"><temp name="T1414"/><temp name="T6"/><temp name="T235"/><temp name="T1413"/></temps></instruction><instruction code="SETL  T1415, 8"><temps name="use"/><temps name="def"><temp name="T1415"/></temps><temps name="in"><temp name="T1414"/><temp name="T6"/><temp name="T235"/><temp name="T1413"/></temps><temps name="out"><temp name="T1414"/><temp name="T6"/><temp name="T235"/><temp name="T1413"/></temps></instruction><instruction code="INCML T1415, 0"><temps name="use"/><temps name="def"><temp name="T1415"/></temps><temps name="in"><temp name="T1414"/><temp name="T6"/><temp name="T235"/><temp name="T1413"/></temps><temps name="out"><temp name="T1414"/><temp name="T6"/><temp name="T235"/><temp name="T1413"/></temps></instruction><instruction code="INCMH T1415, 0"><temps name="use"/><temps name="def"><temp name="T1415"/></temps><temps name="in"><temp name="T1414"/><temp name="T6"/><temp name="T235"/><temp name="T1413"/></temps><temps name="out"><temp name="T1414"/><temp name="T6"/><temp name="T235"/><temp name="T1413"/></temps></instruction><instruction code="INCH  T1415, 0"><temps name="use"/><temps name="def"><temp name="T1415"/></temps><temps name="in"><temp name="T1414"/><temp name="T6"/><temp name="T235"/><temp name="T1413"/></temps><temps name="out"><temp name="T1414"/><temp name="T6"/><temp name="T235"/><temp name="T1415"/><temp name="T1413"/></temps></instruction><instruction code="MUL T1416, T1414, T1415"><temps name="use"><temp name="T1414"/><temp name="T1415"/></temps><temps name="def"><temp name="T1416"/></temps><temps name="in"><temp name="T1414"/><temp name="T6"/><temp name="T235"/><temp name="T1415"/><temp name="T1413"/></temps><temps name="out"><temp name="T6"/><temp name="T235"/><temp name="T1416"/><temp name="T1413"/></temps></instruction><instruction code="ADD T1417, T1413, T1416"><temps name="use"><temp name="T1413"/><temp name="T1416"/></temps><temps name="def"><temp name="T1417"/></temps><temps name="in"><temp name="T6"/><temp name="T235"/><temp name="T1416"/><temp name="T1413"/></temps><temps name="out"><temp name="T6"/><temp name="T235"/><temp name="T1417"/></temps></instruction><instruction code="STO T1417, T235, 0"><temps name="use"><temp name="T1417"/><temp name="T235"/></temps><temps name="def"/><temps name="in"><temp name="T6"/><temp name="T235"/><temp name="T1417"/></temps><temps name="out"><temp name="T6"/></temps></instruction><instruction code="SETL  T1419, 4"><temps name="use"/><temps name="def"><temp name="T1419"/></temps><temps name="in"><temp name="T6"/></temps><temps name="out"><temp name="T6"/></temps></instruction><instruction code="INCML T1419, 0"><temps name="use"/><temps name="def"><temp name="T1419"/></temps><temps name="in"><temp name="T6"/></temps><temps name="out"><temp name="T6"/></temps></instruction><instruction code="INCMH T1419, 0"><temps name="use"/><temps name="def"><temp name="T1419"/></temps><temps name="in"><temp name="T6"/></temps><temps name="out"><temp name="T6"/></temps></instruction><instruction code="INCH  T1419, 0"><temps name="use"/><temps name="def"><temp name="T1419"/></temps><temps name="in"><temp name="T6"/></temps><temps name="out"><temp name="T6"/><temp name="T1419"/></temps></instruction><instruction code="OR T236, T1419, 0"><temps name="use"><temp name="T1419"/></temps><temps name="def"><temp name="T236"/></temps><temps name="in"><temp name="T6"/><temp name="T1419"/></temps><temps name="out"><temp name="T6"/><temp name="T236"/></temps></instruction><instruction code="SETL  T1420, 664"><temps name="use"/><temps name="def"><temp name="T1420"/></temps><temps name="in"><temp name="T6"/><temp name="T236"/></temps><temps name="out"><temp name="T6"/><temp name="T236"/></temps></instruction><instruction code="INCML T1420, 0"><temps name="use"/><temps name="def"><temp name="T1420"/></temps><temps name="in"><temp name="T6"/><temp name="T236"/></temps><temps name="out"><temp name="T6"/><temp name="T236"/></temps></instruction><instruction code="INCMH T1420, 0"><temps name="use"/><temps name="def"><temp name="T1420"/></temps><temps name="in"><temp name="T6"/><temp name="T236"/></temps><temps name="out"><temp name="T6"/><temp name="T236"/></temps></instruction><instruction code="INCH  T1420, 0"><temps name="use"/><temps name="def"><temp name="T1420"/></temps><temps name="in"><temp name="T6"/><temp name="T236"/></temps><temps name="out"><temp name="T6"/><temp name="T1420"/><temp name="T236"/></temps></instruction><instruction code="NEG T1420, 0, T1420"><temps name="use"><temp name="T1420"/></temps><temps name="def"><temp name="T1420"/></temps><temps name="in"><temp name="T6"/><temp name="T1420"/><temp name="T236"/></temps><temps name="out"><temp name="T6"/><temp name="T1420"/><temp name="T236"/></temps></instruction><instruction code="ADD T1421, T6, T1420"><temps name="use"><temp name="T6"/><temp name="T1420"/></temps><temps name="def"><temp name="T1421"/></temps><temps name="in"><temp name="T6"/><temp name="T1420"/><temp name="T236"/></temps><temps name="out"><temp name="T6"/><temp name="T1421"/><temp name="T236"/></temps></instruction><instruction code="SETL  T1422, 1"><temps name="use"/><temps name="def"><temp name="T1422"/></temps><temps name="in"><temp name="T6"/><temp name="T1421"/><temp name="T236"/></temps><temps name="out"><temp name="T6"/><temp name="T1421"/><temp name="T236"/></temps></instruction><instruction code="INCML T1422, 0"><temps name="use"/><temps name="def"><temp name="T1422"/></temps><temps name="in"><temp name="T6"/><temp name="T1421"/><temp name="T236"/></temps><temps name="out"><temp name="T6"/><temp name="T1421"/><temp name="T236"/></temps></instruction><instruction code="INCMH T1422, 0"><temps name="use"/><temps name="def"><temp name="T1422"/></temps><temps name="in"><temp name="T6"/><temp name="T1421"/><temp name="T236"/></temps><temps name="out"><temp name="T6"/><temp name="T1421"/><temp name="T236"/></temps></instruction><instruction code="INCH  T1422, 0"><temps name="use"/><temps name="def"><temp name="T1422"/></temps><temps name="in"><temp name="T6"/><temp name="T1421"/><temp name="T236"/></temps><temps name="out"><temp name="T1422"/><temp name="T6"/><temp name="T1421"/><temp name="T236"/></temps></instruction><instruction code="SETL  T1423, 72"><temps name="use"/><temps name="def"><temp name="T1423"/></temps><temps name="in"><temp name="T1422"/><temp name="T6"/><temp name="T1421"/><temp name="T236"/></temps><temps name="out"><temp name="T1422"/><temp name="T6"/><temp name="T1421"/><temp name="T236"/></temps></instruction><instruction code="INCML T1423, 0"><temps name="use"/><temps name="def"><temp name="T1423"/></temps><temps name="in"><temp name="T1422"/><temp name="T6"/><temp name="T1421"/><temp name="T236"/></temps><temps name="out"><temp name="T1422"/><temp name="T6"/><temp name="T1421"/><temp name="T236"/></temps></instruction><instruction code="INCMH T1423, 0"><temps name="use"/><temps name="def"><temp name="T1423"/></temps><temps name="in"><temp name="T1422"/><temp name="T6"/><temp name="T1421"/><temp name="T236"/></temps><temps name="out"><temp name="T1422"/><temp name="T6"/><temp name="T1421"/><temp name="T236"/></temps></instruction><instruction code="INCH  T1423, 0"><temps name="use"/><temps name="def"><temp name="T1423"/></temps><temps name="in"><temp name="T1422"/><temp name="T6"/><temp name="T1421"/><temp name="T236"/></temps><temps name="out"><temp name="T1422"/><temp name="T6"/><temp name="T1421"/><temp name="T236"/><temp name="T1423"/></temps></instruction><instruction code="MUL T1424, T1422, T1423"><temps name="use"><temp name="T1422"/><temp name="T1423"/></temps><temps name="def"><temp name="T1424"/></temps><temps name="in"><temp name="T1422"/><temp name="T6"/><temp name="T1421"/><temp name="T236"/><temp name="T1423"/></temps><temps name="out"><temp name="T6"/><temp name="T1421"/><temp name="T1424"/><temp name="T236"/></temps></instruction><instruction code="ADD T1425, T1421, T1424"><temps name="use"><temp name="T1421"/><temp name="T1424"/></temps><temps name="def"><temp name="T1425"/></temps><temps name="in"><temp name="T6"/><temp name="T1421"/><temp name="T1424"/><temp name="T236"/></temps><temps name="out"><temp name="T6"/><temp name="T236"/><temp name="T1425"/></temps></instruction><instruction code="SETL  T1426, 5"><temps name="use"/><temps name="def"><temp name="T1426"/></temps><temps name="in"><temp name="T6"/><temp name="T236"/><temp name="T1425"/></temps><temps name="out"><temp name="T6"/><temp name="T236"/><temp name="T1425"/></temps></instruction><instruction code="INCML T1426, 0"><temps name="use"/><temps name="def"><temp name="T1426"/></temps><temps name="in"><temp name="T6"/><temp name="T236"/><temp name="T1425"/></temps><temps name="out"><temp name="T6"/><temp name="T236"/><temp name="T1425"/></temps></instruction><instruction code="INCMH T1426, 0"><temps name="use"/><temps name="def"><temp name="T1426"/></temps><temps name="in"><temp name="T6"/><temp name="T236"/><temp name="T1425"/></temps><temps name="out"><temp name="T6"/><temp name="T236"/><temp name="T1425"/></temps></instruction><instruction code="INCH  T1426, 0"><temps name="use"/><temps name="def"><temp name="T1426"/></temps><temps name="in"><temp name="T6"/><temp name="T236"/><temp name="T1425"/></temps><temps name="out"><temp name="T6"/><temp name="T236"/><temp name="T1426"/><temp name="T1425"/></temps></instruction><instruction code="SETL  T1427, 8"><temps name="use"/><temps name="def"><temp name="T1427"/></temps><temps name="in"><temp name="T6"/><temp name="T236"/><temp name="T1426"/><temp name="T1425"/></temps><temps name="out"><temp name="T6"/><temp name="T236"/><temp name="T1426"/><temp name="T1425"/></temps></instruction><instruction code="INCML T1427, 0"><temps name="use"/><temps name="def"><temp name="T1427"/></temps><temps name="in"><temp name="T6"/><temp name="T236"/><temp name="T1426"/><temp name="T1425"/></temps><temps name="out"><temp name="T6"/><temp name="T236"/><temp name="T1426"/><temp name="T1425"/></temps></instruction><instruction code="INCMH T1427, 0"><temps name="use"/><temps name="def"><temp name="T1427"/></temps><temps name="in"><temp name="T6"/><temp name="T236"/><temp name="T1426"/><temp name="T1425"/></temps><temps name="out"><temp name="T6"/><temp name="T236"/><temp name="T1426"/><temp name="T1425"/></temps></instruction><instruction code="INCH  T1427, 0"><temps name="use"/><temps name="def"><temp name="T1427"/></temps><temps name="in"><temp name="T6"/><temp name="T236"/><temp name="T1426"/><temp name="T1425"/></temps><temps name="out"><temp name="T1427"/><temp name="T6"/><temp name="T236"/><temp name="T1426"/><temp name="T1425"/></temps></instruction><instruction code="MUL T1428, T1426, T1427"><temps name="use"><temp name="T1426"/><temp name="T1427"/></temps><temps name="def"><temp name="T1428"/></temps><temps name="in"><temp name="T1427"/><temp name="T6"/><temp name="T236"/><temp name="T1426"/><temp name="T1425"/></temps><temps name="out"><temp name="T6"/><temp name="T1428"/><temp name="T236"/><temp name="T1425"/></temps></instruction><instruction code="ADD T1429, T1425, T1428"><temps name="use"><temp name="T1425"/><temp name="T1428"/></temps><temps name="def"><temp name="T1429"/></temps><temps name="in"><temp name="T6"/><temp name="T1428"/><temp name="T236"/><temp name="T1425"/></temps><temps name="out"><temp name="T6"/><temp name="T1429"/><temp name="T236"/></temps></instruction><instruction code="STO T1429, T236, 0"><temps name="use"><temp name="T1429"/><temp name="T236"/></temps><temps name="def"/><temps name="in"><temp name="T6"/><temp name="T1429"/><temp name="T236"/></temps><temps name="out"><temp name="T6"/></temps></instruction><instruction code="SETL  T1431, 0"><temps name="use"/><temps name="def"><temp name="T1431"/></temps><temps name="in"><temp name="T6"/></temps><temps name="out"><temp name="T6"/></temps></instruction><instruction code="INCML T1431, 0"><temps name="use"/><temps name="def"><temp name="T1431"/></temps><temps name="in"><temp name="T6"/></temps><temps name="out"><temp name="T6"/></temps></instruction><instruction code="INCMH T1431, 0"><temps name="use"/><temps name="def"><temp name="T1431"/></temps><temps name="in"><temp name="T6"/></temps><temps name="out"><temp name="T6"/></temps></instruction><instruction code="INCH  T1431, 0"><temps name="use"/><temps name="def"><temp name="T1431"/></temps><temps name="in"><temp name="T6"/></temps><temps name="out"><temp name="T6"/><temp name="T1431"/></temps></instruction><instruction code="OR T237, T1431, 0"><temps name="use"><temp name="T1431"/></temps><temps name="def"><temp name="T237"/></temps><temps name="in"><temp name="T6"/><temp name="T1431"/></temps><temps name="out"><temp name="T6"/><temp name="T237"/></temps></instruction><instruction code="SETL  T1432, 664"><temps name="use"/><temps name="def"><temp name="T1432"/></temps><temps name="in"><temp name="T6"/><temp name="T237"/></temps><temps name="out"><temp name="T6"/><temp name="T237"/></temps></instruction><instruction code="INCML T1432, 0"><temps name="use"/><temps name="def"><temp name="T1432"/></temps><temps name="in"><temp name="T6"/><temp name="T237"/></temps><temps name="out"><temp name="T6"/><temp name="T237"/></temps></instruction><instruction code="INCMH T1432, 0"><temps name="use"/><temps name="def"><temp name="T1432"/></temps><temps name="in"><temp name="T6"/><temp name="T237"/></temps><temps name="out"><temp name="T6"/><temp name="T237"/></temps></instruction><instruction code="INCH  T1432, 0"><temps name="use"/><temps name="def"><temp name="T1432"/></temps><temps name="in"><temp name="T6"/><temp name="T237"/></temps><temps name="out"><temp name="T6"/><temp name="T237"/><temp name="T1432"/></temps></instruction><instruction code="NEG T1432, 0, T1432"><temps name="use"><temp name="T1432"/></temps><temps name="def"><temp name="T1432"/></temps><temps name="in"><temp name="T6"/><temp name="T237"/><temp name="T1432"/></temps><temps name="out"><temp name="T6"/><temp name="T237"/><temp name="T1432"/></temps></instruction><instruction code="ADD T1433, T6, T1432"><temps name="use"><temp name="T6"/><temp name="T1432"/></temps><temps name="def"><temp name="T1433"/></temps><temps name="in"><temp name="T6"/><temp name="T237"/><temp name="T1432"/></temps><temps name="out"><temp name="T6"/><temp name="T1433"/><temp name="T237"/></temps></instruction><instruction code="SETL  T1434, 1"><temps name="use"/><temps name="def"><temp name="T1434"/></temps><temps name="in"><temp name="T6"/><temp name="T1433"/><temp name="T237"/></temps><temps name="out"><temp name="T6"/><temp name="T1433"/><temp name="T237"/></temps></instruction><instruction code="INCML T1434, 0"><temps name="use"/><temps name="def"><temp name="T1434"/></temps><temps name="in"><temp name="T6"/><temp name="T1433"/><temp name="T237"/></temps><temps name="out"><temp name="T6"/><temp name="T1433"/><temp name="T237"/></temps></instruction><instruction code="INCMH T1434, 0"><temps name="use"/><temps name="def"><temp name="T1434"/></temps><temps name="in"><temp name="T6"/><temp name="T1433"/><temp name="T237"/></temps><temps name="out"><temp name="T6"/><temp name="T1433"/><temp name="T237"/></temps></instruction><instruction code="INCH  T1434, 0"><temps name="use"/><temps name="def"><temp name="T1434"/></temps><temps name="in"><temp name="T6"/><temp name="T1433"/><temp name="T237"/></temps><temps name="out"><temp name="T1434"/><temp name="T6"/><temp name="T1433"/><temp name="T237"/></temps></instruction><instruction code="SETL  T1435, 72"><temps name="use"/><temps name="def"><temp name="T1435"/></temps><temps name="in"><temp name="T1434"/><temp name="T6"/><temp name="T1433"/><temp name="T237"/></temps><temps name="out"><temp name="T1434"/><temp name="T6"/><temp name="T1433"/><temp name="T237"/></temps></instruction><instruction code="INCML T1435, 0"><temps name="use"/><temps name="def"><temp name="T1435"/></temps><temps name="in"><temp name="T1434"/><temp name="T6"/><temp name="T1433"/><temp name="T237"/></temps><temps name="out"><temp name="T1434"/><temp name="T6"/><temp name="T1433"/><temp name="T237"/></temps></instruction><instruction code="INCMH T1435, 0"><temps name="use"/><temps name="def"><temp name="T1435"/></temps><temps name="in"><temp name="T1434"/><temp name="T6"/><temp name="T1433"/><temp name="T237"/></temps><temps name="out"><temp name="T1434"/><temp name="T6"/><temp name="T1433"/><temp name="T237"/></temps></instruction><instruction code="INCH  T1435, 0"><temps name="use"/><temps name="def"><temp name="T1435"/></temps><temps name="in"><temp name="T1434"/><temp name="T6"/><temp name="T1433"/><temp name="T237"/></temps><temps name="out"><temp name="T1434"/><temp name="T6"/><temp name="T1433"/><temp name="T237"/><temp name="T1435"/></temps></instruction><instruction code="MUL T1436, T1434, T1435"><temps name="use"><temp name="T1434"/><temp name="T1435"/></temps><temps name="def"><temp name="T1436"/></temps><temps name="in"><temp name="T1434"/><temp name="T6"/><temp name="T1433"/><temp name="T237"/><temp name="T1435"/></temps><temps name="out"><temp name="T6"/><temp name="T1433"/><temp name="T237"/><temp name="T1436"/></temps></instruction><instruction code="ADD T1437, T1433, T1436"><temps name="use"><temp name="T1433"/><temp name="T1436"/></temps><temps name="def"><temp name="T1437"/></temps><temps name="in"><temp name="T6"/><temp name="T1433"/><temp name="T237"/><temp name="T1436"/></temps><temps name="out"><temp name="T6"/><temp name="T237"/><temp name="T1437"/></temps></instruction><instruction code="SETL  T1438, 6"><temps name="use"/><temps name="def"><temp name="T1438"/></temps><temps name="in"><temp name="T6"/><temp name="T237"/><temp name="T1437"/></temps><temps name="out"><temp name="T6"/><temp name="T237"/><temp name="T1437"/></temps></instruction><instruction code="INCML T1438, 0"><temps name="use"/><temps name="def"><temp name="T1438"/></temps><temps name="in"><temp name="T6"/><temp name="T237"/><temp name="T1437"/></temps><temps name="out"><temp name="T6"/><temp name="T237"/><temp name="T1437"/></temps></instruction><instruction code="INCMH T1438, 0"><temps name="use"/><temps name="def"><temp name="T1438"/></temps><temps name="in"><temp name="T6"/><temp name="T237"/><temp name="T1437"/></temps><temps name="out"><temp name="T6"/><temp name="T237"/><temp name="T1437"/></temps></instruction><instruction code="INCH  T1438, 0"><temps name="use"/><temps name="def"><temp name="T1438"/></temps><temps name="in"><temp name="T6"/><temp name="T237"/><temp name="T1437"/></temps><temps name="out"><temp name="T6"/><temp name="T237"/><temp name="T1438"/><temp name="T1437"/></temps></instruction><instruction code="SETL  T1439, 8"><temps name="use"/><temps name="def"><temp name="T1439"/></temps><temps name="in"><temp name="T6"/><temp name="T237"/><temp name="T1438"/><temp name="T1437"/></temps><temps name="out"><temp name="T6"/><temp name="T237"/><temp name="T1438"/><temp name="T1437"/></temps></instruction><instruction code="INCML T1439, 0"><temps name="use"/><temps name="def"><temp name="T1439"/></temps><temps name="in"><temp name="T6"/><temp name="T237"/><temp name="T1438"/><temp name="T1437"/></temps><temps name="out"><temp name="T6"/><temp name="T237"/><temp name="T1438"/><temp name="T1437"/></temps></instruction><instruction code="INCMH T1439, 0"><temps name="use"/><temps name="def"><temp name="T1439"/></temps><temps name="in"><temp name="T6"/><temp name="T237"/><temp name="T1438"/><temp name="T1437"/></temps><temps name="out"><temp name="T6"/><temp name="T237"/><temp name="T1438"/><temp name="T1437"/></temps></instruction><instruction code="INCH  T1439, 0"><temps name="use"/><temps name="def"><temp name="T1439"/></temps><temps name="in"><temp name="T6"/><temp name="T237"/><temp name="T1438"/><temp name="T1437"/></temps><temps name="out"><temp name="T6"/><temp name="T237"/><temp name="T1439"/><temp name="T1438"/><temp name="T1437"/></temps></instruction><instruction code="MUL T1440, T1438, T1439"><temps name="use"><temp name="T1438"/><temp name="T1439"/></temps><temps name="def"><temp name="T1440"/></temps><temps name="in"><temp name="T6"/><temp name="T237"/><temp name="T1439"/><temp name="T1438"/><temp name="T1437"/></temps><temps name="out"><temp name="T6"/><temp name="T237"/><temp name="T1440"/><temp name="T1437"/></temps></instruction><instruction code="ADD T1441, T1437, T1440"><temps name="use"><temp name="T1437"/><temp name="T1440"/></temps><temps name="def"><temp name="T1441"/></temps><temps name="in"><temp name="T6"/><temp name="T237"/><temp name="T1440"/><temp name="T1437"/></temps><temps name="out"><temp name="T6"/><temp name="T237"/><temp name="T1441"/></temps></instruction><instruction code="STO T1441, T237, 0"><temps name="use"><temp name="T1441"/><temp name="T237"/></temps><temps name="def"/><temps name="in"><temp name="T6"/><temp name="T237"/><temp name="T1441"/></temps><temps name="out"><temp name="T6"/></temps></instruction><instruction code="SETL  T1443, 0"><temps name="use"/><temps name="def"><temp name="T1443"/></temps><temps name="in"><temp name="T6"/></temps><temps name="out"><temp name="T6"/></temps></instruction><instruction code="INCML T1443, 0"><temps name="use"/><temps name="def"><temp name="T1443"/></temps><temps name="in"><temp name="T6"/></temps><temps name="out"><temp name="T6"/></temps></instruction><instruction code="INCMH T1443, 0"><temps name="use"/><temps name="def"><temp name="T1443"/></temps><temps name="in"><temp name="T6"/></temps><temps name="out"><temp name="T6"/></temps></instruction><instruction code="INCH  T1443, 0"><temps name="use"/><temps name="def"><temp name="T1443"/></temps><temps name="in"><temp name="T6"/></temps><temps name="out"><temp name="T6"/><temp name="T1443"/></temps></instruction><instruction code="OR T238, T1443, 0"><temps name="use"><temp name="T1443"/></temps><temps name="def"><temp name="T238"/></temps><temps name="in"><temp name="T6"/><temp name="T1443"/></temps><temps name="out"><temp name="T6"/><temp name="T238"/></temps></instruction><instruction code="SETL  T1444, 664"><temps name="use"/><temps name="def"><temp name="T1444"/></temps><temps name="in"><temp name="T6"/><temp name="T238"/></temps><temps name="out"><temp name="T6"/><temp name="T238"/></temps></instruction><instruction code="INCML T1444, 0"><temps name="use"/><temps name="def"><temp name="T1444"/></temps><temps name="in"><temp name="T6"/><temp name="T238"/></temps><temps name="out"><temp name="T6"/><temp name="T238"/></temps></instruction><instruction code="INCMH T1444, 0"><temps name="use"/><temps name="def"><temp name="T1444"/></temps><temps name="in"><temp name="T6"/><temp name="T238"/></temps><temps name="out"><temp name="T6"/><temp name="T238"/></temps></instruction><instruction code="INCH  T1444, 0"><temps name="use"/><temps name="def"><temp name="T1444"/></temps><temps name="in"><temp name="T6"/><temp name="T238"/></temps><temps name="out"><temp name="T6"/><temp name="T238"/><temp name="T1444"/></temps></instruction><instruction code="NEG T1444, 0, T1444"><temps name="use"><temp name="T1444"/></temps><temps name="def"><temp name="T1444"/></temps><temps name="in"><temp name="T6"/><temp name="T238"/><temp name="T1444"/></temps><temps name="out"><temp name="T6"/><temp name="T238"/><temp name="T1444"/></temps></instruction><instruction code="ADD T1445, T6, T1444"><temps name="use"><temp name="T6"/><temp name="T1444"/></temps><temps name="def"><temp name="T1445"/></temps><temps name="in"><temp name="T6"/><temp name="T238"/><temp name="T1444"/></temps><temps name="out"><temp name="T1445"/><temp name="T6"/><temp name="T238"/></temps></instruction><instruction code="SETL  T1446, 1"><temps name="use"/><temps name="def"><temp name="T1446"/></temps><temps name="in"><temp name="T1445"/><temp name="T6"/><temp name="T238"/></temps><temps name="out"><temp name="T1445"/><temp name="T6"/><temp name="T238"/></temps></instruction><instruction code="INCML T1446, 0"><temps name="use"/><temps name="def"><temp name="T1446"/></temps><temps name="in"><temp name="T1445"/><temp name="T6"/><temp name="T238"/></temps><temps name="out"><temp name="T1445"/><temp name="T6"/><temp name="T238"/></temps></instruction><instruction code="INCMH T1446, 0"><temps name="use"/><temps name="def"><temp name="T1446"/></temps><temps name="in"><temp name="T1445"/><temp name="T6"/><temp name="T238"/></temps><temps name="out"><temp name="T1445"/><temp name="T6"/><temp name="T238"/></temps></instruction><instruction code="INCH  T1446, 0"><temps name="use"/><temps name="def"><temp name="T1446"/></temps><temps name="in"><temp name="T1445"/><temp name="T6"/><temp name="T238"/></temps><temps name="out"><temp name="T1445"/><temp name="T6"/><temp name="T238"/><temp name="T1446"/></temps></instruction><instruction code="SETL  T1447, 72"><temps name="use"/><temps name="def"><temp name="T1447"/></temps><temps name="in"><temp name="T1445"/><temp name="T6"/><temp name="T238"/><temp name="T1446"/></temps><temps name="out"><temp name="T1445"/><temp name="T6"/><temp name="T238"/><temp name="T1446"/></temps></instruction><instruction code="INCML T1447, 0"><temps name="use"/><temps name="def"><temp name="T1447"/></temps><temps name="in"><temp name="T1445"/><temp name="T6"/><temp name="T238"/><temp name="T1446"/></temps><temps name="out"><temp name="T1445"/><temp name="T6"/><temp name="T238"/><temp name="T1446"/></temps></instruction><instruction code="INCMH T1447, 0"><temps name="use"/><temps name="def"><temp name="T1447"/></temps><temps name="in"><temp name="T1445"/><temp name="T6"/><temp name="T238"/><temp name="T1446"/></temps><temps name="out"><temp name="T1445"/><temp name="T6"/><temp name="T238"/><temp name="T1446"/></temps></instruction><instruction code="INCH  T1447, 0"><temps name="use"/><temps name="def"><temp name="T1447"/></temps><temps name="in"><temp name="T1445"/><temp name="T6"/><temp name="T238"/><temp name="T1446"/></temps><temps name="out"><temp name="T1445"/><temp name="T6"/><temp name="T1447"/><temp name="T238"/><temp name="T1446"/></temps></instruction><instruction code="MUL T1448, T1446, T1447"><temps name="use"><temp name="T1446"/><temp name="T1447"/></temps><temps name="def"><temp name="T1448"/></temps><temps name="in"><temp name="T1445"/><temp name="T6"/><temp name="T1447"/><temp name="T238"/><temp name="T1446"/></temps><temps name="out"><temp name="T1448"/><temp name="T1445"/><temp name="T6"/><temp name="T238"/></temps></instruction><instruction code="ADD T1449, T1445, T1448"><temps name="use"><temp name="T1445"/><temp name="T1448"/></temps><temps name="def"><temp name="T1449"/></temps><temps name="in"><temp name="T1448"/><temp name="T1445"/><temp name="T6"/><temp name="T238"/></temps><temps name="out"><temp name="T1449"/><temp name="T6"/><temp name="T238"/></temps></instruction><instruction code="SETL  T1450, 7"><temps name="use"/><temps name="def"><temp name="T1450"/></temps><temps name="in"><temp name="T1449"/><temp name="T6"/><temp name="T238"/></temps><temps name="out"><temp name="T1449"/><temp name="T6"/><temp name="T238"/></temps></instruction><instruction code="INCML T1450, 0"><temps name="use"/><temps name="def"><temp name="T1450"/></temps><temps name="in"><temp name="T1449"/><temp name="T6"/><temp name="T238"/></temps><temps name="out"><temp name="T1449"/><temp name="T6"/><temp name="T238"/></temps></instruction><instruction code="INCMH T1450, 0"><temps name="use"/><temps name="def"><temp name="T1450"/></temps><temps name="in"><temp name="T1449"/><temp name="T6"/><temp name="T238"/></temps><temps name="out"><temp name="T1449"/><temp name="T6"/><temp name="T238"/></temps></instruction><instruction code="INCH  T1450, 0"><temps name="use"/><temps name="def"><temp name="T1450"/></temps><temps name="in"><temp name="T1449"/><temp name="T6"/><temp name="T238"/></temps><temps name="out"><temp name="T1450"/><temp name="T1449"/><temp name="T6"/><temp name="T238"/></temps></instruction><instruction code="SETL  T1451, 8"><temps name="use"/><temps name="def"><temp name="T1451"/></temps><temps name="in"><temp name="T1450"/><temp name="T1449"/><temp name="T6"/><temp name="T238"/></temps><temps name="out"><temp name="T1450"/><temp name="T1449"/><temp name="T6"/><temp name="T238"/></temps></instruction><instruction code="INCML T1451, 0"><temps name="use"/><temps name="def"><temp name="T1451"/></temps><temps name="in"><temp name="T1450"/><temp name="T1449"/><temp name="T6"/><temp name="T238"/></temps><temps name="out"><temp name="T1450"/><temp name="T1449"/><temp name="T6"/><temp name="T238"/></temps></instruction><instruction code="INCMH T1451, 0"><temps name="use"/><temps name="def"><temp name="T1451"/></temps><temps name="in"><temp name="T1450"/><temp name="T1449"/><temp name="T6"/><temp name="T238"/></temps><temps name="out"><temp name="T1450"/><temp name="T1449"/><temp name="T6"/><temp name="T238"/></temps></instruction><instruction code="INCH  T1451, 0"><temps name="use"/><temps name="def"><temp name="T1451"/></temps><temps name="in"><temp name="T1450"/><temp name="T1449"/><temp name="T6"/><temp name="T238"/></temps><temps name="out"><temp name="T1450"/><temp name="T1449"/><temp name="T6"/><temp name="T1451"/><temp name="T238"/></temps></instruction><instruction code="MUL T1452, T1450, T1451"><temps name="use"><temp name="T1450"/><temp name="T1451"/></temps><temps name="def"><temp name="T1452"/></temps><temps name="in"><temp name="T1450"/><temp name="T1449"/><temp name="T6"/><temp name="T1451"/><temp name="T238"/></temps><temps name="out"><temp name="T1449"/><temp name="T1452"/><temp name="T6"/><temp name="T238"/></temps></instruction><instruction code="ADD T1453, T1449, T1452"><temps name="use"><temp name="T1449"/><temp name="T1452"/></temps><temps name="def"><temp name="T1453"/></temps><temps name="in"><temp name="T1449"/><temp name="T1452"/><temp name="T6"/><temp name="T238"/></temps><temps name="out"><temp name="T6"/><temp name="T1453"/><temp name="T238"/></temps></instruction><instruction code="STO T1453, T238, 0"><temps name="use"><temp name="T1453"/><temp name="T238"/></temps><temps name="def"/><temps name="in"><temp name="T6"/><temp name="T1453"/><temp name="T238"/></temps><temps name="out"><temp name="T6"/></temps></instruction><instruction code="SETL  T1455, 6"><temps name="use"/><temps name="def"><temp name="T1455"/></temps><temps name="in"><temp name="T6"/></temps><temps name="out"><temp name="T6"/></temps></instruction><instruction code="INCML T1455, 0"><temps name="use"/><temps name="def"><temp name="T1455"/></temps><temps name="in"><temp name="T6"/></temps><temps name="out"><temp name="T6"/></temps></instruction><instruction code="INCMH T1455, 0"><temps name="use"/><temps name="def"><temp name="T1455"/></temps><temps name="in"><temp name="T6"/></temps><temps name="out"><temp name="T6"/></temps></instruction><instruction code="INCH  T1455, 0"><temps name="use"/><temps name="def"><temp name="T1455"/></temps><temps name="in"><temp name="T6"/></temps><temps name="out"><temp name="T6"/><temp name="T1455"/></temps></instruction><instruction code="OR T239, T1455, 0"><temps name="use"><temp name="T1455"/></temps><temps name="def"><temp name="T239"/></temps><temps name="in"><temp name="T6"/><temp name="T1455"/></temps><temps name="out"><temp name="T6"/><temp name="T239"/></temps></instruction><instruction code="SETL  T1456, 664"><temps name="use"/><temps name="def"><temp name="T1456"/></temps><temps name="in"><temp name="T6"/><temp name="T239"/></temps><temps name="out"><temp name="T6"/><temp name="T239"/></temps></instruction><instruction code="INCML T1456, 0"><temps name="use"/><temps name="def"><temp name="T1456"/></temps><temps name="in"><temp name="T6"/><temp name="T239"/></temps><temps name="out"><temp name="T6"/><temp name="T239"/></temps></instruction><instruction code="INCMH T1456, 0"><temps name="use"/><temps name="def"><temp name="T1456"/></temps><temps name="in"><temp name="T6"/><temp name="T239"/></temps><temps name="out"><temp name="T6"/><temp name="T239"/></temps></instruction><instruction code="INCH  T1456, 0"><temps name="use"/><temps name="def"><temp name="T1456"/></temps><temps name="in"><temp name="T6"/><temp name="T239"/></temps><temps name="out"><temp name="T6"/><temp name="T1456"/><temp name="T239"/></temps></instruction><instruction code="NEG T1456, 0, T1456"><temps name="use"><temp name="T1456"/></temps><temps name="def"><temp name="T1456"/></temps><temps name="in"><temp name="T6"/><temp name="T1456"/><temp name="T239"/></temps><temps name="out"><temp name="T6"/><temp name="T1456"/><temp name="T239"/></temps></instruction><instruction code="ADD T1457, T6, T1456"><temps name="use"><temp name="T6"/><temp name="T1456"/></temps><temps name="def"><temp name="T1457"/></temps><temps name="in"><temp name="T6"/><temp name="T1456"/><temp name="T239"/></temps><temps name="out"><temp name="T6"/><temp name="T1457"/><temp name="T239"/></temps></instruction><instruction code="SETL  T1458, 1"><temps name="use"/><temps name="def"><temp name="T1458"/></temps><temps name="in"><temp name="T6"/><temp name="T1457"/><temp name="T239"/></temps><temps name="out"><temp name="T6"/><temp name="T1457"/><temp name="T239"/></temps></instruction><instruction code="INCML T1458, 0"><temps name="use"/><temps name="def"><temp name="T1458"/></temps><temps name="in"><temp name="T6"/><temp name="T1457"/><temp name="T239"/></temps><temps name="out"><temp name="T6"/><temp name="T1457"/><temp name="T239"/></temps></instruction><instruction code="INCMH T1458, 0"><temps name="use"/><temps name="def"><temp name="T1458"/></temps><temps name="in"><temp name="T6"/><temp name="T1457"/><temp name="T239"/></temps><temps name="out"><temp name="T6"/><temp name="T1457"/><temp name="T239"/></temps></instruction><instruction code="INCH  T1458, 0"><temps name="use"/><temps name="def"><temp name="T1458"/></temps><temps name="in"><temp name="T6"/><temp name="T1457"/><temp name="T239"/></temps><temps name="out"><temp name="T6"/><temp name="T1457"/><temp name="T1458"/><temp name="T239"/></temps></instruction><instruction code="SETL  T1459, 72"><temps name="use"/><temps name="def"><temp name="T1459"/></temps><temps name="in"><temp name="T6"/><temp name="T1457"/><temp name="T1458"/><temp name="T239"/></temps><temps name="out"><temp name="T6"/><temp name="T1457"/><temp name="T1458"/><temp name="T239"/></temps></instruction><instruction code="INCML T1459, 0"><temps name="use"/><temps name="def"><temp name="T1459"/></temps><temps name="in"><temp name="T6"/><temp name="T1457"/><temp name="T1458"/><temp name="T239"/></temps><temps name="out"><temp name="T6"/><temp name="T1457"/><temp name="T1458"/><temp name="T239"/></temps></instruction><instruction code="INCMH T1459, 0"><temps name="use"/><temps name="def"><temp name="T1459"/></temps><temps name="in"><temp name="T6"/><temp name="T1457"/><temp name="T1458"/><temp name="T239"/></temps><temps name="out"><temp name="T6"/><temp name="T1457"/><temp name="T1458"/><temp name="T239"/></temps></instruction><instruction code="INCH  T1459, 0"><temps name="use"/><temps name="def"><temp name="T1459"/></temps><temps name="in"><temp name="T6"/><temp name="T1457"/><temp name="T1458"/><temp name="T239"/></temps><temps name="out"><temp name="T6"/><temp name="T1457"/><temp name="T1459"/><temp name="T1458"/><temp name="T239"/></temps></instruction><instruction code="MUL T1460, T1458, T1459"><temps name="use"><temp name="T1458"/><temp name="T1459"/></temps><temps name="def"><temp name="T1460"/></temps><temps name="in"><temp name="T6"/><temp name="T1457"/><temp name="T1459"/><temp name="T1458"/><temp name="T239"/></temps><temps name="out"><temp name="T6"/><temp name="T1460"/><temp name="T1457"/><temp name="T239"/></temps></instruction><instruction code="ADD T1461, T1457, T1460"><temps name="use"><temp name="T1457"/><temp name="T1460"/></temps><temps name="def"><temp name="T1461"/></temps><temps name="in"><temp name="T6"/><temp name="T1460"/><temp name="T1457"/><temp name="T239"/></temps><temps name="out"><temp name="T1461"/><temp name="T6"/><temp name="T239"/></temps></instruction><instruction code="SETL  T1462, 8"><temps name="use"/><temps name="def"><temp name="T1462"/></temps><temps name="in"><temp name="T1461"/><temp name="T6"/><temp name="T239"/></temps><temps name="out"><temp name="T1461"/><temp name="T6"/><temp name="T239"/></temps></instruction><instruction code="INCML T1462, 0"><temps name="use"/><temps name="def"><temp name="T1462"/></temps><temps name="in"><temp name="T1461"/><temp name="T6"/><temp name="T239"/></temps><temps name="out"><temp name="T1461"/><temp name="T6"/><temp name="T239"/></temps></instruction><instruction code="INCMH T1462, 0"><temps name="use"/><temps name="def"><temp name="T1462"/></temps><temps name="in"><temp name="T1461"/><temp name="T6"/><temp name="T239"/></temps><temps name="out"><temp name="T1461"/><temp name="T6"/><temp name="T239"/></temps></instruction><instruction code="INCH  T1462, 0"><temps name="use"/><temps name="def"><temp name="T1462"/></temps><temps name="in"><temp name="T1461"/><temp name="T6"/><temp name="T239"/></temps><temps name="out"><temp name="T1461"/><temp name="T6"/><temp name="T1462"/><temp name="T239"/></temps></instruction><instruction code="SETL  T1463, 8"><temps name="use"/><temps name="def"><temp name="T1463"/></temps><temps name="in"><temp name="T1461"/><temp name="T6"/><temp name="T1462"/><temp name="T239"/></temps><temps name="out"><temp name="T1461"/><temp name="T6"/><temp name="T1462"/><temp name="T239"/></temps></instruction><instruction code="INCML T1463, 0"><temps name="use"/><temps name="def"><temp name="T1463"/></temps><temps name="in"><temp name="T1461"/><temp name="T6"/><temp name="T1462"/><temp name="T239"/></temps><temps name="out"><temp name="T1461"/><temp name="T6"/><temp name="T1462"/><temp name="T239"/></temps></instruction><instruction code="INCMH T1463, 0"><temps name="use"/><temps name="def"><temp name="T1463"/></temps><temps name="in"><temp name="T1461"/><temp name="T6"/><temp name="T1462"/><temp name="T239"/></temps><temps name="out"><temp name="T1461"/><temp name="T6"/><temp name="T1462"/><temp name="T239"/></temps></instruction><instruction code="INCH  T1463, 0"><temps name="use"/><temps name="def"><temp name="T1463"/></temps><temps name="in"><temp name="T1461"/><temp name="T6"/><temp name="T1462"/><temp name="T239"/></temps><temps name="out"><temp name="T1461"/><temp name="T6"/><temp name="T1462"/><temp name="T1463"/><temp name="T239"/></temps></instruction><instruction code="MUL T1464, T1462, T1463"><temps name="use"><temp name="T1462"/><temp name="T1463"/></temps><temps name="def"><temp name="T1464"/></temps><temps name="in"><temp name="T1461"/><temp name="T6"/><temp name="T1462"/><temp name="T1463"/><temp name="T239"/></temps><temps name="out"><temp name="T1461"/><temp name="T6"/><temp name="T1464"/><temp name="T239"/></temps></instruction><instruction code="ADD T1465, T1461, T1464"><temps name="use"><temp name="T1461"/><temp name="T1464"/></temps><temps name="def"><temp name="T1465"/></temps><temps name="in"><temp name="T1461"/><temp name="T6"/><temp name="T1464"/><temp name="T239"/></temps><temps name="out"><temp name="T6"/><temp name="T1465"/><temp name="T239"/></temps></instruction><instruction code="STO T1465, T239, 0"><temps name="use"><temp name="T1465"/><temp name="T239"/></temps><temps name="def"/><temps name="in"><temp name="T6"/><temp name="T1465"/><temp name="T239"/></temps><temps name="out"><temp name="T6"/></temps></instruction><instruction code="SETL  T1467, 8"><temps name="use"/><temps name="def"><temp name="T1467"/></temps><temps name="in"><temp name="T6"/></temps><temps name="out"><temp name="T6"/></temps></instruction><instruction code="INCML T1467, 0"><temps name="use"/><temps name="def"><temp name="T1467"/></temps><temps name="in"><temp name="T6"/></temps><temps name="out"><temp name="T6"/></temps></instruction><instruction code="INCMH T1467, 0"><temps name="use"/><temps name="def"><temp name="T1467"/></temps><temps name="in"><temp name="T6"/></temps><temps name="out"><temp name="T6"/></temps></instruction><instruction code="INCH  T1467, 0"><temps name="use"/><temps name="def"><temp name="T1467"/></temps><temps name="in"><temp name="T6"/></temps><temps name="out"><temp name="T6"/><temp name="T1467"/></temps></instruction><instruction code="OR T240, T1467, 0"><temps name="use"><temp name="T1467"/></temps><temps name="def"><temp name="T240"/></temps><temps name="in"><temp name="T6"/><temp name="T1467"/></temps><temps name="out"><temp name="T240"/><temp name="T6"/></temps></instruction><instruction code="SETL  T1468, 664"><temps name="use"/><temps name="def"><temp name="T1468"/></temps><temps name="in"><temp name="T240"/><temp name="T6"/></temps><temps name="out"><temp name="T240"/><temp name="T6"/></temps></instruction><instruction code="INCML T1468, 0"><temps name="use"/><temps name="def"><temp name="T1468"/></temps><temps name="in"><temp name="T240"/><temp name="T6"/></temps><temps name="out"><temp name="T240"/><temp name="T6"/></temps></instruction><instruction code="INCMH T1468, 0"><temps name="use"/><temps name="def"><temp name="T1468"/></temps><temps name="in"><temp name="T240"/><temp name="T6"/></temps><temps name="out"><temp name="T240"/><temp name="T6"/></temps></instruction><instruction code="INCH  T1468, 0"><temps name="use"/><temps name="def"><temp name="T1468"/></temps><temps name="in"><temp name="T240"/><temp name="T6"/></temps><temps name="out"><temp name="T240"/><temp name="T6"/><temp name="T1468"/></temps></instruction><instruction code="NEG T1468, 0, T1468"><temps name="use"><temp name="T1468"/></temps><temps name="def"><temp name="T1468"/></temps><temps name="in"><temp name="T240"/><temp name="T6"/><temp name="T1468"/></temps><temps name="out"><temp name="T240"/><temp name="T6"/><temp name="T1468"/></temps></instruction><instruction code="ADD T1469, T6, T1468"><temps name="use"><temp name="T6"/><temp name="T1468"/></temps><temps name="def"><temp name="T1469"/></temps><temps name="in"><temp name="T240"/><temp name="T6"/><temp name="T1468"/></temps><temps name="out"><temp name="T240"/><temp name="T6"/><temp name="T1469"/></temps></instruction><instruction code="SETL  T1470, 2"><temps name="use"/><temps name="def"><temp name="T1470"/></temps><temps name="in"><temp name="T240"/><temp name="T6"/><temp name="T1469"/></temps><temps name="out"><temp name="T240"/><temp name="T6"/><temp name="T1469"/></temps></instruction><instruction code="INCML T1470, 0"><temps name="use"/><temps name="def"><temp name="T1470"/></temps><temps name="in"><temp name="T240"/><temp name="T6"/><temp name="T1469"/></temps><temps name="out"><temp name="T240"/><temp name="T6"/><temp name="T1469"/></temps></instruction><instruction code="INCMH T1470, 0"><temps name="use"/><temps name="def"><temp name="T1470"/></temps><temps name="in"><temp name="T240"/><temp name="T6"/><temp name="T1469"/></temps><temps name="out"><temp name="T240"/><temp name="T6"/><temp name="T1469"/></temps></instruction><instruction code="INCH  T1470, 0"><temps name="use"/><temps name="def"><temp name="T1470"/></temps><temps name="in"><temp name="T240"/><temp name="T6"/><temp name="T1469"/></temps><temps name="out"><temp name="T240"/><temp name="T6"/><temp name="T1470"/><temp name="T1469"/></temps></instruction><instruction code="SETL  T1471, 72"><temps name="use"/><temps name="def"><temp name="T1471"/></temps><temps name="in"><temp name="T240"/><temp name="T6"/><temp name="T1470"/><temp name="T1469"/></temps><temps name="out"><temp name="T240"/><temp name="T6"/><temp name="T1470"/><temp name="T1469"/></temps></instruction><instruction code="INCML T1471, 0"><temps name="use"/><temps name="def"><temp name="T1471"/></temps><temps name="in"><temp name="T240"/><temp name="T6"/><temp name="T1470"/><temp name="T1469"/></temps><temps name="out"><temp name="T240"/><temp name="T6"/><temp name="T1470"/><temp name="T1469"/></temps></instruction><instruction code="INCMH T1471, 0"><temps name="use"/><temps name="def"><temp name="T1471"/></temps><temps name="in"><temp name="T240"/><temp name="T6"/><temp name="T1470"/><temp name="T1469"/></temps><temps name="out"><temp name="T240"/><temp name="T6"/><temp name="T1470"/><temp name="T1469"/></temps></instruction><instruction code="INCH  T1471, 0"><temps name="use"/><temps name="def"><temp name="T1471"/></temps><temps name="in"><temp name="T240"/><temp name="T6"/><temp name="T1470"/><temp name="T1469"/></temps><temps name="out"><temp name="T1471"/><temp name="T240"/><temp name="T6"/><temp name="T1470"/><temp name="T1469"/></temps></instruction><instruction code="MUL T1472, T1470, T1471"><temps name="use"><temp name="T1470"/><temp name="T1471"/></temps><temps name="def"><temp name="T1472"/></temps><temps name="in"><temp name="T1471"/><temp name="T240"/><temp name="T6"/><temp name="T1470"/><temp name="T1469"/></temps><temps name="out"><temp name="T240"/><temp name="T6"/><temp name="T1469"/><temp name="T1472"/></temps></instruction><instruction code="ADD T1473, T1469, T1472"><temps name="use"><temp name="T1469"/><temp name="T1472"/></temps><temps name="def"><temp name="T1473"/></temps><temps name="in"><temp name="T240"/><temp name="T6"/><temp name="T1469"/><temp name="T1472"/></temps><temps name="out"><temp name="T240"/><temp name="T6"/><temp name="T1473"/></temps></instruction><instruction code="SETL  T1474, 0"><temps name="use"/><temps name="def"><temp name="T1474"/></temps><temps name="in"><temp name="T240"/><temp name="T6"/><temp name="T1473"/></temps><temps name="out"><temp name="T240"/><temp name="T6"/><temp name="T1473"/></temps></instruction><instruction code="INCML T1474, 0"><temps name="use"/><temps name="def"><temp name="T1474"/></temps><temps name="in"><temp name="T240"/><temp name="T6"/><temp name="T1473"/></temps><temps name="out"><temp name="T240"/><temp name="T6"/><temp name="T1473"/></temps></instruction><instruction code="INCMH T1474, 0"><temps name="use"/><temps name="def"><temp name="T1474"/></temps><temps name="in"><temp name="T240"/><temp name="T6"/><temp name="T1473"/></temps><temps name="out"><temp name="T240"/><temp name="T6"/><temp name="T1473"/></temps></instruction><instruction code="INCH  T1474, 0"><temps name="use"/><temps name="def"><temp name="T1474"/></temps><temps name="in"><temp name="T240"/><temp name="T6"/><temp name="T1473"/></temps><temps name="out"><temp name="T240"/><temp name="T6"/><temp name="T1473"/><temp name="T1474"/></temps></instruction><instruction code="SETL  T1475, 8"><temps name="use"/><temps name="def"><temp name="T1475"/></temps><temps name="in"><temp name="T240"/><temp name="T6"/><temp name="T1473"/><temp name="T1474"/></temps><temps name="out"><temp name="T240"/><temp name="T6"/><temp name="T1473"/><temp name="T1474"/></temps></instruction><instruction code="INCML T1475, 0"><temps name="use"/><temps name="def"><temp name="T1475"/></temps><temps name="in"><temp name="T240"/><temp name="T6"/><temp name="T1473"/><temp name="T1474"/></temps><temps name="out"><temp name="T240"/><temp name="T6"/><temp name="T1473"/><temp name="T1474"/></temps></instruction><instruction code="INCMH T1475, 0"><temps name="use"/><temps name="def"><temp name="T1475"/></temps><temps name="in"><temp name="T240"/><temp name="T6"/><temp name="T1473"/><temp name="T1474"/></temps><temps name="out"><temp name="T240"/><temp name="T6"/><temp name="T1473"/><temp name="T1474"/></temps></instruction><instruction code="INCH  T1475, 0"><temps name="use"/><temps name="def"><temp name="T1475"/></temps><temps name="in"><temp name="T240"/><temp name="T6"/><temp name="T1473"/><temp name="T1474"/></temps><temps name="out"><temp name="T240"/><temp name="T6"/><temp name="T1473"/><temp name="T1474"/><temp name="T1475"/></temps></instruction><instruction code="MUL T1476, T1474, T1475"><temps name="use"><temp name="T1474"/><temp name="T1475"/></temps><temps name="def"><temp name="T1476"/></temps><temps name="in"><temp name="T240"/><temp name="T6"/><temp name="T1473"/><temp name="T1474"/><temp name="T1475"/></temps><temps name="out"><temp name="T1476"/><temp name="T240"/><temp name="T6"/><temp name="T1473"/></temps></instruction><instruction code="ADD T1477, T1473, T1476"><temps name="use"><temp name="T1473"/><temp name="T1476"/></temps><temps name="def"><temp name="T1477"/></temps><temps name="in"><temp name="T1476"/><temp name="T240"/><temp name="T6"/><temp name="T1473"/></temps><temps name="out"><temp name="T240"/><temp name="T6"/><temp name="T1477"/></temps></instruction><instruction code="STO T1477, T240, 0"><temps name="use"><temp name="T1477"/><temp name="T240"/></temps><temps name="def"/><temps name="in"><temp name="T240"/><temp name="T6"/><temp name="T1477"/></temps><temps name="out"><temp name="T6"/></temps></instruction><instruction code="SETL  T1479, 2"><temps name="use"/><temps name="def"><temp name="T1479"/></temps><temps name="in"><temp name="T6"/></temps><temps name="out"><temp name="T6"/></temps></instruction><instruction code="INCML T1479, 0"><temps name="use"/><temps name="def"><temp name="T1479"/></temps><temps name="in"><temp name="T6"/></temps><temps name="out"><temp name="T6"/></temps></instruction><instruction code="INCMH T1479, 0"><temps name="use"/><temps name="def"><temp name="T1479"/></temps><temps name="in"><temp name="T6"/></temps><temps name="out"><temp name="T6"/></temps></instruction><instruction code="INCH  T1479, 0"><temps name="use"/><temps name="def"><temp name="T1479"/></temps><temps name="in"><temp name="T6"/></temps><temps name="out"><temp name="T6"/><temp name="T1479"/></temps></instruction><instruction code="OR T241, T1479, 0"><temps name="use"><temp name="T1479"/></temps><temps name="def"><temp name="T241"/></temps><temps name="in"><temp name="T6"/><temp name="T1479"/></temps><temps name="out"><temp name="T6"/><temp name="T241"/></temps></instruction><instruction code="SETL  T1480, 664"><temps name="use"/><temps name="def"><temp name="T1480"/></temps><temps name="in"><temp name="T6"/><temp name="T241"/></temps><temps name="out"><temp name="T6"/><temp name="T241"/></temps></instruction><instruction code="INCML T1480, 0"><temps name="use"/><temps name="def"><temp name="T1480"/></temps><temps name="in"><temp name="T6"/><temp name="T241"/></temps><temps name="out"><temp name="T6"/><temp name="T241"/></temps></instruction><instruction code="INCMH T1480, 0"><temps name="use"/><temps name="def"><temp name="T1480"/></temps><temps name="in"><temp name="T6"/><temp name="T241"/></temps><temps name="out"><temp name="T6"/><temp name="T241"/></temps></instruction><instruction code="INCH  T1480, 0"><temps name="use"/><temps name="def"><temp name="T1480"/></temps><temps name="in"><temp name="T6"/><temp name="T241"/></temps><temps name="out"><temp name="T1480"/><temp name="T6"/><temp name="T241"/></temps></instruction><instruction code="NEG T1480, 0, T1480"><temps name="use"><temp name="T1480"/></temps><temps name="def"><temp name="T1480"/></temps><temps name="in"><temp name="T1480"/><temp name="T6"/><temp name="T241"/></temps><temps name="out"><temp name="T1480"/><temp name="T6"/><temp name="T241"/></temps></instruction><instruction code="ADD T1481, T6, T1480"><temps name="use"><temp name="T6"/><temp name="T1480"/></temps><temps name="def"><temp name="T1481"/></temps><temps name="in"><temp name="T1480"/><temp name="T6"/><temp name="T241"/></temps><temps name="out"><temp name="T1481"/><temp name="T6"/><temp name="T241"/></temps></instruction><instruction code="SETL  T1482, 2"><temps name="use"/><temps name="def"><temp name="T1482"/></temps><temps name="in"><temp name="T1481"/><temp name="T6"/><temp name="T241"/></temps><temps name="out"><temp name="T1481"/><temp name="T6"/><temp name="T241"/></temps></instruction><instruction code="INCML T1482, 0"><temps name="use"/><temps name="def"><temp name="T1482"/></temps><temps name="in"><temp name="T1481"/><temp name="T6"/><temp name="T241"/></temps><temps name="out"><temp name="T1481"/><temp name="T6"/><temp name="T241"/></temps></instruction><instruction code="INCMH T1482, 0"><temps name="use"/><temps name="def"><temp name="T1482"/></temps><temps name="in"><temp name="T1481"/><temp name="T6"/><temp name="T241"/></temps><temps name="out"><temp name="T1481"/><temp name="T6"/><temp name="T241"/></temps></instruction><instruction code="INCH  T1482, 0"><temps name="use"/><temps name="def"><temp name="T1482"/></temps><temps name="in"><temp name="T1481"/><temp name="T6"/><temp name="T241"/></temps><temps name="out"><temp name="T1481"/><temp name="T6"/><temp name="T1482"/><temp name="T241"/></temps></instruction><instruction code="SETL  T1483, 72"><temps name="use"/><temps name="def"><temp name="T1483"/></temps><temps name="in"><temp name="T1481"/><temp name="T6"/><temp name="T1482"/><temp name="T241"/></temps><temps name="out"><temp name="T1481"/><temp name="T6"/><temp name="T1482"/><temp name="T241"/></temps></instruction><instruction code="INCML T1483, 0"><temps name="use"/><temps name="def"><temp name="T1483"/></temps><temps name="in"><temp name="T1481"/><temp name="T6"/><temp name="T1482"/><temp name="T241"/></temps><temps name="out"><temp name="T1481"/><temp name="T6"/><temp name="T1482"/><temp name="T241"/></temps></instruction><instruction code="INCMH T1483, 0"><temps name="use"/><temps name="def"><temp name="T1483"/></temps><temps name="in"><temp name="T1481"/><temp name="T6"/><temp name="T1482"/><temp name="T241"/></temps><temps name="out"><temp name="T1481"/><temp name="T6"/><temp name="T1482"/><temp name="T241"/></temps></instruction><instruction code="INCH  T1483, 0"><temps name="use"/><temps name="def"><temp name="T1483"/></temps><temps name="in"><temp name="T1481"/><temp name="T6"/><temp name="T1482"/><temp name="T241"/></temps><temps name="out"><temp name="T1481"/><temp name="T6"/><temp name="T1483"/><temp name="T1482"/><temp name="T241"/></temps></instruction><instruction code="MUL T1484, T1482, T1483"><temps name="use"><temp name="T1482"/><temp name="T1483"/></temps><temps name="def"><temp name="T1484"/></temps><temps name="in"><temp name="T1481"/><temp name="T6"/><temp name="T1483"/><temp name="T1482"/><temp name="T241"/></temps><temps name="out"><temp name="T1481"/><temp name="T6"/><temp name="T1484"/><temp name="T241"/></temps></instruction><instruction code="ADD T1485, T1481, T1484"><temps name="use"><temp name="T1481"/><temp name="T1484"/></temps><temps name="def"><temp name="T1485"/></temps><temps name="in"><temp name="T1481"/><temp name="T6"/><temp name="T1484"/><temp name="T241"/></temps><temps name="out"><temp name="T6"/><temp name="T1485"/><temp name="T241"/></temps></instruction><instruction code="SETL  T1486, 1"><temps name="use"/><temps name="def"><temp name="T1486"/></temps><temps name="in"><temp name="T6"/><temp name="T1485"/><temp name="T241"/></temps><temps name="out"><temp name="T6"/><temp name="T1485"/><temp name="T241"/></temps></instruction><instruction code="INCML T1486, 0"><temps name="use"/><temps name="def"><temp name="T1486"/></temps><temps name="in"><temp name="T6"/><temp name="T1485"/><temp name="T241"/></temps><temps name="out"><temp name="T6"/><temp name="T1485"/><temp name="T241"/></temps></instruction><instruction code="INCMH T1486, 0"><temps name="use"/><temps name="def"><temp name="T1486"/></temps><temps name="in"><temp name="T6"/><temp name="T1485"/><temp name="T241"/></temps><temps name="out"><temp name="T6"/><temp name="T1485"/><temp name="T241"/></temps></instruction><instruction code="INCH  T1486, 0"><temps name="use"/><temps name="def"><temp name="T1486"/></temps><temps name="in"><temp name="T6"/><temp name="T1485"/><temp name="T241"/></temps><temps name="out"><temp name="T6"/><temp name="T1485"/><temp name="T1486"/><temp name="T241"/></temps></instruction><instruction code="SETL  T1487, 8"><temps name="use"/><temps name="def"><temp name="T1487"/></temps><temps name="in"><temp name="T6"/><temp name="T1485"/><temp name="T1486"/><temp name="T241"/></temps><temps name="out"><temp name="T6"/><temp name="T1485"/><temp name="T1486"/><temp name="T241"/></temps></instruction><instruction code="INCML T1487, 0"><temps name="use"/><temps name="def"><temp name="T1487"/></temps><temps name="in"><temp name="T6"/><temp name="T1485"/><temp name="T1486"/><temp name="T241"/></temps><temps name="out"><temp name="T6"/><temp name="T1485"/><temp name="T1486"/><temp name="T241"/></temps></instruction><instruction code="INCMH T1487, 0"><temps name="use"/><temps name="def"><temp name="T1487"/></temps><temps name="in"><temp name="T6"/><temp name="T1485"/><temp name="T1486"/><temp name="T241"/></temps><temps name="out"><temp name="T6"/><temp name="T1485"/><temp name="T1486"/><temp name="T241"/></temps></instruction><instruction code="INCH  T1487, 0"><temps name="use"/><temps name="def"><temp name="T1487"/></temps><temps name="in"><temp name="T6"/><temp name="T1485"/><temp name="T1486"/><temp name="T241"/></temps><temps name="out"><temp name="T6"/><temp name="T1487"/><temp name="T1485"/><temp name="T1486"/><temp name="T241"/></temps></instruction><instruction code="MUL T1488, T1486, T1487"><temps name="use"><temp name="T1486"/><temp name="T1487"/></temps><temps name="def"><temp name="T1488"/></temps><temps name="in"><temp name="T6"/><temp name="T1487"/><temp name="T1485"/><temp name="T1486"/><temp name="T241"/></temps><temps name="out"><temp name="T6"/><temp name="T1488"/><temp name="T1485"/><temp name="T241"/></temps></instruction><instruction code="ADD T1489, T1485, T1488"><temps name="use"><temp name="T1485"/><temp name="T1488"/></temps><temps name="def"><temp name="T1489"/></temps><temps name="in"><temp name="T6"/><temp name="T1488"/><temp name="T1485"/><temp name="T241"/></temps><temps name="out"><temp name="T1489"/><temp name="T6"/><temp name="T241"/></temps></instruction><instruction code="STO T1489, T241, 0"><temps name="use"><temp name="T1489"/><temp name="T241"/></temps><temps name="def"/><temps name="in"><temp name="T1489"/><temp name="T6"/><temp name="T241"/></temps><temps name="out"><temp name="T6"/></temps></instruction><instruction code="SETL  T1491, 0"><temps name="use"/><temps name="def"><temp name="T1491"/></temps><temps name="in"><temp name="T6"/></temps><temps name="out"><temp name="T6"/></temps></instruction><instruction code="INCML T1491, 0"><temps name="use"/><temps name="def"><temp name="T1491"/></temps><temps name="in"><temp name="T6"/></temps><temps name="out"><temp name="T6"/></temps></instruction><instruction code="INCMH T1491, 0"><temps name="use"/><temps name="def"><temp name="T1491"/></temps><temps name="in"><temp name="T6"/></temps><temps name="out"><temp name="T6"/></temps></instruction><instruction code="INCH  T1491, 0"><temps name="use"/><temps name="def"><temp name="T1491"/></temps><temps name="in"><temp name="T6"/></temps><temps name="out"><temp name="T6"/><temp name="T1491"/></temps></instruction><instruction code="OR T242, T1491, 0"><temps name="use"><temp name="T1491"/></temps><temps name="def"><temp name="T242"/></temps><temps name="in"><temp name="T6"/><temp name="T1491"/></temps><temps name="out"><temp name="T6"/><temp name="T242"/></temps></instruction><instruction code="SETL  T1492, 664"><temps name="use"/><temps name="def"><temp name="T1492"/></temps><temps name="in"><temp name="T6"/><temp name="T242"/></temps><temps name="out"><temp name="T6"/><temp name="T242"/></temps></instruction><instruction code="INCML T1492, 0"><temps name="use"/><temps name="def"><temp name="T1492"/></temps><temps name="in"><temp name="T6"/><temp name="T242"/></temps><temps name="out"><temp name="T6"/><temp name="T242"/></temps></instruction><instruction code="INCMH T1492, 0"><temps name="use"/><temps name="def"><temp name="T1492"/></temps><temps name="in"><temp name="T6"/><temp name="T242"/></temps><temps name="out"><temp name="T6"/><temp name="T242"/></temps></instruction><instruction code="INCH  T1492, 0"><temps name="use"/><temps name="def"><temp name="T1492"/></temps><temps name="in"><temp name="T6"/><temp name="T242"/></temps><temps name="out"><temp name="T1492"/><temp name="T6"/><temp name="T242"/></temps></instruction><instruction code="NEG T1492, 0, T1492"><temps name="use"><temp name="T1492"/></temps><temps name="def"><temp name="T1492"/></temps><temps name="in"><temp name="T1492"/><temp name="T6"/><temp name="T242"/></temps><temps name="out"><temp name="T1492"/><temp name="T6"/><temp name="T242"/></temps></instruction><instruction code="ADD T1493, T6, T1492"><temps name="use"><temp name="T6"/><temp name="T1492"/></temps><temps name="def"><temp name="T1493"/></temps><temps name="in"><temp name="T1492"/><temp name="T6"/><temp name="T242"/></temps><temps name="out"><temp name="T6"/><temp name="T1493"/><temp name="T242"/></temps></instruction><instruction code="SETL  T1494, 2"><temps name="use"/><temps name="def"><temp name="T1494"/></temps><temps name="in"><temp name="T6"/><temp name="T1493"/><temp name="T242"/></temps><temps name="out"><temp name="T6"/><temp name="T1493"/><temp name="T242"/></temps></instruction><instruction code="INCML T1494, 0"><temps name="use"/><temps name="def"><temp name="T1494"/></temps><temps name="in"><temp name="T6"/><temp name="T1493"/><temp name="T242"/></temps><temps name="out"><temp name="T6"/><temp name="T1493"/><temp name="T242"/></temps></instruction><instruction code="INCMH T1494, 0"><temps name="use"/><temps name="def"><temp name="T1494"/></temps><temps name="in"><temp name="T6"/><temp name="T1493"/><temp name="T242"/></temps><temps name="out"><temp name="T6"/><temp name="T1493"/><temp name="T242"/></temps></instruction><instruction code="INCH  T1494, 0"><temps name="use"/><temps name="def"><temp name="T1494"/></temps><temps name="in"><temp name="T6"/><temp name="T1493"/><temp name="T242"/></temps><temps name="out"><temp name="T6"/><temp name="T1493"/><temp name="T1494"/><temp name="T242"/></temps></instruction><instruction code="SETL  T1495, 72"><temps name="use"/><temps name="def"><temp name="T1495"/></temps><temps name="in"><temp name="T6"/><temp name="T1493"/><temp name="T1494"/><temp name="T242"/></temps><temps name="out"><temp name="T6"/><temp name="T1493"/><temp name="T1494"/><temp name="T242"/></temps></instruction><instruction code="INCML T1495, 0"><temps name="use"/><temps name="def"><temp name="T1495"/></temps><temps name="in"><temp name="T6"/><temp name="T1493"/><temp name="T1494"/><temp name="T242"/></temps><temps name="out"><temp name="T6"/><temp name="T1493"/><temp name="T1494"/><temp name="T242"/></temps></instruction><instruction code="INCMH T1495, 0"><temps name="use"/><temps name="def"><temp name="T1495"/></temps><temps name="in"><temp name="T6"/><temp name="T1493"/><temp name="T1494"/><temp name="T242"/></temps><temps name="out"><temp name="T6"/><temp name="T1493"/><temp name="T1494"/><temp name="T242"/></temps></instruction><instruction code="INCH  T1495, 0"><temps name="use"/><temps name="def"><temp name="T1495"/></temps><temps name="in"><temp name="T6"/><temp name="T1493"/><temp name="T1494"/><temp name="T242"/></temps><temps name="out"><temp name="T6"/><temp name="T1493"/><temp name="T1494"/><temp name="T1495"/><temp name="T242"/></temps></instruction><instruction code="MUL T1496, T1494, T1495"><temps name="use"><temp name="T1494"/><temp name="T1495"/></temps><temps name="def"><temp name="T1496"/></temps><temps name="in"><temp name="T6"/><temp name="T1493"/><temp name="T1494"/><temp name="T1495"/><temp name="T242"/></temps><temps name="out"><temp name="T6"/><temp name="T1493"/><temp name="T242"/><temp name="T1496"/></temps></instruction><instruction code="ADD T1497, T1493, T1496"><temps name="use"><temp name="T1493"/><temp name="T1496"/></temps><temps name="def"><temp name="T1497"/></temps><temps name="in"><temp name="T6"/><temp name="T1493"/><temp name="T242"/><temp name="T1496"/></temps><temps name="out"><temp name="T1497"/><temp name="T6"/><temp name="T242"/></temps></instruction><instruction code="SETL  T1498, 2"><temps name="use"/><temps name="def"><temp name="T1498"/></temps><temps name="in"><temp name="T1497"/><temp name="T6"/><temp name="T242"/></temps><temps name="out"><temp name="T1497"/><temp name="T6"/><temp name="T242"/></temps></instruction><instruction code="INCML T1498, 0"><temps name="use"/><temps name="def"><temp name="T1498"/></temps><temps name="in"><temp name="T1497"/><temp name="T6"/><temp name="T242"/></temps><temps name="out"><temp name="T1497"/><temp name="T6"/><temp name="T242"/></temps></instruction><instruction code="INCMH T1498, 0"><temps name="use"/><temps name="def"><temp name="T1498"/></temps><temps name="in"><temp name="T1497"/><temp name="T6"/><temp name="T242"/></temps><temps name="out"><temp name="T1497"/><temp name="T6"/><temp name="T242"/></temps></instruction><instruction code="INCH  T1498, 0"><temps name="use"/><temps name="def"><temp name="T1498"/></temps><temps name="in"><temp name="T1497"/><temp name="T6"/><temp name="T242"/></temps><temps name="out"><temp name="T1498"/><temp name="T1497"/><temp name="T6"/><temp name="T242"/></temps></instruction><instruction code="SETL  T1499, 8"><temps name="use"/><temps name="def"><temp name="T1499"/></temps><temps name="in"><temp name="T1498"/><temp name="T1497"/><temp name="T6"/><temp name="T242"/></temps><temps name="out"><temp name="T1498"/><temp name="T1497"/><temp name="T6"/><temp name="T242"/></temps></instruction><instruction code="INCML T1499, 0"><temps name="use"/><temps name="def"><temp name="T1499"/></temps><temps name="in"><temp name="T1498"/><temp name="T1497"/><temp name="T6"/><temp name="T242"/></temps><temps name="out"><temp name="T1498"/><temp name="T1497"/><temp name="T6"/><temp name="T242"/></temps></instruction><instruction code="INCMH T1499, 0"><temps name="use"/><temps name="def"><temp name="T1499"/></temps><temps name="in"><temp name="T1498"/><temp name="T1497"/><temp name="T6"/><temp name="T242"/></temps><temps name="out"><temp name="T1498"/><temp name="T1497"/><temp name="T6"/><temp name="T242"/></temps></instruction><instruction code="INCH  T1499, 0"><temps name="use"/><temps name="def"><temp name="T1499"/></temps><temps name="in"><temp name="T1498"/><temp name="T1497"/><temp name="T6"/><temp name="T242"/></temps><temps name="out"><temp name="T1498"/><temp name="T1497"/><temp name="T6"/><temp name="T242"/><temp name="T1499"/></temps></instruction><instruction code="MUL T1500, T1498, T1499"><temps name="use"><temp name="T1498"/><temp name="T1499"/></temps><temps name="def"><temp name="T1500"/></temps><temps name="in"><temp name="T1498"/><temp name="T1497"/><temp name="T6"/><temp name="T242"/><temp name="T1499"/></temps><temps name="out"><temp name="T1497"/><temp name="T6"/><temp name="T242"/><temp name="T1500"/></temps></instruction><instruction code="ADD T1501, T1497, T1500"><temps name="use"><temp name="T1497"/><temp name="T1500"/></temps><temps name="def"><temp name="T1501"/></temps><temps name="in"><temp name="T1497"/><temp name="T6"/><temp name="T242"/><temp name="T1500"/></temps><temps name="out"><temp name="T6"/><temp name="T1501"/><temp name="T242"/></temps></instruction><instruction code="STO T1501, T242, 0"><temps name="use"><temp name="T1501"/><temp name="T242"/></temps><temps name="def"/><temps name="in"><temp name="T6"/><temp name="T1501"/><temp name="T242"/></temps><temps name="out"><temp name="T6"/></temps></instruction><instruction code="SETL  T1503, 0"><temps name="use"/><temps name="def"><temp name="T1503"/></temps><temps name="in"><temp name="T6"/></temps><temps name="out"><temp name="T6"/></temps></instruction><instruction code="INCML T1503, 0"><temps name="use"/><temps name="def"><temp name="T1503"/></temps><temps name="in"><temp name="T6"/></temps><temps name="out"><temp name="T6"/></temps></instruction><instruction code="INCMH T1503, 0"><temps name="use"/><temps name="def"><temp name="T1503"/></temps><temps name="in"><temp name="T6"/></temps><temps name="out"><temp name="T6"/></temps></instruction><instruction code="INCH  T1503, 0"><temps name="use"/><temps name="def"><temp name="T1503"/></temps><temps name="in"><temp name="T6"/></temps><temps name="out"><temp name="T6"/><temp name="T1503"/></temps></instruction><instruction code="OR T243, T1503, 0"><temps name="use"><temp name="T1503"/></temps><temps name="def"><temp name="T243"/></temps><temps name="in"><temp name="T6"/><temp name="T1503"/></temps><temps name="out"><temp name="T6"/><temp name="T243"/></temps></instruction><instruction code="SETL  T1504, 664"><temps name="use"/><temps name="def"><temp name="T1504"/></temps><temps name="in"><temp name="T6"/><temp name="T243"/></temps><temps name="out"><temp name="T6"/><temp name="T243"/></temps></instruction><instruction code="INCML T1504, 0"><temps name="use"/><temps name="def"><temp name="T1504"/></temps><temps name="in"><temp name="T6"/><temp name="T243"/></temps><temps name="out"><temp name="T6"/><temp name="T243"/></temps></instruction><instruction code="INCMH T1504, 0"><temps name="use"/><temps name="def"><temp name="T1504"/></temps><temps name="in"><temp name="T6"/><temp name="T243"/></temps><temps name="out"><temp name="T6"/><temp name="T243"/></temps></instruction><instruction code="INCH  T1504, 0"><temps name="use"/><temps name="def"><temp name="T1504"/></temps><temps name="in"><temp name="T6"/><temp name="T243"/></temps><temps name="out"><temp name="T6"/><temp name="T1504"/><temp name="T243"/></temps></instruction><instruction code="NEG T1504, 0, T1504"><temps name="use"><temp name="T1504"/></temps><temps name="def"><temp name="T1504"/></temps><temps name="in"><temp name="T6"/><temp name="T1504"/><temp name="T243"/></temps><temps name="out"><temp name="T6"/><temp name="T1504"/><temp name="T243"/></temps></instruction><instruction code="ADD T1505, T6, T1504"><temps name="use"><temp name="T6"/><temp name="T1504"/></temps><temps name="def"><temp name="T1505"/></temps><temps name="in"><temp name="T6"/><temp name="T1504"/><temp name="T243"/></temps><temps name="out"><temp name="T6"/><temp name="T243"/><temp name="T1505"/></temps></instruction><instruction code="SETL  T1506, 2"><temps name="use"/><temps name="def"><temp name="T1506"/></temps><temps name="in"><temp name="T6"/><temp name="T243"/><temp name="T1505"/></temps><temps name="out"><temp name="T6"/><temp name="T243"/><temp name="T1505"/></temps></instruction><instruction code="INCML T1506, 0"><temps name="use"/><temps name="def"><temp name="T1506"/></temps><temps name="in"><temp name="T6"/><temp name="T243"/><temp name="T1505"/></temps><temps name="out"><temp name="T6"/><temp name="T243"/><temp name="T1505"/></temps></instruction><instruction code="INCMH T1506, 0"><temps name="use"/><temps name="def"><temp name="T1506"/></temps><temps name="in"><temp name="T6"/><temp name="T243"/><temp name="T1505"/></temps><temps name="out"><temp name="T6"/><temp name="T243"/><temp name="T1505"/></temps></instruction><instruction code="INCH  T1506, 0"><temps name="use"/><temps name="def"><temp name="T1506"/></temps><temps name="in"><temp name="T6"/><temp name="T243"/><temp name="T1505"/></temps><temps name="out"><temp name="T6"/><temp name="T243"/><temp name="T1506"/><temp name="T1505"/></temps></instruction><instruction code="SETL  T1507, 72"><temps name="use"/><temps name="def"><temp name="T1507"/></temps><temps name="in"><temp name="T6"/><temp name="T243"/><temp name="T1506"/><temp name="T1505"/></temps><temps name="out"><temp name="T6"/><temp name="T243"/><temp name="T1506"/><temp name="T1505"/></temps></instruction><instruction code="INCML T1507, 0"><temps name="use"/><temps name="def"><temp name="T1507"/></temps><temps name="in"><temp name="T6"/><temp name="T243"/><temp name="T1506"/><temp name="T1505"/></temps><temps name="out"><temp name="T6"/><temp name="T243"/><temp name="T1506"/><temp name="T1505"/></temps></instruction><instruction code="INCMH T1507, 0"><temps name="use"/><temps name="def"><temp name="T1507"/></temps><temps name="in"><temp name="T6"/><temp name="T243"/><temp name="T1506"/><temp name="T1505"/></temps><temps name="out"><temp name="T6"/><temp name="T243"/><temp name="T1506"/><temp name="T1505"/></temps></instruction><instruction code="INCH  T1507, 0"><temps name="use"/><temps name="def"><temp name="T1507"/></temps><temps name="in"><temp name="T6"/><temp name="T243"/><temp name="T1506"/><temp name="T1505"/></temps><temps name="out"><temp name="T1507"/><temp name="T6"/><temp name="T243"/><temp name="T1506"/><temp name="T1505"/></temps></instruction><instruction code="MUL T1508, T1506, T1507"><temps name="use"><temp name="T1506"/><temp name="T1507"/></temps><temps name="def"><temp name="T1508"/></temps><temps name="in"><temp name="T1507"/><temp name="T6"/><temp name="T243"/><temp name="T1506"/><temp name="T1505"/></temps><temps name="out"><temp name="T6"/><temp name="T243"/><temp name="T1505"/><temp name="T1508"/></temps></instruction><instruction code="ADD T1509, T1505, T1508"><temps name="use"><temp name="T1505"/><temp name="T1508"/></temps><temps name="def"><temp name="T1509"/></temps><temps name="in"><temp name="T6"/><temp name="T243"/><temp name="T1505"/><temp name="T1508"/></temps><temps name="out"><temp name="T1509"/><temp name="T6"/><temp name="T243"/></temps></instruction><instruction code="SETL  T1510, 3"><temps name="use"/><temps name="def"><temp name="T1510"/></temps><temps name="in"><temp name="T1509"/><temp name="T6"/><temp name="T243"/></temps><temps name="out"><temp name="T1509"/><temp name="T6"/><temp name="T243"/></temps></instruction><instruction code="INCML T1510, 0"><temps name="use"/><temps name="def"><temp name="T1510"/></temps><temps name="in"><temp name="T1509"/><temp name="T6"/><temp name="T243"/></temps><temps name="out"><temp name="T1509"/><temp name="T6"/><temp name="T243"/></temps></instruction><instruction code="INCMH T1510, 0"><temps name="use"/><temps name="def"><temp name="T1510"/></temps><temps name="in"><temp name="T1509"/><temp name="T6"/><temp name="T243"/></temps><temps name="out"><temp name="T1509"/><temp name="T6"/><temp name="T243"/></temps></instruction><instruction code="INCH  T1510, 0"><temps name="use"/><temps name="def"><temp name="T1510"/></temps><temps name="in"><temp name="T1509"/><temp name="T6"/><temp name="T243"/></temps><temps name="out"><temp name="T1509"/><temp name="T6"/><temp name="T243"/><temp name="T1510"/></temps></instruction><instruction code="SETL  T1511, 8"><temps name="use"/><temps name="def"><temp name="T1511"/></temps><temps name="in"><temp name="T1509"/><temp name="T6"/><temp name="T243"/><temp name="T1510"/></temps><temps name="out"><temp name="T1509"/><temp name="T6"/><temp name="T243"/><temp name="T1510"/></temps></instruction><instruction code="INCML T1511, 0"><temps name="use"/><temps name="def"><temp name="T1511"/></temps><temps name="in"><temp name="T1509"/><temp name="T6"/><temp name="T243"/><temp name="T1510"/></temps><temps name="out"><temp name="T1509"/><temp name="T6"/><temp name="T243"/><temp name="T1510"/></temps></instruction><instruction code="INCMH T1511, 0"><temps name="use"/><temps name="def"><temp name="T1511"/></temps><temps name="in"><temp name="T1509"/><temp name="T6"/><temp name="T243"/><temp name="T1510"/></temps><temps name="out"><temp name="T1509"/><temp name="T6"/><temp name="T243"/><temp name="T1510"/></temps></instruction><instruction code="INCH  T1511, 0"><temps name="use"/><temps name="def"><temp name="T1511"/></temps><temps name="in"><temp name="T1509"/><temp name="T6"/><temp name="T243"/><temp name="T1510"/></temps><temps name="out"><temp name="T1509"/><temp name="T6"/><temp name="T243"/><temp name="T1511"/><temp name="T1510"/></temps></instruction><instruction code="MUL T1512, T1510, T1511"><temps name="use"><temp name="T1510"/><temp name="T1511"/></temps><temps name="def"><temp name="T1512"/></temps><temps name="in"><temp name="T1509"/><temp name="T6"/><temp name="T243"/><temp name="T1511"/><temp name="T1510"/></temps><temps name="out"><temp name="T1509"/><temp name="T6"/><temp name="T243"/><temp name="T1512"/></temps></instruction><instruction code="ADD T1513, T1509, T1512"><temps name="use"><temp name="T1509"/><temp name="T1512"/></temps><temps name="def"><temp name="T1513"/></temps><temps name="in"><temp name="T1509"/><temp name="T6"/><temp name="T243"/><temp name="T1512"/></temps><temps name="out"><temp name="T6"/><temp name="T243"/><temp name="T1513"/></temps></instruction><instruction code="STO T1513, T243, 0"><temps name="use"><temp name="T1513"/><temp name="T243"/></temps><temps name="def"/><temps name="in"><temp name="T6"/><temp name="T243"/><temp name="T1513"/></temps><temps name="out"><temp name="T6"/></temps></instruction><instruction code="SETL  T1515, 9"><temps name="use"/><temps name="def"><temp name="T1515"/></temps><temps name="in"><temp name="T6"/></temps><temps name="out"><temp name="T6"/></temps></instruction><instruction code="INCML T1515, 0"><temps name="use"/><temps name="def"><temp name="T1515"/></temps><temps name="in"><temp name="T6"/></temps><temps name="out"><temp name="T6"/></temps></instruction><instruction code="INCMH T1515, 0"><temps name="use"/><temps name="def"><temp name="T1515"/></temps><temps name="in"><temp name="T6"/></temps><temps name="out"><temp name="T6"/></temps></instruction><instruction code="INCH  T1515, 0"><temps name="use"/><temps name="def"><temp name="T1515"/></temps><temps name="in"><temp name="T6"/></temps><temps name="out"><temp name="T1515"/><temp name="T6"/></temps></instruction><instruction code="OR T244, T1515, 0"><temps name="use"><temp name="T1515"/></temps><temps name="def"><temp name="T244"/></temps><temps name="in"><temp name="T1515"/><temp name="T6"/></temps><temps name="out"><temp name="T244"/><temp name="T6"/></temps></instruction><instruction code="SETL  T1516, 664"><temps name="use"/><temps name="def"><temp name="T1516"/></temps><temps name="in"><temp name="T244"/><temp name="T6"/></temps><temps name="out"><temp name="T244"/><temp name="T6"/></temps></instruction><instruction code="INCML T1516, 0"><temps name="use"/><temps name="def"><temp name="T1516"/></temps><temps name="in"><temp name="T244"/><temp name="T6"/></temps><temps name="out"><temp name="T244"/><temp name="T6"/></temps></instruction><instruction code="INCMH T1516, 0"><temps name="use"/><temps name="def"><temp name="T1516"/></temps><temps name="in"><temp name="T244"/><temp name="T6"/></temps><temps name="out"><temp name="T244"/><temp name="T6"/></temps></instruction><instruction code="INCH  T1516, 0"><temps name="use"/><temps name="def"><temp name="T1516"/></temps><temps name="in"><temp name="T244"/><temp name="T6"/></temps><temps name="out"><temp name="T244"/><temp name="T6"/><temp name="T1516"/></temps></instruction><instruction code="NEG T1516, 0, T1516"><temps name="use"><temp name="T1516"/></temps><temps name="def"><temp name="T1516"/></temps><temps name="in"><temp name="T244"/><temp name="T6"/><temp name="T1516"/></temps><temps name="out"><temp name="T244"/><temp name="T6"/><temp name="T1516"/></temps></instruction><instruction code="ADD T1517, T6, T1516"><temps name="use"><temp name="T6"/><temp name="T1516"/></temps><temps name="def"><temp name="T1517"/></temps><temps name="in"><temp name="T244"/><temp name="T6"/><temp name="T1516"/></temps><temps name="out"><temp name="T244"/><temp name="T6"/><temp name="T1517"/></temps></instruction><instruction code="SETL  T1518, 2"><temps name="use"/><temps name="def"><temp name="T1518"/></temps><temps name="in"><temp name="T244"/><temp name="T6"/><temp name="T1517"/></temps><temps name="out"><temp name="T244"/><temp name="T6"/><temp name="T1517"/></temps></instruction><instruction code="INCML T1518, 0"><temps name="use"/><temps name="def"><temp name="T1518"/></temps><temps name="in"><temp name="T244"/><temp name="T6"/><temp name="T1517"/></temps><temps name="out"><temp name="T244"/><temp name="T6"/><temp name="T1517"/></temps></instruction><instruction code="INCMH T1518, 0"><temps name="use"/><temps name="def"><temp name="T1518"/></temps><temps name="in"><temp name="T244"/><temp name="T6"/><temp name="T1517"/></temps><temps name="out"><temp name="T244"/><temp name="T6"/><temp name="T1517"/></temps></instruction><instruction code="INCH  T1518, 0"><temps name="use"/><temps name="def"><temp name="T1518"/></temps><temps name="in"><temp name="T244"/><temp name="T6"/><temp name="T1517"/></temps><temps name="out"><temp name="T1518"/><temp name="T244"/><temp name="T6"/><temp name="T1517"/></temps></instruction><instruction code="SETL  T1519, 72"><temps name="use"/><temps name="def"><temp name="T1519"/></temps><temps name="in"><temp name="T1518"/><temp name="T244"/><temp name="T6"/><temp name="T1517"/></temps><temps name="out"><temp name="T1518"/><temp name="T244"/><temp name="T6"/><temp name="T1517"/></temps></instruction><instruction code="INCML T1519, 0"><temps name="use"/><temps name="def"><temp name="T1519"/></temps><temps name="in"><temp name="T1518"/><temp name="T244"/><temp name="T6"/><temp name="T1517"/></temps><temps name="out"><temp name="T1518"/><temp name="T244"/><temp name="T6"/><temp name="T1517"/></temps></instruction><instruction code="INCMH T1519, 0"><temps name="use"/><temps name="def"><temp name="T1519"/></temps><temps name="in"><temp name="T1518"/><temp name="T244"/><temp name="T6"/><temp name="T1517"/></temps><temps name="out"><temp name="T1518"/><temp name="T244"/><temp name="T6"/><temp name="T1517"/></temps></instruction><instruction code="INCH  T1519, 0"><temps name="use"/><temps name="def"><temp name="T1519"/></temps><temps name="in"><temp name="T1518"/><temp name="T244"/><temp name="T6"/><temp name="T1517"/></temps><temps name="out"><temp name="T1518"/><temp name="T244"/><temp name="T6"/><temp name="T1519"/><temp name="T1517"/></temps></instruction><instruction code="MUL T1520, T1518, T1519"><temps name="use"><temp name="T1518"/><temp name="T1519"/></temps><temps name="def"><temp name="T1520"/></temps><temps name="in"><temp name="T1518"/><temp name="T244"/><temp name="T6"/><temp name="T1519"/><temp name="T1517"/></temps><temps name="out"><temp name="T244"/><temp name="T6"/><temp name="T1520"/><temp name="T1517"/></temps></instruction><instruction code="ADD T1521, T1517, T1520"><temps name="use"><temp name="T1517"/><temp name="T1520"/></temps><temps name="def"><temp name="T1521"/></temps><temps name="in"><temp name="T244"/><temp name="T6"/><temp name="T1520"/><temp name="T1517"/></temps><temps name="out"><temp name="T244"/><temp name="T6"/><temp name="T1521"/></temps></instruction><instruction code="SETL  T1522, 4"><temps name="use"/><temps name="def"><temp name="T1522"/></temps><temps name="in"><temp name="T244"/><temp name="T6"/><temp name="T1521"/></temps><temps name="out"><temp name="T244"/><temp name="T6"/><temp name="T1521"/></temps></instruction><instruction code="INCML T1522, 0"><temps name="use"/><temps name="def"><temp name="T1522"/></temps><temps name="in"><temp name="T244"/><temp name="T6"/><temp name="T1521"/></temps><temps name="out"><temp name="T244"/><temp name="T6"/><temp name="T1521"/></temps></instruction><instruction code="INCMH T1522, 0"><temps name="use"/><temps name="def"><temp name="T1522"/></temps><temps name="in"><temp name="T244"/><temp name="T6"/><temp name="T1521"/></temps><temps name="out"><temp name="T244"/><temp name="T6"/><temp name="T1521"/></temps></instruction><instruction code="INCH  T1522, 0"><temps name="use"/><temps name="def"><temp name="T1522"/></temps><temps name="in"><temp name="T244"/><temp name="T6"/><temp name="T1521"/></temps><temps name="out"><temp name="T244"/><temp name="T1522"/><temp name="T6"/><temp name="T1521"/></temps></instruction><instruction code="SETL  T1523, 8"><temps name="use"/><temps name="def"><temp name="T1523"/></temps><temps name="in"><temp name="T244"/><temp name="T1522"/><temp name="T6"/><temp name="T1521"/></temps><temps name="out"><temp name="T244"/><temp name="T1522"/><temp name="T6"/><temp name="T1521"/></temps></instruction><instruction code="INCML T1523, 0"><temps name="use"/><temps name="def"><temp name="T1523"/></temps><temps name="in"><temp name="T244"/><temp name="T1522"/><temp name="T6"/><temp name="T1521"/></temps><temps name="out"><temp name="T244"/><temp name="T1522"/><temp name="T6"/><temp name="T1521"/></temps></instruction><instruction code="INCMH T1523, 0"><temps name="use"/><temps name="def"><temp name="T1523"/></temps><temps name="in"><temp name="T244"/><temp name="T1522"/><temp name="T6"/><temp name="T1521"/></temps><temps name="out"><temp name="T244"/><temp name="T1522"/><temp name="T6"/><temp name="T1521"/></temps></instruction><instruction code="INCH  T1523, 0"><temps name="use"/><temps name="def"><temp name="T1523"/></temps><temps name="in"><temp name="T244"/><temp name="T1522"/><temp name="T6"/><temp name="T1521"/></temps><temps name="out"><temp name="T244"/><temp name="T1522"/><temp name="T6"/><temp name="T1521"/><temp name="T1523"/></temps></instruction><instruction code="MUL T1524, T1522, T1523"><temps name="use"><temp name="T1522"/><temp name="T1523"/></temps><temps name="def"><temp name="T1524"/></temps><temps name="in"><temp name="T244"/><temp name="T1522"/><temp name="T6"/><temp name="T1521"/><temp name="T1523"/></temps><temps name="out"><temp name="T244"/><temp name="T6"/><temp name="T1524"/><temp name="T1521"/></temps></instruction><instruction code="ADD T1525, T1521, T1524"><temps name="use"><temp name="T1521"/><temp name="T1524"/></temps><temps name="def"><temp name="T1525"/></temps><temps name="in"><temp name="T244"/><temp name="T6"/><temp name="T1524"/><temp name="T1521"/></temps><temps name="out"><temp name="T244"/><temp name="T6"/><temp name="T1525"/></temps></instruction><instruction code="STO T1525, T244, 0"><temps name="use"><temp name="T1525"/><temp name="T244"/></temps><temps name="def"/><temps name="in"><temp name="T244"/><temp name="T6"/><temp name="T1525"/></temps><temps name="out"><temp name="T6"/></temps></instruction><instruction code="SETL  T1527, 0"><temps name="use"/><temps name="def"><temp name="T1527"/></temps><temps name="in"><temp name="T6"/></temps><temps name="out"><temp name="T6"/></temps></instruction><instruction code="INCML T1527, 0"><temps name="use"/><temps name="def"><temp name="T1527"/></temps><temps name="in"><temp name="T6"/></temps><temps name="out"><temp name="T6"/></temps></instruction><instruction code="INCMH T1527, 0"><temps name="use"/><temps name="def"><temp name="T1527"/></temps><temps name="in"><temp name="T6"/></temps><temps name="out"><temp name="T6"/></temps></instruction><instruction code="INCH  T1527, 0"><temps name="use"/><temps name="def"><temp name="T1527"/></temps><temps name="in"><temp name="T6"/></temps><temps name="out"><temp name="T6"/><temp name="T1527"/></temps></instruction><instruction code="OR T245, T1527, 0"><temps name="use"><temp name="T1527"/></temps><temps name="def"><temp name="T245"/></temps><temps name="in"><temp name="T6"/><temp name="T1527"/></temps><temps name="out"><temp name="T6"/><temp name="T245"/></temps></instruction><instruction code="SETL  T1528, 664"><temps name="use"/><temps name="def"><temp name="T1528"/></temps><temps name="in"><temp name="T6"/><temp name="T245"/></temps><temps name="out"><temp name="T6"/><temp name="T245"/></temps></instruction><instruction code="INCML T1528, 0"><temps name="use"/><temps name="def"><temp name="T1528"/></temps><temps name="in"><temp name="T6"/><temp name="T245"/></temps><temps name="out"><temp name="T6"/><temp name="T245"/></temps></instruction><instruction code="INCMH T1528, 0"><temps name="use"/><temps name="def"><temp name="T1528"/></temps><temps name="in"><temp name="T6"/><temp name="T245"/></temps><temps name="out"><temp name="T6"/><temp name="T245"/></temps></instruction><instruction code="INCH  T1528, 0"><temps name="use"/><temps name="def"><temp name="T1528"/></temps><temps name="in"><temp name="T6"/><temp name="T245"/></temps><temps name="out"><temp name="T6"/><temp name="T1528"/><temp name="T245"/></temps></instruction><instruction code="NEG T1528, 0, T1528"><temps name="use"><temp name="T1528"/></temps><temps name="def"><temp name="T1528"/></temps><temps name="in"><temp name="T6"/><temp name="T1528"/><temp name="T245"/></temps><temps name="out"><temp name="T6"/><temp name="T1528"/><temp name="T245"/></temps></instruction><instruction code="ADD T1529, T6, T1528"><temps name="use"><temp name="T6"/><temp name="T1528"/></temps><temps name="def"><temp name="T1529"/></temps><temps name="in"><temp name="T6"/><temp name="T1528"/><temp name="T245"/></temps><temps name="out"><temp name="T6"/><temp name="T1529"/><temp name="T245"/></temps></instruction><instruction code="SETL  T1530, 2"><temps name="use"/><temps name="def"><temp name="T1530"/></temps><temps name="in"><temp name="T6"/><temp name="T1529"/><temp name="T245"/></temps><temps name="out"><temp name="T6"/><temp name="T1529"/><temp name="T245"/></temps></instruction><instruction code="INCML T1530, 0"><temps name="use"/><temps name="def"><temp name="T1530"/></temps><temps name="in"><temp name="T6"/><temp name="T1529"/><temp name="T245"/></temps><temps name="out"><temp name="T6"/><temp name="T1529"/><temp name="T245"/></temps></instruction><instruction code="INCMH T1530, 0"><temps name="use"/><temps name="def"><temp name="T1530"/></temps><temps name="in"><temp name="T6"/><temp name="T1529"/><temp name="T245"/></temps><temps name="out"><temp name="T6"/><temp name="T1529"/><temp name="T245"/></temps></instruction><instruction code="INCH  T1530, 0"><temps name="use"/><temps name="def"><temp name="T1530"/></temps><temps name="in"><temp name="T6"/><temp name="T1529"/><temp name="T245"/></temps><temps name="out"><temp name="T6"/><temp name="T1530"/><temp name="T1529"/><temp name="T245"/></temps></instruction><instruction code="SETL  T1531, 72"><temps name="use"/><temps name="def"><temp name="T1531"/></temps><temps name="in"><temp name="T6"/><temp name="T1530"/><temp name="T1529"/><temp name="T245"/></temps><temps name="out"><temp name="T6"/><temp name="T1530"/><temp name="T1529"/><temp name="T245"/></temps></instruction><instruction code="INCML T1531, 0"><temps name="use"/><temps name="def"><temp name="T1531"/></temps><temps name="in"><temp name="T6"/><temp name="T1530"/><temp name="T1529"/><temp name="T245"/></temps><temps name="out"><temp name="T6"/><temp name="T1530"/><temp name="T1529"/><temp name="T245"/></temps></instruction><instruction code="INCMH T1531, 0"><temps name="use"/><temps name="def"><temp name="T1531"/></temps><temps name="in"><temp name="T6"/><temp name="T1530"/><temp name="T1529"/><temp name="T245"/></temps><temps name="out"><temp name="T6"/><temp name="T1530"/><temp name="T1529"/><temp name="T245"/></temps></instruction><instruction code="INCH  T1531, 0"><temps name="use"/><temps name="def"><temp name="T1531"/></temps><temps name="in"><temp name="T6"/><temp name="T1530"/><temp name="T1529"/><temp name="T245"/></temps><temps name="out"><temp name="T1531"/><temp name="T6"/><temp name="T1530"/><temp name="T1529"/><temp name="T245"/></temps></instruction><instruction code="MUL T1532, T1530, T1531"><temps name="use"><temp name="T1530"/><temp name="T1531"/></temps><temps name="def"><temp name="T1532"/></temps><temps name="in"><temp name="T1531"/><temp name="T6"/><temp name="T1530"/><temp name="T1529"/><temp name="T245"/></temps><temps name="out"><temp name="T6"/><temp name="T1532"/><temp name="T1529"/><temp name="T245"/></temps></instruction><instruction code="ADD T1533, T1529, T1532"><temps name="use"><temp name="T1529"/><temp name="T1532"/></temps><temps name="def"><temp name="T1533"/></temps><temps name="in"><temp name="T6"/><temp name="T1532"/><temp name="T1529"/><temp name="T245"/></temps><temps name="out"><temp name="T6"/><temp name="T1533"/><temp name="T245"/></temps></instruction><instruction code="SETL  T1534, 5"><temps name="use"/><temps name="def"><temp name="T1534"/></temps><temps name="in"><temp name="T6"/><temp name="T1533"/><temp name="T245"/></temps><temps name="out"><temp name="T6"/><temp name="T1533"/><temp name="T245"/></temps></instruction><instruction code="INCML T1534, 0"><temps name="use"/><temps name="def"><temp name="T1534"/></temps><temps name="in"><temp name="T6"/><temp name="T1533"/><temp name="T245"/></temps><temps name="out"><temp name="T6"/><temp name="T1533"/><temp name="T245"/></temps></instruction><instruction code="INCMH T1534, 0"><temps name="use"/><temps name="def"><temp name="T1534"/></temps><temps name="in"><temp name="T6"/><temp name="T1533"/><temp name="T245"/></temps><temps name="out"><temp name="T6"/><temp name="T1533"/><temp name="T245"/></temps></instruction><instruction code="INCH  T1534, 0"><temps name="use"/><temps name="def"><temp name="T1534"/></temps><temps name="in"><temp name="T6"/><temp name="T1533"/><temp name="T245"/></temps><temps name="out"><temp name="T6"/><temp name="T1534"/><temp name="T1533"/><temp name="T245"/></temps></instruction><instruction code="SETL  T1535, 8"><temps name="use"/><temps name="def"><temp name="T1535"/></temps><temps name="in"><temp name="T6"/><temp name="T1534"/><temp name="T1533"/><temp name="T245"/></temps><temps name="out"><temp name="T6"/><temp name="T1534"/><temp name="T1533"/><temp name="T245"/></temps></instruction><instruction code="INCML T1535, 0"><temps name="use"/><temps name="def"><temp name="T1535"/></temps><temps name="in"><temp name="T6"/><temp name="T1534"/><temp name="T1533"/><temp name="T245"/></temps><temps name="out"><temp name="T6"/><temp name="T1534"/><temp name="T1533"/><temp name="T245"/></temps></instruction><instruction code="INCMH T1535, 0"><temps name="use"/><temps name="def"><temp name="T1535"/></temps><temps name="in"><temp name="T6"/><temp name="T1534"/><temp name="T1533"/><temp name="T245"/></temps><temps name="out"><temp name="T6"/><temp name="T1534"/><temp name="T1533"/><temp name="T245"/></temps></instruction><instruction code="INCH  T1535, 0"><temps name="use"/><temps name="def"><temp name="T1535"/></temps><temps name="in"><temp name="T6"/><temp name="T1534"/><temp name="T1533"/><temp name="T245"/></temps><temps name="out"><temp name="T6"/><temp name="T1535"/><temp name="T1534"/><temp name="T1533"/><temp name="T245"/></temps></instruction><instruction code="MUL T1536, T1534, T1535"><temps name="use"><temp name="T1534"/><temp name="T1535"/></temps><temps name="def"><temp name="T1536"/></temps><temps name="in"><temp name="T6"/><temp name="T1535"/><temp name="T1534"/><temp name="T1533"/><temp name="T245"/></temps><temps name="out"><temp name="T6"/><temp name="T1536"/><temp name="T1533"/><temp name="T245"/></temps></instruction><instruction code="ADD T1537, T1533, T1536"><temps name="use"><temp name="T1533"/><temp name="T1536"/></temps><temps name="def"><temp name="T1537"/></temps><temps name="in"><temp name="T6"/><temp name="T1536"/><temp name="T1533"/><temp name="T245"/></temps><temps name="out"><temp name="T6"/><temp name="T1537"/><temp name="T245"/></temps></instruction><instruction code="STO T1537, T245, 0"><temps name="use"><temp name="T1537"/><temp name="T245"/></temps><temps name="def"/><temps name="in"><temp name="T6"/><temp name="T1537"/><temp name="T245"/></temps><temps name="out"><temp name="T6"/></temps></instruction><instruction code="SETL  T1539, 0"><temps name="use"/><temps name="def"><temp name="T1539"/></temps><temps name="in"><temp name="T6"/></temps><temps name="out"><temp name="T6"/></temps></instruction><instruction code="INCML T1539, 0"><temps name="use"/><temps name="def"><temp name="T1539"/></temps><temps name="in"><temp name="T6"/></temps><temps name="out"><temp name="T6"/></temps></instruction><instruction code="INCMH T1539, 0"><temps name="use"/><temps name="def"><temp name="T1539"/></temps><temps name="in"><temp name="T6"/></temps><temps name="out"><temp name="T6"/></temps></instruction><instruction code="INCH  T1539, 0"><temps name="use"/><temps name="def"><temp name="T1539"/></temps><temps name="in"><temp name="T6"/></temps><temps name="out"><temp name="T6"/><temp name="T1539"/></temps></instruction><instruction code="OR T246, T1539, 0"><temps name="use"><temp name="T1539"/></temps><temps name="def"><temp name="T246"/></temps><temps name="in"><temp name="T6"/><temp name="T1539"/></temps><temps name="out"><temp name="T6"/><temp name="T246"/></temps></instruction><instruction code="SETL  T1540, 664"><temps name="use"/><temps name="def"><temp name="T1540"/></temps><temps name="in"><temp name="T6"/><temp name="T246"/></temps><temps name="out"><temp name="T6"/><temp name="T246"/></temps></instruction><instruction code="INCML T1540, 0"><temps name="use"/><temps name="def"><temp name="T1540"/></temps><temps name="in"><temp name="T6"/><temp name="T246"/></temps><temps name="out"><temp name="T6"/><temp name="T246"/></temps></instruction><instruction code="INCMH T1540, 0"><temps name="use"/><temps name="def"><temp name="T1540"/></temps><temps name="in"><temp name="T6"/><temp name="T246"/></temps><temps name="out"><temp name="T6"/><temp name="T246"/></temps></instruction><instruction code="INCH  T1540, 0"><temps name="use"/><temps name="def"><temp name="T1540"/></temps><temps name="in"><temp name="T6"/><temp name="T246"/></temps><temps name="out"><temp name="T6"/><temp name="T246"/><temp name="T1540"/></temps></instruction><instruction code="NEG T1540, 0, T1540"><temps name="use"><temp name="T1540"/></temps><temps name="def"><temp name="T1540"/></temps><temps name="in"><temp name="T6"/><temp name="T246"/><temp name="T1540"/></temps><temps name="out"><temp name="T6"/><temp name="T246"/><temp name="T1540"/></temps></instruction><instruction code="ADD T1541, T6, T1540"><temps name="use"><temp name="T6"/><temp name="T1540"/></temps><temps name="def"><temp name="T1541"/></temps><temps name="in"><temp name="T6"/><temp name="T246"/><temp name="T1540"/></temps><temps name="out"><temp name="T6"/><temp name="T1541"/><temp name="T246"/></temps></instruction><instruction code="SETL  T1542, 2"><temps name="use"/><temps name="def"><temp name="T1542"/></temps><temps name="in"><temp name="T6"/><temp name="T1541"/><temp name="T246"/></temps><temps name="out"><temp name="T6"/><temp name="T1541"/><temp name="T246"/></temps></instruction><instruction code="INCML T1542, 0"><temps name="use"/><temps name="def"><temp name="T1542"/></temps><temps name="in"><temp name="T6"/><temp name="T1541"/><temp name="T246"/></temps><temps name="out"><temp name="T6"/><temp name="T1541"/><temp name="T246"/></temps></instruction><instruction code="INCMH T1542, 0"><temps name="use"/><temps name="def"><temp name="T1542"/></temps><temps name="in"><temp name="T6"/><temp name="T1541"/><temp name="T246"/></temps><temps name="out"><temp name="T6"/><temp name="T1541"/><temp name="T246"/></temps></instruction><instruction code="INCH  T1542, 0"><temps name="use"/><temps name="def"><temp name="T1542"/></temps><temps name="in"><temp name="T6"/><temp name="T1541"/><temp name="T246"/></temps><temps name="out"><temp name="T6"/><temp name="T1541"/><temp name="T246"/><temp name="T1542"/></temps></instruction><instruction code="SETL  T1543, 72"><temps name="use"/><temps name="def"><temp name="T1543"/></temps><temps name="in"><temp name="T6"/><temp name="T1541"/><temp name="T246"/><temp name="T1542"/></temps><temps name="out"><temp name="T6"/><temp name="T1541"/><temp name="T246"/><temp name="T1542"/></temps></instruction><instruction code="INCML T1543, 0"><temps name="use"/><temps name="def"><temp name="T1543"/></temps><temps name="in"><temp name="T6"/><temp name="T1541"/><temp name="T246"/><temp name="T1542"/></temps><temps name="out"><temp name="T6"/><temp name="T1541"/><temp name="T246"/><temp name="T1542"/></temps></instruction><instruction code="INCMH T1543, 0"><temps name="use"/><temps name="def"><temp name="T1543"/></temps><temps name="in"><temp name="T6"/><temp name="T1541"/><temp name="T246"/><temp name="T1542"/></temps><temps name="out"><temp name="T6"/><temp name="T1541"/><temp name="T246"/><temp name="T1542"/></temps></instruction><instruction code="INCH  T1543, 0"><temps name="use"/><temps name="def"><temp name="T1543"/></temps><temps name="in"><temp name="T6"/><temp name="T1541"/><temp name="T246"/><temp name="T1542"/></temps><temps name="out"><temp name="T6"/><temp name="T1541"/><temp name="T246"/><temp name="T1542"/><temp name="T1543"/></temps></instruction><instruction code="MUL T1544, T1542, T1543"><temps name="use"><temp name="T1542"/><temp name="T1543"/></temps><temps name="def"><temp name="T1544"/></temps><temps name="in"><temp name="T6"/><temp name="T1541"/><temp name="T246"/><temp name="T1542"/><temp name="T1543"/></temps><temps name="out"><temp name="T6"/><temp name="T1541"/><temp name="T1544"/><temp name="T246"/></temps></instruction><instruction code="ADD T1545, T1541, T1544"><temps name="use"><temp name="T1541"/><temp name="T1544"/></temps><temps name="def"><temp name="T1545"/></temps><temps name="in"><temp name="T6"/><temp name="T1541"/><temp name="T1544"/><temp name="T246"/></temps><temps name="out"><temp name="T6"/><temp name="T246"/><temp name="T1545"/></temps></instruction><instruction code="SETL  T1546, 6"><temps name="use"/><temps name="def"><temp name="T1546"/></temps><temps name="in"><temp name="T6"/><temp name="T246"/><temp name="T1545"/></temps><temps name="out"><temp name="T6"/><temp name="T246"/><temp name="T1545"/></temps></instruction><instruction code="INCML T1546, 0"><temps name="use"/><temps name="def"><temp name="T1546"/></temps><temps name="in"><temp name="T6"/><temp name="T246"/><temp name="T1545"/></temps><temps name="out"><temp name="T6"/><temp name="T246"/><temp name="T1545"/></temps></instruction><instruction code="INCMH T1546, 0"><temps name="use"/><temps name="def"><temp name="T1546"/></temps><temps name="in"><temp name="T6"/><temp name="T246"/><temp name="T1545"/></temps><temps name="out"><temp name="T6"/><temp name="T246"/><temp name="T1545"/></temps></instruction><instruction code="INCH  T1546, 0"><temps name="use"/><temps name="def"><temp name="T1546"/></temps><temps name="in"><temp name="T6"/><temp name="T246"/><temp name="T1545"/></temps><temps name="out"><temp name="T1546"/><temp name="T6"/><temp name="T246"/><temp name="T1545"/></temps></instruction><instruction code="SETL  T1547, 8"><temps name="use"/><temps name="def"><temp name="T1547"/></temps><temps name="in"><temp name="T1546"/><temp name="T6"/><temp name="T246"/><temp name="T1545"/></temps><temps name="out"><temp name="T1546"/><temp name="T6"/><temp name="T246"/><temp name="T1545"/></temps></instruction><instruction code="INCML T1547, 0"><temps name="use"/><temps name="def"><temp name="T1547"/></temps><temps name="in"><temp name="T1546"/><temp name="T6"/><temp name="T246"/><temp name="T1545"/></temps><temps name="out"><temp name="T1546"/><temp name="T6"/><temp name="T246"/><temp name="T1545"/></temps></instruction><instruction code="INCMH T1547, 0"><temps name="use"/><temps name="def"><temp name="T1547"/></temps><temps name="in"><temp name="T1546"/><temp name="T6"/><temp name="T246"/><temp name="T1545"/></temps><temps name="out"><temp name="T1546"/><temp name="T6"/><temp name="T246"/><temp name="T1545"/></temps></instruction><instruction code="INCH  T1547, 0"><temps name="use"/><temps name="def"><temp name="T1547"/></temps><temps name="in"><temp name="T1546"/><temp name="T6"/><temp name="T246"/><temp name="T1545"/></temps><temps name="out"><temp name="T1546"/><temp name="T6"/><temp name="T246"/><temp name="T1545"/><temp name="T1547"/></temps></instruction><instruction code="MUL T1548, T1546, T1547"><temps name="use"><temp name="T1546"/><temp name="T1547"/></temps><temps name="def"><temp name="T1548"/></temps><temps name="in"><temp name="T1546"/><temp name="T6"/><temp name="T246"/><temp name="T1545"/><temp name="T1547"/></temps><temps name="out"><temp name="T6"/><temp name="T1548"/><temp name="T246"/><temp name="T1545"/></temps></instruction><instruction code="ADD T1549, T1545, T1548"><temps name="use"><temp name="T1545"/><temp name="T1548"/></temps><temps name="def"><temp name="T1549"/></temps><temps name="in"><temp name="T6"/><temp name="T1548"/><temp name="T246"/><temp name="T1545"/></temps><temps name="out"><temp name="T6"/><temp name="T1549"/><temp name="T246"/></temps></instruction><instruction code="STO T1549, T246, 0"><temps name="use"><temp name="T1549"/><temp name="T246"/></temps><temps name="def"/><temps name="in"><temp name="T6"/><temp name="T1549"/><temp name="T246"/></temps><temps name="out"><temp name="T6"/></temps></instruction><instruction code="SETL  T1551, 0"><temps name="use"/><temps name="def"><temp name="T1551"/></temps><temps name="in"><temp name="T6"/></temps><temps name="out"><temp name="T6"/></temps></instruction><instruction code="INCML T1551, 0"><temps name="use"/><temps name="def"><temp name="T1551"/></temps><temps name="in"><temp name="T6"/></temps><temps name="out"><temp name="T6"/></temps></instruction><instruction code="INCMH T1551, 0"><temps name="use"/><temps name="def"><temp name="T1551"/></temps><temps name="in"><temp name="T6"/></temps><temps name="out"><temp name="T6"/></temps></instruction><instruction code="INCH  T1551, 0"><temps name="use"/><temps name="def"><temp name="T1551"/></temps><temps name="in"><temp name="T6"/></temps><temps name="out"><temp name="T6"/><temp name="T1551"/></temps></instruction><instruction code="OR T247, T1551, 0"><temps name="use"><temp name="T1551"/></temps><temps name="def"><temp name="T247"/></temps><temps name="in"><temp name="T6"/><temp name="T1551"/></temps><temps name="out"><temp name="T6"/><temp name="T247"/></temps></instruction><instruction code="SETL  T1552, 664"><temps name="use"/><temps name="def"><temp name="T1552"/></temps><temps name="in"><temp name="T6"/><temp name="T247"/></temps><temps name="out"><temp name="T6"/><temp name="T247"/></temps></instruction><instruction code="INCML T1552, 0"><temps name="use"/><temps name="def"><temp name="T1552"/></temps><temps name="in"><temp name="T6"/><temp name="T247"/></temps><temps name="out"><temp name="T6"/><temp name="T247"/></temps></instruction><instruction code="INCMH T1552, 0"><temps name="use"/><temps name="def"><temp name="T1552"/></temps><temps name="in"><temp name="T6"/><temp name="T247"/></temps><temps name="out"><temp name="T6"/><temp name="T247"/></temps></instruction><instruction code="INCH  T1552, 0"><temps name="use"/><temps name="def"><temp name="T1552"/></temps><temps name="in"><temp name="T6"/><temp name="T247"/></temps><temps name="out"><temp name="T6"/><temp name="T1552"/><temp name="T247"/></temps></instruction><instruction code="NEG T1552, 0, T1552"><temps name="use"><temp name="T1552"/></temps><temps name="def"><temp name="T1552"/></temps><temps name="in"><temp name="T6"/><temp name="T1552"/><temp name="T247"/></temps><temps name="out"><temp name="T6"/><temp name="T1552"/><temp name="T247"/></temps></instruction><instruction code="ADD T1553, T6, T1552"><temps name="use"><temp name="T6"/><temp name="T1552"/></temps><temps name="def"><temp name="T1553"/></temps><temps name="in"><temp name="T6"/><temp name="T1552"/><temp name="T247"/></temps><temps name="out"><temp name="T6"/><temp name="T247"/><temp name="T1553"/></temps></instruction><instruction code="SETL  T1554, 2"><temps name="use"/><temps name="def"><temp name="T1554"/></temps><temps name="in"><temp name="T6"/><temp name="T247"/><temp name="T1553"/></temps><temps name="out"><temp name="T6"/><temp name="T247"/><temp name="T1553"/></temps></instruction><instruction code="INCML T1554, 0"><temps name="use"/><temps name="def"><temp name="T1554"/></temps><temps name="in"><temp name="T6"/><temp name="T247"/><temp name="T1553"/></temps><temps name="out"><temp name="T6"/><temp name="T247"/><temp name="T1553"/></temps></instruction><instruction code="INCMH T1554, 0"><temps name="use"/><temps name="def"><temp name="T1554"/></temps><temps name="in"><temp name="T6"/><temp name="T247"/><temp name="T1553"/></temps><temps name="out"><temp name="T6"/><temp name="T247"/><temp name="T1553"/></temps></instruction><instruction code="INCH  T1554, 0"><temps name="use"/><temps name="def"><temp name="T1554"/></temps><temps name="in"><temp name="T6"/><temp name="T247"/><temp name="T1553"/></temps><temps name="out"><temp name="T1554"/><temp name="T6"/><temp name="T247"/><temp name="T1553"/></temps></instruction><instruction code="SETL  T1555, 72"><temps name="use"/><temps name="def"><temp name="T1555"/></temps><temps name="in"><temp name="T1554"/><temp name="T6"/><temp name="T247"/><temp name="T1553"/></temps><temps name="out"><temp name="T1554"/><temp name="T6"/><temp name="T247"/><temp name="T1553"/></temps></instruction><instruction code="INCML T1555, 0"><temps name="use"/><temps name="def"><temp name="T1555"/></temps><temps name="in"><temp name="T1554"/><temp name="T6"/><temp name="T247"/><temp name="T1553"/></temps><temps name="out"><temp name="T1554"/><temp name="T6"/><temp name="T247"/><temp name="T1553"/></temps></instruction><instruction code="INCMH T1555, 0"><temps name="use"/><temps name="def"><temp name="T1555"/></temps><temps name="in"><temp name="T1554"/><temp name="T6"/><temp name="T247"/><temp name="T1553"/></temps><temps name="out"><temp name="T1554"/><temp name="T6"/><temp name="T247"/><temp name="T1553"/></temps></instruction><instruction code="INCH  T1555, 0"><temps name="use"/><temps name="def"><temp name="T1555"/></temps><temps name="in"><temp name="T1554"/><temp name="T6"/><temp name="T247"/><temp name="T1553"/></temps><temps name="out"><temp name="T1554"/><temp name="T6"/><temp name="T247"/><temp name="T1555"/><temp name="T1553"/></temps></instruction><instruction code="MUL T1556, T1554, T1555"><temps name="use"><temp name="T1554"/><temp name="T1555"/></temps><temps name="def"><temp name="T1556"/></temps><temps name="in"><temp name="T1554"/><temp name="T6"/><temp name="T247"/><temp name="T1555"/><temp name="T1553"/></temps><temps name="out"><temp name="T6"/><temp name="T247"/><temp name="T1556"/><temp name="T1553"/></temps></instruction><instruction code="ADD T1557, T1553, T1556"><temps name="use"><temp name="T1553"/><temp name="T1556"/></temps><temps name="def"><temp name="T1557"/></temps><temps name="in"><temp name="T6"/><temp name="T247"/><temp name="T1556"/><temp name="T1553"/></temps><temps name="out"><temp name="T6"/><temp name="T1557"/><temp name="T247"/></temps></instruction><instruction code="SETL  T1558, 7"><temps name="use"/><temps name="def"><temp name="T1558"/></temps><temps name="in"><temp name="T6"/><temp name="T1557"/><temp name="T247"/></temps><temps name="out"><temp name="T6"/><temp name="T1557"/><temp name="T247"/></temps></instruction><instruction code="INCML T1558, 0"><temps name="use"/><temps name="def"><temp name="T1558"/></temps><temps name="in"><temp name="T6"/><temp name="T1557"/><temp name="T247"/></temps><temps name="out"><temp name="T6"/><temp name="T1557"/><temp name="T247"/></temps></instruction><instruction code="INCMH T1558, 0"><temps name="use"/><temps name="def"><temp name="T1558"/></temps><temps name="in"><temp name="T6"/><temp name="T1557"/><temp name="T247"/></temps><temps name="out"><temp name="T6"/><temp name="T1557"/><temp name="T247"/></temps></instruction><instruction code="INCH  T1558, 0"><temps name="use"/><temps name="def"><temp name="T1558"/></temps><temps name="in"><temp name="T6"/><temp name="T1557"/><temp name="T247"/></temps><temps name="out"><temp name="T6"/><temp name="T1558"/><temp name="T1557"/><temp name="T247"/></temps></instruction><instruction code="SETL  T1559, 8"><temps name="use"/><temps name="def"><temp name="T1559"/></temps><temps name="in"><temp name="T6"/><temp name="T1558"/><temp name="T1557"/><temp name="T247"/></temps><temps name="out"><temp name="T6"/><temp name="T1558"/><temp name="T1557"/><temp name="T247"/></temps></instruction><instruction code="INCML T1559, 0"><temps name="use"/><temps name="def"><temp name="T1559"/></temps><temps name="in"><temp name="T6"/><temp name="T1558"/><temp name="T1557"/><temp name="T247"/></temps><temps name="out"><temp name="T6"/><temp name="T1558"/><temp name="T1557"/><temp name="T247"/></temps></instruction><instruction code="INCMH T1559, 0"><temps name="use"/><temps name="def"><temp name="T1559"/></temps><temps name="in"><temp name="T6"/><temp name="T1558"/><temp name="T1557"/><temp name="T247"/></temps><temps name="out"><temp name="T6"/><temp name="T1558"/><temp name="T1557"/><temp name="T247"/></temps></instruction><instruction code="INCH  T1559, 0"><temps name="use"/><temps name="def"><temp name="T1559"/></temps><temps name="in"><temp name="T6"/><temp name="T1558"/><temp name="T1557"/><temp name="T247"/></temps><temps name="out"><temp name="T6"/><temp name="T1558"/><temp name="T1559"/><temp name="T1557"/><temp name="T247"/></temps></instruction><instruction code="MUL T1560, T1558, T1559"><temps name="use"><temp name="T1558"/><temp name="T1559"/></temps><temps name="def"><temp name="T1560"/></temps><temps name="in"><temp name="T6"/><temp name="T1558"/><temp name="T1559"/><temp name="T1557"/><temp name="T247"/></temps><temps name="out"><temp name="T6"/><temp name="T1560"/><temp name="T1557"/><temp name="T247"/></temps></instruction><instruction code="ADD T1561, T1557, T1560"><temps name="use"><temp name="T1557"/><temp name="T1560"/></temps><temps name="def"><temp name="T1561"/></temps><temps name="in"><temp name="T6"/><temp name="T1560"/><temp name="T1557"/><temp name="T247"/></temps><temps name="out"><temp name="T6"/><temp name="T1561"/><temp name="T247"/></temps></instruction><instruction code="STO T1561, T247, 0"><temps name="use"><temp name="T1561"/><temp name="T247"/></temps><temps name="def"/><temps name="in"><temp name="T6"/><temp name="T1561"/><temp name="T247"/></temps><temps name="out"><temp name="T6"/></temps></instruction><instruction code="SETL  T1563, 0"><temps name="use"/><temps name="def"><temp name="T1563"/></temps><temps name="in"><temp name="T6"/></temps><temps name="out"><temp name="T6"/></temps></instruction><instruction code="INCML T1563, 0"><temps name="use"/><temps name="def"><temp name="T1563"/></temps><temps name="in"><temp name="T6"/></temps><temps name="out"><temp name="T6"/></temps></instruction><instruction code="INCMH T1563, 0"><temps name="use"/><temps name="def"><temp name="T1563"/></temps><temps name="in"><temp name="T6"/></temps><temps name="out"><temp name="T6"/></temps></instruction><instruction code="INCH  T1563, 0"><temps name="use"/><temps name="def"><temp name="T1563"/></temps><temps name="in"><temp name="T6"/></temps><temps name="out"><temp name="T6"/><temp name="T1563"/></temps></instruction><instruction code="OR T248, T1563, 0"><temps name="use"><temp name="T1563"/></temps><temps name="def"><temp name="T248"/></temps><temps name="in"><temp name="T6"/><temp name="T1563"/></temps><temps name="out"><temp name="T6"/><temp name="T248"/></temps></instruction><instruction code="SETL  T1564, 664"><temps name="use"/><temps name="def"><temp name="T1564"/></temps><temps name="in"><temp name="T6"/><temp name="T248"/></temps><temps name="out"><temp name="T6"/><temp name="T248"/></temps></instruction><instruction code="INCML T1564, 0"><temps name="use"/><temps name="def"><temp name="T1564"/></temps><temps name="in"><temp name="T6"/><temp name="T248"/></temps><temps name="out"><temp name="T6"/><temp name="T248"/></temps></instruction><instruction code="INCMH T1564, 0"><temps name="use"/><temps name="def"><temp name="T1564"/></temps><temps name="in"><temp name="T6"/><temp name="T248"/></temps><temps name="out"><temp name="T6"/><temp name="T248"/></temps></instruction><instruction code="INCH  T1564, 0"><temps name="use"/><temps name="def"><temp name="T1564"/></temps><temps name="in"><temp name="T6"/><temp name="T248"/></temps><temps name="out"><temp name="T6"/><temp name="T1564"/><temp name="T248"/></temps></instruction><instruction code="NEG T1564, 0, T1564"><temps name="use"><temp name="T1564"/></temps><temps name="def"><temp name="T1564"/></temps><temps name="in"><temp name="T6"/><temp name="T1564"/><temp name="T248"/></temps><temps name="out"><temp name="T6"/><temp name="T1564"/><temp name="T248"/></temps></instruction><instruction code="ADD T1565, T6, T1564"><temps name="use"><temp name="T6"/><temp name="T1564"/></temps><temps name="def"><temp name="T1565"/></temps><temps name="in"><temp name="T6"/><temp name="T1564"/><temp name="T248"/></temps><temps name="out"><temp name="T1565"/><temp name="T6"/><temp name="T248"/></temps></instruction><instruction code="SETL  T1566, 2"><temps name="use"/><temps name="def"><temp name="T1566"/></temps><temps name="in"><temp name="T1565"/><temp name="T6"/><temp name="T248"/></temps><temps name="out"><temp name="T1565"/><temp name="T6"/><temp name="T248"/></temps></instruction><instruction code="INCML T1566, 0"><temps name="use"/><temps name="def"><temp name="T1566"/></temps><temps name="in"><temp name="T1565"/><temp name="T6"/><temp name="T248"/></temps><temps name="out"><temp name="T1565"/><temp name="T6"/><temp name="T248"/></temps></instruction><instruction code="INCMH T1566, 0"><temps name="use"/><temps name="def"><temp name="T1566"/></temps><temps name="in"><temp name="T1565"/><temp name="T6"/><temp name="T248"/></temps><temps name="out"><temp name="T1565"/><temp name="T6"/><temp name="T248"/></temps></instruction><instruction code="INCH  T1566, 0"><temps name="use"/><temps name="def"><temp name="T1566"/></temps><temps name="in"><temp name="T1565"/><temp name="T6"/><temp name="T248"/></temps><temps name="out"><temp name="T1565"/><temp name="T6"/><temp name="T1566"/><temp name="T248"/></temps></instruction><instruction code="SETL  T1567, 72"><temps name="use"/><temps name="def"><temp name="T1567"/></temps><temps name="in"><temp name="T1565"/><temp name="T6"/><temp name="T1566"/><temp name="T248"/></temps><temps name="out"><temp name="T1565"/><temp name="T6"/><temp name="T1566"/><temp name="T248"/></temps></instruction><instruction code="INCML T1567, 0"><temps name="use"/><temps name="def"><temp name="T1567"/></temps><temps name="in"><temp name="T1565"/><temp name="T6"/><temp name="T1566"/><temp name="T248"/></temps><temps name="out"><temp name="T1565"/><temp name="T6"/><temp name="T1566"/><temp name="T248"/></temps></instruction><instruction code="INCMH T1567, 0"><temps name="use"/><temps name="def"><temp name="T1567"/></temps><temps name="in"><temp name="T1565"/><temp name="T6"/><temp name="T1566"/><temp name="T248"/></temps><temps name="out"><temp name="T1565"/><temp name="T6"/><temp name="T1566"/><temp name="T248"/></temps></instruction><instruction code="INCH  T1567, 0"><temps name="use"/><temps name="def"><temp name="T1567"/></temps><temps name="in"><temp name="T1565"/><temp name="T6"/><temp name="T1566"/><temp name="T248"/></temps><temps name="out"><temp name="T1565"/><temp name="T6"/><temp name="T1567"/><temp name="T1566"/><temp name="T248"/></temps></instruction><instruction code="MUL T1568, T1566, T1567"><temps name="use"><temp name="T1566"/><temp name="T1567"/></temps><temps name="def"><temp name="T1568"/></temps><temps name="in"><temp name="T1565"/><temp name="T6"/><temp name="T1567"/><temp name="T1566"/><temp name="T248"/></temps><temps name="out"><temp name="T1565"/><temp name="T6"/><temp name="T248"/><temp name="T1568"/></temps></instruction><instruction code="ADD T1569, T1565, T1568"><temps name="use"><temp name="T1565"/><temp name="T1568"/></temps><temps name="def"><temp name="T1569"/></temps><temps name="in"><temp name="T1565"/><temp name="T6"/><temp name="T248"/><temp name="T1568"/></temps><temps name="out"><temp name="T6"/><temp name="T1569"/><temp name="T248"/></temps></instruction><instruction code="SETL  T1570, 8"><temps name="use"/><temps name="def"><temp name="T1570"/></temps><temps name="in"><temp name="T6"/><temp name="T1569"/><temp name="T248"/></temps><temps name="out"><temp name="T6"/><temp name="T1569"/><temp name="T248"/></temps></instruction><instruction code="INCML T1570, 0"><temps name="use"/><temps name="def"><temp name="T1570"/></temps><temps name="in"><temp name="T6"/><temp name="T1569"/><temp name="T248"/></temps><temps name="out"><temp name="T6"/><temp name="T1569"/><temp name="T248"/></temps></instruction><instruction code="INCMH T1570, 0"><temps name="use"/><temps name="def"><temp name="T1570"/></temps><temps name="in"><temp name="T6"/><temp name="T1569"/><temp name="T248"/></temps><temps name="out"><temp name="T6"/><temp name="T1569"/><temp name="T248"/></temps></instruction><instruction code="INCH  T1570, 0"><temps name="use"/><temps name="def"><temp name="T1570"/></temps><temps name="in"><temp name="T6"/><temp name="T1569"/><temp name="T248"/></temps><temps name="out"><temp name="T1570"/><temp name="T6"/><temp name="T1569"/><temp name="T248"/></temps></instruction><instruction code="SETL  T1571, 8"><temps name="use"/><temps name="def"><temp name="T1571"/></temps><temps name="in"><temp name="T1570"/><temp name="T6"/><temp name="T1569"/><temp name="T248"/></temps><temps name="out"><temp name="T1570"/><temp name="T6"/><temp name="T1569"/><temp name="T248"/></temps></instruction><instruction code="INCML T1571, 0"><temps name="use"/><temps name="def"><temp name="T1571"/></temps><temps name="in"><temp name="T1570"/><temp name="T6"/><temp name="T1569"/><temp name="T248"/></temps><temps name="out"><temp name="T1570"/><temp name="T6"/><temp name="T1569"/><temp name="T248"/></temps></instruction><instruction code="INCMH T1571, 0"><temps name="use"/><temps name="def"><temp name="T1571"/></temps><temps name="in"><temp name="T1570"/><temp name="T6"/><temp name="T1569"/><temp name="T248"/></temps><temps name="out"><temp name="T1570"/><temp name="T6"/><temp name="T1569"/><temp name="T248"/></temps></instruction><instruction code="INCH  T1571, 0"><temps name="use"/><temps name="def"><temp name="T1571"/></temps><temps name="in"><temp name="T1570"/><temp name="T6"/><temp name="T1569"/><temp name="T248"/></temps><temps name="out"><temp name="T1570"/><temp name="T6"/><temp name="T1569"/><temp name="T1571"/><temp name="T248"/></temps></instruction><instruction code="MUL T1572, T1570, T1571"><temps name="use"><temp name="T1570"/><temp name="T1571"/></temps><temps name="def"><temp name="T1572"/></temps><temps name="in"><temp name="T1570"/><temp name="T6"/><temp name="T1569"/><temp name="T1571"/><temp name="T248"/></temps><temps name="out"><temp name="T6"/><temp name="T1569"/><temp name="T1572"/><temp name="T248"/></temps></instruction><instruction code="ADD T1573, T1569, T1572"><temps name="use"><temp name="T1569"/><temp name="T1572"/></temps><temps name="def"><temp name="T1573"/></temps><temps name="in"><temp name="T6"/><temp name="T1569"/><temp name="T1572"/><temp name="T248"/></temps><temps name="out"><temp name="T6"/><temp name="T1573"/><temp name="T248"/></temps></instruction><instruction code="STO T1573, T248, 0"><temps name="use"><temp name="T1573"/><temp name="T248"/></temps><temps name="def"/><temps name="in"><temp name="T6"/><temp name="T1573"/><temp name="T248"/></temps><temps name="out"><temp name="T6"/></temps></instruction><instruction code="SETL  T1575, 0"><temps name="use"/><temps name="def"><temp name="T1575"/></temps><temps name="in"><temp name="T6"/></temps><temps name="out"><temp name="T6"/></temps></instruction><instruction code="INCML T1575, 0"><temps name="use"/><temps name="def"><temp name="T1575"/></temps><temps name="in"><temp name="T6"/></temps><temps name="out"><temp name="T6"/></temps></instruction><instruction code="INCMH T1575, 0"><temps name="use"/><temps name="def"><temp name="T1575"/></temps><temps name="in"><temp name="T6"/></temps><temps name="out"><temp name="T6"/></temps></instruction><instruction code="INCH  T1575, 0"><temps name="use"/><temps name="def"><temp name="T1575"/></temps><temps name="in"><temp name="T6"/></temps><temps name="out"><temp name="T6"/><temp name="T1575"/></temps></instruction><instruction code="OR T249, T1575, 0"><temps name="use"><temp name="T1575"/></temps><temps name="def"><temp name="T249"/></temps><temps name="in"><temp name="T6"/><temp name="T1575"/></temps><temps name="out"><temp name="T6"/><temp name="T249"/></temps></instruction><instruction code="SETL  T1576, 664"><temps name="use"/><temps name="def"><temp name="T1576"/></temps><temps name="in"><temp name="T6"/><temp name="T249"/></temps><temps name="out"><temp name="T6"/><temp name="T249"/></temps></instruction><instruction code="INCML T1576, 0"><temps name="use"/><temps name="def"><temp name="T1576"/></temps><temps name="in"><temp name="T6"/><temp name="T249"/></temps><temps name="out"><temp name="T6"/><temp name="T249"/></temps></instruction><instruction code="INCMH T1576, 0"><temps name="use"/><temps name="def"><temp name="T1576"/></temps><temps name="in"><temp name="T6"/><temp name="T249"/></temps><temps name="out"><temp name="T6"/><temp name="T249"/></temps></instruction><instruction code="INCH  T1576, 0"><temps name="use"/><temps name="def"><temp name="T1576"/></temps><temps name="in"><temp name="T6"/><temp name="T249"/></temps><temps name="out"><temp name="T6"/><temp name="T1576"/><temp name="T249"/></temps></instruction><instruction code="NEG T1576, 0, T1576"><temps name="use"><temp name="T1576"/></temps><temps name="def"><temp name="T1576"/></temps><temps name="in"><temp name="T6"/><temp name="T1576"/><temp name="T249"/></temps><temps name="out"><temp name="T6"/><temp name="T1576"/><temp name="T249"/></temps></instruction><instruction code="ADD T1577, T6, T1576"><temps name="use"><temp name="T6"/><temp name="T1576"/></temps><temps name="def"><temp name="T1577"/></temps><temps name="in"><temp name="T6"/><temp name="T1576"/><temp name="T249"/></temps><temps name="out"><temp name="T6"/><temp name="T1577"/><temp name="T249"/></temps></instruction><instruction code="SETL  T1578, 3"><temps name="use"/><temps name="def"><temp name="T1578"/></temps><temps name="in"><temp name="T6"/><temp name="T1577"/><temp name="T249"/></temps><temps name="out"><temp name="T6"/><temp name="T1577"/><temp name="T249"/></temps></instruction><instruction code="INCML T1578, 0"><temps name="use"/><temps name="def"><temp name="T1578"/></temps><temps name="in"><temp name="T6"/><temp name="T1577"/><temp name="T249"/></temps><temps name="out"><temp name="T6"/><temp name="T1577"/><temp name="T249"/></temps></instruction><instruction code="INCMH T1578, 0"><temps name="use"/><temps name="def"><temp name="T1578"/></temps><temps name="in"><temp name="T6"/><temp name="T1577"/><temp name="T249"/></temps><temps name="out"><temp name="T6"/><temp name="T1577"/><temp name="T249"/></temps></instruction><instruction code="INCH  T1578, 0"><temps name="use"/><temps name="def"><temp name="T1578"/></temps><temps name="in"><temp name="T6"/><temp name="T1577"/><temp name="T249"/></temps><temps name="out"><temp name="T6"/><temp name="T1577"/><temp name="T1578"/><temp name="T249"/></temps></instruction><instruction code="SETL  T1579, 72"><temps name="use"/><temps name="def"><temp name="T1579"/></temps><temps name="in"><temp name="T6"/><temp name="T1577"/><temp name="T1578"/><temp name="T249"/></temps><temps name="out"><temp name="T6"/><temp name="T1577"/><temp name="T1578"/><temp name="T249"/></temps></instruction><instruction code="INCML T1579, 0"><temps name="use"/><temps name="def"><temp name="T1579"/></temps><temps name="in"><temp name="T6"/><temp name="T1577"/><temp name="T1578"/><temp name="T249"/></temps><temps name="out"><temp name="T6"/><temp name="T1577"/><temp name="T1578"/><temp name="T249"/></temps></instruction><instruction code="INCMH T1579, 0"><temps name="use"/><temps name="def"><temp name="T1579"/></temps><temps name="in"><temp name="T6"/><temp name="T1577"/><temp name="T1578"/><temp name="T249"/></temps><temps name="out"><temp name="T6"/><temp name="T1577"/><temp name="T1578"/><temp name="T249"/></temps></instruction><instruction code="INCH  T1579, 0"><temps name="use"/><temps name="def"><temp name="T1579"/></temps><temps name="in"><temp name="T6"/><temp name="T1577"/><temp name="T1578"/><temp name="T249"/></temps><temps name="out"><temp name="T1579"/><temp name="T6"/><temp name="T1577"/><temp name="T1578"/><temp name="T249"/></temps></instruction><instruction code="MUL T1580, T1578, T1579"><temps name="use"><temp name="T1578"/><temp name="T1579"/></temps><temps name="def"><temp name="T1580"/></temps><temps name="in"><temp name="T1579"/><temp name="T6"/><temp name="T1577"/><temp name="T1578"/><temp name="T249"/></temps><temps name="out"><temp name="T6"/><temp name="T1577"/><temp name="T1580"/><temp name="T249"/></temps></instruction><instruction code="ADD T1581, T1577, T1580"><temps name="use"><temp name="T1577"/><temp name="T1580"/></temps><temps name="def"><temp name="T1581"/></temps><temps name="in"><temp name="T6"/><temp name="T1577"/><temp name="T1580"/><temp name="T249"/></temps><temps name="out"><temp name="T6"/><temp name="T1581"/><temp name="T249"/></temps></instruction><instruction code="SETL  T1582, 0"><temps name="use"/><temps name="def"><temp name="T1582"/></temps><temps name="in"><temp name="T6"/><temp name="T1581"/><temp name="T249"/></temps><temps name="out"><temp name="T6"/><temp name="T1581"/><temp name="T249"/></temps></instruction><instruction code="INCML T1582, 0"><temps name="use"/><temps name="def"><temp name="T1582"/></temps><temps name="in"><temp name="T6"/><temp name="T1581"/><temp name="T249"/></temps><temps name="out"><temp name="T6"/><temp name="T1581"/><temp name="T249"/></temps></instruction><instruction code="INCMH T1582, 0"><temps name="use"/><temps name="def"><temp name="T1582"/></temps><temps name="in"><temp name="T6"/><temp name="T1581"/><temp name="T249"/></temps><temps name="out"><temp name="T6"/><temp name="T1581"/><temp name="T249"/></temps></instruction><instruction code="INCH  T1582, 0"><temps name="use"/><temps name="def"><temp name="T1582"/></temps><temps name="in"><temp name="T6"/><temp name="T1581"/><temp name="T249"/></temps><temps name="out"><temp name="T6"/><temp name="T1582"/><temp name="T1581"/><temp name="T249"/></temps></instruction><instruction code="SETL  T1583, 8"><temps name="use"/><temps name="def"><temp name="T1583"/></temps><temps name="in"><temp name="T6"/><temp name="T1582"/><temp name="T1581"/><temp name="T249"/></temps><temps name="out"><temp name="T6"/><temp name="T1582"/><temp name="T1581"/><temp name="T249"/></temps></instruction><instruction code="INCML T1583, 0"><temps name="use"/><temps name="def"><temp name="T1583"/></temps><temps name="in"><temp name="T6"/><temp name="T1582"/><temp name="T1581"/><temp name="T249"/></temps><temps name="out"><temp name="T6"/><temp name="T1582"/><temp name="T1581"/><temp name="T249"/></temps></instruction><instruction code="INCMH T1583, 0"><temps name="use"/><temps name="def"><temp name="T1583"/></temps><temps name="in"><temp name="T6"/><temp name="T1582"/><temp name="T1581"/><temp name="T249"/></temps><temps name="out"><temp name="T6"/><temp name="T1582"/><temp name="T1581"/><temp name="T249"/></temps></instruction><instruction code="INCH  T1583, 0"><temps name="use"/><temps name="def"><temp name="T1583"/></temps><temps name="in"><temp name="T6"/><temp name="T1582"/><temp name="T1581"/><temp name="T249"/></temps><temps name="out"><temp name="T1583"/><temp name="T6"/><temp name="T1582"/><temp name="T1581"/><temp name="T249"/></temps></instruction><instruction code="MUL T1584, T1582, T1583"><temps name="use"><temp name="T1582"/><temp name="T1583"/></temps><temps name="def"><temp name="T1584"/></temps><temps name="in"><temp name="T1583"/><temp name="T6"/><temp name="T1582"/><temp name="T1581"/><temp name="T249"/></temps><temps name="out"><temp name="T6"/><temp name="T1581"/><temp name="T1584"/><temp name="T249"/></temps></instruction><instruction code="ADD T1585, T1581, T1584"><temps name="use"><temp name="T1581"/><temp name="T1584"/></temps><temps name="def"><temp name="T1585"/></temps><temps name="in"><temp name="T6"/><temp name="T1581"/><temp name="T1584"/><temp name="T249"/></temps><temps name="out"><temp name="T6"/><temp name="T1585"/><temp name="T249"/></temps></instruction><instruction code="STO T1585, T249, 0"><temps name="use"><temp name="T1585"/><temp name="T249"/></temps><temps name="def"/><temps name="in"><temp name="T6"/><temp name="T1585"/><temp name="T249"/></temps><temps name="out"><temp name="T6"/></temps></instruction><instruction code="SETL  T1587, 1"><temps name="use"/><temps name="def"><temp name="T1587"/></temps><temps name="in"><temp name="T6"/></temps><temps name="out"><temp name="T6"/></temps></instruction><instruction code="INCML T1587, 0"><temps name="use"/><temps name="def"><temp name="T1587"/></temps><temps name="in"><temp name="T6"/></temps><temps name="out"><temp name="T6"/></temps></instruction><instruction code="INCMH T1587, 0"><temps name="use"/><temps name="def"><temp name="T1587"/></temps><temps name="in"><temp name="T6"/></temps><temps name="out"><temp name="T6"/></temps></instruction><instruction code="INCH  T1587, 0"><temps name="use"/><temps name="def"><temp name="T1587"/></temps><temps name="in"><temp name="T6"/></temps><temps name="out"><temp name="T1587"/><temp name="T6"/></temps></instruction><instruction code="OR T250, T1587, 0"><temps name="use"><temp name="T1587"/></temps><temps name="def"><temp name="T250"/></temps><temps name="in"><temp name="T1587"/><temp name="T6"/></temps><temps name="out"><temp name="T250"/><temp name="T6"/></temps></instruction><instruction code="SETL  T1588, 664"><temps name="use"/><temps name="def"><temp name="T1588"/></temps><temps name="in"><temp name="T250"/><temp name="T6"/></temps><temps name="out"><temp name="T250"/><temp name="T6"/></temps></instruction><instruction code="INCML T1588, 0"><temps name="use"/><temps name="def"><temp name="T1588"/></temps><temps name="in"><temp name="T250"/><temp name="T6"/></temps><temps name="out"><temp name="T250"/><temp name="T6"/></temps></instruction><instruction code="INCMH T1588, 0"><temps name="use"/><temps name="def"><temp name="T1588"/></temps><temps name="in"><temp name="T250"/><temp name="T6"/></temps><temps name="out"><temp name="T250"/><temp name="T6"/></temps></instruction><instruction code="INCH  T1588, 0"><temps name="use"/><temps name="def"><temp name="T1588"/></temps><temps name="in"><temp name="T250"/><temp name="T6"/></temps><temps name="out"><temp name="T250"/><temp name="T6"/><temp name="T1588"/></temps></instruction><instruction code="NEG T1588, 0, T1588"><temps name="use"><temp name="T1588"/></temps><temps name="def"><temp name="T1588"/></temps><temps name="in"><temp name="T250"/><temp name="T6"/><temp name="T1588"/></temps><temps name="out"><temp name="T250"/><temp name="T6"/><temp name="T1588"/></temps></instruction><instruction code="ADD T1589, T6, T1588"><temps name="use"><temp name="T6"/><temp name="T1588"/></temps><temps name="def"><temp name="T1589"/></temps><temps name="in"><temp name="T250"/><temp name="T6"/><temp name="T1588"/></temps><temps name="out"><temp name="T250"/><temp name="T6"/><temp name="T1589"/></temps></instruction><instruction code="SETL  T1590, 3"><temps name="use"/><temps name="def"><temp name="T1590"/></temps><temps name="in"><temp name="T250"/><temp name="T6"/><temp name="T1589"/></temps><temps name="out"><temp name="T250"/><temp name="T6"/><temp name="T1589"/></temps></instruction><instruction code="INCML T1590, 0"><temps name="use"/><temps name="def"><temp name="T1590"/></temps><temps name="in"><temp name="T250"/><temp name="T6"/><temp name="T1589"/></temps><temps name="out"><temp name="T250"/><temp name="T6"/><temp name="T1589"/></temps></instruction><instruction code="INCMH T1590, 0"><temps name="use"/><temps name="def"><temp name="T1590"/></temps><temps name="in"><temp name="T250"/><temp name="T6"/><temp name="T1589"/></temps><temps name="out"><temp name="T250"/><temp name="T6"/><temp name="T1589"/></temps></instruction><instruction code="INCH  T1590, 0"><temps name="use"/><temps name="def"><temp name="T1590"/></temps><temps name="in"><temp name="T250"/><temp name="T6"/><temp name="T1589"/></temps><temps name="out"><temp name="T250"/><temp name="T6"/><temp name="T1589"/><temp name="T1590"/></temps></instruction><instruction code="SETL  T1591, 72"><temps name="use"/><temps name="def"><temp name="T1591"/></temps><temps name="in"><temp name="T250"/><temp name="T6"/><temp name="T1589"/><temp name="T1590"/></temps><temps name="out"><temp name="T250"/><temp name="T6"/><temp name="T1589"/><temp name="T1590"/></temps></instruction><instruction code="INCML T1591, 0"><temps name="use"/><temps name="def"><temp name="T1591"/></temps><temps name="in"><temp name="T250"/><temp name="T6"/><temp name="T1589"/><temp name="T1590"/></temps><temps name="out"><temp name="T250"/><temp name="T6"/><temp name="T1589"/><temp name="T1590"/></temps></instruction><instruction code="INCMH T1591, 0"><temps name="use"/><temps name="def"><temp name="T1591"/></temps><temps name="in"><temp name="T250"/><temp name="T6"/><temp name="T1589"/><temp name="T1590"/></temps><temps name="out"><temp name="T250"/><temp name="T6"/><temp name="T1589"/><temp name="T1590"/></temps></instruction><instruction code="INCH  T1591, 0"><temps name="use"/><temps name="def"><temp name="T1591"/></temps><temps name="in"><temp name="T250"/><temp name="T6"/><temp name="T1589"/><temp name="T1590"/></temps><temps name="out"><temp name="T250"/><temp name="T6"/><temp name="T1591"/><temp name="T1589"/><temp name="T1590"/></temps></instruction><instruction code="MUL T1592, T1590, T1591"><temps name="use"><temp name="T1590"/><temp name="T1591"/></temps><temps name="def"><temp name="T1592"/></temps><temps name="in"><temp name="T250"/><temp name="T6"/><temp name="T1591"/><temp name="T1589"/><temp name="T1590"/></temps><temps name="out"><temp name="T250"/><temp name="T6"/><temp name="T1589"/><temp name="T1592"/></temps></instruction><instruction code="ADD T1593, T1589, T1592"><temps name="use"><temp name="T1589"/><temp name="T1592"/></temps><temps name="def"><temp name="T1593"/></temps><temps name="in"><temp name="T250"/><temp name="T6"/><temp name="T1589"/><temp name="T1592"/></temps><temps name="out"><temp name="T250"/><temp name="T6"/><temp name="T1593"/></temps></instruction><instruction code="SETL  T1594, 1"><temps name="use"/><temps name="def"><temp name="T1594"/></temps><temps name="in"><temp name="T250"/><temp name="T6"/><temp name="T1593"/></temps><temps name="out"><temp name="T250"/><temp name="T6"/><temp name="T1593"/></temps></instruction><instruction code="INCML T1594, 0"><temps name="use"/><temps name="def"><temp name="T1594"/></temps><temps name="in"><temp name="T250"/><temp name="T6"/><temp name="T1593"/></temps><temps name="out"><temp name="T250"/><temp name="T6"/><temp name="T1593"/></temps></instruction><instruction code="INCMH T1594, 0"><temps name="use"/><temps name="def"><temp name="T1594"/></temps><temps name="in"><temp name="T250"/><temp name="T6"/><temp name="T1593"/></temps><temps name="out"><temp name="T250"/><temp name="T6"/><temp name="T1593"/></temps></instruction><instruction code="INCH  T1594, 0"><temps name="use"/><temps name="def"><temp name="T1594"/></temps><temps name="in"><temp name="T250"/><temp name="T6"/><temp name="T1593"/></temps><temps name="out"><temp name="T250"/><temp name="T6"/><temp name="T1593"/><temp name="T1594"/></temps></instruction><instruction code="SETL  T1595, 8"><temps name="use"/><temps name="def"><temp name="T1595"/></temps><temps name="in"><temp name="T250"/><temp name="T6"/><temp name="T1593"/><temp name="T1594"/></temps><temps name="out"><temp name="T250"/><temp name="T6"/><temp name="T1593"/><temp name="T1594"/></temps></instruction><instruction code="INCML T1595, 0"><temps name="use"/><temps name="def"><temp name="T1595"/></temps><temps name="in"><temp name="T250"/><temp name="T6"/><temp name="T1593"/><temp name="T1594"/></temps><temps name="out"><temp name="T250"/><temp name="T6"/><temp name="T1593"/><temp name="T1594"/></temps></instruction><instruction code="INCMH T1595, 0"><temps name="use"/><temps name="def"><temp name="T1595"/></temps><temps name="in"><temp name="T250"/><temp name="T6"/><temp name="T1593"/><temp name="T1594"/></temps><temps name="out"><temp name="T250"/><temp name="T6"/><temp name="T1593"/><temp name="T1594"/></temps></instruction><instruction code="INCH  T1595, 0"><temps name="use"/><temps name="def"><temp name="T1595"/></temps><temps name="in"><temp name="T250"/><temp name="T6"/><temp name="T1593"/><temp name="T1594"/></temps><temps name="out"><temp name="T250"/><temp name="T6"/><temp name="T1593"/><temp name="T1594"/><temp name="T1595"/></temps></instruction><instruction code="MUL T1596, T1594, T1595"><temps name="use"><temp name="T1594"/><temp name="T1595"/></temps><temps name="def"><temp name="T1596"/></temps><temps name="in"><temp name="T250"/><temp name="T6"/><temp name="T1593"/><temp name="T1594"/><temp name="T1595"/></temps><temps name="out"><temp name="T250"/><temp name="T6"/><temp name="T1593"/><temp name="T1596"/></temps></instruction><instruction code="ADD T1597, T1593, T1596"><temps name="use"><temp name="T1593"/><temp name="T1596"/></temps><temps name="def"><temp name="T1597"/></temps><temps name="in"><temp name="T250"/><temp name="T6"/><temp name="T1593"/><temp name="T1596"/></temps><temps name="out"><temp name="T250"/><temp name="T6"/><temp name="T1597"/></temps></instruction><instruction code="STO T1597, T250, 0"><temps name="use"><temp name="T1597"/><temp name="T250"/></temps><temps name="def"/><temps name="in"><temp name="T250"/><temp name="T6"/><temp name="T1597"/></temps><temps name="out"><temp name="T6"/></temps></instruction><instruction code="SETL  T1599, 4"><temps name="use"/><temps name="def"><temp name="T1599"/></temps><temps name="in"><temp name="T6"/></temps><temps name="out"><temp name="T6"/></temps></instruction><instruction code="INCML T1599, 0"><temps name="use"/><temps name="def"><temp name="T1599"/></temps><temps name="in"><temp name="T6"/></temps><temps name="out"><temp name="T6"/></temps></instruction><instruction code="INCMH T1599, 0"><temps name="use"/><temps name="def"><temp name="T1599"/></temps><temps name="in"><temp name="T6"/></temps><temps name="out"><temp name="T6"/></temps></instruction><instruction code="INCH  T1599, 0"><temps name="use"/><temps name="def"><temp name="T1599"/></temps><temps name="in"><temp name="T6"/></temps><temps name="out"><temp name="T6"/><temp name="T1599"/></temps></instruction><instruction code="OR T251, T1599, 0"><temps name="use"><temp name="T1599"/></temps><temps name="def"><temp name="T251"/></temps><temps name="in"><temp name="T6"/><temp name="T1599"/></temps><temps name="out"><temp name="T6"/><temp name="T251"/></temps></instruction><instruction code="SETL  T1600, 664"><temps name="use"/><temps name="def"><temp name="T1600"/></temps><temps name="in"><temp name="T6"/><temp name="T251"/></temps><temps name="out"><temp name="T6"/><temp name="T251"/></temps></instruction><instruction code="INCML T1600, 0"><temps name="use"/><temps name="def"><temp name="T1600"/></temps><temps name="in"><temp name="T6"/><temp name="T251"/></temps><temps name="out"><temp name="T6"/><temp name="T251"/></temps></instruction><instruction code="INCMH T1600, 0"><temps name="use"/><temps name="def"><temp name="T1600"/></temps><temps name="in"><temp name="T6"/><temp name="T251"/></temps><temps name="out"><temp name="T6"/><temp name="T251"/></temps></instruction><instruction code="INCH  T1600, 0"><temps name="use"/><temps name="def"><temp name="T1600"/></temps><temps name="in"><temp name="T6"/><temp name="T251"/></temps><temps name="out"><temp name="T6"/><temp name="T251"/><temp name="T1600"/></temps></instruction><instruction code="NEG T1600, 0, T1600"><temps name="use"><temp name="T1600"/></temps><temps name="def"><temp name="T1600"/></temps><temps name="in"><temp name="T6"/><temp name="T251"/><temp name="T1600"/></temps><temps name="out"><temp name="T6"/><temp name="T251"/><temp name="T1600"/></temps></instruction><instruction code="ADD T1601, T6, T1600"><temps name="use"><temp name="T6"/><temp name="T1600"/></temps><temps name="def"><temp name="T1601"/></temps><temps name="in"><temp name="T6"/><temp name="T251"/><temp name="T1600"/></temps><temps name="out"><temp name="T1601"/><temp name="T251"/><temp name="T6"/></temps></instruction><instruction code="SETL  T1602, 3"><temps name="use"/><temps name="def"><temp name="T1602"/></temps><temps name="in"><temp name="T1601"/><temp name="T251"/><temp name="T6"/></temps><temps name="out"><temp name="T1601"/><temp name="T251"/><temp name="T6"/></temps></instruction><instruction code="INCML T1602, 0"><temps name="use"/><temps name="def"><temp name="T1602"/></temps><temps name="in"><temp name="T1601"/><temp name="T251"/><temp name="T6"/></temps><temps name="out"><temp name="T1601"/><temp name="T251"/><temp name="T6"/></temps></instruction><instruction code="INCMH T1602, 0"><temps name="use"/><temps name="def"><temp name="T1602"/></temps><temps name="in"><temp name="T1601"/><temp name="T251"/><temp name="T6"/></temps><temps name="out"><temp name="T1601"/><temp name="T251"/><temp name="T6"/></temps></instruction><instruction code="INCH  T1602, 0"><temps name="use"/><temps name="def"><temp name="T1602"/></temps><temps name="in"><temp name="T1601"/><temp name="T251"/><temp name="T6"/></temps><temps name="out"><temp name="T1602"/><temp name="T1601"/><temp name="T251"/><temp name="T6"/></temps></instruction><instruction code="SETL  T1603, 72"><temps name="use"/><temps name="def"><temp name="T1603"/></temps><temps name="in"><temp name="T1602"/><temp name="T1601"/><temp name="T251"/><temp name="T6"/></temps><temps name="out"><temp name="T1602"/><temp name="T1601"/><temp name="T251"/><temp name="T6"/></temps></instruction><instruction code="INCML T1603, 0"><temps name="use"/><temps name="def"><temp name="T1603"/></temps><temps name="in"><temp name="T1602"/><temp name="T1601"/><temp name="T251"/><temp name="T6"/></temps><temps name="out"><temp name="T1602"/><temp name="T1601"/><temp name="T251"/><temp name="T6"/></temps></instruction><instruction code="INCMH T1603, 0"><temps name="use"/><temps name="def"><temp name="T1603"/></temps><temps name="in"><temp name="T1602"/><temp name="T1601"/><temp name="T251"/><temp name="T6"/></temps><temps name="out"><temp name="T1602"/><temp name="T1601"/><temp name="T251"/><temp name="T6"/></temps></instruction><instruction code="INCH  T1603, 0"><temps name="use"/><temps name="def"><temp name="T1603"/></temps><temps name="in"><temp name="T1602"/><temp name="T1601"/><temp name="T251"/><temp name="T6"/></temps><temps name="out"><temp name="T1602"/><temp name="T1601"/><temp name="T251"/><temp name="T6"/><temp name="T1603"/></temps></instruction><instruction code="MUL T1604, T1602, T1603"><temps name="use"><temp name="T1602"/><temp name="T1603"/></temps><temps name="def"><temp name="T1604"/></temps><temps name="in"><temp name="T1602"/><temp name="T1601"/><temp name="T251"/><temp name="T6"/><temp name="T1603"/></temps><temps name="out"><temp name="T1601"/><temp name="T251"/><temp name="T6"/><temp name="T1604"/></temps></instruction><instruction code="ADD T1605, T1601, T1604"><temps name="use"><temp name="T1601"/><temp name="T1604"/></temps><temps name="def"><temp name="T1605"/></temps><temps name="in"><temp name="T1601"/><temp name="T251"/><temp name="T6"/><temp name="T1604"/></temps><temps name="out"><temp name="T251"/><temp name="T6"/><temp name="T1605"/></temps></instruction><instruction code="SETL  T1606, 2"><temps name="use"/><temps name="def"><temp name="T1606"/></temps><temps name="in"><temp name="T251"/><temp name="T6"/><temp name="T1605"/></temps><temps name="out"><temp name="T251"/><temp name="T6"/><temp name="T1605"/></temps></instruction><instruction code="INCML T1606, 0"><temps name="use"/><temps name="def"><temp name="T1606"/></temps><temps name="in"><temp name="T251"/><temp name="T6"/><temp name="T1605"/></temps><temps name="out"><temp name="T251"/><temp name="T6"/><temp name="T1605"/></temps></instruction><instruction code="INCMH T1606, 0"><temps name="use"/><temps name="def"><temp name="T1606"/></temps><temps name="in"><temp name="T251"/><temp name="T6"/><temp name="T1605"/></temps><temps name="out"><temp name="T251"/><temp name="T6"/><temp name="T1605"/></temps></instruction><instruction code="INCH  T1606, 0"><temps name="use"/><temps name="def"><temp name="T1606"/></temps><temps name="in"><temp name="T251"/><temp name="T6"/><temp name="T1605"/></temps><temps name="out"><temp name="T251"/><temp name="T6"/><temp name="T1605"/><temp name="T1606"/></temps></instruction><instruction code="SETL  T1607, 8"><temps name="use"/><temps name="def"><temp name="T1607"/></temps><temps name="in"><temp name="T251"/><temp name="T6"/><temp name="T1605"/><temp name="T1606"/></temps><temps name="out"><temp name="T251"/><temp name="T6"/><temp name="T1605"/><temp name="T1606"/></temps></instruction><instruction code="INCML T1607, 0"><temps name="use"/><temps name="def"><temp name="T1607"/></temps><temps name="in"><temp name="T251"/><temp name="T6"/><temp name="T1605"/><temp name="T1606"/></temps><temps name="out"><temp name="T251"/><temp name="T6"/><temp name="T1605"/><temp name="T1606"/></temps></instruction><instruction code="INCMH T1607, 0"><temps name="use"/><temps name="def"><temp name="T1607"/></temps><temps name="in"><temp name="T251"/><temp name="T6"/><temp name="T1605"/><temp name="T1606"/></temps><temps name="out"><temp name="T251"/><temp name="T6"/><temp name="T1605"/><temp name="T1606"/></temps></instruction><instruction code="INCH  T1607, 0"><temps name="use"/><temps name="def"><temp name="T1607"/></temps><temps name="in"><temp name="T251"/><temp name="T6"/><temp name="T1605"/><temp name="T1606"/></temps><temps name="out"><temp name="T251"/><temp name="T6"/><temp name="T1605"/><temp name="T1606"/><temp name="T1607"/></temps></instruction><instruction code="MUL T1608, T1606, T1607"><temps name="use"><temp name="T1606"/><temp name="T1607"/></temps><temps name="def"><temp name="T1608"/></temps><temps name="in"><temp name="T251"/><temp name="T6"/><temp name="T1605"/><temp name="T1606"/><temp name="T1607"/></temps><temps name="out"><temp name="T251"/><temp name="T6"/><temp name="T1605"/><temp name="T1608"/></temps></instruction><instruction code="ADD T1609, T1605, T1608"><temps name="use"><temp name="T1605"/><temp name="T1608"/></temps><temps name="def"><temp name="T1609"/></temps><temps name="in"><temp name="T251"/><temp name="T6"/><temp name="T1605"/><temp name="T1608"/></temps><temps name="out"><temp name="T251"/><temp name="T6"/><temp name="T1609"/></temps></instruction><instruction code="STO T1609, T251, 0"><temps name="use"><temp name="T1609"/><temp name="T251"/></temps><temps name="def"/><temps name="in"><temp name="T251"/><temp name="T6"/><temp name="T1609"/></temps><temps name="out"><temp name="T6"/></temps></instruction><instruction code="SETL  T1611, 8"><temps name="use"/><temps name="def"><temp name="T1611"/></temps><temps name="in"><temp name="T6"/></temps><temps name="out"><temp name="T6"/></temps></instruction><instruction code="INCML T1611, 0"><temps name="use"/><temps name="def"><temp name="T1611"/></temps><temps name="in"><temp name="T6"/></temps><temps name="out"><temp name="T6"/></temps></instruction><instruction code="INCMH T1611, 0"><temps name="use"/><temps name="def"><temp name="T1611"/></temps><temps name="in"><temp name="T6"/></temps><temps name="out"><temp name="T6"/></temps></instruction><instruction code="INCH  T1611, 0"><temps name="use"/><temps name="def"><temp name="T1611"/></temps><temps name="in"><temp name="T6"/></temps><temps name="out"><temp name="T6"/><temp name="T1611"/></temps></instruction><instruction code="OR T252, T1611, 0"><temps name="use"><temp name="T1611"/></temps><temps name="def"><temp name="T252"/></temps><temps name="in"><temp name="T6"/><temp name="T1611"/></temps><temps name="out"><temp name="T252"/><temp name="T6"/></temps></instruction><instruction code="SETL  T1612, 664"><temps name="use"/><temps name="def"><temp name="T1612"/></temps><temps name="in"><temp name="T252"/><temp name="T6"/></temps><temps name="out"><temp name="T252"/><temp name="T6"/></temps></instruction><instruction code="INCML T1612, 0"><temps name="use"/><temps name="def"><temp name="T1612"/></temps><temps name="in"><temp name="T252"/><temp name="T6"/></temps><temps name="out"><temp name="T252"/><temp name="T6"/></temps></instruction><instruction code="INCMH T1612, 0"><temps name="use"/><temps name="def"><temp name="T1612"/></temps><temps name="in"><temp name="T252"/><temp name="T6"/></temps><temps name="out"><temp name="T252"/><temp name="T6"/></temps></instruction><instruction code="INCH  T1612, 0"><temps name="use"/><temps name="def"><temp name="T1612"/></temps><temps name="in"><temp name="T252"/><temp name="T6"/></temps><temps name="out"><temp name="T252"/><temp name="T6"/><temp name="T1612"/></temps></instruction><instruction code="NEG T1612, 0, T1612"><temps name="use"><temp name="T1612"/></temps><temps name="def"><temp name="T1612"/></temps><temps name="in"><temp name="T252"/><temp name="T6"/><temp name="T1612"/></temps><temps name="out"><temp name="T252"/><temp name="T6"/><temp name="T1612"/></temps></instruction><instruction code="ADD T1613, T6, T1612"><temps name="use"><temp name="T6"/><temp name="T1612"/></temps><temps name="def"><temp name="T1613"/></temps><temps name="in"><temp name="T252"/><temp name="T6"/><temp name="T1612"/></temps><temps name="out"><temp name="T252"/><temp name="T6"/><temp name="T1613"/></temps></instruction><instruction code="SETL  T1614, 3"><temps name="use"/><temps name="def"><temp name="T1614"/></temps><temps name="in"><temp name="T252"/><temp name="T6"/><temp name="T1613"/></temps><temps name="out"><temp name="T252"/><temp name="T6"/><temp name="T1613"/></temps></instruction><instruction code="INCML T1614, 0"><temps name="use"/><temps name="def"><temp name="T1614"/></temps><temps name="in"><temp name="T252"/><temp name="T6"/><temp name="T1613"/></temps><temps name="out"><temp name="T252"/><temp name="T6"/><temp name="T1613"/></temps></instruction><instruction code="INCMH T1614, 0"><temps name="use"/><temps name="def"><temp name="T1614"/></temps><temps name="in"><temp name="T252"/><temp name="T6"/><temp name="T1613"/></temps><temps name="out"><temp name="T252"/><temp name="T6"/><temp name="T1613"/></temps></instruction><instruction code="INCH  T1614, 0"><temps name="use"/><temps name="def"><temp name="T1614"/></temps><temps name="in"><temp name="T252"/><temp name="T6"/><temp name="T1613"/></temps><temps name="out"><temp name="T252"/><temp name="T6"/><temp name="T1613"/><temp name="T1614"/></temps></instruction><instruction code="SETL  T1615, 72"><temps name="use"/><temps name="def"><temp name="T1615"/></temps><temps name="in"><temp name="T252"/><temp name="T6"/><temp name="T1613"/><temp name="T1614"/></temps><temps name="out"><temp name="T252"/><temp name="T6"/><temp name="T1613"/><temp name="T1614"/></temps></instruction><instruction code="INCML T1615, 0"><temps name="use"/><temps name="def"><temp name="T1615"/></temps><temps name="in"><temp name="T252"/><temp name="T6"/><temp name="T1613"/><temp name="T1614"/></temps><temps name="out"><temp name="T252"/><temp name="T6"/><temp name="T1613"/><temp name="T1614"/></temps></instruction><instruction code="INCMH T1615, 0"><temps name="use"/><temps name="def"><temp name="T1615"/></temps><temps name="in"><temp name="T252"/><temp name="T6"/><temp name="T1613"/><temp name="T1614"/></temps><temps name="out"><temp name="T252"/><temp name="T6"/><temp name="T1613"/><temp name="T1614"/></temps></instruction><instruction code="INCH  T1615, 0"><temps name="use"/><temps name="def"><temp name="T1615"/></temps><temps name="in"><temp name="T252"/><temp name="T6"/><temp name="T1613"/><temp name="T1614"/></temps><temps name="out"><temp name="T1615"/><temp name="T252"/><temp name="T6"/><temp name="T1613"/><temp name="T1614"/></temps></instruction><instruction code="MUL T1616, T1614, T1615"><temps name="use"><temp name="T1614"/><temp name="T1615"/></temps><temps name="def"><temp name="T1616"/></temps><temps name="in"><temp name="T1615"/><temp name="T252"/><temp name="T6"/><temp name="T1613"/><temp name="T1614"/></temps><temps name="out"><temp name="T252"/><temp name="T6"/><temp name="T1613"/><temp name="T1616"/></temps></instruction><instruction code="ADD T1617, T1613, T1616"><temps name="use"><temp name="T1613"/><temp name="T1616"/></temps><temps name="def"><temp name="T1617"/></temps><temps name="in"><temp name="T252"/><temp name="T6"/><temp name="T1613"/><temp name="T1616"/></temps><temps name="out"><temp name="T252"/><temp name="T6"/><temp name="T1617"/></temps></instruction><instruction code="SETL  T1618, 3"><temps name="use"/><temps name="def"><temp name="T1618"/></temps><temps name="in"><temp name="T252"/><temp name="T6"/><temp name="T1617"/></temps><temps name="out"><temp name="T252"/><temp name="T6"/><temp name="T1617"/></temps></instruction><instruction code="INCML T1618, 0"><temps name="use"/><temps name="def"><temp name="T1618"/></temps><temps name="in"><temp name="T252"/><temp name="T6"/><temp name="T1617"/></temps><temps name="out"><temp name="T252"/><temp name="T6"/><temp name="T1617"/></temps></instruction><instruction code="INCMH T1618, 0"><temps name="use"/><temps name="def"><temp name="T1618"/></temps><temps name="in"><temp name="T252"/><temp name="T6"/><temp name="T1617"/></temps><temps name="out"><temp name="T252"/><temp name="T6"/><temp name="T1617"/></temps></instruction><instruction code="INCH  T1618, 0"><temps name="use"/><temps name="def"><temp name="T1618"/></temps><temps name="in"><temp name="T252"/><temp name="T6"/><temp name="T1617"/></temps><temps name="out"><temp name="T252"/><temp name="T6"/><temp name="T1617"/><temp name="T1618"/></temps></instruction><instruction code="SETL  T1619, 8"><temps name="use"/><temps name="def"><temp name="T1619"/></temps><temps name="in"><temp name="T252"/><temp name="T6"/><temp name="T1617"/><temp name="T1618"/></temps><temps name="out"><temp name="T252"/><temp name="T6"/><temp name="T1617"/><temp name="T1618"/></temps></instruction><instruction code="INCML T1619, 0"><temps name="use"/><temps name="def"><temp name="T1619"/></temps><temps name="in"><temp name="T252"/><temp name="T6"/><temp name="T1617"/><temp name="T1618"/></temps><temps name="out"><temp name="T252"/><temp name="T6"/><temp name="T1617"/><temp name="T1618"/></temps></instruction><instruction code="INCMH T1619, 0"><temps name="use"/><temps name="def"><temp name="T1619"/></temps><temps name="in"><temp name="T252"/><temp name="T6"/><temp name="T1617"/><temp name="T1618"/></temps><temps name="out"><temp name="T252"/><temp name="T6"/><temp name="T1617"/><temp name="T1618"/></temps></instruction><instruction code="INCH  T1619, 0"><temps name="use"/><temps name="def"><temp name="T1619"/></temps><temps name="in"><temp name="T252"/><temp name="T6"/><temp name="T1617"/><temp name="T1618"/></temps><temps name="out"><temp name="T252"/><temp name="T6"/><temp name="T1617"/><temp name="T1618"/><temp name="T1619"/></temps></instruction><instruction code="MUL T1620, T1618, T1619"><temps name="use"><temp name="T1618"/><temp name="T1619"/></temps><temps name="def"><temp name="T1620"/></temps><temps name="in"><temp name="T252"/><temp name="T6"/><temp name="T1617"/><temp name="T1618"/><temp name="T1619"/></temps><temps name="out"><temp name="T252"/><temp name="T6"/><temp name="T1617"/><temp name="T1620"/></temps></instruction><instruction code="ADD T1621, T1617, T1620"><temps name="use"><temp name="T1617"/><temp name="T1620"/></temps><temps name="def"><temp name="T1621"/></temps><temps name="in"><temp name="T252"/><temp name="T6"/><temp name="T1617"/><temp name="T1620"/></temps><temps name="out"><temp name="T252"/><temp name="T6"/><temp name="T1621"/></temps></instruction><instruction code="STO T1621, T252, 0"><temps name="use"><temp name="T1621"/><temp name="T252"/></temps><temps name="def"/><temps name="in"><temp name="T252"/><temp name="T6"/><temp name="T1621"/></temps><temps name="out"><temp name="T6"/></temps></instruction><instruction code="SETL  T1623, 0"><temps name="use"/><temps name="def"><temp name="T1623"/></temps><temps name="in"><temp name="T6"/></temps><temps name="out"><temp name="T6"/></temps></instruction><instruction code="INCML T1623, 0"><temps name="use"/><temps name="def"><temp name="T1623"/></temps><temps name="in"><temp name="T6"/></temps><temps name="out"><temp name="T6"/></temps></instruction><instruction code="INCMH T1623, 0"><temps name="use"/><temps name="def"><temp name="T1623"/></temps><temps name="in"><temp name="T6"/></temps><temps name="out"><temp name="T6"/></temps></instruction><instruction code="INCH  T1623, 0"><temps name="use"/><temps name="def"><temp name="T1623"/></temps><temps name="in"><temp name="T6"/></temps><temps name="out"><temp name="T6"/><temp name="T1623"/></temps></instruction><instruction code="OR T253, T1623, 0"><temps name="use"><temp name="T1623"/></temps><temps name="def"><temp name="T253"/></temps><temps name="in"><temp name="T6"/><temp name="T1623"/></temps><temps name="out"><temp name="T6"/><temp name="T253"/></temps></instruction><instruction code="SETL  T1624, 664"><temps name="use"/><temps name="def"><temp name="T1624"/></temps><temps name="in"><temp name="T6"/><temp name="T253"/></temps><temps name="out"><temp name="T6"/><temp name="T253"/></temps></instruction><instruction code="INCML T1624, 0"><temps name="use"/><temps name="def"><temp name="T1624"/></temps><temps name="in"><temp name="T6"/><temp name="T253"/></temps><temps name="out"><temp name="T6"/><temp name="T253"/></temps></instruction><instruction code="INCMH T1624, 0"><temps name="use"/><temps name="def"><temp name="T1624"/></temps><temps name="in"><temp name="T6"/><temp name="T253"/></temps><temps name="out"><temp name="T6"/><temp name="T253"/></temps></instruction><instruction code="INCH  T1624, 0"><temps name="use"/><temps name="def"><temp name="T1624"/></temps><temps name="in"><temp name="T6"/><temp name="T253"/></temps><temps name="out"><temp name="T6"/><temp name="T1624"/><temp name="T253"/></temps></instruction><instruction code="NEG T1624, 0, T1624"><temps name="use"><temp name="T1624"/></temps><temps name="def"><temp name="T1624"/></temps><temps name="in"><temp name="T6"/><temp name="T1624"/><temp name="T253"/></temps><temps name="out"><temp name="T6"/><temp name="T1624"/><temp name="T253"/></temps></instruction><instruction code="ADD T1625, T6, T1624"><temps name="use"><temp name="T6"/><temp name="T1624"/></temps><temps name="def"><temp name="T1625"/></temps><temps name="in"><temp name="T6"/><temp name="T1624"/><temp name="T253"/></temps><temps name="out"><temp name="T6"/><temp name="T1625"/><temp name="T253"/></temps></instruction><instruction code="SETL  T1626, 3"><temps name="use"/><temps name="def"><temp name="T1626"/></temps><temps name="in"><temp name="T6"/><temp name="T1625"/><temp name="T253"/></temps><temps name="out"><temp name="T6"/><temp name="T1625"/><temp name="T253"/></temps></instruction><instruction code="INCML T1626, 0"><temps name="use"/><temps name="def"><temp name="T1626"/></temps><temps name="in"><temp name="T6"/><temp name="T1625"/><temp name="T253"/></temps><temps name="out"><temp name="T6"/><temp name="T1625"/><temp name="T253"/></temps></instruction><instruction code="INCMH T1626, 0"><temps name="use"/><temps name="def"><temp name="T1626"/></temps><temps name="in"><temp name="T6"/><temp name="T1625"/><temp name="T253"/></temps><temps name="out"><temp name="T6"/><temp name="T1625"/><temp name="T253"/></temps></instruction><instruction code="INCH  T1626, 0"><temps name="use"/><temps name="def"><temp name="T1626"/></temps><temps name="in"><temp name="T6"/><temp name="T1625"/><temp name="T253"/></temps><temps name="out"><temp name="T6"/><temp name="T1625"/><temp name="T1626"/><temp name="T253"/></temps></instruction><instruction code="SETL  T1627, 72"><temps name="use"/><temps name="def"><temp name="T1627"/></temps><temps name="in"><temp name="T6"/><temp name="T1625"/><temp name="T1626"/><temp name="T253"/></temps><temps name="out"><temp name="T6"/><temp name="T1625"/><temp name="T1626"/><temp name="T253"/></temps></instruction><instruction code="INCML T1627, 0"><temps name="use"/><temps name="def"><temp name="T1627"/></temps><temps name="in"><temp name="T6"/><temp name="T1625"/><temp name="T1626"/><temp name="T253"/></temps><temps name="out"><temp name="T6"/><temp name="T1625"/><temp name="T1626"/><temp name="T253"/></temps></instruction><instruction code="INCMH T1627, 0"><temps name="use"/><temps name="def"><temp name="T1627"/></temps><temps name="in"><temp name="T6"/><temp name="T1625"/><temp name="T1626"/><temp name="T253"/></temps><temps name="out"><temp name="T6"/><temp name="T1625"/><temp name="T1626"/><temp name="T253"/></temps></instruction><instruction code="INCH  T1627, 0"><temps name="use"/><temps name="def"><temp name="T1627"/></temps><temps name="in"><temp name="T6"/><temp name="T1625"/><temp name="T1626"/><temp name="T253"/></temps><temps name="out"><temp name="T6"/><temp name="T1625"/><temp name="T1627"/><temp name="T1626"/><temp name="T253"/></temps></instruction><instruction code="MUL T1628, T1626, T1627"><temps name="use"><temp name="T1626"/><temp name="T1627"/></temps><temps name="def"><temp name="T1628"/></temps><temps name="in"><temp name="T6"/><temp name="T1625"/><temp name="T1627"/><temp name="T1626"/><temp name="T253"/></temps><temps name="out"><temp name="T6"/><temp name="T1625"/><temp name="T1628"/><temp name="T253"/></temps></instruction><instruction code="ADD T1629, T1625, T1628"><temps name="use"><temp name="T1625"/><temp name="T1628"/></temps><temps name="def"><temp name="T1629"/></temps><temps name="in"><temp name="T6"/><temp name="T1625"/><temp name="T1628"/><temp name="T253"/></temps><temps name="out"><temp name="T6"/><temp name="T1629"/><temp name="T253"/></temps></instruction><instruction code="SETL  T1630, 4"><temps name="use"/><temps name="def"><temp name="T1630"/></temps><temps name="in"><temp name="T6"/><temp name="T1629"/><temp name="T253"/></temps><temps name="out"><temp name="T6"/><temp name="T1629"/><temp name="T253"/></temps></instruction><instruction code="INCML T1630, 0"><temps name="use"/><temps name="def"><temp name="T1630"/></temps><temps name="in"><temp name="T6"/><temp name="T1629"/><temp name="T253"/></temps><temps name="out"><temp name="T6"/><temp name="T1629"/><temp name="T253"/></temps></instruction><instruction code="INCMH T1630, 0"><temps name="use"/><temps name="def"><temp name="T1630"/></temps><temps name="in"><temp name="T6"/><temp name="T1629"/><temp name="T253"/></temps><temps name="out"><temp name="T6"/><temp name="T1629"/><temp name="T253"/></temps></instruction><instruction code="INCH  T1630, 0"><temps name="use"/><temps name="def"><temp name="T1630"/></temps><temps name="in"><temp name="T6"/><temp name="T1629"/><temp name="T253"/></temps><temps name="out"><temp name="T6"/><temp name="T1629"/><temp name="T1630"/><temp name="T253"/></temps></instruction><instruction code="SETL  T1631, 8"><temps name="use"/><temps name="def"><temp name="T1631"/></temps><temps name="in"><temp name="T6"/><temp name="T1629"/><temp name="T1630"/><temp name="T253"/></temps><temps name="out"><temp name="T6"/><temp name="T1629"/><temp name="T1630"/><temp name="T253"/></temps></instruction><instruction code="INCML T1631, 0"><temps name="use"/><temps name="def"><temp name="T1631"/></temps><temps name="in"><temp name="T6"/><temp name="T1629"/><temp name="T1630"/><temp name="T253"/></temps><temps name="out"><temp name="T6"/><temp name="T1629"/><temp name="T1630"/><temp name="T253"/></temps></instruction><instruction code="INCMH T1631, 0"><temps name="use"/><temps name="def"><temp name="T1631"/></temps><temps name="in"><temp name="T6"/><temp name="T1629"/><temp name="T1630"/><temp name="T253"/></temps><temps name="out"><temp name="T6"/><temp name="T1629"/><temp name="T1630"/><temp name="T253"/></temps></instruction><instruction code="INCH  T1631, 0"><temps name="use"/><temps name="def"><temp name="T1631"/></temps><temps name="in"><temp name="T6"/><temp name="T1629"/><temp name="T1630"/><temp name="T253"/></temps><temps name="out"><temp name="T1631"/><temp name="T6"/><temp name="T1629"/><temp name="T1630"/><temp name="T253"/></temps></instruction><instruction code="MUL T1632, T1630, T1631"><temps name="use"><temp name="T1630"/><temp name="T1631"/></temps><temps name="def"><temp name="T1632"/></temps><temps name="in"><temp name="T1631"/><temp name="T6"/><temp name="T1629"/><temp name="T1630"/><temp name="T253"/></temps><temps name="out"><temp name="T1632"/><temp name="T6"/><temp name="T1629"/><temp name="T253"/></temps></instruction><instruction code="ADD T1633, T1629, T1632"><temps name="use"><temp name="T1629"/><temp name="T1632"/></temps><temps name="def"><temp name="T1633"/></temps><temps name="in"><temp name="T1632"/><temp name="T6"/><temp name="T1629"/><temp name="T253"/></temps><temps name="out"><temp name="T1633"/><temp name="T6"/><temp name="T253"/></temps></instruction><instruction code="STO T1633, T253, 0"><temps name="use"><temp name="T1633"/><temp name="T253"/></temps><temps name="def"/><temps name="in"><temp name="T1633"/><temp name="T6"/><temp name="T253"/></temps><temps name="out"><temp name="T6"/></temps></instruction><instruction code="SETL  T1635, 0"><temps name="use"/><temps name="def"><temp name="T1635"/></temps><temps name="in"><temp name="T6"/></temps><temps name="out"><temp name="T6"/></temps></instruction><instruction code="INCML T1635, 0"><temps name="use"/><temps name="def"><temp name="T1635"/></temps><temps name="in"><temp name="T6"/></temps><temps name="out"><temp name="T6"/></temps></instruction><instruction code="INCMH T1635, 0"><temps name="use"/><temps name="def"><temp name="T1635"/></temps><temps name="in"><temp name="T6"/></temps><temps name="out"><temp name="T6"/></temps></instruction><instruction code="INCH  T1635, 0"><temps name="use"/><temps name="def"><temp name="T1635"/></temps><temps name="in"><temp name="T6"/></temps><temps name="out"><temp name="T6"/><temp name="T1635"/></temps></instruction><instruction code="OR T254, T1635, 0"><temps name="use"><temp name="T1635"/></temps><temps name="def"><temp name="T254"/></temps><temps name="in"><temp name="T6"/><temp name="T1635"/></temps><temps name="out"><temp name="T6"/><temp name="T254"/></temps></instruction><instruction code="SETL  T1636, 664"><temps name="use"/><temps name="def"><temp name="T1636"/></temps><temps name="in"><temp name="T6"/><temp name="T254"/></temps><temps name="out"><temp name="T6"/><temp name="T254"/></temps></instruction><instruction code="INCML T1636, 0"><temps name="use"/><temps name="def"><temp name="T1636"/></temps><temps name="in"><temp name="T6"/><temp name="T254"/></temps><temps name="out"><temp name="T6"/><temp name="T254"/></temps></instruction><instruction code="INCMH T1636, 0"><temps name="use"/><temps name="def"><temp name="T1636"/></temps><temps name="in"><temp name="T6"/><temp name="T254"/></temps><temps name="out"><temp name="T6"/><temp name="T254"/></temps></instruction><instruction code="INCH  T1636, 0"><temps name="use"/><temps name="def"><temp name="T1636"/></temps><temps name="in"><temp name="T6"/><temp name="T254"/></temps><temps name="out"><temp name="T6"/><temp name="T254"/><temp name="T1636"/></temps></instruction><instruction code="NEG T1636, 0, T1636"><temps name="use"><temp name="T1636"/></temps><temps name="def"><temp name="T1636"/></temps><temps name="in"><temp name="T6"/><temp name="T254"/><temp name="T1636"/></temps><temps name="out"><temp name="T6"/><temp name="T254"/><temp name="T1636"/></temps></instruction><instruction code="ADD T1637, T6, T1636"><temps name="use"><temp name="T6"/><temp name="T1636"/></temps><temps name="def"><temp name="T1637"/></temps><temps name="in"><temp name="T6"/><temp name="T254"/><temp name="T1636"/></temps><temps name="out"><temp name="T1637"/><temp name="T254"/><temp name="T6"/></temps></instruction><instruction code="SETL  T1638, 3"><temps name="use"/><temps name="def"><temp name="T1638"/></temps><temps name="in"><temp name="T1637"/><temp name="T254"/><temp name="T6"/></temps><temps name="out"><temp name="T1637"/><temp name="T254"/><temp name="T6"/></temps></instruction><instruction code="INCML T1638, 0"><temps name="use"/><temps name="def"><temp name="T1638"/></temps><temps name="in"><temp name="T1637"/><temp name="T254"/><temp name="T6"/></temps><temps name="out"><temp name="T1637"/><temp name="T254"/><temp name="T6"/></temps></instruction><instruction code="INCMH T1638, 0"><temps name="use"/><temps name="def"><temp name="T1638"/></temps><temps name="in"><temp name="T1637"/><temp name="T254"/><temp name="T6"/></temps><temps name="out"><temp name="T1637"/><temp name="T254"/><temp name="T6"/></temps></instruction><instruction code="INCH  T1638, 0"><temps name="use"/><temps name="def"><temp name="T1638"/></temps><temps name="in"><temp name="T1637"/><temp name="T254"/><temp name="T6"/></temps><temps name="out"><temp name="T1637"/><temp name="T254"/><temp name="T6"/><temp name="T1638"/></temps></instruction><instruction code="SETL  T1639, 72"><temps name="use"/><temps name="def"><temp name="T1639"/></temps><temps name="in"><temp name="T1637"/><temp name="T254"/><temp name="T6"/><temp name="T1638"/></temps><temps name="out"><temp name="T1637"/><temp name="T254"/><temp name="T6"/><temp name="T1638"/></temps></instruction><instruction code="INCML T1639, 0"><temps name="use"/><temps name="def"><temp name="T1639"/></temps><temps name="in"><temp name="T1637"/><temp name="T254"/><temp name="T6"/><temp name="T1638"/></temps><temps name="out"><temp name="T1637"/><temp name="T254"/><temp name="T6"/><temp name="T1638"/></temps></instruction><instruction code="INCMH T1639, 0"><temps name="use"/><temps name="def"><temp name="T1639"/></temps><temps name="in"><temp name="T1637"/><temp name="T254"/><temp name="T6"/><temp name="T1638"/></temps><temps name="out"><temp name="T1637"/><temp name="T254"/><temp name="T6"/><temp name="T1638"/></temps></instruction><instruction code="INCH  T1639, 0"><temps name="use"/><temps name="def"><temp name="T1639"/></temps><temps name="in"><temp name="T1637"/><temp name="T254"/><temp name="T6"/><temp name="T1638"/></temps><temps name="out"><temp name="T1637"/><temp name="T254"/><temp name="T6"/><temp name="T1638"/><temp name="T1639"/></temps></instruction><instruction code="MUL T1640, T1638, T1639"><temps name="use"><temp name="T1638"/><temp name="T1639"/></temps><temps name="def"><temp name="T1640"/></temps><temps name="in"><temp name="T1637"/><temp name="T254"/><temp name="T6"/><temp name="T1638"/><temp name="T1639"/></temps><temps name="out"><temp name="T1637"/><temp name="T254"/><temp name="T6"/><temp name="T1640"/></temps></instruction><instruction code="ADD T1641, T1637, T1640"><temps name="use"><temp name="T1637"/><temp name="T1640"/></temps><temps name="def"><temp name="T1641"/></temps><temps name="in"><temp name="T1637"/><temp name="T254"/><temp name="T6"/><temp name="T1640"/></temps><temps name="out"><temp name="T254"/><temp name="T6"/><temp name="T1641"/></temps></instruction><instruction code="SETL  T1642, 5"><temps name="use"/><temps name="def"><temp name="T1642"/></temps><temps name="in"><temp name="T254"/><temp name="T6"/><temp name="T1641"/></temps><temps name="out"><temp name="T254"/><temp name="T6"/><temp name="T1641"/></temps></instruction><instruction code="INCML T1642, 0"><temps name="use"/><temps name="def"><temp name="T1642"/></temps><temps name="in"><temp name="T254"/><temp name="T6"/><temp name="T1641"/></temps><temps name="out"><temp name="T254"/><temp name="T6"/><temp name="T1641"/></temps></instruction><instruction code="INCMH T1642, 0"><temps name="use"/><temps name="def"><temp name="T1642"/></temps><temps name="in"><temp name="T254"/><temp name="T6"/><temp name="T1641"/></temps><temps name="out"><temp name="T254"/><temp name="T6"/><temp name="T1641"/></temps></instruction><instruction code="INCH  T1642, 0"><temps name="use"/><temps name="def"><temp name="T1642"/></temps><temps name="in"><temp name="T254"/><temp name="T6"/><temp name="T1641"/></temps><temps name="out"><temp name="T254"/><temp name="T6"/><temp name="T1642"/><temp name="T1641"/></temps></instruction><instruction code="SETL  T1643, 8"><temps name="use"/><temps name="def"><temp name="T1643"/></temps><temps name="in"><temp name="T254"/><temp name="T6"/><temp name="T1642"/><temp name="T1641"/></temps><temps name="out"><temp name="T254"/><temp name="T6"/><temp name="T1642"/><temp name="T1641"/></temps></instruction><instruction code="INCML T1643, 0"><temps name="use"/><temps name="def"><temp name="T1643"/></temps><temps name="in"><temp name="T254"/><temp name="T6"/><temp name="T1642"/><temp name="T1641"/></temps><temps name="out"><temp name="T254"/><temp name="T6"/><temp name="T1642"/><temp name="T1641"/></temps></instruction><instruction code="INCMH T1643, 0"><temps name="use"/><temps name="def"><temp name="T1643"/></temps><temps name="in"><temp name="T254"/><temp name="T6"/><temp name="T1642"/><temp name="T1641"/></temps><temps name="out"><temp name="T254"/><temp name="T6"/><temp name="T1642"/><temp name="T1641"/></temps></instruction><instruction code="INCH  T1643, 0"><temps name="use"/><temps name="def"><temp name="T1643"/></temps><temps name="in"><temp name="T254"/><temp name="T6"/><temp name="T1642"/><temp name="T1641"/></temps><temps name="out"><temp name="T254"/><temp name="T6"/><temp name="T1642"/><temp name="T1643"/><temp name="T1641"/></temps></instruction><instruction code="MUL T1644, T1642, T1643"><temps name="use"><temp name="T1642"/><temp name="T1643"/></temps><temps name="def"><temp name="T1644"/></temps><temps name="in"><temp name="T254"/><temp name="T6"/><temp name="T1642"/><temp name="T1643"/><temp name="T1641"/></temps><temps name="out"><temp name="T1644"/><temp name="T254"/><temp name="T6"/><temp name="T1641"/></temps></instruction><instruction code="ADD T1645, T1641, T1644"><temps name="use"><temp name="T1641"/><temp name="T1644"/></temps><temps name="def"><temp name="T1645"/></temps><temps name="in"><temp name="T1644"/><temp name="T254"/><temp name="T6"/><temp name="T1641"/></temps><temps name="out"><temp name="T254"/><temp name="T6"/><temp name="T1645"/></temps></instruction><instruction code="STO T1645, T254, 0"><temps name="use"><temp name="T1645"/><temp name="T254"/></temps><temps name="def"/><temps name="in"><temp name="T254"/><temp name="T6"/><temp name="T1645"/></temps><temps name="out"><temp name="T6"/></temps></instruction><instruction code="SETL  T1647, 0"><temps name="use"/><temps name="def"><temp name="T1647"/></temps><temps name="in"><temp name="T6"/></temps><temps name="out"><temp name="T6"/></temps></instruction><instruction code="INCML T1647, 0"><temps name="use"/><temps name="def"><temp name="T1647"/></temps><temps name="in"><temp name="T6"/></temps><temps name="out"><temp name="T6"/></temps></instruction><instruction code="INCMH T1647, 0"><temps name="use"/><temps name="def"><temp name="T1647"/></temps><temps name="in"><temp name="T6"/></temps><temps name="out"><temp name="T6"/></temps></instruction><instruction code="INCH  T1647, 0"><temps name="use"/><temps name="def"><temp name="T1647"/></temps><temps name="in"><temp name="T6"/></temps><temps name="out"><temp name="T6"/><temp name="T1647"/></temps></instruction><instruction code="OR T255, T1647, 0"><temps name="use"><temp name="T1647"/></temps><temps name="def"><temp name="T255"/></temps><temps name="in"><temp name="T6"/><temp name="T1647"/></temps><temps name="out"><temp name="T6"/><temp name="T255"/></temps></instruction><instruction code="SETL  T1648, 664"><temps name="use"/><temps name="def"><temp name="T1648"/></temps><temps name="in"><temp name="T6"/><temp name="T255"/></temps><temps name="out"><temp name="T6"/><temp name="T255"/></temps></instruction><instruction code="INCML T1648, 0"><temps name="use"/><temps name="def"><temp name="T1648"/></temps><temps name="in"><temp name="T6"/><temp name="T255"/></temps><temps name="out"><temp name="T6"/><temp name="T255"/></temps></instruction><instruction code="INCMH T1648, 0"><temps name="use"/><temps name="def"><temp name="T1648"/></temps><temps name="in"><temp name="T6"/><temp name="T255"/></temps><temps name="out"><temp name="T6"/><temp name="T255"/></temps></instruction><instruction code="INCH  T1648, 0"><temps name="use"/><temps name="def"><temp name="T1648"/></temps><temps name="in"><temp name="T6"/><temp name="T255"/></temps><temps name="out"><temp name="T1648"/><temp name="T6"/><temp name="T255"/></temps></instruction><instruction code="NEG T1648, 0, T1648"><temps name="use"><temp name="T1648"/></temps><temps name="def"><temp name="T1648"/></temps><temps name="in"><temp name="T1648"/><temp name="T6"/><temp name="T255"/></temps><temps name="out"><temp name="T1648"/><temp name="T6"/><temp name="T255"/></temps></instruction><instruction code="ADD T1649, T6, T1648"><temps name="use"><temp name="T6"/><temp name="T1648"/></temps><temps name="def"><temp name="T1649"/></temps><temps name="in"><temp name="T1648"/><temp name="T6"/><temp name="T255"/></temps><temps name="out"><temp name="T6"/><temp name="T1649"/><temp name="T255"/></temps></instruction><instruction code="SETL  T1650, 3"><temps name="use"/><temps name="def"><temp name="T1650"/></temps><temps name="in"><temp name="T6"/><temp name="T1649"/><temp name="T255"/></temps><temps name="out"><temp name="T6"/><temp name="T1649"/><temp name="T255"/></temps></instruction><instruction code="INCML T1650, 0"><temps name="use"/><temps name="def"><temp name="T1650"/></temps><temps name="in"><temp name="T6"/><temp name="T1649"/><temp name="T255"/></temps><temps name="out"><temp name="T6"/><temp name="T1649"/><temp name="T255"/></temps></instruction><instruction code="INCMH T1650, 0"><temps name="use"/><temps name="def"><temp name="T1650"/></temps><temps name="in"><temp name="T6"/><temp name="T1649"/><temp name="T255"/></temps><temps name="out"><temp name="T6"/><temp name="T1649"/><temp name="T255"/></temps></instruction><instruction code="INCH  T1650, 0"><temps name="use"/><temps name="def"><temp name="T1650"/></temps><temps name="in"><temp name="T6"/><temp name="T1649"/><temp name="T255"/></temps><temps name="out"><temp name="T6"/><temp name="T1649"/><temp name="T1650"/><temp name="T255"/></temps></instruction><instruction code="SETL  T1651, 72"><temps name="use"/><temps name="def"><temp name="T1651"/></temps><temps name="in"><temp name="T6"/><temp name="T1649"/><temp name="T1650"/><temp name="T255"/></temps><temps name="out"><temp name="T6"/><temp name="T1649"/><temp name="T1650"/><temp name="T255"/></temps></instruction><instruction code="INCML T1651, 0"><temps name="use"/><temps name="def"><temp name="T1651"/></temps><temps name="in"><temp name="T6"/><temp name="T1649"/><temp name="T1650"/><temp name="T255"/></temps><temps name="out"><temp name="T6"/><temp name="T1649"/><temp name="T1650"/><temp name="T255"/></temps></instruction><instruction code="INCMH T1651, 0"><temps name="use"/><temps name="def"><temp name="T1651"/></temps><temps name="in"><temp name="T6"/><temp name="T1649"/><temp name="T1650"/><temp name="T255"/></temps><temps name="out"><temp name="T6"/><temp name="T1649"/><temp name="T1650"/><temp name="T255"/></temps></instruction><instruction code="INCH  T1651, 0"><temps name="use"/><temps name="def"><temp name="T1651"/></temps><temps name="in"><temp name="T6"/><temp name="T1649"/><temp name="T1650"/><temp name="T255"/></temps><temps name="out"><temp name="T1651"/><temp name="T6"/><temp name="T1649"/><temp name="T1650"/><temp name="T255"/></temps></instruction><instruction code="MUL T1652, T1650, T1651"><temps name="use"><temp name="T1650"/><temp name="T1651"/></temps><temps name="def"><temp name="T1652"/></temps><temps name="in"><temp name="T1651"/><temp name="T6"/><temp name="T1649"/><temp name="T1650"/><temp name="T255"/></temps><temps name="out"><temp name="T6"/><temp name="T1649"/><temp name="T1652"/><temp name="T255"/></temps></instruction><instruction code="ADD T1653, T1649, T1652"><temps name="use"><temp name="T1649"/><temp name="T1652"/></temps><temps name="def"><temp name="T1653"/></temps><temps name="in"><temp name="T6"/><temp name="T1649"/><temp name="T1652"/><temp name="T255"/></temps><temps name="out"><temp name="T6"/><temp name="T1653"/><temp name="T255"/></temps></instruction><instruction code="SETL  T1654, 6"><temps name="use"/><temps name="def"><temp name="T1654"/></temps><temps name="in"><temp name="T6"/><temp name="T1653"/><temp name="T255"/></temps><temps name="out"><temp name="T6"/><temp name="T1653"/><temp name="T255"/></temps></instruction><instruction code="INCML T1654, 0"><temps name="use"/><temps name="def"><temp name="T1654"/></temps><temps name="in"><temp name="T6"/><temp name="T1653"/><temp name="T255"/></temps><temps name="out"><temp name="T6"/><temp name="T1653"/><temp name="T255"/></temps></instruction><instruction code="INCMH T1654, 0"><temps name="use"/><temps name="def"><temp name="T1654"/></temps><temps name="in"><temp name="T6"/><temp name="T1653"/><temp name="T255"/></temps><temps name="out"><temp name="T6"/><temp name="T1653"/><temp name="T255"/></temps></instruction><instruction code="INCH  T1654, 0"><temps name="use"/><temps name="def"><temp name="T1654"/></temps><temps name="in"><temp name="T6"/><temp name="T1653"/><temp name="T255"/></temps><temps name="out"><temp name="T6"/><temp name="T1654"/><temp name="T1653"/><temp name="T255"/></temps></instruction><instruction code="SETL  T1655, 8"><temps name="use"/><temps name="def"><temp name="T1655"/></temps><temps name="in"><temp name="T6"/><temp name="T1654"/><temp name="T1653"/><temp name="T255"/></temps><temps name="out"><temp name="T6"/><temp name="T1654"/><temp name="T1653"/><temp name="T255"/></temps></instruction><instruction code="INCML T1655, 0"><temps name="use"/><temps name="def"><temp name="T1655"/></temps><temps name="in"><temp name="T6"/><temp name="T1654"/><temp name="T1653"/><temp name="T255"/></temps><temps name="out"><temp name="T6"/><temp name="T1654"/><temp name="T1653"/><temp name="T255"/></temps></instruction><instruction code="INCMH T1655, 0"><temps name="use"/><temps name="def"><temp name="T1655"/></temps><temps name="in"><temp name="T6"/><temp name="T1654"/><temp name="T1653"/><temp name="T255"/></temps><temps name="out"><temp name="T6"/><temp name="T1654"/><temp name="T1653"/><temp name="T255"/></temps></instruction><instruction code="INCH  T1655, 0"><temps name="use"/><temps name="def"><temp name="T1655"/></temps><temps name="in"><temp name="T6"/><temp name="T1654"/><temp name="T1653"/><temp name="T255"/></temps><temps name="out"><temp name="T6"/><temp name="T1655"/><temp name="T1654"/><temp name="T1653"/><temp name="T255"/></temps></instruction><instruction code="MUL T1656, T1654, T1655"><temps name="use"><temp name="T1654"/><temp name="T1655"/></temps><temps name="def"><temp name="T1656"/></temps><temps name="in"><temp name="T6"/><temp name="T1655"/><temp name="T1654"/><temp name="T1653"/><temp name="T255"/></temps><temps name="out"><temp name="T6"/><temp name="T1656"/><temp name="T1653"/><temp name="T255"/></temps></instruction><instruction code="ADD T1657, T1653, T1656"><temps name="use"><temp name="T1653"/><temp name="T1656"/></temps><temps name="def"><temp name="T1657"/></temps><temps name="in"><temp name="T6"/><temp name="T1656"/><temp name="T1653"/><temp name="T255"/></temps><temps name="out"><temp name="T1657"/><temp name="T6"/><temp name="T255"/></temps></instruction><instruction code="STO T1657, T255, 0"><temps name="use"><temp name="T1657"/><temp name="T255"/></temps><temps name="def"/><temps name="in"><temp name="T1657"/><temp name="T6"/><temp name="T255"/></temps><temps name="out"><temp name="T6"/></temps></instruction><instruction code="SETL  T1659, 5"><temps name="use"/><temps name="def"><temp name="T1659"/></temps><temps name="in"><temp name="T6"/></temps><temps name="out"><temp name="T6"/></temps></instruction><instruction code="INCML T1659, 0"><temps name="use"/><temps name="def"><temp name="T1659"/></temps><temps name="in"><temp name="T6"/></temps><temps name="out"><temp name="T6"/></temps></instruction><instruction code="INCMH T1659, 0"><temps name="use"/><temps name="def"><temp name="T1659"/></temps><temps name="in"><temp name="T6"/></temps><temps name="out"><temp name="T6"/></temps></instruction><instruction code="INCH  T1659, 0"><temps name="use"/><temps name="def"><temp name="T1659"/></temps><temps name="in"><temp name="T6"/></temps><temps name="out"><temp name="T6"/><temp name="T1659"/></temps></instruction><instruction code="OR T256, T1659, 0"><temps name="use"><temp name="T1659"/></temps><temps name="def"><temp name="T256"/></temps><temps name="in"><temp name="T6"/><temp name="T1659"/></temps><temps name="out"><temp name="T6"/><temp name="T256"/></temps></instruction><instruction code="SETL  T1660, 664"><temps name="use"/><temps name="def"><temp name="T1660"/></temps><temps name="in"><temp name="T6"/><temp name="T256"/></temps><temps name="out"><temp name="T6"/><temp name="T256"/></temps></instruction><instruction code="INCML T1660, 0"><temps name="use"/><temps name="def"><temp name="T1660"/></temps><temps name="in"><temp name="T6"/><temp name="T256"/></temps><temps name="out"><temp name="T6"/><temp name="T256"/></temps></instruction><instruction code="INCMH T1660, 0"><temps name="use"/><temps name="def"><temp name="T1660"/></temps><temps name="in"><temp name="T6"/><temp name="T256"/></temps><temps name="out"><temp name="T6"/><temp name="T256"/></temps></instruction><instruction code="INCH  T1660, 0"><temps name="use"/><temps name="def"><temp name="T1660"/></temps><temps name="in"><temp name="T6"/><temp name="T256"/></temps><temps name="out"><temp name="T6"/><temp name="T1660"/><temp name="T256"/></temps></instruction><instruction code="NEG T1660, 0, T1660"><temps name="use"><temp name="T1660"/></temps><temps name="def"><temp name="T1660"/></temps><temps name="in"><temp name="T6"/><temp name="T1660"/><temp name="T256"/></temps><temps name="out"><temp name="T6"/><temp name="T1660"/><temp name="T256"/></temps></instruction><instruction code="ADD T1661, T6, T1660"><temps name="use"><temp name="T6"/><temp name="T1660"/></temps><temps name="def"><temp name="T1661"/></temps><temps name="in"><temp name="T6"/><temp name="T1660"/><temp name="T256"/></temps><temps name="out"><temp name="T6"/><temp name="T1661"/><temp name="T256"/></temps></instruction><instruction code="SETL  T1662, 3"><temps name="use"/><temps name="def"><temp name="T1662"/></temps><temps name="in"><temp name="T6"/><temp name="T1661"/><temp name="T256"/></temps><temps name="out"><temp name="T6"/><temp name="T1661"/><temp name="T256"/></temps></instruction><instruction code="INCML T1662, 0"><temps name="use"/><temps name="def"><temp name="T1662"/></temps><temps name="in"><temp name="T6"/><temp name="T1661"/><temp name="T256"/></temps><temps name="out"><temp name="T6"/><temp name="T1661"/><temp name="T256"/></temps></instruction><instruction code="INCMH T1662, 0"><temps name="use"/><temps name="def"><temp name="T1662"/></temps><temps name="in"><temp name="T6"/><temp name="T1661"/><temp name="T256"/></temps><temps name="out"><temp name="T6"/><temp name="T1661"/><temp name="T256"/></temps></instruction><instruction code="INCH  T1662, 0"><temps name="use"/><temps name="def"><temp name="T1662"/></temps><temps name="in"><temp name="T6"/><temp name="T1661"/><temp name="T256"/></temps><temps name="out"><temp name="T6"/><temp name="T1661"/><temp name="T1662"/><temp name="T256"/></temps></instruction><instruction code="SETL  T1663, 72"><temps name="use"/><temps name="def"><temp name="T1663"/></temps><temps name="in"><temp name="T6"/><temp name="T1661"/><temp name="T1662"/><temp name="T256"/></temps><temps name="out"><temp name="T6"/><temp name="T1661"/><temp name="T1662"/><temp name="T256"/></temps></instruction><instruction code="INCML T1663, 0"><temps name="use"/><temps name="def"><temp name="T1663"/></temps><temps name="in"><temp name="T6"/><temp name="T1661"/><temp name="T1662"/><temp name="T256"/></temps><temps name="out"><temp name="T6"/><temp name="T1661"/><temp name="T1662"/><temp name="T256"/></temps></instruction><instruction code="INCMH T1663, 0"><temps name="use"/><temps name="def"><temp name="T1663"/></temps><temps name="in"><temp name="T6"/><temp name="T1661"/><temp name="T1662"/><temp name="T256"/></temps><temps name="out"><temp name="T6"/><temp name="T1661"/><temp name="T1662"/><temp name="T256"/></temps></instruction><instruction code="INCH  T1663, 0"><temps name="use"/><temps name="def"><temp name="T1663"/></temps><temps name="in"><temp name="T6"/><temp name="T1661"/><temp name="T1662"/><temp name="T256"/></temps><temps name="out"><temp name="T6"/><temp name="T1663"/><temp name="T1661"/><temp name="T1662"/><temp name="T256"/></temps></instruction><instruction code="MUL T1664, T1662, T1663"><temps name="use"><temp name="T1662"/><temp name="T1663"/></temps><temps name="def"><temp name="T1664"/></temps><temps name="in"><temp name="T6"/><temp name="T1663"/><temp name="T1661"/><temp name="T1662"/><temp name="T256"/></temps><temps name="out"><temp name="T1664"/><temp name="T6"/><temp name="T1661"/><temp name="T256"/></temps></instruction><instruction code="ADD T1665, T1661, T1664"><temps name="use"><temp name="T1661"/><temp name="T1664"/></temps><temps name="def"><temp name="T1665"/></temps><temps name="in"><temp name="T1664"/><temp name="T6"/><temp name="T1661"/><temp name="T256"/></temps><temps name="out"><temp name="T6"/><temp name="T1665"/><temp name="T256"/></temps></instruction><instruction code="SETL  T1666, 7"><temps name="use"/><temps name="def"><temp name="T1666"/></temps><temps name="in"><temp name="T6"/><temp name="T1665"/><temp name="T256"/></temps><temps name="out"><temp name="T6"/><temp name="T1665"/><temp name="T256"/></temps></instruction><instruction code="INCML T1666, 0"><temps name="use"/><temps name="def"><temp name="T1666"/></temps><temps name="in"><temp name="T6"/><temp name="T1665"/><temp name="T256"/></temps><temps name="out"><temp name="T6"/><temp name="T1665"/><temp name="T256"/></temps></instruction><instruction code="INCMH T1666, 0"><temps name="use"/><temps name="def"><temp name="T1666"/></temps><temps name="in"><temp name="T6"/><temp name="T1665"/><temp name="T256"/></temps><temps name="out"><temp name="T6"/><temp name="T1665"/><temp name="T256"/></temps></instruction><instruction code="INCH  T1666, 0"><temps name="use"/><temps name="def"><temp name="T1666"/></temps><temps name="in"><temp name="T6"/><temp name="T1665"/><temp name="T256"/></temps><temps name="out"><temp name="T6"/><temp name="T1665"/><temp name="T1666"/><temp name="T256"/></temps></instruction><instruction code="SETL  T1667, 8"><temps name="use"/><temps name="def"><temp name="T1667"/></temps><temps name="in"><temp name="T6"/><temp name="T1665"/><temp name="T1666"/><temp name="T256"/></temps><temps name="out"><temp name="T6"/><temp name="T1665"/><temp name="T1666"/><temp name="T256"/></temps></instruction><instruction code="INCML T1667, 0"><temps name="use"/><temps name="def"><temp name="T1667"/></temps><temps name="in"><temp name="T6"/><temp name="T1665"/><temp name="T1666"/><temp name="T256"/></temps><temps name="out"><temp name="T6"/><temp name="T1665"/><temp name="T1666"/><temp name="T256"/></temps></instruction><instruction code="INCMH T1667, 0"><temps name="use"/><temps name="def"><temp name="T1667"/></temps><temps name="in"><temp name="T6"/><temp name="T1665"/><temp name="T1666"/><temp name="T256"/></temps><temps name="out"><temp name="T6"/><temp name="T1665"/><temp name="T1666"/><temp name="T256"/></temps></instruction><instruction code="INCH  T1667, 0"><temps name="use"/><temps name="def"><temp name="T1667"/></temps><temps name="in"><temp name="T6"/><temp name="T1665"/><temp name="T1666"/><temp name="T256"/></temps><temps name="out"><temp name="T6"/><temp name="T1667"/><temp name="T1665"/><temp name="T1666"/><temp name="T256"/></temps></instruction><instruction code="MUL T1668, T1666, T1667"><temps name="use"><temp name="T1666"/><temp name="T1667"/></temps><temps name="def"><temp name="T1668"/></temps><temps name="in"><temp name="T6"/><temp name="T1667"/><temp name="T1665"/><temp name="T1666"/><temp name="T256"/></temps><temps name="out"><temp name="T6"/><temp name="T1665"/><temp name="T1668"/><temp name="T256"/></temps></instruction><instruction code="ADD T1669, T1665, T1668"><temps name="use"><temp name="T1665"/><temp name="T1668"/></temps><temps name="def"><temp name="T1669"/></temps><temps name="in"><temp name="T6"/><temp name="T1665"/><temp name="T1668"/><temp name="T256"/></temps><temps name="out"><temp name="T6"/><temp name="T1669"/><temp name="T256"/></temps></instruction><instruction code="STO T1669, T256, 0"><temps name="use"><temp name="T1669"/><temp name="T256"/></temps><temps name="def"/><temps name="in"><temp name="T6"/><temp name="T1669"/><temp name="T256"/></temps><temps name="out"><temp name="T6"/></temps></instruction><instruction code="SETL  T1671, 0"><temps name="use"/><temps name="def"><temp name="T1671"/></temps><temps name="in"><temp name="T6"/></temps><temps name="out"><temp name="T6"/></temps></instruction><instruction code="INCML T1671, 0"><temps name="use"/><temps name="def"><temp name="T1671"/></temps><temps name="in"><temp name="T6"/></temps><temps name="out"><temp name="T6"/></temps></instruction><instruction code="INCMH T1671, 0"><temps name="use"/><temps name="def"><temp name="T1671"/></temps><temps name="in"><temp name="T6"/></temps><temps name="out"><temp name="T6"/></temps></instruction><instruction code="INCH  T1671, 0"><temps name="use"/><temps name="def"><temp name="T1671"/></temps><temps name="in"><temp name="T6"/></temps><temps name="out"><temp name="T6"/><temp name="T1671"/></temps></instruction><instruction code="OR T257, T1671, 0"><temps name="use"><temp name="T1671"/></temps><temps name="def"><temp name="T257"/></temps><temps name="in"><temp name="T6"/><temp name="T1671"/></temps><temps name="out"><temp name="T6"/><temp name="T257"/></temps></instruction><instruction code="SETL  T1672, 664"><temps name="use"/><temps name="def"><temp name="T1672"/></temps><temps name="in"><temp name="T6"/><temp name="T257"/></temps><temps name="out"><temp name="T6"/><temp name="T257"/></temps></instruction><instruction code="INCML T1672, 0"><temps name="use"/><temps name="def"><temp name="T1672"/></temps><temps name="in"><temp name="T6"/><temp name="T257"/></temps><temps name="out"><temp name="T6"/><temp name="T257"/></temps></instruction><instruction code="INCMH T1672, 0"><temps name="use"/><temps name="def"><temp name="T1672"/></temps><temps name="in"><temp name="T6"/><temp name="T257"/></temps><temps name="out"><temp name="T6"/><temp name="T257"/></temps></instruction><instruction code="INCH  T1672, 0"><temps name="use"/><temps name="def"><temp name="T1672"/></temps><temps name="in"><temp name="T6"/><temp name="T257"/></temps><temps name="out"><temp name="T6"/><temp name="T257"/><temp name="T1672"/></temps></instruction><instruction code="NEG T1672, 0, T1672"><temps name="use"><temp name="T1672"/></temps><temps name="def"><temp name="T1672"/></temps><temps name="in"><temp name="T6"/><temp name="T257"/><temp name="T1672"/></temps><temps name="out"><temp name="T6"/><temp name="T257"/><temp name="T1672"/></temps></instruction><instruction code="ADD T1673, T6, T1672"><temps name="use"><temp name="T6"/><temp name="T1672"/></temps><temps name="def"><temp name="T1673"/></temps><temps name="in"><temp name="T6"/><temp name="T257"/><temp name="T1672"/></temps><temps name="out"><temp name="T1673"/><temp name="T6"/><temp name="T257"/></temps></instruction><instruction code="SETL  T1674, 3"><temps name="use"/><temps name="def"><temp name="T1674"/></temps><temps name="in"><temp name="T1673"/><temp name="T6"/><temp name="T257"/></temps><temps name="out"><temp name="T1673"/><temp name="T6"/><temp name="T257"/></temps></instruction><instruction code="INCML T1674, 0"><temps name="use"/><temps name="def"><temp name="T1674"/></temps><temps name="in"><temp name="T1673"/><temp name="T6"/><temp name="T257"/></temps><temps name="out"><temp name="T1673"/><temp name="T6"/><temp name="T257"/></temps></instruction><instruction code="INCMH T1674, 0"><temps name="use"/><temps name="def"><temp name="T1674"/></temps><temps name="in"><temp name="T1673"/><temp name="T6"/><temp name="T257"/></temps><temps name="out"><temp name="T1673"/><temp name="T6"/><temp name="T257"/></temps></instruction><instruction code="INCH  T1674, 0"><temps name="use"/><temps name="def"><temp name="T1674"/></temps><temps name="in"><temp name="T1673"/><temp name="T6"/><temp name="T257"/></temps><temps name="out"><temp name="T1674"/><temp name="T1673"/><temp name="T6"/><temp name="T257"/></temps></instruction><instruction code="SETL  T1675, 72"><temps name="use"/><temps name="def"><temp name="T1675"/></temps><temps name="in"><temp name="T1674"/><temp name="T1673"/><temp name="T6"/><temp name="T257"/></temps><temps name="out"><temp name="T1674"/><temp name="T1673"/><temp name="T6"/><temp name="T257"/></temps></instruction><instruction code="INCML T1675, 0"><temps name="use"/><temps name="def"><temp name="T1675"/></temps><temps name="in"><temp name="T1674"/><temp name="T1673"/><temp name="T6"/><temp name="T257"/></temps><temps name="out"><temp name="T1674"/><temp name="T1673"/><temp name="T6"/><temp name="T257"/></temps></instruction><instruction code="INCMH T1675, 0"><temps name="use"/><temps name="def"><temp name="T1675"/></temps><temps name="in"><temp name="T1674"/><temp name="T1673"/><temp name="T6"/><temp name="T257"/></temps><temps name="out"><temp name="T1674"/><temp name="T1673"/><temp name="T6"/><temp name="T257"/></temps></instruction><instruction code="INCH  T1675, 0"><temps name="use"/><temps name="def"><temp name="T1675"/></temps><temps name="in"><temp name="T1674"/><temp name="T1673"/><temp name="T6"/><temp name="T257"/></temps><temps name="out"><temp name="T1674"/><temp name="T1673"/><temp name="T6"/><temp name="T1675"/><temp name="T257"/></temps></instruction><instruction code="MUL T1676, T1674, T1675"><temps name="use"><temp name="T1674"/><temp name="T1675"/></temps><temps name="def"><temp name="T1676"/></temps><temps name="in"><temp name="T1674"/><temp name="T1673"/><temp name="T6"/><temp name="T1675"/><temp name="T257"/></temps><temps name="out"><temp name="T1673"/><temp name="T6"/><temp name="T1676"/><temp name="T257"/></temps></instruction><instruction code="ADD T1677, T1673, T1676"><temps name="use"><temp name="T1673"/><temp name="T1676"/></temps><temps name="def"><temp name="T1677"/></temps><temps name="in"><temp name="T1673"/><temp name="T6"/><temp name="T1676"/><temp name="T257"/></temps><temps name="out"><temp name="T1677"/><temp name="T6"/><temp name="T257"/></temps></instruction><instruction code="SETL  T1678, 8"><temps name="use"/><temps name="def"><temp name="T1678"/></temps><temps name="in"><temp name="T1677"/><temp name="T6"/><temp name="T257"/></temps><temps name="out"><temp name="T1677"/><temp name="T6"/><temp name="T257"/></temps></instruction><instruction code="INCML T1678, 0"><temps name="use"/><temps name="def"><temp name="T1678"/></temps><temps name="in"><temp name="T1677"/><temp name="T6"/><temp name="T257"/></temps><temps name="out"><temp name="T1677"/><temp name="T6"/><temp name="T257"/></temps></instruction><instruction code="INCMH T1678, 0"><temps name="use"/><temps name="def"><temp name="T1678"/></temps><temps name="in"><temp name="T1677"/><temp name="T6"/><temp name="T257"/></temps><temps name="out"><temp name="T1677"/><temp name="T6"/><temp name="T257"/></temps></instruction><instruction code="INCH  T1678, 0"><temps name="use"/><temps name="def"><temp name="T1678"/></temps><temps name="in"><temp name="T1677"/><temp name="T6"/><temp name="T257"/></temps><temps name="out"><temp name="T1677"/><temp name="T6"/><temp name="T257"/><temp name="T1678"/></temps></instruction><instruction code="SETL  T1679, 8"><temps name="use"/><temps name="def"><temp name="T1679"/></temps><temps name="in"><temp name="T1677"/><temp name="T6"/><temp name="T257"/><temp name="T1678"/></temps><temps name="out"><temp name="T1677"/><temp name="T6"/><temp name="T257"/><temp name="T1678"/></temps></instruction><instruction code="INCML T1679, 0"><temps name="use"/><temps name="def"><temp name="T1679"/></temps><temps name="in"><temp name="T1677"/><temp name="T6"/><temp name="T257"/><temp name="T1678"/></temps><temps name="out"><temp name="T1677"/><temp name="T6"/><temp name="T257"/><temp name="T1678"/></temps></instruction><instruction code="INCMH T1679, 0"><temps name="use"/><temps name="def"><temp name="T1679"/></temps><temps name="in"><temp name="T1677"/><temp name="T6"/><temp name="T257"/><temp name="T1678"/></temps><temps name="out"><temp name="T1677"/><temp name="T6"/><temp name="T257"/><temp name="T1678"/></temps></instruction><instruction code="INCH  T1679, 0"><temps name="use"/><temps name="def"><temp name="T1679"/></temps><temps name="in"><temp name="T1677"/><temp name="T6"/><temp name="T257"/><temp name="T1678"/></temps><temps name="out"><temp name="T1677"/><temp name="T6"/><temp name="T257"/><temp name="T1679"/><temp name="T1678"/></temps></instruction><instruction code="MUL T1680, T1678, T1679"><temps name="use"><temp name="T1678"/><temp name="T1679"/></temps><temps name="def"><temp name="T1680"/></temps><temps name="in"><temp name="T1677"/><temp name="T6"/><temp name="T257"/><temp name="T1679"/><temp name="T1678"/></temps><temps name="out"><temp name="T1680"/><temp name="T1677"/><temp name="T6"/><temp name="T257"/></temps></instruction><instruction code="ADD T1681, T1677, T1680"><temps name="use"><temp name="T1677"/><temp name="T1680"/></temps><temps name="def"><temp name="T1681"/></temps><temps name="in"><temp name="T1680"/><temp name="T1677"/><temp name="T6"/><temp name="T257"/></temps><temps name="out"><temp name="T6"/><temp name="T257"/><temp name="T1681"/></temps></instruction><instruction code="STO T1681, T257, 0"><temps name="use"><temp name="T1681"/><temp name="T257"/></temps><temps name="def"/><temps name="in"><temp name="T6"/><temp name="T257"/><temp name="T1681"/></temps><temps name="out"><temp name="T6"/></temps></instruction><instruction code="SETL  T1683, 3"><temps name="use"/><temps name="def"><temp name="T1683"/></temps><temps name="in"><temp name="T6"/></temps><temps name="out"><temp name="T6"/></temps></instruction><instruction code="INCML T1683, 0"><temps name="use"/><temps name="def"><temp name="T1683"/></temps><temps name="in"><temp name="T6"/></temps><temps name="out"><temp name="T6"/></temps></instruction><instruction code="INCMH T1683, 0"><temps name="use"/><temps name="def"><temp name="T1683"/></temps><temps name="in"><temp name="T6"/></temps><temps name="out"><temp name="T6"/></temps></instruction><instruction code="INCH  T1683, 0"><temps name="use"/><temps name="def"><temp name="T1683"/></temps><temps name="in"><temp name="T6"/></temps><temps name="out"><temp name="T1683"/><temp name="T6"/></temps></instruction><instruction code="OR T258, T1683, 0"><temps name="use"><temp name="T1683"/></temps><temps name="def"><temp name="T258"/></temps><temps name="in"><temp name="T1683"/><temp name="T6"/></temps><temps name="out"><temp name="T6"/><temp name="T258"/></temps></instruction><instruction code="SETL  T1684, 664"><temps name="use"/><temps name="def"><temp name="T1684"/></temps><temps name="in"><temp name="T6"/><temp name="T258"/></temps><temps name="out"><temp name="T6"/><temp name="T258"/></temps></instruction><instruction code="INCML T1684, 0"><temps name="use"/><temps name="def"><temp name="T1684"/></temps><temps name="in"><temp name="T6"/><temp name="T258"/></temps><temps name="out"><temp name="T6"/><temp name="T258"/></temps></instruction><instruction code="INCMH T1684, 0"><temps name="use"/><temps name="def"><temp name="T1684"/></temps><temps name="in"><temp name="T6"/><temp name="T258"/></temps><temps name="out"><temp name="T6"/><temp name="T258"/></temps></instruction><instruction code="INCH  T1684, 0"><temps name="use"/><temps name="def"><temp name="T1684"/></temps><temps name="in"><temp name="T6"/><temp name="T258"/></temps><temps name="out"><temp name="T6"/><temp name="T1684"/><temp name="T258"/></temps></instruction><instruction code="NEG T1684, 0, T1684"><temps name="use"><temp name="T1684"/></temps><temps name="def"><temp name="T1684"/></temps><temps name="in"><temp name="T6"/><temp name="T1684"/><temp name="T258"/></temps><temps name="out"><temp name="T6"/><temp name="T1684"/><temp name="T258"/></temps></instruction><instruction code="ADD T1685, T6, T1684"><temps name="use"><temp name="T6"/><temp name="T1684"/></temps><temps name="def"><temp name="T1685"/></temps><temps name="in"><temp name="T6"/><temp name="T1684"/><temp name="T258"/></temps><temps name="out"><temp name="T6"/><temp name="T1685"/><temp name="T258"/></temps></instruction><instruction code="SETL  T1686, 4"><temps name="use"/><temps name="def"><temp name="T1686"/></temps><temps name="in"><temp name="T6"/><temp name="T1685"/><temp name="T258"/></temps><temps name="out"><temp name="T6"/><temp name="T1685"/><temp name="T258"/></temps></instruction><instruction code="INCML T1686, 0"><temps name="use"/><temps name="def"><temp name="T1686"/></temps><temps name="in"><temp name="T6"/><temp name="T1685"/><temp name="T258"/></temps><temps name="out"><temp name="T6"/><temp name="T1685"/><temp name="T258"/></temps></instruction><instruction code="INCMH T1686, 0"><temps name="use"/><temps name="def"><temp name="T1686"/></temps><temps name="in"><temp name="T6"/><temp name="T1685"/><temp name="T258"/></temps><temps name="out"><temp name="T6"/><temp name="T1685"/><temp name="T258"/></temps></instruction><instruction code="INCH  T1686, 0"><temps name="use"/><temps name="def"><temp name="T1686"/></temps><temps name="in"><temp name="T6"/><temp name="T1685"/><temp name="T258"/></temps><temps name="out"><temp name="T6"/><temp name="T1685"/><temp name="T1686"/><temp name="T258"/></temps></instruction><instruction code="SETL  T1687, 72"><temps name="use"/><temps name="def"><temp name="T1687"/></temps><temps name="in"><temp name="T6"/><temp name="T1685"/><temp name="T1686"/><temp name="T258"/></temps><temps name="out"><temp name="T6"/><temp name="T1685"/><temp name="T1686"/><temp name="T258"/></temps></instruction><instruction code="INCML T1687, 0"><temps name="use"/><temps name="def"><temp name="T1687"/></temps><temps name="in"><temp name="T6"/><temp name="T1685"/><temp name="T1686"/><temp name="T258"/></temps><temps name="out"><temp name="T6"/><temp name="T1685"/><temp name="T1686"/><temp name="T258"/></temps></instruction><instruction code="INCMH T1687, 0"><temps name="use"/><temps name="def"><temp name="T1687"/></temps><temps name="in"><temp name="T6"/><temp name="T1685"/><temp name="T1686"/><temp name="T258"/></temps><temps name="out"><temp name="T6"/><temp name="T1685"/><temp name="T1686"/><temp name="T258"/></temps></instruction><instruction code="INCH  T1687, 0"><temps name="use"/><temps name="def"><temp name="T1687"/></temps><temps name="in"><temp name="T6"/><temp name="T1685"/><temp name="T1686"/><temp name="T258"/></temps><temps name="out"><temp name="T6"/><temp name="T1687"/><temp name="T1685"/><temp name="T1686"/><temp name="T258"/></temps></instruction><instruction code="MUL T1688, T1686, T1687"><temps name="use"><temp name="T1686"/><temp name="T1687"/></temps><temps name="def"><temp name="T1688"/></temps><temps name="in"><temp name="T6"/><temp name="T1687"/><temp name="T1685"/><temp name="T1686"/><temp name="T258"/></temps><temps name="out"><temp name="T6"/><temp name="T1688"/><temp name="T1685"/><temp name="T258"/></temps></instruction><instruction code="ADD T1689, T1685, T1688"><temps name="use"><temp name="T1685"/><temp name="T1688"/></temps><temps name="def"><temp name="T1689"/></temps><temps name="in"><temp name="T6"/><temp name="T1688"/><temp name="T1685"/><temp name="T258"/></temps><temps name="out"><temp name="T1689"/><temp name="T6"/><temp name="T258"/></temps></instruction><instruction code="SETL  T1690, 0"><temps name="use"/><temps name="def"><temp name="T1690"/></temps><temps name="in"><temp name="T1689"/><temp name="T6"/><temp name="T258"/></temps><temps name="out"><temp name="T1689"/><temp name="T6"/><temp name="T258"/></temps></instruction><instruction code="INCML T1690, 0"><temps name="use"/><temps name="def"><temp name="T1690"/></temps><temps name="in"><temp name="T1689"/><temp name="T6"/><temp name="T258"/></temps><temps name="out"><temp name="T1689"/><temp name="T6"/><temp name="T258"/></temps></instruction><instruction code="INCMH T1690, 0"><temps name="use"/><temps name="def"><temp name="T1690"/></temps><temps name="in"><temp name="T1689"/><temp name="T6"/><temp name="T258"/></temps><temps name="out"><temp name="T1689"/><temp name="T6"/><temp name="T258"/></temps></instruction><instruction code="INCH  T1690, 0"><temps name="use"/><temps name="def"><temp name="T1690"/></temps><temps name="in"><temp name="T1689"/><temp name="T6"/><temp name="T258"/></temps><temps name="out"><temp name="T1689"/><temp name="T6"/><temp name="T1690"/><temp name="T258"/></temps></instruction><instruction code="SETL  T1691, 8"><temps name="use"/><temps name="def"><temp name="T1691"/></temps><temps name="in"><temp name="T1689"/><temp name="T6"/><temp name="T1690"/><temp name="T258"/></temps><temps name="out"><temp name="T1689"/><temp name="T6"/><temp name="T1690"/><temp name="T258"/></temps></instruction><instruction code="INCML T1691, 0"><temps name="use"/><temps name="def"><temp name="T1691"/></temps><temps name="in"><temp name="T1689"/><temp name="T6"/><temp name="T1690"/><temp name="T258"/></temps><temps name="out"><temp name="T1689"/><temp name="T6"/><temp name="T1690"/><temp name="T258"/></temps></instruction><instruction code="INCMH T1691, 0"><temps name="use"/><temps name="def"><temp name="T1691"/></temps><temps name="in"><temp name="T1689"/><temp name="T6"/><temp name="T1690"/><temp name="T258"/></temps><temps name="out"><temp name="T1689"/><temp name="T6"/><temp name="T1690"/><temp name="T258"/></temps></instruction><instruction code="INCH  T1691, 0"><temps name="use"/><temps name="def"><temp name="T1691"/></temps><temps name="in"><temp name="T1689"/><temp name="T6"/><temp name="T1690"/><temp name="T258"/></temps><temps name="out"><temp name="T1691"/><temp name="T1689"/><temp name="T6"/><temp name="T1690"/><temp name="T258"/></temps></instruction><instruction code="MUL T1692, T1690, T1691"><temps name="use"><temp name="T1690"/><temp name="T1691"/></temps><temps name="def"><temp name="T1692"/></temps><temps name="in"><temp name="T1691"/><temp name="T1689"/><temp name="T6"/><temp name="T1690"/><temp name="T258"/></temps><temps name="out"><temp name="T1692"/><temp name="T1689"/><temp name="T6"/><temp name="T258"/></temps></instruction><instruction code="ADD T1693, T1689, T1692"><temps name="use"><temp name="T1689"/><temp name="T1692"/></temps><temps name="def"><temp name="T1693"/></temps><temps name="in"><temp name="T1692"/><temp name="T1689"/><temp name="T6"/><temp name="T258"/></temps><temps name="out"><temp name="T6"/><temp name="T1693"/><temp name="T258"/></temps></instruction><instruction code="STO T1693, T258, 0"><temps name="use"><temp name="T1693"/><temp name="T258"/></temps><temps name="def"/><temps name="in"><temp name="T6"/><temp name="T1693"/><temp name="T258"/></temps><temps name="out"><temp name="T6"/></temps></instruction><instruction code="SETL  T1695, 0"><temps name="use"/><temps name="def"><temp name="T1695"/></temps><temps name="in"><temp name="T6"/></temps><temps name="out"><temp name="T6"/></temps></instruction><instruction code="INCML T1695, 0"><temps name="use"/><temps name="def"><temp name="T1695"/></temps><temps name="in"><temp name="T6"/></temps><temps name="out"><temp name="T6"/></temps></instruction><instruction code="INCMH T1695, 0"><temps name="use"/><temps name="def"><temp name="T1695"/></temps><temps name="in"><temp name="T6"/></temps><temps name="out"><temp name="T6"/></temps></instruction><instruction code="INCH  T1695, 0"><temps name="use"/><temps name="def"><temp name="T1695"/></temps><temps name="in"><temp name="T6"/></temps><temps name="out"><temp name="T6"/><temp name="T1695"/></temps></instruction><instruction code="OR T259, T1695, 0"><temps name="use"><temp name="T1695"/></temps><temps name="def"><temp name="T259"/></temps><temps name="in"><temp name="T6"/><temp name="T1695"/></temps><temps name="out"><temp name="T6"/><temp name="T259"/></temps></instruction><instruction code="SETL  T1696, 664"><temps name="use"/><temps name="def"><temp name="T1696"/></temps><temps name="in"><temp name="T6"/><temp name="T259"/></temps><temps name="out"><temp name="T6"/><temp name="T259"/></temps></instruction><instruction code="INCML T1696, 0"><temps name="use"/><temps name="def"><temp name="T1696"/></temps><temps name="in"><temp name="T6"/><temp name="T259"/></temps><temps name="out"><temp name="T6"/><temp name="T259"/></temps></instruction><instruction code="INCMH T1696, 0"><temps name="use"/><temps name="def"><temp name="T1696"/></temps><temps name="in"><temp name="T6"/><temp name="T259"/></temps><temps name="out"><temp name="T6"/><temp name="T259"/></temps></instruction><instruction code="INCH  T1696, 0"><temps name="use"/><temps name="def"><temp name="T1696"/></temps><temps name="in"><temp name="T6"/><temp name="T259"/></temps><temps name="out"><temp name="T6"/><temp name="T1696"/><temp name="T259"/></temps></instruction><instruction code="NEG T1696, 0, T1696"><temps name="use"><temp name="T1696"/></temps><temps name="def"><temp name="T1696"/></temps><temps name="in"><temp name="T6"/><temp name="T1696"/><temp name="T259"/></temps><temps name="out"><temp name="T6"/><temp name="T1696"/><temp name="T259"/></temps></instruction><instruction code="ADD T1697, T6, T1696"><temps name="use"><temp name="T6"/><temp name="T1696"/></temps><temps name="def"><temp name="T1697"/></temps><temps name="in"><temp name="T6"/><temp name="T1696"/><temp name="T259"/></temps><temps name="out"><temp name="T6"/><temp name="T1697"/><temp name="T259"/></temps></instruction><instruction code="SETL  T1698, 4"><temps name="use"/><temps name="def"><temp name="T1698"/></temps><temps name="in"><temp name="T6"/><temp name="T1697"/><temp name="T259"/></temps><temps name="out"><temp name="T6"/><temp name="T1697"/><temp name="T259"/></temps></instruction><instruction code="INCML T1698, 0"><temps name="use"/><temps name="def"><temp name="T1698"/></temps><temps name="in"><temp name="T6"/><temp name="T1697"/><temp name="T259"/></temps><temps name="out"><temp name="T6"/><temp name="T1697"/><temp name="T259"/></temps></instruction><instruction code="INCMH T1698, 0"><temps name="use"/><temps name="def"><temp name="T1698"/></temps><temps name="in"><temp name="T6"/><temp name="T1697"/><temp name="T259"/></temps><temps name="out"><temp name="T6"/><temp name="T1697"/><temp name="T259"/></temps></instruction><instruction code="INCH  T1698, 0"><temps name="use"/><temps name="def"><temp name="T1698"/></temps><temps name="in"><temp name="T6"/><temp name="T1697"/><temp name="T259"/></temps><temps name="out"><temp name="T6"/><temp name="T1698"/><temp name="T1697"/><temp name="T259"/></temps></instruction><instruction code="SETL  T1699, 72"><temps name="use"/><temps name="def"><temp name="T1699"/></temps><temps name="in"><temp name="T6"/><temp name="T1698"/><temp name="T1697"/><temp name="T259"/></temps><temps name="out"><temp name="T6"/><temp name="T1698"/><temp name="T1697"/><temp name="T259"/></temps></instruction><instruction code="INCML T1699, 0"><temps name="use"/><temps name="def"><temp name="T1699"/></temps><temps name="in"><temp name="T6"/><temp name="T1698"/><temp name="T1697"/><temp name="T259"/></temps><temps name="out"><temp name="T6"/><temp name="T1698"/><temp name="T1697"/><temp name="T259"/></temps></instruction><instruction code="INCMH T1699, 0"><temps name="use"/><temps name="def"><temp name="T1699"/></temps><temps name="in"><temp name="T6"/><temp name="T1698"/><temp name="T1697"/><temp name="T259"/></temps><temps name="out"><temp name="T6"/><temp name="T1698"/><temp name="T1697"/><temp name="T259"/></temps></instruction><instruction code="INCH  T1699, 0"><temps name="use"/><temps name="def"><temp name="T1699"/></temps><temps name="in"><temp name="T6"/><temp name="T1698"/><temp name="T1697"/><temp name="T259"/></temps><temps name="out"><temp name="T6"/><temp name="T1698"/><temp name="T1697"/><temp name="T1699"/><temp name="T259"/></temps></instruction><instruction code="MUL T1700, T1698, T1699"><temps name="use"><temp name="T1698"/><temp name="T1699"/></temps><temps name="def"><temp name="T1700"/></temps><temps name="in"><temp name="T6"/><temp name="T1698"/><temp name="T1697"/><temp name="T1699"/><temp name="T259"/></temps><temps name="out"><temp name="T1700"/><temp name="T6"/><temp name="T1697"/><temp name="T259"/></temps></instruction><instruction code="ADD T1701, T1697, T1700"><temps name="use"><temp name="T1697"/><temp name="T1700"/></temps><temps name="def"><temp name="T1701"/></temps><temps name="in"><temp name="T1700"/><temp name="T6"/><temp name="T1697"/><temp name="T259"/></temps><temps name="out"><temp name="T6"/><temp name="T1701"/><temp name="T259"/></temps></instruction><instruction code="SETL  T1702, 1"><temps name="use"/><temps name="def"><temp name="T1702"/></temps><temps name="in"><temp name="T6"/><temp name="T1701"/><temp name="T259"/></temps><temps name="out"><temp name="T6"/><temp name="T1701"/><temp name="T259"/></temps></instruction><instruction code="INCML T1702, 0"><temps name="use"/><temps name="def"><temp name="T1702"/></temps><temps name="in"><temp name="T6"/><temp name="T1701"/><temp name="T259"/></temps><temps name="out"><temp name="T6"/><temp name="T1701"/><temp name="T259"/></temps></instruction><instruction code="INCMH T1702, 0"><temps name="use"/><temps name="def"><temp name="T1702"/></temps><temps name="in"><temp name="T6"/><temp name="T1701"/><temp name="T259"/></temps><temps name="out"><temp name="T6"/><temp name="T1701"/><temp name="T259"/></temps></instruction><instruction code="INCH  T1702, 0"><temps name="use"/><temps name="def"><temp name="T1702"/></temps><temps name="in"><temp name="T6"/><temp name="T1701"/><temp name="T259"/></temps><temps name="out"><temp name="T6"/><temp name="T1701"/><temp name="T1702"/><temp name="T259"/></temps></instruction><instruction code="SETL  T1703, 8"><temps name="use"/><temps name="def"><temp name="T1703"/></temps><temps name="in"><temp name="T6"/><temp name="T1701"/><temp name="T1702"/><temp name="T259"/></temps><temps name="out"><temp name="T6"/><temp name="T1701"/><temp name="T1702"/><temp name="T259"/></temps></instruction><instruction code="INCML T1703, 0"><temps name="use"/><temps name="def"><temp name="T1703"/></temps><temps name="in"><temp name="T6"/><temp name="T1701"/><temp name="T1702"/><temp name="T259"/></temps><temps name="out"><temp name="T6"/><temp name="T1701"/><temp name="T1702"/><temp name="T259"/></temps></instruction><instruction code="INCMH T1703, 0"><temps name="use"/><temps name="def"><temp name="T1703"/></temps><temps name="in"><temp name="T6"/><temp name="T1701"/><temp name="T1702"/><temp name="T259"/></temps><temps name="out"><temp name="T6"/><temp name="T1701"/><temp name="T1702"/><temp name="T259"/></temps></instruction><instruction code="INCH  T1703, 0"><temps name="use"/><temps name="def"><temp name="T1703"/></temps><temps name="in"><temp name="T6"/><temp name="T1701"/><temp name="T1702"/><temp name="T259"/></temps><temps name="out"><temp name="T6"/><temp name="T1701"/><temp name="T1702"/><temp name="T259"/><temp name="T1703"/></temps></instruction><instruction code="MUL T1704, T1702, T1703"><temps name="use"><temp name="T1702"/><temp name="T1703"/></temps><temps name="def"><temp name="T1704"/></temps><temps name="in"><temp name="T6"/><temp name="T1701"/><temp name="T1702"/><temp name="T259"/><temp name="T1703"/></temps><temps name="out"><temp name="T6"/><temp name="T1701"/><temp name="T259"/><temp name="T1704"/></temps></instruction><instruction code="ADD T1705, T1701, T1704"><temps name="use"><temp name="T1701"/><temp name="T1704"/></temps><temps name="def"><temp name="T1705"/></temps><temps name="in"><temp name="T6"/><temp name="T1701"/><temp name="T259"/><temp name="T1704"/></temps><temps name="out"><temp name="T1705"/><temp name="T6"/><temp name="T259"/></temps></instruction><instruction code="STO T1705, T259, 0"><temps name="use"><temp name="T1705"/><temp name="T259"/></temps><temps name="def"/><temps name="in"><temp name="T1705"/><temp name="T6"/><temp name="T259"/></temps><temps name="out"><temp name="T6"/></temps></instruction><instruction code="SETL  T1707, 0"><temps name="use"/><temps name="def"><temp name="T1707"/></temps><temps name="in"><temp name="T6"/></temps><temps name="out"><temp name="T6"/></temps></instruction><instruction code="INCML T1707, 0"><temps name="use"/><temps name="def"><temp name="T1707"/></temps><temps name="in"><temp name="T6"/></temps><temps name="out"><temp name="T6"/></temps></instruction><instruction code="INCMH T1707, 0"><temps name="use"/><temps name="def"><temp name="T1707"/></temps><temps name="in"><temp name="T6"/></temps><temps name="out"><temp name="T6"/></temps></instruction><instruction code="INCH  T1707, 0"><temps name="use"/><temps name="def"><temp name="T1707"/></temps><temps name="in"><temp name="T6"/></temps><temps name="out"><temp name="T6"/><temp name="T1707"/></temps></instruction><instruction code="OR T260, T1707, 0"><temps name="use"><temp name="T1707"/></temps><temps name="def"><temp name="T260"/></temps><temps name="in"><temp name="T6"/><temp name="T1707"/></temps><temps name="out"><temp name="T6"/><temp name="T260"/></temps></instruction><instruction code="SETL  T1708, 664"><temps name="use"/><temps name="def"><temp name="T1708"/></temps><temps name="in"><temp name="T6"/><temp name="T260"/></temps><temps name="out"><temp name="T6"/><temp name="T260"/></temps></instruction><instruction code="INCML T1708, 0"><temps name="use"/><temps name="def"><temp name="T1708"/></temps><temps name="in"><temp name="T6"/><temp name="T260"/></temps><temps name="out"><temp name="T6"/><temp name="T260"/></temps></instruction><instruction code="INCMH T1708, 0"><temps name="use"/><temps name="def"><temp name="T1708"/></temps><temps name="in"><temp name="T6"/><temp name="T260"/></temps><temps name="out"><temp name="T6"/><temp name="T260"/></temps></instruction><instruction code="INCH  T1708, 0"><temps name="use"/><temps name="def"><temp name="T1708"/></temps><temps name="in"><temp name="T6"/><temp name="T260"/></temps><temps name="out"><temp name="T6"/><temp name="T1708"/><temp name="T260"/></temps></instruction><instruction code="NEG T1708, 0, T1708"><temps name="use"><temp name="T1708"/></temps><temps name="def"><temp name="T1708"/></temps><temps name="in"><temp name="T6"/><temp name="T1708"/><temp name="T260"/></temps><temps name="out"><temp name="T6"/><temp name="T1708"/><temp name="T260"/></temps></instruction><instruction code="ADD T1709, T6, T1708"><temps name="use"><temp name="T6"/><temp name="T1708"/></temps><temps name="def"><temp name="T1709"/></temps><temps name="in"><temp name="T6"/><temp name="T1708"/><temp name="T260"/></temps><temps name="out"><temp name="T1709"/><temp name="T6"/><temp name="T260"/></temps></instruction><instruction code="SETL  T1710, 4"><temps name="use"/><temps name="def"><temp name="T1710"/></temps><temps name="in"><temp name="T1709"/><temp name="T6"/><temp name="T260"/></temps><temps name="out"><temp name="T1709"/><temp name="T6"/><temp name="T260"/></temps></instruction><instruction code="INCML T1710, 0"><temps name="use"/><temps name="def"><temp name="T1710"/></temps><temps name="in"><temp name="T1709"/><temp name="T6"/><temp name="T260"/></temps><temps name="out"><temp name="T1709"/><temp name="T6"/><temp name="T260"/></temps></instruction><instruction code="INCMH T1710, 0"><temps name="use"/><temps name="def"><temp name="T1710"/></temps><temps name="in"><temp name="T1709"/><temp name="T6"/><temp name="T260"/></temps><temps name="out"><temp name="T1709"/><temp name="T6"/><temp name="T260"/></temps></instruction><instruction code="INCH  T1710, 0"><temps name="use"/><temps name="def"><temp name="T1710"/></temps><temps name="in"><temp name="T1709"/><temp name="T6"/><temp name="T260"/></temps><temps name="out"><temp name="T1709"/><temp name="T6"/><temp name="T1710"/><temp name="T260"/></temps></instruction><instruction code="SETL  T1711, 72"><temps name="use"/><temps name="def"><temp name="T1711"/></temps><temps name="in"><temp name="T1709"/><temp name="T6"/><temp name="T1710"/><temp name="T260"/></temps><temps name="out"><temp name="T1709"/><temp name="T6"/><temp name="T1710"/><temp name="T260"/></temps></instruction><instruction code="INCML T1711, 0"><temps name="use"/><temps name="def"><temp name="T1711"/></temps><temps name="in"><temp name="T1709"/><temp name="T6"/><temp name="T1710"/><temp name="T260"/></temps><temps name="out"><temp name="T1709"/><temp name="T6"/><temp name="T1710"/><temp name="T260"/></temps></instruction><instruction code="INCMH T1711, 0"><temps name="use"/><temps name="def"><temp name="T1711"/></temps><temps name="in"><temp name="T1709"/><temp name="T6"/><temp name="T1710"/><temp name="T260"/></temps><temps name="out"><temp name="T1709"/><temp name="T6"/><temp name="T1710"/><temp name="T260"/></temps></instruction><instruction code="INCH  T1711, 0"><temps name="use"/><temps name="def"><temp name="T1711"/></temps><temps name="in"><temp name="T1709"/><temp name="T6"/><temp name="T1710"/><temp name="T260"/></temps><temps name="out"><temp name="T1709"/><temp name="T6"/><temp name="T1711"/><temp name="T1710"/><temp name="T260"/></temps></instruction><instruction code="MUL T1712, T1710, T1711"><temps name="use"><temp name="T1710"/><temp name="T1711"/></temps><temps name="def"><temp name="T1712"/></temps><temps name="in"><temp name="T1709"/><temp name="T6"/><temp name="T1711"/><temp name="T1710"/><temp name="T260"/></temps><temps name="out"><temp name="T1709"/><temp name="T6"/><temp name="T1712"/><temp name="T260"/></temps></instruction><instruction code="ADD T1713, T1709, T1712"><temps name="use"><temp name="T1709"/><temp name="T1712"/></temps><temps name="def"><temp name="T1713"/></temps><temps name="in"><temp name="T1709"/><temp name="T6"/><temp name="T1712"/><temp name="T260"/></temps><temps name="out"><temp name="T6"/><temp name="T1713"/><temp name="T260"/></temps></instruction><instruction code="SETL  T1714, 2"><temps name="use"/><temps name="def"><temp name="T1714"/></temps><temps name="in"><temp name="T6"/><temp name="T1713"/><temp name="T260"/></temps><temps name="out"><temp name="T6"/><temp name="T1713"/><temp name="T260"/></temps></instruction><instruction code="INCML T1714, 0"><temps name="use"/><temps name="def"><temp name="T1714"/></temps><temps name="in"><temp name="T6"/><temp name="T1713"/><temp name="T260"/></temps><temps name="out"><temp name="T6"/><temp name="T1713"/><temp name="T260"/></temps></instruction><instruction code="INCMH T1714, 0"><temps name="use"/><temps name="def"><temp name="T1714"/></temps><temps name="in"><temp name="T6"/><temp name="T1713"/><temp name="T260"/></temps><temps name="out"><temp name="T6"/><temp name="T1713"/><temp name="T260"/></temps></instruction><instruction code="INCH  T1714, 0"><temps name="use"/><temps name="def"><temp name="T1714"/></temps><temps name="in"><temp name="T6"/><temp name="T1713"/><temp name="T260"/></temps><temps name="out"><temp name="T6"/><temp name="T1714"/><temp name="T1713"/><temp name="T260"/></temps></instruction><instruction code="SETL  T1715, 8"><temps name="use"/><temps name="def"><temp name="T1715"/></temps><temps name="in"><temp name="T6"/><temp name="T1714"/><temp name="T1713"/><temp name="T260"/></temps><temps name="out"><temp name="T6"/><temp name="T1714"/><temp name="T1713"/><temp name="T260"/></temps></instruction><instruction code="INCML T1715, 0"><temps name="use"/><temps name="def"><temp name="T1715"/></temps><temps name="in"><temp name="T6"/><temp name="T1714"/><temp name="T1713"/><temp name="T260"/></temps><temps name="out"><temp name="T6"/><temp name="T1714"/><temp name="T1713"/><temp name="T260"/></temps></instruction><instruction code="INCMH T1715, 0"><temps name="use"/><temps name="def"><temp name="T1715"/></temps><temps name="in"><temp name="T6"/><temp name="T1714"/><temp name="T1713"/><temp name="T260"/></temps><temps name="out"><temp name="T6"/><temp name="T1714"/><temp name="T1713"/><temp name="T260"/></temps></instruction><instruction code="INCH  T1715, 0"><temps name="use"/><temps name="def"><temp name="T1715"/></temps><temps name="in"><temp name="T6"/><temp name="T1714"/><temp name="T1713"/><temp name="T260"/></temps><temps name="out"><temp name="T6"/><temp name="T1715"/><temp name="T1714"/><temp name="T1713"/><temp name="T260"/></temps></instruction><instruction code="MUL T1716, T1714, T1715"><temps name="use"><temp name="T1714"/><temp name="T1715"/></temps><temps name="def"><temp name="T1716"/></temps><temps name="in"><temp name="T6"/><temp name="T1715"/><temp name="T1714"/><temp name="T1713"/><temp name="T260"/></temps><temps name="out"><temp name="T6"/><temp name="T1713"/><temp name="T1716"/><temp name="T260"/></temps></instruction><instruction code="ADD T1717, T1713, T1716"><temps name="use"><temp name="T1713"/><temp name="T1716"/></temps><temps name="def"><temp name="T1717"/></temps><temps name="in"><temp name="T6"/><temp name="T1713"/><temp name="T1716"/><temp name="T260"/></temps><temps name="out"><temp name="T6"/><temp name="T1717"/><temp name="T260"/></temps></instruction><instruction code="STO T1717, T260, 0"><temps name="use"><temp name="T1717"/><temp name="T260"/></temps><temps name="def"/><temps name="in"><temp name="T6"/><temp name="T1717"/><temp name="T260"/></temps><temps name="out"><temp name="T6"/></temps></instruction><instruction code="SETL  T1719, 0"><temps name="use"/><temps name="def"><temp name="T1719"/></temps><temps name="in"><temp name="T6"/></temps><temps name="out"><temp name="T6"/></temps></instruction><instruction code="INCML T1719, 0"><temps name="use"/><temps name="def"><temp name="T1719"/></temps><temps name="in"><temp name="T6"/></temps><temps name="out"><temp name="T6"/></temps></instruction><instruction code="INCMH T1719, 0"><temps name="use"/><temps name="def"><temp name="T1719"/></temps><temps name="in"><temp name="T6"/></temps><temps name="out"><temp name="T6"/></temps></instruction><instruction code="INCH  T1719, 0"><temps name="use"/><temps name="def"><temp name="T1719"/></temps><temps name="in"><temp name="T6"/></temps><temps name="out"><temp name="T6"/><temp name="T1719"/></temps></instruction><instruction code="OR T261, T1719, 0"><temps name="use"><temp name="T1719"/></temps><temps name="def"><temp name="T261"/></temps><temps name="in"><temp name="T6"/><temp name="T1719"/></temps><temps name="out"><temp name="T6"/><temp name="T261"/></temps></instruction><instruction code="SETL  T1720, 664"><temps name="use"/><temps name="def"><temp name="T1720"/></temps><temps name="in"><temp name="T6"/><temp name="T261"/></temps><temps name="out"><temp name="T6"/><temp name="T261"/></temps></instruction><instruction code="INCML T1720, 0"><temps name="use"/><temps name="def"><temp name="T1720"/></temps><temps name="in"><temp name="T6"/><temp name="T261"/></temps><temps name="out"><temp name="T6"/><temp name="T261"/></temps></instruction><instruction code="INCMH T1720, 0"><temps name="use"/><temps name="def"><temp name="T1720"/></temps><temps name="in"><temp name="T6"/><temp name="T261"/></temps><temps name="out"><temp name="T6"/><temp name="T261"/></temps></instruction><instruction code="INCH  T1720, 0"><temps name="use"/><temps name="def"><temp name="T1720"/></temps><temps name="in"><temp name="T6"/><temp name="T261"/></temps><temps name="out"><temp name="T6"/><temp name="T261"/><temp name="T1720"/></temps></instruction><instruction code="NEG T1720, 0, T1720"><temps name="use"><temp name="T1720"/></temps><temps name="def"><temp name="T1720"/></temps><temps name="in"><temp name="T6"/><temp name="T261"/><temp name="T1720"/></temps><temps name="out"><temp name="T6"/><temp name="T261"/><temp name="T1720"/></temps></instruction><instruction code="ADD T1721, T6, T1720"><temps name="use"><temp name="T6"/><temp name="T1720"/></temps><temps name="def"><temp name="T1721"/></temps><temps name="in"><temp name="T6"/><temp name="T261"/><temp name="T1720"/></temps><temps name="out"><temp name="T1721"/><temp name="T6"/><temp name="T261"/></temps></instruction><instruction code="SETL  T1722, 4"><temps name="use"/><temps name="def"><temp name="T1722"/></temps><temps name="in"><temp name="T1721"/><temp name="T6"/><temp name="T261"/></temps><temps name="out"><temp name="T1721"/><temp name="T6"/><temp name="T261"/></temps></instruction><instruction code="INCML T1722, 0"><temps name="use"/><temps name="def"><temp name="T1722"/></temps><temps name="in"><temp name="T1721"/><temp name="T6"/><temp name="T261"/></temps><temps name="out"><temp name="T1721"/><temp name="T6"/><temp name="T261"/></temps></instruction><instruction code="INCMH T1722, 0"><temps name="use"/><temps name="def"><temp name="T1722"/></temps><temps name="in"><temp name="T1721"/><temp name="T6"/><temp name="T261"/></temps><temps name="out"><temp name="T1721"/><temp name="T6"/><temp name="T261"/></temps></instruction><instruction code="INCH  T1722, 0"><temps name="use"/><temps name="def"><temp name="T1722"/></temps><temps name="in"><temp name="T1721"/><temp name="T6"/><temp name="T261"/></temps><temps name="out"><temp name="T1721"/><temp name="T6"/><temp name="T261"/><temp name="T1722"/></temps></instruction><instruction code="SETL  T1723, 72"><temps name="use"/><temps name="def"><temp name="T1723"/></temps><temps name="in"><temp name="T1721"/><temp name="T6"/><temp name="T261"/><temp name="T1722"/></temps><temps name="out"><temp name="T1721"/><temp name="T6"/><temp name="T261"/><temp name="T1722"/></temps></instruction><instruction code="INCML T1723, 0"><temps name="use"/><temps name="def"><temp name="T1723"/></temps><temps name="in"><temp name="T1721"/><temp name="T6"/><temp name="T261"/><temp name="T1722"/></temps><temps name="out"><temp name="T1721"/><temp name="T6"/><temp name="T261"/><temp name="T1722"/></temps></instruction><instruction code="INCMH T1723, 0"><temps name="use"/><temps name="def"><temp name="T1723"/></temps><temps name="in"><temp name="T1721"/><temp name="T6"/><temp name="T261"/><temp name="T1722"/></temps><temps name="out"><temp name="T1721"/><temp name="T6"/><temp name="T261"/><temp name="T1722"/></temps></instruction><instruction code="INCH  T1723, 0"><temps name="use"/><temps name="def"><temp name="T1723"/></temps><temps name="in"><temp name="T1721"/><temp name="T6"/><temp name="T261"/><temp name="T1722"/></temps><temps name="out"><temp name="T1721"/><temp name="T6"/><temp name="T261"/><temp name="T1722"/><temp name="T1723"/></temps></instruction><instruction code="MUL T1724, T1722, T1723"><temps name="use"><temp name="T1722"/><temp name="T1723"/></temps><temps name="def"><temp name="T1724"/></temps><temps name="in"><temp name="T1721"/><temp name="T6"/><temp name="T261"/><temp name="T1722"/><temp name="T1723"/></temps><temps name="out"><temp name="T1721"/><temp name="T1724"/><temp name="T6"/><temp name="T261"/></temps></instruction><instruction code="ADD T1725, T1721, T1724"><temps name="use"><temp name="T1721"/><temp name="T1724"/></temps><temps name="def"><temp name="T1725"/></temps><temps name="in"><temp name="T1721"/><temp name="T1724"/><temp name="T6"/><temp name="T261"/></temps><temps name="out"><temp name="T1725"/><temp name="T6"/><temp name="T261"/></temps></instruction><instruction code="SETL  T1726, 3"><temps name="use"/><temps name="def"><temp name="T1726"/></temps><temps name="in"><temp name="T1725"/><temp name="T6"/><temp name="T261"/></temps><temps name="out"><temp name="T1725"/><temp name="T6"/><temp name="T261"/></temps></instruction><instruction code="INCML T1726, 0"><temps name="use"/><temps name="def"><temp name="T1726"/></temps><temps name="in"><temp name="T1725"/><temp name="T6"/><temp name="T261"/></temps><temps name="out"><temp name="T1725"/><temp name="T6"/><temp name="T261"/></temps></instruction><instruction code="INCMH T1726, 0"><temps name="use"/><temps name="def"><temp name="T1726"/></temps><temps name="in"><temp name="T1725"/><temp name="T6"/><temp name="T261"/></temps><temps name="out"><temp name="T1725"/><temp name="T6"/><temp name="T261"/></temps></instruction><instruction code="INCH  T1726, 0"><temps name="use"/><temps name="def"><temp name="T1726"/></temps><temps name="in"><temp name="T1725"/><temp name="T6"/><temp name="T261"/></temps><temps name="out"><temp name="T1725"/><temp name="T6"/><temp name="T1726"/><temp name="T261"/></temps></instruction><instruction code="SETL  T1727, 8"><temps name="use"/><temps name="def"><temp name="T1727"/></temps><temps name="in"><temp name="T1725"/><temp name="T6"/><temp name="T1726"/><temp name="T261"/></temps><temps name="out"><temp name="T1725"/><temp name="T6"/><temp name="T1726"/><temp name="T261"/></temps></instruction><instruction code="INCML T1727, 0"><temps name="use"/><temps name="def"><temp name="T1727"/></temps><temps name="in"><temp name="T1725"/><temp name="T6"/><temp name="T1726"/><temp name="T261"/></temps><temps name="out"><temp name="T1725"/><temp name="T6"/><temp name="T1726"/><temp name="T261"/></temps></instruction><instruction code="INCMH T1727, 0"><temps name="use"/><temps name="def"><temp name="T1727"/></temps><temps name="in"><temp name="T1725"/><temp name="T6"/><temp name="T1726"/><temp name="T261"/></temps><temps name="out"><temp name="T1725"/><temp name="T6"/><temp name="T1726"/><temp name="T261"/></temps></instruction><instruction code="INCH  T1727, 0"><temps name="use"/><temps name="def"><temp name="T1727"/></temps><temps name="in"><temp name="T1725"/><temp name="T6"/><temp name="T1726"/><temp name="T261"/></temps><temps name="out"><temp name="T1725"/><temp name="T1727"/><temp name="T6"/><temp name="T1726"/><temp name="T261"/></temps></instruction><instruction code="MUL T1728, T1726, T1727"><temps name="use"><temp name="T1726"/><temp name="T1727"/></temps><temps name="def"><temp name="T1728"/></temps><temps name="in"><temp name="T1725"/><temp name="T1727"/><temp name="T6"/><temp name="T1726"/><temp name="T261"/></temps><temps name="out"><temp name="T1725"/><temp name="T6"/><temp name="T1728"/><temp name="T261"/></temps></instruction><instruction code="ADD T1729, T1725, T1728"><temps name="use"><temp name="T1725"/><temp name="T1728"/></temps><temps name="def"><temp name="T1729"/></temps><temps name="in"><temp name="T1725"/><temp name="T6"/><temp name="T1728"/><temp name="T261"/></temps><temps name="out"><temp name="T6"/><temp name="T261"/><temp name="T1729"/></temps></instruction><instruction code="STO T1729, T261, 0"><temps name="use"><temp name="T1729"/><temp name="T261"/></temps><temps name="def"/><temps name="in"><temp name="T6"/><temp name="T261"/><temp name="T1729"/></temps><temps name="out"><temp name="T6"/></temps></instruction><instruction code="SETL  T1731, 0"><temps name="use"/><temps name="def"><temp name="T1731"/></temps><temps name="in"><temp name="T6"/></temps><temps name="out"><temp name="T6"/></temps></instruction><instruction code="INCML T1731, 0"><temps name="use"/><temps name="def"><temp name="T1731"/></temps><temps name="in"><temp name="T6"/></temps><temps name="out"><temp name="T6"/></temps></instruction><instruction code="INCMH T1731, 0"><temps name="use"/><temps name="def"><temp name="T1731"/></temps><temps name="in"><temp name="T6"/></temps><temps name="out"><temp name="T6"/></temps></instruction><instruction code="INCH  T1731, 0"><temps name="use"/><temps name="def"><temp name="T1731"/></temps><temps name="in"><temp name="T6"/></temps><temps name="out"><temp name="T6"/><temp name="T1731"/></temps></instruction><instruction code="OR T262, T1731, 0"><temps name="use"><temp name="T1731"/></temps><temps name="def"><temp name="T262"/></temps><temps name="in"><temp name="T6"/><temp name="T1731"/></temps><temps name="out"><temp name="T6"/><temp name="T262"/></temps></instruction><instruction code="SETL  T1732, 664"><temps name="use"/><temps name="def"><temp name="T1732"/></temps><temps name="in"><temp name="T6"/><temp name="T262"/></temps><temps name="out"><temp name="T6"/><temp name="T262"/></temps></instruction><instruction code="INCML T1732, 0"><temps name="use"/><temps name="def"><temp name="T1732"/></temps><temps name="in"><temp name="T6"/><temp name="T262"/></temps><temps name="out"><temp name="T6"/><temp name="T262"/></temps></instruction><instruction code="INCMH T1732, 0"><temps name="use"/><temps name="def"><temp name="T1732"/></temps><temps name="in"><temp name="T6"/><temp name="T262"/></temps><temps name="out"><temp name="T6"/><temp name="T262"/></temps></instruction><instruction code="INCH  T1732, 0"><temps name="use"/><temps name="def"><temp name="T1732"/></temps><temps name="in"><temp name="T6"/><temp name="T262"/></temps><temps name="out"><temp name="T1732"/><temp name="T6"/><temp name="T262"/></temps></instruction><instruction code="NEG T1732, 0, T1732"><temps name="use"><temp name="T1732"/></temps><temps name="def"><temp name="T1732"/></temps><temps name="in"><temp name="T1732"/><temp name="T6"/><temp name="T262"/></temps><temps name="out"><temp name="T1732"/><temp name="T6"/><temp name="T262"/></temps></instruction><instruction code="ADD T1733, T6, T1732"><temps name="use"><temp name="T6"/><temp name="T1732"/></temps><temps name="def"><temp name="T1733"/></temps><temps name="in"><temp name="T1732"/><temp name="T6"/><temp name="T262"/></temps><temps name="out"><temp name="T6"/><temp name="T1733"/><temp name="T262"/></temps></instruction><instruction code="SETL  T1734, 4"><temps name="use"/><temps name="def"><temp name="T1734"/></temps><temps name="in"><temp name="T6"/><temp name="T1733"/><temp name="T262"/></temps><temps name="out"><temp name="T6"/><temp name="T1733"/><temp name="T262"/></temps></instruction><instruction code="INCML T1734, 0"><temps name="use"/><temps name="def"><temp name="T1734"/></temps><temps name="in"><temp name="T6"/><temp name="T1733"/><temp name="T262"/></temps><temps name="out"><temp name="T6"/><temp name="T1733"/><temp name="T262"/></temps></instruction><instruction code="INCMH T1734, 0"><temps name="use"/><temps name="def"><temp name="T1734"/></temps><temps name="in"><temp name="T6"/><temp name="T1733"/><temp name="T262"/></temps><temps name="out"><temp name="T6"/><temp name="T1733"/><temp name="T262"/></temps></instruction><instruction code="INCH  T1734, 0"><temps name="use"/><temps name="def"><temp name="T1734"/></temps><temps name="in"><temp name="T6"/><temp name="T1733"/><temp name="T262"/></temps><temps name="out"><temp name="T6"/><temp name="T1733"/><temp name="T262"/><temp name="T1734"/></temps></instruction><instruction code="SETL  T1735, 72"><temps name="use"/><temps name="def"><temp name="T1735"/></temps><temps name="in"><temp name="T6"/><temp name="T1733"/><temp name="T262"/><temp name="T1734"/></temps><temps name="out"><temp name="T6"/><temp name="T1733"/><temp name="T262"/><temp name="T1734"/></temps></instruction><instruction code="INCML T1735, 0"><temps name="use"/><temps name="def"><temp name="T1735"/></temps><temps name="in"><temp name="T6"/><temp name="T1733"/><temp name="T262"/><temp name="T1734"/></temps><temps name="out"><temp name="T6"/><temp name="T1733"/><temp name="T262"/><temp name="T1734"/></temps></instruction><instruction code="INCMH T1735, 0"><temps name="use"/><temps name="def"><temp name="T1735"/></temps><temps name="in"><temp name="T6"/><temp name="T1733"/><temp name="T262"/><temp name="T1734"/></temps><temps name="out"><temp name="T6"/><temp name="T1733"/><temp name="T262"/><temp name="T1734"/></temps></instruction><instruction code="INCH  T1735, 0"><temps name="use"/><temps name="def"><temp name="T1735"/></temps><temps name="in"><temp name="T6"/><temp name="T1733"/><temp name="T262"/><temp name="T1734"/></temps><temps name="out"><temp name="T6"/><temp name="T1733"/><temp name="T262"/><temp name="T1735"/><temp name="T1734"/></temps></instruction><instruction code="MUL T1736, T1734, T1735"><temps name="use"><temp name="T1734"/><temp name="T1735"/></temps><temps name="def"><temp name="T1736"/></temps><temps name="in"><temp name="T6"/><temp name="T1733"/><temp name="T262"/><temp name="T1735"/><temp name="T1734"/></temps><temps name="out"><temp name="T6"/><temp name="T1736"/><temp name="T1733"/><temp name="T262"/></temps></instruction><instruction code="ADD T1737, T1733, T1736"><temps name="use"><temp name="T1733"/><temp name="T1736"/></temps><temps name="def"><temp name="T1737"/></temps><temps name="in"><temp name="T6"/><temp name="T1736"/><temp name="T1733"/><temp name="T262"/></temps><temps name="out"><temp name="T6"/><temp name="T262"/><temp name="T1737"/></temps></instruction><instruction code="SETL  T1738, 4"><temps name="use"/><temps name="def"><temp name="T1738"/></temps><temps name="in"><temp name="T6"/><temp name="T262"/><temp name="T1737"/></temps><temps name="out"><temp name="T6"/><temp name="T262"/><temp name="T1737"/></temps></instruction><instruction code="INCML T1738, 0"><temps name="use"/><temps name="def"><temp name="T1738"/></temps><temps name="in"><temp name="T6"/><temp name="T262"/><temp name="T1737"/></temps><temps name="out"><temp name="T6"/><temp name="T262"/><temp name="T1737"/></temps></instruction><instruction code="INCMH T1738, 0"><temps name="use"/><temps name="def"><temp name="T1738"/></temps><temps name="in"><temp name="T6"/><temp name="T262"/><temp name="T1737"/></temps><temps name="out"><temp name="T6"/><temp name="T262"/><temp name="T1737"/></temps></instruction><instruction code="INCH  T1738, 0"><temps name="use"/><temps name="def"><temp name="T1738"/></temps><temps name="in"><temp name="T6"/><temp name="T262"/><temp name="T1737"/></temps><temps name="out"><temp name="T6"/><temp name="T1738"/><temp name="T262"/><temp name="T1737"/></temps></instruction><instruction code="SETL  T1739, 8"><temps name="use"/><temps name="def"><temp name="T1739"/></temps><temps name="in"><temp name="T6"/><temp name="T1738"/><temp name="T262"/><temp name="T1737"/></temps><temps name="out"><temp name="T6"/><temp name="T1738"/><temp name="T262"/><temp name="T1737"/></temps></instruction><instruction code="INCML T1739, 0"><temps name="use"/><temps name="def"><temp name="T1739"/></temps><temps name="in"><temp name="T6"/><temp name="T1738"/><temp name="T262"/><temp name="T1737"/></temps><temps name="out"><temp name="T6"/><temp name="T1738"/><temp name="T262"/><temp name="T1737"/></temps></instruction><instruction code="INCMH T1739, 0"><temps name="use"/><temps name="def"><temp name="T1739"/></temps><temps name="in"><temp name="T6"/><temp name="T1738"/><temp name="T262"/><temp name="T1737"/></temps><temps name="out"><temp name="T6"/><temp name="T1738"/><temp name="T262"/><temp name="T1737"/></temps></instruction><instruction code="INCH  T1739, 0"><temps name="use"/><temps name="def"><temp name="T1739"/></temps><temps name="in"><temp name="T6"/><temp name="T1738"/><temp name="T262"/><temp name="T1737"/></temps><temps name="out"><temp name="T6"/><temp name="T1738"/><temp name="T1739"/><temp name="T262"/><temp name="T1737"/></temps></instruction><instruction code="MUL T1740, T1738, T1739"><temps name="use"><temp name="T1738"/><temp name="T1739"/></temps><temps name="def"><temp name="T1740"/></temps><temps name="in"><temp name="T6"/><temp name="T1738"/><temp name="T1739"/><temp name="T262"/><temp name="T1737"/></temps><temps name="out"><temp name="T6"/><temp name="T1740"/><temp name="T262"/><temp name="T1737"/></temps></instruction><instruction code="ADD T1741, T1737, T1740"><temps name="use"><temp name="T1737"/><temp name="T1740"/></temps><temps name="def"><temp name="T1741"/></temps><temps name="in"><temp name="T6"/><temp name="T1740"/><temp name="T262"/><temp name="T1737"/></temps><temps name="out"><temp name="T6"/><temp name="T1741"/><temp name="T262"/></temps></instruction><instruction code="STO T1741, T262, 0"><temps name="use"><temp name="T1741"/><temp name="T262"/></temps><temps name="def"/><temps name="in"><temp name="T6"/><temp name="T1741"/><temp name="T262"/></temps><temps name="out"><temp name="T6"/></temps></instruction><instruction code="SETL  T1743, 0"><temps name="use"/><temps name="def"><temp name="T1743"/></temps><temps name="in"><temp name="T6"/></temps><temps name="out"><temp name="T6"/></temps></instruction><instruction code="INCML T1743, 0"><temps name="use"/><temps name="def"><temp name="T1743"/></temps><temps name="in"><temp name="T6"/></temps><temps name="out"><temp name="T6"/></temps></instruction><instruction code="INCMH T1743, 0"><temps name="use"/><temps name="def"><temp name="T1743"/></temps><temps name="in"><temp name="T6"/></temps><temps name="out"><temp name="T6"/></temps></instruction><instruction code="INCH  T1743, 0"><temps name="use"/><temps name="def"><temp name="T1743"/></temps><temps name="in"><temp name="T6"/></temps><temps name="out"><temp name="T6"/><temp name="T1743"/></temps></instruction><instruction code="OR T263, T1743, 0"><temps name="use"><temp name="T1743"/></temps><temps name="def"><temp name="T263"/></temps><temps name="in"><temp name="T6"/><temp name="T1743"/></temps><temps name="out"><temp name="T6"/><temp name="T263"/></temps></instruction><instruction code="SETL  T1744, 664"><temps name="use"/><temps name="def"><temp name="T1744"/></temps><temps name="in"><temp name="T6"/><temp name="T263"/></temps><temps name="out"><temp name="T6"/><temp name="T263"/></temps></instruction><instruction code="INCML T1744, 0"><temps name="use"/><temps name="def"><temp name="T1744"/></temps><temps name="in"><temp name="T6"/><temp name="T263"/></temps><temps name="out"><temp name="T6"/><temp name="T263"/></temps></instruction><instruction code="INCMH T1744, 0"><temps name="use"/><temps name="def"><temp name="T1744"/></temps><temps name="in"><temp name="T6"/><temp name="T263"/></temps><temps name="out"><temp name="T6"/><temp name="T263"/></temps></instruction><instruction code="INCH  T1744, 0"><temps name="use"/><temps name="def"><temp name="T1744"/></temps><temps name="in"><temp name="T6"/><temp name="T263"/></temps><temps name="out"><temp name="T6"/><temp name="T263"/><temp name="T1744"/></temps></instruction><instruction code="NEG T1744, 0, T1744"><temps name="use"><temp name="T1744"/></temps><temps name="def"><temp name="T1744"/></temps><temps name="in"><temp name="T6"/><temp name="T263"/><temp name="T1744"/></temps><temps name="out"><temp name="T6"/><temp name="T263"/><temp name="T1744"/></temps></instruction><instruction code="ADD T1745, T6, T1744"><temps name="use"><temp name="T6"/><temp name="T1744"/></temps><temps name="def"><temp name="T1745"/></temps><temps name="in"><temp name="T6"/><temp name="T263"/><temp name="T1744"/></temps><temps name="out"><temp name="T1745"/><temp name="T6"/><temp name="T263"/></temps></instruction><instruction code="SETL  T1746, 4"><temps name="use"/><temps name="def"><temp name="T1746"/></temps><temps name="in"><temp name="T1745"/><temp name="T6"/><temp name="T263"/></temps><temps name="out"><temp name="T1745"/><temp name="T6"/><temp name="T263"/></temps></instruction><instruction code="INCML T1746, 0"><temps name="use"/><temps name="def"><temp name="T1746"/></temps><temps name="in"><temp name="T1745"/><temp name="T6"/><temp name="T263"/></temps><temps name="out"><temp name="T1745"/><temp name="T6"/><temp name="T263"/></temps></instruction><instruction code="INCMH T1746, 0"><temps name="use"/><temps name="def"><temp name="T1746"/></temps><temps name="in"><temp name="T1745"/><temp name="T6"/><temp name="T263"/></temps><temps name="out"><temp name="T1745"/><temp name="T6"/><temp name="T263"/></temps></instruction><instruction code="INCH  T1746, 0"><temps name="use"/><temps name="def"><temp name="T1746"/></temps><temps name="in"><temp name="T1745"/><temp name="T6"/><temp name="T263"/></temps><temps name="out"><temp name="T1745"/><temp name="T6"/><temp name="T263"/><temp name="T1746"/></temps></instruction><instruction code="SETL  T1747, 72"><temps name="use"/><temps name="def"><temp name="T1747"/></temps><temps name="in"><temp name="T1745"/><temp name="T6"/><temp name="T263"/><temp name="T1746"/></temps><temps name="out"><temp name="T1745"/><temp name="T6"/><temp name="T263"/><temp name="T1746"/></temps></instruction><instruction code="INCML T1747, 0"><temps name="use"/><temps name="def"><temp name="T1747"/></temps><temps name="in"><temp name="T1745"/><temp name="T6"/><temp name="T263"/><temp name="T1746"/></temps><temps name="out"><temp name="T1745"/><temp name="T6"/><temp name="T263"/><temp name="T1746"/></temps></instruction><instruction code="INCMH T1747, 0"><temps name="use"/><temps name="def"><temp name="T1747"/></temps><temps name="in"><temp name="T1745"/><temp name="T6"/><temp name="T263"/><temp name="T1746"/></temps><temps name="out"><temp name="T1745"/><temp name="T6"/><temp name="T263"/><temp name="T1746"/></temps></instruction><instruction code="INCH  T1747, 0"><temps name="use"/><temps name="def"><temp name="T1747"/></temps><temps name="in"><temp name="T1745"/><temp name="T6"/><temp name="T263"/><temp name="T1746"/></temps><temps name="out"><temp name="T1745"/><temp name="T1747"/><temp name="T6"/><temp name="T263"/><temp name="T1746"/></temps></instruction><instruction code="MUL T1748, T1746, T1747"><temps name="use"><temp name="T1746"/><temp name="T1747"/></temps><temps name="def"><temp name="T1748"/></temps><temps name="in"><temp name="T1745"/><temp name="T1747"/><temp name="T6"/><temp name="T263"/><temp name="T1746"/></temps><temps name="out"><temp name="T1745"/><temp name="T6"/><temp name="T263"/><temp name="T1748"/></temps></instruction><instruction code="ADD T1749, T1745, T1748"><temps name="use"><temp name="T1745"/><temp name="T1748"/></temps><temps name="def"><temp name="T1749"/></temps><temps name="in"><temp name="T1745"/><temp name="T6"/><temp name="T263"/><temp name="T1748"/></temps><temps name="out"><temp name="T6"/><temp name="T263"/><temp name="T1749"/></temps></instruction><instruction code="SETL  T1750, 5"><temps name="use"/><temps name="def"><temp name="T1750"/></temps><temps name="in"><temp name="T6"/><temp name="T263"/><temp name="T1749"/></temps><temps name="out"><temp name="T6"/><temp name="T263"/><temp name="T1749"/></temps></instruction><instruction code="INCML T1750, 0"><temps name="use"/><temps name="def"><temp name="T1750"/></temps><temps name="in"><temp name="T6"/><temp name="T263"/><temp name="T1749"/></temps><temps name="out"><temp name="T6"/><temp name="T263"/><temp name="T1749"/></temps></instruction><instruction code="INCMH T1750, 0"><temps name="use"/><temps name="def"><temp name="T1750"/></temps><temps name="in"><temp name="T6"/><temp name="T263"/><temp name="T1749"/></temps><temps name="out"><temp name="T6"/><temp name="T263"/><temp name="T1749"/></temps></instruction><instruction code="INCH  T1750, 0"><temps name="use"/><temps name="def"><temp name="T1750"/></temps><temps name="in"><temp name="T6"/><temp name="T263"/><temp name="T1749"/></temps><temps name="out"><temp name="T6"/><temp name="T263"/><temp name="T1749"/><temp name="T1750"/></temps></instruction><instruction code="SETL  T1751, 8"><temps name="use"/><temps name="def"><temp name="T1751"/></temps><temps name="in"><temp name="T6"/><temp name="T263"/><temp name="T1749"/><temp name="T1750"/></temps><temps name="out"><temp name="T6"/><temp name="T263"/><temp name="T1749"/><temp name="T1750"/></temps></instruction><instruction code="INCML T1751, 0"><temps name="use"/><temps name="def"><temp name="T1751"/></temps><temps name="in"><temp name="T6"/><temp name="T263"/><temp name="T1749"/><temp name="T1750"/></temps><temps name="out"><temp name="T6"/><temp name="T263"/><temp name="T1749"/><temp name="T1750"/></temps></instruction><instruction code="INCMH T1751, 0"><temps name="use"/><temps name="def"><temp name="T1751"/></temps><temps name="in"><temp name="T6"/><temp name="T263"/><temp name="T1749"/><temp name="T1750"/></temps><temps name="out"><temp name="T6"/><temp name="T263"/><temp name="T1749"/><temp name="T1750"/></temps></instruction><instruction code="INCH  T1751, 0"><temps name="use"/><temps name="def"><temp name="T1751"/></temps><temps name="in"><temp name="T6"/><temp name="T263"/><temp name="T1749"/><temp name="T1750"/></temps><temps name="out"><temp name="T6"/><temp name="T263"/><temp name="T1749"/><temp name="T1750"/><temp name="T1751"/></temps></instruction><instruction code="MUL T1752, T1750, T1751"><temps name="use"><temp name="T1750"/><temp name="T1751"/></temps><temps name="def"><temp name="T1752"/></temps><temps name="in"><temp name="T6"/><temp name="T263"/><temp name="T1749"/><temp name="T1750"/><temp name="T1751"/></temps><temps name="out"><temp name="T6"/><temp name="T1752"/><temp name="T263"/><temp name="T1749"/></temps></instruction><instruction code="ADD T1753, T1749, T1752"><temps name="use"><temp name="T1749"/><temp name="T1752"/></temps><temps name="def"><temp name="T1753"/></temps><temps name="in"><temp name="T6"/><temp name="T1752"/><temp name="T263"/><temp name="T1749"/></temps><temps name="out"><temp name="T6"/><temp name="T1753"/><temp name="T263"/></temps></instruction><instruction code="STO T1753, T263, 0"><temps name="use"><temp name="T1753"/><temp name="T263"/></temps><temps name="def"/><temps name="in"><temp name="T6"/><temp name="T1753"/><temp name="T263"/></temps><temps name="out"><temp name="T6"/></temps></instruction><instruction code="SETL  T1755, 6"><temps name="use"/><temps name="def"><temp name="T1755"/></temps><temps name="in"><temp name="T6"/></temps><temps name="out"><temp name="T6"/></temps></instruction><instruction code="INCML T1755, 0"><temps name="use"/><temps name="def"><temp name="T1755"/></temps><temps name="in"><temp name="T6"/></temps><temps name="out"><temp name="T6"/></temps></instruction><instruction code="INCMH T1755, 0"><temps name="use"/><temps name="def"><temp name="T1755"/></temps><temps name="in"><temp name="T6"/></temps><temps name="out"><temp name="T6"/></temps></instruction><instruction code="INCH  T1755, 0"><temps name="use"/><temps name="def"><temp name="T1755"/></temps><temps name="in"><temp name="T6"/></temps><temps name="out"><temp name="T6"/><temp name="T1755"/></temps></instruction><instruction code="OR T264, T1755, 0"><temps name="use"><temp name="T1755"/></temps><temps name="def"><temp name="T264"/></temps><temps name="in"><temp name="T6"/><temp name="T1755"/></temps><temps name="out"><temp name="T6"/><temp name="T264"/></temps></instruction><instruction code="SETL  T1756, 664"><temps name="use"/><temps name="def"><temp name="T1756"/></temps><temps name="in"><temp name="T6"/><temp name="T264"/></temps><temps name="out"><temp name="T6"/><temp name="T264"/></temps></instruction><instruction code="INCML T1756, 0"><temps name="use"/><temps name="def"><temp name="T1756"/></temps><temps name="in"><temp name="T6"/><temp name="T264"/></temps><temps name="out"><temp name="T6"/><temp name="T264"/></temps></instruction><instruction code="INCMH T1756, 0"><temps name="use"/><temps name="def"><temp name="T1756"/></temps><temps name="in"><temp name="T6"/><temp name="T264"/></temps><temps name="out"><temp name="T6"/><temp name="T264"/></temps></instruction><instruction code="INCH  T1756, 0"><temps name="use"/><temps name="def"><temp name="T1756"/></temps><temps name="in"><temp name="T6"/><temp name="T264"/></temps><temps name="out"><temp name="T6"/><temp name="T1756"/><temp name="T264"/></temps></instruction><instruction code="NEG T1756, 0, T1756"><temps name="use"><temp name="T1756"/></temps><temps name="def"><temp name="T1756"/></temps><temps name="in"><temp name="T6"/><temp name="T1756"/><temp name="T264"/></temps><temps name="out"><temp name="T6"/><temp name="T1756"/><temp name="T264"/></temps></instruction><instruction code="ADD T1757, T6, T1756"><temps name="use"><temp name="T6"/><temp name="T1756"/></temps><temps name="def"><temp name="T1757"/></temps><temps name="in"><temp name="T6"/><temp name="T1756"/><temp name="T264"/></temps><temps name="out"><temp name="T1757"/><temp name="T6"/><temp name="T264"/></temps></instruction><instruction code="SETL  T1758, 4"><temps name="use"/><temps name="def"><temp name="T1758"/></temps><temps name="in"><temp name="T1757"/><temp name="T6"/><temp name="T264"/></temps><temps name="out"><temp name="T1757"/><temp name="T6"/><temp name="T264"/></temps></instruction><instruction code="INCML T1758, 0"><temps name="use"/><temps name="def"><temp name="T1758"/></temps><temps name="in"><temp name="T1757"/><temp name="T6"/><temp name="T264"/></temps><temps name="out"><temp name="T1757"/><temp name="T6"/><temp name="T264"/></temps></instruction><instruction code="INCMH T1758, 0"><temps name="use"/><temps name="def"><temp name="T1758"/></temps><temps name="in"><temp name="T1757"/><temp name="T6"/><temp name="T264"/></temps><temps name="out"><temp name="T1757"/><temp name="T6"/><temp name="T264"/></temps></instruction><instruction code="INCH  T1758, 0"><temps name="use"/><temps name="def"><temp name="T1758"/></temps><temps name="in"><temp name="T1757"/><temp name="T6"/><temp name="T264"/></temps><temps name="out"><temp name="T1757"/><temp name="T6"/><temp name="T264"/><temp name="T1758"/></temps></instruction><instruction code="SETL  T1759, 72"><temps name="use"/><temps name="def"><temp name="T1759"/></temps><temps name="in"><temp name="T1757"/><temp name="T6"/><temp name="T264"/><temp name="T1758"/></temps><temps name="out"><temp name="T1757"/><temp name="T6"/><temp name="T264"/><temp name="T1758"/></temps></instruction><instruction code="INCML T1759, 0"><temps name="use"/><temps name="def"><temp name="T1759"/></temps><temps name="in"><temp name="T1757"/><temp name="T6"/><temp name="T264"/><temp name="T1758"/></temps><temps name="out"><temp name="T1757"/><temp name="T6"/><temp name="T264"/><temp name="T1758"/></temps></instruction><instruction code="INCMH T1759, 0"><temps name="use"/><temps name="def"><temp name="T1759"/></temps><temps name="in"><temp name="T1757"/><temp name="T6"/><temp name="T264"/><temp name="T1758"/></temps><temps name="out"><temp name="T1757"/><temp name="T6"/><temp name="T264"/><temp name="T1758"/></temps></instruction><instruction code="INCH  T1759, 0"><temps name="use"/><temps name="def"><temp name="T1759"/></temps><temps name="in"><temp name="T1757"/><temp name="T6"/><temp name="T264"/><temp name="T1758"/></temps><temps name="out"><temp name="T1757"/><temp name="T6"/><temp name="T1759"/><temp name="T264"/><temp name="T1758"/></temps></instruction><instruction code="MUL T1760, T1758, T1759"><temps name="use"><temp name="T1758"/><temp name="T1759"/></temps><temps name="def"><temp name="T1760"/></temps><temps name="in"><temp name="T1757"/><temp name="T6"/><temp name="T1759"/><temp name="T264"/><temp name="T1758"/></temps><temps name="out"><temp name="T1757"/><temp name="T6"/><temp name="T264"/><temp name="T1760"/></temps></instruction><instruction code="ADD T1761, T1757, T1760"><temps name="use"><temp name="T1757"/><temp name="T1760"/></temps><temps name="def"><temp name="T1761"/></temps><temps name="in"><temp name="T1757"/><temp name="T6"/><temp name="T264"/><temp name="T1760"/></temps><temps name="out"><temp name="T6"/><temp name="T264"/><temp name="T1761"/></temps></instruction><instruction code="SETL  T1762, 6"><temps name="use"/><temps name="def"><temp name="T1762"/></temps><temps name="in"><temp name="T6"/><temp name="T264"/><temp name="T1761"/></temps><temps name="out"><temp name="T6"/><temp name="T264"/><temp name="T1761"/></temps></instruction><instruction code="INCML T1762, 0"><temps name="use"/><temps name="def"><temp name="T1762"/></temps><temps name="in"><temp name="T6"/><temp name="T264"/><temp name="T1761"/></temps><temps name="out"><temp name="T6"/><temp name="T264"/><temp name="T1761"/></temps></instruction><instruction code="INCMH T1762, 0"><temps name="use"/><temps name="def"><temp name="T1762"/></temps><temps name="in"><temp name="T6"/><temp name="T264"/><temp name="T1761"/></temps><temps name="out"><temp name="T6"/><temp name="T264"/><temp name="T1761"/></temps></instruction><instruction code="INCH  T1762, 0"><temps name="use"/><temps name="def"><temp name="T1762"/></temps><temps name="in"><temp name="T6"/><temp name="T264"/><temp name="T1761"/></temps><temps name="out"><temp name="T6"/><temp name="T264"/><temp name="T1761"/><temp name="T1762"/></temps></instruction><instruction code="SETL  T1763, 8"><temps name="use"/><temps name="def"><temp name="T1763"/></temps><temps name="in"><temp name="T6"/><temp name="T264"/><temp name="T1761"/><temp name="T1762"/></temps><temps name="out"><temp name="T6"/><temp name="T264"/><temp name="T1761"/><temp name="T1762"/></temps></instruction><instruction code="INCML T1763, 0"><temps name="use"/><temps name="def"><temp name="T1763"/></temps><temps name="in"><temp name="T6"/><temp name="T264"/><temp name="T1761"/><temp name="T1762"/></temps><temps name="out"><temp name="T6"/><temp name="T264"/><temp name="T1761"/><temp name="T1762"/></temps></instruction><instruction code="INCMH T1763, 0"><temps name="use"/><temps name="def"><temp name="T1763"/></temps><temps name="in"><temp name="T6"/><temp name="T264"/><temp name="T1761"/><temp name="T1762"/></temps><temps name="out"><temp name="T6"/><temp name="T264"/><temp name="T1761"/><temp name="T1762"/></temps></instruction><instruction code="INCH  T1763, 0"><temps name="use"/><temps name="def"><temp name="T1763"/></temps><temps name="in"><temp name="T6"/><temp name="T264"/><temp name="T1761"/><temp name="T1762"/></temps><temps name="out"><temp name="T6"/><temp name="T264"/><temp name="T1763"/><temp name="T1761"/><temp name="T1762"/></temps></instruction><instruction code="MUL T1764, T1762, T1763"><temps name="use"><temp name="T1762"/><temp name="T1763"/></temps><temps name="def"><temp name="T1764"/></temps><temps name="in"><temp name="T6"/><temp name="T264"/><temp name="T1763"/><temp name="T1761"/><temp name="T1762"/></temps><temps name="out"><temp name="T6"/><temp name="T1764"/><temp name="T264"/><temp name="T1761"/></temps></instruction><instruction code="ADD T1765, T1761, T1764"><temps name="use"><temp name="T1761"/><temp name="T1764"/></temps><temps name="def"><temp name="T1765"/></temps><temps name="in"><temp name="T6"/><temp name="T1764"/><temp name="T264"/><temp name="T1761"/></temps><temps name="out"><temp name="T6"/><temp name="T264"/><temp name="T1765"/></temps></instruction><instruction code="STO T1765, T264, 0"><temps name="use"><temp name="T1765"/><temp name="T264"/></temps><temps name="def"/><temps name="in"><temp name="T6"/><temp name="T264"/><temp name="T1765"/></temps><temps name="out"><temp name="T6"/></temps></instruction><instruction code="SETL  T1767, 7"><temps name="use"/><temps name="def"><temp name="T1767"/></temps><temps name="in"><temp name="T6"/></temps><temps name="out"><temp name="T6"/></temps></instruction><instruction code="INCML T1767, 0"><temps name="use"/><temps name="def"><temp name="T1767"/></temps><temps name="in"><temp name="T6"/></temps><temps name="out"><temp name="T6"/></temps></instruction><instruction code="INCMH T1767, 0"><temps name="use"/><temps name="def"><temp name="T1767"/></temps><temps name="in"><temp name="T6"/></temps><temps name="out"><temp name="T6"/></temps></instruction><instruction code="INCH  T1767, 0"><temps name="use"/><temps name="def"><temp name="T1767"/></temps><temps name="in"><temp name="T6"/></temps><temps name="out"><temp name="T6"/><temp name="T1767"/></temps></instruction><instruction code="OR T265, T1767, 0"><temps name="use"><temp name="T1767"/></temps><temps name="def"><temp name="T265"/></temps><temps name="in"><temp name="T6"/><temp name="T1767"/></temps><temps name="out"><temp name="T6"/><temp name="T265"/></temps></instruction><instruction code="SETL  T1768, 664"><temps name="use"/><temps name="def"><temp name="T1768"/></temps><temps name="in"><temp name="T6"/><temp name="T265"/></temps><temps name="out"><temp name="T6"/><temp name="T265"/></temps></instruction><instruction code="INCML T1768, 0"><temps name="use"/><temps name="def"><temp name="T1768"/></temps><temps name="in"><temp name="T6"/><temp name="T265"/></temps><temps name="out"><temp name="T6"/><temp name="T265"/></temps></instruction><instruction code="INCMH T1768, 0"><temps name="use"/><temps name="def"><temp name="T1768"/></temps><temps name="in"><temp name="T6"/><temp name="T265"/></temps><temps name="out"><temp name="T6"/><temp name="T265"/></temps></instruction><instruction code="INCH  T1768, 0"><temps name="use"/><temps name="def"><temp name="T1768"/></temps><temps name="in"><temp name="T6"/><temp name="T265"/></temps><temps name="out"><temp name="T6"/><temp name="T1768"/><temp name="T265"/></temps></instruction><instruction code="NEG T1768, 0, T1768"><temps name="use"><temp name="T1768"/></temps><temps name="def"><temp name="T1768"/></temps><temps name="in"><temp name="T6"/><temp name="T1768"/><temp name="T265"/></temps><temps name="out"><temp name="T6"/><temp name="T1768"/><temp name="T265"/></temps></instruction><instruction code="ADD T1769, T6, T1768"><temps name="use"><temp name="T6"/><temp name="T1768"/></temps><temps name="def"><temp name="T1769"/></temps><temps name="in"><temp name="T6"/><temp name="T1768"/><temp name="T265"/></temps><temps name="out"><temp name="T1769"/><temp name="T6"/><temp name="T265"/></temps></instruction><instruction code="SETL  T1770, 4"><temps name="use"/><temps name="def"><temp name="T1770"/></temps><temps name="in"><temp name="T1769"/><temp name="T6"/><temp name="T265"/></temps><temps name="out"><temp name="T1769"/><temp name="T6"/><temp name="T265"/></temps></instruction><instruction code="INCML T1770, 0"><temps name="use"/><temps name="def"><temp name="T1770"/></temps><temps name="in"><temp name="T1769"/><temp name="T6"/><temp name="T265"/></temps><temps name="out"><temp name="T1769"/><temp name="T6"/><temp name="T265"/></temps></instruction><instruction code="INCMH T1770, 0"><temps name="use"/><temps name="def"><temp name="T1770"/></temps><temps name="in"><temp name="T1769"/><temp name="T6"/><temp name="T265"/></temps><temps name="out"><temp name="T1769"/><temp name="T6"/><temp name="T265"/></temps></instruction><instruction code="INCH  T1770, 0"><temps name="use"/><temps name="def"><temp name="T1770"/></temps><temps name="in"><temp name="T1769"/><temp name="T6"/><temp name="T265"/></temps><temps name="out"><temp name="T1770"/><temp name="T1769"/><temp name="T6"/><temp name="T265"/></temps></instruction><instruction code="SETL  T1771, 72"><temps name="use"/><temps name="def"><temp name="T1771"/></temps><temps name="in"><temp name="T1770"/><temp name="T1769"/><temp name="T6"/><temp name="T265"/></temps><temps name="out"><temp name="T1770"/><temp name="T1769"/><temp name="T6"/><temp name="T265"/></temps></instruction><instruction code="INCML T1771, 0"><temps name="use"/><temps name="def"><temp name="T1771"/></temps><temps name="in"><temp name="T1770"/><temp name="T1769"/><temp name="T6"/><temp name="T265"/></temps><temps name="out"><temp name="T1770"/><temp name="T1769"/><temp name="T6"/><temp name="T265"/></temps></instruction><instruction code="INCMH T1771, 0"><temps name="use"/><temps name="def"><temp name="T1771"/></temps><temps name="in"><temp name="T1770"/><temp name="T1769"/><temp name="T6"/><temp name="T265"/></temps><temps name="out"><temp name="T1770"/><temp name="T1769"/><temp name="T6"/><temp name="T265"/></temps></instruction><instruction code="INCH  T1771, 0"><temps name="use"/><temps name="def"><temp name="T1771"/></temps><temps name="in"><temp name="T1770"/><temp name="T1769"/><temp name="T6"/><temp name="T265"/></temps><temps name="out"><temp name="T1770"/><temp name="T1769"/><temp name="T6"/><temp name="T265"/><temp name="T1771"/></temps></instruction><instruction code="MUL T1772, T1770, T1771"><temps name="use"><temp name="T1770"/><temp name="T1771"/></temps><temps name="def"><temp name="T1772"/></temps><temps name="in"><temp name="T1770"/><temp name="T1769"/><temp name="T6"/><temp name="T265"/><temp name="T1771"/></temps><temps name="out"><temp name="T1769"/><temp name="T6"/><temp name="T265"/><temp name="T1772"/></temps></instruction><instruction code="ADD T1773, T1769, T1772"><temps name="use"><temp name="T1769"/><temp name="T1772"/></temps><temps name="def"><temp name="T1773"/></temps><temps name="in"><temp name="T1769"/><temp name="T6"/><temp name="T265"/><temp name="T1772"/></temps><temps name="out"><temp name="T6"/><temp name="T1773"/><temp name="T265"/></temps></instruction><instruction code="SETL  T1774, 7"><temps name="use"/><temps name="def"><temp name="T1774"/></temps><temps name="in"><temp name="T6"/><temp name="T1773"/><temp name="T265"/></temps><temps name="out"><temp name="T6"/><temp name="T1773"/><temp name="T265"/></temps></instruction><instruction code="INCML T1774, 0"><temps name="use"/><temps name="def"><temp name="T1774"/></temps><temps name="in"><temp name="T6"/><temp name="T1773"/><temp name="T265"/></temps><temps name="out"><temp name="T6"/><temp name="T1773"/><temp name="T265"/></temps></instruction><instruction code="INCMH T1774, 0"><temps name="use"/><temps name="def"><temp name="T1774"/></temps><temps name="in"><temp name="T6"/><temp name="T1773"/><temp name="T265"/></temps><temps name="out"><temp name="T6"/><temp name="T1773"/><temp name="T265"/></temps></instruction><instruction code="INCH  T1774, 0"><temps name="use"/><temps name="def"><temp name="T1774"/></temps><temps name="in"><temp name="T6"/><temp name="T1773"/><temp name="T265"/></temps><temps name="out"><temp name="T6"/><temp name="T1774"/><temp name="T1773"/><temp name="T265"/></temps></instruction><instruction code="SETL  T1775, 8"><temps name="use"/><temps name="def"><temp name="T1775"/></temps><temps name="in"><temp name="T6"/><temp name="T1774"/><temp name="T1773"/><temp name="T265"/></temps><temps name="out"><temp name="T6"/><temp name="T1774"/><temp name="T1773"/><temp name="T265"/></temps></instruction><instruction code="INCML T1775, 0"><temps name="use"/><temps name="def"><temp name="T1775"/></temps><temps name="in"><temp name="T6"/><temp name="T1774"/><temp name="T1773"/><temp name="T265"/></temps><temps name="out"><temp name="T6"/><temp name="T1774"/><temp name="T1773"/><temp name="T265"/></temps></instruction><instruction code="INCMH T1775, 0"><temps name="use"/><temps name="def"><temp name="T1775"/></temps><temps name="in"><temp name="T6"/><temp name="T1774"/><temp name="T1773"/><temp name="T265"/></temps><temps name="out"><temp name="T6"/><temp name="T1774"/><temp name="T1773"/><temp name="T265"/></temps></instruction><instruction code="INCH  T1775, 0"><temps name="use"/><temps name="def"><temp name="T1775"/></temps><temps name="in"><temp name="T6"/><temp name="T1774"/><temp name="T1773"/><temp name="T265"/></temps><temps name="out"><temp name="T1775"/><temp name="T6"/><temp name="T1774"/><temp name="T1773"/><temp name="T265"/></temps></instruction><instruction code="MUL T1776, T1774, T1775"><temps name="use"><temp name="T1774"/><temp name="T1775"/></temps><temps name="def"><temp name="T1776"/></temps><temps name="in"><temp name="T1775"/><temp name="T6"/><temp name="T1774"/><temp name="T1773"/><temp name="T265"/></temps><temps name="out"><temp name="T6"/><temp name="T1773"/><temp name="T1776"/><temp name="T265"/></temps></instruction><instruction code="ADD T1777, T1773, T1776"><temps name="use"><temp name="T1773"/><temp name="T1776"/></temps><temps name="def"><temp name="T1777"/></temps><temps name="in"><temp name="T6"/><temp name="T1773"/><temp name="T1776"/><temp name="T265"/></temps><temps name="out"><temp name="T6"/><temp name="T265"/><temp name="T1777"/></temps></instruction><instruction code="STO T1777, T265, 0"><temps name="use"><temp name="T1777"/><temp name="T265"/></temps><temps name="def"/><temps name="in"><temp name="T6"/><temp name="T265"/><temp name="T1777"/></temps><temps name="out"><temp name="T6"/></temps></instruction><instruction code="SETL  T1779, 0"><temps name="use"/><temps name="def"><temp name="T1779"/></temps><temps name="in"><temp name="T6"/></temps><temps name="out"><temp name="T6"/></temps></instruction><instruction code="INCML T1779, 0"><temps name="use"/><temps name="def"><temp name="T1779"/></temps><temps name="in"><temp name="T6"/></temps><temps name="out"><temp name="T6"/></temps></instruction><instruction code="INCMH T1779, 0"><temps name="use"/><temps name="def"><temp name="T1779"/></temps><temps name="in"><temp name="T6"/></temps><temps name="out"><temp name="T6"/></temps></instruction><instruction code="INCH  T1779, 0"><temps name="use"/><temps name="def"><temp name="T1779"/></temps><temps name="in"><temp name="T6"/></temps><temps name="out"><temp name="T6"/><temp name="T1779"/></temps></instruction><instruction code="OR T266, T1779, 0"><temps name="use"><temp name="T1779"/></temps><temps name="def"><temp name="T266"/></temps><temps name="in"><temp name="T6"/><temp name="T1779"/></temps><temps name="out"><temp name="T6"/><temp name="T266"/></temps></instruction><instruction code="SETL  T1780, 664"><temps name="use"/><temps name="def"><temp name="T1780"/></temps><temps name="in"><temp name="T6"/><temp name="T266"/></temps><temps name="out"><temp name="T6"/><temp name="T266"/></temps></instruction><instruction code="INCML T1780, 0"><temps name="use"/><temps name="def"><temp name="T1780"/></temps><temps name="in"><temp name="T6"/><temp name="T266"/></temps><temps name="out"><temp name="T6"/><temp name="T266"/></temps></instruction><instruction code="INCMH T1780, 0"><temps name="use"/><temps name="def"><temp name="T1780"/></temps><temps name="in"><temp name="T6"/><temp name="T266"/></temps><temps name="out"><temp name="T6"/><temp name="T266"/></temps></instruction><instruction code="INCH  T1780, 0"><temps name="use"/><temps name="def"><temp name="T1780"/></temps><temps name="in"><temp name="T6"/><temp name="T266"/></temps><temps name="out"><temp name="T6"/><temp name="T266"/><temp name="T1780"/></temps></instruction><instruction code="NEG T1780, 0, T1780"><temps name="use"><temp name="T1780"/></temps><temps name="def"><temp name="T1780"/></temps><temps name="in"><temp name="T6"/><temp name="T266"/><temp name="T1780"/></temps><temps name="out"><temp name="T6"/><temp name="T266"/><temp name="T1780"/></temps></instruction><instruction code="ADD T1781, T6, T1780"><temps name="use"><temp name="T6"/><temp name="T1780"/></temps><temps name="def"><temp name="T1781"/></temps><temps name="in"><temp name="T6"/><temp name="T266"/><temp name="T1780"/></temps><temps name="out"><temp name="T266"/><temp name="T6"/><temp name="T1781"/></temps></instruction><instruction code="SETL  T1782, 4"><temps name="use"/><temps name="def"><temp name="T1782"/></temps><temps name="in"><temp name="T266"/><temp name="T6"/><temp name="T1781"/></temps><temps name="out"><temp name="T266"/><temp name="T6"/><temp name="T1781"/></temps></instruction><instruction code="INCML T1782, 0"><temps name="use"/><temps name="def"><temp name="T1782"/></temps><temps name="in"><temp name="T266"/><temp name="T6"/><temp name="T1781"/></temps><temps name="out"><temp name="T266"/><temp name="T6"/><temp name="T1781"/></temps></instruction><instruction code="INCMH T1782, 0"><temps name="use"/><temps name="def"><temp name="T1782"/></temps><temps name="in"><temp name="T266"/><temp name="T6"/><temp name="T1781"/></temps><temps name="out"><temp name="T266"/><temp name="T6"/><temp name="T1781"/></temps></instruction><instruction code="INCH  T1782, 0"><temps name="use"/><temps name="def"><temp name="T1782"/></temps><temps name="in"><temp name="T266"/><temp name="T6"/><temp name="T1781"/></temps><temps name="out"><temp name="T266"/><temp name="T6"/><temp name="T1782"/><temp name="T1781"/></temps></instruction><instruction code="SETL  T1783, 72"><temps name="use"/><temps name="def"><temp name="T1783"/></temps><temps name="in"><temp name="T266"/><temp name="T6"/><temp name="T1782"/><temp name="T1781"/></temps><temps name="out"><temp name="T266"/><temp name="T6"/><temp name="T1782"/><temp name="T1781"/></temps></instruction><instruction code="INCML T1783, 0"><temps name="use"/><temps name="def"><temp name="T1783"/></temps><temps name="in"><temp name="T266"/><temp name="T6"/><temp name="T1782"/><temp name="T1781"/></temps><temps name="out"><temp name="T266"/><temp name="T6"/><temp name="T1782"/><temp name="T1781"/></temps></instruction><instruction code="INCMH T1783, 0"><temps name="use"/><temps name="def"><temp name="T1783"/></temps><temps name="in"><temp name="T266"/><temp name="T6"/><temp name="T1782"/><temp name="T1781"/></temps><temps name="out"><temp name="T266"/><temp name="T6"/><temp name="T1782"/><temp name="T1781"/></temps></instruction><instruction code="INCH  T1783, 0"><temps name="use"/><temps name="def"><temp name="T1783"/></temps><temps name="in"><temp name="T266"/><temp name="T6"/><temp name="T1782"/><temp name="T1781"/></temps><temps name="out"><temp name="T266"/><temp name="T6"/><temp name="T1782"/><temp name="T1783"/><temp name="T1781"/></temps></instruction><instruction code="MUL T1784, T1782, T1783"><temps name="use"><temp name="T1782"/><temp name="T1783"/></temps><temps name="def"><temp name="T1784"/></temps><temps name="in"><temp name="T266"/><temp name="T6"/><temp name="T1782"/><temp name="T1783"/><temp name="T1781"/></temps><temps name="out"><temp name="T266"/><temp name="T6"/><temp name="T1784"/><temp name="T1781"/></temps></instruction><instruction code="ADD T1785, T1781, T1784"><temps name="use"><temp name="T1781"/><temp name="T1784"/></temps><temps name="def"><temp name="T1785"/></temps><temps name="in"><temp name="T266"/><temp name="T6"/><temp name="T1784"/><temp name="T1781"/></temps><temps name="out"><temp name="T1785"/><temp name="T266"/><temp name="T6"/></temps></instruction><instruction code="SETL  T1786, 8"><temps name="use"/><temps name="def"><temp name="T1786"/></temps><temps name="in"><temp name="T1785"/><temp name="T266"/><temp name="T6"/></temps><temps name="out"><temp name="T1785"/><temp name="T266"/><temp name="T6"/></temps></instruction><instruction code="INCML T1786, 0"><temps name="use"/><temps name="def"><temp name="T1786"/></temps><temps name="in"><temp name="T1785"/><temp name="T266"/><temp name="T6"/></temps><temps name="out"><temp name="T1785"/><temp name="T266"/><temp name="T6"/></temps></instruction><instruction code="INCMH T1786, 0"><temps name="use"/><temps name="def"><temp name="T1786"/></temps><temps name="in"><temp name="T1785"/><temp name="T266"/><temp name="T6"/></temps><temps name="out"><temp name="T1785"/><temp name="T266"/><temp name="T6"/></temps></instruction><instruction code="INCH  T1786, 0"><temps name="use"/><temps name="def"><temp name="T1786"/></temps><temps name="in"><temp name="T1785"/><temp name="T266"/><temp name="T6"/></temps><temps name="out"><temp name="T1785"/><temp name="T266"/><temp name="T6"/><temp name="T1786"/></temps></instruction><instruction code="SETL  T1787, 8"><temps name="use"/><temps name="def"><temp name="T1787"/></temps><temps name="in"><temp name="T1785"/><temp name="T266"/><temp name="T6"/><temp name="T1786"/></temps><temps name="out"><temp name="T1785"/><temp name="T266"/><temp name="T6"/><temp name="T1786"/></temps></instruction><instruction code="INCML T1787, 0"><temps name="use"/><temps name="def"><temp name="T1787"/></temps><temps name="in"><temp name="T1785"/><temp name="T266"/><temp name="T6"/><temp name="T1786"/></temps><temps name="out"><temp name="T1785"/><temp name="T266"/><temp name="T6"/><temp name="T1786"/></temps></instruction><instruction code="INCMH T1787, 0"><temps name="use"/><temps name="def"><temp name="T1787"/></temps><temps name="in"><temp name="T1785"/><temp name="T266"/><temp name="T6"/><temp name="T1786"/></temps><temps name="out"><temp name="T1785"/><temp name="T266"/><temp name="T6"/><temp name="T1786"/></temps></instruction><instruction code="INCH  T1787, 0"><temps name="use"/><temps name="def"><temp name="T1787"/></temps><temps name="in"><temp name="T1785"/><temp name="T266"/><temp name="T6"/><temp name="T1786"/></temps><temps name="out"><temp name="T1785"/><temp name="T266"/><temp name="T6"/><temp name="T1786"/><temp name="T1787"/></temps></instruction><instruction code="MUL T1788, T1786, T1787"><temps name="use"><temp name="T1786"/><temp name="T1787"/></temps><temps name="def"><temp name="T1788"/></temps><temps name="in"><temp name="T1785"/><temp name="T266"/><temp name="T6"/><temp name="T1786"/><temp name="T1787"/></temps><temps name="out"><temp name="T1785"/><temp name="T266"/><temp name="T6"/><temp name="T1788"/></temps></instruction><instruction code="ADD T1789, T1785, T1788"><temps name="use"><temp name="T1785"/><temp name="T1788"/></temps><temps name="def"><temp name="T1789"/></temps><temps name="in"><temp name="T1785"/><temp name="T266"/><temp name="T6"/><temp name="T1788"/></temps><temps name="out"><temp name="T266"/><temp name="T6"/><temp name="T1789"/></temps></instruction><instruction code="STO T1789, T266, 0"><temps name="use"><temp name="T1789"/><temp name="T266"/></temps><temps name="def"/><temps name="in"><temp name="T266"/><temp name="T6"/><temp name="T1789"/></temps><temps name="out"><temp name="T6"/></temps></instruction><instruction code="SETL  T1791, 0"><temps name="use"/><temps name="def"><temp name="T1791"/></temps><temps name="in"><temp name="T6"/></temps><temps name="out"><temp name="T6"/></temps></instruction><instruction code="INCML T1791, 0"><temps name="use"/><temps name="def"><temp name="T1791"/></temps><temps name="in"><temp name="T6"/></temps><temps name="out"><temp name="T6"/></temps></instruction><instruction code="INCMH T1791, 0"><temps name="use"/><temps name="def"><temp name="T1791"/></temps><temps name="in"><temp name="T6"/></temps><temps name="out"><temp name="T6"/></temps></instruction><instruction code="INCH  T1791, 0"><temps name="use"/><temps name="def"><temp name="T1791"/></temps><temps name="in"><temp name="T6"/></temps><temps name="out"><temp name="T6"/><temp name="T1791"/></temps></instruction><instruction code="OR T267, T1791, 0"><temps name="use"><temp name="T1791"/></temps><temps name="def"><temp name="T267"/></temps><temps name="in"><temp name="T6"/><temp name="T1791"/></temps><temps name="out"><temp name="T6"/><temp name="T267"/></temps></instruction><instruction code="SETL  T1792, 664"><temps name="use"/><temps name="def"><temp name="T1792"/></temps><temps name="in"><temp name="T6"/><temp name="T267"/></temps><temps name="out"><temp name="T6"/><temp name="T267"/></temps></instruction><instruction code="INCML T1792, 0"><temps name="use"/><temps name="def"><temp name="T1792"/></temps><temps name="in"><temp name="T6"/><temp name="T267"/></temps><temps name="out"><temp name="T6"/><temp name="T267"/></temps></instruction><instruction code="INCMH T1792, 0"><temps name="use"/><temps name="def"><temp name="T1792"/></temps><temps name="in"><temp name="T6"/><temp name="T267"/></temps><temps name="out"><temp name="T6"/><temp name="T267"/></temps></instruction><instruction code="INCH  T1792, 0"><temps name="use"/><temps name="def"><temp name="T1792"/></temps><temps name="in"><temp name="T6"/><temp name="T267"/></temps><temps name="out"><temp name="T6"/><temp name="T267"/><temp name="T1792"/></temps></instruction><instruction code="NEG T1792, 0, T1792"><temps name="use"><temp name="T1792"/></temps><temps name="def"><temp name="T1792"/></temps><temps name="in"><temp name="T6"/><temp name="T267"/><temp name="T1792"/></temps><temps name="out"><temp name="T6"/><temp name="T267"/><temp name="T1792"/></temps></instruction><instruction code="ADD T1793, T6, T1792"><temps name="use"><temp name="T6"/><temp name="T1792"/></temps><temps name="def"><temp name="T1793"/></temps><temps name="in"><temp name="T6"/><temp name="T267"/><temp name="T1792"/></temps><temps name="out"><temp name="T6"/><temp name="T267"/><temp name="T1793"/></temps></instruction><instruction code="SETL  T1794, 5"><temps name="use"/><temps name="def"><temp name="T1794"/></temps><temps name="in"><temp name="T6"/><temp name="T267"/><temp name="T1793"/></temps><temps name="out"><temp name="T6"/><temp name="T267"/><temp name="T1793"/></temps></instruction><instruction code="INCML T1794, 0"><temps name="use"/><temps name="def"><temp name="T1794"/></temps><temps name="in"><temp name="T6"/><temp name="T267"/><temp name="T1793"/></temps><temps name="out"><temp name="T6"/><temp name="T267"/><temp name="T1793"/></temps></instruction><instruction code="INCMH T1794, 0"><temps name="use"/><temps name="def"><temp name="T1794"/></temps><temps name="in"><temp name="T6"/><temp name="T267"/><temp name="T1793"/></temps><temps name="out"><temp name="T6"/><temp name="T267"/><temp name="T1793"/></temps></instruction><instruction code="INCH  T1794, 0"><temps name="use"/><temps name="def"><temp name="T1794"/></temps><temps name="in"><temp name="T6"/><temp name="T267"/><temp name="T1793"/></temps><temps name="out"><temp name="T6"/><temp name="T1794"/><temp name="T267"/><temp name="T1793"/></temps></instruction><instruction code="SETL  T1795, 72"><temps name="use"/><temps name="def"><temp name="T1795"/></temps><temps name="in"><temp name="T6"/><temp name="T1794"/><temp name="T267"/><temp name="T1793"/></temps><temps name="out"><temp name="T6"/><temp name="T1794"/><temp name="T267"/><temp name="T1793"/></temps></instruction><instruction code="INCML T1795, 0"><temps name="use"/><temps name="def"><temp name="T1795"/></temps><temps name="in"><temp name="T6"/><temp name="T1794"/><temp name="T267"/><temp name="T1793"/></temps><temps name="out"><temp name="T6"/><temp name="T1794"/><temp name="T267"/><temp name="T1793"/></temps></instruction><instruction code="INCMH T1795, 0"><temps name="use"/><temps name="def"><temp name="T1795"/></temps><temps name="in"><temp name="T6"/><temp name="T1794"/><temp name="T267"/><temp name="T1793"/></temps><temps name="out"><temp name="T6"/><temp name="T1794"/><temp name="T267"/><temp name="T1793"/></temps></instruction><instruction code="INCH  T1795, 0"><temps name="use"/><temps name="def"><temp name="T1795"/></temps><temps name="in"><temp name="T6"/><temp name="T1794"/><temp name="T267"/><temp name="T1793"/></temps><temps name="out"><temp name="T6"/><temp name="T1794"/><temp name="T267"/><temp name="T1793"/><temp name="T1795"/></temps></instruction><instruction code="MUL T1796, T1794, T1795"><temps name="use"><temp name="T1794"/><temp name="T1795"/></temps><temps name="def"><temp name="T1796"/></temps><temps name="in"><temp name="T6"/><temp name="T1794"/><temp name="T267"/><temp name="T1793"/><temp name="T1795"/></temps><temps name="out"><temp name="T1796"/><temp name="T6"/><temp name="T267"/><temp name="T1793"/></temps></instruction><instruction code="ADD T1797, T1793, T1796"><temps name="use"><temp name="T1793"/><temp name="T1796"/></temps><temps name="def"><temp name="T1797"/></temps><temps name="in"><temp name="T1796"/><temp name="T6"/><temp name="T267"/><temp name="T1793"/></temps><temps name="out"><temp name="T6"/><temp name="T267"/><temp name="T1797"/></temps></instruction><instruction code="SETL  T1798, 0"><temps name="use"/><temps name="def"><temp name="T1798"/></temps><temps name="in"><temp name="T6"/><temp name="T267"/><temp name="T1797"/></temps><temps name="out"><temp name="T6"/><temp name="T267"/><temp name="T1797"/></temps></instruction><instruction code="INCML T1798, 0"><temps name="use"/><temps name="def"><temp name="T1798"/></temps><temps name="in"><temp name="T6"/><temp name="T267"/><temp name="T1797"/></temps><temps name="out"><temp name="T6"/><temp name="T267"/><temp name="T1797"/></temps></instruction><instruction code="INCMH T1798, 0"><temps name="use"/><temps name="def"><temp name="T1798"/></temps><temps name="in"><temp name="T6"/><temp name="T267"/><temp name="T1797"/></temps><temps name="out"><temp name="T6"/><temp name="T267"/><temp name="T1797"/></temps></instruction><instruction code="INCH  T1798, 0"><temps name="use"/><temps name="def"><temp name="T1798"/></temps><temps name="in"><temp name="T6"/><temp name="T267"/><temp name="T1797"/></temps><temps name="out"><temp name="T6"/><temp name="T267"/><temp name="T1797"/><temp name="T1798"/></temps></instruction><instruction code="SETL  T1799, 8"><temps name="use"/><temps name="def"><temp name="T1799"/></temps><temps name="in"><temp name="T6"/><temp name="T267"/><temp name="T1797"/><temp name="T1798"/></temps><temps name="out"><temp name="T6"/><temp name="T267"/><temp name="T1797"/><temp name="T1798"/></temps></instruction><instruction code="INCML T1799, 0"><temps name="use"/><temps name="def"><temp name="T1799"/></temps><temps name="in"><temp name="T6"/><temp name="T267"/><temp name="T1797"/><temp name="T1798"/></temps><temps name="out"><temp name="T6"/><temp name="T267"/><temp name="T1797"/><temp name="T1798"/></temps></instruction><instruction code="INCMH T1799, 0"><temps name="use"/><temps name="def"><temp name="T1799"/></temps><temps name="in"><temp name="T6"/><temp name="T267"/><temp name="T1797"/><temp name="T1798"/></temps><temps name="out"><temp name="T6"/><temp name="T267"/><temp name="T1797"/><temp name="T1798"/></temps></instruction><instruction code="INCH  T1799, 0"><temps name="use"/><temps name="def"><temp name="T1799"/></temps><temps name="in"><temp name="T6"/><temp name="T267"/><temp name="T1797"/><temp name="T1798"/></temps><temps name="out"><temp name="T6"/><temp name="T267"/><temp name="T1799"/><temp name="T1797"/><temp name="T1798"/></temps></instruction><instruction code="MUL T1800, T1798, T1799"><temps name="use"><temp name="T1798"/><temp name="T1799"/></temps><temps name="def"><temp name="T1800"/></temps><temps name="in"><temp name="T6"/><temp name="T267"/><temp name="T1799"/><temp name="T1797"/><temp name="T1798"/></temps><temps name="out"><temp name="T1800"/><temp name="T6"/><temp name="T267"/><temp name="T1797"/></temps></instruction><instruction code="ADD T1801, T1797, T1800"><temps name="use"><temp name="T1797"/><temp name="T1800"/></temps><temps name="def"><temp name="T1801"/></temps><temps name="in"><temp name="T1800"/><temp name="T6"/><temp name="T267"/><temp name="T1797"/></temps><temps name="out"><temp name="T6"/><temp name="T267"/><temp name="T1801"/></temps></instruction><instruction code="STO T1801, T267, 0"><temps name="use"><temp name="T1801"/><temp name="T267"/></temps><temps name="def"/><temps name="in"><temp name="T6"/><temp name="T267"/><temp name="T1801"/></temps><temps name="out"><temp name="T6"/></temps></instruction><instruction code="SETL  T1803, 0"><temps name="use"/><temps name="def"><temp name="T1803"/></temps><temps name="in"><temp name="T6"/></temps><temps name="out"><temp name="T6"/></temps></instruction><instruction code="INCML T1803, 0"><temps name="use"/><temps name="def"><temp name="T1803"/></temps><temps name="in"><temp name="T6"/></temps><temps name="out"><temp name="T6"/></temps></instruction><instruction code="INCMH T1803, 0"><temps name="use"/><temps name="def"><temp name="T1803"/></temps><temps name="in"><temp name="T6"/></temps><temps name="out"><temp name="T6"/></temps></instruction><instruction code="INCH  T1803, 0"><temps name="use"/><temps name="def"><temp name="T1803"/></temps><temps name="in"><temp name="T6"/></temps><temps name="out"><temp name="T1803"/><temp name="T6"/></temps></instruction><instruction code="OR T268, T1803, 0"><temps name="use"><temp name="T1803"/></temps><temps name="def"><temp name="T268"/></temps><temps name="in"><temp name="T1803"/><temp name="T6"/></temps><temps name="out"><temp name="T6"/><temp name="T268"/></temps></instruction><instruction code="SETL  T1804, 664"><temps name="use"/><temps name="def"><temp name="T1804"/></temps><temps name="in"><temp name="T6"/><temp name="T268"/></temps><temps name="out"><temp name="T6"/><temp name="T268"/></temps></instruction><instruction code="INCML T1804, 0"><temps name="use"/><temps name="def"><temp name="T1804"/></temps><temps name="in"><temp name="T6"/><temp name="T268"/></temps><temps name="out"><temp name="T6"/><temp name="T268"/></temps></instruction><instruction code="INCMH T1804, 0"><temps name="use"/><temps name="def"><temp name="T1804"/></temps><temps name="in"><temp name="T6"/><temp name="T268"/></temps><temps name="out"><temp name="T6"/><temp name="T268"/></temps></instruction><instruction code="INCH  T1804, 0"><temps name="use"/><temps name="def"><temp name="T1804"/></temps><temps name="in"><temp name="T6"/><temp name="T268"/></temps><temps name="out"><temp name="T6"/><temp name="T268"/><temp name="T1804"/></temps></instruction><instruction code="NEG T1804, 0, T1804"><temps name="use"><temp name="T1804"/></temps><temps name="def"><temp name="T1804"/></temps><temps name="in"><temp name="T6"/><temp name="T268"/><temp name="T1804"/></temps><temps name="out"><temp name="T6"/><temp name="T268"/><temp name="T1804"/></temps></instruction><instruction code="ADD T1805, T6, T1804"><temps name="use"><temp name="T6"/><temp name="T1804"/></temps><temps name="def"><temp name="T1805"/></temps><temps name="in"><temp name="T6"/><temp name="T268"/><temp name="T1804"/></temps><temps name="out"><temp name="T1805"/><temp name="T6"/><temp name="T268"/></temps></instruction><instruction code="SETL  T1806, 5"><temps name="use"/><temps name="def"><temp name="T1806"/></temps><temps name="in"><temp name="T1805"/><temp name="T6"/><temp name="T268"/></temps><temps name="out"><temp name="T1805"/><temp name="T6"/><temp name="T268"/></temps></instruction><instruction code="INCML T1806, 0"><temps name="use"/><temps name="def"><temp name="T1806"/></temps><temps name="in"><temp name="T1805"/><temp name="T6"/><temp name="T268"/></temps><temps name="out"><temp name="T1805"/><temp name="T6"/><temp name="T268"/></temps></instruction><instruction code="INCMH T1806, 0"><temps name="use"/><temps name="def"><temp name="T1806"/></temps><temps name="in"><temp name="T1805"/><temp name="T6"/><temp name="T268"/></temps><temps name="out"><temp name="T1805"/><temp name="T6"/><temp name="T268"/></temps></instruction><instruction code="INCH  T1806, 0"><temps name="use"/><temps name="def"><temp name="T1806"/></temps><temps name="in"><temp name="T1805"/><temp name="T6"/><temp name="T268"/></temps><temps name="out"><temp name="T1805"/><temp name="T6"/><temp name="T268"/><temp name="T1806"/></temps></instruction><instruction code="SETL  T1807, 72"><temps name="use"/><temps name="def"><temp name="T1807"/></temps><temps name="in"><temp name="T1805"/><temp name="T6"/><temp name="T268"/><temp name="T1806"/></temps><temps name="out"><temp name="T1805"/><temp name="T6"/><temp name="T268"/><temp name="T1806"/></temps></instruction><instruction code="INCML T1807, 0"><temps name="use"/><temps name="def"><temp name="T1807"/></temps><temps name="in"><temp name="T1805"/><temp name="T6"/><temp name="T268"/><temp name="T1806"/></temps><temps name="out"><temp name="T1805"/><temp name="T6"/><temp name="T268"/><temp name="T1806"/></temps></instruction><instruction code="INCMH T1807, 0"><temps name="use"/><temps name="def"><temp name="T1807"/></temps><temps name="in"><temp name="T1805"/><temp name="T6"/><temp name="T268"/><temp name="T1806"/></temps><temps name="out"><temp name="T1805"/><temp name="T6"/><temp name="T268"/><temp name="T1806"/></temps></instruction><instruction code="INCH  T1807, 0"><temps name="use"/><temps name="def"><temp name="T1807"/></temps><temps name="in"><temp name="T1805"/><temp name="T6"/><temp name="T268"/><temp name="T1806"/></temps><temps name="out"><temp name="T1805"/><temp name="T6"/><temp name="T1807"/><temp name="T268"/><temp name="T1806"/></temps></instruction><instruction code="MUL T1808, T1806, T1807"><temps name="use"><temp name="T1806"/><temp name="T1807"/></temps><temps name="def"><temp name="T1808"/></temps><temps name="in"><temp name="T1805"/><temp name="T6"/><temp name="T1807"/><temp name="T268"/><temp name="T1806"/></temps><temps name="out"><temp name="T1805"/><temp name="T6"/><temp name="T1808"/><temp name="T268"/></temps></instruction><instruction code="ADD T1809, T1805, T1808"><temps name="use"><temp name="T1805"/><temp name="T1808"/></temps><temps name="def"><temp name="T1809"/></temps><temps name="in"><temp name="T1805"/><temp name="T6"/><temp name="T1808"/><temp name="T268"/></temps><temps name="out"><temp name="T6"/><temp name="T268"/><temp name="T1809"/></temps></instruction><instruction code="SETL  T1810, 1"><temps name="use"/><temps name="def"><temp name="T1810"/></temps><temps name="in"><temp name="T6"/><temp name="T268"/><temp name="T1809"/></temps><temps name="out"><temp name="T6"/><temp name="T268"/><temp name="T1809"/></temps></instruction><instruction code="INCML T1810, 0"><temps name="use"/><temps name="def"><temp name="T1810"/></temps><temps name="in"><temp name="T6"/><temp name="T268"/><temp name="T1809"/></temps><temps name="out"><temp name="T6"/><temp name="T268"/><temp name="T1809"/></temps></instruction><instruction code="INCMH T1810, 0"><temps name="use"/><temps name="def"><temp name="T1810"/></temps><temps name="in"><temp name="T6"/><temp name="T268"/><temp name="T1809"/></temps><temps name="out"><temp name="T6"/><temp name="T268"/><temp name="T1809"/></temps></instruction><instruction code="INCH  T1810, 0"><temps name="use"/><temps name="def"><temp name="T1810"/></temps><temps name="in"><temp name="T6"/><temp name="T268"/><temp name="T1809"/></temps><temps name="out"><temp name="T6"/><temp name="T268"/><temp name="T1810"/><temp name="T1809"/></temps></instruction><instruction code="SETL  T1811, 8"><temps name="use"/><temps name="def"><temp name="T1811"/></temps><temps name="in"><temp name="T6"/><temp name="T268"/><temp name="T1810"/><temp name="T1809"/></temps><temps name="out"><temp name="T6"/><temp name="T268"/><temp name="T1810"/><temp name="T1809"/></temps></instruction><instruction code="INCML T1811, 0"><temps name="use"/><temps name="def"><temp name="T1811"/></temps><temps name="in"><temp name="T6"/><temp name="T268"/><temp name="T1810"/><temp name="T1809"/></temps><temps name="out"><temp name="T6"/><temp name="T268"/><temp name="T1810"/><temp name="T1809"/></temps></instruction><instruction code="INCMH T1811, 0"><temps name="use"/><temps name="def"><temp name="T1811"/></temps><temps name="in"><temp name="T6"/><temp name="T268"/><temp name="T1810"/><temp name="T1809"/></temps><temps name="out"><temp name="T6"/><temp name="T268"/><temp name="T1810"/><temp name="T1809"/></temps></instruction><instruction code="INCH  T1811, 0"><temps name="use"/><temps name="def"><temp name="T1811"/></temps><temps name="in"><temp name="T6"/><temp name="T268"/><temp name="T1810"/><temp name="T1809"/></temps><temps name="out"><temp name="T6"/><temp name="T268"/><temp name="T1810"/><temp name="T1811"/><temp name="T1809"/></temps></instruction><instruction code="MUL T1812, T1810, T1811"><temps name="use"><temp name="T1810"/><temp name="T1811"/></temps><temps name="def"><temp name="T1812"/></temps><temps name="in"><temp name="T6"/><temp name="T268"/><temp name="T1810"/><temp name="T1811"/><temp name="T1809"/></temps><temps name="out"><temp name="T1812"/><temp name="T6"/><temp name="T268"/><temp name="T1809"/></temps></instruction><instruction code="ADD T1813, T1809, T1812"><temps name="use"><temp name="T1809"/><temp name="T1812"/></temps><temps name="def"><temp name="T1813"/></temps><temps name="in"><temp name="T1812"/><temp name="T6"/><temp name="T268"/><temp name="T1809"/></temps><temps name="out"><temp name="T6"/><temp name="T268"/><temp name="T1813"/></temps></instruction><instruction code="STO T1813, T268, 0"><temps name="use"><temp name="T1813"/><temp name="T268"/></temps><temps name="def"/><temps name="in"><temp name="T6"/><temp name="T268"/><temp name="T1813"/></temps><temps name="out"><temp name="T6"/></temps></instruction><instruction code="SETL  T1815, 0"><temps name="use"/><temps name="def"><temp name="T1815"/></temps><temps name="in"><temp name="T6"/></temps><temps name="out"><temp name="T6"/></temps></instruction><instruction code="INCML T1815, 0"><temps name="use"/><temps name="def"><temp name="T1815"/></temps><temps name="in"><temp name="T6"/></temps><temps name="out"><temp name="T6"/></temps></instruction><instruction code="INCMH T1815, 0"><temps name="use"/><temps name="def"><temp name="T1815"/></temps><temps name="in"><temp name="T6"/></temps><temps name="out"><temp name="T6"/></temps></instruction><instruction code="INCH  T1815, 0"><temps name="use"/><temps name="def"><temp name="T1815"/></temps><temps name="in"><temp name="T6"/></temps><temps name="out"><temp name="T6"/><temp name="T1815"/></temps></instruction><instruction code="OR T269, T1815, 0"><temps name="use"><temp name="T1815"/></temps><temps name="def"><temp name="T269"/></temps><temps name="in"><temp name="T6"/><temp name="T1815"/></temps><temps name="out"><temp name="T6"/><temp name="T269"/></temps></instruction><instruction code="SETL  T1816, 664"><temps name="use"/><temps name="def"><temp name="T1816"/></temps><temps name="in"><temp name="T6"/><temp name="T269"/></temps><temps name="out"><temp name="T6"/><temp name="T269"/></temps></instruction><instruction code="INCML T1816, 0"><temps name="use"/><temps name="def"><temp name="T1816"/></temps><temps name="in"><temp name="T6"/><temp name="T269"/></temps><temps name="out"><temp name="T6"/><temp name="T269"/></temps></instruction><instruction code="INCMH T1816, 0"><temps name="use"/><temps name="def"><temp name="T1816"/></temps><temps name="in"><temp name="T6"/><temp name="T269"/></temps><temps name="out"><temp name="T6"/><temp name="T269"/></temps></instruction><instruction code="INCH  T1816, 0"><temps name="use"/><temps name="def"><temp name="T1816"/></temps><temps name="in"><temp name="T6"/><temp name="T269"/></temps><temps name="out"><temp name="T1816"/><temp name="T6"/><temp name="T269"/></temps></instruction><instruction code="NEG T1816, 0, T1816"><temps name="use"><temp name="T1816"/></temps><temps name="def"><temp name="T1816"/></temps><temps name="in"><temp name="T1816"/><temp name="T6"/><temp name="T269"/></temps><temps name="out"><temp name="T1816"/><temp name="T6"/><temp name="T269"/></temps></instruction><instruction code="ADD T1817, T6, T1816"><temps name="use"><temp name="T6"/><temp name="T1816"/></temps><temps name="def"><temp name="T1817"/></temps><temps name="in"><temp name="T1816"/><temp name="T6"/><temp name="T269"/></temps><temps name="out"><temp name="T6"/><temp name="T269"/><temp name="T1817"/></temps></instruction><instruction code="SETL  T1818, 5"><temps name="use"/><temps name="def"><temp name="T1818"/></temps><temps name="in"><temp name="T6"/><temp name="T269"/><temp name="T1817"/></temps><temps name="out"><temp name="T6"/><temp name="T269"/><temp name="T1817"/></temps></instruction><instruction code="INCML T1818, 0"><temps name="use"/><temps name="def"><temp name="T1818"/></temps><temps name="in"><temp name="T6"/><temp name="T269"/><temp name="T1817"/></temps><temps name="out"><temp name="T6"/><temp name="T269"/><temp name="T1817"/></temps></instruction><instruction code="INCMH T1818, 0"><temps name="use"/><temps name="def"><temp name="T1818"/></temps><temps name="in"><temp name="T6"/><temp name="T269"/><temp name="T1817"/></temps><temps name="out"><temp name="T6"/><temp name="T269"/><temp name="T1817"/></temps></instruction><instruction code="INCH  T1818, 0"><temps name="use"/><temps name="def"><temp name="T1818"/></temps><temps name="in"><temp name="T6"/><temp name="T269"/><temp name="T1817"/></temps><temps name="out"><temp name="T6"/><temp name="T269"/><temp name="T1817"/><temp name="T1818"/></temps></instruction><instruction code="SETL  T1819, 72"><temps name="use"/><temps name="def"><temp name="T1819"/></temps><temps name="in"><temp name="T6"/><temp name="T269"/><temp name="T1817"/><temp name="T1818"/></temps><temps name="out"><temp name="T6"/><temp name="T269"/><temp name="T1817"/><temp name="T1818"/></temps></instruction><instruction code="INCML T1819, 0"><temps name="use"/><temps name="def"><temp name="T1819"/></temps><temps name="in"><temp name="T6"/><temp name="T269"/><temp name="T1817"/><temp name="T1818"/></temps><temps name="out"><temp name="T6"/><temp name="T269"/><temp name="T1817"/><temp name="T1818"/></temps></instruction><instruction code="INCMH T1819, 0"><temps name="use"/><temps name="def"><temp name="T1819"/></temps><temps name="in"><temp name="T6"/><temp name="T269"/><temp name="T1817"/><temp name="T1818"/></temps><temps name="out"><temp name="T6"/><temp name="T269"/><temp name="T1817"/><temp name="T1818"/></temps></instruction><instruction code="INCH  T1819, 0"><temps name="use"/><temps name="def"><temp name="T1819"/></temps><temps name="in"><temp name="T6"/><temp name="T269"/><temp name="T1817"/><temp name="T1818"/></temps><temps name="out"><temp name="T1819"/><temp name="T6"/><temp name="T269"/><temp name="T1817"/><temp name="T1818"/></temps></instruction><instruction code="MUL T1820, T1818, T1819"><temps name="use"><temp name="T1818"/><temp name="T1819"/></temps><temps name="def"><temp name="T1820"/></temps><temps name="in"><temp name="T1819"/><temp name="T6"/><temp name="T269"/><temp name="T1817"/><temp name="T1818"/></temps><temps name="out"><temp name="T6"/><temp name="T269"/><temp name="T1820"/><temp name="T1817"/></temps></instruction><instruction code="ADD T1821, T1817, T1820"><temps name="use"><temp name="T1817"/><temp name="T1820"/></temps><temps name="def"><temp name="T1821"/></temps><temps name="in"><temp name="T6"/><temp name="T269"/><temp name="T1820"/><temp name="T1817"/></temps><temps name="out"><temp name="T6"/><temp name="T269"/><temp name="T1821"/></temps></instruction><instruction code="SETL  T1822, 2"><temps name="use"/><temps name="def"><temp name="T1822"/></temps><temps name="in"><temp name="T6"/><temp name="T269"/><temp name="T1821"/></temps><temps name="out"><temp name="T6"/><temp name="T269"/><temp name="T1821"/></temps></instruction><instruction code="INCML T1822, 0"><temps name="use"/><temps name="def"><temp name="T1822"/></temps><temps name="in"><temp name="T6"/><temp name="T269"/><temp name="T1821"/></temps><temps name="out"><temp name="T6"/><temp name="T269"/><temp name="T1821"/></temps></instruction><instruction code="INCMH T1822, 0"><temps name="use"/><temps name="def"><temp name="T1822"/></temps><temps name="in"><temp name="T6"/><temp name="T269"/><temp name="T1821"/></temps><temps name="out"><temp name="T6"/><temp name="T269"/><temp name="T1821"/></temps></instruction><instruction code="INCH  T1822, 0"><temps name="use"/><temps name="def"><temp name="T1822"/></temps><temps name="in"><temp name="T6"/><temp name="T269"/><temp name="T1821"/></temps><temps name="out"><temp name="T6"/><temp name="T1822"/><temp name="T269"/><temp name="T1821"/></temps></instruction><instruction code="SETL  T1823, 8"><temps name="use"/><temps name="def"><temp name="T1823"/></temps><temps name="in"><temp name="T6"/><temp name="T1822"/><temp name="T269"/><temp name="T1821"/></temps><temps name="out"><temp name="T6"/><temp name="T1822"/><temp name="T269"/><temp name="T1821"/></temps></instruction><instruction code="INCML T1823, 0"><temps name="use"/><temps name="def"><temp name="T1823"/></temps><temps name="in"><temp name="T6"/><temp name="T1822"/><temp name="T269"/><temp name="T1821"/></temps><temps name="out"><temp name="T6"/><temp name="T1822"/><temp name="T269"/><temp name="T1821"/></temps></instruction><instruction code="INCMH T1823, 0"><temps name="use"/><temps name="def"><temp name="T1823"/></temps><temps name="in"><temp name="T6"/><temp name="T1822"/><temp name="T269"/><temp name="T1821"/></temps><temps name="out"><temp name="T6"/><temp name="T1822"/><temp name="T269"/><temp name="T1821"/></temps></instruction><instruction code="INCH  T1823, 0"><temps name="use"/><temps name="def"><temp name="T1823"/></temps><temps name="in"><temp name="T6"/><temp name="T1822"/><temp name="T269"/><temp name="T1821"/></temps><temps name="out"><temp name="T6"/><temp name="T1822"/><temp name="T1823"/><temp name="T269"/><temp name="T1821"/></temps></instruction><instruction code="MUL T1824, T1822, T1823"><temps name="use"><temp name="T1822"/><temp name="T1823"/></temps><temps name="def"><temp name="T1824"/></temps><temps name="in"><temp name="T6"/><temp name="T1822"/><temp name="T1823"/><temp name="T269"/><temp name="T1821"/></temps><temps name="out"><temp name="T6"/><temp name="T269"/><temp name="T1824"/><temp name="T1821"/></temps></instruction><instruction code="ADD T1825, T1821, T1824"><temps name="use"><temp name="T1821"/><temp name="T1824"/></temps><temps name="def"><temp name="T1825"/></temps><temps name="in"><temp name="T6"/><temp name="T269"/><temp name="T1824"/><temp name="T1821"/></temps><temps name="out"><temp name="T6"/><temp name="T269"/><temp name="T1825"/></temps></instruction><instruction code="STO T1825, T269, 0"><temps name="use"><temp name="T1825"/><temp name="T269"/></temps><temps name="def"/><temps name="in"><temp name="T6"/><temp name="T269"/><temp name="T1825"/></temps><temps name="out"><temp name="T6"/></temps></instruction><instruction code="SETL  T1827, 0"><temps name="use"/><temps name="def"><temp name="T1827"/></temps><temps name="in"><temp name="T6"/></temps><temps name="out"><temp name="T6"/></temps></instruction><instruction code="INCML T1827, 0"><temps name="use"/><temps name="def"><temp name="T1827"/></temps><temps name="in"><temp name="T6"/></temps><temps name="out"><temp name="T6"/></temps></instruction><instruction code="INCMH T1827, 0"><temps name="use"/><temps name="def"><temp name="T1827"/></temps><temps name="in"><temp name="T6"/></temps><temps name="out"><temp name="T6"/></temps></instruction><instruction code="INCH  T1827, 0"><temps name="use"/><temps name="def"><temp name="T1827"/></temps><temps name="in"><temp name="T6"/></temps><temps name="out"><temp name="T6"/><temp name="T1827"/></temps></instruction><instruction code="OR T270, T1827, 0"><temps name="use"><temp name="T1827"/></temps><temps name="def"><temp name="T270"/></temps><temps name="in"><temp name="T6"/><temp name="T1827"/></temps><temps name="out"><temp name="T6"/><temp name="T270"/></temps></instruction><instruction code="SETL  T1828, 664"><temps name="use"/><temps name="def"><temp name="T1828"/></temps><temps name="in"><temp name="T6"/><temp name="T270"/></temps><temps name="out"><temp name="T6"/><temp name="T270"/></temps></instruction><instruction code="INCML T1828, 0"><temps name="use"/><temps name="def"><temp name="T1828"/></temps><temps name="in"><temp name="T6"/><temp name="T270"/></temps><temps name="out"><temp name="T6"/><temp name="T270"/></temps></instruction><instruction code="INCMH T1828, 0"><temps name="use"/><temps name="def"><temp name="T1828"/></temps><temps name="in"><temp name="T6"/><temp name="T270"/></temps><temps name="out"><temp name="T6"/><temp name="T270"/></temps></instruction><instruction code="INCH  T1828, 0"><temps name="use"/><temps name="def"><temp name="T1828"/></temps><temps name="in"><temp name="T6"/><temp name="T270"/></temps><temps name="out"><temp name="T6"/><temp name="T270"/><temp name="T1828"/></temps></instruction><instruction code="NEG T1828, 0, T1828"><temps name="use"><temp name="T1828"/></temps><temps name="def"><temp name="T1828"/></temps><temps name="in"><temp name="T6"/><temp name="T270"/><temp name="T1828"/></temps><temps name="out"><temp name="T6"/><temp name="T270"/><temp name="T1828"/></temps></instruction><instruction code="ADD T1829, T6, T1828"><temps name="use"><temp name="T6"/><temp name="T1828"/></temps><temps name="def"><temp name="T1829"/></temps><temps name="in"><temp name="T6"/><temp name="T270"/><temp name="T1828"/></temps><temps name="out"><temp name="T6"/><temp name="T1829"/><temp name="T270"/></temps></instruction><instruction code="SETL  T1830, 5"><temps name="use"/><temps name="def"><temp name="T1830"/></temps><temps name="in"><temp name="T6"/><temp name="T1829"/><temp name="T270"/></temps><temps name="out"><temp name="T6"/><temp name="T1829"/><temp name="T270"/></temps></instruction><instruction code="INCML T1830, 0"><temps name="use"/><temps name="def"><temp name="T1830"/></temps><temps name="in"><temp name="T6"/><temp name="T1829"/><temp name="T270"/></temps><temps name="out"><temp name="T6"/><temp name="T1829"/><temp name="T270"/></temps></instruction><instruction code="INCMH T1830, 0"><temps name="use"/><temps name="def"><temp name="T1830"/></temps><temps name="in"><temp name="T6"/><temp name="T1829"/><temp name="T270"/></temps><temps name="out"><temp name="T6"/><temp name="T1829"/><temp name="T270"/></temps></instruction><instruction code="INCH  T1830, 0"><temps name="use"/><temps name="def"><temp name="T1830"/></temps><temps name="in"><temp name="T6"/><temp name="T1829"/><temp name="T270"/></temps><temps name="out"><temp name="T6"/><temp name="T1830"/><temp name="T1829"/><temp name="T270"/></temps></instruction><instruction code="SETL  T1831, 72"><temps name="use"/><temps name="def"><temp name="T1831"/></temps><temps name="in"><temp name="T6"/><temp name="T1830"/><temp name="T1829"/><temp name="T270"/></temps><temps name="out"><temp name="T6"/><temp name="T1830"/><temp name="T1829"/><temp name="T270"/></temps></instruction><instruction code="INCML T1831, 0"><temps name="use"/><temps name="def"><temp name="T1831"/></temps><temps name="in"><temp name="T6"/><temp name="T1830"/><temp name="T1829"/><temp name="T270"/></temps><temps name="out"><temp name="T6"/><temp name="T1830"/><temp name="T1829"/><temp name="T270"/></temps></instruction><instruction code="INCMH T1831, 0"><temps name="use"/><temps name="def"><temp name="T1831"/></temps><temps name="in"><temp name="T6"/><temp name="T1830"/><temp name="T1829"/><temp name="T270"/></temps><temps name="out"><temp name="T6"/><temp name="T1830"/><temp name="T1829"/><temp name="T270"/></temps></instruction><instruction code="INCH  T1831, 0"><temps name="use"/><temps name="def"><temp name="T1831"/></temps><temps name="in"><temp name="T6"/><temp name="T1830"/><temp name="T1829"/><temp name="T270"/></temps><temps name="out"><temp name="T6"/><temp name="T1830"/><temp name="T1831"/><temp name="T1829"/><temp name="T270"/></temps></instruction><instruction code="MUL T1832, T1830, T1831"><temps name="use"><temp name="T1830"/><temp name="T1831"/></temps><temps name="def"><temp name="T1832"/></temps><temps name="in"><temp name="T6"/><temp name="T1830"/><temp name="T1831"/><temp name="T1829"/><temp name="T270"/></temps><temps name="out"><temp name="T6"/><temp name="T1829"/><temp name="T270"/><temp name="T1832"/></temps></instruction><instruction code="ADD T1833, T1829, T1832"><temps name="use"><temp name="T1829"/><temp name="T1832"/></temps><temps name="def"><temp name="T1833"/></temps><temps name="in"><temp name="T6"/><temp name="T1829"/><temp name="T270"/><temp name="T1832"/></temps><temps name="out"><temp name="T6"/><temp name="T270"/><temp name="T1833"/></temps></instruction><instruction code="SETL  T1834, 3"><temps name="use"/><temps name="def"><temp name="T1834"/></temps><temps name="in"><temp name="T6"/><temp name="T270"/><temp name="T1833"/></temps><temps name="out"><temp name="T6"/><temp name="T270"/><temp name="T1833"/></temps></instruction><instruction code="INCML T1834, 0"><temps name="use"/><temps name="def"><temp name="T1834"/></temps><temps name="in"><temp name="T6"/><temp name="T270"/><temp name="T1833"/></temps><temps name="out"><temp name="T6"/><temp name="T270"/><temp name="T1833"/></temps></instruction><instruction code="INCMH T1834, 0"><temps name="use"/><temps name="def"><temp name="T1834"/></temps><temps name="in"><temp name="T6"/><temp name="T270"/><temp name="T1833"/></temps><temps name="out"><temp name="T6"/><temp name="T270"/><temp name="T1833"/></temps></instruction><instruction code="INCH  T1834, 0"><temps name="use"/><temps name="def"><temp name="T1834"/></temps><temps name="in"><temp name="T6"/><temp name="T270"/><temp name="T1833"/></temps><temps name="out"><temp name="T6"/><temp name="T1834"/><temp name="T270"/><temp name="T1833"/></temps></instruction><instruction code="SETL  T1835, 8"><temps name="use"/><temps name="def"><temp name="T1835"/></temps><temps name="in"><temp name="T6"/><temp name="T1834"/><temp name="T270"/><temp name="T1833"/></temps><temps name="out"><temp name="T6"/><temp name="T1834"/><temp name="T270"/><temp name="T1833"/></temps></instruction><instruction code="INCML T1835, 0"><temps name="use"/><temps name="def"><temp name="T1835"/></temps><temps name="in"><temp name="T6"/><temp name="T1834"/><temp name="T270"/><temp name="T1833"/></temps><temps name="out"><temp name="T6"/><temp name="T1834"/><temp name="T270"/><temp name="T1833"/></temps></instruction><instruction code="INCMH T1835, 0"><temps name="use"/><temps name="def"><temp name="T1835"/></temps><temps name="in"><temp name="T6"/><temp name="T1834"/><temp name="T270"/><temp name="T1833"/></temps><temps name="out"><temp name="T6"/><temp name="T1834"/><temp name="T270"/><temp name="T1833"/></temps></instruction><instruction code="INCH  T1835, 0"><temps name="use"/><temps name="def"><temp name="T1835"/></temps><temps name="in"><temp name="T6"/><temp name="T1834"/><temp name="T270"/><temp name="T1833"/></temps><temps name="out"><temp name="T6"/><temp name="T1834"/><temp name="T1835"/><temp name="T270"/><temp name="T1833"/></temps></instruction><instruction code="MUL T1836, T1834, T1835"><temps name="use"><temp name="T1834"/><temp name="T1835"/></temps><temps name="def"><temp name="T1836"/></temps><temps name="in"><temp name="T6"/><temp name="T1834"/><temp name="T1835"/><temp name="T270"/><temp name="T1833"/></temps><temps name="out"><temp name="T1836"/><temp name="T6"/><temp name="T270"/><temp name="T1833"/></temps></instruction><instruction code="ADD T1837, T1833, T1836"><temps name="use"><temp name="T1833"/><temp name="T1836"/></temps><temps name="def"><temp name="T1837"/></temps><temps name="in"><temp name="T1836"/><temp name="T6"/><temp name="T270"/><temp name="T1833"/></temps><temps name="out"><temp name="T6"/><temp name="T1837"/><temp name="T270"/></temps></instruction><instruction code="STO T1837, T270, 0"><temps name="use"><temp name="T1837"/><temp name="T270"/></temps><temps name="def"/><temps name="in"><temp name="T6"/><temp name="T1837"/><temp name="T270"/></temps><temps name="out"><temp name="T6"/></temps></instruction><instruction code="SETL  T1839, 0"><temps name="use"/><temps name="def"><temp name="T1839"/></temps><temps name="in"><temp name="T6"/></temps><temps name="out"><temp name="T6"/></temps></instruction><instruction code="INCML T1839, 0"><temps name="use"/><temps name="def"><temp name="T1839"/></temps><temps name="in"><temp name="T6"/></temps><temps name="out"><temp name="T6"/></temps></instruction><instruction code="INCMH T1839, 0"><temps name="use"/><temps name="def"><temp name="T1839"/></temps><temps name="in"><temp name="T6"/></temps><temps name="out"><temp name="T6"/></temps></instruction><instruction code="INCH  T1839, 0"><temps name="use"/><temps name="def"><temp name="T1839"/></temps><temps name="in"><temp name="T6"/></temps><temps name="out"><temp name="T6"/><temp name="T1839"/></temps></instruction><instruction code="OR T271, T1839, 0"><temps name="use"><temp name="T1839"/></temps><temps name="def"><temp name="T271"/></temps><temps name="in"><temp name="T6"/><temp name="T1839"/></temps><temps name="out"><temp name="T6"/><temp name="T271"/></temps></instruction><instruction code="SETL  T1840, 664"><temps name="use"/><temps name="def"><temp name="T1840"/></temps><temps name="in"><temp name="T6"/><temp name="T271"/></temps><temps name="out"><temp name="T6"/><temp name="T271"/></temps></instruction><instruction code="INCML T1840, 0"><temps name="use"/><temps name="def"><temp name="T1840"/></temps><temps name="in"><temp name="T6"/><temp name="T271"/></temps><temps name="out"><temp name="T6"/><temp name="T271"/></temps></instruction><instruction code="INCMH T1840, 0"><temps name="use"/><temps name="def"><temp name="T1840"/></temps><temps name="in"><temp name="T6"/><temp name="T271"/></temps><temps name="out"><temp name="T6"/><temp name="T271"/></temps></instruction><instruction code="INCH  T1840, 0"><temps name="use"/><temps name="def"><temp name="T1840"/></temps><temps name="in"><temp name="T6"/><temp name="T271"/></temps><temps name="out"><temp name="T1840"/><temp name="T6"/><temp name="T271"/></temps></instruction><instruction code="NEG T1840, 0, T1840"><temps name="use"><temp name="T1840"/></temps><temps name="def"><temp name="T1840"/></temps><temps name="in"><temp name="T1840"/><temp name="T6"/><temp name="T271"/></temps><temps name="out"><temp name="T1840"/><temp name="T6"/><temp name="T271"/></temps></instruction><instruction code="ADD T1841, T6, T1840"><temps name="use"><temp name="T6"/><temp name="T1840"/></temps><temps name="def"><temp name="T1841"/></temps><temps name="in"><temp name="T1840"/><temp name="T6"/><temp name="T271"/></temps><temps name="out"><temp name="T1841"/><temp name="T6"/><temp name="T271"/></temps></instruction><instruction code="SETL  T1842, 5"><temps name="use"/><temps name="def"><temp name="T1842"/></temps><temps name="in"><temp name="T1841"/><temp name="T6"/><temp name="T271"/></temps><temps name="out"><temp name="T1841"/><temp name="T6"/><temp name="T271"/></temps></instruction><instruction code="INCML T1842, 0"><temps name="use"/><temps name="def"><temp name="T1842"/></temps><temps name="in"><temp name="T1841"/><temp name="T6"/><temp name="T271"/></temps><temps name="out"><temp name="T1841"/><temp name="T6"/><temp name="T271"/></temps></instruction><instruction code="INCMH T1842, 0"><temps name="use"/><temps name="def"><temp name="T1842"/></temps><temps name="in"><temp name="T1841"/><temp name="T6"/><temp name="T271"/></temps><temps name="out"><temp name="T1841"/><temp name="T6"/><temp name="T271"/></temps></instruction><instruction code="INCH  T1842, 0"><temps name="use"/><temps name="def"><temp name="T1842"/></temps><temps name="in"><temp name="T1841"/><temp name="T6"/><temp name="T271"/></temps><temps name="out"><temp name="T1841"/><temp name="T6"/><temp name="T1842"/><temp name="T271"/></temps></instruction><instruction code="SETL  T1843, 72"><temps name="use"/><temps name="def"><temp name="T1843"/></temps><temps name="in"><temp name="T1841"/><temp name="T6"/><temp name="T1842"/><temp name="T271"/></temps><temps name="out"><temp name="T1841"/><temp name="T6"/><temp name="T1842"/><temp name="T271"/></temps></instruction><instruction code="INCML T1843, 0"><temps name="use"/><temps name="def"><temp name="T1843"/></temps><temps name="in"><temp name="T1841"/><temp name="T6"/><temp name="T1842"/><temp name="T271"/></temps><temps name="out"><temp name="T1841"/><temp name="T6"/><temp name="T1842"/><temp name="T271"/></temps></instruction><instruction code="INCMH T1843, 0"><temps name="use"/><temps name="def"><temp name="T1843"/></temps><temps name="in"><temp name="T1841"/><temp name="T6"/><temp name="T1842"/><temp name="T271"/></temps><temps name="out"><temp name="T1841"/><temp name="T6"/><temp name="T1842"/><temp name="T271"/></temps></instruction><instruction code="INCH  T1843, 0"><temps name="use"/><temps name="def"><temp name="T1843"/></temps><temps name="in"><temp name="T1841"/><temp name="T6"/><temp name="T1842"/><temp name="T271"/></temps><temps name="out"><temp name="T1841"/><temp name="T6"/><temp name="T1843"/><temp name="T1842"/><temp name="T271"/></temps></instruction><instruction code="MUL T1844, T1842, T1843"><temps name="use"><temp name="T1842"/><temp name="T1843"/></temps><temps name="def"><temp name="T1844"/></temps><temps name="in"><temp name="T1841"/><temp name="T6"/><temp name="T1843"/><temp name="T1842"/><temp name="T271"/></temps><temps name="out"><temp name="T1841"/><temp name="T6"/><temp name="T1844"/><temp name="T271"/></temps></instruction><instruction code="ADD T1845, T1841, T1844"><temps name="use"><temp name="T1841"/><temp name="T1844"/></temps><temps name="def"><temp name="T1845"/></temps><temps name="in"><temp name="T1841"/><temp name="T6"/><temp name="T1844"/><temp name="T271"/></temps><temps name="out"><temp name="T6"/><temp name="T1845"/><temp name="T271"/></temps></instruction><instruction code="SETL  T1846, 4"><temps name="use"/><temps name="def"><temp name="T1846"/></temps><temps name="in"><temp name="T6"/><temp name="T1845"/><temp name="T271"/></temps><temps name="out"><temp name="T6"/><temp name="T1845"/><temp name="T271"/></temps></instruction><instruction code="INCML T1846, 0"><temps name="use"/><temps name="def"><temp name="T1846"/></temps><temps name="in"><temp name="T6"/><temp name="T1845"/><temp name="T271"/></temps><temps name="out"><temp name="T6"/><temp name="T1845"/><temp name="T271"/></temps></instruction><instruction code="INCMH T1846, 0"><temps name="use"/><temps name="def"><temp name="T1846"/></temps><temps name="in"><temp name="T6"/><temp name="T1845"/><temp name="T271"/></temps><temps name="out"><temp name="T6"/><temp name="T1845"/><temp name="T271"/></temps></instruction><instruction code="INCH  T1846, 0"><temps name="use"/><temps name="def"><temp name="T1846"/></temps><temps name="in"><temp name="T6"/><temp name="T1845"/><temp name="T271"/></temps><temps name="out"><temp name="T1846"/><temp name="T6"/><temp name="T1845"/><temp name="T271"/></temps></instruction><instruction code="SETL  T1847, 8"><temps name="use"/><temps name="def"><temp name="T1847"/></temps><temps name="in"><temp name="T1846"/><temp name="T6"/><temp name="T1845"/><temp name="T271"/></temps><temps name="out"><temp name="T1846"/><temp name="T6"/><temp name="T1845"/><temp name="T271"/></temps></instruction><instruction code="INCML T1847, 0"><temps name="use"/><temps name="def"><temp name="T1847"/></temps><temps name="in"><temp name="T1846"/><temp name="T6"/><temp name="T1845"/><temp name="T271"/></temps><temps name="out"><temp name="T1846"/><temp name="T6"/><temp name="T1845"/><temp name="T271"/></temps></instruction><instruction code="INCMH T1847, 0"><temps name="use"/><temps name="def"><temp name="T1847"/></temps><temps name="in"><temp name="T1846"/><temp name="T6"/><temp name="T1845"/><temp name="T271"/></temps><temps name="out"><temp name="T1846"/><temp name="T6"/><temp name="T1845"/><temp name="T271"/></temps></instruction><instruction code="INCH  T1847, 0"><temps name="use"/><temps name="def"><temp name="T1847"/></temps><temps name="in"><temp name="T1846"/><temp name="T6"/><temp name="T1845"/><temp name="T271"/></temps><temps name="out"><temp name="T1846"/><temp name="T6"/><temp name="T1847"/><temp name="T1845"/><temp name="T271"/></temps></instruction><instruction code="MUL T1848, T1846, T1847"><temps name="use"><temp name="T1846"/><temp name="T1847"/></temps><temps name="def"><temp name="T1848"/></temps><temps name="in"><temp name="T1846"/><temp name="T6"/><temp name="T1847"/><temp name="T1845"/><temp name="T271"/></temps><temps name="out"><temp name="T1848"/><temp name="T6"/><temp name="T1845"/><temp name="T271"/></temps></instruction><instruction code="ADD T1849, T1845, T1848"><temps name="use"><temp name="T1845"/><temp name="T1848"/></temps><temps name="def"><temp name="T1849"/></temps><temps name="in"><temp name="T1848"/><temp name="T6"/><temp name="T1845"/><temp name="T271"/></temps><temps name="out"><temp name="T1849"/><temp name="T6"/><temp name="T271"/></temps></instruction><instruction code="STO T1849, T271, 0"><temps name="use"><temp name="T1849"/><temp name="T271"/></temps><temps name="def"/><temps name="in"><temp name="T1849"/><temp name="T6"/><temp name="T271"/></temps><temps name="out"><temp name="T6"/></temps></instruction><instruction code="SETL  T1851, 9"><temps name="use"/><temps name="def"><temp name="T1851"/></temps><temps name="in"><temp name="T6"/></temps><temps name="out"><temp name="T6"/></temps></instruction><instruction code="INCML T1851, 0"><temps name="use"/><temps name="def"><temp name="T1851"/></temps><temps name="in"><temp name="T6"/></temps><temps name="out"><temp name="T6"/></temps></instruction><instruction code="INCMH T1851, 0"><temps name="use"/><temps name="def"><temp name="T1851"/></temps><temps name="in"><temp name="T6"/></temps><temps name="out"><temp name="T6"/></temps></instruction><instruction code="INCH  T1851, 0"><temps name="use"/><temps name="def"><temp name="T1851"/></temps><temps name="in"><temp name="T6"/></temps><temps name="out"><temp name="T6"/><temp name="T1851"/></temps></instruction><instruction code="OR T272, T1851, 0"><temps name="use"><temp name="T1851"/></temps><temps name="def"><temp name="T272"/></temps><temps name="in"><temp name="T6"/><temp name="T1851"/></temps><temps name="out"><temp name="T6"/><temp name="T272"/></temps></instruction><instruction code="SETL  T1852, 664"><temps name="use"/><temps name="def"><temp name="T1852"/></temps><temps name="in"><temp name="T6"/><temp name="T272"/></temps><temps name="out"><temp name="T6"/><temp name="T272"/></temps></instruction><instruction code="INCML T1852, 0"><temps name="use"/><temps name="def"><temp name="T1852"/></temps><temps name="in"><temp name="T6"/><temp name="T272"/></temps><temps name="out"><temp name="T6"/><temp name="T272"/></temps></instruction><instruction code="INCMH T1852, 0"><temps name="use"/><temps name="def"><temp name="T1852"/></temps><temps name="in"><temp name="T6"/><temp name="T272"/></temps><temps name="out"><temp name="T6"/><temp name="T272"/></temps></instruction><instruction code="INCH  T1852, 0"><temps name="use"/><temps name="def"><temp name="T1852"/></temps><temps name="in"><temp name="T6"/><temp name="T272"/></temps><temps name="out"><temp name="T1852"/><temp name="T6"/><temp name="T272"/></temps></instruction><instruction code="NEG T1852, 0, T1852"><temps name="use"><temp name="T1852"/></temps><temps name="def"><temp name="T1852"/></temps><temps name="in"><temp name="T1852"/><temp name="T6"/><temp name="T272"/></temps><temps name="out"><temp name="T1852"/><temp name="T6"/><temp name="T272"/></temps></instruction><instruction code="ADD T1853, T6, T1852"><temps name="use"><temp name="T6"/><temp name="T1852"/></temps><temps name="def"><temp name="T1853"/></temps><temps name="in"><temp name="T1852"/><temp name="T6"/><temp name="T272"/></temps><temps name="out"><temp name="T6"/><temp name="T272"/><temp name="T1853"/></temps></instruction><instruction code="SETL  T1854, 5"><temps name="use"/><temps name="def"><temp name="T1854"/></temps><temps name="in"><temp name="T6"/><temp name="T272"/><temp name="T1853"/></temps><temps name="out"><temp name="T6"/><temp name="T272"/><temp name="T1853"/></temps></instruction><instruction code="INCML T1854, 0"><temps name="use"/><temps name="def"><temp name="T1854"/></temps><temps name="in"><temp name="T6"/><temp name="T272"/><temp name="T1853"/></temps><temps name="out"><temp name="T6"/><temp name="T272"/><temp name="T1853"/></temps></instruction><instruction code="INCMH T1854, 0"><temps name="use"/><temps name="def"><temp name="T1854"/></temps><temps name="in"><temp name="T6"/><temp name="T272"/><temp name="T1853"/></temps><temps name="out"><temp name="T6"/><temp name="T272"/><temp name="T1853"/></temps></instruction><instruction code="INCH  T1854, 0"><temps name="use"/><temps name="def"><temp name="T1854"/></temps><temps name="in"><temp name="T6"/><temp name="T272"/><temp name="T1853"/></temps><temps name="out"><temp name="T1854"/><temp name="T6"/><temp name="T272"/><temp name="T1853"/></temps></instruction><instruction code="SETL  T1855, 72"><temps name="use"/><temps name="def"><temp name="T1855"/></temps><temps name="in"><temp name="T1854"/><temp name="T6"/><temp name="T272"/><temp name="T1853"/></temps><temps name="out"><temp name="T1854"/><temp name="T6"/><temp name="T272"/><temp name="T1853"/></temps></instruction><instruction code="INCML T1855, 0"><temps name="use"/><temps name="def"><temp name="T1855"/></temps><temps name="in"><temp name="T1854"/><temp name="T6"/><temp name="T272"/><temp name="T1853"/></temps><temps name="out"><temp name="T1854"/><temp name="T6"/><temp name="T272"/><temp name="T1853"/></temps></instruction><instruction code="INCMH T1855, 0"><temps name="use"/><temps name="def"><temp name="T1855"/></temps><temps name="in"><temp name="T1854"/><temp name="T6"/><temp name="T272"/><temp name="T1853"/></temps><temps name="out"><temp name="T1854"/><temp name="T6"/><temp name="T272"/><temp name="T1853"/></temps></instruction><instruction code="INCH  T1855, 0"><temps name="use"/><temps name="def"><temp name="T1855"/></temps><temps name="in"><temp name="T1854"/><temp name="T6"/><temp name="T272"/><temp name="T1853"/></temps><temps name="out"><temp name="T1854"/><temp name="T6"/><temp name="T272"/><temp name="T1855"/><temp name="T1853"/></temps></instruction><instruction code="MUL T1856, T1854, T1855"><temps name="use"><temp name="T1854"/><temp name="T1855"/></temps><temps name="def"><temp name="T1856"/></temps><temps name="in"><temp name="T1854"/><temp name="T6"/><temp name="T272"/><temp name="T1855"/><temp name="T1853"/></temps><temps name="out"><temp name="T1856"/><temp name="T6"/><temp name="T272"/><temp name="T1853"/></temps></instruction><instruction code="ADD T1857, T1853, T1856"><temps name="use"><temp name="T1853"/><temp name="T1856"/></temps><temps name="def"><temp name="T1857"/></temps><temps name="in"><temp name="T1856"/><temp name="T6"/><temp name="T272"/><temp name="T1853"/></temps><temps name="out"><temp name="T6"/><temp name="T272"/><temp name="T1857"/></temps></instruction><instruction code="SETL  T1858, 5"><temps name="use"/><temps name="def"><temp name="T1858"/></temps><temps name="in"><temp name="T6"/><temp name="T272"/><temp name="T1857"/></temps><temps name="out"><temp name="T6"/><temp name="T272"/><temp name="T1857"/></temps></instruction><instruction code="INCML T1858, 0"><temps name="use"/><temps name="def"><temp name="T1858"/></temps><temps name="in"><temp name="T6"/><temp name="T272"/><temp name="T1857"/></temps><temps name="out"><temp name="T6"/><temp name="T272"/><temp name="T1857"/></temps></instruction><instruction code="INCMH T1858, 0"><temps name="use"/><temps name="def"><temp name="T1858"/></temps><temps name="in"><temp name="T6"/><temp name="T272"/><temp name="T1857"/></temps><temps name="out"><temp name="T6"/><temp name="T272"/><temp name="T1857"/></temps></instruction><instruction code="INCH  T1858, 0"><temps name="use"/><temps name="def"><temp name="T1858"/></temps><temps name="in"><temp name="T6"/><temp name="T272"/><temp name="T1857"/></temps><temps name="out"><temp name="T6"/><temp name="T1858"/><temp name="T272"/><temp name="T1857"/></temps></instruction><instruction code="SETL  T1859, 8"><temps name="use"/><temps name="def"><temp name="T1859"/></temps><temps name="in"><temp name="T6"/><temp name="T1858"/><temp name="T272"/><temp name="T1857"/></temps><temps name="out"><temp name="T6"/><temp name="T1858"/><temp name="T272"/><temp name="T1857"/></temps></instruction><instruction code="INCML T1859, 0"><temps name="use"/><temps name="def"><temp name="T1859"/></temps><temps name="in"><temp name="T6"/><temp name="T1858"/><temp name="T272"/><temp name="T1857"/></temps><temps name="out"><temp name="T6"/><temp name="T1858"/><temp name="T272"/><temp name="T1857"/></temps></instruction><instruction code="INCMH T1859, 0"><temps name="use"/><temps name="def"><temp name="T1859"/></temps><temps name="in"><temp name="T6"/><temp name="T1858"/><temp name="T272"/><temp name="T1857"/></temps><temps name="out"><temp name="T6"/><temp name="T1858"/><temp name="T272"/><temp name="T1857"/></temps></instruction><instruction code="INCH  T1859, 0"><temps name="use"/><temps name="def"><temp name="T1859"/></temps><temps name="in"><temp name="T6"/><temp name="T1858"/><temp name="T272"/><temp name="T1857"/></temps><temps name="out"><temp name="T1859"/><temp name="T6"/><temp name="T1858"/><temp name="T272"/><temp name="T1857"/></temps></instruction><instruction code="MUL T1860, T1858, T1859"><temps name="use"><temp name="T1858"/><temp name="T1859"/></temps><temps name="def"><temp name="T1860"/></temps><temps name="in"><temp name="T1859"/><temp name="T6"/><temp name="T1858"/><temp name="T272"/><temp name="T1857"/></temps><temps name="out"><temp name="T6"/><temp name="T272"/><temp name="T1860"/><temp name="T1857"/></temps></instruction><instruction code="ADD T1861, T1857, T1860"><temps name="use"><temp name="T1857"/><temp name="T1860"/></temps><temps name="def"><temp name="T1861"/></temps><temps name="in"><temp name="T6"/><temp name="T272"/><temp name="T1860"/><temp name="T1857"/></temps><temps name="out"><temp name="T6"/><temp name="T272"/><temp name="T1861"/></temps></instruction><instruction code="STO T1861, T272, 0"><temps name="use"><temp name="T1861"/><temp name="T272"/></temps><temps name="def"/><temps name="in"><temp name="T6"/><temp name="T272"/><temp name="T1861"/></temps><temps name="out"><temp name="T6"/></temps></instruction><instruction code="SETL  T1863, 0"><temps name="use"/><temps name="def"><temp name="T1863"/></temps><temps name="in"><temp name="T6"/></temps><temps name="out"><temp name="T6"/></temps></instruction><instruction code="INCML T1863, 0"><temps name="use"/><temps name="def"><temp name="T1863"/></temps><temps name="in"><temp name="T6"/></temps><temps name="out"><temp name="T6"/></temps></instruction><instruction code="INCMH T1863, 0"><temps name="use"/><temps name="def"><temp name="T1863"/></temps><temps name="in"><temp name="T6"/></temps><temps name="out"><temp name="T6"/></temps></instruction><instruction code="INCH  T1863, 0"><temps name="use"/><temps name="def"><temp name="T1863"/></temps><temps name="in"><temp name="T6"/></temps><temps name="out"><temp name="T6"/><temp name="T1863"/></temps></instruction><instruction code="OR T273, T1863, 0"><temps name="use"><temp name="T1863"/></temps><temps name="def"><temp name="T273"/></temps><temps name="in"><temp name="T6"/><temp name="T1863"/></temps><temps name="out"><temp name="T6"/><temp name="T273"/></temps></instruction><instruction code="SETL  T1864, 664"><temps name="use"/><temps name="def"><temp name="T1864"/></temps><temps name="in"><temp name="T6"/><temp name="T273"/></temps><temps name="out"><temp name="T6"/><temp name="T273"/></temps></instruction><instruction code="INCML T1864, 0"><temps name="use"/><temps name="def"><temp name="T1864"/></temps><temps name="in"><temp name="T6"/><temp name="T273"/></temps><temps name="out"><temp name="T6"/><temp name="T273"/></temps></instruction><instruction code="INCMH T1864, 0"><temps name="use"/><temps name="def"><temp name="T1864"/></temps><temps name="in"><temp name="T6"/><temp name="T273"/></temps><temps name="out"><temp name="T6"/><temp name="T273"/></temps></instruction><instruction code="INCH  T1864, 0"><temps name="use"/><temps name="def"><temp name="T1864"/></temps><temps name="in"><temp name="T6"/><temp name="T273"/></temps><temps name="out"><temp name="T6"/><temp name="T1864"/><temp name="T273"/></temps></instruction><instruction code="NEG T1864, 0, T1864"><temps name="use"><temp name="T1864"/></temps><temps name="def"><temp name="T1864"/></temps><temps name="in"><temp name="T6"/><temp name="T1864"/><temp name="T273"/></temps><temps name="out"><temp name="T6"/><temp name="T1864"/><temp name="T273"/></temps></instruction><instruction code="ADD T1865, T6, T1864"><temps name="use"><temp name="T6"/><temp name="T1864"/></temps><temps name="def"><temp name="T1865"/></temps><temps name="in"><temp name="T6"/><temp name="T1864"/><temp name="T273"/></temps><temps name="out"><temp name="T6"/><temp name="T273"/><temp name="T1865"/></temps></instruction><instruction code="SETL  T1866, 5"><temps name="use"/><temps name="def"><temp name="T1866"/></temps><temps name="in"><temp name="T6"/><temp name="T273"/><temp name="T1865"/></temps><temps name="out"><temp name="T6"/><temp name="T273"/><temp name="T1865"/></temps></instruction><instruction code="INCML T1866, 0"><temps name="use"/><temps name="def"><temp name="T1866"/></temps><temps name="in"><temp name="T6"/><temp name="T273"/><temp name="T1865"/></temps><temps name="out"><temp name="T6"/><temp name="T273"/><temp name="T1865"/></temps></instruction><instruction code="INCMH T1866, 0"><temps name="use"/><temps name="def"><temp name="T1866"/></temps><temps name="in"><temp name="T6"/><temp name="T273"/><temp name="T1865"/></temps><temps name="out"><temp name="T6"/><temp name="T273"/><temp name="T1865"/></temps></instruction><instruction code="INCH  T1866, 0"><temps name="use"/><temps name="def"><temp name="T1866"/></temps><temps name="in"><temp name="T6"/><temp name="T273"/><temp name="T1865"/></temps><temps name="out"><temp name="T6"/><temp name="T273"/><temp name="T1866"/><temp name="T1865"/></temps></instruction><instruction code="SETL  T1867, 72"><temps name="use"/><temps name="def"><temp name="T1867"/></temps><temps name="in"><temp name="T6"/><temp name="T273"/><temp name="T1866"/><temp name="T1865"/></temps><temps name="out"><temp name="T6"/><temp name="T273"/><temp name="T1866"/><temp name="T1865"/></temps></instruction><instruction code="INCML T1867, 0"><temps name="use"/><temps name="def"><temp name="T1867"/></temps><temps name="in"><temp name="T6"/><temp name="T273"/><temp name="T1866"/><temp name="T1865"/></temps><temps name="out"><temp name="T6"/><temp name="T273"/><temp name="T1866"/><temp name="T1865"/></temps></instruction><instruction code="INCMH T1867, 0"><temps name="use"/><temps name="def"><temp name="T1867"/></temps><temps name="in"><temp name="T6"/><temp name="T273"/><temp name="T1866"/><temp name="T1865"/></temps><temps name="out"><temp name="T6"/><temp name="T273"/><temp name="T1866"/><temp name="T1865"/></temps></instruction><instruction code="INCH  T1867, 0"><temps name="use"/><temps name="def"><temp name="T1867"/></temps><temps name="in"><temp name="T6"/><temp name="T273"/><temp name="T1866"/><temp name="T1865"/></temps><temps name="out"><temp name="T6"/><temp name="T273"/><temp name="T1866"/><temp name="T1865"/><temp name="T1867"/></temps></instruction><instruction code="MUL T1868, T1866, T1867"><temps name="use"><temp name="T1866"/><temp name="T1867"/></temps><temps name="def"><temp name="T1868"/></temps><temps name="in"><temp name="T6"/><temp name="T273"/><temp name="T1866"/><temp name="T1865"/><temp name="T1867"/></temps><temps name="out"><temp name="T6"/><temp name="T1868"/><temp name="T273"/><temp name="T1865"/></temps></instruction><instruction code="ADD T1869, T1865, T1868"><temps name="use"><temp name="T1865"/><temp name="T1868"/></temps><temps name="def"><temp name="T1869"/></temps><temps name="in"><temp name="T6"/><temp name="T1868"/><temp name="T273"/><temp name="T1865"/></temps><temps name="out"><temp name="T6"/><temp name="T273"/><temp name="T1869"/></temps></instruction><instruction code="SETL  T1870, 6"><temps name="use"/><temps name="def"><temp name="T1870"/></temps><temps name="in"><temp name="T6"/><temp name="T273"/><temp name="T1869"/></temps><temps name="out"><temp name="T6"/><temp name="T273"/><temp name="T1869"/></temps></instruction><instruction code="INCML T1870, 0"><temps name="use"/><temps name="def"><temp name="T1870"/></temps><temps name="in"><temp name="T6"/><temp name="T273"/><temp name="T1869"/></temps><temps name="out"><temp name="T6"/><temp name="T273"/><temp name="T1869"/></temps></instruction><instruction code="INCMH T1870, 0"><temps name="use"/><temps name="def"><temp name="T1870"/></temps><temps name="in"><temp name="T6"/><temp name="T273"/><temp name="T1869"/></temps><temps name="out"><temp name="T6"/><temp name="T273"/><temp name="T1869"/></temps></instruction><instruction code="INCH  T1870, 0"><temps name="use"/><temps name="def"><temp name="T1870"/></temps><temps name="in"><temp name="T6"/><temp name="T273"/><temp name="T1869"/></temps><temps name="out"><temp name="T6"/><temp name="T1870"/><temp name="T273"/><temp name="T1869"/></temps></instruction><instruction code="SETL  T1871, 8"><temps name="use"/><temps name="def"><temp name="T1871"/></temps><temps name="in"><temp name="T6"/><temp name="T1870"/><temp name="T273"/><temp name="T1869"/></temps><temps name="out"><temp name="T6"/><temp name="T1870"/><temp name="T273"/><temp name="T1869"/></temps></instruction><instruction code="INCML T1871, 0"><temps name="use"/><temps name="def"><temp name="T1871"/></temps><temps name="in"><temp name="T6"/><temp name="T1870"/><temp name="T273"/><temp name="T1869"/></temps><temps name="out"><temp name="T6"/><temp name="T1870"/><temp name="T273"/><temp name="T1869"/></temps></instruction><instruction code="INCMH T1871, 0"><temps name="use"/><temps name="def"><temp name="T1871"/></temps><temps name="in"><temp name="T6"/><temp name="T1870"/><temp name="T273"/><temp name="T1869"/></temps><temps name="out"><temp name="T6"/><temp name="T1870"/><temp name="T273"/><temp name="T1869"/></temps></instruction><instruction code="INCH  T1871, 0"><temps name="use"/><temps name="def"><temp name="T1871"/></temps><temps name="in"><temp name="T6"/><temp name="T1870"/><temp name="T273"/><temp name="T1869"/></temps><temps name="out"><temp name="T6"/><temp name="T1870"/><temp name="T273"/><temp name="T1869"/><temp name="T1871"/></temps></instruction><instruction code="MUL T1872, T1870, T1871"><temps name="use"><temp name="T1870"/><temp name="T1871"/></temps><temps name="def"><temp name="T1872"/></temps><temps name="in"><temp name="T6"/><temp name="T1870"/><temp name="T273"/><temp name="T1869"/><temp name="T1871"/></temps><temps name="out"><temp name="T1872"/><temp name="T6"/><temp name="T273"/><temp name="T1869"/></temps></instruction><instruction code="ADD T1873, T1869, T1872"><temps name="use"><temp name="T1869"/><temp name="T1872"/></temps><temps name="def"><temp name="T1873"/></temps><temps name="in"><temp name="T1872"/><temp name="T6"/><temp name="T273"/><temp name="T1869"/></temps><temps name="out"><temp name="T6"/><temp name="T273"/><temp name="T1873"/></temps></instruction><instruction code="STO T1873, T273, 0"><temps name="use"><temp name="T1873"/><temp name="T273"/></temps><temps name="def"/><temps name="in"><temp name="T6"/><temp name="T273"/><temp name="T1873"/></temps><temps name="out"><temp name="T6"/></temps></instruction><instruction code="SETL  T1875, 0"><temps name="use"/><temps name="def"><temp name="T1875"/></temps><temps name="in"><temp name="T6"/></temps><temps name="out"><temp name="T6"/></temps></instruction><instruction code="INCML T1875, 0"><temps name="use"/><temps name="def"><temp name="T1875"/></temps><temps name="in"><temp name="T6"/></temps><temps name="out"><temp name="T6"/></temps></instruction><instruction code="INCMH T1875, 0"><temps name="use"/><temps name="def"><temp name="T1875"/></temps><temps name="in"><temp name="T6"/></temps><temps name="out"><temp name="T6"/></temps></instruction><instruction code="INCH  T1875, 0"><temps name="use"/><temps name="def"><temp name="T1875"/></temps><temps name="in"><temp name="T6"/></temps><temps name="out"><temp name="T1875"/><temp name="T6"/></temps></instruction><instruction code="OR T274, T1875, 0"><temps name="use"><temp name="T1875"/></temps><temps name="def"><temp name="T274"/></temps><temps name="in"><temp name="T1875"/><temp name="T6"/></temps><temps name="out"><temp name="T6"/><temp name="T274"/></temps></instruction><instruction code="SETL  T1876, 664"><temps name="use"/><temps name="def"><temp name="T1876"/></temps><temps name="in"><temp name="T6"/><temp name="T274"/></temps><temps name="out"><temp name="T6"/><temp name="T274"/></temps></instruction><instruction code="INCML T1876, 0"><temps name="use"/><temps name="def"><temp name="T1876"/></temps><temps name="in"><temp name="T6"/><temp name="T274"/></temps><temps name="out"><temp name="T6"/><temp name="T274"/></temps></instruction><instruction code="INCMH T1876, 0"><temps name="use"/><temps name="def"><temp name="T1876"/></temps><temps name="in"><temp name="T6"/><temp name="T274"/></temps><temps name="out"><temp name="T6"/><temp name="T274"/></temps></instruction><instruction code="INCH  T1876, 0"><temps name="use"/><temps name="def"><temp name="T1876"/></temps><temps name="in"><temp name="T6"/><temp name="T274"/></temps><temps name="out"><temp name="T6"/><temp name="T274"/><temp name="T1876"/></temps></instruction><instruction code="NEG T1876, 0, T1876"><temps name="use"><temp name="T1876"/></temps><temps name="def"><temp name="T1876"/></temps><temps name="in"><temp name="T6"/><temp name="T274"/><temp name="T1876"/></temps><temps name="out"><temp name="T6"/><temp name="T274"/><temp name="T1876"/></temps></instruction><instruction code="ADD T1877, T6, T1876"><temps name="use"><temp name="T6"/><temp name="T1876"/></temps><temps name="def"><temp name="T1877"/></temps><temps name="in"><temp name="T6"/><temp name="T274"/><temp name="T1876"/></temps><temps name="out"><temp name="T6"/><temp name="T274"/><temp name="T1877"/></temps></instruction><instruction code="SETL  T1878, 5"><temps name="use"/><temps name="def"><temp name="T1878"/></temps><temps name="in"><temp name="T6"/><temp name="T274"/><temp name="T1877"/></temps><temps name="out"><temp name="T6"/><temp name="T274"/><temp name="T1877"/></temps></instruction><instruction code="INCML T1878, 0"><temps name="use"/><temps name="def"><temp name="T1878"/></temps><temps name="in"><temp name="T6"/><temp name="T274"/><temp name="T1877"/></temps><temps name="out"><temp name="T6"/><temp name="T274"/><temp name="T1877"/></temps></instruction><instruction code="INCMH T1878, 0"><temps name="use"/><temps name="def"><temp name="T1878"/></temps><temps name="in"><temp name="T6"/><temp name="T274"/><temp name="T1877"/></temps><temps name="out"><temp name="T6"/><temp name="T274"/><temp name="T1877"/></temps></instruction><instruction code="INCH  T1878, 0"><temps name="use"/><temps name="def"><temp name="T1878"/></temps><temps name="in"><temp name="T6"/><temp name="T274"/><temp name="T1877"/></temps><temps name="out"><temp name="T6"/><temp name="T274"/><temp name="T1878"/><temp name="T1877"/></temps></instruction><instruction code="SETL  T1879, 72"><temps name="use"/><temps name="def"><temp name="T1879"/></temps><temps name="in"><temp name="T6"/><temp name="T274"/><temp name="T1878"/><temp name="T1877"/></temps><temps name="out"><temp name="T6"/><temp name="T274"/><temp name="T1878"/><temp name="T1877"/></temps></instruction><instruction code="INCML T1879, 0"><temps name="use"/><temps name="def"><temp name="T1879"/></temps><temps name="in"><temp name="T6"/><temp name="T274"/><temp name="T1878"/><temp name="T1877"/></temps><temps name="out"><temp name="T6"/><temp name="T274"/><temp name="T1878"/><temp name="T1877"/></temps></instruction><instruction code="INCMH T1879, 0"><temps name="use"/><temps name="def"><temp name="T1879"/></temps><temps name="in"><temp name="T6"/><temp name="T274"/><temp name="T1878"/><temp name="T1877"/></temps><temps name="out"><temp name="T6"/><temp name="T274"/><temp name="T1878"/><temp name="T1877"/></temps></instruction><instruction code="INCH  T1879, 0"><temps name="use"/><temps name="def"><temp name="T1879"/></temps><temps name="in"><temp name="T6"/><temp name="T274"/><temp name="T1878"/><temp name="T1877"/></temps><temps name="out"><temp name="T6"/><temp name="T1879"/><temp name="T274"/><temp name="T1878"/><temp name="T1877"/></temps></instruction><instruction code="MUL T1880, T1878, T1879"><temps name="use"><temp name="T1878"/><temp name="T1879"/></temps><temps name="def"><temp name="T1880"/></temps><temps name="in"><temp name="T6"/><temp name="T1879"/><temp name="T274"/><temp name="T1878"/><temp name="T1877"/></temps><temps name="out"><temp name="T6"/><temp name="T274"/><temp name="T1877"/><temp name="T1880"/></temps></instruction><instruction code="ADD T1881, T1877, T1880"><temps name="use"><temp name="T1877"/><temp name="T1880"/></temps><temps name="def"><temp name="T1881"/></temps><temps name="in"><temp name="T6"/><temp name="T274"/><temp name="T1877"/><temp name="T1880"/></temps><temps name="out"><temp name="T6"/><temp name="T274"/><temp name="T1881"/></temps></instruction><instruction code="SETL  T1882, 7"><temps name="use"/><temps name="def"><temp name="T1882"/></temps><temps name="in"><temp name="T6"/><temp name="T274"/><temp name="T1881"/></temps><temps name="out"><temp name="T6"/><temp name="T274"/><temp name="T1881"/></temps></instruction><instruction code="INCML T1882, 0"><temps name="use"/><temps name="def"><temp name="T1882"/></temps><temps name="in"><temp name="T6"/><temp name="T274"/><temp name="T1881"/></temps><temps name="out"><temp name="T6"/><temp name="T274"/><temp name="T1881"/></temps></instruction><instruction code="INCMH T1882, 0"><temps name="use"/><temps name="def"><temp name="T1882"/></temps><temps name="in"><temp name="T6"/><temp name="T274"/><temp name="T1881"/></temps><temps name="out"><temp name="T6"/><temp name="T274"/><temp name="T1881"/></temps></instruction><instruction code="INCH  T1882, 0"><temps name="use"/><temps name="def"><temp name="T1882"/></temps><temps name="in"><temp name="T6"/><temp name="T274"/><temp name="T1881"/></temps><temps name="out"><temp name="T6"/><temp name="T274"/><temp name="T1881"/><temp name="T1882"/></temps></instruction><instruction code="SETL  T1883, 8"><temps name="use"/><temps name="def"><temp name="T1883"/></temps><temps name="in"><temp name="T6"/><temp name="T274"/><temp name="T1881"/><temp name="T1882"/></temps><temps name="out"><temp name="T6"/><temp name="T274"/><temp name="T1881"/><temp name="T1882"/></temps></instruction><instruction code="INCML T1883, 0"><temps name="use"/><temps name="def"><temp name="T1883"/></temps><temps name="in"><temp name="T6"/><temp name="T274"/><temp name="T1881"/><temp name="T1882"/></temps><temps name="out"><temp name="T6"/><temp name="T274"/><temp name="T1881"/><temp name="T1882"/></temps></instruction><instruction code="INCMH T1883, 0"><temps name="use"/><temps name="def"><temp name="T1883"/></temps><temps name="in"><temp name="T6"/><temp name="T274"/><temp name="T1881"/><temp name="T1882"/></temps><temps name="out"><temp name="T6"/><temp name="T274"/><temp name="T1881"/><temp name="T1882"/></temps></instruction><instruction code="INCH  T1883, 0"><temps name="use"/><temps name="def"><temp name="T1883"/></temps><temps name="in"><temp name="T6"/><temp name="T274"/><temp name="T1881"/><temp name="T1882"/></temps><temps name="out"><temp name="T6"/><temp name="T274"/><temp name="T1883"/><temp name="T1881"/><temp name="T1882"/></temps></instruction><instruction code="MUL T1884, T1882, T1883"><temps name="use"><temp name="T1882"/><temp name="T1883"/></temps><temps name="def"><temp name="T1884"/></temps><temps name="in"><temp name="T6"/><temp name="T274"/><temp name="T1883"/><temp name="T1881"/><temp name="T1882"/></temps><temps name="out"><temp name="T6"/><temp name="T274"/><temp name="T1881"/><temp name="T1884"/></temps></instruction><instruction code="ADD T1885, T1881, T1884"><temps name="use"><temp name="T1881"/><temp name="T1884"/></temps><temps name="def"><temp name="T1885"/></temps><temps name="in"><temp name="T6"/><temp name="T274"/><temp name="T1881"/><temp name="T1884"/></temps><temps name="out"><temp name="T6"/><temp name="T274"/><temp name="T1885"/></temps></instruction><instruction code="STO T1885, T274, 0"><temps name="use"><temp name="T1885"/><temp name="T274"/></temps><temps name="def"/><temps name="in"><temp name="T6"/><temp name="T274"/><temp name="T1885"/></temps><temps name="out"><temp name="T6"/></temps></instruction><instruction code="SETL  T1887, 0"><temps name="use"/><temps name="def"><temp name="T1887"/></temps><temps name="in"><temp name="T6"/></temps><temps name="out"><temp name="T6"/></temps></instruction><instruction code="INCML T1887, 0"><temps name="use"/><temps name="def"><temp name="T1887"/></temps><temps name="in"><temp name="T6"/></temps><temps name="out"><temp name="T6"/></temps></instruction><instruction code="INCMH T1887, 0"><temps name="use"/><temps name="def"><temp name="T1887"/></temps><temps name="in"><temp name="T6"/></temps><temps name="out"><temp name="T6"/></temps></instruction><instruction code="INCH  T1887, 0"><temps name="use"/><temps name="def"><temp name="T1887"/></temps><temps name="in"><temp name="T6"/></temps><temps name="out"><temp name="T6"/><temp name="T1887"/></temps></instruction><instruction code="OR T275, T1887, 0"><temps name="use"><temp name="T1887"/></temps><temps name="def"><temp name="T275"/></temps><temps name="in"><temp name="T6"/><temp name="T1887"/></temps><temps name="out"><temp name="T6"/><temp name="T275"/></temps></instruction><instruction code="SETL  T1888, 664"><temps name="use"/><temps name="def"><temp name="T1888"/></temps><temps name="in"><temp name="T6"/><temp name="T275"/></temps><temps name="out"><temp name="T6"/><temp name="T275"/></temps></instruction><instruction code="INCML T1888, 0"><temps name="use"/><temps name="def"><temp name="T1888"/></temps><temps name="in"><temp name="T6"/><temp name="T275"/></temps><temps name="out"><temp name="T6"/><temp name="T275"/></temps></instruction><instruction code="INCMH T1888, 0"><temps name="use"/><temps name="def"><temp name="T1888"/></temps><temps name="in"><temp name="T6"/><temp name="T275"/></temps><temps name="out"><temp name="T6"/><temp name="T275"/></temps></instruction><instruction code="INCH  T1888, 0"><temps name="use"/><temps name="def"><temp name="T1888"/></temps><temps name="in"><temp name="T6"/><temp name="T275"/></temps><temps name="out"><temp name="T6"/><temp name="T1888"/><temp name="T275"/></temps></instruction><instruction code="NEG T1888, 0, T1888"><temps name="use"><temp name="T1888"/></temps><temps name="def"><temp name="T1888"/></temps><temps name="in"><temp name="T6"/><temp name="T1888"/><temp name="T275"/></temps><temps name="out"><temp name="T6"/><temp name="T1888"/><temp name="T275"/></temps></instruction><instruction code="ADD T1889, T6, T1888"><temps name="use"><temp name="T6"/><temp name="T1888"/></temps><temps name="def"><temp name="T1889"/></temps><temps name="in"><temp name="T6"/><temp name="T1888"/><temp name="T275"/></temps><temps name="out"><temp name="T6"/><temp name="T1889"/><temp name="T275"/></temps></instruction><instruction code="SETL  T1890, 5"><temps name="use"/><temps name="def"><temp name="T1890"/></temps><temps name="in"><temp name="T6"/><temp name="T1889"/><temp name="T275"/></temps><temps name="out"><temp name="T6"/><temp name="T1889"/><temp name="T275"/></temps></instruction><instruction code="INCML T1890, 0"><temps name="use"/><temps name="def"><temp name="T1890"/></temps><temps name="in"><temp name="T6"/><temp name="T1889"/><temp name="T275"/></temps><temps name="out"><temp name="T6"/><temp name="T1889"/><temp name="T275"/></temps></instruction><instruction code="INCMH T1890, 0"><temps name="use"/><temps name="def"><temp name="T1890"/></temps><temps name="in"><temp name="T6"/><temp name="T1889"/><temp name="T275"/></temps><temps name="out"><temp name="T6"/><temp name="T1889"/><temp name="T275"/></temps></instruction><instruction code="INCH  T1890, 0"><temps name="use"/><temps name="def"><temp name="T1890"/></temps><temps name="in"><temp name="T6"/><temp name="T1889"/><temp name="T275"/></temps><temps name="out"><temp name="T6"/><temp name="T1890"/><temp name="T1889"/><temp name="T275"/></temps></instruction><instruction code="SETL  T1891, 72"><temps name="use"/><temps name="def"><temp name="T1891"/></temps><temps name="in"><temp name="T6"/><temp name="T1890"/><temp name="T1889"/><temp name="T275"/></temps><temps name="out"><temp name="T6"/><temp name="T1890"/><temp name="T1889"/><temp name="T275"/></temps></instruction><instruction code="INCML T1891, 0"><temps name="use"/><temps name="def"><temp name="T1891"/></temps><temps name="in"><temp name="T6"/><temp name="T1890"/><temp name="T1889"/><temp name="T275"/></temps><temps name="out"><temp name="T6"/><temp name="T1890"/><temp name="T1889"/><temp name="T275"/></temps></instruction><instruction code="INCMH T1891, 0"><temps name="use"/><temps name="def"><temp name="T1891"/></temps><temps name="in"><temp name="T6"/><temp name="T1890"/><temp name="T1889"/><temp name="T275"/></temps><temps name="out"><temp name="T6"/><temp name="T1890"/><temp name="T1889"/><temp name="T275"/></temps></instruction><instruction code="INCH  T1891, 0"><temps name="use"/><temps name="def"><temp name="T1891"/></temps><temps name="in"><temp name="T6"/><temp name="T1890"/><temp name="T1889"/><temp name="T275"/></temps><temps name="out"><temp name="T6"/><temp name="T1890"/><temp name="T1891"/><temp name="T1889"/><temp name="T275"/></temps></instruction><instruction code="MUL T1892, T1890, T1891"><temps name="use"><temp name="T1890"/><temp name="T1891"/></temps><temps name="def"><temp name="T1892"/></temps><temps name="in"><temp name="T6"/><temp name="T1890"/><temp name="T1891"/><temp name="T1889"/><temp name="T275"/></temps><temps name="out"><temp name="T6"/><temp name="T1892"/><temp name="T1889"/><temp name="T275"/></temps></instruction><instruction code="ADD T1893, T1889, T1892"><temps name="use"><temp name="T1889"/><temp name="T1892"/></temps><temps name="def"><temp name="T1893"/></temps><temps name="in"><temp name="T6"/><temp name="T1892"/><temp name="T1889"/><temp name="T275"/></temps><temps name="out"><temp name="T6"/><temp name="T1893"/><temp name="T275"/></temps></instruction><instruction code="SETL  T1894, 8"><temps name="use"/><temps name="def"><temp name="T1894"/></temps><temps name="in"><temp name="T6"/><temp name="T1893"/><temp name="T275"/></temps><temps name="out"><temp name="T6"/><temp name="T1893"/><temp name="T275"/></temps></instruction><instruction code="INCML T1894, 0"><temps name="use"/><temps name="def"><temp name="T1894"/></temps><temps name="in"><temp name="T6"/><temp name="T1893"/><temp name="T275"/></temps><temps name="out"><temp name="T6"/><temp name="T1893"/><temp name="T275"/></temps></instruction><instruction code="INCMH T1894, 0"><temps name="use"/><temps name="def"><temp name="T1894"/></temps><temps name="in"><temp name="T6"/><temp name="T1893"/><temp name="T275"/></temps><temps name="out"><temp name="T6"/><temp name="T1893"/><temp name="T275"/></temps></instruction><instruction code="INCH  T1894, 0"><temps name="use"/><temps name="def"><temp name="T1894"/></temps><temps name="in"><temp name="T6"/><temp name="T1893"/><temp name="T275"/></temps><temps name="out"><temp name="T6"/><temp name="T1893"/><temp name="T1894"/><temp name="T275"/></temps></instruction><instruction code="SETL  T1895, 8"><temps name="use"/><temps name="def"><temp name="T1895"/></temps><temps name="in"><temp name="T6"/><temp name="T1893"/><temp name="T1894"/><temp name="T275"/></temps><temps name="out"><temp name="T6"/><temp name="T1893"/><temp name="T1894"/><temp name="T275"/></temps></instruction><instruction code="INCML T1895, 0"><temps name="use"/><temps name="def"><temp name="T1895"/></temps><temps name="in"><temp name="T6"/><temp name="T1893"/><temp name="T1894"/><temp name="T275"/></temps><temps name="out"><temp name="T6"/><temp name="T1893"/><temp name="T1894"/><temp name="T275"/></temps></instruction><instruction code="INCMH T1895, 0"><temps name="use"/><temps name="def"><temp name="T1895"/></temps><temps name="in"><temp name="T6"/><temp name="T1893"/><temp name="T1894"/><temp name="T275"/></temps><temps name="out"><temp name="T6"/><temp name="T1893"/><temp name="T1894"/><temp name="T275"/></temps></instruction><instruction code="INCH  T1895, 0"><temps name="use"/><temps name="def"><temp name="T1895"/></temps><temps name="in"><temp name="T6"/><temp name="T1893"/><temp name="T1894"/><temp name="T275"/></temps><temps name="out"><temp name="T6"/><temp name="T1893"/><temp name="T1894"/><temp name="T1895"/><temp name="T275"/></temps></instruction><instruction code="MUL T1896, T1894, T1895"><temps name="use"><temp name="T1894"/><temp name="T1895"/></temps><temps name="def"><temp name="T1896"/></temps><temps name="in"><temp name="T6"/><temp name="T1893"/><temp name="T1894"/><temp name="T1895"/><temp name="T275"/></temps><temps name="out"><temp name="T6"/><temp name="T1893"/><temp name="T1896"/><temp name="T275"/></temps></instruction><instruction code="ADD T1897, T1893, T1896"><temps name="use"><temp name="T1893"/><temp name="T1896"/></temps><temps name="def"><temp name="T1897"/></temps><temps name="in"><temp name="T6"/><temp name="T1893"/><temp name="T1896"/><temp name="T275"/></temps><temps name="out"><temp name="T6"/><temp name="T1897"/><temp name="T275"/></temps></instruction><instruction code="STO T1897, T275, 0"><temps name="use"><temp name="T1897"/><temp name="T275"/></temps><temps name="def"/><temps name="in"><temp name="T6"/><temp name="T1897"/><temp name="T275"/></temps><temps name="out"><temp name="T6"/></temps></instruction><instruction code="SETL  T1899, 0"><temps name="use"/><temps name="def"><temp name="T1899"/></temps><temps name="in"><temp name="T6"/></temps><temps name="out"><temp name="T6"/></temps></instruction><instruction code="INCML T1899, 0"><temps name="use"/><temps name="def"><temp name="T1899"/></temps><temps name="in"><temp name="T6"/></temps><temps name="out"><temp name="T6"/></temps></instruction><instruction code="INCMH T1899, 0"><temps name="use"/><temps name="def"><temp name="T1899"/></temps><temps name="in"><temp name="T6"/></temps><temps name="out"><temp name="T6"/></temps></instruction><instruction code="INCH  T1899, 0"><temps name="use"/><temps name="def"><temp name="T1899"/></temps><temps name="in"><temp name="T6"/></temps><temps name="out"><temp name="T6"/><temp name="T1899"/></temps></instruction><instruction code="OR T276, T1899, 0"><temps name="use"><temp name="T1899"/></temps><temps name="def"><temp name="T276"/></temps><temps name="in"><temp name="T6"/><temp name="T1899"/></temps><temps name="out"><temp name="T6"/><temp name="T276"/></temps></instruction><instruction code="SETL  T1900, 664"><temps name="use"/><temps name="def"><temp name="T1900"/></temps><temps name="in"><temp name="T6"/><temp name="T276"/></temps><temps name="out"><temp name="T6"/><temp name="T276"/></temps></instruction><instruction code="INCML T1900, 0"><temps name="use"/><temps name="def"><temp name="T1900"/></temps><temps name="in"><temp name="T6"/><temp name="T276"/></temps><temps name="out"><temp name="T6"/><temp name="T276"/></temps></instruction><instruction code="INCMH T1900, 0"><temps name="use"/><temps name="def"><temp name="T1900"/></temps><temps name="in"><temp name="T6"/><temp name="T276"/></temps><temps name="out"><temp name="T6"/><temp name="T276"/></temps></instruction><instruction code="INCH  T1900, 0"><temps name="use"/><temps name="def"><temp name="T1900"/></temps><temps name="in"><temp name="T6"/><temp name="T276"/></temps><temps name="out"><temp name="T1900"/><temp name="T6"/><temp name="T276"/></temps></instruction><instruction code="NEG T1900, 0, T1900"><temps name="use"><temp name="T1900"/></temps><temps name="def"><temp name="T1900"/></temps><temps name="in"><temp name="T1900"/><temp name="T6"/><temp name="T276"/></temps><temps name="out"><temp name="T1900"/><temp name="T6"/><temp name="T276"/></temps></instruction><instruction code="ADD T1901, T6, T1900"><temps name="use"><temp name="T6"/><temp name="T1900"/></temps><temps name="def"><temp name="T1901"/></temps><temps name="in"><temp name="T1900"/><temp name="T6"/><temp name="T276"/></temps><temps name="out"><temp name="T6"/><temp name="T276"/><temp name="T1901"/></temps></instruction><instruction code="SETL  T1902, 6"><temps name="use"/><temps name="def"><temp name="T1902"/></temps><temps name="in"><temp name="T6"/><temp name="T276"/><temp name="T1901"/></temps><temps name="out"><temp name="T6"/><temp name="T276"/><temp name="T1901"/></temps></instruction><instruction code="INCML T1902, 0"><temps name="use"/><temps name="def"><temp name="T1902"/></temps><temps name="in"><temp name="T6"/><temp name="T276"/><temp name="T1901"/></temps><temps name="out"><temp name="T6"/><temp name="T276"/><temp name="T1901"/></temps></instruction><instruction code="INCMH T1902, 0"><temps name="use"/><temps name="def"><temp name="T1902"/></temps><temps name="in"><temp name="T6"/><temp name="T276"/><temp name="T1901"/></temps><temps name="out"><temp name="T6"/><temp name="T276"/><temp name="T1901"/></temps></instruction><instruction code="INCH  T1902, 0"><temps name="use"/><temps name="def"><temp name="T1902"/></temps><temps name="in"><temp name="T6"/><temp name="T276"/><temp name="T1901"/></temps><temps name="out"><temp name="T6"/><temp name="T276"/><temp name="T1902"/><temp name="T1901"/></temps></instruction><instruction code="SETL  T1903, 72"><temps name="use"/><temps name="def"><temp name="T1903"/></temps><temps name="in"><temp name="T6"/><temp name="T276"/><temp name="T1902"/><temp name="T1901"/></temps><temps name="out"><temp name="T6"/><temp name="T276"/><temp name="T1902"/><temp name="T1901"/></temps></instruction><instruction code="INCML T1903, 0"><temps name="use"/><temps name="def"><temp name="T1903"/></temps><temps name="in"><temp name="T6"/><temp name="T276"/><temp name="T1902"/><temp name="T1901"/></temps><temps name="out"><temp name="T6"/><temp name="T276"/><temp name="T1902"/><temp name="T1901"/></temps></instruction><instruction code="INCMH T1903, 0"><temps name="use"/><temps name="def"><temp name="T1903"/></temps><temps name="in"><temp name="T6"/><temp name="T276"/><temp name="T1902"/><temp name="T1901"/></temps><temps name="out"><temp name="T6"/><temp name="T276"/><temp name="T1902"/><temp name="T1901"/></temps></instruction><instruction code="INCH  T1903, 0"><temps name="use"/><temps name="def"><temp name="T1903"/></temps><temps name="in"><temp name="T6"/><temp name="T276"/><temp name="T1902"/><temp name="T1901"/></temps><temps name="out"><temp name="T1903"/><temp name="T6"/><temp name="T276"/><temp name="T1902"/><temp name="T1901"/></temps></instruction><instruction code="MUL T1904, T1902, T1903"><temps name="use"><temp name="T1902"/><temp name="T1903"/></temps><temps name="def"><temp name="T1904"/></temps><temps name="in"><temp name="T1903"/><temp name="T6"/><temp name="T276"/><temp name="T1902"/><temp name="T1901"/></temps><temps name="out"><temp name="T6"/><temp name="T276"/><temp name="T1901"/><temp name="T1904"/></temps></instruction><instruction code="ADD T1905, T1901, T1904"><temps name="use"><temp name="T1901"/><temp name="T1904"/></temps><temps name="def"><temp name="T1905"/></temps><temps name="in"><temp name="T6"/><temp name="T276"/><temp name="T1901"/><temp name="T1904"/></temps><temps name="out"><temp name="T1905"/><temp name="T6"/><temp name="T276"/></temps></instruction><instruction code="SETL  T1906, 0"><temps name="use"/><temps name="def"><temp name="T1906"/></temps><temps name="in"><temp name="T1905"/><temp name="T6"/><temp name="T276"/></temps><temps name="out"><temp name="T1905"/><temp name="T6"/><temp name="T276"/></temps></instruction><instruction code="INCML T1906, 0"><temps name="use"/><temps name="def"><temp name="T1906"/></temps><temps name="in"><temp name="T1905"/><temp name="T6"/><temp name="T276"/></temps><temps name="out"><temp name="T1905"/><temp name="T6"/><temp name="T276"/></temps></instruction><instruction code="INCMH T1906, 0"><temps name="use"/><temps name="def"><temp name="T1906"/></temps><temps name="in"><temp name="T1905"/><temp name="T6"/><temp name="T276"/></temps><temps name="out"><temp name="T1905"/><temp name="T6"/><temp name="T276"/></temps></instruction><instruction code="INCH  T1906, 0"><temps name="use"/><temps name="def"><temp name="T1906"/></temps><temps name="in"><temp name="T1905"/><temp name="T6"/><temp name="T276"/></temps><temps name="out"><temp name="T1905"/><temp name="T6"/><temp name="T276"/><temp name="T1906"/></temps></instruction><instruction code="SETL  T1907, 8"><temps name="use"/><temps name="def"><temp name="T1907"/></temps><temps name="in"><temp name="T1905"/><temp name="T6"/><temp name="T276"/><temp name="T1906"/></temps><temps name="out"><temp name="T1905"/><temp name="T6"/><temp name="T276"/><temp name="T1906"/></temps></instruction><instruction code="INCML T1907, 0"><temps name="use"/><temps name="def"><temp name="T1907"/></temps><temps name="in"><temp name="T1905"/><temp name="T6"/><temp name="T276"/><temp name="T1906"/></temps><temps name="out"><temp name="T1905"/><temp name="T6"/><temp name="T276"/><temp name="T1906"/></temps></instruction><instruction code="INCMH T1907, 0"><temps name="use"/><temps name="def"><temp name="T1907"/></temps><temps name="in"><temp name="T1905"/><temp name="T6"/><temp name="T276"/><temp name="T1906"/></temps><temps name="out"><temp name="T1905"/><temp name="T6"/><temp name="T276"/><temp name="T1906"/></temps></instruction><instruction code="INCH  T1907, 0"><temps name="use"/><temps name="def"><temp name="T1907"/></temps><temps name="in"><temp name="T1905"/><temp name="T6"/><temp name="T276"/><temp name="T1906"/></temps><temps name="out"><temp name="T1905"/><temp name="T6"/><temp name="T276"/><temp name="T1907"/><temp name="T1906"/></temps></instruction><instruction code="MUL T1908, T1906, T1907"><temps name="use"><temp name="T1906"/><temp name="T1907"/></temps><temps name="def"><temp name="T1908"/></temps><temps name="in"><temp name="T1905"/><temp name="T6"/><temp name="T276"/><temp name="T1907"/><temp name="T1906"/></temps><temps name="out"><temp name="T1905"/><temp name="T6"/><temp name="T276"/><temp name="T1908"/></temps></instruction><instruction code="ADD T1909, T1905, T1908"><temps name="use"><temp name="T1905"/><temp name="T1908"/></temps><temps name="def"><temp name="T1909"/></temps><temps name="in"><temp name="T1905"/><temp name="T6"/><temp name="T276"/><temp name="T1908"/></temps><temps name="out"><temp name="T6"/><temp name="T276"/><temp name="T1909"/></temps></instruction><instruction code="STO T1909, T276, 0"><temps name="use"><temp name="T1909"/><temp name="T276"/></temps><temps name="def"/><temps name="in"><temp name="T6"/><temp name="T276"/><temp name="T1909"/></temps><temps name="out"><temp name="T6"/></temps></instruction><instruction code="SETL  T1911, 0"><temps name="use"/><temps name="def"><temp name="T1911"/></temps><temps name="in"><temp name="T6"/></temps><temps name="out"><temp name="T6"/></temps></instruction><instruction code="INCML T1911, 0"><temps name="use"/><temps name="def"><temp name="T1911"/></temps><temps name="in"><temp name="T6"/></temps><temps name="out"><temp name="T6"/></temps></instruction><instruction code="INCMH T1911, 0"><temps name="use"/><temps name="def"><temp name="T1911"/></temps><temps name="in"><temp name="T6"/></temps><temps name="out"><temp name="T6"/></temps></instruction><instruction code="INCH  T1911, 0"><temps name="use"/><temps name="def"><temp name="T1911"/></temps><temps name="in"><temp name="T6"/></temps><temps name="out"><temp name="T6"/><temp name="T1911"/></temps></instruction><instruction code="OR T277, T1911, 0"><temps name="use"><temp name="T1911"/></temps><temps name="def"><temp name="T277"/></temps><temps name="in"><temp name="T6"/><temp name="T1911"/></temps><temps name="out"><temp name="T6"/><temp name="T277"/></temps></instruction><instruction code="SETL  T1912, 664"><temps name="use"/><temps name="def"><temp name="T1912"/></temps><temps name="in"><temp name="T6"/><temp name="T277"/></temps><temps name="out"><temp name="T6"/><temp name="T277"/></temps></instruction><instruction code="INCML T1912, 0"><temps name="use"/><temps name="def"><temp name="T1912"/></temps><temps name="in"><temp name="T6"/><temp name="T277"/></temps><temps name="out"><temp name="T6"/><temp name="T277"/></temps></instruction><instruction code="INCMH T1912, 0"><temps name="use"/><temps name="def"><temp name="T1912"/></temps><temps name="in"><temp name="T6"/><temp name="T277"/></temps><temps name="out"><temp name="T6"/><temp name="T277"/></temps></instruction><instruction code="INCH  T1912, 0"><temps name="use"/><temps name="def"><temp name="T1912"/></temps><temps name="in"><temp name="T6"/><temp name="T277"/></temps><temps name="out"><temp name="T6"/><temp name="T277"/><temp name="T1912"/></temps></instruction><instruction code="NEG T1912, 0, T1912"><temps name="use"><temp name="T1912"/></temps><temps name="def"><temp name="T1912"/></temps><temps name="in"><temp name="T6"/><temp name="T277"/><temp name="T1912"/></temps><temps name="out"><temp name="T6"/><temp name="T277"/><temp name="T1912"/></temps></instruction><instruction code="ADD T1913, T6, T1912"><temps name="use"><temp name="T6"/><temp name="T1912"/></temps><temps name="def"><temp name="T1913"/></temps><temps name="in"><temp name="T6"/><temp name="T277"/><temp name="T1912"/></temps><temps name="out"><temp name="T6"/><temp name="T277"/><temp name="T1913"/></temps></instruction><instruction code="SETL  T1914, 6"><temps name="use"/><temps name="def"><temp name="T1914"/></temps><temps name="in"><temp name="T6"/><temp name="T277"/><temp name="T1913"/></temps><temps name="out"><temp name="T6"/><temp name="T277"/><temp name="T1913"/></temps></instruction><instruction code="INCML T1914, 0"><temps name="use"/><temps name="def"><temp name="T1914"/></temps><temps name="in"><temp name="T6"/><temp name="T277"/><temp name="T1913"/></temps><temps name="out"><temp name="T6"/><temp name="T277"/><temp name="T1913"/></temps></instruction><instruction code="INCMH T1914, 0"><temps name="use"/><temps name="def"><temp name="T1914"/></temps><temps name="in"><temp name="T6"/><temp name="T277"/><temp name="T1913"/></temps><temps name="out"><temp name="T6"/><temp name="T277"/><temp name="T1913"/></temps></instruction><instruction code="INCH  T1914, 0"><temps name="use"/><temps name="def"><temp name="T1914"/></temps><temps name="in"><temp name="T6"/><temp name="T277"/><temp name="T1913"/></temps><temps name="out"><temp name="T6"/><temp name="T277"/><temp name="T1913"/><temp name="T1914"/></temps></instruction><instruction code="SETL  T1915, 72"><temps name="use"/><temps name="def"><temp name="T1915"/></temps><temps name="in"><temp name="T6"/><temp name="T277"/><temp name="T1913"/><temp name="T1914"/></temps><temps name="out"><temp name="T6"/><temp name="T277"/><temp name="T1913"/><temp name="T1914"/></temps></instruction><instruction code="INCML T1915, 0"><temps name="use"/><temps name="def"><temp name="T1915"/></temps><temps name="in"><temp name="T6"/><temp name="T277"/><temp name="T1913"/><temp name="T1914"/></temps><temps name="out"><temp name="T6"/><temp name="T277"/><temp name="T1913"/><temp name="T1914"/></temps></instruction><instruction code="INCMH T1915, 0"><temps name="use"/><temps name="def"><temp name="T1915"/></temps><temps name="in"><temp name="T6"/><temp name="T277"/><temp name="T1913"/><temp name="T1914"/></temps><temps name="out"><temp name="T6"/><temp name="T277"/><temp name="T1913"/><temp name="T1914"/></temps></instruction><instruction code="INCH  T1915, 0"><temps name="use"/><temps name="def"><temp name="T1915"/></temps><temps name="in"><temp name="T6"/><temp name="T277"/><temp name="T1913"/><temp name="T1914"/></temps><temps name="out"><temp name="T6"/><temp name="T277"/><temp name="T1915"/><temp name="T1913"/><temp name="T1914"/></temps></instruction><instruction code="MUL T1916, T1914, T1915"><temps name="use"><temp name="T1914"/><temp name="T1915"/></temps><temps name="def"><temp name="T1916"/></temps><temps name="in"><temp name="T6"/><temp name="T277"/><temp name="T1915"/><temp name="T1913"/><temp name="T1914"/></temps><temps name="out"><temp name="T6"/><temp name="T1916"/><temp name="T277"/><temp name="T1913"/></temps></instruction><instruction code="ADD T1917, T1913, T1916"><temps name="use"><temp name="T1913"/><temp name="T1916"/></temps><temps name="def"><temp name="T1917"/></temps><temps name="in"><temp name="T6"/><temp name="T1916"/><temp name="T277"/><temp name="T1913"/></temps><temps name="out"><temp name="T6"/><temp name="T277"/><temp name="T1917"/></temps></instruction><instruction code="SETL  T1918, 1"><temps name="use"/><temps name="def"><temp name="T1918"/></temps><temps name="in"><temp name="T6"/><temp name="T277"/><temp name="T1917"/></temps><temps name="out"><temp name="T6"/><temp name="T277"/><temp name="T1917"/></temps></instruction><instruction code="INCML T1918, 0"><temps name="use"/><temps name="def"><temp name="T1918"/></temps><temps name="in"><temp name="T6"/><temp name="T277"/><temp name="T1917"/></temps><temps name="out"><temp name="T6"/><temp name="T277"/><temp name="T1917"/></temps></instruction><instruction code="INCMH T1918, 0"><temps name="use"/><temps name="def"><temp name="T1918"/></temps><temps name="in"><temp name="T6"/><temp name="T277"/><temp name="T1917"/></temps><temps name="out"><temp name="T6"/><temp name="T277"/><temp name="T1917"/></temps></instruction><instruction code="INCH  T1918, 0"><temps name="use"/><temps name="def"><temp name="T1918"/></temps><temps name="in"><temp name="T6"/><temp name="T277"/><temp name="T1917"/></temps><temps name="out"><temp name="T6"/><temp name="T277"/><temp name="T1918"/><temp name="T1917"/></temps></instruction><instruction code="SETL  T1919, 8"><temps name="use"/><temps name="def"><temp name="T1919"/></temps><temps name="in"><temp name="T6"/><temp name="T277"/><temp name="T1918"/><temp name="T1917"/></temps><temps name="out"><temp name="T6"/><temp name="T277"/><temp name="T1918"/><temp name="T1917"/></temps></instruction><instruction code="INCML T1919, 0"><temps name="use"/><temps name="def"><temp name="T1919"/></temps><temps name="in"><temp name="T6"/><temp name="T277"/><temp name="T1918"/><temp name="T1917"/></temps><temps name="out"><temp name="T6"/><temp name="T277"/><temp name="T1918"/><temp name="T1917"/></temps></instruction><instruction code="INCMH T1919, 0"><temps name="use"/><temps name="def"><temp name="T1919"/></temps><temps name="in"><temp name="T6"/><temp name="T277"/><temp name="T1918"/><temp name="T1917"/></temps><temps name="out"><temp name="T6"/><temp name="T277"/><temp name="T1918"/><temp name="T1917"/></temps></instruction><instruction code="INCH  T1919, 0"><temps name="use"/><temps name="def"><temp name="T1919"/></temps><temps name="in"><temp name="T6"/><temp name="T277"/><temp name="T1918"/><temp name="T1917"/></temps><temps name="out"><temp name="T6"/><temp name="T277"/><temp name="T1918"/><temp name="T1917"/><temp name="T1919"/></temps></instruction><instruction code="MUL T1920, T1918, T1919"><temps name="use"><temp name="T1918"/><temp name="T1919"/></temps><temps name="def"><temp name="T1920"/></temps><temps name="in"><temp name="T6"/><temp name="T277"/><temp name="T1918"/><temp name="T1917"/><temp name="T1919"/></temps><temps name="out"><temp name="T6"/><temp name="T277"/><temp name="T1917"/><temp name="T1920"/></temps></instruction><instruction code="ADD T1921, T1917, T1920"><temps name="use"><temp name="T1917"/><temp name="T1920"/></temps><temps name="def"><temp name="T1921"/></temps><temps name="in"><temp name="T6"/><temp name="T277"/><temp name="T1917"/><temp name="T1920"/></temps><temps name="out"><temp name="T6"/><temp name="T277"/><temp name="T1921"/></temps></instruction><instruction code="STO T1921, T277, 0"><temps name="use"><temp name="T1921"/><temp name="T277"/></temps><temps name="def"/><temps name="in"><temp name="T6"/><temp name="T277"/><temp name="T1921"/></temps><temps name="out"><temp name="T6"/></temps></instruction><instruction code="SETL  T1923, 0"><temps name="use"/><temps name="def"><temp name="T1923"/></temps><temps name="in"><temp name="T6"/></temps><temps name="out"><temp name="T6"/></temps></instruction><instruction code="INCML T1923, 0"><temps name="use"/><temps name="def"><temp name="T1923"/></temps><temps name="in"><temp name="T6"/></temps><temps name="out"><temp name="T6"/></temps></instruction><instruction code="INCMH T1923, 0"><temps name="use"/><temps name="def"><temp name="T1923"/></temps><temps name="in"><temp name="T6"/></temps><temps name="out"><temp name="T6"/></temps></instruction><instruction code="INCH  T1923, 0"><temps name="use"/><temps name="def"><temp name="T1923"/></temps><temps name="in"><temp name="T6"/></temps><temps name="out"><temp name="T6"/><temp name="T1923"/></temps></instruction><instruction code="OR T278, T1923, 0"><temps name="use"><temp name="T1923"/></temps><temps name="def"><temp name="T278"/></temps><temps name="in"><temp name="T6"/><temp name="T1923"/></temps><temps name="out"><temp name="T6"/><temp name="T278"/></temps></instruction><instruction code="SETL  T1924, 664"><temps name="use"/><temps name="def"><temp name="T1924"/></temps><temps name="in"><temp name="T6"/><temp name="T278"/></temps><temps name="out"><temp name="T6"/><temp name="T278"/></temps></instruction><instruction code="INCML T1924, 0"><temps name="use"/><temps name="def"><temp name="T1924"/></temps><temps name="in"><temp name="T6"/><temp name="T278"/></temps><temps name="out"><temp name="T6"/><temp name="T278"/></temps></instruction><instruction code="INCMH T1924, 0"><temps name="use"/><temps name="def"><temp name="T1924"/></temps><temps name="in"><temp name="T6"/><temp name="T278"/></temps><temps name="out"><temp name="T6"/><temp name="T278"/></temps></instruction><instruction code="INCH  T1924, 0"><temps name="use"/><temps name="def"><temp name="T1924"/></temps><temps name="in"><temp name="T6"/><temp name="T278"/></temps><temps name="out"><temp name="T6"/><temp name="T1924"/><temp name="T278"/></temps></instruction><instruction code="NEG T1924, 0, T1924"><temps name="use"><temp name="T1924"/></temps><temps name="def"><temp name="T1924"/></temps><temps name="in"><temp name="T6"/><temp name="T1924"/><temp name="T278"/></temps><temps name="out"><temp name="T6"/><temp name="T1924"/><temp name="T278"/></temps></instruction><instruction code="ADD T1925, T6, T1924"><temps name="use"><temp name="T6"/><temp name="T1924"/></temps><temps name="def"><temp name="T1925"/></temps><temps name="in"><temp name="T6"/><temp name="T1924"/><temp name="T278"/></temps><temps name="out"><temp name="T6"/><temp name="T1925"/><temp name="T278"/></temps></instruction><instruction code="SETL  T1926, 6"><temps name="use"/><temps name="def"><temp name="T1926"/></temps><temps name="in"><temp name="T6"/><temp name="T1925"/><temp name="T278"/></temps><temps name="out"><temp name="T6"/><temp name="T1925"/><temp name="T278"/></temps></instruction><instruction code="INCML T1926, 0"><temps name="use"/><temps name="def"><temp name="T1926"/></temps><temps name="in"><temp name="T6"/><temp name="T1925"/><temp name="T278"/></temps><temps name="out"><temp name="T6"/><temp name="T1925"/><temp name="T278"/></temps></instruction><instruction code="INCMH T1926, 0"><temps name="use"/><temps name="def"><temp name="T1926"/></temps><temps name="in"><temp name="T6"/><temp name="T1925"/><temp name="T278"/></temps><temps name="out"><temp name="T6"/><temp name="T1925"/><temp name="T278"/></temps></instruction><instruction code="INCH  T1926, 0"><temps name="use"/><temps name="def"><temp name="T1926"/></temps><temps name="in"><temp name="T6"/><temp name="T1925"/><temp name="T278"/></temps><temps name="out"><temp name="T6"/><temp name="T1925"/><temp name="T1926"/><temp name="T278"/></temps></instruction><instruction code="SETL  T1927, 72"><temps name="use"/><temps name="def"><temp name="T1927"/></temps><temps name="in"><temp name="T6"/><temp name="T1925"/><temp name="T1926"/><temp name="T278"/></temps><temps name="out"><temp name="T6"/><temp name="T1925"/><temp name="T1926"/><temp name="T278"/></temps></instruction><instruction code="INCML T1927, 0"><temps name="use"/><temps name="def"><temp name="T1927"/></temps><temps name="in"><temp name="T6"/><temp name="T1925"/><temp name="T1926"/><temp name="T278"/></temps><temps name="out"><temp name="T6"/><temp name="T1925"/><temp name="T1926"/><temp name="T278"/></temps></instruction><instruction code="INCMH T1927, 0"><temps name="use"/><temps name="def"><temp name="T1927"/></temps><temps name="in"><temp name="T6"/><temp name="T1925"/><temp name="T1926"/><temp name="T278"/></temps><temps name="out"><temp name="T6"/><temp name="T1925"/><temp name="T1926"/><temp name="T278"/></temps></instruction><instruction code="INCH  T1927, 0"><temps name="use"/><temps name="def"><temp name="T1927"/></temps><temps name="in"><temp name="T6"/><temp name="T1925"/><temp name="T1926"/><temp name="T278"/></temps><temps name="out"><temp name="T6"/><temp name="T1925"/><temp name="T1926"/><temp name="T1927"/><temp name="T278"/></temps></instruction><instruction code="MUL T1928, T1926, T1927"><temps name="use"><temp name="T1926"/><temp name="T1927"/></temps><temps name="def"><temp name="T1928"/></temps><temps name="in"><temp name="T6"/><temp name="T1925"/><temp name="T1926"/><temp name="T1927"/><temp name="T278"/></temps><temps name="out"><temp name="T6"/><temp name="T1925"/><temp name="T1928"/><temp name="T278"/></temps></instruction><instruction code="ADD T1929, T1925, T1928"><temps name="use"><temp name="T1925"/><temp name="T1928"/></temps><temps name="def"><temp name="T1929"/></temps><temps name="in"><temp name="T6"/><temp name="T1925"/><temp name="T1928"/><temp name="T278"/></temps><temps name="out"><temp name="T6"/><temp name="T1929"/><temp name="T278"/></temps></instruction><instruction code="SETL  T1930, 2"><temps name="use"/><temps name="def"><temp name="T1930"/></temps><temps name="in"><temp name="T6"/><temp name="T1929"/><temp name="T278"/></temps><temps name="out"><temp name="T6"/><temp name="T1929"/><temp name="T278"/></temps></instruction><instruction code="INCML T1930, 0"><temps name="use"/><temps name="def"><temp name="T1930"/></temps><temps name="in"><temp name="T6"/><temp name="T1929"/><temp name="T278"/></temps><temps name="out"><temp name="T6"/><temp name="T1929"/><temp name="T278"/></temps></instruction><instruction code="INCMH T1930, 0"><temps name="use"/><temps name="def"><temp name="T1930"/></temps><temps name="in"><temp name="T6"/><temp name="T1929"/><temp name="T278"/></temps><temps name="out"><temp name="T6"/><temp name="T1929"/><temp name="T278"/></temps></instruction><instruction code="INCH  T1930, 0"><temps name="use"/><temps name="def"><temp name="T1930"/></temps><temps name="in"><temp name="T6"/><temp name="T1929"/><temp name="T278"/></temps><temps name="out"><temp name="T6"/><temp name="T1929"/><temp name="T1930"/><temp name="T278"/></temps></instruction><instruction code="SETL  T1931, 8"><temps name="use"/><temps name="def"><temp name="T1931"/></temps><temps name="in"><temp name="T6"/><temp name="T1929"/><temp name="T1930"/><temp name="T278"/></temps><temps name="out"><temp name="T6"/><temp name="T1929"/><temp name="T1930"/><temp name="T278"/></temps></instruction><instruction code="INCML T1931, 0"><temps name="use"/><temps name="def"><temp name="T1931"/></temps><temps name="in"><temp name="T6"/><temp name="T1929"/><temp name="T1930"/><temp name="T278"/></temps><temps name="out"><temp name="T6"/><temp name="T1929"/><temp name="T1930"/><temp name="T278"/></temps></instruction><instruction code="INCMH T1931, 0"><temps name="use"/><temps name="def"><temp name="T1931"/></temps><temps name="in"><temp name="T6"/><temp name="T1929"/><temp name="T1930"/><temp name="T278"/></temps><temps name="out"><temp name="T6"/><temp name="T1929"/><temp name="T1930"/><temp name="T278"/></temps></instruction><instruction code="INCH  T1931, 0"><temps name="use"/><temps name="def"><temp name="T1931"/></temps><temps name="in"><temp name="T6"/><temp name="T1929"/><temp name="T1930"/><temp name="T278"/></temps><temps name="out"><temp name="T6"/><temp name="T1931"/><temp name="T1929"/><temp name="T1930"/><temp name="T278"/></temps></instruction><instruction code="MUL T1932, T1930, T1931"><temps name="use"><temp name="T1930"/><temp name="T1931"/></temps><temps name="def"><temp name="T1932"/></temps><temps name="in"><temp name="T6"/><temp name="T1931"/><temp name="T1929"/><temp name="T1930"/><temp name="T278"/></temps><temps name="out"><temp name="T6"/><temp name="T1932"/><temp name="T1929"/><temp name="T278"/></temps></instruction><instruction code="ADD T1933, T1929, T1932"><temps name="use"><temp name="T1929"/><temp name="T1932"/></temps><temps name="def"><temp name="T1933"/></temps><temps name="in"><temp name="T6"/><temp name="T1932"/><temp name="T1929"/><temp name="T278"/></temps><temps name="out"><temp name="T1933"/><temp name="T6"/><temp name="T278"/></temps></instruction><instruction code="STO T1933, T278, 0"><temps name="use"><temp name="T1933"/><temp name="T278"/></temps><temps name="def"/><temps name="in"><temp name="T1933"/><temp name="T6"/><temp name="T278"/></temps><temps name="out"><temp name="T6"/></temps></instruction><instruction code="SETL  T1935, 0"><temps name="use"/><temps name="def"><temp name="T1935"/></temps><temps name="in"><temp name="T6"/></temps><temps name="out"><temp name="T6"/></temps></instruction><instruction code="INCML T1935, 0"><temps name="use"/><temps name="def"><temp name="T1935"/></temps><temps name="in"><temp name="T6"/></temps><temps name="out"><temp name="T6"/></temps></instruction><instruction code="INCMH T1935, 0"><temps name="use"/><temps name="def"><temp name="T1935"/></temps><temps name="in"><temp name="T6"/></temps><temps name="out"><temp name="T6"/></temps></instruction><instruction code="INCH  T1935, 0"><temps name="use"/><temps name="def"><temp name="T1935"/></temps><temps name="in"><temp name="T6"/></temps><temps name="out"><temp name="T6"/><temp name="T1935"/></temps></instruction><instruction code="OR T279, T1935, 0"><temps name="use"><temp name="T1935"/></temps><temps name="def"><temp name="T279"/></temps><temps name="in"><temp name="T6"/><temp name="T1935"/></temps><temps name="out"><temp name="T279"/><temp name="T6"/></temps></instruction><instruction code="SETL  T1936, 664"><temps name="use"/><temps name="def"><temp name="T1936"/></temps><temps name="in"><temp name="T279"/><temp name="T6"/></temps><temps name="out"><temp name="T279"/><temp name="T6"/></temps></instruction><instruction code="INCML T1936, 0"><temps name="use"/><temps name="def"><temp name="T1936"/></temps><temps name="in"><temp name="T279"/><temp name="T6"/></temps><temps name="out"><temp name="T279"/><temp name="T6"/></temps></instruction><instruction code="INCMH T1936, 0"><temps name="use"/><temps name="def"><temp name="T1936"/></temps><temps name="in"><temp name="T279"/><temp name="T6"/></temps><temps name="out"><temp name="T279"/><temp name="T6"/></temps></instruction><instruction code="INCH  T1936, 0"><temps name="use"/><temps name="def"><temp name="T1936"/></temps><temps name="in"><temp name="T279"/><temp name="T6"/></temps><temps name="out"><temp name="T279"/><temp name="T6"/><temp name="T1936"/></temps></instruction><instruction code="NEG T1936, 0, T1936"><temps name="use"><temp name="T1936"/></temps><temps name="def"><temp name="T1936"/></temps><temps name="in"><temp name="T279"/><temp name="T6"/><temp name="T1936"/></temps><temps name="out"><temp name="T279"/><temp name="T6"/><temp name="T1936"/></temps></instruction><instruction code="ADD T1937, T6, T1936"><temps name="use"><temp name="T6"/><temp name="T1936"/></temps><temps name="def"><temp name="T1937"/></temps><temps name="in"><temp name="T279"/><temp name="T6"/><temp name="T1936"/></temps><temps name="out"><temp name="T279"/><temp name="T6"/><temp name="T1937"/></temps></instruction><instruction code="SETL  T1938, 6"><temps name="use"/><temps name="def"><temp name="T1938"/></temps><temps name="in"><temp name="T279"/><temp name="T6"/><temp name="T1937"/></temps><temps name="out"><temp name="T279"/><temp name="T6"/><temp name="T1937"/></temps></instruction><instruction code="INCML T1938, 0"><temps name="use"/><temps name="def"><temp name="T1938"/></temps><temps name="in"><temp name="T279"/><temp name="T6"/><temp name="T1937"/></temps><temps name="out"><temp name="T279"/><temp name="T6"/><temp name="T1937"/></temps></instruction><instruction code="INCMH T1938, 0"><temps name="use"/><temps name="def"><temp name="T1938"/></temps><temps name="in"><temp name="T279"/><temp name="T6"/><temp name="T1937"/></temps><temps name="out"><temp name="T279"/><temp name="T6"/><temp name="T1937"/></temps></instruction><instruction code="INCH  T1938, 0"><temps name="use"/><temps name="def"><temp name="T1938"/></temps><temps name="in"><temp name="T279"/><temp name="T6"/><temp name="T1937"/></temps><temps name="out"><temp name="T279"/><temp name="T6"/><temp name="T1938"/><temp name="T1937"/></temps></instruction><instruction code="SETL  T1939, 72"><temps name="use"/><temps name="def"><temp name="T1939"/></temps><temps name="in"><temp name="T279"/><temp name="T6"/><temp name="T1938"/><temp name="T1937"/></temps><temps name="out"><temp name="T279"/><temp name="T6"/><temp name="T1938"/><temp name="T1937"/></temps></instruction><instruction code="INCML T1939, 0"><temps name="use"/><temps name="def"><temp name="T1939"/></temps><temps name="in"><temp name="T279"/><temp name="T6"/><temp name="T1938"/><temp name="T1937"/></temps><temps name="out"><temp name="T279"/><temp name="T6"/><temp name="T1938"/><temp name="T1937"/></temps></instruction><instruction code="INCMH T1939, 0"><temps name="use"/><temps name="def"><temp name="T1939"/></temps><temps name="in"><temp name="T279"/><temp name="T6"/><temp name="T1938"/><temp name="T1937"/></temps><temps name="out"><temp name="T279"/><temp name="T6"/><temp name="T1938"/><temp name="T1937"/></temps></instruction><instruction code="INCH  T1939, 0"><temps name="use"/><temps name="def"><temp name="T1939"/></temps><temps name="in"><temp name="T279"/><temp name="T6"/><temp name="T1938"/><temp name="T1937"/></temps><temps name="out"><temp name="T279"/><temp name="T6"/><temp name="T1938"/><temp name="T1937"/><temp name="T1939"/></temps></instruction><instruction code="MUL T1940, T1938, T1939"><temps name="use"><temp name="T1938"/><temp name="T1939"/></temps><temps name="def"><temp name="T1940"/></temps><temps name="in"><temp name="T279"/><temp name="T6"/><temp name="T1938"/><temp name="T1937"/><temp name="T1939"/></temps><temps name="out"><temp name="T279"/><temp name="T6"/><temp name="T1937"/><temp name="T1940"/></temps></instruction><instruction code="ADD T1941, T1937, T1940"><temps name="use"><temp name="T1937"/><temp name="T1940"/></temps><temps name="def"><temp name="T1941"/></temps><temps name="in"><temp name="T279"/><temp name="T6"/><temp name="T1937"/><temp name="T1940"/></temps><temps name="out"><temp name="T1941"/><temp name="T279"/><temp name="T6"/></temps></instruction><instruction code="SETL  T1942, 3"><temps name="use"/><temps name="def"><temp name="T1942"/></temps><temps name="in"><temp name="T1941"/><temp name="T279"/><temp name="T6"/></temps><temps name="out"><temp name="T1941"/><temp name="T279"/><temp name="T6"/></temps></instruction><instruction code="INCML T1942, 0"><temps name="use"/><temps name="def"><temp name="T1942"/></temps><temps name="in"><temp name="T1941"/><temp name="T279"/><temp name="T6"/></temps><temps name="out"><temp name="T1941"/><temp name="T279"/><temp name="T6"/></temps></instruction><instruction code="INCMH T1942, 0"><temps name="use"/><temps name="def"><temp name="T1942"/></temps><temps name="in"><temp name="T1941"/><temp name="T279"/><temp name="T6"/></temps><temps name="out"><temp name="T1941"/><temp name="T279"/><temp name="T6"/></temps></instruction><instruction code="INCH  T1942, 0"><temps name="use"/><temps name="def"><temp name="T1942"/></temps><temps name="in"><temp name="T1941"/><temp name="T279"/><temp name="T6"/></temps><temps name="out"><temp name="T1941"/><temp name="T279"/><temp name="T1942"/><temp name="T6"/></temps></instruction><instruction code="SETL  T1943, 8"><temps name="use"/><temps name="def"><temp name="T1943"/></temps><temps name="in"><temp name="T1941"/><temp name="T279"/><temp name="T1942"/><temp name="T6"/></temps><temps name="out"><temp name="T1941"/><temp name="T279"/><temp name="T1942"/><temp name="T6"/></temps></instruction><instruction code="INCML T1943, 0"><temps name="use"/><temps name="def"><temp name="T1943"/></temps><temps name="in"><temp name="T1941"/><temp name="T279"/><temp name="T1942"/><temp name="T6"/></temps><temps name="out"><temp name="T1941"/><temp name="T279"/><temp name="T1942"/><temp name="T6"/></temps></instruction><instruction code="INCMH T1943, 0"><temps name="use"/><temps name="def"><temp name="T1943"/></temps><temps name="in"><temp name="T1941"/><temp name="T279"/><temp name="T1942"/><temp name="T6"/></temps><temps name="out"><temp name="T1941"/><temp name="T279"/><temp name="T1942"/><temp name="T6"/></temps></instruction><instruction code="INCH  T1943, 0"><temps name="use"/><temps name="def"><temp name="T1943"/></temps><temps name="in"><temp name="T1941"/><temp name="T279"/><temp name="T1942"/><temp name="T6"/></temps><temps name="out"><temp name="T1941"/><temp name="T279"/><temp name="T1942"/><temp name="T6"/><temp name="T1943"/></temps></instruction><instruction code="MUL T1944, T1942, T1943"><temps name="use"><temp name="T1942"/><temp name="T1943"/></temps><temps name="def"><temp name="T1944"/></temps><temps name="in"><temp name="T1941"/><temp name="T279"/><temp name="T1942"/><temp name="T6"/><temp name="T1943"/></temps><temps name="out"><temp name="T1941"/><temp name="T279"/><temp name="T6"/><temp name="T1944"/></temps></instruction><instruction code="ADD T1945, T1941, T1944"><temps name="use"><temp name="T1941"/><temp name="T1944"/></temps><temps name="def"><temp name="T1945"/></temps><temps name="in"><temp name="T1941"/><temp name="T279"/><temp name="T6"/><temp name="T1944"/></temps><temps name="out"><temp name="T279"/><temp name="T6"/><temp name="T1945"/></temps></instruction><instruction code="STO T1945, T279, 0"><temps name="use"><temp name="T1945"/><temp name="T279"/></temps><temps name="def"/><temps name="in"><temp name="T279"/><temp name="T6"/><temp name="T1945"/></temps><temps name="out"><temp name="T6"/></temps></instruction><instruction code="SETL  T1947, 0"><temps name="use"/><temps name="def"><temp name="T1947"/></temps><temps name="in"><temp name="T6"/></temps><temps name="out"><temp name="T6"/></temps></instruction><instruction code="INCML T1947, 0"><temps name="use"/><temps name="def"><temp name="T1947"/></temps><temps name="in"><temp name="T6"/></temps><temps name="out"><temp name="T6"/></temps></instruction><instruction code="INCMH T1947, 0"><temps name="use"/><temps name="def"><temp name="T1947"/></temps><temps name="in"><temp name="T6"/></temps><temps name="out"><temp name="T6"/></temps></instruction><instruction code="INCH  T1947, 0"><temps name="use"/><temps name="def"><temp name="T1947"/></temps><temps name="in"><temp name="T6"/></temps><temps name="out"><temp name="T6"/><temp name="T1947"/></temps></instruction><instruction code="OR T280, T1947, 0"><temps name="use"><temp name="T1947"/></temps><temps name="def"><temp name="T280"/></temps><temps name="in"><temp name="T6"/><temp name="T1947"/></temps><temps name="out"><temp name="T280"/><temp name="T6"/></temps></instruction><instruction code="SETL  T1948, 664"><temps name="use"/><temps name="def"><temp name="T1948"/></temps><temps name="in"><temp name="T280"/><temp name="T6"/></temps><temps name="out"><temp name="T280"/><temp name="T6"/></temps></instruction><instruction code="INCML T1948, 0"><temps name="use"/><temps name="def"><temp name="T1948"/></temps><temps name="in"><temp name="T280"/><temp name="T6"/></temps><temps name="out"><temp name="T280"/><temp name="T6"/></temps></instruction><instruction code="INCMH T1948, 0"><temps name="use"/><temps name="def"><temp name="T1948"/></temps><temps name="in"><temp name="T280"/><temp name="T6"/></temps><temps name="out"><temp name="T280"/><temp name="T6"/></temps></instruction><instruction code="INCH  T1948, 0"><temps name="use"/><temps name="def"><temp name="T1948"/></temps><temps name="in"><temp name="T280"/><temp name="T6"/></temps><temps name="out"><temp name="T280"/><temp name="T6"/><temp name="T1948"/></temps></instruction><instruction code="NEG T1948, 0, T1948"><temps name="use"><temp name="T1948"/></temps><temps name="def"><temp name="T1948"/></temps><temps name="in"><temp name="T280"/><temp name="T6"/><temp name="T1948"/></temps><temps name="out"><temp name="T280"/><temp name="T6"/><temp name="T1948"/></temps></instruction><instruction code="ADD T1949, T6, T1948"><temps name="use"><temp name="T6"/><temp name="T1948"/></temps><temps name="def"><temp name="T1949"/></temps><temps name="in"><temp name="T280"/><temp name="T6"/><temp name="T1948"/></temps><temps name="out"><temp name="T1949"/><temp name="T280"/><temp name="T6"/></temps></instruction><instruction code="SETL  T1950, 6"><temps name="use"/><temps name="def"><temp name="T1950"/></temps><temps name="in"><temp name="T1949"/><temp name="T280"/><temp name="T6"/></temps><temps name="out"><temp name="T1949"/><temp name="T280"/><temp name="T6"/></temps></instruction><instruction code="INCML T1950, 0"><temps name="use"/><temps name="def"><temp name="T1950"/></temps><temps name="in"><temp name="T1949"/><temp name="T280"/><temp name="T6"/></temps><temps name="out"><temp name="T1949"/><temp name="T280"/><temp name="T6"/></temps></instruction><instruction code="INCMH T1950, 0"><temps name="use"/><temps name="def"><temp name="T1950"/></temps><temps name="in"><temp name="T1949"/><temp name="T280"/><temp name="T6"/></temps><temps name="out"><temp name="T1949"/><temp name="T280"/><temp name="T6"/></temps></instruction><instruction code="INCH  T1950, 0"><temps name="use"/><temps name="def"><temp name="T1950"/></temps><temps name="in"><temp name="T1949"/><temp name="T280"/><temp name="T6"/></temps><temps name="out"><temp name="T1949"/><temp name="T280"/><temp name="T6"/><temp name="T1950"/></temps></instruction><instruction code="SETL  T1951, 72"><temps name="use"/><temps name="def"><temp name="T1951"/></temps><temps name="in"><temp name="T1949"/><temp name="T280"/><temp name="T6"/><temp name="T1950"/></temps><temps name="out"><temp name="T1949"/><temp name="T280"/><temp name="T6"/><temp name="T1950"/></temps></instruction><instruction code="INCML T1951, 0"><temps name="use"/><temps name="def"><temp name="T1951"/></temps><temps name="in"><temp name="T1949"/><temp name="T280"/><temp name="T6"/><temp name="T1950"/></temps><temps name="out"><temp name="T1949"/><temp name="T280"/><temp name="T6"/><temp name="T1950"/></temps></instruction><instruction code="INCMH T1951, 0"><temps name="use"/><temps name="def"><temp name="T1951"/></temps><temps name="in"><temp name="T1949"/><temp name="T280"/><temp name="T6"/><temp name="T1950"/></temps><temps name="out"><temp name="T1949"/><temp name="T280"/><temp name="T6"/><temp name="T1950"/></temps></instruction><instruction code="INCH  T1951, 0"><temps name="use"/><temps name="def"><temp name="T1951"/></temps><temps name="in"><temp name="T1949"/><temp name="T280"/><temp name="T6"/><temp name="T1950"/></temps><temps name="out"><temp name="T1949"/><temp name="T280"/><temp name="T6"/><temp name="T1950"/><temp name="T1951"/></temps></instruction><instruction code="MUL T1952, T1950, T1951"><temps name="use"><temp name="T1950"/><temp name="T1951"/></temps><temps name="def"><temp name="T1952"/></temps><temps name="in"><temp name="T1949"/><temp name="T280"/><temp name="T6"/><temp name="T1950"/><temp name="T1951"/></temps><temps name="out"><temp name="T1949"/><temp name="T280"/><temp name="T6"/><temp name="T1952"/></temps></instruction><instruction code="ADD T1953, T1949, T1952"><temps name="use"><temp name="T1949"/><temp name="T1952"/></temps><temps name="def"><temp name="T1953"/></temps><temps name="in"><temp name="T1949"/><temp name="T280"/><temp name="T6"/><temp name="T1952"/></temps><temps name="out"><temp name="T280"/><temp name="T6"/><temp name="T1953"/></temps></instruction><instruction code="SETL  T1954, 4"><temps name="use"/><temps name="def"><temp name="T1954"/></temps><temps name="in"><temp name="T280"/><temp name="T6"/><temp name="T1953"/></temps><temps name="out"><temp name="T280"/><temp name="T6"/><temp name="T1953"/></temps></instruction><instruction code="INCML T1954, 0"><temps name="use"/><temps name="def"><temp name="T1954"/></temps><temps name="in"><temp name="T280"/><temp name="T6"/><temp name="T1953"/></temps><temps name="out"><temp name="T280"/><temp name="T6"/><temp name="T1953"/></temps></instruction><instruction code="INCMH T1954, 0"><temps name="use"/><temps name="def"><temp name="T1954"/></temps><temps name="in"><temp name="T280"/><temp name="T6"/><temp name="T1953"/></temps><temps name="out"><temp name="T280"/><temp name="T6"/><temp name="T1953"/></temps></instruction><instruction code="INCH  T1954, 0"><temps name="use"/><temps name="def"><temp name="T1954"/></temps><temps name="in"><temp name="T280"/><temp name="T6"/><temp name="T1953"/></temps><temps name="out"><temp name="T280"/><temp name="T6"/><temp name="T1954"/><temp name="T1953"/></temps></instruction><instruction code="SETL  T1955, 8"><temps name="use"/><temps name="def"><temp name="T1955"/></temps><temps name="in"><temp name="T280"/><temp name="T6"/><temp name="T1954"/><temp name="T1953"/></temps><temps name="out"><temp name="T280"/><temp name="T6"/><temp name="T1954"/><temp name="T1953"/></temps></instruction><instruction code="INCML T1955, 0"><temps name="use"/><temps name="def"><temp name="T1955"/></temps><temps name="in"><temp name="T280"/><temp name="T6"/><temp name="T1954"/><temp name="T1953"/></temps><temps name="out"><temp name="T280"/><temp name="T6"/><temp name="T1954"/><temp name="T1953"/></temps></instruction><instruction code="INCMH T1955, 0"><temps name="use"/><temps name="def"><temp name="T1955"/></temps><temps name="in"><temp name="T280"/><temp name="T6"/><temp name="T1954"/><temp name="T1953"/></temps><temps name="out"><temp name="T280"/><temp name="T6"/><temp name="T1954"/><temp name="T1953"/></temps></instruction><instruction code="INCH  T1955, 0"><temps name="use"/><temps name="def"><temp name="T1955"/></temps><temps name="in"><temp name="T280"/><temp name="T6"/><temp name="T1954"/><temp name="T1953"/></temps><temps name="out"><temp name="T1955"/><temp name="T280"/><temp name="T6"/><temp name="T1954"/><temp name="T1953"/></temps></instruction><instruction code="MUL T1956, T1954, T1955"><temps name="use"><temp name="T1954"/><temp name="T1955"/></temps><temps name="def"><temp name="T1956"/></temps><temps name="in"><temp name="T1955"/><temp name="T280"/><temp name="T6"/><temp name="T1954"/><temp name="T1953"/></temps><temps name="out"><temp name="T280"/><temp name="T6"/><temp name="T1956"/><temp name="T1953"/></temps></instruction><instruction code="ADD T1957, T1953, T1956"><temps name="use"><temp name="T1953"/><temp name="T1956"/></temps><temps name="def"><temp name="T1957"/></temps><temps name="in"><temp name="T280"/><temp name="T6"/><temp name="T1956"/><temp name="T1953"/></temps><temps name="out"><temp name="T280"/><temp name="T6"/><temp name="T1957"/></temps></instruction><instruction code="STO T1957, T280, 0"><temps name="use"><temp name="T1957"/><temp name="T280"/></temps><temps name="def"/><temps name="in"><temp name="T280"/><temp name="T6"/><temp name="T1957"/></temps><temps name="out"><temp name="T6"/></temps></instruction><instruction code="SETL  T1959, 1"><temps name="use"/><temps name="def"><temp name="T1959"/></temps><temps name="in"><temp name="T6"/></temps><temps name="out"><temp name="T6"/></temps></instruction><instruction code="INCML T1959, 0"><temps name="use"/><temps name="def"><temp name="T1959"/></temps><temps name="in"><temp name="T6"/></temps><temps name="out"><temp name="T6"/></temps></instruction><instruction code="INCMH T1959, 0"><temps name="use"/><temps name="def"><temp name="T1959"/></temps><temps name="in"><temp name="T6"/></temps><temps name="out"><temp name="T6"/></temps></instruction><instruction code="INCH  T1959, 0"><temps name="use"/><temps name="def"><temp name="T1959"/></temps><temps name="in"><temp name="T6"/></temps><temps name="out"><temp name="T6"/><temp name="T1959"/></temps></instruction><instruction code="OR T281, T1959, 0"><temps name="use"><temp name="T1959"/></temps><temps name="def"><temp name="T281"/></temps><temps name="in"><temp name="T6"/><temp name="T1959"/></temps><temps name="out"><temp name="T6"/><temp name="T281"/></temps></instruction><instruction code="SETL  T1960, 664"><temps name="use"/><temps name="def"><temp name="T1960"/></temps><temps name="in"><temp name="T6"/><temp name="T281"/></temps><temps name="out"><temp name="T6"/><temp name="T281"/></temps></instruction><instruction code="INCML T1960, 0"><temps name="use"/><temps name="def"><temp name="T1960"/></temps><temps name="in"><temp name="T6"/><temp name="T281"/></temps><temps name="out"><temp name="T6"/><temp name="T281"/></temps></instruction><instruction code="INCMH T1960, 0"><temps name="use"/><temps name="def"><temp name="T1960"/></temps><temps name="in"><temp name="T6"/><temp name="T281"/></temps><temps name="out"><temp name="T6"/><temp name="T281"/></temps></instruction><instruction code="INCH  T1960, 0"><temps name="use"/><temps name="def"><temp name="T1960"/></temps><temps name="in"><temp name="T6"/><temp name="T281"/></temps><temps name="out"><temp name="T6"/><temp name="T1960"/><temp name="T281"/></temps></instruction><instruction code="NEG T1960, 0, T1960"><temps name="use"><temp name="T1960"/></temps><temps name="def"><temp name="T1960"/></temps><temps name="in"><temp name="T6"/><temp name="T1960"/><temp name="T281"/></temps><temps name="out"><temp name="T6"/><temp name="T1960"/><temp name="T281"/></temps></instruction><instruction code="ADD T1961, T6, T1960"><temps name="use"><temp name="T6"/><temp name="T1960"/></temps><temps name="def"><temp name="T1961"/></temps><temps name="in"><temp name="T6"/><temp name="T1960"/><temp name="T281"/></temps><temps name="out"><temp name="T6"/><temp name="T1961"/><temp name="T281"/></temps></instruction><instruction code="SETL  T1962, 6"><temps name="use"/><temps name="def"><temp name="T1962"/></temps><temps name="in"><temp name="T6"/><temp name="T1961"/><temp name="T281"/></temps><temps name="out"><temp name="T6"/><temp name="T1961"/><temp name="T281"/></temps></instruction><instruction code="INCML T1962, 0"><temps name="use"/><temps name="def"><temp name="T1962"/></temps><temps name="in"><temp name="T6"/><temp name="T1961"/><temp name="T281"/></temps><temps name="out"><temp name="T6"/><temp name="T1961"/><temp name="T281"/></temps></instruction><instruction code="INCMH T1962, 0"><temps name="use"/><temps name="def"><temp name="T1962"/></temps><temps name="in"><temp name="T6"/><temp name="T1961"/><temp name="T281"/></temps><temps name="out"><temp name="T6"/><temp name="T1961"/><temp name="T281"/></temps></instruction><instruction code="INCH  T1962, 0"><temps name="use"/><temps name="def"><temp name="T1962"/></temps><temps name="in"><temp name="T6"/><temp name="T1961"/><temp name="T281"/></temps><temps name="out"><temp name="T6"/><temp name="T1961"/><temp name="T281"/><temp name="T1962"/></temps></instruction><instruction code="SETL  T1963, 72"><temps name="use"/><temps name="def"><temp name="T1963"/></temps><temps name="in"><temp name="T6"/><temp name="T1961"/><temp name="T281"/><temp name="T1962"/></temps><temps name="out"><temp name="T6"/><temp name="T1961"/><temp name="T281"/><temp name="T1962"/></temps></instruction><instruction code="INCML T1963, 0"><temps name="use"/><temps name="def"><temp name="T1963"/></temps><temps name="in"><temp name="T6"/><temp name="T1961"/><temp name="T281"/><temp name="T1962"/></temps><temps name="out"><temp name="T6"/><temp name="T1961"/><temp name="T281"/><temp name="T1962"/></temps></instruction><instruction code="INCMH T1963, 0"><temps name="use"/><temps name="def"><temp name="T1963"/></temps><temps name="in"><temp name="T6"/><temp name="T1961"/><temp name="T281"/><temp name="T1962"/></temps><temps name="out"><temp name="T6"/><temp name="T1961"/><temp name="T281"/><temp name="T1962"/></temps></instruction><instruction code="INCH  T1963, 0"><temps name="use"/><temps name="def"><temp name="T1963"/></temps><temps name="in"><temp name="T6"/><temp name="T1961"/><temp name="T281"/><temp name="T1962"/></temps><temps name="out"><temp name="T6"/><temp name="T1961"/><temp name="T281"/><temp name="T1962"/><temp name="T1963"/></temps></instruction><instruction code="MUL T1964, T1962, T1963"><temps name="use"><temp name="T1962"/><temp name="T1963"/></temps><temps name="def"><temp name="T1964"/></temps><temps name="in"><temp name="T6"/><temp name="T1961"/><temp name="T281"/><temp name="T1962"/><temp name="T1963"/></temps><temps name="out"><temp name="T6"/><temp name="T1961"/><temp name="T1964"/><temp name="T281"/></temps></instruction><instruction code="ADD T1965, T1961, T1964"><temps name="use"><temp name="T1961"/><temp name="T1964"/></temps><temps name="def"><temp name="T1965"/></temps><temps name="in"><temp name="T6"/><temp name="T1961"/><temp name="T1964"/><temp name="T281"/></temps><temps name="out"><temp name="T6"/><temp name="T1965"/><temp name="T281"/></temps></instruction><instruction code="SETL  T1966, 5"><temps name="use"/><temps name="def"><temp name="T1966"/></temps><temps name="in"><temp name="T6"/><temp name="T1965"/><temp name="T281"/></temps><temps name="out"><temp name="T6"/><temp name="T1965"/><temp name="T281"/></temps></instruction><instruction code="INCML T1966, 0"><temps name="use"/><temps name="def"><temp name="T1966"/></temps><temps name="in"><temp name="T6"/><temp name="T1965"/><temp name="T281"/></temps><temps name="out"><temp name="T6"/><temp name="T1965"/><temp name="T281"/></temps></instruction><instruction code="INCMH T1966, 0"><temps name="use"/><temps name="def"><temp name="T1966"/></temps><temps name="in"><temp name="T6"/><temp name="T1965"/><temp name="T281"/></temps><temps name="out"><temp name="T6"/><temp name="T1965"/><temp name="T281"/></temps></instruction><instruction code="INCH  T1966, 0"><temps name="use"/><temps name="def"><temp name="T1966"/></temps><temps name="in"><temp name="T6"/><temp name="T1965"/><temp name="T281"/></temps><temps name="out"><temp name="T6"/><temp name="T1965"/><temp name="T281"/><temp name="T1966"/></temps></instruction><instruction code="SETL  T1967, 8"><temps name="use"/><temps name="def"><temp name="T1967"/></temps><temps name="in"><temp name="T6"/><temp name="T1965"/><temp name="T281"/><temp name="T1966"/></temps><temps name="out"><temp name="T6"/><temp name="T1965"/><temp name="T281"/><temp name="T1966"/></temps></instruction><instruction code="INCML T1967, 0"><temps name="use"/><temps name="def"><temp name="T1967"/></temps><temps name="in"><temp name="T6"/><temp name="T1965"/><temp name="T281"/><temp name="T1966"/></temps><temps name="out"><temp name="T6"/><temp name="T1965"/><temp name="T281"/><temp name="T1966"/></temps></instruction><instruction code="INCMH T1967, 0"><temps name="use"/><temps name="def"><temp name="T1967"/></temps><temps name="in"><temp name="T6"/><temp name="T1965"/><temp name="T281"/><temp name="T1966"/></temps><temps name="out"><temp name="T6"/><temp name="T1965"/><temp name="T281"/><temp name="T1966"/></temps></instruction><instruction code="INCH  T1967, 0"><temps name="use"/><temps name="def"><temp name="T1967"/></temps><temps name="in"><temp name="T6"/><temp name="T1965"/><temp name="T281"/><temp name="T1966"/></temps><temps name="out"><temp name="T6"/><temp name="T1965"/><temp name="T281"/><temp name="T1967"/><temp name="T1966"/></temps></instruction><instruction code="MUL T1968, T1966, T1967"><temps name="use"><temp name="T1966"/><temp name="T1967"/></temps><temps name="def"><temp name="T1968"/></temps><temps name="in"><temp name="T6"/><temp name="T1965"/><temp name="T281"/><temp name="T1967"/><temp name="T1966"/></temps><temps name="out"><temp name="T6"/><temp name="T1965"/><temp name="T281"/><temp name="T1968"/></temps></instruction><instruction code="ADD T1969, T1965, T1968"><temps name="use"><temp name="T1965"/><temp name="T1968"/></temps><temps name="def"><temp name="T1969"/></temps><temps name="in"><temp name="T6"/><temp name="T1965"/><temp name="T281"/><temp name="T1968"/></temps><temps name="out"><temp name="T6"/><temp name="T281"/><temp name="T1969"/></temps></instruction><instruction code="STO T1969, T281, 0"><temps name="use"><temp name="T1969"/><temp name="T281"/></temps><temps name="def"/><temps name="in"><temp name="T6"/><temp name="T281"/><temp name="T1969"/></temps><temps name="out"><temp name="T6"/></temps></instruction><instruction code="SETL  T1971, 0"><temps name="use"/><temps name="def"><temp name="T1971"/></temps><temps name="in"><temp name="T6"/></temps><temps name="out"><temp name="T6"/></temps></instruction><instruction code="INCML T1971, 0"><temps name="use"/><temps name="def"><temp name="T1971"/></temps><temps name="in"><temp name="T6"/></temps><temps name="out"><temp name="T6"/></temps></instruction><instruction code="INCMH T1971, 0"><temps name="use"/><temps name="def"><temp name="T1971"/></temps><temps name="in"><temp name="T6"/></temps><temps name="out"><temp name="T6"/></temps></instruction><instruction code="INCH  T1971, 0"><temps name="use"/><temps name="def"><temp name="T1971"/></temps><temps name="in"><temp name="T6"/></temps><temps name="out"><temp name="T1971"/><temp name="T6"/></temps></instruction><instruction code="OR T282, T1971, 0"><temps name="use"><temp name="T1971"/></temps><temps name="def"><temp name="T282"/></temps><temps name="in"><temp name="T1971"/><temp name="T6"/></temps><temps name="out"><temp name="T6"/><temp name="T282"/></temps></instruction><instruction code="SETL  T1972, 664"><temps name="use"/><temps name="def"><temp name="T1972"/></temps><temps name="in"><temp name="T6"/><temp name="T282"/></temps><temps name="out"><temp name="T6"/><temp name="T282"/></temps></instruction><instruction code="INCML T1972, 0"><temps name="use"/><temps name="def"><temp name="T1972"/></temps><temps name="in"><temp name="T6"/><temp name="T282"/></temps><temps name="out"><temp name="T6"/><temp name="T282"/></temps></instruction><instruction code="INCMH T1972, 0"><temps name="use"/><temps name="def"><temp name="T1972"/></temps><temps name="in"><temp name="T6"/><temp name="T282"/></temps><temps name="out"><temp name="T6"/><temp name="T282"/></temps></instruction><instruction code="INCH  T1972, 0"><temps name="use"/><temps name="def"><temp name="T1972"/></temps><temps name="in"><temp name="T6"/><temp name="T282"/></temps><temps name="out"><temp name="T6"/><temp name="T1972"/><temp name="T282"/></temps></instruction><instruction code="NEG T1972, 0, T1972"><temps name="use"><temp name="T1972"/></temps><temps name="def"><temp name="T1972"/></temps><temps name="in"><temp name="T6"/><temp name="T1972"/><temp name="T282"/></temps><temps name="out"><temp name="T6"/><temp name="T1972"/><temp name="T282"/></temps></instruction><instruction code="ADD T1973, T6, T1972"><temps name="use"><temp name="T6"/><temp name="T1972"/></temps><temps name="def"><temp name="T1973"/></temps><temps name="in"><temp name="T6"/><temp name="T1972"/><temp name="T282"/></temps><temps name="out"><temp name="T6"/><temp name="T1973"/><temp name="T282"/></temps></instruction><instruction code="SETL  T1974, 6"><temps name="use"/><temps name="def"><temp name="T1974"/></temps><temps name="in"><temp name="T6"/><temp name="T1973"/><temp name="T282"/></temps><temps name="out"><temp name="T6"/><temp name="T1973"/><temp name="T282"/></temps></instruction><instruction code="INCML T1974, 0"><temps name="use"/><temps name="def"><temp name="T1974"/></temps><temps name="in"><temp name="T6"/><temp name="T1973"/><temp name="T282"/></temps><temps name="out"><temp name="T6"/><temp name="T1973"/><temp name="T282"/></temps></instruction><instruction code="INCMH T1974, 0"><temps name="use"/><temps name="def"><temp name="T1974"/></temps><temps name="in"><temp name="T6"/><temp name="T1973"/><temp name="T282"/></temps><temps name="out"><temp name="T6"/><temp name="T1973"/><temp name="T282"/></temps></instruction><instruction code="INCH  T1974, 0"><temps name="use"/><temps name="def"><temp name="T1974"/></temps><temps name="in"><temp name="T6"/><temp name="T1973"/><temp name="T282"/></temps><temps name="out"><temp name="T6"/><temp name="T1973"/><temp name="T282"/><temp name="T1974"/></temps></instruction><instruction code="SETL  T1975, 72"><temps name="use"/><temps name="def"><temp name="T1975"/></temps><temps name="in"><temp name="T6"/><temp name="T1973"/><temp name="T282"/><temp name="T1974"/></temps><temps name="out"><temp name="T6"/><temp name="T1973"/><temp name="T282"/><temp name="T1974"/></temps></instruction><instruction code="INCML T1975, 0"><temps name="use"/><temps name="def"><temp name="T1975"/></temps><temps name="in"><temp name="T6"/><temp name="T1973"/><temp name="T282"/><temp name="T1974"/></temps><temps name="out"><temp name="T6"/><temp name="T1973"/><temp name="T282"/><temp name="T1974"/></temps></instruction><instruction code="INCMH T1975, 0"><temps name="use"/><temps name="def"><temp name="T1975"/></temps><temps name="in"><temp name="T6"/><temp name="T1973"/><temp name="T282"/><temp name="T1974"/></temps><temps name="out"><temp name="T6"/><temp name="T1973"/><temp name="T282"/><temp name="T1974"/></temps></instruction><instruction code="INCH  T1975, 0"><temps name="use"/><temps name="def"><temp name="T1975"/></temps><temps name="in"><temp name="T6"/><temp name="T1973"/><temp name="T282"/><temp name="T1974"/></temps><temps name="out"><temp name="T6"/><temp name="T1973"/><temp name="T1975"/><temp name="T282"/><temp name="T1974"/></temps></instruction><instruction code="MUL T1976, T1974, T1975"><temps name="use"><temp name="T1974"/><temp name="T1975"/></temps><temps name="def"><temp name="T1976"/></temps><temps name="in"><temp name="T6"/><temp name="T1973"/><temp name="T1975"/><temp name="T282"/><temp name="T1974"/></temps><temps name="out"><temp name="T1976"/><temp name="T6"/><temp name="T1973"/><temp name="T282"/></temps></instruction><instruction code="ADD T1977, T1973, T1976"><temps name="use"><temp name="T1973"/><temp name="T1976"/></temps><temps name="def"><temp name="T1977"/></temps><temps name="in"><temp name="T1976"/><temp name="T6"/><temp name="T1973"/><temp name="T282"/></temps><temps name="out"><temp name="T6"/><temp name="T282"/><temp name="T1977"/></temps></instruction><instruction code="SETL  T1978, 6"><temps name="use"/><temps name="def"><temp name="T1978"/></temps><temps name="in"><temp name="T6"/><temp name="T282"/><temp name="T1977"/></temps><temps name="out"><temp name="T6"/><temp name="T282"/><temp name="T1977"/></temps></instruction><instruction code="INCML T1978, 0"><temps name="use"/><temps name="def"><temp name="T1978"/></temps><temps name="in"><temp name="T6"/><temp name="T282"/><temp name="T1977"/></temps><temps name="out"><temp name="T6"/><temp name="T282"/><temp name="T1977"/></temps></instruction><instruction code="INCMH T1978, 0"><temps name="use"/><temps name="def"><temp name="T1978"/></temps><temps name="in"><temp name="T6"/><temp name="T282"/><temp name="T1977"/></temps><temps name="out"><temp name="T6"/><temp name="T282"/><temp name="T1977"/></temps></instruction><instruction code="INCH  T1978, 0"><temps name="use"/><temps name="def"><temp name="T1978"/></temps><temps name="in"><temp name="T6"/><temp name="T282"/><temp name="T1977"/></temps><temps name="out"><temp name="T6"/><temp name="T1978"/><temp name="T282"/><temp name="T1977"/></temps></instruction><instruction code="SETL  T1979, 8"><temps name="use"/><temps name="def"><temp name="T1979"/></temps><temps name="in"><temp name="T6"/><temp name="T1978"/><temp name="T282"/><temp name="T1977"/></temps><temps name="out"><temp name="T6"/><temp name="T1978"/><temp name="T282"/><temp name="T1977"/></temps></instruction><instruction code="INCML T1979, 0"><temps name="use"/><temps name="def"><temp name="T1979"/></temps><temps name="in"><temp name="T6"/><temp name="T1978"/><temp name="T282"/><temp name="T1977"/></temps><temps name="out"><temp name="T6"/><temp name="T1978"/><temp name="T282"/><temp name="T1977"/></temps></instruction><instruction code="INCMH T1979, 0"><temps name="use"/><temps name="def"><temp name="T1979"/></temps><temps name="in"><temp name="T6"/><temp name="T1978"/><temp name="T282"/><temp name="T1977"/></temps><temps name="out"><temp name="T6"/><temp name="T1978"/><temp name="T282"/><temp name="T1977"/></temps></instruction><instruction code="INCH  T1979, 0"><temps name="use"/><temps name="def"><temp name="T1979"/></temps><temps name="in"><temp name="T6"/><temp name="T1978"/><temp name="T282"/><temp name="T1977"/></temps><temps name="out"><temp name="T6"/><temp name="T1978"/><temp name="T1979"/><temp name="T282"/><temp name="T1977"/></temps></instruction><instruction code="MUL T1980, T1978, T1979"><temps name="use"><temp name="T1978"/><temp name="T1979"/></temps><temps name="def"><temp name="T1980"/></temps><temps name="in"><temp name="T6"/><temp name="T1978"/><temp name="T1979"/><temp name="T282"/><temp name="T1977"/></temps><temps name="out"><temp name="T6"/><temp name="T1980"/><temp name="T282"/><temp name="T1977"/></temps></instruction><instruction code="ADD T1981, T1977, T1980"><temps name="use"><temp name="T1977"/><temp name="T1980"/></temps><temps name="def"><temp name="T1981"/></temps><temps name="in"><temp name="T6"/><temp name="T1980"/><temp name="T282"/><temp name="T1977"/></temps><temps name="out"><temp name="T1981"/><temp name="T6"/><temp name="T282"/></temps></instruction><instruction code="STO T1981, T282, 0"><temps name="use"><temp name="T1981"/><temp name="T282"/></temps><temps name="def"/><temps name="in"><temp name="T1981"/><temp name="T6"/><temp name="T282"/></temps><temps name="out"><temp name="T6"/></temps></instruction><instruction code="SETL  T1983, 0"><temps name="use"/><temps name="def"><temp name="T1983"/></temps><temps name="in"><temp name="T6"/></temps><temps name="out"><temp name="T6"/></temps></instruction><instruction code="INCML T1983, 0"><temps name="use"/><temps name="def"><temp name="T1983"/></temps><temps name="in"><temp name="T6"/></temps><temps name="out"><temp name="T6"/></temps></instruction><instruction code="INCMH T1983, 0"><temps name="use"/><temps name="def"><temp name="T1983"/></temps><temps name="in"><temp name="T6"/></temps><temps name="out"><temp name="T6"/></temps></instruction><instruction code="INCH  T1983, 0"><temps name="use"/><temps name="def"><temp name="T1983"/></temps><temps name="in"><temp name="T6"/></temps><temps name="out"><temp name="T6"/><temp name="T1983"/></temps></instruction><instruction code="OR T283, T1983, 0"><temps name="use"><temp name="T1983"/></temps><temps name="def"><temp name="T283"/></temps><temps name="in"><temp name="T6"/><temp name="T1983"/></temps><temps name="out"><temp name="T6"/><temp name="T283"/></temps></instruction><instruction code="SETL  T1984, 664"><temps name="use"/><temps name="def"><temp name="T1984"/></temps><temps name="in"><temp name="T6"/><temp name="T283"/></temps><temps name="out"><temp name="T6"/><temp name="T283"/></temps></instruction><instruction code="INCML T1984, 0"><temps name="use"/><temps name="def"><temp name="T1984"/></temps><temps name="in"><temp name="T6"/><temp name="T283"/></temps><temps name="out"><temp name="T6"/><temp name="T283"/></temps></instruction><instruction code="INCMH T1984, 0"><temps name="use"/><temps name="def"><temp name="T1984"/></temps><temps name="in"><temp name="T6"/><temp name="T283"/></temps><temps name="out"><temp name="T6"/><temp name="T283"/></temps></instruction><instruction code="INCH  T1984, 0"><temps name="use"/><temps name="def"><temp name="T1984"/></temps><temps name="in"><temp name="T6"/><temp name="T283"/></temps><temps name="out"><temp name="T6"/><temp name="T283"/><temp name="T1984"/></temps></instruction><instruction code="NEG T1984, 0, T1984"><temps name="use"><temp name="T1984"/></temps><temps name="def"><temp name="T1984"/></temps><temps name="in"><temp name="T6"/><temp name="T283"/><temp name="T1984"/></temps><temps name="out"><temp name="T6"/><temp name="T283"/><temp name="T1984"/></temps></instruction><instruction code="ADD T1985, T6, T1984"><temps name="use"><temp name="T6"/><temp name="T1984"/></temps><temps name="def"><temp name="T1985"/></temps><temps name="in"><temp name="T6"/><temp name="T283"/><temp name="T1984"/></temps><temps name="out"><temp name="T6"/><temp name="T1985"/><temp name="T283"/></temps></instruction><instruction code="SETL  T1986, 6"><temps name="use"/><temps name="def"><temp name="T1986"/></temps><temps name="in"><temp name="T6"/><temp name="T1985"/><temp name="T283"/></temps><temps name="out"><temp name="T6"/><temp name="T1985"/><temp name="T283"/></temps></instruction><instruction code="INCML T1986, 0"><temps name="use"/><temps name="def"><temp name="T1986"/></temps><temps name="in"><temp name="T6"/><temp name="T1985"/><temp name="T283"/></temps><temps name="out"><temp name="T6"/><temp name="T1985"/><temp name="T283"/></temps></instruction><instruction code="INCMH T1986, 0"><temps name="use"/><temps name="def"><temp name="T1986"/></temps><temps name="in"><temp name="T6"/><temp name="T1985"/><temp name="T283"/></temps><temps name="out"><temp name="T6"/><temp name="T1985"/><temp name="T283"/></temps></instruction><instruction code="INCH  T1986, 0"><temps name="use"/><temps name="def"><temp name="T1986"/></temps><temps name="in"><temp name="T6"/><temp name="T1985"/><temp name="T283"/></temps><temps name="out"><temp name="T6"/><temp name="T1986"/><temp name="T1985"/><temp name="T283"/></temps></instruction><instruction code="SETL  T1987, 72"><temps name="use"/><temps name="def"><temp name="T1987"/></temps><temps name="in"><temp name="T6"/><temp name="T1986"/><temp name="T1985"/><temp name="T283"/></temps><temps name="out"><temp name="T6"/><temp name="T1986"/><temp name="T1985"/><temp name="T283"/></temps></instruction><instruction code="INCML T1987, 0"><temps name="use"/><temps name="def"><temp name="T1987"/></temps><temps name="in"><temp name="T6"/><temp name="T1986"/><temp name="T1985"/><temp name="T283"/></temps><temps name="out"><temp name="T6"/><temp name="T1986"/><temp name="T1985"/><temp name="T283"/></temps></instruction><instruction code="INCMH T1987, 0"><temps name="use"/><temps name="def"><temp name="T1987"/></temps><temps name="in"><temp name="T6"/><temp name="T1986"/><temp name="T1985"/><temp name="T283"/></temps><temps name="out"><temp name="T6"/><temp name="T1986"/><temp name="T1985"/><temp name="T283"/></temps></instruction><instruction code="INCH  T1987, 0"><temps name="use"/><temps name="def"><temp name="T1987"/></temps><temps name="in"><temp name="T6"/><temp name="T1986"/><temp name="T1985"/><temp name="T283"/></temps><temps name="out"><temp name="T6"/><temp name="T1987"/><temp name="T1986"/><temp name="T1985"/><temp name="T283"/></temps></instruction><instruction code="MUL T1988, T1986, T1987"><temps name="use"><temp name="T1986"/><temp name="T1987"/></temps><temps name="def"><temp name="T1988"/></temps><temps name="in"><temp name="T6"/><temp name="T1987"/><temp name="T1986"/><temp name="T1985"/><temp name="T283"/></temps><temps name="out"><temp name="T6"/><temp name="T1985"/><temp name="T1988"/><temp name="T283"/></temps></instruction><instruction code="ADD T1989, T1985, T1988"><temps name="use"><temp name="T1985"/><temp name="T1988"/></temps><temps name="def"><temp name="T1989"/></temps><temps name="in"><temp name="T6"/><temp name="T1985"/><temp name="T1988"/><temp name="T283"/></temps><temps name="out"><temp name="T6"/><temp name="T283"/><temp name="T1989"/></temps></instruction><instruction code="SETL  T1990, 7"><temps name="use"/><temps name="def"><temp name="T1990"/></temps><temps name="in"><temp name="T6"/><temp name="T283"/><temp name="T1989"/></temps><temps name="out"><temp name="T6"/><temp name="T283"/><temp name="T1989"/></temps></instruction><instruction code="INCML T1990, 0"><temps name="use"/><temps name="def"><temp name="T1990"/></temps><temps name="in"><temp name="T6"/><temp name="T283"/><temp name="T1989"/></temps><temps name="out"><temp name="T6"/><temp name="T283"/><temp name="T1989"/></temps></instruction><instruction code="INCMH T1990, 0"><temps name="use"/><temps name="def"><temp name="T1990"/></temps><temps name="in"><temp name="T6"/><temp name="T283"/><temp name="T1989"/></temps><temps name="out"><temp name="T6"/><temp name="T283"/><temp name="T1989"/></temps></instruction><instruction code="INCH  T1990, 0"><temps name="use"/><temps name="def"><temp name="T1990"/></temps><temps name="in"><temp name="T6"/><temp name="T283"/><temp name="T1989"/></temps><temps name="out"><temp name="T6"/><temp name="T283"/><temp name="T1990"/><temp name="T1989"/></temps></instruction><instruction code="SETL  T1991, 8"><temps name="use"/><temps name="def"><temp name="T1991"/></temps><temps name="in"><temp name="T6"/><temp name="T283"/><temp name="T1990"/><temp name="T1989"/></temps><temps name="out"><temp name="T6"/><temp name="T283"/><temp name="T1990"/><temp name="T1989"/></temps></instruction><instruction code="INCML T1991, 0"><temps name="use"/><temps name="def"><temp name="T1991"/></temps><temps name="in"><temp name="T6"/><temp name="T283"/><temp name="T1990"/><temp name="T1989"/></temps><temps name="out"><temp name="T6"/><temp name="T283"/><temp name="T1990"/><temp name="T1989"/></temps></instruction><instruction code="INCMH T1991, 0"><temps name="use"/><temps name="def"><temp name="T1991"/></temps><temps name="in"><temp name="T6"/><temp name="T283"/><temp name="T1990"/><temp name="T1989"/></temps><temps name="out"><temp name="T6"/><temp name="T283"/><temp name="T1990"/><temp name="T1989"/></temps></instruction><instruction code="INCH  T1991, 0"><temps name="use"/><temps name="def"><temp name="T1991"/></temps><temps name="in"><temp name="T6"/><temp name="T283"/><temp name="T1990"/><temp name="T1989"/></temps><temps name="out"><temp name="T6"/><temp name="T283"/><temp name="T1991"/><temp name="T1990"/><temp name="T1989"/></temps></instruction><instruction code="MUL T1992, T1990, T1991"><temps name="use"><temp name="T1990"/><temp name="T1991"/></temps><temps name="def"><temp name="T1992"/></temps><temps name="in"><temp name="T6"/><temp name="T283"/><temp name="T1991"/><temp name="T1990"/><temp name="T1989"/></temps><temps name="out"><temp name="T6"/><temp name="T1992"/><temp name="T283"/><temp name="T1989"/></temps></instruction><instruction code="ADD T1993, T1989, T1992"><temps name="use"><temp name="T1989"/><temp name="T1992"/></temps><temps name="def"><temp name="T1993"/></temps><temps name="in"><temp name="T6"/><temp name="T1992"/><temp name="T283"/><temp name="T1989"/></temps><temps name="out"><temp name="T6"/><temp name="T1993"/><temp name="T283"/></temps></instruction><instruction code="STO T1993, T283, 0"><temps name="use"><temp name="T1993"/><temp name="T283"/></temps><temps name="def"/><temps name="in"><temp name="T6"/><temp name="T1993"/><temp name="T283"/></temps><temps name="out"><temp name="T6"/></temps></instruction><instruction code="SETL  T1995, 7"><temps name="use"/><temps name="def"><temp name="T1995"/></temps><temps name="in"><temp name="T6"/></temps><temps name="out"><temp name="T6"/></temps></instruction><instruction code="INCML T1995, 0"><temps name="use"/><temps name="def"><temp name="T1995"/></temps><temps name="in"><temp name="T6"/></temps><temps name="out"><temp name="T6"/></temps></instruction><instruction code="INCMH T1995, 0"><temps name="use"/><temps name="def"><temp name="T1995"/></temps><temps name="in"><temp name="T6"/></temps><temps name="out"><temp name="T6"/></temps></instruction><instruction code="INCH  T1995, 0"><temps name="use"/><temps name="def"><temp name="T1995"/></temps><temps name="in"><temp name="T6"/></temps><temps name="out"><temp name="T6"/><temp name="T1995"/></temps></instruction><instruction code="OR T284, T1995, 0"><temps name="use"><temp name="T1995"/></temps><temps name="def"><temp name="T284"/></temps><temps name="in"><temp name="T6"/><temp name="T1995"/></temps><temps name="out"><temp name="T6"/><temp name="T284"/></temps></instruction><instruction code="SETL  T1996, 664"><temps name="use"/><temps name="def"><temp name="T1996"/></temps><temps name="in"><temp name="T6"/><temp name="T284"/></temps><temps name="out"><temp name="T6"/><temp name="T284"/></temps></instruction><instruction code="INCML T1996, 0"><temps name="use"/><temps name="def"><temp name="T1996"/></temps><temps name="in"><temp name="T6"/><temp name="T284"/></temps><temps name="out"><temp name="T6"/><temp name="T284"/></temps></instruction><instruction code="INCMH T1996, 0"><temps name="use"/><temps name="def"><temp name="T1996"/></temps><temps name="in"><temp name="T6"/><temp name="T284"/></temps><temps name="out"><temp name="T6"/><temp name="T284"/></temps></instruction><instruction code="INCH  T1996, 0"><temps name="use"/><temps name="def"><temp name="T1996"/></temps><temps name="in"><temp name="T6"/><temp name="T284"/></temps><temps name="out"><temp name="T6"/><temp name="T284"/><temp name="T1996"/></temps></instruction><instruction code="NEG T1996, 0, T1996"><temps name="use"><temp name="T1996"/></temps><temps name="def"><temp name="T1996"/></temps><temps name="in"><temp name="T6"/><temp name="T284"/><temp name="T1996"/></temps><temps name="out"><temp name="T6"/><temp name="T284"/><temp name="T1996"/></temps></instruction><instruction code="ADD T1997, T6, T1996"><temps name="use"><temp name="T6"/><temp name="T1996"/></temps><temps name="def"><temp name="T1997"/></temps><temps name="in"><temp name="T6"/><temp name="T284"/><temp name="T1996"/></temps><temps name="out"><temp name="T6"/><temp name="T1997"/><temp name="T284"/></temps></instruction><instruction code="SETL  T1998, 6"><temps name="use"/><temps name="def"><temp name="T1998"/></temps><temps name="in"><temp name="T6"/><temp name="T1997"/><temp name="T284"/></temps><temps name="out"><temp name="T6"/><temp name="T1997"/><temp name="T284"/></temps></instruction><instruction code="INCML T1998, 0"><temps name="use"/><temps name="def"><temp name="T1998"/></temps><temps name="in"><temp name="T6"/><temp name="T1997"/><temp name="T284"/></temps><temps name="out"><temp name="T6"/><temp name="T1997"/><temp name="T284"/></temps></instruction><instruction code="INCMH T1998, 0"><temps name="use"/><temps name="def"><temp name="T1998"/></temps><temps name="in"><temp name="T6"/><temp name="T1997"/><temp name="T284"/></temps><temps name="out"><temp name="T6"/><temp name="T1997"/><temp name="T284"/></temps></instruction><instruction code="INCH  T1998, 0"><temps name="use"/><temps name="def"><temp name="T1998"/></temps><temps name="in"><temp name="T6"/><temp name="T1997"/><temp name="T284"/></temps><temps name="out"><temp name="T6"/><temp name="T1997"/><temp name="T1998"/><temp name="T284"/></temps></instruction><instruction code="SETL  T1999, 72"><temps name="use"/><temps name="def"><temp name="T1999"/></temps><temps name="in"><temp name="T6"/><temp name="T1997"/><temp name="T1998"/><temp name="T284"/></temps><temps name="out"><temp name="T6"/><temp name="T1997"/><temp name="T1998"/><temp name="T284"/></temps></instruction><instruction code="INCML T1999, 0"><temps name="use"/><temps name="def"><temp name="T1999"/></temps><temps name="in"><temp name="T6"/><temp name="T1997"/><temp name="T1998"/><temp name="T284"/></temps><temps name="out"><temp name="T6"/><temp name="T1997"/><temp name="T1998"/><temp name="T284"/></temps></instruction><instruction code="INCMH T1999, 0"><temps name="use"/><temps name="def"><temp name="T1999"/></temps><temps name="in"><temp name="T6"/><temp name="T1997"/><temp name="T1998"/><temp name="T284"/></temps><temps name="out"><temp name="T6"/><temp name="T1997"/><temp name="T1998"/><temp name="T284"/></temps></instruction><instruction code="INCH  T1999, 0"><temps name="use"/><temps name="def"><temp name="T1999"/></temps><temps name="in"><temp name="T6"/><temp name="T1997"/><temp name="T1998"/><temp name="T284"/></temps><temps name="out"><temp name="T6"/><temp name="T1997"/><temp name="T1998"/><temp name="T284"/><temp name="T1999"/></temps></instruction><instruction code="MUL T2000, T1998, T1999"><temps name="use"><temp name="T1998"/><temp name="T1999"/></temps><temps name="def"><temp name="T2000"/></temps><temps name="in"><temp name="T6"/><temp name="T1997"/><temp name="T1998"/><temp name="T284"/><temp name="T1999"/></temps><temps name="out"><temp name="T2000"/><temp name="T6"/><temp name="T1997"/><temp name="T284"/></temps></instruction><instruction code="ADD T2001, T1997, T2000"><temps name="use"><temp name="T1997"/><temp name="T2000"/></temps><temps name="def"><temp name="T2001"/></temps><temps name="in"><temp name="T2000"/><temp name="T6"/><temp name="T1997"/><temp name="T284"/></temps><temps name="out"><temp name="T6"/><temp name="T2001"/><temp name="T284"/></temps></instruction><instruction code="SETL  T2002, 8"><temps name="use"/><temps name="def"><temp name="T2002"/></temps><temps name="in"><temp name="T6"/><temp name="T2001"/><temp name="T284"/></temps><temps name="out"><temp name="T6"/><temp name="T2001"/><temp name="T284"/></temps></instruction><instruction code="INCML T2002, 0"><temps name="use"/><temps name="def"><temp name="T2002"/></temps><temps name="in"><temp name="T6"/><temp name="T2001"/><temp name="T284"/></temps><temps name="out"><temp name="T6"/><temp name="T2001"/><temp name="T284"/></temps></instruction><instruction code="INCMH T2002, 0"><temps name="use"/><temps name="def"><temp name="T2002"/></temps><temps name="in"><temp name="T6"/><temp name="T2001"/><temp name="T284"/></temps><temps name="out"><temp name="T6"/><temp name="T2001"/><temp name="T284"/></temps></instruction><instruction code="INCH  T2002, 0"><temps name="use"/><temps name="def"><temp name="T2002"/></temps><temps name="in"><temp name="T6"/><temp name="T2001"/><temp name="T284"/></temps><temps name="out"><temp name="T6"/><temp name="T2001"/><temp name="T284"/><temp name="T2002"/></temps></instruction><instruction code="SETL  T2003, 8"><temps name="use"/><temps name="def"><temp name="T2003"/></temps><temps name="in"><temp name="T6"/><temp name="T2001"/><temp name="T284"/><temp name="T2002"/></temps><temps name="out"><temp name="T6"/><temp name="T2001"/><temp name="T284"/><temp name="T2002"/></temps></instruction><instruction code="INCML T2003, 0"><temps name="use"/><temps name="def"><temp name="T2003"/></temps><temps name="in"><temp name="T6"/><temp name="T2001"/><temp name="T284"/><temp name="T2002"/></temps><temps name="out"><temp name="T6"/><temp name="T2001"/><temp name="T284"/><temp name="T2002"/></temps></instruction><instruction code="INCMH T2003, 0"><temps name="use"/><temps name="def"><temp name="T2003"/></temps><temps name="in"><temp name="T6"/><temp name="T2001"/><temp name="T284"/><temp name="T2002"/></temps><temps name="out"><temp name="T6"/><temp name="T2001"/><temp name="T284"/><temp name="T2002"/></temps></instruction><instruction code="INCH  T2003, 0"><temps name="use"/><temps name="def"><temp name="T2003"/></temps><temps name="in"><temp name="T6"/><temp name="T2001"/><temp name="T284"/><temp name="T2002"/></temps><temps name="out"><temp name="T6"/><temp name="T2003"/><temp name="T2001"/><temp name="T284"/><temp name="T2002"/></temps></instruction><instruction code="MUL T2004, T2002, T2003"><temps name="use"><temp name="T2002"/><temp name="T2003"/></temps><temps name="def"><temp name="T2004"/></temps><temps name="in"><temp name="T6"/><temp name="T2003"/><temp name="T2001"/><temp name="T284"/><temp name="T2002"/></temps><temps name="out"><temp name="T6"/><temp name="T2001"/><temp name="T2004"/><temp name="T284"/></temps></instruction><instruction code="ADD T2005, T2001, T2004"><temps name="use"><temp name="T2001"/><temp name="T2004"/></temps><temps name="def"><temp name="T2005"/></temps><temps name="in"><temp name="T6"/><temp name="T2001"/><temp name="T2004"/><temp name="T284"/></temps><temps name="out"><temp name="T2005"/><temp name="T6"/><temp name="T284"/></temps></instruction><instruction code="STO T2005, T284, 0"><temps name="use"><temp name="T2005"/><temp name="T284"/></temps><temps name="def"/><temps name="in"><temp name="T2005"/><temp name="T6"/><temp name="T284"/></temps><temps name="out"><temp name="T6"/></temps></instruction><instruction code="SETL  T2007, 1"><temps name="use"/><temps name="def"><temp name="T2007"/></temps><temps name="in"><temp name="T6"/></temps><temps name="out"><temp name="T6"/></temps></instruction><instruction code="INCML T2007, 0"><temps name="use"/><temps name="def"><temp name="T2007"/></temps><temps name="in"><temp name="T6"/></temps><temps name="out"><temp name="T6"/></temps></instruction><instruction code="INCMH T2007, 0"><temps name="use"/><temps name="def"><temp name="T2007"/></temps><temps name="in"><temp name="T6"/></temps><temps name="out"><temp name="T6"/></temps></instruction><instruction code="INCH  T2007, 0"><temps name="use"/><temps name="def"><temp name="T2007"/></temps><temps name="in"><temp name="T6"/></temps><temps name="out"><temp name="T6"/><temp name="T2007"/></temps></instruction><instruction code="OR T285, T2007, 0"><temps name="use"><temp name="T2007"/></temps><temps name="def"><temp name="T285"/></temps><temps name="in"><temp name="T6"/><temp name="T2007"/></temps><temps name="out"><temp name="T6"/><temp name="T285"/></temps></instruction><instruction code="SETL  T2008, 664"><temps name="use"/><temps name="def"><temp name="T2008"/></temps><temps name="in"><temp name="T6"/><temp name="T285"/></temps><temps name="out"><temp name="T6"/><temp name="T285"/></temps></instruction><instruction code="INCML T2008, 0"><temps name="use"/><temps name="def"><temp name="T2008"/></temps><temps name="in"><temp name="T6"/><temp name="T285"/></temps><temps name="out"><temp name="T6"/><temp name="T285"/></temps></instruction><instruction code="INCMH T2008, 0"><temps name="use"/><temps name="def"><temp name="T2008"/></temps><temps name="in"><temp name="T6"/><temp name="T285"/></temps><temps name="out"><temp name="T6"/><temp name="T285"/></temps></instruction><instruction code="INCH  T2008, 0"><temps name="use"/><temps name="def"><temp name="T2008"/></temps><temps name="in"><temp name="T6"/><temp name="T285"/></temps><temps name="out"><temp name="T6"/><temp name="T285"/><temp name="T2008"/></temps></instruction><instruction code="NEG T2008, 0, T2008"><temps name="use"><temp name="T2008"/></temps><temps name="def"><temp name="T2008"/></temps><temps name="in"><temp name="T6"/><temp name="T285"/><temp name="T2008"/></temps><temps name="out"><temp name="T6"/><temp name="T285"/><temp name="T2008"/></temps></instruction><instruction code="ADD T2009, T6, T2008"><temps name="use"><temp name="T6"/><temp name="T2008"/></temps><temps name="def"><temp name="T2009"/></temps><temps name="in"><temp name="T6"/><temp name="T285"/><temp name="T2008"/></temps><temps name="out"><temp name="T2009"/><temp name="T285"/><temp name="T6"/></temps></instruction><instruction code="SETL  T2010, 7"><temps name="use"/><temps name="def"><temp name="T2010"/></temps><temps name="in"><temp name="T2009"/><temp name="T285"/><temp name="T6"/></temps><temps name="out"><temp name="T2009"/><temp name="T285"/><temp name="T6"/></temps></instruction><instruction code="INCML T2010, 0"><temps name="use"/><temps name="def"><temp name="T2010"/></temps><temps name="in"><temp name="T2009"/><temp name="T285"/><temp name="T6"/></temps><temps name="out"><temp name="T2009"/><temp name="T285"/><temp name="T6"/></temps></instruction><instruction code="INCMH T2010, 0"><temps name="use"/><temps name="def"><temp name="T2010"/></temps><temps name="in"><temp name="T2009"/><temp name="T285"/><temp name="T6"/></temps><temps name="out"><temp name="T2009"/><temp name="T285"/><temp name="T6"/></temps></instruction><instruction code="INCH  T2010, 0"><temps name="use"/><temps name="def"><temp name="T2010"/></temps><temps name="in"><temp name="T2009"/><temp name="T285"/><temp name="T6"/></temps><temps name="out"><temp name="T2010"/><temp name="T2009"/><temp name="T285"/><temp name="T6"/></temps></instruction><instruction code="SETL  T2011, 72"><temps name="use"/><temps name="def"><temp name="T2011"/></temps><temps name="in"><temp name="T2010"/><temp name="T2009"/><temp name="T285"/><temp name="T6"/></temps><temps name="out"><temp name="T2010"/><temp name="T2009"/><temp name="T285"/><temp name="T6"/></temps></instruction><instruction code="INCML T2011, 0"><temps name="use"/><temps name="def"><temp name="T2011"/></temps><temps name="in"><temp name="T2010"/><temp name="T2009"/><temp name="T285"/><temp name="T6"/></temps><temps name="out"><temp name="T2010"/><temp name="T2009"/><temp name="T285"/><temp name="T6"/></temps></instruction><instruction code="INCMH T2011, 0"><temps name="use"/><temps name="def"><temp name="T2011"/></temps><temps name="in"><temp name="T2010"/><temp name="T2009"/><temp name="T285"/><temp name="T6"/></temps><temps name="out"><temp name="T2010"/><temp name="T2009"/><temp name="T285"/><temp name="T6"/></temps></instruction><instruction code="INCH  T2011, 0"><temps name="use"/><temps name="def"><temp name="T2011"/></temps><temps name="in"><temp name="T2010"/><temp name="T2009"/><temp name="T285"/><temp name="T6"/></temps><temps name="out"><temp name="T2010"/><temp name="T2009"/><temp name="T285"/><temp name="T6"/><temp name="T2011"/></temps></instruction><instruction code="MUL T2012, T2010, T2011"><temps name="use"><temp name="T2010"/><temp name="T2011"/></temps><temps name="def"><temp name="T2012"/></temps><temps name="in"><temp name="T2010"/><temp name="T2009"/><temp name="T285"/><temp name="T6"/><temp name="T2011"/></temps><temps name="out"><temp name="T2009"/><temp name="T285"/><temp name="T6"/><temp name="T2012"/></temps></instruction><instruction code="ADD T2013, T2009, T2012"><temps name="use"><temp name="T2009"/><temp name="T2012"/></temps><temps name="def"><temp name="T2013"/></temps><temps name="in"><temp name="T2009"/><temp name="T285"/><temp name="T6"/><temp name="T2012"/></temps><temps name="out"><temp name="T285"/><temp name="T6"/><temp name="T2013"/></temps></instruction><instruction code="SETL  T2014, 0"><temps name="use"/><temps name="def"><temp name="T2014"/></temps><temps name="in"><temp name="T285"/><temp name="T6"/><temp name="T2013"/></temps><temps name="out"><temp name="T285"/><temp name="T6"/><temp name="T2013"/></temps></instruction><instruction code="INCML T2014, 0"><temps name="use"/><temps name="def"><temp name="T2014"/></temps><temps name="in"><temp name="T285"/><temp name="T6"/><temp name="T2013"/></temps><temps name="out"><temp name="T285"/><temp name="T6"/><temp name="T2013"/></temps></instruction><instruction code="INCMH T2014, 0"><temps name="use"/><temps name="def"><temp name="T2014"/></temps><temps name="in"><temp name="T285"/><temp name="T6"/><temp name="T2013"/></temps><temps name="out"><temp name="T285"/><temp name="T6"/><temp name="T2013"/></temps></instruction><instruction code="INCH  T2014, 0"><temps name="use"/><temps name="def"><temp name="T2014"/></temps><temps name="in"><temp name="T285"/><temp name="T6"/><temp name="T2013"/></temps><temps name="out"><temp name="T2014"/><temp name="T285"/><temp name="T6"/><temp name="T2013"/></temps></instruction><instruction code="SETL  T2015, 8"><temps name="use"/><temps name="def"><temp name="T2015"/></temps><temps name="in"><temp name="T2014"/><temp name="T285"/><temp name="T6"/><temp name="T2013"/></temps><temps name="out"><temp name="T2014"/><temp name="T285"/><temp name="T6"/><temp name="T2013"/></temps></instruction><instruction code="INCML T2015, 0"><temps name="use"/><temps name="def"><temp name="T2015"/></temps><temps name="in"><temp name="T2014"/><temp name="T285"/><temp name="T6"/><temp name="T2013"/></temps><temps name="out"><temp name="T2014"/><temp name="T285"/><temp name="T6"/><temp name="T2013"/></temps></instruction><instruction code="INCMH T2015, 0"><temps name="use"/><temps name="def"><temp name="T2015"/></temps><temps name="in"><temp name="T2014"/><temp name="T285"/><temp name="T6"/><temp name="T2013"/></temps><temps name="out"><temp name="T2014"/><temp name="T285"/><temp name="T6"/><temp name="T2013"/></temps></instruction><instruction code="INCH  T2015, 0"><temps name="use"/><temps name="def"><temp name="T2015"/></temps><temps name="in"><temp name="T2014"/><temp name="T285"/><temp name="T6"/><temp name="T2013"/></temps><temps name="out"><temp name="T2014"/><temp name="T2015"/><temp name="T285"/><temp name="T6"/><temp name="T2013"/></temps></instruction><instruction code="MUL T2016, T2014, T2015"><temps name="use"><temp name="T2014"/><temp name="T2015"/></temps><temps name="def"><temp name="T2016"/></temps><temps name="in"><temp name="T2014"/><temp name="T2015"/><temp name="T285"/><temp name="T6"/><temp name="T2013"/></temps><temps name="out"><temp name="T285"/><temp name="T6"/><temp name="T2016"/><temp name="T2013"/></temps></instruction><instruction code="ADD T2017, T2013, T2016"><temps name="use"><temp name="T2013"/><temp name="T2016"/></temps><temps name="def"><temp name="T2017"/></temps><temps name="in"><temp name="T285"/><temp name="T6"/><temp name="T2016"/><temp name="T2013"/></temps><temps name="out"><temp name="T2017"/><temp name="T285"/><temp name="T6"/></temps></instruction><instruction code="STO T2017, T285, 0"><temps name="use"><temp name="T2017"/><temp name="T285"/></temps><temps name="def"/><temps name="in"><temp name="T2017"/><temp name="T285"/><temp name="T6"/></temps><temps name="out"><temp name="T6"/></temps></instruction><instruction code="SETL  T2019, 0"><temps name="use"/><temps name="def"><temp name="T2019"/></temps><temps name="in"><temp name="T6"/></temps><temps name="out"><temp name="T6"/></temps></instruction><instruction code="INCML T2019, 0"><temps name="use"/><temps name="def"><temp name="T2019"/></temps><temps name="in"><temp name="T6"/></temps><temps name="out"><temp name="T6"/></temps></instruction><instruction code="INCMH T2019, 0"><temps name="use"/><temps name="def"><temp name="T2019"/></temps><temps name="in"><temp name="T6"/></temps><temps name="out"><temp name="T6"/></temps></instruction><instruction code="INCH  T2019, 0"><temps name="use"/><temps name="def"><temp name="T2019"/></temps><temps name="in"><temp name="T6"/></temps><temps name="out"><temp name="T6"/><temp name="T2019"/></temps></instruction><instruction code="OR T286, T2019, 0"><temps name="use"><temp name="T2019"/></temps><temps name="def"><temp name="T286"/></temps><temps name="in"><temp name="T6"/><temp name="T2019"/></temps><temps name="out"><temp name="T6"/><temp name="T286"/></temps></instruction><instruction code="SETL  T2020, 664"><temps name="use"/><temps name="def"><temp name="T2020"/></temps><temps name="in"><temp name="T6"/><temp name="T286"/></temps><temps name="out"><temp name="T6"/><temp name="T286"/></temps></instruction><instruction code="INCML T2020, 0"><temps name="use"/><temps name="def"><temp name="T2020"/></temps><temps name="in"><temp name="T6"/><temp name="T286"/></temps><temps name="out"><temp name="T6"/><temp name="T286"/></temps></instruction><instruction code="INCMH T2020, 0"><temps name="use"/><temps name="def"><temp name="T2020"/></temps><temps name="in"><temp name="T6"/><temp name="T286"/></temps><temps name="out"><temp name="T6"/><temp name="T286"/></temps></instruction><instruction code="INCH  T2020, 0"><temps name="use"/><temps name="def"><temp name="T2020"/></temps><temps name="in"><temp name="T6"/><temp name="T286"/></temps><temps name="out"><temp name="T2020"/><temp name="T6"/><temp name="T286"/></temps></instruction><instruction code="NEG T2020, 0, T2020"><temps name="use"><temp name="T2020"/></temps><temps name="def"><temp name="T2020"/></temps><temps name="in"><temp name="T2020"/><temp name="T6"/><temp name="T286"/></temps><temps name="out"><temp name="T6"/><temp name="T2020"/><temp name="T286"/></temps></instruction><instruction code="ADD T2021, T6, T2020"><temps name="use"><temp name="T6"/><temp name="T2020"/></temps><temps name="def"><temp name="T2021"/></temps><temps name="in"><temp name="T6"/><temp name="T2020"/><temp name="T286"/></temps><temps name="out"><temp name="T6"/><temp name="T286"/><temp name="T2021"/></temps></instruction><instruction code="SETL  T2022, 7"><temps name="use"/><temps name="def"><temp name="T2022"/></temps><temps name="in"><temp name="T6"/><temp name="T286"/><temp name="T2021"/></temps><temps name="out"><temp name="T6"/><temp name="T286"/><temp name="T2021"/></temps></instruction><instruction code="INCML T2022, 0"><temps name="use"/><temps name="def"><temp name="T2022"/></temps><temps name="in"><temp name="T6"/><temp name="T286"/><temp name="T2021"/></temps><temps name="out"><temp name="T6"/><temp name="T286"/><temp name="T2021"/></temps></instruction><instruction code="INCMH T2022, 0"><temps name="use"/><temps name="def"><temp name="T2022"/></temps><temps name="in"><temp name="T6"/><temp name="T286"/><temp name="T2021"/></temps><temps name="out"><temp name="T6"/><temp name="T286"/><temp name="T2021"/></temps></instruction><instruction code="INCH  T2022, 0"><temps name="use"/><temps name="def"><temp name="T2022"/></temps><temps name="in"><temp name="T6"/><temp name="T286"/><temp name="T2021"/></temps><temps name="out"><temp name="T6"/><temp name="T286"/><temp name="T2022"/><temp name="T2021"/></temps></instruction><instruction code="SETL  T2023, 72"><temps name="use"/><temps name="def"><temp name="T2023"/></temps><temps name="in"><temp name="T6"/><temp name="T286"/><temp name="T2022"/><temp name="T2021"/></temps><temps name="out"><temp name="T6"/><temp name="T286"/><temp name="T2022"/><temp name="T2021"/></temps></instruction><instruction code="INCML T2023, 0"><temps name="use"/><temps name="def"><temp name="T2023"/></temps><temps name="in"><temp name="T6"/><temp name="T286"/><temp name="T2022"/><temp name="T2021"/></temps><temps name="out"><temp name="T6"/><temp name="T286"/><temp name="T2022"/><temp name="T2021"/></temps></instruction><instruction code="INCMH T2023, 0"><temps name="use"/><temps name="def"><temp name="T2023"/></temps><temps name="in"><temp name="T6"/><temp name="T286"/><temp name="T2022"/><temp name="T2021"/></temps><temps name="out"><temp name="T6"/><temp name="T286"/><temp name="T2022"/><temp name="T2021"/></temps></instruction><instruction code="INCH  T2023, 0"><temps name="use"/><temps name="def"><temp name="T2023"/></temps><temps name="in"><temp name="T6"/><temp name="T286"/><temp name="T2022"/><temp name="T2021"/></temps><temps name="out"><temp name="T6"/><temp name="T2023"/><temp name="T286"/><temp name="T2022"/><temp name="T2021"/></temps></instruction><instruction code="MUL T2024, T2022, T2023"><temps name="use"><temp name="T2022"/><temp name="T2023"/></temps><temps name="def"><temp name="T2024"/></temps><temps name="in"><temp name="T6"/><temp name="T2023"/><temp name="T286"/><temp name="T2022"/><temp name="T2021"/></temps><temps name="out"><temp name="T2024"/><temp name="T6"/><temp name="T286"/><temp name="T2021"/></temps></instruction><instruction code="ADD T2025, T2021, T2024"><temps name="use"><temp name="T2021"/><temp name="T2024"/></temps><temps name="def"><temp name="T2025"/></temps><temps name="in"><temp name="T2024"/><temp name="T6"/><temp name="T286"/><temp name="T2021"/></temps><temps name="out"><temp name="T6"/><temp name="T2025"/><temp name="T286"/></temps></instruction><instruction code="SETL  T2026, 1"><temps name="use"/><temps name="def"><temp name="T2026"/></temps><temps name="in"><temp name="T6"/><temp name="T2025"/><temp name="T286"/></temps><temps name="out"><temp name="T6"/><temp name="T2025"/><temp name="T286"/></temps></instruction><instruction code="INCML T2026, 0"><temps name="use"/><temps name="def"><temp name="T2026"/></temps><temps name="in"><temp name="T6"/><temp name="T2025"/><temp name="T286"/></temps><temps name="out"><temp name="T6"/><temp name="T2025"/><temp name="T286"/></temps></instruction><instruction code="INCMH T2026, 0"><temps name="use"/><temps name="def"><temp name="T2026"/></temps><temps name="in"><temp name="T6"/><temp name="T2025"/><temp name="T286"/></temps><temps name="out"><temp name="T6"/><temp name="T2025"/><temp name="T286"/></temps></instruction><instruction code="INCH  T2026, 0"><temps name="use"/><temps name="def"><temp name="T2026"/></temps><temps name="in"><temp name="T6"/><temp name="T2025"/><temp name="T286"/></temps><temps name="out"><temp name="T6"/><temp name="T2025"/><temp name="T2026"/><temp name="T286"/></temps></instruction><instruction code="SETL  T2027, 8"><temps name="use"/><temps name="def"><temp name="T2027"/></temps><temps name="in"><temp name="T6"/><temp name="T2025"/><temp name="T2026"/><temp name="T286"/></temps><temps name="out"><temp name="T6"/><temp name="T2025"/><temp name="T2026"/><temp name="T286"/></temps></instruction><instruction code="INCML T2027, 0"><temps name="use"/><temps name="def"><temp name="T2027"/></temps><temps name="in"><temp name="T6"/><temp name="T2025"/><temp name="T2026"/><temp name="T286"/></temps><temps name="out"><temp name="T6"/><temp name="T2025"/><temp name="T2026"/><temp name="T286"/></temps></instruction><instruction code="INCMH T2027, 0"><temps name="use"/><temps name="def"><temp name="T2027"/></temps><temps name="in"><temp name="T6"/><temp name="T2025"/><temp name="T2026"/><temp name="T286"/></temps><temps name="out"><temp name="T6"/><temp name="T2025"/><temp name="T2026"/><temp name="T286"/></temps></instruction><instruction code="INCH  T2027, 0"><temps name="use"/><temps name="def"><temp name="T2027"/></temps><temps name="in"><temp name="T6"/><temp name="T2025"/><temp name="T2026"/><temp name="T286"/></temps><temps name="out"><temp name="T6"/><temp name="T2025"/><temp name="T2026"/><temp name="T286"/><temp name="T2027"/></temps></instruction><instruction code="MUL T2028, T2026, T2027"><temps name="use"><temp name="T2026"/><temp name="T2027"/></temps><temps name="def"><temp name="T2028"/></temps><temps name="in"><temp name="T6"/><temp name="T2025"/><temp name="T2026"/><temp name="T286"/><temp name="T2027"/></temps><temps name="out"><temp name="T6"/><temp name="T2025"/><temp name="T2028"/><temp name="T286"/></temps></instruction><instruction code="ADD T2029, T2025, T2028"><temps name="use"><temp name="T2025"/><temp name="T2028"/></temps><temps name="def"><temp name="T2029"/></temps><temps name="in"><temp name="T6"/><temp name="T2025"/><temp name="T2028"/><temp name="T286"/></temps><temps name="out"><temp name="T6"/><temp name="T2029"/><temp name="T286"/></temps></instruction><instruction code="STO T2029, T286, 0"><temps name="use"><temp name="T2029"/><temp name="T286"/></temps><temps name="def"/><temps name="in"><temp name="T6"/><temp name="T2029"/><temp name="T286"/></temps><temps name="out"><temp name="T6"/></temps></instruction><instruction code="SETL  T2031, 0"><temps name="use"/><temps name="def"><temp name="T2031"/></temps><temps name="in"><temp name="T6"/></temps><temps name="out"><temp name="T6"/></temps></instruction><instruction code="INCML T2031, 0"><temps name="use"/><temps name="def"><temp name="T2031"/></temps><temps name="in"><temp name="T6"/></temps><temps name="out"><temp name="T6"/></temps></instruction><instruction code="INCMH T2031, 0"><temps name="use"/><temps name="def"><temp name="T2031"/></temps><temps name="in"><temp name="T6"/></temps><temps name="out"><temp name="T6"/></temps></instruction><instruction code="INCH  T2031, 0"><temps name="use"/><temps name="def"><temp name="T2031"/></temps><temps name="in"><temp name="T6"/></temps><temps name="out"><temp name="T2031"/><temp name="T6"/></temps></instruction><instruction code="OR T287, T2031, 0"><temps name="use"><temp name="T2031"/></temps><temps name="def"><temp name="T287"/></temps><temps name="in"><temp name="T2031"/><temp name="T6"/></temps><temps name="out"><temp name="T6"/><temp name="T287"/></temps></instruction><instruction code="SETL  T2032, 664"><temps name="use"/><temps name="def"><temp name="T2032"/></temps><temps name="in"><temp name="T6"/><temp name="T287"/></temps><temps name="out"><temp name="T6"/><temp name="T287"/></temps></instruction><instruction code="INCML T2032, 0"><temps name="use"/><temps name="def"><temp name="T2032"/></temps><temps name="in"><temp name="T6"/><temp name="T287"/></temps><temps name="out"><temp name="T6"/><temp name="T287"/></temps></instruction><instruction code="INCMH T2032, 0"><temps name="use"/><temps name="def"><temp name="T2032"/></temps><temps name="in"><temp name="T6"/><temp name="T287"/></temps><temps name="out"><temp name="T6"/><temp name="T287"/></temps></instruction><instruction code="INCH  T2032, 0"><temps name="use"/><temps name="def"><temp name="T2032"/></temps><temps name="in"><temp name="T6"/><temp name="T287"/></temps><temps name="out"><temp name="T2032"/><temp name="T6"/><temp name="T287"/></temps></instruction><instruction code="NEG T2032, 0, T2032"><temps name="use"><temp name="T2032"/></temps><temps name="def"><temp name="T2032"/></temps><temps name="in"><temp name="T2032"/><temp name="T6"/><temp name="T287"/></temps><temps name="out"><temp name="T6"/><temp name="T2032"/><temp name="T287"/></temps></instruction><instruction code="ADD T2033, T6, T2032"><temps name="use"><temp name="T6"/><temp name="T2032"/></temps><temps name="def"><temp name="T2033"/></temps><temps name="in"><temp name="T6"/><temp name="T2032"/><temp name="T287"/></temps><temps name="out"><temp name="T6"/><temp name="T287"/><temp name="T2033"/></temps></instruction><instruction code="SETL  T2034, 7"><temps name="use"/><temps name="def"><temp name="T2034"/></temps><temps name="in"><temp name="T6"/><temp name="T287"/><temp name="T2033"/></temps><temps name="out"><temp name="T6"/><temp name="T287"/><temp name="T2033"/></temps></instruction><instruction code="INCML T2034, 0"><temps name="use"/><temps name="def"><temp name="T2034"/></temps><temps name="in"><temp name="T6"/><temp name="T287"/><temp name="T2033"/></temps><temps name="out"><temp name="T6"/><temp name="T287"/><temp name="T2033"/></temps></instruction><instruction code="INCMH T2034, 0"><temps name="use"/><temps name="def"><temp name="T2034"/></temps><temps name="in"><temp name="T6"/><temp name="T287"/><temp name="T2033"/></temps><temps name="out"><temp name="T6"/><temp name="T287"/><temp name="T2033"/></temps></instruction><instruction code="INCH  T2034, 0"><temps name="use"/><temps name="def"><temp name="T2034"/></temps><temps name="in"><temp name="T6"/><temp name="T287"/><temp name="T2033"/></temps><temps name="out"><temp name="T6"/><temp name="T2034"/><temp name="T287"/><temp name="T2033"/></temps></instruction><instruction code="SETL  T2035, 72"><temps name="use"/><temps name="def"><temp name="T2035"/></temps><temps name="in"><temp name="T6"/><temp name="T2034"/><temp name="T287"/><temp name="T2033"/></temps><temps name="out"><temp name="T6"/><temp name="T2034"/><temp name="T287"/><temp name="T2033"/></temps></instruction><instruction code="INCML T2035, 0"><temps name="use"/><temps name="def"><temp name="T2035"/></temps><temps name="in"><temp name="T6"/><temp name="T2034"/><temp name="T287"/><temp name="T2033"/></temps><temps name="out"><temp name="T6"/><temp name="T2034"/><temp name="T287"/><temp name="T2033"/></temps></instruction><instruction code="INCMH T2035, 0"><temps name="use"/><temps name="def"><temp name="T2035"/></temps><temps name="in"><temp name="T6"/><temp name="T2034"/><temp name="T287"/><temp name="T2033"/></temps><temps name="out"><temp name="T6"/><temp name="T2034"/><temp name="T287"/><temp name="T2033"/></temps></instruction><instruction code="INCH  T2035, 0"><temps name="use"/><temps name="def"><temp name="T2035"/></temps><temps name="in"><temp name="T6"/><temp name="T2034"/><temp name="T287"/><temp name="T2033"/></temps><temps name="out"><temp name="T6"/><temp name="T2034"/><temp name="T287"/><temp name="T2035"/><temp name="T2033"/></temps></instruction><instruction code="MUL T2036, T2034, T2035"><temps name="use"><temp name="T2034"/><temp name="T2035"/></temps><temps name="def"><temp name="T2036"/></temps><temps name="in"><temp name="T6"/><temp name="T2034"/><temp name="T287"/><temp name="T2035"/><temp name="T2033"/></temps><temps name="out"><temp name="T6"/><temp name="T287"/><temp name="T2033"/><temp name="T2036"/></temps></instruction><instruction code="ADD T2037, T2033, T2036"><temps name="use"><temp name="T2033"/><temp name="T2036"/></temps><temps name="def"><temp name="T2037"/></temps><temps name="in"><temp name="T6"/><temp name="T287"/><temp name="T2033"/><temp name="T2036"/></temps><temps name="out"><temp name="T6"/><temp name="T287"/><temp name="T2037"/></temps></instruction><instruction code="SETL  T2038, 2"><temps name="use"/><temps name="def"><temp name="T2038"/></temps><temps name="in"><temp name="T6"/><temp name="T287"/><temp name="T2037"/></temps><temps name="out"><temp name="T6"/><temp name="T287"/><temp name="T2037"/></temps></instruction><instruction code="INCML T2038, 0"><temps name="use"/><temps name="def"><temp name="T2038"/></temps><temps name="in"><temp name="T6"/><temp name="T287"/><temp name="T2037"/></temps><temps name="out"><temp name="T6"/><temp name="T287"/><temp name="T2037"/></temps></instruction><instruction code="INCMH T2038, 0"><temps name="use"/><temps name="def"><temp name="T2038"/></temps><temps name="in"><temp name="T6"/><temp name="T287"/><temp name="T2037"/></temps><temps name="out"><temp name="T6"/><temp name="T287"/><temp name="T2037"/></temps></instruction><instruction code="INCH  T2038, 0"><temps name="use"/><temps name="def"><temp name="T2038"/></temps><temps name="in"><temp name="T6"/><temp name="T287"/><temp name="T2037"/></temps><temps name="out"><temp name="T2038"/><temp name="T6"/><temp name="T287"/><temp name="T2037"/></temps></instruction><instruction code="SETL  T2039, 8"><temps name="use"/><temps name="def"><temp name="T2039"/></temps><temps name="in"><temp name="T2038"/><temp name="T6"/><temp name="T287"/><temp name="T2037"/></temps><temps name="out"><temp name="T2038"/><temp name="T6"/><temp name="T287"/><temp name="T2037"/></temps></instruction><instruction code="INCML T2039, 0"><temps name="use"/><temps name="def"><temp name="T2039"/></temps><temps name="in"><temp name="T2038"/><temp name="T6"/><temp name="T287"/><temp name="T2037"/></temps><temps name="out"><temp name="T2038"/><temp name="T6"/><temp name="T287"/><temp name="T2037"/></temps></instruction><instruction code="INCMH T2039, 0"><temps name="use"/><temps name="def"><temp name="T2039"/></temps><temps name="in"><temp name="T2038"/><temp name="T6"/><temp name="T287"/><temp name="T2037"/></temps><temps name="out"><temp name="T2038"/><temp name="T6"/><temp name="T287"/><temp name="T2037"/></temps></instruction><instruction code="INCH  T2039, 0"><temps name="use"/><temps name="def"><temp name="T2039"/></temps><temps name="in"><temp name="T2038"/><temp name="T6"/><temp name="T287"/><temp name="T2037"/></temps><temps name="out"><temp name="T2038"/><temp name="T2039"/><temp name="T6"/><temp name="T287"/><temp name="T2037"/></temps></instruction><instruction code="MUL T2040, T2038, T2039"><temps name="use"><temp name="T2038"/><temp name="T2039"/></temps><temps name="def"><temp name="T2040"/></temps><temps name="in"><temp name="T2038"/><temp name="T2039"/><temp name="T6"/><temp name="T287"/><temp name="T2037"/></temps><temps name="out"><temp name="T6"/><temp name="T287"/><temp name="T2040"/><temp name="T2037"/></temps></instruction><instruction code="ADD T2041, T2037, T2040"><temps name="use"><temp name="T2037"/><temp name="T2040"/></temps><temps name="def"><temp name="T2041"/></temps><temps name="in"><temp name="T6"/><temp name="T287"/><temp name="T2040"/><temp name="T2037"/></temps><temps name="out"><temp name="T6"/><temp name="T2041"/><temp name="T287"/></temps></instruction><instruction code="STO T2041, T287, 0"><temps name="use"><temp name="T2041"/><temp name="T287"/></temps><temps name="def"/><temps name="in"><temp name="T6"/><temp name="T2041"/><temp name="T287"/></temps><temps name="out"><temp name="T6"/></temps></instruction><instruction code="SETL  T2043, 0"><temps name="use"/><temps name="def"><temp name="T2043"/></temps><temps name="in"><temp name="T6"/></temps><temps name="out"><temp name="T6"/></temps></instruction><instruction code="INCML T2043, 0"><temps name="use"/><temps name="def"><temp name="T2043"/></temps><temps name="in"><temp name="T6"/></temps><temps name="out"><temp name="T6"/></temps></instruction><instruction code="INCMH T2043, 0"><temps name="use"/><temps name="def"><temp name="T2043"/></temps><temps name="in"><temp name="T6"/></temps><temps name="out"><temp name="T6"/></temps></instruction><instruction code="INCH  T2043, 0"><temps name="use"/><temps name="def"><temp name="T2043"/></temps><temps name="in"><temp name="T6"/></temps><temps name="out"><temp name="T6"/><temp name="T2043"/></temps></instruction><instruction code="OR T288, T2043, 0"><temps name="use"><temp name="T2043"/></temps><temps name="def"><temp name="T288"/></temps><temps name="in"><temp name="T6"/><temp name="T2043"/></temps><temps name="out"><temp name="T6"/><temp name="T288"/></temps></instruction><instruction code="SETL  T2044, 664"><temps name="use"/><temps name="def"><temp name="T2044"/></temps><temps name="in"><temp name="T6"/><temp name="T288"/></temps><temps name="out"><temp name="T6"/><temp name="T288"/></temps></instruction><instruction code="INCML T2044, 0"><temps name="use"/><temps name="def"><temp name="T2044"/></temps><temps name="in"><temp name="T6"/><temp name="T288"/></temps><temps name="out"><temp name="T6"/><temp name="T288"/></temps></instruction><instruction code="INCMH T2044, 0"><temps name="use"/><temps name="def"><temp name="T2044"/></temps><temps name="in"><temp name="T6"/><temp name="T288"/></temps><temps name="out"><temp name="T6"/><temp name="T288"/></temps></instruction><instruction code="INCH  T2044, 0"><temps name="use"/><temps name="def"><temp name="T2044"/></temps><temps name="in"><temp name="T6"/><temp name="T288"/></temps><temps name="out"><temp name="T2044"/><temp name="T6"/><temp name="T288"/></temps></instruction><instruction code="NEG T2044, 0, T2044"><temps name="use"><temp name="T2044"/></temps><temps name="def"><temp name="T2044"/></temps><temps name="in"><temp name="T2044"/><temp name="T6"/><temp name="T288"/></temps><temps name="out"><temp name="T2044"/><temp name="T6"/><temp name="T288"/></temps></instruction><instruction code="ADD T2045, T6, T2044"><temps name="use"><temp name="T6"/><temp name="T2044"/></temps><temps name="def"><temp name="T2045"/></temps><temps name="in"><temp name="T2044"/><temp name="T6"/><temp name="T288"/></temps><temps name="out"><temp name="T6"/><temp name="T2045"/><temp name="T288"/></temps></instruction><instruction code="SETL  T2046, 7"><temps name="use"/><temps name="def"><temp name="T2046"/></temps><temps name="in"><temp name="T6"/><temp name="T2045"/><temp name="T288"/></temps><temps name="out"><temp name="T6"/><temp name="T2045"/><temp name="T288"/></temps></instruction><instruction code="INCML T2046, 0"><temps name="use"/><temps name="def"><temp name="T2046"/></temps><temps name="in"><temp name="T6"/><temp name="T2045"/><temp name="T288"/></temps><temps name="out"><temp name="T6"/><temp name="T2045"/><temp name="T288"/></temps></instruction><instruction code="INCMH T2046, 0"><temps name="use"/><temps name="def"><temp name="T2046"/></temps><temps name="in"><temp name="T6"/><temp name="T2045"/><temp name="T288"/></temps><temps name="out"><temp name="T6"/><temp name="T2045"/><temp name="T288"/></temps></instruction><instruction code="INCH  T2046, 0"><temps name="use"/><temps name="def"><temp name="T2046"/></temps><temps name="in"><temp name="T6"/><temp name="T2045"/><temp name="T288"/></temps><temps name="out"><temp name="T6"/><temp name="T2046"/><temp name="T2045"/><temp name="T288"/></temps></instruction><instruction code="SETL  T2047, 72"><temps name="use"/><temps name="def"><temp name="T2047"/></temps><temps name="in"><temp name="T6"/><temp name="T2046"/><temp name="T2045"/><temp name="T288"/></temps><temps name="out"><temp name="T6"/><temp name="T2046"/><temp name="T2045"/><temp name="T288"/></temps></instruction><instruction code="INCML T2047, 0"><temps name="use"/><temps name="def"><temp name="T2047"/></temps><temps name="in"><temp name="T6"/><temp name="T2046"/><temp name="T2045"/><temp name="T288"/></temps><temps name="out"><temp name="T6"/><temp name="T2046"/><temp name="T2045"/><temp name="T288"/></temps></instruction><instruction code="INCMH T2047, 0"><temps name="use"/><temps name="def"><temp name="T2047"/></temps><temps name="in"><temp name="T6"/><temp name="T2046"/><temp name="T2045"/><temp name="T288"/></temps><temps name="out"><temp name="T6"/><temp name="T2046"/><temp name="T2045"/><temp name="T288"/></temps></instruction><instruction code="INCH  T2047, 0"><temps name="use"/><temps name="def"><temp name="T2047"/></temps><temps name="in"><temp name="T6"/><temp name="T2046"/><temp name="T2045"/><temp name="T288"/></temps><temps name="out"><temp name="T2047"/><temp name="T6"/><temp name="T2046"/><temp name="T2045"/><temp name="T288"/></temps></instruction><instruction code="MUL T2048, T2046, T2047"><temps name="use"><temp name="T2046"/><temp name="T2047"/></temps><temps name="def"><temp name="T2048"/></temps><temps name="in"><temp name="T2047"/><temp name="T6"/><temp name="T2046"/><temp name="T2045"/><temp name="T288"/></temps><temps name="out"><temp name="T6"/><temp name="T2048"/><temp name="T2045"/><temp name="T288"/></temps></instruction><instruction code="ADD T2049, T2045, T2048"><temps name="use"><temp name="T2045"/><temp name="T2048"/></temps><temps name="def"><temp name="T2049"/></temps><temps name="in"><temp name="T6"/><temp name="T2048"/><temp name="T2045"/><temp name="T288"/></temps><temps name="out"><temp name="T6"/><temp name="T2049"/><temp name="T288"/></temps></instruction><instruction code="SETL  T2050, 3"><temps name="use"/><temps name="def"><temp name="T2050"/></temps><temps name="in"><temp name="T6"/><temp name="T2049"/><temp name="T288"/></temps><temps name="out"><temp name="T6"/><temp name="T2049"/><temp name="T288"/></temps></instruction><instruction code="INCML T2050, 0"><temps name="use"/><temps name="def"><temp name="T2050"/></temps><temps name="in"><temp name="T6"/><temp name="T2049"/><temp name="T288"/></temps><temps name="out"><temp name="T6"/><temp name="T2049"/><temp name="T288"/></temps></instruction><instruction code="INCMH T2050, 0"><temps name="use"/><temps name="def"><temp name="T2050"/></temps><temps name="in"><temp name="T6"/><temp name="T2049"/><temp name="T288"/></temps><temps name="out"><temp name="T6"/><temp name="T2049"/><temp name="T288"/></temps></instruction><instruction code="INCH  T2050, 0"><temps name="use"/><temps name="def"><temp name="T2050"/></temps><temps name="in"><temp name="T6"/><temp name="T2049"/><temp name="T288"/></temps><temps name="out"><temp name="T6"/><temp name="T2050"/><temp name="T2049"/><temp name="T288"/></temps></instruction><instruction code="SETL  T2051, 8"><temps name="use"/><temps name="def"><temp name="T2051"/></temps><temps name="in"><temp name="T6"/><temp name="T2050"/><temp name="T2049"/><temp name="T288"/></temps><temps name="out"><temp name="T6"/><temp name="T2050"/><temp name="T2049"/><temp name="T288"/></temps></instruction><instruction code="INCML T2051, 0"><temps name="use"/><temps name="def"><temp name="T2051"/></temps><temps name="in"><temp name="T6"/><temp name="T2050"/><temp name="T2049"/><temp name="T288"/></temps><temps name="out"><temp name="T6"/><temp name="T2050"/><temp name="T2049"/><temp name="T288"/></temps></instruction><instruction code="INCMH T2051, 0"><temps name="use"/><temps name="def"><temp name="T2051"/></temps><temps name="in"><temp name="T6"/><temp name="T2050"/><temp name="T2049"/><temp name="T288"/></temps><temps name="out"><temp name="T6"/><temp name="T2050"/><temp name="T2049"/><temp name="T288"/></temps></instruction><instruction code="INCH  T2051, 0"><temps name="use"/><temps name="def"><temp name="T2051"/></temps><temps name="in"><temp name="T6"/><temp name="T2050"/><temp name="T2049"/><temp name="T288"/></temps><temps name="out"><temp name="T6"/><temp name="T2050"/><temp name="T2049"/><temp name="T2051"/><temp name="T288"/></temps></instruction><instruction code="MUL T2052, T2050, T2051"><temps name="use"><temp name="T2050"/><temp name="T2051"/></temps><temps name="def"><temp name="T2052"/></temps><temps name="in"><temp name="T6"/><temp name="T2050"/><temp name="T2049"/><temp name="T2051"/><temp name="T288"/></temps><temps name="out"><temp name="T6"/><temp name="T2052"/><temp name="T2049"/><temp name="T288"/></temps></instruction><instruction code="ADD T2053, T2049, T2052"><temps name="use"><temp name="T2049"/><temp name="T2052"/></temps><temps name="def"><temp name="T2053"/></temps><temps name="in"><temp name="T6"/><temp name="T2052"/><temp name="T2049"/><temp name="T288"/></temps><temps name="out"><temp name="T6"/><temp name="T2053"/><temp name="T288"/></temps></instruction><instruction code="STO T2053, T288, 0"><temps name="use"><temp name="T2053"/><temp name="T288"/></temps><temps name="def"/><temps name="in"><temp name="T6"/><temp name="T2053"/><temp name="T288"/></temps><temps name="out"><temp name="T6"/></temps></instruction><instruction code="SETL  T2055, 0"><temps name="use"/><temps name="def"><temp name="T2055"/></temps><temps name="in"><temp name="T6"/></temps><temps name="out"><temp name="T6"/></temps></instruction><instruction code="INCML T2055, 0"><temps name="use"/><temps name="def"><temp name="T2055"/></temps><temps name="in"><temp name="T6"/></temps><temps name="out"><temp name="T6"/></temps></instruction><instruction code="INCMH T2055, 0"><temps name="use"/><temps name="def"><temp name="T2055"/></temps><temps name="in"><temp name="T6"/></temps><temps name="out"><temp name="T6"/></temps></instruction><instruction code="INCH  T2055, 0"><temps name="use"/><temps name="def"><temp name="T2055"/></temps><temps name="in"><temp name="T6"/></temps><temps name="out"><temp name="T6"/><temp name="T2055"/></temps></instruction><instruction code="OR T289, T2055, 0"><temps name="use"><temp name="T2055"/></temps><temps name="def"><temp name="T289"/></temps><temps name="in"><temp name="T6"/><temp name="T2055"/></temps><temps name="out"><temp name="T6"/><temp name="T289"/></temps></instruction><instruction code="SETL  T2056, 664"><temps name="use"/><temps name="def"><temp name="T2056"/></temps><temps name="in"><temp name="T6"/><temp name="T289"/></temps><temps name="out"><temp name="T6"/><temp name="T289"/></temps></instruction><instruction code="INCML T2056, 0"><temps name="use"/><temps name="def"><temp name="T2056"/></temps><temps name="in"><temp name="T6"/><temp name="T289"/></temps><temps name="out"><temp name="T6"/><temp name="T289"/></temps></instruction><instruction code="INCMH T2056, 0"><temps name="use"/><temps name="def"><temp name="T2056"/></temps><temps name="in"><temp name="T6"/><temp name="T289"/></temps><temps name="out"><temp name="T6"/><temp name="T289"/></temps></instruction><instruction code="INCH  T2056, 0"><temps name="use"/><temps name="def"><temp name="T2056"/></temps><temps name="in"><temp name="T6"/><temp name="T289"/></temps><temps name="out"><temp name="T6"/><temp name="T289"/><temp name="T2056"/></temps></instruction><instruction code="NEG T2056, 0, T2056"><temps name="use"><temp name="T2056"/></temps><temps name="def"><temp name="T2056"/></temps><temps name="in"><temp name="T6"/><temp name="T289"/><temp name="T2056"/></temps><temps name="out"><temp name="T6"/><temp name="T289"/><temp name="T2056"/></temps></instruction><instruction code="ADD T2057, T6, T2056"><temps name="use"><temp name="T6"/><temp name="T2056"/></temps><temps name="def"><temp name="T2057"/></temps><temps name="in"><temp name="T6"/><temp name="T289"/><temp name="T2056"/></temps><temps name="out"><temp name="T6"/><temp name="T2057"/><temp name="T289"/></temps></instruction><instruction code="SETL  T2058, 7"><temps name="use"/><temps name="def"><temp name="T2058"/></temps><temps name="in"><temp name="T6"/><temp name="T2057"/><temp name="T289"/></temps><temps name="out"><temp name="T6"/><temp name="T2057"/><temp name="T289"/></temps></instruction><instruction code="INCML T2058, 0"><temps name="use"/><temps name="def"><temp name="T2058"/></temps><temps name="in"><temp name="T6"/><temp name="T2057"/><temp name="T289"/></temps><temps name="out"><temp name="T6"/><temp name="T2057"/><temp name="T289"/></temps></instruction><instruction code="INCMH T2058, 0"><temps name="use"/><temps name="def"><temp name="T2058"/></temps><temps name="in"><temp name="T6"/><temp name="T2057"/><temp name="T289"/></temps><temps name="out"><temp name="T6"/><temp name="T2057"/><temp name="T289"/></temps></instruction><instruction code="INCH  T2058, 0"><temps name="use"/><temps name="def"><temp name="T2058"/></temps><temps name="in"><temp name="T6"/><temp name="T2057"/><temp name="T289"/></temps><temps name="out"><temp name="T6"/><temp name="T2057"/><temp name="T289"/><temp name="T2058"/></temps></instruction><instruction code="SETL  T2059, 72"><temps name="use"/><temps name="def"><temp name="T2059"/></temps><temps name="in"><temp name="T6"/><temp name="T2057"/><temp name="T289"/><temp name="T2058"/></temps><temps name="out"><temp name="T6"/><temp name="T2057"/><temp name="T289"/><temp name="T2058"/></temps></instruction><instruction code="INCML T2059, 0"><temps name="use"/><temps name="def"><temp name="T2059"/></temps><temps name="in"><temp name="T6"/><temp name="T2057"/><temp name="T289"/><temp name="T2058"/></temps><temps name="out"><temp name="T6"/><temp name="T2057"/><temp name="T289"/><temp name="T2058"/></temps></instruction><instruction code="INCMH T2059, 0"><temps name="use"/><temps name="def"><temp name="T2059"/></temps><temps name="in"><temp name="T6"/><temp name="T2057"/><temp name="T289"/><temp name="T2058"/></temps><temps name="out"><temp name="T6"/><temp name="T2057"/><temp name="T289"/><temp name="T2058"/></temps></instruction><instruction code="INCH  T2059, 0"><temps name="use"/><temps name="def"><temp name="T2059"/></temps><temps name="in"><temp name="T6"/><temp name="T2057"/><temp name="T289"/><temp name="T2058"/></temps><temps name="out"><temp name="T6"/><temp name="T2057"/><temp name="T289"/><temp name="T2059"/><temp name="T2058"/></temps></instruction><instruction code="MUL T2060, T2058, T2059"><temps name="use"><temp name="T2058"/><temp name="T2059"/></temps><temps name="def"><temp name="T2060"/></temps><temps name="in"><temp name="T6"/><temp name="T2057"/><temp name="T289"/><temp name="T2059"/><temp name="T2058"/></temps><temps name="out"><temp name="T2060"/><temp name="T6"/><temp name="T2057"/><temp name="T289"/></temps></instruction><instruction code="ADD T2061, T2057, T2060"><temps name="use"><temp name="T2057"/><temp name="T2060"/></temps><temps name="def"><temp name="T2061"/></temps><temps name="in"><temp name="T2060"/><temp name="T6"/><temp name="T2057"/><temp name="T289"/></temps><temps name="out"><temp name="T2061"/><temp name="T6"/><temp name="T289"/></temps></instruction><instruction code="SETL  T2062, 4"><temps name="use"/><temps name="def"><temp name="T2062"/></temps><temps name="in"><temp name="T2061"/><temp name="T6"/><temp name="T289"/></temps><temps name="out"><temp name="T2061"/><temp name="T6"/><temp name="T289"/></temps></instruction><instruction code="INCML T2062, 0"><temps name="use"/><temps name="def"><temp name="T2062"/></temps><temps name="in"><temp name="T2061"/><temp name="T6"/><temp name="T289"/></temps><temps name="out"><temp name="T2061"/><temp name="T6"/><temp name="T289"/></temps></instruction><instruction code="INCMH T2062, 0"><temps name="use"/><temps name="def"><temp name="T2062"/></temps><temps name="in"><temp name="T2061"/><temp name="T6"/><temp name="T289"/></temps><temps name="out"><temp name="T2061"/><temp name="T6"/><temp name="T289"/></temps></instruction><instruction code="INCH  T2062, 0"><temps name="use"/><temps name="def"><temp name="T2062"/></temps><temps name="in"><temp name="T2061"/><temp name="T6"/><temp name="T289"/></temps><temps name="out"><temp name="T2061"/><temp name="T6"/><temp name="T2062"/><temp name="T289"/></temps></instruction><instruction code="SETL  T2063, 8"><temps name="use"/><temps name="def"><temp name="T2063"/></temps><temps name="in"><temp name="T2061"/><temp name="T6"/><temp name="T2062"/><temp name="T289"/></temps><temps name="out"><temp name="T2061"/><temp name="T6"/><temp name="T2062"/><temp name="T289"/></temps></instruction><instruction code="INCML T2063, 0"><temps name="use"/><temps name="def"><temp name="T2063"/></temps><temps name="in"><temp name="T2061"/><temp name="T6"/><temp name="T2062"/><temp name="T289"/></temps><temps name="out"><temp name="T2061"/><temp name="T6"/><temp name="T2062"/><temp name="T289"/></temps></instruction><instruction code="INCMH T2063, 0"><temps name="use"/><temps name="def"><temp name="T2063"/></temps><temps name="in"><temp name="T2061"/><temp name="T6"/><temp name="T2062"/><temp name="T289"/></temps><temps name="out"><temp name="T2061"/><temp name="T6"/><temp name="T2062"/><temp name="T289"/></temps></instruction><instruction code="INCH  T2063, 0"><temps name="use"/><temps name="def"><temp name="T2063"/></temps><temps name="in"><temp name="T2061"/><temp name="T6"/><temp name="T2062"/><temp name="T289"/></temps><temps name="out"><temp name="T2061"/><temp name="T6"/><temp name="T2062"/><temp name="T289"/><temp name="T2063"/></temps></instruction><instruction code="MUL T2064, T2062, T2063"><temps name="use"><temp name="T2062"/><temp name="T2063"/></temps><temps name="def"><temp name="T2064"/></temps><temps name="in"><temp name="T2061"/><temp name="T6"/><temp name="T2062"/><temp name="T289"/><temp name="T2063"/></temps><temps name="out"><temp name="T2061"/><temp name="T2064"/><temp name="T6"/><temp name="T289"/></temps></instruction><instruction code="ADD T2065, T2061, T2064"><temps name="use"><temp name="T2061"/><temp name="T2064"/></temps><temps name="def"><temp name="T2065"/></temps><temps name="in"><temp name="T2061"/><temp name="T2064"/><temp name="T6"/><temp name="T289"/></temps><temps name="out"><temp name="T2065"/><temp name="T6"/><temp name="T289"/></temps></instruction><instruction code="STO T2065, T289, 0"><temps name="use"><temp name="T2065"/><temp name="T289"/></temps><temps name="def"/><temps name="in"><temp name="T2065"/><temp name="T6"/><temp name="T289"/></temps><temps name="out"><temp name="T6"/></temps></instruction><instruction code="SETL  T2067, 2"><temps name="use"/><temps name="def"><temp name="T2067"/></temps><temps name="in"><temp name="T6"/></temps><temps name="out"><temp name="T6"/></temps></instruction><instruction code="INCML T2067, 0"><temps name="use"/><temps name="def"><temp name="T2067"/></temps><temps name="in"><temp name="T6"/></temps><temps name="out"><temp name="T6"/></temps></instruction><instruction code="INCMH T2067, 0"><temps name="use"/><temps name="def"><temp name="T2067"/></temps><temps name="in"><temp name="T6"/></temps><temps name="out"><temp name="T6"/></temps></instruction><instruction code="INCH  T2067, 0"><temps name="use"/><temps name="def"><temp name="T2067"/></temps><temps name="in"><temp name="T6"/></temps><temps name="out"><temp name="T6"/><temp name="T2067"/></temps></instruction><instruction code="OR T290, T2067, 0"><temps name="use"><temp name="T2067"/></temps><temps name="def"><temp name="T290"/></temps><temps name="in"><temp name="T6"/><temp name="T2067"/></temps><temps name="out"><temp name="T6"/><temp name="T290"/></temps></instruction><instruction code="SETL  T2068, 664"><temps name="use"/><temps name="def"><temp name="T2068"/></temps><temps name="in"><temp name="T6"/><temp name="T290"/></temps><temps name="out"><temp name="T6"/><temp name="T290"/></temps></instruction><instruction code="INCML T2068, 0"><temps name="use"/><temps name="def"><temp name="T2068"/></temps><temps name="in"><temp name="T6"/><temp name="T290"/></temps><temps name="out"><temp name="T6"/><temp name="T290"/></temps></instruction><instruction code="INCMH T2068, 0"><temps name="use"/><temps name="def"><temp name="T2068"/></temps><temps name="in"><temp name="T6"/><temp name="T290"/></temps><temps name="out"><temp name="T6"/><temp name="T290"/></temps></instruction><instruction code="INCH  T2068, 0"><temps name="use"/><temps name="def"><temp name="T2068"/></temps><temps name="in"><temp name="T6"/><temp name="T290"/></temps><temps name="out"><temp name="T6"/><temp name="T2068"/><temp name="T290"/></temps></instruction><instruction code="NEG T2068, 0, T2068"><temps name="use"><temp name="T2068"/></temps><temps name="def"><temp name="T2068"/></temps><temps name="in"><temp name="T6"/><temp name="T2068"/><temp name="T290"/></temps><temps name="out"><temp name="T6"/><temp name="T2068"/><temp name="T290"/></temps></instruction><instruction code="ADD T2069, T6, T2068"><temps name="use"><temp name="T6"/><temp name="T2068"/></temps><temps name="def"><temp name="T2069"/></temps><temps name="in"><temp name="T6"/><temp name="T2068"/><temp name="T290"/></temps><temps name="out"><temp name="T6"/><temp name="T2069"/><temp name="T290"/></temps></instruction><instruction code="SETL  T2070, 7"><temps name="use"/><temps name="def"><temp name="T2070"/></temps><temps name="in"><temp name="T6"/><temp name="T2069"/><temp name="T290"/></temps><temps name="out"><temp name="T6"/><temp name="T2069"/><temp name="T290"/></temps></instruction><instruction code="INCML T2070, 0"><temps name="use"/><temps name="def"><temp name="T2070"/></temps><temps name="in"><temp name="T6"/><temp name="T2069"/><temp name="T290"/></temps><temps name="out"><temp name="T6"/><temp name="T2069"/><temp name="T290"/></temps></instruction><instruction code="INCMH T2070, 0"><temps name="use"/><temps name="def"><temp name="T2070"/></temps><temps name="in"><temp name="T6"/><temp name="T2069"/><temp name="T290"/></temps><temps name="out"><temp name="T6"/><temp name="T2069"/><temp name="T290"/></temps></instruction><instruction code="INCH  T2070, 0"><temps name="use"/><temps name="def"><temp name="T2070"/></temps><temps name="in"><temp name="T6"/><temp name="T2069"/><temp name="T290"/></temps><temps name="out"><temp name="T6"/><temp name="T2070"/><temp name="T2069"/><temp name="T290"/></temps></instruction><instruction code="SETL  T2071, 72"><temps name="use"/><temps name="def"><temp name="T2071"/></temps><temps name="in"><temp name="T6"/><temp name="T2070"/><temp name="T2069"/><temp name="T290"/></temps><temps name="out"><temp name="T6"/><temp name="T2070"/><temp name="T2069"/><temp name="T290"/></temps></instruction><instruction code="INCML T2071, 0"><temps name="use"/><temps name="def"><temp name="T2071"/></temps><temps name="in"><temp name="T6"/><temp name="T2070"/><temp name="T2069"/><temp name="T290"/></temps><temps name="out"><temp name="T6"/><temp name="T2070"/><temp name="T2069"/><temp name="T290"/></temps></instruction><instruction code="INCMH T2071, 0"><temps name="use"/><temps name="def"><temp name="T2071"/></temps><temps name="in"><temp name="T6"/><temp name="T2070"/><temp name="T2069"/><temp name="T290"/></temps><temps name="out"><temp name="T6"/><temp name="T2070"/><temp name="T2069"/><temp name="T290"/></temps></instruction><instruction code="INCH  T2071, 0"><temps name="use"/><temps name="def"><temp name="T2071"/></temps><temps name="in"><temp name="T6"/><temp name="T2070"/><temp name="T2069"/><temp name="T290"/></temps><temps name="out"><temp name="T6"/><temp name="T2070"/><temp name="T2069"/><temp name="T290"/><temp name="T2071"/></temps></instruction><instruction code="MUL T2072, T2070, T2071"><temps name="use"><temp name="T2070"/><temp name="T2071"/></temps><temps name="def"><temp name="T2072"/></temps><temps name="in"><temp name="T6"/><temp name="T2070"/><temp name="T2069"/><temp name="T290"/><temp name="T2071"/></temps><temps name="out"><temp name="T2072"/><temp name="T6"/><temp name="T2069"/><temp name="T290"/></temps></instruction><instruction code="ADD T2073, T2069, T2072"><temps name="use"><temp name="T2069"/><temp name="T2072"/></temps><temps name="def"><temp name="T2073"/></temps><temps name="in"><temp name="T2072"/><temp name="T6"/><temp name="T2069"/><temp name="T290"/></temps><temps name="out"><temp name="T6"/><temp name="T2073"/><temp name="T290"/></temps></instruction><instruction code="SETL  T2074, 5"><temps name="use"/><temps name="def"><temp name="T2074"/></temps><temps name="in"><temp name="T6"/><temp name="T2073"/><temp name="T290"/></temps><temps name="out"><temp name="T6"/><temp name="T2073"/><temp name="T290"/></temps></instruction><instruction code="INCML T2074, 0"><temps name="use"/><temps name="def"><temp name="T2074"/></temps><temps name="in"><temp name="T6"/><temp name="T2073"/><temp name="T290"/></temps><temps name="out"><temp name="T6"/><temp name="T2073"/><temp name="T290"/></temps></instruction><instruction code="INCMH T2074, 0"><temps name="use"/><temps name="def"><temp name="T2074"/></temps><temps name="in"><temp name="T6"/><temp name="T2073"/><temp name="T290"/></temps><temps name="out"><temp name="T6"/><temp name="T2073"/><temp name="T290"/></temps></instruction><instruction code="INCH  T2074, 0"><temps name="use"/><temps name="def"><temp name="T2074"/></temps><temps name="in"><temp name="T6"/><temp name="T2073"/><temp name="T290"/></temps><temps name="out"><temp name="T6"/><temp name="T2074"/><temp name="T2073"/><temp name="T290"/></temps></instruction><instruction code="SETL  T2075, 8"><temps name="use"/><temps name="def"><temp name="T2075"/></temps><temps name="in"><temp name="T6"/><temp name="T2074"/><temp name="T2073"/><temp name="T290"/></temps><temps name="out"><temp name="T6"/><temp name="T2074"/><temp name="T2073"/><temp name="T290"/></temps></instruction><instruction code="INCML T2075, 0"><temps name="use"/><temps name="def"><temp name="T2075"/></temps><temps name="in"><temp name="T6"/><temp name="T2074"/><temp name="T2073"/><temp name="T290"/></temps><temps name="out"><temp name="T6"/><temp name="T2074"/><temp name="T2073"/><temp name="T290"/></temps></instruction><instruction code="INCMH T2075, 0"><temps name="use"/><temps name="def"><temp name="T2075"/></temps><temps name="in"><temp name="T6"/><temp name="T2074"/><temp name="T2073"/><temp name="T290"/></temps><temps name="out"><temp name="T6"/><temp name="T2074"/><temp name="T2073"/><temp name="T290"/></temps></instruction><instruction code="INCH  T2075, 0"><temps name="use"/><temps name="def"><temp name="T2075"/></temps><temps name="in"><temp name="T6"/><temp name="T2074"/><temp name="T2073"/><temp name="T290"/></temps><temps name="out"><temp name="T6"/><temp name="T2075"/><temp name="T2074"/><temp name="T2073"/><temp name="T290"/></temps></instruction><instruction code="MUL T2076, T2074, T2075"><temps name="use"><temp name="T2074"/><temp name="T2075"/></temps><temps name="def"><temp name="T2076"/></temps><temps name="in"><temp name="T6"/><temp name="T2075"/><temp name="T2074"/><temp name="T2073"/><temp name="T290"/></temps><temps name="out"><temp name="T6"/><temp name="T2073"/><temp name="T2076"/><temp name="T290"/></temps></instruction><instruction code="ADD T2077, T2073, T2076"><temps name="use"><temp name="T2073"/><temp name="T2076"/></temps><temps name="def"><temp name="T2077"/></temps><temps name="in"><temp name="T6"/><temp name="T2073"/><temp name="T2076"/><temp name="T290"/></temps><temps name="out"><temp name="T2077"/><temp name="T6"/><temp name="T290"/></temps></instruction><instruction code="STO T2077, T290, 0"><temps name="use"><temp name="T2077"/><temp name="T290"/></temps><temps name="def"/><temps name="in"><temp name="T2077"/><temp name="T6"/><temp name="T290"/></temps><temps name="out"><temp name="T6"/></temps></instruction><instruction code="SETL  T2079, 4"><temps name="use"/><temps name="def"><temp name="T2079"/></temps><temps name="in"><temp name="T6"/></temps><temps name="out"><temp name="T6"/></temps></instruction><instruction code="INCML T2079, 0"><temps name="use"/><temps name="def"><temp name="T2079"/></temps><temps name="in"><temp name="T6"/></temps><temps name="out"><temp name="T6"/></temps></instruction><instruction code="INCMH T2079, 0"><temps name="use"/><temps name="def"><temp name="T2079"/></temps><temps name="in"><temp name="T6"/></temps><temps name="out"><temp name="T6"/></temps></instruction><instruction code="INCH  T2079, 0"><temps name="use"/><temps name="def"><temp name="T2079"/></temps><temps name="in"><temp name="T6"/></temps><temps name="out"><temp name="T2079"/><temp name="T6"/></temps></instruction><instruction code="OR T291, T2079, 0"><temps name="use"><temp name="T2079"/></temps><temps name="def"><temp name="T291"/></temps><temps name="in"><temp name="T2079"/><temp name="T6"/></temps><temps name="out"><temp name="T291"/><temp name="T6"/></temps></instruction><instruction code="SETL  T2080, 664"><temps name="use"/><temps name="def"><temp name="T2080"/></temps><temps name="in"><temp name="T291"/><temp name="T6"/></temps><temps name="out"><temp name="T291"/><temp name="T6"/></temps></instruction><instruction code="INCML T2080, 0"><temps name="use"/><temps name="def"><temp name="T2080"/></temps><temps name="in"><temp name="T291"/><temp name="T6"/></temps><temps name="out"><temp name="T291"/><temp name="T6"/></temps></instruction><instruction code="INCMH T2080, 0"><temps name="use"/><temps name="def"><temp name="T2080"/></temps><temps name="in"><temp name="T291"/><temp name="T6"/></temps><temps name="out"><temp name="T291"/><temp name="T6"/></temps></instruction><instruction code="INCH  T2080, 0"><temps name="use"/><temps name="def"><temp name="T2080"/></temps><temps name="in"><temp name="T291"/><temp name="T6"/></temps><temps name="out"><temp name="T291"/><temp name="T6"/><temp name="T2080"/></temps></instruction><instruction code="NEG T2080, 0, T2080"><temps name="use"><temp name="T2080"/></temps><temps name="def"><temp name="T2080"/></temps><temps name="in"><temp name="T291"/><temp name="T6"/><temp name="T2080"/></temps><temps name="out"><temp name="T291"/><temp name="T6"/><temp name="T2080"/></temps></instruction><instruction code="ADD T2081, T6, T2080"><temps name="use"><temp name="T6"/><temp name="T2080"/></temps><temps name="def"><temp name="T2081"/></temps><temps name="in"><temp name="T291"/><temp name="T6"/><temp name="T2080"/></temps><temps name="out"><temp name="T291"/><temp name="T6"/><temp name="T2081"/></temps></instruction><instruction code="SETL  T2082, 7"><temps name="use"/><temps name="def"><temp name="T2082"/></temps><temps name="in"><temp name="T291"/><temp name="T6"/><temp name="T2081"/></temps><temps name="out"><temp name="T291"/><temp name="T6"/><temp name="T2081"/></temps></instruction><instruction code="INCML T2082, 0"><temps name="use"/><temps name="def"><temp name="T2082"/></temps><temps name="in"><temp name="T291"/><temp name="T6"/><temp name="T2081"/></temps><temps name="out"><temp name="T291"/><temp name="T6"/><temp name="T2081"/></temps></instruction><instruction code="INCMH T2082, 0"><temps name="use"/><temps name="def"><temp name="T2082"/></temps><temps name="in"><temp name="T291"/><temp name="T6"/><temp name="T2081"/></temps><temps name="out"><temp name="T291"/><temp name="T6"/><temp name="T2081"/></temps></instruction><instruction code="INCH  T2082, 0"><temps name="use"/><temps name="def"><temp name="T2082"/></temps><temps name="in"><temp name="T291"/><temp name="T6"/><temp name="T2081"/></temps><temps name="out"><temp name="T291"/><temp name="T6"/><temp name="T2082"/><temp name="T2081"/></temps></instruction><instruction code="SETL  T2083, 72"><temps name="use"/><temps name="def"><temp name="T2083"/></temps><temps name="in"><temp name="T291"/><temp name="T6"/><temp name="T2082"/><temp name="T2081"/></temps><temps name="out"><temp name="T291"/><temp name="T6"/><temp name="T2082"/><temp name="T2081"/></temps></instruction><instruction code="INCML T2083, 0"><temps name="use"/><temps name="def"><temp name="T2083"/></temps><temps name="in"><temp name="T291"/><temp name="T6"/><temp name="T2082"/><temp name="T2081"/></temps><temps name="out"><temp name="T291"/><temp name="T6"/><temp name="T2082"/><temp name="T2081"/></temps></instruction><instruction code="INCMH T2083, 0"><temps name="use"/><temps name="def"><temp name="T2083"/></temps><temps name="in"><temp name="T291"/><temp name="T6"/><temp name="T2082"/><temp name="T2081"/></temps><temps name="out"><temp name="T291"/><temp name="T6"/><temp name="T2082"/><temp name="T2081"/></temps></instruction><instruction code="INCH  T2083, 0"><temps name="use"/><temps name="def"><temp name="T2083"/></temps><temps name="in"><temp name="T291"/><temp name="T6"/><temp name="T2082"/><temp name="T2081"/></temps><temps name="out"><temp name="T291"/><temp name="T2083"/><temp name="T6"/><temp name="T2082"/><temp name="T2081"/></temps></instruction><instruction code="MUL T2084, T2082, T2083"><temps name="use"><temp name="T2082"/><temp name="T2083"/></temps><temps name="def"><temp name="T2084"/></temps><temps name="in"><temp name="T291"/><temp name="T2083"/><temp name="T6"/><temp name="T2082"/><temp name="T2081"/></temps><temps name="out"><temp name="T2084"/><temp name="T291"/><temp name="T6"/><temp name="T2081"/></temps></instruction><instruction code="ADD T2085, T2081, T2084"><temps name="use"><temp name="T2081"/><temp name="T2084"/></temps><temps name="def"><temp name="T2085"/></temps><temps name="in"><temp name="T2084"/><temp name="T291"/><temp name="T6"/><temp name="T2081"/></temps><temps name="out"><temp name="T291"/><temp name="T2085"/><temp name="T6"/></temps></instruction><instruction code="SETL  T2086, 6"><temps name="use"/><temps name="def"><temp name="T2086"/></temps><temps name="in"><temp name="T291"/><temp name="T2085"/><temp name="T6"/></temps><temps name="out"><temp name="T291"/><temp name="T2085"/><temp name="T6"/></temps></instruction><instruction code="INCML T2086, 0"><temps name="use"/><temps name="def"><temp name="T2086"/></temps><temps name="in"><temp name="T291"/><temp name="T2085"/><temp name="T6"/></temps><temps name="out"><temp name="T291"/><temp name="T2085"/><temp name="T6"/></temps></instruction><instruction code="INCMH T2086, 0"><temps name="use"/><temps name="def"><temp name="T2086"/></temps><temps name="in"><temp name="T291"/><temp name="T2085"/><temp name="T6"/></temps><temps name="out"><temp name="T291"/><temp name="T2085"/><temp name="T6"/></temps></instruction><instruction code="INCH  T2086, 0"><temps name="use"/><temps name="def"><temp name="T2086"/></temps><temps name="in"><temp name="T291"/><temp name="T2085"/><temp name="T6"/></temps><temps name="out"><temp name="T291"/><temp name="T2085"/><temp name="T6"/><temp name="T2086"/></temps></instruction><instruction code="SETL  T2087, 8"><temps name="use"/><temps name="def"><temp name="T2087"/></temps><temps name="in"><temp name="T291"/><temp name="T2085"/><temp name="T6"/><temp name="T2086"/></temps><temps name="out"><temp name="T291"/><temp name="T2085"/><temp name="T6"/><temp name="T2086"/></temps></instruction><instruction code="INCML T2087, 0"><temps name="use"/><temps name="def"><temp name="T2087"/></temps><temps name="in"><temp name="T291"/><temp name="T2085"/><temp name="T6"/><temp name="T2086"/></temps><temps name="out"><temp name="T291"/><temp name="T2085"/><temp name="T6"/><temp name="T2086"/></temps></instruction><instruction code="INCMH T2087, 0"><temps name="use"/><temps name="def"><temp name="T2087"/></temps><temps name="in"><temp name="T291"/><temp name="T2085"/><temp name="T6"/><temp name="T2086"/></temps><temps name="out"><temp name="T291"/><temp name="T2085"/><temp name="T6"/><temp name="T2086"/></temps></instruction><instruction code="INCH  T2087, 0"><temps name="use"/><temps name="def"><temp name="T2087"/></temps><temps name="in"><temp name="T291"/><temp name="T2085"/><temp name="T6"/><temp name="T2086"/></temps><temps name="out"><temp name="T291"/><temp name="T2085"/><temp name="T6"/><temp name="T2087"/><temp name="T2086"/></temps></instruction><instruction code="MUL T2088, T2086, T2087"><temps name="use"><temp name="T2086"/><temp name="T2087"/></temps><temps name="def"><temp name="T2088"/></temps><temps name="in"><temp name="T291"/><temp name="T2085"/><temp name="T6"/><temp name="T2087"/><temp name="T2086"/></temps><temps name="out"><temp name="T291"/><temp name="T2085"/><temp name="T6"/><temp name="T2088"/></temps></instruction><instruction code="ADD T2089, T2085, T2088"><temps name="use"><temp name="T2085"/><temp name="T2088"/></temps><temps name="def"><temp name="T2089"/></temps><temps name="in"><temp name="T291"/><temp name="T2085"/><temp name="T6"/><temp name="T2088"/></temps><temps name="out"><temp name="T291"/><temp name="T6"/><temp name="T2089"/></temps></instruction><instruction code="STO T2089, T291, 0"><temps name="use"><temp name="T2089"/><temp name="T291"/></temps><temps name="def"/><temps name="in"><temp name="T291"/><temp name="T6"/><temp name="T2089"/></temps><temps name="out"><temp name="T6"/></temps></instruction><instruction code="SETL  T2091, 0"><temps name="use"/><temps name="def"><temp name="T2091"/></temps><temps name="in"><temp name="T6"/></temps><temps name="out"><temp name="T6"/></temps></instruction><instruction code="INCML T2091, 0"><temps name="use"/><temps name="def"><temp name="T2091"/></temps><temps name="in"><temp name="T6"/></temps><temps name="out"><temp name="T6"/></temps></instruction><instruction code="INCMH T2091, 0"><temps name="use"/><temps name="def"><temp name="T2091"/></temps><temps name="in"><temp name="T6"/></temps><temps name="out"><temp name="T6"/></temps></instruction><instruction code="INCH  T2091, 0"><temps name="use"/><temps name="def"><temp name="T2091"/></temps><temps name="in"><temp name="T6"/></temps><temps name="out"><temp name="T6"/><temp name="T2091"/></temps></instruction><instruction code="OR T292, T2091, 0"><temps name="use"><temp name="T2091"/></temps><temps name="def"><temp name="T292"/></temps><temps name="in"><temp name="T6"/><temp name="T2091"/></temps><temps name="out"><temp name="T6"/><temp name="T292"/></temps></instruction><instruction code="SETL  T2092, 664"><temps name="use"/><temps name="def"><temp name="T2092"/></temps><temps name="in"><temp name="T6"/><temp name="T292"/></temps><temps name="out"><temp name="T6"/><temp name="T292"/></temps></instruction><instruction code="INCML T2092, 0"><temps name="use"/><temps name="def"><temp name="T2092"/></temps><temps name="in"><temp name="T6"/><temp name="T292"/></temps><temps name="out"><temp name="T6"/><temp name="T292"/></temps></instruction><instruction code="INCMH T2092, 0"><temps name="use"/><temps name="def"><temp name="T2092"/></temps><temps name="in"><temp name="T6"/><temp name="T292"/></temps><temps name="out"><temp name="T6"/><temp name="T292"/></temps></instruction><instruction code="INCH  T2092, 0"><temps name="use"/><temps name="def"><temp name="T2092"/></temps><temps name="in"><temp name="T6"/><temp name="T292"/></temps><temps name="out"><temp name="T2092"/><temp name="T6"/><temp name="T292"/></temps></instruction><instruction code="NEG T2092, 0, T2092"><temps name="use"><temp name="T2092"/></temps><temps name="def"><temp name="T2092"/></temps><temps name="in"><temp name="T2092"/><temp name="T6"/><temp name="T292"/></temps><temps name="out"><temp name="T2092"/><temp name="T6"/><temp name="T292"/></temps></instruction><instruction code="ADD T2093, T6, T2092"><temps name="use"><temp name="T6"/><temp name="T2092"/></temps><temps name="def"><temp name="T2093"/></temps><temps name="in"><temp name="T2092"/><temp name="T6"/><temp name="T292"/></temps><temps name="out"><temp name="T6"/><temp name="T292"/><temp name="T2093"/></temps></instruction><instruction code="SETL  T2094, 7"><temps name="use"/><temps name="def"><temp name="T2094"/></temps><temps name="in"><temp name="T6"/><temp name="T292"/><temp name="T2093"/></temps><temps name="out"><temp name="T6"/><temp name="T292"/><temp name="T2093"/></temps></instruction><instruction code="INCML T2094, 0"><temps name="use"/><temps name="def"><temp name="T2094"/></temps><temps name="in"><temp name="T6"/><temp name="T292"/><temp name="T2093"/></temps><temps name="out"><temp name="T6"/><temp name="T292"/><temp name="T2093"/></temps></instruction><instruction code="INCMH T2094, 0"><temps name="use"/><temps name="def"><temp name="T2094"/></temps><temps name="in"><temp name="T6"/><temp name="T292"/><temp name="T2093"/></temps><temps name="out"><temp name="T6"/><temp name="T292"/><temp name="T2093"/></temps></instruction><instruction code="INCH  T2094, 0"><temps name="use"/><temps name="def"><temp name="T2094"/></temps><temps name="in"><temp name="T6"/><temp name="T292"/><temp name="T2093"/></temps><temps name="out"><temp name="T6"/><temp name="T292"/><temp name="T2094"/><temp name="T2093"/></temps></instruction><instruction code="SETL  T2095, 72"><temps name="use"/><temps name="def"><temp name="T2095"/></temps><temps name="in"><temp name="T6"/><temp name="T292"/><temp name="T2094"/><temp name="T2093"/></temps><temps name="out"><temp name="T6"/><temp name="T292"/><temp name="T2094"/><temp name="T2093"/></temps></instruction><instruction code="INCML T2095, 0"><temps name="use"/><temps name="def"><temp name="T2095"/></temps><temps name="in"><temp name="T6"/><temp name="T292"/><temp name="T2094"/><temp name="T2093"/></temps><temps name="out"><temp name="T6"/><temp name="T292"/><temp name="T2094"/><temp name="T2093"/></temps></instruction><instruction code="INCMH T2095, 0"><temps name="use"/><temps name="def"><temp name="T2095"/></temps><temps name="in"><temp name="T6"/><temp name="T292"/><temp name="T2094"/><temp name="T2093"/></temps><temps name="out"><temp name="T6"/><temp name="T292"/><temp name="T2094"/><temp name="T2093"/></temps></instruction><instruction code="INCH  T2095, 0"><temps name="use"/><temps name="def"><temp name="T2095"/></temps><temps name="in"><temp name="T6"/><temp name="T292"/><temp name="T2094"/><temp name="T2093"/></temps><temps name="out"><temp name="T6"/><temp name="T292"/><temp name="T2094"/><temp name="T2093"/><temp name="T2095"/></temps></instruction><instruction code="MUL T2096, T2094, T2095"><temps name="use"><temp name="T2094"/><temp name="T2095"/></temps><temps name="def"><temp name="T2096"/></temps><temps name="in"><temp name="T6"/><temp name="T292"/><temp name="T2094"/><temp name="T2093"/><temp name="T2095"/></temps><temps name="out"><temp name="T6"/><temp name="T292"/><temp name="T2096"/><temp name="T2093"/></temps></instruction><instruction code="ADD T2097, T2093, T2096"><temps name="use"><temp name="T2093"/><temp name="T2096"/></temps><temps name="def"><temp name="T2097"/></temps><temps name="in"><temp name="T6"/><temp name="T292"/><temp name="T2096"/><temp name="T2093"/></temps><temps name="out"><temp name="T6"/><temp name="T2097"/><temp name="T292"/></temps></instruction><instruction code="SETL  T2098, 7"><temps name="use"/><temps name="def"><temp name="T2098"/></temps><temps name="in"><temp name="T6"/><temp name="T2097"/><temp name="T292"/></temps><temps name="out"><temp name="T6"/><temp name="T2097"/><temp name="T292"/></temps></instruction><instruction code="INCML T2098, 0"><temps name="use"/><temps name="def"><temp name="T2098"/></temps><temps name="in"><temp name="T6"/><temp name="T2097"/><temp name="T292"/></temps><temps name="out"><temp name="T6"/><temp name="T2097"/><temp name="T292"/></temps></instruction><instruction code="INCMH T2098, 0"><temps name="use"/><temps name="def"><temp name="T2098"/></temps><temps name="in"><temp name="T6"/><temp name="T2097"/><temp name="T292"/></temps><temps name="out"><temp name="T6"/><temp name="T2097"/><temp name="T292"/></temps></instruction><instruction code="INCH  T2098, 0"><temps name="use"/><temps name="def"><temp name="T2098"/></temps><temps name="in"><temp name="T6"/><temp name="T2097"/><temp name="T292"/></temps><temps name="out"><temp name="T2098"/><temp name="T6"/><temp name="T2097"/><temp name="T292"/></temps></instruction><instruction code="SETL  T2099, 8"><temps name="use"/><temps name="def"><temp name="T2099"/></temps><temps name="in"><temp name="T2098"/><temp name="T6"/><temp name="T2097"/><temp name="T292"/></temps><temps name="out"><temp name="T2098"/><temp name="T6"/><temp name="T2097"/><temp name="T292"/></temps></instruction><instruction code="INCML T2099, 0"><temps name="use"/><temps name="def"><temp name="T2099"/></temps><temps name="in"><temp name="T2098"/><temp name="T6"/><temp name="T2097"/><temp name="T292"/></temps><temps name="out"><temp name="T2098"/><temp name="T6"/><temp name="T2097"/><temp name="T292"/></temps></instruction><instruction code="INCMH T2099, 0"><temps name="use"/><temps name="def"><temp name="T2099"/></temps><temps name="in"><temp name="T2098"/><temp name="T6"/><temp name="T2097"/><temp name="T292"/></temps><temps name="out"><temp name="T2098"/><temp name="T6"/><temp name="T2097"/><temp name="T292"/></temps></instruction><instruction code="INCH  T2099, 0"><temps name="use"/><temps name="def"><temp name="T2099"/></temps><temps name="in"><temp name="T2098"/><temp name="T6"/><temp name="T2097"/><temp name="T292"/></temps><temps name="out"><temp name="T2098"/><temp name="T6"/><temp name="T2097"/><temp name="T292"/><temp name="T2099"/></temps></instruction><instruction code="MUL T2100, T2098, T2099"><temps name="use"><temp name="T2098"/><temp name="T2099"/></temps><temps name="def"><temp name="T2100"/></temps><temps name="in"><temp name="T2098"/><temp name="T6"/><temp name="T2097"/><temp name="T292"/><temp name="T2099"/></temps><temps name="out"><temp name="T6"/><temp name="T2100"/><temp name="T2097"/><temp name="T292"/></temps></instruction><instruction code="ADD T2101, T2097, T2100"><temps name="use"><temp name="T2097"/><temp name="T2100"/></temps><temps name="def"><temp name="T2101"/></temps><temps name="in"><temp name="T6"/><temp name="T2100"/><temp name="T2097"/><temp name="T292"/></temps><temps name="out"><temp name="T6"/><temp name="T292"/><temp name="T2101"/></temps></instruction><instruction code="STO T2101, T292, 0"><temps name="use"><temp name="T2101"/><temp name="T292"/></temps><temps name="def"/><temps name="in"><temp name="T6"/><temp name="T292"/><temp name="T2101"/></temps><temps name="out"><temp name="T6"/></temps></instruction><instruction code="SETL  T2103, 0"><temps name="use"/><temps name="def"><temp name="T2103"/></temps><temps name="in"><temp name="T6"/></temps><temps name="out"><temp name="T6"/></temps></instruction><instruction code="INCML T2103, 0"><temps name="use"/><temps name="def"><temp name="T2103"/></temps><temps name="in"><temp name="T6"/></temps><temps name="out"><temp name="T6"/></temps></instruction><instruction code="INCMH T2103, 0"><temps name="use"/><temps name="def"><temp name="T2103"/></temps><temps name="in"><temp name="T6"/></temps><temps name="out"><temp name="T6"/></temps></instruction><instruction code="INCH  T2103, 0"><temps name="use"/><temps name="def"><temp name="T2103"/></temps><temps name="in"><temp name="T6"/></temps><temps name="out"><temp name="T6"/><temp name="T2103"/></temps></instruction><instruction code="OR T293, T2103, 0"><temps name="use"><temp name="T2103"/></temps><temps name="def"><temp name="T293"/></temps><temps name="in"><temp name="T6"/><temp name="T2103"/></temps><temps name="out"><temp name="T6"/><temp name="T293"/></temps></instruction><instruction code="SETL  T2104, 664"><temps name="use"/><temps name="def"><temp name="T2104"/></temps><temps name="in"><temp name="T6"/><temp name="T293"/></temps><temps name="out"><temp name="T6"/><temp name="T293"/></temps></instruction><instruction code="INCML T2104, 0"><temps name="use"/><temps name="def"><temp name="T2104"/></temps><temps name="in"><temp name="T6"/><temp name="T293"/></temps><temps name="out"><temp name="T6"/><temp name="T293"/></temps></instruction><instruction code="INCMH T2104, 0"><temps name="use"/><temps name="def"><temp name="T2104"/></temps><temps name="in"><temp name="T6"/><temp name="T293"/></temps><temps name="out"><temp name="T6"/><temp name="T293"/></temps></instruction><instruction code="INCH  T2104, 0"><temps name="use"/><temps name="def"><temp name="T2104"/></temps><temps name="in"><temp name="T6"/><temp name="T293"/></temps><temps name="out"><temp name="T6"/><temp name="T293"/><temp name="T2104"/></temps></instruction><instruction code="NEG T2104, 0, T2104"><temps name="use"><temp name="T2104"/></temps><temps name="def"><temp name="T2104"/></temps><temps name="in"><temp name="T6"/><temp name="T293"/><temp name="T2104"/></temps><temps name="out"><temp name="T6"/><temp name="T293"/><temp name="T2104"/></temps></instruction><instruction code="ADD T2105, T6, T2104"><temps name="use"><temp name="T6"/><temp name="T2104"/></temps><temps name="def"><temp name="T2105"/></temps><temps name="in"><temp name="T6"/><temp name="T293"/><temp name="T2104"/></temps><temps name="out"><temp name="T293"/><temp name="T6"/><temp name="T2105"/></temps></instruction><instruction code="SETL  T2106, 7"><temps name="use"/><temps name="def"><temp name="T2106"/></temps><temps name="in"><temp name="T293"/><temp name="T6"/><temp name="T2105"/></temps><temps name="out"><temp name="T293"/><temp name="T6"/><temp name="T2105"/></temps></instruction><instruction code="INCML T2106, 0"><temps name="use"/><temps name="def"><temp name="T2106"/></temps><temps name="in"><temp name="T293"/><temp name="T6"/><temp name="T2105"/></temps><temps name="out"><temp name="T293"/><temp name="T6"/><temp name="T2105"/></temps></instruction><instruction code="INCMH T2106, 0"><temps name="use"/><temps name="def"><temp name="T2106"/></temps><temps name="in"><temp name="T293"/><temp name="T6"/><temp name="T2105"/></temps><temps name="out"><temp name="T293"/><temp name="T6"/><temp name="T2105"/></temps></instruction><instruction code="INCH  T2106, 0"><temps name="use"/><temps name="def"><temp name="T2106"/></temps><temps name="in"><temp name="T293"/><temp name="T6"/><temp name="T2105"/></temps><temps name="out"><temp name="T293"/><temp name="T6"/><temp name="T2106"/><temp name="T2105"/></temps></instruction><instruction code="SETL  T2107, 72"><temps name="use"/><temps name="def"><temp name="T2107"/></temps><temps name="in"><temp name="T293"/><temp name="T6"/><temp name="T2106"/><temp name="T2105"/></temps><temps name="out"><temp name="T293"/><temp name="T6"/><temp name="T2106"/><temp name="T2105"/></temps></instruction><instruction code="INCML T2107, 0"><temps name="use"/><temps name="def"><temp name="T2107"/></temps><temps name="in"><temp name="T293"/><temp name="T6"/><temp name="T2106"/><temp name="T2105"/></temps><temps name="out"><temp name="T293"/><temp name="T6"/><temp name="T2106"/><temp name="T2105"/></temps></instruction><instruction code="INCMH T2107, 0"><temps name="use"/><temps name="def"><temp name="T2107"/></temps><temps name="in"><temp name="T293"/><temp name="T6"/><temp name="T2106"/><temp name="T2105"/></temps><temps name="out"><temp name="T293"/><temp name="T6"/><temp name="T2106"/><temp name="T2105"/></temps></instruction><instruction code="INCH  T2107, 0"><temps name="use"/><temps name="def"><temp name="T2107"/></temps><temps name="in"><temp name="T293"/><temp name="T6"/><temp name="T2106"/><temp name="T2105"/></temps><temps name="out"><temp name="T293"/><temp name="T6"/><temp name="T2106"/><temp name="T2105"/><temp name="T2107"/></temps></instruction><instruction code="MUL T2108, T2106, T2107"><temps name="use"><temp name="T2106"/><temp name="T2107"/></temps><temps name="def"><temp name="T2108"/></temps><temps name="in"><temp name="T293"/><temp name="T6"/><temp name="T2106"/><temp name="T2105"/><temp name="T2107"/></temps><temps name="out"><temp name="T293"/><temp name="T6"/><temp name="T2105"/><temp name="T2108"/></temps></instruction><instruction code="ADD T2109, T2105, T2108"><temps name="use"><temp name="T2105"/><temp name="T2108"/></temps><temps name="def"><temp name="T2109"/></temps><temps name="in"><temp name="T293"/><temp name="T6"/><temp name="T2105"/><temp name="T2108"/></temps><temps name="out"><temp name="T293"/><temp name="T6"/><temp name="T2109"/></temps></instruction><instruction code="SETL  T2110, 8"><temps name="use"/><temps name="def"><temp name="T2110"/></temps><temps name="in"><temp name="T293"/><temp name="T6"/><temp name="T2109"/></temps><temps name="out"><temp name="T293"/><temp name="T6"/><temp name="T2109"/></temps></instruction><instruction code="INCML T2110, 0"><temps name="use"/><temps name="def"><temp name="T2110"/></temps><temps name="in"><temp name="T293"/><temp name="T6"/><temp name="T2109"/></temps><temps name="out"><temp name="T293"/><temp name="T6"/><temp name="T2109"/></temps></instruction><instruction code="INCMH T2110, 0"><temps name="use"/><temps name="def"><temp name="T2110"/></temps><temps name="in"><temp name="T293"/><temp name="T6"/><temp name="T2109"/></temps><temps name="out"><temp name="T293"/><temp name="T6"/><temp name="T2109"/></temps></instruction><instruction code="INCH  T2110, 0"><temps name="use"/><temps name="def"><temp name="T2110"/></temps><temps name="in"><temp name="T293"/><temp name="T6"/><temp name="T2109"/></temps><temps name="out"><temp name="T293"/><temp name="T6"/><temp name="T2109"/><temp name="T2110"/></temps></instruction><instruction code="SETL  T2111, 8"><temps name="use"/><temps name="def"><temp name="T2111"/></temps><temps name="in"><temp name="T293"/><temp name="T6"/><temp name="T2109"/><temp name="T2110"/></temps><temps name="out"><temp name="T293"/><temp name="T6"/><temp name="T2109"/><temp name="T2110"/></temps></instruction><instruction code="INCML T2111, 0"><temps name="use"/><temps name="def"><temp name="T2111"/></temps><temps name="in"><temp name="T293"/><temp name="T6"/><temp name="T2109"/><temp name="T2110"/></temps><temps name="out"><temp name="T293"/><temp name="T6"/><temp name="T2109"/><temp name="T2110"/></temps></instruction><instruction code="INCMH T2111, 0"><temps name="use"/><temps name="def"><temp name="T2111"/></temps><temps name="in"><temp name="T293"/><temp name="T6"/><temp name="T2109"/><temp name="T2110"/></temps><temps name="out"><temp name="T293"/><temp name="T6"/><temp name="T2109"/><temp name="T2110"/></temps></instruction><instruction code="INCH  T2111, 0"><temps name="use"/><temps name="def"><temp name="T2111"/></temps><temps name="in"><temp name="T293"/><temp name="T6"/><temp name="T2109"/><temp name="T2110"/></temps><temps name="out"><temp name="T293"/><temp name="T6"/><temp name="T2111"/><temp name="T2109"/><temp name="T2110"/></temps></instruction><instruction code="MUL T2112, T2110, T2111"><temps name="use"><temp name="T2110"/><temp name="T2111"/></temps><temps name="def"><temp name="T2112"/></temps><temps name="in"><temp name="T293"/><temp name="T6"/><temp name="T2111"/><temp name="T2109"/><temp name="T2110"/></temps><temps name="out"><temp name="T293"/><temp name="T6"/><temp name="T2112"/><temp name="T2109"/></temps></instruction><instruction code="ADD T2113, T2109, T2112"><temps name="use"><temp name="T2109"/><temp name="T2112"/></temps><temps name="def"><temp name="T2113"/></temps><temps name="in"><temp name="T293"/><temp name="T6"/><temp name="T2112"/><temp name="T2109"/></temps><temps name="out"><temp name="T293"/><temp name="T6"/><temp name="T2113"/></temps></instruction><instruction code="STO T2113, T293, 0"><temps name="use"><temp name="T2113"/><temp name="T293"/></temps><temps name="def"/><temps name="in"><temp name="T293"/><temp name="T6"/><temp name="T2113"/></temps><temps name="out"><temp name="T6"/></temps></instruction><instruction code="SETL  T2115, 5"><temps name="use"/><temps name="def"><temp name="T2115"/></temps><temps name="in"><temp name="T6"/></temps><temps name="out"><temp name="T6"/></temps></instruction><instruction code="INCML T2115, 0"><temps name="use"/><temps name="def"><temp name="T2115"/></temps><temps name="in"><temp name="T6"/></temps><temps name="out"><temp name="T6"/></temps></instruction><instruction code="INCMH T2115, 0"><temps name="use"/><temps name="def"><temp name="T2115"/></temps><temps name="in"><temp name="T6"/></temps><temps name="out"><temp name="T6"/></temps></instruction><instruction code="INCH  T2115, 0"><temps name="use"/><temps name="def"><temp name="T2115"/></temps><temps name="in"><temp name="T6"/></temps><temps name="out"><temp name="T2115"/><temp name="T6"/></temps></instruction><instruction code="OR T294, T2115, 0"><temps name="use"><temp name="T2115"/></temps><temps name="def"><temp name="T294"/></temps><temps name="in"><temp name="T2115"/><temp name="T6"/></temps><temps name="out"><temp name="T294"/><temp name="T6"/></temps></instruction><instruction code="SETL  T2116, 664"><temps name="use"/><temps name="def"><temp name="T2116"/></temps><temps name="in"><temp name="T294"/><temp name="T6"/></temps><temps name="out"><temp name="T294"/><temp name="T6"/></temps></instruction><instruction code="INCML T2116, 0"><temps name="use"/><temps name="def"><temp name="T2116"/></temps><temps name="in"><temp name="T294"/><temp name="T6"/></temps><temps name="out"><temp name="T294"/><temp name="T6"/></temps></instruction><instruction code="INCMH T2116, 0"><temps name="use"/><temps name="def"><temp name="T2116"/></temps><temps name="in"><temp name="T294"/><temp name="T6"/></temps><temps name="out"><temp name="T294"/><temp name="T6"/></temps></instruction><instruction code="INCH  T2116, 0"><temps name="use"/><temps name="def"><temp name="T2116"/></temps><temps name="in"><temp name="T294"/><temp name="T6"/></temps><temps name="out"><temp name="T294"/><temp name="T6"/><temp name="T2116"/></temps></instruction><instruction code="NEG T2116, 0, T2116"><temps name="use"><temp name="T2116"/></temps><temps name="def"><temp name="T2116"/></temps><temps name="in"><temp name="T294"/><temp name="T6"/><temp name="T2116"/></temps><temps name="out"><temp name="T294"/><temp name="T6"/><temp name="T2116"/></temps></instruction><instruction code="ADD T2117, T6, T2116"><temps name="use"><temp name="T6"/><temp name="T2116"/></temps><temps name="def"><temp name="T2117"/></temps><temps name="in"><temp name="T294"/><temp name="T6"/><temp name="T2116"/></temps><temps name="out"><temp name="T294"/><temp name="T6"/><temp name="T2117"/></temps></instruction><instruction code="SETL  T2118, 8"><temps name="use"/><temps name="def"><temp name="T2118"/></temps><temps name="in"><temp name="T294"/><temp name="T6"/><temp name="T2117"/></temps><temps name="out"><temp name="T294"/><temp name="T6"/><temp name="T2117"/></temps></instruction><instruction code="INCML T2118, 0"><temps name="use"/><temps name="def"><temp name="T2118"/></temps><temps name="in"><temp name="T294"/><temp name="T6"/><temp name="T2117"/></temps><temps name="out"><temp name="T294"/><temp name="T6"/><temp name="T2117"/></temps></instruction><instruction code="INCMH T2118, 0"><temps name="use"/><temps name="def"><temp name="T2118"/></temps><temps name="in"><temp name="T294"/><temp name="T6"/><temp name="T2117"/></temps><temps name="out"><temp name="T294"/><temp name="T6"/><temp name="T2117"/></temps></instruction><instruction code="INCH  T2118, 0"><temps name="use"/><temps name="def"><temp name="T2118"/></temps><temps name="in"><temp name="T294"/><temp name="T6"/><temp name="T2117"/></temps><temps name="out"><temp name="T294"/><temp name="T6"/><temp name="T2118"/><temp name="T2117"/></temps></instruction><instruction code="SETL  T2119, 72"><temps name="use"/><temps name="def"><temp name="T2119"/></temps><temps name="in"><temp name="T294"/><temp name="T6"/><temp name="T2118"/><temp name="T2117"/></temps><temps name="out"><temp name="T294"/><temp name="T6"/><temp name="T2118"/><temp name="T2117"/></temps></instruction><instruction code="INCML T2119, 0"><temps name="use"/><temps name="def"><temp name="T2119"/></temps><temps name="in"><temp name="T294"/><temp name="T6"/><temp name="T2118"/><temp name="T2117"/></temps><temps name="out"><temp name="T294"/><temp name="T6"/><temp name="T2118"/><temp name="T2117"/></temps></instruction><instruction code="INCMH T2119, 0"><temps name="use"/><temps name="def"><temp name="T2119"/></temps><temps name="in"><temp name="T294"/><temp name="T6"/><temp name="T2118"/><temp name="T2117"/></temps><temps name="out"><temp name="T294"/><temp name="T6"/><temp name="T2118"/><temp name="T2117"/></temps></instruction><instruction code="INCH  T2119, 0"><temps name="use"/><temps name="def"><temp name="T2119"/></temps><temps name="in"><temp name="T294"/><temp name="T6"/><temp name="T2118"/><temp name="T2117"/></temps><temps name="out"><temp name="T294"/><temp name="T6"/><temp name="T2119"/><temp name="T2118"/><temp name="T2117"/></temps></instruction><instruction code="MUL T2120, T2118, T2119"><temps name="use"><temp name="T2118"/><temp name="T2119"/></temps><temps name="def"><temp name="T2120"/></temps><temps name="in"><temp name="T294"/><temp name="T6"/><temp name="T2119"/><temp name="T2118"/><temp name="T2117"/></temps><temps name="out"><temp name="T294"/><temp name="T6"/><temp name="T2120"/><temp name="T2117"/></temps></instruction><instruction code="ADD T2121, T2117, T2120"><temps name="use"><temp name="T2117"/><temp name="T2120"/></temps><temps name="def"><temp name="T2121"/></temps><temps name="in"><temp name="T294"/><temp name="T6"/><temp name="T2120"/><temp name="T2117"/></temps><temps name="out"><temp name="T294"/><temp name="T6"/><temp name="T2121"/></temps></instruction><instruction code="SETL  T2122, 0"><temps name="use"/><temps name="def"><temp name="T2122"/></temps><temps name="in"><temp name="T294"/><temp name="T6"/><temp name="T2121"/></temps><temps name="out"><temp name="T294"/><temp name="T6"/><temp name="T2121"/></temps></instruction><instruction code="INCML T2122, 0"><temps name="use"/><temps name="def"><temp name="T2122"/></temps><temps name="in"><temp name="T294"/><temp name="T6"/><temp name="T2121"/></temps><temps name="out"><temp name="T294"/><temp name="T6"/><temp name="T2121"/></temps></instruction><instruction code="INCMH T2122, 0"><temps name="use"/><temps name="def"><temp name="T2122"/></temps><temps name="in"><temp name="T294"/><temp name="T6"/><temp name="T2121"/></temps><temps name="out"><temp name="T294"/><temp name="T6"/><temp name="T2121"/></temps></instruction><instruction code="INCH  T2122, 0"><temps name="use"/><temps name="def"><temp name="T2122"/></temps><temps name="in"><temp name="T294"/><temp name="T6"/><temp name="T2121"/></temps><temps name="out"><temp name="T294"/><temp name="T6"/><temp name="T2122"/><temp name="T2121"/></temps></instruction><instruction code="SETL  T2123, 8"><temps name="use"/><temps name="def"><temp name="T2123"/></temps><temps name="in"><temp name="T294"/><temp name="T6"/><temp name="T2122"/><temp name="T2121"/></temps><temps name="out"><temp name="T294"/><temp name="T6"/><temp name="T2122"/><temp name="T2121"/></temps></instruction><instruction code="INCML T2123, 0"><temps name="use"/><temps name="def"><temp name="T2123"/></temps><temps name="in"><temp name="T294"/><temp name="T6"/><temp name="T2122"/><temp name="T2121"/></temps><temps name="out"><temp name="T294"/><temp name="T6"/><temp name="T2122"/><temp name="T2121"/></temps></instruction><instruction code="INCMH T2123, 0"><temps name="use"/><temps name="def"><temp name="T2123"/></temps><temps name="in"><temp name="T294"/><temp name="T6"/><temp name="T2122"/><temp name="T2121"/></temps><temps name="out"><temp name="T294"/><temp name="T6"/><temp name="T2122"/><temp name="T2121"/></temps></instruction><instruction code="INCH  T2123, 0"><temps name="use"/><temps name="def"><temp name="T2123"/></temps><temps name="in"><temp name="T294"/><temp name="T6"/><temp name="T2122"/><temp name="T2121"/></temps><temps name="out"><temp name="T294"/><temp name="T6"/><temp name="T2122"/><temp name="T2123"/><temp name="T2121"/></temps></instruction><instruction code="MUL T2124, T2122, T2123"><temps name="use"><temp name="T2122"/><temp name="T2123"/></temps><temps name="def"><temp name="T2124"/></temps><temps name="in"><temp name="T294"/><temp name="T6"/><temp name="T2122"/><temp name="T2123"/><temp name="T2121"/></temps><temps name="out"><temp name="T294"/><temp name="T6"/><temp name="T2124"/><temp name="T2121"/></temps></instruction><instruction code="ADD T2125, T2121, T2124"><temps name="use"><temp name="T2121"/><temp name="T2124"/></temps><temps name="def"><temp name="T2125"/></temps><temps name="in"><temp name="T294"/><temp name="T6"/><temp name="T2124"/><temp name="T2121"/></temps><temps name="out"><temp name="T294"/><temp name="T6"/><temp name="T2125"/></temps></instruction><instruction code="STO T2125, T294, 0"><temps name="use"><temp name="T2125"/><temp name="T294"/></temps><temps name="def"/><temps name="in"><temp name="T294"/><temp name="T6"/><temp name="T2125"/></temps><temps name="out"><temp name="T6"/></temps></instruction><instruction code="SETL  T2127, 7"><temps name="use"/><temps name="def"><temp name="T2127"/></temps><temps name="in"><temp name="T6"/></temps><temps name="out"><temp name="T6"/></temps></instruction><instruction code="INCML T2127, 0"><temps name="use"/><temps name="def"><temp name="T2127"/></temps><temps name="in"><temp name="T6"/></temps><temps name="out"><temp name="T6"/></temps></instruction><instruction code="INCMH T2127, 0"><temps name="use"/><temps name="def"><temp name="T2127"/></temps><temps name="in"><temp name="T6"/></temps><temps name="out"><temp name="T6"/></temps></instruction><instruction code="INCH  T2127, 0"><temps name="use"/><temps name="def"><temp name="T2127"/></temps><temps name="in"><temp name="T6"/></temps><temps name="out"><temp name="T6"/><temp name="T2127"/></temps></instruction><instruction code="OR T295, T2127, 0"><temps name="use"><temp name="T2127"/></temps><temps name="def"><temp name="T295"/></temps><temps name="in"><temp name="T6"/><temp name="T2127"/></temps><temps name="out"><temp name="T6"/><temp name="T295"/></temps></instruction><instruction code="SETL  T2128, 664"><temps name="use"/><temps name="def"><temp name="T2128"/></temps><temps name="in"><temp name="T6"/><temp name="T295"/></temps><temps name="out"><temp name="T6"/><temp name="T295"/></temps></instruction><instruction code="INCML T2128, 0"><temps name="use"/><temps name="def"><temp name="T2128"/></temps><temps name="in"><temp name="T6"/><temp name="T295"/></temps><temps name="out"><temp name="T6"/><temp name="T295"/></temps></instruction><instruction code="INCMH T2128, 0"><temps name="use"/><temps name="def"><temp name="T2128"/></temps><temps name="in"><temp name="T6"/><temp name="T295"/></temps><temps name="out"><temp name="T6"/><temp name="T295"/></temps></instruction><instruction code="INCH  T2128, 0"><temps name="use"/><temps name="def"><temp name="T2128"/></temps><temps name="in"><temp name="T6"/><temp name="T295"/></temps><temps name="out"><temp name="T6"/><temp name="T2128"/><temp name="T295"/></temps></instruction><instruction code="NEG T2128, 0, T2128"><temps name="use"><temp name="T2128"/></temps><temps name="def"><temp name="T2128"/></temps><temps name="in"><temp name="T6"/><temp name="T2128"/><temp name="T295"/></temps><temps name="out"><temp name="T6"/><temp name="T2128"/><temp name="T295"/></temps></instruction><instruction code="ADD T2129, T6, T2128"><temps name="use"><temp name="T6"/><temp name="T2128"/></temps><temps name="def"><temp name="T2129"/></temps><temps name="in"><temp name="T6"/><temp name="T2128"/><temp name="T295"/></temps><temps name="out"><temp name="T2129"/><temp name="T6"/><temp name="T295"/></temps></instruction><instruction code="SETL  T2130, 8"><temps name="use"/><temps name="def"><temp name="T2130"/></temps><temps name="in"><temp name="T2129"/><temp name="T6"/><temp name="T295"/></temps><temps name="out"><temp name="T2129"/><temp name="T6"/><temp name="T295"/></temps></instruction><instruction code="INCML T2130, 0"><temps name="use"/><temps name="def"><temp name="T2130"/></temps><temps name="in"><temp name="T2129"/><temp name="T6"/><temp name="T295"/></temps><temps name="out"><temp name="T2129"/><temp name="T6"/><temp name="T295"/></temps></instruction><instruction code="INCMH T2130, 0"><temps name="use"/><temps name="def"><temp name="T2130"/></temps><temps name="in"><temp name="T2129"/><temp name="T6"/><temp name="T295"/></temps><temps name="out"><temp name="T2129"/><temp name="T6"/><temp name="T295"/></temps></instruction><instruction code="INCH  T2130, 0"><temps name="use"/><temps name="def"><temp name="T2130"/></temps><temps name="in"><temp name="T2129"/><temp name="T6"/><temp name="T295"/></temps><temps name="out"><temp name="T2129"/><temp name="T6"/><temp name="T295"/><temp name="T2130"/></temps></instruction><instruction code="SETL  T2131, 72"><temps name="use"/><temps name="def"><temp name="T2131"/></temps><temps name="in"><temp name="T2129"/><temp name="T6"/><temp name="T295"/><temp name="T2130"/></temps><temps name="out"><temp name="T2129"/><temp name="T6"/><temp name="T295"/><temp name="T2130"/></temps></instruction><instruction code="INCML T2131, 0"><temps name="use"/><temps name="def"><temp name="T2131"/></temps><temps name="in"><temp name="T2129"/><temp name="T6"/><temp name="T295"/><temp name="T2130"/></temps><temps name="out"><temp name="T2129"/><temp name="T6"/><temp name="T295"/><temp name="T2130"/></temps></instruction><instruction code="INCMH T2131, 0"><temps name="use"/><temps name="def"><temp name="T2131"/></temps><temps name="in"><temp name="T2129"/><temp name="T6"/><temp name="T295"/><temp name="T2130"/></temps><temps name="out"><temp name="T2129"/><temp name="T6"/><temp name="T295"/><temp name="T2130"/></temps></instruction><instruction code="INCH  T2131, 0"><temps name="use"/><temps name="def"><temp name="T2131"/></temps><temps name="in"><temp name="T2129"/><temp name="T6"/><temp name="T295"/><temp name="T2130"/></temps><temps name="out"><temp name="T2129"/><temp name="T6"/><temp name="T2131"/><temp name="T295"/><temp name="T2130"/></temps></instruction><instruction code="MUL T2132, T2130, T2131"><temps name="use"><temp name="T2130"/><temp name="T2131"/></temps><temps name="def"><temp name="T2132"/></temps><temps name="in"><temp name="T2129"/><temp name="T6"/><temp name="T2131"/><temp name="T295"/><temp name="T2130"/></temps><temps name="out"><temp name="T2129"/><temp name="T6"/><temp name="T295"/><temp name="T2132"/></temps></instruction><instruction code="ADD T2133, T2129, T2132"><temps name="use"><temp name="T2129"/><temp name="T2132"/></temps><temps name="def"><temp name="T2133"/></temps><temps name="in"><temp name="T2129"/><temp name="T6"/><temp name="T295"/><temp name="T2132"/></temps><temps name="out"><temp name="T6"/><temp name="T295"/><temp name="T2133"/></temps></instruction><instruction code="SETL  T2134, 1"><temps name="use"/><temps name="def"><temp name="T2134"/></temps><temps name="in"><temp name="T6"/><temp name="T295"/><temp name="T2133"/></temps><temps name="out"><temp name="T6"/><temp name="T295"/><temp name="T2133"/></temps></instruction><instruction code="INCML T2134, 0"><temps name="use"/><temps name="def"><temp name="T2134"/></temps><temps name="in"><temp name="T6"/><temp name="T295"/><temp name="T2133"/></temps><temps name="out"><temp name="T6"/><temp name="T295"/><temp name="T2133"/></temps></instruction><instruction code="INCMH T2134, 0"><temps name="use"/><temps name="def"><temp name="T2134"/></temps><temps name="in"><temp name="T6"/><temp name="T295"/><temp name="T2133"/></temps><temps name="out"><temp name="T6"/><temp name="T295"/><temp name="T2133"/></temps></instruction><instruction code="INCH  T2134, 0"><temps name="use"/><temps name="def"><temp name="T2134"/></temps><temps name="in"><temp name="T6"/><temp name="T295"/><temp name="T2133"/></temps><temps name="out"><temp name="T6"/><temp name="T295"/><temp name="T2133"/><temp name="T2134"/></temps></instruction><instruction code="SETL  T2135, 8"><temps name="use"/><temps name="def"><temp name="T2135"/></temps><temps name="in"><temp name="T6"/><temp name="T295"/><temp name="T2133"/><temp name="T2134"/></temps><temps name="out"><temp name="T6"/><temp name="T295"/><temp name="T2133"/><temp name="T2134"/></temps></instruction><instruction code="INCML T2135, 0"><temps name="use"/><temps name="def"><temp name="T2135"/></temps><temps name="in"><temp name="T6"/><temp name="T295"/><temp name="T2133"/><temp name="T2134"/></temps><temps name="out"><temp name="T6"/><temp name="T295"/><temp name="T2133"/><temp name="T2134"/></temps></instruction><instruction code="INCMH T2135, 0"><temps name="use"/><temps name="def"><temp name="T2135"/></temps><temps name="in"><temp name="T6"/><temp name="T295"/><temp name="T2133"/><temp name="T2134"/></temps><temps name="out"><temp name="T6"/><temp name="T295"/><temp name="T2133"/><temp name="T2134"/></temps></instruction><instruction code="INCH  T2135, 0"><temps name="use"/><temps name="def"><temp name="T2135"/></temps><temps name="in"><temp name="T6"/><temp name="T295"/><temp name="T2133"/><temp name="T2134"/></temps><temps name="out"><temp name="T6"/><temp name="T295"/><temp name="T2133"/><temp name="T2135"/><temp name="T2134"/></temps></instruction><instruction code="MUL T2136, T2134, T2135"><temps name="use"><temp name="T2134"/><temp name="T2135"/></temps><temps name="def"><temp name="T2136"/></temps><temps name="in"><temp name="T6"/><temp name="T295"/><temp name="T2133"/><temp name="T2135"/><temp name="T2134"/></temps><temps name="out"><temp name="T6"/><temp name="T2136"/><temp name="T295"/><temp name="T2133"/></temps></instruction><instruction code="ADD T2137, T2133, T2136"><temps name="use"><temp name="T2133"/><temp name="T2136"/></temps><temps name="def"><temp name="T2137"/></temps><temps name="in"><temp name="T6"/><temp name="T2136"/><temp name="T295"/><temp name="T2133"/></temps><temps name="out"><temp name="T6"/><temp name="T2137"/><temp name="T295"/></temps></instruction><instruction code="STO T2137, T295, 0"><temps name="use"><temp name="T2137"/><temp name="T295"/></temps><temps name="def"/><temps name="in"><temp name="T6"/><temp name="T2137"/><temp name="T295"/></temps><temps name="out"><temp name="T6"/></temps></instruction><instruction code="SETL  T2139, 0"><temps name="use"/><temps name="def"><temp name="T2139"/></temps><temps name="in"><temp name="T6"/></temps><temps name="out"><temp name="T6"/></temps></instruction><instruction code="INCML T2139, 0"><temps name="use"/><temps name="def"><temp name="T2139"/></temps><temps name="in"><temp name="T6"/></temps><temps name="out"><temp name="T6"/></temps></instruction><instruction code="INCMH T2139, 0"><temps name="use"/><temps name="def"><temp name="T2139"/></temps><temps name="in"><temp name="T6"/></temps><temps name="out"><temp name="T6"/></temps></instruction><instruction code="INCH  T2139, 0"><temps name="use"/><temps name="def"><temp name="T2139"/></temps><temps name="in"><temp name="T6"/></temps><temps name="out"><temp name="T2139"/><temp name="T6"/></temps></instruction><instruction code="OR T296, T2139, 0"><temps name="use"><temp name="T2139"/></temps><temps name="def"><temp name="T296"/></temps><temps name="in"><temp name="T2139"/><temp name="T6"/></temps><temps name="out"><temp name="T6"/><temp name="T296"/></temps></instruction><instruction code="SETL  T2140, 664"><temps name="use"/><temps name="def"><temp name="T2140"/></temps><temps name="in"><temp name="T6"/><temp name="T296"/></temps><temps name="out"><temp name="T6"/><temp name="T296"/></temps></instruction><instruction code="INCML T2140, 0"><temps name="use"/><temps name="def"><temp name="T2140"/></temps><temps name="in"><temp name="T6"/><temp name="T296"/></temps><temps name="out"><temp name="T6"/><temp name="T296"/></temps></instruction><instruction code="INCMH T2140, 0"><temps name="use"/><temps name="def"><temp name="T2140"/></temps><temps name="in"><temp name="T6"/><temp name="T296"/></temps><temps name="out"><temp name="T6"/><temp name="T296"/></temps></instruction><instruction code="INCH  T2140, 0"><temps name="use"/><temps name="def"><temp name="T2140"/></temps><temps name="in"><temp name="T6"/><temp name="T296"/></temps><temps name="out"><temp name="T6"/><temp name="T2140"/><temp name="T296"/></temps></instruction><instruction code="NEG T2140, 0, T2140"><temps name="use"><temp name="T2140"/></temps><temps name="def"><temp name="T2140"/></temps><temps name="in"><temp name="T6"/><temp name="T2140"/><temp name="T296"/></temps><temps name="out"><temp name="T6"/><temp name="T2140"/><temp name="T296"/></temps></instruction><instruction code="ADD T2141, T6, T2140"><temps name="use"><temp name="T6"/><temp name="T2140"/></temps><temps name="def"><temp name="T2141"/></temps><temps name="in"><temp name="T6"/><temp name="T2140"/><temp name="T296"/></temps><temps name="out"><temp name="T6"/><temp name="T296"/><temp name="T2141"/></temps></instruction><instruction code="SETL  T2142, 8"><temps name="use"/><temps name="def"><temp name="T2142"/></temps><temps name="in"><temp name="T6"/><temp name="T296"/><temp name="T2141"/></temps><temps name="out"><temp name="T6"/><temp name="T296"/><temp name="T2141"/></temps></instruction><instruction code="INCML T2142, 0"><temps name="use"/><temps name="def"><temp name="T2142"/></temps><temps name="in"><temp name="T6"/><temp name="T296"/><temp name="T2141"/></temps><temps name="out"><temp name="T6"/><temp name="T296"/><temp name="T2141"/></temps></instruction><instruction code="INCMH T2142, 0"><temps name="use"/><temps name="def"><temp name="T2142"/></temps><temps name="in"><temp name="T6"/><temp name="T296"/><temp name="T2141"/></temps><temps name="out"><temp name="T6"/><temp name="T296"/><temp name="T2141"/></temps></instruction><instruction code="INCH  T2142, 0"><temps name="use"/><temps name="def"><temp name="T2142"/></temps><temps name="in"><temp name="T6"/><temp name="T296"/><temp name="T2141"/></temps><temps name="out"><temp name="T6"/><temp name="T296"/><temp name="T2142"/><temp name="T2141"/></temps></instruction><instruction code="SETL  T2143, 72"><temps name="use"/><temps name="def"><temp name="T2143"/></temps><temps name="in"><temp name="T6"/><temp name="T296"/><temp name="T2142"/><temp name="T2141"/></temps><temps name="out"><temp name="T6"/><temp name="T296"/><temp name="T2142"/><temp name="T2141"/></temps></instruction><instruction code="INCML T2143, 0"><temps name="use"/><temps name="def"><temp name="T2143"/></temps><temps name="in"><temp name="T6"/><temp name="T296"/><temp name="T2142"/><temp name="T2141"/></temps><temps name="out"><temp name="T6"/><temp name="T296"/><temp name="T2142"/><temp name="T2141"/></temps></instruction><instruction code="INCMH T2143, 0"><temps name="use"/><temps name="def"><temp name="T2143"/></temps><temps name="in"><temp name="T6"/><temp name="T296"/><temp name="T2142"/><temp name="T2141"/></temps><temps name="out"><temp name="T6"/><temp name="T296"/><temp name="T2142"/><temp name="T2141"/></temps></instruction><instruction code="INCH  T2143, 0"><temps name="use"/><temps name="def"><temp name="T2143"/></temps><temps name="in"><temp name="T6"/><temp name="T296"/><temp name="T2142"/><temp name="T2141"/></temps><temps name="out"><temp name="T6"/><temp name="T296"/><temp name="T2142"/><temp name="T2143"/><temp name="T2141"/></temps></instruction><instruction code="MUL T2144, T2142, T2143"><temps name="use"><temp name="T2142"/><temp name="T2143"/></temps><temps name="def"><temp name="T2144"/></temps><temps name="in"><temp name="T6"/><temp name="T296"/><temp name="T2142"/><temp name="T2143"/><temp name="T2141"/></temps><temps name="out"><temp name="T6"/><temp name="T2144"/><temp name="T296"/><temp name="T2141"/></temps></instruction><instruction code="ADD T2145, T2141, T2144"><temps name="use"><temp name="T2141"/><temp name="T2144"/></temps><temps name="def"><temp name="T2145"/></temps><temps name="in"><temp name="T6"/><temp name="T2144"/><temp name="T296"/><temp name="T2141"/></temps><temps name="out"><temp name="T6"/><temp name="T2145"/><temp name="T296"/></temps></instruction><instruction code="SETL  T2146, 2"><temps name="use"/><temps name="def"><temp name="T2146"/></temps><temps name="in"><temp name="T6"/><temp name="T2145"/><temp name="T296"/></temps><temps name="out"><temp name="T6"/><temp name="T2145"/><temp name="T296"/></temps></instruction><instruction code="INCML T2146, 0"><temps name="use"/><temps name="def"><temp name="T2146"/></temps><temps name="in"><temp name="T6"/><temp name="T2145"/><temp name="T296"/></temps><temps name="out"><temp name="T6"/><temp name="T2145"/><temp name="T296"/></temps></instruction><instruction code="INCMH T2146, 0"><temps name="use"/><temps name="def"><temp name="T2146"/></temps><temps name="in"><temp name="T6"/><temp name="T2145"/><temp name="T296"/></temps><temps name="out"><temp name="T6"/><temp name="T2145"/><temp name="T296"/></temps></instruction><instruction code="INCH  T2146, 0"><temps name="use"/><temps name="def"><temp name="T2146"/></temps><temps name="in"><temp name="T6"/><temp name="T2145"/><temp name="T296"/></temps><temps name="out"><temp name="T6"/><temp name="T2146"/><temp name="T2145"/><temp name="T296"/></temps></instruction><instruction code="SETL  T2147, 8"><temps name="use"/><temps name="def"><temp name="T2147"/></temps><temps name="in"><temp name="T6"/><temp name="T2146"/><temp name="T2145"/><temp name="T296"/></temps><temps name="out"><temp name="T6"/><temp name="T2146"/><temp name="T2145"/><temp name="T296"/></temps></instruction><instruction code="INCML T2147, 0"><temps name="use"/><temps name="def"><temp name="T2147"/></temps><temps name="in"><temp name="T6"/><temp name="T2146"/><temp name="T2145"/><temp name="T296"/></temps><temps name="out"><temp name="T6"/><temp name="T2146"/><temp name="T2145"/><temp name="T296"/></temps></instruction><instruction code="INCMH T2147, 0"><temps name="use"/><temps name="def"><temp name="T2147"/></temps><temps name="in"><temp name="T6"/><temp name="T2146"/><temp name="T2145"/><temp name="T296"/></temps><temps name="out"><temp name="T6"/><temp name="T2146"/><temp name="T2145"/><temp name="T296"/></temps></instruction><instruction code="INCH  T2147, 0"><temps name="use"/><temps name="def"><temp name="T2147"/></temps><temps name="in"><temp name="T6"/><temp name="T2146"/><temp name="T2145"/><temp name="T296"/></temps><temps name="out"><temp name="T2147"/><temp name="T6"/><temp name="T2146"/><temp name="T2145"/><temp name="T296"/></temps></instruction><instruction code="MUL T2148, T2146, T2147"><temps name="use"><temp name="T2146"/><temp name="T2147"/></temps><temps name="def"><temp name="T2148"/></temps><temps name="in"><temp name="T2147"/><temp name="T6"/><temp name="T2146"/><temp name="T2145"/><temp name="T296"/></temps><temps name="out"><temp name="T2148"/><temp name="T6"/><temp name="T2145"/><temp name="T296"/></temps></instruction><instruction code="ADD T2149, T2145, T2148"><temps name="use"><temp name="T2145"/><temp name="T2148"/></temps><temps name="def"><temp name="T2149"/></temps><temps name="in"><temp name="T2148"/><temp name="T6"/><temp name="T2145"/><temp name="T296"/></temps><temps name="out"><temp name="T6"/><temp name="T296"/><temp name="T2149"/></temps></instruction><instruction code="STO T2149, T296, 0"><temps name="use"><temp name="T2149"/><temp name="T296"/></temps><temps name="def"/><temps name="in"><temp name="T6"/><temp name="T296"/><temp name="T2149"/></temps><temps name="out"><temp name="T6"/></temps></instruction><instruction code="SETL  T2151, 0"><temps name="use"/><temps name="def"><temp name="T2151"/></temps><temps name="in"><temp name="T6"/></temps><temps name="out"><temp name="T6"/></temps></instruction><instruction code="INCML T2151, 0"><temps name="use"/><temps name="def"><temp name="T2151"/></temps><temps name="in"><temp name="T6"/></temps><temps name="out"><temp name="T6"/></temps></instruction><instruction code="INCMH T2151, 0"><temps name="use"/><temps name="def"><temp name="T2151"/></temps><temps name="in"><temp name="T6"/></temps><temps name="out"><temp name="T6"/></temps></instruction><instruction code="INCH  T2151, 0"><temps name="use"/><temps name="def"><temp name="T2151"/></temps><temps name="in"><temp name="T6"/></temps><temps name="out"><temp name="T6"/><temp name="T2151"/></temps></instruction><instruction code="OR T297, T2151, 0"><temps name="use"><temp name="T2151"/></temps><temps name="def"><temp name="T297"/></temps><temps name="in"><temp name="T6"/><temp name="T2151"/></temps><temps name="out"><temp name="T297"/><temp name="T6"/></temps></instruction><instruction code="SETL  T2152, 664"><temps name="use"/><temps name="def"><temp name="T2152"/></temps><temps name="in"><temp name="T297"/><temp name="T6"/></temps><temps name="out"><temp name="T297"/><temp name="T6"/></temps></instruction><instruction code="INCML T2152, 0"><temps name="use"/><temps name="def"><temp name="T2152"/></temps><temps name="in"><temp name="T297"/><temp name="T6"/></temps><temps name="out"><temp name="T297"/><temp name="T6"/></temps></instruction><instruction code="INCMH T2152, 0"><temps name="use"/><temps name="def"><temp name="T2152"/></temps><temps name="in"><temp name="T297"/><temp name="T6"/></temps><temps name="out"><temp name="T297"/><temp name="T6"/></temps></instruction><instruction code="INCH  T2152, 0"><temps name="use"/><temps name="def"><temp name="T2152"/></temps><temps name="in"><temp name="T297"/><temp name="T6"/></temps><temps name="out"><temp name="T297"/><temp name="T2152"/><temp name="T6"/></temps></instruction><instruction code="NEG T2152, 0, T2152"><temps name="use"><temp name="T2152"/></temps><temps name="def"><temp name="T2152"/></temps><temps name="in"><temp name="T297"/><temp name="T2152"/><temp name="T6"/></temps><temps name="out"><temp name="T297"/><temp name="T6"/><temp name="T2152"/></temps></instruction><instruction code="ADD T2153, T6, T2152"><temps name="use"><temp name="T6"/><temp name="T2152"/></temps><temps name="def"><temp name="T2153"/></temps><temps name="in"><temp name="T297"/><temp name="T6"/><temp name="T2152"/></temps><temps name="out"><temp name="T297"/><temp name="T2153"/><temp name="T6"/></temps></instruction><instruction code="SETL  T2154, 8"><temps name="use"/><temps name="def"><temp name="T2154"/></temps><temps name="in"><temp name="T297"/><temp name="T2153"/><temp name="T6"/></temps><temps name="out"><temp name="T297"/><temp name="T2153"/><temp name="T6"/></temps></instruction><instruction code="INCML T2154, 0"><temps name="use"/><temps name="def"><temp name="T2154"/></temps><temps name="in"><temp name="T297"/><temp name="T2153"/><temp name="T6"/></temps><temps name="out"><temp name="T297"/><temp name="T2153"/><temp name="T6"/></temps></instruction><instruction code="INCMH T2154, 0"><temps name="use"/><temps name="def"><temp name="T2154"/></temps><temps name="in"><temp name="T297"/><temp name="T2153"/><temp name="T6"/></temps><temps name="out"><temp name="T297"/><temp name="T2153"/><temp name="T6"/></temps></instruction><instruction code="INCH  T2154, 0"><temps name="use"/><temps name="def"><temp name="T2154"/></temps><temps name="in"><temp name="T297"/><temp name="T2153"/><temp name="T6"/></temps><temps name="out"><temp name="T297"/><temp name="T2154"/><temp name="T2153"/><temp name="T6"/></temps></instruction><instruction code="SETL  T2155, 72"><temps name="use"/><temps name="def"><temp name="T2155"/></temps><temps name="in"><temp name="T297"/><temp name="T2154"/><temp name="T2153"/><temp name="T6"/></temps><temps name="out"><temp name="T297"/><temp name="T2154"/><temp name="T2153"/><temp name="T6"/></temps></instruction><instruction code="INCML T2155, 0"><temps name="use"/><temps name="def"><temp name="T2155"/></temps><temps name="in"><temp name="T297"/><temp name="T2154"/><temp name="T2153"/><temp name="T6"/></temps><temps name="out"><temp name="T297"/><temp name="T2154"/><temp name="T2153"/><temp name="T6"/></temps></instruction><instruction code="INCMH T2155, 0"><temps name="use"/><temps name="def"><temp name="T2155"/></temps><temps name="in"><temp name="T297"/><temp name="T2154"/><temp name="T2153"/><temp name="T6"/></temps><temps name="out"><temp name="T297"/><temp name="T2154"/><temp name="T2153"/><temp name="T6"/></temps></instruction><instruction code="INCH  T2155, 0"><temps name="use"/><temps name="def"><temp name="T2155"/></temps><temps name="in"><temp name="T297"/><temp name="T2154"/><temp name="T2153"/><temp name="T6"/></temps><temps name="out"><temp name="T297"/><temp name="T2154"/><temp name="T2153"/><temp name="T6"/><temp name="T2155"/></temps></instruction><instruction code="MUL T2156, T2154, T2155"><temps name="use"><temp name="T2154"/><temp name="T2155"/></temps><temps name="def"><temp name="T2156"/></temps><temps name="in"><temp name="T297"/><temp name="T2154"/><temp name="T2153"/><temp name="T6"/><temp name="T2155"/></temps><temps name="out"><temp name="T297"/><temp name="T2153"/><temp name="T6"/><temp name="T2156"/></temps></instruction><instruction code="ADD T2157, T2153, T2156"><temps name="use"><temp name="T2153"/><temp name="T2156"/></temps><temps name="def"><temp name="T2157"/></temps><temps name="in"><temp name="T297"/><temp name="T2153"/><temp name="T6"/><temp name="T2156"/></temps><temps name="out"><temp name="T297"/><temp name="T6"/><temp name="T2157"/></temps></instruction><instruction code="SETL  T2158, 3"><temps name="use"/><temps name="def"><temp name="T2158"/></temps><temps name="in"><temp name="T297"/><temp name="T6"/><temp name="T2157"/></temps><temps name="out"><temp name="T297"/><temp name="T6"/><temp name="T2157"/></temps></instruction><instruction code="INCML T2158, 0"><temps name="use"/><temps name="def"><temp name="T2158"/></temps><temps name="in"><temp name="T297"/><temp name="T6"/><temp name="T2157"/></temps><temps name="out"><temp name="T297"/><temp name="T6"/><temp name="T2157"/></temps></instruction><instruction code="INCMH T2158, 0"><temps name="use"/><temps name="def"><temp name="T2158"/></temps><temps name="in"><temp name="T297"/><temp name="T6"/><temp name="T2157"/></temps><temps name="out"><temp name="T297"/><temp name="T6"/><temp name="T2157"/></temps></instruction><instruction code="INCH  T2158, 0"><temps name="use"/><temps name="def"><temp name="T2158"/></temps><temps name="in"><temp name="T297"/><temp name="T6"/><temp name="T2157"/></temps><temps name="out"><temp name="T297"/><temp name="T6"/><temp name="T2158"/><temp name="T2157"/></temps></instruction><instruction code="SETL  T2159, 8"><temps name="use"/><temps name="def"><temp name="T2159"/></temps><temps name="in"><temp name="T297"/><temp name="T6"/><temp name="T2158"/><temp name="T2157"/></temps><temps name="out"><temp name="T297"/><temp name="T6"/><temp name="T2158"/><temp name="T2157"/></temps></instruction><instruction code="INCML T2159, 0"><temps name="use"/><temps name="def"><temp name="T2159"/></temps><temps name="in"><temp name="T297"/><temp name="T6"/><temp name="T2158"/><temp name="T2157"/></temps><temps name="out"><temp name="T297"/><temp name="T6"/><temp name="T2158"/><temp name="T2157"/></temps></instruction><instruction code="INCMH T2159, 0"><temps name="use"/><temps name="def"><temp name="T2159"/></temps><temps name="in"><temp name="T297"/><temp name="T6"/><temp name="T2158"/><temp name="T2157"/></temps><temps name="out"><temp name="T297"/><temp name="T6"/><temp name="T2158"/><temp name="T2157"/></temps></instruction><instruction code="INCH  T2159, 0"><temps name="use"/><temps name="def"><temp name="T2159"/></temps><temps name="in"><temp name="T297"/><temp name="T6"/><temp name="T2158"/><temp name="T2157"/></temps><temps name="out"><temp name="T2159"/><temp name="T297"/><temp name="T6"/><temp name="T2158"/><temp name="T2157"/></temps></instruction><instruction code="MUL T2160, T2158, T2159"><temps name="use"><temp name="T2158"/><temp name="T2159"/></temps><temps name="def"><temp name="T2160"/></temps><temps name="in"><temp name="T2159"/><temp name="T297"/><temp name="T6"/><temp name="T2158"/><temp name="T2157"/></temps><temps name="out"><temp name="T297"/><temp name="T2160"/><temp name="T6"/><temp name="T2157"/></temps></instruction><instruction code="ADD T2161, T2157, T2160"><temps name="use"><temp name="T2157"/><temp name="T2160"/></temps><temps name="def"><temp name="T2161"/></temps><temps name="in"><temp name="T297"/><temp name="T2160"/><temp name="T6"/><temp name="T2157"/></temps><temps name="out"><temp name="T297"/><temp name="T6"/><temp name="T2161"/></temps></instruction><instruction code="STO T2161, T297, 0"><temps name="use"><temp name="T2161"/><temp name="T297"/></temps><temps name="def"/><temps name="in"><temp name="T297"/><temp name="T6"/><temp name="T2161"/></temps><temps name="out"><temp name="T6"/></temps></instruction><instruction code="SETL  T2163, 4"><temps name="use"/><temps name="def"><temp name="T2163"/></temps><temps name="in"><temp name="T6"/></temps><temps name="out"><temp name="T6"/></temps></instruction><instruction code="INCML T2163, 0"><temps name="use"/><temps name="def"><temp name="T2163"/></temps><temps name="in"><temp name="T6"/></temps><temps name="out"><temp name="T6"/></temps></instruction><instruction code="INCMH T2163, 0"><temps name="use"/><temps name="def"><temp name="T2163"/></temps><temps name="in"><temp name="T6"/></temps><temps name="out"><temp name="T6"/></temps></instruction><instruction code="INCH  T2163, 0"><temps name="use"/><temps name="def"><temp name="T2163"/></temps><temps name="in"><temp name="T6"/></temps><temps name="out"><temp name="T6"/><temp name="T2163"/></temps></instruction><instruction code="OR T298, T2163, 0"><temps name="use"><temp name="T2163"/></temps><temps name="def"><temp name="T298"/></temps><temps name="in"><temp name="T6"/><temp name="T2163"/></temps><temps name="out"><temp name="T6"/><temp name="T298"/></temps></instruction><instruction code="SETL  T2164, 664"><temps name="use"/><temps name="def"><temp name="T2164"/></temps><temps name="in"><temp name="T6"/><temp name="T298"/></temps><temps name="out"><temp name="T6"/><temp name="T298"/></temps></instruction><instruction code="INCML T2164, 0"><temps name="use"/><temps name="def"><temp name="T2164"/></temps><temps name="in"><temp name="T6"/><temp name="T298"/></temps><temps name="out"><temp name="T6"/><temp name="T298"/></temps></instruction><instruction code="INCMH T2164, 0"><temps name="use"/><temps name="def"><temp name="T2164"/></temps><temps name="in"><temp name="T6"/><temp name="T298"/></temps><temps name="out"><temp name="T6"/><temp name="T298"/></temps></instruction><instruction code="INCH  T2164, 0"><temps name="use"/><temps name="def"><temp name="T2164"/></temps><temps name="in"><temp name="T6"/><temp name="T298"/></temps><temps name="out"><temp name="T6"/><temp name="T298"/><temp name="T2164"/></temps></instruction><instruction code="NEG T2164, 0, T2164"><temps name="use"><temp name="T2164"/></temps><temps name="def"><temp name="T2164"/></temps><temps name="in"><temp name="T6"/><temp name="T298"/><temp name="T2164"/></temps><temps name="out"><temp name="T6"/><temp name="T298"/><temp name="T2164"/></temps></instruction><instruction code="ADD T2165, T6, T2164"><temps name="use"><temp name="T6"/><temp name="T2164"/></temps><temps name="def"><temp name="T2165"/></temps><temps name="in"><temp name="T6"/><temp name="T298"/><temp name="T2164"/></temps><temps name="out"><temp name="T2165"/><temp name="T6"/><temp name="T298"/></temps></instruction><instruction code="SETL  T2166, 8"><temps name="use"/><temps name="def"><temp name="T2166"/></temps><temps name="in"><temp name="T2165"/><temp name="T6"/><temp name="T298"/></temps><temps name="out"><temp name="T2165"/><temp name="T6"/><temp name="T298"/></temps></instruction><instruction code="INCML T2166, 0"><temps name="use"/><temps name="def"><temp name="T2166"/></temps><temps name="in"><temp name="T2165"/><temp name="T6"/><temp name="T298"/></temps><temps name="out"><temp name="T2165"/><temp name="T6"/><temp name="T298"/></temps></instruction><instruction code="INCMH T2166, 0"><temps name="use"/><temps name="def"><temp name="T2166"/></temps><temps name="in"><temp name="T2165"/><temp name="T6"/><temp name="T298"/></temps><temps name="out"><temp name="T2165"/><temp name="T6"/><temp name="T298"/></temps></instruction><instruction code="INCH  T2166, 0"><temps name="use"/><temps name="def"><temp name="T2166"/></temps><temps name="in"><temp name="T2165"/><temp name="T6"/><temp name="T298"/></temps><temps name="out"><temp name="T2165"/><temp name="T6"/><temp name="T2166"/><temp name="T298"/></temps></instruction><instruction code="SETL  T2167, 72"><temps name="use"/><temps name="def"><temp name="T2167"/></temps><temps name="in"><temp name="T2165"/><temp name="T6"/><temp name="T2166"/><temp name="T298"/></temps><temps name="out"><temp name="T2165"/><temp name="T6"/><temp name="T2166"/><temp name="T298"/></temps></instruction><instruction code="INCML T2167, 0"><temps name="use"/><temps name="def"><temp name="T2167"/></temps><temps name="in"><temp name="T2165"/><temp name="T6"/><temp name="T2166"/><temp name="T298"/></temps><temps name="out"><temp name="T2165"/><temp name="T6"/><temp name="T2166"/><temp name="T298"/></temps></instruction><instruction code="INCMH T2167, 0"><temps name="use"/><temps name="def"><temp name="T2167"/></temps><temps name="in"><temp name="T2165"/><temp name="T6"/><temp name="T2166"/><temp name="T298"/></temps><temps name="out"><temp name="T2165"/><temp name="T6"/><temp name="T2166"/><temp name="T298"/></temps></instruction><instruction code="INCH  T2167, 0"><temps name="use"/><temps name="def"><temp name="T2167"/></temps><temps name="in"><temp name="T2165"/><temp name="T6"/><temp name="T2166"/><temp name="T298"/></temps><temps name="out"><temp name="T2165"/><temp name="T6"/><temp name="T2166"/><temp name="T298"/><temp name="T2167"/></temps></instruction><instruction code="MUL T2168, T2166, T2167"><temps name="use"><temp name="T2166"/><temp name="T2167"/></temps><temps name="def"><temp name="T2168"/></temps><temps name="in"><temp name="T2165"/><temp name="T6"/><temp name="T2166"/><temp name="T298"/><temp name="T2167"/></temps><temps name="out"><temp name="T2165"/><temp name="T6"/><temp name="T298"/><temp name="T2168"/></temps></instruction><instruction code="ADD T2169, T2165, T2168"><temps name="use"><temp name="T2165"/><temp name="T2168"/></temps><temps name="def"><temp name="T2169"/></temps><temps name="in"><temp name="T2165"/><temp name="T6"/><temp name="T298"/><temp name="T2168"/></temps><temps name="out"><temp name="T6"/><temp name="T2169"/><temp name="T298"/></temps></instruction><instruction code="SETL  T2170, 4"><temps name="use"/><temps name="def"><temp name="T2170"/></temps><temps name="in"><temp name="T6"/><temp name="T2169"/><temp name="T298"/></temps><temps name="out"><temp name="T6"/><temp name="T2169"/><temp name="T298"/></temps></instruction><instruction code="INCML T2170, 0"><temps name="use"/><temps name="def"><temp name="T2170"/></temps><temps name="in"><temp name="T6"/><temp name="T2169"/><temp name="T298"/></temps><temps name="out"><temp name="T6"/><temp name="T2169"/><temp name="T298"/></temps></instruction><instruction code="INCMH T2170, 0"><temps name="use"/><temps name="def"><temp name="T2170"/></temps><temps name="in"><temp name="T6"/><temp name="T2169"/><temp name="T298"/></temps><temps name="out"><temp name="T6"/><temp name="T2169"/><temp name="T298"/></temps></instruction><instruction code="INCH  T2170, 0"><temps name="use"/><temps name="def"><temp name="T2170"/></temps><temps name="in"><temp name="T6"/><temp name="T2169"/><temp name="T298"/></temps><temps name="out"><temp name="T6"/><temp name="T2170"/><temp name="T2169"/><temp name="T298"/></temps></instruction><instruction code="SETL  T2171, 8"><temps name="use"/><temps name="def"><temp name="T2171"/></temps><temps name="in"><temp name="T6"/><temp name="T2170"/><temp name="T2169"/><temp name="T298"/></temps><temps name="out"><temp name="T6"/><temp name="T2170"/><temp name="T2169"/><temp name="T298"/></temps></instruction><instruction code="INCML T2171, 0"><temps name="use"/><temps name="def"><temp name="T2171"/></temps><temps name="in"><temp name="T6"/><temp name="T2170"/><temp name="T2169"/><temp name="T298"/></temps><temps name="out"><temp name="T6"/><temp name="T2170"/><temp name="T2169"/><temp name="T298"/></temps></instruction><instruction code="INCMH T2171, 0"><temps name="use"/><temps name="def"><temp name="T2171"/></temps><temps name="in"><temp name="T6"/><temp name="T2170"/><temp name="T2169"/><temp name="T298"/></temps><temps name="out"><temp name="T6"/><temp name="T2170"/><temp name="T2169"/><temp name="T298"/></temps></instruction><instruction code="INCH  T2171, 0"><temps name="use"/><temps name="def"><temp name="T2171"/></temps><temps name="in"><temp name="T6"/><temp name="T2170"/><temp name="T2169"/><temp name="T298"/></temps><temps name="out"><temp name="T6"/><temp name="T2170"/><temp name="T2169"/><temp name="T298"/><temp name="T2171"/></temps></instruction><instruction code="MUL T2172, T2170, T2171"><temps name="use"><temp name="T2170"/><temp name="T2171"/></temps><temps name="def"><temp name="T2172"/></temps><temps name="in"><temp name="T6"/><temp name="T2170"/><temp name="T2169"/><temp name="T298"/><temp name="T2171"/></temps><temps name="out"><temp name="T2172"/><temp name="T6"/><temp name="T2169"/><temp name="T298"/></temps></instruction><instruction code="ADD T2173, T2169, T2172"><temps name="use"><temp name="T2169"/><temp name="T2172"/></temps><temps name="def"><temp name="T2173"/></temps><temps name="in"><temp name="T2172"/><temp name="T6"/><temp name="T2169"/><temp name="T298"/></temps><temps name="out"><temp name="T6"/><temp name="T298"/><temp name="T2173"/></temps></instruction><instruction code="STO T2173, T298, 0"><temps name="use"><temp name="T2173"/><temp name="T298"/></temps><temps name="def"/><temps name="in"><temp name="T6"/><temp name="T298"/><temp name="T2173"/></temps><temps name="out"><temp name="T6"/></temps></instruction><instruction code="SETL  T2175, 0"><temps name="use"/><temps name="def"><temp name="T2175"/></temps><temps name="in"><temp name="T6"/></temps><temps name="out"><temp name="T6"/></temps></instruction><instruction code="INCML T2175, 0"><temps name="use"/><temps name="def"><temp name="T2175"/></temps><temps name="in"><temp name="T6"/></temps><temps name="out"><temp name="T6"/></temps></instruction><instruction code="INCMH T2175, 0"><temps name="use"/><temps name="def"><temp name="T2175"/></temps><temps name="in"><temp name="T6"/></temps><temps name="out"><temp name="T6"/></temps></instruction><instruction code="INCH  T2175, 0"><temps name="use"/><temps name="def"><temp name="T2175"/></temps><temps name="in"><temp name="T6"/></temps><temps name="out"><temp name="T2175"/><temp name="T6"/></temps></instruction><instruction code="OR T299, T2175, 0"><temps name="use"><temp name="T2175"/></temps><temps name="def"><temp name="T299"/></temps><temps name="in"><temp name="T2175"/><temp name="T6"/></temps><temps name="out"><temp name="T6"/><temp name="T299"/></temps></instruction><instruction code="SETL  T2176, 664"><temps name="use"/><temps name="def"><temp name="T2176"/></temps><temps name="in"><temp name="T6"/><temp name="T299"/></temps><temps name="out"><temp name="T6"/><temp name="T299"/></temps></instruction><instruction code="INCML T2176, 0"><temps name="use"/><temps name="def"><temp name="T2176"/></temps><temps name="in"><temp name="T6"/><temp name="T299"/></temps><temps name="out"><temp name="T6"/><temp name="T299"/></temps></instruction><instruction code="INCMH T2176, 0"><temps name="use"/><temps name="def"><temp name="T2176"/></temps><temps name="in"><temp name="T6"/><temp name="T299"/></temps><temps name="out"><temp name="T6"/><temp name="T299"/></temps></instruction><instruction code="INCH  T2176, 0"><temps name="use"/><temps name="def"><temp name="T2176"/></temps><temps name="in"><temp name="T6"/><temp name="T299"/></temps><temps name="out"><temp name="T6"/><temp name="T2176"/><temp name="T299"/></temps></instruction><instruction code="NEG T2176, 0, T2176"><temps name="use"><temp name="T2176"/></temps><temps name="def"><temp name="T2176"/></temps><temps name="in"><temp name="T6"/><temp name="T2176"/><temp name="T299"/></temps><temps name="out"><temp name="T6"/><temp name="T2176"/><temp name="T299"/></temps></instruction><instruction code="ADD T2177, T6, T2176"><temps name="use"><temp name="T6"/><temp name="T2176"/></temps><temps name="def"><temp name="T2177"/></temps><temps name="in"><temp name="T6"/><temp name="T2176"/><temp name="T299"/></temps><temps name="out"><temp name="T6"/><temp name="T2177"/><temp name="T299"/></temps></instruction><instruction code="SETL  T2178, 8"><temps name="use"/><temps name="def"><temp name="T2178"/></temps><temps name="in"><temp name="T6"/><temp name="T2177"/><temp name="T299"/></temps><temps name="out"><temp name="T6"/><temp name="T2177"/><temp name="T299"/></temps></instruction><instruction code="INCML T2178, 0"><temps name="use"/><temps name="def"><temp name="T2178"/></temps><temps name="in"><temp name="T6"/><temp name="T2177"/><temp name="T299"/></temps><temps name="out"><temp name="T6"/><temp name="T2177"/><temp name="T299"/></temps></instruction><instruction code="INCMH T2178, 0"><temps name="use"/><temps name="def"><temp name="T2178"/></temps><temps name="in"><temp name="T6"/><temp name="T2177"/><temp name="T299"/></temps><temps name="out"><temp name="T6"/><temp name="T2177"/><temp name="T299"/></temps></instruction><instruction code="INCH  T2178, 0"><temps name="use"/><temps name="def"><temp name="T2178"/></temps><temps name="in"><temp name="T6"/><temp name="T2177"/><temp name="T299"/></temps><temps name="out"><temp name="T6"/><temp name="T2177"/><temp name="T2178"/><temp name="T299"/></temps></instruction><instruction code="SETL  T2179, 72"><temps name="use"/><temps name="def"><temp name="T2179"/></temps><temps name="in"><temp name="T6"/><temp name="T2177"/><temp name="T2178"/><temp name="T299"/></temps><temps name="out"><temp name="T6"/><temp name="T2177"/><temp name="T2178"/><temp name="T299"/></temps></instruction><instruction code="INCML T2179, 0"><temps name="use"/><temps name="def"><temp name="T2179"/></temps><temps name="in"><temp name="T6"/><temp name="T2177"/><temp name="T2178"/><temp name="T299"/></temps><temps name="out"><temp name="T6"/><temp name="T2177"/><temp name="T2178"/><temp name="T299"/></temps></instruction><instruction code="INCMH T2179, 0"><temps name="use"/><temps name="def"><temp name="T2179"/></temps><temps name="in"><temp name="T6"/><temp name="T2177"/><temp name="T2178"/><temp name="T299"/></temps><temps name="out"><temp name="T6"/><temp name="T2177"/><temp name="T2178"/><temp name="T299"/></temps></instruction><instruction code="INCH  T2179, 0"><temps name="use"/><temps name="def"><temp name="T2179"/></temps><temps name="in"><temp name="T6"/><temp name="T2177"/><temp name="T2178"/><temp name="T299"/></temps><temps name="out"><temp name="T6"/><temp name="T2177"/><temp name="T2179"/><temp name="T2178"/><temp name="T299"/></temps></instruction><instruction code="MUL T2180, T2178, T2179"><temps name="use"><temp name="T2178"/><temp name="T2179"/></temps><temps name="def"><temp name="T2180"/></temps><temps name="in"><temp name="T6"/><temp name="T2177"/><temp name="T2179"/><temp name="T2178"/><temp name="T299"/></temps><temps name="out"><temp name="T6"/><temp name="T2177"/><temp name="T2180"/><temp name="T299"/></temps></instruction><instruction code="ADD T2181, T2177, T2180"><temps name="use"><temp name="T2177"/><temp name="T2180"/></temps><temps name="def"><temp name="T2181"/></temps><temps name="in"><temp name="T6"/><temp name="T2177"/><temp name="T2180"/><temp name="T299"/></temps><temps name="out"><temp name="T6"/><temp name="T2181"/><temp name="T299"/></temps></instruction><instruction code="SETL  T2182, 5"><temps name="use"/><temps name="def"><temp name="T2182"/></temps><temps name="in"><temp name="T6"/><temp name="T2181"/><temp name="T299"/></temps><temps name="out"><temp name="T6"/><temp name="T2181"/><temp name="T299"/></temps></instruction><instruction code="INCML T2182, 0"><temps name="use"/><temps name="def"><temp name="T2182"/></temps><temps name="in"><temp name="T6"/><temp name="T2181"/><temp name="T299"/></temps><temps name="out"><temp name="T6"/><temp name="T2181"/><temp name="T299"/></temps></instruction><instruction code="INCMH T2182, 0"><temps name="use"/><temps name="def"><temp name="T2182"/></temps><temps name="in"><temp name="T6"/><temp name="T2181"/><temp name="T299"/></temps><temps name="out"><temp name="T6"/><temp name="T2181"/><temp name="T299"/></temps></instruction><instruction code="INCH  T2182, 0"><temps name="use"/><temps name="def"><temp name="T2182"/></temps><temps name="in"><temp name="T6"/><temp name="T2181"/><temp name="T299"/></temps><temps name="out"><temp name="T6"/><temp name="T2181"/><temp name="T2182"/><temp name="T299"/></temps></instruction><instruction code="SETL  T2183, 8"><temps name="use"/><temps name="def"><temp name="T2183"/></temps><temps name="in"><temp name="T6"/><temp name="T2181"/><temp name="T2182"/><temp name="T299"/></temps><temps name="out"><temp name="T6"/><temp name="T2181"/><temp name="T2182"/><temp name="T299"/></temps></instruction><instruction code="INCML T2183, 0"><temps name="use"/><temps name="def"><temp name="T2183"/></temps><temps name="in"><temp name="T6"/><temp name="T2181"/><temp name="T2182"/><temp name="T299"/></temps><temps name="out"><temp name="T6"/><temp name="T2181"/><temp name="T2182"/><temp name="T299"/></temps></instruction><instruction code="INCMH T2183, 0"><temps name="use"/><temps name="def"><temp name="T2183"/></temps><temps name="in"><temp name="T6"/><temp name="T2181"/><temp name="T2182"/><temp name="T299"/></temps><temps name="out"><temp name="T6"/><temp name="T2181"/><temp name="T2182"/><temp name="T299"/></temps></instruction><instruction code="INCH  T2183, 0"><temps name="use"/><temps name="def"><temp name="T2183"/></temps><temps name="in"><temp name="T6"/><temp name="T2181"/><temp name="T2182"/><temp name="T299"/></temps><temps name="out"><temp name="T2183"/><temp name="T6"/><temp name="T2181"/><temp name="T2182"/><temp name="T299"/></temps></instruction><instruction code="MUL T2184, T2182, T2183"><temps name="use"><temp name="T2182"/><temp name="T2183"/></temps><temps name="def"><temp name="T2184"/></temps><temps name="in"><temp name="T2183"/><temp name="T6"/><temp name="T2181"/><temp name="T2182"/><temp name="T299"/></temps><temps name="out"><temp name="T6"/><temp name="T2181"/><temp name="T2184"/><temp name="T299"/></temps></instruction><instruction code="ADD T2185, T2181, T2184"><temps name="use"><temp name="T2181"/><temp name="T2184"/></temps><temps name="def"><temp name="T2185"/></temps><temps name="in"><temp name="T6"/><temp name="T2181"/><temp name="T2184"/><temp name="T299"/></temps><temps name="out"><temp name="T6"/><temp name="T2185"/><temp name="T299"/></temps></instruction><instruction code="STO T2185, T299, 0"><temps name="use"><temp name="T2185"/><temp name="T299"/></temps><temps name="def"/><temps name="in"><temp name="T6"/><temp name="T2185"/><temp name="T299"/></temps><temps name="out"><temp name="T6"/></temps></instruction><instruction code="SETL  T2187, 9"><temps name="use"/><temps name="def"><temp name="T2187"/></temps><temps name="in"><temp name="T6"/></temps><temps name="out"><temp name="T6"/></temps></instruction><instruction code="INCML T2187, 0"><temps name="use"/><temps name="def"><temp name="T2187"/></temps><temps name="in"><temp name="T6"/></temps><temps name="out"><temp name="T6"/></temps></instruction><instruction code="INCMH T2187, 0"><temps name="use"/><temps name="def"><temp name="T2187"/></temps><temps name="in"><temp name="T6"/></temps><temps name="out"><temp name="T6"/></temps></instruction><instruction code="INCH  T2187, 0"><temps name="use"/><temps name="def"><temp name="T2187"/></temps><temps name="in"><temp name="T6"/></temps><temps name="out"><temp name="T6"/><temp name="T2187"/></temps></instruction><instruction code="OR T300, T2187, 0"><temps name="use"><temp name="T2187"/></temps><temps name="def"><temp name="T300"/></temps><temps name="in"><temp name="T6"/><temp name="T2187"/></temps><temps name="out"><temp name="T6"/><temp name="T300"/></temps></instruction><instruction code="SETL  T2188, 664"><temps name="use"/><temps name="def"><temp name="T2188"/></temps><temps name="in"><temp name="T6"/><temp name="T300"/></temps><temps name="out"><temp name="T6"/><temp name="T300"/></temps></instruction><instruction code="INCML T2188, 0"><temps name="use"/><temps name="def"><temp name="T2188"/></temps><temps name="in"><temp name="T6"/><temp name="T300"/></temps><temps name="out"><temp name="T6"/><temp name="T300"/></temps></instruction><instruction code="INCMH T2188, 0"><temps name="use"/><temps name="def"><temp name="T2188"/></temps><temps name="in"><temp name="T6"/><temp name="T300"/></temps><temps name="out"><temp name="T6"/><temp name="T300"/></temps></instruction><instruction code="INCH  T2188, 0"><temps name="use"/><temps name="def"><temp name="T2188"/></temps><temps name="in"><temp name="T6"/><temp name="T300"/></temps><temps name="out"><temp name="T6"/><temp name="T300"/><temp name="T2188"/></temps></instruction><instruction code="NEG T2188, 0, T2188"><temps name="use"><temp name="T2188"/></temps><temps name="def"><temp name="T2188"/></temps><temps name="in"><temp name="T6"/><temp name="T300"/><temp name="T2188"/></temps><temps name="out"><temp name="T6"/><temp name="T300"/><temp name="T2188"/></temps></instruction><instruction code="ADD T2189, T6, T2188"><temps name="use"><temp name="T6"/><temp name="T2188"/></temps><temps name="def"><temp name="T2189"/></temps><temps name="in"><temp name="T6"/><temp name="T300"/><temp name="T2188"/></temps><temps name="out"><temp name="T6"/><temp name="T300"/><temp name="T2189"/></temps></instruction><instruction code="SETL  T2190, 8"><temps name="use"/><temps name="def"><temp name="T2190"/></temps><temps name="in"><temp name="T6"/><temp name="T300"/><temp name="T2189"/></temps><temps name="out"><temp name="T6"/><temp name="T300"/><temp name="T2189"/></temps></instruction><instruction code="INCML T2190, 0"><temps name="use"/><temps name="def"><temp name="T2190"/></temps><temps name="in"><temp name="T6"/><temp name="T300"/><temp name="T2189"/></temps><temps name="out"><temp name="T6"/><temp name="T300"/><temp name="T2189"/></temps></instruction><instruction code="INCMH T2190, 0"><temps name="use"/><temps name="def"><temp name="T2190"/></temps><temps name="in"><temp name="T6"/><temp name="T300"/><temp name="T2189"/></temps><temps name="out"><temp name="T6"/><temp name="T300"/><temp name="T2189"/></temps></instruction><instruction code="INCH  T2190, 0"><temps name="use"/><temps name="def"><temp name="T2190"/></temps><temps name="in"><temp name="T6"/><temp name="T300"/><temp name="T2189"/></temps><temps name="out"><temp name="T6"/><temp name="T2190"/><temp name="T300"/><temp name="T2189"/></temps></instruction><instruction code="SETL  T2191, 72"><temps name="use"/><temps name="def"><temp name="T2191"/></temps><temps name="in"><temp name="T6"/><temp name="T2190"/><temp name="T300"/><temp name="T2189"/></temps><temps name="out"><temp name="T6"/><temp name="T2190"/><temp name="T300"/><temp name="T2189"/></temps></instruction><instruction code="INCML T2191, 0"><temps name="use"/><temps name="def"><temp name="T2191"/></temps><temps name="in"><temp name="T6"/><temp name="T2190"/><temp name="T300"/><temp name="T2189"/></temps><temps name="out"><temp name="T6"/><temp name="T2190"/><temp name="T300"/><temp name="T2189"/></temps></instruction><instruction code="INCMH T2191, 0"><temps name="use"/><temps name="def"><temp name="T2191"/></temps><temps name="in"><temp name="T6"/><temp name="T2190"/><temp name="T300"/><temp name="T2189"/></temps><temps name="out"><temp name="T6"/><temp name="T2190"/><temp name="T300"/><temp name="T2189"/></temps></instruction><instruction code="INCH  T2191, 0"><temps name="use"/><temps name="def"><temp name="T2191"/></temps><temps name="in"><temp name="T6"/><temp name="T2190"/><temp name="T300"/><temp name="T2189"/></temps><temps name="out"><temp name="T6"/><temp name="T2190"/><temp name="T300"/><temp name="T2189"/><temp name="T2191"/></temps></instruction><instruction code="MUL T2192, T2190, T2191"><temps name="use"><temp name="T2190"/><temp name="T2191"/></temps><temps name="def"><temp name="T2192"/></temps><temps name="in"><temp name="T6"/><temp name="T2190"/><temp name="T300"/><temp name="T2189"/><temp name="T2191"/></temps><temps name="out"><temp name="T6"/><temp name="T300"/><temp name="T2189"/><temp name="T2192"/></temps></instruction><instruction code="ADD T2193, T2189, T2192"><temps name="use"><temp name="T2189"/><temp name="T2192"/></temps><temps name="def"><temp name="T2193"/></temps><temps name="in"><temp name="T6"/><temp name="T300"/><temp name="T2189"/><temp name="T2192"/></temps><temps name="out"><temp name="T6"/><temp name="T300"/><temp name="T2193"/></temps></instruction><instruction code="SETL  T2194, 6"><temps name="use"/><temps name="def"><temp name="T2194"/></temps><temps name="in"><temp name="T6"/><temp name="T300"/><temp name="T2193"/></temps><temps name="out"><temp name="T6"/><temp name="T300"/><temp name="T2193"/></temps></instruction><instruction code="INCML T2194, 0"><temps name="use"/><temps name="def"><temp name="T2194"/></temps><temps name="in"><temp name="T6"/><temp name="T300"/><temp name="T2193"/></temps><temps name="out"><temp name="T6"/><temp name="T300"/><temp name="T2193"/></temps></instruction><instruction code="INCMH T2194, 0"><temps name="use"/><temps name="def"><temp name="T2194"/></temps><temps name="in"><temp name="T6"/><temp name="T300"/><temp name="T2193"/></temps><temps name="out"><temp name="T6"/><temp name="T300"/><temp name="T2193"/></temps></instruction><instruction code="INCH  T2194, 0"><temps name="use"/><temps name="def"><temp name="T2194"/></temps><temps name="in"><temp name="T6"/><temp name="T300"/><temp name="T2193"/></temps><temps name="out"><temp name="T2194"/><temp name="T6"/><temp name="T300"/><temp name="T2193"/></temps></instruction><instruction code="SETL  T2195, 8"><temps name="use"/><temps name="def"><temp name="T2195"/></temps><temps name="in"><temp name="T2194"/><temp name="T6"/><temp name="T300"/><temp name="T2193"/></temps><temps name="out"><temp name="T2194"/><temp name="T6"/><temp name="T300"/><temp name="T2193"/></temps></instruction><instruction code="INCML T2195, 0"><temps name="use"/><temps name="def"><temp name="T2195"/></temps><temps name="in"><temp name="T2194"/><temp name="T6"/><temp name="T300"/><temp name="T2193"/></temps><temps name="out"><temp name="T2194"/><temp name="T6"/><temp name="T300"/><temp name="T2193"/></temps></instruction><instruction code="INCMH T2195, 0"><temps name="use"/><temps name="def"><temp name="T2195"/></temps><temps name="in"><temp name="T2194"/><temp name="T6"/><temp name="T300"/><temp name="T2193"/></temps><temps name="out"><temp name="T2194"/><temp name="T6"/><temp name="T300"/><temp name="T2193"/></temps></instruction><instruction code="INCH  T2195, 0"><temps name="use"/><temps name="def"><temp name="T2195"/></temps><temps name="in"><temp name="T2194"/><temp name="T6"/><temp name="T300"/><temp name="T2193"/></temps><temps name="out"><temp name="T2194"/><temp name="T2195"/><temp name="T6"/><temp name="T300"/><temp name="T2193"/></temps></instruction><instruction code="MUL T2196, T2194, T2195"><temps name="use"><temp name="T2194"/><temp name="T2195"/></temps><temps name="def"><temp name="T2196"/></temps><temps name="in"><temp name="T2194"/><temp name="T2195"/><temp name="T6"/><temp name="T300"/><temp name="T2193"/></temps><temps name="out"><temp name="T6"/><temp name="T2196"/><temp name="T300"/><temp name="T2193"/></temps></instruction><instruction code="ADD T2197, T2193, T2196"><temps name="use"><temp name="T2193"/><temp name="T2196"/></temps><temps name="def"><temp name="T2197"/></temps><temps name="in"><temp name="T6"/><temp name="T2196"/><temp name="T300"/><temp name="T2193"/></temps><temps name="out"><temp name="T2197"/><temp name="T6"/><temp name="T300"/></temps></instruction><instruction code="STO T2197, T300, 0"><temps name="use"><temp name="T2197"/><temp name="T300"/></temps><temps name="def"/><temps name="in"><temp name="T2197"/><temp name="T6"/><temp name="T300"/></temps><temps name="out"><temp name="T6"/></temps></instruction><instruction code="SETL  T2199, 3"><temps name="use"/><temps name="def"><temp name="T2199"/></temps><temps name="in"><temp name="T6"/></temps><temps name="out"><temp name="T6"/></temps></instruction><instruction code="INCML T2199, 0"><temps name="use"/><temps name="def"><temp name="T2199"/></temps><temps name="in"><temp name="T6"/></temps><temps name="out"><temp name="T6"/></temps></instruction><instruction code="INCMH T2199, 0"><temps name="use"/><temps name="def"><temp name="T2199"/></temps><temps name="in"><temp name="T6"/></temps><temps name="out"><temp name="T6"/></temps></instruction><instruction code="INCH  T2199, 0"><temps name="use"/><temps name="def"><temp name="T2199"/></temps><temps name="in"><temp name="T6"/></temps><temps name="out"><temp name="T6"/><temp name="T2199"/></temps></instruction><instruction code="OR T301, T2199, 0"><temps name="use"><temp name="T2199"/></temps><temps name="def"><temp name="T301"/></temps><temps name="in"><temp name="T6"/><temp name="T2199"/></temps><temps name="out"><temp name="T6"/><temp name="T301"/></temps></instruction><instruction code="SETL  T2200, 664"><temps name="use"/><temps name="def"><temp name="T2200"/></temps><temps name="in"><temp name="T6"/><temp name="T301"/></temps><temps name="out"><temp name="T6"/><temp name="T301"/></temps></instruction><instruction code="INCML T2200, 0"><temps name="use"/><temps name="def"><temp name="T2200"/></temps><temps name="in"><temp name="T6"/><temp name="T301"/></temps><temps name="out"><temp name="T6"/><temp name="T301"/></temps></instruction><instruction code="INCMH T2200, 0"><temps name="use"/><temps name="def"><temp name="T2200"/></temps><temps name="in"><temp name="T6"/><temp name="T301"/></temps><temps name="out"><temp name="T6"/><temp name="T301"/></temps></instruction><instruction code="INCH  T2200, 0"><temps name="use"/><temps name="def"><temp name="T2200"/></temps><temps name="in"><temp name="T6"/><temp name="T301"/></temps><temps name="out"><temp name="T2200"/><temp name="T6"/><temp name="T301"/></temps></instruction><instruction code="NEG T2200, 0, T2200"><temps name="use"><temp name="T2200"/></temps><temps name="def"><temp name="T2200"/></temps><temps name="in"><temp name="T2200"/><temp name="T6"/><temp name="T301"/></temps><temps name="out"><temp name="T2200"/><temp name="T6"/><temp name="T301"/></temps></instruction><instruction code="ADD T2201, T6, T2200"><temps name="use"><temp name="T6"/><temp name="T2200"/></temps><temps name="def"><temp name="T2201"/></temps><temps name="in"><temp name="T2200"/><temp name="T6"/><temp name="T301"/></temps><temps name="out"><temp name="T2201"/><temp name="T6"/><temp name="T301"/></temps></instruction><instruction code="SETL  T2202, 8"><temps name="use"/><temps name="def"><temp name="T2202"/></temps><temps name="in"><temp name="T2201"/><temp name="T6"/><temp name="T301"/></temps><temps name="out"><temp name="T2201"/><temp name="T6"/><temp name="T301"/></temps></instruction><instruction code="INCML T2202, 0"><temps name="use"/><temps name="def"><temp name="T2202"/></temps><temps name="in"><temp name="T2201"/><temp name="T6"/><temp name="T301"/></temps><temps name="out"><temp name="T2201"/><temp name="T6"/><temp name="T301"/></temps></instruction><instruction code="INCMH T2202, 0"><temps name="use"/><temps name="def"><temp name="T2202"/></temps><temps name="in"><temp name="T2201"/><temp name="T6"/><temp name="T301"/></temps><temps name="out"><temp name="T2201"/><temp name="T6"/><temp name="T301"/></temps></instruction><instruction code="INCH  T2202, 0"><temps name="use"/><temps name="def"><temp name="T2202"/></temps><temps name="in"><temp name="T2201"/><temp name="T6"/><temp name="T301"/></temps><temps name="out"><temp name="T2201"/><temp name="T6"/><temp name="T2202"/><temp name="T301"/></temps></instruction><instruction code="SETL  T2203, 72"><temps name="use"/><temps name="def"><temp name="T2203"/></temps><temps name="in"><temp name="T2201"/><temp name="T6"/><temp name="T2202"/><temp name="T301"/></temps><temps name="out"><temp name="T2201"/><temp name="T6"/><temp name="T2202"/><temp name="T301"/></temps></instruction><instruction code="INCML T2203, 0"><temps name="use"/><temps name="def"><temp name="T2203"/></temps><temps name="in"><temp name="T2201"/><temp name="T6"/><temp name="T2202"/><temp name="T301"/></temps><temps name="out"><temp name="T2201"/><temp name="T6"/><temp name="T2202"/><temp name="T301"/></temps></instruction><instruction code="INCMH T2203, 0"><temps name="use"/><temps name="def"><temp name="T2203"/></temps><temps name="in"><temp name="T2201"/><temp name="T6"/><temp name="T2202"/><temp name="T301"/></temps><temps name="out"><temp name="T2201"/><temp name="T6"/><temp name="T2202"/><temp name="T301"/></temps></instruction><instruction code="INCH  T2203, 0"><temps name="use"/><temps name="def"><temp name="T2203"/></temps><temps name="in"><temp name="T2201"/><temp name="T6"/><temp name="T2202"/><temp name="T301"/></temps><temps name="out"><temp name="T2201"/><temp name="T2203"/><temp name="T6"/><temp name="T2202"/><temp name="T301"/></temps></instruction><instruction code="MUL T2204, T2202, T2203"><temps name="use"><temp name="T2202"/><temp name="T2203"/></temps><temps name="def"><temp name="T2204"/></temps><temps name="in"><temp name="T2201"/><temp name="T2203"/><temp name="T6"/><temp name="T2202"/><temp name="T301"/></temps><temps name="out"><temp name="T2201"/><temp name="T2204"/><temp name="T6"/><temp name="T301"/></temps></instruction><instruction code="ADD T2205, T2201, T2204"><temps name="use"><temp name="T2201"/><temp name="T2204"/></temps><temps name="def"><temp name="T2205"/></temps><temps name="in"><temp name="T2201"/><temp name="T2204"/><temp name="T6"/><temp name="T301"/></temps><temps name="out"><temp name="T6"/><temp name="T2205"/><temp name="T301"/></temps></instruction><instruction code="SETL  T2206, 7"><temps name="use"/><temps name="def"><temp name="T2206"/></temps><temps name="in"><temp name="T6"/><temp name="T2205"/><temp name="T301"/></temps><temps name="out"><temp name="T6"/><temp name="T2205"/><temp name="T301"/></temps></instruction><instruction code="INCML T2206, 0"><temps name="use"/><temps name="def"><temp name="T2206"/></temps><temps name="in"><temp name="T6"/><temp name="T2205"/><temp name="T301"/></temps><temps name="out"><temp name="T6"/><temp name="T2205"/><temp name="T301"/></temps></instruction><instruction code="INCMH T2206, 0"><temps name="use"/><temps name="def"><temp name="T2206"/></temps><temps name="in"><temp name="T6"/><temp name="T2205"/><temp name="T301"/></temps><temps name="out"><temp name="T6"/><temp name="T2205"/><temp name="T301"/></temps></instruction><instruction code="INCH  T2206, 0"><temps name="use"/><temps name="def"><temp name="T2206"/></temps><temps name="in"><temp name="T6"/><temp name="T2205"/><temp name="T301"/></temps><temps name="out"><temp name="T6"/><temp name="T2205"/><temp name="T301"/><temp name="T2206"/></temps></instruction><instruction code="SETL  T2207, 8"><temps name="use"/><temps name="def"><temp name="T2207"/></temps><temps name="in"><temp name="T6"/><temp name="T2205"/><temp name="T301"/><temp name="T2206"/></temps><temps name="out"><temp name="T6"/><temp name="T2205"/><temp name="T301"/><temp name="T2206"/></temps></instruction><instruction code="INCML T2207, 0"><temps name="use"/><temps name="def"><temp name="T2207"/></temps><temps name="in"><temp name="T6"/><temp name="T2205"/><temp name="T301"/><temp name="T2206"/></temps><temps name="out"><temp name="T6"/><temp name="T2205"/><temp name="T301"/><temp name="T2206"/></temps></instruction><instruction code="INCMH T2207, 0"><temps name="use"/><temps name="def"><temp name="T2207"/></temps><temps name="in"><temp name="T6"/><temp name="T2205"/><temp name="T301"/><temp name="T2206"/></temps><temps name="out"><temp name="T6"/><temp name="T2205"/><temp name="T301"/><temp name="T2206"/></temps></instruction><instruction code="INCH  T2207, 0"><temps name="use"/><temps name="def"><temp name="T2207"/></temps><temps name="in"><temp name="T6"/><temp name="T2205"/><temp name="T301"/><temp name="T2206"/></temps><temps name="out"><temp name="T6"/><temp name="T2205"/><temp name="T301"/><temp name="T2206"/><temp name="T2207"/></temps></instruction><instruction code="MUL T2208, T2206, T2207"><temps name="use"><temp name="T2206"/><temp name="T2207"/></temps><temps name="def"><temp name="T2208"/></temps><temps name="in"><temp name="T6"/><temp name="T2205"/><temp name="T301"/><temp name="T2206"/><temp name="T2207"/></temps><temps name="out"><temp name="T6"/><temp name="T2205"/><temp name="T2208"/><temp name="T301"/></temps></instruction><instruction code="ADD T2209, T2205, T2208"><temps name="use"><temp name="T2205"/><temp name="T2208"/></temps><temps name="def"><temp name="T2209"/></temps><temps name="in"><temp name="T6"/><temp name="T2205"/><temp name="T2208"/><temp name="T301"/></temps><temps name="out"><temp name="T6"/><temp name="T2209"/><temp name="T301"/></temps></instruction><instruction code="STO T2209, T301, 0"><temps name="use"><temp name="T2209"/><temp name="T301"/></temps><temps name="def"/><temps name="in"><temp name="T6"/><temp name="T2209"/><temp name="T301"/></temps><temps name="out"><temp name="T6"/></temps></instruction><instruction code="SETL  T2211, 0"><temps name="use"/><temps name="def"><temp name="T2211"/></temps><temps name="in"><temp name="T6"/></temps><temps name="out"><temp name="T6"/></temps></instruction><instruction code="INCML T2211, 0"><temps name="use"/><temps name="def"><temp name="T2211"/></temps><temps name="in"><temp name="T6"/></temps><temps name="out"><temp name="T6"/></temps></instruction><instruction code="INCMH T2211, 0"><temps name="use"/><temps name="def"><temp name="T2211"/></temps><temps name="in"><temp name="T6"/></temps><temps name="out"><temp name="T6"/></temps></instruction><instruction code="INCH  T2211, 0"><temps name="use"/><temps name="def"><temp name="T2211"/></temps><temps name="in"><temp name="T6"/></temps><temps name="out"><temp name="T2211"/><temp name="T6"/></temps></instruction><instruction code="OR T302, T2211, 0"><temps name="use"><temp name="T2211"/></temps><temps name="def"><temp name="T302"/></temps><temps name="in"><temp name="T2211"/><temp name="T6"/></temps><temps name="out"><temp name="T6"/><temp name="T302"/></temps></instruction><instruction code="SETL  T2212, 664"><temps name="use"/><temps name="def"><temp name="T2212"/></temps><temps name="in"><temp name="T6"/><temp name="T302"/></temps><temps name="out"><temp name="T6"/><temp name="T302"/></temps></instruction><instruction code="INCML T2212, 0"><temps name="use"/><temps name="def"><temp name="T2212"/></temps><temps name="in"><temp name="T6"/><temp name="T302"/></temps><temps name="out"><temp name="T6"/><temp name="T302"/></temps></instruction><instruction code="INCMH T2212, 0"><temps name="use"/><temps name="def"><temp name="T2212"/></temps><temps name="in"><temp name="T6"/><temp name="T302"/></temps><temps name="out"><temp name="T6"/><temp name="T302"/></temps></instruction><instruction code="INCH  T2212, 0"><temps name="use"/><temps name="def"><temp name="T2212"/></temps><temps name="in"><temp name="T6"/><temp name="T302"/></temps><temps name="out"><temp name="T6"/><temp name="T2212"/><temp name="T302"/></temps></instruction><instruction code="NEG T2212, 0, T2212"><temps name="use"><temp name="T2212"/></temps><temps name="def"><temp name="T2212"/></temps><temps name="in"><temp name="T6"/><temp name="T2212"/><temp name="T302"/></temps><temps name="out"><temp name="T6"/><temp name="T2212"/><temp name="T302"/></temps></instruction><instruction code="ADD T2213, T6, T2212"><temps name="use"><temp name="T6"/><temp name="T2212"/></temps><temps name="def"><temp name="T2213"/></temps><temps name="in"><temp name="T6"/><temp name="T2212"/><temp name="T302"/></temps><temps name="out"><temp name="T6"/><temp name="T2213"/><temp name="T302"/></temps></instruction><instruction code="SETL  T2214, 8"><temps name="use"/><temps name="def"><temp name="T2214"/></temps><temps name="in"><temp name="T6"/><temp name="T2213"/><temp name="T302"/></temps><temps name="out"><temp name="T6"/><temp name="T2213"/><temp name="T302"/></temps></instruction><instruction code="INCML T2214, 0"><temps name="use"/><temps name="def"><temp name="T2214"/></temps><temps name="in"><temp name="T6"/><temp name="T2213"/><temp name="T302"/></temps><temps name="out"><temp name="T6"/><temp name="T2213"/><temp name="T302"/></temps></instruction><instruction code="INCMH T2214, 0"><temps name="use"/><temps name="def"><temp name="T2214"/></temps><temps name="in"><temp name="T6"/><temp name="T2213"/><temp name="T302"/></temps><temps name="out"><temp name="T6"/><temp name="T2213"/><temp name="T302"/></temps></instruction><instruction code="INCH  T2214, 0"><temps name="use"/><temps name="def"><temp name="T2214"/></temps><temps name="in"><temp name="T6"/><temp name="T2213"/><temp name="T302"/></temps><temps name="out"><temp name="T2214"/><temp name="T6"/><temp name="T2213"/><temp name="T302"/></temps></instruction><instruction code="SETL  T2215, 72"><temps name="use"/><temps name="def"><temp name="T2215"/></temps><temps name="in"><temp name="T2214"/><temp name="T6"/><temp name="T2213"/><temp name="T302"/></temps><temps name="out"><temp name="T2214"/><temp name="T6"/><temp name="T2213"/><temp name="T302"/></temps></instruction><instruction code="INCML T2215, 0"><temps name="use"/><temps name="def"><temp name="T2215"/></temps><temps name="in"><temp name="T2214"/><temp name="T6"/><temp name="T2213"/><temp name="T302"/></temps><temps name="out"><temp name="T2214"/><temp name="T6"/><temp name="T2213"/><temp name="T302"/></temps></instruction><instruction code="INCMH T2215, 0"><temps name="use"/><temps name="def"><temp name="T2215"/></temps><temps name="in"><temp name="T2214"/><temp name="T6"/><temp name="T2213"/><temp name="T302"/></temps><temps name="out"><temp name="T2214"/><temp name="T6"/><temp name="T2213"/><temp name="T302"/></temps></instruction><instruction code="INCH  T2215, 0"><temps name="use"/><temps name="def"><temp name="T2215"/></temps><temps name="in"><temp name="T2214"/><temp name="T6"/><temp name="T2213"/><temp name="T302"/></temps><temps name="out"><temp name="T2214"/><temp name="T6"/><temp name="T2215"/><temp name="T2213"/><temp name="T302"/></temps></instruction><instruction code="MUL T2216, T2214, T2215"><temps name="use"><temp name="T2214"/><temp name="T2215"/></temps><temps name="def"><temp name="T2216"/></temps><temps name="in"><temp name="T2214"/><temp name="T6"/><temp name="T2215"/><temp name="T2213"/><temp name="T302"/></temps><temps name="out"><temp name="T6"/><temp name="T2216"/><temp name="T2213"/><temp name="T302"/></temps></instruction><instruction code="ADD T2217, T2213, T2216"><temps name="use"><temp name="T2213"/><temp name="T2216"/></temps><temps name="def"><temp name="T2217"/></temps><temps name="in"><temp name="T6"/><temp name="T2216"/><temp name="T2213"/><temp name="T302"/></temps><temps name="out"><temp name="T2217"/><temp name="T6"/><temp name="T302"/></temps></instruction><instruction code="SETL  T2218, 8"><temps name="use"/><temps name="def"><temp name="T2218"/></temps><temps name="in"><temp name="T2217"/><temp name="T6"/><temp name="T302"/></temps><temps name="out"><temp name="T2217"/><temp name="T6"/><temp name="T302"/></temps></instruction><instruction code="INCML T2218, 0"><temps name="use"/><temps name="def"><temp name="T2218"/></temps><temps name="in"><temp name="T2217"/><temp name="T6"/><temp name="T302"/></temps><temps name="out"><temp name="T2217"/><temp name="T6"/><temp name="T302"/></temps></instruction><instruction code="INCMH T2218, 0"><temps name="use"/><temps name="def"><temp name="T2218"/></temps><temps name="in"><temp name="T2217"/><temp name="T6"/><temp name="T302"/></temps><temps name="out"><temp name="T2217"/><temp name="T6"/><temp name="T302"/></temps></instruction><instruction code="INCH  T2218, 0"><temps name="use"/><temps name="def"><temp name="T2218"/></temps><temps name="in"><temp name="T2217"/><temp name="T6"/><temp name="T302"/></temps><temps name="out"><temp name="T2217"/><temp name="T6"/><temp name="T2218"/><temp name="T302"/></temps></instruction><instruction code="SETL  T2219, 8"><temps name="use"/><temps name="def"><temp name="T2219"/></temps><temps name="in"><temp name="T2217"/><temp name="T6"/><temp name="T2218"/><temp name="T302"/></temps><temps name="out"><temp name="T2217"/><temp name="T6"/><temp name="T2218"/><temp name="T302"/></temps></instruction><instruction code="INCML T2219, 0"><temps name="use"/><temps name="def"><temp name="T2219"/></temps><temps name="in"><temp name="T2217"/><temp name="T6"/><temp name="T2218"/><temp name="T302"/></temps><temps name="out"><temp name="T2217"/><temp name="T6"/><temp name="T2218"/><temp name="T302"/></temps></instruction><instruction code="INCMH T2219, 0"><temps name="use"/><temps name="def"><temp name="T2219"/></temps><temps name="in"><temp name="T2217"/><temp name="T6"/><temp name="T2218"/><temp name="T302"/></temps><temps name="out"><temp name="T2217"/><temp name="T6"/><temp name="T2218"/><temp name="T302"/></temps></instruction><instruction code="INCH  T2219, 0"><temps name="use"/><temps name="def"><temp name="T2219"/></temps><temps name="in"><temp name="T2217"/><temp name="T6"/><temp name="T2218"/><temp name="T302"/></temps><temps name="out"><temp name="T2217"/><temp name="T6"/><temp name="T2219"/><temp name="T2218"/><temp name="T302"/></temps></instruction><instruction code="MUL T2220, T2218, T2219"><temps name="use"><temp name="T2218"/><temp name="T2219"/></temps><temps name="def"><temp name="T2220"/></temps><temps name="in"><temp name="T2217"/><temp name="T6"/><temp name="T2219"/><temp name="T2218"/><temp name="T302"/></temps><temps name="out"><temp name="T2217"/><temp name="T6"/><temp name="T2220"/><temp name="T302"/></temps></instruction><instruction code="ADD T2221, T2217, T2220"><temps name="use"><temp name="T2217"/><temp name="T2220"/></temps><temps name="def"><temp name="T2221"/></temps><temps name="in"><temp name="T2217"/><temp name="T6"/><temp name="T2220"/><temp name="T302"/></temps><temps name="out"><temp name="T2221"/><temp name="T6"/><temp name="T302"/></temps></instruction><instruction code="STO T2221, T302, 0"><temps name="use"><temp name="T2221"/><temp name="T302"/></temps><temps name="def"/><temps name="in"><temp name="T2221"/><temp name="T6"/><temp name="T302"/></temps><temps name="out"><temp name="T6"/></temps></instruction><instruction code="SETL  T2223, 0"><temps name="use"/><temps name="def"><temp name="T2223"/></temps><temps name="in"><temp name="T6"/></temps><temps name="out"><temp name="T6"/></temps></instruction><instruction code="INCML T2223, 0"><temps name="use"/><temps name="def"><temp name="T2223"/></temps><temps name="in"><temp name="T6"/></temps><temps name="out"><temp name="T6"/></temps></instruction><instruction code="INCMH T2223, 0"><temps name="use"/><temps name="def"><temp name="T2223"/></temps><temps name="in"><temp name="T6"/></temps><temps name="out"><temp name="T6"/></temps></instruction><instruction code="INCH  T2223, 0"><temps name="use"/><temps name="def"><temp name="T2223"/></temps><temps name="in"><temp name="T6"/></temps><temps name="out"><temp name="T6"/><temp name="T2223"/></temps></instruction><instruction code="OR T303, T2223, 0"><temps name="use"><temp name="T2223"/></temps><temps name="def"><temp name="T303"/></temps><temps name="in"><temp name="T6"/><temp name="T2223"/></temps><temps name="out"><temp name="T6"/><temp name="T303"/></temps></instruction><instruction code="OR T304, T6, 0"><temps name="use"><temp name="T6"/></temps><temps name="def"><temp name="T304"/></temps><temps name="in"><temp name="T6"/><temp name="T303"/></temps><temps name="out"><temp name="T303"/><temp name="T6"/><temp name="T304"/></temps></instruction><instruction code="SETL  T2224, 664"><temps name="use"/><temps name="def"><temp name="T2224"/></temps><temps name="in"><temp name="T303"/><temp name="T6"/><temp name="T304"/></temps><temps name="out"><temp name="T303"/><temp name="T6"/><temp name="T304"/></temps></instruction><instruction code="INCML T2224, 0"><temps name="use"/><temps name="def"><temp name="T2224"/></temps><temps name="in"><temp name="T303"/><temp name="T6"/><temp name="T304"/></temps><temps name="out"><temp name="T303"/><temp name="T6"/><temp name="T304"/></temps></instruction><instruction code="INCMH T2224, 0"><temps name="use"/><temps name="def"><temp name="T2224"/></temps><temps name="in"><temp name="T303"/><temp name="T6"/><temp name="T304"/></temps><temps name="out"><temp name="T303"/><temp name="T6"/><temp name="T304"/></temps></instruction><instruction code="INCH  T2224, 0"><temps name="use"/><temps name="def"><temp name="T2224"/></temps><temps name="in"><temp name="T303"/><temp name="T6"/><temp name="T304"/></temps><temps name="out"><temp name="T2224"/><temp name="T303"/><temp name="T6"/><temp name="T304"/></temps></instruction><instruction code="NEG T2224, 0, T2224"><temps name="use"><temp name="T2224"/></temps><temps name="def"><temp name="T2224"/></temps><temps name="in"><temp name="T2224"/><temp name="T303"/><temp name="T6"/><temp name="T304"/></temps><temps name="out"><temp name="T2224"/><temp name="T303"/><temp name="T6"/><temp name="T304"/></temps></instruction><instruction code="OR T305, T2224, 0"><temps name="use"><temp name="T2224"/></temps><temps name="def"><temp name="T305"/></temps><temps name="in"><temp name="T2224"/><temp name="T303"/><temp name="T6"/><temp name="T304"/></temps><temps name="out"><temp name="T303"/><temp name="T6"/><temp name="T304"/><temp name="T305"/></temps></instruction><instruction code="ADD T2225, T304, T305"><temps name="use"><temp name="T304"/><temp name="T305"/></temps><temps name="def"><temp name="T2225"/></temps><temps name="in"><temp name="T303"/><temp name="T6"/><temp name="T304"/><temp name="T305"/></temps><temps name="out"><temp name="T303"/><temp name="T6"/><temp name="T2225"/></temps></instruction><instruction code="OR T306, T2225, 0"><temps name="use"><temp name="T2225"/></temps><temps name="def"><temp name="T306"/></temps><temps name="in"><temp name="T303"/><temp name="T6"/><temp name="T2225"/></temps><temps name="out"><temp name="T303"/><temp name="T6"/><temp name="T306"/></temps></instruction><instruction code="STO T303, $254, 8"><temps name="use"><temp name="T303"/></temps><temps name="def"/><temps name="in"><temp name="T303"/><temp name="T6"/><temp name="T306"/></temps><temps name="out"><temp name="T6"/><temp name="T306"/></temps></instruction><instruction code="STO T306, $254, 16"><temps name="use"><temp name="T306"/></temps><temps name="def"/><temps name="in"><temp name="T6"/><temp name="T306"/></temps><temps name="out"><temp name="T6"/></temps></instruction><instruction code="LDA T2226, _sudoku"><temps name="use"/><temps name="def"><temp name="T2226"/></temps><temps name="in"><temp name="T6"/></temps><temps name="out"><temp name="T6"/><temp name="T2226"/></temps></instruction><instruction code="PUSHJ $16, T2226, 0"><temps name="use"><temp name="T2226"/></temps><temps name="def"/><temps name="in"><temp name="T6"/><temp name="T2226"/></temps><temps name="out"><temp name="T6"/></temps></instruction><instruction code="LDO T2227, $254, 0"><temps name="use"/><temps name="def"><temp name="T2227"/></temps><temps name="in"><temp name="T6"/></temps><temps name="out"><temp name="T2227"/><temp name="T6"/></temps></instruction><instruction code="OR T307, T2227, 0"><temps name="use"><temp name="T2227"/></temps><temps name="def"><temp name="T307"/></temps><temps name="in"><temp name="T2227"/><temp name="T6"/></temps><temps name="out"><temp name="T6"/><temp name="T307"/></temps></instruction><instruction code="SETL  T2228, 672"><temps name="use"/><temps name="def"><temp name="T2228"/></temps><temps name="in"><temp name="T6"/><temp name="T307"/></temps><temps name="out"><temp name="T6"/><temp name="T307"/></temps></instruction><instruction code="INCML T2228, 0"><temps name="use"/><temps name="def"><temp name="T2228"/></temps><temps name="in"><temp name="T6"/><temp name="T307"/></temps><temps name="out"><temp name="T6"/><temp name="T307"/></temps></instruction><instruction code="INCMH T2228, 0"><temps name="use"/><temps name="def"><temp name="T2228"/></temps><temps name="in"><temp name="T6"/><temp name="T307"/></temps><temps name="out"><temp name="T6"/><temp name="T307"/></temps></instruction><instruction code="INCH  T2228, 0"><temps name="use"/><temps name="def"><temp name="T2228"/></temps><temps name="in"><temp name="T6"/><temp name="T307"/></temps><temps name="out"><temp name="T6"/><temp name="T2228"/><temp name="T307"/></temps></instruction><instruction code="NEG T2228, 0, T2228"><temps name="use"><temp name="T2228"/></temps><temps name="def"><temp name="T2228"/></temps><temps name="in"><temp name="T6"/><temp name="T2228"/><temp name="T307"/></temps><temps name="out"><temp name="T6"/><temp name="T2228"/><temp name="T307"/></temps></instruction><instruction code="ADD T2229, T6, T2228"><temps name="use"><temp name="T6"/><temp name="T2228"/></temps><temps name="def"><temp name="T2229"/></temps><temps name="in"><temp name="T6"/><temp name="T2228"/><temp name="T307"/></temps><temps name="out"><temp name="T6"/><temp name="T2229"/><temp name="T307"/></temps></instruction><instruction code="STO T2229, T307, 0"><temps name="use"><temp name="T2229"/><temp name="T307"/></temps><temps name="def"/><temps name="in"><temp name="T6"/><temp name="T2229"/><temp name="T307"/></temps><temps name="out"><temp name="T6"/></temps></instruction><instruction code="SETL  T2231, 0"><temps name="use"/><temps name="def"><temp name="T2231"/></temps><temps name="in"><temp name="T6"/></temps><temps name="out"><temp name="T6"/></temps></instruction><instruction code="INCML T2231, 0"><temps name="use"/><temps name="def"><temp name="T2231"/></temps><temps name="in"><temp name="T6"/></temps><temps name="out"><temp name="T6"/></temps></instruction><instruction code="INCMH T2231, 0"><temps name="use"/><temps name="def"><temp name="T2231"/></temps><temps name="in"><temp name="T6"/></temps><temps name="out"><temp name="T6"/></temps></instruction><instruction code="INCH  T2231, 0"><temps name="use"/><temps name="def"><temp name="T2231"/></temps><temps name="in"><temp name="T6"/></temps><temps name="out"><temp name="T6"/><temp name="T2231"/></temps></instruction><instruction code="OR T308, T2231, 0"><temps name="use"><temp name="T2231"/></temps><temps name="def"><temp name="T308"/></temps><temps name="in"><temp name="T6"/><temp name="T2231"/></temps><temps name="out"><temp name="T6"/><temp name="T308"/></temps></instruction><instruction code="OR T309, T6, 0"><temps name="use"><temp name="T6"/></temps><temps name="def"><temp name="T309"/></temps><temps name="in"><temp name="T6"/><temp name="T308"/></temps><temps name="out"><temp name="T309"/><temp name="T308"/></temps></instruction><instruction code="SETL  T2232, 672"><temps name="use"/><temps name="def"><temp name="T2232"/></temps><temps name="in"><temp name="T309"/><temp name="T308"/></temps><temps name="out"><temp name="T309"/><temp name="T308"/></temps></instruction><instruction code="INCML T2232, 0"><temps name="use"/><temps name="def"><temp name="T2232"/></temps><temps name="in"><temp name="T309"/><temp name="T308"/></temps><temps name="out"><temp name="T309"/><temp name="T308"/></temps></instruction><instruction code="INCMH T2232, 0"><temps name="use"/><temps name="def"><temp name="T2232"/></temps><temps name="in"><temp name="T309"/><temp name="T308"/></temps><temps name="out"><temp name="T309"/><temp name="T308"/></temps></instruction><instruction code="INCH  T2232, 0"><temps name="use"/><temps name="def"><temp name="T2232"/></temps><temps name="in"><temp name="T309"/><temp name="T308"/></temps><temps name="out"><temp name="T2232"/><temp name="T309"/><temp name="T308"/></temps></instruction><instruction code="NEG T2232, 0, T2232"><temps name="use"><temp name="T2232"/></temps><temps name="def"><temp name="T2232"/></temps><temps name="in"><temp name="T2232"/><temp name="T309"/><temp name="T308"/></temps><temps name="out"><temp name="T2232"/><temp name="T309"/><temp name="T308"/></temps></instruction><instruction code="OR T310, T2232, 0"><temps name="use"><temp name="T2232"/></temps><temps name="def"><temp name="T310"/></temps><temps name="in"><temp name="T2232"/><temp name="T309"/><temp name="T308"/></temps><temps name="out"><temp name="T309"/><temp name="T310"/><temp name="T308"/></temps></instruction><instruction code="ADD T2233, T309, T310"><temps name="use"><temp name="T309"/><temp name="T310"/></temps><temps name="def"><temp name="T2233"/></temps><temps name="in"><temp name="T309"/><temp name="T310"/><temp name="T308"/></temps><temps name="out"><temp name="T308"/><temp name="T2233"/></temps></instruction><instruction code="OR T311, T2233, 0"><temps name="use"><temp name="T2233"/></temps><temps name="def"><temp name="T311"/></temps><temps name="in"><temp name="T308"/><temp name="T2233"/></temps><temps name="out"><temp name="T311"/><temp name="T308"/></temps></instruction><instruction code="OR T312, T311, 0"><temps name="use"><temp name="T311"/></temps><temps name="def"><temp name="T312"/></temps><temps name="in"><temp name="T311"/><temp name="T308"/></temps><temps name="out"><temp name="T312"/><temp name="T308"/></temps></instruction><instruction code="STO T308, $254, 8"><temps name="use"><temp name="T308"/></temps><temps name="def"/><temps name="in"><temp name="T312"/><temp name="T308"/></temps><temps name="out"><temp name="T312"/></temps></instruction><instruction code="STO T312, $254, 16"><temps name="use"><temp name="T312"/></temps><temps name="def"/><temps name="in"><temp name="T312"/></temps><temps name="out"/></instruction><instruction code="LDA T2235, _putInt"><temps name="use"/><temps name="def"><temp name="T2235"/></temps><temps name="in"/><temps name="out"><temp name="T2235"/></temps></instruction><instruction code="PUSHJ $16, T2235, 0"><temps name="use"><temp name="T2235"/></temps><temps name="def"/><temps name="in"><temp name="T2235"/></temps><temps name="out"/></instruction><instruction code="LDO T2236, $254, 0"><temps name="use"/><temps name="def"><temp name="T2236"/></temps><temps name="in"/><temps name="out"><temp name="T2236"/></temps></instruction><instruction code="OR T313, T2236, 0"><temps name="use"><temp name="T2236"/></temps><temps name="def"><temp name="T313"/></temps><temps name="in"><temp name="T2236"/></temps><temps name="out"/></instruction><instruction code="SETL  T2237, 0"><temps name="use"/><temps name="def"><temp name="T2237"/></temps><temps name="in"/><temps name="out"/></instruction><instruction code="INCML T2237, 0"><temps name="use"/><temps name="def"><temp name="T2237"/></temps><temps name="in"/><temps name="out"/></instruction><instruction code="INCMH T2237, 0"><temps name="use"/><temps name="def"><temp name="T2237"/></temps><temps name="in"/><temps name="out"/></instruction><instruction code="INCH  T2237, 0"><temps name="use"/><temps name="def"><temp name="T2237"/></temps><temps name="in"/><temps name="out"><temp name="T2237"/></temps></instruction><instruction code="OR T314, T2237, 0"><temps name="use"><temp name="T2237"/></temps><temps name="def"><temp name="T314"/></temps><temps name="in"><temp name="T2237"/></temps><temps name="out"><temp name="T314"/></temps></instruction><instruction code="SETL  T2238, 10"><temps name="use"/><temps name="def"><temp name="T2238"/></temps><temps name="in"><temp name="T314"/></temps><temps name="out"><temp name="T314"/></temps></instruction><instruction code="INCML T2238, 0"><temps name="use"/><temps name="def"><temp name="T2238"/></temps><temps name="in"><temp name="T314"/></temps><temps name="out"><temp name="T314"/></temps></instruction><instruction code="INCMH T2238, 0"><temps name="use"/><temps name="def"><temp name="T2238"/></temps><temps name="in"><temp name="T314"/></temps><temps name="out"><temp name="T314"/></temps></instruction><instruction code="INCH  T2238, 0"><temps name="use"/><temps name="def"><temp name="T2238"/></temps><temps name="in"><temp name="T314"/></temps><temps name="out"><temp name="T2238"/><temp name="T314"/></temps></instruction><instruction code="OR T315, T2238, 0"><temps name="use"><temp name="T2238"/></temps><temps name="def"><temp name="T315"/></temps><temps name="in"><temp name="T2238"/><temp name="T314"/></temps><temps name="out"><temp name="T314"/><temp name="T315"/></temps></instruction><instruction code="SETL  T2239, 256"><temps name="use"/><temps name="def"><temp name="T2239"/></temps><temps name="in"><temp name="T314"/><temp name="T315"/></temps><temps name="out"><temp name="T314"/><temp name="T315"/></temps></instruction><instruction code="INCML T2239, 0"><temps name="use"/><temps name="def"><temp name="T2239"/></temps><temps name="in"><temp name="T314"/><temp name="T315"/></temps><temps name="out"><temp name="T314"/><temp name="T315"/></temps></instruction><instruction code="INCMH T2239, 0"><temps name="use"/><temps name="def"><temp name="T2239"/></temps><temps name="in"><temp name="T314"/><temp name="T315"/></temps><temps name="out"><temp name="T314"/><temp name="T315"/></temps></instruction><instruction code="INCH  T2239, 0"><temps name="use"/><temps name="def"><temp name="T2239"/></temps><temps name="in"><temp name="T314"/><temp name="T315"/></temps><temps name="out"><temp name="T2239"/><temp name="T314"/><temp name="T315"/></temps></instruction><instruction code="OR T316, T2239, 0"><temps name="use"><temp name="T2239"/></temps><temps name="def"><temp name="T316"/></temps><temps name="in"><temp name="T2239"/><temp name="T314"/><temp name="T315"/></temps><temps name="out"><temp name="T316"/><temp name="T314"/><temp name="T315"/></temps></instruction><instruction code="DIV T2240, T315, T316"><temps name="use"><temp name="T315"/><temp name="T316"/></temps><temps name="def"><temp name="T2240"/></temps><temps name="in"><temp name="T316"/><temp name="T314"/><temp name="T315"/></temps><temps name="out"><temp name="T314"/></temps></instruction><instruction code="OR T2240, rR, 0"><temps name="use"/><temps name="def"><temp name="T2240"/></temps><temps name="in"><temp name="T314"/></temps><temps name="out"><temp name="T2240"/><temp name="T314"/></temps></instruction><instruction code="OR T317, T2240, 0"><temps name="use"><temp name="T2240"/></temps><temps name="def"><temp name="T317"/></temps><temps name="in"><temp name="T2240"/><temp name="T314"/></temps><temps name="out"><temp name="T314"/><temp name="T317"/></temps></instruction><instruction code="STO T314, $254, 8"><temps name="use"><temp name="T314"/></temps><temps name="def"/><temps name="in"><temp name="T314"/><temp name="T317"/></temps><temps name="out"><temp name="T317"/></temps></instruction><instruction code="STO T317, $254, 16"><temps name="use"><temp name="T317"/></temps><temps name="def"/><temps name="in"><temp name="T317"/></temps><temps name="out"/></instruction><instruction code="LDA T2241, _putChar"><temps name="use"/><temps name="def"><temp name="T2241"/></temps><temps name="in"/><temps name="out"><temp name="T2241"/></temps></instruction><instruction code="PUSHJ $16, T2241, 0"><temps name="use"><temp name="T2241"/></temps><temps name="def"/><temps name="in"><temp name="T2241"/></temps><temps name="out"/></instruction><instruction code="LDO T2242, $254, 0"><temps name="use"/><temps name="def"><temp name="T2242"/></temps><temps name="in"/><temps name="out"><temp name="T2242"/></temps></instruction><instruction code="OR T318, T2242, 0"><temps name="use"><temp name="T2242"/></temps><temps name="def"><temp name="T318"/></temps><temps name="in"><temp name="T2242"/></temps><temps name="out"/></instruction><instruction code="SETL  T2243, 0"><temps name="use"/><temps name="def"><temp name="T2243"/></temps><temps name="in"/><temps name="out"/></instruction><instruction code="INCML T2243, 0"><temps name="use"/><temps name="def"><temp name="T2243"/></temps><temps name="in"/><temps name="out"/></instruction><instruction code="INCMH T2243, 0"><temps name="use"/><temps name="def"><temp name="T2243"/></temps><temps name="in"/><temps name="out"/></instruction><instruction code="INCH  T2243, 0"><temps name="use"/><temps name="def"><temp name="T2243"/></temps><temps name="in"/><temps name="out"><temp name="T2243"/></temps></instruction><instruction code="OR T319, T2243, 0"><temps name="use"><temp name="T2243"/></temps><temps name="def"><temp name="T319"/></temps><temps name="in"><temp name="T2243"/></temps><temps name="out"><temp name="T319"/></temps></instruction><instruction code="OR T320, T319, 0"><temps name="use"><temp name="T319"/></temps><temps name="def"><temp name="T320"/></temps><temps name="in"><temp name="T319"/></temps><temps name="out"/></instruction><instruction code="SETL  T2244, 0"><temps name="use"/><temps name="def"><temp name="T2244"/></temps><temps name="in"/><temps name="out"/></instruction><instruction code="INCML T2244, 0"><temps name="use"/><temps name="def"><temp name="T2244"/></temps><temps name="in"/><temps name="out"/></instruction><instruction code="INCMH T2244, 0"><temps name="use"/><temps name="def"><temp name="T2244"/></temps><temps name="in"/><temps name="out"/></instruction><instruction code="INCH  T2244, 0"><temps name="use"/><temps name="def"><temp name="T2244"/></temps><temps name="in"/><temps name="out"><temp name="T2244"/></temps></instruction><instruction code="OR T321, T2244, 0"><temps name="use"><temp name="T2244"/></temps><temps name="def"><temp name="T321"/></temps><temps name="in"><temp name="T2244"/></temps><temps name="out"><temp name="T321"/></temps></instruction><instruction code="OR T7, T321, 0"><temps name="use"><temp name="T321"/></temps><temps name="def"><temp name="T7"/></temps><temps name="in"><temp name="T321"/></temps><temps name="out"/></instruction><instruction code="LDA T2245, L111"><temps name="use"/><temps name="def"><temp name="T2245"/></temps><temps name="in"/><temps name="out"><temp name="T2245"/></temps></instruction><instruction code="GO T2245, T2245, 0"><temps name="use"><temp name="T2245"/></temps><temps name="def"><temp name="T2245"/></temps><temps name="in"><temp name="T2245"/></temps><temps name="out"/></instruction></instructions></code><code entrylabel="L113" exitlabel="L114" tempsize="0"><frame FP="T8" RV="T9" argssize="0" depth="1" label="_facItr" locssize="8" size="24"/><instructions><instruction code="L113"><temps name="use"/><temps name="def"/><temps name="in"><temp name="T8"/></temps><temps name="out"><temp name="T8"/></temps></instruction><instruction code="SETL  T2246, 1"><temps name="use"/><temps name="def"><temp name="T2246"/></temps><temps name="in"><temp name="T8"/></temps><temps name="out"><temp name="T8"/></temps></instruction><instruction code="INCML T2246, 0"><temps name="use"/><temps name="def"><temp name="T2246"/></temps><temps name="in"><temp name="T8"/></temps><temps name="out"><temp name="T8"/></temps></instruction><instruction code="INCMH T2246, 0"><temps name="use"/><temps name="def"><temp name="T2246"/></temps><temps name="in"><temp name="T8"/></temps><temps name="out"><temp name="T8"/></temps></instruction><instruction code="INCH  T2246, 0"><temps name="use"/><temps name="def"><temp name="T2246"/></temps><temps name="in"><temp name="T8"/></temps><temps name="out"><temp name="T2246"/><temp name="T8"/></temps></instruction><instruction code="OR T322, T2246, 0"><temps name="use"><temp name="T2246"/></temps><temps name="def"><temp name="T322"/></temps><temps name="in"><temp name="T2246"/><temp name="T8"/></temps><temps name="out"><temp name="T8"/><temp name="T322"/></temps></instruction><instruction code="SETL  T2247, 8"><temps name="use"/><temps name="def"><temp name="T2247"/></temps><temps name="in"><temp name="T8"/><temp name="T322"/></temps><temps name="out"><temp name="T8"/><temp name="T322"/></temps></instruction><instruction code="INCML T2247, 0"><temps name="use"/><temps name="def"><temp name="T2247"/></temps><temps name="in"><temp name="T8"/><temp name="T322"/></temps><temps name="out"><temp name="T8"/><temp name="T322"/></temps></instruction><instruction code="INCMH T2247, 0"><temps name="use"/><temps name="def"><temp name="T2247"/></temps><temps name="in"><temp name="T8"/><temp name="T322"/></temps><temps name="out"><temp name="T8"/><temp name="T322"/></temps></instruction><instruction code="INCH  T2247, 0"><temps name="use"/><temps name="def"><temp name="T2247"/></temps><temps name="in"><temp name="T8"/><temp name="T322"/></temps><temps name="out"><temp name="T8"/><temp name="T2247"/><temp name="T322"/></temps></instruction><instruction code="NEG T2247, 0, T2247"><temps name="use"><temp name="T2247"/></temps><temps name="def"><temp name="T2247"/></temps><temps name="in"><temp name="T8"/><temp name="T2247"/><temp name="T322"/></temps><temps name="out"><temp name="T8"/><temp name="T2247"/><temp name="T322"/></temps></instruction><instruction code="ADD T2248, T8, T2247"><temps name="use"><temp name="T8"/><temp name="T2247"/></temps><temps name="def"><temp name="T2248"/></temps><temps name="in"><temp name="T8"/><temp name="T2247"/><temp name="T322"/></temps><temps name="out"><temp name="T8"/><temp name="T2248"/><temp name="T322"/></temps></instruction><instruction code="STO T2248, T322, 0"><temps name="use"><temp name="T2248"/><temp name="T322"/></temps><temps name="def"/><temps name="in"><temp name="T8"/><temp name="T2248"/><temp name="T322"/></temps><temps name="out"><temp name="T8"/></temps></instruction><instruction code="L27"><temps name="use"/><temps name="def"/><temps name="in"><temp name="T8"/></temps><temps name="out"><temp name="T8"/></temps></instruction><instruction code="OR T323, T8, 0"><temps name="use"><temp name="T8"/></temps><temps name="def"><temp name="T323"/></temps><temps name="in"><temp name="T8"/></temps><temps name="out"><temp name="T8"/><temp name="T323"/></temps></instruction><instruction code="SETL  T2250, 8"><temps name="use"/><temps name="def"><temp name="T2250"/></temps><temps name="in"><temp name="T8"/><temp name="T323"/></temps><temps name="out"><temp name="T8"/><temp name="T323"/></temps></instruction><instruction code="INCML T2250, 0"><temps name="use"/><temps name="def"><temp name="T2250"/></temps><temps name="in"><temp name="T8"/><temp name="T323"/></temps><temps name="out"><temp name="T8"/><temp name="T323"/></temps></instruction><instruction code="INCMH T2250, 0"><temps name="use"/><temps name="def"><temp name="T2250"/></temps><temps name="in"><temp name="T8"/><temp name="T323"/></temps><temps name="out"><temp name="T8"/><temp name="T323"/></temps></instruction><instruction code="INCH  T2250, 0"><temps name="use"/><temps name="def"><temp name="T2250"/></temps><temps name="in"><temp name="T8"/><temp name="T323"/></temps><temps name="out"><temp name="T2250"/><temp name="T8"/><temp name="T323"/></temps></instruction><instruction code="OR T324, T2250, 0"><temps name="use"><temp name="T2250"/></temps><temps name="def"><temp name="T324"/></temps><temps name="in"><temp name="T2250"/><temp name="T8"/><temp name="T323"/></temps><temps name="out"><temp name="T8"/><temp name="T324"/><temp name="T323"/></temps></instruction><instruction code="ADD T2251, T323, T324"><temps name="use"><temp name="T323"/><temp name="T324"/></temps><temps name="def"><temp name="T2251"/></temps><temps name="in"><temp name="T8"/><temp name="T324"/><temp name="T323"/></temps><temps name="out"><temp name="T8"/><temp name="T2251"/></temps></instruction><instruction code="OR T325, T2251, 0"><temps name="use"><temp name="T2251"/></temps><temps name="def"><temp name="T325"/></temps><temps name="in"><temp name="T8"/><temp name="T2251"/></temps><temps name="out"><temp name="T8"/><temp name="T325"/></temps></instruction><instruction code="OR T326, T325, 0"><temps name="use"><temp name="T325"/></temps><temps name="def"><temp name="T326"/></temps><temps name="in"><temp name="T8"/><temp name="T325"/></temps><temps name="out"><temp name="T326"/><temp name="T8"/></temps></instruction><instruction code="SETL  T2253, 0"><temps name="use"/><temps name="def"><temp name="T2253"/></temps><temps name="in"><temp name="T326"/><temp name="T8"/></temps><temps name="out"><temp name="T326"/><temp name="T8"/></temps></instruction><instruction code="INCML T2253, 0"><temps name="use"/><temps name="def"><temp name="T2253"/></temps><temps name="in"><temp name="T326"/><temp name="T8"/></temps><temps name="out"><temp name="T326"/><temp name="T8"/></temps></instruction><instruction code="INCMH T2253, 0"><temps name="use"/><temps name="def"><temp name="T2253"/></temps><temps name="in"><temp name="T326"/><temp name="T8"/></temps><temps name="out"><temp name="T326"/><temp name="T8"/></temps></instruction><instruction code="INCH  T2253, 0"><temps name="use"/><temps name="def"><temp name="T2253"/></temps><temps name="in"><temp name="T326"/><temp name="T8"/></temps><temps name="out"><temp name="T326"/><temp name="T8"/><temp name="T2253"/></temps></instruction><instruction code="OR T327, T2253, 0"><temps name="use"><temp name="T2253"/></temps><temps name="def"><temp name="T327"/></temps><temps name="in"><temp name="T326"/><temp name="T8"/><temp name="T2253"/></temps><temps name="out"><temp name="T326"/><temp name="T8"/><temp name="T327"/></temps></instruction><instruction code="CMP T2254, T326, T327"><temps name="use"><temp name="T326"/><temp name="T327"/></temps><temps name="def"><temp name="T2254"/></temps><temps name="in"><temp name="T326"/><temp name="T8"/><temp name="T327"/></temps><temps name="out"><temp name="T8"/><temp name="T2254"/></temps></instruction><instruction code="ZSP T2254, T2254, 1"><temps name="use"><temp name="T2254"/></temps><temps name="def"><temp name="T2254"/></temps><temps name="in"><temp name="T8"/><temp name="T2254"/></temps><temps name="out"><temp name="T8"/><temp name="T2254"/></temps></instruction><instruction code="OR T328, T2254, 0"><temps name="use"><temp name="T2254"/></temps><temps name="def"><temp name="T328"/></temps><temps name="in"><temp name="T8"/><temp name="T2254"/></temps><temps name="out"><temp name="T8"/><temp name="T328"/></temps></instruction><instruction code="BNZ T328, L28"><temps name="use"><temp name="T328"/></temps><temps name="def"/><temps name="in"><temp name="T8"/><temp name="T328"/></temps><temps name="out"><temp name="T8"/></temps></instruction><instruction code="L112"><temps name="use"/><temps name="def"/><temps name="in"><temp name="T8"/></temps><temps name="out"><temp name="T8"/></temps></instruction><instruction code="LDA T2255, L29"><temps name="use"/><temps name="def"><temp name="T2255"/></temps><temps name="in"><temp name="T8"/></temps><temps name="out"><temp name="T8"/><temp name="T2255"/></temps></instruction><instruction code="GO T2255, T2255, 0"><temps name="use"><temp name="T2255"/></temps><temps name="def"><temp name="T2255"/></temps><temps name="in"><temp name="T8"/><temp name="T2255"/></temps><temps name="out"><temp name="T8"/></temps></instruction><instruction code="L28"><temps name="use"/><temps name="def"/><temps name="in"><temp name="T8"/></temps><temps name="out"><temp name="T8"/></temps></instruction><instruction code="OR T329, T8, 0"><temps name="use"><temp name="T8"/></temps><temps name="def"><temp name="T329"/></temps><temps name="in"><temp name="T8"/></temps><temps name="out"><temp name="T8"/><temp name="T329"/></temps></instruction><instruction code="SETL  T2256, 8"><temps name="use"/><temps name="def"><temp name="T2256"/></temps><temps name="in"><temp name="T8"/><temp name="T329"/></temps><temps name="out"><temp name="T8"/><temp name="T329"/></temps></instruction><instruction code="INCML T2256, 0"><temps name="use"/><temps name="def"><temp name="T2256"/></temps><temps name="in"><temp name="T8"/><temp name="T329"/></temps><temps name="out"><temp name="T8"/><temp name="T329"/></temps></instruction><instruction code="INCMH T2256, 0"><temps name="use"/><temps name="def"><temp name="T2256"/></temps><temps name="in"><temp name="T8"/><temp name="T329"/></temps><temps name="out"><temp name="T8"/><temp name="T329"/></temps></instruction><instruction code="INCH  T2256, 0"><temps name="use"/><temps name="def"><temp name="T2256"/></temps><temps name="in"><temp name="T8"/><temp name="T329"/></temps><temps name="out"><temp name="T8"/><temp name="T2256"/><temp name="T329"/></temps></instruction><instruction code="NEG T2256, 0, T2256"><temps name="use"><temp name="T2256"/></temps><temps name="def"><temp name="T2256"/></temps><temps name="in"><temp name="T8"/><temp name="T2256"/><temp name="T329"/></temps><temps name="out"><temp name="T8"/><temp name="T2256"/><temp name="T329"/></temps></instruction><instruction code="OR T330, T2256, 0"><temps name="use"><temp name="T2256"/></temps><temps name="def"><temp name="T330"/></temps><temps name="in"><temp name="T8"/><temp name="T2256"/><temp name="T329"/></temps><temps name="out"><temp name="T8"/><temp name="T329"/><temp name="T330"/></temps></instruction><instruction code="ADD T2257, T329, T330"><temps name="use"><temp name="T329"/><temp name="T330"/></temps><temps name="def"><temp name="T2257"/></temps><temps name="in"><temp name="T8"/><temp name="T329"/><temp name="T330"/></temps><temps name="out"><temp name="T8"/><temp name="T2257"/></temps></instruction><instruction code="OR T331, T2257, 0"><temps name="use"><temp name="T2257"/></temps><temps name="def"><temp name="T331"/></temps><temps name="in"><temp name="T8"/><temp name="T2257"/></temps><temps name="out"><temp name="T8"/><temp name="T331"/></temps></instruction><instruction code="OR T332, T331, 0"><temps name="use"><temp name="T331"/></temps><temps name="def"><temp name="T332"/></temps><temps name="in"><temp name="T8"/><temp name="T331"/></temps><temps name="out"><temp name="T8"/><temp name="T332"/></temps></instruction><instruction code="OR T333, T8, 0"><temps name="use"><temp name="T8"/></temps><temps name="def"><temp name="T333"/></temps><temps name="in"><temp name="T8"/><temp name="T332"/></temps><temps name="out"><temp name="T8"/><temp name="T333"/><temp name="T332"/></temps></instruction><instruction code="SETL  T2259, 8"><temps name="use"/><temps name="def"><temp name="T2259"/></temps><temps name="in"><temp name="T8"/><temp name="T333"/><temp name="T332"/></temps><temps name="out"><temp name="T8"/><temp name="T333"/><temp name="T332"/></temps></instruction><instruction code="INCML T2259, 0"><temps name="use"/><temps name="def"><temp name="T2259"/></temps><temps name="in"><temp name="T8"/><temp name="T333"/><temp name="T332"/></temps><temps name="out"><temp name="T8"/><temp name="T333"/><temp name="T332"/></temps></instruction><instruction code="INCMH T2259, 0"><temps name="use"/><temps name="def"><temp name="T2259"/></temps><temps name="in"><temp name="T8"/><temp name="T333"/><temp name="T332"/></temps><temps name="out"><temp name="T8"/><temp name="T333"/><temp name="T332"/></temps></instruction><instruction code="INCH  T2259, 0"><temps name="use"/><temps name="def"><temp name="T2259"/></temps><temps name="in"><temp name="T8"/><temp name="T333"/><temp name="T332"/></temps><temps name="out"><temp name="T8"/><temp name="T2259"/><temp name="T333"/><temp name="T332"/></temps></instruction><instruction code="OR T334, T2259, 0"><temps name="use"><temp name="T2259"/></temps><temps name="def"><temp name="T334"/></temps><temps name="in"><temp name="T8"/><temp name="T2259"/><temp name="T333"/><temp name="T332"/></temps><temps name="out"><temp name="T8"/><temp name="T334"/><temp name="T333"/><temp name="T332"/></temps></instruction><instruction code="ADD T2260, T333, T334"><temps name="use"><temp name="T333"/><temp name="T334"/></temps><temps name="def"><temp name="T2260"/></temps><temps name="in"><temp name="T8"/><temp name="T334"/><temp name="T333"/><temp name="T332"/></temps><temps name="out"><temp name="T8"/><temp name="T2260"/><temp name="T332"/></temps></instruction><instruction code="OR T335, T2260, 0"><temps name="use"><temp name="T2260"/></temps><temps name="def"><temp name="T335"/></temps><temps name="in"><temp name="T8"/><temp name="T2260"/><temp name="T332"/></temps><temps name="out"><temp name="T8"/><temp name="T335"/><temp name="T332"/></temps></instruction><instruction code="OR T336, T335, 0"><temps name="use"><temp name="T335"/></temps><temps name="def"><temp name="T336"/></temps><temps name="in"><temp name="T8"/><temp name="T335"/><temp name="T332"/></temps><temps name="out"><temp name="T8"/><temp name="T336"/><temp name="T332"/></temps></instruction><instruction code="MUL T2262, T332, T336"><temps name="use"><temp name="T332"/><temp name="T336"/></temps><temps name="def"><temp name="T2262"/></temps><temps name="in"><temp name="T8"/><temp name="T336"/><temp name="T332"/></temps><temps name="out"><temp name="T8"/><temp name="T2262"/></temps></instruction><instruction code="OR T337, T2262, 0"><temps name="use"><temp name="T2262"/></temps><temps name="def"><temp name="T337"/></temps><temps name="in"><temp name="T8"/><temp name="T2262"/></temps><temps name="out"><temp name="T8"/><temp name="T337"/></temps></instruction><instruction code="SETL  T2263, 8"><temps name="use"/><temps name="def"><temp name="T2263"/></temps><temps name="in"><temp name="T8"/><temp name="T337"/></temps><temps name="out"><temp name="T8"/><temp name="T337"/></temps></instruction><instruction code="INCML T2263, 0"><temps name="use"/><temps name="def"><temp name="T2263"/></temps><temps name="in"><temp name="T8"/><temp name="T337"/></temps><temps name="out"><temp name="T8"/><temp name="T337"/></temps></instruction><instruction code="INCMH T2263, 0"><temps name="use"/><temps name="def"><temp name="T2263"/></temps><temps name="in"><temp name="T8"/><temp name="T337"/></temps><temps name="out"><temp name="T8"/><temp name="T337"/></temps></instruction><instruction code="INCH  T2263, 0"><temps name="use"/><temps name="def"><temp name="T2263"/></temps><temps name="in"><temp name="T8"/><temp name="T337"/></temps><temps name="out"><temp name="T8"/><temp name="T2263"/><temp name="T337"/></temps></instruction><instruction code="NEG T2263, 0, T2263"><temps name="use"><temp name="T2263"/></temps><temps name="def"><temp name="T2263"/></temps><temps name="in"><temp name="T8"/><temp name="T2263"/><temp name="T337"/></temps><temps name="out"><temp name="T8"/><temp name="T2263"/><temp name="T337"/></temps></instruction><instruction code="ADD T2264, T8, T2263"><temps name="use"><temp name="T8"/><temp name="T2263"/></temps><temps name="def"><temp name="T2264"/></temps><temps name="in"><temp name="T8"/><temp name="T2263"/><temp name="T337"/></temps><temps name="out"><temp name="T8"/><temp name="T2264"/><temp name="T337"/></temps></instruction><instruction code="STO T2264, T337, 0"><temps name="use"><temp name="T2264"/><temp name="T337"/></temps><temps name="def"/><temps name="in"><temp name="T8"/><temp name="T2264"/><temp name="T337"/></temps><temps name="out"><temp name="T8"/></temps></instruction><instruction code="OR T338, T8, 0"><temps name="use"><temp name="T8"/></temps><temps name="def"><temp name="T338"/></temps><temps name="in"><temp name="T8"/></temps><temps name="out"><temp name="T8"/><temp name="T338"/></temps></instruction><instruction code="SETL  T2266, 8"><temps name="use"/><temps name="def"><temp name="T2266"/></temps><temps name="in"><temp name="T8"/><temp name="T338"/></temps><temps name="out"><temp name="T8"/><temp name="T338"/></temps></instruction><instruction code="INCML T2266, 0"><temps name="use"/><temps name="def"><temp name="T2266"/></temps><temps name="in"><temp name="T8"/><temp name="T338"/></temps><temps name="out"><temp name="T8"/><temp name="T338"/></temps></instruction><instruction code="INCMH T2266, 0"><temps name="use"/><temps name="def"><temp name="T2266"/></temps><temps name="in"><temp name="T8"/><temp name="T338"/></temps><temps name="out"><temp name="T8"/><temp name="T338"/></temps></instruction><instruction code="INCH  T2266, 0"><temps name="use"/><temps name="def"><temp name="T2266"/></temps><temps name="in"><temp name="T8"/><temp name="T338"/></temps><temps name="out"><temp name="T8"/><temp name="T338"/><temp name="T2266"/></temps></instruction><instruction code="OR T339, T2266, 0"><temps name="use"><temp name="T2266"/></temps><temps name="def"><temp name="T339"/></temps><temps name="in"><temp name="T8"/><temp name="T338"/><temp name="T2266"/></temps><temps name="out"><temp name="T8"/><temp name="T338"/><temp name="T339"/></temps></instruction><instruction code="ADD T2267, T338, T339"><temps name="use"><temp name="T338"/><temp name="T339"/></temps><temps name="def"><temp name="T2267"/></temps><temps name="in"><temp name="T8"/><temp name="T338"/><temp name="T339"/></temps><temps name="out"><temp name="T8"/><temp name="T2267"/></temps></instruction><instruction code="OR T340, T2267, 0"><temps name="use"><temp name="T2267"/></temps><temps name="def"><temp name="T340"/></temps><temps name="in"><temp name="T8"/><temp name="T2267"/></temps><temps name="out"><temp name="T8"/><temp name="T340"/></temps></instruction><instruction code="OR T341, T340, 0"><temps name="use"><temp name="T340"/></temps><temps name="def"><temp name="T341"/></temps><temps name="in"><temp name="T8"/><temp name="T340"/></temps><temps name="out"><temp name="T8"/><temp name="T341"/></temps></instruction><instruction code="SETL  T2269, 1"><temps name="use"/><temps name="def"><temp name="T2269"/></temps><temps name="in"><temp name="T8"/><temp name="T341"/></temps><temps name="out"><temp name="T8"/><temp name="T341"/></temps></instruction><instruction code="INCML T2269, 0"><temps name="use"/><temps name="def"><temp name="T2269"/></temps><temps name="in"><temp name="T8"/><temp name="T341"/></temps><temps name="out"><temp name="T8"/><temp name="T341"/></temps></instruction><instruction code="INCMH T2269, 0"><temps name="use"/><temps name="def"><temp name="T2269"/></temps><temps name="in"><temp name="T8"/><temp name="T341"/></temps><temps name="out"><temp name="T8"/><temp name="T341"/></temps></instruction><instruction code="INCH  T2269, 0"><temps name="use"/><temps name="def"><temp name="T2269"/></temps><temps name="in"><temp name="T8"/><temp name="T341"/></temps><temps name="out"><temp name="T8"/><temp name="T341"/><temp name="T2269"/></temps></instruction><instruction code="OR T342, T2269, 0"><temps name="use"><temp name="T2269"/></temps><temps name="def"><temp name="T342"/></temps><temps name="in"><temp name="T8"/><temp name="T341"/><temp name="T2269"/></temps><temps name="out"><temp name="T8"/><temp name="T341"/><temp name="T342"/></temps></instruction><instruction code="SUB T2270, T341, T342"><temps name="use"><temp name="T341"/><temp name="T342"/></temps><temps name="def"><temp name="T2270"/></temps><temps name="in"><temp name="T8"/><temp name="T341"/><temp name="T342"/></temps><temps name="out"><temp name="T8"/><temp name="T2270"/></temps></instruction><instruction code="OR T343, T2270, 0"><temps name="use"><temp name="T2270"/></temps><temps name="def"><temp name="T343"/></temps><temps name="in"><temp name="T8"/><temp name="T2270"/></temps><temps name="out"><temp name="T8"/><temp name="T343"/></temps></instruction><instruction code="SETL  T2271, 8"><temps name="use"/><temps name="def"><temp name="T2271"/></temps><temps name="in"><temp name="T8"/><temp name="T343"/></temps><temps name="out"><temp name="T8"/><temp name="T343"/></temps></instruction><instruction code="INCML T2271, 0"><temps name="use"/><temps name="def"><temp name="T2271"/></temps><temps name="in"><temp name="T8"/><temp name="T343"/></temps><temps name="out"><temp name="T8"/><temp name="T343"/></temps></instruction><instruction code="INCMH T2271, 0"><temps name="use"/><temps name="def"><temp name="T2271"/></temps><temps name="in"><temp name="T8"/><temp name="T343"/></temps><temps name="out"><temp name="T8"/><temp name="T343"/></temps></instruction><instruction code="INCH  T2271, 0"><temps name="use"/><temps name="def"><temp name="T2271"/></temps><temps name="in"><temp name="T8"/><temp name="T343"/></temps><temps name="out"><temp name="T8"/><temp name="T2271"/><temp name="T343"/></temps></instruction><instruction code="ADD T2272, T8, T2271"><temps name="use"><temp name="T8"/><temp name="T2271"/></temps><temps name="def"><temp name="T2272"/></temps><temps name="in"><temp name="T8"/><temp name="T2271"/><temp name="T343"/></temps><temps name="out"><temp name="T2272"/><temp name="T8"/><temp name="T343"/></temps></instruction><instruction code="STO T2272, T343, 0"><temps name="use"><temp name="T2272"/><temp name="T343"/></temps><temps name="def"/><temps name="in"><temp name="T2272"/><temp name="T8"/><temp name="T343"/></temps><temps name="out"><temp name="T8"/></temps></instruction><instruction code="LDA T2274, L27"><temps name="use"/><temps name="def"><temp name="T2274"/></temps><temps name="in"><temp name="T8"/></temps><temps name="out"><temp name="T8"/><temp name="T2274"/></temps></instruction><instruction code="GO T2274, T2274, 0"><temps name="use"><temp name="T2274"/></temps><temps name="def"><temp name="T2274"/></temps><temps name="in"><temp name="T8"/><temp name="T2274"/></temps><temps name="out"><temp name="T8"/></temps></instruction><instruction code="L29"><temps name="use"/><temps name="def"/><temps name="in"><temp name="T8"/></temps><temps name="out"><temp name="T8"/></temps></instruction><instruction code="OR T344, T8, 0"><temps name="use"><temp name="T8"/></temps><temps name="def"><temp name="T344"/></temps><temps name="in"><temp name="T8"/></temps><temps name="out"><temp name="T344"/></temps></instruction><instruction code="SETL  T2275, 8"><temps name="use"/><temps name="def"><temp name="T2275"/></temps><temps name="in"><temp name="T344"/></temps><temps name="out"><temp name="T344"/></temps></instruction><instruction code="INCML T2275, 0"><temps name="use"/><temps name="def"><temp name="T2275"/></temps><temps name="in"><temp name="T344"/></temps><temps name="out"><temp name="T344"/></temps></instruction><instruction code="INCMH T2275, 0"><temps name="use"/><temps name="def"><temp name="T2275"/></temps><temps name="in"><temp name="T344"/></temps><temps name="out"><temp name="T344"/></temps></instruction><instruction code="INCH  T2275, 0"><temps name="use"/><temps name="def"><temp name="T2275"/></temps><temps name="in"><temp name="T344"/></temps><temps name="out"><temp name="T344"/><temp name="T2275"/></temps></instruction><instruction code="NEG T2275, 0, T2275"><temps name="use"><temp name="T2275"/></temps><temps name="def"><temp name="T2275"/></temps><temps name="in"><temp name="T344"/><temp name="T2275"/></temps><temps name="out"><temp name="T344"/><temp name="T2275"/></temps></instruction><instruction code="OR T345, T2275, 0"><temps name="use"><temp name="T2275"/></temps><temps name="def"><temp name="T345"/></temps><temps name="in"><temp name="T344"/><temp name="T2275"/></temps><temps name="out"><temp name="T345"/><temp name="T344"/></temps></instruction><instruction code="ADD T2276, T344, T345"><temps name="use"><temp name="T344"/><temp name="T345"/></temps><temps name="def"><temp name="T2276"/></temps><temps name="in"><temp name="T345"/><temp name="T344"/></temps><temps name="out"><temp name="T2276"/></temps></instruction><instruction code="OR T346, T2276, 0"><temps name="use"><temp name="T2276"/></temps><temps name="def"><temp name="T346"/></temps><temps name="in"><temp name="T2276"/></temps><temps name="out"><temp name="T346"/></temps></instruction><instruction code="OR T347, T346, 0"><temps name="use"><temp name="T346"/></temps><temps name="def"><temp name="T347"/></temps><temps name="in"><temp name="T346"/></temps><temps name="out"><temp name="T347"/></temps></instruction><instruction code="OR T9, T347, 0"><temps name="use"><temp name="T347"/></temps><temps name="def"><temp name="T9"/></temps><temps name="in"><temp name="T347"/></temps><temps name="out"/></instruction><instruction code="LDA T2278, L114"><temps name="use"/><temps name="def"><temp name="T2278"/></temps><temps name="in"/><temps name="out"><temp name="T2278"/></temps></instruction><instruction code="GO T2278, T2278, 0"><temps name="use"><temp name="T2278"/></temps><temps name="def"><temp name="T2278"/></temps><temps name="in"><temp name="T2278"/></temps><temps name="out"/></instruction></instructions></code><code entrylabel="L116" exitlabel="L117" tempsize="0"><frame FP="T10" RV="T11" argssize="16" depth="1" label="_facRec" locssize="8" size="40"/><instructions><instruction code="L116"><temps name="use"/><temps name="def"/><temps name="in"><temp name="T10"/></temps><temps name="out"><temp name="T10"/></temps></instruction><instruction code="OR T348, T10, 0"><temps name="use"><temp name="T10"/></temps><temps name="def"><temp name="T348"/></temps><temps name="in"><temp name="T10"/></temps><temps name="out"><temp name="T348"/><temp name="T10"/></temps></instruction><instruction code="SETL  T2279, 8"><temps name="use"/><temps name="def"><temp name="T2279"/></temps><temps name="in"><temp name="T348"/><temp name="T10"/></temps><temps name="out"><temp name="T348"/><temp name="T10"/></temps></instruction><instruction code="INCML T2279, 0"><temps name="use"/><temps name="def"><temp name="T2279"/></temps><temps name="in"><temp name="T348"/><temp name="T10"/></temps><temps name="out"><temp name="T348"/><temp name="T10"/></temps></instruction><instruction code="INCMH T2279, 0"><temps name="use"/><temps name="def"><temp name="T2279"/></temps><temps name="in"><temp name="T348"/><temp name="T10"/></temps><temps name="out"><temp name="T348"/><temp name="T10"/></temps></instruction><instruction code="INCH  T2279, 0"><temps name="use"/><temps name="def"><temp name="T2279"/></temps><temps name="in"><temp name="T348"/><temp name="T10"/></temps><temps name="out"><temp name="T2279"/><temp name="T348"/><temp name="T10"/></temps></instruction><instruction code="OR T349, T2279, 0"><temps name="use"><temp name="T2279"/></temps><temps name="def"><temp name="T349"/></temps><temps name="in"><temp name="T2279"/><temp name="T348"/><temp name="T10"/></temps><temps name="out"><temp name="T349"/><temp name="T348"/><temp name="T10"/></temps></instruction><instruction code="ADD T2280, T348, T349"><temps name="use"><temp name="T348"/><temp name="T349"/></temps><temps name="def"><temp name="T2280"/></temps><temps name="in"><temp name="T349"/><temp name="T348"/><temp name="T10"/></temps><temps name="out"><temp name="T2280"/><temp name="T10"/></temps></instruction><instruction code="OR T350, T2280, 0"><temps name="use"><temp name="T2280"/></temps><temps name="def"><temp name="T350"/></temps><temps name="in"><temp name="T2280"/><temp name="T10"/></temps><temps name="out"><temp name="T350"/><temp name="T10"/></temps></instruction><instruction code="OR T351, T350, 0"><temps name="use"><temp name="T350"/></temps><temps name="def"><temp name="T351"/></temps><temps name="in"><temp name="T350"/><temp name="T10"/></temps><temps name="out"><temp name="T351"/><temp name="T10"/></temps></instruction><instruction code="SETL  T2282, 1"><temps name="use"/><temps name="def"><temp name="T2282"/></temps><temps name="in"><temp name="T351"/><temp name="T10"/></temps><temps name="out"><temp name="T351"/><temp name="T10"/></temps></instruction><instruction code="INCML T2282, 0"><temps name="use"/><temps name="def"><temp name="T2282"/></temps><temps name="in"><temp name="T351"/><temp name="T10"/></temps><temps name="out"><temp name="T351"/><temp name="T10"/></temps></instruction><instruction code="INCMH T2282, 0"><temps name="use"/><temps name="def"><temp name="T2282"/></temps><temps name="in"><temp name="T351"/><temp name="T10"/></temps><temps name="out"><temp name="T351"/><temp name="T10"/></temps></instruction><instruction code="INCH  T2282, 0"><temps name="use"/><temps name="def"><temp name="T2282"/></temps><temps name="in"><temp name="T351"/><temp name="T10"/></temps><temps name="out"><temp name="T2282"/><temp name="T351"/><temp name="T10"/></temps></instruction><instruction code="OR T352, T2282, 0"><temps name="use"><temp name="T2282"/></temps><temps name="def"><temp name="T352"/></temps><temps name="in"><temp name="T2282"/><temp name="T351"/><temp name="T10"/></temps><temps name="out"><temp name="T351"/><temp name="T352"/><temp name="T10"/></temps></instruction><instruction code="CMP T2283, T351, T352"><temps name="use"><temp name="T351"/><temp name="T352"/></temps><temps name="def"><temp name="T2283"/></temps><temps name="in"><temp name="T351"/><temp name="T352"/><temp name="T10"/></temps><temps name="out"><temp name="T2283"/><temp name="T10"/></temps></instruction><instruction code="ZSZ T2283, T2283, 1"><temps name="use"><temp name="T2283"/></temps><temps name="def"><temp name="T2283"/></temps><temps name="in"><temp name="T2283"/><temp name="T10"/></temps><temps name="out"><temp name="T2283"/><temp name="T10"/></temps></instruction><instruction code="OR T353, T2283, 0"><temps name="use"><temp name="T2283"/></temps><temps name="def"><temp name="T353"/></temps><temps name="in"><temp name="T2283"/><temp name="T10"/></temps><temps name="out"><temp name="T353"/><temp name="T10"/></temps></instruction><instruction code="BNZ T353, L30"><temps name="use"><temp name="T353"/></temps><temps name="def"/><temps name="in"><temp name="T353"/><temp name="T10"/></temps><temps name="out"><temp name="T10"/></temps></instruction><instruction code="L115"><temps name="use"/><temps name="def"/><temps name="in"><temp name="T10"/></temps><temps name="out"><temp name="T10"/></temps></instruction><instruction code="LDA T2284, L31"><temps name="use"/><temps name="def"><temp name="T2284"/></temps><temps name="in"><temp name="T10"/></temps><temps name="out"><temp name="T10"/><temp name="T2284"/></temps></instruction><instruction code="GO T2284, T2284, 0"><temps name="use"><temp name="T2284"/></temps><temps name="def"><temp name="T2284"/></temps><temps name="in"><temp name="T10"/><temp name="T2284"/></temps><temps name="out"><temp name="T10"/></temps></instruction><instruction code="L30"><temps name="use"/><temps name="def"/><temps name="in"><temp name="T10"/></temps><temps name="out"><temp name="T10"/></temps></instruction><instruction code="SETL  T2285, 1"><temps name="use"/><temps name="def"><temp name="T2285"/></temps><temps name="in"><temp name="T10"/></temps><temps name="out"><temp name="T10"/></temps></instruction><instruction code="INCML T2285, 0"><temps name="use"/><temps name="def"><temp name="T2285"/></temps><temps name="in"><temp name="T10"/></temps><temps name="out"><temp name="T10"/></temps></instruction><instruction code="INCMH T2285, 0"><temps name="use"/><temps name="def"><temp name="T2285"/></temps><temps name="in"><temp name="T10"/></temps><temps name="out"><temp name="T10"/></temps></instruction><instruction code="INCH  T2285, 0"><temps name="use"/><temps name="def"><temp name="T2285"/></temps><temps name="in"><temp name="T10"/></temps><temps name="out"><temp name="T2285"/><temp name="T10"/></temps></instruction><instruction code="OR T354, T2285, 0"><temps name="use"><temp name="T2285"/></temps><temps name="def"><temp name="T354"/></temps><temps name="in"><temp name="T2285"/><temp name="T10"/></temps><temps name="out"><temp name="T354"/><temp name="T10"/></temps></instruction><instruction code="SETL  T2286, 8"><temps name="use"/><temps name="def"><temp name="T2286"/></temps><temps name="in"><temp name="T354"/><temp name="T10"/></temps><temps name="out"><temp name="T354"/><temp name="T10"/></temps></instruction><instruction code="INCML T2286, 0"><temps name="use"/><temps name="def"><temp name="T2286"/></temps><temps name="in"><temp name="T354"/><temp name="T10"/></temps><temps name="out"><temp name="T354"/><temp name="T10"/></temps></instruction><instruction code="INCMH T2286, 0"><temps name="use"/><temps name="def"><temp name="T2286"/></temps><temps name="in"><temp name="T354"/><temp name="T10"/></temps><temps name="out"><temp name="T354"/><temp name="T10"/></temps></instruction><instruction code="INCH  T2286, 0"><temps name="use"/><temps name="def"><temp name="T2286"/></temps><temps name="in"><temp name="T354"/><temp name="T10"/></temps><temps name="out"><temp name="T2286"/><temp name="T354"/><temp name="T10"/></temps></instruction><instruction code="NEG T2286, 0, T2286"><temps name="use"><temp name="T2286"/></temps><temps name="def"><temp name="T2286"/></temps><temps name="in"><temp name="T2286"/><temp name="T354"/><temp name="T10"/></temps><temps name="out"><temp name="T2286"/><temp name="T354"/><temp name="T10"/></temps></instruction><instruction code="ADD T2287, T10, T2286"><temps name="use"><temp name="T10"/><temp name="T2286"/></temps><temps name="def"><temp name="T2287"/></temps><temps name="in"><temp name="T2286"/><temp name="T354"/><temp name="T10"/></temps><temps name="out"><temp name="T354"/><temp name="T2287"/><temp name="T10"/></temps></instruction><instruction code="STO T2287, T354, 0"><temps name="use"><temp name="T2287"/><temp name="T354"/></temps><temps name="def"/><temps name="in"><temp name="T354"/><temp name="T2287"/><temp name="T10"/></temps><temps name="out"><temp name="T10"/></temps></instruction><instruction code="LDA T2289, L32"><temps name="use"/><temps name="def"><temp name="T2289"/></temps><temps name="in"><temp name="T10"/></temps><temps name="out"><temp name="T2289"/><temp name="T10"/></temps></instruction><instruction code="GO T2289, T2289, 0"><temps name="use"><temp name="T2289"/></temps><temps name="def"><temp name="T2289"/></temps><temps name="in"><temp name="T2289"/><temp name="T10"/></temps><temps name="out"><temp name="T10"/></temps></instruction><instruction code="L31"><temps name="use"/><temps name="def"/><temps name="in"><temp name="T10"/></temps><temps name="out"><temp name="T10"/></temps></instruction><instruction code="OR T355, T10, 0"><temps name="use"><temp name="T10"/></temps><temps name="def"><temp name="T355"/></temps><temps name="in"><temp name="T10"/></temps><temps name="out"><temp name="T355"/><temp name="T10"/></temps></instruction><instruction code="SETL  T2290, 8"><temps name="use"/><temps name="def"><temp name="T2290"/></temps><temps name="in"><temp name="T355"/><temp name="T10"/></temps><temps name="out"><temp name="T355"/><temp name="T10"/></temps></instruction><instruction code="INCML T2290, 0"><temps name="use"/><temps name="def"><temp name="T2290"/></temps><temps name="in"><temp name="T355"/><temp name="T10"/></temps><temps name="out"><temp name="T355"/><temp name="T10"/></temps></instruction><instruction code="INCMH T2290, 0"><temps name="use"/><temps name="def"><temp name="T2290"/></temps><temps name="in"><temp name="T355"/><temp name="T10"/></temps><temps name="out"><temp name="T355"/><temp name="T10"/></temps></instruction><instruction code="INCH  T2290, 0"><temps name="use"/><temps name="def"><temp name="T2290"/></temps><temps name="in"><temp name="T355"/><temp name="T10"/></temps><temps name="out"><temp name="T355"/><temp name="T2290"/><temp name="T10"/></temps></instruction><instruction code="OR T356, T2290, 0"><temps name="use"><temp name="T2290"/></temps><temps name="def"><temp name="T356"/></temps><temps name="in"><temp name="T355"/><temp name="T2290"/><temp name="T10"/></temps><temps name="out"><temp name="T355"/><temp name="T356"/><temp name="T10"/></temps></instruction><instruction code="ADD T2291, T355, T356"><temps name="use"><temp name="T355"/><temp name="T356"/></temps><temps name="def"><temp name="T2291"/></temps><temps name="in"><temp name="T355"/><temp name="T356"/><temp name="T10"/></temps><temps name="out"><temp name="T10"/><temp name="T2291"/></temps></instruction><instruction code="OR T357, T2291, 0"><temps name="use"><temp name="T2291"/></temps><temps name="def"><temp name="T357"/></temps><temps name="in"><temp name="T10"/><temp name="T2291"/></temps><temps name="out"><temp name="T357"/><temp name="T10"/></temps></instruction><instruction code="OR T358, T357, 0"><temps name="use"><temp name="T357"/></temps><temps name="def"><temp name="T358"/></temps><temps name="in"><temp name="T357"/><temp name="T10"/></temps><temps name="out"><temp name="T358"/><temp name="T10"/></temps></instruction><instruction code="SETL  T2293, 0"><temps name="use"/><temps name="def"><temp name="T2293"/></temps><temps name="in"><temp name="T358"/><temp name="T10"/></temps><temps name="out"><temp name="T358"/><temp name="T10"/></temps></instruction><instruction code="INCML T2293, 0"><temps name="use"/><temps name="def"><temp name="T2293"/></temps><temps name="in"><temp name="T358"/><temp name="T10"/></temps><temps name="out"><temp name="T358"/><temp name="T10"/></temps></instruction><instruction code="INCMH T2293, 0"><temps name="use"/><temps name="def"><temp name="T2293"/></temps><temps name="in"><temp name="T358"/><temp name="T10"/></temps><temps name="out"><temp name="T358"/><temp name="T10"/></temps></instruction><instruction code="INCH  T2293, 0"><temps name="use"/><temps name="def"><temp name="T2293"/></temps><temps name="in"><temp name="T358"/><temp name="T10"/></temps><temps name="out"><temp name="T358"/><temp name="T2293"/><temp name="T10"/></temps></instruction><instruction code="OR T359, T2293, 0"><temps name="use"><temp name="T2293"/></temps><temps name="def"><temp name="T359"/></temps><temps name="in"><temp name="T358"/><temp name="T2293"/><temp name="T10"/></temps><temps name="out"><temp name="T359"/><temp name="T358"/><temp name="T10"/></temps></instruction><instruction code="OR T360, T10, 0"><temps name="use"><temp name="T10"/></temps><temps name="def"><temp name="T360"/></temps><temps name="in"><temp name="T359"/><temp name="T358"/><temp name="T10"/></temps><temps name="out"><temp name="T359"/><temp name="T358"/><temp name="T360"/><temp name="T10"/></temps></instruction><instruction code="SETL  T2294, 8"><temps name="use"/><temps name="def"><temp name="T2294"/></temps><temps name="in"><temp name="T359"/><temp name="T358"/><temp name="T360"/><temp name="T10"/></temps><temps name="out"><temp name="T359"/><temp name="T358"/><temp name="T360"/><temp name="T10"/></temps></instruction><instruction code="INCML T2294, 0"><temps name="use"/><temps name="def"><temp name="T2294"/></temps><temps name="in"><temp name="T359"/><temp name="T358"/><temp name="T360"/><temp name="T10"/></temps><temps name="out"><temp name="T359"/><temp name="T358"/><temp name="T360"/><temp name="T10"/></temps></instruction><instruction code="INCMH T2294, 0"><temps name="use"/><temps name="def"><temp name="T2294"/></temps><temps name="in"><temp name="T359"/><temp name="T358"/><temp name="T360"/><temp name="T10"/></temps><temps name="out"><temp name="T359"/><temp name="T358"/><temp name="T360"/><temp name="T10"/></temps></instruction><instruction code="INCH  T2294, 0"><temps name="use"/><temps name="def"><temp name="T2294"/></temps><temps name="in"><temp name="T359"/><temp name="T358"/><temp name="T360"/><temp name="T10"/></temps><temps name="out"><temp name="T359"/><temp name="T358"/><temp name="T360"/><temp name="T2294"/><temp name="T10"/></temps></instruction><instruction code="OR T361, T2294, 0"><temps name="use"><temp name="T2294"/></temps><temps name="def"><temp name="T361"/></temps><temps name="in"><temp name="T359"/><temp name="T358"/><temp name="T360"/><temp name="T2294"/><temp name="T10"/></temps><temps name="out"><temp name="T359"/><temp name="T358"/><temp name="T360"/><temp name="T361"/><temp name="T10"/></temps></instruction><instruction code="ADD T2295, T360, T361"><temps name="use"><temp name="T360"/><temp name="T361"/></temps><temps name="def"><temp name="T2295"/></temps><temps name="in"><temp name="T359"/><temp name="T358"/><temp name="T360"/><temp name="T361"/><temp name="T10"/></temps><temps name="out"><temp name="T359"/><temp name="T358"/><temp name="T10"/><temp name="T2295"/></temps></instruction><instruction code="OR T362, T2295, 0"><temps name="use"><temp name="T2295"/></temps><temps name="def"><temp name="T362"/></temps><temps name="in"><temp name="T359"/><temp name="T358"/><temp name="T10"/><temp name="T2295"/></temps><temps name="out"><temp name="T362"/><temp name="T359"/><temp name="T358"/><temp name="T10"/></temps></instruction><instruction code="OR T363, T362, 0"><temps name="use"><temp name="T362"/></temps><temps name="def"><temp name="T363"/></temps><temps name="in"><temp name="T362"/><temp name="T359"/><temp name="T358"/><temp name="T10"/></temps><temps name="out"><temp name="T363"/><temp name="T359"/><temp name="T358"/><temp name="T10"/></temps></instruction><instruction code="SETL  T2297, 1"><temps name="use"/><temps name="def"><temp name="T2297"/></temps><temps name="in"><temp name="T363"/><temp name="T359"/><temp name="T358"/><temp name="T10"/></temps><temps name="out"><temp name="T363"/><temp name="T359"/><temp name="T358"/><temp name="T10"/></temps></instruction><instruction code="INCML T2297, 0"><temps name="use"/><temps name="def"><temp name="T2297"/></temps><temps name="in"><temp name="T363"/><temp name="T359"/><temp name="T358"/><temp name="T10"/></temps><temps name="out"><temp name="T363"/><temp name="T359"/><temp name="T358"/><temp name="T10"/></temps></instruction><instruction code="INCMH T2297, 0"><temps name="use"/><temps name="def"><temp name="T2297"/></temps><temps name="in"><temp name="T363"/><temp name="T359"/><temp name="T358"/><temp name="T10"/></temps><temps name="out"><temp name="T363"/><temp name="T359"/><temp name="T358"/><temp name="T10"/></temps></instruction><instruction code="INCH  T2297, 0"><temps name="use"/><temps name="def"><temp name="T2297"/></temps><temps name="in"><temp name="T363"/><temp name="T359"/><temp name="T358"/><temp name="T10"/></temps><temps name="out"><temp name="T2297"/><temp name="T363"/><temp name="T359"/><temp name="T358"/><temp name="T10"/></temps></instruction><instruction code="OR T364, T2297, 0"><temps name="use"><temp name="T2297"/></temps><temps name="def"><temp name="T364"/></temps><temps name="in"><temp name="T2297"/><temp name="T363"/><temp name="T359"/><temp name="T358"/><temp name="T10"/></temps><temps name="out"><temp name="T363"/><temp name="T359"/><temp name="T364"/><temp name="T358"/><temp name="T10"/></temps></instruction><instruction code="SUB T2298, T363, T364"><temps name="use"><temp name="T363"/><temp name="T364"/></temps><temps name="def"><temp name="T2298"/></temps><temps name="in"><temp name="T363"/><temp name="T359"/><temp name="T364"/><temp name="T358"/><temp name="T10"/></temps><temps name="out"><temp name="T359"/><temp name="T358"/><temp name="T2298"/><temp name="T10"/></temps></instruction><instruction code="OR T365, T2298, 0"><temps name="use"><temp name="T2298"/></temps><temps name="def"><temp name="T365"/></temps><temps name="in"><temp name="T359"/><temp name="T358"/><temp name="T2298"/><temp name="T10"/></temps><temps name="out"><temp name="T359"/><temp name="T358"/><temp name="T10"/><temp name="T365"/></temps></instruction><instruction code="STO T359, $254, 8"><temps name="use"><temp name="T359"/></temps><temps name="def"/><temps name="in"><temp name="T359"/><temp name="T358"/><temp name="T10"/><temp name="T365"/></temps><temps name="out"><temp name="T358"/><temp name="T10"/><temp name="T365"/></temps></instruction><instruction code="STO T365, $254, 16"><temps name="use"><temp name="T365"/></temps><temps name="def"/><temps name="in"><temp name="T358"/><temp name="T10"/><temp name="T365"/></temps><temps name="out"><temp name="T358"/><temp name="T10"/></temps></instruction><instruction code="LDA T2299, _facRec"><temps name="use"/><temps name="def"><temp name="T2299"/></temps><temps name="in"><temp name="T358"/><temp name="T10"/></temps><temps name="out"><temp name="T2299"/><temp name="T358"/><temp name="T10"/></temps></instruction><instruction code="PUSHJ $16, T2299, 0"><temps name="use"><temp name="T2299"/></temps><temps name="def"/><temps name="in"><temp name="T2299"/><temp name="T358"/><temp name="T10"/></temps><temps name="out"><temp name="T358"/><temp name="T10"/></temps></instruction><instruction code="LDO T2300, $254, 0"><temps name="use"/><temps name="def"><temp name="T2300"/></temps><temps name="in"><temp name="T358"/><temp name="T10"/></temps><temps name="out"><temp name="T2300"/><temp name="T358"/><temp name="T10"/></temps></instruction><instruction code="OR T366, T2300, 0"><temps name="use"><temp name="T2300"/></temps><temps name="def"><temp name="T366"/></temps><temps name="in"><temp name="T2300"/><temp name="T358"/><temp name="T10"/></temps><temps name="out"><temp name="T358"/><temp name="T366"/><temp name="T10"/></temps></instruction><instruction code="MUL T2301, T358, T366"><temps name="use"><temp name="T358"/><temp name="T366"/></temps><temps name="def"><temp name="T2301"/></temps><temps name="in"><temp name="T358"/><temp name="T366"/><temp name="T10"/></temps><temps name="out"><temp name="T2301"/><temp name="T10"/></temps></instruction><instruction code="OR T367, T2301, 0"><temps name="use"><temp name="T2301"/></temps><temps name="def"><temp name="T367"/></temps><temps name="in"><temp name="T2301"/><temp name="T10"/></temps><temps name="out"><temp name="T10"/><temp name="T367"/></temps></instruction><instruction code="SETL  T2302, 8"><temps name="use"/><temps name="def"><temp name="T2302"/></temps><temps name="in"><temp name="T10"/><temp name="T367"/></temps><temps name="out"><temp name="T10"/><temp name="T367"/></temps></instruction><instruction code="INCML T2302, 0"><temps name="use"/><temps name="def"><temp name="T2302"/></temps><temps name="in"><temp name="T10"/><temp name="T367"/></temps><temps name="out"><temp name="T10"/><temp name="T367"/></temps></instruction><instruction code="INCMH T2302, 0"><temps name="use"/><temps name="def"><temp name="T2302"/></temps><temps name="in"><temp name="T10"/><temp name="T367"/></temps><temps name="out"><temp name="T10"/><temp name="T367"/></temps></instruction><instruction code="INCH  T2302, 0"><temps name="use"/><temps name="def"><temp name="T2302"/></temps><temps name="in"><temp name="T10"/><temp name="T367"/></temps><temps name="out"><temp name="T2302"/><temp name="T10"/><temp name="T367"/></temps></instruction><instruction code="NEG T2302, 0, T2302"><temps name="use"><temp name="T2302"/></temps><temps name="def"><temp name="T2302"/></temps><temps name="in"><temp name="T2302"/><temp name="T10"/><temp name="T367"/></temps><temps name="out"><temp name="T2302"/><temp name="T10"/><temp name="T367"/></temps></instruction><instruction code="ADD T2303, T10, T2302"><temps name="use"><temp name="T10"/><temp name="T2302"/></temps><temps name="def"><temp name="T2303"/></temps><temps name="in"><temp name="T2302"/><temp name="T10"/><temp name="T367"/></temps><temps name="out"><temp name="T2303"/><temp name="T10"/><temp name="T367"/></temps></instruction><instruction code="STO T2303, T367, 0"><temps name="use"><temp name="T2303"/><temp name="T367"/></temps><temps name="def"/><temps name="in"><temp name="T2303"/><temp name="T10"/><temp name="T367"/></temps><temps name="out"><temp name="T10"/></temps></instruction><instruction code="L32"><temps name="use"/><temps name="def"/><temps name="in"><temp name="T10"/></temps><temps name="out"><temp name="T10"/></temps></instruction><instruction code="OR T368, T10, 0"><temps name="use"><temp name="T10"/></temps><temps name="def"><temp name="T368"/></temps><temps name="in"><temp name="T10"/></temps><temps name="out"><temp name="T368"/></temps></instruction><instruction code="SETL  T2305, 8"><temps name="use"/><temps name="def"><temp name="T2305"/></temps><temps name="in"><temp name="T368"/></temps><temps name="out"><temp name="T368"/></temps></instruction><instruction code="INCML T2305, 0"><temps name="use"/><temps name="def"><temp name="T2305"/></temps><temps name="in"><temp name="T368"/></temps><temps name="out"><temp name="T368"/></temps></instruction><instruction code="INCMH T2305, 0"><temps name="use"/><temps name="def"><temp name="T2305"/></temps><temps name="in"><temp name="T368"/></temps><temps name="out"><temp name="T368"/></temps></instruction><instruction code="INCH  T2305, 0"><temps name="use"/><temps name="def"><temp name="T2305"/></temps><temps name="in"><temp name="T368"/></temps><temps name="out"><temp name="T2305"/><temp name="T368"/></temps></instruction><instruction code="NEG T2305, 0, T2305"><temps name="use"><temp name="T2305"/></temps><temps name="def"><temp name="T2305"/></temps><temps name="in"><temp name="T2305"/><temp name="T368"/></temps><temps name="out"><temp name="T2305"/><temp name="T368"/></temps></instruction><instruction code="OR T369, T2305, 0"><temps name="use"><temp name="T2305"/></temps><temps name="def"><temp name="T369"/></temps><temps name="in"><temp name="T2305"/><temp name="T368"/></temps><temps name="out"><temp name="T368"/><temp name="T369"/></temps></instruction><instruction code="ADD T2306, T368, T369"><temps name="use"><temp name="T368"/><temp name="T369"/></temps><temps name="def"><temp name="T2306"/></temps><temps name="in"><temp name="T368"/><temp name="T369"/></temps><temps name="out"><temp name="T2306"/></temps></instruction><instruction code="OR T370, T2306, 0"><temps name="use"><temp name="T2306"/></temps><temps name="def"><temp name="T370"/></temps><temps name="in"><temp name="T2306"/></temps><temps name="out"><temp name="T370"/></temps></instruction><instruction code="OR T371, T370, 0"><temps name="use"><temp name="T370"/></temps><temps name="def"><temp name="T371"/></temps><temps name="in"><temp name="T370"/></temps><temps name="out"><temp name="T371"/></temps></instruction><instruction code="OR T11, T371, 0"><temps name="use"><temp name="T371"/></temps><temps name="def"><temp name="T11"/></temps><temps name="in"><temp name="T371"/></temps><temps name="out"/></instruction><instruction code="LDA T2308, L117"><temps name="use"/><temps name="def"><temp name="T2308"/></temps><temps name="in"/><temps name="out"><temp name="T2308"/></temps></instruction><instruction code="GO T2308, T2308, 0"><temps name="use"><temp name="T2308"/></temps><temps name="def"><temp name="T2308"/></temps><temps name="in"><temp name="T2308"/></temps><temps name="out"/></instruction></instructions></code><code entrylabel="L119" exitlabel="L120" tempsize="0"><frame FP="T12" RV="T13" argssize="0" depth="1" label="_fibItr" locssize="24" size="40"/><instructions><instruction code="L119"><temps name="use"/><temps name="def"/><temps name="in"><temp name="T12"/></temps><temps name="out"><temp name="T12"/></temps></instruction><instruction code="SETL  T2309, 1"><temps name="use"/><temps name="def"><temp name="T2309"/></temps><temps name="in"><temp name="T12"/></temps><temps name="out"><temp name="T12"/></temps></instruction><instruction code="INCML T2309, 0"><temps name="use"/><temps name="def"><temp name="T2309"/></temps><temps name="in"><temp name="T12"/></temps><temps name="out"><temp name="T12"/></temps></instruction><instruction code="INCMH T2309, 0"><temps name="use"/><temps name="def"><temp name="T2309"/></temps><temps name="in"><temp name="T12"/></temps><temps name="out"><temp name="T12"/></temps></instruction><instruction code="INCH  T2309, 0"><temps name="use"/><temps name="def"><temp name="T2309"/></temps><temps name="in"><temp name="T12"/></temps><temps name="out"><temp name="T12"/><temp name="T2309"/></temps></instruction><instruction code="OR T372, T2309, 0"><temps name="use"><temp name="T2309"/></temps><temps name="def"><temp name="T372"/></temps><temps name="in"><temp name="T12"/><temp name="T2309"/></temps><temps name="out"><temp name="T12"/><temp name="T372"/></temps></instruction><instruction code="SETL  T2310, 8"><temps name="use"/><temps name="def"><temp name="T2310"/></temps><temps name="in"><temp name="T12"/><temp name="T372"/></temps><temps name="out"><temp name="T12"/><temp name="T372"/></temps></instruction><instruction code="INCML T2310, 0"><temps name="use"/><temps name="def"><temp name="T2310"/></temps><temps name="in"><temp name="T12"/><temp name="T372"/></temps><temps name="out"><temp name="T12"/><temp name="T372"/></temps></instruction><instruction code="INCMH T2310, 0"><temps name="use"/><temps name="def"><temp name="T2310"/></temps><temps name="in"><temp name="T12"/><temp name="T372"/></temps><temps name="out"><temp name="T12"/><temp name="T372"/></temps></instruction><instruction code="INCH  T2310, 0"><temps name="use"/><temps name="def"><temp name="T2310"/></temps><temps name="in"><temp name="T12"/><temp name="T372"/></temps><temps name="out"><temp name="T12"/><temp name="T372"/><temp name="T2310"/></temps></instruction><instruction code="NEG T2310, 0, T2310"><temps name="use"><temp name="T2310"/></temps><temps name="def"><temp name="T2310"/></temps><temps name="in"><temp name="T12"/><temp name="T372"/><temp name="T2310"/></temps><temps name="out"><temp name="T12"/><temp name="T372"/><temp name="T2310"/></temps></instruction><instruction code="ADD T2311, T12, T2310"><temps name="use"><temp name="T12"/><temp name="T2310"/></temps><temps name="def"><temp name="T2311"/></temps><temps name="in"><temp name="T12"/><temp name="T372"/><temp name="T2310"/></temps><temps name="out"><temp name="T12"/><temp name="T2311"/><temp name="T372"/></temps></instruction><instruction code="STO T2311, T372, 0"><temps name="use"><temp name="T2311"/><temp name="T372"/></temps><temps name="def"/><temps name="in"><temp name="T12"/><temp name="T2311"/><temp name="T372"/></temps><temps name="out"><temp name="T12"/></temps></instruction><instruction code="SETL  T2313, 1"><temps name="use"/><temps name="def"><temp name="T2313"/></temps><temps name="in"><temp name="T12"/></temps><temps name="out"><temp name="T12"/></temps></instruction><instruction code="INCML T2313, 0"><temps name="use"/><temps name="def"><temp name="T2313"/></temps><temps name="in"><temp name="T12"/></temps><temps name="out"><temp name="T12"/></temps></instruction><instruction code="INCMH T2313, 0"><temps name="use"/><temps name="def"><temp name="T2313"/></temps><temps name="in"><temp name="T12"/></temps><temps name="out"><temp name="T12"/></temps></instruction><instruction code="INCH  T2313, 0"><temps name="use"/><temps name="def"><temp name="T2313"/></temps><temps name="in"><temp name="T12"/></temps><temps name="out"><temp name="T2313"/><temp name="T12"/></temps></instruction><instruction code="OR T373, T2313, 0"><temps name="use"><temp name="T2313"/></temps><temps name="def"><temp name="T373"/></temps><temps name="in"><temp name="T2313"/><temp name="T12"/></temps><temps name="out"><temp name="T373"/><temp name="T12"/></temps></instruction><instruction code="SETL  T2314, 16"><temps name="use"/><temps name="def"><temp name="T2314"/></temps><temps name="in"><temp name="T373"/><temp name="T12"/></temps><temps name="out"><temp name="T373"/><temp name="T12"/></temps></instruction><instruction code="INCML T2314, 0"><temps name="use"/><temps name="def"><temp name="T2314"/></temps><temps name="in"><temp name="T373"/><temp name="T12"/></temps><temps name="out"><temp name="T373"/><temp name="T12"/></temps></instruction><instruction code="INCMH T2314, 0"><temps name="use"/><temps name="def"><temp name="T2314"/></temps><temps name="in"><temp name="T373"/><temp name="T12"/></temps><temps name="out"><temp name="T373"/><temp name="T12"/></temps></instruction><instruction code="INCH  T2314, 0"><temps name="use"/><temps name="def"><temp name="T2314"/></temps><temps name="in"><temp name="T373"/><temp name="T12"/></temps><temps name="out"><temp name="T373"/><temp name="T12"/><temp name="T2314"/></temps></instruction><instruction code="NEG T2314, 0, T2314"><temps name="use"><temp name="T2314"/></temps><temps name="def"><temp name="T2314"/></temps><temps name="in"><temp name="T373"/><temp name="T12"/><temp name="T2314"/></temps><temps name="out"><temp name="T373"/><temp name="T12"/><temp name="T2314"/></temps></instruction><instruction code="ADD T2315, T12, T2314"><temps name="use"><temp name="T12"/><temp name="T2314"/></temps><temps name="def"><temp name="T2315"/></temps><temps name="in"><temp name="T373"/><temp name="T12"/><temp name="T2314"/></temps><temps name="out"><temp name="T373"/><temp name="T12"/><temp name="T2315"/></temps></instruction><instruction code="STO T2315, T373, 0"><temps name="use"><temp name="T2315"/><temp name="T373"/></temps><temps name="def"/><temps name="in"><temp name="T373"/><temp name="T12"/><temp name="T2315"/></temps><temps name="out"><temp name="T12"/></temps></instruction><instruction code="SETL  T2317, 0"><temps name="use"/><temps name="def"><temp name="T2317"/></temps><temps name="in"><temp name="T12"/></temps><temps name="out"><temp name="T12"/></temps></instruction><instruction code="INCML T2317, 0"><temps name="use"/><temps name="def"><temp name="T2317"/></temps><temps name="in"><temp name="T12"/></temps><temps name="out"><temp name="T12"/></temps></instruction><instruction code="INCMH T2317, 0"><temps name="use"/><temps name="def"><temp name="T2317"/></temps><temps name="in"><temp name="T12"/></temps><temps name="out"><temp name="T12"/></temps></instruction><instruction code="INCH  T2317, 0"><temps name="use"/><temps name="def"><temp name="T2317"/></temps><temps name="in"><temp name="T12"/></temps><temps name="out"><temp name="T12"/><temp name="T2317"/></temps></instruction><instruction code="OR T374, T2317, 0"><temps name="use"><temp name="T2317"/></temps><temps name="def"><temp name="T374"/></temps><temps name="in"><temp name="T12"/><temp name="T2317"/></temps><temps name="out"><temp name="T374"/><temp name="T12"/></temps></instruction><instruction code="SETL  T2318, 24"><temps name="use"/><temps name="def"><temp name="T2318"/></temps><temps name="in"><temp name="T374"/><temp name="T12"/></temps><temps name="out"><temp name="T374"/><temp name="T12"/></temps></instruction><instruction code="INCML T2318, 0"><temps name="use"/><temps name="def"><temp name="T2318"/></temps><temps name="in"><temp name="T374"/><temp name="T12"/></temps><temps name="out"><temp name="T374"/><temp name="T12"/></temps></instruction><instruction code="INCMH T2318, 0"><temps name="use"/><temps name="def"><temp name="T2318"/></temps><temps name="in"><temp name="T374"/><temp name="T12"/></temps><temps name="out"><temp name="T374"/><temp name="T12"/></temps></instruction><instruction code="INCH  T2318, 0"><temps name="use"/><temps name="def"><temp name="T2318"/></temps><temps name="in"><temp name="T374"/><temp name="T12"/></temps><temps name="out"><temp name="T2318"/><temp name="T374"/><temp name="T12"/></temps></instruction><instruction code="NEG T2318, 0, T2318"><temps name="use"><temp name="T2318"/></temps><temps name="def"><temp name="T2318"/></temps><temps name="in"><temp name="T2318"/><temp name="T374"/><temp name="T12"/></temps><temps name="out"><temp name="T2318"/><temp name="T374"/><temp name="T12"/></temps></instruction><instruction code="ADD T2319, T12, T2318"><temps name="use"><temp name="T12"/><temp name="T2318"/></temps><temps name="def"><temp name="T2319"/></temps><temps name="in"><temp name="T2318"/><temp name="T374"/><temp name="T12"/></temps><temps name="out"><temp name="T374"/><temp name="T2319"/><temp name="T12"/></temps></instruction><instruction code="STO T2319, T374, 0"><temps name="use"><temp name="T2319"/><temp name="T374"/></temps><temps name="def"/><temps name="in"><temp name="T374"/><temp name="T2319"/><temp name="T12"/></temps><temps name="out"><temp name="T12"/></temps></instruction><instruction code="L33"><temps name="use"/><temps name="def"/><temps name="in"><temp name="T12"/></temps><temps name="out"><temp name="T12"/></temps></instruction><instruction code="OR T375, T12, 0"><temps name="use"><temp name="T12"/></temps><temps name="def"><temp name="T375"/></temps><temps name="in"><temp name="T12"/></temps><temps name="out"><temp name="T375"/><temp name="T12"/></temps></instruction><instruction code="SETL  T2321, 8"><temps name="use"/><temps name="def"><temp name="T2321"/></temps><temps name="in"><temp name="T375"/><temp name="T12"/></temps><temps name="out"><temp name="T375"/><temp name="T12"/></temps></instruction><instruction code="INCML T2321, 0"><temps name="use"/><temps name="def"><temp name="T2321"/></temps><temps name="in"><temp name="T375"/><temp name="T12"/></temps><temps name="out"><temp name="T375"/><temp name="T12"/></temps></instruction><instruction code="INCMH T2321, 0"><temps name="use"/><temps name="def"><temp name="T2321"/></temps><temps name="in"><temp name="T375"/><temp name="T12"/></temps><temps name="out"><temp name="T375"/><temp name="T12"/></temps></instruction><instruction code="INCH  T2321, 0"><temps name="use"/><temps name="def"><temp name="T2321"/></temps><temps name="in"><temp name="T375"/><temp name="T12"/></temps><temps name="out"><temp name="T375"/><temp name="T12"/><temp name="T2321"/></temps></instruction><instruction code="OR T376, T2321, 0"><temps name="use"><temp name="T2321"/></temps><temps name="def"><temp name="T376"/></temps><temps name="in"><temp name="T375"/><temp name="T12"/><temp name="T2321"/></temps><temps name="out"><temp name="T375"/><temp name="T376"/><temp name="T12"/></temps></instruction><instruction code="ADD T2322, T375, T376"><temps name="use"><temp name="T375"/><temp name="T376"/></temps><temps name="def"><temp name="T2322"/></temps><temps name="in"><temp name="T375"/><temp name="T376"/><temp name="T12"/></temps><temps name="out"><temp name="T12"/><temp name="T2322"/></temps></instruction><instruction code="OR T377, T2322, 0"><temps name="use"><temp name="T2322"/></temps><temps name="def"><temp name="T377"/></temps><temps name="in"><temp name="T12"/><temp name="T2322"/></temps><temps name="out"><temp name="T12"/><temp name="T377"/></temps></instruction><instruction code="OR T378, T377, 0"><temps name="use"><temp name="T377"/></temps><temps name="def"><temp name="T378"/></temps><temps name="in"><temp name="T12"/><temp name="T377"/></temps><temps name="out"><temp name="T378"/><temp name="T12"/></temps></instruction><instruction code="SETL  T2324, 1"><temps name="use"/><temps name="def"><temp name="T2324"/></temps><temps name="in"><temp name="T378"/><temp name="T12"/></temps><temps name="out"><temp name="T378"/><temp name="T12"/></temps></instruction><instruction code="INCML T2324, 0"><temps name="use"/><temps name="def"><temp name="T2324"/></temps><temps name="in"><temp name="T378"/><temp name="T12"/></temps><temps name="out"><temp name="T378"/><temp name="T12"/></temps></instruction><instruction code="INCMH T2324, 0"><temps name="use"/><temps name="def"><temp name="T2324"/></temps><temps name="in"><temp name="T378"/><temp name="T12"/></temps><temps name="out"><temp name="T378"/><temp name="T12"/></temps></instruction><instruction code="INCH  T2324, 0"><temps name="use"/><temps name="def"><temp name="T2324"/></temps><temps name="in"><temp name="T378"/><temp name="T12"/></temps><temps name="out"><temp name="T378"/><temp name="T12"/><temp name="T2324"/></temps></instruction><instruction code="OR T379, T2324, 0"><temps name="use"><temp name="T2324"/></temps><temps name="def"><temp name="T379"/></temps><temps name="in"><temp name="T378"/><temp name="T12"/><temp name="T2324"/></temps><temps name="out"><temp name="T378"/><temp name="T12"/><temp name="T379"/></temps></instruction><instruction code="CMP T2325, T378, T379"><temps name="use"><temp name="T378"/><temp name="T379"/></temps><temps name="def"><temp name="T2325"/></temps><temps name="in"><temp name="T378"/><temp name="T12"/><temp name="T379"/></temps><temps name="out"><temp name="T2325"/><temp name="T12"/></temps></instruction><instruction code="ZSP T2325, T2325, 1"><temps name="use"><temp name="T2325"/></temps><temps name="def"><temp name="T2325"/></temps><temps name="in"><temp name="T2325"/><temp name="T12"/></temps><temps name="out"><temp name="T2325"/><temp name="T12"/></temps></instruction><instruction code="OR T380, T2325, 0"><temps name="use"><temp name="T2325"/></temps><temps name="def"><temp name="T380"/></temps><temps name="in"><temp name="T2325"/><temp name="T12"/></temps><temps name="out"><temp name="T12"/><temp name="T380"/></temps></instruction><instruction code="BNZ T380, L34"><temps name="use"><temp name="T380"/></temps><temps name="def"/><temps name="in"><temp name="T12"/><temp name="T380"/></temps><temps name="out"><temp name="T12"/></temps></instruction><instruction code="L118"><temps name="use"/><temps name="def"/><temps name="in"><temp name="T12"/></temps><temps name="out"><temp name="T12"/></temps></instruction><instruction code="LDA T2326, L35"><temps name="use"/><temps name="def"><temp name="T2326"/></temps><temps name="in"><temp name="T12"/></temps><temps name="out"><temp name="T2326"/><temp name="T12"/></temps></instruction><instruction code="GO T2326, T2326, 0"><temps name="use"><temp name="T2326"/></temps><temps name="def"><temp name="T2326"/></temps><temps name="in"><temp name="T2326"/><temp name="T12"/></temps><temps name="out"><temp name="T12"/></temps></instruction><instruction code="L34"><temps name="use"/><temps name="def"/><temps name="in"><temp name="T12"/></temps><temps name="out"><temp name="T12"/></temps></instruction><instruction code="OR T381, T12, 0"><temps name="use"><temp name="T12"/></temps><temps name="def"><temp name="T381"/></temps><temps name="in"><temp name="T12"/></temps><temps name="out"><temp name="T12"/><temp name="T381"/></temps></instruction><instruction code="SETL  T2327, 16"><temps name="use"/><temps name="def"><temp name="T2327"/></temps><temps name="in"><temp name="T12"/><temp name="T381"/></temps><temps name="out"><temp name="T12"/><temp name="T381"/></temps></instruction><instruction code="INCML T2327, 0"><temps name="use"/><temps name="def"><temp name="T2327"/></temps><temps name="in"><temp name="T12"/><temp name="T381"/></temps><temps name="out"><temp name="T12"/><temp name="T381"/></temps></instruction><instruction code="INCMH T2327, 0"><temps name="use"/><temps name="def"><temp name="T2327"/></temps><temps name="in"><temp name="T12"/><temp name="T381"/></temps><temps name="out"><temp name="T12"/><temp name="T381"/></temps></instruction><instruction code="INCH  T2327, 0"><temps name="use"/><temps name="def"><temp name="T2327"/></temps><temps name="in"><temp name="T12"/><temp name="T381"/></temps><temps name="out"><temp name="T2327"/><temp name="T12"/><temp name="T381"/></temps></instruction><instruction code="NEG T2327, 0, T2327"><temps name="use"><temp name="T2327"/></temps><temps name="def"><temp name="T2327"/></temps><temps name="in"><temp name="T2327"/><temp name="T12"/><temp name="T381"/></temps><temps name="out"><temp name="T2327"/><temp name="T12"/><temp name="T381"/></temps></instruction><instruction code="OR T382, T2327, 0"><temps name="use"><temp name="T2327"/></temps><temps name="def"><temp name="T382"/></temps><temps name="in"><temp name="T2327"/><temp name="T12"/><temp name="T381"/></temps><temps name="out"><temp name="T382"/><temp name="T12"/><temp name="T381"/></temps></instruction><instruction code="ADD T2328, T381, T382"><temps name="use"><temp name="T381"/><temp name="T382"/></temps><temps name="def"><temp name="T2328"/></temps><temps name="in"><temp name="T382"/><temp name="T12"/><temp name="T381"/></temps><temps name="out"><temp name="T2328"/><temp name="T12"/></temps></instruction><instruction code="OR T383, T2328, 0"><temps name="use"><temp name="T2328"/></temps><temps name="def"><temp name="T383"/></temps><temps name="in"><temp name="T2328"/><temp name="T12"/></temps><temps name="out"><temp name="T383"/><temp name="T12"/></temps></instruction><instruction code="OR T384, T383, 0"><temps name="use"><temp name="T383"/></temps><temps name="def"><temp name="T384"/></temps><temps name="in"><temp name="T383"/><temp name="T12"/></temps><temps name="out"><temp name="T12"/><temp name="T384"/></temps></instruction><instruction code="OR T385, T12, 0"><temps name="use"><temp name="T12"/></temps><temps name="def"><temp name="T385"/></temps><temps name="in"><temp name="T12"/><temp name="T384"/></temps><temps name="out"><temp name="T12"/><temp name="T384"/><temp name="T385"/></temps></instruction><instruction code="SETL  T2330, 24"><temps name="use"/><temps name="def"><temp name="T2330"/></temps><temps name="in"><temp name="T12"/><temp name="T384"/><temp name="T385"/></temps><temps name="out"><temp name="T12"/><temp name="T384"/><temp name="T385"/></temps></instruction><instruction code="INCML T2330, 0"><temps name="use"/><temps name="def"><temp name="T2330"/></temps><temps name="in"><temp name="T12"/><temp name="T384"/><temp name="T385"/></temps><temps name="out"><temp name="T12"/><temp name="T384"/><temp name="T385"/></temps></instruction><instruction code="INCMH T2330, 0"><temps name="use"/><temps name="def"><temp name="T2330"/></temps><temps name="in"><temp name="T12"/><temp name="T384"/><temp name="T385"/></temps><temps name="out"><temp name="T12"/><temp name="T384"/><temp name="T385"/></temps></instruction><instruction code="INCH  T2330, 0"><temps name="use"/><temps name="def"><temp name="T2330"/></temps><temps name="in"><temp name="T12"/><temp name="T384"/><temp name="T385"/></temps><temps name="out"><temp name="T2330"/><temp name="T12"/><temp name="T384"/><temp name="T385"/></temps></instruction><instruction code="NEG T2330, 0, T2330"><temps name="use"><temp name="T2330"/></temps><temps name="def"><temp name="T2330"/></temps><temps name="in"><temp name="T2330"/><temp name="T12"/><temp name="T384"/><temp name="T385"/></temps><temps name="out"><temp name="T2330"/><temp name="T12"/><temp name="T384"/><temp name="T385"/></temps></instruction><instruction code="OR T386, T2330, 0"><temps name="use"><temp name="T2330"/></temps><temps name="def"><temp name="T386"/></temps><temps name="in"><temp name="T2330"/><temp name="T12"/><temp name="T384"/><temp name="T385"/></temps><temps name="out"><temp name="T12"/><temp name="T386"/><temp name="T384"/><temp name="T385"/></temps></instruction><instruction code="ADD T2331, T385, T386"><temps name="use"><temp name="T385"/><temp name="T386"/></temps><temps name="def"><temp name="T2331"/></temps><temps name="in"><temp name="T12"/><temp name="T386"/><temp name="T384"/><temp name="T385"/></temps><temps name="out"><temp name="T12"/><temp name="T2331"/><temp name="T384"/></temps></instruction><instruction code="OR T387, T2331, 0"><temps name="use"><temp name="T2331"/></temps><temps name="def"><temp name="T387"/></temps><temps name="in"><temp name="T12"/><temp name="T2331"/><temp name="T384"/></temps><temps name="out"><temp name="T12"/><temp name="T384"/><temp name="T387"/></temps></instruction><instruction code="OR T388, T387, 0"><temps name="use"><temp name="T387"/></temps><temps name="def"><temp name="T388"/></temps><temps name="in"><temp name="T12"/><temp name="T384"/><temp name="T387"/></temps><temps name="out"><temp name="T12"/><temp name="T384"/><temp name="T388"/></temps></instruction><instruction code="ADD T2333, T384, T388"><temps name="use"><temp name="T384"/><temp name="T388"/></temps><temps name="def"><temp name="T2333"/></temps><temps name="in"><temp name="T12"/><temp name="T384"/><temp name="T388"/></temps><temps name="out"><temp name="T12"/><temp name="T2333"/></temps></instruction><instruction code="OR T389, T2333, 0"><temps name="use"><temp name="T2333"/></temps><temps name="def"><temp name="T389"/></temps><temps name="in"><temp name="T12"/><temp name="T2333"/></temps><temps name="out"><temp name="T12"/><temp name="T389"/></temps></instruction><instruction code="SETL  T2334, 8"><temps name="use"/><temps name="def"><temp name="T2334"/></temps><temps name="in"><temp name="T12"/><temp name="T389"/></temps><temps name="out"><temp name="T12"/><temp name="T389"/></temps></instruction><instruction code="INCML T2334, 0"><temps name="use"/><temps name="def"><temp name="T2334"/></temps><temps name="in"><temp name="T12"/><temp name="T389"/></temps><temps name="out"><temp name="T12"/><temp name="T389"/></temps></instruction><instruction code="INCMH T2334, 0"><temps name="use"/><temps name="def"><temp name="T2334"/></temps><temps name="in"><temp name="T12"/><temp name="T389"/></temps><temps name="out"><temp name="T12"/><temp name="T389"/></temps></instruction><instruction code="INCH  T2334, 0"><temps name="use"/><temps name="def"><temp name="T2334"/></temps><temps name="in"><temp name="T12"/><temp name="T389"/></temps><temps name="out"><temp name="T12"/><temp name="T389"/><temp name="T2334"/></temps></instruction><instruction code="NEG T2334, 0, T2334"><temps name="use"><temp name="T2334"/></temps><temps name="def"><temp name="T2334"/></temps><temps name="in"><temp name="T12"/><temp name="T389"/><temp name="T2334"/></temps><temps name="out"><temp name="T12"/><temp name="T389"/><temp name="T2334"/></temps></instruction><instruction code="ADD T2335, T12, T2334"><temps name="use"><temp name="T12"/><temp name="T2334"/></temps><temps name="def"><temp name="T2335"/></temps><temps name="in"><temp name="T12"/><temp name="T389"/><temp name="T2334"/></temps><temps name="out"><temp name="T12"/><temp name="T389"/><temp name="T2335"/></temps></instruction><instruction code="STO T2335, T389, 0"><temps name="use"><temp name="T2335"/><temp name="T389"/></temps><temps name="def"/><temps name="in"><temp name="T12"/><temp name="T389"/><temp name="T2335"/></temps><temps name="out"><temp name="T12"/></temps></instruction><instruction code="OR T390, T12, 0"><temps name="use"><temp name="T12"/></temps><temps name="def"><temp name="T390"/></temps><temps name="in"><temp name="T12"/></temps><temps name="out"><temp name="T390"/><temp name="T12"/></temps></instruction><instruction code="SETL  T2337, 16"><temps name="use"/><temps name="def"><temp name="T2337"/></temps><temps name="in"><temp name="T390"/><temp name="T12"/></temps><temps name="out"><temp name="T390"/><temp name="T12"/></temps></instruction><instruction code="INCML T2337, 0"><temps name="use"/><temps name="def"><temp name="T2337"/></temps><temps name="in"><temp name="T390"/><temp name="T12"/></temps><temps name="out"><temp name="T390"/><temp name="T12"/></temps></instruction><instruction code="INCMH T2337, 0"><temps name="use"/><temps name="def"><temp name="T2337"/></temps><temps name="in"><temp name="T390"/><temp name="T12"/></temps><temps name="out"><temp name="T390"/><temp name="T12"/></temps></instruction><instruction code="INCH  T2337, 0"><temps name="use"/><temps name="def"><temp name="T2337"/></temps><temps name="in"><temp name="T390"/><temp name="T12"/></temps><temps name="out"><temp name="T390"/><temp name="T2337"/><temp name="T12"/></temps></instruction><instruction code="NEG T2337, 0, T2337"><temps name="use"><temp name="T2337"/></temps><temps name="def"><temp name="T2337"/></temps><temps name="in"><temp name="T390"/><temp name="T2337"/><temp name="T12"/></temps><temps name="out"><temp name="T390"/><temp name="T2337"/><temp name="T12"/></temps></instruction><instruction code="OR T391, T2337, 0"><temps name="use"><temp name="T2337"/></temps><temps name="def"><temp name="T391"/></temps><temps name="in"><temp name="T390"/><temp name="T2337"/><temp name="T12"/></temps><temps name="out"><temp name="T390"/><temp name="T12"/><temp name="T391"/></temps></instruction><instruction code="ADD T2338, T390, T391"><temps name="use"><temp name="T390"/><temp name="T391"/></temps><temps name="def"><temp name="T2338"/></temps><temps name="in"><temp name="T390"/><temp name="T12"/><temp name="T391"/></temps><temps name="out"><temp name="T12"/><temp name="T2338"/></temps></instruction><instruction code="OR T392, T2338, 0"><temps name="use"><temp name="T2338"/></temps><temps name="def"><temp name="T392"/></temps><temps name="in"><temp name="T12"/><temp name="T2338"/></temps><temps name="out"><temp name="T392"/><temp name="T12"/></temps></instruction><instruction code="OR T393, T392, 0"><temps name="use"><temp name="T392"/></temps><temps name="def"><temp name="T393"/></temps><temps name="in"><temp name="T392"/><temp name="T12"/></temps><temps name="out"><temp name="T12"/><temp name="T393"/></temps></instruction><instruction code="SETL  T2340, 24"><temps name="use"/><temps name="def"><temp name="T2340"/></temps><temps name="in"><temp name="T12"/><temp name="T393"/></temps><temps name="out"><temp name="T12"/><temp name="T393"/></temps></instruction><instruction code="INCML T2340, 0"><temps name="use"/><temps name="def"><temp name="T2340"/></temps><temps name="in"><temp name="T12"/><temp name="T393"/></temps><temps name="out"><temp name="T12"/><temp name="T393"/></temps></instruction><instruction code="INCMH T2340, 0"><temps name="use"/><temps name="def"><temp name="T2340"/></temps><temps name="in"><temp name="T12"/><temp name="T393"/></temps><temps name="out"><temp name="T12"/><temp name="T393"/></temps></instruction><instruction code="INCH  T2340, 0"><temps name="use"/><temps name="def"><temp name="T2340"/></temps><temps name="in"><temp name="T12"/><temp name="T393"/></temps><temps name="out"><temp name="T12"/><temp name="T393"/><temp name="T2340"/></temps></instruction><instruction code="NEG T2340, 0, T2340"><temps name="use"><temp name="T2340"/></temps><temps name="def"><temp name="T2340"/></temps><temps name="in"><temp name="T12"/><temp name="T393"/><temp name="T2340"/></temps><temps name="out"><temp name="T12"/><temp name="T393"/><temp name="T2340"/></temps></instruction><instruction code="ADD T2341, T12, T2340"><temps name="use"><temp name="T12"/><temp name="T2340"/></temps><temps name="def"><temp name="T2341"/></temps><temps name="in"><temp name="T12"/><temp name="T393"/><temp name="T2340"/></temps><temps name="out"><temp name="T2341"/><temp name="T12"/><temp name="T393"/></temps></instruction><instruction code="STO T2341, T393, 0"><temps name="use"><temp name="T2341"/><temp name="T393"/></temps><temps name="def"/><temps name="in"><temp name="T2341"/><temp name="T12"/><temp name="T393"/></temps><temps name="out"><temp name="T12"/></temps></instruction><instruction code="OR T394, T12, 0"><temps name="use"><temp name="T12"/></temps><temps name="def"><temp name="T394"/></temps><temps name="in"><temp name="T12"/></temps><temps name="out"><temp name="T12"/><temp name="T394"/></temps></instruction><instruction code="SETL  T2343, 8"><temps name="use"/><temps name="def"><temp name="T2343"/></temps><temps name="in"><temp name="T12"/><temp name="T394"/></temps><temps name="out"><temp name="T12"/><temp name="T394"/></temps></instruction><instruction code="INCML T2343, 0"><temps name="use"/><temps name="def"><temp name="T2343"/></temps><temps name="in"><temp name="T12"/><temp name="T394"/></temps><temps name="out"><temp name="T12"/><temp name="T394"/></temps></instruction><instruction code="INCMH T2343, 0"><temps name="use"/><temps name="def"><temp name="T2343"/></temps><temps name="in"><temp name="T12"/><temp name="T394"/></temps><temps name="out"><temp name="T12"/><temp name="T394"/></temps></instruction><instruction code="INCH  T2343, 0"><temps name="use"/><temps name="def"><temp name="T2343"/></temps><temps name="in"><temp name="T12"/><temp name="T394"/></temps><temps name="out"><temp name="T12"/><temp name="T2343"/><temp name="T394"/></temps></instruction><instruction code="NEG T2343, 0, T2343"><temps name="use"><temp name="T2343"/></temps><temps name="def"><temp name="T2343"/></temps><temps name="in"><temp name="T12"/><temp name="T2343"/><temp name="T394"/></temps><temps name="out"><temp name="T12"/><temp name="T2343"/><temp name="T394"/></temps></instruction><instruction code="OR T395, T2343, 0"><temps name="use"><temp name="T2343"/></temps><temps name="def"><temp name="T395"/></temps><temps name="in"><temp name="T12"/><temp name="T2343"/><temp name="T394"/></temps><temps name="out"><temp name="T12"/><temp name="T394"/><temp name="T395"/></temps></instruction><instruction code="ADD T2344, T394, T395"><temps name="use"><temp name="T394"/><temp name="T395"/></temps><temps name="def"><temp name="T2344"/></temps><temps name="in"><temp name="T12"/><temp name="T394"/><temp name="T395"/></temps><temps name="out"><temp name="T12"/><temp name="T2344"/></temps></instruction><instruction code="OR T396, T2344, 0"><temps name="use"><temp name="T2344"/></temps><temps name="def"><temp name="T396"/></temps><temps name="in"><temp name="T12"/><temp name="T2344"/></temps><temps name="out"><temp name="T396"/><temp name="T12"/></temps></instruction><instruction code="OR T397, T396, 0"><temps name="use"><temp name="T396"/></temps><temps name="def"><temp name="T397"/></temps><temps name="in"><temp name="T396"/><temp name="T12"/></temps><temps name="out"><temp name="T397"/><temp name="T12"/></temps></instruction><instruction code="SETL  T2346, 16"><temps name="use"/><temps name="def"><temp name="T2346"/></temps><temps name="in"><temp name="T397"/><temp name="T12"/></temps><temps name="out"><temp name="T397"/><temp name="T12"/></temps></instruction><instruction code="INCML T2346, 0"><temps name="use"/><temps name="def"><temp name="T2346"/></temps><temps name="in"><temp name="T397"/><temp name="T12"/></temps><temps name="out"><temp name="T397"/><temp name="T12"/></temps></instruction><instruction code="INCMH T2346, 0"><temps name="use"/><temps name="def"><temp name="T2346"/></temps><temps name="in"><temp name="T397"/><temp name="T12"/></temps><temps name="out"><temp name="T397"/><temp name="T12"/></temps></instruction><instruction code="INCH  T2346, 0"><temps name="use"/><temps name="def"><temp name="T2346"/></temps><temps name="in"><temp name="T397"/><temp name="T12"/></temps><temps name="out"><temp name="T397"/><temp name="T2346"/><temp name="T12"/></temps></instruction><instruction code="NEG T2346, 0, T2346"><temps name="use"><temp name="T2346"/></temps><temps name="def"><temp name="T2346"/></temps><temps name="in"><temp name="T397"/><temp name="T2346"/><temp name="T12"/></temps><temps name="out"><temp name="T397"/><temp name="T2346"/><temp name="T12"/></temps></instruction><instruction code="ADD T2347, T12, T2346"><temps name="use"><temp name="T12"/><temp name="T2346"/></temps><temps name="def"><temp name="T2347"/></temps><temps name="in"><temp name="T397"/><temp name="T2346"/><temp name="T12"/></temps><temps name="out"><temp name="T397"/><temp name="T12"/><temp name="T2347"/></temps></instruction><instruction code="STO T2347, T397, 0"><temps name="use"><temp name="T2347"/><temp name="T397"/></temps><temps name="def"/><temps name="in"><temp name="T397"/><temp name="T12"/><temp name="T2347"/></temps><temps name="out"><temp name="T12"/></temps></instruction><instruction code="OR T398, T12, 0"><temps name="use"><temp name="T12"/></temps><temps name="def"><temp name="T398"/></temps><temps name="in"><temp name="T12"/></temps><temps name="out"><temp name="T12"/><temp name="T398"/></temps></instruction><instruction code="SETL  T2349, 8"><temps name="use"/><temps name="def"><temp name="T2349"/></temps><temps name="in"><temp name="T12"/><temp name="T398"/></temps><temps name="out"><temp name="T12"/><temp name="T398"/></temps></instruction><instruction code="INCML T2349, 0"><temps name="use"/><temps name="def"><temp name="T2349"/></temps><temps name="in"><temp name="T12"/><temp name="T398"/></temps><temps name="out"><temp name="T12"/><temp name="T398"/></temps></instruction><instruction code="INCMH T2349, 0"><temps name="use"/><temps name="def"><temp name="T2349"/></temps><temps name="in"><temp name="T12"/><temp name="T398"/></temps><temps name="out"><temp name="T12"/><temp name="T398"/></temps></instruction><instruction code="INCH  T2349, 0"><temps name="use"/><temps name="def"><temp name="T2349"/></temps><temps name="in"><temp name="T12"/><temp name="T398"/></temps><temps name="out"><temp name="T12"/><temp name="T2349"/><temp name="T398"/></temps></instruction><instruction code="OR T399, T2349, 0"><temps name="use"><temp name="T2349"/></temps><temps name="def"><temp name="T399"/></temps><temps name="in"><temp name="T12"/><temp name="T2349"/><temp name="T398"/></temps><temps name="out"><temp name="T399"/><temp name="T12"/><temp name="T398"/></temps></instruction><instruction code="ADD T2350, T398, T399"><temps name="use"><temp name="T398"/><temp name="T399"/></temps><temps name="def"><temp name="T2350"/></temps><temps name="in"><temp name="T399"/><temp name="T12"/><temp name="T398"/></temps><temps name="out"><temp name="T12"/><temp name="T2350"/></temps></instruction><instruction code="OR T400, T2350, 0"><temps name="use"><temp name="T2350"/></temps><temps name="def"><temp name="T400"/></temps><temps name="in"><temp name="T12"/><temp name="T2350"/></temps><temps name="out"><temp name="T400"/><temp name="T12"/></temps></instruction><instruction code="OR T401, T400, 0"><temps name="use"><temp name="T400"/></temps><temps name="def"><temp name="T401"/></temps><temps name="in"><temp name="T400"/><temp name="T12"/></temps><temps name="out"><temp name="T12"/><temp name="T401"/></temps></instruction><instruction code="SETL  T2352, 1"><temps name="use"/><temps name="def"><temp name="T2352"/></temps><temps name="in"><temp name="T12"/><temp name="T401"/></temps><temps name="out"><temp name="T12"/><temp name="T401"/></temps></instruction><instruction code="INCML T2352, 0"><temps name="use"/><temps name="def"><temp name="T2352"/></temps><temps name="in"><temp name="T12"/><temp name="T401"/></temps><temps name="out"><temp name="T12"/><temp name="T401"/></temps></instruction><instruction code="INCMH T2352, 0"><temps name="use"/><temps name="def"><temp name="T2352"/></temps><temps name="in"><temp name="T12"/><temp name="T401"/></temps><temps name="out"><temp name="T12"/><temp name="T401"/></temps></instruction><instruction code="INCH  T2352, 0"><temps name="use"/><temps name="def"><temp name="T2352"/></temps><temps name="in"><temp name="T12"/><temp name="T401"/></temps><temps name="out"><temp name="T12"/><temp name="T401"/><temp name="T2352"/></temps></instruction><instruction code="OR T402, T2352, 0"><temps name="use"><temp name="T2352"/></temps><temps name="def"><temp name="T402"/></temps><temps name="in"><temp name="T12"/><temp name="T401"/><temp name="T2352"/></temps><temps name="out"><temp name="T402"/><temp name="T12"/><temp name="T401"/></temps></instruction><instruction code="SUB T2353, T401, T402"><temps name="use"><temp name="T401"/><temp name="T402"/></temps><temps name="def"><temp name="T2353"/></temps><temps name="in"><temp name="T402"/><temp name="T12"/><temp name="T401"/></temps><temps name="out"><temp name="T2353"/><temp name="T12"/></temps></instruction><instruction code="OR T403, T2353, 0"><temps name="use"><temp name="T2353"/></temps><temps name="def"><temp name="T403"/></temps><temps name="in"><temp name="T2353"/><temp name="T12"/></temps><temps name="out"><temp name="T12"/><temp name="T403"/></temps></instruction><instruction code="SETL  T2354, 8"><temps name="use"/><temps name="def"><temp name="T2354"/></temps><temps name="in"><temp name="T12"/><temp name="T403"/></temps><temps name="out"><temp name="T12"/><temp name="T403"/></temps></instruction><instruction code="INCML T2354, 0"><temps name="use"/><temps name="def"><temp name="T2354"/></temps><temps name="in"><temp name="T12"/><temp name="T403"/></temps><temps name="out"><temp name="T12"/><temp name="T403"/></temps></instruction><instruction code="INCMH T2354, 0"><temps name="use"/><temps name="def"><temp name="T2354"/></temps><temps name="in"><temp name="T12"/><temp name="T403"/></temps><temps name="out"><temp name="T12"/><temp name="T403"/></temps></instruction><instruction code="INCH  T2354, 0"><temps name="use"/><temps name="def"><temp name="T2354"/></temps><temps name="in"><temp name="T12"/><temp name="T403"/></temps><temps name="out"><temp name="T2354"/><temp name="T12"/><temp name="T403"/></temps></instruction><instruction code="ADD T2355, T12, T2354"><temps name="use"><temp name="T12"/><temp name="T2354"/></temps><temps name="def"><temp name="T2355"/></temps><temps name="in"><temp name="T2354"/><temp name="T12"/><temp name="T403"/></temps><temps name="out"><temp name="T2355"/><temp name="T12"/><temp name="T403"/></temps></instruction><instruction code="STO T2355, T403, 0"><temps name="use"><temp name="T2355"/><temp name="T403"/></temps><temps name="def"/><temps name="in"><temp name="T2355"/><temp name="T12"/><temp name="T403"/></temps><temps name="out"><temp name="T12"/></temps></instruction><instruction code="LDA T2357, L33"><temps name="use"/><temps name="def"><temp name="T2357"/></temps><temps name="in"><temp name="T12"/></temps><temps name="out"><temp name="T12"/><temp name="T2357"/></temps></instruction><instruction code="GO T2357, T2357, 0"><temps name="use"><temp name="T2357"/></temps><temps name="def"><temp name="T2357"/></temps><temps name="in"><temp name="T12"/><temp name="T2357"/></temps><temps name="out"><temp name="T12"/></temps></instruction><instruction code="L35"><temps name="use"/><temps name="def"/><temps name="in"><temp name="T12"/></temps><temps name="out"><temp name="T12"/></temps></instruction><instruction code="OR T404, T12, 0"><temps name="use"><temp name="T12"/></temps><temps name="def"><temp name="T404"/></temps><temps name="in"><temp name="T12"/></temps><temps name="out"><temp name="T404"/></temps></instruction><instruction code="SETL  T2358, 8"><temps name="use"/><temps name="def"><temp name="T2358"/></temps><temps name="in"><temp name="T404"/></temps><temps name="out"><temp name="T404"/></temps></instruction><instruction code="INCML T2358, 0"><temps name="use"/><temps name="def"><temp name="T2358"/></temps><temps name="in"><temp name="T404"/></temps><temps name="out"><temp name="T404"/></temps></instruction><instruction code="INCMH T2358, 0"><temps name="use"/><temps name="def"><temp name="T2358"/></temps><temps name="in"><temp name="T404"/></temps><temps name="out"><temp name="T404"/></temps></instruction><instruction code="INCH  T2358, 0"><temps name="use"/><temps name="def"><temp name="T2358"/></temps><temps name="in"><temp name="T404"/></temps><temps name="out"><temp name="T404"/><temp name="T2358"/></temps></instruction><instruction code="NEG T2358, 0, T2358"><temps name="use"><temp name="T2358"/></temps><temps name="def"><temp name="T2358"/></temps><temps name="in"><temp name="T404"/><temp name="T2358"/></temps><temps name="out"><temp name="T404"/><temp name="T2358"/></temps></instruction><instruction code="OR T405, T2358, 0"><temps name="use"><temp name="T2358"/></temps><temps name="def"><temp name="T405"/></temps><temps name="in"><temp name="T404"/><temp name="T2358"/></temps><temps name="out"><temp name="T405"/><temp name="T404"/></temps></instruction><instruction code="ADD T2359, T404, T405"><temps name="use"><temp name="T404"/><temp name="T405"/></temps><temps name="def"><temp name="T2359"/></temps><temps name="in"><temp name="T405"/><temp name="T404"/></temps><temps name="out"><temp name="T2359"/></temps></instruction><instruction code="OR T406, T2359, 0"><temps name="use"><temp name="T2359"/></temps><temps name="def"><temp name="T406"/></temps><temps name="in"><temp name="T2359"/></temps><temps name="out"><temp name="T406"/></temps></instruction><instruction code="OR T407, T406, 0"><temps name="use"><temp name="T406"/></temps><temps name="def"><temp name="T407"/></temps><temps name="in"><temp name="T406"/></temps><temps name="out"><temp name="T407"/></temps></instruction><instruction code="OR T13, T407, 0"><temps name="use"><temp name="T407"/></temps><temps name="def"><temp name="T13"/></temps><temps name="in"><temp name="T407"/></temps><temps name="out"/></instruction><instruction code="LDA T2361, L120"><temps name="use"/><temps name="def"><temp name="T2361"/></temps><temps name="in"/><temps name="out"><temp name="T2361"/></temps></instruction><instruction code="GO T2361, T2361, 0"><temps name="use"><temp name="T2361"/></temps><temps name="def"><temp name="T2361"/></temps><temps name="in"><temp name="T2361"/></temps><temps name="out"/></instruction></instructions></code><code entrylabel="L122" exitlabel="L123" tempsize="0"><frame FP="T14" RV="T15" argssize="16" depth="1" label="_fibRec" locssize="8" size="40"/><instructions><instruction code="L122"><temps name="use"/><temps name="def"/><temps name="in"><temp name="T14"/></temps><temps name="out"><temp name="T14"/></temps></instruction><instruction code="OR T408, T14, 0"><temps name="use"><temp name="T14"/></temps><temps name="def"><temp name="T408"/></temps><temps name="in"><temp name="T14"/></temps><temps name="out"><temp name="T408"/><temp name="T14"/></temps></instruction><instruction code="SETL  T2362, 8"><temps name="use"/><temps name="def"><temp name="T2362"/></temps><temps name="in"><temp name="T408"/><temp name="T14"/></temps><temps name="out"><temp name="T408"/><temp name="T14"/></temps></instruction><instruction code="INCML T2362, 0"><temps name="use"/><temps name="def"><temp name="T2362"/></temps><temps name="in"><temp name="T408"/><temp name="T14"/></temps><temps name="out"><temp name="T408"/><temp name="T14"/></temps></instruction><instruction code="INCMH T2362, 0"><temps name="use"/><temps name="def"><temp name="T2362"/></temps><temps name="in"><temp name="T408"/><temp name="T14"/></temps><temps name="out"><temp name="T408"/><temp name="T14"/></temps></instruction><instruction code="INCH  T2362, 0"><temps name="use"/><temps name="def"><temp name="T2362"/></temps><temps name="in"><temp name="T408"/><temp name="T14"/></temps><temps name="out"><temp name="T408"/><temp name="T14"/><temp name="T2362"/></temps></instruction><instruction code="OR T409, T2362, 0"><temps name="use"><temp name="T2362"/></temps><temps name="def"><temp name="T409"/></temps><temps name="in"><temp name="T408"/><temp name="T14"/><temp name="T2362"/></temps><temps name="out"><temp name="T408"/><temp name="T409"/><temp name="T14"/></temps></instruction><instruction code="ADD T2363, T408, T409"><temps name="use"><temp name="T408"/><temp name="T409"/></temps><temps name="def"><temp name="T2363"/></temps><temps name="in"><temp name="T408"/><temp name="T409"/><temp name="T14"/></temps><temps name="out"><temp name="T2363"/><temp name="T14"/></temps></instruction><instruction code="OR T410, T2363, 0"><temps name="use"><temp name="T2363"/></temps><temps name="def"><temp name="T410"/></temps><temps name="in"><temp name="T2363"/><temp name="T14"/></temps><temps name="out"><temp name="T410"/><temp name="T14"/></temps></instruction><instruction code="OR T411, T410, 0"><temps name="use"><temp name="T410"/></temps><temps name="def"><temp name="T411"/></temps><temps name="in"><temp name="T410"/><temp name="T14"/></temps><temps name="out"><temp name="T411"/><temp name="T14"/></temps></instruction><instruction code="SETL  T2365, 2"><temps name="use"/><temps name="def"><temp name="T2365"/></temps><temps name="in"><temp name="T411"/><temp name="T14"/></temps><temps name="out"><temp name="T411"/><temp name="T14"/></temps></instruction><instruction code="INCML T2365, 0"><temps name="use"/><temps name="def"><temp name="T2365"/></temps><temps name="in"><temp name="T411"/><temp name="T14"/></temps><temps name="out"><temp name="T411"/><temp name="T14"/></temps></instruction><instruction code="INCMH T2365, 0"><temps name="use"/><temps name="def"><temp name="T2365"/></temps><temps name="in"><temp name="T411"/><temp name="T14"/></temps><temps name="out"><temp name="T411"/><temp name="T14"/></temps></instruction><instruction code="INCH  T2365, 0"><temps name="use"/><temps name="def"><temp name="T2365"/></temps><temps name="in"><temp name="T411"/><temp name="T14"/></temps><temps name="out"><temp name="T411"/><temp name="T2365"/><temp name="T14"/></temps></instruction><instruction code="OR T412, T2365, 0"><temps name="use"><temp name="T2365"/></temps><temps name="def"><temp name="T412"/></temps><temps name="in"><temp name="T411"/><temp name="T2365"/><temp name="T14"/></temps><temps name="out"><temp name="T411"/><temp name="T412"/><temp name="T14"/></temps></instruction><instruction code="CMP T2366, T411, T412"><temps name="use"><temp name="T411"/><temp name="T412"/></temps><temps name="def"><temp name="T2366"/></temps><temps name="in"><temp name="T411"/><temp name="T412"/><temp name="T14"/></temps><temps name="out"><temp name="T14"/><temp name="T2366"/></temps></instruction><instruction code="ZSNP T2366, T2366, 1"><temps name="use"><temp name="T2366"/></temps><temps name="def"><temp name="T2366"/></temps><temps name="in"><temp name="T14"/><temp name="T2366"/></temps><temps name="out"><temp name="T14"/><temp name="T2366"/></temps></instruction><instruction code="OR T413, T2366, 0"><temps name="use"><temp name="T2366"/></temps><temps name="def"><temp name="T413"/></temps><temps name="in"><temp name="T14"/><temp name="T2366"/></temps><temps name="out"><temp name="T413"/><temp name="T14"/></temps></instruction><instruction code="BNZ T413, L36"><temps name="use"><temp name="T413"/></temps><temps name="def"/><temps name="in"><temp name="T413"/><temp name="T14"/></temps><temps name="out"><temp name="T14"/></temps></instruction><instruction code="L121"><temps name="use"/><temps name="def"/><temps name="in"><temp name="T14"/></temps><temps name="out"><temp name="T14"/></temps></instruction><instruction code="LDA T2367, L37"><temps name="use"/><temps name="def"><temp name="T2367"/></temps><temps name="in"><temp name="T14"/></temps><temps name="out"><temp name="T14"/><temp name="T2367"/></temps></instruction><instruction code="GO T2367, T2367, 0"><temps name="use"><temp name="T2367"/></temps><temps name="def"><temp name="T2367"/></temps><temps name="in"><temp name="T14"/><temp name="T2367"/></temps><temps name="out"><temp name="T14"/></temps></instruction><instruction code="L36"><temps name="use"/><temps name="def"/><temps name="in"><temp name="T14"/></temps><temps name="out"><temp name="T14"/></temps></instruction><instruction code="SETL  T2368, 1"><temps name="use"/><temps name="def"><temp name="T2368"/></temps><temps name="in"><temp name="T14"/></temps><temps name="out"><temp name="T14"/></temps></instruction><instruction code="INCML T2368, 0"><temps name="use"/><temps name="def"><temp name="T2368"/></temps><temps name="in"><temp name="T14"/></temps><temps name="out"><temp name="T14"/></temps></instruction><instruction code="INCMH T2368, 0"><temps name="use"/><temps name="def"><temp name="T2368"/></temps><temps name="in"><temp name="T14"/></temps><temps name="out"><temp name="T14"/></temps></instruction><instruction code="INCH  T2368, 0"><temps name="use"/><temps name="def"><temp name="T2368"/></temps><temps name="in"><temp name="T14"/></temps><temps name="out"><temp name="T14"/><temp name="T2368"/></temps></instruction><instruction code="OR T414, T2368, 0"><temps name="use"><temp name="T2368"/></temps><temps name="def"><temp name="T414"/></temps><temps name="in"><temp name="T14"/><temp name="T2368"/></temps><temps name="out"><temp name="T414"/><temp name="T14"/></temps></instruction><instruction code="SETL  T2369, 8"><temps name="use"/><temps name="def"><temp name="T2369"/></temps><temps name="in"><temp name="T414"/><temp name="T14"/></temps><temps name="out"><temp name="T414"/><temp name="T14"/></temps></instruction><instruction code="INCML T2369, 0"><temps name="use"/><temps name="def"><temp name="T2369"/></temps><temps name="in"><temp name="T414"/><temp name="T14"/></temps><temps name="out"><temp name="T414"/><temp name="T14"/></temps></instruction><instruction code="INCMH T2369, 0"><temps name="use"/><temps name="def"><temp name="T2369"/></temps><temps name="in"><temp name="T414"/><temp name="T14"/></temps><temps name="out"><temp name="T414"/><temp name="T14"/></temps></instruction><instruction code="INCH  T2369, 0"><temps name="use"/><temps name="def"><temp name="T2369"/></temps><temps name="in"><temp name="T414"/><temp name="T14"/></temps><temps name="out"><temp name="T414"/><temp name="T14"/><temp name="T2369"/></temps></instruction><instruction code="NEG T2369, 0, T2369"><temps name="use"><temp name="T2369"/></temps><temps name="def"><temp name="T2369"/></temps><temps name="in"><temp name="T414"/><temp name="T14"/><temp name="T2369"/></temps><temps name="out"><temp name="T414"/><temp name="T14"/><temp name="T2369"/></temps></instruction><instruction code="ADD T2370, T14, T2369"><temps name="use"><temp name="T14"/><temp name="T2369"/></temps><temps name="def"><temp name="T2370"/></temps><temps name="in"><temp name="T414"/><temp name="T14"/><temp name="T2369"/></temps><temps name="out"><temp name="T2370"/><temp name="T414"/><temp name="T14"/></temps></instruction><instruction code="STO T2370, T414, 0"><temps name="use"><temp name="T2370"/><temp name="T414"/></temps><temps name="def"/><temps name="in"><temp name="T2370"/><temp name="T414"/><temp name="T14"/></temps><temps name="out"><temp name="T14"/></temps></instruction><instruction code="LDA T2372, L38"><temps name="use"/><temps name="def"><temp name="T2372"/></temps><temps name="in"><temp name="T14"/></temps><temps name="out"><temp name="T2372"/><temp name="T14"/></temps></instruction><instruction code="GO T2372, T2372, 0"><temps name="use"><temp name="T2372"/></temps><temps name="def"><temp name="T2372"/></temps><temps name="in"><temp name="T2372"/><temp name="T14"/></temps><temps name="out"><temp name="T14"/></temps></instruction><instruction code="L37"><temps name="use"/><temps name="def"/><temps name="in"><temp name="T14"/></temps><temps name="out"><temp name="T14"/></temps></instruction><instruction code="SETL  T2373, 0"><temps name="use"/><temps name="def"><temp name="T2373"/></temps><temps name="in"><temp name="T14"/></temps><temps name="out"><temp name="T14"/></temps></instruction><instruction code="INCML T2373, 0"><temps name="use"/><temps name="def"><temp name="T2373"/></temps><temps name="in"><temp name="T14"/></temps><temps name="out"><temp name="T14"/></temps></instruction><instruction code="INCMH T2373, 0"><temps name="use"/><temps name="def"><temp name="T2373"/></temps><temps name="in"><temp name="T14"/></temps><temps name="out"><temp name="T14"/></temps></instruction><instruction code="INCH  T2373, 0"><temps name="use"/><temps name="def"><temp name="T2373"/></temps><temps name="in"><temp name="T14"/></temps><temps name="out"><temp name="T14"/><temp name="T2373"/></temps></instruction><instruction code="OR T415, T2373, 0"><temps name="use"><temp name="T2373"/></temps><temps name="def"><temp name="T415"/></temps><temps name="in"><temp name="T14"/><temp name="T2373"/></temps><temps name="out"><temp name="T415"/><temp name="T14"/></temps></instruction><instruction code="OR T416, T14, 0"><temps name="use"><temp name="T14"/></temps><temps name="def"><temp name="T416"/></temps><temps name="in"><temp name="T415"/><temp name="T14"/></temps><temps name="out"><temp name="T415"/><temp name="T14"/><temp name="T416"/></temps></instruction><instruction code="SETL  T2374, 8"><temps name="use"/><temps name="def"><temp name="T2374"/></temps><temps name="in"><temp name="T415"/><temp name="T14"/><temp name="T416"/></temps><temps name="out"><temp name="T415"/><temp name="T14"/><temp name="T416"/></temps></instruction><instruction code="INCML T2374, 0"><temps name="use"/><temps name="def"><temp name="T2374"/></temps><temps name="in"><temp name="T415"/><temp name="T14"/><temp name="T416"/></temps><temps name="out"><temp name="T415"/><temp name="T14"/><temp name="T416"/></temps></instruction><instruction code="INCMH T2374, 0"><temps name="use"/><temps name="def"><temp name="T2374"/></temps><temps name="in"><temp name="T415"/><temp name="T14"/><temp name="T416"/></temps><temps name="out"><temp name="T415"/><temp name="T14"/><temp name="T416"/></temps></instruction><instruction code="INCH  T2374, 0"><temps name="use"/><temps name="def"><temp name="T2374"/></temps><temps name="in"><temp name="T415"/><temp name="T14"/><temp name="T416"/></temps><temps name="out"><temp name="T415"/><temp name="T2374"/><temp name="T14"/><temp name="T416"/></temps></instruction><instruction code="OR T417, T2374, 0"><temps name="use"><temp name="T2374"/></temps><temps name="def"><temp name="T417"/></temps><temps name="in"><temp name="T415"/><temp name="T2374"/><temp name="T14"/><temp name="T416"/></temps><temps name="out"><temp name="T415"/><temp name="T417"/><temp name="T14"/><temp name="T416"/></temps></instruction><instruction code="ADD T2375, T416, T417"><temps name="use"><temp name="T416"/><temp name="T417"/></temps><temps name="def"><temp name="T2375"/></temps><temps name="in"><temp name="T415"/><temp name="T417"/><temp name="T14"/><temp name="T416"/></temps><temps name="out"><temp name="T415"/><temp name="T2375"/><temp name="T14"/></temps></instruction><instruction code="OR T418, T2375, 0"><temps name="use"><temp name="T2375"/></temps><temps name="def"><temp name="T418"/></temps><temps name="in"><temp name="T415"/><temp name="T2375"/><temp name="T14"/></temps><temps name="out"><temp name="T418"/><temp name="T415"/><temp name="T14"/></temps></instruction><instruction code="OR T419, T418, 0"><temps name="use"><temp name="T418"/></temps><temps name="def"><temp name="T419"/></temps><temps name="in"><temp name="T418"/><temp name="T415"/><temp name="T14"/></temps><temps name="out"><temp name="T415"/><temp name="T14"/><temp name="T419"/></temps></instruction><instruction code="SETL  T2377, 1"><temps name="use"/><temps name="def"><temp name="T2377"/></temps><temps name="in"><temp name="T415"/><temp name="T14"/><temp name="T419"/></temps><temps name="out"><temp name="T415"/><temp name="T14"/><temp name="T419"/></temps></instruction><instruction code="INCML T2377, 0"><temps name="use"/><temps name="def"><temp name="T2377"/></temps><temps name="in"><temp name="T415"/><temp name="T14"/><temp name="T419"/></temps><temps name="out"><temp name="T415"/><temp name="T14"/><temp name="T419"/></temps></instruction><instruction code="INCMH T2377, 0"><temps name="use"/><temps name="def"><temp name="T2377"/></temps><temps name="in"><temp name="T415"/><temp name="T14"/><temp name="T419"/></temps><temps name="out"><temp name="T415"/><temp name="T14"/><temp name="T419"/></temps></instruction><instruction code="INCH  T2377, 0"><temps name="use"/><temps name="def"><temp name="T2377"/></temps><temps name="in"><temp name="T415"/><temp name="T14"/><temp name="T419"/></temps><temps name="out"><temp name="T2377"/><temp name="T415"/><temp name="T14"/><temp name="T419"/></temps></instruction><instruction code="OR T420, T2377, 0"><temps name="use"><temp name="T2377"/></temps><temps name="def"><temp name="T420"/></temps><temps name="in"><temp name="T2377"/><temp name="T415"/><temp name="T14"/><temp name="T419"/></temps><temps name="out"><temp name="T415"/><temp name="T420"/><temp name="T14"/><temp name="T419"/></temps></instruction><instruction code="SUB T2378, T419, T420"><temps name="use"><temp name="T419"/><temp name="T420"/></temps><temps name="def"><temp name="T2378"/></temps><temps name="in"><temp name="T415"/><temp name="T420"/><temp name="T14"/><temp name="T419"/></temps><temps name="out"><temp name="T2378"/><temp name="T415"/><temp name="T14"/></temps></instruction><instruction code="OR T421, T2378, 0"><temps name="use"><temp name="T2378"/></temps><temps name="def"><temp name="T421"/></temps><temps name="in"><temp name="T2378"/><temp name="T415"/><temp name="T14"/></temps><temps name="out"><temp name="T415"/><temp name="T421"/><temp name="T14"/></temps></instruction><instruction code="STO T415, $254, 8"><temps name="use"><temp name="T415"/></temps><temps name="def"/><temps name="in"><temp name="T415"/><temp name="T421"/><temp name="T14"/></temps><temps name="out"><temp name="T421"/><temp name="T14"/></temps></instruction><instruction code="STO T421, $254, 16"><temps name="use"><temp name="T421"/></temps><temps name="def"/><temps name="in"><temp name="T421"/><temp name="T14"/></temps><temps name="out"><temp name="T14"/></temps></instruction><instruction code="LDA T2379, _fibRec"><temps name="use"/><temps name="def"><temp name="T2379"/></temps><temps name="in"><temp name="T14"/></temps><temps name="out"><temp name="T2379"/><temp name="T14"/></temps></instruction><instruction code="PUSHJ $16, T2379, 0"><temps name="use"><temp name="T2379"/></temps><temps name="def"/><temps name="in"><temp name="T2379"/><temp name="T14"/></temps><temps name="out"><temp name="T14"/></temps></instruction><instruction code="LDO T2380, $254, 0"><temps name="use"/><temps name="def"><temp name="T2380"/></temps><temps name="in"><temp name="T14"/></temps><temps name="out"><temp name="T2380"/><temp name="T14"/></temps></instruction><instruction code="OR T422, T2380, 0"><temps name="use"><temp name="T2380"/></temps><temps name="def"><temp name="T422"/></temps><temps name="in"><temp name="T2380"/><temp name="T14"/></temps><temps name="out"><temp name="T422"/><temp name="T14"/></temps></instruction><instruction code="SETL  T2381, 0"><temps name="use"/><temps name="def"><temp name="T2381"/></temps><temps name="in"><temp name="T422"/><temp name="T14"/></temps><temps name="out"><temp name="T422"/><temp name="T14"/></temps></instruction><instruction code="INCML T2381, 0"><temps name="use"/><temps name="def"><temp name="T2381"/></temps><temps name="in"><temp name="T422"/><temp name="T14"/></temps><temps name="out"><temp name="T422"/><temp name="T14"/></temps></instruction><instruction code="INCMH T2381, 0"><temps name="use"/><temps name="def"><temp name="T2381"/></temps><temps name="in"><temp name="T422"/><temp name="T14"/></temps><temps name="out"><temp name="T422"/><temp name="T14"/></temps></instruction><instruction code="INCH  T2381, 0"><temps name="use"/><temps name="def"><temp name="T2381"/></temps><temps name="in"><temp name="T422"/><temp name="T14"/></temps><temps name="out"><temp name="T422"/><temp name="T14"/><temp name="T2381"/></temps></instruction><instruction code="OR T423, T2381, 0"><temps name="use"><temp name="T2381"/></temps><temps name="def"><temp name="T423"/></temps><temps name="in"><temp name="T422"/><temp name="T14"/><temp name="T2381"/></temps><temps name="out"><temp name="T422"/><temp name="T423"/><temp name="T14"/></temps></instruction><instruction code="OR T424, T14, 0"><temps name="use"><temp name="T14"/></temps><temps name="def"><temp name="T424"/></temps><temps name="in"><temp name="T422"/><temp name="T423"/><temp name="T14"/></temps><temps name="out"><temp name="T422"/><temp name="T423"/><temp name="T14"/><temp name="T424"/></temps></instruction><instruction code="SETL  T2382, 8"><temps name="use"/><temps name="def"><temp name="T2382"/></temps><temps name="in"><temp name="T422"/><temp name="T423"/><temp name="T14"/><temp name="T424"/></temps><temps name="out"><temp name="T422"/><temp name="T423"/><temp name="T14"/><temp name="T424"/></temps></instruction><instruction code="INCML T2382, 0"><temps name="use"/><temps name="def"><temp name="T2382"/></temps><temps name="in"><temp name="T422"/><temp name="T423"/><temp name="T14"/><temp name="T424"/></temps><temps name="out"><temp name="T422"/><temp name="T423"/><temp name="T14"/><temp name="T424"/></temps></instruction><instruction code="INCMH T2382, 0"><temps name="use"/><temps name="def"><temp name="T2382"/></temps><temps name="in"><temp name="T422"/><temp name="T423"/><temp name="T14"/><temp name="T424"/></temps><temps name="out"><temp name="T422"/><temp name="T423"/><temp name="T14"/><temp name="T424"/></temps></instruction><instruction code="INCH  T2382, 0"><temps name="use"/><temps name="def"><temp name="T2382"/></temps><temps name="in"><temp name="T422"/><temp name="T423"/><temp name="T14"/><temp name="T424"/></temps><temps name="out"><temp name="T422"/><temp name="T423"/><temp name="T2382"/><temp name="T14"/><temp name="T424"/></temps></instruction><instruction code="OR T425, T2382, 0"><temps name="use"><temp name="T2382"/></temps><temps name="def"><temp name="T425"/></temps><temps name="in"><temp name="T422"/><temp name="T423"/><temp name="T2382"/><temp name="T14"/><temp name="T424"/></temps><temps name="out"><temp name="T422"/><temp name="T423"/><temp name="T14"/><temp name="T425"/><temp name="T424"/></temps></instruction><instruction code="ADD T2383, T424, T425"><temps name="use"><temp name="T424"/><temp name="T425"/></temps><temps name="def"><temp name="T2383"/></temps><temps name="in"><temp name="T422"/><temp name="T423"/><temp name="T14"/><temp name="T425"/><temp name="T424"/></temps><temps name="out"><temp name="T2383"/><temp name="T422"/><temp name="T423"/><temp name="T14"/></temps></instruction><instruction code="OR T426, T2383, 0"><temps name="use"><temp name="T2383"/></temps><temps name="def"><temp name="T426"/></temps><temps name="in"><temp name="T2383"/><temp name="T422"/><temp name="T423"/><temp name="T14"/></temps><temps name="out"><temp name="T422"/><temp name="T426"/><temp name="T423"/><temp name="T14"/></temps></instruction><instruction code="OR T427, T426, 0"><temps name="use"><temp name="T426"/></temps><temps name="def"><temp name="T427"/></temps><temps name="in"><temp name="T422"/><temp name="T426"/><temp name="T423"/><temp name="T14"/></temps><temps name="out"><temp name="T422"/><temp name="T427"/><temp name="T423"/><temp name="T14"/></temps></instruction><instruction code="SETL  T2385, 2"><temps name="use"/><temps name="def"><temp name="T2385"/></temps><temps name="in"><temp name="T422"/><temp name="T427"/><temp name="T423"/><temp name="T14"/></temps><temps name="out"><temp name="T422"/><temp name="T427"/><temp name="T423"/><temp name="T14"/></temps></instruction><instruction code="INCML T2385, 0"><temps name="use"/><temps name="def"><temp name="T2385"/></temps><temps name="in"><temp name="T422"/><temp name="T427"/><temp name="T423"/><temp name="T14"/></temps><temps name="out"><temp name="T422"/><temp name="T427"/><temp name="T423"/><temp name="T14"/></temps></instruction><instruction code="INCMH T2385, 0"><temps name="use"/><temps name="def"><temp name="T2385"/></temps><temps name="in"><temp name="T422"/><temp name="T427"/><temp name="T423"/><temp name="T14"/></temps><temps name="out"><temp name="T422"/><temp name="T427"/><temp name="T423"/><temp name="T14"/></temps></instruction><instruction code="INCH  T2385, 0"><temps name="use"/><temps name="def"><temp name="T2385"/></temps><temps name="in"><temp name="T422"/><temp name="T427"/><temp name="T423"/><temp name="T14"/></temps><temps name="out"><temp name="T422"/><temp name="T427"/><temp name="T423"/><temp name="T14"/><temp name="T2385"/></temps></instruction><instruction code="OR T428, T2385, 0"><temps name="use"><temp name="T2385"/></temps><temps name="def"><temp name="T428"/></temps><temps name="in"><temp name="T422"/><temp name="T427"/><temp name="T423"/><temp name="T14"/><temp name="T2385"/></temps><temps name="out"><temp name="T422"/><temp name="T427"/><temp name="T423"/><temp name="T14"/><temp name="T428"/></temps></instruction><instruction code="SUB T2386, T427, T428"><temps name="use"><temp name="T427"/><temp name="T428"/></temps><temps name="def"><temp name="T2386"/></temps><temps name="in"><temp name="T422"/><temp name="T427"/><temp name="T423"/><temp name="T14"/><temp name="T428"/></temps><temps name="out"><temp name="T422"/><temp name="T423"/><temp name="T2386"/><temp name="T14"/></temps></instruction><instruction code="OR T429, T2386, 0"><temps name="use"><temp name="T2386"/></temps><temps name="def"><temp name="T429"/></temps><temps name="in"><temp name="T422"/><temp name="T423"/><temp name="T2386"/><temp name="T14"/></temps><temps name="out"><temp name="T429"/><temp name="T422"/><temp name="T423"/><temp name="T14"/></temps></instruction><instruction code="STO T423, $254, 8"><temps name="use"><temp name="T423"/></temps><temps name="def"/><temps name="in"><temp name="T429"/><temp name="T422"/><temp name="T423"/><temp name="T14"/></temps><temps name="out"><temp name="T429"/><temp name="T422"/><temp name="T14"/></temps></instruction><instruction code="STO T429, $254, 16"><temps name="use"><temp name="T429"/></temps><temps name="def"/><temps name="in"><temp name="T429"/><temp name="T422"/><temp name="T14"/></temps><temps name="out"><temp name="T422"/><temp name="T14"/></temps></instruction><instruction code="LDA T2387, _fibRec"><temps name="use"/><temps name="def"><temp name="T2387"/></temps><temps name="in"><temp name="T422"/><temp name="T14"/></temps><temps name="out"><temp name="T422"/><temp name="T14"/><temp name="T2387"/></temps></instruction><instruction code="PUSHJ $16, T2387, 0"><temps name="use"><temp name="T2387"/></temps><temps name="def"/><temps name="in"><temp name="T422"/><temp name="T14"/><temp name="T2387"/></temps><temps name="out"><temp name="T422"/><temp name="T14"/></temps></instruction><instruction code="LDO T2388, $254, 0"><temps name="use"/><temps name="def"><temp name="T2388"/></temps><temps name="in"><temp name="T422"/><temp name="T14"/></temps><temps name="out"><temp name="T422"/><temp name="T2388"/><temp name="T14"/></temps></instruction><instruction code="OR T430, T2388, 0"><temps name="use"><temp name="T2388"/></temps><temps name="def"><temp name="T430"/></temps><temps name="in"><temp name="T422"/><temp name="T2388"/><temp name="T14"/></temps><temps name="out"><temp name="T422"/><temp name="T430"/><temp name="T14"/></temps></instruction><instruction code="ADD T2389, T422, T430"><temps name="use"><temp name="T422"/><temp name="T430"/></temps><temps name="def"><temp name="T2389"/></temps><temps name="in"><temp name="T422"/><temp name="T430"/><temp name="T14"/></temps><temps name="out"><temp name="T2389"/><temp name="T14"/></temps></instruction><instruction code="OR T431, T2389, 0"><temps name="use"><temp name="T2389"/></temps><temps name="def"><temp name="T431"/></temps><temps name="in"><temp name="T2389"/><temp name="T14"/></temps><temps name="out"><temp name="T431"/><temp name="T14"/></temps></instruction><instruction code="SETL  T2390, 8"><temps name="use"/><temps name="def"><temp name="T2390"/></temps><temps name="in"><temp name="T431"/><temp name="T14"/></temps><temps name="out"><temp name="T431"/><temp name="T14"/></temps></instruction><instruction code="INCML T2390, 0"><temps name="use"/><temps name="def"><temp name="T2390"/></temps><temps name="in"><temp name="T431"/><temp name="T14"/></temps><temps name="out"><temp name="T431"/><temp name="T14"/></temps></instruction><instruction code="INCMH T2390, 0"><temps name="use"/><temps name="def"><temp name="T2390"/></temps><temps name="in"><temp name="T431"/><temp name="T14"/></temps><temps name="out"><temp name="T431"/><temp name="T14"/></temps></instruction><instruction code="INCH  T2390, 0"><temps name="use"/><temps name="def"><temp name="T2390"/></temps><temps name="in"><temp name="T431"/><temp name="T14"/></temps><temps name="out"><temp name="T431"/><temp name="T14"/><temp name="T2390"/></temps></instruction><instruction code="NEG T2390, 0, T2390"><temps name="use"><temp name="T2390"/></temps><temps name="def"><temp name="T2390"/></temps><temps name="in"><temp name="T431"/><temp name="T14"/><temp name="T2390"/></temps><temps name="out"><temp name="T431"/><temp name="T14"/><temp name="T2390"/></temps></instruction><instruction code="ADD T2391, T14, T2390"><temps name="use"><temp name="T14"/><temp name="T2390"/></temps><temps name="def"><temp name="T2391"/></temps><temps name="in"><temp name="T431"/><temp name="T14"/><temp name="T2390"/></temps><temps name="out"><temp name="T431"/><temp name="T2391"/><temp name="T14"/></temps></instruction><instruction code="STO T2391, T431, 0"><temps name="use"><temp name="T2391"/><temp name="T431"/></temps><temps name="def"/><temps name="in"><temp name="T431"/><temp name="T2391"/><temp name="T14"/></temps><temps name="out"><temp name="T14"/></temps></instruction><instruction code="L38"><temps name="use"/><temps name="def"/><temps name="in"><temp name="T14"/></temps><temps name="out"><temp name="T14"/></temps></instruction><instruction code="OR T432, T14, 0"><temps name="use"><temp name="T14"/></temps><temps name="def"><temp name="T432"/></temps><temps name="in"><temp name="T14"/></temps><temps name="out"><temp name="T432"/></temps></instruction><instruction code="SETL  T2393, 8"><temps name="use"/><temps name="def"><temp name="T2393"/></temps><temps name="in"><temp name="T432"/></temps><temps name="out"><temp name="T432"/></temps></instruction><instruction code="INCML T2393, 0"><temps name="use"/><temps name="def"><temp name="T2393"/></temps><temps name="in"><temp name="T432"/></temps><temps name="out"><temp name="T432"/></temps></instruction><instruction code="INCMH T2393, 0"><temps name="use"/><temps name="def"><temp name="T2393"/></temps><temps name="in"><temp name="T432"/></temps><temps name="out"><temp name="T432"/></temps></instruction><instruction code="INCH  T2393, 0"><temps name="use"/><temps name="def"><temp name="T2393"/></temps><temps name="in"><temp name="T432"/></temps><temps name="out"><temp name="T2393"/><temp name="T432"/></temps></instruction><instruction code="NEG T2393, 0, T2393"><temps name="use"><temp name="T2393"/></temps><temps name="def"><temp name="T2393"/></temps><temps name="in"><temp name="T2393"/><temp name="T432"/></temps><temps name="out"><temp name="T2393"/><temp name="T432"/></temps></instruction><instruction code="OR T433, T2393, 0"><temps name="use"><temp name="T2393"/></temps><temps name="def"><temp name="T433"/></temps><temps name="in"><temp name="T2393"/><temp name="T432"/></temps><temps name="out"><temp name="T433"/><temp name="T432"/></temps></instruction><instruction code="ADD T2394, T432, T433"><temps name="use"><temp name="T432"/><temp name="T433"/></temps><temps name="def"><temp name="T2394"/></temps><temps name="in"><temp name="T433"/><temp name="T432"/></temps><temps name="out"><temp name="T2394"/></temps></instruction><instruction code="OR T434, T2394, 0"><temps name="use"><temp name="T2394"/></temps><temps name="def"><temp name="T434"/></temps><temps name="in"><temp name="T2394"/></temps><temps name="out"><temp name="T434"/></temps></instruction><instruction code="OR T435, T434, 0"><temps name="use"><temp name="T434"/></temps><temps name="def"><temp name="T435"/></temps><temps name="in"><temp name="T434"/></temps><temps name="out"><temp name="T435"/></temps></instruction><instruction code="OR T15, T435, 0"><temps name="use"><temp name="T435"/></temps><temps name="def"><temp name="T15"/></temps><temps name="in"><temp name="T435"/></temps><temps name="out"/></instruction><instruction code="LDA T2396, L123"><temps name="use"/><temps name="def"><temp name="T2396"/></temps><temps name="in"/><temps name="out"><temp name="T2396"/></temps></instruction><instruction code="GO T2396, T2396, 0"><temps name="use"><temp name="T2396"/></temps><temps name="def"><temp name="T2396"/></temps><temps name="in"><temp name="T2396"/></temps><temps name="out"/></instruction></instructions></code><code entrylabel="L127" exitlabel="L128" tempsize="0"><frame FP="T18" RV="T19" argssize="16" depth="2" label="L0" locssize="8" size="40"/><instructions><instruction code="L127"><temps name="use"/><temps name="def"/><temps name="in"><temp name="T18"/></temps><temps name="out"><temp name="T18"/></temps></instruction><instruction code="OR T436, T18, 0"><temps name="use"><temp name="T18"/></temps><temps name="def"><temp name="T436"/></temps><temps name="in"><temp name="T18"/></temps><temps name="out"><temp name="T18"/><temp name="T436"/></temps></instruction><instruction code="SETL  T2397, 8"><temps name="use"/><temps name="def"><temp name="T2397"/></temps><temps name="in"><temp name="T18"/><temp name="T436"/></temps><temps name="out"><temp name="T18"/><temp name="T436"/></temps></instruction><instruction code="INCML T2397, 0"><temps name="use"/><temps name="def"><temp name="T2397"/></temps><temps name="in"><temp name="T18"/><temp name="T436"/></temps><temps name="out"><temp name="T18"/><temp name="T436"/></temps></instruction><instruction code="INCMH T2397, 0"><temps name="use"/><temps name="def"><temp name="T2397"/></temps><temps name="in"><temp name="T18"/><temp name="T436"/></temps><temps name="out"><temp name="T18"/><temp name="T436"/></temps></instruction><instruction code="INCH  T2397, 0"><temps name="use"/><temps name="def"><temp name="T2397"/></temps><temps name="in"><temp name="T18"/><temp name="T436"/></temps><temps name="out"><temp name="T18"/><temp name="T436"/><temp name="T2397"/></temps></instruction><instruction code="OR T437, T2397, 0"><temps name="use"><temp name="T2397"/></temps><temps name="def"><temp name="T437"/></temps><temps name="in"><temp name="T18"/><temp name="T436"/><temp name="T2397"/></temps><temps name="out"><temp name="T18"/><temp name="T436"/><temp name="T437"/></temps></instruction><instruction code="ADD T2398, T436, T437"><temps name="use"><temp name="T436"/><temp name="T437"/></temps><temps name="def"><temp name="T2398"/></temps><temps name="in"><temp name="T18"/><temp name="T436"/><temp name="T437"/></temps><temps name="out"><temp name="T18"/><temp name="T2398"/></temps></instruction><instruction code="OR T438, T2398, 0"><temps name="use"><temp name="T2398"/></temps><temps name="def"><temp name="T438"/></temps><temps name="in"><temp name="T18"/><temp name="T2398"/></temps><temps name="out"><temp name="T18"/><temp name="T438"/></temps></instruction><instruction code="OR T439, T438, 0"><temps name="use"><temp name="T438"/></temps><temps name="def"><temp name="T439"/></temps><temps name="in"><temp name="T18"/><temp name="T438"/></temps><temps name="out"><temp name="T439"/><temp name="T18"/></temps></instruction><instruction code="OR T440, T18, 0"><temps name="use"><temp name="T18"/></temps><temps name="def"><temp name="T440"/></temps><temps name="in"><temp name="T439"/><temp name="T18"/></temps><temps name="out"><temp name="T439"/><temp name="T18"/><temp name="T440"/></temps></instruction><instruction code="OR T441, T440, 0"><temps name="use"><temp name="T440"/></temps><temps name="def"><temp name="T441"/></temps><temps name="in"><temp name="T439"/><temp name="T18"/><temp name="T440"/></temps><temps name="out"><temp name="T439"/><temp name="T18"/><temp name="T441"/></temps></instruction><instruction code="SETL  T2401, 8"><temps name="use"/><temps name="def"><temp name="T2401"/></temps><temps name="in"><temp name="T439"/><temp name="T18"/><temp name="T441"/></temps><temps name="out"><temp name="T439"/><temp name="T18"/><temp name="T441"/></temps></instruction><instruction code="INCML T2401, 0"><temps name="use"/><temps name="def"><temp name="T2401"/></temps><temps name="in"><temp name="T439"/><temp name="T18"/><temp name="T441"/></temps><temps name="out"><temp name="T439"/><temp name="T18"/><temp name="T441"/></temps></instruction><instruction code="INCMH T2401, 0"><temps name="use"/><temps name="def"><temp name="T2401"/></temps><temps name="in"><temp name="T439"/><temp name="T18"/><temp name="T441"/></temps><temps name="out"><temp name="T439"/><temp name="T18"/><temp name="T441"/></temps></instruction><instruction code="INCH  T2401, 0"><temps name="use"/><temps name="def"><temp name="T2401"/></temps><temps name="in"><temp name="T439"/><temp name="T18"/><temp name="T441"/></temps><temps name="out"><temp name="T439"/><temp name="T18"/><temp name="T441"/><temp name="T2401"/></temps></instruction><instruction code="OR T442, T2401, 0"><temps name="use"><temp name="T2401"/></temps><temps name="def"><temp name="T442"/></temps><temps name="in"><temp name="T439"/><temp name="T18"/><temp name="T441"/><temp name="T2401"/></temps><temps name="out"><temp name="T439"/><temp name="T18"/><temp name="T441"/><temp name="T442"/></temps></instruction><instruction code="ADD T2402, T441, T442"><temps name="use"><temp name="T441"/><temp name="T442"/></temps><temps name="def"><temp name="T2402"/></temps><temps name="in"><temp name="T439"/><temp name="T18"/><temp name="T441"/><temp name="T442"/></temps><temps name="out"><temp name="T439"/><temp name="T18"/><temp name="T2402"/></temps></instruction><instruction code="OR T443, T2402, 0"><temps name="use"><temp name="T2402"/></temps><temps name="def"><temp name="T443"/></temps><temps name="in"><temp name="T439"/><temp name="T18"/><temp name="T2402"/></temps><temps name="out"><temp name="T439"/><temp name="T18"/><temp name="T443"/></temps></instruction><instruction code="OR T444, T443, 0"><temps name="use"><temp name="T443"/></temps><temps name="def"><temp name="T444"/></temps><temps name="in"><temp name="T439"/><temp name="T18"/><temp name="T443"/></temps><temps name="out"><temp name="T439"/><temp name="T18"/><temp name="T444"/></temps></instruction><instruction code="CMP T2404, T439, T444"><temps name="use"><temp name="T439"/><temp name="T444"/></temps><temps name="def"><temp name="T2404"/></temps><temps name="in"><temp name="T439"/><temp name="T18"/><temp name="T444"/></temps><temps name="out"><temp name="T18"/><temp name="T2404"/></temps></instruction><instruction code="ZSZ T2404, T2404, 1"><temps name="use"><temp name="T2404"/></temps><temps name="def"><temp name="T2404"/></temps><temps name="in"><temp name="T18"/><temp name="T2404"/></temps><temps name="out"><temp name="T18"/><temp name="T2404"/></temps></instruction><instruction code="OR T445, T2404, 0"><temps name="use"><temp name="T2404"/></temps><temps name="def"><temp name="T445"/></temps><temps name="in"><temp name="T18"/><temp name="T2404"/></temps><temps name="out"><temp name="T18"/><temp name="T445"/></temps></instruction><instruction code="BNZ T445, L45"><temps name="use"><temp name="T445"/></temps><temps name="def"/><temps name="in"><temp name="T18"/><temp name="T445"/></temps><temps name="out"><temp name="T18"/></temps></instruction><instruction code="L124"><temps name="use"/><temps name="def"/><temps name="in"><temp name="T18"/></temps><temps name="out"><temp name="T18"/></temps></instruction><instruction code="LDA T2405, L46"><temps name="use"/><temps name="def"><temp name="T2405"/></temps><temps name="in"><temp name="T18"/></temps><temps name="out"><temp name="T18"/><temp name="T2405"/></temps></instruction><instruction code="GO T2405, T2405, 0"><temps name="use"><temp name="T2405"/></temps><temps name="def"><temp name="T2405"/></temps><temps name="in"><temp name="T18"/><temp name="T2405"/></temps><temps name="out"><temp name="T18"/></temps></instruction><instruction code="L45"><temps name="use"/><temps name="def"/><temps name="in"><temp name="T18"/></temps><temps name="out"><temp name="T18"/></temps></instruction><instruction code="SETL  T2406, 0"><temps name="use"/><temps name="def"><temp name="T2406"/></temps><temps name="in"><temp name="T18"/></temps><temps name="out"><temp name="T18"/></temps></instruction><instruction code="INCML T2406, 0"><temps name="use"/><temps name="def"><temp name="T2406"/></temps><temps name="in"><temp name="T18"/></temps><temps name="out"><temp name="T18"/></temps></instruction><instruction code="INCMH T2406, 0"><temps name="use"/><temps name="def"><temp name="T2406"/></temps><temps name="in"><temp name="T18"/></temps><temps name="out"><temp name="T18"/></temps></instruction><instruction code="INCH  T2406, 0"><temps name="use"/><temps name="def"><temp name="T2406"/></temps><temps name="in"><temp name="T18"/></temps><temps name="out"><temp name="T18"/><temp name="T2406"/></temps></instruction><instruction code="OR T446, T2406, 0"><temps name="use"><temp name="T2406"/></temps><temps name="def"><temp name="T446"/></temps><temps name="in"><temp name="T18"/><temp name="T2406"/></temps><temps name="out"><temp name="T18"/><temp name="T446"/></temps></instruction><instruction code="SETL  T2407, 8"><temps name="use"/><temps name="def"><temp name="T2407"/></temps><temps name="in"><temp name="T18"/><temp name="T446"/></temps><temps name="out"><temp name="T18"/><temp name="T446"/></temps></instruction><instruction code="INCML T2407, 0"><temps name="use"/><temps name="def"><temp name="T2407"/></temps><temps name="in"><temp name="T18"/><temp name="T446"/></temps><temps name="out"><temp name="T18"/><temp name="T446"/></temps></instruction><instruction code="INCMH T2407, 0"><temps name="use"/><temps name="def"><temp name="T2407"/></temps><temps name="in"><temp name="T18"/><temp name="T446"/></temps><temps name="out"><temp name="T18"/><temp name="T446"/></temps></instruction><instruction code="INCH  T2407, 0"><temps name="use"/><temps name="def"><temp name="T2407"/></temps><temps name="in"><temp name="T18"/><temp name="T446"/></temps><temps name="out"><temp name="T18"/><temp name="T2407"/><temp name="T446"/></temps></instruction><instruction code="NEG T2407, 0, T2407"><temps name="use"><temp name="T2407"/></temps><temps name="def"><temp name="T2407"/></temps><temps name="in"><temp name="T18"/><temp name="T2407"/><temp name="T446"/></temps><temps name="out"><temp name="T18"/><temp name="T2407"/><temp name="T446"/></temps></instruction><instruction code="ADD T2408, T18, T2407"><temps name="use"><temp name="T18"/><temp name="T2407"/></temps><temps name="def"><temp name="T2408"/></temps><temps name="in"><temp name="T18"/><temp name="T2407"/><temp name="T446"/></temps><temps name="out"><temp name="T18"/><temp name="T446"/><temp name="T2408"/></temps></instruction><instruction code="STO T2408, T446, 0"><temps name="use"><temp name="T2408"/><temp name="T446"/></temps><temps name="def"/><temps name="in"><temp name="T18"/><temp name="T446"/><temp name="T2408"/></temps><temps name="out"><temp name="T18"/></temps></instruction><instruction code="L39"><temps name="use"/><temps name="def"/><temps name="in"><temp name="T18"/></temps><temps name="out"><temp name="T18"/></temps></instruction><instruction code="OR T447, T18, 0"><temps name="use"><temp name="T18"/></temps><temps name="def"><temp name="T447"/></temps><temps name="in"><temp name="T18"/></temps><temps name="out"><temp name="T18"/><temp name="T447"/></temps></instruction><instruction code="SETL  T2410, 8"><temps name="use"/><temps name="def"><temp name="T2410"/></temps><temps name="in"><temp name="T18"/><temp name="T447"/></temps><temps name="out"><temp name="T18"/><temp name="T447"/></temps></instruction><instruction code="INCML T2410, 0"><temps name="use"/><temps name="def"><temp name="T2410"/></temps><temps name="in"><temp name="T18"/><temp name="T447"/></temps><temps name="out"><temp name="T18"/><temp name="T447"/></temps></instruction><instruction code="INCMH T2410, 0"><temps name="use"/><temps name="def"><temp name="T2410"/></temps><temps name="in"><temp name="T18"/><temp name="T447"/></temps><temps name="out"><temp name="T18"/><temp name="T447"/></temps></instruction><instruction code="INCH  T2410, 0"><temps name="use"/><temps name="def"><temp name="T2410"/></temps><temps name="in"><temp name="T18"/><temp name="T447"/></temps><temps name="out"><temp name="T18"/><temp name="T2410"/><temp name="T447"/></temps></instruction><instruction code="NEG T2410, 0, T2410"><temps name="use"><temp name="T2410"/></temps><temps name="def"><temp name="T2410"/></temps><temps name="in"><temp name="T18"/><temp name="T2410"/><temp name="T447"/></temps><temps name="out"><temp name="T18"/><temp name="T2410"/><temp name="T447"/></temps></instruction><instruction code="OR T448, T2410, 0"><temps name="use"><temp name="T2410"/></temps><temps name="def"><temp name="T448"/></temps><temps name="in"><temp name="T18"/><temp name="T2410"/><temp name="T447"/></temps><temps name="out"><temp name="T18"/><temp name="T447"/><temp name="T448"/></temps></instruction><instruction code="ADD T2411, T447, T448"><temps name="use"><temp name="T447"/><temp name="T448"/></temps><temps name="def"><temp name="T2411"/></temps><temps name="in"><temp name="T18"/><temp name="T447"/><temp name="T448"/></temps><temps name="out"><temp name="T18"/><temp name="T2411"/></temps></instruction><instruction code="OR T449, T2411, 0"><temps name="use"><temp name="T2411"/></temps><temps name="def"><temp name="T449"/></temps><temps name="in"><temp name="T18"/><temp name="T2411"/></temps><temps name="out"><temp name="T18"/><temp name="T449"/></temps></instruction><instruction code="OR T450, T449, 0"><temps name="use"><temp name="T449"/></temps><temps name="def"><temp name="T450"/></temps><temps name="in"><temp name="T18"/><temp name="T449"/></temps><temps name="out"><temp name="T18"/><temp name="T450"/></temps></instruction><instruction code="OR T451, T18, 0"><temps name="use"><temp name="T18"/></temps><temps name="def"><temp name="T451"/></temps><temps name="in"><temp name="T18"/><temp name="T450"/></temps><temps name="out"><temp name="T451"/><temp name="T18"/><temp name="T450"/></temps></instruction><instruction code="OR T452, T451, 0"><temps name="use"><temp name="T451"/></temps><temps name="def"><temp name="T452"/></temps><temps name="in"><temp name="T451"/><temp name="T18"/><temp name="T450"/></temps><temps name="out"><temp name="T18"/><temp name="T450"/><temp name="T452"/></temps></instruction><instruction code="SETL  T2414, 8"><temps name="use"/><temps name="def"><temp name="T2414"/></temps><temps name="in"><temp name="T18"/><temp name="T450"/><temp name="T452"/></temps><temps name="out"><temp name="T18"/><temp name="T450"/><temp name="T452"/></temps></instruction><instruction code="INCML T2414, 0"><temps name="use"/><temps name="def"><temp name="T2414"/></temps><temps name="in"><temp name="T18"/><temp name="T450"/><temp name="T452"/></temps><temps name="out"><temp name="T18"/><temp name="T450"/><temp name="T452"/></temps></instruction><instruction code="INCMH T2414, 0"><temps name="use"/><temps name="def"><temp name="T2414"/></temps><temps name="in"><temp name="T18"/><temp name="T450"/><temp name="T452"/></temps><temps name="out"><temp name="T18"/><temp name="T450"/><temp name="T452"/></temps></instruction><instruction code="INCH  T2414, 0"><temps name="use"/><temps name="def"><temp name="T2414"/></temps><temps name="in"><temp name="T18"/><temp name="T450"/><temp name="T452"/></temps><temps name="out"><temp name="T18"/><temp name="T450"/><temp name="T2414"/><temp name="T452"/></temps></instruction><instruction code="OR T453, T2414, 0"><temps name="use"><temp name="T2414"/></temps><temps name="def"><temp name="T453"/></temps><temps name="in"><temp name="T18"/><temp name="T450"/><temp name="T2414"/><temp name="T452"/></temps><temps name="out"><temp name="T18"/><temp name="T453"/><temp name="T450"/><temp name="T452"/></temps></instruction><instruction code="ADD T2415, T452, T453"><temps name="use"><temp name="T452"/><temp name="T453"/></temps><temps name="def"><temp name="T2415"/></temps><temps name="in"><temp name="T18"/><temp name="T453"/><temp name="T450"/><temp name="T452"/></temps><temps name="out"><temp name="T18"/><temp name="T2415"/><temp name="T450"/></temps></instruction><instruction code="OR T454, T2415, 0"><temps name="use"><temp name="T2415"/></temps><temps name="def"><temp name="T454"/></temps><temps name="in"><temp name="T18"/><temp name="T2415"/><temp name="T450"/></temps><temps name="out"><temp name="T18"/><temp name="T454"/><temp name="T450"/></temps></instruction><instruction code="OR T455, T454, 0"><temps name="use"><temp name="T454"/></temps><temps name="def"><temp name="T455"/></temps><temps name="in"><temp name="T18"/><temp name="T454"/><temp name="T450"/></temps><temps name="out"><temp name="T18"/><temp name="T455"/><temp name="T450"/></temps></instruction><instruction code="CMP T2417, T450, T455"><temps name="use"><temp name="T450"/><temp name="T455"/></temps><temps name="def"><temp name="T2417"/></temps><temps name="in"><temp name="T18"/><temp name="T455"/><temp name="T450"/></temps><temps name="out"><temp name="T18"/><temp name="T2417"/></temps></instruction><instruction code="ZSN T2417, T2417, 1"><temps name="use"><temp name="T2417"/></temps><temps name="def"><temp name="T2417"/></temps><temps name="in"><temp name="T18"/><temp name="T2417"/></temps><temps name="out"><temp name="T18"/><temp name="T2417"/></temps></instruction><instruction code="OR T456, T2417, 0"><temps name="use"><temp name="T2417"/></temps><temps name="def"><temp name="T456"/></temps><temps name="in"><temp name="T18"/><temp name="T2417"/></temps><temps name="out"><temp name="T18"/><temp name="T456"/></temps></instruction><instruction code="BNZ T456, L40"><temps name="use"><temp name="T456"/></temps><temps name="def"/><temps name="in"><temp name="T18"/><temp name="T456"/></temps><temps name="out"><temp name="T18"/></temps></instruction><instruction code="L125"><temps name="use"/><temps name="def"/><temps name="in"><temp name="T18"/></temps><temps name="out"><temp name="T18"/></temps></instruction><instruction code="LDA T2418, L41"><temps name="use"/><temps name="def"><temp name="T2418"/></temps><temps name="in"><temp name="T18"/></temps><temps name="out"><temp name="T18"/><temp name="T2418"/></temps></instruction><instruction code="GO T2418, T2418, 0"><temps name="use"><temp name="T2418"/></temps><temps name="def"><temp name="T2418"/></temps><temps name="in"><temp name="T18"/><temp name="T2418"/></temps><temps name="out"><temp name="T18"/></temps></instruction><instruction code="L40"><temps name="use"/><temps name="def"/><temps name="in"><temp name="T18"/></temps><temps name="out"><temp name="T18"/></temps></instruction><instruction code="SETL  T2419, 0"><temps name="use"/><temps name="def"><temp name="T2419"/></temps><temps name="in"><temp name="T18"/></temps><temps name="out"><temp name="T18"/></temps></instruction><instruction code="INCML T2419, 0"><temps name="use"/><temps name="def"><temp name="T2419"/></temps><temps name="in"><temp name="T18"/></temps><temps name="out"><temp name="T18"/></temps></instruction><instruction code="INCMH T2419, 0"><temps name="use"/><temps name="def"><temp name="T2419"/></temps><temps name="in"><temp name="T18"/></temps><temps name="out"><temp name="T18"/></temps></instruction><instruction code="INCH  T2419, 0"><temps name="use"/><temps name="def"><temp name="T2419"/></temps><temps name="in"><temp name="T18"/></temps><temps name="out"><temp name="T18"/><temp name="T2419"/></temps></instruction><instruction code="OR T457, T2419, 0"><temps name="use"><temp name="T2419"/></temps><temps name="def"><temp name="T457"/></temps><temps name="in"><temp name="T18"/><temp name="T2419"/></temps><temps name="out"><temp name="T18"/><temp name="T457"/></temps></instruction><instruction code="OR T458, T18, 0"><temps name="use"><temp name="T18"/></temps><temps name="def"><temp name="T458"/></temps><temps name="in"><temp name="T18"/><temp name="T457"/></temps><temps name="out"><temp name="T18"/><temp name="T457"/><temp name="T458"/></temps></instruction><instruction code="OR T459, T458, 0"><temps name="use"><temp name="T458"/></temps><temps name="def"><temp name="T459"/></temps><temps name="in"><temp name="T18"/><temp name="T457"/><temp name="T458"/></temps><temps name="out"><temp name="T18"/><temp name="T459"/><temp name="T457"/></temps></instruction><instruction code="SETL  T2421, 800"><temps name="use"/><temps name="def"><temp name="T2421"/></temps><temps name="in"><temp name="T18"/><temp name="T459"/><temp name="T457"/></temps><temps name="out"><temp name="T18"/><temp name="T459"/><temp name="T457"/></temps></instruction><instruction code="INCML T2421, 0"><temps name="use"/><temps name="def"><temp name="T2421"/></temps><temps name="in"><temp name="T18"/><temp name="T459"/><temp name="T457"/></temps><temps name="out"><temp name="T18"/><temp name="T459"/><temp name="T457"/></temps></instruction><instruction code="INCMH T2421, 0"><temps name="use"/><temps name="def"><temp name="T2421"/></temps><temps name="in"><temp name="T18"/><temp name="T459"/><temp name="T457"/></temps><temps name="out"><temp name="T18"/><temp name="T459"/><temp name="T457"/></temps></instruction><instruction code="INCH  T2421, 0"><temps name="use"/><temps name="def"><temp name="T2421"/></temps><temps name="in"><temp name="T18"/><temp name="T459"/><temp name="T457"/></temps><temps name="out"><temp name="T18"/><temp name="T459"/><temp name="T457"/><temp name="T2421"/></temps></instruction><instruction code="NEG T2421, 0, T2421"><temps name="use"><temp name="T2421"/></temps><temps name="def"><temp name="T2421"/></temps><temps name="in"><temp name="T18"/><temp name="T459"/><temp name="T457"/><temp name="T2421"/></temps><temps name="out"><temp name="T18"/><temp name="T459"/><temp name="T457"/><temp name="T2421"/></temps></instruction><instruction code="OR T460, T2421, 0"><temps name="use"><temp name="T2421"/></temps><temps name="def"><temp name="T460"/></temps><temps name="in"><temp name="T18"/><temp name="T459"/><temp name="T457"/><temp name="T2421"/></temps><temps name="out"><temp name="T18"/><temp name="T459"/><temp name="T457"/><temp name="T460"/></temps></instruction><instruction code="ADD T2422, T459, T460"><temps name="use"><temp name="T459"/><temp name="T460"/></temps><temps name="def"><temp name="T2422"/></temps><temps name="in"><temp name="T18"/><temp name="T459"/><temp name="T457"/><temp name="T460"/></temps><temps name="out"><temp name="T18"/><temp name="T457"/><temp name="T2422"/></temps></instruction><instruction code="OR T461, T2422, 0"><temps name="use"><temp name="T2422"/></temps><temps name="def"><temp name="T461"/></temps><temps name="in"><temp name="T18"/><temp name="T457"/><temp name="T2422"/></temps><temps name="out"><temp name="T18"/><temp name="T461"/><temp name="T457"/></temps></instruction><instruction code="OR T462, T18, 0"><temps name="use"><temp name="T18"/></temps><temps name="def"><temp name="T462"/></temps><temps name="in"><temp name="T18"/><temp name="T461"/><temp name="T457"/></temps><temps name="out"><temp name="T461"/><temp name="T18"/><temp name="T457"/><temp name="T462"/></temps></instruction><instruction code="SETL  T2423, 8"><temps name="use"/><temps name="def"><temp name="T2423"/></temps><temps name="in"><temp name="T461"/><temp name="T18"/><temp name="T457"/><temp name="T462"/></temps><temps name="out"><temp name="T461"/><temp name="T18"/><temp name="T457"/><temp name="T462"/></temps></instruction><instruction code="INCML T2423, 0"><temps name="use"/><temps name="def"><temp name="T2423"/></temps><temps name="in"><temp name="T461"/><temp name="T18"/><temp name="T457"/><temp name="T462"/></temps><temps name="out"><temp name="T461"/><temp name="T18"/><temp name="T457"/><temp name="T462"/></temps></instruction><instruction code="INCMH T2423, 0"><temps name="use"/><temps name="def"><temp name="T2423"/></temps><temps name="in"><temp name="T461"/><temp name="T18"/><temp name="T457"/><temp name="T462"/></temps><temps name="out"><temp name="T461"/><temp name="T18"/><temp name="T457"/><temp name="T462"/></temps></instruction><instruction code="INCH  T2423, 0"><temps name="use"/><temps name="def"><temp name="T2423"/></temps><temps name="in"><temp name="T461"/><temp name="T18"/><temp name="T457"/><temp name="T462"/></temps><temps name="out"><temp name="T461"/><temp name="T18"/><temp name="T2423"/><temp name="T457"/><temp name="T462"/></temps></instruction><instruction code="NEG T2423, 0, T2423"><temps name="use"><temp name="T2423"/></temps><temps name="def"><temp name="T2423"/></temps><temps name="in"><temp name="T461"/><temp name="T18"/><temp name="T2423"/><temp name="T457"/><temp name="T462"/></temps><temps name="out"><temp name="T461"/><temp name="T18"/><temp name="T2423"/><temp name="T457"/><temp name="T462"/></temps></instruction><instruction code="OR T463, T2423, 0"><temps name="use"><temp name="T2423"/></temps><temps name="def"><temp name="T463"/></temps><temps name="in"><temp name="T461"/><temp name="T18"/><temp name="T2423"/><temp name="T457"/><temp name="T462"/></temps><temps name="out"><temp name="T461"/><temp name="T18"/><temp name="T457"/><temp name="T463"/><temp name="T462"/></temps></instruction><instruction code="ADD T2424, T462, T463"><temps name="use"><temp name="T462"/><temp name="T463"/></temps><temps name="def"><temp name="T2424"/></temps><temps name="in"><temp name="T461"/><temp name="T18"/><temp name="T457"/><temp name="T463"/><temp name="T462"/></temps><temps name="out"><temp name="T461"/><temp name="T18"/><temp name="T457"/><temp name="T2424"/></temps></instruction><instruction code="OR T464, T2424, 0"><temps name="use"><temp name="T2424"/></temps><temps name="def"><temp name="T464"/></temps><temps name="in"><temp name="T461"/><temp name="T18"/><temp name="T457"/><temp name="T2424"/></temps><temps name="out"><temp name="T461"/><temp name="T18"/><temp name="T464"/><temp name="T457"/></temps></instruction><instruction code="OR T465, T464, 0"><temps name="use"><temp name="T464"/></temps><temps name="def"><temp name="T465"/></temps><temps name="in"><temp name="T461"/><temp name="T18"/><temp name="T464"/><temp name="T457"/></temps><temps name="out"><temp name="T461"/><temp name="T18"/><temp name="T457"/><temp name="T465"/></temps></instruction><instruction code="SETL  T2426, 8"><temps name="use"/><temps name="def"><temp name="T2426"/></temps><temps name="in"><temp name="T461"/><temp name="T18"/><temp name="T457"/><temp name="T465"/></temps><temps name="out"><temp name="T461"/><temp name="T18"/><temp name="T457"/><temp name="T465"/></temps></instruction><instruction code="INCML T2426, 0"><temps name="use"/><temps name="def"><temp name="T2426"/></temps><temps name="in"><temp name="T461"/><temp name="T18"/><temp name="T457"/><temp name="T465"/></temps><temps name="out"><temp name="T461"/><temp name="T18"/><temp name="T457"/><temp name="T465"/></temps></instruction><instruction code="INCMH T2426, 0"><temps name="use"/><temps name="def"><temp name="T2426"/></temps><temps name="in"><temp name="T461"/><temp name="T18"/><temp name="T457"/><temp name="T465"/></temps><temps name="out"><temp name="T461"/><temp name="T18"/><temp name="T457"/><temp name="T465"/></temps></instruction><instruction code="INCH  T2426, 0"><temps name="use"/><temps name="def"><temp name="T2426"/></temps><temps name="in"><temp name="T461"/><temp name="T18"/><temp name="T457"/><temp name="T465"/></temps><temps name="out"><temp name="T461"/><temp name="T18"/><temp name="T457"/><temp name="T2426"/><temp name="T465"/></temps></instruction><instruction code="OR T466, T2426, 0"><temps name="use"><temp name="T2426"/></temps><temps name="def"><temp name="T466"/></temps><temps name="in"><temp name="T461"/><temp name="T18"/><temp name="T457"/><temp name="T2426"/><temp name="T465"/></temps><temps name="out"><temp name="T461"/><temp name="T18"/><temp name="T466"/><temp name="T457"/><temp name="T465"/></temps></instruction><instruction code="MUL T2427, T465, T466"><temps name="use"><temp name="T465"/><temp name="T466"/></temps><temps name="def"><temp name="T2427"/></temps><temps name="in"><temp name="T461"/><temp name="T18"/><temp name="T466"/><temp name="T457"/><temp name="T465"/></temps><temps name="out"><temp name="T461"/><temp name="T18"/><temp name="T457"/><temp name="T2427"/></temps></instruction><instruction code="OR T467, T2427, 0"><temps name="use"><temp name="T2427"/></temps><temps name="def"><temp name="T467"/></temps><temps name="in"><temp name="T461"/><temp name="T18"/><temp name="T457"/><temp name="T2427"/></temps><temps name="out"><temp name="T461"/><temp name="T18"/><temp name="T457"/><temp name="T467"/></temps></instruction><instruction code="ADD T2428, T461, T467"><temps name="use"><temp name="T461"/><temp name="T467"/></temps><temps name="def"><temp name="T2428"/></temps><temps name="in"><temp name="T461"/><temp name="T18"/><temp name="T457"/><temp name="T467"/></temps><temps name="out"><temp name="T18"/><temp name="T457"/><temp name="T2428"/></temps></instruction><instruction code="OR T468, T2428, 0"><temps name="use"><temp name="T2428"/></temps><temps name="def"><temp name="T468"/></temps><temps name="in"><temp name="T18"/><temp name="T457"/><temp name="T2428"/></temps><temps name="out"><temp name="T18"/><temp name="T457"/><temp name="T468"/></temps></instruction><instruction code="OR T469, T468, 0"><temps name="use"><temp name="T468"/></temps><temps name="def"><temp name="T469"/></temps><temps name="in"><temp name="T18"/><temp name="T457"/><temp name="T468"/></temps><temps name="out"><temp name="T18"/><temp name="T457"/><temp name="T469"/></temps></instruction><instruction code="STO T457, $254, 8"><temps name="use"><temp name="T457"/></temps><temps name="def"/><temps name="in"><temp name="T18"/><temp name="T457"/><temp name="T469"/></temps><temps name="out"><temp name="T18"/><temp name="T469"/></temps></instruction><instruction code="STO T469, $254, 16"><temps name="use"><temp name="T469"/></temps><temps name="def"/><temps name="in"><temp name="T18"/><temp name="T469"/></temps><temps name="out"><temp name="T18"/></temps></instruction><instruction code="LDA T2430, _putInt"><temps name="use"/><temps name="def"><temp name="T2430"/></temps><temps name="in"><temp name="T18"/></temps><temps name="out"><temp name="T18"/><temp name="T2430"/></temps></instruction><instruction code="PUSHJ $16, T2430, 0"><temps name="use"><temp name="T2430"/></temps><temps name="def"/><temps name="in"><temp name="T18"/><temp name="T2430"/></temps><temps name="out"><temp name="T18"/></temps></instruction><instruction code="LDO T2431, $254, 0"><temps name="use"/><temps name="def"><temp name="T2431"/></temps><temps name="in"><temp name="T18"/></temps><temps name="out"><temp name="T18"/><temp name="T2431"/></temps></instruction><instruction code="OR T470, T2431, 0"><temps name="use"><temp name="T2431"/></temps><temps name="def"><temp name="T470"/></temps><temps name="in"><temp name="T18"/><temp name="T2431"/></temps><temps name="out"><temp name="T18"/></temps></instruction><instruction code="SETL  T2432, 0"><temps name="use"/><temps name="def"><temp name="T2432"/></temps><temps name="in"><temp name="T18"/></temps><temps name="out"><temp name="T18"/></temps></instruction><instruction code="INCML T2432, 0"><temps name="use"/><temps name="def"><temp name="T2432"/></temps><temps name="in"><temp name="T18"/></temps><temps name="out"><temp name="T18"/></temps></instruction><instruction code="INCMH T2432, 0"><temps name="use"/><temps name="def"><temp name="T2432"/></temps><temps name="in"><temp name="T18"/></temps><temps name="out"><temp name="T18"/></temps></instruction><instruction code="INCH  T2432, 0"><temps name="use"/><temps name="def"><temp name="T2432"/></temps><temps name="in"><temp name="T18"/></temps><temps name="out"><temp name="T18"/><temp name="T2432"/></temps></instruction><instruction code="OR T471, T2432, 0"><temps name="use"><temp name="T2432"/></temps><temps name="def"><temp name="T471"/></temps><temps name="in"><temp name="T18"/><temp name="T2432"/></temps><temps name="out"><temp name="T18"/><temp name="T471"/></temps></instruction><instruction code="SETL  T2433, 32"><temps name="use"/><temps name="def"><temp name="T2433"/></temps><temps name="in"><temp name="T18"/><temp name="T471"/></temps><temps name="out"><temp name="T18"/><temp name="T471"/></temps></instruction><instruction code="INCML T2433, 0"><temps name="use"/><temps name="def"><temp name="T2433"/></temps><temps name="in"><temp name="T18"/><temp name="T471"/></temps><temps name="out"><temp name="T18"/><temp name="T471"/></temps></instruction><instruction code="INCMH T2433, 0"><temps name="use"/><temps name="def"><temp name="T2433"/></temps><temps name="in"><temp name="T18"/><temp name="T471"/></temps><temps name="out"><temp name="T18"/><temp name="T471"/></temps></instruction><instruction code="INCH  T2433, 0"><temps name="use"/><temps name="def"><temp name="T2433"/></temps><temps name="in"><temp name="T18"/><temp name="T471"/></temps><temps name="out"><temp name="T18"/><temp name="T471"/><temp name="T2433"/></temps></instruction><instruction code="OR T472, T2433, 0"><temps name="use"><temp name="T2433"/></temps><temps name="def"><temp name="T472"/></temps><temps name="in"><temp name="T18"/><temp name="T471"/><temp name="T2433"/></temps><temps name="out"><temp name="T472"/><temp name="T18"/><temp name="T471"/></temps></instruction><instruction code="STO T471, $254, 8"><temps name="use"><temp name="T471"/></temps><temps name="def"/><temps name="in"><temp name="T472"/><temp name="T18"/><temp name="T471"/></temps><temps name="out"><temp name="T472"/><temp name="T18"/></temps></instruction><instruction code="STO T472, $254, 16"><temps name="use"><temp name="T472"/></temps><temps name="def"/><temps name="in"><temp name="T472"/><temp name="T18"/></temps><temps name="out"><temp name="T18"/></temps></instruction><instruction code="LDA T2434, _putChar"><temps name="use"/><temps name="def"><temp name="T2434"/></temps><temps name="in"><temp name="T18"/></temps><temps name="out"><temp name="T18"/><temp name="T2434"/></temps></instruction><instruction code="PUSHJ $16, T2434, 0"><temps name="use"><temp name="T2434"/></temps><temps name="def"/><temps name="in"><temp name="T18"/><temp name="T2434"/></temps><temps name="out"><temp name="T18"/></temps></instruction><instruction code="LDO T2435, $254, 0"><temps name="use"/><temps name="def"><temp name="T2435"/></temps><temps name="in"><temp name="T18"/></temps><temps name="out"><temp name="T18"/><temp name="T2435"/></temps></instruction><instruction code="OR T473, T2435, 0"><temps name="use"><temp name="T2435"/></temps><temps name="def"><temp name="T473"/></temps><temps name="in"><temp name="T18"/><temp name="T2435"/></temps><temps name="out"><temp name="T18"/></temps></instruction><instruction code="OR T474, T18, 0"><temps name="use"><temp name="T18"/></temps><temps name="def"><temp name="T474"/></temps><temps name="in"><temp name="T18"/></temps><temps name="out"><temp name="T18"/><temp name="T474"/></temps></instruction><instruction code="SETL  T2436, 8"><temps name="use"/><temps name="def"><temp name="T2436"/></temps><temps name="in"><temp name="T18"/><temp name="T474"/></temps><temps name="out"><temp name="T18"/><temp name="T474"/></temps></instruction><instruction code="INCML T2436, 0"><temps name="use"/><temps name="def"><temp name="T2436"/></temps><temps name="in"><temp name="T18"/><temp name="T474"/></temps><temps name="out"><temp name="T18"/><temp name="T474"/></temps></instruction><instruction code="INCMH T2436, 0"><temps name="use"/><temps name="def"><temp name="T2436"/></temps><temps name="in"><temp name="T18"/><temp name="T474"/></temps><temps name="out"><temp name="T18"/><temp name="T474"/></temps></instruction><instruction code="INCH  T2436, 0"><temps name="use"/><temps name="def"><temp name="T2436"/></temps><temps name="in"><temp name="T18"/><temp name="T474"/></temps><temps name="out"><temp name="T18"/><temp name="T2436"/><temp name="T474"/></temps></instruction><instruction code="NEG T2436, 0, T2436"><temps name="use"><temp name="T2436"/></temps><temps name="def"><temp name="T2436"/></temps><temps name="in"><temp name="T18"/><temp name="T2436"/><temp name="T474"/></temps><temps name="out"><temp name="T18"/><temp name="T2436"/><temp name="T474"/></temps></instruction><instruction code="OR T475, T2436, 0"><temps name="use"><temp name="T2436"/></temps><temps name="def"><temp name="T475"/></temps><temps name="in"><temp name="T18"/><temp name="T2436"/><temp name="T474"/></temps><temps name="out"><temp name="T18"/><temp name="T475"/><temp name="T474"/></temps></instruction><instruction code="ADD T2437, T474, T475"><temps name="use"><temp name="T474"/><temp name="T475"/></temps><temps name="def"><temp name="T2437"/></temps><temps name="in"><temp name="T18"/><temp name="T475"/><temp name="T474"/></temps><temps name="out"><temp name="T18"/><temp name="T2437"/></temps></instruction><instruction code="OR T476, T2437, 0"><temps name="use"><temp name="T2437"/></temps><temps name="def"><temp name="T476"/></temps><temps name="in"><temp name="T18"/><temp name="T2437"/></temps><temps name="out"><temp name="T18"/><temp name="T476"/></temps></instruction><instruction code="OR T477, T476, 0"><temps name="use"><temp name="T476"/></temps><temps name="def"><temp name="T477"/></temps><temps name="in"><temp name="T18"/><temp name="T476"/></temps><temps name="out"><temp name="T18"/><temp name="T477"/></temps></instruction><instruction code="SETL  T2439, 1"><temps name="use"/><temps name="def"><temp name="T2439"/></temps><temps name="in"><temp name="T18"/><temp name="T477"/></temps><temps name="out"><temp name="T18"/><temp name="T477"/></temps></instruction><instruction code="INCML T2439, 0"><temps name="use"/><temps name="def"><temp name="T2439"/></temps><temps name="in"><temp name="T18"/><temp name="T477"/></temps><temps name="out"><temp name="T18"/><temp name="T477"/></temps></instruction><instruction code="INCMH T2439, 0"><temps name="use"/><temps name="def"><temp name="T2439"/></temps><temps name="in"><temp name="T18"/><temp name="T477"/></temps><temps name="out"><temp name="T18"/><temp name="T477"/></temps></instruction><instruction code="INCH  T2439, 0"><temps name="use"/><temps name="def"><temp name="T2439"/></temps><temps name="in"><temp name="T18"/><temp name="T477"/></temps><temps name="out"><temp name="T18"/><temp name="T477"/><temp name="T2439"/></temps></instruction><instruction code="OR T478, T2439, 0"><temps name="use"><temp name="T2439"/></temps><temps name="def"><temp name="T478"/></temps><temps name="in"><temp name="T18"/><temp name="T477"/><temp name="T2439"/></temps><temps name="out"><temp name="T478"/><temp name="T18"/><temp name="T477"/></temps></instruction><instruction code="ADD T2440, T477, T478"><temps name="use"><temp name="T477"/><temp name="T478"/></temps><temps name="def"><temp name="T2440"/></temps><temps name="in"><temp name="T478"/><temp name="T18"/><temp name="T477"/></temps><temps name="out"><temp name="T18"/><temp name="T2440"/></temps></instruction><instruction code="OR T479, T2440, 0"><temps name="use"><temp name="T2440"/></temps><temps name="def"><temp name="T479"/></temps><temps name="in"><temp name="T18"/><temp name="T2440"/></temps><temps name="out"><temp name="T18"/><temp name="T479"/></temps></instruction><instruction code="SETL  T2441, 8"><temps name="use"/><temps name="def"><temp name="T2441"/></temps><temps name="in"><temp name="T18"/><temp name="T479"/></temps><temps name="out"><temp name="T18"/><temp name="T479"/></temps></instruction><instruction code="INCML T2441, 0"><temps name="use"/><temps name="def"><temp name="T2441"/></temps><temps name="in"><temp name="T18"/><temp name="T479"/></temps><temps name="out"><temp name="T18"/><temp name="T479"/></temps></instruction><instruction code="INCMH T2441, 0"><temps name="use"/><temps name="def"><temp name="T2441"/></temps><temps name="in"><temp name="T18"/><temp name="T479"/></temps><temps name="out"><temp name="T18"/><temp name="T479"/></temps></instruction><instruction code="INCH  T2441, 0"><temps name="use"/><temps name="def"><temp name="T2441"/></temps><temps name="in"><temp name="T18"/><temp name="T479"/></temps><temps name="out"><temp name="T18"/><temp name="T2441"/><temp name="T479"/></temps></instruction><instruction code="NEG T2441, 0, T2441"><temps name="use"><temp name="T2441"/></temps><temps name="def"><temp name="T2441"/></temps><temps name="in"><temp name="T18"/><temp name="T2441"/><temp name="T479"/></temps><temps name="out"><temp name="T18"/><temp name="T2441"/><temp name="T479"/></temps></instruction><instruction code="ADD T2442, T18, T2441"><temps name="use"><temp name="T18"/><temp name="T2441"/></temps><temps name="def"><temp name="T2442"/></temps><temps name="in"><temp name="T18"/><temp name="T2441"/><temp name="T479"/></temps><temps name="out"><temp name="T18"/><temp name="T2442"/><temp name="T479"/></temps></instruction><instruction code="STO T2442, T479, 0"><temps name="use"><temp name="T2442"/><temp name="T479"/></temps><temps name="def"/><temps name="in"><temp name="T18"/><temp name="T2442"/><temp name="T479"/></temps><temps name="out"><temp name="T18"/></temps></instruction><instruction code="LDA T2444, L39"><temps name="use"/><temps name="def"><temp name="T2444"/></temps><temps name="in"><temp name="T18"/></temps><temps name="out"><temp name="T18"/><temp name="T2444"/></temps></instruction><instruction code="GO T2444, T2444, 0"><temps name="use"><temp name="T2444"/></temps><temps name="def"><temp name="T2444"/></temps><temps name="in"><temp name="T18"/><temp name="T2444"/></temps><temps name="out"><temp name="T18"/></temps></instruction><instruction code="L41"><temps name="use"/><temps name="def"/><temps name="in"><temp name="T18"/></temps><temps name="out"><temp name="T18"/></temps></instruction><instruction code="SETL  T2445, 0"><temps name="use"/><temps name="def"><temp name="T2445"/></temps><temps name="in"><temp name="T18"/></temps><temps name="out"><temp name="T18"/></temps></instruction><instruction code="INCML T2445, 0"><temps name="use"/><temps name="def"><temp name="T2445"/></temps><temps name="in"><temp name="T18"/></temps><temps name="out"><temp name="T18"/></temps></instruction><instruction code="INCMH T2445, 0"><temps name="use"/><temps name="def"><temp name="T2445"/></temps><temps name="in"><temp name="T18"/></temps><temps name="out"><temp name="T18"/></temps></instruction><instruction code="INCH  T2445, 0"><temps name="use"/><temps name="def"><temp name="T2445"/></temps><temps name="in"><temp name="T18"/></temps><temps name="out"><temp name="T18"/><temp name="T2445"/></temps></instruction><instruction code="OR T480, T2445, 0"><temps name="use"><temp name="T2445"/></temps><temps name="def"><temp name="T480"/></temps><temps name="in"><temp name="T18"/><temp name="T2445"/></temps><temps name="out"><temp name="T18"/><temp name="T480"/></temps></instruction><instruction code="SETL  T2446, 10"><temps name="use"/><temps name="def"><temp name="T2446"/></temps><temps name="in"><temp name="T18"/><temp name="T480"/></temps><temps name="out"><temp name="T18"/><temp name="T480"/></temps></instruction><instruction code="INCML T2446, 0"><temps name="use"/><temps name="def"><temp name="T2446"/></temps><temps name="in"><temp name="T18"/><temp name="T480"/></temps><temps name="out"><temp name="T18"/><temp name="T480"/></temps></instruction><instruction code="INCMH T2446, 0"><temps name="use"/><temps name="def"><temp name="T2446"/></temps><temps name="in"><temp name="T18"/><temp name="T480"/></temps><temps name="out"><temp name="T18"/><temp name="T480"/></temps></instruction><instruction code="INCH  T2446, 0"><temps name="use"/><temps name="def"><temp name="T2446"/></temps><temps name="in"><temp name="T18"/><temp name="T480"/></temps><temps name="out"><temp name="T2446"/><temp name="T18"/><temp name="T480"/></temps></instruction><instruction code="OR T481, T2446, 0"><temps name="use"><temp name="T2446"/></temps><temps name="def"><temp name="T481"/></temps><temps name="in"><temp name="T2446"/><temp name="T18"/><temp name="T480"/></temps><temps name="out"><temp name="T481"/><temp name="T18"/><temp name="T480"/></temps></instruction><instruction code="SETL  T2447, 256"><temps name="use"/><temps name="def"><temp name="T2447"/></temps><temps name="in"><temp name="T481"/><temp name="T18"/><temp name="T480"/></temps><temps name="out"><temp name="T481"/><temp name="T18"/><temp name="T480"/></temps></instruction><instruction code="INCML T2447, 0"><temps name="use"/><temps name="def"><temp name="T2447"/></temps><temps name="in"><temp name="T481"/><temp name="T18"/><temp name="T480"/></temps><temps name="out"><temp name="T481"/><temp name="T18"/><temp name="T480"/></temps></instruction><instruction code="INCMH T2447, 0"><temps name="use"/><temps name="def"><temp name="T2447"/></temps><temps name="in"><temp name="T481"/><temp name="T18"/><temp name="T480"/></temps><temps name="out"><temp name="T481"/><temp name="T18"/><temp name="T480"/></temps></instruction><instruction code="INCH  T2447, 0"><temps name="use"/><temps name="def"><temp name="T2447"/></temps><temps name="in"><temp name="T481"/><temp name="T18"/><temp name="T480"/></temps><temps name="out"><temp name="T481"/><temp name="T18"/><temp name="T480"/><temp name="T2447"/></temps></instruction><instruction code="OR T482, T2447, 0"><temps name="use"><temp name="T2447"/></temps><temps name="def"><temp name="T482"/></temps><temps name="in"><temp name="T481"/><temp name="T18"/><temp name="T480"/><temp name="T2447"/></temps><temps name="out"><temp name="T481"/><temp name="T18"/><temp name="T482"/><temp name="T480"/></temps></instruction><instruction code="DIV T2448, T481, T482"><temps name="use"><temp name="T481"/><temp name="T482"/></temps><temps name="def"><temp name="T2448"/></temps><temps name="in"><temp name="T481"/><temp name="T18"/><temp name="T482"/><temp name="T480"/></temps><temps name="out"><temp name="T18"/><temp name="T480"/></temps></instruction><instruction code="OR T2448, rR, 0"><temps name="use"/><temps name="def"><temp name="T2448"/></temps><temps name="in"><temp name="T18"/><temp name="T480"/></temps><temps name="out"><temp name="T18"/><temp name="T2448"/><temp name="T480"/></temps></instruction><instruction code="OR T483, T2448, 0"><temps name="use"><temp name="T2448"/></temps><temps name="def"><temp name="T483"/></temps><temps name="in"><temp name="T18"/><temp name="T2448"/><temp name="T480"/></temps><temps name="out"><temp name="T18"/><temp name="T480"/><temp name="T483"/></temps></instruction><instruction code="STO T480, $254, 8"><temps name="use"><temp name="T480"/></temps><temps name="def"/><temps name="in"><temp name="T18"/><temp name="T480"/><temp name="T483"/></temps><temps name="out"><temp name="T18"/><temp name="T483"/></temps></instruction><instruction code="STO T483, $254, 16"><temps name="use"><temp name="T483"/></temps><temps name="def"/><temps name="in"><temp name="T18"/><temp name="T483"/></temps><temps name="out"><temp name="T18"/></temps></instruction><instruction code="LDA T2449, _putChar"><temps name="use"/><temps name="def"><temp name="T2449"/></temps><temps name="in"><temp name="T18"/></temps><temps name="out"><temp name="T18"/><temp name="T2449"/></temps></instruction><instruction code="PUSHJ $16, T2449, 0"><temps name="use"><temp name="T2449"/></temps><temps name="def"/><temps name="in"><temp name="T18"/><temp name="T2449"/></temps><temps name="out"><temp name="T18"/></temps></instruction><instruction code="LDO T2450, $254, 0"><temps name="use"/><temps name="def"><temp name="T2450"/></temps><temps name="in"><temp name="T18"/></temps><temps name="out"><temp name="T18"/><temp name="T2450"/></temps></instruction><instruction code="OR T484, T2450, 0"><temps name="use"><temp name="T2450"/></temps><temps name="def"><temp name="T484"/></temps><temps name="in"><temp name="T18"/><temp name="T2450"/></temps><temps name="out"><temp name="T18"/></temps></instruction><instruction code="LDA T2451, L47"><temps name="use"/><temps name="def"><temp name="T2451"/></temps><temps name="in"><temp name="T18"/></temps><temps name="out"><temp name="T18"/><temp name="T2451"/></temps></instruction><instruction code="GO T2451, T2451, 0"><temps name="use"><temp name="T2451"/></temps><temps name="def"><temp name="T2451"/></temps><temps name="in"><temp name="T18"/><temp name="T2451"/></temps><temps name="out"><temp name="T18"/></temps></instruction><instruction code="L46"><temps name="use"/><temps name="def"/><temps name="in"><temp name="T18"/></temps><temps name="out"><temp name="T18"/></temps></instruction><instruction code="SETL  T2452, 1"><temps name="use"/><temps name="def"><temp name="T2452"/></temps><temps name="in"><temp name="T18"/></temps><temps name="out"><temp name="T18"/></temps></instruction><instruction code="INCML T2452, 0"><temps name="use"/><temps name="def"><temp name="T2452"/></temps><temps name="in"><temp name="T18"/></temps><temps name="out"><temp name="T18"/></temps></instruction><instruction code="INCMH T2452, 0"><temps name="use"/><temps name="def"><temp name="T2452"/></temps><temps name="in"><temp name="T18"/></temps><temps name="out"><temp name="T18"/></temps></instruction><instruction code="INCH  T2452, 0"><temps name="use"/><temps name="def"><temp name="T2452"/></temps><temps name="in"><temp name="T18"/></temps><temps name="out"><temp name="T18"/><temp name="T2452"/></temps></instruction><instruction code="OR T485, T2452, 0"><temps name="use"><temp name="T2452"/></temps><temps name="def"><temp name="T485"/></temps><temps name="in"><temp name="T18"/><temp name="T2452"/></temps><temps name="out"><temp name="T18"/><temp name="T485"/></temps></instruction><instruction code="SETL  T2453, 8"><temps name="use"/><temps name="def"><temp name="T2453"/></temps><temps name="in"><temp name="T18"/><temp name="T485"/></temps><temps name="out"><temp name="T18"/><temp name="T485"/></temps></instruction><instruction code="INCML T2453, 0"><temps name="use"/><temps name="def"><temp name="T2453"/></temps><temps name="in"><temp name="T18"/><temp name="T485"/></temps><temps name="out"><temp name="T18"/><temp name="T485"/></temps></instruction><instruction code="INCMH T2453, 0"><temps name="use"/><temps name="def"><temp name="T2453"/></temps><temps name="in"><temp name="T18"/><temp name="T485"/></temps><temps name="out"><temp name="T18"/><temp name="T485"/></temps></instruction><instruction code="INCH  T2453, 0"><temps name="use"/><temps name="def"><temp name="T2453"/></temps><temps name="in"><temp name="T18"/><temp name="T485"/></temps><temps name="out"><temp name="T18"/><temp name="T485"/><temp name="T2453"/></temps></instruction><instruction code="NEG T2453, 0, T2453"><temps name="use"><temp name="T2453"/></temps><temps name="def"><temp name="T2453"/></temps><temps name="in"><temp name="T18"/><temp name="T485"/><temp name="T2453"/></temps><temps name="out"><temp name="T18"/><temp name="T485"/><temp name="T2453"/></temps></instruction><instruction code="ADD T2454, T18, T2453"><temps name="use"><temp name="T18"/><temp name="T2453"/></temps><temps name="def"><temp name="T2454"/></temps><temps name="in"><temp name="T18"/><temp name="T485"/><temp name="T2453"/></temps><temps name="out"><temp name="T18"/><temp name="T485"/><temp name="T2454"/></temps></instruction><instruction code="STO T2454, T485, 0"><temps name="use"><temp name="T2454"/><temp name="T485"/></temps><temps name="def"/><temps name="in"><temp name="T18"/><temp name="T485"/><temp name="T2454"/></temps><temps name="out"><temp name="T18"/></temps></instruction><instruction code="L42"><temps name="use"/><temps name="def"/><temps name="in"><temp name="T18"/></temps><temps name="out"><temp name="T18"/></temps></instruction><instruction code="OR T486, T18, 0"><temps name="use"><temp name="T18"/></temps><temps name="def"><temp name="T486"/></temps><temps name="in"><temp name="T18"/></temps><temps name="out"><temp name="T18"/><temp name="T486"/></temps></instruction><instruction code="SETL  T2456, 8"><temps name="use"/><temps name="def"><temp name="T2456"/></temps><temps name="in"><temp name="T18"/><temp name="T486"/></temps><temps name="out"><temp name="T18"/><temp name="T486"/></temps></instruction><instruction code="INCML T2456, 0"><temps name="use"/><temps name="def"><temp name="T2456"/></temps><temps name="in"><temp name="T18"/><temp name="T486"/></temps><temps name="out"><temp name="T18"/><temp name="T486"/></temps></instruction><instruction code="INCMH T2456, 0"><temps name="use"/><temps name="def"><temp name="T2456"/></temps><temps name="in"><temp name="T18"/><temp name="T486"/></temps><temps name="out"><temp name="T18"/><temp name="T486"/></temps></instruction><instruction code="INCH  T2456, 0"><temps name="use"/><temps name="def"><temp name="T2456"/></temps><temps name="in"><temp name="T18"/><temp name="T486"/></temps><temps name="out"><temp name="T18"/><temp name="T2456"/><temp name="T486"/></temps></instruction><instruction code="NEG T2456, 0, T2456"><temps name="use"><temp name="T2456"/></temps><temps name="def"><temp name="T2456"/></temps><temps name="in"><temp name="T18"/><temp name="T2456"/><temp name="T486"/></temps><temps name="out"><temp name="T18"/><temp name="T2456"/><temp name="T486"/></temps></instruction><instruction code="OR T487, T2456, 0"><temps name="use"><temp name="T2456"/></temps><temps name="def"><temp name="T487"/></temps><temps name="in"><temp name="T18"/><temp name="T2456"/><temp name="T486"/></temps><temps name="out"><temp name="T18"/><temp name="T486"/><temp name="T487"/></temps></instruction><instruction code="ADD T2457, T486, T487"><temps name="use"><temp name="T486"/><temp name="T487"/></temps><temps name="def"><temp name="T2457"/></temps><temps name="in"><temp name="T18"/><temp name="T486"/><temp name="T487"/></temps><temps name="out"><temp name="T18"/><temp name="T2457"/></temps></instruction><instruction code="OR T488, T2457, 0"><temps name="use"><temp name="T2457"/></temps><temps name="def"><temp name="T488"/></temps><temps name="in"><temp name="T18"/><temp name="T2457"/></temps><temps name="out"><temp name="T18"/><temp name="T488"/></temps></instruction><instruction code="OR T489, T488, 0"><temps name="use"><temp name="T488"/></temps><temps name="def"><temp name="T489"/></temps><temps name="in"><temp name="T18"/><temp name="T488"/></temps><temps name="out"><temp name="T18"/><temp name="T489"/></temps></instruction><instruction code="OR T490, T18, 0"><temps name="use"><temp name="T18"/></temps><temps name="def"><temp name="T490"/></temps><temps name="in"><temp name="T18"/><temp name="T489"/></temps><temps name="out"><temp name="T18"/><temp name="T489"/><temp name="T490"/></temps></instruction><instruction code="OR T491, T490, 0"><temps name="use"><temp name="T490"/></temps><temps name="def"><temp name="T491"/></temps><temps name="in"><temp name="T18"/><temp name="T489"/><temp name="T490"/></temps><temps name="out"><temp name="T491"/><temp name="T18"/><temp name="T489"/></temps></instruction><instruction code="SETL  T2460, 16"><temps name="use"/><temps name="def"><temp name="T2460"/></temps><temps name="in"><temp name="T491"/><temp name="T18"/><temp name="T489"/></temps><temps name="out"><temp name="T491"/><temp name="T18"/><temp name="T489"/></temps></instruction><instruction code="INCML T2460, 0"><temps name="use"/><temps name="def"><temp name="T2460"/></temps><temps name="in"><temp name="T491"/><temp name="T18"/><temp name="T489"/></temps><temps name="out"><temp name="T491"/><temp name="T18"/><temp name="T489"/></temps></instruction><instruction code="INCMH T2460, 0"><temps name="use"/><temps name="def"><temp name="T2460"/></temps><temps name="in"><temp name="T491"/><temp name="T18"/><temp name="T489"/></temps><temps name="out"><temp name="T491"/><temp name="T18"/><temp name="T489"/></temps></instruction><instruction code="INCH  T2460, 0"><temps name="use"/><temps name="def"><temp name="T2460"/></temps><temps name="in"><temp name="T491"/><temp name="T18"/><temp name="T489"/></temps><temps name="out"><temp name="T491"/><temp name="T18"/><temp name="T489"/><temp name="T2460"/></temps></instruction><instruction code="OR T492, T2460, 0"><temps name="use"><temp name="T2460"/></temps><temps name="def"><temp name="T492"/></temps><temps name="in"><temp name="T491"/><temp name="T18"/><temp name="T489"/><temp name="T2460"/></temps><temps name="out"><temp name="T491"/><temp name="T18"/><temp name="T489"/><temp name="T492"/></temps></instruction><instruction code="ADD T2461, T491, T492"><temps name="use"><temp name="T491"/><temp name="T492"/></temps><temps name="def"><temp name="T2461"/></temps><temps name="in"><temp name="T491"/><temp name="T18"/><temp name="T489"/><temp name="T492"/></temps><temps name="out"><temp name="T18"/><temp name="T489"/><temp name="T2461"/></temps></instruction><instruction code="OR T493, T2461, 0"><temps name="use"><temp name="T2461"/></temps><temps name="def"><temp name="T493"/></temps><temps name="in"><temp name="T18"/><temp name="T489"/><temp name="T2461"/></temps><temps name="out"><temp name="T493"/><temp name="T18"/><temp name="T489"/></temps></instruction><instruction code="OR T494, T493, 0"><temps name="use"><temp name="T493"/></temps><temps name="def"><temp name="T494"/></temps><temps name="in"><temp name="T493"/><temp name="T18"/><temp name="T489"/></temps><temps name="out"><temp name="T494"/><temp name="T18"/><temp name="T489"/></temps></instruction><instruction code="CMP T2463, T489, T494"><temps name="use"><temp name="T489"/><temp name="T494"/></temps><temps name="def"><temp name="T2463"/></temps><temps name="in"><temp name="T494"/><temp name="T18"/><temp name="T489"/></temps><temps name="out"><temp name="T2463"/><temp name="T18"/></temps></instruction><instruction code="ZSNP T2463, T2463, 1"><temps name="use"><temp name="T2463"/></temps><temps name="def"><temp name="T2463"/></temps><temps name="in"><temp name="T2463"/><temp name="T18"/></temps><temps name="out"><temp name="T2463"/><temp name="T18"/></temps></instruction><instruction code="OR T495, T2463, 0"><temps name="use"><temp name="T2463"/></temps><temps name="def"><temp name="T495"/></temps><temps name="in"><temp name="T2463"/><temp name="T18"/></temps><temps name="out"><temp name="T18"/><temp name="T495"/></temps></instruction><instruction code="BNZ T495, L43"><temps name="use"><temp name="T495"/></temps><temps name="def"/><temps name="in"><temp name="T18"/><temp name="T495"/></temps><temps name="out"><temp name="T18"/></temps></instruction><instruction code="L126"><temps name="use"/><temps name="def"/><temps name="in"><temp name="T18"/></temps><temps name="out"><temp name="T18"/></temps></instruction><instruction code="LDA T2464, L44"><temps name="use"/><temps name="def"><temp name="T2464"/></temps><temps name="in"><temp name="T18"/></temps><temps name="out"><temp name="T18"/><temp name="T2464"/></temps></instruction><instruction code="GO T2464, T2464, 0"><temps name="use"><temp name="T2464"/></temps><temps name="def"><temp name="T2464"/></temps><temps name="in"><temp name="T18"/><temp name="T2464"/></temps><temps name="out"><temp name="T18"/></temps></instruction><instruction code="L43"><temps name="use"/><temps name="def"/><temps name="in"><temp name="T18"/></temps><temps name="out"><temp name="T18"/></temps></instruction><instruction code="OR T496, T18, 0"><temps name="use"><temp name="T18"/></temps><temps name="def"><temp name="T496"/></temps><temps name="in"><temp name="T18"/></temps><temps name="out"><temp name="T18"/><temp name="T496"/></temps></instruction><instruction code="SETL  T2465, 8"><temps name="use"/><temps name="def"><temp name="T2465"/></temps><temps name="in"><temp name="T18"/><temp name="T496"/></temps><temps name="out"><temp name="T18"/><temp name="T496"/></temps></instruction><instruction code="INCML T2465, 0"><temps name="use"/><temps name="def"><temp name="T2465"/></temps><temps name="in"><temp name="T18"/><temp name="T496"/></temps><temps name="out"><temp name="T18"/><temp name="T496"/></temps></instruction><instruction code="INCMH T2465, 0"><temps name="use"/><temps name="def"><temp name="T2465"/></temps><temps name="in"><temp name="T18"/><temp name="T496"/></temps><temps name="out"><temp name="T18"/><temp name="T496"/></temps></instruction><instruction code="INCH  T2465, 0"><temps name="use"/><temps name="def"><temp name="T2465"/></temps><temps name="in"><temp name="T18"/><temp name="T496"/></temps><temps name="out"><temp name="T18"/><temp name="T2465"/><temp name="T496"/></temps></instruction><instruction code="NEG T2465, 0, T2465"><temps name="use"><temp name="T2465"/></temps><temps name="def"><temp name="T2465"/></temps><temps name="in"><temp name="T18"/><temp name="T2465"/><temp name="T496"/></temps><temps name="out"><temp name="T18"/><temp name="T2465"/><temp name="T496"/></temps></instruction><instruction code="OR T497, T2465, 0"><temps name="use"><temp name="T2465"/></temps><temps name="def"><temp name="T497"/></temps><temps name="in"><temp name="T18"/><temp name="T2465"/><temp name="T496"/></temps><temps name="out"><temp name="T18"/><temp name="T497"/><temp name="T496"/></temps></instruction><instruction code="ADD T2466, T496, T497"><temps name="use"><temp name="T496"/><temp name="T497"/></temps><temps name="def"><temp name="T2466"/></temps><temps name="in"><temp name="T18"/><temp name="T497"/><temp name="T496"/></temps><temps name="out"><temp name="T18"/><temp name="T2466"/></temps></instruction><instruction code="OR T498, T2466, 0"><temps name="use"><temp name="T2466"/></temps><temps name="def"><temp name="T498"/></temps><temps name="in"><temp name="T18"/><temp name="T2466"/></temps><temps name="out"><temp name="T18"/><temp name="T498"/></temps></instruction><instruction code="OR T499, T498, 0"><temps name="use"><temp name="T498"/></temps><temps name="def"><temp name="T499"/></temps><temps name="in"><temp name="T18"/><temp name="T498"/></temps><temps name="out"><temp name="T18"/><temp name="T499"/></temps></instruction><instruction code="SETL  T2469, 800"><temps name="use"/><temps name="def"><temp name="T2469"/></temps><temps name="in"><temp name="T18"/><temp name="T499"/></temps><temps name="out"><temp name="T18"/><temp name="T499"/></temps></instruction><instruction code="INCML T2469, 0"><temps name="use"/><temps name="def"><temp name="T2469"/></temps><temps name="in"><temp name="T18"/><temp name="T499"/></temps><temps name="out"><temp name="T18"/><temp name="T499"/></temps></instruction><instruction code="INCMH T2469, 0"><temps name="use"/><temps name="def"><temp name="T2469"/></temps><temps name="in"><temp name="T18"/><temp name="T499"/></temps><temps name="out"><temp name="T18"/><temp name="T499"/></temps></instruction><instruction code="INCH  T2469, 0"><temps name="use"/><temps name="def"><temp name="T2469"/></temps><temps name="in"><temp name="T18"/><temp name="T499"/></temps><temps name="out"><temp name="T2469"/><temp name="T18"/><temp name="T499"/></temps></instruction><instruction code="NEG T2469, 0, T2469"><temps name="use"><temp name="T2469"/></temps><temps name="def"><temp name="T2469"/></temps><temps name="in"><temp name="T2469"/><temp name="T18"/><temp name="T499"/></temps><temps name="out"><temp name="T2469"/><temp name="T18"/><temp name="T499"/></temps></instruction><instruction code="ADD T2470, T18, T2469"><temps name="use"><temp name="T18"/><temp name="T2469"/></temps><temps name="def"><temp name="T2470"/></temps><temps name="in"><temp name="T2469"/><temp name="T18"/><temp name="T499"/></temps><temps name="out"><temp name="T18"/><temp name="T499"/><temp name="T2470"/></temps></instruction><instruction code="SETL  T2471, 8"><temps name="use"/><temps name="def"><temp name="T2471"/></temps><temps name="in"><temp name="T18"/><temp name="T499"/><temp name="T2470"/></temps><temps name="out"><temp name="T18"/><temp name="T499"/><temp name="T2470"/></temps></instruction><instruction code="INCML T2471, 0"><temps name="use"/><temps name="def"><temp name="T2471"/></temps><temps name="in"><temp name="T18"/><temp name="T499"/><temp name="T2470"/></temps><temps name="out"><temp name="T18"/><temp name="T499"/><temp name="T2470"/></temps></instruction><instruction code="INCMH T2471, 0"><temps name="use"/><temps name="def"><temp name="T2471"/></temps><temps name="in"><temp name="T18"/><temp name="T499"/><temp name="T2470"/></temps><temps name="out"><temp name="T18"/><temp name="T499"/><temp name="T2470"/></temps></instruction><instruction code="INCH  T2471, 0"><temps name="use"/><temps name="def"><temp name="T2471"/></temps><temps name="in"><temp name="T18"/><temp name="T499"/><temp name="T2470"/></temps><temps name="out"><temp name="T18"/><temp name="T499"/><temp name="T2470"/><temp name="T2471"/></temps></instruction><instruction code="ADD T2472, T18, T2471"><temps name="use"><temp name="T18"/><temp name="T2471"/></temps><temps name="def"><temp name="T2472"/></temps><temps name="in"><temp name="T18"/><temp name="T499"/><temp name="T2470"/><temp name="T2471"/></temps><temps name="out"><temp name="T18"/><temp name="T499"/><temp name="T2472"/><temp name="T2470"/></temps></instruction><instruction code="SETL  T2474, 8"><temps name="use"/><temps name="def"><temp name="T2474"/></temps><temps name="in"><temp name="T18"/><temp name="T499"/><temp name="T2472"/><temp name="T2470"/></temps><temps name="out"><temp name="T18"/><temp name="T499"/><temp name="T2472"/><temp name="T2470"/></temps></instruction><instruction code="INCML T2474, 0"><temps name="use"/><temps name="def"><temp name="T2474"/></temps><temps name="in"><temp name="T18"/><temp name="T499"/><temp name="T2472"/><temp name="T2470"/></temps><temps name="out"><temp name="T18"/><temp name="T499"/><temp name="T2472"/><temp name="T2470"/></temps></instruction><instruction code="INCMH T2474, 0"><temps name="use"/><temps name="def"><temp name="T2474"/></temps><temps name="in"><temp name="T18"/><temp name="T499"/><temp name="T2472"/><temp name="T2470"/></temps><temps name="out"><temp name="T18"/><temp name="T499"/><temp name="T2472"/><temp name="T2470"/></temps></instruction><instruction code="INCH  T2474, 0"><temps name="use"/><temps name="def"><temp name="T2474"/></temps><temps name="in"><temp name="T18"/><temp name="T499"/><temp name="T2472"/><temp name="T2470"/></temps><temps name="out"><temp name="T18"/><temp name="T499"/><temp name="T2474"/><temp name="T2472"/><temp name="T2470"/></temps></instruction><instruction code="MUL T2475, T2472, T2474"><temps name="use"><temp name="T2472"/><temp name="T2474"/></temps><temps name="def"><temp name="T2475"/></temps><temps name="in"><temp name="T18"/><temp name="T499"/><temp name="T2474"/><temp name="T2472"/><temp name="T2470"/></temps><temps name="out"><temp name="T18"/><temp name="T499"/><temp name="T2470"/><temp name="T2475"/></temps></instruction><instruction code="ADD T2476, T2470, T2475"><temps name="use"><temp name="T2470"/><temp name="T2475"/></temps><temps name="def"><temp name="T2476"/></temps><temps name="in"><temp name="T18"/><temp name="T499"/><temp name="T2470"/><temp name="T2475"/></temps><temps name="out"><temp name="T18"/><temp name="T499"/><temp name="T2476"/></temps></instruction><instruction code="STO T2476, T499, 0"><temps name="use"><temp name="T2476"/><temp name="T499"/></temps><temps name="def"/><temps name="in"><temp name="T18"/><temp name="T499"/><temp name="T2476"/></temps><temps name="out"><temp name="T18"/></temps></instruction><instruction code="OR T500, T18, 0"><temps name="use"><temp name="T18"/></temps><temps name="def"><temp name="T500"/></temps><temps name="in"><temp name="T18"/></temps><temps name="out"><temp name="T18"/><temp name="T500"/></temps></instruction><instruction code="SETL  T2478, 8"><temps name="use"/><temps name="def"><temp name="T2478"/></temps><temps name="in"><temp name="T18"/><temp name="T500"/></temps><temps name="out"><temp name="T18"/><temp name="T500"/></temps></instruction><instruction code="INCML T2478, 0"><temps name="use"/><temps name="def"><temp name="T2478"/></temps><temps name="in"><temp name="T18"/><temp name="T500"/></temps><temps name="out"><temp name="T18"/><temp name="T500"/></temps></instruction><instruction code="INCMH T2478, 0"><temps name="use"/><temps name="def"><temp name="T2478"/></temps><temps name="in"><temp name="T18"/><temp name="T500"/></temps><temps name="out"><temp name="T18"/><temp name="T500"/></temps></instruction><instruction code="INCH  T2478, 0"><temps name="use"/><temps name="def"><temp name="T2478"/></temps><temps name="in"><temp name="T18"/><temp name="T500"/></temps><temps name="out"><temp name="T18"/><temp name="T2478"/><temp name="T500"/></temps></instruction><instruction code="NEG T2478, 0, T2478"><temps name="use"><temp name="T2478"/></temps><temps name="def"><temp name="T2478"/></temps><temps name="in"><temp name="T18"/><temp name="T2478"/><temp name="T500"/></temps><temps name="out"><temp name="T18"/><temp name="T2478"/><temp name="T500"/></temps></instruction><instruction code="OR T501, T2478, 0"><temps name="use"><temp name="T2478"/></temps><temps name="def"><temp name="T501"/></temps><temps name="in"><temp name="T18"/><temp name="T2478"/><temp name="T500"/></temps><temps name="out"><temp name="T18"/><temp name="T501"/><temp name="T500"/></temps></instruction><instruction code="ADD T2479, T500, T501"><temps name="use"><temp name="T500"/><temp name="T501"/></temps><temps name="def"><temp name="T2479"/></temps><temps name="in"><temp name="T18"/><temp name="T501"/><temp name="T500"/></temps><temps name="out"><temp name="T18"/><temp name="T2479"/></temps></instruction><instruction code="OR T502, T2479, 0"><temps name="use"><temp name="T2479"/></temps><temps name="def"><temp name="T502"/></temps><temps name="in"><temp name="T18"/><temp name="T2479"/></temps><temps name="out"><temp name="T18"/><temp name="T502"/></temps></instruction><instruction code="OR T503, T502, 0"><temps name="use"><temp name="T502"/></temps><temps name="def"><temp name="T503"/></temps><temps name="in"><temp name="T18"/><temp name="T502"/></temps><temps name="out"><temp name="T18"/><temp name="T503"/></temps></instruction><instruction code="SETL  T2481, 1"><temps name="use"/><temps name="def"><temp name="T2481"/></temps><temps name="in"><temp name="T18"/><temp name="T503"/></temps><temps name="out"><temp name="T18"/><temp name="T503"/></temps></instruction><instruction code="INCML T2481, 0"><temps name="use"/><temps name="def"><temp name="T2481"/></temps><temps name="in"><temp name="T18"/><temp name="T503"/></temps><temps name="out"><temp name="T18"/><temp name="T503"/></temps></instruction><instruction code="INCMH T2481, 0"><temps name="use"/><temps name="def"><temp name="T2481"/></temps><temps name="in"><temp name="T18"/><temp name="T503"/></temps><temps name="out"><temp name="T18"/><temp name="T503"/></temps></instruction><instruction code="INCH  T2481, 0"><temps name="use"/><temps name="def"><temp name="T2481"/></temps><temps name="in"><temp name="T18"/><temp name="T503"/></temps><temps name="out"><temp name="T2481"/><temp name="T18"/><temp name="T503"/></temps></instruction><instruction code="OR T504, T2481, 0"><temps name="use"><temp name="T2481"/></temps><temps name="def"><temp name="T504"/></temps><temps name="in"><temp name="T2481"/><temp name="T18"/><temp name="T503"/></temps><temps name="out"><temp name="T18"/><temp name="T503"/><temp name="T504"/></temps></instruction><instruction code="ADD T2482, T503, T504"><temps name="use"><temp name="T503"/><temp name="T504"/></temps><temps name="def"><temp name="T2482"/></temps><temps name="in"><temp name="T18"/><temp name="T503"/><temp name="T504"/></temps><temps name="out"><temp name="T18"/><temp name="T2482"/></temps></instruction><instruction code="OR T505, T2482, 0"><temps name="use"><temp name="T2482"/></temps><temps name="def"><temp name="T505"/></temps><temps name="in"><temp name="T18"/><temp name="T2482"/></temps><temps name="out"><temp name="T18"/><temp name="T505"/></temps></instruction><instruction code="SETL  T2483, 8"><temps name="use"/><temps name="def"><temp name="T2483"/></temps><temps name="in"><temp name="T18"/><temp name="T505"/></temps><temps name="out"><temp name="T18"/><temp name="T505"/></temps></instruction><instruction code="INCML T2483, 0"><temps name="use"/><temps name="def"><temp name="T2483"/></temps><temps name="in"><temp name="T18"/><temp name="T505"/></temps><temps name="out"><temp name="T18"/><temp name="T505"/></temps></instruction><instruction code="INCMH T2483, 0"><temps name="use"/><temps name="def"><temp name="T2483"/></temps><temps name="in"><temp name="T18"/><temp name="T505"/></temps><temps name="out"><temp name="T18"/><temp name="T505"/></temps></instruction><instruction code="INCH  T2483, 0"><temps name="use"/><temps name="def"><temp name="T2483"/></temps><temps name="in"><temp name="T18"/><temp name="T505"/></temps><temps name="out"><temp name="T2483"/><temp name="T18"/><temp name="T505"/></temps></instruction><instruction code="NEG T2483, 0, T2483"><temps name="use"><temp name="T2483"/></temps><temps name="def"><temp name="T2483"/></temps><temps name="in"><temp name="T2483"/><temp name="T18"/><temp name="T505"/></temps><temps name="out"><temp name="T18"/><temp name="T2483"/><temp name="T505"/></temps></instruction><instruction code="ADD T2484, T18, T2483"><temps name="use"><temp name="T18"/><temp name="T2483"/></temps><temps name="def"><temp name="T2484"/></temps><temps name="in"><temp name="T18"/><temp name="T2483"/><temp name="T505"/></temps><temps name="out"><temp name="T18"/><temp name="T2484"/><temp name="T505"/></temps></instruction><instruction code="STO T2484, T505, 0"><temps name="use"><temp name="T2484"/><temp name="T505"/></temps><temps name="def"/><temps name="in"><temp name="T18"/><temp name="T2484"/><temp name="T505"/></temps><temps name="out"><temp name="T18"/></temps></instruction><instruction code="OR T506, T18, 0"><temps name="use"><temp name="T18"/></temps><temps name="def"><temp name="T506"/></temps><temps name="in"><temp name="T18"/></temps><temps name="out"><temp name="T18"/><temp name="T506"/></temps></instruction><instruction code="OR T507, T18, 0"><temps name="use"><temp name="T18"/></temps><temps name="def"><temp name="T507"/></temps><temps name="in"><temp name="T18"/><temp name="T506"/></temps><temps name="out"><temp name="T507"/><temp name="T18"/><temp name="T506"/></temps></instruction><instruction code="SETL  T2487, 8"><temps name="use"/><temps name="def"><temp name="T2487"/></temps><temps name="in"><temp name="T507"/><temp name="T18"/><temp name="T506"/></temps><temps name="out"><temp name="T507"/><temp name="T18"/><temp name="T506"/></temps></instruction><instruction code="INCML T2487, 0"><temps name="use"/><temps name="def"><temp name="T2487"/></temps><temps name="in"><temp name="T507"/><temp name="T18"/><temp name="T506"/></temps><temps name="out"><temp name="T507"/><temp name="T18"/><temp name="T506"/></temps></instruction><instruction code="INCMH T2487, 0"><temps name="use"/><temps name="def"><temp name="T2487"/></temps><temps name="in"><temp name="T507"/><temp name="T18"/><temp name="T506"/></temps><temps name="out"><temp name="T507"/><temp name="T18"/><temp name="T506"/></temps></instruction><instruction code="INCH  T2487, 0"><temps name="use"/><temps name="def"><temp name="T2487"/></temps><temps name="in"><temp name="T507"/><temp name="T18"/><temp name="T506"/></temps><temps name="out"><temp name="T507"/><temp name="T18"/><temp name="T506"/><temp name="T2487"/></temps></instruction><instruction code="OR T508, T2487, 0"><temps name="use"><temp name="T2487"/></temps><temps name="def"><temp name="T508"/></temps><temps name="in"><temp name="T507"/><temp name="T18"/><temp name="T506"/><temp name="T2487"/></temps><temps name="out"><temp name="T507"/><temp name="T18"/><temp name="T506"/><temp name="T508"/></temps></instruction><instruction code="ADD T2488, T507, T508"><temps name="use"><temp name="T507"/><temp name="T508"/></temps><temps name="def"><temp name="T2488"/></temps><temps name="in"><temp name="T507"/><temp name="T18"/><temp name="T506"/><temp name="T508"/></temps><temps name="out"><temp name="T18"/><temp name="T506"/><temp name="T2488"/></temps></instruction><instruction code="OR T509, T2488, 0"><temps name="use"><temp name="T2488"/></temps><temps name="def"><temp name="T509"/></temps><temps name="in"><temp name="T18"/><temp name="T506"/><temp name="T2488"/></temps><temps name="out"><temp name="T18"/><temp name="T506"/><temp name="T509"/></temps></instruction><instruction code="OR T510, T509, 0"><temps name="use"><temp name="T509"/></temps><temps name="def"><temp name="T510"/></temps><temps name="in"><temp name="T18"/><temp name="T506"/><temp name="T509"/></temps><temps name="out"><temp name="T18"/><temp name="T506"/><temp name="T510"/></temps></instruction><instruction code="SETL  T2490, 1"><temps name="use"/><temps name="def"><temp name="T2490"/></temps><temps name="in"><temp name="T18"/><temp name="T506"/><temp name="T510"/></temps><temps name="out"><temp name="T18"/><temp name="T506"/><temp name="T510"/></temps></instruction><instruction code="INCML T2490, 0"><temps name="use"/><temps name="def"><temp name="T2490"/></temps><temps name="in"><temp name="T18"/><temp name="T506"/><temp name="T510"/></temps><temps name="out"><temp name="T18"/><temp name="T506"/><temp name="T510"/></temps></instruction><instruction code="INCMH T2490, 0"><temps name="use"/><temps name="def"><temp name="T2490"/></temps><temps name="in"><temp name="T18"/><temp name="T506"/><temp name="T510"/></temps><temps name="out"><temp name="T18"/><temp name="T506"/><temp name="T510"/></temps></instruction><instruction code="INCH  T2490, 0"><temps name="use"/><temps name="def"><temp name="T2490"/></temps><temps name="in"><temp name="T18"/><temp name="T506"/><temp name="T510"/></temps><temps name="out"><temp name="T18"/><temp name="T506"/><temp name="T510"/><temp name="T2490"/></temps></instruction><instruction code="OR T511, T2490, 0"><temps name="use"><temp name="T2490"/></temps><temps name="def"><temp name="T511"/></temps><temps name="in"><temp name="T18"/><temp name="T506"/><temp name="T510"/><temp name="T2490"/></temps><temps name="out"><temp name="T18"/><temp name="T506"/><temp name="T510"/><temp name="T511"/></temps></instruction><instruction code="ADD T2491, T510, T511"><temps name="use"><temp name="T510"/><temp name="T511"/></temps><temps name="def"><temp name="T2491"/></temps><temps name="in"><temp name="T18"/><temp name="T506"/><temp name="T510"/><temp name="T511"/></temps><temps name="out"><temp name="T18"/><temp name="T506"/><temp name="T2491"/></temps></instruction><instruction code="OR T512, T2491, 0"><temps name="use"><temp name="T2491"/></temps><temps name="def"><temp name="T512"/></temps><temps name="in"><temp name="T18"/><temp name="T506"/><temp name="T2491"/></temps><temps name="out"><temp name="T18"/><temp name="T506"/><temp name="T512"/></temps></instruction><instruction code="STO T506, $254, 8"><temps name="use"><temp name="T506"/></temps><temps name="def"/><temps name="in"><temp name="T18"/><temp name="T506"/><temp name="T512"/></temps><temps name="out"><temp name="T18"/><temp name="T512"/></temps></instruction><instruction code="STO T512, $254, 16"><temps name="use"><temp name="T512"/></temps><temps name="def"/><temps name="in"><temp name="T18"/><temp name="T512"/></temps><temps name="out"><temp name="T18"/></temps></instruction><instruction code="LDA T2492, L0"><temps name="use"/><temps name="def"><temp name="T2492"/></temps><temps name="in"><temp name="T18"/></temps><temps name="out"><temp name="T2492"/><temp name="T18"/></temps></instruction><instruction code="PUSHJ $16, T2492, 0"><temps name="use"><temp name="T2492"/></temps><temps name="def"/><temps name="in"><temp name="T2492"/><temp name="T18"/></temps><temps name="out"><temp name="T18"/></temps></instruction><instruction code="LDO T2493, $254, 0"><temps name="use"/><temps name="def"><temp name="T2493"/></temps><temps name="in"><temp name="T18"/></temps><temps name="out"><temp name="T18"/><temp name="T2493"/></temps></instruction><instruction code="OR T513, T2493, 0"><temps name="use"><temp name="T2493"/></temps><temps name="def"><temp name="T513"/></temps><temps name="in"><temp name="T18"/><temp name="T2493"/></temps><temps name="out"><temp name="T18"/></temps></instruction><instruction code="LDA T2494, L42"><temps name="use"/><temps name="def"><temp name="T2494"/></temps><temps name="in"><temp name="T18"/></temps><temps name="out"><temp name="T2494"/><temp name="T18"/></temps></instruction><instruction code="GO T2494, T2494, 0"><temps name="use"><temp name="T2494"/></temps><temps name="def"><temp name="T2494"/></temps><temps name="in"><temp name="T2494"/><temp name="T18"/></temps><temps name="out"><temp name="T18"/></temps></instruction><instruction code="L44"><temps name="use"/><temps name="def"/><temps name="in"/><temps name="out"/></instruction><instruction code="L47"><temps name="use"/><temps name="def"/><temps name="in"/><temps name="out"/></instruction><instruction code="SETL  T2495, 0"><temps name="use"/><temps name="def"><temp name="T2495"/></temps><temps name="in"/><temps name="out"/></instruction><instruction code="INCML T2495, 0"><temps name="use"/><temps name="def"><temp name="T2495"/></temps><temps name="in"/><temps name="out"/></instruction><instruction code="INCMH T2495, 0"><temps name="use"/><temps name="def"><temp name="T2495"/></temps><temps name="in"/><temps name="out"/></instruction><instruction code="INCH  T2495, 0"><temps name="use"/><temps name="def"><temp name="T2495"/></temps><temps name="in"/><temps name="out"><temp name="T2495"/></temps></instruction><instruction code="OR T514, T2495, 0"><temps name="use"><temp name="T2495"/></temps><temps name="def"><temp name="T514"/></temps><temps name="in"><temp name="T2495"/></temps><temps name="out"><temp name="T514"/></temps></instruction><instruction code="OR T19, T514, 0"><temps name="use"><temp name="T514"/></temps><temps name="def"><temp name="T19"/></temps><temps name="in"><temp name="T514"/></temps><temps name="out"/></instruction><instruction code="LDA T2496, L128"><temps name="use"/><temps name="def"><temp name="T2496"/></temps><temps name="in"/><temps name="out"><temp name="T2496"/></temps></instruction><instruction code="GO T2496, T2496, 0"><temps name="use"><temp name="T2496"/></temps><temps name="def"><temp name="T2496"/></temps><temps name="in"><temp name="T2496"/></temps><temps name="out"/></instruction></instructions></code><code entrylabel="L130" exitlabel="L131" tempsize="0"><frame FP="T16" RV="T17" argssize="16" depth="1" label="_combs" locssize="808" size="840"/><instructions><instruction code="L130"><temps name="use"/><temps name="def"/><temps name="in"><temp name="T16"/></temps><temps name="out"><temp name="T16"/></temps></instruction><instruction code="SETL  T2497, 0"><temps name="use"/><temps name="def"><temp name="T2497"/></temps><temps name="in"><temp name="T16"/></temps><temps name="out"><temp name="T16"/></temps></instruction><instruction code="INCML T2497, 0"><temps name="use"/><temps name="def"><temp name="T2497"/></temps><temps name="in"><temp name="T16"/></temps><temps name="out"><temp name="T16"/></temps></instruction><instruction code="INCMH T2497, 0"><temps name="use"/><temps name="def"><temp name="T2497"/></temps><temps name="in"><temp name="T16"/></temps><temps name="out"><temp name="T16"/></temps></instruction><instruction code="INCH  T2497, 0"><temps name="use"/><temps name="def"><temp name="T2497"/></temps><temps name="in"><temp name="T16"/></temps><temps name="out"><temp name="T16"/><temp name="T2497"/></temps></instruction><instruction code="OR T515, T2497, 0"><temps name="use"><temp name="T2497"/></temps><temps name="def"><temp name="T515"/></temps><temps name="in"><temp name="T16"/><temp name="T2497"/></temps><temps name="out"><temp name="T16"/><temp name="T515"/></temps></instruction><instruction code="SETL  T2498, 808"><temps name="use"/><temps name="def"><temp name="T2498"/></temps><temps name="in"><temp name="T16"/><temp name="T515"/></temps><temps name="out"><temp name="T16"/><temp name="T515"/></temps></instruction><instruction code="INCML T2498, 0"><temps name="use"/><temps name="def"><temp name="T2498"/></temps><temps name="in"><temp name="T16"/><temp name="T515"/></temps><temps name="out"><temp name="T16"/><temp name="T515"/></temps></instruction><instruction code="INCMH T2498, 0"><temps name="use"/><temps name="def"><temp name="T2498"/></temps><temps name="in"><temp name="T16"/><temp name="T515"/></temps><temps name="out"><temp name="T16"/><temp name="T515"/></temps></instruction><instruction code="INCH  T2498, 0"><temps name="use"/><temps name="def"><temp name="T2498"/></temps><temps name="in"><temp name="T16"/><temp name="T515"/></temps><temps name="out"><temp name="T2498"/><temp name="T16"/><temp name="T515"/></temps></instruction><instruction code="NEG T2498, 0, T2498"><temps name="use"><temp name="T2498"/></temps><temps name="def"><temp name="T2498"/></temps><temps name="in"><temp name="T2498"/><temp name="T16"/><temp name="T515"/></temps><temps name="out"><temp name="T2498"/><temp name="T16"/><temp name="T515"/></temps></instruction><instruction code="ADD T2499, T16, T2498"><temps name="use"><temp name="T16"/><temp name="T2498"/></temps><temps name="def"><temp name="T2499"/></temps><temps name="in"><temp name="T2498"/><temp name="T16"/><temp name="T515"/></temps><temps name="out"><temp name="T16"/><temp name="T515"/><temp name="T2499"/></temps></instruction><instruction code="STO T2499, T515, 0"><temps name="use"><temp name="T2499"/><temp name="T515"/></temps><temps name="def"/><temps name="in"><temp name="T16"/><temp name="T515"/><temp name="T2499"/></temps><temps name="out"><temp name="T16"/></temps></instruction><instruction code="L48"><temps name="use"/><temps name="def"/><temps name="in"><temp name="T16"/></temps><temps name="out"><temp name="T16"/></temps></instruction><instruction code="OR T516, T16, 0"><temps name="use"><temp name="T16"/></temps><temps name="def"><temp name="T516"/></temps><temps name="in"><temp name="T16"/></temps><temps name="out"><temp name="T516"/><temp name="T16"/></temps></instruction><instruction code="SETL  T2501, 808"><temps name="use"/><temps name="def"><temp name="T2501"/></temps><temps name="in"><temp name="T516"/><temp name="T16"/></temps><temps name="out"><temp name="T516"/><temp name="T16"/></temps></instruction><instruction code="INCML T2501, 0"><temps name="use"/><temps name="def"><temp name="T2501"/></temps><temps name="in"><temp name="T516"/><temp name="T16"/></temps><temps name="out"><temp name="T516"/><temp name="T16"/></temps></instruction><instruction code="INCMH T2501, 0"><temps name="use"/><temps name="def"><temp name="T2501"/></temps><temps name="in"><temp name="T516"/><temp name="T16"/></temps><temps name="out"><temp name="T516"/><temp name="T16"/></temps></instruction><instruction code="INCH  T2501, 0"><temps name="use"/><temps name="def"><temp name="T2501"/></temps><temps name="in"><temp name="T516"/><temp name="T16"/></temps><temps name="out"><temp name="T516"/><temp name="T16"/><temp name="T2501"/></temps></instruction><instruction code="NEG T2501, 0, T2501"><temps name="use"><temp name="T2501"/></temps><temps name="def"><temp name="T2501"/></temps><temps name="in"><temp name="T516"/><temp name="T16"/><temp name="T2501"/></temps><temps name="out"><temp name="T516"/><temp name="T16"/><temp name="T2501"/></temps></instruction><instruction code="OR T517, T2501, 0"><temps name="use"><temp name="T2501"/></temps><temps name="def"><temp name="T517"/></temps><temps name="in"><temp name="T516"/><temp name="T16"/><temp name="T2501"/></temps><temps name="out"><temp name="T516"/><temp name="T517"/><temp name="T16"/></temps></instruction><instruction code="ADD T2502, T516, T517"><temps name="use"><temp name="T516"/><temp name="T517"/></temps><temps name="def"><temp name="T2502"/></temps><temps name="in"><temp name="T516"/><temp name="T517"/><temp name="T16"/></temps><temps name="out"><temp name="T16"/><temp name="T2502"/></temps></instruction><instruction code="OR T518, T2502, 0"><temps name="use"><temp name="T2502"/></temps><temps name="def"><temp name="T518"/></temps><temps name="in"><temp name="T16"/><temp name="T2502"/></temps><temps name="out"><temp name="T16"/><temp name="T518"/></temps></instruction><instruction code="OR T519, T518, 0"><temps name="use"><temp name="T518"/></temps><temps name="def"><temp name="T519"/></temps><temps name="in"><temp name="T16"/><temp name="T518"/></temps><temps name="out"><temp name="T16"/><temp name="T519"/></temps></instruction><instruction code="SETL  T2504, 100"><temps name="use"/><temps name="def"><temp name="T2504"/></temps><temps name="in"><temp name="T16"/><temp name="T519"/></temps><temps name="out"><temp name="T16"/><temp name="T519"/></temps></instruction><instruction code="INCML T2504, 0"><temps name="use"/><temps name="def"><temp name="T2504"/></temps><temps name="in"><temp name="T16"/><temp name="T519"/></temps><temps name="out"><temp name="T16"/><temp name="T519"/></temps></instruction><instruction code="INCMH T2504, 0"><temps name="use"/><temps name="def"><temp name="T2504"/></temps><temps name="in"><temp name="T16"/><temp name="T519"/></temps><temps name="out"><temp name="T16"/><temp name="T519"/></temps></instruction><instruction code="INCH  T2504, 0"><temps name="use"/><temps name="def"><temp name="T2504"/></temps><temps name="in"><temp name="T16"/><temp name="T519"/></temps><temps name="out"><temp name="T16"/><temp name="T2504"/><temp name="T519"/></temps></instruction><instruction code="OR T520, T2504, 0"><temps name="use"><temp name="T2504"/></temps><temps name="def"><temp name="T520"/></temps><temps name="in"><temp name="T16"/><temp name="T2504"/><temp name="T519"/></temps><temps name="out"><temp name="T16"/><temp name="T520"/><temp name="T519"/></temps></instruction><instruction code="CMP T2505, T519, T520"><temps name="use"><temp name="T519"/><temp name="T520"/></temps><temps name="def"><temp name="T2505"/></temps><temps name="in"><temp name="T16"/><temp name="T520"/><temp name="T519"/></temps><temps name="out"><temp name="T2505"/><temp name="T16"/></temps></instruction><instruction code="ZSN T2505, T2505, 1"><temps name="use"><temp name="T2505"/></temps><temps name="def"><temp name="T2505"/></temps><temps name="in"><temp name="T2505"/><temp name="T16"/></temps><temps name="out"><temp name="T2505"/><temp name="T16"/></temps></instruction><instruction code="OR T521, T2505, 0"><temps name="use"><temp name="T2505"/></temps><temps name="def"><temp name="T521"/></temps><temps name="in"><temp name="T2505"/><temp name="T16"/></temps><temps name="out"><temp name="T16"/><temp name="T521"/></temps></instruction><instruction code="BNZ T521, L49"><temps name="use"><temp name="T521"/></temps><temps name="def"/><temps name="in"><temp name="T16"/><temp name="T521"/></temps><temps name="out"><temp name="T16"/></temps></instruction><instruction code="L129"><temps name="use"/><temps name="def"/><temps name="in"><temp name="T16"/></temps><temps name="out"><temp name="T16"/></temps></instruction><instruction code="LDA T2506, L50"><temps name="use"/><temps name="def"><temp name="T2506"/></temps><temps name="in"><temp name="T16"/></temps><temps name="out"><temp name="T2506"/><temp name="T16"/></temps></instruction><instruction code="GO T2506, T2506, 0"><temps name="use"><temp name="T2506"/></temps><temps name="def"><temp name="T2506"/></temps><temps name="in"><temp name="T2506"/><temp name="T16"/></temps><temps name="out"><temp name="T16"/></temps></instruction><instruction code="L49"><temps name="use"/><temps name="def"/><temps name="in"><temp name="T16"/></temps><temps name="out"><temp name="T16"/></temps></instruction><instruction code="SETL  T2507, 0"><temps name="use"/><temps name="def"><temp name="T2507"/></temps><temps name="in"><temp name="T16"/></temps><temps name="out"><temp name="T16"/></temps></instruction><instruction code="INCML T2507, 0"><temps name="use"/><temps name="def"><temp name="T2507"/></temps><temps name="in"><temp name="T16"/></temps><temps name="out"><temp name="T16"/></temps></instruction><instruction code="INCMH T2507, 0"><temps name="use"/><temps name="def"><temp name="T2507"/></temps><temps name="in"><temp name="T16"/></temps><temps name="out"><temp name="T16"/></temps></instruction><instruction code="INCH  T2507, 0"><temps name="use"/><temps name="def"><temp name="T2507"/></temps><temps name="in"><temp name="T16"/></temps><temps name="out"><temp name="T2507"/><temp name="T16"/></temps></instruction><instruction code="OR T522, T2507, 0"><temps name="use"><temp name="T2507"/></temps><temps name="def"><temp name="T522"/></temps><temps name="in"><temp name="T2507"/><temp name="T16"/></temps><temps name="out"><temp name="T16"/><temp name="T522"/></temps></instruction><instruction code="SETL  T2508, 800"><temps name="use"/><temps name="def"><temp name="T2508"/></temps><temps name="in"><temp name="T16"/><temp name="T522"/></temps><temps name="out"><temp name="T16"/><temp name="T522"/></temps></instruction><instruction code="INCML T2508, 0"><temps name="use"/><temps name="def"><temp name="T2508"/></temps><temps name="in"><temp name="T16"/><temp name="T522"/></temps><temps name="out"><temp name="T16"/><temp name="T522"/></temps></instruction><instruction code="INCMH T2508, 0"><temps name="use"/><temps name="def"><temp name="T2508"/></temps><temps name="in"><temp name="T16"/><temp name="T522"/></temps><temps name="out"><temp name="T16"/><temp name="T522"/></temps></instruction><instruction code="INCH  T2508, 0"><temps name="use"/><temps name="def"><temp name="T2508"/></temps><temps name="in"><temp name="T16"/><temp name="T522"/></temps><temps name="out"><temp name="T2508"/><temp name="T16"/><temp name="T522"/></temps></instruction><instruction code="NEG T2508, 0, T2508"><temps name="use"><temp name="T2508"/></temps><temps name="def"><temp name="T2508"/></temps><temps name="in"><temp name="T2508"/><temp name="T16"/><temp name="T522"/></temps><temps name="out"><temp name="T16"/><temp name="T2508"/><temp name="T522"/></temps></instruction><instruction code="ADD T2509, T16, T2508"><temps name="use"><temp name="T16"/><temp name="T2508"/></temps><temps name="def"><temp name="T2509"/></temps><temps name="in"><temp name="T16"/><temp name="T2508"/><temp name="T522"/></temps><temps name="out"><temp name="T16"/><temp name="T2509"/><temp name="T522"/></temps></instruction><instruction code="SETL  T2510, 808"><temps name="use"/><temps name="def"><temp name="T2510"/></temps><temps name="in"><temp name="T16"/><temp name="T2509"/><temp name="T522"/></temps><temps name="out"><temp name="T16"/><temp name="T2509"/><temp name="T522"/></temps></instruction><instruction code="INCML T2510, 0"><temps name="use"/><temps name="def"><temp name="T2510"/></temps><temps name="in"><temp name="T16"/><temp name="T2509"/><temp name="T522"/></temps><temps name="out"><temp name="T16"/><temp name="T2509"/><temp name="T522"/></temps></instruction><instruction code="INCMH T2510, 0"><temps name="use"/><temps name="def"><temp name="T2510"/></temps><temps name="in"><temp name="T16"/><temp name="T2509"/><temp name="T522"/></temps><temps name="out"><temp name="T16"/><temp name="T2509"/><temp name="T522"/></temps></instruction><instruction code="INCH  T2510, 0"><temps name="use"/><temps name="def"><temp name="T2510"/></temps><temps name="in"><temp name="T16"/><temp name="T2509"/><temp name="T522"/></temps><temps name="out"><temp name="T16"/><temp name="T2509"/><temp name="T522"/><temp name="T2510"/></temps></instruction><instruction code="NEG T2510, 0, T2510"><temps name="use"><temp name="T2510"/></temps><temps name="def"><temp name="T2510"/></temps><temps name="in"><temp name="T16"/><temp name="T2509"/><temp name="T522"/><temp name="T2510"/></temps><temps name="out"><temp name="T16"/><temp name="T2509"/><temp name="T522"/><temp name="T2510"/></temps></instruction><instruction code="ADD T2511, T16, T2510"><temps name="use"><temp name="T16"/><temp name="T2510"/></temps><temps name="def"><temp name="T2511"/></temps><temps name="in"><temp name="T16"/><temp name="T2509"/><temp name="T522"/><temp name="T2510"/></temps><temps name="out"><temp name="T2511"/><temp name="T16"/><temp name="T2509"/><temp name="T522"/></temps></instruction><instruction code="SETL  T2513, 8"><temps name="use"/><temps name="def"><temp name="T2513"/></temps><temps name="in"><temp name="T2511"/><temp name="T16"/><temp name="T2509"/><temp name="T522"/></temps><temps name="out"><temp name="T2511"/><temp name="T16"/><temp name="T2509"/><temp name="T522"/></temps></instruction><instruction code="INCML T2513, 0"><temps name="use"/><temps name="def"><temp name="T2513"/></temps><temps name="in"><temp name="T2511"/><temp name="T16"/><temp name="T2509"/><temp name="T522"/></temps><temps name="out"><temp name="T2511"/><temp name="T16"/><temp name="T2509"/><temp name="T522"/></temps></instruction><instruction code="INCMH T2513, 0"><temps name="use"/><temps name="def"><temp name="T2513"/></temps><temps name="in"><temp name="T2511"/><temp name="T16"/><temp name="T2509"/><temp name="T522"/></temps><temps name="out"><temp name="T2511"/><temp name="T16"/><temp name="T2509"/><temp name="T522"/></temps></instruction><instruction code="INCH  T2513, 0"><temps name="use"/><temps name="def"><temp name="T2513"/></temps><temps name="in"><temp name="T2511"/><temp name="T16"/><temp name="T2509"/><temp name="T522"/></temps><temps name="out"><temp name="T2511"/><temp name="T2513"/><temp name="T16"/><temp name="T2509"/><temp name="T522"/></temps></instruction><instruction code="MUL T2514, T2511, T2513"><temps name="use"><temp name="T2511"/><temp name="T2513"/></temps><temps name="def"><temp name="T2514"/></temps><temps name="in"><temp name="T2511"/><temp name="T2513"/><temp name="T16"/><temp name="T2509"/><temp name="T522"/></temps><temps name="out"><temp name="T16"/><temp name="T2509"/><temp name="T2514"/><temp name="T522"/></temps></instruction><instruction code="ADD T2515, T2509, T2514"><temps name="use"><temp name="T2509"/><temp name="T2514"/></temps><temps name="def"><temp name="T2515"/></temps><temps name="in"><temp name="T16"/><temp name="T2509"/><temp name="T2514"/><temp name="T522"/></temps><temps name="out"><temp name="T16"/><temp name="T2515"/><temp name="T522"/></temps></instruction><instruction code="STO T2515, T522, 0"><temps name="use"><temp name="T2515"/><temp name="T522"/></temps><temps name="def"/><temps name="in"><temp name="T16"/><temp name="T2515"/><temp name="T522"/></temps><temps name="out"><temp name="T16"/></temps></instruction><instruction code="OR T523, T16, 0"><temps name="use"><temp name="T16"/></temps><temps name="def"><temp name="T523"/></temps><temps name="in"><temp name="T16"/></temps><temps name="out"><temp name="T16"/><temp name="T523"/></temps></instruction><instruction code="SETL  T2517, 808"><temps name="use"/><temps name="def"><temp name="T2517"/></temps><temps name="in"><temp name="T16"/><temp name="T523"/></temps><temps name="out"><temp name="T16"/><temp name="T523"/></temps></instruction><instruction code="INCML T2517, 0"><temps name="use"/><temps name="def"><temp name="T2517"/></temps><temps name="in"><temp name="T16"/><temp name="T523"/></temps><temps name="out"><temp name="T16"/><temp name="T523"/></temps></instruction><instruction code="INCMH T2517, 0"><temps name="use"/><temps name="def"><temp name="T2517"/></temps><temps name="in"><temp name="T16"/><temp name="T523"/></temps><temps name="out"><temp name="T16"/><temp name="T523"/></temps></instruction><instruction code="INCH  T2517, 0"><temps name="use"/><temps name="def"><temp name="T2517"/></temps><temps name="in"><temp name="T16"/><temp name="T523"/></temps><temps name="out"><temp name="T2517"/><temp name="T16"/><temp name="T523"/></temps></instruction><instruction code="NEG T2517, 0, T2517"><temps name="use"><temp name="T2517"/></temps><temps name="def"><temp name="T2517"/></temps><temps name="in"><temp name="T2517"/><temp name="T16"/><temp name="T523"/></temps><temps name="out"><temp name="T2517"/><temp name="T16"/><temp name="T523"/></temps></instruction><instruction code="OR T524, T2517, 0"><temps name="use"><temp name="T2517"/></temps><temps name="def"><temp name="T524"/></temps><temps name="in"><temp name="T2517"/><temp name="T16"/><temp name="T523"/></temps><temps name="out"><temp name="T16"/><temp name="T523"/><temp name="T524"/></temps></instruction><instruction code="ADD T2518, T523, T524"><temps name="use"><temp name="T523"/><temp name="T524"/></temps><temps name="def"><temp name="T2518"/></temps><temps name="in"><temp name="T16"/><temp name="T523"/><temp name="T524"/></temps><temps name="out"><temp name="T2518"/><temp name="T16"/></temps></instruction><instruction code="OR T525, T2518, 0"><temps name="use"><temp name="T2518"/></temps><temps name="def"><temp name="T525"/></temps><temps name="in"><temp name="T2518"/><temp name="T16"/></temps><temps name="out"><temp name="T16"/><temp name="T525"/></temps></instruction><instruction code="OR T526, T525, 0"><temps name="use"><temp name="T525"/></temps><temps name="def"><temp name="T526"/></temps><temps name="in"><temp name="T16"/><temp name="T525"/></temps><temps name="out"><temp name="T16"/><temp name="T526"/></temps></instruction><instruction code="SETL  T2520, 1"><temps name="use"/><temps name="def"><temp name="T2520"/></temps><temps name="in"><temp name="T16"/><temp name="T526"/></temps><temps name="out"><temp name="T16"/><temp name="T526"/></temps></instruction><instruction code="INCML T2520, 0"><temps name="use"/><temps name="def"><temp name="T2520"/></temps><temps name="in"><temp name="T16"/><temp name="T526"/></temps><temps name="out"><temp name="T16"/><temp name="T526"/></temps></instruction><instruction code="INCMH T2520, 0"><temps name="use"/><temps name="def"><temp name="T2520"/></temps><temps name="in"><temp name="T16"/><temp name="T526"/></temps><temps name="out"><temp name="T16"/><temp name="T526"/></temps></instruction><instruction code="INCH  T2520, 0"><temps name="use"/><temps name="def"><temp name="T2520"/></temps><temps name="in"><temp name="T16"/><temp name="T526"/></temps><temps name="out"><temp name="T16"/><temp name="T526"/><temp name="T2520"/></temps></instruction><instruction code="OR T527, T2520, 0"><temps name="use"><temp name="T2520"/></temps><temps name="def"><temp name="T527"/></temps><temps name="in"><temp name="T16"/><temp name="T526"/><temp name="T2520"/></temps><temps name="out"><temp name="T16"/><temp name="T526"/><temp name="T527"/></temps></instruction><instruction code="ADD T2521, T526, T527"><temps name="use"><temp name="T526"/><temp name="T527"/></temps><temps name="def"><temp name="T2521"/></temps><temps name="in"><temp name="T16"/><temp name="T526"/><temp name="T527"/></temps><temps name="out"><temp name="T16"/><temp name="T2521"/></temps></instruction><instruction code="OR T528, T2521, 0"><temps name="use"><temp name="T2521"/></temps><temps name="def"><temp name="T528"/></temps><temps name="in"><temp name="T16"/><temp name="T2521"/></temps><temps name="out"><temp name="T16"/><temp name="T528"/></temps></instruction><instruction code="SETL  T2522, 808"><temps name="use"/><temps name="def"><temp name="T2522"/></temps><temps name="in"><temp name="T16"/><temp name="T528"/></temps><temps name="out"><temp name="T16"/><temp name="T528"/></temps></instruction><instruction code="INCML T2522, 0"><temps name="use"/><temps name="def"><temp name="T2522"/></temps><temps name="in"><temp name="T16"/><temp name="T528"/></temps><temps name="out"><temp name="T16"/><temp name="T528"/></temps></instruction><instruction code="INCMH T2522, 0"><temps name="use"/><temps name="def"><temp name="T2522"/></temps><temps name="in"><temp name="T16"/><temp name="T528"/></temps><temps name="out"><temp name="T16"/><temp name="T528"/></temps></instruction><instruction code="INCH  T2522, 0"><temps name="use"/><temps name="def"><temp name="T2522"/></temps><temps name="in"><temp name="T16"/><temp name="T528"/></temps><temps name="out"><temp name="T2522"/><temp name="T16"/><temp name="T528"/></temps></instruction><instruction code="NEG T2522, 0, T2522"><temps name="use"><temp name="T2522"/></temps><temps name="def"><temp name="T2522"/></temps><temps name="in"><temp name="T2522"/><temp name="T16"/><temp name="T528"/></temps><temps name="out"><temp name="T2522"/><temp name="T16"/><temp name="T528"/></temps></instruction><instruction code="ADD T2523, T16, T2522"><temps name="use"><temp name="T16"/><temp name="T2522"/></temps><temps name="def"><temp name="T2523"/></temps><temps name="in"><temp name="T2522"/><temp name="T16"/><temp name="T528"/></temps><temps name="out"><temp name="T16"/><temp name="T528"/><temp name="T2523"/></temps></instruction><instruction code="STO T2523, T528, 0"><temps name="use"><temp name="T2523"/><temp name="T528"/></temps><temps name="def"/><temps name="in"><temp name="T16"/><temp name="T528"/><temp name="T2523"/></temps><temps name="out"><temp name="T16"/></temps></instruction><instruction code="LDA T2525, L48"><temps name="use"/><temps name="def"><temp name="T2525"/></temps><temps name="in"><temp name="T16"/></temps><temps name="out"><temp name="T16"/><temp name="T2525"/></temps></instruction><instruction code="GO T2525, T2525, 0"><temps name="use"><temp name="T2525"/></temps><temps name="def"><temp name="T2525"/></temps><temps name="in"><temp name="T16"/><temp name="T2525"/></temps><temps name="out"><temp name="T16"/></temps></instruction><instruction code="L50"><temps name="use"/><temps name="def"/><temps name="in"><temp name="T16"/></temps><temps name="out"><temp name="T16"/></temps></instruction><instruction code="OR T529, T16, 0"><temps name="use"><temp name="T16"/></temps><temps name="def"><temp name="T529"/></temps><temps name="in"><temp name="T16"/></temps><temps name="out"><temp name="T529"/></temps></instruction><instruction code="SETL  T2526, 0"><temps name="use"/><temps name="def"><temp name="T2526"/></temps><temps name="in"><temp name="T529"/></temps><temps name="out"><temp name="T529"/></temps></instruction><instruction code="INCML T2526, 0"><temps name="use"/><temps name="def"><temp name="T2526"/></temps><temps name="in"><temp name="T529"/></temps><temps name="out"><temp name="T529"/></temps></instruction><instruction code="INCMH T2526, 0"><temps name="use"/><temps name="def"><temp name="T2526"/></temps><temps name="in"><temp name="T529"/></temps><temps name="out"><temp name="T529"/></temps></instruction><instruction code="INCH  T2526, 0"><temps name="use"/><temps name="def"><temp name="T2526"/></temps><temps name="in"><temp name="T529"/></temps><temps name="out"><temp name="T529"/><temp name="T2526"/></temps></instruction><instruction code="OR T530, T2526, 0"><temps name="use"><temp name="T2526"/></temps><temps name="def"><temp name="T530"/></temps><temps name="in"><temp name="T529"/><temp name="T2526"/></temps><temps name="out"><temp name="T529"/><temp name="T530"/></temps></instruction><instruction code="STO T529, $254, 8"><temps name="use"><temp name="T529"/></temps><temps name="def"/><temps name="in"><temp name="T529"/><temp name="T530"/></temps><temps name="out"><temp name="T530"/></temps></instruction><instruction code="STO T530, $254, 16"><temps name="use"><temp name="T530"/></temps><temps name="def"/><temps name="in"><temp name="T530"/></temps><temps name="out"/></instruction><instruction code="LDA T2527, L0"><temps name="use"/><temps name="def"><temp name="T2527"/></temps><temps name="in"/><temps name="out"><temp name="T2527"/></temps></instruction><instruction code="PUSHJ $16, T2527, 0"><temps name="use"><temp name="T2527"/></temps><temps name="def"/><temps name="in"><temp name="T2527"/></temps><temps name="out"/></instruction><instruction code="LDO T2528, $254, 0"><temps name="use"/><temps name="def"><temp name="T2528"/></temps><temps name="in"/><temps name="out"><temp name="T2528"/></temps></instruction><instruction code="OR T531, T2528, 0"><temps name="use"><temp name="T2528"/></temps><temps name="def"><temp name="T531"/></temps><temps name="in"><temp name="T2528"/></temps><temps name="out"/></instruction><instruction code="SETL  T2529, 0"><temps name="use"/><temps name="def"><temp name="T2529"/></temps><temps name="in"/><temps name="out"/></instruction><instruction code="INCML T2529, 0"><temps name="use"/><temps name="def"><temp name="T2529"/></temps><temps name="in"/><temps name="out"/></instruction><instruction code="INCMH T2529, 0"><temps name="use"/><temps name="def"><temp name="T2529"/></temps><temps name="in"/><temps name="out"/></instruction><instruction code="INCH  T2529, 0"><temps name="use"/><temps name="def"><temp name="T2529"/></temps><temps name="in"/><temps name="out"><temp name="T2529"/></temps></instruction><instruction code="OR T532, T2529, 0"><temps name="use"><temp name="T2529"/></temps><temps name="def"><temp name="T532"/></temps><temps name="in"><temp name="T2529"/></temps><temps name="out"><temp name="T532"/></temps></instruction><instruction code="OR T17, T532, 0"><temps name="use"><temp name="T532"/></temps><temps name="def"><temp name="T17"/></temps><temps name="in"><temp name="T532"/></temps><temps name="out"/></instruction><instruction code="LDA T2530, L131"><temps name="use"/><temps name="def"><temp name="T2530"/></temps><temps name="in"/><temps name="out"><temp name="T2530"/></temps></instruction><instruction code="GO T2530, T2530, 0"><temps name="use"><temp name="T2530"/></temps><temps name="def"><temp name="T2530"/></temps><temps name="in"><temp name="T2530"/></temps><temps name="out"/></instruction></instructions></code><code entrylabel="L136" exitlabel="L137" tempsize="0"><frame FP="T22" RV="T23" argssize="0" depth="2" label="L1" locssize="96" size="112"/><instructions><instruction code="L136"><temps name="use"/><temps name="def"/><temps name="in"><temp name="T22"/></temps><temps name="out"><temp name="T22"/></temps></instruction><instruction code="SETL  T2531, 1"><temps name="use"/><temps name="def"><temp name="T2531"/></temps><temps name="in"><temp name="T22"/></temps><temps name="out"><temp name="T22"/></temps></instruction><instruction code="INCML T2531, 0"><temps name="use"/><temps name="def"><temp name="T2531"/></temps><temps name="in"><temp name="T22"/></temps><temps name="out"><temp name="T22"/></temps></instruction><instruction code="INCMH T2531, 0"><temps name="use"/><temps name="def"><temp name="T2531"/></temps><temps name="in"><temp name="T22"/></temps><temps name="out"><temp name="T22"/></temps></instruction><instruction code="INCH  T2531, 0"><temps name="use"/><temps name="def"><temp name="T2531"/></temps><temps name="in"><temp name="T22"/></temps><temps name="out"><temp name="T22"/><temp name="T2531"/></temps></instruction><instruction code="OR T533, T2531, 0"><temps name="use"><temp name="T2531"/></temps><temps name="def"><temp name="T533"/></temps><temps name="in"><temp name="T22"/><temp name="T2531"/></temps><temps name="out"><temp name="T533"/><temp name="T22"/></temps></instruction><instruction code="SETL  T2532, 96"><temps name="use"/><temps name="def"><temp name="T2532"/></temps><temps name="in"><temp name="T533"/><temp name="T22"/></temps><temps name="out"><temp name="T533"/><temp name="T22"/></temps></instruction><instruction code="INCML T2532, 0"><temps name="use"/><temps name="def"><temp name="T2532"/></temps><temps name="in"><temp name="T533"/><temp name="T22"/></temps><temps name="out"><temp name="T533"/><temp name="T22"/></temps></instruction><instruction code="INCMH T2532, 0"><temps name="use"/><temps name="def"><temp name="T2532"/></temps><temps name="in"><temp name="T533"/><temp name="T22"/></temps><temps name="out"><temp name="T533"/><temp name="T22"/></temps></instruction><instruction code="INCH  T2532, 0"><temps name="use"/><temps name="def"><temp name="T2532"/></temps><temps name="in"><temp name="T533"/><temp name="T22"/></temps><temps name="out"><temp name="T2532"/><temp name="T533"/><temp name="T22"/></temps></instruction><instruction code="NEG T2532, 0, T2532"><temps name="use"><temp name="T2532"/></temps><temps name="def"><temp name="T2532"/></temps><temps name="in"><temp name="T2532"/><temp name="T533"/><temp name="T22"/></temps><temps name="out"><temp name="T2532"/><temp name="T533"/><temp name="T22"/></temps></instruction><instruction code="ADD T2533, T22, T2532"><temps name="use"><temp name="T22"/><temp name="T2532"/></temps><temps name="def"><temp name="T2533"/></temps><temps name="in"><temp name="T2532"/><temp name="T533"/><temp name="T22"/></temps><temps name="out"><temp name="T533"/><temp name="T2533"/><temp name="T22"/></temps></instruction><instruction code="STO T2533, T533, 0"><temps name="use"><temp name="T2533"/><temp name="T533"/></temps><temps name="def"/><temps name="in"><temp name="T533"/><temp name="T2533"/><temp name="T22"/></temps><temps name="out"><temp name="T22"/></temps></instruction><instruction code="SETL  T2535, 1"><temps name="use"/><temps name="def"><temp name="T2535"/></temps><temps name="in"><temp name="T22"/></temps><temps name="out"><temp name="T22"/></temps></instruction><instruction code="INCML T2535, 0"><temps name="use"/><temps name="def"><temp name="T2535"/></temps><temps name="in"><temp name="T22"/></temps><temps name="out"><temp name="T22"/></temps></instruction><instruction code="INCMH T2535, 0"><temps name="use"/><temps name="def"><temp name="T2535"/></temps><temps name="in"><temp name="T22"/></temps><temps name="out"><temp name="T22"/></temps></instruction><instruction code="INCH  T2535, 0"><temps name="use"/><temps name="def"><temp name="T2535"/></temps><temps name="in"><temp name="T22"/></temps><temps name="out"><temp name="T2535"/><temp name="T22"/></temps></instruction><instruction code="OR T534, T2535, 0"><temps name="use"><temp name="T2535"/></temps><temps name="def"><temp name="T534"/></temps><temps name="in"><temp name="T2535"/><temp name="T22"/></temps><temps name="out"><temp name="T534"/><temp name="T22"/></temps></instruction><instruction code="SETL  T2536, 88"><temps name="use"/><temps name="def"><temp name="T2536"/></temps><temps name="in"><temp name="T534"/><temp name="T22"/></temps><temps name="out"><temp name="T534"/><temp name="T22"/></temps></instruction><instruction code="INCML T2536, 0"><temps name="use"/><temps name="def"><temp name="T2536"/></temps><temps name="in"><temp name="T534"/><temp name="T22"/></temps><temps name="out"><temp name="T534"/><temp name="T22"/></temps></instruction><instruction code="INCMH T2536, 0"><temps name="use"/><temps name="def"><temp name="T2536"/></temps><temps name="in"><temp name="T534"/><temp name="T22"/></temps><temps name="out"><temp name="T534"/><temp name="T22"/></temps></instruction><instruction code="INCH  T2536, 0"><temps name="use"/><temps name="def"><temp name="T2536"/></temps><temps name="in"><temp name="T534"/><temp name="T22"/></temps><temps name="out"><temp name="T534"/><temp name="T22"/><temp name="T2536"/></temps></instruction><instruction code="NEG T2536, 0, T2536"><temps name="use"><temp name="T2536"/></temps><temps name="def"><temp name="T2536"/></temps><temps name="in"><temp name="T534"/><temp name="T22"/><temp name="T2536"/></temps><temps name="out"><temp name="T534"/><temp name="T22"/><temp name="T2536"/></temps></instruction><instruction code="ADD T2537, T22, T2536"><temps name="use"><temp name="T22"/><temp name="T2536"/></temps><temps name="def"><temp name="T2537"/></temps><temps name="in"><temp name="T534"/><temp name="T22"/><temp name="T2536"/></temps><temps name="out"><temp name="T2537"/><temp name="T534"/><temp name="T22"/></temps></instruction><instruction code="STO T2537, T534, 0"><temps name="use"><temp name="T2537"/><temp name="T534"/></temps><temps name="def"/><temps name="in"><temp name="T2537"/><temp name="T534"/><temp name="T22"/></temps><temps name="out"><temp name="T22"/></temps></instruction><instruction code="L51"><temps name="use"/><temps name="def"/><temps name="in"><temp name="T22"/></temps><temps name="out"><temp name="T22"/></temps></instruction><instruction code="OR T535, T22, 0"><temps name="use"><temp name="T22"/></temps><temps name="def"><temp name="T535"/></temps><temps name="in"><temp name="T22"/></temps><temps name="out"><temp name="T535"/><temp name="T22"/></temps></instruction><instruction code="SETL  T2539, 88"><temps name="use"/><temps name="def"><temp name="T2539"/></temps><temps name="in"><temp name="T535"/><temp name="T22"/></temps><temps name="out"><temp name="T535"/><temp name="T22"/></temps></instruction><instruction code="INCML T2539, 0"><temps name="use"/><temps name="def"><temp name="T2539"/></temps><temps name="in"><temp name="T535"/><temp name="T22"/></temps><temps name="out"><temp name="T535"/><temp name="T22"/></temps></instruction><instruction code="INCMH T2539, 0"><temps name="use"/><temps name="def"><temp name="T2539"/></temps><temps name="in"><temp name="T535"/><temp name="T22"/></temps><temps name="out"><temp name="T535"/><temp name="T22"/></temps></instruction><instruction code="INCH  T2539, 0"><temps name="use"/><temps name="def"><temp name="T2539"/></temps><temps name="in"><temp name="T535"/><temp name="T22"/></temps><temps name="out"><temp name="T535"/><temp name="T22"/><temp name="T2539"/></temps></instruction><instruction code="NEG T2539, 0, T2539"><temps name="use"><temp name="T2539"/></temps><temps name="def"><temp name="T2539"/></temps><temps name="in"><temp name="T535"/><temp name="T22"/><temp name="T2539"/></temps><temps name="out"><temp name="T535"/><temp name="T22"/><temp name="T2539"/></temps></instruction><instruction code="OR T536, T2539, 0"><temps name="use"><temp name="T2539"/></temps><temps name="def"><temp name="T536"/></temps><temps name="in"><temp name="T535"/><temp name="T22"/><temp name="T2539"/></temps><temps name="out"><temp name="T535"/><temp name="T22"/><temp name="T536"/></temps></instruction><instruction code="ADD T2540, T535, T536"><temps name="use"><temp name="T535"/><temp name="T536"/></temps><temps name="def"><temp name="T2540"/></temps><temps name="in"><temp name="T535"/><temp name="T22"/><temp name="T536"/></temps><temps name="out"><temp name="T22"/><temp name="T2540"/></temps></instruction><instruction code="OR T537, T2540, 0"><temps name="use"><temp name="T2540"/></temps><temps name="def"><temp name="T537"/></temps><temps name="in"><temp name="T22"/><temp name="T2540"/></temps><temps name="out"><temp name="T537"/><temp name="T22"/></temps></instruction><instruction code="OR T538, T537, 0"><temps name="use"><temp name="T537"/></temps><temps name="def"><temp name="T538"/></temps><temps name="in"><temp name="T537"/><temp name="T22"/></temps><temps name="out"><temp name="T22"/><temp name="T538"/></temps></instruction><instruction code="SETL  T2542, 9"><temps name="use"/><temps name="def"><temp name="T2542"/></temps><temps name="in"><temp name="T22"/><temp name="T538"/></temps><temps name="out"><temp name="T22"/><temp name="T538"/></temps></instruction><instruction code="INCML T2542, 0"><temps name="use"/><temps name="def"><temp name="T2542"/></temps><temps name="in"><temp name="T22"/><temp name="T538"/></temps><temps name="out"><temp name="T22"/><temp name="T538"/></temps></instruction><instruction code="INCMH T2542, 0"><temps name="use"/><temps name="def"><temp name="T2542"/></temps><temps name="in"><temp name="T22"/><temp name="T538"/></temps><temps name="out"><temp name="T22"/><temp name="T538"/></temps></instruction><instruction code="INCH  T2542, 0"><temps name="use"/><temps name="def"><temp name="T2542"/></temps><temps name="in"><temp name="T22"/><temp name="T538"/></temps><temps name="out"><temp name="T22"/><temp name="T538"/><temp name="T2542"/></temps></instruction><instruction code="OR T539, T2542, 0"><temps name="use"><temp name="T2542"/></temps><temps name="def"><temp name="T539"/></temps><temps name="in"><temp name="T22"/><temp name="T538"/><temp name="T2542"/></temps><temps name="out"><temp name="T539"/><temp name="T22"/><temp name="T538"/></temps></instruction><instruction code="CMP T2543, T538, T539"><temps name="use"><temp name="T538"/><temp name="T539"/></temps><temps name="def"><temp name="T2543"/></temps><temps name="in"><temp name="T539"/><temp name="T22"/><temp name="T538"/></temps><temps name="out"><temp name="T2543"/><temp name="T22"/></temps></instruction><instruction code="ZSNP T2543, T2543, 1"><temps name="use"><temp name="T2543"/></temps><temps name="def"><temp name="T2543"/></temps><temps name="in"><temp name="T2543"/><temp name="T22"/></temps><temps name="out"><temp name="T2543"/><temp name="T22"/></temps></instruction><instruction code="OR T540, T2543, 0"><temps name="use"><temp name="T2543"/></temps><temps name="def"><temp name="T540"/></temps><temps name="in"><temp name="T2543"/><temp name="T22"/></temps><temps name="out"><temp name="T22"/><temp name="T540"/></temps></instruction><instruction code="BNZ T540, L52"><temps name="use"><temp name="T540"/></temps><temps name="def"/><temps name="in"><temp name="T22"/><temp name="T540"/></temps><temps name="out"><temp name="T22"/></temps></instruction><instruction code="L132"><temps name="use"/><temps name="def"/><temps name="in"><temp name="T22"/></temps><temps name="out"><temp name="T22"/></temps></instruction><instruction code="LDA T2544, L53"><temps name="use"/><temps name="def"><temp name="T2544"/></temps><temps name="in"><temp name="T22"/></temps><temps name="out"><temp name="T2544"/><temp name="T22"/></temps></instruction><instruction code="GO T2544, T2544, 0"><temps name="use"><temp name="T2544"/></temps><temps name="def"><temp name="T2544"/></temps><temps name="in"><temp name="T2544"/><temp name="T22"/></temps><temps name="out"><temp name="T22"/></temps></instruction><instruction code="L52"><temps name="use"/><temps name="def"/><temps name="in"><temp name="T22"/></temps><temps name="out"><temp name="T22"/></temps></instruction><instruction code="SETL  T2545, 0"><temps name="use"/><temps name="def"><temp name="T2545"/></temps><temps name="in"><temp name="T22"/></temps><temps name="out"><temp name="T22"/></temps></instruction><instruction code="INCML T2545, 0"><temps name="use"/><temps name="def"><temp name="T2545"/></temps><temps name="in"><temp name="T22"/></temps><temps name="out"><temp name="T22"/></temps></instruction><instruction code="INCMH T2545, 0"><temps name="use"/><temps name="def"><temp name="T2545"/></temps><temps name="in"><temp name="T22"/></temps><temps name="out"><temp name="T22"/></temps></instruction><instruction code="INCH  T2545, 0"><temps name="use"/><temps name="def"><temp name="T2545"/></temps><temps name="in"><temp name="T22"/></temps><temps name="out"><temp name="T22"/><temp name="T2545"/></temps></instruction><instruction code="OR T541, T2545, 0"><temps name="use"><temp name="T2545"/></temps><temps name="def"><temp name="T541"/></temps><temps name="in"><temp name="T22"/><temp name="T2545"/></temps><temps name="out"><temp name="T541"/><temp name="T22"/></temps></instruction><instruction code="SETL  T2546, 80"><temps name="use"/><temps name="def"><temp name="T2546"/></temps><temps name="in"><temp name="T541"/><temp name="T22"/></temps><temps name="out"><temp name="T541"/><temp name="T22"/></temps></instruction><instruction code="INCML T2546, 0"><temps name="use"/><temps name="def"><temp name="T2546"/></temps><temps name="in"><temp name="T541"/><temp name="T22"/></temps><temps name="out"><temp name="T541"/><temp name="T22"/></temps></instruction><instruction code="INCMH T2546, 0"><temps name="use"/><temps name="def"><temp name="T2546"/></temps><temps name="in"><temp name="T541"/><temp name="T22"/></temps><temps name="out"><temp name="T541"/><temp name="T22"/></temps></instruction><instruction code="INCH  T2546, 0"><temps name="use"/><temps name="def"><temp name="T2546"/></temps><temps name="in"><temp name="T541"/><temp name="T22"/></temps><temps name="out"><temp name="T2546"/><temp name="T541"/><temp name="T22"/></temps></instruction><instruction code="NEG T2546, 0, T2546"><temps name="use"><temp name="T2546"/></temps><temps name="def"><temp name="T2546"/></temps><temps name="in"><temp name="T2546"/><temp name="T541"/><temp name="T22"/></temps><temps name="out"><temp name="T2546"/><temp name="T541"/><temp name="T22"/></temps></instruction><instruction code="ADD T2547, T22, T2546"><temps name="use"><temp name="T22"/><temp name="T2546"/></temps><temps name="def"><temp name="T2547"/></temps><temps name="in"><temp name="T2546"/><temp name="T541"/><temp name="T22"/></temps><temps name="out"><temp name="T541"/><temp name="T22"/><temp name="T2547"/></temps></instruction><instruction code="SETL  T2548, 88"><temps name="use"/><temps name="def"><temp name="T2548"/></temps><temps name="in"><temp name="T541"/><temp name="T22"/><temp name="T2547"/></temps><temps name="out"><temp name="T541"/><temp name="T22"/><temp name="T2547"/></temps></instruction><instruction code="INCML T2548, 0"><temps name="use"/><temps name="def"><temp name="T2548"/></temps><temps name="in"><temp name="T541"/><temp name="T22"/><temp name="T2547"/></temps><temps name="out"><temp name="T541"/><temp name="T22"/><temp name="T2547"/></temps></instruction><instruction code="INCMH T2548, 0"><temps name="use"/><temps name="def"><temp name="T2548"/></temps><temps name="in"><temp name="T541"/><temp name="T22"/><temp name="T2547"/></temps><temps name="out"><temp name="T541"/><temp name="T22"/><temp name="T2547"/></temps></instruction><instruction code="INCH  T2548, 0"><temps name="use"/><temps name="def"><temp name="T2548"/></temps><temps name="in"><temp name="T541"/><temp name="T22"/><temp name="T2547"/></temps><temps name="out"><temp name="T2548"/><temp name="T541"/><temp name="T22"/><temp name="T2547"/></temps></instruction><instruction code="NEG T2548, 0, T2548"><temps name="use"><temp name="T2548"/></temps><temps name="def"><temp name="T2548"/></temps><temps name="in"><temp name="T2548"/><temp name="T541"/><temp name="T22"/><temp name="T2547"/></temps><temps name="out"><temp name="T2548"/><temp name="T541"/><temp name="T22"/><temp name="T2547"/></temps></instruction><instruction code="ADD T2549, T22, T2548"><temps name="use"><temp name="T22"/><temp name="T2548"/></temps><temps name="def"><temp name="T2549"/></temps><temps name="in"><temp name="T2548"/><temp name="T541"/><temp name="T22"/><temp name="T2547"/></temps><temps name="out"><temp name="T541"/><temp name="T2549"/><temp name="T22"/><temp name="T2547"/></temps></instruction><instruction code="SETL  T2551, 8"><temps name="use"/><temps name="def"><temp name="T2551"/></temps><temps name="in"><temp name="T541"/><temp name="T2549"/><temp name="T22"/><temp name="T2547"/></temps><temps name="out"><temp name="T541"/><temp name="T2549"/><temp name="T22"/><temp name="T2547"/></temps></instruction><instruction code="INCML T2551, 0"><temps name="use"/><temps name="def"><temp name="T2551"/></temps><temps name="in"><temp name="T541"/><temp name="T2549"/><temp name="T22"/><temp name="T2547"/></temps><temps name="out"><temp name="T541"/><temp name="T2549"/><temp name="T22"/><temp name="T2547"/></temps></instruction><instruction code="INCMH T2551, 0"><temps name="use"/><temps name="def"><temp name="T2551"/></temps><temps name="in"><temp name="T541"/><temp name="T2549"/><temp name="T22"/><temp name="T2547"/></temps><temps name="out"><temp name="T541"/><temp name="T2549"/><temp name="T22"/><temp name="T2547"/></temps></instruction><instruction code="INCH  T2551, 0"><temps name="use"/><temps name="def"><temp name="T2551"/></temps><temps name="in"><temp name="T541"/><temp name="T2549"/><temp name="T22"/><temp name="T2547"/></temps><temps name="out"><temp name="T2551"/><temp name="T541"/><temp name="T2549"/><temp name="T22"/><temp name="T2547"/></temps></instruction><instruction code="MUL T2552, T2549, T2551"><temps name="use"><temp name="T2549"/><temp name="T2551"/></temps><temps name="def"><temp name="T2552"/></temps><temps name="in"><temp name="T2551"/><temp name="T541"/><temp name="T2549"/><temp name="T22"/><temp name="T2547"/></temps><temps name="out"><temp name="T2552"/><temp name="T541"/><temp name="T22"/><temp name="T2547"/></temps></instruction><instruction code="ADD T2553, T2547, T2552"><temps name="use"><temp name="T2547"/><temp name="T2552"/></temps><temps name="def"><temp name="T2553"/></temps><temps name="in"><temp name="T2552"/><temp name="T541"/><temp name="T22"/><temp name="T2547"/></temps><temps name="out"><temp name="T2553"/><temp name="T541"/><temp name="T22"/></temps></instruction><instruction code="STO T2553, T541, 0"><temps name="use"><temp name="T2553"/><temp name="T541"/></temps><temps name="def"/><temps name="in"><temp name="T2553"/><temp name="T541"/><temp name="T22"/></temps><temps name="out"><temp name="T22"/></temps></instruction><instruction code="OR T542, T22, 0"><temps name="use"><temp name="T22"/></temps><temps name="def"><temp name="T542"/></temps><temps name="in"><temp name="T22"/></temps><temps name="out"><temp name="T542"/><temp name="T22"/></temps></instruction><instruction code="SETL  T2555, 88"><temps name="use"/><temps name="def"><temp name="T2555"/></temps><temps name="in"><temp name="T542"/><temp name="T22"/></temps><temps name="out"><temp name="T542"/><temp name="T22"/></temps></instruction><instruction code="INCML T2555, 0"><temps name="use"/><temps name="def"><temp name="T2555"/></temps><temps name="in"><temp name="T542"/><temp name="T22"/></temps><temps name="out"><temp name="T542"/><temp name="T22"/></temps></instruction><instruction code="INCMH T2555, 0"><temps name="use"/><temps name="def"><temp name="T2555"/></temps><temps name="in"><temp name="T542"/><temp name="T22"/></temps><temps name="out"><temp name="T542"/><temp name="T22"/></temps></instruction><instruction code="INCH  T2555, 0"><temps name="use"/><temps name="def"><temp name="T2555"/></temps><temps name="in"><temp name="T542"/><temp name="T22"/></temps><temps name="out"><temp name="T542"/><temp name="T22"/><temp name="T2555"/></temps></instruction><instruction code="NEG T2555, 0, T2555"><temps name="use"><temp name="T2555"/></temps><temps name="def"><temp name="T2555"/></temps><temps name="in"><temp name="T542"/><temp name="T22"/><temp name="T2555"/></temps><temps name="out"><temp name="T542"/><temp name="T22"/><temp name="T2555"/></temps></instruction><instruction code="OR T543, T2555, 0"><temps name="use"><temp name="T2555"/></temps><temps name="def"><temp name="T543"/></temps><temps name="in"><temp name="T542"/><temp name="T22"/><temp name="T2555"/></temps><temps name="out"><temp name="T543"/><temp name="T542"/><temp name="T22"/></temps></instruction><instruction code="ADD T2556, T542, T543"><temps name="use"><temp name="T542"/><temp name="T543"/></temps><temps name="def"><temp name="T2556"/></temps><temps name="in"><temp name="T543"/><temp name="T542"/><temp name="T22"/></temps><temps name="out"><temp name="T2556"/><temp name="T22"/></temps></instruction><instruction code="OR T544, T2556, 0"><temps name="use"><temp name="T2556"/></temps><temps name="def"><temp name="T544"/></temps><temps name="in"><temp name="T2556"/><temp name="T22"/></temps><temps name="out"><temp name="T544"/><temp name="T22"/></temps></instruction><instruction code="OR T545, T544, 0"><temps name="use"><temp name="T544"/></temps><temps name="def"><temp name="T545"/></temps><temps name="in"><temp name="T544"/><temp name="T22"/></temps><temps name="out"><temp name="T545"/><temp name="T22"/></temps></instruction><instruction code="SETL  T2558, 1"><temps name="use"/><temps name="def"><temp name="T2558"/></temps><temps name="in"><temp name="T545"/><temp name="T22"/></temps><temps name="out"><temp name="T545"/><temp name="T22"/></temps></instruction><instruction code="INCML T2558, 0"><temps name="use"/><temps name="def"><temp name="T2558"/></temps><temps name="in"><temp name="T545"/><temp name="T22"/></temps><temps name="out"><temp name="T545"/><temp name="T22"/></temps></instruction><instruction code="INCMH T2558, 0"><temps name="use"/><temps name="def"><temp name="T2558"/></temps><temps name="in"><temp name="T545"/><temp name="T22"/></temps><temps name="out"><temp name="T545"/><temp name="T22"/></temps></instruction><instruction code="INCH  T2558, 0"><temps name="use"/><temps name="def"><temp name="T2558"/></temps><temps name="in"><temp name="T545"/><temp name="T22"/></temps><temps name="out"><temp name="T545"/><temp name="T2558"/><temp name="T22"/></temps></instruction><instruction code="OR T546, T2558, 0"><temps name="use"><temp name="T2558"/></temps><temps name="def"><temp name="T546"/></temps><temps name="in"><temp name="T545"/><temp name="T2558"/><temp name="T22"/></temps><temps name="out"><temp name="T545"/><temp name="T546"/><temp name="T22"/></temps></instruction><instruction code="ADD T2559, T545, T546"><temps name="use"><temp name="T545"/><temp name="T546"/></temps><temps name="def"><temp name="T2559"/></temps><temps name="in"><temp name="T545"/><temp name="T546"/><temp name="T22"/></temps><temps name="out"><temp name="T22"/><temp name="T2559"/></temps></instruction><instruction code="OR T547, T2559, 0"><temps name="use"><temp name="T2559"/></temps><temps name="def"><temp name="T547"/></temps><temps name="in"><temp name="T22"/><temp name="T2559"/></temps><temps name="out"><temp name="T22"/><temp name="T547"/></temps></instruction><instruction code="SETL  T2560, 88"><temps name="use"/><temps name="def"><temp name="T2560"/></temps><temps name="in"><temp name="T22"/><temp name="T547"/></temps><temps name="out"><temp name="T22"/><temp name="T547"/></temps></instruction><instruction code="INCML T2560, 0"><temps name="use"/><temps name="def"><temp name="T2560"/></temps><temps name="in"><temp name="T22"/><temp name="T547"/></temps><temps name="out"><temp name="T22"/><temp name="T547"/></temps></instruction><instruction code="INCMH T2560, 0"><temps name="use"/><temps name="def"><temp name="T2560"/></temps><temps name="in"><temp name="T22"/><temp name="T547"/></temps><temps name="out"><temp name="T22"/><temp name="T547"/></temps></instruction><instruction code="INCH  T2560, 0"><temps name="use"/><temps name="def"><temp name="T2560"/></temps><temps name="in"><temp name="T22"/><temp name="T547"/></temps><temps name="out"><temp name="T2560"/><temp name="T22"/><temp name="T547"/></temps></instruction><instruction code="NEG T2560, 0, T2560"><temps name="use"><temp name="T2560"/></temps><temps name="def"><temp name="T2560"/></temps><temps name="in"><temp name="T2560"/><temp name="T22"/><temp name="T547"/></temps><temps name="out"><temp name="T22"/><temp name="T2560"/><temp name="T547"/></temps></instruction><instruction code="ADD T2561, T22, T2560"><temps name="use"><temp name="T22"/><temp name="T2560"/></temps><temps name="def"><temp name="T2561"/></temps><temps name="in"><temp name="T22"/><temp name="T2560"/><temp name="T547"/></temps><temps name="out"><temp name="T22"/><temp name="T547"/><temp name="T2561"/></temps></instruction><instruction code="STO T2561, T547, 0"><temps name="use"><temp name="T2561"/><temp name="T547"/></temps><temps name="def"/><temps name="in"><temp name="T22"/><temp name="T547"/><temp name="T2561"/></temps><temps name="out"><temp name="T22"/></temps></instruction><instruction code="LDA T2563, L51"><temps name="use"/><temps name="def"><temp name="T2563"/></temps><temps name="in"><temp name="T22"/></temps><temps name="out"><temp name="T22"/><temp name="T2563"/></temps></instruction><instruction code="GO T2563, T2563, 0"><temps name="use"><temp name="T2563"/></temps><temps name="def"><temp name="T2563"/></temps><temps name="in"><temp name="T22"/><temp name="T2563"/></temps><temps name="out"><temp name="T22"/></temps></instruction><instruction code="L53"><temps name="use"/><temps name="def"/><temps name="in"><temp name="T22"/></temps><temps name="out"><temp name="T22"/></temps></instruction><instruction code="SETL  T2564, 0"><temps name="use"/><temps name="def"><temp name="T2564"/></temps><temps name="in"><temp name="T22"/></temps><temps name="out"><temp name="T22"/></temps></instruction><instruction code="INCML T2564, 0"><temps name="use"/><temps name="def"><temp name="T2564"/></temps><temps name="in"><temp name="T22"/></temps><temps name="out"><temp name="T22"/></temps></instruction><instruction code="INCMH T2564, 0"><temps name="use"/><temps name="def"><temp name="T2564"/></temps><temps name="in"><temp name="T22"/></temps><temps name="out"><temp name="T22"/></temps></instruction><instruction code="INCH  T2564, 0"><temps name="use"/><temps name="def"><temp name="T2564"/></temps><temps name="in"><temp name="T22"/></temps><temps name="out"><temp name="T22"/><temp name="T2564"/></temps></instruction><instruction code="OR T548, T2564, 0"><temps name="use"><temp name="T2564"/></temps><temps name="def"><temp name="T548"/></temps><temps name="in"><temp name="T22"/><temp name="T2564"/></temps><temps name="out"><temp name="T548"/><temp name="T22"/></temps></instruction><instruction code="SETL  T2565, 88"><temps name="use"/><temps name="def"><temp name="T2565"/></temps><temps name="in"><temp name="T548"/><temp name="T22"/></temps><temps name="out"><temp name="T548"/><temp name="T22"/></temps></instruction><instruction code="INCML T2565, 0"><temps name="use"/><temps name="def"><temp name="T2565"/></temps><temps name="in"><temp name="T548"/><temp name="T22"/></temps><temps name="out"><temp name="T548"/><temp name="T22"/></temps></instruction><instruction code="INCMH T2565, 0"><temps name="use"/><temps name="def"><temp name="T2565"/></temps><temps name="in"><temp name="T548"/><temp name="T22"/></temps><temps name="out"><temp name="T548"/><temp name="T22"/></temps></instruction><instruction code="INCH  T2565, 0"><temps name="use"/><temps name="def"><temp name="T2565"/></temps><temps name="in"><temp name="T548"/><temp name="T22"/></temps><temps name="out"><temp name="T548"/><temp name="T22"/><temp name="T2565"/></temps></instruction><instruction code="NEG T2565, 0, T2565"><temps name="use"><temp name="T2565"/></temps><temps name="def"><temp name="T2565"/></temps><temps name="in"><temp name="T548"/><temp name="T22"/><temp name="T2565"/></temps><temps name="out"><temp name="T548"/><temp name="T22"/><temp name="T2565"/></temps></instruction><instruction code="ADD T2566, T22, T2565"><temps name="use"><temp name="T22"/><temp name="T2565"/></temps><temps name="def"><temp name="T2566"/></temps><temps name="in"><temp name="T548"/><temp name="T22"/><temp name="T2565"/></temps><temps name="out"><temp name="T548"/><temp name="T2566"/><temp name="T22"/></temps></instruction><instruction code="STO T2566, T548, 0"><temps name="use"><temp name="T2566"/><temp name="T548"/></temps><temps name="def"/><temps name="in"><temp name="T548"/><temp name="T2566"/><temp name="T22"/></temps><temps name="out"><temp name="T22"/></temps></instruction><instruction code="L59"><temps name="use"/><temps name="def"/><temps name="in"><temp name="T22"/></temps><temps name="out"><temp name="T22"/></temps></instruction><instruction code="OR T549, T22, 0"><temps name="use"><temp name="T22"/></temps><temps name="def"><temp name="T549"/></temps><temps name="in"><temp name="T22"/></temps><temps name="out"><temp name="T549"/><temp name="T22"/></temps></instruction><instruction code="SETL  T2568, 88"><temps name="use"/><temps name="def"><temp name="T2568"/></temps><temps name="in"><temp name="T549"/><temp name="T22"/></temps><temps name="out"><temp name="T549"/><temp name="T22"/></temps></instruction><instruction code="INCML T2568, 0"><temps name="use"/><temps name="def"><temp name="T2568"/></temps><temps name="in"><temp name="T549"/><temp name="T22"/></temps><temps name="out"><temp name="T549"/><temp name="T22"/></temps></instruction><instruction code="INCMH T2568, 0"><temps name="use"/><temps name="def"><temp name="T2568"/></temps><temps name="in"><temp name="T549"/><temp name="T22"/></temps><temps name="out"><temp name="T549"/><temp name="T22"/></temps></instruction><instruction code="INCH  T2568, 0"><temps name="use"/><temps name="def"><temp name="T2568"/></temps><temps name="in"><temp name="T549"/><temp name="T22"/></temps><temps name="out"><temp name="T2568"/><temp name="T549"/><temp name="T22"/></temps></instruction><instruction code="NEG T2568, 0, T2568"><temps name="use"><temp name="T2568"/></temps><temps name="def"><temp name="T2568"/></temps><temps name="in"><temp name="T2568"/><temp name="T549"/><temp name="T22"/></temps><temps name="out"><temp name="T2568"/><temp name="T549"/><temp name="T22"/></temps></instruction><instruction code="OR T550, T2568, 0"><temps name="use"><temp name="T2568"/></temps><temps name="def"><temp name="T550"/></temps><temps name="in"><temp name="T2568"/><temp name="T549"/><temp name="T22"/></temps><temps name="out"><temp name="T549"/><temp name="T550"/><temp name="T22"/></temps></instruction><instruction code="ADD T2569, T549, T550"><temps name="use"><temp name="T549"/><temp name="T550"/></temps><temps name="def"><temp name="T2569"/></temps><temps name="in"><temp name="T549"/><temp name="T550"/><temp name="T22"/></temps><temps name="out"><temp name="T2569"/><temp name="T22"/></temps></instruction><instruction code="OR T551, T2569, 0"><temps name="use"><temp name="T2569"/></temps><temps name="def"><temp name="T551"/></temps><temps name="in"><temp name="T2569"/><temp name="T22"/></temps><temps name="out"><temp name="T551"/><temp name="T22"/></temps></instruction><instruction code="OR T552, T551, 0"><temps name="use"><temp name="T551"/></temps><temps name="def"><temp name="T552"/></temps><temps name="in"><temp name="T551"/><temp name="T22"/></temps><temps name="out"><temp name="T552"/><temp name="T22"/></temps></instruction><instruction code="SETL  T2571, 9"><temps name="use"/><temps name="def"><temp name="T2571"/></temps><temps name="in"><temp name="T552"/><temp name="T22"/></temps><temps name="out"><temp name="T552"/><temp name="T22"/></temps></instruction><instruction code="INCML T2571, 0"><temps name="use"/><temps name="def"><temp name="T2571"/></temps><temps name="in"><temp name="T552"/><temp name="T22"/></temps><temps name="out"><temp name="T552"/><temp name="T22"/></temps></instruction><instruction code="INCMH T2571, 0"><temps name="use"/><temps name="def"><temp name="T2571"/></temps><temps name="in"><temp name="T552"/><temp name="T22"/></temps><temps name="out"><temp name="T552"/><temp name="T22"/></temps></instruction><instruction code="INCH  T2571, 0"><temps name="use"/><temps name="def"><temp name="T2571"/></temps><temps name="in"><temp name="T552"/><temp name="T22"/></temps><temps name="out"><temp name="T552"/><temp name="T2571"/><temp name="T22"/></temps></instruction><instruction code="OR T553, T2571, 0"><temps name="use"><temp name="T2571"/></temps><temps name="def"><temp name="T553"/></temps><temps name="in"><temp name="T552"/><temp name="T2571"/><temp name="T22"/></temps><temps name="out"><temp name="T552"/><temp name="T553"/><temp name="T22"/></temps></instruction><instruction code="CMP T2572, T552, T553"><temps name="use"><temp name="T552"/><temp name="T553"/></temps><temps name="def"><temp name="T2572"/></temps><temps name="in"><temp name="T552"/><temp name="T553"/><temp name="T22"/></temps><temps name="out"><temp name="T22"/><temp name="T2572"/></temps></instruction><instruction code="ZSN T2572, T2572, 1"><temps name="use"><temp name="T2572"/></temps><temps name="def"><temp name="T2572"/></temps><temps name="in"><temp name="T22"/><temp name="T2572"/></temps><temps name="out"><temp name="T22"/><temp name="T2572"/></temps></instruction><instruction code="OR T554, T2572, 0"><temps name="use"><temp name="T2572"/></temps><temps name="def"><temp name="T554"/></temps><temps name="in"><temp name="T22"/><temp name="T2572"/></temps><temps name="out"><temp name="T554"/><temp name="T22"/></temps></instruction><instruction code="BNZ T554, L60"><temps name="use"><temp name="T554"/></temps><temps name="def"/><temps name="in"><temp name="T554"/><temp name="T22"/></temps><temps name="out"><temp name="T22"/></temps></instruction><instruction code="L133"><temps name="use"/><temps name="def"/><temps name="in"><temp name="T22"/></temps><temps name="out"><temp name="T22"/></temps></instruction><instruction code="LDA T2573, L61"><temps name="use"/><temps name="def"><temp name="T2573"/></temps><temps name="in"><temp name="T22"/></temps><temps name="out"><temp name="T2573"/><temp name="T22"/></temps></instruction><instruction code="GO T2573, T2573, 0"><temps name="use"><temp name="T2573"/></temps><temps name="def"><temp name="T2573"/></temps><temps name="in"><temp name="T2573"/><temp name="T22"/></temps><temps name="out"><temp name="T22"/></temps></instruction><instruction code="L60"><temps name="use"/><temps name="def"/><temps name="in"><temp name="T22"/></temps><temps name="out"><temp name="T22"/></temps></instruction><instruction code="OR T555, T22, 0"><temps name="use"><temp name="T22"/></temps><temps name="def"><temp name="T555"/></temps><temps name="in"><temp name="T22"/></temps><temps name="out"><temp name="T22"/><temp name="T555"/></temps></instruction><instruction code="OR T556, T555, 0"><temps name="use"><temp name="T555"/></temps><temps name="def"><temp name="T556"/></temps><temps name="in"><temp name="T22"/><temp name="T555"/></temps><temps name="out"><temp name="T556"/><temp name="T22"/></temps></instruction><instruction code="SETL  T2575, 8"><temps name="use"/><temps name="def"><temp name="T2575"/></temps><temps name="in"><temp name="T556"/><temp name="T22"/></temps><temps name="out"><temp name="T556"/><temp name="T22"/></temps></instruction><instruction code="INCML T2575, 0"><temps name="use"/><temps name="def"><temp name="T2575"/></temps><temps name="in"><temp name="T556"/><temp name="T22"/></temps><temps name="out"><temp name="T556"/><temp name="T22"/></temps></instruction><instruction code="INCMH T2575, 0"><temps name="use"/><temps name="def"><temp name="T2575"/></temps><temps name="in"><temp name="T556"/><temp name="T22"/></temps><temps name="out"><temp name="T556"/><temp name="T22"/></temps></instruction><instruction code="INCH  T2575, 0"><temps name="use"/><temps name="def"><temp name="T2575"/></temps><temps name="in"><temp name="T556"/><temp name="T22"/></temps><temps name="out"><temp name="T556"/><temp name="T2575"/><temp name="T22"/></temps></instruction><instruction code="OR T557, T2575, 0"><temps name="use"><temp name="T2575"/></temps><temps name="def"><temp name="T557"/></temps><temps name="in"><temp name="T556"/><temp name="T2575"/><temp name="T22"/></temps><temps name="out"><temp name="T557"/><temp name="T556"/><temp name="T22"/></temps></instruction><instruction code="ADD T2576, T556, T557"><temps name="use"><temp name="T556"/><temp name="T557"/></temps><temps name="def"><temp name="T2576"/></temps><temps name="in"><temp name="T557"/><temp name="T556"/><temp name="T22"/></temps><temps name="out"><temp name="T2576"/><temp name="T22"/></temps></instruction><instruction code="OR T558, T2576, 0"><temps name="use"><temp name="T2576"/></temps><temps name="def"><temp name="T558"/></temps><temps name="in"><temp name="T2576"/><temp name="T22"/></temps><temps name="out"><temp name="T558"/><temp name="T22"/></temps></instruction><instruction code="OR T559, T558, 0"><temps name="use"><temp name="T558"/></temps><temps name="def"><temp name="T559"/></temps><temps name="in"><temp name="T558"/><temp name="T22"/></temps><temps name="out"><temp name="T22"/><temp name="T559"/></temps></instruction><instruction code="OR T560, T22, 0"><temps name="use"><temp name="T22"/></temps><temps name="def"><temp name="T560"/></temps><temps name="in"><temp name="T22"/><temp name="T559"/></temps><temps name="out"><temp name="T560"/><temp name="T559"/><temp name="T22"/></temps></instruction><instruction code="SETL  T2578, 8"><temps name="use"/><temps name="def"><temp name="T2578"/></temps><temps name="in"><temp name="T560"/><temp name="T559"/><temp name="T22"/></temps><temps name="out"><temp name="T560"/><temp name="T559"/><temp name="T22"/></temps></instruction><instruction code="INCML T2578, 0"><temps name="use"/><temps name="def"><temp name="T2578"/></temps><temps name="in"><temp name="T560"/><temp name="T559"/><temp name="T22"/></temps><temps name="out"><temp name="T560"/><temp name="T559"/><temp name="T22"/></temps></instruction><instruction code="INCMH T2578, 0"><temps name="use"/><temps name="def"><temp name="T2578"/></temps><temps name="in"><temp name="T560"/><temp name="T559"/><temp name="T22"/></temps><temps name="out"><temp name="T560"/><temp name="T559"/><temp name="T22"/></temps></instruction><instruction code="INCH  T2578, 0"><temps name="use"/><temps name="def"><temp name="T2578"/></temps><temps name="in"><temp name="T560"/><temp name="T559"/><temp name="T22"/></temps><temps name="out"><temp name="T2578"/><temp name="T560"/><temp name="T559"/><temp name="T22"/></temps></instruction><instruction code="OR T561, T2578, 0"><temps name="use"><temp name="T2578"/></temps><temps name="def"><temp name="T561"/></temps><temps name="in"><temp name="T2578"/><temp name="T560"/><temp name="T559"/><temp name="T22"/></temps><temps name="out"><temp name="T561"/><temp name="T560"/><temp name="T559"/><temp name="T22"/></temps></instruction><instruction code="ADD T2579, T560, T561"><temps name="use"><temp name="T560"/><temp name="T561"/></temps><temps name="def"><temp name="T2579"/></temps><temps name="in"><temp name="T561"/><temp name="T560"/><temp name="T559"/><temp name="T22"/></temps><temps name="out"><temp name="T2579"/><temp name="T559"/><temp name="T22"/></temps></instruction><instruction code="OR T562, T2579, 0"><temps name="use"><temp name="T2579"/></temps><temps name="def"><temp name="T562"/></temps><temps name="in"><temp name="T2579"/><temp name="T559"/><temp name="T22"/></temps><temps name="out"><temp name="T562"/><temp name="T559"/><temp name="T22"/></temps></instruction><instruction code="OR T563, T562, 0"><temps name="use"><temp name="T562"/></temps><temps name="def"><temp name="T563"/></temps><temps name="in"><temp name="T562"/><temp name="T559"/><temp name="T22"/></temps><temps name="out"><temp name="T563"/><temp name="T559"/><temp name="T22"/></temps></instruction><instruction code="SETL  T2581, 72"><temps name="use"/><temps name="def"><temp name="T2581"/></temps><temps name="in"><temp name="T563"/><temp name="T559"/><temp name="T22"/></temps><temps name="out"><temp name="T563"/><temp name="T559"/><temp name="T22"/></temps></instruction><instruction code="INCML T2581, 0"><temps name="use"/><temps name="def"><temp name="T2581"/></temps><temps name="in"><temp name="T563"/><temp name="T559"/><temp name="T22"/></temps><temps name="out"><temp name="T563"/><temp name="T559"/><temp name="T22"/></temps></instruction><instruction code="INCMH T2581, 0"><temps name="use"/><temps name="def"><temp name="T2581"/></temps><temps name="in"><temp name="T563"/><temp name="T559"/><temp name="T22"/></temps><temps name="out"><temp name="T563"/><temp name="T559"/><temp name="T22"/></temps></instruction><instruction code="INCH  T2581, 0"><temps name="use"/><temps name="def"><temp name="T2581"/></temps><temps name="in"><temp name="T563"/><temp name="T559"/><temp name="T22"/></temps><temps name="out"><temp name="T2581"/><temp name="T563"/><temp name="T559"/><temp name="T22"/></temps></instruction><instruction code="OR T564, T2581, 0"><temps name="use"><temp name="T2581"/></temps><temps name="def"><temp name="T564"/></temps><temps name="in"><temp name="T2581"/><temp name="T563"/><temp name="T559"/><temp name="T22"/></temps><temps name="out"><temp name="T564"/><temp name="T563"/><temp name="T559"/><temp name="T22"/></temps></instruction><instruction code="MUL T2582, T563, T564"><temps name="use"><temp name="T563"/><temp name="T564"/></temps><temps name="def"><temp name="T2582"/></temps><temps name="in"><temp name="T564"/><temp name="T563"/><temp name="T559"/><temp name="T22"/></temps><temps name="out"><temp name="T2582"/><temp name="T559"/><temp name="T22"/></temps></instruction><instruction code="OR T565, T2582, 0"><temps name="use"><temp name="T2582"/></temps><temps name="def"><temp name="T565"/></temps><temps name="in"><temp name="T2582"/><temp name="T559"/><temp name="T22"/></temps><temps name="out"><temp name="T559"/><temp name="T22"/><temp name="T565"/></temps></instruction><instruction code="ADD T2583, T559, T565"><temps name="use"><temp name="T559"/><temp name="T565"/></temps><temps name="def"><temp name="T2583"/></temps><temps name="in"><temp name="T559"/><temp name="T22"/><temp name="T565"/></temps><temps name="out"><temp name="T2583"/><temp name="T22"/></temps></instruction><instruction code="OR T566, T2583, 0"><temps name="use"><temp name="T2583"/></temps><temps name="def"><temp name="T566"/></temps><temps name="in"><temp name="T2583"/><temp name="T22"/></temps><temps name="out"><temp name="T22"/><temp name="T566"/></temps></instruction><instruction code="OR T567, T22, 0"><temps name="use"><temp name="T22"/></temps><temps name="def"><temp name="T567"/></temps><temps name="in"><temp name="T22"/><temp name="T566"/></temps><temps name="out"><temp name="T567"/><temp name="T566"/><temp name="T22"/></temps></instruction><instruction code="SETL  T2584, 88"><temps name="use"/><temps name="def"><temp name="T2584"/></temps><temps name="in"><temp name="T567"/><temp name="T566"/><temp name="T22"/></temps><temps name="out"><temp name="T567"/><temp name="T566"/><temp name="T22"/></temps></instruction><instruction code="INCML T2584, 0"><temps name="use"/><temps name="def"><temp name="T2584"/></temps><temps name="in"><temp name="T567"/><temp name="T566"/><temp name="T22"/></temps><temps name="out"><temp name="T567"/><temp name="T566"/><temp name="T22"/></temps></instruction><instruction code="INCMH T2584, 0"><temps name="use"/><temps name="def"><temp name="T2584"/></temps><temps name="in"><temp name="T567"/><temp name="T566"/><temp name="T22"/></temps><temps name="out"><temp name="T567"/><temp name="T566"/><temp name="T22"/></temps></instruction><instruction code="INCH  T2584, 0"><temps name="use"/><temps name="def"><temp name="T2584"/></temps><temps name="in"><temp name="T567"/><temp name="T566"/><temp name="T22"/></temps><temps name="out"><temp name="T567"/><temp name="T2584"/><temp name="T566"/><temp name="T22"/></temps></instruction><instruction code="NEG T2584, 0, T2584"><temps name="use"><temp name="T2584"/></temps><temps name="def"><temp name="T2584"/></temps><temps name="in"><temp name="T567"/><temp name="T2584"/><temp name="T566"/><temp name="T22"/></temps><temps name="out"><temp name="T567"/><temp name="T2584"/><temp name="T566"/><temp name="T22"/></temps></instruction><instruction code="OR T568, T2584, 0"><temps name="use"><temp name="T2584"/></temps><temps name="def"><temp name="T568"/></temps><temps name="in"><temp name="T567"/><temp name="T2584"/><temp name="T566"/><temp name="T22"/></temps><temps name="out"><temp name="T567"/><temp name="T566"/><temp name="T22"/><temp name="T568"/></temps></instruction><instruction code="ADD T2585, T567, T568"><temps name="use"><temp name="T567"/><temp name="T568"/></temps><temps name="def"><temp name="T2585"/></temps><temps name="in"><temp name="T567"/><temp name="T566"/><temp name="T22"/><temp name="T568"/></temps><temps name="out"><temp name="T2585"/><temp name="T566"/><temp name="T22"/></temps></instruction><instruction code="OR T569, T2585, 0"><temps name="use"><temp name="T2585"/></temps><temps name="def"><temp name="T569"/></temps><temps name="in"><temp name="T2585"/><temp name="T566"/><temp name="T22"/></temps><temps name="out"><temp name="T569"/><temp name="T566"/><temp name="T22"/></temps></instruction><instruction code="OR T570, T569, 0"><temps name="use"><temp name="T569"/></temps><temps name="def"><temp name="T570"/></temps><temps name="in"><temp name="T569"/><temp name="T566"/><temp name="T22"/></temps><temps name="out"><temp name="T570"/><temp name="T566"/><temp name="T22"/></temps></instruction><instruction code="SETL  T2587, 8"><temps name="use"/><temps name="def"><temp name="T2587"/></temps><temps name="in"><temp name="T570"/><temp name="T566"/><temp name="T22"/></temps><temps name="out"><temp name="T570"/><temp name="T566"/><temp name="T22"/></temps></instruction><instruction code="INCML T2587, 0"><temps name="use"/><temps name="def"><temp name="T2587"/></temps><temps name="in"><temp name="T570"/><temp name="T566"/><temp name="T22"/></temps><temps name="out"><temp name="T570"/><temp name="T566"/><temp name="T22"/></temps></instruction><instruction code="INCMH T2587, 0"><temps name="use"/><temps name="def"><temp name="T2587"/></temps><temps name="in"><temp name="T570"/><temp name="T566"/><temp name="T22"/></temps><temps name="out"><temp name="T570"/><temp name="T566"/><temp name="T22"/></temps></instruction><instruction code="INCH  T2587, 0"><temps name="use"/><temps name="def"><temp name="T2587"/></temps><temps name="in"><temp name="T570"/><temp name="T566"/><temp name="T22"/></temps><temps name="out"><temp name="T570"/><temp name="T566"/><temp name="T22"/><temp name="T2587"/></temps></instruction><instruction code="OR T571, T2587, 0"><temps name="use"><temp name="T2587"/></temps><temps name="def"><temp name="T571"/></temps><temps name="in"><temp name="T570"/><temp name="T566"/><temp name="T22"/><temp name="T2587"/></temps><temps name="out"><temp name="T570"/><temp name="T571"/><temp name="T566"/><temp name="T22"/></temps></instruction><instruction code="MUL T2588, T570, T571"><temps name="use"><temp name="T570"/><temp name="T571"/></temps><temps name="def"><temp name="T2588"/></temps><temps name="in"><temp name="T570"/><temp name="T571"/><temp name="T566"/><temp name="T22"/></temps><temps name="out"><temp name="T2588"/><temp name="T566"/><temp name="T22"/></temps></instruction><instruction code="OR T572, T2588, 0"><temps name="use"><temp name="T2588"/></temps><temps name="def"><temp name="T572"/></temps><temps name="in"><temp name="T2588"/><temp name="T566"/><temp name="T22"/></temps><temps name="out"><temp name="T572"/><temp name="T566"/><temp name="T22"/></temps></instruction><instruction code="ADD T2589, T566, T572"><temps name="use"><temp name="T566"/><temp name="T572"/></temps><temps name="def"><temp name="T2589"/></temps><temps name="in"><temp name="T572"/><temp name="T566"/><temp name="T22"/></temps><temps name="out"><temp name="T2589"/><temp name="T22"/></temps></instruction><instruction code="OR T573, T2589, 0"><temps name="use"><temp name="T2589"/></temps><temps name="def"><temp name="T573"/></temps><temps name="in"><temp name="T2589"/><temp name="T22"/></temps><temps name="out"><temp name="T573"/><temp name="T22"/></temps></instruction><instruction code="OR T574, T573, 0"><temps name="use"><temp name="T573"/></temps><temps name="def"><temp name="T574"/></temps><temps name="in"><temp name="T573"/><temp name="T22"/></temps><temps name="out"><temp name="T574"/><temp name="T22"/></temps></instruction><instruction code="SETL  T2591, 0"><temps name="use"/><temps name="def"><temp name="T2591"/></temps><temps name="in"><temp name="T574"/><temp name="T22"/></temps><temps name="out"><temp name="T574"/><temp name="T22"/></temps></instruction><instruction code="INCML T2591, 0"><temps name="use"/><temps name="def"><temp name="T2591"/></temps><temps name="in"><temp name="T574"/><temp name="T22"/></temps><temps name="out"><temp name="T574"/><temp name="T22"/></temps></instruction><instruction code="INCMH T2591, 0"><temps name="use"/><temps name="def"><temp name="T2591"/></temps><temps name="in"><temp name="T574"/><temp name="T22"/></temps><temps name="out"><temp name="T574"/><temp name="T22"/></temps></instruction><instruction code="INCH  T2591, 0"><temps name="use"/><temps name="def"><temp name="T2591"/></temps><temps name="in"><temp name="T574"/><temp name="T22"/></temps><temps name="out"><temp name="T574"/><temp name="T2591"/><temp name="T22"/></temps></instruction><instruction code="OR T575, T2591, 0"><temps name="use"><temp name="T2591"/></temps><temps name="def"><temp name="T575"/></temps><temps name="in"><temp name="T574"/><temp name="T2591"/><temp name="T22"/></temps><temps name="out"><temp name="T574"/><temp name="T575"/><temp name="T22"/></temps></instruction><instruction code="CMP T2592, T574, T575"><temps name="use"><temp name="T574"/><temp name="T575"/></temps><temps name="def"><temp name="T2592"/></temps><temps name="in"><temp name="T574"/><temp name="T575"/><temp name="T22"/></temps><temps name="out"><temp name="T2592"/><temp name="T22"/></temps></instruction><instruction code="ZSNZ T2592, T2592, 1"><temps name="use"><temp name="T2592"/></temps><temps name="def"><temp name="T2592"/></temps><temps name="in"><temp name="T2592"/><temp name="T22"/></temps><temps name="out"><temp name="T2592"/><temp name="T22"/></temps></instruction><instruction code="OR T576, T2592, 0"><temps name="use"><temp name="T2592"/></temps><temps name="def"><temp name="T576"/></temps><temps name="in"><temp name="T2592"/><temp name="T22"/></temps><temps name="out"><temp name="T22"/><temp name="T576"/></temps></instruction><instruction code="BNZ T576, L57"><temps name="use"><temp name="T576"/></temps><temps name="def"/><temps name="in"><temp name="T22"/><temp name="T576"/></temps><temps name="out"><temp name="T22"/></temps></instruction><instruction code="L134"><temps name="use"/><temps name="def"/><temps name="in"><temp name="T22"/></temps><temps name="out"><temp name="T22"/></temps></instruction><instruction code="LDA T2593, L58"><temps name="use"/><temps name="def"><temp name="T2593"/></temps><temps name="in"><temp name="T22"/></temps><temps name="out"><temp name="T2593"/><temp name="T22"/></temps></instruction><instruction code="GO T2593, T2593, 0"><temps name="use"><temp name="T2593"/></temps><temps name="def"><temp name="T2593"/></temps><temps name="in"><temp name="T2593"/><temp name="T22"/></temps><temps name="out"><temp name="T22"/></temps></instruction><instruction code="L57"><temps name="use"/><temps name="def"/><temps name="in"><temp name="T22"/></temps><temps name="out"><temp name="T22"/></temps></instruction><instruction code="OR T577, T22, 0"><temps name="use"><temp name="T22"/></temps><temps name="def"><temp name="T577"/></temps><temps name="in"><temp name="T22"/></temps><temps name="out"><temp name="T577"/><temp name="T22"/></temps></instruction><instruction code="SETL  T2594, 80"><temps name="use"/><temps name="def"><temp name="T2594"/></temps><temps name="in"><temp name="T577"/><temp name="T22"/></temps><temps name="out"><temp name="T577"/><temp name="T22"/></temps></instruction><instruction code="INCML T2594, 0"><temps name="use"/><temps name="def"><temp name="T2594"/></temps><temps name="in"><temp name="T577"/><temp name="T22"/></temps><temps name="out"><temp name="T577"/><temp name="T22"/></temps></instruction><instruction code="INCMH T2594, 0"><temps name="use"/><temps name="def"><temp name="T2594"/></temps><temps name="in"><temp name="T577"/><temp name="T22"/></temps><temps name="out"><temp name="T577"/><temp name="T22"/></temps></instruction><instruction code="INCH  T2594, 0"><temps name="use"/><temps name="def"><temp name="T2594"/></temps><temps name="in"><temp name="T577"/><temp name="T22"/></temps><temps name="out"><temp name="T577"/><temp name="T2594"/><temp name="T22"/></temps></instruction><instruction code="NEG T2594, 0, T2594"><temps name="use"><temp name="T2594"/></temps><temps name="def"><temp name="T2594"/></temps><temps name="in"><temp name="T577"/><temp name="T2594"/><temp name="T22"/></temps><temps name="out"><temp name="T577"/><temp name="T2594"/><temp name="T22"/></temps></instruction><instruction code="OR T578, T2594, 0"><temps name="use"><temp name="T2594"/></temps><temps name="def"><temp name="T578"/></temps><temps name="in"><temp name="T577"/><temp name="T2594"/><temp name="T22"/></temps><temps name="out"><temp name="T577"/><temp name="T578"/><temp name="T22"/></temps></instruction><instruction code="ADD T2595, T577, T578"><temps name="use"><temp name="T577"/><temp name="T578"/></temps><temps name="def"><temp name="T2595"/></temps><temps name="in"><temp name="T577"/><temp name="T578"/><temp name="T22"/></temps><temps name="out"><temp name="T22"/><temp name="T2595"/></temps></instruction><instruction code="OR T579, T2595, 0"><temps name="use"><temp name="T2595"/></temps><temps name="def"><temp name="T579"/></temps><temps name="in"><temp name="T22"/><temp name="T2595"/></temps><temps name="out"><temp name="T579"/><temp name="T22"/></temps></instruction><instruction code="OR T580, T22, 0"><temps name="use"><temp name="T22"/></temps><temps name="def"><temp name="T580"/></temps><temps name="in"><temp name="T579"/><temp name="T22"/></temps><temps name="out"><temp name="T580"/><temp name="T579"/><temp name="T22"/></temps></instruction><instruction code="OR T581, T580, 0"><temps name="use"><temp name="T580"/></temps><temps name="def"><temp name="T581"/></temps><temps name="in"><temp name="T580"/><temp name="T579"/><temp name="T22"/></temps><temps name="out"><temp name="T581"/><temp name="T579"/><temp name="T22"/></temps></instruction><instruction code="SETL  T2597, 8"><temps name="use"/><temps name="def"><temp name="T2597"/></temps><temps name="in"><temp name="T581"/><temp name="T579"/><temp name="T22"/></temps><temps name="out"><temp name="T581"/><temp name="T579"/><temp name="T22"/></temps></instruction><instruction code="INCML T2597, 0"><temps name="use"/><temps name="def"><temp name="T2597"/></temps><temps name="in"><temp name="T581"/><temp name="T579"/><temp name="T22"/></temps><temps name="out"><temp name="T581"/><temp name="T579"/><temp name="T22"/></temps></instruction><instruction code="INCMH T2597, 0"><temps name="use"/><temps name="def"><temp name="T2597"/></temps><temps name="in"><temp name="T581"/><temp name="T579"/><temp name="T22"/></temps><temps name="out"><temp name="T581"/><temp name="T579"/><temp name="T22"/></temps></instruction><instruction code="INCH  T2597, 0"><temps name="use"/><temps name="def"><temp name="T2597"/></temps><temps name="in"><temp name="T581"/><temp name="T579"/><temp name="T22"/></temps><temps name="out"><temp name="T581"/><temp name="T579"/><temp name="T22"/><temp name="T2597"/></temps></instruction><instruction code="OR T582, T2597, 0"><temps name="use"><temp name="T2597"/></temps><temps name="def"><temp name="T582"/></temps><temps name="in"><temp name="T581"/><temp name="T579"/><temp name="T22"/><temp name="T2597"/></temps><temps name="out"><temp name="T581"/><temp name="T582"/><temp name="T579"/><temp name="T22"/></temps></instruction><instruction code="ADD T2598, T581, T582"><temps name="use"><temp name="T581"/><temp name="T582"/></temps><temps name="def"><temp name="T2598"/></temps><temps name="in"><temp name="T581"/><temp name="T582"/><temp name="T579"/><temp name="T22"/></temps><temps name="out"><temp name="T579"/><temp name="T22"/><temp name="T2598"/></temps></instruction><instruction code="OR T583, T2598, 0"><temps name="use"><temp name="T2598"/></temps><temps name="def"><temp name="T583"/></temps><temps name="in"><temp name="T579"/><temp name="T22"/><temp name="T2598"/></temps><temps name="out"><temp name="T579"/><temp name="T22"/><temp name="T583"/></temps></instruction><instruction code="OR T584, T583, 0"><temps name="use"><temp name="T583"/></temps><temps name="def"><temp name="T584"/></temps><temps name="in"><temp name="T579"/><temp name="T22"/><temp name="T583"/></temps><temps name="out"><temp name="T579"/><temp name="T584"/><temp name="T22"/></temps></instruction><instruction code="OR T585, T22, 0"><temps name="use"><temp name="T22"/></temps><temps name="def"><temp name="T585"/></temps><temps name="in"><temp name="T579"/><temp name="T584"/><temp name="T22"/></temps><temps name="out"><temp name="T585"/><temp name="T579"/><temp name="T584"/><temp name="T22"/></temps></instruction><instruction code="SETL  T2600, 8"><temps name="use"/><temps name="def"><temp name="T2600"/></temps><temps name="in"><temp name="T585"/><temp name="T579"/><temp name="T584"/><temp name="T22"/></temps><temps name="out"><temp name="T585"/><temp name="T579"/><temp name="T584"/><temp name="T22"/></temps></instruction><instruction code="INCML T2600, 0"><temps name="use"/><temps name="def"><temp name="T2600"/></temps><temps name="in"><temp name="T585"/><temp name="T579"/><temp name="T584"/><temp name="T22"/></temps><temps name="out"><temp name="T585"/><temp name="T579"/><temp name="T584"/><temp name="T22"/></temps></instruction><instruction code="INCMH T2600, 0"><temps name="use"/><temps name="def"><temp name="T2600"/></temps><temps name="in"><temp name="T585"/><temp name="T579"/><temp name="T584"/><temp name="T22"/></temps><temps name="out"><temp name="T585"/><temp name="T579"/><temp name="T584"/><temp name="T22"/></temps></instruction><instruction code="INCH  T2600, 0"><temps name="use"/><temps name="def"><temp name="T2600"/></temps><temps name="in"><temp name="T585"/><temp name="T579"/><temp name="T584"/><temp name="T22"/></temps><temps name="out"><temp name="T585"/><temp name="T2600"/><temp name="T579"/><temp name="T584"/><temp name="T22"/></temps></instruction><instruction code="OR T586, T2600, 0"><temps name="use"><temp name="T2600"/></temps><temps name="def"><temp name="T586"/></temps><temps name="in"><temp name="T585"/><temp name="T2600"/><temp name="T579"/><temp name="T584"/><temp name="T22"/></temps><temps name="out"><temp name="T585"/><temp name="T586"/><temp name="T579"/><temp name="T584"/><temp name="T22"/></temps></instruction><instruction code="ADD T2601, T585, T586"><temps name="use"><temp name="T585"/><temp name="T586"/></temps><temps name="def"><temp name="T2601"/></temps><temps name="in"><temp name="T585"/><temp name="T586"/><temp name="T579"/><temp name="T584"/><temp name="T22"/></temps><temps name="out"><temp name="T579"/><temp name="T584"/><temp name="T22"/><temp name="T2601"/></temps></instruction><instruction code="OR T587, T2601, 0"><temps name="use"><temp name="T2601"/></temps><temps name="def"><temp name="T587"/></temps><temps name="in"><temp name="T579"/><temp name="T584"/><temp name="T22"/><temp name="T2601"/></temps><temps name="out"><temp name="T587"/><temp name="T579"/><temp name="T584"/><temp name="T22"/></temps></instruction><instruction code="OR T588, T587, 0"><temps name="use"><temp name="T587"/></temps><temps name="def"><temp name="T588"/></temps><temps name="in"><temp name="T587"/><temp name="T579"/><temp name="T584"/><temp name="T22"/></temps><temps name="out"><temp name="T579"/><temp name="T588"/><temp name="T584"/><temp name="T22"/></temps></instruction><instruction code="SETL  T2603, 72"><temps name="use"/><temps name="def"><temp name="T2603"/></temps><temps name="in"><temp name="T579"/><temp name="T588"/><temp name="T584"/><temp name="T22"/></temps><temps name="out"><temp name="T579"/><temp name="T588"/><temp name="T584"/><temp name="T22"/></temps></instruction><instruction code="INCML T2603, 0"><temps name="use"/><temps name="def"><temp name="T2603"/></temps><temps name="in"><temp name="T579"/><temp name="T588"/><temp name="T584"/><temp name="T22"/></temps><temps name="out"><temp name="T579"/><temp name="T588"/><temp name="T584"/><temp name="T22"/></temps></instruction><instruction code="INCMH T2603, 0"><temps name="use"/><temps name="def"><temp name="T2603"/></temps><temps name="in"><temp name="T579"/><temp name="T588"/><temp name="T584"/><temp name="T22"/></temps><temps name="out"><temp name="T579"/><temp name="T588"/><temp name="T584"/><temp name="T22"/></temps></instruction><instruction code="INCH  T2603, 0"><temps name="use"/><temps name="def"><temp name="T2603"/></temps><temps name="in"><temp name="T579"/><temp name="T588"/><temp name="T584"/><temp name="T22"/></temps><temps name="out"><temp name="T579"/><temp name="T2603"/><temp name="T588"/><temp name="T584"/><temp name="T22"/></temps></instruction><instruction code="OR T589, T2603, 0"><temps name="use"><temp name="T2603"/></temps><temps name="def"><temp name="T589"/></temps><temps name="in"><temp name="T579"/><temp name="T2603"/><temp name="T588"/><temp name="T584"/><temp name="T22"/></temps><temps name="out"><temp name="T579"/><temp name="T588"/><temp name="T584"/><temp name="T22"/><temp name="T589"/></temps></instruction><instruction code="MUL T2604, T588, T589"><temps name="use"><temp name="T588"/><temp name="T589"/></temps><temps name="def"><temp name="T2604"/></temps><temps name="in"><temp name="T579"/><temp name="T588"/><temp name="T584"/><temp name="T22"/><temp name="T589"/></temps><temps name="out"><temp name="T579"/><temp name="T2604"/><temp name="T584"/><temp name="T22"/></temps></instruction><instruction code="OR T590, T2604, 0"><temps name="use"><temp name="T2604"/></temps><temps name="def"><temp name="T590"/></temps><temps name="in"><temp name="T579"/><temp name="T2604"/><temp name="T584"/><temp name="T22"/></temps><temps name="out"><temp name="T590"/><temp name="T579"/><temp name="T584"/><temp name="T22"/></temps></instruction><instruction code="ADD T2605, T584, T590"><temps name="use"><temp name="T584"/><temp name="T590"/></temps><temps name="def"><temp name="T2605"/></temps><temps name="in"><temp name="T590"/><temp name="T579"/><temp name="T584"/><temp name="T22"/></temps><temps name="out"><temp name="T579"/><temp name="T22"/><temp name="T2605"/></temps></instruction><instruction code="OR T591, T2605, 0"><temps name="use"><temp name="T2605"/></temps><temps name="def"><temp name="T591"/></temps><temps name="in"><temp name="T579"/><temp name="T22"/><temp name="T2605"/></temps><temps name="out"><temp name="T591"/><temp name="T579"/><temp name="T22"/></temps></instruction><instruction code="OR T592, T22, 0"><temps name="use"><temp name="T22"/></temps><temps name="def"><temp name="T592"/></temps><temps name="in"><temp name="T591"/><temp name="T579"/><temp name="T22"/></temps><temps name="out"><temp name="T591"/><temp name="T579"/><temp name="T592"/><temp name="T22"/></temps></instruction><instruction code="SETL  T2606, 88"><temps name="use"/><temps name="def"><temp name="T2606"/></temps><temps name="in"><temp name="T591"/><temp name="T579"/><temp name="T592"/><temp name="T22"/></temps><temps name="out"><temp name="T591"/><temp name="T579"/><temp name="T592"/><temp name="T22"/></temps></instruction><instruction code="INCML T2606, 0"><temps name="use"/><temps name="def"><temp name="T2606"/></temps><temps name="in"><temp name="T591"/><temp name="T579"/><temp name="T592"/><temp name="T22"/></temps><temps name="out"><temp name="T591"/><temp name="T579"/><temp name="T592"/><temp name="T22"/></temps></instruction><instruction code="INCMH T2606, 0"><temps name="use"/><temps name="def"><temp name="T2606"/></temps><temps name="in"><temp name="T591"/><temp name="T579"/><temp name="T592"/><temp name="T22"/></temps><temps name="out"><temp name="T591"/><temp name="T579"/><temp name="T592"/><temp name="T22"/></temps></instruction><instruction code="INCH  T2606, 0"><temps name="use"/><temps name="def"><temp name="T2606"/></temps><temps name="in"><temp name="T591"/><temp name="T579"/><temp name="T592"/><temp name="T22"/></temps><temps name="out"><temp name="T591"/><temp name="T579"/><temp name="T592"/><temp name="T2606"/><temp name="T22"/></temps></instruction><instruction code="NEG T2606, 0, T2606"><temps name="use"><temp name="T2606"/></temps><temps name="def"><temp name="T2606"/></temps><temps name="in"><temp name="T591"/><temp name="T579"/><temp name="T592"/><temp name="T2606"/><temp name="T22"/></temps><temps name="out"><temp name="T591"/><temp name="T579"/><temp name="T592"/><temp name="T2606"/><temp name="T22"/></temps></instruction><instruction code="OR T593, T2606, 0"><temps name="use"><temp name="T2606"/></temps><temps name="def"><temp name="T593"/></temps><temps name="in"><temp name="T591"/><temp name="T579"/><temp name="T592"/><temp name="T2606"/><temp name="T22"/></temps><temps name="out"><temp name="T591"/><temp name="T593"/><temp name="T579"/><temp name="T592"/><temp name="T22"/></temps></instruction><instruction code="ADD T2607, T592, T593"><temps name="use"><temp name="T592"/><temp name="T593"/></temps><temps name="def"><temp name="T2607"/></temps><temps name="in"><temp name="T591"/><temp name="T593"/><temp name="T579"/><temp name="T592"/><temp name="T22"/></temps><temps name="out"><temp name="T2607"/><temp name="T591"/><temp name="T579"/><temp name="T22"/></temps></instruction><instruction code="OR T594, T2607, 0"><temps name="use"><temp name="T2607"/></temps><temps name="def"><temp name="T594"/></temps><temps name="in"><temp name="T2607"/><temp name="T591"/><temp name="T579"/><temp name="T22"/></temps><temps name="out"><temp name="T594"/><temp name="T591"/><temp name="T579"/><temp name="T22"/></temps></instruction><instruction code="OR T595, T594, 0"><temps name="use"><temp name="T594"/></temps><temps name="def"><temp name="T595"/></temps><temps name="in"><temp name="T594"/><temp name="T591"/><temp name="T579"/><temp name="T22"/></temps><temps name="out"><temp name="T595"/><temp name="T591"/><temp name="T579"/><temp name="T22"/></temps></instruction><instruction code="SETL  T2609, 8"><temps name="use"/><temps name="def"><temp name="T2609"/></temps><temps name="in"><temp name="T595"/><temp name="T591"/><temp name="T579"/><temp name="T22"/></temps><temps name="out"><temp name="T595"/><temp name="T591"/><temp name="T579"/><temp name="T22"/></temps></instruction><instruction code="INCML T2609, 0"><temps name="use"/><temps name="def"><temp name="T2609"/></temps><temps name="in"><temp name="T595"/><temp name="T591"/><temp name="T579"/><temp name="T22"/></temps><temps name="out"><temp name="T595"/><temp name="T591"/><temp name="T579"/><temp name="T22"/></temps></instruction><instruction code="INCMH T2609, 0"><temps name="use"/><temps name="def"><temp name="T2609"/></temps><temps name="in"><temp name="T595"/><temp name="T591"/><temp name="T579"/><temp name="T22"/></temps><temps name="out"><temp name="T595"/><temp name="T591"/><temp name="T579"/><temp name="T22"/></temps></instruction><instruction code="INCH  T2609, 0"><temps name="use"/><temps name="def"><temp name="T2609"/></temps><temps name="in"><temp name="T595"/><temp name="T591"/><temp name="T579"/><temp name="T22"/></temps><temps name="out"><temp name="T595"/><temp name="T591"/><temp name="T579"/><temp name="T22"/><temp name="T2609"/></temps></instruction><instruction code="OR T596, T2609, 0"><temps name="use"><temp name="T2609"/></temps><temps name="def"><temp name="T596"/></temps><temps name="in"><temp name="T595"/><temp name="T591"/><temp name="T579"/><temp name="T22"/><temp name="T2609"/></temps><temps name="out"><temp name="T595"/><temp name="T591"/><temp name="T596"/><temp name="T579"/><temp name="T22"/></temps></instruction><instruction code="MUL T2610, T595, T596"><temps name="use"><temp name="T595"/><temp name="T596"/></temps><temps name="def"><temp name="T2610"/></temps><temps name="in"><temp name="T595"/><temp name="T591"/><temp name="T596"/><temp name="T579"/><temp name="T22"/></temps><temps name="out"><temp name="T591"/><temp name="T2610"/><temp name="T579"/><temp name="T22"/></temps></instruction><instruction code="OR T597, T2610, 0"><temps name="use"><temp name="T2610"/></temps><temps name="def"><temp name="T597"/></temps><temps name="in"><temp name="T591"/><temp name="T2610"/><temp name="T579"/><temp name="T22"/></temps><temps name="out"><temp name="T591"/><temp name="T597"/><temp name="T579"/><temp name="T22"/></temps></instruction><instruction code="ADD T2611, T591, T597"><temps name="use"><temp name="T591"/><temp name="T597"/></temps><temps name="def"><temp name="T2611"/></temps><temps name="in"><temp name="T591"/><temp name="T597"/><temp name="T579"/><temp name="T22"/></temps><temps name="out"><temp name="T579"/><temp name="T2611"/><temp name="T22"/></temps></instruction><instruction code="OR T598, T2611, 0"><temps name="use"><temp name="T2611"/></temps><temps name="def"><temp name="T598"/></temps><temps name="in"><temp name="T579"/><temp name="T2611"/><temp name="T22"/></temps><temps name="out"><temp name="T598"/><temp name="T579"/><temp name="T22"/></temps></instruction><instruction code="OR T599, T598, 0"><temps name="use"><temp name="T598"/></temps><temps name="def"><temp name="T599"/></temps><temps name="in"><temp name="T598"/><temp name="T579"/><temp name="T22"/></temps><temps name="out"><temp name="T599"/><temp name="T579"/><temp name="T22"/></temps></instruction><instruction code="SETL  T2613, 8"><temps name="use"/><temps name="def"><temp name="T2613"/></temps><temps name="in"><temp name="T599"/><temp name="T579"/><temp name="T22"/></temps><temps name="out"><temp name="T599"/><temp name="T579"/><temp name="T22"/></temps></instruction><instruction code="INCML T2613, 0"><temps name="use"/><temps name="def"><temp name="T2613"/></temps><temps name="in"><temp name="T599"/><temp name="T579"/><temp name="T22"/></temps><temps name="out"><temp name="T599"/><temp name="T579"/><temp name="T22"/></temps></instruction><instruction code="INCMH T2613, 0"><temps name="use"/><temps name="def"><temp name="T2613"/></temps><temps name="in"><temp name="T599"/><temp name="T579"/><temp name="T22"/></temps><temps name="out"><temp name="T599"/><temp name="T579"/><temp name="T22"/></temps></instruction><instruction code="INCH  T2613, 0"><temps name="use"/><temps name="def"><temp name="T2613"/></temps><temps name="in"><temp name="T599"/><temp name="T579"/><temp name="T22"/></temps><temps name="out"><temp name="T599"/><temp name="T579"/><temp name="T22"/><temp name="T2613"/></temps></instruction><instruction code="OR T600, T2613, 0"><temps name="use"><temp name="T2613"/></temps><temps name="def"><temp name="T600"/></temps><temps name="in"><temp name="T599"/><temp name="T579"/><temp name="T22"/><temp name="T2613"/></temps><temps name="out"><temp name="T599"/><temp name="T600"/><temp name="T579"/><temp name="T22"/></temps></instruction><instruction code="MUL T2614, T599, T600"><temps name="use"><temp name="T599"/><temp name="T600"/></temps><temps name="def"><temp name="T2614"/></temps><temps name="in"><temp name="T599"/><temp name="T600"/><temp name="T579"/><temp name="T22"/></temps><temps name="out"><temp name="T2614"/><temp name="T579"/><temp name="T22"/></temps></instruction><instruction code="OR T601, T2614, 0"><temps name="use"><temp name="T2614"/></temps><temps name="def"><temp name="T601"/></temps><temps name="in"><temp name="T2614"/><temp name="T579"/><temp name="T22"/></temps><temps name="out"><temp name="T601"/><temp name="T579"/><temp name="T22"/></temps></instruction><instruction code="ADD T2615, T579, T601"><temps name="use"><temp name="T579"/><temp name="T601"/></temps><temps name="def"><temp name="T2615"/></temps><temps name="in"><temp name="T601"/><temp name="T579"/><temp name="T22"/></temps><temps name="out"><temp name="T2615"/><temp name="T22"/></temps></instruction><instruction code="OR T602, T2615, 0"><temps name="use"><temp name="T2615"/></temps><temps name="def"><temp name="T602"/></temps><temps name="in"><temp name="T2615"/><temp name="T22"/></temps><temps name="out"><temp name="T602"/><temp name="T22"/></temps></instruction><instruction code="OR T603, T602, 0"><temps name="use"><temp name="T602"/></temps><temps name="def"><temp name="T603"/></temps><temps name="in"><temp name="T602"/><temp name="T22"/></temps><temps name="out"><temp name="T22"/><temp name="T603"/></temps></instruction><instruction code="BNZ T603, L54"><temps name="use"><temp name="T603"/></temps><temps name="def"/><temps name="in"><temp name="T22"/><temp name="T603"/></temps><temps name="out"><temp name="T22"/></temps></instruction><instruction code="L135"><temps name="use"/><temps name="def"/><temps name="in"><temp name="T22"/></temps><temps name="out"><temp name="T22"/></temps></instruction><instruction code="LDA T2617, L55"><temps name="use"/><temps name="def"><temp name="T2617"/></temps><temps name="in"><temp name="T22"/></temps><temps name="out"><temp name="T2617"/><temp name="T22"/></temps></instruction><instruction code="GO T2617, T2617, 0"><temps name="use"><temp name="T2617"/></temps><temps name="def"><temp name="T2617"/></temps><temps name="in"><temp name="T2617"/><temp name="T22"/></temps><temps name="out"><temp name="T22"/></temps></instruction><instruction code="L54"><temps name="use"/><temps name="def"/><temps name="in"><temp name="T22"/></temps><temps name="out"><temp name="T22"/></temps></instruction><instruction code="SETL  T2618, 0"><temps name="use"/><temps name="def"><temp name="T2618"/></temps><temps name="in"><temp name="T22"/></temps><temps name="out"><temp name="T22"/></temps></instruction><instruction code="INCML T2618, 0"><temps name="use"/><temps name="def"><temp name="T2618"/></temps><temps name="in"><temp name="T22"/></temps><temps name="out"><temp name="T22"/></temps></instruction><instruction code="INCMH T2618, 0"><temps name="use"/><temps name="def"><temp name="T2618"/></temps><temps name="in"><temp name="T22"/></temps><temps name="out"><temp name="T22"/></temps></instruction><instruction code="INCH  T2618, 0"><temps name="use"/><temps name="def"><temp name="T2618"/></temps><temps name="in"><temp name="T22"/></temps><temps name="out"><temp name="T2618"/><temp name="T22"/></temps></instruction><instruction code="OR T604, T2618, 0"><temps name="use"><temp name="T2618"/></temps><temps name="def"><temp name="T604"/></temps><temps name="in"><temp name="T2618"/><temp name="T22"/></temps><temps name="out"><temp name="T22"/><temp name="T604"/></temps></instruction><instruction code="SETL  T2619, 96"><temps name="use"/><temps name="def"><temp name="T2619"/></temps><temps name="in"><temp name="T22"/><temp name="T604"/></temps><temps name="out"><temp name="T22"/><temp name="T604"/></temps></instruction><instruction code="INCML T2619, 0"><temps name="use"/><temps name="def"><temp name="T2619"/></temps><temps name="in"><temp name="T22"/><temp name="T604"/></temps><temps name="out"><temp name="T22"/><temp name="T604"/></temps></instruction><instruction code="INCMH T2619, 0"><temps name="use"/><temps name="def"><temp name="T2619"/></temps><temps name="in"><temp name="T22"/><temp name="T604"/></temps><temps name="out"><temp name="T22"/><temp name="T604"/></temps></instruction><instruction code="INCH  T2619, 0"><temps name="use"/><temps name="def"><temp name="T2619"/></temps><temps name="in"><temp name="T22"/><temp name="T604"/></temps><temps name="out"><temp name="T2619"/><temp name="T22"/><temp name="T604"/></temps></instruction><instruction code="NEG T2619, 0, T2619"><temps name="use"><temp name="T2619"/></temps><temps name="def"><temp name="T2619"/></temps><temps name="in"><temp name="T2619"/><temp name="T22"/><temp name="T604"/></temps><temps name="out"><temp name="T2619"/><temp name="T22"/><temp name="T604"/></temps></instruction><instruction code="ADD T2620, T22, T2619"><temps name="use"><temp name="T22"/><temp name="T2619"/></temps><temps name="def"><temp name="T2620"/></temps><temps name="in"><temp name="T2619"/><temp name="T22"/><temp name="T604"/></temps><temps name="out"><temp name="T2620"/><temp name="T22"/><temp name="T604"/></temps></instruction><instruction code="STO T2620, T604, 0"><temps name="use"><temp name="T2620"/><temp name="T604"/></temps><temps name="def"/><temps name="in"><temp name="T2620"/><temp name="T22"/><temp name="T604"/></temps><temps name="out"><temp name="T22"/></temps></instruction><instruction code="LDA T2622, L56"><temps name="use"/><temps name="def"><temp name="T2622"/></temps><temps name="in"><temp name="T22"/></temps><temps name="out"><temp name="T2622"/><temp name="T22"/></temps></instruction><instruction code="GO T2622, T2622, 0"><temps name="use"><temp name="T2622"/></temps><temps name="def"><temp name="T2622"/></temps><temps name="in"><temp name="T2622"/><temp name="T22"/></temps><temps name="out"><temp name="T22"/></temps></instruction><instruction code="L55"><temps name="use"/><temps name="def"/><temps name="in"><temp name="T22"/></temps><temps name="out"><temp name="T22"/></temps></instruction><instruction code="SETL  T2623, 1"><temps name="use"/><temps name="def"><temp name="T2623"/></temps><temps name="in"><temp name="T22"/></temps><temps name="out"><temp name="T22"/></temps></instruction><instruction code="INCML T2623, 0"><temps name="use"/><temps name="def"><temp name="T2623"/></temps><temps name="in"><temp name="T22"/></temps><temps name="out"><temp name="T22"/></temps></instruction><instruction code="INCMH T2623, 0"><temps name="use"/><temps name="def"><temp name="T2623"/></temps><temps name="in"><temp name="T22"/></temps><temps name="out"><temp name="T22"/></temps></instruction><instruction code="INCH  T2623, 0"><temps name="use"/><temps name="def"><temp name="T2623"/></temps><temps name="in"><temp name="T22"/></temps><temps name="out"><temp name="T2623"/><temp name="T22"/></temps></instruction><instruction code="OR T605, T2623, 0"><temps name="use"><temp name="T2623"/></temps><temps name="def"><temp name="T605"/></temps><temps name="in"><temp name="T2623"/><temp name="T22"/></temps><temps name="out"><temp name="T22"/><temp name="T605"/></temps></instruction><instruction code="SETL  T2624, 80"><temps name="use"/><temps name="def"><temp name="T2624"/></temps><temps name="in"><temp name="T22"/><temp name="T605"/></temps><temps name="out"><temp name="T22"/><temp name="T605"/></temps></instruction><instruction code="INCML T2624, 0"><temps name="use"/><temps name="def"><temp name="T2624"/></temps><temps name="in"><temp name="T22"/><temp name="T605"/></temps><temps name="out"><temp name="T22"/><temp name="T605"/></temps></instruction><instruction code="INCMH T2624, 0"><temps name="use"/><temps name="def"><temp name="T2624"/></temps><temps name="in"><temp name="T22"/><temp name="T605"/></temps><temps name="out"><temp name="T22"/><temp name="T605"/></temps></instruction><instruction code="INCH  T2624, 0"><temps name="use"/><temps name="def"><temp name="T2624"/></temps><temps name="in"><temp name="T22"/><temp name="T605"/></temps><temps name="out"><temp name="T22"/><temp name="T605"/><temp name="T2624"/></temps></instruction><instruction code="NEG T2624, 0, T2624"><temps name="use"><temp name="T2624"/></temps><temps name="def"><temp name="T2624"/></temps><temps name="in"><temp name="T22"/><temp name="T605"/><temp name="T2624"/></temps><temps name="out"><temp name="T22"/><temp name="T605"/><temp name="T2624"/></temps></instruction><instruction code="ADD T2625, T22, T2624"><temps name="use"><temp name="T22"/><temp name="T2624"/></temps><temps name="def"><temp name="T2625"/></temps><temps name="in"><temp name="T22"/><temp name="T605"/><temp name="T2624"/></temps><temps name="out"><temp name="T2625"/><temp name="T22"/><temp name="T605"/></temps></instruction><instruction code="SETL  T2627, 8"><temps name="use"/><temps name="def"><temp name="T2627"/></temps><temps name="in"><temp name="T2625"/><temp name="T22"/><temp name="T605"/></temps><temps name="out"><temp name="T2625"/><temp name="T22"/><temp name="T605"/></temps></instruction><instruction code="INCML T2627, 0"><temps name="use"/><temps name="def"><temp name="T2627"/></temps><temps name="in"><temp name="T2625"/><temp name="T22"/><temp name="T605"/></temps><temps name="out"><temp name="T2625"/><temp name="T22"/><temp name="T605"/></temps></instruction><instruction code="INCMH T2627, 0"><temps name="use"/><temps name="def"><temp name="T2627"/></temps><temps name="in"><temp name="T2625"/><temp name="T22"/><temp name="T605"/></temps><temps name="out"><temp name="T2625"/><temp name="T22"/><temp name="T605"/></temps></instruction><instruction code="INCH  T2627, 0"><temps name="use"/><temps name="def"><temp name="T2627"/></temps><temps name="in"><temp name="T2625"/><temp name="T22"/><temp name="T605"/></temps><temps name="out"><temp name="T2625"/><temp name="T22"/><temp name="T2627"/><temp name="T605"/></temps></instruction><instruction code="ADD T2628, T22, T2627"><temps name="use"><temp name="T22"/><temp name="T2627"/></temps><temps name="def"><temp name="T2628"/></temps><temps name="in"><temp name="T2625"/><temp name="T22"/><temp name="T2627"/><temp name="T605"/></temps><temps name="out"><temp name="T2625"/><temp name="T22"/><temp name="T2628"/><temp name="T605"/></temps></instruction><instruction code="SETL  T2630, 8"><temps name="use"/><temps name="def"><temp name="T2630"/></temps><temps name="in"><temp name="T2625"/><temp name="T22"/><temp name="T2628"/><temp name="T605"/></temps><temps name="out"><temp name="T2625"/><temp name="T22"/><temp name="T2628"/><temp name="T605"/></temps></instruction><instruction code="INCML T2630, 0"><temps name="use"/><temps name="def"><temp name="T2630"/></temps><temps name="in"><temp name="T2625"/><temp name="T22"/><temp name="T2628"/><temp name="T605"/></temps><temps name="out"><temp name="T2625"/><temp name="T22"/><temp name="T2628"/><temp name="T605"/></temps></instruction><instruction code="INCMH T2630, 0"><temps name="use"/><temps name="def"><temp name="T2630"/></temps><temps name="in"><temp name="T2625"/><temp name="T22"/><temp name="T2628"/><temp name="T605"/></temps><temps name="out"><temp name="T2625"/><temp name="T22"/><temp name="T2628"/><temp name="T605"/></temps></instruction><instruction code="INCH  T2630, 0"><temps name="use"/><temps name="def"><temp name="T2630"/></temps><temps name="in"><temp name="T2625"/><temp name="T22"/><temp name="T2628"/><temp name="T605"/></temps><temps name="out"><temp name="T2630"/><temp name="T2625"/><temp name="T22"/><temp name="T2628"/><temp name="T605"/></temps></instruction><instruction code="ADD T2631, T22, T2630"><temps name="use"><temp name="T22"/><temp name="T2630"/></temps><temps name="def"><temp name="T2631"/></temps><temps name="in"><temp name="T2630"/><temp name="T2625"/><temp name="T22"/><temp name="T2628"/><temp name="T605"/></temps><temps name="out"><temp name="T2631"/><temp name="T2625"/><temp name="T2628"/><temp name="T22"/><temp name="T605"/></temps></instruction><instruction code="SETL  T2633, 72"><temps name="use"/><temps name="def"><temp name="T2633"/></temps><temps name="in"><temp name="T2631"/><temp name="T2625"/><temp name="T2628"/><temp name="T22"/><temp name="T605"/></temps><temps name="out"><temp name="T2631"/><temp name="T2625"/><temp name="T2628"/><temp name="T22"/><temp name="T605"/></temps></instruction><instruction code="INCML T2633, 0"><temps name="use"/><temps name="def"><temp name="T2633"/></temps><temps name="in"><temp name="T2631"/><temp name="T2625"/><temp name="T2628"/><temp name="T22"/><temp name="T605"/></temps><temps name="out"><temp name="T2631"/><temp name="T2625"/><temp name="T2628"/><temp name="T22"/><temp name="T605"/></temps></instruction><instruction code="INCMH T2633, 0"><temps name="use"/><temps name="def"><temp name="T2633"/></temps><temps name="in"><temp name="T2631"/><temp name="T2625"/><temp name="T2628"/><temp name="T22"/><temp name="T605"/></temps><temps name="out"><temp name="T2631"/><temp name="T2625"/><temp name="T2628"/><temp name="T22"/><temp name="T605"/></temps></instruction><instruction code="INCH  T2633, 0"><temps name="use"/><temps name="def"><temp name="T2633"/></temps><temps name="in"><temp name="T2631"/><temp name="T2625"/><temp name="T2628"/><temp name="T22"/><temp name="T605"/></temps><temps name="out"><temp name="T2631"/><temp name="T2625"/><temp name="T2633"/><temp name="T2628"/><temp name="T22"/><temp name="T605"/></temps></instruction><instruction code="MUL T2634, T2631, T2633"><temps name="use"><temp name="T2631"/><temp name="T2633"/></temps><temps name="def"><temp name="T2634"/></temps><temps name="in"><temp name="T2631"/><temp name="T2625"/><temp name="T2633"/><temp name="T2628"/><temp name="T22"/><temp name="T605"/></temps><temps name="out"><temp name="T2625"/><temp name="T2634"/><temp name="T2628"/><temp name="T22"/><temp name="T605"/></temps></instruction><instruction code="ADD T2635, T2628, T2634"><temps name="use"><temp name="T2628"/><temp name="T2634"/></temps><temps name="def"><temp name="T2635"/></temps><temps name="in"><temp name="T2625"/><temp name="T2634"/><temp name="T2628"/><temp name="T22"/><temp name="T605"/></temps><temps name="out"><temp name="T2635"/><temp name="T2625"/><temp name="T22"/><temp name="T605"/></temps></instruction><instruction code="SETL  T2636, 88"><temps name="use"/><temps name="def"><temp name="T2636"/></temps><temps name="in"><temp name="T2635"/><temp name="T2625"/><temp name="T22"/><temp name="T605"/></temps><temps name="out"><temp name="T2635"/><temp name="T2625"/><temp name="T22"/><temp name="T605"/></temps></instruction><instruction code="INCML T2636, 0"><temps name="use"/><temps name="def"><temp name="T2636"/></temps><temps name="in"><temp name="T2635"/><temp name="T2625"/><temp name="T22"/><temp name="T605"/></temps><temps name="out"><temp name="T2635"/><temp name="T2625"/><temp name="T22"/><temp name="T605"/></temps></instruction><instruction code="INCMH T2636, 0"><temps name="use"/><temps name="def"><temp name="T2636"/></temps><temps name="in"><temp name="T2635"/><temp name="T2625"/><temp name="T22"/><temp name="T605"/></temps><temps name="out"><temp name="T2635"/><temp name="T2625"/><temp name="T22"/><temp name="T605"/></temps></instruction><instruction code="INCH  T2636, 0"><temps name="use"/><temps name="def"><temp name="T2636"/></temps><temps name="in"><temp name="T2635"/><temp name="T2625"/><temp name="T22"/><temp name="T605"/></temps><temps name="out"><temp name="T2635"/><temp name="T2625"/><temp name="T22"/><temp name="T2636"/><temp name="T605"/></temps></instruction><instruction code="NEG T2636, 0, T2636"><temps name="use"><temp name="T2636"/></temps><temps name="def"><temp name="T2636"/></temps><temps name="in"><temp name="T2635"/><temp name="T2625"/><temp name="T22"/><temp name="T2636"/><temp name="T605"/></temps><temps name="out"><temp name="T2635"/><temp name="T2625"/><temp name="T22"/><temp name="T2636"/><temp name="T605"/></temps></instruction><instruction code="ADD T2637, T22, T2636"><temps name="use"><temp name="T22"/><temp name="T2636"/></temps><temps name="def"><temp name="T2637"/></temps><temps name="in"><temp name="T2635"/><temp name="T2625"/><temp name="T22"/><temp name="T2636"/><temp name="T605"/></temps><temps name="out"><temp name="T2635"/><temp name="T2625"/><temp name="T22"/><temp name="T605"/><temp name="T2637"/></temps></instruction><instruction code="SETL  T2639, 8"><temps name="use"/><temps name="def"><temp name="T2639"/></temps><temps name="in"><temp name="T2635"/><temp name="T2625"/><temp name="T22"/><temp name="T605"/><temp name="T2637"/></temps><temps name="out"><temp name="T2635"/><temp name="T2625"/><temp name="T22"/><temp name="T605"/><temp name="T2637"/></temps></instruction><instruction code="INCML T2639, 0"><temps name="use"/><temps name="def"><temp name="T2639"/></temps><temps name="in"><temp name="T2635"/><temp name="T2625"/><temp name="T22"/><temp name="T605"/><temp name="T2637"/></temps><temps name="out"><temp name="T2635"/><temp name="T2625"/><temp name="T22"/><temp name="T605"/><temp name="T2637"/></temps></instruction><instruction code="INCMH T2639, 0"><temps name="use"/><temps name="def"><temp name="T2639"/></temps><temps name="in"><temp name="T2635"/><temp name="T2625"/><temp name="T22"/><temp name="T605"/><temp name="T2637"/></temps><temps name="out"><temp name="T2635"/><temp name="T2625"/><temp name="T22"/><temp name="T605"/><temp name="T2637"/></temps></instruction><instruction code="INCH  T2639, 0"><temps name="use"/><temps name="def"><temp name="T2639"/></temps><temps name="in"><temp name="T2635"/><temp name="T2625"/><temp name="T22"/><temp name="T605"/><temp name="T2637"/></temps><temps name="out"><temp name="T2635"/><temp name="T2625"/><temp name="T2639"/><temp name="T22"/><temp name="T605"/><temp name="T2637"/></temps></instruction><instruction code="MUL T2640, T2637, T2639"><temps name="use"><temp name="T2637"/><temp name="T2639"/></temps><temps name="def"><temp name="T2640"/></temps><temps name="in"><temp name="T2635"/><temp name="T2625"/><temp name="T2639"/><temp name="T22"/><temp name="T605"/><temp name="T2637"/></temps><temps name="out"><temp name="T2635"/><temp name="T2640"/><temp name="T2625"/><temp name="T22"/><temp name="T605"/></temps></instruction><instruction code="ADD T2641, T2635, T2640"><temps name="use"><temp name="T2635"/><temp name="T2640"/></temps><temps name="def"><temp name="T2641"/></temps><temps name="in"><temp name="T2635"/><temp name="T2640"/><temp name="T2625"/><temp name="T22"/><temp name="T605"/></temps><temps name="out"><temp name="T2641"/><temp name="T2625"/><temp name="T22"/><temp name="T605"/></temps></instruction><instruction code="SETL  T2643, 8"><temps name="use"/><temps name="def"><temp name="T2643"/></temps><temps name="in"><temp name="T2641"/><temp name="T2625"/><temp name="T22"/><temp name="T605"/></temps><temps name="out"><temp name="T2641"/><temp name="T2625"/><temp name="T22"/><temp name="T605"/></temps></instruction><instruction code="INCML T2643, 0"><temps name="use"/><temps name="def"><temp name="T2643"/></temps><temps name="in"><temp name="T2641"/><temp name="T2625"/><temp name="T22"/><temp name="T605"/></temps><temps name="out"><temp name="T2641"/><temp name="T2625"/><temp name="T22"/><temp name="T605"/></temps></instruction><instruction code="INCMH T2643, 0"><temps name="use"/><temps name="def"><temp name="T2643"/></temps><temps name="in"><temp name="T2641"/><temp name="T2625"/><temp name="T22"/><temp name="T605"/></temps><temps name="out"><temp name="T2641"/><temp name="T2625"/><temp name="T22"/><temp name="T605"/></temps></instruction><instruction code="INCH  T2643, 0"><temps name="use"/><temps name="def"><temp name="T2643"/></temps><temps name="in"><temp name="T2641"/><temp name="T2625"/><temp name="T22"/><temp name="T605"/></temps><temps name="out"><temp name="T2641"/><temp name="T2625"/><temp name="T22"/><temp name="T605"/><temp name="T2643"/></temps></instruction><instruction code="MUL T2644, T2641, T2643"><temps name="use"><temp name="T2641"/><temp name="T2643"/></temps><temps name="def"><temp name="T2644"/></temps><temps name="in"><temp name="T2641"/><temp name="T2625"/><temp name="T22"/><temp name="T605"/><temp name="T2643"/></temps><temps name="out"><temp name="T2644"/><temp name="T2625"/><temp name="T22"/><temp name="T605"/></temps></instruction><instruction code="ADD T2645, T2625, T2644"><temps name="use"><temp name="T2625"/><temp name="T2644"/></temps><temps name="def"><temp name="T2645"/></temps><temps name="in"><temp name="T2644"/><temp name="T2625"/><temp name="T22"/><temp name="T605"/></temps><temps name="out"><temp name="T2645"/><temp name="T22"/><temp name="T605"/></temps></instruction><instruction code="STO T2645, T605, 0"><temps name="use"><temp name="T2645"/><temp name="T605"/></temps><temps name="def"/><temps name="in"><temp name="T2645"/><temp name="T22"/><temp name="T605"/></temps><temps name="out"><temp name="T22"/></temps></instruction><instruction code="L56"><temps name="use"/><temps name="def"/><temps name="in"><temp name="T22"/></temps><temps name="out"><temp name="T22"/></temps></instruction><instruction code="L58"><temps name="use"/><temps name="def"/><temps name="in"><temp name="T22"/></temps><temps name="out"><temp name="T22"/></temps></instruction><instruction code="OR T606, T22, 0"><temps name="use"><temp name="T22"/></temps><temps name="def"><temp name="T606"/></temps><temps name="in"><temp name="T22"/></temps><temps name="out"><temp name="T22"/><temp name="T606"/></temps></instruction><instruction code="SETL  T2647, 88"><temps name="use"/><temps name="def"><temp name="T2647"/></temps><temps name="in"><temp name="T22"/><temp name="T606"/></temps><temps name="out"><temp name="T22"/><temp name="T606"/></temps></instruction><instruction code="INCML T2647, 0"><temps name="use"/><temps name="def"><temp name="T2647"/></temps><temps name="in"><temp name="T22"/><temp name="T606"/></temps><temps name="out"><temp name="T22"/><temp name="T606"/></temps></instruction><instruction code="INCMH T2647, 0"><temps name="use"/><temps name="def"><temp name="T2647"/></temps><temps name="in"><temp name="T22"/><temp name="T606"/></temps><temps name="out"><temp name="T22"/><temp name="T606"/></temps></instruction><instruction code="INCH  T2647, 0"><temps name="use"/><temps name="def"><temp name="T2647"/></temps><temps name="in"><temp name="T22"/><temp name="T606"/></temps><temps name="out"><temp name="T2647"/><temp name="T22"/><temp name="T606"/></temps></instruction><instruction code="NEG T2647, 0, T2647"><temps name="use"><temp name="T2647"/></temps><temps name="def"><temp name="T2647"/></temps><temps name="in"><temp name="T2647"/><temp name="T22"/><temp name="T606"/></temps><temps name="out"><temp name="T2647"/><temp name="T22"/><temp name="T606"/></temps></instruction><instruction code="OR T607, T2647, 0"><temps name="use"><temp name="T2647"/></temps><temps name="def"><temp name="T607"/></temps><temps name="in"><temp name="T2647"/><temp name="T22"/><temp name="T606"/></temps><temps name="out"><temp name="T607"/><temp name="T22"/><temp name="T606"/></temps></instruction><instruction code="ADD T2648, T606, T607"><temps name="use"><temp name="T606"/><temp name="T607"/></temps><temps name="def"><temp name="T2648"/></temps><temps name="in"><temp name="T607"/><temp name="T22"/><temp name="T606"/></temps><temps name="out"><temp name="T2648"/><temp name="T22"/></temps></instruction><instruction code="OR T608, T2648, 0"><temps name="use"><temp name="T2648"/></temps><temps name="def"><temp name="T608"/></temps><temps name="in"><temp name="T2648"/><temp name="T22"/></temps><temps name="out"><temp name="T608"/><temp name="T22"/></temps></instruction><instruction code="OR T609, T608, 0"><temps name="use"><temp name="T608"/></temps><temps name="def"><temp name="T609"/></temps><temps name="in"><temp name="T608"/><temp name="T22"/></temps><temps name="out"><temp name="T22"/><temp name="T609"/></temps></instruction><instruction code="SETL  T2650, 1"><temps name="use"/><temps name="def"><temp name="T2650"/></temps><temps name="in"><temp name="T22"/><temp name="T609"/></temps><temps name="out"><temp name="T22"/><temp name="T609"/></temps></instruction><instruction code="INCML T2650, 0"><temps name="use"/><temps name="def"><temp name="T2650"/></temps><temps name="in"><temp name="T22"/><temp name="T609"/></temps><temps name="out"><temp name="T22"/><temp name="T609"/></temps></instruction><instruction code="INCMH T2650, 0"><temps name="use"/><temps name="def"><temp name="T2650"/></temps><temps name="in"><temp name="T22"/><temp name="T609"/></temps><temps name="out"><temp name="T22"/><temp name="T609"/></temps></instruction><instruction code="INCH  T2650, 0"><temps name="use"/><temps name="def"><temp name="T2650"/></temps><temps name="in"><temp name="T22"/><temp name="T609"/></temps><temps name="out"><temp name="T2650"/><temp name="T22"/><temp name="T609"/></temps></instruction><instruction code="OR T610, T2650, 0"><temps name="use"><temp name="T2650"/></temps><temps name="def"><temp name="T610"/></temps><temps name="in"><temp name="T2650"/><temp name="T22"/><temp name="T609"/></temps><temps name="out"><temp name="T22"/><temp name="T609"/><temp name="T610"/></temps></instruction><instruction code="ADD T2651, T609, T610"><temps name="use"><temp name="T609"/><temp name="T610"/></temps><temps name="def"><temp name="T2651"/></temps><temps name="in"><temp name="T22"/><temp name="T609"/><temp name="T610"/></temps><temps name="out"><temp name="T22"/><temp name="T2651"/></temps></instruction><instruction code="OR T611, T2651, 0"><temps name="use"><temp name="T2651"/></temps><temps name="def"><temp name="T611"/></temps><temps name="in"><temp name="T22"/><temp name="T2651"/></temps><temps name="out"><temp name="T611"/><temp name="T22"/></temps></instruction><instruction code="SETL  T2652, 88"><temps name="use"/><temps name="def"><temp name="T2652"/></temps><temps name="in"><temp name="T611"/><temp name="T22"/></temps><temps name="out"><temp name="T611"/><temp name="T22"/></temps></instruction><instruction code="INCML T2652, 0"><temps name="use"/><temps name="def"><temp name="T2652"/></temps><temps name="in"><temp name="T611"/><temp name="T22"/></temps><temps name="out"><temp name="T611"/><temp name="T22"/></temps></instruction><instruction code="INCMH T2652, 0"><temps name="use"/><temps name="def"><temp name="T2652"/></temps><temps name="in"><temp name="T611"/><temp name="T22"/></temps><temps name="out"><temp name="T611"/><temp name="T22"/></temps></instruction><instruction code="INCH  T2652, 0"><temps name="use"/><temps name="def"><temp name="T2652"/></temps><temps name="in"><temp name="T611"/><temp name="T22"/></temps><temps name="out"><temp name="T611"/><temp name="T2652"/><temp name="T22"/></temps></instruction><instruction code="NEG T2652, 0, T2652"><temps name="use"><temp name="T2652"/></temps><temps name="def"><temp name="T2652"/></temps><temps name="in"><temp name="T611"/><temp name="T2652"/><temp name="T22"/></temps><temps name="out"><temp name="T611"/><temp name="T2652"/><temp name="T22"/></temps></instruction><instruction code="ADD T2653, T22, T2652"><temps name="use"><temp name="T22"/><temp name="T2652"/></temps><temps name="def"><temp name="T2653"/></temps><temps name="in"><temp name="T611"/><temp name="T2652"/><temp name="T22"/></temps><temps name="out"><temp name="T611"/><temp name="T22"/><temp name="T2653"/></temps></instruction><instruction code="STO T2653, T611, 0"><temps name="use"><temp name="T2653"/><temp name="T611"/></temps><temps name="def"/><temps name="in"><temp name="T611"/><temp name="T22"/><temp name="T2653"/></temps><temps name="out"><temp name="T22"/></temps></instruction><instruction code="LDA T2655, L59"><temps name="use"/><temps name="def"><temp name="T2655"/></temps><temps name="in"><temp name="T22"/></temps><temps name="out"><temp name="T2655"/><temp name="T22"/></temps></instruction><instruction code="GO T2655, T2655, 0"><temps name="use"><temp name="T2655"/></temps><temps name="def"><temp name="T2655"/></temps><temps name="in"><temp name="T2655"/><temp name="T22"/></temps><temps name="out"><temp name="T22"/></temps></instruction><instruction code="L61"><temps name="use"/><temps name="def"/><temps name="in"><temp name="T22"/></temps><temps name="out"><temp name="T22"/></temps></instruction><instruction code="OR T612, T22, 0"><temps name="use"><temp name="T22"/></temps><temps name="def"><temp name="T612"/></temps><temps name="in"><temp name="T22"/></temps><temps name="out"><temp name="T612"/></temps></instruction><instruction code="SETL  T2656, 96"><temps name="use"/><temps name="def"><temp name="T2656"/></temps><temps name="in"><temp name="T612"/></temps><temps name="out"><temp name="T612"/></temps></instruction><instruction code="INCML T2656, 0"><temps name="use"/><temps name="def"><temp name="T2656"/></temps><temps name="in"><temp name="T612"/></temps><temps name="out"><temp name="T612"/></temps></instruction><instruction code="INCMH T2656, 0"><temps name="use"/><temps name="def"><temp name="T2656"/></temps><temps name="in"><temp name="T612"/></temps><temps name="out"><temp name="T612"/></temps></instruction><instruction code="INCH  T2656, 0"><temps name="use"/><temps name="def"><temp name="T2656"/></temps><temps name="in"><temp name="T612"/></temps><temps name="out"><temp name="T2656"/><temp name="T612"/></temps></instruction><instruction code="NEG T2656, 0, T2656"><temps name="use"><temp name="T2656"/></temps><temps name="def"><temp name="T2656"/></temps><temps name="in"><temp name="T2656"/><temp name="T612"/></temps><temps name="out"><temp name="T2656"/><temp name="T612"/></temps></instruction><instruction code="OR T613, T2656, 0"><temps name="use"><temp name="T2656"/></temps><temps name="def"><temp name="T613"/></temps><temps name="in"><temp name="T2656"/><temp name="T612"/></temps><temps name="out"><temp name="T613"/><temp name="T612"/></temps></instruction><instruction code="ADD T2657, T612, T613"><temps name="use"><temp name="T612"/><temp name="T613"/></temps><temps name="def"><temp name="T2657"/></temps><temps name="in"><temp name="T613"/><temp name="T612"/></temps><temps name="out"><temp name="T2657"/></temps></instruction><instruction code="OR T614, T2657, 0"><temps name="use"><temp name="T2657"/></temps><temps name="def"><temp name="T614"/></temps><temps name="in"><temp name="T2657"/></temps><temps name="out"><temp name="T614"/></temps></instruction><instruction code="OR T615, T614, 0"><temps name="use"><temp name="T614"/></temps><temps name="def"><temp name="T615"/></temps><temps name="in"><temp name="T614"/></temps><temps name="out"><temp name="T615"/></temps></instruction><instruction code="OR T23, T615, 0"><temps name="use"><temp name="T615"/></temps><temps name="def"><temp name="T23"/></temps><temps name="in"><temp name="T615"/></temps><temps name="out"/></instruction><instruction code="LDA T2659, L137"><temps name="use"/><temps name="def"><temp name="T2659"/></temps><temps name="in"/><temps name="out"><temp name="T2659"/></temps></instruction><instruction code="GO T2659, T2659, 0"><temps name="use"><temp name="T2659"/></temps><temps name="def"><temp name="T2659"/></temps><temps name="in"><temp name="T2659"/></temps><temps name="out"/></instruction></instructions></code><code entrylabel="L142" exitlabel="L143" tempsize="0"><frame FP="T24" RV="T25" argssize="0" depth="2" label="L2" locssize="96" size="112"/><instructions><instruction code="L142"><temps name="use"/><temps name="def"/><temps name="in"><temp name="T24"/></temps><temps name="out"><temp name="T24"/></temps></instruction><instruction code="SETL  T2660, 1"><temps name="use"/><temps name="def"><temp name="T2660"/></temps><temps name="in"><temp name="T24"/></temps><temps name="out"><temp name="T24"/></temps></instruction><instruction code="INCML T2660, 0"><temps name="use"/><temps name="def"><temp name="T2660"/></temps><temps name="in"><temp name="T24"/></temps><temps name="out"><temp name="T24"/></temps></instruction><instruction code="INCMH T2660, 0"><temps name="use"/><temps name="def"><temp name="T2660"/></temps><temps name="in"><temp name="T24"/></temps><temps name="out"><temp name="T24"/></temps></instruction><instruction code="INCH  T2660, 0"><temps name="use"/><temps name="def"><temp name="T2660"/></temps><temps name="in"><temp name="T24"/></temps><temps name="out"><temp name="T2660"/><temp name="T24"/></temps></instruction><instruction code="OR T616, T2660, 0"><temps name="use"><temp name="T2660"/></temps><temps name="def"><temp name="T616"/></temps><temps name="in"><temp name="T2660"/><temp name="T24"/></temps><temps name="out"><temp name="T24"/><temp name="T616"/></temps></instruction><instruction code="SETL  T2661, 96"><temps name="use"/><temps name="def"><temp name="T2661"/></temps><temps name="in"><temp name="T24"/><temp name="T616"/></temps><temps name="out"><temp name="T24"/><temp name="T616"/></temps></instruction><instruction code="INCML T2661, 0"><temps name="use"/><temps name="def"><temp name="T2661"/></temps><temps name="in"><temp name="T24"/><temp name="T616"/></temps><temps name="out"><temp name="T24"/><temp name="T616"/></temps></instruction><instruction code="INCMH T2661, 0"><temps name="use"/><temps name="def"><temp name="T2661"/></temps><temps name="in"><temp name="T24"/><temp name="T616"/></temps><temps name="out"><temp name="T24"/><temp name="T616"/></temps></instruction><instruction code="INCH  T2661, 0"><temps name="use"/><temps name="def"><temp name="T2661"/></temps><temps name="in"><temp name="T24"/><temp name="T616"/></temps><temps name="out"><temp name="T24"/><temp name="T616"/><temp name="T2661"/></temps></instruction><instruction code="NEG T2661, 0, T2661"><temps name="use"><temp name="T2661"/></temps><temps name="def"><temp name="T2661"/></temps><temps name="in"><temp name="T24"/><temp name="T616"/><temp name="T2661"/></temps><temps name="out"><temp name="T24"/><temp name="T616"/><temp name="T2661"/></temps></instruction><instruction code="ADD T2662, T24, T2661"><temps name="use"><temp name="T24"/><temp name="T2661"/></temps><temps name="def"><temp name="T2662"/></temps><temps name="in"><temp name="T24"/><temp name="T616"/><temp name="T2661"/></temps><temps name="out"><temp name="T2662"/><temp name="T24"/><temp name="T616"/></temps></instruction><instruction code="STO T2662, T616, 0"><temps name="use"><temp name="T2662"/><temp name="T616"/></temps><temps name="def"/><temps name="in"><temp name="T2662"/><temp name="T24"/><temp name="T616"/></temps><temps name="out"><temp name="T24"/></temps></instruction><instruction code="SETL  T2664, 1"><temps name="use"/><temps name="def"><temp name="T2664"/></temps><temps name="in"><temp name="T24"/></temps><temps name="out"><temp name="T24"/></temps></instruction><instruction code="INCML T2664, 0"><temps name="use"/><temps name="def"><temp name="T2664"/></temps><temps name="in"><temp name="T24"/></temps><temps name="out"><temp name="T24"/></temps></instruction><instruction code="INCMH T2664, 0"><temps name="use"/><temps name="def"><temp name="T2664"/></temps><temps name="in"><temp name="T24"/></temps><temps name="out"><temp name="T24"/></temps></instruction><instruction code="INCH  T2664, 0"><temps name="use"/><temps name="def"><temp name="T2664"/></temps><temps name="in"><temp name="T24"/></temps><temps name="out"><temp name="T24"/><temp name="T2664"/></temps></instruction><instruction code="OR T617, T2664, 0"><temps name="use"><temp name="T2664"/></temps><temps name="def"><temp name="T617"/></temps><temps name="in"><temp name="T24"/><temp name="T2664"/></temps><temps name="out"><temp name="T617"/><temp name="T24"/></temps></instruction><instruction code="SETL  T2665, 88"><temps name="use"/><temps name="def"><temp name="T2665"/></temps><temps name="in"><temp name="T617"/><temp name="T24"/></temps><temps name="out"><temp name="T617"/><temp name="T24"/></temps></instruction><instruction code="INCML T2665, 0"><temps name="use"/><temps name="def"><temp name="T2665"/></temps><temps name="in"><temp name="T617"/><temp name="T24"/></temps><temps name="out"><temp name="T617"/><temp name="T24"/></temps></instruction><instruction code="INCMH T2665, 0"><temps name="use"/><temps name="def"><temp name="T2665"/></temps><temps name="in"><temp name="T617"/><temp name="T24"/></temps><temps name="out"><temp name="T617"/><temp name="T24"/></temps></instruction><instruction code="INCH  T2665, 0"><temps name="use"/><temps name="def"><temp name="T2665"/></temps><temps name="in"><temp name="T617"/><temp name="T24"/></temps><temps name="out"><temp name="T617"/><temp name="T2665"/><temp name="T24"/></temps></instruction><instruction code="NEG T2665, 0, T2665"><temps name="use"><temp name="T2665"/></temps><temps name="def"><temp name="T2665"/></temps><temps name="in"><temp name="T617"/><temp name="T2665"/><temp name="T24"/></temps><temps name="out"><temp name="T617"/><temp name="T2665"/><temp name="T24"/></temps></instruction><instruction code="ADD T2666, T24, T2665"><temps name="use"><temp name="T24"/><temp name="T2665"/></temps><temps name="def"><temp name="T2666"/></temps><temps name="in"><temp name="T617"/><temp name="T2665"/><temp name="T24"/></temps><temps name="out"><temp name="T617"/><temp name="T2666"/><temp name="T24"/></temps></instruction><instruction code="STO T2666, T617, 0"><temps name="use"><temp name="T2666"/><temp name="T617"/></temps><temps name="def"/><temps name="in"><temp name="T617"/><temp name="T2666"/><temp name="T24"/></temps><temps name="out"><temp name="T24"/></temps></instruction><instruction code="L62"><temps name="use"/><temps name="def"/><temps name="in"><temp name="T24"/></temps><temps name="out"><temp name="T24"/></temps></instruction><instruction code="OR T618, T24, 0"><temps name="use"><temp name="T24"/></temps><temps name="def"><temp name="T618"/></temps><temps name="in"><temp name="T24"/></temps><temps name="out"><temp name="T24"/><temp name="T618"/></temps></instruction><instruction code="SETL  T2668, 88"><temps name="use"/><temps name="def"><temp name="T2668"/></temps><temps name="in"><temp name="T24"/><temp name="T618"/></temps><temps name="out"><temp name="T24"/><temp name="T618"/></temps></instruction><instruction code="INCML T2668, 0"><temps name="use"/><temps name="def"><temp name="T2668"/></temps><temps name="in"><temp name="T24"/><temp name="T618"/></temps><temps name="out"><temp name="T24"/><temp name="T618"/></temps></instruction><instruction code="INCMH T2668, 0"><temps name="use"/><temps name="def"><temp name="T2668"/></temps><temps name="in"><temp name="T24"/><temp name="T618"/></temps><temps name="out"><temp name="T24"/><temp name="T618"/></temps></instruction><instruction code="INCH  T2668, 0"><temps name="use"/><temps name="def"><temp name="T2668"/></temps><temps name="in"><temp name="T24"/><temp name="T618"/></temps><temps name="out"><temp name="T24"/><temp name="T2668"/><temp name="T618"/></temps></instruction><instruction code="NEG T2668, 0, T2668"><temps name="use"><temp name="T2668"/></temps><temps name="def"><temp name="T2668"/></temps><temps name="in"><temp name="T24"/><temp name="T2668"/><temp name="T618"/></temps><temps name="out"><temp name="T24"/><temp name="T2668"/><temp name="T618"/></temps></instruction><instruction code="OR T619, T2668, 0"><temps name="use"><temp name="T2668"/></temps><temps name="def"><temp name="T619"/></temps><temps name="in"><temp name="T24"/><temp name="T2668"/><temp name="T618"/></temps><temps name="out"><temp name="T619"/><temp name="T24"/><temp name="T618"/></temps></instruction><instruction code="ADD T2669, T618, T619"><temps name="use"><temp name="T618"/><temp name="T619"/></temps><temps name="def"><temp name="T2669"/></temps><temps name="in"><temp name="T619"/><temp name="T24"/><temp name="T618"/></temps><temps name="out"><temp name="T2669"/><temp name="T24"/></temps></instruction><instruction code="OR T620, T2669, 0"><temps name="use"><temp name="T2669"/></temps><temps name="def"><temp name="T620"/></temps><temps name="in"><temp name="T2669"/><temp name="T24"/></temps><temps name="out"><temp name="T24"/><temp name="T620"/></temps></instruction><instruction code="OR T621, T620, 0"><temps name="use"><temp name="T620"/></temps><temps name="def"><temp name="T621"/></temps><temps name="in"><temp name="T24"/><temp name="T620"/></temps><temps name="out"><temp name="T621"/><temp name="T24"/></temps></instruction><instruction code="SETL  T2671, 9"><temps name="use"/><temps name="def"><temp name="T2671"/></temps><temps name="in"><temp name="T621"/><temp name="T24"/></temps><temps name="out"><temp name="T621"/><temp name="T24"/></temps></instruction><instruction code="INCML T2671, 0"><temps name="use"/><temps name="def"><temp name="T2671"/></temps><temps name="in"><temp name="T621"/><temp name="T24"/></temps><temps name="out"><temp name="T621"/><temp name="T24"/></temps></instruction><instruction code="INCMH T2671, 0"><temps name="use"/><temps name="def"><temp name="T2671"/></temps><temps name="in"><temp name="T621"/><temp name="T24"/></temps><temps name="out"><temp name="T621"/><temp name="T24"/></temps></instruction><instruction code="INCH  T2671, 0"><temps name="use"/><temps name="def"><temp name="T2671"/></temps><temps name="in"><temp name="T621"/><temp name="T24"/></temps><temps name="out"><temp name="T621"/><temp name="T2671"/><temp name="T24"/></temps></instruction><instruction code="OR T622, T2671, 0"><temps name="use"><temp name="T2671"/></temps><temps name="def"><temp name="T622"/></temps><temps name="in"><temp name="T621"/><temp name="T2671"/><temp name="T24"/></temps><temps name="out"><temp name="T621"/><temp name="T24"/><temp name="T622"/></temps></instruction><instruction code="CMP T2672, T621, T622"><temps name="use"><temp name="T621"/><temp name="T622"/></temps><temps name="def"><temp name="T2672"/></temps><temps name="in"><temp name="T621"/><temp name="T24"/><temp name="T622"/></temps><temps name="out"><temp name="T2672"/><temp name="T24"/></temps></instruction><instruction code="ZSNP T2672, T2672, 1"><temps name="use"><temp name="T2672"/></temps><temps name="def"><temp name="T2672"/></temps><temps name="in"><temp name="T2672"/><temp name="T24"/></temps><temps name="out"><temp name="T2672"/><temp name="T24"/></temps></instruction><instruction code="OR T623, T2672, 0"><temps name="use"><temp name="T2672"/></temps><temps name="def"><temp name="T623"/></temps><temps name="in"><temp name="T2672"/><temp name="T24"/></temps><temps name="out"><temp name="T623"/><temp name="T24"/></temps></instruction><instruction code="BNZ T623, L63"><temps name="use"><temp name="T623"/></temps><temps name="def"/><temps name="in"><temp name="T623"/><temp name="T24"/></temps><temps name="out"><temp name="T24"/></temps></instruction><instruction code="L138"><temps name="use"/><temps name="def"/><temps name="in"><temp name="T24"/></temps><temps name="out"><temp name="T24"/></temps></instruction><instruction code="LDA T2673, L64"><temps name="use"/><temps name="def"><temp name="T2673"/></temps><temps name="in"><temp name="T24"/></temps><temps name="out"><temp name="T2673"/><temp name="T24"/></temps></instruction><instruction code="GO T2673, T2673, 0"><temps name="use"><temp name="T2673"/></temps><temps name="def"><temp name="T2673"/></temps><temps name="in"><temp name="T2673"/><temp name="T24"/></temps><temps name="out"><temp name="T24"/></temps></instruction><instruction code="L63"><temps name="use"/><temps name="def"/><temps name="in"><temp name="T24"/></temps><temps name="out"><temp name="T24"/></temps></instruction><instruction code="SETL  T2674, 0"><temps name="use"/><temps name="def"><temp name="T2674"/></temps><temps name="in"><temp name="T24"/></temps><temps name="out"><temp name="T24"/></temps></instruction><instruction code="INCML T2674, 0"><temps name="use"/><temps name="def"><temp name="T2674"/></temps><temps name="in"><temp name="T24"/></temps><temps name="out"><temp name="T24"/></temps></instruction><instruction code="INCMH T2674, 0"><temps name="use"/><temps name="def"><temp name="T2674"/></temps><temps name="in"><temp name="T24"/></temps><temps name="out"><temp name="T24"/></temps></instruction><instruction code="INCH  T2674, 0"><temps name="use"/><temps name="def"><temp name="T2674"/></temps><temps name="in"><temp name="T24"/></temps><temps name="out"><temp name="T2674"/><temp name="T24"/></temps></instruction><instruction code="OR T624, T2674, 0"><temps name="use"><temp name="T2674"/></temps><temps name="def"><temp name="T624"/></temps><temps name="in"><temp name="T2674"/><temp name="T24"/></temps><temps name="out"><temp name="T624"/><temp name="T24"/></temps></instruction><instruction code="SETL  T2675, 80"><temps name="use"/><temps name="def"><temp name="T2675"/></temps><temps name="in"><temp name="T624"/><temp name="T24"/></temps><temps name="out"><temp name="T624"/><temp name="T24"/></temps></instruction><instruction code="INCML T2675, 0"><temps name="use"/><temps name="def"><temp name="T2675"/></temps><temps name="in"><temp name="T624"/><temp name="T24"/></temps><temps name="out"><temp name="T624"/><temp name="T24"/></temps></instruction><instruction code="INCMH T2675, 0"><temps name="use"/><temps name="def"><temp name="T2675"/></temps><temps name="in"><temp name="T624"/><temp name="T24"/></temps><temps name="out"><temp name="T624"/><temp name="T24"/></temps></instruction><instruction code="INCH  T2675, 0"><temps name="use"/><temps name="def"><temp name="T2675"/></temps><temps name="in"><temp name="T624"/><temp name="T24"/></temps><temps name="out"><temp name="T624"/><temp name="T2675"/><temp name="T24"/></temps></instruction><instruction code="NEG T2675, 0, T2675"><temps name="use"><temp name="T2675"/></temps><temps name="def"><temp name="T2675"/></temps><temps name="in"><temp name="T624"/><temp name="T2675"/><temp name="T24"/></temps><temps name="out"><temp name="T624"/><temp name="T2675"/><temp name="T24"/></temps></instruction><instruction code="ADD T2676, T24, T2675"><temps name="use"><temp name="T24"/><temp name="T2675"/></temps><temps name="def"><temp name="T2676"/></temps><temps name="in"><temp name="T624"/><temp name="T2675"/><temp name="T24"/></temps><temps name="out"><temp name="T2676"/><temp name="T624"/><temp name="T24"/></temps></instruction><instruction code="SETL  T2677, 88"><temps name="use"/><temps name="def"><temp name="T2677"/></temps><temps name="in"><temp name="T2676"/><temp name="T624"/><temp name="T24"/></temps><temps name="out"><temp name="T2676"/><temp name="T624"/><temp name="T24"/></temps></instruction><instruction code="INCML T2677, 0"><temps name="use"/><temps name="def"><temp name="T2677"/></temps><temps name="in"><temp name="T2676"/><temp name="T624"/><temp name="T24"/></temps><temps name="out"><temp name="T2676"/><temp name="T624"/><temp name="T24"/></temps></instruction><instruction code="INCMH T2677, 0"><temps name="use"/><temps name="def"><temp name="T2677"/></temps><temps name="in"><temp name="T2676"/><temp name="T624"/><temp name="T24"/></temps><temps name="out"><temp name="T2676"/><temp name="T624"/><temp name="T24"/></temps></instruction><instruction code="INCH  T2677, 0"><temps name="use"/><temps name="def"><temp name="T2677"/></temps><temps name="in"><temp name="T2676"/><temp name="T624"/><temp name="T24"/></temps><temps name="out"><temp name="T2676"/><temp name="T624"/><temp name="T2677"/><temp name="T24"/></temps></instruction><instruction code="NEG T2677, 0, T2677"><temps name="use"><temp name="T2677"/></temps><temps name="def"><temp name="T2677"/></temps><temps name="in"><temp name="T2676"/><temp name="T624"/><temp name="T2677"/><temp name="T24"/></temps><temps name="out"><temp name="T2676"/><temp name="T624"/><temp name="T2677"/><temp name="T24"/></temps></instruction><instruction code="ADD T2678, T24, T2677"><temps name="use"><temp name="T24"/><temp name="T2677"/></temps><temps name="def"><temp name="T2678"/></temps><temps name="in"><temp name="T2676"/><temp name="T624"/><temp name="T2677"/><temp name="T24"/></temps><temps name="out"><temp name="T2678"/><temp name="T2676"/><temp name="T624"/><temp name="T24"/></temps></instruction><instruction code="SETL  T2680, 8"><temps name="use"/><temps name="def"><temp name="T2680"/></temps><temps name="in"><temp name="T2678"/><temp name="T2676"/><temp name="T624"/><temp name="T24"/></temps><temps name="out"><temp name="T2678"/><temp name="T2676"/><temp name="T624"/><temp name="T24"/></temps></instruction><instruction code="INCML T2680, 0"><temps name="use"/><temps name="def"><temp name="T2680"/></temps><temps name="in"><temp name="T2678"/><temp name="T2676"/><temp name="T624"/><temp name="T24"/></temps><temps name="out"><temp name="T2678"/><temp name="T2676"/><temp name="T624"/><temp name="T24"/></temps></instruction><instruction code="INCMH T2680, 0"><temps name="use"/><temps name="def"><temp name="T2680"/></temps><temps name="in"><temp name="T2678"/><temp name="T2676"/><temp name="T624"/><temp name="T24"/></temps><temps name="out"><temp name="T2678"/><temp name="T2676"/><temp name="T624"/><temp name="T24"/></temps></instruction><instruction code="INCH  T2680, 0"><temps name="use"/><temps name="def"><temp name="T2680"/></temps><temps name="in"><temp name="T2678"/><temp name="T2676"/><temp name="T624"/><temp name="T24"/></temps><temps name="out"><temp name="T2678"/><temp name="T2676"/><temp name="T624"/><temp name="T24"/><temp name="T2680"/></temps></instruction><instruction code="MUL T2681, T2678, T2680"><temps name="use"><temp name="T2678"/><temp name="T2680"/></temps><temps name="def"><temp name="T2681"/></temps><temps name="in"><temp name="T2678"/><temp name="T2676"/><temp name="T624"/><temp name="T24"/><temp name="T2680"/></temps><temps name="out"><temp name="T2676"/><temp name="T624"/><temp name="T2681"/><temp name="T24"/></temps></instruction><instruction code="ADD T2682, T2676, T2681"><temps name="use"><temp name="T2676"/><temp name="T2681"/></temps><temps name="def"><temp name="T2682"/></temps><temps name="in"><temp name="T2676"/><temp name="T624"/><temp name="T2681"/><temp name="T24"/></temps><temps name="out"><temp name="T624"/><temp name="T2682"/><temp name="T24"/></temps></instruction><instruction code="STO T2682, T624, 0"><temps name="use"><temp name="T2682"/><temp name="T624"/></temps><temps name="def"/><temps name="in"><temp name="T624"/><temp name="T2682"/><temp name="T24"/></temps><temps name="out"><temp name="T24"/></temps></instruction><instruction code="OR T625, T24, 0"><temps name="use"><temp name="T24"/></temps><temps name="def"><temp name="T625"/></temps><temps name="in"><temp name="T24"/></temps><temps name="out"><temp name="T625"/><temp name="T24"/></temps></instruction><instruction code="SETL  T2684, 88"><temps name="use"/><temps name="def"><temp name="T2684"/></temps><temps name="in"><temp name="T625"/><temp name="T24"/></temps><temps name="out"><temp name="T625"/><temp name="T24"/></temps></instruction><instruction code="INCML T2684, 0"><temps name="use"/><temps name="def"><temp name="T2684"/></temps><temps name="in"><temp name="T625"/><temp name="T24"/></temps><temps name="out"><temp name="T625"/><temp name="T24"/></temps></instruction><instruction code="INCMH T2684, 0"><temps name="use"/><temps name="def"><temp name="T2684"/></temps><temps name="in"><temp name="T625"/><temp name="T24"/></temps><temps name="out"><temp name="T625"/><temp name="T24"/></temps></instruction><instruction code="INCH  T2684, 0"><temps name="use"/><temps name="def"><temp name="T2684"/></temps><temps name="in"><temp name="T625"/><temp name="T24"/></temps><temps name="out"><temp name="T2684"/><temp name="T625"/><temp name="T24"/></temps></instruction><instruction code="NEG T2684, 0, T2684"><temps name="use"><temp name="T2684"/></temps><temps name="def"><temp name="T2684"/></temps><temps name="in"><temp name="T2684"/><temp name="T625"/><temp name="T24"/></temps><temps name="out"><temp name="T2684"/><temp name="T625"/><temp name="T24"/></temps></instruction><instruction code="OR T626, T2684, 0"><temps name="use"><temp name="T2684"/></temps><temps name="def"><temp name="T626"/></temps><temps name="in"><temp name="T2684"/><temp name="T625"/><temp name="T24"/></temps><temps name="out"><temp name="T626"/><temp name="T625"/><temp name="T24"/></temps></instruction><instruction code="ADD T2685, T625, T626"><temps name="use"><temp name="T625"/><temp name="T626"/></temps><temps name="def"><temp name="T2685"/></temps><temps name="in"><temp name="T626"/><temp name="T625"/><temp name="T24"/></temps><temps name="out"><temp name="T2685"/><temp name="T24"/></temps></instruction><instruction code="OR T627, T2685, 0"><temps name="use"><temp name="T2685"/></temps><temps name="def"><temp name="T627"/></temps><temps name="in"><temp name="T2685"/><temp name="T24"/></temps><temps name="out"><temp name="T627"/><temp name="T24"/></temps></instruction><instruction code="OR T628, T627, 0"><temps name="use"><temp name="T627"/></temps><temps name="def"><temp name="T628"/></temps><temps name="in"><temp name="T627"/><temp name="T24"/></temps><temps name="out"><temp name="T24"/><temp name="T628"/></temps></instruction><instruction code="SETL  T2687, 1"><temps name="use"/><temps name="def"><temp name="T2687"/></temps><temps name="in"><temp name="T24"/><temp name="T628"/></temps><temps name="out"><temp name="T24"/><temp name="T628"/></temps></instruction><instruction code="INCML T2687, 0"><temps name="use"/><temps name="def"><temp name="T2687"/></temps><temps name="in"><temp name="T24"/><temp name="T628"/></temps><temps name="out"><temp name="T24"/><temp name="T628"/></temps></instruction><instruction code="INCMH T2687, 0"><temps name="use"/><temps name="def"><temp name="T2687"/></temps><temps name="in"><temp name="T24"/><temp name="T628"/></temps><temps name="out"><temp name="T24"/><temp name="T628"/></temps></instruction><instruction code="INCH  T2687, 0"><temps name="use"/><temps name="def"><temp name="T2687"/></temps><temps name="in"><temp name="T24"/><temp name="T628"/></temps><temps name="out"><temp name="T2687"/><temp name="T24"/><temp name="T628"/></temps></instruction><instruction code="OR T629, T2687, 0"><temps name="use"><temp name="T2687"/></temps><temps name="def"><temp name="T629"/></temps><temps name="in"><temp name="T2687"/><temp name="T24"/><temp name="T628"/></temps><temps name="out"><temp name="T629"/><temp name="T24"/><temp name="T628"/></temps></instruction><instruction code="ADD T2688, T628, T629"><temps name="use"><temp name="T628"/><temp name="T629"/></temps><temps name="def"><temp name="T2688"/></temps><temps name="in"><temp name="T629"/><temp name="T24"/><temp name="T628"/></temps><temps name="out"><temp name="T2688"/><temp name="T24"/></temps></instruction><instruction code="OR T630, T2688, 0"><temps name="use"><temp name="T2688"/></temps><temps name="def"><temp name="T630"/></temps><temps name="in"><temp name="T2688"/><temp name="T24"/></temps><temps name="out"><temp name="T630"/><temp name="T24"/></temps></instruction><instruction code="SETL  T2689, 88"><temps name="use"/><temps name="def"><temp name="T2689"/></temps><temps name="in"><temp name="T630"/><temp name="T24"/></temps><temps name="out"><temp name="T630"/><temp name="T24"/></temps></instruction><instruction code="INCML T2689, 0"><temps name="use"/><temps name="def"><temp name="T2689"/></temps><temps name="in"><temp name="T630"/><temp name="T24"/></temps><temps name="out"><temp name="T630"/><temp name="T24"/></temps></instruction><instruction code="INCMH T2689, 0"><temps name="use"/><temps name="def"><temp name="T2689"/></temps><temps name="in"><temp name="T630"/><temp name="T24"/></temps><temps name="out"><temp name="T630"/><temp name="T24"/></temps></instruction><instruction code="INCH  T2689, 0"><temps name="use"/><temps name="def"><temp name="T2689"/></temps><temps name="in"><temp name="T630"/><temp name="T24"/></temps><temps name="out"><temp name="T630"/><temp name="T24"/><temp name="T2689"/></temps></instruction><instruction code="NEG T2689, 0, T2689"><temps name="use"><temp name="T2689"/></temps><temps name="def"><temp name="T2689"/></temps><temps name="in"><temp name="T630"/><temp name="T24"/><temp name="T2689"/></temps><temps name="out"><temp name="T630"/><temp name="T24"/><temp name="T2689"/></temps></instruction><instruction code="ADD T2690, T24, T2689"><temps name="use"><temp name="T24"/><temp name="T2689"/></temps><temps name="def"><temp name="T2690"/></temps><temps name="in"><temp name="T630"/><temp name="T24"/><temp name="T2689"/></temps><temps name="out"><temp name="T2690"/><temp name="T630"/><temp name="T24"/></temps></instruction><instruction code="STO T2690, T630, 0"><temps name="use"><temp name="T2690"/><temp name="T630"/></temps><temps name="def"/><temps name="in"><temp name="T2690"/><temp name="T630"/><temp name="T24"/></temps><temps name="out"><temp name="T24"/></temps></instruction><instruction code="LDA T2692, L62"><temps name="use"/><temps name="def"><temp name="T2692"/></temps><temps name="in"><temp name="T24"/></temps><temps name="out"><temp name="T2692"/><temp name="T24"/></temps></instruction><instruction code="GO T2692, T2692, 0"><temps name="use"><temp name="T2692"/></temps><temps name="def"><temp name="T2692"/></temps><temps name="in"><temp name="T2692"/><temp name="T24"/></temps><temps name="out"><temp name="T24"/></temps></instruction><instruction code="L64"><temps name="use"/><temps name="def"/><temps name="in"><temp name="T24"/></temps><temps name="out"><temp name="T24"/></temps></instruction><instruction code="SETL  T2693, 0"><temps name="use"/><temps name="def"><temp name="T2693"/></temps><temps name="in"><temp name="T24"/></temps><temps name="out"><temp name="T24"/></temps></instruction><instruction code="INCML T2693, 0"><temps name="use"/><temps name="def"><temp name="T2693"/></temps><temps name="in"><temp name="T24"/></temps><temps name="out"><temp name="T24"/></temps></instruction><instruction code="INCMH T2693, 0"><temps name="use"/><temps name="def"><temp name="T2693"/></temps><temps name="in"><temp name="T24"/></temps><temps name="out"><temp name="T24"/></temps></instruction><instruction code="INCH  T2693, 0"><temps name="use"/><temps name="def"><temp name="T2693"/></temps><temps name="in"><temp name="T24"/></temps><temps name="out"><temp name="T24"/><temp name="T2693"/></temps></instruction><instruction code="OR T631, T2693, 0"><temps name="use"><temp name="T2693"/></temps><temps name="def"><temp name="T631"/></temps><temps name="in"><temp name="T24"/><temp name="T2693"/></temps><temps name="out"><temp name="T631"/><temp name="T24"/></temps></instruction><instruction code="SETL  T2694, 88"><temps name="use"/><temps name="def"><temp name="T2694"/></temps><temps name="in"><temp name="T631"/><temp name="T24"/></temps><temps name="out"><temp name="T631"/><temp name="T24"/></temps></instruction><instruction code="INCML T2694, 0"><temps name="use"/><temps name="def"><temp name="T2694"/></temps><temps name="in"><temp name="T631"/><temp name="T24"/></temps><temps name="out"><temp name="T631"/><temp name="T24"/></temps></instruction><instruction code="INCMH T2694, 0"><temps name="use"/><temps name="def"><temp name="T2694"/></temps><temps name="in"><temp name="T631"/><temp name="T24"/></temps><temps name="out"><temp name="T631"/><temp name="T24"/></temps></instruction><instruction code="INCH  T2694, 0"><temps name="use"/><temps name="def"><temp name="T2694"/></temps><temps name="in"><temp name="T631"/><temp name="T24"/></temps><temps name="out"><temp name="T631"/><temp name="T24"/><temp name="T2694"/></temps></instruction><instruction code="NEG T2694, 0, T2694"><temps name="use"><temp name="T2694"/></temps><temps name="def"><temp name="T2694"/></temps><temps name="in"><temp name="T631"/><temp name="T24"/><temp name="T2694"/></temps><temps name="out"><temp name="T631"/><temp name="T24"/><temp name="T2694"/></temps></instruction><instruction code="ADD T2695, T24, T2694"><temps name="use"><temp name="T24"/><temp name="T2694"/></temps><temps name="def"><temp name="T2695"/></temps><temps name="in"><temp name="T631"/><temp name="T24"/><temp name="T2694"/></temps><temps name="out"><temp name="T631"/><temp name="T2695"/><temp name="T24"/></temps></instruction><instruction code="STO T2695, T631, 0"><temps name="use"><temp name="T2695"/><temp name="T631"/></temps><temps name="def"/><temps name="in"><temp name="T631"/><temp name="T2695"/><temp name="T24"/></temps><temps name="out"><temp name="T24"/></temps></instruction><instruction code="L70"><temps name="use"/><temps name="def"/><temps name="in"><temp name="T24"/></temps><temps name="out"><temp name="T24"/></temps></instruction><instruction code="OR T632, T24, 0"><temps name="use"><temp name="T24"/></temps><temps name="def"><temp name="T632"/></temps><temps name="in"><temp name="T24"/></temps><temps name="out"><temp name="T24"/><temp name="T632"/></temps></instruction><instruction code="SETL  T2697, 88"><temps name="use"/><temps name="def"><temp name="T2697"/></temps><temps name="in"><temp name="T24"/><temp name="T632"/></temps><temps name="out"><temp name="T24"/><temp name="T632"/></temps></instruction><instruction code="INCML T2697, 0"><temps name="use"/><temps name="def"><temp name="T2697"/></temps><temps name="in"><temp name="T24"/><temp name="T632"/></temps><temps name="out"><temp name="T24"/><temp name="T632"/></temps></instruction><instruction code="INCMH T2697, 0"><temps name="use"/><temps name="def"><temp name="T2697"/></temps><temps name="in"><temp name="T24"/><temp name="T632"/></temps><temps name="out"><temp name="T24"/><temp name="T632"/></temps></instruction><instruction code="INCH  T2697, 0"><temps name="use"/><temps name="def"><temp name="T2697"/></temps><temps name="in"><temp name="T24"/><temp name="T632"/></temps><temps name="out"><temp name="T24"/><temp name="T2697"/><temp name="T632"/></temps></instruction><instruction code="NEG T2697, 0, T2697"><temps name="use"><temp name="T2697"/></temps><temps name="def"><temp name="T2697"/></temps><temps name="in"><temp name="T24"/><temp name="T2697"/><temp name="T632"/></temps><temps name="out"><temp name="T24"/><temp name="T2697"/><temp name="T632"/></temps></instruction><instruction code="OR T633, T2697, 0"><temps name="use"><temp name="T2697"/></temps><temps name="def"><temp name="T633"/></temps><temps name="in"><temp name="T24"/><temp name="T2697"/><temp name="T632"/></temps><temps name="out"><temp name="T633"/><temp name="T24"/><temp name="T632"/></temps></instruction><instruction code="ADD T2698, T632, T633"><temps name="use"><temp name="T632"/><temp name="T633"/></temps><temps name="def"><temp name="T2698"/></temps><temps name="in"><temp name="T633"/><temp name="T24"/><temp name="T632"/></temps><temps name="out"><temp name="T24"/><temp name="T2698"/></temps></instruction><instruction code="OR T634, T2698, 0"><temps name="use"><temp name="T2698"/></temps><temps name="def"><temp name="T634"/></temps><temps name="in"><temp name="T24"/><temp name="T2698"/></temps><temps name="out"><temp name="T24"/><temp name="T634"/></temps></instruction><instruction code="OR T635, T634, 0"><temps name="use"><temp name="T634"/></temps><temps name="def"><temp name="T635"/></temps><temps name="in"><temp name="T24"/><temp name="T634"/></temps><temps name="out"><temp name="T24"/><temp name="T635"/></temps></instruction><instruction code="SETL  T2700, 9"><temps name="use"/><temps name="def"><temp name="T2700"/></temps><temps name="in"><temp name="T24"/><temp name="T635"/></temps><temps name="out"><temp name="T24"/><temp name="T635"/></temps></instruction><instruction code="INCML T2700, 0"><temps name="use"/><temps name="def"><temp name="T2700"/></temps><temps name="in"><temp name="T24"/><temp name="T635"/></temps><temps name="out"><temp name="T24"/><temp name="T635"/></temps></instruction><instruction code="INCMH T2700, 0"><temps name="use"/><temps name="def"><temp name="T2700"/></temps><temps name="in"><temp name="T24"/><temp name="T635"/></temps><temps name="out"><temp name="T24"/><temp name="T635"/></temps></instruction><instruction code="INCH  T2700, 0"><temps name="use"/><temps name="def"><temp name="T2700"/></temps><temps name="in"><temp name="T24"/><temp name="T635"/></temps><temps name="out"><temp name="T2700"/><temp name="T24"/><temp name="T635"/></temps></instruction><instruction code="OR T636, T2700, 0"><temps name="use"><temp name="T2700"/></temps><temps name="def"><temp name="T636"/></temps><temps name="in"><temp name="T2700"/><temp name="T24"/><temp name="T635"/></temps><temps name="out"><temp name="T636"/><temp name="T24"/><temp name="T635"/></temps></instruction><instruction code="CMP T2701, T635, T636"><temps name="use"><temp name="T635"/><temp name="T636"/></temps><temps name="def"><temp name="T2701"/></temps><temps name="in"><temp name="T636"/><temp name="T24"/><temp name="T635"/></temps><temps name="out"><temp name="T2701"/><temp name="T24"/></temps></instruction><instruction code="ZSN T2701, T2701, 1"><temps name="use"><temp name="T2701"/></temps><temps name="def"><temp name="T2701"/></temps><temps name="in"><temp name="T2701"/><temp name="T24"/></temps><temps name="out"><temp name="T2701"/><temp name="T24"/></temps></instruction><instruction code="OR T637, T2701, 0"><temps name="use"><temp name="T2701"/></temps><temps name="def"><temp name="T637"/></temps><temps name="in"><temp name="T2701"/><temp name="T24"/></temps><temps name="out"><temp name="T637"/><temp name="T24"/></temps></instruction><instruction code="BNZ T637, L71"><temps name="use"><temp name="T637"/></temps><temps name="def"/><temps name="in"><temp name="T637"/><temp name="T24"/></temps><temps name="out"><temp name="T24"/></temps></instruction><instruction code="L139"><temps name="use"/><temps name="def"/><temps name="in"><temp name="T24"/></temps><temps name="out"><temp name="T24"/></temps></instruction><instruction code="LDA T2702, L72"><temps name="use"/><temps name="def"><temp name="T2702"/></temps><temps name="in"><temp name="T24"/></temps><temps name="out"><temp name="T2702"/><temp name="T24"/></temps></instruction><instruction code="GO T2702, T2702, 0"><temps name="use"><temp name="T2702"/></temps><temps name="def"><temp name="T2702"/></temps><temps name="in"><temp name="T2702"/><temp name="T24"/></temps><temps name="out"><temp name="T24"/></temps></instruction><instruction code="L71"><temps name="use"/><temps name="def"/><temps name="in"><temp name="T24"/></temps><temps name="out"><temp name="T24"/></temps></instruction><instruction code="OR T638, T24, 0"><temps name="use"><temp name="T24"/></temps><temps name="def"><temp name="T638"/></temps><temps name="in"><temp name="T24"/></temps><temps name="out"><temp name="T24"/><temp name="T638"/></temps></instruction><instruction code="OR T639, T638, 0"><temps name="use"><temp name="T638"/></temps><temps name="def"><temp name="T639"/></temps><temps name="in"><temp name="T24"/><temp name="T638"/></temps><temps name="out"><temp name="T24"/><temp name="T639"/></temps></instruction><instruction code="SETL  T2704, 8"><temps name="use"/><temps name="def"><temp name="T2704"/></temps><temps name="in"><temp name="T24"/><temp name="T639"/></temps><temps name="out"><temp name="T24"/><temp name="T639"/></temps></instruction><instruction code="INCML T2704, 0"><temps name="use"/><temps name="def"><temp name="T2704"/></temps><temps name="in"><temp name="T24"/><temp name="T639"/></temps><temps name="out"><temp name="T24"/><temp name="T639"/></temps></instruction><instruction code="INCMH T2704, 0"><temps name="use"/><temps name="def"><temp name="T2704"/></temps><temps name="in"><temp name="T24"/><temp name="T639"/></temps><temps name="out"><temp name="T24"/><temp name="T639"/></temps></instruction><instruction code="INCH  T2704, 0"><temps name="use"/><temps name="def"><temp name="T2704"/></temps><temps name="in"><temp name="T24"/><temp name="T639"/></temps><temps name="out"><temp name="T2704"/><temp name="T24"/><temp name="T639"/></temps></instruction><instruction code="OR T640, T2704, 0"><temps name="use"><temp name="T2704"/></temps><temps name="def"><temp name="T640"/></temps><temps name="in"><temp name="T2704"/><temp name="T24"/><temp name="T639"/></temps><temps name="out"><temp name="T24"/><temp name="T639"/><temp name="T640"/></temps></instruction><instruction code="ADD T2705, T639, T640"><temps name="use"><temp name="T639"/><temp name="T640"/></temps><temps name="def"><temp name="T2705"/></temps><temps name="in"><temp name="T24"/><temp name="T639"/><temp name="T640"/></temps><temps name="out"><temp name="T2705"/><temp name="T24"/></temps></instruction><instruction code="OR T641, T2705, 0"><temps name="use"><temp name="T2705"/></temps><temps name="def"><temp name="T641"/></temps><temps name="in"><temp name="T2705"/><temp name="T24"/></temps><temps name="out"><temp name="T24"/><temp name="T641"/></temps></instruction><instruction code="OR T642, T641, 0"><temps name="use"><temp name="T641"/></temps><temps name="def"><temp name="T642"/></temps><temps name="in"><temp name="T24"/><temp name="T641"/></temps><temps name="out"><temp name="T24"/><temp name="T642"/></temps></instruction><instruction code="OR T643, T24, 0"><temps name="use"><temp name="T24"/></temps><temps name="def"><temp name="T643"/></temps><temps name="in"><temp name="T24"/><temp name="T642"/></temps><temps name="out"><temp name="T643"/><temp name="T24"/><temp name="T642"/></temps></instruction><instruction code="SETL  T2707, 88"><temps name="use"/><temps name="def"><temp name="T2707"/></temps><temps name="in"><temp name="T643"/><temp name="T24"/><temp name="T642"/></temps><temps name="out"><temp name="T643"/><temp name="T24"/><temp name="T642"/></temps></instruction><instruction code="INCML T2707, 0"><temps name="use"/><temps name="def"><temp name="T2707"/></temps><temps name="in"><temp name="T643"/><temp name="T24"/><temp name="T642"/></temps><temps name="out"><temp name="T643"/><temp name="T24"/><temp name="T642"/></temps></instruction><instruction code="INCMH T2707, 0"><temps name="use"/><temps name="def"><temp name="T2707"/></temps><temps name="in"><temp name="T643"/><temp name="T24"/><temp name="T642"/></temps><temps name="out"><temp name="T643"/><temp name="T24"/><temp name="T642"/></temps></instruction><instruction code="INCH  T2707, 0"><temps name="use"/><temps name="def"><temp name="T2707"/></temps><temps name="in"><temp name="T643"/><temp name="T24"/><temp name="T642"/></temps><temps name="out"><temp name="T2707"/><temp name="T643"/><temp name="T24"/><temp name="T642"/></temps></instruction><instruction code="NEG T2707, 0, T2707"><temps name="use"><temp name="T2707"/></temps><temps name="def"><temp name="T2707"/></temps><temps name="in"><temp name="T2707"/><temp name="T643"/><temp name="T24"/><temp name="T642"/></temps><temps name="out"><temp name="T2707"/><temp name="T643"/><temp name="T24"/><temp name="T642"/></temps></instruction><instruction code="OR T644, T2707, 0"><temps name="use"><temp name="T2707"/></temps><temps name="def"><temp name="T644"/></temps><temps name="in"><temp name="T2707"/><temp name="T643"/><temp name="T24"/><temp name="T642"/></temps><temps name="out"><temp name="T644"/><temp name="T643"/><temp name="T24"/><temp name="T642"/></temps></instruction><instruction code="ADD T2708, T643, T644"><temps name="use"><temp name="T643"/><temp name="T644"/></temps><temps name="def"><temp name="T2708"/></temps><temps name="in"><temp name="T644"/><temp name="T643"/><temp name="T24"/><temp name="T642"/></temps><temps name="out"><temp name="T2708"/><temp name="T24"/><temp name="T642"/></temps></instruction><instruction code="OR T645, T2708, 0"><temps name="use"><temp name="T2708"/></temps><temps name="def"><temp name="T645"/></temps><temps name="in"><temp name="T2708"/><temp name="T24"/><temp name="T642"/></temps><temps name="out"><temp name="T645"/><temp name="T24"/><temp name="T642"/></temps></instruction><instruction code="OR T646, T645, 0"><temps name="use"><temp name="T645"/></temps><temps name="def"><temp name="T646"/></temps><temps name="in"><temp name="T645"/><temp name="T24"/><temp name="T642"/></temps><temps name="out"><temp name="T646"/><temp name="T24"/><temp name="T642"/></temps></instruction><instruction code="SETL  T2710, 72"><temps name="use"/><temps name="def"><temp name="T2710"/></temps><temps name="in"><temp name="T646"/><temp name="T24"/><temp name="T642"/></temps><temps name="out"><temp name="T646"/><temp name="T24"/><temp name="T642"/></temps></instruction><instruction code="INCML T2710, 0"><temps name="use"/><temps name="def"><temp name="T2710"/></temps><temps name="in"><temp name="T646"/><temp name="T24"/><temp name="T642"/></temps><temps name="out"><temp name="T646"/><temp name="T24"/><temp name="T642"/></temps></instruction><instruction code="INCMH T2710, 0"><temps name="use"/><temps name="def"><temp name="T2710"/></temps><temps name="in"><temp name="T646"/><temp name="T24"/><temp name="T642"/></temps><temps name="out"><temp name="T646"/><temp name="T24"/><temp name="T642"/></temps></instruction><instruction code="INCH  T2710, 0"><temps name="use"/><temps name="def"><temp name="T2710"/></temps><temps name="in"><temp name="T646"/><temp name="T24"/><temp name="T642"/></temps><temps name="out"><temp name="T646"/><temp name="T2710"/><temp name="T24"/><temp name="T642"/></temps></instruction><instruction code="OR T647, T2710, 0"><temps name="use"><temp name="T2710"/></temps><temps name="def"><temp name="T647"/></temps><temps name="in"><temp name="T646"/><temp name="T2710"/><temp name="T24"/><temp name="T642"/></temps><temps name="out"><temp name="T646"/><temp name="T24"/><temp name="T647"/><temp name="T642"/></temps></instruction><instruction code="MUL T2711, T646, T647"><temps name="use"><temp name="T646"/><temp name="T647"/></temps><temps name="def"><temp name="T2711"/></temps><temps name="in"><temp name="T646"/><temp name="T24"/><temp name="T647"/><temp name="T642"/></temps><temps name="out"><temp name="T2711"/><temp name="T24"/><temp name="T642"/></temps></instruction><instruction code="OR T648, T2711, 0"><temps name="use"><temp name="T2711"/></temps><temps name="def"><temp name="T648"/></temps><temps name="in"><temp name="T2711"/><temp name="T24"/><temp name="T642"/></temps><temps name="out"><temp name="T648"/><temp name="T24"/><temp name="T642"/></temps></instruction><instruction code="ADD T2712, T642, T648"><temps name="use"><temp name="T642"/><temp name="T648"/></temps><temps name="def"><temp name="T2712"/></temps><temps name="in"><temp name="T648"/><temp name="T24"/><temp name="T642"/></temps><temps name="out"><temp name="T2712"/><temp name="T24"/></temps></instruction><instruction code="OR T649, T2712, 0"><temps name="use"><temp name="T2712"/></temps><temps name="def"><temp name="T649"/></temps><temps name="in"><temp name="T2712"/><temp name="T24"/></temps><temps name="out"><temp name="T649"/><temp name="T24"/></temps></instruction><instruction code="OR T650, T24, 0"><temps name="use"><temp name="T24"/></temps><temps name="def"><temp name="T650"/></temps><temps name="in"><temp name="T649"/><temp name="T24"/></temps><temps name="out"><temp name="T650"/><temp name="T649"/><temp name="T24"/></temps></instruction><instruction code="SETL  T2713, 8"><temps name="use"/><temps name="def"><temp name="T2713"/></temps><temps name="in"><temp name="T650"/><temp name="T649"/><temp name="T24"/></temps><temps name="out"><temp name="T650"/><temp name="T649"/><temp name="T24"/></temps></instruction><instruction code="INCML T2713, 0"><temps name="use"/><temps name="def"><temp name="T2713"/></temps><temps name="in"><temp name="T650"/><temp name="T649"/><temp name="T24"/></temps><temps name="out"><temp name="T650"/><temp name="T649"/><temp name="T24"/></temps></instruction><instruction code="INCMH T2713, 0"><temps name="use"/><temps name="def"><temp name="T2713"/></temps><temps name="in"><temp name="T650"/><temp name="T649"/><temp name="T24"/></temps><temps name="out"><temp name="T650"/><temp name="T649"/><temp name="T24"/></temps></instruction><instruction code="INCH  T2713, 0"><temps name="use"/><temps name="def"><temp name="T2713"/></temps><temps name="in"><temp name="T650"/><temp name="T649"/><temp name="T24"/></temps><temps name="out"><temp name="T2713"/><temp name="T650"/><temp name="T649"/><temp name="T24"/></temps></instruction><instruction code="OR T651, T2713, 0"><temps name="use"><temp name="T2713"/></temps><temps name="def"><temp name="T651"/></temps><temps name="in"><temp name="T2713"/><temp name="T650"/><temp name="T649"/><temp name="T24"/></temps><temps name="out"><temp name="T651"/><temp name="T650"/><temp name="T649"/><temp name="T24"/></temps></instruction><instruction code="ADD T2714, T650, T651"><temps name="use"><temp name="T650"/><temp name="T651"/></temps><temps name="def"><temp name="T2714"/></temps><temps name="in"><temp name="T651"/><temp name="T650"/><temp name="T649"/><temp name="T24"/></temps><temps name="out"><temp name="T2714"/><temp name="T649"/><temp name="T24"/></temps></instruction><instruction code="OR T652, T2714, 0"><temps name="use"><temp name="T2714"/></temps><temps name="def"><temp name="T652"/></temps><temps name="in"><temp name="T2714"/><temp name="T649"/><temp name="T24"/></temps><temps name="out"><temp name="T652"/><temp name="T649"/><temp name="T24"/></temps></instruction><instruction code="OR T653, T652, 0"><temps name="use"><temp name="T652"/></temps><temps name="def"><temp name="T653"/></temps><temps name="in"><temp name="T652"/><temp name="T649"/><temp name="T24"/></temps><temps name="out"><temp name="T649"/><temp name="T24"/><temp name="T653"/></temps></instruction><instruction code="SETL  T2716, 8"><temps name="use"/><temps name="def"><temp name="T2716"/></temps><temps name="in"><temp name="T649"/><temp name="T24"/><temp name="T653"/></temps><temps name="out"><temp name="T649"/><temp name="T24"/><temp name="T653"/></temps></instruction><instruction code="INCML T2716, 0"><temps name="use"/><temps name="def"><temp name="T2716"/></temps><temps name="in"><temp name="T649"/><temp name="T24"/><temp name="T653"/></temps><temps name="out"><temp name="T649"/><temp name="T24"/><temp name="T653"/></temps></instruction><instruction code="INCMH T2716, 0"><temps name="use"/><temps name="def"><temp name="T2716"/></temps><temps name="in"><temp name="T649"/><temp name="T24"/><temp name="T653"/></temps><temps name="out"><temp name="T649"/><temp name="T24"/><temp name="T653"/></temps></instruction><instruction code="INCH  T2716, 0"><temps name="use"/><temps name="def"><temp name="T2716"/></temps><temps name="in"><temp name="T649"/><temp name="T24"/><temp name="T653"/></temps><temps name="out"><temp name="T649"/><temp name="T2716"/><temp name="T24"/><temp name="T653"/></temps></instruction><instruction code="OR T654, T2716, 0"><temps name="use"><temp name="T2716"/></temps><temps name="def"><temp name="T654"/></temps><temps name="in"><temp name="T649"/><temp name="T2716"/><temp name="T24"/><temp name="T653"/></temps><temps name="out"><temp name="T654"/><temp name="T649"/><temp name="T24"/><temp name="T653"/></temps></instruction><instruction code="MUL T2717, T653, T654"><temps name="use"><temp name="T653"/><temp name="T654"/></temps><temps name="def"><temp name="T2717"/></temps><temps name="in"><temp name="T654"/><temp name="T649"/><temp name="T24"/><temp name="T653"/></temps><temps name="out"><temp name="T2717"/><temp name="T649"/><temp name="T24"/></temps></instruction><instruction code="OR T655, T2717, 0"><temps name="use"><temp name="T2717"/></temps><temps name="def"><temp name="T655"/></temps><temps name="in"><temp name="T2717"/><temp name="T649"/><temp name="T24"/></temps><temps name="out"><temp name="T649"/><temp name="T655"/><temp name="T24"/></temps></instruction><instruction code="ADD T2718, T649, T655"><temps name="use"><temp name="T649"/><temp name="T655"/></temps><temps name="def"><temp name="T2718"/></temps><temps name="in"><temp name="T649"/><temp name="T655"/><temp name="T24"/></temps><temps name="out"><temp name="T24"/><temp name="T2718"/></temps></instruction><instruction code="OR T656, T2718, 0"><temps name="use"><temp name="T2718"/></temps><temps name="def"><temp name="T656"/></temps><temps name="in"><temp name="T24"/><temp name="T2718"/></temps><temps name="out"><temp name="T24"/><temp name="T656"/></temps></instruction><instruction code="OR T657, T656, 0"><temps name="use"><temp name="T656"/></temps><temps name="def"><temp name="T657"/></temps><temps name="in"><temp name="T24"/><temp name="T656"/></temps><temps name="out"><temp name="T657"/><temp name="T24"/></temps></instruction><instruction code="SETL  T2720, 0"><temps name="use"/><temps name="def"><temp name="T2720"/></temps><temps name="in"><temp name="T657"/><temp name="T24"/></temps><temps name="out"><temp name="T657"/><temp name="T24"/></temps></instruction><instruction code="INCML T2720, 0"><temps name="use"/><temps name="def"><temp name="T2720"/></temps><temps name="in"><temp name="T657"/><temp name="T24"/></temps><temps name="out"><temp name="T657"/><temp name="T24"/></temps></instruction><instruction code="INCMH T2720, 0"><temps name="use"/><temps name="def"><temp name="T2720"/></temps><temps name="in"><temp name="T657"/><temp name="T24"/></temps><temps name="out"><temp name="T657"/><temp name="T24"/></temps></instruction><instruction code="INCH  T2720, 0"><temps name="use"/><temps name="def"><temp name="T2720"/></temps><temps name="in"><temp name="T657"/><temp name="T24"/></temps><temps name="out"><temp name="T2720"/><temp name="T657"/><temp name="T24"/></temps></instruction><instruction code="OR T658, T2720, 0"><temps name="use"><temp name="T2720"/></temps><temps name="def"><temp name="T658"/></temps><temps name="in"><temp name="T2720"/><temp name="T657"/><temp name="T24"/></temps><temps name="out"><temp name="T658"/><temp name="T657"/><temp name="T24"/></temps></instruction><instruction code="CMP T2721, T657, T658"><temps name="use"><temp name="T657"/><temp name="T658"/></temps><temps name="def"><temp name="T2721"/></temps><temps name="in"><temp name="T658"/><temp name="T657"/><temp name="T24"/></temps><temps name="out"><temp name="T2721"/><temp name="T24"/></temps></instruction><instruction code="ZSNZ T2721, T2721, 1"><temps name="use"><temp name="T2721"/></temps><temps name="def"><temp name="T2721"/></temps><temps name="in"><temp name="T2721"/><temp name="T24"/></temps><temps name="out"><temp name="T2721"/><temp name="T24"/></temps></instruction><instruction code="OR T659, T2721, 0"><temps name="use"><temp name="T2721"/></temps><temps name="def"><temp name="T659"/></temps><temps name="in"><temp name="T2721"/><temp name="T24"/></temps><temps name="out"><temp name="T659"/><temp name="T24"/></temps></instruction><instruction code="BNZ T659, L68"><temps name="use"><temp name="T659"/></temps><temps name="def"/><temps name="in"><temp name="T659"/><temp name="T24"/></temps><temps name="out"><temp name="T24"/></temps></instruction><instruction code="L140"><temps name="use"/><temps name="def"/><temps name="in"><temp name="T24"/></temps><temps name="out"><temp name="T24"/></temps></instruction><instruction code="LDA T2722, L69"><temps name="use"/><temps name="def"><temp name="T2722"/></temps><temps name="in"><temp name="T24"/></temps><temps name="out"><temp name="T24"/><temp name="T2722"/></temps></instruction><instruction code="GO T2722, T2722, 0"><temps name="use"><temp name="T2722"/></temps><temps name="def"><temp name="T2722"/></temps><temps name="in"><temp name="T24"/><temp name="T2722"/></temps><temps name="out"><temp name="T24"/></temps></instruction><instruction code="L68"><temps name="use"/><temps name="def"/><temps name="in"><temp name="T24"/></temps><temps name="out"><temp name="T24"/></temps></instruction><instruction code="OR T660, T24, 0"><temps name="use"><temp name="T24"/></temps><temps name="def"><temp name="T660"/></temps><temps name="in"><temp name="T24"/></temps><temps name="out"><temp name="T660"/><temp name="T24"/></temps></instruction><instruction code="SETL  T2723, 80"><temps name="use"/><temps name="def"><temp name="T2723"/></temps><temps name="in"><temp name="T660"/><temp name="T24"/></temps><temps name="out"><temp name="T660"/><temp name="T24"/></temps></instruction><instruction code="INCML T2723, 0"><temps name="use"/><temps name="def"><temp name="T2723"/></temps><temps name="in"><temp name="T660"/><temp name="T24"/></temps><temps name="out"><temp name="T660"/><temp name="T24"/></temps></instruction><instruction code="INCMH T2723, 0"><temps name="use"/><temps name="def"><temp name="T2723"/></temps><temps name="in"><temp name="T660"/><temp name="T24"/></temps><temps name="out"><temp name="T660"/><temp name="T24"/></temps></instruction><instruction code="INCH  T2723, 0"><temps name="use"/><temps name="def"><temp name="T2723"/></temps><temps name="in"><temp name="T660"/><temp name="T24"/></temps><temps name="out"><temp name="T660"/><temp name="T24"/><temp name="T2723"/></temps></instruction><instruction code="NEG T2723, 0, T2723"><temps name="use"><temp name="T2723"/></temps><temps name="def"><temp name="T2723"/></temps><temps name="in"><temp name="T660"/><temp name="T24"/><temp name="T2723"/></temps><temps name="out"><temp name="T660"/><temp name="T24"/><temp name="T2723"/></temps></instruction><instruction code="OR T661, T2723, 0"><temps name="use"><temp name="T2723"/></temps><temps name="def"><temp name="T661"/></temps><temps name="in"><temp name="T660"/><temp name="T24"/><temp name="T2723"/></temps><temps name="out"><temp name="T661"/><temp name="T660"/><temp name="T24"/></temps></instruction><instruction code="ADD T2724, T660, T661"><temps name="use"><temp name="T660"/><temp name="T661"/></temps><temps name="def"><temp name="T2724"/></temps><temps name="in"><temp name="T661"/><temp name="T660"/><temp name="T24"/></temps><temps name="out"><temp name="T2724"/><temp name="T24"/></temps></instruction><instruction code="OR T662, T2724, 0"><temps name="use"><temp name="T2724"/></temps><temps name="def"><temp name="T662"/></temps><temps name="in"><temp name="T2724"/><temp name="T24"/></temps><temps name="out"><temp name="T662"/><temp name="T24"/></temps></instruction><instruction code="OR T663, T24, 0"><temps name="use"><temp name="T24"/></temps><temps name="def"><temp name="T663"/></temps><temps name="in"><temp name="T662"/><temp name="T24"/></temps><temps name="out"><temp name="T662"/><temp name="T663"/><temp name="T24"/></temps></instruction><instruction code="OR T664, T663, 0"><temps name="use"><temp name="T663"/></temps><temps name="def"><temp name="T664"/></temps><temps name="in"><temp name="T662"/><temp name="T663"/><temp name="T24"/></temps><temps name="out"><temp name="T662"/><temp name="T24"/><temp name="T664"/></temps></instruction><instruction code="SETL  T2726, 8"><temps name="use"/><temps name="def"><temp name="T2726"/></temps><temps name="in"><temp name="T662"/><temp name="T24"/><temp name="T664"/></temps><temps name="out"><temp name="T662"/><temp name="T24"/><temp name="T664"/></temps></instruction><instruction code="INCML T2726, 0"><temps name="use"/><temps name="def"><temp name="T2726"/></temps><temps name="in"><temp name="T662"/><temp name="T24"/><temp name="T664"/></temps><temps name="out"><temp name="T662"/><temp name="T24"/><temp name="T664"/></temps></instruction><instruction code="INCMH T2726, 0"><temps name="use"/><temps name="def"><temp name="T2726"/></temps><temps name="in"><temp name="T662"/><temp name="T24"/><temp name="T664"/></temps><temps name="out"><temp name="T662"/><temp name="T24"/><temp name="T664"/></temps></instruction><instruction code="INCH  T2726, 0"><temps name="use"/><temps name="def"><temp name="T2726"/></temps><temps name="in"><temp name="T662"/><temp name="T24"/><temp name="T664"/></temps><temps name="out"><temp name="T662"/><temp name="T2726"/><temp name="T24"/><temp name="T664"/></temps></instruction><instruction code="OR T665, T2726, 0"><temps name="use"><temp name="T2726"/></temps><temps name="def"><temp name="T665"/></temps><temps name="in"><temp name="T662"/><temp name="T2726"/><temp name="T24"/><temp name="T664"/></temps><temps name="out"><temp name="T662"/><temp name="T665"/><temp name="T24"/><temp name="T664"/></temps></instruction><instruction code="ADD T2727, T664, T665"><temps name="use"><temp name="T664"/><temp name="T665"/></temps><temps name="def"><temp name="T2727"/></temps><temps name="in"><temp name="T662"/><temp name="T665"/><temp name="T24"/><temp name="T664"/></temps><temps name="out"><temp name="T662"/><temp name="T24"/><temp name="T2727"/></temps></instruction><instruction code="OR T666, T2727, 0"><temps name="use"><temp name="T2727"/></temps><temps name="def"><temp name="T666"/></temps><temps name="in"><temp name="T662"/><temp name="T24"/><temp name="T2727"/></temps><temps name="out"><temp name="T666"/><temp name="T662"/><temp name="T24"/></temps></instruction><instruction code="OR T667, T666, 0"><temps name="use"><temp name="T666"/></temps><temps name="def"><temp name="T667"/></temps><temps name="in"><temp name="T666"/><temp name="T662"/><temp name="T24"/></temps><temps name="out"><temp name="T662"/><temp name="T667"/><temp name="T24"/></temps></instruction><instruction code="OR T668, T24, 0"><temps name="use"><temp name="T24"/></temps><temps name="def"><temp name="T668"/></temps><temps name="in"><temp name="T662"/><temp name="T667"/><temp name="T24"/></temps><temps name="out"><temp name="T662"/><temp name="T667"/><temp name="T668"/><temp name="T24"/></temps></instruction><instruction code="SETL  T2729, 88"><temps name="use"/><temps name="def"><temp name="T2729"/></temps><temps name="in"><temp name="T662"/><temp name="T667"/><temp name="T668"/><temp name="T24"/></temps><temps name="out"><temp name="T662"/><temp name="T667"/><temp name="T668"/><temp name="T24"/></temps></instruction><instruction code="INCML T2729, 0"><temps name="use"/><temps name="def"><temp name="T2729"/></temps><temps name="in"><temp name="T662"/><temp name="T667"/><temp name="T668"/><temp name="T24"/></temps><temps name="out"><temp name="T662"/><temp name="T667"/><temp name="T668"/><temp name="T24"/></temps></instruction><instruction code="INCMH T2729, 0"><temps name="use"/><temps name="def"><temp name="T2729"/></temps><temps name="in"><temp name="T662"/><temp name="T667"/><temp name="T668"/><temp name="T24"/></temps><temps name="out"><temp name="T662"/><temp name="T667"/><temp name="T668"/><temp name="T24"/></temps></instruction><instruction code="INCH  T2729, 0"><temps name="use"/><temps name="def"><temp name="T2729"/></temps><temps name="in"><temp name="T662"/><temp name="T667"/><temp name="T668"/><temp name="T24"/></temps><temps name="out"><temp name="T662"/><temp name="T2729"/><temp name="T667"/><temp name="T668"/><temp name="T24"/></temps></instruction><instruction code="NEG T2729, 0, T2729"><temps name="use"><temp name="T2729"/></temps><temps name="def"><temp name="T2729"/></temps><temps name="in"><temp name="T662"/><temp name="T2729"/><temp name="T667"/><temp name="T668"/><temp name="T24"/></temps><temps name="out"><temp name="T662"/><temp name="T2729"/><temp name="T667"/><temp name="T668"/><temp name="T24"/></temps></instruction><instruction code="OR T669, T2729, 0"><temps name="use"><temp name="T2729"/></temps><temps name="def"><temp name="T669"/></temps><temps name="in"><temp name="T662"/><temp name="T2729"/><temp name="T667"/><temp name="T668"/><temp name="T24"/></temps><temps name="out"><temp name="T662"/><temp name="T669"/><temp name="T667"/><temp name="T668"/><temp name="T24"/></temps></instruction><instruction code="ADD T2730, T668, T669"><temps name="use"><temp name="T668"/><temp name="T669"/></temps><temps name="def"><temp name="T2730"/></temps><temps name="in"><temp name="T662"/><temp name="T669"/><temp name="T667"/><temp name="T668"/><temp name="T24"/></temps><temps name="out"><temp name="T662"/><temp name="T2730"/><temp name="T667"/><temp name="T24"/></temps></instruction><instruction code="OR T670, T2730, 0"><temps name="use"><temp name="T2730"/></temps><temps name="def"><temp name="T670"/></temps><temps name="in"><temp name="T662"/><temp name="T2730"/><temp name="T667"/><temp name="T24"/></temps><temps name="out"><temp name="T662"/><temp name="T670"/><temp name="T667"/><temp name="T24"/></temps></instruction><instruction code="OR T671, T670, 0"><temps name="use"><temp name="T670"/></temps><temps name="def"><temp name="T671"/></temps><temps name="in"><temp name="T662"/><temp name="T670"/><temp name="T667"/><temp name="T24"/></temps><temps name="out"><temp name="T671"/><temp name="T662"/><temp name="T667"/><temp name="T24"/></temps></instruction><instruction code="SETL  T2732, 72"><temps name="use"/><temps name="def"><temp name="T2732"/></temps><temps name="in"><temp name="T671"/><temp name="T662"/><temp name="T667"/><temp name="T24"/></temps><temps name="out"><temp name="T671"/><temp name="T662"/><temp name="T667"/><temp name="T24"/></temps></instruction><instruction code="INCML T2732, 0"><temps name="use"/><temps name="def"><temp name="T2732"/></temps><temps name="in"><temp name="T671"/><temp name="T662"/><temp name="T667"/><temp name="T24"/></temps><temps name="out"><temp name="T671"/><temp name="T662"/><temp name="T667"/><temp name="T24"/></temps></instruction><instruction code="INCMH T2732, 0"><temps name="use"/><temps name="def"><temp name="T2732"/></temps><temps name="in"><temp name="T671"/><temp name="T662"/><temp name="T667"/><temp name="T24"/></temps><temps name="out"><temp name="T671"/><temp name="T662"/><temp name="T667"/><temp name="T24"/></temps></instruction><instruction code="INCH  T2732, 0"><temps name="use"/><temps name="def"><temp name="T2732"/></temps><temps name="in"><temp name="T671"/><temp name="T662"/><temp name="T667"/><temp name="T24"/></temps><temps name="out"><temp name="T2732"/><temp name="T671"/><temp name="T662"/><temp name="T667"/><temp name="T24"/></temps></instruction><instruction code="OR T672, T2732, 0"><temps name="use"><temp name="T2732"/></temps><temps name="def"><temp name="T672"/></temps><temps name="in"><temp name="T2732"/><temp name="T671"/><temp name="T662"/><temp name="T667"/><temp name="T24"/></temps><temps name="out"><temp name="T671"/><temp name="T662"/><temp name="T667"/><temp name="T672"/><temp name="T24"/></temps></instruction><instruction code="MUL T2733, T671, T672"><temps name="use"><temp name="T671"/><temp name="T672"/></temps><temps name="def"><temp name="T2733"/></temps><temps name="in"><temp name="T671"/><temp name="T662"/><temp name="T667"/><temp name="T672"/><temp name="T24"/></temps><temps name="out"><temp name="T662"/><temp name="T667"/><temp name="T24"/><temp name="T2733"/></temps></instruction><instruction code="OR T673, T2733, 0"><temps name="use"><temp name="T2733"/></temps><temps name="def"><temp name="T673"/></temps><temps name="in"><temp name="T662"/><temp name="T667"/><temp name="T24"/><temp name="T2733"/></temps><temps name="out"><temp name="T662"/><temp name="T667"/><temp name="T673"/><temp name="T24"/></temps></instruction><instruction code="ADD T2734, T667, T673"><temps name="use"><temp name="T667"/><temp name="T673"/></temps><temps name="def"><temp name="T2734"/></temps><temps name="in"><temp name="T662"/><temp name="T667"/><temp name="T673"/><temp name="T24"/></temps><temps name="out"><temp name="T662"/><temp name="T24"/><temp name="T2734"/></temps></instruction><instruction code="OR T674, T2734, 0"><temps name="use"><temp name="T2734"/></temps><temps name="def"><temp name="T674"/></temps><temps name="in"><temp name="T662"/><temp name="T24"/><temp name="T2734"/></temps><temps name="out"><temp name="T662"/><temp name="T674"/><temp name="T24"/></temps></instruction><instruction code="OR T675, T24, 0"><temps name="use"><temp name="T24"/></temps><temps name="def"><temp name="T675"/></temps><temps name="in"><temp name="T662"/><temp name="T674"/><temp name="T24"/></temps><temps name="out"><temp name="T662"/><temp name="T674"/><temp name="T24"/><temp name="T675"/></temps></instruction><instruction code="SETL  T2735, 8"><temps name="use"/><temps name="def"><temp name="T2735"/></temps><temps name="in"><temp name="T662"/><temp name="T674"/><temp name="T24"/><temp name="T675"/></temps><temps name="out"><temp name="T662"/><temp name="T674"/><temp name="T24"/><temp name="T675"/></temps></instruction><instruction code="INCML T2735, 0"><temps name="use"/><temps name="def"><temp name="T2735"/></temps><temps name="in"><temp name="T662"/><temp name="T674"/><temp name="T24"/><temp name="T675"/></temps><temps name="out"><temp name="T662"/><temp name="T674"/><temp name="T24"/><temp name="T675"/></temps></instruction><instruction code="INCMH T2735, 0"><temps name="use"/><temps name="def"><temp name="T2735"/></temps><temps name="in"><temp name="T662"/><temp name="T674"/><temp name="T24"/><temp name="T675"/></temps><temps name="out"><temp name="T662"/><temp name="T674"/><temp name="T24"/><temp name="T675"/></temps></instruction><instruction code="INCH  T2735, 0"><temps name="use"/><temps name="def"><temp name="T2735"/></temps><temps name="in"><temp name="T662"/><temp name="T674"/><temp name="T24"/><temp name="T675"/></temps><temps name="out"><temp name="T662"/><temp name="T2735"/><temp name="T674"/><temp name="T24"/><temp name="T675"/></temps></instruction><instruction code="OR T676, T2735, 0"><temps name="use"><temp name="T2735"/></temps><temps name="def"><temp name="T676"/></temps><temps name="in"><temp name="T662"/><temp name="T2735"/><temp name="T674"/><temp name="T24"/><temp name="T675"/></temps><temps name="out"><temp name="T662"/><temp name="T674"/><temp name="T676"/><temp name="T24"/><temp name="T675"/></temps></instruction><instruction code="ADD T2736, T675, T676"><temps name="use"><temp name="T675"/><temp name="T676"/></temps><temps name="def"><temp name="T2736"/></temps><temps name="in"><temp name="T662"/><temp name="T674"/><temp name="T676"/><temp name="T24"/><temp name="T675"/></temps><temps name="out"><temp name="T2736"/><temp name="T662"/><temp name="T674"/><temp name="T24"/></temps></instruction><instruction code="OR T677, T2736, 0"><temps name="use"><temp name="T2736"/></temps><temps name="def"><temp name="T677"/></temps><temps name="in"><temp name="T2736"/><temp name="T662"/><temp name="T674"/><temp name="T24"/></temps><temps name="out"><temp name="T662"/><temp name="T677"/><temp name="T674"/><temp name="T24"/></temps></instruction><instruction code="OR T678, T677, 0"><temps name="use"><temp name="T677"/></temps><temps name="def"><temp name="T678"/></temps><temps name="in"><temp name="T662"/><temp name="T677"/><temp name="T674"/><temp name="T24"/></temps><temps name="out"><temp name="T662"/><temp name="T678"/><temp name="T674"/><temp name="T24"/></temps></instruction><instruction code="SETL  T2738, 8"><temps name="use"/><temps name="def"><temp name="T2738"/></temps><temps name="in"><temp name="T662"/><temp name="T678"/><temp name="T674"/><temp name="T24"/></temps><temps name="out"><temp name="T662"/><temp name="T678"/><temp name="T674"/><temp name="T24"/></temps></instruction><instruction code="INCML T2738, 0"><temps name="use"/><temps name="def"><temp name="T2738"/></temps><temps name="in"><temp name="T662"/><temp name="T678"/><temp name="T674"/><temp name="T24"/></temps><temps name="out"><temp name="T662"/><temp name="T678"/><temp name="T674"/><temp name="T24"/></temps></instruction><instruction code="INCMH T2738, 0"><temps name="use"/><temps name="def"><temp name="T2738"/></temps><temps name="in"><temp name="T662"/><temp name="T678"/><temp name="T674"/><temp name="T24"/></temps><temps name="out"><temp name="T662"/><temp name="T678"/><temp name="T674"/><temp name="T24"/></temps></instruction><instruction code="INCH  T2738, 0"><temps name="use"/><temps name="def"><temp name="T2738"/></temps><temps name="in"><temp name="T662"/><temp name="T678"/><temp name="T674"/><temp name="T24"/></temps><temps name="out"><temp name="T662"/><temp name="T678"/><temp name="T674"/><temp name="T24"/><temp name="T2738"/></temps></instruction><instruction code="OR T679, T2738, 0"><temps name="use"><temp name="T2738"/></temps><temps name="def"><temp name="T679"/></temps><temps name="in"><temp name="T662"/><temp name="T678"/><temp name="T674"/><temp name="T24"/><temp name="T2738"/></temps><temps name="out"><temp name="T662"/><temp name="T678"/><temp name="T679"/><temp name="T674"/><temp name="T24"/></temps></instruction><instruction code="MUL T2739, T678, T679"><temps name="use"><temp name="T678"/><temp name="T679"/></temps><temps name="def"><temp name="T2739"/></temps><temps name="in"><temp name="T662"/><temp name="T678"/><temp name="T679"/><temp name="T674"/><temp name="T24"/></temps><temps name="out"><temp name="T662"/><temp name="T674"/><temp name="T2739"/><temp name="T24"/></temps></instruction><instruction code="OR T680, T2739, 0"><temps name="use"><temp name="T2739"/></temps><temps name="def"><temp name="T680"/></temps><temps name="in"><temp name="T662"/><temp name="T674"/><temp name="T2739"/><temp name="T24"/></temps><temps name="out"><temp name="T662"/><temp name="T680"/><temp name="T674"/><temp name="T24"/></temps></instruction><instruction code="ADD T2740, T674, T680"><temps name="use"><temp name="T674"/><temp name="T680"/></temps><temps name="def"><temp name="T2740"/></temps><temps name="in"><temp name="T662"/><temp name="T680"/><temp name="T674"/><temp name="T24"/></temps><temps name="out"><temp name="T662"/><temp name="T24"/><temp name="T2740"/></temps></instruction><instruction code="OR T681, T2740, 0"><temps name="use"><temp name="T2740"/></temps><temps name="def"><temp name="T681"/></temps><temps name="in"><temp name="T662"/><temp name="T24"/><temp name="T2740"/></temps><temps name="out"><temp name="T662"/><temp name="T681"/><temp name="T24"/></temps></instruction><instruction code="OR T682, T681, 0"><temps name="use"><temp name="T681"/></temps><temps name="def"><temp name="T682"/></temps><temps name="in"><temp name="T662"/><temp name="T681"/><temp name="T24"/></temps><temps name="out"><temp name="T662"/><temp name="T24"/><temp name="T682"/></temps></instruction><instruction code="SETL  T2742, 8"><temps name="use"/><temps name="def"><temp name="T2742"/></temps><temps name="in"><temp name="T662"/><temp name="T24"/><temp name="T682"/></temps><temps name="out"><temp name="T662"/><temp name="T24"/><temp name="T682"/></temps></instruction><instruction code="INCML T2742, 0"><temps name="use"/><temps name="def"><temp name="T2742"/></temps><temps name="in"><temp name="T662"/><temp name="T24"/><temp name="T682"/></temps><temps name="out"><temp name="T662"/><temp name="T24"/><temp name="T682"/></temps></instruction><instruction code="INCMH T2742, 0"><temps name="use"/><temps name="def"><temp name="T2742"/></temps><temps name="in"><temp name="T662"/><temp name="T24"/><temp name="T682"/></temps><temps name="out"><temp name="T662"/><temp name="T24"/><temp name="T682"/></temps></instruction><instruction code="INCH  T2742, 0"><temps name="use"/><temps name="def"><temp name="T2742"/></temps><temps name="in"><temp name="T662"/><temp name="T24"/><temp name="T682"/></temps><temps name="out"><temp name="T662"/><temp name="T2742"/><temp name="T24"/><temp name="T682"/></temps></instruction><instruction code="OR T683, T2742, 0"><temps name="use"><temp name="T2742"/></temps><temps name="def"><temp name="T683"/></temps><temps name="in"><temp name="T662"/><temp name="T2742"/><temp name="T24"/><temp name="T682"/></temps><temps name="out"><temp name="T683"/><temp name="T662"/><temp name="T24"/><temp name="T682"/></temps></instruction><instruction code="MUL T2743, T682, T683"><temps name="use"><temp name="T682"/><temp name="T683"/></temps><temps name="def"><temp name="T2743"/></temps><temps name="in"><temp name="T683"/><temp name="T662"/><temp name="T24"/><temp name="T682"/></temps><temps name="out"><temp name="T2743"/><temp name="T662"/><temp name="T24"/></temps></instruction><instruction code="OR T684, T2743, 0"><temps name="use"><temp name="T2743"/></temps><temps name="def"><temp name="T684"/></temps><temps name="in"><temp name="T2743"/><temp name="T662"/><temp name="T24"/></temps><temps name="out"><temp name="T662"/><temp name="T684"/><temp name="T24"/></temps></instruction><instruction code="ADD T2744, T662, T684"><temps name="use"><temp name="T662"/><temp name="T684"/></temps><temps name="def"><temp name="T2744"/></temps><temps name="in"><temp name="T662"/><temp name="T684"/><temp name="T24"/></temps><temps name="out"><temp name="T2744"/><temp name="T24"/></temps></instruction><instruction code="OR T685, T2744, 0"><temps name="use"><temp name="T2744"/></temps><temps name="def"><temp name="T685"/></temps><temps name="in"><temp name="T2744"/><temp name="T24"/></temps><temps name="out"><temp name="T685"/><temp name="T24"/></temps></instruction><instruction code="OR T686, T685, 0"><temps name="use"><temp name="T685"/></temps><temps name="def"><temp name="T686"/></temps><temps name="in"><temp name="T685"/><temp name="T24"/></temps><temps name="out"><temp name="T686"/><temp name="T24"/></temps></instruction><instruction code="BNZ T686, L65"><temps name="use"><temp name="T686"/></temps><temps name="def"/><temps name="in"><temp name="T686"/><temp name="T24"/></temps><temps name="out"><temp name="T24"/></temps></instruction><instruction code="L141"><temps name="use"/><temps name="def"/><temps name="in"><temp name="T24"/></temps><temps name="out"><temp name="T24"/></temps></instruction><instruction code="LDA T2746, L66"><temps name="use"/><temps name="def"><temp name="T2746"/></temps><temps name="in"><temp name="T24"/></temps><temps name="out"><temp name="T24"/><temp name="T2746"/></temps></instruction><instruction code="GO T2746, T2746, 0"><temps name="use"><temp name="T2746"/></temps><temps name="def"><temp name="T2746"/></temps><temps name="in"><temp name="T24"/><temp name="T2746"/></temps><temps name="out"><temp name="T24"/></temps></instruction><instruction code="L65"><temps name="use"/><temps name="def"/><temps name="in"><temp name="T24"/></temps><temps name="out"><temp name="T24"/></temps></instruction><instruction code="SETL  T2747, 0"><temps name="use"/><temps name="def"><temp name="T2747"/></temps><temps name="in"><temp name="T24"/></temps><temps name="out"><temp name="T24"/></temps></instruction><instruction code="INCML T2747, 0"><temps name="use"/><temps name="def"><temp name="T2747"/></temps><temps name="in"><temp name="T24"/></temps><temps name="out"><temp name="T24"/></temps></instruction><instruction code="INCMH T2747, 0"><temps name="use"/><temps name="def"><temp name="T2747"/></temps><temps name="in"><temp name="T24"/></temps><temps name="out"><temp name="T24"/></temps></instruction><instruction code="INCH  T2747, 0"><temps name="use"/><temps name="def"><temp name="T2747"/></temps><temps name="in"><temp name="T24"/></temps><temps name="out"><temp name="T24"/><temp name="T2747"/></temps></instruction><instruction code="OR T687, T2747, 0"><temps name="use"><temp name="T2747"/></temps><temps name="def"><temp name="T687"/></temps><temps name="in"><temp name="T24"/><temp name="T2747"/></temps><temps name="out"><temp name="T24"/><temp name="T687"/></temps></instruction><instruction code="SETL  T2748, 96"><temps name="use"/><temps name="def"><temp name="T2748"/></temps><temps name="in"><temp name="T24"/><temp name="T687"/></temps><temps name="out"><temp name="T24"/><temp name="T687"/></temps></instruction><instruction code="INCML T2748, 0"><temps name="use"/><temps name="def"><temp name="T2748"/></temps><temps name="in"><temp name="T24"/><temp name="T687"/></temps><temps name="out"><temp name="T24"/><temp name="T687"/></temps></instruction><instruction code="INCMH T2748, 0"><temps name="use"/><temps name="def"><temp name="T2748"/></temps><temps name="in"><temp name="T24"/><temp name="T687"/></temps><temps name="out"><temp name="T24"/><temp name="T687"/></temps></instruction><instruction code="INCH  T2748, 0"><temps name="use"/><temps name="def"><temp name="T2748"/></temps><temps name="in"><temp name="T24"/><temp name="T687"/></temps><temps name="out"><temp name="T24"/><temp name="T687"/><temp name="T2748"/></temps></instruction><instruction code="NEG T2748, 0, T2748"><temps name="use"><temp name="T2748"/></temps><temps name="def"><temp name="T2748"/></temps><temps name="in"><temp name="T24"/><temp name="T687"/><temp name="T2748"/></temps><temps name="out"><temp name="T24"/><temp name="T687"/><temp name="T2748"/></temps></instruction><instruction code="ADD T2749, T24, T2748"><temps name="use"><temp name="T24"/><temp name="T2748"/></temps><temps name="def"><temp name="T2749"/></temps><temps name="in"><temp name="T24"/><temp name="T687"/><temp name="T2748"/></temps><temps name="out"><temp name="T2749"/><temp name="T24"/><temp name="T687"/></temps></instruction><instruction code="STO T2749, T687, 0"><temps name="use"><temp name="T2749"/><temp name="T687"/></temps><temps name="def"/><temps name="in"><temp name="T2749"/><temp name="T24"/><temp name="T687"/></temps><temps name="out"><temp name="T24"/></temps></instruction><instruction code="LDA T2751, L67"><temps name="use"/><temps name="def"><temp name="T2751"/></temps><temps name="in"><temp name="T24"/></temps><temps name="out"><temp name="T2751"/><temp name="T24"/></temps></instruction><instruction code="GO T2751, T2751, 0"><temps name="use"><temp name="T2751"/></temps><temps name="def"><temp name="T2751"/></temps><temps name="in"><temp name="T2751"/><temp name="T24"/></temps><temps name="out"><temp name="T24"/></temps></instruction><instruction code="L66"><temps name="use"/><temps name="def"/><temps name="in"><temp name="T24"/></temps><temps name="out"><temp name="T24"/></temps></instruction><instruction code="SETL  T2752, 1"><temps name="use"/><temps name="def"><temp name="T2752"/></temps><temps name="in"><temp name="T24"/></temps><temps name="out"><temp name="T24"/></temps></instruction><instruction code="INCML T2752, 0"><temps name="use"/><temps name="def"><temp name="T2752"/></temps><temps name="in"><temp name="T24"/></temps><temps name="out"><temp name="T24"/></temps></instruction><instruction code="INCMH T2752, 0"><temps name="use"/><temps name="def"><temp name="T2752"/></temps><temps name="in"><temp name="T24"/></temps><temps name="out"><temp name="T24"/></temps></instruction><instruction code="INCH  T2752, 0"><temps name="use"/><temps name="def"><temp name="T2752"/></temps><temps name="in"><temp name="T24"/></temps><temps name="out"><temp name="T24"/><temp name="T2752"/></temps></instruction><instruction code="OR T688, T2752, 0"><temps name="use"><temp name="T2752"/></temps><temps name="def"><temp name="T688"/></temps><temps name="in"><temp name="T24"/><temp name="T2752"/></temps><temps name="out"><temp name="T688"/><temp name="T24"/></temps></instruction><instruction code="SETL  T2753, 80"><temps name="use"/><temps name="def"><temp name="T2753"/></temps><temps name="in"><temp name="T688"/><temp name="T24"/></temps><temps name="out"><temp name="T688"/><temp name="T24"/></temps></instruction><instruction code="INCML T2753, 0"><temps name="use"/><temps name="def"><temp name="T2753"/></temps><temps name="in"><temp name="T688"/><temp name="T24"/></temps><temps name="out"><temp name="T688"/><temp name="T24"/></temps></instruction><instruction code="INCMH T2753, 0"><temps name="use"/><temps name="def"><temp name="T2753"/></temps><temps name="in"><temp name="T688"/><temp name="T24"/></temps><temps name="out"><temp name="T688"/><temp name="T24"/></temps></instruction><instruction code="INCH  T2753, 0"><temps name="use"/><temps name="def"><temp name="T2753"/></temps><temps name="in"><temp name="T688"/><temp name="T24"/></temps><temps name="out"><temp name="T688"/><temp name="T2753"/><temp name="T24"/></temps></instruction><instruction code="NEG T2753, 0, T2753"><temps name="use"><temp name="T2753"/></temps><temps name="def"><temp name="T2753"/></temps><temps name="in"><temp name="T688"/><temp name="T2753"/><temp name="T24"/></temps><temps name="out"><temp name="T688"/><temp name="T24"/><temp name="T2753"/></temps></instruction><instruction code="ADD T2754, T24, T2753"><temps name="use"><temp name="T24"/><temp name="T2753"/></temps><temps name="def"><temp name="T2754"/></temps><temps name="in"><temp name="T688"/><temp name="T24"/><temp name="T2753"/></temps><temps name="out"><temp name="T2754"/><temp name="T688"/><temp name="T24"/></temps></instruction><instruction code="SETL  T2756, 8"><temps name="use"/><temps name="def"><temp name="T2756"/></temps><temps name="in"><temp name="T2754"/><temp name="T688"/><temp name="T24"/></temps><temps name="out"><temp name="T2754"/><temp name="T688"/><temp name="T24"/></temps></instruction><instruction code="INCML T2756, 0"><temps name="use"/><temps name="def"><temp name="T2756"/></temps><temps name="in"><temp name="T2754"/><temp name="T688"/><temp name="T24"/></temps><temps name="out"><temp name="T2754"/><temp name="T688"/><temp name="T24"/></temps></instruction><instruction code="INCMH T2756, 0"><temps name="use"/><temps name="def"><temp name="T2756"/></temps><temps name="in"><temp name="T2754"/><temp name="T688"/><temp name="T24"/></temps><temps name="out"><temp name="T2754"/><temp name="T688"/><temp name="T24"/></temps></instruction><instruction code="INCH  T2756, 0"><temps name="use"/><temps name="def"><temp name="T2756"/></temps><temps name="in"><temp name="T2754"/><temp name="T688"/><temp name="T24"/></temps><temps name="out"><temp name="T2754"/><temp name="T688"/><temp name="T24"/><temp name="T2756"/></temps></instruction><instruction code="ADD T2757, T24, T2756"><temps name="use"><temp name="T24"/><temp name="T2756"/></temps><temps name="def"><temp name="T2757"/></temps><temps name="in"><temp name="T2754"/><temp name="T688"/><temp name="T24"/><temp name="T2756"/></temps><temps name="out"><temp name="T2754"/><temp name="T688"/><temp name="T2757"/><temp name="T24"/></temps></instruction><instruction code="SETL  T2759, 88"><temps name="use"/><temps name="def"><temp name="T2759"/></temps><temps name="in"><temp name="T2754"/><temp name="T688"/><temp name="T2757"/><temp name="T24"/></temps><temps name="out"><temp name="T2754"/><temp name="T688"/><temp name="T2757"/><temp name="T24"/></temps></instruction><instruction code="INCML T2759, 0"><temps name="use"/><temps name="def"><temp name="T2759"/></temps><temps name="in"><temp name="T2754"/><temp name="T688"/><temp name="T2757"/><temp name="T24"/></temps><temps name="out"><temp name="T2754"/><temp name="T688"/><temp name="T2757"/><temp name="T24"/></temps></instruction><instruction code="INCMH T2759, 0"><temps name="use"/><temps name="def"><temp name="T2759"/></temps><temps name="in"><temp name="T2754"/><temp name="T688"/><temp name="T2757"/><temp name="T24"/></temps><temps name="out"><temp name="T2754"/><temp name="T688"/><temp name="T2757"/><temp name="T24"/></temps></instruction><instruction code="INCH  T2759, 0"><temps name="use"/><temps name="def"><temp name="T2759"/></temps><temps name="in"><temp name="T2754"/><temp name="T688"/><temp name="T2757"/><temp name="T24"/></temps><temps name="out"><temp name="T2759"/><temp name="T2754"/><temp name="T688"/><temp name="T2757"/><temp name="T24"/></temps></instruction><instruction code="NEG T2759, 0, T2759"><temps name="use"><temp name="T2759"/></temps><temps name="def"><temp name="T2759"/></temps><temps name="in"><temp name="T2759"/><temp name="T2754"/><temp name="T688"/><temp name="T2757"/><temp name="T24"/></temps><temps name="out"><temp name="T2759"/><temp name="T2754"/><temp name="T688"/><temp name="T2757"/><temp name="T24"/></temps></instruction><instruction code="ADD T2760, T24, T2759"><temps name="use"><temp name="T24"/><temp name="T2759"/></temps><temps name="def"><temp name="T2760"/></temps><temps name="in"><temp name="T2759"/><temp name="T2754"/><temp name="T688"/><temp name="T2757"/><temp name="T24"/></temps><temps name="out"><temp name="T2754"/><temp name="T688"/><temp name="T2757"/><temp name="T2760"/><temp name="T24"/></temps></instruction><instruction code="SETL  T2762, 72"><temps name="use"/><temps name="def"><temp name="T2762"/></temps><temps name="in"><temp name="T2754"/><temp name="T688"/><temp name="T2757"/><temp name="T2760"/><temp name="T24"/></temps><temps name="out"><temp name="T2754"/><temp name="T688"/><temp name="T2757"/><temp name="T2760"/><temp name="T24"/></temps></instruction><instruction code="INCML T2762, 0"><temps name="use"/><temps name="def"><temp name="T2762"/></temps><temps name="in"><temp name="T2754"/><temp name="T688"/><temp name="T2757"/><temp name="T2760"/><temp name="T24"/></temps><temps name="out"><temp name="T2754"/><temp name="T688"/><temp name="T2757"/><temp name="T2760"/><temp name="T24"/></temps></instruction><instruction code="INCMH T2762, 0"><temps name="use"/><temps name="def"><temp name="T2762"/></temps><temps name="in"><temp name="T2754"/><temp name="T688"/><temp name="T2757"/><temp name="T2760"/><temp name="T24"/></temps><temps name="out"><temp name="T2754"/><temp name="T688"/><temp name="T2757"/><temp name="T2760"/><temp name="T24"/></temps></instruction><instruction code="INCH  T2762, 0"><temps name="use"/><temps name="def"><temp name="T2762"/></temps><temps name="in"><temp name="T2754"/><temp name="T688"/><temp name="T2757"/><temp name="T2760"/><temp name="T24"/></temps><temps name="out"><temp name="T2754"/><temp name="T688"/><temp name="T2757"/><temp name="T2760"/><temp name="T24"/><temp name="T2762"/></temps></instruction><instruction code="MUL T2763, T2760, T2762"><temps name="use"><temp name="T2760"/><temp name="T2762"/></temps><temps name="def"><temp name="T2763"/></temps><temps name="in"><temp name="T2754"/><temp name="T688"/><temp name="T2757"/><temp name="T2760"/><temp name="T24"/><temp name="T2762"/></temps><temps name="out"><temp name="T2763"/><temp name="T2754"/><temp name="T688"/><temp name="T2757"/><temp name="T24"/></temps></instruction><instruction code="ADD T2764, T2757, T2763"><temps name="use"><temp name="T2757"/><temp name="T2763"/></temps><temps name="def"><temp name="T2764"/></temps><temps name="in"><temp name="T2763"/><temp name="T2754"/><temp name="T688"/><temp name="T2757"/><temp name="T24"/></temps><temps name="out"><temp name="T2754"/><temp name="T688"/><temp name="T24"/><temp name="T2764"/></temps></instruction><instruction code="SETL  T2765, 8"><temps name="use"/><temps name="def"><temp name="T2765"/></temps><temps name="in"><temp name="T2754"/><temp name="T688"/><temp name="T24"/><temp name="T2764"/></temps><temps name="out"><temp name="T2754"/><temp name="T688"/><temp name="T24"/><temp name="T2764"/></temps></instruction><instruction code="INCML T2765, 0"><temps name="use"/><temps name="def"><temp name="T2765"/></temps><temps name="in"><temp name="T2754"/><temp name="T688"/><temp name="T24"/><temp name="T2764"/></temps><temps name="out"><temp name="T2754"/><temp name="T688"/><temp name="T24"/><temp name="T2764"/></temps></instruction><instruction code="INCMH T2765, 0"><temps name="use"/><temps name="def"><temp name="T2765"/></temps><temps name="in"><temp name="T2754"/><temp name="T688"/><temp name="T24"/><temp name="T2764"/></temps><temps name="out"><temp name="T2754"/><temp name="T688"/><temp name="T24"/><temp name="T2764"/></temps></instruction><instruction code="INCH  T2765, 0"><temps name="use"/><temps name="def"><temp name="T2765"/></temps><temps name="in"><temp name="T2754"/><temp name="T688"/><temp name="T24"/><temp name="T2764"/></temps><temps name="out"><temp name="T2765"/><temp name="T2754"/><temp name="T688"/><temp name="T24"/><temp name="T2764"/></temps></instruction><instruction code="ADD T2766, T24, T2765"><temps name="use"><temp name="T24"/><temp name="T2765"/></temps><temps name="def"><temp name="T2766"/></temps><temps name="in"><temp name="T2765"/><temp name="T2754"/><temp name="T688"/><temp name="T24"/><temp name="T2764"/></temps><temps name="out"><temp name="T2766"/><temp name="T2754"/><temp name="T688"/><temp name="T2764"/><temp name="T24"/></temps></instruction><instruction code="SETL  T2768, 8"><temps name="use"/><temps name="def"><temp name="T2768"/></temps><temps name="in"><temp name="T2766"/><temp name="T2754"/><temp name="T688"/><temp name="T2764"/><temp name="T24"/></temps><temps name="out"><temp name="T2766"/><temp name="T2754"/><temp name="T688"/><temp name="T2764"/><temp name="T24"/></temps></instruction><instruction code="INCML T2768, 0"><temps name="use"/><temps name="def"><temp name="T2768"/></temps><temps name="in"><temp name="T2766"/><temp name="T2754"/><temp name="T688"/><temp name="T2764"/><temp name="T24"/></temps><temps name="out"><temp name="T2766"/><temp name="T2754"/><temp name="T688"/><temp name="T2764"/><temp name="T24"/></temps></instruction><instruction code="INCMH T2768, 0"><temps name="use"/><temps name="def"><temp name="T2768"/></temps><temps name="in"><temp name="T2766"/><temp name="T2754"/><temp name="T688"/><temp name="T2764"/><temp name="T24"/></temps><temps name="out"><temp name="T2766"/><temp name="T2754"/><temp name="T688"/><temp name="T2764"/><temp name="T24"/></temps></instruction><instruction code="INCH  T2768, 0"><temps name="use"/><temps name="def"><temp name="T2768"/></temps><temps name="in"><temp name="T2766"/><temp name="T2754"/><temp name="T688"/><temp name="T2764"/><temp name="T24"/></temps><temps name="out"><temp name="T2768"/><temp name="T2766"/><temp name="T2754"/><temp name="T688"/><temp name="T2764"/><temp name="T24"/></temps></instruction><instruction code="MUL T2769, T2766, T2768"><temps name="use"><temp name="T2766"/><temp name="T2768"/></temps><temps name="def"><temp name="T2769"/></temps><temps name="in"><temp name="T2768"/><temp name="T2766"/><temp name="T2754"/><temp name="T688"/><temp name="T2764"/><temp name="T24"/></temps><temps name="out"><temp name="T2754"/><temp name="T688"/><temp name="T2764"/><temp name="T2769"/><temp name="T24"/></temps></instruction><instruction code="ADD T2770, T2764, T2769"><temps name="use"><temp name="T2764"/><temp name="T2769"/></temps><temps name="def"><temp name="T2770"/></temps><temps name="in"><temp name="T2754"/><temp name="T688"/><temp name="T2764"/><temp name="T2769"/><temp name="T24"/></temps><temps name="out"><temp name="T2770"/><temp name="T2754"/><temp name="T688"/><temp name="T24"/></temps></instruction><instruction code="SETL  T2772, 8"><temps name="use"/><temps name="def"><temp name="T2772"/></temps><temps name="in"><temp name="T2770"/><temp name="T2754"/><temp name="T688"/><temp name="T24"/></temps><temps name="out"><temp name="T2770"/><temp name="T2754"/><temp name="T688"/><temp name="T24"/></temps></instruction><instruction code="INCML T2772, 0"><temps name="use"/><temps name="def"><temp name="T2772"/></temps><temps name="in"><temp name="T2770"/><temp name="T2754"/><temp name="T688"/><temp name="T24"/></temps><temps name="out"><temp name="T2770"/><temp name="T2754"/><temp name="T688"/><temp name="T24"/></temps></instruction><instruction code="INCMH T2772, 0"><temps name="use"/><temps name="def"><temp name="T2772"/></temps><temps name="in"><temp name="T2770"/><temp name="T2754"/><temp name="T688"/><temp name="T24"/></temps><temps name="out"><temp name="T2770"/><temp name="T2754"/><temp name="T688"/><temp name="T24"/></temps></instruction><instruction code="INCH  T2772, 0"><temps name="use"/><temps name="def"><temp name="T2772"/></temps><temps name="in"><temp name="T2770"/><temp name="T2754"/><temp name="T688"/><temp name="T24"/></temps><temps name="out"><temp name="T2772"/><temp name="T2770"/><temp name="T2754"/><temp name="T688"/><temp name="T24"/></temps></instruction><instruction code="MUL T2773, T2770, T2772"><temps name="use"><temp name="T2770"/><temp name="T2772"/></temps><temps name="def"><temp name="T2773"/></temps><temps name="in"><temp name="T2772"/><temp name="T2770"/><temp name="T2754"/><temp name="T688"/><temp name="T24"/></temps><temps name="out"><temp name="T2773"/><temp name="T2754"/><temp name="T688"/><temp name="T24"/></temps></instruction><instruction code="ADD T2774, T2754, T2773"><temps name="use"><temp name="T2754"/><temp name="T2773"/></temps><temps name="def"><temp name="T2774"/></temps><temps name="in"><temp name="T2773"/><temp name="T2754"/><temp name="T688"/><temp name="T24"/></temps><temps name="out"><temp name="T688"/><temp name="T24"/><temp name="T2774"/></temps></instruction><instruction code="STO T2774, T688, 0"><temps name="use"><temp name="T2774"/><temp name="T688"/></temps><temps name="def"/><temps name="in"><temp name="T688"/><temp name="T24"/><temp name="T2774"/></temps><temps name="out"><temp name="T24"/></temps></instruction><instruction code="L67"><temps name="use"/><temps name="def"/><temps name="in"><temp name="T24"/></temps><temps name="out"><temp name="T24"/></temps></instruction><instruction code="L69"><temps name="use"/><temps name="def"/><temps name="in"><temp name="T24"/></temps><temps name="out"><temp name="T24"/></temps></instruction><instruction code="OR T689, T24, 0"><temps name="use"><temp name="T24"/></temps><temps name="def"><temp name="T689"/></temps><temps name="in"><temp name="T24"/></temps><temps name="out"><temp name="T24"/><temp name="T689"/></temps></instruction><instruction code="SETL  T2776, 88"><temps name="use"/><temps name="def"><temp name="T2776"/></temps><temps name="in"><temp name="T24"/><temp name="T689"/></temps><temps name="out"><temp name="T24"/><temp name="T689"/></temps></instruction><instruction code="INCML T2776, 0"><temps name="use"/><temps name="def"><temp name="T2776"/></temps><temps name="in"><temp name="T24"/><temp name="T689"/></temps><temps name="out"><temp name="T24"/><temp name="T689"/></temps></instruction><instruction code="INCMH T2776, 0"><temps name="use"/><temps name="def"><temp name="T2776"/></temps><temps name="in"><temp name="T24"/><temp name="T689"/></temps><temps name="out"><temp name="T24"/><temp name="T689"/></temps></instruction><instruction code="INCH  T2776, 0"><temps name="use"/><temps name="def"><temp name="T2776"/></temps><temps name="in"><temp name="T24"/><temp name="T689"/></temps><temps name="out"><temp name="T2776"/><temp name="T24"/><temp name="T689"/></temps></instruction><instruction code="NEG T2776, 0, T2776"><temps name="use"><temp name="T2776"/></temps><temps name="def"><temp name="T2776"/></temps><temps name="in"><temp name="T2776"/><temp name="T24"/><temp name="T689"/></temps><temps name="out"><temp name="T2776"/><temp name="T24"/><temp name="T689"/></temps></instruction><instruction code="OR T690, T2776, 0"><temps name="use"><temp name="T2776"/></temps><temps name="def"><temp name="T690"/></temps><temps name="in"><temp name="T2776"/><temp name="T24"/><temp name="T689"/></temps><temps name="out"><temp name="T24"/><temp name="T689"/><temp name="T690"/></temps></instruction><instruction code="ADD T2777, T689, T690"><temps name="use"><temp name="T689"/><temp name="T690"/></temps><temps name="def"><temp name="T2777"/></temps><temps name="in"><temp name="T24"/><temp name="T689"/><temp name="T690"/></temps><temps name="out"><temp name="T2777"/><temp name="T24"/></temps></instruction><instruction code="OR T691, T2777, 0"><temps name="use"><temp name="T2777"/></temps><temps name="def"><temp name="T691"/></temps><temps name="in"><temp name="T2777"/><temp name="T24"/></temps><temps name="out"><temp name="T691"/><temp name="T24"/></temps></instruction><instruction code="OR T692, T691, 0"><temps name="use"><temp name="T691"/></temps><temps name="def"><temp name="T692"/></temps><temps name="in"><temp name="T691"/><temp name="T24"/></temps><temps name="out"><temp name="T692"/><temp name="T24"/></temps></instruction><instruction code="SETL  T2779, 1"><temps name="use"/><temps name="def"><temp name="T2779"/></temps><temps name="in"><temp name="T692"/><temp name="T24"/></temps><temps name="out"><temp name="T692"/><temp name="T24"/></temps></instruction><instruction code="INCML T2779, 0"><temps name="use"/><temps name="def"><temp name="T2779"/></temps><temps name="in"><temp name="T692"/><temp name="T24"/></temps><temps name="out"><temp name="T692"/><temp name="T24"/></temps></instruction><instruction code="INCMH T2779, 0"><temps name="use"/><temps name="def"><temp name="T2779"/></temps><temps name="in"><temp name="T692"/><temp name="T24"/></temps><temps name="out"><temp name="T692"/><temp name="T24"/></temps></instruction><instruction code="INCH  T2779, 0"><temps name="use"/><temps name="def"><temp name="T2779"/></temps><temps name="in"><temp name="T692"/><temp name="T24"/></temps><temps name="out"><temp name="T2779"/><temp name="T692"/><temp name="T24"/></temps></instruction><instruction code="OR T693, T2779, 0"><temps name="use"><temp name="T2779"/></temps><temps name="def"><temp name="T693"/></temps><temps name="in"><temp name="T2779"/><temp name="T692"/><temp name="T24"/></temps><temps name="out"><temp name="T692"/><temp name="T693"/><temp name="T24"/></temps></instruction><instruction code="ADD T2780, T692, T693"><temps name="use"><temp name="T692"/><temp name="T693"/></temps><temps name="def"><temp name="T2780"/></temps><temps name="in"><temp name="T692"/><temp name="T693"/><temp name="T24"/></temps><temps name="out"><temp name="T2780"/><temp name="T24"/></temps></instruction><instruction code="OR T694, T2780, 0"><temps name="use"><temp name="T2780"/></temps><temps name="def"><temp name="T694"/></temps><temps name="in"><temp name="T2780"/><temp name="T24"/></temps><temps name="out"><temp name="T694"/><temp name="T24"/></temps></instruction><instruction code="SETL  T2781, 88"><temps name="use"/><temps name="def"><temp name="T2781"/></temps><temps name="in"><temp name="T694"/><temp name="T24"/></temps><temps name="out"><temp name="T694"/><temp name="T24"/></temps></instruction><instruction code="INCML T2781, 0"><temps name="use"/><temps name="def"><temp name="T2781"/></temps><temps name="in"><temp name="T694"/><temp name="T24"/></temps><temps name="out"><temp name="T694"/><temp name="T24"/></temps></instruction><instruction code="INCMH T2781, 0"><temps name="use"/><temps name="def"><temp name="T2781"/></temps><temps name="in"><temp name="T694"/><temp name="T24"/></temps><temps name="out"><temp name="T694"/><temp name="T24"/></temps></instruction><instruction code="INCH  T2781, 0"><temps name="use"/><temps name="def"><temp name="T2781"/></temps><temps name="in"><temp name="T694"/><temp name="T24"/></temps><temps name="out"><temp name="T694"/><temp name="T24"/><temp name="T2781"/></temps></instruction><instruction code="NEG T2781, 0, T2781"><temps name="use"><temp name="T2781"/></temps><temps name="def"><temp name="T2781"/></temps><temps name="in"><temp name="T694"/><temp name="T24"/><temp name="T2781"/></temps><temps name="out"><temp name="T694"/><temp name="T24"/><temp name="T2781"/></temps></instruction><instruction code="ADD T2782, T24, T2781"><temps name="use"><temp name="T24"/><temp name="T2781"/></temps><temps name="def"><temp name="T2782"/></temps><temps name="in"><temp name="T694"/><temp name="T24"/><temp name="T2781"/></temps><temps name="out"><temp name="T694"/><temp name="T2782"/><temp name="T24"/></temps></instruction><instruction code="STO T2782, T694, 0"><temps name="use"><temp name="T2782"/><temp name="T694"/></temps><temps name="def"/><temps name="in"><temp name="T694"/><temp name="T2782"/><temp name="T24"/></temps><temps name="out"><temp name="T24"/></temps></instruction><instruction code="LDA T2784, L70"><temps name="use"/><temps name="def"><temp name="T2784"/></temps><temps name="in"><temp name="T24"/></temps><temps name="out"><temp name="T24"/><temp name="T2784"/></temps></instruction><instruction code="GO T2784, T2784, 0"><temps name="use"><temp name="T2784"/></temps><temps name="def"><temp name="T2784"/></temps><temps name="in"><temp name="T24"/><temp name="T2784"/></temps><temps name="out"><temp name="T24"/></temps></instruction><instruction code="L72"><temps name="use"/><temps name="def"/><temps name="in"><temp name="T24"/></temps><temps name="out"><temp name="T24"/></temps></instruction><instruction code="OR T695, T24, 0"><temps name="use"><temp name="T24"/></temps><temps name="def"><temp name="T695"/></temps><temps name="in"><temp name="T24"/></temps><temps name="out"><temp name="T695"/></temps></instruction><instruction code="SETL  T2785, 96"><temps name="use"/><temps name="def"><temp name="T2785"/></temps><temps name="in"><temp name="T695"/></temps><temps name="out"><temp name="T695"/></temps></instruction><instruction code="INCML T2785, 0"><temps name="use"/><temps name="def"><temp name="T2785"/></temps><temps name="in"><temp name="T695"/></temps><temps name="out"><temp name="T695"/></temps></instruction><instruction code="INCMH T2785, 0"><temps name="use"/><temps name="def"><temp name="T2785"/></temps><temps name="in"><temp name="T695"/></temps><temps name="out"><temp name="T695"/></temps></instruction><instruction code="INCH  T2785, 0"><temps name="use"/><temps name="def"><temp name="T2785"/></temps><temps name="in"><temp name="T695"/></temps><temps name="out"><temp name="T695"/><temp name="T2785"/></temps></instruction><instruction code="NEG T2785, 0, T2785"><temps name="use"><temp name="T2785"/></temps><temps name="def"><temp name="T2785"/></temps><temps name="in"><temp name="T695"/><temp name="T2785"/></temps><temps name="out"><temp name="T695"/><temp name="T2785"/></temps></instruction><instruction code="OR T696, T2785, 0"><temps name="use"><temp name="T2785"/></temps><temps name="def"><temp name="T696"/></temps><temps name="in"><temp name="T695"/><temp name="T2785"/></temps><temps name="out"><temp name="T695"/><temp name="T696"/></temps></instruction><instruction code="ADD T2786, T695, T696"><temps name="use"><temp name="T695"/><temp name="T696"/></temps><temps name="def"><temp name="T2786"/></temps><temps name="in"><temp name="T695"/><temp name="T696"/></temps><temps name="out"><temp name="T2786"/></temps></instruction><instruction code="OR T697, T2786, 0"><temps name="use"><temp name="T2786"/></temps><temps name="def"><temp name="T697"/></temps><temps name="in"><temp name="T2786"/></temps><temps name="out"><temp name="T697"/></temps></instruction><instruction code="OR T698, T697, 0"><temps name="use"><temp name="T697"/></temps><temps name="def"><temp name="T698"/></temps><temps name="in"><temp name="T697"/></temps><temps name="out"><temp name="T698"/></temps></instruction><instruction code="OR T25, T698, 0"><temps name="use"><temp name="T698"/></temps><temps name="def"><temp name="T25"/></temps><temps name="in"><temp name="T698"/></temps><temps name="out"/></instruction><instruction code="LDA T2788, L143"><temps name="use"/><temps name="def"><temp name="T2788"/></temps><temps name="in"/><temps name="out"><temp name="T2788"/></temps></instruction><instruction code="GO T2788, T2788, 0"><temps name="use"><temp name="T2788"/></temps><temps name="def"><temp name="T2788"/></temps><temps name="in"><temp name="T2788"/></temps><temps name="out"/></instruction></instructions></code><code entrylabel="L149" exitlabel="L150" tempsize="0"><frame FP="T26" RV="T27" argssize="0" depth="2" label="L3" locssize="112" size="128"/><instructions><instruction code="L149"><temps name="use"/><temps name="def"/><temps name="in"><temp name="T26"/></temps><temps name="out"><temp name="T26"/></temps></instruction><instruction code="SETL  T2789, 1"><temps name="use"/><temps name="def"><temp name="T2789"/></temps><temps name="in"><temp name="T26"/></temps><temps name="out"><temp name="T26"/></temps></instruction><instruction code="INCML T2789, 0"><temps name="use"/><temps name="def"><temp name="T2789"/></temps><temps name="in"><temp name="T26"/></temps><temps name="out"><temp name="T26"/></temps></instruction><instruction code="INCMH T2789, 0"><temps name="use"/><temps name="def"><temp name="T2789"/></temps><temps name="in"><temp name="T26"/></temps><temps name="out"><temp name="T26"/></temps></instruction><instruction code="INCH  T2789, 0"><temps name="use"/><temps name="def"><temp name="T2789"/></temps><temps name="in"><temp name="T26"/></temps><temps name="out"><temp name="T2789"/><temp name="T26"/></temps></instruction><instruction code="OR T699, T2789, 0"><temps name="use"><temp name="T2789"/></temps><temps name="def"><temp name="T699"/></temps><temps name="in"><temp name="T2789"/><temp name="T26"/></temps><temps name="out"><temp name="T26"/><temp name="T699"/></temps></instruction><instruction code="SETL  T2790, 112"><temps name="use"/><temps name="def"><temp name="T2790"/></temps><temps name="in"><temp name="T26"/><temp name="T699"/></temps><temps name="out"><temp name="T26"/><temp name="T699"/></temps></instruction><instruction code="INCML T2790, 0"><temps name="use"/><temps name="def"><temp name="T2790"/></temps><temps name="in"><temp name="T26"/><temp name="T699"/></temps><temps name="out"><temp name="T26"/><temp name="T699"/></temps></instruction><instruction code="INCMH T2790, 0"><temps name="use"/><temps name="def"><temp name="T2790"/></temps><temps name="in"><temp name="T26"/><temp name="T699"/></temps><temps name="out"><temp name="T26"/><temp name="T699"/></temps></instruction><instruction code="INCH  T2790, 0"><temps name="use"/><temps name="def"><temp name="T2790"/></temps><temps name="in"><temp name="T26"/><temp name="T699"/></temps><temps name="out"><temp name="T2790"/><temp name="T26"/><temp name="T699"/></temps></instruction><instruction code="NEG T2790, 0, T2790"><temps name="use"><temp name="T2790"/></temps><temps name="def"><temp name="T2790"/></temps><temps name="in"><temp name="T2790"/><temp name="T26"/><temp name="T699"/></temps><temps name="out"><temp name="T2790"/><temp name="T26"/><temp name="T699"/></temps></instruction><instruction code="ADD T2791, T26, T2790"><temps name="use"><temp name="T26"/><temp name="T2790"/></temps><temps name="def"><temp name="T2791"/></temps><temps name="in"><temp name="T2790"/><temp name="T26"/><temp name="T699"/></temps><temps name="out"><temp name="T2791"/><temp name="T26"/><temp name="T699"/></temps></instruction><instruction code="STO T2791, T699, 0"><temps name="use"><temp name="T2791"/><temp name="T699"/></temps><temps name="def"/><temps name="in"><temp name="T2791"/><temp name="T26"/><temp name="T699"/></temps><temps name="out"><temp name="T26"/></temps></instruction><instruction code="SETL  T2793, 1"><temps name="use"/><temps name="def"><temp name="T2793"/></temps><temps name="in"><temp name="T26"/></temps><temps name="out"><temp name="T26"/></temps></instruction><instruction code="INCML T2793, 0"><temps name="use"/><temps name="def"><temp name="T2793"/></temps><temps name="in"><temp name="T26"/></temps><temps name="out"><temp name="T26"/></temps></instruction><instruction code="INCMH T2793, 0"><temps name="use"/><temps name="def"><temp name="T2793"/></temps><temps name="in"><temp name="T26"/></temps><temps name="out"><temp name="T26"/></temps></instruction><instruction code="INCH  T2793, 0"><temps name="use"/><temps name="def"><temp name="T2793"/></temps><temps name="in"><temp name="T26"/></temps><temps name="out"><temp name="T26"/><temp name="T2793"/></temps></instruction><instruction code="OR T700, T2793, 0"><temps name="use"><temp name="T2793"/></temps><temps name="def"><temp name="T700"/></temps><temps name="in"><temp name="T26"/><temp name="T2793"/></temps><temps name="out"><temp name="T700"/><temp name="T26"/></temps></instruction><instruction code="SETL  T2794, 104"><temps name="use"/><temps name="def"><temp name="T2794"/></temps><temps name="in"><temp name="T700"/><temp name="T26"/></temps><temps name="out"><temp name="T700"/><temp name="T26"/></temps></instruction><instruction code="INCML T2794, 0"><temps name="use"/><temps name="def"><temp name="T2794"/></temps><temps name="in"><temp name="T700"/><temp name="T26"/></temps><temps name="out"><temp name="T700"/><temp name="T26"/></temps></instruction><instruction code="INCMH T2794, 0"><temps name="use"/><temps name="def"><temp name="T2794"/></temps><temps name="in"><temp name="T700"/><temp name="T26"/></temps><temps name="out"><temp name="T700"/><temp name="T26"/></temps></instruction><instruction code="INCH  T2794, 0"><temps name="use"/><temps name="def"><temp name="T2794"/></temps><temps name="in"><temp name="T700"/><temp name="T26"/></temps><temps name="out"><temp name="T700"/><temp name="T2794"/><temp name="T26"/></temps></instruction><instruction code="NEG T2794, 0, T2794"><temps name="use"><temp name="T2794"/></temps><temps name="def"><temp name="T2794"/></temps><temps name="in"><temp name="T700"/><temp name="T2794"/><temp name="T26"/></temps><temps name="out"><temp name="T700"/><temp name="T26"/><temp name="T2794"/></temps></instruction><instruction code="ADD T2795, T26, T2794"><temps name="use"><temp name="T26"/><temp name="T2794"/></temps><temps name="def"><temp name="T2795"/></temps><temps name="in"><temp name="T700"/><temp name="T26"/><temp name="T2794"/></temps><temps name="out"><temp name="T700"/><temp name="T2795"/><temp name="T26"/></temps></instruction><instruction code="STO T2795, T700, 0"><temps name="use"><temp name="T2795"/><temp name="T700"/></temps><temps name="def"/><temps name="in"><temp name="T700"/><temp name="T2795"/><temp name="T26"/></temps><temps name="out"><temp name="T26"/></temps></instruction><instruction code="L73"><temps name="use"/><temps name="def"/><temps name="in"><temp name="T26"/></temps><temps name="out"><temp name="T26"/></temps></instruction><instruction code="OR T701, T26, 0"><temps name="use"><temp name="T26"/></temps><temps name="def"><temp name="T701"/></temps><temps name="in"><temp name="T26"/></temps><temps name="out"><temp name="T26"/><temp name="T701"/></temps></instruction><instruction code="SETL  T2797, 104"><temps name="use"/><temps name="def"><temp name="T2797"/></temps><temps name="in"><temp name="T26"/><temp name="T701"/></temps><temps name="out"><temp name="T26"/><temp name="T701"/></temps></instruction><instruction code="INCML T2797, 0"><temps name="use"/><temps name="def"><temp name="T2797"/></temps><temps name="in"><temp name="T26"/><temp name="T701"/></temps><temps name="out"><temp name="T26"/><temp name="T701"/></temps></instruction><instruction code="INCMH T2797, 0"><temps name="use"/><temps name="def"><temp name="T2797"/></temps><temps name="in"><temp name="T26"/><temp name="T701"/></temps><temps name="out"><temp name="T26"/><temp name="T701"/></temps></instruction><instruction code="INCH  T2797, 0"><temps name="use"/><temps name="def"><temp name="T2797"/></temps><temps name="in"><temp name="T26"/><temp name="T701"/></temps><temps name="out"><temp name="T26"/><temp name="T701"/><temp name="T2797"/></temps></instruction><instruction code="NEG T2797, 0, T2797"><temps name="use"><temp name="T2797"/></temps><temps name="def"><temp name="T2797"/></temps><temps name="in"><temp name="T26"/><temp name="T701"/><temp name="T2797"/></temps><temps name="out"><temp name="T26"/><temp name="T701"/><temp name="T2797"/></temps></instruction><instruction code="OR T702, T2797, 0"><temps name="use"><temp name="T2797"/></temps><temps name="def"><temp name="T702"/></temps><temps name="in"><temp name="T26"/><temp name="T701"/><temp name="T2797"/></temps><temps name="out"><temp name="T702"/><temp name="T26"/><temp name="T701"/></temps></instruction><instruction code="ADD T2798, T701, T702"><temps name="use"><temp name="T701"/><temp name="T702"/></temps><temps name="def"><temp name="T2798"/></temps><temps name="in"><temp name="T702"/><temp name="T26"/><temp name="T701"/></temps><temps name="out"><temp name="T2798"/><temp name="T26"/></temps></instruction><instruction code="OR T703, T2798, 0"><temps name="use"><temp name="T2798"/></temps><temps name="def"><temp name="T703"/></temps><temps name="in"><temp name="T2798"/><temp name="T26"/></temps><temps name="out"><temp name="T703"/><temp name="T26"/></temps></instruction><instruction code="OR T704, T703, 0"><temps name="use"><temp name="T703"/></temps><temps name="def"><temp name="T704"/></temps><temps name="in"><temp name="T703"/><temp name="T26"/></temps><temps name="out"><temp name="T704"/><temp name="T26"/></temps></instruction><instruction code="SETL  T2800, 9"><temps name="use"/><temps name="def"><temp name="T2800"/></temps><temps name="in"><temp name="T704"/><temp name="T26"/></temps><temps name="out"><temp name="T704"/><temp name="T26"/></temps></instruction><instruction code="INCML T2800, 0"><temps name="use"/><temps name="def"><temp name="T2800"/></temps><temps name="in"><temp name="T704"/><temp name="T26"/></temps><temps name="out"><temp name="T704"/><temp name="T26"/></temps></instruction><instruction code="INCMH T2800, 0"><temps name="use"/><temps name="def"><temp name="T2800"/></temps><temps name="in"><temp name="T704"/><temp name="T26"/></temps><temps name="out"><temp name="T704"/><temp name="T26"/></temps></instruction><instruction code="INCH  T2800, 0"><temps name="use"/><temps name="def"><temp name="T2800"/></temps><temps name="in"><temp name="T704"/><temp name="T26"/></temps><temps name="out"><temp name="T704"/><temp name="T26"/><temp name="T2800"/></temps></instruction><instruction code="OR T705, T2800, 0"><temps name="use"><temp name="T2800"/></temps><temps name="def"><temp name="T705"/></temps><temps name="in"><temp name="T704"/><temp name="T26"/><temp name="T2800"/></temps><temps name="out"><temp name="T705"/><temp name="T704"/><temp name="T26"/></temps></instruction><instruction code="CMP T2801, T704, T705"><temps name="use"><temp name="T704"/><temp name="T705"/></temps><temps name="def"><temp name="T2801"/></temps><temps name="in"><temp name="T705"/><temp name="T704"/><temp name="T26"/></temps><temps name="out"><temp name="T2801"/><temp name="T26"/></temps></instruction><instruction code="ZSNP T2801, T2801, 1"><temps name="use"><temp name="T2801"/></temps><temps name="def"><temp name="T2801"/></temps><temps name="in"><temp name="T2801"/><temp name="T26"/></temps><temps name="out"><temp name="T2801"/><temp name="T26"/></temps></instruction><instruction code="OR T706, T2801, 0"><temps name="use"><temp name="T2801"/></temps><temps name="def"><temp name="T706"/></temps><temps name="in"><temp name="T2801"/><temp name="T26"/></temps><temps name="out"><temp name="T26"/><temp name="T706"/></temps></instruction><instruction code="BNZ T706, L74"><temps name="use"><temp name="T706"/></temps><temps name="def"/><temps name="in"><temp name="T26"/><temp name="T706"/></temps><temps name="out"><temp name="T26"/></temps></instruction><instruction code="L144"><temps name="use"/><temps name="def"/><temps name="in"><temp name="T26"/></temps><temps name="out"><temp name="T26"/></temps></instruction><instruction code="LDA T2802, L75"><temps name="use"/><temps name="def"><temp name="T2802"/></temps><temps name="in"><temp name="T26"/></temps><temps name="out"><temp name="T2802"/><temp name="T26"/></temps></instruction><instruction code="GO T2802, T2802, 0"><temps name="use"><temp name="T2802"/></temps><temps name="def"><temp name="T2802"/></temps><temps name="in"><temp name="T2802"/><temp name="T26"/></temps><temps name="out"><temp name="T26"/></temps></instruction><instruction code="L74"><temps name="use"/><temps name="def"/><temps name="in"><temp name="T26"/></temps><temps name="out"><temp name="T26"/></temps></instruction><instruction code="SETL  T2803, 0"><temps name="use"/><temps name="def"><temp name="T2803"/></temps><temps name="in"><temp name="T26"/></temps><temps name="out"><temp name="T26"/></temps></instruction><instruction code="INCML T2803, 0"><temps name="use"/><temps name="def"><temp name="T2803"/></temps><temps name="in"><temp name="T26"/></temps><temps name="out"><temp name="T26"/></temps></instruction><instruction code="INCMH T2803, 0"><temps name="use"/><temps name="def"><temp name="T2803"/></temps><temps name="in"><temp name="T26"/></temps><temps name="out"><temp name="T26"/></temps></instruction><instruction code="INCH  T2803, 0"><temps name="use"/><temps name="def"><temp name="T2803"/></temps><temps name="in"><temp name="T26"/></temps><temps name="out"><temp name="T2803"/><temp name="T26"/></temps></instruction><instruction code="OR T707, T2803, 0"><temps name="use"><temp name="T2803"/></temps><temps name="def"><temp name="T707"/></temps><temps name="in"><temp name="T2803"/><temp name="T26"/></temps><temps name="out"><temp name="T707"/><temp name="T26"/></temps></instruction><instruction code="SETL  T2804, 80"><temps name="use"/><temps name="def"><temp name="T2804"/></temps><temps name="in"><temp name="T707"/><temp name="T26"/></temps><temps name="out"><temp name="T707"/><temp name="T26"/></temps></instruction><instruction code="INCML T2804, 0"><temps name="use"/><temps name="def"><temp name="T2804"/></temps><temps name="in"><temp name="T707"/><temp name="T26"/></temps><temps name="out"><temp name="T707"/><temp name="T26"/></temps></instruction><instruction code="INCMH T2804, 0"><temps name="use"/><temps name="def"><temp name="T2804"/></temps><temps name="in"><temp name="T707"/><temp name="T26"/></temps><temps name="out"><temp name="T707"/><temp name="T26"/></temps></instruction><instruction code="INCH  T2804, 0"><temps name="use"/><temps name="def"><temp name="T2804"/></temps><temps name="in"><temp name="T707"/><temp name="T26"/></temps><temps name="out"><temp name="T2804"/><temp name="T707"/><temp name="T26"/></temps></instruction><instruction code="NEG T2804, 0, T2804"><temps name="use"><temp name="T2804"/></temps><temps name="def"><temp name="T2804"/></temps><temps name="in"><temp name="T2804"/><temp name="T707"/><temp name="T26"/></temps><temps name="out"><temp name="T2804"/><temp name="T707"/><temp name="T26"/></temps></instruction><instruction code="ADD T2805, T26, T2804"><temps name="use"><temp name="T26"/><temp name="T2804"/></temps><temps name="def"><temp name="T2805"/></temps><temps name="in"><temp name="T2804"/><temp name="T707"/><temp name="T26"/></temps><temps name="out"><temp name="T707"/><temp name="T2805"/><temp name="T26"/></temps></instruction><instruction code="SETL  T2806, 104"><temps name="use"/><temps name="def"><temp name="T2806"/></temps><temps name="in"><temp name="T707"/><temp name="T2805"/><temp name="T26"/></temps><temps name="out"><temp name="T707"/><temp name="T2805"/><temp name="T26"/></temps></instruction><instruction code="INCML T2806, 0"><temps name="use"/><temps name="def"><temp name="T2806"/></temps><temps name="in"><temp name="T707"/><temp name="T2805"/><temp name="T26"/></temps><temps name="out"><temp name="T707"/><temp name="T2805"/><temp name="T26"/></temps></instruction><instruction code="INCMH T2806, 0"><temps name="use"/><temps name="def"><temp name="T2806"/></temps><temps name="in"><temp name="T707"/><temp name="T2805"/><temp name="T26"/></temps><temps name="out"><temp name="T707"/><temp name="T2805"/><temp name="T26"/></temps></instruction><instruction code="INCH  T2806, 0"><temps name="use"/><temps name="def"><temp name="T2806"/></temps><temps name="in"><temp name="T707"/><temp name="T2805"/><temp name="T26"/></temps><temps name="out"><temp name="T2806"/><temp name="T707"/><temp name="T2805"/><temp name="T26"/></temps></instruction><instruction code="NEG T2806, 0, T2806"><temps name="use"><temp name="T2806"/></temps><temps name="def"><temp name="T2806"/></temps><temps name="in"><temp name="T2806"/><temp name="T707"/><temp name="T2805"/><temp name="T26"/></temps><temps name="out"><temp name="T2806"/><temp name="T707"/><temp name="T2805"/><temp name="T26"/></temps></instruction><instruction code="ADD T2807, T26, T2806"><temps name="use"><temp name="T26"/><temp name="T2806"/></temps><temps name="def"><temp name="T2807"/></temps><temps name="in"><temp name="T2806"/><temp name="T707"/><temp name="T2805"/><temp name="T26"/></temps><temps name="out"><temp name="T2807"/><temp name="T707"/><temp name="T2805"/><temp name="T26"/></temps></instruction><instruction code="SETL  T2809, 8"><temps name="use"/><temps name="def"><temp name="T2809"/></temps><temps name="in"><temp name="T2807"/><temp name="T707"/><temp name="T2805"/><temp name="T26"/></temps><temps name="out"><temp name="T2807"/><temp name="T707"/><temp name="T2805"/><temp name="T26"/></temps></instruction><instruction code="INCML T2809, 0"><temps name="use"/><temps name="def"><temp name="T2809"/></temps><temps name="in"><temp name="T2807"/><temp name="T707"/><temp name="T2805"/><temp name="T26"/></temps><temps name="out"><temp name="T2807"/><temp name="T707"/><temp name="T2805"/><temp name="T26"/></temps></instruction><instruction code="INCMH T2809, 0"><temps name="use"/><temps name="def"><temp name="T2809"/></temps><temps name="in"><temp name="T2807"/><temp name="T707"/><temp name="T2805"/><temp name="T26"/></temps><temps name="out"><temp name="T2807"/><temp name="T707"/><temp name="T2805"/><temp name="T26"/></temps></instruction><instruction code="INCH  T2809, 0"><temps name="use"/><temps name="def"><temp name="T2809"/></temps><temps name="in"><temp name="T2807"/><temp name="T707"/><temp name="T2805"/><temp name="T26"/></temps><temps name="out"><temp name="T2807"/><temp name="T2809"/><temp name="T707"/><temp name="T2805"/><temp name="T26"/></temps></instruction><instruction code="MUL T2810, T2807, T2809"><temps name="use"><temp name="T2807"/><temp name="T2809"/></temps><temps name="def"><temp name="T2810"/></temps><temps name="in"><temp name="T2807"/><temp name="T2809"/><temp name="T707"/><temp name="T2805"/><temp name="T26"/></temps><temps name="out"><temp name="T707"/><temp name="T2805"/><temp name="T26"/><temp name="T2810"/></temps></instruction><instruction code="ADD T2811, T2805, T2810"><temps name="use"><temp name="T2805"/><temp name="T2810"/></temps><temps name="def"><temp name="T2811"/></temps><temps name="in"><temp name="T707"/><temp name="T2805"/><temp name="T26"/><temp name="T2810"/></temps><temps name="out"><temp name="T707"/><temp name="T26"/><temp name="T2811"/></temps></instruction><instruction code="STO T2811, T707, 0"><temps name="use"><temp name="T2811"/><temp name="T707"/></temps><temps name="def"/><temps name="in"><temp name="T707"/><temp name="T26"/><temp name="T2811"/></temps><temps name="out"><temp name="T26"/></temps></instruction><instruction code="OR T708, T26, 0"><temps name="use"><temp name="T26"/></temps><temps name="def"><temp name="T708"/></temps><temps name="in"><temp name="T26"/></temps><temps name="out"><temp name="T708"/><temp name="T26"/></temps></instruction><instruction code="SETL  T2813, 104"><temps name="use"/><temps name="def"><temp name="T2813"/></temps><temps name="in"><temp name="T708"/><temp name="T26"/></temps><temps name="out"><temp name="T708"/><temp name="T26"/></temps></instruction><instruction code="INCML T2813, 0"><temps name="use"/><temps name="def"><temp name="T2813"/></temps><temps name="in"><temp name="T708"/><temp name="T26"/></temps><temps name="out"><temp name="T708"/><temp name="T26"/></temps></instruction><instruction code="INCMH T2813, 0"><temps name="use"/><temps name="def"><temp name="T2813"/></temps><temps name="in"><temp name="T708"/><temp name="T26"/></temps><temps name="out"><temp name="T708"/><temp name="T26"/></temps></instruction><instruction code="INCH  T2813, 0"><temps name="use"/><temps name="def"><temp name="T2813"/></temps><temps name="in"><temp name="T708"/><temp name="T26"/></temps><temps name="out"><temp name="T2813"/><temp name="T708"/><temp name="T26"/></temps></instruction><instruction code="NEG T2813, 0, T2813"><temps name="use"><temp name="T2813"/></temps><temps name="def"><temp name="T2813"/></temps><temps name="in"><temp name="T2813"/><temp name="T708"/><temp name="T26"/></temps><temps name="out"><temp name="T2813"/><temp name="T708"/><temp name="T26"/></temps></instruction><instruction code="OR T709, T2813, 0"><temps name="use"><temp name="T2813"/></temps><temps name="def"><temp name="T709"/></temps><temps name="in"><temp name="T2813"/><temp name="T708"/><temp name="T26"/></temps><temps name="out"><temp name="T709"/><temp name="T708"/><temp name="T26"/></temps></instruction><instruction code="ADD T2814, T708, T709"><temps name="use"><temp name="T708"/><temp name="T709"/></temps><temps name="def"><temp name="T2814"/></temps><temps name="in"><temp name="T709"/><temp name="T708"/><temp name="T26"/></temps><temps name="out"><temp name="T2814"/><temp name="T26"/></temps></instruction><instruction code="OR T710, T2814, 0"><temps name="use"><temp name="T2814"/></temps><temps name="def"><temp name="T710"/></temps><temps name="in"><temp name="T2814"/><temp name="T26"/></temps><temps name="out"><temp name="T710"/><temp name="T26"/></temps></instruction><instruction code="OR T711, T710, 0"><temps name="use"><temp name="T710"/></temps><temps name="def"><temp name="T711"/></temps><temps name="in"><temp name="T710"/><temp name="T26"/></temps><temps name="out"><temp name="T711"/><temp name="T26"/></temps></instruction><instruction code="SETL  T2816, 1"><temps name="use"/><temps name="def"><temp name="T2816"/></temps><temps name="in"><temp name="T711"/><temp name="T26"/></temps><temps name="out"><temp name="T711"/><temp name="T26"/></temps></instruction><instruction code="INCML T2816, 0"><temps name="use"/><temps name="def"><temp name="T2816"/></temps><temps name="in"><temp name="T711"/><temp name="T26"/></temps><temps name="out"><temp name="T711"/><temp name="T26"/></temps></instruction><instruction code="INCMH T2816, 0"><temps name="use"/><temps name="def"><temp name="T2816"/></temps><temps name="in"><temp name="T711"/><temp name="T26"/></temps><temps name="out"><temp name="T711"/><temp name="T26"/></temps></instruction><instruction code="INCH  T2816, 0"><temps name="use"/><temps name="def"><temp name="T2816"/></temps><temps name="in"><temp name="T711"/><temp name="T26"/></temps><temps name="out"><temp name="T711"/><temp name="T26"/><temp name="T2816"/></temps></instruction><instruction code="OR T712, T2816, 0"><temps name="use"><temp name="T2816"/></temps><temps name="def"><temp name="T712"/></temps><temps name="in"><temp name="T711"/><temp name="T26"/><temp name="T2816"/></temps><temps name="out"><temp name="T711"/><temp name="T26"/><temp name="T712"/></temps></instruction><instruction code="ADD T2817, T711, T712"><temps name="use"><temp name="T711"/><temp name="T712"/></temps><temps name="def"><temp name="T2817"/></temps><temps name="in"><temp name="T711"/><temp name="T26"/><temp name="T712"/></temps><temps name="out"><temp name="T2817"/><temp name="T26"/></temps></instruction><instruction code="OR T713, T2817, 0"><temps name="use"><temp name="T2817"/></temps><temps name="def"><temp name="T713"/></temps><temps name="in"><temp name="T2817"/><temp name="T26"/></temps><temps name="out"><temp name="T713"/><temp name="T26"/></temps></instruction><instruction code="SETL  T2818, 104"><temps name="use"/><temps name="def"><temp name="T2818"/></temps><temps name="in"><temp name="T713"/><temp name="T26"/></temps><temps name="out"><temp name="T713"/><temp name="T26"/></temps></instruction><instruction code="INCML T2818, 0"><temps name="use"/><temps name="def"><temp name="T2818"/></temps><temps name="in"><temp name="T713"/><temp name="T26"/></temps><temps name="out"><temp name="T713"/><temp name="T26"/></temps></instruction><instruction code="INCMH T2818, 0"><temps name="use"/><temps name="def"><temp name="T2818"/></temps><temps name="in"><temp name="T713"/><temp name="T26"/></temps><temps name="out"><temp name="T713"/><temp name="T26"/></temps></instruction><instruction code="INCH  T2818, 0"><temps name="use"/><temps name="def"><temp name="T2818"/></temps><temps name="in"><temp name="T713"/><temp name="T26"/></temps><temps name="out"><temp name="T713"/><temp name="T2818"/><temp name="T26"/></temps></instruction><instruction code="NEG T2818, 0, T2818"><temps name="use"><temp name="T2818"/></temps><temps name="def"><temp name="T2818"/></temps><temps name="in"><temp name="T713"/><temp name="T2818"/><temp name="T26"/></temps><temps name="out"><temp name="T713"/><temp name="T2818"/><temp name="T26"/></temps></instruction><instruction code="ADD T2819, T26, T2818"><temps name="use"><temp name="T26"/><temp name="T2818"/></temps><temps name="def"><temp name="T2819"/></temps><temps name="in"><temp name="T713"/><temp name="T2818"/><temp name="T26"/></temps><temps name="out"><temp name="T713"/><temp name="T26"/><temp name="T2819"/></temps></instruction><instruction code="STO T2819, T713, 0"><temps name="use"><temp name="T2819"/><temp name="T713"/></temps><temps name="def"/><temps name="in"><temp name="T713"/><temp name="T26"/><temp name="T2819"/></temps><temps name="out"><temp name="T26"/></temps></instruction><instruction code="LDA T2821, L73"><temps name="use"/><temps name="def"><temp name="T2821"/></temps><temps name="in"><temp name="T26"/></temps><temps name="out"><temp name="T2821"/><temp name="T26"/></temps></instruction><instruction code="GO T2821, T2821, 0"><temps name="use"><temp name="T2821"/></temps><temps name="def"><temp name="T2821"/></temps><temps name="in"><temp name="T2821"/><temp name="T26"/></temps><temps name="out"><temp name="T26"/></temps></instruction><instruction code="L75"><temps name="use"/><temps name="def"/><temps name="in"><temp name="T26"/></temps><temps name="out"><temp name="T26"/></temps></instruction><instruction code="SETL  T2822, 0"><temps name="use"/><temps name="def"><temp name="T2822"/></temps><temps name="in"><temp name="T26"/></temps><temps name="out"><temp name="T26"/></temps></instruction><instruction code="INCML T2822, 0"><temps name="use"/><temps name="def"><temp name="T2822"/></temps><temps name="in"><temp name="T26"/></temps><temps name="out"><temp name="T26"/></temps></instruction><instruction code="INCMH T2822, 0"><temps name="use"/><temps name="def"><temp name="T2822"/></temps><temps name="in"><temp name="T26"/></temps><temps name="out"><temp name="T26"/></temps></instruction><instruction code="INCH  T2822, 0"><temps name="use"/><temps name="def"><temp name="T2822"/></temps><temps name="in"><temp name="T26"/></temps><temps name="out"><temp name="T2822"/><temp name="T26"/></temps></instruction><instruction code="OR T714, T2822, 0"><temps name="use"><temp name="T2822"/></temps><temps name="def"><temp name="T714"/></temps><temps name="in"><temp name="T2822"/><temp name="T26"/></temps><temps name="out"><temp name="T714"/><temp name="T26"/></temps></instruction><instruction code="SETL  T2823, 96"><temps name="use"/><temps name="def"><temp name="T2823"/></temps><temps name="in"><temp name="T714"/><temp name="T26"/></temps><temps name="out"><temp name="T714"/><temp name="T26"/></temps></instruction><instruction code="INCML T2823, 0"><temps name="use"/><temps name="def"><temp name="T2823"/></temps><temps name="in"><temp name="T714"/><temp name="T26"/></temps><temps name="out"><temp name="T714"/><temp name="T26"/></temps></instruction><instruction code="INCMH T2823, 0"><temps name="use"/><temps name="def"><temp name="T2823"/></temps><temps name="in"><temp name="T714"/><temp name="T26"/></temps><temps name="out"><temp name="T714"/><temp name="T26"/></temps></instruction><instruction code="INCH  T2823, 0"><temps name="use"/><temps name="def"><temp name="T2823"/></temps><temps name="in"><temp name="T714"/><temp name="T26"/></temps><temps name="out"><temp name="T714"/><temp name="T26"/><temp name="T2823"/></temps></instruction><instruction code="NEG T2823, 0, T2823"><temps name="use"><temp name="T2823"/></temps><temps name="def"><temp name="T2823"/></temps><temps name="in"><temp name="T714"/><temp name="T26"/><temp name="T2823"/></temps><temps name="out"><temp name="T714"/><temp name="T26"/><temp name="T2823"/></temps></instruction><instruction code="ADD T2824, T26, T2823"><temps name="use"><temp name="T26"/><temp name="T2823"/></temps><temps name="def"><temp name="T2824"/></temps><temps name="in"><temp name="T714"/><temp name="T26"/><temp name="T2823"/></temps><temps name="out"><temp name="T714"/><temp name="T26"/><temp name="T2824"/></temps></instruction><instruction code="STO T2824, T714, 0"><temps name="use"><temp name="T2824"/><temp name="T714"/></temps><temps name="def"/><temps name="in"><temp name="T714"/><temp name="T26"/><temp name="T2824"/></temps><temps name="out"><temp name="T26"/></temps></instruction><instruction code="L84"><temps name="use"/><temps name="def"/><temps name="in"><temp name="T26"/></temps><temps name="out"><temp name="T26"/></temps></instruction><instruction code="OR T715, T26, 0"><temps name="use"><temp name="T26"/></temps><temps name="def"><temp name="T715"/></temps><temps name="in"><temp name="T26"/></temps><temps name="out"><temp name="T715"/><temp name="T26"/></temps></instruction><instruction code="SETL  T2826, 96"><temps name="use"/><temps name="def"><temp name="T2826"/></temps><temps name="in"><temp name="T715"/><temp name="T26"/></temps><temps name="out"><temp name="T715"/><temp name="T26"/></temps></instruction><instruction code="INCML T2826, 0"><temps name="use"/><temps name="def"><temp name="T2826"/></temps><temps name="in"><temp name="T715"/><temp name="T26"/></temps><temps name="out"><temp name="T715"/><temp name="T26"/></temps></instruction><instruction code="INCMH T2826, 0"><temps name="use"/><temps name="def"><temp name="T2826"/></temps><temps name="in"><temp name="T715"/><temp name="T26"/></temps><temps name="out"><temp name="T715"/><temp name="T26"/></temps></instruction><instruction code="INCH  T2826, 0"><temps name="use"/><temps name="def"><temp name="T2826"/></temps><temps name="in"><temp name="T715"/><temp name="T26"/></temps><temps name="out"><temp name="T715"/><temp name="T2826"/><temp name="T26"/></temps></instruction><instruction code="NEG T2826, 0, T2826"><temps name="use"><temp name="T2826"/></temps><temps name="def"><temp name="T2826"/></temps><temps name="in"><temp name="T715"/><temp name="T2826"/><temp name="T26"/></temps><temps name="out"><temp name="T715"/><temp name="T2826"/><temp name="T26"/></temps></instruction><instruction code="OR T716, T2826, 0"><temps name="use"><temp name="T2826"/></temps><temps name="def"><temp name="T716"/></temps><temps name="in"><temp name="T715"/><temp name="T2826"/><temp name="T26"/></temps><temps name="out"><temp name="T716"/><temp name="T715"/><temp name="T26"/></temps></instruction><instruction code="ADD T2827, T715, T716"><temps name="use"><temp name="T715"/><temp name="T716"/></temps><temps name="def"><temp name="T2827"/></temps><temps name="in"><temp name="T716"/><temp name="T715"/><temp name="T26"/></temps><temps name="out"><temp name="T2827"/><temp name="T26"/></temps></instruction><instruction code="OR T717, T2827, 0"><temps name="use"><temp name="T2827"/></temps><temps name="def"><temp name="T717"/></temps><temps name="in"><temp name="T2827"/><temp name="T26"/></temps><temps name="out"><temp name="T717"/><temp name="T26"/></temps></instruction><instruction code="OR T718, T717, 0"><temps name="use"><temp name="T717"/></temps><temps name="def"><temp name="T718"/></temps><temps name="in"><temp name="T717"/><temp name="T26"/></temps><temps name="out"><temp name="T718"/><temp name="T26"/></temps></instruction><instruction code="SETL  T2829, 3"><temps name="use"/><temps name="def"><temp name="T2829"/></temps><temps name="in"><temp name="T718"/><temp name="T26"/></temps><temps name="out"><temp name="T718"/><temp name="T26"/></temps></instruction><instruction code="INCML T2829, 0"><temps name="use"/><temps name="def"><temp name="T2829"/></temps><temps name="in"><temp name="T718"/><temp name="T26"/></temps><temps name="out"><temp name="T718"/><temp name="T26"/></temps></instruction><instruction code="INCMH T2829, 0"><temps name="use"/><temps name="def"><temp name="T2829"/></temps><temps name="in"><temp name="T718"/><temp name="T26"/></temps><temps name="out"><temp name="T718"/><temp name="T26"/></temps></instruction><instruction code="INCH  T2829, 0"><temps name="use"/><temps name="def"><temp name="T2829"/></temps><temps name="in"><temp name="T718"/><temp name="T26"/></temps><temps name="out"><temp name="T718"/><temp name="T26"/><temp name="T2829"/></temps></instruction><instruction code="OR T719, T2829, 0"><temps name="use"><temp name="T2829"/></temps><temps name="def"><temp name="T719"/></temps><temps name="in"><temp name="T718"/><temp name="T26"/><temp name="T2829"/></temps><temps name="out"><temp name="T718"/><temp name="T719"/><temp name="T26"/></temps></instruction><instruction code="CMP T2830, T718, T719"><temps name="use"><temp name="T718"/><temp name="T719"/></temps><temps name="def"><temp name="T2830"/></temps><temps name="in"><temp name="T718"/><temp name="T719"/><temp name="T26"/></temps><temps name="out"><temp name="T26"/><temp name="T2830"/></temps></instruction><instruction code="ZSN T2830, T2830, 1"><temps name="use"><temp name="T2830"/></temps><temps name="def"><temp name="T2830"/></temps><temps name="in"><temp name="T26"/><temp name="T2830"/></temps><temps name="out"><temp name="T26"/><temp name="T2830"/></temps></instruction><instruction code="OR T720, T2830, 0"><temps name="use"><temp name="T2830"/></temps><temps name="def"><temp name="T720"/></temps><temps name="in"><temp name="T26"/><temp name="T2830"/></temps><temps name="out"><temp name="T26"/><temp name="T720"/></temps></instruction><instruction code="BNZ T720, L85"><temps name="use"><temp name="T720"/></temps><temps name="def"/><temps name="in"><temp name="T26"/><temp name="T720"/></temps><temps name="out"><temp name="T26"/></temps></instruction><instruction code="L145"><temps name="use"/><temps name="def"/><temps name="in"><temp name="T26"/></temps><temps name="out"><temp name="T26"/></temps></instruction><instruction code="LDA T2831, L86"><temps name="use"/><temps name="def"><temp name="T2831"/></temps><temps name="in"><temp name="T26"/></temps><temps name="out"><temp name="T2831"/><temp name="T26"/></temps></instruction><instruction code="GO T2831, T2831, 0"><temps name="use"><temp name="T2831"/></temps><temps name="def"><temp name="T2831"/></temps><temps name="in"><temp name="T2831"/><temp name="T26"/></temps><temps name="out"><temp name="T26"/></temps></instruction><instruction code="L85"><temps name="use"/><temps name="def"/><temps name="in"><temp name="T26"/></temps><temps name="out"><temp name="T26"/></temps></instruction><instruction code="SETL  T2832, 0"><temps name="use"/><temps name="def"><temp name="T2832"/></temps><temps name="in"><temp name="T26"/></temps><temps name="out"><temp name="T26"/></temps></instruction><instruction code="INCML T2832, 0"><temps name="use"/><temps name="def"><temp name="T2832"/></temps><temps name="in"><temp name="T26"/></temps><temps name="out"><temp name="T26"/></temps></instruction><instruction code="INCMH T2832, 0"><temps name="use"/><temps name="def"><temp name="T2832"/></temps><temps name="in"><temp name="T26"/></temps><temps name="out"><temp name="T26"/></temps></instruction><instruction code="INCH  T2832, 0"><temps name="use"/><temps name="def"><temp name="T2832"/></temps><temps name="in"><temp name="T26"/></temps><temps name="out"><temp name="T26"/><temp name="T2832"/></temps></instruction><instruction code="OR T721, T2832, 0"><temps name="use"><temp name="T2832"/></temps><temps name="def"><temp name="T721"/></temps><temps name="in"><temp name="T26"/><temp name="T2832"/></temps><temps name="out"><temp name="T26"/><temp name="T721"/></temps></instruction><instruction code="SETL  T2833, 88"><temps name="use"/><temps name="def"><temp name="T2833"/></temps><temps name="in"><temp name="T26"/><temp name="T721"/></temps><temps name="out"><temp name="T26"/><temp name="T721"/></temps></instruction><instruction code="INCML T2833, 0"><temps name="use"/><temps name="def"><temp name="T2833"/></temps><temps name="in"><temp name="T26"/><temp name="T721"/></temps><temps name="out"><temp name="T26"/><temp name="T721"/></temps></instruction><instruction code="INCMH T2833, 0"><temps name="use"/><temps name="def"><temp name="T2833"/></temps><temps name="in"><temp name="T26"/><temp name="T721"/></temps><temps name="out"><temp name="T26"/><temp name="T721"/></temps></instruction><instruction code="INCH  T2833, 0"><temps name="use"/><temps name="def"><temp name="T2833"/></temps><temps name="in"><temp name="T26"/><temp name="T721"/></temps><temps name="out"><temp name="T2833"/><temp name="T26"/><temp name="T721"/></temps></instruction><instruction code="NEG T2833, 0, T2833"><temps name="use"><temp name="T2833"/></temps><temps name="def"><temp name="T2833"/></temps><temps name="in"><temp name="T2833"/><temp name="T26"/><temp name="T721"/></temps><temps name="out"><temp name="T2833"/><temp name="T26"/><temp name="T721"/></temps></instruction><instruction code="ADD T2834, T26, T2833"><temps name="use"><temp name="T26"/><temp name="T2833"/></temps><temps name="def"><temp name="T2834"/></temps><temps name="in"><temp name="T2833"/><temp name="T26"/><temp name="T721"/></temps><temps name="out"><temp name="T26"/><temp name="T2834"/><temp name="T721"/></temps></instruction><instruction code="STO T2834, T721, 0"><temps name="use"><temp name="T2834"/><temp name="T721"/></temps><temps name="def"/><temps name="in"><temp name="T26"/><temp name="T2834"/><temp name="T721"/></temps><temps name="out"><temp name="T26"/></temps></instruction><instruction code="L81"><temps name="use"/><temps name="def"/><temps name="in"><temp name="T26"/></temps><temps name="out"><temp name="T26"/></temps></instruction><instruction code="OR T722, T26, 0"><temps name="use"><temp name="T26"/></temps><temps name="def"><temp name="T722"/></temps><temps name="in"><temp name="T26"/></temps><temps name="out"><temp name="T722"/><temp name="T26"/></temps></instruction><instruction code="SETL  T2836, 88"><temps name="use"/><temps name="def"><temp name="T2836"/></temps><temps name="in"><temp name="T722"/><temp name="T26"/></temps><temps name="out"><temp name="T722"/><temp name="T26"/></temps></instruction><instruction code="INCML T2836, 0"><temps name="use"/><temps name="def"><temp name="T2836"/></temps><temps name="in"><temp name="T722"/><temp name="T26"/></temps><temps name="out"><temp name="T722"/><temp name="T26"/></temps></instruction><instruction code="INCMH T2836, 0"><temps name="use"/><temps name="def"><temp name="T2836"/></temps><temps name="in"><temp name="T722"/><temp name="T26"/></temps><temps name="out"><temp name="T722"/><temp name="T26"/></temps></instruction><instruction code="INCH  T2836, 0"><temps name="use"/><temps name="def"><temp name="T2836"/></temps><temps name="in"><temp name="T722"/><temp name="T26"/></temps><temps name="out"><temp name="T2836"/><temp name="T722"/><temp name="T26"/></temps></instruction><instruction code="NEG T2836, 0, T2836"><temps name="use"><temp name="T2836"/></temps><temps name="def"><temp name="T2836"/></temps><temps name="in"><temp name="T2836"/><temp name="T722"/><temp name="T26"/></temps><temps name="out"><temp name="T2836"/><temp name="T722"/><temp name="T26"/></temps></instruction><instruction code="OR T723, T2836, 0"><temps name="use"><temp name="T2836"/></temps><temps name="def"><temp name="T723"/></temps><temps name="in"><temp name="T2836"/><temp name="T722"/><temp name="T26"/></temps><temps name="out"><temp name="T722"/><temp name="T26"/><temp name="T723"/></temps></instruction><instruction code="ADD T2837, T722, T723"><temps name="use"><temp name="T722"/><temp name="T723"/></temps><temps name="def"><temp name="T2837"/></temps><temps name="in"><temp name="T722"/><temp name="T26"/><temp name="T723"/></temps><temps name="out"><temp name="T26"/><temp name="T2837"/></temps></instruction><instruction code="OR T724, T2837, 0"><temps name="use"><temp name="T2837"/></temps><temps name="def"><temp name="T724"/></temps><temps name="in"><temp name="T26"/><temp name="T2837"/></temps><temps name="out"><temp name="T724"/><temp name="T26"/></temps></instruction><instruction code="OR T725, T724, 0"><temps name="use"><temp name="T724"/></temps><temps name="def"><temp name="T725"/></temps><temps name="in"><temp name="T724"/><temp name="T26"/></temps><temps name="out"><temp name="T725"/><temp name="T26"/></temps></instruction><instruction code="SETL  T2839, 3"><temps name="use"/><temps name="def"><temp name="T2839"/></temps><temps name="in"><temp name="T725"/><temp name="T26"/></temps><temps name="out"><temp name="T725"/><temp name="T26"/></temps></instruction><instruction code="INCML T2839, 0"><temps name="use"/><temps name="def"><temp name="T2839"/></temps><temps name="in"><temp name="T725"/><temp name="T26"/></temps><temps name="out"><temp name="T725"/><temp name="T26"/></temps></instruction><instruction code="INCMH T2839, 0"><temps name="use"/><temps name="def"><temp name="T2839"/></temps><temps name="in"><temp name="T725"/><temp name="T26"/></temps><temps name="out"><temp name="T725"/><temp name="T26"/></temps></instruction><instruction code="INCH  T2839, 0"><temps name="use"/><temps name="def"><temp name="T2839"/></temps><temps name="in"><temp name="T725"/><temp name="T26"/></temps><temps name="out"><temp name="T725"/><temp name="T2839"/><temp name="T26"/></temps></instruction><instruction code="OR T726, T2839, 0"><temps name="use"><temp name="T2839"/></temps><temps name="def"><temp name="T726"/></temps><temps name="in"><temp name="T725"/><temp name="T2839"/><temp name="T26"/></temps><temps name="out"><temp name="T725"/><temp name="T26"/><temp name="T726"/></temps></instruction><instruction code="CMP T2840, T725, T726"><temps name="use"><temp name="T725"/><temp name="T726"/></temps><temps name="def"><temp name="T2840"/></temps><temps name="in"><temp name="T725"/><temp name="T26"/><temp name="T726"/></temps><temps name="out"><temp name="T2840"/><temp name="T26"/></temps></instruction><instruction code="ZSN T2840, T2840, 1"><temps name="use"><temp name="T2840"/></temps><temps name="def"><temp name="T2840"/></temps><temps name="in"><temp name="T2840"/><temp name="T26"/></temps><temps name="out"><temp name="T2840"/><temp name="T26"/></temps></instruction><instruction code="OR T727, T2840, 0"><temps name="use"><temp name="T2840"/></temps><temps name="def"><temp name="T727"/></temps><temps name="in"><temp name="T2840"/><temp name="T26"/></temps><temps name="out"><temp name="T26"/><temp name="T727"/></temps></instruction><instruction code="BNZ T727, L82"><temps name="use"><temp name="T727"/></temps><temps name="def"/><temps name="in"><temp name="T26"/><temp name="T727"/></temps><temps name="out"><temp name="T26"/></temps></instruction><instruction code="L146"><temps name="use"/><temps name="def"/><temps name="in"><temp name="T26"/></temps><temps name="out"><temp name="T26"/></temps></instruction><instruction code="LDA T2841, L83"><temps name="use"/><temps name="def"><temp name="T2841"/></temps><temps name="in"><temp name="T26"/></temps><temps name="out"><temp name="T26"/><temp name="T2841"/></temps></instruction><instruction code="GO T2841, T2841, 0"><temps name="use"><temp name="T2841"/></temps><temps name="def"><temp name="T2841"/></temps><temps name="in"><temp name="T26"/><temp name="T2841"/></temps><temps name="out"><temp name="T26"/></temps></instruction><instruction code="L82"><temps name="use"/><temps name="def"/><temps name="in"><temp name="T26"/></temps><temps name="out"><temp name="T26"/></temps></instruction><instruction code="OR T728, T26, 0"><temps name="use"><temp name="T26"/></temps><temps name="def"><temp name="T728"/></temps><temps name="in"><temp name="T26"/></temps><temps name="out"><temp name="T728"/><temp name="T26"/></temps></instruction><instruction code="OR T729, T728, 0"><temps name="use"><temp name="T728"/></temps><temps name="def"><temp name="T729"/></temps><temps name="in"><temp name="T728"/><temp name="T26"/></temps><temps name="out"><temp name="T729"/><temp name="T26"/></temps></instruction><instruction code="SETL  T2843, 8"><temps name="use"/><temps name="def"><temp name="T2843"/></temps><temps name="in"><temp name="T729"/><temp name="T26"/></temps><temps name="out"><temp name="T729"/><temp name="T26"/></temps></instruction><instruction code="INCML T2843, 0"><temps name="use"/><temps name="def"><temp name="T2843"/></temps><temps name="in"><temp name="T729"/><temp name="T26"/></temps><temps name="out"><temp name="T729"/><temp name="T26"/></temps></instruction><instruction code="INCMH T2843, 0"><temps name="use"/><temps name="def"><temp name="T2843"/></temps><temps name="in"><temp name="T729"/><temp name="T26"/></temps><temps name="out"><temp name="T729"/><temp name="T26"/></temps></instruction><instruction code="INCH  T2843, 0"><temps name="use"/><temps name="def"><temp name="T2843"/></temps><temps name="in"><temp name="T729"/><temp name="T26"/></temps><temps name="out"><temp name="T729"/><temp name="T2843"/><temp name="T26"/></temps></instruction><instruction code="OR T730, T2843, 0"><temps name="use"><temp name="T2843"/></temps><temps name="def"><temp name="T730"/></temps><temps name="in"><temp name="T729"/><temp name="T2843"/><temp name="T26"/></temps><temps name="out"><temp name="T729"/><temp name="T730"/><temp name="T26"/></temps></instruction><instruction code="ADD T2844, T729, T730"><temps name="use"><temp name="T729"/><temp name="T730"/></temps><temps name="def"><temp name="T2844"/></temps><temps name="in"><temp name="T729"/><temp name="T730"/><temp name="T26"/></temps><temps name="out"><temp name="T2844"/><temp name="T26"/></temps></instruction><instruction code="OR T731, T2844, 0"><temps name="use"><temp name="T2844"/></temps><temps name="def"><temp name="T731"/></temps><temps name="in"><temp name="T2844"/><temp name="T26"/></temps><temps name="out"><temp name="T26"/><temp name="T731"/></temps></instruction><instruction code="OR T732, T731, 0"><temps name="use"><temp name="T731"/></temps><temps name="def"><temp name="T732"/></temps><temps name="in"><temp name="T26"/><temp name="T731"/></temps><temps name="out"><temp name="T26"/><temp name="T732"/></temps></instruction><instruction code="OR T733, T26, 0"><temps name="use"><temp name="T26"/></temps><temps name="def"><temp name="T733"/></temps><temps name="in"><temp name="T26"/><temp name="T732"/></temps><temps name="out"><temp name="T26"/><temp name="T733"/><temp name="T732"/></temps></instruction><instruction code="SETL  T2846, 16"><temps name="use"/><temps name="def"><temp name="T2846"/></temps><temps name="in"><temp name="T26"/><temp name="T733"/><temp name="T732"/></temps><temps name="out"><temp name="T26"/><temp name="T733"/><temp name="T732"/></temps></instruction><instruction code="INCML T2846, 0"><temps name="use"/><temps name="def"><temp name="T2846"/></temps><temps name="in"><temp name="T26"/><temp name="T733"/><temp name="T732"/></temps><temps name="out"><temp name="T26"/><temp name="T733"/><temp name="T732"/></temps></instruction><instruction code="INCMH T2846, 0"><temps name="use"/><temps name="def"><temp name="T2846"/></temps><temps name="in"><temp name="T26"/><temp name="T733"/><temp name="T732"/></temps><temps name="out"><temp name="T26"/><temp name="T733"/><temp name="T732"/></temps></instruction><instruction code="INCH  T2846, 0"><temps name="use"/><temps name="def"><temp name="T2846"/></temps><temps name="in"><temp name="T26"/><temp name="T733"/><temp name="T732"/></temps><temps name="out"><temp name="T26"/><temp name="T2846"/><temp name="T733"/><temp name="T732"/></temps></instruction><instruction code="OR T734, T2846, 0"><temps name="use"><temp name="T2846"/></temps><temps name="def"><temp name="T734"/></temps><temps name="in"><temp name="T26"/><temp name="T2846"/><temp name="T733"/><temp name="T732"/></temps><temps name="out"><temp name="T26"/><temp name="T733"/><temp name="T734"/><temp name="T732"/></temps></instruction><instruction code="ADD T2847, T733, T734"><temps name="use"><temp name="T733"/><temp name="T734"/></temps><temps name="def"><temp name="T2847"/></temps><temps name="in"><temp name="T26"/><temp name="T733"/><temp name="T734"/><temp name="T732"/></temps><temps name="out"><temp name="T26"/><temp name="T2847"/><temp name="T732"/></temps></instruction><instruction code="OR T735, T2847, 0"><temps name="use"><temp name="T2847"/></temps><temps name="def"><temp name="T735"/></temps><temps name="in"><temp name="T26"/><temp name="T2847"/><temp name="T732"/></temps><temps name="out"><temp name="T735"/><temp name="T26"/><temp name="T732"/></temps></instruction><instruction code="OR T736, T735, 0"><temps name="use"><temp name="T735"/></temps><temps name="def"><temp name="T736"/></temps><temps name="in"><temp name="T735"/><temp name="T26"/><temp name="T732"/></temps><temps name="out"><temp name="T736"/><temp name="T26"/><temp name="T732"/></temps></instruction><instruction code="SETL  T2849, 3"><temps name="use"/><temps name="def"><temp name="T2849"/></temps><temps name="in"><temp name="T736"/><temp name="T26"/><temp name="T732"/></temps><temps name="out"><temp name="T736"/><temp name="T26"/><temp name="T732"/></temps></instruction><instruction code="INCML T2849, 0"><temps name="use"/><temps name="def"><temp name="T2849"/></temps><temps name="in"><temp name="T736"/><temp name="T26"/><temp name="T732"/></temps><temps name="out"><temp name="T736"/><temp name="T26"/><temp name="T732"/></temps></instruction><instruction code="INCMH T2849, 0"><temps name="use"/><temps name="def"><temp name="T2849"/></temps><temps name="in"><temp name="T736"/><temp name="T26"/><temp name="T732"/></temps><temps name="out"><temp name="T736"/><temp name="T26"/><temp name="T732"/></temps></instruction><instruction code="INCH  T2849, 0"><temps name="use"/><temps name="def"><temp name="T2849"/></temps><temps name="in"><temp name="T736"/><temp name="T26"/><temp name="T732"/></temps><temps name="out"><temp name="T736"/><temp name="T2849"/><temp name="T26"/><temp name="T732"/></temps></instruction><instruction code="OR T737, T2849, 0"><temps name="use"><temp name="T2849"/></temps><temps name="def"><temp name="T737"/></temps><temps name="in"><temp name="T736"/><temp name="T2849"/><temp name="T26"/><temp name="T732"/></temps><temps name="out"><temp name="T736"/><temp name="T737"/><temp name="T26"/><temp name="T732"/></temps></instruction><instruction code="MUL T2850, T736, T737"><temps name="use"><temp name="T736"/><temp name="T737"/></temps><temps name="def"><temp name="T2850"/></temps><temps name="in"><temp name="T736"/><temp name="T737"/><temp name="T26"/><temp name="T732"/></temps><temps name="out"><temp name="T2850"/><temp name="T26"/><temp name="T732"/></temps></instruction><instruction code="OR T738, T2850, 0"><temps name="use"><temp name="T2850"/></temps><temps name="def"><temp name="T738"/></temps><temps name="in"><temp name="T2850"/><temp name="T26"/><temp name="T732"/></temps><temps name="out"><temp name="T738"/><temp name="T26"/><temp name="T732"/></temps></instruction><instruction code="OR T739, T26, 0"><temps name="use"><temp name="T26"/></temps><temps name="def"><temp name="T739"/></temps><temps name="in"><temp name="T738"/><temp name="T26"/><temp name="T732"/></temps><temps name="out"><temp name="T738"/><temp name="T26"/><temp name="T739"/><temp name="T732"/></temps></instruction><instruction code="SETL  T2851, 96"><temps name="use"/><temps name="def"><temp name="T2851"/></temps><temps name="in"><temp name="T738"/><temp name="T26"/><temp name="T739"/><temp name="T732"/></temps><temps name="out"><temp name="T738"/><temp name="T26"/><temp name="T739"/><temp name="T732"/></temps></instruction><instruction code="INCML T2851, 0"><temps name="use"/><temps name="def"><temp name="T2851"/></temps><temps name="in"><temp name="T738"/><temp name="T26"/><temp name="T739"/><temp name="T732"/></temps><temps name="out"><temp name="T738"/><temp name="T26"/><temp name="T739"/><temp name="T732"/></temps></instruction><instruction code="INCMH T2851, 0"><temps name="use"/><temps name="def"><temp name="T2851"/></temps><temps name="in"><temp name="T738"/><temp name="T26"/><temp name="T739"/><temp name="T732"/></temps><temps name="out"><temp name="T738"/><temp name="T26"/><temp name="T739"/><temp name="T732"/></temps></instruction><instruction code="INCH  T2851, 0"><temps name="use"/><temps name="def"><temp name="T2851"/></temps><temps name="in"><temp name="T738"/><temp name="T26"/><temp name="T739"/><temp name="T732"/></temps><temps name="out"><temp name="T738"/><temp name="T2851"/><temp name="T26"/><temp name="T739"/><temp name="T732"/></temps></instruction><instruction code="NEG T2851, 0, T2851"><temps name="use"><temp name="T2851"/></temps><temps name="def"><temp name="T2851"/></temps><temps name="in"><temp name="T738"/><temp name="T2851"/><temp name="T26"/><temp name="T739"/><temp name="T732"/></temps><temps name="out"><temp name="T738"/><temp name="T2851"/><temp name="T26"/><temp name="T739"/><temp name="T732"/></temps></instruction><instruction code="OR T740, T2851, 0"><temps name="use"><temp name="T2851"/></temps><temps name="def"><temp name="T740"/></temps><temps name="in"><temp name="T738"/><temp name="T2851"/><temp name="T26"/><temp name="T739"/><temp name="T732"/></temps><temps name="out"><temp name="T738"/><temp name="T740"/><temp name="T26"/><temp name="T739"/><temp name="T732"/></temps></instruction><instruction code="ADD T2852, T739, T740"><temps name="use"><temp name="T739"/><temp name="T740"/></temps><temps name="def"><temp name="T2852"/></temps><temps name="in"><temp name="T738"/><temp name="T740"/><temp name="T26"/><temp name="T739"/><temp name="T732"/></temps><temps name="out"><temp name="T738"/><temp name="T2852"/><temp name="T26"/><temp name="T732"/></temps></instruction><instruction code="OR T741, T2852, 0"><temps name="use"><temp name="T2852"/></temps><temps name="def"><temp name="T741"/></temps><temps name="in"><temp name="T738"/><temp name="T2852"/><temp name="T26"/><temp name="T732"/></temps><temps name="out"><temp name="T738"/><temp name="T741"/><temp name="T26"/><temp name="T732"/></temps></instruction><instruction code="OR T742, T741, 0"><temps name="use"><temp name="T741"/></temps><temps name="def"><temp name="T742"/></temps><temps name="in"><temp name="T738"/><temp name="T741"/><temp name="T26"/><temp name="T732"/></temps><temps name="out"><temp name="T738"/><temp name="T26"/><temp name="T742"/><temp name="T732"/></temps></instruction><instruction code="ADD T2854, T738, T742"><temps name="use"><temp name="T738"/><temp name="T742"/></temps><temps name="def"><temp name="T2854"/></temps><temps name="in"><temp name="T738"/><temp name="T26"/><temp name="T742"/><temp name="T732"/></temps><temps name="out"><temp name="T2854"/><temp name="T26"/><temp name="T732"/></temps></instruction><instruction code="OR T743, T2854, 0"><temps name="use"><temp name="T2854"/></temps><temps name="def"><temp name="T743"/></temps><temps name="in"><temp name="T2854"/><temp name="T26"/><temp name="T732"/></temps><temps name="out"><temp name="T26"/><temp name="T743"/><temp name="T732"/></temps></instruction><instruction code="SETL  T2855, 72"><temps name="use"/><temps name="def"><temp name="T2855"/></temps><temps name="in"><temp name="T26"/><temp name="T743"/><temp name="T732"/></temps><temps name="out"><temp name="T26"/><temp name="T743"/><temp name="T732"/></temps></instruction><instruction code="INCML T2855, 0"><temps name="use"/><temps name="def"><temp name="T2855"/></temps><temps name="in"><temp name="T26"/><temp name="T743"/><temp name="T732"/></temps><temps name="out"><temp name="T26"/><temp name="T743"/><temp name="T732"/></temps></instruction><instruction code="INCMH T2855, 0"><temps name="use"/><temps name="def"><temp name="T2855"/></temps><temps name="in"><temp name="T26"/><temp name="T743"/><temp name="T732"/></temps><temps name="out"><temp name="T26"/><temp name="T743"/><temp name="T732"/></temps></instruction><instruction code="INCH  T2855, 0"><temps name="use"/><temps name="def"><temp name="T2855"/></temps><temps name="in"><temp name="T26"/><temp name="T743"/><temp name="T732"/></temps><temps name="out"><temp name="T26"/><temp name="T743"/><temp name="T2855"/><temp name="T732"/></temps></instruction><instruction code="OR T744, T2855, 0"><temps name="use"><temp name="T2855"/></temps><temps name="def"><temp name="T744"/></temps><temps name="in"><temp name="T26"/><temp name="T743"/><temp name="T2855"/><temp name="T732"/></temps><temps name="out"><temp name="T744"/><temp name="T26"/><temp name="T743"/><temp name="T732"/></temps></instruction><instruction code="MUL T2856, T743, T744"><temps name="use"><temp name="T743"/><temp name="T744"/></temps><temps name="def"><temp name="T2856"/></temps><temps name="in"><temp name="T744"/><temp name="T26"/><temp name="T743"/><temp name="T732"/></temps><temps name="out"><temp name="T26"/><temp name="T2856"/><temp name="T732"/></temps></instruction><instruction code="OR T745, T2856, 0"><temps name="use"><temp name="T2856"/></temps><temps name="def"><temp name="T745"/></temps><temps name="in"><temp name="T26"/><temp name="T2856"/><temp name="T732"/></temps><temps name="out"><temp name="T26"/><temp name="T745"/><temp name="T732"/></temps></instruction><instruction code="ADD T2857, T732, T745"><temps name="use"><temp name="T732"/><temp name="T745"/></temps><temps name="def"><temp name="T2857"/></temps><temps name="in"><temp name="T26"/><temp name="T745"/><temp name="T732"/></temps><temps name="out"><temp name="T2857"/><temp name="T26"/></temps></instruction><instruction code="OR T746, T2857, 0"><temps name="use"><temp name="T2857"/></temps><temps name="def"><temp name="T746"/></temps><temps name="in"><temp name="T2857"/><temp name="T26"/></temps><temps name="out"><temp name="T26"/><temp name="T746"/></temps></instruction><instruction code="OR T747, T26, 0"><temps name="use"><temp name="T26"/></temps><temps name="def"><temp name="T747"/></temps><temps name="in"><temp name="T26"/><temp name="T746"/></temps><temps name="out"><temp name="T747"/><temp name="T26"/><temp name="T746"/></temps></instruction><instruction code="SETL  T2858, 8"><temps name="use"/><temps name="def"><temp name="T2858"/></temps><temps name="in"><temp name="T747"/><temp name="T26"/><temp name="T746"/></temps><temps name="out"><temp name="T747"/><temp name="T26"/><temp name="T746"/></temps></instruction><instruction code="INCML T2858, 0"><temps name="use"/><temps name="def"><temp name="T2858"/></temps><temps name="in"><temp name="T747"/><temp name="T26"/><temp name="T746"/></temps><temps name="out"><temp name="T747"/><temp name="T26"/><temp name="T746"/></temps></instruction><instruction code="INCMH T2858, 0"><temps name="use"/><temps name="def"><temp name="T2858"/></temps><temps name="in"><temp name="T747"/><temp name="T26"/><temp name="T746"/></temps><temps name="out"><temp name="T747"/><temp name="T26"/><temp name="T746"/></temps></instruction><instruction code="INCH  T2858, 0"><temps name="use"/><temps name="def"><temp name="T2858"/></temps><temps name="in"><temp name="T747"/><temp name="T26"/><temp name="T746"/></temps><temps name="out"><temp name="T2858"/><temp name="T747"/><temp name="T26"/><temp name="T746"/></temps></instruction><instruction code="OR T748, T2858, 0"><temps name="use"><temp name="T2858"/></temps><temps name="def"><temp name="T748"/></temps><temps name="in"><temp name="T2858"/><temp name="T747"/><temp name="T26"/><temp name="T746"/></temps><temps name="out"><temp name="T747"/><temp name="T748"/><temp name="T26"/><temp name="T746"/></temps></instruction><instruction code="ADD T2859, T747, T748"><temps name="use"><temp name="T747"/><temp name="T748"/></temps><temps name="def"><temp name="T2859"/></temps><temps name="in"><temp name="T747"/><temp name="T748"/><temp name="T26"/><temp name="T746"/></temps><temps name="out"><temp name="T2859"/><temp name="T26"/><temp name="T746"/></temps></instruction><instruction code="OR T749, T2859, 0"><temps name="use"><temp name="T2859"/></temps><temps name="def"><temp name="T749"/></temps><temps name="in"><temp name="T2859"/><temp name="T26"/><temp name="T746"/></temps><temps name="out"><temp name="T749"/><temp name="T26"/><temp name="T746"/></temps></instruction><instruction code="OR T750, T749, 0"><temps name="use"><temp name="T749"/></temps><temps name="def"><temp name="T750"/></temps><temps name="in"><temp name="T749"/><temp name="T26"/><temp name="T746"/></temps><temps name="out"><temp name="T750"/><temp name="T26"/><temp name="T746"/></temps></instruction><instruction code="SETL  T2861, 3"><temps name="use"/><temps name="def"><temp name="T2861"/></temps><temps name="in"><temp name="T750"/><temp name="T26"/><temp name="T746"/></temps><temps name="out"><temp name="T750"/><temp name="T26"/><temp name="T746"/></temps></instruction><instruction code="INCML T2861, 0"><temps name="use"/><temps name="def"><temp name="T2861"/></temps><temps name="in"><temp name="T750"/><temp name="T26"/><temp name="T746"/></temps><temps name="out"><temp name="T750"/><temp name="T26"/><temp name="T746"/></temps></instruction><instruction code="INCMH T2861, 0"><temps name="use"/><temps name="def"><temp name="T2861"/></temps><temps name="in"><temp name="T750"/><temp name="T26"/><temp name="T746"/></temps><temps name="out"><temp name="T750"/><temp name="T26"/><temp name="T746"/></temps></instruction><instruction code="INCH  T2861, 0"><temps name="use"/><temps name="def"><temp name="T2861"/></temps><temps name="in"><temp name="T750"/><temp name="T26"/><temp name="T746"/></temps><temps name="out"><temp name="T750"/><temp name="T26"/><temp name="T746"/><temp name="T2861"/></temps></instruction><instruction code="OR T751, T2861, 0"><temps name="use"><temp name="T2861"/></temps><temps name="def"><temp name="T751"/></temps><temps name="in"><temp name="T750"/><temp name="T26"/><temp name="T746"/><temp name="T2861"/></temps><temps name="out"><temp name="T750"/><temp name="T751"/><temp name="T26"/><temp name="T746"/></temps></instruction><instruction code="MUL T2862, T750, T751"><temps name="use"><temp name="T750"/><temp name="T751"/></temps><temps name="def"><temp name="T2862"/></temps><temps name="in"><temp name="T750"/><temp name="T751"/><temp name="T26"/><temp name="T746"/></temps><temps name="out"><temp name="T2862"/><temp name="T26"/><temp name="T746"/></temps></instruction><instruction code="OR T752, T2862, 0"><temps name="use"><temp name="T2862"/></temps><temps name="def"><temp name="T752"/></temps><temps name="in"><temp name="T2862"/><temp name="T26"/><temp name="T746"/></temps><temps name="out"><temp name="T752"/><temp name="T26"/><temp name="T746"/></temps></instruction><instruction code="OR T753, T26, 0"><temps name="use"><temp name="T26"/></temps><temps name="def"><temp name="T753"/></temps><temps name="in"><temp name="T752"/><temp name="T26"/><temp name="T746"/></temps><temps name="out"><temp name="T752"/><temp name="T746"/><temp name="T26"/><temp name="T753"/></temps></instruction><instruction code="SETL  T2863, 88"><temps name="use"/><temps name="def"><temp name="T2863"/></temps><temps name="in"><temp name="T752"/><temp name="T746"/><temp name="T26"/><temp name="T753"/></temps><temps name="out"><temp name="T752"/><temp name="T746"/><temp name="T26"/><temp name="T753"/></temps></instruction><instruction code="INCML T2863, 0"><temps name="use"/><temps name="def"><temp name="T2863"/></temps><temps name="in"><temp name="T752"/><temp name="T746"/><temp name="T26"/><temp name="T753"/></temps><temps name="out"><temp name="T752"/><temp name="T746"/><temp name="T26"/><temp name="T753"/></temps></instruction><instruction code="INCMH T2863, 0"><temps name="use"/><temps name="def"><temp name="T2863"/></temps><temps name="in"><temp name="T752"/><temp name="T746"/><temp name="T26"/><temp name="T753"/></temps><temps name="out"><temp name="T752"/><temp name="T746"/><temp name="T26"/><temp name="T753"/></temps></instruction><instruction code="INCH  T2863, 0"><temps name="use"/><temps name="def"><temp name="T2863"/></temps><temps name="in"><temp name="T752"/><temp name="T746"/><temp name="T26"/><temp name="T753"/></temps><temps name="out"><temp name="T2863"/><temp name="T752"/><temp name="T746"/><temp name="T26"/><temp name="T753"/></temps></instruction><instruction code="NEG T2863, 0, T2863"><temps name="use"><temp name="T2863"/></temps><temps name="def"><temp name="T2863"/></temps><temps name="in"><temp name="T2863"/><temp name="T752"/><temp name="T746"/><temp name="T26"/><temp name="T753"/></temps><temps name="out"><temp name="T2863"/><temp name="T752"/><temp name="T746"/><temp name="T26"/><temp name="T753"/></temps></instruction><instruction code="OR T754, T2863, 0"><temps name="use"><temp name="T2863"/></temps><temps name="def"><temp name="T754"/></temps><temps name="in"><temp name="T2863"/><temp name="T752"/><temp name="T746"/><temp name="T26"/><temp name="T753"/></temps><temps name="out"><temp name="T754"/><temp name="T752"/><temp name="T746"/><temp name="T26"/><temp name="T753"/></temps></instruction><instruction code="ADD T2864, T753, T754"><temps name="use"><temp name="T753"/><temp name="T754"/></temps><temps name="def"><temp name="T2864"/></temps><temps name="in"><temp name="T754"/><temp name="T752"/><temp name="T746"/><temp name="T26"/><temp name="T753"/></temps><temps name="out"><temp name="T2864"/><temp name="T752"/><temp name="T746"/><temp name="T26"/></temps></instruction><instruction code="OR T755, T2864, 0"><temps name="use"><temp name="T2864"/></temps><temps name="def"><temp name="T755"/></temps><temps name="in"><temp name="T2864"/><temp name="T752"/><temp name="T746"/><temp name="T26"/></temps><temps name="out"><temp name="T755"/><temp name="T752"/><temp name="T746"/><temp name="T26"/></temps></instruction><instruction code="OR T756, T755, 0"><temps name="use"><temp name="T755"/></temps><temps name="def"><temp name="T756"/></temps><temps name="in"><temp name="T755"/><temp name="T752"/><temp name="T746"/><temp name="T26"/></temps><temps name="out"><temp name="T756"/><temp name="T752"/><temp name="T746"/><temp name="T26"/></temps></instruction><instruction code="ADD T2866, T752, T756"><temps name="use"><temp name="T752"/><temp name="T756"/></temps><temps name="def"><temp name="T2866"/></temps><temps name="in"><temp name="T756"/><temp name="T752"/><temp name="T746"/><temp name="T26"/></temps><temps name="out"><temp name="T2866"/><temp name="T746"/><temp name="T26"/></temps></instruction><instruction code="OR T757, T2866, 0"><temps name="use"><temp name="T2866"/></temps><temps name="def"><temp name="T757"/></temps><temps name="in"><temp name="T2866"/><temp name="T746"/><temp name="T26"/></temps><temps name="out"><temp name="T757"/><temp name="T746"/><temp name="T26"/></temps></instruction><instruction code="SETL  T2867, 8"><temps name="use"/><temps name="def"><temp name="T2867"/></temps><temps name="in"><temp name="T757"/><temp name="T746"/><temp name="T26"/></temps><temps name="out"><temp name="T757"/><temp name="T746"/><temp name="T26"/></temps></instruction><instruction code="INCML T2867, 0"><temps name="use"/><temps name="def"><temp name="T2867"/></temps><temps name="in"><temp name="T757"/><temp name="T746"/><temp name="T26"/></temps><temps name="out"><temp name="T757"/><temp name="T746"/><temp name="T26"/></temps></instruction><instruction code="INCMH T2867, 0"><temps name="use"/><temps name="def"><temp name="T2867"/></temps><temps name="in"><temp name="T757"/><temp name="T746"/><temp name="T26"/></temps><temps name="out"><temp name="T757"/><temp name="T746"/><temp name="T26"/></temps></instruction><instruction code="INCH  T2867, 0"><temps name="use"/><temps name="def"><temp name="T2867"/></temps><temps name="in"><temp name="T757"/><temp name="T746"/><temp name="T26"/></temps><temps name="out"><temp name="T757"/><temp name="T2867"/><temp name="T746"/><temp name="T26"/></temps></instruction><instruction code="OR T758, T2867, 0"><temps name="use"><temp name="T2867"/></temps><temps name="def"><temp name="T758"/></temps><temps name="in"><temp name="T757"/><temp name="T2867"/><temp name="T746"/><temp name="T26"/></temps><temps name="out"><temp name="T757"/><temp name="T758"/><temp name="T746"/><temp name="T26"/></temps></instruction><instruction code="MUL T2868, T757, T758"><temps name="use"><temp name="T757"/><temp name="T758"/></temps><temps name="def"><temp name="T2868"/></temps><temps name="in"><temp name="T757"/><temp name="T758"/><temp name="T746"/><temp name="T26"/></temps><temps name="out"><temp name="T2868"/><temp name="T746"/><temp name="T26"/></temps></instruction><instruction code="OR T759, T2868, 0"><temps name="use"><temp name="T2868"/></temps><temps name="def"><temp name="T759"/></temps><temps name="in"><temp name="T2868"/><temp name="T746"/><temp name="T26"/></temps><temps name="out"><temp name="T746"/><temp name="T26"/><temp name="T759"/></temps></instruction><instruction code="ADD T2869, T746, T759"><temps name="use"><temp name="T746"/><temp name="T759"/></temps><temps name="def"><temp name="T2869"/></temps><temps name="in"><temp name="T746"/><temp name="T26"/><temp name="T759"/></temps><temps name="out"><temp name="T2869"/><temp name="T26"/></temps></instruction><instruction code="OR T760, T2869, 0"><temps name="use"><temp name="T2869"/></temps><temps name="def"><temp name="T760"/></temps><temps name="in"><temp name="T2869"/><temp name="T26"/></temps><temps name="out"><temp name="T760"/><temp name="T26"/></temps></instruction><instruction code="OR T761, T760, 0"><temps name="use"><temp name="T760"/></temps><temps name="def"><temp name="T761"/></temps><temps name="in"><temp name="T760"/><temp name="T26"/></temps><temps name="out"><temp name="T761"/><temp name="T26"/></temps></instruction><instruction code="SETL  T2871, 0"><temps name="use"/><temps name="def"><temp name="T2871"/></temps><temps name="in"><temp name="T761"/><temp name="T26"/></temps><temps name="out"><temp name="T761"/><temp name="T26"/></temps></instruction><instruction code="INCML T2871, 0"><temps name="use"/><temps name="def"><temp name="T2871"/></temps><temps name="in"><temp name="T761"/><temp name="T26"/></temps><temps name="out"><temp name="T761"/><temp name="T26"/></temps></instruction><instruction code="INCMH T2871, 0"><temps name="use"/><temps name="def"><temp name="T2871"/></temps><temps name="in"><temp name="T761"/><temp name="T26"/></temps><temps name="out"><temp name="T761"/><temp name="T26"/></temps></instruction><instruction code="INCH  T2871, 0"><temps name="use"/><temps name="def"><temp name="T2871"/></temps><temps name="in"><temp name="T761"/><temp name="T26"/></temps><temps name="out"><temp name="T2871"/><temp name="T761"/><temp name="T26"/></temps></instruction><instruction code="OR T762, T2871, 0"><temps name="use"><temp name="T2871"/></temps><temps name="def"><temp name="T762"/></temps><temps name="in"><temp name="T2871"/><temp name="T761"/><temp name="T26"/></temps><temps name="out"><temp name="T761"/><temp name="T26"/><temp name="T762"/></temps></instruction><instruction code="CMP T2872, T761, T762"><temps name="use"><temp name="T761"/><temp name="T762"/></temps><temps name="def"><temp name="T2872"/></temps><temps name="in"><temp name="T761"/><temp name="T26"/><temp name="T762"/></temps><temps name="out"><temp name="T2872"/><temp name="T26"/></temps></instruction><instruction code="ZSNZ T2872, T2872, 1"><temps name="use"><temp name="T2872"/></temps><temps name="def"><temp name="T2872"/></temps><temps name="in"><temp name="T2872"/><temp name="T26"/></temps><temps name="out"><temp name="T2872"/><temp name="T26"/></temps></instruction><instruction code="OR T763, T2872, 0"><temps name="use"><temp name="T2872"/></temps><temps name="def"><temp name="T763"/></temps><temps name="in"><temp name="T2872"/><temp name="T26"/></temps><temps name="out"><temp name="T26"/><temp name="T763"/></temps></instruction><instruction code="BNZ T763, L79"><temps name="use"><temp name="T763"/></temps><temps name="def"/><temps name="in"><temp name="T26"/><temp name="T763"/></temps><temps name="out"><temp name="T26"/></temps></instruction><instruction code="L147"><temps name="use"/><temps name="def"/><temps name="in"><temp name="T26"/></temps><temps name="out"><temp name="T26"/></temps></instruction><instruction code="LDA T2873, L80"><temps name="use"/><temps name="def"><temp name="T2873"/></temps><temps name="in"><temp name="T26"/></temps><temps name="out"><temp name="T26"/><temp name="T2873"/></temps></instruction><instruction code="GO T2873, T2873, 0"><temps name="use"><temp name="T2873"/></temps><temps name="def"><temp name="T2873"/></temps><temps name="in"><temp name="T26"/><temp name="T2873"/></temps><temps name="out"><temp name="T26"/></temps></instruction><instruction code="L79"><temps name="use"/><temps name="def"/><temps name="in"><temp name="T26"/></temps><temps name="out"><temp name="T26"/></temps></instruction><instruction code="OR T764, T26, 0"><temps name="use"><temp name="T26"/></temps><temps name="def"><temp name="T764"/></temps><temps name="in"><temp name="T26"/></temps><temps name="out"><temp name="T26"/><temp name="T764"/></temps></instruction><instruction code="SETL  T2874, 80"><temps name="use"/><temps name="def"><temp name="T2874"/></temps><temps name="in"><temp name="T26"/><temp name="T764"/></temps><temps name="out"><temp name="T26"/><temp name="T764"/></temps></instruction><instruction code="INCML T2874, 0"><temps name="use"/><temps name="def"><temp name="T2874"/></temps><temps name="in"><temp name="T26"/><temp name="T764"/></temps><temps name="out"><temp name="T26"/><temp name="T764"/></temps></instruction><instruction code="INCMH T2874, 0"><temps name="use"/><temps name="def"><temp name="T2874"/></temps><temps name="in"><temp name="T26"/><temp name="T764"/></temps><temps name="out"><temp name="T26"/><temp name="T764"/></temps></instruction><instruction code="INCH  T2874, 0"><temps name="use"/><temps name="def"><temp name="T2874"/></temps><temps name="in"><temp name="T26"/><temp name="T764"/></temps><temps name="out"><temp name="T2874"/><temp name="T26"/><temp name="T764"/></temps></instruction><instruction code="NEG T2874, 0, T2874"><temps name="use"><temp name="T2874"/></temps><temps name="def"><temp name="T2874"/></temps><temps name="in"><temp name="T2874"/><temp name="T26"/><temp name="T764"/></temps><temps name="out"><temp name="T2874"/><temp name="T26"/><temp name="T764"/></temps></instruction><instruction code="OR T765, T2874, 0"><temps name="use"><temp name="T2874"/></temps><temps name="def"><temp name="T765"/></temps><temps name="in"><temp name="T2874"/><temp name="T26"/><temp name="T764"/></temps><temps name="out"><temp name="T765"/><temp name="T26"/><temp name="T764"/></temps></instruction><instruction code="ADD T2875, T764, T765"><temps name="use"><temp name="T764"/><temp name="T765"/></temps><temps name="def"><temp name="T2875"/></temps><temps name="in"><temp name="T765"/><temp name="T26"/><temp name="T764"/></temps><temps name="out"><temp name="T2875"/><temp name="T26"/></temps></instruction><instruction code="OR T766, T2875, 0"><temps name="use"><temp name="T2875"/></temps><temps name="def"><temp name="T766"/></temps><temps name="in"><temp name="T2875"/><temp name="T26"/></temps><temps name="out"><temp name="T766"/><temp name="T26"/></temps></instruction><instruction code="OR T767, T26, 0"><temps name="use"><temp name="T26"/></temps><temps name="def"><temp name="T767"/></temps><temps name="in"><temp name="T766"/><temp name="T26"/></temps><temps name="out"><temp name="T767"/><temp name="T766"/><temp name="T26"/></temps></instruction><instruction code="OR T768, T767, 0"><temps name="use"><temp name="T767"/></temps><temps name="def"><temp name="T768"/></temps><temps name="in"><temp name="T767"/><temp name="T766"/><temp name="T26"/></temps><temps name="out"><temp name="T768"/><temp name="T766"/><temp name="T26"/></temps></instruction><instruction code="SETL  T2877, 8"><temps name="use"/><temps name="def"><temp name="T2877"/></temps><temps name="in"><temp name="T768"/><temp name="T766"/><temp name="T26"/></temps><temps name="out"><temp name="T768"/><temp name="T766"/><temp name="T26"/></temps></instruction><instruction code="INCML T2877, 0"><temps name="use"/><temps name="def"><temp name="T2877"/></temps><temps name="in"><temp name="T768"/><temp name="T766"/><temp name="T26"/></temps><temps name="out"><temp name="T768"/><temp name="T766"/><temp name="T26"/></temps></instruction><instruction code="INCMH T2877, 0"><temps name="use"/><temps name="def"><temp name="T2877"/></temps><temps name="in"><temp name="T768"/><temp name="T766"/><temp name="T26"/></temps><temps name="out"><temp name="T768"/><temp name="T766"/><temp name="T26"/></temps></instruction><instruction code="INCH  T2877, 0"><temps name="use"/><temps name="def"><temp name="T2877"/></temps><temps name="in"><temp name="T768"/><temp name="T766"/><temp name="T26"/></temps><temps name="out"><temp name="T2877"/><temp name="T768"/><temp name="T766"/><temp name="T26"/></temps></instruction><instruction code="OR T769, T2877, 0"><temps name="use"><temp name="T2877"/></temps><temps name="def"><temp name="T769"/></temps><temps name="in"><temp name="T2877"/><temp name="T768"/><temp name="T766"/><temp name="T26"/></temps><temps name="out"><temp name="T769"/><temp name="T768"/><temp name="T766"/><temp name="T26"/></temps></instruction><instruction code="ADD T2878, T768, T769"><temps name="use"><temp name="T768"/><temp name="T769"/></temps><temps name="def"><temp name="T2878"/></temps><temps name="in"><temp name="T769"/><temp name="T768"/><temp name="T766"/><temp name="T26"/></temps><temps name="out"><temp name="T766"/><temp name="T26"/><temp name="T2878"/></temps></instruction><instruction code="OR T770, T2878, 0"><temps name="use"><temp name="T2878"/></temps><temps name="def"><temp name="T770"/></temps><temps name="in"><temp name="T766"/><temp name="T26"/><temp name="T2878"/></temps><temps name="out"><temp name="T766"/><temp name="T770"/><temp name="T26"/></temps></instruction><instruction code="OR T771, T770, 0"><temps name="use"><temp name="T770"/></temps><temps name="def"><temp name="T771"/></temps><temps name="in"><temp name="T766"/><temp name="T770"/><temp name="T26"/></temps><temps name="out"><temp name="T771"/><temp name="T766"/><temp name="T26"/></temps></instruction><instruction code="OR T772, T26, 0"><temps name="use"><temp name="T26"/></temps><temps name="def"><temp name="T772"/></temps><temps name="in"><temp name="T771"/><temp name="T766"/><temp name="T26"/></temps><temps name="out"><temp name="T771"/><temp name="T766"/><temp name="T26"/><temp name="T772"/></temps></instruction><instruction code="SETL  T2880, 16"><temps name="use"/><temps name="def"><temp name="T2880"/></temps><temps name="in"><temp name="T771"/><temp name="T766"/><temp name="T26"/><temp name="T772"/></temps><temps name="out"><temp name="T771"/><temp name="T766"/><temp name="T26"/><temp name="T772"/></temps></instruction><instruction code="INCML T2880, 0"><temps name="use"/><temps name="def"><temp name="T2880"/></temps><temps name="in"><temp name="T771"/><temp name="T766"/><temp name="T26"/><temp name="T772"/></temps><temps name="out"><temp name="T771"/><temp name="T766"/><temp name="T26"/><temp name="T772"/></temps></instruction><instruction code="INCMH T2880, 0"><temps name="use"/><temps name="def"><temp name="T2880"/></temps><temps name="in"><temp name="T771"/><temp name="T766"/><temp name="T26"/><temp name="T772"/></temps><temps name="out"><temp name="T771"/><temp name="T766"/><temp name="T26"/><temp name="T772"/></temps></instruction><instruction code="INCH  T2880, 0"><temps name="use"/><temps name="def"><temp name="T2880"/></temps><temps name="in"><temp name="T771"/><temp name="T766"/><temp name="T26"/><temp name="T772"/></temps><temps name="out"><temp name="T771"/><temp name="T766"/><temp name="T26"/><temp name="T772"/><temp name="T2880"/></temps></instruction><instruction code="OR T773, T2880, 0"><temps name="use"><temp name="T2880"/></temps><temps name="def"><temp name="T773"/></temps><temps name="in"><temp name="T771"/><temp name="T766"/><temp name="T26"/><temp name="T772"/><temp name="T2880"/></temps><temps name="out"><temp name="T771"/><temp name="T766"/><temp name="T773"/><temp name="T26"/><temp name="T772"/></temps></instruction><instruction code="ADD T2881, T772, T773"><temps name="use"><temp name="T772"/><temp name="T773"/></temps><temps name="def"><temp name="T2881"/></temps><temps name="in"><temp name="T771"/><temp name="T766"/><temp name="T773"/><temp name="T26"/><temp name="T772"/></temps><temps name="out"><temp name="T771"/><temp name="T766"/><temp name="T26"/><temp name="T2881"/></temps></instruction><instruction code="OR T774, T2881, 0"><temps name="use"><temp name="T2881"/></temps><temps name="def"><temp name="T774"/></temps><temps name="in"><temp name="T771"/><temp name="T766"/><temp name="T26"/><temp name="T2881"/></temps><temps name="out"><temp name="T771"/><temp name="T766"/><temp name="T774"/><temp name="T26"/></temps></instruction><instruction code="OR T775, T774, 0"><temps name="use"><temp name="T774"/></temps><temps name="def"><temp name="T775"/></temps><temps name="in"><temp name="T771"/><temp name="T766"/><temp name="T774"/><temp name="T26"/></temps><temps name="out"><temp name="T771"/><temp name="T766"/><temp name="T775"/><temp name="T26"/></temps></instruction><instruction code="SETL  T2883, 3"><temps name="use"/><temps name="def"><temp name="T2883"/></temps><temps name="in"><temp name="T771"/><temp name="T766"/><temp name="T775"/><temp name="T26"/></temps><temps name="out"><temp name="T771"/><temp name="T766"/><temp name="T775"/><temp name="T26"/></temps></instruction><instruction code="INCML T2883, 0"><temps name="use"/><temps name="def"><temp name="T2883"/></temps><temps name="in"><temp name="T771"/><temp name="T766"/><temp name="T775"/><temp name="T26"/></temps><temps name="out"><temp name="T771"/><temp name="T766"/><temp name="T775"/><temp name="T26"/></temps></instruction><instruction code="INCMH T2883, 0"><temps name="use"/><temps name="def"><temp name="T2883"/></temps><temps name="in"><temp name="T771"/><temp name="T766"/><temp name="T775"/><temp name="T26"/></temps><temps name="out"><temp name="T771"/><temp name="T766"/><temp name="T775"/><temp name="T26"/></temps></instruction><instruction code="INCH  T2883, 0"><temps name="use"/><temps name="def"><temp name="T2883"/></temps><temps name="in"><temp name="T771"/><temp name="T766"/><temp name="T775"/><temp name="T26"/></temps><temps name="out"><temp name="T771"/><temp name="T766"/><temp name="T775"/><temp name="T26"/><temp name="T2883"/></temps></instruction><instruction code="OR T776, T2883, 0"><temps name="use"><temp name="T2883"/></temps><temps name="def"><temp name="T776"/></temps><temps name="in"><temp name="T771"/><temp name="T766"/><temp name="T775"/><temp name="T26"/><temp name="T2883"/></temps><temps name="out"><temp name="T776"/><temp name="T771"/><temp name="T766"/><temp name="T775"/><temp name="T26"/></temps></instruction><instruction code="MUL T2884, T775, T776"><temps name="use"><temp name="T775"/><temp name="T776"/></temps><temps name="def"><temp name="T2884"/></temps><temps name="in"><temp name="T776"/><temp name="T771"/><temp name="T766"/><temp name="T775"/><temp name="T26"/></temps><temps name="out"><temp name="T771"/><temp name="T766"/><temp name="T26"/><temp name="T2884"/></temps></instruction><instruction code="OR T777, T2884, 0"><temps name="use"><temp name="T2884"/></temps><temps name="def"><temp name="T777"/></temps><temps name="in"><temp name="T771"/><temp name="T766"/><temp name="T26"/><temp name="T2884"/></temps><temps name="out"><temp name="T771"/><temp name="T766"/><temp name="T26"/><temp name="T777"/></temps></instruction><instruction code="OR T778, T26, 0"><temps name="use"><temp name="T26"/></temps><temps name="def"><temp name="T778"/></temps><temps name="in"><temp name="T771"/><temp name="T766"/><temp name="T26"/><temp name="T777"/></temps><temps name="out"><temp name="T771"/><temp name="T766"/><temp name="T778"/><temp name="T26"/><temp name="T777"/></temps></instruction><instruction code="SETL  T2885, 96"><temps name="use"/><temps name="def"><temp name="T2885"/></temps><temps name="in"><temp name="T771"/><temp name="T766"/><temp name="T778"/><temp name="T26"/><temp name="T777"/></temps><temps name="out"><temp name="T771"/><temp name="T766"/><temp name="T778"/><temp name="T26"/><temp name="T777"/></temps></instruction><instruction code="INCML T2885, 0"><temps name="use"/><temps name="def"><temp name="T2885"/></temps><temps name="in"><temp name="T771"/><temp name="T766"/><temp name="T778"/><temp name="T26"/><temp name="T777"/></temps><temps name="out"><temp name="T771"/><temp name="T766"/><temp name="T778"/><temp name="T26"/><temp name="T777"/></temps></instruction><instruction code="INCMH T2885, 0"><temps name="use"/><temps name="def"><temp name="T2885"/></temps><temps name="in"><temp name="T771"/><temp name="T766"/><temp name="T778"/><temp name="T26"/><temp name="T777"/></temps><temps name="out"><temp name="T771"/><temp name="T766"/><temp name="T778"/><temp name="T26"/><temp name="T777"/></temps></instruction><instruction code="INCH  T2885, 0"><temps name="use"/><temps name="def"><temp name="T2885"/></temps><temps name="in"><temp name="T771"/><temp name="T766"/><temp name="T778"/><temp name="T26"/><temp name="T777"/></temps><temps name="out"><temp name="T771"/><temp name="T2885"/><temp name="T766"/><temp name="T778"/><temp name="T26"/><temp name="T777"/></temps></instruction><instruction code="NEG T2885, 0, T2885"><temps name="use"><temp name="T2885"/></temps><temps name="def"><temp name="T2885"/></temps><temps name="in"><temp name="T771"/><temp name="T2885"/><temp name="T766"/><temp name="T778"/><temp name="T26"/><temp name="T777"/></temps><temps name="out"><temp name="T771"/><temp name="T2885"/><temp name="T766"/><temp name="T778"/><temp name="T26"/><temp name="T777"/></temps></instruction><instruction code="OR T779, T2885, 0"><temps name="use"><temp name="T2885"/></temps><temps name="def"><temp name="T779"/></temps><temps name="in"><temp name="T771"/><temp name="T2885"/><temp name="T766"/><temp name="T778"/><temp name="T26"/><temp name="T777"/></temps><temps name="out"><temp name="T771"/><temp name="T766"/><temp name="T778"/><temp name="T26"/><temp name="T779"/><temp name="T777"/></temps></instruction><instruction code="ADD T2886, T778, T779"><temps name="use"><temp name="T778"/><temp name="T779"/></temps><temps name="def"><temp name="T2886"/></temps><temps name="in"><temp name="T771"/><temp name="T766"/><temp name="T778"/><temp name="T26"/><temp name="T779"/><temp name="T777"/></temps><temps name="out"><temp name="T2886"/><temp name="T771"/><temp name="T766"/><temp name="T26"/><temp name="T777"/></temps></instruction><instruction code="OR T780, T2886, 0"><temps name="use"><temp name="T2886"/></temps><temps name="def"><temp name="T780"/></temps><temps name="in"><temp name="T2886"/><temp name="T771"/><temp name="T766"/><temp name="T26"/><temp name="T777"/></temps><temps name="out"><temp name="T771"/><temp name="T766"/><temp name="T26"/><temp name="T780"/><temp name="T777"/></temps></instruction><instruction code="OR T781, T780, 0"><temps name="use"><temp name="T780"/></temps><temps name="def"><temp name="T781"/></temps><temps name="in"><temp name="T771"/><temp name="T766"/><temp name="T26"/><temp name="T780"/><temp name="T777"/></temps><temps name="out"><temp name="T781"/><temp name="T771"/><temp name="T766"/><temp name="T26"/><temp name="T777"/></temps></instruction><instruction code="ADD T2888, T777, T781"><temps name="use"><temp name="T777"/><temp name="T781"/></temps><temps name="def"><temp name="T2888"/></temps><temps name="in"><temp name="T781"/><temp name="T771"/><temp name="T766"/><temp name="T26"/><temp name="T777"/></temps><temps name="out"><temp name="T771"/><temp name="T766"/><temp name="T2888"/><temp name="T26"/></temps></instruction><instruction code="OR T782, T2888, 0"><temps name="use"><temp name="T2888"/></temps><temps name="def"><temp name="T782"/></temps><temps name="in"><temp name="T771"/><temp name="T766"/><temp name="T2888"/><temp name="T26"/></temps><temps name="out"><temp name="T771"/><temp name="T766"/><temp name="T782"/><temp name="T26"/></temps></instruction><instruction code="SETL  T2889, 72"><temps name="use"/><temps name="def"><temp name="T2889"/></temps><temps name="in"><temp name="T771"/><temp name="T766"/><temp name="T782"/><temp name="T26"/></temps><temps name="out"><temp name="T771"/><temp name="T766"/><temp name="T782"/><temp name="T26"/></temps></instruction><instruction code="INCML T2889, 0"><temps name="use"/><temps name="def"><temp name="T2889"/></temps><temps name="in"><temp name="T771"/><temp name="T766"/><temp name="T782"/><temp name="T26"/></temps><temps name="out"><temp name="T771"/><temp name="T766"/><temp name="T782"/><temp name="T26"/></temps></instruction><instruction code="INCMH T2889, 0"><temps name="use"/><temps name="def"><temp name="T2889"/></temps><temps name="in"><temp name="T771"/><temp name="T766"/><temp name="T782"/><temp name="T26"/></temps><temps name="out"><temp name="T771"/><temp name="T766"/><temp name="T782"/><temp name="T26"/></temps></instruction><instruction code="INCH  T2889, 0"><temps name="use"/><temps name="def"><temp name="T2889"/></temps><temps name="in"><temp name="T771"/><temp name="T766"/><temp name="T782"/><temp name="T26"/></temps><temps name="out"><temp name="T771"/><temp name="T2889"/><temp name="T766"/><temp name="T782"/><temp name="T26"/></temps></instruction><instruction code="OR T783, T2889, 0"><temps name="use"><temp name="T2889"/></temps><temps name="def"><temp name="T783"/></temps><temps name="in"><temp name="T771"/><temp name="T2889"/><temp name="T766"/><temp name="T782"/><temp name="T26"/></temps><temps name="out"><temp name="T771"/><temp name="T766"/><temp name="T782"/><temp name="T26"/><temp name="T783"/></temps></instruction><instruction code="MUL T2890, T782, T783"><temps name="use"><temp name="T782"/><temp name="T783"/></temps><temps name="def"><temp name="T2890"/></temps><temps name="in"><temp name="T771"/><temp name="T766"/><temp name="T782"/><temp name="T26"/><temp name="T783"/></temps><temps name="out"><temp name="T771"/><temp name="T766"/><temp name="T26"/><temp name="T2890"/></temps></instruction><instruction code="OR T784, T2890, 0"><temps name="use"><temp name="T2890"/></temps><temps name="def"><temp name="T784"/></temps><temps name="in"><temp name="T771"/><temp name="T766"/><temp name="T26"/><temp name="T2890"/></temps><temps name="out"><temp name="T771"/><temp name="T766"/><temp name="T26"/><temp name="T784"/></temps></instruction><instruction code="ADD T2891, T771, T784"><temps name="use"><temp name="T771"/><temp name="T784"/></temps><temps name="def"><temp name="T2891"/></temps><temps name="in"><temp name="T771"/><temp name="T766"/><temp name="T26"/><temp name="T784"/></temps><temps name="out"><temp name="T766"/><temp name="T2891"/><temp name="T26"/></temps></instruction><instruction code="OR T785, T2891, 0"><temps name="use"><temp name="T2891"/></temps><temps name="def"><temp name="T785"/></temps><temps name="in"><temp name="T766"/><temp name="T2891"/><temp name="T26"/></temps><temps name="out"><temp name="T785"/><temp name="T766"/><temp name="T26"/></temps></instruction><instruction code="OR T786, T26, 0"><temps name="use"><temp name="T26"/></temps><temps name="def"><temp name="T786"/></temps><temps name="in"><temp name="T785"/><temp name="T766"/><temp name="T26"/></temps><temps name="out"><temp name="T785"/><temp name="T786"/><temp name="T766"/><temp name="T26"/></temps></instruction><instruction code="SETL  T2892, 8"><temps name="use"/><temps name="def"><temp name="T2892"/></temps><temps name="in"><temp name="T785"/><temp name="T786"/><temp name="T766"/><temp name="T26"/></temps><temps name="out"><temp name="T785"/><temp name="T786"/><temp name="T766"/><temp name="T26"/></temps></instruction><instruction code="INCML T2892, 0"><temps name="use"/><temps name="def"><temp name="T2892"/></temps><temps name="in"><temp name="T785"/><temp name="T786"/><temp name="T766"/><temp name="T26"/></temps><temps name="out"><temp name="T785"/><temp name="T786"/><temp name="T766"/><temp name="T26"/></temps></instruction><instruction code="INCMH T2892, 0"><temps name="use"/><temps name="def"><temp name="T2892"/></temps><temps name="in"><temp name="T785"/><temp name="T786"/><temp name="T766"/><temp name="T26"/></temps><temps name="out"><temp name="T785"/><temp name="T786"/><temp name="T766"/><temp name="T26"/></temps></instruction><instruction code="INCH  T2892, 0"><temps name="use"/><temps name="def"><temp name="T2892"/></temps><temps name="in"><temp name="T785"/><temp name="T786"/><temp name="T766"/><temp name="T26"/></temps><temps name="out"><temp name="T2892"/><temp name="T785"/><temp name="T786"/><temp name="T766"/><temp name="T26"/></temps></instruction><instruction code="OR T787, T2892, 0"><temps name="use"><temp name="T2892"/></temps><temps name="def"><temp name="T787"/></temps><temps name="in"><temp name="T2892"/><temp name="T785"/><temp name="T786"/><temp name="T766"/><temp name="T26"/></temps><temps name="out"><temp name="T785"/><temp name="T786"/><temp name="T766"/><temp name="T787"/><temp name="T26"/></temps></instruction><instruction code="ADD T2893, T786, T787"><temps name="use"><temp name="T786"/><temp name="T787"/></temps><temps name="def"><temp name="T2893"/></temps><temps name="in"><temp name="T785"/><temp name="T786"/><temp name="T766"/><temp name="T787"/><temp name="T26"/></temps><temps name="out"><temp name="T785"/><temp name="T766"/><temp name="T2893"/><temp name="T26"/></temps></instruction><instruction code="OR T788, T2893, 0"><temps name="use"><temp name="T2893"/></temps><temps name="def"><temp name="T788"/></temps><temps name="in"><temp name="T785"/><temp name="T766"/><temp name="T2893"/><temp name="T26"/></temps><temps name="out"><temp name="T785"/><temp name="T766"/><temp name="T788"/><temp name="T26"/></temps></instruction><instruction code="OR T789, T788, 0"><temps name="use"><temp name="T788"/></temps><temps name="def"><temp name="T789"/></temps><temps name="in"><temp name="T785"/><temp name="T766"/><temp name="T788"/><temp name="T26"/></temps><temps name="out"><temp name="T789"/><temp name="T785"/><temp name="T766"/><temp name="T26"/></temps></instruction><instruction code="SETL  T2895, 3"><temps name="use"/><temps name="def"><temp name="T2895"/></temps><temps name="in"><temp name="T789"/><temp name="T785"/><temp name="T766"/><temp name="T26"/></temps><temps name="out"><temp name="T789"/><temp name="T785"/><temp name="T766"/><temp name="T26"/></temps></instruction><instruction code="INCML T2895, 0"><temps name="use"/><temps name="def"><temp name="T2895"/></temps><temps name="in"><temp name="T789"/><temp name="T785"/><temp name="T766"/><temp name="T26"/></temps><temps name="out"><temp name="T789"/><temp name="T785"/><temp name="T766"/><temp name="T26"/></temps></instruction><instruction code="INCMH T2895, 0"><temps name="use"/><temps name="def"><temp name="T2895"/></temps><temps name="in"><temp name="T789"/><temp name="T785"/><temp name="T766"/><temp name="T26"/></temps><temps name="out"><temp name="T789"/><temp name="T785"/><temp name="T766"/><temp name="T26"/></temps></instruction><instruction code="INCH  T2895, 0"><temps name="use"/><temps name="def"><temp name="T2895"/></temps><temps name="in"><temp name="T789"/><temp name="T785"/><temp name="T766"/><temp name="T26"/></temps><temps name="out"><temp name="T789"/><temp name="T2895"/><temp name="T785"/><temp name="T766"/><temp name="T26"/></temps></instruction><instruction code="OR T790, T2895, 0"><temps name="use"><temp name="T2895"/></temps><temps name="def"><temp name="T790"/></temps><temps name="in"><temp name="T789"/><temp name="T2895"/><temp name="T785"/><temp name="T766"/><temp name="T26"/></temps><temps name="out"><temp name="T789"/><temp name="T785"/><temp name="T766"/><temp name="T26"/><temp name="T790"/></temps></instruction><instruction code="MUL T2896, T789, T790"><temps name="use"><temp name="T789"/><temp name="T790"/></temps><temps name="def"><temp name="T2896"/></temps><temps name="in"><temp name="T789"/><temp name="T785"/><temp name="T766"/><temp name="T26"/><temp name="T790"/></temps><temps name="out"><temp name="T785"/><temp name="T2896"/><temp name="T766"/><temp name="T26"/></temps></instruction><instruction code="OR T791, T2896, 0"><temps name="use"><temp name="T2896"/></temps><temps name="def"><temp name="T791"/></temps><temps name="in"><temp name="T785"/><temp name="T2896"/><temp name="T766"/><temp name="T26"/></temps><temps name="out"><temp name="T785"/><temp name="T766"/><temp name="T26"/><temp name="T791"/></temps></instruction><instruction code="OR T792, T26, 0"><temps name="use"><temp name="T26"/></temps><temps name="def"><temp name="T792"/></temps><temps name="in"><temp name="T785"/><temp name="T766"/><temp name="T26"/><temp name="T791"/></temps><temps name="out"><temp name="T785"/><temp name="T766"/><temp name="T792"/><temp name="T26"/><temp name="T791"/></temps></instruction><instruction code="SETL  T2897, 88"><temps name="use"/><temps name="def"><temp name="T2897"/></temps><temps name="in"><temp name="T785"/><temp name="T766"/><temp name="T792"/><temp name="T26"/><temp name="T791"/></temps><temps name="out"><temp name="T785"/><temp name="T766"/><temp name="T792"/><temp name="T26"/><temp name="T791"/></temps></instruction><instruction code="INCML T2897, 0"><temps name="use"/><temps name="def"><temp name="T2897"/></temps><temps name="in"><temp name="T785"/><temp name="T766"/><temp name="T792"/><temp name="T26"/><temp name="T791"/></temps><temps name="out"><temp name="T785"/><temp name="T766"/><temp name="T792"/><temp name="T26"/><temp name="T791"/></temps></instruction><instruction code="INCMH T2897, 0"><temps name="use"/><temps name="def"><temp name="T2897"/></temps><temps name="in"><temp name="T785"/><temp name="T766"/><temp name="T792"/><temp name="T26"/><temp name="T791"/></temps><temps name="out"><temp name="T785"/><temp name="T766"/><temp name="T792"/><temp name="T26"/><temp name="T791"/></temps></instruction><instruction code="INCH  T2897, 0"><temps name="use"/><temps name="def"><temp name="T2897"/></temps><temps name="in"><temp name="T785"/><temp name="T766"/><temp name="T792"/><temp name="T26"/><temp name="T791"/></temps><temps name="out"><temp name="T785"/><temp name="T766"/><temp name="T792"/><temp name="T26"/><temp name="T2897"/><temp name="T791"/></temps></instruction><instruction code="NEG T2897, 0, T2897"><temps name="use"><temp name="T2897"/></temps><temps name="def"><temp name="T2897"/></temps><temps name="in"><temp name="T785"/><temp name="T766"/><temp name="T792"/><temp name="T26"/><temp name="T2897"/><temp name="T791"/></temps><temps name="out"><temp name="T785"/><temp name="T766"/><temp name="T792"/><temp name="T26"/><temp name="T2897"/><temp name="T791"/></temps></instruction><instruction code="OR T793, T2897, 0"><temps name="use"><temp name="T2897"/></temps><temps name="def"><temp name="T793"/></temps><temps name="in"><temp name="T785"/><temp name="T766"/><temp name="T792"/><temp name="T26"/><temp name="T2897"/><temp name="T791"/></temps><temps name="out"><temp name="T785"/><temp name="T766"/><temp name="T792"/><temp name="T26"/><temp name="T791"/><temp name="T793"/></temps></instruction><instruction code="ADD T2898, T792, T793"><temps name="use"><temp name="T792"/><temp name="T793"/></temps><temps name="def"><temp name="T2898"/></temps><temps name="in"><temp name="T785"/><temp name="T766"/><temp name="T792"/><temp name="T26"/><temp name="T791"/><temp name="T793"/></temps><temps name="out"><temp name="T785"/><temp name="T766"/><temp name="T2898"/><temp name="T26"/><temp name="T791"/></temps></instruction><instruction code="OR T794, T2898, 0"><temps name="use"><temp name="T2898"/></temps><temps name="def"><temp name="T794"/></temps><temps name="in"><temp name="T785"/><temp name="T766"/><temp name="T2898"/><temp name="T26"/><temp name="T791"/></temps><temps name="out"><temp name="T785"/><temp name="T766"/><temp name="T794"/><temp name="T26"/><temp name="T791"/></temps></instruction><instruction code="OR T795, T794, 0"><temps name="use"><temp name="T794"/></temps><temps name="def"><temp name="T795"/></temps><temps name="in"><temp name="T785"/><temp name="T766"/><temp name="T794"/><temp name="T26"/><temp name="T791"/></temps><temps name="out"><temp name="T785"/><temp name="T766"/><temp name="T795"/><temp name="T26"/><temp name="T791"/></temps></instruction><instruction code="ADD T2900, T791, T795"><temps name="use"><temp name="T791"/><temp name="T795"/></temps><temps name="def"><temp name="T2900"/></temps><temps name="in"><temp name="T785"/><temp name="T766"/><temp name="T795"/><temp name="T26"/><temp name="T791"/></temps><temps name="out"><temp name="T785"/><temp name="T2900"/><temp name="T766"/><temp name="T26"/></temps></instruction><instruction code="OR T796, T2900, 0"><temps name="use"><temp name="T2900"/></temps><temps name="def"><temp name="T796"/></temps><temps name="in"><temp name="T785"/><temp name="T2900"/><temp name="T766"/><temp name="T26"/></temps><temps name="out"><temp name="T785"/><temp name="T796"/><temp name="T766"/><temp name="T26"/></temps></instruction><instruction code="SETL  T2901, 8"><temps name="use"/><temps name="def"><temp name="T2901"/></temps><temps name="in"><temp name="T785"/><temp name="T796"/><temp name="T766"/><temp name="T26"/></temps><temps name="out"><temp name="T785"/><temp name="T796"/><temp name="T766"/><temp name="T26"/></temps></instruction><instruction code="INCML T2901, 0"><temps name="use"/><temps name="def"><temp name="T2901"/></temps><temps name="in"><temp name="T785"/><temp name="T796"/><temp name="T766"/><temp name="T26"/></temps><temps name="out"><temp name="T785"/><temp name="T796"/><temp name="T766"/><temp name="T26"/></temps></instruction><instruction code="INCMH T2901, 0"><temps name="use"/><temps name="def"><temp name="T2901"/></temps><temps name="in"><temp name="T785"/><temp name="T796"/><temp name="T766"/><temp name="T26"/></temps><temps name="out"><temp name="T785"/><temp name="T796"/><temp name="T766"/><temp name="T26"/></temps></instruction><instruction code="INCH  T2901, 0"><temps name="use"/><temps name="def"><temp name="T2901"/></temps><temps name="in"><temp name="T785"/><temp name="T796"/><temp name="T766"/><temp name="T26"/></temps><temps name="out"><temp name="T785"/><temp name="T2901"/><temp name="T796"/><temp name="T766"/><temp name="T26"/></temps></instruction><instruction code="OR T797, T2901, 0"><temps name="use"><temp name="T2901"/></temps><temps name="def"><temp name="T797"/></temps><temps name="in"><temp name="T785"/><temp name="T2901"/><temp name="T796"/><temp name="T766"/><temp name="T26"/></temps><temps name="out"><temp name="T785"/><temp name="T796"/><temp name="T797"/><temp name="T766"/><temp name="T26"/></temps></instruction><instruction code="MUL T2902, T796, T797"><temps name="use"><temp name="T796"/><temp name="T797"/></temps><temps name="def"><temp name="T2902"/></temps><temps name="in"><temp name="T785"/><temp name="T796"/><temp name="T797"/><temp name="T766"/><temp name="T26"/></temps><temps name="out"><temp name="T785"/><temp name="T766"/><temp name="T2902"/><temp name="T26"/></temps></instruction><instruction code="OR T798, T2902, 0"><temps name="use"><temp name="T2902"/></temps><temps name="def"><temp name="T798"/></temps><temps name="in"><temp name="T785"/><temp name="T766"/><temp name="T2902"/><temp name="T26"/></temps><temps name="out"><temp name="T785"/><temp name="T766"/><temp name="T26"/><temp name="T798"/></temps></instruction><instruction code="ADD T2903, T785, T798"><temps name="use"><temp name="T785"/><temp name="T798"/></temps><temps name="def"><temp name="T2903"/></temps><temps name="in"><temp name="T785"/><temp name="T766"/><temp name="T26"/><temp name="T798"/></temps><temps name="out"><temp name="T766"/><temp name="T2903"/><temp name="T26"/></temps></instruction><instruction code="OR T799, T2903, 0"><temps name="use"><temp name="T2903"/></temps><temps name="def"><temp name="T799"/></temps><temps name="in"><temp name="T766"/><temp name="T2903"/><temp name="T26"/></temps><temps name="out"><temp name="T799"/><temp name="T766"/><temp name="T26"/></temps></instruction><instruction code="OR T800, T799, 0"><temps name="use"><temp name="T799"/></temps><temps name="def"><temp name="T800"/></temps><temps name="in"><temp name="T799"/><temp name="T766"/><temp name="T26"/></temps><temps name="out"><temp name="T800"/><temp name="T766"/><temp name="T26"/></temps></instruction><instruction code="SETL  T2905, 8"><temps name="use"/><temps name="def"><temp name="T2905"/></temps><temps name="in"><temp name="T800"/><temp name="T766"/><temp name="T26"/></temps><temps name="out"><temp name="T800"/><temp name="T766"/><temp name="T26"/></temps></instruction><instruction code="INCML T2905, 0"><temps name="use"/><temps name="def"><temp name="T2905"/></temps><temps name="in"><temp name="T800"/><temp name="T766"/><temp name="T26"/></temps><temps name="out"><temp name="T800"/><temp name="T766"/><temp name="T26"/></temps></instruction><instruction code="INCMH T2905, 0"><temps name="use"/><temps name="def"><temp name="T2905"/></temps><temps name="in"><temp name="T800"/><temp name="T766"/><temp name="T26"/></temps><temps name="out"><temp name="T800"/><temp name="T766"/><temp name="T26"/></temps></instruction><instruction code="INCH  T2905, 0"><temps name="use"/><temps name="def"><temp name="T2905"/></temps><temps name="in"><temp name="T800"/><temp name="T766"/><temp name="T26"/></temps><temps name="out"><temp name="T800"/><temp name="T2905"/><temp name="T766"/><temp name="T26"/></temps></instruction><instruction code="OR T801, T2905, 0"><temps name="use"><temp name="T2905"/></temps><temps name="def"><temp name="T801"/></temps><temps name="in"><temp name="T800"/><temp name="T2905"/><temp name="T766"/><temp name="T26"/></temps><temps name="out"><temp name="T800"/><temp name="T766"/><temp name="T26"/><temp name="T801"/></temps></instruction><instruction code="MUL T2906, T800, T801"><temps name="use"><temp name="T800"/><temp name="T801"/></temps><temps name="def"><temp name="T2906"/></temps><temps name="in"><temp name="T800"/><temp name="T766"/><temp name="T26"/><temp name="T801"/></temps><temps name="out"><temp name="T766"/><temp name="T26"/><temp name="T2906"/></temps></instruction><instruction code="OR T802, T2906, 0"><temps name="use"><temp name="T2906"/></temps><temps name="def"><temp name="T802"/></temps><temps name="in"><temp name="T766"/><temp name="T26"/><temp name="T2906"/></temps><temps name="out"><temp name="T802"/><temp name="T766"/><temp name="T26"/></temps></instruction><instruction code="ADD T2907, T766, T802"><temps name="use"><temp name="T766"/><temp name="T802"/></temps><temps name="def"><temp name="T2907"/></temps><temps name="in"><temp name="T802"/><temp name="T766"/><temp name="T26"/></temps><temps name="out"><temp name="T26"/><temp name="T2907"/></temps></instruction><instruction code="OR T803, T2907, 0"><temps name="use"><temp name="T2907"/></temps><temps name="def"><temp name="T803"/></temps><temps name="in"><temp name="T26"/><temp name="T2907"/></temps><temps name="out"><temp name="T26"/><temp name="T803"/></temps></instruction><instruction code="OR T804, T803, 0"><temps name="use"><temp name="T803"/></temps><temps name="def"><temp name="T804"/></temps><temps name="in"><temp name="T26"/><temp name="T803"/></temps><temps name="out"><temp name="T804"/><temp name="T26"/></temps></instruction><instruction code="BNZ T804, L76"><temps name="use"><temp name="T804"/></temps><temps name="def"/><temps name="in"><temp name="T804"/><temp name="T26"/></temps><temps name="out"><temp name="T26"/></temps></instruction><instruction code="L148"><temps name="use"/><temps name="def"/><temps name="in"><temp name="T26"/></temps><temps name="out"><temp name="T26"/></temps></instruction><instruction code="LDA T2909, L77"><temps name="use"/><temps name="def"><temp name="T2909"/></temps><temps name="in"><temp name="T26"/></temps><temps name="out"><temp name="T2909"/><temp name="T26"/></temps></instruction><instruction code="GO T2909, T2909, 0"><temps name="use"><temp name="T2909"/></temps><temps name="def"><temp name="T2909"/></temps><temps name="in"><temp name="T2909"/><temp name="T26"/></temps><temps name="out"><temp name="T26"/></temps></instruction><instruction code="L76"><temps name="use"/><temps name="def"/><temps name="in"><temp name="T26"/></temps><temps name="out"><temp name="T26"/></temps></instruction><instruction code="SETL  T2910, 0"><temps name="use"/><temps name="def"><temp name="T2910"/></temps><temps name="in"><temp name="T26"/></temps><temps name="out"><temp name="T26"/></temps></instruction><instruction code="INCML T2910, 0"><temps name="use"/><temps name="def"><temp name="T2910"/></temps><temps name="in"><temp name="T26"/></temps><temps name="out"><temp name="T26"/></temps></instruction><instruction code="INCMH T2910, 0"><temps name="use"/><temps name="def"><temp name="T2910"/></temps><temps name="in"><temp name="T26"/></temps><temps name="out"><temp name="T26"/></temps></instruction><instruction code="INCH  T2910, 0"><temps name="use"/><temps name="def"><temp name="T2910"/></temps><temps name="in"><temp name="T26"/></temps><temps name="out"><temp name="T2910"/><temp name="T26"/></temps></instruction><instruction code="OR T805, T2910, 0"><temps name="use"><temp name="T2910"/></temps><temps name="def"><temp name="T805"/></temps><temps name="in"><temp name="T2910"/><temp name="T26"/></temps><temps name="out"><temp name="T805"/><temp name="T26"/></temps></instruction><instruction code="SETL  T2911, 112"><temps name="use"/><temps name="def"><temp name="T2911"/></temps><temps name="in"><temp name="T805"/><temp name="T26"/></temps><temps name="out"><temp name="T805"/><temp name="T26"/></temps></instruction><instruction code="INCML T2911, 0"><temps name="use"/><temps name="def"><temp name="T2911"/></temps><temps name="in"><temp name="T805"/><temp name="T26"/></temps><temps name="out"><temp name="T805"/><temp name="T26"/></temps></instruction><instruction code="INCMH T2911, 0"><temps name="use"/><temps name="def"><temp name="T2911"/></temps><temps name="in"><temp name="T805"/><temp name="T26"/></temps><temps name="out"><temp name="T805"/><temp name="T26"/></temps></instruction><instruction code="INCH  T2911, 0"><temps name="use"/><temps name="def"><temp name="T2911"/></temps><temps name="in"><temp name="T805"/><temp name="T26"/></temps><temps name="out"><temp name="T2911"/><temp name="T805"/><temp name="T26"/></temps></instruction><instruction code="NEG T2911, 0, T2911"><temps name="use"><temp name="T2911"/></temps><temps name="def"><temp name="T2911"/></temps><temps name="in"><temp name="T2911"/><temp name="T805"/><temp name="T26"/></temps><temps name="out"><temp name="T2911"/><temp name="T805"/><temp name="T26"/></temps></instruction><instruction code="ADD T2912, T26, T2911"><temps name="use"><temp name="T26"/><temp name="T2911"/></temps><temps name="def"><temp name="T2912"/></temps><temps name="in"><temp name="T2911"/><temp name="T805"/><temp name="T26"/></temps><temps name="out"><temp name="T2912"/><temp name="T805"/><temp name="T26"/></temps></instruction><instruction code="STO T2912, T805, 0"><temps name="use"><temp name="T2912"/><temp name="T805"/></temps><temps name="def"/><temps name="in"><temp name="T2912"/><temp name="T805"/><temp name="T26"/></temps><temps name="out"><temp name="T26"/></temps></instruction><instruction code="LDA T2914, L78"><temps name="use"/><temps name="def"><temp name="T2914"/></temps><temps name="in"><temp name="T26"/></temps><temps name="out"><temp name="T2914"/><temp name="T26"/></temps></instruction><instruction code="GO T2914, T2914, 0"><temps name="use"><temp name="T2914"/></temps><temps name="def"><temp name="T2914"/></temps><temps name="in"><temp name="T2914"/><temp name="T26"/></temps><temps name="out"><temp name="T26"/></temps></instruction><instruction code="L77"><temps name="use"/><temps name="def"/><temps name="in"><temp name="T26"/></temps><temps name="out"><temp name="T26"/></temps></instruction><instruction code="SETL  T2915, 1"><temps name="use"/><temps name="def"><temp name="T2915"/></temps><temps name="in"><temp name="T26"/></temps><temps name="out"><temp name="T26"/></temps></instruction><instruction code="INCML T2915, 0"><temps name="use"/><temps name="def"><temp name="T2915"/></temps><temps name="in"><temp name="T26"/></temps><temps name="out"><temp name="T26"/></temps></instruction><instruction code="INCMH T2915, 0"><temps name="use"/><temps name="def"><temp name="T2915"/></temps><temps name="in"><temp name="T26"/></temps><temps name="out"><temp name="T26"/></temps></instruction><instruction code="INCH  T2915, 0"><temps name="use"/><temps name="def"><temp name="T2915"/></temps><temps name="in"><temp name="T26"/></temps><temps name="out"><temp name="T2915"/><temp name="T26"/></temps></instruction><instruction code="OR T806, T2915, 0"><temps name="use"><temp name="T2915"/></temps><temps name="def"><temp name="T806"/></temps><temps name="in"><temp name="T2915"/><temp name="T26"/></temps><temps name="out"><temp name="T806"/><temp name="T26"/></temps></instruction><instruction code="SETL  T2916, 80"><temps name="use"/><temps name="def"><temp name="T2916"/></temps><temps name="in"><temp name="T806"/><temp name="T26"/></temps><temps name="out"><temp name="T806"/><temp name="T26"/></temps></instruction><instruction code="INCML T2916, 0"><temps name="use"/><temps name="def"><temp name="T2916"/></temps><temps name="in"><temp name="T806"/><temp name="T26"/></temps><temps name="out"><temp name="T806"/><temp name="T26"/></temps></instruction><instruction code="INCMH T2916, 0"><temps name="use"/><temps name="def"><temp name="T2916"/></temps><temps name="in"><temp name="T806"/><temp name="T26"/></temps><temps name="out"><temp name="T806"/><temp name="T26"/></temps></instruction><instruction code="INCH  T2916, 0"><temps name="use"/><temps name="def"><temp name="T2916"/></temps><temps name="in"><temp name="T806"/><temp name="T26"/></temps><temps name="out"><temp name="T2916"/><temp name="T806"/><temp name="T26"/></temps></instruction><instruction code="NEG T2916, 0, T2916"><temps name="use"><temp name="T2916"/></temps><temps name="def"><temp name="T2916"/></temps><temps name="in"><temp name="T2916"/><temp name="T806"/><temp name="T26"/></temps><temps name="out"><temp name="T2916"/><temp name="T806"/><temp name="T26"/></temps></instruction><instruction code="ADD T2917, T26, T2916"><temps name="use"><temp name="T26"/><temp name="T2916"/></temps><temps name="def"><temp name="T2917"/></temps><temps name="in"><temp name="T2916"/><temp name="T806"/><temp name="T26"/></temps><temps name="out"><temp name="T806"/><temp name="T2917"/><temp name="T26"/></temps></instruction><instruction code="SETL  T2919, 8"><temps name="use"/><temps name="def"><temp name="T2919"/></temps><temps name="in"><temp name="T806"/><temp name="T2917"/><temp name="T26"/></temps><temps name="out"><temp name="T806"/><temp name="T2917"/><temp name="T26"/></temps></instruction><instruction code="INCML T2919, 0"><temps name="use"/><temps name="def"><temp name="T2919"/></temps><temps name="in"><temp name="T806"/><temp name="T2917"/><temp name="T26"/></temps><temps name="out"><temp name="T806"/><temp name="T2917"/><temp name="T26"/></temps></instruction><instruction code="INCMH T2919, 0"><temps name="use"/><temps name="def"><temp name="T2919"/></temps><temps name="in"><temp name="T806"/><temp name="T2917"/><temp name="T26"/></temps><temps name="out"><temp name="T806"/><temp name="T2917"/><temp name="T26"/></temps></instruction><instruction code="INCH  T2919, 0"><temps name="use"/><temps name="def"><temp name="T2919"/></temps><temps name="in"><temp name="T806"/><temp name="T2917"/><temp name="T26"/></temps><temps name="out"><temp name="T2919"/><temp name="T806"/><temp name="T2917"/><temp name="T26"/></temps></instruction><instruction code="ADD T2920, T26, T2919"><temps name="use"><temp name="T26"/><temp name="T2919"/></temps><temps name="def"><temp name="T2920"/></temps><temps name="in"><temp name="T2919"/><temp name="T806"/><temp name="T2917"/><temp name="T26"/></temps><temps name="out"><temp name="T2920"/><temp name="T806"/><temp name="T2917"/><temp name="T26"/></temps></instruction><instruction code="SETL  T2922, 16"><temps name="use"/><temps name="def"><temp name="T2922"/></temps><temps name="in"><temp name="T2920"/><temp name="T806"/><temp name="T2917"/><temp name="T26"/></temps><temps name="out"><temp name="T2920"/><temp name="T806"/><temp name="T2917"/><temp name="T26"/></temps></instruction><instruction code="INCML T2922, 0"><temps name="use"/><temps name="def"><temp name="T2922"/></temps><temps name="in"><temp name="T2920"/><temp name="T806"/><temp name="T2917"/><temp name="T26"/></temps><temps name="out"><temp name="T2920"/><temp name="T806"/><temp name="T2917"/><temp name="T26"/></temps></instruction><instruction code="INCMH T2922, 0"><temps name="use"/><temps name="def"><temp name="T2922"/></temps><temps name="in"><temp name="T2920"/><temp name="T806"/><temp name="T2917"/><temp name="T26"/></temps><temps name="out"><temp name="T2920"/><temp name="T806"/><temp name="T2917"/><temp name="T26"/></temps></instruction><instruction code="INCH  T2922, 0"><temps name="use"/><temps name="def"><temp name="T2922"/></temps><temps name="in"><temp name="T2920"/><temp name="T806"/><temp name="T2917"/><temp name="T26"/></temps><temps name="out"><temp name="T2922"/><temp name="T2920"/><temp name="T806"/><temp name="T2917"/><temp name="T26"/></temps></instruction><instruction code="ADD T2923, T26, T2922"><temps name="use"><temp name="T26"/><temp name="T2922"/></temps><temps name="def"><temp name="T2923"/></temps><temps name="in"><temp name="T2922"/><temp name="T2920"/><temp name="T806"/><temp name="T2917"/><temp name="T26"/></temps><temps name="out"><temp name="T2920"/><temp name="T806"/><temp name="T2917"/><temp name="T2923"/><temp name="T26"/></temps></instruction><instruction code="SETL  T2925, 3"><temps name="use"/><temps name="def"><temp name="T2925"/></temps><temps name="in"><temp name="T2920"/><temp name="T806"/><temp name="T2917"/><temp name="T2923"/><temp name="T26"/></temps><temps name="out"><temp name="T2920"/><temp name="T806"/><temp name="T2917"/><temp name="T2923"/><temp name="T26"/></temps></instruction><instruction code="INCML T2925, 0"><temps name="use"/><temps name="def"><temp name="T2925"/></temps><temps name="in"><temp name="T2920"/><temp name="T806"/><temp name="T2917"/><temp name="T2923"/><temp name="T26"/></temps><temps name="out"><temp name="T2920"/><temp name="T806"/><temp name="T2917"/><temp name="T2923"/><temp name="T26"/></temps></instruction><instruction code="INCMH T2925, 0"><temps name="use"/><temps name="def"><temp name="T2925"/></temps><temps name="in"><temp name="T2920"/><temp name="T806"/><temp name="T2917"/><temp name="T2923"/><temp name="T26"/></temps><temps name="out"><temp name="T2920"/><temp name="T806"/><temp name="T2917"/><temp name="T2923"/><temp name="T26"/></temps></instruction><instruction code="INCH  T2925, 0"><temps name="use"/><temps name="def"><temp name="T2925"/></temps><temps name="in"><temp name="T2920"/><temp name="T806"/><temp name="T2917"/><temp name="T2923"/><temp name="T26"/></temps><temps name="out"><temp name="T2920"/><temp name="T806"/><temp name="T2917"/><temp name="T2923"/><temp name="T26"/><temp name="T2925"/></temps></instruction><instruction code="MUL T2926, T2923, T2925"><temps name="use"><temp name="T2923"/><temp name="T2925"/></temps><temps name="def"><temp name="T2926"/></temps><temps name="in"><temp name="T2920"/><temp name="T806"/><temp name="T2917"/><temp name="T2923"/><temp name="T26"/><temp name="T2925"/></temps><temps name="out"><temp name="T2926"/><temp name="T2920"/><temp name="T806"/><temp name="T2917"/><temp name="T26"/></temps></instruction><instruction code="SETL  T2927, 96"><temps name="use"/><temps name="def"><temp name="T2927"/></temps><temps name="in"><temp name="T2926"/><temp name="T2920"/><temp name="T806"/><temp name="T2917"/><temp name="T26"/></temps><temps name="out"><temp name="T2926"/><temp name="T2920"/><temp name="T806"/><temp name="T2917"/><temp name="T26"/></temps></instruction><instruction code="INCML T2927, 0"><temps name="use"/><temps name="def"><temp name="T2927"/></temps><temps name="in"><temp name="T2926"/><temp name="T2920"/><temp name="T806"/><temp name="T2917"/><temp name="T26"/></temps><temps name="out"><temp name="T2926"/><temp name="T2920"/><temp name="T806"/><temp name="T2917"/><temp name="T26"/></temps></instruction><instruction code="INCMH T2927, 0"><temps name="use"/><temps name="def"><temp name="T2927"/></temps><temps name="in"><temp name="T2926"/><temp name="T2920"/><temp name="T806"/><temp name="T2917"/><temp name="T26"/></temps><temps name="out"><temp name="T2926"/><temp name="T2920"/><temp name="T806"/><temp name="T2917"/><temp name="T26"/></temps></instruction><instruction code="INCH  T2927, 0"><temps name="use"/><temps name="def"><temp name="T2927"/></temps><temps name="in"><temp name="T2926"/><temp name="T2920"/><temp name="T806"/><temp name="T2917"/><temp name="T26"/></temps><temps name="out"><temp name="T2926"/><temp name="T2920"/><temp name="T806"/><temp name="T2927"/><temp name="T2917"/><temp name="T26"/></temps></instruction><instruction code="NEG T2927, 0, T2927"><temps name="use"><temp name="T2927"/></temps><temps name="def"><temp name="T2927"/></temps><temps name="in"><temp name="T2926"/><temp name="T2920"/><temp name="T806"/><temp name="T2927"/><temp name="T2917"/><temp name="T26"/></temps><temps name="out"><temp name="T2926"/><temp name="T2920"/><temp name="T806"/><temp name="T2927"/><temp name="T2917"/><temp name="T26"/></temps></instruction><instruction code="ADD T2928, T26, T2927"><temps name="use"><temp name="T26"/><temp name="T2927"/></temps><temps name="def"><temp name="T2928"/></temps><temps name="in"><temp name="T2926"/><temp name="T2920"/><temp name="T806"/><temp name="T2927"/><temp name="T2917"/><temp name="T26"/></temps><temps name="out"><temp name="T2928"/><temp name="T2926"/><temp name="T2920"/><temp name="T806"/><temp name="T2917"/><temp name="T26"/></temps></instruction><instruction code="ADD T2930, T2926, T2928"><temps name="use"><temp name="T2926"/><temp name="T2928"/></temps><temps name="def"><temp name="T2930"/></temps><temps name="in"><temp name="T2928"/><temp name="T2926"/><temp name="T2920"/><temp name="T806"/><temp name="T2917"/><temp name="T26"/></temps><temps name="out"><temp name="T2920"/><temp name="T806"/><temp name="T2930"/><temp name="T2917"/><temp name="T26"/></temps></instruction><instruction code="SETL  T2931, 72"><temps name="use"/><temps name="def"><temp name="T2931"/></temps><temps name="in"><temp name="T2920"/><temp name="T806"/><temp name="T2930"/><temp name="T2917"/><temp name="T26"/></temps><temps name="out"><temp name="T2920"/><temp name="T806"/><temp name="T2930"/><temp name="T2917"/><temp name="T26"/></temps></instruction><instruction code="INCML T2931, 0"><temps name="use"/><temps name="def"><temp name="T2931"/></temps><temps name="in"><temp name="T2920"/><temp name="T806"/><temp name="T2930"/><temp name="T2917"/><temp name="T26"/></temps><temps name="out"><temp name="T2920"/><temp name="T806"/><temp name="T2930"/><temp name="T2917"/><temp name="T26"/></temps></instruction><instruction code="INCMH T2931, 0"><temps name="use"/><temps name="def"><temp name="T2931"/></temps><temps name="in"><temp name="T2920"/><temp name="T806"/><temp name="T2930"/><temp name="T2917"/><temp name="T26"/></temps><temps name="out"><temp name="T2920"/><temp name="T806"/><temp name="T2930"/><temp name="T2917"/><temp name="T26"/></temps></instruction><instruction code="INCH  T2931, 0"><temps name="use"/><temps name="def"><temp name="T2931"/></temps><temps name="in"><temp name="T2920"/><temp name="T806"/><temp name="T2930"/><temp name="T2917"/><temp name="T26"/></temps><temps name="out"><temp name="T2931"/><temp name="T2920"/><temp name="T806"/><temp name="T2930"/><temp name="T2917"/><temp name="T26"/></temps></instruction><instruction code="MUL T2932, T2930, T2931"><temps name="use"><temp name="T2930"/><temp name="T2931"/></temps><temps name="def"><temp name="T2932"/></temps><temps name="in"><temp name="T2931"/><temp name="T2920"/><temp name="T806"/><temp name="T2930"/><temp name="T2917"/><temp name="T26"/></temps><temps name="out"><temp name="T2920"/><temp name="T806"/><temp name="T2917"/><temp name="T26"/><temp name="T2932"/></temps></instruction><instruction code="ADD T2933, T2920, T2932"><temps name="use"><temp name="T2920"/><temp name="T2932"/></temps><temps name="def"><temp name="T2933"/></temps><temps name="in"><temp name="T2920"/><temp name="T806"/><temp name="T2917"/><temp name="T26"/><temp name="T2932"/></temps><temps name="out"><temp name="T2933"/><temp name="T806"/><temp name="T2917"/><temp name="T26"/></temps></instruction><instruction code="SETL  T2934, 8"><temps name="use"/><temps name="def"><temp name="T2934"/></temps><temps name="in"><temp name="T2933"/><temp name="T806"/><temp name="T2917"/><temp name="T26"/></temps><temps name="out"><temp name="T2933"/><temp name="T806"/><temp name="T2917"/><temp name="T26"/></temps></instruction><instruction code="INCML T2934, 0"><temps name="use"/><temps name="def"><temp name="T2934"/></temps><temps name="in"><temp name="T2933"/><temp name="T806"/><temp name="T2917"/><temp name="T26"/></temps><temps name="out"><temp name="T2933"/><temp name="T806"/><temp name="T2917"/><temp name="T26"/></temps></instruction><instruction code="INCMH T2934, 0"><temps name="use"/><temps name="def"><temp name="T2934"/></temps><temps name="in"><temp name="T2933"/><temp name="T806"/><temp name="T2917"/><temp name="T26"/></temps><temps name="out"><temp name="T2933"/><temp name="T806"/><temp name="T2917"/><temp name="T26"/></temps></instruction><instruction code="INCH  T2934, 0"><temps name="use"/><temps name="def"><temp name="T2934"/></temps><temps name="in"><temp name="T2933"/><temp name="T806"/><temp name="T2917"/><temp name="T26"/></temps><temps name="out"><temp name="T2933"/><temp name="T806"/><temp name="T2917"/><temp name="T26"/><temp name="T2934"/></temps></instruction><instruction code="ADD T2935, T26, T2934"><temps name="use"><temp name="T26"/><temp name="T2934"/></temps><temps name="def"><temp name="T2935"/></temps><temps name="in"><temp name="T2933"/><temp name="T806"/><temp name="T2917"/><temp name="T26"/><temp name="T2934"/></temps><temps name="out"><temp name="T2933"/><temp name="T806"/><temp name="T2917"/><temp name="T26"/><temp name="T2935"/></temps></instruction><instruction code="SETL  T2937, 3"><temps name="use"/><temps name="def"><temp name="T2937"/></temps><temps name="in"><temp name="T2933"/><temp name="T806"/><temp name="T2917"/><temp name="T26"/><temp name="T2935"/></temps><temps name="out"><temp name="T2933"/><temp name="T806"/><temp name="T2917"/><temp name="T26"/><temp name="T2935"/></temps></instruction><instruction code="INCML T2937, 0"><temps name="use"/><temps name="def"><temp name="T2937"/></temps><temps name="in"><temp name="T2933"/><temp name="T806"/><temp name="T2917"/><temp name="T26"/><temp name="T2935"/></temps><temps name="out"><temp name="T2933"/><temp name="T806"/><temp name="T2917"/><temp name="T26"/><temp name="T2935"/></temps></instruction><instruction code="INCMH T2937, 0"><temps name="use"/><temps name="def"><temp name="T2937"/></temps><temps name="in"><temp name="T2933"/><temp name="T806"/><temp name="T2917"/><temp name="T26"/><temp name="T2935"/></temps><temps name="out"><temp name="T2933"/><temp name="T806"/><temp name="T2917"/><temp name="T26"/><temp name="T2935"/></temps></instruction><instruction code="INCH  T2937, 0"><temps name="use"/><temps name="def"><temp name="T2937"/></temps><temps name="in"><temp name="T2933"/><temp name="T806"/><temp name="T2917"/><temp name="T26"/><temp name="T2935"/></temps><temps name="out"><temp name="T2933"/><temp name="T806"/><temp name="T2937"/><temp name="T2917"/><temp name="T26"/><temp name="T2935"/></temps></instruction><instruction code="MUL T2938, T2935, T2937"><temps name="use"><temp name="T2935"/><temp name="T2937"/></temps><temps name="def"><temp name="T2938"/></temps><temps name="in"><temp name="T2933"/><temp name="T806"/><temp name="T2937"/><temp name="T2917"/><temp name="T26"/><temp name="T2935"/></temps><temps name="out"><temp name="T2933"/><temp name="T806"/><temp name="T2917"/><temp name="T26"/><temp name="T2938"/></temps></instruction><instruction code="SETL  T2939, 88"><temps name="use"/><temps name="def"><temp name="T2939"/></temps><temps name="in"><temp name="T2933"/><temp name="T806"/><temp name="T2917"/><temp name="T26"/><temp name="T2938"/></temps><temps name="out"><temp name="T2933"/><temp name="T806"/><temp name="T2917"/><temp name="T26"/><temp name="T2938"/></temps></instruction><instruction code="INCML T2939, 0"><temps name="use"/><temps name="def"><temp name="T2939"/></temps><temps name="in"><temp name="T2933"/><temp name="T806"/><temp name="T2917"/><temp name="T26"/><temp name="T2938"/></temps><temps name="out"><temp name="T2933"/><temp name="T806"/><temp name="T2917"/><temp name="T26"/><temp name="T2938"/></temps></instruction><instruction code="INCMH T2939, 0"><temps name="use"/><temps name="def"><temp name="T2939"/></temps><temps name="in"><temp name="T2933"/><temp name="T806"/><temp name="T2917"/><temp name="T26"/><temp name="T2938"/></temps><temps name="out"><temp name="T2933"/><temp name="T806"/><temp name="T2917"/><temp name="T26"/><temp name="T2938"/></temps></instruction><instruction code="INCH  T2939, 0"><temps name="use"/><temps name="def"><temp name="T2939"/></temps><temps name="in"><temp name="T2933"/><temp name="T806"/><temp name="T2917"/><temp name="T26"/><temp name="T2938"/></temps><temps name="out"><temp name="T2939"/><temp name="T2933"/><temp name="T806"/><temp name="T2917"/><temp name="T26"/><temp name="T2938"/></temps></instruction><instruction code="NEG T2939, 0, T2939"><temps name="use"><temp name="T2939"/></temps><temps name="def"><temp name="T2939"/></temps><temps name="in"><temp name="T2939"/><temp name="T2933"/><temp name="T806"/><temp name="T2917"/><temp name="T26"/><temp name="T2938"/></temps><temps name="out"><temp name="T2939"/><temp name="T2933"/><temp name="T806"/><temp name="T2917"/><temp name="T26"/><temp name="T2938"/></temps></instruction><instruction code="ADD T2940, T26, T2939"><temps name="use"><temp name="T26"/><temp name="T2939"/></temps><temps name="def"><temp name="T2940"/></temps><temps name="in"><temp name="T2939"/><temp name="T2933"/><temp name="T806"/><temp name="T2917"/><temp name="T26"/><temp name="T2938"/></temps><temps name="out"><temp name="T2933"/><temp name="T806"/><temp name="T2917"/><temp name="T26"/><temp name="T2938"/><temp name="T2940"/></temps></instruction><instruction code="ADD T2942, T2938, T2940"><temps name="use"><temp name="T2938"/><temp name="T2940"/></temps><temps name="def"><temp name="T2942"/></temps><temps name="in"><temp name="T2933"/><temp name="T806"/><temp name="T2917"/><temp name="T26"/><temp name="T2938"/><temp name="T2940"/></temps><temps name="out"><temp name="T2933"/><temp name="T2942"/><temp name="T806"/><temp name="T2917"/><temp name="T26"/></temps></instruction><instruction code="SETL  T2943, 8"><temps name="use"/><temps name="def"><temp name="T2943"/></temps><temps name="in"><temp name="T2933"/><temp name="T2942"/><temp name="T806"/><temp name="T2917"/><temp name="T26"/></temps><temps name="out"><temp name="T2933"/><temp name="T2942"/><temp name="T806"/><temp name="T2917"/><temp name="T26"/></temps></instruction><instruction code="INCML T2943, 0"><temps name="use"/><temps name="def"><temp name="T2943"/></temps><temps name="in"><temp name="T2933"/><temp name="T2942"/><temp name="T806"/><temp name="T2917"/><temp name="T26"/></temps><temps name="out"><temp name="T2933"/><temp name="T2942"/><temp name="T806"/><temp name="T2917"/><temp name="T26"/></temps></instruction><instruction code="INCMH T2943, 0"><temps name="use"/><temps name="def"><temp name="T2943"/></temps><temps name="in"><temp name="T2933"/><temp name="T2942"/><temp name="T806"/><temp name="T2917"/><temp name="T26"/></temps><temps name="out"><temp name="T2933"/><temp name="T2942"/><temp name="T806"/><temp name="T2917"/><temp name="T26"/></temps></instruction><instruction code="INCH  T2943, 0"><temps name="use"/><temps name="def"><temp name="T2943"/></temps><temps name="in"><temp name="T2933"/><temp name="T2942"/><temp name="T806"/><temp name="T2917"/><temp name="T26"/></temps><temps name="out"><temp name="T2943"/><temp name="T2933"/><temp name="T2942"/><temp name="T806"/><temp name="T2917"/><temp name="T26"/></temps></instruction><instruction code="MUL T2944, T2942, T2943"><temps name="use"><temp name="T2942"/><temp name="T2943"/></temps><temps name="def"><temp name="T2944"/></temps><temps name="in"><temp name="T2943"/><temp name="T2933"/><temp name="T2942"/><temp name="T806"/><temp name="T2917"/><temp name="T26"/></temps><temps name="out"><temp name="T2933"/><temp name="T806"/><temp name="T2917"/><temp name="T26"/><temp name="T2944"/></temps></instruction><instruction code="ADD T2945, T2933, T2944"><temps name="use"><temp name="T2933"/><temp name="T2944"/></temps><temps name="def"><temp name="T2945"/></temps><temps name="in"><temp name="T2933"/><temp name="T806"/><temp name="T2917"/><temp name="T26"/><temp name="T2944"/></temps><temps name="out"><temp name="T806"/><temp name="T2917"/><temp name="T26"/><temp name="T2945"/></temps></instruction><instruction code="SETL  T2947, 8"><temps name="use"/><temps name="def"><temp name="T2947"/></temps><temps name="in"><temp name="T806"/><temp name="T2917"/><temp name="T26"/><temp name="T2945"/></temps><temps name="out"><temp name="T806"/><temp name="T2917"/><temp name="T26"/><temp name="T2945"/></temps></instruction><instruction code="INCML T2947, 0"><temps name="use"/><temps name="def"><temp name="T2947"/></temps><temps name="in"><temp name="T806"/><temp name="T2917"/><temp name="T26"/><temp name="T2945"/></temps><temps name="out"><temp name="T806"/><temp name="T2917"/><temp name="T26"/><temp name="T2945"/></temps></instruction><instruction code="INCMH T2947, 0"><temps name="use"/><temps name="def"><temp name="T2947"/></temps><temps name="in"><temp name="T806"/><temp name="T2917"/><temp name="T26"/><temp name="T2945"/></temps><temps name="out"><temp name="T806"/><temp name="T2917"/><temp name="T26"/><temp name="T2945"/></temps></instruction><instruction code="INCH  T2947, 0"><temps name="use"/><temps name="def"><temp name="T2947"/></temps><temps name="in"><temp name="T806"/><temp name="T2917"/><temp name="T26"/><temp name="T2945"/></temps><temps name="out"><temp name="T806"/><temp name="T2917"/><temp name="T26"/><temp name="T2945"/><temp name="T2947"/></temps></instruction><instruction code="MUL T2948, T2945, T2947"><temps name="use"><temp name="T2945"/><temp name="T2947"/></temps><temps name="def"><temp name="T2948"/></temps><temps name="in"><temp name="T806"/><temp name="T2917"/><temp name="T26"/><temp name="T2945"/><temp name="T2947"/></temps><temps name="out"><temp name="T806"/><temp name="T2917"/><temp name="T26"/><temp name="T2948"/></temps></instruction><instruction code="ADD T2949, T2917, T2948"><temps name="use"><temp name="T2917"/><temp name="T2948"/></temps><temps name="def"><temp name="T2949"/></temps><temps name="in"><temp name="T806"/><temp name="T2917"/><temp name="T26"/><temp name="T2948"/></temps><temps name="out"><temp name="T806"/><temp name="T26"/><temp name="T2949"/></temps></instruction><instruction code="STO T2949, T806, 0"><temps name="use"><temp name="T2949"/><temp name="T806"/></temps><temps name="def"/><temps name="in"><temp name="T806"/><temp name="T26"/><temp name="T2949"/></temps><temps name="out"><temp name="T26"/></temps></instruction><instruction code="L78"><temps name="use"/><temps name="def"/><temps name="in"><temp name="T26"/></temps><temps name="out"><temp name="T26"/></temps></instruction><instruction code="L80"><temps name="use"/><temps name="def"/><temps name="in"><temp name="T26"/></temps><temps name="out"><temp name="T26"/></temps></instruction><instruction code="OR T807, T26, 0"><temps name="use"><temp name="T26"/></temps><temps name="def"><temp name="T807"/></temps><temps name="in"><temp name="T26"/></temps><temps name="out"><temp name="T807"/><temp name="T26"/></temps></instruction><instruction code="SETL  T2951, 88"><temps name="use"/><temps name="def"><temp name="T2951"/></temps><temps name="in"><temp name="T807"/><temp name="T26"/></temps><temps name="out"><temp name="T807"/><temp name="T26"/></temps></instruction><instruction code="INCML T2951, 0"><temps name="use"/><temps name="def"><temp name="T2951"/></temps><temps name="in"><temp name="T807"/><temp name="T26"/></temps><temps name="out"><temp name="T807"/><temp name="T26"/></temps></instruction><instruction code="INCMH T2951, 0"><temps name="use"/><temps name="def"><temp name="T2951"/></temps><temps name="in"><temp name="T807"/><temp name="T26"/></temps><temps name="out"><temp name="T807"/><temp name="T26"/></temps></instruction><instruction code="INCH  T2951, 0"><temps name="use"/><temps name="def"><temp name="T2951"/></temps><temps name="in"><temp name="T807"/><temp name="T26"/></temps><temps name="out"><temp name="T2951"/><temp name="T807"/><temp name="T26"/></temps></instruction><instruction code="NEG T2951, 0, T2951"><temps name="use"><temp name="T2951"/></temps><temps name="def"><temp name="T2951"/></temps><temps name="in"><temp name="T2951"/><temp name="T807"/><temp name="T26"/></temps><temps name="out"><temp name="T2951"/><temp name="T807"/><temp name="T26"/></temps></instruction><instruction code="OR T808, T2951, 0"><temps name="use"><temp name="T2951"/></temps><temps name="def"><temp name="T808"/></temps><temps name="in"><temp name="T2951"/><temp name="T807"/><temp name="T26"/></temps><temps name="out"><temp name="T808"/><temp name="T807"/><temp name="T26"/></temps></instruction><instruction code="ADD T2952, T807, T808"><temps name="use"><temp name="T807"/><temp name="T808"/></temps><temps name="def"><temp name="T2952"/></temps><temps name="in"><temp name="T808"/><temp name="T807"/><temp name="T26"/></temps><temps name="out"><temp name="T26"/><temp name="T2952"/></temps></instruction><instruction code="OR T809, T2952, 0"><temps name="use"><temp name="T2952"/></temps><temps name="def"><temp name="T809"/></temps><temps name="in"><temp name="T26"/><temp name="T2952"/></temps><temps name="out"><temp name="T809"/><temp name="T26"/></temps></instruction><instruction code="OR T810, T809, 0"><temps name="use"><temp name="T809"/></temps><temps name="def"><temp name="T810"/></temps><temps name="in"><temp name="T809"/><temp name="T26"/></temps><temps name="out"><temp name="T810"/><temp name="T26"/></temps></instruction><instruction code="SETL  T2954, 1"><temps name="use"/><temps name="def"><temp name="T2954"/></temps><temps name="in"><temp name="T810"/><temp name="T26"/></temps><temps name="out"><temp name="T810"/><temp name="T26"/></temps></instruction><instruction code="INCML T2954, 0"><temps name="use"/><temps name="def"><temp name="T2954"/></temps><temps name="in"><temp name="T810"/><temp name="T26"/></temps><temps name="out"><temp name="T810"/><temp name="T26"/></temps></instruction><instruction code="INCMH T2954, 0"><temps name="use"/><temps name="def"><temp name="T2954"/></temps><temps name="in"><temp name="T810"/><temp name="T26"/></temps><temps name="out"><temp name="T810"/><temp name="T26"/></temps></instruction><instruction code="INCH  T2954, 0"><temps name="use"/><temps name="def"><temp name="T2954"/></temps><temps name="in"><temp name="T810"/><temp name="T26"/></temps><temps name="out"><temp name="T2954"/><temp name="T810"/><temp name="T26"/></temps></instruction><instruction code="OR T811, T2954, 0"><temps name="use"><temp name="T2954"/></temps><temps name="def"><temp name="T811"/></temps><temps name="in"><temp name="T2954"/><temp name="T810"/><temp name="T26"/></temps><temps name="out"><temp name="T811"/><temp name="T810"/><temp name="T26"/></temps></instruction><instruction code="ADD T2955, T810, T811"><temps name="use"><temp name="T810"/><temp name="T811"/></temps><temps name="def"><temp name="T2955"/></temps><temps name="in"><temp name="T811"/><temp name="T810"/><temp name="T26"/></temps><temps name="out"><temp name="T2955"/><temp name="T26"/></temps></instruction><instruction code="OR T812, T2955, 0"><temps name="use"><temp name="T2955"/></temps><temps name="def"><temp name="T812"/></temps><temps name="in"><temp name="T2955"/><temp name="T26"/></temps><temps name="out"><temp name="T812"/><temp name="T26"/></temps></instruction><instruction code="SETL  T2956, 88"><temps name="use"/><temps name="def"><temp name="T2956"/></temps><temps name="in"><temp name="T812"/><temp name="T26"/></temps><temps name="out"><temp name="T812"/><temp name="T26"/></temps></instruction><instruction code="INCML T2956, 0"><temps name="use"/><temps name="def"><temp name="T2956"/></temps><temps name="in"><temp name="T812"/><temp name="T26"/></temps><temps name="out"><temp name="T812"/><temp name="T26"/></temps></instruction><instruction code="INCMH T2956, 0"><temps name="use"/><temps name="def"><temp name="T2956"/></temps><temps name="in"><temp name="T812"/><temp name="T26"/></temps><temps name="out"><temp name="T812"/><temp name="T26"/></temps></instruction><instruction code="INCH  T2956, 0"><temps name="use"/><temps name="def"><temp name="T2956"/></temps><temps name="in"><temp name="T812"/><temp name="T26"/></temps><temps name="out"><temp name="T2956"/><temp name="T812"/><temp name="T26"/></temps></instruction><instruction code="NEG T2956, 0, T2956"><temps name="use"><temp name="T2956"/></temps><temps name="def"><temp name="T2956"/></temps><temps name="in"><temp name="T2956"/><temp name="T812"/><temp name="T26"/></temps><temps name="out"><temp name="T2956"/><temp name="T812"/><temp name="T26"/></temps></instruction><instruction code="ADD T2957, T26, T2956"><temps name="use"><temp name="T26"/><temp name="T2956"/></temps><temps name="def"><temp name="T2957"/></temps><temps name="in"><temp name="T2956"/><temp name="T812"/><temp name="T26"/></temps><temps name="out"><temp name="T2957"/><temp name="T812"/><temp name="T26"/></temps></instruction><instruction code="STO T2957, T812, 0"><temps name="use"><temp name="T2957"/><temp name="T812"/></temps><temps name="def"/><temps name="in"><temp name="T2957"/><temp name="T812"/><temp name="T26"/></temps><temps name="out"><temp name="T26"/></temps></instruction><instruction code="LDA T2959, L81"><temps name="use"/><temps name="def"><temp name="T2959"/></temps><temps name="in"><temp name="T26"/></temps><temps name="out"><temp name="T2959"/><temp name="T26"/></temps></instruction><instruction code="GO T2959, T2959, 0"><temps name="use"><temp name="T2959"/></temps><temps name="def"><temp name="T2959"/></temps><temps name="in"><temp name="T2959"/><temp name="T26"/></temps><temps name="out"><temp name="T26"/></temps></instruction><instruction code="L83"><temps name="use"/><temps name="def"/><temps name="in"><temp name="T26"/></temps><temps name="out"><temp name="T26"/></temps></instruction><instruction code="OR T813, T26, 0"><temps name="use"><temp name="T26"/></temps><temps name="def"><temp name="T813"/></temps><temps name="in"><temp name="T26"/></temps><temps name="out"><temp name="T26"/><temp name="T813"/></temps></instruction><instruction code="SETL  T2960, 96"><temps name="use"/><temps name="def"><temp name="T2960"/></temps><temps name="in"><temp name="T26"/><temp name="T813"/></temps><temps name="out"><temp name="T26"/><temp name="T813"/></temps></instruction><instruction code="INCML T2960, 0"><temps name="use"/><temps name="def"><temp name="T2960"/></temps><temps name="in"><temp name="T26"/><temp name="T813"/></temps><temps name="out"><temp name="T26"/><temp name="T813"/></temps></instruction><instruction code="INCMH T2960, 0"><temps name="use"/><temps name="def"><temp name="T2960"/></temps><temps name="in"><temp name="T26"/><temp name="T813"/></temps><temps name="out"><temp name="T26"/><temp name="T813"/></temps></instruction><instruction code="INCH  T2960, 0"><temps name="use"/><temps name="def"><temp name="T2960"/></temps><temps name="in"><temp name="T26"/><temp name="T813"/></temps><temps name="out"><temp name="T26"/><temp name="T2960"/><temp name="T813"/></temps></instruction><instruction code="NEG T2960, 0, T2960"><temps name="use"><temp name="T2960"/></temps><temps name="def"><temp name="T2960"/></temps><temps name="in"><temp name="T26"/><temp name="T2960"/><temp name="T813"/></temps><temps name="out"><temp name="T26"/><temp name="T2960"/><temp name="T813"/></temps></instruction><instruction code="OR T814, T2960, 0"><temps name="use"><temp name="T2960"/></temps><temps name="def"><temp name="T814"/></temps><temps name="in"><temp name="T26"/><temp name="T2960"/><temp name="T813"/></temps><temps name="out"><temp name="T26"/><temp name="T814"/><temp name="T813"/></temps></instruction><instruction code="ADD T2961, T813, T814"><temps name="use"><temp name="T813"/><temp name="T814"/></temps><temps name="def"><temp name="T2961"/></temps><temps name="in"><temp name="T26"/><temp name="T814"/><temp name="T813"/></temps><temps name="out"><temp name="T26"/><temp name="T2961"/></temps></instruction><instruction code="OR T815, T2961, 0"><temps name="use"><temp name="T2961"/></temps><temps name="def"><temp name="T815"/></temps><temps name="in"><temp name="T26"/><temp name="T2961"/></temps><temps name="out"><temp name="T815"/><temp name="T26"/></temps></instruction><instruction code="OR T816, T815, 0"><temps name="use"><temp name="T815"/></temps><temps name="def"><temp name="T816"/></temps><temps name="in"><temp name="T815"/><temp name="T26"/></temps><temps name="out"><temp name="T816"/><temp name="T26"/></temps></instruction><instruction code="SETL  T2963, 1"><temps name="use"/><temps name="def"><temp name="T2963"/></temps><temps name="in"><temp name="T816"/><temp name="T26"/></temps><temps name="out"><temp name="T816"/><temp name="T26"/></temps></instruction><instruction code="INCML T2963, 0"><temps name="use"/><temps name="def"><temp name="T2963"/></temps><temps name="in"><temp name="T816"/><temp name="T26"/></temps><temps name="out"><temp name="T816"/><temp name="T26"/></temps></instruction><instruction code="INCMH T2963, 0"><temps name="use"/><temps name="def"><temp name="T2963"/></temps><temps name="in"><temp name="T816"/><temp name="T26"/></temps><temps name="out"><temp name="T816"/><temp name="T26"/></temps></instruction><instruction code="INCH  T2963, 0"><temps name="use"/><temps name="def"><temp name="T2963"/></temps><temps name="in"><temp name="T816"/><temp name="T26"/></temps><temps name="out"><temp name="T2963"/><temp name="T816"/><temp name="T26"/></temps></instruction><instruction code="OR T817, T2963, 0"><temps name="use"><temp name="T2963"/></temps><temps name="def"><temp name="T817"/></temps><temps name="in"><temp name="T2963"/><temp name="T816"/><temp name="T26"/></temps><temps name="out"><temp name="T816"/><temp name="T817"/><temp name="T26"/></temps></instruction><instruction code="ADD T2964, T816, T817"><temps name="use"><temp name="T816"/><temp name="T817"/></temps><temps name="def"><temp name="T2964"/></temps><temps name="in"><temp name="T816"/><temp name="T817"/><temp name="T26"/></temps><temps name="out"><temp name="T26"/><temp name="T2964"/></temps></instruction><instruction code="OR T818, T2964, 0"><temps name="use"><temp name="T2964"/></temps><temps name="def"><temp name="T818"/></temps><temps name="in"><temp name="T26"/><temp name="T2964"/></temps><temps name="out"><temp name="T818"/><temp name="T26"/></temps></instruction><instruction code="SETL  T2965, 96"><temps name="use"/><temps name="def"><temp name="T2965"/></temps><temps name="in"><temp name="T818"/><temp name="T26"/></temps><temps name="out"><temp name="T818"/><temp name="T26"/></temps></instruction><instruction code="INCML T2965, 0"><temps name="use"/><temps name="def"><temp name="T2965"/></temps><temps name="in"><temp name="T818"/><temp name="T26"/></temps><temps name="out"><temp name="T818"/><temp name="T26"/></temps></instruction><instruction code="INCMH T2965, 0"><temps name="use"/><temps name="def"><temp name="T2965"/></temps><temps name="in"><temp name="T818"/><temp name="T26"/></temps><temps name="out"><temp name="T818"/><temp name="T26"/></temps></instruction><instruction code="INCH  T2965, 0"><temps name="use"/><temps name="def"><temp name="T2965"/></temps><temps name="in"><temp name="T818"/><temp name="T26"/></temps><temps name="out"><temp name="T818"/><temp name="T2965"/><temp name="T26"/></temps></instruction><instruction code="NEG T2965, 0, T2965"><temps name="use"><temp name="T2965"/></temps><temps name="def"><temp name="T2965"/></temps><temps name="in"><temp name="T818"/><temp name="T2965"/><temp name="T26"/></temps><temps name="out"><temp name="T818"/><temp name="T2965"/><temp name="T26"/></temps></instruction><instruction code="ADD T2966, T26, T2965"><temps name="use"><temp name="T26"/><temp name="T2965"/></temps><temps name="def"><temp name="T2966"/></temps><temps name="in"><temp name="T818"/><temp name="T2965"/><temp name="T26"/></temps><temps name="out"><temp name="T2966"/><temp name="T818"/><temp name="T26"/></temps></instruction><instruction code="STO T2966, T818, 0"><temps name="use"><temp name="T2966"/><temp name="T818"/></temps><temps name="def"/><temps name="in"><temp name="T2966"/><temp name="T818"/><temp name="T26"/></temps><temps name="out"><temp name="T26"/></temps></instruction><instruction code="LDA T2968, L84"><temps name="use"/><temps name="def"><temp name="T2968"/></temps><temps name="in"><temp name="T26"/></temps><temps name="out"><temp name="T2968"/><temp name="T26"/></temps></instruction><instruction code="GO T2968, T2968, 0"><temps name="use"><temp name="T2968"/></temps><temps name="def"><temp name="T2968"/></temps><temps name="in"><temp name="T2968"/><temp name="T26"/></temps><temps name="out"><temp name="T26"/></temps></instruction><instruction code="L86"><temps name="use"/><temps name="def"/><temps name="in"><temp name="T26"/></temps><temps name="out"><temp name="T26"/></temps></instruction><instruction code="OR T819, T26, 0"><temps name="use"><temp name="T26"/></temps><temps name="def"><temp name="T819"/></temps><temps name="in"><temp name="T26"/></temps><temps name="out"><temp name="T819"/></temps></instruction><instruction code="SETL  T2969, 112"><temps name="use"/><temps name="def"><temp name="T2969"/></temps><temps name="in"><temp name="T819"/></temps><temps name="out"><temp name="T819"/></temps></instruction><instruction code="INCML T2969, 0"><temps name="use"/><temps name="def"><temp name="T2969"/></temps><temps name="in"><temp name="T819"/></temps><temps name="out"><temp name="T819"/></temps></instruction><instruction code="INCMH T2969, 0"><temps name="use"/><temps name="def"><temp name="T2969"/></temps><temps name="in"><temp name="T819"/></temps><temps name="out"><temp name="T819"/></temps></instruction><instruction code="INCH  T2969, 0"><temps name="use"/><temps name="def"><temp name="T2969"/></temps><temps name="in"><temp name="T819"/></temps><temps name="out"><temp name="T2969"/><temp name="T819"/></temps></instruction><instruction code="NEG T2969, 0, T2969"><temps name="use"><temp name="T2969"/></temps><temps name="def"><temp name="T2969"/></temps><temps name="in"><temp name="T2969"/><temp name="T819"/></temps><temps name="out"><temp name="T2969"/><temp name="T819"/></temps></instruction><instruction code="OR T820, T2969, 0"><temps name="use"><temp name="T2969"/></temps><temps name="def"><temp name="T820"/></temps><temps name="in"><temp name="T2969"/><temp name="T819"/></temps><temps name="out"><temp name="T820"/><temp name="T819"/></temps></instruction><instruction code="ADD T2970, T819, T820"><temps name="use"><temp name="T819"/><temp name="T820"/></temps><temps name="def"><temp name="T2970"/></temps><temps name="in"><temp name="T820"/><temp name="T819"/></temps><temps name="out"><temp name="T2970"/></temps></instruction><instruction code="OR T821, T2970, 0"><temps name="use"><temp name="T2970"/></temps><temps name="def"><temp name="T821"/></temps><temps name="in"><temp name="T2970"/></temps><temps name="out"><temp name="T821"/></temps></instruction><instruction code="OR T822, T821, 0"><temps name="use"><temp name="T821"/></temps><temps name="def"><temp name="T822"/></temps><temps name="in"><temp name="T821"/></temps><temps name="out"><temp name="T822"/></temps></instruction><instruction code="OR T27, T822, 0"><temps name="use"><temp name="T822"/></temps><temps name="def"><temp name="T27"/></temps><temps name="in"><temp name="T822"/></temps><temps name="out"/></instruction><instruction code="LDA T2972, L150"><temps name="use"/><temps name="def"><temp name="T2972"/></temps><temps name="in"/><temps name="out"><temp name="T2972"/></temps></instruction><instruction code="GO T2972, T2972, 0"><temps name="use"><temp name="T2972"/></temps><temps name="def"><temp name="T2972"/></temps><temps name="in"><temp name="T2972"/></temps><temps name="out"/></instruction></instructions></code><code entrylabel="L158" exitlabel="L159" tempsize="0"><frame FP="T28" RV="T29" argssize="24" depth="2" label="L4" locssize="32" size="72"/><instructions><instruction code="L158"><temps name="use"/><temps name="def"/><temps name="in"><temp name="T28"/></temps><temps name="out"><temp name="T28"/></temps></instruction><instruction code="OR T823, T28, 0"><temps name="use"><temp name="T28"/></temps><temps name="def"><temp name="T823"/></temps><temps name="in"><temp name="T28"/></temps><temps name="out"><temp name="T28"/><temp name="T823"/></temps></instruction><instruction code="SETL  T2973, 8"><temps name="use"/><temps name="def"><temp name="T2973"/></temps><temps name="in"><temp name="T28"/><temp name="T823"/></temps><temps name="out"><temp name="T28"/><temp name="T823"/></temps></instruction><instruction code="INCML T2973, 0"><temps name="use"/><temps name="def"><temp name="T2973"/></temps><temps name="in"><temp name="T28"/><temp name="T823"/></temps><temps name="out"><temp name="T28"/><temp name="T823"/></temps></instruction><instruction code="INCMH T2973, 0"><temps name="use"/><temps name="def"><temp name="T2973"/></temps><temps name="in"><temp name="T28"/><temp name="T823"/></temps><temps name="out"><temp name="T28"/><temp name="T823"/></temps></instruction><instruction code="INCH  T2973, 0"><temps name="use"/><temps name="def"><temp name="T2973"/></temps><temps name="in"><temp name="T28"/><temp name="T823"/></temps><temps name="out"><temp name="T28"/><temp name="T823"/><temp name="T2973"/></temps></instruction><instruction code="OR T824, T2973, 0"><temps name="use"><temp name="T2973"/></temps><temps name="def"><temp name="T824"/></temps><temps name="in"><temp name="T28"/><temp name="T823"/><temp name="T2973"/></temps><temps name="out"><temp name="T824"/><temp name="T28"/><temp name="T823"/></temps></instruction><instruction code="ADD T2974, T823, T824"><temps name="use"><temp name="T823"/><temp name="T824"/></temps><temps name="def"><temp name="T2974"/></temps><temps name="in"><temp name="T824"/><temp name="T28"/><temp name="T823"/></temps><temps name="out"><temp name="T28"/><temp name="T2974"/></temps></instruction><instruction code="OR T825, T2974, 0"><temps name="use"><temp name="T2974"/></temps><temps name="def"><temp name="T825"/></temps><temps name="in"><temp name="T28"/><temp name="T2974"/></temps><temps name="out"><temp name="T28"/><temp name="T825"/></temps></instruction><instruction code="OR T826, T825, 0"><temps name="use"><temp name="T825"/></temps><temps name="def"><temp name="T826"/></temps><temps name="in"><temp name="T28"/><temp name="T825"/></temps><temps name="out"><temp name="T826"/><temp name="T28"/></temps></instruction><instruction code="OR T827, T28, 0"><temps name="use"><temp name="T28"/></temps><temps name="def"><temp name="T827"/></temps><temps name="in"><temp name="T826"/><temp name="T28"/></temps><temps name="out"><temp name="T827"/><temp name="T826"/><temp name="T28"/></temps></instruction><instruction code="SETL  T2976, 16"><temps name="use"/><temps name="def"><temp name="T2976"/></temps><temps name="in"><temp name="T827"/><temp name="T826"/><temp name="T28"/></temps><temps name="out"><temp name="T827"/><temp name="T826"/><temp name="T28"/></temps></instruction><instruction code="INCML T2976, 0"><temps name="use"/><temps name="def"><temp name="T2976"/></temps><temps name="in"><temp name="T827"/><temp name="T826"/><temp name="T28"/></temps><temps name="out"><temp name="T827"/><temp name="T826"/><temp name="T28"/></temps></instruction><instruction code="INCMH T2976, 0"><temps name="use"/><temps name="def"><temp name="T2976"/></temps><temps name="in"><temp name="T827"/><temp name="T826"/><temp name="T28"/></temps><temps name="out"><temp name="T827"/><temp name="T826"/><temp name="T28"/></temps></instruction><instruction code="INCH  T2976, 0"><temps name="use"/><temps name="def"><temp name="T2976"/></temps><temps name="in"><temp name="T827"/><temp name="T826"/><temp name="T28"/></temps><temps name="out"><temp name="T827"/><temp name="T826"/><temp name="T28"/><temp name="T2976"/></temps></instruction><instruction code="OR T828, T2976, 0"><temps name="use"><temp name="T2976"/></temps><temps name="def"><temp name="T828"/></temps><temps name="in"><temp name="T827"/><temp name="T826"/><temp name="T28"/><temp name="T2976"/></temps><temps name="out"><temp name="T827"/><temp name="T826"/><temp name="T28"/><temp name="T828"/></temps></instruction><instruction code="ADD T2977, T827, T828"><temps name="use"><temp name="T827"/><temp name="T828"/></temps><temps name="def"><temp name="T2977"/></temps><temps name="in"><temp name="T827"/><temp name="T826"/><temp name="T28"/><temp name="T828"/></temps><temps name="out"><temp name="T2977"/><temp name="T826"/><temp name="T28"/></temps></instruction><instruction code="OR T829, T2977, 0"><temps name="use"><temp name="T2977"/></temps><temps name="def"><temp name="T829"/></temps><temps name="in"><temp name="T2977"/><temp name="T826"/><temp name="T28"/></temps><temps name="out"><temp name="T829"/><temp name="T826"/><temp name="T28"/></temps></instruction><instruction code="OR T830, T829, 0"><temps name="use"><temp name="T829"/></temps><temps name="def"><temp name="T830"/></temps><temps name="in"><temp name="T829"/><temp name="T826"/><temp name="T28"/></temps><temps name="out"><temp name="T826"/><temp name="T28"/><temp name="T830"/></temps></instruction><instruction code="CMP T2979, T826, T830"><temps name="use"><temp name="T826"/><temp name="T830"/></temps><temps name="def"><temp name="T2979"/></temps><temps name="in"><temp name="T826"/><temp name="T28"/><temp name="T830"/></temps><temps name="out"><temp name="T28"/><temp name="T2979"/></temps></instruction><instruction code="ZSZ T2979, T2979, 1"><temps name="use"><temp name="T2979"/></temps><temps name="def"><temp name="T2979"/></temps><temps name="in"><temp name="T28"/><temp name="T2979"/></temps><temps name="out"><temp name="T28"/><temp name="T2979"/></temps></instruction><instruction code="OR T831, T2979, 0"><temps name="use"><temp name="T2979"/></temps><temps name="def"><temp name="T831"/></temps><temps name="in"><temp name="T28"/><temp name="T2979"/></temps><temps name="out"><temp name="T831"/><temp name="T28"/></temps></instruction><instruction code="BNZ T831, L103"><temps name="use"><temp name="T831"/></temps><temps name="def"/><temps name="in"><temp name="T831"/><temp name="T28"/></temps><temps name="out"><temp name="T28"/></temps></instruction><instruction code="L151"><temps name="use"/><temps name="def"/><temps name="in"><temp name="T28"/></temps><temps name="out"><temp name="T28"/></temps></instruction><instruction code="LDA T2980, L104"><temps name="use"/><temps name="def"><temp name="T2980"/></temps><temps name="in"><temp name="T28"/></temps><temps name="out"><temp name="T28"/><temp name="T2980"/></temps></instruction><instruction code="GO T2980, T2980, 0"><temps name="use"><temp name="T2980"/></temps><temps name="def"><temp name="T2980"/></temps><temps name="in"><temp name="T28"/><temp name="T2980"/></temps><temps name="out"><temp name="T28"/></temps></instruction><instruction code="L103"><temps name="use"/><temps name="def"/><temps name="in"><temp name="T28"/></temps><temps name="out"><temp name="T28"/></temps></instruction><instruction code="SETL  T2981, 1"><temps name="use"/><temps name="def"><temp name="T2981"/></temps><temps name="in"><temp name="T28"/></temps><temps name="out"><temp name="T28"/></temps></instruction><instruction code="INCML T2981, 0"><temps name="use"/><temps name="def"><temp name="T2981"/></temps><temps name="in"><temp name="T28"/></temps><temps name="out"><temp name="T28"/></temps></instruction><instruction code="INCMH T2981, 0"><temps name="use"/><temps name="def"><temp name="T2981"/></temps><temps name="in"><temp name="T28"/></temps><temps name="out"><temp name="T28"/></temps></instruction><instruction code="INCH  T2981, 0"><temps name="use"/><temps name="def"><temp name="T2981"/></temps><temps name="in"><temp name="T28"/></temps><temps name="out"><temp name="T2981"/><temp name="T28"/></temps></instruction><instruction code="OR T832, T2981, 0"><temps name="use"><temp name="T2981"/></temps><temps name="def"><temp name="T832"/></temps><temps name="in"><temp name="T2981"/><temp name="T28"/></temps><temps name="out"><temp name="T832"/><temp name="T28"/></temps></instruction><instruction code="BNZ T832, L93"><temps name="use"><temp name="T832"/></temps><temps name="def"/><temps name="in"><temp name="T832"/><temp name="T28"/></temps><temps name="out"><temp name="T28"/></temps></instruction><instruction code="L152"><temps name="use"/><temps name="def"/><temps name="in"><temp name="T28"/></temps><temps name="out"><temp name="T28"/></temps></instruction><instruction code="LDA T2982, L94"><temps name="use"/><temps name="def"><temp name="T2982"/></temps><temps name="in"><temp name="T28"/></temps><temps name="out"><temp name="T2982"/><temp name="T28"/></temps></instruction><instruction code="GO T2982, T2982, 0"><temps name="use"><temp name="T2982"/></temps><temps name="def"><temp name="T2982"/></temps><temps name="in"><temp name="T2982"/><temp name="T28"/></temps><temps name="out"><temp name="T28"/></temps></instruction><instruction code="L93"><temps name="use"/><temps name="def"/><temps name="in"><temp name="T28"/></temps><temps name="out"><temp name="T28"/></temps></instruction><instruction code="SETL  T2983, 0"><temps name="use"/><temps name="def"><temp name="T2983"/></temps><temps name="in"><temp name="T28"/></temps><temps name="out"><temp name="T28"/></temps></instruction><instruction code="INCML T2983, 0"><temps name="use"/><temps name="def"><temp name="T2983"/></temps><temps name="in"><temp name="T28"/></temps><temps name="out"><temp name="T28"/></temps></instruction><instruction code="INCMH T2983, 0"><temps name="use"/><temps name="def"><temp name="T2983"/></temps><temps name="in"><temp name="T28"/></temps><temps name="out"><temp name="T28"/></temps></instruction><instruction code="INCH  T2983, 0"><temps name="use"/><temps name="def"><temp name="T2983"/></temps><temps name="in"><temp name="T28"/></temps><temps name="out"><temp name="T2983"/><temp name="T28"/></temps></instruction><instruction code="OR T833, T2983, 0"><temps name="use"><temp name="T2983"/></temps><temps name="def"><temp name="T833"/></temps><temps name="in"><temp name="T2983"/><temp name="T28"/></temps><temps name="out"><temp name="T833"/><temp name="T28"/></temps></instruction><instruction code="SETL  T2984, 16"><temps name="use"/><temps name="def"><temp name="T2984"/></temps><temps name="in"><temp name="T833"/><temp name="T28"/></temps><temps name="out"><temp name="T833"/><temp name="T28"/></temps></instruction><instruction code="INCML T2984, 0"><temps name="use"/><temps name="def"><temp name="T2984"/></temps><temps name="in"><temp name="T833"/><temp name="T28"/></temps><temps name="out"><temp name="T833"/><temp name="T28"/></temps></instruction><instruction code="INCMH T2984, 0"><temps name="use"/><temps name="def"><temp name="T2984"/></temps><temps name="in"><temp name="T833"/><temp name="T28"/></temps><temps name="out"><temp name="T833"/><temp name="T28"/></temps></instruction><instruction code="INCH  T2984, 0"><temps name="use"/><temps name="def"><temp name="T2984"/></temps><temps name="in"><temp name="T833"/><temp name="T28"/></temps><temps name="out"><temp name="T2984"/><temp name="T833"/><temp name="T28"/></temps></instruction><instruction code="NEG T2984, 0, T2984"><temps name="use"><temp name="T2984"/></temps><temps name="def"><temp name="T2984"/></temps><temps name="in"><temp name="T2984"/><temp name="T833"/><temp name="T28"/></temps><temps name="out"><temp name="T2984"/><temp name="T833"/><temp name="T28"/></temps></instruction><instruction code="ADD T2985, T28, T2984"><temps name="use"><temp name="T28"/><temp name="T2984"/></temps><temps name="def"><temp name="T2985"/></temps><temps name="in"><temp name="T2984"/><temp name="T833"/><temp name="T28"/></temps><temps name="out"><temp name="T2985"/><temp name="T833"/><temp name="T28"/></temps></instruction><instruction code="STO T2985, T833, 0"><temps name="use"><temp name="T2985"/><temp name="T833"/></temps><temps name="def"/><temps name="in"><temp name="T2985"/><temp name="T833"/><temp name="T28"/></temps><temps name="out"><temp name="T28"/></temps></instruction><instruction code="L90"><temps name="use"/><temps name="def"/><temps name="in"><temp name="T28"/></temps><temps name="out"><temp name="T28"/></temps></instruction><instruction code="OR T834, T28, 0"><temps name="use"><temp name="T28"/></temps><temps name="def"><temp name="T834"/></temps><temps name="in"><temp name="T28"/></temps><temps name="out"><temp name="T834"/><temp name="T28"/></temps></instruction><instruction code="SETL  T2987, 16"><temps name="use"/><temps name="def"><temp name="T2987"/></temps><temps name="in"><temp name="T834"/><temp name="T28"/></temps><temps name="out"><temp name="T834"/><temp name="T28"/></temps></instruction><instruction code="INCML T2987, 0"><temps name="use"/><temps name="def"><temp name="T2987"/></temps><temps name="in"><temp name="T834"/><temp name="T28"/></temps><temps name="out"><temp name="T834"/><temp name="T28"/></temps></instruction><instruction code="INCMH T2987, 0"><temps name="use"/><temps name="def"><temp name="T2987"/></temps><temps name="in"><temp name="T834"/><temp name="T28"/></temps><temps name="out"><temp name="T834"/><temp name="T28"/></temps></instruction><instruction code="INCH  T2987, 0"><temps name="use"/><temps name="def"><temp name="T2987"/></temps><temps name="in"><temp name="T834"/><temp name="T28"/></temps><temps name="out"><temp name="T834"/><temp name="T2987"/><temp name="T28"/></temps></instruction><instruction code="NEG T2987, 0, T2987"><temps name="use"><temp name="T2987"/></temps><temps name="def"><temp name="T2987"/></temps><temps name="in"><temp name="T834"/><temp name="T2987"/><temp name="T28"/></temps><temps name="out"><temp name="T834"/><temp name="T2987"/><temp name="T28"/></temps></instruction><instruction code="OR T835, T2987, 0"><temps name="use"><temp name="T2987"/></temps><temps name="def"><temp name="T835"/></temps><temps name="in"><temp name="T834"/><temp name="T2987"/><temp name="T28"/></temps><temps name="out"><temp name="T834"/><temp name="T28"/><temp name="T835"/></temps></instruction><instruction code="ADD T2988, T834, T835"><temps name="use"><temp name="T834"/><temp name="T835"/></temps><temps name="def"><temp name="T2988"/></temps><temps name="in"><temp name="T834"/><temp name="T28"/><temp name="T835"/></temps><temps name="out"><temp name="T2988"/><temp name="T28"/></temps></instruction><instruction code="OR T836, T2988, 0"><temps name="use"><temp name="T2988"/></temps><temps name="def"><temp name="T836"/></temps><temps name="in"><temp name="T2988"/><temp name="T28"/></temps><temps name="out"><temp name="T28"/><temp name="T836"/></temps></instruction><instruction code="OR T837, T836, 0"><temps name="use"><temp name="T836"/></temps><temps name="def"><temp name="T837"/></temps><temps name="in"><temp name="T28"/><temp name="T836"/></temps><temps name="out"><temp name="T837"/><temp name="T28"/></temps></instruction><instruction code="SETL  T2990, 9"><temps name="use"/><temps name="def"><temp name="T2990"/></temps><temps name="in"><temp name="T837"/><temp name="T28"/></temps><temps name="out"><temp name="T837"/><temp name="T28"/></temps></instruction><instruction code="INCML T2990, 0"><temps name="use"/><temps name="def"><temp name="T2990"/></temps><temps name="in"><temp name="T837"/><temp name="T28"/></temps><temps name="out"><temp name="T837"/><temp name="T28"/></temps></instruction><instruction code="INCMH T2990, 0"><temps name="use"/><temps name="def"><temp name="T2990"/></temps><temps name="in"><temp name="T837"/><temp name="T28"/></temps><temps name="out"><temp name="T837"/><temp name="T28"/></temps></instruction><instruction code="INCH  T2990, 0"><temps name="use"/><temps name="def"><temp name="T2990"/></temps><temps name="in"><temp name="T837"/><temp name="T28"/></temps><temps name="out"><temp name="T2990"/><temp name="T837"/><temp name="T28"/></temps></instruction><instruction code="OR T838, T2990, 0"><temps name="use"><temp name="T2990"/></temps><temps name="def"><temp name="T838"/></temps><temps name="in"><temp name="T2990"/><temp name="T837"/><temp name="T28"/></temps><temps name="out"><temp name="T837"/><temp name="T838"/><temp name="T28"/></temps></instruction><instruction code="CMP T2991, T837, T838"><temps name="use"><temp name="T837"/><temp name="T838"/></temps><temps name="def"><temp name="T2991"/></temps><temps name="in"><temp name="T837"/><temp name="T838"/><temp name="T28"/></temps><temps name="out"><temp name="T2991"/><temp name="T28"/></temps></instruction><instruction code="ZSN T2991, T2991, 1"><temps name="use"><temp name="T2991"/></temps><temps name="def"><temp name="T2991"/></temps><temps name="in"><temp name="T2991"/><temp name="T28"/></temps><temps name="out"><temp name="T2991"/><temp name="T28"/></temps></instruction><instruction code="OR T839, T2991, 0"><temps name="use"><temp name="T2991"/></temps><temps name="def"><temp name="T839"/></temps><temps name="in"><temp name="T2991"/><temp name="T28"/></temps><temps name="out"><temp name="T28"/><temp name="T839"/></temps></instruction><instruction code="BNZ T839, L91"><temps name="use"><temp name="T839"/></temps><temps name="def"/><temps name="in"><temp name="T28"/><temp name="T839"/></temps><temps name="out"><temp name="T28"/></temps></instruction><instruction code="L153"><temps name="use"/><temps name="def"/><temps name="in"><temp name="T28"/></temps><temps name="out"><temp name="T28"/></temps></instruction><instruction code="LDA T2992, L92"><temps name="use"/><temps name="def"><temp name="T2992"/></temps><temps name="in"><temp name="T28"/></temps><temps name="out"><temp name="T2992"/><temp name="T28"/></temps></instruction><instruction code="GO T2992, T2992, 0"><temps name="use"><temp name="T2992"/></temps><temps name="def"><temp name="T2992"/></temps><temps name="in"><temp name="T2992"/><temp name="T28"/></temps><temps name="out"><temp name="T28"/></temps></instruction><instruction code="L91"><temps name="use"/><temps name="def"/><temps name="in"><temp name="T28"/></temps><temps name="out"><temp name="T28"/></temps></instruction><instruction code="SETL  T2993, 0"><temps name="use"/><temps name="def"><temp name="T2993"/></temps><temps name="in"><temp name="T28"/></temps><temps name="out"><temp name="T28"/></temps></instruction><instruction code="INCML T2993, 0"><temps name="use"/><temps name="def"><temp name="T2993"/></temps><temps name="in"><temp name="T28"/></temps><temps name="out"><temp name="T28"/></temps></instruction><instruction code="INCMH T2993, 0"><temps name="use"/><temps name="def"><temp name="T2993"/></temps><temps name="in"><temp name="T28"/></temps><temps name="out"><temp name="T28"/></temps></instruction><instruction code="INCH  T2993, 0"><temps name="use"/><temps name="def"><temp name="T2993"/></temps><temps name="in"><temp name="T28"/></temps><temps name="out"><temp name="T2993"/><temp name="T28"/></temps></instruction><instruction code="OR T840, T2993, 0"><temps name="use"><temp name="T2993"/></temps><temps name="def"><temp name="T840"/></temps><temps name="in"><temp name="T2993"/><temp name="T28"/></temps><temps name="out"><temp name="T840"/><temp name="T28"/></temps></instruction><instruction code="SETL  T2994, 24"><temps name="use"/><temps name="def"><temp name="T2994"/></temps><temps name="in"><temp name="T840"/><temp name="T28"/></temps><temps name="out"><temp name="T840"/><temp name="T28"/></temps></instruction><instruction code="INCML T2994, 0"><temps name="use"/><temps name="def"><temp name="T2994"/></temps><temps name="in"><temp name="T840"/><temp name="T28"/></temps><temps name="out"><temp name="T840"/><temp name="T28"/></temps></instruction><instruction code="INCMH T2994, 0"><temps name="use"/><temps name="def"><temp name="T2994"/></temps><temps name="in"><temp name="T840"/><temp name="T28"/></temps><temps name="out"><temp name="T840"/><temp name="T28"/></temps></instruction><instruction code="INCH  T2994, 0"><temps name="use"/><temps name="def"><temp name="T2994"/></temps><temps name="in"><temp name="T840"/><temp name="T28"/></temps><temps name="out"><temp name="T840"/><temp name="T28"/><temp name="T2994"/></temps></instruction><instruction code="NEG T2994, 0, T2994"><temps name="use"><temp name="T2994"/></temps><temps name="def"><temp name="T2994"/></temps><temps name="in"><temp name="T840"/><temp name="T28"/><temp name="T2994"/></temps><temps name="out"><temp name="T840"/><temp name="T28"/><temp name="T2994"/></temps></instruction><instruction code="ADD T2995, T28, T2994"><temps name="use"><temp name="T28"/><temp name="T2994"/></temps><temps name="def"><temp name="T2995"/></temps><temps name="in"><temp name="T840"/><temp name="T28"/><temp name="T2994"/></temps><temps name="out"><temp name="T2995"/><temp name="T840"/><temp name="T28"/></temps></instruction><instruction code="STO T2995, T840, 0"><temps name="use"><temp name="T2995"/><temp name="T840"/></temps><temps name="def"/><temps name="in"><temp name="T2995"/><temp name="T840"/><temp name="T28"/></temps><temps name="out"><temp name="T28"/></temps></instruction><instruction code="L87"><temps name="use"/><temps name="def"/><temps name="in"><temp name="T28"/></temps><temps name="out"><temp name="T28"/></temps></instruction><instruction code="OR T841, T28, 0"><temps name="use"><temp name="T28"/></temps><temps name="def"><temp name="T841"/></temps><temps name="in"><temp name="T28"/></temps><temps name="out"><temp name="T28"/><temp name="T841"/></temps></instruction><instruction code="SETL  T2997, 24"><temps name="use"/><temps name="def"><temp name="T2997"/></temps><temps name="in"><temp name="T28"/><temp name="T841"/></temps><temps name="out"><temp name="T28"/><temp name="T841"/></temps></instruction><instruction code="INCML T2997, 0"><temps name="use"/><temps name="def"><temp name="T2997"/></temps><temps name="in"><temp name="T28"/><temp name="T841"/></temps><temps name="out"><temp name="T28"/><temp name="T841"/></temps></instruction><instruction code="INCMH T2997, 0"><temps name="use"/><temps name="def"><temp name="T2997"/></temps><temps name="in"><temp name="T28"/><temp name="T841"/></temps><temps name="out"><temp name="T28"/><temp name="T841"/></temps></instruction><instruction code="INCH  T2997, 0"><temps name="use"/><temps name="def"><temp name="T2997"/></temps><temps name="in"><temp name="T28"/><temp name="T841"/></temps><temps name="out"><temp name="T28"/><temp name="T841"/><temp name="T2997"/></temps></instruction><instruction code="NEG T2997, 0, T2997"><temps name="use"><temp name="T2997"/></temps><temps name="def"><temp name="T2997"/></temps><temps name="in"><temp name="T28"/><temp name="T841"/><temp name="T2997"/></temps><temps name="out"><temp name="T28"/><temp name="T841"/><temp name="T2997"/></temps></instruction><instruction code="OR T842, T2997, 0"><temps name="use"><temp name="T2997"/></temps><temps name="def"><temp name="T842"/></temps><temps name="in"><temp name="T28"/><temp name="T841"/><temp name="T2997"/></temps><temps name="out"><temp name="T28"/><temp name="T841"/><temp name="T842"/></temps></instruction><instruction code="ADD T2998, T841, T842"><temps name="use"><temp name="T841"/><temp name="T842"/></temps><temps name="def"><temp name="T2998"/></temps><temps name="in"><temp name="T28"/><temp name="T841"/><temp name="T842"/></temps><temps name="out"><temp name="T2998"/><temp name="T28"/></temps></instruction><instruction code="OR T843, T2998, 0"><temps name="use"><temp name="T2998"/></temps><temps name="def"><temp name="T843"/></temps><temps name="in"><temp name="T2998"/><temp name="T28"/></temps><temps name="out"><temp name="T843"/><temp name="T28"/></temps></instruction><instruction code="OR T844, T843, 0"><temps name="use"><temp name="T843"/></temps><temps name="def"><temp name="T844"/></temps><temps name="in"><temp name="T843"/><temp name="T28"/></temps><temps name="out"><temp name="T844"/><temp name="T28"/></temps></instruction><instruction code="SETL  T3000, 9"><temps name="use"/><temps name="def"><temp name="T3000"/></temps><temps name="in"><temp name="T844"/><temp name="T28"/></temps><temps name="out"><temp name="T844"/><temp name="T28"/></temps></instruction><instruction code="INCML T3000, 0"><temps name="use"/><temps name="def"><temp name="T3000"/></temps><temps name="in"><temp name="T844"/><temp name="T28"/></temps><temps name="out"><temp name="T844"/><temp name="T28"/></temps></instruction><instruction code="INCMH T3000, 0"><temps name="use"/><temps name="def"><temp name="T3000"/></temps><temps name="in"><temp name="T844"/><temp name="T28"/></temps><temps name="out"><temp name="T844"/><temp name="T28"/></temps></instruction><instruction code="INCH  T3000, 0"><temps name="use"/><temps name="def"><temp name="T3000"/></temps><temps name="in"><temp name="T844"/><temp name="T28"/></temps><temps name="out"><temp name="T3000"/><temp name="T844"/><temp name="T28"/></temps></instruction><instruction code="OR T845, T3000, 0"><temps name="use"><temp name="T3000"/></temps><temps name="def"><temp name="T845"/></temps><temps name="in"><temp name="T3000"/><temp name="T844"/><temp name="T28"/></temps><temps name="out"><temp name="T844"/><temp name="T845"/><temp name="T28"/></temps></instruction><instruction code="CMP T3001, T844, T845"><temps name="use"><temp name="T844"/><temp name="T845"/></temps><temps name="def"><temp name="T3001"/></temps><temps name="in"><temp name="T844"/><temp name="T845"/><temp name="T28"/></temps><temps name="out"><temp name="T3001"/><temp name="T28"/></temps></instruction><instruction code="ZSN T3001, T3001, 1"><temps name="use"><temp name="T3001"/></temps><temps name="def"><temp name="T3001"/></temps><temps name="in"><temp name="T3001"/><temp name="T28"/></temps><temps name="out"><temp name="T3001"/><temp name="T28"/></temps></instruction><instruction code="OR T846, T3001, 0"><temps name="use"><temp name="T3001"/></temps><temps name="def"><temp name="T846"/></temps><temps name="in"><temp name="T3001"/><temp name="T28"/></temps><temps name="out"><temp name="T28"/><temp name="T846"/></temps></instruction><instruction code="BNZ T846, L88"><temps name="use"><temp name="T846"/></temps><temps name="def"/><temps name="in"><temp name="T28"/><temp name="T846"/></temps><temps name="out"><temp name="T28"/></temps></instruction><instruction code="L154"><temps name="use"/><temps name="def"/><temps name="in"><temp name="T28"/></temps><temps name="out"><temp name="T28"/></temps></instruction><instruction code="LDA T3002, L89"><temps name="use"/><temps name="def"><temp name="T3002"/></temps><temps name="in"><temp name="T28"/></temps><temps name="out"><temp name="T3002"/><temp name="T28"/></temps></instruction><instruction code="GO T3002, T3002, 0"><temps name="use"><temp name="T3002"/></temps><temps name="def"><temp name="T3002"/></temps><temps name="in"><temp name="T3002"/><temp name="T28"/></temps><temps name="out"><temp name="T28"/></temps></instruction><instruction code="L88"><temps name="use"/><temps name="def"/><temps name="in"><temp name="T28"/></temps><temps name="out"><temp name="T28"/></temps></instruction><instruction code="SETL  T3003, 0"><temps name="use"/><temps name="def"><temp name="T3003"/></temps><temps name="in"><temp name="T28"/></temps><temps name="out"><temp name="T28"/></temps></instruction><instruction code="INCML T3003, 0"><temps name="use"/><temps name="def"><temp name="T3003"/></temps><temps name="in"><temp name="T28"/></temps><temps name="out"><temp name="T28"/></temps></instruction><instruction code="INCMH T3003, 0"><temps name="use"/><temps name="def"><temp name="T3003"/></temps><temps name="in"><temp name="T28"/></temps><temps name="out"><temp name="T28"/></temps></instruction><instruction code="INCH  T3003, 0"><temps name="use"/><temps name="def"><temp name="T3003"/></temps><temps name="in"><temp name="T28"/></temps><temps name="out"><temp name="T28"/><temp name="T3003"/></temps></instruction><instruction code="OR T847, T3003, 0"><temps name="use"><temp name="T3003"/></temps><temps name="def"><temp name="T847"/></temps><temps name="in"><temp name="T28"/><temp name="T3003"/></temps><temps name="out"><temp name="T847"/><temp name="T28"/></temps></instruction><instruction code="OR T848, T28, 0"><temps name="use"><temp name="T28"/></temps><temps name="def"><temp name="T848"/></temps><temps name="in"><temp name="T847"/><temp name="T28"/></temps><temps name="out"><temp name="T847"/><temp name="T848"/><temp name="T28"/></temps></instruction><instruction code="OR T849, T848, 0"><temps name="use"><temp name="T848"/></temps><temps name="def"><temp name="T849"/></temps><temps name="in"><temp name="T847"/><temp name="T848"/><temp name="T28"/></temps><temps name="out"><temp name="T847"/><temp name="T28"/><temp name="T849"/></temps></instruction><instruction code="SETL  T3005, 8"><temps name="use"/><temps name="def"><temp name="T3005"/></temps><temps name="in"><temp name="T847"/><temp name="T28"/><temp name="T849"/></temps><temps name="out"><temp name="T847"/><temp name="T28"/><temp name="T849"/></temps></instruction><instruction code="INCML T3005, 0"><temps name="use"/><temps name="def"><temp name="T3005"/></temps><temps name="in"><temp name="T847"/><temp name="T28"/><temp name="T849"/></temps><temps name="out"><temp name="T847"/><temp name="T28"/><temp name="T849"/></temps></instruction><instruction code="INCMH T3005, 0"><temps name="use"/><temps name="def"><temp name="T3005"/></temps><temps name="in"><temp name="T847"/><temp name="T28"/><temp name="T849"/></temps><temps name="out"><temp name="T847"/><temp name="T28"/><temp name="T849"/></temps></instruction><instruction code="INCH  T3005, 0"><temps name="use"/><temps name="def"><temp name="T3005"/></temps><temps name="in"><temp name="T847"/><temp name="T28"/><temp name="T849"/></temps><temps name="out"><temp name="T3005"/><temp name="T847"/><temp name="T28"/><temp name="T849"/></temps></instruction><instruction code="OR T850, T3005, 0"><temps name="use"><temp name="T3005"/></temps><temps name="def"><temp name="T850"/></temps><temps name="in"><temp name="T3005"/><temp name="T847"/><temp name="T28"/><temp name="T849"/></temps><temps name="out"><temp name="T847"/><temp name="T28"/><temp name="T849"/><temp name="T850"/></temps></instruction><instruction code="ADD T3006, T849, T850"><temps name="use"><temp name="T849"/><temp name="T850"/></temps><temps name="def"><temp name="T3006"/></temps><temps name="in"><temp name="T847"/><temp name="T28"/><temp name="T849"/><temp name="T850"/></temps><temps name="out"><temp name="T847"/><temp name="T28"/><temp name="T3006"/></temps></instruction><instruction code="OR T851, T3006, 0"><temps name="use"><temp name="T3006"/></temps><temps name="def"><temp name="T851"/></temps><temps name="in"><temp name="T847"/><temp name="T28"/><temp name="T3006"/></temps><temps name="out"><temp name="T851"/><temp name="T847"/><temp name="T28"/></temps></instruction><instruction code="OR T852, T851, 0"><temps name="use"><temp name="T851"/></temps><temps name="def"><temp name="T852"/></temps><temps name="in"><temp name="T851"/><temp name="T847"/><temp name="T28"/></temps><temps name="out"><temp name="T852"/><temp name="T847"/><temp name="T28"/></temps></instruction><instruction code="OR T853, T28, 0"><temps name="use"><temp name="T28"/></temps><temps name="def"><temp name="T853"/></temps><temps name="in"><temp name="T852"/><temp name="T847"/><temp name="T28"/></temps><temps name="out"><temp name="T852"/><temp name="T847"/><temp name="T853"/><temp name="T28"/></temps></instruction><instruction code="SETL  T3008, 16"><temps name="use"/><temps name="def"><temp name="T3008"/></temps><temps name="in"><temp name="T852"/><temp name="T847"/><temp name="T853"/><temp name="T28"/></temps><temps name="out"><temp name="T852"/><temp name="T847"/><temp name="T853"/><temp name="T28"/></temps></instruction><instruction code="INCML T3008, 0"><temps name="use"/><temps name="def"><temp name="T3008"/></temps><temps name="in"><temp name="T852"/><temp name="T847"/><temp name="T853"/><temp name="T28"/></temps><temps name="out"><temp name="T852"/><temp name="T847"/><temp name="T853"/><temp name="T28"/></temps></instruction><instruction code="INCMH T3008, 0"><temps name="use"/><temps name="def"><temp name="T3008"/></temps><temps name="in"><temp name="T852"/><temp name="T847"/><temp name="T853"/><temp name="T28"/></temps><temps name="out"><temp name="T852"/><temp name="T847"/><temp name="T853"/><temp name="T28"/></temps></instruction><instruction code="INCH  T3008, 0"><temps name="use"/><temps name="def"><temp name="T3008"/></temps><temps name="in"><temp name="T852"/><temp name="T847"/><temp name="T853"/><temp name="T28"/></temps><temps name="out"><temp name="T3008"/><temp name="T852"/><temp name="T847"/><temp name="T853"/><temp name="T28"/></temps></instruction><instruction code="NEG T3008, 0, T3008"><temps name="use"><temp name="T3008"/></temps><temps name="def"><temp name="T3008"/></temps><temps name="in"><temp name="T3008"/><temp name="T852"/><temp name="T847"/><temp name="T853"/><temp name="T28"/></temps><temps name="out"><temp name="T3008"/><temp name="T852"/><temp name="T847"/><temp name="T853"/><temp name="T28"/></temps></instruction><instruction code="OR T854, T3008, 0"><temps name="use"><temp name="T3008"/></temps><temps name="def"><temp name="T854"/></temps><temps name="in"><temp name="T3008"/><temp name="T852"/><temp name="T847"/><temp name="T853"/><temp name="T28"/></temps><temps name="out"><temp name="T854"/><temp name="T852"/><temp name="T847"/><temp name="T853"/><temp name="T28"/></temps></instruction><instruction code="ADD T3009, T853, T854"><temps name="use"><temp name="T853"/><temp name="T854"/></temps><temps name="def"><temp name="T3009"/></temps><temps name="in"><temp name="T854"/><temp name="T852"/><temp name="T847"/><temp name="T853"/><temp name="T28"/></temps><temps name="out"><temp name="T3009"/><temp name="T852"/><temp name="T847"/><temp name="T28"/></temps></instruction><instruction code="OR T855, T3009, 0"><temps name="use"><temp name="T3009"/></temps><temps name="def"><temp name="T855"/></temps><temps name="in"><temp name="T3009"/><temp name="T852"/><temp name="T847"/><temp name="T28"/></temps><temps name="out"><temp name="T852"/><temp name="T847"/><temp name="T855"/><temp name="T28"/></temps></instruction><instruction code="OR T856, T855, 0"><temps name="use"><temp name="T855"/></temps><temps name="def"><temp name="T856"/></temps><temps name="in"><temp name="T852"/><temp name="T847"/><temp name="T855"/><temp name="T28"/></temps><temps name="out"><temp name="T852"/><temp name="T847"/><temp name="T28"/><temp name="T856"/></temps></instruction><instruction code="SETL  T3011, 72"><temps name="use"/><temps name="def"><temp name="T3011"/></temps><temps name="in"><temp name="T852"/><temp name="T847"/><temp name="T28"/><temp name="T856"/></temps><temps name="out"><temp name="T852"/><temp name="T847"/><temp name="T28"/><temp name="T856"/></temps></instruction><instruction code="INCML T3011, 0"><temps name="use"/><temps name="def"><temp name="T3011"/></temps><temps name="in"><temp name="T852"/><temp name="T847"/><temp name="T28"/><temp name="T856"/></temps><temps name="out"><temp name="T852"/><temp name="T847"/><temp name="T28"/><temp name="T856"/></temps></instruction><instruction code="INCMH T3011, 0"><temps name="use"/><temps name="def"><temp name="T3011"/></temps><temps name="in"><temp name="T852"/><temp name="T847"/><temp name="T28"/><temp name="T856"/></temps><temps name="out"><temp name="T852"/><temp name="T847"/><temp name="T28"/><temp name="T856"/></temps></instruction><instruction code="INCH  T3011, 0"><temps name="use"/><temps name="def"><temp name="T3011"/></temps><temps name="in"><temp name="T852"/><temp name="T847"/><temp name="T28"/><temp name="T856"/></temps><temps name="out"><temp name="T3011"/><temp name="T852"/><temp name="T847"/><temp name="T28"/><temp name="T856"/></temps></instruction><instruction code="OR T857, T3011, 0"><temps name="use"><temp name="T3011"/></temps><temps name="def"><temp name="T857"/></temps><temps name="in"><temp name="T3011"/><temp name="T852"/><temp name="T847"/><temp name="T28"/><temp name="T856"/></temps><temps name="out"><temp name="T857"/><temp name="T852"/><temp name="T847"/><temp name="T28"/><temp name="T856"/></temps></instruction><instruction code="MUL T3012, T856, T857"><temps name="use"><temp name="T856"/><temp name="T857"/></temps><temps name="def"><temp name="T3012"/></temps><temps name="in"><temp name="T857"/><temp name="T852"/><temp name="T847"/><temp name="T28"/><temp name="T856"/></temps><temps name="out"><temp name="T852"/><temp name="T847"/><temp name="T28"/><temp name="T3012"/></temps></instruction><instruction code="OR T858, T3012, 0"><temps name="use"><temp name="T3012"/></temps><temps name="def"><temp name="T858"/></temps><temps name="in"><temp name="T852"/><temp name="T847"/><temp name="T28"/><temp name="T3012"/></temps><temps name="out"><temp name="T852"/><temp name="T847"/><temp name="T858"/><temp name="T28"/></temps></instruction><instruction code="ADD T3013, T852, T858"><temps name="use"><temp name="T852"/><temp name="T858"/></temps><temps name="def"><temp name="T3013"/></temps><temps name="in"><temp name="T852"/><temp name="T847"/><temp name="T858"/><temp name="T28"/></temps><temps name="out"><temp name="T3013"/><temp name="T847"/><temp name="T28"/></temps></instruction><instruction code="OR T859, T3013, 0"><temps name="use"><temp name="T3013"/></temps><temps name="def"><temp name="T859"/></temps><temps name="in"><temp name="T3013"/><temp name="T847"/><temp name="T28"/></temps><temps name="out"><temp name="T847"/><temp name="T859"/><temp name="T28"/></temps></instruction><instruction code="OR T860, T28, 0"><temps name="use"><temp name="T28"/></temps><temps name="def"><temp name="T860"/></temps><temps name="in"><temp name="T847"/><temp name="T859"/><temp name="T28"/></temps><temps name="out"><temp name="T860"/><temp name="T847"/><temp name="T859"/><temp name="T28"/></temps></instruction><instruction code="SETL  T3014, 24"><temps name="use"/><temps name="def"><temp name="T3014"/></temps><temps name="in"><temp name="T860"/><temp name="T847"/><temp name="T859"/><temp name="T28"/></temps><temps name="out"><temp name="T860"/><temp name="T847"/><temp name="T859"/><temp name="T28"/></temps></instruction><instruction code="INCML T3014, 0"><temps name="use"/><temps name="def"><temp name="T3014"/></temps><temps name="in"><temp name="T860"/><temp name="T847"/><temp name="T859"/><temp name="T28"/></temps><temps name="out"><temp name="T860"/><temp name="T847"/><temp name="T859"/><temp name="T28"/></temps></instruction><instruction code="INCMH T3014, 0"><temps name="use"/><temps name="def"><temp name="T3014"/></temps><temps name="in"><temp name="T860"/><temp name="T847"/><temp name="T859"/><temp name="T28"/></temps><temps name="out"><temp name="T860"/><temp name="T847"/><temp name="T859"/><temp name="T28"/></temps></instruction><instruction code="INCH  T3014, 0"><temps name="use"/><temps name="def"><temp name="T3014"/></temps><temps name="in"><temp name="T860"/><temp name="T847"/><temp name="T859"/><temp name="T28"/></temps><temps name="out"><temp name="T860"/><temp name="T847"/><temp name="T3014"/><temp name="T859"/><temp name="T28"/></temps></instruction><instruction code="NEG T3014, 0, T3014"><temps name="use"><temp name="T3014"/></temps><temps name="def"><temp name="T3014"/></temps><temps name="in"><temp name="T860"/><temp name="T847"/><temp name="T3014"/><temp name="T859"/><temp name="T28"/></temps><temps name="out"><temp name="T860"/><temp name="T847"/><temp name="T3014"/><temp name="T859"/><temp name="T28"/></temps></instruction><instruction code="OR T861, T3014, 0"><temps name="use"><temp name="T3014"/></temps><temps name="def"><temp name="T861"/></temps><temps name="in"><temp name="T860"/><temp name="T847"/><temp name="T3014"/><temp name="T859"/><temp name="T28"/></temps><temps name="out"><temp name="T860"/><temp name="T861"/><temp name="T847"/><temp name="T859"/><temp name="T28"/></temps></instruction><instruction code="ADD T3015, T860, T861"><temps name="use"><temp name="T860"/><temp name="T861"/></temps><temps name="def"><temp name="T3015"/></temps><temps name="in"><temp name="T860"/><temp name="T861"/><temp name="T847"/><temp name="T859"/><temp name="T28"/></temps><temps name="out"><temp name="T847"/><temp name="T3015"/><temp name="T859"/><temp name="T28"/></temps></instruction><instruction code="OR T862, T3015, 0"><temps name="use"><temp name="T3015"/></temps><temps name="def"><temp name="T862"/></temps><temps name="in"><temp name="T847"/><temp name="T3015"/><temp name="T859"/><temp name="T28"/></temps><temps name="out"><temp name="T847"/><temp name="T862"/><temp name="T859"/><temp name="T28"/></temps></instruction><instruction code="OR T863, T862, 0"><temps name="use"><temp name="T862"/></temps><temps name="def"><temp name="T863"/></temps><temps name="in"><temp name="T847"/><temp name="T862"/><temp name="T859"/><temp name="T28"/></temps><temps name="out"><temp name="T847"/><temp name="T859"/><temp name="T28"/><temp name="T863"/></temps></instruction><instruction code="SETL  T3017, 8"><temps name="use"/><temps name="def"><temp name="T3017"/></temps><temps name="in"><temp name="T847"/><temp name="T859"/><temp name="T28"/><temp name="T863"/></temps><temps name="out"><temp name="T847"/><temp name="T859"/><temp name="T28"/><temp name="T863"/></temps></instruction><instruction code="INCML T3017, 0"><temps name="use"/><temps name="def"><temp name="T3017"/></temps><temps name="in"><temp name="T847"/><temp name="T859"/><temp name="T28"/><temp name="T863"/></temps><temps name="out"><temp name="T847"/><temp name="T859"/><temp name="T28"/><temp name="T863"/></temps></instruction><instruction code="INCMH T3017, 0"><temps name="use"/><temps name="def"><temp name="T3017"/></temps><temps name="in"><temp name="T847"/><temp name="T859"/><temp name="T28"/><temp name="T863"/></temps><temps name="out"><temp name="T847"/><temp name="T859"/><temp name="T28"/><temp name="T863"/></temps></instruction><instruction code="INCH  T3017, 0"><temps name="use"/><temps name="def"><temp name="T3017"/></temps><temps name="in"><temp name="T847"/><temp name="T859"/><temp name="T28"/><temp name="T863"/></temps><temps name="out"><temp name="T847"/><temp name="T3017"/><temp name="T859"/><temp name="T28"/><temp name="T863"/></temps></instruction><instruction code="OR T864, T3017, 0"><temps name="use"><temp name="T3017"/></temps><temps name="def"><temp name="T864"/></temps><temps name="in"><temp name="T847"/><temp name="T3017"/><temp name="T859"/><temp name="T28"/><temp name="T863"/></temps><temps name="out"><temp name="T847"/><temp name="T859"/><temp name="T28"/><temp name="T863"/><temp name="T864"/></temps></instruction><instruction code="MUL T3018, T863, T864"><temps name="use"><temp name="T863"/><temp name="T864"/></temps><temps name="def"><temp name="T3018"/></temps><temps name="in"><temp name="T847"/><temp name="T859"/><temp name="T28"/><temp name="T863"/><temp name="T864"/></temps><temps name="out"><temp name="T3018"/><temp name="T847"/><temp name="T859"/><temp name="T28"/></temps></instruction><instruction code="OR T865, T3018, 0"><temps name="use"><temp name="T3018"/></temps><temps name="def"><temp name="T865"/></temps><temps name="in"><temp name="T3018"/><temp name="T847"/><temp name="T859"/><temp name="T28"/></temps><temps name="out"><temp name="T865"/><temp name="T847"/><temp name="T859"/><temp name="T28"/></temps></instruction><instruction code="ADD T3019, T859, T865"><temps name="use"><temp name="T859"/><temp name="T865"/></temps><temps name="def"><temp name="T3019"/></temps><temps name="in"><temp name="T865"/><temp name="T847"/><temp name="T859"/><temp name="T28"/></temps><temps name="out"><temp name="T847"/><temp name="T3019"/><temp name="T28"/></temps></instruction><instruction code="OR T866, T3019, 0"><temps name="use"><temp name="T3019"/></temps><temps name="def"><temp name="T866"/></temps><temps name="in"><temp name="T847"/><temp name="T3019"/><temp name="T28"/></temps><temps name="out"><temp name="T847"/><temp name="T866"/><temp name="T28"/></temps></instruction><instruction code="OR T867, T866, 0"><temps name="use"><temp name="T866"/></temps><temps name="def"><temp name="T867"/></temps><temps name="in"><temp name="T847"/><temp name="T866"/><temp name="T28"/></temps><temps name="out"><temp name="T847"/><temp name="T28"/><temp name="T867"/></temps></instruction><instruction code="STO T847, $254, 8"><temps name="use"><temp name="T847"/></temps><temps name="def"/><temps name="in"><temp name="T847"/><temp name="T28"/><temp name="T867"/></temps><temps name="out"><temp name="T28"/><temp name="T867"/></temps></instruction><instruction code="STO T867, $254, 16"><temps name="use"><temp name="T867"/></temps><temps name="def"/><temps name="in"><temp name="T28"/><temp name="T867"/></temps><temps name="out"><temp name="T28"/></temps></instruction><instruction code="LDA T3021, _putInt"><temps name="use"/><temps name="def"><temp name="T3021"/></temps><temps name="in"><temp name="T28"/></temps><temps name="out"><temp name="T28"/><temp name="T3021"/></temps></instruction><instruction code="PUSHJ $16, T3021, 0"><temps name="use"><temp name="T3021"/></temps><temps name="def"/><temps name="in"><temp name="T28"/><temp name="T3021"/></temps><temps name="out"><temp name="T28"/></temps></instruction><instruction code="LDO T3022, $254, 0"><temps name="use"/><temps name="def"><temp name="T3022"/></temps><temps name="in"><temp name="T28"/></temps><temps name="out"><temp name="T28"/><temp name="T3022"/></temps></instruction><instruction code="OR T868, T3022, 0"><temps name="use"><temp name="T3022"/></temps><temps name="def"><temp name="T868"/></temps><temps name="in"><temp name="T28"/><temp name="T3022"/></temps><temps name="out"><temp name="T28"/></temps></instruction><instruction code="SETL  T3023, 0"><temps name="use"/><temps name="def"><temp name="T3023"/></temps><temps name="in"><temp name="T28"/></temps><temps name="out"><temp name="T28"/></temps></instruction><instruction code="INCML T3023, 0"><temps name="use"/><temps name="def"><temp name="T3023"/></temps><temps name="in"><temp name="T28"/></temps><temps name="out"><temp name="T28"/></temps></instruction><instruction code="INCMH T3023, 0"><temps name="use"/><temps name="def"><temp name="T3023"/></temps><temps name="in"><temp name="T28"/></temps><temps name="out"><temp name="T28"/></temps></instruction><instruction code="INCH  T3023, 0"><temps name="use"/><temps name="def"><temp name="T3023"/></temps><temps name="in"><temp name="T28"/></temps><temps name="out"><temp name="T3023"/><temp name="T28"/></temps></instruction><instruction code="OR T869, T3023, 0"><temps name="use"><temp name="T3023"/></temps><temps name="def"><temp name="T869"/></temps><temps name="in"><temp name="T3023"/><temp name="T28"/></temps><temps name="out"><temp name="T869"/><temp name="T28"/></temps></instruction><instruction code="SETL  T3024, 32"><temps name="use"/><temps name="def"><temp name="T3024"/></temps><temps name="in"><temp name="T869"/><temp name="T28"/></temps><temps name="out"><temp name="T869"/><temp name="T28"/></temps></instruction><instruction code="INCML T3024, 0"><temps name="use"/><temps name="def"><temp name="T3024"/></temps><temps name="in"><temp name="T869"/><temp name="T28"/></temps><temps name="out"><temp name="T869"/><temp name="T28"/></temps></instruction><instruction code="INCMH T3024, 0"><temps name="use"/><temps name="def"><temp name="T3024"/></temps><temps name="in"><temp name="T869"/><temp name="T28"/></temps><temps name="out"><temp name="T869"/><temp name="T28"/></temps></instruction><instruction code="INCH  T3024, 0"><temps name="use"/><temps name="def"><temp name="T3024"/></temps><temps name="in"><temp name="T869"/><temp name="T28"/></temps><temps name="out"><temp name="T869"/><temp name="T28"/><temp name="T3024"/></temps></instruction><instruction code="OR T870, T3024, 0"><temps name="use"><temp name="T3024"/></temps><temps name="def"><temp name="T870"/></temps><temps name="in"><temp name="T869"/><temp name="T28"/><temp name="T3024"/></temps><temps name="out"><temp name="T870"/><temp name="T869"/><temp name="T28"/></temps></instruction><instruction code="STO T869, $254, 8"><temps name="use"><temp name="T869"/></temps><temps name="def"/><temps name="in"><temp name="T870"/><temp name="T869"/><temp name="T28"/></temps><temps name="out"><temp name="T870"/><temp name="T28"/></temps></instruction><instruction code="STO T870, $254, 16"><temps name="use"><temp name="T870"/></temps><temps name="def"/><temps name="in"><temp name="T870"/><temp name="T28"/></temps><temps name="out"><temp name="T28"/></temps></instruction><instruction code="LDA T3025, _putChar"><temps name="use"/><temps name="def"><temp name="T3025"/></temps><temps name="in"><temp name="T28"/></temps><temps name="out"><temp name="T3025"/><temp name="T28"/></temps></instruction><instruction code="PUSHJ $16, T3025, 0"><temps name="use"><temp name="T3025"/></temps><temps name="def"/><temps name="in"><temp name="T3025"/><temp name="T28"/></temps><temps name="out"><temp name="T28"/></temps></instruction><instruction code="LDO T3026, $254, 0"><temps name="use"/><temps name="def"><temp name="T3026"/></temps><temps name="in"><temp name="T28"/></temps><temps name="out"><temp name="T3026"/><temp name="T28"/></temps></instruction><instruction code="OR T871, T3026, 0"><temps name="use"><temp name="T3026"/></temps><temps name="def"><temp name="T871"/></temps><temps name="in"><temp name="T3026"/><temp name="T28"/></temps><temps name="out"><temp name="T28"/></temps></instruction><instruction code="OR T872, T28, 0"><temps name="use"><temp name="T28"/></temps><temps name="def"><temp name="T872"/></temps><temps name="in"><temp name="T28"/></temps><temps name="out"><temp name="T872"/><temp name="T28"/></temps></instruction><instruction code="SETL  T3027, 24"><temps name="use"/><temps name="def"><temp name="T3027"/></temps><temps name="in"><temp name="T872"/><temp name="T28"/></temps><temps name="out"><temp name="T872"/><temp name="T28"/></temps></instruction><instruction code="INCML T3027, 0"><temps name="use"/><temps name="def"><temp name="T3027"/></temps><temps name="in"><temp name="T872"/><temp name="T28"/></temps><temps name="out"><temp name="T872"/><temp name="T28"/></temps></instruction><instruction code="INCMH T3027, 0"><temps name="use"/><temps name="def"><temp name="T3027"/></temps><temps name="in"><temp name="T872"/><temp name="T28"/></temps><temps name="out"><temp name="T872"/><temp name="T28"/></temps></instruction><instruction code="INCH  T3027, 0"><temps name="use"/><temps name="def"><temp name="T3027"/></temps><temps name="in"><temp name="T872"/><temp name="T28"/></temps><temps name="out"><temp name="T872"/><temp name="T28"/><temp name="T3027"/></temps></instruction><instruction code="NEG T3027, 0, T3027"><temps name="use"><temp name="T3027"/></temps><temps name="def"><temp name="T3027"/></temps><temps name="in"><temp name="T872"/><temp name="T28"/><temp name="T3027"/></temps><temps name="out"><temp name="T872"/><temp name="T28"/><temp name="T3027"/></temps></instruction><instruction code="OR T873, T3027, 0"><temps name="use"><temp name="T3027"/></temps><temps name="def"><temp name="T873"/></temps><temps name="in"><temp name="T872"/><temp name="T28"/><temp name="T3027"/></temps><temps name="out"><temp name="T872"/><temp name="T28"/><temp name="T873"/></temps></instruction><instruction code="ADD T3028, T872, T873"><temps name="use"><temp name="T872"/><temp name="T873"/></temps><temps name="def"><temp name="T3028"/></temps><temps name="in"><temp name="T872"/><temp name="T28"/><temp name="T873"/></temps><temps name="out"><temp name="T3028"/><temp name="T28"/></temps></instruction><instruction code="OR T874, T3028, 0"><temps name="use"><temp name="T3028"/></temps><temps name="def"><temp name="T874"/></temps><temps name="in"><temp name="T3028"/><temp name="T28"/></temps><temps name="out"><temp name="T874"/><temp name="T28"/></temps></instruction><instruction code="OR T875, T874, 0"><temps name="use"><temp name="T874"/></temps><temps name="def"><temp name="T875"/></temps><temps name="in"><temp name="T874"/><temp name="T28"/></temps><temps name="out"><temp name="T875"/><temp name="T28"/></temps></instruction><instruction code="SETL  T3030, 1"><temps name="use"/><temps name="def"><temp name="T3030"/></temps><temps name="in"><temp name="T875"/><temp name="T28"/></temps><temps name="out"><temp name="T875"/><temp name="T28"/></temps></instruction><instruction code="INCML T3030, 0"><temps name="use"/><temps name="def"><temp name="T3030"/></temps><temps name="in"><temp name="T875"/><temp name="T28"/></temps><temps name="out"><temp name="T875"/><temp name="T28"/></temps></instruction><instruction code="INCMH T3030, 0"><temps name="use"/><temps name="def"><temp name="T3030"/></temps><temps name="in"><temp name="T875"/><temp name="T28"/></temps><temps name="out"><temp name="T875"/><temp name="T28"/></temps></instruction><instruction code="INCH  T3030, 0"><temps name="use"/><temps name="def"><temp name="T3030"/></temps><temps name="in"><temp name="T875"/><temp name="T28"/></temps><temps name="out"><temp name="T875"/><temp name="T28"/><temp name="T3030"/></temps></instruction><instruction code="OR T876, T3030, 0"><temps name="use"><temp name="T3030"/></temps><temps name="def"><temp name="T876"/></temps><temps name="in"><temp name="T875"/><temp name="T28"/><temp name="T3030"/></temps><temps name="out"><temp name="T875"/><temp name="T28"/><temp name="T876"/></temps></instruction><instruction code="ADD T3031, T875, T876"><temps name="use"><temp name="T875"/><temp name="T876"/></temps><temps name="def"><temp name="T3031"/></temps><temps name="in"><temp name="T875"/><temp name="T28"/><temp name="T876"/></temps><temps name="out"><temp name="T3031"/><temp name="T28"/></temps></instruction><instruction code="OR T877, T3031, 0"><temps name="use"><temp name="T3031"/></temps><temps name="def"><temp name="T877"/></temps><temps name="in"><temp name="T3031"/><temp name="T28"/></temps><temps name="out"><temp name="T28"/><temp name="T877"/></temps></instruction><instruction code="SETL  T3032, 24"><temps name="use"/><temps name="def"><temp name="T3032"/></temps><temps name="in"><temp name="T28"/><temp name="T877"/></temps><temps name="out"><temp name="T28"/><temp name="T877"/></temps></instruction><instruction code="INCML T3032, 0"><temps name="use"/><temps name="def"><temp name="T3032"/></temps><temps name="in"><temp name="T28"/><temp name="T877"/></temps><temps name="out"><temp name="T28"/><temp name="T877"/></temps></instruction><instruction code="INCMH T3032, 0"><temps name="use"/><temps name="def"><temp name="T3032"/></temps><temps name="in"><temp name="T28"/><temp name="T877"/></temps><temps name="out"><temp name="T28"/><temp name="T877"/></temps></instruction><instruction code="INCH  T3032, 0"><temps name="use"/><temps name="def"><temp name="T3032"/></temps><temps name="in"><temp name="T28"/><temp name="T877"/></temps><temps name="out"><temp name="T3032"/><temp name="T28"/><temp name="T877"/></temps></instruction><instruction code="NEG T3032, 0, T3032"><temps name="use"><temp name="T3032"/></temps><temps name="def"><temp name="T3032"/></temps><temps name="in"><temp name="T3032"/><temp name="T28"/><temp name="T877"/></temps><temps name="out"><temp name="T3032"/><temp name="T28"/><temp name="T877"/></temps></instruction><instruction code="ADD T3033, T28, T3032"><temps name="use"><temp name="T28"/><temp name="T3032"/></temps><temps name="def"><temp name="T3033"/></temps><temps name="in"><temp name="T3032"/><temp name="T28"/><temp name="T877"/></temps><temps name="out"><temp name="T3033"/><temp name="T877"/><temp name="T28"/></temps></instruction><instruction code="STO T3033, T877, 0"><temps name="use"><temp name="T3033"/><temp name="T877"/></temps><temps name="def"/><temps name="in"><temp name="T3033"/><temp name="T877"/><temp name="T28"/></temps><temps name="out"><temp name="T28"/></temps></instruction><instruction code="LDA T3035, L87"><temps name="use"/><temps name="def"><temp name="T3035"/></temps><temps name="in"><temp name="T28"/></temps><temps name="out"><temp name="T3035"/><temp name="T28"/></temps></instruction><instruction code="GO T3035, T3035, 0"><temps name="use"><temp name="T3035"/></temps><temps name="def"><temp name="T3035"/></temps><temps name="in"><temp name="T3035"/><temp name="T28"/></temps><temps name="out"><temp name="T28"/></temps></instruction><instruction code="L89"><temps name="use"/><temps name="def"/><temps name="in"><temp name="T28"/></temps><temps name="out"><temp name="T28"/></temps></instruction><instruction code="SETL  T3036, 0"><temps name="use"/><temps name="def"><temp name="T3036"/></temps><temps name="in"><temp name="T28"/></temps><temps name="out"><temp name="T28"/></temps></instruction><instruction code="INCML T3036, 0"><temps name="use"/><temps name="def"><temp name="T3036"/></temps><temps name="in"><temp name="T28"/></temps><temps name="out"><temp name="T28"/></temps></instruction><instruction code="INCMH T3036, 0"><temps name="use"/><temps name="def"><temp name="T3036"/></temps><temps name="in"><temp name="T28"/></temps><temps name="out"><temp name="T28"/></temps></instruction><instruction code="INCH  T3036, 0"><temps name="use"/><temps name="def"><temp name="T3036"/></temps><temps name="in"><temp name="T28"/></temps><temps name="out"><temp name="T3036"/><temp name="T28"/></temps></instruction><instruction code="OR T878, T3036, 0"><temps name="use"><temp name="T3036"/></temps><temps name="def"><temp name="T878"/></temps><temps name="in"><temp name="T3036"/><temp name="T28"/></temps><temps name="out"><temp name="T878"/><temp name="T28"/></temps></instruction><instruction code="SETL  T3037, 10"><temps name="use"/><temps name="def"><temp name="T3037"/></temps><temps name="in"><temp name="T878"/><temp name="T28"/></temps><temps name="out"><temp name="T878"/><temp name="T28"/></temps></instruction><instruction code="INCML T3037, 0"><temps name="use"/><temps name="def"><temp name="T3037"/></temps><temps name="in"><temp name="T878"/><temp name="T28"/></temps><temps name="out"><temp name="T878"/><temp name="T28"/></temps></instruction><instruction code="INCMH T3037, 0"><temps name="use"/><temps name="def"><temp name="T3037"/></temps><temps name="in"><temp name="T878"/><temp name="T28"/></temps><temps name="out"><temp name="T878"/><temp name="T28"/></temps></instruction><instruction code="INCH  T3037, 0"><temps name="use"/><temps name="def"><temp name="T3037"/></temps><temps name="in"><temp name="T878"/><temp name="T28"/></temps><temps name="out"><temp name="T878"/><temp name="T28"/><temp name="T3037"/></temps></instruction><instruction code="OR T879, T3037, 0"><temps name="use"><temp name="T3037"/></temps><temps name="def"><temp name="T879"/></temps><temps name="in"><temp name="T878"/><temp name="T28"/><temp name="T3037"/></temps><temps name="out"><temp name="T879"/><temp name="T878"/><temp name="T28"/></temps></instruction><instruction code="SETL  T3038, 256"><temps name="use"/><temps name="def"><temp name="T3038"/></temps><temps name="in"><temp name="T879"/><temp name="T878"/><temp name="T28"/></temps><temps name="out"><temp name="T879"/><temp name="T878"/><temp name="T28"/></temps></instruction><instruction code="INCML T3038, 0"><temps name="use"/><temps name="def"><temp name="T3038"/></temps><temps name="in"><temp name="T879"/><temp name="T878"/><temp name="T28"/></temps><temps name="out"><temp name="T879"/><temp name="T878"/><temp name="T28"/></temps></instruction><instruction code="INCMH T3038, 0"><temps name="use"/><temps name="def"><temp name="T3038"/></temps><temps name="in"><temp name="T879"/><temp name="T878"/><temp name="T28"/></temps><temps name="out"><temp name="T879"/><temp name="T878"/><temp name="T28"/></temps></instruction><instruction code="INCH  T3038, 0"><temps name="use"/><temps name="def"><temp name="T3038"/></temps><temps name="in"><temp name="T879"/><temp name="T878"/><temp name="T28"/></temps><temps name="out"><temp name="T3038"/><temp name="T879"/><temp name="T878"/><temp name="T28"/></temps></instruction><instruction code="OR T880, T3038, 0"><temps name="use"><temp name="T3038"/></temps><temps name="def"><temp name="T880"/></temps><temps name="in"><temp name="T3038"/><temp name="T879"/><temp name="T878"/><temp name="T28"/></temps><temps name="out"><temp name="T879"/><temp name="T880"/><temp name="T878"/><temp name="T28"/></temps></instruction><instruction code="DIV T3039, T879, T880"><temps name="use"><temp name="T879"/><temp name="T880"/></temps><temps name="def"><temp name="T3039"/></temps><temps name="in"><temp name="T879"/><temp name="T880"/><temp name="T878"/><temp name="T28"/></temps><temps name="out"><temp name="T878"/><temp name="T28"/></temps></instruction><instruction code="OR T3039, rR, 0"><temps name="use"/><temps name="def"><temp name="T3039"/></temps><temps name="in"><temp name="T878"/><temp name="T28"/></temps><temps name="out"><temp name="T3039"/><temp name="T878"/><temp name="T28"/></temps></instruction><instruction code="OR T881, T3039, 0"><temps name="use"><temp name="T3039"/></temps><temps name="def"><temp name="T881"/></temps><temps name="in"><temp name="T3039"/><temp name="T878"/><temp name="T28"/></temps><temps name="out"><temp name="T878"/><temp name="T881"/><temp name="T28"/></temps></instruction><instruction code="STO T878, $254, 8"><temps name="use"><temp name="T878"/></temps><temps name="def"/><temps name="in"><temp name="T878"/><temp name="T881"/><temp name="T28"/></temps><temps name="out"><temp name="T881"/><temp name="T28"/></temps></instruction><instruction code="STO T881, $254, 16"><temps name="use"><temp name="T881"/></temps><temps name="def"/><temps name="in"><temp name="T881"/><temp name="T28"/></temps><temps name="out"><temp name="T28"/></temps></instruction><instruction code="LDA T3040, _putChar"><temps name="use"/><temps name="def"><temp name="T3040"/></temps><temps name="in"><temp name="T28"/></temps><temps name="out"><temp name="T3040"/><temp name="T28"/></temps></instruction><instruction code="PUSHJ $16, T3040, 0"><temps name="use"><temp name="T3040"/></temps><temps name="def"/><temps name="in"><temp name="T3040"/><temp name="T28"/></temps><temps name="out"><temp name="T28"/></temps></instruction><instruction code="LDO T3041, $254, 0"><temps name="use"/><temps name="def"><temp name="T3041"/></temps><temps name="in"><temp name="T28"/></temps><temps name="out"><temp name="T28"/><temp name="T3041"/></temps></instruction><instruction code="OR T882, T3041, 0"><temps name="use"><temp name="T3041"/></temps><temps name="def"><temp name="T882"/></temps><temps name="in"><temp name="T28"/><temp name="T3041"/></temps><temps name="out"><temp name="T28"/></temps></instruction><instruction code="OR T883, T28, 0"><temps name="use"><temp name="T28"/></temps><temps name="def"><temp name="T883"/></temps><temps name="in"><temp name="T28"/></temps><temps name="out"><temp name="T883"/><temp name="T28"/></temps></instruction><instruction code="SETL  T3042, 16"><temps name="use"/><temps name="def"><temp name="T3042"/></temps><temps name="in"><temp name="T883"/><temp name="T28"/></temps><temps name="out"><temp name="T883"/><temp name="T28"/></temps></instruction><instruction code="INCML T3042, 0"><temps name="use"/><temps name="def"><temp name="T3042"/></temps><temps name="in"><temp name="T883"/><temp name="T28"/></temps><temps name="out"><temp name="T883"/><temp name="T28"/></temps></instruction><instruction code="INCMH T3042, 0"><temps name="use"/><temps name="def"><temp name="T3042"/></temps><temps name="in"><temp name="T883"/><temp name="T28"/></temps><temps name="out"><temp name="T883"/><temp name="T28"/></temps></instruction><instruction code="INCH  T3042, 0"><temps name="use"/><temps name="def"><temp name="T3042"/></temps><temps name="in"><temp name="T883"/><temp name="T28"/></temps><temps name="out"><temp name="T3042"/><temp name="T883"/><temp name="T28"/></temps></instruction><instruction code="NEG T3042, 0, T3042"><temps name="use"><temp name="T3042"/></temps><temps name="def"><temp name="T3042"/></temps><temps name="in"><temp name="T3042"/><temp name="T883"/><temp name="T28"/></temps><temps name="out"><temp name="T3042"/><temp name="T883"/><temp name="T28"/></temps></instruction><instruction code="OR T884, T3042, 0"><temps name="use"><temp name="T3042"/></temps><temps name="def"><temp name="T884"/></temps><temps name="in"><temp name="T3042"/><temp name="T883"/><temp name="T28"/></temps><temps name="out"><temp name="T883"/><temp name="T28"/><temp name="T884"/></temps></instruction><instruction code="ADD T3043, T883, T884"><temps name="use"><temp name="T883"/><temp name="T884"/></temps><temps name="def"><temp name="T3043"/></temps><temps name="in"><temp name="T883"/><temp name="T28"/><temp name="T884"/></temps><temps name="out"><temp name="T3043"/><temp name="T28"/></temps></instruction><instruction code="OR T885, T3043, 0"><temps name="use"><temp name="T3043"/></temps><temps name="def"><temp name="T885"/></temps><temps name="in"><temp name="T3043"/><temp name="T28"/></temps><temps name="out"><temp name="T28"/><temp name="T885"/></temps></instruction><instruction code="OR T886, T885, 0"><temps name="use"><temp name="T885"/></temps><temps name="def"><temp name="T886"/></temps><temps name="in"><temp name="T28"/><temp name="T885"/></temps><temps name="out"><temp name="T886"/><temp name="T28"/></temps></instruction><instruction code="SETL  T3045, 1"><temps name="use"/><temps name="def"><temp name="T3045"/></temps><temps name="in"><temp name="T886"/><temp name="T28"/></temps><temps name="out"><temp name="T886"/><temp name="T28"/></temps></instruction><instruction code="INCML T3045, 0"><temps name="use"/><temps name="def"><temp name="T3045"/></temps><temps name="in"><temp name="T886"/><temp name="T28"/></temps><temps name="out"><temp name="T886"/><temp name="T28"/></temps></instruction><instruction code="INCMH T3045, 0"><temps name="use"/><temps name="def"><temp name="T3045"/></temps><temps name="in"><temp name="T886"/><temp name="T28"/></temps><temps name="out"><temp name="T886"/><temp name="T28"/></temps></instruction><instruction code="INCH  T3045, 0"><temps name="use"/><temps name="def"><temp name="T3045"/></temps><temps name="in"><temp name="T886"/><temp name="T28"/></temps><temps name="out"><temp name="T886"/><temp name="T3045"/><temp name="T28"/></temps></instruction><instruction code="OR T887, T3045, 0"><temps name="use"><temp name="T3045"/></temps><temps name="def"><temp name="T887"/></temps><temps name="in"><temp name="T886"/><temp name="T3045"/><temp name="T28"/></temps><temps name="out"><temp name="T886"/><temp name="T28"/><temp name="T887"/></temps></instruction><instruction code="ADD T3046, T886, T887"><temps name="use"><temp name="T886"/><temp name="T887"/></temps><temps name="def"><temp name="T3046"/></temps><temps name="in"><temp name="T886"/><temp name="T28"/><temp name="T887"/></temps><temps name="out"><temp name="T3046"/><temp name="T28"/></temps></instruction><instruction code="OR T888, T3046, 0"><temps name="use"><temp name="T3046"/></temps><temps name="def"><temp name="T888"/></temps><temps name="in"><temp name="T3046"/><temp name="T28"/></temps><temps name="out"><temp name="T888"/><temp name="T28"/></temps></instruction><instruction code="SETL  T3047, 16"><temps name="use"/><temps name="def"><temp name="T3047"/></temps><temps name="in"><temp name="T888"/><temp name="T28"/></temps><temps name="out"><temp name="T888"/><temp name="T28"/></temps></instruction><instruction code="INCML T3047, 0"><temps name="use"/><temps name="def"><temp name="T3047"/></temps><temps name="in"><temp name="T888"/><temp name="T28"/></temps><temps name="out"><temp name="T888"/><temp name="T28"/></temps></instruction><instruction code="INCMH T3047, 0"><temps name="use"/><temps name="def"><temp name="T3047"/></temps><temps name="in"><temp name="T888"/><temp name="T28"/></temps><temps name="out"><temp name="T888"/><temp name="T28"/></temps></instruction><instruction code="INCH  T3047, 0"><temps name="use"/><temps name="def"><temp name="T3047"/></temps><temps name="in"><temp name="T888"/><temp name="T28"/></temps><temps name="out"><temp name="T3047"/><temp name="T888"/><temp name="T28"/></temps></instruction><instruction code="NEG T3047, 0, T3047"><temps name="use"><temp name="T3047"/></temps><temps name="def"><temp name="T3047"/></temps><temps name="in"><temp name="T3047"/><temp name="T888"/><temp name="T28"/></temps><temps name="out"><temp name="T3047"/><temp name="T888"/><temp name="T28"/></temps></instruction><instruction code="ADD T3048, T28, T3047"><temps name="use"><temp name="T28"/><temp name="T3047"/></temps><temps name="def"><temp name="T3048"/></temps><temps name="in"><temp name="T3047"/><temp name="T888"/><temp name="T28"/></temps><temps name="out"><temp name="T3048"/><temp name="T888"/><temp name="T28"/></temps></instruction><instruction code="STO T3048, T888, 0"><temps name="use"><temp name="T3048"/><temp name="T888"/></temps><temps name="def"/><temps name="in"><temp name="T3048"/><temp name="T888"/><temp name="T28"/></temps><temps name="out"><temp name="T28"/></temps></instruction><instruction code="LDA T3050, L90"><temps name="use"/><temps name="def"><temp name="T3050"/></temps><temps name="in"><temp name="T28"/></temps><temps name="out"><temp name="T3050"/><temp name="T28"/></temps></instruction><instruction code="GO T3050, T3050, 0"><temps name="use"><temp name="T3050"/></temps><temps name="def"><temp name="T3050"/></temps><temps name="in"><temp name="T3050"/><temp name="T28"/></temps><temps name="out"><temp name="T28"/></temps></instruction><instruction code="L92"><temps name="use"/><temps name="def"/><temps name="in"><temp name="T28"/></temps><temps name="out"><temp name="T28"/></temps></instruction><instruction code="SETL  T3051, 0"><temps name="use"/><temps name="def"><temp name="T3051"/></temps><temps name="in"><temp name="T28"/></temps><temps name="out"><temp name="T28"/></temps></instruction><instruction code="INCML T3051, 0"><temps name="use"/><temps name="def"><temp name="T3051"/></temps><temps name="in"><temp name="T28"/></temps><temps name="out"><temp name="T28"/></temps></instruction><instruction code="INCMH T3051, 0"><temps name="use"/><temps name="def"><temp name="T3051"/></temps><temps name="in"><temp name="T28"/></temps><temps name="out"><temp name="T28"/></temps></instruction><instruction code="INCH  T3051, 0"><temps name="use"/><temps name="def"><temp name="T3051"/></temps><temps name="in"><temp name="T28"/></temps><temps name="out"><temp name="T3051"/><temp name="T28"/></temps></instruction><instruction code="OR T889, T3051, 0"><temps name="use"><temp name="T3051"/></temps><temps name="def"><temp name="T889"/></temps><temps name="in"><temp name="T3051"/><temp name="T28"/></temps><temps name="out"><temp name="T28"/><temp name="T889"/></temps></instruction><instruction code="SETL  T3052, 10"><temps name="use"/><temps name="def"><temp name="T3052"/></temps><temps name="in"><temp name="T28"/><temp name="T889"/></temps><temps name="out"><temp name="T28"/><temp name="T889"/></temps></instruction><instruction code="INCML T3052, 0"><temps name="use"/><temps name="def"><temp name="T3052"/></temps><temps name="in"><temp name="T28"/><temp name="T889"/></temps><temps name="out"><temp name="T28"/><temp name="T889"/></temps></instruction><instruction code="INCMH T3052, 0"><temps name="use"/><temps name="def"><temp name="T3052"/></temps><temps name="in"><temp name="T28"/><temp name="T889"/></temps><temps name="out"><temp name="T28"/><temp name="T889"/></temps></instruction><instruction code="INCH  T3052, 0"><temps name="use"/><temps name="def"><temp name="T3052"/></temps><temps name="in"><temp name="T28"/><temp name="T889"/></temps><temps name="out"><temp name="T3052"/><temp name="T28"/><temp name="T889"/></temps></instruction><instruction code="OR T890, T3052, 0"><temps name="use"><temp name="T3052"/></temps><temps name="def"><temp name="T890"/></temps><temps name="in"><temp name="T3052"/><temp name="T28"/><temp name="T889"/></temps><temps name="out"><temp name="T890"/><temp name="T28"/><temp name="T889"/></temps></instruction><instruction code="SETL  T3053, 256"><temps name="use"/><temps name="def"><temp name="T3053"/></temps><temps name="in"><temp name="T890"/><temp name="T28"/><temp name="T889"/></temps><temps name="out"><temp name="T890"/><temp name="T28"/><temp name="T889"/></temps></instruction><instruction code="INCML T3053, 0"><temps name="use"/><temps name="def"><temp name="T3053"/></temps><temps name="in"><temp name="T890"/><temp name="T28"/><temp name="T889"/></temps><temps name="out"><temp name="T890"/><temp name="T28"/><temp name="T889"/></temps></instruction><instruction code="INCMH T3053, 0"><temps name="use"/><temps name="def"><temp name="T3053"/></temps><temps name="in"><temp name="T890"/><temp name="T28"/><temp name="T889"/></temps><temps name="out"><temp name="T890"/><temp name="T28"/><temp name="T889"/></temps></instruction><instruction code="INCH  T3053, 0"><temps name="use"/><temps name="def"><temp name="T3053"/></temps><temps name="in"><temp name="T890"/><temp name="T28"/><temp name="T889"/></temps><temps name="out"><temp name="T3053"/><temp name="T890"/><temp name="T28"/><temp name="T889"/></temps></instruction><instruction code="OR T891, T3053, 0"><temps name="use"><temp name="T3053"/></temps><temps name="def"><temp name="T891"/></temps><temps name="in"><temp name="T3053"/><temp name="T890"/><temp name="T28"/><temp name="T889"/></temps><temps name="out"><temp name="T890"/><temp name="T891"/><temp name="T28"/><temp name="T889"/></temps></instruction><instruction code="DIV T3054, T890, T891"><temps name="use"><temp name="T890"/><temp name="T891"/></temps><temps name="def"><temp name="T3054"/></temps><temps name="in"><temp name="T890"/><temp name="T891"/><temp name="T28"/><temp name="T889"/></temps><temps name="out"><temp name="T28"/><temp name="T889"/></temps></instruction><instruction code="OR T3054, rR, 0"><temps name="use"/><temps name="def"><temp name="T3054"/></temps><temps name="in"><temp name="T28"/><temp name="T889"/></temps><temps name="out"><temp name="T3054"/><temp name="T28"/><temp name="T889"/></temps></instruction><instruction code="OR T892, T3054, 0"><temps name="use"><temp name="T3054"/></temps><temps name="def"><temp name="T892"/></temps><temps name="in"><temp name="T3054"/><temp name="T28"/><temp name="T889"/></temps><temps name="out"><temp name="T28"/><temp name="T889"/><temp name="T892"/></temps></instruction><instruction code="STO T889, $254, 8"><temps name="use"><temp name="T889"/></temps><temps name="def"/><temps name="in"><temp name="T28"/><temp name="T889"/><temp name="T892"/></temps><temps name="out"><temp name="T28"/><temp name="T892"/></temps></instruction><instruction code="STO T892, $254, 16"><temps name="use"><temp name="T892"/></temps><temps name="def"/><temps name="in"><temp name="T28"/><temp name="T892"/></temps><temps name="out"><temp name="T28"/></temps></instruction><instruction code="LDA T3055, _putChar"><temps name="use"/><temps name="def"><temp name="T3055"/></temps><temps name="in"><temp name="T28"/></temps><temps name="out"><temp name="T28"/><temp name="T3055"/></temps></instruction><instruction code="PUSHJ $16, T3055, 0"><temps name="use"><temp name="T3055"/></temps><temps name="def"/><temps name="in"><temp name="T28"/><temp name="T3055"/></temps><temps name="out"><temp name="T28"/></temps></instruction><instruction code="LDO T3056, $254, 0"><temps name="use"/><temps name="def"><temp name="T3056"/></temps><temps name="in"><temp name="T28"/></temps><temps name="out"><temp name="T28"/><temp name="T3056"/></temps></instruction><instruction code="OR T893, T3056, 0"><temps name="use"><temp name="T3056"/></temps><temps name="def"><temp name="T893"/></temps><temps name="in"><temp name="T28"/><temp name="T3056"/></temps><temps name="out"><temp name="T28"/></temps></instruction><instruction code="L94"><temps name="use"/><temps name="def"/><temps name="in"><temp name="T28"/></temps><temps name="out"><temp name="T28"/></temps></instruction><instruction code="SETL  T3057, 0"><temps name="use"/><temps name="def"><temp name="T3057"/></temps><temps name="in"><temp name="T28"/></temps><temps name="out"><temp name="T28"/></temps></instruction><instruction code="INCML T3057, 0"><temps name="use"/><temps name="def"><temp name="T3057"/></temps><temps name="in"><temp name="T28"/></temps><temps name="out"><temp name="T28"/></temps></instruction><instruction code="INCMH T3057, 0"><temps name="use"/><temps name="def"><temp name="T3057"/></temps><temps name="in"><temp name="T28"/></temps><temps name="out"><temp name="T28"/></temps></instruction><instruction code="INCH  T3057, 0"><temps name="use"/><temps name="def"><temp name="T3057"/></temps><temps name="in"><temp name="T28"/></temps><temps name="out"><temp name="T28"/><temp name="T3057"/></temps></instruction><instruction code="OR T894, T3057, 0"><temps name="use"><temp name="T3057"/></temps><temps name="def"><temp name="T894"/></temps><temps name="in"><temp name="T28"/><temp name="T3057"/></temps><temps name="out"><temp name="T28"/><temp name="T894"/></temps></instruction><instruction code="OR T895, T894, 0"><temps name="use"><temp name="T894"/></temps><temps name="def"><temp name="T895"/></temps><temps name="in"><temp name="T28"/><temp name="T894"/></temps><temps name="out"><temp name="T28"/></temps></instruction><instruction code="SETL  T3058, 1"><temps name="use"/><temps name="def"><temp name="T3058"/></temps><temps name="in"><temp name="T28"/></temps><temps name="out"><temp name="T28"/></temps></instruction><instruction code="INCML T3058, 0"><temps name="use"/><temps name="def"><temp name="T3058"/></temps><temps name="in"><temp name="T28"/></temps><temps name="out"><temp name="T28"/></temps></instruction><instruction code="INCMH T3058, 0"><temps name="use"/><temps name="def"><temp name="T3058"/></temps><temps name="in"><temp name="T28"/></temps><temps name="out"><temp name="T28"/></temps></instruction><instruction code="INCH  T3058, 0"><temps name="use"/><temps name="def"><temp name="T3058"/></temps><temps name="in"><temp name="T28"/></temps><temps name="out"><temp name="T3058"/><temp name="T28"/></temps></instruction><instruction code="OR T896, T3058, 0"><temps name="use"><temp name="T3058"/></temps><temps name="def"><temp name="T896"/></temps><temps name="in"><temp name="T3058"/><temp name="T28"/></temps><temps name="out"><temp name="T28"/><temp name="T896"/></temps></instruction><instruction code="SETL  T3059, 8"><temps name="use"/><temps name="def"><temp name="T3059"/></temps><temps name="in"><temp name="T28"/><temp name="T896"/></temps><temps name="out"><temp name="T28"/><temp name="T896"/></temps></instruction><instruction code="INCML T3059, 0"><temps name="use"/><temps name="def"><temp name="T3059"/></temps><temps name="in"><temp name="T28"/><temp name="T896"/></temps><temps name="out"><temp name="T28"/><temp name="T896"/></temps></instruction><instruction code="INCMH T3059, 0"><temps name="use"/><temps name="def"><temp name="T3059"/></temps><temps name="in"><temp name="T28"/><temp name="T896"/></temps><temps name="out"><temp name="T28"/><temp name="T896"/></temps></instruction><instruction code="INCH  T3059, 0"><temps name="use"/><temps name="def"><temp name="T3059"/></temps><temps name="in"><temp name="T28"/><temp name="T896"/></temps><temps name="out"><temp name="T3059"/><temp name="T28"/><temp name="T896"/></temps></instruction><instruction code="NEG T3059, 0, T3059"><temps name="use"><temp name="T3059"/></temps><temps name="def"><temp name="T3059"/></temps><temps name="in"><temp name="T3059"/><temp name="T28"/><temp name="T896"/></temps><temps name="out"><temp name="T3059"/><temp name="T28"/><temp name="T896"/></temps></instruction><instruction code="ADD T3060, T28, T3059"><temps name="use"><temp name="T28"/><temp name="T3059"/></temps><temps name="def"><temp name="T3060"/></temps><temps name="in"><temp name="T3059"/><temp name="T28"/><temp name="T896"/></temps><temps name="out"><temp name="T896"/><temp name="T28"/><temp name="T3060"/></temps></instruction><instruction code="STO T3060, T896, 0"><temps name="use"><temp name="T3060"/><temp name="T896"/></temps><temps name="def"/><temps name="in"><temp name="T896"/><temp name="T28"/><temp name="T3060"/></temps><temps name="out"><temp name="T28"/></temps></instruction><instruction code="LDA T3062, L105"><temps name="use"/><temps name="def"><temp name="T3062"/></temps><temps name="in"><temp name="T28"/></temps><temps name="out"><temp name="T3062"/><temp name="T28"/></temps></instruction><instruction code="GO T3062, T3062, 0"><temps name="use"><temp name="T3062"/></temps><temps name="def"><temp name="T3062"/></temps><temps name="in"><temp name="T3062"/><temp name="T28"/></temps><temps name="out"><temp name="T28"/></temps></instruction><instruction code="L104"><temps name="use"/><temps name="def"/><temps name="in"><temp name="T28"/></temps><temps name="out"><temp name="T28"/></temps></instruction><instruction code="OR T897, T28, 0"><temps name="use"><temp name="T28"/></temps><temps name="def"><temp name="T897"/></temps><temps name="in"><temp name="T28"/></temps><temps name="out"><temp name="T897"/><temp name="T28"/></temps></instruction><instruction code="OR T898, T897, 0"><temps name="use"><temp name="T897"/></temps><temps name="def"><temp name="T898"/></temps><temps name="in"><temp name="T897"/><temp name="T28"/></temps><temps name="out"><temp name="T28"/><temp name="T898"/></temps></instruction><instruction code="SETL  T3064, 8"><temps name="use"/><temps name="def"><temp name="T3064"/></temps><temps name="in"><temp name="T28"/><temp name="T898"/></temps><temps name="out"><temp name="T28"/><temp name="T898"/></temps></instruction><instruction code="INCML T3064, 0"><temps name="use"/><temps name="def"><temp name="T3064"/></temps><temps name="in"><temp name="T28"/><temp name="T898"/></temps><temps name="out"><temp name="T28"/><temp name="T898"/></temps></instruction><instruction code="INCMH T3064, 0"><temps name="use"/><temps name="def"><temp name="T3064"/></temps><temps name="in"><temp name="T28"/><temp name="T898"/></temps><temps name="out"><temp name="T28"/><temp name="T898"/></temps></instruction><instruction code="INCH  T3064, 0"><temps name="use"/><temps name="def"><temp name="T3064"/></temps><temps name="in"><temp name="T28"/><temp name="T898"/></temps><temps name="out"><temp name="T28"/><temp name="T898"/><temp name="T3064"/></temps></instruction><instruction code="NEG T3064, 0, T3064"><temps name="use"><temp name="T3064"/></temps><temps name="def"><temp name="T3064"/></temps><temps name="in"><temp name="T28"/><temp name="T898"/><temp name="T3064"/></temps><temps name="out"><temp name="T28"/><temp name="T898"/><temp name="T3064"/></temps></instruction><instruction code="OR T899, T3064, 0"><temps name="use"><temp name="T3064"/></temps><temps name="def"><temp name="T899"/></temps><temps name="in"><temp name="T28"/><temp name="T898"/><temp name="T3064"/></temps><temps name="out"><temp name="T899"/><temp name="T28"/><temp name="T898"/></temps></instruction><instruction code="ADD T3065, T898, T899"><temps name="use"><temp name="T898"/><temp name="T899"/></temps><temps name="def"><temp name="T3065"/></temps><temps name="in"><temp name="T899"/><temp name="T28"/><temp name="T898"/></temps><temps name="out"><temp name="T3065"/><temp name="T28"/></temps></instruction><instruction code="OR T900, T3065, 0"><temps name="use"><temp name="T3065"/></temps><temps name="def"><temp name="T900"/></temps><temps name="in"><temp name="T3065"/><temp name="T28"/></temps><temps name="out"><temp name="T900"/><temp name="T28"/></temps></instruction><instruction code="OR T901, T900, 0"><temps name="use"><temp name="T900"/></temps><temps name="def"><temp name="T901"/></temps><temps name="in"><temp name="T900"/><temp name="T28"/></temps><temps name="out"><temp name="T901"/><temp name="T28"/></temps></instruction><instruction code="OR T902, T28, 0"><temps name="use"><temp name="T28"/></temps><temps name="def"><temp name="T902"/></temps><temps name="in"><temp name="T901"/><temp name="T28"/></temps><temps name="out"><temp name="T901"/><temp name="T902"/><temp name="T28"/></temps></instruction><instruction code="SETL  T3067, 8"><temps name="use"/><temps name="def"><temp name="T3067"/></temps><temps name="in"><temp name="T901"/><temp name="T902"/><temp name="T28"/></temps><temps name="out"><temp name="T901"/><temp name="T902"/><temp name="T28"/></temps></instruction><instruction code="INCML T3067, 0"><temps name="use"/><temps name="def"><temp name="T3067"/></temps><temps name="in"><temp name="T901"/><temp name="T902"/><temp name="T28"/></temps><temps name="out"><temp name="T901"/><temp name="T902"/><temp name="T28"/></temps></instruction><instruction code="INCMH T3067, 0"><temps name="use"/><temps name="def"><temp name="T3067"/></temps><temps name="in"><temp name="T901"/><temp name="T902"/><temp name="T28"/></temps><temps name="out"><temp name="T901"/><temp name="T902"/><temp name="T28"/></temps></instruction><instruction code="INCH  T3067, 0"><temps name="use"/><temps name="def"><temp name="T3067"/></temps><temps name="in"><temp name="T901"/><temp name="T902"/><temp name="T28"/></temps><temps name="out"><temp name="T901"/><temp name="T902"/><temp name="T28"/><temp name="T3067"/></temps></instruction><instruction code="OR T903, T3067, 0"><temps name="use"><temp name="T3067"/></temps><temps name="def"><temp name="T903"/></temps><temps name="in"><temp name="T901"/><temp name="T902"/><temp name="T28"/><temp name="T3067"/></temps><temps name="out"><temp name="T903"/><temp name="T901"/><temp name="T902"/><temp name="T28"/></temps></instruction><instruction code="ADD T3068, T902, T903"><temps name="use"><temp name="T902"/><temp name="T903"/></temps><temps name="def"><temp name="T3068"/></temps><temps name="in"><temp name="T903"/><temp name="T901"/><temp name="T902"/><temp name="T28"/></temps><temps name="out"><temp name="T3068"/><temp name="T901"/><temp name="T28"/></temps></instruction><instruction code="OR T904, T3068, 0"><temps name="use"><temp name="T3068"/></temps><temps name="def"><temp name="T904"/></temps><temps name="in"><temp name="T3068"/><temp name="T901"/><temp name="T28"/></temps><temps name="out"><temp name="T901"/><temp name="T28"/><temp name="T904"/></temps></instruction><instruction code="OR T905, T904, 0"><temps name="use"><temp name="T904"/></temps><temps name="def"><temp name="T905"/></temps><temps name="in"><temp name="T901"/><temp name="T28"/><temp name="T904"/></temps><temps name="out"><temp name="T901"/><temp name="T905"/><temp name="T28"/></temps></instruction><instruction code="SETL  T3070, 8"><temps name="use"/><temps name="def"><temp name="T3070"/></temps><temps name="in"><temp name="T901"/><temp name="T905"/><temp name="T28"/></temps><temps name="out"><temp name="T901"/><temp name="T905"/><temp name="T28"/></temps></instruction><instruction code="INCML T3070, 0"><temps name="use"/><temps name="def"><temp name="T3070"/></temps><temps name="in"><temp name="T901"/><temp name="T905"/><temp name="T28"/></temps><temps name="out"><temp name="T901"/><temp name="T905"/><temp name="T28"/></temps></instruction><instruction code="INCMH T3070, 0"><temps name="use"/><temps name="def"><temp name="T3070"/></temps><temps name="in"><temp name="T901"/><temp name="T905"/><temp name="T28"/></temps><temps name="out"><temp name="T901"/><temp name="T905"/><temp name="T28"/></temps></instruction><instruction code="INCH  T3070, 0"><temps name="use"/><temps name="def"><temp name="T3070"/></temps><temps name="in"><temp name="T901"/><temp name="T905"/><temp name="T28"/></temps><temps name="out"><temp name="T901"/><temp name="T905"/><temp name="T3070"/><temp name="T28"/></temps></instruction><instruction code="OR T906, T3070, 0"><temps name="use"><temp name="T3070"/></temps><temps name="def"><temp name="T906"/></temps><temps name="in"><temp name="T901"/><temp name="T905"/><temp name="T3070"/><temp name="T28"/></temps><temps name="out"><temp name="T906"/><temp name="T901"/><temp name="T905"/><temp name="T28"/></temps></instruction><instruction code="MUL T3071, T905, T906"><temps name="use"><temp name="T905"/><temp name="T906"/></temps><temps name="def"><temp name="T3071"/></temps><temps name="in"><temp name="T906"/><temp name="T901"/><temp name="T905"/><temp name="T28"/></temps><temps name="out"><temp name="T901"/><temp name="T28"/><temp name="T3071"/></temps></instruction><instruction code="OR T907, T3071, 0"><temps name="use"><temp name="T3071"/></temps><temps name="def"><temp name="T907"/></temps><temps name="in"><temp name="T901"/><temp name="T28"/><temp name="T3071"/></temps><temps name="out"><temp name="T907"/><temp name="T901"/><temp name="T28"/></temps></instruction><instruction code="ADD T3072, T901, T907"><temps name="use"><temp name="T901"/><temp name="T907"/></temps><temps name="def"><temp name="T3072"/></temps><temps name="in"><temp name="T907"/><temp name="T901"/><temp name="T28"/></temps><temps name="out"><temp name="T3072"/><temp name="T28"/></temps></instruction><instruction code="OR T908, T3072, 0"><temps name="use"><temp name="T3072"/></temps><temps name="def"><temp name="T908"/></temps><temps name="in"><temp name="T3072"/><temp name="T28"/></temps><temps name="out"><temp name="T908"/><temp name="T28"/></temps></instruction><instruction code="OR T909, T908, 0"><temps name="use"><temp name="T908"/></temps><temps name="def"><temp name="T909"/></temps><temps name="in"><temp name="T908"/><temp name="T28"/></temps><temps name="out"><temp name="T909"/><temp name="T28"/></temps></instruction><instruction code="SETL  T3074, 0"><temps name="use"/><temps name="def"><temp name="T3074"/></temps><temps name="in"><temp name="T909"/><temp name="T28"/></temps><temps name="out"><temp name="T909"/><temp name="T28"/></temps></instruction><instruction code="INCML T3074, 0"><temps name="use"/><temps name="def"><temp name="T3074"/></temps><temps name="in"><temp name="T909"/><temp name="T28"/></temps><temps name="out"><temp name="T909"/><temp name="T28"/></temps></instruction><instruction code="INCMH T3074, 0"><temps name="use"/><temps name="def"><temp name="T3074"/></temps><temps name="in"><temp name="T909"/><temp name="T28"/></temps><temps name="out"><temp name="T909"/><temp name="T28"/></temps></instruction><instruction code="INCH  T3074, 0"><temps name="use"/><temps name="def"><temp name="T3074"/></temps><temps name="in"><temp name="T909"/><temp name="T28"/></temps><temps name="out"><temp name="T3074"/><temp name="T909"/><temp name="T28"/></temps></instruction><instruction code="OR T910, T3074, 0"><temps name="use"><temp name="T3074"/></temps><temps name="def"><temp name="T910"/></temps><temps name="in"><temp name="T3074"/><temp name="T909"/><temp name="T28"/></temps><temps name="out"><temp name="T909"/><temp name="T910"/><temp name="T28"/></temps></instruction><instruction code="CMP T3075, T909, T910"><temps name="use"><temp name="T909"/><temp name="T910"/></temps><temps name="def"><temp name="T3075"/></temps><temps name="in"><temp name="T909"/><temp name="T910"/><temp name="T28"/></temps><temps name="out"><temp name="T3075"/><temp name="T28"/></temps></instruction><instruction code="ZSNZ T3075, T3075, 1"><temps name="use"><temp name="T3075"/></temps><temps name="def"><temp name="T3075"/></temps><temps name="in"><temp name="T3075"/><temp name="T28"/></temps><temps name="out"><temp name="T3075"/><temp name="T28"/></temps></instruction><instruction code="OR T911, T3075, 0"><temps name="use"><temp name="T3075"/></temps><temps name="def"><temp name="T911"/></temps><temps name="in"><temp name="T3075"/><temp name="T28"/></temps><temps name="out"><temp name="T911"/><temp name="T28"/></temps></instruction><instruction code="BNZ T911, L100"><temps name="use"><temp name="T911"/></temps><temps name="def"/><temps name="in"><temp name="T911"/><temp name="T28"/></temps><temps name="out"><temp name="T28"/></temps></instruction><instruction code="L155"><temps name="use"/><temps name="def"/><temps name="in"><temp name="T28"/></temps><temps name="out"><temp name="T28"/></temps></instruction><instruction code="LDA T3076, L101"><temps name="use"/><temps name="def"><temp name="T3076"/></temps><temps name="in"><temp name="T28"/></temps><temps name="out"><temp name="T3076"/><temp name="T28"/></temps></instruction><instruction code="GO T3076, T3076, 0"><temps name="use"><temp name="T3076"/></temps><temps name="def"><temp name="T3076"/></temps><temps name="in"><temp name="T3076"/><temp name="T28"/></temps><temps name="out"><temp name="T28"/></temps></instruction><instruction code="L100"><temps name="use"/><temps name="def"/><temps name="in"><temp name="T28"/></temps><temps name="out"><temp name="T28"/></temps></instruction><instruction code="OR T912, T28, 0"><temps name="use"><temp name="T28"/></temps><temps name="def"><temp name="T912"/></temps><temps name="in"><temp name="T28"/></temps><temps name="out"><temp name="T912"/><temp name="T28"/></temps></instruction><instruction code="OR T913, T28, 0"><temps name="use"><temp name="T28"/></temps><temps name="def"><temp name="T913"/></temps><temps name="in"><temp name="T912"/><temp name="T28"/></temps><temps name="out"><temp name="T912"/><temp name="T913"/><temp name="T28"/></temps></instruction><instruction code="SETL  T3078, 8"><temps name="use"/><temps name="def"><temp name="T3078"/></temps><temps name="in"><temp name="T912"/><temp name="T913"/><temp name="T28"/></temps><temps name="out"><temp name="T912"/><temp name="T913"/><temp name="T28"/></temps></instruction><instruction code="INCML T3078, 0"><temps name="use"/><temps name="def"><temp name="T3078"/></temps><temps name="in"><temp name="T912"/><temp name="T913"/><temp name="T28"/></temps><temps name="out"><temp name="T912"/><temp name="T913"/><temp name="T28"/></temps></instruction><instruction code="INCMH T3078, 0"><temps name="use"/><temps name="def"><temp name="T3078"/></temps><temps name="in"><temp name="T912"/><temp name="T913"/><temp name="T28"/></temps><temps name="out"><temp name="T912"/><temp name="T913"/><temp name="T28"/></temps></instruction><instruction code="INCH  T3078, 0"><temps name="use"/><temps name="def"><temp name="T3078"/></temps><temps name="in"><temp name="T912"/><temp name="T913"/><temp name="T28"/></temps><temps name="out"><temp name="T912"/><temp name="T913"/><temp name="T3078"/><temp name="T28"/></temps></instruction><instruction code="OR T914, T3078, 0"><temps name="use"><temp name="T3078"/></temps><temps name="def"><temp name="T914"/></temps><temps name="in"><temp name="T912"/><temp name="T913"/><temp name="T3078"/><temp name="T28"/></temps><temps name="out"><temp name="T912"/><temp name="T913"/><temp name="T28"/><temp name="T914"/></temps></instruction><instruction code="ADD T3079, T913, T914"><temps name="use"><temp name="T913"/><temp name="T914"/></temps><temps name="def"><temp name="T3079"/></temps><temps name="in"><temp name="T912"/><temp name="T913"/><temp name="T28"/><temp name="T914"/></temps><temps name="out"><temp name="T912"/><temp name="T3079"/><temp name="T28"/></temps></instruction><instruction code="OR T915, T3079, 0"><temps name="use"><temp name="T3079"/></temps><temps name="def"><temp name="T915"/></temps><temps name="in"><temp name="T912"/><temp name="T3079"/><temp name="T28"/></temps><temps name="out"><temp name="T912"/><temp name="T915"/><temp name="T28"/></temps></instruction><instruction code="OR T916, T915, 0"><temps name="use"><temp name="T915"/></temps><temps name="def"><temp name="T916"/></temps><temps name="in"><temp name="T912"/><temp name="T915"/><temp name="T28"/></temps><temps name="out"><temp name="T912"/><temp name="T916"/><temp name="T28"/></temps></instruction><instruction code="SETL  T3081, 1"><temps name="use"/><temps name="def"><temp name="T3081"/></temps><temps name="in"><temp name="T912"/><temp name="T916"/><temp name="T28"/></temps><temps name="out"><temp name="T912"/><temp name="T916"/><temp name="T28"/></temps></instruction><instruction code="INCML T3081, 0"><temps name="use"/><temps name="def"><temp name="T3081"/></temps><temps name="in"><temp name="T912"/><temp name="T916"/><temp name="T28"/></temps><temps name="out"><temp name="T912"/><temp name="T916"/><temp name="T28"/></temps></instruction><instruction code="INCMH T3081, 0"><temps name="use"/><temps name="def"><temp name="T3081"/></temps><temps name="in"><temp name="T912"/><temp name="T916"/><temp name="T28"/></temps><temps name="out"><temp name="T912"/><temp name="T916"/><temp name="T28"/></temps></instruction><instruction code="INCH  T3081, 0"><temps name="use"/><temps name="def"><temp name="T3081"/></temps><temps name="in"><temp name="T912"/><temp name="T916"/><temp name="T28"/></temps><temps name="out"><temp name="T3081"/><temp name="T912"/><temp name="T916"/><temp name="T28"/></temps></instruction><instruction code="OR T917, T3081, 0"><temps name="use"><temp name="T3081"/></temps><temps name="def"><temp name="T917"/></temps><temps name="in"><temp name="T3081"/><temp name="T912"/><temp name="T916"/><temp name="T28"/></temps><temps name="out"><temp name="T912"/><temp name="T917"/><temp name="T916"/><temp name="T28"/></temps></instruction><instruction code="ADD T3082, T916, T917"><temps name="use"><temp name="T916"/><temp name="T917"/></temps><temps name="def"><temp name="T3082"/></temps><temps name="in"><temp name="T912"/><temp name="T917"/><temp name="T916"/><temp name="T28"/></temps><temps name="out"><temp name="T3082"/><temp name="T912"/><temp name="T28"/></temps></instruction><instruction code="OR T918, T3082, 0"><temps name="use"><temp name="T3082"/></temps><temps name="def"><temp name="T918"/></temps><temps name="in"><temp name="T3082"/><temp name="T912"/><temp name="T28"/></temps><temps name="out"><temp name="T912"/><temp name="T918"/><temp name="T28"/></temps></instruction><instruction code="OR T919, T28, 0"><temps name="use"><temp name="T28"/></temps><temps name="def"><temp name="T919"/></temps><temps name="in"><temp name="T912"/><temp name="T918"/><temp name="T28"/></temps><temps name="out"><temp name="T912"/><temp name="T918"/><temp name="T919"/><temp name="T28"/></temps></instruction><instruction code="SETL  T3083, 16"><temps name="use"/><temps name="def"><temp name="T3083"/></temps><temps name="in"><temp name="T912"/><temp name="T918"/><temp name="T919"/><temp name="T28"/></temps><temps name="out"><temp name="T912"/><temp name="T918"/><temp name="T919"/><temp name="T28"/></temps></instruction><instruction code="INCML T3083, 0"><temps name="use"/><temps name="def"><temp name="T3083"/></temps><temps name="in"><temp name="T912"/><temp name="T918"/><temp name="T919"/><temp name="T28"/></temps><temps name="out"><temp name="T912"/><temp name="T918"/><temp name="T919"/><temp name="T28"/></temps></instruction><instruction code="INCMH T3083, 0"><temps name="use"/><temps name="def"><temp name="T3083"/></temps><temps name="in"><temp name="T912"/><temp name="T918"/><temp name="T919"/><temp name="T28"/></temps><temps name="out"><temp name="T912"/><temp name="T918"/><temp name="T919"/><temp name="T28"/></temps></instruction><instruction code="INCH  T3083, 0"><temps name="use"/><temps name="def"><temp name="T3083"/></temps><temps name="in"><temp name="T912"/><temp name="T918"/><temp name="T919"/><temp name="T28"/></temps><temps name="out"><temp name="T912"/><temp name="T918"/><temp name="T919"/><temp name="T28"/><temp name="T3083"/></temps></instruction><instruction code="OR T920, T3083, 0"><temps name="use"><temp name="T3083"/></temps><temps name="def"><temp name="T920"/></temps><temps name="in"><temp name="T912"/><temp name="T918"/><temp name="T919"/><temp name="T28"/><temp name="T3083"/></temps><temps name="out"><temp name="T912"/><temp name="T920"/><temp name="T918"/><temp name="T919"/><temp name="T28"/></temps></instruction><instruction code="ADD T3084, T919, T920"><temps name="use"><temp name="T919"/><temp name="T920"/></temps><temps name="def"><temp name="T3084"/></temps><temps name="in"><temp name="T912"/><temp name="T920"/><temp name="T918"/><temp name="T919"/><temp name="T28"/></temps><temps name="out"><temp name="T912"/><temp name="T918"/><temp name="T3084"/><temp name="T28"/></temps></instruction><instruction code="OR T921, T3084, 0"><temps name="use"><temp name="T3084"/></temps><temps name="def"><temp name="T921"/></temps><temps name="in"><temp name="T912"/><temp name="T918"/><temp name="T3084"/><temp name="T28"/></temps><temps name="out"><temp name="T912"/><temp name="T918"/><temp name="T28"/><temp name="T921"/></temps></instruction><instruction code="OR T922, T921, 0"><temps name="use"><temp name="T921"/></temps><temps name="def"><temp name="T922"/></temps><temps name="in"><temp name="T912"/><temp name="T918"/><temp name="T28"/><temp name="T921"/></temps><temps name="out"><temp name="T912"/><temp name="T918"/><temp name="T28"/><temp name="T922"/></temps></instruction><instruction code="STO T912, $254, 8"><temps name="use"><temp name="T912"/></temps><temps name="def"/><temps name="in"><temp name="T912"/><temp name="T918"/><temp name="T28"/><temp name="T922"/></temps><temps name="out"><temp name="T918"/><temp name="T28"/><temp name="T922"/></temps></instruction><instruction code="STO T918, $254, 16"><temps name="use"><temp name="T918"/></temps><temps name="def"/><temps name="in"><temp name="T918"/><temp name="T28"/><temp name="T922"/></temps><temps name="out"><temp name="T28"/><temp name="T922"/></temps></instruction><instruction code="STO T922, $254, 24"><temps name="use"><temp name="T922"/></temps><temps name="def"/><temps name="in"><temp name="T28"/><temp name="T922"/></temps><temps name="out"><temp name="T28"/></temps></instruction><instruction code="LDA T3086, L4"><temps name="use"/><temps name="def"><temp name="T3086"/></temps><temps name="in"><temp name="T28"/></temps><temps name="out"><temp name="T28"/><temp name="T3086"/></temps></instruction><instruction code="PUSHJ $16, T3086, 0"><temps name="use"><temp name="T3086"/></temps><temps name="def"/><temps name="in"><temp name="T28"/><temp name="T3086"/></temps><temps name="out"><temp name="T28"/></temps></instruction><instruction code="LDO T3087, $254, 0"><temps name="use"/><temps name="def"><temp name="T3087"/></temps><temps name="in"><temp name="T28"/></temps><temps name="out"><temp name="T3087"/><temp name="T28"/></temps></instruction><instruction code="OR T923, T3087, 0"><temps name="use"><temp name="T3087"/></temps><temps name="def"><temp name="T923"/></temps><temps name="in"><temp name="T3087"/><temp name="T28"/></temps><temps name="out"><temp name="T923"/><temp name="T28"/></temps></instruction><instruction code="SETL  T3088, 8"><temps name="use"/><temps name="def"><temp name="T3088"/></temps><temps name="in"><temp name="T923"/><temp name="T28"/></temps><temps name="out"><temp name="T923"/><temp name="T28"/></temps></instruction><instruction code="INCML T3088, 0"><temps name="use"/><temps name="def"><temp name="T3088"/></temps><temps name="in"><temp name="T923"/><temp name="T28"/></temps><temps name="out"><temp name="T923"/><temp name="T28"/></temps></instruction><instruction code="INCMH T3088, 0"><temps name="use"/><temps name="def"><temp name="T3088"/></temps><temps name="in"><temp name="T923"/><temp name="T28"/></temps><temps name="out"><temp name="T923"/><temp name="T28"/></temps></instruction><instruction code="INCH  T3088, 0"><temps name="use"/><temps name="def"><temp name="T3088"/></temps><temps name="in"><temp name="T923"/><temp name="T28"/></temps><temps name="out"><temp name="T923"/><temp name="T28"/><temp name="T3088"/></temps></instruction><instruction code="NEG T3088, 0, T3088"><temps name="use"><temp name="T3088"/></temps><temps name="def"><temp name="T3088"/></temps><temps name="in"><temp name="T923"/><temp name="T28"/><temp name="T3088"/></temps><temps name="out"><temp name="T923"/><temp name="T28"/><temp name="T3088"/></temps></instruction><instruction code="ADD T3089, T28, T3088"><temps name="use"><temp name="T28"/><temp name="T3088"/></temps><temps name="def"><temp name="T3089"/></temps><temps name="in"><temp name="T923"/><temp name="T28"/><temp name="T3088"/></temps><temps name="out"><temp name="T923"/><temp name="T28"/><temp name="T3089"/></temps></instruction><instruction code="STO T3089, T923, 0"><temps name="use"><temp name="T3089"/><temp name="T923"/></temps><temps name="def"/><temps name="in"><temp name="T923"/><temp name="T28"/><temp name="T3089"/></temps><temps name="out"><temp name="T28"/></temps></instruction><instruction code="LDA T3091, L102"><temps name="use"/><temps name="def"><temp name="T3091"/></temps><temps name="in"><temp name="T28"/></temps><temps name="out"><temp name="T28"/><temp name="T3091"/></temps></instruction><instruction code="GO T3091, T3091, 0"><temps name="use"><temp name="T3091"/></temps><temps name="def"><temp name="T3091"/></temps><temps name="in"><temp name="T28"/><temp name="T3091"/></temps><temps name="out"><temp name="T28"/></temps></instruction><instruction code="L101"><temps name="use"/><temps name="def"/><temps name="in"><temp name="T28"/></temps><temps name="out"><temp name="T28"/></temps></instruction><instruction code="SETL  T3092, 0"><temps name="use"/><temps name="def"><temp name="T3092"/></temps><temps name="in"><temp name="T28"/></temps><temps name="out"><temp name="T28"/></temps></instruction><instruction code="INCML T3092, 0"><temps name="use"/><temps name="def"><temp name="T3092"/></temps><temps name="in"><temp name="T28"/></temps><temps name="out"><temp name="T28"/></temps></instruction><instruction code="INCMH T3092, 0"><temps name="use"/><temps name="def"><temp name="T3092"/></temps><temps name="in"><temp name="T28"/></temps><temps name="out"><temp name="T28"/></temps></instruction><instruction code="INCH  T3092, 0"><temps name="use"/><temps name="def"><temp name="T3092"/></temps><temps name="in"><temp name="T28"/></temps><temps name="out"><temp name="T3092"/><temp name="T28"/></temps></instruction><instruction code="OR T924, T3092, 0"><temps name="use"><temp name="T3092"/></temps><temps name="def"><temp name="T924"/></temps><temps name="in"><temp name="T3092"/><temp name="T28"/></temps><temps name="out"><temp name="T28"/><temp name="T924"/></temps></instruction><instruction code="SETL  T3093, 8"><temps name="use"/><temps name="def"><temp name="T3093"/></temps><temps name="in"><temp name="T28"/><temp name="T924"/></temps><temps name="out"><temp name="T28"/><temp name="T924"/></temps></instruction><instruction code="INCML T3093, 0"><temps name="use"/><temps name="def"><temp name="T3093"/></temps><temps name="in"><temp name="T28"/><temp name="T924"/></temps><temps name="out"><temp name="T28"/><temp name="T924"/></temps></instruction><instruction code="INCMH T3093, 0"><temps name="use"/><temps name="def"><temp name="T3093"/></temps><temps name="in"><temp name="T28"/><temp name="T924"/></temps><temps name="out"><temp name="T28"/><temp name="T924"/></temps></instruction><instruction code="INCH  T3093, 0"><temps name="use"/><temps name="def"><temp name="T3093"/></temps><temps name="in"><temp name="T28"/><temp name="T924"/></temps><temps name="out"><temp name="T28"/><temp name="T924"/><temp name="T3093"/></temps></instruction><instruction code="NEG T3093, 0, T3093"><temps name="use"><temp name="T3093"/></temps><temps name="def"><temp name="T3093"/></temps><temps name="in"><temp name="T28"/><temp name="T924"/><temp name="T3093"/></temps><temps name="out"><temp name="T28"/><temp name="T924"/><temp name="T3093"/></temps></instruction><instruction code="ADD T3094, T28, T3093"><temps name="use"><temp name="T28"/><temp name="T3093"/></temps><temps name="def"><temp name="T3094"/></temps><temps name="in"><temp name="T28"/><temp name="T924"/><temp name="T3093"/></temps><temps name="out"><temp name="T3094"/><temp name="T28"/><temp name="T924"/></temps></instruction><instruction code="STO T3094, T924, 0"><temps name="use"><temp name="T3094"/><temp name="T924"/></temps><temps name="def"/><temps name="in"><temp name="T3094"/><temp name="T28"/><temp name="T924"/></temps><temps name="out"><temp name="T28"/></temps></instruction><instruction code="SETL  T3096, 1"><temps name="use"/><temps name="def"><temp name="T3096"/></temps><temps name="in"><temp name="T28"/></temps><temps name="out"><temp name="T28"/></temps></instruction><instruction code="INCML T3096, 0"><temps name="use"/><temps name="def"><temp name="T3096"/></temps><temps name="in"><temp name="T28"/></temps><temps name="out"><temp name="T28"/></temps></instruction><instruction code="INCMH T3096, 0"><temps name="use"/><temps name="def"><temp name="T3096"/></temps><temps name="in"><temp name="T28"/></temps><temps name="out"><temp name="T28"/></temps></instruction><instruction code="INCH  T3096, 0"><temps name="use"/><temps name="def"><temp name="T3096"/></temps><temps name="in"><temp name="T28"/></temps><temps name="out"><temp name="T28"/><temp name="T3096"/></temps></instruction><instruction code="OR T925, T3096, 0"><temps name="use"><temp name="T3096"/></temps><temps name="def"><temp name="T925"/></temps><temps name="in"><temp name="T28"/><temp name="T3096"/></temps><temps name="out"><temp name="T925"/><temp name="T28"/></temps></instruction><instruction code="SETL  T3097, 32"><temps name="use"/><temps name="def"><temp name="T3097"/></temps><temps name="in"><temp name="T925"/><temp name="T28"/></temps><temps name="out"><temp name="T925"/><temp name="T28"/></temps></instruction><instruction code="INCML T3097, 0"><temps name="use"/><temps name="def"><temp name="T3097"/></temps><temps name="in"><temp name="T925"/><temp name="T28"/></temps><temps name="out"><temp name="T925"/><temp name="T28"/></temps></instruction><instruction code="INCMH T3097, 0"><temps name="use"/><temps name="def"><temp name="T3097"/></temps><temps name="in"><temp name="T925"/><temp name="T28"/></temps><temps name="out"><temp name="T925"/><temp name="T28"/></temps></instruction><instruction code="INCH  T3097, 0"><temps name="use"/><temps name="def"><temp name="T3097"/></temps><temps name="in"><temp name="T925"/><temp name="T28"/></temps><temps name="out"><temp name="T3097"/><temp name="T925"/><temp name="T28"/></temps></instruction><instruction code="NEG T3097, 0, T3097"><temps name="use"><temp name="T3097"/></temps><temps name="def"><temp name="T3097"/></temps><temps name="in"><temp name="T3097"/><temp name="T925"/><temp name="T28"/></temps><temps name="out"><temp name="T3097"/><temp name="T925"/><temp name="T28"/></temps></instruction><instruction code="ADD T3098, T28, T3097"><temps name="use"><temp name="T28"/><temp name="T3097"/></temps><temps name="def"><temp name="T3098"/></temps><temps name="in"><temp name="T3097"/><temp name="T925"/><temp name="T28"/></temps><temps name="out"><temp name="T3098"/><temp name="T925"/><temp name="T28"/></temps></instruction><instruction code="STO T3098, T925, 0"><temps name="use"><temp name="T3098"/><temp name="T925"/></temps><temps name="def"/><temps name="in"><temp name="T3098"/><temp name="T925"/><temp name="T28"/></temps><temps name="out"><temp name="T28"/></temps></instruction><instruction code="L97"><temps name="use"/><temps name="def"/><temps name="in"><temp name="T28"/></temps><temps name="out"><temp name="T28"/></temps></instruction><instruction code="OR T926, T28, 0"><temps name="use"><temp name="T28"/></temps><temps name="def"><temp name="T926"/></temps><temps name="in"><temp name="T28"/></temps><temps name="out"><temp name="T926"/><temp name="T28"/></temps></instruction><instruction code="SETL  T3100, 32"><temps name="use"/><temps name="def"><temp name="T3100"/></temps><temps name="in"><temp name="T926"/><temp name="T28"/></temps><temps name="out"><temp name="T926"/><temp name="T28"/></temps></instruction><instruction code="INCML T3100, 0"><temps name="use"/><temps name="def"><temp name="T3100"/></temps><temps name="in"><temp name="T926"/><temp name="T28"/></temps><temps name="out"><temp name="T926"/><temp name="T28"/></temps></instruction><instruction code="INCMH T3100, 0"><temps name="use"/><temps name="def"><temp name="T3100"/></temps><temps name="in"><temp name="T926"/><temp name="T28"/></temps><temps name="out"><temp name="T926"/><temp name="T28"/></temps></instruction><instruction code="INCH  T3100, 0"><temps name="use"/><temps name="def"><temp name="T3100"/></temps><temps name="in"><temp name="T926"/><temp name="T28"/></temps><temps name="out"><temp name="T926"/><temp name="T3100"/><temp name="T28"/></temps></instruction><instruction code="NEG T3100, 0, T3100"><temps name="use"><temp name="T3100"/></temps><temps name="def"><temp name="T3100"/></temps><temps name="in"><temp name="T926"/><temp name="T3100"/><temp name="T28"/></temps><temps name="out"><temp name="T926"/><temp name="T3100"/><temp name="T28"/></temps></instruction><instruction code="OR T927, T3100, 0"><temps name="use"><temp name="T3100"/></temps><temps name="def"><temp name="T927"/></temps><temps name="in"><temp name="T926"/><temp name="T3100"/><temp name="T28"/></temps><temps name="out"><temp name="T926"/><temp name="T927"/><temp name="T28"/></temps></instruction><instruction code="ADD T3101, T926, T927"><temps name="use"><temp name="T926"/><temp name="T927"/></temps><temps name="def"><temp name="T3101"/></temps><temps name="in"><temp name="T926"/><temp name="T927"/><temp name="T28"/></temps><temps name="out"><temp name="T28"/><temp name="T3101"/></temps></instruction><instruction code="OR T928, T3101, 0"><temps name="use"><temp name="T3101"/></temps><temps name="def"><temp name="T928"/></temps><temps name="in"><temp name="T28"/><temp name="T3101"/></temps><temps name="out"><temp name="T28"/><temp name="T928"/></temps></instruction><instruction code="OR T929, T928, 0"><temps name="use"><temp name="T928"/></temps><temps name="def"><temp name="T929"/></temps><temps name="in"><temp name="T28"/><temp name="T928"/></temps><temps name="out"><temp name="T929"/><temp name="T28"/></temps></instruction><instruction code="SETL  T3103, 9"><temps name="use"/><temps name="def"><temp name="T3103"/></temps><temps name="in"><temp name="T929"/><temp name="T28"/></temps><temps name="out"><temp name="T929"/><temp name="T28"/></temps></instruction><instruction code="INCML T3103, 0"><temps name="use"/><temps name="def"><temp name="T3103"/></temps><temps name="in"><temp name="T929"/><temp name="T28"/></temps><temps name="out"><temp name="T929"/><temp name="T28"/></temps></instruction><instruction code="INCMH T3103, 0"><temps name="use"/><temps name="def"><temp name="T3103"/></temps><temps name="in"><temp name="T929"/><temp name="T28"/></temps><temps name="out"><temp name="T929"/><temp name="T28"/></temps></instruction><instruction code="INCH  T3103, 0"><temps name="use"/><temps name="def"><temp name="T3103"/></temps><temps name="in"><temp name="T929"/><temp name="T28"/></temps><temps name="out"><temp name="T929"/><temp name="T3103"/><temp name="T28"/></temps></instruction><instruction code="OR T930, T3103, 0"><temps name="use"><temp name="T3103"/></temps><temps name="def"><temp name="T930"/></temps><temps name="in"><temp name="T929"/><temp name="T3103"/><temp name="T28"/></temps><temps name="out"><temp name="T929"/><temp name="T28"/><temp name="T930"/></temps></instruction><instruction code="CMP T3104, T929, T930"><temps name="use"><temp name="T929"/><temp name="T930"/></temps><temps name="def"><temp name="T3104"/></temps><temps name="in"><temp name="T929"/><temp name="T28"/><temp name="T930"/></temps><temps name="out"><temp name="T3104"/><temp name="T28"/></temps></instruction><instruction code="ZSNP T3104, T3104, 1"><temps name="use"><temp name="T3104"/></temps><temps name="def"><temp name="T3104"/></temps><temps name="in"><temp name="T3104"/><temp name="T28"/></temps><temps name="out"><temp name="T3104"/><temp name="T28"/></temps></instruction><instruction code="OR T931, T3104, 0"><temps name="use"><temp name="T3104"/></temps><temps name="def"><temp name="T931"/></temps><temps name="in"><temp name="T3104"/><temp name="T28"/></temps><temps name="out"><temp name="T931"/><temp name="T28"/></temps></instruction><instruction code="BNZ T931, L98"><temps name="use"><temp name="T931"/></temps><temps name="def"/><temps name="in"><temp name="T931"/><temp name="T28"/></temps><temps name="out"><temp name="T28"/></temps></instruction><instruction code="L156"><temps name="use"/><temps name="def"/><temps name="in"><temp name="T28"/></temps><temps name="out"><temp name="T28"/></temps></instruction><instruction code="LDA T3105, L99"><temps name="use"/><temps name="def"><temp name="T3105"/></temps><temps name="in"><temp name="T28"/></temps><temps name="out"><temp name="T28"/><temp name="T3105"/></temps></instruction><instruction code="GO T3105, T3105, 0"><temps name="use"><temp name="T3105"/></temps><temps name="def"><temp name="T3105"/></temps><temps name="in"><temp name="T28"/><temp name="T3105"/></temps><temps name="out"><temp name="T28"/></temps></instruction><instruction code="L98"><temps name="use"/><temps name="def"/><temps name="in"><temp name="T28"/></temps><temps name="out"><temp name="T28"/></temps></instruction><instruction code="OR T932, T28, 0"><temps name="use"><temp name="T28"/></temps><temps name="def"><temp name="T932"/></temps><temps name="in"><temp name="T28"/></temps><temps name="out"><temp name="T932"/><temp name="T28"/></temps></instruction><instruction code="SETL  T3106, 32"><temps name="use"/><temps name="def"><temp name="T3106"/></temps><temps name="in"><temp name="T932"/><temp name="T28"/></temps><temps name="out"><temp name="T932"/><temp name="T28"/></temps></instruction><instruction code="INCML T3106, 0"><temps name="use"/><temps name="def"><temp name="T3106"/></temps><temps name="in"><temp name="T932"/><temp name="T28"/></temps><temps name="out"><temp name="T932"/><temp name="T28"/></temps></instruction><instruction code="INCMH T3106, 0"><temps name="use"/><temps name="def"><temp name="T3106"/></temps><temps name="in"><temp name="T932"/><temp name="T28"/></temps><temps name="out"><temp name="T932"/><temp name="T28"/></temps></instruction><instruction code="INCH  T3106, 0"><temps name="use"/><temps name="def"><temp name="T3106"/></temps><temps name="in"><temp name="T932"/><temp name="T28"/></temps><temps name="out"><temp name="T932"/><temp name="T3106"/><temp name="T28"/></temps></instruction><instruction code="NEG T3106, 0, T3106"><temps name="use"><temp name="T3106"/></temps><temps name="def"><temp name="T3106"/></temps><temps name="in"><temp name="T932"/><temp name="T3106"/><temp name="T28"/></temps><temps name="out"><temp name="T932"/><temp name="T3106"/><temp name="T28"/></temps></instruction><instruction code="OR T933, T3106, 0"><temps name="use"><temp name="T3106"/></temps><temps name="def"><temp name="T933"/></temps><temps name="in"><temp name="T932"/><temp name="T3106"/><temp name="T28"/></temps><temps name="out"><temp name="T932"/><temp name="T28"/><temp name="T933"/></temps></instruction><instruction code="ADD T3107, T932, T933"><temps name="use"><temp name="T932"/><temp name="T933"/></temps><temps name="def"><temp name="T3107"/></temps><temps name="in"><temp name="T932"/><temp name="T28"/><temp name="T933"/></temps><temps name="out"><temp name="T28"/><temp name="T3107"/></temps></instruction><instruction code="OR T934, T3107, 0"><temps name="use"><temp name="T3107"/></temps><temps name="def"><temp name="T934"/></temps><temps name="in"><temp name="T28"/><temp name="T3107"/></temps><temps name="out"><temp name="T934"/><temp name="T28"/></temps></instruction><instruction code="OR T935, T934, 0"><temps name="use"><temp name="T934"/></temps><temps name="def"><temp name="T935"/></temps><temps name="in"><temp name="T934"/><temp name="T28"/></temps><temps name="out"><temp name="T935"/><temp name="T28"/></temps></instruction><instruction code="SETL  T3110, 8"><temps name="use"/><temps name="def"><temp name="T3110"/></temps><temps name="in"><temp name="T935"/><temp name="T28"/></temps><temps name="out"><temp name="T935"/><temp name="T28"/></temps></instruction><instruction code="INCML T3110, 0"><temps name="use"/><temps name="def"><temp name="T3110"/></temps><temps name="in"><temp name="T935"/><temp name="T28"/></temps><temps name="out"><temp name="T935"/><temp name="T28"/></temps></instruction><instruction code="INCMH T3110, 0"><temps name="use"/><temps name="def"><temp name="T3110"/></temps><temps name="in"><temp name="T935"/><temp name="T28"/></temps><temps name="out"><temp name="T935"/><temp name="T28"/></temps></instruction><instruction code="INCH  T3110, 0"><temps name="use"/><temps name="def"><temp name="T3110"/></temps><temps name="in"><temp name="T935"/><temp name="T28"/></temps><temps name="out"><temp name="T935"/><temp name="T28"/><temp name="T3110"/></temps></instruction><instruction code="NEG T3110, 0, T3110"><temps name="use"><temp name="T3110"/></temps><temps name="def"><temp name="T3110"/></temps><temps name="in"><temp name="T935"/><temp name="T28"/><temp name="T3110"/></temps><temps name="out"><temp name="T935"/><temp name="T28"/><temp name="T3110"/></temps></instruction><instruction code="ADD T3111, T28, T3110"><temps name="use"><temp name="T28"/><temp name="T3110"/></temps><temps name="def"><temp name="T3111"/></temps><temps name="in"><temp name="T935"/><temp name="T28"/><temp name="T3110"/></temps><temps name="out"><temp name="T935"/><temp name="T28"/><temp name="T3111"/></temps></instruction><instruction code="SETL  T3113, 8"><temps name="use"/><temps name="def"><temp name="T3113"/></temps><temps name="in"><temp name="T935"/><temp name="T28"/><temp name="T3111"/></temps><temps name="out"><temp name="T935"/><temp name="T28"/><temp name="T3111"/></temps></instruction><instruction code="INCML T3113, 0"><temps name="use"/><temps name="def"><temp name="T3113"/></temps><temps name="in"><temp name="T935"/><temp name="T28"/><temp name="T3111"/></temps><temps name="out"><temp name="T935"/><temp name="T28"/><temp name="T3111"/></temps></instruction><instruction code="INCMH T3113, 0"><temps name="use"/><temps name="def"><temp name="T3113"/></temps><temps name="in"><temp name="T935"/><temp name="T28"/><temp name="T3111"/></temps><temps name="out"><temp name="T935"/><temp name="T28"/><temp name="T3111"/></temps></instruction><instruction code="INCH  T3113, 0"><temps name="use"/><temps name="def"><temp name="T3113"/></temps><temps name="in"><temp name="T935"/><temp name="T28"/><temp name="T3111"/></temps><temps name="out"><temp name="T3113"/><temp name="T935"/><temp name="T28"/><temp name="T3111"/></temps></instruction><instruction code="ADD T3114, T28, T3113"><temps name="use"><temp name="T28"/><temp name="T3113"/></temps><temps name="def"><temp name="T3114"/></temps><temps name="in"><temp name="T3113"/><temp name="T935"/><temp name="T28"/><temp name="T3111"/></temps><temps name="out"><temp name="T3114"/><temp name="T935"/><temp name="T3111"/><temp name="T28"/></temps></instruction><instruction code="SETL  T3116, 8"><temps name="use"/><temps name="def"><temp name="T3116"/></temps><temps name="in"><temp name="T3114"/><temp name="T935"/><temp name="T3111"/><temp name="T28"/></temps><temps name="out"><temp name="T3114"/><temp name="T935"/><temp name="T3111"/><temp name="T28"/></temps></instruction><instruction code="INCML T3116, 0"><temps name="use"/><temps name="def"><temp name="T3116"/></temps><temps name="in"><temp name="T3114"/><temp name="T935"/><temp name="T3111"/><temp name="T28"/></temps><temps name="out"><temp name="T3114"/><temp name="T935"/><temp name="T3111"/><temp name="T28"/></temps></instruction><instruction code="INCMH T3116, 0"><temps name="use"/><temps name="def"><temp name="T3116"/></temps><temps name="in"><temp name="T3114"/><temp name="T935"/><temp name="T3111"/><temp name="T28"/></temps><temps name="out"><temp name="T3114"/><temp name="T935"/><temp name="T3111"/><temp name="T28"/></temps></instruction><instruction code="INCH  T3116, 0"><temps name="use"/><temps name="def"><temp name="T3116"/></temps><temps name="in"><temp name="T3114"/><temp name="T935"/><temp name="T3111"/><temp name="T28"/></temps><temps name="out"><temp name="T3114"/><temp name="T935"/><temp name="T3116"/><temp name="T3111"/><temp name="T28"/></temps></instruction><instruction code="MUL T3117, T3114, T3116"><temps name="use"><temp name="T3114"/><temp name="T3116"/></temps><temps name="def"><temp name="T3117"/></temps><temps name="in"><temp name="T3114"/><temp name="T935"/><temp name="T3116"/><temp name="T3111"/><temp name="T28"/></temps><temps name="out"><temp name="T935"/><temp name="T3117"/><temp name="T3111"/><temp name="T28"/></temps></instruction><instruction code="ADD T3118, T3111, T3117"><temps name="use"><temp name="T3111"/><temp name="T3117"/></temps><temps name="def"><temp name="T3118"/></temps><temps name="in"><temp name="T935"/><temp name="T3117"/><temp name="T3111"/><temp name="T28"/></temps><temps name="out"><temp name="T935"/><temp name="T3118"/><temp name="T28"/></temps></instruction><instruction code="STO T3118, T935, 0"><temps name="use"><temp name="T3118"/><temp name="T935"/></temps><temps name="def"/><temps name="in"><temp name="T935"/><temp name="T3118"/><temp name="T28"/></temps><temps name="out"><temp name="T28"/></temps></instruction><instruction code="OR T936, T28, 0"><temps name="use"><temp name="T28"/></temps><temps name="def"><temp name="T936"/></temps><temps name="in"><temp name="T28"/></temps><temps name="out"><temp name="T936"/><temp name="T28"/></temps></instruction><instruction code="OR T937, T28, 0"><temps name="use"><temp name="T28"/></temps><temps name="def"><temp name="T937"/></temps><temps name="in"><temp name="T936"/><temp name="T28"/></temps><temps name="out"><temp name="T936"/><temp name="T937"/><temp name="T28"/></temps></instruction><instruction code="SETL  T3121, 8"><temps name="use"/><temps name="def"><temp name="T3121"/></temps><temps name="in"><temp name="T936"/><temp name="T937"/><temp name="T28"/></temps><temps name="out"><temp name="T936"/><temp name="T937"/><temp name="T28"/></temps></instruction><instruction code="INCML T3121, 0"><temps name="use"/><temps name="def"><temp name="T3121"/></temps><temps name="in"><temp name="T936"/><temp name="T937"/><temp name="T28"/></temps><temps name="out"><temp name="T936"/><temp name="T937"/><temp name="T28"/></temps></instruction><instruction code="INCMH T3121, 0"><temps name="use"/><temps name="def"><temp name="T3121"/></temps><temps name="in"><temp name="T936"/><temp name="T937"/><temp name="T28"/></temps><temps name="out"><temp name="T936"/><temp name="T937"/><temp name="T28"/></temps></instruction><instruction code="INCH  T3121, 0"><temps name="use"/><temps name="def"><temp name="T3121"/></temps><temps name="in"><temp name="T936"/><temp name="T937"/><temp name="T28"/></temps><temps name="out"><temp name="T936"/><temp name="T937"/><temp name="T28"/><temp name="T3121"/></temps></instruction><instruction code="OR T938, T3121, 0"><temps name="use"><temp name="T3121"/></temps><temps name="def"><temp name="T938"/></temps><temps name="in"><temp name="T936"/><temp name="T937"/><temp name="T28"/><temp name="T3121"/></temps><temps name="out"><temp name="T936"/><temp name="T938"/><temp name="T937"/><temp name="T28"/></temps></instruction><instruction code="ADD T3122, T937, T938"><temps name="use"><temp name="T937"/><temp name="T938"/></temps><temps name="def"><temp name="T3122"/></temps><temps name="in"><temp name="T936"/><temp name="T938"/><temp name="T937"/><temp name="T28"/></temps><temps name="out"><temp name="T936"/><temp name="T28"/><temp name="T3122"/></temps></instruction><instruction code="OR T939, T3122, 0"><temps name="use"><temp name="T3122"/></temps><temps name="def"><temp name="T939"/></temps><temps name="in"><temp name="T936"/><temp name="T28"/><temp name="T3122"/></temps><temps name="out"><temp name="T936"/><temp name="T939"/><temp name="T28"/></temps></instruction><instruction code="OR T940, T939, 0"><temps name="use"><temp name="T939"/></temps><temps name="def"><temp name="T940"/></temps><temps name="in"><temp name="T936"/><temp name="T939"/><temp name="T28"/></temps><temps name="out"><temp name="T936"/><temp name="T940"/><temp name="T28"/></temps></instruction><instruction code="SETL  T3124, 9"><temps name="use"/><temps name="def"><temp name="T3124"/></temps><temps name="in"><temp name="T936"/><temp name="T940"/><temp name="T28"/></temps><temps name="out"><temp name="T936"/><temp name="T940"/><temp name="T28"/></temps></instruction><instruction code="INCML T3124, 0"><temps name="use"/><temps name="def"><temp name="T3124"/></temps><temps name="in"><temp name="T936"/><temp name="T940"/><temp name="T28"/></temps><temps name="out"><temp name="T936"/><temp name="T940"/><temp name="T28"/></temps></instruction><instruction code="INCMH T3124, 0"><temps name="use"/><temps name="def"><temp name="T3124"/></temps><temps name="in"><temp name="T936"/><temp name="T940"/><temp name="T28"/></temps><temps name="out"><temp name="T936"/><temp name="T940"/><temp name="T28"/></temps></instruction><instruction code="INCH  T3124, 0"><temps name="use"/><temps name="def"><temp name="T3124"/></temps><temps name="in"><temp name="T936"/><temp name="T940"/><temp name="T28"/></temps><temps name="out"><temp name="T936"/><temp name="T3124"/><temp name="T940"/><temp name="T28"/></temps></instruction><instruction code="OR T941, T3124, 0"><temps name="use"><temp name="T3124"/></temps><temps name="def"><temp name="T941"/></temps><temps name="in"><temp name="T936"/><temp name="T3124"/><temp name="T940"/><temp name="T28"/></temps><temps name="out"><temp name="T936"/><temp name="T941"/><temp name="T940"/><temp name="T28"/></temps></instruction><instruction code="DIV T3125, T940, T941"><temps name="use"><temp name="T940"/><temp name="T941"/></temps><temps name="def"><temp name="T3125"/></temps><temps name="in"><temp name="T936"/><temp name="T941"/><temp name="T940"/><temp name="T28"/></temps><temps name="out"><temp name="T936"/><temp name="T3125"/><temp name="T28"/></temps></instruction><instruction code="OR T942, T3125, 0"><temps name="use"><temp name="T3125"/></temps><temps name="def"><temp name="T942"/></temps><temps name="in"><temp name="T936"/><temp name="T3125"/><temp name="T28"/></temps><temps name="out"><temp name="T936"/><temp name="T942"/><temp name="T28"/></temps></instruction><instruction code="STO T936, $254, 8"><temps name="use"><temp name="T936"/></temps><temps name="def"/><temps name="in"><temp name="T936"/><temp name="T942"/><temp name="T28"/></temps><temps name="out"><temp name="T942"/><temp name="T28"/></temps></instruction><instruction code="STO T942, $254, 16"><temps name="use"><temp name="T942"/></temps><temps name="def"/><temps name="in"><temp name="T942"/><temp name="T28"/></temps><temps name="out"><temp name="T28"/></temps></instruction><instruction code="LDA T3126, L1"><temps name="use"/><temps name="def"><temp name="T3126"/></temps><temps name="in"><temp name="T28"/></temps><temps name="out"><temp name="T3126"/><temp name="T28"/></temps></instruction><instruction code="PUSHJ $16, T3126, 0"><temps name="use"><temp name="T3126"/></temps><temps name="def"/><temps name="in"><temp name="T3126"/><temp name="T28"/></temps><temps name="out"><temp name="T28"/></temps></instruction><instruction code="LDO T3127, $254, 0"><temps name="use"/><temps name="def"><temp name="T3127"/></temps><temps name="in"><temp name="T28"/></temps><temps name="out"><temp name="T3127"/><temp name="T28"/></temps></instruction><instruction code="OR T943, T3127, 0"><temps name="use"><temp name="T3127"/></temps><temps name="def"><temp name="T943"/></temps><temps name="in"><temp name="T3127"/><temp name="T28"/></temps><temps name="out"><temp name="T28"/><temp name="T943"/></temps></instruction><instruction code="OR T944, T28, 0"><temps name="use"><temp name="T28"/></temps><temps name="def"><temp name="T944"/></temps><temps name="in"><temp name="T28"/><temp name="T943"/></temps><temps name="out"><temp name="T944"/><temp name="T28"/><temp name="T943"/></temps></instruction><instruction code="OR T945, T28, 0"><temps name="use"><temp name="T28"/></temps><temps name="def"><temp name="T945"/></temps><temps name="in"><temp name="T944"/><temp name="T28"/><temp name="T943"/></temps><temps name="out"><temp name="T944"/><temp name="T945"/><temp name="T943"/><temp name="T28"/></temps></instruction><instruction code="SETL  T3129, 8"><temps name="use"/><temps name="def"><temp name="T3129"/></temps><temps name="in"><temp name="T944"/><temp name="T945"/><temp name="T943"/><temp name="T28"/></temps><temps name="out"><temp name="T944"/><temp name="T945"/><temp name="T943"/><temp name="T28"/></temps></instruction><instruction code="INCML T3129, 0"><temps name="use"/><temps name="def"><temp name="T3129"/></temps><temps name="in"><temp name="T944"/><temp name="T945"/><temp name="T943"/><temp name="T28"/></temps><temps name="out"><temp name="T944"/><temp name="T945"/><temp name="T943"/><temp name="T28"/></temps></instruction><instruction code="INCMH T3129, 0"><temps name="use"/><temps name="def"><temp name="T3129"/></temps><temps name="in"><temp name="T944"/><temp name="T945"/><temp name="T943"/><temp name="T28"/></temps><temps name="out"><temp name="T944"/><temp name="T945"/><temp name="T943"/><temp name="T28"/></temps></instruction><instruction code="INCH  T3129, 0"><temps name="use"/><temps name="def"><temp name="T3129"/></temps><temps name="in"><temp name="T944"/><temp name="T945"/><temp name="T943"/><temp name="T28"/></temps><temps name="out"><temp name="T944"/><temp name="T945"/><temp name="T943"/><temp name="T28"/><temp name="T3129"/></temps></instruction><instruction code="OR T946, T3129, 0"><temps name="use"><temp name="T3129"/></temps><temps name="def"><temp name="T946"/></temps><temps name="in"><temp name="T944"/><temp name="T945"/><temp name="T943"/><temp name="T28"/><temp name="T3129"/></temps><temps name="out"><temp name="T944"/><temp name="T945"/><temp name="T943"/><temp name="T28"/><temp name="T946"/></temps></instruction><instruction code="ADD T3130, T945, T946"><temps name="use"><temp name="T945"/><temp name="T946"/></temps><temps name="def"><temp name="T3130"/></temps><temps name="in"><temp name="T944"/><temp name="T945"/><temp name="T943"/><temp name="T28"/><temp name="T946"/></temps><temps name="out"><temp name="T3130"/><temp name="T944"/><temp name="T943"/><temp name="T28"/></temps></instruction><instruction code="OR T947, T3130, 0"><temps name="use"><temp name="T3130"/></temps><temps name="def"><temp name="T947"/></temps><temps name="in"><temp name="T3130"/><temp name="T944"/><temp name="T943"/><temp name="T28"/></temps><temps name="out"><temp name="T947"/><temp name="T944"/><temp name="T943"/><temp name="T28"/></temps></instruction><instruction code="OR T948, T947, 0"><temps name="use"><temp name="T947"/></temps><temps name="def"><temp name="T948"/></temps><temps name="in"><temp name="T947"/><temp name="T944"/><temp name="T943"/><temp name="T28"/></temps><temps name="out"><temp name="T948"/><temp name="T944"/><temp name="T943"/><temp name="T28"/></temps></instruction><instruction code="SETL  T3132, 9"><temps name="use"/><temps name="def"><temp name="T3132"/></temps><temps name="in"><temp name="T948"/><temp name="T944"/><temp name="T943"/><temp name="T28"/></temps><temps name="out"><temp name="T948"/><temp name="T944"/><temp name="T943"/><temp name="T28"/></temps></instruction><instruction code="INCML T3132, 0"><temps name="use"/><temps name="def"><temp name="T3132"/></temps><temps name="in"><temp name="T948"/><temp name="T944"/><temp name="T943"/><temp name="T28"/></temps><temps name="out"><temp name="T948"/><temp name="T944"/><temp name="T943"/><temp name="T28"/></temps></instruction><instruction code="INCMH T3132, 0"><temps name="use"/><temps name="def"><temp name="T3132"/></temps><temps name="in"><temp name="T948"/><temp name="T944"/><temp name="T943"/><temp name="T28"/></temps><temps name="out"><temp name="T948"/><temp name="T944"/><temp name="T943"/><temp name="T28"/></temps></instruction><instruction code="INCH  T3132, 0"><temps name="use"/><temps name="def"><temp name="T3132"/></temps><temps name="in"><temp name="T948"/><temp name="T944"/><temp name="T943"/><temp name="T28"/></temps><temps name="out"><temp name="T948"/><temp name="T3132"/><temp name="T944"/><temp name="T943"/><temp name="T28"/></temps></instruction><instruction code="OR T949, T3132, 0"><temps name="use"><temp name="T3132"/></temps><temps name="def"><temp name="T949"/></temps><temps name="in"><temp name="T948"/><temp name="T3132"/><temp name="T944"/><temp name="T943"/><temp name="T28"/></temps><temps name="out"><temp name="T948"/><temp name="T949"/><temp name="T944"/><temp name="T943"/><temp name="T28"/></temps></instruction><instruction code="DIV T3133, T948, T949"><temps name="use"><temp name="T948"/><temp name="T949"/></temps><temps name="def"><temp name="T3133"/></temps><temps name="in"><temp name="T948"/><temp name="T949"/><temp name="T944"/><temp name="T943"/><temp name="T28"/></temps><temps name="out"><temp name="T944"/><temp name="T943"/><temp name="T28"/></temps></instruction><instruction code="OR T3133, rR, 0"><temps name="use"/><temps name="def"><temp name="T3133"/></temps><temps name="in"><temp name="T944"/><temp name="T943"/><temp name="T28"/></temps><temps name="out"><temp name="T944"/><temp name="T3133"/><temp name="T943"/><temp name="T28"/></temps></instruction><instruction code="OR T950, T3133, 0"><temps name="use"><temp name="T3133"/></temps><temps name="def"><temp name="T950"/></temps><temps name="in"><temp name="T944"/><temp name="T3133"/><temp name="T943"/><temp name="T28"/></temps><temps name="out"><temp name="T944"/><temp name="T943"/><temp name="T28"/><temp name="T950"/></temps></instruction><instruction code="STO T944, $254, 8"><temps name="use"><temp name="T944"/></temps><temps name="def"/><temps name="in"><temp name="T944"/><temp name="T943"/><temp name="T28"/><temp name="T950"/></temps><temps name="out"><temp name="T943"/><temp name="T28"/><temp name="T950"/></temps></instruction><instruction code="STO T950, $254, 16"><temps name="use"><temp name="T950"/></temps><temps name="def"/><temps name="in"><temp name="T943"/><temp name="T28"/><temp name="T950"/></temps><temps name="out"><temp name="T943"/><temp name="T28"/></temps></instruction><instruction code="LDA T3134, L2"><temps name="use"/><temps name="def"><temp name="T3134"/></temps><temps name="in"><temp name="T943"/><temp name="T28"/></temps><temps name="out"><temp name="T3134"/><temp name="T943"/><temp name="T28"/></temps></instruction><instruction code="PUSHJ $16, T3134, 0"><temps name="use"><temp name="T3134"/></temps><temps name="def"/><temps name="in"><temp name="T3134"/><temp name="T943"/><temp name="T28"/></temps><temps name="out"><temp name="T943"/><temp name="T28"/></temps></instruction><instruction code="LDO T3135, $254, 0"><temps name="use"/><temps name="def"><temp name="T3135"/></temps><temps name="in"><temp name="T943"/><temp name="T28"/></temps><temps name="out"><temp name="T3135"/><temp name="T943"/><temp name="T28"/></temps></instruction><instruction code="OR T951, T3135, 0"><temps name="use"><temp name="T3135"/></temps><temps name="def"><temp name="T951"/></temps><temps name="in"><temp name="T3135"/><temp name="T943"/><temp name="T28"/></temps><temps name="out"><temp name="T951"/><temp name="T943"/><temp name="T28"/></temps></instruction><instruction code="AND T3136, T943, T951"><temps name="use"><temp name="T943"/><temp name="T951"/></temps><temps name="def"><temp name="T3136"/></temps><temps name="in"><temp name="T951"/><temp name="T943"/><temp name="T28"/></temps><temps name="out"><temp name="T3136"/><temp name="T28"/></temps></instruction><instruction code="OR T952, T3136, 0"><temps name="use"><temp name="T3136"/></temps><temps name="def"><temp name="T952"/></temps><temps name="in"><temp name="T3136"/><temp name="T28"/></temps><temps name="out"><temp name="T952"/><temp name="T28"/></temps></instruction><instruction code="OR T953, T28, 0"><temps name="use"><temp name="T28"/></temps><temps name="def"><temp name="T953"/></temps><temps name="in"><temp name="T952"/><temp name="T28"/></temps><temps name="out"><temp name="T952"/><temp name="T953"/><temp name="T28"/></temps></instruction><instruction code="OR T954, T28, 0"><temps name="use"><temp name="T28"/></temps><temps name="def"><temp name="T954"/></temps><temps name="in"><temp name="T952"/><temp name="T953"/><temp name="T28"/></temps><temps name="out"><temp name="T954"/><temp name="T952"/><temp name="T953"/><temp name="T28"/></temps></instruction><instruction code="SETL  T3138, 8"><temps name="use"/><temps name="def"><temp name="T3138"/></temps><temps name="in"><temp name="T954"/><temp name="T952"/><temp name="T953"/><temp name="T28"/></temps><temps name="out"><temp name="T954"/><temp name="T952"/><temp name="T953"/><temp name="T28"/></temps></instruction><instruction code="INCML T3138, 0"><temps name="use"/><temps name="def"><temp name="T3138"/></temps><temps name="in"><temp name="T954"/><temp name="T952"/><temp name="T953"/><temp name="T28"/></temps><temps name="out"><temp name="T954"/><temp name="T952"/><temp name="T953"/><temp name="T28"/></temps></instruction><instruction code="INCMH T3138, 0"><temps name="use"/><temps name="def"><temp name="T3138"/></temps><temps name="in"><temp name="T954"/><temp name="T952"/><temp name="T953"/><temp name="T28"/></temps><temps name="out"><temp name="T954"/><temp name="T952"/><temp name="T953"/><temp name="T28"/></temps></instruction><instruction code="INCH  T3138, 0"><temps name="use"/><temps name="def"><temp name="T3138"/></temps><temps name="in"><temp name="T954"/><temp name="T952"/><temp name="T953"/><temp name="T28"/></temps><temps name="out"><temp name="T954"/><temp name="T952"/><temp name="T953"/><temp name="T3138"/><temp name="T28"/></temps></instruction><instruction code="OR T955, T3138, 0"><temps name="use"><temp name="T3138"/></temps><temps name="def"><temp name="T955"/></temps><temps name="in"><temp name="T954"/><temp name="T952"/><temp name="T953"/><temp name="T3138"/><temp name="T28"/></temps><temps name="out"><temp name="T954"/><temp name="T952"/><temp name="T953"/><temp name="T955"/><temp name="T28"/></temps></instruction><instruction code="ADD T3139, T954, T955"><temps name="use"><temp name="T954"/><temp name="T955"/></temps><temps name="def"><temp name="T3139"/></temps><temps name="in"><temp name="T954"/><temp name="T952"/><temp name="T953"/><temp name="T955"/><temp name="T28"/></temps><temps name="out"><temp name="T3139"/><temp name="T952"/><temp name="T953"/><temp name="T28"/></temps></instruction><instruction code="OR T956, T3139, 0"><temps name="use"><temp name="T3139"/></temps><temps name="def"><temp name="T956"/></temps><temps name="in"><temp name="T3139"/><temp name="T952"/><temp name="T953"/><temp name="T28"/></temps><temps name="out"><temp name="T952"/><temp name="T956"/><temp name="T953"/><temp name="T28"/></temps></instruction><instruction code="OR T957, T956, 0"><temps name="use"><temp name="T956"/></temps><temps name="def"><temp name="T957"/></temps><temps name="in"><temp name="T952"/><temp name="T956"/><temp name="T953"/><temp name="T28"/></temps><temps name="out"><temp name="T952"/><temp name="T957"/><temp name="T953"/><temp name="T28"/></temps></instruction><instruction code="SETL  T3141, 9"><temps name="use"/><temps name="def"><temp name="T3141"/></temps><temps name="in"><temp name="T952"/><temp name="T957"/><temp name="T953"/><temp name="T28"/></temps><temps name="out"><temp name="T952"/><temp name="T957"/><temp name="T953"/><temp name="T28"/></temps></instruction><instruction code="INCML T3141, 0"><temps name="use"/><temps name="def"><temp name="T3141"/></temps><temps name="in"><temp name="T952"/><temp name="T957"/><temp name="T953"/><temp name="T28"/></temps><temps name="out"><temp name="T952"/><temp name="T957"/><temp name="T953"/><temp name="T28"/></temps></instruction><instruction code="INCMH T3141, 0"><temps name="use"/><temps name="def"><temp name="T3141"/></temps><temps name="in"><temp name="T952"/><temp name="T957"/><temp name="T953"/><temp name="T28"/></temps><temps name="out"><temp name="T952"/><temp name="T957"/><temp name="T953"/><temp name="T28"/></temps></instruction><instruction code="INCH  T3141, 0"><temps name="use"/><temps name="def"><temp name="T3141"/></temps><temps name="in"><temp name="T952"/><temp name="T957"/><temp name="T953"/><temp name="T28"/></temps><temps name="out"><temp name="T952"/><temp name="T3141"/><temp name="T957"/><temp name="T953"/><temp name="T28"/></temps></instruction><instruction code="OR T958, T3141, 0"><temps name="use"><temp name="T3141"/></temps><temps name="def"><temp name="T958"/></temps><temps name="in"><temp name="T952"/><temp name="T3141"/><temp name="T957"/><temp name="T953"/><temp name="T28"/></temps><temps name="out"><temp name="T952"/><temp name="T957"/><temp name="T958"/><temp name="T953"/><temp name="T28"/></temps></instruction><instruction code="DIV T3142, T957, T958"><temps name="use"><temp name="T957"/><temp name="T958"/></temps><temps name="def"><temp name="T3142"/></temps><temps name="in"><temp name="T952"/><temp name="T957"/><temp name="T958"/><temp name="T953"/><temp name="T28"/></temps><temps name="out"><temp name="T3142"/><temp name="T952"/><temp name="T953"/><temp name="T28"/></temps></instruction><instruction code="OR T959, T3142, 0"><temps name="use"><temp name="T3142"/></temps><temps name="def"><temp name="T959"/></temps><temps name="in"><temp name="T3142"/><temp name="T952"/><temp name="T953"/><temp name="T28"/></temps><temps name="out"><temp name="T952"/><temp name="T953"/><temp name="T959"/><temp name="T28"/></temps></instruction><instruction code="SETL  T3143, 3"><temps name="use"/><temps name="def"><temp name="T3143"/></temps><temps name="in"><temp name="T952"/><temp name="T953"/><temp name="T959"/><temp name="T28"/></temps><temps name="out"><temp name="T952"/><temp name="T953"/><temp name="T959"/><temp name="T28"/></temps></instruction><instruction code="INCML T3143, 0"><temps name="use"/><temps name="def"><temp name="T3143"/></temps><temps name="in"><temp name="T952"/><temp name="T953"/><temp name="T959"/><temp name="T28"/></temps><temps name="out"><temp name="T952"/><temp name="T953"/><temp name="T959"/><temp name="T28"/></temps></instruction><instruction code="INCMH T3143, 0"><temps name="use"/><temps name="def"><temp name="T3143"/></temps><temps name="in"><temp name="T952"/><temp name="T953"/><temp name="T959"/><temp name="T28"/></temps><temps name="out"><temp name="T952"/><temp name="T953"/><temp name="T959"/><temp name="T28"/></temps></instruction><instruction code="INCH  T3143, 0"><temps name="use"/><temps name="def"><temp name="T3143"/></temps><temps name="in"><temp name="T952"/><temp name="T953"/><temp name="T959"/><temp name="T28"/></temps><temps name="out"><temp name="T952"/><temp name="T3143"/><temp name="T953"/><temp name="T959"/><temp name="T28"/></temps></instruction><instruction code="OR T960, T3143, 0"><temps name="use"><temp name="T3143"/></temps><temps name="def"><temp name="T960"/></temps><temps name="in"><temp name="T952"/><temp name="T3143"/><temp name="T953"/><temp name="T959"/><temp name="T28"/></temps><temps name="out"><temp name="T952"/><temp name="T953"/><temp name="T959"/><temp name="T28"/><temp name="T960"/></temps></instruction><instruction code="DIV T3144, T959, T960"><temps name="use"><temp name="T959"/><temp name="T960"/></temps><temps name="def"><temp name="T3144"/></temps><temps name="in"><temp name="T952"/><temp name="T953"/><temp name="T959"/><temp name="T28"/><temp name="T960"/></temps><temps name="out"><temp name="T952"/><temp name="T953"/><temp name="T28"/><temp name="T3144"/></temps></instruction><instruction code="OR T961, T3144, 0"><temps name="use"><temp name="T3144"/></temps><temps name="def"><temp name="T961"/></temps><temps name="in"><temp name="T952"/><temp name="T953"/><temp name="T28"/><temp name="T3144"/></temps><temps name="out"><temp name="T952"/><temp name="T953"/><temp name="T28"/><temp name="T961"/></temps></instruction><instruction code="OR T962, T28, 0"><temps name="use"><temp name="T28"/></temps><temps name="def"><temp name="T962"/></temps><temps name="in"><temp name="T952"/><temp name="T953"/><temp name="T28"/><temp name="T961"/></temps><temps name="out"><temp name="T962"/><temp name="T952"/><temp name="T953"/><temp name="T28"/><temp name="T961"/></temps></instruction><instruction code="SETL  T3145, 8"><temps name="use"/><temps name="def"><temp name="T3145"/></temps><temps name="in"><temp name="T962"/><temp name="T952"/><temp name="T953"/><temp name="T28"/><temp name="T961"/></temps><temps name="out"><temp name="T962"/><temp name="T952"/><temp name="T953"/><temp name="T28"/><temp name="T961"/></temps></instruction><instruction code="INCML T3145, 0"><temps name="use"/><temps name="def"><temp name="T3145"/></temps><temps name="in"><temp name="T962"/><temp name="T952"/><temp name="T953"/><temp name="T28"/><temp name="T961"/></temps><temps name="out"><temp name="T962"/><temp name="T952"/><temp name="T953"/><temp name="T28"/><temp name="T961"/></temps></instruction><instruction code="INCMH T3145, 0"><temps name="use"/><temps name="def"><temp name="T3145"/></temps><temps name="in"><temp name="T962"/><temp name="T952"/><temp name="T953"/><temp name="T28"/><temp name="T961"/></temps><temps name="out"><temp name="T962"/><temp name="T952"/><temp name="T953"/><temp name="T28"/><temp name="T961"/></temps></instruction><instruction code="INCH  T3145, 0"><temps name="use"/><temps name="def"><temp name="T3145"/></temps><temps name="in"><temp name="T962"/><temp name="T952"/><temp name="T953"/><temp name="T28"/><temp name="T961"/></temps><temps name="out"><temp name="T962"/><temp name="T952"/><temp name="T3145"/><temp name="T953"/><temp name="T28"/><temp name="T961"/></temps></instruction><instruction code="OR T963, T3145, 0"><temps name="use"><temp name="T3145"/></temps><temps name="def"><temp name="T963"/></temps><temps name="in"><temp name="T962"/><temp name="T952"/><temp name="T3145"/><temp name="T953"/><temp name="T28"/><temp name="T961"/></temps><temps name="out"><temp name="T962"/><temp name="T963"/><temp name="T952"/><temp name="T953"/><temp name="T28"/><temp name="T961"/></temps></instruction><instruction code="ADD T3146, T962, T963"><temps name="use"><temp name="T962"/><temp name="T963"/></temps><temps name="def"><temp name="T3146"/></temps><temps name="in"><temp name="T962"/><temp name="T963"/><temp name="T952"/><temp name="T953"/><temp name="T28"/><temp name="T961"/></temps><temps name="out"><temp name="T952"/><temp name="T3146"/><temp name="T953"/><temp name="T28"/><temp name="T961"/></temps></instruction><instruction code="OR T964, T3146, 0"><temps name="use"><temp name="T3146"/></temps><temps name="def"><temp name="T964"/></temps><temps name="in"><temp name="T952"/><temp name="T3146"/><temp name="T953"/><temp name="T28"/><temp name="T961"/></temps><temps name="out"><temp name="T952"/><temp name="T953"/><temp name="T28"/><temp name="T961"/><temp name="T964"/></temps></instruction><instruction code="OR T965, T964, 0"><temps name="use"><temp name="T964"/></temps><temps name="def"><temp name="T965"/></temps><temps name="in"><temp name="T952"/><temp name="T953"/><temp name="T28"/><temp name="T961"/><temp name="T964"/></temps><temps name="out"><temp name="T952"/><temp name="T953"/><temp name="T965"/><temp name="T28"/><temp name="T961"/></temps></instruction><instruction code="SETL  T3148, 9"><temps name="use"/><temps name="def"><temp name="T3148"/></temps><temps name="in"><temp name="T952"/><temp name="T953"/><temp name="T965"/><temp name="T28"/><temp name="T961"/></temps><temps name="out"><temp name="T952"/><temp name="T953"/><temp name="T965"/><temp name="T28"/><temp name="T961"/></temps></instruction><instruction code="INCML T3148, 0"><temps name="use"/><temps name="def"><temp name="T3148"/></temps><temps name="in"><temp name="T952"/><temp name="T953"/><temp name="T965"/><temp name="T28"/><temp name="T961"/></temps><temps name="out"><temp name="T952"/><temp name="T953"/><temp name="T965"/><temp name="T28"/><temp name="T961"/></temps></instruction><instruction code="INCMH T3148, 0"><temps name="use"/><temps name="def"><temp name="T3148"/></temps><temps name="in"><temp name="T952"/><temp name="T953"/><temp name="T965"/><temp name="T28"/><temp name="T961"/></temps><temps name="out"><temp name="T952"/><temp name="T953"/><temp name="T965"/><temp name="T28"/><temp name="T961"/></temps></instruction><instruction code="INCH  T3148, 0"><temps name="use"/><temps name="def"><temp name="T3148"/></temps><temps name="in"><temp name="T952"/><temp name="T953"/><temp name="T965"/><temp name="T28"/><temp name="T961"/></temps><temps name="out"><temp name="T952"/><temp name="T953"/><temp name="T965"/><temp name="T28"/><temp name="T961"/><temp name="T3148"/></temps></instruction><instruction code="OR T966, T3148, 0"><temps name="use"><temp name="T3148"/></temps><temps name="def"><temp name="T966"/></temps><temps name="in"><temp name="T952"/><temp name="T953"/><temp name="T965"/><temp name="T28"/><temp name="T961"/><temp name="T3148"/></temps><temps name="out"><temp name="T966"/><temp name="T952"/><temp name="T953"/><temp name="T965"/><temp name="T28"/><temp name="T961"/></temps></instruction><instruction code="DIV T3149, T965, T966"><temps name="use"><temp name="T965"/><temp name="T966"/></temps><temps name="def"><temp name="T3149"/></temps><temps name="in"><temp name="T966"/><temp name="T952"/><temp name="T953"/><temp name="T965"/><temp name="T28"/><temp name="T961"/></temps><temps name="out"><temp name="T952"/><temp name="T953"/><temp name="T28"/><temp name="T961"/></temps></instruction><instruction code="OR T3149, rR, 0"><temps name="use"/><temps name="def"><temp name="T3149"/></temps><temps name="in"><temp name="T952"/><temp name="T953"/><temp name="T28"/><temp name="T961"/></temps><temps name="out"><temp name="T3149"/><temp name="T952"/><temp name="T953"/><temp name="T28"/><temp name="T961"/></temps></instruction><instruction code="OR T967, T3149, 0"><temps name="use"><temp name="T3149"/></temps><temps name="def"><temp name="T967"/></temps><temps name="in"><temp name="T3149"/><temp name="T952"/><temp name="T953"/><temp name="T28"/><temp name="T961"/></temps><temps name="out"><temp name="T967"/><temp name="T952"/><temp name="T953"/><temp name="T28"/><temp name="T961"/></temps></instruction><instruction code="SETL  T3150, 3"><temps name="use"/><temps name="def"><temp name="T3150"/></temps><temps name="in"><temp name="T967"/><temp name="T952"/><temp name="T953"/><temp name="T28"/><temp name="T961"/></temps><temps name="out"><temp name="T967"/><temp name="T952"/><temp name="T953"/><temp name="T28"/><temp name="T961"/></temps></instruction><instruction code="INCML T3150, 0"><temps name="use"/><temps name="def"><temp name="T3150"/></temps><temps name="in"><temp name="T967"/><temp name="T952"/><temp name="T953"/><temp name="T28"/><temp name="T961"/></temps><temps name="out"><temp name="T967"/><temp name="T952"/><temp name="T953"/><temp name="T28"/><temp name="T961"/></temps></instruction><instruction code="INCMH T3150, 0"><temps name="use"/><temps name="def"><temp name="T3150"/></temps><temps name="in"><temp name="T967"/><temp name="T952"/><temp name="T953"/><temp name="T28"/><temp name="T961"/></temps><temps name="out"><temp name="T967"/><temp name="T952"/><temp name="T953"/><temp name="T28"/><temp name="T961"/></temps></instruction><instruction code="INCH  T3150, 0"><temps name="use"/><temps name="def"><temp name="T3150"/></temps><temps name="in"><temp name="T967"/><temp name="T952"/><temp name="T953"/><temp name="T28"/><temp name="T961"/></temps><temps name="out"><temp name="T967"/><temp name="T952"/><temp name="T953"/><temp name="T28"/><temp name="T3150"/><temp name="T961"/></temps></instruction><instruction code="OR T968, T3150, 0"><temps name="use"><temp name="T3150"/></temps><temps name="def"><temp name="T968"/></temps><temps name="in"><temp name="T967"/><temp name="T952"/><temp name="T953"/><temp name="T28"/><temp name="T3150"/><temp name="T961"/></temps><temps name="out"><temp name="T968"/><temp name="T967"/><temp name="T952"/><temp name="T953"/><temp name="T28"/><temp name="T961"/></temps></instruction><instruction code="DIV T3151, T967, T968"><temps name="use"><temp name="T967"/><temp name="T968"/></temps><temps name="def"><temp name="T3151"/></temps><temps name="in"><temp name="T968"/><temp name="T967"/><temp name="T952"/><temp name="T953"/><temp name="T28"/><temp name="T961"/></temps><temps name="out"><temp name="T3151"/><temp name="T952"/><temp name="T953"/><temp name="T28"/><temp name="T961"/></temps></instruction><instruction code="OR T969, T3151, 0"><temps name="use"><temp name="T3151"/></temps><temps name="def"><temp name="T969"/></temps><temps name="in"><temp name="T3151"/><temp name="T952"/><temp name="T953"/><temp name="T28"/><temp name="T961"/></temps><temps name="out"><temp name="T952"/><temp name="T953"/><temp name="T28"/><temp name="T961"/><temp name="T969"/></temps></instruction><instruction code="STO T953, $254, 8"><temps name="use"><temp name="T953"/></temps><temps name="def"/><temps name="in"><temp name="T952"/><temp name="T953"/><temp name="T28"/><temp name="T961"/><temp name="T969"/></temps><temps name="out"><temp name="T952"/><temp name="T28"/><temp name="T961"/><temp name="T969"/></temps></instruction><instruction code="STO T961, $254, 16"><temps name="use"><temp name="T961"/></temps><temps name="def"/><temps name="in"><temp name="T952"/><temp name="T28"/><temp name="T961"/><temp name="T969"/></temps><temps name="out"><temp name="T952"/><temp name="T28"/><temp name="T969"/></temps></instruction><instruction code="STO T969, $254, 24"><temps name="use"><temp name="T969"/></temps><temps name="def"/><temps name="in"><temp name="T952"/><temp name="T28"/><temp name="T969"/></temps><temps name="out"><temp name="T952"/><temp name="T28"/></temps></instruction><instruction code="LDA T3152, L3"><temps name="use"/><temps name="def"><temp name="T3152"/></temps><temps name="in"><temp name="T952"/><temp name="T28"/></temps><temps name="out"><temp name="T3152"/><temp name="T952"/><temp name="T28"/></temps></instruction><instruction code="PUSHJ $16, T3152, 0"><temps name="use"><temp name="T3152"/></temps><temps name="def"/><temps name="in"><temp name="T3152"/><temp name="T952"/><temp name="T28"/></temps><temps name="out"><temp name="T952"/><temp name="T28"/></temps></instruction><instruction code="LDO T3153, $254, 0"><temps name="use"/><temps name="def"><temp name="T3153"/></temps><temps name="in"><temp name="T952"/><temp name="T28"/></temps><temps name="out"><temp name="T952"/><temp name="T28"/><temp name="T3153"/></temps></instruction><instruction code="OR T970, T3153, 0"><temps name="use"><temp name="T3153"/></temps><temps name="def"><temp name="T970"/></temps><temps name="in"><temp name="T952"/><temp name="T28"/><temp name="T3153"/></temps><temps name="out"><temp name="T952"/><temp name="T28"/><temp name="T970"/></temps></instruction><instruction code="AND T3154, T952, T970"><temps name="use"><temp name="T952"/><temp name="T970"/></temps><temps name="def"><temp name="T3154"/></temps><temps name="in"><temp name="T952"/><temp name="T28"/><temp name="T970"/></temps><temps name="out"><temp name="T28"/><temp name="T3154"/></temps></instruction><instruction code="OR T971, T3154, 0"><temps name="use"><temp name="T3154"/></temps><temps name="def"><temp name="T971"/></temps><temps name="in"><temp name="T28"/><temp name="T3154"/></temps><temps name="out"><temp name="T971"/><temp name="T28"/></temps></instruction><instruction code="BNZ T971, L95"><temps name="use"><temp name="T971"/></temps><temps name="def"/><temps name="in"><temp name="T971"/><temp name="T28"/></temps><temps name="out"><temp name="T28"/></temps></instruction><instruction code="L157"><temps name="use"/><temps name="def"/><temps name="in"><temp name="T28"/></temps><temps name="out"><temp name="T28"/></temps></instruction><instruction code="LDA T3155, L96"><temps name="use"/><temps name="def"><temp name="T3155"/></temps><temps name="in"><temp name="T28"/></temps><temps name="out"><temp name="T28"/><temp name="T3155"/></temps></instruction><instruction code="GO T3155, T3155, 0"><temps name="use"><temp name="T3155"/></temps><temps name="def"><temp name="T3155"/></temps><temps name="in"><temp name="T28"/><temp name="T3155"/></temps><temps name="out"><temp name="T28"/></temps></instruction><instruction code="L95"><temps name="use"/><temps name="def"/><temps name="in"><temp name="T28"/></temps><temps name="out"><temp name="T28"/></temps></instruction><instruction code="OR T972, T28, 0"><temps name="use"><temp name="T28"/></temps><temps name="def"><temp name="T972"/></temps><temps name="in"><temp name="T28"/></temps><temps name="out"><temp name="T28"/><temp name="T972"/></temps></instruction><instruction code="SETL  T3156, 8"><temps name="use"/><temps name="def"><temp name="T3156"/></temps><temps name="in"><temp name="T28"/><temp name="T972"/></temps><temps name="out"><temp name="T28"/><temp name="T972"/></temps></instruction><instruction code="INCML T3156, 0"><temps name="use"/><temps name="def"><temp name="T3156"/></temps><temps name="in"><temp name="T28"/><temp name="T972"/></temps><temps name="out"><temp name="T28"/><temp name="T972"/></temps></instruction><instruction code="INCMH T3156, 0"><temps name="use"/><temps name="def"><temp name="T3156"/></temps><temps name="in"><temp name="T28"/><temp name="T972"/></temps><temps name="out"><temp name="T28"/><temp name="T972"/></temps></instruction><instruction code="INCH  T3156, 0"><temps name="use"/><temps name="def"><temp name="T3156"/></temps><temps name="in"><temp name="T28"/><temp name="T972"/></temps><temps name="out"><temp name="T3156"/><temp name="T28"/><temp name="T972"/></temps></instruction><instruction code="NEG T3156, 0, T3156"><temps name="use"><temp name="T3156"/></temps><temps name="def"><temp name="T3156"/></temps><temps name="in"><temp name="T3156"/><temp name="T28"/><temp name="T972"/></temps><temps name="out"><temp name="T3156"/><temp name="T28"/><temp name="T972"/></temps></instruction><instruction code="OR T973, T3156, 0"><temps name="use"><temp name="T3156"/></temps><temps name="def"><temp name="T973"/></temps><temps name="in"><temp name="T3156"/><temp name="T28"/><temp name="T972"/></temps><temps name="out"><temp name="T973"/><temp name="T28"/><temp name="T972"/></temps></instruction><instruction code="ADD T3157, T972, T973"><temps name="use"><temp name="T972"/><temp name="T973"/></temps><temps name="def"><temp name="T3157"/></temps><temps name="in"><temp name="T973"/><temp name="T28"/><temp name="T972"/></temps><temps name="out"><temp name="T28"/><temp name="T3157"/></temps></instruction><instruction code="OR T974, T3157, 0"><temps name="use"><temp name="T3157"/></temps><temps name="def"><temp name="T974"/></temps><temps name="in"><temp name="T28"/><temp name="T3157"/></temps><temps name="out"><temp name="T28"/><temp name="T974"/></temps></instruction><instruction code="OR T975, T974, 0"><temps name="use"><temp name="T974"/></temps><temps name="def"><temp name="T975"/></temps><temps name="in"><temp name="T28"/><temp name="T974"/></temps><temps name="out"><temp name="T975"/><temp name="T28"/></temps></instruction><instruction code="OR T976, T28, 0"><temps name="use"><temp name="T28"/></temps><temps name="def"><temp name="T976"/></temps><temps name="in"><temp name="T975"/><temp name="T28"/></temps><temps name="out"><temp name="T976"/><temp name="T975"/><temp name="T28"/></temps></instruction><instruction code="OR T977, T28, 0"><temps name="use"><temp name="T28"/></temps><temps name="def"><temp name="T977"/></temps><temps name="in"><temp name="T976"/><temp name="T975"/><temp name="T28"/></temps><temps name="out"><temp name="T976"/><temp name="T975"/><temp name="T28"/><temp name="T977"/></temps></instruction><instruction code="SETL  T3160, 8"><temps name="use"/><temps name="def"><temp name="T3160"/></temps><temps name="in"><temp name="T976"/><temp name="T975"/><temp name="T28"/><temp name="T977"/></temps><temps name="out"><temp name="T976"/><temp name="T975"/><temp name="T28"/><temp name="T977"/></temps></instruction><instruction code="INCML T3160, 0"><temps name="use"/><temps name="def"><temp name="T3160"/></temps><temps name="in"><temp name="T976"/><temp name="T975"/><temp name="T28"/><temp name="T977"/></temps><temps name="out"><temp name="T976"/><temp name="T975"/><temp name="T28"/><temp name="T977"/></temps></instruction><instruction code="INCMH T3160, 0"><temps name="use"/><temps name="def"><temp name="T3160"/></temps><temps name="in"><temp name="T976"/><temp name="T975"/><temp name="T28"/><temp name="T977"/></temps><temps name="out"><temp name="T976"/><temp name="T975"/><temp name="T28"/><temp name="T977"/></temps></instruction><instruction code="INCH  T3160, 0"><temps name="use"/><temps name="def"><temp name="T3160"/></temps><temps name="in"><temp name="T976"/><temp name="T975"/><temp name="T28"/><temp name="T977"/></temps><temps name="out"><temp name="T3160"/><temp name="T976"/><temp name="T975"/><temp name="T28"/><temp name="T977"/></temps></instruction><instruction code="OR T978, T3160, 0"><temps name="use"><temp name="T3160"/></temps><temps name="def"><temp name="T978"/></temps><temps name="in"><temp name="T3160"/><temp name="T976"/><temp name="T975"/><temp name="T28"/><temp name="T977"/></temps><temps name="out"><temp name="T978"/><temp name="T976"/><temp name="T975"/><temp name="T28"/><temp name="T977"/></temps></instruction><instruction code="ADD T3161, T977, T978"><temps name="use"><temp name="T977"/><temp name="T978"/></temps><temps name="def"><temp name="T3161"/></temps><temps name="in"><temp name="T978"/><temp name="T976"/><temp name="T975"/><temp name="T28"/><temp name="T977"/></temps><temps name="out"><temp name="T976"/><temp name="T975"/><temp name="T28"/><temp name="T3161"/></temps></instruction><instruction code="OR T979, T3161, 0"><temps name="use"><temp name="T3161"/></temps><temps name="def"><temp name="T979"/></temps><temps name="in"><temp name="T976"/><temp name="T975"/><temp name="T28"/><temp name="T3161"/></temps><temps name="out"><temp name="T979"/><temp name="T976"/><temp name="T975"/><temp name="T28"/></temps></instruction><instruction code="OR T980, T979, 0"><temps name="use"><temp name="T979"/></temps><temps name="def"><temp name="T980"/></temps><temps name="in"><temp name="T979"/><temp name="T976"/><temp name="T975"/><temp name="T28"/></temps><temps name="out"><temp name="T976"/><temp name="T975"/><temp name="T28"/><temp name="T980"/></temps></instruction><instruction code="SETL  T3163, 1"><temps name="use"/><temps name="def"><temp name="T3163"/></temps><temps name="in"><temp name="T976"/><temp name="T975"/><temp name="T28"/><temp name="T980"/></temps><temps name="out"><temp name="T976"/><temp name="T975"/><temp name="T28"/><temp name="T980"/></temps></instruction><instruction code="INCML T3163, 0"><temps name="use"/><temps name="def"><temp name="T3163"/></temps><temps name="in"><temp name="T976"/><temp name="T975"/><temp name="T28"/><temp name="T980"/></temps><temps name="out"><temp name="T976"/><temp name="T975"/><temp name="T28"/><temp name="T980"/></temps></instruction><instruction code="INCMH T3163, 0"><temps name="use"/><temps name="def"><temp name="T3163"/></temps><temps name="in"><temp name="T976"/><temp name="T975"/><temp name="T28"/><temp name="T980"/></temps><temps name="out"><temp name="T976"/><temp name="T975"/><temp name="T28"/><temp name="T980"/></temps></instruction><instruction code="INCH  T3163, 0"><temps name="use"/><temps name="def"><temp name="T3163"/></temps><temps name="in"><temp name="T976"/><temp name="T975"/><temp name="T28"/><temp name="T980"/></temps><temps name="out"><temp name="T976"/><temp name="T975"/><temp name="T28"/><temp name="T980"/><temp name="T3163"/></temps></instruction><instruction code="OR T981, T3163, 0"><temps name="use"><temp name="T3163"/></temps><temps name="def"><temp name="T981"/></temps><temps name="in"><temp name="T976"/><temp name="T975"/><temp name="T28"/><temp name="T980"/><temp name="T3163"/></temps><temps name="out"><temp name="T976"/><temp name="T975"/><temp name="T28"/><temp name="T981"/><temp name="T980"/></temps></instruction><instruction code="ADD T3164, T980, T981"><temps name="use"><temp name="T980"/><temp name="T981"/></temps><temps name="def"><temp name="T3164"/></temps><temps name="in"><temp name="T976"/><temp name="T975"/><temp name="T28"/><temp name="T981"/><temp name="T980"/></temps><temps name="out"><temp name="T3164"/><temp name="T976"/><temp name="T975"/><temp name="T28"/></temps></instruction><instruction code="OR T982, T3164, 0"><temps name="use"><temp name="T3164"/></temps><temps name="def"><temp name="T982"/></temps><temps name="in"><temp name="T3164"/><temp name="T976"/><temp name="T975"/><temp name="T28"/></temps><temps name="out"><temp name="T982"/><temp name="T976"/><temp name="T975"/><temp name="T28"/></temps></instruction><instruction code="OR T983, T28, 0"><temps name="use"><temp name="T28"/></temps><temps name="def"><temp name="T983"/></temps><temps name="in"><temp name="T982"/><temp name="T976"/><temp name="T975"/><temp name="T28"/></temps><temps name="out"><temp name="T982"/><temp name="T976"/><temp name="T983"/><temp name="T975"/><temp name="T28"/></temps></instruction><instruction code="SETL  T3165, 16"><temps name="use"/><temps name="def"><temp name="T3165"/></temps><temps name="in"><temp name="T982"/><temp name="T976"/><temp name="T983"/><temp name="T975"/><temp name="T28"/></temps><temps name="out"><temp name="T982"/><temp name="T976"/><temp name="T983"/><temp name="T975"/><temp name="T28"/></temps></instruction><instruction code="INCML T3165, 0"><temps name="use"/><temps name="def"><temp name="T3165"/></temps><temps name="in"><temp name="T982"/><temp name="T976"/><temp name="T983"/><temp name="T975"/><temp name="T28"/></temps><temps name="out"><temp name="T982"/><temp name="T976"/><temp name="T983"/><temp name="T975"/><temp name="T28"/></temps></instruction><instruction code="INCMH T3165, 0"><temps name="use"/><temps name="def"><temp name="T3165"/></temps><temps name="in"><temp name="T982"/><temp name="T976"/><temp name="T983"/><temp name="T975"/><temp name="T28"/></temps><temps name="out"><temp name="T982"/><temp name="T976"/><temp name="T983"/><temp name="T975"/><temp name="T28"/></temps></instruction><instruction code="INCH  T3165, 0"><temps name="use"/><temps name="def"><temp name="T3165"/></temps><temps name="in"><temp name="T982"/><temp name="T976"/><temp name="T983"/><temp name="T975"/><temp name="T28"/></temps><temps name="out"><temp name="T3165"/><temp name="T982"/><temp name="T976"/><temp name="T983"/><temp name="T975"/><temp name="T28"/></temps></instruction><instruction code="OR T984, T3165, 0"><temps name="use"><temp name="T3165"/></temps><temps name="def"><temp name="T984"/></temps><temps name="in"><temp name="T3165"/><temp name="T982"/><temp name="T976"/><temp name="T983"/><temp name="T975"/><temp name="T28"/></temps><temps name="out"><temp name="T982"/><temp name="T976"/><temp name="T983"/><temp name="T975"/><temp name="T28"/><temp name="T984"/></temps></instruction><instruction code="ADD T3166, T983, T984"><temps name="use"><temp name="T983"/><temp name="T984"/></temps><temps name="def"><temp name="T3166"/></temps><temps name="in"><temp name="T982"/><temp name="T976"/><temp name="T983"/><temp name="T975"/><temp name="T28"/><temp name="T984"/></temps><temps name="out"><temp name="T982"/><temp name="T3166"/><temp name="T976"/><temp name="T975"/><temp name="T28"/></temps></instruction><instruction code="OR T985, T3166, 0"><temps name="use"><temp name="T3166"/></temps><temps name="def"><temp name="T985"/></temps><temps name="in"><temp name="T982"/><temp name="T3166"/><temp name="T976"/><temp name="T975"/><temp name="T28"/></temps><temps name="out"><temp name="T982"/><temp name="T985"/><temp name="T976"/><temp name="T975"/><temp name="T28"/></temps></instruction><instruction code="OR T986, T985, 0"><temps name="use"><temp name="T985"/></temps><temps name="def"><temp name="T986"/></temps><temps name="in"><temp name="T982"/><temp name="T985"/><temp name="T976"/><temp name="T975"/><temp name="T28"/></temps><temps name="out"><temp name="T982"/><temp name="T976"/><temp name="T975"/><temp name="T986"/><temp name="T28"/></temps></instruction><instruction code="STO T976, $254, 8"><temps name="use"><temp name="T976"/></temps><temps name="def"/><temps name="in"><temp name="T982"/><temp name="T976"/><temp name="T975"/><temp name="T986"/><temp name="T28"/></temps><temps name="out"><temp name="T982"/><temp name="T975"/><temp name="T986"/><temp name="T28"/></temps></instruction><instruction code="STO T982, $254, 16"><temps name="use"><temp name="T982"/></temps><temps name="def"/><temps name="in"><temp name="T982"/><temp name="T975"/><temp name="T986"/><temp name="T28"/></temps><temps name="out"><temp name="T975"/><temp name="T986"/><temp name="T28"/></temps></instruction><instruction code="STO T986, $254, 24"><temps name="use"><temp name="T986"/></temps><temps name="def"/><temps name="in"><temp name="T975"/><temp name="T986"/><temp name="T28"/></temps><temps name="out"><temp name="T975"/><temp name="T28"/></temps></instruction><instruction code="LDA T3168, L4"><temps name="use"/><temps name="def"><temp name="T3168"/></temps><temps name="in"><temp name="T975"/><temp name="T28"/></temps><temps name="out"><temp name="T975"/><temp name="T3168"/><temp name="T28"/></temps></instruction><instruction code="PUSHJ $16, T3168, 0"><temps name="use"><temp name="T3168"/></temps><temps name="def"/><temps name="in"><temp name="T975"/><temp name="T3168"/><temp name="T28"/></temps><temps name="out"><temp name="T975"/><temp name="T28"/></temps></instruction><instruction code="LDO T3169, $254, 0"><temps name="use"/><temps name="def"><temp name="T3169"/></temps><temps name="in"><temp name="T975"/><temp name="T28"/></temps><temps name="out"><temp name="T3169"/><temp name="T975"/><temp name="T28"/></temps></instruction><instruction code="OR T987, T3169, 0"><temps name="use"><temp name="T3169"/></temps><temps name="def"><temp name="T987"/></temps><temps name="in"><temp name="T3169"/><temp name="T975"/><temp name="T28"/></temps><temps name="out"><temp name="T987"/><temp name="T975"/><temp name="T28"/></temps></instruction><instruction code="ADD T3170, T975, T987"><temps name="use"><temp name="T975"/><temp name="T987"/></temps><temps name="def"><temp name="T3170"/></temps><temps name="in"><temp name="T987"/><temp name="T975"/><temp name="T28"/></temps><temps name="out"><temp name="T28"/><temp name="T3170"/></temps></instruction><instruction code="OR T988, T3170, 0"><temps name="use"><temp name="T3170"/></temps><temps name="def"><temp name="T988"/></temps><temps name="in"><temp name="T28"/><temp name="T3170"/></temps><temps name="out"><temp name="T28"/><temp name="T988"/></temps></instruction><instruction code="SETL  T3171, 8"><temps name="use"/><temps name="def"><temp name="T3171"/></temps><temps name="in"><temp name="T28"/><temp name="T988"/></temps><temps name="out"><temp name="T28"/><temp name="T988"/></temps></instruction><instruction code="INCML T3171, 0"><temps name="use"/><temps name="def"><temp name="T3171"/></temps><temps name="in"><temp name="T28"/><temp name="T988"/></temps><temps name="out"><temp name="T28"/><temp name="T988"/></temps></instruction><instruction code="INCMH T3171, 0"><temps name="use"/><temps name="def"><temp name="T3171"/></temps><temps name="in"><temp name="T28"/><temp name="T988"/></temps><temps name="out"><temp name="T28"/><temp name="T988"/></temps></instruction><instruction code="INCH  T3171, 0"><temps name="use"/><temps name="def"><temp name="T3171"/></temps><temps name="in"><temp name="T28"/><temp name="T988"/></temps><temps name="out"><temp name="T28"/><temp name="T988"/><temp name="T3171"/></temps></instruction><instruction code="NEG T3171, 0, T3171"><temps name="use"><temp name="T3171"/></temps><temps name="def"><temp name="T3171"/></temps><temps name="in"><temp name="T28"/><temp name="T988"/><temp name="T3171"/></temps><temps name="out"><temp name="T28"/><temp name="T988"/><temp name="T3171"/></temps></instruction><instruction code="ADD T3172, T28, T3171"><temps name="use"><temp name="T28"/><temp name="T3171"/></temps><temps name="def"><temp name="T3172"/></temps><temps name="in"><temp name="T28"/><temp name="T988"/><temp name="T3171"/></temps><temps name="out"><temp name="T3172"/><temp name="T988"/><temp name="T28"/></temps></instruction><instruction code="STO T3172, T988, 0"><temps name="use"><temp name="T3172"/><temp name="T988"/></temps><temps name="def"/><temps name="in"><temp name="T3172"/><temp name="T988"/><temp name="T28"/></temps><temps name="out"><temp name="T28"/></temps></instruction><instruction code="L96"><temps name="use"/><temps name="def"/><temps name="in"><temp name="T28"/></temps><temps name="out"><temp name="T28"/></temps></instruction><instruction code="SETL  T3174, 0"><temps name="use"/><temps name="def"><temp name="T3174"/></temps><temps name="in"><temp name="T28"/></temps><temps name="out"><temp name="T28"/></temps></instruction><instruction code="INCML T3174, 0"><temps name="use"/><temps name="def"><temp name="T3174"/></temps><temps name="in"><temp name="T28"/></temps><temps name="out"><temp name="T28"/></temps></instruction><instruction code="INCMH T3174, 0"><temps name="use"/><temps name="def"><temp name="T3174"/></temps><temps name="in"><temp name="T28"/></temps><temps name="out"><temp name="T28"/></temps></instruction><instruction code="INCH  T3174, 0"><temps name="use"/><temps name="def"><temp name="T3174"/></temps><temps name="in"><temp name="T28"/></temps><temps name="out"><temp name="T3174"/><temp name="T28"/></temps></instruction><instruction code="OR T989, T3174, 0"><temps name="use"><temp name="T3174"/></temps><temps name="def"><temp name="T989"/></temps><temps name="in"><temp name="T3174"/><temp name="T28"/></temps><temps name="out"><temp name="T989"/><temp name="T28"/></temps></instruction><instruction code="SETL  T3176, 8"><temps name="use"/><temps name="def"><temp name="T3176"/></temps><temps name="in"><temp name="T989"/><temp name="T28"/></temps><temps name="out"><temp name="T989"/><temp name="T28"/></temps></instruction><instruction code="INCML T3176, 0"><temps name="use"/><temps name="def"><temp name="T3176"/></temps><temps name="in"><temp name="T989"/><temp name="T28"/></temps><temps name="out"><temp name="T989"/><temp name="T28"/></temps></instruction><instruction code="INCMH T3176, 0"><temps name="use"/><temps name="def"><temp name="T3176"/></temps><temps name="in"><temp name="T989"/><temp name="T28"/></temps><temps name="out"><temp name="T989"/><temp name="T28"/></temps></instruction><instruction code="INCH  T3176, 0"><temps name="use"/><temps name="def"><temp name="T3176"/></temps><temps name="in"><temp name="T989"/><temp name="T28"/></temps><temps name="out"><temp name="T989"/><temp name="T28"/><temp name="T3176"/></temps></instruction><instruction code="NEG T3176, 0, T3176"><temps name="use"><temp name="T3176"/></temps><temps name="def"><temp name="T3176"/></temps><temps name="in"><temp name="T989"/><temp name="T28"/><temp name="T3176"/></temps><temps name="out"><temp name="T989"/><temp name="T28"/><temp name="T3176"/></temps></instruction><instruction code="ADD T3177, T28, T3176"><temps name="use"><temp name="T28"/><temp name="T3176"/></temps><temps name="def"><temp name="T3177"/></temps><temps name="in"><temp name="T989"/><temp name="T28"/><temp name="T3176"/></temps><temps name="out"><temp name="T3177"/><temp name="T989"/><temp name="T28"/></temps></instruction><instruction code="SETL  T3179, 8"><temps name="use"/><temps name="def"><temp name="T3179"/></temps><temps name="in"><temp name="T3177"/><temp name="T989"/><temp name="T28"/></temps><temps name="out"><temp name="T3177"/><temp name="T989"/><temp name="T28"/></temps></instruction><instruction code="INCML T3179, 0"><temps name="use"/><temps name="def"><temp name="T3179"/></temps><temps name="in"><temp name="T3177"/><temp name="T989"/><temp name="T28"/></temps><temps name="out"><temp name="T3177"/><temp name="T989"/><temp name="T28"/></temps></instruction><instruction code="INCMH T3179, 0"><temps name="use"/><temps name="def"><temp name="T3179"/></temps><temps name="in"><temp name="T3177"/><temp name="T989"/><temp name="T28"/></temps><temps name="out"><temp name="T3177"/><temp name="T989"/><temp name="T28"/></temps></instruction><instruction code="INCH  T3179, 0"><temps name="use"/><temps name="def"><temp name="T3179"/></temps><temps name="in"><temp name="T3177"/><temp name="T989"/><temp name="T28"/></temps><temps name="out"><temp name="T3177"/><temp name="T989"/><temp name="T28"/><temp name="T3179"/></temps></instruction><instruction code="ADD T3180, T28, T3179"><temps name="use"><temp name="T28"/><temp name="T3179"/></temps><temps name="def"><temp name="T3180"/></temps><temps name="in"><temp name="T3177"/><temp name="T989"/><temp name="T28"/><temp name="T3179"/></temps><temps name="out"><temp name="T3180"/><temp name="T3177"/><temp name="T989"/><temp name="T28"/></temps></instruction><instruction code="SETL  T3182, 8"><temps name="use"/><temps name="def"><temp name="T3182"/></temps><temps name="in"><temp name="T3180"/><temp name="T3177"/><temp name="T989"/><temp name="T28"/></temps><temps name="out"><temp name="T3180"/><temp name="T3177"/><temp name="T989"/><temp name="T28"/></temps></instruction><instruction code="INCML T3182, 0"><temps name="use"/><temps name="def"><temp name="T3182"/></temps><temps name="in"><temp name="T3180"/><temp name="T3177"/><temp name="T989"/><temp name="T28"/></temps><temps name="out"><temp name="T3180"/><temp name="T3177"/><temp name="T989"/><temp name="T28"/></temps></instruction><instruction code="INCMH T3182, 0"><temps name="use"/><temps name="def"><temp name="T3182"/></temps><temps name="in"><temp name="T3180"/><temp name="T3177"/><temp name="T989"/><temp name="T28"/></temps><temps name="out"><temp name="T3180"/><temp name="T3177"/><temp name="T989"/><temp name="T28"/></temps></instruction><instruction code="INCH  T3182, 0"><temps name="use"/><temps name="def"><temp name="T3182"/></temps><temps name="in"><temp name="T3180"/><temp name="T3177"/><temp name="T989"/><temp name="T28"/></temps><temps name="out"><temp name="T3180"/><temp name="T3177"/><temp name="T3182"/><temp name="T989"/><temp name="T28"/></temps></instruction><instruction code="MUL T3183, T3180, T3182"><temps name="use"><temp name="T3180"/><temp name="T3182"/></temps><temps name="def"><temp name="T3183"/></temps><temps name="in"><temp name="T3180"/><temp name="T3177"/><temp name="T3182"/><temp name="T989"/><temp name="T28"/></temps><temps name="out"><temp name="T3177"/><temp name="T989"/><temp name="T28"/><temp name="T3183"/></temps></instruction><instruction code="ADD T3184, T3177, T3183"><temps name="use"><temp name="T3177"/><temp name="T3183"/></temps><temps name="def"><temp name="T3184"/></temps><temps name="in"><temp name="T3177"/><temp name="T989"/><temp name="T28"/><temp name="T3183"/></temps><temps name="out"><temp name="T3184"/><temp name="T989"/><temp name="T28"/></temps></instruction><instruction code="STO T3184, T989, 0"><temps name="use"><temp name="T3184"/><temp name="T989"/></temps><temps name="def"/><temps name="in"><temp name="T3184"/><temp name="T989"/><temp name="T28"/></temps><temps name="out"><temp name="T28"/></temps></instruction><instruction code="OR T990, T28, 0"><temps name="use"><temp name="T28"/></temps><temps name="def"><temp name="T990"/></temps><temps name="in"><temp name="T28"/></temps><temps name="out"><temp name="T990"/><temp name="T28"/></temps></instruction><instruction code="SETL  T3186, 32"><temps name="use"/><temps name="def"><temp name="T3186"/></temps><temps name="in"><temp name="T990"/><temp name="T28"/></temps><temps name="out"><temp name="T990"/><temp name="T28"/></temps></instruction><instruction code="INCML T3186, 0"><temps name="use"/><temps name="def"><temp name="T3186"/></temps><temps name="in"><temp name="T990"/><temp name="T28"/></temps><temps name="out"><temp name="T990"/><temp name="T28"/></temps></instruction><instruction code="INCMH T3186, 0"><temps name="use"/><temps name="def"><temp name="T3186"/></temps><temps name="in"><temp name="T990"/><temp name="T28"/></temps><temps name="out"><temp name="T990"/><temp name="T28"/></temps></instruction><instruction code="INCH  T3186, 0"><temps name="use"/><temps name="def"><temp name="T3186"/></temps><temps name="in"><temp name="T990"/><temp name="T28"/></temps><temps name="out"><temp name="T990"/><temp name="T28"/><temp name="T3186"/></temps></instruction><instruction code="NEG T3186, 0, T3186"><temps name="use"><temp name="T3186"/></temps><temps name="def"><temp name="T3186"/></temps><temps name="in"><temp name="T990"/><temp name="T28"/><temp name="T3186"/></temps><temps name="out"><temp name="T990"/><temp name="T28"/><temp name="T3186"/></temps></instruction><instruction code="OR T991, T3186, 0"><temps name="use"><temp name="T3186"/></temps><temps name="def"><temp name="T991"/></temps><temps name="in"><temp name="T990"/><temp name="T28"/><temp name="T3186"/></temps><temps name="out"><temp name="T990"/><temp name="T28"/><temp name="T991"/></temps></instruction><instruction code="ADD T3187, T990, T991"><temps name="use"><temp name="T990"/><temp name="T991"/></temps><temps name="def"><temp name="T3187"/></temps><temps name="in"><temp name="T990"/><temp name="T28"/><temp name="T991"/></temps><temps name="out"><temp name="T3187"/><temp name="T28"/></temps></instruction><instruction code="OR T992, T3187, 0"><temps name="use"><temp name="T3187"/></temps><temps name="def"><temp name="T992"/></temps><temps name="in"><temp name="T3187"/><temp name="T28"/></temps><temps name="out"><temp name="T992"/><temp name="T28"/></temps></instruction><instruction code="OR T993, T992, 0"><temps name="use"><temp name="T992"/></temps><temps name="def"><temp name="T993"/></temps><temps name="in"><temp name="T992"/><temp name="T28"/></temps><temps name="out"><temp name="T993"/><temp name="T28"/></temps></instruction><instruction code="SETL  T3189, 1"><temps name="use"/><temps name="def"><temp name="T3189"/></temps><temps name="in"><temp name="T993"/><temp name="T28"/></temps><temps name="out"><temp name="T993"/><temp name="T28"/></temps></instruction><instruction code="INCML T3189, 0"><temps name="use"/><temps name="def"><temp name="T3189"/></temps><temps name="in"><temp name="T993"/><temp name="T28"/></temps><temps name="out"><temp name="T993"/><temp name="T28"/></temps></instruction><instruction code="INCMH T3189, 0"><temps name="use"/><temps name="def"><temp name="T3189"/></temps><temps name="in"><temp name="T993"/><temp name="T28"/></temps><temps name="out"><temp name="T993"/><temp name="T28"/></temps></instruction><instruction code="INCH  T3189, 0"><temps name="use"/><temps name="def"><temp name="T3189"/></temps><temps name="in"><temp name="T993"/><temp name="T28"/></temps><temps name="out"><temp name="T993"/><temp name="T3189"/><temp name="T28"/></temps></instruction><instruction code="OR T994, T3189, 0"><temps name="use"><temp name="T3189"/></temps><temps name="def"><temp name="T994"/></temps><temps name="in"><temp name="T993"/><temp name="T3189"/><temp name="T28"/></temps><temps name="out"><temp name="T993"/><temp name="T28"/><temp name="T994"/></temps></instruction><instruction code="ADD T3190, T993, T994"><temps name="use"><temp name="T993"/><temp name="T994"/></temps><temps name="def"><temp name="T3190"/></temps><temps name="in"><temp name="T993"/><temp name="T28"/><temp name="T994"/></temps><temps name="out"><temp name="T3190"/><temp name="T28"/></temps></instruction><instruction code="OR T995, T3190, 0"><temps name="use"><temp name="T3190"/></temps><temps name="def"><temp name="T995"/></temps><temps name="in"><temp name="T3190"/><temp name="T28"/></temps><temps name="out"><temp name="T28"/><temp name="T995"/></temps></instruction><instruction code="SETL  T3191, 32"><temps name="use"/><temps name="def"><temp name="T3191"/></temps><temps name="in"><temp name="T28"/><temp name="T995"/></temps><temps name="out"><temp name="T28"/><temp name="T995"/></temps></instruction><instruction code="INCML T3191, 0"><temps name="use"/><temps name="def"><temp name="T3191"/></temps><temps name="in"><temp name="T28"/><temp name="T995"/></temps><temps name="out"><temp name="T28"/><temp name="T995"/></temps></instruction><instruction code="INCMH T3191, 0"><temps name="use"/><temps name="def"><temp name="T3191"/></temps><temps name="in"><temp name="T28"/><temp name="T995"/></temps><temps name="out"><temp name="T28"/><temp name="T995"/></temps></instruction><instruction code="INCH  T3191, 0"><temps name="use"/><temps name="def"><temp name="T3191"/></temps><temps name="in"><temp name="T28"/><temp name="T995"/></temps><temps name="out"><temp name="T28"/><temp name="T995"/><temp name="T3191"/></temps></instruction><instruction code="NEG T3191, 0, T3191"><temps name="use"><temp name="T3191"/></temps><temps name="def"><temp name="T3191"/></temps><temps name="in"><temp name="T28"/><temp name="T995"/><temp name="T3191"/></temps><temps name="out"><temp name="T28"/><temp name="T995"/><temp name="T3191"/></temps></instruction><instruction code="ADD T3192, T28, T3191"><temps name="use"><temp name="T28"/><temp name="T3191"/></temps><temps name="def"><temp name="T3192"/></temps><temps name="in"><temp name="T28"/><temp name="T995"/><temp name="T3191"/></temps><temps name="out"><temp name="T3192"/><temp name="T995"/><temp name="T28"/></temps></instruction><instruction code="STO T3192, T995, 0"><temps name="use"><temp name="T3192"/><temp name="T995"/></temps><temps name="def"/><temps name="in"><temp name="T3192"/><temp name="T995"/><temp name="T28"/></temps><temps name="out"><temp name="T28"/></temps></instruction><instruction code="LDA T3194, L97"><temps name="use"/><temps name="def"><temp name="T3194"/></temps><temps name="in"><temp name="T28"/></temps><temps name="out"><temp name="T28"/><temp name="T3194"/></temps></instruction><instruction code="GO T3194, T3194, 0"><temps name="use"><temp name="T3194"/></temps><temps name="def"><temp name="T3194"/></temps><temps name="in"><temp name="T28"/><temp name="T3194"/></temps><temps name="out"><temp name="T28"/></temps></instruction><instruction code="L99"><temps name="use"/><temps name="def"/><temps name="in"><temp name="T28"/></temps><temps name="out"><temp name="T28"/></temps></instruction><instruction code="SETL  T3195, 0"><temps name="use"/><temps name="def"><temp name="T3195"/></temps><temps name="in"><temp name="T28"/></temps><temps name="out"><temp name="T28"/></temps></instruction><instruction code="INCML T3195, 0"><temps name="use"/><temps name="def"><temp name="T3195"/></temps><temps name="in"><temp name="T28"/></temps><temps name="out"><temp name="T28"/></temps></instruction><instruction code="INCMH T3195, 0"><temps name="use"/><temps name="def"><temp name="T3195"/></temps><temps name="in"><temp name="T28"/></temps><temps name="out"><temp name="T28"/></temps></instruction><instruction code="INCH  T3195, 0"><temps name="use"/><temps name="def"><temp name="T3195"/></temps><temps name="in"><temp name="T28"/></temps><temps name="out"><temp name="T28"/><temp name="T3195"/></temps></instruction><instruction code="OR T996, T3195, 0"><temps name="use"><temp name="T3195"/></temps><temps name="def"><temp name="T996"/></temps><temps name="in"><temp name="T28"/><temp name="T3195"/></temps><temps name="out"><temp name="T996"/><temp name="T28"/></temps></instruction><instruction code="OR T997, T996, 0"><temps name="use"><temp name="T996"/></temps><temps name="def"><temp name="T997"/></temps><temps name="in"><temp name="T996"/><temp name="T28"/></temps><temps name="out"><temp name="T28"/></temps></instruction><instruction code="L102"><temps name="use"/><temps name="def"/><temps name="in"><temp name="T28"/></temps><temps name="out"><temp name="T28"/></temps></instruction><instruction code="L105"><temps name="use"/><temps name="def"/><temps name="in"><temp name="T28"/></temps><temps name="out"><temp name="T28"/></temps></instruction><instruction code="OR T998, T28, 0"><temps name="use"><temp name="T28"/></temps><temps name="def"><temp name="T998"/></temps><temps name="in"><temp name="T28"/></temps><temps name="out"><temp name="T998"/></temps></instruction><instruction code="SETL  T3196, 8"><temps name="use"/><temps name="def"><temp name="T3196"/></temps><temps name="in"><temp name="T998"/></temps><temps name="out"><temp name="T998"/></temps></instruction><instruction code="INCML T3196, 0"><temps name="use"/><temps name="def"><temp name="T3196"/></temps><temps name="in"><temp name="T998"/></temps><temps name="out"><temp name="T998"/></temps></instruction><instruction code="INCMH T3196, 0"><temps name="use"/><temps name="def"><temp name="T3196"/></temps><temps name="in"><temp name="T998"/></temps><temps name="out"><temp name="T998"/></temps></instruction><instruction code="INCH  T3196, 0"><temps name="use"/><temps name="def"><temp name="T3196"/></temps><temps name="in"><temp name="T998"/></temps><temps name="out"><temp name="T998"/><temp name="T3196"/></temps></instruction><instruction code="NEG T3196, 0, T3196"><temps name="use"><temp name="T3196"/></temps><temps name="def"><temp name="T3196"/></temps><temps name="in"><temp name="T998"/><temp name="T3196"/></temps><temps name="out"><temp name="T998"/><temp name="T3196"/></temps></instruction><instruction code="OR T999, T3196, 0"><temps name="use"><temp name="T3196"/></temps><temps name="def"><temp name="T999"/></temps><temps name="in"><temp name="T998"/><temp name="T3196"/></temps><temps name="out"><temp name="T998"/><temp name="T999"/></temps></instruction><instruction code="ADD T3197, T998, T999"><temps name="use"><temp name="T998"/><temp name="T999"/></temps><temps name="def"><temp name="T3197"/></temps><temps name="in"><temp name="T998"/><temp name="T999"/></temps><temps name="out"><temp name="T3197"/></temps></instruction><instruction code="OR T1000, T3197, 0"><temps name="use"><temp name="T3197"/></temps><temps name="def"><temp name="T1000"/></temps><temps name="in"><temp name="T3197"/></temps><temps name="out"><temp name="T1000"/></temps></instruction><instruction code="OR T1001, T1000, 0"><temps name="use"><temp name="T1000"/></temps><temps name="def"><temp name="T1001"/></temps><temps name="in"><temp name="T1000"/></temps><temps name="out"><temp name="T1001"/></temps></instruction><instruction code="OR T29, T1001, 0"><temps name="use"><temp name="T1001"/></temps><temps name="def"><temp name="T29"/></temps><temps name="in"><temp name="T1001"/></temps><temps name="out"/></instruction><instruction code="LDA T3199, L159"><temps name="use"/><temps name="def"><temp name="T3199"/></temps><temps name="in"/><temps name="out"><temp name="T3199"/></temps></instruction><instruction code="GO T3199, T3199, 0"><temps name="use"><temp name="T3199"/></temps><temps name="def"><temp name="T3199"/></temps><temps name="in"><temp name="T3199"/></temps><temps name="out"/></instruction></instructions></code><code entrylabel="L160" exitlabel="L161" tempsize="0"><frame FP="T20" RV="T21" argssize="24" depth="1" label="_sudoku" locssize="8" size="48"/><instructions><instruction code="L160"><temps name="use"/><temps name="def"/><temps name="in"><temp name="T20"/></temps><temps name="out"><temp name="T20"/></temps></instruction><instruction code="OR T1002, T20, 0"><temps name="use"><temp name="T20"/></temps><temps name="def"><temp name="T1002"/></temps><temps name="in"><temp name="T20"/></temps><temps name="out"><temp name="T1002"/><temp name="T20"/></temps></instruction><instruction code="SETL  T3200, 8"><temps name="use"/><temps name="def"><temp name="T3200"/></temps><temps name="in"><temp name="T1002"/><temp name="T20"/></temps><temps name="out"><temp name="T1002"/><temp name="T20"/></temps></instruction><instruction code="INCML T3200, 0"><temps name="use"/><temps name="def"><temp name="T3200"/></temps><temps name="in"><temp name="T1002"/><temp name="T20"/></temps><temps name="out"><temp name="T1002"/><temp name="T20"/></temps></instruction><instruction code="INCMH T3200, 0"><temps name="use"/><temps name="def"><temp name="T3200"/></temps><temps name="in"><temp name="T1002"/><temp name="T20"/></temps><temps name="out"><temp name="T1002"/><temp name="T20"/></temps></instruction><instruction code="INCH  T3200, 0"><temps name="use"/><temps name="def"><temp name="T3200"/></temps><temps name="in"><temp name="T1002"/><temp name="T20"/></temps><temps name="out"><temp name="T1002"/><temp name="T3200"/><temp name="T20"/></temps></instruction><instruction code="OR T1003, T3200, 0"><temps name="use"><temp name="T3200"/></temps><temps name="def"><temp name="T1003"/></temps><temps name="in"><temp name="T1002"/><temp name="T3200"/><temp name="T20"/></temps><temps name="out"><temp name="T1002"/><temp name="T20"/><temp name="T1003"/></temps></instruction><instruction code="ADD T3201, T1002, T1003"><temps name="use"><temp name="T1002"/><temp name="T1003"/></temps><temps name="def"><temp name="T3201"/></temps><temps name="in"><temp name="T1002"/><temp name="T20"/><temp name="T1003"/></temps><temps name="out"><temp name="T3201"/><temp name="T20"/></temps></instruction><instruction code="OR T1004, T3201, 0"><temps name="use"><temp name="T3201"/></temps><temps name="def"><temp name="T1004"/></temps><temps name="in"><temp name="T3201"/><temp name="T20"/></temps><temps name="out"><temp name="T1004"/><temp name="T20"/></temps></instruction><instruction code="OR T1005, T1004, 0"><temps name="use"><temp name="T1004"/></temps><temps name="def"><temp name="T1005"/></temps><temps name="in"><temp name="T1004"/><temp name="T20"/></temps><temps name="out"><temp name="T1005"/><temp name="T20"/></temps></instruction><instruction code="SETL  T3203, 8"><temps name="use"/><temps name="def"><temp name="T3203"/></temps><temps name="in"><temp name="T1005"/><temp name="T20"/></temps><temps name="out"><temp name="T1005"/><temp name="T20"/></temps></instruction><instruction code="INCML T3203, 0"><temps name="use"/><temps name="def"><temp name="T3203"/></temps><temps name="in"><temp name="T1005"/><temp name="T20"/></temps><temps name="out"><temp name="T1005"/><temp name="T20"/></temps></instruction><instruction code="INCMH T3203, 0"><temps name="use"/><temps name="def"><temp name="T3203"/></temps><temps name="in"><temp name="T1005"/><temp name="T20"/></temps><temps name="out"><temp name="T1005"/><temp name="T20"/></temps></instruction><instruction code="INCH  T3203, 0"><temps name="use"/><temps name="def"><temp name="T3203"/></temps><temps name="in"><temp name="T1005"/><temp name="T20"/></temps><temps name="out"><temp name="T1005"/><temp name="T20"/><temp name="T3203"/></temps></instruction><instruction code="NEG T3203, 0, T3203"><temps name="use"><temp name="T3203"/></temps><temps name="def"><temp name="T3203"/></temps><temps name="in"><temp name="T1005"/><temp name="T20"/><temp name="T3203"/></temps><temps name="out"><temp name="T1005"/><temp name="T20"/><temp name="T3203"/></temps></instruction><instruction code="ADD T3204, T20, T3203"><temps name="use"><temp name="T20"/><temp name="T3203"/></temps><temps name="def"><temp name="T3204"/></temps><temps name="in"><temp name="T1005"/><temp name="T20"/><temp name="T3203"/></temps><temps name="out"><temp name="T1005"/><temp name="T20"/><temp name="T3204"/></temps></instruction><instruction code="STO T3204, T1005, 0"><temps name="use"><temp name="T3204"/><temp name="T1005"/></temps><temps name="def"/><temps name="in"><temp name="T1005"/><temp name="T20"/><temp name="T3204"/></temps><temps name="out"><temp name="T20"/></temps></instruction><instruction code="OR T1006, T20, 0"><temps name="use"><temp name="T20"/></temps><temps name="def"><temp name="T1006"/></temps><temps name="in"><temp name="T20"/></temps><temps name="out"><temp name="T1006"/></temps></instruction><instruction code="SETL  T3206, 0"><temps name="use"/><temps name="def"><temp name="T3206"/></temps><temps name="in"><temp name="T1006"/></temps><temps name="out"><temp name="T1006"/></temps></instruction><instruction code="INCML T3206, 0"><temps name="use"/><temps name="def"><temp name="T3206"/></temps><temps name="in"><temp name="T1006"/></temps><temps name="out"><temp name="T1006"/></temps></instruction><instruction code="INCMH T3206, 0"><temps name="use"/><temps name="def"><temp name="T3206"/></temps><temps name="in"><temp name="T1006"/></temps><temps name="out"><temp name="T1006"/></temps></instruction><instruction code="INCH  T3206, 0"><temps name="use"/><temps name="def"><temp name="T3206"/></temps><temps name="in"><temp name="T1006"/></temps><temps name="out"><temp name="T3206"/><temp name="T1006"/></temps></instruction><instruction code="OR T1007, T3206, 0"><temps name="use"><temp name="T3206"/></temps><temps name="def"><temp name="T1007"/></temps><temps name="in"><temp name="T3206"/><temp name="T1006"/></temps><temps name="out"><temp name="T1006"/><temp name="T1007"/></temps></instruction><instruction code="SETL  T3207, 81"><temps name="use"/><temps name="def"><temp name="T3207"/></temps><temps name="in"><temp name="T1006"/><temp name="T1007"/></temps><temps name="out"><temp name="T1006"/><temp name="T1007"/></temps></instruction><instruction code="INCML T3207, 0"><temps name="use"/><temps name="def"><temp name="T3207"/></temps><temps name="in"><temp name="T1006"/><temp name="T1007"/></temps><temps name="out"><temp name="T1006"/><temp name="T1007"/></temps></instruction><instruction code="INCMH T3207, 0"><temps name="use"/><temps name="def"><temp name="T3207"/></temps><temps name="in"><temp name="T1006"/><temp name="T1007"/></temps><temps name="out"><temp name="T1006"/><temp name="T1007"/></temps></instruction><instruction code="INCH  T3207, 0"><temps name="use"/><temps name="def"><temp name="T3207"/></temps><temps name="in"><temp name="T1006"/><temp name="T1007"/></temps><temps name="out"><temp name="T1006"/><temp name="T3207"/><temp name="T1007"/></temps></instruction><instruction code="OR T1008, T3207, 0"><temps name="use"><temp name="T3207"/></temps><temps name="def"><temp name="T1008"/></temps><temps name="in"><temp name="T1006"/><temp name="T3207"/><temp name="T1007"/></temps><temps name="out"><temp name="T1006"/><temp name="T1008"/><temp name="T1007"/></temps></instruction><instruction code="STO T1006, $254, 8"><temps name="use"><temp name="T1006"/></temps><temps name="def"/><temps name="in"><temp name="T1006"/><temp name="T1008"/><temp name="T1007"/></temps><temps name="out"><temp name="T1008"/><temp name="T1007"/></temps></instruction><instruction code="STO T1007, $254, 16"><temps name="use"><temp name="T1007"/></temps><temps name="def"/><temps name="in"><temp name="T1008"/><temp name="T1007"/></temps><temps name="out"><temp name="T1008"/></temps></instruction><instruction code="STO T1008, $254, 24"><temps name="use"><temp name="T1008"/></temps><temps name="def"/><temps name="in"><temp name="T1008"/></temps><temps name="out"/></instruction><instruction code="LDA T3208, L4"><temps name="use"/><temps name="def"><temp name="T3208"/></temps><temps name="in"/><temps name="out"><temp name="T3208"/></temps></instruction><instruction code="PUSHJ $16, T3208, 0"><temps name="use"><temp name="T3208"/></temps><temps name="def"/><temps name="in"><temp name="T3208"/></temps><temps name="out"/></instruction><instruction code="LDO T3209, $254, 0"><temps name="use"/><temps name="def"><temp name="T3209"/></temps><temps name="in"/><temps name="out"><temp name="T3209"/></temps></instruction><instruction code="OR T1009, T3209, 0"><temps name="use"><temp name="T3209"/></temps><temps name="def"><temp name="T1009"/></temps><temps name="in"><temp name="T3209"/></temps><temps name="out"><temp name="T1009"/></temps></instruction><instruction code="OR T21, T1009, 0"><temps name="use"><temp name="T1009"/></temps><temps name="def"><temp name="T21"/></temps><temps name="in"><temp name="T1009"/></temps><temps name="out"/></instruction><instruction code="LDA T3210, L161"><temps name="use"/><temps name="def"><temp name="T3210"/></temps><temps name="in"/><temps name="out"><temp name="T3210"/></temps></instruction><instruction code="GO T3210, T3210, 0"><temps name="use"><temp name="T3210"/></temps><temps name="def"><temp name="T3210"/></temps><temps name="in"><temp name="T3210"/></temps><temps name="out"/></instruction></instructions></code></livean>