<?xml version="1.0" encoding="UTF-8" standalone="no"?><?xml-stylesheet type="text/xsl" href="../../data/livean.xsl"?><livean><code entrylabel="L0" exitlabel="L1" tempsize="0"><frame FP="T0" RV="T1" argssize="0" depth="1" label="_main" locssize="0" size="16"/><instructions><instruction code="L0"><temps name="use"/><temps name="def"/><temps name="in"><temp name="T21"/><temp name="T26"/><temp name="T17"/><temp name="T29"/></temps><temps name="out"><temp name="T21"/><temp name="T26"/><temp name="T17"/><temp name="T29"/></temps></instruction><instruction code="SETL  T13, 1"><temps name="use"/><temps name="def"><temp name="T13"/></temps><temps name="in"><temp name="T21"/><temp name="T26"/><temp name="T17"/><temp name="T29"/></temps><temps name="out"><temp name="T21"/><temp name="T26"/><temp name="T17"/><temp name="T29"/></temps></instruction><instruction code="INCML T13, 0"><temps name="use"/><temps name="def"><temp name="T13"/></temps><temps name="in"><temp name="T21"/><temp name="T26"/><temp name="T17"/><temp name="T29"/></temps><temps name="out"><temp name="T21"/><temp name="T26"/><temp name="T17"/><temp name="T29"/></temps></instruction><instruction code="INCMH T13, 0"><temps name="use"/><temps name="def"><temp name="T13"/></temps><temps name="in"><temp name="T21"/><temp name="T26"/><temp name="T17"/><temp name="T29"/></temps><temps name="out"><temp name="T21"/><temp name="T26"/><temp name="T17"/><temp name="T29"/></temps></instruction><instruction code="INCH  T13, 0"><temps name="use"/><temps name="def"><temp name="T13"/></temps><temps name="in"><temp name="T21"/><temp name="T26"/><temp name="T17"/><temp name="T29"/></temps><temps name="out"><temp name="T21"/><temp name="T26"/><temp name="T13"/><temp name="T17"/><temp name="T29"/></temps></instruction><instruction code="OR T2, T13, 0"><temps name="use"><temp name="T13"/></temps><temps name="def"><temp name="T2"/></temps><temps name="in"><temp name="T21"/><temp name="T26"/><temp name="T13"/><temp name="T17"/><temp name="T29"/></temps><temps name="out"><temp name="T21"/><temp name="T26"/><temp name="T2"/><temp name="T17"/><temp name="T29"/></temps></instruction><instruction code="LDO T18, T17, 0"><temps name="use"><temp name="T17"/></temps><temps name="def"><temp name="T18"/></temps><temps name="in"><temp name="T21"/><temp name="T26"/><temp name="T2"/><temp name="T17"/><temp name="T29"/></temps><temps name="out"><temp name="T21"/><temp name="T26"/><temp name="T18"/><temp name="T2"/><temp name="T29"/></temps></instruction><instruction code="STO T18, T2, 0"><temps name="use"><temp name="T18"/><temp name="T2"/></temps><temps name="def"/><temps name="in"><temp name="T21"/><temp name="T26"/><temp name="T18"/><temp name="T2"/><temp name="T29"/></temps><temps name="out"><temp name="T21"/><temp name="T26"/><temp name="T29"/></temps></instruction><instruction code="SETL  T19, 17"><temps name="use"/><temps name="def"><temp name="T19"/></temps><temps name="in"><temp name="T21"/><temp name="T26"/><temp name="T29"/></temps><temps name="out"><temp name="T21"/><temp name="T26"/><temp name="T29"/></temps></instruction><instruction code="INCML T19, 0"><temps name="use"/><temps name="def"><temp name="T19"/></temps><temps name="in"><temp name="T21"/><temp name="T26"/><temp name="T29"/></temps><temps name="out"><temp name="T21"/><temp name="T26"/><temp name="T29"/></temps></instruction><instruction code="INCMH T19, 0"><temps name="use"/><temps name="def"><temp name="T19"/></temps><temps name="in"><temp name="T21"/><temp name="T26"/><temp name="T29"/></temps><temps name="out"><temp name="T21"/><temp name="T26"/><temp name="T29"/></temps></instruction><instruction code="INCH  T19, 0"><temps name="use"/><temps name="def"><temp name="T19"/></temps><temps name="in"><temp name="T21"/><temp name="T26"/><temp name="T29"/></temps><temps name="out"><temp name="T19"/><temp name="T21"/><temp name="T26"/><temp name="T29"/></temps></instruction><instruction code="OR T3, T19, 0"><temps name="use"><temp name="T19"/></temps><temps name="def"><temp name="T3"/></temps><temps name="in"><temp name="T19"/><temp name="T21"/><temp name="T26"/><temp name="T29"/></temps><temps name="out"><temp name="T21"/><temp name="T3"/><temp name="T26"/><temp name="T29"/></temps></instruction><instruction code="LDO T22, T21, 0"><temps name="use"><temp name="T21"/></temps><temps name="def"><temp name="T22"/></temps><temps name="in"><temp name="T21"/><temp name="T3"/><temp name="T26"/><temp name="T29"/></temps><temps name="out"><temp name="T22"/><temp name="T3"/><temp name="T26"/><temp name="T29"/></temps></instruction><instruction code="STO T22, T3, 0"><temps name="use"><temp name="T22"/><temp name="T3"/></temps><temps name="def"/><temps name="in"><temp name="T22"/><temp name="T3"/><temp name="T26"/><temp name="T29"/></temps><temps name="out"><temp name="T26"/><temp name="T29"/></temps></instruction><instruction code="LDA T23, _pt"><temps name="use"/><temps name="def"><temp name="T23"/></temps><temps name="in"><temp name="T26"/><temp name="T29"/></temps><temps name="out"><temp name="T23"/><temp name="T26"/><temp name="T29"/></temps></instruction><instruction code="OR T4, T23, 0"><temps name="use"><temp name="T23"/></temps><temps name="def"><temp name="T4"/></temps><temps name="in"><temp name="T23"/><temp name="T26"/><temp name="T29"/></temps><temps name="out"><temp name="T4"/><temp name="T26"/><temp name="T29"/></temps></instruction><instruction code="SETL  T24, 0"><temps name="use"/><temps name="def"><temp name="T24"/></temps><temps name="in"><temp name="T4"/><temp name="T26"/><temp name="T29"/></temps><temps name="out"><temp name="T4"/><temp name="T26"/><temp name="T29"/></temps></instruction><instruction code="INCML T24, 0"><temps name="use"/><temps name="def"><temp name="T24"/></temps><temps name="in"><temp name="T4"/><temp name="T26"/><temp name="T29"/></temps><temps name="out"><temp name="T4"/><temp name="T26"/><temp name="T29"/></temps></instruction><instruction code="INCMH T24, 0"><temps name="use"/><temps name="def"><temp name="T24"/></temps><temps name="in"><temp name="T4"/><temp name="T26"/><temp name="T29"/></temps><temps name="out"><temp name="T4"/><temp name="T26"/><temp name="T29"/></temps></instruction><instruction code="INCH  T24, 0"><temps name="use"/><temps name="def"><temp name="T24"/></temps><temps name="in"><temp name="T4"/><temp name="T26"/><temp name="T29"/></temps><temps name="out"><temp name="T4"/><temp name="T26"/><temp name="T24"/><temp name="T29"/></temps></instruction><instruction code="OR T5, T24, 0"><temps name="use"><temp name="T24"/></temps><temps name="def"><temp name="T5"/></temps><temps name="in"><temp name="T4"/><temp name="T26"/><temp name="T24"/><temp name="T29"/></temps><temps name="out"><temp name="T4"/><temp name="T26"/><temp name="T29"/><temp name="T5"/></temps></instruction><instruction code="ADD T25, T4, T5"><temps name="use"><temp name="T4"/><temp name="T5"/></temps><temps name="def"><temp name="T25"/></temps><temps name="in"><temp name="T4"/><temp name="T26"/><temp name="T29"/><temp name="T5"/></temps><temps name="out"><temp name="T26"/><temp name="T29"/><temp name="T25"/></temps></instruction><instruction code="OR T6, T25, 0"><temps name="use"><temp name="T25"/></temps><temps name="def"><temp name="T6"/></temps><temps name="in"><temp name="T26"/><temp name="T29"/><temp name="T25"/></temps><temps name="out"><temp name="T26"/><temp name="T29"/></temps></instruction><instruction code="LDO T27, T26, 0"><temps name="use"><temp name="T26"/></temps><temps name="def"><temp name="T27"/></temps><temps name="in"><temp name="T26"/><temp name="T29"/></temps><temps name="out"><temp name="T27"/><temp name="T29"/></temps></instruction><instruction code="OR T7, T27, 0"><temps name="use"><temp name="T27"/></temps><temps name="def"><temp name="T7"/></temps><temps name="in"><temp name="T27"/><temp name="T29"/></temps><temps name="out"><temp name="T29"/><temp name="T7"/></temps></instruction><instruction code="LDA T28, _l"><temps name="use"/><temps name="def"><temp name="T28"/></temps><temps name="in"><temp name="T29"/><temp name="T7"/></temps><temps name="out"><temp name="T28"/><temp name="T29"/><temp name="T7"/></temps></instruction><instruction code="OR T8, T28, 0"><temps name="use"><temp name="T28"/></temps><temps name="def"><temp name="T8"/></temps><temps name="in"><temp name="T28"/><temp name="T29"/><temp name="T7"/></temps><temps name="out"><temp name="T29"/><temp name="T7"/></temps></instruction><instruction code="LDO T30, T29, 0"><temps name="use"><temp name="T29"/></temps><temps name="def"><temp name="T30"/></temps><temps name="in"><temp name="T29"/><temp name="T7"/></temps><temps name="out"><temp name="T30"/><temp name="T7"/></temps></instruction><instruction code="OR T9, T30, 0"><temps name="use"><temp name="T30"/></temps><temps name="def"><temp name="T9"/></temps><temps name="in"><temp name="T30"/><temp name="T7"/></temps><temps name="out"><temp name="T9"/><temp name="T7"/></temps></instruction><instruction code="ADD T31, T7, T9"><temps name="use"><temp name="T7"/><temp name="T9"/></temps><temps name="def"><temp name="T31"/></temps><temps name="in"><temp name="T9"/><temp name="T7"/></temps><temps name="out"><temp name="T31"/></temps></instruction><instruction code="OR T10, T31, 0"><temps name="use"><temp name="T31"/></temps><temps name="def"><temp name="T10"/></temps><temps name="in"><temp name="T31"/></temps><temps name="out"><temp name="T10"/></temps></instruction><instruction code="SETL  T32, 1"><temps name="use"/><temps name="def"><temp name="T32"/></temps><temps name="in"><temp name="T10"/></temps><temps name="out"><temp name="T10"/></temps></instruction><instruction code="INCML T32, 0"><temps name="use"/><temps name="def"><temp name="T32"/></temps><temps name="in"><temp name="T10"/></temps><temps name="out"><temp name="T10"/></temps></instruction><instruction code="INCMH T32, 0"><temps name="use"/><temps name="def"><temp name="T32"/></temps><temps name="in"><temp name="T10"/></temps><temps name="out"><temp name="T10"/></temps></instruction><instruction code="INCH  T32, 0"><temps name="use"/><temps name="def"><temp name="T32"/></temps><temps name="in"><temp name="T10"/></temps><temps name="out"><temp name="T10"/><temp name="T32"/></temps></instruction><instruction code="OR T11, T32, 0"><temps name="use"><temp name="T32"/></temps><temps name="def"><temp name="T11"/></temps><temps name="in"><temp name="T10"/><temp name="T32"/></temps><temps name="out"><temp name="T10"/><temp name="T11"/></temps></instruction><instruction code="SUB T33, T10, T11"><temps name="use"><temp name="T10"/><temp name="T11"/></temps><temps name="def"><temp name="T33"/></temps><temps name="in"><temp name="T10"/><temp name="T11"/></temps><temps name="out"><temp name="T33"/></temps></instruction><instruction code="OR T12, T33, 0"><temps name="use"><temp name="T33"/></temps><temps name="def"><temp name="T12"/></temps><temps name="in"><temp name="T33"/></temps><temps name="out"><temp name="T12"/></temps></instruction><instruction code="OR T1, T12, 0"><temps name="use"><temp name="T12"/></temps><temps name="def"><temp name="T1"/></temps><temps name="in"><temp name="T12"/></temps><temps name="out"/></instruction><instruction code="LDA T34, L1"><temps name="use"/><temps name="def"><temp name="T34"/></temps><temps name="in"/><temps name="out"><temp name="T34"/></temps></instruction><instruction code="GO T34, T34, 0"><temps name="use"><temp name="T34"/></temps><temps name="def"><temp name="T34"/></temps><temps name="in"><temp name="T34"/></temps><temps name="out"/></instruction></instructions></code></livean>