<?xml version="1.0" encoding="UTF-8" standalone="no"?><?xml-stylesheet type="text/xsl" href="../../data/livean.xsl"?><livean><code entrylabel="L1" exitlabel="L2" tempsize="0"><frame FP="T0" RV="T1" argssize="16" depth="1" label="_f" locssize="40" size="72"/><instructions><instruction code="L1"><temps name="use"/><temps name="def"/><temps name="in"><temp name="T84"/><temp name="T0"/><temp name="T78"/><temp name="T64"/><temp name="T113"/><temp name="T87"/><temp name="T100"/><temp name="T106"/><temp name="T94"/><temp name="T119"/></temps><temps name="out"><temp name="T84"/><temp name="T0"/><temp name="T78"/><temp name="T64"/><temp name="T113"/><temp name="T87"/><temp name="T100"/><temp name="T106"/><temp name="T94"/><temp name="T119"/></temps></instruction><instruction code="OR T4, T0, 0"><temps name="use"><temp name="T0"/></temps><temps name="def"><temp name="T4"/></temps><temps name="in"><temp name="T84"/><temp name="T0"/><temp name="T78"/><temp name="T64"/><temp name="T113"/><temp name="T87"/><temp name="T100"/><temp name="T106"/><temp name="T94"/><temp name="T119"/></temps><temps name="out"><temp name="T84"/><temp name="T78"/><temp name="T0"/><temp name="T64"/><temp name="T113"/><temp name="T87"/><temp name="T100"/><temp name="T106"/><temp name="T94"/><temp name="T119"/><temp name="T4"/></temps></instruction><instruction code="SETL  T60, 32"><temps name="use"/><temps name="def"><temp name="T60"/></temps><temps name="in"><temp name="T84"/><temp name="T78"/><temp name="T0"/><temp name="T64"/><temp name="T113"/><temp name="T87"/><temp name="T100"/><temp name="T106"/><temp name="T94"/><temp name="T119"/><temp name="T4"/></temps><temps name="out"><temp name="T84"/><temp name="T78"/><temp name="T0"/><temp name="T64"/><temp name="T113"/><temp name="T87"/><temp name="T100"/><temp name="T106"/><temp name="T94"/><temp name="T119"/><temp name="T4"/></temps></instruction><instruction code="INCML T60, 0"><temps name="use"/><temps name="def"><temp name="T60"/></temps><temps name="in"><temp name="T84"/><temp name="T78"/><temp name="T0"/><temp name="T64"/><temp name="T113"/><temp name="T87"/><temp name="T100"/><temp name="T106"/><temp name="T94"/><temp name="T119"/><temp name="T4"/></temps><temps name="out"><temp name="T84"/><temp name="T78"/><temp name="T0"/><temp name="T64"/><temp name="T113"/><temp name="T87"/><temp name="T100"/><temp name="T106"/><temp name="T94"/><temp name="T119"/><temp name="T4"/></temps></instruction><instruction code="INCMH T60, 0"><temps name="use"/><temps name="def"><temp name="T60"/></temps><temps name="in"><temp name="T84"/><temp name="T78"/><temp name="T0"/><temp name="T64"/><temp name="T113"/><temp name="T87"/><temp name="T100"/><temp name="T106"/><temp name="T94"/><temp name="T119"/><temp name="T4"/></temps><temps name="out"><temp name="T84"/><temp name="T78"/><temp name="T0"/><temp name="T64"/><temp name="T113"/><temp name="T87"/><temp name="T100"/><temp name="T106"/><temp name="T94"/><temp name="T119"/><temp name="T4"/></temps></instruction><instruction code="INCH  T60, 0"><temps name="use"/><temps name="def"><temp name="T60"/></temps><temps name="in"><temp name="T84"/><temp name="T78"/><temp name="T0"/><temp name="T64"/><temp name="T113"/><temp name="T87"/><temp name="T100"/><temp name="T106"/><temp name="T94"/><temp name="T119"/><temp name="T4"/></temps><temps name="out"><temp name="T84"/><temp name="T78"/><temp name="T64"/><temp name="T60"/><temp name="T113"/><temp name="T87"/><temp name="T106"/><temp name="T94"/><temp name="T119"/><temp name="T4"/><temp name="T0"/><temp name="T100"/></temps></instruction><instruction code="NEG T60, 0, T60"><temps name="use"><temp name="T60"/></temps><temps name="def"><temp name="T60"/></temps><temps name="in"><temp name="T84"/><temp name="T78"/><temp name="T64"/><temp name="T60"/><temp name="T113"/><temp name="T87"/><temp name="T106"/><temp name="T94"/><temp name="T119"/><temp name="T4"/><temp name="T0"/><temp name="T100"/></temps><temps name="out"><temp name="T84"/><temp name="T78"/><temp name="T64"/><temp name="T60"/><temp name="T113"/><temp name="T87"/><temp name="T106"/><temp name="T94"/><temp name="T119"/><temp name="T4"/><temp name="T0"/><temp name="T100"/></temps></instruction><instruction code="OR T5, T60, 0"><temps name="use"><temp name="T60"/></temps><temps name="def"><temp name="T5"/></temps><temps name="in"><temp name="T84"/><temp name="T78"/><temp name="T64"/><temp name="T60"/><temp name="T113"/><temp name="T87"/><temp name="T106"/><temp name="T94"/><temp name="T119"/><temp name="T4"/><temp name="T0"/><temp name="T100"/></temps><temps name="out"><temp name="T84"/><temp name="T78"/><temp name="T64"/><temp name="T113"/><temp name="T87"/><temp name="T106"/><temp name="T94"/><temp name="T119"/><temp name="T4"/><temp name="T0"/><temp name="T100"/><temp name="T5"/></temps></instruction><instruction code="ADD T61, T4, T5"><temps name="use"><temp name="T4"/><temp name="T5"/></temps><temps name="def"><temp name="T61"/></temps><temps name="in"><temp name="T84"/><temp name="T78"/><temp name="T64"/><temp name="T113"/><temp name="T87"/><temp name="T106"/><temp name="T94"/><temp name="T119"/><temp name="T4"/><temp name="T0"/><temp name="T100"/><temp name="T5"/></temps><temps name="out"><temp name="T84"/><temp name="T78"/><temp name="T0"/><temp name="T64"/><temp name="T113"/><temp name="T87"/><temp name="T100"/><temp name="T106"/><temp name="T94"/><temp name="T119"/><temp name="T61"/></temps></instruction><instruction code="OR T6, T61, 0"><temps name="use"><temp name="T61"/></temps><temps name="def"><temp name="T6"/></temps><temps name="in"><temp name="T84"/><temp name="T78"/><temp name="T0"/><temp name="T64"/><temp name="T113"/><temp name="T87"/><temp name="T100"/><temp name="T106"/><temp name="T94"/><temp name="T119"/><temp name="T61"/></temps><temps name="out"><temp name="T84"/><temp name="T78"/><temp name="T0"/><temp name="T6"/><temp name="T64"/><temp name="T113"/><temp name="T87"/><temp name="T100"/><temp name="T106"/><temp name="T94"/><temp name="T119"/></temps></instruction><instruction code="SETL  T62, 8"><temps name="use"/><temps name="def"><temp name="T62"/></temps><temps name="in"><temp name="T84"/><temp name="T78"/><temp name="T0"/><temp name="T6"/><temp name="T64"/><temp name="T113"/><temp name="T87"/><temp name="T100"/><temp name="T106"/><temp name="T94"/><temp name="T119"/></temps><temps name="out"><temp name="T84"/><temp name="T78"/><temp name="T0"/><temp name="T6"/><temp name="T64"/><temp name="T113"/><temp name="T87"/><temp name="T100"/><temp name="T106"/><temp name="T94"/><temp name="T119"/></temps></instruction><instruction code="INCML T62, 0"><temps name="use"/><temps name="def"><temp name="T62"/></temps><temps name="in"><temp name="T84"/><temp name="T78"/><temp name="T0"/><temp name="T6"/><temp name="T64"/><temp name="T113"/><temp name="T87"/><temp name="T100"/><temp name="T106"/><temp name="T94"/><temp name="T119"/></temps><temps name="out"><temp name="T84"/><temp name="T78"/><temp name="T0"/><temp name="T6"/><temp name="T64"/><temp name="T113"/><temp name="T87"/><temp name="T100"/><temp name="T106"/><temp name="T94"/><temp name="T119"/></temps></instruction><instruction code="INCMH T62, 0"><temps name="use"/><temps name="def"><temp name="T62"/></temps><temps name="in"><temp name="T84"/><temp name="T78"/><temp name="T0"/><temp name="T6"/><temp name="T64"/><temp name="T113"/><temp name="T87"/><temp name="T100"/><temp name="T106"/><temp name="T94"/><temp name="T119"/></temps><temps name="out"><temp name="T84"/><temp name="T78"/><temp name="T0"/><temp name="T6"/><temp name="T64"/><temp name="T113"/><temp name="T87"/><temp name="T100"/><temp name="T106"/><temp name="T94"/><temp name="T119"/></temps></instruction><instruction code="INCH  T62, 0"><temps name="use"/><temps name="def"><temp name="T62"/></temps><temps name="in"><temp name="T84"/><temp name="T78"/><temp name="T0"/><temp name="T6"/><temp name="T64"/><temp name="T113"/><temp name="T87"/><temp name="T100"/><temp name="T106"/><temp name="T94"/><temp name="T119"/></temps><temps name="out"><temp name="T84"/><temp name="T78"/><temp name="T64"/><temp name="T113"/><temp name="T87"/><temp name="T106"/><temp name="T62"/><temp name="T94"/><temp name="T119"/><temp name="T0"/><temp name="T6"/><temp name="T100"/></temps></instruction><instruction code="OR T7, T62, 0"><temps name="use"><temp name="T62"/></temps><temps name="def"><temp name="T7"/></temps><temps name="in"><temp name="T84"/><temp name="T78"/><temp name="T64"/><temp name="T113"/><temp name="T87"/><temp name="T106"/><temp name="T62"/><temp name="T94"/><temp name="T119"/><temp name="T0"/><temp name="T6"/><temp name="T100"/></temps><temps name="out"><temp name="T84"/><temp name="T78"/><temp name="T64"/><temp name="T113"/><temp name="T87"/><temp name="T106"/><temp name="T94"/><temp name="T119"/><temp name="T0"/><temp name="T6"/><temp name="T100"/><temp name="T7"/></temps></instruction><instruction code="ADD T63, T6, T7"><temps name="use"><temp name="T6"/><temp name="T7"/></temps><temps name="def"><temp name="T63"/></temps><temps name="in"><temp name="T84"/><temp name="T78"/><temp name="T64"/><temp name="T113"/><temp name="T87"/><temp name="T106"/><temp name="T94"/><temp name="T119"/><temp name="T0"/><temp name="T6"/><temp name="T100"/><temp name="T7"/></temps><temps name="out"><temp name="T84"/><temp name="T78"/><temp name="T0"/><temp name="T64"/><temp name="T113"/><temp name="T87"/><temp name="T100"/><temp name="T106"/><temp name="T94"/><temp name="T63"/><temp name="T119"/></temps></instruction><instruction code="OR T8, T63, 0"><temps name="use"><temp name="T63"/></temps><temps name="def"><temp name="T8"/></temps><temps name="in"><temp name="T84"/><temp name="T78"/><temp name="T0"/><temp name="T64"/><temp name="T113"/><temp name="T87"/><temp name="T100"/><temp name="T106"/><temp name="T94"/><temp name="T63"/><temp name="T119"/></temps><temps name="out"><temp name="T84"/><temp name="T78"/><temp name="T0"/><temp name="T64"/><temp name="T113"/><temp name="T87"/><temp name="T100"/><temp name="T106"/><temp name="T94"/><temp name="T119"/></temps></instruction><instruction code="LDO T65, T64, 0"><temps name="use"><temp name="T64"/></temps><temps name="def"><temp name="T65"/></temps><temps name="in"><temp name="T84"/><temp name="T78"/><temp name="T0"/><temp name="T64"/><temp name="T113"/><temp name="T87"/><temp name="T100"/><temp name="T106"/><temp name="T94"/><temp name="T119"/></temps><temps name="out"><temp name="T84"/><temp name="T78"/><temp name="T0"/><temp name="T65"/><temp name="T113"/><temp name="T87"/><temp name="T100"/><temp name="T106"/><temp name="T94"/><temp name="T119"/></temps></instruction><instruction code="OR T9, T65, 0"><temps name="use"><temp name="T65"/></temps><temps name="def"><temp name="T9"/></temps><temps name="in"><temp name="T84"/><temp name="T78"/><temp name="T0"/><temp name="T65"/><temp name="T113"/><temp name="T87"/><temp name="T100"/><temp name="T106"/><temp name="T94"/><temp name="T119"/></temps><temps name="out"><temp name="T84"/><temp name="T78"/><temp name="T0"/><temp name="T113"/><temp name="T87"/><temp name="T100"/><temp name="T106"/><temp name="T94"/><temp name="T119"/></temps></instruction><instruction code="SETL  T66, 5"><temps name="use"/><temps name="def"><temp name="T66"/></temps><temps name="in"><temp name="T84"/><temp name="T78"/><temp name="T0"/><temp name="T113"/><temp name="T87"/><temp name="T100"/><temp name="T106"/><temp name="T94"/><temp name="T119"/></temps><temps name="out"><temp name="T84"/><temp name="T78"/><temp name="T0"/><temp name="T113"/><temp name="T87"/><temp name="T100"/><temp name="T106"/><temp name="T94"/><temp name="T119"/></temps></instruction><instruction code="INCML T66, 0"><temps name="use"/><temps name="def"><temp name="T66"/></temps><temps name="in"><temp name="T84"/><temp name="T78"/><temp name="T0"/><temp name="T113"/><temp name="T87"/><temp name="T100"/><temp name="T106"/><temp name="T94"/><temp name="T119"/></temps><temps name="out"><temp name="T84"/><temp name="T78"/><temp name="T0"/><temp name="T113"/><temp name="T87"/><temp name="T100"/><temp name="T106"/><temp name="T94"/><temp name="T119"/></temps></instruction><instruction code="INCMH T66, 0"><temps name="use"/><temps name="def"><temp name="T66"/></temps><temps name="in"><temp name="T84"/><temp name="T78"/><temp name="T0"/><temp name="T113"/><temp name="T87"/><temp name="T100"/><temp name="T106"/><temp name="T94"/><temp name="T119"/></temps><temps name="out"><temp name="T84"/><temp name="T78"/><temp name="T0"/><temp name="T113"/><temp name="T87"/><temp name="T100"/><temp name="T106"/><temp name="T94"/><temp name="T119"/></temps></instruction><instruction code="INCH  T66, 0"><temps name="use"/><temps name="def"><temp name="T66"/></temps><temps name="in"><temp name="T84"/><temp name="T78"/><temp name="T0"/><temp name="T113"/><temp name="T87"/><temp name="T100"/><temp name="T106"/><temp name="T94"/><temp name="T119"/></temps><temps name="out"><temp name="T84"/><temp name="T78"/><temp name="T0"/><temp name="T66"/><temp name="T113"/><temp name="T87"/><temp name="T100"/><temp name="T106"/><temp name="T94"/><temp name="T119"/></temps></instruction><instruction code="OR T10, T66, 0"><temps name="use"><temp name="T66"/></temps><temps name="def"><temp name="T10"/></temps><temps name="in"><temp name="T84"/><temp name="T78"/><temp name="T0"/><temp name="T66"/><temp name="T113"/><temp name="T87"/><temp name="T100"/><temp name="T106"/><temp name="T94"/><temp name="T119"/></temps><temps name="out"><temp name="T84"/><temp name="T78"/><temp name="T0"/><temp name="T113"/><temp name="T87"/><temp name="T100"/><temp name="T106"/><temp name="T94"/><temp name="T119"/></temps></instruction><instruction code="SETL  T67, 55"><temps name="use"/><temps name="def"><temp name="T67"/></temps><temps name="in"><temp name="T84"/><temp name="T78"/><temp name="T0"/><temp name="T113"/><temp name="T87"/><temp name="T100"/><temp name="T106"/><temp name="T94"/><temp name="T119"/></temps><temps name="out"><temp name="T84"/><temp name="T78"/><temp name="T0"/><temp name="T113"/><temp name="T87"/><temp name="T100"/><temp name="T106"/><temp name="T94"/><temp name="T119"/></temps></instruction><instruction code="INCML T67, 0"><temps name="use"/><temps name="def"><temp name="T67"/></temps><temps name="in"><temp name="T84"/><temp name="T78"/><temp name="T0"/><temp name="T113"/><temp name="T87"/><temp name="T100"/><temp name="T106"/><temp name="T94"/><temp name="T119"/></temps><temps name="out"><temp name="T84"/><temp name="T78"/><temp name="T0"/><temp name="T113"/><temp name="T87"/><temp name="T100"/><temp name="T106"/><temp name="T94"/><temp name="T119"/></temps></instruction><instruction code="INCMH T67, 0"><temps name="use"/><temps name="def"><temp name="T67"/></temps><temps name="in"><temp name="T84"/><temp name="T78"/><temp name="T0"/><temp name="T113"/><temp name="T87"/><temp name="T100"/><temp name="T106"/><temp name="T94"/><temp name="T119"/></temps><temps name="out"><temp name="T84"/><temp name="T78"/><temp name="T0"/><temp name="T113"/><temp name="T87"/><temp name="T100"/><temp name="T106"/><temp name="T94"/><temp name="T119"/></temps></instruction><instruction code="INCH  T67, 0"><temps name="use"/><temps name="def"><temp name="T67"/></temps><temps name="in"><temp name="T84"/><temp name="T78"/><temp name="T0"/><temp name="T113"/><temp name="T87"/><temp name="T100"/><temp name="T106"/><temp name="T94"/><temp name="T119"/></temps><temps name="out"><temp name="T84"/><temp name="T78"/><temp name="T0"/><temp name="T67"/><temp name="T113"/><temp name="T87"/><temp name="T100"/><temp name="T106"/><temp name="T94"/><temp name="T119"/></temps></instruction><instruction code="OR T11, T67, 0"><temps name="use"><temp name="T67"/></temps><temps name="def"><temp name="T11"/></temps><temps name="in"><temp name="T84"/><temp name="T78"/><temp name="T0"/><temp name="T67"/><temp name="T113"/><temp name="T87"/><temp name="T100"/><temp name="T106"/><temp name="T94"/><temp name="T119"/></temps><temps name="out"><temp name="T84"/><temp name="T78"/><temp name="T0"/><temp name="T113"/><temp name="T87"/><temp name="T100"/><temp name="T106"/><temp name="T94"/><temp name="T119"/></temps></instruction><instruction code="SETL  T68, 55"><temps name="use"/><temps name="def"><temp name="T68"/></temps><temps name="in"><temp name="T84"/><temp name="T78"/><temp name="T0"/><temp name="T113"/><temp name="T87"/><temp name="T100"/><temp name="T106"/><temp name="T94"/><temp name="T119"/></temps><temps name="out"><temp name="T84"/><temp name="T78"/><temp name="T0"/><temp name="T113"/><temp name="T87"/><temp name="T100"/><temp name="T106"/><temp name="T94"/><temp name="T119"/></temps></instruction><instruction code="INCML T68, 0"><temps name="use"/><temps name="def"><temp name="T68"/></temps><temps name="in"><temp name="T84"/><temp name="T78"/><temp name="T0"/><temp name="T113"/><temp name="T87"/><temp name="T100"/><temp name="T106"/><temp name="T94"/><temp name="T119"/></temps><temps name="out"><temp name="T84"/><temp name="T78"/><temp name="T0"/><temp name="T113"/><temp name="T87"/><temp name="T100"/><temp name="T106"/><temp name="T94"/><temp name="T119"/></temps></instruction><instruction code="INCMH T68, 0"><temps name="use"/><temps name="def"><temp name="T68"/></temps><temps name="in"><temp name="T84"/><temp name="T78"/><temp name="T0"/><temp name="T113"/><temp name="T87"/><temp name="T100"/><temp name="T106"/><temp name="T94"/><temp name="T119"/></temps><temps name="out"><temp name="T84"/><temp name="T78"/><temp name="T0"/><temp name="T113"/><temp name="T87"/><temp name="T100"/><temp name="T106"/><temp name="T94"/><temp name="T119"/></temps></instruction><instruction code="INCH  T68, 0"><temps name="use"/><temps name="def"><temp name="T68"/></temps><temps name="in"><temp name="T84"/><temp name="T78"/><temp name="T0"/><temp name="T113"/><temp name="T87"/><temp name="T100"/><temp name="T106"/><temp name="T94"/><temp name="T119"/></temps><temps name="out"><temp name="T84"/><temp name="T68"/><temp name="T78"/><temp name="T0"/><temp name="T113"/><temp name="T87"/><temp name="T100"/><temp name="T106"/><temp name="T94"/><temp name="T119"/></temps></instruction><instruction code="OR T12, T68, 0"><temps name="use"><temp name="T68"/></temps><temps name="def"><temp name="T12"/></temps><temps name="in"><temp name="T84"/><temp name="T68"/><temp name="T78"/><temp name="T0"/><temp name="T113"/><temp name="T87"/><temp name="T100"/><temp name="T106"/><temp name="T94"/><temp name="T119"/></temps><temps name="out"><temp name="T84"/><temp name="T78"/><temp name="T0"/><temp name="T113"/><temp name="T87"/><temp name="T100"/><temp name="T12"/><temp name="T106"/><temp name="T94"/><temp name="T119"/></temps></instruction><instruction code="NEG T69, 0, T12"><temps name="use"><temp name="T12"/></temps><temps name="def"><temp name="T69"/></temps><temps name="in"><temp name="T84"/><temp name="T78"/><temp name="T0"/><temp name="T113"/><temp name="T87"/><temp name="T100"/><temp name="T12"/><temp name="T106"/><temp name="T94"/><temp name="T119"/></temps><temps name="out"><temp name="T84"/><temp name="T69"/><temp name="T78"/><temp name="T0"/><temp name="T113"/><temp name="T87"/><temp name="T100"/><temp name="T106"/><temp name="T94"/><temp name="T119"/></temps></instruction><instruction code="OR T13, T69, 0"><temps name="use"><temp name="T69"/></temps><temps name="def"><temp name="T13"/></temps><temps name="in"><temp name="T84"/><temp name="T69"/><temp name="T78"/><temp name="T0"/><temp name="T113"/><temp name="T87"/><temp name="T100"/><temp name="T106"/><temp name="T94"/><temp name="T119"/></temps><temps name="out"><temp name="T84"/><temp name="T78"/><temp name="T0"/><temp name="T113"/><temp name="T87"/><temp name="T100"/><temp name="T106"/><temp name="T94"/><temp name="T119"/></temps></instruction><instruction code="SETL  T70, 55"><temps name="use"/><temps name="def"><temp name="T70"/></temps><temps name="in"><temp name="T84"/><temp name="T78"/><temp name="T0"/><temp name="T113"/><temp name="T87"/><temp name="T100"/><temp name="T106"/><temp name="T94"/><temp name="T119"/></temps><temps name="out"><temp name="T84"/><temp name="T78"/><temp name="T0"/><temp name="T113"/><temp name="T87"/><temp name="T100"/><temp name="T106"/><temp name="T94"/><temp name="T119"/></temps></instruction><instruction code="INCML T70, 0"><temps name="use"/><temps name="def"><temp name="T70"/></temps><temps name="in"><temp name="T84"/><temp name="T78"/><temp name="T0"/><temp name="T113"/><temp name="T87"/><temp name="T100"/><temp name="T106"/><temp name="T94"/><temp name="T119"/></temps><temps name="out"><temp name="T84"/><temp name="T78"/><temp name="T0"/><temp name="T113"/><temp name="T87"/><temp name="T100"/><temp name="T106"/><temp name="T94"/><temp name="T119"/></temps></instruction><instruction code="INCMH T70, 0"><temps name="use"/><temps name="def"><temp name="T70"/></temps><temps name="in"><temp name="T84"/><temp name="T78"/><temp name="T0"/><temp name="T113"/><temp name="T87"/><temp name="T100"/><temp name="T106"/><temp name="T94"/><temp name="T119"/></temps><temps name="out"><temp name="T84"/><temp name="T78"/><temp name="T0"/><temp name="T113"/><temp name="T87"/><temp name="T100"/><temp name="T106"/><temp name="T94"/><temp name="T119"/></temps></instruction><instruction code="INCH  T70, 0"><temps name="use"/><temps name="def"><temp name="T70"/></temps><temps name="in"><temp name="T84"/><temp name="T78"/><temp name="T0"/><temp name="T113"/><temp name="T87"/><temp name="T100"/><temp name="T106"/><temp name="T94"/><temp name="T119"/></temps><temps name="out"><temp name="T84"/><temp name="T78"/><temp name="T0"/><temp name="T70"/><temp name="T113"/><temp name="T87"/><temp name="T100"/><temp name="T106"/><temp name="T94"/><temp name="T119"/></temps></instruction><instruction code="OR T14, T70, 0"><temps name="use"><temp name="T70"/></temps><temps name="def"><temp name="T14"/></temps><temps name="in"><temp name="T84"/><temp name="T78"/><temp name="T0"/><temp name="T70"/><temp name="T113"/><temp name="T87"/><temp name="T100"/><temp name="T106"/><temp name="T94"/><temp name="T119"/></temps><temps name="out"><temp name="T84"/><temp name="T78"/><temp name="T0"/><temp name="T113"/><temp name="T87"/><temp name="T100"/><temp name="T14"/><temp name="T106"/><temp name="T94"/><temp name="T119"/></temps></instruction><instruction code="NEG T71, 0, T14"><temps name="use"><temp name="T14"/></temps><temps name="def"><temp name="T71"/></temps><temps name="in"><temp name="T84"/><temp name="T78"/><temp name="T0"/><temp name="T113"/><temp name="T87"/><temp name="T100"/><temp name="T14"/><temp name="T106"/><temp name="T94"/><temp name="T119"/></temps><temps name="out"><temp name="T84"/><temp name="T78"/><temp name="T0"/><temp name="T113"/><temp name="T71"/><temp name="T87"/><temp name="T100"/><temp name="T106"/><temp name="T94"/><temp name="T119"/></temps></instruction><instruction code="OR T15, T71, 0"><temps name="use"><temp name="T71"/></temps><temps name="def"><temp name="T15"/></temps><temps name="in"><temp name="T84"/><temp name="T78"/><temp name="T0"/><temp name="T113"/><temp name="T71"/><temp name="T87"/><temp name="T100"/><temp name="T106"/><temp name="T94"/><temp name="T119"/></temps><temps name="out"><temp name="T84"/><temp name="T78"/><temp name="T0"/><temp name="T113"/><temp name="T87"/><temp name="T100"/><temp name="T106"/><temp name="T94"/><temp name="T15"/><temp name="T119"/></temps></instruction><instruction code="SETL  T72, 55"><temps name="use"/><temps name="def"><temp name="T72"/></temps><temps name="in"><temp name="T84"/><temp name="T78"/><temp name="T0"/><temp name="T113"/><temp name="T87"/><temp name="T100"/><temp name="T106"/><temp name="T94"/><temp name="T15"/><temp name="T119"/></temps><temps name="out"><temp name="T84"/><temp name="T78"/><temp name="T0"/><temp name="T113"/><temp name="T87"/><temp name="T100"/><temp name="T106"/><temp name="T94"/><temp name="T15"/><temp name="T119"/></temps></instruction><instruction code="INCML T72, 0"><temps name="use"/><temps name="def"><temp name="T72"/></temps><temps name="in"><temp name="T84"/><temp name="T78"/><temp name="T0"/><temp name="T113"/><temp name="T87"/><temp name="T100"/><temp name="T106"/><temp name="T94"/><temp name="T15"/><temp name="T119"/></temps><temps name="out"><temp name="T84"/><temp name="T78"/><temp name="T0"/><temp name="T113"/><temp name="T87"/><temp name="T100"/><temp name="T106"/><temp name="T94"/><temp name="T15"/><temp name="T119"/></temps></instruction><instruction code="INCMH T72, 0"><temps name="use"/><temps name="def"><temp name="T72"/></temps><temps name="in"><temp name="T84"/><temp name="T78"/><temp name="T0"/><temp name="T113"/><temp name="T87"/><temp name="T100"/><temp name="T106"/><temp name="T94"/><temp name="T15"/><temp name="T119"/></temps><temps name="out"><temp name="T84"/><temp name="T78"/><temp name="T0"/><temp name="T113"/><temp name="T87"/><temp name="T100"/><temp name="T106"/><temp name="T94"/><temp name="T15"/><temp name="T119"/></temps></instruction><instruction code="INCH  T72, 0"><temps name="use"/><temps name="def"><temp name="T72"/></temps><temps name="in"><temp name="T84"/><temp name="T78"/><temp name="T0"/><temp name="T113"/><temp name="T87"/><temp name="T100"/><temp name="T106"/><temp name="T94"/><temp name="T15"/><temp name="T119"/></temps><temps name="out"><temp name="T72"/><temp name="T84"/><temp name="T78"/><temp name="T0"/><temp name="T113"/><temp name="T87"/><temp name="T100"/><temp name="T106"/><temp name="T94"/><temp name="T15"/><temp name="T119"/></temps></instruction><instruction code="OR T16, T72, 0"><temps name="use"><temp name="T72"/></temps><temps name="def"><temp name="T16"/></temps><temps name="in"><temp name="T72"/><temp name="T84"/><temp name="T78"/><temp name="T0"/><temp name="T113"/><temp name="T87"/><temp name="T100"/><temp name="T106"/><temp name="T94"/><temp name="T15"/><temp name="T119"/></temps><temps name="out"><temp name="T84"/><temp name="T16"/><temp name="T78"/><temp name="T0"/><temp name="T113"/><temp name="T87"/><temp name="T100"/><temp name="T106"/><temp name="T94"/><temp name="T15"/><temp name="T119"/></temps></instruction><instruction code="ADD T73, T15, T16"><temps name="use"><temp name="T15"/><temp name="T16"/></temps><temps name="def"><temp name="T73"/></temps><temps name="in"><temp name="T84"/><temp name="T16"/><temp name="T78"/><temp name="T0"/><temp name="T113"/><temp name="T87"/><temp name="T100"/><temp name="T106"/><temp name="T94"/><temp name="T15"/><temp name="T119"/></temps><temps name="out"><temp name="T84"/><temp name="T78"/><temp name="T0"/><temp name="T113"/><temp name="T87"/><temp name="T100"/><temp name="T106"/><temp name="T94"/><temp name="T119"/><temp name="T73"/></temps></instruction><instruction code="OR T17, T73, 0"><temps name="use"><temp name="T73"/></temps><temps name="def"><temp name="T17"/></temps><temps name="in"><temp name="T84"/><temp name="T78"/><temp name="T0"/><temp name="T113"/><temp name="T87"/><temp name="T100"/><temp name="T106"/><temp name="T94"/><temp name="T119"/><temp name="T73"/></temps><temps name="out"><temp name="T84"/><temp name="T78"/><temp name="T0"/><temp name="T113"/><temp name="T87"/><temp name="T100"/><temp name="T106"/><temp name="T94"/><temp name="T119"/></temps></instruction><instruction code="SETL  T74, 17"><temps name="use"/><temps name="def"><temp name="T74"/></temps><temps name="in"><temp name="T84"/><temp name="T78"/><temp name="T0"/><temp name="T113"/><temp name="T87"/><temp name="T100"/><temp name="T106"/><temp name="T94"/><temp name="T119"/></temps><temps name="out"><temp name="T84"/><temp name="T78"/><temp name="T0"/><temp name="T113"/><temp name="T87"/><temp name="T100"/><temp name="T106"/><temp name="T94"/><temp name="T119"/></temps></instruction><instruction code="INCML T74, 0"><temps name="use"/><temps name="def"><temp name="T74"/></temps><temps name="in"><temp name="T84"/><temp name="T78"/><temp name="T0"/><temp name="T113"/><temp name="T87"/><temp name="T100"/><temp name="T106"/><temp name="T94"/><temp name="T119"/></temps><temps name="out"><temp name="T84"/><temp name="T78"/><temp name="T0"/><temp name="T113"/><temp name="T87"/><temp name="T100"/><temp name="T106"/><temp name="T94"/><temp name="T119"/></temps></instruction><instruction code="INCMH T74, 0"><temps name="use"/><temps name="def"><temp name="T74"/></temps><temps name="in"><temp name="T84"/><temp name="T78"/><temp name="T0"/><temp name="T113"/><temp name="T87"/><temp name="T100"/><temp name="T106"/><temp name="T94"/><temp name="T119"/></temps><temps name="out"><temp name="T84"/><temp name="T78"/><temp name="T0"/><temp name="T113"/><temp name="T87"/><temp name="T100"/><temp name="T106"/><temp name="T94"/><temp name="T119"/></temps></instruction><instruction code="INCH  T74, 0"><temps name="use"/><temps name="def"><temp name="T74"/></temps><temps name="in"><temp name="T84"/><temp name="T78"/><temp name="T0"/><temp name="T113"/><temp name="T87"/><temp name="T100"/><temp name="T106"/><temp name="T94"/><temp name="T119"/></temps><temps name="out"><temp name="T84"/><temp name="T78"/><temp name="T0"/><temp name="T113"/><temp name="T87"/><temp name="T100"/><temp name="T106"/><temp name="T94"/><temp name="T74"/><temp name="T119"/></temps></instruction><instruction code="OR T18, T74, 0"><temps name="use"><temp name="T74"/></temps><temps name="def"><temp name="T18"/></temps><temps name="in"><temp name="T84"/><temp name="T78"/><temp name="T0"/><temp name="T113"/><temp name="T87"/><temp name="T100"/><temp name="T106"/><temp name="T94"/><temp name="T74"/><temp name="T119"/></temps><temps name="out"><temp name="T84"/><temp name="T78"/><temp name="T0"/><temp name="T113"/><temp name="T87"/><temp name="T100"/><temp name="T106"/><temp name="T18"/><temp name="T94"/><temp name="T119"/></temps></instruction><instruction code="NEG T75, 0, T18"><temps name="use"><temp name="T18"/></temps><temps name="def"><temp name="T75"/></temps><temps name="in"><temp name="T84"/><temp name="T78"/><temp name="T0"/><temp name="T113"/><temp name="T87"/><temp name="T100"/><temp name="T106"/><temp name="T18"/><temp name="T94"/><temp name="T119"/></temps><temps name="out"><temp name="T84"/><temp name="T78"/><temp name="T0"/><temp name="T113"/><temp name="T75"/><temp name="T87"/><temp name="T100"/><temp name="T106"/><temp name="T94"/><temp name="T119"/></temps></instruction><instruction code="OR T19, T75, 0"><temps name="use"><temp name="T75"/></temps><temps name="def"><temp name="T19"/></temps><temps name="in"><temp name="T84"/><temp name="T78"/><temp name="T0"/><temp name="T113"/><temp name="T75"/><temp name="T87"/><temp name="T100"/><temp name="T106"/><temp name="T94"/><temp name="T119"/></temps><temps name="out"><temp name="T84"/><temp name="T78"/><temp name="T0"/><temp name="T113"/><temp name="T87"/><temp name="T100"/><temp name="T106"/><temp name="T94"/><temp name="T119"/></temps></instruction><instruction code="LDA T76, _vr"><temps name="use"/><temps name="def"><temp name="T76"/></temps><temps name="in"><temp name="T84"/><temp name="T78"/><temp name="T0"/><temp name="T113"/><temp name="T87"/><temp name="T100"/><temp name="T106"/><temp name="T94"/><temp name="T119"/></temps><temps name="out"><temp name="T84"/><temp name="T78"/><temp name="T0"/><temp name="T113"/><temp name="T87"/><temp name="T100"/><temp name="T106"/><temp name="T94"/><temp name="T119"/><temp name="T76"/></temps></instruction><instruction code="OR T20, T76, 0"><temps name="use"><temp name="T76"/></temps><temps name="def"><temp name="T20"/></temps><temps name="in"><temp name="T84"/><temp name="T78"/><temp name="T0"/><temp name="T113"/><temp name="T87"/><temp name="T100"/><temp name="T106"/><temp name="T94"/><temp name="T119"/><temp name="T76"/></temps><temps name="out"><temp name="T84"/><temp name="T78"/><temp name="T0"/><temp name="T113"/><temp name="T87"/><temp name="T100"/><temp name="T106"/><temp name="T94"/><temp name="T119"/></temps></instruction><instruction code="LDA T77, _zzz"><temps name="use"/><temps name="def"><temp name="T77"/></temps><temps name="in"><temp name="T84"/><temp name="T78"/><temp name="T0"/><temp name="T113"/><temp name="T87"/><temp name="T100"/><temp name="T106"/><temp name="T94"/><temp name="T119"/></temps><temps name="out"><temp name="T84"/><temp name="T78"/><temp name="T0"/><temp name="T77"/><temp name="T113"/><temp name="T87"/><temp name="T100"/><temp name="T106"/><temp name="T94"/><temp name="T119"/></temps></instruction><instruction code="OR T21, T77, 0"><temps name="use"><temp name="T77"/></temps><temps name="def"><temp name="T21"/></temps><temps name="in"><temp name="T84"/><temp name="T78"/><temp name="T0"/><temp name="T77"/><temp name="T113"/><temp name="T87"/><temp name="T100"/><temp name="T106"/><temp name="T94"/><temp name="T119"/></temps><temps name="out"><temp name="T84"/><temp name="T78"/><temp name="T0"/><temp name="T113"/><temp name="T87"/><temp name="T100"/><temp name="T106"/><temp name="T94"/><temp name="T119"/></temps></instruction><instruction code="LDO T79, T78, 0"><temps name="use"><temp name="T78"/></temps><temps name="def"><temp name="T79"/></temps><temps name="in"><temp name="T84"/><temp name="T78"/><temp name="T0"/><temp name="T113"/><temp name="T87"/><temp name="T100"/><temp name="T106"/><temp name="T94"/><temp name="T119"/></temps><temps name="out"><temp name="T84"/><temp name="T0"/><temp name="T113"/><temp name="T87"/><temp name="T100"/><temp name="T106"/><temp name="T94"/><temp name="T119"/><temp name="T79"/></temps></instruction><instruction code="OR T22, T79, 0"><temps name="use"><temp name="T79"/></temps><temps name="def"><temp name="T22"/></temps><temps name="in"><temp name="T84"/><temp name="T0"/><temp name="T113"/><temp name="T87"/><temp name="T100"/><temp name="T106"/><temp name="T94"/><temp name="T119"/><temp name="T79"/></temps><temps name="out"><temp name="T84"/><temp name="T0"/><temp name="T113"/><temp name="T87"/><temp name="T100"/><temp name="T106"/><temp name="T94"/><temp name="T119"/></temps></instruction><instruction code="OR T23, T0, 0"><temps name="use"><temp name="T0"/></temps><temps name="def"><temp name="T23"/></temps><temps name="in"><temp name="T84"/><temp name="T0"/><temp name="T113"/><temp name="T87"/><temp name="T100"/><temp name="T106"/><temp name="T94"/><temp name="T119"/></temps><temps name="out"><temp name="T84"/><temp name="T0"/><temp name="T23"/><temp name="T113"/><temp name="T87"/><temp name="T100"/><temp name="T106"/><temp name="T94"/><temp name="T119"/></temps></instruction><instruction code="SETL  T80, 8"><temps name="use"/><temps name="def"><temp name="T80"/></temps><temps name="in"><temp name="T84"/><temp name="T0"/><temp name="T23"/><temp name="T113"/><temp name="T87"/><temp name="T100"/><temp name="T106"/><temp name="T94"/><temp name="T119"/></temps><temps name="out"><temp name="T84"/><temp name="T0"/><temp name="T23"/><temp name="T113"/><temp name="T87"/><temp name="T100"/><temp name="T106"/><temp name="T94"/><temp name="T119"/></temps></instruction><instruction code="INCML T80, 0"><temps name="use"/><temps name="def"><temp name="T80"/></temps><temps name="in"><temp name="T84"/><temp name="T0"/><temp name="T23"/><temp name="T113"/><temp name="T87"/><temp name="T100"/><temp name="T106"/><temp name="T94"/><temp name="T119"/></temps><temps name="out"><temp name="T84"/><temp name="T0"/><temp name="T23"/><temp name="T113"/><temp name="T87"/><temp name="T100"/><temp name="T106"/><temp name="T94"/><temp name="T119"/></temps></instruction><instruction code="INCMH T80, 0"><temps name="use"/><temps name="def"><temp name="T80"/></temps><temps name="in"><temp name="T84"/><temp name="T0"/><temp name="T23"/><temp name="T113"/><temp name="T87"/><temp name="T100"/><temp name="T106"/><temp name="T94"/><temp name="T119"/></temps><temps name="out"><temp name="T84"/><temp name="T0"/><temp name="T23"/><temp name="T113"/><temp name="T87"/><temp name="T100"/><temp name="T106"/><temp name="T94"/><temp name="T119"/></temps></instruction><instruction code="INCH  T80, 0"><temps name="use"/><temps name="def"><temp name="T80"/></temps><temps name="in"><temp name="T84"/><temp name="T0"/><temp name="T23"/><temp name="T113"/><temp name="T87"/><temp name="T100"/><temp name="T106"/><temp name="T94"/><temp name="T119"/></temps><temps name="out"><temp name="T84"/><temp name="T0"/><temp name="T23"/><temp name="T113"/><temp name="T87"/><temp name="T100"/><temp name="T106"/><temp name="T94"/><temp name="T119"/><temp name="T80"/></temps></instruction><instruction code="NEG T80, 0, T80"><temps name="use"><temp name="T80"/></temps><temps name="def"><temp name="T80"/></temps><temps name="in"><temp name="T84"/><temp name="T0"/><temp name="T23"/><temp name="T113"/><temp name="T87"/><temp name="T100"/><temp name="T106"/><temp name="T94"/><temp name="T119"/><temp name="T80"/></temps><temps name="out"><temp name="T84"/><temp name="T0"/><temp name="T23"/><temp name="T113"/><temp name="T87"/><temp name="T100"/><temp name="T106"/><temp name="T94"/><temp name="T119"/><temp name="T80"/></temps></instruction><instruction code="OR T24, T80, 0"><temps name="use"><temp name="T80"/></temps><temps name="def"><temp name="T24"/></temps><temps name="in"><temp name="T84"/><temp name="T0"/><temp name="T23"/><temp name="T113"/><temp name="T87"/><temp name="T100"/><temp name="T106"/><temp name="T94"/><temp name="T119"/><temp name="T80"/></temps><temps name="out"><temp name="T84"/><temp name="T0"/><temp name="T23"/><temp name="T113"/><temp name="T87"/><temp name="T100"/><temp name="T24"/><temp name="T106"/><temp name="T94"/><temp name="T119"/></temps></instruction><instruction code="ADD T81, T23, T24"><temps name="use"><temp name="T23"/><temp name="T24"/></temps><temps name="def"><temp name="T81"/></temps><temps name="in"><temp name="T84"/><temp name="T0"/><temp name="T23"/><temp name="T113"/><temp name="T87"/><temp name="T100"/><temp name="T24"/><temp name="T106"/><temp name="T94"/><temp name="T119"/></temps><temps name="out"><temp name="T84"/><temp name="T81"/><temp name="T0"/><temp name="T113"/><temp name="T87"/><temp name="T100"/><temp name="T106"/><temp name="T94"/><temp name="T119"/></temps></instruction><instruction code="OR T25, T81, 0"><temps name="use"><temp name="T81"/></temps><temps name="def"><temp name="T25"/></temps><temps name="in"><temp name="T84"/><temp name="T81"/><temp name="T0"/><temp name="T113"/><temp name="T87"/><temp name="T100"/><temp name="T106"/><temp name="T94"/><temp name="T119"/></temps><temps name="out"><temp name="T84"/><temp name="T0"/><temp name="T113"/><temp name="T87"/><temp name="T100"/><temp name="T106"/><temp name="T94"/><temp name="T119"/></temps></instruction><instruction code="OR T26, T0, 0"><temps name="use"><temp name="T0"/></temps><temps name="def"><temp name="T26"/></temps><temps name="in"><temp name="T84"/><temp name="T0"/><temp name="T113"/><temp name="T87"/><temp name="T100"/><temp name="T106"/><temp name="T94"/><temp name="T119"/></temps><temps name="out"><temp name="T84"/><temp name="T0"/><temp name="T113"/><temp name="T87"/><temp name="T100"/><temp name="T106"/><temp name="T94"/><temp name="T26"/><temp name="T119"/></temps></instruction><instruction code="SETL  T82, 24"><temps name="use"/><temps name="def"><temp name="T82"/></temps><temps name="in"><temp name="T84"/><temp name="T0"/><temp name="T113"/><temp name="T87"/><temp name="T100"/><temp name="T106"/><temp name="T94"/><temp name="T26"/><temp name="T119"/></temps><temps name="out"><temp name="T84"/><temp name="T0"/><temp name="T113"/><temp name="T87"/><temp name="T100"/><temp name="T106"/><temp name="T94"/><temp name="T26"/><temp name="T119"/></temps></instruction><instruction code="INCML T82, 0"><temps name="use"/><temps name="def"><temp name="T82"/></temps><temps name="in"><temp name="T84"/><temp name="T0"/><temp name="T113"/><temp name="T87"/><temp name="T100"/><temp name="T106"/><temp name="T94"/><temp name="T26"/><temp name="T119"/></temps><temps name="out"><temp name="T84"/><temp name="T0"/><temp name="T113"/><temp name="T87"/><temp name="T100"/><temp name="T106"/><temp name="T94"/><temp name="T26"/><temp name="T119"/></temps></instruction><instruction code="INCMH T82, 0"><temps name="use"/><temps name="def"><temp name="T82"/></temps><temps name="in"><temp name="T84"/><temp name="T0"/><temp name="T113"/><temp name="T87"/><temp name="T100"/><temp name="T106"/><temp name="T94"/><temp name="T26"/><temp name="T119"/></temps><temps name="out"><temp name="T84"/><temp name="T0"/><temp name="T113"/><temp name="T87"/><temp name="T100"/><temp name="T106"/><temp name="T94"/><temp name="T26"/><temp name="T119"/></temps></instruction><instruction code="INCH  T82, 0"><temps name="use"/><temps name="def"><temp name="T82"/></temps><temps name="in"><temp name="T84"/><temp name="T0"/><temp name="T113"/><temp name="T87"/><temp name="T100"/><temp name="T106"/><temp name="T94"/><temp name="T26"/><temp name="T119"/></temps><temps name="out"><temp name="T84"/><temp name="T0"/><temp name="T113"/><temp name="T87"/><temp name="T100"/><temp name="T106"/><temp name="T94"/><temp name="T26"/><temp name="T119"/><temp name="T82"/></temps></instruction><instruction code="OR T27, T82, 0"><temps name="use"><temp name="T82"/></temps><temps name="def"><temp name="T27"/></temps><temps name="in"><temp name="T84"/><temp name="T0"/><temp name="T113"/><temp name="T87"/><temp name="T100"/><temp name="T106"/><temp name="T94"/><temp name="T26"/><temp name="T119"/><temp name="T82"/></temps><temps name="out"><temp name="T27"/><temp name="T84"/><temp name="T0"/><temp name="T113"/><temp name="T87"/><temp name="T100"/><temp name="T106"/><temp name="T94"/><temp name="T26"/><temp name="T119"/></temps></instruction><instruction code="STO T26, $254, 8"><temps name="use"><temp name="T26"/></temps><temps name="def"/><temps name="in"><temp name="T27"/><temp name="T84"/><temp name="T0"/><temp name="T113"/><temp name="T87"/><temp name="T100"/><temp name="T106"/><temp name="T94"/><temp name="T26"/><temp name="T119"/></temps><temps name="out"><temp name="T27"/><temp name="T84"/><temp name="T0"/><temp name="T113"/><temp name="T87"/><temp name="T100"/><temp name="T106"/><temp name="T94"/><temp name="T119"/></temps></instruction><instruction code="STO T27, $254, 16"><temps name="use"><temp name="T27"/></temps><temps name="def"/><temps name="in"><temp name="T27"/><temp name="T84"/><temp name="T0"/><temp name="T113"/><temp name="T87"/><temp name="T100"/><temp name="T106"/><temp name="T94"/><temp name="T119"/></temps><temps name="out"><temp name="T84"/><temp name="T0"/><temp name="T113"/><temp name="T87"/><temp name="T100"/><temp name="T106"/><temp name="T94"/><temp name="T119"/></temps></instruction><instruction code="LDA T83, __new"><temps name="use"/><temps name="def"><temp name="T83"/></temps><temps name="in"><temp name="T84"/><temp name="T0"/><temp name="T113"/><temp name="T87"/><temp name="T100"/><temp name="T106"/><temp name="T94"/><temp name="T119"/></temps><temps name="out"><temp name="T84"/><temp name="T0"/><temp name="T113"/><temp name="T87"/><temp name="T100"/><temp name="T106"/><temp name="T94"/><temp name="T83"/><temp name="T119"/></temps></instruction><instruction code="PUSHJ $15, T83, 0"><temps name="use"><temp name="T83"/></temps><temps name="def"/><temps name="in"><temp name="T84"/><temp name="T0"/><temp name="T113"/><temp name="T87"/><temp name="T100"/><temp name="T106"/><temp name="T94"/><temp name="T83"/><temp name="T119"/></temps><temps name="out"><temp name="T84"/><temp name="T0"/><temp name="T113"/><temp name="T87"/><temp name="T100"/><temp name="T106"/><temp name="T94"/><temp name="T119"/></temps></instruction><instruction code="OR T28, T84, 0"><temps name="use"><temp name="T84"/></temps><temps name="def"><temp name="T28"/></temps><temps name="in"><temp name="T84"/><temp name="T0"/><temp name="T113"/><temp name="T87"/><temp name="T100"/><temp name="T106"/><temp name="T94"/><temp name="T119"/></temps><temps name="out"><temp name="T0"/><temp name="T28"/><temp name="T113"/><temp name="T87"/><temp name="T100"/><temp name="T106"/><temp name="T94"/><temp name="T119"/></temps></instruction><instruction code="LDO T88, T87, 0"><temps name="use"><temp name="T87"/></temps><temps name="def"><temp name="T88"/></temps><temps name="in"><temp name="T0"/><temp name="T28"/><temp name="T113"/><temp name="T87"/><temp name="T100"/><temp name="T106"/><temp name="T94"/><temp name="T119"/></temps><temps name="out"><temp name="T88"/><temp name="T0"/><temp name="T28"/><temp name="T113"/><temp name="T100"/><temp name="T106"/><temp name="T94"/><temp name="T119"/></temps></instruction><instruction code="STO T88, T28, 0"><temps name="use"><temp name="T88"/><temp name="T28"/></temps><temps name="def"/><temps name="in"><temp name="T88"/><temp name="T0"/><temp name="T28"/><temp name="T113"/><temp name="T100"/><temp name="T106"/><temp name="T94"/><temp name="T119"/></temps><temps name="out"><temp name="T0"/><temp name="T113"/><temp name="T100"/><temp name="T106"/><temp name="T94"/><temp name="T119"/></temps></instruction><instruction code="LDA T89, L0"><temps name="use"/><temps name="def"><temp name="T89"/></temps><temps name="in"><temp name="T0"/><temp name="T113"/><temp name="T100"/><temp name="T106"/><temp name="T94"/><temp name="T119"/></temps><temps name="out"><temp name="T0"/><temp name="T113"/><temp name="T100"/><temp name="T106"/><temp name="T94"/><temp name="T119"/><temp name="T89"/></temps></instruction><instruction code="OR T29, T89, 0"><temps name="use"><temp name="T89"/></temps><temps name="def"><temp name="T29"/></temps><temps name="in"><temp name="T0"/><temp name="T113"/><temp name="T100"/><temp name="T106"/><temp name="T94"/><temp name="T119"/><temp name="T89"/></temps><temps name="out"><temp name="T0"/><temp name="T113"/><temp name="T100"/><temp name="T106"/><temp name="T94"/><temp name="T119"/></temps></instruction><instruction code="OR T30, T0, 0"><temps name="use"><temp name="T0"/></temps><temps name="def"><temp name="T30"/></temps><temps name="in"><temp name="T0"/><temp name="T113"/><temp name="T100"/><temp name="T106"/><temp name="T94"/><temp name="T119"/></temps><temps name="out"><temp name="T0"/><temp name="T113"/><temp name="T30"/><temp name="T100"/><temp name="T106"/><temp name="T94"/><temp name="T119"/></temps></instruction><instruction code="SETL  T90, 32"><temps name="use"/><temps name="def"><temp name="T90"/></temps><temps name="in"><temp name="T0"/><temp name="T113"/><temp name="T30"/><temp name="T100"/><temp name="T106"/><temp name="T94"/><temp name="T119"/></temps><temps name="out"><temp name="T0"/><temp name="T113"/><temp name="T30"/><temp name="T100"/><temp name="T106"/><temp name="T94"/><temp name="T119"/></temps></instruction><instruction code="INCML T90, 0"><temps name="use"/><temps name="def"><temp name="T90"/></temps><temps name="in"><temp name="T0"/><temp name="T113"/><temp name="T30"/><temp name="T100"/><temp name="T106"/><temp name="T94"/><temp name="T119"/></temps><temps name="out"><temp name="T0"/><temp name="T113"/><temp name="T30"/><temp name="T100"/><temp name="T106"/><temp name="T94"/><temp name="T119"/></temps></instruction><instruction code="INCMH T90, 0"><temps name="use"/><temps name="def"><temp name="T90"/></temps><temps name="in"><temp name="T0"/><temp name="T113"/><temp name="T30"/><temp name="T100"/><temp name="T106"/><temp name="T94"/><temp name="T119"/></temps><temps name="out"><temp name="T0"/><temp name="T113"/><temp name="T30"/><temp name="T100"/><temp name="T106"/><temp name="T94"/><temp name="T119"/></temps></instruction><instruction code="INCH  T90, 0"><temps name="use"/><temps name="def"><temp name="T90"/></temps><temps name="in"><temp name="T0"/><temp name="T113"/><temp name="T30"/><temp name="T100"/><temp name="T106"/><temp name="T94"/><temp name="T119"/></temps><temps name="out"><temp name="T0"/><temp name="T90"/><temp name="T113"/><temp name="T30"/><temp name="T100"/><temp name="T106"/><temp name="T94"/><temp name="T119"/></temps></instruction><instruction code="NEG T90, 0, T90"><temps name="use"><temp name="T90"/></temps><temps name="def"><temp name="T90"/></temps><temps name="in"><temp name="T0"/><temp name="T90"/><temp name="T113"/><temp name="T30"/><temp name="T100"/><temp name="T106"/><temp name="T94"/><temp name="T119"/></temps><temps name="out"><temp name="T0"/><temp name="T90"/><temp name="T113"/><temp name="T30"/><temp name="T100"/><temp name="T106"/><temp name="T94"/><temp name="T119"/></temps></instruction><instruction code="OR T31, T90, 0"><temps name="use"><temp name="T90"/></temps><temps name="def"><temp name="T31"/></temps><temps name="in"><temp name="T0"/><temp name="T90"/><temp name="T113"/><temp name="T30"/><temp name="T100"/><temp name="T106"/><temp name="T94"/><temp name="T119"/></temps><temps name="out"><temp name="T0"/><temp name="T31"/><temp name="T113"/><temp name="T30"/><temp name="T100"/><temp name="T106"/><temp name="T94"/><temp name="T119"/></temps></instruction><instruction code="ADD T91, T30, T31"><temps name="use"><temp name="T30"/><temp name="T31"/></temps><temps name="def"><temp name="T91"/></temps><temps name="in"><temp name="T0"/><temp name="T31"/><temp name="T113"/><temp name="T30"/><temp name="T100"/><temp name="T106"/><temp name="T94"/><temp name="T119"/></temps><temps name="out"><temp name="T0"/><temp name="T91"/><temp name="T113"/><temp name="T100"/><temp name="T106"/><temp name="T94"/><temp name="T119"/></temps></instruction><instruction code="OR T32, T91, 0"><temps name="use"><temp name="T91"/></temps><temps name="def"><temp name="T32"/></temps><temps name="in"><temp name="T0"/><temp name="T91"/><temp name="T113"/><temp name="T100"/><temp name="T106"/><temp name="T94"/><temp name="T119"/></temps><temps name="out"><temp name="T0"/><temp name="T113"/><temp name="T32"/><temp name="T100"/><temp name="T106"/><temp name="T94"/><temp name="T119"/></temps></instruction><instruction code="SETL  T92, 0"><temps name="use"/><temps name="def"><temp name="T92"/></temps><temps name="in"><temp name="T0"/><temp name="T113"/><temp name="T32"/><temp name="T100"/><temp name="T106"/><temp name="T94"/><temp name="T119"/></temps><temps name="out"><temp name="T0"/><temp name="T113"/><temp name="T32"/><temp name="T100"/><temp name="T106"/><temp name="T94"/><temp name="T119"/></temps></instruction><instruction code="INCML T92, 0"><temps name="use"/><temps name="def"><temp name="T92"/></temps><temps name="in"><temp name="T0"/><temp name="T113"/><temp name="T32"/><temp name="T100"/><temp name="T106"/><temp name="T94"/><temp name="T119"/></temps><temps name="out"><temp name="T0"/><temp name="T113"/><temp name="T32"/><temp name="T100"/><temp name="T106"/><temp name="T94"/><temp name="T119"/></temps></instruction><instruction code="INCMH T92, 0"><temps name="use"/><temps name="def"><temp name="T92"/></temps><temps name="in"><temp name="T0"/><temp name="T113"/><temp name="T32"/><temp name="T100"/><temp name="T106"/><temp name="T94"/><temp name="T119"/></temps><temps name="out"><temp name="T0"/><temp name="T113"/><temp name="T32"/><temp name="T100"/><temp name="T106"/><temp name="T94"/><temp name="T119"/></temps></instruction><instruction code="INCH  T92, 0"><temps name="use"/><temps name="def"><temp name="T92"/></temps><temps name="in"><temp name="T0"/><temp name="T113"/><temp name="T32"/><temp name="T100"/><temp name="T106"/><temp name="T94"/><temp name="T119"/></temps><temps name="out"><temp name="T92"/><temp name="T0"/><temp name="T113"/><temp name="T32"/><temp name="T100"/><temp name="T106"/><temp name="T94"/><temp name="T119"/></temps></instruction><instruction code="OR T33, T92, 0"><temps name="use"><temp name="T92"/></temps><temps name="def"><temp name="T33"/></temps><temps name="in"><temp name="T92"/><temp name="T0"/><temp name="T113"/><temp name="T32"/><temp name="T100"/><temp name="T106"/><temp name="T94"/><temp name="T119"/></temps><temps name="out"><temp name="T0"/><temp name="T113"/><temp name="T32"/><temp name="T100"/><temp name="T106"/><temp name="T94"/><temp name="T33"/><temp name="T119"/></temps></instruction><instruction code="ADD T93, T32, T33"><temps name="use"><temp name="T32"/><temp name="T33"/></temps><temps name="def"><temp name="T93"/></temps><temps name="in"><temp name="T0"/><temp name="T113"/><temp name="T32"/><temp name="T100"/><temp name="T106"/><temp name="T94"/><temp name="T33"/><temp name="T119"/></temps><temps name="out"><temp name="T0"/><temp name="T113"/><temp name="T100"/><temp name="T106"/><temp name="T94"/><temp name="T119"/><temp name="T93"/></temps></instruction><instruction code="OR T34, T93, 0"><temps name="use"><temp name="T93"/></temps><temps name="def"><temp name="T34"/></temps><temps name="in"><temp name="T0"/><temp name="T113"/><temp name="T100"/><temp name="T106"/><temp name="T94"/><temp name="T119"/><temp name="T93"/></temps><temps name="out"><temp name="T0"/><temp name="T113"/><temp name="T100"/><temp name="T106"/><temp name="T94"/><temp name="T119"/></temps></instruction><instruction code="LDO T95, T94, 0"><temps name="use"><temp name="T94"/></temps><temps name="def"><temp name="T95"/></temps><temps name="in"><temp name="T0"/><temp name="T113"/><temp name="T100"/><temp name="T106"/><temp name="T94"/><temp name="T119"/></temps><temps name="out"><temp name="T95"/><temp name="T0"/><temp name="T113"/><temp name="T100"/><temp name="T106"/><temp name="T119"/></temps></instruction><instruction code="OR T35, T95, 0"><temps name="use"><temp name="T95"/></temps><temps name="def"><temp name="T35"/></temps><temps name="in"><temp name="T95"/><temp name="T0"/><temp name="T113"/><temp name="T100"/><temp name="T106"/><temp name="T119"/></temps><temps name="out"><temp name="T0"/><temp name="T113"/><temp name="T100"/><temp name="T106"/><temp name="T119"/><temp name="T35"/></temps></instruction><instruction code="OR T36, T0, 0"><temps name="use"><temp name="T0"/></temps><temps name="def"><temp name="T36"/></temps><temps name="in"><temp name="T0"/><temp name="T113"/><temp name="T100"/><temp name="T106"/><temp name="T119"/><temp name="T35"/></temps><temps name="out"><temp name="T0"/><temp name="T113"/><temp name="T100"/><temp name="T106"/><temp name="T119"/><temp name="T35"/><temp name="T36"/></temps></instruction><instruction code="SETL  T96, 32"><temps name="use"/><temps name="def"><temp name="T96"/></temps><temps name="in"><temp name="T0"/><temp name="T113"/><temp name="T100"/><temp name="T106"/><temp name="T119"/><temp name="T35"/><temp name="T36"/></temps><temps name="out"><temp name="T0"/><temp name="T113"/><temp name="T100"/><temp name="T106"/><temp name="T119"/><temp name="T35"/><temp name="T36"/></temps></instruction><instruction code="INCML T96, 0"><temps name="use"/><temps name="def"><temp name="T96"/></temps><temps name="in"><temp name="T0"/><temp name="T113"/><temp name="T100"/><temp name="T106"/><temp name="T119"/><temp name="T35"/><temp name="T36"/></temps><temps name="out"><temp name="T0"/><temp name="T113"/><temp name="T100"/><temp name="T106"/><temp name="T119"/><temp name="T35"/><temp name="T36"/></temps></instruction><instruction code="INCMH T96, 0"><temps name="use"/><temps name="def"><temp name="T96"/></temps><temps name="in"><temp name="T0"/><temp name="T113"/><temp name="T100"/><temp name="T106"/><temp name="T119"/><temp name="T35"/><temp name="T36"/></temps><temps name="out"><temp name="T0"/><temp name="T113"/><temp name="T100"/><temp name="T106"/><temp name="T119"/><temp name="T35"/><temp name="T36"/></temps></instruction><instruction code="INCH  T96, 0"><temps name="use"/><temps name="def"><temp name="T96"/></temps><temps name="in"><temp name="T0"/><temp name="T113"/><temp name="T100"/><temp name="T106"/><temp name="T119"/><temp name="T35"/><temp name="T36"/></temps><temps name="out"><temp name="T0"/><temp name="T113"/><temp name="T100"/><temp name="T106"/><temp name="T119"/><temp name="T35"/><temp name="T36"/><temp name="T96"/></temps></instruction><instruction code="NEG T96, 0, T96"><temps name="use"><temp name="T96"/></temps><temps name="def"><temp name="T96"/></temps><temps name="in"><temp name="T0"/><temp name="T113"/><temp name="T100"/><temp name="T106"/><temp name="T119"/><temp name="T35"/><temp name="T36"/><temp name="T96"/></temps><temps name="out"><temp name="T0"/><temp name="T113"/><temp name="T100"/><temp name="T106"/><temp name="T119"/><temp name="T35"/><temp name="T36"/><temp name="T96"/></temps></instruction><instruction code="OR T37, T96, 0"><temps name="use"><temp name="T96"/></temps><temps name="def"><temp name="T37"/></temps><temps name="in"><temp name="T0"/><temp name="T113"/><temp name="T100"/><temp name="T106"/><temp name="T119"/><temp name="T35"/><temp name="T36"/><temp name="T96"/></temps><temps name="out"><temp name="T0"/><temp name="T113"/><temp name="T100"/><temp name="T106"/><temp name="T119"/><temp name="T35"/><temp name="T36"/><temp name="T37"/></temps></instruction><instruction code="ADD T97, T36, T37"><temps name="use"><temp name="T36"/><temp name="T37"/></temps><temps name="def"><temp name="T97"/></temps><temps name="in"><temp name="T0"/><temp name="T113"/><temp name="T100"/><temp name="T106"/><temp name="T119"/><temp name="T35"/><temp name="T36"/><temp name="T37"/></temps><temps name="out"><temp name="T0"/><temp name="T113"/><temp name="T100"/><temp name="T106"/><temp name="T119"/><temp name="T35"/><temp name="T97"/></temps></instruction><instruction code="OR T38, T97, 0"><temps name="use"><temp name="T97"/></temps><temps name="def"><temp name="T38"/></temps><temps name="in"><temp name="T0"/><temp name="T113"/><temp name="T100"/><temp name="T106"/><temp name="T119"/><temp name="T35"/><temp name="T97"/></temps><temps name="out"><temp name="T0"/><temp name="T113"/><temp name="T100"/><temp name="T38"/><temp name="T106"/><temp name="T119"/><temp name="T35"/></temps></instruction><instruction code="SETL  T98, 8"><temps name="use"/><temps name="def"><temp name="T98"/></temps><temps name="in"><temp name="T0"/><temp name="T113"/><temp name="T100"/><temp name="T38"/><temp name="T106"/><temp name="T119"/><temp name="T35"/></temps><temps name="out"><temp name="T0"/><temp name="T113"/><temp name="T100"/><temp name="T38"/><temp name="T106"/><temp name="T119"/><temp name="T35"/></temps></instruction><instruction code="INCML T98, 0"><temps name="use"/><temps name="def"><temp name="T98"/></temps><temps name="in"><temp name="T0"/><temp name="T113"/><temp name="T100"/><temp name="T38"/><temp name="T106"/><temp name="T119"/><temp name="T35"/></temps><temps name="out"><temp name="T0"/><temp name="T113"/><temp name="T100"/><temp name="T38"/><temp name="T106"/><temp name="T119"/><temp name="T35"/></temps></instruction><instruction code="INCMH T98, 0"><temps name="use"/><temps name="def"><temp name="T98"/></temps><temps name="in"><temp name="T0"/><temp name="T113"/><temp name="T100"/><temp name="T38"/><temp name="T106"/><temp name="T119"/><temp name="T35"/></temps><temps name="out"><temp name="T0"/><temp name="T113"/><temp name="T100"/><temp name="T38"/><temp name="T106"/><temp name="T119"/><temp name="T35"/></temps></instruction><instruction code="INCH  T98, 0"><temps name="use"/><temps name="def"><temp name="T98"/></temps><temps name="in"><temp name="T0"/><temp name="T113"/><temp name="T100"/><temp name="T38"/><temp name="T106"/><temp name="T119"/><temp name="T35"/></temps><temps name="out"><temp name="T0"/><temp name="T98"/><temp name="T113"/><temp name="T100"/><temp name="T38"/><temp name="T106"/><temp name="T119"/><temp name="T35"/></temps></instruction><instruction code="OR T39, T98, 0"><temps name="use"><temp name="T98"/></temps><temps name="def"><temp name="T39"/></temps><temps name="in"><temp name="T0"/><temp name="T98"/><temp name="T113"/><temp name="T100"/><temp name="T38"/><temp name="T106"/><temp name="T119"/><temp name="T35"/></temps><temps name="out"><temp name="T39"/><temp name="T0"/><temp name="T113"/><temp name="T100"/><temp name="T38"/><temp name="T106"/><temp name="T119"/><temp name="T35"/></temps></instruction><instruction code="ADD T99, T38, T39"><temps name="use"><temp name="T38"/><temp name="T39"/></temps><temps name="def"><temp name="T99"/></temps><temps name="in"><temp name="T39"/><temp name="T0"/><temp name="T113"/><temp name="T100"/><temp name="T38"/><temp name="T106"/><temp name="T119"/><temp name="T35"/></temps><temps name="out"><temp name="T99"/><temp name="T0"/><temp name="T113"/><temp name="T100"/><temp name="T106"/><temp name="T119"/><temp name="T35"/></temps></instruction><instruction code="OR T40, T99, 0"><temps name="use"><temp name="T99"/></temps><temps name="def"><temp name="T40"/></temps><temps name="in"><temp name="T99"/><temp name="T0"/><temp name="T113"/><temp name="T100"/><temp name="T106"/><temp name="T119"/><temp name="T35"/></temps><temps name="out"><temp name="T0"/><temp name="T113"/><temp name="T100"/><temp name="T106"/><temp name="T119"/><temp name="T35"/></temps></instruction><instruction code="LDO T101, T100, 0"><temps name="use"><temp name="T100"/></temps><temps name="def"><temp name="T101"/></temps><temps name="in"><temp name="T0"/><temp name="T113"/><temp name="T100"/><temp name="T106"/><temp name="T119"/><temp name="T35"/></temps><temps name="out"><temp name="T0"/><temp name="T113"/><temp name="T106"/><temp name="T101"/><temp name="T119"/><temp name="T35"/></temps></instruction><instruction code="OR T41, T101, 0"><temps name="use"><temp name="T101"/></temps><temps name="def"><temp name="T41"/></temps><temps name="in"><temp name="T0"/><temp name="T113"/><temp name="T106"/><temp name="T101"/><temp name="T119"/><temp name="T35"/></temps><temps name="out"><temp name="T0"/><temp name="T113"/><temp name="T106"/><temp name="T119"/><temp name="T41"/><temp name="T35"/></temps></instruction><instruction code="OR T42, T0, 0"><temps name="use"><temp name="T0"/></temps><temps name="def"><temp name="T42"/></temps><temps name="in"><temp name="T0"/><temp name="T113"/><temp name="T106"/><temp name="T119"/><temp name="T41"/><temp name="T35"/></temps><temps name="out"><temp name="T0"/><temp name="T113"/><temp name="T106"/><temp name="T119"/><temp name="T41"/><temp name="T35"/><temp name="T42"/></temps></instruction><instruction code="SETL  T102, 32"><temps name="use"/><temps name="def"><temp name="T102"/></temps><temps name="in"><temp name="T0"/><temp name="T113"/><temp name="T106"/><temp name="T119"/><temp name="T41"/><temp name="T35"/><temp name="T42"/></temps><temps name="out"><temp name="T0"/><temp name="T113"/><temp name="T106"/><temp name="T119"/><temp name="T41"/><temp name="T35"/><temp name="T42"/></temps></instruction><instruction code="INCML T102, 0"><temps name="use"/><temps name="def"><temp name="T102"/></temps><temps name="in"><temp name="T0"/><temp name="T113"/><temp name="T106"/><temp name="T119"/><temp name="T41"/><temp name="T35"/><temp name="T42"/></temps><temps name="out"><temp name="T0"/><temp name="T113"/><temp name="T106"/><temp name="T119"/><temp name="T41"/><temp name="T35"/><temp name="T42"/></temps></instruction><instruction code="INCMH T102, 0"><temps name="use"/><temps name="def"><temp name="T102"/></temps><temps name="in"><temp name="T0"/><temp name="T113"/><temp name="T106"/><temp name="T119"/><temp name="T41"/><temp name="T35"/><temp name="T42"/></temps><temps name="out"><temp name="T0"/><temp name="T113"/><temp name="T106"/><temp name="T119"/><temp name="T41"/><temp name="T35"/><temp name="T42"/></temps></instruction><instruction code="INCH  T102, 0"><temps name="use"/><temps name="def"><temp name="T102"/></temps><temps name="in"><temp name="T0"/><temp name="T113"/><temp name="T106"/><temp name="T119"/><temp name="T41"/><temp name="T35"/><temp name="T42"/></temps><temps name="out"><temp name="T0"/><temp name="T102"/><temp name="T113"/><temp name="T106"/><temp name="T119"/><temp name="T41"/><temp name="T35"/><temp name="T42"/></temps></instruction><instruction code="NEG T102, 0, T102"><temps name="use"><temp name="T102"/></temps><temps name="def"><temp name="T102"/></temps><temps name="in"><temp name="T0"/><temp name="T102"/><temp name="T113"/><temp name="T106"/><temp name="T119"/><temp name="T41"/><temp name="T35"/><temp name="T42"/></temps><temps name="out"><temp name="T0"/><temp name="T102"/><temp name="T113"/><temp name="T106"/><temp name="T119"/><temp name="T41"/><temp name="T35"/><temp name="T42"/></temps></instruction><instruction code="OR T43, T102, 0"><temps name="use"><temp name="T102"/></temps><temps name="def"><temp name="T43"/></temps><temps name="in"><temp name="T0"/><temp name="T102"/><temp name="T113"/><temp name="T106"/><temp name="T119"/><temp name="T41"/><temp name="T35"/><temp name="T42"/></temps><temps name="out"><temp name="T43"/><temp name="T0"/><temp name="T113"/><temp name="T106"/><temp name="T119"/><temp name="T41"/><temp name="T35"/><temp name="T42"/></temps></instruction><instruction code="ADD T103, T42, T43"><temps name="use"><temp name="T42"/><temp name="T43"/></temps><temps name="def"><temp name="T103"/></temps><temps name="in"><temp name="T43"/><temp name="T0"/><temp name="T113"/><temp name="T106"/><temp name="T119"/><temp name="T41"/><temp name="T35"/><temp name="T42"/></temps><temps name="out"><temp name="T0"/><temp name="T113"/><temp name="T103"/><temp name="T106"/><temp name="T119"/><temp name="T41"/><temp name="T35"/></temps></instruction><instruction code="OR T44, T103, 0"><temps name="use"><temp name="T103"/></temps><temps name="def"><temp name="T44"/></temps><temps name="in"><temp name="T0"/><temp name="T113"/><temp name="T103"/><temp name="T106"/><temp name="T119"/><temp name="T41"/><temp name="T35"/></temps><temps name="out"><temp name="T0"/><temp name="T113"/><temp name="T44"/><temp name="T106"/><temp name="T119"/><temp name="T41"/><temp name="T35"/></temps></instruction><instruction code="SETL  T104, 16"><temps name="use"/><temps name="def"><temp name="T104"/></temps><temps name="in"><temp name="T0"/><temp name="T113"/><temp name="T44"/><temp name="T106"/><temp name="T119"/><temp name="T41"/><temp name="T35"/></temps><temps name="out"><temp name="T0"/><temp name="T113"/><temp name="T44"/><temp name="T106"/><temp name="T119"/><temp name="T41"/><temp name="T35"/></temps></instruction><instruction code="INCML T104, 0"><temps name="use"/><temps name="def"><temp name="T104"/></temps><temps name="in"><temp name="T0"/><temp name="T113"/><temp name="T44"/><temp name="T106"/><temp name="T119"/><temp name="T41"/><temp name="T35"/></temps><temps name="out"><temp name="T0"/><temp name="T113"/><temp name="T44"/><temp name="T106"/><temp name="T119"/><temp name="T41"/><temp name="T35"/></temps></instruction><instruction code="INCMH T104, 0"><temps name="use"/><temps name="def"><temp name="T104"/></temps><temps name="in"><temp name="T0"/><temp name="T113"/><temp name="T44"/><temp name="T106"/><temp name="T119"/><temp name="T41"/><temp name="T35"/></temps><temps name="out"><temp name="T0"/><temp name="T113"/><temp name="T44"/><temp name="T106"/><temp name="T119"/><temp name="T41"/><temp name="T35"/></temps></instruction><instruction code="INCH  T104, 0"><temps name="use"/><temps name="def"><temp name="T104"/></temps><temps name="in"><temp name="T0"/><temp name="T113"/><temp name="T44"/><temp name="T106"/><temp name="T119"/><temp name="T41"/><temp name="T35"/></temps><temps name="out"><temp name="T0"/><temp name="T113"/><temp name="T44"/><temp name="T106"/><temp name="T104"/><temp name="T119"/><temp name="T41"/><temp name="T35"/></temps></instruction><instruction code="OR T45, T104, 0"><temps name="use"><temp name="T104"/></temps><temps name="def"><temp name="T45"/></temps><temps name="in"><temp name="T0"/><temp name="T113"/><temp name="T44"/><temp name="T106"/><temp name="T104"/><temp name="T119"/><temp name="T41"/><temp name="T35"/></temps><temps name="out"><temp name="T0"/><temp name="T113"/><temp name="T44"/><temp name="T106"/><temp name="T119"/><temp name="T45"/><temp name="T41"/><temp name="T35"/></temps></instruction><instruction code="ADD T105, T44, T45"><temps name="use"><temp name="T44"/><temp name="T45"/></temps><temps name="def"><temp name="T105"/></temps><temps name="in"><temp name="T0"/><temp name="T113"/><temp name="T44"/><temp name="T106"/><temp name="T119"/><temp name="T45"/><temp name="T41"/><temp name="T35"/></temps><temps name="out"><temp name="T0"/><temp name="T113"/><temp name="T105"/><temp name="T106"/><temp name="T119"/><temp name="T41"/><temp name="T35"/></temps></instruction><instruction code="OR T46, T105, 0"><temps name="use"><temp name="T105"/></temps><temps name="def"><temp name="T46"/></temps><temps name="in"><temp name="T0"/><temp name="T113"/><temp name="T105"/><temp name="T106"/><temp name="T119"/><temp name="T41"/><temp name="T35"/></temps><temps name="out"><temp name="T0"/><temp name="T113"/><temp name="T106"/><temp name="T119"/><temp name="T41"/><temp name="T35"/></temps></instruction><instruction code="LDO T107, T106, 0"><temps name="use"><temp name="T106"/></temps><temps name="def"><temp name="T107"/></temps><temps name="in"><temp name="T0"/><temp name="T113"/><temp name="T106"/><temp name="T119"/><temp name="T41"/><temp name="T35"/></temps><temps name="out"><temp name="T0"/><temp name="T107"/><temp name="T113"/><temp name="T119"/><temp name="T41"/><temp name="T35"/></temps></instruction><instruction code="OR T47, T107, 0"><temps name="use"><temp name="T107"/></temps><temps name="def"><temp name="T47"/></temps><temps name="in"><temp name="T0"/><temp name="T107"/><temp name="T113"/><temp name="T119"/><temp name="T41"/><temp name="T35"/></temps><temps name="out"><temp name="T0"/><temp name="T113"/><temp name="T47"/><temp name="T119"/><temp name="T41"/><temp name="T35"/></temps></instruction><instruction code="MUL T108, T41, T47"><temps name="use"><temp name="T41"/><temp name="T47"/></temps><temps name="def"><temp name="T108"/></temps><temps name="in"><temp name="T0"/><temp name="T113"/><temp name="T47"/><temp name="T119"/><temp name="T41"/><temp name="T35"/></temps><temps name="out"><temp name="T0"/><temp name="T113"/><temp name="T108"/><temp name="T119"/><temp name="T35"/></temps></instruction><instruction code="OR T48, T108, 0"><temps name="use"><temp name="T108"/></temps><temps name="def"><temp name="T48"/></temps><temps name="in"><temp name="T0"/><temp name="T113"/><temp name="T108"/><temp name="T119"/><temp name="T35"/></temps><temps name="out"><temp name="T0"/><temp name="T113"/><temp name="T48"/><temp name="T119"/><temp name="T35"/></temps></instruction><instruction code="OR T49, T0, 0"><temps name="use"><temp name="T0"/></temps><temps name="def"><temp name="T49"/></temps><temps name="in"><temp name="T0"/><temp name="T113"/><temp name="T48"/><temp name="T119"/><temp name="T35"/></temps><temps name="out"><temp name="T113"/><temp name="T48"/><temp name="T119"/><temp name="T49"/><temp name="T35"/></temps></instruction><instruction code="SETL  T109, 32"><temps name="use"/><temps name="def"><temp name="T109"/></temps><temps name="in"><temp name="T113"/><temp name="T48"/><temp name="T119"/><temp name="T49"/><temp name="T35"/></temps><temps name="out"><temp name="T113"/><temp name="T48"/><temp name="T119"/><temp name="T49"/><temp name="T35"/></temps></instruction><instruction code="INCML T109, 0"><temps name="use"/><temps name="def"><temp name="T109"/></temps><temps name="in"><temp name="T113"/><temp name="T48"/><temp name="T119"/><temp name="T49"/><temp name="T35"/></temps><temps name="out"><temp name="T113"/><temp name="T48"/><temp name="T119"/><temp name="T49"/><temp name="T35"/></temps></instruction><instruction code="INCMH T109, 0"><temps name="use"/><temps name="def"><temp name="T109"/></temps><temps name="in"><temp name="T113"/><temp name="T48"/><temp name="T119"/><temp name="T49"/><temp name="T35"/></temps><temps name="out"><temp name="T113"/><temp name="T48"/><temp name="T119"/><temp name="T49"/><temp name="T35"/></temps></instruction><instruction code="INCH  T109, 0"><temps name="use"/><temps name="def"><temp name="T109"/></temps><temps name="in"><temp name="T113"/><temp name="T48"/><temp name="T119"/><temp name="T49"/><temp name="T35"/></temps><temps name="out"><temp name="T109"/><temp name="T113"/><temp name="T48"/><temp name="T119"/><temp name="T49"/><temp name="T35"/></temps></instruction><instruction code="NEG T109, 0, T109"><temps name="use"><temp name="T109"/></temps><temps name="def"><temp name="T109"/></temps><temps name="in"><temp name="T109"/><temp name="T113"/><temp name="T48"/><temp name="T119"/><temp name="T49"/><temp name="T35"/></temps><temps name="out"><temp name="T109"/><temp name="T113"/><temp name="T48"/><temp name="T119"/><temp name="T49"/><temp name="T35"/></temps></instruction><instruction code="OR T50, T109, 0"><temps name="use"><temp name="T109"/></temps><temps name="def"><temp name="T50"/></temps><temps name="in"><temp name="T109"/><temp name="T113"/><temp name="T48"/><temp name="T119"/><temp name="T49"/><temp name="T35"/></temps><temps name="out"><temp name="T113"/><temp name="T48"/><temp name="T50"/><temp name="T119"/><temp name="T49"/><temp name="T35"/></temps></instruction><instruction code="ADD T110, T49, T50"><temps name="use"><temp name="T49"/><temp name="T50"/></temps><temps name="def"><temp name="T110"/></temps><temps name="in"><temp name="T113"/><temp name="T48"/><temp name="T50"/><temp name="T119"/><temp name="T49"/><temp name="T35"/></temps><temps name="out"><temp name="T110"/><temp name="T113"/><temp name="T48"/><temp name="T119"/><temp name="T35"/></temps></instruction><instruction code="OR T51, T110, 0"><temps name="use"><temp name="T110"/></temps><temps name="def"><temp name="T51"/></temps><temps name="in"><temp name="T110"/><temp name="T113"/><temp name="T48"/><temp name="T119"/><temp name="T35"/></temps><temps name="out"><temp name="T113"/><temp name="T48"/><temp name="T51"/><temp name="T119"/><temp name="T35"/></temps></instruction><instruction code="SETL  T111, 0"><temps name="use"/><temps name="def"><temp name="T111"/></temps><temps name="in"><temp name="T113"/><temp name="T48"/><temp name="T51"/><temp name="T119"/><temp name="T35"/></temps><temps name="out"><temp name="T113"/><temp name="T48"/><temp name="T51"/><temp name="T119"/><temp name="T35"/></temps></instruction><instruction code="INCML T111, 0"><temps name="use"/><temps name="def"><temp name="T111"/></temps><temps name="in"><temp name="T113"/><temp name="T48"/><temp name="T51"/><temp name="T119"/><temp name="T35"/></temps><temps name="out"><temp name="T113"/><temp name="T48"/><temp name="T51"/><temp name="T119"/><temp name="T35"/></temps></instruction><instruction code="INCMH T111, 0"><temps name="use"/><temps name="def"><temp name="T111"/></temps><temps name="in"><temp name="T113"/><temp name="T48"/><temp name="T51"/><temp name="T119"/><temp name="T35"/></temps><temps name="out"><temp name="T113"/><temp name="T48"/><temp name="T51"/><temp name="T119"/><temp name="T35"/></temps></instruction><instruction code="INCH  T111, 0"><temps name="use"/><temps name="def"><temp name="T111"/></temps><temps name="in"><temp name="T113"/><temp name="T48"/><temp name="T51"/><temp name="T119"/><temp name="T35"/></temps><temps name="out"><temp name="T113"/><temp name="T48"/><temp name="T51"/><temp name="T119"/><temp name="T35"/><temp name="T111"/></temps></instruction><instruction code="OR T52, T111, 0"><temps name="use"><temp name="T111"/></temps><temps name="def"><temp name="T52"/></temps><temps name="in"><temp name="T113"/><temp name="T48"/><temp name="T51"/><temp name="T119"/><temp name="T35"/><temp name="T111"/></temps><temps name="out"><temp name="T113"/><temp name="T48"/><temp name="T51"/><temp name="T52"/><temp name="T119"/><temp name="T35"/></temps></instruction><instruction code="ADD T112, T51, T52"><temps name="use"><temp name="T51"/><temp name="T52"/></temps><temps name="def"><temp name="T112"/></temps><temps name="in"><temp name="T113"/><temp name="T48"/><temp name="T51"/><temp name="T52"/><temp name="T119"/><temp name="T35"/></temps><temps name="out"><temp name="T112"/><temp name="T113"/><temp name="T48"/><temp name="T119"/><temp name="T35"/></temps></instruction><instruction code="OR T53, T112, 0"><temps name="use"><temp name="T112"/></temps><temps name="def"><temp name="T53"/></temps><temps name="in"><temp name="T112"/><temp name="T113"/><temp name="T48"/><temp name="T119"/><temp name="T35"/></temps><temps name="out"><temp name="T113"/><temp name="T48"/><temp name="T119"/><temp name="T35"/></temps></instruction><instruction code="LDO T114, T113, 0"><temps name="use"><temp name="T113"/></temps><temps name="def"><temp name="T114"/></temps><temps name="in"><temp name="T113"/><temp name="T48"/><temp name="T119"/><temp name="T35"/></temps><temps name="out"><temp name="T48"/><temp name="T119"/><temp name="T114"/><temp name="T35"/></temps></instruction><instruction code="OR T54, T114, 0"><temps name="use"><temp name="T114"/></temps><temps name="def"><temp name="T54"/></temps><temps name="in"><temp name="T48"/><temp name="T119"/><temp name="T114"/><temp name="T35"/></temps><temps name="out"><temp name="T48"/><temp name="T119"/><temp name="T54"/><temp name="T35"/></temps></instruction><instruction code="DIV T115, T48, T54"><temps name="use"><temp name="T48"/><temp name="T54"/></temps><temps name="def"><temp name="T115"/></temps><temps name="in"><temp name="T48"/><temp name="T119"/><temp name="T54"/><temp name="T35"/></temps><temps name="out"><temp name="T119"/><temp name="T35"/></temps></instruction><instruction code="OR T115, rR, 0"><temps name="use"/><temps name="def"><temp name="T115"/></temps><temps name="in"><temp name="T119"/><temp name="T35"/></temps><temps name="out"><temp name="T115"/><temp name="T119"/><temp name="T35"/></temps></instruction><instruction code="OR T55, T115, 0"><temps name="use"><temp name="T115"/></temps><temps name="def"><temp name="T55"/></temps><temps name="in"><temp name="T115"/><temp name="T119"/><temp name="T35"/></temps><temps name="out"><temp name="T119"/><temp name="T35"/><temp name="T55"/></temps></instruction><instruction code="ADD T116, T35, T55"><temps name="use"><temp name="T35"/><temp name="T55"/></temps><temps name="def"><temp name="T116"/></temps><temps name="in"><temp name="T119"/><temp name="T35"/><temp name="T55"/></temps><temps name="out"><temp name="T116"/><temp name="T119"/></temps></instruction><instruction code="OR T56, T116, 0"><temps name="use"><temp name="T116"/></temps><temps name="def"><temp name="T56"/></temps><temps name="in"><temp name="T116"/><temp name="T119"/></temps><temps name="out"><temp name="T56"/><temp name="T119"/></temps></instruction><instruction code="LDO T120, T119, 0"><temps name="use"><temp name="T119"/></temps><temps name="def"><temp name="T120"/></temps><temps name="in"><temp name="T56"/><temp name="T119"/></temps><temps name="out"><temp name="T56"/><temp name="T120"/></temps></instruction><instruction code="STO T120, T56, 0"><temps name="use"><temp name="T120"/><temp name="T56"/></temps><temps name="def"/><temps name="in"><temp name="T56"/><temp name="T120"/></temps><temps name="out"/></instruction><instruction code="SETL  T121, 0"><temps name="use"/><temps name="def"><temp name="T121"/></temps><temps name="in"/><temps name="out"/></instruction><instruction code="INCML T121, 0"><temps name="use"/><temps name="def"><temp name="T121"/></temps><temps name="in"/><temps name="out"/></instruction><instruction code="INCMH T121, 0"><temps name="use"/><temps name="def"><temp name="T121"/></temps><temps name="in"/><temps name="out"/></instruction><instruction code="INCH  T121, 0"><temps name="use"/><temps name="def"><temp name="T121"/></temps><temps name="in"/><temps name="out"><temp name="T121"/></temps></instruction><instruction code="OR T57, T121, 0"><temps name="use"><temp name="T121"/></temps><temps name="def"><temp name="T57"/></temps><temps name="in"><temp name="T121"/></temps><temps name="out"><temp name="T57"/></temps></instruction><instruction code="OR T1, T57, 0"><temps name="use"><temp name="T57"/></temps><temps name="def"><temp name="T1"/></temps><temps name="in"><temp name="T57"/></temps><temps name="out"/></instruction><instruction code="LDA T122, L2"><temps name="use"/><temps name="def"><temp name="T122"/></temps><temps name="in"/><temps name="out"><temp name="T122"/></temps></instruction><instruction code="GO T122, T122, 0"><temps name="use"><temp name="T122"/></temps><temps name="def"><temp name="T122"/></temps><temps name="in"><temp name="T122"/></temps><temps name="out"/></instruction></instructions></code><code entrylabel="L3" exitlabel="L4" tempsize="0"><frame FP="T2" RV="T3" argssize="0" depth="1" label="_main" locssize="0" size="16"/><instructions><instruction code="L3"><temps name="use"/><temps name="def"/><temps name="in"/><temps name="out"/></instruction><instruction code="SETL  T123, 1"><temps name="use"/><temps name="def"><temp name="T123"/></temps><temps name="in"/><temps name="out"/></instruction><instruction code="INCML T123, 0"><temps name="use"/><temps name="def"><temp name="T123"/></temps><temps name="in"/><temps name="out"/></instruction><instruction code="INCMH T123, 0"><temps name="use"/><temps name="def"><temp name="T123"/></temps><temps name="in"/><temps name="out"/></instruction><instruction code="INCH  T123, 0"><temps name="use"/><temps name="def"><temp name="T123"/></temps><temps name="in"/><temps name="out"><temp name="T123"/></temps></instruction><instruction code="OR T58, T123, 0"><temps name="use"><temp name="T123"/></temps><temps name="def"><temp name="T58"/></temps><temps name="in"><temp name="T123"/></temps><temps name="out"/></instruction><instruction code="SETL  T124, 0"><temps name="use"/><temps name="def"><temp name="T124"/></temps><temps name="in"/><temps name="out"/></instruction><instruction code="INCML T124, 0"><temps name="use"/><temps name="def"><temp name="T124"/></temps><temps name="in"/><temps name="out"/></instruction><instruction code="INCMH T124, 0"><temps name="use"/><temps name="def"><temp name="T124"/></temps><temps name="in"/><temps name="out"/></instruction><instruction code="INCH  T124, 0"><temps name="use"/><temps name="def"><temp name="T124"/></temps><temps name="in"/><temps name="out"><temp name="T124"/></temps></instruction><instruction code="OR T59, T124, 0"><temps name="use"><temp name="T124"/></temps><temps name="def"><temp name="T59"/></temps><temps name="in"><temp name="T124"/></temps><temps name="out"><temp name="T59"/></temps></instruction><instruction code="OR T3, T59, 0"><temps name="use"><temp name="T59"/></temps><temps name="def"><temp name="T3"/></temps><temps name="in"><temp name="T59"/></temps><temps name="out"/></instruction><instruction code="LDA T125, L4"><temps name="use"/><temps name="def"><temp name="T125"/></temps><temps name="in"/><temps name="out"><temp name="T125"/></temps></instruction><instruction code="GO T125, T125, 0"><temps name="use"><temp name="T125"/></temps><temps name="def"><temp name="T125"/></temps><temps name="in"><temp name="T125"/></temps><temps name="out"/></instruction></instructions></code></livean>