<?xml version="1.0" encoding="UTF-8" standalone="no"?><?xml-stylesheet type="text/xsl" href="../../data/livean.xsl"?><livean><code entrylabel="L4" exitlabel="L5" tempsize="0"><frame FP="T6" RV="T7" argssize="16" depth="1" label="_main" locssize="16" size="48"/><instructions><instruction code="L4"><temps name="use"/><temps name="def"/><temps name="in"/><temps name="out"/></instruction><instruction code="SETL  T41, 0"><temps name="use"/><temps name="def"><temp name="T41"/></temps><temps name="in"/><temps name="out"/></instruction><instruction code="INCML T41, 0"><temps name="use"/><temps name="def"><temp name="T41"/></temps><temps name="in"/><temps name="out"/></instruction><instruction code="INCMH T41, 0"><temps name="use"/><temps name="def"><temp name="T41"/></temps><temps name="in"/><temps name="out"/></instruction><instruction code="INCH  T41, 0"><temps name="use"/><temps name="def"><temp name="T41"/></temps><temps name="in"/><temps name="out"><temp name="T41"/></temps></instruction><instruction code="OR T12, T41, 0"><temps name="use"><temp name="T41"/></temps><temps name="def"><temp name="T12"/></temps><temps name="in"><temp name="T41"/></temps><temps name="out"><temp name="T12"/></temps></instruction><instruction code="SETL  T42, 2"><temps name="use"/><temps name="def"><temp name="T42"/></temps><temps name="in"><temp name="T12"/></temps><temps name="out"><temp name="T12"/></temps></instruction><instruction code="INCML T42, 0"><temps name="use"/><temps name="def"><temp name="T42"/></temps><temps name="in"><temp name="T12"/></temps><temps name="out"><temp name="T12"/></temps></instruction><instruction code="INCMH T42, 0"><temps name="use"/><temps name="def"><temp name="T42"/></temps><temps name="in"><temp name="T12"/></temps><temps name="out"><temp name="T12"/></temps></instruction><instruction code="INCH  T42, 0"><temps name="use"/><temps name="def"><temp name="T42"/></temps><temps name="in"><temp name="T12"/></temps><temps name="out"><temp name="T42"/><temp name="T12"/></temps></instruction><instruction code="OR T13, T42, 0"><temps name="use"><temp name="T42"/></temps><temps name="def"><temp name="T13"/></temps><temps name="in"><temp name="T42"/><temp name="T12"/></temps><temps name="out"><temp name="T13"/><temp name="T12"/></temps></instruction><instruction code="STO T12, $254, 8"><temps name="use"><temp name="T12"/></temps><temps name="def"/><temps name="in"><temp name="T13"/><temp name="T12"/></temps><temps name="out"><temp name="T13"/></temps></instruction><instruction code="STO T13, $254, 16"><temps name="use"><temp name="T13"/></temps><temps name="def"/><temps name="in"><temp name="T13"/></temps><temps name="out"/></instruction><instruction code="LDA T43, _f"><temps name="use"/><temps name="def"><temp name="T43"/></temps><temps name="in"/><temps name="out"><temp name="T43"/></temps></instruction><instruction code="PUSHJ $16, T43, 0"><temps name="use"><temp name="T43"/></temps><temps name="def"/><temps name="in"><temp name="T43"/></temps><temps name="out"/></instruction><instruction code="LDO T44, $254, 0"><temps name="use"/><temps name="def"><temp name="T44"/></temps><temps name="in"/><temps name="out"><temp name="T44"/></temps></instruction><instruction code="OR T14, T44, 0"><temps name="use"><temp name="T44"/></temps><temps name="def"><temp name="T14"/></temps><temps name="in"><temp name="T44"/></temps><temps name="out"/></instruction><instruction code="SETL  T45, 0"><temps name="use"/><temps name="def"><temp name="T45"/></temps><temps name="in"/><temps name="out"/></instruction><instruction code="INCML T45, 0"><temps name="use"/><temps name="def"><temp name="T45"/></temps><temps name="in"/><temps name="out"/></instruction><instruction code="INCMH T45, 0"><temps name="use"/><temps name="def"><temp name="T45"/></temps><temps name="in"/><temps name="out"/></instruction><instruction code="INCH  T45, 0"><temps name="use"/><temps name="def"><temp name="T45"/></temps><temps name="in"/><temps name="out"><temp name="T45"/></temps></instruction><instruction code="OR T15, T45, 0"><temps name="use"><temp name="T45"/></temps><temps name="def"><temp name="T15"/></temps><temps name="in"><temp name="T45"/></temps><temps name="out"><temp name="T15"/></temps></instruction><instruction code="OR T7, T15, 0"><temps name="use"><temp name="T15"/></temps><temps name="def"><temp name="T7"/></temps><temps name="in"><temp name="T15"/></temps><temps name="out"/></instruction><instruction code="LDA T46, L5"><temps name="use"/><temps name="def"><temp name="T46"/></temps><temps name="in"/><temps name="out"><temp name="T46"/></temps></instruction><instruction code="GO T46, T46, 0"><temps name="use"><temp name="T46"/></temps><temps name="def"><temp name="T46"/></temps><temps name="in"><temp name="T46"/></temps><temps name="out"/></instruction></instructions></code><code entrylabel="L7" exitlabel="L8" tempsize="0"><frame FP="T10" RV="T11" argssize="16" depth="2" label="L0" locssize="0" size="32"/><instructions><instruction code="L7"><temps name="use"/><temps name="def"/><temps name="in"><temp name="T10"/></temps><temps name="out"><temp name="T10"/></temps></instruction><instruction code="OR T16, T10, 0"><temps name="use"><temp name="T10"/></temps><temps name="def"><temp name="T16"/></temps><temps name="in"><temp name="T10"/></temps><temps name="out"><temp name="T10"/><temp name="T16"/></temps></instruction><instruction code="OR T17, T16, 0"><temps name="use"><temp name="T16"/></temps><temps name="def"><temp name="T17"/></temps><temps name="in"><temp name="T10"/><temp name="T16"/></temps><temps name="out"><temp name="T10"/><temp name="T17"/></temps></instruction><instruction code="SETL  T48, 8"><temps name="use"/><temps name="def"><temp name="T48"/></temps><temps name="in"><temp name="T10"/><temp name="T17"/></temps><temps name="out"><temp name="T10"/><temp name="T17"/></temps></instruction><instruction code="INCML T48, 0"><temps name="use"/><temps name="def"><temp name="T48"/></temps><temps name="in"><temp name="T10"/><temp name="T17"/></temps><temps name="out"><temp name="T10"/><temp name="T17"/></temps></instruction><instruction code="INCMH T48, 0"><temps name="use"/><temps name="def"><temp name="T48"/></temps><temps name="in"><temp name="T10"/><temp name="T17"/></temps><temps name="out"><temp name="T10"/><temp name="T17"/></temps></instruction><instruction code="INCH  T48, 0"><temps name="use"/><temps name="def"><temp name="T48"/></temps><temps name="in"><temp name="T10"/><temp name="T17"/></temps><temps name="out"><temp name="T10"/><temp name="T17"/><temp name="T48"/></temps></instruction><instruction code="OR T18, T48, 0"><temps name="use"><temp name="T48"/></temps><temps name="def"><temp name="T18"/></temps><temps name="in"><temp name="T10"/><temp name="T17"/><temp name="T48"/></temps><temps name="out"><temp name="T18"/><temp name="T10"/><temp name="T17"/></temps></instruction><instruction code="ADD T49, T17, T18"><temps name="use"><temp name="T17"/><temp name="T18"/></temps><temps name="def"><temp name="T49"/></temps><temps name="in"><temp name="T18"/><temp name="T10"/><temp name="T17"/></temps><temps name="out"><temp name="T10"/><temp name="T49"/></temps></instruction><instruction code="OR T19, T49, 0"><temps name="use"><temp name="T49"/></temps><temps name="def"><temp name="T19"/></temps><temps name="in"><temp name="T10"/><temp name="T49"/></temps><temps name="out"><temp name="T19"/><temp name="T10"/></temps></instruction><instruction code="OR T20, T19, 0"><temps name="use"><temp name="T19"/></temps><temps name="def"><temp name="T20"/></temps><temps name="in"><temp name="T19"/><temp name="T10"/></temps><temps name="out"><temp name="T10"/></temps></instruction><instruction code="OR T21, T10, 0"><temps name="use"><temp name="T10"/></temps><temps name="def"><temp name="T21"/></temps><temps name="in"><temp name="T10"/></temps><temps name="out"><temp name="T10"/><temp name="T21"/></temps></instruction><instruction code="SETL  T51, 8"><temps name="use"/><temps name="def"><temp name="T51"/></temps><temps name="in"><temp name="T10"/><temp name="T21"/></temps><temps name="out"><temp name="T10"/><temp name="T21"/></temps></instruction><instruction code="INCML T51, 0"><temps name="use"/><temps name="def"><temp name="T51"/></temps><temps name="in"><temp name="T10"/><temp name="T21"/></temps><temps name="out"><temp name="T10"/><temp name="T21"/></temps></instruction><instruction code="INCMH T51, 0"><temps name="use"/><temps name="def"><temp name="T51"/></temps><temps name="in"><temp name="T10"/><temp name="T21"/></temps><temps name="out"><temp name="T10"/><temp name="T21"/></temps></instruction><instruction code="INCH  T51, 0"><temps name="use"/><temps name="def"><temp name="T51"/></temps><temps name="in"><temp name="T10"/><temp name="T21"/></temps><temps name="out"><temp name="T10"/><temp name="T21"/><temp name="T51"/></temps></instruction><instruction code="OR T22, T51, 0"><temps name="use"><temp name="T51"/></temps><temps name="def"><temp name="T22"/></temps><temps name="in"><temp name="T10"/><temp name="T21"/><temp name="T51"/></temps><temps name="out"><temp name="T10"/><temp name="T22"/><temp name="T21"/></temps></instruction><instruction code="ADD T52, T21, T22"><temps name="use"><temp name="T21"/><temp name="T22"/></temps><temps name="def"><temp name="T52"/></temps><temps name="in"><temp name="T10"/><temp name="T22"/><temp name="T21"/></temps><temps name="out"><temp name="T10"/><temp name="T52"/></temps></instruction><instruction code="OR T23, T52, 0"><temps name="use"><temp name="T52"/></temps><temps name="def"><temp name="T23"/></temps><temps name="in"><temp name="T10"/><temp name="T52"/></temps><temps name="out"><temp name="T10"/><temp name="T23"/></temps></instruction><instruction code="OR T24, T23, 0"><temps name="use"><temp name="T23"/></temps><temps name="def"><temp name="T24"/></temps><temps name="in"><temp name="T10"/><temp name="T23"/></temps><temps name="out"><temp name="T10"/><temp name="T24"/></temps></instruction><instruction code="SETL  T54, 1"><temps name="use"/><temps name="def"><temp name="T54"/></temps><temps name="in"><temp name="T10"/><temp name="T24"/></temps><temps name="out"><temp name="T10"/><temp name="T24"/></temps></instruction><instruction code="INCML T54, 0"><temps name="use"/><temps name="def"><temp name="T54"/></temps><temps name="in"><temp name="T10"/><temp name="T24"/></temps><temps name="out"><temp name="T10"/><temp name="T24"/></temps></instruction><instruction code="INCMH T54, 0"><temps name="use"/><temps name="def"><temp name="T54"/></temps><temps name="in"><temp name="T10"/><temp name="T24"/></temps><temps name="out"><temp name="T10"/><temp name="T24"/></temps></instruction><instruction code="INCH  T54, 0"><temps name="use"/><temps name="def"><temp name="T54"/></temps><temps name="in"><temp name="T10"/><temp name="T24"/></temps><temps name="out"><temp name="T54"/><temp name="T10"/><temp name="T24"/></temps></instruction><instruction code="OR T25, T54, 0"><temps name="use"><temp name="T54"/></temps><temps name="def"><temp name="T25"/></temps><temps name="in"><temp name="T54"/><temp name="T10"/><temp name="T24"/></temps><temps name="out"><temp name="T25"/><temp name="T10"/><temp name="T24"/></temps></instruction><instruction code="CMP T55, T24, T25"><temps name="use"><temp name="T24"/><temp name="T25"/></temps><temps name="def"><temp name="T55"/></temps><temps name="in"><temp name="T25"/><temp name="T10"/><temp name="T24"/></temps><temps name="out"><temp name="T10"/><temp name="T55"/></temps></instruction><instruction code="ZSZ T55, T55, 1"><temps name="use"><temp name="T55"/></temps><temps name="def"><temp name="T55"/></temps><temps name="in"><temp name="T10"/><temp name="T55"/></temps><temps name="out"><temp name="T10"/><temp name="T55"/></temps></instruction><instruction code="OR T26, T55, 0"><temps name="use"><temp name="T55"/></temps><temps name="def"><temp name="T26"/></temps><temps name="in"><temp name="T10"/><temp name="T55"/></temps><temps name="out"><temp name="T26"/><temp name="T10"/></temps></instruction><instruction code="BNZ T26, L1"><temps name="use"><temp name="T26"/></temps><temps name="def"/><temps name="in"><temp name="T26"/><temp name="T10"/></temps><temps name="out"><temp name="T10"/></temps></instruction><instruction code="L6"><temps name="use"/><temps name="def"/><temps name="in"><temp name="T10"/></temps><temps name="out"><temp name="T10"/></temps></instruction><instruction code="LDA T56, L2"><temps name="use"/><temps name="def"><temp name="T56"/></temps><temps name="in"><temp name="T10"/></temps><temps name="out"><temp name="T10"/><temp name="T56"/></temps></instruction><instruction code="GO T56, T56, 0"><temps name="use"><temp name="T56"/></temps><temps name="def"><temp name="T56"/></temps><temps name="in"><temp name="T10"/><temp name="T56"/></temps><temps name="out"><temp name="T10"/></temps></instruction><instruction code="L1"><temps name="use"/><temps name="def"/><temps name="in"><temp name="T10"/></temps><temps name="out"><temp name="T10"/></temps></instruction><instruction code="SETL  T57, 1"><temps name="use"/><temps name="def"><temp name="T57"/></temps><temps name="in"><temp name="T10"/></temps><temps name="out"><temp name="T10"/></temps></instruction><instruction code="INCML T57, 0"><temps name="use"/><temps name="def"><temp name="T57"/></temps><temps name="in"><temp name="T10"/></temps><temps name="out"><temp name="T10"/></temps></instruction><instruction code="INCMH T57, 0"><temps name="use"/><temps name="def"><temp name="T57"/></temps><temps name="in"><temp name="T10"/></temps><temps name="out"><temp name="T10"/></temps></instruction><instruction code="INCH  T57, 0"><temps name="use"/><temps name="def"><temp name="T57"/></temps><temps name="in"><temp name="T10"/></temps><temps name="out"><temp name="T57"/><temp name="T10"/></temps></instruction><instruction code="OR T27, T57, 0"><temps name="use"><temp name="T57"/></temps><temps name="def"><temp name="T27"/></temps><temps name="in"><temp name="T57"/><temp name="T10"/></temps><temps name="out"><temp name="T10"/></temps></instruction><instruction code="LDA T58, L3"><temps name="use"/><temps name="def"><temp name="T58"/></temps><temps name="in"><temp name="T10"/></temps><temps name="out"><temp name="T58"/><temp name="T10"/></temps></instruction><instruction code="GO T58, T58, 0"><temps name="use"><temp name="T58"/></temps><temps name="def"><temp name="T58"/></temps><temps name="in"><temp name="T58"/><temp name="T10"/></temps><temps name="out"><temp name="T10"/></temps></instruction><instruction code="L2"><temps name="use"/><temps name="def"/><temps name="in"><temp name="T10"/></temps><temps name="out"><temp name="T10"/></temps></instruction><instruction code="OR T28, T10, 0"><temps name="use"><temp name="T10"/></temps><temps name="def"><temp name="T28"/></temps><temps name="in"><temp name="T10"/></temps><temps name="out"><temp name="T10"/><temp name="T28"/></temps></instruction><instruction code="OR T29, T10, 0"><temps name="use"><temp name="T10"/></temps><temps name="def"><temp name="T29"/></temps><temps name="in"><temp name="T10"/><temp name="T28"/></temps><temps name="out"><temp name="T29"/><temp name="T28"/></temps></instruction><instruction code="SETL  T60, 8"><temps name="use"/><temps name="def"><temp name="T60"/></temps><temps name="in"><temp name="T29"/><temp name="T28"/></temps><temps name="out"><temp name="T29"/><temp name="T28"/></temps></instruction><instruction code="INCML T60, 0"><temps name="use"/><temps name="def"><temp name="T60"/></temps><temps name="in"><temp name="T29"/><temp name="T28"/></temps><temps name="out"><temp name="T29"/><temp name="T28"/></temps></instruction><instruction code="INCMH T60, 0"><temps name="use"/><temps name="def"><temp name="T60"/></temps><temps name="in"><temp name="T29"/><temp name="T28"/></temps><temps name="out"><temp name="T29"/><temp name="T28"/></temps></instruction><instruction code="INCH  T60, 0"><temps name="use"/><temps name="def"><temp name="T60"/></temps><temps name="in"><temp name="T29"/><temp name="T28"/></temps><temps name="out"><temp name="T29"/><temp name="T60"/><temp name="T28"/></temps></instruction><instruction code="OR T30, T60, 0"><temps name="use"><temp name="T60"/></temps><temps name="def"><temp name="T30"/></temps><temps name="in"><temp name="T29"/><temp name="T60"/><temp name="T28"/></temps><temps name="out"><temp name="T29"/><temp name="T30"/><temp name="T28"/></temps></instruction><instruction code="ADD T61, T29, T30"><temps name="use"><temp name="T29"/><temp name="T30"/></temps><temps name="def"><temp name="T61"/></temps><temps name="in"><temp name="T29"/><temp name="T30"/><temp name="T28"/></temps><temps name="out"><temp name="T61"/><temp name="T28"/></temps></instruction><instruction code="OR T31, T61, 0"><temps name="use"><temp name="T61"/></temps><temps name="def"><temp name="T31"/></temps><temps name="in"><temp name="T61"/><temp name="T28"/></temps><temps name="out"><temp name="T31"/><temp name="T28"/></temps></instruction><instruction code="OR T32, T31, 0"><temps name="use"><temp name="T31"/></temps><temps name="def"><temp name="T32"/></temps><temps name="in"><temp name="T31"/><temp name="T28"/></temps><temps name="out"><temp name="T32"/><temp name="T28"/></temps></instruction><instruction code="SETL  T63, 1"><temps name="use"/><temps name="def"><temp name="T63"/></temps><temps name="in"><temp name="T32"/><temp name="T28"/></temps><temps name="out"><temp name="T32"/><temp name="T28"/></temps></instruction><instruction code="INCML T63, 0"><temps name="use"/><temps name="def"><temp name="T63"/></temps><temps name="in"><temp name="T32"/><temp name="T28"/></temps><temps name="out"><temp name="T32"/><temp name="T28"/></temps></instruction><instruction code="INCMH T63, 0"><temps name="use"/><temps name="def"><temp name="T63"/></temps><temps name="in"><temp name="T32"/><temp name="T28"/></temps><temps name="out"><temp name="T32"/><temp name="T28"/></temps></instruction><instruction code="INCH  T63, 0"><temps name="use"/><temps name="def"><temp name="T63"/></temps><temps name="in"><temp name="T32"/><temp name="T28"/></temps><temps name="out"><temp name="T32"/><temp name="T63"/><temp name="T28"/></temps></instruction><instruction code="OR T33, T63, 0"><temps name="use"><temp name="T63"/></temps><temps name="def"><temp name="T33"/></temps><temps name="in"><temp name="T32"/><temp name="T63"/><temp name="T28"/></temps><temps name="out"><temp name="T33"/><temp name="T32"/><temp name="T28"/></temps></instruction><instruction code="ADD T64, T32, T33"><temps name="use"><temp name="T32"/><temp name="T33"/></temps><temps name="def"><temp name="T64"/></temps><temps name="in"><temp name="T33"/><temp name="T32"/><temp name="T28"/></temps><temps name="out"><temp name="T28"/><temp name="T64"/></temps></instruction><instruction code="OR T34, T64, 0"><temps name="use"><temp name="T64"/></temps><temps name="def"><temp name="T34"/></temps><temps name="in"><temp name="T28"/><temp name="T64"/></temps><temps name="out"><temp name="T34"/><temp name="T28"/></temps></instruction><instruction code="STO T28, $254, 8"><temps name="use"><temp name="T28"/></temps><temps name="def"/><temps name="in"><temp name="T34"/><temp name="T28"/></temps><temps name="out"><temp name="T34"/></temps></instruction><instruction code="STO T34, $254, 16"><temps name="use"><temp name="T34"/></temps><temps name="def"/><temps name="in"><temp name="T34"/></temps><temps name="out"/></instruction><instruction code="LDA T65, L0"><temps name="use"/><temps name="def"><temp name="T65"/></temps><temps name="in"/><temps name="out"><temp name="T65"/></temps></instruction><instruction code="PUSHJ $16, T65, 0"><temps name="use"><temp name="T65"/></temps><temps name="def"/><temps name="in"><temp name="T65"/></temps><temps name="out"/></instruction><instruction code="LDO T66, $254, 0"><temps name="use"/><temps name="def"><temp name="T66"/></temps><temps name="in"/><temps name="out"><temp name="T66"/></temps></instruction><instruction code="OR T35, T66, 0"><temps name="use"><temp name="T66"/></temps><temps name="def"><temp name="T35"/></temps><temps name="in"><temp name="T66"/></temps><temps name="out"/></instruction><instruction code="L3"><temps name="use"/><temps name="def"/><temps name="in"/><temps name="out"/></instruction><instruction code="SETL  T67, 0"><temps name="use"/><temps name="def"><temp name="T67"/></temps><temps name="in"/><temps name="out"/></instruction><instruction code="INCML T67, 0"><temps name="use"/><temps name="def"><temp name="T67"/></temps><temps name="in"/><temps name="out"/></instruction><instruction code="INCMH T67, 0"><temps name="use"/><temps name="def"><temp name="T67"/></temps><temps name="in"/><temps name="out"/></instruction><instruction code="INCH  T67, 0"><temps name="use"/><temps name="def"><temp name="T67"/></temps><temps name="in"/><temps name="out"><temp name="T67"/></temps></instruction><instruction code="OR T36, T67, 0"><temps name="use"><temp name="T67"/></temps><temps name="def"><temp name="T36"/></temps><temps name="in"><temp name="T67"/></temps><temps name="out"><temp name="T36"/></temps></instruction><instruction code="OR T11, T36, 0"><temps name="use"><temp name="T36"/></temps><temps name="def"><temp name="T11"/></temps><temps name="in"><temp name="T36"/></temps><temps name="out"/></instruction><instruction code="LDA T68, L8"><temps name="use"/><temps name="def"><temp name="T68"/></temps><temps name="in"/><temps name="out"><temp name="T68"/></temps></instruction><instruction code="GO T68, T68, 0"><temps name="use"><temp name="T68"/></temps><temps name="def"><temp name="T68"/></temps><temps name="in"><temp name="T68"/></temps><temps name="out"/></instruction></instructions></code><code entrylabel="L9" exitlabel="L10" tempsize="0"><frame FP="T8" RV="T9" argssize="16" depth="1" label="_f" locssize="0" size="32"/><instructions><instruction code="L9"><temps name="use"/><temps name="def"/><temps name="in"><temp name="T8"/></temps><temps name="out"><temp name="T8"/></temps></instruction><instruction code="OR T37, T8, 0"><temps name="use"><temp name="T8"/></temps><temps name="def"><temp name="T37"/></temps><temps name="in"><temp name="T8"/></temps><temps name="out"><temp name="T37"/></temps></instruction><instruction code="SETL  T69, 0"><temps name="use"/><temps name="def"><temp name="T69"/></temps><temps name="in"><temp name="T37"/></temps><temps name="out"><temp name="T37"/></temps></instruction><instruction code="INCML T69, 0"><temps name="use"/><temps name="def"><temp name="T69"/></temps><temps name="in"><temp name="T37"/></temps><temps name="out"><temp name="T37"/></temps></instruction><instruction code="INCMH T69, 0"><temps name="use"/><temps name="def"><temp name="T69"/></temps><temps name="in"><temp name="T37"/></temps><temps name="out"><temp name="T37"/></temps></instruction><instruction code="INCH  T69, 0"><temps name="use"/><temps name="def"><temp name="T69"/></temps><temps name="in"><temp name="T37"/></temps><temps name="out"><temp name="T37"/><temp name="T69"/></temps></instruction><instruction code="OR T38, T69, 0"><temps name="use"><temp name="T69"/></temps><temps name="def"><temp name="T38"/></temps><temps name="in"><temp name="T37"/><temp name="T69"/></temps><temps name="out"><temp name="T37"/><temp name="T38"/></temps></instruction><instruction code="STO T37, $254, 8"><temps name="use"><temp name="T37"/></temps><temps name="def"/><temps name="in"><temp name="T37"/><temp name="T38"/></temps><temps name="out"><temp name="T38"/></temps></instruction><instruction code="STO T38, $254, 16"><temps name="use"><temp name="T38"/></temps><temps name="def"/><temps name="in"><temp name="T38"/></temps><temps name="out"/></instruction><instruction code="LDA T70, L0"><temps name="use"/><temps name="def"><temp name="T70"/></temps><temps name="in"/><temps name="out"><temp name="T70"/></temps></instruction><instruction code="PUSHJ $16, T70, 0"><temps name="use"><temp name="T70"/></temps><temps name="def"/><temps name="in"><temp name="T70"/></temps><temps name="out"/></instruction><instruction code="LDO T71, $254, 0"><temps name="use"/><temps name="def"><temp name="T71"/></temps><temps name="in"/><temps name="out"><temp name="T71"/></temps></instruction><instruction code="OR T39, T71, 0"><temps name="use"><temp name="T71"/></temps><temps name="def"><temp name="T39"/></temps><temps name="in"><temp name="T71"/></temps><temps name="out"/></instruction><instruction code="SETL  T72, 0"><temps name="use"/><temps name="def"><temp name="T72"/></temps><temps name="in"/><temps name="out"/></instruction><instruction code="INCML T72, 0"><temps name="use"/><temps name="def"><temp name="T72"/></temps><temps name="in"/><temps name="out"/></instruction><instruction code="INCMH T72, 0"><temps name="use"/><temps name="def"><temp name="T72"/></temps><temps name="in"/><temps name="out"/></instruction><instruction code="INCH  T72, 0"><temps name="use"/><temps name="def"><temp name="T72"/></temps><temps name="in"/><temps name="out"><temp name="T72"/></temps></instruction><instruction code="OR T40, T72, 0"><temps name="use"><temp name="T72"/></temps><temps name="def"><temp name="T40"/></temps><temps name="in"><temp name="T72"/></temps><temps name="out"><temp name="T40"/></temps></instruction><instruction code="OR T9, T40, 0"><temps name="use"><temp name="T40"/></temps><temps name="def"><temp name="T9"/></temps><temps name="in"><temp name="T40"/></temps><temps name="out"/></instruction><instruction code="LDA T73, L10"><temps name="use"/><temps name="def"><temp name="T73"/></temps><temps name="in"/><temps name="out"><temp name="T73"/></temps></instruction><instruction code="GO T73, T73, 0"><temps name="use"><temp name="T73"/></temps><temps name="def"><temp name="T73"/></temps><temps name="in"><temp name="T73"/></temps><temps name="out"/></instruction></instructions></code></livean>