<?xml version="1.0" encoding="UTF-8" standalone="no"?><?xml-stylesheet type="text/xsl" href="../../data/livean.xsl"?><livean><code entrylabel="L0" exitlabel="L1" tempsize="0"><frame FP="T0" RV="T1" argssize="0" depth="1" label="_main" locssize="0" size="16"/><instructions><instruction code="L0"><temps name="use"/><temps name="def"/><temps name="in"/><temps name="out"/></instruction><instruction code="SETL  T13, 1"><temps name="use"/><temps name="def"><temp name="T13"/></temps><temps name="in"/><temps name="out"/></instruction><instruction code="INCML T13, 0"><temps name="use"/><temps name="def"><temp name="T13"/></temps><temps name="in"/><temps name="out"/></instruction><instruction code="INCMH T13, 0"><temps name="use"/><temps name="def"><temp name="T13"/></temps><temps name="in"/><temps name="out"/></instruction><instruction code="INCH  T13, 0"><temps name="use"/><temps name="def"><temp name="T13"/></temps><temps name="in"/><temps name="out"><temp name="T13"/></temps></instruction><instruction code="OR T2, T13, 0"><temps name="use"><temp name="T13"/></temps><temps name="def"><temp name="T2"/></temps><temps name="in"><temp name="T13"/></temps><temps name="out"><temp name="T2"/></temps></instruction><instruction code="LDA T14, _pt"><temps name="use"/><temps name="def"><temp name="T14"/></temps><temps name="in"><temp name="T2"/></temps><temps name="out"><temp name="T2"/><temp name="T14"/></temps></instruction><instruction code="SETL  T15, 0"><temps name="use"/><temps name="def"><temp name="T15"/></temps><temps name="in"><temp name="T2"/><temp name="T14"/></temps><temps name="out"><temp name="T2"/><temp name="T14"/></temps></instruction><instruction code="INCML T15, 0"><temps name="use"/><temps name="def"><temp name="T15"/></temps><temps name="in"><temp name="T2"/><temp name="T14"/></temps><temps name="out"><temp name="T2"/><temp name="T14"/></temps></instruction><instruction code="INCMH T15, 0"><temps name="use"/><temps name="def"><temp name="T15"/></temps><temps name="in"><temp name="T2"/><temp name="T14"/></temps><temps name="out"><temp name="T2"/><temp name="T14"/></temps></instruction><instruction code="INCH  T15, 0"><temps name="use"/><temps name="def"><temp name="T15"/></temps><temps name="in"><temp name="T2"/><temp name="T14"/></temps><temps name="out"><temp name="T15"/><temp name="T2"/><temp name="T14"/></temps></instruction><instruction code="ADD T16, T14, T15"><temps name="use"><temp name="T14"/><temp name="T15"/></temps><temps name="def"><temp name="T16"/></temps><temps name="in"><temp name="T15"/><temp name="T2"/><temp name="T14"/></temps><temps name="out"><temp name="T16"/><temp name="T2"/></temps></instruction><instruction code="STO T16, T2, 0"><temps name="use"><temp name="T16"/><temp name="T2"/></temps><temps name="def"/><temps name="in"><temp name="T16"/><temp name="T2"/></temps><temps name="out"/></instruction><instruction code="SETL  T18, 17"><temps name="use"/><temps name="def"><temp name="T18"/></temps><temps name="in"/><temps name="out"/></instruction><instruction code="INCML T18, 0"><temps name="use"/><temps name="def"><temp name="T18"/></temps><temps name="in"/><temps name="out"/></instruction><instruction code="INCMH T18, 0"><temps name="use"/><temps name="def"><temp name="T18"/></temps><temps name="in"/><temps name="out"/></instruction><instruction code="INCH  T18, 0"><temps name="use"/><temps name="def"><temp name="T18"/></temps><temps name="in"/><temps name="out"><temp name="T18"/></temps></instruction><instruction code="OR T3, T18, 0"><temps name="use"><temp name="T18"/></temps><temps name="def"><temp name="T3"/></temps><temps name="in"><temp name="T18"/></temps><temps name="out"><temp name="T3"/></temps></instruction><instruction code="LDA T19, _l"><temps name="use"/><temps name="def"><temp name="T19"/></temps><temps name="in"><temp name="T3"/></temps><temps name="out"><temp name="T3"/><temp name="T19"/></temps></instruction><instruction code="STO T19, T3, 0"><temps name="use"><temp name="T19"/><temp name="T3"/></temps><temps name="def"/><temps name="in"><temp name="T3"/><temp name="T19"/></temps><temps name="out"/></instruction><instruction code="LDA T21, _pt"><temps name="use"/><temps name="def"><temp name="T21"/></temps><temps name="in"/><temps name="out"><temp name="T21"/></temps></instruction><instruction code="OR T4, T21, 0"><temps name="use"><temp name="T21"/></temps><temps name="def"><temp name="T4"/></temps><temps name="in"><temp name="T21"/></temps><temps name="out"><temp name="T4"/></temps></instruction><instruction code="SETL  T22, 0"><temps name="use"/><temps name="def"><temp name="T22"/></temps><temps name="in"><temp name="T4"/></temps><temps name="out"><temp name="T4"/></temps></instruction><instruction code="INCML T22, 0"><temps name="use"/><temps name="def"><temp name="T22"/></temps><temps name="in"><temp name="T4"/></temps><temps name="out"><temp name="T4"/></temps></instruction><instruction code="INCMH T22, 0"><temps name="use"/><temps name="def"><temp name="T22"/></temps><temps name="in"><temp name="T4"/></temps><temps name="out"><temp name="T4"/></temps></instruction><instruction code="INCH  T22, 0"><temps name="use"/><temps name="def"><temp name="T22"/></temps><temps name="in"><temp name="T4"/></temps><temps name="out"><temp name="T4"/><temp name="T22"/></temps></instruction><instruction code="OR T5, T22, 0"><temps name="use"><temp name="T22"/></temps><temps name="def"><temp name="T5"/></temps><temps name="in"><temp name="T4"/><temp name="T22"/></temps><temps name="out"><temp name="T4"/><temp name="T5"/></temps></instruction><instruction code="ADD T23, T4, T5"><temps name="use"><temp name="T4"/><temp name="T5"/></temps><temps name="def"><temp name="T23"/></temps><temps name="in"><temp name="T4"/><temp name="T5"/></temps><temps name="out"><temp name="T23"/></temps></instruction><instruction code="OR T6, T23, 0"><temps name="use"><temp name="T23"/></temps><temps name="def"><temp name="T6"/></temps><temps name="in"><temp name="T23"/></temps><temps name="out"><temp name="T6"/></temps></instruction><instruction code="OR T7, T6, 0"><temps name="use"><temp name="T6"/></temps><temps name="def"><temp name="T7"/></temps><temps name="in"><temp name="T6"/></temps><temps name="out"><temp name="T7"/></temps></instruction><instruction code="LDA T25, _l"><temps name="use"/><temps name="def"><temp name="T25"/></temps><temps name="in"><temp name="T7"/></temps><temps name="out"><temp name="T25"/><temp name="T7"/></temps></instruction><instruction code="OR T8, T25, 0"><temps name="use"><temp name="T25"/></temps><temps name="def"><temp name="T8"/></temps><temps name="in"><temp name="T25"/><temp name="T7"/></temps><temps name="out"><temp name="T7"/><temp name="T8"/></temps></instruction><instruction code="OR T9, T8, 0"><temps name="use"><temp name="T8"/></temps><temps name="def"><temp name="T9"/></temps><temps name="in"><temp name="T7"/><temp name="T8"/></temps><temps name="out"><temp name="T9"/><temp name="T7"/></temps></instruction><instruction code="ADD T27, T7, T9"><temps name="use"><temp name="T7"/><temp name="T9"/></temps><temps name="def"><temp name="T27"/></temps><temps name="in"><temp name="T9"/><temp name="T7"/></temps><temps name="out"><temp name="T27"/></temps></instruction><instruction code="OR T10, T27, 0"><temps name="use"><temp name="T27"/></temps><temps name="def"><temp name="T10"/></temps><temps name="in"><temp name="T27"/></temps><temps name="out"><temp name="T10"/></temps></instruction><instruction code="SETL  T28, 1"><temps name="use"/><temps name="def"><temp name="T28"/></temps><temps name="in"><temp name="T10"/></temps><temps name="out"><temp name="T10"/></temps></instruction><instruction code="INCML T28, 0"><temps name="use"/><temps name="def"><temp name="T28"/></temps><temps name="in"><temp name="T10"/></temps><temps name="out"><temp name="T10"/></temps></instruction><instruction code="INCMH T28, 0"><temps name="use"/><temps name="def"><temp name="T28"/></temps><temps name="in"><temp name="T10"/></temps><temps name="out"><temp name="T10"/></temps></instruction><instruction code="INCH  T28, 0"><temps name="use"/><temps name="def"><temp name="T28"/></temps><temps name="in"><temp name="T10"/></temps><temps name="out"><temp name="T10"/><temp name="T28"/></temps></instruction><instruction code="OR T11, T28, 0"><temps name="use"><temp name="T28"/></temps><temps name="def"><temp name="T11"/></temps><temps name="in"><temp name="T10"/><temp name="T28"/></temps><temps name="out"><temp name="T11"/><temp name="T10"/></temps></instruction><instruction code="SUB T29, T10, T11"><temps name="use"><temp name="T10"/><temp name="T11"/></temps><temps name="def"><temp name="T29"/></temps><temps name="in"><temp name="T11"/><temp name="T10"/></temps><temps name="out"><temp name="T29"/></temps></instruction><instruction code="OR T12, T29, 0"><temps name="use"><temp name="T29"/></temps><temps name="def"><temp name="T12"/></temps><temps name="in"><temp name="T29"/></temps><temps name="out"><temp name="T12"/></temps></instruction><instruction code="OR T1, T12, 0"><temps name="use"><temp name="T12"/></temps><temps name="def"><temp name="T1"/></temps><temps name="in"><temp name="T12"/></temps><temps name="out"/></instruction><instruction code="LDA T30, L1"><temps name="use"/><temps name="def"><temp name="T30"/></temps><temps name="in"/><temps name="out"><temp name="T30"/></temps></instruction><instruction code="GO T30, T30, 0"><temps name="use"><temp name="T30"/></temps><temps name="def"><temp name="T30"/></temps><temps name="in"><temp name="T30"/></temps><temps name="out"/></instruction></instructions></code></livean>