<?xml version="1.0" encoding="UTF-8" standalone="no"?><?xml-stylesheet type="text/xsl" href="../../data/livean.xsl"?><livean><code entrylabel="L17" exitlabel="L18" tempsize="0"><frame FP="T0" RV="T1" argssize="0" depth="1" label="_x" locssize="88" size="104"/><instructions><instruction code="L17"><temps name="use"/><temps name="def"/><temps name="in"><temp name="T219"/><temp name="T0"/></temps><temps name="out"><temp name="T219"/><temp name="T0"/></temps></instruction><instruction code="SETL  T216, 1"><temps name="use"/><temps name="def"><temp name="T216"/></temps><temps name="in"><temp name="T219"/><temp name="T0"/></temps><temps name="out"><temp name="T219"/><temp name="T0"/></temps></instruction><instruction code="INCML T216, 0"><temps name="use"/><temps name="def"><temp name="T216"/></temps><temps name="in"><temp name="T219"/><temp name="T0"/></temps><temps name="out"><temp name="T219"/><temp name="T0"/></temps></instruction><instruction code="INCMH T216, 0"><temps name="use"/><temps name="def"><temp name="T216"/></temps><temps name="in"><temp name="T219"/><temp name="T0"/></temps><temps name="out"><temp name="T219"/><temp name="T0"/></temps></instruction><instruction code="INCH  T216, 0"><temps name="use"/><temps name="def"><temp name="T216"/></temps><temps name="in"><temp name="T219"/><temp name="T0"/></temps><temps name="out"><temp name="T216"/><temp name="T219"/><temp name="T0"/></temps></instruction><instruction code="OR T20, T216, 0"><temps name="use"><temp name="T216"/></temps><temps name="def"><temp name="T20"/></temps><temps name="in"><temp name="T216"/><temp name="T219"/><temp name="T0"/></temps><temps name="out"><temp name="T219"/><temp name="T0"/></temps></instruction><instruction code="OR T21, T0, 0"><temps name="use"><temp name="T0"/></temps><temps name="def"><temp name="T21"/></temps><temps name="in"><temp name="T219"/><temp name="T0"/></temps><temps name="out"><temp name="T219"/><temp name="T21"/></temps></instruction><instruction code="SETL  T217, 8"><temps name="use"/><temps name="def"><temp name="T217"/></temps><temps name="in"><temp name="T219"/><temp name="T21"/></temps><temps name="out"><temp name="T219"/><temp name="T21"/></temps></instruction><instruction code="INCML T217, 0"><temps name="use"/><temps name="def"><temp name="T217"/></temps><temps name="in"><temp name="T219"/><temp name="T21"/></temps><temps name="out"><temp name="T219"/><temp name="T21"/></temps></instruction><instruction code="INCMH T217, 0"><temps name="use"/><temps name="def"><temp name="T217"/></temps><temps name="in"><temp name="T219"/><temp name="T21"/></temps><temps name="out"><temp name="T219"/><temp name="T21"/></temps></instruction><instruction code="INCH  T217, 0"><temps name="use"/><temps name="def"><temp name="T217"/></temps><temps name="in"><temp name="T219"/><temp name="T21"/></temps><temps name="out"><temp name="T217"/><temp name="T219"/><temp name="T21"/></temps></instruction><instruction code="NEG T217, 0, T217"><temps name="use"><temp name="T217"/></temps><temps name="def"><temp name="T217"/></temps><temps name="in"><temp name="T217"/><temp name="T219"/><temp name="T21"/></temps><temps name="out"><temp name="T217"/><temp name="T219"/><temp name="T21"/></temps></instruction><instruction code="OR T22, T217, 0"><temps name="use"><temp name="T217"/></temps><temps name="def"><temp name="T22"/></temps><temps name="in"><temp name="T217"/><temp name="T219"/><temp name="T21"/></temps><temps name="out"><temp name="T219"/><temp name="T21"/><temp name="T22"/></temps></instruction><instruction code="ADD T218, T21, T22"><temps name="use"><temp name="T21"/><temp name="T22"/></temps><temps name="def"><temp name="T218"/></temps><temps name="in"><temp name="T219"/><temp name="T21"/><temp name="T22"/></temps><temps name="out"><temp name="T218"/><temp name="T219"/></temps></instruction><instruction code="OR T23, T218, 0"><temps name="use"><temp name="T218"/></temps><temps name="def"><temp name="T23"/></temps><temps name="in"><temp name="T218"/><temp name="T219"/></temps><temps name="out"><temp name="T219"/></temps></instruction><instruction code="LDO T220, T219, 0"><temps name="use"><temp name="T219"/></temps><temps name="def"><temp name="T220"/></temps><temps name="in"><temp name="T219"/></temps><temps name="out"><temp name="T220"/></temps></instruction><instruction code="OR T24, T220, 0"><temps name="use"><temp name="T220"/></temps><temps name="def"><temp name="T24"/></temps><temps name="in"><temp name="T220"/></temps><temps name="out"><temp name="T24"/></temps></instruction><instruction code="OR T25, T24, 0"><temps name="use"><temp name="T24"/></temps><temps name="def"><temp name="T25"/></temps><temps name="in"><temp name="T24"/></temps><temps name="out"><temp name="T25"/></temps></instruction><instruction code="SETL  T221, 1"><temps name="use"/><temps name="def"><temp name="T221"/></temps><temps name="in"><temp name="T25"/></temps><temps name="out"><temp name="T25"/></temps></instruction><instruction code="INCML T221, 0"><temps name="use"/><temps name="def"><temp name="T221"/></temps><temps name="in"><temp name="T25"/></temps><temps name="out"><temp name="T25"/></temps></instruction><instruction code="INCMH T221, 0"><temps name="use"/><temps name="def"><temp name="T221"/></temps><temps name="in"><temp name="T25"/></temps><temps name="out"><temp name="T25"/></temps></instruction><instruction code="INCH  T221, 0"><temps name="use"/><temps name="def"><temp name="T221"/></temps><temps name="in"><temp name="T25"/></temps><temps name="out"><temp name="T221"/><temp name="T25"/></temps></instruction><instruction code="OR T26, T221, 0"><temps name="use"><temp name="T221"/></temps><temps name="def"><temp name="T26"/></temps><temps name="in"><temp name="T221"/><temp name="T25"/></temps><temps name="out"><temp name="T25"/></temps></instruction><instruction code="SETL  T222, 99"><temps name="use"/><temps name="def"><temp name="T222"/></temps><temps name="in"><temp name="T25"/></temps><temps name="out"><temp name="T25"/></temps></instruction><instruction code="INCML T222, 0"><temps name="use"/><temps name="def"><temp name="T222"/></temps><temps name="in"><temp name="T25"/></temps><temps name="out"><temp name="T25"/></temps></instruction><instruction code="INCMH T222, 0"><temps name="use"/><temps name="def"><temp name="T222"/></temps><temps name="in"><temp name="T25"/></temps><temps name="out"><temp name="T25"/></temps></instruction><instruction code="INCH  T222, 0"><temps name="use"/><temps name="def"><temp name="T222"/></temps><temps name="in"><temp name="T25"/></temps><temps name="out"><temp name="T222"/><temp name="T25"/></temps></instruction><instruction code="OR T27, T222, 0"><temps name="use"><temp name="T222"/></temps><temps name="def"><temp name="T27"/></temps><temps name="in"><temp name="T222"/><temp name="T25"/></temps><temps name="out"><temp name="T27"/><temp name="T25"/></temps></instruction><instruction code="OR T28, T27, 0"><temps name="use"><temp name="T27"/></temps><temps name="def"><temp name="T28"/></temps><temps name="in"><temp name="T27"/><temp name="T25"/></temps><temps name="out"><temp name="T25"/><temp name="T28"/></temps></instruction><instruction code="ADD T223, T25, T28"><temps name="use"><temp name="T25"/><temp name="T28"/></temps><temps name="def"><temp name="T223"/></temps><temps name="in"><temp name="T25"/><temp name="T28"/></temps><temps name="out"><temp name="T223"/></temps></instruction><instruction code="OR T29, T223, 0"><temps name="use"><temp name="T223"/></temps><temps name="def"><temp name="T29"/></temps><temps name="in"><temp name="T223"/></temps><temps name="out"><temp name="T29"/></temps></instruction><instruction code="SETL  T224, 256"><temps name="use"/><temps name="def"><temp name="T224"/></temps><temps name="in"><temp name="T29"/></temps><temps name="out"><temp name="T29"/></temps></instruction><instruction code="INCML T224, 0"><temps name="use"/><temps name="def"><temp name="T224"/></temps><temps name="in"><temp name="T29"/></temps><temps name="out"><temp name="T29"/></temps></instruction><instruction code="INCMH T224, 0"><temps name="use"/><temps name="def"><temp name="T224"/></temps><temps name="in"><temp name="T29"/></temps><temps name="out"><temp name="T29"/></temps></instruction><instruction code="INCH  T224, 0"><temps name="use"/><temps name="def"><temp name="T224"/></temps><temps name="in"><temp name="T29"/></temps><temps name="out"><temp name="T29"/><temp name="T224"/></temps></instruction><instruction code="OR T30, T224, 0"><temps name="use"><temp name="T224"/></temps><temps name="def"><temp name="T30"/></temps><temps name="in"><temp name="T29"/><temp name="T224"/></temps><temps name="out"><temp name="T29"/><temp name="T30"/></temps></instruction><instruction code="DIV T225, T29, T30"><temps name="use"><temp name="T29"/><temp name="T30"/></temps><temps name="def"><temp name="T225"/></temps><temps name="in"><temp name="T29"/><temp name="T30"/></temps><temps name="out"/></instruction><instruction code="OR T225, rR, 0"><temps name="use"/><temps name="def"><temp name="T225"/></temps><temps name="in"/><temps name="out"><temp name="T225"/></temps></instruction><instruction code="OR T1, T225, 0"><temps name="use"><temp name="T225"/></temps><temps name="def"><temp name="T1"/></temps><temps name="in"><temp name="T225"/></temps><temps name="out"/></instruction><instruction code="LDA T226, L18"><temps name="use"/><temps name="def"><temp name="T226"/></temps><temps name="in"/><temps name="out"><temp name="T226"/></temps></instruction><instruction code="GO T226, T226, 0"><temps name="use"><temp name="T226"/></temps><temps name="def"><temp name="T226"/></temps><temps name="in"><temp name="T226"/></temps><temps name="out"/></instruction></instructions></code><code entrylabel="L19" exitlabel="L20" tempsize="0"><frame FP="T2" RV="T3" argssize="0" depth="1" label="_g" locssize="0" size="16"/><instructions><instruction code="L19"><temps name="use"/><temps name="def"/><temps name="in"/><temps name="out"/></instruction><instruction code="SETL  T227, 1"><temps name="use"/><temps name="def"><temp name="T227"/></temps><temps name="in"/><temps name="out"/></instruction><instruction code="INCML T227, 0"><temps name="use"/><temps name="def"><temp name="T227"/></temps><temps name="in"/><temps name="out"/></instruction><instruction code="INCMH T227, 0"><temps name="use"/><temps name="def"><temp name="T227"/></temps><temps name="in"/><temps name="out"/></instruction><instruction code="INCH  T227, 0"><temps name="use"/><temps name="def"><temp name="T227"/></temps><temps name="in"/><temps name="out"><temp name="T227"/></temps></instruction><instruction code="OR T31, T227, 0"><temps name="use"><temp name="T227"/></temps><temps name="def"><temp name="T31"/></temps><temps name="in"><temp name="T227"/></temps><temps name="out"/></instruction><instruction code="SETL  T228, 0"><temps name="use"/><temps name="def"><temp name="T228"/></temps><temps name="in"/><temps name="out"/></instruction><instruction code="INCML T228, 0"><temps name="use"/><temps name="def"><temp name="T228"/></temps><temps name="in"/><temps name="out"/></instruction><instruction code="INCMH T228, 0"><temps name="use"/><temps name="def"><temp name="T228"/></temps><temps name="in"/><temps name="out"/></instruction><instruction code="INCH  T228, 0"><temps name="use"/><temps name="def"><temp name="T228"/></temps><temps name="in"/><temps name="out"><temp name="T228"/></temps></instruction><instruction code="OR T32, T228, 0"><temps name="use"><temp name="T228"/></temps><temps name="def"><temp name="T32"/></temps><temps name="in"><temp name="T228"/></temps><temps name="out"><temp name="T32"/></temps></instruction><instruction code="OR T3, T32, 0"><temps name="use"><temp name="T32"/></temps><temps name="def"><temp name="T3"/></temps><temps name="in"><temp name="T32"/></temps><temps name="out"/></instruction><instruction code="LDA T229, L20"><temps name="use"/><temps name="def"><temp name="T229"/></temps><temps name="in"/><temps name="out"><temp name="T229"/></temps></instruction><instruction code="GO T229, T229, 0"><temps name="use"><temp name="T229"/></temps><temps name="def"><temp name="T229"/></temps><temps name="in"><temp name="T229"/></temps><temps name="out"/></instruction></instructions></code><code entrylabel="L21" exitlabel="L22" tempsize="0"><frame FP="T6" RV="T7" argssize="0" depth="1" label="_main" locssize="0" size="16"/><instructions><instruction code="L21"><temps name="use"/><temps name="def"/><temps name="in"/><temps name="out"/></instruction><instruction code="SETL  T230, 1"><temps name="use"/><temps name="def"><temp name="T230"/></temps><temps name="in"/><temps name="out"/></instruction><instruction code="INCML T230, 0"><temps name="use"/><temps name="def"><temp name="T230"/></temps><temps name="in"/><temps name="out"/></instruction><instruction code="INCMH T230, 0"><temps name="use"/><temps name="def"><temp name="T230"/></temps><temps name="in"/><temps name="out"/></instruction><instruction code="INCH  T230, 0"><temps name="use"/><temps name="def"><temp name="T230"/></temps><temps name="in"/><temps name="out"><temp name="T230"/></temps></instruction><instruction code="OR T33, T230, 0"><temps name="use"><temp name="T230"/></temps><temps name="def"><temp name="T33"/></temps><temps name="in"><temp name="T230"/></temps><temps name="out"/></instruction><instruction code="SETL  T231, 0"><temps name="use"/><temps name="def"><temp name="T231"/></temps><temps name="in"/><temps name="out"/></instruction><instruction code="INCML T231, 0"><temps name="use"/><temps name="def"><temp name="T231"/></temps><temps name="in"/><temps name="out"/></instruction><instruction code="INCMH T231, 0"><temps name="use"/><temps name="def"><temp name="T231"/></temps><temps name="in"/><temps name="out"/></instruction><instruction code="INCH  T231, 0"><temps name="use"/><temps name="def"><temp name="T231"/></temps><temps name="in"/><temps name="out"><temp name="T231"/></temps></instruction><instruction code="OR T34, T231, 0"><temps name="use"><temp name="T231"/></temps><temps name="def"><temp name="T34"/></temps><temps name="in"><temp name="T231"/></temps><temps name="out"><temp name="T34"/></temps></instruction><instruction code="OR T7, T34, 0"><temps name="use"><temp name="T34"/></temps><temps name="def"><temp name="T7"/></temps><temps name="in"><temp name="T34"/></temps><temps name="out"/></instruction><instruction code="LDA T232, L22"><temps name="use"/><temps name="def"><temp name="T232"/></temps><temps name="in"/><temps name="out"><temp name="T232"/></temps></instruction><instruction code="GO T232, T232, 0"><temps name="use"><temp name="T232"/></temps><temps name="def"><temp name="T232"/></temps><temps name="in"><temp name="T232"/></temps><temps name="out"/></instruction></instructions></code><code entrylabel="L23" exitlabel="L24" tempsize="0"><frame FP="T14" RV="T15" argssize="0" depth="3" label="L1" locssize="80" size="96"/><instructions><instruction code="L23"><temps name="use"/><temps name="def"/><temps name="in"><temp name="T236"/><temp name="T250"/><temp name="T258"/><temp name="T14"/><temp name="T240"/><temp name="T234"/></temps><temps name="out"><temp name="T236"/><temp name="T250"/><temp name="T258"/><temp name="T14"/><temp name="T240"/><temp name="T234"/></temps></instruction><instruction code="SETL  T233, 1"><temps name="use"/><temps name="def"><temp name="T233"/></temps><temps name="in"><temp name="T236"/><temp name="T250"/><temp name="T258"/><temp name="T14"/><temp name="T240"/><temp name="T234"/></temps><temps name="out"><temp name="T236"/><temp name="T250"/><temp name="T258"/><temp name="T14"/><temp name="T240"/><temp name="T234"/></temps></instruction><instruction code="INCML T233, 0"><temps name="use"/><temps name="def"><temp name="T233"/></temps><temps name="in"><temp name="T236"/><temp name="T250"/><temp name="T258"/><temp name="T14"/><temp name="T240"/><temp name="T234"/></temps><temps name="out"><temp name="T236"/><temp name="T250"/><temp name="T258"/><temp name="T14"/><temp name="T240"/><temp name="T234"/></temps></instruction><instruction code="INCMH T233, 0"><temps name="use"/><temps name="def"><temp name="T233"/></temps><temps name="in"><temp name="T236"/><temp name="T250"/><temp name="T258"/><temp name="T14"/><temp name="T240"/><temp name="T234"/></temps><temps name="out"><temp name="T236"/><temp name="T250"/><temp name="T258"/><temp name="T14"/><temp name="T240"/><temp name="T234"/></temps></instruction><instruction code="INCH  T233, 0"><temps name="use"/><temps name="def"><temp name="T233"/></temps><temps name="in"><temp name="T236"/><temp name="T250"/><temp name="T258"/><temp name="T14"/><temp name="T240"/><temp name="T234"/></temps><temps name="out"><temp name="T236"/><temp name="T250"/><temp name="T258"/><temp name="T14"/><temp name="T240"/><temp name="T234"/><temp name="T233"/></temps></instruction><instruction code="OR T35, T233, 0"><temps name="use"><temp name="T233"/></temps><temps name="def"><temp name="T35"/></temps><temps name="in"><temp name="T236"/><temp name="T250"/><temp name="T258"/><temp name="T14"/><temp name="T240"/><temp name="T234"/><temp name="T233"/></temps><temps name="out"><temp name="T236"/><temp name="T250"/><temp name="T258"/><temp name="T14"/><temp name="T240"/><temp name="T234"/></temps></instruction><instruction code="OR T36, T14, 0"><temps name="use"><temp name="T14"/></temps><temps name="def"><temp name="T36"/></temps><temps name="in"><temp name="T236"/><temp name="T250"/><temp name="T258"/><temp name="T14"/><temp name="T240"/><temp name="T234"/></temps><temps name="out"><temp name="T236"/><temp name="T250"/><temp name="T258"/><temp name="T14"/><temp name="T240"/><temp name="T234"/></temps></instruction><instruction code="LDO T235, T234, 0"><temps name="use"><temp name="T234"/></temps><temps name="def"><temp name="T235"/></temps><temps name="in"><temp name="T236"/><temp name="T250"/><temp name="T258"/><temp name="T14"/><temp name="T240"/><temp name="T234"/></temps><temps name="out"><temp name="T235"/><temp name="T236"/><temp name="T250"/><temp name="T258"/><temp name="T14"/><temp name="T240"/></temps></instruction><instruction code="OR T37, T235, 0"><temps name="use"><temp name="T235"/></temps><temps name="def"><temp name="T37"/></temps><temps name="in"><temp name="T235"/><temp name="T236"/><temp name="T250"/><temp name="T258"/><temp name="T14"/><temp name="T240"/></temps><temps name="out"><temp name="T236"/><temp name="T250"/><temp name="T258"/><temp name="T14"/><temp name="T240"/></temps></instruction><instruction code="LDO T237, T236, 0"><temps name="use"><temp name="T236"/></temps><temps name="def"><temp name="T237"/></temps><temps name="in"><temp name="T236"/><temp name="T250"/><temp name="T258"/><temp name="T14"/><temp name="T240"/></temps><temps name="out"><temp name="T237"/><temp name="T250"/><temp name="T258"/><temp name="T14"/><temp name="T240"/></temps></instruction><instruction code="OR T38, T237, 0"><temps name="use"><temp name="T237"/></temps><temps name="def"><temp name="T38"/></temps><temps name="in"><temp name="T237"/><temp name="T250"/><temp name="T258"/><temp name="T14"/><temp name="T240"/></temps><temps name="out"><temp name="T250"/><temp name="T258"/><temp name="T14"/><temp name="T38"/><temp name="T240"/></temps></instruction><instruction code="SETL  T238, 16"><temps name="use"/><temps name="def"><temp name="T238"/></temps><temps name="in"><temp name="T250"/><temp name="T258"/><temp name="T14"/><temp name="T38"/><temp name="T240"/></temps><temps name="out"><temp name="T250"/><temp name="T258"/><temp name="T14"/><temp name="T38"/><temp name="T240"/></temps></instruction><instruction code="INCML T238, 0"><temps name="use"/><temps name="def"><temp name="T238"/></temps><temps name="in"><temp name="T250"/><temp name="T258"/><temp name="T14"/><temp name="T38"/><temp name="T240"/></temps><temps name="out"><temp name="T250"/><temp name="T258"/><temp name="T14"/><temp name="T38"/><temp name="T240"/></temps></instruction><instruction code="INCMH T238, 0"><temps name="use"/><temps name="def"><temp name="T238"/></temps><temps name="in"><temp name="T250"/><temp name="T258"/><temp name="T14"/><temp name="T38"/><temp name="T240"/></temps><temps name="out"><temp name="T250"/><temp name="T258"/><temp name="T14"/><temp name="T38"/><temp name="T240"/></temps></instruction><instruction code="INCH  T238, 0"><temps name="use"/><temps name="def"><temp name="T238"/></temps><temps name="in"><temp name="T250"/><temp name="T258"/><temp name="T14"/><temp name="T38"/><temp name="T240"/></temps><temps name="out"><temp name="T250"/><temp name="T258"/><temp name="T14"/><temp name="T238"/><temp name="T38"/><temp name="T240"/></temps></instruction><instruction code="NEG T238, 0, T238"><temps name="use"><temp name="T238"/></temps><temps name="def"><temp name="T238"/></temps><temps name="in"><temp name="T250"/><temp name="T258"/><temp name="T14"/><temp name="T238"/><temp name="T38"/><temp name="T240"/></temps><temps name="out"><temp name="T250"/><temp name="T258"/><temp name="T14"/><temp name="T238"/><temp name="T38"/><temp name="T240"/></temps></instruction><instruction code="OR T39, T238, 0"><temps name="use"><temp name="T238"/></temps><temps name="def"><temp name="T39"/></temps><temps name="in"><temp name="T250"/><temp name="T258"/><temp name="T14"/><temp name="T238"/><temp name="T38"/><temp name="T240"/></temps><temps name="out"><temp name="T250"/><temp name="T258"/><temp name="T14"/><temp name="T38"/><temp name="T39"/><temp name="T240"/></temps></instruction><instruction code="ADD T239, T38, T39"><temps name="use"><temp name="T38"/><temp name="T39"/></temps><temps name="def"><temp name="T239"/></temps><temps name="in"><temp name="T250"/><temp name="T258"/><temp name="T14"/><temp name="T38"/><temp name="T39"/><temp name="T240"/></temps><temps name="out"><temp name="T250"/><temp name="T258"/><temp name="T239"/><temp name="T14"/><temp name="T240"/></temps></instruction><instruction code="OR T40, T239, 0"><temps name="use"><temp name="T239"/></temps><temps name="def"><temp name="T40"/></temps><temps name="in"><temp name="T250"/><temp name="T258"/><temp name="T239"/><temp name="T14"/><temp name="T240"/></temps><temps name="out"><temp name="T250"/><temp name="T258"/><temp name="T14"/><temp name="T240"/></temps></instruction><instruction code="LDO T241, T240, 0"><temps name="use"><temp name="T240"/></temps><temps name="def"><temp name="T241"/></temps><temps name="in"><temp name="T250"/><temp name="T258"/><temp name="T14"/><temp name="T240"/></temps><temps name="out"><temp name="T250"/><temp name="T258"/><temp name="T14"/><temp name="T241"/></temps></instruction><instruction code="OR T41, T241, 0"><temps name="use"><temp name="T241"/></temps><temps name="def"><temp name="T41"/></temps><temps name="in"><temp name="T250"/><temp name="T258"/><temp name="T14"/><temp name="T241"/></temps><temps name="out"><temp name="T41"/><temp name="T250"/><temp name="T258"/><temp name="T14"/></temps></instruction><instruction code="SETL  T242, 1"><temps name="use"/><temps name="def"><temp name="T242"/></temps><temps name="in"><temp name="T41"/><temp name="T250"/><temp name="T258"/><temp name="T14"/></temps><temps name="out"><temp name="T41"/><temp name="T250"/><temp name="T258"/><temp name="T14"/></temps></instruction><instruction code="INCML T242, 0"><temps name="use"/><temps name="def"><temp name="T242"/></temps><temps name="in"><temp name="T41"/><temp name="T250"/><temp name="T258"/><temp name="T14"/></temps><temps name="out"><temp name="T41"/><temp name="T250"/><temp name="T258"/><temp name="T14"/></temps></instruction><instruction code="INCMH T242, 0"><temps name="use"/><temps name="def"><temp name="T242"/></temps><temps name="in"><temp name="T41"/><temp name="T250"/><temp name="T258"/><temp name="T14"/></temps><temps name="out"><temp name="T41"/><temp name="T250"/><temp name="T258"/><temp name="T14"/></temps></instruction><instruction code="INCH  T242, 0"><temps name="use"/><temps name="def"><temp name="T242"/></temps><temps name="in"><temp name="T41"/><temp name="T250"/><temp name="T258"/><temp name="T14"/></temps><temps name="out"><temp name="T41"/><temp name="T242"/><temp name="T250"/><temp name="T258"/><temp name="T14"/></temps></instruction><instruction code="OR T42, T242, 0"><temps name="use"><temp name="T242"/></temps><temps name="def"><temp name="T42"/></temps><temps name="in"><temp name="T41"/><temp name="T242"/><temp name="T250"/><temp name="T258"/><temp name="T14"/></temps><temps name="out"><temp name="T41"/><temp name="T42"/><temp name="T250"/><temp name="T258"/><temp name="T14"/></temps></instruction><instruction code="ADD T243, T41, T42"><temps name="use"><temp name="T41"/><temp name="T42"/></temps><temps name="def"><temp name="T243"/></temps><temps name="in"><temp name="T41"/><temp name="T42"/><temp name="T250"/><temp name="T258"/><temp name="T14"/></temps><temps name="out"><temp name="T250"/><temp name="T258"/><temp name="T243"/><temp name="T14"/></temps></instruction><instruction code="OR T43, T243, 0"><temps name="use"><temp name="T243"/></temps><temps name="def"><temp name="T43"/></temps><temps name="in"><temp name="T250"/><temp name="T258"/><temp name="T243"/><temp name="T14"/></temps><temps name="out"><temp name="T250"/><temp name="T258"/><temp name="T14"/><temp name="T43"/></temps></instruction><instruction code="LDO T251, T250, 0"><temps name="use"><temp name="T250"/></temps><temps name="def"><temp name="T251"/></temps><temps name="in"><temp name="T250"/><temp name="T258"/><temp name="T14"/><temp name="T43"/></temps><temps name="out"><temp name="T251"/><temp name="T258"/><temp name="T14"/><temp name="T43"/></temps></instruction><instruction code="STO T251, T43, 0"><temps name="use"><temp name="T251"/><temp name="T43"/></temps><temps name="def"/><temps name="in"><temp name="T251"/><temp name="T258"/><temp name="T14"/><temp name="T43"/></temps><temps name="out"><temp name="T258"/><temp name="T14"/></temps></instruction><instruction code="OR T44, T14, 0"><temps name="use"><temp name="T14"/></temps><temps name="def"><temp name="T44"/></temps><temps name="in"><temp name="T258"/><temp name="T14"/></temps><temps name="out"><temp name="T258"/><temp name="T44"/></temps></instruction><instruction code="SETL  T252, 80"><temps name="use"/><temps name="def"><temp name="T252"/></temps><temps name="in"><temp name="T258"/><temp name="T44"/></temps><temps name="out"><temp name="T258"/><temp name="T44"/></temps></instruction><instruction code="INCML T252, 0"><temps name="use"/><temps name="def"><temp name="T252"/></temps><temps name="in"><temp name="T258"/><temp name="T44"/></temps><temps name="out"><temp name="T258"/><temp name="T44"/></temps></instruction><instruction code="INCMH T252, 0"><temps name="use"/><temps name="def"><temp name="T252"/></temps><temps name="in"><temp name="T258"/><temp name="T44"/></temps><temps name="out"><temp name="T258"/><temp name="T44"/></temps></instruction><instruction code="INCH  T252, 0"><temps name="use"/><temps name="def"><temp name="T252"/></temps><temps name="in"><temp name="T258"/><temp name="T44"/></temps><temps name="out"><temp name="T252"/><temp name="T258"/><temp name="T44"/></temps></instruction><instruction code="NEG T252, 0, T252"><temps name="use"><temp name="T252"/></temps><temps name="def"><temp name="T252"/></temps><temps name="in"><temp name="T252"/><temp name="T258"/><temp name="T44"/></temps><temps name="out"><temp name="T252"/><temp name="T258"/><temp name="T44"/></temps></instruction><instruction code="OR T45, T252, 0"><temps name="use"><temp name="T252"/></temps><temps name="def"><temp name="T45"/></temps><temps name="in"><temp name="T252"/><temp name="T258"/><temp name="T44"/></temps><temps name="out"><temp name="T258"/><temp name="T45"/><temp name="T44"/></temps></instruction><instruction code="ADD T253, T44, T45"><temps name="use"><temp name="T44"/><temp name="T45"/></temps><temps name="def"><temp name="T253"/></temps><temps name="in"><temp name="T258"/><temp name="T45"/><temp name="T44"/></temps><temps name="out"><temp name="T258"/><temp name="T253"/></temps></instruction><instruction code="OR T46, T253, 0"><temps name="use"><temp name="T253"/></temps><temps name="def"><temp name="T46"/></temps><temps name="in"><temp name="T258"/><temp name="T253"/></temps><temps name="out"><temp name="T258"/><temp name="T46"/></temps></instruction><instruction code="SETL  T254, 17"><temps name="use"/><temps name="def"><temp name="T254"/></temps><temps name="in"><temp name="T258"/><temp name="T46"/></temps><temps name="out"><temp name="T258"/><temp name="T46"/></temps></instruction><instruction code="INCML T254, 0"><temps name="use"/><temps name="def"><temp name="T254"/></temps><temps name="in"><temp name="T258"/><temp name="T46"/></temps><temps name="out"><temp name="T258"/><temp name="T46"/></temps></instruction><instruction code="INCMH T254, 0"><temps name="use"/><temps name="def"><temp name="T254"/></temps><temps name="in"><temp name="T258"/><temp name="T46"/></temps><temps name="out"><temp name="T258"/><temp name="T46"/></temps></instruction><instruction code="INCH  T254, 0"><temps name="use"/><temps name="def"><temp name="T254"/></temps><temps name="in"><temp name="T258"/><temp name="T46"/></temps><temps name="out"><temp name="T258"/><temp name="T46"/><temp name="T254"/></temps></instruction><instruction code="OR T47, T254, 0"><temps name="use"><temp name="T254"/></temps><temps name="def"><temp name="T47"/></temps><temps name="in"><temp name="T258"/><temp name="T46"/><temp name="T254"/></temps><temps name="out"><temp name="T47"/><temp name="T258"/><temp name="T46"/></temps></instruction><instruction code="SETL  T255, 8"><temps name="use"/><temps name="def"><temp name="T255"/></temps><temps name="in"><temp name="T47"/><temp name="T258"/><temp name="T46"/></temps><temps name="out"><temp name="T47"/><temp name="T258"/><temp name="T46"/></temps></instruction><instruction code="INCML T255, 0"><temps name="use"/><temps name="def"><temp name="T255"/></temps><temps name="in"><temp name="T47"/><temp name="T258"/><temp name="T46"/></temps><temps name="out"><temp name="T47"/><temp name="T258"/><temp name="T46"/></temps></instruction><instruction code="INCMH T255, 0"><temps name="use"/><temps name="def"><temp name="T255"/></temps><temps name="in"><temp name="T47"/><temp name="T258"/><temp name="T46"/></temps><temps name="out"><temp name="T47"/><temp name="T258"/><temp name="T46"/></temps></instruction><instruction code="INCH  T255, 0"><temps name="use"/><temps name="def"><temp name="T255"/></temps><temps name="in"><temp name="T47"/><temp name="T258"/><temp name="T46"/></temps><temps name="out"><temp name="T47"/><temp name="T258"/><temp name="T46"/><temp name="T255"/></temps></instruction><instruction code="OR T48, T255, 0"><temps name="use"><temp name="T255"/></temps><temps name="def"><temp name="T48"/></temps><temps name="in"><temp name="T47"/><temp name="T258"/><temp name="T46"/><temp name="T255"/></temps><temps name="out"><temp name="T47"/><temp name="T258"/><temp name="T46"/><temp name="T48"/></temps></instruction><instruction code="MUL T256, T47, T48"><temps name="use"><temp name="T47"/><temp name="T48"/></temps><temps name="def"><temp name="T256"/></temps><temps name="in"><temp name="T47"/><temp name="T258"/><temp name="T46"/><temp name="T48"/></temps><temps name="out"><temp name="T256"/><temp name="T258"/><temp name="T46"/></temps></instruction><instruction code="OR T49, T256, 0"><temps name="use"><temp name="T256"/></temps><temps name="def"><temp name="T49"/></temps><temps name="in"><temp name="T256"/><temp name="T258"/><temp name="T46"/></temps><temps name="out"><temp name="T258"/><temp name="T46"/><temp name="T49"/></temps></instruction><instruction code="ADD T257, T46, T49"><temps name="use"><temp name="T46"/><temp name="T49"/></temps><temps name="def"><temp name="T257"/></temps><temps name="in"><temp name="T258"/><temp name="T46"/><temp name="T49"/></temps><temps name="out"><temp name="T257"/><temp name="T258"/></temps></instruction><instruction code="OR T50, T257, 0"><temps name="use"><temp name="T257"/></temps><temps name="def"><temp name="T50"/></temps><temps name="in"><temp name="T257"/><temp name="T258"/></temps><temps name="out"><temp name="T258"/></temps></instruction><instruction code="LDO T259, T258, 0"><temps name="use"><temp name="T258"/></temps><temps name="def"><temp name="T259"/></temps><temps name="in"><temp name="T258"/></temps><temps name="out"><temp name="T259"/></temps></instruction><instruction code="OR T51, T259, 0"><temps name="use"><temp name="T259"/></temps><temps name="def"><temp name="T51"/></temps><temps name="in"><temp name="T259"/></temps><temps name="out"><temp name="T51"/></temps></instruction><instruction code="OR T15, T51, 0"><temps name="use"><temp name="T51"/></temps><temps name="def"><temp name="T15"/></temps><temps name="in"><temp name="T51"/></temps><temps name="out"/></instruction><instruction code="LDA T260, L24"><temps name="use"/><temps name="def"><temp name="T260"/></temps><temps name="in"/><temps name="out"><temp name="T260"/></temps></instruction><instruction code="GO T260, T260, 0"><temps name="use"><temp name="T260"/></temps><temps name="def"><temp name="T260"/></temps><temps name="in"><temp name="T260"/></temps><temps name="out"/></instruction></instructions></code><code entrylabel="L25" exitlabel="L26" tempsize="0"><frame FP="T16" RV="T17" argssize="0" depth="3" label="L2" locssize="0" size="16"/><instructions><instruction code="L25"><temps name="use"/><temps name="def"/><temps name="in"/><temps name="out"/></instruction><instruction code="SETL  T261, 1"><temps name="use"/><temps name="def"><temp name="T261"/></temps><temps name="in"/><temps name="out"/></instruction><instruction code="INCML T261, 0"><temps name="use"/><temps name="def"><temp name="T261"/></temps><temps name="in"/><temps name="out"/></instruction><instruction code="INCMH T261, 0"><temps name="use"/><temps name="def"><temp name="T261"/></temps><temps name="in"/><temps name="out"/></instruction><instruction code="INCH  T261, 0"><temps name="use"/><temps name="def"><temp name="T261"/></temps><temps name="in"/><temps name="out"><temp name="T261"/></temps></instruction><instruction code="OR T17, T261, 0"><temps name="use"><temp name="T261"/></temps><temps name="def"><temp name="T17"/></temps><temps name="in"><temp name="T261"/></temps><temps name="out"/></instruction><instruction code="LDA T262, L26"><temps name="use"/><temps name="def"><temp name="T262"/></temps><temps name="in"/><temps name="out"><temp name="T262"/></temps></instruction><instruction code="GO T262, T262, 0"><temps name="use"><temp name="T262"/></temps><temps name="def"><temp name="T262"/></temps><temps name="in"><temp name="T262"/></temps><temps name="out"/></instruction></instructions></code><code entrylabel="L27" exitlabel="L28" tempsize="0"><frame FP="T12" RV="T13" argssize="32" depth="2" label="L0" locssize="16" size="64"/><instructions><instruction code="L27"><temps name="use"/><temps name="def"/><temps name="in"><temp name="T268"/><temp name="T12"/><temp name="T275"/><temp name="T272"/></temps><temps name="out"><temp name="T268"/><temp name="T12"/><temp name="T275"/><temp name="T272"/></temps></instruction><instruction code="SETL  T263, 0"><temps name="use"/><temps name="def"><temp name="T263"/></temps><temps name="in"><temp name="T268"/><temp name="T12"/><temp name="T275"/><temp name="T272"/></temps><temps name="out"><temp name="T268"/><temp name="T12"/><temp name="T275"/><temp name="T272"/></temps></instruction><instruction code="INCML T263, 0"><temps name="use"/><temps name="def"><temp name="T263"/></temps><temps name="in"><temp name="T268"/><temp name="T12"/><temp name="T275"/><temp name="T272"/></temps><temps name="out"><temp name="T268"/><temp name="T12"/><temp name="T275"/><temp name="T272"/></temps></instruction><instruction code="INCMH T263, 0"><temps name="use"/><temps name="def"><temp name="T263"/></temps><temps name="in"><temp name="T268"/><temp name="T12"/><temp name="T275"/><temp name="T272"/></temps><temps name="out"><temp name="T268"/><temp name="T12"/><temp name="T275"/><temp name="T272"/></temps></instruction><instruction code="INCH  T263, 0"><temps name="use"/><temps name="def"><temp name="T263"/></temps><temps name="in"><temp name="T268"/><temp name="T12"/><temp name="T275"/><temp name="T272"/></temps><temps name="out"><temp name="T268"/><temp name="T12"/><temp name="T275"/><temp name="T263"/><temp name="T272"/></temps></instruction><instruction code="OR T52, T263, 0"><temps name="use"><temp name="T263"/></temps><temps name="def"><temp name="T52"/></temps><temps name="in"><temp name="T268"/><temp name="T12"/><temp name="T275"/><temp name="T263"/><temp name="T272"/></temps><temps name="out"><temp name="T268"/><temp name="T12"/><temp name="T275"/><temp name="T272"/><temp name="T52"/></temps></instruction><instruction code="SETL  T264, 1"><temps name="use"/><temps name="def"><temp name="T264"/></temps><temps name="in"><temp name="T268"/><temp name="T12"/><temp name="T275"/><temp name="T272"/><temp name="T52"/></temps><temps name="out"><temp name="T268"/><temp name="T12"/><temp name="T275"/><temp name="T272"/><temp name="T52"/></temps></instruction><instruction code="INCML T264, 0"><temps name="use"/><temps name="def"><temp name="T264"/></temps><temps name="in"><temp name="T268"/><temp name="T12"/><temp name="T275"/><temp name="T272"/><temp name="T52"/></temps><temps name="out"><temp name="T268"/><temp name="T12"/><temp name="T275"/><temp name="T272"/><temp name="T52"/></temps></instruction><instruction code="INCMH T264, 0"><temps name="use"/><temps name="def"><temp name="T264"/></temps><temps name="in"><temp name="T268"/><temp name="T12"/><temp name="T275"/><temp name="T272"/><temp name="T52"/></temps><temps name="out"><temp name="T268"/><temp name="T12"/><temp name="T275"/><temp name="T272"/><temp name="T52"/></temps></instruction><instruction code="INCH  T264, 0"><temps name="use"/><temps name="def"><temp name="T264"/></temps><temps name="in"><temp name="T268"/><temp name="T12"/><temp name="T275"/><temp name="T272"/><temp name="T52"/></temps><temps name="out"><temp name="T268"/><temp name="T12"/><temp name="T275"/><temp name="T272"/><temp name="T52"/><temp name="T264"/></temps></instruction><instruction code="OR T53, T264, 0"><temps name="use"><temp name="T264"/></temps><temps name="def"><temp name="T53"/></temps><temps name="in"><temp name="T268"/><temp name="T12"/><temp name="T275"/><temp name="T272"/><temp name="T52"/><temp name="T264"/></temps><temps name="out"><temp name="T268"/><temp name="T12"/><temp name="T275"/><temp name="T53"/><temp name="T272"/><temp name="T52"/></temps></instruction><instruction code="LDA T265, _global"><temps name="use"/><temps name="def"><temp name="T265"/></temps><temps name="in"><temp name="T268"/><temp name="T12"/><temp name="T275"/><temp name="T53"/><temp name="T272"/><temp name="T52"/></temps><temps name="out"><temp name="T268"/><temp name="T12"/><temp name="T275"/><temp name="T265"/><temp name="T53"/><temp name="T272"/><temp name="T52"/></temps></instruction><instruction code="OR T54, T265, 0"><temps name="use"><temp name="T265"/></temps><temps name="def"><temp name="T54"/></temps><temps name="in"><temp name="T268"/><temp name="T12"/><temp name="T275"/><temp name="T265"/><temp name="T53"/><temp name="T272"/><temp name="T52"/></temps><temps name="out"><temp name="T268"/><temp name="T12"/><temp name="T275"/><temp name="T54"/><temp name="T53"/><temp name="T272"/><temp name="T52"/></temps></instruction><instruction code="SETL  T266, 8"><temps name="use"/><temps name="def"><temp name="T266"/></temps><temps name="in"><temp name="T268"/><temp name="T12"/><temp name="T275"/><temp name="T54"/><temp name="T53"/><temp name="T272"/><temp name="T52"/></temps><temps name="out"><temp name="T268"/><temp name="T12"/><temp name="T275"/><temp name="T54"/><temp name="T53"/><temp name="T272"/><temp name="T52"/></temps></instruction><instruction code="INCML T266, 0"><temps name="use"/><temps name="def"><temp name="T266"/></temps><temps name="in"><temp name="T268"/><temp name="T12"/><temp name="T275"/><temp name="T54"/><temp name="T53"/><temp name="T272"/><temp name="T52"/></temps><temps name="out"><temp name="T268"/><temp name="T12"/><temp name="T275"/><temp name="T54"/><temp name="T53"/><temp name="T272"/><temp name="T52"/></temps></instruction><instruction code="INCMH T266, 0"><temps name="use"/><temps name="def"><temp name="T266"/></temps><temps name="in"><temp name="T268"/><temp name="T12"/><temp name="T275"/><temp name="T54"/><temp name="T53"/><temp name="T272"/><temp name="T52"/></temps><temps name="out"><temp name="T268"/><temp name="T12"/><temp name="T275"/><temp name="T54"/><temp name="T53"/><temp name="T272"/><temp name="T52"/></temps></instruction><instruction code="INCH  T266, 0"><temps name="use"/><temps name="def"><temp name="T266"/></temps><temps name="in"><temp name="T268"/><temp name="T12"/><temp name="T275"/><temp name="T54"/><temp name="T53"/><temp name="T272"/><temp name="T52"/></temps><temps name="out"><temp name="T268"/><temp name="T266"/><temp name="T12"/><temp name="T275"/><temp name="T54"/><temp name="T53"/><temp name="T272"/><temp name="T52"/></temps></instruction><instruction code="OR T55, T266, 0"><temps name="use"><temp name="T266"/></temps><temps name="def"><temp name="T55"/></temps><temps name="in"><temp name="T268"/><temp name="T266"/><temp name="T12"/><temp name="T275"/><temp name="T54"/><temp name="T53"/><temp name="T272"/><temp name="T52"/></temps><temps name="out"><temp name="T55"/><temp name="T268"/><temp name="T12"/><temp name="T275"/><temp name="T54"/><temp name="T53"/><temp name="T272"/><temp name="T52"/></temps></instruction><instruction code="ADD T267, T54, T55"><temps name="use"><temp name="T54"/><temp name="T55"/></temps><temps name="def"><temp name="T267"/></temps><temps name="in"><temp name="T55"/><temp name="T268"/><temp name="T12"/><temp name="T275"/><temp name="T54"/><temp name="T53"/><temp name="T272"/><temp name="T52"/></temps><temps name="out"><temp name="T267"/><temp name="T268"/><temp name="T12"/><temp name="T275"/><temp name="T53"/><temp name="T272"/><temp name="T52"/></temps></instruction><instruction code="OR T56, T267, 0"><temps name="use"><temp name="T267"/></temps><temps name="def"><temp name="T56"/></temps><temps name="in"><temp name="T267"/><temp name="T268"/><temp name="T12"/><temp name="T275"/><temp name="T53"/><temp name="T272"/><temp name="T52"/></temps><temps name="out"><temp name="T268"/><temp name="T12"/><temp name="T275"/><temp name="T53"/><temp name="T272"/><temp name="T52"/></temps></instruction><instruction code="LDO T269, T268, 0"><temps name="use"><temp name="T268"/></temps><temps name="def"><temp name="T269"/></temps><temps name="in"><temp name="T268"/><temp name="T12"/><temp name="T275"/><temp name="T53"/><temp name="T272"/><temp name="T52"/></temps><temps name="out"><temp name="T12"/><temp name="T275"/><temp name="T269"/><temp name="T53"/><temp name="T272"/><temp name="T52"/></temps></instruction><instruction code="OR T57, T269, 0"><temps name="use"><temp name="T269"/></temps><temps name="def"><temp name="T57"/></temps><temps name="in"><temp name="T12"/><temp name="T275"/><temp name="T269"/><temp name="T53"/><temp name="T272"/><temp name="T52"/></temps><temps name="out"><temp name="T12"/><temp name="T275"/><temp name="T53"/><temp name="T272"/><temp name="T57"/><temp name="T52"/></temps></instruction><instruction code="SETL  T270, 1"><temps name="use"/><temps name="def"><temp name="T270"/></temps><temps name="in"><temp name="T12"/><temp name="T275"/><temp name="T53"/><temp name="T272"/><temp name="T57"/><temp name="T52"/></temps><temps name="out"><temp name="T12"/><temp name="T275"/><temp name="T53"/><temp name="T272"/><temp name="T57"/><temp name="T52"/></temps></instruction><instruction code="INCML T270, 0"><temps name="use"/><temps name="def"><temp name="T270"/></temps><temps name="in"><temp name="T12"/><temp name="T275"/><temp name="T53"/><temp name="T272"/><temp name="T57"/><temp name="T52"/></temps><temps name="out"><temp name="T12"/><temp name="T275"/><temp name="T53"/><temp name="T272"/><temp name="T57"/><temp name="T52"/></temps></instruction><instruction code="INCMH T270, 0"><temps name="use"/><temps name="def"><temp name="T270"/></temps><temps name="in"><temp name="T12"/><temp name="T275"/><temp name="T53"/><temp name="T272"/><temp name="T57"/><temp name="T52"/></temps><temps name="out"><temp name="T12"/><temp name="T275"/><temp name="T53"/><temp name="T272"/><temp name="T57"/><temp name="T52"/></temps></instruction><instruction code="INCH  T270, 0"><temps name="use"/><temps name="def"><temp name="T270"/></temps><temps name="in"><temp name="T12"/><temp name="T275"/><temp name="T53"/><temp name="T272"/><temp name="T57"/><temp name="T52"/></temps><temps name="out"><temp name="T12"/><temp name="T275"/><temp name="T270"/><temp name="T53"/><temp name="T272"/><temp name="T57"/><temp name="T52"/></temps></instruction><instruction code="OR T58, T270, 0"><temps name="use"><temp name="T270"/></temps><temps name="def"><temp name="T58"/></temps><temps name="in"><temp name="T12"/><temp name="T275"/><temp name="T270"/><temp name="T53"/><temp name="T272"/><temp name="T57"/><temp name="T52"/></temps><temps name="out"><temp name="T58"/><temp name="T12"/><temp name="T275"/><temp name="T53"/><temp name="T272"/><temp name="T57"/><temp name="T52"/></temps></instruction><instruction code="STO T52, $254, 8"><temps name="use"><temp name="T52"/></temps><temps name="def"/><temps name="in"><temp name="T58"/><temp name="T12"/><temp name="T275"/><temp name="T53"/><temp name="T272"/><temp name="T57"/><temp name="T52"/></temps><temps name="out"><temp name="T58"/><temp name="T12"/><temp name="T275"/><temp name="T53"/><temp name="T272"/><temp name="T57"/></temps></instruction><instruction code="STO T53, $254, 16"><temps name="use"><temp name="T53"/></temps><temps name="def"/><temps name="in"><temp name="T58"/><temp name="T12"/><temp name="T275"/><temp name="T53"/><temp name="T272"/><temp name="T57"/></temps><temps name="out"><temp name="T58"/><temp name="T12"/><temp name="T275"/><temp name="T272"/><temp name="T57"/></temps></instruction><instruction code="STO T57, $254, 24"><temps name="use"><temp name="T57"/></temps><temps name="def"/><temps name="in"><temp name="T58"/><temp name="T12"/><temp name="T275"/><temp name="T272"/><temp name="T57"/></temps><temps name="out"><temp name="T58"/><temp name="T12"/><temp name="T275"/><temp name="T272"/></temps></instruction><instruction code="STO T58, $254, 32"><temps name="use"><temp name="T58"/></temps><temps name="def"/><temps name="in"><temp name="T58"/><temp name="T12"/><temp name="T275"/><temp name="T272"/></temps><temps name="out"><temp name="T12"/><temp name="T275"/><temp name="T272"/></temps></instruction><instruction code="LDA T271, _h"><temps name="use"/><temps name="def"><temp name="T271"/></temps><temps name="in"><temp name="T12"/><temp name="T275"/><temp name="T272"/></temps><temps name="out"><temp name="T12"/><temp name="T275"/><temp name="T272"/><temp name="T271"/></temps></instruction><instruction code="PUSHJ $15, T271, 0"><temps name="use"><temp name="T271"/></temps><temps name="def"/><temps name="in"><temp name="T12"/><temp name="T275"/><temp name="T272"/><temp name="T271"/></temps><temps name="out"><temp name="T12"/><temp name="T275"/><temp name="T272"/></temps></instruction><instruction code="OR T59, T272, 0"><temps name="use"><temp name="T272"/></temps><temps name="def"><temp name="T59"/></temps><temps name="in"><temp name="T12"/><temp name="T275"/><temp name="T272"/></temps><temps name="out"><temp name="T12"/><temp name="T275"/></temps></instruction><instruction code="OR T60, T12, 0"><temps name="use"><temp name="T12"/></temps><temps name="def"><temp name="T60"/></temps><temps name="in"><temp name="T12"/><temp name="T275"/></temps><temps name="out"><temp name="T60"/><temp name="T275"/></temps></instruction><instruction code="SETL  T273, 8"><temps name="use"/><temps name="def"><temp name="T273"/></temps><temps name="in"><temp name="T60"/><temp name="T275"/></temps><temps name="out"><temp name="T60"/><temp name="T275"/></temps></instruction><instruction code="INCML T273, 0"><temps name="use"/><temps name="def"><temp name="T273"/></temps><temps name="in"><temp name="T60"/><temp name="T275"/></temps><temps name="out"><temp name="T60"/><temp name="T275"/></temps></instruction><instruction code="INCMH T273, 0"><temps name="use"/><temps name="def"><temp name="T273"/></temps><temps name="in"><temp name="T60"/><temp name="T275"/></temps><temps name="out"><temp name="T60"/><temp name="T275"/></temps></instruction><instruction code="INCH  T273, 0"><temps name="use"/><temps name="def"><temp name="T273"/></temps><temps name="in"><temp name="T60"/><temp name="T275"/></temps><temps name="out"><temp name="T273"/><temp name="T60"/><temp name="T275"/></temps></instruction><instruction code="NEG T273, 0, T273"><temps name="use"><temp name="T273"/></temps><temps name="def"><temp name="T273"/></temps><temps name="in"><temp name="T273"/><temp name="T60"/><temp name="T275"/></temps><temps name="out"><temp name="T273"/><temp name="T60"/><temp name="T275"/></temps></instruction><instruction code="OR T61, T273, 0"><temps name="use"><temp name="T273"/></temps><temps name="def"><temp name="T61"/></temps><temps name="in"><temp name="T273"/><temp name="T60"/><temp name="T275"/></temps><temps name="out"><temp name="T61"/><temp name="T60"/><temp name="T275"/></temps></instruction><instruction code="ADD T274, T60, T61"><temps name="use"><temp name="T60"/><temp name="T61"/></temps><temps name="def"><temp name="T274"/></temps><temps name="in"><temp name="T61"/><temp name="T60"/><temp name="T275"/></temps><temps name="out"><temp name="T275"/><temp name="T274"/></temps></instruction><instruction code="OR T62, T274, 0"><temps name="use"><temp name="T274"/></temps><temps name="def"><temp name="T62"/></temps><temps name="in"><temp name="T275"/><temp name="T274"/></temps><temps name="out"><temp name="T275"/></temps></instruction><instruction code="LDO T276, T275, 0"><temps name="use"><temp name="T275"/></temps><temps name="def"><temp name="T276"/></temps><temps name="in"><temp name="T275"/></temps><temps name="out"><temp name="T276"/></temps></instruction><instruction code="OR T63, T276, 0"><temps name="use"><temp name="T276"/></temps><temps name="def"><temp name="T63"/></temps><temps name="in"><temp name="T276"/></temps><temps name="out"><temp name="T63"/></temps></instruction><instruction code="OR T13, T63, 0"><temps name="use"><temp name="T63"/></temps><temps name="def"><temp name="T13"/></temps><temps name="in"><temp name="T63"/></temps><temps name="out"/></instruction><instruction code="LDA T277, L28"><temps name="use"/><temps name="def"><temp name="T277"/></temps><temps name="in"/><temps name="out"><temp name="T277"/></temps></instruction><instruction code="GO T277, T277, 0"><temps name="use"><temp name="T277"/></temps><temps name="def"><temp name="T277"/></temps><temps name="in"><temp name="T277"/></temps><temps name="out"/></instruction></instructions></code><code entrylabel="L29" exitlabel="L30" tempsize="0"><frame FP="T18" RV="T19" argssize="24" depth="2" label="L3" locssize="16" size="56"/><instructions><instruction code="L29"><temps name="use"/><temps name="def"/><temps name="in"><temp name="T300"/><temp name="T292"/><temp name="T291"/><temp name="T278"/><temp name="T282"/><temp name="T18"/><temp name="T296"/><temp name="T284"/><temp name="T289"/></temps><temps name="out"><temp name="T300"/><temp name="T292"/><temp name="T291"/><temp name="T278"/><temp name="T282"/><temp name="T18"/><temp name="T296"/><temp name="T284"/><temp name="T289"/></temps></instruction><instruction code="LDO T279, T278, 0"><temps name="use"><temp name="T278"/></temps><temps name="def"><temp name="T279"/></temps><temps name="in"><temp name="T300"/><temp name="T292"/><temp name="T291"/><temp name="T278"/><temp name="T282"/><temp name="T18"/><temp name="T296"/><temp name="T284"/><temp name="T289"/></temps><temps name="out"><temp name="T300"/><temp name="T292"/><temp name="T291"/><temp name="T282"/><temp name="T279"/><temp name="T18"/><temp name="T296"/><temp name="T284"/><temp name="T289"/></temps></instruction><instruction code="OR T64, T279, 0"><temps name="use"><temp name="T279"/></temps><temps name="def"><temp name="T64"/></temps><temps name="in"><temp name="T300"/><temp name="T292"/><temp name="T291"/><temp name="T282"/><temp name="T279"/><temp name="T18"/><temp name="T296"/><temp name="T284"/><temp name="T289"/></temps><temps name="out"><temp name="T300"/><temp name="T292"/><temp name="T291"/><temp name="T282"/><temp name="T18"/><temp name="T64"/><temp name="T296"/><temp name="T284"/><temp name="T289"/></temps></instruction><instruction code="OR T65, T18, 0"><temps name="use"><temp name="T18"/></temps><temps name="def"><temp name="T65"/></temps><temps name="in"><temp name="T300"/><temp name="T292"/><temp name="T291"/><temp name="T282"/><temp name="T18"/><temp name="T64"/><temp name="T296"/><temp name="T284"/><temp name="T289"/></temps><temps name="out"><temp name="T300"/><temp name="T65"/><temp name="T292"/><temp name="T291"/><temp name="T282"/><temp name="T64"/><temp name="T18"/><temp name="T296"/><temp name="T284"/><temp name="T289"/></temps></instruction><instruction code="SETL  T280, 8"><temps name="use"/><temps name="def"><temp name="T280"/></temps><temps name="in"><temp name="T300"/><temp name="T65"/><temp name="T292"/><temp name="T291"/><temp name="T282"/><temp name="T64"/><temp name="T18"/><temp name="T296"/><temp name="T284"/><temp name="T289"/></temps><temps name="out"><temp name="T300"/><temp name="T65"/><temp name="T292"/><temp name="T291"/><temp name="T282"/><temp name="T64"/><temp name="T18"/><temp name="T296"/><temp name="T284"/><temp name="T289"/></temps></instruction><instruction code="INCML T280, 0"><temps name="use"/><temps name="def"><temp name="T280"/></temps><temps name="in"><temp name="T300"/><temp name="T65"/><temp name="T292"/><temp name="T291"/><temp name="T282"/><temp name="T64"/><temp name="T18"/><temp name="T296"/><temp name="T284"/><temp name="T289"/></temps><temps name="out"><temp name="T300"/><temp name="T65"/><temp name="T292"/><temp name="T291"/><temp name="T282"/><temp name="T64"/><temp name="T18"/><temp name="T296"/><temp name="T284"/><temp name="T289"/></temps></instruction><instruction code="INCMH T280, 0"><temps name="use"/><temps name="def"><temp name="T280"/></temps><temps name="in"><temp name="T300"/><temp name="T65"/><temp name="T292"/><temp name="T291"/><temp name="T282"/><temp name="T64"/><temp name="T18"/><temp name="T296"/><temp name="T284"/><temp name="T289"/></temps><temps name="out"><temp name="T300"/><temp name="T65"/><temp name="T292"/><temp name="T291"/><temp name="T282"/><temp name="T64"/><temp name="T18"/><temp name="T296"/><temp name="T284"/><temp name="T289"/></temps></instruction><instruction code="INCH  T280, 0"><temps name="use"/><temps name="def"><temp name="T280"/></temps><temps name="in"><temp name="T300"/><temp name="T65"/><temp name="T292"/><temp name="T291"/><temp name="T282"/><temp name="T64"/><temp name="T18"/><temp name="T296"/><temp name="T284"/><temp name="T289"/></temps><temps name="out"><temp name="T300"/><temp name="T65"/><temp name="T292"/><temp name="T291"/><temp name="T282"/><temp name="T280"/><temp name="T64"/><temp name="T18"/><temp name="T296"/><temp name="T284"/><temp name="T289"/></temps></instruction><instruction code="NEG T280, 0, T280"><temps name="use"><temp name="T280"/></temps><temps name="def"><temp name="T280"/></temps><temps name="in"><temp name="T300"/><temp name="T65"/><temp name="T292"/><temp name="T291"/><temp name="T282"/><temp name="T280"/><temp name="T64"/><temp name="T18"/><temp name="T296"/><temp name="T284"/><temp name="T289"/></temps><temps name="out"><temp name="T300"/><temp name="T65"/><temp name="T292"/><temp name="T291"/><temp name="T282"/><temp name="T280"/><temp name="T64"/><temp name="T18"/><temp name="T296"/><temp name="T284"/><temp name="T289"/></temps></instruction><instruction code="OR T66, T280, 0"><temps name="use"><temp name="T280"/></temps><temps name="def"><temp name="T66"/></temps><temps name="in"><temp name="T300"/><temp name="T65"/><temp name="T292"/><temp name="T291"/><temp name="T282"/><temp name="T280"/><temp name="T64"/><temp name="T18"/><temp name="T296"/><temp name="T284"/><temp name="T289"/></temps><temps name="out"><temp name="T300"/><temp name="T65"/><temp name="T292"/><temp name="T66"/><temp name="T291"/><temp name="T282"/><temp name="T64"/><temp name="T18"/><temp name="T296"/><temp name="T284"/><temp name="T289"/></temps></instruction><instruction code="ADD T281, T65, T66"><temps name="use"><temp name="T65"/><temp name="T66"/></temps><temps name="def"><temp name="T281"/></temps><temps name="in"><temp name="T300"/><temp name="T65"/><temp name="T292"/><temp name="T66"/><temp name="T291"/><temp name="T282"/><temp name="T64"/><temp name="T18"/><temp name="T296"/><temp name="T284"/><temp name="T289"/></temps><temps name="out"><temp name="T300"/><temp name="T292"/><temp name="T291"/><temp name="T281"/><temp name="T282"/><temp name="T64"/><temp name="T18"/><temp name="T296"/><temp name="T284"/><temp name="T289"/></temps></instruction><instruction code="OR T67, T281, 0"><temps name="use"><temp name="T281"/></temps><temps name="def"><temp name="T67"/></temps><temps name="in"><temp name="T300"/><temp name="T292"/><temp name="T291"/><temp name="T281"/><temp name="T282"/><temp name="T64"/><temp name="T18"/><temp name="T296"/><temp name="T284"/><temp name="T289"/></temps><temps name="out"><temp name="T300"/><temp name="T292"/><temp name="T291"/><temp name="T282"/><temp name="T64"/><temp name="T18"/><temp name="T296"/><temp name="T284"/><temp name="T289"/></temps></instruction><instruction code="LDO T283, T282, 0"><temps name="use"><temp name="T282"/></temps><temps name="def"><temp name="T283"/></temps><temps name="in"><temp name="T300"/><temp name="T292"/><temp name="T291"/><temp name="T282"/><temp name="T64"/><temp name="T18"/><temp name="T296"/><temp name="T284"/><temp name="T289"/></temps><temps name="out"><temp name="T300"/><temp name="T283"/><temp name="T292"/><temp name="T291"/><temp name="T64"/><temp name="T18"/><temp name="T296"/><temp name="T284"/><temp name="T289"/></temps></instruction><instruction code="OR T68, T283, 0"><temps name="use"><temp name="T283"/></temps><temps name="def"><temp name="T68"/></temps><temps name="in"><temp name="T300"/><temp name="T283"/><temp name="T292"/><temp name="T291"/><temp name="T64"/><temp name="T18"/><temp name="T296"/><temp name="T284"/><temp name="T289"/></temps><temps name="out"><temp name="T300"/><temp name="T68"/><temp name="T292"/><temp name="T291"/><temp name="T64"/><temp name="T18"/><temp name="T296"/><temp name="T284"/><temp name="T289"/></temps></instruction><instruction code="LDO T285, T284, 0"><temps name="use"><temp name="T284"/></temps><temps name="def"><temp name="T285"/></temps><temps name="in"><temp name="T300"/><temp name="T68"/><temp name="T292"/><temp name="T291"/><temp name="T64"/><temp name="T18"/><temp name="T296"/><temp name="T284"/><temp name="T289"/></temps><temps name="out"><temp name="T300"/><temp name="T68"/><temp name="T292"/><temp name="T291"/><temp name="T285"/><temp name="T64"/><temp name="T18"/><temp name="T296"/><temp name="T289"/></temps></instruction><instruction code="OR T69, T285, 0"><temps name="use"><temp name="T285"/></temps><temps name="def"><temp name="T69"/></temps><temps name="in"><temp name="T300"/><temp name="T68"/><temp name="T292"/><temp name="T291"/><temp name="T285"/><temp name="T64"/><temp name="T18"/><temp name="T296"/><temp name="T289"/></temps><temps name="out"><temp name="T300"/><temp name="T68"/><temp name="T292"/><temp name="T291"/><temp name="T64"/><temp name="T18"/><temp name="T296"/><temp name="T69"/><temp name="T289"/></temps></instruction><instruction code="SETL  T286, 1"><temps name="use"/><temps name="def"><temp name="T286"/></temps><temps name="in"><temp name="T300"/><temp name="T68"/><temp name="T292"/><temp name="T291"/><temp name="T64"/><temp name="T18"/><temp name="T296"/><temp name="T69"/><temp name="T289"/></temps><temps name="out"><temp name="T300"/><temp name="T68"/><temp name="T292"/><temp name="T291"/><temp name="T64"/><temp name="T18"/><temp name="T296"/><temp name="T69"/><temp name="T289"/></temps></instruction><instruction code="INCML T286, 0"><temps name="use"/><temps name="def"><temp name="T286"/></temps><temps name="in"><temp name="T300"/><temp name="T68"/><temp name="T292"/><temp name="T291"/><temp name="T64"/><temp name="T18"/><temp name="T296"/><temp name="T69"/><temp name="T289"/></temps><temps name="out"><temp name="T300"/><temp name="T68"/><temp name="T292"/><temp name="T291"/><temp name="T64"/><temp name="T18"/><temp name="T296"/><temp name="T69"/><temp name="T289"/></temps></instruction><instruction code="INCMH T286, 0"><temps name="use"/><temps name="def"><temp name="T286"/></temps><temps name="in"><temp name="T300"/><temp name="T68"/><temp name="T292"/><temp name="T291"/><temp name="T64"/><temp name="T18"/><temp name="T296"/><temp name="T69"/><temp name="T289"/></temps><temps name="out"><temp name="T300"/><temp name="T68"/><temp name="T292"/><temp name="T291"/><temp name="T64"/><temp name="T18"/><temp name="T296"/><temp name="T69"/><temp name="T289"/></temps></instruction><instruction code="INCH  T286, 0"><temps name="use"/><temps name="def"><temp name="T286"/></temps><temps name="in"><temp name="T300"/><temp name="T68"/><temp name="T292"/><temp name="T291"/><temp name="T64"/><temp name="T18"/><temp name="T296"/><temp name="T69"/><temp name="T289"/></temps><temps name="out"><temp name="T300"/><temp name="T68"/><temp name="T292"/><temp name="T291"/><temp name="T286"/><temp name="T64"/><temp name="T18"/><temp name="T296"/><temp name="T69"/><temp name="T289"/></temps></instruction><instruction code="OR T70, T286, 0"><temps name="use"><temp name="T286"/></temps><temps name="def"><temp name="T70"/></temps><temps name="in"><temp name="T300"/><temp name="T68"/><temp name="T292"/><temp name="T291"/><temp name="T286"/><temp name="T64"/><temp name="T18"/><temp name="T296"/><temp name="T69"/><temp name="T289"/></temps><temps name="out"><temp name="T300"/><temp name="T68"/><temp name="T292"/><temp name="T70"/><temp name="T291"/><temp name="T64"/><temp name="T18"/><temp name="T296"/><temp name="T69"/><temp name="T289"/></temps></instruction><instruction code="SETL  T287, 1"><temps name="use"/><temps name="def"><temp name="T287"/></temps><temps name="in"><temp name="T300"/><temp name="T68"/><temp name="T292"/><temp name="T70"/><temp name="T291"/><temp name="T64"/><temp name="T18"/><temp name="T296"/><temp name="T69"/><temp name="T289"/></temps><temps name="out"><temp name="T300"/><temp name="T68"/><temp name="T292"/><temp name="T70"/><temp name="T291"/><temp name="T64"/><temp name="T18"/><temp name="T296"/><temp name="T69"/><temp name="T289"/></temps></instruction><instruction code="INCML T287, 0"><temps name="use"/><temps name="def"><temp name="T287"/></temps><temps name="in"><temp name="T300"/><temp name="T68"/><temp name="T292"/><temp name="T70"/><temp name="T291"/><temp name="T64"/><temp name="T18"/><temp name="T296"/><temp name="T69"/><temp name="T289"/></temps><temps name="out"><temp name="T300"/><temp name="T68"/><temp name="T292"/><temp name="T70"/><temp name="T291"/><temp name="T64"/><temp name="T18"/><temp name="T296"/><temp name="T69"/><temp name="T289"/></temps></instruction><instruction code="INCMH T287, 0"><temps name="use"/><temps name="def"><temp name="T287"/></temps><temps name="in"><temp name="T300"/><temp name="T68"/><temp name="T292"/><temp name="T70"/><temp name="T291"/><temp name="T64"/><temp name="T18"/><temp name="T296"/><temp name="T69"/><temp name="T289"/></temps><temps name="out"><temp name="T300"/><temp name="T68"/><temp name="T292"/><temp name="T70"/><temp name="T291"/><temp name="T64"/><temp name="T18"/><temp name="T296"/><temp name="T69"/><temp name="T289"/></temps></instruction><instruction code="INCH  T287, 0"><temps name="use"/><temps name="def"><temp name="T287"/></temps><temps name="in"><temp name="T300"/><temp name="T68"/><temp name="T292"/><temp name="T70"/><temp name="T291"/><temp name="T64"/><temp name="T18"/><temp name="T296"/><temp name="T69"/><temp name="T289"/></temps><temps name="out"><temp name="T300"/><temp name="T68"/><temp name="T292"/><temp name="T70"/><temp name="T291"/><temp name="T287"/><temp name="T64"/><temp name="T18"/><temp name="T296"/><temp name="T69"/><temp name="T289"/></temps></instruction><instruction code="OR T71, T287, 0"><temps name="use"><temp name="T287"/></temps><temps name="def"><temp name="T71"/></temps><temps name="in"><temp name="T300"/><temp name="T68"/><temp name="T292"/><temp name="T70"/><temp name="T291"/><temp name="T287"/><temp name="T64"/><temp name="T18"/><temp name="T296"/><temp name="T69"/><temp name="T289"/></temps><temps name="out"><temp name="T300"/><temp name="T68"/><temp name="T292"/><temp name="T70"/><temp name="T291"/><temp name="T71"/><temp name="T64"/><temp name="T18"/><temp name="T296"/><temp name="T69"/><temp name="T289"/></temps></instruction><instruction code="STO T69, $254, 8"><temps name="use"><temp name="T69"/></temps><temps name="def"/><temps name="in"><temp name="T300"/><temp name="T68"/><temp name="T292"/><temp name="T70"/><temp name="T291"/><temp name="T71"/><temp name="T64"/><temp name="T18"/><temp name="T296"/><temp name="T69"/><temp name="T289"/></temps><temps name="out"><temp name="T300"/><temp name="T68"/><temp name="T292"/><temp name="T70"/><temp name="T291"/><temp name="T71"/><temp name="T64"/><temp name="T18"/><temp name="T296"/><temp name="T289"/></temps></instruction><instruction code="STO T70, $254, 16"><temps name="use"><temp name="T70"/></temps><temps name="def"/><temps name="in"><temp name="T300"/><temp name="T68"/><temp name="T292"/><temp name="T70"/><temp name="T291"/><temp name="T71"/><temp name="T64"/><temp name="T18"/><temp name="T296"/><temp name="T289"/></temps><temps name="out"><temp name="T300"/><temp name="T68"/><temp name="T292"/><temp name="T291"/><temp name="T71"/><temp name="T64"/><temp name="T18"/><temp name="T296"/><temp name="T289"/></temps></instruction><instruction code="STO T71, $254, 24"><temps name="use"><temp name="T71"/></temps><temps name="def"/><temps name="in"><temp name="T300"/><temp name="T68"/><temp name="T292"/><temp name="T291"/><temp name="T71"/><temp name="T64"/><temp name="T18"/><temp name="T296"/><temp name="T289"/></temps><temps name="out"><temp name="T300"/><temp name="T68"/><temp name="T292"/><temp name="T291"/><temp name="T64"/><temp name="T18"/><temp name="T296"/><temp name="T289"/></temps></instruction><instruction code="LDA T288, L0"><temps name="use"/><temps name="def"><temp name="T288"/></temps><temps name="in"><temp name="T300"/><temp name="T68"/><temp name="T292"/><temp name="T291"/><temp name="T64"/><temp name="T18"/><temp name="T296"/><temp name="T289"/></temps><temps name="out"><temp name="T300"/><temp name="T288"/><temp name="T68"/><temp name="T292"/><temp name="T291"/><temp name="T64"/><temp name="T18"/><temp name="T296"/><temp name="T289"/></temps></instruction><instruction code="PUSHJ $15, T288, 0"><temps name="use"><temp name="T288"/></temps><temps name="def"/><temps name="in"><temp name="T300"/><temp name="T288"/><temp name="T68"/><temp name="T292"/><temp name="T291"/><temp name="T64"/><temp name="T18"/><temp name="T296"/><temp name="T289"/></temps><temps name="out"><temp name="T300"/><temp name="T68"/><temp name="T292"/><temp name="T291"/><temp name="T64"/><temp name="T18"/><temp name="T296"/><temp name="T289"/></temps></instruction><instruction code="OR T72, T289, 0"><temps name="use"><temp name="T289"/></temps><temps name="def"><temp name="T72"/></temps><temps name="in"><temp name="T300"/><temp name="T68"/><temp name="T292"/><temp name="T291"/><temp name="T64"/><temp name="T18"/><temp name="T296"/><temp name="T289"/></temps><temps name="out"><temp name="T300"/><temp name="T68"/><temp name="T292"/><temp name="T291"/><temp name="T72"/><temp name="T64"/><temp name="T18"/><temp name="T296"/></temps></instruction><instruction code="STO T64, $254, 8"><temps name="use"><temp name="T64"/></temps><temps name="def"/><temps name="in"><temp name="T300"/><temp name="T68"/><temp name="T292"/><temp name="T291"/><temp name="T72"/><temp name="T64"/><temp name="T18"/><temp name="T296"/></temps><temps name="out"><temp name="T300"/><temp name="T68"/><temp name="T292"/><temp name="T291"/><temp name="T72"/><temp name="T18"/><temp name="T296"/></temps></instruction><instruction code="STO T68, $254, 16"><temps name="use"><temp name="T68"/></temps><temps name="def"/><temps name="in"><temp name="T300"/><temp name="T68"/><temp name="T292"/><temp name="T291"/><temp name="T72"/><temp name="T18"/><temp name="T296"/></temps><temps name="out"><temp name="T300"/><temp name="T292"/><temp name="T291"/><temp name="T72"/><temp name="T18"/><temp name="T296"/></temps></instruction><instruction code="STO T72, $254, 24"><temps name="use"><temp name="T72"/></temps><temps name="def"/><temps name="in"><temp name="T300"/><temp name="T292"/><temp name="T291"/><temp name="T72"/><temp name="T18"/><temp name="T296"/></temps><temps name="out"><temp name="T300"/><temp name="T292"/><temp name="T291"/><temp name="T18"/><temp name="T296"/></temps></instruction><instruction code="LDA T290, L0"><temps name="use"/><temps name="def"><temp name="T290"/></temps><temps name="in"><temp name="T300"/><temp name="T292"/><temp name="T291"/><temp name="T18"/><temp name="T296"/></temps><temps name="out"><temp name="T300"/><temp name="T292"/><temp name="T291"/><temp name="T18"/><temp name="T296"/><temp name="T290"/></temps></instruction><instruction code="PUSHJ $15, T290, 0"><temps name="use"><temp name="T290"/></temps><temps name="def"/><temps name="in"><temp name="T300"/><temp name="T292"/><temp name="T291"/><temp name="T18"/><temp name="T296"/><temp name="T290"/></temps><temps name="out"><temp name="T300"/><temp name="T292"/><temp name="T291"/><temp name="T18"/><temp name="T296"/></temps></instruction><instruction code="OR T73, T291, 0"><temps name="use"><temp name="T291"/></temps><temps name="def"><temp name="T73"/></temps><temps name="in"><temp name="T300"/><temp name="T292"/><temp name="T291"/><temp name="T18"/><temp name="T296"/></temps><temps name="out"><temp name="T300"/><temp name="T292"/><temp name="T18"/><temp name="T296"/></temps></instruction><instruction code="OR T74, T18, 0"><temps name="use"><temp name="T18"/></temps><temps name="def"><temp name="T74"/></temps><temps name="in"><temp name="T300"/><temp name="T292"/><temp name="T18"/><temp name="T296"/></temps><temps name="out"><temp name="T300"/><temp name="T292"/><temp name="T296"/><temp name="T18"/></temps></instruction><instruction code="LDO T293, T292, 0"><temps name="use"><temp name="T292"/></temps><temps name="def"><temp name="T293"/></temps><temps name="in"><temp name="T300"/><temp name="T292"/><temp name="T296"/><temp name="T18"/></temps><temps name="out"><temp name="T300"/><temp name="T296"/><temp name="T18"/><temp name="T293"/></temps></instruction><instruction code="OR T75, T293, 0"><temps name="use"><temp name="T293"/></temps><temps name="def"><temp name="T75"/></temps><temps name="in"><temp name="T300"/><temp name="T296"/><temp name="T18"/><temp name="T293"/></temps><temps name="out"><temp name="T300"/><temp name="T296"/><temp name="T18"/><temp name="T75"/></temps></instruction><instruction code="SETL  T294, 8"><temps name="use"/><temps name="def"><temp name="T294"/></temps><temps name="in"><temp name="T300"/><temp name="T296"/><temp name="T18"/><temp name="T75"/></temps><temps name="out"><temp name="T300"/><temp name="T296"/><temp name="T18"/><temp name="T75"/></temps></instruction><instruction code="INCML T294, 0"><temps name="use"/><temps name="def"><temp name="T294"/></temps><temps name="in"><temp name="T300"/><temp name="T296"/><temp name="T18"/><temp name="T75"/></temps><temps name="out"><temp name="T300"/><temp name="T296"/><temp name="T18"/><temp name="T75"/></temps></instruction><instruction code="INCMH T294, 0"><temps name="use"/><temps name="def"><temp name="T294"/></temps><temps name="in"><temp name="T300"/><temp name="T296"/><temp name="T18"/><temp name="T75"/></temps><temps name="out"><temp name="T300"/><temp name="T296"/><temp name="T18"/><temp name="T75"/></temps></instruction><instruction code="INCH  T294, 0"><temps name="use"/><temps name="def"><temp name="T294"/></temps><temps name="in"><temp name="T300"/><temp name="T296"/><temp name="T18"/><temp name="T75"/></temps><temps name="out"><temp name="T300"/><temp name="T294"/><temp name="T296"/><temp name="T18"/><temp name="T75"/></temps></instruction><instruction code="OR T76, T294, 0"><temps name="use"><temp name="T294"/></temps><temps name="def"><temp name="T76"/></temps><temps name="in"><temp name="T300"/><temp name="T294"/><temp name="T296"/><temp name="T18"/><temp name="T75"/></temps><temps name="out"><temp name="T300"/><temp name="T296"/><temp name="T18"/><temp name="T76"/><temp name="T75"/></temps></instruction><instruction code="ADD T295, T75, T76"><temps name="use"><temp name="T75"/><temp name="T76"/></temps><temps name="def"><temp name="T295"/></temps><temps name="in"><temp name="T300"/><temp name="T296"/><temp name="T18"/><temp name="T76"/><temp name="T75"/></temps><temps name="out"><temp name="T300"/><temp name="T295"/><temp name="T296"/><temp name="T18"/></temps></instruction><instruction code="OR T77, T295, 0"><temps name="use"><temp name="T295"/></temps><temps name="def"><temp name="T77"/></temps><temps name="in"><temp name="T300"/><temp name="T295"/><temp name="T296"/><temp name="T18"/></temps><temps name="out"><temp name="T300"/><temp name="T296"/><temp name="T18"/></temps></instruction><instruction code="LDO T297, T296, 0"><temps name="use"><temp name="T296"/></temps><temps name="def"><temp name="T297"/></temps><temps name="in"><temp name="T300"/><temp name="T296"/><temp name="T18"/></temps><temps name="out"><temp name="T300"/><temp name="T297"/><temp name="T18"/></temps></instruction><instruction code="OR T78, T297, 0"><temps name="use"><temp name="T297"/></temps><temps name="def"><temp name="T78"/></temps><temps name="in"><temp name="T300"/><temp name="T297"/><temp name="T18"/></temps><temps name="out"><temp name="T300"/><temp name="T18"/></temps></instruction><instruction code="OR T79, T18, 0"><temps name="use"><temp name="T18"/></temps><temps name="def"><temp name="T79"/></temps><temps name="in"><temp name="T300"/><temp name="T18"/></temps><temps name="out"><temp name="T300"/><temp name="T79"/></temps></instruction><instruction code="SETL  T298, 8"><temps name="use"/><temps name="def"><temp name="T298"/></temps><temps name="in"><temp name="T300"/><temp name="T79"/></temps><temps name="out"><temp name="T300"/><temp name="T79"/></temps></instruction><instruction code="INCML T298, 0"><temps name="use"/><temps name="def"><temp name="T298"/></temps><temps name="in"><temp name="T300"/><temp name="T79"/></temps><temps name="out"><temp name="T300"/><temp name="T79"/></temps></instruction><instruction code="INCMH T298, 0"><temps name="use"/><temps name="def"><temp name="T298"/></temps><temps name="in"><temp name="T300"/><temp name="T79"/></temps><temps name="out"><temp name="T300"/><temp name="T79"/></temps></instruction><instruction code="INCH  T298, 0"><temps name="use"/><temps name="def"><temp name="T298"/></temps><temps name="in"><temp name="T300"/><temp name="T79"/></temps><temps name="out"><temp name="T300"/><temp name="T79"/><temp name="T298"/></temps></instruction><instruction code="OR T80, T298, 0"><temps name="use"><temp name="T298"/></temps><temps name="def"><temp name="T80"/></temps><temps name="in"><temp name="T300"/><temp name="T79"/><temp name="T298"/></temps><temps name="out"><temp name="T300"/><temp name="T79"/><temp name="T80"/></temps></instruction><instruction code="ADD T299, T79, T80"><temps name="use"><temp name="T79"/><temp name="T80"/></temps><temps name="def"><temp name="T299"/></temps><temps name="in"><temp name="T300"/><temp name="T79"/><temp name="T80"/></temps><temps name="out"><temp name="T300"/><temp name="T299"/></temps></instruction><instruction code="OR T81, T299, 0"><temps name="use"><temp name="T299"/></temps><temps name="def"><temp name="T81"/></temps><temps name="in"><temp name="T300"/><temp name="T299"/></temps><temps name="out"><temp name="T300"/></temps></instruction><instruction code="LDO T301, T300, 0"><temps name="use"><temp name="T300"/></temps><temps name="def"><temp name="T301"/></temps><temps name="in"><temp name="T300"/></temps><temps name="out"><temp name="T301"/></temps></instruction><instruction code="OR T82, T301, 0"><temps name="use"><temp name="T301"/></temps><temps name="def"><temp name="T82"/></temps><temps name="in"><temp name="T301"/></temps><temps name="out"/></instruction><instruction code="SETL  T302, 1"><temps name="use"/><temps name="def"><temp name="T302"/></temps><temps name="in"/><temps name="out"/></instruction><instruction code="INCML T302, 0"><temps name="use"/><temps name="def"><temp name="T302"/></temps><temps name="in"/><temps name="out"/></instruction><instruction code="INCMH T302, 0"><temps name="use"/><temps name="def"><temp name="T302"/></temps><temps name="in"/><temps name="out"/></instruction><instruction code="INCH  T302, 0"><temps name="use"/><temps name="def"><temp name="T302"/></temps><temps name="in"/><temps name="out"><temp name="T302"/></temps></instruction><instruction code="OR T83, T302, 0"><temps name="use"><temp name="T302"/></temps><temps name="def"><temp name="T83"/></temps><temps name="in"><temp name="T302"/></temps><temps name="out"><temp name="T83"/></temps></instruction><instruction code="NEG T303, 1, T83"><temps name="use"><temp name="T83"/></temps><temps name="def"><temp name="T303"/></temps><temps name="in"><temp name="T83"/></temps><temps name="out"><temp name="T303"/></temps></instruction><instruction code="OR T84, T303, 0"><temps name="use"><temp name="T303"/></temps><temps name="def"><temp name="T84"/></temps><temps name="in"><temp name="T303"/></temps><temps name="out"><temp name="T84"/></temps></instruction><instruction code="NEG T304, 1, T84"><temps name="use"><temp name="T84"/></temps><temps name="def"><temp name="T304"/></temps><temps name="in"><temp name="T84"/></temps><temps name="out"><temp name="T304"/></temps></instruction><instruction code="OR T85, T304, 0"><temps name="use"><temp name="T304"/></temps><temps name="def"><temp name="T85"/></temps><temps name="in"><temp name="T304"/></temps><temps name="out"><temp name="T85"/></temps></instruction><instruction code="OR T19, T85, 0"><temps name="use"><temp name="T85"/></temps><temps name="def"><temp name="T19"/></temps><temps name="in"><temp name="T85"/></temps><temps name="out"/></instruction><instruction code="LDA T305, L30"><temps name="use"/><temps name="def"><temp name="T305"/></temps><temps name="in"/><temps name="out"><temp name="T305"/></temps></instruction><instruction code="GO T305, T305, 0"><temps name="use"><temp name="T305"/></temps><temps name="def"><temp name="T305"/></temps><temps name="in"><temp name="T305"/></temps><temps name="out"/></instruction></instructions></code><code entrylabel="L36" exitlabel="L37" tempsize="0"><frame FP="T8" RV="T9" argssize="72" depth="1" label="_h" locssize="128" size="216"/><instructions><instruction code="L36"><temps name="use"/><temps name="def"/><temps name="in"><temp name="T308"/><temp name="T316"/><temp name="T331"/><temp name="T328"/><temp name="T423"/><temp name="T390"/><temp name="T8"/><temp name="T453"/><temp name="T310"/><temp name="T384"/><temp name="T457"/><temp name="T349"/><temp name="T410"/><temp name="T469"/><temp name="T353"/><temp name="T346"/><temp name="T479"/><temp name="T473"/><temp name="T484"/><temp name="T373"/><temp name="T323"/><temp name="T429"/><temp name="T433"/><temp name="T367"/><temp name="T340"/><temp name="T416"/><temp name="T490"/><temp name="T463"/><temp name="T496"/><temp name="T405"/><temp name="T361"/><temp name="T398"/><temp name="T441"/><temp name="T381"/><temp name="T337"/><temp name="T447"/></temps><temps name="out"><temp name="T308"/><temp name="T316"/><temp name="T331"/><temp name="T328"/><temp name="T423"/><temp name="T390"/><temp name="T8"/><temp name="T453"/><temp name="T310"/><temp name="T384"/><temp name="T457"/><temp name="T349"/><temp name="T410"/><temp name="T469"/><temp name="T353"/><temp name="T346"/><temp name="T479"/><temp name="T473"/><temp name="T484"/><temp name="T373"/><temp name="T323"/><temp name="T429"/><temp name="T433"/><temp name="T367"/><temp name="T340"/><temp name="T416"/><temp name="T490"/><temp name="T463"/><temp name="T496"/><temp name="T405"/><temp name="T361"/><temp name="T398"/><temp name="T441"/><temp name="T381"/><temp name="T337"/><temp name="T447"/></temps></instruction><instruction code="SETL  T306, 0"><temps name="use"/><temps name="def"><temp name="T306"/></temps><temps name="in"><temp name="T308"/><temp name="T316"/><temp name="T331"/><temp name="T328"/><temp name="T423"/><temp name="T390"/><temp name="T8"/><temp name="T453"/><temp name="T310"/><temp name="T384"/><temp name="T457"/><temp name="T349"/><temp name="T410"/><temp name="T469"/><temp name="T353"/><temp name="T346"/><temp name="T479"/><temp name="T473"/><temp name="T484"/><temp name="T373"/><temp name="T323"/><temp name="T429"/><temp name="T433"/><temp name="T367"/><temp name="T340"/><temp name="T416"/><temp name="T490"/><temp name="T463"/><temp name="T496"/><temp name="T405"/><temp name="T361"/><temp name="T398"/><temp name="T441"/><temp name="T381"/><temp name="T337"/><temp name="T447"/></temps><temps name="out"><temp name="T308"/><temp name="T316"/><temp name="T331"/><temp name="T328"/><temp name="T423"/><temp name="T390"/><temp name="T8"/><temp name="T453"/><temp name="T310"/><temp name="T384"/><temp name="T457"/><temp name="T349"/><temp name="T410"/><temp name="T469"/><temp name="T353"/><temp name="T346"/><temp name="T479"/><temp name="T473"/><temp name="T484"/><temp name="T373"/><temp name="T323"/><temp name="T429"/><temp name="T433"/><temp name="T367"/><temp name="T340"/><temp name="T416"/><temp name="T490"/><temp name="T463"/><temp name="T496"/><temp name="T405"/><temp name="T361"/><temp name="T398"/><temp name="T441"/><temp name="T381"/><temp name="T337"/><temp name="T447"/></temps></instruction><instruction code="INCML T306, 0"><temps name="use"/><temps name="def"><temp name="T306"/></temps><temps name="in"><temp name="T308"/><temp name="T316"/><temp name="T331"/><temp name="T328"/><temp name="T423"/><temp name="T390"/><temp name="T8"/><temp name="T453"/><temp name="T310"/><temp name="T384"/><temp name="T457"/><temp name="T349"/><temp name="T410"/><temp name="T469"/><temp name="T353"/><temp name="T346"/><temp name="T479"/><temp name="T473"/><temp name="T484"/><temp name="T373"/><temp name="T323"/><temp name="T429"/><temp name="T433"/><temp name="T367"/><temp name="T340"/><temp name="T416"/><temp name="T490"/><temp name="T463"/><temp name="T496"/><temp name="T405"/><temp name="T361"/><temp name="T398"/><temp name="T441"/><temp name="T381"/><temp name="T337"/><temp name="T447"/></temps><temps name="out"><temp name="T308"/><temp name="T316"/><temp name="T331"/><temp name="T328"/><temp name="T423"/><temp name="T390"/><temp name="T8"/><temp name="T453"/><temp name="T310"/><temp name="T384"/><temp name="T457"/><temp name="T349"/><temp name="T410"/><temp name="T469"/><temp name="T353"/><temp name="T346"/><temp name="T479"/><temp name="T473"/><temp name="T484"/><temp name="T373"/><temp name="T323"/><temp name="T429"/><temp name="T433"/><temp name="T367"/><temp name="T340"/><temp name="T416"/><temp name="T490"/><temp name="T463"/><temp name="T496"/><temp name="T405"/><temp name="T361"/><temp name="T398"/><temp name="T441"/><temp name="T381"/><temp name="T337"/><temp name="T447"/></temps></instruction><instruction code="INCMH T306, 0"><temps name="use"/><temps name="def"><temp name="T306"/></temps><temps name="in"><temp name="T308"/><temp name="T316"/><temp name="T331"/><temp name="T328"/><temp name="T423"/><temp name="T390"/><temp name="T8"/><temp name="T453"/><temp name="T310"/><temp name="T384"/><temp name="T457"/><temp name="T349"/><temp name="T410"/><temp name="T469"/><temp name="T353"/><temp name="T346"/><temp name="T479"/><temp name="T473"/><temp name="T484"/><temp name="T373"/><temp name="T323"/><temp name="T429"/><temp name="T433"/><temp name="T367"/><temp name="T340"/><temp name="T416"/><temp name="T490"/><temp name="T463"/><temp name="T496"/><temp name="T405"/><temp name="T361"/><temp name="T398"/><temp name="T441"/><temp name="T381"/><temp name="T337"/><temp name="T447"/></temps><temps name="out"><temp name="T308"/><temp name="T316"/><temp name="T331"/><temp name="T328"/><temp name="T423"/><temp name="T390"/><temp name="T8"/><temp name="T453"/><temp name="T310"/><temp name="T384"/><temp name="T457"/><temp name="T349"/><temp name="T410"/><temp name="T469"/><temp name="T353"/><temp name="T346"/><temp name="T479"/><temp name="T473"/><temp name="T484"/><temp name="T373"/><temp name="T323"/><temp name="T429"/><temp name="T433"/><temp name="T367"/><temp name="T340"/><temp name="T416"/><temp name="T490"/><temp name="T463"/><temp name="T496"/><temp name="T405"/><temp name="T361"/><temp name="T398"/><temp name="T441"/><temp name="T381"/><temp name="T337"/><temp name="T447"/></temps></instruction><instruction code="INCH  T306, 0"><temps name="use"/><temps name="def"><temp name="T306"/></temps><temps name="in"><temp name="T308"/><temp name="T316"/><temp name="T331"/><temp name="T328"/><temp name="T423"/><temp name="T390"/><temp name="T8"/><temp name="T453"/><temp name="T310"/><temp name="T384"/><temp name="T457"/><temp name="T349"/><temp name="T410"/><temp name="T469"/><temp name="T353"/><temp name="T346"/><temp name="T479"/><temp name="T473"/><temp name="T484"/><temp name="T373"/><temp name="T323"/><temp name="T429"/><temp name="T433"/><temp name="T367"/><temp name="T340"/><temp name="T416"/><temp name="T490"/><temp name="T463"/><temp name="T496"/><temp name="T405"/><temp name="T361"/><temp name="T398"/><temp name="T441"/><temp name="T381"/><temp name="T337"/><temp name="T447"/></temps><temps name="out"><temp name="T308"/><temp name="T316"/><temp name="T331"/><temp name="T328"/><temp name="T306"/><temp name="T423"/><temp name="T390"/><temp name="T8"/><temp name="T453"/><temp name="T310"/><temp name="T384"/><temp name="T457"/><temp name="T349"/><temp name="T410"/><temp name="T469"/><temp name="T353"/><temp name="T346"/><temp name="T479"/><temp name="T473"/><temp name="T484"/><temp name="T373"/><temp name="T323"/><temp name="T429"/><temp name="T433"/><temp name="T367"/><temp name="T340"/><temp name="T416"/><temp name="T490"/><temp name="T463"/><temp name="T496"/><temp name="T405"/><temp name="T361"/><temp name="T398"/><temp name="T441"/><temp name="T381"/><temp name="T337"/><temp name="T447"/></temps></instruction><instruction code="OR T86, T306, 0"><temps name="use"><temp name="T306"/></temps><temps name="def"><temp name="T86"/></temps><temps name="in"><temp name="T308"/><temp name="T316"/><temp name="T331"/><temp name="T328"/><temp name="T306"/><temp name="T423"/><temp name="T390"/><temp name="T8"/><temp name="T453"/><temp name="T310"/><temp name="T384"/><temp name="T457"/><temp name="T349"/><temp name="T410"/><temp name="T469"/><temp name="T353"/><temp name="T346"/><temp name="T479"/><temp name="T473"/><temp name="T484"/><temp name="T373"/><temp name="T323"/><temp name="T429"/><temp name="T433"/><temp name="T367"/><temp name="T340"/><temp name="T416"/><temp name="T490"/><temp name="T463"/><temp name="T496"/><temp name="T405"/><temp name="T361"/><temp name="T398"/><temp name="T441"/><temp name="T381"/><temp name="T337"/><temp name="T447"/></temps><temps name="out"><temp name="T308"/><temp name="T316"/><temp name="T331"/><temp name="T328"/><temp name="T423"/><temp name="T390"/><temp name="T8"/><temp name="T453"/><temp name="T310"/><temp name="T384"/><temp name="T457"/><temp name="T349"/><temp name="T410"/><temp name="T469"/><temp name="T353"/><temp name="T346"/><temp name="T479"/><temp name="T473"/><temp name="T484"/><temp name="T373"/><temp name="T323"/><temp name="T429"/><temp name="T433"/><temp name="T367"/><temp name="T340"/><temp name="T416"/><temp name="T490"/><temp name="T463"/><temp name="T496"/><temp name="T405"/><temp name="T361"/><temp name="T398"/><temp name="T441"/><temp name="T381"/><temp name="T86"/><temp name="T337"/><temp name="T447"/></temps></instruction><instruction code="STO T86, $254, 8"><temps name="use"><temp name="T86"/></temps><temps name="def"/><temps name="in"><temp name="T308"/><temp name="T316"/><temp name="T331"/><temp name="T328"/><temp name="T423"/><temp name="T390"/><temp name="T8"/><temp name="T453"/><temp name="T310"/><temp name="T384"/><temp name="T457"/><temp name="T349"/><temp name="T410"/><temp name="T469"/><temp name="T353"/><temp name="T346"/><temp name="T479"/><temp name="T473"/><temp name="T484"/><temp name="T373"/><temp name="T323"/><temp name="T429"/><temp name="T433"/><temp name="T367"/><temp name="T340"/><temp name="T416"/><temp name="T490"/><temp name="T463"/><temp name="T496"/><temp name="T405"/><temp name="T361"/><temp name="T398"/><temp name="T441"/><temp name="T381"/><temp name="T86"/><temp name="T337"/><temp name="T447"/></temps><temps name="out"><temp name="T308"/><temp name="T316"/><temp name="T331"/><temp name="T328"/><temp name="T423"/><temp name="T390"/><temp name="T8"/><temp name="T453"/><temp name="T310"/><temp name="T384"/><temp name="T457"/><temp name="T349"/><temp name="T410"/><temp name="T469"/><temp name="T353"/><temp name="T346"/><temp name="T479"/><temp name="T473"/><temp name="T484"/><temp name="T373"/><temp name="T323"/><temp name="T429"/><temp name="T433"/><temp name="T367"/><temp name="T340"/><temp name="T416"/><temp name="T490"/><temp name="T463"/><temp name="T496"/><temp name="T405"/><temp name="T361"/><temp name="T398"/><temp name="T441"/><temp name="T381"/><temp name="T337"/><temp name="T447"/></temps></instruction><instruction code="LDA T307, _x"><temps name="use"/><temps name="def"><temp name="T307"/></temps><temps name="in"><temp name="T308"/><temp name="T316"/><temp name="T331"/><temp name="T328"/><temp name="T423"/><temp name="T390"/><temp name="T8"/><temp name="T453"/><temp name="T310"/><temp name="T384"/><temp name="T457"/><temp name="T349"/><temp name="T410"/><temp name="T469"/><temp name="T353"/><temp name="T346"/><temp name="T479"/><temp name="T473"/><temp name="T484"/><temp name="T373"/><temp name="T323"/><temp name="T429"/><temp name="T433"/><temp name="T367"/><temp name="T340"/><temp name="T416"/><temp name="T490"/><temp name="T463"/><temp name="T496"/><temp name="T405"/><temp name="T361"/><temp name="T398"/><temp name="T441"/><temp name="T381"/><temp name="T337"/><temp name="T447"/></temps><temps name="out"><temp name="T308"/><temp name="T316"/><temp name="T331"/><temp name="T328"/><temp name="T423"/><temp name="T390"/><temp name="T8"/><temp name="T453"/><temp name="T310"/><temp name="T384"/><temp name="T457"/><temp name="T349"/><temp name="T410"/><temp name="T469"/><temp name="T353"/><temp name="T346"/><temp name="T479"/><temp name="T473"/><temp name="T484"/><temp name="T373"/><temp name="T323"/><temp name="T429"/><temp name="T433"/><temp name="T367"/><temp name="T340"/><temp name="T416"/><temp name="T490"/><temp name="T463"/><temp name="T496"/><temp name="T405"/><temp name="T361"/><temp name="T398"/><temp name="T441"/><temp name="T381"/><temp name="T307"/><temp name="T337"/><temp name="T447"/></temps></instruction><instruction code="PUSHJ $15, T307, 0"><temps name="use"><temp name="T307"/></temps><temps name="def"/><temps name="in"><temp name="T308"/><temp name="T316"/><temp name="T331"/><temp name="T328"/><temp name="T423"/><temp name="T390"/><temp name="T8"/><temp name="T453"/><temp name="T310"/><temp name="T384"/><temp name="T457"/><temp name="T349"/><temp name="T410"/><temp name="T469"/><temp name="T353"/><temp name="T346"/><temp name="T479"/><temp name="T473"/><temp name="T484"/><temp name="T373"/><temp name="T323"/><temp name="T429"/><temp name="T433"/><temp name="T367"/><temp name="T340"/><temp name="T416"/><temp name="T490"/><temp name="T463"/><temp name="T496"/><temp name="T405"/><temp name="T361"/><temp name="T398"/><temp name="T441"/><temp name="T381"/><temp name="T307"/><temp name="T337"/><temp name="T447"/></temps><temps name="out"><temp name="T308"/><temp name="T316"/><temp name="T331"/><temp name="T328"/><temp name="T423"/><temp name="T390"/><temp name="T8"/><temp name="T453"/><temp name="T310"/><temp name="T384"/><temp name="T457"/><temp name="T349"/><temp name="T410"/><temp name="T469"/><temp name="T353"/><temp name="T346"/><temp name="T479"/><temp name="T473"/><temp name="T484"/><temp name="T373"/><temp name="T323"/><temp name="T429"/><temp name="T433"/><temp name="T367"/><temp name="T340"/><temp name="T416"/><temp name="T490"/><temp name="T463"/><temp name="T496"/><temp name="T405"/><temp name="T361"/><temp name="T398"/><temp name="T441"/><temp name="T381"/><temp name="T337"/><temp name="T447"/></temps></instruction><instruction code="OR T87, T308, 0"><temps name="use"><temp name="T308"/></temps><temps name="def"><temp name="T87"/></temps><temps name="in"><temp name="T308"/><temp name="T316"/><temp name="T331"/><temp name="T328"/><temp name="T423"/><temp name="T390"/><temp name="T8"/><temp name="T453"/><temp name="T310"/><temp name="T384"/><temp name="T457"/><temp name="T349"/><temp name="T410"/><temp name="T469"/><temp name="T353"/><temp name="T346"/><temp name="T479"/><temp name="T473"/><temp name="T484"/><temp name="T373"/><temp name="T323"/><temp name="T429"/><temp name="T433"/><temp name="T367"/><temp name="T340"/><temp name="T416"/><temp name="T490"/><temp name="T463"/><temp name="T496"/><temp name="T405"/><temp name="T361"/><temp name="T398"/><temp name="T441"/><temp name="T381"/><temp name="T337"/><temp name="T447"/></temps><temps name="out"><temp name="T316"/><temp name="T331"/><temp name="T328"/><temp name="T423"/><temp name="T390"/><temp name="T8"/><temp name="T453"/><temp name="T310"/><temp name="T384"/><temp name="T457"/><temp name="T349"/><temp name="T410"/><temp name="T469"/><temp name="T353"/><temp name="T346"/><temp name="T479"/><temp name="T473"/><temp name="T484"/><temp name="T373"/><temp name="T323"/><temp name="T429"/><temp name="T433"/><temp name="T367"/><temp name="T340"/><temp name="T416"/><temp name="T490"/><temp name="T463"/><temp name="T496"/><temp name="T405"/><temp name="T361"/><temp name="T398"/><temp name="T441"/><temp name="T381"/><temp name="T337"/><temp name="T447"/></temps></instruction><instruction code="LDA T309, _ptt"><temps name="use"/><temps name="def"><temp name="T309"/></temps><temps name="in"><temp name="T316"/><temp name="T331"/><temp name="T328"/><temp name="T423"/><temp name="T390"/><temp name="T8"/><temp name="T453"/><temp name="T310"/><temp name="T384"/><temp name="T457"/><temp name="T349"/><temp name="T410"/><temp name="T469"/><temp name="T353"/><temp name="T346"/><temp name="T479"/><temp name="T473"/><temp name="T484"/><temp name="T373"/><temp name="T323"/><temp name="T429"/><temp name="T433"/><temp name="T367"/><temp name="T340"/><temp name="T416"/><temp name="T490"/><temp name="T463"/><temp name="T496"/><temp name="T405"/><temp name="T361"/><temp name="T398"/><temp name="T441"/><temp name="T381"/><temp name="T337"/><temp name="T447"/></temps><temps name="out"><temp name="T316"/><temp name="T331"/><temp name="T328"/><temp name="T423"/><temp name="T390"/><temp name="T8"/><temp name="T453"/><temp name="T310"/><temp name="T384"/><temp name="T457"/><temp name="T349"/><temp name="T410"/><temp name="T469"/><temp name="T353"/><temp name="T346"/><temp name="T479"/><temp name="T473"/><temp name="T484"/><temp name="T373"/><temp name="T323"/><temp name="T429"/><temp name="T433"/><temp name="T367"/><temp name="T340"/><temp name="T416"/><temp name="T490"/><temp name="T463"/><temp name="T309"/><temp name="T496"/><temp name="T405"/><temp name="T361"/><temp name="T398"/><temp name="T441"/><temp name="T381"/><temp name="T337"/><temp name="T447"/></temps></instruction><instruction code="OR T88, T309, 0"><temps name="use"><temp name="T309"/></temps><temps name="def"><temp name="T88"/></temps><temps name="in"><temp name="T316"/><temp name="T331"/><temp name="T328"/><temp name="T423"/><temp name="T390"/><temp name="T8"/><temp name="T453"/><temp name="T310"/><temp name="T384"/><temp name="T457"/><temp name="T349"/><temp name="T410"/><temp name="T469"/><temp name="T353"/><temp name="T346"/><temp name="T479"/><temp name="T473"/><temp name="T484"/><temp name="T373"/><temp name="T323"/><temp name="T429"/><temp name="T433"/><temp name="T367"/><temp name="T340"/><temp name="T416"/><temp name="T490"/><temp name="T463"/><temp name="T309"/><temp name="T496"/><temp name="T405"/><temp name="T361"/><temp name="T398"/><temp name="T441"/><temp name="T381"/><temp name="T337"/><temp name="T447"/></temps><temps name="out"><temp name="T316"/><temp name="T331"/><temp name="T328"/><temp name="T423"/><temp name="T390"/><temp name="T8"/><temp name="T453"/><temp name="T310"/><temp name="T384"/><temp name="T457"/><temp name="T349"/><temp name="T410"/><temp name="T469"/><temp name="T353"/><temp name="T346"/><temp name="T479"/><temp name="T473"/><temp name="T484"/><temp name="T373"/><temp name="T323"/><temp name="T429"/><temp name="T433"/><temp name="T367"/><temp name="T340"/><temp name="T416"/><temp name="T490"/><temp name="T463"/><temp name="T496"/><temp name="T405"/><temp name="T361"/><temp name="T398"/><temp name="T441"/><temp name="T381"/><temp name="T337"/><temp name="T447"/></temps></instruction><instruction code="LDO T311, T310, 0"><temps name="use"><temp name="T310"/></temps><temps name="def"><temp name="T311"/></temps><temps name="in"><temp name="T316"/><temp name="T331"/><temp name="T328"/><temp name="T423"/><temp name="T390"/><temp name="T8"/><temp name="T453"/><temp name="T310"/><temp name="T384"/><temp name="T457"/><temp name="T349"/><temp name="T410"/><temp name="T469"/><temp name="T353"/><temp name="T346"/><temp name="T479"/><temp name="T473"/><temp name="T484"/><temp name="T373"/><temp name="T323"/><temp name="T429"/><temp name="T433"/><temp name="T367"/><temp name="T340"/><temp name="T416"/><temp name="T490"/><temp name="T463"/><temp name="T496"/><temp name="T405"/><temp name="T361"/><temp name="T398"/><temp name="T441"/><temp name="T381"/><temp name="T337"/><temp name="T447"/></temps><temps name="out"><temp name="T316"/><temp name="T331"/><temp name="T328"/><temp name="T423"/><temp name="T390"/><temp name="T8"/><temp name="T453"/><temp name="T384"/><temp name="T457"/><temp name="T349"/><temp name="T410"/><temp name="T469"/><temp name="T353"/><temp name="T346"/><temp name="T479"/><temp name="T473"/><temp name="T484"/><temp name="T373"/><temp name="T323"/><temp name="T429"/><temp name="T433"/><temp name="T367"/><temp name="T340"/><temp name="T416"/><temp name="T490"/><temp name="T463"/><temp name="T496"/><temp name="T405"/><temp name="T311"/><temp name="T361"/><temp name="T398"/><temp name="T441"/><temp name="T381"/><temp name="T337"/><temp name="T447"/></temps></instruction><instruction code="OR T89, T311, 0"><temps name="use"><temp name="T311"/></temps><temps name="def"><temp name="T89"/></temps><temps name="in"><temp name="T316"/><temp name="T331"/><temp name="T328"/><temp name="T423"/><temp name="T390"/><temp name="T8"/><temp name="T453"/><temp name="T384"/><temp name="T457"/><temp name="T349"/><temp name="T410"/><temp name="T469"/><temp name="T353"/><temp name="T346"/><temp name="T479"/><temp name="T473"/><temp name="T484"/><temp name="T373"/><temp name="T323"/><temp name="T429"/><temp name="T433"/><temp name="T367"/><temp name="T340"/><temp name="T416"/><temp name="T490"/><temp name="T463"/><temp name="T496"/><temp name="T405"/><temp name="T311"/><temp name="T361"/><temp name="T398"/><temp name="T441"/><temp name="T381"/><temp name="T337"/><temp name="T447"/></temps><temps name="out"><temp name="T316"/><temp name="T331"/><temp name="T328"/><temp name="T423"/><temp name="T390"/><temp name="T8"/><temp name="T453"/><temp name="T384"/><temp name="T457"/><temp name="T349"/><temp name="T410"/><temp name="T469"/><temp name="T353"/><temp name="T346"/><temp name="T479"/><temp name="T473"/><temp name="T484"/><temp name="T373"/><temp name="T89"/><temp name="T323"/><temp name="T429"/><temp name="T433"/><temp name="T367"/><temp name="T340"/><temp name="T416"/><temp name="T490"/><temp name="T463"/><temp name="T496"/><temp name="T405"/><temp name="T361"/><temp name="T398"/><temp name="T441"/><temp name="T381"/><temp name="T337"/><temp name="T447"/></temps></instruction><instruction code="SETL  T312, 3"><temps name="use"/><temps name="def"><temp name="T312"/></temps><temps name="in"><temp name="T316"/><temp name="T331"/><temp name="T328"/><temp name="T423"/><temp name="T390"/><temp name="T8"/><temp name="T453"/><temp name="T384"/><temp name="T457"/><temp name="T349"/><temp name="T410"/><temp name="T469"/><temp name="T353"/><temp name="T346"/><temp name="T479"/><temp name="T473"/><temp name="T484"/><temp name="T373"/><temp name="T89"/><temp name="T323"/><temp name="T429"/><temp name="T433"/><temp name="T367"/><temp name="T340"/><temp name="T416"/><temp name="T490"/><temp name="T463"/><temp name="T496"/><temp name="T405"/><temp name="T361"/><temp name="T398"/><temp name="T441"/><temp name="T381"/><temp name="T337"/><temp name="T447"/></temps><temps name="out"><temp name="T316"/><temp name="T331"/><temp name="T328"/><temp name="T423"/><temp name="T390"/><temp name="T8"/><temp name="T453"/><temp name="T384"/><temp name="T457"/><temp name="T349"/><temp name="T410"/><temp name="T469"/><temp name="T353"/><temp name="T346"/><temp name="T479"/><temp name="T473"/><temp name="T484"/><temp name="T373"/><temp name="T89"/><temp name="T323"/><temp name="T429"/><temp name="T433"/><temp name="T367"/><temp name="T340"/><temp name="T416"/><temp name="T490"/><temp name="T463"/><temp name="T496"/><temp name="T405"/><temp name="T361"/><temp name="T398"/><temp name="T441"/><temp name="T381"/><temp name="T337"/><temp name="T447"/></temps></instruction><instruction code="INCML T312, 0"><temps name="use"/><temps name="def"><temp name="T312"/></temps><temps name="in"><temp name="T316"/><temp name="T331"/><temp name="T328"/><temp name="T423"/><temp name="T390"/><temp name="T8"/><temp name="T453"/><temp name="T384"/><temp name="T457"/><temp name="T349"/><temp name="T410"/><temp name="T469"/><temp name="T353"/><temp name="T346"/><temp name="T479"/><temp name="T473"/><temp name="T484"/><temp name="T373"/><temp name="T89"/><temp name="T323"/><temp name="T429"/><temp name="T433"/><temp name="T367"/><temp name="T340"/><temp name="T416"/><temp name="T490"/><temp name="T463"/><temp name="T496"/><temp name="T405"/><temp name="T361"/><temp name="T398"/><temp name="T441"/><temp name="T381"/><temp name="T337"/><temp name="T447"/></temps><temps name="out"><temp name="T316"/><temp name="T331"/><temp name="T328"/><temp name="T423"/><temp name="T390"/><temp name="T8"/><temp name="T453"/><temp name="T384"/><temp name="T457"/><temp name="T349"/><temp name="T410"/><temp name="T469"/><temp name="T353"/><temp name="T346"/><temp name="T479"/><temp name="T473"/><temp name="T484"/><temp name="T373"/><temp name="T89"/><temp name="T323"/><temp name="T429"/><temp name="T433"/><temp name="T367"/><temp name="T340"/><temp name="T416"/><temp name="T490"/><temp name="T463"/><temp name="T496"/><temp name="T405"/><temp name="T361"/><temp name="T398"/><temp name="T441"/><temp name="T381"/><temp name="T337"/><temp name="T447"/></temps></instruction><instruction code="INCMH T312, 0"><temps name="use"/><temps name="def"><temp name="T312"/></temps><temps name="in"><temp name="T316"/><temp name="T331"/><temp name="T328"/><temp name="T423"/><temp name="T390"/><temp name="T8"/><temp name="T453"/><temp name="T384"/><temp name="T457"/><temp name="T349"/><temp name="T410"/><temp name="T469"/><temp name="T353"/><temp name="T346"/><temp name="T479"/><temp name="T473"/><temp name="T484"/><temp name="T373"/><temp name="T89"/><temp name="T323"/><temp name="T429"/><temp name="T433"/><temp name="T367"/><temp name="T340"/><temp name="T416"/><temp name="T490"/><temp name="T463"/><temp name="T496"/><temp name="T405"/><temp name="T361"/><temp name="T398"/><temp name="T441"/><temp name="T381"/><temp name="T337"/><temp name="T447"/></temps><temps name="out"><temp name="T316"/><temp name="T331"/><temp name="T328"/><temp name="T423"/><temp name="T390"/><temp name="T8"/><temp name="T453"/><temp name="T384"/><temp name="T457"/><temp name="T349"/><temp name="T410"/><temp name="T469"/><temp name="T353"/><temp name="T346"/><temp name="T479"/><temp name="T473"/><temp name="T484"/><temp name="T373"/><temp name="T89"/><temp name="T323"/><temp name="T429"/><temp name="T433"/><temp name="T367"/><temp name="T340"/><temp name="T416"/><temp name="T490"/><temp name="T463"/><temp name="T496"/><temp name="T405"/><temp name="T361"/><temp name="T398"/><temp name="T441"/><temp name="T381"/><temp name="T337"/><temp name="T447"/></temps></instruction><instruction code="INCH  T312, 0"><temps name="use"/><temps name="def"><temp name="T312"/></temps><temps name="in"><temp name="T316"/><temp name="T331"/><temp name="T328"/><temp name="T423"/><temp name="T390"/><temp name="T8"/><temp name="T453"/><temp name="T384"/><temp name="T457"/><temp name="T349"/><temp name="T410"/><temp name="T469"/><temp name="T353"/><temp name="T346"/><temp name="T479"/><temp name="T473"/><temp name="T484"/><temp name="T373"/><temp name="T89"/><temp name="T323"/><temp name="T429"/><temp name="T433"/><temp name="T367"/><temp name="T340"/><temp name="T416"/><temp name="T490"/><temp name="T463"/><temp name="T496"/><temp name="T405"/><temp name="T361"/><temp name="T398"/><temp name="T441"/><temp name="T381"/><temp name="T337"/><temp name="T447"/></temps><temps name="out"><temp name="T316"/><temp name="T331"/><temp name="T328"/><temp name="T423"/><temp name="T390"/><temp name="T8"/><temp name="T453"/><temp name="T384"/><temp name="T457"/><temp name="T349"/><temp name="T410"/><temp name="T469"/><temp name="T353"/><temp name="T346"/><temp name="T479"/><temp name="T473"/><temp name="T484"/><temp name="T373"/><temp name="T89"/><temp name="T323"/><temp name="T429"/><temp name="T433"/><temp name="T367"/><temp name="T340"/><temp name="T416"/><temp name="T490"/><temp name="T463"/><temp name="T496"/><temp name="T312"/><temp name="T405"/><temp name="T361"/><temp name="T398"/><temp name="T441"/><temp name="T381"/><temp name="T337"/><temp name="T447"/></temps></instruction><instruction code="OR T90, T312, 0"><temps name="use"><temp name="T312"/></temps><temps name="def"><temp name="T90"/></temps><temps name="in"><temp name="T316"/><temp name="T331"/><temp name="T328"/><temp name="T423"/><temp name="T390"/><temp name="T8"/><temp name="T453"/><temp name="T384"/><temp name="T457"/><temp name="T349"/><temp name="T410"/><temp name="T469"/><temp name="T353"/><temp name="T346"/><temp name="T479"/><temp name="T473"/><temp name="T484"/><temp name="T373"/><temp name="T89"/><temp name="T323"/><temp name="T429"/><temp name="T433"/><temp name="T367"/><temp name="T340"/><temp name="T416"/><temp name="T490"/><temp name="T463"/><temp name="T496"/><temp name="T312"/><temp name="T405"/><temp name="T361"/><temp name="T398"/><temp name="T441"/><temp name="T381"/><temp name="T337"/><temp name="T447"/></temps><temps name="out"><temp name="T316"/><temp name="T331"/><temp name="T328"/><temp name="T423"/><temp name="T390"/><temp name="T8"/><temp name="T453"/><temp name="T384"/><temp name="T457"/><temp name="T349"/><temp name="T410"/><temp name="T469"/><temp name="T353"/><temp name="T346"/><temp name="T479"/><temp name="T90"/><temp name="T473"/><temp name="T484"/><temp name="T373"/><temp name="T89"/><temp name="T323"/><temp name="T429"/><temp name="T433"/><temp name="T367"/><temp name="T340"/><temp name="T416"/><temp name="T490"/><temp name="T463"/><temp name="T496"/><temp name="T405"/><temp name="T361"/><temp name="T398"/><temp name="T441"/><temp name="T381"/><temp name="T337"/><temp name="T447"/></temps></instruction><instruction code="ADD T313, T89, T90"><temps name="use"><temp name="T89"/><temp name="T90"/></temps><temps name="def"><temp name="T313"/></temps><temps name="in"><temp name="T316"/><temp name="T331"/><temp name="T328"/><temp name="T423"/><temp name="T390"/><temp name="T8"/><temp name="T453"/><temp name="T384"/><temp name="T457"/><temp name="T349"/><temp name="T410"/><temp name="T469"/><temp name="T353"/><temp name="T346"/><temp name="T479"/><temp name="T90"/><temp name="T473"/><temp name="T484"/><temp name="T373"/><temp name="T89"/><temp name="T323"/><temp name="T429"/><temp name="T433"/><temp name="T367"/><temp name="T340"/><temp name="T416"/><temp name="T490"/><temp name="T463"/><temp name="T496"/><temp name="T405"/><temp name="T361"/><temp name="T398"/><temp name="T441"/><temp name="T381"/><temp name="T337"/><temp name="T447"/></temps><temps name="out"><temp name="T316"/><temp name="T331"/><temp name="T328"/><temp name="T313"/><temp name="T423"/><temp name="T390"/><temp name="T8"/><temp name="T453"/><temp name="T384"/><temp name="T457"/><temp name="T349"/><temp name="T410"/><temp name="T469"/><temp name="T353"/><temp name="T346"/><temp name="T479"/><temp name="T473"/><temp name="T484"/><temp name="T373"/><temp name="T323"/><temp name="T429"/><temp name="T433"/><temp name="T367"/><temp name="T340"/><temp name="T416"/><temp name="T490"/><temp name="T463"/><temp name="T496"/><temp name="T405"/><temp name="T361"/><temp name="T398"/><temp name="T441"/><temp name="T381"/><temp name="T337"/><temp name="T447"/></temps></instruction><instruction code="OR T91, T313, 0"><temps name="use"><temp name="T313"/></temps><temps name="def"><temp name="T91"/></temps><temps name="in"><temp name="T316"/><temp name="T331"/><temp name="T328"/><temp name="T313"/><temp name="T423"/><temp name="T390"/><temp name="T8"/><temp name="T453"/><temp name="T384"/><temp name="T457"/><temp name="T349"/><temp name="T410"/><temp name="T469"/><temp name="T353"/><temp name="T346"/><temp name="T479"/><temp name="T473"/><temp name="T484"/><temp name="T373"/><temp name="T323"/><temp name="T429"/><temp name="T433"/><temp name="T367"/><temp name="T340"/><temp name="T416"/><temp name="T490"/><temp name="T463"/><temp name="T496"/><temp name="T405"/><temp name="T361"/><temp name="T398"/><temp name="T441"/><temp name="T381"/><temp name="T337"/><temp name="T447"/></temps><temps name="out"><temp name="T316"/><temp name="T331"/><temp name="T91"/><temp name="T328"/><temp name="T423"/><temp name="T390"/><temp name="T8"/><temp name="T453"/><temp name="T384"/><temp name="T457"/><temp name="T349"/><temp name="T410"/><temp name="T469"/><temp name="T353"/><temp name="T346"/><temp name="T479"/><temp name="T473"/><temp name="T484"/><temp name="T373"/><temp name="T323"/><temp name="T429"/><temp name="T433"/><temp name="T367"/><temp name="T340"/><temp name="T416"/><temp name="T490"/><temp name="T463"/><temp name="T496"/><temp name="T405"/><temp name="T361"/><temp name="T398"/><temp name="T441"/><temp name="T381"/><temp name="T337"/><temp name="T447"/></temps></instruction><instruction code="LDO T317, T316, 0"><temps name="use"><temp name="T316"/></temps><temps name="def"><temp name="T317"/></temps><temps name="in"><temp name="T316"/><temp name="T331"/><temp name="T91"/><temp name="T328"/><temp name="T423"/><temp name="T390"/><temp name="T8"/><temp name="T453"/><temp name="T384"/><temp name="T457"/><temp name="T349"/><temp name="T410"/><temp name="T469"/><temp name="T353"/><temp name="T346"/><temp name="T479"/><temp name="T473"/><temp name="T484"/><temp name="T373"/><temp name="T323"/><temp name="T429"/><temp name="T433"/><temp name="T367"/><temp name="T340"/><temp name="T416"/><temp name="T490"/><temp name="T463"/><temp name="T496"/><temp name="T405"/><temp name="T361"/><temp name="T398"/><temp name="T441"/><temp name="T381"/><temp name="T337"/><temp name="T447"/></temps><temps name="out"><temp name="T331"/><temp name="T91"/><temp name="T328"/><temp name="T423"/><temp name="T390"/><temp name="T8"/><temp name="T453"/><temp name="T384"/><temp name="T457"/><temp name="T349"/><temp name="T410"/><temp name="T469"/><temp name="T353"/><temp name="T346"/><temp name="T479"/><temp name="T473"/><temp name="T484"/><temp name="T373"/><temp name="T317"/><temp name="T323"/><temp name="T429"/><temp name="T433"/><temp name="T367"/><temp name="T340"/><temp name="T416"/><temp name="T490"/><temp name="T463"/><temp name="T496"/><temp name="T405"/><temp name="T361"/><temp name="T398"/><temp name="T441"/><temp name="T381"/><temp name="T337"/><temp name="T447"/></temps></instruction><instruction code="STO T317, T91, 0"><temps name="use"><temp name="T317"/><temp name="T91"/></temps><temps name="def"/><temps name="in"><temp name="T331"/><temp name="T91"/><temp name="T328"/><temp name="T423"/><temp name="T390"/><temp name="T8"/><temp name="T453"/><temp name="T384"/><temp name="T457"/><temp name="T349"/><temp name="T410"/><temp name="T469"/><temp name="T353"/><temp name="T346"/><temp name="T479"/><temp name="T473"/><temp name="T484"/><temp name="T373"/><temp name="T317"/><temp name="T323"/><temp name="T429"/><temp name="T433"/><temp name="T367"/><temp name="T340"/><temp name="T416"/><temp name="T490"/><temp name="T463"/><temp name="T496"/><temp name="T405"/><temp name="T361"/><temp name="T398"/><temp name="T441"/><temp name="T381"/><temp name="T337"/><temp name="T447"/></temps><temps name="out"><temp name="T331"/><temp name="T328"/><temp name="T423"/><temp name="T390"/><temp name="T8"/><temp name="T453"/><temp name="T384"/><temp name="T457"/><temp name="T349"/><temp name="T410"/><temp name="T469"/><temp name="T353"/><temp name="T346"/><temp name="T479"/><temp name="T473"/><temp name="T484"/><temp name="T373"/><temp name="T323"/><temp name="T429"/><temp name="T433"/><temp name="T367"/><temp name="T340"/><temp name="T416"/><temp name="T490"/><temp name="T463"/><temp name="T496"/><temp name="T405"/><temp name="T361"/><temp name="T398"/><temp name="T441"/><temp name="T381"/><temp name="T337"/><temp name="T447"/></temps></instruction><instruction code="OR T92, T8, 0"><temps name="use"><temp name="T8"/></temps><temps name="def"><temp name="T92"/></temps><temps name="in"><temp name="T331"/><temp name="T328"/><temp name="T423"/><temp name="T390"/><temp name="T8"/><temp name="T453"/><temp name="T384"/><temp name="T457"/><temp name="T349"/><temp name="T410"/><temp name="T469"/><temp name="T353"/><temp name="T346"/><temp name="T479"/><temp name="T473"/><temp name="T484"/><temp name="T373"/><temp name="T323"/><temp name="T429"/><temp name="T433"/><temp name="T367"/><temp name="T340"/><temp name="T416"/><temp name="T490"/><temp name="T463"/><temp name="T496"/><temp name="T405"/><temp name="T361"/><temp name="T398"/><temp name="T441"/><temp name="T381"/><temp name="T337"/><temp name="T447"/></temps><temps name="out"><temp name="T331"/><temp name="T328"/><temp name="T423"/><temp name="T390"/><temp name="T8"/><temp name="T453"/><temp name="T384"/><temp name="T457"/><temp name="T349"/><temp name="T410"/><temp name="T469"/><temp name="T353"/><temp name="T346"/><temp name="T92"/><temp name="T479"/><temp name="T473"/><temp name="T484"/><temp name="T373"/><temp name="T323"/><temp name="T429"/><temp name="T433"/><temp name="T367"/><temp name="T340"/><temp name="T416"/><temp name="T490"/><temp name="T463"/><temp name="T496"/><temp name="T405"/><temp name="T361"/><temp name="T398"/><temp name="T441"/><temp name="T381"/><temp name="T337"/><temp name="T447"/></temps></instruction><instruction code="SETL  T318, 3"><temps name="use"/><temps name="def"><temp name="T318"/></temps><temps name="in"><temp name="T331"/><temp name="T328"/><temp name="T423"/><temp name="T390"/><temp name="T8"/><temp name="T453"/><temp name="T384"/><temp name="T457"/><temp name="T349"/><temp name="T410"/><temp name="T469"/><temp name="T353"/><temp name="T346"/><temp name="T92"/><temp name="T479"/><temp name="T473"/><temp name="T484"/><temp name="T373"/><temp name="T323"/><temp name="T429"/><temp name="T433"/><temp name="T367"/><temp name="T340"/><temp name="T416"/><temp name="T490"/><temp name="T463"/><temp name="T496"/><temp name="T405"/><temp name="T361"/><temp name="T398"/><temp name="T441"/><temp name="T381"/><temp name="T337"/><temp name="T447"/></temps><temps name="out"><temp name="T331"/><temp name="T328"/><temp name="T423"/><temp name="T390"/><temp name="T8"/><temp name="T453"/><temp name="T384"/><temp name="T457"/><temp name="T349"/><temp name="T410"/><temp name="T469"/><temp name="T353"/><temp name="T346"/><temp name="T92"/><temp name="T479"/><temp name="T473"/><temp name="T484"/><temp name="T373"/><temp name="T323"/><temp name="T429"/><temp name="T433"/><temp name="T367"/><temp name="T340"/><temp name="T416"/><temp name="T490"/><temp name="T463"/><temp name="T496"/><temp name="T405"/><temp name="T361"/><temp name="T398"/><temp name="T441"/><temp name="T381"/><temp name="T337"/><temp name="T447"/></temps></instruction><instruction code="INCML T318, 0"><temps name="use"/><temps name="def"><temp name="T318"/></temps><temps name="in"><temp name="T331"/><temp name="T328"/><temp name="T423"/><temp name="T390"/><temp name="T8"/><temp name="T453"/><temp name="T384"/><temp name="T457"/><temp name="T349"/><temp name="T410"/><temp name="T469"/><temp name="T353"/><temp name="T346"/><temp name="T92"/><temp name="T479"/><temp name="T473"/><temp name="T484"/><temp name="T373"/><temp name="T323"/><temp name="T429"/><temp name="T433"/><temp name="T367"/><temp name="T340"/><temp name="T416"/><temp name="T490"/><temp name="T463"/><temp name="T496"/><temp name="T405"/><temp name="T361"/><temp name="T398"/><temp name="T441"/><temp name="T381"/><temp name="T337"/><temp name="T447"/></temps><temps name="out"><temp name="T331"/><temp name="T328"/><temp name="T423"/><temp name="T390"/><temp name="T8"/><temp name="T453"/><temp name="T384"/><temp name="T457"/><temp name="T349"/><temp name="T410"/><temp name="T469"/><temp name="T353"/><temp name="T346"/><temp name="T92"/><temp name="T479"/><temp name="T473"/><temp name="T484"/><temp name="T373"/><temp name="T323"/><temp name="T429"/><temp name="T433"/><temp name="T367"/><temp name="T340"/><temp name="T416"/><temp name="T490"/><temp name="T463"/><temp name="T496"/><temp name="T405"/><temp name="T361"/><temp name="T398"/><temp name="T441"/><temp name="T381"/><temp name="T337"/><temp name="T447"/></temps></instruction><instruction code="INCMH T318, 0"><temps name="use"/><temps name="def"><temp name="T318"/></temps><temps name="in"><temp name="T331"/><temp name="T328"/><temp name="T423"/><temp name="T390"/><temp name="T8"/><temp name="T453"/><temp name="T384"/><temp name="T457"/><temp name="T349"/><temp name="T410"/><temp name="T469"/><temp name="T353"/><temp name="T346"/><temp name="T92"/><temp name="T479"/><temp name="T473"/><temp name="T484"/><temp name="T373"/><temp name="T323"/><temp name="T429"/><temp name="T433"/><temp name="T367"/><temp name="T340"/><temp name="T416"/><temp name="T490"/><temp name="T463"/><temp name="T496"/><temp name="T405"/><temp name="T361"/><temp name="T398"/><temp name="T441"/><temp name="T381"/><temp name="T337"/><temp name="T447"/></temps><temps name="out"><temp name="T331"/><temp name="T328"/><temp name="T423"/><temp name="T390"/><temp name="T8"/><temp name="T453"/><temp name="T384"/><temp name="T457"/><temp name="T349"/><temp name="T410"/><temp name="T469"/><temp name="T353"/><temp name="T346"/><temp name="T92"/><temp name="T479"/><temp name="T473"/><temp name="T484"/><temp name="T373"/><temp name="T323"/><temp name="T429"/><temp name="T433"/><temp name="T367"/><temp name="T340"/><temp name="T416"/><temp name="T490"/><temp name="T463"/><temp name="T496"/><temp name="T405"/><temp name="T361"/><temp name="T398"/><temp name="T441"/><temp name="T381"/><temp name="T337"/><temp name="T447"/></temps></instruction><instruction code="INCH  T318, 0"><temps name="use"/><temps name="def"><temp name="T318"/></temps><temps name="in"><temp name="T331"/><temp name="T328"/><temp name="T423"/><temp name="T390"/><temp name="T8"/><temp name="T453"/><temp name="T384"/><temp name="T457"/><temp name="T349"/><temp name="T410"/><temp name="T469"/><temp name="T353"/><temp name="T346"/><temp name="T92"/><temp name="T479"/><temp name="T473"/><temp name="T484"/><temp name="T373"/><temp name="T323"/><temp name="T429"/><temp name="T433"/><temp name="T367"/><temp name="T340"/><temp name="T416"/><temp name="T490"/><temp name="T463"/><temp name="T496"/><temp name="T405"/><temp name="T361"/><temp name="T398"/><temp name="T441"/><temp name="T381"/><temp name="T337"/><temp name="T447"/></temps><temps name="out"><temp name="T331"/><temp name="T328"/><temp name="T423"/><temp name="T390"/><temp name="T8"/><temp name="T453"/><temp name="T384"/><temp name="T457"/><temp name="T349"/><temp name="T410"/><temp name="T469"/><temp name="T353"/><temp name="T346"/><temp name="T318"/><temp name="T92"/><temp name="T479"/><temp name="T473"/><temp name="T484"/><temp name="T373"/><temp name="T323"/><temp name="T429"/><temp name="T433"/><temp name="T367"/><temp name="T340"/><temp name="T416"/><temp name="T490"/><temp name="T463"/><temp name="T496"/><temp name="T405"/><temp name="T361"/><temp name="T398"/><temp name="T441"/><temp name="T381"/><temp name="T337"/><temp name="T447"/></temps></instruction><instruction code="OR T93, T318, 0"><temps name="use"><temp name="T318"/></temps><temps name="def"><temp name="T93"/></temps><temps name="in"><temp name="T331"/><temp name="T328"/><temp name="T423"/><temp name="T390"/><temp name="T8"/><temp name="T453"/><temp name="T384"/><temp name="T457"/><temp name="T349"/><temp name="T410"/><temp name="T469"/><temp name="T353"/><temp name="T346"/><temp name="T318"/><temp name="T92"/><temp name="T479"/><temp name="T473"/><temp name="T484"/><temp name="T373"/><temp name="T323"/><temp name="T429"/><temp name="T433"/><temp name="T367"/><temp name="T340"/><temp name="T416"/><temp name="T490"/><temp name="T463"/><temp name="T496"/><temp name="T405"/><temp name="T361"/><temp name="T398"/><temp name="T441"/><temp name="T381"/><temp name="T337"/><temp name="T447"/></temps><temps name="out"><temp name="T331"/><temp name="T328"/><temp name="T423"/><temp name="T390"/><temp name="T8"/><temp name="T453"/><temp name="T384"/><temp name="T457"/><temp name="T349"/><temp name="T410"/><temp name="T469"/><temp name="T353"/><temp name="T93"/><temp name="T346"/><temp name="T92"/><temp name="T479"/><temp name="T473"/><temp name="T484"/><temp name="T373"/><temp name="T323"/><temp name="T429"/><temp name="T433"/><temp name="T367"/><temp name="T340"/><temp name="T416"/><temp name="T490"/><temp name="T463"/><temp name="T496"/><temp name="T405"/><temp name="T361"/><temp name="T398"/><temp name="T441"/><temp name="T381"/><temp name="T337"/><temp name="T447"/></temps></instruction><instruction code="SETL  T319, 7"><temps name="use"/><temps name="def"><temp name="T319"/></temps><temps name="in"><temp name="T331"/><temp name="T328"/><temp name="T423"/><temp name="T390"/><temp name="T8"/><temp name="T453"/><temp name="T384"/><temp name="T457"/><temp name="T349"/><temp name="T410"/><temp name="T469"/><temp name="T353"/><temp name="T93"/><temp name="T346"/><temp name="T92"/><temp name="T479"/><temp name="T473"/><temp name="T484"/><temp name="T373"/><temp name="T323"/><temp name="T429"/><temp name="T433"/><temp name="T367"/><temp name="T340"/><temp name="T416"/><temp name="T490"/><temp name="T463"/><temp name="T496"/><temp name="T405"/><temp name="T361"/><temp name="T398"/><temp name="T441"/><temp name="T381"/><temp name="T337"/><temp name="T447"/></temps><temps name="out"><temp name="T331"/><temp name="T328"/><temp name="T423"/><temp name="T390"/><temp name="T8"/><temp name="T453"/><temp name="T384"/><temp name="T457"/><temp name="T349"/><temp name="T410"/><temp name="T469"/><temp name="T353"/><temp name="T93"/><temp name="T346"/><temp name="T92"/><temp name="T479"/><temp name="T473"/><temp name="T484"/><temp name="T373"/><temp name="T323"/><temp name="T429"/><temp name="T433"/><temp name="T367"/><temp name="T340"/><temp name="T416"/><temp name="T490"/><temp name="T463"/><temp name="T496"/><temp name="T405"/><temp name="T361"/><temp name="T398"/><temp name="T441"/><temp name="T381"/><temp name="T337"/><temp name="T447"/></temps></instruction><instruction code="INCML T319, 0"><temps name="use"/><temps name="def"><temp name="T319"/></temps><temps name="in"><temp name="T331"/><temp name="T328"/><temp name="T423"/><temp name="T390"/><temp name="T8"/><temp name="T453"/><temp name="T384"/><temp name="T457"/><temp name="T349"/><temp name="T410"/><temp name="T469"/><temp name="T353"/><temp name="T93"/><temp name="T346"/><temp name="T92"/><temp name="T479"/><temp name="T473"/><temp name="T484"/><temp name="T373"/><temp name="T323"/><temp name="T429"/><temp name="T433"/><temp name="T367"/><temp name="T340"/><temp name="T416"/><temp name="T490"/><temp name="T463"/><temp name="T496"/><temp name="T405"/><temp name="T361"/><temp name="T398"/><temp name="T441"/><temp name="T381"/><temp name="T337"/><temp name="T447"/></temps><temps name="out"><temp name="T331"/><temp name="T328"/><temp name="T423"/><temp name="T390"/><temp name="T8"/><temp name="T453"/><temp name="T384"/><temp name="T457"/><temp name="T349"/><temp name="T410"/><temp name="T469"/><temp name="T353"/><temp name="T93"/><temp name="T346"/><temp name="T92"/><temp name="T479"/><temp name="T473"/><temp name="T484"/><temp name="T373"/><temp name="T323"/><temp name="T429"/><temp name="T433"/><temp name="T367"/><temp name="T340"/><temp name="T416"/><temp name="T490"/><temp name="T463"/><temp name="T496"/><temp name="T405"/><temp name="T361"/><temp name="T398"/><temp name="T441"/><temp name="T381"/><temp name="T337"/><temp name="T447"/></temps></instruction><instruction code="INCMH T319, 0"><temps name="use"/><temps name="def"><temp name="T319"/></temps><temps name="in"><temp name="T331"/><temp name="T328"/><temp name="T423"/><temp name="T390"/><temp name="T8"/><temp name="T453"/><temp name="T384"/><temp name="T457"/><temp name="T349"/><temp name="T410"/><temp name="T469"/><temp name="T353"/><temp name="T93"/><temp name="T346"/><temp name="T92"/><temp name="T479"/><temp name="T473"/><temp name="T484"/><temp name="T373"/><temp name="T323"/><temp name="T429"/><temp name="T433"/><temp name="T367"/><temp name="T340"/><temp name="T416"/><temp name="T490"/><temp name="T463"/><temp name="T496"/><temp name="T405"/><temp name="T361"/><temp name="T398"/><temp name="T441"/><temp name="T381"/><temp name="T337"/><temp name="T447"/></temps><temps name="out"><temp name="T331"/><temp name="T328"/><temp name="T423"/><temp name="T390"/><temp name="T8"/><temp name="T453"/><temp name="T384"/><temp name="T457"/><temp name="T349"/><temp name="T410"/><temp name="T469"/><temp name="T353"/><temp name="T93"/><temp name="T346"/><temp name="T92"/><temp name="T479"/><temp name="T473"/><temp name="T484"/><temp name="T373"/><temp name="T323"/><temp name="T429"/><temp name="T433"/><temp name="T367"/><temp name="T340"/><temp name="T416"/><temp name="T490"/><temp name="T463"/><temp name="T496"/><temp name="T405"/><temp name="T361"/><temp name="T398"/><temp name="T441"/><temp name="T381"/><temp name="T337"/><temp name="T447"/></temps></instruction><instruction code="INCH  T319, 0"><temps name="use"/><temps name="def"><temp name="T319"/></temps><temps name="in"><temp name="T331"/><temp name="T328"/><temp name="T423"/><temp name="T390"/><temp name="T8"/><temp name="T453"/><temp name="T384"/><temp name="T457"/><temp name="T349"/><temp name="T410"/><temp name="T469"/><temp name="T353"/><temp name="T93"/><temp name="T346"/><temp name="T92"/><temp name="T479"/><temp name="T473"/><temp name="T484"/><temp name="T373"/><temp name="T323"/><temp name="T429"/><temp name="T433"/><temp name="T367"/><temp name="T340"/><temp name="T416"/><temp name="T490"/><temp name="T463"/><temp name="T496"/><temp name="T405"/><temp name="T361"/><temp name="T398"/><temp name="T441"/><temp name="T381"/><temp name="T337"/><temp name="T447"/></temps><temps name="out"><temp name="T331"/><temp name="T328"/><temp name="T423"/><temp name="T390"/><temp name="T8"/><temp name="T453"/><temp name="T384"/><temp name="T457"/><temp name="T349"/><temp name="T410"/><temp name="T469"/><temp name="T353"/><temp name="T93"/><temp name="T346"/><temp name="T92"/><temp name="T479"/><temp name="T473"/><temp name="T484"/><temp name="T373"/><temp name="T323"/><temp name="T429"/><temp name="T433"/><temp name="T367"/><temp name="T340"/><temp name="T416"/><temp name="T490"/><temp name="T463"/><temp name="T319"/><temp name="T496"/><temp name="T405"/><temp name="T361"/><temp name="T398"/><temp name="T441"/><temp name="T381"/><temp name="T337"/><temp name="T447"/></temps></instruction><instruction code="OR T94, T319, 0"><temps name="use"><temp name="T319"/></temps><temps name="def"><temp name="T94"/></temps><temps name="in"><temp name="T331"/><temp name="T328"/><temp name="T423"/><temp name="T390"/><temp name="T8"/><temp name="T453"/><temp name="T384"/><temp name="T457"/><temp name="T349"/><temp name="T410"/><temp name="T469"/><temp name="T353"/><temp name="T93"/><temp name="T346"/><temp name="T92"/><temp name="T479"/><temp name="T473"/><temp name="T484"/><temp name="T373"/><temp name="T323"/><temp name="T429"/><temp name="T433"/><temp name="T367"/><temp name="T340"/><temp name="T416"/><temp name="T490"/><temp name="T463"/><temp name="T319"/><temp name="T496"/><temp name="T405"/><temp name="T361"/><temp name="T398"/><temp name="T441"/><temp name="T381"/><temp name="T337"/><temp name="T447"/></temps><temps name="out"><temp name="T331"/><temp name="T328"/><temp name="T423"/><temp name="T390"/><temp name="T8"/><temp name="T453"/><temp name="T384"/><temp name="T457"/><temp name="T349"/><temp name="T410"/><temp name="T469"/><temp name="T353"/><temp name="T93"/><temp name="T346"/><temp name="T92"/><temp name="T479"/><temp name="T473"/><temp name="T484"/><temp name="T373"/><temp name="T323"/><temp name="T429"/><temp name="T433"/><temp name="T367"/><temp name="T340"/><temp name="T416"/><temp name="T490"/><temp name="T463"/><temp name="T496"/><temp name="T405"/><temp name="T361"/><temp name="T398"/><temp name="T441"/><temp name="T94"/><temp name="T381"/><temp name="T337"/><temp name="T447"/></temps></instruction><instruction code="ADD T320, T93, T94"><temps name="use"><temp name="T93"/><temp name="T94"/></temps><temps name="def"><temp name="T320"/></temps><temps name="in"><temp name="T331"/><temp name="T328"/><temp name="T423"/><temp name="T390"/><temp name="T8"/><temp name="T453"/><temp name="T384"/><temp name="T457"/><temp name="T349"/><temp name="T410"/><temp name="T469"/><temp name="T353"/><temp name="T93"/><temp name="T346"/><temp name="T92"/><temp name="T479"/><temp name="T473"/><temp name="T484"/><temp name="T373"/><temp name="T323"/><temp name="T429"/><temp name="T433"/><temp name="T367"/><temp name="T340"/><temp name="T416"/><temp name="T490"/><temp name="T463"/><temp name="T496"/><temp name="T405"/><temp name="T361"/><temp name="T398"/><temp name="T441"/><temp name="T94"/><temp name="T381"/><temp name="T337"/><temp name="T447"/></temps><temps name="out"><temp name="T331"/><temp name="T320"/><temp name="T328"/><temp name="T423"/><temp name="T390"/><temp name="T8"/><temp name="T453"/><temp name="T384"/><temp name="T457"/><temp name="T349"/><temp name="T410"/><temp name="T469"/><temp name="T353"/><temp name="T346"/><temp name="T92"/><temp name="T479"/><temp name="T473"/><temp name="T484"/><temp name="T373"/><temp name="T323"/><temp name="T429"/><temp name="T433"/><temp name="T367"/><temp name="T340"/><temp name="T416"/><temp name="T490"/><temp name="T463"/><temp name="T496"/><temp name="T405"/><temp name="T361"/><temp name="T398"/><temp name="T441"/><temp name="T381"/><temp name="T337"/><temp name="T447"/></temps></instruction><instruction code="OR T95, T320, 0"><temps name="use"><temp name="T320"/></temps><temps name="def"><temp name="T95"/></temps><temps name="in"><temp name="T331"/><temp name="T320"/><temp name="T328"/><temp name="T423"/><temp name="T390"/><temp name="T8"/><temp name="T453"/><temp name="T384"/><temp name="T457"/><temp name="T349"/><temp name="T410"/><temp name="T469"/><temp name="T353"/><temp name="T346"/><temp name="T92"/><temp name="T479"/><temp name="T473"/><temp name="T484"/><temp name="T373"/><temp name="T323"/><temp name="T429"/><temp name="T433"/><temp name="T367"/><temp name="T340"/><temp name="T416"/><temp name="T490"/><temp name="T463"/><temp name="T496"/><temp name="T405"/><temp name="T361"/><temp name="T398"/><temp name="T441"/><temp name="T381"/><temp name="T337"/><temp name="T447"/></temps><temps name="out"><temp name="T331"/><temp name="T95"/><temp name="T328"/><temp name="T423"/><temp name="T390"/><temp name="T8"/><temp name="T453"/><temp name="T384"/><temp name="T457"/><temp name="T349"/><temp name="T410"/><temp name="T469"/><temp name="T353"/><temp name="T346"/><temp name="T92"/><temp name="T479"/><temp name="T473"/><temp name="T484"/><temp name="T373"/><temp name="T323"/><temp name="T429"/><temp name="T433"/><temp name="T367"/><temp name="T340"/><temp name="T416"/><temp name="T490"/><temp name="T463"/><temp name="T496"/><temp name="T405"/><temp name="T361"/><temp name="T398"/><temp name="T441"/><temp name="T381"/><temp name="T337"/><temp name="T447"/></temps></instruction><instruction code="SETL  T321, 3"><temps name="use"/><temps name="def"><temp name="T321"/></temps><temps name="in"><temp name="T331"/><temp name="T95"/><temp name="T328"/><temp name="T423"/><temp name="T390"/><temp name="T8"/><temp name="T453"/><temp name="T384"/><temp name="T457"/><temp name="T349"/><temp name="T410"/><temp name="T469"/><temp name="T353"/><temp name="T346"/><temp name="T92"/><temp name="T479"/><temp name="T473"/><temp name="T484"/><temp name="T373"/><temp name="T323"/><temp name="T429"/><temp name="T433"/><temp name="T367"/><temp name="T340"/><temp name="T416"/><temp name="T490"/><temp name="T463"/><temp name="T496"/><temp name="T405"/><temp name="T361"/><temp name="T398"/><temp name="T441"/><temp name="T381"/><temp name="T337"/><temp name="T447"/></temps><temps name="out"><temp name="T331"/><temp name="T95"/><temp name="T328"/><temp name="T423"/><temp name="T390"/><temp name="T8"/><temp name="T453"/><temp name="T384"/><temp name="T457"/><temp name="T349"/><temp name="T410"/><temp name="T469"/><temp name="T353"/><temp name="T346"/><temp name="T92"/><temp name="T479"/><temp name="T473"/><temp name="T484"/><temp name="T373"/><temp name="T323"/><temp name="T429"/><temp name="T433"/><temp name="T367"/><temp name="T340"/><temp name="T416"/><temp name="T490"/><temp name="T463"/><temp name="T496"/><temp name="T405"/><temp name="T361"/><temp name="T398"/><temp name="T441"/><temp name="T381"/><temp name="T337"/><temp name="T447"/></temps></instruction><instruction code="INCML T321, 0"><temps name="use"/><temps name="def"><temp name="T321"/></temps><temps name="in"><temp name="T331"/><temp name="T95"/><temp name="T328"/><temp name="T423"/><temp name="T390"/><temp name="T8"/><temp name="T453"/><temp name="T384"/><temp name="T457"/><temp name="T349"/><temp name="T410"/><temp name="T469"/><temp name="T353"/><temp name="T346"/><temp name="T92"/><temp name="T479"/><temp name="T473"/><temp name="T484"/><temp name="T373"/><temp name="T323"/><temp name="T429"/><temp name="T433"/><temp name="T367"/><temp name="T340"/><temp name="T416"/><temp name="T490"/><temp name="T463"/><temp name="T496"/><temp name="T405"/><temp name="T361"/><temp name="T398"/><temp name="T441"/><temp name="T381"/><temp name="T337"/><temp name="T447"/></temps><temps name="out"><temp name="T331"/><temp name="T95"/><temp name="T328"/><temp name="T423"/><temp name="T390"/><temp name="T8"/><temp name="T453"/><temp name="T384"/><temp name="T457"/><temp name="T349"/><temp name="T410"/><temp name="T469"/><temp name="T353"/><temp name="T346"/><temp name="T92"/><temp name="T479"/><temp name="T473"/><temp name="T484"/><temp name="T373"/><temp name="T323"/><temp name="T429"/><temp name="T433"/><temp name="T367"/><temp name="T340"/><temp name="T416"/><temp name="T490"/><temp name="T463"/><temp name="T496"/><temp name="T405"/><temp name="T361"/><temp name="T398"/><temp name="T441"/><temp name="T381"/><temp name="T337"/><temp name="T447"/></temps></instruction><instruction code="INCMH T321, 0"><temps name="use"/><temps name="def"><temp name="T321"/></temps><temps name="in"><temp name="T331"/><temp name="T95"/><temp name="T328"/><temp name="T423"/><temp name="T390"/><temp name="T8"/><temp name="T453"/><temp name="T384"/><temp name="T457"/><temp name="T349"/><temp name="T410"/><temp name="T469"/><temp name="T353"/><temp name="T346"/><temp name="T92"/><temp name="T479"/><temp name="T473"/><temp name="T484"/><temp name="T373"/><temp name="T323"/><temp name="T429"/><temp name="T433"/><temp name="T367"/><temp name="T340"/><temp name="T416"/><temp name="T490"/><temp name="T463"/><temp name="T496"/><temp name="T405"/><temp name="T361"/><temp name="T398"/><temp name="T441"/><temp name="T381"/><temp name="T337"/><temp name="T447"/></temps><temps name="out"><temp name="T331"/><temp name="T95"/><temp name="T328"/><temp name="T423"/><temp name="T390"/><temp name="T8"/><temp name="T453"/><temp name="T384"/><temp name="T457"/><temp name="T349"/><temp name="T410"/><temp name="T469"/><temp name="T353"/><temp name="T346"/><temp name="T92"/><temp name="T479"/><temp name="T473"/><temp name="T484"/><temp name="T373"/><temp name="T323"/><temp name="T429"/><temp name="T433"/><temp name="T367"/><temp name="T340"/><temp name="T416"/><temp name="T490"/><temp name="T463"/><temp name="T496"/><temp name="T405"/><temp name="T361"/><temp name="T398"/><temp name="T441"/><temp name="T381"/><temp name="T337"/><temp name="T447"/></temps></instruction><instruction code="INCH  T321, 0"><temps name="use"/><temps name="def"><temp name="T321"/></temps><temps name="in"><temp name="T331"/><temp name="T95"/><temp name="T328"/><temp name="T423"/><temp name="T390"/><temp name="T8"/><temp name="T453"/><temp name="T384"/><temp name="T457"/><temp name="T349"/><temp name="T410"/><temp name="T469"/><temp name="T353"/><temp name="T346"/><temp name="T92"/><temp name="T479"/><temp name="T473"/><temp name="T484"/><temp name="T373"/><temp name="T323"/><temp name="T429"/><temp name="T433"/><temp name="T367"/><temp name="T340"/><temp name="T416"/><temp name="T490"/><temp name="T463"/><temp name="T496"/><temp name="T405"/><temp name="T361"/><temp name="T398"/><temp name="T441"/><temp name="T381"/><temp name="T337"/><temp name="T447"/></temps><temps name="out"><temp name="T331"/><temp name="T95"/><temp name="T321"/><temp name="T328"/><temp name="T423"/><temp name="T390"/><temp name="T8"/><temp name="T453"/><temp name="T384"/><temp name="T457"/><temp name="T349"/><temp name="T410"/><temp name="T469"/><temp name="T353"/><temp name="T346"/><temp name="T92"/><temp name="T479"/><temp name="T473"/><temp name="T484"/><temp name="T373"/><temp name="T323"/><temp name="T429"/><temp name="T433"/><temp name="T367"/><temp name="T340"/><temp name="T416"/><temp name="T490"/><temp name="T463"/><temp name="T496"/><temp name="T405"/><temp name="T361"/><temp name="T398"/><temp name="T441"/><temp name="T381"/><temp name="T337"/><temp name="T447"/></temps></instruction><instruction code="OR T96, T321, 0"><temps name="use"><temp name="T321"/></temps><temps name="def"><temp name="T96"/></temps><temps name="in"><temp name="T331"/><temp name="T95"/><temp name="T321"/><temp name="T328"/><temp name="T423"/><temp name="T390"/><temp name="T8"/><temp name="T453"/><temp name="T384"/><temp name="T457"/><temp name="T349"/><temp name="T410"/><temp name="T469"/><temp name="T353"/><temp name="T346"/><temp name="T92"/><temp name="T479"/><temp name="T473"/><temp name="T484"/><temp name="T373"/><temp name="T323"/><temp name="T429"/><temp name="T433"/><temp name="T367"/><temp name="T340"/><temp name="T416"/><temp name="T490"/><temp name="T463"/><temp name="T496"/><temp name="T405"/><temp name="T361"/><temp name="T398"/><temp name="T441"/><temp name="T381"/><temp name="T337"/><temp name="T447"/></temps><temps name="out"><temp name="T96"/><temp name="T331"/><temp name="T95"/><temp name="T328"/><temp name="T423"/><temp name="T390"/><temp name="T8"/><temp name="T453"/><temp name="T384"/><temp name="T457"/><temp name="T349"/><temp name="T410"/><temp name="T469"/><temp name="T353"/><temp name="T346"/><temp name="T92"/><temp name="T479"/><temp name="T473"/><temp name="T484"/><temp name="T373"/><temp name="T323"/><temp name="T429"/><temp name="T433"/><temp name="T367"/><temp name="T340"/><temp name="T416"/><temp name="T490"/><temp name="T463"/><temp name="T496"/><temp name="T405"/><temp name="T361"/><temp name="T398"/><temp name="T441"/><temp name="T381"/><temp name="T337"/><temp name="T447"/></temps></instruction><instruction code="STO T92, $254, 8"><temps name="use"><temp name="T92"/></temps><temps name="def"/><temps name="in"><temp name="T96"/><temp name="T331"/><temp name="T95"/><temp name="T328"/><temp name="T423"/><temp name="T390"/><temp name="T8"/><temp name="T453"/><temp name="T384"/><temp name="T457"/><temp name="T349"/><temp name="T410"/><temp name="T469"/><temp name="T353"/><temp name="T346"/><temp name="T92"/><temp name="T479"/><temp name="T473"/><temp name="T484"/><temp name="T373"/><temp name="T323"/><temp name="T429"/><temp name="T433"/><temp name="T367"/><temp name="T340"/><temp name="T416"/><temp name="T490"/><temp name="T463"/><temp name="T496"/><temp name="T405"/><temp name="T361"/><temp name="T398"/><temp name="T441"/><temp name="T381"/><temp name="T337"/><temp name="T447"/></temps><temps name="out"><temp name="T96"/><temp name="T331"/><temp name="T95"/><temp name="T328"/><temp name="T423"/><temp name="T390"/><temp name="T8"/><temp name="T453"/><temp name="T384"/><temp name="T457"/><temp name="T349"/><temp name="T410"/><temp name="T469"/><temp name="T353"/><temp name="T346"/><temp name="T479"/><temp name="T473"/><temp name="T484"/><temp name="T373"/><temp name="T323"/><temp name="T429"/><temp name="T433"/><temp name="T367"/><temp name="T340"/><temp name="T416"/><temp name="T490"/><temp name="T463"/><temp name="T496"/><temp name="T405"/><temp name="T361"/><temp name="T398"/><temp name="T441"/><temp name="T381"/><temp name="T337"/><temp name="T447"/></temps></instruction><instruction code="STO T95, $254, 16"><temps name="use"><temp name="T95"/></temps><temps name="def"/><temps name="in"><temp name="T96"/><temp name="T331"/><temp name="T95"/><temp name="T328"/><temp name="T423"/><temp name="T390"/><temp name="T8"/><temp name="T453"/><temp name="T384"/><temp name="T457"/><temp name="T349"/><temp name="T410"/><temp name="T469"/><temp name="T353"/><temp name="T346"/><temp name="T479"/><temp name="T473"/><temp name="T484"/><temp name="T373"/><temp name="T323"/><temp name="T429"/><temp name="T433"/><temp name="T367"/><temp name="T340"/><temp name="T416"/><temp name="T490"/><temp name="T463"/><temp name="T496"/><temp name="T405"/><temp name="T361"/><temp name="T398"/><temp name="T441"/><temp name="T381"/><temp name="T337"/><temp name="T447"/></temps><temps name="out"><temp name="T96"/><temp name="T331"/><temp name="T328"/><temp name="T423"/><temp name="T390"/><temp name="T8"/><temp name="T453"/><temp name="T384"/><temp name="T457"/><temp name="T349"/><temp name="T410"/><temp name="T469"/><temp name="T353"/><temp name="T346"/><temp name="T479"/><temp name="T473"/><temp name="T484"/><temp name="T373"/><temp name="T323"/><temp name="T429"/><temp name="T433"/><temp name="T367"/><temp name="T340"/><temp name="T416"/><temp name="T490"/><temp name="T463"/><temp name="T496"/><temp name="T405"/><temp name="T361"/><temp name="T398"/><temp name="T441"/><temp name="T381"/><temp name="T337"/><temp name="T447"/></temps></instruction><instruction code="STO T96, $254, 24"><temps name="use"><temp name="T96"/></temps><temps name="def"/><temps name="in"><temp name="T96"/><temp name="T331"/><temp name="T328"/><temp name="T423"/><temp name="T390"/><temp name="T8"/><temp name="T453"/><temp name="T384"/><temp name="T457"/><temp name="T349"/><temp name="T410"/><temp name="T469"/><temp name="T353"/><temp name="T346"/><temp name="T479"/><temp name="T473"/><temp name="T484"/><temp name="T373"/><temp name="T323"/><temp name="T429"/><temp name="T433"/><temp name="T367"/><temp name="T340"/><temp name="T416"/><temp name="T490"/><temp name="T463"/><temp name="T496"/><temp name="T405"/><temp name="T361"/><temp name="T398"/><temp name="T441"/><temp name="T381"/><temp name="T337"/><temp name="T447"/></temps><temps name="out"><temp name="T331"/><temp name="T328"/><temp name="T423"/><temp name="T390"/><temp name="T8"/><temp name="T453"/><temp name="T384"/><temp name="T457"/><temp name="T349"/><temp name="T410"/><temp name="T469"/><temp name="T353"/><temp name="T346"/><temp name="T479"/><temp name="T473"/><temp name="T484"/><temp name="T373"/><temp name="T323"/><temp name="T429"/><temp name="T433"/><temp name="T367"/><temp name="T340"/><temp name="T416"/><temp name="T490"/><temp name="T463"/><temp name="T496"/><temp name="T405"/><temp name="T361"/><temp name="T398"/><temp name="T441"/><temp name="T381"/><temp name="T337"/><temp name="T447"/></temps></instruction><instruction code="LDA T322, L0"><temps name="use"/><temps name="def"><temp name="T322"/></temps><temps name="in"><temp name="T331"/><temp name="T328"/><temp name="T423"/><temp name="T390"/><temp name="T8"/><temp name="T453"/><temp name="T384"/><temp name="T457"/><temp name="T349"/><temp name="T410"/><temp name="T469"/><temp name="T353"/><temp name="T346"/><temp name="T479"/><temp name="T473"/><temp name="T484"/><temp name="T373"/><temp name="T323"/><temp name="T429"/><temp name="T433"/><temp name="T367"/><temp name="T340"/><temp name="T416"/><temp name="T490"/><temp name="T463"/><temp name="T496"/><temp name="T405"/><temp name="T361"/><temp name="T398"/><temp name="T441"/><temp name="T381"/><temp name="T337"/><temp name="T447"/></temps><temps name="out"><temp name="T331"/><temp name="T328"/><temp name="T423"/><temp name="T390"/><temp name="T8"/><temp name="T453"/><temp name="T384"/><temp name="T457"/><temp name="T349"/><temp name="T410"/><temp name="T469"/><temp name="T353"/><temp name="T346"/><temp name="T479"/><temp name="T473"/><temp name="T484"/><temp name="T373"/><temp name="T323"/><temp name="T429"/><temp name="T433"/><temp name="T367"/><temp name="T340"/><temp name="T416"/><temp name="T490"/><temp name="T322"/><temp name="T463"/><temp name="T496"/><temp name="T405"/><temp name="T361"/><temp name="T398"/><temp name="T441"/><temp name="T381"/><temp name="T337"/><temp name="T447"/></temps></instruction><instruction code="PUSHJ $15, T322, 0"><temps name="use"><temp name="T322"/></temps><temps name="def"/><temps name="in"><temp name="T331"/><temp name="T328"/><temp name="T423"/><temp name="T390"/><temp name="T8"/><temp name="T453"/><temp name="T384"/><temp name="T457"/><temp name="T349"/><temp name="T410"/><temp name="T469"/><temp name="T353"/><temp name="T346"/><temp name="T479"/><temp name="T473"/><temp name="T484"/><temp name="T373"/><temp name="T323"/><temp name="T429"/><temp name="T433"/><temp name="T367"/><temp name="T340"/><temp name="T416"/><temp name="T490"/><temp name="T322"/><temp name="T463"/><temp name="T496"/><temp name="T405"/><temp name="T361"/><temp name="T398"/><temp name="T441"/><temp name="T381"/><temp name="T337"/><temp name="T447"/></temps><temps name="out"><temp name="T331"/><temp name="T328"/><temp name="T423"/><temp name="T390"/><temp name="T8"/><temp name="T453"/><temp name="T384"/><temp name="T457"/><temp name="T349"/><temp name="T410"/><temp name="T469"/><temp name="T353"/><temp name="T346"/><temp name="T479"/><temp name="T473"/><temp name="T484"/><temp name="T373"/><temp name="T323"/><temp name="T429"/><temp name="T433"/><temp name="T367"/><temp name="T340"/><temp name="T416"/><temp name="T490"/><temp name="T463"/><temp name="T496"/><temp name="T405"/><temp name="T361"/><temp name="T398"/><temp name="T441"/><temp name="T381"/><temp name="T337"/><temp name="T447"/></temps></instruction><instruction code="OR T97, T323, 0"><temps name="use"><temp name="T323"/></temps><temps name="def"><temp name="T97"/></temps><temps name="in"><temp name="T331"/><temp name="T328"/><temp name="T423"/><temp name="T390"/><temp name="T8"/><temp name="T453"/><temp name="T384"/><temp name="T457"/><temp name="T349"/><temp name="T410"/><temp name="T469"/><temp name="T353"/><temp name="T346"/><temp name="T479"/><temp name="T473"/><temp name="T484"/><temp name="T373"/><temp name="T323"/><temp name="T429"/><temp name="T433"/><temp name="T367"/><temp name="T340"/><temp name="T416"/><temp name="T490"/><temp name="T463"/><temp name="T496"/><temp name="T405"/><temp name="T361"/><temp name="T398"/><temp name="T441"/><temp name="T381"/><temp name="T337"/><temp name="T447"/></temps><temps name="out"><temp name="T331"/><temp name="T328"/><temp name="T423"/><temp name="T390"/><temp name="T8"/><temp name="T453"/><temp name="T384"/><temp name="T457"/><temp name="T349"/><temp name="T410"/><temp name="T469"/><temp name="T353"/><temp name="T346"/><temp name="T479"/><temp name="T473"/><temp name="T484"/><temp name="T373"/><temp name="T429"/><temp name="T433"/><temp name="T367"/><temp name="T340"/><temp name="T416"/><temp name="T490"/><temp name="T463"/><temp name="T496"/><temp name="T405"/><temp name="T361"/><temp name="T398"/><temp name="T441"/><temp name="T381"/><temp name="T337"/><temp name="T447"/></temps></instruction><instruction code="SETL  T324, 0"><temps name="use"/><temps name="def"><temp name="T324"/></temps><temps name="in"><temp name="T331"/><temp name="T328"/><temp name="T423"/><temp name="T390"/><temp name="T8"/><temp name="T453"/><temp name="T384"/><temp name="T457"/><temp name="T349"/><temp name="T410"/><temp name="T469"/><temp name="T353"/><temp name="T346"/><temp name="T479"/><temp name="T473"/><temp name="T484"/><temp name="T373"/><temp name="T429"/><temp name="T433"/><temp name="T367"/><temp name="T340"/><temp name="T416"/><temp name="T490"/><temp name="T463"/><temp name="T496"/><temp name="T405"/><temp name="T361"/><temp name="T398"/><temp name="T441"/><temp name="T381"/><temp name="T337"/><temp name="T447"/></temps><temps name="out"><temp name="T331"/><temp name="T328"/><temp name="T423"/><temp name="T390"/><temp name="T8"/><temp name="T453"/><temp name="T384"/><temp name="T457"/><temp name="T349"/><temp name="T410"/><temp name="T469"/><temp name="T353"/><temp name="T346"/><temp name="T479"/><temp name="T473"/><temp name="T484"/><temp name="T373"/><temp name="T429"/><temp name="T433"/><temp name="T367"/><temp name="T340"/><temp name="T416"/><temp name="T490"/><temp name="T463"/><temp name="T496"/><temp name="T405"/><temp name="T361"/><temp name="T398"/><temp name="T441"/><temp name="T381"/><temp name="T337"/><temp name="T447"/></temps></instruction><instruction code="INCML T324, 0"><temps name="use"/><temps name="def"><temp name="T324"/></temps><temps name="in"><temp name="T331"/><temp name="T328"/><temp name="T423"/><temp name="T390"/><temp name="T8"/><temp name="T453"/><temp name="T384"/><temp name="T457"/><temp name="T349"/><temp name="T410"/><temp name="T469"/><temp name="T353"/><temp name="T346"/><temp name="T479"/><temp name="T473"/><temp name="T484"/><temp name="T373"/><temp name="T429"/><temp name="T433"/><temp name="T367"/><temp name="T340"/><temp name="T416"/><temp name="T490"/><temp name="T463"/><temp name="T496"/><temp name="T405"/><temp name="T361"/><temp name="T398"/><temp name="T441"/><temp name="T381"/><temp name="T337"/><temp name="T447"/></temps><temps name="out"><temp name="T331"/><temp name="T328"/><temp name="T423"/><temp name="T390"/><temp name="T8"/><temp name="T453"/><temp name="T384"/><temp name="T457"/><temp name="T349"/><temp name="T410"/><temp name="T469"/><temp name="T353"/><temp name="T346"/><temp name="T479"/><temp name="T473"/><temp name="T484"/><temp name="T373"/><temp name="T429"/><temp name="T433"/><temp name="T367"/><temp name="T340"/><temp name="T416"/><temp name="T490"/><temp name="T463"/><temp name="T496"/><temp name="T405"/><temp name="T361"/><temp name="T398"/><temp name="T441"/><temp name="T381"/><temp name="T337"/><temp name="T447"/></temps></instruction><instruction code="INCMH T324, 0"><temps name="use"/><temps name="def"><temp name="T324"/></temps><temps name="in"><temp name="T331"/><temp name="T328"/><temp name="T423"/><temp name="T390"/><temp name="T8"/><temp name="T453"/><temp name="T384"/><temp name="T457"/><temp name="T349"/><temp name="T410"/><temp name="T469"/><temp name="T353"/><temp name="T346"/><temp name="T479"/><temp name="T473"/><temp name="T484"/><temp name="T373"/><temp name="T429"/><temp name="T433"/><temp name="T367"/><temp name="T340"/><temp name="T416"/><temp name="T490"/><temp name="T463"/><temp name="T496"/><temp name="T405"/><temp name="T361"/><temp name="T398"/><temp name="T441"/><temp name="T381"/><temp name="T337"/><temp name="T447"/></temps><temps name="out"><temp name="T331"/><temp name="T328"/><temp name="T423"/><temp name="T390"/><temp name="T8"/><temp name="T453"/><temp name="T384"/><temp name="T457"/><temp name="T349"/><temp name="T410"/><temp name="T469"/><temp name="T353"/><temp name="T346"/><temp name="T479"/><temp name="T473"/><temp name="T484"/><temp name="T373"/><temp name="T429"/><temp name="T433"/><temp name="T367"/><temp name="T340"/><temp name="T416"/><temp name="T490"/><temp name="T463"/><temp name="T496"/><temp name="T405"/><temp name="T361"/><temp name="T398"/><temp name="T441"/><temp name="T381"/><temp name="T337"/><temp name="T447"/></temps></instruction><instruction code="INCH  T324, 0"><temps name="use"/><temps name="def"><temp name="T324"/></temps><temps name="in"><temp name="T331"/><temp name="T328"/><temp name="T423"/><temp name="T390"/><temp name="T8"/><temp name="T453"/><temp name="T384"/><temp name="T457"/><temp name="T349"/><temp name="T410"/><temp name="T469"/><temp name="T353"/><temp name="T346"/><temp name="T479"/><temp name="T473"/><temp name="T484"/><temp name="T373"/><temp name="T429"/><temp name="T433"/><temp name="T367"/><temp name="T340"/><temp name="T416"/><temp name="T490"/><temp name="T463"/><temp name="T496"/><temp name="T405"/><temp name="T361"/><temp name="T398"/><temp name="T441"/><temp name="T381"/><temp name="T337"/><temp name="T447"/></temps><temps name="out"><temp name="T331"/><temp name="T328"/><temp name="T423"/><temp name="T390"/><temp name="T8"/><temp name="T453"/><temp name="T384"/><temp name="T457"/><temp name="T349"/><temp name="T410"/><temp name="T469"/><temp name="T353"/><temp name="T346"/><temp name="T479"/><temp name="T473"/><temp name="T484"/><temp name="T373"/><temp name="T429"/><temp name="T433"/><temp name="T367"/><temp name="T340"/><temp name="T416"/><temp name="T490"/><temp name="T463"/><temp name="T496"/><temp name="T405"/><temp name="T324"/><temp name="T361"/><temp name="T398"/><temp name="T441"/><temp name="T381"/><temp name="T337"/><temp name="T447"/></temps></instruction><instruction code="OR T98, T324, 0"><temps name="use"><temp name="T324"/></temps><temps name="def"><temp name="T98"/></temps><temps name="in"><temp name="T331"/><temp name="T328"/><temp name="T423"/><temp name="T390"/><temp name="T8"/><temp name="T453"/><temp name="T384"/><temp name="T457"/><temp name="T349"/><temp name="T410"/><temp name="T469"/><temp name="T353"/><temp name="T346"/><temp name="T479"/><temp name="T473"/><temp name="T484"/><temp name="T373"/><temp name="T429"/><temp name="T433"/><temp name="T367"/><temp name="T340"/><temp name="T416"/><temp name="T490"/><temp name="T463"/><temp name="T496"/><temp name="T405"/><temp name="T324"/><temp name="T361"/><temp name="T398"/><temp name="T441"/><temp name="T381"/><temp name="T337"/><temp name="T447"/></temps><temps name="out"><temp name="T331"/><temp name="T328"/><temp name="T423"/><temp name="T390"/><temp name="T8"/><temp name="T453"/><temp name="T384"/><temp name="T457"/><temp name="T349"/><temp name="T410"/><temp name="T469"/><temp name="T353"/><temp name="T346"/><temp name="T479"/><temp name="T473"/><temp name="T484"/><temp name="T373"/><temp name="T429"/><temp name="T433"/><temp name="T367"/><temp name="T340"/><temp name="T416"/><temp name="T490"/><temp name="T463"/><temp name="T496"/><temp name="T405"/><temp name="T361"/><temp name="T398"/><temp name="T441"/><temp name="T381"/><temp name="T337"/><temp name="T98"/><temp name="T447"/></temps></instruction><instruction code="SETL  T325, 1"><temps name="use"/><temps name="def"><temp name="T325"/></temps><temps name="in"><temp name="T331"/><temp name="T328"/><temp name="T423"/><temp name="T390"/><temp name="T8"/><temp name="T453"/><temp name="T384"/><temp name="T457"/><temp name="T349"/><temp name="T410"/><temp name="T469"/><temp name="T353"/><temp name="T346"/><temp name="T479"/><temp name="T473"/><temp name="T484"/><temp name="T373"/><temp name="T429"/><temp name="T433"/><temp name="T367"/><temp name="T340"/><temp name="T416"/><temp name="T490"/><temp name="T463"/><temp name="T496"/><temp name="T405"/><temp name="T361"/><temp name="T398"/><temp name="T441"/><temp name="T381"/><temp name="T337"/><temp name="T98"/><temp name="T447"/></temps><temps name="out"><temp name="T331"/><temp name="T328"/><temp name="T423"/><temp name="T390"/><temp name="T8"/><temp name="T453"/><temp name="T384"/><temp name="T457"/><temp name="T349"/><temp name="T410"/><temp name="T469"/><temp name="T353"/><temp name="T346"/><temp name="T479"/><temp name="T473"/><temp name="T484"/><temp name="T373"/><temp name="T429"/><temp name="T433"/><temp name="T367"/><temp name="T340"/><temp name="T416"/><temp name="T490"/><temp name="T463"/><temp name="T496"/><temp name="T405"/><temp name="T361"/><temp name="T398"/><temp name="T441"/><temp name="T381"/><temp name="T337"/><temp name="T98"/><temp name="T447"/></temps></instruction><instruction code="INCML T325, 0"><temps name="use"/><temps name="def"><temp name="T325"/></temps><temps name="in"><temp name="T331"/><temp name="T328"/><temp name="T423"/><temp name="T390"/><temp name="T8"/><temp name="T453"/><temp name="T384"/><temp name="T457"/><temp name="T349"/><temp name="T410"/><temp name="T469"/><temp name="T353"/><temp name="T346"/><temp name="T479"/><temp name="T473"/><temp name="T484"/><temp name="T373"/><temp name="T429"/><temp name="T433"/><temp name="T367"/><temp name="T340"/><temp name="T416"/><temp name="T490"/><temp name="T463"/><temp name="T496"/><temp name="T405"/><temp name="T361"/><temp name="T398"/><temp name="T441"/><temp name="T381"/><temp name="T337"/><temp name="T98"/><temp name="T447"/></temps><temps name="out"><temp name="T331"/><temp name="T328"/><temp name="T423"/><temp name="T390"/><temp name="T8"/><temp name="T453"/><temp name="T384"/><temp name="T457"/><temp name="T349"/><temp name="T410"/><temp name="T469"/><temp name="T353"/><temp name="T346"/><temp name="T479"/><temp name="T473"/><temp name="T484"/><temp name="T373"/><temp name="T429"/><temp name="T433"/><temp name="T367"/><temp name="T340"/><temp name="T416"/><temp name="T490"/><temp name="T463"/><temp name="T496"/><temp name="T405"/><temp name="T361"/><temp name="T398"/><temp name="T441"/><temp name="T381"/><temp name="T337"/><temp name="T98"/><temp name="T447"/></temps></instruction><instruction code="INCMH T325, 0"><temps name="use"/><temps name="def"><temp name="T325"/></temps><temps name="in"><temp name="T331"/><temp name="T328"/><temp name="T423"/><temp name="T390"/><temp name="T8"/><temp name="T453"/><temp name="T384"/><temp name="T457"/><temp name="T349"/><temp name="T410"/><temp name="T469"/><temp name="T353"/><temp name="T346"/><temp name="T479"/><temp name="T473"/><temp name="T484"/><temp name="T373"/><temp name="T429"/><temp name="T433"/><temp name="T367"/><temp name="T340"/><temp name="T416"/><temp name="T490"/><temp name="T463"/><temp name="T496"/><temp name="T405"/><temp name="T361"/><temp name="T398"/><temp name="T441"/><temp name="T381"/><temp name="T337"/><temp name="T98"/><temp name="T447"/></temps><temps name="out"><temp name="T331"/><temp name="T328"/><temp name="T423"/><temp name="T390"/><temp name="T8"/><temp name="T453"/><temp name="T384"/><temp name="T457"/><temp name="T349"/><temp name="T410"/><temp name="T469"/><temp name="T353"/><temp name="T346"/><temp name="T479"/><temp name="T473"/><temp name="T484"/><temp name="T373"/><temp name="T429"/><temp name="T433"/><temp name="T367"/><temp name="T340"/><temp name="T416"/><temp name="T490"/><temp name="T463"/><temp name="T496"/><temp name="T405"/><temp name="T361"/><temp name="T398"/><temp name="T441"/><temp name="T381"/><temp name="T337"/><temp name="T98"/><temp name="T447"/></temps></instruction><instruction code="INCH  T325, 0"><temps name="use"/><temps name="def"><temp name="T325"/></temps><temps name="in"><temp name="T331"/><temp name="T328"/><temp name="T423"/><temp name="T390"/><temp name="T8"/><temp name="T453"/><temp name="T384"/><temp name="T457"/><temp name="T349"/><temp name="T410"/><temp name="T469"/><temp name="T353"/><temp name="T346"/><temp name="T479"/><temp name="T473"/><temp name="T484"/><temp name="T373"/><temp name="T429"/><temp name="T433"/><temp name="T367"/><temp name="T340"/><temp name="T416"/><temp name="T490"/><temp name="T463"/><temp name="T496"/><temp name="T405"/><temp name="T361"/><temp name="T398"/><temp name="T441"/><temp name="T381"/><temp name="T337"/><temp name="T98"/><temp name="T447"/></temps><temps name="out"><temp name="T331"/><temp name="T328"/><temp name="T423"/><temp name="T390"/><temp name="T8"/><temp name="T453"/><temp name="T384"/><temp name="T457"/><temp name="T349"/><temp name="T410"/><temp name="T325"/><temp name="T469"/><temp name="T353"/><temp name="T346"/><temp name="T479"/><temp name="T473"/><temp name="T484"/><temp name="T373"/><temp name="T429"/><temp name="T433"/><temp name="T367"/><temp name="T340"/><temp name="T416"/><temp name="T490"/><temp name="T463"/><temp name="T496"/><temp name="T405"/><temp name="T361"/><temp name="T398"/><temp name="T441"/><temp name="T381"/><temp name="T337"/><temp name="T98"/><temp name="T447"/></temps></instruction><instruction code="OR T99, T325, 0"><temps name="use"><temp name="T325"/></temps><temps name="def"><temp name="T99"/></temps><temps name="in"><temp name="T331"/><temp name="T328"/><temp name="T423"/><temp name="T390"/><temp name="T8"/><temp name="T453"/><temp name="T384"/><temp name="T457"/><temp name="T349"/><temp name="T410"/><temp name="T325"/><temp name="T469"/><temp name="T353"/><temp name="T346"/><temp name="T479"/><temp name="T473"/><temp name="T484"/><temp name="T373"/><temp name="T429"/><temp name="T433"/><temp name="T367"/><temp name="T340"/><temp name="T416"/><temp name="T490"/><temp name="T463"/><temp name="T496"/><temp name="T405"/><temp name="T361"/><temp name="T398"/><temp name="T441"/><temp name="T381"/><temp name="T337"/><temp name="T98"/><temp name="T447"/></temps><temps name="out"><temp name="T331"/><temp name="T328"/><temp name="T423"/><temp name="T390"/><temp name="T8"/><temp name="T453"/><temp name="T384"/><temp name="T457"/><temp name="T349"/><temp name="T410"/><temp name="T469"/><temp name="T353"/><temp name="T346"/><temp name="T479"/><temp name="T473"/><temp name="T484"/><temp name="T373"/><temp name="T429"/><temp name="T433"/><temp name="T367"/><temp name="T340"/><temp name="T416"/><temp name="T490"/><temp name="T463"/><temp name="T99"/><temp name="T496"/><temp name="T405"/><temp name="T361"/><temp name="T398"/><temp name="T441"/><temp name="T381"/><temp name="T337"/><temp name="T98"/><temp name="T447"/></temps></instruction><instruction code="OR T100, T8, 0"><temps name="use"><temp name="T8"/></temps><temps name="def"><temp name="T100"/></temps><temps name="in"><temp name="T331"/><temp name="T328"/><temp name="T423"/><temp name="T390"/><temp name="T8"/><temp name="T453"/><temp name="T384"/><temp name="T457"/><temp name="T349"/><temp name="T410"/><temp name="T469"/><temp name="T353"/><temp name="T346"/><temp name="T479"/><temp name="T473"/><temp name="T484"/><temp name="T373"/><temp name="T429"/><temp name="T433"/><temp name="T367"/><temp name="T340"/><temp name="T416"/><temp name="T490"/><temp name="T463"/><temp name="T99"/><temp name="T496"/><temp name="T405"/><temp name="T361"/><temp name="T398"/><temp name="T441"/><temp name="T381"/><temp name="T337"/><temp name="T98"/><temp name="T447"/></temps><temps name="out"><temp name="T100"/><temp name="T331"/><temp name="T328"/><temp name="T423"/><temp name="T390"/><temp name="T8"/><temp name="T453"/><temp name="T384"/><temp name="T457"/><temp name="T349"/><temp name="T410"/><temp name="T469"/><temp name="T353"/><temp name="T346"/><temp name="T479"/><temp name="T473"/><temp name="T484"/><temp name="T373"/><temp name="T429"/><temp name="T433"/><temp name="T367"/><temp name="T340"/><temp name="T416"/><temp name="T490"/><temp name="T463"/><temp name="T99"/><temp name="T496"/><temp name="T405"/><temp name="T361"/><temp name="T398"/><temp name="T441"/><temp name="T381"/><temp name="T337"/><temp name="T98"/><temp name="T447"/></temps></instruction><instruction code="SETL  T326, 0"><temps name="use"/><temps name="def"><temp name="T326"/></temps><temps name="in"><temp name="T100"/><temp name="T331"/><temp name="T328"/><temp name="T423"/><temp name="T390"/><temp name="T8"/><temp name="T453"/><temp name="T384"/><temp name="T457"/><temp name="T349"/><temp name="T410"/><temp name="T469"/><temp name="T353"/><temp name="T346"/><temp name="T479"/><temp name="T473"/><temp name="T484"/><temp name="T373"/><temp name="T429"/><temp name="T433"/><temp name="T367"/><temp name="T340"/><temp name="T416"/><temp name="T490"/><temp name="T463"/><temp name="T99"/><temp name="T496"/><temp name="T405"/><temp name="T361"/><temp name="T398"/><temp name="T441"/><temp name="T381"/><temp name="T337"/><temp name="T98"/><temp name="T447"/></temps><temps name="out"><temp name="T100"/><temp name="T331"/><temp name="T328"/><temp name="T423"/><temp name="T390"/><temp name="T8"/><temp name="T453"/><temp name="T384"/><temp name="T457"/><temp name="T349"/><temp name="T410"/><temp name="T469"/><temp name="T353"/><temp name="T346"/><temp name="T479"/><temp name="T473"/><temp name="T484"/><temp name="T373"/><temp name="T429"/><temp name="T433"/><temp name="T367"/><temp name="T340"/><temp name="T416"/><temp name="T490"/><temp name="T463"/><temp name="T99"/><temp name="T496"/><temp name="T405"/><temp name="T361"/><temp name="T398"/><temp name="T441"/><temp name="T381"/><temp name="T337"/><temp name="T98"/><temp name="T447"/></temps></instruction><instruction code="INCML T326, 0"><temps name="use"/><temps name="def"><temp name="T326"/></temps><temps name="in"><temp name="T100"/><temp name="T331"/><temp name="T328"/><temp name="T423"/><temp name="T390"/><temp name="T8"/><temp name="T453"/><temp name="T384"/><temp name="T457"/><temp name="T349"/><temp name="T410"/><temp name="T469"/><temp name="T353"/><temp name="T346"/><temp name="T479"/><temp name="T473"/><temp name="T484"/><temp name="T373"/><temp name="T429"/><temp name="T433"/><temp name="T367"/><temp name="T340"/><temp name="T416"/><temp name="T490"/><temp name="T463"/><temp name="T99"/><temp name="T496"/><temp name="T405"/><temp name="T361"/><temp name="T398"/><temp name="T441"/><temp name="T381"/><temp name="T337"/><temp name="T98"/><temp name="T447"/></temps><temps name="out"><temp name="T100"/><temp name="T331"/><temp name="T328"/><temp name="T423"/><temp name="T390"/><temp name="T8"/><temp name="T453"/><temp name="T384"/><temp name="T457"/><temp name="T349"/><temp name="T410"/><temp name="T469"/><temp name="T353"/><temp name="T346"/><temp name="T479"/><temp name="T473"/><temp name="T484"/><temp name="T373"/><temp name="T429"/><temp name="T433"/><temp name="T367"/><temp name="T340"/><temp name="T416"/><temp name="T490"/><temp name="T463"/><temp name="T99"/><temp name="T496"/><temp name="T405"/><temp name="T361"/><temp name="T398"/><temp name="T441"/><temp name="T381"/><temp name="T337"/><temp name="T98"/><temp name="T447"/></temps></instruction><instruction code="INCMH T326, 0"><temps name="use"/><temps name="def"><temp name="T326"/></temps><temps name="in"><temp name="T100"/><temp name="T331"/><temp name="T328"/><temp name="T423"/><temp name="T390"/><temp name="T8"/><temp name="T453"/><temp name="T384"/><temp name="T457"/><temp name="T349"/><temp name="T410"/><temp name="T469"/><temp name="T353"/><temp name="T346"/><temp name="T479"/><temp name="T473"/><temp name="T484"/><temp name="T373"/><temp name="T429"/><temp name="T433"/><temp name="T367"/><temp name="T340"/><temp name="T416"/><temp name="T490"/><temp name="T463"/><temp name="T99"/><temp name="T496"/><temp name="T405"/><temp name="T361"/><temp name="T398"/><temp name="T441"/><temp name="T381"/><temp name="T337"/><temp name="T98"/><temp name="T447"/></temps><temps name="out"><temp name="T100"/><temp name="T331"/><temp name="T328"/><temp name="T423"/><temp name="T390"/><temp name="T8"/><temp name="T453"/><temp name="T384"/><temp name="T457"/><temp name="T349"/><temp name="T410"/><temp name="T469"/><temp name="T353"/><temp name="T346"/><temp name="T479"/><temp name="T473"/><temp name="T484"/><temp name="T373"/><temp name="T429"/><temp name="T433"/><temp name="T367"/><temp name="T340"/><temp name="T416"/><temp name="T490"/><temp name="T463"/><temp name="T99"/><temp name="T496"/><temp name="T405"/><temp name="T361"/><temp name="T398"/><temp name="T441"/><temp name="T381"/><temp name="T337"/><temp name="T98"/><temp name="T447"/></temps></instruction><instruction code="INCH  T326, 0"><temps name="use"/><temps name="def"><temp name="T326"/></temps><temps name="in"><temp name="T100"/><temp name="T331"/><temp name="T328"/><temp name="T423"/><temp name="T390"/><temp name="T8"/><temp name="T453"/><temp name="T384"/><temp name="T457"/><temp name="T349"/><temp name="T410"/><temp name="T469"/><temp name="T353"/><temp name="T346"/><temp name="T479"/><temp name="T473"/><temp name="T484"/><temp name="T373"/><temp name="T429"/><temp name="T433"/><temp name="T367"/><temp name="T340"/><temp name="T416"/><temp name="T490"/><temp name="T463"/><temp name="T99"/><temp name="T496"/><temp name="T405"/><temp name="T361"/><temp name="T398"/><temp name="T441"/><temp name="T381"/><temp name="T337"/><temp name="T98"/><temp name="T447"/></temps><temps name="out"><temp name="T100"/><temp name="T331"/><temp name="T328"/><temp name="T326"/><temp name="T423"/><temp name="T390"/><temp name="T8"/><temp name="T453"/><temp name="T384"/><temp name="T457"/><temp name="T349"/><temp name="T410"/><temp name="T469"/><temp name="T353"/><temp name="T346"/><temp name="T479"/><temp name="T473"/><temp name="T484"/><temp name="T373"/><temp name="T429"/><temp name="T433"/><temp name="T367"/><temp name="T340"/><temp name="T416"/><temp name="T490"/><temp name="T463"/><temp name="T99"/><temp name="T496"/><temp name="T405"/><temp name="T361"/><temp name="T398"/><temp name="T441"/><temp name="T381"/><temp name="T337"/><temp name="T98"/><temp name="T447"/></temps></instruction><instruction code="OR T101, T326, 0"><temps name="use"><temp name="T326"/></temps><temps name="def"><temp name="T101"/></temps><temps name="in"><temp name="T100"/><temp name="T331"/><temp name="T328"/><temp name="T326"/><temp name="T423"/><temp name="T390"/><temp name="T8"/><temp name="T453"/><temp name="T384"/><temp name="T457"/><temp name="T349"/><temp name="T410"/><temp name="T469"/><temp name="T353"/><temp name="T346"/><temp name="T479"/><temp name="T473"/><temp name="T484"/><temp name="T373"/><temp name="T429"/><temp name="T433"/><temp name="T367"/><temp name="T340"/><temp name="T416"/><temp name="T490"/><temp name="T463"/><temp name="T99"/><temp name="T496"/><temp name="T405"/><temp name="T361"/><temp name="T398"/><temp name="T441"/><temp name="T381"/><temp name="T337"/><temp name="T98"/><temp name="T447"/></temps><temps name="out"><temp name="T100"/><temp name="T331"/><temp name="T328"/><temp name="T423"/><temp name="T390"/><temp name="T8"/><temp name="T453"/><temp name="T384"/><temp name="T101"/><temp name="T457"/><temp name="T349"/><temp name="T410"/><temp name="T469"/><temp name="T353"/><temp name="T346"/><temp name="T479"/><temp name="T473"/><temp name="T484"/><temp name="T373"/><temp name="T429"/><temp name="T433"/><temp name="T367"/><temp name="T340"/><temp name="T416"/><temp name="T490"/><temp name="T463"/><temp name="T99"/><temp name="T496"/><temp name="T405"/><temp name="T361"/><temp name="T398"/><temp name="T441"/><temp name="T381"/><temp name="T337"/><temp name="T98"/><temp name="T447"/></temps></instruction><instruction code="STO T101, $254, 8"><temps name="use"><temp name="T101"/></temps><temps name="def"/><temps name="in"><temp name="T100"/><temp name="T331"/><temp name="T328"/><temp name="T423"/><temp name="T390"/><temp name="T8"/><temp name="T453"/><temp name="T384"/><temp name="T101"/><temp name="T457"/><temp name="T349"/><temp name="T410"/><temp name="T469"/><temp name="T353"/><temp name="T346"/><temp name="T479"/><temp name="T473"/><temp name="T484"/><temp name="T373"/><temp name="T429"/><temp name="T433"/><temp name="T367"/><temp name="T340"/><temp name="T416"/><temp name="T490"/><temp name="T463"/><temp name="T99"/><temp name="T496"/><temp name="T405"/><temp name="T361"/><temp name="T398"/><temp name="T441"/><temp name="T381"/><temp name="T337"/><temp name="T98"/><temp name="T447"/></temps><temps name="out"><temp name="T100"/><temp name="T331"/><temp name="T328"/><temp name="T423"/><temp name="T390"/><temp name="T8"/><temp name="T453"/><temp name="T384"/><temp name="T457"/><temp name="T349"/><temp name="T410"/><temp name="T469"/><temp name="T353"/><temp name="T346"/><temp name="T479"/><temp name="T473"/><temp name="T484"/><temp name="T373"/><temp name="T429"/><temp name="T433"/><temp name="T367"/><temp name="T340"/><temp name="T416"/><temp name="T490"/><temp name="T463"/><temp name="T99"/><temp name="T496"/><temp name="T405"/><temp name="T361"/><temp name="T398"/><temp name="T441"/><temp name="T381"/><temp name="T337"/><temp name="T98"/><temp name="T447"/></temps></instruction><instruction code="LDA T327, _x"><temps name="use"/><temps name="def"><temp name="T327"/></temps><temps name="in"><temp name="T100"/><temp name="T331"/><temp name="T328"/><temp name="T423"/><temp name="T390"/><temp name="T8"/><temp name="T453"/><temp name="T384"/><temp name="T457"/><temp name="T349"/><temp name="T410"/><temp name="T469"/><temp name="T353"/><temp name="T346"/><temp name="T479"/><temp name="T473"/><temp name="T484"/><temp name="T373"/><temp name="T429"/><temp name="T433"/><temp name="T367"/><temp name="T340"/><temp name="T416"/><temp name="T490"/><temp name="T463"/><temp name="T99"/><temp name="T496"/><temp name="T405"/><temp name="T361"/><temp name="T398"/><temp name="T441"/><temp name="T381"/><temp name="T337"/><temp name="T98"/><temp name="T447"/></temps><temps name="out"><temp name="T100"/><temp name="T331"/><temp name="T328"/><temp name="T423"/><temp name="T390"/><temp name="T8"/><temp name="T453"/><temp name="T384"/><temp name="T457"/><temp name="T349"/><temp name="T410"/><temp name="T469"/><temp name="T353"/><temp name="T346"/><temp name="T479"/><temp name="T473"/><temp name="T484"/><temp name="T373"/><temp name="T429"/><temp name="T433"/><temp name="T367"/><temp name="T340"/><temp name="T416"/><temp name="T490"/><temp name="T463"/><temp name="T99"/><temp name="T496"/><temp name="T405"/><temp name="T361"/><temp name="T398"/><temp name="T441"/><temp name="T381"/><temp name="T327"/><temp name="T337"/><temp name="T98"/><temp name="T447"/></temps></instruction><instruction code="PUSHJ $15, T327, 0"><temps name="use"><temp name="T327"/></temps><temps name="def"/><temps name="in"><temp name="T100"/><temp name="T331"/><temp name="T328"/><temp name="T423"/><temp name="T390"/><temp name="T8"/><temp name="T453"/><temp name="T384"/><temp name="T457"/><temp name="T349"/><temp name="T410"/><temp name="T469"/><temp name="T353"/><temp name="T346"/><temp name="T479"/><temp name="T473"/><temp name="T484"/><temp name="T373"/><temp name="T429"/><temp name="T433"/><temp name="T367"/><temp name="T340"/><temp name="T416"/><temp name="T490"/><temp name="T463"/><temp name="T99"/><temp name="T496"/><temp name="T405"/><temp name="T361"/><temp name="T398"/><temp name="T441"/><temp name="T381"/><temp name="T327"/><temp name="T337"/><temp name="T98"/><temp name="T447"/></temps><temps name="out"><temp name="T100"/><temp name="T331"/><temp name="T328"/><temp name="T423"/><temp name="T390"/><temp name="T8"/><temp name="T453"/><temp name="T384"/><temp name="T457"/><temp name="T349"/><temp name="T410"/><temp name="T469"/><temp name="T353"/><temp name="T346"/><temp name="T479"/><temp name="T473"/><temp name="T484"/><temp name="T373"/><temp name="T429"/><temp name="T433"/><temp name="T367"/><temp name="T340"/><temp name="T416"/><temp name="T490"/><temp name="T463"/><temp name="T99"/><temp name="T496"/><temp name="T405"/><temp name="T361"/><temp name="T398"/><temp name="T441"/><temp name="T381"/><temp name="T337"/><temp name="T98"/><temp name="T447"/></temps></instruction><instruction code="OR T102, T328, 0"><temps name="use"><temp name="T328"/></temps><temps name="def"><temp name="T102"/></temps><temps name="in"><temp name="T100"/><temp name="T331"/><temp name="T328"/><temp name="T423"/><temp name="T390"/><temp name="T8"/><temp name="T453"/><temp name="T384"/><temp name="T457"/><temp name="T349"/><temp name="T410"/><temp name="T469"/><temp name="T353"/><temp name="T346"/><temp name="T479"/><temp name="T473"/><temp name="T484"/><temp name="T373"/><temp name="T429"/><temp name="T433"/><temp name="T367"/><temp name="T340"/><temp name="T416"/><temp name="T490"/><temp name="T463"/><temp name="T99"/><temp name="T496"/><temp name="T405"/><temp name="T361"/><temp name="T398"/><temp name="T441"/><temp name="T381"/><temp name="T337"/><temp name="T98"/><temp name="T447"/></temps><temps name="out"><temp name="T100"/><temp name="T331"/><temp name="T423"/><temp name="T390"/><temp name="T8"/><temp name="T453"/><temp name="T384"/><temp name="T457"/><temp name="T349"/><temp name="T410"/><temp name="T469"/><temp name="T353"/><temp name="T346"/><temp name="T479"/><temp name="T102"/><temp name="T473"/><temp name="T484"/><temp name="T373"/><temp name="T429"/><temp name="T433"/><temp name="T367"/><temp name="T340"/><temp name="T416"/><temp name="T490"/><temp name="T463"/><temp name="T99"/><temp name="T496"/><temp name="T405"/><temp name="T361"/><temp name="T398"/><temp name="T441"/><temp name="T381"/><temp name="T337"/><temp name="T98"/><temp name="T447"/></temps></instruction><instruction code="SETL  T329, 1"><temps name="use"/><temps name="def"><temp name="T329"/></temps><temps name="in"><temp name="T100"/><temp name="T331"/><temp name="T423"/><temp name="T390"/><temp name="T8"/><temp name="T453"/><temp name="T384"/><temp name="T457"/><temp name="T349"/><temp name="T410"/><temp name="T469"/><temp name="T353"/><temp name="T346"/><temp name="T479"/><temp name="T102"/><temp name="T473"/><temp name="T484"/><temp name="T373"/><temp name="T429"/><temp name="T433"/><temp name="T367"/><temp name="T340"/><temp name="T416"/><temp name="T490"/><temp name="T463"/><temp name="T99"/><temp name="T496"/><temp name="T405"/><temp name="T361"/><temp name="T398"/><temp name="T441"/><temp name="T381"/><temp name="T337"/><temp name="T98"/><temp name="T447"/></temps><temps name="out"><temp name="T100"/><temp name="T331"/><temp name="T423"/><temp name="T390"/><temp name="T8"/><temp name="T453"/><temp name="T384"/><temp name="T457"/><temp name="T349"/><temp name="T410"/><temp name="T469"/><temp name="T353"/><temp name="T346"/><temp name="T479"/><temp name="T102"/><temp name="T473"/><temp name="T484"/><temp name="T373"/><temp name="T429"/><temp name="T433"/><temp name="T367"/><temp name="T340"/><temp name="T416"/><temp name="T490"/><temp name="T463"/><temp name="T99"/><temp name="T496"/><temp name="T405"/><temp name="T361"/><temp name="T398"/><temp name="T441"/><temp name="T381"/><temp name="T337"/><temp name="T98"/><temp name="T447"/></temps></instruction><instruction code="INCML T329, 0"><temps name="use"/><temps name="def"><temp name="T329"/></temps><temps name="in"><temp name="T100"/><temp name="T331"/><temp name="T423"/><temp name="T390"/><temp name="T8"/><temp name="T453"/><temp name="T384"/><temp name="T457"/><temp name="T349"/><temp name="T410"/><temp name="T469"/><temp name="T353"/><temp name="T346"/><temp name="T479"/><temp name="T102"/><temp name="T473"/><temp name="T484"/><temp name="T373"/><temp name="T429"/><temp name="T433"/><temp name="T367"/><temp name="T340"/><temp name="T416"/><temp name="T490"/><temp name="T463"/><temp name="T99"/><temp name="T496"/><temp name="T405"/><temp name="T361"/><temp name="T398"/><temp name="T441"/><temp name="T381"/><temp name="T337"/><temp name="T98"/><temp name="T447"/></temps><temps name="out"><temp name="T100"/><temp name="T331"/><temp name="T423"/><temp name="T390"/><temp name="T8"/><temp name="T453"/><temp name="T384"/><temp name="T457"/><temp name="T349"/><temp name="T410"/><temp name="T469"/><temp name="T353"/><temp name="T346"/><temp name="T479"/><temp name="T102"/><temp name="T473"/><temp name="T484"/><temp name="T373"/><temp name="T429"/><temp name="T433"/><temp name="T367"/><temp name="T340"/><temp name="T416"/><temp name="T490"/><temp name="T463"/><temp name="T99"/><temp name="T496"/><temp name="T405"/><temp name="T361"/><temp name="T398"/><temp name="T441"/><temp name="T381"/><temp name="T337"/><temp name="T98"/><temp name="T447"/></temps></instruction><instruction code="INCMH T329, 0"><temps name="use"/><temps name="def"><temp name="T329"/></temps><temps name="in"><temp name="T100"/><temp name="T331"/><temp name="T423"/><temp name="T390"/><temp name="T8"/><temp name="T453"/><temp name="T384"/><temp name="T457"/><temp name="T349"/><temp name="T410"/><temp name="T469"/><temp name="T353"/><temp name="T346"/><temp name="T479"/><temp name="T102"/><temp name="T473"/><temp name="T484"/><temp name="T373"/><temp name="T429"/><temp name="T433"/><temp name="T367"/><temp name="T340"/><temp name="T416"/><temp name="T490"/><temp name="T463"/><temp name="T99"/><temp name="T496"/><temp name="T405"/><temp name="T361"/><temp name="T398"/><temp name="T441"/><temp name="T381"/><temp name="T337"/><temp name="T98"/><temp name="T447"/></temps><temps name="out"><temp name="T100"/><temp name="T331"/><temp name="T423"/><temp name="T390"/><temp name="T8"/><temp name="T453"/><temp name="T384"/><temp name="T457"/><temp name="T349"/><temp name="T410"/><temp name="T469"/><temp name="T353"/><temp name="T346"/><temp name="T479"/><temp name="T102"/><temp name="T473"/><temp name="T484"/><temp name="T373"/><temp name="T429"/><temp name="T433"/><temp name="T367"/><temp name="T340"/><temp name="T416"/><temp name="T490"/><temp name="T463"/><temp name="T99"/><temp name="T496"/><temp name="T405"/><temp name="T361"/><temp name="T398"/><temp name="T441"/><temp name="T381"/><temp name="T337"/><temp name="T98"/><temp name="T447"/></temps></instruction><instruction code="INCH  T329, 0"><temps name="use"/><temps name="def"><temp name="T329"/></temps><temps name="in"><temp name="T100"/><temp name="T331"/><temp name="T423"/><temp name="T390"/><temp name="T8"/><temp name="T453"/><temp name="T384"/><temp name="T457"/><temp name="T349"/><temp name="T410"/><temp name="T469"/><temp name="T353"/><temp name="T346"/><temp name="T479"/><temp name="T102"/><temp name="T473"/><temp name="T484"/><temp name="T373"/><temp name="T429"/><temp name="T433"/><temp name="T367"/><temp name="T340"/><temp name="T416"/><temp name="T490"/><temp name="T463"/><temp name="T99"/><temp name="T496"/><temp name="T405"/><temp name="T361"/><temp name="T398"/><temp name="T441"/><temp name="T381"/><temp name="T337"/><temp name="T98"/><temp name="T447"/></temps><temps name="out"><temp name="T329"/><temp name="T100"/><temp name="T331"/><temp name="T423"/><temp name="T390"/><temp name="T8"/><temp name="T453"/><temp name="T384"/><temp name="T457"/><temp name="T349"/><temp name="T410"/><temp name="T469"/><temp name="T353"/><temp name="T346"/><temp name="T479"/><temp name="T102"/><temp name="T473"/><temp name="T484"/><temp name="T373"/><temp name="T429"/><temp name="T433"/><temp name="T367"/><temp name="T340"/><temp name="T416"/><temp name="T490"/><temp name="T463"/><temp name="T99"/><temp name="T496"/><temp name="T405"/><temp name="T361"/><temp name="T398"/><temp name="T441"/><temp name="T381"/><temp name="T337"/><temp name="T98"/><temp name="T447"/></temps></instruction><instruction code="OR T103, T329, 0"><temps name="use"><temp name="T329"/></temps><temps name="def"><temp name="T103"/></temps><temps name="in"><temp name="T329"/><temp name="T100"/><temp name="T331"/><temp name="T423"/><temp name="T390"/><temp name="T8"/><temp name="T453"/><temp name="T384"/><temp name="T457"/><temp name="T349"/><temp name="T410"/><temp name="T469"/><temp name="T353"/><temp name="T346"/><temp name="T479"/><temp name="T102"/><temp name="T473"/><temp name="T484"/><temp name="T373"/><temp name="T429"/><temp name="T433"/><temp name="T367"/><temp name="T340"/><temp name="T416"/><temp name="T490"/><temp name="T463"/><temp name="T99"/><temp name="T496"/><temp name="T405"/><temp name="T361"/><temp name="T398"/><temp name="T441"/><temp name="T381"/><temp name="T337"/><temp name="T98"/><temp name="T447"/></temps><temps name="out"><temp name="T100"/><temp name="T331"/><temp name="T423"/><temp name="T390"/><temp name="T8"/><temp name="T453"/><temp name="T384"/><temp name="T457"/><temp name="T349"/><temp name="T410"/><temp name="T469"/><temp name="T353"/><temp name="T346"/><temp name="T479"/><temp name="T102"/><temp name="T473"/><temp name="T484"/><temp name="T373"/><temp name="T429"/><temp name="T433"/><temp name="T367"/><temp name="T340"/><temp name="T416"/><temp name="T490"/><temp name="T103"/><temp name="T463"/><temp name="T99"/><temp name="T496"/><temp name="T405"/><temp name="T361"/><temp name="T398"/><temp name="T441"/><temp name="T381"/><temp name="T337"/><temp name="T98"/><temp name="T447"/></temps></instruction><instruction code="STO T100, $254, 8"><temps name="use"><temp name="T100"/></temps><temps name="def"/><temps name="in"><temp name="T100"/><temp name="T331"/><temp name="T423"/><temp name="T390"/><temp name="T8"/><temp name="T453"/><temp name="T384"/><temp name="T457"/><temp name="T349"/><temp name="T410"/><temp name="T469"/><temp name="T353"/><temp name="T346"/><temp name="T479"/><temp name="T102"/><temp name="T473"/><temp name="T484"/><temp name="T373"/><temp name="T429"/><temp name="T433"/><temp name="T367"/><temp name="T340"/><temp name="T416"/><temp name="T490"/><temp name="T103"/><temp name="T463"/><temp name="T99"/><temp name="T496"/><temp name="T405"/><temp name="T361"/><temp name="T398"/><temp name="T441"/><temp name="T381"/><temp name="T337"/><temp name="T98"/><temp name="T447"/></temps><temps name="out"><temp name="T331"/><temp name="T423"/><temp name="T390"/><temp name="T8"/><temp name="T453"/><temp name="T384"/><temp name="T457"/><temp name="T349"/><temp name="T410"/><temp name="T469"/><temp name="T353"/><temp name="T346"/><temp name="T479"/><temp name="T102"/><temp name="T473"/><temp name="T484"/><temp name="T373"/><temp name="T429"/><temp name="T433"/><temp name="T367"/><temp name="T340"/><temp name="T416"/><temp name="T490"/><temp name="T103"/><temp name="T463"/><temp name="T99"/><temp name="T496"/><temp name="T405"/><temp name="T361"/><temp name="T398"/><temp name="T441"/><temp name="T381"/><temp name="T337"/><temp name="T98"/><temp name="T447"/></temps></instruction><instruction code="STO T102, $254, 16"><temps name="use"><temp name="T102"/></temps><temps name="def"/><temps name="in"><temp name="T331"/><temp name="T423"/><temp name="T390"/><temp name="T8"/><temp name="T453"/><temp name="T384"/><temp name="T457"/><temp name="T349"/><temp name="T410"/><temp name="T469"/><temp name="T353"/><temp name="T346"/><temp name="T479"/><temp name="T102"/><temp name="T473"/><temp name="T484"/><temp name="T373"/><temp name="T429"/><temp name="T433"/><temp name="T367"/><temp name="T340"/><temp name="T416"/><temp name="T490"/><temp name="T103"/><temp name="T463"/><temp name="T99"/><temp name="T496"/><temp name="T405"/><temp name="T361"/><temp name="T398"/><temp name="T441"/><temp name="T381"/><temp name="T337"/><temp name="T98"/><temp name="T447"/></temps><temps name="out"><temp name="T331"/><temp name="T423"/><temp name="T390"/><temp name="T8"/><temp name="T453"/><temp name="T384"/><temp name="T457"/><temp name="T349"/><temp name="T410"/><temp name="T469"/><temp name="T353"/><temp name="T346"/><temp name="T479"/><temp name="T473"/><temp name="T484"/><temp name="T373"/><temp name="T429"/><temp name="T433"/><temp name="T367"/><temp name="T340"/><temp name="T416"/><temp name="T490"/><temp name="T103"/><temp name="T463"/><temp name="T99"/><temp name="T496"/><temp name="T405"/><temp name="T361"/><temp name="T398"/><temp name="T441"/><temp name="T381"/><temp name="T337"/><temp name="T98"/><temp name="T447"/></temps></instruction><instruction code="STO T103, $254, 24"><temps name="use"><temp name="T103"/></temps><temps name="def"/><temps name="in"><temp name="T331"/><temp name="T423"/><temp name="T390"/><temp name="T8"/><temp name="T453"/><temp name="T384"/><temp name="T457"/><temp name="T349"/><temp name="T410"/><temp name="T469"/><temp name="T353"/><temp name="T346"/><temp name="T479"/><temp name="T473"/><temp name="T484"/><temp name="T373"/><temp name="T429"/><temp name="T433"/><temp name="T367"/><temp name="T340"/><temp name="T416"/><temp name="T490"/><temp name="T103"/><temp name="T463"/><temp name="T99"/><temp name="T496"/><temp name="T405"/><temp name="T361"/><temp name="T398"/><temp name="T441"/><temp name="T381"/><temp name="T337"/><temp name="T98"/><temp name="T447"/></temps><temps name="out"><temp name="T331"/><temp name="T423"/><temp name="T390"/><temp name="T8"/><temp name="T453"/><temp name="T384"/><temp name="T457"/><temp name="T349"/><temp name="T410"/><temp name="T469"/><temp name="T353"/><temp name="T346"/><temp name="T479"/><temp name="T473"/><temp name="T484"/><temp name="T373"/><temp name="T429"/><temp name="T433"/><temp name="T367"/><temp name="T340"/><temp name="T416"/><temp name="T490"/><temp name="T463"/><temp name="T99"/><temp name="T496"/><temp name="T405"/><temp name="T361"/><temp name="T398"/><temp name="T441"/><temp name="T381"/><temp name="T337"/><temp name="T98"/><temp name="T447"/></temps></instruction><instruction code="LDA T330, L0"><temps name="use"/><temps name="def"><temp name="T330"/></temps><temps name="in"><temp name="T331"/><temp name="T423"/><temp name="T390"/><temp name="T8"/><temp name="T453"/><temp name="T384"/><temp name="T457"/><temp name="T349"/><temp name="T410"/><temp name="T469"/><temp name="T353"/><temp name="T346"/><temp name="T479"/><temp name="T473"/><temp name="T484"/><temp name="T373"/><temp name="T429"/><temp name="T433"/><temp name="T367"/><temp name="T340"/><temp name="T416"/><temp name="T490"/><temp name="T463"/><temp name="T99"/><temp name="T496"/><temp name="T405"/><temp name="T361"/><temp name="T398"/><temp name="T441"/><temp name="T381"/><temp name="T337"/><temp name="T98"/><temp name="T447"/></temps><temps name="out"><temp name="T331"/><temp name="T330"/><temp name="T423"/><temp name="T390"/><temp name="T8"/><temp name="T453"/><temp name="T384"/><temp name="T457"/><temp name="T349"/><temp name="T410"/><temp name="T469"/><temp name="T353"/><temp name="T346"/><temp name="T479"/><temp name="T473"/><temp name="T484"/><temp name="T373"/><temp name="T429"/><temp name="T433"/><temp name="T367"/><temp name="T340"/><temp name="T416"/><temp name="T490"/><temp name="T463"/><temp name="T99"/><temp name="T496"/><temp name="T405"/><temp name="T361"/><temp name="T398"/><temp name="T441"/><temp name="T381"/><temp name="T337"/><temp name="T98"/><temp name="T447"/></temps></instruction><instruction code="PUSHJ $15, T330, 0"><temps name="use"><temp name="T330"/></temps><temps name="def"/><temps name="in"><temp name="T331"/><temp name="T330"/><temp name="T423"/><temp name="T390"/><temp name="T8"/><temp name="T453"/><temp name="T384"/><temp name="T457"/><temp name="T349"/><temp name="T410"/><temp name="T469"/><temp name="T353"/><temp name="T346"/><temp name="T479"/><temp name="T473"/><temp name="T484"/><temp name="T373"/><temp name="T429"/><temp name="T433"/><temp name="T367"/><temp name="T340"/><temp name="T416"/><temp name="T490"/><temp name="T463"/><temp name="T99"/><temp name="T496"/><temp name="T405"/><temp name="T361"/><temp name="T398"/><temp name="T441"/><temp name="T381"/><temp name="T337"/><temp name="T98"/><temp name="T447"/></temps><temps name="out"><temp name="T331"/><temp name="T423"/><temp name="T390"/><temp name="T8"/><temp name="T453"/><temp name="T384"/><temp name="T457"/><temp name="T349"/><temp name="T410"/><temp name="T469"/><temp name="T353"/><temp name="T346"/><temp name="T479"/><temp name="T473"/><temp name="T484"/><temp name="T373"/><temp name="T429"/><temp name="T433"/><temp name="T367"/><temp name="T340"/><temp name="T416"/><temp name="T490"/><temp name="T463"/><temp name="T99"/><temp name="T496"/><temp name="T405"/><temp name="T361"/><temp name="T398"/><temp name="T441"/><temp name="T381"/><temp name="T337"/><temp name="T98"/><temp name="T447"/></temps></instruction><instruction code="OR T104, T331, 0"><temps name="use"><temp name="T331"/></temps><temps name="def"><temp name="T104"/></temps><temps name="in"><temp name="T331"/><temp name="T423"/><temp name="T390"/><temp name="T8"/><temp name="T453"/><temp name="T384"/><temp name="T457"/><temp name="T349"/><temp name="T410"/><temp name="T469"/><temp name="T353"/><temp name="T346"/><temp name="T479"/><temp name="T473"/><temp name="T484"/><temp name="T373"/><temp name="T429"/><temp name="T433"/><temp name="T367"/><temp name="T340"/><temp name="T416"/><temp name="T490"/><temp name="T463"/><temp name="T99"/><temp name="T496"/><temp name="T405"/><temp name="T361"/><temp name="T398"/><temp name="T441"/><temp name="T381"/><temp name="T337"/><temp name="T98"/><temp name="T447"/></temps><temps name="out"><temp name="T423"/><temp name="T390"/><temp name="T8"/><temp name="T453"/><temp name="T384"/><temp name="T457"/><temp name="T349"/><temp name="T410"/><temp name="T469"/><temp name="T353"/><temp name="T104"/><temp name="T346"/><temp name="T479"/><temp name="T473"/><temp name="T484"/><temp name="T373"/><temp name="T429"/><temp name="T433"/><temp name="T367"/><temp name="T340"/><temp name="T416"/><temp name="T490"/><temp name="T463"/><temp name="T99"/><temp name="T496"/><temp name="T405"/><temp name="T361"/><temp name="T398"/><temp name="T441"/><temp name="T381"/><temp name="T337"/><temp name="T98"/><temp name="T447"/></temps></instruction><instruction code="SETL  T332, 256"><temps name="use"/><temps name="def"><temp name="T332"/></temps><temps name="in"><temp name="T423"/><temp name="T390"/><temp name="T8"/><temp name="T453"/><temp name="T384"/><temp name="T457"/><temp name="T349"/><temp name="T410"/><temp name="T469"/><temp name="T353"/><temp name="T104"/><temp name="T346"/><temp name="T479"/><temp name="T473"/><temp name="T484"/><temp name="T373"/><temp name="T429"/><temp name="T433"/><temp name="T367"/><temp name="T340"/><temp name="T416"/><temp name="T490"/><temp name="T463"/><temp name="T99"/><temp name="T496"/><temp name="T405"/><temp name="T361"/><temp name="T398"/><temp name="T441"/><temp name="T381"/><temp name="T337"/><temp name="T98"/><temp name="T447"/></temps><temps name="out"><temp name="T423"/><temp name="T390"/><temp name="T8"/><temp name="T453"/><temp name="T384"/><temp name="T457"/><temp name="T349"/><temp name="T410"/><temp name="T469"/><temp name="T353"/><temp name="T104"/><temp name="T346"/><temp name="T479"/><temp name="T473"/><temp name="T484"/><temp name="T373"/><temp name="T429"/><temp name="T433"/><temp name="T367"/><temp name="T340"/><temp name="T416"/><temp name="T490"/><temp name="T463"/><temp name="T99"/><temp name="T496"/><temp name="T405"/><temp name="T361"/><temp name="T398"/><temp name="T441"/><temp name="T381"/><temp name="T337"/><temp name="T98"/><temp name="T447"/></temps></instruction><instruction code="INCML T332, 0"><temps name="use"/><temps name="def"><temp name="T332"/></temps><temps name="in"><temp name="T423"/><temp name="T390"/><temp name="T8"/><temp name="T453"/><temp name="T384"/><temp name="T457"/><temp name="T349"/><temp name="T410"/><temp name="T469"/><temp name="T353"/><temp name="T104"/><temp name="T346"/><temp name="T479"/><temp name="T473"/><temp name="T484"/><temp name="T373"/><temp name="T429"/><temp name="T433"/><temp name="T367"/><temp name="T340"/><temp name="T416"/><temp name="T490"/><temp name="T463"/><temp name="T99"/><temp name="T496"/><temp name="T405"/><temp name="T361"/><temp name="T398"/><temp name="T441"/><temp name="T381"/><temp name="T337"/><temp name="T98"/><temp name="T447"/></temps><temps name="out"><temp name="T423"/><temp name="T390"/><temp name="T8"/><temp name="T453"/><temp name="T384"/><temp name="T457"/><temp name="T349"/><temp name="T410"/><temp name="T469"/><temp name="T353"/><temp name="T104"/><temp name="T346"/><temp name="T479"/><temp name="T473"/><temp name="T484"/><temp name="T373"/><temp name="T429"/><temp name="T433"/><temp name="T367"/><temp name="T340"/><temp name="T416"/><temp name="T490"/><temp name="T463"/><temp name="T99"/><temp name="T496"/><temp name="T405"/><temp name="T361"/><temp name="T398"/><temp name="T441"/><temp name="T381"/><temp name="T337"/><temp name="T98"/><temp name="T447"/></temps></instruction><instruction code="INCMH T332, 0"><temps name="use"/><temps name="def"><temp name="T332"/></temps><temps name="in"><temp name="T423"/><temp name="T390"/><temp name="T8"/><temp name="T453"/><temp name="T384"/><temp name="T457"/><temp name="T349"/><temp name="T410"/><temp name="T469"/><temp name="T353"/><temp name="T104"/><temp name="T346"/><temp name="T479"/><temp name="T473"/><temp name="T484"/><temp name="T373"/><temp name="T429"/><temp name="T433"/><temp name="T367"/><temp name="T340"/><temp name="T416"/><temp name="T490"/><temp name="T463"/><temp name="T99"/><temp name="T496"/><temp name="T405"/><temp name="T361"/><temp name="T398"/><temp name="T441"/><temp name="T381"/><temp name="T337"/><temp name="T98"/><temp name="T447"/></temps><temps name="out"><temp name="T423"/><temp name="T390"/><temp name="T8"/><temp name="T453"/><temp name="T384"/><temp name="T457"/><temp name="T349"/><temp name="T410"/><temp name="T469"/><temp name="T353"/><temp name="T104"/><temp name="T346"/><temp name="T479"/><temp name="T473"/><temp name="T484"/><temp name="T373"/><temp name="T429"/><temp name="T433"/><temp name="T367"/><temp name="T340"/><temp name="T416"/><temp name="T490"/><temp name="T463"/><temp name="T99"/><temp name="T496"/><temp name="T405"/><temp name="T361"/><temp name="T398"/><temp name="T441"/><temp name="T381"/><temp name="T337"/><temp name="T98"/><temp name="T447"/></temps></instruction><instruction code="INCH  T332, 0"><temps name="use"/><temps name="def"><temp name="T332"/></temps><temps name="in"><temp name="T423"/><temp name="T390"/><temp name="T8"/><temp name="T453"/><temp name="T384"/><temp name="T457"/><temp name="T349"/><temp name="T410"/><temp name="T469"/><temp name="T353"/><temp name="T104"/><temp name="T346"/><temp name="T479"/><temp name="T473"/><temp name="T484"/><temp name="T373"/><temp name="T429"/><temp name="T433"/><temp name="T367"/><temp name="T340"/><temp name="T416"/><temp name="T490"/><temp name="T463"/><temp name="T99"/><temp name="T496"/><temp name="T405"/><temp name="T361"/><temp name="T398"/><temp name="T441"/><temp name="T381"/><temp name="T337"/><temp name="T98"/><temp name="T447"/></temps><temps name="out"><temp name="T423"/><temp name="T390"/><temp name="T8"/><temp name="T453"/><temp name="T384"/><temp name="T457"/><temp name="T349"/><temp name="T410"/><temp name="T469"/><temp name="T353"/><temp name="T104"/><temp name="T346"/><temp name="T332"/><temp name="T479"/><temp name="T473"/><temp name="T484"/><temp name="T373"/><temp name="T429"/><temp name="T433"/><temp name="T367"/><temp name="T340"/><temp name="T416"/><temp name="T490"/><temp name="T463"/><temp name="T99"/><temp name="T496"/><temp name="T405"/><temp name="T361"/><temp name="T398"/><temp name="T441"/><temp name="T381"/><temp name="T337"/><temp name="T98"/><temp name="T447"/></temps></instruction><instruction code="OR T105, T332, 0"><temps name="use"><temp name="T332"/></temps><temps name="def"><temp name="T105"/></temps><temps name="in"><temp name="T423"/><temp name="T390"/><temp name="T8"/><temp name="T453"/><temp name="T384"/><temp name="T457"/><temp name="T349"/><temp name="T410"/><temp name="T469"/><temp name="T353"/><temp name="T104"/><temp name="T346"/><temp name="T332"/><temp name="T479"/><temp name="T473"/><temp name="T484"/><temp name="T373"/><temp name="T429"/><temp name="T433"/><temp name="T367"/><temp name="T340"/><temp name="T416"/><temp name="T490"/><temp name="T463"/><temp name="T99"/><temp name="T496"/><temp name="T405"/><temp name="T361"/><temp name="T398"/><temp name="T441"/><temp name="T381"/><temp name="T337"/><temp name="T98"/><temp name="T447"/></temps><temps name="out"><temp name="T423"/><temp name="T390"/><temp name="T8"/><temp name="T453"/><temp name="T384"/><temp name="T457"/><temp name="T349"/><temp name="T410"/><temp name="T469"/><temp name="T353"/><temp name="T104"/><temp name="T346"/><temp name="T479"/><temp name="T473"/><temp name="T484"/><temp name="T373"/><temp name="T429"/><temp name="T433"/><temp name="T367"/><temp name="T340"/><temp name="T416"/><temp name="T490"/><temp name="T105"/><temp name="T463"/><temp name="T99"/><temp name="T496"/><temp name="T405"/><temp name="T361"/><temp name="T398"/><temp name="T441"/><temp name="T381"/><temp name="T337"/><temp name="T98"/><temp name="T447"/></temps></instruction><instruction code="DIV T333, T104, T105"><temps name="use"><temp name="T104"/><temp name="T105"/></temps><temps name="def"><temp name="T333"/></temps><temps name="in"><temp name="T423"/><temp name="T390"/><temp name="T8"/><temp name="T453"/><temp name="T384"/><temp name="T457"/><temp name="T349"/><temp name="T410"/><temp name="T469"/><temp name="T353"/><temp name="T104"/><temp name="T346"/><temp name="T479"/><temp name="T473"/><temp name="T484"/><temp name="T373"/><temp name="T429"/><temp name="T433"/><temp name="T367"/><temp name="T340"/><temp name="T416"/><temp name="T490"/><temp name="T105"/><temp name="T463"/><temp name="T99"/><temp name="T496"/><temp name="T405"/><temp name="T361"/><temp name="T398"/><temp name="T441"/><temp name="T381"/><temp name="T337"/><temp name="T98"/><temp name="T447"/></temps><temps name="out"><temp name="T423"/><temp name="T390"/><temp name="T8"/><temp name="T453"/><temp name="T384"/><temp name="T457"/><temp name="T349"/><temp name="T410"/><temp name="T469"/><temp name="T353"/><temp name="T346"/><temp name="T479"/><temp name="T473"/><temp name="T484"/><temp name="T373"/><temp name="T429"/><temp name="T433"/><temp name="T367"/><temp name="T340"/><temp name="T416"/><temp name="T490"/><temp name="T463"/><temp name="T99"/><temp name="T496"/><temp name="T405"/><temp name="T361"/><temp name="T398"/><temp name="T441"/><temp name="T381"/><temp name="T337"/><temp name="T98"/><temp name="T447"/></temps></instruction><instruction code="OR T333, rR, 0"><temps name="use"/><temps name="def"><temp name="T333"/></temps><temps name="in"><temp name="T423"/><temp name="T390"/><temp name="T8"/><temp name="T453"/><temp name="T384"/><temp name="T457"/><temp name="T349"/><temp name="T410"/><temp name="T469"/><temp name="T353"/><temp name="T346"/><temp name="T479"/><temp name="T473"/><temp name="T484"/><temp name="T373"/><temp name="T429"/><temp name="T433"/><temp name="T367"/><temp name="T340"/><temp name="T416"/><temp name="T490"/><temp name="T463"/><temp name="T99"/><temp name="T496"/><temp name="T405"/><temp name="T361"/><temp name="T398"/><temp name="T441"/><temp name="T381"/><temp name="T337"/><temp name="T98"/><temp name="T447"/></temps><temps name="out"><temp name="T333"/><temp name="T423"/><temp name="T390"/><temp name="T8"/><temp name="T453"/><temp name="T384"/><temp name="T457"/><temp name="T349"/><temp name="T410"/><temp name="T469"/><temp name="T353"/><temp name="T346"/><temp name="T479"/><temp name="T473"/><temp name="T484"/><temp name="T373"/><temp name="T429"/><temp name="T433"/><temp name="T367"/><temp name="T340"/><temp name="T416"/><temp name="T490"/><temp name="T463"/><temp name="T99"/><temp name="T496"/><temp name="T405"/><temp name="T361"/><temp name="T398"/><temp name="T441"/><temp name="T381"/><temp name="T337"/><temp name="T98"/><temp name="T447"/></temps></instruction><instruction code="OR T106, T333, 0"><temps name="use"><temp name="T333"/></temps><temps name="def"><temp name="T106"/></temps><temps name="in"><temp name="T333"/><temp name="T423"/><temp name="T390"/><temp name="T8"/><temp name="T453"/><temp name="T384"/><temp name="T457"/><temp name="T349"/><temp name="T410"/><temp name="T469"/><temp name="T353"/><temp name="T346"/><temp name="T479"/><temp name="T473"/><temp name="T484"/><temp name="T373"/><temp name="T429"/><temp name="T433"/><temp name="T367"/><temp name="T340"/><temp name="T416"/><temp name="T490"/><temp name="T463"/><temp name="T99"/><temp name="T496"/><temp name="T405"/><temp name="T361"/><temp name="T398"/><temp name="T441"/><temp name="T381"/><temp name="T337"/><temp name="T98"/><temp name="T447"/></temps><temps name="out"><temp name="T423"/><temp name="T390"/><temp name="T8"/><temp name="T453"/><temp name="T384"/><temp name="T457"/><temp name="T349"/><temp name="T410"/><temp name="T469"/><temp name="T353"/><temp name="T346"/><temp name="T479"/><temp name="T106"/><temp name="T473"/><temp name="T484"/><temp name="T373"/><temp name="T429"/><temp name="T433"/><temp name="T367"/><temp name="T340"/><temp name="T416"/><temp name="T490"/><temp name="T463"/><temp name="T99"/><temp name="T496"/><temp name="T405"/><temp name="T361"/><temp name="T398"/><temp name="T441"/><temp name="T381"/><temp name="T337"/><temp name="T98"/><temp name="T447"/></temps></instruction><instruction code="SETL  T334, 1"><temps name="use"/><temps name="def"><temp name="T334"/></temps><temps name="in"><temp name="T423"/><temp name="T390"/><temp name="T8"/><temp name="T453"/><temp name="T384"/><temp name="T457"/><temp name="T349"/><temp name="T410"/><temp name="T469"/><temp name="T353"/><temp name="T346"/><temp name="T479"/><temp name="T106"/><temp name="T473"/><temp name="T484"/><temp name="T373"/><temp name="T429"/><temp name="T433"/><temp name="T367"/><temp name="T340"/><temp name="T416"/><temp name="T490"/><temp name="T463"/><temp name="T99"/><temp name="T496"/><temp name="T405"/><temp name="T361"/><temp name="T398"/><temp name="T441"/><temp name="T381"/><temp name="T337"/><temp name="T98"/><temp name="T447"/></temps><temps name="out"><temp name="T423"/><temp name="T390"/><temp name="T8"/><temp name="T453"/><temp name="T384"/><temp name="T457"/><temp name="T349"/><temp name="T410"/><temp name="T469"/><temp name="T353"/><temp name="T346"/><temp name="T479"/><temp name="T106"/><temp name="T473"/><temp name="T484"/><temp name="T373"/><temp name="T429"/><temp name="T433"/><temp name="T367"/><temp name="T340"/><temp name="T416"/><temp name="T490"/><temp name="T463"/><temp name="T99"/><temp name="T496"/><temp name="T405"/><temp name="T361"/><temp name="T398"/><temp name="T441"/><temp name="T381"/><temp name="T337"/><temp name="T98"/><temp name="T447"/></temps></instruction><instruction code="INCML T334, 0"><temps name="use"/><temps name="def"><temp name="T334"/></temps><temps name="in"><temp name="T423"/><temp name="T390"/><temp name="T8"/><temp name="T453"/><temp name="T384"/><temp name="T457"/><temp name="T349"/><temp name="T410"/><temp name="T469"/><temp name="T353"/><temp name="T346"/><temp name="T479"/><temp name="T106"/><temp name="T473"/><temp name="T484"/><temp name="T373"/><temp name="T429"/><temp name="T433"/><temp name="T367"/><temp name="T340"/><temp name="T416"/><temp name="T490"/><temp name="T463"/><temp name="T99"/><temp name="T496"/><temp name="T405"/><temp name="T361"/><temp name="T398"/><temp name="T441"/><temp name="T381"/><temp name="T337"/><temp name="T98"/><temp name="T447"/></temps><temps name="out"><temp name="T423"/><temp name="T390"/><temp name="T8"/><temp name="T453"/><temp name="T384"/><temp name="T457"/><temp name="T349"/><temp name="T410"/><temp name="T469"/><temp name="T353"/><temp name="T346"/><temp name="T479"/><temp name="T106"/><temp name="T473"/><temp name="T484"/><temp name="T373"/><temp name="T429"/><temp name="T433"/><temp name="T367"/><temp name="T340"/><temp name="T416"/><temp name="T490"/><temp name="T463"/><temp name="T99"/><temp name="T496"/><temp name="T405"/><temp name="T361"/><temp name="T398"/><temp name="T441"/><temp name="T381"/><temp name="T337"/><temp name="T98"/><temp name="T447"/></temps></instruction><instruction code="INCMH T334, 0"><temps name="use"/><temps name="def"><temp name="T334"/></temps><temps name="in"><temp name="T423"/><temp name="T390"/><temp name="T8"/><temp name="T453"/><temp name="T384"/><temp name="T457"/><temp name="T349"/><temp name="T410"/><temp name="T469"/><temp name="T353"/><temp name="T346"/><temp name="T479"/><temp name="T106"/><temp name="T473"/><temp name="T484"/><temp name="T373"/><temp name="T429"/><temp name="T433"/><temp name="T367"/><temp name="T340"/><temp name="T416"/><temp name="T490"/><temp name="T463"/><temp name="T99"/><temp name="T496"/><temp name="T405"/><temp name="T361"/><temp name="T398"/><temp name="T441"/><temp name="T381"/><temp name="T337"/><temp name="T98"/><temp name="T447"/></temps><temps name="out"><temp name="T423"/><temp name="T390"/><temp name="T8"/><temp name="T453"/><temp name="T384"/><temp name="T457"/><temp name="T349"/><temp name="T410"/><temp name="T469"/><temp name="T353"/><temp name="T346"/><temp name="T479"/><temp name="T106"/><temp name="T473"/><temp name="T484"/><temp name="T373"/><temp name="T429"/><temp name="T433"/><temp name="T367"/><temp name="T340"/><temp name="T416"/><temp name="T490"/><temp name="T463"/><temp name="T99"/><temp name="T496"/><temp name="T405"/><temp name="T361"/><temp name="T398"/><temp name="T441"/><temp name="T381"/><temp name="T337"/><temp name="T98"/><temp name="T447"/></temps></instruction><instruction code="INCH  T334, 0"><temps name="use"/><temps name="def"><temp name="T334"/></temps><temps name="in"><temp name="T423"/><temp name="T390"/><temp name="T8"/><temp name="T453"/><temp name="T384"/><temp name="T457"/><temp name="T349"/><temp name="T410"/><temp name="T469"/><temp name="T353"/><temp name="T346"/><temp name="T479"/><temp name="T106"/><temp name="T473"/><temp name="T484"/><temp name="T373"/><temp name="T429"/><temp name="T433"/><temp name="T367"/><temp name="T340"/><temp name="T416"/><temp name="T490"/><temp name="T463"/><temp name="T99"/><temp name="T496"/><temp name="T405"/><temp name="T361"/><temp name="T398"/><temp name="T441"/><temp name="T381"/><temp name="T337"/><temp name="T98"/><temp name="T447"/></temps><temps name="out"><temp name="T423"/><temp name="T390"/><temp name="T8"/><temp name="T453"/><temp name="T384"/><temp name="T457"/><temp name="T349"/><temp name="T410"/><temp name="T469"/><temp name="T353"/><temp name="T346"/><temp name="T479"/><temp name="T106"/><temp name="T473"/><temp name="T484"/><temp name="T334"/><temp name="T373"/><temp name="T429"/><temp name="T433"/><temp name="T367"/><temp name="T340"/><temp name="T416"/><temp name="T490"/><temp name="T463"/><temp name="T99"/><temp name="T496"/><temp name="T405"/><temp name="T361"/><temp name="T398"/><temp name="T441"/><temp name="T381"/><temp name="T337"/><temp name="T98"/><temp name="T447"/></temps></instruction><instruction code="OR T107, T334, 0"><temps name="use"><temp name="T334"/></temps><temps name="def"><temp name="T107"/></temps><temps name="in"><temp name="T423"/><temp name="T390"/><temp name="T8"/><temp name="T453"/><temp name="T384"/><temp name="T457"/><temp name="T349"/><temp name="T410"/><temp name="T469"/><temp name="T353"/><temp name="T346"/><temp name="T479"/><temp name="T106"/><temp name="T473"/><temp name="T484"/><temp name="T334"/><temp name="T373"/><temp name="T429"/><temp name="T433"/><temp name="T367"/><temp name="T340"/><temp name="T416"/><temp name="T490"/><temp name="T463"/><temp name="T99"/><temp name="T496"/><temp name="T405"/><temp name="T361"/><temp name="T398"/><temp name="T441"/><temp name="T381"/><temp name="T337"/><temp name="T98"/><temp name="T447"/></temps><temps name="out"><temp name="T423"/><temp name="T390"/><temp name="T8"/><temp name="T453"/><temp name="T384"/><temp name="T457"/><temp name="T349"/><temp name="T410"/><temp name="T469"/><temp name="T353"/><temp name="T346"/><temp name="T479"/><temp name="T106"/><temp name="T473"/><temp name="T107"/><temp name="T484"/><temp name="T373"/><temp name="T429"/><temp name="T433"/><temp name="T367"/><temp name="T340"/><temp name="T416"/><temp name="T490"/><temp name="T463"/><temp name="T99"/><temp name="T496"/><temp name="T405"/><temp name="T361"/><temp name="T398"/><temp name="T441"/><temp name="T381"/><temp name="T337"/><temp name="T98"/><temp name="T447"/></temps></instruction><instruction code="OR T108, T8, 0"><temps name="use"><temp name="T8"/></temps><temps name="def"><temp name="T108"/></temps><temps name="in"><temp name="T423"/><temp name="T390"/><temp name="T8"/><temp name="T453"/><temp name="T384"/><temp name="T457"/><temp name="T349"/><temp name="T410"/><temp name="T469"/><temp name="T353"/><temp name="T346"/><temp name="T479"/><temp name="T106"/><temp name="T473"/><temp name="T107"/><temp name="T484"/><temp name="T373"/><temp name="T429"/><temp name="T433"/><temp name="T367"/><temp name="T340"/><temp name="T416"/><temp name="T490"/><temp name="T463"/><temp name="T99"/><temp name="T496"/><temp name="T405"/><temp name="T361"/><temp name="T398"/><temp name="T441"/><temp name="T381"/><temp name="T337"/><temp name="T98"/><temp name="T447"/></temps><temps name="out"><temp name="T423"/><temp name="T390"/><temp name="T8"/><temp name="T453"/><temp name="T384"/><temp name="T457"/><temp name="T349"/><temp name="T410"/><temp name="T469"/><temp name="T353"/><temp name="T346"/><temp name="T479"/><temp name="T106"/><temp name="T473"/><temp name="T107"/><temp name="T484"/><temp name="T373"/><temp name="T429"/><temp name="T433"/><temp name="T367"/><temp name="T340"/><temp name="T416"/><temp name="T490"/><temp name="T463"/><temp name="T99"/><temp name="T496"/><temp name="T405"/><temp name="T108"/><temp name="T361"/><temp name="T398"/><temp name="T441"/><temp name="T381"/><temp name="T337"/><temp name="T98"/><temp name="T447"/></temps></instruction><instruction code="SETL  T335, 8"><temps name="use"/><temps name="def"><temp name="T335"/></temps><temps name="in"><temp name="T423"/><temp name="T390"/><temp name="T8"/><temp name="T453"/><temp name="T384"/><temp name="T457"/><temp name="T349"/><temp name="T410"/><temp name="T469"/><temp name="T353"/><temp name="T346"/><temp name="T479"/><temp name="T106"/><temp name="T473"/><temp name="T107"/><temp name="T484"/><temp name="T373"/><temp name="T429"/><temp name="T433"/><temp name="T367"/><temp name="T340"/><temp name="T416"/><temp name="T490"/><temp name="T463"/><temp name="T99"/><temp name="T496"/><temp name="T405"/><temp name="T108"/><temp name="T361"/><temp name="T398"/><temp name="T441"/><temp name="T381"/><temp name="T337"/><temp name="T98"/><temp name="T447"/></temps><temps name="out"><temp name="T423"/><temp name="T390"/><temp name="T8"/><temp name="T453"/><temp name="T384"/><temp name="T457"/><temp name="T349"/><temp name="T410"/><temp name="T469"/><temp name="T353"/><temp name="T346"/><temp name="T479"/><temp name="T106"/><temp name="T473"/><temp name="T107"/><temp name="T484"/><temp name="T373"/><temp name="T429"/><temp name="T433"/><temp name="T367"/><temp name="T340"/><temp name="T416"/><temp name="T490"/><temp name="T463"/><temp name="T99"/><temp name="T496"/><temp name="T405"/><temp name="T108"/><temp name="T361"/><temp name="T398"/><temp name="T441"/><temp name="T381"/><temp name="T337"/><temp name="T98"/><temp name="T447"/></temps></instruction><instruction code="INCML T335, 0"><temps name="use"/><temps name="def"><temp name="T335"/></temps><temps name="in"><temp name="T423"/><temp name="T390"/><temp name="T8"/><temp name="T453"/><temp name="T384"/><temp name="T457"/><temp name="T349"/><temp name="T410"/><temp name="T469"/><temp name="T353"/><temp name="T346"/><temp name="T479"/><temp name="T106"/><temp name="T473"/><temp name="T107"/><temp name="T484"/><temp name="T373"/><temp name="T429"/><temp name="T433"/><temp name="T367"/><temp name="T340"/><temp name="T416"/><temp name="T490"/><temp name="T463"/><temp name="T99"/><temp name="T496"/><temp name="T405"/><temp name="T108"/><temp name="T361"/><temp name="T398"/><temp name="T441"/><temp name="T381"/><temp name="T337"/><temp name="T98"/><temp name="T447"/></temps><temps name="out"><temp name="T423"/><temp name="T390"/><temp name="T8"/><temp name="T453"/><temp name="T384"/><temp name="T457"/><temp name="T349"/><temp name="T410"/><temp name="T469"/><temp name="T353"/><temp name="T346"/><temp name="T479"/><temp name="T106"/><temp name="T473"/><temp name="T107"/><temp name="T484"/><temp name="T373"/><temp name="T429"/><temp name="T433"/><temp name="T367"/><temp name="T340"/><temp name="T416"/><temp name="T490"/><temp name="T463"/><temp name="T99"/><temp name="T496"/><temp name="T405"/><temp name="T108"/><temp name="T361"/><temp name="T398"/><temp name="T441"/><temp name="T381"/><temp name="T337"/><temp name="T98"/><temp name="T447"/></temps></instruction><instruction code="INCMH T335, 0"><temps name="use"/><temps name="def"><temp name="T335"/></temps><temps name="in"><temp name="T423"/><temp name="T390"/><temp name="T8"/><temp name="T453"/><temp name="T384"/><temp name="T457"/><temp name="T349"/><temp name="T410"/><temp name="T469"/><temp name="T353"/><temp name="T346"/><temp name="T479"/><temp name="T106"/><temp name="T473"/><temp name="T107"/><temp name="T484"/><temp name="T373"/><temp name="T429"/><temp name="T433"/><temp name="T367"/><temp name="T340"/><temp name="T416"/><temp name="T490"/><temp name="T463"/><temp name="T99"/><temp name="T496"/><temp name="T405"/><temp name="T108"/><temp name="T361"/><temp name="T398"/><temp name="T441"/><temp name="T381"/><temp name="T337"/><temp name="T98"/><temp name="T447"/></temps><temps name="out"><temp name="T423"/><temp name="T390"/><temp name="T8"/><temp name="T453"/><temp name="T384"/><temp name="T457"/><temp name="T349"/><temp name="T410"/><temp name="T469"/><temp name="T353"/><temp name="T346"/><temp name="T479"/><temp name="T106"/><temp name="T473"/><temp name="T107"/><temp name="T484"/><temp name="T373"/><temp name="T429"/><temp name="T433"/><temp name="T367"/><temp name="T340"/><temp name="T416"/><temp name="T490"/><temp name="T463"/><temp name="T99"/><temp name="T496"/><temp name="T405"/><temp name="T108"/><temp name="T361"/><temp name="T398"/><temp name="T441"/><temp name="T381"/><temp name="T337"/><temp name="T98"/><temp name="T447"/></temps></instruction><instruction code="INCH  T335, 0"><temps name="use"/><temps name="def"><temp name="T335"/></temps><temps name="in"><temp name="T423"/><temp name="T390"/><temp name="T8"/><temp name="T453"/><temp name="T384"/><temp name="T457"/><temp name="T349"/><temp name="T410"/><temp name="T469"/><temp name="T353"/><temp name="T346"/><temp name="T479"/><temp name="T106"/><temp name="T473"/><temp name="T107"/><temp name="T484"/><temp name="T373"/><temp name="T429"/><temp name="T433"/><temp name="T367"/><temp name="T340"/><temp name="T416"/><temp name="T490"/><temp name="T463"/><temp name="T99"/><temp name="T496"/><temp name="T405"/><temp name="T108"/><temp name="T361"/><temp name="T398"/><temp name="T441"/><temp name="T381"/><temp name="T337"/><temp name="T98"/><temp name="T447"/></temps><temps name="out"><temp name="T423"/><temp name="T390"/><temp name="T8"/><temp name="T453"/><temp name="T384"/><temp name="T457"/><temp name="T349"/><temp name="T410"/><temp name="T469"/><temp name="T353"/><temp name="T346"/><temp name="T479"/><temp name="T335"/><temp name="T106"/><temp name="T473"/><temp name="T107"/><temp name="T484"/><temp name="T373"/><temp name="T429"/><temp name="T433"/><temp name="T367"/><temp name="T340"/><temp name="T416"/><temp name="T490"/><temp name="T463"/><temp name="T99"/><temp name="T496"/><temp name="T405"/><temp name="T108"/><temp name="T361"/><temp name="T398"/><temp name="T441"/><temp name="T381"/><temp name="T337"/><temp name="T98"/><temp name="T447"/></temps></instruction><instruction code="NEG T335, 0, T335"><temps name="use"><temp name="T335"/></temps><temps name="def"><temp name="T335"/></temps><temps name="in"><temp name="T423"/><temp name="T390"/><temp name="T8"/><temp name="T453"/><temp name="T384"/><temp name="T457"/><temp name="T349"/><temp name="T410"/><temp name="T469"/><temp name="T353"/><temp name="T346"/><temp name="T479"/><temp name="T335"/><temp name="T106"/><temp name="T473"/><temp name="T107"/><temp name="T484"/><temp name="T373"/><temp name="T429"/><temp name="T433"/><temp name="T367"/><temp name="T340"/><temp name="T416"/><temp name="T490"/><temp name="T463"/><temp name="T99"/><temp name="T496"/><temp name="T405"/><temp name="T108"/><temp name="T361"/><temp name="T398"/><temp name="T441"/><temp name="T381"/><temp name="T337"/><temp name="T98"/><temp name="T447"/></temps><temps name="out"><temp name="T423"/><temp name="T390"/><temp name="T8"/><temp name="T453"/><temp name="T384"/><temp name="T457"/><temp name="T349"/><temp name="T410"/><temp name="T469"/><temp name="T353"/><temp name="T346"/><temp name="T479"/><temp name="T335"/><temp name="T106"/><temp name="T473"/><temp name="T107"/><temp name="T484"/><temp name="T373"/><temp name="T429"/><temp name="T433"/><temp name="T367"/><temp name="T340"/><temp name="T416"/><temp name="T490"/><temp name="T463"/><temp name="T99"/><temp name="T496"/><temp name="T405"/><temp name="T108"/><temp name="T361"/><temp name="T398"/><temp name="T441"/><temp name="T381"/><temp name="T337"/><temp name="T98"/><temp name="T447"/></temps></instruction><instruction code="OR T109, T335, 0"><temps name="use"><temp name="T335"/></temps><temps name="def"><temp name="T109"/></temps><temps name="in"><temp name="T423"/><temp name="T390"/><temp name="T8"/><temp name="T453"/><temp name="T384"/><temp name="T457"/><temp name="T349"/><temp name="T410"/><temp name="T469"/><temp name="T353"/><temp name="T346"/><temp name="T479"/><temp name="T335"/><temp name="T106"/><temp name="T473"/><temp name="T107"/><temp name="T484"/><temp name="T373"/><temp name="T429"/><temp name="T433"/><temp name="T367"/><temp name="T340"/><temp name="T416"/><temp name="T490"/><temp name="T463"/><temp name="T99"/><temp name="T496"/><temp name="T405"/><temp name="T108"/><temp name="T361"/><temp name="T398"/><temp name="T441"/><temp name="T381"/><temp name="T337"/><temp name="T98"/><temp name="T447"/></temps><temps name="out"><temp name="T423"/><temp name="T390"/><temp name="T8"/><temp name="T453"/><temp name="T384"/><temp name="T457"/><temp name="T349"/><temp name="T410"/><temp name="T469"/><temp name="T353"/><temp name="T346"/><temp name="T479"/><temp name="T106"/><temp name="T473"/><temp name="T107"/><temp name="T484"/><temp name="T373"/><temp name="T109"/><temp name="T429"/><temp name="T433"/><temp name="T367"/><temp name="T340"/><temp name="T416"/><temp name="T490"/><temp name="T463"/><temp name="T99"/><temp name="T496"/><temp name="T405"/><temp name="T108"/><temp name="T361"/><temp name="T398"/><temp name="T441"/><temp name="T381"/><temp name="T337"/><temp name="T98"/><temp name="T447"/></temps></instruction><instruction code="ADD T336, T108, T109"><temps name="use"><temp name="T108"/><temp name="T109"/></temps><temps name="def"><temp name="T336"/></temps><temps name="in"><temp name="T423"/><temp name="T390"/><temp name="T8"/><temp name="T453"/><temp name="T384"/><temp name="T457"/><temp name="T349"/><temp name="T410"/><temp name="T469"/><temp name="T353"/><temp name="T346"/><temp name="T479"/><temp name="T106"/><temp name="T473"/><temp name="T107"/><temp name="T484"/><temp name="T373"/><temp name="T109"/><temp name="T429"/><temp name="T433"/><temp name="T367"/><temp name="T340"/><temp name="T416"/><temp name="T490"/><temp name="T463"/><temp name="T99"/><temp name="T496"/><temp name="T405"/><temp name="T108"/><temp name="T361"/><temp name="T398"/><temp name="T441"/><temp name="T381"/><temp name="T337"/><temp name="T98"/><temp name="T447"/></temps><temps name="out"><temp name="T423"/><temp name="T390"/><temp name="T8"/><temp name="T453"/><temp name="T384"/><temp name="T457"/><temp name="T349"/><temp name="T410"/><temp name="T469"/><temp name="T353"/><temp name="T336"/><temp name="T346"/><temp name="T479"/><temp name="T106"/><temp name="T473"/><temp name="T107"/><temp name="T484"/><temp name="T373"/><temp name="T429"/><temp name="T433"/><temp name="T367"/><temp name="T340"/><temp name="T416"/><temp name="T490"/><temp name="T463"/><temp name="T99"/><temp name="T496"/><temp name="T405"/><temp name="T361"/><temp name="T398"/><temp name="T441"/><temp name="T381"/><temp name="T337"/><temp name="T98"/><temp name="T447"/></temps></instruction><instruction code="OR T110, T336, 0"><temps name="use"><temp name="T336"/></temps><temps name="def"><temp name="T110"/></temps><temps name="in"><temp name="T423"/><temp name="T390"/><temp name="T8"/><temp name="T453"/><temp name="T384"/><temp name="T457"/><temp name="T349"/><temp name="T410"/><temp name="T469"/><temp name="T353"/><temp name="T336"/><temp name="T346"/><temp name="T479"/><temp name="T106"/><temp name="T473"/><temp name="T107"/><temp name="T484"/><temp name="T373"/><temp name="T429"/><temp name="T433"/><temp name="T367"/><temp name="T340"/><temp name="T416"/><temp name="T490"/><temp name="T463"/><temp name="T99"/><temp name="T496"/><temp name="T405"/><temp name="T361"/><temp name="T398"/><temp name="T441"/><temp name="T381"/><temp name="T337"/><temp name="T98"/><temp name="T447"/></temps><temps name="out"><temp name="T423"/><temp name="T390"/><temp name="T8"/><temp name="T453"/><temp name="T384"/><temp name="T457"/><temp name="T349"/><temp name="T410"/><temp name="T469"/><temp name="T353"/><temp name="T346"/><temp name="T479"/><temp name="T106"/><temp name="T473"/><temp name="T107"/><temp name="T484"/><temp name="T373"/><temp name="T429"/><temp name="T433"/><temp name="T367"/><temp name="T340"/><temp name="T416"/><temp name="T490"/><temp name="T463"/><temp name="T99"/><temp name="T496"/><temp name="T405"/><temp name="T361"/><temp name="T398"/><temp name="T441"/><temp name="T381"/><temp name="T337"/><temp name="T98"/><temp name="T447"/></temps></instruction><instruction code="LDO T338, T337, 0"><temps name="use"><temp name="T337"/></temps><temps name="def"><temp name="T338"/></temps><temps name="in"><temp name="T423"/><temp name="T390"/><temp name="T8"/><temp name="T453"/><temp name="T384"/><temp name="T457"/><temp name="T349"/><temp name="T410"/><temp name="T469"/><temp name="T353"/><temp name="T346"/><temp name="T479"/><temp name="T106"/><temp name="T473"/><temp name="T107"/><temp name="T484"/><temp name="T373"/><temp name="T429"/><temp name="T433"/><temp name="T367"/><temp name="T340"/><temp name="T416"/><temp name="T490"/><temp name="T463"/><temp name="T99"/><temp name="T496"/><temp name="T405"/><temp name="T361"/><temp name="T398"/><temp name="T441"/><temp name="T381"/><temp name="T337"/><temp name="T98"/><temp name="T447"/></temps><temps name="out"><temp name="T423"/><temp name="T390"/><temp name="T8"/><temp name="T453"/><temp name="T338"/><temp name="T384"/><temp name="T457"/><temp name="T349"/><temp name="T410"/><temp name="T469"/><temp name="T353"/><temp name="T346"/><temp name="T479"/><temp name="T106"/><temp name="T473"/><temp name="T107"/><temp name="T484"/><temp name="T373"/><temp name="T429"/><temp name="T433"/><temp name="T367"/><temp name="T340"/><temp name="T416"/><temp name="T490"/><temp name="T463"/><temp name="T99"/><temp name="T496"/><temp name="T405"/><temp name="T361"/><temp name="T398"/><temp name="T441"/><temp name="T381"/><temp name="T98"/><temp name="T447"/></temps></instruction><instruction code="OR T111, T338, 0"><temps name="use"><temp name="T338"/></temps><temps name="def"><temp name="T111"/></temps><temps name="in"><temp name="T423"/><temp name="T390"/><temp name="T8"/><temp name="T453"/><temp name="T338"/><temp name="T384"/><temp name="T457"/><temp name="T349"/><temp name="T410"/><temp name="T469"/><temp name="T353"/><temp name="T346"/><temp name="T479"/><temp name="T106"/><temp name="T473"/><temp name="T107"/><temp name="T484"/><temp name="T373"/><temp name="T429"/><temp name="T433"/><temp name="T367"/><temp name="T340"/><temp name="T416"/><temp name="T490"/><temp name="T463"/><temp name="T99"/><temp name="T496"/><temp name="T405"/><temp name="T361"/><temp name="T398"/><temp name="T441"/><temp name="T381"/><temp name="T98"/><temp name="T447"/></temps><temps name="out"><temp name="T423"/><temp name="T390"/><temp name="T8"/><temp name="T453"/><temp name="T384"/><temp name="T457"/><temp name="T349"/><temp name="T410"/><temp name="T469"/><temp name="T353"/><temp name="T346"/><temp name="T479"/><temp name="T106"/><temp name="T473"/><temp name="T107"/><temp name="T484"/><temp name="T373"/><temp name="T429"/><temp name="T433"/><temp name="T367"/><temp name="T340"/><temp name="T416"/><temp name="T490"/><temp name="T463"/><temp name="T99"/><temp name="T496"/><temp name="T405"/><temp name="T361"/><temp name="T398"/><temp name="T441"/><temp name="T111"/><temp name="T381"/><temp name="T98"/><temp name="T447"/></temps></instruction><instruction code="STO T98, $254, 8"><temps name="use"><temp name="T98"/></temps><temps name="def"/><temps name="in"><temp name="T423"/><temp name="T390"/><temp name="T8"/><temp name="T453"/><temp name="T384"/><temp name="T457"/><temp name="T349"/><temp name="T410"/><temp name="T469"/><temp name="T353"/><temp name="T346"/><temp name="T479"/><temp name="T106"/><temp name="T473"/><temp name="T107"/><temp name="T484"/><temp name="T373"/><temp name="T429"/><temp name="T433"/><temp name="T367"/><temp name="T340"/><temp name="T416"/><temp name="T490"/><temp name="T463"/><temp name="T99"/><temp name="T496"/><temp name="T405"/><temp name="T361"/><temp name="T398"/><temp name="T441"/><temp name="T111"/><temp name="T381"/><temp name="T98"/><temp name="T447"/></temps><temps name="out"><temp name="T423"/><temp name="T390"/><temp name="T8"/><temp name="T453"/><temp name="T384"/><temp name="T457"/><temp name="T349"/><temp name="T410"/><temp name="T469"/><temp name="T353"/><temp name="T346"/><temp name="T479"/><temp name="T106"/><temp name="T473"/><temp name="T107"/><temp name="T484"/><temp name="T373"/><temp name="T429"/><temp name="T433"/><temp name="T367"/><temp name="T340"/><temp name="T416"/><temp name="T490"/><temp name="T463"/><temp name="T99"/><temp name="T496"/><temp name="T405"/><temp name="T361"/><temp name="T398"/><temp name="T441"/><temp name="T111"/><temp name="T381"/><temp name="T447"/></temps></instruction><instruction code="STO T99, $254, 16"><temps name="use"><temp name="T99"/></temps><temps name="def"/><temps name="in"><temp name="T423"/><temp name="T390"/><temp name="T8"/><temp name="T453"/><temp name="T384"/><temp name="T457"/><temp name="T349"/><temp name="T410"/><temp name="T469"/><temp name="T353"/><temp name="T346"/><temp name="T479"/><temp name="T106"/><temp name="T473"/><temp name="T107"/><temp name="T484"/><temp name="T373"/><temp name="T429"/><temp name="T433"/><temp name="T367"/><temp name="T340"/><temp name="T416"/><temp name="T490"/><temp name="T463"/><temp name="T99"/><temp name="T496"/><temp name="T405"/><temp name="T361"/><temp name="T398"/><temp name="T441"/><temp name="T111"/><temp name="T381"/><temp name="T447"/></temps><temps name="out"><temp name="T423"/><temp name="T390"/><temp name="T8"/><temp name="T453"/><temp name="T384"/><temp name="T457"/><temp name="T349"/><temp name="T410"/><temp name="T469"/><temp name="T353"/><temp name="T346"/><temp name="T479"/><temp name="T106"/><temp name="T473"/><temp name="T107"/><temp name="T484"/><temp name="T373"/><temp name="T429"/><temp name="T433"/><temp name="T367"/><temp name="T340"/><temp name="T416"/><temp name="T490"/><temp name="T463"/><temp name="T496"/><temp name="T405"/><temp name="T361"/><temp name="T398"/><temp name="T441"/><temp name="T111"/><temp name="T381"/><temp name="T447"/></temps></instruction><instruction code="STO T106, $254, 24"><temps name="use"><temp name="T106"/></temps><temps name="def"/><temps name="in"><temp name="T423"/><temp name="T390"/><temp name="T8"/><temp name="T453"/><temp name="T384"/><temp name="T457"/><temp name="T349"/><temp name="T410"/><temp name="T469"/><temp name="T353"/><temp name="T346"/><temp name="T479"/><temp name="T106"/><temp name="T473"/><temp name="T107"/><temp name="T484"/><temp name="T373"/><temp name="T429"/><temp name="T433"/><temp name="T367"/><temp name="T340"/><temp name="T416"/><temp name="T490"/><temp name="T463"/><temp name="T496"/><temp name="T405"/><temp name="T361"/><temp name="T398"/><temp name="T441"/><temp name="T111"/><temp name="T381"/><temp name="T447"/></temps><temps name="out"><temp name="T423"/><temp name="T390"/><temp name="T8"/><temp name="T453"/><temp name="T384"/><temp name="T457"/><temp name="T349"/><temp name="T410"/><temp name="T469"/><temp name="T353"/><temp name="T346"/><temp name="T479"/><temp name="T473"/><temp name="T107"/><temp name="T484"/><temp name="T373"/><temp name="T429"/><temp name="T433"/><temp name="T367"/><temp name="T340"/><temp name="T416"/><temp name="T490"/><temp name="T463"/><temp name="T496"/><temp name="T405"/><temp name="T361"/><temp name="T398"/><temp name="T441"/><temp name="T111"/><temp name="T381"/><temp name="T447"/></temps></instruction><instruction code="STO T107, $254, 32"><temps name="use"><temp name="T107"/></temps><temps name="def"/><temps name="in"><temp name="T423"/><temp name="T390"/><temp name="T8"/><temp name="T453"/><temp name="T384"/><temp name="T457"/><temp name="T349"/><temp name="T410"/><temp name="T469"/><temp name="T353"/><temp name="T346"/><temp name="T479"/><temp name="T473"/><temp name="T107"/><temp name="T484"/><temp name="T373"/><temp name="T429"/><temp name="T433"/><temp name="T367"/><temp name="T340"/><temp name="T416"/><temp name="T490"/><temp name="T463"/><temp name="T496"/><temp name="T405"/><temp name="T361"/><temp name="T398"/><temp name="T441"/><temp name="T111"/><temp name="T381"/><temp name="T447"/></temps><temps name="out"><temp name="T423"/><temp name="T390"/><temp name="T8"/><temp name="T453"/><temp name="T384"/><temp name="T457"/><temp name="T349"/><temp name="T410"/><temp name="T469"/><temp name="T353"/><temp name="T346"/><temp name="T479"/><temp name="T473"/><temp name="T484"/><temp name="T373"/><temp name="T429"/><temp name="T433"/><temp name="T367"/><temp name="T340"/><temp name="T416"/><temp name="T490"/><temp name="T463"/><temp name="T496"/><temp name="T405"/><temp name="T361"/><temp name="T398"/><temp name="T441"/><temp name="T111"/><temp name="T381"/><temp name="T447"/></temps></instruction><instruction code="STO T111, $254, 40"><temps name="use"><temp name="T111"/></temps><temps name="def"/><temps name="in"><temp name="T423"/><temp name="T390"/><temp name="T8"/><temp name="T453"/><temp name="T384"/><temp name="T457"/><temp name="T349"/><temp name="T410"/><temp name="T469"/><temp name="T353"/><temp name="T346"/><temp name="T479"/><temp name="T473"/><temp name="T484"/><temp name="T373"/><temp name="T429"/><temp name="T433"/><temp name="T367"/><temp name="T340"/><temp name="T416"/><temp name="T490"/><temp name="T463"/><temp name="T496"/><temp name="T405"/><temp name="T361"/><temp name="T398"/><temp name="T441"/><temp name="T111"/><temp name="T381"/><temp name="T447"/></temps><temps name="out"><temp name="T423"/><temp name="T390"/><temp name="T8"/><temp name="T453"/><temp name="T384"/><temp name="T457"/><temp name="T349"/><temp name="T410"/><temp name="T469"/><temp name="T353"/><temp name="T346"/><temp name="T479"/><temp name="T473"/><temp name="T484"/><temp name="T373"/><temp name="T429"/><temp name="T433"/><temp name="T367"/><temp name="T340"/><temp name="T416"/><temp name="T490"/><temp name="T463"/><temp name="T496"/><temp name="T405"/><temp name="T361"/><temp name="T398"/><temp name="T441"/><temp name="T381"/><temp name="T447"/></temps></instruction><instruction code="LDA T339, _g"><temps name="use"/><temps name="def"><temp name="T339"/></temps><temps name="in"><temp name="T423"/><temp name="T390"/><temp name="T8"/><temp name="T453"/><temp name="T384"/><temp name="T457"/><temp name="T349"/><temp name="T410"/><temp name="T469"/><temp name="T353"/><temp name="T346"/><temp name="T479"/><temp name="T473"/><temp name="T484"/><temp name="T373"/><temp name="T429"/><temp name="T433"/><temp name="T367"/><temp name="T340"/><temp name="T416"/><temp name="T490"/><temp name="T463"/><temp name="T496"/><temp name="T405"/><temp name="T361"/><temp name="T398"/><temp name="T441"/><temp name="T381"/><temp name="T447"/></temps><temps name="out"><temp name="T339"/><temp name="T423"/><temp name="T390"/><temp name="T8"/><temp name="T453"/><temp name="T384"/><temp name="T457"/><temp name="T349"/><temp name="T410"/><temp name="T469"/><temp name="T353"/><temp name="T346"/><temp name="T479"/><temp name="T473"/><temp name="T484"/><temp name="T373"/><temp name="T429"/><temp name="T433"/><temp name="T367"/><temp name="T340"/><temp name="T416"/><temp name="T490"/><temp name="T463"/><temp name="T496"/><temp name="T405"/><temp name="T361"/><temp name="T398"/><temp name="T441"/><temp name="T381"/><temp name="T447"/></temps></instruction><instruction code="PUSHJ $15, T339, 0"><temps name="use"><temp name="T339"/></temps><temps name="def"/><temps name="in"><temp name="T339"/><temp name="T423"/><temp name="T390"/><temp name="T8"/><temp name="T453"/><temp name="T384"/><temp name="T457"/><temp name="T349"/><temp name="T410"/><temp name="T469"/><temp name="T353"/><temp name="T346"/><temp name="T479"/><temp name="T473"/><temp name="T484"/><temp name="T373"/><temp name="T429"/><temp name="T433"/><temp name="T367"/><temp name="T340"/><temp name="T416"/><temp name="T490"/><temp name="T463"/><temp name="T496"/><temp name="T405"/><temp name="T361"/><temp name="T398"/><temp name="T441"/><temp name="T381"/><temp name="T447"/></temps><temps name="out"><temp name="T423"/><temp name="T390"/><temp name="T8"/><temp name="T453"/><temp name="T384"/><temp name="T457"/><temp name="T349"/><temp name="T410"/><temp name="T469"/><temp name="T353"/><temp name="T346"/><temp name="T479"/><temp name="T473"/><temp name="T484"/><temp name="T373"/><temp name="T429"/><temp name="T433"/><temp name="T367"/><temp name="T340"/><temp name="T416"/><temp name="T490"/><temp name="T463"/><temp name="T496"/><temp name="T405"/><temp name="T361"/><temp name="T398"/><temp name="T441"/><temp name="T381"/><temp name="T447"/></temps></instruction><instruction code="OR T112, T340, 0"><temps name="use"><temp name="T340"/></temps><temps name="def"><temp name="T112"/></temps><temps name="in"><temp name="T423"/><temp name="T390"/><temp name="T8"/><temp name="T453"/><temp name="T384"/><temp name="T457"/><temp name="T349"/><temp name="T410"/><temp name="T469"/><temp name="T353"/><temp name="T346"/><temp name="T479"/><temp name="T473"/><temp name="T484"/><temp name="T373"/><temp name="T429"/><temp name="T433"/><temp name="T367"/><temp name="T340"/><temp name="T416"/><temp name="T490"/><temp name="T463"/><temp name="T496"/><temp name="T405"/><temp name="T361"/><temp name="T398"/><temp name="T441"/><temp name="T381"/><temp name="T447"/></temps><temps name="out"><temp name="T423"/><temp name="T390"/><temp name="T8"/><temp name="T453"/><temp name="T384"/><temp name="T457"/><temp name="T349"/><temp name="T410"/><temp name="T469"/><temp name="T353"/><temp name="T346"/><temp name="T479"/><temp name="T473"/><temp name="T484"/><temp name="T373"/><temp name="T429"/><temp name="T433"/><temp name="T367"/><temp name="T416"/><temp name="T490"/><temp name="T463"/><temp name="T496"/><temp name="T405"/><temp name="T361"/><temp name="T398"/><temp name="T441"/><temp name="T381"/><temp name="T447"/></temps></instruction><instruction code="SETL  T341, 0"><temps name="use"/><temps name="def"><temp name="T341"/></temps><temps name="in"><temp name="T423"/><temp name="T390"/><temp name="T8"/><temp name="T453"/><temp name="T384"/><temp name="T457"/><temp name="T349"/><temp name="T410"/><temp name="T469"/><temp name="T353"/><temp name="T346"/><temp name="T479"/><temp name="T473"/><temp name="T484"/><temp name="T373"/><temp name="T429"/><temp name="T433"/><temp name="T367"/><temp name="T416"/><temp name="T490"/><temp name="T463"/><temp name="T496"/><temp name="T405"/><temp name="T361"/><temp name="T398"/><temp name="T441"/><temp name="T381"/><temp name="T447"/></temps><temps name="out"><temp name="T423"/><temp name="T390"/><temp name="T8"/><temp name="T453"/><temp name="T384"/><temp name="T457"/><temp name="T349"/><temp name="T410"/><temp name="T469"/><temp name="T353"/><temp name="T346"/><temp name="T479"/><temp name="T473"/><temp name="T484"/><temp name="T373"/><temp name="T429"/><temp name="T433"/><temp name="T367"/><temp name="T416"/><temp name="T490"/><temp name="T463"/><temp name="T496"/><temp name="T405"/><temp name="T361"/><temp name="T398"/><temp name="T441"/><temp name="T381"/><temp name="T447"/></temps></instruction><instruction code="INCML T341, 0"><temps name="use"/><temps name="def"><temp name="T341"/></temps><temps name="in"><temp name="T423"/><temp name="T390"/><temp name="T8"/><temp name="T453"/><temp name="T384"/><temp name="T457"/><temp name="T349"/><temp name="T410"/><temp name="T469"/><temp name="T353"/><temp name="T346"/><temp name="T479"/><temp name="T473"/><temp name="T484"/><temp name="T373"/><temp name="T429"/><temp name="T433"/><temp name="T367"/><temp name="T416"/><temp name="T490"/><temp name="T463"/><temp name="T496"/><temp name="T405"/><temp name="T361"/><temp name="T398"/><temp name="T441"/><temp name="T381"/><temp name="T447"/></temps><temps name="out"><temp name="T423"/><temp name="T390"/><temp name="T8"/><temp name="T453"/><temp name="T384"/><temp name="T457"/><temp name="T349"/><temp name="T410"/><temp name="T469"/><temp name="T353"/><temp name="T346"/><temp name="T479"/><temp name="T473"/><temp name="T484"/><temp name="T373"/><temp name="T429"/><temp name="T433"/><temp name="T367"/><temp name="T416"/><temp name="T490"/><temp name="T463"/><temp name="T496"/><temp name="T405"/><temp name="T361"/><temp name="T398"/><temp name="T441"/><temp name="T381"/><temp name="T447"/></temps></instruction><instruction code="INCMH T341, 0"><temps name="use"/><temps name="def"><temp name="T341"/></temps><temps name="in"><temp name="T423"/><temp name="T390"/><temp name="T8"/><temp name="T453"/><temp name="T384"/><temp name="T457"/><temp name="T349"/><temp name="T410"/><temp name="T469"/><temp name="T353"/><temp name="T346"/><temp name="T479"/><temp name="T473"/><temp name="T484"/><temp name="T373"/><temp name="T429"/><temp name="T433"/><temp name="T367"/><temp name="T416"/><temp name="T490"/><temp name="T463"/><temp name="T496"/><temp name="T405"/><temp name="T361"/><temp name="T398"/><temp name="T441"/><temp name="T381"/><temp name="T447"/></temps><temps name="out"><temp name="T423"/><temp name="T390"/><temp name="T8"/><temp name="T453"/><temp name="T384"/><temp name="T457"/><temp name="T349"/><temp name="T410"/><temp name="T469"/><temp name="T353"/><temp name="T346"/><temp name="T479"/><temp name="T473"/><temp name="T484"/><temp name="T373"/><temp name="T429"/><temp name="T433"/><temp name="T367"/><temp name="T416"/><temp name="T490"/><temp name="T463"/><temp name="T496"/><temp name="T405"/><temp name="T361"/><temp name="T398"/><temp name="T441"/><temp name="T381"/><temp name="T447"/></temps></instruction><instruction code="INCH  T341, 0"><temps name="use"/><temps name="def"><temp name="T341"/></temps><temps name="in"><temp name="T423"/><temp name="T390"/><temp name="T8"/><temp name="T453"/><temp name="T384"/><temp name="T457"/><temp name="T349"/><temp name="T410"/><temp name="T469"/><temp name="T353"/><temp name="T346"/><temp name="T479"/><temp name="T473"/><temp name="T484"/><temp name="T373"/><temp name="T429"/><temp name="T433"/><temp name="T367"/><temp name="T416"/><temp name="T490"/><temp name="T463"/><temp name="T496"/><temp name="T405"/><temp name="T361"/><temp name="T398"/><temp name="T441"/><temp name="T381"/><temp name="T447"/></temps><temps name="out"><temp name="T423"/><temp name="T390"/><temp name="T8"/><temp name="T453"/><temp name="T384"/><temp name="T457"/><temp name="T349"/><temp name="T410"/><temp name="T469"/><temp name="T353"/><temp name="T346"/><temp name="T479"/><temp name="T473"/><temp name="T484"/><temp name="T373"/><temp name="T429"/><temp name="T433"/><temp name="T367"/><temp name="T416"/><temp name="T490"/><temp name="T463"/><temp name="T496"/><temp name="T405"/><temp name="T361"/><temp name="T398"/><temp name="T441"/><temp name="T341"/><temp name="T381"/><temp name="T447"/></temps></instruction><instruction code="OR T113, T341, 0"><temps name="use"><temp name="T341"/></temps><temps name="def"><temp name="T113"/></temps><temps name="in"><temp name="T423"/><temp name="T390"/><temp name="T8"/><temp name="T453"/><temp name="T384"/><temp name="T457"/><temp name="T349"/><temp name="T410"/><temp name="T469"/><temp name="T353"/><temp name="T346"/><temp name="T479"/><temp name="T473"/><temp name="T484"/><temp name="T373"/><temp name="T429"/><temp name="T433"/><temp name="T367"/><temp name="T416"/><temp name="T490"/><temp name="T463"/><temp name="T496"/><temp name="T405"/><temp name="T361"/><temp name="T398"/><temp name="T441"/><temp name="T341"/><temp name="T381"/><temp name="T447"/></temps><temps name="out"><temp name="T423"/><temp name="T390"/><temp name="T8"/><temp name="T453"/><temp name="T384"/><temp name="T457"/><temp name="T349"/><temp name="T410"/><temp name="T113"/><temp name="T469"/><temp name="T353"/><temp name="T346"/><temp name="T479"/><temp name="T473"/><temp name="T484"/><temp name="T373"/><temp name="T429"/><temp name="T433"/><temp name="T367"/><temp name="T416"/><temp name="T490"/><temp name="T463"/><temp name="T496"/><temp name="T405"/><temp name="T361"/><temp name="T398"/><temp name="T441"/><temp name="T381"/><temp name="T447"/></temps></instruction><instruction code="SETL  T342, 1"><temps name="use"/><temps name="def"><temp name="T342"/></temps><temps name="in"><temp name="T423"/><temp name="T390"/><temp name="T8"/><temp name="T453"/><temp name="T384"/><temp name="T457"/><temp name="T349"/><temp name="T410"/><temp name="T113"/><temp name="T469"/><temp name="T353"/><temp name="T346"/><temp name="T479"/><temp name="T473"/><temp name="T484"/><temp name="T373"/><temp name="T429"/><temp name="T433"/><temp name="T367"/><temp name="T416"/><temp name="T490"/><temp name="T463"/><temp name="T496"/><temp name="T405"/><temp name="T361"/><temp name="T398"/><temp name="T441"/><temp name="T381"/><temp name="T447"/></temps><temps name="out"><temp name="T423"/><temp name="T390"/><temp name="T8"/><temp name="T453"/><temp name="T384"/><temp name="T457"/><temp name="T349"/><temp name="T410"/><temp name="T113"/><temp name="T469"/><temp name="T353"/><temp name="T346"/><temp name="T479"/><temp name="T473"/><temp name="T484"/><temp name="T373"/><temp name="T429"/><temp name="T433"/><temp name="T367"/><temp name="T416"/><temp name="T490"/><temp name="T463"/><temp name="T496"/><temp name="T405"/><temp name="T361"/><temp name="T398"/><temp name="T441"/><temp name="T381"/><temp name="T447"/></temps></instruction><instruction code="INCML T342, 0"><temps name="use"/><temps name="def"><temp name="T342"/></temps><temps name="in"><temp name="T423"/><temp name="T390"/><temp name="T8"/><temp name="T453"/><temp name="T384"/><temp name="T457"/><temp name="T349"/><temp name="T410"/><temp name="T113"/><temp name="T469"/><temp name="T353"/><temp name="T346"/><temp name="T479"/><temp name="T473"/><temp name="T484"/><temp name="T373"/><temp name="T429"/><temp name="T433"/><temp name="T367"/><temp name="T416"/><temp name="T490"/><temp name="T463"/><temp name="T496"/><temp name="T405"/><temp name="T361"/><temp name="T398"/><temp name="T441"/><temp name="T381"/><temp name="T447"/></temps><temps name="out"><temp name="T423"/><temp name="T390"/><temp name="T8"/><temp name="T453"/><temp name="T384"/><temp name="T457"/><temp name="T349"/><temp name="T410"/><temp name="T113"/><temp name="T469"/><temp name="T353"/><temp name="T346"/><temp name="T479"/><temp name="T473"/><temp name="T484"/><temp name="T373"/><temp name="T429"/><temp name="T433"/><temp name="T367"/><temp name="T416"/><temp name="T490"/><temp name="T463"/><temp name="T496"/><temp name="T405"/><temp name="T361"/><temp name="T398"/><temp name="T441"/><temp name="T381"/><temp name="T447"/></temps></instruction><instruction code="INCMH T342, 0"><temps name="use"/><temps name="def"><temp name="T342"/></temps><temps name="in"><temp name="T423"/><temp name="T390"/><temp name="T8"/><temp name="T453"/><temp name="T384"/><temp name="T457"/><temp name="T349"/><temp name="T410"/><temp name="T113"/><temp name="T469"/><temp name="T353"/><temp name="T346"/><temp name="T479"/><temp name="T473"/><temp name="T484"/><temp name="T373"/><temp name="T429"/><temp name="T433"/><temp name="T367"/><temp name="T416"/><temp name="T490"/><temp name="T463"/><temp name="T496"/><temp name="T405"/><temp name="T361"/><temp name="T398"/><temp name="T441"/><temp name="T381"/><temp name="T447"/></temps><temps name="out"><temp name="T423"/><temp name="T390"/><temp name="T8"/><temp name="T453"/><temp name="T384"/><temp name="T457"/><temp name="T349"/><temp name="T410"/><temp name="T113"/><temp name="T469"/><temp name="T353"/><temp name="T346"/><temp name="T479"/><temp name="T473"/><temp name="T484"/><temp name="T373"/><temp name="T429"/><temp name="T433"/><temp name="T367"/><temp name="T416"/><temp name="T490"/><temp name="T463"/><temp name="T496"/><temp name="T405"/><temp name="T361"/><temp name="T398"/><temp name="T441"/><temp name="T381"/><temp name="T447"/></temps></instruction><instruction code="INCH  T342, 0"><temps name="use"/><temps name="def"><temp name="T342"/></temps><temps name="in"><temp name="T423"/><temp name="T390"/><temp name="T8"/><temp name="T453"/><temp name="T384"/><temp name="T457"/><temp name="T349"/><temp name="T410"/><temp name="T113"/><temp name="T469"/><temp name="T353"/><temp name="T346"/><temp name="T479"/><temp name="T473"/><temp name="T484"/><temp name="T373"/><temp name="T429"/><temp name="T433"/><temp name="T367"/><temp name="T416"/><temp name="T490"/><temp name="T463"/><temp name="T496"/><temp name="T405"/><temp name="T361"/><temp name="T398"/><temp name="T441"/><temp name="T381"/><temp name="T447"/></temps><temps name="out"><temp name="T423"/><temp name="T390"/><temp name="T8"/><temp name="T453"/><temp name="T384"/><temp name="T457"/><temp name="T349"/><temp name="T410"/><temp name="T113"/><temp name="T469"/><temp name="T353"/><temp name="T346"/><temp name="T342"/><temp name="T479"/><temp name="T473"/><temp name="T484"/><temp name="T373"/><temp name="T429"/><temp name="T433"/><temp name="T367"/><temp name="T416"/><temp name="T490"/><temp name="T463"/><temp name="T496"/><temp name="T405"/><temp name="T361"/><temp name="T398"/><temp name="T441"/><temp name="T381"/><temp name="T447"/></temps></instruction><instruction code="OR T114, T342, 0"><temps name="use"><temp name="T342"/></temps><temps name="def"><temp name="T114"/></temps><temps name="in"><temp name="T423"/><temp name="T390"/><temp name="T8"/><temp name="T453"/><temp name="T384"/><temp name="T457"/><temp name="T349"/><temp name="T410"/><temp name="T113"/><temp name="T469"/><temp name="T353"/><temp name="T346"/><temp name="T342"/><temp name="T479"/><temp name="T473"/><temp name="T484"/><temp name="T373"/><temp name="T429"/><temp name="T433"/><temp name="T367"/><temp name="T416"/><temp name="T490"/><temp name="T463"/><temp name="T496"/><temp name="T405"/><temp name="T361"/><temp name="T398"/><temp name="T441"/><temp name="T381"/><temp name="T447"/></temps><temps name="out"><temp name="T423"/><temp name="T390"/><temp name="T8"/><temp name="T453"/><temp name="T384"/><temp name="T457"/><temp name="T349"/><temp name="T410"/><temp name="T113"/><temp name="T469"/><temp name="T353"/><temp name="T346"/><temp name="T479"/><temp name="T473"/><temp name="T484"/><temp name="T373"/><temp name="T429"/><temp name="T433"/><temp name="T367"/><temp name="T416"/><temp name="T490"/><temp name="T463"/><temp name="T496"/><temp name="T405"/><temp name="T114"/><temp name="T361"/><temp name="T398"/><temp name="T441"/><temp name="T381"/><temp name="T447"/></temps></instruction><instruction code="SETL  T343, 1"><temps name="use"/><temps name="def"><temp name="T343"/></temps><temps name="in"><temp name="T423"/><temp name="T390"/><temp name="T8"/><temp name="T453"/><temp name="T384"/><temp name="T457"/><temp name="T349"/><temp name="T410"/><temp name="T113"/><temp name="T469"/><temp name="T353"/><temp name="T346"/><temp name="T479"/><temp name="T473"/><temp name="T484"/><temp name="T373"/><temp name="T429"/><temp name="T433"/><temp name="T367"/><temp name="T416"/><temp name="T490"/><temp name="T463"/><temp name="T496"/><temp name="T405"/><temp name="T114"/><temp name="T361"/><temp name="T398"/><temp name="T441"/><temp name="T381"/><temp name="T447"/></temps><temps name="out"><temp name="T423"/><temp name="T390"/><temp name="T8"/><temp name="T453"/><temp name="T384"/><temp name="T457"/><temp name="T349"/><temp name="T410"/><temp name="T113"/><temp name="T469"/><temp name="T353"/><temp name="T346"/><temp name="T479"/><temp name="T473"/><temp name="T484"/><temp name="T373"/><temp name="T429"/><temp name="T433"/><temp name="T367"/><temp name="T416"/><temp name="T490"/><temp name="T463"/><temp name="T496"/><temp name="T405"/><temp name="T114"/><temp name="T361"/><temp name="T398"/><temp name="T441"/><temp name="T381"/><temp name="T447"/></temps></instruction><instruction code="INCML T343, 0"><temps name="use"/><temps name="def"><temp name="T343"/></temps><temps name="in"><temp name="T423"/><temp name="T390"/><temp name="T8"/><temp name="T453"/><temp name="T384"/><temp name="T457"/><temp name="T349"/><temp name="T410"/><temp name="T113"/><temp name="T469"/><temp name="T353"/><temp name="T346"/><temp name="T479"/><temp name="T473"/><temp name="T484"/><temp name="T373"/><temp name="T429"/><temp name="T433"/><temp name="T367"/><temp name="T416"/><temp name="T490"/><temp name="T463"/><temp name="T496"/><temp name="T405"/><temp name="T114"/><temp name="T361"/><temp name="T398"/><temp name="T441"/><temp name="T381"/><temp name="T447"/></temps><temps name="out"><temp name="T423"/><temp name="T390"/><temp name="T8"/><temp name="T453"/><temp name="T384"/><temp name="T457"/><temp name="T349"/><temp name="T410"/><temp name="T113"/><temp name="T469"/><temp name="T353"/><temp name="T346"/><temp name="T479"/><temp name="T473"/><temp name="T484"/><temp name="T373"/><temp name="T429"/><temp name="T433"/><temp name="T367"/><temp name="T416"/><temp name="T490"/><temp name="T463"/><temp name="T496"/><temp name="T405"/><temp name="T114"/><temp name="T361"/><temp name="T398"/><temp name="T441"/><temp name="T381"/><temp name="T447"/></temps></instruction><instruction code="INCMH T343, 0"><temps name="use"/><temps name="def"><temp name="T343"/></temps><temps name="in"><temp name="T423"/><temp name="T390"/><temp name="T8"/><temp name="T453"/><temp name="T384"/><temp name="T457"/><temp name="T349"/><temp name="T410"/><temp name="T113"/><temp name="T469"/><temp name="T353"/><temp name="T346"/><temp name="T479"/><temp name="T473"/><temp name="T484"/><temp name="T373"/><temp name="T429"/><temp name="T433"/><temp name="T367"/><temp name="T416"/><temp name="T490"/><temp name="T463"/><temp name="T496"/><temp name="T405"/><temp name="T114"/><temp name="T361"/><temp name="T398"/><temp name="T441"/><temp name="T381"/><temp name="T447"/></temps><temps name="out"><temp name="T423"/><temp name="T390"/><temp name="T8"/><temp name="T453"/><temp name="T384"/><temp name="T457"/><temp name="T349"/><temp name="T410"/><temp name="T113"/><temp name="T469"/><temp name="T353"/><temp name="T346"/><temp name="T479"/><temp name="T473"/><temp name="T484"/><temp name="T373"/><temp name="T429"/><temp name="T433"/><temp name="T367"/><temp name="T416"/><temp name="T490"/><temp name="T463"/><temp name="T496"/><temp name="T405"/><temp name="T114"/><temp name="T361"/><temp name="T398"/><temp name="T441"/><temp name="T381"/><temp name="T447"/></temps></instruction><instruction code="INCH  T343, 0"><temps name="use"/><temps name="def"><temp name="T343"/></temps><temps name="in"><temp name="T423"/><temp name="T390"/><temp name="T8"/><temp name="T453"/><temp name="T384"/><temp name="T457"/><temp name="T349"/><temp name="T410"/><temp name="T113"/><temp name="T469"/><temp name="T353"/><temp name="T346"/><temp name="T479"/><temp name="T473"/><temp name="T484"/><temp name="T373"/><temp name="T429"/><temp name="T433"/><temp name="T367"/><temp name="T416"/><temp name="T490"/><temp name="T463"/><temp name="T496"/><temp name="T405"/><temp name="T114"/><temp name="T361"/><temp name="T398"/><temp name="T441"/><temp name="T381"/><temp name="T447"/></temps><temps name="out"><temp name="T423"/><temp name="T390"/><temp name="T8"/><temp name="T453"/><temp name="T384"/><temp name="T457"/><temp name="T349"/><temp name="T410"/><temp name="T113"/><temp name="T469"/><temp name="T353"/><temp name="T346"/><temp name="T479"/><temp name="T343"/><temp name="T473"/><temp name="T484"/><temp name="T373"/><temp name="T429"/><temp name="T433"/><temp name="T367"/><temp name="T416"/><temp name="T490"/><temp name="T463"/><temp name="T496"/><temp name="T405"/><temp name="T114"/><temp name="T361"/><temp name="T398"/><temp name="T441"/><temp name="T381"/><temp name="T447"/></temps></instruction><instruction code="OR T115, T343, 0"><temps name="use"><temp name="T343"/></temps><temps name="def"><temp name="T115"/></temps><temps name="in"><temp name="T423"/><temp name="T390"/><temp name="T8"/><temp name="T453"/><temp name="T384"/><temp name="T457"/><temp name="T349"/><temp name="T410"/><temp name="T113"/><temp name="T469"/><temp name="T353"/><temp name="T346"/><temp name="T479"/><temp name="T343"/><temp name="T473"/><temp name="T484"/><temp name="T373"/><temp name="T429"/><temp name="T433"/><temp name="T367"/><temp name="T416"/><temp name="T490"/><temp name="T463"/><temp name="T496"/><temp name="T405"/><temp name="T114"/><temp name="T361"/><temp name="T398"/><temp name="T441"/><temp name="T381"/><temp name="T447"/></temps><temps name="out"><temp name="T423"/><temp name="T390"/><temp name="T8"/><temp name="T453"/><temp name="T384"/><temp name="T457"/><temp name="T349"/><temp name="T410"/><temp name="T113"/><temp name="T469"/><temp name="T353"/><temp name="T346"/><temp name="T479"/><temp name="T473"/><temp name="T115"/><temp name="T484"/><temp name="T373"/><temp name="T429"/><temp name="T433"/><temp name="T367"/><temp name="T416"/><temp name="T490"/><temp name="T463"/><temp name="T496"/><temp name="T405"/><temp name="T114"/><temp name="T361"/><temp name="T398"/><temp name="T441"/><temp name="T381"/><temp name="T447"/></temps></instruction><instruction code="SETL  T344, 1"><temps name="use"/><temps name="def"><temp name="T344"/></temps><temps name="in"><temp name="T423"/><temp name="T390"/><temp name="T8"/><temp name="T453"/><temp name="T384"/><temp name="T457"/><temp name="T349"/><temp name="T410"/><temp name="T113"/><temp name="T469"/><temp name="T353"/><temp name="T346"/><temp name="T479"/><temp name="T473"/><temp name="T115"/><temp name="T484"/><temp name="T373"/><temp name="T429"/><temp name="T433"/><temp name="T367"/><temp name="T416"/><temp name="T490"/><temp name="T463"/><temp name="T496"/><temp name="T405"/><temp name="T114"/><temp name="T361"/><temp name="T398"/><temp name="T441"/><temp name="T381"/><temp name="T447"/></temps><temps name="out"><temp name="T423"/><temp name="T390"/><temp name="T8"/><temp name="T453"/><temp name="T384"/><temp name="T457"/><temp name="T349"/><temp name="T410"/><temp name="T113"/><temp name="T469"/><temp name="T353"/><temp name="T346"/><temp name="T479"/><temp name="T473"/><temp name="T115"/><temp name="T484"/><temp name="T373"/><temp name="T429"/><temp name="T433"/><temp name="T367"/><temp name="T416"/><temp name="T490"/><temp name="T463"/><temp name="T496"/><temp name="T405"/><temp name="T114"/><temp name="T361"/><temp name="T398"/><temp name="T441"/><temp name="T381"/><temp name="T447"/></temps></instruction><instruction code="INCML T344, 0"><temps name="use"/><temps name="def"><temp name="T344"/></temps><temps name="in"><temp name="T423"/><temp name="T390"/><temp name="T8"/><temp name="T453"/><temp name="T384"/><temp name="T457"/><temp name="T349"/><temp name="T410"/><temp name="T113"/><temp name="T469"/><temp name="T353"/><temp name="T346"/><temp name="T479"/><temp name="T473"/><temp name="T115"/><temp name="T484"/><temp name="T373"/><temp name="T429"/><temp name="T433"/><temp name="T367"/><temp name="T416"/><temp name="T490"/><temp name="T463"/><temp name="T496"/><temp name="T405"/><temp name="T114"/><temp name="T361"/><temp name="T398"/><temp name="T441"/><temp name="T381"/><temp name="T447"/></temps><temps name="out"><temp name="T423"/><temp name="T390"/><temp name="T8"/><temp name="T453"/><temp name="T384"/><temp name="T457"/><temp name="T349"/><temp name="T410"/><temp name="T113"/><temp name="T469"/><temp name="T353"/><temp name="T346"/><temp name="T479"/><temp name="T473"/><temp name="T115"/><temp name="T484"/><temp name="T373"/><temp name="T429"/><temp name="T433"/><temp name="T367"/><temp name="T416"/><temp name="T490"/><temp name="T463"/><temp name="T496"/><temp name="T405"/><temp name="T114"/><temp name="T361"/><temp name="T398"/><temp name="T441"/><temp name="T381"/><temp name="T447"/></temps></instruction><instruction code="INCMH T344, 0"><temps name="use"/><temps name="def"><temp name="T344"/></temps><temps name="in"><temp name="T423"/><temp name="T390"/><temp name="T8"/><temp name="T453"/><temp name="T384"/><temp name="T457"/><temp name="T349"/><temp name="T410"/><temp name="T113"/><temp name="T469"/><temp name="T353"/><temp name="T346"/><temp name="T479"/><temp name="T473"/><temp name="T115"/><temp name="T484"/><temp name="T373"/><temp name="T429"/><temp name="T433"/><temp name="T367"/><temp name="T416"/><temp name="T490"/><temp name="T463"/><temp name="T496"/><temp name="T405"/><temp name="T114"/><temp name="T361"/><temp name="T398"/><temp name="T441"/><temp name="T381"/><temp name="T447"/></temps><temps name="out"><temp name="T423"/><temp name="T390"/><temp name="T8"/><temp name="T453"/><temp name="T384"/><temp name="T457"/><temp name="T349"/><temp name="T410"/><temp name="T113"/><temp name="T469"/><temp name="T353"/><temp name="T346"/><temp name="T479"/><temp name="T473"/><temp name="T115"/><temp name="T484"/><temp name="T373"/><temp name="T429"/><temp name="T433"/><temp name="T367"/><temp name="T416"/><temp name="T490"/><temp name="T463"/><temp name="T496"/><temp name="T405"/><temp name="T114"/><temp name="T361"/><temp name="T398"/><temp name="T441"/><temp name="T381"/><temp name="T447"/></temps></instruction><instruction code="INCH  T344, 0"><temps name="use"/><temps name="def"><temp name="T344"/></temps><temps name="in"><temp name="T423"/><temp name="T390"/><temp name="T8"/><temp name="T453"/><temp name="T384"/><temp name="T457"/><temp name="T349"/><temp name="T410"/><temp name="T113"/><temp name="T469"/><temp name="T353"/><temp name="T346"/><temp name="T479"/><temp name="T473"/><temp name="T115"/><temp name="T484"/><temp name="T373"/><temp name="T429"/><temp name="T433"/><temp name="T367"/><temp name="T416"/><temp name="T490"/><temp name="T463"/><temp name="T496"/><temp name="T405"/><temp name="T114"/><temp name="T361"/><temp name="T398"/><temp name="T441"/><temp name="T381"/><temp name="T447"/></temps><temps name="out"><temp name="T423"/><temp name="T390"/><temp name="T8"/><temp name="T453"/><temp name="T384"/><temp name="T457"/><temp name="T349"/><temp name="T410"/><temp name="T113"/><temp name="T469"/><temp name="T353"/><temp name="T346"/><temp name="T479"/><temp name="T473"/><temp name="T115"/><temp name="T484"/><temp name="T373"/><temp name="T429"/><temp name="T433"/><temp name="T367"/><temp name="T416"/><temp name="T490"/><temp name="T463"/><temp name="T344"/><temp name="T496"/><temp name="T405"/><temp name="T114"/><temp name="T361"/><temp name="T398"/><temp name="T441"/><temp name="T381"/><temp name="T447"/></temps></instruction><instruction code="OR T116, T344, 0"><temps name="use"><temp name="T344"/></temps><temps name="def"><temp name="T116"/></temps><temps name="in"><temp name="T423"/><temp name="T390"/><temp name="T8"/><temp name="T453"/><temp name="T384"/><temp name="T457"/><temp name="T349"/><temp name="T410"/><temp name="T113"/><temp name="T469"/><temp name="T353"/><temp name="T346"/><temp name="T479"/><temp name="T473"/><temp name="T115"/><temp name="T484"/><temp name="T373"/><temp name="T429"/><temp name="T433"/><temp name="T367"/><temp name="T416"/><temp name="T490"/><temp name="T463"/><temp name="T344"/><temp name="T496"/><temp name="T405"/><temp name="T114"/><temp name="T361"/><temp name="T398"/><temp name="T441"/><temp name="T381"/><temp name="T447"/></temps><temps name="out"><temp name="T423"/><temp name="T390"/><temp name="T8"/><temp name="T453"/><temp name="T384"/><temp name="T457"/><temp name="T349"/><temp name="T410"/><temp name="T113"/><temp name="T469"/><temp name="T116"/><temp name="T353"/><temp name="T346"/><temp name="T479"/><temp name="T473"/><temp name="T115"/><temp name="T484"/><temp name="T373"/><temp name="T429"/><temp name="T433"/><temp name="T367"/><temp name="T416"/><temp name="T490"/><temp name="T463"/><temp name="T496"/><temp name="T405"/><temp name="T114"/><temp name="T361"/><temp name="T398"/><temp name="T441"/><temp name="T381"/><temp name="T447"/></temps></instruction><instruction code="STO T113, $254, 8"><temps name="use"><temp name="T113"/></temps><temps name="def"/><temps name="in"><temp name="T423"/><temp name="T390"/><temp name="T8"/><temp name="T453"/><temp name="T384"/><temp name="T457"/><temp name="T349"/><temp name="T410"/><temp name="T113"/><temp name="T469"/><temp name="T116"/><temp name="T353"/><temp name="T346"/><temp name="T479"/><temp name="T473"/><temp name="T115"/><temp name="T484"/><temp name="T373"/><temp name="T429"/><temp name="T433"/><temp name="T367"/><temp name="T416"/><temp name="T490"/><temp name="T463"/><temp name="T496"/><temp name="T405"/><temp name="T114"/><temp name="T361"/><temp name="T398"/><temp name="T441"/><temp name="T381"/><temp name="T447"/></temps><temps name="out"><temp name="T423"/><temp name="T390"/><temp name="T8"/><temp name="T453"/><temp name="T384"/><temp name="T457"/><temp name="T349"/><temp name="T410"/><temp name="T469"/><temp name="T116"/><temp name="T353"/><temp name="T346"/><temp name="T479"/><temp name="T473"/><temp name="T115"/><temp name="T484"/><temp name="T373"/><temp name="T429"/><temp name="T433"/><temp name="T367"/><temp name="T416"/><temp name="T490"/><temp name="T463"/><temp name="T496"/><temp name="T405"/><temp name="T114"/><temp name="T361"/><temp name="T398"/><temp name="T441"/><temp name="T381"/><temp name="T447"/></temps></instruction><instruction code="STO T114, $254, 16"><temps name="use"><temp name="T114"/></temps><temps name="def"/><temps name="in"><temp name="T423"/><temp name="T390"/><temp name="T8"/><temp name="T453"/><temp name="T384"/><temp name="T457"/><temp name="T349"/><temp name="T410"/><temp name="T469"/><temp name="T116"/><temp name="T353"/><temp name="T346"/><temp name="T479"/><temp name="T473"/><temp name="T115"/><temp name="T484"/><temp name="T373"/><temp name="T429"/><temp name="T433"/><temp name="T367"/><temp name="T416"/><temp name="T490"/><temp name="T463"/><temp name="T496"/><temp name="T405"/><temp name="T114"/><temp name="T361"/><temp name="T398"/><temp name="T441"/><temp name="T381"/><temp name="T447"/></temps><temps name="out"><temp name="T423"/><temp name="T390"/><temp name="T8"/><temp name="T453"/><temp name="T384"/><temp name="T457"/><temp name="T349"/><temp name="T410"/><temp name="T469"/><temp name="T116"/><temp name="T353"/><temp name="T346"/><temp name="T479"/><temp name="T473"/><temp name="T115"/><temp name="T484"/><temp name="T373"/><temp name="T429"/><temp name="T433"/><temp name="T367"/><temp name="T416"/><temp name="T490"/><temp name="T463"/><temp name="T496"/><temp name="T405"/><temp name="T361"/><temp name="T398"/><temp name="T441"/><temp name="T381"/><temp name="T447"/></temps></instruction><instruction code="STO T115, $254, 24"><temps name="use"><temp name="T115"/></temps><temps name="def"/><temps name="in"><temp name="T423"/><temp name="T390"/><temp name="T8"/><temp name="T453"/><temp name="T384"/><temp name="T457"/><temp name="T349"/><temp name="T410"/><temp name="T469"/><temp name="T116"/><temp name="T353"/><temp name="T346"/><temp name="T479"/><temp name="T473"/><temp name="T115"/><temp name="T484"/><temp name="T373"/><temp name="T429"/><temp name="T433"/><temp name="T367"/><temp name="T416"/><temp name="T490"/><temp name="T463"/><temp name="T496"/><temp name="T405"/><temp name="T361"/><temp name="T398"/><temp name="T441"/><temp name="T381"/><temp name="T447"/></temps><temps name="out"><temp name="T423"/><temp name="T390"/><temp name="T8"/><temp name="T453"/><temp name="T384"/><temp name="T457"/><temp name="T349"/><temp name="T410"/><temp name="T469"/><temp name="T116"/><temp name="T353"/><temp name="T346"/><temp name="T479"/><temp name="T473"/><temp name="T484"/><temp name="T373"/><temp name="T429"/><temp name="T433"/><temp name="T367"/><temp name="T416"/><temp name="T490"/><temp name="T463"/><temp name="T496"/><temp name="T405"/><temp name="T361"/><temp name="T398"/><temp name="T441"/><temp name="T381"/><temp name="T447"/></temps></instruction><instruction code="STO T116, $254, 32"><temps name="use"><temp name="T116"/></temps><temps name="def"/><temps name="in"><temp name="T423"/><temp name="T390"/><temp name="T8"/><temp name="T453"/><temp name="T384"/><temp name="T457"/><temp name="T349"/><temp name="T410"/><temp name="T469"/><temp name="T116"/><temp name="T353"/><temp name="T346"/><temp name="T479"/><temp name="T473"/><temp name="T484"/><temp name="T373"/><temp name="T429"/><temp name="T433"/><temp name="T367"/><temp name="T416"/><temp name="T490"/><temp name="T463"/><temp name="T496"/><temp name="T405"/><temp name="T361"/><temp name="T398"/><temp name="T441"/><temp name="T381"/><temp name="T447"/></temps><temps name="out"><temp name="T423"/><temp name="T390"/><temp name="T8"/><temp name="T453"/><temp name="T384"/><temp name="T457"/><temp name="T349"/><temp name="T410"/><temp name="T469"/><temp name="T353"/><temp name="T346"/><temp name="T479"/><temp name="T473"/><temp name="T484"/><temp name="T373"/><temp name="T429"/><temp name="T433"/><temp name="T367"/><temp name="T416"/><temp name="T490"/><temp name="T463"/><temp name="T496"/><temp name="T405"/><temp name="T361"/><temp name="T398"/><temp name="T441"/><temp name="T381"/><temp name="T447"/></temps></instruction><instruction code="LDA T345, _h"><temps name="use"/><temps name="def"><temp name="T345"/></temps><temps name="in"><temp name="T423"/><temp name="T390"/><temp name="T8"/><temp name="T453"/><temp name="T384"/><temp name="T457"/><temp name="T349"/><temp name="T410"/><temp name="T469"/><temp name="T353"/><temp name="T346"/><temp name="T479"/><temp name="T473"/><temp name="T484"/><temp name="T373"/><temp name="T429"/><temp name="T433"/><temp name="T367"/><temp name="T416"/><temp name="T490"/><temp name="T463"/><temp name="T496"/><temp name="T405"/><temp name="T361"/><temp name="T398"/><temp name="T441"/><temp name="T381"/><temp name="T447"/></temps><temps name="out"><temp name="T423"/><temp name="T390"/><temp name="T8"/><temp name="T453"/><temp name="T384"/><temp name="T345"/><temp name="T457"/><temp name="T349"/><temp name="T410"/><temp name="T469"/><temp name="T353"/><temp name="T346"/><temp name="T479"/><temp name="T473"/><temp name="T484"/><temp name="T373"/><temp name="T429"/><temp name="T433"/><temp name="T367"/><temp name="T416"/><temp name="T490"/><temp name="T463"/><temp name="T496"/><temp name="T405"/><temp name="T361"/><temp name="T398"/><temp name="T441"/><temp name="T381"/><temp name="T447"/></temps></instruction><instruction code="PUSHJ $15, T345, 0"><temps name="use"><temp name="T345"/></temps><temps name="def"/><temps name="in"><temp name="T423"/><temp name="T390"/><temp name="T8"/><temp name="T453"/><temp name="T384"/><temp name="T345"/><temp name="T457"/><temp name="T349"/><temp name="T410"/><temp name="T469"/><temp name="T353"/><temp name="T346"/><temp name="T479"/><temp name="T473"/><temp name="T484"/><temp name="T373"/><temp name="T429"/><temp name="T433"/><temp name="T367"/><temp name="T416"/><temp name="T490"/><temp name="T463"/><temp name="T496"/><temp name="T405"/><temp name="T361"/><temp name="T398"/><temp name="T441"/><temp name="T381"/><temp name="T447"/></temps><temps name="out"><temp name="T423"/><temp name="T390"/><temp name="T8"/><temp name="T453"/><temp name="T384"/><temp name="T457"/><temp name="T349"/><temp name="T410"/><temp name="T469"/><temp name="T353"/><temp name="T346"/><temp name="T479"/><temp name="T473"/><temp name="T484"/><temp name="T373"/><temp name="T429"/><temp name="T433"/><temp name="T367"/><temp name="T416"/><temp name="T490"/><temp name="T463"/><temp name="T496"/><temp name="T405"/><temp name="T361"/><temp name="T398"/><temp name="T441"/><temp name="T381"/><temp name="T447"/></temps></instruction><instruction code="OR T117, T346, 0"><temps name="use"><temp name="T346"/></temps><temps name="def"><temp name="T117"/></temps><temps name="in"><temp name="T423"/><temp name="T390"/><temp name="T8"/><temp name="T453"/><temp name="T384"/><temp name="T457"/><temp name="T349"/><temp name="T410"/><temp name="T469"/><temp name="T353"/><temp name="T346"/><temp name="T479"/><temp name="T473"/><temp name="T484"/><temp name="T373"/><temp name="T429"/><temp name="T433"/><temp name="T367"/><temp name="T416"/><temp name="T490"/><temp name="T463"/><temp name="T496"/><temp name="T405"/><temp name="T361"/><temp name="T398"/><temp name="T441"/><temp name="T381"/><temp name="T447"/></temps><temps name="out"><temp name="T423"/><temp name="T390"/><temp name="T8"/><temp name="T453"/><temp name="T384"/><temp name="T457"/><temp name="T349"/><temp name="T410"/><temp name="T469"/><temp name="T353"/><temp name="T479"/><temp name="T473"/><temp name="T484"/><temp name="T373"/><temp name="T429"/><temp name="T433"/><temp name="T367"/><temp name="T416"/><temp name="T490"/><temp name="T463"/><temp name="T496"/><temp name="T405"/><temp name="T361"/><temp name="T398"/><temp name="T441"/><temp name="T381"/><temp name="T447"/></temps></instruction><instruction code="SETL  T347, 0"><temps name="use"/><temps name="def"><temp name="T347"/></temps><temps name="in"><temp name="T423"/><temp name="T390"/><temp name="T8"/><temp name="T453"/><temp name="T384"/><temp name="T457"/><temp name="T349"/><temp name="T410"/><temp name="T469"/><temp name="T353"/><temp name="T479"/><temp name="T473"/><temp name="T484"/><temp name="T373"/><temp name="T429"/><temp name="T433"/><temp name="T367"/><temp name="T416"/><temp name="T490"/><temp name="T463"/><temp name="T496"/><temp name="T405"/><temp name="T361"/><temp name="T398"/><temp name="T441"/><temp name="T381"/><temp name="T447"/></temps><temps name="out"><temp name="T423"/><temp name="T390"/><temp name="T8"/><temp name="T453"/><temp name="T384"/><temp name="T457"/><temp name="T349"/><temp name="T410"/><temp name="T469"/><temp name="T353"/><temp name="T479"/><temp name="T473"/><temp name="T484"/><temp name="T373"/><temp name="T429"/><temp name="T433"/><temp name="T367"/><temp name="T416"/><temp name="T490"/><temp name="T463"/><temp name="T496"/><temp name="T405"/><temp name="T361"/><temp name="T398"/><temp name="T441"/><temp name="T381"/><temp name="T447"/></temps></instruction><instruction code="INCML T347, 0"><temps name="use"/><temps name="def"><temp name="T347"/></temps><temps name="in"><temp name="T423"/><temp name="T390"/><temp name="T8"/><temp name="T453"/><temp name="T384"/><temp name="T457"/><temp name="T349"/><temp name="T410"/><temp name="T469"/><temp name="T353"/><temp name="T479"/><temp name="T473"/><temp name="T484"/><temp name="T373"/><temp name="T429"/><temp name="T433"/><temp name="T367"/><temp name="T416"/><temp name="T490"/><temp name="T463"/><temp name="T496"/><temp name="T405"/><temp name="T361"/><temp name="T398"/><temp name="T441"/><temp name="T381"/><temp name="T447"/></temps><temps name="out"><temp name="T423"/><temp name="T390"/><temp name="T8"/><temp name="T453"/><temp name="T384"/><temp name="T457"/><temp name="T349"/><temp name="T410"/><temp name="T469"/><temp name="T353"/><temp name="T479"/><temp name="T473"/><temp name="T484"/><temp name="T373"/><temp name="T429"/><temp name="T433"/><temp name="T367"/><temp name="T416"/><temp name="T490"/><temp name="T463"/><temp name="T496"/><temp name="T405"/><temp name="T361"/><temp name="T398"/><temp name="T441"/><temp name="T381"/><temp name="T447"/></temps></instruction><instruction code="INCMH T347, 0"><temps name="use"/><temps name="def"><temp name="T347"/></temps><temps name="in"><temp name="T423"/><temp name="T390"/><temp name="T8"/><temp name="T453"/><temp name="T384"/><temp name="T457"/><temp name="T349"/><temp name="T410"/><temp name="T469"/><temp name="T353"/><temp name="T479"/><temp name="T473"/><temp name="T484"/><temp name="T373"/><temp name="T429"/><temp name="T433"/><temp name="T367"/><temp name="T416"/><temp name="T490"/><temp name="T463"/><temp name="T496"/><temp name="T405"/><temp name="T361"/><temp name="T398"/><temp name="T441"/><temp name="T381"/><temp name="T447"/></temps><temps name="out"><temp name="T423"/><temp name="T390"/><temp name="T8"/><temp name="T453"/><temp name="T384"/><temp name="T457"/><temp name="T349"/><temp name="T410"/><temp name="T469"/><temp name="T353"/><temp name="T479"/><temp name="T473"/><temp name="T484"/><temp name="T373"/><temp name="T429"/><temp name="T433"/><temp name="T367"/><temp name="T416"/><temp name="T490"/><temp name="T463"/><temp name="T496"/><temp name="T405"/><temp name="T361"/><temp name="T398"/><temp name="T441"/><temp name="T381"/><temp name="T447"/></temps></instruction><instruction code="INCH  T347, 0"><temps name="use"/><temps name="def"><temp name="T347"/></temps><temps name="in"><temp name="T423"/><temp name="T390"/><temp name="T8"/><temp name="T453"/><temp name="T384"/><temp name="T457"/><temp name="T349"/><temp name="T410"/><temp name="T469"/><temp name="T353"/><temp name="T479"/><temp name="T473"/><temp name="T484"/><temp name="T373"/><temp name="T429"/><temp name="T433"/><temp name="T367"/><temp name="T416"/><temp name="T490"/><temp name="T463"/><temp name="T496"/><temp name="T405"/><temp name="T361"/><temp name="T398"/><temp name="T441"/><temp name="T381"/><temp name="T447"/></temps><temps name="out"><temp name="T423"/><temp name="T347"/><temp name="T390"/><temp name="T8"/><temp name="T453"/><temp name="T384"/><temp name="T457"/><temp name="T349"/><temp name="T410"/><temp name="T469"/><temp name="T353"/><temp name="T479"/><temp name="T473"/><temp name="T484"/><temp name="T373"/><temp name="T429"/><temp name="T433"/><temp name="T367"/><temp name="T416"/><temp name="T490"/><temp name="T463"/><temp name="T496"/><temp name="T405"/><temp name="T361"/><temp name="T398"/><temp name="T441"/><temp name="T381"/><temp name="T447"/></temps></instruction><instruction code="OR T118, T347, 0"><temps name="use"><temp name="T347"/></temps><temps name="def"><temp name="T118"/></temps><temps name="in"><temp name="T423"/><temp name="T347"/><temp name="T390"/><temp name="T8"/><temp name="T453"/><temp name="T384"/><temp name="T457"/><temp name="T349"/><temp name="T410"/><temp name="T469"/><temp name="T353"/><temp name="T479"/><temp name="T473"/><temp name="T484"/><temp name="T373"/><temp name="T429"/><temp name="T433"/><temp name="T367"/><temp name="T416"/><temp name="T490"/><temp name="T463"/><temp name="T496"/><temp name="T405"/><temp name="T361"/><temp name="T398"/><temp name="T441"/><temp name="T381"/><temp name="T447"/></temps><temps name="out"><temp name="T118"/><temp name="T423"/><temp name="T390"/><temp name="T8"/><temp name="T453"/><temp name="T384"/><temp name="T457"/><temp name="T349"/><temp name="T410"/><temp name="T469"/><temp name="T353"/><temp name="T479"/><temp name="T473"/><temp name="T484"/><temp name="T373"/><temp name="T429"/><temp name="T433"/><temp name="T367"/><temp name="T416"/><temp name="T490"/><temp name="T463"/><temp name="T496"/><temp name="T405"/><temp name="T361"/><temp name="T398"/><temp name="T441"/><temp name="T381"/><temp name="T447"/></temps></instruction><instruction code="STO T118, $254, 8"><temps name="use"><temp name="T118"/></temps><temps name="def"/><temps name="in"><temp name="T118"/><temp name="T423"/><temp name="T390"/><temp name="T8"/><temp name="T453"/><temp name="T384"/><temp name="T457"/><temp name="T349"/><temp name="T410"/><temp name="T469"/><temp name="T353"/><temp name="T479"/><temp name="T473"/><temp name="T484"/><temp name="T373"/><temp name="T429"/><temp name="T433"/><temp name="T367"/><temp name="T416"/><temp name="T490"/><temp name="T463"/><temp name="T496"/><temp name="T405"/><temp name="T361"/><temp name="T398"/><temp name="T441"/><temp name="T381"/><temp name="T447"/></temps><temps name="out"><temp name="T423"/><temp name="T390"/><temp name="T8"/><temp name="T453"/><temp name="T384"/><temp name="T457"/><temp name="T349"/><temp name="T410"/><temp name="T469"/><temp name="T353"/><temp name="T479"/><temp name="T473"/><temp name="T484"/><temp name="T373"/><temp name="T429"/><temp name="T433"/><temp name="T367"/><temp name="T416"/><temp name="T490"/><temp name="T463"/><temp name="T496"/><temp name="T405"/><temp name="T361"/><temp name="T398"/><temp name="T441"/><temp name="T381"/><temp name="T447"/></temps></instruction><instruction code="LDA T348, _x"><temps name="use"/><temps name="def"><temp name="T348"/></temps><temps name="in"><temp name="T423"/><temp name="T390"/><temp name="T8"/><temp name="T453"/><temp name="T384"/><temp name="T457"/><temp name="T349"/><temp name="T410"/><temp name="T469"/><temp name="T353"/><temp name="T479"/><temp name="T473"/><temp name="T484"/><temp name="T373"/><temp name="T429"/><temp name="T433"/><temp name="T367"/><temp name="T416"/><temp name="T490"/><temp name="T463"/><temp name="T496"/><temp name="T405"/><temp name="T361"/><temp name="T398"/><temp name="T441"/><temp name="T381"/><temp name="T447"/></temps><temps name="out"><temp name="T423"/><temp name="T390"/><temp name="T8"/><temp name="T453"/><temp name="T384"/><temp name="T457"/><temp name="T349"/><temp name="T410"/><temp name="T469"/><temp name="T353"/><temp name="T479"/><temp name="T473"/><temp name="T484"/><temp name="T373"/><temp name="T429"/><temp name="T433"/><temp name="T367"/><temp name="T416"/><temp name="T490"/><temp name="T348"/><temp name="T463"/><temp name="T496"/><temp name="T405"/><temp name="T361"/><temp name="T398"/><temp name="T441"/><temp name="T381"/><temp name="T447"/></temps></instruction><instruction code="PUSHJ $15, T348, 0"><temps name="use"><temp name="T348"/></temps><temps name="def"/><temps name="in"><temp name="T423"/><temp name="T390"/><temp name="T8"/><temp name="T453"/><temp name="T384"/><temp name="T457"/><temp name="T349"/><temp name="T410"/><temp name="T469"/><temp name="T353"/><temp name="T479"/><temp name="T473"/><temp name="T484"/><temp name="T373"/><temp name="T429"/><temp name="T433"/><temp name="T367"/><temp name="T416"/><temp name="T490"/><temp name="T348"/><temp name="T463"/><temp name="T496"/><temp name="T405"/><temp name="T361"/><temp name="T398"/><temp name="T441"/><temp name="T381"/><temp name="T447"/></temps><temps name="out"><temp name="T423"/><temp name="T390"/><temp name="T8"/><temp name="T453"/><temp name="T384"/><temp name="T457"/><temp name="T349"/><temp name="T410"/><temp name="T469"/><temp name="T353"/><temp name="T479"/><temp name="T473"/><temp name="T484"/><temp name="T373"/><temp name="T429"/><temp name="T433"/><temp name="T367"/><temp name="T416"/><temp name="T490"/><temp name="T463"/><temp name="T496"/><temp name="T405"/><temp name="T361"/><temp name="T398"/><temp name="T441"/><temp name="T381"/><temp name="T447"/></temps></instruction><instruction code="OR T119, T349, 0"><temps name="use"><temp name="T349"/></temps><temps name="def"><temp name="T119"/></temps><temps name="in"><temp name="T423"/><temp name="T390"/><temp name="T8"/><temp name="T453"/><temp name="T384"/><temp name="T457"/><temp name="T349"/><temp name="T410"/><temp name="T469"/><temp name="T353"/><temp name="T479"/><temp name="T473"/><temp name="T484"/><temp name="T373"/><temp name="T429"/><temp name="T433"/><temp name="T367"/><temp name="T416"/><temp name="T490"/><temp name="T463"/><temp name="T496"/><temp name="T405"/><temp name="T361"/><temp name="T398"/><temp name="T441"/><temp name="T381"/><temp name="T447"/></temps><temps name="out"><temp name="T423"/><temp name="T390"/><temp name="T8"/><temp name="T453"/><temp name="T384"/><temp name="T457"/><temp name="T410"/><temp name="T469"/><temp name="T353"/><temp name="T479"/><temp name="T473"/><temp name="T484"/><temp name="T373"/><temp name="T429"/><temp name="T433"/><temp name="T367"/><temp name="T416"/><temp name="T490"/><temp name="T463"/><temp name="T496"/><temp name="T405"/><temp name="T361"/><temp name="T398"/><temp name="T441"/><temp name="T381"/><temp name="T447"/></temps></instruction><instruction code="OR T120, T8, 0"><temps name="use"><temp name="T8"/></temps><temps name="def"><temp name="T120"/></temps><temps name="in"><temp name="T423"/><temp name="T390"/><temp name="T8"/><temp name="T453"/><temp name="T384"/><temp name="T457"/><temp name="T410"/><temp name="T469"/><temp name="T353"/><temp name="T479"/><temp name="T473"/><temp name="T484"/><temp name="T373"/><temp name="T429"/><temp name="T433"/><temp name="T367"/><temp name="T416"/><temp name="T490"/><temp name="T463"/><temp name="T496"/><temp name="T405"/><temp name="T361"/><temp name="T398"/><temp name="T441"/><temp name="T381"/><temp name="T447"/></temps><temps name="out"><temp name="T423"/><temp name="T390"/><temp name="T8"/><temp name="T453"/><temp name="T384"/><temp name="T457"/><temp name="T410"/><temp name="T469"/><temp name="T353"/><temp name="T479"/><temp name="T473"/><temp name="T484"/><temp name="T373"/><temp name="T429"/><temp name="T433"/><temp name="T367"/><temp name="T416"/><temp name="T490"/><temp name="T463"/><temp name="T496"/><temp name="T405"/><temp name="T361"/><temp name="T398"/><temp name="T441"/><temp name="T381"/><temp name="T120"/><temp name="T447"/></temps></instruction><instruction code="SETL  T350, 17"><temps name="use"/><temps name="def"><temp name="T350"/></temps><temps name="in"><temp name="T423"/><temp name="T390"/><temp name="T8"/><temp name="T453"/><temp name="T384"/><temp name="T457"/><temp name="T410"/><temp name="T469"/><temp name="T353"/><temp name="T479"/><temp name="T473"/><temp name="T484"/><temp name="T373"/><temp name="T429"/><temp name="T433"/><temp name="T367"/><temp name="T416"/><temp name="T490"/><temp name="T463"/><temp name="T496"/><temp name="T405"/><temp name="T361"/><temp name="T398"/><temp name="T441"/><temp name="T381"/><temp name="T120"/><temp name="T447"/></temps><temps name="out"><temp name="T423"/><temp name="T390"/><temp name="T8"/><temp name="T453"/><temp name="T384"/><temp name="T457"/><temp name="T410"/><temp name="T469"/><temp name="T353"/><temp name="T479"/><temp name="T473"/><temp name="T484"/><temp name="T373"/><temp name="T429"/><temp name="T433"/><temp name="T367"/><temp name="T416"/><temp name="T490"/><temp name="T463"/><temp name="T496"/><temp name="T405"/><temp name="T361"/><temp name="T398"/><temp name="T441"/><temp name="T381"/><temp name="T120"/><temp name="T447"/></temps></instruction><instruction code="INCML T350, 0"><temps name="use"/><temps name="def"><temp name="T350"/></temps><temps name="in"><temp name="T423"/><temp name="T390"/><temp name="T8"/><temp name="T453"/><temp name="T384"/><temp name="T457"/><temp name="T410"/><temp name="T469"/><temp name="T353"/><temp name="T479"/><temp name="T473"/><temp name="T484"/><temp name="T373"/><temp name="T429"/><temp name="T433"/><temp name="T367"/><temp name="T416"/><temp name="T490"/><temp name="T463"/><temp name="T496"/><temp name="T405"/><temp name="T361"/><temp name="T398"/><temp name="T441"/><temp name="T381"/><temp name="T120"/><temp name="T447"/></temps><temps name="out"><temp name="T423"/><temp name="T390"/><temp name="T8"/><temp name="T453"/><temp name="T384"/><temp name="T457"/><temp name="T410"/><temp name="T469"/><temp name="T353"/><temp name="T479"/><temp name="T473"/><temp name="T484"/><temp name="T373"/><temp name="T429"/><temp name="T433"/><temp name="T367"/><temp name="T416"/><temp name="T490"/><temp name="T463"/><temp name="T496"/><temp name="T405"/><temp name="T361"/><temp name="T398"/><temp name="T441"/><temp name="T381"/><temp name="T120"/><temp name="T447"/></temps></instruction><instruction code="INCMH T350, 0"><temps name="use"/><temps name="def"><temp name="T350"/></temps><temps name="in"><temp name="T423"/><temp name="T390"/><temp name="T8"/><temp name="T453"/><temp name="T384"/><temp name="T457"/><temp name="T410"/><temp name="T469"/><temp name="T353"/><temp name="T479"/><temp name="T473"/><temp name="T484"/><temp name="T373"/><temp name="T429"/><temp name="T433"/><temp name="T367"/><temp name="T416"/><temp name="T490"/><temp name="T463"/><temp name="T496"/><temp name="T405"/><temp name="T361"/><temp name="T398"/><temp name="T441"/><temp name="T381"/><temp name="T120"/><temp name="T447"/></temps><temps name="out"><temp name="T423"/><temp name="T390"/><temp name="T8"/><temp name="T453"/><temp name="T384"/><temp name="T457"/><temp name="T410"/><temp name="T469"/><temp name="T353"/><temp name="T479"/><temp name="T473"/><temp name="T484"/><temp name="T373"/><temp name="T429"/><temp name="T433"/><temp name="T367"/><temp name="T416"/><temp name="T490"/><temp name="T463"/><temp name="T496"/><temp name="T405"/><temp name="T361"/><temp name="T398"/><temp name="T441"/><temp name="T381"/><temp name="T120"/><temp name="T447"/></temps></instruction><instruction code="INCH  T350, 0"><temps name="use"/><temps name="def"><temp name="T350"/></temps><temps name="in"><temp name="T423"/><temp name="T390"/><temp name="T8"/><temp name="T453"/><temp name="T384"/><temp name="T457"/><temp name="T410"/><temp name="T469"/><temp name="T353"/><temp name="T479"/><temp name="T473"/><temp name="T484"/><temp name="T373"/><temp name="T429"/><temp name="T433"/><temp name="T367"/><temp name="T416"/><temp name="T490"/><temp name="T463"/><temp name="T496"/><temp name="T405"/><temp name="T361"/><temp name="T398"/><temp name="T441"/><temp name="T381"/><temp name="T120"/><temp name="T447"/></temps><temps name="out"><temp name="T423"/><temp name="T350"/><temp name="T390"/><temp name="T8"/><temp name="T453"/><temp name="T384"/><temp name="T457"/><temp name="T410"/><temp name="T469"/><temp name="T353"/><temp name="T479"/><temp name="T473"/><temp name="T484"/><temp name="T373"/><temp name="T429"/><temp name="T433"/><temp name="T367"/><temp name="T416"/><temp name="T490"/><temp name="T463"/><temp name="T496"/><temp name="T405"/><temp name="T361"/><temp name="T398"/><temp name="T441"/><temp name="T381"/><temp name="T120"/><temp name="T447"/></temps></instruction><instruction code="OR T121, T350, 0"><temps name="use"><temp name="T350"/></temps><temps name="def"><temp name="T121"/></temps><temps name="in"><temp name="T423"/><temp name="T350"/><temp name="T390"/><temp name="T8"/><temp name="T453"/><temp name="T384"/><temp name="T457"/><temp name="T410"/><temp name="T469"/><temp name="T353"/><temp name="T479"/><temp name="T473"/><temp name="T484"/><temp name="T373"/><temp name="T429"/><temp name="T433"/><temp name="T367"/><temp name="T416"/><temp name="T490"/><temp name="T463"/><temp name="T496"/><temp name="T405"/><temp name="T361"/><temp name="T398"/><temp name="T441"/><temp name="T381"/><temp name="T120"/><temp name="T447"/></temps><temps name="out"><temp name="T423"/><temp name="T390"/><temp name="T8"/><temp name="T453"/><temp name="T384"/><temp name="T457"/><temp name="T410"/><temp name="T469"/><temp name="T353"/><temp name="T479"/><temp name="T473"/><temp name="T484"/><temp name="T373"/><temp name="T429"/><temp name="T433"/><temp name="T367"/><temp name="T416"/><temp name="T490"/><temp name="T463"/><temp name="T496"/><temp name="T405"/><temp name="T121"/><temp name="T361"/><temp name="T398"/><temp name="T441"/><temp name="T381"/><temp name="T120"/><temp name="T447"/></temps></instruction><instruction code="SETL  T351, 17"><temps name="use"/><temps name="def"><temp name="T351"/></temps><temps name="in"><temp name="T423"/><temp name="T390"/><temp name="T8"/><temp name="T453"/><temp name="T384"/><temp name="T457"/><temp name="T410"/><temp name="T469"/><temp name="T353"/><temp name="T479"/><temp name="T473"/><temp name="T484"/><temp name="T373"/><temp name="T429"/><temp name="T433"/><temp name="T367"/><temp name="T416"/><temp name="T490"/><temp name="T463"/><temp name="T496"/><temp name="T405"/><temp name="T121"/><temp name="T361"/><temp name="T398"/><temp name="T441"/><temp name="T381"/><temp name="T120"/><temp name="T447"/></temps><temps name="out"><temp name="T423"/><temp name="T390"/><temp name="T8"/><temp name="T453"/><temp name="T384"/><temp name="T457"/><temp name="T410"/><temp name="T469"/><temp name="T353"/><temp name="T479"/><temp name="T473"/><temp name="T484"/><temp name="T373"/><temp name="T429"/><temp name="T433"/><temp name="T367"/><temp name="T416"/><temp name="T490"/><temp name="T463"/><temp name="T496"/><temp name="T405"/><temp name="T121"/><temp name="T361"/><temp name="T398"/><temp name="T441"/><temp name="T381"/><temp name="T120"/><temp name="T447"/></temps></instruction><instruction code="INCML T351, 0"><temps name="use"/><temps name="def"><temp name="T351"/></temps><temps name="in"><temp name="T423"/><temp name="T390"/><temp name="T8"/><temp name="T453"/><temp name="T384"/><temp name="T457"/><temp name="T410"/><temp name="T469"/><temp name="T353"/><temp name="T479"/><temp name="T473"/><temp name="T484"/><temp name="T373"/><temp name="T429"/><temp name="T433"/><temp name="T367"/><temp name="T416"/><temp name="T490"/><temp name="T463"/><temp name="T496"/><temp name="T405"/><temp name="T121"/><temp name="T361"/><temp name="T398"/><temp name="T441"/><temp name="T381"/><temp name="T120"/><temp name="T447"/></temps><temps name="out"><temp name="T423"/><temp name="T390"/><temp name="T8"/><temp name="T453"/><temp name="T384"/><temp name="T457"/><temp name="T410"/><temp name="T469"/><temp name="T353"/><temp name="T479"/><temp name="T473"/><temp name="T484"/><temp name="T373"/><temp name="T429"/><temp name="T433"/><temp name="T367"/><temp name="T416"/><temp name="T490"/><temp name="T463"/><temp name="T496"/><temp name="T405"/><temp name="T121"/><temp name="T361"/><temp name="T398"/><temp name="T441"/><temp name="T381"/><temp name="T120"/><temp name="T447"/></temps></instruction><instruction code="INCMH T351, 0"><temps name="use"/><temps name="def"><temp name="T351"/></temps><temps name="in"><temp name="T423"/><temp name="T390"/><temp name="T8"/><temp name="T453"/><temp name="T384"/><temp name="T457"/><temp name="T410"/><temp name="T469"/><temp name="T353"/><temp name="T479"/><temp name="T473"/><temp name="T484"/><temp name="T373"/><temp name="T429"/><temp name="T433"/><temp name="T367"/><temp name="T416"/><temp name="T490"/><temp name="T463"/><temp name="T496"/><temp name="T405"/><temp name="T121"/><temp name="T361"/><temp name="T398"/><temp name="T441"/><temp name="T381"/><temp name="T120"/><temp name="T447"/></temps><temps name="out"><temp name="T423"/><temp name="T390"/><temp name="T8"/><temp name="T453"/><temp name="T384"/><temp name="T457"/><temp name="T410"/><temp name="T469"/><temp name="T353"/><temp name="T479"/><temp name="T473"/><temp name="T484"/><temp name="T373"/><temp name="T429"/><temp name="T433"/><temp name="T367"/><temp name="T416"/><temp name="T490"/><temp name="T463"/><temp name="T496"/><temp name="T405"/><temp name="T121"/><temp name="T361"/><temp name="T398"/><temp name="T441"/><temp name="T381"/><temp name="T120"/><temp name="T447"/></temps></instruction><instruction code="INCH  T351, 0"><temps name="use"/><temps name="def"><temp name="T351"/></temps><temps name="in"><temp name="T423"/><temp name="T390"/><temp name="T8"/><temp name="T453"/><temp name="T384"/><temp name="T457"/><temp name="T410"/><temp name="T469"/><temp name="T353"/><temp name="T479"/><temp name="T473"/><temp name="T484"/><temp name="T373"/><temp name="T429"/><temp name="T433"/><temp name="T367"/><temp name="T416"/><temp name="T490"/><temp name="T463"/><temp name="T496"/><temp name="T405"/><temp name="T121"/><temp name="T361"/><temp name="T398"/><temp name="T441"/><temp name="T381"/><temp name="T120"/><temp name="T447"/></temps><temps name="out"><temp name="T423"/><temp name="T351"/><temp name="T390"/><temp name="T8"/><temp name="T453"/><temp name="T384"/><temp name="T457"/><temp name="T410"/><temp name="T469"/><temp name="T353"/><temp name="T479"/><temp name="T473"/><temp name="T484"/><temp name="T373"/><temp name="T429"/><temp name="T433"/><temp name="T367"/><temp name="T416"/><temp name="T490"/><temp name="T463"/><temp name="T496"/><temp name="T405"/><temp name="T121"/><temp name="T361"/><temp name="T398"/><temp name="T441"/><temp name="T381"/><temp name="T120"/><temp name="T447"/></temps></instruction><instruction code="OR T122, T351, 0"><temps name="use"><temp name="T351"/></temps><temps name="def"><temp name="T122"/></temps><temps name="in"><temp name="T423"/><temp name="T351"/><temp name="T390"/><temp name="T8"/><temp name="T453"/><temp name="T384"/><temp name="T457"/><temp name="T410"/><temp name="T469"/><temp name="T353"/><temp name="T479"/><temp name="T473"/><temp name="T484"/><temp name="T373"/><temp name="T429"/><temp name="T433"/><temp name="T367"/><temp name="T416"/><temp name="T490"/><temp name="T463"/><temp name="T496"/><temp name="T405"/><temp name="T121"/><temp name="T361"/><temp name="T398"/><temp name="T441"/><temp name="T381"/><temp name="T120"/><temp name="T447"/></temps><temps name="out"><temp name="T423"/><temp name="T390"/><temp name="T8"/><temp name="T453"/><temp name="T384"/><temp name="T457"/><temp name="T410"/><temp name="T469"/><temp name="T353"/><temp name="T122"/><temp name="T479"/><temp name="T473"/><temp name="T484"/><temp name="T373"/><temp name="T429"/><temp name="T433"/><temp name="T367"/><temp name="T416"/><temp name="T490"/><temp name="T463"/><temp name="T496"/><temp name="T405"/><temp name="T121"/><temp name="T361"/><temp name="T398"/><temp name="T441"/><temp name="T381"/><temp name="T120"/><temp name="T447"/></temps></instruction><instruction code="STO T120, $254, 8"><temps name="use"><temp name="T120"/></temps><temps name="def"/><temps name="in"><temp name="T423"/><temp name="T390"/><temp name="T8"/><temp name="T453"/><temp name="T384"/><temp name="T457"/><temp name="T410"/><temp name="T469"/><temp name="T353"/><temp name="T122"/><temp name="T479"/><temp name="T473"/><temp name="T484"/><temp name="T373"/><temp name="T429"/><temp name="T433"/><temp name="T367"/><temp name="T416"/><temp name="T490"/><temp name="T463"/><temp name="T496"/><temp name="T405"/><temp name="T121"/><temp name="T361"/><temp name="T398"/><temp name="T441"/><temp name="T381"/><temp name="T120"/><temp name="T447"/></temps><temps name="out"><temp name="T423"/><temp name="T390"/><temp name="T8"/><temp name="T453"/><temp name="T384"/><temp name="T457"/><temp name="T410"/><temp name="T469"/><temp name="T353"/><temp name="T122"/><temp name="T479"/><temp name="T473"/><temp name="T484"/><temp name="T373"/><temp name="T429"/><temp name="T433"/><temp name="T367"/><temp name="T416"/><temp name="T490"/><temp name="T463"/><temp name="T496"/><temp name="T405"/><temp name="T121"/><temp name="T361"/><temp name="T398"/><temp name="T441"/><temp name="T381"/><temp name="T447"/></temps></instruction><instruction code="STO T121, $254, 16"><temps name="use"><temp name="T121"/></temps><temps name="def"/><temps name="in"><temp name="T423"/><temp name="T390"/><temp name="T8"/><temp name="T453"/><temp name="T384"/><temp name="T457"/><temp name="T410"/><temp name="T469"/><temp name="T353"/><temp name="T122"/><temp name="T479"/><temp name="T473"/><temp name="T484"/><temp name="T373"/><temp name="T429"/><temp name="T433"/><temp name="T367"/><temp name="T416"/><temp name="T490"/><temp name="T463"/><temp name="T496"/><temp name="T405"/><temp name="T121"/><temp name="T361"/><temp name="T398"/><temp name="T441"/><temp name="T381"/><temp name="T447"/></temps><temps name="out"><temp name="T423"/><temp name="T390"/><temp name="T8"/><temp name="T453"/><temp name="T384"/><temp name="T457"/><temp name="T410"/><temp name="T469"/><temp name="T353"/><temp name="T122"/><temp name="T479"/><temp name="T473"/><temp name="T484"/><temp name="T373"/><temp name="T429"/><temp name="T433"/><temp name="T367"/><temp name="T416"/><temp name="T490"/><temp name="T463"/><temp name="T496"/><temp name="T405"/><temp name="T361"/><temp name="T398"/><temp name="T441"/><temp name="T381"/><temp name="T447"/></temps></instruction><instruction code="STO T122, $254, 24"><temps name="use"><temp name="T122"/></temps><temps name="def"/><temps name="in"><temp name="T423"/><temp name="T390"/><temp name="T8"/><temp name="T453"/><temp name="T384"/><temp name="T457"/><temp name="T410"/><temp name="T469"/><temp name="T353"/><temp name="T122"/><temp name="T479"/><temp name="T473"/><temp name="T484"/><temp name="T373"/><temp name="T429"/><temp name="T433"/><temp name="T367"/><temp name="T416"/><temp name="T490"/><temp name="T463"/><temp name="T496"/><temp name="T405"/><temp name="T361"/><temp name="T398"/><temp name="T441"/><temp name="T381"/><temp name="T447"/></temps><temps name="out"><temp name="T423"/><temp name="T390"/><temp name="T8"/><temp name="T453"/><temp name="T384"/><temp name="T457"/><temp name="T410"/><temp name="T469"/><temp name="T353"/><temp name="T479"/><temp name="T473"/><temp name="T484"/><temp name="T373"/><temp name="T429"/><temp name="T433"/><temp name="T367"/><temp name="T416"/><temp name="T490"/><temp name="T463"/><temp name="T496"/><temp name="T405"/><temp name="T361"/><temp name="T398"/><temp name="T441"/><temp name="T381"/><temp name="T447"/></temps></instruction><instruction code="LDA T352, L0"><temps name="use"/><temps name="def"><temp name="T352"/></temps><temps name="in"><temp name="T423"/><temp name="T390"/><temp name="T8"/><temp name="T453"/><temp name="T384"/><temp name="T457"/><temp name="T410"/><temp name="T469"/><temp name="T353"/><temp name="T479"/><temp name="T473"/><temp name="T484"/><temp name="T373"/><temp name="T429"/><temp name="T433"/><temp name="T367"/><temp name="T416"/><temp name="T490"/><temp name="T463"/><temp name="T496"/><temp name="T405"/><temp name="T361"/><temp name="T398"/><temp name="T441"/><temp name="T381"/><temp name="T447"/></temps><temps name="out"><temp name="T423"/><temp name="T390"/><temp name="T8"/><temp name="T453"/><temp name="T384"/><temp name="T457"/><temp name="T410"/><temp name="T469"/><temp name="T353"/><temp name="T352"/><temp name="T479"/><temp name="T473"/><temp name="T484"/><temp name="T373"/><temp name="T429"/><temp name="T433"/><temp name="T367"/><temp name="T416"/><temp name="T490"/><temp name="T463"/><temp name="T496"/><temp name="T405"/><temp name="T361"/><temp name="T398"/><temp name="T441"/><temp name="T381"/><temp name="T447"/></temps></instruction><instruction code="PUSHJ $15, T352, 0"><temps name="use"><temp name="T352"/></temps><temps name="def"/><temps name="in"><temp name="T423"/><temp name="T390"/><temp name="T8"/><temp name="T453"/><temp name="T384"/><temp name="T457"/><temp name="T410"/><temp name="T469"/><temp name="T353"/><temp name="T352"/><temp name="T479"/><temp name="T473"/><temp name="T484"/><temp name="T373"/><temp name="T429"/><temp name="T433"/><temp name="T367"/><temp name="T416"/><temp name="T490"/><temp name="T463"/><temp name="T496"/><temp name="T405"/><temp name="T361"/><temp name="T398"/><temp name="T441"/><temp name="T381"/><temp name="T447"/></temps><temps name="out"><temp name="T423"/><temp name="T390"/><temp name="T8"/><temp name="T453"/><temp name="T384"/><temp name="T457"/><temp name="T410"/><temp name="T469"/><temp name="T353"/><temp name="T479"/><temp name="T473"/><temp name="T484"/><temp name="T373"/><temp name="T429"/><temp name="T433"/><temp name="T367"/><temp name="T416"/><temp name="T490"/><temp name="T463"/><temp name="T496"/><temp name="T405"/><temp name="T361"/><temp name="T398"/><temp name="T441"/><temp name="T381"/><temp name="T447"/></temps></instruction><instruction code="OR T123, T353, 0"><temps name="use"><temp name="T353"/></temps><temps name="def"><temp name="T123"/></temps><temps name="in"><temp name="T423"/><temp name="T390"/><temp name="T8"/><temp name="T453"/><temp name="T384"/><temp name="T457"/><temp name="T410"/><temp name="T469"/><temp name="T353"/><temp name="T479"/><temp name="T473"/><temp name="T484"/><temp name="T373"/><temp name="T429"/><temp name="T433"/><temp name="T367"/><temp name="T416"/><temp name="T490"/><temp name="T463"/><temp name="T496"/><temp name="T405"/><temp name="T361"/><temp name="T398"/><temp name="T441"/><temp name="T381"/><temp name="T447"/></temps><temps name="out"><temp name="T423"/><temp name="T390"/><temp name="T8"/><temp name="T453"/><temp name="T384"/><temp name="T457"/><temp name="T410"/><temp name="T469"/><temp name="T479"/><temp name="T473"/><temp name="T484"/><temp name="T373"/><temp name="T429"/><temp name="T433"/><temp name="T367"/><temp name="T416"/><temp name="T490"/><temp name="T463"/><temp name="T496"/><temp name="T405"/><temp name="T361"/><temp name="T398"/><temp name="T441"/><temp name="T381"/><temp name="T447"/></temps></instruction><instruction code="OR T124, T8, 0"><temps name="use"><temp name="T8"/></temps><temps name="def"><temp name="T124"/></temps><temps name="in"><temp name="T423"/><temp name="T390"/><temp name="T8"/><temp name="T453"/><temp name="T384"/><temp name="T457"/><temp name="T410"/><temp name="T469"/><temp name="T479"/><temp name="T473"/><temp name="T484"/><temp name="T373"/><temp name="T429"/><temp name="T433"/><temp name="T367"/><temp name="T416"/><temp name="T490"/><temp name="T463"/><temp name="T496"/><temp name="T405"/><temp name="T361"/><temp name="T398"/><temp name="T441"/><temp name="T381"/><temp name="T447"/></temps><temps name="out"><temp name="T423"/><temp name="T390"/><temp name="T8"/><temp name="T453"/><temp name="T384"/><temp name="T457"/><temp name="T410"/><temp name="T469"/><temp name="T479"/><temp name="T473"/><temp name="T484"/><temp name="T373"/><temp name="T429"/><temp name="T433"/><temp name="T367"/><temp name="T416"/><temp name="T490"/><temp name="T463"/><temp name="T124"/><temp name="T496"/><temp name="T405"/><temp name="T361"/><temp name="T398"/><temp name="T441"/><temp name="T381"/><temp name="T447"/></temps></instruction><instruction code="LDA T354, _global"><temps name="use"/><temps name="def"><temp name="T354"/></temps><temps name="in"><temp name="T423"/><temp name="T390"/><temp name="T8"/><temp name="T453"/><temp name="T384"/><temp name="T457"/><temp name="T410"/><temp name="T469"/><temp name="T479"/><temp name="T473"/><temp name="T484"/><temp name="T373"/><temp name="T429"/><temp name="T433"/><temp name="T367"/><temp name="T416"/><temp name="T490"/><temp name="T463"/><temp name="T124"/><temp name="T496"/><temp name="T405"/><temp name="T361"/><temp name="T398"/><temp name="T441"/><temp name="T381"/><temp name="T447"/></temps><temps name="out"><temp name="T423"/><temp name="T390"/><temp name="T8"/><temp name="T453"/><temp name="T384"/><temp name="T457"/><temp name="T410"/><temp name="T469"/><temp name="T479"/><temp name="T473"/><temp name="T484"/><temp name="T354"/><temp name="T373"/><temp name="T429"/><temp name="T433"/><temp name="T367"/><temp name="T416"/><temp name="T490"/><temp name="T463"/><temp name="T124"/><temp name="T496"/><temp name="T405"/><temp name="T361"/><temp name="T398"/><temp name="T441"/><temp name="T381"/><temp name="T447"/></temps></instruction><instruction code="OR T125, T354, 0"><temps name="use"><temp name="T354"/></temps><temps name="def"><temp name="T125"/></temps><temps name="in"><temp name="T423"/><temp name="T390"/><temp name="T8"/><temp name="T453"/><temp name="T384"/><temp name="T457"/><temp name="T410"/><temp name="T469"/><temp name="T479"/><temp name="T473"/><temp name="T484"/><temp name="T354"/><temp name="T373"/><temp name="T429"/><temp name="T433"/><temp name="T367"/><temp name="T416"/><temp name="T490"/><temp name="T463"/><temp name="T124"/><temp name="T496"/><temp name="T405"/><temp name="T361"/><temp name="T398"/><temp name="T441"/><temp name="T381"/><temp name="T447"/></temps><temps name="out"><temp name="T423"/><temp name="T390"/><temp name="T8"/><temp name="T453"/><temp name="T384"/><temp name="T457"/><temp name="T410"/><temp name="T469"/><temp name="T479"/><temp name="T473"/><temp name="T484"/><temp name="T373"/><temp name="T429"/><temp name="T433"/><temp name="T367"/><temp name="T416"/><temp name="T490"/><temp name="T463"/><temp name="T124"/><temp name="T496"/><temp name="T405"/><temp name="T361"/><temp name="T398"/><temp name="T441"/><temp name="T381"/><temp name="T125"/><temp name="T447"/></temps></instruction><instruction code="SETL  T355, 16"><temps name="use"/><temps name="def"><temp name="T355"/></temps><temps name="in"><temp name="T423"/><temp name="T390"/><temp name="T8"/><temp name="T453"/><temp name="T384"/><temp name="T457"/><temp name="T410"/><temp name="T469"/><temp name="T479"/><temp name="T473"/><temp name="T484"/><temp name="T373"/><temp name="T429"/><temp name="T433"/><temp name="T367"/><temp name="T416"/><temp name="T490"/><temp name="T463"/><temp name="T124"/><temp name="T496"/><temp name="T405"/><temp name="T361"/><temp name="T398"/><temp name="T441"/><temp name="T381"/><temp name="T125"/><temp name="T447"/></temps><temps name="out"><temp name="T423"/><temp name="T390"/><temp name="T8"/><temp name="T453"/><temp name="T384"/><temp name="T457"/><temp name="T410"/><temp name="T469"/><temp name="T479"/><temp name="T473"/><temp name="T484"/><temp name="T373"/><temp name="T429"/><temp name="T433"/><temp name="T367"/><temp name="T416"/><temp name="T490"/><temp name="T463"/><temp name="T124"/><temp name="T496"/><temp name="T405"/><temp name="T361"/><temp name="T398"/><temp name="T441"/><temp name="T381"/><temp name="T125"/><temp name="T447"/></temps></instruction><instruction code="INCML T355, 0"><temps name="use"/><temps name="def"><temp name="T355"/></temps><temps name="in"><temp name="T423"/><temp name="T390"/><temp name="T8"/><temp name="T453"/><temp name="T384"/><temp name="T457"/><temp name="T410"/><temp name="T469"/><temp name="T479"/><temp name="T473"/><temp name="T484"/><temp name="T373"/><temp name="T429"/><temp name="T433"/><temp name="T367"/><temp name="T416"/><temp name="T490"/><temp name="T463"/><temp name="T124"/><temp name="T496"/><temp name="T405"/><temp name="T361"/><temp name="T398"/><temp name="T441"/><temp name="T381"/><temp name="T125"/><temp name="T447"/></temps><temps name="out"><temp name="T423"/><temp name="T390"/><temp name="T8"/><temp name="T453"/><temp name="T384"/><temp name="T457"/><temp name="T410"/><temp name="T469"/><temp name="T479"/><temp name="T473"/><temp name="T484"/><temp name="T373"/><temp name="T429"/><temp name="T433"/><temp name="T367"/><temp name="T416"/><temp name="T490"/><temp name="T463"/><temp name="T124"/><temp name="T496"/><temp name="T405"/><temp name="T361"/><temp name="T398"/><temp name="T441"/><temp name="T381"/><temp name="T125"/><temp name="T447"/></temps></instruction><instruction code="INCMH T355, 0"><temps name="use"/><temps name="def"><temp name="T355"/></temps><temps name="in"><temp name="T423"/><temp name="T390"/><temp name="T8"/><temp name="T453"/><temp name="T384"/><temp name="T457"/><temp name="T410"/><temp name="T469"/><temp name="T479"/><temp name="T473"/><temp name="T484"/><temp name="T373"/><temp name="T429"/><temp name="T433"/><temp name="T367"/><temp name="T416"/><temp name="T490"/><temp name="T463"/><temp name="T124"/><temp name="T496"/><temp name="T405"/><temp name="T361"/><temp name="T398"/><temp name="T441"/><temp name="T381"/><temp name="T125"/><temp name="T447"/></temps><temps name="out"><temp name="T423"/><temp name="T390"/><temp name="T8"/><temp name="T453"/><temp name="T384"/><temp name="T457"/><temp name="T410"/><temp name="T469"/><temp name="T479"/><temp name="T473"/><temp name="T484"/><temp name="T373"/><temp name="T429"/><temp name="T433"/><temp name="T367"/><temp name="T416"/><temp name="T490"/><temp name="T463"/><temp name="T124"/><temp name="T496"/><temp name="T405"/><temp name="T361"/><temp name="T398"/><temp name="T441"/><temp name="T381"/><temp name="T125"/><temp name="T447"/></temps></instruction><instruction code="INCH  T355, 0"><temps name="use"/><temps name="def"><temp name="T355"/></temps><temps name="in"><temp name="T423"/><temp name="T390"/><temp name="T8"/><temp name="T453"/><temp name="T384"/><temp name="T457"/><temp name="T410"/><temp name="T469"/><temp name="T479"/><temp name="T473"/><temp name="T484"/><temp name="T373"/><temp name="T429"/><temp name="T433"/><temp name="T367"/><temp name="T416"/><temp name="T490"/><temp name="T463"/><temp name="T124"/><temp name="T496"/><temp name="T405"/><temp name="T361"/><temp name="T398"/><temp name="T441"/><temp name="T381"/><temp name="T125"/><temp name="T447"/></temps><temps name="out"><temp name="T423"/><temp name="T390"/><temp name="T355"/><temp name="T8"/><temp name="T453"/><temp name="T384"/><temp name="T457"/><temp name="T410"/><temp name="T469"/><temp name="T479"/><temp name="T473"/><temp name="T484"/><temp name="T373"/><temp name="T429"/><temp name="T433"/><temp name="T367"/><temp name="T416"/><temp name="T490"/><temp name="T463"/><temp name="T124"/><temp name="T496"/><temp name="T405"/><temp name="T361"/><temp name="T398"/><temp name="T441"/><temp name="T381"/><temp name="T125"/><temp name="T447"/></temps></instruction><instruction code="OR T126, T355, 0"><temps name="use"><temp name="T355"/></temps><temps name="def"><temp name="T126"/></temps><temps name="in"><temp name="T423"/><temp name="T390"/><temp name="T355"/><temp name="T8"/><temp name="T453"/><temp name="T384"/><temp name="T457"/><temp name="T410"/><temp name="T469"/><temp name="T479"/><temp name="T473"/><temp name="T484"/><temp name="T373"/><temp name="T429"/><temp name="T433"/><temp name="T367"/><temp name="T416"/><temp name="T490"/><temp name="T463"/><temp name="T124"/><temp name="T496"/><temp name="T405"/><temp name="T361"/><temp name="T398"/><temp name="T441"/><temp name="T381"/><temp name="T125"/><temp name="T447"/></temps><temps name="out"><temp name="T423"/><temp name="T390"/><temp name="T8"/><temp name="T453"/><temp name="T384"/><temp name="T457"/><temp name="T410"/><temp name="T469"/><temp name="T479"/><temp name="T126"/><temp name="T473"/><temp name="T484"/><temp name="T373"/><temp name="T429"/><temp name="T433"/><temp name="T367"/><temp name="T416"/><temp name="T490"/><temp name="T463"/><temp name="T124"/><temp name="T496"/><temp name="T405"/><temp name="T361"/><temp name="T398"/><temp name="T441"/><temp name="T381"/><temp name="T125"/><temp name="T447"/></temps></instruction><instruction code="ADD T356, T125, T126"><temps name="use"><temp name="T125"/><temp name="T126"/></temps><temps name="def"><temp name="T356"/></temps><temps name="in"><temp name="T423"/><temp name="T390"/><temp name="T8"/><temp name="T453"/><temp name="T384"/><temp name="T457"/><temp name="T410"/><temp name="T469"/><temp name="T479"/><temp name="T126"/><temp name="T473"/><temp name="T484"/><temp name="T373"/><temp name="T429"/><temp name="T433"/><temp name="T367"/><temp name="T416"/><temp name="T490"/><temp name="T463"/><temp name="T124"/><temp name="T496"/><temp name="T405"/><temp name="T361"/><temp name="T398"/><temp name="T441"/><temp name="T381"/><temp name="T125"/><temp name="T447"/></temps><temps name="out"><temp name="T423"/><temp name="T390"/><temp name="T8"/><temp name="T453"/><temp name="T384"/><temp name="T457"/><temp name="T410"/><temp name="T469"/><temp name="T479"/><temp name="T473"/><temp name="T484"/><temp name="T373"/><temp name="T429"/><temp name="T433"/><temp name="T367"/><temp name="T416"/><temp name="T490"/><temp name="T463"/><temp name="T124"/><temp name="T496"/><temp name="T405"/><temp name="T356"/><temp name="T361"/><temp name="T398"/><temp name="T441"/><temp name="T381"/><temp name="T447"/></temps></instruction><instruction code="OR T127, T356, 0"><temps name="use"><temp name="T356"/></temps><temps name="def"><temp name="T127"/></temps><temps name="in"><temp name="T423"/><temp name="T390"/><temp name="T8"/><temp name="T453"/><temp name="T384"/><temp name="T457"/><temp name="T410"/><temp name="T469"/><temp name="T479"/><temp name="T473"/><temp name="T484"/><temp name="T373"/><temp name="T429"/><temp name="T433"/><temp name="T367"/><temp name="T416"/><temp name="T490"/><temp name="T463"/><temp name="T124"/><temp name="T496"/><temp name="T405"/><temp name="T356"/><temp name="T361"/><temp name="T398"/><temp name="T441"/><temp name="T381"/><temp name="T447"/></temps><temps name="out"><temp name="T127"/><temp name="T423"/><temp name="T390"/><temp name="T8"/><temp name="T453"/><temp name="T384"/><temp name="T457"/><temp name="T410"/><temp name="T469"/><temp name="T479"/><temp name="T473"/><temp name="T484"/><temp name="T373"/><temp name="T429"/><temp name="T433"/><temp name="T367"/><temp name="T416"/><temp name="T490"/><temp name="T463"/><temp name="T124"/><temp name="T496"/><temp name="T405"/><temp name="T361"/><temp name="T398"/><temp name="T441"/><temp name="T381"/><temp name="T447"/></temps></instruction><instruction code="SETL  T357, 3"><temps name="use"/><temps name="def"><temp name="T357"/></temps><temps name="in"><temp name="T127"/><temp name="T423"/><temp name="T390"/><temp name="T8"/><temp name="T453"/><temp name="T384"/><temp name="T457"/><temp name="T410"/><temp name="T469"/><temp name="T479"/><temp name="T473"/><temp name="T484"/><temp name="T373"/><temp name="T429"/><temp name="T433"/><temp name="T367"/><temp name="T416"/><temp name="T490"/><temp name="T463"/><temp name="T124"/><temp name="T496"/><temp name="T405"/><temp name="T361"/><temp name="T398"/><temp name="T441"/><temp name="T381"/><temp name="T447"/></temps><temps name="out"><temp name="T127"/><temp name="T423"/><temp name="T390"/><temp name="T8"/><temp name="T453"/><temp name="T384"/><temp name="T457"/><temp name="T410"/><temp name="T469"/><temp name="T479"/><temp name="T473"/><temp name="T484"/><temp name="T373"/><temp name="T429"/><temp name="T433"/><temp name="T367"/><temp name="T416"/><temp name="T490"/><temp name="T463"/><temp name="T124"/><temp name="T496"/><temp name="T405"/><temp name="T361"/><temp name="T398"/><temp name="T441"/><temp name="T381"/><temp name="T447"/></temps></instruction><instruction code="INCML T357, 0"><temps name="use"/><temps name="def"><temp name="T357"/></temps><temps name="in"><temp name="T127"/><temp name="T423"/><temp name="T390"/><temp name="T8"/><temp name="T453"/><temp name="T384"/><temp name="T457"/><temp name="T410"/><temp name="T469"/><temp name="T479"/><temp name="T473"/><temp name="T484"/><temp name="T373"/><temp name="T429"/><temp name="T433"/><temp name="T367"/><temp name="T416"/><temp name="T490"/><temp name="T463"/><temp name="T124"/><temp name="T496"/><temp name="T405"/><temp name="T361"/><temp name="T398"/><temp name="T441"/><temp name="T381"/><temp name="T447"/></temps><temps name="out"><temp name="T127"/><temp name="T423"/><temp name="T390"/><temp name="T8"/><temp name="T453"/><temp name="T384"/><temp name="T457"/><temp name="T410"/><temp name="T469"/><temp name="T479"/><temp name="T473"/><temp name="T484"/><temp name="T373"/><temp name="T429"/><temp name="T433"/><temp name="T367"/><temp name="T416"/><temp name="T490"/><temp name="T463"/><temp name="T124"/><temp name="T496"/><temp name="T405"/><temp name="T361"/><temp name="T398"/><temp name="T441"/><temp name="T381"/><temp name="T447"/></temps></instruction><instruction code="INCMH T357, 0"><temps name="use"/><temps name="def"><temp name="T357"/></temps><temps name="in"><temp name="T127"/><temp name="T423"/><temp name="T390"/><temp name="T8"/><temp name="T453"/><temp name="T384"/><temp name="T457"/><temp name="T410"/><temp name="T469"/><temp name="T479"/><temp name="T473"/><temp name="T484"/><temp name="T373"/><temp name="T429"/><temp name="T433"/><temp name="T367"/><temp name="T416"/><temp name="T490"/><temp name="T463"/><temp name="T124"/><temp name="T496"/><temp name="T405"/><temp name="T361"/><temp name="T398"/><temp name="T441"/><temp name="T381"/><temp name="T447"/></temps><temps name="out"><temp name="T127"/><temp name="T423"/><temp name="T390"/><temp name="T8"/><temp name="T453"/><temp name="T384"/><temp name="T457"/><temp name="T410"/><temp name="T469"/><temp name="T479"/><temp name="T473"/><temp name="T484"/><temp name="T373"/><temp name="T429"/><temp name="T433"/><temp name="T367"/><temp name="T416"/><temp name="T490"/><temp name="T463"/><temp name="T124"/><temp name="T496"/><temp name="T405"/><temp name="T361"/><temp name="T398"/><temp name="T441"/><temp name="T381"/><temp name="T447"/></temps></instruction><instruction code="INCH  T357, 0"><temps name="use"/><temps name="def"><temp name="T357"/></temps><temps name="in"><temp name="T127"/><temp name="T423"/><temp name="T390"/><temp name="T8"/><temp name="T453"/><temp name="T384"/><temp name="T457"/><temp name="T410"/><temp name="T469"/><temp name="T479"/><temp name="T473"/><temp name="T484"/><temp name="T373"/><temp name="T429"/><temp name="T433"/><temp name="T367"/><temp name="T416"/><temp name="T490"/><temp name="T463"/><temp name="T124"/><temp name="T496"/><temp name="T405"/><temp name="T361"/><temp name="T398"/><temp name="T441"/><temp name="T381"/><temp name="T447"/></temps><temps name="out"><temp name="T357"/><temp name="T127"/><temp name="T423"/><temp name="T390"/><temp name="T8"/><temp name="T453"/><temp name="T384"/><temp name="T457"/><temp name="T410"/><temp name="T469"/><temp name="T479"/><temp name="T473"/><temp name="T484"/><temp name="T373"/><temp name="T429"/><temp name="T433"/><temp name="T367"/><temp name="T416"/><temp name="T490"/><temp name="T463"/><temp name="T124"/><temp name="T496"/><temp name="T405"/><temp name="T361"/><temp name="T398"/><temp name="T441"/><temp name="T381"/><temp name="T447"/></temps></instruction><instruction code="OR T128, T357, 0"><temps name="use"><temp name="T357"/></temps><temps name="def"><temp name="T128"/></temps><temps name="in"><temp name="T357"/><temp name="T127"/><temp name="T423"/><temp name="T390"/><temp name="T8"/><temp name="T453"/><temp name="T384"/><temp name="T457"/><temp name="T410"/><temp name="T469"/><temp name="T479"/><temp name="T473"/><temp name="T484"/><temp name="T373"/><temp name="T429"/><temp name="T433"/><temp name="T367"/><temp name="T416"/><temp name="T490"/><temp name="T463"/><temp name="T124"/><temp name="T496"/><temp name="T405"/><temp name="T361"/><temp name="T398"/><temp name="T441"/><temp name="T381"/><temp name="T447"/></temps><temps name="out"><temp name="T127"/><temp name="T423"/><temp name="T390"/><temp name="T8"/><temp name="T453"/><temp name="T384"/><temp name="T457"/><temp name="T410"/><temp name="T469"/><temp name="T128"/><temp name="T479"/><temp name="T473"/><temp name="T484"/><temp name="T373"/><temp name="T429"/><temp name="T433"/><temp name="T367"/><temp name="T416"/><temp name="T490"/><temp name="T463"/><temp name="T124"/><temp name="T496"/><temp name="T405"/><temp name="T361"/><temp name="T398"/><temp name="T441"/><temp name="T381"/><temp name="T447"/></temps></instruction><instruction code="SETL  T358, 8"><temps name="use"/><temps name="def"><temp name="T358"/></temps><temps name="in"><temp name="T127"/><temp name="T423"/><temp name="T390"/><temp name="T8"/><temp name="T453"/><temp name="T384"/><temp name="T457"/><temp name="T410"/><temp name="T469"/><temp name="T128"/><temp name="T479"/><temp name="T473"/><temp name="T484"/><temp name="T373"/><temp name="T429"/><temp name="T433"/><temp name="T367"/><temp name="T416"/><temp name="T490"/><temp name="T463"/><temp name="T124"/><temp name="T496"/><temp name="T405"/><temp name="T361"/><temp name="T398"/><temp name="T441"/><temp name="T381"/><temp name="T447"/></temps><temps name="out"><temp name="T127"/><temp name="T423"/><temp name="T390"/><temp name="T8"/><temp name="T453"/><temp name="T384"/><temp name="T457"/><temp name="T410"/><temp name="T469"/><temp name="T128"/><temp name="T479"/><temp name="T473"/><temp name="T484"/><temp name="T373"/><temp name="T429"/><temp name="T433"/><temp name="T367"/><temp name="T416"/><temp name="T490"/><temp name="T463"/><temp name="T124"/><temp name="T496"/><temp name="T405"/><temp name="T361"/><temp name="T398"/><temp name="T441"/><temp name="T381"/><temp name="T447"/></temps></instruction><instruction code="INCML T358, 0"><temps name="use"/><temps name="def"><temp name="T358"/></temps><temps name="in"><temp name="T127"/><temp name="T423"/><temp name="T390"/><temp name="T8"/><temp name="T453"/><temp name="T384"/><temp name="T457"/><temp name="T410"/><temp name="T469"/><temp name="T128"/><temp name="T479"/><temp name="T473"/><temp name="T484"/><temp name="T373"/><temp name="T429"/><temp name="T433"/><temp name="T367"/><temp name="T416"/><temp name="T490"/><temp name="T463"/><temp name="T124"/><temp name="T496"/><temp name="T405"/><temp name="T361"/><temp name="T398"/><temp name="T441"/><temp name="T381"/><temp name="T447"/></temps><temps name="out"><temp name="T127"/><temp name="T423"/><temp name="T390"/><temp name="T8"/><temp name="T453"/><temp name="T384"/><temp name="T457"/><temp name="T410"/><temp name="T469"/><temp name="T128"/><temp name="T479"/><temp name="T473"/><temp name="T484"/><temp name="T373"/><temp name="T429"/><temp name="T433"/><temp name="T367"/><temp name="T416"/><temp name="T490"/><temp name="T463"/><temp name="T124"/><temp name="T496"/><temp name="T405"/><temp name="T361"/><temp name="T398"/><temp name="T441"/><temp name="T381"/><temp name="T447"/></temps></instruction><instruction code="INCMH T358, 0"><temps name="use"/><temps name="def"><temp name="T358"/></temps><temps name="in"><temp name="T127"/><temp name="T423"/><temp name="T390"/><temp name="T8"/><temp name="T453"/><temp name="T384"/><temp name="T457"/><temp name="T410"/><temp name="T469"/><temp name="T128"/><temp name="T479"/><temp name="T473"/><temp name="T484"/><temp name="T373"/><temp name="T429"/><temp name="T433"/><temp name="T367"/><temp name="T416"/><temp name="T490"/><temp name="T463"/><temp name="T124"/><temp name="T496"/><temp name="T405"/><temp name="T361"/><temp name="T398"/><temp name="T441"/><temp name="T381"/><temp name="T447"/></temps><temps name="out"><temp name="T127"/><temp name="T423"/><temp name="T390"/><temp name="T8"/><temp name="T453"/><temp name="T384"/><temp name="T457"/><temp name="T410"/><temp name="T469"/><temp name="T128"/><temp name="T479"/><temp name="T473"/><temp name="T484"/><temp name="T373"/><temp name="T429"/><temp name="T433"/><temp name="T367"/><temp name="T416"/><temp name="T490"/><temp name="T463"/><temp name="T124"/><temp name="T496"/><temp name="T405"/><temp name="T361"/><temp name="T398"/><temp name="T441"/><temp name="T381"/><temp name="T447"/></temps></instruction><instruction code="INCH  T358, 0"><temps name="use"/><temps name="def"><temp name="T358"/></temps><temps name="in"><temp name="T127"/><temp name="T423"/><temp name="T390"/><temp name="T8"/><temp name="T453"/><temp name="T384"/><temp name="T457"/><temp name="T410"/><temp name="T469"/><temp name="T128"/><temp name="T479"/><temp name="T473"/><temp name="T484"/><temp name="T373"/><temp name="T429"/><temp name="T433"/><temp name="T367"/><temp name="T416"/><temp name="T490"/><temp name="T463"/><temp name="T124"/><temp name="T496"/><temp name="T405"/><temp name="T361"/><temp name="T398"/><temp name="T441"/><temp name="T381"/><temp name="T447"/></temps><temps name="out"><temp name="T358"/><temp name="T127"/><temp name="T423"/><temp name="T390"/><temp name="T8"/><temp name="T453"/><temp name="T384"/><temp name="T457"/><temp name="T410"/><temp name="T469"/><temp name="T128"/><temp name="T479"/><temp name="T473"/><temp name="T484"/><temp name="T373"/><temp name="T429"/><temp name="T433"/><temp name="T367"/><temp name="T416"/><temp name="T490"/><temp name="T463"/><temp name="T124"/><temp name="T496"/><temp name="T405"/><temp name="T361"/><temp name="T398"/><temp name="T441"/><temp name="T381"/><temp name="T447"/></temps></instruction><instruction code="OR T129, T358, 0"><temps name="use"><temp name="T358"/></temps><temps name="def"><temp name="T129"/></temps><temps name="in"><temp name="T358"/><temp name="T127"/><temp name="T423"/><temp name="T390"/><temp name="T8"/><temp name="T453"/><temp name="T384"/><temp name="T457"/><temp name="T410"/><temp name="T469"/><temp name="T128"/><temp name="T479"/><temp name="T473"/><temp name="T484"/><temp name="T373"/><temp name="T429"/><temp name="T433"/><temp name="T367"/><temp name="T416"/><temp name="T490"/><temp name="T463"/><temp name="T124"/><temp name="T496"/><temp name="T405"/><temp name="T361"/><temp name="T398"/><temp name="T441"/><temp name="T381"/><temp name="T447"/></temps><temps name="out"><temp name="T127"/><temp name="T423"/><temp name="T390"/><temp name="T8"/><temp name="T453"/><temp name="T384"/><temp name="T457"/><temp name="T410"/><temp name="T469"/><temp name="T128"/><temp name="T479"/><temp name="T473"/><temp name="T484"/><temp name="T373"/><temp name="T429"/><temp name="T433"/><temp name="T367"/><temp name="T416"/><temp name="T490"/><temp name="T463"/><temp name="T124"/><temp name="T496"/><temp name="T405"/><temp name="T361"/><temp name="T398"/><temp name="T441"/><temp name="T381"/><temp name="T129"/><temp name="T447"/></temps></instruction><instruction code="MUL T359, T128, T129"><temps name="use"><temp name="T128"/><temp name="T129"/></temps><temps name="def"><temp name="T359"/></temps><temps name="in"><temp name="T127"/><temp name="T423"/><temp name="T390"/><temp name="T8"/><temp name="T453"/><temp name="T384"/><temp name="T457"/><temp name="T410"/><temp name="T469"/><temp name="T128"/><temp name="T479"/><temp name="T473"/><temp name="T484"/><temp name="T373"/><temp name="T429"/><temp name="T433"/><temp name="T367"/><temp name="T416"/><temp name="T490"/><temp name="T463"/><temp name="T124"/><temp name="T496"/><temp name="T405"/><temp name="T361"/><temp name="T398"/><temp name="T441"/><temp name="T381"/><temp name="T129"/><temp name="T447"/></temps><temps name="out"><temp name="T127"/><temp name="T423"/><temp name="T390"/><temp name="T8"/><temp name="T453"/><temp name="T384"/><temp name="T457"/><temp name="T410"/><temp name="T469"/><temp name="T479"/><temp name="T473"/><temp name="T484"/><temp name="T373"/><temp name="T429"/><temp name="T433"/><temp name="T367"/><temp name="T416"/><temp name="T490"/><temp name="T463"/><temp name="T124"/><temp name="T496"/><temp name="T405"/><temp name="T359"/><temp name="T361"/><temp name="T398"/><temp name="T441"/><temp name="T381"/><temp name="T447"/></temps></instruction><instruction code="OR T130, T359, 0"><temps name="use"><temp name="T359"/></temps><temps name="def"><temp name="T130"/></temps><temps name="in"><temp name="T127"/><temp name="T423"/><temp name="T390"/><temp name="T8"/><temp name="T453"/><temp name="T384"/><temp name="T457"/><temp name="T410"/><temp name="T469"/><temp name="T479"/><temp name="T473"/><temp name="T484"/><temp name="T373"/><temp name="T429"/><temp name="T433"/><temp name="T367"/><temp name="T416"/><temp name="T490"/><temp name="T463"/><temp name="T124"/><temp name="T496"/><temp name="T405"/><temp name="T359"/><temp name="T361"/><temp name="T398"/><temp name="T441"/><temp name="T381"/><temp name="T447"/></temps><temps name="out"><temp name="T130"/><temp name="T127"/><temp name="T423"/><temp name="T390"/><temp name="T8"/><temp name="T453"/><temp name="T384"/><temp name="T457"/><temp name="T410"/><temp name="T469"/><temp name="T479"/><temp name="T473"/><temp name="T484"/><temp name="T373"/><temp name="T429"/><temp name="T433"/><temp name="T367"/><temp name="T416"/><temp name="T490"/><temp name="T463"/><temp name="T124"/><temp name="T496"/><temp name="T405"/><temp name="T361"/><temp name="T398"/><temp name="T441"/><temp name="T381"/><temp name="T447"/></temps></instruction><instruction code="ADD T360, T127, T130"><temps name="use"><temp name="T127"/><temp name="T130"/></temps><temps name="def"><temp name="T360"/></temps><temps name="in"><temp name="T130"/><temp name="T127"/><temp name="T423"/><temp name="T390"/><temp name="T8"/><temp name="T453"/><temp name="T384"/><temp name="T457"/><temp name="T410"/><temp name="T469"/><temp name="T479"/><temp name="T473"/><temp name="T484"/><temp name="T373"/><temp name="T429"/><temp name="T433"/><temp name="T367"/><temp name="T416"/><temp name="T490"/><temp name="T463"/><temp name="T124"/><temp name="T496"/><temp name="T405"/><temp name="T361"/><temp name="T398"/><temp name="T441"/><temp name="T381"/><temp name="T447"/></temps><temps name="out"><temp name="T423"/><temp name="T390"/><temp name="T8"/><temp name="T453"/><temp name="T384"/><temp name="T457"/><temp name="T410"/><temp name="T469"/><temp name="T360"/><temp name="T479"/><temp name="T473"/><temp name="T484"/><temp name="T373"/><temp name="T429"/><temp name="T433"/><temp name="T367"/><temp name="T416"/><temp name="T490"/><temp name="T463"/><temp name="T124"/><temp name="T496"/><temp name="T405"/><temp name="T361"/><temp name="T398"/><temp name="T441"/><temp name="T381"/><temp name="T447"/></temps></instruction><instruction code="OR T131, T360, 0"><temps name="use"><temp name="T360"/></temps><temps name="def"><temp name="T131"/></temps><temps name="in"><temp name="T423"/><temp name="T390"/><temp name="T8"/><temp name="T453"/><temp name="T384"/><temp name="T457"/><temp name="T410"/><temp name="T469"/><temp name="T360"/><temp name="T479"/><temp name="T473"/><temp name="T484"/><temp name="T373"/><temp name="T429"/><temp name="T433"/><temp name="T367"/><temp name="T416"/><temp name="T490"/><temp name="T463"/><temp name="T124"/><temp name="T496"/><temp name="T405"/><temp name="T361"/><temp name="T398"/><temp name="T441"/><temp name="T381"/><temp name="T447"/></temps><temps name="out"><temp name="T423"/><temp name="T390"/><temp name="T8"/><temp name="T453"/><temp name="T384"/><temp name="T457"/><temp name="T410"/><temp name="T469"/><temp name="T479"/><temp name="T473"/><temp name="T484"/><temp name="T373"/><temp name="T429"/><temp name="T433"/><temp name="T367"/><temp name="T416"/><temp name="T490"/><temp name="T463"/><temp name="T124"/><temp name="T496"/><temp name="T405"/><temp name="T361"/><temp name="T398"/><temp name="T441"/><temp name="T381"/><temp name="T447"/></temps></instruction><instruction code="LDO T362, T361, 0"><temps name="use"><temp name="T361"/></temps><temps name="def"><temp name="T362"/></temps><temps name="in"><temp name="T423"/><temp name="T390"/><temp name="T8"/><temp name="T453"/><temp name="T384"/><temp name="T457"/><temp name="T410"/><temp name="T469"/><temp name="T479"/><temp name="T473"/><temp name="T484"/><temp name="T373"/><temp name="T429"/><temp name="T433"/><temp name="T367"/><temp name="T416"/><temp name="T490"/><temp name="T463"/><temp name="T124"/><temp name="T496"/><temp name="T405"/><temp name="T361"/><temp name="T398"/><temp name="T441"/><temp name="T381"/><temp name="T447"/></temps><temps name="out"><temp name="T423"/><temp name="T390"/><temp name="T8"/><temp name="T453"/><temp name="T384"/><temp name="T457"/><temp name="T410"/><temp name="T469"/><temp name="T479"/><temp name="T473"/><temp name="T484"/><temp name="T362"/><temp name="T373"/><temp name="T429"/><temp name="T433"/><temp name="T367"/><temp name="T416"/><temp name="T490"/><temp name="T463"/><temp name="T124"/><temp name="T496"/><temp name="T405"/><temp name="T398"/><temp name="T441"/><temp name="T381"/><temp name="T447"/></temps></instruction><instruction code="OR T132, T362, 0"><temps name="use"><temp name="T362"/></temps><temps name="def"><temp name="T132"/></temps><temps name="in"><temp name="T423"/><temp name="T390"/><temp name="T8"/><temp name="T453"/><temp name="T384"/><temp name="T457"/><temp name="T410"/><temp name="T469"/><temp name="T479"/><temp name="T473"/><temp name="T484"/><temp name="T362"/><temp name="T373"/><temp name="T429"/><temp name="T433"/><temp name="T367"/><temp name="T416"/><temp name="T490"/><temp name="T463"/><temp name="T124"/><temp name="T496"/><temp name="T405"/><temp name="T398"/><temp name="T441"/><temp name="T381"/><temp name="T447"/></temps><temps name="out"><temp name="T423"/><temp name="T390"/><temp name="T8"/><temp name="T453"/><temp name="T384"/><temp name="T457"/><temp name="T410"/><temp name="T469"/><temp name="T479"/><temp name="T473"/><temp name="T484"/><temp name="T373"/><temp name="T429"/><temp name="T433"/><temp name="T132"/><temp name="T367"/><temp name="T416"/><temp name="T490"/><temp name="T463"/><temp name="T124"/><temp name="T496"/><temp name="T405"/><temp name="T398"/><temp name="T441"/><temp name="T381"/><temp name="T447"/></temps></instruction><instruction code="OR T133, T8, 0"><temps name="use"><temp name="T8"/></temps><temps name="def"><temp name="T133"/></temps><temps name="in"><temp name="T423"/><temp name="T390"/><temp name="T8"/><temp name="T453"/><temp name="T384"/><temp name="T457"/><temp name="T410"/><temp name="T469"/><temp name="T479"/><temp name="T473"/><temp name="T484"/><temp name="T373"/><temp name="T429"/><temp name="T433"/><temp name="T132"/><temp name="T367"/><temp name="T416"/><temp name="T490"/><temp name="T463"/><temp name="T124"/><temp name="T496"/><temp name="T405"/><temp name="T398"/><temp name="T441"/><temp name="T381"/><temp name="T447"/></temps><temps name="out"><temp name="T423"/><temp name="T390"/><temp name="T8"/><temp name="T453"/><temp name="T384"/><temp name="T457"/><temp name="T410"/><temp name="T469"/><temp name="T479"/><temp name="T473"/><temp name="T484"/><temp name="T373"/><temp name="T429"/><temp name="T433"/><temp name="T132"/><temp name="T367"/><temp name="T416"/><temp name="T490"/><temp name="T133"/><temp name="T463"/><temp name="T124"/><temp name="T496"/><temp name="T405"/><temp name="T398"/><temp name="T441"/><temp name="T381"/><temp name="T447"/></temps></instruction><instruction code="SETL  T363, 112"><temps name="use"/><temps name="def"><temp name="T363"/></temps><temps name="in"><temp name="T423"/><temp name="T390"/><temp name="T8"/><temp name="T453"/><temp name="T384"/><temp name="T457"/><temp name="T410"/><temp name="T469"/><temp name="T479"/><temp name="T473"/><temp name="T484"/><temp name="T373"/><temp name="T429"/><temp name="T433"/><temp name="T132"/><temp name="T367"/><temp name="T416"/><temp name="T490"/><temp name="T133"/><temp name="T463"/><temp name="T124"/><temp name="T496"/><temp name="T405"/><temp name="T398"/><temp name="T441"/><temp name="T381"/><temp name="T447"/></temps><temps name="out"><temp name="T423"/><temp name="T390"/><temp name="T8"/><temp name="T453"/><temp name="T384"/><temp name="T457"/><temp name="T410"/><temp name="T469"/><temp name="T479"/><temp name="T473"/><temp name="T484"/><temp name="T373"/><temp name="T429"/><temp name="T433"/><temp name="T132"/><temp name="T367"/><temp name="T416"/><temp name="T490"/><temp name="T133"/><temp name="T463"/><temp name="T124"/><temp name="T496"/><temp name="T405"/><temp name="T398"/><temp name="T441"/><temp name="T381"/><temp name="T447"/></temps></instruction><instruction code="INCML T363, 0"><temps name="use"/><temps name="def"><temp name="T363"/></temps><temps name="in"><temp name="T423"/><temp name="T390"/><temp name="T8"/><temp name="T453"/><temp name="T384"/><temp name="T457"/><temp name="T410"/><temp name="T469"/><temp name="T479"/><temp name="T473"/><temp name="T484"/><temp name="T373"/><temp name="T429"/><temp name="T433"/><temp name="T132"/><temp name="T367"/><temp name="T416"/><temp name="T490"/><temp name="T133"/><temp name="T463"/><temp name="T124"/><temp name="T496"/><temp name="T405"/><temp name="T398"/><temp name="T441"/><temp name="T381"/><temp name="T447"/></temps><temps name="out"><temp name="T423"/><temp name="T390"/><temp name="T8"/><temp name="T453"/><temp name="T384"/><temp name="T457"/><temp name="T410"/><temp name="T469"/><temp name="T479"/><temp name="T473"/><temp name="T484"/><temp name="T373"/><temp name="T429"/><temp name="T433"/><temp name="T132"/><temp name="T367"/><temp name="T416"/><temp name="T490"/><temp name="T133"/><temp name="T463"/><temp name="T124"/><temp name="T496"/><temp name="T405"/><temp name="T398"/><temp name="T441"/><temp name="T381"/><temp name="T447"/></temps></instruction><instruction code="INCMH T363, 0"><temps name="use"/><temps name="def"><temp name="T363"/></temps><temps name="in"><temp name="T423"/><temp name="T390"/><temp name="T8"/><temp name="T453"/><temp name="T384"/><temp name="T457"/><temp name="T410"/><temp name="T469"/><temp name="T479"/><temp name="T473"/><temp name="T484"/><temp name="T373"/><temp name="T429"/><temp name="T433"/><temp name="T132"/><temp name="T367"/><temp name="T416"/><temp name="T490"/><temp name="T133"/><temp name="T463"/><temp name="T124"/><temp name="T496"/><temp name="T405"/><temp name="T398"/><temp name="T441"/><temp name="T381"/><temp name="T447"/></temps><temps name="out"><temp name="T423"/><temp name="T390"/><temp name="T8"/><temp name="T453"/><temp name="T384"/><temp name="T457"/><temp name="T410"/><temp name="T469"/><temp name="T479"/><temp name="T473"/><temp name="T484"/><temp name="T373"/><temp name="T429"/><temp name="T433"/><temp name="T132"/><temp name="T367"/><temp name="T416"/><temp name="T490"/><temp name="T133"/><temp name="T463"/><temp name="T124"/><temp name="T496"/><temp name="T405"/><temp name="T398"/><temp name="T441"/><temp name="T381"/><temp name="T447"/></temps></instruction><instruction code="INCH  T363, 0"><temps name="use"/><temps name="def"><temp name="T363"/></temps><temps name="in"><temp name="T423"/><temp name="T390"/><temp name="T8"/><temp name="T453"/><temp name="T384"/><temp name="T457"/><temp name="T410"/><temp name="T469"/><temp name="T479"/><temp name="T473"/><temp name="T484"/><temp name="T373"/><temp name="T429"/><temp name="T433"/><temp name="T132"/><temp name="T367"/><temp name="T416"/><temp name="T490"/><temp name="T133"/><temp name="T463"/><temp name="T124"/><temp name="T496"/><temp name="T405"/><temp name="T398"/><temp name="T441"/><temp name="T381"/><temp name="T447"/></temps><temps name="out"><temp name="T423"/><temp name="T390"/><temp name="T8"/><temp name="T453"/><temp name="T384"/><temp name="T457"/><temp name="T410"/><temp name="T469"/><temp name="T479"/><temp name="T363"/><temp name="T473"/><temp name="T484"/><temp name="T373"/><temp name="T429"/><temp name="T433"/><temp name="T132"/><temp name="T367"/><temp name="T416"/><temp name="T490"/><temp name="T133"/><temp name="T463"/><temp name="T124"/><temp name="T496"/><temp name="T405"/><temp name="T398"/><temp name="T441"/><temp name="T381"/><temp name="T447"/></temps></instruction><instruction code="NEG T363, 0, T363"><temps name="use"><temp name="T363"/></temps><temps name="def"><temp name="T363"/></temps><temps name="in"><temp name="T423"/><temp name="T390"/><temp name="T8"/><temp name="T453"/><temp name="T384"/><temp name="T457"/><temp name="T410"/><temp name="T469"/><temp name="T479"/><temp name="T363"/><temp name="T473"/><temp name="T484"/><temp name="T373"/><temp name="T429"/><temp name="T433"/><temp name="T132"/><temp name="T367"/><temp name="T416"/><temp name="T490"/><temp name="T133"/><temp name="T463"/><temp name="T124"/><temp name="T496"/><temp name="T405"/><temp name="T398"/><temp name="T441"/><temp name="T381"/><temp name="T447"/></temps><temps name="out"><temp name="T423"/><temp name="T390"/><temp name="T8"/><temp name="T453"/><temp name="T384"/><temp name="T457"/><temp name="T410"/><temp name="T469"/><temp name="T479"/><temp name="T363"/><temp name="T473"/><temp name="T484"/><temp name="T373"/><temp name="T429"/><temp name="T433"/><temp name="T132"/><temp name="T367"/><temp name="T416"/><temp name="T490"/><temp name="T133"/><temp name="T463"/><temp name="T124"/><temp name="T496"/><temp name="T405"/><temp name="T398"/><temp name="T441"/><temp name="T381"/><temp name="T447"/></temps></instruction><instruction code="OR T134, T363, 0"><temps name="use"><temp name="T363"/></temps><temps name="def"><temp name="T134"/></temps><temps name="in"><temp name="T423"/><temp name="T390"/><temp name="T8"/><temp name="T453"/><temp name="T384"/><temp name="T457"/><temp name="T410"/><temp name="T469"/><temp name="T479"/><temp name="T363"/><temp name="T473"/><temp name="T484"/><temp name="T373"/><temp name="T429"/><temp name="T433"/><temp name="T132"/><temp name="T367"/><temp name="T416"/><temp name="T490"/><temp name="T133"/><temp name="T463"/><temp name="T124"/><temp name="T496"/><temp name="T405"/><temp name="T398"/><temp name="T441"/><temp name="T381"/><temp name="T447"/></temps><temps name="out"><temp name="T423"/><temp name="T390"/><temp name="T8"/><temp name="T453"/><temp name="T384"/><temp name="T457"/><temp name="T410"/><temp name="T469"/><temp name="T479"/><temp name="T473"/><temp name="T484"/><temp name="T373"/><temp name="T429"/><temp name="T433"/><temp name="T132"/><temp name="T367"/><temp name="T416"/><temp name="T490"/><temp name="T134"/><temp name="T133"/><temp name="T463"/><temp name="T124"/><temp name="T496"/><temp name="T405"/><temp name="T398"/><temp name="T441"/><temp name="T381"/><temp name="T447"/></temps></instruction><instruction code="ADD T364, T133, T134"><temps name="use"><temp name="T133"/><temp name="T134"/></temps><temps name="def"><temp name="T364"/></temps><temps name="in"><temp name="T423"/><temp name="T390"/><temp name="T8"/><temp name="T453"/><temp name="T384"/><temp name="T457"/><temp name="T410"/><temp name="T469"/><temp name="T479"/><temp name="T473"/><temp name="T484"/><temp name="T373"/><temp name="T429"/><temp name="T433"/><temp name="T132"/><temp name="T367"/><temp name="T416"/><temp name="T490"/><temp name="T134"/><temp name="T133"/><temp name="T463"/><temp name="T124"/><temp name="T496"/><temp name="T405"/><temp name="T398"/><temp name="T441"/><temp name="T381"/><temp name="T447"/></temps><temps name="out"><temp name="T423"/><temp name="T390"/><temp name="T8"/><temp name="T453"/><temp name="T384"/><temp name="T364"/><temp name="T457"/><temp name="T410"/><temp name="T469"/><temp name="T479"/><temp name="T473"/><temp name="T484"/><temp name="T373"/><temp name="T429"/><temp name="T433"/><temp name="T132"/><temp name="T367"/><temp name="T416"/><temp name="T490"/><temp name="T463"/><temp name="T124"/><temp name="T496"/><temp name="T405"/><temp name="T398"/><temp name="T441"/><temp name="T381"/><temp name="T447"/></temps></instruction><instruction code="OR T135, T364, 0"><temps name="use"><temp name="T364"/></temps><temps name="def"><temp name="T135"/></temps><temps name="in"><temp name="T423"/><temp name="T390"/><temp name="T8"/><temp name="T453"/><temp name="T384"/><temp name="T364"/><temp name="T457"/><temp name="T410"/><temp name="T469"/><temp name="T479"/><temp name="T473"/><temp name="T484"/><temp name="T373"/><temp name="T429"/><temp name="T433"/><temp name="T132"/><temp name="T367"/><temp name="T416"/><temp name="T490"/><temp name="T463"/><temp name="T124"/><temp name="T496"/><temp name="T405"/><temp name="T398"/><temp name="T441"/><temp name="T381"/><temp name="T447"/></temps><temps name="out"><temp name="T423"/><temp name="T390"/><temp name="T8"/><temp name="T453"/><temp name="T384"/><temp name="T457"/><temp name="T410"/><temp name="T469"/><temp name="T479"/><temp name="T473"/><temp name="T484"/><temp name="T373"/><temp name="T429"/><temp name="T433"/><temp name="T132"/><temp name="T367"/><temp name="T416"/><temp name="T490"/><temp name="T463"/><temp name="T135"/><temp name="T124"/><temp name="T496"/><temp name="T405"/><temp name="T398"/><temp name="T441"/><temp name="T381"/><temp name="T447"/></temps></instruction><instruction code="SETL  T365, 0"><temps name="use"/><temps name="def"><temp name="T365"/></temps><temps name="in"><temp name="T423"/><temp name="T390"/><temp name="T8"/><temp name="T453"/><temp name="T384"/><temp name="T457"/><temp name="T410"/><temp name="T469"/><temp name="T479"/><temp name="T473"/><temp name="T484"/><temp name="T373"/><temp name="T429"/><temp name="T433"/><temp name="T132"/><temp name="T367"/><temp name="T416"/><temp name="T490"/><temp name="T463"/><temp name="T135"/><temp name="T124"/><temp name="T496"/><temp name="T405"/><temp name="T398"/><temp name="T441"/><temp name="T381"/><temp name="T447"/></temps><temps name="out"><temp name="T423"/><temp name="T390"/><temp name="T8"/><temp name="T453"/><temp name="T384"/><temp name="T457"/><temp name="T410"/><temp name="T469"/><temp name="T479"/><temp name="T473"/><temp name="T484"/><temp name="T373"/><temp name="T429"/><temp name="T433"/><temp name="T132"/><temp name="T367"/><temp name="T416"/><temp name="T490"/><temp name="T463"/><temp name="T135"/><temp name="T124"/><temp name="T496"/><temp name="T405"/><temp name="T398"/><temp name="T441"/><temp name="T381"/><temp name="T447"/></temps></instruction><instruction code="INCML T365, 0"><temps name="use"/><temps name="def"><temp name="T365"/></temps><temps name="in"><temp name="T423"/><temp name="T390"/><temp name="T8"/><temp name="T453"/><temp name="T384"/><temp name="T457"/><temp name="T410"/><temp name="T469"/><temp name="T479"/><temp name="T473"/><temp name="T484"/><temp name="T373"/><temp name="T429"/><temp name="T433"/><temp name="T132"/><temp name="T367"/><temp name="T416"/><temp name="T490"/><temp name="T463"/><temp name="T135"/><temp name="T124"/><temp name="T496"/><temp name="T405"/><temp name="T398"/><temp name="T441"/><temp name="T381"/><temp name="T447"/></temps><temps name="out"><temp name="T423"/><temp name="T390"/><temp name="T8"/><temp name="T453"/><temp name="T384"/><temp name="T457"/><temp name="T410"/><temp name="T469"/><temp name="T479"/><temp name="T473"/><temp name="T484"/><temp name="T373"/><temp name="T429"/><temp name="T433"/><temp name="T132"/><temp name="T367"/><temp name="T416"/><temp name="T490"/><temp name="T463"/><temp name="T135"/><temp name="T124"/><temp name="T496"/><temp name="T405"/><temp name="T398"/><temp name="T441"/><temp name="T381"/><temp name="T447"/></temps></instruction><instruction code="INCMH T365, 0"><temps name="use"/><temps name="def"><temp name="T365"/></temps><temps name="in"><temp name="T423"/><temp name="T390"/><temp name="T8"/><temp name="T453"/><temp name="T384"/><temp name="T457"/><temp name="T410"/><temp name="T469"/><temp name="T479"/><temp name="T473"/><temp name="T484"/><temp name="T373"/><temp name="T429"/><temp name="T433"/><temp name="T132"/><temp name="T367"/><temp name="T416"/><temp name="T490"/><temp name="T463"/><temp name="T135"/><temp name="T124"/><temp name="T496"/><temp name="T405"/><temp name="T398"/><temp name="T441"/><temp name="T381"/><temp name="T447"/></temps><temps name="out"><temp name="T423"/><temp name="T390"/><temp name="T8"/><temp name="T453"/><temp name="T384"/><temp name="T457"/><temp name="T410"/><temp name="T469"/><temp name="T479"/><temp name="T473"/><temp name="T484"/><temp name="T373"/><temp name="T429"/><temp name="T433"/><temp name="T132"/><temp name="T367"/><temp name="T416"/><temp name="T490"/><temp name="T463"/><temp name="T135"/><temp name="T124"/><temp name="T496"/><temp name="T405"/><temp name="T398"/><temp name="T441"/><temp name="T381"/><temp name="T447"/></temps></instruction><instruction code="INCH  T365, 0"><temps name="use"/><temps name="def"><temp name="T365"/></temps><temps name="in"><temp name="T423"/><temp name="T390"/><temp name="T8"/><temp name="T453"/><temp name="T384"/><temp name="T457"/><temp name="T410"/><temp name="T469"/><temp name="T479"/><temp name="T473"/><temp name="T484"/><temp name="T373"/><temp name="T429"/><temp name="T433"/><temp name="T132"/><temp name="T367"/><temp name="T416"/><temp name="T490"/><temp name="T463"/><temp name="T135"/><temp name="T124"/><temp name="T496"/><temp name="T405"/><temp name="T398"/><temp name="T441"/><temp name="T381"/><temp name="T447"/></temps><temps name="out"><temp name="T423"/><temp name="T390"/><temp name="T8"/><temp name="T453"/><temp name="T384"/><temp name="T457"/><temp name="T410"/><temp name="T469"/><temp name="T479"/><temp name="T473"/><temp name="T484"/><temp name="T373"/><temp name="T429"/><temp name="T433"/><temp name="T132"/><temp name="T367"/><temp name="T416"/><temp name="T490"/><temp name="T463"/><temp name="T135"/><temp name="T124"/><temp name="T365"/><temp name="T496"/><temp name="T405"/><temp name="T398"/><temp name="T441"/><temp name="T381"/><temp name="T447"/></temps></instruction><instruction code="OR T136, T365, 0"><temps name="use"><temp name="T365"/></temps><temps name="def"><temp name="T136"/></temps><temps name="in"><temp name="T423"/><temp name="T390"/><temp name="T8"/><temp name="T453"/><temp name="T384"/><temp name="T457"/><temp name="T410"/><temp name="T469"/><temp name="T479"/><temp name="T473"/><temp name="T484"/><temp name="T373"/><temp name="T429"/><temp name="T433"/><temp name="T132"/><temp name="T367"/><temp name="T416"/><temp name="T490"/><temp name="T463"/><temp name="T135"/><temp name="T124"/><temp name="T365"/><temp name="T496"/><temp name="T405"/><temp name="T398"/><temp name="T441"/><temp name="T381"/><temp name="T447"/></temps><temps name="out"><temp name="T423"/><temp name="T390"/><temp name="T8"/><temp name="T453"/><temp name="T384"/><temp name="T457"/><temp name="T410"/><temp name="T469"/><temp name="T479"/><temp name="T473"/><temp name="T484"/><temp name="T373"/><temp name="T429"/><temp name="T433"/><temp name="T132"/><temp name="T367"/><temp name="T416"/><temp name="T490"/><temp name="T463"/><temp name="T135"/><temp name="T124"/><temp name="T496"/><temp name="T405"/><temp name="T136"/><temp name="T398"/><temp name="T441"/><temp name="T381"/><temp name="T447"/></temps></instruction><instruction code="ADD T366, T135, T136"><temps name="use"><temp name="T135"/><temp name="T136"/></temps><temps name="def"><temp name="T366"/></temps><temps name="in"><temp name="T423"/><temp name="T390"/><temp name="T8"/><temp name="T453"/><temp name="T384"/><temp name="T457"/><temp name="T410"/><temp name="T469"/><temp name="T479"/><temp name="T473"/><temp name="T484"/><temp name="T373"/><temp name="T429"/><temp name="T433"/><temp name="T132"/><temp name="T367"/><temp name="T416"/><temp name="T490"/><temp name="T463"/><temp name="T135"/><temp name="T124"/><temp name="T496"/><temp name="T405"/><temp name="T136"/><temp name="T398"/><temp name="T441"/><temp name="T381"/><temp name="T447"/></temps><temps name="out"><temp name="T423"/><temp name="T390"/><temp name="T8"/><temp name="T453"/><temp name="T366"/><temp name="T384"/><temp name="T457"/><temp name="T410"/><temp name="T469"/><temp name="T479"/><temp name="T473"/><temp name="T484"/><temp name="T373"/><temp name="T429"/><temp name="T433"/><temp name="T132"/><temp name="T367"/><temp name="T416"/><temp name="T490"/><temp name="T463"/><temp name="T124"/><temp name="T496"/><temp name="T405"/><temp name="T398"/><temp name="T441"/><temp name="T381"/><temp name="T447"/></temps></instruction><instruction code="OR T137, T366, 0"><temps name="use"><temp name="T366"/></temps><temps name="def"><temp name="T137"/></temps><temps name="in"><temp name="T423"/><temp name="T390"/><temp name="T8"/><temp name="T453"/><temp name="T366"/><temp name="T384"/><temp name="T457"/><temp name="T410"/><temp name="T469"/><temp name="T479"/><temp name="T473"/><temp name="T484"/><temp name="T373"/><temp name="T429"/><temp name="T433"/><temp name="T132"/><temp name="T367"/><temp name="T416"/><temp name="T490"/><temp name="T463"/><temp name="T124"/><temp name="T496"/><temp name="T405"/><temp name="T398"/><temp name="T441"/><temp name="T381"/><temp name="T447"/></temps><temps name="out"><temp name="T423"/><temp name="T390"/><temp name="T8"/><temp name="T453"/><temp name="T384"/><temp name="T457"/><temp name="T410"/><temp name="T469"/><temp name="T479"/><temp name="T473"/><temp name="T484"/><temp name="T373"/><temp name="T429"/><temp name="T433"/><temp name="T132"/><temp name="T367"/><temp name="T416"/><temp name="T490"/><temp name="T463"/><temp name="T124"/><temp name="T496"/><temp name="T405"/><temp name="T398"/><temp name="T441"/><temp name="T381"/><temp name="T447"/></temps></instruction><instruction code="LDO T368, T367, 0"><temps name="use"><temp name="T367"/></temps><temps name="def"><temp name="T368"/></temps><temps name="in"><temp name="T423"/><temp name="T390"/><temp name="T8"/><temp name="T453"/><temp name="T384"/><temp name="T457"/><temp name="T410"/><temp name="T469"/><temp name="T479"/><temp name="T473"/><temp name="T484"/><temp name="T373"/><temp name="T429"/><temp name="T433"/><temp name="T132"/><temp name="T367"/><temp name="T416"/><temp name="T490"/><temp name="T463"/><temp name="T124"/><temp name="T496"/><temp name="T405"/><temp name="T398"/><temp name="T441"/><temp name="T381"/><temp name="T447"/></temps><temps name="out"><temp name="T423"/><temp name="T390"/><temp name="T8"/><temp name="T453"/><temp name="T384"/><temp name="T457"/><temp name="T410"/><temp name="T469"/><temp name="T479"/><temp name="T473"/><temp name="T484"/><temp name="T373"/><temp name="T429"/><temp name="T433"/><temp name="T132"/><temp name="T416"/><temp name="T490"/><temp name="T463"/><temp name="T124"/><temp name="T368"/><temp name="T496"/><temp name="T405"/><temp name="T398"/><temp name="T441"/><temp name="T381"/><temp name="T447"/></temps></instruction><instruction code="OR T138, T368, 0"><temps name="use"><temp name="T368"/></temps><temps name="def"><temp name="T138"/></temps><temps name="in"><temp name="T423"/><temp name="T390"/><temp name="T8"/><temp name="T453"/><temp name="T384"/><temp name="T457"/><temp name="T410"/><temp name="T469"/><temp name="T479"/><temp name="T473"/><temp name="T484"/><temp name="T373"/><temp name="T429"/><temp name="T433"/><temp name="T132"/><temp name="T416"/><temp name="T490"/><temp name="T463"/><temp name="T124"/><temp name="T368"/><temp name="T496"/><temp name="T405"/><temp name="T398"/><temp name="T441"/><temp name="T381"/><temp name="T447"/></temps><temps name="out"><temp name="T423"/><temp name="T138"/><temp name="T390"/><temp name="T8"/><temp name="T453"/><temp name="T384"/><temp name="T457"/><temp name="T410"/><temp name="T469"/><temp name="T479"/><temp name="T473"/><temp name="T484"/><temp name="T373"/><temp name="T429"/><temp name="T433"/><temp name="T132"/><temp name="T416"/><temp name="T490"/><temp name="T463"/><temp name="T124"/><temp name="T496"/><temp name="T405"/><temp name="T398"/><temp name="T441"/><temp name="T381"/><temp name="T447"/></temps></instruction><instruction code="OR T139, T8, 0"><temps name="use"><temp name="T8"/></temps><temps name="def"><temp name="T139"/></temps><temps name="in"><temp name="T423"/><temp name="T138"/><temp name="T390"/><temp name="T8"/><temp name="T453"/><temp name="T384"/><temp name="T457"/><temp name="T410"/><temp name="T469"/><temp name="T479"/><temp name="T473"/><temp name="T484"/><temp name="T373"/><temp name="T429"/><temp name="T433"/><temp name="T132"/><temp name="T416"/><temp name="T490"/><temp name="T463"/><temp name="T124"/><temp name="T496"/><temp name="T405"/><temp name="T398"/><temp name="T441"/><temp name="T381"/><temp name="T447"/></temps><temps name="out"><temp name="T423"/><temp name="T138"/><temp name="T390"/><temp name="T8"/><temp name="T453"/><temp name="T384"/><temp name="T457"/><temp name="T410"/><temp name="T469"/><temp name="T479"/><temp name="T139"/><temp name="T473"/><temp name="T484"/><temp name="T373"/><temp name="T429"/><temp name="T433"/><temp name="T132"/><temp name="T416"/><temp name="T490"/><temp name="T463"/><temp name="T124"/><temp name="T496"/><temp name="T405"/><temp name="T398"/><temp name="T441"/><temp name="T381"/><temp name="T447"/></temps></instruction><instruction code="SETL  T369, 112"><temps name="use"/><temps name="def"><temp name="T369"/></temps><temps name="in"><temp name="T423"/><temp name="T138"/><temp name="T390"/><temp name="T8"/><temp name="T453"/><temp name="T384"/><temp name="T457"/><temp name="T410"/><temp name="T469"/><temp name="T479"/><temp name="T139"/><temp name="T473"/><temp name="T484"/><temp name="T373"/><temp name="T429"/><temp name="T433"/><temp name="T132"/><temp name="T416"/><temp name="T490"/><temp name="T463"/><temp name="T124"/><temp name="T496"/><temp name="T405"/><temp name="T398"/><temp name="T441"/><temp name="T381"/><temp name="T447"/></temps><temps name="out"><temp name="T423"/><temp name="T138"/><temp name="T390"/><temp name="T8"/><temp name="T453"/><temp name="T384"/><temp name="T457"/><temp name="T410"/><temp name="T469"/><temp name="T479"/><temp name="T139"/><temp name="T473"/><temp name="T484"/><temp name="T373"/><temp name="T429"/><temp name="T433"/><temp name="T132"/><temp name="T416"/><temp name="T490"/><temp name="T463"/><temp name="T124"/><temp name="T496"/><temp name="T405"/><temp name="T398"/><temp name="T441"/><temp name="T381"/><temp name="T447"/></temps></instruction><instruction code="INCML T369, 0"><temps name="use"/><temps name="def"><temp name="T369"/></temps><temps name="in"><temp name="T423"/><temp name="T138"/><temp name="T390"/><temp name="T8"/><temp name="T453"/><temp name="T384"/><temp name="T457"/><temp name="T410"/><temp name="T469"/><temp name="T479"/><temp name="T139"/><temp name="T473"/><temp name="T484"/><temp name="T373"/><temp name="T429"/><temp name="T433"/><temp name="T132"/><temp name="T416"/><temp name="T490"/><temp name="T463"/><temp name="T124"/><temp name="T496"/><temp name="T405"/><temp name="T398"/><temp name="T441"/><temp name="T381"/><temp name="T447"/></temps><temps name="out"><temp name="T423"/><temp name="T138"/><temp name="T390"/><temp name="T8"/><temp name="T453"/><temp name="T384"/><temp name="T457"/><temp name="T410"/><temp name="T469"/><temp name="T479"/><temp name="T139"/><temp name="T473"/><temp name="T484"/><temp name="T373"/><temp name="T429"/><temp name="T433"/><temp name="T132"/><temp name="T416"/><temp name="T490"/><temp name="T463"/><temp name="T124"/><temp name="T496"/><temp name="T405"/><temp name="T398"/><temp name="T441"/><temp name="T381"/><temp name="T447"/></temps></instruction><instruction code="INCMH T369, 0"><temps name="use"/><temps name="def"><temp name="T369"/></temps><temps name="in"><temp name="T423"/><temp name="T138"/><temp name="T390"/><temp name="T8"/><temp name="T453"/><temp name="T384"/><temp name="T457"/><temp name="T410"/><temp name="T469"/><temp name="T479"/><temp name="T139"/><temp name="T473"/><temp name="T484"/><temp name="T373"/><temp name="T429"/><temp name="T433"/><temp name="T132"/><temp name="T416"/><temp name="T490"/><temp name="T463"/><temp name="T124"/><temp name="T496"/><temp name="T405"/><temp name="T398"/><temp name="T441"/><temp name="T381"/><temp name="T447"/></temps><temps name="out"><temp name="T423"/><temp name="T138"/><temp name="T390"/><temp name="T8"/><temp name="T453"/><temp name="T384"/><temp name="T457"/><temp name="T410"/><temp name="T469"/><temp name="T479"/><temp name="T139"/><temp name="T473"/><temp name="T484"/><temp name="T373"/><temp name="T429"/><temp name="T433"/><temp name="T132"/><temp name="T416"/><temp name="T490"/><temp name="T463"/><temp name="T124"/><temp name="T496"/><temp name="T405"/><temp name="T398"/><temp name="T441"/><temp name="T381"/><temp name="T447"/></temps></instruction><instruction code="INCH  T369, 0"><temps name="use"/><temps name="def"><temp name="T369"/></temps><temps name="in"><temp name="T423"/><temp name="T138"/><temp name="T390"/><temp name="T8"/><temp name="T453"/><temp name="T384"/><temp name="T457"/><temp name="T410"/><temp name="T469"/><temp name="T479"/><temp name="T139"/><temp name="T473"/><temp name="T484"/><temp name="T373"/><temp name="T429"/><temp name="T433"/><temp name="T132"/><temp name="T416"/><temp name="T490"/><temp name="T463"/><temp name="T124"/><temp name="T496"/><temp name="T405"/><temp name="T398"/><temp name="T441"/><temp name="T381"/><temp name="T447"/></temps><temps name="out"><temp name="T423"/><temp name="T138"/><temp name="T390"/><temp name="T8"/><temp name="T453"/><temp name="T384"/><temp name="T457"/><temp name="T410"/><temp name="T469"/><temp name="T479"/><temp name="T139"/><temp name="T473"/><temp name="T484"/><temp name="T373"/><temp name="T429"/><temp name="T433"/><temp name="T132"/><temp name="T416"/><temp name="T490"/><temp name="T463"/><temp name="T124"/><temp name="T496"/><temp name="T405"/><temp name="T369"/><temp name="T398"/><temp name="T441"/><temp name="T381"/><temp name="T447"/></temps></instruction><instruction code="NEG T369, 0, T369"><temps name="use"><temp name="T369"/></temps><temps name="def"><temp name="T369"/></temps><temps name="in"><temp name="T423"/><temp name="T138"/><temp name="T390"/><temp name="T8"/><temp name="T453"/><temp name="T384"/><temp name="T457"/><temp name="T410"/><temp name="T469"/><temp name="T479"/><temp name="T139"/><temp name="T473"/><temp name="T484"/><temp name="T373"/><temp name="T429"/><temp name="T433"/><temp name="T132"/><temp name="T416"/><temp name="T490"/><temp name="T463"/><temp name="T124"/><temp name="T496"/><temp name="T405"/><temp name="T369"/><temp name="T398"/><temp name="T441"/><temp name="T381"/><temp name="T447"/></temps><temps name="out"><temp name="T423"/><temp name="T138"/><temp name="T390"/><temp name="T8"/><temp name="T453"/><temp name="T384"/><temp name="T457"/><temp name="T410"/><temp name="T469"/><temp name="T479"/><temp name="T139"/><temp name="T473"/><temp name="T484"/><temp name="T373"/><temp name="T429"/><temp name="T433"/><temp name="T132"/><temp name="T416"/><temp name="T490"/><temp name="T463"/><temp name="T124"/><temp name="T496"/><temp name="T405"/><temp name="T369"/><temp name="T398"/><temp name="T441"/><temp name="T381"/><temp name="T447"/></temps></instruction><instruction code="OR T140, T369, 0"><temps name="use"><temp name="T369"/></temps><temps name="def"><temp name="T140"/></temps><temps name="in"><temp name="T423"/><temp name="T138"/><temp name="T390"/><temp name="T8"/><temp name="T453"/><temp name="T384"/><temp name="T457"/><temp name="T410"/><temp name="T469"/><temp name="T479"/><temp name="T139"/><temp name="T473"/><temp name="T484"/><temp name="T373"/><temp name="T429"/><temp name="T433"/><temp name="T132"/><temp name="T416"/><temp name="T490"/><temp name="T463"/><temp name="T124"/><temp name="T496"/><temp name="T405"/><temp name="T369"/><temp name="T398"/><temp name="T441"/><temp name="T381"/><temp name="T447"/></temps><temps name="out"><temp name="T140"/><temp name="T423"/><temp name="T138"/><temp name="T390"/><temp name="T8"/><temp name="T453"/><temp name="T384"/><temp name="T457"/><temp name="T410"/><temp name="T469"/><temp name="T479"/><temp name="T139"/><temp name="T473"/><temp name="T484"/><temp name="T373"/><temp name="T429"/><temp name="T433"/><temp name="T132"/><temp name="T416"/><temp name="T490"/><temp name="T463"/><temp name="T124"/><temp name="T496"/><temp name="T405"/><temp name="T398"/><temp name="T441"/><temp name="T381"/><temp name="T447"/></temps></instruction><instruction code="ADD T370, T139, T140"><temps name="use"><temp name="T139"/><temp name="T140"/></temps><temps name="def"><temp name="T370"/></temps><temps name="in"><temp name="T140"/><temp name="T423"/><temp name="T138"/><temp name="T390"/><temp name="T8"/><temp name="T453"/><temp name="T384"/><temp name="T457"/><temp name="T410"/><temp name="T469"/><temp name="T479"/><temp name="T139"/><temp name="T473"/><temp name="T484"/><temp name="T373"/><temp name="T429"/><temp name="T433"/><temp name="T132"/><temp name="T416"/><temp name="T490"/><temp name="T463"/><temp name="T124"/><temp name="T496"/><temp name="T405"/><temp name="T398"/><temp name="T441"/><temp name="T381"/><temp name="T447"/></temps><temps name="out"><temp name="T423"/><temp name="T138"/><temp name="T390"/><temp name="T8"/><temp name="T453"/><temp name="T384"/><temp name="T457"/><temp name="T410"/><temp name="T469"/><temp name="T479"/><temp name="T473"/><temp name="T370"/><temp name="T484"/><temp name="T373"/><temp name="T429"/><temp name="T433"/><temp name="T132"/><temp name="T416"/><temp name="T490"/><temp name="T463"/><temp name="T124"/><temp name="T496"/><temp name="T405"/><temp name="T398"/><temp name="T441"/><temp name="T381"/><temp name="T447"/></temps></instruction><instruction code="OR T141, T370, 0"><temps name="use"><temp name="T370"/></temps><temps name="def"><temp name="T141"/></temps><temps name="in"><temp name="T423"/><temp name="T138"/><temp name="T390"/><temp name="T8"/><temp name="T453"/><temp name="T384"/><temp name="T457"/><temp name="T410"/><temp name="T469"/><temp name="T479"/><temp name="T473"/><temp name="T370"/><temp name="T484"/><temp name="T373"/><temp name="T429"/><temp name="T433"/><temp name="T132"/><temp name="T416"/><temp name="T490"/><temp name="T463"/><temp name="T124"/><temp name="T496"/><temp name="T405"/><temp name="T398"/><temp name="T441"/><temp name="T381"/><temp name="T447"/></temps><temps name="out"><temp name="T141"/><temp name="T423"/><temp name="T138"/><temp name="T390"/><temp name="T8"/><temp name="T453"/><temp name="T384"/><temp name="T457"/><temp name="T410"/><temp name="T469"/><temp name="T479"/><temp name="T473"/><temp name="T484"/><temp name="T373"/><temp name="T429"/><temp name="T433"/><temp name="T132"/><temp name="T416"/><temp name="T490"/><temp name="T463"/><temp name="T124"/><temp name="T496"/><temp name="T405"/><temp name="T398"/><temp name="T441"/><temp name="T381"/><temp name="T447"/></temps></instruction><instruction code="SETL  T371, 8"><temps name="use"/><temps name="def"><temp name="T371"/></temps><temps name="in"><temp name="T141"/><temp name="T423"/><temp name="T138"/><temp name="T390"/><temp name="T8"/><temp name="T453"/><temp name="T384"/><temp name="T457"/><temp name="T410"/><temp name="T469"/><temp name="T479"/><temp name="T473"/><temp name="T484"/><temp name="T373"/><temp name="T429"/><temp name="T433"/><temp name="T132"/><temp name="T416"/><temp name="T490"/><temp name="T463"/><temp name="T124"/><temp name="T496"/><temp name="T405"/><temp name="T398"/><temp name="T441"/><temp name="T381"/><temp name="T447"/></temps><temps name="out"><temp name="T141"/><temp name="T423"/><temp name="T138"/><temp name="T390"/><temp name="T8"/><temp name="T453"/><temp name="T384"/><temp name="T457"/><temp name="T410"/><temp name="T469"/><temp name="T479"/><temp name="T473"/><temp name="T484"/><temp name="T373"/><temp name="T429"/><temp name="T433"/><temp name="T132"/><temp name="T416"/><temp name="T490"/><temp name="T463"/><temp name="T124"/><temp name="T496"/><temp name="T405"/><temp name="T398"/><temp name="T441"/><temp name="T381"/><temp name="T447"/></temps></instruction><instruction code="INCML T371, 0"><temps name="use"/><temps name="def"><temp name="T371"/></temps><temps name="in"><temp name="T141"/><temp name="T423"/><temp name="T138"/><temp name="T390"/><temp name="T8"/><temp name="T453"/><temp name="T384"/><temp name="T457"/><temp name="T410"/><temp name="T469"/><temp name="T479"/><temp name="T473"/><temp name="T484"/><temp name="T373"/><temp name="T429"/><temp name="T433"/><temp name="T132"/><temp name="T416"/><temp name="T490"/><temp name="T463"/><temp name="T124"/><temp name="T496"/><temp name="T405"/><temp name="T398"/><temp name="T441"/><temp name="T381"/><temp name="T447"/></temps><temps name="out"><temp name="T141"/><temp name="T423"/><temp name="T138"/><temp name="T390"/><temp name="T8"/><temp name="T453"/><temp name="T384"/><temp name="T457"/><temp name="T410"/><temp name="T469"/><temp name="T479"/><temp name="T473"/><temp name="T484"/><temp name="T373"/><temp name="T429"/><temp name="T433"/><temp name="T132"/><temp name="T416"/><temp name="T490"/><temp name="T463"/><temp name="T124"/><temp name="T496"/><temp name="T405"/><temp name="T398"/><temp name="T441"/><temp name="T381"/><temp name="T447"/></temps></instruction><instruction code="INCMH T371, 0"><temps name="use"/><temps name="def"><temp name="T371"/></temps><temps name="in"><temp name="T141"/><temp name="T423"/><temp name="T138"/><temp name="T390"/><temp name="T8"/><temp name="T453"/><temp name="T384"/><temp name="T457"/><temp name="T410"/><temp name="T469"/><temp name="T479"/><temp name="T473"/><temp name="T484"/><temp name="T373"/><temp name="T429"/><temp name="T433"/><temp name="T132"/><temp name="T416"/><temp name="T490"/><temp name="T463"/><temp name="T124"/><temp name="T496"/><temp name="T405"/><temp name="T398"/><temp name="T441"/><temp name="T381"/><temp name="T447"/></temps><temps name="out"><temp name="T141"/><temp name="T423"/><temp name="T138"/><temp name="T390"/><temp name="T8"/><temp name="T453"/><temp name="T384"/><temp name="T457"/><temp name="T410"/><temp name="T469"/><temp name="T479"/><temp name="T473"/><temp name="T484"/><temp name="T373"/><temp name="T429"/><temp name="T433"/><temp name="T132"/><temp name="T416"/><temp name="T490"/><temp name="T463"/><temp name="T124"/><temp name="T496"/><temp name="T405"/><temp name="T398"/><temp name="T441"/><temp name="T381"/><temp name="T447"/></temps></instruction><instruction code="INCH  T371, 0"><temps name="use"/><temps name="def"><temp name="T371"/></temps><temps name="in"><temp name="T141"/><temp name="T423"/><temp name="T138"/><temp name="T390"/><temp name="T8"/><temp name="T453"/><temp name="T384"/><temp name="T457"/><temp name="T410"/><temp name="T469"/><temp name="T479"/><temp name="T473"/><temp name="T484"/><temp name="T373"/><temp name="T429"/><temp name="T433"/><temp name="T132"/><temp name="T416"/><temp name="T490"/><temp name="T463"/><temp name="T124"/><temp name="T496"/><temp name="T405"/><temp name="T398"/><temp name="T441"/><temp name="T381"/><temp name="T447"/></temps><temps name="out"><temp name="T371"/><temp name="T141"/><temp name="T423"/><temp name="T138"/><temp name="T390"/><temp name="T8"/><temp name="T453"/><temp name="T384"/><temp name="T457"/><temp name="T410"/><temp name="T469"/><temp name="T479"/><temp name="T473"/><temp name="T484"/><temp name="T373"/><temp name="T429"/><temp name="T433"/><temp name="T132"/><temp name="T416"/><temp name="T490"/><temp name="T463"/><temp name="T124"/><temp name="T496"/><temp name="T405"/><temp name="T398"/><temp name="T441"/><temp name="T381"/><temp name="T447"/></temps></instruction><instruction code="OR T142, T371, 0"><temps name="use"><temp name="T371"/></temps><temps name="def"><temp name="T142"/></temps><temps name="in"><temp name="T371"/><temp name="T141"/><temp name="T423"/><temp name="T138"/><temp name="T390"/><temp name="T8"/><temp name="T453"/><temp name="T384"/><temp name="T457"/><temp name="T410"/><temp name="T469"/><temp name="T479"/><temp name="T473"/><temp name="T484"/><temp name="T373"/><temp name="T429"/><temp name="T433"/><temp name="T132"/><temp name="T416"/><temp name="T490"/><temp name="T463"/><temp name="T124"/><temp name="T496"/><temp name="T405"/><temp name="T398"/><temp name="T441"/><temp name="T381"/><temp name="T447"/></temps><temps name="out"><temp name="T141"/><temp name="T423"/><temp name="T138"/><temp name="T390"/><temp name="T8"/><temp name="T453"/><temp name="T384"/><temp name="T457"/><temp name="T410"/><temp name="T469"/><temp name="T142"/><temp name="T479"/><temp name="T473"/><temp name="T484"/><temp name="T373"/><temp name="T429"/><temp name="T433"/><temp name="T132"/><temp name="T416"/><temp name="T490"/><temp name="T463"/><temp name="T124"/><temp name="T496"/><temp name="T405"/><temp name="T398"/><temp name="T441"/><temp name="T381"/><temp name="T447"/></temps></instruction><instruction code="ADD T372, T141, T142"><temps name="use"><temp name="T141"/><temp name="T142"/></temps><temps name="def"><temp name="T372"/></temps><temps name="in"><temp name="T141"/><temp name="T423"/><temp name="T138"/><temp name="T390"/><temp name="T8"/><temp name="T453"/><temp name="T384"/><temp name="T457"/><temp name="T410"/><temp name="T469"/><temp name="T142"/><temp name="T479"/><temp name="T473"/><temp name="T484"/><temp name="T373"/><temp name="T429"/><temp name="T433"/><temp name="T132"/><temp name="T416"/><temp name="T490"/><temp name="T463"/><temp name="T124"/><temp name="T496"/><temp name="T405"/><temp name="T398"/><temp name="T441"/><temp name="T381"/><temp name="T447"/></temps><temps name="out"><temp name="T423"/><temp name="T138"/><temp name="T390"/><temp name="T8"/><temp name="T453"/><temp name="T384"/><temp name="T457"/><temp name="T410"/><temp name="T469"/><temp name="T479"/><temp name="T473"/><temp name="T484"/><temp name="T373"/><temp name="T429"/><temp name="T433"/><temp name="T132"/><temp name="T372"/><temp name="T416"/><temp name="T490"/><temp name="T463"/><temp name="T124"/><temp name="T496"/><temp name="T405"/><temp name="T398"/><temp name="T441"/><temp name="T381"/><temp name="T447"/></temps></instruction><instruction code="OR T143, T372, 0"><temps name="use"><temp name="T372"/></temps><temps name="def"><temp name="T143"/></temps><temps name="in"><temp name="T423"/><temp name="T138"/><temp name="T390"/><temp name="T8"/><temp name="T453"/><temp name="T384"/><temp name="T457"/><temp name="T410"/><temp name="T469"/><temp name="T479"/><temp name="T473"/><temp name="T484"/><temp name="T373"/><temp name="T429"/><temp name="T433"/><temp name="T132"/><temp name="T372"/><temp name="T416"/><temp name="T490"/><temp name="T463"/><temp name="T124"/><temp name="T496"/><temp name="T405"/><temp name="T398"/><temp name="T441"/><temp name="T381"/><temp name="T447"/></temps><temps name="out"><temp name="T423"/><temp name="T138"/><temp name="T390"/><temp name="T8"/><temp name="T453"/><temp name="T384"/><temp name="T457"/><temp name="T410"/><temp name="T469"/><temp name="T479"/><temp name="T473"/><temp name="T484"/><temp name="T373"/><temp name="T429"/><temp name="T433"/><temp name="T132"/><temp name="T416"/><temp name="T490"/><temp name="T463"/><temp name="T124"/><temp name="T496"/><temp name="T405"/><temp name="T398"/><temp name="T441"/><temp name="T381"/><temp name="T447"/></temps></instruction><instruction code="LDO T374, T373, 0"><temps name="use"><temp name="T373"/></temps><temps name="def"><temp name="T374"/></temps><temps name="in"><temp name="T423"/><temp name="T138"/><temp name="T390"/><temp name="T8"/><temp name="T453"/><temp name="T384"/><temp name="T457"/><temp name="T410"/><temp name="T469"/><temp name="T479"/><temp name="T473"/><temp name="T484"/><temp name="T373"/><temp name="T429"/><temp name="T433"/><temp name="T132"/><temp name="T416"/><temp name="T490"/><temp name="T463"/><temp name="T124"/><temp name="T496"/><temp name="T405"/><temp name="T398"/><temp name="T441"/><temp name="T381"/><temp name="T447"/></temps><temps name="out"><temp name="T423"/><temp name="T138"/><temp name="T390"/><temp name="T8"/><temp name="T453"/><temp name="T384"/><temp name="T457"/><temp name="T410"/><temp name="T374"/><temp name="T469"/><temp name="T479"/><temp name="T473"/><temp name="T484"/><temp name="T429"/><temp name="T433"/><temp name="T132"/><temp name="T416"/><temp name="T490"/><temp name="T463"/><temp name="T124"/><temp name="T496"/><temp name="T405"/><temp name="T398"/><temp name="T441"/><temp name="T381"/><temp name="T447"/></temps></instruction><instruction code="OR T144, T374, 0"><temps name="use"><temp name="T374"/></temps><temps name="def"><temp name="T144"/></temps><temps name="in"><temp name="T423"/><temp name="T138"/><temp name="T390"/><temp name="T8"/><temp name="T453"/><temp name="T384"/><temp name="T457"/><temp name="T410"/><temp name="T374"/><temp name="T469"/><temp name="T479"/><temp name="T473"/><temp name="T484"/><temp name="T429"/><temp name="T433"/><temp name="T132"/><temp name="T416"/><temp name="T490"/><temp name="T463"/><temp name="T124"/><temp name="T496"/><temp name="T405"/><temp name="T398"/><temp name="T441"/><temp name="T381"/><temp name="T447"/></temps><temps name="out"><temp name="T423"/><temp name="T138"/><temp name="T390"/><temp name="T8"/><temp name="T453"/><temp name="T384"/><temp name="T457"/><temp name="T410"/><temp name="T469"/><temp name="T479"/><temp name="T473"/><temp name="T484"/><temp name="T429"/><temp name="T433"/><temp name="T132"/><temp name="T416"/><temp name="T490"/><temp name="T463"/><temp name="T124"/><temp name="T144"/><temp name="T496"/><temp name="T405"/><temp name="T398"/><temp name="T441"/><temp name="T381"/><temp name="T447"/></temps></instruction><instruction code="SETL  T375, 1"><temps name="use"/><temps name="def"><temp name="T375"/></temps><temps name="in"><temp name="T423"/><temp name="T138"/><temp name="T390"/><temp name="T8"/><temp name="T453"/><temp name="T384"/><temp name="T457"/><temp name="T410"/><temp name="T469"/><temp name="T479"/><temp name="T473"/><temp name="T484"/><temp name="T429"/><temp name="T433"/><temp name="T132"/><temp name="T416"/><temp name="T490"/><temp name="T463"/><temp name="T124"/><temp name="T144"/><temp name="T496"/><temp name="T405"/><temp name="T398"/><temp name="T441"/><temp name="T381"/><temp name="T447"/></temps><temps name="out"><temp name="T423"/><temp name="T138"/><temp name="T390"/><temp name="T8"/><temp name="T453"/><temp name="T384"/><temp name="T457"/><temp name="T410"/><temp name="T469"/><temp name="T479"/><temp name="T473"/><temp name="T484"/><temp name="T429"/><temp name="T433"/><temp name="T132"/><temp name="T416"/><temp name="T490"/><temp name="T463"/><temp name="T124"/><temp name="T144"/><temp name="T496"/><temp name="T405"/><temp name="T398"/><temp name="T441"/><temp name="T381"/><temp name="T447"/></temps></instruction><instruction code="INCML T375, 0"><temps name="use"/><temps name="def"><temp name="T375"/></temps><temps name="in"><temp name="T423"/><temp name="T138"/><temp name="T390"/><temp name="T8"/><temp name="T453"/><temp name="T384"/><temp name="T457"/><temp name="T410"/><temp name="T469"/><temp name="T479"/><temp name="T473"/><temp name="T484"/><temp name="T429"/><temp name="T433"/><temp name="T132"/><temp name="T416"/><temp name="T490"/><temp name="T463"/><temp name="T124"/><temp name="T144"/><temp name="T496"/><temp name="T405"/><temp name="T398"/><temp name="T441"/><temp name="T381"/><temp name="T447"/></temps><temps name="out"><temp name="T423"/><temp name="T138"/><temp name="T390"/><temp name="T8"/><temp name="T453"/><temp name="T384"/><temp name="T457"/><temp name="T410"/><temp name="T469"/><temp name="T479"/><temp name="T473"/><temp name="T484"/><temp name="T429"/><temp name="T433"/><temp name="T132"/><temp name="T416"/><temp name="T490"/><temp name="T463"/><temp name="T124"/><temp name="T144"/><temp name="T496"/><temp name="T405"/><temp name="T398"/><temp name="T441"/><temp name="T381"/><temp name="T447"/></temps></instruction><instruction code="INCMH T375, 0"><temps name="use"/><temps name="def"><temp name="T375"/></temps><temps name="in"><temp name="T423"/><temp name="T138"/><temp name="T390"/><temp name="T8"/><temp name="T453"/><temp name="T384"/><temp name="T457"/><temp name="T410"/><temp name="T469"/><temp name="T479"/><temp name="T473"/><temp name="T484"/><temp name="T429"/><temp name="T433"/><temp name="T132"/><temp name="T416"/><temp name="T490"/><temp name="T463"/><temp name="T124"/><temp name="T144"/><temp name="T496"/><temp name="T405"/><temp name="T398"/><temp name="T441"/><temp name="T381"/><temp name="T447"/></temps><temps name="out"><temp name="T423"/><temp name="T138"/><temp name="T390"/><temp name="T8"/><temp name="T453"/><temp name="T384"/><temp name="T457"/><temp name="T410"/><temp name="T469"/><temp name="T479"/><temp name="T473"/><temp name="T484"/><temp name="T429"/><temp name="T433"/><temp name="T132"/><temp name="T416"/><temp name="T490"/><temp name="T463"/><temp name="T124"/><temp name="T144"/><temp name="T496"/><temp name="T405"/><temp name="T398"/><temp name="T441"/><temp name="T381"/><temp name="T447"/></temps></instruction><instruction code="INCH  T375, 0"><temps name="use"/><temps name="def"><temp name="T375"/></temps><temps name="in"><temp name="T423"/><temp name="T138"/><temp name="T390"/><temp name="T8"/><temp name="T453"/><temp name="T384"/><temp name="T457"/><temp name="T410"/><temp name="T469"/><temp name="T479"/><temp name="T473"/><temp name="T484"/><temp name="T429"/><temp name="T433"/><temp name="T132"/><temp name="T416"/><temp name="T490"/><temp name="T463"/><temp name="T124"/><temp name="T144"/><temp name="T496"/><temp name="T405"/><temp name="T398"/><temp name="T441"/><temp name="T381"/><temp name="T447"/></temps><temps name="out"><temp name="T423"/><temp name="T138"/><temp name="T390"/><temp name="T8"/><temp name="T453"/><temp name="T384"/><temp name="T457"/><temp name="T410"/><temp name="T469"/><temp name="T479"/><temp name="T473"/><temp name="T484"/><temp name="T429"/><temp name="T433"/><temp name="T132"/><temp name="T416"/><temp name="T490"/><temp name="T375"/><temp name="T463"/><temp name="T124"/><temp name="T144"/><temp name="T496"/><temp name="T405"/><temp name="T398"/><temp name="T441"/><temp name="T381"/><temp name="T447"/></temps></instruction><instruction code="OR T145, T375, 0"><temps name="use"><temp name="T375"/></temps><temps name="def"><temp name="T145"/></temps><temps name="in"><temp name="T423"/><temp name="T138"/><temp name="T390"/><temp name="T8"/><temp name="T453"/><temp name="T384"/><temp name="T457"/><temp name="T410"/><temp name="T469"/><temp name="T479"/><temp name="T473"/><temp name="T484"/><temp name="T429"/><temp name="T433"/><temp name="T132"/><temp name="T416"/><temp name="T490"/><temp name="T375"/><temp name="T463"/><temp name="T124"/><temp name="T144"/><temp name="T496"/><temp name="T405"/><temp name="T398"/><temp name="T441"/><temp name="T381"/><temp name="T447"/></temps><temps name="out"><temp name="T145"/><temp name="T423"/><temp name="T138"/><temp name="T390"/><temp name="T8"/><temp name="T453"/><temp name="T384"/><temp name="T457"/><temp name="T410"/><temp name="T469"/><temp name="T479"/><temp name="T473"/><temp name="T484"/><temp name="T429"/><temp name="T433"/><temp name="T132"/><temp name="T416"/><temp name="T490"/><temp name="T463"/><temp name="T124"/><temp name="T144"/><temp name="T496"/><temp name="T405"/><temp name="T398"/><temp name="T441"/><temp name="T381"/><temp name="T447"/></temps></instruction><instruction code="NEG T376, 0, T145"><temps name="use"><temp name="T145"/></temps><temps name="def"><temp name="T376"/></temps><temps name="in"><temp name="T145"/><temp name="T423"/><temp name="T138"/><temp name="T390"/><temp name="T8"/><temp name="T453"/><temp name="T384"/><temp name="T457"/><temp name="T410"/><temp name="T469"/><temp name="T479"/><temp name="T473"/><temp name="T484"/><temp name="T429"/><temp name="T433"/><temp name="T132"/><temp name="T416"/><temp name="T490"/><temp name="T463"/><temp name="T124"/><temp name="T144"/><temp name="T496"/><temp name="T405"/><temp name="T398"/><temp name="T441"/><temp name="T381"/><temp name="T447"/></temps><temps name="out"><temp name="T423"/><temp name="T138"/><temp name="T390"/><temp name="T8"/><temp name="T453"/><temp name="T384"/><temp name="T457"/><temp name="T410"/><temp name="T469"/><temp name="T376"/><temp name="T479"/><temp name="T473"/><temp name="T484"/><temp name="T429"/><temp name="T433"/><temp name="T132"/><temp name="T416"/><temp name="T490"/><temp name="T463"/><temp name="T124"/><temp name="T144"/><temp name="T496"/><temp name="T405"/><temp name="T398"/><temp name="T441"/><temp name="T381"/><temp name="T447"/></temps></instruction><instruction code="OR T146, T376, 0"><temps name="use"><temp name="T376"/></temps><temps name="def"><temp name="T146"/></temps><temps name="in"><temp name="T423"/><temp name="T138"/><temp name="T390"/><temp name="T8"/><temp name="T453"/><temp name="T384"/><temp name="T457"/><temp name="T410"/><temp name="T469"/><temp name="T376"/><temp name="T479"/><temp name="T473"/><temp name="T484"/><temp name="T429"/><temp name="T433"/><temp name="T132"/><temp name="T416"/><temp name="T490"/><temp name="T463"/><temp name="T124"/><temp name="T144"/><temp name="T496"/><temp name="T405"/><temp name="T398"/><temp name="T441"/><temp name="T381"/><temp name="T447"/></temps><temps name="out"><temp name="T423"/><temp name="T138"/><temp name="T390"/><temp name="T8"/><temp name="T453"/><temp name="T384"/><temp name="T457"/><temp name="T410"/><temp name="T469"/><temp name="T146"/><temp name="T479"/><temp name="T473"/><temp name="T484"/><temp name="T429"/><temp name="T433"/><temp name="T132"/><temp name="T416"/><temp name="T490"/><temp name="T463"/><temp name="T124"/><temp name="T144"/><temp name="T496"/><temp name="T405"/><temp name="T398"/><temp name="T441"/><temp name="T381"/><temp name="T447"/></temps></instruction><instruction code="SETL  T377, 17"><temps name="use"/><temps name="def"><temp name="T377"/></temps><temps name="in"><temp name="T423"/><temp name="T138"/><temp name="T390"/><temp name="T8"/><temp name="T453"/><temp name="T384"/><temp name="T457"/><temp name="T410"/><temp name="T469"/><temp name="T146"/><temp name="T479"/><temp name="T473"/><temp name="T484"/><temp name="T429"/><temp name="T433"/><temp name="T132"/><temp name="T416"/><temp name="T490"/><temp name="T463"/><temp name="T124"/><temp name="T144"/><temp name="T496"/><temp name="T405"/><temp name="T398"/><temp name="T441"/><temp name="T381"/><temp name="T447"/></temps><temps name="out"><temp name="T423"/><temp name="T138"/><temp name="T390"/><temp name="T8"/><temp name="T453"/><temp name="T384"/><temp name="T457"/><temp name="T410"/><temp name="T469"/><temp name="T146"/><temp name="T479"/><temp name="T473"/><temp name="T484"/><temp name="T429"/><temp name="T433"/><temp name="T132"/><temp name="T416"/><temp name="T490"/><temp name="T463"/><temp name="T124"/><temp name="T144"/><temp name="T496"/><temp name="T405"/><temp name="T398"/><temp name="T441"/><temp name="T381"/><temp name="T447"/></temps></instruction><instruction code="INCML T377, 0"><temps name="use"/><temps name="def"><temp name="T377"/></temps><temps name="in"><temp name="T423"/><temp name="T138"/><temp name="T390"/><temp name="T8"/><temp name="T453"/><temp name="T384"/><temp name="T457"/><temp name="T410"/><temp name="T469"/><temp name="T146"/><temp name="T479"/><temp name="T473"/><temp name="T484"/><temp name="T429"/><temp name="T433"/><temp name="T132"/><temp name="T416"/><temp name="T490"/><temp name="T463"/><temp name="T124"/><temp name="T144"/><temp name="T496"/><temp name="T405"/><temp name="T398"/><temp name="T441"/><temp name="T381"/><temp name="T447"/></temps><temps name="out"><temp name="T423"/><temp name="T138"/><temp name="T390"/><temp name="T8"/><temp name="T453"/><temp name="T384"/><temp name="T457"/><temp name="T410"/><temp name="T469"/><temp name="T146"/><temp name="T479"/><temp name="T473"/><temp name="T484"/><temp name="T429"/><temp name="T433"/><temp name="T132"/><temp name="T416"/><temp name="T490"/><temp name="T463"/><temp name="T124"/><temp name="T144"/><temp name="T496"/><temp name="T405"/><temp name="T398"/><temp name="T441"/><temp name="T381"/><temp name="T447"/></temps></instruction><instruction code="INCMH T377, 0"><temps name="use"/><temps name="def"><temp name="T377"/></temps><temps name="in"><temp name="T423"/><temp name="T138"/><temp name="T390"/><temp name="T8"/><temp name="T453"/><temp name="T384"/><temp name="T457"/><temp name="T410"/><temp name="T469"/><temp name="T146"/><temp name="T479"/><temp name="T473"/><temp name="T484"/><temp name="T429"/><temp name="T433"/><temp name="T132"/><temp name="T416"/><temp name="T490"/><temp name="T463"/><temp name="T124"/><temp name="T144"/><temp name="T496"/><temp name="T405"/><temp name="T398"/><temp name="T441"/><temp name="T381"/><temp name="T447"/></temps><temps name="out"><temp name="T423"/><temp name="T138"/><temp name="T390"/><temp name="T8"/><temp name="T453"/><temp name="T384"/><temp name="T457"/><temp name="T410"/><temp name="T469"/><temp name="T146"/><temp name="T479"/><temp name="T473"/><temp name="T484"/><temp name="T429"/><temp name="T433"/><temp name="T132"/><temp name="T416"/><temp name="T490"/><temp name="T463"/><temp name="T124"/><temp name="T144"/><temp name="T496"/><temp name="T405"/><temp name="T398"/><temp name="T441"/><temp name="T381"/><temp name="T447"/></temps></instruction><instruction code="INCH  T377, 0"><temps name="use"/><temps name="def"><temp name="T377"/></temps><temps name="in"><temp name="T423"/><temp name="T138"/><temp name="T390"/><temp name="T8"/><temp name="T453"/><temp name="T384"/><temp name="T457"/><temp name="T410"/><temp name="T469"/><temp name="T146"/><temp name="T479"/><temp name="T473"/><temp name="T484"/><temp name="T429"/><temp name="T433"/><temp name="T132"/><temp name="T416"/><temp name="T490"/><temp name="T463"/><temp name="T124"/><temp name="T144"/><temp name="T496"/><temp name="T405"/><temp name="T398"/><temp name="T441"/><temp name="T381"/><temp name="T447"/></temps><temps name="out"><temp name="T423"/><temp name="T138"/><temp name="T390"/><temp name="T377"/><temp name="T8"/><temp name="T453"/><temp name="T384"/><temp name="T457"/><temp name="T410"/><temp name="T469"/><temp name="T146"/><temp name="T479"/><temp name="T473"/><temp name="T484"/><temp name="T429"/><temp name="T433"/><temp name="T132"/><temp name="T416"/><temp name="T490"/><temp name="T463"/><temp name="T124"/><temp name="T144"/><temp name="T496"/><temp name="T405"/><temp name="T398"/><temp name="T441"/><temp name="T381"/><temp name="T447"/></temps></instruction><instruction code="OR T147, T377, 0"><temps name="use"><temp name="T377"/></temps><temps name="def"><temp name="T147"/></temps><temps name="in"><temp name="T423"/><temp name="T138"/><temp name="T390"/><temp name="T377"/><temp name="T8"/><temp name="T453"/><temp name="T384"/><temp name="T457"/><temp name="T410"/><temp name="T469"/><temp name="T146"/><temp name="T479"/><temp name="T473"/><temp name="T484"/><temp name="T429"/><temp name="T433"/><temp name="T132"/><temp name="T416"/><temp name="T490"/><temp name="T463"/><temp name="T124"/><temp name="T144"/><temp name="T496"/><temp name="T405"/><temp name="T398"/><temp name="T441"/><temp name="T381"/><temp name="T447"/></temps><temps name="out"><temp name="T423"/><temp name="T138"/><temp name="T390"/><temp name="T8"/><temp name="T453"/><temp name="T384"/><temp name="T457"/><temp name="T410"/><temp name="T469"/><temp name="T146"/><temp name="T479"/><temp name="T473"/><temp name="T484"/><temp name="T429"/><temp name="T433"/><temp name="T132"/><temp name="T416"/><temp name="T490"/><temp name="T463"/><temp name="T124"/><temp name="T144"/><temp name="T496"/><temp name="T405"/><temp name="T147"/><temp name="T398"/><temp name="T441"/><temp name="T381"/><temp name="T447"/></temps></instruction><instruction code="SETL  T378, 5"><temps name="use"/><temps name="def"><temp name="T378"/></temps><temps name="in"><temp name="T423"/><temp name="T138"/><temp name="T390"/><temp name="T8"/><temp name="T453"/><temp name="T384"/><temp name="T457"/><temp name="T410"/><temp name="T469"/><temp name="T146"/><temp name="T479"/><temp name="T473"/><temp name="T484"/><temp name="T429"/><temp name="T433"/><temp name="T132"/><temp name="T416"/><temp name="T490"/><temp name="T463"/><temp name="T124"/><temp name="T144"/><temp name="T496"/><temp name="T405"/><temp name="T147"/><temp name="T398"/><temp name="T441"/><temp name="T381"/><temp name="T447"/></temps><temps name="out"><temp name="T423"/><temp name="T138"/><temp name="T390"/><temp name="T8"/><temp name="T453"/><temp name="T384"/><temp name="T457"/><temp name="T410"/><temp name="T469"/><temp name="T146"/><temp name="T479"/><temp name="T473"/><temp name="T484"/><temp name="T429"/><temp name="T433"/><temp name="T132"/><temp name="T416"/><temp name="T490"/><temp name="T463"/><temp name="T124"/><temp name="T144"/><temp name="T496"/><temp name="T405"/><temp name="T147"/><temp name="T398"/><temp name="T441"/><temp name="T381"/><temp name="T447"/></temps></instruction><instruction code="INCML T378, 0"><temps name="use"/><temps name="def"><temp name="T378"/></temps><temps name="in"><temp name="T423"/><temp name="T138"/><temp name="T390"/><temp name="T8"/><temp name="T453"/><temp name="T384"/><temp name="T457"/><temp name="T410"/><temp name="T469"/><temp name="T146"/><temp name="T479"/><temp name="T473"/><temp name="T484"/><temp name="T429"/><temp name="T433"/><temp name="T132"/><temp name="T416"/><temp name="T490"/><temp name="T463"/><temp name="T124"/><temp name="T144"/><temp name="T496"/><temp name="T405"/><temp name="T147"/><temp name="T398"/><temp name="T441"/><temp name="T381"/><temp name="T447"/></temps><temps name="out"><temp name="T423"/><temp name="T138"/><temp name="T390"/><temp name="T8"/><temp name="T453"/><temp name="T384"/><temp name="T457"/><temp name="T410"/><temp name="T469"/><temp name="T146"/><temp name="T479"/><temp name="T473"/><temp name="T484"/><temp name="T429"/><temp name="T433"/><temp name="T132"/><temp name="T416"/><temp name="T490"/><temp name="T463"/><temp name="T124"/><temp name="T144"/><temp name="T496"/><temp name="T405"/><temp name="T147"/><temp name="T398"/><temp name="T441"/><temp name="T381"/><temp name="T447"/></temps></instruction><instruction code="INCMH T378, 0"><temps name="use"/><temps name="def"><temp name="T378"/></temps><temps name="in"><temp name="T423"/><temp name="T138"/><temp name="T390"/><temp name="T8"/><temp name="T453"/><temp name="T384"/><temp name="T457"/><temp name="T410"/><temp name="T469"/><temp name="T146"/><temp name="T479"/><temp name="T473"/><temp name="T484"/><temp name="T429"/><temp name="T433"/><temp name="T132"/><temp name="T416"/><temp name="T490"/><temp name="T463"/><temp name="T124"/><temp name="T144"/><temp name="T496"/><temp name="T405"/><temp name="T147"/><temp name="T398"/><temp name="T441"/><temp name="T381"/><temp name="T447"/></temps><temps name="out"><temp name="T423"/><temp name="T138"/><temp name="T390"/><temp name="T8"/><temp name="T453"/><temp name="T384"/><temp name="T457"/><temp name="T410"/><temp name="T469"/><temp name="T146"/><temp name="T479"/><temp name="T473"/><temp name="T484"/><temp name="T429"/><temp name="T433"/><temp name="T132"/><temp name="T416"/><temp name="T490"/><temp name="T463"/><temp name="T124"/><temp name="T144"/><temp name="T496"/><temp name="T405"/><temp name="T147"/><temp name="T398"/><temp name="T441"/><temp name="T381"/><temp name="T447"/></temps></instruction><instruction code="INCH  T378, 0"><temps name="use"/><temps name="def"><temp name="T378"/></temps><temps name="in"><temp name="T423"/><temp name="T138"/><temp name="T390"/><temp name="T8"/><temp name="T453"/><temp name="T384"/><temp name="T457"/><temp name="T410"/><temp name="T469"/><temp name="T146"/><temp name="T479"/><temp name="T473"/><temp name="T484"/><temp name="T429"/><temp name="T433"/><temp name="T132"/><temp name="T416"/><temp name="T490"/><temp name="T463"/><temp name="T124"/><temp name="T144"/><temp name="T496"/><temp name="T405"/><temp name="T147"/><temp name="T398"/><temp name="T441"/><temp name="T381"/><temp name="T447"/></temps><temps name="out"><temp name="T423"/><temp name="T138"/><temp name="T390"/><temp name="T8"/><temp name="T453"/><temp name="T384"/><temp name="T457"/><temp name="T410"/><temp name="T469"/><temp name="T146"/><temp name="T479"/><temp name="T473"/><temp name="T484"/><temp name="T429"/><temp name="T433"/><temp name="T132"/><temp name="T416"/><temp name="T490"/><temp name="T463"/><temp name="T124"/><temp name="T144"/><temp name="T496"/><temp name="T405"/><temp name="T147"/><temp name="T378"/><temp name="T398"/><temp name="T441"/><temp name="T381"/><temp name="T447"/></temps></instruction><instruction code="OR T148, T378, 0"><temps name="use"><temp name="T378"/></temps><temps name="def"><temp name="T148"/></temps><temps name="in"><temp name="T423"/><temp name="T138"/><temp name="T390"/><temp name="T8"/><temp name="T453"/><temp name="T384"/><temp name="T457"/><temp name="T410"/><temp name="T469"/><temp name="T146"/><temp name="T479"/><temp name="T473"/><temp name="T484"/><temp name="T429"/><temp name="T433"/><temp name="T132"/><temp name="T416"/><temp name="T490"/><temp name="T463"/><temp name="T124"/><temp name="T144"/><temp name="T496"/><temp name="T405"/><temp name="T147"/><temp name="T378"/><temp name="T398"/><temp name="T441"/><temp name="T381"/><temp name="T447"/></temps><temps name="out"><temp name="T423"/><temp name="T138"/><temp name="T390"/><temp name="T8"/><temp name="T453"/><temp name="T384"/><temp name="T457"/><temp name="T410"/><temp name="T469"/><temp name="T146"/><temp name="T479"/><temp name="T473"/><temp name="T484"/><temp name="T429"/><temp name="T433"/><temp name="T132"/><temp name="T416"/><temp name="T490"/><temp name="T463"/><temp name="T124"/><temp name="T148"/><temp name="T144"/><temp name="T496"/><temp name="T405"/><temp name="T147"/><temp name="T398"/><temp name="T441"/><temp name="T381"/><temp name="T447"/></temps></instruction><instruction code="SETL  T379, 6"><temps name="use"/><temps name="def"><temp name="T379"/></temps><temps name="in"><temp name="T423"/><temp name="T138"/><temp name="T390"/><temp name="T8"/><temp name="T453"/><temp name="T384"/><temp name="T457"/><temp name="T410"/><temp name="T469"/><temp name="T146"/><temp name="T479"/><temp name="T473"/><temp name="T484"/><temp name="T429"/><temp name="T433"/><temp name="T132"/><temp name="T416"/><temp name="T490"/><temp name="T463"/><temp name="T124"/><temp name="T148"/><temp name="T144"/><temp name="T496"/><temp name="T405"/><temp name="T147"/><temp name="T398"/><temp name="T441"/><temp name="T381"/><temp name="T447"/></temps><temps name="out"><temp name="T423"/><temp name="T138"/><temp name="T390"/><temp name="T8"/><temp name="T453"/><temp name="T384"/><temp name="T457"/><temp name="T410"/><temp name="T469"/><temp name="T146"/><temp name="T479"/><temp name="T473"/><temp name="T484"/><temp name="T429"/><temp name="T433"/><temp name="T132"/><temp name="T416"/><temp name="T490"/><temp name="T463"/><temp name="T124"/><temp name="T148"/><temp name="T144"/><temp name="T496"/><temp name="T405"/><temp name="T147"/><temp name="T398"/><temp name="T441"/><temp name="T381"/><temp name="T447"/></temps></instruction><instruction code="INCML T379, 0"><temps name="use"/><temps name="def"><temp name="T379"/></temps><temps name="in"><temp name="T423"/><temp name="T138"/><temp name="T390"/><temp name="T8"/><temp name="T453"/><temp name="T384"/><temp name="T457"/><temp name="T410"/><temp name="T469"/><temp name="T146"/><temp name="T479"/><temp name="T473"/><temp name="T484"/><temp name="T429"/><temp name="T433"/><temp name="T132"/><temp name="T416"/><temp name="T490"/><temp name="T463"/><temp name="T124"/><temp name="T148"/><temp name="T144"/><temp name="T496"/><temp name="T405"/><temp name="T147"/><temp name="T398"/><temp name="T441"/><temp name="T381"/><temp name="T447"/></temps><temps name="out"><temp name="T423"/><temp name="T138"/><temp name="T390"/><temp name="T8"/><temp name="T453"/><temp name="T384"/><temp name="T457"/><temp name="T410"/><temp name="T469"/><temp name="T146"/><temp name="T479"/><temp name="T473"/><temp name="T484"/><temp name="T429"/><temp name="T433"/><temp name="T132"/><temp name="T416"/><temp name="T490"/><temp name="T463"/><temp name="T124"/><temp name="T148"/><temp name="T144"/><temp name="T496"/><temp name="T405"/><temp name="T147"/><temp name="T398"/><temp name="T441"/><temp name="T381"/><temp name="T447"/></temps></instruction><instruction code="INCMH T379, 0"><temps name="use"/><temps name="def"><temp name="T379"/></temps><temps name="in"><temp name="T423"/><temp name="T138"/><temp name="T390"/><temp name="T8"/><temp name="T453"/><temp name="T384"/><temp name="T457"/><temp name="T410"/><temp name="T469"/><temp name="T146"/><temp name="T479"/><temp name="T473"/><temp name="T484"/><temp name="T429"/><temp name="T433"/><temp name="T132"/><temp name="T416"/><temp name="T490"/><temp name="T463"/><temp name="T124"/><temp name="T148"/><temp name="T144"/><temp name="T496"/><temp name="T405"/><temp name="T147"/><temp name="T398"/><temp name="T441"/><temp name="T381"/><temp name="T447"/></temps><temps name="out"><temp name="T423"/><temp name="T138"/><temp name="T390"/><temp name="T8"/><temp name="T453"/><temp name="T384"/><temp name="T457"/><temp name="T410"/><temp name="T469"/><temp name="T146"/><temp name="T479"/><temp name="T473"/><temp name="T484"/><temp name="T429"/><temp name="T433"/><temp name="T132"/><temp name="T416"/><temp name="T490"/><temp name="T463"/><temp name="T124"/><temp name="T148"/><temp name="T144"/><temp name="T496"/><temp name="T405"/><temp name="T147"/><temp name="T398"/><temp name="T441"/><temp name="T381"/><temp name="T447"/></temps></instruction><instruction code="INCH  T379, 0"><temps name="use"/><temps name="def"><temp name="T379"/></temps><temps name="in"><temp name="T423"/><temp name="T138"/><temp name="T390"/><temp name="T8"/><temp name="T453"/><temp name="T384"/><temp name="T457"/><temp name="T410"/><temp name="T469"/><temp name="T146"/><temp name="T479"/><temp name="T473"/><temp name="T484"/><temp name="T429"/><temp name="T433"/><temp name="T132"/><temp name="T416"/><temp name="T490"/><temp name="T463"/><temp name="T124"/><temp name="T148"/><temp name="T144"/><temp name="T496"/><temp name="T405"/><temp name="T147"/><temp name="T398"/><temp name="T441"/><temp name="T381"/><temp name="T447"/></temps><temps name="out"><temp name="T423"/><temp name="T138"/><temp name="T390"/><temp name="T8"/><temp name="T453"/><temp name="T384"/><temp name="T457"/><temp name="T410"/><temp name="T469"/><temp name="T146"/><temp name="T479"/><temp name="T473"/><temp name="T484"/><temp name="T429"/><temp name="T433"/><temp name="T379"/><temp name="T132"/><temp name="T416"/><temp name="T490"/><temp name="T463"/><temp name="T124"/><temp name="T148"/><temp name="T144"/><temp name="T496"/><temp name="T405"/><temp name="T147"/><temp name="T398"/><temp name="T441"/><temp name="T381"/><temp name="T447"/></temps></instruction><instruction code="OR T149, T379, 0"><temps name="use"><temp name="T379"/></temps><temps name="def"><temp name="T149"/></temps><temps name="in"><temp name="T423"/><temp name="T138"/><temp name="T390"/><temp name="T8"/><temp name="T453"/><temp name="T384"/><temp name="T457"/><temp name="T410"/><temp name="T469"/><temp name="T146"/><temp name="T479"/><temp name="T473"/><temp name="T484"/><temp name="T429"/><temp name="T433"/><temp name="T379"/><temp name="T132"/><temp name="T416"/><temp name="T490"/><temp name="T463"/><temp name="T124"/><temp name="T148"/><temp name="T144"/><temp name="T496"/><temp name="T405"/><temp name="T147"/><temp name="T398"/><temp name="T441"/><temp name="T381"/><temp name="T447"/></temps><temps name="out"><temp name="T423"/><temp name="T138"/><temp name="T390"/><temp name="T8"/><temp name="T453"/><temp name="T384"/><temp name="T457"/><temp name="T410"/><temp name="T469"/><temp name="T149"/><temp name="T146"/><temp name="T479"/><temp name="T473"/><temp name="T484"/><temp name="T429"/><temp name="T433"/><temp name="T132"/><temp name="T416"/><temp name="T490"/><temp name="T463"/><temp name="T124"/><temp name="T148"/><temp name="T144"/><temp name="T496"/><temp name="T405"/><temp name="T147"/><temp name="T398"/><temp name="T441"/><temp name="T381"/><temp name="T447"/></temps></instruction><instruction code="LDA T380, _ptt"><temps name="use"/><temps name="def"><temp name="T380"/></temps><temps name="in"><temp name="T423"/><temp name="T138"/><temp name="T390"/><temp name="T8"/><temp name="T453"/><temp name="T384"/><temp name="T457"/><temp name="T410"/><temp name="T469"/><temp name="T149"/><temp name="T146"/><temp name="T479"/><temp name="T473"/><temp name="T484"/><temp name="T429"/><temp name="T433"/><temp name="T132"/><temp name="T416"/><temp name="T490"/><temp name="T463"/><temp name="T124"/><temp name="T148"/><temp name="T144"/><temp name="T496"/><temp name="T405"/><temp name="T147"/><temp name="T398"/><temp name="T441"/><temp name="T381"/><temp name="T447"/></temps><temps name="out"><temp name="T423"/><temp name="T138"/><temp name="T390"/><temp name="T8"/><temp name="T453"/><temp name="T384"/><temp name="T457"/><temp name="T410"/><temp name="T469"/><temp name="T149"/><temp name="T380"/><temp name="T146"/><temp name="T479"/><temp name="T473"/><temp name="T484"/><temp name="T429"/><temp name="T433"/><temp name="T132"/><temp name="T416"/><temp name="T490"/><temp name="T463"/><temp name="T124"/><temp name="T148"/><temp name="T144"/><temp name="T496"/><temp name="T405"/><temp name="T147"/><temp name="T398"/><temp name="T441"/><temp name="T381"/><temp name="T447"/></temps></instruction><instruction code="OR T150, T380, 0"><temps name="use"><temp name="T380"/></temps><temps name="def"><temp name="T150"/></temps><temps name="in"><temp name="T423"/><temp name="T138"/><temp name="T390"/><temp name="T8"/><temp name="T453"/><temp name="T384"/><temp name="T457"/><temp name="T410"/><temp name="T469"/><temp name="T149"/><temp name="T380"/><temp name="T146"/><temp name="T479"/><temp name="T473"/><temp name="T484"/><temp name="T429"/><temp name="T433"/><temp name="T132"/><temp name="T416"/><temp name="T490"/><temp name="T463"/><temp name="T124"/><temp name="T148"/><temp name="T144"/><temp name="T496"/><temp name="T405"/><temp name="T147"/><temp name="T398"/><temp name="T441"/><temp name="T381"/><temp name="T447"/></temps><temps name="out"><temp name="T423"/><temp name="T138"/><temp name="T390"/><temp name="T8"/><temp name="T453"/><temp name="T384"/><temp name="T457"/><temp name="T410"/><temp name="T469"/><temp name="T149"/><temp name="T146"/><temp name="T479"/><temp name="T473"/><temp name="T484"/><temp name="T429"/><temp name="T433"/><temp name="T132"/><temp name="T416"/><temp name="T490"/><temp name="T463"/><temp name="T124"/><temp name="T148"/><temp name="T144"/><temp name="T496"/><temp name="T405"/><temp name="T147"/><temp name="T398"/><temp name="T441"/><temp name="T381"/><temp name="T447"/></temps></instruction><instruction code="LDO T382, T381, 0"><temps name="use"><temp name="T381"/></temps><temps name="def"><temp name="T382"/></temps><temps name="in"><temp name="T423"/><temp name="T138"/><temp name="T390"/><temp name="T8"/><temp name="T453"/><temp name="T384"/><temp name="T457"/><temp name="T410"/><temp name="T469"/><temp name="T149"/><temp name="T146"/><temp name="T479"/><temp name="T473"/><temp name="T484"/><temp name="T429"/><temp name="T433"/><temp name="T132"/><temp name="T416"/><temp name="T490"/><temp name="T463"/><temp name="T124"/><temp name="T148"/><temp name="T144"/><temp name="T496"/><temp name="T405"/><temp name="T147"/><temp name="T398"/><temp name="T441"/><temp name="T381"/><temp name="T447"/></temps><temps name="out"><temp name="T423"/><temp name="T138"/><temp name="T390"/><temp name="T8"/><temp name="T453"/><temp name="T384"/><temp name="T457"/><temp name="T410"/><temp name="T469"/><temp name="T149"/><temp name="T146"/><temp name="T479"/><temp name="T473"/><temp name="T484"/><temp name="T429"/><temp name="T433"/><temp name="T132"/><temp name="T416"/><temp name="T490"/><temp name="T463"/><temp name="T124"/><temp name="T148"/><temp name="T144"/><temp name="T496"/><temp name="T405"/><temp name="T147"/><temp name="T382"/><temp name="T398"/><temp name="T441"/><temp name="T447"/></temps></instruction><instruction code="OR T151, T382, 0"><temps name="use"><temp name="T382"/></temps><temps name="def"><temp name="T151"/></temps><temps name="in"><temp name="T423"/><temp name="T138"/><temp name="T390"/><temp name="T8"/><temp name="T453"/><temp name="T384"/><temp name="T457"/><temp name="T410"/><temp name="T469"/><temp name="T149"/><temp name="T146"/><temp name="T479"/><temp name="T473"/><temp name="T484"/><temp name="T429"/><temp name="T433"/><temp name="T132"/><temp name="T416"/><temp name="T490"/><temp name="T463"/><temp name="T124"/><temp name="T148"/><temp name="T144"/><temp name="T496"/><temp name="T405"/><temp name="T147"/><temp name="T382"/><temp name="T398"/><temp name="T441"/><temp name="T447"/></temps><temps name="out"><temp name="T423"/><temp name="T138"/><temp name="T151"/><temp name="T390"/><temp name="T8"/><temp name="T453"/><temp name="T384"/><temp name="T457"/><temp name="T410"/><temp name="T469"/><temp name="T149"/><temp name="T146"/><temp name="T479"/><temp name="T473"/><temp name="T484"/><temp name="T429"/><temp name="T433"/><temp name="T132"/><temp name="T416"/><temp name="T490"/><temp name="T463"/><temp name="T124"/><temp name="T148"/><temp name="T144"/><temp name="T496"/><temp name="T405"/><temp name="T147"/><temp name="T398"/><temp name="T441"/><temp name="T447"/></temps></instruction><instruction code="STO T124, $254, 8"><temps name="use"><temp name="T124"/></temps><temps name="def"/><temps name="in"><temp name="T423"/><temp name="T138"/><temp name="T151"/><temp name="T390"/><temp name="T8"/><temp name="T453"/><temp name="T384"/><temp name="T457"/><temp name="T410"/><temp name="T469"/><temp name="T149"/><temp name="T146"/><temp name="T479"/><temp name="T473"/><temp name="T484"/><temp name="T429"/><temp name="T433"/><temp name="T132"/><temp name="T416"/><temp name="T490"/><temp name="T463"/><temp name="T124"/><temp name="T148"/><temp name="T144"/><temp name="T496"/><temp name="T405"/><temp name="T147"/><temp name="T398"/><temp name="T441"/><temp name="T447"/></temps><temps name="out"><temp name="T423"/><temp name="T138"/><temp name="T151"/><temp name="T390"/><temp name="T8"/><temp name="T453"/><temp name="T384"/><temp name="T457"/><temp name="T410"/><temp name="T469"/><temp name="T149"/><temp name="T146"/><temp name="T479"/><temp name="T473"/><temp name="T484"/><temp name="T429"/><temp name="T433"/><temp name="T132"/><temp name="T416"/><temp name="T490"/><temp name="T463"/><temp name="T148"/><temp name="T144"/><temp name="T496"/><temp name="T405"/><temp name="T147"/><temp name="T398"/><temp name="T441"/><temp name="T447"/></temps></instruction><instruction code="STO T132, $254, 16"><temps name="use"><temp name="T132"/></temps><temps name="def"/><temps name="in"><temp name="T423"/><temp name="T138"/><temp name="T151"/><temp name="T390"/><temp name="T8"/><temp name="T453"/><temp name="T384"/><temp name="T457"/><temp name="T410"/><temp name="T469"/><temp name="T149"/><temp name="T146"/><temp name="T479"/><temp name="T473"/><temp name="T484"/><temp name="T429"/><temp name="T433"/><temp name="T132"/><temp name="T416"/><temp name="T490"/><temp name="T463"/><temp name="T148"/><temp name="T144"/><temp name="T496"/><temp name="T405"/><temp name="T147"/><temp name="T398"/><temp name="T441"/><temp name="T447"/></temps><temps name="out"><temp name="T423"/><temp name="T138"/><temp name="T151"/><temp name="T390"/><temp name="T8"/><temp name="T453"/><temp name="T384"/><temp name="T457"/><temp name="T410"/><temp name="T469"/><temp name="T149"/><temp name="T146"/><temp name="T479"/><temp name="T473"/><temp name="T484"/><temp name="T429"/><temp name="T433"/><temp name="T416"/><temp name="T490"/><temp name="T463"/><temp name="T148"/><temp name="T144"/><temp name="T496"/><temp name="T405"/><temp name="T147"/><temp name="T398"/><temp name="T441"/><temp name="T447"/></temps></instruction><instruction code="STO T138, $254, 24"><temps name="use"><temp name="T138"/></temps><temps name="def"/><temps name="in"><temp name="T423"/><temp name="T138"/><temp name="T151"/><temp name="T390"/><temp name="T8"/><temp name="T453"/><temp name="T384"/><temp name="T457"/><temp name="T410"/><temp name="T469"/><temp name="T149"/><temp name="T146"/><temp name="T479"/><temp name="T473"/><temp name="T484"/><temp name="T429"/><temp name="T433"/><temp name="T416"/><temp name="T490"/><temp name="T463"/><temp name="T148"/><temp name="T144"/><temp name="T496"/><temp name="T405"/><temp name="T147"/><temp name="T398"/><temp name="T441"/><temp name="T447"/></temps><temps name="out"><temp name="T423"/><temp name="T151"/><temp name="T390"/><temp name="T8"/><temp name="T453"/><temp name="T384"/><temp name="T457"/><temp name="T410"/><temp name="T469"/><temp name="T149"/><temp name="T146"/><temp name="T479"/><temp name="T473"/><temp name="T484"/><temp name="T429"/><temp name="T433"/><temp name="T416"/><temp name="T490"/><temp name="T463"/><temp name="T148"/><temp name="T144"/><temp name="T496"/><temp name="T405"/><temp name="T147"/><temp name="T398"/><temp name="T441"/><temp name="T447"/></temps></instruction><instruction code="STO T144, $254, 32"><temps name="use"><temp name="T144"/></temps><temps name="def"/><temps name="in"><temp name="T423"/><temp name="T151"/><temp name="T390"/><temp name="T8"/><temp name="T453"/><temp name="T384"/><temp name="T457"/><temp name="T410"/><temp name="T469"/><temp name="T149"/><temp name="T146"/><temp name="T479"/><temp name="T473"/><temp name="T484"/><temp name="T429"/><temp name="T433"/><temp name="T416"/><temp name="T490"/><temp name="T463"/><temp name="T148"/><temp name="T144"/><temp name="T496"/><temp name="T405"/><temp name="T147"/><temp name="T398"/><temp name="T441"/><temp name="T447"/></temps><temps name="out"><temp name="T423"/><temp name="T151"/><temp name="T390"/><temp name="T8"/><temp name="T453"/><temp name="T384"/><temp name="T457"/><temp name="T410"/><temp name="T469"/><temp name="T149"/><temp name="T146"/><temp name="T479"/><temp name="T473"/><temp name="T484"/><temp name="T429"/><temp name="T433"/><temp name="T416"/><temp name="T490"/><temp name="T463"/><temp name="T148"/><temp name="T496"/><temp name="T405"/><temp name="T147"/><temp name="T398"/><temp name="T441"/><temp name="T447"/></temps></instruction><instruction code="STO T146, $254, 40"><temps name="use"><temp name="T146"/></temps><temps name="def"/><temps name="in"><temp name="T423"/><temp name="T151"/><temp name="T390"/><temp name="T8"/><temp name="T453"/><temp name="T384"/><temp name="T457"/><temp name="T410"/><temp name="T469"/><temp name="T149"/><temp name="T146"/><temp name="T479"/><temp name="T473"/><temp name="T484"/><temp name="T429"/><temp name="T433"/><temp name="T416"/><temp name="T490"/><temp name="T463"/><temp name="T148"/><temp name="T496"/><temp name="T405"/><temp name="T147"/><temp name="T398"/><temp name="T441"/><temp name="T447"/></temps><temps name="out"><temp name="T423"/><temp name="T151"/><temp name="T390"/><temp name="T8"/><temp name="T453"/><temp name="T384"/><temp name="T457"/><temp name="T410"/><temp name="T469"/><temp name="T149"/><temp name="T479"/><temp name="T473"/><temp name="T484"/><temp name="T429"/><temp name="T433"/><temp name="T416"/><temp name="T490"/><temp name="T463"/><temp name="T148"/><temp name="T496"/><temp name="T405"/><temp name="T147"/><temp name="T398"/><temp name="T441"/><temp name="T447"/></temps></instruction><instruction code="STO T147, $254, 48"><temps name="use"><temp name="T147"/></temps><temps name="def"/><temps name="in"><temp name="T423"/><temp name="T151"/><temp name="T390"/><temp name="T8"/><temp name="T453"/><temp name="T384"/><temp name="T457"/><temp name="T410"/><temp name="T469"/><temp name="T149"/><temp name="T479"/><temp name="T473"/><temp name="T484"/><temp name="T429"/><temp name="T433"/><temp name="T416"/><temp name="T490"/><temp name="T463"/><temp name="T148"/><temp name="T496"/><temp name="T405"/><temp name="T147"/><temp name="T398"/><temp name="T441"/><temp name="T447"/></temps><temps name="out"><temp name="T423"/><temp name="T151"/><temp name="T390"/><temp name="T8"/><temp name="T453"/><temp name="T384"/><temp name="T457"/><temp name="T410"/><temp name="T469"/><temp name="T149"/><temp name="T479"/><temp name="T473"/><temp name="T484"/><temp name="T429"/><temp name="T433"/><temp name="T416"/><temp name="T490"/><temp name="T463"/><temp name="T148"/><temp name="T496"/><temp name="T405"/><temp name="T398"/><temp name="T441"/><temp name="T447"/></temps></instruction><instruction code="STO T148, $254, 56"><temps name="use"><temp name="T148"/></temps><temps name="def"/><temps name="in"><temp name="T423"/><temp name="T151"/><temp name="T390"/><temp name="T8"/><temp name="T453"/><temp name="T384"/><temp name="T457"/><temp name="T410"/><temp name="T469"/><temp name="T149"/><temp name="T479"/><temp name="T473"/><temp name="T484"/><temp name="T429"/><temp name="T433"/><temp name="T416"/><temp name="T490"/><temp name="T463"/><temp name="T148"/><temp name="T496"/><temp name="T405"/><temp name="T398"/><temp name="T441"/><temp name="T447"/></temps><temps name="out"><temp name="T473"/><temp name="T484"/><temp name="T429"/><temp name="T433"/><temp name="T416"/><temp name="T490"/><temp name="T423"/><temp name="T463"/><temp name="T151"/><temp name="T390"/><temp name="T8"/><temp name="T453"/><temp name="T384"/><temp name="T457"/><temp name="T496"/><temp name="T405"/><temp name="T410"/><temp name="T469"/><temp name="T149"/><temp name="T398"/><temp name="T441"/><temp name="T479"/><temp name="T447"/></temps></instruction><instruction code="STO T149, $254, 64"><temps name="use"><temp name="T149"/></temps><temps name="def"/><temps name="in"><temp name="T473"/><temp name="T484"/><temp name="T429"/><temp name="T433"/><temp name="T416"/><temp name="T490"/><temp name="T423"/><temp name="T463"/><temp name="T151"/><temp name="T390"/><temp name="T8"/><temp name="T453"/><temp name="T384"/><temp name="T457"/><temp name="T496"/><temp name="T405"/><temp name="T410"/><temp name="T469"/><temp name="T149"/><temp name="T398"/><temp name="T441"/><temp name="T479"/><temp name="T447"/></temps><temps name="out"><temp name="T473"/><temp name="T484"/><temp name="T429"/><temp name="T433"/><temp name="T416"/><temp name="T490"/><temp name="T423"/><temp name="T463"/><temp name="T151"/><temp name="T390"/><temp name="T8"/><temp name="T453"/><temp name="T384"/><temp name="T457"/><temp name="T496"/><temp name="T405"/><temp name="T410"/><temp name="T469"/><temp name="T398"/><temp name="T441"/><temp name="T479"/><temp name="T447"/></temps></instruction><instruction code="STO T151, $254, 72"><temps name="use"><temp name="T151"/></temps><temps name="def"/><temps name="in"><temp name="T473"/><temp name="T484"/><temp name="T429"/><temp name="T433"/><temp name="T416"/><temp name="T490"/><temp name="T423"/><temp name="T463"/><temp name="T151"/><temp name="T390"/><temp name="T8"/><temp name="T453"/><temp name="T384"/><temp name="T457"/><temp name="T496"/><temp name="T405"/><temp name="T410"/><temp name="T469"/><temp name="T398"/><temp name="T441"/><temp name="T479"/><temp name="T447"/></temps><temps name="out"><temp name="T473"/><temp name="T484"/><temp name="T429"/><temp name="T433"/><temp name="T416"/><temp name="T490"/><temp name="T423"/><temp name="T463"/><temp name="T390"/><temp name="T8"/><temp name="T453"/><temp name="T384"/><temp name="T457"/><temp name="T496"/><temp name="T405"/><temp name="T410"/><temp name="T469"/><temp name="T398"/><temp name="T441"/><temp name="T479"/><temp name="T447"/></temps></instruction><instruction code="LDA T383, _test"><temps name="use"/><temps name="def"><temp name="T383"/></temps><temps name="in"><temp name="T473"/><temp name="T484"/><temp name="T429"/><temp name="T433"/><temp name="T416"/><temp name="T490"/><temp name="T423"/><temp name="T463"/><temp name="T390"/><temp name="T8"/><temp name="T453"/><temp name="T384"/><temp name="T457"/><temp name="T496"/><temp name="T405"/><temp name="T410"/><temp name="T469"/><temp name="T398"/><temp name="T441"/><temp name="T479"/><temp name="T447"/></temps><temps name="out"><temp name="T473"/><temp name="T484"/><temp name="T429"/><temp name="T433"/><temp name="T416"/><temp name="T490"/><temp name="T423"/><temp name="T463"/><temp name="T390"/><temp name="T383"/><temp name="T8"/><temp name="T453"/><temp name="T384"/><temp name="T457"/><temp name="T496"/><temp name="T405"/><temp name="T410"/><temp name="T469"/><temp name="T398"/><temp name="T441"/><temp name="T479"/><temp name="T447"/></temps></instruction><instruction code="PUSHJ $15, T383, 0"><temps name="use"><temp name="T383"/></temps><temps name="def"/><temps name="in"><temp name="T473"/><temp name="T484"/><temp name="T429"/><temp name="T433"/><temp name="T416"/><temp name="T490"/><temp name="T423"/><temp name="T463"/><temp name="T390"/><temp name="T383"/><temp name="T8"/><temp name="T453"/><temp name="T384"/><temp name="T457"/><temp name="T496"/><temp name="T405"/><temp name="T410"/><temp name="T469"/><temp name="T398"/><temp name="T441"/><temp name="T479"/><temp name="T447"/></temps><temps name="out"><temp name="T473"/><temp name="T484"/><temp name="T429"/><temp name="T433"/><temp name="T416"/><temp name="T490"/><temp name="T423"/><temp name="T463"/><temp name="T390"/><temp name="T8"/><temp name="T453"/><temp name="T384"/><temp name="T457"/><temp name="T496"/><temp name="T405"/><temp name="T410"/><temp name="T469"/><temp name="T398"/><temp name="T441"/><temp name="T479"/><temp name="T447"/></temps></instruction><instruction code="OR T152, T384, 0"><temps name="use"><temp name="T384"/></temps><temps name="def"><temp name="T152"/></temps><temps name="in"><temp name="T473"/><temp name="T484"/><temp name="T429"/><temp name="T433"/><temp name="T416"/><temp name="T490"/><temp name="T423"/><temp name="T463"/><temp name="T390"/><temp name="T8"/><temp name="T453"/><temp name="T384"/><temp name="T457"/><temp name="T496"/><temp name="T405"/><temp name="T410"/><temp name="T469"/><temp name="T398"/><temp name="T441"/><temp name="T479"/><temp name="T447"/></temps><temps name="out"><temp name="T473"/><temp name="T484"/><temp name="T429"/><temp name="T433"/><temp name="T416"/><temp name="T490"/><temp name="T423"/><temp name="T463"/><temp name="T390"/><temp name="T8"/><temp name="T453"/><temp name="T457"/><temp name="T496"/><temp name="T405"/><temp name="T410"/><temp name="T469"/><temp name="T398"/><temp name="T441"/><temp name="T479"/><temp name="T447"/></temps></instruction><instruction code="OR T153, T8, 0"><temps name="use"><temp name="T8"/></temps><temps name="def"><temp name="T153"/></temps><temps name="in"><temp name="T473"/><temp name="T484"/><temp name="T429"/><temp name="T433"/><temp name="T416"/><temp name="T490"/><temp name="T423"/><temp name="T463"/><temp name="T390"/><temp name="T8"/><temp name="T453"/><temp name="T457"/><temp name="T496"/><temp name="T405"/><temp name="T410"/><temp name="T469"/><temp name="T398"/><temp name="T441"/><temp name="T479"/><temp name="T447"/></temps><temps name="out"><temp name="T473"/><temp name="T153"/><temp name="T484"/><temp name="T429"/><temp name="T433"/><temp name="T416"/><temp name="T490"/><temp name="T423"/><temp name="T463"/><temp name="T390"/><temp name="T8"/><temp name="T453"/><temp name="T457"/><temp name="T496"/><temp name="T405"/><temp name="T410"/><temp name="T469"/><temp name="T398"/><temp name="T441"/><temp name="T479"/><temp name="T447"/></temps></instruction><instruction code="SETL  T385, 128"><temps name="use"/><temps name="def"><temp name="T385"/></temps><temps name="in"><temp name="T473"/><temp name="T153"/><temp name="T484"/><temp name="T429"/><temp name="T433"/><temp name="T416"/><temp name="T490"/><temp name="T423"/><temp name="T463"/><temp name="T390"/><temp name="T8"/><temp name="T453"/><temp name="T457"/><temp name="T496"/><temp name="T405"/><temp name="T410"/><temp name="T469"/><temp name="T398"/><temp name="T441"/><temp name="T479"/><temp name="T447"/></temps><temps name="out"><temp name="T473"/><temp name="T153"/><temp name="T484"/><temp name="T429"/><temp name="T433"/><temp name="T416"/><temp name="T490"/><temp name="T423"/><temp name="T463"/><temp name="T390"/><temp name="T8"/><temp name="T453"/><temp name="T457"/><temp name="T496"/><temp name="T405"/><temp name="T410"/><temp name="T469"/><temp name="T398"/><temp name="T441"/><temp name="T479"/><temp name="T447"/></temps></instruction><instruction code="INCML T385, 0"><temps name="use"/><temps name="def"><temp name="T385"/></temps><temps name="in"><temp name="T473"/><temp name="T153"/><temp name="T484"/><temp name="T429"/><temp name="T433"/><temp name="T416"/><temp name="T490"/><temp name="T423"/><temp name="T463"/><temp name="T390"/><temp name="T8"/><temp name="T453"/><temp name="T457"/><temp name="T496"/><temp name="T405"/><temp name="T410"/><temp name="T469"/><temp name="T398"/><temp name="T441"/><temp name="T479"/><temp name="T447"/></temps><temps name="out"><temp name="T473"/><temp name="T153"/><temp name="T484"/><temp name="T429"/><temp name="T433"/><temp name="T416"/><temp name="T490"/><temp name="T423"/><temp name="T463"/><temp name="T390"/><temp name="T8"/><temp name="T453"/><temp name="T457"/><temp name="T496"/><temp name="T405"/><temp name="T410"/><temp name="T469"/><temp name="T398"/><temp name="T441"/><temp name="T479"/><temp name="T447"/></temps></instruction><instruction code="INCMH T385, 0"><temps name="use"/><temps name="def"><temp name="T385"/></temps><temps name="in"><temp name="T473"/><temp name="T153"/><temp name="T484"/><temp name="T429"/><temp name="T433"/><temp name="T416"/><temp name="T490"/><temp name="T423"/><temp name="T463"/><temp name="T390"/><temp name="T8"/><temp name="T453"/><temp name="T457"/><temp name="T496"/><temp name="T405"/><temp name="T410"/><temp name="T469"/><temp name="T398"/><temp name="T441"/><temp name="T479"/><temp name="T447"/></temps><temps name="out"><temp name="T473"/><temp name="T153"/><temp name="T484"/><temp name="T429"/><temp name="T433"/><temp name="T416"/><temp name="T490"/><temp name="T423"/><temp name="T463"/><temp name="T390"/><temp name="T8"/><temp name="T453"/><temp name="T457"/><temp name="T496"/><temp name="T405"/><temp name="T410"/><temp name="T469"/><temp name="T398"/><temp name="T441"/><temp name="T479"/><temp name="T447"/></temps></instruction><instruction code="INCH  T385, 0"><temps name="use"/><temps name="def"><temp name="T385"/></temps><temps name="in"><temp name="T473"/><temp name="T153"/><temp name="T484"/><temp name="T429"/><temp name="T433"/><temp name="T416"/><temp name="T490"/><temp name="T423"/><temp name="T463"/><temp name="T390"/><temp name="T8"/><temp name="T453"/><temp name="T457"/><temp name="T496"/><temp name="T405"/><temp name="T410"/><temp name="T469"/><temp name="T398"/><temp name="T441"/><temp name="T479"/><temp name="T447"/></temps><temps name="out"><temp name="T473"/><temp name="T153"/><temp name="T484"/><temp name="T429"/><temp name="T433"/><temp name="T416"/><temp name="T490"/><temp name="T423"/><temp name="T463"/><temp name="T390"/><temp name="T8"/><temp name="T453"/><temp name="T457"/><temp name="T496"/><temp name="T405"/><temp name="T410"/><temp name="T469"/><temp name="T398"/><temp name="T441"/><temp name="T385"/><temp name="T479"/><temp name="T447"/></temps></instruction><instruction code="NEG T385, 0, T385"><temps name="use"><temp name="T385"/></temps><temps name="def"><temp name="T385"/></temps><temps name="in"><temp name="T473"/><temp name="T153"/><temp name="T484"/><temp name="T429"/><temp name="T433"/><temp name="T416"/><temp name="T490"/><temp name="T423"/><temp name="T463"/><temp name="T390"/><temp name="T8"/><temp name="T453"/><temp name="T457"/><temp name="T496"/><temp name="T405"/><temp name="T410"/><temp name="T469"/><temp name="T398"/><temp name="T441"/><temp name="T385"/><temp name="T479"/><temp name="T447"/></temps><temps name="out"><temp name="T473"/><temp name="T153"/><temp name="T484"/><temp name="T429"/><temp name="T433"/><temp name="T416"/><temp name="T490"/><temp name="T423"/><temp name="T463"/><temp name="T390"/><temp name="T8"/><temp name="T453"/><temp name="T457"/><temp name="T496"/><temp name="T405"/><temp name="T410"/><temp name="T469"/><temp name="T398"/><temp name="T441"/><temp name="T385"/><temp name="T479"/><temp name="T447"/></temps></instruction><instruction code="OR T154, T385, 0"><temps name="use"><temp name="T385"/></temps><temps name="def"><temp name="T154"/></temps><temps name="in"><temp name="T473"/><temp name="T153"/><temp name="T484"/><temp name="T429"/><temp name="T433"/><temp name="T416"/><temp name="T490"/><temp name="T423"/><temp name="T463"/><temp name="T390"/><temp name="T8"/><temp name="T453"/><temp name="T457"/><temp name="T496"/><temp name="T405"/><temp name="T410"/><temp name="T469"/><temp name="T398"/><temp name="T441"/><temp name="T385"/><temp name="T479"/><temp name="T447"/></temps><temps name="out"><temp name="T473"/><temp name="T153"/><temp name="T484"/><temp name="T429"/><temp name="T433"/><temp name="T416"/><temp name="T490"/><temp name="T154"/><temp name="T423"/><temp name="T463"/><temp name="T390"/><temp name="T8"/><temp name="T453"/><temp name="T457"/><temp name="T496"/><temp name="T405"/><temp name="T410"/><temp name="T469"/><temp name="T398"/><temp name="T441"/><temp name="T479"/><temp name="T447"/></temps></instruction><instruction code="ADD T386, T153, T154"><temps name="use"><temp name="T153"/><temp name="T154"/></temps><temps name="def"><temp name="T386"/></temps><temps name="in"><temp name="T473"/><temp name="T153"/><temp name="T484"/><temp name="T429"/><temp name="T433"/><temp name="T416"/><temp name="T490"/><temp name="T154"/><temp name="T423"/><temp name="T463"/><temp name="T390"/><temp name="T8"/><temp name="T453"/><temp name="T457"/><temp name="T496"/><temp name="T405"/><temp name="T410"/><temp name="T469"/><temp name="T398"/><temp name="T441"/><temp name="T479"/><temp name="T447"/></temps><temps name="out"><temp name="T473"/><temp name="T484"/><temp name="T429"/><temp name="T433"/><temp name="T416"/><temp name="T490"/><temp name="T423"/><temp name="T463"/><temp name="T390"/><temp name="T8"/><temp name="T453"/><temp name="T457"/><temp name="T496"/><temp name="T405"/><temp name="T410"/><temp name="T469"/><temp name="T398"/><temp name="T441"/><temp name="T479"/><temp name="T386"/><temp name="T447"/></temps></instruction><instruction code="OR T155, T386, 0"><temps name="use"><temp name="T386"/></temps><temps name="def"><temp name="T155"/></temps><temps name="in"><temp name="T473"/><temp name="T484"/><temp name="T429"/><temp name="T433"/><temp name="T416"/><temp name="T490"/><temp name="T423"/><temp name="T463"/><temp name="T390"/><temp name="T8"/><temp name="T453"/><temp name="T457"/><temp name="T496"/><temp name="T405"/><temp name="T410"/><temp name="T469"/><temp name="T398"/><temp name="T441"/><temp name="T479"/><temp name="T386"/><temp name="T447"/></temps><temps name="out"><temp name="T473"/><temp name="T484"/><temp name="T429"/><temp name="T433"/><temp name="T416"/><temp name="T490"/><temp name="T423"/><temp name="T463"/><temp name="T390"/><temp name="T8"/><temp name="T453"/><temp name="T457"/><temp name="T496"/><temp name="T405"/><temp name="T410"/><temp name="T469"/><temp name="T398"/><temp name="T441"/><temp name="T479"/><temp name="T447"/></temps></instruction><instruction code="SETL  T387, 99"><temps name="use"/><temps name="def"><temp name="T387"/></temps><temps name="in"><temp name="T473"/><temp name="T484"/><temp name="T429"/><temp name="T433"/><temp name="T416"/><temp name="T490"/><temp name="T423"/><temp name="T463"/><temp name="T390"/><temp name="T8"/><temp name="T453"/><temp name="T457"/><temp name="T496"/><temp name="T405"/><temp name="T410"/><temp name="T469"/><temp name="T398"/><temp name="T441"/><temp name="T479"/><temp name="T447"/></temps><temps name="out"><temp name="T473"/><temp name="T484"/><temp name="T429"/><temp name="T433"/><temp name="T416"/><temp name="T490"/><temp name="T423"/><temp name="T463"/><temp name="T390"/><temp name="T8"/><temp name="T453"/><temp name="T457"/><temp name="T496"/><temp name="T405"/><temp name="T410"/><temp name="T469"/><temp name="T398"/><temp name="T441"/><temp name="T479"/><temp name="T447"/></temps></instruction><instruction code="INCML T387, 0"><temps name="use"/><temps name="def"><temp name="T387"/></temps><temps name="in"><temp name="T473"/><temp name="T484"/><temp name="T429"/><temp name="T433"/><temp name="T416"/><temp name="T490"/><temp name="T423"/><temp name="T463"/><temp name="T390"/><temp name="T8"/><temp name="T453"/><temp name="T457"/><temp name="T496"/><temp name="T405"/><temp name="T410"/><temp name="T469"/><temp name="T398"/><temp name="T441"/><temp name="T479"/><temp name="T447"/></temps><temps name="out"><temp name="T473"/><temp name="T484"/><temp name="T429"/><temp name="T433"/><temp name="T416"/><temp name="T490"/><temp name="T423"/><temp name="T463"/><temp name="T390"/><temp name="T8"/><temp name="T453"/><temp name="T457"/><temp name="T496"/><temp name="T405"/><temp name="T410"/><temp name="T469"/><temp name="T398"/><temp name="T441"/><temp name="T479"/><temp name="T447"/></temps></instruction><instruction code="INCMH T387, 0"><temps name="use"/><temps name="def"><temp name="T387"/></temps><temps name="in"><temp name="T473"/><temp name="T484"/><temp name="T429"/><temp name="T433"/><temp name="T416"/><temp name="T490"/><temp name="T423"/><temp name="T463"/><temp name="T390"/><temp name="T8"/><temp name="T453"/><temp name="T457"/><temp name="T496"/><temp name="T405"/><temp name="T410"/><temp name="T469"/><temp name="T398"/><temp name="T441"/><temp name="T479"/><temp name="T447"/></temps><temps name="out"><temp name="T473"/><temp name="T484"/><temp name="T429"/><temp name="T433"/><temp name="T416"/><temp name="T490"/><temp name="T423"/><temp name="T463"/><temp name="T390"/><temp name="T8"/><temp name="T453"/><temp name="T457"/><temp name="T496"/><temp name="T405"/><temp name="T410"/><temp name="T469"/><temp name="T398"/><temp name="T441"/><temp name="T479"/><temp name="T447"/></temps></instruction><instruction code="INCH  T387, 0"><temps name="use"/><temps name="def"><temp name="T387"/></temps><temps name="in"><temp name="T473"/><temp name="T484"/><temp name="T429"/><temp name="T433"/><temp name="T416"/><temp name="T490"/><temp name="T423"/><temp name="T463"/><temp name="T390"/><temp name="T8"/><temp name="T453"/><temp name="T457"/><temp name="T496"/><temp name="T405"/><temp name="T410"/><temp name="T469"/><temp name="T398"/><temp name="T441"/><temp name="T479"/><temp name="T447"/></temps><temps name="out"><temp name="T473"/><temp name="T484"/><temp name="T429"/><temp name="T433"/><temp name="T416"/><temp name="T490"/><temp name="T387"/><temp name="T423"/><temp name="T463"/><temp name="T390"/><temp name="T8"/><temp name="T453"/><temp name="T457"/><temp name="T496"/><temp name="T405"/><temp name="T410"/><temp name="T469"/><temp name="T398"/><temp name="T441"/><temp name="T479"/><temp name="T447"/></temps></instruction><instruction code="OR T156, T387, 0"><temps name="use"><temp name="T387"/></temps><temps name="def"><temp name="T156"/></temps><temps name="in"><temp name="T473"/><temp name="T484"/><temp name="T429"/><temp name="T433"/><temp name="T416"/><temp name="T490"/><temp name="T387"/><temp name="T423"/><temp name="T463"/><temp name="T390"/><temp name="T8"/><temp name="T453"/><temp name="T457"/><temp name="T496"/><temp name="T405"/><temp name="T410"/><temp name="T469"/><temp name="T398"/><temp name="T441"/><temp name="T479"/><temp name="T447"/></temps><temps name="out"><temp name="T473"/><temp name="T484"/><temp name="T429"/><temp name="T433"/><temp name="T416"/><temp name="T490"/><temp name="T423"/><temp name="T463"/><temp name="T390"/><temp name="T8"/><temp name="T453"/><temp name="T457"/><temp name="T496"/><temp name="T405"/><temp name="T410"/><temp name="T469"/><temp name="T398"/><temp name="T441"/><temp name="T479"/><temp name="T447"/></temps></instruction><instruction code="SETL  T388, 0"><temps name="use"/><temps name="def"><temp name="T388"/></temps><temps name="in"><temp name="T473"/><temp name="T484"/><temp name="T429"/><temp name="T433"/><temp name="T416"/><temp name="T490"/><temp name="T423"/><temp name="T463"/><temp name="T390"/><temp name="T8"/><temp name="T453"/><temp name="T457"/><temp name="T496"/><temp name="T405"/><temp name="T410"/><temp name="T469"/><temp name="T398"/><temp name="T441"/><temp name="T479"/><temp name="T447"/></temps><temps name="out"><temp name="T473"/><temp name="T484"/><temp name="T429"/><temp name="T433"/><temp name="T416"/><temp name="T490"/><temp name="T423"/><temp name="T463"/><temp name="T390"/><temp name="T8"/><temp name="T453"/><temp name="T457"/><temp name="T496"/><temp name="T405"/><temp name="T410"/><temp name="T469"/><temp name="T398"/><temp name="T441"/><temp name="T479"/><temp name="T447"/></temps></instruction><instruction code="INCML T388, 0"><temps name="use"/><temps name="def"><temp name="T388"/></temps><temps name="in"><temp name="T473"/><temp name="T484"/><temp name="T429"/><temp name="T433"/><temp name="T416"/><temp name="T490"/><temp name="T423"/><temp name="T463"/><temp name="T390"/><temp name="T8"/><temp name="T453"/><temp name="T457"/><temp name="T496"/><temp name="T405"/><temp name="T410"/><temp name="T469"/><temp name="T398"/><temp name="T441"/><temp name="T479"/><temp name="T447"/></temps><temps name="out"><temp name="T473"/><temp name="T484"/><temp name="T429"/><temp name="T433"/><temp name="T416"/><temp name="T490"/><temp name="T423"/><temp name="T463"/><temp name="T390"/><temp name="T8"/><temp name="T453"/><temp name="T457"/><temp name="T496"/><temp name="T405"/><temp name="T410"/><temp name="T469"/><temp name="T398"/><temp name="T441"/><temp name="T479"/><temp name="T447"/></temps></instruction><instruction code="INCMH T388, 0"><temps name="use"/><temps name="def"><temp name="T388"/></temps><temps name="in"><temp name="T473"/><temp name="T484"/><temp name="T429"/><temp name="T433"/><temp name="T416"/><temp name="T490"/><temp name="T423"/><temp name="T463"/><temp name="T390"/><temp name="T8"/><temp name="T453"/><temp name="T457"/><temp name="T496"/><temp name="T405"/><temp name="T410"/><temp name="T469"/><temp name="T398"/><temp name="T441"/><temp name="T479"/><temp name="T447"/></temps><temps name="out"><temp name="T473"/><temp name="T484"/><temp name="T429"/><temp name="T433"/><temp name="T416"/><temp name="T490"/><temp name="T423"/><temp name="T463"/><temp name="T390"/><temp name="T8"/><temp name="T453"/><temp name="T457"/><temp name="T496"/><temp name="T405"/><temp name="T410"/><temp name="T469"/><temp name="T398"/><temp name="T441"/><temp name="T479"/><temp name="T447"/></temps></instruction><instruction code="INCH  T388, 0"><temps name="use"/><temps name="def"><temp name="T388"/></temps><temps name="in"><temp name="T473"/><temp name="T484"/><temp name="T429"/><temp name="T433"/><temp name="T416"/><temp name="T490"/><temp name="T423"/><temp name="T463"/><temp name="T390"/><temp name="T8"/><temp name="T453"/><temp name="T457"/><temp name="T496"/><temp name="T405"/><temp name="T410"/><temp name="T469"/><temp name="T398"/><temp name="T441"/><temp name="T479"/><temp name="T447"/></temps><temps name="out"><temp name="T473"/><temp name="T484"/><temp name="T429"/><temp name="T433"/><temp name="T416"/><temp name="T490"/><temp name="T423"/><temp name="T463"/><temp name="T390"/><temp name="T8"/><temp name="T453"/><temp name="T388"/><temp name="T457"/><temp name="T496"/><temp name="T405"/><temp name="T410"/><temp name="T469"/><temp name="T398"/><temp name="T441"/><temp name="T479"/><temp name="T447"/></temps></instruction><instruction code="OR T157, T388, 0"><temps name="use"><temp name="T388"/></temps><temps name="def"><temp name="T157"/></temps><temps name="in"><temp name="T473"/><temp name="T484"/><temp name="T429"/><temp name="T433"/><temp name="T416"/><temp name="T490"/><temp name="T423"/><temp name="T463"/><temp name="T390"/><temp name="T8"/><temp name="T453"/><temp name="T388"/><temp name="T457"/><temp name="T496"/><temp name="T405"/><temp name="T410"/><temp name="T469"/><temp name="T398"/><temp name="T441"/><temp name="T479"/><temp name="T447"/></temps><temps name="out"><temp name="T473"/><temp name="T484"/><temp name="T429"/><temp name="T433"/><temp name="T416"/><temp name="T490"/><temp name="T157"/><temp name="T423"/><temp name="T463"/><temp name="T390"/><temp name="T8"/><temp name="T453"/><temp name="T457"/><temp name="T496"/><temp name="T405"/><temp name="T410"/><temp name="T469"/><temp name="T398"/><temp name="T441"/><temp name="T479"/><temp name="T447"/></temps></instruction><instruction code="STO T157, $254, 8"><temps name="use"><temp name="T157"/></temps><temps name="def"/><temps name="in"><temp name="T473"/><temp name="T484"/><temp name="T429"/><temp name="T433"/><temp name="T416"/><temp name="T490"/><temp name="T157"/><temp name="T423"/><temp name="T463"/><temp name="T390"/><temp name="T8"/><temp name="T453"/><temp name="T457"/><temp name="T496"/><temp name="T405"/><temp name="T410"/><temp name="T469"/><temp name="T398"/><temp name="T441"/><temp name="T479"/><temp name="T447"/></temps><temps name="out"><temp name="T473"/><temp name="T484"/><temp name="T429"/><temp name="T433"/><temp name="T416"/><temp name="T490"/><temp name="T423"/><temp name="T463"/><temp name="T390"/><temp name="T8"/><temp name="T453"/><temp name="T457"/><temp name="T496"/><temp name="T405"/><temp name="T410"/><temp name="T469"/><temp name="T398"/><temp name="T441"/><temp name="T479"/><temp name="T447"/></temps></instruction><instruction code="LDA T389, _x"><temps name="use"/><temps name="def"><temp name="T389"/></temps><temps name="in"><temp name="T473"/><temp name="T484"/><temp name="T429"/><temp name="T433"/><temp name="T416"/><temp name="T490"/><temp name="T423"/><temp name="T463"/><temp name="T390"/><temp name="T8"/><temp name="T453"/><temp name="T457"/><temp name="T496"/><temp name="T405"/><temp name="T410"/><temp name="T469"/><temp name="T398"/><temp name="T441"/><temp name="T479"/><temp name="T447"/></temps><temps name="out"><temp name="T473"/><temp name="T484"/><temp name="T429"/><temp name="T433"/><temp name="T416"/><temp name="T490"/><temp name="T423"/><temp name="T463"/><temp name="T390"/><temp name="T8"/><temp name="T453"/><temp name="T457"/><temp name="T496"/><temp name="T405"/><temp name="T410"/><temp name="T469"/><temp name="T398"/><temp name="T441"/><temp name="T389"/><temp name="T479"/><temp name="T447"/></temps></instruction><instruction code="PUSHJ $15, T389, 0"><temps name="use"><temp name="T389"/></temps><temps name="def"/><temps name="in"><temp name="T473"/><temp name="T484"/><temp name="T429"/><temp name="T433"/><temp name="T416"/><temp name="T490"/><temp name="T423"/><temp name="T463"/><temp name="T390"/><temp name="T8"/><temp name="T453"/><temp name="T457"/><temp name="T496"/><temp name="T405"/><temp name="T410"/><temp name="T469"/><temp name="T398"/><temp name="T441"/><temp name="T389"/><temp name="T479"/><temp name="T447"/></temps><temps name="out"><temp name="T473"/><temp name="T484"/><temp name="T429"/><temp name="T433"/><temp name="T416"/><temp name="T490"/><temp name="T423"/><temp name="T463"/><temp name="T390"/><temp name="T8"/><temp name="T453"/><temp name="T457"/><temp name="T496"/><temp name="T405"/><temp name="T410"/><temp name="T469"/><temp name="T398"/><temp name="T441"/><temp name="T479"/><temp name="T447"/></temps></instruction><instruction code="OR T158, T390, 0"><temps name="use"><temp name="T390"/></temps><temps name="def"><temp name="T158"/></temps><temps name="in"><temp name="T473"/><temp name="T484"/><temp name="T429"/><temp name="T433"/><temp name="T416"/><temp name="T490"/><temp name="T423"/><temp name="T463"/><temp name="T390"/><temp name="T8"/><temp name="T453"/><temp name="T457"/><temp name="T496"/><temp name="T405"/><temp name="T410"/><temp name="T469"/><temp name="T398"/><temp name="T441"/><temp name="T479"/><temp name="T447"/></temps><temps name="out"><temp name="T473"/><temp name="T484"/><temp name="T429"/><temp name="T433"/><temp name="T416"/><temp name="T490"/><temp name="T423"/><temp name="T463"/><temp name="T8"/><temp name="T453"/><temp name="T457"/><temp name="T496"/><temp name="T405"/><temp name="T410"/><temp name="T469"/><temp name="T398"/><temp name="T441"/><temp name="T158"/><temp name="T479"/><temp name="T447"/></temps></instruction><instruction code="SETL  T391, 50"><temps name="use"/><temps name="def"><temp name="T391"/></temps><temps name="in"><temp name="T473"/><temp name="T484"/><temp name="T429"/><temp name="T433"/><temp name="T416"/><temp name="T490"/><temp name="T423"/><temp name="T463"/><temp name="T8"/><temp name="T453"/><temp name="T457"/><temp name="T496"/><temp name="T405"/><temp name="T410"/><temp name="T469"/><temp name="T398"/><temp name="T441"/><temp name="T158"/><temp name="T479"/><temp name="T447"/></temps><temps name="out"><temp name="T473"/><temp name="T484"/><temp name="T429"/><temp name="T433"/><temp name="T416"/><temp name="T490"/><temp name="T423"/><temp name="T463"/><temp name="T8"/><temp name="T453"/><temp name="T457"/><temp name="T496"/><temp name="T405"/><temp name="T410"/><temp name="T469"/><temp name="T398"/><temp name="T441"/><temp name="T158"/><temp name="T479"/><temp name="T447"/></temps></instruction><instruction code="INCML T391, 0"><temps name="use"/><temps name="def"><temp name="T391"/></temps><temps name="in"><temp name="T473"/><temp name="T484"/><temp name="T429"/><temp name="T433"/><temp name="T416"/><temp name="T490"/><temp name="T423"/><temp name="T463"/><temp name="T8"/><temp name="T453"/><temp name="T457"/><temp name="T496"/><temp name="T405"/><temp name="T410"/><temp name="T469"/><temp name="T398"/><temp name="T441"/><temp name="T158"/><temp name="T479"/><temp name="T447"/></temps><temps name="out"><temp name="T473"/><temp name="T484"/><temp name="T429"/><temp name="T433"/><temp name="T416"/><temp name="T490"/><temp name="T423"/><temp name="T463"/><temp name="T8"/><temp name="T453"/><temp name="T457"/><temp name="T496"/><temp name="T405"/><temp name="T410"/><temp name="T469"/><temp name="T398"/><temp name="T441"/><temp name="T158"/><temp name="T479"/><temp name="T447"/></temps></instruction><instruction code="INCMH T391, 0"><temps name="use"/><temps name="def"><temp name="T391"/></temps><temps name="in"><temp name="T473"/><temp name="T484"/><temp name="T429"/><temp name="T433"/><temp name="T416"/><temp name="T490"/><temp name="T423"/><temp name="T463"/><temp name="T8"/><temp name="T453"/><temp name="T457"/><temp name="T496"/><temp name="T405"/><temp name="T410"/><temp name="T469"/><temp name="T398"/><temp name="T441"/><temp name="T158"/><temp name="T479"/><temp name="T447"/></temps><temps name="out"><temp name="T473"/><temp name="T484"/><temp name="T429"/><temp name="T433"/><temp name="T416"/><temp name="T490"/><temp name="T423"/><temp name="T463"/><temp name="T8"/><temp name="T453"/><temp name="T457"/><temp name="T496"/><temp name="T405"/><temp name="T410"/><temp name="T469"/><temp name="T398"/><temp name="T441"/><temp name="T158"/><temp name="T479"/><temp name="T447"/></temps></instruction><instruction code="INCH  T391, 0"><temps name="use"/><temps name="def"><temp name="T391"/></temps><temps name="in"><temp name="T473"/><temp name="T484"/><temp name="T429"/><temp name="T433"/><temp name="T416"/><temp name="T490"/><temp name="T423"/><temp name="T463"/><temp name="T8"/><temp name="T453"/><temp name="T457"/><temp name="T496"/><temp name="T405"/><temp name="T410"/><temp name="T469"/><temp name="T398"/><temp name="T441"/><temp name="T158"/><temp name="T479"/><temp name="T447"/></temps><temps name="out"><temp name="T473"/><temp name="T484"/><temp name="T429"/><temp name="T433"/><temp name="T416"/><temp name="T490"/><temp name="T391"/><temp name="T423"/><temp name="T463"/><temp name="T8"/><temp name="T453"/><temp name="T457"/><temp name="T496"/><temp name="T405"/><temp name="T410"/><temp name="T469"/><temp name="T398"/><temp name="T441"/><temp name="T158"/><temp name="T479"/><temp name="T447"/></temps></instruction><instruction code="OR T159, T391, 0"><temps name="use"><temp name="T391"/></temps><temps name="def"><temp name="T159"/></temps><temps name="in"><temp name="T473"/><temp name="T484"/><temp name="T429"/><temp name="T433"/><temp name="T416"/><temp name="T490"/><temp name="T391"/><temp name="T423"/><temp name="T463"/><temp name="T8"/><temp name="T453"/><temp name="T457"/><temp name="T496"/><temp name="T405"/><temp name="T410"/><temp name="T469"/><temp name="T398"/><temp name="T441"/><temp name="T158"/><temp name="T479"/><temp name="T447"/></temps><temps name="out"><temp name="T473"/><temp name="T484"/><temp name="T429"/><temp name="T433"/><temp name="T416"/><temp name="T490"/><temp name="T159"/><temp name="T423"/><temp name="T463"/><temp name="T8"/><temp name="T453"/><temp name="T457"/><temp name="T496"/><temp name="T405"/><temp name="T410"/><temp name="T469"/><temp name="T398"/><temp name="T441"/><temp name="T158"/><temp name="T479"/><temp name="T447"/></temps></instruction><instruction code="CMP T392, T158, T159"><temps name="use"><temp name="T158"/><temp name="T159"/></temps><temps name="def"><temp name="T392"/></temps><temps name="in"><temp name="T473"/><temp name="T484"/><temp name="T429"/><temp name="T433"/><temp name="T416"/><temp name="T490"/><temp name="T159"/><temp name="T423"/><temp name="T463"/><temp name="T8"/><temp name="T453"/><temp name="T457"/><temp name="T496"/><temp name="T405"/><temp name="T410"/><temp name="T469"/><temp name="T398"/><temp name="T441"/><temp name="T158"/><temp name="T479"/><temp name="T447"/></temps><temps name="out"><temp name="T473"/><temp name="T484"/><temp name="T429"/><temp name="T433"/><temp name="T416"/><temp name="T490"/><temp name="T423"/><temp name="T463"/><temp name="T8"/><temp name="T453"/><temp name="T457"/><temp name="T496"/><temp name="T405"/><temp name="T410"/><temp name="T469"/><temp name="T392"/><temp name="T398"/><temp name="T441"/><temp name="T479"/><temp name="T447"/></temps></instruction><instruction code="ZSP T392, T392, 1"><temps name="use"><temp name="T392"/></temps><temps name="def"><temp name="T392"/></temps><temps name="in"><temp name="T473"/><temp name="T484"/><temp name="T429"/><temp name="T433"/><temp name="T416"/><temp name="T490"/><temp name="T423"/><temp name="T463"/><temp name="T8"/><temp name="T453"/><temp name="T457"/><temp name="T496"/><temp name="T405"/><temp name="T410"/><temp name="T469"/><temp name="T392"/><temp name="T398"/><temp name="T441"/><temp name="T479"/><temp name="T447"/></temps><temps name="out"><temp name="T473"/><temp name="T484"/><temp name="T429"/><temp name="T433"/><temp name="T416"/><temp name="T490"/><temp name="T423"/><temp name="T463"/><temp name="T8"/><temp name="T453"/><temp name="T457"/><temp name="T496"/><temp name="T405"/><temp name="T410"/><temp name="T469"/><temp name="T392"/><temp name="T398"/><temp name="T441"/><temp name="T479"/><temp name="T447"/></temps></instruction><instruction code="OR T160, T392, 0"><temps name="use"><temp name="T392"/></temps><temps name="def"><temp name="T160"/></temps><temps name="in"><temp name="T473"/><temp name="T484"/><temp name="T429"/><temp name="T433"/><temp name="T416"/><temp name="T490"/><temp name="T423"/><temp name="T463"/><temp name="T8"/><temp name="T453"/><temp name="T457"/><temp name="T496"/><temp name="T405"/><temp name="T410"/><temp name="T469"/><temp name="T392"/><temp name="T398"/><temp name="T441"/><temp name="T479"/><temp name="T447"/></temps><temps name="out"><temp name="T473"/><temp name="T484"/><temp name="T429"/><temp name="T433"/><temp name="T416"/><temp name="T490"/><temp name="T423"/><temp name="T463"/><temp name="T160"/><temp name="T8"/><temp name="T453"/><temp name="T457"/><temp name="T496"/><temp name="T405"/><temp name="T410"/><temp name="T469"/><temp name="T398"/><temp name="T441"/><temp name="T479"/><temp name="T447"/></temps></instruction><instruction code="BNZ T160, L4"><temps name="use"><temp name="T160"/></temps><temps name="def"/><temps name="in"><temp name="T473"/><temp name="T484"/><temp name="T429"/><temp name="T433"/><temp name="T416"/><temp name="T490"/><temp name="T423"/><temp name="T463"/><temp name="T160"/><temp name="T8"/><temp name="T453"/><temp name="T457"/><temp name="T496"/><temp name="T405"/><temp name="T410"/><temp name="T469"/><temp name="T398"/><temp name="T441"/><temp name="T479"/><temp name="T447"/></temps><temps name="out"><temp name="T473"/><temp name="T484"/><temp name="T429"/><temp name="T433"/><temp name="T416"/><temp name="T490"/><temp name="T423"/><temp name="T463"/><temp name="T8"/><temp name="T453"/><temp name="T457"/><temp name="T496"/><temp name="T405"/><temp name="T410"/><temp name="T469"/><temp name="T398"/><temp name="T441"/><temp name="T479"/><temp name="T447"/></temps></instruction><instruction code="L31"><temps name="use"/><temps name="def"/><temps name="in"><temp name="T473"/><temp name="T484"/><temp name="T429"/><temp name="T433"/><temp name="T416"/><temp name="T490"/><temp name="T423"/><temp name="T463"/><temp name="T8"/><temp name="T453"/><temp name="T457"/><temp name="T496"/><temp name="T405"/><temp name="T410"/><temp name="T469"/><temp name="T398"/><temp name="T441"/><temp name="T479"/><temp name="T447"/></temps><temps name="out"><temp name="T473"/><temp name="T484"/><temp name="T429"/><temp name="T433"/><temp name="T416"/><temp name="T490"/><temp name="T423"/><temp name="T463"/><temp name="T8"/><temp name="T453"/><temp name="T457"/><temp name="T496"/><temp name="T405"/><temp name="T410"/><temp name="T469"/><temp name="T398"/><temp name="T441"/><temp name="T479"/><temp name="T447"/></temps></instruction><instruction code="LDA T393, L5"><temps name="use"/><temps name="def"><temp name="T393"/></temps><temps name="in"><temp name="T473"/><temp name="T484"/><temp name="T429"/><temp name="T433"/><temp name="T416"/><temp name="T490"/><temp name="T423"/><temp name="T463"/><temp name="T8"/><temp name="T453"/><temp name="T457"/><temp name="T496"/><temp name="T405"/><temp name="T410"/><temp name="T469"/><temp name="T398"/><temp name="T441"/><temp name="T479"/><temp name="T447"/></temps><temps name="out"><temp name="T473"/><temp name="T484"/><temp name="T429"/><temp name="T433"/><temp name="T393"/><temp name="T416"/><temp name="T490"/><temp name="T423"/><temp name="T463"/><temp name="T8"/><temp name="T453"/><temp name="T457"/><temp name="T496"/><temp name="T405"/><temp name="T410"/><temp name="T469"/><temp name="T398"/><temp name="T441"/><temp name="T479"/><temp name="T447"/></temps></instruction><instruction code="GO T393, T393, 0"><temps name="use"><temp name="T393"/></temps><temps name="def"><temp name="T393"/></temps><temps name="in"><temp name="T473"/><temp name="T484"/><temp name="T429"/><temp name="T433"/><temp name="T393"/><temp name="T416"/><temp name="T490"/><temp name="T423"/><temp name="T463"/><temp name="T8"/><temp name="T453"/><temp name="T457"/><temp name="T496"/><temp name="T405"/><temp name="T410"/><temp name="T469"/><temp name="T398"/><temp name="T441"/><temp name="T479"/><temp name="T447"/></temps><temps name="out"><temp name="T473"/><temp name="T484"/><temp name="T429"/><temp name="T433"/><temp name="T416"/><temp name="T490"/><temp name="T423"/><temp name="T463"/><temp name="T8"/><temp name="T453"/><temp name="T457"/><temp name="T496"/><temp name="T405"/><temp name="T410"/><temp name="T469"/><temp name="T398"/><temp name="T441"/><temp name="T479"/><temp name="T447"/></temps></instruction><instruction code="L4"><temps name="use"/><temps name="def"/><temps name="in"><temp name="T473"/><temp name="T484"/><temp name="T433"/><temp name="T429"/><temp name="T416"/><temp name="T490"/><temp name="T423"/><temp name="T463"/><temp name="T8"/><temp name="T453"/><temp name="T457"/><temp name="T496"/><temp name="T405"/><temp name="T410"/><temp name="T469"/><temp name="T398"/><temp name="T441"/><temp name="T479"/><temp name="T447"/></temps><temps name="out"><temp name="T473"/><temp name="T484"/><temp name="T433"/><temp name="T429"/><temp name="T416"/><temp name="T490"/><temp name="T423"/><temp name="T463"/><temp name="T8"/><temp name="T453"/><temp name="T457"/><temp name="T496"/><temp name="T405"/><temp name="T410"/><temp name="T469"/><temp name="T398"/><temp name="T441"/><temp name="T479"/><temp name="T447"/></temps></instruction><instruction code="SETL  T394, 50"><temps name="use"/><temps name="def"><temp name="T394"/></temps><temps name="in"><temp name="T473"/><temp name="T484"/><temp name="T433"/><temp name="T429"/><temp name="T416"/><temp name="T490"/><temp name="T423"/><temp name="T463"/><temp name="T8"/><temp name="T453"/><temp name="T457"/><temp name="T496"/><temp name="T405"/><temp name="T410"/><temp name="T469"/><temp name="T398"/><temp name="T441"/><temp name="T479"/><temp name="T447"/></temps><temps name="out"><temp name="T473"/><temp name="T484"/><temp name="T433"/><temp name="T429"/><temp name="T416"/><temp name="T490"/><temp name="T423"/><temp name="T463"/><temp name="T8"/><temp name="T453"/><temp name="T457"/><temp name="T496"/><temp name="T405"/><temp name="T410"/><temp name="T469"/><temp name="T398"/><temp name="T441"/><temp name="T479"/><temp name="T447"/></temps></instruction><instruction code="INCML T394, 0"><temps name="use"/><temps name="def"><temp name="T394"/></temps><temps name="in"><temp name="T473"/><temp name="T484"/><temp name="T433"/><temp name="T429"/><temp name="T416"/><temp name="T490"/><temp name="T423"/><temp name="T463"/><temp name="T8"/><temp name="T453"/><temp name="T457"/><temp name="T496"/><temp name="T405"/><temp name="T410"/><temp name="T469"/><temp name="T398"/><temp name="T441"/><temp name="T479"/><temp name="T447"/></temps><temps name="out"><temp name="T473"/><temp name="T484"/><temp name="T433"/><temp name="T429"/><temp name="T416"/><temp name="T490"/><temp name="T423"/><temp name="T463"/><temp name="T8"/><temp name="T453"/><temp name="T457"/><temp name="T496"/><temp name="T405"/><temp name="T410"/><temp name="T469"/><temp name="T398"/><temp name="T441"/><temp name="T479"/><temp name="T447"/></temps></instruction><instruction code="INCMH T394, 0"><temps name="use"/><temps name="def"><temp name="T394"/></temps><temps name="in"><temp name="T473"/><temp name="T484"/><temp name="T433"/><temp name="T429"/><temp name="T416"/><temp name="T490"/><temp name="T423"/><temp name="T463"/><temp name="T8"/><temp name="T453"/><temp name="T457"/><temp name="T496"/><temp name="T405"/><temp name="T410"/><temp name="T469"/><temp name="T398"/><temp name="T441"/><temp name="T479"/><temp name="T447"/></temps><temps name="out"><temp name="T473"/><temp name="T484"/><temp name="T433"/><temp name="T429"/><temp name="T416"/><temp name="T490"/><temp name="T423"/><temp name="T463"/><temp name="T8"/><temp name="T453"/><temp name="T457"/><temp name="T496"/><temp name="T405"/><temp name="T410"/><temp name="T469"/><temp name="T398"/><temp name="T441"/><temp name="T479"/><temp name="T447"/></temps></instruction><instruction code="INCH  T394, 0"><temps name="use"/><temps name="def"><temp name="T394"/></temps><temps name="in"><temp name="T473"/><temp name="T484"/><temp name="T433"/><temp name="T429"/><temp name="T416"/><temp name="T490"/><temp name="T423"/><temp name="T463"/><temp name="T8"/><temp name="T453"/><temp name="T457"/><temp name="T496"/><temp name="T405"/><temp name="T410"/><temp name="T469"/><temp name="T398"/><temp name="T441"/><temp name="T479"/><temp name="T447"/></temps><temps name="out"><temp name="T473"/><temp name="T484"/><temp name="T433"/><temp name="T429"/><temp name="T416"/><temp name="T490"/><temp name="T423"/><temp name="T463"/><temp name="T8"/><temp name="T453"/><temp name="T457"/><temp name="T496"/><temp name="T405"/><temp name="T410"/><temp name="T469"/><temp name="T398"/><temp name="T441"/><temp name="T479"/><temp name="T394"/><temp name="T447"/></temps></instruction><instruction code="OR T161, T394, 0"><temps name="use"><temp name="T394"/></temps><temps name="def"><temp name="T161"/></temps><temps name="in"><temp name="T473"/><temp name="T484"/><temp name="T433"/><temp name="T429"/><temp name="T416"/><temp name="T490"/><temp name="T423"/><temp name="T463"/><temp name="T8"/><temp name="T453"/><temp name="T457"/><temp name="T496"/><temp name="T405"/><temp name="T410"/><temp name="T469"/><temp name="T398"/><temp name="T441"/><temp name="T479"/><temp name="T394"/><temp name="T447"/></temps><temps name="out"><temp name="T473"/><temp name="T484"/><temp name="T433"/><temp name="T429"/><temp name="T416"/><temp name="T490"/><temp name="T161"/><temp name="T423"/><temp name="T463"/><temp name="T8"/><temp name="T453"/><temp name="T457"/><temp name="T496"/><temp name="T405"/><temp name="T410"/><temp name="T469"/><temp name="T398"/><temp name="T441"/><temp name="T479"/><temp name="T447"/></temps></instruction><instruction code="LDO T399, T398, 0"><temps name="use"><temp name="T398"/></temps><temps name="def"><temp name="T399"/></temps><temps name="in"><temp name="T473"/><temp name="T484"/><temp name="T433"/><temp name="T429"/><temp name="T416"/><temp name="T490"/><temp name="T161"/><temp name="T423"/><temp name="T463"/><temp name="T8"/><temp name="T453"/><temp name="T457"/><temp name="T496"/><temp name="T405"/><temp name="T410"/><temp name="T469"/><temp name="T398"/><temp name="T441"/><temp name="T479"/><temp name="T447"/></temps><temps name="out"><temp name="T473"/><temp name="T484"/><temp name="T433"/><temp name="T429"/><temp name="T416"/><temp name="T490"/><temp name="T161"/><temp name="T423"/><temp name="T463"/><temp name="T8"/><temp name="T453"/><temp name="T457"/><temp name="T496"/><temp name="T405"/><temp name="T410"/><temp name="T469"/><temp name="T399"/><temp name="T441"/><temp name="T479"/><temp name="T447"/></temps></instruction><instruction code="STO T399, T161, 0"><temps name="use"><temp name="T399"/><temp name="T161"/></temps><temps name="def"/><temps name="in"><temp name="T473"/><temp name="T484"/><temp name="T433"/><temp name="T429"/><temp name="T416"/><temp name="T490"/><temp name="T161"/><temp name="T423"/><temp name="T463"/><temp name="T8"/><temp name="T453"/><temp name="T457"/><temp name="T496"/><temp name="T405"/><temp name="T410"/><temp name="T469"/><temp name="T399"/><temp name="T441"/><temp name="T479"/><temp name="T447"/></temps><temps name="out"><temp name="T473"/><temp name="T484"/><temp name="T433"/><temp name="T429"/><temp name="T416"/><temp name="T490"/><temp name="T423"/><temp name="T463"/><temp name="T8"/><temp name="T453"/><temp name="T457"/><temp name="T496"/><temp name="T405"/><temp name="T410"/><temp name="T469"/><temp name="T441"/><temp name="T479"/><temp name="T447"/></temps></instruction><instruction code="SETL  T400, 3"><temps name="use"/><temps name="def"><temp name="T400"/></temps><temps name="in"><temp name="T473"/><temp name="T484"/><temp name="T433"/><temp name="T429"/><temp name="T416"/><temp name="T490"/><temp name="T423"/><temp name="T463"/><temp name="T8"/><temp name="T453"/><temp name="T457"/><temp name="T496"/><temp name="T405"/><temp name="T410"/><temp name="T469"/><temp name="T441"/><temp name="T479"/><temp name="T447"/></temps><temps name="out"><temp name="T473"/><temp name="T484"/><temp name="T433"/><temp name="T429"/><temp name="T416"/><temp name="T490"/><temp name="T423"/><temp name="T463"/><temp name="T8"/><temp name="T453"/><temp name="T457"/><temp name="T496"/><temp name="T405"/><temp name="T410"/><temp name="T469"/><temp name="T441"/><temp name="T479"/><temp name="T447"/></temps></instruction><instruction code="INCML T400, 0"><temps name="use"/><temps name="def"><temp name="T400"/></temps><temps name="in"><temp name="T473"/><temp name="T484"/><temp name="T433"/><temp name="T429"/><temp name="T416"/><temp name="T490"/><temp name="T423"/><temp name="T463"/><temp name="T8"/><temp name="T453"/><temp name="T457"/><temp name="T496"/><temp name="T405"/><temp name="T410"/><temp name="T469"/><temp name="T441"/><temp name="T479"/><temp name="T447"/></temps><temps name="out"><temp name="T473"/><temp name="T484"/><temp name="T433"/><temp name="T429"/><temp name="T416"/><temp name="T490"/><temp name="T423"/><temp name="T463"/><temp name="T8"/><temp name="T453"/><temp name="T457"/><temp name="T496"/><temp name="T405"/><temp name="T410"/><temp name="T469"/><temp name="T441"/><temp name="T479"/><temp name="T447"/></temps></instruction><instruction code="INCMH T400, 0"><temps name="use"/><temps name="def"><temp name="T400"/></temps><temps name="in"><temp name="T473"/><temp name="T484"/><temp name="T433"/><temp name="T429"/><temp name="T416"/><temp name="T490"/><temp name="T423"/><temp name="T463"/><temp name="T8"/><temp name="T453"/><temp name="T457"/><temp name="T496"/><temp name="T405"/><temp name="T410"/><temp name="T469"/><temp name="T441"/><temp name="T479"/><temp name="T447"/></temps><temps name="out"><temp name="T473"/><temp name="T484"/><temp name="T433"/><temp name="T429"/><temp name="T416"/><temp name="T490"/><temp name="T423"/><temp name="T463"/><temp name="T8"/><temp name="T453"/><temp name="T457"/><temp name="T496"/><temp name="T405"/><temp name="T410"/><temp name="T469"/><temp name="T441"/><temp name="T479"/><temp name="T447"/></temps></instruction><instruction code="INCH  T400, 0"><temps name="use"/><temps name="def"><temp name="T400"/></temps><temps name="in"><temp name="T473"/><temp name="T484"/><temp name="T433"/><temp name="T429"/><temp name="T416"/><temp name="T490"/><temp name="T423"/><temp name="T463"/><temp name="T8"/><temp name="T453"/><temp name="T457"/><temp name="T496"/><temp name="T405"/><temp name="T410"/><temp name="T469"/><temp name="T441"/><temp name="T479"/><temp name="T447"/></temps><temps name="out"><temp name="T473"/><temp name="T484"/><temp name="T433"/><temp name="T429"/><temp name="T416"/><temp name="T490"/><temp name="T423"/><temp name="T463"/><temp name="T8"/><temp name="T453"/><temp name="T457"/><temp name="T496"/><temp name="T405"/><temp name="T410"/><temp name="T469"/><temp name="T400"/><temp name="T441"/><temp name="T479"/><temp name="T447"/></temps></instruction><instruction code="OR T162, T400, 0"><temps name="use"><temp name="T400"/></temps><temps name="def"><temp name="T162"/></temps><temps name="in"><temp name="T473"/><temp name="T484"/><temp name="T433"/><temp name="T429"/><temp name="T416"/><temp name="T490"/><temp name="T423"/><temp name="T463"/><temp name="T8"/><temp name="T453"/><temp name="T457"/><temp name="T496"/><temp name="T405"/><temp name="T410"/><temp name="T469"/><temp name="T400"/><temp name="T441"/><temp name="T479"/><temp name="T447"/></temps><temps name="out"><temp name="T473"/><temp name="T484"/><temp name="T433"/><temp name="T429"/><temp name="T416"/><temp name="T490"/><temp name="T423"/><temp name="T463"/><temp name="T162"/><temp name="T8"/><temp name="T453"/><temp name="T457"/><temp name="T496"/><temp name="T405"/><temp name="T410"/><temp name="T469"/><temp name="T441"/><temp name="T479"/><temp name="T447"/></temps></instruction><instruction code="SETL  T401, 3"><temps name="use"/><temps name="def"><temp name="T401"/></temps><temps name="in"><temp name="T473"/><temp name="T484"/><temp name="T433"/><temp name="T429"/><temp name="T416"/><temp name="T490"/><temp name="T423"/><temp name="T463"/><temp name="T162"/><temp name="T8"/><temp name="T453"/><temp name="T457"/><temp name="T496"/><temp name="T405"/><temp name="T410"/><temp name="T469"/><temp name="T441"/><temp name="T479"/><temp name="T447"/></temps><temps name="out"><temp name="T473"/><temp name="T484"/><temp name="T433"/><temp name="T429"/><temp name="T416"/><temp name="T490"/><temp name="T423"/><temp name="T463"/><temp name="T162"/><temp name="T8"/><temp name="T453"/><temp name="T457"/><temp name="T496"/><temp name="T405"/><temp name="T410"/><temp name="T469"/><temp name="T441"/><temp name="T479"/><temp name="T447"/></temps></instruction><instruction code="INCML T401, 0"><temps name="use"/><temps name="def"><temp name="T401"/></temps><temps name="in"><temp name="T473"/><temp name="T484"/><temp name="T433"/><temp name="T429"/><temp name="T416"/><temp name="T490"/><temp name="T423"/><temp name="T463"/><temp name="T162"/><temp name="T8"/><temp name="T453"/><temp name="T457"/><temp name="T496"/><temp name="T405"/><temp name="T410"/><temp name="T469"/><temp name="T441"/><temp name="T479"/><temp name="T447"/></temps><temps name="out"><temp name="T473"/><temp name="T484"/><temp name="T433"/><temp name="T429"/><temp name="T416"/><temp name="T490"/><temp name="T423"/><temp name="T463"/><temp name="T162"/><temp name="T8"/><temp name="T453"/><temp name="T457"/><temp name="T496"/><temp name="T405"/><temp name="T410"/><temp name="T469"/><temp name="T441"/><temp name="T479"/><temp name="T447"/></temps></instruction><instruction code="INCMH T401, 0"><temps name="use"/><temps name="def"><temp name="T401"/></temps><temps name="in"><temp name="T473"/><temp name="T484"/><temp name="T433"/><temp name="T429"/><temp name="T416"/><temp name="T490"/><temp name="T423"/><temp name="T463"/><temp name="T162"/><temp name="T8"/><temp name="T453"/><temp name="T457"/><temp name="T496"/><temp name="T405"/><temp name="T410"/><temp name="T469"/><temp name="T441"/><temp name="T479"/><temp name="T447"/></temps><temps name="out"><temp name="T473"/><temp name="T484"/><temp name="T433"/><temp name="T429"/><temp name="T416"/><temp name="T490"/><temp name="T423"/><temp name="T463"/><temp name="T162"/><temp name="T8"/><temp name="T453"/><temp name="T457"/><temp name="T496"/><temp name="T405"/><temp name="T410"/><temp name="T469"/><temp name="T441"/><temp name="T479"/><temp name="T447"/></temps></instruction><instruction code="INCH  T401, 0"><temps name="use"/><temps name="def"><temp name="T401"/></temps><temps name="in"><temp name="T473"/><temp name="T484"/><temp name="T433"/><temp name="T429"/><temp name="T416"/><temp name="T490"/><temp name="T423"/><temp name="T463"/><temp name="T162"/><temp name="T8"/><temp name="T453"/><temp name="T457"/><temp name="T496"/><temp name="T405"/><temp name="T410"/><temp name="T469"/><temp name="T441"/><temp name="T479"/><temp name="T447"/></temps><temps name="out"><temp name="T473"/><temp name="T484"/><temp name="T433"/><temp name="T429"/><temp name="T416"/><temp name="T490"/><temp name="T423"/><temp name="T463"/><temp name="T162"/><temp name="T8"/><temp name="T453"/><temp name="T457"/><temp name="T496"/><temp name="T405"/><temp name="T410"/><temp name="T469"/><temp name="T401"/><temp name="T441"/><temp name="T479"/><temp name="T447"/></temps></instruction><instruction code="OR T163, T401, 0"><temps name="use"><temp name="T401"/></temps><temps name="def"><temp name="T163"/></temps><temps name="in"><temp name="T473"/><temp name="T484"/><temp name="T433"/><temp name="T429"/><temp name="T416"/><temp name="T490"/><temp name="T423"/><temp name="T463"/><temp name="T162"/><temp name="T8"/><temp name="T453"/><temp name="T457"/><temp name="T496"/><temp name="T405"/><temp name="T410"/><temp name="T469"/><temp name="T401"/><temp name="T441"/><temp name="T479"/><temp name="T447"/></temps><temps name="out"><temp name="T473"/><temp name="T484"/><temp name="T433"/><temp name="T429"/><temp name="T416"/><temp name="T490"/><temp name="T423"/><temp name="T463"/><temp name="T162"/><temp name="T8"/><temp name="T453"/><temp name="T163"/><temp name="T457"/><temp name="T496"/><temp name="T405"/><temp name="T410"/><temp name="T469"/><temp name="T441"/><temp name="T479"/><temp name="T447"/></temps></instruction><instruction code="LDO T406, T405, 0"><temps name="use"><temp name="T405"/></temps><temps name="def"><temp name="T406"/></temps><temps name="in"><temp name="T473"/><temp name="T484"/><temp name="T433"/><temp name="T429"/><temp name="T416"/><temp name="T490"/><temp name="T423"/><temp name="T463"/><temp name="T162"/><temp name="T8"/><temp name="T453"/><temp name="T163"/><temp name="T457"/><temp name="T496"/><temp name="T405"/><temp name="T410"/><temp name="T469"/><temp name="T441"/><temp name="T479"/><temp name="T447"/></temps><temps name="out"><temp name="T473"/><temp name="T484"/><temp name="T433"/><temp name="T429"/><temp name="T416"/><temp name="T490"/><temp name="T423"/><temp name="T463"/><temp name="T406"/><temp name="T162"/><temp name="T8"/><temp name="T453"/><temp name="T163"/><temp name="T457"/><temp name="T496"/><temp name="T410"/><temp name="T469"/><temp name="T441"/><temp name="T479"/><temp name="T447"/></temps></instruction><instruction code="STO T406, T163, 0"><temps name="use"><temp name="T406"/><temp name="T163"/></temps><temps name="def"/><temps name="in"><temp name="T473"/><temp name="T484"/><temp name="T433"/><temp name="T429"/><temp name="T416"/><temp name="T490"/><temp name="T423"/><temp name="T463"/><temp name="T406"/><temp name="T162"/><temp name="T8"/><temp name="T453"/><temp name="T163"/><temp name="T457"/><temp name="T496"/><temp name="T410"/><temp name="T469"/><temp name="T441"/><temp name="T479"/><temp name="T447"/></temps><temps name="out"><temp name="T473"/><temp name="T484"/><temp name="T433"/><temp name="T429"/><temp name="T416"/><temp name="T490"/><temp name="T423"/><temp name="T463"/><temp name="T162"/><temp name="T8"/><temp name="T453"/><temp name="T457"/><temp name="T496"/><temp name="T410"/><temp name="T469"/><temp name="T441"/><temp name="T479"/><temp name="T447"/></temps></instruction><instruction code="LDA T407, _global"><temps name="use"/><temps name="def"><temp name="T407"/></temps><temps name="in"><temp name="T473"/><temp name="T484"/><temp name="T433"/><temp name="T429"/><temp name="T416"/><temp name="T490"/><temp name="T423"/><temp name="T463"/><temp name="T162"/><temp name="T8"/><temp name="T453"/><temp name="T457"/><temp name="T496"/><temp name="T410"/><temp name="T469"/><temp name="T441"/><temp name="T479"/><temp name="T447"/></temps><temps name="out"><temp name="T473"/><temp name="T484"/><temp name="T433"/><temp name="T429"/><temp name="T407"/><temp name="T416"/><temp name="T490"/><temp name="T423"/><temp name="T463"/><temp name="T162"/><temp name="T8"/><temp name="T453"/><temp name="T457"/><temp name="T496"/><temp name="T410"/><temp name="T469"/><temp name="T441"/><temp name="T479"/><temp name="T447"/></temps></instruction><instruction code="OR T164, T407, 0"><temps name="use"><temp name="T407"/></temps><temps name="def"><temp name="T164"/></temps><temps name="in"><temp name="T473"/><temp name="T484"/><temp name="T433"/><temp name="T429"/><temp name="T407"/><temp name="T416"/><temp name="T490"/><temp name="T423"/><temp name="T463"/><temp name="T162"/><temp name="T8"/><temp name="T453"/><temp name="T457"/><temp name="T496"/><temp name="T410"/><temp name="T469"/><temp name="T441"/><temp name="T479"/><temp name="T447"/></temps><temps name="out"><temp name="T473"/><temp name="T484"/><temp name="T433"/><temp name="T429"/><temp name="T164"/><temp name="T416"/><temp name="T490"/><temp name="T423"/><temp name="T463"/><temp name="T162"/><temp name="T8"/><temp name="T453"/><temp name="T457"/><temp name="T496"/><temp name="T410"/><temp name="T469"/><temp name="T441"/><temp name="T479"/><temp name="T447"/></temps></instruction><instruction code="SETL  T408, 0"><temps name="use"/><temps name="def"><temp name="T408"/></temps><temps name="in"><temp name="T473"/><temp name="T484"/><temp name="T433"/><temp name="T429"/><temp name="T164"/><temp name="T416"/><temp name="T490"/><temp name="T423"/><temp name="T463"/><temp name="T162"/><temp name="T8"/><temp name="T453"/><temp name="T457"/><temp name="T496"/><temp name="T410"/><temp name="T469"/><temp name="T441"/><temp name="T479"/><temp name="T447"/></temps><temps name="out"><temp name="T473"/><temp name="T484"/><temp name="T433"/><temp name="T429"/><temp name="T164"/><temp name="T416"/><temp name="T490"/><temp name="T423"/><temp name="T463"/><temp name="T162"/><temp name="T8"/><temp name="T453"/><temp name="T457"/><temp name="T496"/><temp name="T410"/><temp name="T469"/><temp name="T441"/><temp name="T479"/><temp name="T447"/></temps></instruction><instruction code="INCML T408, 0"><temps name="use"/><temps name="def"><temp name="T408"/></temps><temps name="in"><temp name="T473"/><temp name="T484"/><temp name="T433"/><temp name="T429"/><temp name="T164"/><temp name="T416"/><temp name="T490"/><temp name="T423"/><temp name="T463"/><temp name="T162"/><temp name="T8"/><temp name="T453"/><temp name="T457"/><temp name="T496"/><temp name="T410"/><temp name="T469"/><temp name="T441"/><temp name="T479"/><temp name="T447"/></temps><temps name="out"><temp name="T473"/><temp name="T484"/><temp name="T433"/><temp name="T429"/><temp name="T164"/><temp name="T416"/><temp name="T490"/><temp name="T423"/><temp name="T463"/><temp name="T162"/><temp name="T8"/><temp name="T453"/><temp name="T457"/><temp name="T496"/><temp name="T410"/><temp name="T469"/><temp name="T441"/><temp name="T479"/><temp name="T447"/></temps></instruction><instruction code="INCMH T408, 0"><temps name="use"/><temps name="def"><temp name="T408"/></temps><temps name="in"><temp name="T473"/><temp name="T484"/><temp name="T433"/><temp name="T429"/><temp name="T164"/><temp name="T416"/><temp name="T490"/><temp name="T423"/><temp name="T463"/><temp name="T162"/><temp name="T8"/><temp name="T453"/><temp name="T457"/><temp name="T496"/><temp name="T410"/><temp name="T469"/><temp name="T441"/><temp name="T479"/><temp name="T447"/></temps><temps name="out"><temp name="T473"/><temp name="T484"/><temp name="T433"/><temp name="T429"/><temp name="T164"/><temp name="T416"/><temp name="T490"/><temp name="T423"/><temp name="T463"/><temp name="T162"/><temp name="T8"/><temp name="T453"/><temp name="T457"/><temp name="T496"/><temp name="T410"/><temp name="T469"/><temp name="T441"/><temp name="T479"/><temp name="T447"/></temps></instruction><instruction code="INCH  T408, 0"><temps name="use"/><temps name="def"><temp name="T408"/></temps><temps name="in"><temp name="T473"/><temp name="T484"/><temp name="T433"/><temp name="T429"/><temp name="T164"/><temp name="T416"/><temp name="T490"/><temp name="T423"/><temp name="T463"/><temp name="T162"/><temp name="T8"/><temp name="T453"/><temp name="T457"/><temp name="T496"/><temp name="T410"/><temp name="T469"/><temp name="T441"/><temp name="T479"/><temp name="T447"/></temps><temps name="out"><temp name="T473"/><temp name="T484"/><temp name="T433"/><temp name="T429"/><temp name="T164"/><temp name="T416"/><temp name="T490"/><temp name="T423"/><temp name="T463"/><temp name="T162"/><temp name="T8"/><temp name="T453"/><temp name="T457"/><temp name="T496"/><temp name="T410"/><temp name="T469"/><temp name="T408"/><temp name="T441"/><temp name="T479"/><temp name="T447"/></temps></instruction><instruction code="OR T165, T408, 0"><temps name="use"><temp name="T408"/></temps><temps name="def"><temp name="T165"/></temps><temps name="in"><temp name="T473"/><temp name="T484"/><temp name="T433"/><temp name="T429"/><temp name="T164"/><temp name="T416"/><temp name="T490"/><temp name="T423"/><temp name="T463"/><temp name="T162"/><temp name="T8"/><temp name="T453"/><temp name="T457"/><temp name="T496"/><temp name="T410"/><temp name="T469"/><temp name="T408"/><temp name="T441"/><temp name="T479"/><temp name="T447"/></temps><temps name="out"><temp name="T473"/><temp name="T484"/><temp name="T433"/><temp name="T429"/><temp name="T164"/><temp name="T416"/><temp name="T490"/><temp name="T423"/><temp name="T463"/><temp name="T165"/><temp name="T162"/><temp name="T8"/><temp name="T453"/><temp name="T457"/><temp name="T496"/><temp name="T410"/><temp name="T469"/><temp name="T441"/><temp name="T479"/><temp name="T447"/></temps></instruction><instruction code="ADD T409, T164, T165"><temps name="use"><temp name="T164"/><temp name="T165"/></temps><temps name="def"><temp name="T409"/></temps><temps name="in"><temp name="T473"/><temp name="T484"/><temp name="T433"/><temp name="T429"/><temp name="T164"/><temp name="T416"/><temp name="T490"/><temp name="T423"/><temp name="T463"/><temp name="T165"/><temp name="T162"/><temp name="T8"/><temp name="T453"/><temp name="T457"/><temp name="T496"/><temp name="T410"/><temp name="T469"/><temp name="T441"/><temp name="T479"/><temp name="T447"/></temps><temps name="out"><temp name="T473"/><temp name="T484"/><temp name="T433"/><temp name="T429"/><temp name="T416"/><temp name="T490"/><temp name="T423"/><temp name="T463"/><temp name="T162"/><temp name="T8"/><temp name="T453"/><temp name="T457"/><temp name="T496"/><temp name="T410"/><temp name="T469"/><temp name="T409"/><temp name="T441"/><temp name="T479"/><temp name="T447"/></temps></instruction><instruction code="OR T166, T409, 0"><temps name="use"><temp name="T409"/></temps><temps name="def"><temp name="T166"/></temps><temps name="in"><temp name="T473"/><temp name="T484"/><temp name="T433"/><temp name="T429"/><temp name="T416"/><temp name="T490"/><temp name="T423"/><temp name="T463"/><temp name="T162"/><temp name="T8"/><temp name="T453"/><temp name="T457"/><temp name="T496"/><temp name="T410"/><temp name="T469"/><temp name="T409"/><temp name="T441"/><temp name="T479"/><temp name="T447"/></temps><temps name="out"><temp name="T473"/><temp name="T484"/><temp name="T433"/><temp name="T429"/><temp name="T416"/><temp name="T490"/><temp name="T423"/><temp name="T463"/><temp name="T162"/><temp name="T8"/><temp name="T453"/><temp name="T457"/><temp name="T496"/><temp name="T410"/><temp name="T469"/><temp name="T441"/><temp name="T479"/><temp name="T447"/></temps></instruction><instruction code="LDO T411, T410, 0"><temps name="use"><temp name="T410"/></temps><temps name="def"><temp name="T411"/></temps><temps name="in"><temp name="T473"/><temp name="T484"/><temp name="T433"/><temp name="T429"/><temp name="T416"/><temp name="T490"/><temp name="T423"/><temp name="T463"/><temp name="T162"/><temp name="T8"/><temp name="T453"/><temp name="T457"/><temp name="T496"/><temp name="T410"/><temp name="T469"/><temp name="T441"/><temp name="T479"/><temp name="T447"/></temps><temps name="out"><temp name="T473"/><temp name="T484"/><temp name="T433"/><temp name="T429"/><temp name="T416"/><temp name="T490"/><temp name="T423"/><temp name="T463"/><temp name="T162"/><temp name="T8"/><temp name="T453"/><temp name="T457"/><temp name="T496"/><temp name="T469"/><temp name="T441"/><temp name="T479"/><temp name="T411"/><temp name="T447"/></temps></instruction><instruction code="OR T167, T411, 0"><temps name="use"><temp name="T411"/></temps><temps name="def"><temp name="T167"/></temps><temps name="in"><temp name="T473"/><temp name="T484"/><temp name="T433"/><temp name="T429"/><temp name="T416"/><temp name="T490"/><temp name="T423"/><temp name="T463"/><temp name="T162"/><temp name="T8"/><temp name="T453"/><temp name="T457"/><temp name="T496"/><temp name="T469"/><temp name="T441"/><temp name="T479"/><temp name="T411"/><temp name="T447"/></temps><temps name="out"><temp name="T473"/><temp name="T484"/><temp name="T433"/><temp name="T429"/><temp name="T416"/><temp name="T490"/><temp name="T423"/><temp name="T463"/><temp name="T162"/><temp name="T8"/><temp name="T453"/><temp name="T457"/><temp name="T496"/><temp name="T469"/><temp name="T167"/><temp name="T441"/><temp name="T479"/><temp name="T447"/></temps></instruction><instruction code="OR T168, T167, 0"><temps name="use"><temp name="T167"/></temps><temps name="def"><temp name="T168"/></temps><temps name="in"><temp name="T473"/><temp name="T484"/><temp name="T433"/><temp name="T429"/><temp name="T416"/><temp name="T490"/><temp name="T423"/><temp name="T463"/><temp name="T162"/><temp name="T8"/><temp name="T453"/><temp name="T457"/><temp name="T496"/><temp name="T469"/><temp name="T167"/><temp name="T441"/><temp name="T479"/><temp name="T447"/></temps><temps name="out"><temp name="T473"/><temp name="T484"/><temp name="T433"/><temp name="T429"/><temp name="T168"/><temp name="T416"/><temp name="T490"/><temp name="T423"/><temp name="T463"/><temp name="T162"/><temp name="T8"/><temp name="T453"/><temp name="T457"/><temp name="T496"/><temp name="T469"/><temp name="T441"/><temp name="T479"/><temp name="T447"/></temps></instruction><instruction code="ADD T412, T162, T168"><temps name="use"><temp name="T162"/><temp name="T168"/></temps><temps name="def"><temp name="T412"/></temps><temps name="in"><temp name="T473"/><temp name="T484"/><temp name="T433"/><temp name="T429"/><temp name="T168"/><temp name="T416"/><temp name="T490"/><temp name="T423"/><temp name="T463"/><temp name="T162"/><temp name="T8"/><temp name="T453"/><temp name="T457"/><temp name="T496"/><temp name="T469"/><temp name="T441"/><temp name="T479"/><temp name="T447"/></temps><temps name="out"><temp name="T473"/><temp name="T484"/><temp name="T433"/><temp name="T429"/><temp name="T416"/><temp name="T490"/><temp name="T412"/><temp name="T423"/><temp name="T463"/><temp name="T8"/><temp name="T453"/><temp name="T457"/><temp name="T496"/><temp name="T469"/><temp name="T441"/><temp name="T479"/><temp name="T447"/></temps></instruction><instruction code="OR T169, T412, 0"><temps name="use"><temp name="T412"/></temps><temps name="def"><temp name="T169"/></temps><temps name="in"><temp name="T473"/><temp name="T484"/><temp name="T433"/><temp name="T429"/><temp name="T416"/><temp name="T490"/><temp name="T412"/><temp name="T423"/><temp name="T463"/><temp name="T8"/><temp name="T453"/><temp name="T457"/><temp name="T496"/><temp name="T469"/><temp name="T441"/><temp name="T479"/><temp name="T447"/></temps><temps name="out"><temp name="T473"/><temp name="T484"/><temp name="T433"/><temp name="T429"/><temp name="T416"/><temp name="T490"/><temp name="T423"/><temp name="T463"/><temp name="T8"/><temp name="T453"/><temp name="T457"/><temp name="T496"/><temp name="T469"/><temp name="T169"/><temp name="T441"/><temp name="T479"/><temp name="T447"/></temps></instruction><instruction code="LDO T417, T416, 0"><temps name="use"><temp name="T416"/></temps><temps name="def"><temp name="T417"/></temps><temps name="in"><temp name="T473"/><temp name="T484"/><temp name="T433"/><temp name="T429"/><temp name="T416"/><temp name="T490"/><temp name="T423"/><temp name="T463"/><temp name="T8"/><temp name="T453"/><temp name="T457"/><temp name="T496"/><temp name="T469"/><temp name="T169"/><temp name="T441"/><temp name="T479"/><temp name="T447"/></temps><temps name="out"><temp name="T473"/><temp name="T484"/><temp name="T433"/><temp name="T429"/><temp name="T490"/><temp name="T423"/><temp name="T463"/><temp name="T8"/><temp name="T453"/><temp name="T417"/><temp name="T457"/><temp name="T496"/><temp name="T469"/><temp name="T169"/><temp name="T441"/><temp name="T479"/><temp name="T447"/></temps></instruction><instruction code="STO T417, T169, 0"><temps name="use"><temp name="T417"/><temp name="T169"/></temps><temps name="def"/><temps name="in"><temp name="T473"/><temp name="T484"/><temp name="T433"/><temp name="T429"/><temp name="T490"/><temp name="T423"/><temp name="T463"/><temp name="T8"/><temp name="T453"/><temp name="T417"/><temp name="T457"/><temp name="T496"/><temp name="T469"/><temp name="T169"/><temp name="T441"/><temp name="T479"/><temp name="T447"/></temps><temps name="out"><temp name="T473"/><temp name="T484"/><temp name="T433"/><temp name="T429"/><temp name="T490"/><temp name="T423"/><temp name="T463"/><temp name="T8"/><temp name="T453"/><temp name="T457"/><temp name="T496"/><temp name="T469"/><temp name="T441"/><temp name="T479"/><temp name="T447"/></temps></instruction><instruction code="LDA T418, L6"><temps name="use"/><temps name="def"><temp name="T418"/></temps><temps name="in"><temp name="T473"/><temp name="T484"/><temp name="T433"/><temp name="T429"/><temp name="T490"/><temp name="T423"/><temp name="T463"/><temp name="T8"/><temp name="T453"/><temp name="T457"/><temp name="T496"/><temp name="T469"/><temp name="T441"/><temp name="T479"/><temp name="T447"/></temps><temps name="out"><temp name="T473"/><temp name="T484"/><temp name="T433"/><temp name="T429"/><temp name="T418"/><temp name="T490"/><temp name="T423"/><temp name="T463"/><temp name="T8"/><temp name="T453"/><temp name="T457"/><temp name="T496"/><temp name="T469"/><temp name="T441"/><temp name="T479"/><temp name="T447"/></temps></instruction><instruction code="GO T418, T418, 0"><temps name="use"><temp name="T418"/></temps><temps name="def"><temp name="T418"/></temps><temps name="in"><temp name="T473"/><temp name="T484"/><temp name="T433"/><temp name="T429"/><temp name="T418"/><temp name="T490"/><temp name="T423"/><temp name="T463"/><temp name="T8"/><temp name="T453"/><temp name="T457"/><temp name="T496"/><temp name="T469"/><temp name="T441"/><temp name="T479"/><temp name="T447"/></temps><temps name="out"><temp name="T473"/><temp name="T484"/><temp name="T433"/><temp name="T429"/><temp name="T490"/><temp name="T423"/><temp name="T463"/><temp name="T8"/><temp name="T453"/><temp name="T457"/><temp name="T496"/><temp name="T469"/><temp name="T441"/><temp name="T479"/><temp name="T447"/></temps></instruction><instruction code="L5"><temps name="use"/><temps name="def"/><temps name="in"><temp name="T473"/><temp name="T484"/><temp name="T429"/><temp name="T433"/><temp name="T490"/><temp name="T423"/><temp name="T463"/><temp name="T8"/><temp name="T453"/><temp name="T457"/><temp name="T496"/><temp name="T469"/><temp name="T441"/><temp name="T479"/><temp name="T447"/></temps><temps name="out"><temp name="T473"/><temp name="T484"/><temp name="T429"/><temp name="T433"/><temp name="T490"/><temp name="T423"/><temp name="T463"/><temp name="T8"/><temp name="T453"/><temp name="T457"/><temp name="T496"/><temp name="T469"/><temp name="T441"/><temp name="T479"/><temp name="T447"/></temps></instruction><instruction code="SETL  T419, 49"><temps name="use"/><temps name="def"><temp name="T419"/></temps><temps name="in"><temp name="T473"/><temp name="T484"/><temp name="T429"/><temp name="T433"/><temp name="T490"/><temp name="T423"/><temp name="T463"/><temp name="T8"/><temp name="T453"/><temp name="T457"/><temp name="T496"/><temp name="T469"/><temp name="T441"/><temp name="T479"/><temp name="T447"/></temps><temps name="out"><temp name="T473"/><temp name="T484"/><temp name="T429"/><temp name="T433"/><temp name="T490"/><temp name="T423"/><temp name="T463"/><temp name="T8"/><temp name="T453"/><temp name="T457"/><temp name="T496"/><temp name="T469"/><temp name="T441"/><temp name="T479"/><temp name="T447"/></temps></instruction><instruction code="INCML T419, 0"><temps name="use"/><temps name="def"><temp name="T419"/></temps><temps name="in"><temp name="T473"/><temp name="T484"/><temp name="T429"/><temp name="T433"/><temp name="T490"/><temp name="T423"/><temp name="T463"/><temp name="T8"/><temp name="T453"/><temp name="T457"/><temp name="T496"/><temp name="T469"/><temp name="T441"/><temp name="T479"/><temp name="T447"/></temps><temps name="out"><temp name="T473"/><temp name="T484"/><temp name="T429"/><temp name="T433"/><temp name="T490"/><temp name="T423"/><temp name="T463"/><temp name="T8"/><temp name="T453"/><temp name="T457"/><temp name="T496"/><temp name="T469"/><temp name="T441"/><temp name="T479"/><temp name="T447"/></temps></instruction><instruction code="INCMH T419, 0"><temps name="use"/><temps name="def"><temp name="T419"/></temps><temps name="in"><temp name="T473"/><temp name="T484"/><temp name="T429"/><temp name="T433"/><temp name="T490"/><temp name="T423"/><temp name="T463"/><temp name="T8"/><temp name="T453"/><temp name="T457"/><temp name="T496"/><temp name="T469"/><temp name="T441"/><temp name="T479"/><temp name="T447"/></temps><temps name="out"><temp name="T473"/><temp name="T484"/><temp name="T429"/><temp name="T433"/><temp name="T490"/><temp name="T423"/><temp name="T463"/><temp name="T8"/><temp name="T453"/><temp name="T457"/><temp name="T496"/><temp name="T469"/><temp name="T441"/><temp name="T479"/><temp name="T447"/></temps></instruction><instruction code="INCH  T419, 0"><temps name="use"/><temps name="def"><temp name="T419"/></temps><temps name="in"><temp name="T473"/><temp name="T484"/><temp name="T429"/><temp name="T433"/><temp name="T490"/><temp name="T423"/><temp name="T463"/><temp name="T8"/><temp name="T453"/><temp name="T457"/><temp name="T496"/><temp name="T469"/><temp name="T441"/><temp name="T479"/><temp name="T447"/></temps><temps name="out"><temp name="T473"/><temp name="T484"/><temp name="T429"/><temp name="T433"/><temp name="T490"/><temp name="T423"/><temp name="T463"/><temp name="T419"/><temp name="T8"/><temp name="T453"/><temp name="T457"/><temp name="T496"/><temp name="T469"/><temp name="T441"/><temp name="T479"/><temp name="T447"/></temps></instruction><instruction code="OR T170, T419, 0"><temps name="use"><temp name="T419"/></temps><temps name="def"><temp name="T170"/></temps><temps name="in"><temp name="T473"/><temp name="T484"/><temp name="T429"/><temp name="T433"/><temp name="T490"/><temp name="T423"/><temp name="T463"/><temp name="T419"/><temp name="T8"/><temp name="T453"/><temp name="T457"/><temp name="T496"/><temp name="T469"/><temp name="T441"/><temp name="T479"/><temp name="T447"/></temps><temps name="out"><temp name="T473"/><temp name="T484"/><temp name="T429"/><temp name="T433"/><temp name="T490"/><temp name="T170"/><temp name="T423"/><temp name="T463"/><temp name="T8"/><temp name="T453"/><temp name="T457"/><temp name="T496"/><temp name="T469"/><temp name="T441"/><temp name="T479"/><temp name="T447"/></temps></instruction><instruction code="LDO T424, T423, 0"><temps name="use"><temp name="T423"/></temps><temps name="def"><temp name="T424"/></temps><temps name="in"><temp name="T473"/><temp name="T484"/><temp name="T429"/><temp name="T433"/><temp name="T490"/><temp name="T170"/><temp name="T423"/><temp name="T463"/><temp name="T8"/><temp name="T453"/><temp name="T457"/><temp name="T496"/><temp name="T469"/><temp name="T441"/><temp name="T479"/><temp name="T447"/></temps><temps name="out"><temp name="T473"/><temp name="T484"/><temp name="T429"/><temp name="T433"/><temp name="T424"/><temp name="T490"/><temp name="T170"/><temp name="T463"/><temp name="T8"/><temp name="T453"/><temp name="T457"/><temp name="T496"/><temp name="T469"/><temp name="T441"/><temp name="T479"/><temp name="T447"/></temps></instruction><instruction code="STO T424, T170, 0"><temps name="use"><temp name="T424"/><temp name="T170"/></temps><temps name="def"/><temps name="in"><temp name="T473"/><temp name="T484"/><temp name="T429"/><temp name="T433"/><temp name="T424"/><temp name="T490"/><temp name="T170"/><temp name="T463"/><temp name="T8"/><temp name="T453"/><temp name="T457"/><temp name="T496"/><temp name="T469"/><temp name="T441"/><temp name="T479"/><temp name="T447"/></temps><temps name="out"><temp name="T473"/><temp name="T484"/><temp name="T429"/><temp name="T433"/><temp name="T490"/><temp name="T463"/><temp name="T8"/><temp name="T453"/><temp name="T457"/><temp name="T496"/><temp name="T469"/><temp name="T441"/><temp name="T479"/><temp name="T447"/></temps></instruction><instruction code="SETL  T425, 2"><temps name="use"/><temps name="def"><temp name="T425"/></temps><temps name="in"><temp name="T473"/><temp name="T484"/><temp name="T429"/><temp name="T433"/><temp name="T490"/><temp name="T463"/><temp name="T8"/><temp name="T453"/><temp name="T457"/><temp name="T496"/><temp name="T469"/><temp name="T441"/><temp name="T479"/><temp name="T447"/></temps><temps name="out"><temp name="T473"/><temp name="T484"/><temp name="T429"/><temp name="T433"/><temp name="T490"/><temp name="T463"/><temp name="T8"/><temp name="T453"/><temp name="T457"/><temp name="T496"/><temp name="T469"/><temp name="T441"/><temp name="T479"/><temp name="T447"/></temps></instruction><instruction code="INCML T425, 0"><temps name="use"/><temps name="def"><temp name="T425"/></temps><temps name="in"><temp name="T473"/><temp name="T484"/><temp name="T429"/><temp name="T433"/><temp name="T490"/><temp name="T463"/><temp name="T8"/><temp name="T453"/><temp name="T457"/><temp name="T496"/><temp name="T469"/><temp name="T441"/><temp name="T479"/><temp name="T447"/></temps><temps name="out"><temp name="T473"/><temp name="T484"/><temp name="T429"/><temp name="T433"/><temp name="T490"/><temp name="T463"/><temp name="T8"/><temp name="T453"/><temp name="T457"/><temp name="T496"/><temp name="T469"/><temp name="T441"/><temp name="T479"/><temp name="T447"/></temps></instruction><instruction code="INCMH T425, 0"><temps name="use"/><temps name="def"><temp name="T425"/></temps><temps name="in"><temp name="T473"/><temp name="T484"/><temp name="T429"/><temp name="T433"/><temp name="T490"/><temp name="T463"/><temp name="T8"/><temp name="T453"/><temp name="T457"/><temp name="T496"/><temp name="T469"/><temp name="T441"/><temp name="T479"/><temp name="T447"/></temps><temps name="out"><temp name="T473"/><temp name="T484"/><temp name="T429"/><temp name="T433"/><temp name="T490"/><temp name="T463"/><temp name="T8"/><temp name="T453"/><temp name="T457"/><temp name="T496"/><temp name="T469"/><temp name="T441"/><temp name="T479"/><temp name="T447"/></temps></instruction><instruction code="INCH  T425, 0"><temps name="use"/><temps name="def"><temp name="T425"/></temps><temps name="in"><temp name="T473"/><temp name="T484"/><temp name="T429"/><temp name="T433"/><temp name="T490"/><temp name="T463"/><temp name="T8"/><temp name="T453"/><temp name="T457"/><temp name="T496"/><temp name="T469"/><temp name="T441"/><temp name="T479"/><temp name="T447"/></temps><temps name="out"><temp name="T425"/><temp name="T473"/><temp name="T484"/><temp name="T429"/><temp name="T433"/><temp name="T490"/><temp name="T463"/><temp name="T8"/><temp name="T453"/><temp name="T457"/><temp name="T496"/><temp name="T469"/><temp name="T441"/><temp name="T479"/><temp name="T447"/></temps></instruction><instruction code="OR T171, T425, 0"><temps name="use"><temp name="T425"/></temps><temps name="def"><temp name="T171"/></temps><temps name="in"><temp name="T425"/><temp name="T473"/><temp name="T484"/><temp name="T429"/><temp name="T433"/><temp name="T490"/><temp name="T463"/><temp name="T8"/><temp name="T453"/><temp name="T457"/><temp name="T496"/><temp name="T469"/><temp name="T441"/><temp name="T479"/><temp name="T447"/></temps><temps name="out"><temp name="T473"/><temp name="T484"/><temp name="T171"/><temp name="T429"/><temp name="T433"/><temp name="T490"/><temp name="T463"/><temp name="T8"/><temp name="T453"/><temp name="T457"/><temp name="T496"/><temp name="T469"/><temp name="T441"/><temp name="T479"/><temp name="T447"/></temps></instruction><instruction code="LDO T430, T429, 0"><temps name="use"><temp name="T429"/></temps><temps name="def"><temp name="T430"/></temps><temps name="in"><temp name="T473"/><temp name="T484"/><temp name="T171"/><temp name="T429"/><temp name="T433"/><temp name="T490"/><temp name="T463"/><temp name="T8"/><temp name="T453"/><temp name="T457"/><temp name="T496"/><temp name="T469"/><temp name="T441"/><temp name="T479"/><temp name="T447"/></temps><temps name="out"><temp name="T473"/><temp name="T484"/><temp name="T171"/><temp name="T433"/><temp name="T490"/><temp name="T463"/><temp name="T430"/><temp name="T8"/><temp name="T453"/><temp name="T457"/><temp name="T496"/><temp name="T469"/><temp name="T441"/><temp name="T479"/><temp name="T447"/></temps></instruction><instruction code="STO T430, T171, 0"><temps name="use"><temp name="T430"/><temp name="T171"/></temps><temps name="def"/><temps name="in"><temp name="T473"/><temp name="T484"/><temp name="T171"/><temp name="T433"/><temp name="T490"/><temp name="T463"/><temp name="T430"/><temp name="T8"/><temp name="T453"/><temp name="T457"/><temp name="T496"/><temp name="T469"/><temp name="T441"/><temp name="T479"/><temp name="T447"/></temps><temps name="out"><temp name="T473"/><temp name="T484"/><temp name="T433"/><temp name="T490"/><temp name="T463"/><temp name="T8"/><temp name="T453"/><temp name="T457"/><temp name="T496"/><temp name="T469"/><temp name="T441"/><temp name="T479"/><temp name="T447"/></temps></instruction><instruction code="L6"><temps name="use"/><temps name="def"/><temps name="in"><temp name="T473"/><temp name="T484"/><temp name="T433"/><temp name="T490"/><temp name="T463"/><temp name="T8"/><temp name="T453"/><temp name="T457"/><temp name="T496"/><temp name="T469"/><temp name="T441"/><temp name="T479"/><temp name="T447"/></temps><temps name="out"><temp name="T473"/><temp name="T484"/><temp name="T433"/><temp name="T490"/><temp name="T463"/><temp name="T8"/><temp name="T453"/><temp name="T457"/><temp name="T496"/><temp name="T469"/><temp name="T441"/><temp name="T479"/><temp name="T447"/></temps></instruction><instruction code="SETL  T431, 0"><temps name="use"/><temps name="def"><temp name="T431"/></temps><temps name="in"><temp name="T473"/><temp name="T484"/><temp name="T433"/><temp name="T490"/><temp name="T463"/><temp name="T8"/><temp name="T453"/><temp name="T457"/><temp name="T496"/><temp name="T469"/><temp name="T441"/><temp name="T479"/><temp name="T447"/></temps><temps name="out"><temp name="T473"/><temp name="T484"/><temp name="T433"/><temp name="T490"/><temp name="T463"/><temp name="T8"/><temp name="T453"/><temp name="T457"/><temp name="T496"/><temp name="T469"/><temp name="T441"/><temp name="T479"/><temp name="T447"/></temps></instruction><instruction code="INCML T431, 0"><temps name="use"/><temps name="def"><temp name="T431"/></temps><temps name="in"><temp name="T473"/><temp name="T484"/><temp name="T433"/><temp name="T490"/><temp name="T463"/><temp name="T8"/><temp name="T453"/><temp name="T457"/><temp name="T496"/><temp name="T469"/><temp name="T441"/><temp name="T479"/><temp name="T447"/></temps><temps name="out"><temp name="T473"/><temp name="T484"/><temp name="T433"/><temp name="T490"/><temp name="T463"/><temp name="T8"/><temp name="T453"/><temp name="T457"/><temp name="T496"/><temp name="T469"/><temp name="T441"/><temp name="T479"/><temp name="T447"/></temps></instruction><instruction code="INCMH T431, 0"><temps name="use"/><temps name="def"><temp name="T431"/></temps><temps name="in"><temp name="T473"/><temp name="T484"/><temp name="T433"/><temp name="T490"/><temp name="T463"/><temp name="T8"/><temp name="T453"/><temp name="T457"/><temp name="T496"/><temp name="T469"/><temp name="T441"/><temp name="T479"/><temp name="T447"/></temps><temps name="out"><temp name="T473"/><temp name="T484"/><temp name="T433"/><temp name="T490"/><temp name="T463"/><temp name="T8"/><temp name="T453"/><temp name="T457"/><temp name="T496"/><temp name="T469"/><temp name="T441"/><temp name="T479"/><temp name="T447"/></temps></instruction><instruction code="INCH  T431, 0"><temps name="use"/><temps name="def"><temp name="T431"/></temps><temps name="in"><temp name="T473"/><temp name="T484"/><temp name="T433"/><temp name="T490"/><temp name="T463"/><temp name="T8"/><temp name="T453"/><temp name="T457"/><temp name="T496"/><temp name="T469"/><temp name="T441"/><temp name="T479"/><temp name="T447"/></temps><temps name="out"><temp name="T473"/><temp name="T484"/><temp name="T433"/><temp name="T490"/><temp name="T463"/><temp name="T8"/><temp name="T453"/><temp name="T457"/><temp name="T496"/><temp name="T469"/><temp name="T441"/><temp name="T431"/><temp name="T479"/><temp name="T447"/></temps></instruction><instruction code="OR T172, T431, 0"><temps name="use"><temp name="T431"/></temps><temps name="def"><temp name="T172"/></temps><temps name="in"><temp name="T473"/><temp name="T484"/><temp name="T433"/><temp name="T490"/><temp name="T463"/><temp name="T8"/><temp name="T453"/><temp name="T457"/><temp name="T496"/><temp name="T469"/><temp name="T441"/><temp name="T431"/><temp name="T479"/><temp name="T447"/></temps><temps name="out"><temp name="T473"/><temp name="T484"/><temp name="T433"/><temp name="T490"/><temp name="T463"/><temp name="T8"/><temp name="T453"/><temp name="T457"/><temp name="T496"/><temp name="T469"/><temp name="T172"/><temp name="T441"/><temp name="T479"/><temp name="T447"/></temps></instruction><instruction code="STO T172, $254, 8"><temps name="use"><temp name="T172"/></temps><temps name="def"/><temps name="in"><temp name="T473"/><temp name="T484"/><temp name="T433"/><temp name="T490"/><temp name="T463"/><temp name="T8"/><temp name="T453"/><temp name="T457"/><temp name="T496"/><temp name="T469"/><temp name="T172"/><temp name="T441"/><temp name="T479"/><temp name="T447"/></temps><temps name="out"><temp name="T473"/><temp name="T484"/><temp name="T433"/><temp name="T490"/><temp name="T463"/><temp name="T8"/><temp name="T453"/><temp name="T457"/><temp name="T496"/><temp name="T469"/><temp name="T441"/><temp name="T479"/><temp name="T447"/></temps></instruction><instruction code="LDA T432, _x"><temps name="use"/><temps name="def"><temp name="T432"/></temps><temps name="in"><temp name="T473"/><temp name="T484"/><temp name="T433"/><temp name="T490"/><temp name="T463"/><temp name="T8"/><temp name="T453"/><temp name="T457"/><temp name="T496"/><temp name="T469"/><temp name="T441"/><temp name="T479"/><temp name="T447"/></temps><temps name="out"><temp name="T473"/><temp name="T484"/><temp name="T433"/><temp name="T432"/><temp name="T490"/><temp name="T463"/><temp name="T8"/><temp name="T453"/><temp name="T457"/><temp name="T496"/><temp name="T469"/><temp name="T441"/><temp name="T479"/><temp name="T447"/></temps></instruction><instruction code="PUSHJ $15, T432, 0"><temps name="use"><temp name="T432"/></temps><temps name="def"/><temps name="in"><temp name="T473"/><temp name="T484"/><temp name="T433"/><temp name="T432"/><temp name="T490"/><temp name="T463"/><temp name="T8"/><temp name="T453"/><temp name="T457"/><temp name="T496"/><temp name="T469"/><temp name="T441"/><temp name="T479"/><temp name="T447"/></temps><temps name="out"><temp name="T473"/><temp name="T484"/><temp name="T433"/><temp name="T490"/><temp name="T463"/><temp name="T8"/><temp name="T453"/><temp name="T457"/><temp name="T496"/><temp name="T469"/><temp name="T441"/><temp name="T479"/><temp name="T447"/></temps></instruction><instruction code="OR T173, T433, 0"><temps name="use"><temp name="T433"/></temps><temps name="def"><temp name="T173"/></temps><temps name="in"><temp name="T473"/><temp name="T484"/><temp name="T433"/><temp name="T490"/><temp name="T463"/><temp name="T8"/><temp name="T453"/><temp name="T457"/><temp name="T496"/><temp name="T469"/><temp name="T441"/><temp name="T479"/><temp name="T447"/></temps><temps name="out"><temp name="T473"/><temp name="T484"/><temp name="T490"/><temp name="T463"/><temp name="T8"/><temp name="T453"/><temp name="T457"/><temp name="T496"/><temp name="T469"/><temp name="T173"/><temp name="T441"/><temp name="T479"/><temp name="T447"/></temps></instruction><instruction code="SETL  T434, 50"><temps name="use"/><temps name="def"><temp name="T434"/></temps><temps name="in"><temp name="T473"/><temp name="T484"/><temp name="T490"/><temp name="T463"/><temp name="T8"/><temp name="T453"/><temp name="T457"/><temp name="T496"/><temp name="T469"/><temp name="T173"/><temp name="T441"/><temp name="T479"/><temp name="T447"/></temps><temps name="out"><temp name="T473"/><temp name="T484"/><temp name="T490"/><temp name="T463"/><temp name="T8"/><temp name="T453"/><temp name="T457"/><temp name="T496"/><temp name="T469"/><temp name="T173"/><temp name="T441"/><temp name="T479"/><temp name="T447"/></temps></instruction><instruction code="INCML T434, 0"><temps name="use"/><temps name="def"><temp name="T434"/></temps><temps name="in"><temp name="T473"/><temp name="T484"/><temp name="T490"/><temp name="T463"/><temp name="T8"/><temp name="T453"/><temp name="T457"/><temp name="T496"/><temp name="T469"/><temp name="T173"/><temp name="T441"/><temp name="T479"/><temp name="T447"/></temps><temps name="out"><temp name="T473"/><temp name="T484"/><temp name="T490"/><temp name="T463"/><temp name="T8"/><temp name="T453"/><temp name="T457"/><temp name="T496"/><temp name="T469"/><temp name="T173"/><temp name="T441"/><temp name="T479"/><temp name="T447"/></temps></instruction><instruction code="INCMH T434, 0"><temps name="use"/><temps name="def"><temp name="T434"/></temps><temps name="in"><temp name="T473"/><temp name="T484"/><temp name="T490"/><temp name="T463"/><temp name="T8"/><temp name="T453"/><temp name="T457"/><temp name="T496"/><temp name="T469"/><temp name="T173"/><temp name="T441"/><temp name="T479"/><temp name="T447"/></temps><temps name="out"><temp name="T473"/><temp name="T484"/><temp name="T490"/><temp name="T463"/><temp name="T8"/><temp name="T453"/><temp name="T457"/><temp name="T496"/><temp name="T469"/><temp name="T173"/><temp name="T441"/><temp name="T479"/><temp name="T447"/></temps></instruction><instruction code="INCH  T434, 0"><temps name="use"/><temps name="def"><temp name="T434"/></temps><temps name="in"><temp name="T473"/><temp name="T484"/><temp name="T490"/><temp name="T463"/><temp name="T8"/><temp name="T453"/><temp name="T457"/><temp name="T496"/><temp name="T469"/><temp name="T173"/><temp name="T441"/><temp name="T479"/><temp name="T447"/></temps><temps name="out"><temp name="T473"/><temp name="T484"/><temp name="T490"/><temp name="T463"/><temp name="T8"/><temp name="T453"/><temp name="T457"/><temp name="T496"/><temp name="T434"/><temp name="T469"/><temp name="T173"/><temp name="T441"/><temp name="T479"/><temp name="T447"/></temps></instruction><instruction code="OR T174, T434, 0"><temps name="use"><temp name="T434"/></temps><temps name="def"><temp name="T174"/></temps><temps name="in"><temp name="T473"/><temp name="T484"/><temp name="T490"/><temp name="T463"/><temp name="T8"/><temp name="T453"/><temp name="T457"/><temp name="T496"/><temp name="T434"/><temp name="T469"/><temp name="T173"/><temp name="T441"/><temp name="T479"/><temp name="T447"/></temps><temps name="out"><temp name="T473"/><temp name="T484"/><temp name="T490"/><temp name="T463"/><temp name="T8"/><temp name="T453"/><temp name="T457"/><temp name="T496"/><temp name="T469"/><temp name="T173"/><temp name="T441"/><temp name="T174"/><temp name="T479"/><temp name="T447"/></temps></instruction><instruction code="CMP T435, T173, T174"><temps name="use"><temp name="T173"/><temp name="T174"/></temps><temps name="def"><temp name="T435"/></temps><temps name="in"><temp name="T473"/><temp name="T484"/><temp name="T490"/><temp name="T463"/><temp name="T8"/><temp name="T453"/><temp name="T457"/><temp name="T496"/><temp name="T469"/><temp name="T173"/><temp name="T441"/><temp name="T174"/><temp name="T479"/><temp name="T447"/></temps><temps name="out"><temp name="T473"/><temp name="T484"/><temp name="T435"/><temp name="T490"/><temp name="T463"/><temp name="T8"/><temp name="T453"/><temp name="T457"/><temp name="T496"/><temp name="T469"/><temp name="T441"/><temp name="T479"/><temp name="T447"/></temps></instruction><instruction code="ZSP T435, T435, 1"><temps name="use"><temp name="T435"/></temps><temps name="def"><temp name="T435"/></temps><temps name="in"><temp name="T473"/><temp name="T484"/><temp name="T435"/><temp name="T490"/><temp name="T463"/><temp name="T8"/><temp name="T453"/><temp name="T457"/><temp name="T496"/><temp name="T469"/><temp name="T441"/><temp name="T479"/><temp name="T447"/></temps><temps name="out"><temp name="T473"/><temp name="T484"/><temp name="T435"/><temp name="T490"/><temp name="T463"/><temp name="T8"/><temp name="T453"/><temp name="T457"/><temp name="T496"/><temp name="T469"/><temp name="T441"/><temp name="T479"/><temp name="T447"/></temps></instruction><instruction code="OR T175, T435, 0"><temps name="use"><temp name="T435"/></temps><temps name="def"><temp name="T175"/></temps><temps name="in"><temp name="T473"/><temp name="T484"/><temp name="T435"/><temp name="T490"/><temp name="T463"/><temp name="T8"/><temp name="T453"/><temp name="T457"/><temp name="T496"/><temp name="T469"/><temp name="T441"/><temp name="T479"/><temp name="T447"/></temps><temps name="out"><temp name="T473"/><temp name="T175"/><temp name="T484"/><temp name="T490"/><temp name="T463"/><temp name="T8"/><temp name="T453"/><temp name="T457"/><temp name="T496"/><temp name="T469"/><temp name="T441"/><temp name="T479"/><temp name="T447"/></temps></instruction><instruction code="BNZ T175, L7"><temps name="use"><temp name="T175"/></temps><temps name="def"/><temps name="in"><temp name="T473"/><temp name="T175"/><temp name="T484"/><temp name="T490"/><temp name="T463"/><temp name="T8"/><temp name="T453"/><temp name="T457"/><temp name="T496"/><temp name="T469"/><temp name="T441"/><temp name="T479"/><temp name="T447"/></temps><temps name="out"><temp name="T473"/><temp name="T484"/><temp name="T490"/><temp name="T463"/><temp name="T8"/><temp name="T453"/><temp name="T457"/><temp name="T496"/><temp name="T469"/><temp name="T441"/><temp name="T479"/><temp name="T447"/></temps></instruction><instruction code="L32"><temps name="use"/><temps name="def"/><temps name="in"><temp name="T473"/><temp name="T484"/><temp name="T490"/><temp name="T463"/><temp name="T8"/><temp name="T453"/><temp name="T457"/><temp name="T496"/><temp name="T469"/><temp name="T441"/><temp name="T479"/><temp name="T447"/></temps><temps name="out"><temp name="T473"/><temp name="T484"/><temp name="T490"/><temp name="T463"/><temp name="T8"/><temp name="T453"/><temp name="T457"/><temp name="T496"/><temp name="T469"/><temp name="T441"/><temp name="T479"/><temp name="T447"/></temps></instruction><instruction code="LDA T436, L8"><temps name="use"/><temps name="def"><temp name="T436"/></temps><temps name="in"><temp name="T473"/><temp name="T484"/><temp name="T490"/><temp name="T463"/><temp name="T8"/><temp name="T453"/><temp name="T457"/><temp name="T496"/><temp name="T469"/><temp name="T441"/><temp name="T479"/><temp name="T447"/></temps><temps name="out"><temp name="T473"/><temp name="T484"/><temp name="T436"/><temp name="T490"/><temp name="T463"/><temp name="T8"/><temp name="T453"/><temp name="T457"/><temp name="T496"/><temp name="T469"/><temp name="T441"/><temp name="T479"/><temp name="T447"/></temps></instruction><instruction code="GO T436, T436, 0"><temps name="use"><temp name="T436"/></temps><temps name="def"><temp name="T436"/></temps><temps name="in"><temp name="T473"/><temp name="T484"/><temp name="T436"/><temp name="T490"/><temp name="T463"/><temp name="T8"/><temp name="T453"/><temp name="T457"/><temp name="T496"/><temp name="T469"/><temp name="T441"/><temp name="T479"/><temp name="T447"/></temps><temps name="out"><temp name="T473"/><temp name="T484"/><temp name="T490"/><temp name="T463"/><temp name="T8"/><temp name="T453"/><temp name="T457"/><temp name="T496"/><temp name="T469"/><temp name="T441"/><temp name="T479"/><temp name="T447"/></temps></instruction><instruction code="L7"><temps name="use"/><temps name="def"/><temps name="in"><temp name="T473"/><temp name="T484"/><temp name="T490"/><temp name="T463"/><temp name="T8"/><temp name="T453"/><temp name="T457"/><temp name="T496"/><temp name="T469"/><temp name="T441"/><temp name="T479"/><temp name="T447"/></temps><temps name="out"><temp name="T473"/><temp name="T484"/><temp name="T490"/><temp name="T463"/><temp name="T8"/><temp name="T453"/><temp name="T457"/><temp name="T496"/><temp name="T469"/><temp name="T441"/><temp name="T479"/><temp name="T447"/></temps></instruction><instruction code="SETL  T437, 1"><temps name="use"/><temps name="def"><temp name="T437"/></temps><temps name="in"><temp name="T473"/><temp name="T484"/><temp name="T490"/><temp name="T463"/><temp name="T8"/><temp name="T453"/><temp name="T457"/><temp name="T496"/><temp name="T469"/><temp name="T441"/><temp name="T479"/><temp name="T447"/></temps><temps name="out"><temp name="T473"/><temp name="T484"/><temp name="T490"/><temp name="T463"/><temp name="T8"/><temp name="T453"/><temp name="T457"/><temp name="T496"/><temp name="T469"/><temp name="T441"/><temp name="T479"/><temp name="T447"/></temps></instruction><instruction code="INCML T437, 0"><temps name="use"/><temps name="def"><temp name="T437"/></temps><temps name="in"><temp name="T473"/><temp name="T484"/><temp name="T490"/><temp name="T463"/><temp name="T8"/><temp name="T453"/><temp name="T457"/><temp name="T496"/><temp name="T469"/><temp name="T441"/><temp name="T479"/><temp name="T447"/></temps><temps name="out"><temp name="T473"/><temp name="T484"/><temp name="T490"/><temp name="T463"/><temp name="T8"/><temp name="T453"/><temp name="T457"/><temp name="T496"/><temp name="T469"/><temp name="T441"/><temp name="T479"/><temp name="T447"/></temps></instruction><instruction code="INCMH T437, 0"><temps name="use"/><temps name="def"><temp name="T437"/></temps><temps name="in"><temp name="T473"/><temp name="T484"/><temp name="T490"/><temp name="T463"/><temp name="T8"/><temp name="T453"/><temp name="T457"/><temp name="T496"/><temp name="T469"/><temp name="T441"/><temp name="T479"/><temp name="T447"/></temps><temps name="out"><temp name="T473"/><temp name="T484"/><temp name="T490"/><temp name="T463"/><temp name="T8"/><temp name="T453"/><temp name="T457"/><temp name="T496"/><temp name="T469"/><temp name="T441"/><temp name="T479"/><temp name="T447"/></temps></instruction><instruction code="INCH  T437, 0"><temps name="use"/><temps name="def"><temp name="T437"/></temps><temps name="in"><temp name="T473"/><temp name="T484"/><temp name="T490"/><temp name="T463"/><temp name="T8"/><temp name="T453"/><temp name="T457"/><temp name="T496"/><temp name="T469"/><temp name="T441"/><temp name="T479"/><temp name="T447"/></temps><temps name="out"><temp name="T473"/><temp name="T484"/><temp name="T490"/><temp name="T463"/><temp name="T8"/><temp name="T453"/><temp name="T437"/><temp name="T457"/><temp name="T496"/><temp name="T469"/><temp name="T441"/><temp name="T479"/><temp name="T447"/></temps></instruction><instruction code="OR T176, T437, 0"><temps name="use"><temp name="T437"/></temps><temps name="def"><temp name="T176"/></temps><temps name="in"><temp name="T473"/><temp name="T484"/><temp name="T490"/><temp name="T463"/><temp name="T8"/><temp name="T453"/><temp name="T437"/><temp name="T457"/><temp name="T496"/><temp name="T469"/><temp name="T441"/><temp name="T479"/><temp name="T447"/></temps><temps name="out"><temp name="T473"/><temp name="T484"/><temp name="T490"/><temp name="T463"/><temp name="T8"/><temp name="T453"/><temp name="T457"/><temp name="T496"/><temp name="T469"/><temp name="T441"/><temp name="T479"/><temp name="T447"/></temps></instruction><instruction code="L8"><temps name="use"/><temps name="def"/><temps name="in"><temp name="T473"/><temp name="T484"/><temp name="T490"/><temp name="T463"/><temp name="T8"/><temp name="T453"/><temp name="T457"/><temp name="T496"/><temp name="T469"/><temp name="T441"/><temp name="T479"/><temp name="T447"/></temps><temps name="out"><temp name="T473"/><temp name="T484"/><temp name="T490"/><temp name="T463"/><temp name="T8"/><temp name="T453"/><temp name="T457"/><temp name="T496"/><temp name="T469"/><temp name="T441"/><temp name="T479"/><temp name="T447"/></temps></instruction><instruction code="L14"><temps name="use"/><temps name="def"/><temps name="in"><temp name="T473"/><temp name="T484"/><temp name="T490"/><temp name="T463"/><temp name="T8"/><temp name="T453"/><temp name="T457"/><temp name="T496"/><temp name="T469"/><temp name="T441"/><temp name="T479"/><temp name="T447"/></temps><temps name="out"><temp name="T473"/><temp name="T484"/><temp name="T490"/><temp name="T463"/><temp name="T8"/><temp name="T453"/><temp name="T457"/><temp name="T496"/><temp name="T469"/><temp name="T441"/><temp name="T479"/><temp name="T447"/></temps></instruction><instruction code="OR T177, T8, 0"><temps name="use"><temp name="T8"/></temps><temps name="def"><temp name="T177"/></temps><temps name="in"><temp name="T473"/><temp name="T484"/><temp name="T490"/><temp name="T463"/><temp name="T8"/><temp name="T453"/><temp name="T457"/><temp name="T496"/><temp name="T469"/><temp name="T441"/><temp name="T479"/><temp name="T447"/></temps><temps name="out"><temp name="T473"/><temp name="T484"/><temp name="T177"/><temp name="T490"/><temp name="T463"/><temp name="T8"/><temp name="T453"/><temp name="T457"/><temp name="T496"/><temp name="T469"/><temp name="T441"/><temp name="T479"/><temp name="T447"/></temps></instruction><instruction code="SETL  T438, 3"><temps name="use"/><temps name="def"><temp name="T438"/></temps><temps name="in"><temp name="T473"/><temp name="T484"/><temp name="T177"/><temp name="T490"/><temp name="T463"/><temp name="T8"/><temp name="T453"/><temp name="T457"/><temp name="T496"/><temp name="T469"/><temp name="T441"/><temp name="T479"/><temp name="T447"/></temps><temps name="out"><temp name="T473"/><temp name="T484"/><temp name="T177"/><temp name="T490"/><temp name="T463"/><temp name="T8"/><temp name="T453"/><temp name="T457"/><temp name="T496"/><temp name="T469"/><temp name="T441"/><temp name="T479"/><temp name="T447"/></temps></instruction><instruction code="INCML T438, 0"><temps name="use"/><temps name="def"><temp name="T438"/></temps><temps name="in"><temp name="T473"/><temp name="T484"/><temp name="T177"/><temp name="T490"/><temp name="T463"/><temp name="T8"/><temp name="T453"/><temp name="T457"/><temp name="T496"/><temp name="T469"/><temp name="T441"/><temp name="T479"/><temp name="T447"/></temps><temps name="out"><temp name="T473"/><temp name="T484"/><temp name="T177"/><temp name="T490"/><temp name="T463"/><temp name="T8"/><temp name="T453"/><temp name="T457"/><temp name="T496"/><temp name="T469"/><temp name="T441"/><temp name="T479"/><temp name="T447"/></temps></instruction><instruction code="INCMH T438, 0"><temps name="use"/><temps name="def"><temp name="T438"/></temps><temps name="in"><temp name="T473"/><temp name="T484"/><temp name="T177"/><temp name="T490"/><temp name="T463"/><temp name="T8"/><temp name="T453"/><temp name="T457"/><temp name="T496"/><temp name="T469"/><temp name="T441"/><temp name="T479"/><temp name="T447"/></temps><temps name="out"><temp name="T473"/><temp name="T484"/><temp name="T177"/><temp name="T490"/><temp name="T463"/><temp name="T8"/><temp name="T453"/><temp name="T457"/><temp name="T496"/><temp name="T469"/><temp name="T441"/><temp name="T479"/><temp name="T447"/></temps></instruction><instruction code="INCH  T438, 0"><temps name="use"/><temps name="def"><temp name="T438"/></temps><temps name="in"><temp name="T473"/><temp name="T484"/><temp name="T177"/><temp name="T490"/><temp name="T463"/><temp name="T8"/><temp name="T453"/><temp name="T457"/><temp name="T496"/><temp name="T469"/><temp name="T441"/><temp name="T479"/><temp name="T447"/></temps><temps name="out"><temp name="T473"/><temp name="T484"/><temp name="T177"/><temp name="T490"/><temp name="T463"/><temp name="T8"/><temp name="T453"/><temp name="T457"/><temp name="T496"/><temp name="T469"/><temp name="T441"/><temp name="T479"/><temp name="T438"/><temp name="T447"/></temps></instruction><instruction code="OR T178, T438, 0"><temps name="use"><temp name="T438"/></temps><temps name="def"><temp name="T178"/></temps><temps name="in"><temp name="T473"/><temp name="T484"/><temp name="T177"/><temp name="T490"/><temp name="T463"/><temp name="T8"/><temp name="T453"/><temp name="T457"/><temp name="T496"/><temp name="T469"/><temp name="T441"/><temp name="T479"/><temp name="T438"/><temp name="T447"/></temps><temps name="out"><temp name="T473"/><temp name="T484"/><temp name="T177"/><temp name="T490"/><temp name="T178"/><temp name="T463"/><temp name="T8"/><temp name="T453"/><temp name="T457"/><temp name="T496"/><temp name="T469"/><temp name="T441"/><temp name="T479"/><temp name="T447"/></temps></instruction><instruction code="SETL  T439, 3"><temps name="use"/><temps name="def"><temp name="T439"/></temps><temps name="in"><temp name="T473"/><temp name="T484"/><temp name="T177"/><temp name="T490"/><temp name="T178"/><temp name="T463"/><temp name="T8"/><temp name="T453"/><temp name="T457"/><temp name="T496"/><temp name="T469"/><temp name="T441"/><temp name="T479"/><temp name="T447"/></temps><temps name="out"><temp name="T473"/><temp name="T484"/><temp name="T177"/><temp name="T490"/><temp name="T178"/><temp name="T463"/><temp name="T8"/><temp name="T453"/><temp name="T457"/><temp name="T496"/><temp name="T469"/><temp name="T441"/><temp name="T479"/><temp name="T447"/></temps></instruction><instruction code="INCML T439, 0"><temps name="use"/><temps name="def"><temp name="T439"/></temps><temps name="in"><temp name="T473"/><temp name="T484"/><temp name="T177"/><temp name="T490"/><temp name="T178"/><temp name="T463"/><temp name="T8"/><temp name="T453"/><temp name="T457"/><temp name="T496"/><temp name="T469"/><temp name="T441"/><temp name="T479"/><temp name="T447"/></temps><temps name="out"><temp name="T473"/><temp name="T484"/><temp name="T177"/><temp name="T490"/><temp name="T178"/><temp name="T463"/><temp name="T8"/><temp name="T453"/><temp name="T457"/><temp name="T496"/><temp name="T469"/><temp name="T441"/><temp name="T479"/><temp name="T447"/></temps></instruction><instruction code="INCMH T439, 0"><temps name="use"/><temps name="def"><temp name="T439"/></temps><temps name="in"><temp name="T473"/><temp name="T484"/><temp name="T177"/><temp name="T490"/><temp name="T178"/><temp name="T463"/><temp name="T8"/><temp name="T453"/><temp name="T457"/><temp name="T496"/><temp name="T469"/><temp name="T441"/><temp name="T479"/><temp name="T447"/></temps><temps name="out"><temp name="T473"/><temp name="T484"/><temp name="T177"/><temp name="T490"/><temp name="T178"/><temp name="T463"/><temp name="T8"/><temp name="T453"/><temp name="T457"/><temp name="T496"/><temp name="T469"/><temp name="T441"/><temp name="T479"/><temp name="T447"/></temps></instruction><instruction code="INCH  T439, 0"><temps name="use"/><temps name="def"><temp name="T439"/></temps><temps name="in"><temp name="T473"/><temp name="T484"/><temp name="T177"/><temp name="T490"/><temp name="T178"/><temp name="T463"/><temp name="T8"/><temp name="T453"/><temp name="T457"/><temp name="T496"/><temp name="T469"/><temp name="T441"/><temp name="T479"/><temp name="T447"/></temps><temps name="out"><temp name="T473"/><temp name="T484"/><temp name="T177"/><temp name="T490"/><temp name="T178"/><temp name="T463"/><temp name="T8"/><temp name="T453"/><temp name="T457"/><temp name="T496"/><temp name="T469"/><temp name="T439"/><temp name="T441"/><temp name="T479"/><temp name="T447"/></temps></instruction><instruction code="OR T179, T439, 0"><temps name="use"><temp name="T439"/></temps><temps name="def"><temp name="T179"/></temps><temps name="in"><temp name="T473"/><temp name="T484"/><temp name="T177"/><temp name="T490"/><temp name="T178"/><temp name="T463"/><temp name="T8"/><temp name="T453"/><temp name="T457"/><temp name="T496"/><temp name="T469"/><temp name="T439"/><temp name="T441"/><temp name="T479"/><temp name="T447"/></temps><temps name="out"><temp name="T473"/><temp name="T484"/><temp name="T177"/><temp name="T490"/><temp name="T179"/><temp name="T178"/><temp name="T463"/><temp name="T8"/><temp name="T453"/><temp name="T457"/><temp name="T496"/><temp name="T469"/><temp name="T441"/><temp name="T479"/><temp name="T447"/></temps></instruction><instruction code="STO T177, $254, 8"><temps name="use"><temp name="T177"/></temps><temps name="def"/><temps name="in"><temp name="T473"/><temp name="T484"/><temp name="T177"/><temp name="T490"/><temp name="T179"/><temp name="T178"/><temp name="T463"/><temp name="T8"/><temp name="T453"/><temp name="T457"/><temp name="T496"/><temp name="T469"/><temp name="T441"/><temp name="T479"/><temp name="T447"/></temps><temps name="out"><temp name="T473"/><temp name="T484"/><temp name="T490"/><temp name="T179"/><temp name="T178"/><temp name="T463"/><temp name="T8"/><temp name="T453"/><temp name="T457"/><temp name="T496"/><temp name="T469"/><temp name="T441"/><temp name="T479"/><temp name="T447"/></temps></instruction><instruction code="STO T178, $254, 16"><temps name="use"><temp name="T178"/></temps><temps name="def"/><temps name="in"><temp name="T473"/><temp name="T484"/><temp name="T490"/><temp name="T179"/><temp name="T178"/><temp name="T463"/><temp name="T8"/><temp name="T453"/><temp name="T457"/><temp name="T496"/><temp name="T469"/><temp name="T441"/><temp name="T479"/><temp name="T447"/></temps><temps name="out"><temp name="T473"/><temp name="T484"/><temp name="T490"/><temp name="T179"/><temp name="T463"/><temp name="T8"/><temp name="T453"/><temp name="T457"/><temp name="T496"/><temp name="T469"/><temp name="T441"/><temp name="T479"/><temp name="T447"/></temps></instruction><instruction code="STO T179, $254, 24"><temps name="use"><temp name="T179"/></temps><temps name="def"/><temps name="in"><temp name="T473"/><temp name="T484"/><temp name="T490"/><temp name="T179"/><temp name="T463"/><temp name="T8"/><temp name="T453"/><temp name="T457"/><temp name="T496"/><temp name="T469"/><temp name="T441"/><temp name="T479"/><temp name="T447"/></temps><temps name="out"><temp name="T473"/><temp name="T484"/><temp name="T490"/><temp name="T463"/><temp name="T8"/><temp name="T453"/><temp name="T457"/><temp name="T496"/><temp name="T469"/><temp name="T441"/><temp name="T479"/><temp name="T447"/></temps></instruction><instruction code="LDA T440, L0"><temps name="use"/><temps name="def"><temp name="T440"/></temps><temps name="in"><temp name="T473"/><temp name="T484"/><temp name="T490"/><temp name="T463"/><temp name="T8"/><temp name="T453"/><temp name="T457"/><temp name="T496"/><temp name="T469"/><temp name="T441"/><temp name="T479"/><temp name="T447"/></temps><temps name="out"><temp name="T473"/><temp name="T440"/><temp name="T484"/><temp name="T490"/><temp name="T463"/><temp name="T8"/><temp name="T453"/><temp name="T457"/><temp name="T496"/><temp name="T469"/><temp name="T441"/><temp name="T479"/><temp name="T447"/></temps></instruction><instruction code="PUSHJ $15, T440, 0"><temps name="use"><temp name="T440"/></temps><temps name="def"/><temps name="in"><temp name="T473"/><temp name="T440"/><temp name="T484"/><temp name="T490"/><temp name="T463"/><temp name="T8"/><temp name="T453"/><temp name="T457"/><temp name="T496"/><temp name="T469"/><temp name="T441"/><temp name="T479"/><temp name="T447"/></temps><temps name="out"><temp name="T473"/><temp name="T484"/><temp name="T490"/><temp name="T463"/><temp name="T8"/><temp name="T453"/><temp name="T457"/><temp name="T496"/><temp name="T469"/><temp name="T441"/><temp name="T479"/><temp name="T447"/></temps></instruction><instruction code="OR T180, T441, 0"><temps name="use"><temp name="T441"/></temps><temps name="def"><temp name="T180"/></temps><temps name="in"><temp name="T473"/><temp name="T484"/><temp name="T490"/><temp name="T463"/><temp name="T8"/><temp name="T453"/><temp name="T457"/><temp name="T496"/><temp name="T469"/><temp name="T441"/><temp name="T479"/><temp name="T447"/></temps><temps name="out"><temp name="T473"/><temp name="T484"/><temp name="T490"/><temp name="T180"/><temp name="T463"/><temp name="T8"/><temp name="T453"/><temp name="T457"/><temp name="T496"/><temp name="T469"/><temp name="T441"/><temp name="T479"/><temp name="T447"/></temps></instruction><instruction code="SETL  T442, 0"><temps name="use"/><temps name="def"><temp name="T442"/></temps><temps name="in"><temp name="T473"/><temp name="T484"/><temp name="T490"/><temp name="T180"/><temp name="T463"/><temp name="T8"/><temp name="T453"/><temp name="T457"/><temp name="T496"/><temp name="T469"/><temp name="T441"/><temp name="T479"/><temp name="T447"/></temps><temps name="out"><temp name="T473"/><temp name="T484"/><temp name="T490"/><temp name="T180"/><temp name="T463"/><temp name="T8"/><temp name="T453"/><temp name="T457"/><temp name="T496"/><temp name="T469"/><temp name="T441"/><temp name="T479"/><temp name="T447"/></temps></instruction><instruction code="INCML T442, 0"><temps name="use"/><temps name="def"><temp name="T442"/></temps><temps name="in"><temp name="T473"/><temp name="T484"/><temp name="T490"/><temp name="T180"/><temp name="T463"/><temp name="T8"/><temp name="T453"/><temp name="T457"/><temp name="T496"/><temp name="T469"/><temp name="T441"/><temp name="T479"/><temp name="T447"/></temps><temps name="out"><temp name="T473"/><temp name="T484"/><temp name="T490"/><temp name="T180"/><temp name="T463"/><temp name="T8"/><temp name="T453"/><temp name="T457"/><temp name="T496"/><temp name="T469"/><temp name="T441"/><temp name="T479"/><temp name="T447"/></temps></instruction><instruction code="INCMH T442, 0"><temps name="use"/><temps name="def"><temp name="T442"/></temps><temps name="in"><temp name="T473"/><temp name="T484"/><temp name="T490"/><temp name="T180"/><temp name="T463"/><temp name="T8"/><temp name="T453"/><temp name="T457"/><temp name="T496"/><temp name="T469"/><temp name="T441"/><temp name="T479"/><temp name="T447"/></temps><temps name="out"><temp name="T473"/><temp name="T484"/><temp name="T490"/><temp name="T180"/><temp name="T463"/><temp name="T8"/><temp name="T453"/><temp name="T457"/><temp name="T496"/><temp name="T469"/><temp name="T441"/><temp name="T479"/><temp name="T447"/></temps></instruction><instruction code="INCH  T442, 0"><temps name="use"/><temps name="def"><temp name="T442"/></temps><temps name="in"><temp name="T473"/><temp name="T484"/><temp name="T490"/><temp name="T180"/><temp name="T463"/><temp name="T8"/><temp name="T453"/><temp name="T457"/><temp name="T496"/><temp name="T469"/><temp name="T441"/><temp name="T479"/><temp name="T447"/></temps><temps name="out"><temp name="T473"/><temp name="T484"/><temp name="T490"/><temp name="T180"/><temp name="T463"/><temp name="T8"/><temp name="T453"/><temp name="T457"/><temp name="T496"/><temp name="T469"/><temp name="T441"/><temp name="T442"/><temp name="T479"/><temp name="T447"/></temps></instruction><instruction code="OR T181, T442, 0"><temps name="use"><temp name="T442"/></temps><temps name="def"><temp name="T181"/></temps><temps name="in"><temp name="T473"/><temp name="T484"/><temp name="T490"/><temp name="T180"/><temp name="T463"/><temp name="T8"/><temp name="T453"/><temp name="T457"/><temp name="T496"/><temp name="T469"/><temp name="T441"/><temp name="T442"/><temp name="T479"/><temp name="T447"/></temps><temps name="out"><temp name="T473"/><temp name="T484"/><temp name="T490"/><temp name="T180"/><temp name="T463"/><temp name="T8"/><temp name="T453"/><temp name="T457"/><temp name="T496"/><temp name="T469"/><temp name="T181"/><temp name="T441"/><temp name="T479"/><temp name="T447"/></temps></instruction><instruction code="CMP T443, T180, T181"><temps name="use"><temp name="T180"/><temp name="T181"/></temps><temps name="def"><temp name="T443"/></temps><temps name="in"><temp name="T473"/><temp name="T484"/><temp name="T490"/><temp name="T180"/><temp name="T463"/><temp name="T8"/><temp name="T453"/><temp name="T457"/><temp name="T496"/><temp name="T469"/><temp name="T181"/><temp name="T441"/><temp name="T479"/><temp name="T447"/></temps><temps name="out"><temp name="T473"/><temp name="T484"/><temp name="T490"/><temp name="T443"/><temp name="T463"/><temp name="T8"/><temp name="T453"/><temp name="T457"/><temp name="T496"/><temp name="T469"/><temp name="T441"/><temp name="T479"/><temp name="T447"/></temps></instruction><instruction code="ZSP T443, T443, 1"><temps name="use"><temp name="T443"/></temps><temps name="def"><temp name="T443"/></temps><temps name="in"><temp name="T473"/><temp name="T484"/><temp name="T490"/><temp name="T443"/><temp name="T463"/><temp name="T8"/><temp name="T453"/><temp name="T457"/><temp name="T496"/><temp name="T469"/><temp name="T441"/><temp name="T479"/><temp name="T447"/></temps><temps name="out"><temp name="T473"/><temp name="T484"/><temp name="T490"/><temp name="T443"/><temp name="T463"/><temp name="T8"/><temp name="T453"/><temp name="T457"/><temp name="T496"/><temp name="T469"/><temp name="T441"/><temp name="T479"/><temp name="T447"/></temps></instruction><instruction code="OR T182, T443, 0"><temps name="use"><temp name="T443"/></temps><temps name="def"><temp name="T182"/></temps><temps name="in"><temp name="T473"/><temp name="T484"/><temp name="T490"/><temp name="T443"/><temp name="T463"/><temp name="T8"/><temp name="T453"/><temp name="T457"/><temp name="T496"/><temp name="T469"/><temp name="T441"/><temp name="T479"/><temp name="T447"/></temps><temps name="out"><temp name="T473"/><temp name="T484"/><temp name="T490"/><temp name="T463"/><temp name="T182"/><temp name="T8"/><temp name="T453"/><temp name="T457"/><temp name="T496"/><temp name="T469"/><temp name="T441"/><temp name="T479"/><temp name="T447"/></temps></instruction><instruction code="BNZ T182, L15"><temps name="use"><temp name="T182"/></temps><temps name="def"/><temps name="in"><temp name="T473"/><temp name="T484"/><temp name="T490"/><temp name="T463"/><temp name="T182"/><temp name="T8"/><temp name="T453"/><temp name="T457"/><temp name="T496"/><temp name="T469"/><temp name="T441"/><temp name="T479"/><temp name="T447"/></temps><temps name="out"><temp name="T473"/><temp name="T484"/><temp name="T490"/><temp name="T463"/><temp name="T8"/><temp name="T453"/><temp name="T457"/><temp name="T496"/><temp name="T469"/><temp name="T441"/><temp name="T479"/><temp name="T447"/></temps></instruction><instruction code="L33"><temps name="use"/><temps name="def"/><temps name="in"><temp name="T473"/><temp name="T484"/><temp name="T490"/><temp name="T463"/><temp name="T8"/><temp name="T453"/><temp name="T457"/><temp name="T496"/><temp name="T469"/><temp name="T441"/><temp name="T479"/><temp name="T447"/></temps><temps name="out"><temp name="T473"/><temp name="T484"/><temp name="T490"/><temp name="T463"/><temp name="T8"/><temp name="T453"/><temp name="T457"/><temp name="T496"/><temp name="T469"/><temp name="T441"/><temp name="T479"/><temp name="T447"/></temps></instruction><instruction code="LDA T444, L16"><temps name="use"/><temps name="def"><temp name="T444"/></temps><temps name="in"><temp name="T473"/><temp name="T484"/><temp name="T490"/><temp name="T463"/><temp name="T8"/><temp name="T453"/><temp name="T457"/><temp name="T496"/><temp name="T469"/><temp name="T441"/><temp name="T479"/><temp name="T447"/></temps><temps name="out"><temp name="T473"/><temp name="T484"/><temp name="T490"/><temp name="T463"/><temp name="T8"/><temp name="T453"/><temp name="T457"/><temp name="T496"/><temp name="T469"/><temp name="T444"/><temp name="T441"/><temp name="T479"/><temp name="T447"/></temps></instruction><instruction code="GO T444, T444, 0"><temps name="use"><temp name="T444"/></temps><temps name="def"><temp name="T444"/></temps><temps name="in"><temp name="T473"/><temp name="T484"/><temp name="T490"/><temp name="T463"/><temp name="T8"/><temp name="T453"/><temp name="T457"/><temp name="T496"/><temp name="T469"/><temp name="T444"/><temp name="T441"/><temp name="T479"/><temp name="T447"/></temps><temps name="out"><temp name="T473"/><temp name="T484"/><temp name="T490"/><temp name="T463"/><temp name="T8"/><temp name="T453"/><temp name="T457"/><temp name="T496"/><temp name="T469"/><temp name="T441"/><temp name="T479"/><temp name="T447"/></temps></instruction><instruction code="L15"><temps name="use"/><temps name="def"/><temps name="in"><temp name="T473"/><temp name="T484"/><temp name="T490"/><temp name="T463"/><temp name="T8"/><temp name="T453"/><temp name="T457"/><temp name="T496"/><temp name="T469"/><temp name="T441"/><temp name="T479"/><temp name="T447"/></temps><temps name="out"><temp name="T473"/><temp name="T484"/><temp name="T490"/><temp name="T463"/><temp name="T8"/><temp name="T453"/><temp name="T457"/><temp name="T496"/><temp name="T469"/><temp name="T441"/><temp name="T479"/><temp name="T447"/></temps></instruction><instruction code="OR T183, T8, 0"><temps name="use"><temp name="T8"/></temps><temps name="def"><temp name="T183"/></temps><temps name="in"><temp name="T473"/><temp name="T484"/><temp name="T490"/><temp name="T463"/><temp name="T8"/><temp name="T453"/><temp name="T457"/><temp name="T496"/><temp name="T469"/><temp name="T441"/><temp name="T479"/><temp name="T447"/></temps><temps name="out"><temp name="T473"/><temp name="T484"/><temp name="T490"/><temp name="T183"/><temp name="T463"/><temp name="T453"/><temp name="T8"/><temp name="T457"/><temp name="T496"/><temp name="T469"/><temp name="T441"/><temp name="T479"/><temp name="T447"/></temps></instruction><instruction code="SETL  T445, 16"><temps name="use"/><temps name="def"><temp name="T445"/></temps><temps name="in"><temp name="T473"/><temp name="T484"/><temp name="T490"/><temp name="T183"/><temp name="T463"/><temp name="T453"/><temp name="T8"/><temp name="T457"/><temp name="T496"/><temp name="T469"/><temp name="T441"/><temp name="T479"/><temp name="T447"/></temps><temps name="out"><temp name="T473"/><temp name="T484"/><temp name="T490"/><temp name="T183"/><temp name="T463"/><temp name="T453"/><temp name="T8"/><temp name="T457"/><temp name="T496"/><temp name="T469"/><temp name="T441"/><temp name="T479"/><temp name="T447"/></temps></instruction><instruction code="INCML T445, 0"><temps name="use"/><temps name="def"><temp name="T445"/></temps><temps name="in"><temp name="T473"/><temp name="T484"/><temp name="T490"/><temp name="T183"/><temp name="T463"/><temp name="T453"/><temp name="T8"/><temp name="T457"/><temp name="T496"/><temp name="T469"/><temp name="T441"/><temp name="T479"/><temp name="T447"/></temps><temps name="out"><temp name="T473"/><temp name="T484"/><temp name="T490"/><temp name="T183"/><temp name="T463"/><temp name="T453"/><temp name="T8"/><temp name="T457"/><temp name="T496"/><temp name="T469"/><temp name="T441"/><temp name="T479"/><temp name="T447"/></temps></instruction><instruction code="INCMH T445, 0"><temps name="use"/><temps name="def"><temp name="T445"/></temps><temps name="in"><temp name="T473"/><temp name="T484"/><temp name="T490"/><temp name="T183"/><temp name="T463"/><temp name="T453"/><temp name="T8"/><temp name="T457"/><temp name="T496"/><temp name="T469"/><temp name="T441"/><temp name="T479"/><temp name="T447"/></temps><temps name="out"><temp name="T473"/><temp name="T484"/><temp name="T490"/><temp name="T183"/><temp name="T463"/><temp name="T453"/><temp name="T8"/><temp name="T457"/><temp name="T496"/><temp name="T469"/><temp name="T441"/><temp name="T479"/><temp name="T447"/></temps></instruction><instruction code="INCH  T445, 0"><temps name="use"/><temps name="def"><temp name="T445"/></temps><temps name="in"><temp name="T473"/><temp name="T484"/><temp name="T490"/><temp name="T183"/><temp name="T463"/><temp name="T453"/><temp name="T8"/><temp name="T457"/><temp name="T496"/><temp name="T469"/><temp name="T441"/><temp name="T479"/><temp name="T447"/></temps><temps name="out"><temp name="T473"/><temp name="T484"/><temp name="T490"/><temp name="T183"/><temp name="T463"/><temp name="T453"/><temp name="T8"/><temp name="T457"/><temp name="T496"/><temp name="T469"/><temp name="T441"/><temp name="T479"/><temp name="T445"/><temp name="T447"/></temps></instruction><instruction code="NEG T445, 0, T445"><temps name="use"><temp name="T445"/></temps><temps name="def"><temp name="T445"/></temps><temps name="in"><temp name="T473"/><temp name="T484"/><temp name="T490"/><temp name="T183"/><temp name="T463"/><temp name="T453"/><temp name="T8"/><temp name="T457"/><temp name="T496"/><temp name="T469"/><temp name="T441"/><temp name="T479"/><temp name="T445"/><temp name="T447"/></temps><temps name="out"><temp name="T473"/><temp name="T484"/><temp name="T490"/><temp name="T183"/><temp name="T463"/><temp name="T453"/><temp name="T8"/><temp name="T457"/><temp name="T496"/><temp name="T469"/><temp name="T441"/><temp name="T479"/><temp name="T445"/><temp name="T447"/></temps></instruction><instruction code="OR T184, T445, 0"><temps name="use"><temp name="T445"/></temps><temps name="def"><temp name="T184"/></temps><temps name="in"><temp name="T473"/><temp name="T484"/><temp name="T490"/><temp name="T183"/><temp name="T463"/><temp name="T453"/><temp name="T8"/><temp name="T457"/><temp name="T496"/><temp name="T469"/><temp name="T441"/><temp name="T479"/><temp name="T445"/><temp name="T447"/></temps><temps name="out"><temp name="T473"/><temp name="T484"/><temp name="T490"/><temp name="T183"/><temp name="T463"/><temp name="T453"/><temp name="T8"/><temp name="T457"/><temp name="T496"/><temp name="T184"/><temp name="T469"/><temp name="T441"/><temp name="T479"/><temp name="T447"/></temps></instruction><instruction code="ADD T446, T183, T184"><temps name="use"><temp name="T183"/><temp name="T184"/></temps><temps name="def"><temp name="T446"/></temps><temps name="in"><temp name="T473"/><temp name="T484"/><temp name="T490"/><temp name="T183"/><temp name="T463"/><temp name="T453"/><temp name="T8"/><temp name="T457"/><temp name="T496"/><temp name="T184"/><temp name="T469"/><temp name="T441"/><temp name="T479"/><temp name="T447"/></temps><temps name="out"><temp name="T473"/><temp name="T484"/><temp name="T490"/><temp name="T463"/><temp name="T453"/><temp name="T8"/><temp name="T457"/><temp name="T496"/><temp name="T469"/><temp name="T441"/><temp name="T479"/><temp name="T446"/><temp name="T447"/></temps></instruction><instruction code="OR T185, T446, 0"><temps name="use"><temp name="T446"/></temps><temps name="def"><temp name="T185"/></temps><temps name="in"><temp name="T473"/><temp name="T484"/><temp name="T490"/><temp name="T463"/><temp name="T453"/><temp name="T8"/><temp name="T457"/><temp name="T496"/><temp name="T469"/><temp name="T441"/><temp name="T479"/><temp name="T446"/><temp name="T447"/></temps><temps name="out"><temp name="T473"/><temp name="T484"/><temp name="T490"/><temp name="T463"/><temp name="T453"/><temp name="T8"/><temp name="T457"/><temp name="T496"/><temp name="T469"/><temp name="T441"/><temp name="T479"/><temp name="T447"/></temps></instruction><instruction code="LDO T448, T447, 0"><temps name="use"><temp name="T447"/></temps><temps name="def"><temp name="T448"/></temps><temps name="in"><temp name="T473"/><temp name="T484"/><temp name="T490"/><temp name="T463"/><temp name="T453"/><temp name="T8"/><temp name="T457"/><temp name="T496"/><temp name="T469"/><temp name="T441"/><temp name="T479"/><temp name="T447"/></temps><temps name="out"><temp name="T473"/><temp name="T484"/><temp name="T490"/><temp name="T463"/><temp name="T453"/><temp name="T8"/><temp name="T448"/><temp name="T457"/><temp name="T496"/><temp name="T469"/><temp name="T441"/><temp name="T479"/><temp name="T447"/></temps></instruction><instruction code="OR T186, T448, 0"><temps name="use"><temp name="T448"/></temps><temps name="def"><temp name="T186"/></temps><temps name="in"><temp name="T473"/><temp name="T484"/><temp name="T490"/><temp name="T463"/><temp name="T453"/><temp name="T8"/><temp name="T448"/><temp name="T457"/><temp name="T496"/><temp name="T469"/><temp name="T441"/><temp name="T479"/><temp name="T447"/></temps><temps name="out"><temp name="T473"/><temp name="T484"/><temp name="T490"/><temp name="T186"/><temp name="T463"/><temp name="T453"/><temp name="T8"/><temp name="T457"/><temp name="T496"/><temp name="T469"/><temp name="T441"/><temp name="T479"/><temp name="T447"/></temps></instruction><instruction code="SETL  T449, 17"><temps name="use"/><temps name="def"><temp name="T449"/></temps><temps name="in"><temp name="T473"/><temp name="T484"/><temp name="T490"/><temp name="T186"/><temp name="T463"/><temp name="T453"/><temp name="T8"/><temp name="T457"/><temp name="T496"/><temp name="T469"/><temp name="T441"/><temp name="T479"/><temp name="T447"/></temps><temps name="out"><temp name="T473"/><temp name="T484"/><temp name="T490"/><temp name="T186"/><temp name="T463"/><temp name="T453"/><temp name="T8"/><temp name="T457"/><temp name="T496"/><temp name="T469"/><temp name="T441"/><temp name="T479"/><temp name="T447"/></temps></instruction><instruction code="INCML T449, 0"><temps name="use"/><temps name="def"><temp name="T449"/></temps><temps name="in"><temp name="T473"/><temp name="T484"/><temp name="T490"/><temp name="T186"/><temp name="T463"/><temp name="T453"/><temp name="T8"/><temp name="T457"/><temp name="T496"/><temp name="T469"/><temp name="T441"/><temp name="T479"/><temp name="T447"/></temps><temps name="out"><temp name="T473"/><temp name="T484"/><temp name="T490"/><temp name="T186"/><temp name="T463"/><temp name="T453"/><temp name="T8"/><temp name="T457"/><temp name="T496"/><temp name="T469"/><temp name="T441"/><temp name="T479"/><temp name="T447"/></temps></instruction><instruction code="INCMH T449, 0"><temps name="use"/><temps name="def"><temp name="T449"/></temps><temps name="in"><temp name="T473"/><temp name="T484"/><temp name="T490"/><temp name="T186"/><temp name="T463"/><temp name="T453"/><temp name="T8"/><temp name="T457"/><temp name="T496"/><temp name="T469"/><temp name="T441"/><temp name="T479"/><temp name="T447"/></temps><temps name="out"><temp name="T473"/><temp name="T484"/><temp name="T490"/><temp name="T186"/><temp name="T463"/><temp name="T453"/><temp name="T8"/><temp name="T457"/><temp name="T496"/><temp name="T469"/><temp name="T441"/><temp name="T479"/><temp name="T447"/></temps></instruction><instruction code="INCH  T449, 0"><temps name="use"/><temps name="def"><temp name="T449"/></temps><temps name="in"><temp name="T473"/><temp name="T484"/><temp name="T490"/><temp name="T186"/><temp name="T463"/><temp name="T453"/><temp name="T8"/><temp name="T457"/><temp name="T496"/><temp name="T469"/><temp name="T441"/><temp name="T479"/><temp name="T447"/></temps><temps name="out"><temp name="T473"/><temp name="T484"/><temp name="T490"/><temp name="T186"/><temp name="T463"/><temp name="T453"/><temp name="T8"/><temp name="T457"/><temp name="T496"/><temp name="T449"/><temp name="T469"/><temp name="T441"/><temp name="T479"/><temp name="T447"/></temps></instruction><instruction code="OR T187, T449, 0"><temps name="use"><temp name="T449"/></temps><temps name="def"><temp name="T187"/></temps><temps name="in"><temp name="T473"/><temp name="T484"/><temp name="T490"/><temp name="T186"/><temp name="T463"/><temp name="T453"/><temp name="T8"/><temp name="T457"/><temp name="T496"/><temp name="T449"/><temp name="T469"/><temp name="T441"/><temp name="T479"/><temp name="T447"/></temps><temps name="out"><temp name="T473"/><temp name="T484"/><temp name="T490"/><temp name="T186"/><temp name="T463"/><temp name="T453"/><temp name="T8"/><temp name="T457"/><temp name="T496"/><temp name="T469"/><temp name="T441"/><temp name="T187"/><temp name="T479"/><temp name="T447"/></temps></instruction><instruction code="ADD T450, T186, T187"><temps name="use"><temp name="T186"/><temp name="T187"/></temps><temps name="def"><temp name="T450"/></temps><temps name="in"><temp name="T473"/><temp name="T484"/><temp name="T490"/><temp name="T186"/><temp name="T463"/><temp name="T453"/><temp name="T8"/><temp name="T457"/><temp name="T496"/><temp name="T469"/><temp name="T441"/><temp name="T187"/><temp name="T479"/><temp name="T447"/></temps><temps name="out"><temp name="T473"/><temp name="T484"/><temp name="T490"/><temp name="T463"/><temp name="T453"/><temp name="T8"/><temp name="T457"/><temp name="T496"/><temp name="T469"/><temp name="T441"/><temp name="T479"/><temp name="T450"/><temp name="T447"/></temps></instruction><instruction code="OR T188, T450, 0"><temps name="use"><temp name="T450"/></temps><temps name="def"><temp name="T188"/></temps><temps name="in"><temp name="T473"/><temp name="T484"/><temp name="T490"/><temp name="T463"/><temp name="T453"/><temp name="T8"/><temp name="T457"/><temp name="T496"/><temp name="T469"/><temp name="T441"/><temp name="T479"/><temp name="T450"/><temp name="T447"/></temps><temps name="out"><temp name="T473"/><temp name="T484"/><temp name="T490"/><temp name="T463"/><temp name="T453"/><temp name="T8"/><temp name="T457"/><temp name="T496"/><temp name="T188"/><temp name="T469"/><temp name="T441"/><temp name="T479"/><temp name="T447"/></temps></instruction><instruction code="LDO T454, T453, 0"><temps name="use"><temp name="T453"/></temps><temps name="def"><temp name="T454"/></temps><temps name="in"><temp name="T473"/><temp name="T484"/><temp name="T490"/><temp name="T463"/><temp name="T453"/><temp name="T8"/><temp name="T457"/><temp name="T496"/><temp name="T188"/><temp name="T469"/><temp name="T441"/><temp name="T479"/><temp name="T447"/></temps><temps name="out"><temp name="T473"/><temp name="T484"/><temp name="T490"/><temp name="T454"/><temp name="T463"/><temp name="T8"/><temp name="T453"/><temp name="T457"/><temp name="T496"/><temp name="T188"/><temp name="T469"/><temp name="T441"/><temp name="T479"/><temp name="T447"/></temps></instruction><instruction code="STO T454, T188, 0"><temps name="use"><temp name="T454"/><temp name="T188"/></temps><temps name="def"/><temps name="in"><temp name="T473"/><temp name="T484"/><temp name="T490"/><temp name="T454"/><temp name="T463"/><temp name="T8"/><temp name="T453"/><temp name="T457"/><temp name="T496"/><temp name="T188"/><temp name="T469"/><temp name="T441"/><temp name="T479"/><temp name="T447"/></temps><temps name="out"><temp name="T473"/><temp name="T484"/><temp name="T490"/><temp name="T463"/><temp name="T8"/><temp name="T453"/><temp name="T457"/><temp name="T496"/><temp name="T469"/><temp name="T441"/><temp name="T479"/><temp name="T447"/></temps></instruction><instruction code="SETL  T455, 0"><temps name="use"/><temps name="def"><temp name="T455"/></temps><temps name="in"><temp name="T473"/><temp name="T484"/><temp name="T490"/><temp name="T463"/><temp name="T8"/><temp name="T453"/><temp name="T457"/><temp name="T496"/><temp name="T469"/><temp name="T441"/><temp name="T479"/><temp name="T447"/></temps><temps name="out"><temp name="T473"/><temp name="T484"/><temp name="T490"/><temp name="T463"/><temp name="T8"/><temp name="T453"/><temp name="T457"/><temp name="T496"/><temp name="T469"/><temp name="T441"/><temp name="T479"/><temp name="T447"/></temps></instruction><instruction code="INCML T455, 0"><temps name="use"/><temps name="def"><temp name="T455"/></temps><temps name="in"><temp name="T473"/><temp name="T484"/><temp name="T490"/><temp name="T463"/><temp name="T8"/><temp name="T453"/><temp name="T457"/><temp name="T496"/><temp name="T469"/><temp name="T441"/><temp name="T479"/><temp name="T447"/></temps><temps name="out"><temp name="T473"/><temp name="T484"/><temp name="T490"/><temp name="T463"/><temp name="T8"/><temp name="T453"/><temp name="T457"/><temp name="T496"/><temp name="T469"/><temp name="T441"/><temp name="T479"/><temp name="T447"/></temps></instruction><instruction code="INCMH T455, 0"><temps name="use"/><temps name="def"><temp name="T455"/></temps><temps name="in"><temp name="T473"/><temp name="T484"/><temp name="T490"/><temp name="T463"/><temp name="T8"/><temp name="T453"/><temp name="T457"/><temp name="T496"/><temp name="T469"/><temp name="T441"/><temp name="T479"/><temp name="T447"/></temps><temps name="out"><temp name="T473"/><temp name="T484"/><temp name="T490"/><temp name="T463"/><temp name="T8"/><temp name="T453"/><temp name="T457"/><temp name="T496"/><temp name="T469"/><temp name="T441"/><temp name="T479"/><temp name="T447"/></temps></instruction><instruction code="INCH  T455, 0"><temps name="use"/><temps name="def"><temp name="T455"/></temps><temps name="in"><temp name="T473"/><temp name="T484"/><temp name="T490"/><temp name="T463"/><temp name="T8"/><temp name="T453"/><temp name="T457"/><temp name="T496"/><temp name="T469"/><temp name="T441"/><temp name="T479"/><temp name="T447"/></temps><temps name="out"><temp name="T473"/><temp name="T484"/><temp name="T490"/><temp name="T463"/><temp name="T8"/><temp name="T453"/><temp name="T457"/><temp name="T496"/><temp name="T469"/><temp name="T441"/><temp name="T479"/><temp name="T455"/><temp name="T447"/></temps></instruction><instruction code="OR T189, T455, 0"><temps name="use"><temp name="T455"/></temps><temps name="def"><temp name="T189"/></temps><temps name="in"><temp name="T473"/><temp name="T484"/><temp name="T490"/><temp name="T463"/><temp name="T8"/><temp name="T453"/><temp name="T457"/><temp name="T496"/><temp name="T469"/><temp name="T441"/><temp name="T479"/><temp name="T455"/><temp name="T447"/></temps><temps name="out"><temp name="T473"/><temp name="T484"/><temp name="T189"/><temp name="T490"/><temp name="T463"/><temp name="T8"/><temp name="T453"/><temp name="T457"/><temp name="T496"/><temp name="T469"/><temp name="T441"/><temp name="T479"/><temp name="T447"/></temps></instruction><instruction code="STO T189, $254, 8"><temps name="use"><temp name="T189"/></temps><temps name="def"/><temps name="in"><temp name="T473"/><temp name="T484"/><temp name="T189"/><temp name="T490"/><temp name="T463"/><temp name="T8"/><temp name="T453"/><temp name="T457"/><temp name="T496"/><temp name="T469"/><temp name="T441"/><temp name="T479"/><temp name="T447"/></temps><temps name="out"><temp name="T473"/><temp name="T484"/><temp name="T490"/><temp name="T463"/><temp name="T8"/><temp name="T453"/><temp name="T457"/><temp name="T496"/><temp name="T469"/><temp name="T441"/><temp name="T479"/><temp name="T447"/></temps></instruction><instruction code="LDA T456, _x"><temps name="use"/><temps name="def"><temp name="T456"/></temps><temps name="in"><temp name="T473"/><temp name="T484"/><temp name="T490"/><temp name="T463"/><temp name="T8"/><temp name="T453"/><temp name="T457"/><temp name="T496"/><temp name="T469"/><temp name="T441"/><temp name="T479"/><temp name="T447"/></temps><temps name="out"><temp name="T473"/><temp name="T484"/><temp name="T456"/><temp name="T490"/><temp name="T463"/><temp name="T8"/><temp name="T453"/><temp name="T457"/><temp name="T496"/><temp name="T469"/><temp name="T441"/><temp name="T479"/><temp name="T447"/></temps></instruction><instruction code="PUSHJ $15, T456, 0"><temps name="use"><temp name="T456"/></temps><temps name="def"/><temps name="in"><temp name="T473"/><temp name="T484"/><temp name="T456"/><temp name="T490"/><temp name="T463"/><temp name="T8"/><temp name="T453"/><temp name="T457"/><temp name="T496"/><temp name="T469"/><temp name="T441"/><temp name="T479"/><temp name="T447"/></temps><temps name="out"><temp name="T473"/><temp name="T484"/><temp name="T490"/><temp name="T463"/><temp name="T8"/><temp name="T453"/><temp name="T457"/><temp name="T496"/><temp name="T469"/><temp name="T441"/><temp name="T479"/><temp name="T447"/></temps></instruction><instruction code="OR T190, T457, 0"><temps name="use"><temp name="T457"/></temps><temps name="def"><temp name="T190"/></temps><temps name="in"><temp name="T473"/><temp name="T484"/><temp name="T490"/><temp name="T463"/><temp name="T8"/><temp name="T453"/><temp name="T457"/><temp name="T496"/><temp name="T469"/><temp name="T441"/><temp name="T479"/><temp name="T447"/></temps><temps name="out"><temp name="T473"/><temp name="T484"/><temp name="T490"/><temp name="T463"/><temp name="T8"/><temp name="T453"/><temp name="T496"/><temp name="T457"/><temp name="T190"/><temp name="T469"/><temp name="T441"/><temp name="T479"/><temp name="T447"/></temps></instruction><instruction code="SETL  T458, 97"><temps name="use"/><temps name="def"><temp name="T458"/></temps><temps name="in"><temp name="T473"/><temp name="T484"/><temp name="T490"/><temp name="T463"/><temp name="T8"/><temp name="T453"/><temp name="T496"/><temp name="T457"/><temp name="T190"/><temp name="T469"/><temp name="T441"/><temp name="T479"/><temp name="T447"/></temps><temps name="out"><temp name="T473"/><temp name="T484"/><temp name="T490"/><temp name="T463"/><temp name="T8"/><temp name="T453"/><temp name="T496"/><temp name="T457"/><temp name="T190"/><temp name="T469"/><temp name="T441"/><temp name="T479"/><temp name="T447"/></temps></instruction><instruction code="INCML T458, 0"><temps name="use"/><temps name="def"><temp name="T458"/></temps><temps name="in"><temp name="T473"/><temp name="T484"/><temp name="T490"/><temp name="T463"/><temp name="T8"/><temp name="T453"/><temp name="T496"/><temp name="T457"/><temp name="T190"/><temp name="T469"/><temp name="T441"/><temp name="T479"/><temp name="T447"/></temps><temps name="out"><temp name="T473"/><temp name="T484"/><temp name="T490"/><temp name="T463"/><temp name="T8"/><temp name="T453"/><temp name="T496"/><temp name="T457"/><temp name="T190"/><temp name="T469"/><temp name="T441"/><temp name="T479"/><temp name="T447"/></temps></instruction><instruction code="INCMH T458, 0"><temps name="use"/><temps name="def"><temp name="T458"/></temps><temps name="in"><temp name="T473"/><temp name="T484"/><temp name="T490"/><temp name="T463"/><temp name="T8"/><temp name="T453"/><temp name="T496"/><temp name="T457"/><temp name="T190"/><temp name="T469"/><temp name="T441"/><temp name="T479"/><temp name="T447"/></temps><temps name="out"><temp name="T473"/><temp name="T484"/><temp name="T490"/><temp name="T463"/><temp name="T8"/><temp name="T453"/><temp name="T496"/><temp name="T457"/><temp name="T190"/><temp name="T469"/><temp name="T441"/><temp name="T479"/><temp name="T447"/></temps></instruction><instruction code="INCH  T458, 0"><temps name="use"/><temps name="def"><temp name="T458"/></temps><temps name="in"><temp name="T473"/><temp name="T484"/><temp name="T490"/><temp name="T463"/><temp name="T8"/><temp name="T453"/><temp name="T496"/><temp name="T457"/><temp name="T190"/><temp name="T469"/><temp name="T441"/><temp name="T479"/><temp name="T447"/></temps><temps name="out"><temp name="T473"/><temp name="T484"/><temp name="T458"/><temp name="T490"/><temp name="T463"/><temp name="T8"/><temp name="T453"/><temp name="T496"/><temp name="T457"/><temp name="T190"/><temp name="T469"/><temp name="T441"/><temp name="T479"/><temp name="T447"/></temps></instruction><instruction code="OR T191, T458, 0"><temps name="use"><temp name="T458"/></temps><temps name="def"><temp name="T191"/></temps><temps name="in"><temp name="T473"/><temp name="T484"/><temp name="T458"/><temp name="T490"/><temp name="T463"/><temp name="T8"/><temp name="T453"/><temp name="T496"/><temp name="T457"/><temp name="T190"/><temp name="T469"/><temp name="T441"/><temp name="T479"/><temp name="T447"/></temps><temps name="out"><temp name="T473"/><temp name="T484"/><temp name="T490"/><temp name="T463"/><temp name="T8"/><temp name="T453"/><temp name="T496"/><temp name="T457"/><temp name="T190"/><temp name="T469"/><temp name="T441"/><temp name="T191"/><temp name="T479"/><temp name="T447"/></temps></instruction><instruction code="CMP T459, T190, T191"><temps name="use"><temp name="T190"/><temp name="T191"/></temps><temps name="def"><temp name="T459"/></temps><temps name="in"><temp name="T473"/><temp name="T484"/><temp name="T490"/><temp name="T463"/><temp name="T8"/><temp name="T453"/><temp name="T496"/><temp name="T457"/><temp name="T190"/><temp name="T469"/><temp name="T441"/><temp name="T191"/><temp name="T479"/><temp name="T447"/></temps><temps name="out"><temp name="T473"/><temp name="T484"/><temp name="T490"/><temp name="T463"/><temp name="T8"/><temp name="T453"/><temp name="T496"/><temp name="T457"/><temp name="T469"/><temp name="T441"/><temp name="T479"/><temp name="T459"/><temp name="T447"/></temps></instruction><instruction code="ZSNN T459, T459, 1"><temps name="use"><temp name="T459"/></temps><temps name="def"><temp name="T459"/></temps><temps name="in"><temp name="T473"/><temp name="T484"/><temp name="T490"/><temp name="T463"/><temp name="T8"/><temp name="T453"/><temp name="T496"/><temp name="T457"/><temp name="T469"/><temp name="T441"/><temp name="T479"/><temp name="T459"/><temp name="T447"/></temps><temps name="out"><temp name="T473"/><temp name="T484"/><temp name="T490"/><temp name="T463"/><temp name="T8"/><temp name="T453"/><temp name="T496"/><temp name="T457"/><temp name="T469"/><temp name="T441"/><temp name="T479"/><temp name="T459"/><temp name="T447"/></temps></instruction><instruction code="OR T192, T459, 0"><temps name="use"><temp name="T459"/></temps><temps name="def"><temp name="T192"/></temps><temps name="in"><temp name="T473"/><temp name="T484"/><temp name="T490"/><temp name="T463"/><temp name="T8"/><temp name="T453"/><temp name="T496"/><temp name="T457"/><temp name="T469"/><temp name="T441"/><temp name="T479"/><temp name="T459"/><temp name="T447"/></temps><temps name="out"><temp name="T473"/><temp name="T484"/><temp name="T490"/><temp name="T463"/><temp name="T8"/><temp name="T453"/><temp name="T496"/><temp name="T457"/><temp name="T469"/><temp name="T441"/><temp name="T479"/><temp name="T192"/><temp name="T447"/></temps></instruction><instruction code="BNZ T192, L11"><temps name="use"><temp name="T192"/></temps><temps name="def"/><temps name="in"><temp name="T473"/><temp name="T484"/><temp name="T490"/><temp name="T463"/><temp name="T8"/><temp name="T453"/><temp name="T496"/><temp name="T457"/><temp name="T469"/><temp name="T441"/><temp name="T479"/><temp name="T192"/><temp name="T447"/></temps><temps name="out"><temp name="T473"/><temp name="T484"/><temp name="T490"/><temp name="T463"/><temp name="T8"/><temp name="T453"/><temp name="T496"/><temp name="T457"/><temp name="T469"/><temp name="T441"/><temp name="T479"/><temp name="T447"/></temps></instruction><instruction code="L34"><temps name="use"/><temps name="def"/><temps name="in"><temp name="T473"/><temp name="T484"/><temp name="T490"/><temp name="T463"/><temp name="T8"/><temp name="T453"/><temp name="T496"/><temp name="T457"/><temp name="T469"/><temp name="T441"/><temp name="T479"/><temp name="T447"/></temps><temps name="out"><temp name="T473"/><temp name="T484"/><temp name="T490"/><temp name="T463"/><temp name="T8"/><temp name="T453"/><temp name="T496"/><temp name="T457"/><temp name="T469"/><temp name="T441"/><temp name="T479"/><temp name="T447"/></temps></instruction><instruction code="LDA T460, L12"><temps name="use"/><temps name="def"><temp name="T460"/></temps><temps name="in"><temp name="T473"/><temp name="T484"/><temp name="T490"/><temp name="T463"/><temp name="T8"/><temp name="T453"/><temp name="T496"/><temp name="T457"/><temp name="T469"/><temp name="T441"/><temp name="T479"/><temp name="T447"/></temps><temps name="out"><temp name="T473"/><temp name="T484"/><temp name="T490"/><temp name="T463"/><temp name="T460"/><temp name="T8"/><temp name="T453"/><temp name="T496"/><temp name="T457"/><temp name="T469"/><temp name="T441"/><temp name="T479"/><temp name="T447"/></temps></instruction><instruction code="GO T460, T460, 0"><temps name="use"><temp name="T460"/></temps><temps name="def"><temp name="T460"/></temps><temps name="in"><temp name="T473"/><temp name="T484"/><temp name="T490"/><temp name="T463"/><temp name="T460"/><temp name="T8"/><temp name="T453"/><temp name="T496"/><temp name="T457"/><temp name="T469"/><temp name="T441"/><temp name="T479"/><temp name="T447"/></temps><temps name="out"><temp name="T473"/><temp name="T484"/><temp name="T490"/><temp name="T463"/><temp name="T8"/><temp name="T453"/><temp name="T496"/><temp name="T457"/><temp name="T469"/><temp name="T441"/><temp name="T479"/><temp name="T447"/></temps></instruction><instruction code="L11"><temps name="use"/><temps name="def"/><temps name="in"><temp name="T473"/><temp name="T484"/><temp name="T490"/><temp name="T463"/><temp name="T8"/><temp name="T453"/><temp name="T496"/><temp name="T457"/><temp name="T469"/><temp name="T441"/><temp name="T479"/><temp name="T447"/></temps><temps name="out"><temp name="T473"/><temp name="T484"/><temp name="T490"/><temp name="T463"/><temp name="T8"/><temp name="T453"/><temp name="T496"/><temp name="T457"/><temp name="T469"/><temp name="T441"/><temp name="T479"/><temp name="T447"/></temps></instruction><instruction code="OR T193, T8, 0"><temps name="use"><temp name="T8"/></temps><temps name="def"><temp name="T193"/></temps><temps name="in"><temp name="T473"/><temp name="T484"/><temp name="T490"/><temp name="T463"/><temp name="T8"/><temp name="T453"/><temp name="T496"/><temp name="T457"/><temp name="T469"/><temp name="T441"/><temp name="T479"/><temp name="T447"/></temps><temps name="out"><temp name="T473"/><temp name="T484"/><temp name="T490"/><temp name="T463"/><temp name="T8"/><temp name="T453"/><temp name="T496"/><temp name="T457"/><temp name="T469"/><temp name="T193"/><temp name="T441"/><temp name="T479"/><temp name="T447"/></temps></instruction><instruction code="SETL  T461, 16"><temps name="use"/><temps name="def"><temp name="T461"/></temps><temps name="in"><temp name="T473"/><temp name="T484"/><temp name="T490"/><temp name="T463"/><temp name="T8"/><temp name="T453"/><temp name="T496"/><temp name="T457"/><temp name="T469"/><temp name="T193"/><temp name="T441"/><temp name="T479"/><temp name="T447"/></temps><temps name="out"><temp name="T473"/><temp name="T484"/><temp name="T490"/><temp name="T463"/><temp name="T8"/><temp name="T453"/><temp name="T496"/><temp name="T457"/><temp name="T469"/><temp name="T193"/><temp name="T441"/><temp name="T479"/><temp name="T447"/></temps></instruction><instruction code="INCML T461, 0"><temps name="use"/><temps name="def"><temp name="T461"/></temps><temps name="in"><temp name="T473"/><temp name="T484"/><temp name="T490"/><temp name="T463"/><temp name="T8"/><temp name="T453"/><temp name="T496"/><temp name="T457"/><temp name="T469"/><temp name="T193"/><temp name="T441"/><temp name="T479"/><temp name="T447"/></temps><temps name="out"><temp name="T473"/><temp name="T484"/><temp name="T490"/><temp name="T463"/><temp name="T8"/><temp name="T453"/><temp name="T496"/><temp name="T457"/><temp name="T469"/><temp name="T193"/><temp name="T441"/><temp name="T479"/><temp name="T447"/></temps></instruction><instruction code="INCMH T461, 0"><temps name="use"/><temps name="def"><temp name="T461"/></temps><temps name="in"><temp name="T473"/><temp name="T484"/><temp name="T490"/><temp name="T463"/><temp name="T8"/><temp name="T453"/><temp name="T496"/><temp name="T457"/><temp name="T469"/><temp name="T193"/><temp name="T441"/><temp name="T479"/><temp name="T447"/></temps><temps name="out"><temp name="T473"/><temp name="T484"/><temp name="T490"/><temp name="T463"/><temp name="T8"/><temp name="T453"/><temp name="T496"/><temp name="T457"/><temp name="T469"/><temp name="T193"/><temp name="T441"/><temp name="T479"/><temp name="T447"/></temps></instruction><instruction code="INCH  T461, 0"><temps name="use"/><temps name="def"><temp name="T461"/></temps><temps name="in"><temp name="T473"/><temp name="T484"/><temp name="T490"/><temp name="T463"/><temp name="T8"/><temp name="T453"/><temp name="T496"/><temp name="T457"/><temp name="T469"/><temp name="T193"/><temp name="T441"/><temp name="T479"/><temp name="T447"/></temps><temps name="out"><temp name="T473"/><temp name="T484"/><temp name="T461"/><temp name="T490"/><temp name="T463"/><temp name="T8"/><temp name="T453"/><temp name="T496"/><temp name="T457"/><temp name="T469"/><temp name="T193"/><temp name="T441"/><temp name="T479"/><temp name="T447"/></temps></instruction><instruction code="NEG T461, 0, T461"><temps name="use"><temp name="T461"/></temps><temps name="def"><temp name="T461"/></temps><temps name="in"><temp name="T473"/><temp name="T484"/><temp name="T461"/><temp name="T490"/><temp name="T463"/><temp name="T8"/><temp name="T453"/><temp name="T496"/><temp name="T457"/><temp name="T469"/><temp name="T193"/><temp name="T441"/><temp name="T479"/><temp name="T447"/></temps><temps name="out"><temp name="T473"/><temp name="T484"/><temp name="T461"/><temp name="T490"/><temp name="T463"/><temp name="T8"/><temp name="T453"/><temp name="T496"/><temp name="T457"/><temp name="T469"/><temp name="T193"/><temp name="T441"/><temp name="T479"/><temp name="T447"/></temps></instruction><instruction code="OR T194, T461, 0"><temps name="use"><temp name="T461"/></temps><temps name="def"><temp name="T194"/></temps><temps name="in"><temp name="T473"/><temp name="T484"/><temp name="T461"/><temp name="T490"/><temp name="T463"/><temp name="T8"/><temp name="T453"/><temp name="T496"/><temp name="T457"/><temp name="T469"/><temp name="T193"/><temp name="T441"/><temp name="T479"/><temp name="T447"/></temps><temps name="out"><temp name="T473"/><temp name="T194"/><temp name="T484"/><temp name="T490"/><temp name="T463"/><temp name="T8"/><temp name="T453"/><temp name="T496"/><temp name="T457"/><temp name="T469"/><temp name="T193"/><temp name="T441"/><temp name="T479"/><temp name="T447"/></temps></instruction><instruction code="ADD T462, T193, T194"><temps name="use"><temp name="T193"/><temp name="T194"/></temps><temps name="def"><temp name="T462"/></temps><temps name="in"><temp name="T473"/><temp name="T194"/><temp name="T484"/><temp name="T490"/><temp name="T463"/><temp name="T8"/><temp name="T453"/><temp name="T496"/><temp name="T457"/><temp name="T469"/><temp name="T193"/><temp name="T441"/><temp name="T479"/><temp name="T447"/></temps><temps name="out"><temp name="T473"/><temp name="T484"/><temp name="T462"/><temp name="T490"/><temp name="T463"/><temp name="T8"/><temp name="T453"/><temp name="T496"/><temp name="T457"/><temp name="T469"/><temp name="T441"/><temp name="T479"/><temp name="T447"/></temps></instruction><instruction code="OR T195, T462, 0"><temps name="use"><temp name="T462"/></temps><temps name="def"><temp name="T195"/></temps><temps name="in"><temp name="T473"/><temp name="T484"/><temp name="T462"/><temp name="T490"/><temp name="T463"/><temp name="T8"/><temp name="T453"/><temp name="T496"/><temp name="T457"/><temp name="T469"/><temp name="T441"/><temp name="T479"/><temp name="T447"/></temps><temps name="out"><temp name="T473"/><temp name="T484"/><temp name="T490"/><temp name="T463"/><temp name="T8"/><temp name="T453"/><temp name="T496"/><temp name="T457"/><temp name="T469"/><temp name="T441"/><temp name="T479"/><temp name="T447"/></temps></instruction><instruction code="LDO T464, T463, 0"><temps name="use"><temp name="T463"/></temps><temps name="def"><temp name="T464"/></temps><temps name="in"><temp name="T473"/><temp name="T484"/><temp name="T490"/><temp name="T463"/><temp name="T8"/><temp name="T453"/><temp name="T496"/><temp name="T457"/><temp name="T469"/><temp name="T441"/><temp name="T479"/><temp name="T447"/></temps><temps name="out"><temp name="T473"/><temp name="T484"/><temp name="T490"/><temp name="T463"/><temp name="T8"/><temp name="T453"/><temp name="T464"/><temp name="T496"/><temp name="T457"/><temp name="T469"/><temp name="T441"/><temp name="T479"/><temp name="T447"/></temps></instruction><instruction code="OR T196, T464, 0"><temps name="use"><temp name="T464"/></temps><temps name="def"><temp name="T196"/></temps><temps name="in"><temp name="T473"/><temp name="T484"/><temp name="T490"/><temp name="T463"/><temp name="T8"/><temp name="T453"/><temp name="T464"/><temp name="T496"/><temp name="T457"/><temp name="T469"/><temp name="T441"/><temp name="T479"/><temp name="T447"/></temps><temps name="out"><temp name="T473"/><temp name="T484"/><temp name="T490"/><temp name="T463"/><temp name="T8"/><temp name="T453"/><temp name="T196"/><temp name="T496"/><temp name="T457"/><temp name="T469"/><temp name="T441"/><temp name="T479"/><temp name="T447"/></temps></instruction><instruction code="SETL  T465, 1"><temps name="use"/><temps name="def"><temp name="T465"/></temps><temps name="in"><temp name="T473"/><temp name="T484"/><temp name="T490"/><temp name="T463"/><temp name="T8"/><temp name="T453"/><temp name="T196"/><temp name="T496"/><temp name="T457"/><temp name="T469"/><temp name="T441"/><temp name="T479"/><temp name="T447"/></temps><temps name="out"><temp name="T473"/><temp name="T484"/><temp name="T490"/><temp name="T463"/><temp name="T8"/><temp name="T453"/><temp name="T196"/><temp name="T496"/><temp name="T457"/><temp name="T469"/><temp name="T441"/><temp name="T479"/><temp name="T447"/></temps></instruction><instruction code="INCML T465, 0"><temps name="use"/><temps name="def"><temp name="T465"/></temps><temps name="in"><temp name="T473"/><temp name="T484"/><temp name="T490"/><temp name="T463"/><temp name="T8"/><temp name="T453"/><temp name="T196"/><temp name="T496"/><temp name="T457"/><temp name="T469"/><temp name="T441"/><temp name="T479"/><temp name="T447"/></temps><temps name="out"><temp name="T473"/><temp name="T484"/><temp name="T490"/><temp name="T463"/><temp name="T8"/><temp name="T453"/><temp name="T196"/><temp name="T496"/><temp name="T457"/><temp name="T469"/><temp name="T441"/><temp name="T479"/><temp name="T447"/></temps></instruction><instruction code="INCMH T465, 0"><temps name="use"/><temps name="def"><temp name="T465"/></temps><temps name="in"><temp name="T473"/><temp name="T484"/><temp name="T490"/><temp name="T463"/><temp name="T8"/><temp name="T453"/><temp name="T196"/><temp name="T496"/><temp name="T457"/><temp name="T469"/><temp name="T441"/><temp name="T479"/><temp name="T447"/></temps><temps name="out"><temp name="T473"/><temp name="T484"/><temp name="T490"/><temp name="T463"/><temp name="T8"/><temp name="T453"/><temp name="T196"/><temp name="T496"/><temp name="T457"/><temp name="T469"/><temp name="T441"/><temp name="T479"/><temp name="T447"/></temps></instruction><instruction code="INCH  T465, 0"><temps name="use"/><temps name="def"><temp name="T465"/></temps><temps name="in"><temp name="T473"/><temp name="T484"/><temp name="T490"/><temp name="T463"/><temp name="T8"/><temp name="T453"/><temp name="T196"/><temp name="T496"/><temp name="T457"/><temp name="T469"/><temp name="T441"/><temp name="T479"/><temp name="T447"/></temps><temps name="out"><temp name="T473"/><temp name="T484"/><temp name="T465"/><temp name="T490"/><temp name="T463"/><temp name="T8"/><temp name="T453"/><temp name="T196"/><temp name="T496"/><temp name="T457"/><temp name="T469"/><temp name="T441"/><temp name="T479"/><temp name="T447"/></temps></instruction><instruction code="OR T197, T465, 0"><temps name="use"><temp name="T465"/></temps><temps name="def"><temp name="T197"/></temps><temps name="in"><temp name="T473"/><temp name="T484"/><temp name="T465"/><temp name="T490"/><temp name="T463"/><temp name="T8"/><temp name="T453"/><temp name="T196"/><temp name="T496"/><temp name="T457"/><temp name="T469"/><temp name="T441"/><temp name="T479"/><temp name="T447"/></temps><temps name="out"><temp name="T473"/><temp name="T484"/><temp name="T490"/><temp name="T197"/><temp name="T463"/><temp name="T8"/><temp name="T453"/><temp name="T196"/><temp name="T496"/><temp name="T457"/><temp name="T469"/><temp name="T441"/><temp name="T479"/><temp name="T447"/></temps></instruction><instruction code="ADD T466, T196, T197"><temps name="use"><temp name="T196"/><temp name="T197"/></temps><temps name="def"><temp name="T466"/></temps><temps name="in"><temp name="T473"/><temp name="T484"/><temp name="T490"/><temp name="T197"/><temp name="T463"/><temp name="T8"/><temp name="T453"/><temp name="T196"/><temp name="T496"/><temp name="T457"/><temp name="T469"/><temp name="T441"/><temp name="T479"/><temp name="T447"/></temps><temps name="out"><temp name="T473"/><temp name="T484"/><temp name="T490"/><temp name="T463"/><temp name="T8"/><temp name="T453"/><temp name="T496"/><temp name="T457"/><temp name="T469"/><temp name="T441"/><temp name="T479"/><temp name="T466"/><temp name="T447"/></temps></instruction><instruction code="OR T198, T466, 0"><temps name="use"><temp name="T466"/></temps><temps name="def"><temp name="T198"/></temps><temps name="in"><temp name="T473"/><temp name="T484"/><temp name="T490"/><temp name="T463"/><temp name="T8"/><temp name="T453"/><temp name="T496"/><temp name="T457"/><temp name="T469"/><temp name="T441"/><temp name="T479"/><temp name="T466"/><temp name="T447"/></temps><temps name="out"><temp name="T473"/><temp name="T484"/><temp name="T490"/><temp name="T463"/><temp name="T8"/><temp name="T453"/><temp name="T496"/><temp name="T457"/><temp name="T469"/><temp name="T441"/><temp name="T198"/><temp name="T479"/><temp name="T447"/></temps></instruction><instruction code="LDO T470, T469, 0"><temps name="use"><temp name="T469"/></temps><temps name="def"><temp name="T470"/></temps><temps name="in"><temp name="T473"/><temp name="T484"/><temp name="T490"/><temp name="T463"/><temp name="T8"/><temp name="T453"/><temp name="T496"/><temp name="T457"/><temp name="T469"/><temp name="T441"/><temp name="T198"/><temp name="T479"/><temp name="T447"/></temps><temps name="out"><temp name="T473"/><temp name="T484"/><temp name="T490"/><temp name="T463"/><temp name="T8"/><temp name="T453"/><temp name="T470"/><temp name="T496"/><temp name="T457"/><temp name="T469"/><temp name="T441"/><temp name="T198"/><temp name="T479"/><temp name="T447"/></temps></instruction><instruction code="STO T470, T198, 0"><temps name="use"><temp name="T470"/><temp name="T198"/></temps><temps name="def"/><temps name="in"><temp name="T473"/><temp name="T484"/><temp name="T490"/><temp name="T463"/><temp name="T8"/><temp name="T453"/><temp name="T470"/><temp name="T496"/><temp name="T457"/><temp name="T469"/><temp name="T441"/><temp name="T198"/><temp name="T479"/><temp name="T447"/></temps><temps name="out"><temp name="T473"/><temp name="T484"/><temp name="T490"/><temp name="T463"/><temp name="T8"/><temp name="T453"/><temp name="T496"/><temp name="T457"/><temp name="T469"/><temp name="T441"/><temp name="T479"/><temp name="T447"/></temps></instruction><instruction code="OR T199, T8, 0"><temps name="use"><temp name="T8"/></temps><temps name="def"><temp name="T199"/></temps><temps name="in"><temp name="T473"/><temp name="T484"/><temp name="T490"/><temp name="T463"/><temp name="T8"/><temp name="T453"/><temp name="T496"/><temp name="T457"/><temp name="T469"/><temp name="T441"/><temp name="T479"/><temp name="T447"/></temps><temps name="out"><temp name="T473"/><temp name="T484"/><temp name="T490"/><temp name="T463"/><temp name="T199"/><temp name="T8"/><temp name="T453"/><temp name="T496"/><temp name="T457"/><temp name="T469"/><temp name="T441"/><temp name="T479"/><temp name="T447"/></temps></instruction><instruction code="SETL  T471, 128"><temps name="use"/><temps name="def"><temp name="T471"/></temps><temps name="in"><temp name="T473"/><temp name="T484"/><temp name="T490"/><temp name="T463"/><temp name="T199"/><temp name="T8"/><temp name="T453"/><temp name="T496"/><temp name="T457"/><temp name="T469"/><temp name="T441"/><temp name="T479"/><temp name="T447"/></temps><temps name="out"><temp name="T473"/><temp name="T484"/><temp name="T490"/><temp name="T463"/><temp name="T199"/><temp name="T8"/><temp name="T453"/><temp name="T496"/><temp name="T457"/><temp name="T469"/><temp name="T441"/><temp name="T479"/><temp name="T447"/></temps></instruction><instruction code="INCML T471, 0"><temps name="use"/><temps name="def"><temp name="T471"/></temps><temps name="in"><temp name="T473"/><temp name="T484"/><temp name="T490"/><temp name="T463"/><temp name="T199"/><temp name="T8"/><temp name="T453"/><temp name="T496"/><temp name="T457"/><temp name="T469"/><temp name="T441"/><temp name="T479"/><temp name="T447"/></temps><temps name="out"><temp name="T473"/><temp name="T484"/><temp name="T490"/><temp name="T463"/><temp name="T199"/><temp name="T8"/><temp name="T453"/><temp name="T496"/><temp name="T457"/><temp name="T469"/><temp name="T441"/><temp name="T479"/><temp name="T447"/></temps></instruction><instruction code="INCMH T471, 0"><temps name="use"/><temps name="def"><temp name="T471"/></temps><temps name="in"><temp name="T473"/><temp name="T484"/><temp name="T490"/><temp name="T463"/><temp name="T199"/><temp name="T8"/><temp name="T453"/><temp name="T496"/><temp name="T457"/><temp name="T469"/><temp name="T441"/><temp name="T479"/><temp name="T447"/></temps><temps name="out"><temp name="T473"/><temp name="T484"/><temp name="T490"/><temp name="T463"/><temp name="T199"/><temp name="T8"/><temp name="T453"/><temp name="T496"/><temp name="T457"/><temp name="T469"/><temp name="T441"/><temp name="T479"/><temp name="T447"/></temps></instruction><instruction code="INCH  T471, 0"><temps name="use"/><temps name="def"><temp name="T471"/></temps><temps name="in"><temp name="T473"/><temp name="T484"/><temp name="T490"/><temp name="T463"/><temp name="T199"/><temp name="T8"/><temp name="T453"/><temp name="T496"/><temp name="T457"/><temp name="T469"/><temp name="T441"/><temp name="T479"/><temp name="T447"/></temps><temps name="out"><temp name="T471"/><temp name="T473"/><temp name="T484"/><temp name="T490"/><temp name="T463"/><temp name="T199"/><temp name="T8"/><temp name="T453"/><temp name="T496"/><temp name="T457"/><temp name="T469"/><temp name="T441"/><temp name="T479"/><temp name="T447"/></temps></instruction><instruction code="NEG T471, 0, T471"><temps name="use"><temp name="T471"/></temps><temps name="def"><temp name="T471"/></temps><temps name="in"><temp name="T471"/><temp name="T473"/><temp name="T484"/><temp name="T490"/><temp name="T463"/><temp name="T199"/><temp name="T8"/><temp name="T453"/><temp name="T496"/><temp name="T457"/><temp name="T469"/><temp name="T441"/><temp name="T479"/><temp name="T447"/></temps><temps name="out"><temp name="T471"/><temp name="T473"/><temp name="T484"/><temp name="T490"/><temp name="T463"/><temp name="T199"/><temp name="T8"/><temp name="T453"/><temp name="T496"/><temp name="T457"/><temp name="T469"/><temp name="T441"/><temp name="T479"/><temp name="T447"/></temps></instruction><instruction code="OR T200, T471, 0"><temps name="use"><temp name="T471"/></temps><temps name="def"><temp name="T200"/></temps><temps name="in"><temp name="T471"/><temp name="T473"/><temp name="T484"/><temp name="T490"/><temp name="T463"/><temp name="T199"/><temp name="T8"/><temp name="T453"/><temp name="T496"/><temp name="T457"/><temp name="T469"/><temp name="T441"/><temp name="T479"/><temp name="T447"/></temps><temps name="out"><temp name="T473"/><temp name="T200"/><temp name="T484"/><temp name="T490"/><temp name="T463"/><temp name="T199"/><temp name="T8"/><temp name="T453"/><temp name="T496"/><temp name="T457"/><temp name="T469"/><temp name="T441"/><temp name="T479"/><temp name="T447"/></temps></instruction><instruction code="ADD T472, T199, T200"><temps name="use"><temp name="T199"/><temp name="T200"/></temps><temps name="def"><temp name="T472"/></temps><temps name="in"><temp name="T473"/><temp name="T200"/><temp name="T484"/><temp name="T490"/><temp name="T463"/><temp name="T199"/><temp name="T8"/><temp name="T453"/><temp name="T496"/><temp name="T457"/><temp name="T469"/><temp name="T441"/><temp name="T479"/><temp name="T447"/></temps><temps name="out"><temp name="T473"/><temp name="T484"/><temp name="T490"/><temp name="T472"/><temp name="T463"/><temp name="T8"/><temp name="T453"/><temp name="T496"/><temp name="T457"/><temp name="T469"/><temp name="T441"/><temp name="T479"/><temp name="T447"/></temps></instruction><instruction code="OR T201, T472, 0"><temps name="use"><temp name="T472"/></temps><temps name="def"><temp name="T201"/></temps><temps name="in"><temp name="T473"/><temp name="T484"/><temp name="T490"/><temp name="T472"/><temp name="T463"/><temp name="T8"/><temp name="T453"/><temp name="T496"/><temp name="T457"/><temp name="T469"/><temp name="T441"/><temp name="T479"/><temp name="T447"/></temps><temps name="out"><temp name="T473"/><temp name="T484"/><temp name="T490"/><temp name="T463"/><temp name="T8"/><temp name="T453"/><temp name="T496"/><temp name="T457"/><temp name="T469"/><temp name="T441"/><temp name="T479"/><temp name="T447"/></temps></instruction><instruction code="LDO T474, T473, 0"><temps name="use"><temp name="T473"/></temps><temps name="def"><temp name="T474"/></temps><temps name="in"><temp name="T473"/><temp name="T484"/><temp name="T490"/><temp name="T463"/><temp name="T8"/><temp name="T453"/><temp name="T496"/><temp name="T457"/><temp name="T469"/><temp name="T441"/><temp name="T479"/><temp name="T447"/></temps><temps name="out"><temp name="T473"/><temp name="T484"/><temp name="T474"/><temp name="T490"/><temp name="T463"/><temp name="T8"/><temp name="T453"/><temp name="T496"/><temp name="T457"/><temp name="T469"/><temp name="T441"/><temp name="T479"/><temp name="T447"/></temps></instruction><instruction code="OR T202, T474, 0"><temps name="use"><temp name="T474"/></temps><temps name="def"><temp name="T202"/></temps><temps name="in"><temp name="T473"/><temp name="T484"/><temp name="T474"/><temp name="T490"/><temp name="T463"/><temp name="T8"/><temp name="T453"/><temp name="T496"/><temp name="T457"/><temp name="T469"/><temp name="T441"/><temp name="T479"/><temp name="T447"/></temps><temps name="out"><temp name="T473"/><temp name="T202"/><temp name="T484"/><temp name="T490"/><temp name="T463"/><temp name="T8"/><temp name="T453"/><temp name="T496"/><temp name="T457"/><temp name="T469"/><temp name="T441"/><temp name="T479"/><temp name="T447"/></temps></instruction><instruction code="SETL  T475, 3"><temps name="use"/><temps name="def"><temp name="T475"/></temps><temps name="in"><temp name="T473"/><temp name="T202"/><temp name="T484"/><temp name="T490"/><temp name="T463"/><temp name="T8"/><temp name="T453"/><temp name="T496"/><temp name="T457"/><temp name="T469"/><temp name="T441"/><temp name="T479"/><temp name="T447"/></temps><temps name="out"><temp name="T473"/><temp name="T202"/><temp name="T484"/><temp name="T490"/><temp name="T463"/><temp name="T8"/><temp name="T453"/><temp name="T496"/><temp name="T457"/><temp name="T469"/><temp name="T441"/><temp name="T479"/><temp name="T447"/></temps></instruction><instruction code="INCML T475, 0"><temps name="use"/><temps name="def"><temp name="T475"/></temps><temps name="in"><temp name="T473"/><temp name="T202"/><temp name="T484"/><temp name="T490"/><temp name="T463"/><temp name="T8"/><temp name="T453"/><temp name="T496"/><temp name="T457"/><temp name="T469"/><temp name="T441"/><temp name="T479"/><temp name="T447"/></temps><temps name="out"><temp name="T473"/><temp name="T202"/><temp name="T484"/><temp name="T490"/><temp name="T463"/><temp name="T8"/><temp name="T453"/><temp name="T496"/><temp name="T457"/><temp name="T469"/><temp name="T441"/><temp name="T479"/><temp name="T447"/></temps></instruction><instruction code="INCMH T475, 0"><temps name="use"/><temps name="def"><temp name="T475"/></temps><temps name="in"><temp name="T473"/><temp name="T202"/><temp name="T484"/><temp name="T490"/><temp name="T463"/><temp name="T8"/><temp name="T453"/><temp name="T496"/><temp name="T457"/><temp name="T469"/><temp name="T441"/><temp name="T479"/><temp name="T447"/></temps><temps name="out"><temp name="T473"/><temp name="T202"/><temp name="T484"/><temp name="T490"/><temp name="T463"/><temp name="T8"/><temp name="T453"/><temp name="T496"/><temp name="T457"/><temp name="T469"/><temp name="T441"/><temp name="T479"/><temp name="T447"/></temps></instruction><instruction code="INCH  T475, 0"><temps name="use"/><temps name="def"><temp name="T475"/></temps><temps name="in"><temp name="T473"/><temp name="T202"/><temp name="T484"/><temp name="T490"/><temp name="T463"/><temp name="T8"/><temp name="T453"/><temp name="T496"/><temp name="T457"/><temp name="T469"/><temp name="T441"/><temp name="T479"/><temp name="T447"/></temps><temps name="out"><temp name="T473"/><temp name="T202"/><temp name="T484"/><temp name="T490"/><temp name="T463"/><temp name="T8"/><temp name="T453"/><temp name="T496"/><temp name="T457"/><temp name="T475"/><temp name="T469"/><temp name="T441"/><temp name="T479"/><temp name="T447"/></temps></instruction><instruction code="OR T203, T475, 0"><temps name="use"><temp name="T475"/></temps><temps name="def"><temp name="T203"/></temps><temps name="in"><temp name="T473"/><temp name="T202"/><temp name="T484"/><temp name="T490"/><temp name="T463"/><temp name="T8"/><temp name="T453"/><temp name="T496"/><temp name="T457"/><temp name="T475"/><temp name="T469"/><temp name="T441"/><temp name="T479"/><temp name="T447"/></temps><temps name="out"><temp name="T473"/><temp name="T202"/><temp name="T484"/><temp name="T203"/><temp name="T490"/><temp name="T463"/><temp name="T8"/><temp name="T453"/><temp name="T496"/><temp name="T457"/><temp name="T469"/><temp name="T441"/><temp name="T479"/><temp name="T447"/></temps></instruction><instruction code="ADD T476, T202, T203"><temps name="use"><temp name="T202"/><temp name="T203"/></temps><temps name="def"><temp name="T476"/></temps><temps name="in"><temp name="T473"/><temp name="T202"/><temp name="T484"/><temp name="T203"/><temp name="T490"/><temp name="T463"/><temp name="T8"/><temp name="T453"/><temp name="T496"/><temp name="T457"/><temp name="T469"/><temp name="T441"/><temp name="T479"/><temp name="T447"/></temps><temps name="out"><temp name="T473"/><temp name="T484"/><temp name="T490"/><temp name="T463"/><temp name="T8"/><temp name="T453"/><temp name="T496"/><temp name="T457"/><temp name="T469"/><temp name="T441"/><temp name="T479"/><temp name="T476"/><temp name="T447"/></temps></instruction><instruction code="OR T204, T476, 0"><temps name="use"><temp name="T476"/></temps><temps name="def"><temp name="T204"/></temps><temps name="in"><temp name="T473"/><temp name="T484"/><temp name="T490"/><temp name="T463"/><temp name="T8"/><temp name="T453"/><temp name="T496"/><temp name="T457"/><temp name="T469"/><temp name="T441"/><temp name="T479"/><temp name="T476"/><temp name="T447"/></temps><temps name="out"><temp name="T473"/><temp name="T484"/><temp name="T490"/><temp name="T463"/><temp name="T8"/><temp name="T453"/><temp name="T496"/><temp name="T457"/><temp name="T204"/><temp name="T469"/><temp name="T441"/><temp name="T479"/><temp name="T447"/></temps></instruction><instruction code="LDO T480, T479, 0"><temps name="use"><temp name="T479"/></temps><temps name="def"><temp name="T480"/></temps><temps name="in"><temp name="T473"/><temp name="T484"/><temp name="T490"/><temp name="T463"/><temp name="T8"/><temp name="T453"/><temp name="T496"/><temp name="T457"/><temp name="T204"/><temp name="T469"/><temp name="T441"/><temp name="T479"/><temp name="T447"/></temps><temps name="out"><temp name="T473"/><temp name="T484"/><temp name="T490"/><temp name="T463"/><temp name="T8"/><temp name="T453"/><temp name="T496"/><temp name="T457"/><temp name="T204"/><temp name="T469"/><temp name="T441"/><temp name="T479"/><temp name="T480"/><temp name="T447"/></temps></instruction><instruction code="STO T480, T204, 0"><temps name="use"><temp name="T480"/><temp name="T204"/></temps><temps name="def"/><temps name="in"><temp name="T473"/><temp name="T484"/><temp name="T490"/><temp name="T463"/><temp name="T8"/><temp name="T453"/><temp name="T496"/><temp name="T457"/><temp name="T204"/><temp name="T469"/><temp name="T441"/><temp name="T479"/><temp name="T480"/><temp name="T447"/></temps><temps name="out"><temp name="T473"/><temp name="T484"/><temp name="T490"/><temp name="T463"/><temp name="T8"/><temp name="T453"/><temp name="T496"/><temp name="T457"/><temp name="T469"/><temp name="T441"/><temp name="T479"/><temp name="T447"/></temps></instruction><instruction code="LDA T481, L13"><temps name="use"/><temps name="def"><temp name="T481"/></temps><temps name="in"><temp name="T473"/><temp name="T484"/><temp name="T490"/><temp name="T463"/><temp name="T8"/><temp name="T453"/><temp name="T496"/><temp name="T457"/><temp name="T469"/><temp name="T441"/><temp name="T479"/><temp name="T447"/></temps><temps name="out"><temp name="T473"/><temp name="T484"/><temp name="T490"/><temp name="T463"/><temp name="T8"/><temp name="T453"/><temp name="T496"/><temp name="T457"/><temp name="T469"/><temp name="T441"/><temp name="T481"/><temp name="T479"/><temp name="T447"/></temps></instruction><instruction code="GO T481, T481, 0"><temps name="use"><temp name="T481"/></temps><temps name="def"><temp name="T481"/></temps><temps name="in"><temp name="T473"/><temp name="T484"/><temp name="T490"/><temp name="T463"/><temp name="T8"/><temp name="T453"/><temp name="T496"/><temp name="T457"/><temp name="T469"/><temp name="T441"/><temp name="T481"/><temp name="T479"/><temp name="T447"/></temps><temps name="out"><temp name="T473"/><temp name="T484"/><temp name="T490"/><temp name="T463"/><temp name="T8"/><temp name="T453"/><temp name="T496"/><temp name="T457"/><temp name="T469"/><temp name="T441"/><temp name="T479"/><temp name="T447"/></temps></instruction><instruction code="L12"><temps name="use"/><temps name="def"/><temps name="in"><temp name="T473"/><temp name="T484"/><temp name="T490"/><temp name="T463"/><temp name="T8"/><temp name="T453"/><temp name="T496"/><temp name="T457"/><temp name="T469"/><temp name="T441"/><temp name="T479"/><temp name="T447"/></temps><temps name="out"><temp name="T473"/><temp name="T484"/><temp name="T490"/><temp name="T463"/><temp name="T8"/><temp name="T453"/><temp name="T496"/><temp name="T457"/><temp name="T469"/><temp name="T441"/><temp name="T479"/><temp name="T447"/></temps></instruction><instruction code="SETL  T482, 0"><temps name="use"/><temps name="def"><temp name="T482"/></temps><temps name="in"><temp name="T473"/><temp name="T484"/><temp name="T490"/><temp name="T463"/><temp name="T8"/><temp name="T453"/><temp name="T496"/><temp name="T457"/><temp name="T469"/><temp name="T441"/><temp name="T479"/><temp name="T447"/></temps><temps name="out"><temp name="T473"/><temp name="T484"/><temp name="T490"/><temp name="T463"/><temp name="T8"/><temp name="T453"/><temp name="T496"/><temp name="T457"/><temp name="T469"/><temp name="T441"/><temp name="T479"/><temp name="T447"/></temps></instruction><instruction code="INCML T482, 0"><temps name="use"/><temps name="def"><temp name="T482"/></temps><temps name="in"><temp name="T473"/><temp name="T484"/><temp name="T490"/><temp name="T463"/><temp name="T8"/><temp name="T453"/><temp name="T496"/><temp name="T457"/><temp name="T469"/><temp name="T441"/><temp name="T479"/><temp name="T447"/></temps><temps name="out"><temp name="T473"/><temp name="T484"/><temp name="T490"/><temp name="T463"/><temp name="T8"/><temp name="T453"/><temp name="T496"/><temp name="T457"/><temp name="T469"/><temp name="T441"/><temp name="T479"/><temp name="T447"/></temps></instruction><instruction code="INCMH T482, 0"><temps name="use"/><temps name="def"><temp name="T482"/></temps><temps name="in"><temp name="T473"/><temp name="T484"/><temp name="T490"/><temp name="T463"/><temp name="T8"/><temp name="T453"/><temp name="T496"/><temp name="T457"/><temp name="T469"/><temp name="T441"/><temp name="T479"/><temp name="T447"/></temps><temps name="out"><temp name="T473"/><temp name="T484"/><temp name="T490"/><temp name="T463"/><temp name="T8"/><temp name="T453"/><temp name="T496"/><temp name="T457"/><temp name="T469"/><temp name="T441"/><temp name="T479"/><temp name="T447"/></temps></instruction><instruction code="INCH  T482, 0"><temps name="use"/><temps name="def"><temp name="T482"/></temps><temps name="in"><temp name="T473"/><temp name="T484"/><temp name="T490"/><temp name="T463"/><temp name="T8"/><temp name="T453"/><temp name="T496"/><temp name="T457"/><temp name="T469"/><temp name="T441"/><temp name="T479"/><temp name="T447"/></temps><temps name="out"><temp name="T473"/><temp name="T484"/><temp name="T490"/><temp name="T482"/><temp name="T463"/><temp name="T8"/><temp name="T453"/><temp name="T496"/><temp name="T457"/><temp name="T469"/><temp name="T441"/><temp name="T479"/><temp name="T447"/></temps></instruction><instruction code="OR T205, T482, 0"><temps name="use"><temp name="T482"/></temps><temps name="def"><temp name="T205"/></temps><temps name="in"><temp name="T473"/><temp name="T484"/><temp name="T490"/><temp name="T482"/><temp name="T463"/><temp name="T8"/><temp name="T453"/><temp name="T496"/><temp name="T457"/><temp name="T469"/><temp name="T441"/><temp name="T479"/><temp name="T447"/></temps><temps name="out"><temp name="T473"/><temp name="T484"/><temp name="T205"/><temp name="T490"/><temp name="T463"/><temp name="T8"/><temp name="T453"/><temp name="T496"/><temp name="T457"/><temp name="T469"/><temp name="T441"/><temp name="T479"/><temp name="T447"/></temps></instruction><instruction code="STO T205, $254, 8"><temps name="use"><temp name="T205"/></temps><temps name="def"/><temps name="in"><temp name="T473"/><temp name="T484"/><temp name="T205"/><temp name="T490"/><temp name="T463"/><temp name="T8"/><temp name="T453"/><temp name="T496"/><temp name="T457"/><temp name="T469"/><temp name="T441"/><temp name="T479"/><temp name="T447"/></temps><temps name="out"><temp name="T473"/><temp name="T484"/><temp name="T490"/><temp name="T463"/><temp name="T8"/><temp name="T453"/><temp name="T496"/><temp name="T457"/><temp name="T469"/><temp name="T441"/><temp name="T479"/><temp name="T447"/></temps></instruction><instruction code="LDA T483, _x"><temps name="use"/><temps name="def"><temp name="T483"/></temps><temps name="in"><temp name="T473"/><temp name="T484"/><temp name="T490"/><temp name="T463"/><temp name="T8"/><temp name="T453"/><temp name="T496"/><temp name="T457"/><temp name="T469"/><temp name="T441"/><temp name="T479"/><temp name="T447"/></temps><temps name="out"><temp name="T473"/><temp name="T484"/><temp name="T490"/><temp name="T463"/><temp name="T8"/><temp name="T453"/><temp name="T496"/><temp name="T457"/><temp name="T469"/><temp name="T441"/><temp name="T483"/><temp name="T479"/><temp name="T447"/></temps></instruction><instruction code="PUSHJ $15, T483, 0"><temps name="use"><temp name="T483"/></temps><temps name="def"/><temps name="in"><temp name="T473"/><temp name="T484"/><temp name="T490"/><temp name="T463"/><temp name="T8"/><temp name="T453"/><temp name="T496"/><temp name="T457"/><temp name="T469"/><temp name="T441"/><temp name="T483"/><temp name="T479"/><temp name="T447"/></temps><temps name="out"><temp name="T473"/><temp name="T484"/><temp name="T490"/><temp name="T463"/><temp name="T8"/><temp name="T453"/><temp name="T496"/><temp name="T457"/><temp name="T469"/><temp name="T441"/><temp name="T479"/><temp name="T447"/></temps></instruction><instruction code="OR T206, T484, 0"><temps name="use"><temp name="T484"/></temps><temps name="def"><temp name="T206"/></temps><temps name="in"><temp name="T473"/><temp name="T484"/><temp name="T490"/><temp name="T463"/><temp name="T8"/><temp name="T453"/><temp name="T496"/><temp name="T457"/><temp name="T469"/><temp name="T441"/><temp name="T479"/><temp name="T447"/></temps><temps name="out"><temp name="T473"/><temp name="T484"/><temp name="T206"/><temp name="T490"/><temp name="T463"/><temp name="T8"/><temp name="T453"/><temp name="T496"/><temp name="T457"/><temp name="T469"/><temp name="T441"/><temp name="T479"/><temp name="T447"/></temps></instruction><instruction code="SETL  T485, 122"><temps name="use"/><temps name="def"><temp name="T485"/></temps><temps name="in"><temp name="T473"/><temp name="T484"/><temp name="T206"/><temp name="T490"/><temp name="T463"/><temp name="T8"/><temp name="T453"/><temp name="T496"/><temp name="T457"/><temp name="T469"/><temp name="T441"/><temp name="T479"/><temp name="T447"/></temps><temps name="out"><temp name="T473"/><temp name="T484"/><temp name="T206"/><temp name="T490"/><temp name="T463"/><temp name="T8"/><temp name="T453"/><temp name="T496"/><temp name="T457"/><temp name="T469"/><temp name="T441"/><temp name="T479"/><temp name="T447"/></temps></instruction><instruction code="INCML T485, 0"><temps name="use"/><temps name="def"><temp name="T485"/></temps><temps name="in"><temp name="T473"/><temp name="T484"/><temp name="T206"/><temp name="T490"/><temp name="T463"/><temp name="T8"/><temp name="T453"/><temp name="T496"/><temp name="T457"/><temp name="T469"/><temp name="T441"/><temp name="T479"/><temp name="T447"/></temps><temps name="out"><temp name="T473"/><temp name="T484"/><temp name="T206"/><temp name="T490"/><temp name="T463"/><temp name="T8"/><temp name="T453"/><temp name="T496"/><temp name="T457"/><temp name="T469"/><temp name="T441"/><temp name="T479"/><temp name="T447"/></temps></instruction><instruction code="INCMH T485, 0"><temps name="use"/><temps name="def"><temp name="T485"/></temps><temps name="in"><temp name="T473"/><temp name="T484"/><temp name="T206"/><temp name="T490"/><temp name="T463"/><temp name="T8"/><temp name="T453"/><temp name="T496"/><temp name="T457"/><temp name="T469"/><temp name="T441"/><temp name="T479"/><temp name="T447"/></temps><temps name="out"><temp name="T473"/><temp name="T484"/><temp name="T206"/><temp name="T490"/><temp name="T463"/><temp name="T8"/><temp name="T453"/><temp name="T496"/><temp name="T457"/><temp name="T469"/><temp name="T441"/><temp name="T479"/><temp name="T447"/></temps></instruction><instruction code="INCH  T485, 0"><temps name="use"/><temps name="def"><temp name="T485"/></temps><temps name="in"><temp name="T473"/><temp name="T484"/><temp name="T206"/><temp name="T490"/><temp name="T463"/><temp name="T8"/><temp name="T453"/><temp name="T496"/><temp name="T457"/><temp name="T469"/><temp name="T441"/><temp name="T479"/><temp name="T447"/></temps><temps name="out"><temp name="T473"/><temp name="T484"/><temp name="T206"/><temp name="T490"/><temp name="T463"/><temp name="T8"/><temp name="T453"/><temp name="T496"/><temp name="T457"/><temp name="T469"/><temp name="T441"/><temp name="T485"/><temp name="T479"/><temp name="T447"/></temps></instruction><instruction code="OR T207, T485, 0"><temps name="use"><temp name="T485"/></temps><temps name="def"><temp name="T207"/></temps><temps name="in"><temp name="T473"/><temp name="T484"/><temp name="T206"/><temp name="T490"/><temp name="T463"/><temp name="T8"/><temp name="T453"/><temp name="T496"/><temp name="T457"/><temp name="T469"/><temp name="T441"/><temp name="T485"/><temp name="T479"/><temp name="T447"/></temps><temps name="out"><temp name="T473"/><temp name="T484"/><temp name="T206"/><temp name="T490"/><temp name="T463"/><temp name="T8"/><temp name="T453"/><temp name="T496"/><temp name="T457"/><temp name="T469"/><temp name="T207"/><temp name="T441"/><temp name="T479"/><temp name="T447"/></temps></instruction><instruction code="CMP T486, T206, T207"><temps name="use"><temp name="T206"/><temp name="T207"/></temps><temps name="def"><temp name="T486"/></temps><temps name="in"><temp name="T473"/><temp name="T484"/><temp name="T206"/><temp name="T490"/><temp name="T463"/><temp name="T8"/><temp name="T453"/><temp name="T496"/><temp name="T457"/><temp name="T469"/><temp name="T207"/><temp name="T441"/><temp name="T479"/><temp name="T447"/></temps><temps name="out"><temp name="T473"/><temp name="T484"/><temp name="T486"/><temp name="T490"/><temp name="T463"/><temp name="T8"/><temp name="T453"/><temp name="T496"/><temp name="T457"/><temp name="T469"/><temp name="T441"/><temp name="T479"/><temp name="T447"/></temps></instruction><instruction code="ZSNP T486, T486, 1"><temps name="use"><temp name="T486"/></temps><temps name="def"><temp name="T486"/></temps><temps name="in"><temp name="T473"/><temp name="T484"/><temp name="T486"/><temp name="T490"/><temp name="T463"/><temp name="T8"/><temp name="T453"/><temp name="T496"/><temp name="T457"/><temp name="T469"/><temp name="T441"/><temp name="T479"/><temp name="T447"/></temps><temps name="out"><temp name="T473"/><temp name="T484"/><temp name="T486"/><temp name="T490"/><temp name="T463"/><temp name="T8"/><temp name="T453"/><temp name="T496"/><temp name="T457"/><temp name="T469"/><temp name="T441"/><temp name="T479"/><temp name="T447"/></temps></instruction><instruction code="OR T208, T486, 0"><temps name="use"><temp name="T486"/></temps><temps name="def"><temp name="T208"/></temps><temps name="in"><temp name="T473"/><temp name="T484"/><temp name="T486"/><temp name="T490"/><temp name="T463"/><temp name="T8"/><temp name="T453"/><temp name="T496"/><temp name="T457"/><temp name="T469"/><temp name="T441"/><temp name="T479"/><temp name="T447"/></temps><temps name="out"><temp name="T473"/><temp name="T484"/><temp name="T490"/><temp name="T463"/><temp name="T8"/><temp name="T453"/><temp name="T496"/><temp name="T457"/><temp name="T208"/><temp name="T469"/><temp name="T441"/><temp name="T479"/><temp name="T447"/></temps></instruction><instruction code="BNZ T208, L9"><temps name="use"><temp name="T208"/></temps><temps name="def"/><temps name="in"><temp name="T473"/><temp name="T484"/><temp name="T490"/><temp name="T463"/><temp name="T8"/><temp name="T453"/><temp name="T496"/><temp name="T457"/><temp name="T208"/><temp name="T469"/><temp name="T441"/><temp name="T479"/><temp name="T447"/></temps><temps name="out"><temp name="T473"/><temp name="T484"/><temp name="T490"/><temp name="T463"/><temp name="T8"/><temp name="T453"/><temp name="T496"/><temp name="T457"/><temp name="T469"/><temp name="T441"/><temp name="T479"/><temp name="T447"/></temps></instruction><instruction code="L35"><temps name="use"/><temps name="def"/><temps name="in"><temp name="T473"/><temp name="T484"/><temp name="T490"/><temp name="T463"/><temp name="T8"/><temp name="T453"/><temp name="T496"/><temp name="T457"/><temp name="T469"/><temp name="T441"/><temp name="T479"/><temp name="T447"/></temps><temps name="out"><temp name="T473"/><temp name="T484"/><temp name="T490"/><temp name="T463"/><temp name="T8"/><temp name="T453"/><temp name="T496"/><temp name="T457"/><temp name="T469"/><temp name="T441"/><temp name="T479"/><temp name="T447"/></temps></instruction><instruction code="LDA T487, L10"><temps name="use"/><temps name="def"><temp name="T487"/></temps><temps name="in"><temp name="T473"/><temp name="T484"/><temp name="T490"/><temp name="T463"/><temp name="T8"/><temp name="T453"/><temp name="T496"/><temp name="T457"/><temp name="T469"/><temp name="T441"/><temp name="T479"/><temp name="T447"/></temps><temps name="out"><temp name="T473"/><temp name="T484"/><temp name="T490"/><temp name="T463"/><temp name="T8"/><temp name="T453"/><temp name="T496"/><temp name="T457"/><temp name="T469"/><temp name="T441"/><temp name="T479"/><temp name="T487"/><temp name="T447"/></temps></instruction><instruction code="GO T487, T487, 0"><temps name="use"><temp name="T487"/></temps><temps name="def"><temp name="T487"/></temps><temps name="in"><temp name="T473"/><temp name="T484"/><temp name="T490"/><temp name="T463"/><temp name="T8"/><temp name="T453"/><temp name="T496"/><temp name="T457"/><temp name="T469"/><temp name="T441"/><temp name="T479"/><temp name="T487"/><temp name="T447"/></temps><temps name="out"><temp name="T473"/><temp name="T484"/><temp name="T490"/><temp name="T463"/><temp name="T8"/><temp name="T453"/><temp name="T496"/><temp name="T457"/><temp name="T469"/><temp name="T441"/><temp name="T479"/><temp name="T447"/></temps></instruction><instruction code="L9"><temps name="use"/><temps name="def"/><temps name="in"><temp name="T473"/><temp name="T484"/><temp name="T490"/><temp name="T463"/><temp name="T8"/><temp name="T453"/><temp name="T496"/><temp name="T457"/><temp name="T469"/><temp name="T441"/><temp name="T479"/><temp name="T447"/></temps><temps name="out"><temp name="T473"/><temp name="T484"/><temp name="T490"/><temp name="T463"/><temp name="T8"/><temp name="T453"/><temp name="T496"/><temp name="T457"/><temp name="T469"/><temp name="T441"/><temp name="T479"/><temp name="T447"/></temps></instruction><instruction code="OR T209, T8, 0"><temps name="use"><temp name="T8"/></temps><temps name="def"><temp name="T209"/></temps><temps name="in"><temp name="T473"/><temp name="T484"/><temp name="T490"/><temp name="T463"/><temp name="T8"/><temp name="T453"/><temp name="T496"/><temp name="T457"/><temp name="T469"/><temp name="T441"/><temp name="T479"/><temp name="T447"/></temps><temps name="out"><temp name="T473"/><temp name="T484"/><temp name="T209"/><temp name="T490"/><temp name="T463"/><temp name="T8"/><temp name="T453"/><temp name="T496"/><temp name="T457"/><temp name="T469"/><temp name="T441"/><temp name="T479"/><temp name="T447"/></temps></instruction><instruction code="SETL  T488, 128"><temps name="use"/><temps name="def"><temp name="T488"/></temps><temps name="in"><temp name="T473"/><temp name="T484"/><temp name="T209"/><temp name="T490"/><temp name="T463"/><temp name="T8"/><temp name="T453"/><temp name="T496"/><temp name="T457"/><temp name="T469"/><temp name="T441"/><temp name="T479"/><temp name="T447"/></temps><temps name="out"><temp name="T473"/><temp name="T484"/><temp name="T209"/><temp name="T490"/><temp name="T463"/><temp name="T8"/><temp name="T453"/><temp name="T496"/><temp name="T457"/><temp name="T469"/><temp name="T441"/><temp name="T479"/><temp name="T447"/></temps></instruction><instruction code="INCML T488, 0"><temps name="use"/><temps name="def"><temp name="T488"/></temps><temps name="in"><temp name="T473"/><temp name="T484"/><temp name="T209"/><temp name="T490"/><temp name="T463"/><temp name="T8"/><temp name="T453"/><temp name="T496"/><temp name="T457"/><temp name="T469"/><temp name="T441"/><temp name="T479"/><temp name="T447"/></temps><temps name="out"><temp name="T473"/><temp name="T484"/><temp name="T209"/><temp name="T490"/><temp name="T463"/><temp name="T8"/><temp name="T453"/><temp name="T496"/><temp name="T457"/><temp name="T469"/><temp name="T441"/><temp name="T479"/><temp name="T447"/></temps></instruction><instruction code="INCMH T488, 0"><temps name="use"/><temps name="def"><temp name="T488"/></temps><temps name="in"><temp name="T473"/><temp name="T484"/><temp name="T209"/><temp name="T490"/><temp name="T463"/><temp name="T8"/><temp name="T453"/><temp name="T496"/><temp name="T457"/><temp name="T469"/><temp name="T441"/><temp name="T479"/><temp name="T447"/></temps><temps name="out"><temp name="T473"/><temp name="T484"/><temp name="T209"/><temp name="T490"/><temp name="T463"/><temp name="T8"/><temp name="T453"/><temp name="T496"/><temp name="T457"/><temp name="T469"/><temp name="T441"/><temp name="T479"/><temp name="T447"/></temps></instruction><instruction code="INCH  T488, 0"><temps name="use"/><temps name="def"><temp name="T488"/></temps><temps name="in"><temp name="T473"/><temp name="T484"/><temp name="T209"/><temp name="T490"/><temp name="T463"/><temp name="T8"/><temp name="T453"/><temp name="T496"/><temp name="T457"/><temp name="T469"/><temp name="T441"/><temp name="T479"/><temp name="T447"/></temps><temps name="out"><temp name="T473"/><temp name="T484"/><temp name="T209"/><temp name="T490"/><temp name="T463"/><temp name="T488"/><temp name="T8"/><temp name="T453"/><temp name="T496"/><temp name="T457"/><temp name="T469"/><temp name="T441"/><temp name="T479"/><temp name="T447"/></temps></instruction><instruction code="NEG T488, 0, T488"><temps name="use"><temp name="T488"/></temps><temps name="def"><temp name="T488"/></temps><temps name="in"><temp name="T473"/><temp name="T484"/><temp name="T209"/><temp name="T490"/><temp name="T463"/><temp name="T488"/><temp name="T8"/><temp name="T453"/><temp name="T496"/><temp name="T457"/><temp name="T469"/><temp name="T441"/><temp name="T479"/><temp name="T447"/></temps><temps name="out"><temp name="T473"/><temp name="T484"/><temp name="T209"/><temp name="T490"/><temp name="T463"/><temp name="T488"/><temp name="T8"/><temp name="T453"/><temp name="T496"/><temp name="T457"/><temp name="T469"/><temp name="T441"/><temp name="T479"/><temp name="T447"/></temps></instruction><instruction code="OR T210, T488, 0"><temps name="use"><temp name="T488"/></temps><temps name="def"><temp name="T210"/></temps><temps name="in"><temp name="T473"/><temp name="T484"/><temp name="T209"/><temp name="T490"/><temp name="T463"/><temp name="T488"/><temp name="T8"/><temp name="T453"/><temp name="T496"/><temp name="T457"/><temp name="T469"/><temp name="T441"/><temp name="T479"/><temp name="T447"/></temps><temps name="out"><temp name="T473"/><temp name="T484"/><temp name="T209"/><temp name="T490"/><temp name="T210"/><temp name="T463"/><temp name="T8"/><temp name="T453"/><temp name="T496"/><temp name="T457"/><temp name="T469"/><temp name="T441"/><temp name="T479"/><temp name="T447"/></temps></instruction><instruction code="ADD T489, T209, T210"><temps name="use"><temp name="T209"/><temp name="T210"/></temps><temps name="def"><temp name="T489"/></temps><temps name="in"><temp name="T473"/><temp name="T484"/><temp name="T209"/><temp name="T490"/><temp name="T210"/><temp name="T463"/><temp name="T8"/><temp name="T453"/><temp name="T496"/><temp name="T457"/><temp name="T469"/><temp name="T441"/><temp name="T479"/><temp name="T447"/></temps><temps name="out"><temp name="T473"/><temp name="T484"/><temp name="T489"/><temp name="T490"/><temp name="T463"/><temp name="T8"/><temp name="T453"/><temp name="T496"/><temp name="T457"/><temp name="T469"/><temp name="T441"/><temp name="T479"/><temp name="T447"/></temps></instruction><instruction code="OR T211, T489, 0"><temps name="use"><temp name="T489"/></temps><temps name="def"><temp name="T211"/></temps><temps name="in"><temp name="T473"/><temp name="T484"/><temp name="T489"/><temp name="T490"/><temp name="T463"/><temp name="T8"/><temp name="T453"/><temp name="T496"/><temp name="T457"/><temp name="T469"/><temp name="T441"/><temp name="T479"/><temp name="T447"/></temps><temps name="out"><temp name="T473"/><temp name="T484"/><temp name="T490"/><temp name="T463"/><temp name="T8"/><temp name="T453"/><temp name="T496"/><temp name="T457"/><temp name="T469"/><temp name="T441"/><temp name="T479"/><temp name="T447"/></temps></instruction><instruction code="LDO T491, T490, 0"><temps name="use"><temp name="T490"/></temps><temps name="def"><temp name="T491"/></temps><temps name="in"><temp name="T473"/><temp name="T484"/><temp name="T490"/><temp name="T463"/><temp name="T8"/><temp name="T453"/><temp name="T496"/><temp name="T457"/><temp name="T469"/><temp name="T441"/><temp name="T479"/><temp name="T447"/></temps><temps name="out"><temp name="T473"/><temp name="T484"/><temp name="T490"/><temp name="T463"/><temp name="T8"/><temp name="T453"/><temp name="T491"/><temp name="T496"/><temp name="T457"/><temp name="T469"/><temp name="T441"/><temp name="T479"/><temp name="T447"/></temps></instruction><instruction code="OR T212, T491, 0"><temps name="use"><temp name="T491"/></temps><temps name="def"><temp name="T212"/></temps><temps name="in"><temp name="T473"/><temp name="T484"/><temp name="T490"/><temp name="T463"/><temp name="T8"/><temp name="T453"/><temp name="T491"/><temp name="T496"/><temp name="T457"/><temp name="T469"/><temp name="T441"/><temp name="T479"/><temp name="T447"/></temps><temps name="out"><temp name="T473"/><temp name="T484"/><temp name="T490"/><temp name="T463"/><temp name="T8"/><temp name="T453"/><temp name="T496"/><temp name="T457"/><temp name="T469"/><temp name="T441"/><temp name="T212"/><temp name="T479"/><temp name="T447"/></temps></instruction><instruction code="SETL  T492, 3"><temps name="use"/><temps name="def"><temp name="T492"/></temps><temps name="in"><temp name="T473"/><temp name="T484"/><temp name="T490"/><temp name="T463"/><temp name="T8"/><temp name="T453"/><temp name="T496"/><temp name="T457"/><temp name="T469"/><temp name="T441"/><temp name="T212"/><temp name="T479"/><temp name="T447"/></temps><temps name="out"><temp name="T473"/><temp name="T484"/><temp name="T490"/><temp name="T463"/><temp name="T8"/><temp name="T453"/><temp name="T496"/><temp name="T457"/><temp name="T469"/><temp name="T441"/><temp name="T212"/><temp name="T479"/><temp name="T447"/></temps></instruction><instruction code="INCML T492, 0"><temps name="use"/><temps name="def"><temp name="T492"/></temps><temps name="in"><temp name="T473"/><temp name="T484"/><temp name="T490"/><temp name="T463"/><temp name="T8"/><temp name="T453"/><temp name="T496"/><temp name="T457"/><temp name="T469"/><temp name="T441"/><temp name="T212"/><temp name="T479"/><temp name="T447"/></temps><temps name="out"><temp name="T473"/><temp name="T484"/><temp name="T490"/><temp name="T463"/><temp name="T8"/><temp name="T453"/><temp name="T496"/><temp name="T457"/><temp name="T469"/><temp name="T441"/><temp name="T212"/><temp name="T479"/><temp name="T447"/></temps></instruction><instruction code="INCMH T492, 0"><temps name="use"/><temps name="def"><temp name="T492"/></temps><temps name="in"><temp name="T473"/><temp name="T484"/><temp name="T490"/><temp name="T463"/><temp name="T8"/><temp name="T453"/><temp name="T496"/><temp name="T457"/><temp name="T469"/><temp name="T441"/><temp name="T212"/><temp name="T479"/><temp name="T447"/></temps><temps name="out"><temp name="T473"/><temp name="T484"/><temp name="T490"/><temp name="T463"/><temp name="T8"/><temp name="T453"/><temp name="T496"/><temp name="T457"/><temp name="T469"/><temp name="T441"/><temp name="T212"/><temp name="T479"/><temp name="T447"/></temps></instruction><instruction code="INCH  T492, 0"><temps name="use"/><temps name="def"><temp name="T492"/></temps><temps name="in"><temp name="T473"/><temp name="T484"/><temp name="T490"/><temp name="T463"/><temp name="T8"/><temp name="T453"/><temp name="T496"/><temp name="T457"/><temp name="T469"/><temp name="T441"/><temp name="T212"/><temp name="T479"/><temp name="T447"/></temps><temps name="out"><temp name="T473"/><temp name="T484"/><temp name="T490"/><temp name="T463"/><temp name="T8"/><temp name="T453"/><temp name="T496"/><temp name="T457"/><temp name="T469"/><temp name="T492"/><temp name="T441"/><temp name="T212"/><temp name="T479"/><temp name="T447"/></temps></instruction><instruction code="OR T213, T492, 0"><temps name="use"><temp name="T492"/></temps><temps name="def"><temp name="T213"/></temps><temps name="in"><temp name="T473"/><temp name="T484"/><temp name="T490"/><temp name="T463"/><temp name="T8"/><temp name="T453"/><temp name="T496"/><temp name="T457"/><temp name="T469"/><temp name="T492"/><temp name="T441"/><temp name="T212"/><temp name="T479"/><temp name="T447"/></temps><temps name="out"><temp name="T473"/><temp name="T484"/><temp name="T213"/><temp name="T490"/><temp name="T463"/><temp name="T8"/><temp name="T453"/><temp name="T496"/><temp name="T457"/><temp name="T469"/><temp name="T441"/><temp name="T212"/><temp name="T479"/><temp name="T447"/></temps></instruction><instruction code="SUB T493, T212, T213"><temps name="use"><temp name="T212"/><temp name="T213"/></temps><temps name="def"><temp name="T493"/></temps><temps name="in"><temp name="T473"/><temp name="T484"/><temp name="T213"/><temp name="T490"/><temp name="T463"/><temp name="T8"/><temp name="T453"/><temp name="T496"/><temp name="T457"/><temp name="T469"/><temp name="T441"/><temp name="T212"/><temp name="T479"/><temp name="T447"/></temps><temps name="out"><temp name="T473"/><temp name="T484"/><temp name="T490"/><temp name="T463"/><temp name="T493"/><temp name="T8"/><temp name="T453"/><temp name="T496"/><temp name="T457"/><temp name="T469"/><temp name="T441"/><temp name="T479"/><temp name="T447"/></temps></instruction><instruction code="OR T214, T493, 0"><temps name="use"><temp name="T493"/></temps><temps name="def"><temp name="T214"/></temps><temps name="in"><temp name="T473"/><temp name="T484"/><temp name="T490"/><temp name="T463"/><temp name="T493"/><temp name="T8"/><temp name="T453"/><temp name="T496"/><temp name="T457"/><temp name="T469"/><temp name="T441"/><temp name="T479"/><temp name="T447"/></temps><temps name="out"><temp name="T473"/><temp name="T484"/><temp name="T490"/><temp name="T463"/><temp name="T8"/><temp name="T453"/><temp name="T214"/><temp name="T496"/><temp name="T457"/><temp name="T469"/><temp name="T441"/><temp name="T479"/><temp name="T447"/></temps></instruction><instruction code="LDO T497, T496, 0"><temps name="use"><temp name="T496"/></temps><temps name="def"><temp name="T497"/></temps><temps name="in"><temp name="T473"/><temp name="T484"/><temp name="T490"/><temp name="T463"/><temp name="T8"/><temp name="T453"/><temp name="T214"/><temp name="T496"/><temp name="T457"/><temp name="T469"/><temp name="T441"/><temp name="T479"/><temp name="T447"/></temps><temps name="out"><temp name="T473"/><temp name="T484"/><temp name="T490"/><temp name="T463"/><temp name="T8"/><temp name="T453"/><temp name="T214"/><temp name="T457"/><temp name="T496"/><temp name="T469"/><temp name="T497"/><temp name="T441"/><temp name="T479"/><temp name="T447"/></temps></instruction><instruction code="STO T497, T214, 0"><temps name="use"><temp name="T497"/><temp name="T214"/></temps><temps name="def"/><temps name="in"><temp name="T473"/><temp name="T484"/><temp name="T490"/><temp name="T463"/><temp name="T8"/><temp name="T453"/><temp name="T214"/><temp name="T457"/><temp name="T496"/><temp name="T469"/><temp name="T497"/><temp name="T441"/><temp name="T479"/><temp name="T447"/></temps><temps name="out"><temp name="T473"/><temp name="T484"/><temp name="T490"/><temp name="T463"/><temp name="T8"/><temp name="T453"/><temp name="T457"/><temp name="T496"/><temp name="T469"/><temp name="T441"/><temp name="T479"/><temp name="T447"/></temps></instruction><instruction code="L10"><temps name="use"/><temps name="def"/><temps name="in"><temp name="T473"/><temp name="T484"/><temp name="T490"/><temp name="T463"/><temp name="T8"/><temp name="T453"/><temp name="T457"/><temp name="T496"/><temp name="T469"/><temp name="T441"/><temp name="T479"/><temp name="T447"/></temps><temps name="out"><temp name="T473"/><temp name="T484"/><temp name="T490"/><temp name="T463"/><temp name="T8"/><temp name="T453"/><temp name="T457"/><temp name="T496"/><temp name="T469"/><temp name="T441"/><temp name="T479"/><temp name="T447"/></temps></instruction><instruction code="L13"><temps name="use"/><temps name="def"/><temps name="in"><temp name="T473"/><temp name="T484"/><temp name="T490"/><temp name="T463"/><temp name="T8"/><temp name="T453"/><temp name="T457"/><temp name="T496"/><temp name="T469"/><temp name="T441"/><temp name="T479"/><temp name="T447"/></temps><temps name="out"><temp name="T473"/><temp name="T484"/><temp name="T490"/><temp name="T463"/><temp name="T8"/><temp name="T453"/><temp name="T457"/><temp name="T496"/><temp name="T469"/><temp name="T441"/><temp name="T479"/><temp name="T447"/></temps></instruction><instruction code="LDA T498, L14"><temps name="use"/><temps name="def"><temp name="T498"/></temps><temps name="in"><temp name="T473"/><temp name="T484"/><temp name="T490"/><temp name="T463"/><temp name="T8"/><temp name="T453"/><temp name="T457"/><temp name="T496"/><temp name="T469"/><temp name="T441"/><temp name="T479"/><temp name="T447"/></temps><temps name="out"><temp name="T473"/><temp name="T484"/><temp name="T490"/><temp name="T463"/><temp name="T8"/><temp name="T453"/><temp name="T457"/><temp name="T496"/><temp name="T469"/><temp name="T441"/><temp name="T479"/><temp name="T498"/><temp name="T447"/></temps></instruction><instruction code="GO T498, T498, 0"><temps name="use"><temp name="T498"/></temps><temps name="def"><temp name="T498"/></temps><temps name="in"><temp name="T473"/><temp name="T484"/><temp name="T490"/><temp name="T463"/><temp name="T8"/><temp name="T453"/><temp name="T457"/><temp name="T496"/><temp name="T469"/><temp name="T441"/><temp name="T479"/><temp name="T498"/><temp name="T447"/></temps><temps name="out"><temp name="T473"/><temp name="T484"/><temp name="T490"/><temp name="T463"/><temp name="T8"/><temp name="T453"/><temp name="T457"/><temp name="T496"/><temp name="T469"/><temp name="T441"/><temp name="T479"/><temp name="T447"/></temps></instruction><instruction code="L16"><temps name="use"/><temps name="def"/><temps name="in"/><temps name="out"/></instruction><instruction code="SETL  T499, 0"><temps name="use"/><temps name="def"><temp name="T499"/></temps><temps name="in"/><temps name="out"/></instruction><instruction code="INCML T499, 0"><temps name="use"/><temps name="def"><temp name="T499"/></temps><temps name="in"/><temps name="out"/></instruction><instruction code="INCMH T499, 0"><temps name="use"/><temps name="def"><temp name="T499"/></temps><temps name="in"/><temps name="out"/></instruction><instruction code="INCH  T499, 0"><temps name="use"/><temps name="def"><temp name="T499"/></temps><temps name="in"/><temps name="out"><temp name="T499"/></temps></instruction><instruction code="OR T215, T499, 0"><temps name="use"><temp name="T499"/></temps><temps name="def"><temp name="T215"/></temps><temps name="in"><temp name="T499"/></temps><temps name="out"><temp name="T215"/></temps></instruction><instruction code="OR T9, T215, 0"><temps name="use"><temp name="T215"/></temps><temps name="def"><temp name="T9"/></temps><temps name="in"><temp name="T215"/></temps><temps name="out"/></instruction><instruction code="LDA T500, L37"><temps name="use"/><temps name="def"><temp name="T500"/></temps><temps name="in"/><temps name="out"><temp name="T500"/></temps></instruction><instruction code="GO T500, T500, 0"><temps name="use"><temp name="T500"/></temps><temps name="def"><temp name="T500"/></temps><temps name="in"><temp name="T500"/></temps><temps name="out"/></instruction></instructions></code></livean>