<?xml version="1.0" encoding="UTF-8" standalone="no"?><?xml-stylesheet type="text/xsl" href="../../data/synan.xsl"?><synan><nont label="Source"><nont label="Declarations"><nont label="Declaration"><term lexeme="var" token="VAR"><location loc="1.1--1.3"/></term><term lexeme="i" token="IDENTIFIER"><location loc="1.5--1.5"/></term><term lexeme=":" token="COLON"><location loc="1.6--1.6"/></term><nont label="Type"><term lexeme="int" token="INT"><location loc="1.7--1.9"/></term><location loc="1.7--1.9"/></nont><term lexeme=";" token="SEMIC"><location loc="1.10--1.10"/></term><location loc="1.1--1.10"/></nont><nont label="DeclarationsP"><nont label="Declaration"><term lexeme="fun" token="FUN"><location loc="2.1--2.3"/></term><term lexeme="main" token="IDENTIFIER"><location loc="2.5--2.8"/></term><term lexeme="(" token="LPARENTHESIS"><location loc="2.9--2.9"/></term><nont label="ParametersOpt"><nont label="Parameters"><term lexeme="n" token="IDENTIFIER"><location loc="2.10--2.10"/></term><term lexeme=":" token="COLON"><location loc="2.11--2.11"/></term><nont label="Type"><term lexeme="int" token="INT"><location loc="2.12--2.14"/></term><location loc="2.12--2.14"/></nont><nont label="ParametersP"/><location loc="2.10--2.14"/></nont><location loc="2.10--2.14"/></nont><term lexeme=")" token="RPARENTHESIS"><location loc="2.15--2.15"/></term><term lexeme=":" token="COLON"><location loc="2.16--2.16"/></term><nont label="Type"><term lexeme="int" token="INT"><location loc="2.17--2.19"/></term><location loc="2.17--2.19"/></nont><nont label="FunctionBodyOpt"><term lexeme="=" token="ASSIGN"><location loc="2.20--2.20"/></term><nont label="Expression"><nont label="ORXORExpression"><nont label="ANDExpression"><nont label="RelationalExpression"><nont label="ADDSUBExpression"><nont label="MULDIVExpression"><nont label="PrefixExpression"><nont label="PostfixExpression"><nont label="AtomicExpression"><term lexeme="main" token="IDENTIFIER"><location loc="2.21--2.24"/></term><nont label="ArgumentsOpt"><term lexeme="(" token="LPARENTHESIS"><location loc="2.25--2.25"/></term><nont label="ArgumentsOptP"><nont label="Arguments"><nont label="Expression"><nont label="ORXORExpression"><nont label="ANDExpression"><nont label="RelationalExpression"><nont label="ADDSUBExpression"><nont label="MULDIVExpression"><nont label="PrefixExpression"><nont label="PostfixExpression"><nont label="AtomicExpression"><term lexeme="i" token="IDENTIFIER"><location loc="2.26--2.26"/></term><nont label="ArgumentsOpt"/><location loc="2.26--2.26"/></nont><nont label="PostfixExpressionP"/><location loc="2.26--2.26"/></nont><location loc="2.26--2.26"/></nont><nont label="MULDIVExpressionP"/><location loc="2.26--2.26"/></nont><nont label="ADDSUBExpressionP"><term lexeme="+" token="ADD"><location loc="2.27--2.27"/></term><nont label="MULDIVExpression"><nont label="PrefixExpression"><nont label="PostfixExpression"><nont label="AtomicExpression"><term lexeme="2" token="INTCONST"><location loc="2.28--2.28"/></term><location loc="2.28--2.28"/></nont><nont label="PostfixExpressionP"/><location loc="2.28--2.28"/></nont><location loc="2.28--2.28"/></nont><nont label="MULDIVExpressionP"><term lexeme="*" token="MUL"><location loc="2.29--2.29"/></term><nont label="PrefixExpression"><nont label="PostfixExpression"><nont label="AtomicExpression"><term lexeme="n" token="IDENTIFIER"><location loc="2.30--2.30"/></term><nont label="ArgumentsOpt"/><location loc="2.30--2.30"/></nont><nont label="PostfixExpressionP"/><location loc="2.30--2.30"/></nont><location loc="2.30--2.30"/></nont><nont label="MULDIVExpressionP"/><location loc="2.29--2.30"/></nont><location loc="2.28--2.30"/></nont><nont label="ADDSUBExpressionP"/><location loc="2.27--2.30"/></nont><location loc="2.26--2.30"/></nont><nont label="RelationalExpressionP"/><location loc="2.26--2.30"/></nont><nont label="ANDExpressionP"/><location loc="2.26--2.30"/></nont><nont label="ORXORExpressionP"/><location loc="2.26--2.30"/></nont><location loc="2.26--2.30"/></nont><nont label="ArgumentsP"/><location loc="2.26--2.30"/></nont><term lexeme=")" token="RPARENTHESIS"><location loc="2.31--2.31"/></term><location loc="2.26--2.31"/></nont><location loc="2.25--2.31"/></nont><location loc="2.21--2.31"/></nont><nont label="PostfixExpressionP"/><location loc="2.21--2.31"/></nont><location loc="2.21--2.31"/></nont><nont label="MULDIVExpressionP"/><location loc="2.21--2.31"/></nont><nont label="ADDSUBExpressionP"><term lexeme="+" token="ADD"><location loc="2.32--2.32"/></term><nont label="MULDIVExpression"><nont label="PrefixExpression"><nont label="PostfixExpression"><nont label="AtomicExpression"><term lexeme="{" token="LBRACE"><location loc="2.33--2.33"/></term><nont label="Statements"><nont label="Statement"><nont label="Expression"><nont label="ORXORExpression"><nont label="ANDExpression"><nont label="RelationalExpression"><nont label="ADDSUBExpression"><nont label="MULDIVExpression"><nont label="PrefixExpression"><nont label="PostfixExpression"><nont label="AtomicExpression"><term lexeme="none" token="VOIDCONST"><location loc="2.34--2.37"/></term><location loc="2.34--2.37"/></nont><nont label="PostfixExpressionP"/><location loc="2.34--2.37"/></nont><location loc="2.34--2.37"/></nont><nont label="MULDIVExpressionP"/><location loc="2.34--2.37"/></nont><nont label="ADDSUBExpressionP"/><location loc="2.34--2.37"/></nont><nont label="RelationalExpressionP"/><location loc="2.34--2.37"/></nont><nont label="ANDExpressionP"/><location loc="2.34--2.37"/></nont><nont label="ORXORExpressionP"/><location loc="2.34--2.37"/></nont><location loc="2.34--2.37"/></nont><nont label="StatementP"/><location loc="2.34--2.37"/></nont><term lexeme=";" token="SEMIC"><location loc="2.38--2.38"/></term><nont label="StatementsP"/><location loc="2.34--2.38"/></nont><term lexeme=":" token="COLON"><location loc="2.39--2.39"/></term><nont label="Expression"><nont label="ORXORExpression"><nont label="ANDExpression"><nont label="RelationalExpression"><nont label="ADDSUBExpression"><nont label="MULDIVExpression"><nont label="PrefixExpression"><nont label="PostfixExpression"><nont label="AtomicExpression"><term lexeme="i" token="IDENTIFIER"><location loc="2.40--2.40"/></term><nont label="ArgumentsOpt"/><location loc="2.40--2.40"/></nont><nont label="PostfixExpressionP"/><location loc="2.40--2.40"/></nont><location loc="2.40--2.40"/></nont><nont label="MULDIVExpressionP"/><location loc="2.40--2.40"/></nont><nont label="ADDSUBExpressionP"/><location loc="2.40--2.40"/></nont><nont label="RelationalExpressionP"/><location loc="2.40--2.40"/></nont><nont label="ANDExpressionP"/><location loc="2.40--2.40"/></nont><nont label="ORXORExpressionP"/><location loc="2.40--2.40"/></nont><location loc="2.40--2.40"/></nont><nont label="WhereOpt"><term lexeme="where" token="WHERE"><location loc="2.42--2.46"/></term><nont label="Declarations"><nont label="Declaration"><term lexeme="var" token="VAR"><location loc="2.48--2.50"/></term><term lexeme="i" token="IDENTIFIER"><location loc="2.52--2.52"/></term><term lexeme=":" token="COLON"><location loc="2.53--2.53"/></term><nont label="Type"><term lexeme="int" token="INT"><location loc="2.54--2.56"/></term><location loc="2.54--2.56"/></nont><term lexeme=";" token="SEMIC"><location loc="2.57--2.57"/></term><location loc="2.48--2.57"/></nont><nont label="DeclarationsP"/><location loc="2.48--2.57"/></nont><location loc="2.42--2.57"/></nont><term lexeme="}" token="RBRACE"><location loc="2.58--2.58"/></term><location loc="2.33--2.58"/></nont><nont label="PostfixExpressionP"/><location loc="2.33--2.58"/></nont><location loc="2.33--2.58"/></nont><nont label="MULDIVExpressionP"/><location loc="2.33--2.58"/></nont><nont label="ADDSUBExpressionP"/><location loc="2.32--2.58"/></nont><location loc="2.21--2.58"/></nont><nont label="RelationalExpressionP"/><location loc="2.21--2.58"/></nont><nont label="ANDExpressionP"/><location loc="2.21--2.58"/></nont><nont label="ORXORExpressionP"/><location loc="2.21--2.58"/></nont><location loc="2.21--2.58"/></nont><location loc="2.20--2.58"/></nont><term lexeme=";" token="SEMIC"><location loc="2.59--2.59"/></term><location loc="2.1--2.59"/></nont><nont label="DeclarationsP"/><location loc="2.1--2.59"/></nont><location loc="1.1--2.59"/></nont><location loc="1.1--2.59"/></nont></synan>