<?xml version="1.0" encoding="UTF-8" standalone="no"?><?xml-stylesheet type="text/xsl" href="../../data/synan.xsl"?><synan><nont label="Source"><nont label="Declarations"><nont label="Declaration"><term lexeme="fun" token="FUN"><location loc="1.1--1.3"/></term><term lexeme="f" token="IDENTIFIER"><location loc="1.5--1.5"/></term><term lexeme="(" token="LPARENTHESIS"><location loc="1.6--1.6"/></term><nont label="ParametersOpt"><nont label="Parameters"><term lexeme="x" token="IDENTIFIER"><location loc="1.7--1.7"/></term><term lexeme=":" token="COLON"><location loc="1.9--1.9"/></term><nont label="Type"><term lexeme="int" token="INT"><location loc="1.11--1.13"/></term><location loc="1.11--1.13"/></nont><nont label="ParametersP"><term lexeme="," token="COMMA"><location loc="1.14--1.14"/></term><term lexeme="y" token="IDENTIFIER"><location loc="1.16--1.16"/></term><term lexeme=":" token="COLON"><location loc="1.18--1.18"/></term><nont label="Type"><term lexeme="char" token="CHAR"><location loc="1.20--1.23"/></term><location loc="1.20--1.23"/></nont><nont label="ParametersP"/><location loc="1.14--1.23"/></nont><location loc="1.7--1.23"/></nont><location loc="1.7--1.23"/></nont><term lexeme=")" token="RPARENTHESIS"><location loc="1.24--1.24"/></term><term lexeme=":" token="COLON"><location loc="1.26--1.26"/></term><nont label="Type"><term lexeme="bool" token="BOOL"><location loc="1.28--1.31"/></term><location loc="1.28--1.31"/></nont><nont label="FunctionBodyOpt"><term lexeme="=" token="ASSIGN"><location loc="1.34--1.34"/></term><nont label="Expression"><nont label="ORXORExpression"><nont label="ANDExpression"><nont label="RelationalExpression"><nont label="ADDSUBExpression"><nont label="MULDIVExpression"><nont label="PrefixExpression"><nont label="PostfixExpression"><nont label="AtomicExpression"><term lexeme="{" token="LBRACE"><location loc="1.35--1.35"/></term><nont label="Statements"><nont label="Statement"><nont label="Expression"><nont label="ORXORExpression"><nont label="ANDExpression"><nont label="RelationalExpression"><nont label="ADDSUBExpression"><nont label="MULDIVExpression"><nont label="PrefixExpression"><nont label="PostfixExpression"><nont label="AtomicExpression"><term lexeme="a" token="IDENTIFIER"><location loc="1.36--1.36"/></term><nont label="ArgumentsOpt"/><location loc="1.36--1.36"/></nont><nont label="PostfixExpressionP"/><location loc="1.36--1.36"/></nont><location loc="1.36--1.36"/></nont><nont label="MULDIVExpressionP"/><location loc="1.36--1.36"/></nont><nont label="ADDSUBExpressionP"/><location loc="1.36--1.36"/></nont><nont label="RelationalExpressionP"/><location loc="1.36--1.36"/></nont><nont label="ANDExpressionP"/><location loc="1.36--1.36"/></nont><nont label="ORXORExpressionP"/><location loc="1.36--1.36"/></nont><location loc="1.36--1.36"/></nont><nont label="StatementP"><term lexeme="=" token="ASSIGN"><location loc="1.39--1.39"/></term><nont label="Expression"><nont label="ORXORExpression"><nont label="ANDExpression"><nont label="RelationalExpression"><nont label="ADDSUBExpression"><nont label="MULDIVExpression"><nont label="PrefixExpression"><nont label="PostfixExpression"><nont label="AtomicExpression"><term lexeme="b" token="IDENTIFIER"><location loc="1.40--1.40"/></term><nont label="ArgumentsOpt"/><location loc="1.40--1.40"/></nont><nont label="PostfixExpressionP"/><location loc="1.40--1.40"/></nont><location loc="1.40--1.40"/></nont><nont label="MULDIVExpressionP"/><location loc="1.40--1.40"/></nont><nont label="ADDSUBExpressionP"/><location loc="1.40--1.40"/></nont><nont label="RelationalExpressionP"/><location loc="1.40--1.40"/></nont><nont label="ANDExpressionP"/><location loc="1.40--1.40"/></nont><nont label="ORXORExpressionP"/><location loc="1.40--1.40"/></nont><location loc="1.40--1.40"/></nont><location loc="1.39--1.40"/></nont><location loc="1.36--1.40"/></nont><term lexeme=";" token="SEMIC"><location loc="1.41--1.41"/></term><nont label="StatementsP"><nont label="Statement"><term lexeme="if" token="IF"><location loc="1.43--1.44"/></term><nont label="Expression"><nont label="ORXORExpression"><nont label="ANDExpression"><nont label="RelationalExpression"><nont label="ADDSUBExpression"><nont label="MULDIVExpression"><nont label="PrefixExpression"><nont label="PostfixExpression"><nont label="AtomicExpression"><term lexeme="{" token="LBRACE"><location loc="1.46--1.46"/></term><nont label="Statements"><nont label="Statement"><nont label="Expression"><nont label="ORXORExpression"><nont label="ANDExpression"><nont label="RelationalExpression"><nont label="ADDSUBExpression"><nont label="MULDIVExpression"><nont label="PrefixExpression"><nont label="PostfixExpression"><nont label="AtomicExpression"><term lexeme="1" token="INTCONST"><location loc="1.47--1.47"/></term><location loc="1.47--1.47"/></nont><nont label="PostfixExpressionP"/><location loc="1.47--1.47"/></nont><location loc="1.47--1.47"/></nont><nont label="MULDIVExpressionP"/><location loc="1.47--1.47"/></nont><nont label="ADDSUBExpressionP"/><location loc="1.47--1.47"/></nont><nont label="RelationalExpressionP"><term lexeme="&gt;" token="GTH"><location loc="1.50--1.50"/></term><nont label="ADDSUBExpression"><nont label="MULDIVExpression"><nont label="PrefixExpression"><nont label="PostfixExpression"><nont label="AtomicExpression"><term lexeme="3" token="INTCONST"><location loc="1.51--1.51"/></term><location loc="1.51--1.51"/></nont><nont label="PostfixExpressionP"/><location loc="1.51--1.51"/></nont><location loc="1.51--1.51"/></nont><nont label="MULDIVExpressionP"/><location loc="1.51--1.51"/></nont><nont label="ADDSUBExpressionP"/><location loc="1.51--1.51"/></nont><location loc="1.50--1.51"/></nont><location loc="1.47--1.51"/></nont><nont label="ANDExpressionP"/><location loc="1.47--1.51"/></nont><nont label="ORXORExpressionP"/><location loc="1.47--1.51"/></nont><location loc="1.47--1.51"/></nont><nont label="StatementP"/><location loc="1.47--1.51"/></nont><term lexeme=";" token="SEMIC"><location loc="1.52--1.52"/></term><nont label="StatementsP"><nont label="Statement"><nont label="Expression"><nont label="ORXORExpression"><nont label="ANDExpression"><nont label="RelationalExpression"><nont label="ADDSUBExpression"><nont label="MULDIVExpression"><nont label="PrefixExpression"><nont label="PostfixExpression"><nont label="AtomicExpression"><term lexeme="false" token="BOOLCONST"><location loc="1.54--1.58"/></term><location loc="1.54--1.58"/></nont><nont label="PostfixExpressionP"/><location loc="1.54--1.58"/></nont><location loc="1.54--1.58"/></nont><nont label="MULDIVExpressionP"/><location loc="1.54--1.58"/></nont><nont label="ADDSUBExpressionP"/><location loc="1.54--1.58"/></nont><nont label="RelationalExpressionP"/><location loc="1.54--1.58"/></nont><nont label="ANDExpressionP"/><location loc="1.54--1.58"/></nont><nont label="ORXORExpressionP"/><location loc="1.54--1.58"/></nont><location loc="1.54--1.58"/></nont><nont label="StatementP"><term lexeme="=" token="ASSIGN"><location loc="1.61--1.61"/></term><nont label="Expression"><nont label="ORXORExpression"><nont label="ANDExpression"><nont label="RelationalExpression"><nont label="ADDSUBExpression"><nont label="MULDIVExpression"><nont label="PrefixExpression"><nont label="PostfixExpression"><nont label="AtomicExpression"><term lexeme="true" token="BOOLCONST"><location loc="1.62--1.65"/></term><location loc="1.62--1.65"/></nont><nont label="PostfixExpressionP"/><location loc="1.62--1.65"/></nont><location loc="1.62--1.65"/></nont><nont label="MULDIVExpressionP"/><location loc="1.62--1.65"/></nont><nont label="ADDSUBExpressionP"/><location loc="1.62--1.65"/></nont><nont label="RelationalExpressionP"/><location loc="1.62--1.65"/></nont><nont label="ANDExpressionP"/><location loc="1.62--1.65"/></nont><nont label="ORXORExpressionP"/><location loc="1.62--1.65"/></nont><location loc="1.62--1.65"/></nont><location loc="1.61--1.65"/></nont><location loc="1.54--1.65"/></nont><term lexeme=";" token="SEMIC"><location loc="1.66--1.66"/></term><nont label="StatementsP"><nont label="Statement"><nont label="Expression"><nont label="ORXORExpression"><nont label="ANDExpression"><nont label="RelationalExpression"><nont label="ADDSUBExpression"><nont label="MULDIVExpression"><nont label="PrefixExpression"><nont label="PostfixExpression"><nont label="AtomicExpression"><term lexeme="id" token="IDENTIFIER"><location loc="1.68--1.69"/></term><nont label="ArgumentsOpt"/><location loc="1.68--1.69"/></nont><nont label="PostfixExpressionP"/><location loc="1.68--1.69"/></nont><location loc="1.68--1.69"/></nont><nont label="MULDIVExpressionP"/><location loc="1.68--1.69"/></nont><nont label="ADDSUBExpressionP"/><location loc="1.68--1.69"/></nont><nont label="RelationalExpressionP"/><location loc="1.68--1.69"/></nont><nont label="ANDExpressionP"/><location loc="1.68--1.69"/></nont><nont label="ORXORExpressionP"/><location loc="1.68--1.69"/></nont><location loc="1.68--1.69"/></nont><nont label="StatementP"/><location loc="1.68--1.69"/></nont><term lexeme=";" token="SEMIC"><location loc="1.70--1.70"/></term><nont label="StatementsP"/><location loc="1.68--1.70"/></nont><location loc="1.54--1.70"/></nont><location loc="1.47--1.70"/></nont><term lexeme=":" token="COLON"><location loc="1.72--1.72"/></term><nont label="Expression"><nont label="ORXORExpression"><nont label="ANDExpression"><nont label="RelationalExpression"><nont label="ADDSUBExpression"><nont label="MULDIVExpression"><nont label="PrefixExpression"><nont label="PostfixExpression"><nont label="AtomicExpression"><term lexeme="3" token="INTCONST"><location loc="1.74--1.74"/></term><location loc="1.74--1.74"/></nont><nont label="PostfixExpressionP"/><location loc="1.74--1.74"/></nont><location loc="1.74--1.74"/></nont><nont label="MULDIVExpressionP"/><location loc="1.74--1.74"/></nont><nont label="ADDSUBExpressionP"/><location loc="1.74--1.74"/></nont><nont label="RelationalExpressionP"><term lexeme="&gt;" token="GTH"><location loc="1.77--1.77"/></term><nont label="ADDSUBExpression"><nont label="MULDIVExpression"><nont label="PrefixExpression"><nont label="PostfixExpression"><nont label="AtomicExpression"><term lexeme="1" token="INTCONST"><location loc="1.78--1.78"/></term><location loc="1.78--1.78"/></nont><nont label="PostfixExpressionP"/><location loc="1.78--1.78"/></nont><location loc="1.78--1.78"/></nont><nont label="MULDIVExpressionP"/><location loc="1.78--1.78"/></nont><nont label="ADDSUBExpressionP"/><location loc="1.78--1.78"/></nont><location loc="1.77--1.78"/></nont><location loc="1.74--1.78"/></nont><nont label="ANDExpressionP"/><location loc="1.74--1.78"/></nont><nont label="ORXORExpressionP"/><location loc="1.74--1.78"/></nont><location loc="1.74--1.78"/></nont><nont label="WhereOpt"/><term lexeme="}" token="RBRACE"><location loc="1.79--1.79"/></term><location loc="1.46--1.79"/></nont><nont label="PostfixExpressionP"/><location loc="1.46--1.79"/></nont><location loc="1.46--1.79"/></nont><nont label="MULDIVExpressionP"/><location loc="1.46--1.79"/></nont><nont label="ADDSUBExpressionP"/><location loc="1.46--1.79"/></nont><nont label="RelationalExpressionP"/><location loc="1.46--1.79"/></nont><nont label="ANDExpressionP"/><location loc="1.46--1.79"/></nont><nont label="ORXORExpressionP"/><location loc="1.46--1.79"/></nont><location loc="1.46--1.79"/></nont><term lexeme="then" token="THEN"><location loc="1.81--1.84"/></term><nont label="Statements"><nont label="Statement"><nont label="Expression"><nont label="ORXORExpression"><nont label="ANDExpression"><nont label="RelationalExpression"><nont label="ADDSUBExpression"><nont label="MULDIVExpression"><nont label="PrefixExpression"><nont label="PostfixExpression"><nont label="AtomicExpression"><term lexeme="d" token="IDENTIFIER"><location loc="1.86--1.86"/></term><nont label="ArgumentsOpt"/><location loc="1.86--1.86"/></nont><nont label="PostfixExpressionP"/><location loc="1.86--1.86"/></nont><location loc="1.86--1.86"/></nont><nont label="MULDIVExpressionP"/><location loc="1.86--1.86"/></nont><nont label="ADDSUBExpressionP"/><location loc="1.86--1.86"/></nont><nont label="RelationalExpressionP"/><location loc="1.86--1.86"/></nont><nont label="ANDExpressionP"/><location loc="1.86--1.86"/></nont><nont label="ORXORExpressionP"/><location loc="1.86--1.86"/></nont><location loc="1.86--1.86"/></nont><nont label="StatementP"/><location loc="1.86--1.86"/></nont><term lexeme=";" token="SEMIC"><location loc="1.87--1.87"/></term><nont label="StatementsP"/><location loc="1.86--1.87"/></nont><nont label="ElseOpt"/><term lexeme="end" token="END"><location loc="1.89--1.91"/></term><location loc="1.43--1.91"/></nont><term lexeme=";" token="SEMIC"><location loc="1.92--1.92"/></term><nont label="StatementsP"/><location loc="1.43--1.92"/></nont><location loc="1.36--1.92"/></nont><term lexeme=":" token="COLON"><location loc="1.94--1.94"/></term><nont label="Expression"><nont label="ORXORExpression"><nont label="ANDExpression"><nont label="RelationalExpression"><nont label="ADDSUBExpression"><nont label="MULDIVExpression"><nont label="PrefixExpression"><nont label="PostfixExpression"><nont label="AtomicExpression"><term lexeme="c" token="IDENTIFIER"><location loc="1.96--1.96"/></term><nont label="ArgumentsOpt"/><location loc="1.96--1.96"/></nont><nont label="PostfixExpressionP"/><location loc="1.96--1.96"/></nont><location loc="1.96--1.96"/></nont><nont label="MULDIVExpressionP"/><location loc="1.96--1.96"/></nont><nont label="ADDSUBExpressionP"/><location loc="1.96--1.96"/></nont><nont label="RelationalExpressionP"/><location loc="1.96--1.96"/></nont><nont label="ANDExpressionP"/><location loc="1.96--1.96"/></nont><nont label="ORXORExpressionP"/><location loc="1.96--1.96"/></nont><location loc="1.96--1.96"/></nont><nont label="WhereOpt"/><term lexeme="}" token="RBRACE"><location loc="1.97--1.97"/></term><location loc="1.35--1.97"/></nont><nont label="PostfixExpressionP"/><location loc="1.35--1.97"/></nont><location loc="1.35--1.97"/></nont><nont label="MULDIVExpressionP"/><location loc="1.35--1.97"/></nont><nont label="ADDSUBExpressionP"/><location loc="1.35--1.97"/></nont><nont label="RelationalExpressionP"/><location loc="1.35--1.97"/></nont><nont label="ANDExpressionP"/><location loc="1.35--1.97"/></nont><nont label="ORXORExpressionP"/><location loc="1.35--1.97"/></nont><location loc="1.35--1.97"/></nont><location loc="1.34--1.97"/></nont><term lexeme=";" token="SEMIC"><location loc="1.98--1.98"/></term><location loc="1.1--1.98"/></nont><nont label="DeclarationsP"/><location loc="1.1--1.98"/></nont><location loc="1.1--1.98"/></nont></synan>